BEGIN;
BEGIN
explain (analyze, buffers)
select
	l_shipmode,
	sum(case
		when o_orderpriority = '1-URGENT'
			or o_orderpriority = '2-HIGH'
			then 1
		else 0
	end) as high_line_count,
	sum(case
		when o_orderpriority <> '1-URGENT'
			and o_orderpriority <> '2-HIGH'
			then 1
		else 0
	end) as low_line_count
from
	orders,
	lineitem
where
	o_orderkey = l_orderkey
	and l_shipmode in ('SHIP', 'TRUCK')
	and l_commitdate < l_receiptdate
	and l_shipdate < l_commitdate
	and l_receiptdate >= date '1993-01-01'
	and l_receiptdate < date '1993-01-01' + interval '1 year'
group by
	l_shipmode
order by
	l_shipmode;
                                                                                                                                  QUERY PLAN                                                                                                                                   
-------------------------------------------------------------------------------------------------------------------------------------------------------------------------------------------------------------------------------------------------------------------------------
 Finalize GroupAggregate  (cost=2223750.12..2226171.18 rows=7 width=27) (actual time=26582.225..26964.378 rows=2 loops=1)
   Group Key: lineitem.l_shipmode
   Buffers: shared hit=1121 read=1427626, temp read=84392 written=86315
   ->  Gather Merge  (cost=2223750.12..2226171.00 rows=14 width=27) (actual time=26516.713..26964.355 rows=6 loops=1)
         Workers Planned: 2
         Workers Launched: 2
         Buffers: shared hit=1121 read=1427626, temp read=84392 written=86315
         ->  Partial GroupAggregate  (cost=2222750.09..2225169.36 rows=7 width=27) (actual time=26480.985..26539.267 rows=2 loops=3)
               Group Key: lineitem.l_shipmode
               Buffers: shared hit=1121 read=1427626, temp read=84392 written=86315
               ->  Sort  (cost=2222750.09..2223052.49 rows=120960 width=27) (actual time=26401.232..26442.835 rows=104262 loops=3)
                     Sort Key: lineitem.l_shipmode
                     Sort Method: external merge  Disk: 3544kB
                     Buffers: shared hit=1121 read=1427626, temp read=84392 written=86315
                     Worker 0:  Sort Method: external merge  Disk: 4008kB
                     Worker 1:  Sort Method: external merge  Disk: 3816kB
                     ->  Parallel Hash Join  (cost=447060.44..2209644.04 rows=120960 width=27) (actual time=24900.750..26314.861 rows=104262 loops=3)
                           Hash Cond: (lineitem.l_orderkey = orders.o_orderkey)
                           Buffers: shared hit=1008 read=1427625, temp read=82971 written=84888
                           ->  Parallel Seq Scan on lineitem  (cost=0.00..1724084.09 rows=120960 width=19) (actual time=0.242..17325.548 rows=104262 loops=3)
                                 Filter: ((l_shipmode = ANY ('{SHIP,TRUCK}'::bpchar[])) AND (l_commitdate < l_receiptdate) AND (l_shipdate < l_commitdate) AND (l_receiptdate >= '1993-01-01'::date) AND (l_receiptdate < '1994-01-01 00:00:00'::timestamp without time zone))
                                 Rows Removed by Filter: 19890998
                                 Buffers: shared hit=977 read=1158503
                           ->  Parallel Hash  (cost=331866.75..331866.75 rows=6274375 width=24) (actual time=7222.970..7222.971 rows=5000000 loops=3)
                                 Buckets: 65536  Batches: 256  Memory Usage: 3776kB
                                 Buffers: shared hit=1 read=269122, temp written=81816
                                 ->  Parallel Seq Scan on orders  (cost=0.00..331866.75 rows=6274375 width=24) (actual time=0.037..3193.748 rows=5000000 loops=3)
                                       Buffers: shared hit=1 read=269122
 Planning:
   Buffers: shared hit=405 read=40
 Planning Time: 3.383 ms
 Execution Time: 26965.801 ms
(32 rows)

COMMIT;
COMMIT
