BEGIN;
BEGIN
explain (analyze, buffers)
select
	ps_partkey,
	sum(ps_supplycost * ps_availqty) as value
from
	partsupp,
	supplier,
	nation
where
	ps_suppkey = s_suppkey
	and s_nationkey = n_nationkey
	and n_name = 'CANADA'
group by
	ps_partkey having
		sum(ps_supplycost * ps_availqty) > (
			select
				sum(ps_supplycost * ps_availqty) * 0.0000100000
			from
				partsupp,
				supplier,
				nation
			where
				ps_suppkey = s_suppkey
				and s_nationkey = n_nationkey
				and n_name = 'CANADA'
		)
order by
	value desc;
                                                                                                      QUERY PLAN                                                                                                      
----------------------------------------------------------------------------------------------------------------------------------------------------------------------------------------------------------------------
 Sort  (cost=101894.47..102160.25 rows=106314 width=36) (actual time=1982.135..1982.885 rows=8690 loops=1)
   Sort Key: (sum((partsupp.ps_supplycost * (partsupp.ps_availqty)::numeric))) DESC
   Sort Method: quicksort  Memory: 792kB
   Buffers: shared hit=133583 read=539447 written=2, temp read=1800 written=3503
   InitPlan 1 (returns $2)
     ->  Finalize Aggregate  (cost=20505.11..20505.12 rows=1 width=32) (actual time=468.439..468.520 rows=1 loops=1)
           Buffers: shared hit=66944 read=269592
           ->  Gather  (cost=20504.89..20505.10 rows=2 width=32) (actual time=451.892..468.498 rows=3 loops=1)
                 Workers Planned: 2
                 Workers Launched: 2
                 Buffers: shared hit=66944 read=269592
                 ->  Partial Aggregate  (cost=19504.89..19504.90 rows=1 width=32) (actual time=444.220..444.222 rows=1 loops=3)
                       Buffers: shared hit=66944 read=269592
                       ->  Nested Loop  (cost=2.05..18508.20 rows=132892 width=10) (actual time=0.739..406.496 rows=108107 loops=3)
                             Buffers: shared hit=66944 read=269592
                             ->  Merge Join  (cost=1.61..2035.13 rows=1667 width=4) (actual time=0.703..1.709 rows=1351 loops=3)
                                   Merge Cond: (supplier_1.s_nationkey = nation_1.n_nationkey)
                                   Buffers: shared hit=13 read=44
                                   ->  Parallel Index Only Scan using supplier_s_nationkey_s_suppkey_idx on supplier supplier_1  (cost=0.29..1912.96 rows=41667 width=8) (actual time=0.042..0.987 rows=5331 loops=3)
                                         Heap Fetches: 0
                                         Buffers: shared hit=3 read=43
                                   ->  Sort  (cost=1.32..1.33 rows=1 width=4) (actual time=0.041..0.043 rows=1 loops=3)
                                         Sort Key: nation_1.n_nationkey
                                         Sort Method: quicksort  Memory: 25kB
                                         Buffers: shared hit=10 read=1
                                         Worker 0:  Sort Method: quicksort  Memory: 25kB
                                         Worker 1:  Sort Method: quicksort  Memory: 25kB
                                         ->  Seq Scan on nation nation_1  (cost=0.00..1.31 rows=1 width=4) (actual time=0.010..0.013 rows=1 loops=3)
                                               Filter: (n_name = 'CANADA'::bpchar)
                                               Rows Removed by Filter: 24
                                               Buffers: shared hit=3
                             ->  Index Scan using partsupp_ps_suppkey_idx on partsupp partsupp_1  (cost=0.43..9.08 rows=80 width=14) (actual time=0.009..0.286 rows=80 loops=4054)
                                   Index Cond: (ps_suppkey = supplier_1.s_suppkey)
                                   Buffers: shared hit=66931 read=269548
   ->  HashAggregate  (cost=61705.93..69604.70 rows=106314 width=36) (actual time=1669.535..1978.570 rows=8690 loops=1)
         Group Key: partsupp.ps_partkey
         Filter: (sum((partsupp.ps_supplycost * (partsupp.ps_availqty)::numeric)) > $2)
         Planned Partitions: 32  Batches: 161  Memory Usage: 4281kB  Disk Usage: 14232kB
         Rows Removed by Filter: 296557
         Buffers: shared hit=133580 read=539447 written=2, temp read=1800 written=3503
         ->  Nested Loop  (cost=0.72..39679.07 rows=318941 width=14) (actual time=0.080..997.704 rows=324320 loops=1)
               Buffers: shared hit=66636 read=269855 written=2
               ->  Nested Loop  (cost=0.29..151.60 rows=4000 width=4) (actual time=0.059..2.304 rows=4054 loops=1)
                     Buffers: shared hit=1 read=13
                     ->  Seq Scan on nation  (cost=0.00..1.31 rows=1 width=4) (actual time=0.018..0.024 rows=1 loops=1)
                           Filter: (n_name = 'CANADA'::bpchar)
                           Rows Removed by Filter: 24
                           Buffers: shared read=1
                     ->  Index Only Scan using supplier_s_nationkey_s_suppkey_idx on supplier  (cost=0.29..110.29 rows=4000 width=8) (actual time=0.038..1.396 rows=4054 loops=1)
                           Index Cond: (s_nationkey = nation.n_nationkey)
                           Heap Fetches: 0
                           Buffers: shared hit=1 read=12
               ->  Index Scan using partsupp_ps_suppkey_idx on partsupp  (cost=0.43..9.08 rows=80 width=18) (actual time=0.008..0.234 rows=80 loops=4054)
                     Index Cond: (ps_suppkey = supplier.s_suppkey)
                     Buffers: shared hit=66635 read=269842 written=2
 Planning:
   Buffers: shared hit=232 read=44 dirtied=2
 Planning Time: 1.916 ms
 Execution Time: 1986.262 ms
(59 rows)

COMMIT;
COMMIT
