BEGIN;
BEGIN
explain (analyze, buffers)
select
	s_name,
	count(*) as numwait
from
	supplier,
	lineitem l1,
	orders,
	nation
where
	s_suppkey = l1.l_suppkey
	and o_orderkey = l1.l_orderkey
	and o_orderstatus = 'F'
	and l1.l_receiptdate > l1.l_commitdate
	and exists (
		select
			*
		from
			lineitem l2
		where
			l2.l_orderkey = l1.l_orderkey
			and l2.l_suppkey <> l1.l_suppkey
	)
	and not exists (
		select
			*
		from
			lineitem l3
		where
			l3.l_orderkey = l1.l_orderkey
			and l3.l_suppkey <> l1.l_suppkey
			and l3.l_receiptdate > l3.l_commitdate
	)
	and s_nationkey = n_nationkey
	and n_name = 'CHINA'
group by
	s_name
order by
	numwait desc,
	s_name
LIMIT 100;
                                                                                                               QUERY PLAN                                                                                                                
-----------------------------------------------------------------------------------------------------------------------------------------------------------------------------------------------------------------------------------------
 Limit  (cost=813672.41..813672.42 rows=1 width=34) (actual time=6252.701..6253.032 rows=100 loops=1)
   Buffers: shared hit=6723927 read=345895
   ->  Sort  (cost=813672.41..813672.42 rows=1 width=34) (actual time=6252.698..6253.019 rows=100 loops=1)
         Sort Key: (count(*)) DESC, supplier.s_name
         Sort Method: top-N heapsort  Memory: 38kB
         Buffers: shared hit=6723927 read=345895
         ->  GroupAggregate  (cost=813672.38..813672.40 rows=1 width=34) (actual time=6236.438..6251.889 rows=3988 loops=1)
               Group Key: supplier.s_name
               Buffers: shared hit=6723921 read=345895
               ->  Sort  (cost=813672.38..813672.39 rows=1 width=26) (actual time=6236.424..6242.270 rows=39978 loops=1)
                     Sort Key: supplier.s_name
                     Sort Method: quicksort  Memory: 4069kB
                     Buffers: shared hit=6723921 read=345895
                     ->  Nested Loop  (cost=4018.69..813672.37 rows=1 width=26) (actual time=13.910..6186.793 rows=39978 loops=1)
                           Buffers: shared hit=6723921 read=345895
                           ->  Nested Loop Semi Join  (cost=4018.26..813665.03 rows=1 width=42) (actual time=13.868..5486.467 rows=81162 loops=1)
                                 Buffers: shared hit=6502403 read=242765
                                 ->  Gather  (cost=4017.69..813657.48 rows=1 width=38) (actual time=13.834..4503.740 rows=135147 loops=1)
                                       Workers Planned: 2
                                       Workers Launched: 2
                                       Buffers: shared hit=6067855 read=135724
                                       ->  Nested Loop Anti Join  (cost=3017.69..812657.38 rows=1 width=38) (actual time=11.225..5609.328 rows=45049 loops=3)
                                             Buffers: shared hit=6067855 read=135724
                                             ->  Parallel Hash Join  (cost=3017.13..565750.99 rows=321857 width=38) (actual time=11.109..4132.326 rows=504797 loops=3)
                                                   Hash Cond: (l1.l_suppkey = supplier.s_suppkey)
                                                   Buffers: shared hit=5895 read=135123
                                                   ->  Parallel Index Only Scan using lineitem_l_orderkey_l_suppkey_idx on lineitem l1  (cost=0.56..529567.81 rows=8339545 width=12) (actual time=0.086..2128.013 rows=12655705 loops=3)
                                                         Heap Fetches: 37917
                                                         Buffers: shared hit=5801 read=132903
                                                   ->  Parallel Hash  (cost=2987.15..2987.15 rows=2353 width=30) (actual time=10.857..10.859 rows=1329 loops=3)
                                                         Buckets: 4096  Batches: 1  Memory Usage: 352kB
                                                         Buffers: shared hit=2 read=2218
                                                         ->  Hash Join  (cost=1.32..2987.15 rows=2353 width=30) (actual time=0.053..10.456 rows=1329 loops=3)
                                                               Hash Cond: (supplier.s_nationkey = nation.n_nationkey)
                                                               Buffers: shared hit=2 read=2218
                                                               ->  Parallel Seq Scan on supplier  (cost=0.00..2805.24 rows=58824 width=34) (actual time=0.014..6.881 rows=33333 loops=3)
                                                                     Buffers: shared read=2217
                                                               ->  Hash  (cost=1.31..1.31 rows=1 width=4) (actual time=0.024..0.025 rows=1 loops=3)
                                                                     Buckets: 1024  Batches: 1  Memory Usage: 9kB
                                                                     Buffers: shared hit=2 read=1
                                                                     ->  Seq Scan on nation  (cost=0.00..1.31 rows=1 width=4) (actual time=0.016..0.019 rows=1 loops=3)
                                                                           Filter: (n_name = 'CHINA'::bpchar)
                                                                           Rows Removed by Filter: 24
                                                                           Buffers: shared hit=2 read=1
                                             ->  Index Only Scan using lineitem_l_orderkey_l_suppkey_idx on lineitem l3  (cost=0.56..5.19 rows=50 width=12) (actual time=0.003..0.003 rows=1 loops=1514391)
                                                   Index Cond: (l_orderkey = l1.l_orderkey)
                                                   Filter: (l_suppkey <> l1.l_suppkey)
                                                   Rows Removed by Filter: 0
                                                   Heap Fetches: 1861
                                                   Buffers: shared hit=6061960 read=601
                                 ->  Index Only Scan using lineitem_l_orderkey_l_suppkey_l_quantity_idx on lineitem l2  (cost=0.56..7.53 rows=149 width=12) (actual time=0.007..0.007 rows=1 loops=135147)
                                       Index Cond: (l_orderkey = l1.l_orderkey)
                                       Filter: (l_suppkey <> l1.l_suppkey)
                                       Rows Removed by Filter: 1
                                       Heap Fetches: 181
                                       Buffers: shared hit=434548 read=107041
                           ->  Index Scan using pk_orders on orders  (cost=0.43..7.34 rows=1 width=8) (actual time=0.008..0.008 rows=0 loops=81162)
                                 Index Cond: (o_orderkey = l1.l_orderkey)
                                 Filter: (o_orderstatus = 'F'::bpchar)
                                 Rows Removed by Filter: 1
                                 Buffers: shared hit=221518 read=103130
 Planning:
   Buffers: shared hit=545 read=70 dirtied=4
 Planning Time: 4.461 ms
 Execution Time: 6253.708 ms
(65 rows)

COMMIT;
COMMIT
