LOAD 'auto_explain'; SET auto_explain.log_min_duration TO 0; SET auto_explain.log_analyze TO on; SET auto_explain.log_level TO notice; INSERT INTO time_statistics (template, s_time, stream, query, seed) VALUES ('query1.tpl', TRANSACTION_TIMESTAMP(), 0, 1, 1008547734);
LOAD
SET
SET
SET
psql:/tmp/s1-basline/power/query_0.sql:1: NOTICE:  duration: 0.059 ms  plan:
Query Text: INSERT INTO time_statistics (template, s_time, stream, query, seed) VALUES ('query1.tpl', TRANSACTION_TIMESTAMP(), 0, 1, 1008547734);
Insert on time_statistics  (cost=0.00..0.01 rows=0 width=0) (actual time=0.059..0.059 rows=0 loops=1)
  ->  Result  (cost=0.00..0.01 rows=1 width=64) (actual time=0.004..0.005 rows=1 loops=1)
INSERT 0 1
with customer_total_return as
(select sr_customer_sk as ctr_customer_sk
,sr_store_sk as ctr_store_sk
,sum(SR_RETURN_AMT) as ctr_total_return
from store_returns
,date_dim
where sr_returned_date_sk = d_date_sk
and d_year =2000
group by sr_customer_sk
,sr_store_sk)
 select  c_customer_id
from customer_total_return ctr1
,store
,customer
where ctr1.ctr_total_return > (select avg(ctr_total_return)*1.2
from customer_total_return ctr2
where ctr1.ctr_store_sk = ctr2.ctr_store_sk)
and s_store_sk = ctr1.ctr_store_sk
and s_state = 'TN'
and ctr1.ctr_customer_sk = c_customer_sk
order by c_customer_id
limit 100;
psql:/tmp/s1-basline/power/query_0.sql:23: NOTICE:  duration: 210838.157 ms  plan:
Query Text: with customer_total_return as
(select sr_customer_sk as ctr_customer_sk
,sr_store_sk as ctr_store_sk
,sum(SR_RETURN_AMT) as ctr_total_return
from store_returns
,date_dim
where sr_returned_date_sk = d_date_sk
and d_year =2000
group by sr_customer_sk
,sr_store_sk)
 select  c_customer_id
from customer_total_return ctr1
,store
,customer
where ctr1.ctr_total_return > (select avg(ctr_total_return)*1.2
from customer_total_return ctr2
where ctr1.ctr_store_sk = ctr2.ctr_store_sk)
and s_store_sk = ctr1.ctr_store_sk
and s_state = 'TN'
and ctr1.ctr_customer_sk = c_customer_sk
order by c_customer_id
limit 100;
Limit  (cost=54250.76..54250.83 rows=28 width=17) (actual time=210838.114..210838.128 rows=100 loops=1)
  CTE customer_total_return
    ->  GroupAggregate  (cost=11346.97..11374.51 rows=1377 width=24) (actual time=100.888..119.649 rows=50035 loops=1)
          Group Key: store_returns.sr_customer_sk, store_returns.sr_store_sk
          ->  Sort  (cost=11346.97..11350.42 rows=1377 width=24) (actual time=100.880..103.892 rows=55459 loops=1)
                Sort Key: store_returns.sr_customer_sk, store_returns.sr_store_sk
                Sort Method: quicksort  Memory: 4980kB
                ->  Nested Loop  (cost=0.42..11275.18 rows=1377 width=24) (actual time=7.350..84.260 rows=55459 loops=1)
                      ->  Seq Scan on date_dim  (cost=0.00..2318.11 rows=363 width=8) (actual time=7.315..12.994 rows=366 loops=1)
                            Filter: (d_year = 2000)
                            Rows Removed by Filter: 72683
                      ->  Index Scan using i_sr_returned_date_sk on store_returns  (cost=0.42..23.28 rows=140 width=32) (actual time=0.003..0.175 rows=152 loops=366)
                            Index Cond: (sr_returned_date_sk = date_dim.d_date_sk)
  ->  Sort  (cost=42876.24..42876.31 rows=28 width=17) (actual time=210838.113..210838.118 rows=100 loops=1)
        Sort Key: customer.c_customer_id
        Sort Method: top-N heapsort  Memory: 38kB
        ->  Nested Loop  (cost=0.29..42875.57 rows=28 width=17) (actual time=137.735..210829.433 rows=12875 loops=1)
              ->  Nested Loop  (cost=0.00..42822.13 rows=28 width=8) (actual time=137.711..210791.405 rows=12881 loops=1)
                    Join Filter: (ctr1.ctr_store_sk = store.s_store_sk)
                    Rows Removed by Join Filter: 55832
                    ->  CTE Scan on customer_total_return ctr1  (cost=0.00..42738.64 rows=459 width=16) (actual time=137.680..210781.547 rows=12881 loops=1)
                          Filter: (ctr_total_return > (SubPlan 2))
                          Rows Removed by Filter: 37154
                          SubPlan 2
                            ->  Aggregate  (cost=31.00..31.02 rows=1 width=8) (actual time=4.210..4.210 rows=1 loops=50035)
                                  ->  CTE Scan on customer_total_return ctr2  (cost=0.00..30.98 rows=7 width=8) (actual time=0.031..3.602 rows=8182 loops=50035)
                                        Filter: (ctr1.ctr_store_sk = ctr_store_sk)
                                        Rows Removed by Filter: 41853
                    ->  Materialize  (cost=0.00..1.21 rows=12 width=8) (actual time=0.000..0.000 rows=5 loops=12881)
                          ->  Seq Scan on store  (cost=0.00..1.15 rows=12 width=8) (actual time=0.028..0.031 rows=10 loops=1)
                                Filter: (s_state = 'TN'::bpchar)
              ->  Index Scan using pk_customer on customer  (cost=0.29..1.91 rows=1 width=25) (actual time=0.002..0.002 rows=1 loops=12881)
                    Index Cond: (c_customer_sk = ctr1.ctr_customer_sk)
  c_customer_id   
------------------
 AAAAAAAAAAABAAAA
 AAAAAAAAAAACAAAA
 AAAAAAAAAAACBAAA
 AAAAAAAAAABFAAAA
 AAAAAAAAAABGBAAA
 AAAAAAAAAACEAAAA
 AAAAAAAAAACFAAAA
 AAAAAAAAAADEAAAA
 AAAAAAAAAADLAAAA
 AAAAAAAAAADLAAAA
 AAAAAAAAAAEAAAAA
 AAAAAAAAAAEHBAAA
 AAAAAAAAAAEHBAAA
 AAAAAAAAAAFBBAAA
 AAAAAAAAAAFEAAAA
 AAAAAAAAAAFJAAAA
 AAAAAAAAAAGCAAAA
 AAAAAAAAAAGKAAAA
 AAAAAAAAAAGMAAAA
 AAAAAAAAAAHABAAA
 AAAAAAAAAAHCBAAA
 AAAAAAAAAAHCBAAA
 AAAAAAAAAAHEBAAA
 AAAAAAAAAAHEBAAA
 AAAAAAAAAAHGAAAA
 AAAAAAAAAAIGAAAA
 AAAAAAAAAAIIAAAA
 AAAAAAAAAAJJAAAA
 AAAAAAAAAAKAAAAA
 AAAAAAAAAAKABAAA
 AAAAAAAAAAKFBAAA
 AAAAAAAAAALBAAAA
 AAAAAAAAAALOAAAA
 AAAAAAAAAAMDBAAA
 AAAAAAAAAAMGAAAA
 AAAAAAAAAAMJAAAA
 AAAAAAAAAAMPAAAA
 AAAAAAAAAANABAAA
 AAAAAAAAAANLAAAA
 AAAAAAAAAAOBBAAA
 AAAAAAAAAAOGBAAA
 AAAAAAAAAAOGBAAA
 AAAAAAAAAAOKAAAA
 AAAAAAAAAAOMAAAA
 AAAAAAAAAAPFAAAA
 AAAAAAAAAAPGAAAA
 AAAAAAAAAAPMAAAA
 AAAAAAAAAAPNAAAA
 AAAAAAAAABACBAAA
 AAAAAAAAABBCBAAA
 AAAAAAAAABBDAAAA
 AAAAAAAAABBHAAAA
 AAAAAAAAABCHBAAA
 AAAAAAAAABCLAAAA
 AAAAAAAAABCOAAAA
 AAAAAAAAABDDAAAA
 AAAAAAAAABDKAAAA
 AAAAAAAAABDLAAAA
 AAAAAAAAABEABAAA
 AAAAAAAAABEEBAAA
 AAAAAAAAABEIBAAA
 AAAAAAAAABFAAAAA
 AAAAAAAAABGCAAAA
 AAAAAAAAABHCAAAA
 AAAAAAAAABHCAAAA
 AAAAAAAAABHCBAAA
 AAAAAAAAABHDAAAA
 AAAAAAAAABHIAAAA
 AAAAAAAAABHJAAAA
 AAAAAAAAABHOAAAA
 AAAAAAAAABIABAAA
 AAAAAAAAABIBBAAA
 AAAAAAAAABIFBAAA
 AAAAAAAAABIJAAAA
 AAAAAAAAABIJAAAA
 AAAAAAAAABJAAAAA
 AAAAAAAAABJGAAAA
 AAAAAAAAABJGAAAA
 AAAAAAAAABKCBAAA
 AAAAAAAAABKEBAAA
 AAAAAAAAABLGAAAA
 AAAAAAAAABLHBAAA
 AAAAAAAAABLKAAAA
 AAAAAAAAABLNAAAA
 AAAAAAAAABMBBAAA
 AAAAAAAAABMCBAAA
 AAAAAAAAABMGBAAA
 AAAAAAAAABMJAAAA
 AAAAAAAAABMNAAAA
 AAAAAAAAABMPAAAA
 AAAAAAAAABNGBAAA
 AAAAAAAAABNHBAAA
 AAAAAAAAABPOAAAA
 AAAAAAAAACADBAAA
 AAAAAAAAACAEAAAA
 AAAAAAAAACBABAAA
 AAAAAAAAACBCBAAA
 AAAAAAAAACBEBAAA
 AAAAAAAAACBJAAAA
 AAAAAAAAACCGAAAA
(100 rows)

UPDATE time_statistics SET e_time = TRANSACTION_TIMESTAMP() WHERE template = 'query1.tpl' AND stream = 0;
psql:/tmp/s1-basline/power/query_0.sql:25: NOTICE:  duration: 0.037 ms  plan:
Query Text: UPDATE time_statistics SET e_time = TRANSACTION_TIMESTAMP() WHERE template = 'query1.tpl' AND stream = 0;
Update on time_statistics  (cost=0.00..28.15 rows=0 width=0) (actual time=0.037..0.037 rows=0 loops=1)
  ->  Seq Scan on time_statistics  (cost=0.00..28.15 rows=1 width=14) (actual time=0.012..0.013 rows=1 loops=1)
        Filter: ((template = 'query1.tpl'::text) AND (stream = 0))
        Rows Removed by Filter: 1
UPDATE 1
LOAD 'auto_explain'; SET auto_explain.log_min_duration TO 0; SET auto_explain.log_analyze TO on; SET auto_explain.log_level TO notice; INSERT INTO time_statistics (template, s_time, stream, query, seed) VALUES ('../query_postgresql/query2.tpl', TRANSACTION_TIMESTAMP(), 0, 2, 573339567);
LOAD
SET
SET
SET
psql:/tmp/s1-basline/power/query_0.sql:26: NOTICE:  duration: 0.026 ms  plan:
Query Text: INSERT INTO time_statistics (template, s_time, stream, query, seed) VALUES ('../query_postgresql/query2.tpl', TRANSACTION_TIMESTAMP(), 0, 2, 573339567);
Insert on time_statistics  (cost=0.00..0.01 rows=0 width=0) (actual time=0.026..0.026 rows=0 loops=1)
  ->  Result  (cost=0.00..0.01 rows=1 width=64) (actual time=0.001..0.001 rows=1 loops=1)
INSERT 0 1
with wscs as
 (select sold_date_sk
        ,sales_price
  from (select ws_sold_date_sk sold_date_sk
              ,ws_ext_sales_price sales_price
        from web_sales 
        union all
        select cs_sold_date_sk sold_date_sk
              ,cs_ext_sales_price sales_price
        from catalog_sales) x),
 wswscs as 
 (select d_week_seq,
        sum(case when (d_day_name='Sunday') then sales_price else null end) sun_sales,
        sum(case when (d_day_name='Monday') then sales_price else null end) mon_sales,
        sum(case when (d_day_name='Tuesday') then sales_price else  null end) tue_sales,
        sum(case when (d_day_name='Wednesday') then sales_price else null end) wed_sales,
        sum(case when (d_day_name='Thursday') then sales_price else null end) thu_sales,
        sum(case when (d_day_name='Friday') then sales_price else null end) fri_sales,
        sum(case when (d_day_name='Saturday') then sales_price else null end) sat_sales
 from wscs
     ,date_dim
 where d_date_sk = sold_date_sk
 group by d_week_seq)
 select d_week_seq1
       ,round(cast(sun_sales1/sun_sales2 AS NUMERIC),2)
       ,round(cast(mon_sales1/mon_sales2 AS NUMERIC),2)
       ,round(cast(tue_sales1/tue_sales2 AS NUMERIC),2)
       ,round(cast(wed_sales1/wed_sales2 AS NUMERIC),2)
       ,round(cast(thu_sales1/thu_sales2 AS NUMERIC),2)
       ,round(cast(fri_sales1/fri_sales2 AS NUMERIC),2)
       ,round(cast(sat_sales1/sat_sales2 AS NUMERIC),2)
 from
 (select wswscs.d_week_seq d_week_seq1
        ,sun_sales sun_sales1
        ,mon_sales mon_sales1
        ,tue_sales tue_sales1
        ,wed_sales wed_sales1
        ,thu_sales thu_sales1
        ,fri_sales fri_sales1
        ,sat_sales sat_sales1
  from wswscs,date_dim 
  where date_dim.d_week_seq = wswscs.d_week_seq and
        d_year = 2001) y,
 (select wswscs.d_week_seq d_week_seq2
        ,sun_sales sun_sales2
        ,mon_sales mon_sales2
        ,tue_sales tue_sales2
        ,wed_sales wed_sales2
        ,thu_sales thu_sales2
        ,fri_sales fri_sales2
        ,sat_sales sat_sales2
  from wswscs
      ,date_dim 
  where date_dim.d_week_seq = wswscs.d_week_seq and
        d_year = 2001+1) z
 where d_week_seq1=d_week_seq2-53
 order by d_week_seq1;
psql:/tmp/s1-basline/power/query_0.sql:83: NOTICE:  duration: 786.154 ms  plan:
Query Text: with wscs as
 (select sold_date_sk
        ,sales_price
  from (select ws_sold_date_sk sold_date_sk
              ,ws_ext_sales_price sales_price
        from web_sales 
        union all
        select cs_sold_date_sk sold_date_sk
              ,cs_ext_sales_price sales_price
        from catalog_sales) x),
 wswscs as 
 (select d_week_seq,
        sum(case when (d_day_name='Sunday') then sales_price else null end) sun_sales,
        sum(case when (d_day_name='Monday') then sales_price else null end) mon_sales,
        sum(case when (d_day_name='Tuesday') then sales_price else  null end) tue_sales,
        sum(case when (d_day_name='Wednesday') then sales_price else null end) wed_sales,
        sum(case when (d_day_name='Thursday') then sales_price else null end) thu_sales,
        sum(case when (d_day_name='Friday') then sales_price else null end) fri_sales,
        sum(case when (d_day_name='Saturday') then sales_price else null end) sat_sales
 from wscs
     ,date_dim
 where d_date_sk = sold_date_sk
 group by d_week_seq)
 select d_week_seq1
       ,round(cast(sun_sales1/sun_sales2 AS NUMERIC),2)
       ,round(cast(mon_sales1/mon_sales2 AS NUMERIC),2)
       ,round(cast(tue_sales1/tue_sales2 AS NUMERIC),2)
       ,round(cast(wed_sales1/wed_sales2 AS NUMERIC),2)
       ,round(cast(thu_sales1/thu_sales2 AS NUMERIC),2)
       ,round(cast(fri_sales1/fri_sales2 AS NUMERIC),2)
       ,round(cast(sat_sales1/sat_sales2 AS NUMERIC),2)
 from
 (select wswscs.d_week_seq d_week_seq1
        ,sun_sales sun_sales1
        ,mon_sales mon_sales1
        ,tue_sales tue_sales1
        ,wed_sales wed_sales1
        ,thu_sales thu_sales1
        ,fri_sales fri_sales1
        ,sat_sales sat_sales1
  from wswscs,date_dim 
  where date_dim.d_week_seq = wswscs.d_week_seq and
        d_year = 2001) y,
 (select wswscs.d_week_seq d_week_seq2
        ,sun_sales sun_sales2
        ,mon_sales mon_sales2
        ,tue_sales tue_sales2
        ,wed_sales wed_sales2
        ,thu_sales thu_sales2
        ,fri_sales fri_sales2
        ,sat_sales sat_sales2
  from wswscs
      ,date_dim 
  where date_dim.d_week_seq = wswscs.d_week_seq and
        d_year = 2001+1) z
 where d_week_seq1=d_week_seq2-53
 order by d_week_seq1;
Sort  (cost=142559.23..142559.27 rows=13 width=228) (actual time=733.882..784.522 rows=2513 loops=1)
  Sort Key: wswscs.d_week_seq
  Sort Method: quicksort  Memory: 316kB
  CTE wswscs
    ->  Finalize GroupAggregate  (cost=134351.24..137304.03 rows=10421 width=60) (actual time=706.219..757.117 rows=263 loops=1)
          Group Key: date_dim_2.d_week_seq
          ->  Gather Merge  (cost=134351.24..136782.98 rows=20842 width=60) (actual time=706.212..756.906 rows=789 loops=1)
                Workers Planned: 2
                Workers Launched: 2
                ->  Sort  (cost=133351.22..133377.27 rows=10421 width=60) (actual time=701.326..701.341 rows=263 loops=3)
                      Sort Key: date_dim_2.d_week_seq
                      Sort Method: quicksort  Memory: 51kB
                      Worker 0:  Sort Method: quicksort  Memory: 51kB
                      Worker 1:  Sort Method: quicksort  Memory: 48kB
                      ->  Partial HashAggregate  (cost=132551.55..132655.76 rows=10421 width=60) (actual time=701.136..701.228 rows=263 loops=3)
                            Group Key: date_dim_2.d_week_seq
                            Batches: 1  Memory Usage: 465kB
                            Worker 0:  Batches: 1  Memory Usage: 465kB
                            Worker 1:  Batches: 1  Memory Usage: 465kB
                            ->  Hash Join  (cost=3048.60..98819.02 rows=899534 width=22) (actual time=30.469..452.707 rows=717171 loops=3)
                                  Hash Cond: (catalog_sales.cs_sold_date_sk = date_dim_2.d_date_sk)
                                  ->  Parallel Append  (cost=0.00..93409.01 rows=899534 width=16) (actual time=0.021..300.121 rows=719628 loops=3)
                                        ->  Parallel Seq Scan on catalog_sales  (cost=0.00..59266.53 rows=599753 width=16) (actual time=0.012..165.566 rows=479804 loops=3)
                                        ->  Parallel Seq Scan on web_sales  (cost=0.00..29644.81 rows=299781 width=16) (actual time=0.017..136.705 rows=359737 loops=2)
                                  ->  Hash  (cost=2135.49..2135.49 rows=73049 width=22) (actual time=29.890..29.891 rows=73049 loops=3)
                                        Buckets: 131072  Batches: 1  Memory Usage: 5019kB
                                        ->  Seq Scan on date_dim date_dim_2  (cost=0.00..2135.49 rows=73049 width=22) (actual time=0.021..17.607 rows=73049 loops=3)
  ->  Hash Join  (cost=5006.66..5254.97 rows=13 width=228) (actual time=723.466..733.234 rows=2513 loops=1)
        Hash Cond: (wswscs.d_week_seq = date_dim.d_week_seq)
        ->  CTE Scan on wswscs  (cost=0.00..208.42 rows=10421 width=60) (actual time=706.220..706.243 rows=263 loops=1)
        ->  Hash  (cost=5006.49..5006.49 rows=13 width=64) (actual time=17.181..17.182 rows=2513 loops=1)
              Buckets: 4096 (originally 1024)  Batches: 1 (originally 1)  Memory Usage: 278kB
              ->  Merge Join  (cost=5000.92..5006.49 rows=13 width=64) (actual time=16.065..16.522 rows=2513 loops=1)
                    Merge Cond: (((wswscs_1.d_week_seq - 53)) = date_dim.d_week_seq)
                    ->  Sort  (cost=2667.37..2668.28 rows=363 width=60) (actual time=9.396..9.412 rows=365 loops=1)
                          Sort Key: ((wswscs_1.d_week_seq - 53))
                          Sort Method: quicksort  Memory: 62kB
                          ->  Hash Join  (cost=2322.65..2651.94 rows=363 width=60) (actual time=9.160..9.292 rows=365 loops=1)
                                Hash Cond: (wswscs_1.d_week_seq = date_dim_1.d_week_seq)
                                ->  CTE Scan on wswscs wswscs_1  (cost=0.00..208.42 rows=10421 width=60) (actual time=0.000..0.442 rows=263 loops=1)
                                ->  Hash  (cost=2318.11..2318.11 rows=363 width=4) (actual time=8.762..8.763 rows=365 loops=1)
                                      Buckets: 1024  Batches: 1  Memory Usage: 21kB
                                      ->  Seq Scan on date_dim date_dim_1  (cost=0.00..2318.11 rows=363 width=4) (actual time=4.281..8.703 rows=365 loops=1)
                                            Filter: (d_year = 2002)
                                            Rows Removed by Filter: 72684
                    ->  Sort  (cost=2333.55..2334.45 rows=363 width=4) (actual time=6.661..6.767 rows=2513 loops=1)
                          Sort Key: date_dim.d_week_seq
                          Sort Method: quicksort  Memory: 25kB
                          ->  Seq Scan on date_dim  (cost=0.00..2318.11 rows=363 width=4) (actual time=3.370..6.620 rows=365 loops=1)
                                Filter: (d_year = 2001)
                                Rows Removed by Filter: 72684
 d_week_seq1 | round | round | round | round | round | round | round 
-------------+-------+-------+-------+-------+-------+-------+-------
        5270 |  3.36 |  1.64 |  1.71 |  1.76 |  4.20 |  3.71 |  3.28
        5270 |  3.36 |  1.64 |  1.71 |  1.76 |  4.20 |  3.71 |  3.28
        5270 |  3.36 |  1.64 |  1.71 |  1.76 |  4.20 |  3.71 |  3.28
        5270 |  3.36 |  1.64 |  1.71 |  1.76 |  4.20 |  3.71 |  3.28
        5270 |  3.36 |  1.64 |  1.71 |  1.76 |  4.20 |  3.71 |  3.28
        5270 |  3.36 |  1.64 |  1.71 |  1.76 |  4.20 |  3.71 |  3.28
        5270 |  3.36 |  1.64 |  1.71 |  1.76 |  4.20 |  3.71 |  3.28
        5271 |  0.97 |  1.27 |  1.15 |  1.08 |  1.03 |  0.77 |  0.87
        5271 |  0.97 |  1.27 |  1.15 |  1.08 |  1.03 |  0.77 |  0.87
        5271 |  0.97 |  1.27 |  1.15 |  1.08 |  1.03 |  0.77 |  0.87
        5271 |  0.97 |  1.27 |  1.15 |  1.08 |  1.03 |  0.77 |  0.87
        5271 |  0.97 |  1.27 |  1.15 |  1.08 |  1.03 |  0.77 |  0.87
        5271 |  0.97 |  1.27 |  1.15 |  1.08 |  1.03 |  0.77 |  0.87
        5271 |  0.97 |  1.27 |  1.15 |  1.08 |  1.03 |  0.77 |  0.87
        5271 |  0.97 |  1.27 |  1.15 |  1.08 |  1.03 |  0.77 |  0.87
        5271 |  0.97 |  1.27 |  1.15 |  1.08 |  1.03 |  0.77 |  0.87
        5271 |  0.97 |  1.27 |  1.15 |  1.08 |  1.03 |  0.77 |  0.87
        5271 |  0.97 |  1.27 |  1.15 |  1.08 |  1.03 |  0.77 |  0.87
        5271 |  0.97 |  1.27 |  1.15 |  1.08 |  1.03 |  0.77 |  0.87
        5271 |  0.97 |  1.27 |  1.15 |  1.08 |  1.03 |  0.77 |  0.87
        5271 |  0.97 |  1.27 |  1.15 |  1.08 |  1.03 |  0.77 |  0.87
        5271 |  0.97 |  1.27 |  1.15 |  1.08 |  1.03 |  0.77 |  0.87
        5271 |  0.97 |  1.27 |  1.15 |  1.08 |  1.03 |  0.77 |  0.87
        5271 |  0.97 |  1.27 |  1.15 |  1.08 |  1.03 |  0.77 |  0.87
        5271 |  0.97 |  1.27 |  1.15 |  1.08 |  1.03 |  0.77 |  0.87
        5271 |  0.97 |  1.27 |  1.15 |  1.08 |  1.03 |  0.77 |  0.87
        5271 |  0.97 |  1.27 |  1.15 |  1.08 |  1.03 |  0.77 |  0.87
        5271 |  0.97 |  1.27 |  1.15 |  1.08 |  1.03 |  0.77 |  0.87
        5271 |  0.97 |  1.27 |  1.15 |  1.08 |  1.03 |  0.77 |  0.87
        5271 |  0.97 |  1.27 |  1.15 |  1.08 |  1.03 |  0.77 |  0.87
        5271 |  0.97 |  1.27 |  1.15 |  1.08 |  1.03 |  0.77 |  0.87
        5271 |  0.97 |  1.27 |  1.15 |  1.08 |  1.03 |  0.77 |  0.87
        5271 |  0.97 |  1.27 |  1.15 |  1.08 |  1.03 |  0.77 |  0.87
        5271 |  0.97 |  1.27 |  1.15 |  1.08 |  1.03 |  0.77 |  0.87
        5271 |  0.97 |  1.27 |  1.15 |  1.08 |  1.03 |  0.77 |  0.87
        5271 |  0.97 |  1.27 |  1.15 |  1.08 |  1.03 |  0.77 |  0.87
        5271 |  0.97 |  1.27 |  1.15 |  1.08 |  1.03 |  0.77 |  0.87
        5271 |  0.97 |  1.27 |  1.15 |  1.08 |  1.03 |  0.77 |  0.87
        5271 |  0.97 |  1.27 |  1.15 |  1.08 |  1.03 |  0.77 |  0.87
        5271 |  0.97 |  1.27 |  1.15 |  1.08 |  1.03 |  0.77 |  0.87
        5271 |  0.97 |  1.27 |  1.15 |  1.08 |  1.03 |  0.77 |  0.87
        5271 |  0.97 |  1.27 |  1.15 |  1.08 |  1.03 |  0.77 |  0.87
        5271 |  0.97 |  1.27 |  1.15 |  1.08 |  1.03 |  0.77 |  0.87
        5271 |  0.97 |  1.27 |  1.15 |  1.08 |  1.03 |  0.77 |  0.87
        5271 |  0.97 |  1.27 |  1.15 |  1.08 |  1.03 |  0.77 |  0.87
        5271 |  0.97 |  1.27 |  1.15 |  1.08 |  1.03 |  0.77 |  0.87
        5271 |  0.97 |  1.27 |  1.15 |  1.08 |  1.03 |  0.77 |  0.87
        5271 |  0.97 |  1.27 |  1.15 |  1.08 |  1.03 |  0.77 |  0.87
        5271 |  0.97 |  1.27 |  1.15 |  1.08 |  1.03 |  0.77 |  0.87
        5271 |  0.97 |  1.27 |  1.15 |  1.08 |  1.03 |  0.77 |  0.87
        5271 |  0.97 |  1.27 |  1.15 |  1.08 |  1.03 |  0.77 |  0.87
        5271 |  0.97 |  1.27 |  1.15 |  1.08 |  1.03 |  0.77 |  0.87
        5271 |  0.97 |  1.27 |  1.15 |  1.08 |  1.03 |  0.77 |  0.87
        5271 |  0.97 |  1.27 |  1.15 |  1.08 |  1.03 |  0.77 |  0.87
        5271 |  0.97 |  1.27 |  1.15 |  1.08 |  1.03 |  0.77 |  0.87
        5271 |  0.97 |  1.27 |  1.15 |  1.08 |  1.03 |  0.77 |  0.87
        5272 |  1.04 |  1.34 |  0.88 |  1.23 |  1.15 |  0.90 |  0.65
        5272 |  1.04 |  1.34 |  0.88 |  1.23 |  1.15 |  0.90 |  0.65
        5272 |  1.04 |  1.34 |  0.88 |  1.23 |  1.15 |  0.90 |  0.65
        5272 |  1.04 |  1.34 |  0.88 |  1.23 |  1.15 |  0.90 |  0.65
        5272 |  1.04 |  1.34 |  0.88 |  1.23 |  1.15 |  0.90 |  0.65
        5272 |  1.04 |  1.34 |  0.88 |  1.23 |  1.15 |  0.90 |  0.65
        5272 |  1.04 |  1.34 |  0.88 |  1.23 |  1.15 |  0.90 |  0.65
        5272 |  1.04 |  1.34 |  0.88 |  1.23 |  1.15 |  0.90 |  0.65
        5272 |  1.04 |  1.34 |  0.88 |  1.23 |  1.15 |  0.90 |  0.65
        5272 |  1.04 |  1.34 |  0.88 |  1.23 |  1.15 |  0.90 |  0.65
        5272 |  1.04 |  1.34 |  0.88 |  1.23 |  1.15 |  0.90 |  0.65
        5272 |  1.04 |  1.34 |  0.88 |  1.23 |  1.15 |  0.90 |  0.65
        5272 |  1.04 |  1.34 |  0.88 |  1.23 |  1.15 |  0.90 |  0.65
        5272 |  1.04 |  1.34 |  0.88 |  1.23 |  1.15 |  0.90 |  0.65
        5272 |  1.04 |  1.34 |  0.88 |  1.23 |  1.15 |  0.90 |  0.65
        5272 |  1.04 |  1.34 |  0.88 |  1.23 |  1.15 |  0.90 |  0.65
        5272 |  1.04 |  1.34 |  0.88 |  1.23 |  1.15 |  0.90 |  0.65
        5272 |  1.04 |  1.34 |  0.88 |  1.23 |  1.15 |  0.90 |  0.65
        5272 |  1.04 |  1.34 |  0.88 |  1.23 |  1.15 |  0.90 |  0.65
        5272 |  1.04 |  1.34 |  0.88 |  1.23 |  1.15 |  0.90 |  0.65
        5272 |  1.04 |  1.34 |  0.88 |  1.23 |  1.15 |  0.90 |  0.65
        5272 |  1.04 |  1.34 |  0.88 |  1.23 |  1.15 |  0.90 |  0.65
        5272 |  1.04 |  1.34 |  0.88 |  1.23 |  1.15 |  0.90 |  0.65
        5272 |  1.04 |  1.34 |  0.88 |  1.23 |  1.15 |  0.90 |  0.65
        5272 |  1.04 |  1.34 |  0.88 |  1.23 |  1.15 |  0.90 |  0.65
        5272 |  1.04 |  1.34 |  0.88 |  1.23 |  1.15 |  0.90 |  0.65
        5272 |  1.04 |  1.34 |  0.88 |  1.23 |  1.15 |  0.90 |  0.65
        5272 |  1.04 |  1.34 |  0.88 |  1.23 |  1.15 |  0.90 |  0.65
        5272 |  1.04 |  1.34 |  0.88 |  1.23 |  1.15 |  0.90 |  0.65
        5272 |  1.04 |  1.34 |  0.88 |  1.23 |  1.15 |  0.90 |  0.65
        5272 |  1.04 |  1.34 |  0.88 |  1.23 |  1.15 |  0.90 |  0.65
        5272 |  1.04 |  1.34 |  0.88 |  1.23 |  1.15 |  0.90 |  0.65
        5272 |  1.04 |  1.34 |  0.88 |  1.23 |  1.15 |  0.90 |  0.65
        5272 |  1.04 |  1.34 |  0.88 |  1.23 |  1.15 |  0.90 |  0.65
        5272 |  1.04 |  1.34 |  0.88 |  1.23 |  1.15 |  0.90 |  0.65
        5272 |  1.04 |  1.34 |  0.88 |  1.23 |  1.15 |  0.90 |  0.65
        5272 |  1.04 |  1.34 |  0.88 |  1.23 |  1.15 |  0.90 |  0.65
        5272 |  1.04 |  1.34 |  0.88 |  1.23 |  1.15 |  0.90 |  0.65
        5272 |  1.04 |  1.34 |  0.88 |  1.23 |  1.15 |  0.90 |  0.65
        5272 |  1.04 |  1.34 |  0.88 |  1.23 |  1.15 |  0.90 |  0.65
        5272 |  1.04 |  1.34 |  0.88 |  1.23 |  1.15 |  0.90 |  0.65
        5272 |  1.04 |  1.34 |  0.88 |  1.23 |  1.15 |  0.90 |  0.65
        5272 |  1.04 |  1.34 |  0.88 |  1.23 |  1.15 |  0.90 |  0.65
        5272 |  1.04 |  1.34 |  0.88 |  1.23 |  1.15 |  0.90 |  0.65
        5272 |  1.04 |  1.34 |  0.88 |  1.23 |  1.15 |  0.90 |  0.65
        5272 |  1.04 |  1.34 |  0.88 |  1.23 |  1.15 |  0.90 |  0.65
        5272 |  1.04 |  1.34 |  0.88 |  1.23 |  1.15 |  0.90 |  0.65
        5272 |  1.04 |  1.34 |  0.88 |  1.23 |  1.15 |  0.90 |  0.65
        5272 |  1.04 |  1.34 |  0.88 |  1.23 |  1.15 |  0.90 |  0.65
        5273 |  1.04 |  0.96 |  0.91 |  1.15 |  1.04 |  1.28 |  1.06
        5273 |  1.04 |  0.96 |  0.91 |  1.15 |  1.04 |  1.28 |  1.06
        5273 |  1.04 |  0.96 |  0.91 |  1.15 |  1.04 |  1.28 |  1.06
        5273 |  1.04 |  0.96 |  0.91 |  1.15 |  1.04 |  1.28 |  1.06
        5273 |  1.04 |  0.96 |  0.91 |  1.15 |  1.04 |  1.28 |  1.06
        5273 |  1.04 |  0.96 |  0.91 |  1.15 |  1.04 |  1.28 |  1.06
        5273 |  1.04 |  0.96 |  0.91 |  1.15 |  1.04 |  1.28 |  1.06
        5273 |  1.04 |  0.96 |  0.91 |  1.15 |  1.04 |  1.28 |  1.06
        5273 |  1.04 |  0.96 |  0.91 |  1.15 |  1.04 |  1.28 |  1.06
        5273 |  1.04 |  0.96 |  0.91 |  1.15 |  1.04 |  1.28 |  1.06
        5273 |  1.04 |  0.96 |  0.91 |  1.15 |  1.04 |  1.28 |  1.06
        5273 |  1.04 |  0.96 |  0.91 |  1.15 |  1.04 |  1.28 |  1.06
        5273 |  1.04 |  0.96 |  0.91 |  1.15 |  1.04 |  1.28 |  1.06
        5273 |  1.04 |  0.96 |  0.91 |  1.15 |  1.04 |  1.28 |  1.06
        5273 |  1.04 |  0.96 |  0.91 |  1.15 |  1.04 |  1.28 |  1.06
        5273 |  1.04 |  0.96 |  0.91 |  1.15 |  1.04 |  1.28 |  1.06
        5273 |  1.04 |  0.96 |  0.91 |  1.15 |  1.04 |  1.28 |  1.06
        5273 |  1.04 |  0.96 |  0.91 |  1.15 |  1.04 |  1.28 |  1.06
        5273 |  1.04 |  0.96 |  0.91 |  1.15 |  1.04 |  1.28 |  1.06
        5273 |  1.04 |  0.96 |  0.91 |  1.15 |  1.04 |  1.28 |  1.06
        5273 |  1.04 |  0.96 |  0.91 |  1.15 |  1.04 |  1.28 |  1.06
        5273 |  1.04 |  0.96 |  0.91 |  1.15 |  1.04 |  1.28 |  1.06
        5273 |  1.04 |  0.96 |  0.91 |  1.15 |  1.04 |  1.28 |  1.06
        5273 |  1.04 |  0.96 |  0.91 |  1.15 |  1.04 |  1.28 |  1.06
        5273 |  1.04 |  0.96 |  0.91 |  1.15 |  1.04 |  1.28 |  1.06
        5273 |  1.04 |  0.96 |  0.91 |  1.15 |  1.04 |  1.28 |  1.06
        5273 |  1.04 |  0.96 |  0.91 |  1.15 |  1.04 |  1.28 |  1.06
        5273 |  1.04 |  0.96 |  0.91 |  1.15 |  1.04 |  1.28 |  1.06
        5273 |  1.04 |  0.96 |  0.91 |  1.15 |  1.04 |  1.28 |  1.06
        5273 |  1.04 |  0.96 |  0.91 |  1.15 |  1.04 |  1.28 |  1.06
        5273 |  1.04 |  0.96 |  0.91 |  1.15 |  1.04 |  1.28 |  1.06
        5273 |  1.04 |  0.96 |  0.91 |  1.15 |  1.04 |  1.28 |  1.06
        5273 |  1.04 |  0.96 |  0.91 |  1.15 |  1.04 |  1.28 |  1.06
        5273 |  1.04 |  0.96 |  0.91 |  1.15 |  1.04 |  1.28 |  1.06
        5273 |  1.04 |  0.96 |  0.91 |  1.15 |  1.04 |  1.28 |  1.06
        5273 |  1.04 |  0.96 |  0.91 |  1.15 |  1.04 |  1.28 |  1.06
        5273 |  1.04 |  0.96 |  0.91 |  1.15 |  1.04 |  1.28 |  1.06
        5273 |  1.04 |  0.96 |  0.91 |  1.15 |  1.04 |  1.28 |  1.06
        5273 |  1.04 |  0.96 |  0.91 |  1.15 |  1.04 |  1.28 |  1.06
        5273 |  1.04 |  0.96 |  0.91 |  1.15 |  1.04 |  1.28 |  1.06
        5273 |  1.04 |  0.96 |  0.91 |  1.15 |  1.04 |  1.28 |  1.06
        5273 |  1.04 |  0.96 |  0.91 |  1.15 |  1.04 |  1.28 |  1.06
        5273 |  1.04 |  0.96 |  0.91 |  1.15 |  1.04 |  1.28 |  1.06
        5273 |  1.04 |  0.96 |  0.91 |  1.15 |  1.04 |  1.28 |  1.06
        5273 |  1.04 |  0.96 |  0.91 |  1.15 |  1.04 |  1.28 |  1.06
        5273 |  1.04 |  0.96 |  0.91 |  1.15 |  1.04 |  1.28 |  1.06
        5273 |  1.04 |  0.96 |  0.91 |  1.15 |  1.04 |  1.28 |  1.06
        5273 |  1.04 |  0.96 |  0.91 |  1.15 |  1.04 |  1.28 |  1.06
        5273 |  1.04 |  0.96 |  0.91 |  1.15 |  1.04 |  1.28 |  1.06
        5274 |  0.99 |  1.17 |  1.07 |  1.24 |  1.00 |  1.13 |  1.07
        5274 |  0.99 |  1.17 |  1.07 |  1.24 |  1.00 |  1.13 |  1.07
        5274 |  0.99 |  1.17 |  1.07 |  1.24 |  1.00 |  1.13 |  1.07
        5274 |  0.99 |  1.17 |  1.07 |  1.24 |  1.00 |  1.13 |  1.07
        5274 |  0.99 |  1.17 |  1.07 |  1.24 |  1.00 |  1.13 |  1.07
        5274 |  0.99 |  1.17 |  1.07 |  1.24 |  1.00 |  1.13 |  1.07
        5274 |  0.99 |  1.17 |  1.07 |  1.24 |  1.00 |  1.13 |  1.07
        5274 |  0.99 |  1.17 |  1.07 |  1.24 |  1.00 |  1.13 |  1.07
        5274 |  0.99 |  1.17 |  1.07 |  1.24 |  1.00 |  1.13 |  1.07
        5274 |  0.99 |  1.17 |  1.07 |  1.24 |  1.00 |  1.13 |  1.07
        5274 |  0.99 |  1.17 |  1.07 |  1.24 |  1.00 |  1.13 |  1.07
        5274 |  0.99 |  1.17 |  1.07 |  1.24 |  1.00 |  1.13 |  1.07
        5274 |  0.99 |  1.17 |  1.07 |  1.24 |  1.00 |  1.13 |  1.07
        5274 |  0.99 |  1.17 |  1.07 |  1.24 |  1.00 |  1.13 |  1.07
        5274 |  0.99 |  1.17 |  1.07 |  1.24 |  1.00 |  1.13 |  1.07
        5274 |  0.99 |  1.17 |  1.07 |  1.24 |  1.00 |  1.13 |  1.07
        5274 |  0.99 |  1.17 |  1.07 |  1.24 |  1.00 |  1.13 |  1.07
        5274 |  0.99 |  1.17 |  1.07 |  1.24 |  1.00 |  1.13 |  1.07
        5274 |  0.99 |  1.17 |  1.07 |  1.24 |  1.00 |  1.13 |  1.07
        5274 |  0.99 |  1.17 |  1.07 |  1.24 |  1.00 |  1.13 |  1.07
        5274 |  0.99 |  1.17 |  1.07 |  1.24 |  1.00 |  1.13 |  1.07
        5274 |  0.99 |  1.17 |  1.07 |  1.24 |  1.00 |  1.13 |  1.07
        5274 |  0.99 |  1.17 |  1.07 |  1.24 |  1.00 |  1.13 |  1.07
        5274 |  0.99 |  1.17 |  1.07 |  1.24 |  1.00 |  1.13 |  1.07
        5274 |  0.99 |  1.17 |  1.07 |  1.24 |  1.00 |  1.13 |  1.07
        5274 |  0.99 |  1.17 |  1.07 |  1.24 |  1.00 |  1.13 |  1.07
        5274 |  0.99 |  1.17 |  1.07 |  1.24 |  1.00 |  1.13 |  1.07
        5274 |  0.99 |  1.17 |  1.07 |  1.24 |  1.00 |  1.13 |  1.07
        5274 |  0.99 |  1.17 |  1.07 |  1.24 |  1.00 |  1.13 |  1.07
        5274 |  0.99 |  1.17 |  1.07 |  1.24 |  1.00 |  1.13 |  1.07
        5274 |  0.99 |  1.17 |  1.07 |  1.24 |  1.00 |  1.13 |  1.07
        5274 |  0.99 |  1.17 |  1.07 |  1.24 |  1.00 |  1.13 |  1.07
        5274 |  0.99 |  1.17 |  1.07 |  1.24 |  1.00 |  1.13 |  1.07
        5274 |  0.99 |  1.17 |  1.07 |  1.24 |  1.00 |  1.13 |  1.07
        5274 |  0.99 |  1.17 |  1.07 |  1.24 |  1.00 |  1.13 |  1.07
        5274 |  0.99 |  1.17 |  1.07 |  1.24 |  1.00 |  1.13 |  1.07
        5274 |  0.99 |  1.17 |  1.07 |  1.24 |  1.00 |  1.13 |  1.07
        5274 |  0.99 |  1.17 |  1.07 |  1.24 |  1.00 |  1.13 |  1.07
        5274 |  0.99 |  1.17 |  1.07 |  1.24 |  1.00 |  1.13 |  1.07
        5274 |  0.99 |  1.17 |  1.07 |  1.24 |  1.00 |  1.13 |  1.07
        5274 |  0.99 |  1.17 |  1.07 |  1.24 |  1.00 |  1.13 |  1.07
        5274 |  0.99 |  1.17 |  1.07 |  1.24 |  1.00 |  1.13 |  1.07
        5274 |  0.99 |  1.17 |  1.07 |  1.24 |  1.00 |  1.13 |  1.07
        5274 |  0.99 |  1.17 |  1.07 |  1.24 |  1.00 |  1.13 |  1.07
        5274 |  0.99 |  1.17 |  1.07 |  1.24 |  1.00 |  1.13 |  1.07
        5274 |  0.99 |  1.17 |  1.07 |  1.24 |  1.00 |  1.13 |  1.07
        5274 |  0.99 |  1.17 |  1.07 |  1.24 |  1.00 |  1.13 |  1.07
        5274 |  0.99 |  1.17 |  1.07 |  1.24 |  1.00 |  1.13 |  1.07
        5274 |  0.99 |  1.17 |  1.07 |  1.24 |  1.00 |  1.13 |  1.07
        5275 |  0.97 |  1.00 |  0.94 |  0.99 |  0.98 |  1.14 |  0.97
        5275 |  0.97 |  1.00 |  0.94 |  0.99 |  0.98 |  1.14 |  0.97
        5275 |  0.97 |  1.00 |  0.94 |  0.99 |  0.98 |  1.14 |  0.97
        5275 |  0.97 |  1.00 |  0.94 |  0.99 |  0.98 |  1.14 |  0.97
        5275 |  0.97 |  1.00 |  0.94 |  0.99 |  0.98 |  1.14 |  0.97
        5275 |  0.97 |  1.00 |  0.94 |  0.99 |  0.98 |  1.14 |  0.97
        5275 |  0.97 |  1.00 |  0.94 |  0.99 |  0.98 |  1.14 |  0.97
        5275 |  0.97 |  1.00 |  0.94 |  0.99 |  0.98 |  1.14 |  0.97
        5275 |  0.97 |  1.00 |  0.94 |  0.99 |  0.98 |  1.14 |  0.97
        5275 |  0.97 |  1.00 |  0.94 |  0.99 |  0.98 |  1.14 |  0.97
        5275 |  0.97 |  1.00 |  0.94 |  0.99 |  0.98 |  1.14 |  0.97
        5275 |  0.97 |  1.00 |  0.94 |  0.99 |  0.98 |  1.14 |  0.97
        5275 |  0.97 |  1.00 |  0.94 |  0.99 |  0.98 |  1.14 |  0.97
        5275 |  0.97 |  1.00 |  0.94 |  0.99 |  0.98 |  1.14 |  0.97
        5275 |  0.97 |  1.00 |  0.94 |  0.99 |  0.98 |  1.14 |  0.97
        5275 |  0.97 |  1.00 |  0.94 |  0.99 |  0.98 |  1.14 |  0.97
        5275 |  0.97 |  1.00 |  0.94 |  0.99 |  0.98 |  1.14 |  0.97
        5275 |  0.97 |  1.00 |  0.94 |  0.99 |  0.98 |  1.14 |  0.97
        5275 |  0.97 |  1.00 |  0.94 |  0.99 |  0.98 |  1.14 |  0.97
        5275 |  0.97 |  1.00 |  0.94 |  0.99 |  0.98 |  1.14 |  0.97
        5275 |  0.97 |  1.00 |  0.94 |  0.99 |  0.98 |  1.14 |  0.97
        5275 |  0.97 |  1.00 |  0.94 |  0.99 |  0.98 |  1.14 |  0.97
        5275 |  0.97 |  1.00 |  0.94 |  0.99 |  0.98 |  1.14 |  0.97
        5275 |  0.97 |  1.00 |  0.94 |  0.99 |  0.98 |  1.14 |  0.97
        5275 |  0.97 |  1.00 |  0.94 |  0.99 |  0.98 |  1.14 |  0.97
        5275 |  0.97 |  1.00 |  0.94 |  0.99 |  0.98 |  1.14 |  0.97
        5275 |  0.97 |  1.00 |  0.94 |  0.99 |  0.98 |  1.14 |  0.97
        5275 |  0.97 |  1.00 |  0.94 |  0.99 |  0.98 |  1.14 |  0.97
        5275 |  0.97 |  1.00 |  0.94 |  0.99 |  0.98 |  1.14 |  0.97
        5275 |  0.97 |  1.00 |  0.94 |  0.99 |  0.98 |  1.14 |  0.97
        5275 |  0.97 |  1.00 |  0.94 |  0.99 |  0.98 |  1.14 |  0.97
        5275 |  0.97 |  1.00 |  0.94 |  0.99 |  0.98 |  1.14 |  0.97
        5275 |  0.97 |  1.00 |  0.94 |  0.99 |  0.98 |  1.14 |  0.97
        5275 |  0.97 |  1.00 |  0.94 |  0.99 |  0.98 |  1.14 |  0.97
        5275 |  0.97 |  1.00 |  0.94 |  0.99 |  0.98 |  1.14 |  0.97
        5275 |  0.97 |  1.00 |  0.94 |  0.99 |  0.98 |  1.14 |  0.97
        5275 |  0.97 |  1.00 |  0.94 |  0.99 |  0.98 |  1.14 |  0.97
        5275 |  0.97 |  1.00 |  0.94 |  0.99 |  0.98 |  1.14 |  0.97
        5275 |  0.97 |  1.00 |  0.94 |  0.99 |  0.98 |  1.14 |  0.97
        5275 |  0.97 |  1.00 |  0.94 |  0.99 |  0.98 |  1.14 |  0.97
        5275 |  0.97 |  1.00 |  0.94 |  0.99 |  0.98 |  1.14 |  0.97
        5275 |  0.97 |  1.00 |  0.94 |  0.99 |  0.98 |  1.14 |  0.97
        5275 |  0.97 |  1.00 |  0.94 |  0.99 |  0.98 |  1.14 |  0.97
        5275 |  0.97 |  1.00 |  0.94 |  0.99 |  0.98 |  1.14 |  0.97
        5275 |  0.97 |  1.00 |  0.94 |  0.99 |  0.98 |  1.14 |  0.97
        5275 |  0.97 |  1.00 |  0.94 |  0.99 |  0.98 |  1.14 |  0.97
        5275 |  0.97 |  1.00 |  0.94 |  0.99 |  0.98 |  1.14 |  0.97
        5275 |  0.97 |  1.00 |  0.94 |  0.99 |  0.98 |  1.14 |  0.97
        5275 |  0.97 |  1.00 |  0.94 |  0.99 |  0.98 |  1.14 |  0.97
        5276 |  0.90 |  0.92 |  0.74 |  1.18 |  0.95 |  1.16 |  1.12
        5276 |  0.90 |  0.92 |  0.74 |  1.18 |  0.95 |  1.16 |  1.12
        5276 |  0.90 |  0.92 |  0.74 |  1.18 |  0.95 |  1.16 |  1.12
        5276 |  0.90 |  0.92 |  0.74 |  1.18 |  0.95 |  1.16 |  1.12
        5276 |  0.90 |  0.92 |  0.74 |  1.18 |  0.95 |  1.16 |  1.12
        5276 |  0.90 |  0.92 |  0.74 |  1.18 |  0.95 |  1.16 |  1.12
        5276 |  0.90 |  0.92 |  0.74 |  1.18 |  0.95 |  1.16 |  1.12
        5276 |  0.90 |  0.92 |  0.74 |  1.18 |  0.95 |  1.16 |  1.12
        5276 |  0.90 |  0.92 |  0.74 |  1.18 |  0.95 |  1.16 |  1.12
        5276 |  0.90 |  0.92 |  0.74 |  1.18 |  0.95 |  1.16 |  1.12
        5276 |  0.90 |  0.92 |  0.74 |  1.18 |  0.95 |  1.16 |  1.12
        5276 |  0.90 |  0.92 |  0.74 |  1.18 |  0.95 |  1.16 |  1.12
        5276 |  0.90 |  0.92 |  0.74 |  1.18 |  0.95 |  1.16 |  1.12
        5276 |  0.90 |  0.92 |  0.74 |  1.18 |  0.95 |  1.16 |  1.12
        5276 |  0.90 |  0.92 |  0.74 |  1.18 |  0.95 |  1.16 |  1.12
        5276 |  0.90 |  0.92 |  0.74 |  1.18 |  0.95 |  1.16 |  1.12
        5276 |  0.90 |  0.92 |  0.74 |  1.18 |  0.95 |  1.16 |  1.12
        5276 |  0.90 |  0.92 |  0.74 |  1.18 |  0.95 |  1.16 |  1.12
        5276 |  0.90 |  0.92 |  0.74 |  1.18 |  0.95 |  1.16 |  1.12
        5276 |  0.90 |  0.92 |  0.74 |  1.18 |  0.95 |  1.16 |  1.12
        5276 |  0.90 |  0.92 |  0.74 |  1.18 |  0.95 |  1.16 |  1.12
        5276 |  0.90 |  0.92 |  0.74 |  1.18 |  0.95 |  1.16 |  1.12
        5276 |  0.90 |  0.92 |  0.74 |  1.18 |  0.95 |  1.16 |  1.12
        5276 |  0.90 |  0.92 |  0.74 |  1.18 |  0.95 |  1.16 |  1.12
        5276 |  0.90 |  0.92 |  0.74 |  1.18 |  0.95 |  1.16 |  1.12
        5276 |  0.90 |  0.92 |  0.74 |  1.18 |  0.95 |  1.16 |  1.12
        5276 |  0.90 |  0.92 |  0.74 |  1.18 |  0.95 |  1.16 |  1.12
        5276 |  0.90 |  0.92 |  0.74 |  1.18 |  0.95 |  1.16 |  1.12
        5276 |  0.90 |  0.92 |  0.74 |  1.18 |  0.95 |  1.16 |  1.12
        5276 |  0.90 |  0.92 |  0.74 |  1.18 |  0.95 |  1.16 |  1.12
        5276 |  0.90 |  0.92 |  0.74 |  1.18 |  0.95 |  1.16 |  1.12
        5276 |  0.90 |  0.92 |  0.74 |  1.18 |  0.95 |  1.16 |  1.12
        5276 |  0.90 |  0.92 |  0.74 |  1.18 |  0.95 |  1.16 |  1.12
        5276 |  0.90 |  0.92 |  0.74 |  1.18 |  0.95 |  1.16 |  1.12
        5276 |  0.90 |  0.92 |  0.74 |  1.18 |  0.95 |  1.16 |  1.12
        5276 |  0.90 |  0.92 |  0.74 |  1.18 |  0.95 |  1.16 |  1.12
        5276 |  0.90 |  0.92 |  0.74 |  1.18 |  0.95 |  1.16 |  1.12
        5276 |  0.90 |  0.92 |  0.74 |  1.18 |  0.95 |  1.16 |  1.12
        5276 |  0.90 |  0.92 |  0.74 |  1.18 |  0.95 |  1.16 |  1.12
        5276 |  0.90 |  0.92 |  0.74 |  1.18 |  0.95 |  1.16 |  1.12
        5276 |  0.90 |  0.92 |  0.74 |  1.18 |  0.95 |  1.16 |  1.12
        5276 |  0.90 |  0.92 |  0.74 |  1.18 |  0.95 |  1.16 |  1.12
        5276 |  0.90 |  0.92 |  0.74 |  1.18 |  0.95 |  1.16 |  1.12
        5276 |  0.90 |  0.92 |  0.74 |  1.18 |  0.95 |  1.16 |  1.12
        5276 |  0.90 |  0.92 |  0.74 |  1.18 |  0.95 |  1.16 |  1.12
        5276 |  0.90 |  0.92 |  0.74 |  1.18 |  0.95 |  1.16 |  1.12
        5276 |  0.90 |  0.92 |  0.74 |  1.18 |  0.95 |  1.16 |  1.12
        5276 |  0.90 |  0.92 |  0.74 |  1.18 |  0.95 |  1.16 |  1.12
        5276 |  0.90 |  0.92 |  0.74 |  1.18 |  0.95 |  1.16 |  1.12
        5277 |  0.96 |  1.02 |  0.84 |  0.98 |  1.22 |  0.87 |  1.17
        5277 |  0.96 |  1.02 |  0.84 |  0.98 |  1.22 |  0.87 |  1.17
        5277 |  0.96 |  1.02 |  0.84 |  0.98 |  1.22 |  0.87 |  1.17
        5277 |  0.96 |  1.02 |  0.84 |  0.98 |  1.22 |  0.87 |  1.17
        5277 |  0.96 |  1.02 |  0.84 |  0.98 |  1.22 |  0.87 |  1.17
        5277 |  0.96 |  1.02 |  0.84 |  0.98 |  1.22 |  0.87 |  1.17
        5277 |  0.96 |  1.02 |  0.84 |  0.98 |  1.22 |  0.87 |  1.17
        5277 |  0.96 |  1.02 |  0.84 |  0.98 |  1.22 |  0.87 |  1.17
        5277 |  0.96 |  1.02 |  0.84 |  0.98 |  1.22 |  0.87 |  1.17
        5277 |  0.96 |  1.02 |  0.84 |  0.98 |  1.22 |  0.87 |  1.17
        5277 |  0.96 |  1.02 |  0.84 |  0.98 |  1.22 |  0.87 |  1.17
        5277 |  0.96 |  1.02 |  0.84 |  0.98 |  1.22 |  0.87 |  1.17
        5277 |  0.96 |  1.02 |  0.84 |  0.98 |  1.22 |  0.87 |  1.17
        5277 |  0.96 |  1.02 |  0.84 |  0.98 |  1.22 |  0.87 |  1.17
        5277 |  0.96 |  1.02 |  0.84 |  0.98 |  1.22 |  0.87 |  1.17
        5277 |  0.96 |  1.02 |  0.84 |  0.98 |  1.22 |  0.87 |  1.17
        5277 |  0.96 |  1.02 |  0.84 |  0.98 |  1.22 |  0.87 |  1.17
        5277 |  0.96 |  1.02 |  0.84 |  0.98 |  1.22 |  0.87 |  1.17
        5277 |  0.96 |  1.02 |  0.84 |  0.98 |  1.22 |  0.87 |  1.17
        5277 |  0.96 |  1.02 |  0.84 |  0.98 |  1.22 |  0.87 |  1.17
        5277 |  0.96 |  1.02 |  0.84 |  0.98 |  1.22 |  0.87 |  1.17
        5277 |  0.96 |  1.02 |  0.84 |  0.98 |  1.22 |  0.87 |  1.17
        5277 |  0.96 |  1.02 |  0.84 |  0.98 |  1.22 |  0.87 |  1.17
        5277 |  0.96 |  1.02 |  0.84 |  0.98 |  1.22 |  0.87 |  1.17
        5277 |  0.96 |  1.02 |  0.84 |  0.98 |  1.22 |  0.87 |  1.17
        5277 |  0.96 |  1.02 |  0.84 |  0.98 |  1.22 |  0.87 |  1.17
        5277 |  0.96 |  1.02 |  0.84 |  0.98 |  1.22 |  0.87 |  1.17
        5277 |  0.96 |  1.02 |  0.84 |  0.98 |  1.22 |  0.87 |  1.17
        5277 |  0.96 |  1.02 |  0.84 |  0.98 |  1.22 |  0.87 |  1.17
        5277 |  0.96 |  1.02 |  0.84 |  0.98 |  1.22 |  0.87 |  1.17
        5277 |  0.96 |  1.02 |  0.84 |  0.98 |  1.22 |  0.87 |  1.17
        5277 |  0.96 |  1.02 |  0.84 |  0.98 |  1.22 |  0.87 |  1.17
        5277 |  0.96 |  1.02 |  0.84 |  0.98 |  1.22 |  0.87 |  1.17
        5277 |  0.96 |  1.02 |  0.84 |  0.98 |  1.22 |  0.87 |  1.17
        5277 |  0.96 |  1.02 |  0.84 |  0.98 |  1.22 |  0.87 |  1.17
        5277 |  0.96 |  1.02 |  0.84 |  0.98 |  1.22 |  0.87 |  1.17
        5277 |  0.96 |  1.02 |  0.84 |  0.98 |  1.22 |  0.87 |  1.17
        5277 |  0.96 |  1.02 |  0.84 |  0.98 |  1.22 |  0.87 |  1.17
        5277 |  0.96 |  1.02 |  0.84 |  0.98 |  1.22 |  0.87 |  1.17
        5277 |  0.96 |  1.02 |  0.84 |  0.98 |  1.22 |  0.87 |  1.17
        5277 |  0.96 |  1.02 |  0.84 |  0.98 |  1.22 |  0.87 |  1.17
        5277 |  0.96 |  1.02 |  0.84 |  0.98 |  1.22 |  0.87 |  1.17
        5277 |  0.96 |  1.02 |  0.84 |  0.98 |  1.22 |  0.87 |  1.17
        5277 |  0.96 |  1.02 |  0.84 |  0.98 |  1.22 |  0.87 |  1.17
        5277 |  0.96 |  1.02 |  0.84 |  0.98 |  1.22 |  0.87 |  1.17
        5277 |  0.96 |  1.02 |  0.84 |  0.98 |  1.22 |  0.87 |  1.17
        5277 |  0.96 |  1.02 |  0.84 |  0.98 |  1.22 |  0.87 |  1.17
        5277 |  0.96 |  1.02 |  0.84 |  0.98 |  1.22 |  0.87 |  1.17
        5277 |  0.96 |  1.02 |  0.84 |  0.98 |  1.22 |  0.87 |  1.17
        5278 |  1.26 |  1.14 |  1.13 |  1.04 |  1.06 |  3.68 |  1.29
        5278 |  1.26 |  1.14 |  1.13 |  1.04 |  1.06 |  3.68 |  1.29
        5278 |  1.26 |  1.14 |  1.13 |  1.04 |  1.06 |  3.68 |  1.29
        5278 |  1.26 |  1.14 |  1.13 |  1.04 |  1.06 |  3.68 |  1.29
        5278 |  1.26 |  1.14 |  1.13 |  1.04 |  1.06 |  3.68 |  1.29
        5278 |  1.26 |  1.14 |  1.13 |  1.04 |  1.06 |  3.68 |  1.29
        5278 |  1.26 |  1.14 |  1.13 |  1.04 |  1.06 |  3.68 |  1.29
        5278 |  1.26 |  1.14 |  1.13 |  1.04 |  1.06 |  3.68 |  1.29
        5278 |  1.26 |  1.14 |  1.13 |  1.04 |  1.06 |  3.68 |  1.29
        5278 |  1.26 |  1.14 |  1.13 |  1.04 |  1.06 |  3.68 |  1.29
        5278 |  1.26 |  1.14 |  1.13 |  1.04 |  1.06 |  3.68 |  1.29
        5278 |  1.26 |  1.14 |  1.13 |  1.04 |  1.06 |  3.68 |  1.29
        5278 |  1.26 |  1.14 |  1.13 |  1.04 |  1.06 |  3.68 |  1.29
        5278 |  1.26 |  1.14 |  1.13 |  1.04 |  1.06 |  3.68 |  1.29
        5278 |  1.26 |  1.14 |  1.13 |  1.04 |  1.06 |  3.68 |  1.29
        5278 |  1.26 |  1.14 |  1.13 |  1.04 |  1.06 |  3.68 |  1.29
        5278 |  1.26 |  1.14 |  1.13 |  1.04 |  1.06 |  3.68 |  1.29
        5278 |  1.26 |  1.14 |  1.13 |  1.04 |  1.06 |  3.68 |  1.29
        5278 |  1.26 |  1.14 |  1.13 |  1.04 |  1.06 |  3.68 |  1.29
        5278 |  1.26 |  1.14 |  1.13 |  1.04 |  1.06 |  3.68 |  1.29
        5278 |  1.26 |  1.14 |  1.13 |  1.04 |  1.06 |  3.68 |  1.29
        5278 |  1.26 |  1.14 |  1.13 |  1.04 |  1.06 |  3.68 |  1.29
        5278 |  1.26 |  1.14 |  1.13 |  1.04 |  1.06 |  3.68 |  1.29
        5278 |  1.26 |  1.14 |  1.13 |  1.04 |  1.06 |  3.68 |  1.29
        5278 |  1.26 |  1.14 |  1.13 |  1.04 |  1.06 |  3.68 |  1.29
        5278 |  1.26 |  1.14 |  1.13 |  1.04 |  1.06 |  3.68 |  1.29
        5278 |  1.26 |  1.14 |  1.13 |  1.04 |  1.06 |  3.68 |  1.29
        5278 |  1.26 |  1.14 |  1.13 |  1.04 |  1.06 |  3.68 |  1.29
        5278 |  1.26 |  1.14 |  1.13 |  1.04 |  1.06 |  3.68 |  1.29
        5278 |  1.26 |  1.14 |  1.13 |  1.04 |  1.06 |  3.68 |  1.29
        5278 |  1.26 |  1.14 |  1.13 |  1.04 |  1.06 |  3.68 |  1.29
        5278 |  1.26 |  1.14 |  1.13 |  1.04 |  1.06 |  3.68 |  1.29
        5278 |  1.26 |  1.14 |  1.13 |  1.04 |  1.06 |  3.68 |  1.29
        5278 |  1.26 |  1.14 |  1.13 |  1.04 |  1.06 |  3.68 |  1.29
        5278 |  1.26 |  1.14 |  1.13 |  1.04 |  1.06 |  3.68 |  1.29
        5278 |  1.26 |  1.14 |  1.13 |  1.04 |  1.06 |  3.68 |  1.29
        5278 |  1.26 |  1.14 |  1.13 |  1.04 |  1.06 |  3.68 |  1.29
        5278 |  1.26 |  1.14 |  1.13 |  1.04 |  1.06 |  3.68 |  1.29
        5278 |  1.26 |  1.14 |  1.13 |  1.04 |  1.06 |  3.68 |  1.29
        5278 |  1.26 |  1.14 |  1.13 |  1.04 |  1.06 |  3.68 |  1.29
        5278 |  1.26 |  1.14 |  1.13 |  1.04 |  1.06 |  3.68 |  1.29
        5278 |  1.26 |  1.14 |  1.13 |  1.04 |  1.06 |  3.68 |  1.29
        5278 |  1.26 |  1.14 |  1.13 |  1.04 |  1.06 |  3.68 |  1.29
        5278 |  1.26 |  1.14 |  1.13 |  1.04 |  1.06 |  3.68 |  1.29
        5278 |  1.26 |  1.14 |  1.13 |  1.04 |  1.06 |  3.68 |  1.29
        5278 |  1.26 |  1.14 |  1.13 |  1.04 |  1.06 |  3.68 |  1.29
        5278 |  1.26 |  1.14 |  1.13 |  1.04 |  1.06 |  3.68 |  1.29
        5278 |  1.26 |  1.14 |  1.13 |  1.04 |  1.06 |  3.68 |  1.29
        5278 |  1.26 |  1.14 |  1.13 |  1.04 |  1.06 |  3.68 |  1.29
        5279 |  0.99 |  1.18 |  0.90 |  0.89 |  0.23 |  0.68 |  1.08
        5279 |  0.99 |  1.18 |  0.90 |  0.89 |  0.23 |  0.68 |  1.08
        5279 |  0.99 |  1.18 |  0.90 |  0.89 |  0.23 |  0.68 |  1.08
        5279 |  0.99 |  1.18 |  0.90 |  0.89 |  0.23 |  0.68 |  1.08
        5279 |  0.99 |  1.18 |  0.90 |  0.89 |  0.23 |  0.68 |  1.08
        5279 |  0.99 |  1.18 |  0.90 |  0.89 |  0.23 |  0.68 |  1.08
        5279 |  0.99 |  1.18 |  0.90 |  0.89 |  0.23 |  0.68 |  1.08
        5279 |  0.99 |  1.18 |  0.90 |  0.89 |  0.23 |  0.68 |  1.08
        5279 |  0.99 |  1.18 |  0.90 |  0.89 |  0.23 |  0.68 |  1.08
        5279 |  0.99 |  1.18 |  0.90 |  0.89 |  0.23 |  0.68 |  1.08
        5279 |  0.99 |  1.18 |  0.90 |  0.89 |  0.23 |  0.68 |  1.08
        5279 |  0.99 |  1.18 |  0.90 |  0.89 |  0.23 |  0.68 |  1.08
        5279 |  0.99 |  1.18 |  0.90 |  0.89 |  0.23 |  0.68 |  1.08
        5279 |  0.99 |  1.18 |  0.90 |  0.89 |  0.23 |  0.68 |  1.08
        5279 |  0.99 |  1.18 |  0.90 |  0.89 |  0.23 |  0.68 |  1.08
        5279 |  0.99 |  1.18 |  0.90 |  0.89 |  0.23 |  0.68 |  1.08
        5279 |  0.99 |  1.18 |  0.90 |  0.89 |  0.23 |  0.68 |  1.08
        5279 |  0.99 |  1.18 |  0.90 |  0.89 |  0.23 |  0.68 |  1.08
        5279 |  0.99 |  1.18 |  0.90 |  0.89 |  0.23 |  0.68 |  1.08
        5279 |  0.99 |  1.18 |  0.90 |  0.89 |  0.23 |  0.68 |  1.08
        5279 |  0.99 |  1.18 |  0.90 |  0.89 |  0.23 |  0.68 |  1.08
        5279 |  0.99 |  1.18 |  0.90 |  0.89 |  0.23 |  0.68 |  1.08
        5279 |  0.99 |  1.18 |  0.90 |  0.89 |  0.23 |  0.68 |  1.08
        5279 |  0.99 |  1.18 |  0.90 |  0.89 |  0.23 |  0.68 |  1.08
        5279 |  0.99 |  1.18 |  0.90 |  0.89 |  0.23 |  0.68 |  1.08
        5279 |  0.99 |  1.18 |  0.90 |  0.89 |  0.23 |  0.68 |  1.08
        5279 |  0.99 |  1.18 |  0.90 |  0.89 |  0.23 |  0.68 |  1.08
        5279 |  0.99 |  1.18 |  0.90 |  0.89 |  0.23 |  0.68 |  1.08
        5279 |  0.99 |  1.18 |  0.90 |  0.89 |  0.23 |  0.68 |  1.08
        5279 |  0.99 |  1.18 |  0.90 |  0.89 |  0.23 |  0.68 |  1.08
        5279 |  0.99 |  1.18 |  0.90 |  0.89 |  0.23 |  0.68 |  1.08
        5279 |  0.99 |  1.18 |  0.90 |  0.89 |  0.23 |  0.68 |  1.08
        5279 |  0.99 |  1.18 |  0.90 |  0.89 |  0.23 |  0.68 |  1.08
        5279 |  0.99 |  1.18 |  0.90 |  0.89 |  0.23 |  0.68 |  1.08
        5279 |  0.99 |  1.18 |  0.90 |  0.89 |  0.23 |  0.68 |  1.08
        5279 |  0.99 |  1.18 |  0.90 |  0.89 |  0.23 |  0.68 |  1.08
        5279 |  0.99 |  1.18 |  0.90 |  0.89 |  0.23 |  0.68 |  1.08
        5279 |  0.99 |  1.18 |  0.90 |  0.89 |  0.23 |  0.68 |  1.08
        5279 |  0.99 |  1.18 |  0.90 |  0.89 |  0.23 |  0.68 |  1.08
        5279 |  0.99 |  1.18 |  0.90 |  0.89 |  0.23 |  0.68 |  1.08
        5279 |  0.99 |  1.18 |  0.90 |  0.89 |  0.23 |  0.68 |  1.08
        5279 |  0.99 |  1.18 |  0.90 |  0.89 |  0.23 |  0.68 |  1.08
        5279 |  0.99 |  1.18 |  0.90 |  0.89 |  0.23 |  0.68 |  1.08
        5279 |  0.99 |  1.18 |  0.90 |  0.89 |  0.23 |  0.68 |  1.08
        5279 |  0.99 |  1.18 |  0.90 |  0.89 |  0.23 |  0.68 |  1.08
        5279 |  0.99 |  1.18 |  0.90 |  0.89 |  0.23 |  0.68 |  1.08
        5279 |  0.99 |  1.18 |  0.90 |  0.89 |  0.23 |  0.68 |  1.08
        5279 |  0.99 |  1.18 |  0.90 |  0.89 |  0.23 |  0.68 |  1.08
        5279 |  0.99 |  1.18 |  0.90 |  0.89 |  0.23 |  0.68 |  1.08
        5280 |  1.38 |  0.86 |  0.95 |  1.35 |  1.24 |  0.89 |  0.97
        5280 |  1.38 |  0.86 |  0.95 |  1.35 |  1.24 |  0.89 |  0.97
        5280 |  1.38 |  0.86 |  0.95 |  1.35 |  1.24 |  0.89 |  0.97
        5280 |  1.38 |  0.86 |  0.95 |  1.35 |  1.24 |  0.89 |  0.97
        5280 |  1.38 |  0.86 |  0.95 |  1.35 |  1.24 |  0.89 |  0.97
        5280 |  1.38 |  0.86 |  0.95 |  1.35 |  1.24 |  0.89 |  0.97
        5280 |  1.38 |  0.86 |  0.95 |  1.35 |  1.24 |  0.89 |  0.97
        5280 |  1.38 |  0.86 |  0.95 |  1.35 |  1.24 |  0.89 |  0.97
        5280 |  1.38 |  0.86 |  0.95 |  1.35 |  1.24 |  0.89 |  0.97
        5280 |  1.38 |  0.86 |  0.95 |  1.35 |  1.24 |  0.89 |  0.97
        5280 |  1.38 |  0.86 |  0.95 |  1.35 |  1.24 |  0.89 |  0.97
        5280 |  1.38 |  0.86 |  0.95 |  1.35 |  1.24 |  0.89 |  0.97
        5280 |  1.38 |  0.86 |  0.95 |  1.35 |  1.24 |  0.89 |  0.97
        5280 |  1.38 |  0.86 |  0.95 |  1.35 |  1.24 |  0.89 |  0.97
        5280 |  1.38 |  0.86 |  0.95 |  1.35 |  1.24 |  0.89 |  0.97
        5280 |  1.38 |  0.86 |  0.95 |  1.35 |  1.24 |  0.89 |  0.97
        5280 |  1.38 |  0.86 |  0.95 |  1.35 |  1.24 |  0.89 |  0.97
        5280 |  1.38 |  0.86 |  0.95 |  1.35 |  1.24 |  0.89 |  0.97
        5280 |  1.38 |  0.86 |  0.95 |  1.35 |  1.24 |  0.89 |  0.97
        5280 |  1.38 |  0.86 |  0.95 |  1.35 |  1.24 |  0.89 |  0.97
        5280 |  1.38 |  0.86 |  0.95 |  1.35 |  1.24 |  0.89 |  0.97
        5280 |  1.38 |  0.86 |  0.95 |  1.35 |  1.24 |  0.89 |  0.97
        5280 |  1.38 |  0.86 |  0.95 |  1.35 |  1.24 |  0.89 |  0.97
        5280 |  1.38 |  0.86 |  0.95 |  1.35 |  1.24 |  0.89 |  0.97
        5280 |  1.38 |  0.86 |  0.95 |  1.35 |  1.24 |  0.89 |  0.97
        5280 |  1.38 |  0.86 |  0.95 |  1.35 |  1.24 |  0.89 |  0.97
        5280 |  1.38 |  0.86 |  0.95 |  1.35 |  1.24 |  0.89 |  0.97
        5280 |  1.38 |  0.86 |  0.95 |  1.35 |  1.24 |  0.89 |  0.97
        5280 |  1.38 |  0.86 |  0.95 |  1.35 |  1.24 |  0.89 |  0.97
        5280 |  1.38 |  0.86 |  0.95 |  1.35 |  1.24 |  0.89 |  0.97
        5280 |  1.38 |  0.86 |  0.95 |  1.35 |  1.24 |  0.89 |  0.97
        5280 |  1.38 |  0.86 |  0.95 |  1.35 |  1.24 |  0.89 |  0.97
        5280 |  1.38 |  0.86 |  0.95 |  1.35 |  1.24 |  0.89 |  0.97
        5280 |  1.38 |  0.86 |  0.95 |  1.35 |  1.24 |  0.89 |  0.97
        5280 |  1.38 |  0.86 |  0.95 |  1.35 |  1.24 |  0.89 |  0.97
        5280 |  1.38 |  0.86 |  0.95 |  1.35 |  1.24 |  0.89 |  0.97
        5280 |  1.38 |  0.86 |  0.95 |  1.35 |  1.24 |  0.89 |  0.97
        5280 |  1.38 |  0.86 |  0.95 |  1.35 |  1.24 |  0.89 |  0.97
        5280 |  1.38 |  0.86 |  0.95 |  1.35 |  1.24 |  0.89 |  0.97
        5280 |  1.38 |  0.86 |  0.95 |  1.35 |  1.24 |  0.89 |  0.97
        5280 |  1.38 |  0.86 |  0.95 |  1.35 |  1.24 |  0.89 |  0.97
        5280 |  1.38 |  0.86 |  0.95 |  1.35 |  1.24 |  0.89 |  0.97
        5280 |  1.38 |  0.86 |  0.95 |  1.35 |  1.24 |  0.89 |  0.97
        5280 |  1.38 |  0.86 |  0.95 |  1.35 |  1.24 |  0.89 |  0.97
        5280 |  1.38 |  0.86 |  0.95 |  1.35 |  1.24 |  0.89 |  0.97
        5280 |  1.38 |  0.86 |  0.95 |  1.35 |  1.24 |  0.89 |  0.97
        5280 |  1.38 |  0.86 |  0.95 |  1.35 |  1.24 |  0.89 |  0.97
        5280 |  1.38 |  0.86 |  0.95 |  1.35 |  1.24 |  0.89 |  0.97
        5280 |  1.38 |  0.86 |  0.95 |  1.35 |  1.24 |  0.89 |  0.97
        5281 |  0.84 |  1.29 |  1.11 |  0.90 |  0.89 |  1.19 |  0.96
        5281 |  0.84 |  1.29 |  1.11 |  0.90 |  0.89 |  1.19 |  0.96
        5281 |  0.84 |  1.29 |  1.11 |  0.90 |  0.89 |  1.19 |  0.96
        5281 |  0.84 |  1.29 |  1.11 |  0.90 |  0.89 |  1.19 |  0.96
        5281 |  0.84 |  1.29 |  1.11 |  0.90 |  0.89 |  1.19 |  0.96
        5281 |  0.84 |  1.29 |  1.11 |  0.90 |  0.89 |  1.19 |  0.96
        5281 |  0.84 |  1.29 |  1.11 |  0.90 |  0.89 |  1.19 |  0.96
        5281 |  0.84 |  1.29 |  1.11 |  0.90 |  0.89 |  1.19 |  0.96
        5281 |  0.84 |  1.29 |  1.11 |  0.90 |  0.89 |  1.19 |  0.96
        5281 |  0.84 |  1.29 |  1.11 |  0.90 |  0.89 |  1.19 |  0.96
        5281 |  0.84 |  1.29 |  1.11 |  0.90 |  0.89 |  1.19 |  0.96
        5281 |  0.84 |  1.29 |  1.11 |  0.90 |  0.89 |  1.19 |  0.96
        5281 |  0.84 |  1.29 |  1.11 |  0.90 |  0.89 |  1.19 |  0.96
        5281 |  0.84 |  1.29 |  1.11 |  0.90 |  0.89 |  1.19 |  0.96
        5281 |  0.84 |  1.29 |  1.11 |  0.90 |  0.89 |  1.19 |  0.96
        5281 |  0.84 |  1.29 |  1.11 |  0.90 |  0.89 |  1.19 |  0.96
        5281 |  0.84 |  1.29 |  1.11 |  0.90 |  0.89 |  1.19 |  0.96
        5281 |  0.84 |  1.29 |  1.11 |  0.90 |  0.89 |  1.19 |  0.96
        5281 |  0.84 |  1.29 |  1.11 |  0.90 |  0.89 |  1.19 |  0.96
        5281 |  0.84 |  1.29 |  1.11 |  0.90 |  0.89 |  1.19 |  0.96
        5281 |  0.84 |  1.29 |  1.11 |  0.90 |  0.89 |  1.19 |  0.96
        5281 |  0.84 |  1.29 |  1.11 |  0.90 |  0.89 |  1.19 |  0.96
        5281 |  0.84 |  1.29 |  1.11 |  0.90 |  0.89 |  1.19 |  0.96
        5281 |  0.84 |  1.29 |  1.11 |  0.90 |  0.89 |  1.19 |  0.96
        5281 |  0.84 |  1.29 |  1.11 |  0.90 |  0.89 |  1.19 |  0.96
        5281 |  0.84 |  1.29 |  1.11 |  0.90 |  0.89 |  1.19 |  0.96
        5281 |  0.84 |  1.29 |  1.11 |  0.90 |  0.89 |  1.19 |  0.96
        5281 |  0.84 |  1.29 |  1.11 |  0.90 |  0.89 |  1.19 |  0.96
        5281 |  0.84 |  1.29 |  1.11 |  0.90 |  0.89 |  1.19 |  0.96
        5281 |  0.84 |  1.29 |  1.11 |  0.90 |  0.89 |  1.19 |  0.96
        5281 |  0.84 |  1.29 |  1.11 |  0.90 |  0.89 |  1.19 |  0.96
        5281 |  0.84 |  1.29 |  1.11 |  0.90 |  0.89 |  1.19 |  0.96
        5281 |  0.84 |  1.29 |  1.11 |  0.90 |  0.89 |  1.19 |  0.96
        5281 |  0.84 |  1.29 |  1.11 |  0.90 |  0.89 |  1.19 |  0.96
        5281 |  0.84 |  1.29 |  1.11 |  0.90 |  0.89 |  1.19 |  0.96
        5281 |  0.84 |  1.29 |  1.11 |  0.90 |  0.89 |  1.19 |  0.96
        5281 |  0.84 |  1.29 |  1.11 |  0.90 |  0.89 |  1.19 |  0.96
        5281 |  0.84 |  1.29 |  1.11 |  0.90 |  0.89 |  1.19 |  0.96
        5281 |  0.84 |  1.29 |  1.11 |  0.90 |  0.89 |  1.19 |  0.96
        5281 |  0.84 |  1.29 |  1.11 |  0.90 |  0.89 |  1.19 |  0.96
        5281 |  0.84 |  1.29 |  1.11 |  0.90 |  0.89 |  1.19 |  0.96
        5281 |  0.84 |  1.29 |  1.11 |  0.90 |  0.89 |  1.19 |  0.96
        5281 |  0.84 |  1.29 |  1.11 |  0.90 |  0.89 |  1.19 |  0.96
        5281 |  0.84 |  1.29 |  1.11 |  0.90 |  0.89 |  1.19 |  0.96
        5281 |  0.84 |  1.29 |  1.11 |  0.90 |  0.89 |  1.19 |  0.96
        5281 |  0.84 |  1.29 |  1.11 |  0.90 |  0.89 |  1.19 |  0.96
        5281 |  0.84 |  1.29 |  1.11 |  0.90 |  0.89 |  1.19 |  0.96
        5281 |  0.84 |  1.29 |  1.11 |  0.90 |  0.89 |  1.19 |  0.96
        5281 |  0.84 |  1.29 |  1.11 |  0.90 |  0.89 |  1.19 |  0.96
        5282 |  0.97 |  0.89 |  0.95 |  1.20 |  0.83 |  0.80 |  1.14
        5282 |  0.97 |  0.89 |  0.95 |  1.20 |  0.83 |  0.80 |  1.14
        5282 |  0.97 |  0.89 |  0.95 |  1.20 |  0.83 |  0.80 |  1.14
        5282 |  0.97 |  0.89 |  0.95 |  1.20 |  0.83 |  0.80 |  1.14
        5282 |  0.97 |  0.89 |  0.95 |  1.20 |  0.83 |  0.80 |  1.14
        5282 |  0.97 |  0.89 |  0.95 |  1.20 |  0.83 |  0.80 |  1.14
        5282 |  0.97 |  0.89 |  0.95 |  1.20 |  0.83 |  0.80 |  1.14
        5282 |  0.97 |  0.89 |  0.95 |  1.20 |  0.83 |  0.80 |  1.14
        5282 |  0.97 |  0.89 |  0.95 |  1.20 |  0.83 |  0.80 |  1.14
        5282 |  0.97 |  0.89 |  0.95 |  1.20 |  0.83 |  0.80 |  1.14
        5282 |  0.97 |  0.89 |  0.95 |  1.20 |  0.83 |  0.80 |  1.14
        5282 |  0.97 |  0.89 |  0.95 |  1.20 |  0.83 |  0.80 |  1.14
        5282 |  0.97 |  0.89 |  0.95 |  1.20 |  0.83 |  0.80 |  1.14
        5282 |  0.97 |  0.89 |  0.95 |  1.20 |  0.83 |  0.80 |  1.14
        5282 |  0.97 |  0.89 |  0.95 |  1.20 |  0.83 |  0.80 |  1.14
        5282 |  0.97 |  0.89 |  0.95 |  1.20 |  0.83 |  0.80 |  1.14
        5282 |  0.97 |  0.89 |  0.95 |  1.20 |  0.83 |  0.80 |  1.14
        5282 |  0.97 |  0.89 |  0.95 |  1.20 |  0.83 |  0.80 |  1.14
        5282 |  0.97 |  0.89 |  0.95 |  1.20 |  0.83 |  0.80 |  1.14
        5282 |  0.97 |  0.89 |  0.95 |  1.20 |  0.83 |  0.80 |  1.14
        5282 |  0.97 |  0.89 |  0.95 |  1.20 |  0.83 |  0.80 |  1.14
        5282 |  0.97 |  0.89 |  0.95 |  1.20 |  0.83 |  0.80 |  1.14
        5282 |  0.97 |  0.89 |  0.95 |  1.20 |  0.83 |  0.80 |  1.14
        5282 |  0.97 |  0.89 |  0.95 |  1.20 |  0.83 |  0.80 |  1.14
        5282 |  0.97 |  0.89 |  0.95 |  1.20 |  0.83 |  0.80 |  1.14
        5282 |  0.97 |  0.89 |  0.95 |  1.20 |  0.83 |  0.80 |  1.14
        5282 |  0.97 |  0.89 |  0.95 |  1.20 |  0.83 |  0.80 |  1.14
        5282 |  0.97 |  0.89 |  0.95 |  1.20 |  0.83 |  0.80 |  1.14
        5282 |  0.97 |  0.89 |  0.95 |  1.20 |  0.83 |  0.80 |  1.14
        5282 |  0.97 |  0.89 |  0.95 |  1.20 |  0.83 |  0.80 |  1.14
        5282 |  0.97 |  0.89 |  0.95 |  1.20 |  0.83 |  0.80 |  1.14
        5282 |  0.97 |  0.89 |  0.95 |  1.20 |  0.83 |  0.80 |  1.14
        5282 |  0.97 |  0.89 |  0.95 |  1.20 |  0.83 |  0.80 |  1.14
        5282 |  0.97 |  0.89 |  0.95 |  1.20 |  0.83 |  0.80 |  1.14
        5282 |  0.97 |  0.89 |  0.95 |  1.20 |  0.83 |  0.80 |  1.14
        5282 |  0.97 |  0.89 |  0.95 |  1.20 |  0.83 |  0.80 |  1.14
        5282 |  0.97 |  0.89 |  0.95 |  1.20 |  0.83 |  0.80 |  1.14
        5282 |  0.97 |  0.89 |  0.95 |  1.20 |  0.83 |  0.80 |  1.14
        5282 |  0.97 |  0.89 |  0.95 |  1.20 |  0.83 |  0.80 |  1.14
        5282 |  0.97 |  0.89 |  0.95 |  1.20 |  0.83 |  0.80 |  1.14
        5282 |  0.97 |  0.89 |  0.95 |  1.20 |  0.83 |  0.80 |  1.14
        5282 |  0.97 |  0.89 |  0.95 |  1.20 |  0.83 |  0.80 |  1.14
        5282 |  0.97 |  0.89 |  0.95 |  1.20 |  0.83 |  0.80 |  1.14
        5282 |  0.97 |  0.89 |  0.95 |  1.20 |  0.83 |  0.80 |  1.14
        5282 |  0.97 |  0.89 |  0.95 |  1.20 |  0.83 |  0.80 |  1.14
        5282 |  0.97 |  0.89 |  0.95 |  1.20 |  0.83 |  0.80 |  1.14
        5282 |  0.97 |  0.89 |  0.95 |  1.20 |  0.83 |  0.80 |  1.14
        5282 |  0.97 |  0.89 |  0.95 |  1.20 |  0.83 |  0.80 |  1.14
        5282 |  0.97 |  0.89 |  0.95 |  1.20 |  0.83 |  0.80 |  1.14
        5283 |  0.79 |  0.99 |  1.03 |  1.08 |  1.05 |  1.03 |  1.15
        5283 |  0.79 |  0.99 |  1.03 |  1.08 |  1.05 |  1.03 |  1.15
        5283 |  0.79 |  0.99 |  1.03 |  1.08 |  1.05 |  1.03 |  1.15
        5283 |  0.79 |  0.99 |  1.03 |  1.08 |  1.05 |  1.03 |  1.15
        5283 |  0.79 |  0.99 |  1.03 |  1.08 |  1.05 |  1.03 |  1.15
        5283 |  0.79 |  0.99 |  1.03 |  1.08 |  1.05 |  1.03 |  1.15
        5283 |  0.79 |  0.99 |  1.03 |  1.08 |  1.05 |  1.03 |  1.15
        5283 |  0.79 |  0.99 |  1.03 |  1.08 |  1.05 |  1.03 |  1.15
        5283 |  0.79 |  0.99 |  1.03 |  1.08 |  1.05 |  1.03 |  1.15
        5283 |  0.79 |  0.99 |  1.03 |  1.08 |  1.05 |  1.03 |  1.15
        5283 |  0.79 |  0.99 |  1.03 |  1.08 |  1.05 |  1.03 |  1.15
        5283 |  0.79 |  0.99 |  1.03 |  1.08 |  1.05 |  1.03 |  1.15
        5283 |  0.79 |  0.99 |  1.03 |  1.08 |  1.05 |  1.03 |  1.15
        5283 |  0.79 |  0.99 |  1.03 |  1.08 |  1.05 |  1.03 |  1.15
        5283 |  0.79 |  0.99 |  1.03 |  1.08 |  1.05 |  1.03 |  1.15
        5283 |  0.79 |  0.99 |  1.03 |  1.08 |  1.05 |  1.03 |  1.15
        5283 |  0.79 |  0.99 |  1.03 |  1.08 |  1.05 |  1.03 |  1.15
        5283 |  0.79 |  0.99 |  1.03 |  1.08 |  1.05 |  1.03 |  1.15
        5283 |  0.79 |  0.99 |  1.03 |  1.08 |  1.05 |  1.03 |  1.15
        5283 |  0.79 |  0.99 |  1.03 |  1.08 |  1.05 |  1.03 |  1.15
        5283 |  0.79 |  0.99 |  1.03 |  1.08 |  1.05 |  1.03 |  1.15
        5283 |  0.79 |  0.99 |  1.03 |  1.08 |  1.05 |  1.03 |  1.15
        5283 |  0.79 |  0.99 |  1.03 |  1.08 |  1.05 |  1.03 |  1.15
        5283 |  0.79 |  0.99 |  1.03 |  1.08 |  1.05 |  1.03 |  1.15
        5283 |  0.79 |  0.99 |  1.03 |  1.08 |  1.05 |  1.03 |  1.15
        5283 |  0.79 |  0.99 |  1.03 |  1.08 |  1.05 |  1.03 |  1.15
        5283 |  0.79 |  0.99 |  1.03 |  1.08 |  1.05 |  1.03 |  1.15
        5283 |  0.79 |  0.99 |  1.03 |  1.08 |  1.05 |  1.03 |  1.15
        5283 |  0.79 |  0.99 |  1.03 |  1.08 |  1.05 |  1.03 |  1.15
        5283 |  0.79 |  0.99 |  1.03 |  1.08 |  1.05 |  1.03 |  1.15
        5283 |  0.79 |  0.99 |  1.03 |  1.08 |  1.05 |  1.03 |  1.15
        5283 |  0.79 |  0.99 |  1.03 |  1.08 |  1.05 |  1.03 |  1.15
        5283 |  0.79 |  0.99 |  1.03 |  1.08 |  1.05 |  1.03 |  1.15
        5283 |  0.79 |  0.99 |  1.03 |  1.08 |  1.05 |  1.03 |  1.15
        5283 |  0.79 |  0.99 |  1.03 |  1.08 |  1.05 |  1.03 |  1.15
        5283 |  0.79 |  0.99 |  1.03 |  1.08 |  1.05 |  1.03 |  1.15
        5283 |  0.79 |  0.99 |  1.03 |  1.08 |  1.05 |  1.03 |  1.15
        5283 |  0.79 |  0.99 |  1.03 |  1.08 |  1.05 |  1.03 |  1.15
        5283 |  0.79 |  0.99 |  1.03 |  1.08 |  1.05 |  1.03 |  1.15
        5283 |  0.79 |  0.99 |  1.03 |  1.08 |  1.05 |  1.03 |  1.15
        5283 |  0.79 |  0.99 |  1.03 |  1.08 |  1.05 |  1.03 |  1.15
        5283 |  0.79 |  0.99 |  1.03 |  1.08 |  1.05 |  1.03 |  1.15
        5283 |  0.79 |  0.99 |  1.03 |  1.08 |  1.05 |  1.03 |  1.15
        5283 |  0.79 |  0.99 |  1.03 |  1.08 |  1.05 |  1.03 |  1.15
        5283 |  0.79 |  0.99 |  1.03 |  1.08 |  1.05 |  1.03 |  1.15
        5283 |  0.79 |  0.99 |  1.03 |  1.08 |  1.05 |  1.03 |  1.15
        5283 |  0.79 |  0.99 |  1.03 |  1.08 |  1.05 |  1.03 |  1.15
        5283 |  0.79 |  0.99 |  1.03 |  1.08 |  1.05 |  1.03 |  1.15
        5283 |  0.79 |  0.99 |  1.03 |  1.08 |  1.05 |  1.03 |  1.15
        5284 |  0.79 |  1.15 |  1.08 |  1.03 |  0.97 |  1.09 |  0.77
        5284 |  0.79 |  1.15 |  1.08 |  1.03 |  0.97 |  1.09 |  0.77
        5284 |  0.79 |  1.15 |  1.08 |  1.03 |  0.97 |  1.09 |  0.77
        5284 |  0.79 |  1.15 |  1.08 |  1.03 |  0.97 |  1.09 |  0.77
        5284 |  0.79 |  1.15 |  1.08 |  1.03 |  0.97 |  1.09 |  0.77
        5284 |  0.79 |  1.15 |  1.08 |  1.03 |  0.97 |  1.09 |  0.77
        5284 |  0.79 |  1.15 |  1.08 |  1.03 |  0.97 |  1.09 |  0.77
        5284 |  0.79 |  1.15 |  1.08 |  1.03 |  0.97 |  1.09 |  0.77
        5284 |  0.79 |  1.15 |  1.08 |  1.03 |  0.97 |  1.09 |  0.77
        5284 |  0.79 |  1.15 |  1.08 |  1.03 |  0.97 |  1.09 |  0.77
        5284 |  0.79 |  1.15 |  1.08 |  1.03 |  0.97 |  1.09 |  0.77
        5284 |  0.79 |  1.15 |  1.08 |  1.03 |  0.97 |  1.09 |  0.77
        5284 |  0.79 |  1.15 |  1.08 |  1.03 |  0.97 |  1.09 |  0.77
        5284 |  0.79 |  1.15 |  1.08 |  1.03 |  0.97 |  1.09 |  0.77
        5284 |  0.79 |  1.15 |  1.08 |  1.03 |  0.97 |  1.09 |  0.77
        5284 |  0.79 |  1.15 |  1.08 |  1.03 |  0.97 |  1.09 |  0.77
        5284 |  0.79 |  1.15 |  1.08 |  1.03 |  0.97 |  1.09 |  0.77
        5284 |  0.79 |  1.15 |  1.08 |  1.03 |  0.97 |  1.09 |  0.77
        5284 |  0.79 |  1.15 |  1.08 |  1.03 |  0.97 |  1.09 |  0.77
        5284 |  0.79 |  1.15 |  1.08 |  1.03 |  0.97 |  1.09 |  0.77
        5284 |  0.79 |  1.15 |  1.08 |  1.03 |  0.97 |  1.09 |  0.77
        5284 |  0.79 |  1.15 |  1.08 |  1.03 |  0.97 |  1.09 |  0.77
        5284 |  0.79 |  1.15 |  1.08 |  1.03 |  0.97 |  1.09 |  0.77
        5284 |  0.79 |  1.15 |  1.08 |  1.03 |  0.97 |  1.09 |  0.77
        5284 |  0.79 |  1.15 |  1.08 |  1.03 |  0.97 |  1.09 |  0.77
        5284 |  0.79 |  1.15 |  1.08 |  1.03 |  0.97 |  1.09 |  0.77
        5284 |  0.79 |  1.15 |  1.08 |  1.03 |  0.97 |  1.09 |  0.77
        5284 |  0.79 |  1.15 |  1.08 |  1.03 |  0.97 |  1.09 |  0.77
        5284 |  0.79 |  1.15 |  1.08 |  1.03 |  0.97 |  1.09 |  0.77
        5284 |  0.79 |  1.15 |  1.08 |  1.03 |  0.97 |  1.09 |  0.77
        5284 |  0.79 |  1.15 |  1.08 |  1.03 |  0.97 |  1.09 |  0.77
        5284 |  0.79 |  1.15 |  1.08 |  1.03 |  0.97 |  1.09 |  0.77
        5284 |  0.79 |  1.15 |  1.08 |  1.03 |  0.97 |  1.09 |  0.77
        5284 |  0.79 |  1.15 |  1.08 |  1.03 |  0.97 |  1.09 |  0.77
        5284 |  0.79 |  1.15 |  1.08 |  1.03 |  0.97 |  1.09 |  0.77
        5284 |  0.79 |  1.15 |  1.08 |  1.03 |  0.97 |  1.09 |  0.77
        5284 |  0.79 |  1.15 |  1.08 |  1.03 |  0.97 |  1.09 |  0.77
        5284 |  0.79 |  1.15 |  1.08 |  1.03 |  0.97 |  1.09 |  0.77
        5284 |  0.79 |  1.15 |  1.08 |  1.03 |  0.97 |  1.09 |  0.77
        5284 |  0.79 |  1.15 |  1.08 |  1.03 |  0.97 |  1.09 |  0.77
        5284 |  0.79 |  1.15 |  1.08 |  1.03 |  0.97 |  1.09 |  0.77
        5284 |  0.79 |  1.15 |  1.08 |  1.03 |  0.97 |  1.09 |  0.77
        5284 |  0.79 |  1.15 |  1.08 |  1.03 |  0.97 |  1.09 |  0.77
        5284 |  0.79 |  1.15 |  1.08 |  1.03 |  0.97 |  1.09 |  0.77
        5284 |  0.79 |  1.15 |  1.08 |  1.03 |  0.97 |  1.09 |  0.77
        5284 |  0.79 |  1.15 |  1.08 |  1.03 |  0.97 |  1.09 |  0.77
        5284 |  0.79 |  1.15 |  1.08 |  1.03 |  0.97 |  1.09 |  0.77
        5284 |  0.79 |  1.15 |  1.08 |  1.03 |  0.97 |  1.09 |  0.77
        5284 |  0.79 |  1.15 |  1.08 |  1.03 |  0.97 |  1.09 |  0.77
        5285 |  1.14 |  1.05 |  1.17 |  1.21 |  1.26 |  0.93 |  1.00
        5285 |  1.14 |  1.05 |  1.17 |  1.21 |  1.26 |  0.93 |  1.00
        5285 |  1.14 |  1.05 |  1.17 |  1.21 |  1.26 |  0.93 |  1.00
        5285 |  1.14 |  1.05 |  1.17 |  1.21 |  1.26 |  0.93 |  1.00
        5285 |  1.14 |  1.05 |  1.17 |  1.21 |  1.26 |  0.93 |  1.00
        5285 |  1.14 |  1.05 |  1.17 |  1.21 |  1.26 |  0.93 |  1.00
        5285 |  1.14 |  1.05 |  1.17 |  1.21 |  1.26 |  0.93 |  1.00
        5285 |  1.14 |  1.05 |  1.17 |  1.21 |  1.26 |  0.93 |  1.00
        5285 |  1.14 |  1.05 |  1.17 |  1.21 |  1.26 |  0.93 |  1.00
        5285 |  1.14 |  1.05 |  1.17 |  1.21 |  1.26 |  0.93 |  1.00
        5285 |  1.14 |  1.05 |  1.17 |  1.21 |  1.26 |  0.93 |  1.00
        5285 |  1.14 |  1.05 |  1.17 |  1.21 |  1.26 |  0.93 |  1.00
        5285 |  1.14 |  1.05 |  1.17 |  1.21 |  1.26 |  0.93 |  1.00
        5285 |  1.14 |  1.05 |  1.17 |  1.21 |  1.26 |  0.93 |  1.00
        5285 |  1.14 |  1.05 |  1.17 |  1.21 |  1.26 |  0.93 |  1.00
        5285 |  1.14 |  1.05 |  1.17 |  1.21 |  1.26 |  0.93 |  1.00
        5285 |  1.14 |  1.05 |  1.17 |  1.21 |  1.26 |  0.93 |  1.00
        5285 |  1.14 |  1.05 |  1.17 |  1.21 |  1.26 |  0.93 |  1.00
        5285 |  1.14 |  1.05 |  1.17 |  1.21 |  1.26 |  0.93 |  1.00
        5285 |  1.14 |  1.05 |  1.17 |  1.21 |  1.26 |  0.93 |  1.00
        5285 |  1.14 |  1.05 |  1.17 |  1.21 |  1.26 |  0.93 |  1.00
        5285 |  1.14 |  1.05 |  1.17 |  1.21 |  1.26 |  0.93 |  1.00
        5285 |  1.14 |  1.05 |  1.17 |  1.21 |  1.26 |  0.93 |  1.00
        5285 |  1.14 |  1.05 |  1.17 |  1.21 |  1.26 |  0.93 |  1.00
        5285 |  1.14 |  1.05 |  1.17 |  1.21 |  1.26 |  0.93 |  1.00
        5285 |  1.14 |  1.05 |  1.17 |  1.21 |  1.26 |  0.93 |  1.00
        5285 |  1.14 |  1.05 |  1.17 |  1.21 |  1.26 |  0.93 |  1.00
        5285 |  1.14 |  1.05 |  1.17 |  1.21 |  1.26 |  0.93 |  1.00
        5285 |  1.14 |  1.05 |  1.17 |  1.21 |  1.26 |  0.93 |  1.00
        5285 |  1.14 |  1.05 |  1.17 |  1.21 |  1.26 |  0.93 |  1.00
        5285 |  1.14 |  1.05 |  1.17 |  1.21 |  1.26 |  0.93 |  1.00
        5285 |  1.14 |  1.05 |  1.17 |  1.21 |  1.26 |  0.93 |  1.00
        5285 |  1.14 |  1.05 |  1.17 |  1.21 |  1.26 |  0.93 |  1.00
        5285 |  1.14 |  1.05 |  1.17 |  1.21 |  1.26 |  0.93 |  1.00
        5285 |  1.14 |  1.05 |  1.17 |  1.21 |  1.26 |  0.93 |  1.00
        5285 |  1.14 |  1.05 |  1.17 |  1.21 |  1.26 |  0.93 |  1.00
        5285 |  1.14 |  1.05 |  1.17 |  1.21 |  1.26 |  0.93 |  1.00
        5285 |  1.14 |  1.05 |  1.17 |  1.21 |  1.26 |  0.93 |  1.00
        5285 |  1.14 |  1.05 |  1.17 |  1.21 |  1.26 |  0.93 |  1.00
        5285 |  1.14 |  1.05 |  1.17 |  1.21 |  1.26 |  0.93 |  1.00
        5285 |  1.14 |  1.05 |  1.17 |  1.21 |  1.26 |  0.93 |  1.00
        5285 |  1.14 |  1.05 |  1.17 |  1.21 |  1.26 |  0.93 |  1.00
        5285 |  1.14 |  1.05 |  1.17 |  1.21 |  1.26 |  0.93 |  1.00
        5285 |  1.14 |  1.05 |  1.17 |  1.21 |  1.26 |  0.93 |  1.00
        5285 |  1.14 |  1.05 |  1.17 |  1.21 |  1.26 |  0.93 |  1.00
        5285 |  1.14 |  1.05 |  1.17 |  1.21 |  1.26 |  0.93 |  1.00
        5285 |  1.14 |  1.05 |  1.17 |  1.21 |  1.26 |  0.93 |  1.00
        5285 |  1.14 |  1.05 |  1.17 |  1.21 |  1.26 |  0.93 |  1.00
        5285 |  1.14 |  1.05 |  1.17 |  1.21 |  1.26 |  0.93 |  1.00
        5286 |  0.99 |  1.01 |  0.90 |  1.05 |  1.38 |  1.00 |  0.92
        5286 |  0.99 |  1.01 |  0.90 |  1.05 |  1.38 |  1.00 |  0.92
        5286 |  0.99 |  1.01 |  0.90 |  1.05 |  1.38 |  1.00 |  0.92
        5286 |  0.99 |  1.01 |  0.90 |  1.05 |  1.38 |  1.00 |  0.92
        5286 |  0.99 |  1.01 |  0.90 |  1.05 |  1.38 |  1.00 |  0.92
        5286 |  0.99 |  1.01 |  0.90 |  1.05 |  1.38 |  1.00 |  0.92
        5286 |  0.99 |  1.01 |  0.90 |  1.05 |  1.38 |  1.00 |  0.92
        5286 |  0.99 |  1.01 |  0.90 |  1.05 |  1.38 |  1.00 |  0.92
        5286 |  0.99 |  1.01 |  0.90 |  1.05 |  1.38 |  1.00 |  0.92
        5286 |  0.99 |  1.01 |  0.90 |  1.05 |  1.38 |  1.00 |  0.92
        5286 |  0.99 |  1.01 |  0.90 |  1.05 |  1.38 |  1.00 |  0.92
        5286 |  0.99 |  1.01 |  0.90 |  1.05 |  1.38 |  1.00 |  0.92
        5286 |  0.99 |  1.01 |  0.90 |  1.05 |  1.38 |  1.00 |  0.92
        5286 |  0.99 |  1.01 |  0.90 |  1.05 |  1.38 |  1.00 |  0.92
        5286 |  0.99 |  1.01 |  0.90 |  1.05 |  1.38 |  1.00 |  0.92
        5286 |  0.99 |  1.01 |  0.90 |  1.05 |  1.38 |  1.00 |  0.92
        5286 |  0.99 |  1.01 |  0.90 |  1.05 |  1.38 |  1.00 |  0.92
        5286 |  0.99 |  1.01 |  0.90 |  1.05 |  1.38 |  1.00 |  0.92
        5286 |  0.99 |  1.01 |  0.90 |  1.05 |  1.38 |  1.00 |  0.92
        5286 |  0.99 |  1.01 |  0.90 |  1.05 |  1.38 |  1.00 |  0.92
        5286 |  0.99 |  1.01 |  0.90 |  1.05 |  1.38 |  1.00 |  0.92
        5286 |  0.99 |  1.01 |  0.90 |  1.05 |  1.38 |  1.00 |  0.92
        5286 |  0.99 |  1.01 |  0.90 |  1.05 |  1.38 |  1.00 |  0.92
        5286 |  0.99 |  1.01 |  0.90 |  1.05 |  1.38 |  1.00 |  0.92
        5286 |  0.99 |  1.01 |  0.90 |  1.05 |  1.38 |  1.00 |  0.92
        5286 |  0.99 |  1.01 |  0.90 |  1.05 |  1.38 |  1.00 |  0.92
        5286 |  0.99 |  1.01 |  0.90 |  1.05 |  1.38 |  1.00 |  0.92
        5286 |  0.99 |  1.01 |  0.90 |  1.05 |  1.38 |  1.00 |  0.92
        5286 |  0.99 |  1.01 |  0.90 |  1.05 |  1.38 |  1.00 |  0.92
        5286 |  0.99 |  1.01 |  0.90 |  1.05 |  1.38 |  1.00 |  0.92
        5286 |  0.99 |  1.01 |  0.90 |  1.05 |  1.38 |  1.00 |  0.92
        5286 |  0.99 |  1.01 |  0.90 |  1.05 |  1.38 |  1.00 |  0.92
        5286 |  0.99 |  1.01 |  0.90 |  1.05 |  1.38 |  1.00 |  0.92
        5286 |  0.99 |  1.01 |  0.90 |  1.05 |  1.38 |  1.00 |  0.92
        5286 |  0.99 |  1.01 |  0.90 |  1.05 |  1.38 |  1.00 |  0.92
        5286 |  0.99 |  1.01 |  0.90 |  1.05 |  1.38 |  1.00 |  0.92
        5286 |  0.99 |  1.01 |  0.90 |  1.05 |  1.38 |  1.00 |  0.92
        5286 |  0.99 |  1.01 |  0.90 |  1.05 |  1.38 |  1.00 |  0.92
        5286 |  0.99 |  1.01 |  0.90 |  1.05 |  1.38 |  1.00 |  0.92
        5286 |  0.99 |  1.01 |  0.90 |  1.05 |  1.38 |  1.00 |  0.92
        5286 |  0.99 |  1.01 |  0.90 |  1.05 |  1.38 |  1.00 |  0.92
        5286 |  0.99 |  1.01 |  0.90 |  1.05 |  1.38 |  1.00 |  0.92
        5286 |  0.99 |  1.01 |  0.90 |  1.05 |  1.38 |  1.00 |  0.92
        5286 |  0.99 |  1.01 |  0.90 |  1.05 |  1.38 |  1.00 |  0.92
        5286 |  0.99 |  1.01 |  0.90 |  1.05 |  1.38 |  1.00 |  0.92
        5286 |  0.99 |  1.01 |  0.90 |  1.05 |  1.38 |  1.00 |  0.92
        5286 |  0.99 |  1.01 |  0.90 |  1.05 |  1.38 |  1.00 |  0.92
        5286 |  0.99 |  1.01 |  0.90 |  1.05 |  1.38 |  1.00 |  0.92
        5286 |  0.99 |  1.01 |  0.90 |  1.05 |  1.38 |  1.00 |  0.92
        5287 |  1.15 |  0.96 |  1.17 |  0.98 |  1.19 |  0.96 |  0.97
        5287 |  1.15 |  0.96 |  1.17 |  0.98 |  1.19 |  0.96 |  0.97
        5287 |  1.15 |  0.96 |  1.17 |  0.98 |  1.19 |  0.96 |  0.97
        5287 |  1.15 |  0.96 |  1.17 |  0.98 |  1.19 |  0.96 |  0.97
        5287 |  1.15 |  0.96 |  1.17 |  0.98 |  1.19 |  0.96 |  0.97
        5287 |  1.15 |  0.96 |  1.17 |  0.98 |  1.19 |  0.96 |  0.97
        5287 |  1.15 |  0.96 |  1.17 |  0.98 |  1.19 |  0.96 |  0.97
        5287 |  1.15 |  0.96 |  1.17 |  0.98 |  1.19 |  0.96 |  0.97
        5287 |  1.15 |  0.96 |  1.17 |  0.98 |  1.19 |  0.96 |  0.97
        5287 |  1.15 |  0.96 |  1.17 |  0.98 |  1.19 |  0.96 |  0.97
        5287 |  1.15 |  0.96 |  1.17 |  0.98 |  1.19 |  0.96 |  0.97
        5287 |  1.15 |  0.96 |  1.17 |  0.98 |  1.19 |  0.96 |  0.97
        5287 |  1.15 |  0.96 |  1.17 |  0.98 |  1.19 |  0.96 |  0.97
        5287 |  1.15 |  0.96 |  1.17 |  0.98 |  1.19 |  0.96 |  0.97
        5287 |  1.15 |  0.96 |  1.17 |  0.98 |  1.19 |  0.96 |  0.97
        5287 |  1.15 |  0.96 |  1.17 |  0.98 |  1.19 |  0.96 |  0.97
        5287 |  1.15 |  0.96 |  1.17 |  0.98 |  1.19 |  0.96 |  0.97
        5287 |  1.15 |  0.96 |  1.17 |  0.98 |  1.19 |  0.96 |  0.97
        5287 |  1.15 |  0.96 |  1.17 |  0.98 |  1.19 |  0.96 |  0.97
        5287 |  1.15 |  0.96 |  1.17 |  0.98 |  1.19 |  0.96 |  0.97
        5287 |  1.15 |  0.96 |  1.17 |  0.98 |  1.19 |  0.96 |  0.97
        5287 |  1.15 |  0.96 |  1.17 |  0.98 |  1.19 |  0.96 |  0.97
        5287 |  1.15 |  0.96 |  1.17 |  0.98 |  1.19 |  0.96 |  0.97
        5287 |  1.15 |  0.96 |  1.17 |  0.98 |  1.19 |  0.96 |  0.97
        5287 |  1.15 |  0.96 |  1.17 |  0.98 |  1.19 |  0.96 |  0.97
        5287 |  1.15 |  0.96 |  1.17 |  0.98 |  1.19 |  0.96 |  0.97
        5287 |  1.15 |  0.96 |  1.17 |  0.98 |  1.19 |  0.96 |  0.97
        5287 |  1.15 |  0.96 |  1.17 |  0.98 |  1.19 |  0.96 |  0.97
        5287 |  1.15 |  0.96 |  1.17 |  0.98 |  1.19 |  0.96 |  0.97
        5287 |  1.15 |  0.96 |  1.17 |  0.98 |  1.19 |  0.96 |  0.97
        5287 |  1.15 |  0.96 |  1.17 |  0.98 |  1.19 |  0.96 |  0.97
        5287 |  1.15 |  0.96 |  1.17 |  0.98 |  1.19 |  0.96 |  0.97
        5287 |  1.15 |  0.96 |  1.17 |  0.98 |  1.19 |  0.96 |  0.97
        5287 |  1.15 |  0.96 |  1.17 |  0.98 |  1.19 |  0.96 |  0.97
        5287 |  1.15 |  0.96 |  1.17 |  0.98 |  1.19 |  0.96 |  0.97
        5287 |  1.15 |  0.96 |  1.17 |  0.98 |  1.19 |  0.96 |  0.97
        5287 |  1.15 |  0.96 |  1.17 |  0.98 |  1.19 |  0.96 |  0.97
        5287 |  1.15 |  0.96 |  1.17 |  0.98 |  1.19 |  0.96 |  0.97
        5287 |  1.15 |  0.96 |  1.17 |  0.98 |  1.19 |  0.96 |  0.97
        5287 |  1.15 |  0.96 |  1.17 |  0.98 |  1.19 |  0.96 |  0.97
        5287 |  1.15 |  0.96 |  1.17 |  0.98 |  1.19 |  0.96 |  0.97
        5287 |  1.15 |  0.96 |  1.17 |  0.98 |  1.19 |  0.96 |  0.97
        5287 |  1.15 |  0.96 |  1.17 |  0.98 |  1.19 |  0.96 |  0.97
        5287 |  1.15 |  0.96 |  1.17 |  0.98 |  1.19 |  0.96 |  0.97
        5287 |  1.15 |  0.96 |  1.17 |  0.98 |  1.19 |  0.96 |  0.97
        5287 |  1.15 |  0.96 |  1.17 |  0.98 |  1.19 |  0.96 |  0.97
        5287 |  1.15 |  0.96 |  1.17 |  0.98 |  1.19 |  0.96 |  0.97
        5287 |  1.15 |  0.96 |  1.17 |  0.98 |  1.19 |  0.96 |  0.97
        5287 |  1.15 |  0.96 |  1.17 |  0.98 |  1.19 |  0.96 |  0.97
        5288 |  1.13 |  0.79 |  0.71 |  0.99 |  1.47 |  1.13 |  1.17
        5288 |  1.13 |  0.79 |  0.71 |  0.99 |  1.47 |  1.13 |  1.17
        5288 |  1.13 |  0.79 |  0.71 |  0.99 |  1.47 |  1.13 |  1.17
        5288 |  1.13 |  0.79 |  0.71 |  0.99 |  1.47 |  1.13 |  1.17
        5288 |  1.13 |  0.79 |  0.71 |  0.99 |  1.47 |  1.13 |  1.17
        5288 |  1.13 |  0.79 |  0.71 |  0.99 |  1.47 |  1.13 |  1.17
        5288 |  1.13 |  0.79 |  0.71 |  0.99 |  1.47 |  1.13 |  1.17
        5288 |  1.13 |  0.79 |  0.71 |  0.99 |  1.47 |  1.13 |  1.17
        5288 |  1.13 |  0.79 |  0.71 |  0.99 |  1.47 |  1.13 |  1.17
        5288 |  1.13 |  0.79 |  0.71 |  0.99 |  1.47 |  1.13 |  1.17
        5288 |  1.13 |  0.79 |  0.71 |  0.99 |  1.47 |  1.13 |  1.17
        5288 |  1.13 |  0.79 |  0.71 |  0.99 |  1.47 |  1.13 |  1.17
        5288 |  1.13 |  0.79 |  0.71 |  0.99 |  1.47 |  1.13 |  1.17
        5288 |  1.13 |  0.79 |  0.71 |  0.99 |  1.47 |  1.13 |  1.17
        5288 |  1.13 |  0.79 |  0.71 |  0.99 |  1.47 |  1.13 |  1.17
        5288 |  1.13 |  0.79 |  0.71 |  0.99 |  1.47 |  1.13 |  1.17
        5288 |  1.13 |  0.79 |  0.71 |  0.99 |  1.47 |  1.13 |  1.17
        5288 |  1.13 |  0.79 |  0.71 |  0.99 |  1.47 |  1.13 |  1.17
        5288 |  1.13 |  0.79 |  0.71 |  0.99 |  1.47 |  1.13 |  1.17
        5288 |  1.13 |  0.79 |  0.71 |  0.99 |  1.47 |  1.13 |  1.17
        5288 |  1.13 |  0.79 |  0.71 |  0.99 |  1.47 |  1.13 |  1.17
        5288 |  1.13 |  0.79 |  0.71 |  0.99 |  1.47 |  1.13 |  1.17
        5288 |  1.13 |  0.79 |  0.71 |  0.99 |  1.47 |  1.13 |  1.17
        5288 |  1.13 |  0.79 |  0.71 |  0.99 |  1.47 |  1.13 |  1.17
        5288 |  1.13 |  0.79 |  0.71 |  0.99 |  1.47 |  1.13 |  1.17
        5288 |  1.13 |  0.79 |  0.71 |  0.99 |  1.47 |  1.13 |  1.17
        5288 |  1.13 |  0.79 |  0.71 |  0.99 |  1.47 |  1.13 |  1.17
        5288 |  1.13 |  0.79 |  0.71 |  0.99 |  1.47 |  1.13 |  1.17
        5288 |  1.13 |  0.79 |  0.71 |  0.99 |  1.47 |  1.13 |  1.17
        5288 |  1.13 |  0.79 |  0.71 |  0.99 |  1.47 |  1.13 |  1.17
        5288 |  1.13 |  0.79 |  0.71 |  0.99 |  1.47 |  1.13 |  1.17
        5288 |  1.13 |  0.79 |  0.71 |  0.99 |  1.47 |  1.13 |  1.17
        5288 |  1.13 |  0.79 |  0.71 |  0.99 |  1.47 |  1.13 |  1.17
        5288 |  1.13 |  0.79 |  0.71 |  0.99 |  1.47 |  1.13 |  1.17
        5288 |  1.13 |  0.79 |  0.71 |  0.99 |  1.47 |  1.13 |  1.17
        5288 |  1.13 |  0.79 |  0.71 |  0.99 |  1.47 |  1.13 |  1.17
        5288 |  1.13 |  0.79 |  0.71 |  0.99 |  1.47 |  1.13 |  1.17
        5288 |  1.13 |  0.79 |  0.71 |  0.99 |  1.47 |  1.13 |  1.17
        5288 |  1.13 |  0.79 |  0.71 |  0.99 |  1.47 |  1.13 |  1.17
        5288 |  1.13 |  0.79 |  0.71 |  0.99 |  1.47 |  1.13 |  1.17
        5288 |  1.13 |  0.79 |  0.71 |  0.99 |  1.47 |  1.13 |  1.17
        5288 |  1.13 |  0.79 |  0.71 |  0.99 |  1.47 |  1.13 |  1.17
        5288 |  1.13 |  0.79 |  0.71 |  0.99 |  1.47 |  1.13 |  1.17
        5288 |  1.13 |  0.79 |  0.71 |  0.99 |  1.47 |  1.13 |  1.17
        5288 |  1.13 |  0.79 |  0.71 |  0.99 |  1.47 |  1.13 |  1.17
        5288 |  1.13 |  0.79 |  0.71 |  0.99 |  1.47 |  1.13 |  1.17
        5288 |  1.13 |  0.79 |  0.71 |  0.99 |  1.47 |  1.13 |  1.17
        5288 |  1.13 |  0.79 |  0.71 |  0.99 |  1.47 |  1.13 |  1.17
        5288 |  1.13 |  0.79 |  0.71 |  0.99 |  1.47 |  1.13 |  1.17
        5289 |  0.85 |  1.00 |  0.85 |  1.25 |  1.24 |  0.99 |  0.93
        5289 |  0.85 |  1.00 |  0.85 |  1.25 |  1.24 |  0.99 |  0.93
        5289 |  0.85 |  1.00 |  0.85 |  1.25 |  1.24 |  0.99 |  0.93
        5289 |  0.85 |  1.00 |  0.85 |  1.25 |  1.24 |  0.99 |  0.93
        5289 |  0.85 |  1.00 |  0.85 |  1.25 |  1.24 |  0.99 |  0.93
        5289 |  0.85 |  1.00 |  0.85 |  1.25 |  1.24 |  0.99 |  0.93
        5289 |  0.85 |  1.00 |  0.85 |  1.25 |  1.24 |  0.99 |  0.93
        5289 |  0.85 |  1.00 |  0.85 |  1.25 |  1.24 |  0.99 |  0.93
        5289 |  0.85 |  1.00 |  0.85 |  1.25 |  1.24 |  0.99 |  0.93
        5289 |  0.85 |  1.00 |  0.85 |  1.25 |  1.24 |  0.99 |  0.93
        5289 |  0.85 |  1.00 |  0.85 |  1.25 |  1.24 |  0.99 |  0.93
        5289 |  0.85 |  1.00 |  0.85 |  1.25 |  1.24 |  0.99 |  0.93
        5289 |  0.85 |  1.00 |  0.85 |  1.25 |  1.24 |  0.99 |  0.93
        5289 |  0.85 |  1.00 |  0.85 |  1.25 |  1.24 |  0.99 |  0.93
        5289 |  0.85 |  1.00 |  0.85 |  1.25 |  1.24 |  0.99 |  0.93
        5289 |  0.85 |  1.00 |  0.85 |  1.25 |  1.24 |  0.99 |  0.93
        5289 |  0.85 |  1.00 |  0.85 |  1.25 |  1.24 |  0.99 |  0.93
        5289 |  0.85 |  1.00 |  0.85 |  1.25 |  1.24 |  0.99 |  0.93
        5289 |  0.85 |  1.00 |  0.85 |  1.25 |  1.24 |  0.99 |  0.93
        5289 |  0.85 |  1.00 |  0.85 |  1.25 |  1.24 |  0.99 |  0.93
        5289 |  0.85 |  1.00 |  0.85 |  1.25 |  1.24 |  0.99 |  0.93
        5289 |  0.85 |  1.00 |  0.85 |  1.25 |  1.24 |  0.99 |  0.93
        5289 |  0.85 |  1.00 |  0.85 |  1.25 |  1.24 |  0.99 |  0.93
        5289 |  0.85 |  1.00 |  0.85 |  1.25 |  1.24 |  0.99 |  0.93
        5289 |  0.85 |  1.00 |  0.85 |  1.25 |  1.24 |  0.99 |  0.93
        5289 |  0.85 |  1.00 |  0.85 |  1.25 |  1.24 |  0.99 |  0.93
        5289 |  0.85 |  1.00 |  0.85 |  1.25 |  1.24 |  0.99 |  0.93
        5289 |  0.85 |  1.00 |  0.85 |  1.25 |  1.24 |  0.99 |  0.93
        5289 |  0.85 |  1.00 |  0.85 |  1.25 |  1.24 |  0.99 |  0.93
        5289 |  0.85 |  1.00 |  0.85 |  1.25 |  1.24 |  0.99 |  0.93
        5289 |  0.85 |  1.00 |  0.85 |  1.25 |  1.24 |  0.99 |  0.93
        5289 |  0.85 |  1.00 |  0.85 |  1.25 |  1.24 |  0.99 |  0.93
        5289 |  0.85 |  1.00 |  0.85 |  1.25 |  1.24 |  0.99 |  0.93
        5289 |  0.85 |  1.00 |  0.85 |  1.25 |  1.24 |  0.99 |  0.93
        5289 |  0.85 |  1.00 |  0.85 |  1.25 |  1.24 |  0.99 |  0.93
        5289 |  0.85 |  1.00 |  0.85 |  1.25 |  1.24 |  0.99 |  0.93
        5289 |  0.85 |  1.00 |  0.85 |  1.25 |  1.24 |  0.99 |  0.93
        5289 |  0.85 |  1.00 |  0.85 |  1.25 |  1.24 |  0.99 |  0.93
        5289 |  0.85 |  1.00 |  0.85 |  1.25 |  1.24 |  0.99 |  0.93
        5289 |  0.85 |  1.00 |  0.85 |  1.25 |  1.24 |  0.99 |  0.93
        5289 |  0.85 |  1.00 |  0.85 |  1.25 |  1.24 |  0.99 |  0.93
        5289 |  0.85 |  1.00 |  0.85 |  1.25 |  1.24 |  0.99 |  0.93
        5289 |  0.85 |  1.00 |  0.85 |  1.25 |  1.24 |  0.99 |  0.93
        5289 |  0.85 |  1.00 |  0.85 |  1.25 |  1.24 |  0.99 |  0.93
        5289 |  0.85 |  1.00 |  0.85 |  1.25 |  1.24 |  0.99 |  0.93
        5289 |  0.85 |  1.00 |  0.85 |  1.25 |  1.24 |  0.99 |  0.93
        5289 |  0.85 |  1.00 |  0.85 |  1.25 |  1.24 |  0.99 |  0.93
        5289 |  0.85 |  1.00 |  0.85 |  1.25 |  1.24 |  0.99 |  0.93
        5289 |  0.85 |  1.00 |  0.85 |  1.25 |  1.24 |  0.99 |  0.93
        5290 |  1.17 |  1.08 |  1.11 |  0.90 |  1.04 |  0.86 |  1.04
        5290 |  1.17 |  1.08 |  1.11 |  0.90 |  1.04 |  0.86 |  1.04
        5290 |  1.17 |  1.08 |  1.11 |  0.90 |  1.04 |  0.86 |  1.04
        5290 |  1.17 |  1.08 |  1.11 |  0.90 |  1.04 |  0.86 |  1.04
        5290 |  1.17 |  1.08 |  1.11 |  0.90 |  1.04 |  0.86 |  1.04
        5290 |  1.17 |  1.08 |  1.11 |  0.90 |  1.04 |  0.86 |  1.04
        5290 |  1.17 |  1.08 |  1.11 |  0.90 |  1.04 |  0.86 |  1.04
        5290 |  1.17 |  1.08 |  1.11 |  0.90 |  1.04 |  0.86 |  1.04
        5290 |  1.17 |  1.08 |  1.11 |  0.90 |  1.04 |  0.86 |  1.04
        5290 |  1.17 |  1.08 |  1.11 |  0.90 |  1.04 |  0.86 |  1.04
        5290 |  1.17 |  1.08 |  1.11 |  0.90 |  1.04 |  0.86 |  1.04
        5290 |  1.17 |  1.08 |  1.11 |  0.90 |  1.04 |  0.86 |  1.04
        5290 |  1.17 |  1.08 |  1.11 |  0.90 |  1.04 |  0.86 |  1.04
        5290 |  1.17 |  1.08 |  1.11 |  0.90 |  1.04 |  0.86 |  1.04
        5290 |  1.17 |  1.08 |  1.11 |  0.90 |  1.04 |  0.86 |  1.04
        5290 |  1.17 |  1.08 |  1.11 |  0.90 |  1.04 |  0.86 |  1.04
        5290 |  1.17 |  1.08 |  1.11 |  0.90 |  1.04 |  0.86 |  1.04
        5290 |  1.17 |  1.08 |  1.11 |  0.90 |  1.04 |  0.86 |  1.04
        5290 |  1.17 |  1.08 |  1.11 |  0.90 |  1.04 |  0.86 |  1.04
        5290 |  1.17 |  1.08 |  1.11 |  0.90 |  1.04 |  0.86 |  1.04
        5290 |  1.17 |  1.08 |  1.11 |  0.90 |  1.04 |  0.86 |  1.04
        5290 |  1.17 |  1.08 |  1.11 |  0.90 |  1.04 |  0.86 |  1.04
        5290 |  1.17 |  1.08 |  1.11 |  0.90 |  1.04 |  0.86 |  1.04
        5290 |  1.17 |  1.08 |  1.11 |  0.90 |  1.04 |  0.86 |  1.04
        5290 |  1.17 |  1.08 |  1.11 |  0.90 |  1.04 |  0.86 |  1.04
        5290 |  1.17 |  1.08 |  1.11 |  0.90 |  1.04 |  0.86 |  1.04
        5290 |  1.17 |  1.08 |  1.11 |  0.90 |  1.04 |  0.86 |  1.04
        5290 |  1.17 |  1.08 |  1.11 |  0.90 |  1.04 |  0.86 |  1.04
        5290 |  1.17 |  1.08 |  1.11 |  0.90 |  1.04 |  0.86 |  1.04
        5290 |  1.17 |  1.08 |  1.11 |  0.90 |  1.04 |  0.86 |  1.04
        5290 |  1.17 |  1.08 |  1.11 |  0.90 |  1.04 |  0.86 |  1.04
        5290 |  1.17 |  1.08 |  1.11 |  0.90 |  1.04 |  0.86 |  1.04
        5290 |  1.17 |  1.08 |  1.11 |  0.90 |  1.04 |  0.86 |  1.04
        5290 |  1.17 |  1.08 |  1.11 |  0.90 |  1.04 |  0.86 |  1.04
        5290 |  1.17 |  1.08 |  1.11 |  0.90 |  1.04 |  0.86 |  1.04
        5290 |  1.17 |  1.08 |  1.11 |  0.90 |  1.04 |  0.86 |  1.04
        5290 |  1.17 |  1.08 |  1.11 |  0.90 |  1.04 |  0.86 |  1.04
        5290 |  1.17 |  1.08 |  1.11 |  0.90 |  1.04 |  0.86 |  1.04
        5290 |  1.17 |  1.08 |  1.11 |  0.90 |  1.04 |  0.86 |  1.04
        5290 |  1.17 |  1.08 |  1.11 |  0.90 |  1.04 |  0.86 |  1.04
        5290 |  1.17 |  1.08 |  1.11 |  0.90 |  1.04 |  0.86 |  1.04
        5290 |  1.17 |  1.08 |  1.11 |  0.90 |  1.04 |  0.86 |  1.04
        5290 |  1.17 |  1.08 |  1.11 |  0.90 |  1.04 |  0.86 |  1.04
        5290 |  1.17 |  1.08 |  1.11 |  0.90 |  1.04 |  0.86 |  1.04
        5290 |  1.17 |  1.08 |  1.11 |  0.90 |  1.04 |  0.86 |  1.04
        5290 |  1.17 |  1.08 |  1.11 |  0.90 |  1.04 |  0.86 |  1.04
        5290 |  1.17 |  1.08 |  1.11 |  0.90 |  1.04 |  0.86 |  1.04
        5290 |  1.17 |  1.08 |  1.11 |  0.90 |  1.04 |  0.86 |  1.04
        5290 |  1.17 |  1.08 |  1.11 |  0.90 |  1.04 |  0.86 |  1.04
        5291 |  1.26 |  1.10 |  1.05 |  1.11 |  0.90 |  0.69 |  0.81
        5291 |  1.26 |  1.10 |  1.05 |  1.11 |  0.90 |  0.69 |  0.81
        5291 |  1.26 |  1.10 |  1.05 |  1.11 |  0.90 |  0.69 |  0.81
        5291 |  1.26 |  1.10 |  1.05 |  1.11 |  0.90 |  0.69 |  0.81
        5291 |  1.26 |  1.10 |  1.05 |  1.11 |  0.90 |  0.69 |  0.81
        5291 |  1.26 |  1.10 |  1.05 |  1.11 |  0.90 |  0.69 |  0.81
        5291 |  1.26 |  1.10 |  1.05 |  1.11 |  0.90 |  0.69 |  0.81
        5291 |  1.26 |  1.10 |  1.05 |  1.11 |  0.90 |  0.69 |  0.81
        5291 |  1.26 |  1.10 |  1.05 |  1.11 |  0.90 |  0.69 |  0.81
        5291 |  1.26 |  1.10 |  1.05 |  1.11 |  0.90 |  0.69 |  0.81
        5291 |  1.26 |  1.10 |  1.05 |  1.11 |  0.90 |  0.69 |  0.81
        5291 |  1.26 |  1.10 |  1.05 |  1.11 |  0.90 |  0.69 |  0.81
        5291 |  1.26 |  1.10 |  1.05 |  1.11 |  0.90 |  0.69 |  0.81
        5291 |  1.26 |  1.10 |  1.05 |  1.11 |  0.90 |  0.69 |  0.81
        5291 |  1.26 |  1.10 |  1.05 |  1.11 |  0.90 |  0.69 |  0.81
        5291 |  1.26 |  1.10 |  1.05 |  1.11 |  0.90 |  0.69 |  0.81
        5291 |  1.26 |  1.10 |  1.05 |  1.11 |  0.90 |  0.69 |  0.81
        5291 |  1.26 |  1.10 |  1.05 |  1.11 |  0.90 |  0.69 |  0.81
        5291 |  1.26 |  1.10 |  1.05 |  1.11 |  0.90 |  0.69 |  0.81
        5291 |  1.26 |  1.10 |  1.05 |  1.11 |  0.90 |  0.69 |  0.81
        5291 |  1.26 |  1.10 |  1.05 |  1.11 |  0.90 |  0.69 |  0.81
        5291 |  1.26 |  1.10 |  1.05 |  1.11 |  0.90 |  0.69 |  0.81
        5291 |  1.26 |  1.10 |  1.05 |  1.11 |  0.90 |  0.69 |  0.81
        5291 |  1.26 |  1.10 |  1.05 |  1.11 |  0.90 |  0.69 |  0.81
        5291 |  1.26 |  1.10 |  1.05 |  1.11 |  0.90 |  0.69 |  0.81
        5291 |  1.26 |  1.10 |  1.05 |  1.11 |  0.90 |  0.69 |  0.81
        5291 |  1.26 |  1.10 |  1.05 |  1.11 |  0.90 |  0.69 |  0.81
        5291 |  1.26 |  1.10 |  1.05 |  1.11 |  0.90 |  0.69 |  0.81
        5291 |  1.26 |  1.10 |  1.05 |  1.11 |  0.90 |  0.69 |  0.81
        5291 |  1.26 |  1.10 |  1.05 |  1.11 |  0.90 |  0.69 |  0.81
        5291 |  1.26 |  1.10 |  1.05 |  1.11 |  0.90 |  0.69 |  0.81
        5291 |  1.26 |  1.10 |  1.05 |  1.11 |  0.90 |  0.69 |  0.81
        5291 |  1.26 |  1.10 |  1.05 |  1.11 |  0.90 |  0.69 |  0.81
        5291 |  1.26 |  1.10 |  1.05 |  1.11 |  0.90 |  0.69 |  0.81
        5291 |  1.26 |  1.10 |  1.05 |  1.11 |  0.90 |  0.69 |  0.81
        5291 |  1.26 |  1.10 |  1.05 |  1.11 |  0.90 |  0.69 |  0.81
        5291 |  1.26 |  1.10 |  1.05 |  1.11 |  0.90 |  0.69 |  0.81
        5291 |  1.26 |  1.10 |  1.05 |  1.11 |  0.90 |  0.69 |  0.81
        5291 |  1.26 |  1.10 |  1.05 |  1.11 |  0.90 |  0.69 |  0.81
        5291 |  1.26 |  1.10 |  1.05 |  1.11 |  0.90 |  0.69 |  0.81
        5291 |  1.26 |  1.10 |  1.05 |  1.11 |  0.90 |  0.69 |  0.81
        5291 |  1.26 |  1.10 |  1.05 |  1.11 |  0.90 |  0.69 |  0.81
        5291 |  1.26 |  1.10 |  1.05 |  1.11 |  0.90 |  0.69 |  0.81
        5291 |  1.26 |  1.10 |  1.05 |  1.11 |  0.90 |  0.69 |  0.81
        5291 |  1.26 |  1.10 |  1.05 |  1.11 |  0.90 |  0.69 |  0.81
        5291 |  1.26 |  1.10 |  1.05 |  1.11 |  0.90 |  0.69 |  0.81
        5291 |  1.26 |  1.10 |  1.05 |  1.11 |  0.90 |  0.69 |  0.81
        5291 |  1.26 |  1.10 |  1.05 |  1.11 |  0.90 |  0.69 |  0.81
        5291 |  1.26 |  1.10 |  1.05 |  1.11 |  0.90 |  0.69 |  0.81
        5292 |  1.10 |  0.96 |  1.03 |  0.97 |  0.96 |  1.06 |  1.15
        5292 |  1.10 |  0.96 |  1.03 |  0.97 |  0.96 |  1.06 |  1.15
        5292 |  1.10 |  0.96 |  1.03 |  0.97 |  0.96 |  1.06 |  1.15
        5292 |  1.10 |  0.96 |  1.03 |  0.97 |  0.96 |  1.06 |  1.15
        5292 |  1.10 |  0.96 |  1.03 |  0.97 |  0.96 |  1.06 |  1.15
        5292 |  1.10 |  0.96 |  1.03 |  0.97 |  0.96 |  1.06 |  1.15
        5292 |  1.10 |  0.96 |  1.03 |  0.97 |  0.96 |  1.06 |  1.15
        5292 |  1.10 |  0.96 |  1.03 |  0.97 |  0.96 |  1.06 |  1.15
        5292 |  1.10 |  0.96 |  1.03 |  0.97 |  0.96 |  1.06 |  1.15
        5292 |  1.10 |  0.96 |  1.03 |  0.97 |  0.96 |  1.06 |  1.15
        5292 |  1.10 |  0.96 |  1.03 |  0.97 |  0.96 |  1.06 |  1.15
        5292 |  1.10 |  0.96 |  1.03 |  0.97 |  0.96 |  1.06 |  1.15
        5292 |  1.10 |  0.96 |  1.03 |  0.97 |  0.96 |  1.06 |  1.15
        5292 |  1.10 |  0.96 |  1.03 |  0.97 |  0.96 |  1.06 |  1.15
        5292 |  1.10 |  0.96 |  1.03 |  0.97 |  0.96 |  1.06 |  1.15
        5292 |  1.10 |  0.96 |  1.03 |  0.97 |  0.96 |  1.06 |  1.15
        5292 |  1.10 |  0.96 |  1.03 |  0.97 |  0.96 |  1.06 |  1.15
        5292 |  1.10 |  0.96 |  1.03 |  0.97 |  0.96 |  1.06 |  1.15
        5292 |  1.10 |  0.96 |  1.03 |  0.97 |  0.96 |  1.06 |  1.15
        5292 |  1.10 |  0.96 |  1.03 |  0.97 |  0.96 |  1.06 |  1.15
        5292 |  1.10 |  0.96 |  1.03 |  0.97 |  0.96 |  1.06 |  1.15
        5292 |  1.10 |  0.96 |  1.03 |  0.97 |  0.96 |  1.06 |  1.15
        5292 |  1.10 |  0.96 |  1.03 |  0.97 |  0.96 |  1.06 |  1.15
        5292 |  1.10 |  0.96 |  1.03 |  0.97 |  0.96 |  1.06 |  1.15
        5292 |  1.10 |  0.96 |  1.03 |  0.97 |  0.96 |  1.06 |  1.15
        5292 |  1.10 |  0.96 |  1.03 |  0.97 |  0.96 |  1.06 |  1.15
        5292 |  1.10 |  0.96 |  1.03 |  0.97 |  0.96 |  1.06 |  1.15
        5292 |  1.10 |  0.96 |  1.03 |  0.97 |  0.96 |  1.06 |  1.15
        5292 |  1.10 |  0.96 |  1.03 |  0.97 |  0.96 |  1.06 |  1.15
        5292 |  1.10 |  0.96 |  1.03 |  0.97 |  0.96 |  1.06 |  1.15
        5292 |  1.10 |  0.96 |  1.03 |  0.97 |  0.96 |  1.06 |  1.15
        5292 |  1.10 |  0.96 |  1.03 |  0.97 |  0.96 |  1.06 |  1.15
        5292 |  1.10 |  0.96 |  1.03 |  0.97 |  0.96 |  1.06 |  1.15
        5292 |  1.10 |  0.96 |  1.03 |  0.97 |  0.96 |  1.06 |  1.15
        5292 |  1.10 |  0.96 |  1.03 |  0.97 |  0.96 |  1.06 |  1.15
        5292 |  1.10 |  0.96 |  1.03 |  0.97 |  0.96 |  1.06 |  1.15
        5292 |  1.10 |  0.96 |  1.03 |  0.97 |  0.96 |  1.06 |  1.15
        5292 |  1.10 |  0.96 |  1.03 |  0.97 |  0.96 |  1.06 |  1.15
        5292 |  1.10 |  0.96 |  1.03 |  0.97 |  0.96 |  1.06 |  1.15
        5292 |  1.10 |  0.96 |  1.03 |  0.97 |  0.96 |  1.06 |  1.15
        5292 |  1.10 |  0.96 |  1.03 |  0.97 |  0.96 |  1.06 |  1.15
        5292 |  1.10 |  0.96 |  1.03 |  0.97 |  0.96 |  1.06 |  1.15
        5292 |  1.10 |  0.96 |  1.03 |  0.97 |  0.96 |  1.06 |  1.15
        5292 |  1.10 |  0.96 |  1.03 |  0.97 |  0.96 |  1.06 |  1.15
        5292 |  1.10 |  0.96 |  1.03 |  0.97 |  0.96 |  1.06 |  1.15
        5292 |  1.10 |  0.96 |  1.03 |  0.97 |  0.96 |  1.06 |  1.15
        5292 |  1.10 |  0.96 |  1.03 |  0.97 |  0.96 |  1.06 |  1.15
        5292 |  1.10 |  0.96 |  1.03 |  0.97 |  0.96 |  1.06 |  1.15
        5292 |  1.10 |  0.96 |  1.03 |  0.97 |  0.96 |  1.06 |  1.15
        5293 |  1.34 |  1.01 |  1.08 |  1.10 |  0.97 |  1.06 |  1.07
        5293 |  1.34 |  1.01 |  1.08 |  1.10 |  0.97 |  1.06 |  1.07
        5293 |  1.34 |  1.01 |  1.08 |  1.10 |  0.97 |  1.06 |  1.07
        5293 |  1.34 |  1.01 |  1.08 |  1.10 |  0.97 |  1.06 |  1.07
        5293 |  1.34 |  1.01 |  1.08 |  1.10 |  0.97 |  1.06 |  1.07
        5293 |  1.34 |  1.01 |  1.08 |  1.10 |  0.97 |  1.06 |  1.07
        5293 |  1.34 |  1.01 |  1.08 |  1.10 |  0.97 |  1.06 |  1.07
        5293 |  1.34 |  1.01 |  1.08 |  1.10 |  0.97 |  1.06 |  1.07
        5293 |  1.34 |  1.01 |  1.08 |  1.10 |  0.97 |  1.06 |  1.07
        5293 |  1.34 |  1.01 |  1.08 |  1.10 |  0.97 |  1.06 |  1.07
        5293 |  1.34 |  1.01 |  1.08 |  1.10 |  0.97 |  1.06 |  1.07
        5293 |  1.34 |  1.01 |  1.08 |  1.10 |  0.97 |  1.06 |  1.07
        5293 |  1.34 |  1.01 |  1.08 |  1.10 |  0.97 |  1.06 |  1.07
        5293 |  1.34 |  1.01 |  1.08 |  1.10 |  0.97 |  1.06 |  1.07
        5293 |  1.34 |  1.01 |  1.08 |  1.10 |  0.97 |  1.06 |  1.07
        5293 |  1.34 |  1.01 |  1.08 |  1.10 |  0.97 |  1.06 |  1.07
        5293 |  1.34 |  1.01 |  1.08 |  1.10 |  0.97 |  1.06 |  1.07
        5293 |  1.34 |  1.01 |  1.08 |  1.10 |  0.97 |  1.06 |  1.07
        5293 |  1.34 |  1.01 |  1.08 |  1.10 |  0.97 |  1.06 |  1.07
        5293 |  1.34 |  1.01 |  1.08 |  1.10 |  0.97 |  1.06 |  1.07
        5293 |  1.34 |  1.01 |  1.08 |  1.10 |  0.97 |  1.06 |  1.07
        5293 |  1.34 |  1.01 |  1.08 |  1.10 |  0.97 |  1.06 |  1.07
        5293 |  1.34 |  1.01 |  1.08 |  1.10 |  0.97 |  1.06 |  1.07
        5293 |  1.34 |  1.01 |  1.08 |  1.10 |  0.97 |  1.06 |  1.07
        5293 |  1.34 |  1.01 |  1.08 |  1.10 |  0.97 |  1.06 |  1.07
        5293 |  1.34 |  1.01 |  1.08 |  1.10 |  0.97 |  1.06 |  1.07
        5293 |  1.34 |  1.01 |  1.08 |  1.10 |  0.97 |  1.06 |  1.07
        5293 |  1.34 |  1.01 |  1.08 |  1.10 |  0.97 |  1.06 |  1.07
        5293 |  1.34 |  1.01 |  1.08 |  1.10 |  0.97 |  1.06 |  1.07
        5293 |  1.34 |  1.01 |  1.08 |  1.10 |  0.97 |  1.06 |  1.07
        5293 |  1.34 |  1.01 |  1.08 |  1.10 |  0.97 |  1.06 |  1.07
        5293 |  1.34 |  1.01 |  1.08 |  1.10 |  0.97 |  1.06 |  1.07
        5293 |  1.34 |  1.01 |  1.08 |  1.10 |  0.97 |  1.06 |  1.07
        5293 |  1.34 |  1.01 |  1.08 |  1.10 |  0.97 |  1.06 |  1.07
        5293 |  1.34 |  1.01 |  1.08 |  1.10 |  0.97 |  1.06 |  1.07
        5293 |  1.34 |  1.01 |  1.08 |  1.10 |  0.97 |  1.06 |  1.07
        5293 |  1.34 |  1.01 |  1.08 |  1.10 |  0.97 |  1.06 |  1.07
        5293 |  1.34 |  1.01 |  1.08 |  1.10 |  0.97 |  1.06 |  1.07
        5293 |  1.34 |  1.01 |  1.08 |  1.10 |  0.97 |  1.06 |  1.07
        5293 |  1.34 |  1.01 |  1.08 |  1.10 |  0.97 |  1.06 |  1.07
        5293 |  1.34 |  1.01 |  1.08 |  1.10 |  0.97 |  1.06 |  1.07
        5293 |  1.34 |  1.01 |  1.08 |  1.10 |  0.97 |  1.06 |  1.07
        5293 |  1.34 |  1.01 |  1.08 |  1.10 |  0.97 |  1.06 |  1.07
        5293 |  1.34 |  1.01 |  1.08 |  1.10 |  0.97 |  1.06 |  1.07
        5293 |  1.34 |  1.01 |  1.08 |  1.10 |  0.97 |  1.06 |  1.07
        5293 |  1.34 |  1.01 |  1.08 |  1.10 |  0.97 |  1.06 |  1.07
        5293 |  1.34 |  1.01 |  1.08 |  1.10 |  0.97 |  1.06 |  1.07
        5293 |  1.34 |  1.01 |  1.08 |  1.10 |  0.97 |  1.06 |  1.07
        5293 |  1.34 |  1.01 |  1.08 |  1.10 |  0.97 |  1.06 |  1.07
        5294 |  0.99 |  1.31 |  1.06 |  0.99 |  1.16 |  1.05 |  1.24
        5294 |  0.99 |  1.31 |  1.06 |  0.99 |  1.16 |  1.05 |  1.24
        5294 |  0.99 |  1.31 |  1.06 |  0.99 |  1.16 |  1.05 |  1.24
        5294 |  0.99 |  1.31 |  1.06 |  0.99 |  1.16 |  1.05 |  1.24
        5294 |  0.99 |  1.31 |  1.06 |  0.99 |  1.16 |  1.05 |  1.24
        5294 |  0.99 |  1.31 |  1.06 |  0.99 |  1.16 |  1.05 |  1.24
        5294 |  0.99 |  1.31 |  1.06 |  0.99 |  1.16 |  1.05 |  1.24
        5294 |  0.99 |  1.31 |  1.06 |  0.99 |  1.16 |  1.05 |  1.24
        5294 |  0.99 |  1.31 |  1.06 |  0.99 |  1.16 |  1.05 |  1.24
        5294 |  0.99 |  1.31 |  1.06 |  0.99 |  1.16 |  1.05 |  1.24
        5294 |  0.99 |  1.31 |  1.06 |  0.99 |  1.16 |  1.05 |  1.24
        5294 |  0.99 |  1.31 |  1.06 |  0.99 |  1.16 |  1.05 |  1.24
        5294 |  0.99 |  1.31 |  1.06 |  0.99 |  1.16 |  1.05 |  1.24
        5294 |  0.99 |  1.31 |  1.06 |  0.99 |  1.16 |  1.05 |  1.24
        5294 |  0.99 |  1.31 |  1.06 |  0.99 |  1.16 |  1.05 |  1.24
        5294 |  0.99 |  1.31 |  1.06 |  0.99 |  1.16 |  1.05 |  1.24
        5294 |  0.99 |  1.31 |  1.06 |  0.99 |  1.16 |  1.05 |  1.24
        5294 |  0.99 |  1.31 |  1.06 |  0.99 |  1.16 |  1.05 |  1.24
        5294 |  0.99 |  1.31 |  1.06 |  0.99 |  1.16 |  1.05 |  1.24
        5294 |  0.99 |  1.31 |  1.06 |  0.99 |  1.16 |  1.05 |  1.24
        5294 |  0.99 |  1.31 |  1.06 |  0.99 |  1.16 |  1.05 |  1.24
        5294 |  0.99 |  1.31 |  1.06 |  0.99 |  1.16 |  1.05 |  1.24
        5294 |  0.99 |  1.31 |  1.06 |  0.99 |  1.16 |  1.05 |  1.24
        5294 |  0.99 |  1.31 |  1.06 |  0.99 |  1.16 |  1.05 |  1.24
        5294 |  0.99 |  1.31 |  1.06 |  0.99 |  1.16 |  1.05 |  1.24
        5294 |  0.99 |  1.31 |  1.06 |  0.99 |  1.16 |  1.05 |  1.24
        5294 |  0.99 |  1.31 |  1.06 |  0.99 |  1.16 |  1.05 |  1.24
        5294 |  0.99 |  1.31 |  1.06 |  0.99 |  1.16 |  1.05 |  1.24
        5294 |  0.99 |  1.31 |  1.06 |  0.99 |  1.16 |  1.05 |  1.24
        5294 |  0.99 |  1.31 |  1.06 |  0.99 |  1.16 |  1.05 |  1.24
        5294 |  0.99 |  1.31 |  1.06 |  0.99 |  1.16 |  1.05 |  1.24
        5294 |  0.99 |  1.31 |  1.06 |  0.99 |  1.16 |  1.05 |  1.24
        5294 |  0.99 |  1.31 |  1.06 |  0.99 |  1.16 |  1.05 |  1.24
        5294 |  0.99 |  1.31 |  1.06 |  0.99 |  1.16 |  1.05 |  1.24
        5294 |  0.99 |  1.31 |  1.06 |  0.99 |  1.16 |  1.05 |  1.24
        5294 |  0.99 |  1.31 |  1.06 |  0.99 |  1.16 |  1.05 |  1.24
        5294 |  0.99 |  1.31 |  1.06 |  0.99 |  1.16 |  1.05 |  1.24
        5294 |  0.99 |  1.31 |  1.06 |  0.99 |  1.16 |  1.05 |  1.24
        5294 |  0.99 |  1.31 |  1.06 |  0.99 |  1.16 |  1.05 |  1.24
        5294 |  0.99 |  1.31 |  1.06 |  0.99 |  1.16 |  1.05 |  1.24
        5294 |  0.99 |  1.31 |  1.06 |  0.99 |  1.16 |  1.05 |  1.24
        5294 |  0.99 |  1.31 |  1.06 |  0.99 |  1.16 |  1.05 |  1.24
        5294 |  0.99 |  1.31 |  1.06 |  0.99 |  1.16 |  1.05 |  1.24
        5294 |  0.99 |  1.31 |  1.06 |  0.99 |  1.16 |  1.05 |  1.24
        5294 |  0.99 |  1.31 |  1.06 |  0.99 |  1.16 |  1.05 |  1.24
        5294 |  0.99 |  1.31 |  1.06 |  0.99 |  1.16 |  1.05 |  1.24
        5294 |  0.99 |  1.31 |  1.06 |  0.99 |  1.16 |  1.05 |  1.24
        5294 |  0.99 |  1.31 |  1.06 |  0.99 |  1.16 |  1.05 |  1.24
        5294 |  0.99 |  1.31 |  1.06 |  0.99 |  1.16 |  1.05 |  1.24
        5295 |  0.96 |  1.16 |  0.89 |  1.36 |  1.12 |  0.84 |  1.06
        5295 |  0.96 |  1.16 |  0.89 |  1.36 |  1.12 |  0.84 |  1.06
        5295 |  0.96 |  1.16 |  0.89 |  1.36 |  1.12 |  0.84 |  1.06
        5295 |  0.96 |  1.16 |  0.89 |  1.36 |  1.12 |  0.84 |  1.06
        5295 |  0.96 |  1.16 |  0.89 |  1.36 |  1.12 |  0.84 |  1.06
        5295 |  0.96 |  1.16 |  0.89 |  1.36 |  1.12 |  0.84 |  1.06
        5295 |  0.96 |  1.16 |  0.89 |  1.36 |  1.12 |  0.84 |  1.06
        5295 |  0.96 |  1.16 |  0.89 |  1.36 |  1.12 |  0.84 |  1.06
        5295 |  0.96 |  1.16 |  0.89 |  1.36 |  1.12 |  0.84 |  1.06
        5295 |  0.96 |  1.16 |  0.89 |  1.36 |  1.12 |  0.84 |  1.06
        5295 |  0.96 |  1.16 |  0.89 |  1.36 |  1.12 |  0.84 |  1.06
        5295 |  0.96 |  1.16 |  0.89 |  1.36 |  1.12 |  0.84 |  1.06
        5295 |  0.96 |  1.16 |  0.89 |  1.36 |  1.12 |  0.84 |  1.06
        5295 |  0.96 |  1.16 |  0.89 |  1.36 |  1.12 |  0.84 |  1.06
        5295 |  0.96 |  1.16 |  0.89 |  1.36 |  1.12 |  0.84 |  1.06
        5295 |  0.96 |  1.16 |  0.89 |  1.36 |  1.12 |  0.84 |  1.06
        5295 |  0.96 |  1.16 |  0.89 |  1.36 |  1.12 |  0.84 |  1.06
        5295 |  0.96 |  1.16 |  0.89 |  1.36 |  1.12 |  0.84 |  1.06
        5295 |  0.96 |  1.16 |  0.89 |  1.36 |  1.12 |  0.84 |  1.06
        5295 |  0.96 |  1.16 |  0.89 |  1.36 |  1.12 |  0.84 |  1.06
        5295 |  0.96 |  1.16 |  0.89 |  1.36 |  1.12 |  0.84 |  1.06
        5295 |  0.96 |  1.16 |  0.89 |  1.36 |  1.12 |  0.84 |  1.06
        5295 |  0.96 |  1.16 |  0.89 |  1.36 |  1.12 |  0.84 |  1.06
        5295 |  0.96 |  1.16 |  0.89 |  1.36 |  1.12 |  0.84 |  1.06
        5295 |  0.96 |  1.16 |  0.89 |  1.36 |  1.12 |  0.84 |  1.06
        5295 |  0.96 |  1.16 |  0.89 |  1.36 |  1.12 |  0.84 |  1.06
        5295 |  0.96 |  1.16 |  0.89 |  1.36 |  1.12 |  0.84 |  1.06
        5295 |  0.96 |  1.16 |  0.89 |  1.36 |  1.12 |  0.84 |  1.06
        5295 |  0.96 |  1.16 |  0.89 |  1.36 |  1.12 |  0.84 |  1.06
        5295 |  0.96 |  1.16 |  0.89 |  1.36 |  1.12 |  0.84 |  1.06
        5295 |  0.96 |  1.16 |  0.89 |  1.36 |  1.12 |  0.84 |  1.06
        5295 |  0.96 |  1.16 |  0.89 |  1.36 |  1.12 |  0.84 |  1.06
        5295 |  0.96 |  1.16 |  0.89 |  1.36 |  1.12 |  0.84 |  1.06
        5295 |  0.96 |  1.16 |  0.89 |  1.36 |  1.12 |  0.84 |  1.06
        5295 |  0.96 |  1.16 |  0.89 |  1.36 |  1.12 |  0.84 |  1.06
        5295 |  0.96 |  1.16 |  0.89 |  1.36 |  1.12 |  0.84 |  1.06
        5295 |  0.96 |  1.16 |  0.89 |  1.36 |  1.12 |  0.84 |  1.06
        5295 |  0.96 |  1.16 |  0.89 |  1.36 |  1.12 |  0.84 |  1.06
        5295 |  0.96 |  1.16 |  0.89 |  1.36 |  1.12 |  0.84 |  1.06
        5295 |  0.96 |  1.16 |  0.89 |  1.36 |  1.12 |  0.84 |  1.06
        5295 |  0.96 |  1.16 |  0.89 |  1.36 |  1.12 |  0.84 |  1.06
        5295 |  0.96 |  1.16 |  0.89 |  1.36 |  1.12 |  0.84 |  1.06
        5295 |  0.96 |  1.16 |  0.89 |  1.36 |  1.12 |  0.84 |  1.06
        5295 |  0.96 |  1.16 |  0.89 |  1.36 |  1.12 |  0.84 |  1.06
        5295 |  0.96 |  1.16 |  0.89 |  1.36 |  1.12 |  0.84 |  1.06
        5295 |  0.96 |  1.16 |  0.89 |  1.36 |  1.12 |  0.84 |  1.06
        5295 |  0.96 |  1.16 |  0.89 |  1.36 |  1.12 |  0.84 |  1.06
        5295 |  0.96 |  1.16 |  0.89 |  1.36 |  1.12 |  0.84 |  1.06
        5295 |  0.96 |  1.16 |  0.89 |  1.36 |  1.12 |  0.84 |  1.06
        5296 |  1.19 |  0.86 |  0.99 |  0.98 |  0.95 |  1.03 |  0.87
        5296 |  1.19 |  0.86 |  0.99 |  0.98 |  0.95 |  1.03 |  0.87
        5296 |  1.19 |  0.86 |  0.99 |  0.98 |  0.95 |  1.03 |  0.87
        5296 |  1.19 |  0.86 |  0.99 |  0.98 |  0.95 |  1.03 |  0.87
        5296 |  1.19 |  0.86 |  0.99 |  0.98 |  0.95 |  1.03 |  0.87
        5296 |  1.19 |  0.86 |  0.99 |  0.98 |  0.95 |  1.03 |  0.87
        5296 |  1.19 |  0.86 |  0.99 |  0.98 |  0.95 |  1.03 |  0.87
        5296 |  1.19 |  0.86 |  0.99 |  0.98 |  0.95 |  1.03 |  0.87
        5296 |  1.19 |  0.86 |  0.99 |  0.98 |  0.95 |  1.03 |  0.87
        5296 |  1.19 |  0.86 |  0.99 |  0.98 |  0.95 |  1.03 |  0.87
        5296 |  1.19 |  0.86 |  0.99 |  0.98 |  0.95 |  1.03 |  0.87
        5296 |  1.19 |  0.86 |  0.99 |  0.98 |  0.95 |  1.03 |  0.87
        5296 |  1.19 |  0.86 |  0.99 |  0.98 |  0.95 |  1.03 |  0.87
        5296 |  1.19 |  0.86 |  0.99 |  0.98 |  0.95 |  1.03 |  0.87
        5296 |  1.19 |  0.86 |  0.99 |  0.98 |  0.95 |  1.03 |  0.87
        5296 |  1.19 |  0.86 |  0.99 |  0.98 |  0.95 |  1.03 |  0.87
        5296 |  1.19 |  0.86 |  0.99 |  0.98 |  0.95 |  1.03 |  0.87
        5296 |  1.19 |  0.86 |  0.99 |  0.98 |  0.95 |  1.03 |  0.87
        5296 |  1.19 |  0.86 |  0.99 |  0.98 |  0.95 |  1.03 |  0.87
        5296 |  1.19 |  0.86 |  0.99 |  0.98 |  0.95 |  1.03 |  0.87
        5296 |  1.19 |  0.86 |  0.99 |  0.98 |  0.95 |  1.03 |  0.87
        5296 |  1.19 |  0.86 |  0.99 |  0.98 |  0.95 |  1.03 |  0.87
        5296 |  1.19 |  0.86 |  0.99 |  0.98 |  0.95 |  1.03 |  0.87
        5296 |  1.19 |  0.86 |  0.99 |  0.98 |  0.95 |  1.03 |  0.87
        5296 |  1.19 |  0.86 |  0.99 |  0.98 |  0.95 |  1.03 |  0.87
        5296 |  1.19 |  0.86 |  0.99 |  0.98 |  0.95 |  1.03 |  0.87
        5296 |  1.19 |  0.86 |  0.99 |  0.98 |  0.95 |  1.03 |  0.87
        5296 |  1.19 |  0.86 |  0.99 |  0.98 |  0.95 |  1.03 |  0.87
        5296 |  1.19 |  0.86 |  0.99 |  0.98 |  0.95 |  1.03 |  0.87
        5296 |  1.19 |  0.86 |  0.99 |  0.98 |  0.95 |  1.03 |  0.87
        5296 |  1.19 |  0.86 |  0.99 |  0.98 |  0.95 |  1.03 |  0.87
        5296 |  1.19 |  0.86 |  0.99 |  0.98 |  0.95 |  1.03 |  0.87
        5296 |  1.19 |  0.86 |  0.99 |  0.98 |  0.95 |  1.03 |  0.87
        5296 |  1.19 |  0.86 |  0.99 |  0.98 |  0.95 |  1.03 |  0.87
        5296 |  1.19 |  0.86 |  0.99 |  0.98 |  0.95 |  1.03 |  0.87
        5296 |  1.19 |  0.86 |  0.99 |  0.98 |  0.95 |  1.03 |  0.87
        5296 |  1.19 |  0.86 |  0.99 |  0.98 |  0.95 |  1.03 |  0.87
        5296 |  1.19 |  0.86 |  0.99 |  0.98 |  0.95 |  1.03 |  0.87
        5296 |  1.19 |  0.86 |  0.99 |  0.98 |  0.95 |  1.03 |  0.87
        5296 |  1.19 |  0.86 |  0.99 |  0.98 |  0.95 |  1.03 |  0.87
        5296 |  1.19 |  0.86 |  0.99 |  0.98 |  0.95 |  1.03 |  0.87
        5296 |  1.19 |  0.86 |  0.99 |  0.98 |  0.95 |  1.03 |  0.87
        5296 |  1.19 |  0.86 |  0.99 |  0.98 |  0.95 |  1.03 |  0.87
        5296 |  1.19 |  0.86 |  0.99 |  0.98 |  0.95 |  1.03 |  0.87
        5296 |  1.19 |  0.86 |  0.99 |  0.98 |  0.95 |  1.03 |  0.87
        5296 |  1.19 |  0.86 |  0.99 |  0.98 |  0.95 |  1.03 |  0.87
        5296 |  1.19 |  0.86 |  0.99 |  0.98 |  0.95 |  1.03 |  0.87
        5296 |  1.19 |  0.86 |  0.99 |  0.98 |  0.95 |  1.03 |  0.87
        5296 |  1.19 |  0.86 |  0.99 |  0.98 |  0.95 |  1.03 |  0.87
        5297 |  1.01 |  1.20 |  0.79 |  0.98 |  1.04 |  0.98 |  1.25
        5297 |  1.01 |  1.20 |  0.79 |  0.98 |  1.04 |  0.98 |  1.25
        5297 |  1.01 |  1.20 |  0.79 |  0.98 |  1.04 |  0.98 |  1.25
        5297 |  1.01 |  1.20 |  0.79 |  0.98 |  1.04 |  0.98 |  1.25
        5297 |  1.01 |  1.20 |  0.79 |  0.98 |  1.04 |  0.98 |  1.25
        5297 |  1.01 |  1.20 |  0.79 |  0.98 |  1.04 |  0.98 |  1.25
        5297 |  1.01 |  1.20 |  0.79 |  0.98 |  1.04 |  0.98 |  1.25
        5297 |  1.01 |  1.20 |  0.79 |  0.98 |  1.04 |  0.98 |  1.25
        5297 |  1.01 |  1.20 |  0.79 |  0.98 |  1.04 |  0.98 |  1.25
        5297 |  1.01 |  1.20 |  0.79 |  0.98 |  1.04 |  0.98 |  1.25
        5297 |  1.01 |  1.20 |  0.79 |  0.98 |  1.04 |  0.98 |  1.25
        5297 |  1.01 |  1.20 |  0.79 |  0.98 |  1.04 |  0.98 |  1.25
        5297 |  1.01 |  1.20 |  0.79 |  0.98 |  1.04 |  0.98 |  1.25
        5297 |  1.01 |  1.20 |  0.79 |  0.98 |  1.04 |  0.98 |  1.25
        5297 |  1.01 |  1.20 |  0.79 |  0.98 |  1.04 |  0.98 |  1.25
        5297 |  1.01 |  1.20 |  0.79 |  0.98 |  1.04 |  0.98 |  1.25
        5297 |  1.01 |  1.20 |  0.79 |  0.98 |  1.04 |  0.98 |  1.25
        5297 |  1.01 |  1.20 |  0.79 |  0.98 |  1.04 |  0.98 |  1.25
        5297 |  1.01 |  1.20 |  0.79 |  0.98 |  1.04 |  0.98 |  1.25
        5297 |  1.01 |  1.20 |  0.79 |  0.98 |  1.04 |  0.98 |  1.25
        5297 |  1.01 |  1.20 |  0.79 |  0.98 |  1.04 |  0.98 |  1.25
        5297 |  1.01 |  1.20 |  0.79 |  0.98 |  1.04 |  0.98 |  1.25
        5297 |  1.01 |  1.20 |  0.79 |  0.98 |  1.04 |  0.98 |  1.25
        5297 |  1.01 |  1.20 |  0.79 |  0.98 |  1.04 |  0.98 |  1.25
        5297 |  1.01 |  1.20 |  0.79 |  0.98 |  1.04 |  0.98 |  1.25
        5297 |  1.01 |  1.20 |  0.79 |  0.98 |  1.04 |  0.98 |  1.25
        5297 |  1.01 |  1.20 |  0.79 |  0.98 |  1.04 |  0.98 |  1.25
        5297 |  1.01 |  1.20 |  0.79 |  0.98 |  1.04 |  0.98 |  1.25
        5297 |  1.01 |  1.20 |  0.79 |  0.98 |  1.04 |  0.98 |  1.25
        5297 |  1.01 |  1.20 |  0.79 |  0.98 |  1.04 |  0.98 |  1.25
        5297 |  1.01 |  1.20 |  0.79 |  0.98 |  1.04 |  0.98 |  1.25
        5297 |  1.01 |  1.20 |  0.79 |  0.98 |  1.04 |  0.98 |  1.25
        5297 |  1.01 |  1.20 |  0.79 |  0.98 |  1.04 |  0.98 |  1.25
        5297 |  1.01 |  1.20 |  0.79 |  0.98 |  1.04 |  0.98 |  1.25
        5297 |  1.01 |  1.20 |  0.79 |  0.98 |  1.04 |  0.98 |  1.25
        5297 |  1.01 |  1.20 |  0.79 |  0.98 |  1.04 |  0.98 |  1.25
        5297 |  1.01 |  1.20 |  0.79 |  0.98 |  1.04 |  0.98 |  1.25
        5297 |  1.01 |  1.20 |  0.79 |  0.98 |  1.04 |  0.98 |  1.25
        5297 |  1.01 |  1.20 |  0.79 |  0.98 |  1.04 |  0.98 |  1.25
        5297 |  1.01 |  1.20 |  0.79 |  0.98 |  1.04 |  0.98 |  1.25
        5297 |  1.01 |  1.20 |  0.79 |  0.98 |  1.04 |  0.98 |  1.25
        5297 |  1.01 |  1.20 |  0.79 |  0.98 |  1.04 |  0.98 |  1.25
        5297 |  1.01 |  1.20 |  0.79 |  0.98 |  1.04 |  0.98 |  1.25
        5297 |  1.01 |  1.20 |  0.79 |  0.98 |  1.04 |  0.98 |  1.25
        5297 |  1.01 |  1.20 |  0.79 |  0.98 |  1.04 |  0.98 |  1.25
        5297 |  1.01 |  1.20 |  0.79 |  0.98 |  1.04 |  0.98 |  1.25
        5297 |  1.01 |  1.20 |  0.79 |  0.98 |  1.04 |  0.98 |  1.25
        5297 |  1.01 |  1.20 |  0.79 |  0.98 |  1.04 |  0.98 |  1.25
        5297 |  1.01 |  1.20 |  0.79 |  0.98 |  1.04 |  0.98 |  1.25
        5298 |  1.02 |  1.15 |  0.96 |  1.26 |  0.89 |  1.27 |  0.83
        5298 |  1.02 |  1.15 |  0.96 |  1.26 |  0.89 |  1.27 |  0.83
        5298 |  1.02 |  1.15 |  0.96 |  1.26 |  0.89 |  1.27 |  0.83
        5298 |  1.02 |  1.15 |  0.96 |  1.26 |  0.89 |  1.27 |  0.83
        5298 |  1.02 |  1.15 |  0.96 |  1.26 |  0.89 |  1.27 |  0.83
        5298 |  1.02 |  1.15 |  0.96 |  1.26 |  0.89 |  1.27 |  0.83
        5298 |  1.02 |  1.15 |  0.96 |  1.26 |  0.89 |  1.27 |  0.83
        5298 |  1.02 |  1.15 |  0.96 |  1.26 |  0.89 |  1.27 |  0.83
        5298 |  1.02 |  1.15 |  0.96 |  1.26 |  0.89 |  1.27 |  0.83
        5298 |  1.02 |  1.15 |  0.96 |  1.26 |  0.89 |  1.27 |  0.83
        5298 |  1.02 |  1.15 |  0.96 |  1.26 |  0.89 |  1.27 |  0.83
        5298 |  1.02 |  1.15 |  0.96 |  1.26 |  0.89 |  1.27 |  0.83
        5298 |  1.02 |  1.15 |  0.96 |  1.26 |  0.89 |  1.27 |  0.83
        5298 |  1.02 |  1.15 |  0.96 |  1.26 |  0.89 |  1.27 |  0.83
        5298 |  1.02 |  1.15 |  0.96 |  1.26 |  0.89 |  1.27 |  0.83
        5298 |  1.02 |  1.15 |  0.96 |  1.26 |  0.89 |  1.27 |  0.83
        5298 |  1.02 |  1.15 |  0.96 |  1.26 |  0.89 |  1.27 |  0.83
        5298 |  1.02 |  1.15 |  0.96 |  1.26 |  0.89 |  1.27 |  0.83
        5298 |  1.02 |  1.15 |  0.96 |  1.26 |  0.89 |  1.27 |  0.83
        5298 |  1.02 |  1.15 |  0.96 |  1.26 |  0.89 |  1.27 |  0.83
        5298 |  1.02 |  1.15 |  0.96 |  1.26 |  0.89 |  1.27 |  0.83
        5298 |  1.02 |  1.15 |  0.96 |  1.26 |  0.89 |  1.27 |  0.83
        5298 |  1.02 |  1.15 |  0.96 |  1.26 |  0.89 |  1.27 |  0.83
        5298 |  1.02 |  1.15 |  0.96 |  1.26 |  0.89 |  1.27 |  0.83
        5298 |  1.02 |  1.15 |  0.96 |  1.26 |  0.89 |  1.27 |  0.83
        5298 |  1.02 |  1.15 |  0.96 |  1.26 |  0.89 |  1.27 |  0.83
        5298 |  1.02 |  1.15 |  0.96 |  1.26 |  0.89 |  1.27 |  0.83
        5298 |  1.02 |  1.15 |  0.96 |  1.26 |  0.89 |  1.27 |  0.83
        5298 |  1.02 |  1.15 |  0.96 |  1.26 |  0.89 |  1.27 |  0.83
        5298 |  1.02 |  1.15 |  0.96 |  1.26 |  0.89 |  1.27 |  0.83
        5298 |  1.02 |  1.15 |  0.96 |  1.26 |  0.89 |  1.27 |  0.83
        5298 |  1.02 |  1.15 |  0.96 |  1.26 |  0.89 |  1.27 |  0.83
        5298 |  1.02 |  1.15 |  0.96 |  1.26 |  0.89 |  1.27 |  0.83
        5298 |  1.02 |  1.15 |  0.96 |  1.26 |  0.89 |  1.27 |  0.83
        5298 |  1.02 |  1.15 |  0.96 |  1.26 |  0.89 |  1.27 |  0.83
        5298 |  1.02 |  1.15 |  0.96 |  1.26 |  0.89 |  1.27 |  0.83
        5298 |  1.02 |  1.15 |  0.96 |  1.26 |  0.89 |  1.27 |  0.83
        5298 |  1.02 |  1.15 |  0.96 |  1.26 |  0.89 |  1.27 |  0.83
        5298 |  1.02 |  1.15 |  0.96 |  1.26 |  0.89 |  1.27 |  0.83
        5298 |  1.02 |  1.15 |  0.96 |  1.26 |  0.89 |  1.27 |  0.83
        5298 |  1.02 |  1.15 |  0.96 |  1.26 |  0.89 |  1.27 |  0.83
        5298 |  1.02 |  1.15 |  0.96 |  1.26 |  0.89 |  1.27 |  0.83
        5298 |  1.02 |  1.15 |  0.96 |  1.26 |  0.89 |  1.27 |  0.83
        5298 |  1.02 |  1.15 |  0.96 |  1.26 |  0.89 |  1.27 |  0.83
        5298 |  1.02 |  1.15 |  0.96 |  1.26 |  0.89 |  1.27 |  0.83
        5298 |  1.02 |  1.15 |  0.96 |  1.26 |  0.89 |  1.27 |  0.83
        5298 |  1.02 |  1.15 |  0.96 |  1.26 |  0.89 |  1.27 |  0.83
        5298 |  1.02 |  1.15 |  0.96 |  1.26 |  0.89 |  1.27 |  0.83
        5298 |  1.02 |  1.15 |  0.96 |  1.26 |  0.89 |  1.27 |  0.83
        5299 |  1.18 |  0.88 |  1.17 |  0.96 |  1.13 |  0.79 |  0.88
        5299 |  1.18 |  0.88 |  1.17 |  0.96 |  1.13 |  0.79 |  0.88
        5299 |  1.18 |  0.88 |  1.17 |  0.96 |  1.13 |  0.79 |  0.88
        5299 |  1.18 |  0.88 |  1.17 |  0.96 |  1.13 |  0.79 |  0.88
        5299 |  1.18 |  0.88 |  1.17 |  0.96 |  1.13 |  0.79 |  0.88
        5299 |  1.18 |  0.88 |  1.17 |  0.96 |  1.13 |  0.79 |  0.88
        5299 |  1.18 |  0.88 |  1.17 |  0.96 |  1.13 |  0.79 |  0.88
        5299 |  1.18 |  0.88 |  1.17 |  0.96 |  1.13 |  0.79 |  0.88
        5299 |  1.18 |  0.88 |  1.17 |  0.96 |  1.13 |  0.79 |  0.88
        5299 |  1.18 |  0.88 |  1.17 |  0.96 |  1.13 |  0.79 |  0.88
        5299 |  1.18 |  0.88 |  1.17 |  0.96 |  1.13 |  0.79 |  0.88
        5299 |  1.18 |  0.88 |  1.17 |  0.96 |  1.13 |  0.79 |  0.88
        5299 |  1.18 |  0.88 |  1.17 |  0.96 |  1.13 |  0.79 |  0.88
        5299 |  1.18 |  0.88 |  1.17 |  0.96 |  1.13 |  0.79 |  0.88
        5299 |  1.18 |  0.88 |  1.17 |  0.96 |  1.13 |  0.79 |  0.88
        5299 |  1.18 |  0.88 |  1.17 |  0.96 |  1.13 |  0.79 |  0.88
        5299 |  1.18 |  0.88 |  1.17 |  0.96 |  1.13 |  0.79 |  0.88
        5299 |  1.18 |  0.88 |  1.17 |  0.96 |  1.13 |  0.79 |  0.88
        5299 |  1.18 |  0.88 |  1.17 |  0.96 |  1.13 |  0.79 |  0.88
        5299 |  1.18 |  0.88 |  1.17 |  0.96 |  1.13 |  0.79 |  0.88
        5299 |  1.18 |  0.88 |  1.17 |  0.96 |  1.13 |  0.79 |  0.88
        5299 |  1.18 |  0.88 |  1.17 |  0.96 |  1.13 |  0.79 |  0.88
        5299 |  1.18 |  0.88 |  1.17 |  0.96 |  1.13 |  0.79 |  0.88
        5299 |  1.18 |  0.88 |  1.17 |  0.96 |  1.13 |  0.79 |  0.88
        5299 |  1.18 |  0.88 |  1.17 |  0.96 |  1.13 |  0.79 |  0.88
        5299 |  1.18 |  0.88 |  1.17 |  0.96 |  1.13 |  0.79 |  0.88
        5299 |  1.18 |  0.88 |  1.17 |  0.96 |  1.13 |  0.79 |  0.88
        5299 |  1.18 |  0.88 |  1.17 |  0.96 |  1.13 |  0.79 |  0.88
        5299 |  1.18 |  0.88 |  1.17 |  0.96 |  1.13 |  0.79 |  0.88
        5299 |  1.18 |  0.88 |  1.17 |  0.96 |  1.13 |  0.79 |  0.88
        5299 |  1.18 |  0.88 |  1.17 |  0.96 |  1.13 |  0.79 |  0.88
        5299 |  1.18 |  0.88 |  1.17 |  0.96 |  1.13 |  0.79 |  0.88
        5299 |  1.18 |  0.88 |  1.17 |  0.96 |  1.13 |  0.79 |  0.88
        5299 |  1.18 |  0.88 |  1.17 |  0.96 |  1.13 |  0.79 |  0.88
        5299 |  1.18 |  0.88 |  1.17 |  0.96 |  1.13 |  0.79 |  0.88
        5299 |  1.18 |  0.88 |  1.17 |  0.96 |  1.13 |  0.79 |  0.88
        5299 |  1.18 |  0.88 |  1.17 |  0.96 |  1.13 |  0.79 |  0.88
        5299 |  1.18 |  0.88 |  1.17 |  0.96 |  1.13 |  0.79 |  0.88
        5299 |  1.18 |  0.88 |  1.17 |  0.96 |  1.13 |  0.79 |  0.88
        5299 |  1.18 |  0.88 |  1.17 |  0.96 |  1.13 |  0.79 |  0.88
        5299 |  1.18 |  0.88 |  1.17 |  0.96 |  1.13 |  0.79 |  0.88
        5299 |  1.18 |  0.88 |  1.17 |  0.96 |  1.13 |  0.79 |  0.88
        5299 |  1.18 |  0.88 |  1.17 |  0.96 |  1.13 |  0.79 |  0.88
        5299 |  1.18 |  0.88 |  1.17 |  0.96 |  1.13 |  0.79 |  0.88
        5299 |  1.18 |  0.88 |  1.17 |  0.96 |  1.13 |  0.79 |  0.88
        5299 |  1.18 |  0.88 |  1.17 |  0.96 |  1.13 |  0.79 |  0.88
        5299 |  1.18 |  0.88 |  1.17 |  0.96 |  1.13 |  0.79 |  0.88
        5299 |  1.18 |  0.88 |  1.17 |  0.96 |  1.13 |  0.79 |  0.88
        5299 |  1.18 |  0.88 |  1.17 |  0.96 |  1.13 |  0.79 |  0.88
        5300 |  0.45 |  0.38 |  0.93 |  0.87 |  1.15 |  0.51 |  0.47
        5300 |  0.45 |  0.38 |  0.93 |  0.87 |  1.15 |  0.51 |  0.47
        5300 |  0.45 |  0.38 |  0.93 |  0.87 |  1.15 |  0.51 |  0.47
        5300 |  0.45 |  0.38 |  0.93 |  0.87 |  1.15 |  0.51 |  0.47
        5300 |  0.45 |  0.38 |  0.93 |  0.87 |  1.15 |  0.51 |  0.47
        5300 |  0.45 |  0.38 |  0.93 |  0.87 |  1.15 |  0.51 |  0.47
        5300 |  0.45 |  0.38 |  0.93 |  0.87 |  1.15 |  0.51 |  0.47
        5300 |  0.45 |  0.38 |  0.93 |  0.87 |  1.15 |  0.51 |  0.47
        5300 |  0.45 |  0.38 |  0.93 |  0.87 |  1.15 |  0.51 |  0.47
        5300 |  0.45 |  0.38 |  0.93 |  0.87 |  1.15 |  0.51 |  0.47
        5300 |  0.45 |  0.38 |  0.93 |  0.87 |  1.15 |  0.51 |  0.47
        5300 |  0.45 |  0.38 |  0.93 |  0.87 |  1.15 |  0.51 |  0.47
        5300 |  0.45 |  0.38 |  0.93 |  0.87 |  1.15 |  0.51 |  0.47
        5300 |  0.45 |  0.38 |  0.93 |  0.87 |  1.15 |  0.51 |  0.47
        5300 |  0.45 |  0.38 |  0.93 |  0.87 |  1.15 |  0.51 |  0.47
        5300 |  0.45 |  0.38 |  0.93 |  0.87 |  1.15 |  0.51 |  0.47
        5300 |  0.45 |  0.38 |  0.93 |  0.87 |  1.15 |  0.51 |  0.47
        5300 |  0.45 |  0.38 |  0.93 |  0.87 |  1.15 |  0.51 |  0.47
        5300 |  0.45 |  0.38 |  0.93 |  0.87 |  1.15 |  0.51 |  0.47
        5300 |  0.45 |  0.38 |  0.93 |  0.87 |  1.15 |  0.51 |  0.47
        5300 |  0.45 |  0.38 |  0.93 |  0.87 |  1.15 |  0.51 |  0.47
        5300 |  0.45 |  0.38 |  0.93 |  0.87 |  1.15 |  0.51 |  0.47
        5300 |  0.45 |  0.38 |  0.93 |  0.87 |  1.15 |  0.51 |  0.47
        5300 |  0.45 |  0.38 |  0.93 |  0.87 |  1.15 |  0.51 |  0.47
        5300 |  0.45 |  0.38 |  0.93 |  0.87 |  1.15 |  0.51 |  0.47
        5300 |  0.45 |  0.38 |  0.93 |  0.87 |  1.15 |  0.51 |  0.47
        5300 |  0.45 |  0.38 |  0.93 |  0.87 |  1.15 |  0.51 |  0.47
        5300 |  0.45 |  0.38 |  0.93 |  0.87 |  1.15 |  0.51 |  0.47
        5300 |  0.45 |  0.38 |  0.93 |  0.87 |  1.15 |  0.51 |  0.47
        5300 |  0.45 |  0.38 |  0.93 |  0.87 |  1.15 |  0.51 |  0.47
        5300 |  0.45 |  0.38 |  0.93 |  0.87 |  1.15 |  0.51 |  0.47
        5300 |  0.45 |  0.38 |  0.93 |  0.87 |  1.15 |  0.51 |  0.47
        5300 |  0.45 |  0.38 |  0.93 |  0.87 |  1.15 |  0.51 |  0.47
        5300 |  0.45 |  0.38 |  0.93 |  0.87 |  1.15 |  0.51 |  0.47
        5300 |  0.45 |  0.38 |  0.93 |  0.87 |  1.15 |  0.51 |  0.47
        5300 |  0.45 |  0.38 |  0.93 |  0.87 |  1.15 |  0.51 |  0.47
        5300 |  0.45 |  0.38 |  0.93 |  0.87 |  1.15 |  0.51 |  0.47
        5300 |  0.45 |  0.38 |  0.93 |  0.87 |  1.15 |  0.51 |  0.47
        5300 |  0.45 |  0.38 |  0.93 |  0.87 |  1.15 |  0.51 |  0.47
        5300 |  0.45 |  0.38 |  0.93 |  0.87 |  1.15 |  0.51 |  0.47
        5300 |  0.45 |  0.38 |  0.93 |  0.87 |  1.15 |  0.51 |  0.47
        5300 |  0.45 |  0.38 |  0.93 |  0.87 |  1.15 |  0.51 |  0.47
        5300 |  0.45 |  0.38 |  0.93 |  0.87 |  1.15 |  0.51 |  0.47
        5300 |  0.45 |  0.38 |  0.93 |  0.87 |  1.15 |  0.51 |  0.47
        5300 |  0.45 |  0.38 |  0.93 |  0.87 |  1.15 |  0.51 |  0.47
        5300 |  0.45 |  0.38 |  0.93 |  0.87 |  1.15 |  0.51 |  0.47
        5300 |  0.45 |  0.38 |  0.93 |  0.87 |  1.15 |  0.51 |  0.47
        5300 |  0.45 |  0.38 |  0.93 |  0.87 |  1.15 |  0.51 |  0.47
        5300 |  0.45 |  0.38 |  0.93 |  0.87 |  1.15 |  0.51 |  0.47
        5301 |  0.91 |  1.09 |  0.54 |  0.50 |  1.00 |  1.06 |  0.98
        5301 |  0.91 |  1.09 |  0.54 |  0.50 |  1.00 |  1.06 |  0.98
        5301 |  0.91 |  1.09 |  0.54 |  0.50 |  1.00 |  1.06 |  0.98
        5301 |  0.91 |  1.09 |  0.54 |  0.50 |  1.00 |  1.06 |  0.98
        5301 |  0.91 |  1.09 |  0.54 |  0.50 |  1.00 |  1.06 |  0.98
        5301 |  0.91 |  1.09 |  0.54 |  0.50 |  1.00 |  1.06 |  0.98
        5301 |  0.91 |  1.09 |  0.54 |  0.50 |  1.00 |  1.06 |  0.98
        5301 |  0.91 |  1.09 |  0.54 |  0.50 |  1.00 |  1.06 |  0.98
        5301 |  0.91 |  1.09 |  0.54 |  0.50 |  1.00 |  1.06 |  0.98
        5301 |  0.91 |  1.09 |  0.54 |  0.50 |  1.00 |  1.06 |  0.98
        5301 |  0.91 |  1.09 |  0.54 |  0.50 |  1.00 |  1.06 |  0.98
        5301 |  0.91 |  1.09 |  0.54 |  0.50 |  1.00 |  1.06 |  0.98
        5301 |  0.91 |  1.09 |  0.54 |  0.50 |  1.00 |  1.06 |  0.98
        5301 |  0.91 |  1.09 |  0.54 |  0.50 |  1.00 |  1.06 |  0.98
        5301 |  0.91 |  1.09 |  0.54 |  0.50 |  1.00 |  1.06 |  0.98
        5301 |  0.91 |  1.09 |  0.54 |  0.50 |  1.00 |  1.06 |  0.98
        5301 |  0.91 |  1.09 |  0.54 |  0.50 |  1.00 |  1.06 |  0.98
        5301 |  0.91 |  1.09 |  0.54 |  0.50 |  1.00 |  1.06 |  0.98
        5301 |  0.91 |  1.09 |  0.54 |  0.50 |  1.00 |  1.06 |  0.98
        5301 |  0.91 |  1.09 |  0.54 |  0.50 |  1.00 |  1.06 |  0.98
        5301 |  0.91 |  1.09 |  0.54 |  0.50 |  1.00 |  1.06 |  0.98
        5301 |  0.91 |  1.09 |  0.54 |  0.50 |  1.00 |  1.06 |  0.98
        5301 |  0.91 |  1.09 |  0.54 |  0.50 |  1.00 |  1.06 |  0.98
        5301 |  0.91 |  1.09 |  0.54 |  0.50 |  1.00 |  1.06 |  0.98
        5301 |  0.91 |  1.09 |  0.54 |  0.50 |  1.00 |  1.06 |  0.98
        5301 |  0.91 |  1.09 |  0.54 |  0.50 |  1.00 |  1.06 |  0.98
        5301 |  0.91 |  1.09 |  0.54 |  0.50 |  1.00 |  1.06 |  0.98
        5301 |  0.91 |  1.09 |  0.54 |  0.50 |  1.00 |  1.06 |  0.98
        5301 |  0.91 |  1.09 |  0.54 |  0.50 |  1.00 |  1.06 |  0.98
        5301 |  0.91 |  1.09 |  0.54 |  0.50 |  1.00 |  1.06 |  0.98
        5301 |  0.91 |  1.09 |  0.54 |  0.50 |  1.00 |  1.06 |  0.98
        5301 |  0.91 |  1.09 |  0.54 |  0.50 |  1.00 |  1.06 |  0.98
        5301 |  0.91 |  1.09 |  0.54 |  0.50 |  1.00 |  1.06 |  0.98
        5301 |  0.91 |  1.09 |  0.54 |  0.50 |  1.00 |  1.06 |  0.98
        5301 |  0.91 |  1.09 |  0.54 |  0.50 |  1.00 |  1.06 |  0.98
        5301 |  0.91 |  1.09 |  0.54 |  0.50 |  1.00 |  1.06 |  0.98
        5301 |  0.91 |  1.09 |  0.54 |  0.50 |  1.00 |  1.06 |  0.98
        5301 |  0.91 |  1.09 |  0.54 |  0.50 |  1.00 |  1.06 |  0.98
        5301 |  0.91 |  1.09 |  0.54 |  0.50 |  1.00 |  1.06 |  0.98
        5301 |  0.91 |  1.09 |  0.54 |  0.50 |  1.00 |  1.06 |  0.98
        5301 |  0.91 |  1.09 |  0.54 |  0.50 |  1.00 |  1.06 |  0.98
        5301 |  0.91 |  1.09 |  0.54 |  0.50 |  1.00 |  1.06 |  0.98
        5301 |  0.91 |  1.09 |  0.54 |  0.50 |  1.00 |  1.06 |  0.98
        5301 |  0.91 |  1.09 |  0.54 |  0.50 |  1.00 |  1.06 |  0.98
        5301 |  0.91 |  1.09 |  0.54 |  0.50 |  1.00 |  1.06 |  0.98
        5301 |  0.91 |  1.09 |  0.54 |  0.50 |  1.00 |  1.06 |  0.98
        5301 |  0.91 |  1.09 |  0.54 |  0.50 |  1.00 |  1.06 |  0.98
        5301 |  0.91 |  1.09 |  0.54 |  0.50 |  1.00 |  1.06 |  0.98
        5301 |  0.91 |  1.09 |  0.54 |  0.50 |  1.00 |  1.06 |  0.98
        5302 |  1.02 |  1.05 |  0.92 |  1.04 |  0.89 |  0.94 |  1.04
        5302 |  1.02 |  1.05 |  0.92 |  1.04 |  0.89 |  0.94 |  1.04
        5302 |  1.02 |  1.05 |  0.92 |  1.04 |  0.89 |  0.94 |  1.04
        5302 |  1.02 |  1.05 |  0.92 |  1.04 |  0.89 |  0.94 |  1.04
        5302 |  1.02 |  1.05 |  0.92 |  1.04 |  0.89 |  0.94 |  1.04
        5302 |  1.02 |  1.05 |  0.92 |  1.04 |  0.89 |  0.94 |  1.04
        5302 |  1.02 |  1.05 |  0.92 |  1.04 |  0.89 |  0.94 |  1.04
        5302 |  1.02 |  1.05 |  0.92 |  1.04 |  0.89 |  0.94 |  1.04
        5302 |  1.02 |  1.05 |  0.92 |  1.04 |  0.89 |  0.94 |  1.04
        5302 |  1.02 |  1.05 |  0.92 |  1.04 |  0.89 |  0.94 |  1.04
        5302 |  1.02 |  1.05 |  0.92 |  1.04 |  0.89 |  0.94 |  1.04
        5302 |  1.02 |  1.05 |  0.92 |  1.04 |  0.89 |  0.94 |  1.04
        5302 |  1.02 |  1.05 |  0.92 |  1.04 |  0.89 |  0.94 |  1.04
        5302 |  1.02 |  1.05 |  0.92 |  1.04 |  0.89 |  0.94 |  1.04
        5302 |  1.02 |  1.05 |  0.92 |  1.04 |  0.89 |  0.94 |  1.04
        5302 |  1.02 |  1.05 |  0.92 |  1.04 |  0.89 |  0.94 |  1.04
        5302 |  1.02 |  1.05 |  0.92 |  1.04 |  0.89 |  0.94 |  1.04
        5302 |  1.02 |  1.05 |  0.92 |  1.04 |  0.89 |  0.94 |  1.04
        5302 |  1.02 |  1.05 |  0.92 |  1.04 |  0.89 |  0.94 |  1.04
        5302 |  1.02 |  1.05 |  0.92 |  1.04 |  0.89 |  0.94 |  1.04
        5302 |  1.02 |  1.05 |  0.92 |  1.04 |  0.89 |  0.94 |  1.04
        5302 |  1.02 |  1.05 |  0.92 |  1.04 |  0.89 |  0.94 |  1.04
        5302 |  1.02 |  1.05 |  0.92 |  1.04 |  0.89 |  0.94 |  1.04
        5302 |  1.02 |  1.05 |  0.92 |  1.04 |  0.89 |  0.94 |  1.04
        5302 |  1.02 |  1.05 |  0.92 |  1.04 |  0.89 |  0.94 |  1.04
        5302 |  1.02 |  1.05 |  0.92 |  1.04 |  0.89 |  0.94 |  1.04
        5302 |  1.02 |  1.05 |  0.92 |  1.04 |  0.89 |  0.94 |  1.04
        5302 |  1.02 |  1.05 |  0.92 |  1.04 |  0.89 |  0.94 |  1.04
        5302 |  1.02 |  1.05 |  0.92 |  1.04 |  0.89 |  0.94 |  1.04
        5302 |  1.02 |  1.05 |  0.92 |  1.04 |  0.89 |  0.94 |  1.04
        5302 |  1.02 |  1.05 |  0.92 |  1.04 |  0.89 |  0.94 |  1.04
        5302 |  1.02 |  1.05 |  0.92 |  1.04 |  0.89 |  0.94 |  1.04
        5302 |  1.02 |  1.05 |  0.92 |  1.04 |  0.89 |  0.94 |  1.04
        5302 |  1.02 |  1.05 |  0.92 |  1.04 |  0.89 |  0.94 |  1.04
        5302 |  1.02 |  1.05 |  0.92 |  1.04 |  0.89 |  0.94 |  1.04
        5302 |  1.02 |  1.05 |  0.92 |  1.04 |  0.89 |  0.94 |  1.04
        5302 |  1.02 |  1.05 |  0.92 |  1.04 |  0.89 |  0.94 |  1.04
        5302 |  1.02 |  1.05 |  0.92 |  1.04 |  0.89 |  0.94 |  1.04
        5302 |  1.02 |  1.05 |  0.92 |  1.04 |  0.89 |  0.94 |  1.04
        5302 |  1.02 |  1.05 |  0.92 |  1.04 |  0.89 |  0.94 |  1.04
        5302 |  1.02 |  1.05 |  0.92 |  1.04 |  0.89 |  0.94 |  1.04
        5302 |  1.02 |  1.05 |  0.92 |  1.04 |  0.89 |  0.94 |  1.04
        5302 |  1.02 |  1.05 |  0.92 |  1.04 |  0.89 |  0.94 |  1.04
        5302 |  1.02 |  1.05 |  0.92 |  1.04 |  0.89 |  0.94 |  1.04
        5302 |  1.02 |  1.05 |  0.92 |  1.04 |  0.89 |  0.94 |  1.04
        5302 |  1.02 |  1.05 |  0.92 |  1.04 |  0.89 |  0.94 |  1.04
        5302 |  1.02 |  1.05 |  0.92 |  1.04 |  0.89 |  0.94 |  1.04
        5302 |  1.02 |  1.05 |  0.92 |  1.04 |  0.89 |  0.94 |  1.04
        5302 |  1.02 |  1.05 |  0.92 |  1.04 |  0.89 |  0.94 |  1.04
        5303 |  1.02 |  0.91 |  0.85 |  1.00 |  0.88 |  0.92 |  0.96
        5303 |  1.02 |  0.91 |  0.85 |  1.00 |  0.88 |  0.92 |  0.96
        5303 |  1.02 |  0.91 |  0.85 |  1.00 |  0.88 |  0.92 |  0.96
        5303 |  1.02 |  0.91 |  0.85 |  1.00 |  0.88 |  0.92 |  0.96
        5303 |  1.02 |  0.91 |  0.85 |  1.00 |  0.88 |  0.92 |  0.96
        5303 |  1.02 |  0.91 |  0.85 |  1.00 |  0.88 |  0.92 |  0.96
        5303 |  1.02 |  0.91 |  0.85 |  1.00 |  0.88 |  0.92 |  0.96
        5303 |  1.02 |  0.91 |  0.85 |  1.00 |  0.88 |  0.92 |  0.96
        5303 |  1.02 |  0.91 |  0.85 |  1.00 |  0.88 |  0.92 |  0.96
        5303 |  1.02 |  0.91 |  0.85 |  1.00 |  0.88 |  0.92 |  0.96
        5303 |  1.02 |  0.91 |  0.85 |  1.00 |  0.88 |  0.92 |  0.96
        5303 |  1.02 |  0.91 |  0.85 |  1.00 |  0.88 |  0.92 |  0.96
        5303 |  1.02 |  0.91 |  0.85 |  1.00 |  0.88 |  0.92 |  0.96
        5303 |  1.02 |  0.91 |  0.85 |  1.00 |  0.88 |  0.92 |  0.96
        5303 |  1.02 |  0.91 |  0.85 |  1.00 |  0.88 |  0.92 |  0.96
        5303 |  1.02 |  0.91 |  0.85 |  1.00 |  0.88 |  0.92 |  0.96
        5303 |  1.02 |  0.91 |  0.85 |  1.00 |  0.88 |  0.92 |  0.96
        5303 |  1.02 |  0.91 |  0.85 |  1.00 |  0.88 |  0.92 |  0.96
        5303 |  1.02 |  0.91 |  0.85 |  1.00 |  0.88 |  0.92 |  0.96
        5303 |  1.02 |  0.91 |  0.85 |  1.00 |  0.88 |  0.92 |  0.96
        5303 |  1.02 |  0.91 |  0.85 |  1.00 |  0.88 |  0.92 |  0.96
        5303 |  1.02 |  0.91 |  0.85 |  1.00 |  0.88 |  0.92 |  0.96
        5303 |  1.02 |  0.91 |  0.85 |  1.00 |  0.88 |  0.92 |  0.96
        5303 |  1.02 |  0.91 |  0.85 |  1.00 |  0.88 |  0.92 |  0.96
        5303 |  1.02 |  0.91 |  0.85 |  1.00 |  0.88 |  0.92 |  0.96
        5303 |  1.02 |  0.91 |  0.85 |  1.00 |  0.88 |  0.92 |  0.96
        5303 |  1.02 |  0.91 |  0.85 |  1.00 |  0.88 |  0.92 |  0.96
        5303 |  1.02 |  0.91 |  0.85 |  1.00 |  0.88 |  0.92 |  0.96
        5303 |  1.02 |  0.91 |  0.85 |  1.00 |  0.88 |  0.92 |  0.96
        5303 |  1.02 |  0.91 |  0.85 |  1.00 |  0.88 |  0.92 |  0.96
        5303 |  1.02 |  0.91 |  0.85 |  1.00 |  0.88 |  0.92 |  0.96
        5303 |  1.02 |  0.91 |  0.85 |  1.00 |  0.88 |  0.92 |  0.96
        5303 |  1.02 |  0.91 |  0.85 |  1.00 |  0.88 |  0.92 |  0.96
        5303 |  1.02 |  0.91 |  0.85 |  1.00 |  0.88 |  0.92 |  0.96
        5303 |  1.02 |  0.91 |  0.85 |  1.00 |  0.88 |  0.92 |  0.96
        5303 |  1.02 |  0.91 |  0.85 |  1.00 |  0.88 |  0.92 |  0.96
        5303 |  1.02 |  0.91 |  0.85 |  1.00 |  0.88 |  0.92 |  0.96
        5303 |  1.02 |  0.91 |  0.85 |  1.00 |  0.88 |  0.92 |  0.96
        5303 |  1.02 |  0.91 |  0.85 |  1.00 |  0.88 |  0.92 |  0.96
        5303 |  1.02 |  0.91 |  0.85 |  1.00 |  0.88 |  0.92 |  0.96
        5303 |  1.02 |  0.91 |  0.85 |  1.00 |  0.88 |  0.92 |  0.96
        5303 |  1.02 |  0.91 |  0.85 |  1.00 |  0.88 |  0.92 |  0.96
        5303 |  1.02 |  0.91 |  0.85 |  1.00 |  0.88 |  0.92 |  0.96
        5303 |  1.02 |  0.91 |  0.85 |  1.00 |  0.88 |  0.92 |  0.96
        5303 |  1.02 |  0.91 |  0.85 |  1.00 |  0.88 |  0.92 |  0.96
        5303 |  1.02 |  0.91 |  0.85 |  1.00 |  0.88 |  0.92 |  0.96
        5303 |  1.02 |  0.91 |  0.85 |  1.00 |  0.88 |  0.92 |  0.96
        5303 |  1.02 |  0.91 |  0.85 |  1.00 |  0.88 |  0.92 |  0.96
        5303 |  1.02 |  0.91 |  0.85 |  1.00 |  0.88 |  0.92 |  0.96
        5304 |  0.97 |  1.04 |  0.91 |  0.97 |  1.04 |  0.84 |  0.96
        5304 |  0.97 |  1.04 |  0.91 |  0.97 |  1.04 |  0.84 |  0.96
        5304 |  0.97 |  1.04 |  0.91 |  0.97 |  1.04 |  0.84 |  0.96
        5304 |  0.97 |  1.04 |  0.91 |  0.97 |  1.04 |  0.84 |  0.96
        5304 |  0.97 |  1.04 |  0.91 |  0.97 |  1.04 |  0.84 |  0.96
        5304 |  0.97 |  1.04 |  0.91 |  0.97 |  1.04 |  0.84 |  0.96
        5304 |  0.97 |  1.04 |  0.91 |  0.97 |  1.04 |  0.84 |  0.96
        5304 |  0.97 |  1.04 |  0.91 |  0.97 |  1.04 |  0.84 |  0.96
        5304 |  0.97 |  1.04 |  0.91 |  0.97 |  1.04 |  0.84 |  0.96
        5304 |  0.97 |  1.04 |  0.91 |  0.97 |  1.04 |  0.84 |  0.96
        5304 |  0.97 |  1.04 |  0.91 |  0.97 |  1.04 |  0.84 |  0.96
        5304 |  0.97 |  1.04 |  0.91 |  0.97 |  1.04 |  0.84 |  0.96
        5304 |  0.97 |  1.04 |  0.91 |  0.97 |  1.04 |  0.84 |  0.96
        5304 |  0.97 |  1.04 |  0.91 |  0.97 |  1.04 |  0.84 |  0.96
        5304 |  0.97 |  1.04 |  0.91 |  0.97 |  1.04 |  0.84 |  0.96
        5304 |  0.97 |  1.04 |  0.91 |  0.97 |  1.04 |  0.84 |  0.96
        5304 |  0.97 |  1.04 |  0.91 |  0.97 |  1.04 |  0.84 |  0.96
        5304 |  0.97 |  1.04 |  0.91 |  0.97 |  1.04 |  0.84 |  0.96
        5304 |  0.97 |  1.04 |  0.91 |  0.97 |  1.04 |  0.84 |  0.96
        5304 |  0.97 |  1.04 |  0.91 |  0.97 |  1.04 |  0.84 |  0.96
        5304 |  0.97 |  1.04 |  0.91 |  0.97 |  1.04 |  0.84 |  0.96
        5304 |  0.97 |  1.04 |  0.91 |  0.97 |  1.04 |  0.84 |  0.96
        5304 |  0.97 |  1.04 |  0.91 |  0.97 |  1.04 |  0.84 |  0.96
        5304 |  0.97 |  1.04 |  0.91 |  0.97 |  1.04 |  0.84 |  0.96
        5304 |  0.97 |  1.04 |  0.91 |  0.97 |  1.04 |  0.84 |  0.96
        5304 |  0.97 |  1.04 |  0.91 |  0.97 |  1.04 |  0.84 |  0.96
        5304 |  0.97 |  1.04 |  0.91 |  0.97 |  1.04 |  0.84 |  0.96
        5304 |  0.97 |  1.04 |  0.91 |  0.97 |  1.04 |  0.84 |  0.96
        5304 |  0.97 |  1.04 |  0.91 |  0.97 |  1.04 |  0.84 |  0.96
        5304 |  0.97 |  1.04 |  0.91 |  0.97 |  1.04 |  0.84 |  0.96
        5304 |  0.97 |  1.04 |  0.91 |  0.97 |  1.04 |  0.84 |  0.96
        5304 |  0.97 |  1.04 |  0.91 |  0.97 |  1.04 |  0.84 |  0.96
        5304 |  0.97 |  1.04 |  0.91 |  0.97 |  1.04 |  0.84 |  0.96
        5304 |  0.97 |  1.04 |  0.91 |  0.97 |  1.04 |  0.84 |  0.96
        5304 |  0.97 |  1.04 |  0.91 |  0.97 |  1.04 |  0.84 |  0.96
        5304 |  0.97 |  1.04 |  0.91 |  0.97 |  1.04 |  0.84 |  0.96
        5304 |  0.97 |  1.04 |  0.91 |  0.97 |  1.04 |  0.84 |  0.96
        5304 |  0.97 |  1.04 |  0.91 |  0.97 |  1.04 |  0.84 |  0.96
        5304 |  0.97 |  1.04 |  0.91 |  0.97 |  1.04 |  0.84 |  0.96
        5304 |  0.97 |  1.04 |  0.91 |  0.97 |  1.04 |  0.84 |  0.96
        5304 |  0.97 |  1.04 |  0.91 |  0.97 |  1.04 |  0.84 |  0.96
        5304 |  0.97 |  1.04 |  0.91 |  0.97 |  1.04 |  0.84 |  0.96
        5304 |  0.97 |  1.04 |  0.91 |  0.97 |  1.04 |  0.84 |  0.96
        5304 |  0.97 |  1.04 |  0.91 |  0.97 |  1.04 |  0.84 |  0.96
        5304 |  0.97 |  1.04 |  0.91 |  0.97 |  1.04 |  0.84 |  0.96
        5304 |  0.97 |  1.04 |  0.91 |  0.97 |  1.04 |  0.84 |  0.96
        5304 |  0.97 |  1.04 |  0.91 |  0.97 |  1.04 |  0.84 |  0.96
        5304 |  0.97 |  1.04 |  0.91 |  0.97 |  1.04 |  0.84 |  0.96
        5304 |  0.97 |  1.04 |  0.91 |  0.97 |  1.04 |  0.84 |  0.96
        5305 |  0.99 |  1.04 |  0.84 |  0.91 |  0.96 |  0.86 |  0.98
        5305 |  0.99 |  1.04 |  0.84 |  0.91 |  0.96 |  0.86 |  0.98
        5305 |  0.99 |  1.04 |  0.84 |  0.91 |  0.96 |  0.86 |  0.98
        5305 |  0.99 |  1.04 |  0.84 |  0.91 |  0.96 |  0.86 |  0.98
        5305 |  0.99 |  1.04 |  0.84 |  0.91 |  0.96 |  0.86 |  0.98
        5305 |  0.99 |  1.04 |  0.84 |  0.91 |  0.96 |  0.86 |  0.98
        5305 |  0.99 |  1.04 |  0.84 |  0.91 |  0.96 |  0.86 |  0.98
        5305 |  0.99 |  1.04 |  0.84 |  0.91 |  0.96 |  0.86 |  0.98
        5305 |  0.99 |  1.04 |  0.84 |  0.91 |  0.96 |  0.86 |  0.98
        5305 |  0.99 |  1.04 |  0.84 |  0.91 |  0.96 |  0.86 |  0.98
        5305 |  0.99 |  1.04 |  0.84 |  0.91 |  0.96 |  0.86 |  0.98
        5305 |  0.99 |  1.04 |  0.84 |  0.91 |  0.96 |  0.86 |  0.98
        5305 |  0.99 |  1.04 |  0.84 |  0.91 |  0.96 |  0.86 |  0.98
        5305 |  0.99 |  1.04 |  0.84 |  0.91 |  0.96 |  0.86 |  0.98
        5305 |  0.99 |  1.04 |  0.84 |  0.91 |  0.96 |  0.86 |  0.98
        5305 |  0.99 |  1.04 |  0.84 |  0.91 |  0.96 |  0.86 |  0.98
        5305 |  0.99 |  1.04 |  0.84 |  0.91 |  0.96 |  0.86 |  0.98
        5305 |  0.99 |  1.04 |  0.84 |  0.91 |  0.96 |  0.86 |  0.98
        5305 |  0.99 |  1.04 |  0.84 |  0.91 |  0.96 |  0.86 |  0.98
        5305 |  0.99 |  1.04 |  0.84 |  0.91 |  0.96 |  0.86 |  0.98
        5305 |  0.99 |  1.04 |  0.84 |  0.91 |  0.96 |  0.86 |  0.98
        5305 |  0.99 |  1.04 |  0.84 |  0.91 |  0.96 |  0.86 |  0.98
        5305 |  0.99 |  1.04 |  0.84 |  0.91 |  0.96 |  0.86 |  0.98
        5305 |  0.99 |  1.04 |  0.84 |  0.91 |  0.96 |  0.86 |  0.98
        5305 |  0.99 |  1.04 |  0.84 |  0.91 |  0.96 |  0.86 |  0.98
        5305 |  0.99 |  1.04 |  0.84 |  0.91 |  0.96 |  0.86 |  0.98
        5305 |  0.99 |  1.04 |  0.84 |  0.91 |  0.96 |  0.86 |  0.98
        5305 |  0.99 |  1.04 |  0.84 |  0.91 |  0.96 |  0.86 |  0.98
        5305 |  0.99 |  1.04 |  0.84 |  0.91 |  0.96 |  0.86 |  0.98
        5305 |  0.99 |  1.04 |  0.84 |  0.91 |  0.96 |  0.86 |  0.98
        5305 |  0.99 |  1.04 |  0.84 |  0.91 |  0.96 |  0.86 |  0.98
        5305 |  0.99 |  1.04 |  0.84 |  0.91 |  0.96 |  0.86 |  0.98
        5305 |  0.99 |  1.04 |  0.84 |  0.91 |  0.96 |  0.86 |  0.98
        5305 |  0.99 |  1.04 |  0.84 |  0.91 |  0.96 |  0.86 |  0.98
        5305 |  0.99 |  1.04 |  0.84 |  0.91 |  0.96 |  0.86 |  0.98
        5305 |  0.99 |  1.04 |  0.84 |  0.91 |  0.96 |  0.86 |  0.98
        5305 |  0.99 |  1.04 |  0.84 |  0.91 |  0.96 |  0.86 |  0.98
        5305 |  0.99 |  1.04 |  0.84 |  0.91 |  0.96 |  0.86 |  0.98
        5305 |  0.99 |  1.04 |  0.84 |  0.91 |  0.96 |  0.86 |  0.98
        5305 |  0.99 |  1.04 |  0.84 |  0.91 |  0.96 |  0.86 |  0.98
        5305 |  0.99 |  1.04 |  0.84 |  0.91 |  0.96 |  0.86 |  0.98
        5305 |  0.99 |  1.04 |  0.84 |  0.91 |  0.96 |  0.86 |  0.98
        5305 |  0.99 |  1.04 |  0.84 |  0.91 |  0.96 |  0.86 |  0.98
        5305 |  0.99 |  1.04 |  0.84 |  0.91 |  0.96 |  0.86 |  0.98
        5305 |  0.99 |  1.04 |  0.84 |  0.91 |  0.96 |  0.86 |  0.98
        5305 |  0.99 |  1.04 |  0.84 |  0.91 |  0.96 |  0.86 |  0.98
        5305 |  0.99 |  1.04 |  0.84 |  0.91 |  0.96 |  0.86 |  0.98
        5305 |  0.99 |  1.04 |  0.84 |  0.91 |  0.96 |  0.86 |  0.98
        5305 |  0.99 |  1.04 |  0.84 |  0.91 |  0.96 |  0.86 |  0.98
        5306 |  0.96 |  0.93 |  0.95 |  0.91 |  0.98 |  1.02 |  1.02
        5306 |  0.96 |  0.93 |  0.95 |  0.91 |  0.98 |  1.02 |  1.02
        5306 |  0.96 |  0.93 |  0.95 |  0.91 |  0.98 |  1.02 |  1.02
        5306 |  0.96 |  0.93 |  0.95 |  0.91 |  0.98 |  1.02 |  1.02
        5306 |  0.96 |  0.93 |  0.95 |  0.91 |  0.98 |  1.02 |  1.02
        5306 |  0.96 |  0.93 |  0.95 |  0.91 |  0.98 |  1.02 |  1.02
        5306 |  0.96 |  0.93 |  0.95 |  0.91 |  0.98 |  1.02 |  1.02
        5306 |  0.96 |  0.93 |  0.95 |  0.91 |  0.98 |  1.02 |  1.02
        5306 |  0.96 |  0.93 |  0.95 |  0.91 |  0.98 |  1.02 |  1.02
        5306 |  0.96 |  0.93 |  0.95 |  0.91 |  0.98 |  1.02 |  1.02
        5306 |  0.96 |  0.93 |  0.95 |  0.91 |  0.98 |  1.02 |  1.02
        5306 |  0.96 |  0.93 |  0.95 |  0.91 |  0.98 |  1.02 |  1.02
        5306 |  0.96 |  0.93 |  0.95 |  0.91 |  0.98 |  1.02 |  1.02
        5306 |  0.96 |  0.93 |  0.95 |  0.91 |  0.98 |  1.02 |  1.02
        5306 |  0.96 |  0.93 |  0.95 |  0.91 |  0.98 |  1.02 |  1.02
        5306 |  0.96 |  0.93 |  0.95 |  0.91 |  0.98 |  1.02 |  1.02
        5306 |  0.96 |  0.93 |  0.95 |  0.91 |  0.98 |  1.02 |  1.02
        5306 |  0.96 |  0.93 |  0.95 |  0.91 |  0.98 |  1.02 |  1.02
        5306 |  0.96 |  0.93 |  0.95 |  0.91 |  0.98 |  1.02 |  1.02
        5306 |  0.96 |  0.93 |  0.95 |  0.91 |  0.98 |  1.02 |  1.02
        5306 |  0.96 |  0.93 |  0.95 |  0.91 |  0.98 |  1.02 |  1.02
        5306 |  0.96 |  0.93 |  0.95 |  0.91 |  0.98 |  1.02 |  1.02
        5306 |  0.96 |  0.93 |  0.95 |  0.91 |  0.98 |  1.02 |  1.02
        5306 |  0.96 |  0.93 |  0.95 |  0.91 |  0.98 |  1.02 |  1.02
        5306 |  0.96 |  0.93 |  0.95 |  0.91 |  0.98 |  1.02 |  1.02
        5306 |  0.96 |  0.93 |  0.95 |  0.91 |  0.98 |  1.02 |  1.02
        5306 |  0.96 |  0.93 |  0.95 |  0.91 |  0.98 |  1.02 |  1.02
        5306 |  0.96 |  0.93 |  0.95 |  0.91 |  0.98 |  1.02 |  1.02
        5306 |  0.96 |  0.93 |  0.95 |  0.91 |  0.98 |  1.02 |  1.02
        5306 |  0.96 |  0.93 |  0.95 |  0.91 |  0.98 |  1.02 |  1.02
        5306 |  0.96 |  0.93 |  0.95 |  0.91 |  0.98 |  1.02 |  1.02
        5306 |  0.96 |  0.93 |  0.95 |  0.91 |  0.98 |  1.02 |  1.02
        5306 |  0.96 |  0.93 |  0.95 |  0.91 |  0.98 |  1.02 |  1.02
        5306 |  0.96 |  0.93 |  0.95 |  0.91 |  0.98 |  1.02 |  1.02
        5306 |  0.96 |  0.93 |  0.95 |  0.91 |  0.98 |  1.02 |  1.02
        5306 |  0.96 |  0.93 |  0.95 |  0.91 |  0.98 |  1.02 |  1.02
        5306 |  0.96 |  0.93 |  0.95 |  0.91 |  0.98 |  1.02 |  1.02
        5306 |  0.96 |  0.93 |  0.95 |  0.91 |  0.98 |  1.02 |  1.02
        5306 |  0.96 |  0.93 |  0.95 |  0.91 |  0.98 |  1.02 |  1.02
        5306 |  0.96 |  0.93 |  0.95 |  0.91 |  0.98 |  1.02 |  1.02
        5306 |  0.96 |  0.93 |  0.95 |  0.91 |  0.98 |  1.02 |  1.02
        5306 |  0.96 |  0.93 |  0.95 |  0.91 |  0.98 |  1.02 |  1.02
        5306 |  0.96 |  0.93 |  0.95 |  0.91 |  0.98 |  1.02 |  1.02
        5306 |  0.96 |  0.93 |  0.95 |  0.91 |  0.98 |  1.02 |  1.02
        5306 |  0.96 |  0.93 |  0.95 |  0.91 |  0.98 |  1.02 |  1.02
        5306 |  0.96 |  0.93 |  0.95 |  0.91 |  0.98 |  1.02 |  1.02
        5306 |  0.96 |  0.93 |  0.95 |  0.91 |  0.98 |  1.02 |  1.02
        5306 |  0.96 |  0.93 |  0.95 |  0.91 |  0.98 |  1.02 |  1.02
        5306 |  0.96 |  0.93 |  0.95 |  0.91 |  0.98 |  1.02 |  1.02
        5307 |  0.96 |  0.96 |  0.91 |  0.96 |  1.08 |  0.92 |  0.88
        5307 |  0.96 |  0.96 |  0.91 |  0.96 |  1.08 |  0.92 |  0.88
        5307 |  0.96 |  0.96 |  0.91 |  0.96 |  1.08 |  0.92 |  0.88
        5307 |  0.96 |  0.96 |  0.91 |  0.96 |  1.08 |  0.92 |  0.88
        5307 |  0.96 |  0.96 |  0.91 |  0.96 |  1.08 |  0.92 |  0.88
        5307 |  0.96 |  0.96 |  0.91 |  0.96 |  1.08 |  0.92 |  0.88
        5307 |  0.96 |  0.96 |  0.91 |  0.96 |  1.08 |  0.92 |  0.88
        5307 |  0.96 |  0.96 |  0.91 |  0.96 |  1.08 |  0.92 |  0.88
        5307 |  0.96 |  0.96 |  0.91 |  0.96 |  1.08 |  0.92 |  0.88
        5307 |  0.96 |  0.96 |  0.91 |  0.96 |  1.08 |  0.92 |  0.88
        5307 |  0.96 |  0.96 |  0.91 |  0.96 |  1.08 |  0.92 |  0.88
        5307 |  0.96 |  0.96 |  0.91 |  0.96 |  1.08 |  0.92 |  0.88
        5307 |  0.96 |  0.96 |  0.91 |  0.96 |  1.08 |  0.92 |  0.88
        5307 |  0.96 |  0.96 |  0.91 |  0.96 |  1.08 |  0.92 |  0.88
        5307 |  0.96 |  0.96 |  0.91 |  0.96 |  1.08 |  0.92 |  0.88
        5307 |  0.96 |  0.96 |  0.91 |  0.96 |  1.08 |  0.92 |  0.88
        5307 |  0.96 |  0.96 |  0.91 |  0.96 |  1.08 |  0.92 |  0.88
        5307 |  0.96 |  0.96 |  0.91 |  0.96 |  1.08 |  0.92 |  0.88
        5307 |  0.96 |  0.96 |  0.91 |  0.96 |  1.08 |  0.92 |  0.88
        5307 |  0.96 |  0.96 |  0.91 |  0.96 |  1.08 |  0.92 |  0.88
        5307 |  0.96 |  0.96 |  0.91 |  0.96 |  1.08 |  0.92 |  0.88
        5307 |  0.96 |  0.96 |  0.91 |  0.96 |  1.08 |  0.92 |  0.88
        5307 |  0.96 |  0.96 |  0.91 |  0.96 |  1.08 |  0.92 |  0.88
        5307 |  0.96 |  0.96 |  0.91 |  0.96 |  1.08 |  0.92 |  0.88
        5307 |  0.96 |  0.96 |  0.91 |  0.96 |  1.08 |  0.92 |  0.88
        5307 |  0.96 |  0.96 |  0.91 |  0.96 |  1.08 |  0.92 |  0.88
        5307 |  0.96 |  0.96 |  0.91 |  0.96 |  1.08 |  0.92 |  0.88
        5307 |  0.96 |  0.96 |  0.91 |  0.96 |  1.08 |  0.92 |  0.88
        5307 |  0.96 |  0.96 |  0.91 |  0.96 |  1.08 |  0.92 |  0.88
        5307 |  0.96 |  0.96 |  0.91 |  0.96 |  1.08 |  0.92 |  0.88
        5307 |  0.96 |  0.96 |  0.91 |  0.96 |  1.08 |  0.92 |  0.88
        5307 |  0.96 |  0.96 |  0.91 |  0.96 |  1.08 |  0.92 |  0.88
        5307 |  0.96 |  0.96 |  0.91 |  0.96 |  1.08 |  0.92 |  0.88
        5307 |  0.96 |  0.96 |  0.91 |  0.96 |  1.08 |  0.92 |  0.88
        5307 |  0.96 |  0.96 |  0.91 |  0.96 |  1.08 |  0.92 |  0.88
        5307 |  0.96 |  0.96 |  0.91 |  0.96 |  1.08 |  0.92 |  0.88
        5307 |  0.96 |  0.96 |  0.91 |  0.96 |  1.08 |  0.92 |  0.88
        5307 |  0.96 |  0.96 |  0.91 |  0.96 |  1.08 |  0.92 |  0.88
        5307 |  0.96 |  0.96 |  0.91 |  0.96 |  1.08 |  0.92 |  0.88
        5307 |  0.96 |  0.96 |  0.91 |  0.96 |  1.08 |  0.92 |  0.88
        5307 |  0.96 |  0.96 |  0.91 |  0.96 |  1.08 |  0.92 |  0.88
        5307 |  0.96 |  0.96 |  0.91 |  0.96 |  1.08 |  0.92 |  0.88
        5307 |  0.96 |  0.96 |  0.91 |  0.96 |  1.08 |  0.92 |  0.88
        5307 |  0.96 |  0.96 |  0.91 |  0.96 |  1.08 |  0.92 |  0.88
        5307 |  0.96 |  0.96 |  0.91 |  0.96 |  1.08 |  0.92 |  0.88
        5307 |  0.96 |  0.96 |  0.91 |  0.96 |  1.08 |  0.92 |  0.88
        5307 |  0.96 |  0.96 |  0.91 |  0.96 |  1.08 |  0.92 |  0.88
        5307 |  0.96 |  0.96 |  0.91 |  0.96 |  1.08 |  0.92 |  0.88
        5307 |  0.96 |  0.96 |  0.91 |  0.96 |  1.08 |  0.92 |  0.88
        5308 |  1.13 |  1.09 |  1.02 |  1.02 |  1.00 |  0.93 |  1.00
        5308 |  1.13 |  1.09 |  1.02 |  1.02 |  1.00 |  0.93 |  1.00
        5308 |  1.13 |  1.09 |  1.02 |  1.02 |  1.00 |  0.93 |  1.00
        5308 |  1.13 |  1.09 |  1.02 |  1.02 |  1.00 |  0.93 |  1.00
        5308 |  1.13 |  1.09 |  1.02 |  1.02 |  1.00 |  0.93 |  1.00
        5308 |  1.13 |  1.09 |  1.02 |  1.02 |  1.00 |  0.93 |  1.00
        5308 |  1.13 |  1.09 |  1.02 |  1.02 |  1.00 |  0.93 |  1.00
        5308 |  1.13 |  1.09 |  1.02 |  1.02 |  1.00 |  0.93 |  1.00
        5308 |  1.13 |  1.09 |  1.02 |  1.02 |  1.00 |  0.93 |  1.00
        5308 |  1.13 |  1.09 |  1.02 |  1.02 |  1.00 |  0.93 |  1.00
        5308 |  1.13 |  1.09 |  1.02 |  1.02 |  1.00 |  0.93 |  1.00
        5308 |  1.13 |  1.09 |  1.02 |  1.02 |  1.00 |  0.93 |  1.00
        5308 |  1.13 |  1.09 |  1.02 |  1.02 |  1.00 |  0.93 |  1.00
        5308 |  1.13 |  1.09 |  1.02 |  1.02 |  1.00 |  0.93 |  1.00
        5308 |  1.13 |  1.09 |  1.02 |  1.02 |  1.00 |  0.93 |  1.00
        5308 |  1.13 |  1.09 |  1.02 |  1.02 |  1.00 |  0.93 |  1.00
        5308 |  1.13 |  1.09 |  1.02 |  1.02 |  1.00 |  0.93 |  1.00
        5308 |  1.13 |  1.09 |  1.02 |  1.02 |  1.00 |  0.93 |  1.00
        5308 |  1.13 |  1.09 |  1.02 |  1.02 |  1.00 |  0.93 |  1.00
        5308 |  1.13 |  1.09 |  1.02 |  1.02 |  1.00 |  0.93 |  1.00
        5308 |  1.13 |  1.09 |  1.02 |  1.02 |  1.00 |  0.93 |  1.00
        5308 |  1.13 |  1.09 |  1.02 |  1.02 |  1.00 |  0.93 |  1.00
        5308 |  1.13 |  1.09 |  1.02 |  1.02 |  1.00 |  0.93 |  1.00
        5308 |  1.13 |  1.09 |  1.02 |  1.02 |  1.00 |  0.93 |  1.00
        5308 |  1.13 |  1.09 |  1.02 |  1.02 |  1.00 |  0.93 |  1.00
        5308 |  1.13 |  1.09 |  1.02 |  1.02 |  1.00 |  0.93 |  1.00
        5308 |  1.13 |  1.09 |  1.02 |  1.02 |  1.00 |  0.93 |  1.00
        5308 |  1.13 |  1.09 |  1.02 |  1.02 |  1.00 |  0.93 |  1.00
        5308 |  1.13 |  1.09 |  1.02 |  1.02 |  1.00 |  0.93 |  1.00
        5308 |  1.13 |  1.09 |  1.02 |  1.02 |  1.00 |  0.93 |  1.00
        5308 |  1.13 |  1.09 |  1.02 |  1.02 |  1.00 |  0.93 |  1.00
        5308 |  1.13 |  1.09 |  1.02 |  1.02 |  1.00 |  0.93 |  1.00
        5308 |  1.13 |  1.09 |  1.02 |  1.02 |  1.00 |  0.93 |  1.00
        5308 |  1.13 |  1.09 |  1.02 |  1.02 |  1.00 |  0.93 |  1.00
        5308 |  1.13 |  1.09 |  1.02 |  1.02 |  1.00 |  0.93 |  1.00
        5308 |  1.13 |  1.09 |  1.02 |  1.02 |  1.00 |  0.93 |  1.00
        5308 |  1.13 |  1.09 |  1.02 |  1.02 |  1.00 |  0.93 |  1.00
        5308 |  1.13 |  1.09 |  1.02 |  1.02 |  1.00 |  0.93 |  1.00
        5308 |  1.13 |  1.09 |  1.02 |  1.02 |  1.00 |  0.93 |  1.00
        5308 |  1.13 |  1.09 |  1.02 |  1.02 |  1.00 |  0.93 |  1.00
        5308 |  1.13 |  1.09 |  1.02 |  1.02 |  1.00 |  0.93 |  1.00
        5308 |  1.13 |  1.09 |  1.02 |  1.02 |  1.00 |  0.93 |  1.00
        5308 |  1.13 |  1.09 |  1.02 |  1.02 |  1.00 |  0.93 |  1.00
        5308 |  1.13 |  1.09 |  1.02 |  1.02 |  1.00 |  0.93 |  1.00
        5308 |  1.13 |  1.09 |  1.02 |  1.02 |  1.00 |  0.93 |  1.00
        5308 |  1.13 |  1.09 |  1.02 |  1.02 |  1.00 |  0.93 |  1.00
        5308 |  1.13 |  1.09 |  1.02 |  1.02 |  1.00 |  0.93 |  1.00
        5308 |  1.13 |  1.09 |  1.02 |  1.02 |  1.00 |  0.93 |  1.00
        5308 |  1.13 |  1.09 |  1.02 |  1.02 |  1.00 |  0.93 |  1.00
        5309 |  1.16 |  0.98 |  0.96 |  1.03 |  1.03 |  1.09 |  0.99
        5309 |  1.16 |  0.98 |  0.96 |  1.03 |  1.03 |  1.09 |  0.99
        5309 |  1.16 |  0.98 |  0.96 |  1.03 |  1.03 |  1.09 |  0.99
        5309 |  1.16 |  0.98 |  0.96 |  1.03 |  1.03 |  1.09 |  0.99
        5309 |  1.16 |  0.98 |  0.96 |  1.03 |  1.03 |  1.09 |  0.99
        5309 |  1.16 |  0.98 |  0.96 |  1.03 |  1.03 |  1.09 |  0.99
        5309 |  1.16 |  0.98 |  0.96 |  1.03 |  1.03 |  1.09 |  0.99
        5309 |  1.16 |  0.98 |  0.96 |  1.03 |  1.03 |  1.09 |  0.99
        5309 |  1.16 |  0.98 |  0.96 |  1.03 |  1.03 |  1.09 |  0.99
        5309 |  1.16 |  0.98 |  0.96 |  1.03 |  1.03 |  1.09 |  0.99
        5309 |  1.16 |  0.98 |  0.96 |  1.03 |  1.03 |  1.09 |  0.99
        5309 |  1.16 |  0.98 |  0.96 |  1.03 |  1.03 |  1.09 |  0.99
        5309 |  1.16 |  0.98 |  0.96 |  1.03 |  1.03 |  1.09 |  0.99
        5309 |  1.16 |  0.98 |  0.96 |  1.03 |  1.03 |  1.09 |  0.99
        5309 |  1.16 |  0.98 |  0.96 |  1.03 |  1.03 |  1.09 |  0.99
        5309 |  1.16 |  0.98 |  0.96 |  1.03 |  1.03 |  1.09 |  0.99
        5309 |  1.16 |  0.98 |  0.96 |  1.03 |  1.03 |  1.09 |  0.99
        5309 |  1.16 |  0.98 |  0.96 |  1.03 |  1.03 |  1.09 |  0.99
        5309 |  1.16 |  0.98 |  0.96 |  1.03 |  1.03 |  1.09 |  0.99
        5309 |  1.16 |  0.98 |  0.96 |  1.03 |  1.03 |  1.09 |  0.99
        5309 |  1.16 |  0.98 |  0.96 |  1.03 |  1.03 |  1.09 |  0.99
        5309 |  1.16 |  0.98 |  0.96 |  1.03 |  1.03 |  1.09 |  0.99
        5309 |  1.16 |  0.98 |  0.96 |  1.03 |  1.03 |  1.09 |  0.99
        5309 |  1.16 |  0.98 |  0.96 |  1.03 |  1.03 |  1.09 |  0.99
        5309 |  1.16 |  0.98 |  0.96 |  1.03 |  1.03 |  1.09 |  0.99
        5309 |  1.16 |  0.98 |  0.96 |  1.03 |  1.03 |  1.09 |  0.99
        5309 |  1.16 |  0.98 |  0.96 |  1.03 |  1.03 |  1.09 |  0.99
        5309 |  1.16 |  0.98 |  0.96 |  1.03 |  1.03 |  1.09 |  0.99
        5309 |  1.16 |  0.98 |  0.96 |  1.03 |  1.03 |  1.09 |  0.99
        5309 |  1.16 |  0.98 |  0.96 |  1.03 |  1.03 |  1.09 |  0.99
        5309 |  1.16 |  0.98 |  0.96 |  1.03 |  1.03 |  1.09 |  0.99
        5309 |  1.16 |  0.98 |  0.96 |  1.03 |  1.03 |  1.09 |  0.99
        5309 |  1.16 |  0.98 |  0.96 |  1.03 |  1.03 |  1.09 |  0.99
        5309 |  1.16 |  0.98 |  0.96 |  1.03 |  1.03 |  1.09 |  0.99
        5309 |  1.16 |  0.98 |  0.96 |  1.03 |  1.03 |  1.09 |  0.99
        5309 |  1.16 |  0.98 |  0.96 |  1.03 |  1.03 |  1.09 |  0.99
        5309 |  1.16 |  0.98 |  0.96 |  1.03 |  1.03 |  1.09 |  0.99
        5309 |  1.16 |  0.98 |  0.96 |  1.03 |  1.03 |  1.09 |  0.99
        5309 |  1.16 |  0.98 |  0.96 |  1.03 |  1.03 |  1.09 |  0.99
        5309 |  1.16 |  0.98 |  0.96 |  1.03 |  1.03 |  1.09 |  0.99
        5309 |  1.16 |  0.98 |  0.96 |  1.03 |  1.03 |  1.09 |  0.99
        5309 |  1.16 |  0.98 |  0.96 |  1.03 |  1.03 |  1.09 |  0.99
        5309 |  1.16 |  0.98 |  0.96 |  1.03 |  1.03 |  1.09 |  0.99
        5309 |  1.16 |  0.98 |  0.96 |  1.03 |  1.03 |  1.09 |  0.99
        5309 |  1.16 |  0.98 |  0.96 |  1.03 |  1.03 |  1.09 |  0.99
        5309 |  1.16 |  0.98 |  0.96 |  1.03 |  1.03 |  1.09 |  0.99
        5309 |  1.16 |  0.98 |  0.96 |  1.03 |  1.03 |  1.09 |  0.99
        5309 |  1.16 |  0.98 |  0.96 |  1.03 |  1.03 |  1.09 |  0.99
        5309 |  1.16 |  0.98 |  0.96 |  1.03 |  1.03 |  1.09 |  0.99
        5310 |  0.97 |  1.00 |  0.90 |  0.88 |  0.99 |  0.95 |  0.87
        5310 |  0.97 |  1.00 |  0.90 |  0.88 |  0.99 |  0.95 |  0.87
        5310 |  0.97 |  1.00 |  0.90 |  0.88 |  0.99 |  0.95 |  0.87
        5310 |  0.97 |  1.00 |  0.90 |  0.88 |  0.99 |  0.95 |  0.87
        5310 |  0.97 |  1.00 |  0.90 |  0.88 |  0.99 |  0.95 |  0.87
        5310 |  0.97 |  1.00 |  0.90 |  0.88 |  0.99 |  0.95 |  0.87
        5310 |  0.97 |  1.00 |  0.90 |  0.88 |  0.99 |  0.95 |  0.87
        5310 |  0.97 |  1.00 |  0.90 |  0.88 |  0.99 |  0.95 |  0.87
        5310 |  0.97 |  1.00 |  0.90 |  0.88 |  0.99 |  0.95 |  0.87
        5310 |  0.97 |  1.00 |  0.90 |  0.88 |  0.99 |  0.95 |  0.87
        5310 |  0.97 |  1.00 |  0.90 |  0.88 |  0.99 |  0.95 |  0.87
        5310 |  0.97 |  1.00 |  0.90 |  0.88 |  0.99 |  0.95 |  0.87
        5310 |  0.97 |  1.00 |  0.90 |  0.88 |  0.99 |  0.95 |  0.87
        5310 |  0.97 |  1.00 |  0.90 |  0.88 |  0.99 |  0.95 |  0.87
        5310 |  0.97 |  1.00 |  0.90 |  0.88 |  0.99 |  0.95 |  0.87
        5310 |  0.97 |  1.00 |  0.90 |  0.88 |  0.99 |  0.95 |  0.87
        5310 |  0.97 |  1.00 |  0.90 |  0.88 |  0.99 |  0.95 |  0.87
        5310 |  0.97 |  1.00 |  0.90 |  0.88 |  0.99 |  0.95 |  0.87
        5310 |  0.97 |  1.00 |  0.90 |  0.88 |  0.99 |  0.95 |  0.87
        5310 |  0.97 |  1.00 |  0.90 |  0.88 |  0.99 |  0.95 |  0.87
        5310 |  0.97 |  1.00 |  0.90 |  0.88 |  0.99 |  0.95 |  0.87
        5310 |  0.97 |  1.00 |  0.90 |  0.88 |  0.99 |  0.95 |  0.87
        5310 |  0.97 |  1.00 |  0.90 |  0.88 |  0.99 |  0.95 |  0.87
        5310 |  0.97 |  1.00 |  0.90 |  0.88 |  0.99 |  0.95 |  0.87
        5310 |  0.97 |  1.00 |  0.90 |  0.88 |  0.99 |  0.95 |  0.87
        5310 |  0.97 |  1.00 |  0.90 |  0.88 |  0.99 |  0.95 |  0.87
        5310 |  0.97 |  1.00 |  0.90 |  0.88 |  0.99 |  0.95 |  0.87
        5310 |  0.97 |  1.00 |  0.90 |  0.88 |  0.99 |  0.95 |  0.87
        5310 |  0.97 |  1.00 |  0.90 |  0.88 |  0.99 |  0.95 |  0.87
        5310 |  0.97 |  1.00 |  0.90 |  0.88 |  0.99 |  0.95 |  0.87
        5310 |  0.97 |  1.00 |  0.90 |  0.88 |  0.99 |  0.95 |  0.87
        5310 |  0.97 |  1.00 |  0.90 |  0.88 |  0.99 |  0.95 |  0.87
        5310 |  0.97 |  1.00 |  0.90 |  0.88 |  0.99 |  0.95 |  0.87
        5310 |  0.97 |  1.00 |  0.90 |  0.88 |  0.99 |  0.95 |  0.87
        5310 |  0.97 |  1.00 |  0.90 |  0.88 |  0.99 |  0.95 |  0.87
        5310 |  0.97 |  1.00 |  0.90 |  0.88 |  0.99 |  0.95 |  0.87
        5310 |  0.97 |  1.00 |  0.90 |  0.88 |  0.99 |  0.95 |  0.87
        5310 |  0.97 |  1.00 |  0.90 |  0.88 |  0.99 |  0.95 |  0.87
        5310 |  0.97 |  1.00 |  0.90 |  0.88 |  0.99 |  0.95 |  0.87
        5310 |  0.97 |  1.00 |  0.90 |  0.88 |  0.99 |  0.95 |  0.87
        5310 |  0.97 |  1.00 |  0.90 |  0.88 |  0.99 |  0.95 |  0.87
        5310 |  0.97 |  1.00 |  0.90 |  0.88 |  0.99 |  0.95 |  0.87
        5310 |  0.97 |  1.00 |  0.90 |  0.88 |  0.99 |  0.95 |  0.87
        5310 |  0.97 |  1.00 |  0.90 |  0.88 |  0.99 |  0.95 |  0.87
        5310 |  0.97 |  1.00 |  0.90 |  0.88 |  0.99 |  0.95 |  0.87
        5310 |  0.97 |  1.00 |  0.90 |  0.88 |  0.99 |  0.95 |  0.87
        5310 |  0.97 |  1.00 |  0.90 |  0.88 |  0.99 |  0.95 |  0.87
        5310 |  0.97 |  1.00 |  0.90 |  0.88 |  0.99 |  0.95 |  0.87
        5310 |  0.97 |  1.00 |  0.90 |  0.88 |  0.99 |  0.95 |  0.87
        5311 |  1.13 |  1.09 |  1.03 |  0.88 |  0.98 |  1.05 |  0.84
        5311 |  1.13 |  1.09 |  1.03 |  0.88 |  0.98 |  1.05 |  0.84
        5311 |  1.13 |  1.09 |  1.03 |  0.88 |  0.98 |  1.05 |  0.84
        5311 |  1.13 |  1.09 |  1.03 |  0.88 |  0.98 |  1.05 |  0.84
        5311 |  1.13 |  1.09 |  1.03 |  0.88 |  0.98 |  1.05 |  0.84
        5311 |  1.13 |  1.09 |  1.03 |  0.88 |  0.98 |  1.05 |  0.84
        5311 |  1.13 |  1.09 |  1.03 |  0.88 |  0.98 |  1.05 |  0.84
        5311 |  1.13 |  1.09 |  1.03 |  0.88 |  0.98 |  1.05 |  0.84
        5311 |  1.13 |  1.09 |  1.03 |  0.88 |  0.98 |  1.05 |  0.84
        5311 |  1.13 |  1.09 |  1.03 |  0.88 |  0.98 |  1.05 |  0.84
        5311 |  1.13 |  1.09 |  1.03 |  0.88 |  0.98 |  1.05 |  0.84
        5311 |  1.13 |  1.09 |  1.03 |  0.88 |  0.98 |  1.05 |  0.84
        5311 |  1.13 |  1.09 |  1.03 |  0.88 |  0.98 |  1.05 |  0.84
        5311 |  1.13 |  1.09 |  1.03 |  0.88 |  0.98 |  1.05 |  0.84
        5311 |  1.13 |  1.09 |  1.03 |  0.88 |  0.98 |  1.05 |  0.84
        5311 |  1.13 |  1.09 |  1.03 |  0.88 |  0.98 |  1.05 |  0.84
        5311 |  1.13 |  1.09 |  1.03 |  0.88 |  0.98 |  1.05 |  0.84
        5311 |  1.13 |  1.09 |  1.03 |  0.88 |  0.98 |  1.05 |  0.84
        5311 |  1.13 |  1.09 |  1.03 |  0.88 |  0.98 |  1.05 |  0.84
        5311 |  1.13 |  1.09 |  1.03 |  0.88 |  0.98 |  1.05 |  0.84
        5311 |  1.13 |  1.09 |  1.03 |  0.88 |  0.98 |  1.05 |  0.84
        5311 |  1.13 |  1.09 |  1.03 |  0.88 |  0.98 |  1.05 |  0.84
        5311 |  1.13 |  1.09 |  1.03 |  0.88 |  0.98 |  1.05 |  0.84
        5311 |  1.13 |  1.09 |  1.03 |  0.88 |  0.98 |  1.05 |  0.84
        5311 |  1.13 |  1.09 |  1.03 |  0.88 |  0.98 |  1.05 |  0.84
        5311 |  1.13 |  1.09 |  1.03 |  0.88 |  0.98 |  1.05 |  0.84
        5311 |  1.13 |  1.09 |  1.03 |  0.88 |  0.98 |  1.05 |  0.84
        5311 |  1.13 |  1.09 |  1.03 |  0.88 |  0.98 |  1.05 |  0.84
        5311 |  1.13 |  1.09 |  1.03 |  0.88 |  0.98 |  1.05 |  0.84
        5311 |  1.13 |  1.09 |  1.03 |  0.88 |  0.98 |  1.05 |  0.84
        5311 |  1.13 |  1.09 |  1.03 |  0.88 |  0.98 |  1.05 |  0.84
        5311 |  1.13 |  1.09 |  1.03 |  0.88 |  0.98 |  1.05 |  0.84
        5311 |  1.13 |  1.09 |  1.03 |  0.88 |  0.98 |  1.05 |  0.84
        5311 |  1.13 |  1.09 |  1.03 |  0.88 |  0.98 |  1.05 |  0.84
        5311 |  1.13 |  1.09 |  1.03 |  0.88 |  0.98 |  1.05 |  0.84
        5311 |  1.13 |  1.09 |  1.03 |  0.88 |  0.98 |  1.05 |  0.84
        5311 |  1.13 |  1.09 |  1.03 |  0.88 |  0.98 |  1.05 |  0.84
        5311 |  1.13 |  1.09 |  1.03 |  0.88 |  0.98 |  1.05 |  0.84
        5311 |  1.13 |  1.09 |  1.03 |  0.88 |  0.98 |  1.05 |  0.84
        5311 |  1.13 |  1.09 |  1.03 |  0.88 |  0.98 |  1.05 |  0.84
        5311 |  1.13 |  1.09 |  1.03 |  0.88 |  0.98 |  1.05 |  0.84
        5311 |  1.13 |  1.09 |  1.03 |  0.88 |  0.98 |  1.05 |  0.84
        5311 |  1.13 |  1.09 |  1.03 |  0.88 |  0.98 |  1.05 |  0.84
        5311 |  1.13 |  1.09 |  1.03 |  0.88 |  0.98 |  1.05 |  0.84
        5311 |  1.13 |  1.09 |  1.03 |  0.88 |  0.98 |  1.05 |  0.84
        5311 |  1.13 |  1.09 |  1.03 |  0.88 |  0.98 |  1.05 |  0.84
        5311 |  1.13 |  1.09 |  1.03 |  0.88 |  0.98 |  1.05 |  0.84
        5311 |  1.13 |  1.09 |  1.03 |  0.88 |  0.98 |  1.05 |  0.84
        5311 |  1.13 |  1.09 |  1.03 |  0.88 |  0.98 |  1.05 |  0.84
        5312 |  0.96 |  1.08 |  1.05 |  1.12 |  1.00 |  1.07 |  1.09
        5312 |  0.96 |  1.08 |  1.05 |  1.12 |  1.00 |  1.07 |  1.09
        5312 |  0.96 |  1.08 |  1.05 |  1.12 |  1.00 |  1.07 |  1.09
        5312 |  0.96 |  1.08 |  1.05 |  1.12 |  1.00 |  1.07 |  1.09
        5312 |  0.96 |  1.08 |  1.05 |  1.12 |  1.00 |  1.07 |  1.09
        5312 |  0.96 |  1.08 |  1.05 |  1.12 |  1.00 |  1.07 |  1.09
        5312 |  0.96 |  1.08 |  1.05 |  1.12 |  1.00 |  1.07 |  1.09
        5312 |  0.96 |  1.08 |  1.05 |  1.12 |  1.00 |  1.07 |  1.09
        5312 |  0.96 |  1.08 |  1.05 |  1.12 |  1.00 |  1.07 |  1.09
        5312 |  0.96 |  1.08 |  1.05 |  1.12 |  1.00 |  1.07 |  1.09
        5312 |  0.96 |  1.08 |  1.05 |  1.12 |  1.00 |  1.07 |  1.09
        5312 |  0.96 |  1.08 |  1.05 |  1.12 |  1.00 |  1.07 |  1.09
        5312 |  0.96 |  1.08 |  1.05 |  1.12 |  1.00 |  1.07 |  1.09
        5312 |  0.96 |  1.08 |  1.05 |  1.12 |  1.00 |  1.07 |  1.09
        5312 |  0.96 |  1.08 |  1.05 |  1.12 |  1.00 |  1.07 |  1.09
        5312 |  0.96 |  1.08 |  1.05 |  1.12 |  1.00 |  1.07 |  1.09
        5312 |  0.96 |  1.08 |  1.05 |  1.12 |  1.00 |  1.07 |  1.09
        5312 |  0.96 |  1.08 |  1.05 |  1.12 |  1.00 |  1.07 |  1.09
        5312 |  0.96 |  1.08 |  1.05 |  1.12 |  1.00 |  1.07 |  1.09
        5312 |  0.96 |  1.08 |  1.05 |  1.12 |  1.00 |  1.07 |  1.09
        5312 |  0.96 |  1.08 |  1.05 |  1.12 |  1.00 |  1.07 |  1.09
        5312 |  0.96 |  1.08 |  1.05 |  1.12 |  1.00 |  1.07 |  1.09
        5312 |  0.96 |  1.08 |  1.05 |  1.12 |  1.00 |  1.07 |  1.09
        5312 |  0.96 |  1.08 |  1.05 |  1.12 |  1.00 |  1.07 |  1.09
        5312 |  0.96 |  1.08 |  1.05 |  1.12 |  1.00 |  1.07 |  1.09
        5312 |  0.96 |  1.08 |  1.05 |  1.12 |  1.00 |  1.07 |  1.09
        5312 |  0.96 |  1.08 |  1.05 |  1.12 |  1.00 |  1.07 |  1.09
        5312 |  0.96 |  1.08 |  1.05 |  1.12 |  1.00 |  1.07 |  1.09
        5312 |  0.96 |  1.08 |  1.05 |  1.12 |  1.00 |  1.07 |  1.09
        5312 |  0.96 |  1.08 |  1.05 |  1.12 |  1.00 |  1.07 |  1.09
        5312 |  0.96 |  1.08 |  1.05 |  1.12 |  1.00 |  1.07 |  1.09
        5312 |  0.96 |  1.08 |  1.05 |  1.12 |  1.00 |  1.07 |  1.09
        5312 |  0.96 |  1.08 |  1.05 |  1.12 |  1.00 |  1.07 |  1.09
        5312 |  0.96 |  1.08 |  1.05 |  1.12 |  1.00 |  1.07 |  1.09
        5312 |  0.96 |  1.08 |  1.05 |  1.12 |  1.00 |  1.07 |  1.09
        5312 |  0.96 |  1.08 |  1.05 |  1.12 |  1.00 |  1.07 |  1.09
        5312 |  0.96 |  1.08 |  1.05 |  1.12 |  1.00 |  1.07 |  1.09
        5312 |  0.96 |  1.08 |  1.05 |  1.12 |  1.00 |  1.07 |  1.09
        5312 |  0.96 |  1.08 |  1.05 |  1.12 |  1.00 |  1.07 |  1.09
        5312 |  0.96 |  1.08 |  1.05 |  1.12 |  1.00 |  1.07 |  1.09
        5312 |  0.96 |  1.08 |  1.05 |  1.12 |  1.00 |  1.07 |  1.09
        5312 |  0.96 |  1.08 |  1.05 |  1.12 |  1.00 |  1.07 |  1.09
        5312 |  0.96 |  1.08 |  1.05 |  1.12 |  1.00 |  1.07 |  1.09
        5312 |  0.96 |  1.08 |  1.05 |  1.12 |  1.00 |  1.07 |  1.09
        5312 |  0.96 |  1.08 |  1.05 |  1.12 |  1.00 |  1.07 |  1.09
        5312 |  0.96 |  1.08 |  1.05 |  1.12 |  1.00 |  1.07 |  1.09
        5312 |  0.96 |  1.08 |  1.05 |  1.12 |  1.00 |  1.07 |  1.09
        5312 |  0.96 |  1.08 |  1.05 |  1.12 |  1.00 |  1.07 |  1.09
        5312 |  0.96 |  1.08 |  1.05 |  1.12 |  1.00 |  1.07 |  1.09
        5313 |  0.64 |  0.58 |  0.98 |  0.86 |  1.06 |  1.19 |  0.74
        5313 |  0.64 |  0.58 |  0.98 |  0.86 |  1.06 |  1.19 |  0.74
        5313 |  0.64 |  0.58 |  0.98 |  0.86 |  1.06 |  1.19 |  0.74
        5313 |  0.64 |  0.58 |  0.98 |  0.86 |  1.06 |  1.19 |  0.74
        5313 |  0.64 |  0.58 |  0.98 |  0.86 |  1.06 |  1.19 |  0.74
        5313 |  0.64 |  0.58 |  0.98 |  0.86 |  1.06 |  1.19 |  0.74
        5313 |  0.64 |  0.58 |  0.98 |  0.86 |  1.06 |  1.19 |  0.74
        5313 |  0.64 |  0.58 |  0.98 |  0.86 |  1.06 |  1.19 |  0.74
        5313 |  0.64 |  0.58 |  0.98 |  0.86 |  1.06 |  1.19 |  0.74
        5313 |  0.64 |  0.58 |  0.98 |  0.86 |  1.06 |  1.19 |  0.74
        5313 |  0.64 |  0.58 |  0.98 |  0.86 |  1.06 |  1.19 |  0.74
        5313 |  0.64 |  0.58 |  0.98 |  0.86 |  1.06 |  1.19 |  0.74
        5313 |  0.64 |  0.58 |  0.98 |  0.86 |  1.06 |  1.19 |  0.74
        5313 |  0.64 |  0.58 |  0.98 |  0.86 |  1.06 |  1.19 |  0.74
        5313 |  0.64 |  0.58 |  0.98 |  0.86 |  1.06 |  1.19 |  0.74
        5313 |  0.64 |  0.58 |  0.98 |  0.86 |  1.06 |  1.19 |  0.74
        5313 |  0.64 |  0.58 |  0.98 |  0.86 |  1.06 |  1.19 |  0.74
        5313 |  0.64 |  0.58 |  0.98 |  0.86 |  1.06 |  1.19 |  0.74
        5313 |  0.64 |  0.58 |  0.98 |  0.86 |  1.06 |  1.19 |  0.74
        5313 |  0.64 |  0.58 |  0.98 |  0.86 |  1.06 |  1.19 |  0.74
        5313 |  0.64 |  0.58 |  0.98 |  0.86 |  1.06 |  1.19 |  0.74
        5313 |  0.64 |  0.58 |  0.98 |  0.86 |  1.06 |  1.19 |  0.74
        5313 |  0.64 |  0.58 |  0.98 |  0.86 |  1.06 |  1.19 |  0.74
        5313 |  0.64 |  0.58 |  0.98 |  0.86 |  1.06 |  1.19 |  0.74
        5313 |  0.64 |  0.58 |  0.98 |  0.86 |  1.06 |  1.19 |  0.74
        5313 |  0.64 |  0.58 |  0.98 |  0.86 |  1.06 |  1.19 |  0.74
        5313 |  0.64 |  0.58 |  0.98 |  0.86 |  1.06 |  1.19 |  0.74
        5313 |  0.64 |  0.58 |  0.98 |  0.86 |  1.06 |  1.19 |  0.74
        5313 |  0.64 |  0.58 |  0.98 |  0.86 |  1.06 |  1.19 |  0.74
        5313 |  0.64 |  0.58 |  0.98 |  0.86 |  1.06 |  1.19 |  0.74
        5313 |  0.64 |  0.58 |  0.98 |  0.86 |  1.06 |  1.19 |  0.74
        5313 |  0.64 |  0.58 |  0.98 |  0.86 |  1.06 |  1.19 |  0.74
        5313 |  0.64 |  0.58 |  0.98 |  0.86 |  1.06 |  1.19 |  0.74
        5313 |  0.64 |  0.58 |  0.98 |  0.86 |  1.06 |  1.19 |  0.74
        5313 |  0.64 |  0.58 |  0.98 |  0.86 |  1.06 |  1.19 |  0.74
        5313 |  0.64 |  0.58 |  0.98 |  0.86 |  1.06 |  1.19 |  0.74
        5313 |  0.64 |  0.58 |  0.98 |  0.86 |  1.06 |  1.19 |  0.74
        5313 |  0.64 |  0.58 |  0.98 |  0.86 |  1.06 |  1.19 |  0.74
        5313 |  0.64 |  0.58 |  0.98 |  0.86 |  1.06 |  1.19 |  0.74
        5313 |  0.64 |  0.58 |  0.98 |  0.86 |  1.06 |  1.19 |  0.74
        5313 |  0.64 |  0.58 |  0.98 |  0.86 |  1.06 |  1.19 |  0.74
        5313 |  0.64 |  0.58 |  0.98 |  0.86 |  1.06 |  1.19 |  0.74
        5313 |  0.64 |  0.58 |  0.98 |  0.86 |  1.06 |  1.19 |  0.74
        5313 |  0.64 |  0.58 |  0.98 |  0.86 |  1.06 |  1.19 |  0.74
        5313 |  0.64 |  0.58 |  0.98 |  0.86 |  1.06 |  1.19 |  0.74
        5313 |  0.64 |  0.58 |  0.98 |  0.86 |  1.06 |  1.19 |  0.74
        5313 |  0.64 |  0.58 |  0.98 |  0.86 |  1.06 |  1.19 |  0.74
        5313 |  0.64 |  0.58 |  0.98 |  0.86 |  1.06 |  1.19 |  0.74
        5313 |  0.64 |  0.58 |  0.98 |  0.86 |  1.06 |  1.19 |  0.74
        5314 |  1.02 |  1.02 |  0.60 |  0.73 |  0.61 |  0.91 |  0.84
        5314 |  1.02 |  1.02 |  0.60 |  0.73 |  0.61 |  0.91 |  0.84
        5314 |  1.02 |  1.02 |  0.60 |  0.73 |  0.61 |  0.91 |  0.84
        5314 |  1.02 |  1.02 |  0.60 |  0.73 |  0.61 |  0.91 |  0.84
        5314 |  1.02 |  1.02 |  0.60 |  0.73 |  0.61 |  0.91 |  0.84
        5314 |  1.02 |  1.02 |  0.60 |  0.73 |  0.61 |  0.91 |  0.84
        5314 |  1.02 |  1.02 |  0.60 |  0.73 |  0.61 |  0.91 |  0.84
        5314 |  1.02 |  1.02 |  0.60 |  0.73 |  0.61 |  0.91 |  0.84
        5314 |  1.02 |  1.02 |  0.60 |  0.73 |  0.61 |  0.91 |  0.84
        5314 |  1.02 |  1.02 |  0.60 |  0.73 |  0.61 |  0.91 |  0.84
        5314 |  1.02 |  1.02 |  0.60 |  0.73 |  0.61 |  0.91 |  0.84
        5314 |  1.02 |  1.02 |  0.60 |  0.73 |  0.61 |  0.91 |  0.84
        5314 |  1.02 |  1.02 |  0.60 |  0.73 |  0.61 |  0.91 |  0.84
        5314 |  1.02 |  1.02 |  0.60 |  0.73 |  0.61 |  0.91 |  0.84
        5314 |  1.02 |  1.02 |  0.60 |  0.73 |  0.61 |  0.91 |  0.84
        5314 |  1.02 |  1.02 |  0.60 |  0.73 |  0.61 |  0.91 |  0.84
        5314 |  1.02 |  1.02 |  0.60 |  0.73 |  0.61 |  0.91 |  0.84
        5314 |  1.02 |  1.02 |  0.60 |  0.73 |  0.61 |  0.91 |  0.84
        5314 |  1.02 |  1.02 |  0.60 |  0.73 |  0.61 |  0.91 |  0.84
        5314 |  1.02 |  1.02 |  0.60 |  0.73 |  0.61 |  0.91 |  0.84
        5314 |  1.02 |  1.02 |  0.60 |  0.73 |  0.61 |  0.91 |  0.84
        5314 |  1.02 |  1.02 |  0.60 |  0.73 |  0.61 |  0.91 |  0.84
        5314 |  1.02 |  1.02 |  0.60 |  0.73 |  0.61 |  0.91 |  0.84
        5314 |  1.02 |  1.02 |  0.60 |  0.73 |  0.61 |  0.91 |  0.84
        5314 |  1.02 |  1.02 |  0.60 |  0.73 |  0.61 |  0.91 |  0.84
        5314 |  1.02 |  1.02 |  0.60 |  0.73 |  0.61 |  0.91 |  0.84
        5314 |  1.02 |  1.02 |  0.60 |  0.73 |  0.61 |  0.91 |  0.84
        5314 |  1.02 |  1.02 |  0.60 |  0.73 |  0.61 |  0.91 |  0.84
        5314 |  1.02 |  1.02 |  0.60 |  0.73 |  0.61 |  0.91 |  0.84
        5314 |  1.02 |  1.02 |  0.60 |  0.73 |  0.61 |  0.91 |  0.84
        5314 |  1.02 |  1.02 |  0.60 |  0.73 |  0.61 |  0.91 |  0.84
        5314 |  1.02 |  1.02 |  0.60 |  0.73 |  0.61 |  0.91 |  0.84
        5314 |  1.02 |  1.02 |  0.60 |  0.73 |  0.61 |  0.91 |  0.84
        5314 |  1.02 |  1.02 |  0.60 |  0.73 |  0.61 |  0.91 |  0.84
        5314 |  1.02 |  1.02 |  0.60 |  0.73 |  0.61 |  0.91 |  0.84
        5314 |  1.02 |  1.02 |  0.60 |  0.73 |  0.61 |  0.91 |  0.84
        5314 |  1.02 |  1.02 |  0.60 |  0.73 |  0.61 |  0.91 |  0.84
        5314 |  1.02 |  1.02 |  0.60 |  0.73 |  0.61 |  0.91 |  0.84
        5314 |  1.02 |  1.02 |  0.60 |  0.73 |  0.61 |  0.91 |  0.84
        5314 |  1.02 |  1.02 |  0.60 |  0.73 |  0.61 |  0.91 |  0.84
        5314 |  1.02 |  1.02 |  0.60 |  0.73 |  0.61 |  0.91 |  0.84
        5314 |  1.02 |  1.02 |  0.60 |  0.73 |  0.61 |  0.91 |  0.84
        5314 |  1.02 |  1.02 |  0.60 |  0.73 |  0.61 |  0.91 |  0.84
        5314 |  1.02 |  1.02 |  0.60 |  0.73 |  0.61 |  0.91 |  0.84
        5314 |  1.02 |  1.02 |  0.60 |  0.73 |  0.61 |  0.91 |  0.84
        5314 |  1.02 |  1.02 |  0.60 |  0.73 |  0.61 |  0.91 |  0.84
        5314 |  1.02 |  1.02 |  0.60 |  0.73 |  0.61 |  0.91 |  0.84
        5314 |  1.02 |  1.02 |  0.60 |  0.73 |  0.61 |  0.91 |  0.84
        5314 |  1.02 |  1.02 |  0.60 |  0.73 |  0.61 |  0.91 |  0.84
        5315 |  1.06 |  0.95 |  0.93 |  0.97 |  1.10 |  0.99 |  1.02
        5315 |  1.06 |  0.95 |  0.93 |  0.97 |  1.10 |  0.99 |  1.02
        5315 |  1.06 |  0.95 |  0.93 |  0.97 |  1.10 |  0.99 |  1.02
        5315 |  1.06 |  0.95 |  0.93 |  0.97 |  1.10 |  0.99 |  1.02
        5315 |  1.06 |  0.95 |  0.93 |  0.97 |  1.10 |  0.99 |  1.02
        5315 |  1.06 |  0.95 |  0.93 |  0.97 |  1.10 |  0.99 |  1.02
        5315 |  1.06 |  0.95 |  0.93 |  0.97 |  1.10 |  0.99 |  1.02
        5315 |  1.06 |  0.95 |  0.93 |  0.97 |  1.10 |  0.99 |  1.02
        5315 |  1.06 |  0.95 |  0.93 |  0.97 |  1.10 |  0.99 |  1.02
        5315 |  1.06 |  0.95 |  0.93 |  0.97 |  1.10 |  0.99 |  1.02
        5315 |  1.06 |  0.95 |  0.93 |  0.97 |  1.10 |  0.99 |  1.02
        5315 |  1.06 |  0.95 |  0.93 |  0.97 |  1.10 |  0.99 |  1.02
        5315 |  1.06 |  0.95 |  0.93 |  0.97 |  1.10 |  0.99 |  1.02
        5315 |  1.06 |  0.95 |  0.93 |  0.97 |  1.10 |  0.99 |  1.02
        5315 |  1.06 |  0.95 |  0.93 |  0.97 |  1.10 |  0.99 |  1.02
        5315 |  1.06 |  0.95 |  0.93 |  0.97 |  1.10 |  0.99 |  1.02
        5315 |  1.06 |  0.95 |  0.93 |  0.97 |  1.10 |  0.99 |  1.02
        5315 |  1.06 |  0.95 |  0.93 |  0.97 |  1.10 |  0.99 |  1.02
        5315 |  1.06 |  0.95 |  0.93 |  0.97 |  1.10 |  0.99 |  1.02
        5315 |  1.06 |  0.95 |  0.93 |  0.97 |  1.10 |  0.99 |  1.02
        5315 |  1.06 |  0.95 |  0.93 |  0.97 |  1.10 |  0.99 |  1.02
        5315 |  1.06 |  0.95 |  0.93 |  0.97 |  1.10 |  0.99 |  1.02
        5315 |  1.06 |  0.95 |  0.93 |  0.97 |  1.10 |  0.99 |  1.02
        5315 |  1.06 |  0.95 |  0.93 |  0.97 |  1.10 |  0.99 |  1.02
        5315 |  1.06 |  0.95 |  0.93 |  0.97 |  1.10 |  0.99 |  1.02
        5315 |  1.06 |  0.95 |  0.93 |  0.97 |  1.10 |  0.99 |  1.02
        5315 |  1.06 |  0.95 |  0.93 |  0.97 |  1.10 |  0.99 |  1.02
        5315 |  1.06 |  0.95 |  0.93 |  0.97 |  1.10 |  0.99 |  1.02
        5315 |  1.06 |  0.95 |  0.93 |  0.97 |  1.10 |  0.99 |  1.02
        5315 |  1.06 |  0.95 |  0.93 |  0.97 |  1.10 |  0.99 |  1.02
        5315 |  1.06 |  0.95 |  0.93 |  0.97 |  1.10 |  0.99 |  1.02
        5315 |  1.06 |  0.95 |  0.93 |  0.97 |  1.10 |  0.99 |  1.02
        5315 |  1.06 |  0.95 |  0.93 |  0.97 |  1.10 |  0.99 |  1.02
        5315 |  1.06 |  0.95 |  0.93 |  0.97 |  1.10 |  0.99 |  1.02
        5315 |  1.06 |  0.95 |  0.93 |  0.97 |  1.10 |  0.99 |  1.02
        5315 |  1.06 |  0.95 |  0.93 |  0.97 |  1.10 |  0.99 |  1.02
        5315 |  1.06 |  0.95 |  0.93 |  0.97 |  1.10 |  0.99 |  1.02
        5315 |  1.06 |  0.95 |  0.93 |  0.97 |  1.10 |  0.99 |  1.02
        5315 |  1.06 |  0.95 |  0.93 |  0.97 |  1.10 |  0.99 |  1.02
        5315 |  1.06 |  0.95 |  0.93 |  0.97 |  1.10 |  0.99 |  1.02
        5315 |  1.06 |  0.95 |  0.93 |  0.97 |  1.10 |  0.99 |  1.02
        5315 |  1.06 |  0.95 |  0.93 |  0.97 |  1.10 |  0.99 |  1.02
        5315 |  1.06 |  0.95 |  0.93 |  0.97 |  1.10 |  0.99 |  1.02
        5315 |  1.06 |  0.95 |  0.93 |  0.97 |  1.10 |  0.99 |  1.02
        5315 |  1.06 |  0.95 |  0.93 |  0.97 |  1.10 |  0.99 |  1.02
        5315 |  1.06 |  0.95 |  0.93 |  0.97 |  1.10 |  0.99 |  1.02
        5315 |  1.06 |  0.95 |  0.93 |  0.97 |  1.10 |  0.99 |  1.02
        5315 |  1.06 |  0.95 |  0.93 |  0.97 |  1.10 |  0.99 |  1.02
        5315 |  1.06 |  0.95 |  0.93 |  0.97 |  1.10 |  0.99 |  1.02
        5316 |  0.97 |  1.06 |  1.02 |  1.02 |  1.02 |  1.02 |  1.11
        5316 |  0.97 |  1.06 |  1.02 |  1.02 |  1.02 |  1.02 |  1.11
        5316 |  0.97 |  1.06 |  1.02 |  1.02 |  1.02 |  1.02 |  1.11
        5316 |  0.97 |  1.06 |  1.02 |  1.02 |  1.02 |  1.02 |  1.11
        5316 |  0.97 |  1.06 |  1.02 |  1.02 |  1.02 |  1.02 |  1.11
        5316 |  0.97 |  1.06 |  1.02 |  1.02 |  1.02 |  1.02 |  1.11
        5316 |  0.97 |  1.06 |  1.02 |  1.02 |  1.02 |  1.02 |  1.11
        5316 |  0.97 |  1.06 |  1.02 |  1.02 |  1.02 |  1.02 |  1.11
        5316 |  0.97 |  1.06 |  1.02 |  1.02 |  1.02 |  1.02 |  1.11
        5316 |  0.97 |  1.06 |  1.02 |  1.02 |  1.02 |  1.02 |  1.11
        5316 |  0.97 |  1.06 |  1.02 |  1.02 |  1.02 |  1.02 |  1.11
        5316 |  0.97 |  1.06 |  1.02 |  1.02 |  1.02 |  1.02 |  1.11
        5316 |  0.97 |  1.06 |  1.02 |  1.02 |  1.02 |  1.02 |  1.11
        5316 |  0.97 |  1.06 |  1.02 |  1.02 |  1.02 |  1.02 |  1.11
        5316 |  0.97 |  1.06 |  1.02 |  1.02 |  1.02 |  1.02 |  1.11
        5316 |  0.97 |  1.06 |  1.02 |  1.02 |  1.02 |  1.02 |  1.11
        5316 |  0.97 |  1.06 |  1.02 |  1.02 |  1.02 |  1.02 |  1.11
        5316 |  0.97 |  1.06 |  1.02 |  1.02 |  1.02 |  1.02 |  1.11
        5316 |  0.97 |  1.06 |  1.02 |  1.02 |  1.02 |  1.02 |  1.11
        5316 |  0.97 |  1.06 |  1.02 |  1.02 |  1.02 |  1.02 |  1.11
        5316 |  0.97 |  1.06 |  1.02 |  1.02 |  1.02 |  1.02 |  1.11
        5316 |  0.97 |  1.06 |  1.02 |  1.02 |  1.02 |  1.02 |  1.11
        5316 |  0.97 |  1.06 |  1.02 |  1.02 |  1.02 |  1.02 |  1.11
        5316 |  0.97 |  1.06 |  1.02 |  1.02 |  1.02 |  1.02 |  1.11
        5316 |  0.97 |  1.06 |  1.02 |  1.02 |  1.02 |  1.02 |  1.11
        5316 |  0.97 |  1.06 |  1.02 |  1.02 |  1.02 |  1.02 |  1.11
        5316 |  0.97 |  1.06 |  1.02 |  1.02 |  1.02 |  1.02 |  1.11
        5316 |  0.97 |  1.06 |  1.02 |  1.02 |  1.02 |  1.02 |  1.11
        5316 |  0.97 |  1.06 |  1.02 |  1.02 |  1.02 |  1.02 |  1.11
        5316 |  0.97 |  1.06 |  1.02 |  1.02 |  1.02 |  1.02 |  1.11
        5316 |  0.97 |  1.06 |  1.02 |  1.02 |  1.02 |  1.02 |  1.11
        5316 |  0.97 |  1.06 |  1.02 |  1.02 |  1.02 |  1.02 |  1.11
        5316 |  0.97 |  1.06 |  1.02 |  1.02 |  1.02 |  1.02 |  1.11
        5316 |  0.97 |  1.06 |  1.02 |  1.02 |  1.02 |  1.02 |  1.11
        5316 |  0.97 |  1.06 |  1.02 |  1.02 |  1.02 |  1.02 |  1.11
        5316 |  0.97 |  1.06 |  1.02 |  1.02 |  1.02 |  1.02 |  1.11
        5316 |  0.97 |  1.06 |  1.02 |  1.02 |  1.02 |  1.02 |  1.11
        5316 |  0.97 |  1.06 |  1.02 |  1.02 |  1.02 |  1.02 |  1.11
        5316 |  0.97 |  1.06 |  1.02 |  1.02 |  1.02 |  1.02 |  1.11
        5316 |  0.97 |  1.06 |  1.02 |  1.02 |  1.02 |  1.02 |  1.11
        5316 |  0.97 |  1.06 |  1.02 |  1.02 |  1.02 |  1.02 |  1.11
        5316 |  0.97 |  1.06 |  1.02 |  1.02 |  1.02 |  1.02 |  1.11
        5316 |  0.97 |  1.06 |  1.02 |  1.02 |  1.02 |  1.02 |  1.11
        5316 |  0.97 |  1.06 |  1.02 |  1.02 |  1.02 |  1.02 |  1.11
        5316 |  0.97 |  1.06 |  1.02 |  1.02 |  1.02 |  1.02 |  1.11
        5316 |  0.97 |  1.06 |  1.02 |  1.02 |  1.02 |  1.02 |  1.11
        5316 |  0.97 |  1.06 |  1.02 |  1.02 |  1.02 |  1.02 |  1.11
        5316 |  0.97 |  1.06 |  1.02 |  1.02 |  1.02 |  1.02 |  1.11
        5316 |  0.97 |  1.06 |  1.02 |  1.02 |  1.02 |  1.02 |  1.11
        5317 |  1.12 |  1.11 |  1.06 |  1.07 |  0.96 |  0.82 |  0.96
        5317 |  1.12 |  1.11 |  1.06 |  1.07 |  0.96 |  0.82 |  0.96
        5317 |  1.12 |  1.11 |  1.06 |  1.07 |  0.96 |  0.82 |  0.96
        5317 |  1.12 |  1.11 |  1.06 |  1.07 |  0.96 |  0.82 |  0.96
        5317 |  1.12 |  1.11 |  1.06 |  1.07 |  0.96 |  0.82 |  0.96
        5317 |  1.12 |  1.11 |  1.06 |  1.07 |  0.96 |  0.82 |  0.96
        5317 |  1.12 |  1.11 |  1.06 |  1.07 |  0.96 |  0.82 |  0.96
        5317 |  1.12 |  1.11 |  1.06 |  1.07 |  0.96 |  0.82 |  0.96
        5317 |  1.12 |  1.11 |  1.06 |  1.07 |  0.96 |  0.82 |  0.96
        5317 |  1.12 |  1.11 |  1.06 |  1.07 |  0.96 |  0.82 |  0.96
        5317 |  1.12 |  1.11 |  1.06 |  1.07 |  0.96 |  0.82 |  0.96
        5317 |  1.12 |  1.11 |  1.06 |  1.07 |  0.96 |  0.82 |  0.96
        5317 |  1.12 |  1.11 |  1.06 |  1.07 |  0.96 |  0.82 |  0.96
        5317 |  1.12 |  1.11 |  1.06 |  1.07 |  0.96 |  0.82 |  0.96
        5317 |  1.12 |  1.11 |  1.06 |  1.07 |  0.96 |  0.82 |  0.96
        5317 |  1.12 |  1.11 |  1.06 |  1.07 |  0.96 |  0.82 |  0.96
        5317 |  1.12 |  1.11 |  1.06 |  1.07 |  0.96 |  0.82 |  0.96
        5317 |  1.12 |  1.11 |  1.06 |  1.07 |  0.96 |  0.82 |  0.96
        5317 |  1.12 |  1.11 |  1.06 |  1.07 |  0.96 |  0.82 |  0.96
        5317 |  1.12 |  1.11 |  1.06 |  1.07 |  0.96 |  0.82 |  0.96
        5317 |  1.12 |  1.11 |  1.06 |  1.07 |  0.96 |  0.82 |  0.96
        5317 |  1.12 |  1.11 |  1.06 |  1.07 |  0.96 |  0.82 |  0.96
        5317 |  1.12 |  1.11 |  1.06 |  1.07 |  0.96 |  0.82 |  0.96
        5317 |  1.12 |  1.11 |  1.06 |  1.07 |  0.96 |  0.82 |  0.96
        5317 |  1.12 |  1.11 |  1.06 |  1.07 |  0.96 |  0.82 |  0.96
        5317 |  1.12 |  1.11 |  1.06 |  1.07 |  0.96 |  0.82 |  0.96
        5317 |  1.12 |  1.11 |  1.06 |  1.07 |  0.96 |  0.82 |  0.96
        5317 |  1.12 |  1.11 |  1.06 |  1.07 |  0.96 |  0.82 |  0.96
        5317 |  1.12 |  1.11 |  1.06 |  1.07 |  0.96 |  0.82 |  0.96
        5317 |  1.12 |  1.11 |  1.06 |  1.07 |  0.96 |  0.82 |  0.96
        5317 |  1.12 |  1.11 |  1.06 |  1.07 |  0.96 |  0.82 |  0.96
        5317 |  1.12 |  1.11 |  1.06 |  1.07 |  0.96 |  0.82 |  0.96
        5317 |  1.12 |  1.11 |  1.06 |  1.07 |  0.96 |  0.82 |  0.96
        5317 |  1.12 |  1.11 |  1.06 |  1.07 |  0.96 |  0.82 |  0.96
        5317 |  1.12 |  1.11 |  1.06 |  1.07 |  0.96 |  0.82 |  0.96
        5317 |  1.12 |  1.11 |  1.06 |  1.07 |  0.96 |  0.82 |  0.96
        5317 |  1.12 |  1.11 |  1.06 |  1.07 |  0.96 |  0.82 |  0.96
        5317 |  1.12 |  1.11 |  1.06 |  1.07 |  0.96 |  0.82 |  0.96
        5317 |  1.12 |  1.11 |  1.06 |  1.07 |  0.96 |  0.82 |  0.96
        5317 |  1.12 |  1.11 |  1.06 |  1.07 |  0.96 |  0.82 |  0.96
        5317 |  1.12 |  1.11 |  1.06 |  1.07 |  0.96 |  0.82 |  0.96
        5317 |  1.12 |  1.11 |  1.06 |  1.07 |  0.96 |  0.82 |  0.96
        5317 |  1.12 |  1.11 |  1.06 |  1.07 |  0.96 |  0.82 |  0.96
        5317 |  1.12 |  1.11 |  1.06 |  1.07 |  0.96 |  0.82 |  0.96
        5317 |  1.12 |  1.11 |  1.06 |  1.07 |  0.96 |  0.82 |  0.96
        5317 |  1.12 |  1.11 |  1.06 |  1.07 |  0.96 |  0.82 |  0.96
        5317 |  1.12 |  1.11 |  1.06 |  1.07 |  0.96 |  0.82 |  0.96
        5317 |  1.12 |  1.11 |  1.06 |  1.07 |  0.96 |  0.82 |  0.96
        5317 |  1.12 |  1.11 |  1.06 |  1.07 |  0.96 |  0.82 |  0.96
        5318 |  1.08 |  1.00 |  1.06 |  0.91 |  1.01 |  1.03 |  0.94
        5318 |  1.08 |  1.00 |  1.06 |  0.91 |  1.01 |  1.03 |  0.94
        5318 |  1.08 |  1.00 |  1.06 |  0.91 |  1.01 |  1.03 |  0.94
        5318 |  1.08 |  1.00 |  1.06 |  0.91 |  1.01 |  1.03 |  0.94
        5318 |  1.08 |  1.00 |  1.06 |  0.91 |  1.01 |  1.03 |  0.94
        5318 |  1.08 |  1.00 |  1.06 |  0.91 |  1.01 |  1.03 |  0.94
        5318 |  1.08 |  1.00 |  1.06 |  0.91 |  1.01 |  1.03 |  0.94
        5318 |  1.08 |  1.00 |  1.06 |  0.91 |  1.01 |  1.03 |  0.94
        5318 |  1.08 |  1.00 |  1.06 |  0.91 |  1.01 |  1.03 |  0.94
        5318 |  1.08 |  1.00 |  1.06 |  0.91 |  1.01 |  1.03 |  0.94
        5318 |  1.08 |  1.00 |  1.06 |  0.91 |  1.01 |  1.03 |  0.94
        5318 |  1.08 |  1.00 |  1.06 |  0.91 |  1.01 |  1.03 |  0.94
        5318 |  1.08 |  1.00 |  1.06 |  0.91 |  1.01 |  1.03 |  0.94
        5318 |  1.08 |  1.00 |  1.06 |  0.91 |  1.01 |  1.03 |  0.94
        5318 |  1.08 |  1.00 |  1.06 |  0.91 |  1.01 |  1.03 |  0.94
        5318 |  1.08 |  1.00 |  1.06 |  0.91 |  1.01 |  1.03 |  0.94
        5318 |  1.08 |  1.00 |  1.06 |  0.91 |  1.01 |  1.03 |  0.94
        5318 |  1.08 |  1.00 |  1.06 |  0.91 |  1.01 |  1.03 |  0.94
        5318 |  1.08 |  1.00 |  1.06 |  0.91 |  1.01 |  1.03 |  0.94
        5318 |  1.08 |  1.00 |  1.06 |  0.91 |  1.01 |  1.03 |  0.94
        5318 |  1.08 |  1.00 |  1.06 |  0.91 |  1.01 |  1.03 |  0.94
        5318 |  1.08 |  1.00 |  1.06 |  0.91 |  1.01 |  1.03 |  0.94
        5318 |  1.08 |  1.00 |  1.06 |  0.91 |  1.01 |  1.03 |  0.94
        5318 |  1.08 |  1.00 |  1.06 |  0.91 |  1.01 |  1.03 |  0.94
        5318 |  1.08 |  1.00 |  1.06 |  0.91 |  1.01 |  1.03 |  0.94
        5318 |  1.08 |  1.00 |  1.06 |  0.91 |  1.01 |  1.03 |  0.94
        5318 |  1.08 |  1.00 |  1.06 |  0.91 |  1.01 |  1.03 |  0.94
        5318 |  1.08 |  1.00 |  1.06 |  0.91 |  1.01 |  1.03 |  0.94
        5318 |  1.08 |  1.00 |  1.06 |  0.91 |  1.01 |  1.03 |  0.94
        5318 |  1.08 |  1.00 |  1.06 |  0.91 |  1.01 |  1.03 |  0.94
        5318 |  1.08 |  1.00 |  1.06 |  0.91 |  1.01 |  1.03 |  0.94
        5318 |  1.08 |  1.00 |  1.06 |  0.91 |  1.01 |  1.03 |  0.94
        5318 |  1.08 |  1.00 |  1.06 |  0.91 |  1.01 |  1.03 |  0.94
        5318 |  1.08 |  1.00 |  1.06 |  0.91 |  1.01 |  1.03 |  0.94
        5318 |  1.08 |  1.00 |  1.06 |  0.91 |  1.01 |  1.03 |  0.94
        5318 |  1.08 |  1.00 |  1.06 |  0.91 |  1.01 |  1.03 |  0.94
        5318 |  1.08 |  1.00 |  1.06 |  0.91 |  1.01 |  1.03 |  0.94
        5318 |  1.08 |  1.00 |  1.06 |  0.91 |  1.01 |  1.03 |  0.94
        5318 |  1.08 |  1.00 |  1.06 |  0.91 |  1.01 |  1.03 |  0.94
        5318 |  1.08 |  1.00 |  1.06 |  0.91 |  1.01 |  1.03 |  0.94
        5318 |  1.08 |  1.00 |  1.06 |  0.91 |  1.01 |  1.03 |  0.94
        5318 |  1.08 |  1.00 |  1.06 |  0.91 |  1.01 |  1.03 |  0.94
        5318 |  1.08 |  1.00 |  1.06 |  0.91 |  1.01 |  1.03 |  0.94
        5318 |  1.08 |  1.00 |  1.06 |  0.91 |  1.01 |  1.03 |  0.94
        5318 |  1.08 |  1.00 |  1.06 |  0.91 |  1.01 |  1.03 |  0.94
        5318 |  1.08 |  1.00 |  1.06 |  0.91 |  1.01 |  1.03 |  0.94
        5318 |  1.08 |  1.00 |  1.06 |  0.91 |  1.01 |  1.03 |  0.94
        5318 |  1.08 |  1.00 |  1.06 |  0.91 |  1.01 |  1.03 |  0.94
        5318 |  1.08 |  1.00 |  1.06 |  0.91 |  1.01 |  1.03 |  0.94
        5319 |  0.90 |  0.91 |  0.94 |  1.01 |  1.02 |  1.01 |  0.97
        5319 |  0.90 |  0.91 |  0.94 |  1.01 |  1.02 |  1.01 |  0.97
        5319 |  0.90 |  0.91 |  0.94 |  1.01 |  1.02 |  1.01 |  0.97
        5319 |  0.90 |  0.91 |  0.94 |  1.01 |  1.02 |  1.01 |  0.97
        5319 |  0.90 |  0.91 |  0.94 |  1.01 |  1.02 |  1.01 |  0.97
        5319 |  0.90 |  0.91 |  0.94 |  1.01 |  1.02 |  1.01 |  0.97
        5319 |  0.90 |  0.91 |  0.94 |  1.01 |  1.02 |  1.01 |  0.97
        5319 |  0.90 |  0.91 |  0.94 |  1.01 |  1.02 |  1.01 |  0.97
        5319 |  0.90 |  0.91 |  0.94 |  1.01 |  1.02 |  1.01 |  0.97
        5319 |  0.90 |  0.91 |  0.94 |  1.01 |  1.02 |  1.01 |  0.97
        5319 |  0.90 |  0.91 |  0.94 |  1.01 |  1.02 |  1.01 |  0.97
        5319 |  0.90 |  0.91 |  0.94 |  1.01 |  1.02 |  1.01 |  0.97
        5319 |  0.90 |  0.91 |  0.94 |  1.01 |  1.02 |  1.01 |  0.97
        5319 |  0.90 |  0.91 |  0.94 |  1.01 |  1.02 |  1.01 |  0.97
        5319 |  0.90 |  0.91 |  0.94 |  1.01 |  1.02 |  1.01 |  0.97
        5319 |  0.90 |  0.91 |  0.94 |  1.01 |  1.02 |  1.01 |  0.97
        5319 |  0.90 |  0.91 |  0.94 |  1.01 |  1.02 |  1.01 |  0.97
        5319 |  0.90 |  0.91 |  0.94 |  1.01 |  1.02 |  1.01 |  0.97
        5319 |  0.90 |  0.91 |  0.94 |  1.01 |  1.02 |  1.01 |  0.97
        5319 |  0.90 |  0.91 |  0.94 |  1.01 |  1.02 |  1.01 |  0.97
        5319 |  0.90 |  0.91 |  0.94 |  1.01 |  1.02 |  1.01 |  0.97
        5319 |  0.90 |  0.91 |  0.94 |  1.01 |  1.02 |  1.01 |  0.97
        5319 |  0.90 |  0.91 |  0.94 |  1.01 |  1.02 |  1.01 |  0.97
        5319 |  0.90 |  0.91 |  0.94 |  1.01 |  1.02 |  1.01 |  0.97
        5319 |  0.90 |  0.91 |  0.94 |  1.01 |  1.02 |  1.01 |  0.97
        5319 |  0.90 |  0.91 |  0.94 |  1.01 |  1.02 |  1.01 |  0.97
        5319 |  0.90 |  0.91 |  0.94 |  1.01 |  1.02 |  1.01 |  0.97
        5319 |  0.90 |  0.91 |  0.94 |  1.01 |  1.02 |  1.01 |  0.97
        5319 |  0.90 |  0.91 |  0.94 |  1.01 |  1.02 |  1.01 |  0.97
        5319 |  0.90 |  0.91 |  0.94 |  1.01 |  1.02 |  1.01 |  0.97
        5319 |  0.90 |  0.91 |  0.94 |  1.01 |  1.02 |  1.01 |  0.97
        5319 |  0.90 |  0.91 |  0.94 |  1.01 |  1.02 |  1.01 |  0.97
        5319 |  0.90 |  0.91 |  0.94 |  1.01 |  1.02 |  1.01 |  0.97
        5319 |  0.90 |  0.91 |  0.94 |  1.01 |  1.02 |  1.01 |  0.97
        5319 |  0.90 |  0.91 |  0.94 |  1.01 |  1.02 |  1.01 |  0.97
        5319 |  0.90 |  0.91 |  0.94 |  1.01 |  1.02 |  1.01 |  0.97
        5319 |  0.90 |  0.91 |  0.94 |  1.01 |  1.02 |  1.01 |  0.97
        5319 |  0.90 |  0.91 |  0.94 |  1.01 |  1.02 |  1.01 |  0.97
        5319 |  0.90 |  0.91 |  0.94 |  1.01 |  1.02 |  1.01 |  0.97
        5319 |  0.90 |  0.91 |  0.94 |  1.01 |  1.02 |  1.01 |  0.97
        5319 |  0.90 |  0.91 |  0.94 |  1.01 |  1.02 |  1.01 |  0.97
        5319 |  0.90 |  0.91 |  0.94 |  1.01 |  1.02 |  1.01 |  0.97
        5319 |  0.90 |  0.91 |  0.94 |  1.01 |  1.02 |  1.01 |  0.97
        5319 |  0.90 |  0.91 |  0.94 |  1.01 |  1.02 |  1.01 |  0.97
        5319 |  0.90 |  0.91 |  0.94 |  1.01 |  1.02 |  1.01 |  0.97
        5319 |  0.90 |  0.91 |  0.94 |  1.01 |  1.02 |  1.01 |  0.97
        5319 |  0.90 |  0.91 |  0.94 |  1.01 |  1.02 |  1.01 |  0.97
        5319 |  0.90 |  0.91 |  0.94 |  1.01 |  1.02 |  1.01 |  0.97
        5319 |  0.90 |  0.91 |  0.94 |  1.01 |  1.02 |  1.01 |  0.97
        5320 |  1.02 |  1.07 |  1.00 |  1.00 |  0.99 |  1.21 |  0.94
        5320 |  1.02 |  1.07 |  1.00 |  1.00 |  0.99 |  1.21 |  0.94
        5320 |  1.02 |  1.07 |  1.00 |  1.00 |  0.99 |  1.21 |  0.94
        5320 |  1.02 |  1.07 |  1.00 |  1.00 |  0.99 |  1.21 |  0.94
        5320 |  1.02 |  1.07 |  1.00 |  1.00 |  0.99 |  1.21 |  0.94
        5320 |  1.02 |  1.07 |  1.00 |  1.00 |  0.99 |  1.21 |  0.94
        5320 |  1.02 |  1.07 |  1.00 |  1.00 |  0.99 |  1.21 |  0.94
        5320 |  1.02 |  1.07 |  1.00 |  1.00 |  0.99 |  1.21 |  0.94
        5320 |  1.02 |  1.07 |  1.00 |  1.00 |  0.99 |  1.21 |  0.94
        5320 |  1.02 |  1.07 |  1.00 |  1.00 |  0.99 |  1.21 |  0.94
        5320 |  1.02 |  1.07 |  1.00 |  1.00 |  0.99 |  1.21 |  0.94
        5320 |  1.02 |  1.07 |  1.00 |  1.00 |  0.99 |  1.21 |  0.94
        5320 |  1.02 |  1.07 |  1.00 |  1.00 |  0.99 |  1.21 |  0.94
        5320 |  1.02 |  1.07 |  1.00 |  1.00 |  0.99 |  1.21 |  0.94
        5320 |  1.02 |  1.07 |  1.00 |  1.00 |  0.99 |  1.21 |  0.94
        5320 |  1.02 |  1.07 |  1.00 |  1.00 |  0.99 |  1.21 |  0.94
        5320 |  1.02 |  1.07 |  1.00 |  1.00 |  0.99 |  1.21 |  0.94
        5320 |  1.02 |  1.07 |  1.00 |  1.00 |  0.99 |  1.21 |  0.94
        5320 |  1.02 |  1.07 |  1.00 |  1.00 |  0.99 |  1.21 |  0.94
        5320 |  1.02 |  1.07 |  1.00 |  1.00 |  0.99 |  1.21 |  0.94
        5320 |  1.02 |  1.07 |  1.00 |  1.00 |  0.99 |  1.21 |  0.94
        5320 |  1.02 |  1.07 |  1.00 |  1.00 |  0.99 |  1.21 |  0.94
        5320 |  1.02 |  1.07 |  1.00 |  1.00 |  0.99 |  1.21 |  0.94
        5320 |  1.02 |  1.07 |  1.00 |  1.00 |  0.99 |  1.21 |  0.94
        5320 |  1.02 |  1.07 |  1.00 |  1.00 |  0.99 |  1.21 |  0.94
        5320 |  1.02 |  1.07 |  1.00 |  1.00 |  0.99 |  1.21 |  0.94
        5320 |  1.02 |  1.07 |  1.00 |  1.00 |  0.99 |  1.21 |  0.94
        5320 |  1.02 |  1.07 |  1.00 |  1.00 |  0.99 |  1.21 |  0.94
        5320 |  1.02 |  1.07 |  1.00 |  1.00 |  0.99 |  1.21 |  0.94
        5320 |  1.02 |  1.07 |  1.00 |  1.00 |  0.99 |  1.21 |  0.94
        5320 |  1.02 |  1.07 |  1.00 |  1.00 |  0.99 |  1.21 |  0.94
        5320 |  1.02 |  1.07 |  1.00 |  1.00 |  0.99 |  1.21 |  0.94
        5320 |  1.02 |  1.07 |  1.00 |  1.00 |  0.99 |  1.21 |  0.94
        5320 |  1.02 |  1.07 |  1.00 |  1.00 |  0.99 |  1.21 |  0.94
        5320 |  1.02 |  1.07 |  1.00 |  1.00 |  0.99 |  1.21 |  0.94
        5320 |  1.02 |  1.07 |  1.00 |  1.00 |  0.99 |  1.21 |  0.94
        5320 |  1.02 |  1.07 |  1.00 |  1.00 |  0.99 |  1.21 |  0.94
        5320 |  1.02 |  1.07 |  1.00 |  1.00 |  0.99 |  1.21 |  0.94
        5320 |  1.02 |  1.07 |  1.00 |  1.00 |  0.99 |  1.21 |  0.94
        5320 |  1.02 |  1.07 |  1.00 |  1.00 |  0.99 |  1.21 |  0.94
        5320 |  1.02 |  1.07 |  1.00 |  1.00 |  0.99 |  1.21 |  0.94
        5320 |  1.02 |  1.07 |  1.00 |  1.00 |  0.99 |  1.21 |  0.94
        5320 |  1.02 |  1.07 |  1.00 |  1.00 |  0.99 |  1.21 |  0.94
        5320 |  1.02 |  1.07 |  1.00 |  1.00 |  0.99 |  1.21 |  0.94
        5320 |  1.02 |  1.07 |  1.00 |  1.00 |  0.99 |  1.21 |  0.94
        5320 |  1.02 |  1.07 |  1.00 |  1.00 |  0.99 |  1.21 |  0.94
        5320 |  1.02 |  1.07 |  1.00 |  1.00 |  0.99 |  1.21 |  0.94
        5320 |  1.02 |  1.07 |  1.00 |  1.00 |  0.99 |  1.21 |  0.94
        5320 |  1.02 |  1.07 |  1.00 |  1.00 |  0.99 |  1.21 |  0.94
        5321 |  1.02 |  1.07 |  1.05 |  1.08 |  0.98 |  1.09 |  0.93
        5321 |  1.02 |  1.07 |  1.05 |  1.08 |  0.98 |  1.09 |  0.93
        5321 |  1.02 |  1.07 |  1.05 |  1.08 |  0.98 |  1.09 |  0.93
        5321 |  1.02 |  1.07 |  1.05 |  1.08 |  0.98 |  1.09 |  0.93
        5321 |  1.02 |  1.07 |  1.05 |  1.08 |  0.98 |  1.09 |  0.93
        5321 |  1.02 |  1.07 |  1.05 |  1.08 |  0.98 |  1.09 |  0.93
        5321 |  1.02 |  1.07 |  1.05 |  1.08 |  0.98 |  1.09 |  0.93
        5321 |  1.02 |  1.07 |  1.05 |  1.08 |  0.98 |  1.09 |  0.93
        5321 |  1.02 |  1.07 |  1.05 |  1.08 |  0.98 |  1.09 |  0.93
        5321 |  1.02 |  1.07 |  1.05 |  1.08 |  0.98 |  1.09 |  0.93
        5321 |  1.02 |  1.07 |  1.05 |  1.08 |  0.98 |  1.09 |  0.93
        5321 |  1.02 |  1.07 |  1.05 |  1.08 |  0.98 |  1.09 |  0.93
        5321 |  1.02 |  1.07 |  1.05 |  1.08 |  0.98 |  1.09 |  0.93
        5321 |  1.02 |  1.07 |  1.05 |  1.08 |  0.98 |  1.09 |  0.93
        5321 |  1.02 |  1.07 |  1.05 |  1.08 |  0.98 |  1.09 |  0.93
        5321 |  1.02 |  1.07 |  1.05 |  1.08 |  0.98 |  1.09 |  0.93
        5321 |  1.02 |  1.07 |  1.05 |  1.08 |  0.98 |  1.09 |  0.93
        5321 |  1.02 |  1.07 |  1.05 |  1.08 |  0.98 |  1.09 |  0.93
        5321 |  1.02 |  1.07 |  1.05 |  1.08 |  0.98 |  1.09 |  0.93
        5321 |  1.02 |  1.07 |  1.05 |  1.08 |  0.98 |  1.09 |  0.93
        5321 |  1.02 |  1.07 |  1.05 |  1.08 |  0.98 |  1.09 |  0.93
        5321 |  1.02 |  1.07 |  1.05 |  1.08 |  0.98 |  1.09 |  0.93
        5321 |  1.02 |  1.07 |  1.05 |  1.08 |  0.98 |  1.09 |  0.93
        5321 |  1.02 |  1.07 |  1.05 |  1.08 |  0.98 |  1.09 |  0.93
        5321 |  1.02 |  1.07 |  1.05 |  1.08 |  0.98 |  1.09 |  0.93
        5321 |  1.02 |  1.07 |  1.05 |  1.08 |  0.98 |  1.09 |  0.93
        5321 |  1.02 |  1.07 |  1.05 |  1.08 |  0.98 |  1.09 |  0.93
        5321 |  1.02 |  1.07 |  1.05 |  1.08 |  0.98 |  1.09 |  0.93
        5321 |  1.02 |  1.07 |  1.05 |  1.08 |  0.98 |  1.09 |  0.93
        5321 |  1.02 |  1.07 |  1.05 |  1.08 |  0.98 |  1.09 |  0.93
        5321 |  1.02 |  1.07 |  1.05 |  1.08 |  0.98 |  1.09 |  0.93
        5321 |  1.02 |  1.07 |  1.05 |  1.08 |  0.98 |  1.09 |  0.93
        5321 |  1.02 |  1.07 |  1.05 |  1.08 |  0.98 |  1.09 |  0.93
        5321 |  1.02 |  1.07 |  1.05 |  1.08 |  0.98 |  1.09 |  0.93
        5321 |  1.02 |  1.07 |  1.05 |  1.08 |  0.98 |  1.09 |  0.93
        5321 |  1.02 |  1.07 |  1.05 |  1.08 |  0.98 |  1.09 |  0.93
        5321 |  1.02 |  1.07 |  1.05 |  1.08 |  0.98 |  1.09 |  0.93
        5321 |  1.02 |  1.07 |  1.05 |  1.08 |  0.98 |  1.09 |  0.93
        5321 |  1.02 |  1.07 |  1.05 |  1.08 |  0.98 |  1.09 |  0.93
        5321 |  1.02 |  1.07 |  1.05 |  1.08 |  0.98 |  1.09 |  0.93
        5321 |  1.02 |  1.07 |  1.05 |  1.08 |  0.98 |  1.09 |  0.93
        5321 |  1.02 |  1.07 |  1.05 |  1.08 |  0.98 |  1.09 |  0.93
        5321 |  1.02 |  1.07 |  1.05 |  1.08 |  0.98 |  1.09 |  0.93
        5321 |  1.02 |  1.07 |  1.05 |  1.08 |  0.98 |  1.09 |  0.93
        5321 |  1.02 |  1.07 |  1.05 |  1.08 |  0.98 |  1.09 |  0.93
        5321 |  1.02 |  1.07 |  1.05 |  1.08 |  0.98 |  1.09 |  0.93
        5321 |  1.02 |  1.07 |  1.05 |  1.08 |  0.98 |  1.09 |  0.93
        5321 |  1.02 |  1.07 |  1.05 |  1.08 |  0.98 |  1.09 |  0.93
        5321 |  1.02 |  1.07 |  1.05 |  1.08 |  0.98 |  1.09 |  0.93
        5322 |  5.04 |  5.06 |  1.06 |  1.92 |  2.07 |  6.30 |  5.21
        5322 |  5.04 |  5.06 |  1.06 |  1.92 |  2.07 |  6.30 |  5.21
        5322 |  5.04 |  5.06 |  1.06 |  1.92 |  2.07 |  6.30 |  5.21
        5322 |  5.04 |  5.06 |  1.06 |  1.92 |  2.07 |  6.30 |  5.21
        5322 |  5.04 |  5.06 |  1.06 |  1.92 |  2.07 |  6.30 |  5.21
        5322 |  5.04 |  5.06 |  1.06 |  1.92 |  2.07 |  6.30 |  5.21
        5322 |  5.04 |  5.06 |  1.06 |  1.92 |  2.07 |  6.30 |  5.21
(2513 rows)

UPDATE time_statistics SET e_time = TRANSACTION_TIMESTAMP() WHERE template = '../query_postgresql/query2.tpl' AND stream = 0;
psql:/tmp/s1-basline/power/query_0.sql:85: NOTICE:  duration: 0.044 ms  plan:
Query Text: UPDATE time_statistics SET e_time = TRANSACTION_TIMESTAMP() WHERE template = '../query_postgresql/query2.tpl' AND stream = 0;
Update on time_statistics  (cost=0.00..28.15 rows=0 width=0) (actual time=0.044..0.044 rows=0 loops=1)
  ->  Seq Scan on time_statistics  (cost=0.00..28.15 rows=1 width=14) (actual time=0.011..0.011 rows=1 loops=1)
        Filter: ((template = '../query_postgresql/query2.tpl'::text) AND (stream = 0))
        Rows Removed by Filter: 2
UPDATE 1
LOAD 'auto_explain'; SET auto_explain.log_min_duration TO 0; SET auto_explain.log_analyze TO on; SET auto_explain.log_level TO notice; INSERT INTO time_statistics (template, s_time, stream, query, seed) VALUES ('query3.tpl', TRANSACTION_TIMESTAMP(), 0, 3, 537291475);
LOAD
SET
SET
SET
psql:/tmp/s1-basline/power/query_0.sql:86: NOTICE:  duration: 0.025 ms  plan:
Query Text: INSERT INTO time_statistics (template, s_time, stream, query, seed) VALUES ('query3.tpl', TRANSACTION_TIMESTAMP(), 0, 3, 537291475);
Insert on time_statistics  (cost=0.00..0.01 rows=0 width=0) (actual time=0.024..0.025 rows=0 loops=1)
  ->  Result  (cost=0.00..0.01 rows=1 width=64) (actual time=0.001..0.002 rows=1 loops=1)
INSERT 0 1
select  dt.d_year 
       ,item.i_brand_id brand_id 
       ,item.i_brand brand
       ,sum(ss_net_profit) sum_agg
 from  date_dim dt 
      ,store_sales
      ,item
 where dt.d_date_sk = store_sales.ss_sold_date_sk
   and store_sales.ss_item_sk = item.i_item_sk
   and item.i_manufact_id = 481
   and dt.d_moy=12
 group by dt.d_year
      ,item.i_brand
      ,item.i_brand_id
 order by dt.d_year
         ,sum_agg desc
         ,brand_id
 limit 100;
psql:/tmp/s1-basline/power/query_0.sql:104: NOTICE:  duration: 28.090 ms  plan:
Query Text: select  dt.d_year 
       ,item.i_brand_id brand_id 
       ,item.i_brand brand
       ,sum(ss_net_profit) sum_agg
 from  date_dim dt 
      ,store_sales
      ,item
 where dt.d_date_sk = store_sales.ss_sold_date_sk
   and store_sales.ss_item_sk = item.i_item_sk
   and item.i_manufact_id = 481
   and dt.d_moy=12
 group by dt.d_year
      ,item.i_brand
      ,item.i_brand_id
 order by dt.d_year
         ,sum_agg desc
         ,brand_id
 limit 100;
Limit  (cost=5242.56..5242.81 rows=100 width=67) (actual time=28.045..28.054 rows=78 loops=1)
  ->  Sort  (cost=5242.56..5243.08 rows=207 width=67) (actual time=28.044..28.048 rows=78 loops=1)
        Sort Key: dt.d_year, (sum(store_sales.ss_net_profit)) DESC, item.i_brand_id
        Sort Method: quicksort  Memory: 35kB
        ->  GroupAggregate  (cost=5229.99..5234.65 rows=207 width=67) (actual time=27.804..28.001 rows=78 loops=1)
              Group Key: dt.d_year, item.i_brand, item.i_brand_id
              ->  Sort  (cost=5229.99..5230.51 rows=207 width=67) (actual time=27.795..27.829 rows=840 loops=1)
                    Sort Key: dt.d_year, item.i_brand, item.i_brand_id
                    Sort Method: quicksort  Memory: 116kB
                    ->  Nested Loop  (cost=0.73..5222.03 rows=207 width=67) (actual time=0.301..27.214 rows=840 loops=1)
                          ->  Nested Loop  (cost=0.43..4587.20 rows=2558 width=71) (actual time=0.207..23.227 rows=5062 loops=1)
                                ->  Seq Scan on item  (cost=0.00..1481.00 rows=16 width=63) (actual time=0.178..8.732 rows=32 loops=1)
                                      Filter: (i_manufact_id = 481)
                                      Rows Removed by Filter: 17968
                                ->  Index Scan using pk_store_sales on store_sales  (cost=0.43..192.40 rows=174 width=24) (actual time=0.014..0.422 rows=158 loops=32)
                                      Index Cond: (ss_item_sk = item.i_item_sk)
                          ->  Memoize  (cost=0.30..0.32 rows=1 width=12) (actual time=0.001..0.001 rows=0 loops=5062)
                                Cache Key: store_sales.ss_sold_date_sk
                                Cache Mode: logical
                                Hits: 3500  Misses: 1562  Evictions: 0  Overflows: 0  Memory Usage: 117kB
                                ->  Index Scan using pk_date_dim on date_dim dt  (cost=0.29..0.31 rows=1 width=12) (actual time=0.001..0.001 rows=0 loops=1562)
                                      Index Cond: (d_date_sk = store_sales.ss_sold_date_sk)
                                      Filter: (d_moy = 12)
                                      Rows Removed by Filter: 1
 d_year | brand_id |                       brand                        |       sum_agg       
--------+----------+----------------------------------------------------+---------------------
   1998 |  6001007 | amalgcorp #7                                       | -1099.0099999999998
   1998 |  8005001 | scholarnameless #1                                 | -1394.3999999999999
   1998 |  5003001 | exportischolar #1                                  | -1792.8899999999996
   1998 |  2004001 | edu packimporto #1                                 | -1929.3099999999995
   1998 |  4003001 | exportiedu pack #1                                 |            -1983.08
   1998 | 10006007 | corpunivamalg #7                                   |  -4486.820000000001
   1998 |  2002002 | importoimporto #2                                  |            -4632.35
   1998 |  6009006 | maxicorp #6                                        |            -4802.29
   1998 |  4001002 | amalgedu pack #2                                   |  -5551.660000000002
   1998 |  6013005 | exportibrand #5                                    |             -6381.6
   1998 |  7010005 | univnameless #5                                    |  -6966.120000000001
   1998 |  1002001 | importoamalg #1                                    |  -8084.490000000001
   1998 |  5004002 | edu packscholar #2                                 |           -10106.81
   1998 |  4003002 | exportiedu pack #2                                 |           -13341.64
   1998 |  5001001 | amalgscholar #1                                    | -15353.420000000002
   1998 |  4001001 | amalgedu pack #1                                   |           -18708.98
   1999 |  2002002 | importoimporto #2                                  |   4591.680000000001
   1999 |  4003001 | exportiedu pack #1                                 |  3411.1399999999994
   1999 |  5001001 | amalgscholar #1                                    |             1648.22
   1999 |  4001001 | amalgedu pack #1                                   |   -55.2999999999995
   1999 |  6013005 | exportibrand #5                                    |  -380.6599999999999
   1999 |  7010005 | univnameless #5                                    | -1866.7800000000007
   1999 |  4003002 | exportiedu pack #2                                 | -4553.4400000000005
   1999 |  4001002 | amalgedu pack #2                                   |  -5803.849999999999
   1999 |  1002001 | importoamalg #1                                    |            -9605.37
   1999 | 10006007 | corpunivamalg #7                                   |             -9734.4
   1999 |  2004001 | edu packimporto #1                                 |           -10474.86
   1999 |  5003001 | exportischolar #1                                  |           -10609.28
   1999 |  5004002 | edu packscholar #2                                 | -11645.570000000002
   1999 |  6009006 | maxicorp #6                                        | -12845.110000000002
   1999 |  6001007 | amalgcorp #7                                       |           -18367.72
   1999 |  8005001 | scholarnameless #1                                 |           -26821.55
   2000 |  5001001 | amalgscholar #1                                    |  179.93000000000006
   2000 |  2003002 | exportiimporto #2                                  |  -542.0699999999999
   2000 |  1002001 | importoamalg #1                                    | -1698.0599999999995
   2000 |  6008006 | namelesscorp #6                                    |            -3141.42
   2000 |  5004002 | edu packscholar #2                                 |            -4875.22
   2000 |  7010005 | exportinameless #6                                 |  -7005.879999999999
   2000 |  8005001 | maxicorp #4                                        |            -7013.47
   2000 |  1001001 | importoedu pack #2                                 |  -8833.559999999998
   2000 |  4001001 | amalgedu pack #1                                   |  -9293.600000000002
   2000 |  2002002 | importoimporto #2                                  |           -10593.64
   2000 |  2004001 | edu packimporto #1                                 | -11085.849999999999
   2000 |  6009006 | maxicorp #6                                        | -11098.439999999999
   2000 |  4003002 | exportiedu pack #2                                 |           -11302.03
   2000 |  3001002 | amalgexporti #2                                    |           -12311.17
   2000 |  4001002 | amalgedu pack #2                                   | -12611.210000000001
   2000 |  1004002 | edu packamalg #2                                   |           -19100.03
   2000 |  5003001 | exportischolar #1                                  |           -37669.52
   2001 |  2002002 | importoimporto #2                                  |  1936.6000000000001
   2001 |  4001002 | amalgedu pack #2                                   | -2224.5600000000004
   2001 |  1001001 | importoedu pack #2                                 |            -3181.78
   2001 |  4003002 | exportiedu pack #2                                 |  -5234.220000000001
   2001 |  5003001 | exportiamalg #2                                    | -6416.1900000000005
   2001 |  9014010 | edu packunivamalg #10                              |  -8787.630000000001
   2001 |  7010005 | exportinameless #6                                 |           -10319.19
   2001 |  1004002 | edu packamalg #2                                   |            -10916.5
   2001 |  6008006 | namelesscorp #6                                    | -11684.479999999998
   2001 |  5002002 | importoscholar #2                                  |           -13291.41
   2001 |  8005001 | maxicorp #4                                        | -14595.989999999998
   2001 |  5004002 | edu packscholar #2                                 | -14705.339999999998
   2001 |  2003002 | exportiimporto #2                                  |              -16681
   2001 |  7008010 | namelessbrand #10                                  | -18155.129999999997
   2001 |  3001002 | amalgexporti #2                                    | -24572.349999999995
   2001 |  6009006 | maxicorp #6                                        | -27562.449999999997
   2002 |  6011003 | brandbrand #3                                      |  1225.2699999999995
   2002 |  7008010 | namelessbrand #10                                  |   643.8400000000004
   2002 |  5002002 | importoscholar #2                                  |             -1086.1
   2002 |  2002002 | importoimporto #2                                  |            -1279.91
   2002 |  5004002 | edu packscholar #2                                 |            -4278.52
   2002 |  6009006 | maxicorp #6                                        |            -4757.52
   2002 |  9014010 | edu packunivamalg #10                              |  -7943.570000000001
   2002 |  4001002 | amalgedu pack #2                                   |  -9020.170000000002
   2002 |  5003001 | exportiamalg #2                                    |           -10415.89
   2002 |  9016001 | corpunivamalg #1                                   |           -12596.94
   2002 |  8013006 | exportibrand #3                                    |           -12767.06
   2002 |  4003002 | exportiedu pack #2                                 |           -13035.19
   2002 |  7014007 | edu packnameless #7                                | -14859.440000000002
(78 rows)

UPDATE time_statistics SET e_time = TRANSACTION_TIMESTAMP() WHERE template = 'query3.tpl' AND stream = 0;
psql:/tmp/s1-basline/power/query_0.sql:106: NOTICE:  duration: 0.023 ms  plan:
Query Text: UPDATE time_statistics SET e_time = TRANSACTION_TIMESTAMP() WHERE template = 'query3.tpl' AND stream = 0;
Update on time_statistics  (cost=0.00..28.15 rows=0 width=0) (actual time=0.022..0.022 rows=0 loops=1)
  ->  Seq Scan on time_statistics  (cost=0.00..28.15 rows=1 width=14) (actual time=0.009..0.009 rows=1 loops=1)
        Filter: ((template = 'query3.tpl'::text) AND (stream = 0))
        Rows Removed by Filter: 3
UPDATE 1
LOAD 'auto_explain'; SET auto_explain.log_min_duration TO 0; SET auto_explain.log_analyze TO on; SET auto_explain.log_level TO notice; INSERT INTO time_statistics (template, s_time, stream, query, seed) VALUES ('query4.tpl', TRANSACTION_TIMESTAMP(), 0, 4, 450282871);
LOAD
SET
SET
SET
psql:/tmp/s1-basline/power/query_0.sql:107: NOTICE:  duration: 0.016 ms  plan:
Query Text: INSERT INTO time_statistics (template, s_time, stream, query, seed) VALUES ('query4.tpl', TRANSACTION_TIMESTAMP(), 0, 4, 450282871);
Insert on time_statistics  (cost=0.00..0.01 rows=0 width=0) (actual time=0.015..0.015 rows=0 loops=1)
  ->  Result  (cost=0.00..0.01 rows=1 width=64) (actual time=0.001..0.001 rows=1 loops=1)
INSERT 0 1
with year_total as (
 select c_customer_id customer_id
       ,c_first_name customer_first_name
       ,c_last_name customer_last_name
       ,c_preferred_cust_flag customer_preferred_cust_flag
       ,c_birth_country customer_birth_country
       ,c_login customer_login
       ,c_email_address customer_email_address
       ,d_year dyear
       ,sum(((ss_ext_list_price-ss_ext_wholesale_cost-ss_ext_discount_amt)+ss_ext_sales_price)/2) year_total
       ,'s' sale_type
 from customer
     ,store_sales
     ,date_dim
 where c_customer_sk = ss_customer_sk
   and ss_sold_date_sk = d_date_sk
 group by c_customer_id
         ,c_first_name
         ,c_last_name
         ,c_preferred_cust_flag
         ,c_birth_country
         ,c_login
         ,c_email_address
         ,d_year
 union all
 select c_customer_id customer_id
       ,c_first_name customer_first_name
       ,c_last_name customer_last_name
       ,c_preferred_cust_flag customer_preferred_cust_flag
       ,c_birth_country customer_birth_country
       ,c_login customer_login
       ,c_email_address customer_email_address
       ,d_year dyear
       ,sum((((cs_ext_list_price-cs_ext_wholesale_cost-cs_ext_discount_amt)+cs_ext_sales_price)/2) ) year_total
       ,'c' sale_type
 from customer
     ,catalog_sales
     ,date_dim
 where c_customer_sk = cs_bill_customer_sk
   and cs_sold_date_sk = d_date_sk
 group by c_customer_id
         ,c_first_name
         ,c_last_name
         ,c_preferred_cust_flag
         ,c_birth_country
         ,c_login
         ,c_email_address
         ,d_year
union all
 select c_customer_id customer_id
       ,c_first_name customer_first_name
       ,c_last_name customer_last_name
       ,c_preferred_cust_flag customer_preferred_cust_flag
       ,c_birth_country customer_birth_country
       ,c_login customer_login
       ,c_email_address customer_email_address
       ,d_year dyear
       ,sum((((ws_ext_list_price-ws_ext_wholesale_cost-ws_ext_discount_amt)+ws_ext_sales_price)/2) ) year_total
       ,'w' sale_type
 from customer
     ,web_sales
     ,date_dim
 where c_customer_sk = ws_bill_customer_sk
   and ws_sold_date_sk = d_date_sk
 group by c_customer_id
         ,c_first_name
         ,c_last_name
         ,c_preferred_cust_flag
         ,c_birth_country
         ,c_login
         ,c_email_address
         ,d_year
         )
  select  
                  t_s_secyear.customer_id
                 ,t_s_secyear.customer_first_name
                 ,t_s_secyear.customer_last_name
                 ,t_s_secyear.customer_login
 from year_total t_s_firstyear
     ,year_total t_s_secyear
     ,year_total t_c_firstyear
     ,year_total t_c_secyear
     ,year_total t_w_firstyear
     ,year_total t_w_secyear
 where t_s_secyear.customer_id = t_s_firstyear.customer_id
   and t_s_firstyear.customer_id = t_c_secyear.customer_id
   and t_s_firstyear.customer_id = t_c_firstyear.customer_id
   and t_s_firstyear.customer_id = t_w_firstyear.customer_id
   and t_s_firstyear.customer_id = t_w_secyear.customer_id
   and t_s_firstyear.sale_type = 's'
   and t_c_firstyear.sale_type = 'c'
   and t_w_firstyear.sale_type = 'w'
   and t_s_secyear.sale_type = 's'
   and t_c_secyear.sale_type = 'c'
   and t_w_secyear.sale_type = 'w'
   and t_s_firstyear.dyear =  2001
   and t_s_secyear.dyear = 2001+1
   and t_c_firstyear.dyear =  2001
   and t_c_secyear.dyear =  2001+1
   and t_w_firstyear.dyear = 2001
   and t_w_secyear.dyear = 2001+1
   and t_s_firstyear.year_total > 0
   and t_c_firstyear.year_total > 0
   and t_w_firstyear.year_total > 0
   and case when t_c_firstyear.year_total > 0 then t_c_secyear.year_total / t_c_firstyear.year_total else null end
           > case when t_s_firstyear.year_total > 0 then t_s_secyear.year_total / t_s_firstyear.year_total else null end
   and case when t_c_firstyear.year_total > 0 then t_c_secyear.year_total / t_c_firstyear.year_total else null end
           > case when t_w_firstyear.year_total > 0 then t_w_secyear.year_total / t_w_firstyear.year_total else null end
 order by t_s_secyear.customer_id
         ,t_s_secyear.customer_first_name
         ,t_s_secyear.customer_last_name
         ,t_s_secyear.customer_login
limit 100;
psql:/tmp/s1-basline/power/query_0.sql:220: NOTICE:  duration: 3780382.663 ms  plan:
Query Text: with year_total as (
 select c_customer_id customer_id
       ,c_first_name customer_first_name
       ,c_last_name customer_last_name
       ,c_preferred_cust_flag customer_preferred_cust_flag
       ,c_birth_country customer_birth_country
       ,c_login customer_login
       ,c_email_address customer_email_address
       ,d_year dyear
       ,sum(((ss_ext_list_price-ss_ext_wholesale_cost-ss_ext_discount_amt)+ss_ext_sales_price)/2) year_total
       ,'s' sale_type
 from customer
     ,store_sales
     ,date_dim
 where c_customer_sk = ss_customer_sk
   and ss_sold_date_sk = d_date_sk
 group by c_customer_id
         ,c_first_name
         ,c_last_name
         ,c_preferred_cust_flag
         ,c_birth_country
         ,c_login
         ,c_email_address
         ,d_year
 union all
 select c_customer_id customer_id
       ,c_first_name customer_first_name
       ,c_last_name customer_last_name
       ,c_preferred_cust_flag customer_preferred_cust_flag
       ,c_birth_country customer_birth_country
       ,c_login customer_login
       ,c_email_address customer_email_address
       ,d_year dyear
       ,sum((((cs_ext_list_price-cs_ext_wholesale_cost-cs_ext_discount_amt)+cs_ext_sales_price)/2) ) year_total
       ,'c' sale_type
 from customer
     ,catalog_sales
     ,date_dim
 where c_customer_sk = cs_bill_customer_sk
   and cs_sold_date_sk = d_date_sk
 group by c_customer_id
         ,c_first_name
         ,c_last_name
         ,c_preferred_cust_flag
         ,c_birth_country
         ,c_login
         ,c_email_address
         ,d_year
union all
 select c_customer_id customer_id
       ,c_first_name customer_first_name
       ,c_last_name customer_last_name
       ,c_preferred_cust_flag customer_preferred_cust_flag
       ,c_birth_country customer_birth_country
       ,c_login customer_login
       ,c_email_address customer_email_address
       ,d_year dyear
       ,sum((((ws_ext_list_price-ws_ext_wholesale_cost-ws_ext_discount_amt)+ws_ext_sales_price)/2) ) year_total
       ,'w' sale_type
 from customer
     ,web_sales
     ,date_dim
 where c_customer_sk = ws_bill_customer_sk
   and ws_sold_date_sk = d_date_sk
 group by c_customer_id
         ,c_first_name
         ,c_last_name
         ,c_preferred_cust_flag
         ,c_birth_country
         ,c_login
         ,c_email_address
         ,d_year
         )
  select  
                  t_s_secyear.customer_id
                 ,t_s_secyear.customer_first_name
                 ,t_s_secyear.customer_last_name
                 ,t_s_secyear.customer_login
 from year_total t_s_firstyear
     ,year_total t_s_secyear
     ,year_total t_c_firstyear
     ,year_total t_c_secyear
     ,year_total t_w_firstyear
     ,year_total t_w_secyear
 where t_s_secyear.customer_id = t_s_firstyear.customer_id
   and t_s_firstyear.customer_id = t_c_secyear.customer_id
   and t_s_firstyear.customer_id = t_c_firstyear.customer_id
   and t_s_firstyear.customer_id = t_w_firstyear.customer_id
   and t_s_firstyear.customer_id = t_w_secyear.customer_id
   and t_s_firstyear.sale_type = 's'
   and t_c_firstyear.sale_type = 'c'
   and t_w_firstyear.sale_type = 'w'
   and t_s_secyear.sale_type = 's'
   and t_c_secyear.sale_type = 'c'
   and t_w_secyear.sale_type = 'w'
   and t_s_firstyear.dyear =  2001
   and t_s_secyear.dyear = 2001+1
   and t_c_firstyear.dyear =  2001
   and t_c_secyear.dyear =  2001+1
   and t_w_firstyear.dyear = 2001
   and t_w_secyear.dyear = 2001+1
   and t_s_firstyear.year_total > 0
   and t_c_firstyear.year_total > 0
   and t_w_firstyear.year_total > 0
   and case when t_c_firstyear.year_total > 0 then t_c_secyear.year_total / t_c_firstyear.year_total else null end
           > case when t_s_firstyear.year_total > 0 then t_s_secyear.year_total / t_s_firstyear.year_total else null end
   and case when t_c_firstyear.year_total > 0 then t_c_secyear.year_total / t_c_firstyear.year_total else null end
           > case when t_w_firstyear.year_total > 0 then t_w_secyear.year_total / t_w_firstyear.year_total else null end
 order by t_s_secyear.customer_id
         ,t_s_secyear.customer_first_name
         ,t_s_secyear.customer_last_name
         ,t_s_secyear.customer_login
limit 100;
Limit  (cost=1887596.48..1887596.48 rows=1 width=332) (actual time=3780382.472..3780382.650 rows=6 loops=1)
  CTE year_total
    ->  Gather  (cost=254172.88..1136743.50 rows=4766987 width=231) (actual time=1068.883..4690.340 rows=384245 loops=1)
          Workers Planned: 2
          Workers Launched: 2
          ->  Parallel Append  (cost=253172.88..659044.80 rows=1986245 width=231) (actual time=2415.868..2769.946 rows=128082 loops=3)
                ->  HashAggregate  (cost=437718.87..622868.65 rows=2624493 width=231) (actual time=3981.458..4705.209 rows=190755 loops=1)
                      Group Key: customer.c_customer_id, customer.c_first_name, customer.c_last_name, customer.c_preferred_cust_flag, customer.c_birth_country, customer.c_login, customer.c_email_address, date_dim.d_year
                      Planned Partitions: 64
                      Worker 1:  Batches: 65  Memory Usage: 33305kB  Disk Usage: 257256kB
                      ->  Hash Join  (cost=8459.60..125137.65 rows=2624493 width=223) (actual time=105.884..1954.931 rows=2683562 loops=1)
                            Hash Cond: (store_sales.ss_sold_date_sk = date_dim.d_date_sk)
                            ->  Hash Join  (cost=5411.00..114877.49 rows=2747105 width=227) (actual time=77.052..1453.627 rows=2748429 loops=1)
                                  Hash Cond: (store_sales.ss_customer_sk = customer.c_customer_sk)
                                  ->  Seq Scan on store_sales  (cost=0.00..101911.56 rows=2877956 width=48) (actual time=0.033..328.722 rows=2877928 loops=1)
                                  ->  Hash  (cost=4161.00..4161.00 rows=100000 width=195) (actual time=76.465..76.466 rows=100000 loops=1)
                                        Buckets: 131072  Batches: 1  Memory Usage: 17780kB
                                        ->  Seq Scan on customer  (cost=0.00..4161.00 rows=100000 width=195) (actual time=0.029..44.250 rows=100000 loops=1)
                            ->  Hash  (cost=2135.49..2135.49 rows=73049 width=12) (actual time=28.264..28.265 rows=73049 loops=1)
                                  Buckets: 131072  Batches: 1  Memory Usage: 4449kB
                                  ->  Seq Scan on date_dim  (cost=0.00..2135.49 rows=73049 width=12) (actual time=0.040..17.430 rows=73049 loops=1)
                ->  HashAggregate  (cost=253172.88..353581.12 rows=1423284 width=231) (actual time=2197.916..2462.567 rows=137000 loops=1)
                      Group Key: customer_1.c_customer_id, customer_1.c_first_name, customer_1.c_last_name, customer_1.c_preferred_cust_flag, customer_1.c_birth_country, customer_1.c_login, customer_1.c_email_address, date_dim_1.d_year
                      Planned Partitions: 32
                      Worker 0:  Batches: 33  Memory Usage: 33049kB  Disk Usage: 95376kB
                      ->  Hash Join  (cost=8459.60..83657.54 rows=1423284 width=223) (actual time=106.076..1133.381 rows=1428542 loops=1)
                            Hash Cond: (catalog_sales.cs_bill_customer_sk = customer_1.c_customer_sk)
                            ->  Hash Join  (cost=3048.60..74490.35 rows=1430868 width=44) (actual time=29.412..718.140 rows=1432202 loops=1)
                                  Hash Cond: (catalog_sales.cs_sold_date_sk = date_dim_1.d_date_sk)
                                  ->  Seq Scan on catalog_sales  (cost=0.00..67663.08 rows=1439408 width=48) (actual time=0.037..227.135 rows=1439411 loops=1)
                                  ->  Hash  (cost=2135.49..2135.49 rows=73049 width=12) (actual time=28.766..28.766 rows=73049 loops=1)
                                        Buckets: 131072  Batches: 1  Memory Usage: 4449kB
                                        ->  Seq Scan on date_dim date_dim_1  (cost=0.00..2135.49 rows=73049 width=12) (actual time=0.032..17.905 rows=73049 loops=1)
                            ->  Hash  (cost=4161.00..4161.00 rows=100000 width=195) (actual time=76.115..76.116 rows=100000 loops=1)
                                  Buckets: 131072  Batches: 1  Memory Usage: 17780kB
                                  ->  Seq Scan on customer customer_1  (cost=0.00..4161.00 rows=100000 width=195) (actual time=0.040..44.037 rows=100000 loops=1)
                ->  HashAggregate  (cost=131737.36..182475.38 rows=719210 width=231) (actual time=1068.226..1085.418 rows=56490 loops=1)
                      Group Key: customer_2.c_customer_id, customer_2.c_first_name, customer_2.c_last_name, customer_2.c_preferred_cust_flag, customer_2.c_birth_country, customer_2.c_login, customer_2.c_email_address, date_dim_2.d_year
                      Planned Partitions: 16  Batches: 1  Memory Usage: 19481kB
                      ->  Hash Join  (cost=8459.60..46078.33 rows=719210 width=223) (actual time=83.416..562.109 rows=719192 loops=1)
                            Hash Cond: (web_sales.ws_sold_date_sk = date_dim_2.d_date_sk)
                            ->  Hash Join  (cost=5411.00..41141.44 rows=719306 width=227) (actual time=62.269..416.434 rows=719268 loops=1)
                                  Hash Cond: (web_sales.ws_bill_customer_sk = customer_2.c_customer_sk)
                                  ->  Seq Scan on web_sales  (cost=0.00..33841.74 rows=719474 width=48) (actual time=0.005..72.229 rows=719474 loops=1)
                                  ->  Hash  (cost=4161.00..4161.00 rows=100000 width=195) (actual time=61.723..61.723 rows=100000 loops=1)
                                        Buckets: 131072  Batches: 1  Memory Usage: 17780kB
                                        ->  Seq Scan on customer customer_2  (cost=0.00..4161.00 rows=100000 width=195) (actual time=0.004..29.108 rows=100000 loops=1)
                            ->  Hash  (cost=2135.49..2135.49 rows=73049 width=12) (actual time=20.894..20.894 rows=73049 loops=1)
                                  Buckets: 131072  Batches: 1  Memory Usage: 4449kB
                                  ->  Seq Scan on date_dim date_dim_2  (cost=0.00..2135.49 rows=73049 width=12) (actual time=0.005..10.267 rows=73049 loops=1)
  ->  Sort  (cost=750852.98..750852.98 rows=1 width=332) (actual time=3780382.470..3780382.472 rows=6 loops=1)
        Sort Key: t_s_secyear.customer_id, t_s_secyear.customer_first_name, t_s_secyear.customer_last_name, t_s_secyear.customer_login
        Sort Method: quicksort  Memory: 25kB
        ->  Nested Loop  (cost=0.00..750852.97 rows=1 width=332) (actual time=105712.706..3780382.447 rows=6 loops=1)
              Join Filter: ((t_s_secyear.customer_id = t_w_secyear.customer_id) AND (CASE WHEN (t_c_firstyear.year_total > '0'::double precision) THEN (t_c_secyear.year_total / t_c_firstyear.year_total) ELSE NULL::double precision END > CASE WHEN (t_w_firstyear.year_total > '0'::double precision) THEN (t_w_secyear.year_total / t_w_firstyear.year_total) ELSE NULL::double precision END))
              Rows Removed by Join Filter: 592110
              ->  Nested Loop  (cost=0.00..631675.32 rows=1 width=628) (actual time=105703.022..3776615.791 rows=53 loops=1)
                    Join Filter: ((t_s_secyear.customer_id = t_c_secyear.customer_id) AND (CASE WHEN (t_c_firstyear.year_total > '0'::double precision) THEN (t_c_secyear.year_total / t_c_firstyear.year_total) ELSE NULL::double precision END > CASE WHEN (t_s_firstyear.year_total > '0'::double precision) THEN (t_s_secyear.year_total / t_s_firstyear.year_total) ELSE NULL::double precision END))
                    Rows Removed by Join Filter: 11147731
                    ->  Nested Loop  (cost=0.00..512497.67 rows=1 width=568) (actual time=7426.619..3746739.093 rows=408 loops=1)
                          Join Filter: (t_s_firstyear.customer_id = t_s_secyear.customer_id)
                          Rows Removed by Join Filter: 41853336
                          ->  Nested Loop  (cost=0.00..393318.83 rows=2 width=228) (actual time=5524.161..3663634.959 rows=1104 loops=1)
                                Join Filter: (t_s_firstyear.customer_id = t_w_firstyear.customer_id)
                                Rows Removed by Join Filter: 110638281
                                ->  Nested Loop  (cost=0.00..262219.89 rows=8 width=152) (actual time=5220.000..2924383.871 rows=9981 loops=1)
                                      Join Filter: (t_s_firstyear.customer_id = t_c_firstyear.customer_id)
                                      Rows Removed by Join Filter: 1001208251
                                      ->  CTE Scan on year_total t_s_firstyear  (cost=0.00..131092.14 rows=40 width=76) (actual time=3992.236..4100.007 rows=38162 loops=1)
                                            Filter: ((year_total > '0'::double precision) AND (sale_type = 's'::text) AND (dyear = 2001))
                                            Rows Removed by Filter: 346083
                                      ->  CTE Scan on year_total t_c_firstyear  (cost=0.00..131092.14 rows=40 width=76) (actual time=10.582..74.594 rows=26236 loops=38162)
                                            Filter: ((year_total > '0'::double precision) AND (sale_type = 'c'::text) AND (dyear = 2001))
                                            Rows Removed by Filter: 358009
                                ->  CTE Scan on year_total t_w_firstyear  (cost=0.00..131092.14 rows=40 width=76) (actual time=0.002..73.267 rows=11085 loops=9981)
                                      Filter: ((year_total > '0'::double precision) AND (sale_type = 'w'::text) AND (dyear = 2001))
                                      Rows Removed by Filter: 373160
                          ->  CTE Scan on year_total t_s_secyear  (cost=0.00..119174.68 rows=119 width=340) (actual time=34.722..72.562 rows=37911 loops=1104)
                                Filter: ((sale_type = 's'::text) AND (dyear = 2002))
                                Rows Removed by Filter: 346334
                    ->  CTE Scan on year_total t_c_secyear  (cost=0.00..119174.68 rows=119 width=76) (actual time=28.841..71.324 rows=27323 loops=408)
                          Filter: ((sale_type = 'c'::text) AND (dyear = 2002))
                          Rows Removed by Filter: 356922
              ->  CTE Scan on year_total t_w_secyear  (cost=0.00..119174.68 rows=119 width=76) (actual time=0.004..70.259 rows=11172 loops=53)
                    Filter: ((sale_type = 'w'::text) AND (dyear = 2002))
                    Rows Removed by Filter: 373073
   customer_id    | customer_first_name  |       customer_last_name       | customer_login 
------------------+----------------------+--------------------------------+----------------
 AAAAAAAAADCGAAAA | Alexander            | Eaton                          | 
 AAAAAAAAAKIIAAAA |                      | Brooks                         | 
 AAAAAAAAGKBGBAAA | Ralph                | Garner                         | 
 AAAAAAAAHFOHBAAA | Eric                 | Major                          | 
 AAAAAAAAMKGHAAAA | Grace                | Hargrove                       | 
 AAAAAAAAOPOEAAAA |                      | Medina                         | 
(6 rows)

UPDATE time_statistics SET e_time = TRANSACTION_TIMESTAMP() WHERE template = 'query4.tpl' AND stream = 0;
psql:/tmp/s1-basline/power/query_0.sql:222: NOTICE:  duration: 0.031 ms  plan:
Query Text: UPDATE time_statistics SET e_time = TRANSACTION_TIMESTAMP() WHERE template = 'query4.tpl' AND stream = 0;
Update on time_statistics  (cost=0.00..28.15 rows=0 width=0) (actual time=0.030..0.030 rows=0 loops=1)
  ->  Seq Scan on time_statistics  (cost=0.00..28.15 rows=1 width=14) (actual time=0.015..0.015 rows=1 loops=1)
        Filter: ((template = 'query4.tpl'::text) AND (stream = 0))
        Rows Removed by Filter: 4
UPDATE 1
LOAD 'auto_explain'; SET auto_explain.log_min_duration TO 0; SET auto_explain.log_analyze TO on; SET auto_explain.log_level TO notice; INSERT INTO time_statistics (template, s_time, stream, query, seed) VALUES ('../query_postgresql/query5.tpl', TRANSACTION_TIMESTAMP(), 0, 5, 1911463715);
LOAD
SET
SET
SET
psql:/tmp/s1-basline/power/query_0.sql:223: NOTICE:  duration: 0.008 ms  plan:
Query Text: INSERT INTO time_statistics (template, s_time, stream, query, seed) VALUES ('../query_postgresql/query5.tpl', TRANSACTION_TIMESTAMP(), 0, 5, 1911463715);
Insert on time_statistics  (cost=0.00..0.01 rows=0 width=0) (actual time=0.008..0.008 rows=0 loops=1)
  ->  Result  (cost=0.00..0.01 rows=1 width=64) (actual time=0.001..0.002 rows=1 loops=1)
INSERT 0 1
with ssr as
 (select s_store_id,
        sum(sales_price) as sales,
        sum(profit) as profit,
        sum(return_amt) as returns,
        sum(net_loss) as profit_loss
 from
  ( select  ss_store_sk as store_sk,
            ss_sold_date_sk  as date_sk,
            ss_ext_sales_price as sales_price,
            ss_net_profit as profit,
            cast(0 as decimal(7,2)) as return_amt,
            cast(0 as decimal(7,2)) as net_loss
    from store_sales
    union all
    select sr_store_sk as store_sk,
           sr_returned_date_sk as date_sk,
           cast(0 as decimal(7,2)) as sales_price,
           cast(0 as decimal(7,2)) as profit,
           sr_return_amt as return_amt,
           sr_net_loss as net_loss
    from store_returns
   ) salesreturns,
     date_dim,
     store
 where date_sk = d_date_sk
       and d_date between cast('2002-08-11' as date) 
                  and (cast('2002-08-11' as date) + interval '14 days')
       and store_sk = s_store_sk
 group by s_store_id)
 ,
 csr as
 (select cp_catalog_page_id,
        sum(sales_price) as sales,
        sum(profit) as profit,
        sum(return_amt) as returns,
        sum(net_loss) as profit_loss
 from
  ( select  cs_catalog_page_sk as page_sk,
            cs_sold_date_sk  as date_sk,
            cs_ext_sales_price as sales_price,
            cs_net_profit as profit,
            cast(0 as decimal(7,2)) as return_amt,
            cast(0 as decimal(7,2)) as net_loss
    from catalog_sales
    union all
    select cr_catalog_page_sk as page_sk,
           cr_returned_date_sk as date_sk,
           cast(0 as decimal(7,2)) as sales_price,
           cast(0 as decimal(7,2)) as profit,
           cr_return_amount as return_amt,
           cr_net_loss as net_loss
    from catalog_returns
   ) salesreturns,
     date_dim,
     catalog_page
 where date_sk = d_date_sk
       and d_date between cast('2002-08-11' as date)
                  and (cast('2002-08-11' as date) + interval '14 days')
       and page_sk = cp_catalog_page_sk
 group by cp_catalog_page_id)
 ,
 wsr as
 (select web_site_id,
        sum(sales_price) as sales,
        sum(profit) as profit,
        sum(return_amt) as returns,
        sum(net_loss) as profit_loss
 from
  ( select  ws_web_site_sk as wsr_web_site_sk,
            ws_sold_date_sk  as date_sk,
            ws_ext_sales_price as sales_price,
            ws_net_profit as profit,
            cast(0 as decimal(7,2)) as return_amt,
            cast(0 as decimal(7,2)) as net_loss
    from web_sales
    union all
    select ws_web_site_sk as wsr_web_site_sk,
           wr_returned_date_sk as date_sk,
           cast(0 as decimal(7,2)) as sales_price,
           cast(0 as decimal(7,2)) as profit,
           wr_return_amt as return_amt,
           wr_net_loss as net_loss
    from web_returns left outer join web_sales on
         ( wr_item_sk = ws_item_sk
           and wr_order_number = ws_order_number)
   ) salesreturns,
     date_dim,
     web_site
 where date_sk = d_date_sk
       and d_date between cast('2002-08-11' as date)
                  and (cast('2002-08-11' as date) + interval '14 days')
       and wsr_web_site_sk = web_site_sk
 group by web_site_id)
  select  channel
        , id
        , sum(sales) as sales
        , sum(returns) as returns
        , sum(profit) as profit
 from 
 (select 'store channel' as channel
        , 'store' || s_store_id as id
        , sales
        , returns
        , (profit - profit_loss) as profit
 from   ssr
 union all
 select 'catalog channel' as channel
        , 'catalog_page' || cp_catalog_page_id as id
        , sales
        , returns
        , (profit - profit_loss) as profit
 from  csr
 union all
 select 'web channel' as channel
        , 'web_site' || web_site_id as id
        , sales
        , returns
        , (profit - profit_loss) as profit
 from   wsr
 ) x
 group by rollup (channel, id)
 order by channel
         ,id
 limit 100;
psql:/tmp/s1-basline/power/query_0.sql:348: NOTICE:  duration: 2552.753 ms  plan:
Query Text: with ssr as
 (select s_store_id,
        sum(sales_price) as sales,
        sum(profit) as profit,
        sum(return_amt) as returns,
        sum(net_loss) as profit_loss
 from
  ( select  ss_store_sk as store_sk,
            ss_sold_date_sk  as date_sk,
            ss_ext_sales_price as sales_price,
            ss_net_profit as profit,
            cast(0 as decimal(7,2)) as return_amt,
            cast(0 as decimal(7,2)) as net_loss
    from store_sales
    union all
    select sr_store_sk as store_sk,
           sr_returned_date_sk as date_sk,
           cast(0 as decimal(7,2)) as sales_price,
           cast(0 as decimal(7,2)) as profit,
           sr_return_amt as return_amt,
           sr_net_loss as net_loss
    from store_returns
   ) salesreturns,
     date_dim,
     store
 where date_sk = d_date_sk
       and d_date between cast('2002-08-11' as date) 
                  and (cast('2002-08-11' as date) + interval '14 days')
       and store_sk = s_store_sk
 group by s_store_id)
 ,
 csr as
 (select cp_catalog_page_id,
        sum(sales_price) as sales,
        sum(profit) as profit,
        sum(return_amt) as returns,
        sum(net_loss) as profit_loss
 from
  ( select  cs_catalog_page_sk as page_sk,
            cs_sold_date_sk  as date_sk,
            cs_ext_sales_price as sales_price,
            cs_net_profit as profit,
            cast(0 as decimal(7,2)) as return_amt,
            cast(0 as decimal(7,2)) as net_loss
    from catalog_sales
    union all
    select cr_catalog_page_sk as page_sk,
           cr_returned_date_sk as date_sk,
           cast(0 as decimal(7,2)) as sales_price,
           cast(0 as decimal(7,2)) as profit,
           cr_return_amount as return_amt,
           cr_net_loss as net_loss
    from catalog_returns
   ) salesreturns,
     date_dim,
     catalog_page
 where date_sk = d_date_sk
       and d_date between cast('2002-08-11' as date)
                  and (cast('2002-08-11' as date) + interval '14 days')
       and page_sk = cp_catalog_page_sk
 group by cp_catalog_page_id)
 ,
 wsr as
 (select web_site_id,
        sum(sales_price) as sales,
        sum(profit) as profit,
        sum(return_amt) as returns,
        sum(net_loss) as profit_loss
 from
  ( select  ws_web_site_sk as wsr_web_site_sk,
            ws_sold_date_sk  as date_sk,
            ws_ext_sales_price as sales_price,
            ws_net_profit as profit,
            cast(0 as decimal(7,2)) as return_amt,
            cast(0 as decimal(7,2)) as net_loss
    from web_sales
    union all
    select ws_web_site_sk as wsr_web_site_sk,
           wr_returned_date_sk as date_sk,
           cast(0 as decimal(7,2)) as sales_price,
           cast(0 as decimal(7,2)) as profit,
           wr_return_amt as return_amt,
           wr_net_loss as net_loss
    from web_returns left outer join web_sales on
         ( wr_item_sk = ws_item_sk
           and wr_order_number = ws_order_number)
   ) salesreturns,
     date_dim,
     web_site
 where date_sk = d_date_sk
       and d_date between cast('2002-08-11' as date)
                  and (cast('2002-08-11' as date) + interval '14 days')
       and wsr_web_site_sk = web_site_sk
 group by web_site_id)
  select  channel
        , id
        , sum(sales) as sales
        , sum(returns) as returns
        , sum(profit) as profit
 from 
 (select 'store channel' as channel
        , 'store' || s_store_id as id
        , sales
        , returns
        , (profit - profit_loss) as profit
 from   ssr
 union all
 select 'catalog channel' as channel
        , 'catalog_page' || cp_catalog_page_id as id
        , sales
        , returns
        , (profit - profit_loss) as profit
 from  csr
 union all
 select 'web channel' as channel
        , 'web_site' || web_site_id as id
        , sales
        , returns
        , (profit - profit_loss) as profit
 from   wsr
 ) x
 group by rollup (channel, id)
 order by channel
         ,id
 limit 100;
Limit  (cost=223498.75..223511.58 rows=100 width=88) (actual time=2446.841..2552.632 rows=100 loops=1)
  ->  GroupAggregate  (cost=223498.75..223550.21 rows=401 width=88) (actual time=2446.840..2552.619 rows=100 loops=1)
        Group Key: ('store channel'::text), (('store'::text || (ssr.s_store_id)::text))
        Group Key: ('store channel'::text)
        Group Key: ()
        ->  Gather Merge  (cost=223498.75..223541.60 rows=368 width=88) (actual time=2446.832..2552.526 rows=101 loops=1)
              Workers Planned: 2
              Workers Launched: 2
              ->  Sort  (cost=222498.72..222499.10 rows=153 width=88) (actual time=1561.298..1561.316 rows=206 loops=3)
                    Sort Key: ('store channel'::text), (('store'::text || (ssr.s_store_id)::text))
                    Sort Method: quicksort  Memory: 26kB
                    Worker 0:  Sort Method: quicksort  Memory: 91kB
                    Worker 1:  Sort Method: quicksort  Memory: 25kB
                    ->  Parallel Append  (cost=3.15..222493.17 rows=153 width=88) (actual time=1546.791..1561.149 rows=210 loops=3)
                          ->  Subquery Scan on ssr  (cost=3.15..214701.85 rows=6 width=88) (actual time=2400.933..2438.558 rows=6 loops=1)
                                ->  GroupAggregate  (cost=3.15..214701.74 rows=6 width=49) (actual time=2400.929..2438.551 rows=6 loops=1)
                                      Group Key: store.s_store_id
                                      ->  Nested Loop  (cost=3.15..214701.16 rows=42 width=49) (actual time=5.042..2434.866 rows=29805 loops=1)
                                            Join Filter: ("*SELECT* 1".store_sk = store.s_store_sk)
                                            Rows Removed by Join Filter: 336183
                                            ->  Index Scan using i_s_store_id on store  (cost=0.14..3.62 rows=12 width=25) (actual time=0.092..0.100 rows=12 loops=1)
                                            ->  Materialize  (cost=3.01..214574.54 rows=693 width=40) (actual time=0.122..200.740 rows=30499 loops=12)
                                                  ->  Hash Join  (cost=3.01..214571.07 rows=693 width=40) (actual time=1.455..2387.499 rows=30499 loops=1)
                                                        Hash Cond: ("*SELECT* 1".date_sk = date_dim.d_date_sk)
                                                        ->  Append  (cost=0.00..174607.84 rows=3165128 width=48) (actual time=0.041..2187.159 rows=3165100 loops=1)
                                                              ->  Subquery Scan on "*SELECT* 1"  (cost=0.00..145080.90 rows=2877956 width=48) (actual time=0.041..1842.313 rows=2877928 loops=1)
                                                                    ->  Seq Scan on store_sales  (cost=0.00..101911.56 rows=2877956 width=60) (actual time=0.034..1013.416 rows=2877928 loops=1)
                                                              ->  Subquery Scan on "*SELECT* 2"  (cost=0.00..13701.30 rows=287172 width=48) (actual time=0.038..156.013 rows=287172 loops=1)
                                                                    ->  Seq Scan on store_returns  (cost=0.00..9393.72 rows=287172 width=60) (actual time=0.037..74.201 rows=287172 loops=1)
                                                        ->  Hash  (cost=2.81..2.81 rows=16 width=8) (actual time=0.100..0.101 rows=15 loops=1)
                                                              Buckets: 1024  Batches: 1  Memory Usage: 9kB
                                                              ->  Index Scan using i_d_date on date_dim  (cost=0.29..2.81 rows=16 width=8) (actual time=0.092..0.095 rows=15 loops=1)
                                                                    Index Cond: ((d_date >= '2002-08-11'::date) AND (d_date <= '2002-08-25 00:00:00'::timestamp without time zone))
                          ->  Subquery Scan on csr  (cost=125216.79..125231.53 rows=347 width=88) (actual time=1403.230..1406.951 rows=610 loops=1)
                                ->  GroupAggregate  (cost=125216.79..125225.46 rows=347 width=49) (actual time=1403.226..1406.773 rows=610 loops=1)
                                      Group Key: catalog_page.cp_catalog_page_id
                                      ->  Sort  (cost=125216.79..125217.65 rows=347 width=49) (actual time=1403.202..1403.932 rows=16235 loops=1)
                                            Sort Key: catalog_page.cp_catalog_page_id
                                            Worker 0:  Sort Method: quicksort  Memory: 1906kB
                                            ->  Nested Loop  (cost=3.30..125202.14 rows=347 width=49) (actual time=1099.971..1376.510 rows=16235 loops=1)
                                                  ->  Hash Join  (cost=3.01..125097.11 rows=347 width=40) (actual time=1074.572..1355.390 rows=16286 loops=1)
                                                        Hash Cond: ("*SELECT* 1_1".date_sk = date_dim_1.d_date_sk)
                                                        ->  Append  (cost=0.00..105099.45 rows=1583715 width=48) (actual time=0.047..1254.287 rows=1583718 loops=1)
                                                              ->  Subquery Scan on "*SELECT* 1_1"  (cost=0.00..89254.20 rows=1439408 width=48) (actual time=0.047..1068.382 rows=1439411 loops=1)
                                                                    ->  Seq Scan on catalog_sales  (cost=0.00..67663.08 rows=1439408 width=60) (actual time=0.040..648.615 rows=1439411 loops=1)
                                                              ->  Subquery Scan on "*SELECT* 2_1"  (cost=0.00..7926.67 rows=144307 width=48) (actual time=0.039..90.913 rows=144307 loops=1)
                                                                    ->  Seq Scan on catalog_returns  (cost=0.00..5762.07 rows=144307 width=60) (actual time=0.037..49.702 rows=144307 loops=1)
                                                        ->  Hash  (cost=2.81..2.81 rows=16 width=8) (actual time=0.091..0.091 rows=15 loops=1)
                                                              Buckets: 1024  Batches: 1  Memory Usage: 9kB
                                                              ->  Index Scan using i_d_date on date_dim date_dim_1  (cost=0.29..2.81 rows=16 width=8) (actual time=0.082..0.086 rows=15 loops=1)
                                                                    Index Cond: ((d_date >= '2002-08-11'::date) AND (d_date <= '2002-08-25 00:00:00'::timestamp without time zone))
                                                  ->  Index Scan using pk_catalog_page on catalog_page  (cost=0.29..0.30 rows=1 width=25) (actual time=0.001..0.001 rows=1 loops=16286)
                                                        Index Cond: (cp_catalog_page_sk = "*SELECT* 1_1".page_sk)
                          ->  Subquery Scan on wsr  (cost=97260.07..97260.87 rows=15 width=88) (actual time=836.208..837.875 rows=15 loops=1)
                                ->  GroupAggregate  (cost=97260.07..97260.61 rows=15 width=49) (actual time=836.204..837.866 rows=15 loops=1)
                                      Group Key: web_site.web_site_id
                                      ->  Sort  (cost=97260.07..97260.13 rows=26 width=49) (actual time=836.078..836.456 rows=8855 loops=1)
                                            Sort Key: web_site.web_site_id
                                            Sort Method: quicksort  Memory: 1215kB
                                            ->  Nested Loop  (cost=3.01..97259.46 rows=26 width=49) (actual time=0.397..830.841 rows=8855 loops=1)
                                                  Join Filter: ("*SELECT* 1_2".wsr_web_site_sk = web_site.web_site_sk)
                                                  Rows Removed by Join Filter: 125063
                                                  ->  Hash Join  (cost=3.01..97179.65 rows=173 width=40) (actual time=0.371..816.958 rows=8860 loops=1)
                                                        Hash Cond: ("*SELECT* 1_2".date_sk = date_dim_2.d_date_sk)
                                                        ->  Append  (cost=0.00..87186.50 rows=791289 width=48) (actual time=0.007..764.596 rows=791289 loops=1)
                                                              ->  Subquery Scan on "*SELECT* 1_2"  (cost=0.00..44633.85 rows=719474 width=48) (actual time=0.007..413.386 rows=719474 loops=1)
                                                                    ->  Seq Scan on web_sales  (cost=0.00..33841.74 rows=719474 width=60) (actual time=0.005..203.831 rows=719474 loops=1)
                                                              ->  Subquery Scan on "*SELECT* 2_2"  (cost=0.43..38596.20 rows=71815 width=48) (actual time=0.065..303.771 rows=71815 loops=1)
                                                                    ->  Nested Loop Left Join  (cost=0.43..37518.98 rows=71815 width=60) (actual time=0.064..278.663 rows=71815 loops=1)
                                                                          ->  Seq Scan on web_returns  (cost=0.00..2610.15 rows=71815 width=40) (actual time=0.019..7.067 rows=71815 loops=1)
                                                                          ->  Memoize  (cost=0.43..0.90 rows=1 width=24) (actual time=0.003..0.003 rows=1 loops=71815)
                                                                                Cache Key: web_returns.wr_item_sk, web_returns.wr_order_number
                                                                                Cache Mode: logical
                                                                                Hits: 0  Misses: 71815  Evictions: 0  Overflows: 0  Memory Usage: 9538kB
                                                                                ->  Index Scan using pk_web_sales on web_sales web_sales_1  (cost=0.42..0.89 rows=1 width=24) (actual time=0.003..0.003 rows=1 loops=71815)
                                                                                      Index Cond: ((ws_item_sk = web_returns.wr_item_sk) AND (ws_order_number = web_returns.wr_order_number))
                                                        ->  Hash  (cost=2.81..2.81 rows=16 width=8) (actual time=0.024..0.025 rows=15 loops=1)
                                                              Buckets: 1024  Batches: 1  Memory Usage: 9kB
                                                              ->  Index Scan using i_d_date on date_dim date_dim_2  (cost=0.29..2.81 rows=16 width=8) (actual time=0.019..0.022 rows=15 loops=1)
                                                                    Index Cond: ((d_date >= '2002-08-11'::date) AND (d_date <= '2002-08-25 00:00:00'::timestamp without time zone))
                                                  ->  Materialize  (cost=0.00..2.45 rows=30 width=25) (actual time=0.000..0.001 rows=15 loops=8860)
                                                        ->  Seq Scan on web_site  (cost=0.00..2.30 rows=30 width=25) (actual time=0.011..0.016 rows=30 loops=1)
     channel     |              id              |       sales        |      returns       |       profit        
-----------------+------------------------------+--------------------+--------------------+---------------------
 catalog channel | catalog_pageAAAAAAAAAAPBAAAA | 217797.83000000002 |            1000.52 |   4653.340000000002
 catalog channel | catalog_pageAAAAAAAAABACAAAA |                  0 |              77.76 |             -310.23
 catalog channel | catalog_pageAAAAAAAAABPBAAAA |          147123.83 |            3252.88 | -25369.729999999996
 catalog channel | catalog_pageAAAAAAAAACACAAAA |                  0 |             117.81 |             -118.69
 catalog channel | catalog_pageAAAAAAAAACPBAAAA |          221126.31 |  5873.610000000001 |  1281.3300000000063
 catalog channel | catalog_pageAAAAAAAAADPBAAAA | 153837.69999999998 |             991.86 |           -26544.64
 catalog channel | catalog_pageAAAAAAAAAEACAAAA |                  0 | 3338.7599999999998 |            -2152.01
 catalog channel | catalog_pageAAAAAAAAAEBCAAAA |                  0 |            7737.73 |            -3335.91
 catalog channel | catalog_pageAAAAAAAAAEPBAAAA | 102263.95000000001 |                  0 |  12875.279999999999
 catalog channel | catalog_pageAAAAAAAAAFACAAAA |                  0 |             114.17 |             -161.16
 catalog channel | catalog_pageAAAAAAAAAFHBAAAA |                  0 |                4.2 |              -59.68
 catalog channel | catalog_pageAAAAAAAAAFPBAAAA |           79117.38 |             2719.8 | -2735.9400000000014
 catalog channel | catalog_pageAAAAAAAAAGACAAAA |                  0 |                 69 |             -127.26
 catalog channel | catalog_pageAAAAAAAAAGBCAAAA |           66671.02 |                  0 | -17422.100000000002
 catalog channel | catalog_pageAAAAAAAAAGHBAAAA |                  0 |             466.62 |             -444.01
 catalog channel | catalog_pageAAAAAAAAAGPBAAAA | 154585.05000000002 |                  0 |  19285.259999999995
 catalog channel | catalog_pageAAAAAAAAAHBCAAAA | 65199.420000000006 |                  0 | -2146.3000000000025
 catalog channel | catalog_pageAAAAAAAAAHHBAAAA |                  0 |             472.46 |              -322.6
 catalog channel | catalog_pageAAAAAAAAAHOBAAAA |                  0 |            7263.24 |            -4103.05
 catalog channel | catalog_pageAAAAAAAAAHPBAAAA |  94793.92999999996 |             216.25 |           -28384.23
 catalog channel | catalog_pageAAAAAAAAAIBCAAAA |           74177.62 |                  0 | -2420.3599999999997
 catalog channel | catalog_pageAAAAAAAAAIOBAAAA |                  0 |            1484.33 |            -1765.57
 catalog channel | catalog_pageAAAAAAAAAIPBAAAA |  78993.23000000001 |                  0 | -30300.940000000002
 catalog channel | catalog_pageAAAAAAAAAJBCAAAA | 117895.82999999999 |                  0 | -3084.2700000000004
 catalog channel | catalog_pageAAAAAAAAAJOBAAAA |                  0 |            3091.07 | -1439.2200000000003
 catalog channel | catalog_pageAAAAAAAAAJPBAAAA |          128643.41 |                  0 |            17288.59
 catalog channel | catalog_pageAAAAAAAAAKBCAAAA |           95087.25 |                  0 | -11730.800000000003
 catalog channel | catalog_pageAAAAAAAAAKOBAAAA |                  0 | 300.13999999999993 |             -629.52
 catalog channel | catalog_pageAAAAAAAAAKPBAAAA |          128044.96 |                  0 | -21543.949999999997
 catalog channel | catalog_pageAAAAAAAAALBCAAAA | 101418.28999999998 |                  0 |            -15274.6
 catalog channel | catalog_pageAAAAAAAAALLBAAAA |                  0 |              112.2 |              -35.26
 catalog channel | catalog_pageAAAAAAAAALOBAAAA |                  0 |             4766.6 | -2207.2400000000002
 catalog channel | catalog_pageAAAAAAAAAMACAAAA |                  0 |             154.56 |             -258.01
 catalog channel | catalog_pageAAAAAAAAAMBCAAAA | 110920.37000000001 |                  0 | -13257.510000000002
 catalog channel | catalog_pageAAAAAAAAAMOBAAAA |                  0 |            8895.96 |  -7035.679999999999
 catalog channel | catalog_pageAAAAAAAAANOBAAAA | 150315.34000000003 |             376.04 |   3765.140000000004
 catalog channel | catalog_pageAAAAAAAAAOOBAAAA |  193878.0999999999 |                  0 |  -7657.420000000001
 catalog channel | catalog_pageAAAAAAAAAPOBAAAA | 126563.42999999996 |                  0 |           -10776.42
 catalog channel | catalog_pageAAAAAAAABAPBAAAA | 129651.70000000003 |                  0 |  -66516.13999999998
 catalog channel | catalog_pageAAAAAAAABBPBAAAA | 148488.95000000004 |             181.62 |           -34244.75
 catalog channel | catalog_pageAAAAAAAABCIBAAAA |                  0 |             453.31 |              -837.8
 catalog channel | catalog_pageAAAAAAAABCPBAAAA |          208100.02 |             281.84 | -23524.529999999995
 catalog channel | catalog_pageAAAAAAAABDACAAAA |                  0 |             418.32 |             -979.59
 catalog channel | catalog_pageAAAAAAAABDPBAAAA | 194514.83000000002 |                  0 |  -39733.79999999999
 catalog channel | catalog_pageAAAAAAAABEPBAAAA |  79811.47999999998 |                  0 |  10378.399999999998
 catalog channel | catalog_pageAAAAAAAABFHBAAAA |                  0 |              30.34 |             -106.95
 catalog channel | catalog_pageAAAAAAAABFPBAAAA | 117128.56000000003 |                  0 | -11879.439999999999
 catalog channel | catalog_pageAAAAAAAABGACAAAA |                  0 |             3330.6 |             -451.35
 catalog channel | catalog_pageAAAAAAAABGBCAAAA |  46908.74999999999 |                  0 |  -7599.330000000001
 catalog channel | catalog_pageAAAAAAAABGHBAAAA |                  0 |             1232.4 |             -144.11
 catalog channel | catalog_pageAAAAAAAABGOBAAAA |                  0 | 2602.8599999999997 | -1625.6599999999999
 catalog channel | catalog_pageAAAAAAAABGPBAAAA |           65981.51 |                  0 |            -4468.93
 catalog channel | catalog_pageAAAAAAAABHBCAAAA | 148526.59000000003 |                  0 |  11286.799999999996
 catalog channel | catalog_pageAAAAAAAABHHBAAAA |                  0 |             157.52 |              -60.28
 catalog channel | catalog_pageAAAAAAAABHIBAAAA |                  0 |              507.3 |             -372.23
 catalog channel | catalog_pageAAAAAAAABHOBAAAA |                  0 |            5261.58 |            -1481.17
 catalog channel | catalog_pageAAAAAAAABHPBAAAA |            66460.8 |                  0 | -5444.3899999999985
 catalog channel | catalog_pageAAAAAAAABIBCAAAA | 141060.41999999998 |                  0 |   7950.079999999999
 catalog channel | catalog_pageAAAAAAAABIHBAAAA |                  0 |              72.44 |              -62.69
 catalog channel | catalog_pageAAAAAAAABIOBAAAA |                  0 | 6920.3099999999995 |            -2660.13
 catalog channel | catalog_pageAAAAAAAABIPBAAAA | 131120.71000000002 |              64.38 |  -4967.759999999998
 catalog channel | catalog_pageAAAAAAAABJBCAAAA |  74359.51999999999 |                  0 | -23870.690000000002
 catalog channel | catalog_pageAAAAAAAABJOBAAAA |                  0 |            4827.22 |            -2810.39
 catalog channel | catalog_pageAAAAAAAABJPBAAAA |           68845.49 |                  0 |  -7495.470000000001
 catalog channel | catalog_pageAAAAAAAABKBCAAAA |  83028.61000000002 |                  0 |           -33467.39
 catalog channel | catalog_pageAAAAAAAABKOBAAAA |                  0 |             1003.2 |             -777.18
 catalog channel | catalog_pageAAAAAAAABKPBAAAA |  68497.84000000001 |                  0 |           -34707.92
 catalog channel | catalog_pageAAAAAAAABLBCAAAA |           77498.35 |                  0 |  -8931.690000000002
 catalog channel | catalog_pageAAAAAAAABLOBAAAA |                  0 |            4148.86 |  -5976.959999999999
 catalog channel | catalog_pageAAAAAAAABMLBAAAA |                  0 |             1379.7 |             -490.25
 catalog channel | catalog_pageAAAAAAAABNOBAAAA | 203378.28999999992 | 278.52000000000004 |  15371.750000000004
 catalog channel | catalog_pageAAAAAAAABOOBAAAA | 243463.55999999997 |            1522.32 |  1588.0499999999952
 catalog channel | catalog_pageAAAAAAAABPOBAAAA | 216123.02000000002 |                  0 |   29845.24000000001
 catalog channel | catalog_pageAAAAAAAACAPBAAAA | 185243.69000000003 |  975.4200000000001 |   2108.220000000002
 catalog channel | catalog_pageAAAAAAAACBPBAAAA | 211021.97999999992 | 1845.3899999999999 |  -8300.820000000002
 catalog channel | catalog_pageAAAAAAAACCBCAAAA |                  0 |              105.4 |               -70.9
 catalog channel | catalog_pageAAAAAAAACCPBAAAA | 167866.64999999997 |            8337.33 |  -51177.56000000001
 catalog channel | catalog_pageAAAAAAAACDIBAAAA |                  0 |                    |                    
 catalog channel | catalog_pageAAAAAAAACDPBAAAA |  190020.7800000001 |             103.95 |           -49072.35
 catalog channel | catalog_pageAAAAAAAACEACAAAA |                  0 |             221.43 |             -595.28
 catalog channel | catalog_pageAAAAAAAACELBAAAA |                  0 |            1948.75 |            -1000.21
 catalog channel | catalog_pageAAAAAAAACEPBAAAA |  71984.72999999998 |                  0 |  1917.8599999999988
 catalog channel | catalog_pageAAAAAAAACFPBAAAA | 115119.68000000001 |                  0 |  -4512.610000000002
 catalog channel | catalog_pageAAAAAAAACGBCAAAA |           95854.12 |                  0 |  3728.5500000000015
 catalog channel | catalog_pageAAAAAAAACGIBAAAA |                  0 |             392.88 |             -462.55
 catalog channel | catalog_pageAAAAAAAACGOBAAAA |                  0 |              762.9 |              -255.7
 catalog channel | catalog_pageAAAAAAAACGPBAAAA |          108802.22 |              214.8 |           -28730.91
 catalog channel | catalog_pageAAAAAAAACHBCAAAA |           95799.33 |                  0 | -22207.489999999994
 catalog channel | catalog_pageAAAAAAAACHLBAAAA |                  0 |            1130.88 |             -172.33
 catalog channel | catalog_pageAAAAAAAACHOBAAAA |                  0 |  5392.389999999999 | -3765.7200000000003
 catalog channel | catalog_pageAAAAAAAACHPBAAAA |           74143.62 |                  0 |  -24427.86999999999
 catalog channel | catalog_pageAAAAAAAACIBCAAAA | 104738.59999999998 |                  0 |             4239.18
 catalog channel | catalog_pageAAAAAAAACIOBAAAA |                  0 |            1510.11 |             -1587.2
 catalog channel | catalog_pageAAAAAAAACIPBAAAA |  92945.54000000002 |                  0 |           -12325.44
 catalog channel | catalog_pageAAAAAAAACJBCAAAA | 104121.66999999998 |                  0 | -17328.270000000004
 catalog channel | catalog_pageAAAAAAAACJOBAAAA |                  0 |            5385.82 |            -1627.76
 catalog channel | catalog_pageAAAAAAAACJPBAAAA |           79061.72 |                  0 | -12897.409999999998
 catalog channel | catalog_pageAAAAAAAACKBCAAAA |          103806.64 |                  0 |            -8802.98
 catalog channel | catalog_pageAAAAAAAACKOBAAAA |                  0 |            2129.19 |            -1844.69
 catalog channel | catalog_pageAAAAAAAACKPBAAAA | 103989.86000000004 |                  0 |           -24878.71
(100 rows)

UPDATE time_statistics SET e_time = TRANSACTION_TIMESTAMP() WHERE template = '../query_postgresql/query5.tpl' AND stream = 0;
psql:/tmp/s1-basline/power/query_0.sql:350: NOTICE:  duration: 0.022 ms  plan:
Query Text: UPDATE time_statistics SET e_time = TRANSACTION_TIMESTAMP() WHERE template = '../query_postgresql/query5.tpl' AND stream = 0;
Update on time_statistics  (cost=0.00..28.15 rows=0 width=0) (actual time=0.022..0.022 rows=0 loops=1)
  ->  Seq Scan on time_statistics  (cost=0.00..28.15 rows=1 width=14) (actual time=0.009..0.010 rows=1 loops=1)
        Filter: ((template = '../query_postgresql/query5.tpl'::text) AND (stream = 0))
        Rows Removed by Filter: 5
UPDATE 1
LOAD 'auto_explain'; SET auto_explain.log_min_duration TO 0; SET auto_explain.log_analyze TO on; SET auto_explain.log_level TO notice; INSERT INTO time_statistics (template, s_time, stream, query, seed) VALUES ('query6.tpl', TRANSACTION_TIMESTAMP(), 0, 6, 401621312);
LOAD
SET
SET
SET
psql:/tmp/s1-basline/power/query_0.sql:351: NOTICE:  duration: 0.020 ms  plan:
Query Text: INSERT INTO time_statistics (template, s_time, stream, query, seed) VALUES ('query6.tpl', TRANSACTION_TIMESTAMP(), 0, 6, 401621312);
Insert on time_statistics  (cost=0.00..0.01 rows=0 width=0) (actual time=0.019..0.020 rows=0 loops=1)
  ->  Result  (cost=0.00..0.01 rows=1 width=64) (actual time=0.001..0.001 rows=1 loops=1)
INSERT 0 1
select  a.ca_state state, count(*) cnt
 from customer_address a
     ,customer c
     ,store_sales s
     ,date_dim d
     ,item i
 where       a.ca_address_sk = c.c_current_addr_sk
 	and c.c_customer_sk = s.ss_customer_sk
 	and s.ss_sold_date_sk = d.d_date_sk
 	and s.ss_item_sk = i.i_item_sk
 	and d.d_month_seq = 
 	     (select distinct (d_month_seq)
 	      from date_dim
               where d_year = 2000
 	        and d_moy = 1 )
 	and i.i_current_price > 1.2 * 
             (select avg(j.i_current_price) 
 	     from item j 
 	     where j.i_category = i.i_category)
 group by a.ca_state
 having count(*) >= 10
 order by cnt, a.ca_state 
 limit 100;
psql:/tmp/s1-basline/power/query_0.sql:374: NOTICE:  duration: 131851.640 ms  plan:
Query Text: select  a.ca_state state, count(*) cnt
 from customer_address a
     ,customer c
     ,store_sales s
     ,date_dim d
     ,item i
 where       a.ca_address_sk = c.c_current_addr_sk
 	and c.c_customer_sk = s.ss_customer_sk
 	and s.ss_sold_date_sk = d.d_date_sk
 	and s.ss_item_sk = i.i_item_sk
 	and d.d_month_seq = 
 	     (select distinct (d_month_seq)
 	      from date_dim
               where d_year = 2000
 	        and d_moy = 1 )
 	and i.i_current_price > 1.2 * 
             (select avg(j.i_current_price) 
 	     from item j 
 	     where j.i_category = i.i_category)
 group by a.ca_state
 having count(*) >= 10
 order by cnt, a.ca_state 
 limit 100;
Limit  (cost=1646340.86..1646340.90 rows=17 width=11) (actual time=131851.610..131851.620 rows=44 loops=1)
  InitPlan 1 (returns $0)
    ->  Unique  (cost=2501.50..2501.66 rows=31 width=4) (actual time=8.742..8.747 rows=1 loops=1)
          ->  Sort  (cost=2501.50..2501.58 rows=31 width=4) (actual time=8.741..8.743 rows=31 loops=1)
                Sort Key: date_dim.d_month_seq
                Sort Method: quicksort  Memory: 25kB
                ->  Seq Scan on date_dim  (cost=0.00..2500.73 rows=31 width=4) (actual time=4.217..8.737 rows=31 loops=1)
                      Filter: ((d_year = 2000) AND (d_moy = 1))
                      Rows Removed by Filter: 73018
  ->  Sort  (cost=1643839.20..1643839.24 rows=17 width=11) (actual time=131851.609..131851.614 rows=44 loops=1)
        Sort Key: (count(*)), a.ca_state
        Sort Method: quicksort  Memory: 27kB
        ->  GroupAggregate  (cost=1643835.52..1643838.85 rows=17 width=11) (actual time=131851.191..131851.596 rows=44 loops=1)
              Group Key: a.ca_state
              Filter: (count(*) >= 10)
              Rows Removed by Filter: 4
              ->  Sort  (cost=1643835.52..1643836.42 rows=359 width=3) (actual time=131851.182..131851.295 rows=2881 loops=1)
                    Sort Key: a.ca_state
                    Sort Method: quicksort  Memory: 231kB
                    ->  Nested Loop  (cost=1.30..1643820.29 rows=359 width=3) (actual time=36.922..131849.402 rows=2881 loops=1)
                          ->  Nested Loop  (cost=1.01..1643704.86 rows=359 width=8) (actual time=36.894..131836.542 rows=2881 loops=1)
                                ->  Nested Loop  (cost=0.72..42000.65 rows=1078 width=16) (actual time=11.669..123.520 rows=31482 loops=1)
                                      ->  Nested Loop  (cost=0.43..41649.19 rows=1129 width=16) (actual time=11.662..43.024 rows=32234 loops=1)
                                            ->  Seq Scan on date_dim d  (cost=0.00..2318.11 rows=30 width=8) (actual time=11.606..15.357 rows=31 loops=1)
                                                  Filter: (d_month_seq = $0)
                                                  Rows Removed by Filter: 73018
                                            ->  Index Scan using i_ss_sold_date_sk on store_sales s  (cost=0.43..1295.96 rows=1508 width=24) (actual time=0.010..0.634 rows=1040 loops=31)
                                                  Index Cond: (ss_sold_date_sk = d.d_date_sk)
                                      ->  Index Scan using pk_customer on customer c  (cost=0.29..0.31 rows=1 width=16) (actual time=0.002..0.002 rows=1 loops=32234)
                                            Index Cond: (c_customer_sk = s.ss_customer_sk)
                                ->  Index Scan using pk_item on item i  (cost=0.29..1485.81 rows=1 width=8) (actual time=4.183..4.183 rows=0 loops=31482)
                                      Index Cond: (i_item_sk = s.ss_item_sk)
                                      Filter: (i_current_price > ('1.2'::double precision * (SubPlan 2)))
                                      Rows Removed by Filter: 1
                                      SubPlan 2
                                        ->  Aggregate  (cost=1485.49..1485.50 rows=1 width=8) (actual time=4.181..4.181 rows=1 loops=31482)
                                              ->  Seq Scan on item j  (cost=0.00..1481.00 rows=1795 width=8) (actual time=0.010..4.067 rows=1791 loops=31482)
                                                    Filter: (i_category = i.i_category)
                                                    Rows Removed by Filter: 16209
                          ->  Index Scan using pk_customer_address on customer_address a  (cost=0.29..0.32 rows=1 width=11) (actual time=0.003..0.003 rows=1 loops=2881)
                                Index Cond: (ca_address_sk = c.c_current_addr_sk)
 state | cnt 
-------+-----
 NH    |  10
 NV    |  10
 MD    |  17
 AK    |  19
 ME    |  21
 UT    |  21
 NJ    |  24
 WA    |  26
 NM    |  29
 OR    |  30
 WY    |  30
 ID    |  31
 SC    |  35
 NY    |  39
 WI    |  47
 MI    |  49
 LA    |  53
 MT    |  54
 SD    |  56
 WV    |  57
 FL    |  59
 PA    |  59
       |  60
 CO    |  61
 ND    |  61
 AR    |  66
 OK    |  68
 MS    |  69
 MN    |  70
 IL    |  73
 CA    |  75
 OH    |  79
 TN    |  88
 IN    |  90
 AL    |  93
 VA    |  96
 KS    |  99
 NC    | 106
 NE    | 106
 KY    | 115
 IA    | 116
 MO    | 124
 GA    | 172
 TX    | 202
(44 rows)

UPDATE time_statistics SET e_time = TRANSACTION_TIMESTAMP() WHERE template = 'query6.tpl' AND stream = 0;
psql:/tmp/s1-basline/power/query_0.sql:376: NOTICE:  duration: 0.025 ms  plan:
Query Text: UPDATE time_statistics SET e_time = TRANSACTION_TIMESTAMP() WHERE template = 'query6.tpl' AND stream = 0;
Update on time_statistics  (cost=0.00..28.15 rows=0 width=0) (actual time=0.024..0.024 rows=0 loops=1)
  ->  Seq Scan on time_statistics  (cost=0.00..28.15 rows=1 width=14) (actual time=0.011..0.011 rows=1 loops=1)
        Filter: ((template = 'query6.tpl'::text) AND (stream = 0))
        Rows Removed by Filter: 6
UPDATE 1
LOAD 'auto_explain'; SET auto_explain.log_min_duration TO 0; SET auto_explain.log_analyze TO on; SET auto_explain.log_level TO notice; INSERT INTO time_statistics (template, s_time, stream, query, seed) VALUES ('query7.tpl', TRANSACTION_TIMESTAMP(), 0, 7, 1572105747);
LOAD
SET
SET
SET
psql:/tmp/s1-basline/power/query_0.sql:377: NOTICE:  duration: 0.010 ms  plan:
Query Text: INSERT INTO time_statistics (template, s_time, stream, query, seed) VALUES ('query7.tpl', TRANSACTION_TIMESTAMP(), 0, 7, 1572105747);
Insert on time_statistics  (cost=0.00..0.01 rows=0 width=0) (actual time=0.009..0.009 rows=0 loops=1)
  ->  Result  (cost=0.00..0.01 rows=1 width=64) (actual time=0.002..0.002 rows=1 loops=1)
INSERT 0 1
select  i_item_id, 
        avg(ss_quantity) agg1,
        avg(ss_list_price) agg2,
        avg(ss_coupon_amt) agg3,
        avg(ss_sales_price) agg4 
 from store_sales, customer_demographics, date_dim, item, promotion
 where ss_sold_date_sk = d_date_sk and
       ss_item_sk = i_item_sk and
       ss_cdemo_sk = cd_demo_sk and
       ss_promo_sk = p_promo_sk and
       cd_gender = 'M' and 
       cd_marital_status = 'S' and
       cd_education_status = 'Advanced Degree' and
       (p_channel_email = 'N' or p_channel_event = 'N') and
       d_year = 2001 
 group by i_item_id
 order by i_item_id
 limit 100;
psql:/tmp/s1-basline/power/query_0.sql:395: NOTICE:  duration: 992.372 ms  plan:
Query Text: select  i_item_id, 
        avg(ss_quantity) agg1,
        avg(ss_list_price) agg2,
        avg(ss_coupon_amt) agg3,
        avg(ss_sales_price) agg4 
 from store_sales, customer_demographics, date_dim, item, promotion
 where ss_sold_date_sk = d_date_sk and
       ss_item_sk = i_item_sk and
       ss_cdemo_sk = cd_demo_sk and
       ss_promo_sk = p_promo_sk and
       cd_gender = 'M' and 
       cd_marital_status = 'S' and
       cd_education_status = 'Advanced Degree' and
       (p_channel_email = 'N' or p_channel_event = 'N') and
       d_year = 2001 
 group by i_item_id
 order by i_item_id
 limit 100;
Limit  (cost=3323.51..83280.42 rows=100 width=73) (actual time=688.035..992.293 rows=100 loops=1)
  ->  GroupAggregate  (cost=3323.51..143248.09 rows=175 width=73) (actual time=688.034..992.281 rows=100 loops=1)
        Group Key: item.i_item_id
        ->  Nested Loop  (cost=3323.51..143242.41 rows=175 width=45) (actual time=684.391..992.131 rows=152 loops=1)
              Join Filter: (store_sales.ss_item_sk = item.i_item_sk)
              Rows Removed by Join Filter: 3043686
              ->  Index Scan using i_i_item_id on item  (cost=0.29..1714.59 rows=18000 width=25) (actual time=0.037..0.345 rows=385 loops=1)
              ->  Materialize  (cost=3323.22..94278.26 rows=175 width=36) (actual time=0.024..2.058 rows=7906 loops=385)
                    ->  Nested Loop  (cost=3323.22..94277.38 rows=175 width=36) (actual time=9.330..681.094 rows=7920 loops=1)
                          ->  Gather  (cost=3323.08..94246.29 rows=183 width=44) (actual time=9.324..671.326 rows=8073 loops=1)
                                Workers Planned: 2
                                Workers Launched: 2
                                ->  Nested Loop  (cost=2323.08..93227.99 rows=76 width=44) (actual time=21.775..674.438 rows=2691 loops=3)
                                      ->  Hash Join  (cost=2322.65..90594.07 rows=5693 width=52) (actual time=15.253..291.751 rows=183167 loops=3)
                                            Hash Cond: (store_sales.ss_sold_date_sk = date_dim.d_date_sk)
                                            ->  Parallel Seq Scan on store_sales  (cost=0.00..85123.48 rows=1199148 width=60) (actual time=0.018..126.567 rows=959309 loops=3)
                                            ->  Hash  (cost=2318.11..2318.11 rows=363 width=8) (actual time=15.116..15.117 rows=365 loops=3)
                                                  Buckets: 1024  Batches: 1  Memory Usage: 23kB
                                                  ->  Seq Scan on date_dim  (cost=0.00..2318.11 rows=363 width=8) (actual time=7.417..15.071 rows=365 loops=3)
                                                        Filter: (d_year = 2001)
                                                        Rows Removed by Filter: 72684
                                      ->  Index Scan using pk_customer_demographics on customer_demographics  (cost=0.43..0.46 rows=1 width=8) (actual time=0.002..0.002 rows=0 loops=549501)
                                            Index Cond: (cd_demo_sk = store_sales.ss_cdemo_sk)
                                            Filter: ((cd_gender = 'M'::bpchar) AND (cd_marital_status = 'S'::bpchar) AND (cd_education_status = 'Advanced Degree'::bpchar))
                                            Rows Removed by Filter: 1
                          ->  Index Scan using pk_promotion on promotion  (cost=0.15..0.17 rows=1 width=8) (actual time=0.001..0.001 rows=1 loops=8073)
                                Index Cond: (p_promo_sk = store_sales.ss_promo_sk)
                                Filter: ((p_channel_email = 'N'::bpchar) OR (p_channel_event = 'N'::bpchar))
                                Rows Removed by Filter: 0
    i_item_id     |         agg1         |        agg2        |       agg3        |        agg4        
------------------+----------------------+--------------------+-------------------+--------------------
 AAAAAAAAAAABAAAA |  60.0000000000000000 |              75.71 |                 0 |              12.11
 AAAAAAAAAAAEAAAA |  75.0000000000000000 |  72.16499999999999 |                 0 | 31.939999999999998
 AAAAAAAAAABBAAAA |   8.0000000000000000 |               2.38 |                 0 |               1.57
 AAAAAAAAAABDAAAA |  66.0000000000000000 |              74.97 |                 0 |              62.22
 AAAAAAAAAABEAAAA |  26.3333333333333333 |  41.77333333333333 |                 0 | 15.033333333333331
 AAAAAAAAAACAAAAA |  30.0000000000000000 |              66.69 |                 0 |              56.01
 AAAAAAAAAACCAAAA |  62.0000000000000000 |             44.735 |                 0 | 10.495000000000001
 AAAAAAAAAACDAAAA |  48.0000000000000000 |  81.27250000000001 |                 0 |            44.0125
 AAAAAAAAAADCAAAA |  71.0000000000000000 |              63.44 |                 0 |              55.82
 AAAAAAAAAADEAAAA |  58.0000000000000000 |               31.1 |                 0 |               17.1
 AAAAAAAAAAEDAAAA |   5.0000000000000000 |             119.61 |                 0 |                 61
 AAAAAAAAAAEEAAAA |  78.0000000000000000 | 48.980000000000004 |                 0 |              14.28
 AAAAAAAAAAFCAAAA |  19.6666666666666667 | 48.703333333333326 |             18.21 | 10.953333333333333
 AAAAAAAAAAFDAAAA |  56.0000000000000000 |             93.545 |                 0 |              33.11
 AAAAAAAAAAHAAAAA |  56.0000000000000000 |              15.72 |                 0 |               6.28
 AAAAAAAAAAHDAAAA |  77.0000000000000000 |              11.67 |             41.53 |               0.58
 AAAAAAAAAAIAAAAA |  79.0000000000000000 |             102.62 |                 0 |              10.26
 AAAAAAAAAAIDAAAA |  35.0000000000000000 |             106.94 |                 0 |              48.12
 AAAAAAAAAAKDAAAA |  93.0000000000000000 |              63.04 |                 0 |               20.8
 AAAAAAAAAALCAAAA |  70.0000000000000000 |              14.83 |                 0 |               9.63
 AAAAAAAAAALDAAAA |  43.0000000000000000 |              72.96 |                 0 |              38.66
 AAAAAAAAAAMBAAAA |  14.0000000000000000 |  56.67999999999999 |                 0 |             21.125
 AAAAAAAAAAMCAAAA |  30.0000000000000000 |              87.62 |           1319.97 |              81.48
 AAAAAAAAAANBAAAA |  13.0000000000000000 | 163.76999999999998 |               4.2 |             10.315
 AAAAAAAAAAOAAAAA |  16.0000000000000000 |              31.29 |                 0 |              28.16
 AAAAAAAAAAOCAAAA |   5.0000000000000000 | 192.83499999999998 |            267.47 |             68.225
 AAAAAAAAAAODAAAA |  53.0000000000000000 |             101.39 |                 0 |              54.75
 AAAAAAAAABAAAAAA |  94.0000000000000000 |             164.73 |                 0 |              36.24
 AAAAAAAAABABAAAA |  69.0000000000000000 |              59.26 |                 0 |               6.51
 AAAAAAAAABADAAAA |  40.5000000000000000 |              94.87 |           374.965 |              57.86
 AAAAAAAAABAEAAAA |  43.0000000000000000 |              34.61 |                 0 |              25.95
 AAAAAAAAABBAAAAA |  48.0000000000000000 |             112.45 |            119.82 |              83.21
 AAAAAAAAABBDAAAA |  15.5000000000000000 | 45.474999999999994 |                 0 |               6.72
 AAAAAAAAABCCAAAA |  93.0000000000000000 |              26.85 |             419.5 |               5.37
 AAAAAAAAABDDAAAA |  65.0000000000000000 |               43.5 |            749.85 |              29.58
 AAAAAAAAABDEAAAA |  52.5000000000000000 |             28.615 |                 0 |              10.85
 AAAAAAAAABECAAAA |  40.0000000000000000 | 137.64333333333335 |                 0 |              51.52
 AAAAAAAAABFBAAAA |  55.0000000000000000 |               25.5 |            146.41 |               4.84
 AAAAAAAAABFEAAAA |  74.0000000000000000 |              76.12 |                 0 |              74.59
 AAAAAAAAABGBAAAA |  49.0000000000000000 | 26.356666666666666 | 658.9566666666666 | 15.416666666666666
 AAAAAAAAABGEAAAA |  16.0000000000000000 |             187.58 |                 0 |              131.3
 AAAAAAAAABHCAAAA |  17.0000000000000000 |             162.73 |                 0 |             128.55
 AAAAAAAAABHDAAAA |  46.0000000000000000 |              74.35 |                 0 |              28.99
 AAAAAAAAABIBAAAA |  65.5000000000000000 |  95.35499999999999 |             349.4 |              70.39
 AAAAAAAAABICAAAA |  21.5000000000000000 |             53.475 |                 0 | 50.019999999999996
 AAAAAAAAABJAAAAA |  25.0000000000000000 |             130.58 |                 0 |               69.2
 AAAAAAAAABJDAAAA |  68.7500000000000000 |             59.905 |                 0 |              40.76
 AAAAAAAAABKAAAAA |  70.0000000000000000 |              12.88 |            217.56 |               8.88
 AAAAAAAAABKCAAAA |  49.0000000000000000 |              99.87 |                 0 |              86.88
 AAAAAAAAABKDAAAA |  46.6666666666666667 |  86.39999999999999 |            119.92 |  73.64999999999999
 AAAAAAAAABLBAAAA |  41.5000000000000000 |              70.06 |                 0 |              56.08
 AAAAAAAAABLCAAAA |  62.6666666666666667 |  92.00999999999999 |                 0 |               67.5
 AAAAAAAAABMAAAAA |  64.0000000000000000 |              45.63 |            140.87 |               3.19
 AAAAAAAAABMBAAAA |  80.0000000000000000 |              59.68 |            189.05 |              59.08
 AAAAAAAAABMDAAAA |  40.0000000000000000 |              31.48 |                 0 |              10.07
 AAAAAAAAABNAAAAA |  10.0000000000000000 |              71.53 |                 0 |               32.9
 AAAAAAAAABNDAAAA |  23.0000000000000000 |             107.38 |                 0 |              47.24
 AAAAAAAAABOBAAAA |  14.0000000000000000 |              83.66 |            188.55 |              19.24
 AAAAAAAAABOCAAAA |  47.0000000000000000 |               79.5 |           611.755 |             29.965
 AAAAAAAAABPBAAAA |   4.0000000000000000 |              85.23 |             84.19 |              80.96
 AAAAAAAAABPDAAAA | 100.0000000000000000 |               97.8 |                 0 |              93.88
 AAAAAAAAACACAAAA |  63.0000000000000000 |              78.16 |                 0 |              28.91
 AAAAAAAAACADAAAA |  38.0000000000000000 | 63.629999999999995 |                 0 |             41.535
 AAAAAAAAACBCAAAA |  49.0000000000000000 |            143.785 |              60.8 |            111.845
 AAAAAAAAACCBAAAA |  62.0000000000000000 |  75.93333333333334 |                 0 | 30.173333333333332
 AAAAAAAAACCDAAAA |  86.0000000000000000 |             141.07 |                 0 |             104.39
 AAAAAAAAACCEAAAA |  39.0000000000000000 |             145.64 |                 0 |              20.38
 AAAAAAAAACDAAAAA |  23.0000000000000000 |              44.03 |                 0 |              4.035
 AAAAAAAAACDCAAAA |  28.0000000000000000 |              44.55 |            146.68 |              18.71
 AAAAAAAAACDDAAAA |  43.5000000000000000 |              45.63 |                 0 |               7.75
 AAAAAAAAACEBAAAA |  44.3333333333333333 |              68.01 | 96.08333333333333 |  9.193333333333333
 AAAAAAAAACFAAAAA |  39.0000000000000000 |             131.61 |            95.735 |              22.11
 AAAAAAAAACFDAAAA |  26.0000000000000000 |              117.1 |                 0 |               9.36
 AAAAAAAAACFEAAAA |  35.0000000000000000 |               7.55 |                 0 |               5.96
 AAAAAAAAACGAAAAA |   8.0000000000000000 |              14.45 |                 0 |              10.98
 AAAAAAAAACGCAAAA |  33.0000000000000000 |                7.5 |                 0 |               5.17
 AAAAAAAAACGDAAAA |  63.0000000000000000 |              84.67 |            138.12 |              31.32
 AAAAAAAAACHCAAAA |   2.0000000000000000 |             113.38 |            195.91 |             108.84
 AAAAAAAAACIBAAAA |  46.0000000000000000 |              14.12 |                 0 |              10.87
 AAAAAAAAACIDAAAA |  49.5000000000000000 |             73.015 |                 0 |             10.935
 AAAAAAAAACJCAAAA |  41.0000000000000000 |              49.17 |            25.015 |               25.7
 AAAAAAAAACJDAAAA |  49.5000000000000000 |            73.4975 |                 0 |            22.2675
 AAAAAAAAACKBAAAA |  43.6666666666666667 |  82.87333333333333 |                 0 |  47.57333333333333
 AAAAAAAAACKCAAAA |  73.0000000000000000 |             144.67 |                 0 |               83.9
 AAAAAAAAACLAAAAA |  20.0000000000000000 |             123.85 |                 0 |              61.92
 AAAAAAAAACLBAAAA |  99.0000000000000000 |               73.5 |                 0 |              62.47
 AAAAAAAAACLDAAAA |  42.0000000000000000 | 117.96000000000001 |                 0 |               6.46
 AAAAAAAAACMAAAAA |  32.0000000000000000 |              77.16 |                 0 |              46.29
 AAAAAAAAACMCAAAA |  44.0000000000000000 |               50.3 |                 0 |              18.61
 AAAAAAAAACMDAAAA |  39.0000000000000000 |             162.81 |           1746.03 |               81.4
 AAAAAAAAACNBAAAA |  34.0000000000000000 |              84.92 |           1035.87 |              78.12
 AAAAAAAAACNCAAAA |  49.0000000000000000 |              48.58 |           1485.22 |              38.86
 AAAAAAAAACOBAAAA |  40.0000000000000000 |              24.78 |                 0 |              17.59
 AAAAAAAAACODAAAA |  35.0000000000000000 |              79.27 |                 0 |              62.62
 AAAAAAAAACPDAAAA |  66.0000000000000000 |              56.87 |                 0 |               8.53
 AAAAAAAAADABAAAA |  53.0000000000000000 |              86.15 |                 0 |               6.03
 AAAAAAAAADACAAAA |  83.0000000000000000 |  77.96000000000001 |                 0 | 56.684999999999995
 AAAAAAAAADBAAAAA |  54.0000000000000000 |              25.56 |                 0 |              15.84
 AAAAAAAAADBBAAAA |  17.0000000000000000 |               8.76 |                 0 |               6.48
 AAAAAAAAADBDAAAA |  19.0000000000000000 |             163.65 |                 0 |              63.82
(100 rows)

UPDATE time_statistics SET e_time = TRANSACTION_TIMESTAMP() WHERE template = 'query7.tpl' AND stream = 0;
psql:/tmp/s1-basline/power/query_0.sql:397: NOTICE:  duration: 0.022 ms  plan:
Query Text: UPDATE time_statistics SET e_time = TRANSACTION_TIMESTAMP() WHERE template = 'query7.tpl' AND stream = 0;
Update on time_statistics  (cost=0.00..28.15 rows=0 width=0) (actual time=0.022..0.022 rows=0 loops=1)
  ->  Seq Scan on time_statistics  (cost=0.00..28.15 rows=1 width=14) (actual time=0.008..0.009 rows=1 loops=1)
        Filter: ((template = 'query7.tpl'::text) AND (stream = 0))
        Rows Removed by Filter: 7
UPDATE 1
LOAD 'auto_explain'; SET auto_explain.log_min_duration TO 0; SET auto_explain.log_analyze TO on; SET auto_explain.log_level TO notice; INSERT INTO time_statistics (template, s_time, stream, query, seed) VALUES ('query8.tpl', TRANSACTION_TIMESTAMP(), 0, 8, 1852485832);
LOAD
SET
SET
SET
psql:/tmp/s1-basline/power/query_0.sql:398: NOTICE:  duration: 0.021 ms  plan:
Query Text: INSERT INTO time_statistics (template, s_time, stream, query, seed) VALUES ('query8.tpl', TRANSACTION_TIMESTAMP(), 0, 8, 1852485832);
Insert on time_statistics  (cost=0.00..0.01 rows=0 width=0) (actual time=0.021..0.021 rows=0 loops=1)
  ->  Result  (cost=0.00..0.01 rows=1 width=64) (actual time=0.001..0.001 rows=1 loops=1)
INSERT 0 1
select  s_store_name
      ,sum(ss_net_profit)
 from store_sales
     ,date_dim
     ,store,
     (select ca_zip
     from (
      SELECT substr(ca_zip,1,5) ca_zip
      FROM customer_address
      WHERE substr(ca_zip,1,5) IN (
                          '23062','41757','72089','27384','61337','39420',
                          '36196','13005','42881','55393','30074',
                          '76695','73527','57964','15830','40928',
                          '55729','27117','39356','72922','84289',
                          '26675','12069','22027','50093','44857',
                          '30103','70241','68140','72585','99437',
                          '53077','35451','37172','39583','86759',
                          '93298','93433','66551','26591','11287',
                          '59688','14429','75544','69366','30119',
                          '65608','44629','27682','83614','10446',
                          '27350','50281','48088','97911','11690',
                          '27498','90273','41685','46573','27627',
                          '17229','10401','59548','48680','19697',
                          '10485','76543','11964','48384','54348',
                          '95342','57943','23868','58303','17708',
                          '54996','98594','38120','50641','12093',
                          '76984','77376','22103','55019','33891',
                          '18306','19024','91573','10625','56261',
                          '69665','31682','69302','31497','74419',
                          '93944','99076','16382','95055','77114',
                          '24158','61945','26241','74791','78416',
                          '44724','39572','97717','15200','26697',
                          '32686','78094','67870','11515','28871',
                          '44262','69847','32765','55626','80364',
                          '59857','52936','47877','22564','69830',
                          '33048','49616','19924','89233','35569',
                          '92727','11901','23110','63686','87708',
                          '12178','27128','59920','66334','46470',
                          '90462','64772','53046','87835','16420',
                          '99062','74293','64562','28573','12273',
                          '26689','58128','41408','17618','21503',
                          '37173','32395','52673','40339','79438',
                          '23168','72688','17504','93443','46636',
                          '37034','28479','58627','67121','13632',
                          '36814','63791','53362','95708','57248',
                          '34165','96316','32023','91304','24944',
                          '90435','13999','16321','31020','79609',
                          '63811','63703','40429','39076','67638',
                          '33395','64373','97571','82756','57663',
                          '82683','16374','18965','92438','76378',
                          '29207','97018','80822','23686','57770',
                          '79166','49987','24041','60622','57771',
                          '41022','44090','62000','64016','86964',
                          '87108','84707','33171','10964','27929',
                          '45498','98815','19406','15269','55484',
                          '42691','27652','83440','25385','38233',
                          '43114','57646','10770','27127','25647',
                          '78681','28265','92392','13741','25651',
                          '58086','33886','23393','65238','46748',
                          '51094','48882','68896','88961','73662',
                          '63870','39556','18218','92058','14212',
                          '60072','11223','93151','18924','68973',
                          '60075','28769','85193','44224','12961',
                          '36134','98638','59755','79019','37469',
                          '64237','64287','61301','48866','41081',
                          '49555','66942','62006','68868','15306',
                          '53445','69650','51104','43016','47914',
                          '30155','54505','64536','23133','45626',
                          '47422','30091','18796','36359','47809',
                          '56240','85237','99475','69543','44036',
                          '74679','82759','71308','70120','87305',
                          '19385','65457','24938','35747','81128',
                          '16802','71210','31651','73738','35049',
                          '38587','20398','70299','45586','18108',
                          '20635','19400','42244','95303','43304',
                          '25508','34363','96635','64222','90642',
                          '68947','97800','57706','15873','48058',
                          '31457','54888','16308','10094','74486',
                          '25223','77897','82298','67204','90513',
                          '61850','40834','74807','43957','17890',
                          '11440','33079','92909','49293','67626',
                          '40418','16241','67635','13736','36668',
                          '16070','11934','60770','13258','65919',
                          '70095','39699','10663','42596','79779',
                          '24064','33504','85203','55446','48748',
                          '99918','36406','49613','24653','40802',
                          '13796','12910','65366','88732','43359',
                          '42415','75571','14668','24160','50066',
                          '85761','91615','34844','90905','24577',
                          '38096','34101','34903','36165')
     intersect
      select ca_zip
      from (SELECT substr(ca_zip,1,5) ca_zip,count(*) cnt
            FROM customer_address, customer
            WHERE ca_address_sk = c_current_addr_sk and
                  c_preferred_cust_flag='Y'
            group by ca_zip
            having count(*) > 10)A1)A2) V1
 where ss_store_sk = s_store_sk
  and ss_sold_date_sk = d_date_sk
  and d_qoy = 1 and d_year = 2000
  and (substr(s_zip,1,2) = substr(V1.ca_zip,1,2))
 group by s_store_name
 order by s_store_name
 limit 100;
psql:/tmp/s1-basline/power/query_0.sql:503: NOTICE:  duration: 130.176 ms  plan:
Query Text: select  s_store_name
      ,sum(ss_net_profit)
 from store_sales
     ,date_dim
     ,store,
     (select ca_zip
     from (
      SELECT substr(ca_zip,1,5) ca_zip
      FROM customer_address
      WHERE substr(ca_zip,1,5) IN (
                          '23062','41757','72089','27384','61337','39420',
                          '36196','13005','42881','55393','30074',
                          '76695','73527','57964','15830','40928',
                          '55729','27117','39356','72922','84289',
                          '26675','12069','22027','50093','44857',
                          '30103','70241','68140','72585','99437',
                          '53077','35451','37172','39583','86759',
                          '93298','93433','66551','26591','11287',
                          '59688','14429','75544','69366','30119',
                          '65608','44629','27682','83614','10446',
                          '27350','50281','48088','97911','11690',
                          '27498','90273','41685','46573','27627',
                          '17229','10401','59548','48680','19697',
                          '10485','76543','11964','48384','54348',
                          '95342','57943','23868','58303','17708',
                          '54996','98594','38120','50641','12093',
                          '76984','77376','22103','55019','33891',
                          '18306','19024','91573','10625','56261',
                          '69665','31682','69302','31497','74419',
                          '93944','99076','16382','95055','77114',
                          '24158','61945','26241','74791','78416',
                          '44724','39572','97717','15200','26697',
                          '32686','78094','67870','11515','28871',
                          '44262','69847','32765','55626','80364',
                          '59857','52936','47877','22564','69830',
                          '33048','49616','19924','89233','35569',
                          '92727','11901','23110','63686','87708',
                          '12178','27128','59920','66334','46470',
                          '90462','64772','53046','87835','16420',
                          '99062','74293','64562','28573','12273',
                          '26689','58128','41408','17618','21503',
                          '37173','32395','52673','40339','79438',
                          '23168','72688','17504','93443','46636',
                          '37034','28479','58627','67121','13632',
                          '36814','63791','53362','95708','57248',
                          '34165','96316','32023','91304','24944',
                          '90435','13999','16321','31020','79609',
                          '63811','63703','40429','39076','67638',
                          '33395','64373','97571','82756','57663',
                          '82683','16374','18965','92438','76378',
                          '29207','97018','80822','23686','57770',
                          '79166','49987','24041','60622','57771',
                          '41022','44090','62000','64016','86964',
                          '87108','84707','33171','10964','27929',
                          '45498','98815','19406','15269','55484',
                          '42691','27652','83440','25385','38233',
                          '43114','57646','10770','27127','25647',
                          '78681','28265','92392','13741','25651',
                          '58086','33886','23393','65238','46748',
                          '51094','48882','68896','88961','73662',
                          '63870','39556','18218','92058','14212',
                          '60072','11223','93151','18924','68973',
                          '60075','28769','85193','44224','12961',
                          '36134','98638','59755','79019','37469',
                          '64237','64287','61301','48866','41081',
                          '49555','66942','62006','68868','15306',
                          '53445','69650','51104','43016','47914',
                          '30155','54505','64536','23133','45626',
                          '47422','30091','18796','36359','47809',
                          '56240','85237','99475','69543','44036',
                          '74679','82759','71308','70120','87305',
                          '19385','65457','24938','35747','81128',
                          '16802','71210','31651','73738','35049',
                          '38587','20398','70299','45586','18108',
                          '20635','19400','42244','95303','43304',
                          '25508','34363','96635','64222','90642',
                          '68947','97800','57706','15873','48058',
                          '31457','54888','16308','10094','74486',
                          '25223','77897','82298','67204','90513',
                          '61850','40834','74807','43957','17890',
                          '11440','33079','92909','49293','67626',
                          '40418','16241','67635','13736','36668',
                          '16070','11934','60770','13258','65919',
                          '70095','39699','10663','42596','79779',
                          '24064','33504','85203','55446','48748',
                          '99918','36406','49613','24653','40802',
                          '13796','12910','65366','88732','43359',
                          '42415','75571','14668','24160','50066',
                          '85761','91615','34844','90905','24577',
                          '38096','34101','34903','36165')
     intersect
      select ca_zip
      from (SELECT substr(ca_zip,1,5) ca_zip,count(*) cnt
            FROM customer_address, customer
            WHERE ca_address_sk = c_current_addr_sk and
                  c_preferred_cust_flag='Y'
            group by ca_zip
            having count(*) > 10)A1)A2) V1
 where ss_store_sk = s_store_sk
  and ss_sold_date_sk = d_date_sk
  and d_qoy = 1 and d_year = 2000
  and (substr(s_zip,1,2) = substr(V1.ca_zip,1,2))
 group by s_store_name
 order by s_store_name
 limit 100;
Limit  (cost=95495.52..95520.10 rows=9 width=13) (actual time=130.165..130.174 rows=0 loops=1)
  ->  GroupAggregate  (cost=95495.52..95520.10 rows=9 width=13) (actual time=130.165..130.173 rows=0 loops=1)
        Group Key: store.s_store_name
        ->  Sort  (cost=95495.52..95503.68 rows=3266 width=13) (actual time=130.164..130.172 rows=0 loops=1)
              Sort Key: store.s_store_name
              Sort Method: quicksort  Memory: 25kB
              ->  Nested Loop  (cost=7043.81..95304.89 rows=3266 width=13) (actual time=130.160..130.168 rows=0 loops=1)
                    Join Filter: (store_sales.ss_store_sk = store.s_store_sk)
                    ->  Nested Loop  (cost=0.43..84387.88 rows=3425 width=16) (actual time=4.525..46.816 rows=84327 loops=1)
                          ->  Seq Scan on date_dim  (cost=0.00..2500.73 rows=91 width=8) (actual time=4.511..9.893 rows=91 loops=1)
                                Filter: ((d_qoy = 1) AND (d_year = 2000))
                                Rows Removed by Filter: 72958
                          ->  Index Scan using i_ss_sold_date_sk on store_sales  (cost=0.43..884.78 rows=1508 width=24) (actual time=0.005..0.231 rows=927 loops=91)
                                Index Cond: (ss_sold_date_sk = date_dim.d_date_sk)
                    ->  Materialize  (cost=7043.38..10300.54 rows=12 width=13) (actual time=0.001..0.001 rows=0 loops=84327)
                          ->  Nested Loop  (cost=7043.38..10300.48 rows=12 width=13) (actual time=73.168..73.175 rows=0 loops=1)
                                Join Filter: (substr((store.s_zip)::text, 1, 2) = substr(a2.ca_zip, 1, 2))
                                Rows Removed by Join Filter: 60
                                ->  Index Scan using pk_store on store  (cost=0.14..3.62 rows=12 width=24) (actual time=0.001..0.006 rows=12 loops=1)
                                ->  Materialize  (cost=7043.25..10243.36 rows=200 width=32) (actual time=6.092..6.095 rows=5 loops=12)
                                      ->  Subquery Scan on a2  (cost=7043.25..10242.36 rows=200 width=32) (actual time=73.103..73.136 rows=5 loops=1)
                                            ->  HashSetOp Intersect  (cost=7043.25..10240.36 rows=200 width=36) (actual time=73.102..73.133 rows=5 loops=1)
                                                  ->  Append  (cost=7043.25..10129.53 rows=44333 width=36) (actual time=53.534..72.888 rows=1246 loops=1)
                                                        ->  Subquery Scan on "*SELECT* 2"  (cost=7043.25..7109.86 rows=1066 width=36) (actual time=53.533..54.180 rows=951 loops=1)
                                                              ->  Subquery Scan on a1  (cost=7043.25..7099.20 rows=1066 width=32) (actual time=53.532..54.110 rows=951 loops=1)
                                                                    ->  HashAggregate  (cost=7043.25..7088.54 rows=1066 width=51) (actual time=53.532..54.041 rows=951 loops=1)
                                                                          Group Key: customer_address.ca_zip
                                                                          Filter: (count(*) > 10)
                                                                          Batches: 1  Memory Usage: 369kB
                                                                          Rows Removed by Filter: 2220
                                                                          ->  Hash Join  (cost=2273.00..6807.68 rows=47113 width=11) (actual time=14.082..44.704 rows=47301 loops=1)
                                                                                Hash Cond: (customer.c_current_addr_sk = customer_address.ca_address_sk)
                                                                                ->  Seq Scan on customer  (cost=0.00..4411.00 rows=47113 width=8) (actual time=0.005..22.340 rows=47301 loops=1)
                                                                                      Filter: (c_preferred_cust_flag = 'Y'::bpchar)
                                                                                      Rows Removed by Filter: 52699
                                                                                ->  Hash  (cost=1648.00..1648.00 rows=50000 width=19) (actual time=14.062..14.063 rows=50000 loops=1)
                                                                                      Buckets: 65536  Batches: 1  Memory Usage: 3223kB
                                                                                      ->  Seq Scan on customer_address  (cost=0.00..1648.00 rows=50000 width=19) (actual time=0.002..7.749 rows=50000 loops=1)
                                                        ->  Subquery Scan on "*SELECT* 1"  (cost=1.00..2798.01 rows=43267 width=36) (actual time=0.116..18.631 rows=295 loops=1)
                                                              ->  Seq Scan on customer_address customer_address_1  (cost=1.00..2365.34 rows=43267 width=32) (actual time=0.115..18.603 rows=295 loops=1)
                                                                    Filter: (substr((ca_zip)::text, 1, 5) = ANY ('{23062,41757,72089,27384,61337,39420,36196,13005,42881,55393,30074,76695,73527,57964,15830,40928,55729,27117,39356,72922,84289,26675,12069,22027,50093,44857,30103,70241,68140,72585,99437,53077,35451,37172,39583,86759,93298,93433,66551,26591,11287,59688,14429,75544,69366,30119,65608,44629,27682,83614,10446,27350,50281,48088,97911,11690,27498,90273,41685,46573,27627,17229,10401,59548,48680,19697,10485,76543,11964,48384,54348,95342,57943,23868,58303,17708,54996,98594,38120,50641,12093,76984,77376,22103,55019,33891,18306,19024,91573,10625,56261,69665,31682,69302,31497,74419,93944,99076,16382,95055,77114,24158,61945,26241,74791,78416,44724,39572,97717,15200,26697,32686,78094,67870,11515,28871,44262,69847,32765,55626,80364,59857,52936,47877,22564,69830,33048,49616,19924,89233,35569,92727,11901,23110,63686,87708,12178,27128,59920,66334,46470,90462,64772,53046,87835,16420,99062,74293,64562,28573,12273,26689,58128,41408,17618,21503,37173,32395,52673,40339,79438,23168,72688,17504,93443,46636,37034,28479,58627,67121,13632,36814,63791,53362,95708,57248,34165,96316,32023,91304,24944,90435,13999,16321,31020,79609,63811,63703,40429,39076,67638,33395,64373,97571,82756,57663,82683,16374,18965,92438,76378,29207,97018,80822,23686,57770,79166,49987,24041,60622,57771,41022,44090,62000,64016,86964,87108,84707,33171,10964,27929,45498,98815,19406,15269,55484,42691,27652,83440,25385,38233,43114,57646,10770,27127,25647,78681,28265,92392,13741,25651,58086,33886,23393,65238,46748,51094,48882,68896,88961,73662,63870,39556,18218,92058,14212,60072,11223,93151,18924,68973,60075,28769,85193,44224,12961,36134,98638,59755,79019,37469,64237,64287,61301,48866,41081,49555,66942,62006,68868,15306,53445,69650,51104,43016,47914,30155,54505,64536,23133,45626,47422,30091,18796,36359,47809,56240,85237,99475,69543,44036,74679,82759,71308,70120,87305,19385,65457,24938,35747,81128,16802,71210,31651,73738,35049,38587,20398,70299,45586,18108,20635,19400,42244,95303,43304,25508,34363,96635,64222,90642,68947,97800,57706,15873,48058,31457,54888,16308,10094,74486,25223,77897,82298,67204,90513,61850,40834,74807,43957,17890,11440,33079,92909,49293,67626,40418,16241,67635,13736,36668,16070,11934,60770,13258,65919,70095,39699,10663,42596,79779,24064,33504,85203,55446,48748,99918,36406,49613,24653,40802,13796,12910,65366,88732,43359,42415,75571,14668,24160,50066,85761,91615,34844,90905,24577,38096,34101,34903,36165}'::text[]))
                                                                    Rows Removed by Filter: 49705
 s_store_name | sum 
--------------+-----
(0 rows)

UPDATE time_statistics SET e_time = TRANSACTION_TIMESTAMP() WHERE template = 'query8.tpl' AND stream = 0;
psql:/tmp/s1-basline/power/query_0.sql:505: NOTICE:  duration: 0.027 ms  plan:
Query Text: UPDATE time_statistics SET e_time = TRANSACTION_TIMESTAMP() WHERE template = 'query8.tpl' AND stream = 0;
Update on time_statistics  (cost=0.00..28.15 rows=0 width=0) (actual time=0.026..0.026 rows=0 loops=1)
  ->  Seq Scan on time_statistics  (cost=0.00..28.15 rows=1 width=14) (actual time=0.011..0.012 rows=1 loops=1)
        Filter: ((template = 'query8.tpl'::text) AND (stream = 0))
        Rows Removed by Filter: 8
UPDATE 1
LOAD 'auto_explain'; SET auto_explain.log_min_duration TO 0; SET auto_explain.log_analyze TO on; SET auto_explain.log_level TO notice; INSERT INTO time_statistics (template, s_time, stream, query, seed) VALUES ('query9.tpl', TRANSACTION_TIMESTAMP(), 0, 9, 784906943);
LOAD
SET
SET
SET
psql:/tmp/s1-basline/power/query_0.sql:506: NOTICE:  duration: 0.009 ms  plan:
Query Text: INSERT INTO time_statistics (template, s_time, stream, query, seed) VALUES ('query9.tpl', TRANSACTION_TIMESTAMP(), 0, 9, 784906943);
Insert on time_statistics  (cost=0.00..0.01 rows=0 width=0) (actual time=0.008..0.008 rows=0 loops=1)
  ->  Result  (cost=0.00..0.01 rows=1 width=64) (actual time=0.001..0.001 rows=1 loops=1)
INSERT 0 1
select case when (select count(*) 
                  from store_sales 
                  where ss_quantity between 1 and 20) > 979
            then (select avg(ss_ext_tax) 
                  from store_sales 
                  where ss_quantity between 1 and 20) 
            else (select avg(ss_net_paid_inc_tax)
                  from store_sales
                  where ss_quantity between 1 and 20) end bucket1 ,
       case when (select count(*)
                  from store_sales
                  where ss_quantity between 21 and 40) > 36634
            then (select avg(ss_ext_tax)
                  from store_sales
                  where ss_quantity between 21 and 40) 
            else (select avg(ss_net_paid_inc_tax)
                  from store_sales
                  where ss_quantity between 21 and 40) end bucket2,
       case when (select count(*)
                  from store_sales
                  where ss_quantity between 41 and 60) > 23747
            then (select avg(ss_ext_tax)
                  from store_sales
                  where ss_quantity between 41 and 60)
            else (select avg(ss_net_paid_inc_tax)
                  from store_sales
                  where ss_quantity between 41 and 60) end bucket3,
       case when (select count(*)
                  from store_sales
                  where ss_quantity between 61 and 80) > 45028
            then (select avg(ss_ext_tax)
                  from store_sales
                  where ss_quantity between 61 and 80)
            else (select avg(ss_net_paid_inc_tax)
                  from store_sales
                  where ss_quantity between 61 and 80) end bucket4,
       case when (select count(*)
                  from store_sales
                  where ss_quantity between 81 and 100) > 33788
            then (select avg(ss_ext_tax)
                  from store_sales
                  where ss_quantity between 81 and 100)
            else (select avg(ss_net_paid_inc_tax)
                  from store_sales
                  where ss_quantity between 81 and 100) end bucket5
from reason
where r_reason_sk = 1
;
psql:/tmp/s1-basline/power/query_0.sql:554: NOTICE:  duration: 2281.675 ms  plan:
Query Text: select case when (select count(*) 
                  from store_sales 
                  where ss_quantity between 1 and 20) > 979
            then (select avg(ss_ext_tax) 
                  from store_sales 
                  where ss_quantity between 1 and 20) 
            else (select avg(ss_net_paid_inc_tax)
                  from store_sales
                  where ss_quantity between 1 and 20) end bucket1 ,
       case when (select count(*)
                  from store_sales
                  where ss_quantity between 21 and 40) > 36634
            then (select avg(ss_ext_tax)
                  from store_sales
                  where ss_quantity between 21 and 40) 
            else (select avg(ss_net_paid_inc_tax)
                  from store_sales
                  where ss_quantity between 21 and 40) end bucket2,
       case when (select count(*)
                  from store_sales
                  where ss_quantity between 41 and 60) > 23747
            then (select avg(ss_ext_tax)
                  from store_sales
                  where ss_quantity between 41 and 60)
            else (select avg(ss_net_paid_inc_tax)
                  from store_sales
                  where ss_quantity between 41 and 60) end bucket3,
       case when (select count(*)
                  from store_sales
                  where ss_quantity between 61 and 80) > 45028
            then (select avg(ss_ext_tax)
                  from store_sales
                  where ss_quantity between 61 and 80)
            else (select avg(ss_net_paid_inc_tax)
                  from store_sales
                  where ss_quantity between 61 and 80) end bucket4,
       case when (select count(*)
                  from store_sales
                  where ss_quantity between 81 and 100) > 33788
            then (select avg(ss_ext_tax)
                  from store_sales
                  where ss_quantity between 81 and 100)
            else (select avg(ss_net_paid_inc_tax)
                  from store_sales
                  where ss_quantity between 81 and 100) end bucket5
from reason
where r_reason_sk = 1
;
Seq Scan on reason  (cost=1390366.58..1390368.03 rows=1 width=40) (actual time=2210.184..2281.665 rows=1 loops=1)
  Filter: (r_reason_sk = 1)
  Rows Removed by Filter: 34
  InitPlan 1 (returns $1)
    ->  Finalize Aggregate  (cost=92696.93..92696.94 rows=1 width=8) (actual time=211.720..211.850 rows=1 loops=1)
          ->  Gather  (cost=92696.72..92696.93 rows=2 width=8) (actual time=211.617..211.845 rows=3 loops=1)
                Workers Planned: 2
                Workers Launched: 2
                ->  Partial Aggregate  (cost=91696.72..91696.73 rows=1 width=8) (actual time=207.551..207.552 rows=1 loops=3)
                      ->  Parallel Seq Scan on store_sales  (cost=0.00..91119.23 rows=230996 width=0) (actual time=0.019..199.704 rows=183234 loops=3)
                            Filter: ((ss_quantity >= 1) AND (ss_quantity <= 20))
                            Rows Removed by Filter: 776075
  InitPlan 2 (returns $3)
    ->  Finalize Aggregate  (cost=92696.93..92696.94 rows=1 width=8) (actual time=230.718..230.793 rows=1 loops=1)
          ->  Gather  (cost=92696.72..92696.93 rows=2 width=32) (actual time=230.619..230.786 rows=3 loops=1)
                Workers Planned: 2
                Workers Launched: 2
                ->  Partial Aggregate  (cost=91696.72..91696.73 rows=1 width=32) (actual time=226.769..226.770 rows=1 loops=3)
                      ->  Parallel Seq Scan on store_sales store_sales_1  (cost=0.00..91119.23 rows=230996 width=8) (actual time=0.020..207.898 rows=183234 loops=3)
                            Filter: ((ss_quantity >= 1) AND (ss_quantity <= 20))
                            Rows Removed by Filter: 776075
  InitPlan 3 (returns $5)
    ->  Finalize Aggregate  (cost=92696.93..92696.94 rows=1 width=8) (never executed)
          ->  Gather  (cost=92696.72..92696.93 rows=2 width=32) (never executed)
                Workers Planned: 2
                Workers Launched: 0
                ->  Partial Aggregate  (cost=91696.72..91696.73 rows=1 width=32) (never executed)
                      ->  Parallel Seq Scan on store_sales store_sales_2  (cost=0.00..91119.23 rows=230996 width=8) (never executed)
                            Filter: ((ss_quantity >= 1) AND (ss_quantity <= 20))
  InitPlan 4 (returns $7)
    ->  Finalize Aggregate  (cost=92703.62..92703.63 rows=1 width=8) (actual time=214.019..214.090 rows=1 loops=1)
          ->  Gather  (cost=92703.41..92703.62 rows=2 width=8) (actual time=213.918..214.084 rows=3 loops=1)
                Workers Planned: 2
                Workers Launched: 2
                ->  Partial Aggregate  (cost=91703.41..91703.42 rows=1 width=8) (actual time=209.715..209.716 rows=1 loops=3)
                      ->  Parallel Seq Scan on store_sales store_sales_3  (cost=0.00..91119.23 rows=233674 width=0) (actual time=0.021..201.811 rows=183388 loops=3)
                            Filter: ((ss_quantity >= 21) AND (ss_quantity <= 40))
                            Rows Removed by Filter: 775921
  InitPlan 5 (returns $9)
    ->  Finalize Aggregate  (cost=92703.63..92703.64 rows=1 width=8) (actual time=230.465..230.533 rows=1 loops=1)
          ->  Gather  (cost=92703.41..92703.62 rows=2 width=32) (actual time=230.370..230.526 rows=3 loops=1)
                Workers Planned: 2
                Workers Launched: 2
                ->  Partial Aggregate  (cost=91703.41..91703.42 rows=1 width=32) (actual time=226.219..226.220 rows=1 loops=3)
                      ->  Parallel Seq Scan on store_sales store_sales_4  (cost=0.00..91119.23 rows=233674 width=8) (actual time=0.019..207.456 rows=183388 loops=3)
                            Filter: ((ss_quantity >= 21) AND (ss_quantity <= 40))
                            Rows Removed by Filter: 775921
  InitPlan 6 (returns $11)
    ->  Finalize Aggregate  (cost=92703.63..92703.64 rows=1 width=8) (never executed)
          ->  Gather  (cost=92703.41..92703.62 rows=2 width=32) (never executed)
                Workers Planned: 2
                Workers Launched: 0
                ->  Partial Aggregate  (cost=91703.41..91703.42 rows=1 width=32) (never executed)
                      ->  Parallel Seq Scan on store_sales store_sales_5  (cost=0.00..91119.23 rows=233674 width=8) (never executed)
                            Filter: ((ss_quantity >= 21) AND (ss_quantity <= 40))
  InitPlan 7 (returns $13)
    ->  Finalize Aggregate  (cost=92690.74..92690.74 rows=1 width=8) (actual time=215.005..215.066 rows=1 loops=1)
          ->  Gather  (cost=92690.52..92690.73 rows=2 width=8) (actual time=214.902..215.061 rows=3 loops=1)
                Workers Planned: 2
                Workers Launched: 2
                ->  Partial Aggregate  (cost=91690.52..91690.53 rows=1 width=8) (actual time=210.637..210.638 rows=1 loops=3)
                      ->  Parallel Seq Scan on store_sales store_sales_6  (cost=0.00..91119.23 rows=228518 width=0) (actual time=0.019..202.777 rows=183520 loops=3)
                            Filter: ((ss_quantity >= 41) AND (ss_quantity <= 60))
                            Rows Removed by Filter: 775789
  InitPlan 8 (returns $15)
    ->  Finalize Aggregate  (cost=92690.74..92690.75 rows=1 width=8) (actual time=231.766..231.825 rows=1 loops=1)
          ->  Gather  (cost=92690.52..92690.73 rows=2 width=32) (actual time=231.663..231.818 rows=3 loops=1)
                Workers Planned: 2
                Workers Launched: 2
                ->  Partial Aggregate  (cost=91690.52..91690.53 rows=1 width=32) (actual time=227.537..227.538 rows=1 loops=3)
                      ->  Parallel Seq Scan on store_sales store_sales_7  (cost=0.00..91119.23 rows=228518 width=8) (actual time=0.019..208.632 rows=183520 loops=3)
                            Filter: ((ss_quantity >= 41) AND (ss_quantity <= 60))
                            Rows Removed by Filter: 775789
  InitPlan 9 (returns $17)
    ->  Finalize Aggregate  (cost=92690.74..92690.75 rows=1 width=8) (never executed)
          ->  Gather  (cost=92690.52..92690.73 rows=2 width=32) (never executed)
                Workers Planned: 2
                Workers Launched: 0
                ->  Partial Aggregate  (cost=91690.52..91690.53 rows=1 width=32) (never executed)
                      ->  Parallel Seq Scan on store_sales store_sales_8  (cost=0.00..91119.23 rows=228518 width=8) (never executed)
                            Filter: ((ss_quantity >= 41) AND (ss_quantity <= 60))
  InitPlan 10 (returns $19)
    ->  Finalize Aggregate  (cost=92671.75..92671.76 rows=1 width=8) (actual time=212.697..212.766 rows=1 loops=1)
          ->  Gather  (cost=92671.53..92671.74 rows=2 width=8) (actual time=212.595..212.760 rows=3 loops=1)
                Workers Planned: 2
                Workers Launched: 2
                ->  Partial Aggregate  (cost=91671.53..91671.54 rows=1 width=8) (actual time=208.277..208.278 rows=1 loops=3)
                      ->  Parallel Seq Scan on store_sales store_sales_9  (cost=0.00..91119.23 rows=220923 width=0) (actual time=0.019..200.411 rows=182983 loops=3)
                            Filter: ((ss_quantity >= 61) AND (ss_quantity <= 80))
                            Rows Removed by Filter: 776326
  InitPlan 11 (returns $21)
    ->  Finalize Aggregate  (cost=92671.75..92671.76 rows=1 width=8) (actual time=230.518..230.579 rows=1 loops=1)
          ->  Gather  (cost=92671.53..92671.74 rows=2 width=32) (actual time=230.418..230.573 rows=3 loops=1)
                Workers Planned: 2
                Workers Launched: 2
                ->  Partial Aggregate  (cost=91671.53..91671.54 rows=1 width=32) (actual time=226.364..226.365 rows=1 loops=3)
                      ->  Parallel Seq Scan on store_sales store_sales_10  (cost=0.00..91119.23 rows=220923 width=8) (actual time=0.018..207.644 rows=182983 loops=3)
                            Filter: ((ss_quantity >= 61) AND (ss_quantity <= 80))
                            Rows Removed by Filter: 776326
  InitPlan 12 (returns $23)
    ->  Finalize Aggregate  (cost=92671.75..92671.76 rows=1 width=8) (never executed)
          ->  Gather  (cost=92671.53..92671.74 rows=2 width=32) (never executed)
                Workers Planned: 2
                Workers Launched: 0
                ->  Partial Aggregate  (cost=91671.53..91671.54 rows=1 width=32) (never executed)
                      ->  Parallel Seq Scan on store_sales store_sales_11  (cost=0.00..91119.23 rows=220923 width=8) (never executed)
                            Filter: ((ss_quantity >= 61) AND (ss_quantity <= 80))
  InitPlan 13 (returns $25)
    ->  Finalize Aggregate  (cost=92692.43..92692.44 rows=1 width=8) (actual time=207.449..207.509 rows=1 loops=1)
          ->  Gather  (cost=92692.22..92692.43 rows=2 width=8) (actual time=207.346..207.504 rows=3 loops=1)
                Workers Planned: 2
                Workers Launched: 2
                ->  Partial Aggregate  (cost=91692.22..91692.23 rows=1 width=8) (actual time=203.245..203.246 rows=1 loops=3)
                      ->  Parallel Seq Scan on store_sales store_sales_12  (cost=0.00..91119.23 rows=229197 width=0) (actual time=0.020..195.442 rows=182937 loops=3)
                            Filter: ((ss_quantity >= 81) AND (ss_quantity <= 100))
                            Rows Removed by Filter: 776373
  InitPlan 14 (returns $27)
    ->  Finalize Aggregate  (cost=92692.43..92692.44 rows=1 width=8) (actual time=225.802..296.619 rows=1 loops=1)
          ->  Gather  (cost=92692.22..92692.43 rows=2 width=32) (actual time=225.708..296.613 rows=3 loops=1)
                Workers Planned: 2
                Workers Launched: 2
                ->  Partial Aggregate  (cost=91692.22..91692.23 rows=1 width=32) (actual time=221.415..221.416 rows=1 loops=3)
                      ->  Parallel Seq Scan on store_sales store_sales_13  (cost=0.00..91119.23 rows=229197 width=8) (actual time=0.020..202.575 rows=182937 loops=3)
                            Filter: ((ss_quantity >= 81) AND (ss_quantity <= 100))
                            Rows Removed by Filter: 776373
  InitPlan 15 (returns $29)
    ->  Finalize Aggregate  (cost=92692.43..92692.44 rows=1 width=8) (never executed)
          ->  Gather  (cost=92692.22..92692.43 rows=2 width=32) (never executed)
                Workers Planned: 2
                Workers Launched: 0
                ->  Partial Aggregate  (cost=91692.22..91692.23 rows=1 width=32) (never executed)
                      ->  Parallel Seq Scan on store_sales store_sales_14  (cost=0.00..91119.23 rows=229197 width=8) (never executed)
                            Filter: ((ss_quantity >= 81) AND (ss_quantity <= 100))
      bucket1       |      bucket2      |      bucket3      |      bucket4       |      bucket5       
--------------------+-------------------+-------------------+--------------------+--------------------
 16.057807436416685 | 46.82215650914907 | 77.42779294356686 | 108.15821971612279 | 138.59876445671762
(1 row)

UPDATE time_statistics SET e_time = TRANSACTION_TIMESTAMP() WHERE template = 'query9.tpl' AND stream = 0;
psql:/tmp/s1-basline/power/query_0.sql:556: NOTICE:  duration: 0.026 ms  plan:
Query Text: UPDATE time_statistics SET e_time = TRANSACTION_TIMESTAMP() WHERE template = 'query9.tpl' AND stream = 0;
Update on time_statistics  (cost=0.00..28.15 rows=0 width=0) (actual time=0.026..0.026 rows=0 loops=1)
  ->  Seq Scan on time_statistics  (cost=0.00..28.15 rows=1 width=14) (actual time=0.012..0.012 rows=1 loops=1)
        Filter: ((template = 'query9.tpl'::text) AND (stream = 0))
        Rows Removed by Filter: 9
UPDATE 1
LOAD 'auto_explain'; SET auto_explain.log_min_duration TO 0; SET auto_explain.log_analyze TO on; SET auto_explain.log_level TO notice; INSERT INTO time_statistics (template, s_time, stream, query, seed) VALUES ('query10.tpl', TRANSACTION_TIMESTAMP(), 0, 10, 812917941);
LOAD
SET
SET
SET
psql:/tmp/s1-basline/power/query_0.sql:557: NOTICE:  duration: 0.008 ms  plan:
Query Text: INSERT INTO time_statistics (template, s_time, stream, query, seed) VALUES ('query10.tpl', TRANSACTION_TIMESTAMP(), 0, 10, 812917941);
Insert on time_statistics  (cost=0.00..0.01 rows=0 width=0) (actual time=0.008..0.008 rows=0 loops=1)
  ->  Result  (cost=0.00..0.01 rows=1 width=64) (actual time=0.001..0.001 rows=1 loops=1)
INSERT 0 1
select  
  cd_gender,
  cd_marital_status,
  cd_education_status,
  count(*) cnt1,
  cd_purchase_estimate,
  count(*) cnt2,
  cd_credit_rating,
  count(*) cnt3,
  cd_dep_count,
  count(*) cnt4,
  cd_dep_employed_count,
  count(*) cnt5,
  cd_dep_college_count,
  count(*) cnt6
 from
  customer c,customer_address ca,customer_demographics
 where
  c.c_current_addr_sk = ca.ca_address_sk and
  ca_county in ('Madison County','Mason County','Chesapeake city','Hamilton County','Wadena County') and
  cd_demo_sk = c.c_current_cdemo_sk and 
  exists (select *
          from store_sales,date_dim
          where c.c_customer_sk = ss_customer_sk and
                ss_sold_date_sk = d_date_sk and
                d_year = 2002 and
                d_moy between 3 and 3+3) and
   (exists (select *
            from web_sales,date_dim
            where c.c_customer_sk = ws_bill_customer_sk and
                  ws_sold_date_sk = d_date_sk and
                  d_year = 2002 and
                  d_moy between 3 ANd 3+3) or 
    exists (select * 
            from catalog_sales,date_dim
            where c.c_customer_sk = cs_ship_customer_sk and
                  cs_sold_date_sk = d_date_sk and
                  d_year = 2002 and
                  d_moy between 3 and 3+3))
 group by cd_gender,
          cd_marital_status,
          cd_education_status,
          cd_purchase_estimate,
          cd_credit_rating,
          cd_dep_count,
          cd_dep_employed_count,
          cd_dep_college_count
 order by cd_gender,
          cd_marital_status,
          cd_education_status,
          cd_purchase_estimate,
          cd_credit_rating,
          cd_dep_count,
          cd_dep_employed_count,
          cd_dep_college_count
limit 100;
psql:/tmp/s1-basline/power/query_0.sql:613: NOTICE:  duration: 8537.848 ms  plan:
Query Text: select  
  cd_gender,
  cd_marital_status,
  cd_education_status,
  count(*) cnt1,
  cd_purchase_estimate,
  count(*) cnt2,
  cd_credit_rating,
  count(*) cnt3,
  cd_dep_count,
  count(*) cnt4,
  cd_dep_employed_count,
  count(*) cnt5,
  cd_dep_college_count,
  count(*) cnt6
 from
  customer c,customer_address ca,customer_demographics
 where
  c.c_current_addr_sk = ca.ca_address_sk and
  ca_county in ('Madison County','Mason County','Chesapeake city','Hamilton County','Wadena County') and
  cd_demo_sk = c.c_current_cdemo_sk and 
  exists (select *
          from store_sales,date_dim
          where c.c_customer_sk = ss_customer_sk and
                ss_sold_date_sk = d_date_sk and
                d_year = 2002 and
                d_moy between 3 and 3+3) and
   (exists (select *
            from web_sales,date_dim
            where c.c_customer_sk = ws_bill_customer_sk and
                  ws_sold_date_sk = d_date_sk and
                  d_year = 2002 and
                  d_moy between 3 ANd 3+3) or 
    exists (select * 
            from catalog_sales,date_dim
            where c.c_customer_sk = cs_ship_customer_sk and
                  cs_sold_date_sk = d_date_sk and
                  d_year = 2002 and
                  d_moy between 3 and 3+3))
 group by cd_gender,
          cd_marital_status,
          cd_education_status,
          cd_purchase_estimate,
          cd_credit_rating,
          cd_dep_count,
          cd_dep_employed_count,
          cd_dep_college_count
 order by cd_gender,
          cd_marital_status,
          cd_education_status,
          cd_purchase_estimate,
          cd_credit_rating,
          cd_dep_count,
          cd_dep_employed_count,
          cd_dep_college_count
limit 100;
Limit  (cost=261115.87..179009948.33 rows=36 width=100) (actual time=5703.809..8537.823 rows=7 loops=1)
  ->  GroupAggregate  (cost=261115.87..179009948.33 rows=36 width=100) (actual time=5703.808..8537.820 rows=7 loops=1)
        Group Key: customer_demographics.cd_gender, customer_demographics.cd_marital_status, customer_demographics.cd_education_status, customer_demographics.cd_purchase_estimate, customer_demographics.cd_credit_rating, customer_demographics.cd_dep_count, customer_demographics.cd_dep_employed_count, customer_demographics.cd_dep_college_count
        ->  Nested Loop  (cost=261115.87..179009947.16 rows=36 width=52) (actual time=4837.825..8537.793 rows=7 loops=1)
              Join Filter: (c.c_current_cdemo_sk = customer_demographics.cd_demo_sk)
              Rows Removed by Join Filter: 13445593
              ->  Gather Merge  (cost=172607.60..391522.31 rows=1920800 width=60) (actual time=4481.825..6891.013 rows=1920800 loops=1)
                    Workers Planned: 1
                    Workers Launched: 1
                    ->  Sort  (cost=171607.59..174432.30 rows=1129882 width=60) (actual time=4303.518..5965.309 rows=960400 loops=2)
                          Sort Key: customer_demographics.cd_gender, customer_demographics.cd_marital_status, customer_demographics.cd_education_status, customer_demographics.cd_purchase_estimate, customer_demographics.cd_credit_rating, customer_demographics.cd_dep_count, customer_demographics.cd_dep_employed_count, customer_demographics.cd_dep_college_count
                          Sort Method: external merge  Disk: 73576kB
                          Worker 0:  Sort Method: external merge  Disk: 65576kB
                          ->  Parallel Seq Scan on customer_demographics  (cost=0.00..33127.82 rows=1129882 width=60) (actual time=0.014..156.184 rows=960400 loops=2)
              ->  Materialize  (cost=88508.26..177552380.94 rows=37 width=8) (actual time=0.000..0.000 rows=7 loops=1920800)
                    ->  Nested Loop  (cost=88508.26..177552380.75 rows=37 width=8) (actual time=116.366..131.952 rows=7 loops=1)
                          ->  Nested Loop  (cost=88507.97..177551288.04 rows=3287 width=16) (actual time=111.622..130.167 rows=701 loops=1)
                                ->  HashAggregate  (cost=88507.68..88553.60 rows=4592 width=8) (actual time=57.037..58.354 rows=8626 loops=1)
                                      Group Key: store_sales.ss_customer_sk
                                      Batches: 1  Memory Usage: 913kB
                                      ->  Nested Loop  (cost=0.43..88496.20 rows=4592 width=8) (actual time=4.766..43.702 rows=103334 loops=1)
                                            ->  Seq Scan on date_dim  (cost=0.00..2683.36 rows=122 width=8) (actual time=4.710..9.579 rows=122 loops=1)
                                                  Filter: ((d_moy >= 3) AND (d_moy <= 6) AND (d_year = 2002))
                                                  Rows Removed by Filter: 72927
                                            ->  Index Scan using i_ss_sold_date_sk on store_sales  (cost=0.43..688.30 rows=1508 width=16) (actual time=0.005..0.197 rows=847 loops=122)
                                                  Index Cond: (ss_sold_date_sk = date_dim.d_date_sk)
                                ->  Index Scan using pk_customer on customer c  (cost=0.29..40202.75 rows=1 width=24) (actual time=0.008..0.008 rows=0 loops=8626)
                                      Index Cond: (c_customer_sk = store_sales.ss_customer_sk)
                                      Filter: ((hashed SubPlan 2) OR (hashed SubPlan 4))
                                      Rows Removed by Filter: 1
                                      SubPlan 2
                                        ->  Nested Loop  (cost=0.42..32021.32 rows=1201 width=8) (actual time=4.673..18.700 rows=26276 loops=1)
                                              ->  Seq Scan on date_dim date_dim_1  (cost=0.00..2683.36 rows=122 width=8) (actual time=4.663..9.116 rows=122 loops=1)
                                                    Filter: ((d_moy >= 3) AND (d_moy <= 6) AND (d_year = 2002))
                                                    Rows Removed by Filter: 72927
                                              ->  Index Scan using i_ws_sold_date_sk on web_sales  (cost=0.42..236.53 rows=395 width=16) (actual time=0.003..0.054 rows=215 loops=122)
                                                    Index Cond: (ws_sold_date_sk = date_dim_1.d_date_sk)
                                      SubPlan 4
                                        ->  Nested Loop  (cost=0.43..9255.56 rows=2390 width=8) (actual time=4.311..25.708 rows=55182 loops=1)
                                              ->  Seq Scan on date_dim date_dim_2  (cost=0.00..2683.36 rows=122 width=8) (actual time=4.271..8.827 rows=122 loops=1)
                                                    Filter: ((d_moy >= 3) AND (d_moy <= 6) AND (d_year = 2002))
                                                    Rows Removed by Filter: 72927
                                              ->  Index Scan using i_cs_sold_date_sk on catalog_sales  (cost=0.43..46.05 rows=782 width=16) (actual time=0.003..0.081 rows=452 loops=122)
                                                    Index Cond: (cs_sold_date_sk = date_dim_2.d_date_sk)
                          ->  Index Scan using pk_customer_address on customer_address ca  (cost=0.29..0.33 rows=1 width=8) (actual time=0.002..0.002 rows=0 loops=701)
                                Index Cond: (ca_address_sk = c.c_current_addr_sk)
                                Filter: ((ca_county)::text = ANY ('{"Madison County","Mason County","Chesapeake city","Hamilton County","Wadena County"}'::text[]))
                                Rows Removed by Filter: 1
 cd_gender | cd_marital_status | cd_education_status  | cnt1 | cd_purchase_estimate | cnt2 | cd_credit_rating | cnt3 | cd_dep_count | cnt4 | cd_dep_employed_count | cnt5 | cd_dep_college_count | cnt6 
-----------+-------------------+----------------------+------+----------------------+------+------------------+------+--------------+------+-----------------------+------+----------------------+------
 F         | D                 | Primary              |    1 |                  500 |    1 | High Risk        |    1 |            3 |    1 |                     1 |    1 |                    4 |    1
 F         | S                 | Secondary            |    1 |                 5500 |    1 | Unknown          |    1 |            0 |    1 |                     5 |    1 |                    0 |    1
 F         | S                 | Unknown              |    1 |                 7000 |    1 | High Risk        |    1 |            5 |    1 |                     5 |    1 |                    6 |    1
 M         | D                 | 2 yr Degree          |    1 |                 8500 |    1 | Good             |    1 |            0 |    1 |                     6 |    1 |                    5 |    1
 M         | M                 | Primary              |    1 |                 1000 |    1 | Unknown          |    1 |            4 |    1 |                     5 |    1 |                    0 |    1
 M         | U                 | Secondary            |    1 |                 8500 |    1 | Good             |    1 |            1 |    1 |                     0 |    1 |                    0 |    1
 M         | W                 | Advanced Degree      |    1 |                 7000 |    1 | Low Risk         |    1 |            6 |    1 |                     2 |    1 |                    1 |    1
(7 rows)

UPDATE time_statistics SET e_time = TRANSACTION_TIMESTAMP() WHERE template = 'query10.tpl' AND stream = 0;
psql:/tmp/s1-basline/power/query_0.sql:615: NOTICE:  duration: 0.028 ms  plan:
Query Text: UPDATE time_statistics SET e_time = TRANSACTION_TIMESTAMP() WHERE template = 'query10.tpl' AND stream = 0;
Update on time_statistics  (cost=0.00..28.15 rows=0 width=0) (actual time=0.027..0.028 rows=0 loops=1)
  ->  Seq Scan on time_statistics  (cost=0.00..28.15 rows=1 width=14) (actual time=0.013..0.013 rows=1 loops=1)
        Filter: ((template = 'query10.tpl'::text) AND (stream = 0))
        Rows Removed by Filter: 10
UPDATE 1
LOAD 'auto_explain'; SET auto_explain.log_min_duration TO 0; SET auto_explain.log_analyze TO on; SET auto_explain.log_level TO notice; INSERT INTO time_statistics (template, s_time, stream, query, seed) VALUES ('query11.tpl', TRANSACTION_TIMESTAMP(), 0, 11, 1934962040);
LOAD
SET
SET
SET
psql:/tmp/s1-basline/power/query_0.sql:616: NOTICE:  duration: 0.009 ms  plan:
Query Text: INSERT INTO time_statistics (template, s_time, stream, query, seed) VALUES ('query11.tpl', TRANSACTION_TIMESTAMP(), 0, 11, 1934962040);
Insert on time_statistics  (cost=0.00..0.01 rows=0 width=0) (actual time=0.008..0.009 rows=0 loops=1)
  ->  Result  (cost=0.00..0.01 rows=1 width=64) (actual time=0.002..0.002 rows=1 loops=1)
INSERT 0 1
with year_total as (
 select c_customer_id customer_id
       ,c_first_name customer_first_name
       ,c_last_name customer_last_name
       ,c_preferred_cust_flag customer_preferred_cust_flag
       ,c_birth_country customer_birth_country
       ,c_login customer_login
       ,c_email_address customer_email_address
       ,d_year dyear
       ,sum(ss_ext_list_price-ss_ext_discount_amt) year_total
       ,'s' sale_type
 from customer
     ,store_sales
     ,date_dim
 where c_customer_sk = ss_customer_sk
   and ss_sold_date_sk = d_date_sk
 group by c_customer_id
         ,c_first_name
         ,c_last_name
         ,c_preferred_cust_flag 
         ,c_birth_country
         ,c_login
         ,c_email_address
         ,d_year 
 union all
 select c_customer_id customer_id
       ,c_first_name customer_first_name
       ,c_last_name customer_last_name
       ,c_preferred_cust_flag customer_preferred_cust_flag
       ,c_birth_country customer_birth_country
       ,c_login customer_login
       ,c_email_address customer_email_address
       ,d_year dyear
       ,sum(ws_ext_list_price-ws_ext_discount_amt) year_total
       ,'w' sale_type
 from customer
     ,web_sales
     ,date_dim
 where c_customer_sk = ws_bill_customer_sk
   and ws_sold_date_sk = d_date_sk
 group by c_customer_id
         ,c_first_name
         ,c_last_name
         ,c_preferred_cust_flag 
         ,c_birth_country
         ,c_login
         ,c_email_address
         ,d_year
         )
  select  
                  t_s_secyear.customer_id
                 ,t_s_secyear.customer_first_name
                 ,t_s_secyear.customer_last_name
                 ,t_s_secyear.customer_birth_country
 from year_total t_s_firstyear
     ,year_total t_s_secyear
     ,year_total t_w_firstyear
     ,year_total t_w_secyear
 where t_s_secyear.customer_id = t_s_firstyear.customer_id
         and t_s_firstyear.customer_id = t_w_secyear.customer_id
         and t_s_firstyear.customer_id = t_w_firstyear.customer_id
         and t_s_firstyear.sale_type = 's'
         and t_w_firstyear.sale_type = 'w'
         and t_s_secyear.sale_type = 's'
         and t_w_secyear.sale_type = 'w'
         and t_s_firstyear.dyear = 1998
         and t_s_secyear.dyear = 1998+1
         and t_w_firstyear.dyear = 1998
         and t_w_secyear.dyear = 1998+1
         and t_s_firstyear.year_total > 0
         and t_w_firstyear.year_total > 0
         and case when t_w_firstyear.year_total > 0 then t_w_secyear.year_total / t_w_firstyear.year_total else 0.0 end
             > case when t_s_firstyear.year_total > 0 then t_s_secyear.year_total / t_s_firstyear.year_total else 0.0 end
 order by t_s_secyear.customer_id
         ,t_s_secyear.customer_first_name
         ,t_s_secyear.customer_last_name
         ,t_s_secyear.customer_birth_country
limit 100;
psql:/tmp/s1-basline/power/query_0.sql:694: NOTICE:  duration: 2109654.368 ms  plan:
Query Text: with year_total as (
 select c_customer_id customer_id
       ,c_first_name customer_first_name
       ,c_last_name customer_last_name
       ,c_preferred_cust_flag customer_preferred_cust_flag
       ,c_birth_country customer_birth_country
       ,c_login customer_login
       ,c_email_address customer_email_address
       ,d_year dyear
       ,sum(ss_ext_list_price-ss_ext_discount_amt) year_total
       ,'s' sale_type
 from customer
     ,store_sales
     ,date_dim
 where c_customer_sk = ss_customer_sk
   and ss_sold_date_sk = d_date_sk
 group by c_customer_id
         ,c_first_name
         ,c_last_name
         ,c_preferred_cust_flag 
         ,c_birth_country
         ,c_login
         ,c_email_address
         ,d_year 
 union all
 select c_customer_id customer_id
       ,c_first_name customer_first_name
       ,c_last_name customer_last_name
       ,c_preferred_cust_flag customer_preferred_cust_flag
       ,c_birth_country customer_birth_country
       ,c_login customer_login
       ,c_email_address customer_email_address
       ,d_year dyear
       ,sum(ws_ext_list_price-ws_ext_discount_amt) year_total
       ,'w' sale_type
 from customer
     ,web_sales
     ,date_dim
 where c_customer_sk = ws_bill_customer_sk
   and ws_sold_date_sk = d_date_sk
 group by c_customer_id
         ,c_first_name
         ,c_last_name
         ,c_preferred_cust_flag 
         ,c_birth_country
         ,c_login
         ,c_email_address
         ,d_year
         )
  select  
                  t_s_secyear.customer_id
                 ,t_s_secyear.customer_first_name
                 ,t_s_secyear.customer_last_name
                 ,t_s_secyear.customer_birth_country
 from year_total t_s_firstyear
     ,year_total t_s_secyear
     ,year_total t_w_firstyear
     ,year_total t_w_secyear
 where t_s_secyear.customer_id = t_s_firstyear.customer_id
         and t_s_firstyear.customer_id = t_w_secyear.customer_id
         and t_s_firstyear.customer_id = t_w_firstyear.customer_id
         and t_s_firstyear.sale_type = 's'
         and t_w_firstyear.sale_type = 'w'
         and t_s_secyear.sale_type = 's'
         and t_w_secyear.sale_type = 'w'
         and t_s_firstyear.dyear = 1998
         and t_s_secyear.dyear = 1998+1
         and t_w_firstyear.dyear = 1998
         and t_w_secyear.dyear = 1998+1
         and t_s_firstyear.year_total > 0
         and t_w_firstyear.year_total > 0
         and case when t_w_firstyear.year_total > 0 then t_w_secyear.year_total / t_w_firstyear.year_total else 0.0 end
             > case when t_s_firstyear.year_total > 0 then t_s_secyear.year_total / t_s_firstyear.year_total else 0.0 end
 order by t_s_secyear.customer_id
         ,t_s_secyear.customer_first_name
         ,t_s_secyear.customer_last_name
         ,t_s_secyear.customer_birth_country
limit 100;
Limit  (cost=1154110.93..1154110.94 rows=1 width=334) (actual time=2109654.296..2109654.316 rows=97 loops=1)
  CTE year_total
    ->  Append  (cost=406758.05..802992.99 rows=3343703 width=231) (actual time=3655.873..5361.111 rows=247245 loops=1)
          ->  HashAggregate  (cost=406758.05..581655.90 rows=2624493 width=231) (actual time=3655.872..4321.480 rows=190755 loops=1)
                Group Key: customer.c_customer_id, customer.c_first_name, customer.c_last_name, customer.c_preferred_cust_flag, customer.c_birth_country, customer.c_login, customer.c_email_address, date_dim.d_year
                Planned Partitions: 32  Batches: 33  Memory Usage: 33049kB  Disk Usage: 226320kB
                ->  Hash Join  (cost=8459.60..125137.65 rows=2624493 width=207) (actual time=78.707..1764.418 rows=2683562 loops=1)
                      Hash Cond: (store_sales.ss_sold_date_sk = date_dim.d_date_sk)
                      ->  Hash Join  (cost=5411.00..114877.49 rows=2747105 width=211) (actual time=60.282..1289.474 rows=2748429 loops=1)
                            Hash Cond: (store_sales.ss_customer_sk = customer.c_customer_sk)
                            ->  Seq Scan on store_sales  (cost=0.00..101911.56 rows=2877956 width=32) (actual time=0.004..222.654 rows=2877928 loops=1)
                            ->  Hash  (cost=4161.00..4161.00 rows=100000 width=195) (actual time=60.203..60.204 rows=100000 loops=1)
                                  Buckets: 131072  Batches: 1  Memory Usage: 17780kB
                                  ->  Seq Scan on customer  (cost=0.00..4161.00 rows=100000 width=195) (actual time=0.004..29.616 rows=100000 loops=1)
                      ->  Hash  (cost=2135.49..2135.49 rows=73049 width=12) (actual time=18.360..18.361 rows=73049 loops=1)
                            Buckets: 131072  Batches: 1  Memory Usage: 4449kB
                            ->  Seq Scan on date_dim  (cost=0.00..2135.49 rows=73049 width=12) (actual time=0.006..9.514 rows=73049 loops=1)
          ->  HashAggregate  (cost=123252.93..171181.54 rows=719210 width=231) (actual time=1008.283..1024.860 rows=56490 loops=1)
                Group Key: customer_1.c_customer_id, customer_1.c_first_name, customer_1.c_last_name, customer_1.c_preferred_cust_flag, customer_1.c_birth_country, customer_1.c_login, customer_1.c_email_address, date_dim_1.d_year
                Planned Partitions: 16  Batches: 1  Memory Usage: 19481kB
                ->  Hash Join  (cost=8459.60..46078.33 rows=719210 width=207) (actual time=70.465..529.867 rows=719192 loops=1)
                      Hash Cond: (web_sales.ws_sold_date_sk = date_dim_1.d_date_sk)
                      ->  Hash Join  (cost=5411.00..41141.44 rows=719306 width=211) (actual time=50.964..389.225 rows=719268 loops=1)
                            Hash Cond: (web_sales.ws_bill_customer_sk = customer_1.c_customer_sk)
                            ->  Seq Scan on web_sales  (cost=0.00..33841.74 rows=719474 width=32) (actual time=0.005..63.576 rows=719474 loops=1)
                            ->  Hash  (cost=4161.00..4161.00 rows=100000 width=195) (actual time=50.877..50.877 rows=100000 loops=1)
                                  Buckets: 131072  Batches: 1  Memory Usage: 17780kB
                                  ->  Seq Scan on customer customer_1  (cost=0.00..4161.00 rows=100000 width=195) (actual time=0.005..27.541 rows=100000 loops=1)
                      ->  Hash  (cost=2135.49..2135.49 rows=73049 width=12) (actual time=19.418..19.419 rows=73049 loops=1)
                            Buckets: 131072  Batches: 1  Memory Usage: 4449kB
                            ->  Seq Scan on date_dim date_dim_1  (cost=0.00..2135.49 rows=73049 width=12) (actual time=0.012..10.383 rows=73049 loops=1)
  ->  Sort  (cost=351117.95..351117.95 rows=1 width=334) (actual time=2109654.295..2109654.300 rows=97 loops=1)
        Sort Key: t_s_secyear.customer_id, t_s_secyear.customer_first_name, t_s_secyear.customer_last_name, t_s_secyear.customer_birth_country
        Sort Method: quicksort  Memory: 38kB
        ->  Nested Loop  (cost=0.00..351117.94 rows=1 width=334) (actual time=23652.324..2109654.053 rows=97 loops=1)
              Join Filter: ((t_s_secyear.customer_id = t_w_secyear.customer_id) AND (CASE WHEN (t_w_firstyear.year_total > '0'::double precision) THEN (t_w_secyear.year_total / t_w_firstyear.year_total) ELSE '0'::double precision END > CASE WHEN (t_s_firstyear.year_total > '0'::double precision) THEN (t_s_secyear.year_total / t_s_firstyear.year_total) ELSE '0'::double precision END))
              Rows Removed by Join Filter: 18563777
              ->  Nested Loop  (cost=0.00..267520.32 rows=2 width=494) (actual time=5626.000..2033825.145 rows=1634 loops=1)
                    Join Filter: (t_s_firstyear.customer_id = t_s_secyear.customer_id)
                    Rows Removed by Join Filter: 161299873
                    ->  Nested Loop  (cost=0.00..183921.03 rows=4 width=152) (actual time=5619.184..1820142.183 rows=4209 loops=1)
                          Join Filter: (t_s_firstyear.customer_id = t_w_firstyear.customer_id)
                          Rows Removed by Join Filter: 425026401
                          ->  CTE Scan on year_total t_s_firstyear  (cost=0.00..91951.83 rows=28 width=76) (actual time=3655.888..3769.113 rows=37610 loops=1)
                                Filter: ((year_total > '0'::double precision) AND (sale_type = 's'::text) AND (dyear = 1998))
                                Rows Removed by Filter: 209635
                          ->  CTE Scan on year_total t_w_firstyear  (cost=0.00..91951.83 rows=28 width=76) (actual time=35.907..47.453 rows=11301 loops=37610)
                                Filter: ((year_total > '0'::double precision) AND (sale_type = 'w'::text) AND (dyear = 1998))
                                Rows Removed by Filter: 235944
                    ->  CTE Scan on year_total t_s_secyear  (cost=0.00..83592.58 rows=84 width=342) (actual time=0.002..48.033 rows=38323 loops=4209)
                          Filter: ((sale_type = 's'::text) AND (dyear = 1999))
                          Rows Removed by Filter: 208922
              ->  CTE Scan on year_total t_w_secyear  (cost=0.00..83592.58 rows=84 width=76) (actual time=34.387..45.582 rows=11361 loops=1634)
                    Filter: ((sale_type = 'w'::text) AND (dyear = 1999))
                    Rows Removed by Filter: 235884
   customer_id    | customer_first_name  |       customer_last_name       | customer_birth_country 
------------------+----------------------+--------------------------------+------------------------
 AAAAAAAAABNHAAAA | Bill                 | Watson                         | TOKELAU
 AAAAAAAAACNKAAAA | Bessie               | Herbert                        | BERMUDA
 AAAAAAAAAIGEAAAA | Sandra               | Sanchez                        | WALLIS AND FUTUNA
 AAAAAAAAAIGHAAAA | Stephen              | Quinones                       | MALTA
 AAAAAAAAAIHCAAAA | Bernadette           | Elam                           | SRI LANKA
 AAAAAAAAAIIEAAAA | Kathleen             | Knight                         | MALAWI
 AAAAAAAABCJGAAAA | Brian                | Moses                          | BURUNDI
 AAAAAAAABDBABAAA | Jeff                 | Shepherd                       | FRANCE
 AAAAAAAABDMGBAAA | Jason                | Lyman                          | PUERTO RICO
 AAAAAAAABDPHBAAA | Raquel               | Lynch                          | PAPUA NEW GUINEA
 AAAAAAAABGAHBAAA | Eduardo              | Patterson                      | NAURU
 AAAAAAAABKLDAAAA | Olga                 | Lozano                         | BAHRAIN
 AAAAAAAABLHOAAAA | Robert               |                                | PUERTO RICO
 AAAAAAAABNEBAAAA | Irene                | Velasco                        | PUERTO RICO
 AAAAAAAABOJPAAAA | Robert               | Jackson                        | BANGLADESH
 AAAAAAAACAIHAAAA | Robert               | Lee                            | JAPAN
 AAAAAAAACBAFAAAA | Heather              | Franco                         | MALAWI
 AAAAAAAACDBABAAA | Nancy                | Castillo                       | NEW ZEALAND
 AAAAAAAACEDFAAAA | Etta                 | Florez                         | KIRIBATI
 AAAAAAAACFMOAAAA | Nichole              | Thornton                       | JORDAN
 AAAAAAAACMFDBAAA | Timothy              | Kelly                          | BARBADOS
 AAAAAAAACPIEAAAA | Stephanie            | Lopez                          | SAN MARINO
 AAAAAAAACPMEAAAA | Crystal              | Lawrence                       | PHILIPPINES
 AAAAAAAADBKGAAAA | Clarence             | Cunningham                     | NIGERIA
 AAAAAAAADHMNAAAA | Sheryl               | Jansen                         | CHILE
 AAAAAAAAEFANAAAA | Dennis               | Williams                       | SRI LANKA
 AAAAAAAAEKJIAAAA | Mitchell             | Cole                           | ITALY
 AAAAAAAAEMOJAAAA | Gerald               | Dodd                           | ALGERIA
 AAAAAAAAENHEAAAA | Fernando             | Hernandez                      | DENMARK
 AAAAAAAAFGGFAAAA | Nathaniel            | Walker                         | ZAMBIA
 AAAAAAAAFJOJAAAA | Derrick              | Prieto                         | CYPRUS
 AAAAAAAAFLCABAAA | Joyce                | Thompson                       | PITCAIRN
 AAAAAAAAFMPFAAAA | Marvin               | Logan                          | PITCAIRN
 AAAAAAAAFOKLAAAA | Dean                 | Payton                         | SAN MARINO
 AAAAAAAAGFBJAAAA | Arlene               | Wyant                          | BERMUDA
 AAAAAAAAGGDHBAAA | Rose                 | Keyes                          | BOTSWANA
 AAAAAAAAGGJCBAAA | Jesse                | Hill                           | CHRISTMAS ISLAND
 AAAAAAAAGHOEBAAA | Carrie               | Tracy                          | KYRGYZSTAN
 AAAAAAAAGNPPAAAA | Dora                 | Copeland                       | GIBRALTAR
 AAAAAAAAHBOCAAAA | Michael              | Duncan                         | CZECH REPUBLIC
 AAAAAAAAHDPFBAAA | Millard              | Johnston                       | LESOTHO
 AAAAAAAAHNEPAAAA | Donna                | Murphy                         | TRINIDAD AND TOBAGO
 AAAAAAAAHNLMAAAA | Mei                  | Johnson                        | DENMARK
 AAAAAAAAIBPPAAAA | David                | Clark                          | WALLIS AND FUTUNA
 AAAAAAAAICCPAAAA | James                | Guinn                          | CÃ\u0094TE D'IVOIRE
 AAAAAAAAIDCIBAAA | Amanda               | Moore                          | SINGAPORE
 AAAAAAAAIMIMAAAA | Herman               | Carr                           | ISRAEL
 AAAAAAAAJDEFAAAA | Albert               | Thomas                         | CZECH REPUBLIC
 AAAAAAAAJHIIAAAA | Carl                 | Kendall                        | NETHERLANDS
 AAAAAAAAJJDAAAAA | Donald               | Villasenor                     | THAILAND
 AAAAAAAAJKEJAAAA | Charlene             | Cash                           | WESTERN SAHARA
 AAAAAAAAJMHKAAAA | Sylvia               | Harris                         | PAKISTAN
 AAAAAAAAKALFBAAA | Dorothy              | Pierce                         | WALLIS AND FUTUNA
 AAAAAAAAKLFKAAAA | Aubrey               | Washburn                       | EQUATORIAL GUINEA
 AAAAAAAAKMHPAAAA | Melody               | Lambert                        | MALI
 AAAAAAAAKNEKAAAA | Nathan               | Vaughn                         | GUYANA
 AAAAAAAAKNGKAAAA | Brian                | Singletary                     | UZBEKISTAN
 AAAAAAAALAEGBAAA | Amelia               | Poole                          | GEORGIA
 AAAAAAAALBGMAAAA | Curtis               | Madden                         | BOLIVIA
 AAAAAAAALBLAAAAA | Burton               | George                         | HONDURAS
 AAAAAAAALFNBAAAA | Stephen              | Curry                          | FRENCH GUIANA
 AAAAAAAALFPFBAAA | Emery                | Garcia                         | NETHERLANDS ANTILLES
 AAAAAAAALGNLAAAA | Edward               | Maxwell                        | GRENADA
 AAAAAAAALHIMAAAA | Karen                | Martinez                       | NEW ZEALAND
 AAAAAAAALHJJAAAA | William              | Marshall                       | NAURU
 AAAAAAAALIAABAAA | Joseph               | Parker                         | DJIBOUTI
 AAAAAAAALJGDAAAA | Michael              | Marshall                       | AMERICAN SAMOA
 AAAAAAAALJODAAAA | William              | Drummond                       | LUXEMBOURG
 AAAAAAAALLDBBAAA | Molly                | Cruse                          | BURKINA FASO
 AAAAAAAALNKCBAAA | Billy                | Zimmerman                      | SAMOA
 AAAAAAAALOADAAAA | Autumn               | Bentley                        | FAROE ISLANDS
 AAAAAAAALOBJAAAA | Edward               | Moore                          | ANTIGUA AND BARBUDA
 AAAAAAAAMDECBAAA | Angelique            | Gilchrist                      | EL SALVADOR
 AAAAAAAAMGBABAAA | Amanda               | Ramirez                        | ANTIGUA AND BARBUDA
 AAAAAAAAMJCNAAAA | Richard              | Wright                         | IRELAND
 AAAAAAAAMKHJAAAA | Santiago             | Bryant                         | DOMINICA
 AAAAAAAAMLCLAAAA | Barry                | Curtis                         | WESTERN SAHARA
 AAAAAAAAMNGDAAAA |                      |                                | MOROCCO
 AAAAAAAAMPCHAAAA | Robert               | Murphy                         | UNITED STATES
 AAAAAAAANBLDAAAA | Michael              | Frank                          | BAHAMAS
 AAAAAAAANEGMAAAA | Brandon              | Hall                           | INDONESIA
 AAAAAAAANHHIAAAA | Clarence             | Ferguson                       | DJIBOUTI
 AAAAAAAANMOIAAAA | Daniel               | Alvarez                        | AUSTRIA
 AAAAAAAANPLDAAAA | Steve                | Scott                          | POLAND
 AAAAAAAAODKFBAAA | Antonia              | Crowe                          | CROATIA
 AAAAAAAAODPCAAAA | Manuel               | Sawyer                         | PARAGUAY
 AAAAAAAAOEJMAAAA | June                 | Daniels                        | INDIA
 AAAAAAAAOHCLAAAA | Dora                 | Pacheco                        | MACAO
 AAAAAAAAOKCDBAAA | Leigh                | Smith                          | GUINEA
 AAAAAAAAONGBAAAA | Cody                 | Macias                         | SRI LANKA
 AAAAAAAAPBMKAAAA | Kara                 | Clouse                         | KIRIBATI
 AAAAAAAAPBNLAAAA |                      |                                | 
 AAAAAAAAPDMGAAAA | Christi              |                                | EQUATORIAL GUINEA
 AAAAAAAAPEBHAAAA | Willie               | Smith                          | SWITZERLAND
 AAAAAAAAPEDGAAAA | Rebecca              | Nation                         | MOLDOVA, REPUBLIC OF
 AAAAAAAAPFNGBAAA | Theodore             | Young                          | CAMBODIA
 AAAAAAAAPMBDBAAA | Suzanne              | Peters                         | INDONESIA
(97 rows)

UPDATE time_statistics SET e_time = TRANSACTION_TIMESTAMP() WHERE template = 'query11.tpl' AND stream = 0;
psql:/tmp/s1-basline/power/query_0.sql:696: NOTICE:  duration: 0.031 ms  plan:
Query Text: UPDATE time_statistics SET e_time = TRANSACTION_TIMESTAMP() WHERE template = 'query11.tpl' AND stream = 0;
Update on time_statistics  (cost=0.00..28.15 rows=0 width=0) (actual time=0.030..0.030 rows=0 loops=1)
  ->  Seq Scan on time_statistics  (cost=0.00..28.15 rows=1 width=14) (actual time=0.014..0.015 rows=1 loops=1)
        Filter: ((template = 'query11.tpl'::text) AND (stream = 0))
        Rows Removed by Filter: 11
UPDATE 1
LOAD 'auto_explain'; SET auto_explain.log_min_duration TO 0; SET auto_explain.log_analyze TO on; SET auto_explain.log_level TO notice; INSERT INTO time_statistics (template, s_time, stream, query, seed) VALUES ('../query_postgresql/query12.tpl', TRANSACTION_TIMESTAMP(), 0, 12, 1945638186);
LOAD
SET
SET
SET
psql:/tmp/s1-basline/power/query_0.sql:697: NOTICE:  duration: 0.009 ms  plan:
Query Text: INSERT INTO time_statistics (template, s_time, stream, query, seed) VALUES ('../query_postgresql/query12.tpl', TRANSACTION_TIMESTAMP(), 0, 12, 1945638186);
Insert on time_statistics  (cost=0.00..0.01 rows=0 width=0) (actual time=0.008..0.008 rows=0 loops=1)
  ->  Result  (cost=0.00..0.01 rows=1 width=64) (actual time=0.001..0.002 rows=1 loops=1)
INSERT 0 1
select  i_item_id
      ,i_item_desc 
      ,i_category 
      ,i_class 
      ,i_current_price
      ,sum(ws_ext_sales_price) as itemrevenue 
      ,sum(ws_ext_sales_price)*100/sum(sum(ws_ext_sales_price)) over
          (partition by i_class) as revenueratio
from	
	web_sales
    	,item 
    	,date_dim
where 
	ws_item_sk = i_item_sk 
  	and i_category in ('Music', 'Sports', 'Shoes')
  	and ws_sold_date_sk = d_date_sk
	and d_date between cast('1999-06-12' as date) 
				and (cast('1999-06-12' as date) + INTERVAL '30 days')
group by 
	i_item_id
        ,i_item_desc 
        ,i_category
        ,i_class
        ,i_current_price
order by 
	i_category
        ,i_class
        ,i_item_id
        ,i_item_desc
        ,revenueratio
limit 100;
psql:/tmp/s1-basline/power/query_0.sql:728: NOTICE:  duration: 24.605 ms  plan:
Query Text: select  i_item_id
      ,i_item_desc 
      ,i_category 
      ,i_class 
      ,i_current_price
      ,sum(ws_ext_sales_price) as itemrevenue 
      ,sum(ws_ext_sales_price)*100/sum(sum(ws_ext_sales_price)) over
          (partition by i_class) as revenueratio
from	
	web_sales
    	,item 
    	,date_dim
where 
	ws_item_sk = i_item_sk 
  	and i_category in ('Music', 'Sports', 'Shoes')
  	and ws_sold_date_sk = d_date_sk
	and d_date between cast('1999-06-12' as date) 
				and (cast('1999-06-12' as date) + INTERVAL '30 days')
group by 
	i_item_id
        ,i_item_desc 
        ,i_category
        ,i_class
        ,i_current_price
order by 
	i_category
        ,i_class
        ,i_item_id
        ,i_item_desc
        ,revenueratio
limit 100;
Limit  (cost=11448.96..11449.19 rows=90 width=245) (actual time=24.506..24.517 rows=100 loops=1)
  ->  Sort  (cost=11448.96..11449.19 rows=90 width=245) (actual time=24.505..24.510 rows=100 loops=1)
        Sort Key: item.i_category, item.i_class, item.i_item_id, item.i_item_desc, ((((sum(web_sales.ws_ext_sales_price)) * '100'::double precision) / sum((sum(web_sales.ws_ext_sales_price))) OVER (?)))
        Sort Method: top-N heapsort  Memory: 78kB
        ->  WindowAgg  (cost=11444.01..11446.04 rows=90 width=245) (actual time=22.698..23.443 rows=1372 loops=1)
              ->  Sort  (cost=11444.01..11444.24 rows=90 width=237) (actual time=22.679..22.737 rows=1372 loops=1)
                    Sort Key: item.i_class
                    Sort Method: quicksort  Memory: 425kB
                    ->  GroupAggregate  (cost=11438.62..11441.09 rows=90 width=237) (actual time=20.890..21.903 rows=1372 loops=1)
                          Group Key: item.i_item_id, item.i_item_desc, item.i_category, item.i_class, item.i_current_price
                          ->  Sort  (cost=11438.62..11438.84 rows=90 width=237) (actual time=20.885..20.977 rows=1979 loops=1)
                                Sort Key: item.i_item_id, item.i_item_desc, item.i_category, item.i_class, item.i_current_price
                                Sort Method: quicksort  Memory: 594kB
                                ->  Nested Loop  (cost=1.00..11435.70 rows=90 width=237) (actual time=0.044..15.409 rows=1979 loops=1)
                                      ->  Nested Loop  (cost=0.72..11340.92 rows=305 width=16) (actual time=0.030..3.441 rows=6450 loops=1)
                                            ->  Index Scan using i_d_date on date_dim  (cost=0.29..3.11 rows=31 width=8) (actual time=0.015..0.025 rows=31 loops=1)
                                                  Index Cond: ((d_date >= '1999-06-12'::date) AND (d_date <= '1999-07-12 00:00:00'::timestamp without time zone))
                                            ->  Index Scan using i_ws_sold_date_sk on web_sales  (cost=0.42..361.79 rows=395 width=24) (actual time=0.004..0.077 rows=208 loops=31)
                                                  Index Cond: (ws_sold_date_sk = date_dim.d_date_sk)
                                      ->  Index Scan using pk_item on item  (cost=0.29..0.31 rows=1 width=237) (actual time=0.002..0.002 rows=0 loops=6450)
                                            Index Cond: (i_item_sk = web_sales.ws_item_sk)
                                            Filter: (i_category = ANY ('{Music,Sports,Shoes}'::bpchar[]))
                                            Rows Removed by Filter: 1
    i_item_id     |                                                                                              i_item_desc                                                                                               |                     i_category                     |                      i_class                       | i_current_price |    itemrevenue     |     revenueratio      
------------------+--------------------------------------------------------------------------------------------------------------------------------------------------------------------------------------------------------+----------------------------------------------------+----------------------------------------------------+-----------------+--------------------+-----------------------
 AAAAAAAAAAPCAAAA | Operations guess clever, early judges. Dark reducti                                                                                                                                                    | Music                                              | classical                                          |            4.33 |            3841.95 |    0.9553294375343927
 AAAAAAAAABHAAAAA | Young, true lives say really only women. Usefully national girls spell just in a artists; more new teachers shall tell once in a patients. Mu                                                          | Music                                              | classical                                          |            1.34 |             1339.6 |    0.3331015017168554
 AAAAAAAAADKBAAAA | Attacks could conform t                                                                                                                                                                                | Music                                              | classical                                          |            3.32 |           10890.18 |    2.7079242400469274
 AAAAAAAAAEHAAAAA | Lives enable desperately stil                                                                                                                                                                          | Music                                              | classical                                          |            4.77 |            6133.26 |    1.5250807079873994
 AAAAAAAAAGJCAAAA | Early notes shall not depend. Nonetheless competitive disputes nee                                                                                                                                     | Music                                              | classical                                          |            2.12 |            1565.72 |   0.38932792122134574
 AAAAAAAAAHFEAAAA | Sure years ought to make active businesses. Foreign, electric days think philosophical stars. Officers could detect. Expensive, social differences could not display in th                             | Music                                              | classical                                          |             0.2 |           11638.74 |     2.894059250591246
 AAAAAAAAAIFEAAAA | Waste, natural cuts buy                                                                                                                                                                                | Music                                              | classical                                          |           92.23 |            7545.78 |    1.8763143099619386
 AAAAAAAAAINCAAAA | Political hours should not include only schools. More important conditions expand unions; quite other sets drift; today                                                                                | Music                                              | classical                                          |            6.22 |             767.83 |    0.1909266393425299
 AAAAAAAAAIODAAAA | Foreign, international things help ordinary, fine observers. Basic, good losses might go here against a others. White, enormous exercises used to appeal areas. Inst                                   | Music                                              | classical                                          |            8.58 |            4362.72 |    1.0848227706555384
 AAAAAAAAAKHCAAAA | Children alter sometimes with a developments. Horizontal, direct games build however on a bills. Current times used to believe fo                                                                      | Music                                              | classical                                          |            1.02 |            4954.63 |    1.2320055937976881
 AAAAAAAAAMBBAAAA | Across white profits will fall short, far children. Everyday honours participate mostly probably warm others. Technical, personal phrases should not recall. However whole s                           | Music                                              | classical                                          |            0.76 |                  0 |                     0
 AAAAAAAAAOGCAAAA | About successful charges like as certain effects. Agreements read coherent, commercial frames. Public accounts remember by a responses. High boards experiment moreover way                            | Music                                              | classical                                          |            2.81 |            4825.08 |    1.1997920229202481
 AAAAAAAAAPDBAAAA | Almost high countries flee as rather than an hours; small hands shall talk properly; scenes used to help consequently in a measures; practically previous houses ho                                    | Music                                              | classical                                          |            0.11 |  7485.639999999999 |      1.86136005174064
 AAAAAAAABFAEAAAA | Increasing forces shall call subtle, green servants. Financial offices may not think clearly economi                                                                                                   | Music                                              | classical                                          |            6.76 |             492.57 |   0.12248119341644628
 AAAAAAAABGCEAAAA | A little ruling others may go. Double, american effects spoil clear rooms. Too young decisions must close fairly large, local counties; red rates should use however respectively rec                  | Music                                              | classical                                          |            1.84 |            4975.74 |    1.2372547522787591
 AAAAAAAABGDDAAAA | For example great products change also new, social groups. Churches should not connect at last questions. Rates ought to illustrate folk. Natural areas should determine ahead. Toys                   | Music                                              | classical                                          |             2.6 |            3447.82 |    0.8573260821509467
 AAAAAAAABHLDAAAA | Else comprehensive values allow very circumstances. Sort of musical years want all only important substances. New, military conflicts recommend at least. Special o                                    | Music                                              | classical                                          |            9.92 |             1194.5 |   0.29702130770437724
 AAAAAAAABKIAAAAA | Similar, detailed plans consider parliamentary,                                                                                                                                                        | Music                                              | classical                                          |            0.44 |            1169.43 |    0.2907874657754122
 AAAAAAAABPFEAAAA | Front plans keep far. Old devices could not interfere definitely after the lines. In p                                                                                                                 | Music                                              | classical                                          |            0.76 | 3248.8199999999997 |    0.8078432523199119
 AAAAAAAACAEBAAAA | So australian things w                                                                                                                                                                                 | Music                                              | classical                                          |            1.52 |            1674.24 |    0.4163122262126216
 AAAAAAAACDJCAAAA | Still english workers steal long russians. More national details could get clear, general descriptions; certainly good reasons proceed very past legs. Afraid                                          | Music                                              | classical                                          |            3.12 |              143.1 |   0.03558287913980442
 AAAAAAAACFJAAAAA | Consistent, short errors could result s                                                                                                                                                                | Music                                              | classical                                          |            9.37 |            5709.27 |     1.419652441554935
 AAAAAAAACGADAAAA | Generous women will boot due to the types. More important terms may not                                                                                                                                | Music                                              | classical                                          |             0.4 |            5068.62 |    1.2603500549657267
 AAAAAAAACIGDAAAA | Famous services add now in the                                                                                                                                                                         | Music                                              | classical                                          |           26.14 |             119.18 |   0.02963499326262677
 AAAAAAAACKMCAAAA | Old birds must no                                                                                                                                                                                      | Music                                              | classical                                          |           74.41 |           12110.47 |    3.0113584230344324
 AAAAAAAACPACAAAA | B                                                                                                                                                                                                      | Music                                              | classical                                          |            0.33 |            1615.68 |    0.4017508467407352
 AAAAAAAADADEAAAA | However professional cases will need no longer international, endless symptoms. Unusual circumstances suppose fully. Modern, different computers trap. Significant views                               | Music                                              | classical                                          |            1.28 | 3232.4399999999996 |    0.8037702435127141
 AAAAAAAADAFCAAAA | Examples might not read mildly. A little other studies cannot say words. Unhappy controls see so ta                                                                                                    | Music                                              | classical                                          |            2.21 |           10600.76 |     2.635957804822314
 AAAAAAAADAHAAAAA | Satisfied, extensive feelings ought to keep underneath pure, international plans. Junior requirements could see; only big years mean mor                                                               | Music                                              | classical                                          |            1.66 |            2110.23 |    0.5247243818811285
 AAAAAAAADBLBAAAA | Papers contain tomorrow dynamic, wide rules. Yesterday subject functions might develop far possible, large products. Cultural men could see administrative authorities. Likely molecules may dismiss m | Music                                              | classical                                          |            3.76 |             8416.5 |     2.092825312929168
 AAAAAAAADDOCAAAA | Local, british firms would augment easy relations. Royal components must not foster just. Head, international items should not make                                                                    | Music                                              | classical                                          |            9.86 |             486.36 |   0.12093703073679439
 AAAAAAAADIODAAAA | Cases should stop tears. Exotic things go secondly good policies. Somewhat civil proposals offer defences. Years wil                                                                                   | Music                                              | classical                                          |            9.93 |            5327.19 |    1.3246454082793482
 AAAAAAAADMPBAAAA | Poor, executive areas may extract at best. Romantic audiences say in a attitudes; books could not need only legal forms. Especially available universities say in a examinations. New, wonderful con   | Music                                              | classical                                          |            2.03 |             776.91 |   0.19318444886446856
 AAAAAAAADPAEAAAA | Wrong councils migh                                                                                                                                                                                    | Music                                              | classical                                          |           20.04 |             1255.8 |    0.3122640085518266
 AAAAAAAAEBAAAAAA | Present tasks could not t                                                                                                                                                                              | Music                                              | classical                                          |             5.5 |               4371 |    1.0868816542284077
 AAAAAAAAEFDEAAAA | Rocks make so numbers. Big, average levels greet now great plans. Weeks will prov                                                                                                                      | Music                                              | classical                                          |            6.66 |             164.15 |  0.040817118174695285
 AAAAAAAAEFMBAAAA | As young years may apologise societies. New groups think savings. Classical, other circumstances will see administrative restrictions. Financial,                                                      | Music                                              | classical                                          |            9.54 |            5385.18 |    1.3390650530125225
 AAAAAAAAEGGDAAAA | Models describe large, labour members. Japanese connections carry opponents. Helpful questions say females. D                                                                                          | Music                                              | classical                                          |            3.64 |            5122.57 |       1.2737651236561
 AAAAAAAAEGJDAAAA | Criminal names sing only friendly standards. Running details must see elsewhere. So inadequate schemes examine common, new police. Possible hours could include then                                   | Music                                              | classical                                          |            2.64 |             358.67 |   0.08918596269094096
 AAAAAAAAEKOBAAAA | Healthy events give recently local, interesting genes; even impossible purposes would tell at a tasks. Emotional, light guests prohibit years; more strange times wait necessarily tragic authori      | Music                                              | classical                                          |             1.6 |            1792.26 |    0.4456587768490976
 AAAAAAAAENJDAAAA | Difficult qualifications change today questions. Private, early plants will own always deep jobs; waters get in general. Aspects apply large accounts. Welsh months exhibit secure, unusual author     | Music                                              | classical                                          |            7.65 |            9519.65 |     2.367131763824173
 AAAAAAAAEOGCAAAA | About head benefits could not like sure systems. Books get thus environmental areas; big, thin cities find. Previously hot holid                                                                       | Music                                              | classical                                          |            0.45 |            7528.08 |     1.871913073338776
 AAAAAAAAFAODAAAA | Other channels may perceive romantic markets; cases must strengthen then key words. R                                                                                                                  | Music                                              | classical                                          |            1.21 |             290.22 |   0.07216536117368302
 AAAAAAAAFFCEAAAA | Vaguely double firms cause to a hands. Very similar minutes could not accept police. Fi                                                                                                                | Music                                              | classical                                          |            9.22 |            2234.82 |    0.5557046118743377
 AAAAAAAAGAIAAAAA | Local, wooden lines would treat brief weeks. Equivalent, large areas make only on a minutes. Right royal numbers know much recent winds. Presidential pupils shall not visit now at                    | Music                                              | classical                                          |           22.81 |             959.42 |   0.23856691757030857
 AAAAAAAAGCEBAAAA | Mad, current standards satisfy years. Fine, good years see black children; beautiful thanks might enter medieval, western guests. Considerable, inner                                                  | Music                                              | classical                                          |           24.79 |               3220 |    0.8006769450046837
 AAAAAAAAGCPAAAAA | Years cannot ensure then at once high facilities. Recent, sin                                                                                                                                          | Music                                              | classical                                          |            3.47 |            2692.66 |    0.6695499325268048
 AAAAAAAAGILAAAAA | Other names question in a cases. Important links endure. Even peaceful defences achieve in the visitors. Documents remain happ                                                                         | Music                                              | classical                                          |            3.65 |             2634.3 |    0.6550382845421858
 AAAAAAAAGNKAAAAA | Local times complain more                                                                                                                                                                              | Music                                              | classical                                          |            6.26 |            1780.97 |    0.4428514343928545
 AAAAAAAAGNPBAAAA | Then active theories might lo                                                                                                                                                                          | Music                                              | classical                                          |            5.56 |               6420 |      1.59638074128263
 AAAAAAAAGPEAAAAA | Names witness principles. Scottish goals ought to lobby. Young chains worry communities. Rights speak musical women. Necessary, medical resources may not shine certainly with the cost                | Music                                              | classical                                          |            7.75 |             476.08 |   0.11838083229125149
 AAAAAAAAHCFCAAAA | Structural bars get nearl                                                                                                                                                                              | Music                                              | classical                                          |             9.6 | 4476.9800000000005 |     1.113234369331388
 AAAAAAAAHGGAAAAA | Large facilities used to get with a methods. Then other prizes ought to concern now more far groups. Available activities would retain better causal homes; multiple, english                          | Music                                              | classical                                          |            0.62 |             1358.1 |    0.3377016642890872
 AAAAAAAAHMJAAAAA | Better far concerns go all with a friend                                                                                                                                                               | Music                                              | classical                                          |            0.77 |            1200.54 |    0.2985231986198518
 AAAAAAAAHPIBAAAA | Feelings should reflect. Twice public subjects might not require into a initiatives; about guilty ca                                                                                                   | Music                                              | classical                                          |             9.5 |             263.81 |   0.06559831828002659
 AAAAAAAAHPPAAAAA | Old workers like more adequate shares. Central, profound lawyers will not                                                                                                                              | Music                                              | classical                                          |           87.06 |            8704.91 |     2.164540604143081
 AAAAAAAAICADAAAA | General, single branches bring factors; deaf, official versions discuss circumstances. And so on old shops could know leading, still pp.. Ter                                                          | Music                                              | classical                                          |             8.2 |           11190.27 |    2.7825438501172552
 AAAAAAAAIGNBAAAA | Opportunities must prejudice deep from the services. Normal goal                                                                                                                                       | Music                                              | classical                                          |            3.88 |            6399.58 |    1.5913031564326314
 AAAAAAAAIHMBAAAA | Similarly other efforts can enforce deliberately. Persistent visitors could constitute advantages. Comparative, whole women could want important, significant wo                                       | Music                                              | classical                                          |            4.83 |            4594.89 |    1.1425535676498668
 AAAAAAAAIIKAAAAA | Average, other facts shall see without a years. Often permanent studies would                                                                                                                          | Music                                              | classical                                          |           24.39 |            9310.75 |    2.3151872253734034
 AAAAAAAAIIMBAAAA | Good, japanese cases recognize with a clubs; patients ke                                                                                                                                               | Music                                              | classical                                          |            9.77 |              394.8 |   0.09816995586579165
 AAAAAAAAIKPCAAAA | Novel, comfortable operations think then into a centuries. Leaders find new, soft titles. Special countries tell now painting                                                                          | Music                                              | classical                                          |            4.72 |             2267.5 |    0.5638307368938261
 AAAAAAAAILOBAAAA | Today powerful theories go else on a questions. Drugs take from a words. Preliminary benefits can find main, industrial types. Poor years will give. Early, local ways use at least in a mountai       | Music                                              | classical                                          |            9.69 |              261.2 |   0.06494932237118739
 AAAAAAAAIMPDAAAA | Backwards secure boys move necessarily in a officers. Early bodies shall not share quite european, aware plans. Prime, unlikely leaves                                                                 | Music                                              | classical                                          |            4.83 |            3544.32 |    0.8813215247574535
 AAAAAAAAINPCAAAA | Of course                                                                                                                                                                                              | Music                                              | classical                                          |            1.01 |             161.52 |   0.04016314911712936
 AAAAAAAAIOPBAAAA | Slow strategies shall not dislodge eyes; databases take prices. R                                                                                                                                      | Music                                              | classical                                          |            5.16 |            7467.64 |    1.8568842178865763
 AAAAAAAAJCNBAAAA | Social                                                                                                                                                                                                 | Music                                              | classical                                          |            5.86 |            2219.91 |    0.5519971294985551
 AAAAAAAAJECBAAAA | Gentlemen c                                                                                                                                                                                            | Music                                              | classical                                          |           49.26 |            4103.43 |    1.0203483839877543
 AAAAAAAAJIDCAAAA | Respectively immediate cars work fundamentally plans. Really old troops                                                                                                                                | Music                                              | classical                                          |            7.47 |             372.75 |   0.09268705939456393
 AAAAAAAAKDADAAAA | Effective, full years make nonetheless great, nuclear investors. Parties o                                                                                                                             | Music                                              | classical                                          |            8.44 |            1956.38 |   0.48646843530070283
 AAAAAAAAKFNDAAAA | Good, true efforts say quickly new practices. Regular, good functions like alone by a communities; possibly pure emotions need full-time physical, capable parties. National, british practi           | Music                                              | classical                                          |            4.71 |            1489.08 |   0.37027081530048894
 AAAAAAAAKHGCAAAA | General friends should kno                                                                                                                                                                             | Music                                              | classical                                          |            4.86 |                 63 |  0.015665418489222073
 AAAAAAAAKJDDAAAA | Full, important m                                                                                                                                                                                      | Music                                              | classical                                          |            1.21 |             1385.1 |    0.3444154150701824
 AAAAAAAAKLACAAAA | Parties get of course serious profits. Boards develop holy, conscious winds. Industrial, previous features s                                                                                           | Music                                              | classical                                          |            4.11 |              38.05 |  0.009461415452617456
 AAAAAAAAKLIDAAAA | Commercial, natural schools discuss at a implications. Children describe to                                                                                                                            | Music                                              | classical                                          |            6.92 |  4768.700000000001 |    1.1857727166595762
 AAAAAAAAKOFAAAAA | As fine musicians convey only then national criticisms; effective ears may become again happy years. Also short adults may help.                                                                       | Music                                              | classical                                          |            3.06 |            4145.96 |    1.0309237847551609
 AAAAAAAALBJBAAAA | Existing colleges can claim in the rises. Aggressive, f                                                                                                                                                | Music                                              | classical                                          |            7.93 |            8040.14 |    1.9992406001894278
 AAAAAAAALEBAAAAA | Different, domestic parts might develop re                                                                                                                                                             | Music                                              | classical                                          |            6.81 |            3122.48 |    0.7764278718131132
 AAAAAAAALGFAAAAA | Long r                                                                                                                                                                                                 | Music                                              | classical                                          |            1.93 | 15866.550000000001 |     3.945335646510579
 AAAAAAAALPOAAAAA | Also physical years look only farmers. Sides must stand also activities. Great cities may remain separately domestic goods. Reports will hear                                                          | Music                                              | classical                                          |             1.5 |                684 |   0.17008168645441107
 AAAAAAAAMAIAAAAA | Clothes cannot like still new projects. Strong, local sides would go largely persistent, militar                                                                                                       | Music                                              | classical                                          |            6.22 |            2406.72 |    0.5984488251806435
 AAAAAAAAMCJCAAAA | Prisoners must point from a funds; special, politic                                                                                                                                                    | Music                                              | classical                                          |            9.92 |             781.64 |   0.19436059853834192
 AAAAAAAAMIBCAAAA | Expe                                                                                                                                                                                                   | Music                                              | classical                                          |            5.03 | 3622.6800000000003 |    0.9008063214688098
 AAAAAAAAMMDEAAAA | Hours could not help central hours; ago economic jobs use at least rational representatives. Schools will leav                                                                                         | Music                                              | classical                                          |            1.99 |               3864 |    0.9608123340056204
 AAAAAAAAMOBEAAAA | National, dangerous funds serve both standard newspapers; victorian aspects would know as every firms. Mass, traditional studies ought to need. National, european police incr                         | Music                                              | classical                                          |            1.92 |               5.22 | 0.0012979918176784003
 AAAAAAAANDDDAAAA | Domestic feelings must cover apparently on a visits. Other, com                                                                                                                                        | Music                                              | classical                                          |           77.31 | 1563.1899999999998 |   0.38869881790741345
 AAAAAAAANDPAAAAA | Glad, adult cells could act new friends. Revenues let even subjective books. Differ                                                                                                                    | Music                                              | classical                                          |            4.86 |            5526.72 |    1.3742600265516414
 AAAAAAAANFGBAAAA | Confident, different clothes feel books. Other, sure gardens suppress as passive, corresponding months. Good obligations must become                                                                   | Music                                              | classical                                          |            3.88 |              82.94 |  0.020623647769779027
 AAAAAAAANJHCAAAA | Usual, new vehicles go in a bands. Streets create; now small countries will know just children; never total exp                                                                                        | Music                                              | classical                                          |            0.74 |            3207.62 |    0.7975985659428334
 AAAAAAAANNDCAAAA | Early, educational films account nice, following words. Polish trades might result soon. Working, vari                                                                                                 | Music                                              | classical                                          |             0.7 |            5507.03 |    1.3693639616301687
 AAAAAAAANOMBAAAA | Sensitive affairs arouse similar mothers. Sensitive, mutual guests could for                                                                                                                           | Music                                              | classical                                          |            7.43 |             167.79 |   0.04172223124296145
 AAAAAAAAOBDCAAAA | Champions ought to prove for the eyes. A little difficult                                                                                                                                              | Music                                              | classical                                          |            71.3 |             2138.4 |    0.5317290618627377
 AAAAAAAAOBGBAAAA | Far strong others draw tomorrow inner places. Ever static deaths cry soon then var                                                                                                                     | Music                                              | classical                                          |            3.17 |            20447.7 |     5.084472660985177
 AAAAAAAAODBEAAAA | Long years decid                                                                                                                                                                                       | Music                                              | classical                                          |            9.17 |             472.34 |   0.11745085347935164
 AAAAAAAAODEBAAAA | Social, real women ought to rectify just young, afra                                                                                                                                                   | Music                                              | classical                                          |            7.15 |            1624.35 |   0.40390670671377576
 AAAAAAAAOEJCAAAA | Really sudden issues buy most front sugges                                                                                                                                                             | Music                                              | classical                                          |            3.97 |  4647.469999999999 |    1.1556279756524586
 AAAAAAAAOEODAAAA | Dutch masses turn now; even other advantages count upright. Certain, national papers impress initially various agencies. Anyway long-term                                                              | Music                                              | classical                                          |            0.19 |            2657.05 |    0.6606952412188493
 AAAAAAAAOGJDAAAA | Groups can make always victorian                                                                                                                                                                       | Music                                              | classical                                          |            2.16 |            1269.14 |   0.31558109875256035
 AAAAAAAAOMECAAAA | Animals used to create much absolute users. Already possible                                                                                                                                           | Music                                              | classical                                          |            2.75 |             3498.3 |    0.8698783095372313
 AAAAAAAAOMEEAAAA | Statistical children could gather even as scientific foundations.                                                                                                                                      | Music                                              | classical                                          |            3.02 |           10800.61 |     2.685651993474235
(100 rows)

UPDATE time_statistics SET e_time = TRANSACTION_TIMESTAMP() WHERE template = '../query_postgresql/query12.tpl' AND stream = 0;
psql:/tmp/s1-basline/power/query_0.sql:730: NOTICE:  duration: 0.019 ms  plan:
Query Text: UPDATE time_statistics SET e_time = TRANSACTION_TIMESTAMP() WHERE template = '../query_postgresql/query12.tpl' AND stream = 0;
Update on time_statistics  (cost=0.00..28.15 rows=0 width=0) (actual time=0.018..0.018 rows=0 loops=1)
  ->  Seq Scan on time_statistics  (cost=0.00..28.15 rows=1 width=14) (actual time=0.008..0.008 rows=1 loops=1)
        Filter: ((template = '../query_postgresql/query12.tpl'::text) AND (stream = 0))
        Rows Removed by Filter: 12
UPDATE 1
LOAD 'auto_explain'; SET auto_explain.log_min_duration TO 0; SET auto_explain.log_analyze TO on; SET auto_explain.log_level TO notice; INSERT INTO time_statistics (template, s_time, stream, query, seed) VALUES ('query13.tpl', TRANSACTION_TIMESTAMP(), 0, 13, 2028619520);
LOAD
SET
SET
SET
psql:/tmp/s1-basline/power/query_0.sql:731: NOTICE:  duration: 0.021 ms  plan:
Query Text: INSERT INTO time_statistics (template, s_time, stream, query, seed) VALUES ('query13.tpl', TRANSACTION_TIMESTAMP(), 0, 13, 2028619520);
Insert on time_statistics  (cost=0.00..0.01 rows=0 width=0) (actual time=0.021..0.021 rows=0 loops=1)
  ->  Result  (cost=0.00..0.01 rows=1 width=64) (actual time=0.001..0.001 rows=1 loops=1)
INSERT 0 1
select avg(ss_quantity)
       ,avg(ss_ext_sales_price)
       ,avg(ss_ext_wholesale_cost)
       ,sum(ss_ext_wholesale_cost)
 from store_sales
     ,store
     ,customer_demographics
     ,household_demographics
     ,customer_address
     ,date_dim
 where s_store_sk = ss_store_sk
 and  ss_sold_date_sk = d_date_sk and d_year = 2001
 and((ss_hdemo_sk=hd_demo_sk
  and cd_demo_sk = ss_cdemo_sk
  and cd_marital_status = 'W'
  and cd_education_status = '4 yr Degree'
  and ss_sales_price between 100.00 and 150.00
  and hd_dep_count = 3   
     )or
     (ss_hdemo_sk=hd_demo_sk
  and cd_demo_sk = ss_cdemo_sk
  and cd_marital_status = 'U'
  and cd_education_status = 'College'
  and ss_sales_price between 50.00 and 100.00   
  and hd_dep_count = 1
     ) or 
     (ss_hdemo_sk=hd_demo_sk
  and cd_demo_sk = ss_cdemo_sk
  and cd_marital_status = 'D'
  and cd_education_status = 'Secondary'
  and ss_sales_price between 150.00 and 200.00 
  and hd_dep_count = 1  
     ))
 and((ss_addr_sk = ca_address_sk
  and ca_country = 'United States'
  and ca_state in ('ND', 'KS', 'VA')
  and ss_net_profit between 100 and 200  
     ) or
     (ss_addr_sk = ca_address_sk
  and ca_country = 'United States'
  and ca_state in ('AL', 'TX', 'GA')
  and ss_net_profit between 150 and 300  
     ) or
     (ss_addr_sk = ca_address_sk
  and ca_country = 'United States'
  and ca_state in ('OH', 'MO', 'AK')
  and ss_net_profit between 50 and 250  
     ))
;
psql:/tmp/s1-basline/power/query_0.sql:780: NOTICE:  duration: 319.575 ms  plan:
Query Text: select avg(ss_quantity)
       ,avg(ss_ext_sales_price)
       ,avg(ss_ext_wholesale_cost)
       ,sum(ss_ext_wholesale_cost)
 from store_sales
     ,store
     ,customer_demographics
     ,household_demographics
     ,customer_address
     ,date_dim
 where s_store_sk = ss_store_sk
 and  ss_sold_date_sk = d_date_sk and d_year = 2001
 and((ss_hdemo_sk=hd_demo_sk
  and cd_demo_sk = ss_cdemo_sk
  and cd_marital_status = 'W'
  and cd_education_status = '4 yr Degree'
  and ss_sales_price between 100.00 and 150.00
  and hd_dep_count = 3   
     )or
     (ss_hdemo_sk=hd_demo_sk
  and cd_demo_sk = ss_cdemo_sk
  and cd_marital_status = 'U'
  and cd_education_status = 'College'
  and ss_sales_price between 50.00 and 100.00   
  and hd_dep_count = 1
     ) or 
     (ss_hdemo_sk=hd_demo_sk
  and cd_demo_sk = ss_cdemo_sk
  and cd_marital_status = 'D'
  and cd_education_status = 'Secondary'
  and ss_sales_price between 150.00 and 200.00 
  and hd_dep_count = 1  
     ))
 and((ss_addr_sk = ca_address_sk
  and ca_country = 'United States'
  and ca_state in ('ND', 'KS', 'VA')
  and ss_net_profit between 100 and 200  
     ) or
     (ss_addr_sk = ca_address_sk
  and ca_country = 'United States'
  and ca_state in ('AL', 'TX', 'GA')
  and ss_net_profit between 150 and 300  
     ) or
     (ss_addr_sk = ca_address_sk
  and ca_country = 'United States'
  and ca_state in ('OH', 'MO', 'AK')
  and ss_net_profit between 50 and 250  
     ))
;
Aggregate  (cost=110498.14..110498.15 rows=1 width=56) (actual time=319.563..319.565 rows=1 loops=1)
  ->  Nested Loop  (cost=1.15..110498.12 rows=1 width=20) (actual time=276.652..319.553 rows=12 loops=1)
        Join Filter: (store_sales.ss_store_sk = store.s_store_sk)
        Rows Removed by Join Filter: 58
        ->  Nested Loop  (cost=1.15..110496.85 rows=1 width=28) (actual time=276.643..319.526 rows=12 loops=1)
              Join Filter: ((store_sales.ss_hdemo_sk = household_demographics.hd_demo_sk) AND (((customer_demographics.cd_marital_status = 'W'::bpchar) AND (customer_demographics.cd_education_status = '4 yr Degree'::bpchar) AND (store_sales.ss_sales_price >= '100'::double precision) AND (store_sales.ss_sales_price <= '150'::double precision) AND (household_demographics.hd_dep_count = 3)) OR ((customer_demographics.cd_marital_status = 'U'::bpchar) AND (customer_demographics.cd_education_status = 'College'::bpchar) AND (store_sales.ss_sales_price >= '50'::double precision) AND (store_sales.ss_sales_price <= '100'::double precision) AND (household_demographics.hd_dep_count = 1)) OR ((customer_demographics.cd_marital_status = 'D'::bpchar) AND (customer_demographics.cd_education_status = 'Secondary'::bpchar) AND (store_sales.ss_sales_price >= '150'::double precision) AND (store_sales.ss_sales_price <= '200'::double precision) AND (household_demographics.hd_dep_count = 1))))
              Rows Removed by Join Filter: 372948
              ->  Seq Scan on household_demographics  (cost=0.00..186.00 rows=1951 width=12) (actual time=0.017..0.690 rows=1440 loops=1)
                    Filter: ((hd_dep_count = 3) OR (hd_dep_count = 1) OR (hd_dep_count = 1))
                    Rows Removed by Filter: 5760
              ->  Materialize  (cost=1.15..110003.57 rows=3 width=67) (actual time=0.004..0.200 rows=259 loops=1440)
                    ->  Nested Loop  (cost=1.15..110003.56 rows=3 width=67) (actual time=4.995..275.112 rows=259 loops=1)
                          ->  Nested Loop  (cost=0.72..109970.72 rows=43 width=52) (actual time=4.203..263.245 rows=3036 loops=1)
                                ->  Nested Loop  (cost=0.43..109800.69 rows=457 width=68) (actual time=4.127..222.513 rows=17625 loops=1)
                                      ->  Seq Scan on date_dim  (cost=0.00..2318.11 rows=363 width=8) (actual time=4.086..8.560 rows=365 loops=1)
                                            Filter: (d_year = 2001)
                                            Rows Removed by Filter: 72684
                                      ->  Index Scan using i_ss_sold_date_sk on store_sales  (cost=0.43..295.60 rows=50 width=76) (actual time=0.017..0.581 rows=48 loops=365)
                                            Index Cond: (ss_sold_date_sk = date_dim.d_date_sk)
                                            Filter: ((((ss_sales_price >= '100'::double precision) AND (ss_sales_price <= '150'::double precision)) OR ((ss_sales_price >= '50'::double precision) AND (ss_sales_price <= '100'::double precision)) OR ((ss_sales_price >= '150'::double precision) AND (ss_sales_price <= '200'::double precision))) AND (((ss_net_profit >= '100'::double precision) AND (ss_net_profit <= '200'::double precision)) OR ((ss_net_profit >= '150'::double precision) AND (ss_net_profit <= '300'::double precision)) OR ((ss_net_profit >= '50'::double precision) AND (ss_net_profit <= '250'::double precision))))
                                            Rows Removed by Filter: 1457
                                ->  Index Scan using pk_customer_address on customer_address  (cost=0.29..0.36 rows=1 width=11) (actual time=0.002..0.002 rows=0 loops=17625)
                                      Index Cond: (ca_address_sk = store_sales.ss_addr_sk)
                                      Filter: (((ca_country)::text = 'United States'::text) AND ((ca_state = ANY ('{ND,KS,VA}'::bpchar[])) OR (ca_state = ANY ('{AL,TX,GA}'::bpchar[])) OR (ca_state = ANY ('{OH,MO,AK}'::bpchar[]))) AND (((ca_state = ANY ('{ND,KS,VA}'::bpchar[])) AND (store_sales.ss_net_profit >= '100'::double precision) AND (store_sales.ss_net_profit <= '200'::double precision)) OR ((ca_state = ANY ('{AL,TX,GA}'::bpchar[])) AND (store_sales.ss_net_profit >= '150'::double precision) AND (store_sales.ss_net_profit <= '300'::double precision)) OR ((ca_state = ANY ('{OH,MO,AK}'::bpchar[])) AND (store_sales.ss_net_profit >= '50'::double precision) AND (store_sales.ss_net_profit <= '250'::double precision))))
                                      Rows Removed by Filter: 1
                          ->  Index Scan using pk_customer_demographics on customer_demographics  (cost=0.43..0.76 rows=1 width=31) (actual time=0.004..0.004 rows=0 loops=3036)
                                Index Cond: (cd_demo_sk = store_sales.ss_cdemo_sk)
                                Filter: (((cd_marital_status = 'W'::bpchar) AND (cd_education_status = '4 yr Degree'::bpchar)) OR ((cd_marital_status = 'U'::bpchar) AND (cd_education_status = 'College'::bpchar)) OR ((cd_marital_status = 'D'::bpchar) AND (cd_education_status = 'Secondary'::bpchar)))
                                Rows Removed by Filter: 1
        ->  Seq Scan on store  (cost=0.00..1.12 rows=12 width=8) (actual time=0.001..0.001 rows=6 loops=12)
         avg         |   avg   |        avg         |        sum         
---------------------+---------+--------------------+--------------------
 21.7500000000000000 | 1799.21 | 1630.9883333333337 | 19571.860000000004
(1 row)

UPDATE time_statistics SET e_time = TRANSACTION_TIMESTAMP() WHERE template = 'query13.tpl' AND stream = 0;
psql:/tmp/s1-basline/power/query_0.sql:782: NOTICE:  duration: 0.026 ms  plan:
Query Text: UPDATE time_statistics SET e_time = TRANSACTION_TIMESTAMP() WHERE template = 'query13.tpl' AND stream = 0;
Update on time_statistics  (cost=0.00..28.15 rows=0 width=0) (actual time=0.026..0.026 rows=0 loops=1)
  ->  Seq Scan on time_statistics  (cost=0.00..28.15 rows=1 width=14) (actual time=0.012..0.013 rows=1 loops=1)
        Filter: ((template = 'query13.tpl'::text) AND (stream = 0))
        Rows Removed by Filter: 13
UPDATE 1
LOAD 'auto_explain'; SET auto_explain.log_min_duration TO 0; SET auto_explain.log_analyze TO on; SET auto_explain.log_level TO notice; INSERT INTO time_statistics (template, s_time, stream, query, seed) VALUES ('../query_postgresql/query14.tpl', TRANSACTION_TIMESTAMP(), 0, 14, 1384808252);
LOAD
SET
SET
SET
psql:/tmp/s1-basline/power/query_0.sql:783: NOTICE:  duration: 0.010 ms  plan:
Query Text: INSERT INTO time_statistics (template, s_time, stream, query, seed) VALUES ('../query_postgresql/query14.tpl', TRANSACTION_TIMESTAMP(), 0, 14, 1384808252);
Insert on time_statistics  (cost=0.00..0.01 rows=0 width=0) (actual time=0.009..0.009 rows=0 loops=1)
  ->  Result  (cost=0.00..0.01 rows=1 width=64) (actual time=0.001..0.002 rows=1 loops=1)
INSERT 0 1
with  cross_items as
 (select i_item_sk ss_item_sk
 from item,
 (select iss.i_brand_id brand_id
     ,iss.i_class_id class_id
     ,iss.i_category_id category_id
 from store_sales
     ,item iss
     ,date_dim d1
 where ss_item_sk = iss.i_item_sk
   and ss_sold_date_sk = d1.d_date_sk
   and d1.d_year between 2000 AND 2000 + 2
 intersect 
 select ics.i_brand_id
     ,ics.i_class_id
     ,ics.i_category_id
 from catalog_sales
     ,item ics
     ,date_dim d2
 where cs_item_sk = ics.i_item_sk
   and cs_sold_date_sk = d2.d_date_sk
   and d2.d_year between 2000 AND 2000 + 2
 intersect
 select iws.i_brand_id
     ,iws.i_class_id
     ,iws.i_category_id
 from web_sales
     ,item iws
     ,date_dim d3
 where ws_item_sk = iws.i_item_sk
   and ws_sold_date_sk = d3.d_date_sk
   and d3.d_year between 2000 AND 2000 + 2) x
 where i_brand_id = brand_id
      and i_class_id = class_id
      and i_category_id = category_id
),
 avg_sales as
 (select avg(quantity*list_price) average_sales
  from (select ss_quantity quantity
             ,ss_list_price list_price
       from store_sales
           ,date_dim
       where ss_sold_date_sk = d_date_sk
         and d_year between 2000 and 2000 + 2
       union all 
       select cs_quantity quantity 
             ,cs_list_price list_price
       from catalog_sales
           ,date_dim
       where cs_sold_date_sk = d_date_sk
         and d_year between 2000 and 2000 + 2 
       union all
       select ws_quantity quantity
             ,ws_list_price list_price
       from web_sales
           ,date_dim
       where ws_sold_date_sk = d_date_sk
         and d_year between 2000 and 2000 + 2) x)
  select  channel, i_brand_id,i_class_id,i_category_id,sum(sales), sum(number_sales)
 from(
       select 'store' channel, i_brand_id,i_class_id
             ,i_category_id,sum(ss_quantity*ss_list_price) sales
             , count(*) number_sales
       from store_sales
           ,item
           ,date_dim
       where ss_item_sk in (select ss_item_sk from cross_items)
         and ss_item_sk = i_item_sk
         and ss_sold_date_sk = d_date_sk
         and d_year = 2000+2 
         and d_moy = 11
       group by i_brand_id,i_class_id,i_category_id
       having sum(ss_quantity*ss_list_price) > (select average_sales from avg_sales)
       union all
       select 'catalog' channel, i_brand_id,i_class_id,i_category_id, sum(cs_quantity*cs_list_price) sales, count(*) number_sales
       from catalog_sales
           ,item
           ,date_dim
       where cs_item_sk in (select ss_item_sk from cross_items)
         and cs_item_sk = i_item_sk
         and cs_sold_date_sk = d_date_sk
         and d_year = 2000+2 
         and d_moy = 11
       group by i_brand_id,i_class_id,i_category_id
       having sum(cs_quantity*cs_list_price) > (select average_sales from avg_sales)
       union all
       select 'web' channel, i_brand_id,i_class_id,i_category_id, sum(ws_quantity*ws_list_price) sales , count(*) number_sales
       from web_sales
           ,item
           ,date_dim
       where ws_item_sk in (select ss_item_sk from cross_items)
         and ws_item_sk = i_item_sk
         and ws_sold_date_sk = d_date_sk
         and d_year = 2000+2
         and d_moy = 11
       group by i_brand_id,i_class_id,i_category_id
       having sum(ws_quantity*ws_list_price) > (select average_sales from avg_sales)
 ) x
 group by rollup (channel, i_brand_id,i_class_id,i_category_id)
 order by channel,i_brand_id,i_class_id,i_category_id
 limit 100;
psql:/tmp/s1-basline/power/query_0.sql:884: NOTICE:  duration: 14315.537 ms  plan:
Query Text: with  cross_items as
 (select i_item_sk ss_item_sk
 from item,
 (select iss.i_brand_id brand_id
     ,iss.i_class_id class_id
     ,iss.i_category_id category_id
 from store_sales
     ,item iss
     ,date_dim d1
 where ss_item_sk = iss.i_item_sk
   and ss_sold_date_sk = d1.d_date_sk
   and d1.d_year between 2000 AND 2000 + 2
 intersect 
 select ics.i_brand_id
     ,ics.i_class_id
     ,ics.i_category_id
 from catalog_sales
     ,item ics
     ,date_dim d2
 where cs_item_sk = ics.i_item_sk
   and cs_sold_date_sk = d2.d_date_sk
   and d2.d_year between 2000 AND 2000 + 2
 intersect
 select iws.i_brand_id
     ,iws.i_class_id
     ,iws.i_category_id
 from web_sales
     ,item iws
     ,date_dim d3
 where ws_item_sk = iws.i_item_sk
   and ws_sold_date_sk = d3.d_date_sk
   and d3.d_year between 2000 AND 2000 + 2) x
 where i_brand_id = brand_id
      and i_class_id = class_id
      and i_category_id = category_id
),
 avg_sales as
 (select avg(quantity*list_price) average_sales
  from (select ss_quantity quantity
             ,ss_list_price list_price
       from store_sales
           ,date_dim
       where ss_sold_date_sk = d_date_sk
         and d_year between 2000 and 2000 + 2
       union all 
       select cs_quantity quantity 
             ,cs_list_price list_price
       from catalog_sales
           ,date_dim
       where cs_sold_date_sk = d_date_sk
         and d_year between 2000 and 2000 + 2 
       union all
       select ws_quantity quantity
             ,ws_list_price list_price
       from web_sales
           ,date_dim
       where ws_sold_date_sk = d_date_sk
         and d_year between 2000 and 2000 + 2) x)
  select  channel, i_brand_id,i_class_id,i_category_id,sum(sales), sum(number_sales)
 from(
       select 'store' channel, i_brand_id,i_class_id
             ,i_category_id,sum(ss_quantity*ss_list_price) sales
             , count(*) number_sales
       from store_sales
           ,item
           ,date_dim
       where ss_item_sk in (select ss_item_sk from cross_items)
         and ss_item_sk = i_item_sk
         and ss_sold_date_sk = d_date_sk
         and d_year = 2000+2 
         and d_moy = 11
       group by i_brand_id,i_class_id,i_category_id
       having sum(ss_quantity*ss_list_price) > (select average_sales from avg_sales)
       union all
       select 'catalog' channel, i_brand_id,i_class_id,i_category_id, sum(cs_quantity*cs_list_price) sales, count(*) number_sales
       from catalog_sales
           ,item
           ,date_dim
       where cs_item_sk in (select ss_item_sk from cross_items)
         and cs_item_sk = i_item_sk
         and cs_sold_date_sk = d_date_sk
         and d_year = 2000+2 
         and d_moy = 11
       group by i_brand_id,i_class_id,i_category_id
       having sum(cs_quantity*cs_list_price) > (select average_sales from avg_sales)
       union all
       select 'web' channel, i_brand_id,i_class_id,i_category_id, sum(ws_quantity*ws_list_price) sales , count(*) number_sales
       from web_sales
           ,item
           ,date_dim
       where ws_item_sk in (select ss_item_sk from cross_items)
         and ws_item_sk = i_item_sk
         and ws_sold_date_sk = d_date_sk
         and d_year = 2000+2
         and d_moy = 11
       group by i_brand_id,i_class_id,i_category_id
       having sum(ws_quantity*ws_list_price) > (select average_sales from avg_sales)
 ) x
 group by rollup (channel, i_brand_id,i_class_id,i_category_id)
 order by channel,i_brand_id,i_class_id,i_category_id
 limit 100;
Limit  (cost=371983.91..371984.12 rows=13 width=84) (actual time=14315.049..14315.479 rows=100 loops=1)
  CTE cross_items
    ->  Hash Join  (cost=191058.37..192636.12 rows=1 width=8) (actual time=1898.198..1907.587 rows=17718 loops=1)
          Hash Cond: ((item_3.i_brand_id = x_1.brand_id) AND (item_3.i_class_id = x_1.class_id) AND (item_3.i_category_id = x_1.category_id))
          ->  Seq Scan on item item_3  (cost=0.00..1436.00 rows=18000 width=20) (actual time=0.002..1.638 rows=18000 loops=1)
          ->  Hash  (cost=191026.87..191026.87 rows=1800 width=12) (actual time=1898.190..1898.437 rows=5345 loops=1)
                Buckets: 8192 (originally 2048)  Batches: 1 (originally 1)  Memory Usage: 294kB
                ->  Subquery Scan on x_1  (cost=5175.25..191026.87 rows=1800 width=12) (actual time=1896.501..1897.453 rows=5394 loops=1)
                      ->  HashSetOp Intersect  (cost=5175.25..191008.87 rows=1800 width=16) (actual time=1896.500..1896.966 rows=5394 loops=1)
                            ->  Append  (cost=5175.25..190915.52 rows=12446 width=16) (actual time=1404.004..1830.758 rows=434182 loops=1)
                                  ->  Result  (cost=5175.25..154374.39 rows=1800 width=16) (actual time=1404.003..1404.938 rows=5399 loops=1)
                                        ->  HashSetOp Intersect  (cost=5175.25..154356.39 rows=1800 width=16) (actual time=1404.002..1404.412 rows=5399 loops=1)
                                              ->  Append  (cost=5175.25..153892.42 rows=61862 width=16) (actual time=18.418..1037.735 rows=2507036 loops=1)
                                                    ->  Subquery Scan on "*SELECT* 1"  (cost=5175.25..97966.87 rows=40688 width=16) (actual time=18.418..374.561 rows=1648115 loops=1)
                                                          ->  Gather  (cost=5175.25..97559.99 rows=40688 width=12) (actual time=18.417..222.890 rows=1648115 loops=1)
                                                                Workers Planned: 2
                                                                Workers Launched: 2
                                                                ->  Hash Join  (cost=4175.25..92491.19 rows=16953 width=12) (actual time=33.348..444.289 rows=549372 loops=3)
                                                                      Hash Cond: (store_sales_1.ss_item_sk = iss.i_item_sk)
                                                                      ->  Hash Join  (cost=2514.25..90785.67 rows=16953 width=8) (actual time=14.432..308.130 rows=549372 loops=3)
                                                                            Hash Cond: (store_sales_1.ss_sold_date_sk = d1.d_date_sk)
                                                                            ->  Parallel Seq Scan on store_sales store_sales_1  (cost=0.00..85123.48 rows=1199148 width=16) (actual time=0.013..136.071 rows=959309 loops=3)
                                                                            ->  Hash  (cost=2500.73..2500.73 rows=1081 width=8) (actual time=14.404..14.404 rows=1096 loops=3)
                                                                                  Buckets: 2048  Batches: 1  Memory Usage: 59kB
                                                                                  ->  Seq Scan on date_dim d1  (cost=0.00..2500.73 rows=1081 width=8) (actual time=6.983..14.276 rows=1096 loops=3)
                                                                                        Filter: ((d_year >= 2000) AND (d_year <= 2002))
                                                                                        Rows Removed by Filter: 71953
                                                                      ->  Hash  (cost=1436.00..1436.00 rows=18000 width=20) (actual time=18.607..18.608 rows=18000 loops=3)
                                                                            Buckets: 32768  Batches: 1  Memory Usage: 1240kB
                                                                            ->  Seq Scan on item iss  (cost=0.00..1436.00 rows=18000 width=20) (actual time=0.026..15.594 rows=18000 loops=3)
                                                    ->  Subquery Scan on "*SELECT* 2"  (cost=1661.43..55616.25 rows=21174 width=16) (actual time=13.941..514.031 rows=858921 loops=1)
                                                          ->  Hash Join  (cost=1661.43..55404.51 rows=21174 width=12) (actual time=13.940..446.200 rows=858921 loops=1)
                                                                Hash Cond: (catalog_sales_1.cs_item_sk = ics.i_item_sk)
                                                                ->  Nested Loop  (cost=0.43..53687.92 rows=21174 width=8) (actual time=4.132..285.536 rows=858921 loops=1)
                                                                      ->  Seq Scan on date_dim d2  (cost=0.00..2500.73 rows=1081 width=8) (actual time=4.063..9.174 rows=1096 loops=1)
                                                                            Filter: ((d_year >= 2000) AND (d_year <= 2002))
                                                                            Rows Removed by Filter: 71953
                                                                      ->  Index Scan using i_cs_sold_date_sk on catalog_sales catalog_sales_1  (cost=0.43..39.53 rows=782 width=16) (actual time=0.004..0.132 rows=784 loops=1096)
                                                                            Index Cond: (cs_sold_date_sk = d2.d_date_sk)
                                                                ->  Hash  (cost=1436.00..1436.00 rows=18000 width=20) (actual time=9.642..9.643 rows=18000 loops=1)
                                                                      Buckets: 32768  Batches: 1  Memory Usage: 1240kB
                                                                      ->  Seq Scan on item ics  (cost=0.00..1436.00 rows=18000 width=20) (actual time=0.004..6.617 rows=18000 loops=1)
                                  ->  Subquery Scan on "*SELECT* 3"  (cost=3514.53..36478.90 rows=10646 width=16) (actual time=8.783..399.705 rows=428783 loops=1)
                                        ->  Gather  (cost=3514.53..36372.44 rows=10646 width=12) (actual time=8.782..359.848 rows=428783 loops=1)
                                              Workers Planned: 2
                                              Workers Launched: 2
                                              ->  Nested Loop  (cost=2514.53..34307.84 rows=4436 width=12) (actual time=14.489..413.792 rows=142928 loops=3)
                                                    ->  Hash Join  (cost=2514.25..32946.03 rows=4436 width=8) (actual time=14.434..119.803 rows=142928 loops=3)
                                                          Hash Cond: (web_sales_1.ws_sold_date_sk = d3.d_date_sk)
                                                          ->  Parallel Seq Scan on web_sales web_sales_1  (cost=0.00..29644.81 rows=299781 width=16) (actual time=0.016..50.831 rows=239825 loops=3)
                                                          ->  Hash  (cost=2500.73..2500.73 rows=1081 width=8) (actual time=14.303..14.304 rows=1096 loops=3)
                                                                Buckets: 2048  Batches: 1  Memory Usage: 59kB
                                                                ->  Seq Scan on date_dim d3  (cost=0.00..2500.73 rows=1081 width=8) (actual time=7.000..14.150 rows=1096 loops=3)
                                                                      Filter: ((d_year >= 2000) AND (d_year <= 2002))
                                                                      Rows Removed by Filter: 71953
                                                    ->  Index Scan using pk_item on item iws  (cost=0.29..0.31 rows=1 width=20) (actual time=0.002..0.002 rows=1 loops=428783)
                                                          Index Cond: (i_item_sk = web_sales_1.ws_item_sk)
  CTE avg_sales
    ->  Finalize Aggregate  (cost=179223.10..179223.11 rows=1 width=8) (actual time=639.914..640.010 rows=1 loops=1)
          ->  Gather  (cost=179222.88..179223.09 rows=2 width=32) (actual time=639.801..639.992 rows=3 loops=1)
                Workers Planned: 2
                Workers Launched: 2
                ->  Partial Aggregate  (cost=178222.88..178222.89 rows=1 width=32) (actual time=635.059..635.064 rows=1 loops=3)
                      ->  Parallel Append  (cost=0.43..177996.30 rows=30211 width=12) (actual time=11.908..564.652 rows=978606 loops=3)
                            ->  Nested Loop  (cost=0.43..53687.92 rows=21174 width=12) (actual time=9.478..411.679 rows=858921 loops=1)
                                  ->  Seq Scan on date_dim date_dim_3  (cost=0.00..2500.73 rows=1081 width=8) (actual time=9.375..14.868 rows=1096 loops=1)
                                        Filter: ((d_year >= 2000) AND (d_year <= 2002))
                                        Rows Removed by Filter: 71953
                                  ->  Index Scan using i_cs_sold_date_sk on catalog_sales catalog_sales_2  (cost=0.43..39.53 rows=782 width=20) (actual time=0.004..0.213 rows=784 loops=1096)
                                        Index Cond: (cs_sold_date_sk = date_dim_3.d_date_sk)
                            ->  Hash Join  (cost=2514.25..90785.67 rows=16953 width=12) (actual time=11.361..296.204 rows=549372 loops=3)
                                  Hash Cond: (store_sales_2.ss_sold_date_sk = date_dim_4.d_date_sk)
                                  ->  Parallel Seq Scan on store_sales store_sales_2  (cost=0.00..85123.48 rows=1199148 width=20) (actual time=0.010..109.673 rows=959309 loops=3)
                                  ->  Hash  (cost=2500.73..2500.73 rows=1081 width=8) (actual time=11.251..11.252 rows=1096 loops=3)
                                        Buckets: 2048  Batches: 1  Memory Usage: 59kB
                                        ->  Seq Scan on date_dim date_dim_4  (cost=0.00..2500.73 rows=1081 width=8) (actual time=5.304..11.112 rows=1096 loops=3)
                                              Filter: ((d_year >= 2000) AND (d_year <= 2002))
                                              Rows Removed by Filter: 71953
                            ->  Hash Join  (cost=2514.25..32946.03 rows=4436 width=12) (actual time=8.718..218.475 rows=428783 loops=1)
                                  Hash Cond: (web_sales_2.ws_sold_date_sk = date_dim_5.d_date_sk)
                                  ->  Parallel Seq Scan on web_sales web_sales_2  (cost=0.00..29644.81 rows=299781 width=20) (actual time=0.004..62.066 rows=719474 loops=1)
                                  ->  Hash  (cost=2500.73..2500.73 rows=1081 width=8) (actual time=8.703..8.704 rows=1096 loops=1)
                                        Buckets: 2048  Batches: 1  Memory Usage: 59kB
                                        ->  Seq Scan on date_dim date_dim_5  (cost=0.00..2500.73 rows=1081 width=8) (actual time=4.044..8.584 rows=1096 loops=1)
                                              Filter: ((d_year >= 2000) AND (d_year <= 2002))
                                              Rows Removed by Filter: 71953
  ->  GroupAggregate  (cost=124.68..124.89 rows=13 width=84) (actual time=14315.049..14315.126 rows=100 loops=1)
        Group Key: ('store'::text), item.i_brand_id, item.i_class_id, item.i_category_id
        Group Key: ('store'::text), item.i_brand_id, item.i_class_id
        Group Key: ('store'::text), item.i_brand_id
        Group Key: ('store'::text)
        Group Key: ()
        ->  Sort  (cost=124.68..124.69 rows=3 width=60) (actual time=14315.041..14315.053 rows=72 loops=1)
              Sort Key: ('store'::text), item.i_brand_id, item.i_class_id, item.i_category_id
              Sort Method: quicksort  Memory: 1227kB
              ->  Append  (cost=67.75..124.66 rows=3 width=60) (actual time=9145.095..14305.863 rows=11096 loops=1)
                    ->  GroupAggregate  (cost=67.75..67.78 rows=1 width=60) (actual time=9145.094..9162.615 rows=4024 loops=1)
                          Group Key: item.i_brand_id, item.i_class_id, item.i_category_id
                          Filter: (sum(((store_sales.ss_quantity)::double precision * store_sales.ss_list_price)) > $8)
                          Rows Removed by Filter: 6
                          InitPlan 3 (returns $8)
                            ->  CTE Scan on avg_sales  (cost=0.00..0.02 rows=1 width=8) (actual time=639.917..639.918 rows=1 loops=1)
                          ->  Sort  (cost=67.73..67.73 rows=1 width=24) (actual time=8505.129..8509.815 rows=89250 loops=1)
                                Sort Key: item.i_brand_id, item.i_class_id, item.i_category_id
                                Sort Method: quicksort  Memory: 8634kB
                                ->  Nested Loop  (cost=1.03..67.72 rows=1 width=24) (actual time=1915.774..8471.329 rows=89250 loops=1)
                                      ->  Nested Loop  (cost=0.74..12.80 rows=174 width=32) (actual time=1915.742..4911.182 rows=2839698 loops=1)
                                            ->  Nested Loop  (cost=0.31..2.54 rows=1 width=28) (actual time=1915.696..1968.930 rows=17718 loops=1)
                                                  ->  HashAggregate  (cost=0.02..0.03 rows=1 width=8) (actual time=1915.686..1920.721 rows=17718 loops=1)
                                                        Group Key: cross_items.ss_item_sk
                                                        Batches: 1  Memory Usage: 1833kB
                                                        ->  CTE Scan on cross_items  (cost=0.00..0.02 rows=1 width=8) (actual time=1898.200..1910.624 rows=17718 loops=1)
                                                  ->  Index Scan using pk_item on item  (cost=0.29..2.51 rows=1 width=20) (actual time=0.002..0.002 rows=1 loops=17718)
                                                        Index Cond: (i_item_sk = cross_items.ss_item_sk)
                                            ->  Index Scan using pk_store_sales on store_sales  (cost=0.43..8.52 rows=174 width=28) (actual time=0.008..0.143 rows=160 loops=17718)
                                                  Index Cond: (ss_item_sk = item.i_item_sk)
                                      ->  Index Scan using pk_date_dim on date_dim  (cost=0.29..0.32 rows=1 width=8) (actual time=0.001..0.001 rows=0 loops=2839698)
                                            Index Cond: (d_date_sk = store_sales.ss_sold_date_sk)
                                            Filter: ((d_year = 2002) AND (d_moy = 11))
                                            Rows Removed by Filter: 1
                    ->  GroupAggregate  (cost=36.80..36.84 rows=1 width=60) (actual time=3425.518..3434.766 rows=3888 loops=1)
                          Group Key: item_1.i_brand_id, item_1.i_class_id, item_1.i_category_id
                          Filter: (sum(((catalog_sales.cs_quantity)::double precision * catalog_sales.cs_list_price)) > $9)
                          Rows Removed by Filter: 127
                          InitPlan 4 (returns $9)
                            ->  CTE Scan on avg_sales avg_sales_1  (cost=0.00..0.02 rows=1 width=8) (actual time=0.001..0.002 rows=1 loops=1)
                          ->  Sort  (cost=36.78..36.79 rows=1 width=24) (actual time=3425.490..3427.379 rows=46543 loops=1)
                                Sort Key: item_1.i_brand_id, item_1.i_class_id, item_1.i_category_id
                                Sort Method: quicksort  Memory: 4444kB
                                ->  Nested Loop  (cost=1.03..36.77 rows=1 width=24) (actual time=5.560..3408.332 rows=46543 loops=1)
                                      ->  Nested Loop  (cost=0.74..8.95 rows=88 width=32) (actual time=5.078..1573.303 rows=1420432 loops=1)
                                            ->  Nested Loop  (cost=0.31..2.54 rows=1 width=28) (actual time=5.033..51.268 rows=17718 loops=1)
                                                  ->  HashAggregate  (cost=0.02..0.03 rows=1 width=8) (actual time=5.015..9.700 rows=17718 loops=1)
                                                        Group Key: cross_items_1.ss_item_sk
                                                        Batches: 1  Memory Usage: 1833kB
                                                        ->  CTE Scan on cross_items cross_items_1  (cost=0.00..0.02 rows=1 width=8) (actual time=0.001..1.089 rows=17718 loops=1)
                                                  ->  Index Scan using pk_item on item item_1  (cost=0.29..2.51 rows=1 width=20) (actual time=0.002..0.002 rows=1 loops=17718)
                                                        Index Cond: (i_item_sk = cross_items_1.ss_item_sk)
                                            ->  Index Scan using pk_catalog_sales on catalog_sales  (cost=0.43..5.53 rows=88 width=28) (actual time=0.006..0.073 rows=80 loops=17718)
                                                  Index Cond: (cs_item_sk = item_1.i_item_sk)
                                      ->  Index Scan using pk_date_dim on date_dim date_dim_1  (cost=0.29..0.32 rows=1 width=8) (actual time=0.001..0.001 rows=0 loops=1420432)
                                            Index Cond: (d_date_sk = catalog_sales.cs_sold_date_sk)
                                            Filter: ((d_year = 2002) AND (d_moy = 11))
                                            Rows Removed by Filter: 1
                    ->  GroupAggregate  (cost=19.95..19.99 rows=1 width=60) (actual time=1702.853..1707.816 rows=3184 loops=1)
                          Group Key: item_2.i_brand_id, item_2.i_class_id, item_2.i_category_id
                          Filter: (sum(((web_sales.ws_quantity)::double precision * web_sales.ws_list_price)) > $10)
                          Rows Removed by Filter: 562
                          InitPlan 5 (returns $10)
                            ->  CTE Scan on avg_sales avg_sales_2  (cost=0.00..0.02 rows=1 width=8) (actual time=0.001..0.002 rows=1 loops=1)
                          ->  Sort  (cost=19.93..19.94 rows=1 width=24) (actual time=1702.832..1703.752 rows=22124 loops=1)
                                Sort Key: item_2.i_brand_id, item_2.i_class_id, item_2.i_category_id
                                Sort Method: quicksort  Memory: 2151kB
                                ->  Nested Loop  (cost=1.03..19.92 rows=1 width=24) (actual time=5.764..1694.296 rows=22124 loops=1)
                                      ->  Nested Loop  (cost=0.73..5.95 rows=44 width=32) (actual time=5.640..765.853 rows=709822 loops=1)
                                            ->  Nested Loop  (cost=0.31..2.54 rows=1 width=28) (actual time=5.629..48.072 rows=17718 loops=1)
                                                  ->  HashAggregate  (cost=0.02..0.03 rows=1 width=8) (actual time=5.620..10.073 rows=17718 loops=1)
                                                        Group Key: cross_items_2.ss_item_sk
                                                        Batches: 1  Memory Usage: 1833kB
                                                        ->  CTE Scan on cross_items cross_items_2  (cost=0.00..0.02 rows=1 width=8) (actual time=0.001..1.092 rows=17718 loops=1)
                                                  ->  Index Scan using pk_item on item item_2  (cost=0.29..2.51 rows=1 width=20) (actual time=0.002..0.002 rows=1 loops=17718)
                                                        Index Cond: (i_item_sk = cross_items_2.ss_item_sk)
                                            ->  Index Scan using pk_web_sales on web_sales  (cost=0.42..2.98 rows=44 width=28) (actual time=0.004..0.034 rows=40 loops=17718)
                                                  Index Cond: (ws_item_sk = item_2.i_item_sk)
                                      ->  Index Scan using pk_date_dim on date_dim date_dim_2  (cost=0.29..0.32 rows=1 width=8) (actual time=0.001..0.001 rows=0 loops=709822)
                                            Index Cond: (d_date_sk = web_sales.ws_sold_date_sk)
                                            Filter: ((d_year = 2002) AND (d_moy = 11))
                                            Rows Removed by Filter: 1
 channel | i_brand_id | i_class_id | i_category_id |        sum         | sum 
---------+------------+------------+---------------+--------------------+-----
 catalog |    1001001 |          1 |             1 | 385606.46000000014 | 103
 catalog |    1001001 |          1 |             2 |           66094.94 |  12
 catalog |    1001001 |          1 |             3 |  79558.50000000001 |  25
 catalog |    1001001 |          1 |             4 | 15661.820000000002 |   5
 catalog |    1001001 |          1 |             6 | 11009.210000000001 |   3
 catalog |    1001001 |          1 |             7 | 149834.87000000002 |  31
 catalog |    1001001 |          1 |             8 | 104312.71000000002 |  25
 catalog |    1001001 |          1 |             9 |           15037.85 |   4
 catalog |    1001001 |          1 |            10 | 102303.31999999998 |  26
 catalog |    1001001 |          1 |               |  929419.6799999999 | 234
 catalog |    1001001 |          2 |             1 |           80764.49 |  19
 catalog |    1001001 |          2 |             3 |           51114.15 |   7
 catalog |    1001001 |          2 |             9 |           18456.54 |   4
 catalog |    1001001 |          2 |            10 |  54085.96000000001 |   8
 catalog |    1001001 |          2 |               |          204421.14 |  38
 catalog |    1001001 |          3 |             1 |  80871.07999999997 |  18
 catalog |    1001001 |          3 |             2 |           33005.59 |   4
 catalog |    1001001 |          3 |             8 |           22985.21 |   5
 catalog |    1001001 |          3 |               | 136861.87999999998 |  27
 catalog |    1001001 |          4 |             1 |           77467.83 |  15
 catalog |    1001001 |          4 |             2 | 16075.650000000001 |   4
 catalog |    1001001 |          4 |             3 | 36122.049999999996 |   6
 catalog |    1001001 |          4 |             4 | 47279.229999999996 |  10
 catalog |    1001001 |          4 |             5 |           84961.32 |  14
 catalog |    1001001 |          4 |               | 261906.08000000002 |  49
 catalog |    1001001 |          5 |             1 |            61996.1 |   9
 catalog |    1001001 |          5 |             9 | 15864.529999999999 |   4
 catalog |    1001001 |          5 |               |           77860.63 |  13
 catalog |    1001001 |          7 |             1 | 59883.350000000006 |  10
 catalog |    1001001 |          7 |             6 |           46465.39 |  12
 catalog |    1001001 |          7 |               |          106348.74 |  22
 catalog |    1001001 |          8 |             1 |           42337.85 |  12
 catalog |    1001001 |          8 |             7 |             5338.1 |   2
 catalog |    1001001 |          8 |               |           47675.95 |  14
 catalog |    1001001 |          9 |             1 |  65382.25000000001 |   7
 catalog |    1001001 |          9 |               |  65382.25000000001 |   7
 catalog |    1001001 |         10 |             6 |  6827.950000000001 |   4
 catalog |    1001001 |         10 |               |  6827.950000000001 |   4
 catalog |    1001001 |         11 |            10 | 13498.189999999999 |   5
 catalog |    1001001 |         11 |               | 13498.189999999999 |   5
 catalog |    1001001 |         12 |             1 |          144150.08 |  25
 catalog |    1001001 |         12 |             7 |           24089.82 |   4
 catalog |    1001001 |         12 |               |           168239.9 |  29
 catalog |    1001001 |         13 |             1 |           18277.29 |   3
 catalog |    1001001 |         13 |            10 |  33033.86000000001 |   6
 catalog |    1001001 |         13 |               |  51311.15000000001 |   9
 catalog |    1001001 |         15 |             1 |            6819.93 |   2
 catalog |    1001001 |         15 |               |            6819.93 |   2
 catalog |    1001001 |            |               | 2076573.4700000004 | 453
 catalog |    1001002 |          1 |             1 | 2512327.3199999994 | 497
 catalog |    1001002 |          1 |             3 |  51078.76000000001 |   7
 catalog |    1001002 |          1 |             5 |           42910.22 |   5
 catalog |    1001002 |          1 |             7 |  41120.42999999999 |   7
 catalog |    1001002 |          1 |             8 |            8827.75 |   2
 catalog |    1001002 |          1 |             9 |           16701.05 |   5
 catalog |    1001002 |          1 |               | 2672965.5299999993 | 523
 catalog |    1001002 |          3 |             1 | 180796.87000000005 |  39
 catalog |    1001002 |          3 |             3 | 41966.840000000004 |   9
 catalog |    1001002 |          3 |             5 |           23482.21 |   6
 catalog |    1001002 |          3 |               | 246245.92000000004 |  54
 catalog |    1001002 |          4 |             1 | 14410.220000000001 |   3
 catalog |    1001002 |          4 |             2 |           27749.47 |   6
 catalog |    1001002 |          4 |             6 | 30503.409999999996 |   5
 catalog |    1001002 |          4 |               |            72663.1 |  14
 catalog |    1001002 |          6 |             1 | 27755.419999999995 |   4
 catalog |    1001002 |          6 |               | 27755.419999999995 |   4
 catalog |    1001002 |          8 |             1 | 32554.380000000005 |   5
 catalog |    1001002 |          8 |               | 32554.380000000005 |   5
 catalog |    1001002 |          9 |             7 |             4917.4 |   2
 catalog |    1001002 |          9 |               |             4917.4 |   2
 catalog |    1001002 |         10 |             9 |           34553.24 |   7
 catalog |    1001002 |         10 |               |           34553.24 |   7
 catalog |    1001002 |         11 |             1 | 15330.670000000002 |   2
 catalog |    1001002 |         11 |               | 15330.670000000002 |   2
 catalog |    1001002 |         12 |             1 |           36887.98 |   9
 catalog |    1001002 |         12 |               |           36887.98 |   9
 catalog |    1001002 |         13 |             6 |            33044.5 |   5
 catalog |    1001002 |         13 |             9 | 47785.729999999996 |   8
 catalog |    1001002 |         13 |               |           80830.23 |  13
 catalog |    1001002 |         14 |             6 |           33625.42 |   6
 catalog |    1001002 |         14 |               |           33625.42 |   6
 catalog |    1001002 |         15 |             1 |            29136.3 |   7
 catalog |    1001002 |         15 |               |            29136.3 |   7
 catalog |    1001002 |         16 |             1 |            38232.5 |   6
 catalog |    1001002 |         16 |               |            38232.5 |   6
 catalog |    1001002 |            |               | 3325698.0899999994 | 652
 catalog |    1002001 |          1 |             1 |  87435.70000000001 |  12
 catalog |    1002001 |          1 |             3 | 17787.600000000002 |   4
 catalog |    1002001 |          1 |             4 |            8286.87 |   5
 catalog |    1002001 |          1 |             5 | 24824.449999999997 |   7
 catalog |    1002001 |          1 |               |          138334.62 |  28
 catalog |    1002001 |          2 |             1 |  464083.1800000001 |  96
 catalog |    1002001 |          2 |             2 | 28091.170000000002 |  10
 catalog |    1002001 |          2 |             3 | 27703.229999999996 |   7
 catalog |    1002001 |          2 |             4 | 132262.87999999998 |  27
 catalog |    1002001 |          2 |             5 | 40391.340000000004 |  10
 catalog |    1002001 |          2 |             6 |           77355.88 |  20
 catalog |    1002001 |          2 |             7 | 112384.00000000001 |  25
 catalog |    1002001 |          2 |             8 |           84824.33 |   9
 catalog |    1002001 |          2 |             9 |           74344.21 |  14
(100 rows)

with  cross_items as
 (select i_item_sk ss_item_sk
 from item,
 (select iss.i_brand_id brand_id
     ,iss.i_class_id class_id
     ,iss.i_category_id category_id
 from store_sales
     ,item iss
     ,date_dim d1
 where ss_item_sk = iss.i_item_sk
   and ss_sold_date_sk = d1.d_date_sk
   and d1.d_year between 2000 AND 2000 + 2
 intersect
 select ics.i_brand_id
     ,ics.i_class_id
     ,ics.i_category_id
 from catalog_sales
     ,item ics
     ,date_dim d2
 where cs_item_sk = ics.i_item_sk
   and cs_sold_date_sk = d2.d_date_sk
   and d2.d_year between 2000 AND 2000 + 2
 intersect
 select iws.i_brand_id
     ,iws.i_class_id
     ,iws.i_category_id
 from web_sales
     ,item iws
     ,date_dim d3
 where ws_item_sk = iws.i_item_sk
   and ws_sold_date_sk = d3.d_date_sk
   and d3.d_year between 2000 AND 2000 + 2) x
 where i_brand_id = brand_id
      and i_class_id = class_id
      and i_category_id = category_id
),
 avg_sales as
(select avg(quantity*list_price) average_sales
  from (select ss_quantity quantity
             ,ss_list_price list_price
       from store_sales
           ,date_dim
       where ss_sold_date_sk = d_date_sk
         and d_year between 2000 and 2000 + 2
       union all
       select cs_quantity quantity
             ,cs_list_price list_price
       from catalog_sales
           ,date_dim
       where cs_sold_date_sk = d_date_sk
         and d_year between 2000 and 2000 + 2
       union all
       select ws_quantity quantity
             ,ws_list_price list_price
       from web_sales
           ,date_dim
       where ws_sold_date_sk = d_date_sk
         and d_year between 2000 and 2000 + 2) x)
  select  this_year.channel ty_channel
                           ,this_year.i_brand_id ty_brand
                           ,this_year.i_class_id ty_class
                           ,this_year.i_category_id ty_category
                           ,this_year.sales ty_sales
                           ,this_year.number_sales ty_number_sales
                           ,last_year.channel ly_channel
                           ,last_year.i_brand_id ly_brand
                           ,last_year.i_class_id ly_class
                           ,last_year.i_category_id ly_category
                           ,last_year.sales ly_sales
                           ,last_year.number_sales ly_number_sales 
 from
 (select 'store' channel, i_brand_id,i_class_id,i_category_id
        ,sum(ss_quantity*ss_list_price) sales, count(*) number_sales
 from store_sales 
     ,item
     ,date_dim
 where ss_item_sk in (select ss_item_sk from cross_items)
   and ss_item_sk = i_item_sk
   and ss_sold_date_sk = d_date_sk
   and d_week_seq = (select d_week_seq
                     from date_dim
                     where d_year = 2000 + 1
                       and d_moy = 12
                       and d_dom = 1)
 group by i_brand_id,i_class_id,i_category_id
 having sum(ss_quantity*ss_list_price) > (select average_sales from avg_sales)) this_year,
 (select 'store' channel, i_brand_id,i_class_id
        ,i_category_id, sum(ss_quantity*ss_list_price) sales, count(*) number_sales
 from store_sales
     ,item
     ,date_dim
 where ss_item_sk in (select ss_item_sk from cross_items)
   and ss_item_sk = i_item_sk
   and ss_sold_date_sk = d_date_sk
   and d_week_seq = (select d_week_seq
                     from date_dim
                     where d_year = 2000
                       and d_moy = 12
                       and d_dom = 1)
 group by i_brand_id,i_class_id,i_category_id
 having sum(ss_quantity*ss_list_price) > (select average_sales from avg_sales)) last_year
 where this_year.i_brand_id= last_year.i_brand_id
   and this_year.i_class_id = last_year.i_class_id
   and this_year.i_category_id = last_year.i_category_id
 order by this_year.channel, this_year.i_brand_id, this_year.i_class_id, this_year.i_category_id
 limit 100;
psql:/tmp/s1-basline/power/query_0.sql:990: NOTICE:  duration: 24067.081 ms  plan:
Query Text: with  cross_items as
 (select i_item_sk ss_item_sk
 from item,
 (select iss.i_brand_id brand_id
     ,iss.i_class_id class_id
     ,iss.i_category_id category_id
 from store_sales
     ,item iss
     ,date_dim d1
 where ss_item_sk = iss.i_item_sk
   and ss_sold_date_sk = d1.d_date_sk
   and d1.d_year between 2000 AND 2000 + 2
 intersect
 select ics.i_brand_id
     ,ics.i_class_id
     ,ics.i_category_id
 from catalog_sales
     ,item ics
     ,date_dim d2
 where cs_item_sk = ics.i_item_sk
   and cs_sold_date_sk = d2.d_date_sk
   and d2.d_year between 2000 AND 2000 + 2
 intersect
 select iws.i_brand_id
     ,iws.i_class_id
     ,iws.i_category_id
 from web_sales
     ,item iws
     ,date_dim d3
 where ws_item_sk = iws.i_item_sk
   and ws_sold_date_sk = d3.d_date_sk
   and d3.d_year between 2000 AND 2000 + 2) x
 where i_brand_id = brand_id
      and i_class_id = class_id
      and i_category_id = category_id
),
 avg_sales as
(select avg(quantity*list_price) average_sales
  from (select ss_quantity quantity
             ,ss_list_price list_price
       from store_sales
           ,date_dim
       where ss_sold_date_sk = d_date_sk
         and d_year between 2000 and 2000 + 2
       union all
       select cs_quantity quantity
             ,cs_list_price list_price
       from catalog_sales
           ,date_dim
       where cs_sold_date_sk = d_date_sk
         and d_year between 2000 and 2000 + 2
       union all
       select ws_quantity quantity
             ,ws_list_price list_price
       from web_sales
           ,date_dim
       where ws_sold_date_sk = d_date_sk
         and d_year between 2000 and 2000 + 2) x)
  select  this_year.channel ty_channel
                           ,this_year.i_brand_id ty_brand
                           ,this_year.i_class_id ty_class
                           ,this_year.i_category_id ty_category
                           ,this_year.sales ty_sales
                           ,this_year.number_sales ty_number_sales
                           ,last_year.channel ly_channel
                           ,last_year.i_brand_id ly_brand
                           ,last_year.i_class_id ly_class
                           ,last_year.i_category_id ly_category
                           ,last_year.sales ly_sales
                           ,last_year.number_sales ly_number_sales 
 from
 (select 'store' channel, i_brand_id,i_class_id,i_category_id
        ,sum(ss_quantity*ss_list_price) sales, count(*) number_sales
 from store_sales 
     ,item
     ,date_dim
 where ss_item_sk in (select ss_item_sk from cross_items)
   and ss_item_sk = i_item_sk
   and ss_sold_date_sk = d_date_sk
   and d_week_seq = (select d_week_seq
                     from date_dim
                     where d_year = 2000 + 1
                       and d_moy = 12
                       and d_dom = 1)
 group by i_brand_id,i_class_id,i_category_id
 having sum(ss_quantity*ss_list_price) > (select average_sales from avg_sales)) this_year,
 (select 'store' channel, i_brand_id,i_class_id
        ,i_category_id, sum(ss_quantity*ss_list_price) sales, count(*) number_sales
 from store_sales
     ,item
     ,date_dim
 where ss_item_sk in (select ss_item_sk from cross_items)
   and ss_item_sk = i_item_sk
   and ss_sold_date_sk = d_date_sk
   and d_week_seq = (select d_week_seq
                     from date_dim
                     where d_year = 2000
                       and d_moy = 12
                       and d_dom = 1)
 group by i_brand_id,i_class_id,i_category_id
 having sum(ss_quantity*ss_list_price) > (select average_sales from avg_sales)) last_year
 where this_year.i_brand_id= last_year.i_brand_id
   and this_year.i_class_id = last_year.i_class_id
   and this_year.i_category_id = last_year.i_category_id
 order by this_year.channel, this_year.i_brand_id, this_year.i_class_id, this_year.i_category_id
 limit 100;
Limit  (cost=377360.69..377360.70 rows=1 width=120) (actual time=24066.661..24066.972 rows=100 loops=1)
  CTE cross_items
    ->  Hash Join  (cost=191058.37..192636.12 rows=1 width=8) (actual time=1863.854..1872.950 rows=17718 loops=1)
          Hash Cond: ((item_2.i_brand_id = x.brand_id) AND (item_2.i_class_id = x.class_id) AND (item_2.i_category_id = x.category_id))
          ->  Seq Scan on item item_2  (cost=0.00..1436.00 rows=18000 width=20) (actual time=0.004..1.650 rows=18000 loops=1)
          ->  Hash  (cost=191026.87..191026.87 rows=1800 width=12) (actual time=1863.845..1864.061 rows=5345 loops=1)
                Buckets: 8192 (originally 2048)  Batches: 1 (originally 1)  Memory Usage: 294kB
                ->  Subquery Scan on x  (cost=5175.25..191026.87 rows=1800 width=12) (actual time=1862.299..1863.221 rows=5394 loops=1)
                      ->  HashSetOp Intersect  (cost=5175.25..191008.87 rows=1800 width=16) (actual time=1862.298..1862.732 rows=5394 loops=1)
                            ->  Append  (cost=5175.25..190915.52 rows=12446 width=16) (actual time=1388.834..1796.193 rows=434182 loops=1)
                                  ->  Result  (cost=5175.25..154374.39 rows=1800 width=16) (actual time=1388.834..1389.728 rows=5399 loops=1)
                                        ->  HashSetOp Intersect  (cost=5175.25..154356.39 rows=1800 width=16) (actual time=1388.833..1389.217 rows=5399 loops=1)
                                              ->  Append  (cost=5175.25..153892.42 rows=61862 width=16) (actual time=18.603..1023.820 rows=2507036 loops=1)
                                                    ->  Subquery Scan on "*SELECT* 1"  (cost=5175.25..97966.87 rows=40688 width=16) (actual time=18.602..368.303 rows=1648115 loops=1)
                                                          ->  Gather  (cost=5175.25..97559.99 rows=40688 width=12) (actual time=18.601..215.357 rows=1648115 loops=1)
                                                                Workers Planned: 2
                                                                Workers Launched: 2
                                                                ->  Hash Join  (cost=4175.25..92491.19 rows=16953 width=12) (actual time=29.895..438.181 rows=549372 loops=3)
                                                                      Hash Cond: (store_sales_2.ss_item_sk = iss.i_item_sk)
                                                                      ->  Hash Join  (cost=2514.25..90785.67 rows=16953 width=8) (actual time=13.189..304.468 rows=549372 loops=3)
                                                                            Hash Cond: (store_sales_2.ss_sold_date_sk = d1.d_date_sk)
                                                                            ->  Parallel Seq Scan on store_sales store_sales_2  (cost=0.00..85123.48 rows=1199148 width=16) (actual time=0.010..132.522 rows=959309 loops=3)
                                                                            ->  Hash  (cost=2500.73..2500.73 rows=1081 width=8) (actual time=13.165..13.166 rows=1096 loops=3)
                                                                                  Buckets: 2048  Batches: 1  Memory Usage: 59kB
                                                                                  ->  Seq Scan on date_dim d1  (cost=0.00..2500.73 rows=1081 width=8) (actual time=6.163..13.037 rows=1096 loops=3)
                                                                                        Filter: ((d_year >= 2000) AND (d_year <= 2002))
                                                                                        Rows Removed by Filter: 71953
                                                                      ->  Hash  (cost=1436.00..1436.00 rows=18000 width=20) (actual time=16.435..16.436 rows=18000 loops=3)
                                                                            Buckets: 32768  Batches: 1  Memory Usage: 1240kB
                                                                            ->  Seq Scan on item iss  (cost=0.00..1436.00 rows=18000 width=20) (actual time=0.026..13.445 rows=18000 loops=3)
                                                    ->  Subquery Scan on "*SELECT* 2"  (cost=1661.43..55616.25 rows=21174 width=16) (actual time=13.388..506.210 rows=858921 loops=1)
                                                          ->  Hash Join  (cost=1661.43..55404.51 rows=21174 width=12) (actual time=13.388..439.801 rows=858921 loops=1)
                                                                Hash Cond: (catalog_sales.cs_item_sk = ics.i_item_sk)
                                                                ->  Nested Loop  (cost=0.43..53687.92 rows=21174 width=8) (actual time=4.126..282.020 rows=858921 loops=1)
                                                                      ->  Seq Scan on date_dim d2  (cost=0.00..2500.73 rows=1081 width=8) (actual time=4.104..9.087 rows=1096 loops=1)
                                                                            Filter: ((d_year >= 2000) AND (d_year <= 2002))
                                                                            Rows Removed by Filter: 71953
                                                                      ->  Index Scan using i_cs_sold_date_sk on catalog_sales  (cost=0.43..39.53 rows=782 width=16) (actual time=0.004..0.130 rows=784 loops=1096)
                                                                            Index Cond: (cs_sold_date_sk = d2.d_date_sk)
                                                                ->  Hash  (cost=1436.00..1436.00 rows=18000 width=20) (actual time=9.201..9.202 rows=18000 loops=1)
                                                                      Buckets: 32768  Batches: 1  Memory Usage: 1240kB
                                                                      ->  Seq Scan on item ics  (cost=0.00..1436.00 rows=18000 width=20) (actual time=0.004..6.568 rows=18000 loops=1)
                                  ->  Subquery Scan on "*SELECT* 3"  (cost=3514.53..36478.90 rows=10646 width=16) (actual time=8.514..380.191 rows=428783 loops=1)
                                        ->  Gather  (cost=3514.53..36372.44 rows=10646 width=12) (actual time=8.513..339.722 rows=428783 loops=1)
                                              Workers Planned: 2
                                              Workers Launched: 2
                                              ->  Nested Loop  (cost=2514.53..34307.84 rows=4436 width=12) (actual time=14.232..395.710 rows=142928 loops=3)
                                                    ->  Hash Join  (cost=2514.25..32946.03 rows=4436 width=8) (actual time=14.183..118.638 rows=142928 loops=3)
                                                          Hash Cond: (web_sales.ws_sold_date_sk = d3.d_date_sk)
                                                          ->  Parallel Seq Scan on web_sales  (cost=0.00..29644.81 rows=299781 width=16) (actual time=0.017..50.129 rows=239825 loops=3)
                                                          ->  Hash  (cost=2500.73..2500.73 rows=1081 width=8) (actual time=14.056..14.057 rows=1096 loops=3)
                                                                Buckets: 2048  Batches: 1  Memory Usage: 59kB
                                                                ->  Seq Scan on date_dim d3  (cost=0.00..2500.73 rows=1081 width=8) (actual time=6.831..13.921 rows=1096 loops=3)
                                                                      Filter: ((d_year >= 2000) AND (d_year <= 2002))
                                                                      Rows Removed by Filter: 71953
                                                    ->  Index Scan using pk_item on item iws  (cost=0.29..0.31 rows=1 width=20) (actual time=0.002..0.002 rows=1 loops=428783)
                                                          Index Cond: (i_item_sk = web_sales.ws_item_sk)
  CTE avg_sales
    ->  Finalize Aggregate  (cost=179223.10..179223.11 rows=1 width=8) (actual time=643.279..643.356 rows=1 loops=1)
          ->  Gather  (cost=179222.88..179223.09 rows=2 width=32) (actual time=643.155..643.349 rows=3 loops=1)
                Workers Planned: 2
                Workers Launched: 2
                ->  Partial Aggregate  (cost=178222.88..178222.89 rows=1 width=32) (actual time=638.545..638.549 rows=1 loops=3)
                      ->  Parallel Append  (cost=0.43..177996.30 rows=30211 width=12) (actual time=11.781..567.349 rows=978606 loops=3)
                            ->  Nested Loop  (cost=0.43..53687.92 rows=21174 width=12) (actual time=9.300..415.211 rows=858921 loops=1)
                                  ->  Seq Scan on date_dim date_dim_2  (cost=0.00..2500.73 rows=1081 width=8) (actual time=9.181..14.761 rows=1096 loops=1)
                                        Filter: ((d_year >= 2000) AND (d_year <= 2002))
                                        Rows Removed by Filter: 71953
                                  ->  Index Scan using i_cs_sold_date_sk on catalog_sales catalog_sales_1  (cost=0.43..39.53 rows=782 width=20) (actual time=0.004..0.218 rows=784 loops=1096)
                                        Index Cond: (cs_sold_date_sk = date_dim_2.d_date_sk)
                            ->  Hash Join  (cost=2514.25..90785.67 rows=16953 width=12) (actual time=11.431..297.265 rows=549372 loops=3)
                                  Hash Cond: (store_sales_3.ss_sold_date_sk = date_dim_3.d_date_sk)
                                  ->  Parallel Seq Scan on store_sales store_sales_3  (cost=0.00..85123.48 rows=1199148 width=20) (actual time=0.012..110.510 rows=959309 loops=3)
                                  ->  Hash  (cost=2500.73..2500.73 rows=1081 width=8) (actual time=11.314..11.314 rows=1096 loops=3)
                                        Buckets: 2048  Batches: 1  Memory Usage: 59kB
                                        ->  Seq Scan on date_dim date_dim_3  (cost=0.00..2500.73 rows=1081 width=8) (actual time=5.365..11.173 rows=1096 loops=3)
                                              Filter: ((d_year >= 2000) AND (d_year <= 2002))
                                              Rows Removed by Filter: 71953
                            ->  Hash Join  (cost=2514.25..32946.03 rows=4436 width=12) (actual time=8.544..219.109 rows=428783 loops=1)
                                  Hash Cond: (web_sales_1.ws_sold_date_sk = date_dim_4.d_date_sk)
                                  ->  Parallel Seq Scan on web_sales web_sales_1  (cost=0.00..29644.81 rows=299781 width=20) (actual time=0.003..62.131 rows=719474 loops=1)
                                  ->  Hash  (cost=2500.73..2500.73 rows=1081 width=8) (actual time=8.532..8.532 rows=1096 loops=1)
                                        Buckets: 2048  Batches: 1  Memory Usage: 59kB
                                        ->  Seq Scan on date_dim date_dim_4  (cost=0.00..2500.73 rows=1081 width=8) (actual time=3.885..8.416 rows=1096 loops=1)
                                              Filter: ((d_year >= 2000) AND (d_year <= 2002))
                                              Rows Removed by Filter: 71953
  ->  Sort  (cost=5501.47..5501.47 rows=1 width=120) (actual time=24066.661..24066.670 rows=100 loops=1)
        Sort Key: ('store'::text), item.i_brand_id, item.i_class_id, item.i_category_id
        Sort Method: top-N heapsort  Memory: 39kB
        ->  Nested Loop  (cost=5501.35..5501.46 rows=1 width=120) (actual time=15448.898..24066.016 rows=1349 loops=1)
              Join Filter: ((item.i_brand_id = item_1.i_brand_id) AND (item.i_class_id = item_1.i_class_id) AND (item.i_category_id = item_1.i_category_id))
              Rows Removed by Join Filter: 3539647
              ->  GroupAggregate  (cost=2750.67..2750.71 rows=1 width=60) (actual time=8975.421..8980.984 rows=2580 loops=1)
                    Group Key: item.i_brand_id, item.i_class_id, item.i_category_id
                    Filter: (sum(((store_sales.ss_quantity)::double precision * store_sales.ss_list_price)) > $9)
                    Rows Removed by Filter: 697
                    InitPlan 3 (returns $8)
                      ->  Seq Scan on date_dim date_dim_5  (cost=0.00..2683.36 rows=1 width=4) (actual time=4.562..9.197 rows=1 loops=1)
                            Filter: ((d_year = 2001) AND (d_moy = 12) AND (d_dom = 1))
                            Rows Removed by Filter: 73048
                    InitPlan 4 (returns $9)
                      ->  CTE Scan on avg_sales  (cost=0.00..0.02 rows=1 width=8) (actual time=643.281..643.282 rows=1 loops=1)
                    ->  Sort  (cost=67.30..67.30 rows=1 width=24) (actual time=8332.127..8333.521 rows=21151 loops=1)
                          Sort Key: item.i_brand_id, item.i_class_id, item.i_category_id
                          Sort Method: quicksort  Memory: 2086kB
                          ->  Nested Loop  (cost=1.03..67.29 rows=1 width=24) (actual time=1889.298..8324.845 rows=21151 loops=1)
                                ->  Nested Loop  (cost=0.74..12.80 rows=174 width=32) (actual time=1879.718..4791.173 rows=2839698 loops=1)
                                      ->  Nested Loop  (cost=0.31..2.54 rows=1 width=28) (actual time=1879.704..1931.573 rows=17718 loops=1)
                                            ->  HashAggregate  (cost=0.02..0.03 rows=1 width=8) (actual time=1879.695..1885.004 rows=17718 loops=1)
                                                  Group Key: cross_items.ss_item_sk
                                                  Batches: 1  Memory Usage: 1833kB
                                                  ->  CTE Scan on cross_items  (cost=0.00..0.02 rows=1 width=8) (actual time=1863.856..1875.668 rows=17718 loops=1)
                                            ->  Index Scan using pk_item on item  (cost=0.29..2.51 rows=1 width=20) (actual time=0.002..0.002 rows=1 loops=17718)
                                                  Index Cond: (i_item_sk = cross_items.ss_item_sk)
                                      ->  Index Scan using pk_store_sales on store_sales  (cost=0.43..8.52 rows=174 width=28) (actual time=0.005..0.138 rows=160 loops=17718)
                                            Index Cond: (ss_item_sk = item.i_item_sk)
                                ->  Index Scan using pk_date_dim on date_dim  (cost=0.29..0.31 rows=1 width=8) (actual time=0.001..0.001 rows=0 loops=2839698)
                                      Index Cond: (d_date_sk = store_sales.ss_sold_date_sk)
                                      Filter: (d_week_seq = $8)
                                      Rows Removed by Filter: 1
              ->  GroupAggregate  (cost=2750.67..2750.71 rows=1 width=60) (actual time=2.539..5.783 rows=1372 loops=2580)
                    Group Key: item_1.i_brand_id, item_1.i_class_id, item_1.i_category_id
                    Filter: (sum(((store_sales_1.ss_quantity)::double precision * store_sales_1.ss_list_price)) > $11)
                    Rows Removed by Filter: 313
                    InitPlan 5 (returns $10)
                      ->  Seq Scan on date_dim date_dim_6  (cost=0.00..2683.36 rows=1 width=4) (actual time=4.443..9.175 rows=1 loops=1)
                            Filter: ((d_year = 2000) AND (d_moy = 12) AND (d_dom = 1))
                            Rows Removed by Filter: 73048
                    InitPlan 6 (returns $11)
                      ->  CTE Scan on avg_sales avg_sales_1  (cost=0.00..0.02 rows=1 width=8) (actual time=0.001..0.002 rows=1 loops=1)
                    ->  Sort  (cost=67.30..67.30 rows=1 width=24) (actual time=2.509..3.167 rows=15988 loops=2580)
                          Sort Key: item_1.i_brand_id, item_1.i_class_id, item_1.i_category_id
                          Sort Method: quicksort  Memory: 2025kB
                          ->  Nested Loop  (cost=1.03..67.29 rows=1 width=24) (actual time=14.226..6464.909 rows=20171 loops=1)
                                ->  Nested Loop  (cost=0.74..12.80 rows=174 width=32) (actual time=4.902..2944.846 rows=2839698 loops=1)
                                      ->  Nested Loop  (cost=0.31..2.54 rows=1 width=28) (actual time=4.890..56.388 rows=17718 loops=1)
                                            ->  HashAggregate  (cost=0.02..0.03 rows=1 width=8) (actual time=4.873..10.015 rows=17718 loops=1)
                                                  Group Key: cross_items_1.ss_item_sk
                                                  Batches: 1  Memory Usage: 1833kB
                                                  ->  CTE Scan on cross_items cross_items_1  (cost=0.00..0.02 rows=1 width=8) (actual time=0.001..1.060 rows=17718 loops=1)
                                            ->  Index Scan using pk_item on item item_1  (cost=0.29..2.51 rows=1 width=20) (actual time=0.002..0.002 rows=1 loops=17718)
                                                  Index Cond: (i_item_sk = cross_items_1.ss_item_sk)
                                      ->  Index Scan using pk_store_sales on store_sales store_sales_1  (cost=0.43..8.52 rows=174 width=28) (actual time=0.005..0.139 rows=160 loops=17718)
                                            Index Cond: (ss_item_sk = item_1.i_item_sk)
                                ->  Index Scan using pk_date_dim on date_dim date_dim_1  (cost=0.29..0.31 rows=1 width=8) (actual time=0.001..0.001 rows=0 loops=2839698)
                                      Index Cond: (d_date_sk = store_sales_1.ss_sold_date_sk)
                                      Filter: (d_week_seq = $10)
                                      Rows Removed by Filter: 1
 ty_channel | ty_brand | ty_class | ty_category |      ty_sales      | ty_number_sales | ly_channel | ly_brand | ly_class | ly_category |      ly_sales      | ly_number_sales 
------------+----------+----------+-------------+--------------------+-----------------+------------+----------+----------+-------------+--------------------+-----------------
 store      |  1001001 |        1 |           1 |           16164.07 |               5 | store      |  1001001 |        1 |           1 |  643904.1499999999 |             173
 store      |  1001001 |        1 |           2 |  73438.51000000001 |              16 | store      |  1001001 |        1 |           2 |  41191.59999999999 |              12
 store      |  1001001 |        1 |           3 |           45469.65 |              13 | store      |  1001001 |        1 |           3 | 16220.980000000001 |               5
 store      |  1001001 |        1 |           4 | 26133.829999999998 |               5 | store      |  1001001 |        1 |           4 | 41969.090000000004 |               9
 store      |  1001001 |        1 |           6 |           35065.31 |               8 | store      |  1001001 |        1 |           6 |            9684.66 |               3
 store      |  1001001 |        1 |           7 |           84101.93 |              13 | store      |  1001001 |        1 |           7 |            8422.54 |               5
 store      |  1001001 |        1 |           8 |           53453.06 |              13 | store      |  1001001 |        1 |           8 | 30666.429999999997 |               6
 store      |  1001001 |        1 |           9 | 37347.520000000004 |              11 | store      |  1001001 |        1 |           9 |           22744.01 |              11
 store      |  1001001 |        1 |          10 | 33982.259999999995 |               9 | store      |  1001001 |        1 |          10 | 13996.349999999999 |               3
 store      |  1001001 |        2 |           2 |            9494.44 |               2 | store      |  1001001 |        2 |           2 |             9766.5 |               1
 store      |  1001001 |        2 |           7 |            4768.28 |               3 | store      |  1001001 |        2 |           7 |           21078.96 |               4
 store      |  1001001 |        3 |           5 | 23950.570000000003 |               5 | store      |  1001001 |        3 |           5 |  9335.550000000001 |               4
 store      |  1001001 |        3 |           7 |           11554.56 |               3 | store      |  1001001 |        3 |           7 | 11237.279999999999 |               1
 store      |  1001001 |        4 |           1 |           24898.67 |               6 | store      |  1001001 |        4 |           1 |           16311.02 |               7
 store      |  1001001 |        4 |           2 | 12893.970000000001 |               3 | store      |  1001001 |        4 |           2 |            8287.91 |               3
 store      |  1001001 |       10 |           6 |             8629.2 |               3 | store      |  1001001 |       10 |           6 | 27705.519999999997 |               8
 store      |  1001001 |       15 |           7 |            11758.4 |               5 | store      |  1001001 |       15 |           7 | 10532.599999999999 |               2
 store      |  1001002 |        1 |           1 | 1034792.8599999999 |             280 | store      |  1001002 |        1 |           1 |  807021.8800000002 |             203
 store      |  1001002 |        2 |           1 | 12694.419999999998 |               3 | store      |  1001002 |        2 |           1 |            22170.8 |               6
 store      |  1001002 |        3 |           1 | 38681.590000000004 |              14 | store      |  1001002 |        3 |           1 | 27529.019999999997 |               5
 store      |  1001002 |        4 |           1 |           55927.68 |              13 | store      |  1001002 |        4 |           1 | 10270.269999999999 |               8
 store      |  1001002 |        7 |           1 |           36525.24 |               7 | store      |  1001002 |        7 |           1 |           17580.28 |               4
 store      |  1001002 |       15 |           1 |           17150.57 |               6 | store      |  1001002 |       15 |           1 |           16145.17 |               4
 store      |  1002001 |        1 |           4 |           10597.16 |               6 | store      |  1002001 |        1 |           4 |           13774.24 |               2
 store      |  1002001 |        2 |           1 |           24169.63 |              11 | store      |  1002001 |        2 |           1 |  534623.6400000001 |             152
 store      |  1002001 |        2 |           3 |           23166.68 |              10 | store      |  1002001 |        2 |           3 |           25782.93 |               4
 store      |  1002001 |        2 |           4 |           78117.14 |              17 | store      |  1002001 |        2 |           4 | 25455.079999999998 |               8
 store      |  1002001 |        2 |           5 | 45377.170000000006 |              14 | store      |  1002001 |        2 |           5 |              19888 |               4
 store      |  1002001 |        2 |           6 |           32566.51 |               8 | store      |  1002001 |        2 |           6 |            14631.9 |               2
 store      |  1002001 |        2 |           7 | 21287.219999999998 |               5 | store      |  1002001 |        2 |           7 | 18899.969999999998 |               9
 store      |  1002001 |        2 |           8 |           17747.35 |               5 | store      |  1002001 |        2 |           8 |           18664.27 |               4
 store      |  1002001 |        2 |           9 |           34641.72 |               8 | store      |  1002001 |        2 |           9 |            5699.99 |               3
 store      |  1002001 |        2 |          10 | 63662.380000000005 |              16 | store      |  1002001 |        2 |          10 |  41373.96000000001 |              12
 store      |  1002001 |        3 |           3 |           12333.96 |               2 | store      |  1002001 |        3 |           3 |             6345.6 |               3
 store      |  1002001 |        3 |           4 |  36238.78999999999 |               7 | store      |  1002001 |        3 |           4 | 16495.129999999997 |               3
 store      |  1002001 |       12 |           6 |           17473.16 |               4 | store      |  1002001 |       12 |           6 |           13188.82 |               3
 store      |  1002001 |       16 |           9 |            4866.81 |               2 | store      |  1002001 |       16 |           9 |           21436.72 |               4
 store      |  1002002 |        1 |           1 |           11292.56 |               6 | store      |  1002002 |        1 |           1 | 27730.170000000002 |               8
 store      |  1002002 |        2 |           1 | 1173889.6900000004 |             319 | store      |  1002002 |        2 |           1 |  846986.1000000002 |             245
 store      |  1002002 |        3 |           1 | 57014.579999999994 |              16 | store      |  1002002 |        3 |           1 |  9383.609999999999 |               4
 store      |  1002002 |        4 |           1 | 36826.689999999995 |              16 | store      |  1002002 |        4 |           1 |           18429.25 |               4
 store      |  1002002 |        6 |           1 |            16115.7 |               3 | store      |  1002002 |        6 |           1 | 24030.300000000003 |               5
 store      |  1002002 |        8 |           1 |  7654.150000000001 |               4 | store      |  1002002 |        8 |           1 |  8160.490000000001 |               2
 store      |  1002002 |        9 |           1 |            9389.64 |               2 | store      |  1002002 |        9 |           1 |           15188.83 |               5
 store      |  1002002 |       11 |           1 |            5790.54 |               1 | store      |  1002002 |       11 |           1 | 17818.219999999998 |               2
 store      |  1002002 |       12 |           1 |           26868.08 |               5 | store      |  1002002 |       12 |           1 |           15477.32 |               6
 store      |  1002002 |       13 |           1 | 23616.049999999996 |               9 | store      |  1002002 |       13 |           1 |            8900.76 |               4
 store      |  1002002 |       15 |           1 |           24109.64 |               5 | store      |  1002002 |       15 |           1 |           21781.29 |               5
 store      |  1003001 |        1 |           7 |           36412.29 |               6 | store      |  1003001 |        1 |           7 |             6579.6 |               3
 store      |  1003001 |        2 |           4 |           23919.28 |               5 | store      |  1003001 |        2 |           4 |            22316.1 |               6
 store      |  1003001 |        2 |           5 |           11529.85 |               5 | store      |  1003001 |        2 |           5 |            17033.5 |               2
 store      |  1003001 |        3 |           1 |           64966.18 |              15 | store      |  1003001 |        3 |           1 |  893372.3699999999 |             231
 store      |  1003001 |        3 |           3 |           18264.32 |               8 | store      |  1003001 |        3 |           3 |            7559.31 |               3
 store      |  1003001 |        3 |           4 |           54271.53 |               8 | store      |  1003001 |        3 |           4 | 11070.749999999998 |               3
 store      |  1003001 |        3 |           5 |           21993.23 |               6 | store      |  1003001 |        3 |           5 |           25062.48 |               7
 store      |  1003001 |        3 |           7 |           68848.96 |              13 | store      |  1003001 |        3 |           7 |           37543.44 |              12
 store      |  1003001 |        3 |          10 |           44842.07 |              12 | store      |  1003001 |        3 |          10 |           25019.03 |               5
 store      |  1003001 |        4 |           2 |           61710.08 |              12 | store      |  1003001 |        4 |           2 |           11252.65 |               3
 store      |  1003001 |        4 |          10 |  8204.210000000001 |               3 | store      |  1003001 |        4 |          10 |            8188.16 |               2
 store      |  1003001 |        5 |           9 |            9736.03 |               4 | store      |  1003001 |        5 |           9 |  5870.919999999999 |               2
 store      |  1003001 |        5 |          10 |  6039.990000000001 |               2 | store      |  1003001 |        5 |          10 | 26723.100000000002 |               4
 store      |  1003001 |        7 |           9 |           10513.35 |               5 | store      |  1003001 |        7 |           9 | 14582.880000000001 |               3
 store      |  1003001 |       10 |           9 | 11888.710000000001 |               2 | store      |  1003001 |       10 |           9 |           17613.55 |               4
 store      |  1003001 |       13 |           8 | 17236.829999999998 |               3 | store      |  1003001 |       13 |           8 |             9374.4 |               3
 store      |  1003001 |       14 |           9 |           14663.15 |               8 | store      |  1003001 |       14 |           9 |  5930.780000000001 |               1
 store      |  1003002 |        1 |           1 | 51723.969999999994 |              12 | store      |  1003002 |        1 |           1 | 25657.230000000003 |               8
 store      |  1003002 |        2 |           1 | 14790.890000000001 |               4 | store      |  1003002 |        2 |           1 |           18573.73 |               5
 store      |  1003002 |        3 |           1 | 1094845.4599999995 |             291 | store      |  1003002 |        3 |           1 |  870568.3700000002 |             244
 store      |  1003002 |        4 |           1 | 20942.460000000003 |               9 | store      |  1003002 |        4 |           1 |            4909.33 |               2
 store      |  1003002 |        6 |           1 |           19233.39 |               5 | store      |  1003002 |        6 |           1 |  8924.029999999999 |               4
 store      |  1003002 |        8 |           1 |            8253.36 |               5 | store      |  1003002 |        8 |           1 |             5407.1 |               2
 store      |  1003002 |       16 |           1 |           16650.87 |               5 | store      |  1003002 |       16 |           1 |           16682.02 |               3
 store      |  1004001 |        3 |           5 | 14059.599999999999 |               7 | store      |  1004001 |        3 |           5 | 33284.159999999996 |               8
 store      |  1004001 |        3 |           6 |            7760.54 |               6 | store      |  1004001 |        3 |           6 |            6572.04 |               3
 store      |  1004001 |        4 |           1 |           26727.84 |               9 | store      |  1004001 |        4 |           1 |  601192.8499999999 |             173
 store      |  1004001 |        4 |           2 | 14945.810000000001 |               8 | store      |  1004001 |        4 |           2 |           21011.17 |               8
 store      |  1004001 |        4 |           3 | 37389.950000000004 |              13 | store      |  1004001 |        4 |           3 |            8731.95 |               3
 store      |  1004001 |        4 |           4 |  68773.04999999999 |              17 | store      |  1004001 |        4 |           4 |           68983.36 |              13
 store      |  1004001 |        4 |           6 |           51944.44 |              16 | store      |  1004001 |        4 |           6 |           18536.49 |               6
 store      |  1004001 |        4 |           7 |           69793.31 |              19 | store      |  1004001 |        4 |           7 | 58730.310000000005 |              15
 store      |  1004001 |        4 |           8 |           64667.41 |              18 | store      |  1004001 |        4 |           8 | 11802.149999999998 |               7
 store      |  1004001 |        4 |           9 |           39439.33 |              15 | store      |  1004001 |        4 |           9 |           40274.86 |               8
 store      |  1004001 |        4 |          10 | 18192.089999999997 |               8 | store      |  1004001 |        4 |          10 |  8890.929999999998 |               6
 store      |  1004001 |       16 |          10 |            9103.18 |               4 | store      |  1004001 |       16 |          10 | 11643.720000000001 |               2
 store      |  1004002 |        1 |           1 | 36917.340000000004 |              16 | store      |  1004002 |        1 |           1 |           11414.11 |               4
 store      |  1004002 |        2 |           1 |  53944.81999999999 |              22 | store      |  1004002 |        2 |           1 |           57291.91 |              13
 store      |  1004002 |        3 |           1 | 133209.84999999998 |              32 | store      |  1004002 |        3 |           1 |            41396.2 |              12
 store      |  1004002 |        4 |           1 | 1271190.6400000018 |             335 | store      |  1004002 |        4 |           1 |  889462.5299999994 |             219
 store      |  1004002 |        5 |           1 |           12134.14 |               4 | store      |  1004002 |        5 |           1 | 22126.719999999998 |               4
 store      |  2001001 |        1 |           1 | 43252.119999999995 |              13 | store      |  2001001 |        1 |           1 |           18793.43 |               7
 store      |  2001001 |        1 |           2 |           42823.81 |              11 | store      |  2001001 |        1 |           2 |  692212.2300000001 |             186
 store      |  2001001 |        1 |           3 |           22565.68 |               4 | store      |  2001001 |        1 |           3 |           13816.75 |               2
 store      |  2001001 |        1 |           5 | 37720.079999999994 |              11 | store      |  2001001 |        1 |           5 |           44977.83 |              10
 store      |  2001001 |        1 |           6 |           17849.32 |               4 | store      |  2001001 |        1 |           6 |             5262.3 |               1
 store      |  2001001 |        1 |           7 |           58238.27 |              16 | store      |  2001001 |        1 |           7 |           38770.39 |              13
 store      |  2001001 |        1 |           8 |           70747.18 |              20 | store      |  2001001 |        1 |           8 |             9393.8 |               2
 store      |  2001001 |        1 |          10 | 30234.789999999997 |               9 | store      |  2001001 |        1 |          10 |           15310.83 |               7
 store      |  2001001 |        2 |           2 |           15795.78 |               7 | store      |  2001001 |        2 |           2 |            5062.41 |               2
 store      |  2001001 |        2 |          10 |             6882.3 |               4 | store      |  2001001 |        2 |          10 |           13196.05 |               5
 store      |  2001001 |        3 |           1 |           24708.85 |               9 | store      |  2001001 |        3 |           1 |           22941.96 |               5
(100 rows)

UPDATE time_statistics SET e_time = TRANSACTION_TIMESTAMP() WHERE template = '../query_postgresql/query14.tpl' AND stream = 0;
psql:/tmp/s1-basline/power/query_0.sql:992: NOTICE:  duration: 0.031 ms  plan:
Query Text: UPDATE time_statistics SET e_time = TRANSACTION_TIMESTAMP() WHERE template = '../query_postgresql/query14.tpl' AND stream = 0;
Update on time_statistics  (cost=0.00..28.15 rows=0 width=0) (actual time=0.030..0.031 rows=0 loops=1)
  ->  Seq Scan on time_statistics  (cost=0.00..28.15 rows=1 width=14) (actual time=0.015..0.015 rows=1 loops=1)
        Filter: ((template = '../query_postgresql/query14.tpl'::text) AND (stream = 0))
        Rows Removed by Filter: 14
UPDATE 1
LOAD 'auto_explain'; SET auto_explain.log_min_duration TO 0; SET auto_explain.log_analyze TO on; SET auto_explain.log_level TO notice; INSERT INTO time_statistics (template, s_time, stream, query, seed) VALUES ('query15.tpl', TRANSACTION_TIMESTAMP(), 0, 15, 1010357490);
LOAD
SET
SET
SET
psql:/tmp/s1-basline/power/query_0.sql:993: NOTICE:  duration: 0.009 ms  plan:
Query Text: INSERT INTO time_statistics (template, s_time, stream, query, seed) VALUES ('query15.tpl', TRANSACTION_TIMESTAMP(), 0, 15, 1010357490);
Insert on time_statistics  (cost=0.00..0.01 rows=0 width=0) (actual time=0.008..0.009 rows=0 loops=1)
  ->  Result  (cost=0.00..0.01 rows=1 width=64) (actual time=0.001..0.001 rows=1 loops=1)
INSERT 0 1
select  ca_zip
       ,sum(cs_sales_price)
 from catalog_sales
     ,customer
     ,customer_address
     ,date_dim
 where cs_bill_customer_sk = c_customer_sk
 	and c_current_addr_sk = ca_address_sk 
 	and ( substr(ca_zip,1,5) in ('85669', '86197','88274','83405','86475',
                                   '85392', '85460', '80348', '81792')
 	      or ca_state in ('CA','WA','GA')
 	      or cs_sales_price > 500)
 	and cs_sold_date_sk = d_date_sk
 	and d_qoy = 1 and d_year = 1998
 group by ca_zip
 order by ca_zip
 limit 100;
psql:/tmp/s1-basline/power/query_0.sql:1010: NOTICE:  duration: 156.705 ms  plan:
Query Text: select  ca_zip
       ,sum(cs_sales_price)
 from catalog_sales
     ,customer
     ,customer_address
     ,date_dim
 where cs_bill_customer_sk = c_customer_sk
 	and c_current_addr_sk = ca_address_sk 
 	and ( substr(ca_zip,1,5) in ('85669', '86197','88274','83405','86475',
                                   '85392', '85460', '80348', '81792')
 	      or ca_state in ('CA','WA','GA')
 	      or cs_sales_price > 500)
 	and cs_sold_date_sk = d_date_sk
 	and d_qoy = 1 and d_year = 1998
 group by ca_zip
 order by ca_zip
 limit 100;
Limit  (cost=8609.15..8610.90 rows=100 width=19) (actual time=156.345..156.675 rows=100 loops=1)
  ->  GroupAggregate  (cost=8609.15..8612.90 rows=214 width=19) (actual time=156.345..156.668 rows=100 loops=1)
        Group Key: customer_address.ca_zip
        ->  Sort  (cost=8609.15..8609.69 rows=214 width=19) (actual time=156.331..156.404 rows=1896 loops=1)
              Sort Key: customer_address.ca_zip
              Sort Method: quicksort  Memory: 296kB
              ->  Nested Loop  (cost=1.03..8600.87 rows=214 width=19) (actual time=4.441..154.500 rows=3205 loops=1)
                    Join Filter: ((substr((customer_address.ca_zip)::text, 1, 5) = ANY ('{85669,86197,88274,83405,86475,85392,85460,80348,81792}'::text[])) OR (customer_address.ca_state = ANY ('{CA,WA,GA}'::bpchar[])) OR (catalog_sales.cs_sales_price > '500'::double precision))
                    Rows Removed by Join Filter: 37754
                    ->  Nested Loop  (cost=0.72..7984.26 rows=1773 width=16) (actual time=4.431..81.464 rows=40959 loops=1)
                          ->  Nested Loop  (cost=0.43..7427.20 rows=1782 width=16) (actual time=4.426..26.790 rows=41064 loops=1)
                                ->  Seq Scan on date_dim  (cost=0.00..2500.73 rows=91 width=8) (actual time=4.418..9.993 rows=91 loops=1)
                                      Filter: ((d_qoy = 1) AND (d_year = 1998))
                                      Rows Removed by Filter: 72958
                                ->  Index Scan using i_cs_sold_date_sk on catalog_sales  (cost=0.43..46.32 rows=782 width=24) (actual time=0.003..0.105 rows=451 loops=91)
                                      Index Cond: (cs_sold_date_sk = date_dim.d_date_sk)
                          ->  Index Scan using pk_customer on customer  (cost=0.29..0.31 rows=1 width=16) (actual time=0.001..0.001 rows=1 loops=41064)
                                Index Cond: (c_customer_sk = catalog_sales.cs_bill_customer_sk)
                    ->  Index Scan using pk_customer_address on customer_address  (cost=0.29..0.32 rows=1 width=22) (actual time=0.001..0.001 rows=1 loops=40959)
                          Index Cond: (ca_address_sk = customer.c_current_addr_sk)
   ca_zip   |        sum         
------------+--------------------
 30059      | 1528.1500000000003
 30069      | 1602.4200000000003
 30150      | 1542.0599999999997
 30162      |             425.38
 30169      |            1059.28
 30191      |            1398.23
 30399      |             648.03
 30408      | 507.09000000000003
 30411      |             275.61
 30451      | 469.96000000000004
 30492      | 413.58000000000004
 30499      |            1250.02
 30534      | 1550.3099999999993
 30587      |             887.19
 30618      |  408.4200000000001
 30631      |             607.59
 30634      | 245.98000000000002
 30854      |             469.72
 31087      |              412.6
 31209      |  593.8699999999999
 31216      |             383.06
 31229      | 191.17999999999998
 31289      | 1255.4800000000002
 31387      |             459.61
 31425      |             284.58
 31521      |             615.62
 31675      | 244.06000000000003
 31749      |  901.7999999999998
 31757      |            1297.98
 31838      | 171.82999999999998
 31904      |            1532.67
 31952      |  766.7500000000001
 32293      |  910.9900000000001
 32562      |             117.61
 32808      | 2282.1300000000006
 32812      |             651.59
 33003      | 1857.7100000000003
 33394      |  784.2299999999999
 33511      | 1275.3400000000001
 33604      |             455.27
 33951      |             597.25
 34107      |            2351.95
 34136      |             552.91
 34338      |             939.92
 34466      |             768.14
 34536      |            2125.82
 34593      |            1911.91
 34975      | 1880.9499999999998
 35038      |             726.73
 35281      | 1633.3200000000002
 35709      | 1387.0299999999995
 35752      | 1179.8999999999999
 35804      | 1322.3400000000001
 35817      |             809.49
 35965      | 504.94000000000005
 36000      |             255.18
 36060      |  830.6999999999999
 36098      |             397.16
 36115      |             704.49
 36340      |             853.24
 36534      | 2424.8700000000003
 36614      |            2613.57
 36668      |             949.96
 36787      |             362.66
 36867      |            2044.62
 36871      |            1285.85
 36896      | 388.53999999999996
 36955      |             362.94
 37057      | 1520.3199999999997
 37746      | 1146.7800000000004
 37752      |            1261.82
 37783      |             245.86
 38014      | 1774.2099999999996
 38048      |             733.68
 38054      |             659.85
 38059      |              514.7
 38222      |             313.81
 38252      |            1582.81
 38354      |            1325.28
 38371      |             482.19
 38482      |             349.59
 38579      |  897.3399999999999
 38605      | 1054.8999999999999
 38828      | 1672.4500000000005
 38877      |             532.91
 38883      |             507.62
 39003      |              706.8
 39089      | 188.45000000000002
 39101      | 2951.1999999999994
 39145      |  923.3300000000003
 39237      |            1048.39
 39275      |              35.16
 39303      |             519.38
 39310      | 1712.3300000000002
 39431      | 273.94999999999993
 39454      |             597.67
 39502      |             241.53
 39532      | 2477.3399999999997
 39583      |             326.26
 39584      |             382.55
(100 rows)

UPDATE time_statistics SET e_time = TRANSACTION_TIMESTAMP() WHERE template = 'query15.tpl' AND stream = 0;
psql:/tmp/s1-basline/power/query_0.sql:1012: NOTICE:  duration: 0.027 ms  plan:
Query Text: UPDATE time_statistics SET e_time = TRANSACTION_TIMESTAMP() WHERE template = 'query15.tpl' AND stream = 0;
Update on time_statistics  (cost=0.00..28.15 rows=0 width=0) (actual time=0.027..0.027 rows=0 loops=1)
  ->  Seq Scan on time_statistics  (cost=0.00..28.15 rows=1 width=14) (actual time=0.012..0.012 rows=1 loops=1)
        Filter: ((template = 'query15.tpl'::text) AND (stream = 0))
        Rows Removed by Filter: 15
UPDATE 1
LOAD 'auto_explain'; SET auto_explain.log_min_duration TO 0; SET auto_explain.log_analyze TO on; SET auto_explain.log_level TO notice; INSERT INTO time_statistics (template, s_time, stream, query, seed) VALUES ('../query_postgresql/query16.tpl', TRANSACTION_TIMESTAMP(), 0, 16, 168244808);
LOAD
SET
SET
SET
psql:/tmp/s1-basline/power/query_0.sql:1013: NOTICE:  duration: 0.009 ms  plan:
Query Text: INSERT INTO time_statistics (template, s_time, stream, query, seed) VALUES ('../query_postgresql/query16.tpl', TRANSACTION_TIMESTAMP(), 0, 16, 168244808);
Insert on time_statistics  (cost=0.00..0.01 rows=0 width=0) (actual time=0.008..0.008 rows=0 loops=1)
  ->  Result  (cost=0.00..0.01 rows=1 width=64) (actual time=0.001..0.002 rows=1 loops=1)
INSERT 0 1
select  
   count(distinct cs_order_number) as "order count"
  ,sum(cs_ext_ship_cost) as "total shipping cost"
  ,sum(cs_net_profit) as "total net profit"
from
   catalog_sales cs1
  ,date_dim
  ,customer_address
  ,call_center
where
    d_date between '1999-4-01' and 
           (cast('1999-4-01' as date) + interval '60 days')
and cs1.cs_ship_date_sk = d_date_sk
and cs1.cs_ship_addr_sk = ca_address_sk
and ca_state = 'MS'
and cs1.cs_call_center_sk = cc_call_center_sk
and cc_county in ('Williamson County','Williamson County','Williamson County','Williamson County',
                  'Williamson County'
)
and exists (select *
            from catalog_sales cs2
            where cs1.cs_order_number = cs2.cs_order_number
              and cs1.cs_warehouse_sk <> cs2.cs_warehouse_sk)
and not exists(select *
               from catalog_returns cr1
               where cs1.cs_order_number = cr1.cr_order_number)
order by count(distinct cs_order_number)
limit 100;
psql:/tmp/s1-basline/power/query_0.sql:1041: NOTICE:  duration: 557.064 ms  plan:
Query Text: select  
   count(distinct cs_order_number) as "order count"
  ,sum(cs_ext_ship_cost) as "total shipping cost"
  ,sum(cs_net_profit) as "total net profit"
from
   catalog_sales cs1
  ,date_dim
  ,customer_address
  ,call_center
where
    d_date between '1999-4-01' and 
           (cast('1999-4-01' as date) + interval '60 days')
and cs1.cs_ship_date_sk = d_date_sk
and cs1.cs_ship_addr_sk = ca_address_sk
and ca_state = 'MS'
and cs1.cs_call_center_sk = cc_call_center_sk
and cc_county in ('Williamson County','Williamson County','Williamson County','Williamson County',
                  'Williamson County'
)
and exists (select *
            from catalog_sales cs2
            where cs1.cs_order_number = cs2.cs_order_number
              and cs1.cs_warehouse_sk <> cs2.cs_warehouse_sk)
and not exists(select *
               from catalog_returns cr1
               where cs1.cs_order_number = cr1.cr_order_number)
order by count(distinct cs_order_number)
limit 100;
Limit  (cost=78743.58..78743.58 rows=1 width=24) (actual time=495.320..557.054 rows=1 loops=1)
  ->  Sort  (cost=78743.58..78743.58 rows=1 width=24) (actual time=495.319..557.052 rows=1 loops=1)
        Sort Key: (count(DISTINCT cs1.cs_order_number))
        Sort Method: quicksort  Memory: 25kB
        ->  Aggregate  (cost=78743.56..78743.57 rows=1 width=24) (actual time=495.313..557.047 rows=1 loops=1)
              ->  Nested Loop  (cost=5530.55..78743.53 rows=4 width=24) (actual time=73.973..556.968 rows=256 loops=1)
                    Join Filter: (cs1.cs_call_center_sk = call_center.cc_call_center_sk)
                    Rows Removed by Join Filter: 253
                    ->  Gather  (cost=5530.55..78742.12 rows=4 width=32) (actual time=73.958..556.820 rows=256 loops=1)
                          Workers Planned: 2
                          Workers Launched: 2
                          ->  Nested Loop Semi Join  (cost=4530.55..77741.72 rows=2 width=32) (actual time=72.293..489.576 rows=85 loops=3)
                                ->  Nested Loop  (cost=4530.13..65392.83 rows=2 width=40) (actual time=67.799..186.615 rows=85 loops=3)
                                      ->  Hash Anti Join  (cost=4529.84..65373.24 rows=63 width=48) (actual time=64.821..179.043 rows=3440 loops=3)
                                            Hash Cond: (cs1.cs_order_number = cr1.cr_order_number)
                                            ->  Hash Join  (cost=5.48..60846.45 rows=498 width=48) (actual time=26.842..141.507 rows=9137 loops=3)
                                                  Hash Cond: (cs1.cs_ship_date_sk = date_dim.d_date_sk)
                                                  ->  Parallel Seq Scan on catalog_sales cs1  (cost=0.00..59266.53 rows=599753 width=56) (actual time=0.018..80.640 rows=479804 loops=3)
                                                  ->  Hash  (cost=4.71..4.71 rows=61 width=8) (actual time=0.100..0.101 rows=61 loops=3)
                                                        Buckets: 1024  Batches: 1  Memory Usage: 11kB
                                                        ->  Index Scan using i_d_date on date_dim  (cost=0.29..4.71 rows=61 width=8) (actual time=0.068..0.086 rows=61 loops=3)
                                                              Index Cond: ((d_date >= '1999-04-01'::date) AND (d_date <= '1999-05-31 00:00:00'::timestamp without time zone))
                                            ->  Hash  (cost=2720.52..2720.52 rows=144307 width=8) (actual time=35.120..35.121 rows=144307 loops=3)
                                                  Buckets: 262144  Batches: 1  Memory Usage: 7685kB
                                                  ->  Index Only Scan using pk_catalog_returns on catalog_returns cr1  (cost=0.42..2720.52 rows=144307 width=8) (actual time=0.094..17.682 rows=144307 loops=3)
                                                        Heap Fetches: 0
                                      ->  Index Scan using pk_customer_address on customer_address  (cost=0.29..0.31 rows=1 width=8) (actual time=0.002..0.002 rows=0 loops=10320)
                                            Index Cond: (ca_address_sk = cs1.cs_ship_addr_sk)
                                            Filter: (ca_state = 'MS'::bpchar)
                                            Rows Removed by Filter: 1
                                ->  Index Scan using pk_catalog_sales on catalog_sales cs2  (cost=0.43..10796.23 rows=13 width=16) (actual time=3.550..3.550 rows=1 loops=256)
                                      Index Cond: (cs_order_number = cs1.cs_order_number)
                                      Filter: (cs1.cs_warehouse_sk <> cs_warehouse_sk)
                                      Rows Removed by Filter: 0
                    ->  Materialize  (cost=0.00..1.13 rows=6 width=8) (actual time=0.000..0.000 rows=2 loops=256)
                          ->  Seq Scan on call_center  (cost=0.00..1.10 rows=6 width=8) (actual time=0.008..0.009 rows=4 loops=1)
                                Filter: ((cc_county)::text = ANY ('{"Williamson County","Williamson County","Williamson County","Williamson County","Williamson County"}'::text[]))
 order count | total shipping cost |  total net profit  
-------------+---------------------+--------------------
          68 |  318628.81999999995 | -67089.70000000001
(1 row)

UPDATE time_statistics SET e_time = TRANSACTION_TIMESTAMP() WHERE template = '../query_postgresql/query16.tpl' AND stream = 0;
psql:/tmp/s1-basline/power/query_0.sql:1043: NOTICE:  duration: 0.025 ms  plan:
Query Text: UPDATE time_statistics SET e_time = TRANSACTION_TIMESTAMP() WHERE template = '../query_postgresql/query16.tpl' AND stream = 0;
Update on time_statistics  (cost=0.00..28.15 rows=0 width=0) (actual time=0.024..0.024 rows=0 loops=1)
  ->  Seq Scan on time_statistics  (cost=0.00..28.15 rows=1 width=14) (actual time=0.010..0.011 rows=1 loops=1)
        Filter: ((template = '../query_postgresql/query16.tpl'::text) AND (stream = 0))
        Rows Removed by Filter: 16
UPDATE 1
LOAD 'auto_explain'; SET auto_explain.log_min_duration TO 0; SET auto_explain.log_analyze TO on; SET auto_explain.log_level TO notice; INSERT INTO time_statistics (template, s_time, stream, query, seed) VALUES ('query17.tpl', TRANSACTION_TIMESTAMP(), 0, 17, 1602008604);
LOAD
SET
SET
SET
psql:/tmp/s1-basline/power/query_0.sql:1044: NOTICE:  duration: 0.009 ms  plan:
Query Text: INSERT INTO time_statistics (template, s_time, stream, query, seed) VALUES ('query17.tpl', TRANSACTION_TIMESTAMP(), 0, 17, 1602008604);
Insert on time_statistics  (cost=0.00..0.01 rows=0 width=0) (actual time=0.008..0.009 rows=0 loops=1)
  ->  Result  (cost=0.00..0.01 rows=1 width=64) (actual time=0.002..0.002 rows=1 loops=1)
INSERT 0 1
select  i_item_id
       ,i_item_desc
       ,s_state
       ,count(ss_quantity) as store_sales_quantitycount
       ,avg(ss_quantity) as store_sales_quantityave
       ,stddev_samp(ss_quantity) as store_sales_quantitystdev
       ,stddev_samp(ss_quantity)/avg(ss_quantity) as store_sales_quantitycov
       ,count(sr_return_quantity) as store_returns_quantitycount
       ,avg(sr_return_quantity) as store_returns_quantityave
       ,stddev_samp(sr_return_quantity) as store_returns_quantitystdev
       ,stddev_samp(sr_return_quantity)/avg(sr_return_quantity) as store_returns_quantitycov
       ,count(cs_quantity) as catalog_sales_quantitycount ,avg(cs_quantity) as catalog_sales_quantityave
       ,stddev_samp(cs_quantity) as catalog_sales_quantitystdev
       ,stddev_samp(cs_quantity)/avg(cs_quantity) as catalog_sales_quantitycov
 from store_sales
     ,store_returns
     ,catalog_sales
     ,date_dim d1
     ,date_dim d2
     ,date_dim d3
     ,store
     ,item
 where d1.d_quarter_name = '2002Q1'
   and d1.d_date_sk = ss_sold_date_sk
   and i_item_sk = ss_item_sk
   and s_store_sk = ss_store_sk
   and ss_customer_sk = sr_customer_sk
   and ss_item_sk = sr_item_sk
   and ss_ticket_number = sr_ticket_number
   and sr_returned_date_sk = d2.d_date_sk
   and d2.d_quarter_name in ('2002Q1','2002Q2','2002Q3')
   and sr_customer_sk = cs_bill_customer_sk
   and sr_item_sk = cs_item_sk
   and cs_sold_date_sk = d3.d_date_sk
   and d3.d_quarter_name in ('2002Q1','2002Q2','2002Q3')
 group by i_item_id
         ,i_item_desc
         ,s_state
 order by i_item_id
         ,i_item_desc
         ,s_state
limit 100;
psql:/tmp/s1-basline/power/query_0.sql:1086: NOTICE:  duration: 2461.329 ms  plan:
Query Text: select  i_item_id
       ,i_item_desc
       ,s_state
       ,count(ss_quantity) as store_sales_quantitycount
       ,avg(ss_quantity) as store_sales_quantityave
       ,stddev_samp(ss_quantity) as store_sales_quantitystdev
       ,stddev_samp(ss_quantity)/avg(ss_quantity) as store_sales_quantitycov
       ,count(sr_return_quantity) as store_returns_quantitycount
       ,avg(sr_return_quantity) as store_returns_quantityave
       ,stddev_samp(sr_return_quantity) as store_returns_quantitystdev
       ,stddev_samp(sr_return_quantity)/avg(sr_return_quantity) as store_returns_quantitycov
       ,count(cs_quantity) as catalog_sales_quantitycount ,avg(cs_quantity) as catalog_sales_quantityave
       ,stddev_samp(cs_quantity) as catalog_sales_quantitystdev
       ,stddev_samp(cs_quantity)/avg(cs_quantity) as catalog_sales_quantitycov
 from store_sales
     ,store_returns
     ,catalog_sales
     ,date_dim d1
     ,date_dim d2
     ,date_dim d3
     ,store
     ,item
 where d1.d_quarter_name = '2002Q1'
   and d1.d_date_sk = ss_sold_date_sk
   and i_item_sk = ss_item_sk
   and s_store_sk = ss_store_sk
   and ss_customer_sk = sr_customer_sk
   and ss_item_sk = sr_item_sk
   and ss_ticket_number = sr_ticket_number
   and sr_returned_date_sk = d2.d_date_sk
   and d2.d_quarter_name in ('2002Q1','2002Q2','2002Q3')
   and sr_customer_sk = cs_bill_customer_sk
   and sr_item_sk = cs_item_sk
   and cs_sold_date_sk = d3.d_date_sk
   and d3.d_quarter_name in ('2002Q1','2002Q2','2002Q3')
 group by i_item_id
         ,i_item_desc
         ,s_state
 order by i_item_id
         ,i_item_desc
         ,s_state
limit 100;
Limit  (cost=11757.30..11757.37 rows=1 width=434) (actual time=2461.321..2461.326 rows=0 loops=1)
  ->  GroupAggregate  (cost=11757.30..11757.37 rows=1 width=434) (actual time=2461.320..2461.324 rows=0 loops=1)
        Group Key: item.i_item_id, item.i_item_desc, store.s_state
        ->  Sort  (cost=11757.30..11757.30 rows=1 width=134) (actual time=2461.319..2461.322 rows=0 loops=1)
              Sort Key: item.i_item_id, item.i_item_desc, store.s_state
              Sort Method: quicksort  Memory: 25kB
              ->  Nested Loop  (cost=2.15..11757.29 rows=1 width=134) (actual time=2461.313..2461.316 rows=0 loops=1)
                    ->  Nested Loop  (cost=1.86..11756.98 rows=1 width=39) (actual time=2461.312..2461.315 rows=0 loops=1)
                          Join Filter: (store_sales.ss_store_sk = store.s_store_sk)
                          ->  Nested Loop  (cost=1.86..11755.71 rows=1 width=44) (actual time=2461.312..2461.315 rows=0 loops=1)
                                ->  Nested Loop  (cost=1.57..11755.40 rows=1 width=52) (actual time=1199.003..2461.292 rows=3 loops=1)
                                      ->  Nested Loop  (cost=1.28..11755.09 rows=1 width=60) (actual time=232.345..2461.136 rows=25 loops=1)
                                            ->  Nested Loop  (cost=0.85..11752.87 rows=1 width=56) (actual time=9.668..233.693 rows=30119 loops=1)
                                                  ->  Nested Loop  (cost=0.42..10944.56 rows=1035 width=28) (actual time=9.649..64.657 rows=40725 loops=1)
                                                        ->  Seq Scan on date_dim d2  (cost=0.00..2409.42 rows=273 width=8) (actual time=9.629..18.910 rows=274 loops=1)
                                                              Filter: (d_quarter_name = ANY ('{2002Q1,2002Q2,2002Q3}'::bpchar[]))
                                                              Rows Removed by Filter: 72775
                                                        ->  Index Scan using i_sr_returned_date_sk on store_returns  (cost=0.42..29.86 rows=140 width=36) (actual time=0.004..0.140 rows=149 loops=274)
                                                              Index Cond: (sr_returned_date_sk = d2.d_date_sk)
                                                  ->  Index Scan using pk_store_sales on store_sales  (cost=0.43..0.77 rows=1 width=44) (actual time=0.004..0.004 rows=1 loops=40725)
                                                        Index Cond: ((ss_item_sk = store_returns.sr_item_sk) AND (ss_ticket_number = store_returns.sr_ticket_number))
                                                        Filter: (store_returns.sr_customer_sk = ss_customer_sk)
                                                        Rows Removed by Filter: 0
                                            ->  Index Scan using pk_catalog_sales on catalog_sales  (cost=0.43..2.21 rows=1 width=28) (actual time=0.074..0.074 rows=0 loops=30119)
                                                  Index Cond: (cs_item_sk = store_sales.ss_item_sk)
                                                  Filter: (store_sales.ss_customer_sk = cs_bill_customer_sk)
                                                  Rows Removed by Filter: 92
                                      ->  Index Scan using pk_date_dim on date_dim d1  (cost=0.29..0.31 rows=1 width=8) (actual time=0.005..0.005 rows=0 loops=25)
                                            Index Cond: (d_date_sk = store_sales.ss_sold_date_sk)
                                            Filter: (d_quarter_name = '2002Q1'::bpchar)
                                            Rows Removed by Filter: 1
                                ->  Index Scan using pk_date_dim on date_dim d3  (cost=0.29..0.31 rows=1 width=8) (actual time=0.006..0.006 rows=0 loops=3)
                                      Index Cond: (d_date_sk = catalog_sales.cs_sold_date_sk)
                                      Filter: (d_quarter_name = ANY ('{2002Q1,2002Q2,2002Q3}'::bpchar[]))
                                      Rows Removed by Filter: 1
                          ->  Seq Scan on store  (cost=0.00..1.12 rows=12 width=11) (never executed)
                    ->  Index Scan using pk_item on item  (cost=0.29..0.31 rows=1 width=127) (never executed)
                          Index Cond: (i_item_sk = store_sales.ss_item_sk)
 i_item_id | i_item_desc | s_state | store_sales_quantitycount | store_sales_quantityave | store_sales_quantitystdev | store_sales_quantitycov | store_returns_quantitycount | store_returns_quantityave | store_returns_quantitystdev | store_returns_quantitycov | catalog_sales_quantitycount | catalog_sales_quantityave | catalog_sales_quantitystdev | catalog_sales_quantitycov 
-----------+-------------+---------+---------------------------+-------------------------+---------------------------+-------------------------+-----------------------------+---------------------------+-----------------------------+---------------------------+-----------------------------+---------------------------+-----------------------------+---------------------------
(0 rows)

UPDATE time_statistics SET e_time = TRANSACTION_TIMESTAMP() WHERE template = 'query17.tpl' AND stream = 0;
psql:/tmp/s1-basline/power/query_0.sql:1088: NOTICE:  duration: 0.027 ms  plan:
Query Text: UPDATE time_statistics SET e_time = TRANSACTION_TIMESTAMP() WHERE template = 'query17.tpl' AND stream = 0;
Update on time_statistics  (cost=0.00..28.15 rows=0 width=0) (actual time=0.027..0.027 rows=0 loops=1)
  ->  Seq Scan on time_statistics  (cost=0.00..28.15 rows=1 width=14) (actual time=0.013..0.013 rows=1 loops=1)
        Filter: ((template = 'query17.tpl'::text) AND (stream = 0))
        Rows Removed by Filter: 17
UPDATE 1
LOAD 'auto_explain'; SET auto_explain.log_min_duration TO 0; SET auto_explain.log_analyze TO on; SET auto_explain.log_level TO notice; INSERT INTO time_statistics (template, s_time, stream, query, seed) VALUES ('query18.tpl', TRANSACTION_TIMESTAMP(), 0, 18, 1309983679);
LOAD
SET
SET
SET
psql:/tmp/s1-basline/power/query_0.sql:1089: NOTICE:  duration: 0.008 ms  plan:
Query Text: INSERT INTO time_statistics (template, s_time, stream, query, seed) VALUES ('query18.tpl', TRANSACTION_TIMESTAMP(), 0, 18, 1309983679);
Insert on time_statistics  (cost=0.00..0.01 rows=0 width=0) (actual time=0.008..0.008 rows=0 loops=1)
  ->  Result  (cost=0.00..0.01 rows=1 width=64) (actual time=0.002..0.002 rows=1 loops=1)
INSERT 0 1
select  i_item_id,
        ca_country,
        ca_state, 
        ca_county,
        avg( cast(cs_quantity as decimal(12,2))) agg1,
        avg( cast(cs_list_price as decimal(12,2))) agg2,
        avg( cast(cs_coupon_amt as decimal(12,2))) agg3,
        avg( cast(cs_sales_price as decimal(12,2))) agg4,
        avg( cast(cs_net_profit as decimal(12,2))) agg5,
        avg( cast(c_birth_year as decimal(12,2))) agg6,
        avg( cast(cd1.cd_dep_count as decimal(12,2))) agg7
 from catalog_sales, customer_demographics cd1, 
      customer_demographics cd2, customer, customer_address, date_dim, item
 where cs_sold_date_sk = d_date_sk and
       cs_item_sk = i_item_sk and
       cs_bill_cdemo_sk = cd1.cd_demo_sk and
       cs_bill_customer_sk = c_customer_sk and
       cd1.cd_gender = 'M' and 
       cd1.cd_education_status = '2 yr Degree' and
       c_current_cdemo_sk = cd2.cd_demo_sk and
       c_current_addr_sk = ca_address_sk and
       c_birth_month in (3,8,5,7,12,1) and
       d_year = 2002 and
       ca_state in ('PA','ID','FL'
                   ,'NC','ND','MO','CO')
 group by rollup (i_item_id, ca_country, ca_state, ca_county)
 order by ca_country,
        ca_state, 
        ca_county,
	i_item_id
 limit 100;
psql:/tmp/s1-basline/power/query_0.sql:1120: NOTICE:  duration: 730.952 ms  plan:
Query Text: select  i_item_id,
        ca_country,
        ca_state, 
        ca_county,
        avg( cast(cs_quantity as decimal(12,2))) agg1,
        avg( cast(cs_list_price as decimal(12,2))) agg2,
        avg( cast(cs_coupon_amt as decimal(12,2))) agg3,
        avg( cast(cs_sales_price as decimal(12,2))) agg4,
        avg( cast(cs_net_profit as decimal(12,2))) agg5,
        avg( cast(c_birth_year as decimal(12,2))) agg6,
        avg( cast(cd1.cd_dep_count as decimal(12,2))) agg7
 from catalog_sales, customer_demographics cd1, 
      customer_demographics cd2, customer, customer_address, date_dim, item
 where cs_sold_date_sk = d_date_sk and
       cs_item_sk = i_item_sk and
       cs_bill_cdemo_sk = cd1.cd_demo_sk and
       cs_bill_customer_sk = c_customer_sk and
       cd1.cd_gender = 'M' and 
       cd1.cd_education_status = '2 yr Degree' and
       c_current_cdemo_sk = cd2.cd_demo_sk and
       c_current_addr_sk = ca_address_sk and
       c_birth_month in (3,8,5,7,12,1) and
       d_year = 2002 and
       ca_state in ('PA','ID','FL'
                   ,'NC','ND','MO','CO')
 group by rollup (i_item_id, ca_country, ca_state, ca_county)
 order by ca_country,
        ca_state, 
        ca_county,
	i_item_id
 limit 100;
Limit  (cost=24813.83..24814.08 rows=100 width=272) (actual time=730.827..730.840 rows=100 loops=1)
  ->  Sort  (cost=24813.83..24814.22 rows=157 width=272) (actual time=730.826..730.833 rows=100 loops=1)
        Sort Key: customer_address.ca_country, customer_address.ca_state, customer_address.ca_county, item.i_item_id
        Sort Method: top-N heapsort  Memory: 47kB
        ->  GroupAggregate  (cost=24801.25..24808.10 rows=157 width=272) (actual time=711.021..727.918 rows=5234 loops=1)
              Group Key: item.i_item_id, customer_address.ca_country, customer_address.ca_state, customer_address.ca_county
              Group Key: item.i_item_id, customer_address.ca_country, customer_address.ca_state
              Group Key: item.i_item_id, customer_address.ca_country
              Group Key: item.i_item_id
              Group Key: ()
              ->  Sort  (cost=24801.25..24801.34 rows=39 width=92) (actual time=710.984..711.054 rows=1335 loops=1)
                    Sort Key: item.i_item_id, customer_address.ca_country, customer_address.ca_state, customer_address.ca_county
                    Sort Method: quicksort  Memory: 226kB
                    ->  Nested Loop  (cost=2.15..24800.22 rows=39 width=92) (actual time=6.450..707.473 rows=1335 loops=1)
                          ->  Nested Loop  (cost=1.86..24788.28 rows=39 width=83) (actual time=6.444..703.829 rows=1335 loops=1)
                                ->  Nested Loop  (cost=1.44..24765.69 rows=41 width=91) (actual time=6.441..701.730 rows=1339 loops=1)
                                      ->  Nested Loop  (cost=1.15..24678.15 rows=254 width=68) (actual time=5.467..684.239 rows=9636 loops=1)
                                            ->  Nested Loop  (cost=0.85..24512.66 rows=517 width=56) (actual time=4.139..650.813 rows=19779 loops=1)
                                                  ->  Nested Loop  (cost=0.43..21168.73 rows=7110 width=60) (actual time=4.104..132.125 rows=286027 loops=1)
                                                        ->  Seq Scan on date_dim  (cost=0.00..2318.11 rows=363 width=8) (actual time=4.093..8.565 rows=365 loops=1)
                                                              Filter: (d_year = 2002)
                                                              Rows Removed by Filter: 72684
                                                        ->  Index Scan using i_cs_sold_date_sk on catalog_sales  (cost=0.43..44.11 rows=782 width=68) (actual time=0.004..0.180 rows=784 loops=365)
                                                              Index Cond: (cs_sold_date_sk = date_dim.d_date_sk)
                                                  ->  Index Scan using pk_customer_demographics on customer_demographics cd1  (cost=0.43..0.47 rows=1 width=12) (actual time=0.002..0.002 rows=0 loops=286027)
                                                        Index Cond: (cd_demo_sk = catalog_sales.cs_bill_cdemo_sk)
                                                        Filter: ((cd_gender = 'M'::bpchar) AND (cd_education_status = '2 yr Degree'::bpchar))
                                                        Rows Removed by Filter: 1
                                            ->  Index Scan using pk_customer on customer  (cost=0.29..0.32 rows=1 width=28) (actual time=0.001..0.001 rows=0 loops=19779)
                                                  Index Cond: (c_customer_sk = catalog_sales.cs_bill_customer_sk)
                                                  Filter: (c_birth_month = ANY ('{3,8,5,7,12,1}'::integer[]))
                                                  Rows Removed by Filter: 1
                                      ->  Index Scan using pk_customer_address on customer_address  (cost=0.29..0.34 rows=1 width=39) (actual time=0.002..0.002 rows=0 loops=9636)
                                            Index Cond: (ca_address_sk = customer.c_current_addr_sk)
                                            Filter: (ca_state = ANY ('{PA,ID,FL,NC,ND,MO,CO}'::bpchar[]))
                                            Rows Removed by Filter: 1
                                ->  Index Only Scan using pk_customer_demographics on customer_demographics cd2  (cost=0.43..0.55 rows=1 width=8) (actual time=0.001..0.001 rows=1 loops=1339)
                                      Index Cond: (cd_demo_sk = customer.c_current_cdemo_sk)
                                      Heap Fetches: 0
                          ->  Index Scan using pk_item on item  (cost=0.29..0.31 rows=1 width=25) (actual time=0.002..0.002 rows=1 loops=1335)
                                Index Cond: (i_item_sk = catalog_sales.cs_item_sk)
    i_item_id     |  ca_country   | ca_state |    ca_county     |          agg1          |         agg2         |          agg3          |          agg4          |          agg5           |         agg6          |          agg7          
------------------+---------------+----------+------------------+------------------------+----------------------+------------------------+------------------------+-------------------------+-----------------------+------------------------
 AAAAAAAAAHMDAAAA | United States | CO       | Alamosa County   |    58.0000000000000000 |  53.3100000000000000 | 0.00000000000000000000 |    32.5100000000000000 |   -247.0800000000000000 | 1982.0000000000000000 |     6.0000000000000000
 AAAAAAAAALEEAAAA | United States | CO       | Alamosa County   |    44.0000000000000000 |  48.3700000000000000 | 0.00000000000000000000 |    45.9500000000000000 |    952.1600000000000000 | 1982.0000000000000000 |     6.0000000000000000
 AAAAAAAABGKCAAAA | United States | CO       | Alamosa County   |    51.0000000000000000 |  42.1400000000000000 | 0.00000000000000000000 |    28.6500000000000000 |   -205.0200000000000000 | 1982.0000000000000000 |     6.0000000000000000
 AAAAAAAAEDLCAAAA | United States | CO       | Alamosa County   |    81.0000000000000000 |  49.1700000000000000 |  1975.1500000000000000 |    39.3300000000000000 |  -2772.1900000000000000 | 1982.0000000000000000 |     6.0000000000000000
 AAAAAAAAFAMCAAAA | United States | CO       | Alamosa County   |    76.0000000000000000 |  97.1400000000000000 | 0.00000000000000000000 |    63.1400000000000000 |   2329.4000000000000000 | 1982.0000000000000000 |     6.0000000000000000
 AAAAAAAAFNHDAAAA | United States | CO       | Alamosa County   |    70.0000000000000000 |  98.2200000000000000 |  1249.1900000000000000 |    77.5900000000000000 |   -371.3900000000000000 | 1982.0000000000000000 |     6.0000000000000000
 AAAAAAAAIMHBAAAA | United States | CO       | Alamosa County   |    62.0000000000000000 | 144.0400000000000000 | 0.00000000000000000000 |    79.2200000000000000 |   1842.6400000000000000 | 1982.0000000000000000 |     6.0000000000000000
 AAAAAAAAJGHDAAAA | United States | CO       | Alamosa County   |    39.0000000000000000 |  23.0400000000000000 | 0.00000000000000000000 |     4.6000000000000000 |   -133.7700000000000000 | 1982.0000000000000000 |     6.0000000000000000
 AAAAAAAAJPJBAAAA | United States | CO       | Alamosa County   |    34.0000000000000000 |  47.1300000000000000 | 0.00000000000000000000 |    10.3600000000000000 |  -1218.9000000000000000 | 1982.0000000000000000 |     6.0000000000000000
 AAAAAAAAPGKAAAAA | United States | CO       | Alamosa County   |    62.0000000000000000 | 191.3300000000000000 | 0.00000000000000000000 |    34.4300000000000000 |  -3487.5000000000000000 | 1982.0000000000000000 |     6.0000000000000000
 AAAAAAAACBHDAAAA | United States | CO       | Boulder County   |    28.0000000000000000 | 170.1000000000000000 | 0.00000000000000000000 |    96.9500000000000000 |    519.6800000000000000 | 1974.0000000000000000 |     4.0000000000000000
 AAAAAAAACDOBAAAA | United States | CO       | Boulder County   |     7.0000000000000000 | 250.5000000000000000 | 0.00000000000000000000 |   102.7000000000000000 |    114.2400000000000000 | 1974.0000000000000000 |     4.0000000000000000
 AAAAAAAACHDCAAAA | United States | CO       | Boulder County   |                        |                      |                        |    17.9800000000000000 |  -2700.6200000000000000 | 1974.0000000000000000 |     4.0000000000000000
 AAAAAAAACJAAAAAA | United States | CO       | Boulder County   |    90.0000000000000000 |  47.8800000000000000 | 0.00000000000000000000 |    15.8000000000000000 |   -985.5000000000000000 | 1974.0000000000000000 |     4.0000000000000000
 AAAAAAAACKACAAAA | United States | CO       | Boulder County   |    95.0000000000000000 |  72.7600000000000000 | 0.00000000000000000000 |    17.4600000000000000 |  -1174.2000000000000000 | 1974.0000000000000000 |     4.0000000000000000
 AAAAAAAAENECAAAA | United States | CO       | Boulder County   |    74.0000000000000000 | 195.7000000000000000 | 0.00000000000000000000 |    45.0100000000000000 |  -2461.9800000000000000 | 1974.0000000000000000 |     4.0000000000000000
 AAAAAAAAFCCEAAAA | United States | CO       | Boulder County   |     3.0000000000000000 | 113.0800000000000000 | 0.00000000000000000000 |    97.2400000000000000 |    122.9400000000000000 | 1974.0000000000000000 |     4.0000000000000000
 AAAAAAAAGHJDAAAA | United States | CO       | Boulder County   |    53.0000000000000000 | 132.9000000000000000 | 0.00000000000000000000 |    27.9000000000000000 |  -3739.1500000000000000 | 1974.0000000000000000 |     4.0000000000000000
 AAAAAAAAGICAAAAA | United States | CO       | Boulder County   | 1.00000000000000000000 |  68.2300000000000000 | 0.00000000000000000000 |    17.7300000000000000 |    -15.7200000000000000 | 1974.0000000000000000 |     4.0000000000000000
 AAAAAAAAILHAAAAA | United States | CO       | Boulder County   |    57.0000000000000000 |  41.5200000000000000 | 0.00000000000000000000 |     6.2200000000000000 |   -631.5600000000000000 | 1974.0000000000000000 |     4.0000000000000000
 AAAAAAAAIPIAAAAA | United States | CO       | Boulder County   | 1.00000000000000000000 |  16.3400000000000000 |     2.0100000000000000 |     2.1200000000000000 |     -5.4700000000000000 | 1974.0000000000000000 |     4.0000000000000000
 AAAAAAAALKPBAAAA | United States | CO       | Boulder County   |    29.0000000000000000 |  72.1200000000000000 | 0.00000000000000000000 |    47.5900000000000000 |    519.3900000000000000 | 1974.0000000000000000 |     4.0000000000000000
 AAAAAAAAMHHAAAAA | United States | CO       | Boulder County   |    29.0000000000000000 | 120.7800000000000000 |   264.0500000000000000 |    35.0200000000000000 |  -1131.7300000000000000 | 1974.0000000000000000 |     4.0000000000000000
 AAAAAAAAPJKAAAAA | United States | CO       | Boulder County   |    69.0000000000000000 |  24.5500000000000000 | 0.00000000000000000000 |    19.8800000000000000 |    553.3800000000000000 | 1974.0000000000000000 |     4.0000000000000000
 AAAAAAAAAMIAAAAA | United States | CO       | Chaffee County   |    91.0000000000000000 |  47.0500000000000000 | 0.00000000000000000000 |    29.6400000000000000 |    956.4100000000000000 | 1989.0000000000000000 |     5.0000000000000000
 AAAAAAAADPDEAAAA | United States | CO       | Chaffee County   |    74.0000000000000000 | 155.7600000000000000 | 0.00000000000000000000 |    85.6600000000000000 |    272.3200000000000000 | 1989.0000000000000000 |     5.0000000000000000
 AAAAAAAAGMKAAAAA | United States | CO       | Chaffee County   |    74.0000000000000000 |  96.1900000000000000 |   751.6400000000000000 |    30.7800000000000000 |  -5065.1000000000000000 | 1989.0000000000000000 |     5.0000000000000000
 AAAAAAAAOOMBAAAA | United States | CO       | Chaffee County   |    76.0000000000000000 | 113.3400000000000000 | 0.00000000000000000000 |    94.0700000000000000 |   3303.7200000000000000 | 1989.0000000000000000 |     5.0000000000000000
 AAAAAAAABKMCAAAA | United States | CO       | Crowley County   |     4.0000000000000000 |  74.8100000000000000 | 0.00000000000000000000 |    59.8400000000000000 |     49.9600000000000000 | 1965.0000000000000000 | 0.00000000000000000000
 AAAAAAAACGCBAAAA | United States | CO       | Crowley County   |    77.0000000000000000 |  10.5400000000000000 | 0.00000000000000000000 |     2.3100000000000000 |   -224.0700000000000000 | 1965.0000000000000000 | 0.00000000000000000000
 AAAAAAAACMBEAAAA | United States | CO       | Crowley County   |    95.0000000000000000 |  45.9000000000000000 | 0.00000000000000000000 |    19.2700000000000000 |     57.9500000000000000 | 1965.0000000000000000 | 0.00000000000000000000
 AAAAAAAADFPCAAAA | United States | CO       | Crowley County   |    71.0000000000000000 |  96.1500000000000000 | 0.00000000000000000000 |    18.2600000000000000 |  -3024.6000000000000000 | 1967.0000000000000000 |     4.0000000000000000
 AAAAAAAAEBACAAAA | United States | CO       | Crowley County   |    16.0000000000000000 |  36.2900000000000000 | 0.00000000000000000000 |    35.2000000000000000 |     15.3600000000000000 | 1965.0000000000000000 | 0.00000000000000000000
 AAAAAAAAFJLAAAAA | United States | CO       | Crowley County   |    35.0000000000000000 |  11.0700000000000000 | 0.00000000000000000000 |     7.9700000000000000 |    108.1500000000000000 | 1965.0000000000000000 | 0.00000000000000000000
 AAAAAAAAFLBCAAAA | United States | CO       | Crowley County   |    51.0000000000000000 | 141.8400000000000000 |  1265.9200000000000000 |    35.4600000000000000 |  -3521.6500000000000000 | 1967.0000000000000000 |     4.0000000000000000
 AAAAAAAAGBBCAAAA | United States | CO       | Crowley County   |     6.0000000000000000 |  52.1500000000000000 | 0.00000000000000000000 |    17.7300000000000000 |   -102.2400000000000000 | 1967.0000000000000000 |     4.0000000000000000
 AAAAAAAAGNMBAAAA | United States | CO       | Crowley County   |    18.0000000000000000 | 135.5800000000000000 | 0.00000000000000000000 |    39.3100000000000000 |   -640.8000000000000000 | 1967.0000000000000000 |     4.0000000000000000
 AAAAAAAAHBFDAAAA | United States | CO       | Crowley County   |    61.0000000000000000 |  11.3400000000000000 | 0.00000000000000000000 |     8.6100000000000000 |    -71.3700000000000000 | 1967.0000000000000000 |     4.0000000000000000
 AAAAAAAAHEODAAAA | United States | CO       | Crowley County   |    50.0000000000000000 |  18.5500000000000000 | 0.00000000000000000000 |    17.6200000000000000 |    435.0000000000000000 | 1967.0000000000000000 |     4.0000000000000000
 AAAAAAAAIGCDAAAA | United States | CO       | Crowley County   |    65.0000000000000000 |  17.8700000000000000 | 0.00000000000000000000 |    16.2600000000000000 |     46.8000000000000000 | 1967.0000000000000000 |     4.0000000000000000
 AAAAAAAAIKMBAAAA | United States | CO       | Crowley County   |    29.0000000000000000 | 222.8300000000000000 | 0.00000000000000000000 |   202.7700000000000000 |   3530.4600000000000000 | 1967.0000000000000000 |     4.0000000000000000
 AAAAAAAAJCKBAAAA | United States | CO       | Crowley County   |    31.0000000000000000 |  22.3400000000000000 | 0.00000000000000000000 |    16.9700000000000000 |    130.2000000000000000 | 1965.0000000000000000 | 0.00000000000000000000
 AAAAAAAAKAFCAAAA | United States | CO       | Crowley County   |    25.0000000000000000 | 119.7900000000000000 | 0.00000000000000000000 |    79.0600000000000000 |    887.5000000000000000 | 1967.0000000000000000 |     4.0000000000000000
 AAAAAAAAKBFDAAAA | United States | CO       | Crowley County   |    86.0000000000000000 | 158.2900000000000000 | 0.00000000000000000000 |    61.7300000000000000 |  -1971.1200000000000000 | 1967.0000000000000000 |     4.0000000000000000
 AAAAAAAALPEEAAAA | United States | CO       | Crowley County   |    66.0000000000000000 |  80.3200000000000000 | 0.00000000000000000000 |    48.9900000000000000 |    -19.1400000000000000 | 1967.0000000000000000 |     4.0000000000000000
 AAAAAAAANHEEAAAA | United States | CO       | Crowley County   |    36.0000000000000000 | 141.2800000000000000 |   142.3800000000000000 |     5.6500000000000000 |  -1981.6200000000000000 | 1967.0000000000000000 |     4.0000000000000000
 AAAAAAAANKPCAAAA | United States | CO       | Crowley County   |   100.0000000000000000 | 216.6100000000000000 | 0.00000000000000000000 |   212.2700000000000000 |  11809.0000000000000000 | 1967.0000000000000000 |     4.0000000000000000
 AAAAAAAAOEIAAAAA | United States | CO       | Crowley County   |    42.0000000000000000 | 159.0600000000000000 | 0.00000000000000000000 |   106.5700000000000000 |   1703.9400000000000000 | 1967.0000000000000000 |     4.0000000000000000
 AAAAAAAAPMBAAAAA | United States | CO       | Crowley County   |    94.0000000000000000 | 153.5800000000000000 | 0.00000000000000000000 |    19.9600000000000000 |  -3298.4600000000000000 | 1965.0000000000000000 | 0.00000000000000000000
 AAAAAAAAAEKAAAAA | United States | CO       | Dolores County   |    24.0000000000000000 |  22.9600000000000000 | 0.00000000000000000000 |    19.5100000000000000 |    176.6400000000000000 | 1962.0000000000000000 | 1.00000000000000000000
 AAAAAAAAAMPBAAAA | United States | CO       | Dolores County   | 1.00000000000000000000 | 130.8500000000000000 | 0.00000000000000000000 |    14.3900000000000000 |    -69.4900000000000000 | 1952.0000000000000000 |     5.0000000000000000
 AAAAAAAABAECAAAA | United States | CO       | Dolores County   |    64.0000000000000000 | 141.4100000000000000 | 0.00000000000000000000 |   106.0500000000000000 |   1786.8800000000000000 | 1952.0000000000000000 |     5.0000000000000000
 AAAAAAAACCLCAAAA | United States | CO       | Dolores County   |    36.0000000000000000 | 113.6100000000000000 | 0.00000000000000000000 |    97.7000000000000000 |   1723.3200000000000000 | 1962.0000000000000000 | 1.00000000000000000000
 AAAAAAAACLEDAAAA | United States | CO       | Dolores County   |    98.0000000000000000 |  82.4400000000000000 | 0.00000000000000000000 |    13.1900000000000000 |  -2073.6800000000000000 | 1952.0000000000000000 |     5.0000000000000000
 AAAAAAAAEPBCAAAA | United States | CO       | Dolores County   |    77.0000000000000000 |  16.2500000000000000 | 0.00000000000000000000 |     3.0800000000000000 |   -703.7800000000000000 | 1952.0000000000000000 |     5.0000000000000000
 AAAAAAAAGDOAAAAA | United States | CO       | Dolores County   |    19.0000000000000000 | 120.0700000000000000 | 0.00000000000000000000 |    92.4500000000000000 |    665.0000000000000000 | 1962.0000000000000000 | 1.00000000000000000000
 AAAAAAAAIABCAAAA | United States | CO       | Dolores County   |    44.0000000000000000 | 107.8500000000000000 | 0.00000000000000000000 |    18.3300000000000000 |  -2489.0800000000000000 | 1952.0000000000000000 |     5.0000000000000000
 AAAAAAAAIFBCAAAA | United States | CO       | Dolores County   |    43.0000000000000000 | 165.4200000000000000 | 0.00000000000000000000 |   124.0600000000000000 |   1382.8800000000000000 | 1962.0000000000000000 | 1.00000000000000000000
 AAAAAAAAIJEEAAAA | United States | CO       | Dolores County   |    36.0000000000000000 |  89.8000000000000000 | 0.00000000000000000000 |    30.5300000000000000 |  -1866.9600000000000000 | 1952.0000000000000000 |     5.0000000000000000
 AAAAAAAAILDAAAAA | United States | CO       | Dolores County   |    88.0000000000000000 |  91.6300000000000000 | 0.00000000000000000000 |    74.2200000000000000 |    557.9200000000000000 | 1952.0000000000000000 |     5.0000000000000000
 AAAAAAAAIMOBAAAA | United States | CO       | Dolores County   |    91.0000000000000000 |  88.1700000000000000 | 0.00000000000000000000 |    16.7500000000000000 |  -2296.8400000000000000 | 1962.0000000000000000 | 1.00000000000000000000
 AAAAAAAAKDABAAAA | United States | CO       | Dolores County   |    18.0000000000000000 |  83.5700000000000000 | 0.00000000000000000000 |    56.8200000000000000 |    498.6000000000000000 | 1962.0000000000000000 | 1.00000000000000000000
 AAAAAAAAKNIBAAAA | United States | CO       | Dolores County   |    69.0000000000000000 |  69.4700000000000000 | 0.00000000000000000000 |     7.6400000000000000 |  -3307.8600000000000000 | 1952.0000000000000000 |     5.0000000000000000
 AAAAAAAALJNBAAAA | United States | CO       | Dolores County   |    29.0000000000000000 |  27.4900000000000000 | 0.00000000000000000000 |    18.6900000000000000 |    -90.7700000000000000 | 1952.0000000000000000 |     5.0000000000000000
 AAAAAAAALMEBAAAA | United States | CO       | Dolores County   |    22.0000000000000000 |  68.0600000000000000 | 0.00000000000000000000 |    40.1500000000000000 |    -89.1000000000000000 | 1962.0000000000000000 | 1.00000000000000000000
 AAAAAAAAMFDCAAAA | United States | CO       | Dolores County   |    20.0000000000000000 |  60.4000000000000000 | 0.00000000000000000000 |    30.2000000000000000 |    124.6000000000000000 | 1962.0000000000000000 | 1.00000000000000000000
 AAAAAAAAMFFAAAAA | United States | CO       | Dolores County   |    96.0000000000000000 | 139.2000000000000000 | 0.00000000000000000000 |    84.9100000000000000 |  -1393.9200000000000000 | 1962.0000000000000000 | 1.00000000000000000000
 AAAAAAAAMIDAAAAA | United States | CO       | Dolores County   |                        | 259.6800000000000000 | 0.00000000000000000000 |   140.2200000000000000 |   2083.7800000000000000 | 1952.0000000000000000 |     5.0000000000000000
 AAAAAAAAMMNBAAAA | United States | CO       | Dolores County   |    19.0000000000000000 |  19.2200000000000000 | 0.00000000000000000000 | 0.00000000000000000000 |   -218.6900000000000000 | 1962.0000000000000000 | 1.00000000000000000000
 AAAAAAAAMOMDAAAA | United States | CO       | Dolores County   |    31.0000000000000000 |  16.6800000000000000 | 0.00000000000000000000 |     2.6600000000000000 |   -206.4600000000000000 | 1952.0000000000000000 |     5.0000000000000000
 AAAAAAAANCJBAAAA | United States | CO       | Dolores County   |     8.0000000000000000 | 118.2600000000000000 | 0.00000000000000000000 |   117.0700000000000000 |    318.1600000000000000 | 1962.0000000000000000 | 1.00000000000000000000
 AAAAAAAAOAJCAAAA | United States | CO       | Dolores County   |    76.0000000000000000 | 119.3600000000000000 | 0.00000000000000000000 |    97.8700000000000000 |   2038.3200000000000000 | 1952.0000000000000000 |     5.0000000000000000
 AAAAAAAAEJEAAAAA | United States | CO       | Grand County     |    63.0000000000000000 | 202.4400000000000000 |  3213.7500000000000000 |   141.7000000000000000 |    731.3100000000000000 | 1972.0000000000000000 |     3.0000000000000000
 AAAAAAAAGHOBAAAA | United States | CO       | Grand County     |    98.0000000000000000 |  27.4900000000000000 | 0.00000000000000000000 |    25.5600000000000000 |    580.1600000000000000 | 1972.0000000000000000 |     3.0000000000000000
 AAAAAAAAGLLBAAAA | United States | CO       | Grand County     |     7.0000000000000000 | 212.9900000000000000 | 0.00000000000000000000 |   170.3900000000000000 |    518.0700000000000000 | 1972.0000000000000000 |     3.0000000000000000
 AAAAAAAAHFBDAAAA | United States | CO       | Grand County     |    21.0000000000000000 |  42.6100000000000000 | 0.00000000000000000000 |    41.7500000000000000 |     40.3200000000000000 | 1972.0000000000000000 |     3.0000000000000000
 AAAAAAAAHJFEAAAA | United States | CO       | Grand County     |    69.0000000000000000 |  30.8700000000000000 | 0.00000000000000000000 |    17.2800000000000000 |    228.3900000000000000 | 1972.0000000000000000 |     3.0000000000000000
 AAAAAAAAJJBDAAAA | United States | CO       | Grand County     |    26.0000000000000000 |   7.2700000000000000 | 0.00000000000000000000 |     2.9800000000000000 |    -51.2200000000000000 | 1972.0000000000000000 |     3.0000000000000000
 AAAAAAAAKANAAAAA | United States | CO       | Grand County     |    46.0000000000000000 |   9.5900000000000000 | 0.00000000000000000000 |     2.8700000000000000 |   -105.3400000000000000 | 1972.0000000000000000 |     3.0000000000000000
 AAAAAAAALMODAAAA | United States | CO       | Grand County     |    66.0000000000000000 |  98.8400000000000000 | 0.00000000000000000000 | 1.97000000000000000000 |  -2268.4200000000000000 | 1972.0000000000000000 |     3.0000000000000000
 AAAAAAAAMGACAAAA | United States | CO       | Grand County     |    57.0000000000000000 | 164.5200000000000000 | 0.00000000000000000000 |   125.0300000000000000 |   3765.4200000000000000 | 1972.0000000000000000 |     3.0000000000000000
 AAAAAAAANAMDAAAA | United States | CO       | Grand County     |    46.0000000000000000 |  47.7000000000000000 | 0.00000000000000000000 |    30.5200000000000000 |    477.9400000000000000 | 1972.0000000000000000 |     3.0000000000000000
 AAAAAAAAPKCBAAAA | United States | CO       | Grand County     |    15.0000000000000000 | 112.6100000000000000 | 0.00000000000000000000 |   101.3400000000000000 |    903.6000000000000000 | 1972.0000000000000000 |     3.0000000000000000
 AAAAAAAAAKLCAAAA | United States | CO       | Gunnison County  |    38.0000000000000000 | 131.4100000000000000 | 0.00000000000000000000 |    56.5000000000000000 |    442.7000000000000000 | 1957.0000000000000000 | 1.00000000000000000000
 AAAAAAAACAMAAAAA | United States | CO       | Gunnison County  |    61.0000000000000000 | 239.3700000000000000 | 0.00000000000000000000 |   148.4000000000000000 |   3999.7700000000000000 | 1957.0000000000000000 | 1.00000000000000000000
 AAAAAAAACNHBAAAA | United States | CO       | Gunnison County  |    63.0000000000000000 |  78.3600000000000000 | 0.00000000000000000000 |    75.2200000000000000 |    250.7400000000000000 | 1957.0000000000000000 | 1.00000000000000000000
 AAAAAAAAECDCAAAA | United States | CO       | Gunnison County  |    54.0000000000000000 | 120.4400000000000000 | 0.00000000000000000000 |    27.7000000000000000 |   -762.4800000000000000 | 1957.0000000000000000 | 1.00000000000000000000
 AAAAAAAAEGPAAAAA | United States | CO       | Gunnison County  |    58.0000000000000000 | 196.7600000000000000 | 0.00000000000000000000 |    13.7700000000000000 |  -3191.7400000000000000 | 1957.0000000000000000 | 1.00000000000000000000
 AAAAAAAAFPBBAAAA | United States | CO       | Gunnison County  |    45.0000000000000000 | 116.2600000000000000 | 0.00000000000000000000 |   110.4400000000000000 |    609.7500000000000000 | 1957.0000000000000000 | 1.00000000000000000000
 AAAAAAAAJEHCAAAA | United States | CO       | Gunnison County  |    27.0000000000000000 | 164.4500000000000000 |  2699.5600000000000000 |   124.9800000000000000 |  -1190.8000000000000000 | 1957.0000000000000000 | 1.00000000000000000000
 AAAAAAAAKCDEAAAA | United States | CO       | Gunnison County  |    39.0000000000000000 |  46.0200000000000000 | 0.00000000000000000000 |    32.6700000000000000 |   -520.6500000000000000 | 1957.0000000000000000 | 1.00000000000000000000
 AAAAAAAAMGAEAAAA | United States | CO       | Gunnison County  |    21.0000000000000000 |  43.8100000000000000 | 0.00000000000000000000 |     4.3800000000000000 |   -626.8500000000000000 | 1957.0000000000000000 | 1.00000000000000000000
 AAAAAAAAMJDEAAAA | United States | CO       | Gunnison County  |    88.0000000000000000 |  72.0100000000000000 |  2018.0100000000000000 |    35.2800000000000000 |  -4239.1300000000000000 | 1957.0000000000000000 | 1.00000000000000000000
 AAAAAAAAMLFAAAAA | United States | CO       | Gunnison County  |     4.0000000000000000 |  50.8700000000000000 | 0.00000000000000000000 |    35.1000000000000000 | -0.92000000000000000000 | 1957.0000000000000000 | 1.00000000000000000000
 AAAAAAAAOKIDAAAA | United States | CO       | Gunnison County  |    40.0000000000000000 | 192.1500000000000000 | 0.00000000000000000000 |   140.2600000000000000 |   1824.0000000000000000 | 1957.0000000000000000 | 1.00000000000000000000
 AAAAAAAAGEHDAAAA | United States | CO       | Jefferson County |    85.0000000000000000 |  67.8300000000000000 | 0.00000000000000000000 |     6.1000000000000000 |  -2649.4500000000000000 | 1976.0000000000000000 |     3.0000000000000000
 AAAAAAAAGHDAAAAA | United States | CO       | Jefferson County |    58.0000000000000000 | 120.4200000000000000 | 0.00000000000000000000 |    60.2100000000000000 |  -1195.3800000000000000 | 1976.0000000000000000 |     3.0000000000000000
 AAAAAAAAHCCCAAAA | United States | CO       | Jefferson County |    72.0000000000000000 | 110.4500000000000000 | 0.00000000000000000000 |    68.4700000000000000 |   -443.5200000000000000 | 1976.0000000000000000 |     3.0000000000000000
 AAAAAAAAIMIDAAAA | United States | CO       | Jefferson County |    46.0000000000000000 | 215.1700000000000000 | 0.00000000000000000000 |    60.2400000000000000 |  -1035.9200000000000000 | 1976.0000000000000000 |     3.0000000000000000
 AAAAAAAAJGAEAAAA | United States | CO       | Jefferson County |    44.0000000000000000 |  37.3100000000000000 | 0.00000000000000000000 |    17.1600000000000000 |    -19.3600000000000000 | 1976.0000000000000000 |     3.0000000000000000
(100 rows)

UPDATE time_statistics SET e_time = TRANSACTION_TIMESTAMP() WHERE template = 'query18.tpl' AND stream = 0;
psql:/tmp/s1-basline/power/query_0.sql:1122: NOTICE:  duration: 0.027 ms  plan:
Query Text: UPDATE time_statistics SET e_time = TRANSACTION_TIMESTAMP() WHERE template = 'query18.tpl' AND stream = 0;
Update on time_statistics  (cost=0.00..28.15 rows=0 width=0) (actual time=0.026..0.027 rows=0 loops=1)
  ->  Seq Scan on time_statistics  (cost=0.00..28.15 rows=1 width=14) (actual time=0.012..0.012 rows=1 loops=1)
        Filter: ((template = 'query18.tpl'::text) AND (stream = 0))
        Rows Removed by Filter: 18
UPDATE 1
LOAD 'auto_explain'; SET auto_explain.log_min_duration TO 0; SET auto_explain.log_analyze TO on; SET auto_explain.log_level TO notice; INSERT INTO time_statistics (template, s_time, stream, query, seed) VALUES ('query19.tpl', TRANSACTION_TIMESTAMP(), 0, 19, 409987793);
LOAD
SET
SET
SET
psql:/tmp/s1-basline/power/query_0.sql:1123: NOTICE:  duration: 0.009 ms  plan:
Query Text: INSERT INTO time_statistics (template, s_time, stream, query, seed) VALUES ('query19.tpl', TRANSACTION_TIMESTAMP(), 0, 19, 409987793);
Insert on time_statistics  (cost=0.00..0.01 rows=0 width=0) (actual time=0.008..0.008 rows=0 loops=1)
  ->  Result  (cost=0.00..0.01 rows=1 width=64) (actual time=0.001..0.001 rows=1 loops=1)
INSERT 0 1
select  i_brand_id brand_id, i_brand brand, i_manufact_id, i_manufact,
 	sum(ss_ext_sales_price) ext_price
 from date_dim, store_sales, item,customer,customer_address,store
 where d_date_sk = ss_sold_date_sk
   and ss_item_sk = i_item_sk
   and i_manager_id=21
   and d_moy=11
   and d_year=2001
   and ss_customer_sk = c_customer_sk 
   and c_current_addr_sk = ca_address_sk
   and substr(ca_zip,1,5) <> substr(s_zip,1,5) 
   and ss_store_sk = s_store_sk 
 group by i_brand
      ,i_brand_id
      ,i_manufact_id
      ,i_manufact
 order by ext_price desc
         ,i_brand
         ,i_brand_id
         ,i_manufact_id
         ,i_manufact
limit 100 ;
psql:/tmp/s1-basline/power/query_0.sql:1145: NOTICE:  duration: 200.013 ms  plan:
Query Text: select  i_brand_id brand_id, i_brand brand, i_manufact_id, i_manufact,
 	sum(ss_ext_sales_price) ext_price
 from date_dim, store_sales, item,customer,customer_address,store
 where d_date_sk = ss_sold_date_sk
   and ss_item_sk = i_item_sk
   and i_manager_id=21
   and d_moy=11
   and d_year=2001
   and ss_customer_sk = c_customer_sk 
   and c_current_addr_sk = ca_address_sk
   and substr(ca_zip,1,5) <> substr(s_zip,1,5) 
   and ss_store_sk = s_store_sk 
 group by i_brand
      ,i_brand_id
      ,i_manufact_id
      ,i_manufact
 order by ext_price desc
         ,i_brand
         ,i_brand_id
         ,i_manufact_id
         ,i_manufact
limit 100 ;
Limit  (cost=41167.20..41167.25 rows=18 width=118) (actual time=199.937..199.950 rows=100 loops=1)
  ->  Sort  (cost=41167.20..41167.25 rows=18 width=118) (actual time=199.937..199.943 rows=100 loops=1)
        Sort Key: (sum(store_sales.ss_ext_sales_price)) DESC, item.i_brand, item.i_brand_id, item.i_manufact_id, item.i_manufact
        Sort Method: quicksort  Memory: 73kB
        ->  GroupAggregate  (cost=41166.38..41166.83 rows=18 width=118) (actual time=199.325..199.881 rows=181 loops=1)
              Group Key: item.i_brand, item.i_brand_id, item.i_manufact_id, item.i_manufact
              ->  Sort  (cost=41166.38..41166.42 rows=18 width=118) (actual time=199.315..199.381 rows=1677 loops=1)
                    Sort Key: item.i_brand, item.i_brand_id, item.i_manufact_id, item.i_manufact
                    Sort Method: quicksort  Memory: 310kB
                    ->  Nested Loop  (cost=1.30..41166.00 rows=18 width=118) (actual time=4.270..196.959 rows=1677 loops=1)
                          Join Filter: (substr((customer_address.ca_zip)::text, 1, 5) <> substr((store.s_zip)::text, 1, 5))
                          Rows Removed by Join Filter: 58
                          ->  Nested Loop  (cost=1.01..41159.81 rows=18 width=137) (actual time=4.263..191.810 rows=1735 loops=1)
                                ->  Nested Loop  (cost=0.72..41153.90 rows=19 width=137) (actual time=4.258..186.962 rows=1753 loops=1)
                                      Join Filter: (store_sales.ss_store_sk = store.s_store_sk)
                                      Rows Removed by Join Filter: 8215
                                      ->  Nested Loop  (cost=0.72..41149.45 rows=20 width=134) (actual time=4.249..185.593 rows=1803 loops=1)
                                            ->  Nested Loop  (cost=0.43..40813.12 rows=1092 width=32) (actual time=4.185..49.573 rows=87840 loops=1)
                                                  ->  Seq Scan on date_dim  (cost=0.00..2500.73 rows=29 width=8) (actual time=4.175..8.630 rows=30 loops=1)
                                                        Filter: ((d_moy = 11) AND (d_year = 2001))
                                                        Rows Removed by Filter: 73019
                                                  ->  Index Scan using i_ss_sold_date_sk on store_sales  (cost=0.43..1306.04 rows=1508 width=40) (actual time=0.006..0.934 rows=2928 loops=30)
                                                        Index Cond: (ss_sold_date_sk = date_dim.d_date_sk)
                                            ->  Index Scan using pk_item on item  (cost=0.29..0.31 rows=1 width=118) (actual time=0.001..0.001 rows=0 loops=87840)
                                                  Index Cond: (i_item_sk = store_sales.ss_item_sk)
                                                  Filter: (i_manager_id = 21)
                                                  Rows Removed by Filter: 1
                                      ->  Materialize  (cost=0.00..1.18 rows=12 width=19) (actual time=0.000..0.000 rows=6 loops=1803)
                                            ->  Seq Scan on store  (cost=0.00..1.12 rows=12 width=19) (actual time=0.002..0.005 rows=12 loops=1)
                                ->  Index Scan using pk_customer on customer  (cost=0.29..0.31 rows=1 width=16) (actual time=0.002..0.002 rows=1 loops=1753)
                                      Index Cond: (c_customer_sk = store_sales.ss_customer_sk)
                          ->  Index Scan using pk_customer_address on customer_address  (cost=0.29..0.32 rows=1 width=19) (actual time=0.002..0.002 rows=1 loops=1735)
                                Index Cond: (ca_address_sk = customer.c_current_addr_sk)
 brand_id |                       brand                        | i_manufact_id |                     i_manufact                     |     ext_price      
----------+----------------------------------------------------+---------------+----------------------------------------------------+--------------------
  9002002 | importomaxi #2                                     |            83 | prieing                                            |           45402.25
  4002001 | amalgmaxi #10                                      |           162 | ablecallyought                                     |           40622.04
  5002001 | amalgnameless #4                                   |           279 | priantiese                                         |            39815.7
  8007004 | brandnameless #4                                   |           218 | ationesepri                                        |           39551.91
  1002001 | edu packmaxi #6                                    |           609 | n stbarcally                                       |  39186.92999999999
  9001004 | amalgmaxi #4                                       |           663 | pricallycally                                      |           35636.52
 10001015 | amalgunivamalg #15                                 |            38 | n stableeing                                       |  34987.43000000001
  8007007 | importoamalg #2                                    |           192 | ablen stought                                      |           34441.84
  1004002 | edu packamalg #2                                   |           108 | eingbarought                                       |  34054.65000000001
 10010016 | univamalgamalg #16                                 |           159 | n stantiought                                      |  33685.31999999999
  1003002 | exportiamalg #2                                    |           195 | antin stought                                      |           33649.88
  7016002 | corpnameless #2                                    |           821 | oughtableeing                                      |           33301.54
  6006003 | scholarbrand #4                                    |            37 | ationpri                                           |  33050.10999999999
  4003002 | exportiedu pack #2                                 |           345 | antiesepri                                         | 32068.750000000004
  7001010 | amalgbrand #10                                     |           755 | antiantiation                                      | 32066.690000000006
  6003007 | corpunivamalg #12                                  |           264 | esecallyable                                       | 31988.370000000003
  9012008 | importounivamalg #8                                |           574 | eseationanti                                       | 31138.239999999998
  6002001 | edu packscholar #2                                 |           645 | antiesecally                                       |           30929.83
  4002002 | importoedu pack #2                                 |           326 | callyablepri                                       | 29924.549999999996
  2003002 | exportiimporto #2                                  |             5 | anti                                               |           29738.92
  4004002 | edu packedu pack #2                                |           419 | n stoughtese                                       | 29491.360000000008
  7009009 | amalgedu pack #2                                   |           209 | n stbarable                                        |           28973.33
  6005006 | scholarcorp #6                                     |            50 | callycallyation                                    | 28745.479999999996
  2004002 | edu packimporto #2                                 |           202 | ablebarable                                        | 28739.769999999997
  8016003 | importoscholar #2                                  |           598 | eingn stanti                                       |           28646.69
  9009002 | maximaxi #2                                        |           193 | prin stought                                       |           27985.36
  6003005 | amalgmaxi #2                                       |           909 | n stbarn st                                        | 27975.180000000004
  3003002 | exportiexporti #2                                  |           182 | ableeingought                                      |           27552.55
  1004002 | edu packamalg #2                                   |            18 | eingought                                          | 27524.709999999995
  3004002 | edu packexporti #2                                 |           671 | oughtationcally                                    | 27392.730000000003
  7004007 | edu packbrand #8                                   |           197 | ationn stought                                     |           27254.85
  3002002 | importoexporti #2                                  |           616 | callyoughtcally                                    |            27067.5
  7012008 | importonameless #8                                 |            71 | oughtation                                         | 26987.059999999998
 10012009 | importoscholar #2                                  |           970 | barationn st                                       | 25163.059999999998
 10008005 | amalgscholar #2                                    |           258 | eingantiable                                       |           25113.53
  1004001 | maxinameless #8                                    |           311 | oughtoughtpri                                      | 24448.920000000002
 10007011 | exportimaxi #8                                     |           482 | ableeingese                                        |           24393.65
 10015010 | scholaramalgamalg #10                              |           207 | ationbarable                                       | 24338.210000000003
 10005004 | edu packexporti #2                                 |           356 | callyantipri                                       |           24216.48
  9001011 | importomaxi #6                                     |           194 | esen stought                                       |           24167.83
  8007009 | corpbrand #10                                      |           264 | barese                                             |           23965.68
 10012017 | importoamalgamalg #17                              |           569 | antin stought                                      | 23796.140000000003
  2001002 | amalgimporto #2                                    |            34 | esepri                                             |           23603.75
  2004001 | edu packbrand #6                                   |            41 | oughtese                                           |           22884.06
  2001002 | amalgimporto #2                                    |           347 | eingeseought                                       |           22748.65
  8005007 | edu packexporti #2                                 |           470 | barationese                                        |            22721.2
  2003002 | exportiimporto #2                                  |           909 | n stbarn st                                        | 22313.719999999994
  2004002 | edu packimporto #2                                 |           737 | ationpriation                                      | 22131.029999999995
  4004001 | importoedu pack #2                                 |           276 | oughtantiought                                     |           22113.97
  1002001 | edu packnameless #6                                |           819 | n stoughteing                                      |            22097.7
  5004002 | edu packscholar #2                                 |           103 | pribarought                                        | 22054.829999999998
  2004001 | amalgcorp #8                                       |           422 | ableableese                                        |           21922.33
  5002002 | importoscholar #2                                  |           254 | eseantiable                                        |            21613.7
  2002002 | importoimporto #2                                  |           296 | esepriought                                        |           21497.89
  8004005 | edu packunivamalg #15                              |           368 | eingcallypri                                       |           21071.01
  7010010 | univnameless #10                                   |           508 | eingbaranti                                        |            20815.5
  4001002 | amalgedu pack #2                                   |           284 | eseeingable                                        |           20477.75
  3001002 | amalgexporti #2                                    |            35 | antipri                                            |           20336.78
 10005008 | scholarunivamalg #8                                |            66 | callycally                                         | 20061.579999999998
  3001002 | amalgexporti #2                                    |           146 | antiationable                                      |           19950.93
  4003002 | exportiedu pack #2                                 |           351 | ationeingought                                     |           19811.81
  3003002 | exportiexporti #2                                  |           168 | eingcallyought                                     |           19764.63
  1003001 | edu packamalgamalg #17                             |           561 | oughtcallyanti                                     |           19536.91
  4003002 | exportiedu pack #2                                 |           423 | priableese                                         |           19412.34
  2004001 | amalgunivamalg #3                                  |           195 | antin stought                                      |           19357.59
  2001002 | amalgimporto #2                                    |           395 | antin stpri                                        | 18580.219999999998
  4004001 | exportimaxi #10                                    |           564 | esecallyanti                                       |           18561.01
  1004001 | importoimporto #2                                  |           265 | barantiought                                       |           18373.06
  9010003 | exportischolar #2                                  |            87 | ationeing                                          | 18088.100000000002
  1001001 | importoamalg #2                                    |           786 | bareing                                            | 17986.559999999998
  7009006 | maxibrand #6                                       |            48 | eingese                                            | 17944.239999999998
  7002004 | importobrand #4                                    |           263 | pricallyable                                       |           17805.64
  6011002 | amalgbrand #2                                      |            77 | ationation                                         | 17803.920000000002
  8010010 | univmaxi #10                                       |           173 | priationought                                      |           17225.54
  3004001 | importonameless #4                                 |           198 | eingn stought                                      |           17076.56
  6001006 | amalgcorp #6                                       |           586 | callyeinganti                                      |           16874.04
  3003002 | exportiexporti #2                                  |           237 | ationpriable                                       |           16432.85
  8009002 | maxinameless #2                                    |            81 | oughteing                                          |           16428.76
  5001001 | exportimaxi #12                                    |           871 | oughtationeing                                     | 16117.799999999997
  6001003 | exportiamalg #2                                    |           308 | eingbarpri                                         |           15976.25
  9002011 | importoscholar #2                                  |           184 | eseeingought                                       | 15901.530000000002
  3002002 | importoexporti #2                                  |           511 | oughtoughtanti                                     |           15896.32
  4003002 | exportiedu pack #2                                 |           614 | eseoughtcally                                      |           15768.52
 10008013 | corpunivamalg #14                                  |           616 | callyoughtcally                                    | 15624.349999999999
  6012003 | corpunivamalg #12                                  |           144 | esepriought                                        |           15544.11
  3001001 | amalgunivamalg #10                                 |           243 | prieseable                                         | 15346.849999999999
  9010006 | univunivamalg #6                                   |           326 | callyablepri                                       |           15197.32
  2003002 | exportiimporto #2                                  |           591 | oughtn stanti                                      | 14995.859999999999
  7004004 | edu packbrand #4                                   |            36 | callypri                                           |           14935.08
  8008007 | importounivamalg #3                                |           358 | ableesecally                                       |           14924.76
  9008003 | exportischolar #2                                  |           489 | n steingese                                        | 14919.859999999999
  5002002 | importoscholar #2                                  |           285 | antieingable                                       |           14670.55
  1002002 | importoamalg #2                                    |           365 | ablepriable                                        | 14545.079999999998
  7003009 | exporticorp #4                                     |           529 | n stableanti                                       | 14541.389999999996
  8013004 | exportimaxi #4                                     |            74 | eseation                                           |           14432.41
  9011010 | amalgunivamalg #10                                 |           107 | ationbarought                                      | 14377.250000000002
  3002001 | maxicorp #8                                        |            84 | eseeing                                            |           14309.59
  2001002 | amalgimporto #2                                    |           637 | eingpripri                                         | 14239.169999999998
  6013002 | exportibrand #2                                    |           336 | callypripri                                        |           14184.82
  4002001 | edu packmaxi #10                                   |           133 | pripriought                                        |           14181.07
(100 rows)

UPDATE time_statistics SET e_time = TRANSACTION_TIMESTAMP() WHERE template = 'query19.tpl' AND stream = 0;
psql:/tmp/s1-basline/power/query_0.sql:1147: NOTICE:  duration: 0.027 ms  plan:
Query Text: UPDATE time_statistics SET e_time = TRANSACTION_TIMESTAMP() WHERE template = 'query19.tpl' AND stream = 0;
Update on time_statistics  (cost=0.00..28.15 rows=0 width=0) (actual time=0.026..0.026 rows=0 loops=1)
  ->  Seq Scan on time_statistics  (cost=0.00..28.15 rows=1 width=14) (actual time=0.011..0.012 rows=1 loops=1)
        Filter: ((template = 'query19.tpl'::text) AND (stream = 0))
        Rows Removed by Filter: 19
UPDATE 1
LOAD 'auto_explain'; SET auto_explain.log_min_duration TO 0; SET auto_explain.log_analyze TO on; SET auto_explain.log_level TO notice; INSERT INTO time_statistics (template, s_time, stream, query, seed) VALUES ('../query_postgresql/query20.tpl', TRANSACTION_TIMESTAMP(), 0, 20, 69165161);
LOAD
SET
SET
SET
psql:/tmp/s1-basline/power/query_0.sql:1148: NOTICE:  duration: 0.009 ms  plan:
Query Text: INSERT INTO time_statistics (template, s_time, stream, query, seed) VALUES ('../query_postgresql/query20.tpl', TRANSACTION_TIMESTAMP(), 0, 20, 69165161);
Insert on time_statistics  (cost=0.00..0.01 rows=0 width=0) (actual time=0.008..0.008 rows=0 loops=1)
  ->  Result  (cost=0.00..0.01 rows=1 width=64) (actual time=0.002..0.002 rows=1 loops=1)
INSERT 0 1
select  i_item_id
       ,i_item_desc 
       ,i_category 
       ,i_class 
       ,i_current_price
       ,sum(cs_ext_sales_price) as itemrevenue 
       ,sum(cs_ext_sales_price)*100/sum(sum(cs_ext_sales_price)) over
           (partition by i_class) as revenueratio
 from	catalog_sales
     ,item 
     ,date_dim
 where cs_item_sk = i_item_sk 
   and i_category in ('Jewelry', 'Men', 'Shoes')
   and cs_sold_date_sk = d_date_sk
 and d_date between cast('1998-01-11' as date) 
 				and (cast('1998-01-11' as date) + INTERVAL '30 days')
 group by i_item_id
         ,i_item_desc 
         ,i_category
         ,i_class
         ,i_current_price
 order by i_category
         ,i_class
         ,i_item_id
         ,i_item_desc
         ,revenueratio
limit 100;
psql:/tmp/s1-basline/power/query_0.sql:1175: NOTICE:  duration: 47.840 ms  plan:
Query Text: select  i_item_id
       ,i_item_desc 
       ,i_category 
       ,i_class 
       ,i_current_price
       ,sum(cs_ext_sales_price) as itemrevenue 
       ,sum(cs_ext_sales_price)*100/sum(sum(cs_ext_sales_price)) over
           (partition by i_class) as revenueratio
 from	catalog_sales
     ,item 
     ,date_dim
 where cs_item_sk = i_item_sk 
   and i_category in ('Jewelry', 'Men', 'Shoes')
   and cs_sold_date_sk = d_date_sk
 and d_date between cast('1998-01-11' as date) 
 				and (cast('1998-01-11' as date) + INTERVAL '30 days')
 group by i_item_id
         ,i_item_desc 
         ,i_category
         ,i_class
         ,i_current_price
 order by i_category
         ,i_class
         ,i_item_id
         ,i_item_desc
         ,revenueratio
limit 100;
Limit  (cost=1916.21..1916.46 rows=100 width=245) (actual time=47.747..47.758 rows=100 loops=1)
  ->  Sort  (cost=1916.21..1916.67 rows=183 width=245) (actual time=47.747..47.752 rows=100 loops=1)
        Sort Key: item.i_category, item.i_class, item.i_item_id, item.i_item_desc, ((((sum(catalog_sales.cs_ext_sales_price)) * '100'::double precision) / sum((sum(catalog_sales.cs_ext_sales_price))) OVER (?)))
        Sort Method: top-N heapsort  Memory: 87kB
        ->  WindowAgg  (cost=1905.22..1909.34 rows=183 width=245) (actual time=45.110..46.267 rows=2226 loops=1)
              ->  Sort  (cost=1905.22..1905.68 rows=183 width=237) (actual time=45.024..45.122 rows=2226 loops=1)
                    Sort Key: item.i_class
                    Sort Method: quicksort  Memory: 710kB
                    ->  GroupAggregate  (cost=1893.31..1898.34 rows=183 width=237) (actual time=41.722..43.823 rows=2226 loops=1)
                          Group Key: item.i_item_id, item.i_item_desc, item.i_category, item.i_class, item.i_current_price
                          ->  Sort  (cost=1893.31..1893.77 rows=183 width=237) (actual time=41.716..41.912 rows=4368 loops=1)
                                Sort Key: item.i_item_id, item.i_item_desc, item.i_category, item.i_class, item.i_current_price
                                Sort Method: quicksort  Memory: 1398kB
                                ->  Nested Loop  (cost=1.01..1886.43 rows=183 width=237) (actual time=0.025..29.609 rows=4368 loops=1)
                                      ->  Nested Loop  (cost=0.72..1698.42 rows=607 width=16) (actual time=0.017..5.704 rows=14066 loops=1)
                                            ->  Index Scan using i_d_date on date_dim  (cost=0.29..3.11 rows=31 width=8) (actual time=0.009..0.020 rows=31 loops=1)
                                                  Index Cond: ((d_date >= '1998-01-11'::date) AND (d_date <= '1998-02-10 00:00:00'::timestamp without time zone))
                                            ->  Index Scan using i_cs_sold_date_sk on catalog_sales  (cost=0.43..46.87 rows=782 width=24) (actual time=0.004..0.111 rows=454 loops=31)
                                                  Index Cond: (cs_sold_date_sk = date_dim.d_date_sk)
                                      ->  Index Scan using pk_item on item  (cost=0.29..0.31 rows=1 width=237) (actual time=0.001..0.001 rows=0 loops=14066)
                                            Index Cond: (i_item_sk = catalog_sales.cs_item_sk)
                                            Filter: (i_category = ANY ('{Jewelry,Men,Shoes}'::bpchar[]))
                                            Rows Removed by Filter: 1
    i_item_id     |                                                                                               i_item_desc                                                                                               |                     i_category                     |                      i_class                       | i_current_price |    itemrevenue     |     revenueratio      
------------------+---------------------------------------------------------------------------------------------------------------------------------------------------------------------------------------------------------+----------------------------------------------------+----------------------------------------------------+-----------------+--------------------+-----------------------
 AAAAAAAAAAKAAAAA | Degrees might not keep for example since a problems. Recent chapters must form actually convincing, obvious weeks. Major, civil communities shall not follow financial, religio                         | Jewelry                                            | birdal                                             |            1.97 |               3419 |    1.1870789563051827
 AAAAAAAAAGLDAAAA | Again certain charges pop after the others. Linguistic stories should cook general magazines; shoulders get wars. Concrete centres happen similarly in a plans. Social feet take prob                   | Jewelry                                            | birdal                                             |            0.23 |            1147.44 |   0.39839189167090344
 AAAAAAAAAHCBAAAA | Yet distinguished brothers can expect no                                                                                                                                                                | Jewelry                                            | birdal                                             |           68.51 |            9374.04 |     3.254672600047685
 AAAAAAAAAKBAAAAA | Tables shall not know into the critics. Flights must buy qu                                                                                                                                             | Jewelry                                            | birdal                                             |             0.7 |            2528.17 |    0.8777822184738443
 AAAAAAAABNCAAAAA | Early cases talk councillors. Only surroundings increase suggestions. Courts used to think very never catholic tenants. Recently happy patients return never industrial shoulders. Physical, huge babie | Jewelry                                            | birdal                                             |            3.64 | 1804.0500000000002 |    0.6263672977836693
 AAAAAAAACECAAAAA | Problems await however correctly convent                                                                                                                                                                | Jewelry                                            | birdal                                             |            8.32 |           13536.01 |     4.699711208931417
 AAAAAAAACFKAAAAA | Well only profits might amuse again like the                                                                                                                                                            | Jewelry                                            | birdal                                             |            9.51 |            1768.54 |    0.6140382033881158
 AAAAAAAACFLCAAAA | Prices should range brave                                                                                                                                                                               | Jewelry                                            | birdal                                             |             2.9 |            3028.72 |    1.0515734941622208
 AAAAAAAACOFCAAAA | Still christian powers follow excellent, common police. Holes would not stare more always radical goods; further different forms mention. Changes tell dir                                              | Jewelry                                            | birdal                                             |            3.16 |             2887.6 |    1.0025765411602356
 AAAAAAAACPEEAAAA | Cold ways should not marry just. Different years enter sure, effective purposes. Progressive methods know interna                                                                                       | Jewelry                                            | birdal                                             |            1.56 | 12407.039999999999 |     4.307732112909229
 AAAAAAAADEOBAAAA | Wonderful images could not make children. Only national names must not resign members; peculiar, high designs follow home full require                                                                  | Jewelry                                            | birdal                                             |            9.35 |            1525.44 |     0.529633730069078
 AAAAAAAAEBLBAAAA | External governments will look to the hands. Then political organisations grasp. Foreign foods breathe far local, typical scores; main, small letters must live. Inc lette                              | Jewelry                                            | birdal                                             |            4.06 |            8299.83 |    2.8817062105616977
 AAAAAAAAEDFBAAAA | Just physical bodies would clear responsible methods; markets suggest lesser losses. Men can happen well awful, available teams. Approximately poor countries adjust facts. Scientific parties mean m   | Jewelry                                            | birdal                                             |            6.79 |            6416.08 |    2.2276670225125934
 AAAAAAAAEJFCAAAA | Things reflect distinctive tories. Obvious goods will know with a girls. Later public results take meeting                                                                                              | Jewelry                                            | birdal                                             |            2.26 |           14052.35 |     4.878984782578279
 AAAAAAAAEMKDAAAA | Publishers convey geographical students. Relat                                                                                                                                                          | Jewelry                                            | birdal                                             |            9.69 |           11402.96 |    3.9591149036530404
 AAAAAAAAENLAAAAA | Inner, different questions hurt special years. Goods can travel therefore necessary exhibitions. Confident, difficult samples see culturally                                                            | Jewelry                                            | birdal                                             |            3.96 |            2204.56 |    0.7654246223785182
 AAAAAAAAFKKDAAAA | Rules set here now large marks. Devices might care severe committees. Good, original                                                                                                                    | Jewelry                                            | birdal                                             |            0.18 |             1828.4 |    0.6348216331408002
 AAAAAAAAGAEEAAAA | Huskily central contracts will                                                                                                                                                                          | Jewelry                                            | birdal                                             |            1.77 |           13954.84 |     4.845129249080379
 AAAAAAAAGJFAAAAA | Recent shops must rescue to a girls. Li                                                                                                                                                                 | Jewelry                                            | birdal                                             |            4.99 |              83.16 |  0.028873204447598416
 AAAAAAAAGLJDAAAA | Gardens used to come in the origins. White, desperate mon                                                                                                                                               | Jewelry                                            | birdal                                             |            3.83 |            11998.1 |     4.165747886997722
 AAAAAAAAGNBDAAAA | Resources develop buildings; hours will not escape n                                                                                                                                                    | Jewelry                                            | birdal                                             |           96.79 |             859.95 |    0.2985751823558473
 AAAAAAAAHOPBAAAA | Thinly different acids might find more lives. Individual muscles become highly loose odd h                                                                                                              | Jewelry                                            | birdal                                             |            4.09 |             549.36 |    0.1907381384720138
 AAAAAAAAIAODAAAA | Patients make; top, pretty months act now large, bold members. Happy, financial times used to print also residential, pleasant pi                                                                       | Jewelry                                            | birdal                                             |             5.2 |           10190.77 |    3.5382417711454126
 AAAAAAAAIDKBAAAA | Once again possible observations should make even on a legs. Various shares shall try even humans; about generous others remain here evident, po                                                        | Jewelry                                            | birdal                                             |            8.62 |  6002.349999999999 |     2.084019705580115
 AAAAAAAAIJGDAAAA | Small, rural miles must understand also for a days. Original powers help toys. Academic historians ignore expensive experiment                                                                          | Jewelry                                            | birdal                                             |            1.74 |              46.44 |    0.0161239972889186
 AAAAAAAAIMNBAAAA | Subject guests may spare telecommunicatio                                                                                                                                                               | Jewelry                                            | birdal                                             |            6.39 |             728.28 |   0.25285927531381647
 AAAAAAAAJEKCAAAA | Rapidly massive children might know also years; over similar costs could enable; votes can perform less following teachers. Boats eradicate                                                             | Jewelry                                            | birdal                                             |            0.68 |             711.69 |   0.24709921685078545
 AAAAAAAAJJICAAAA | Environmental relations would cover normal members. Domestic honours may not conclude only in                                                                                                           | Jewelry                                            | birdal                                             |             6.4 |             139.52 |    0.0484414319928924
 AAAAAAAAJOGCAAAA | Just rich changes construct especially to a developments. Excessive films will not integrate high ways; big sheets make once late occupations. Industrial, little boys improv                           | Jewelry                                            | birdal                                             |            4.43 |           19405.65 |     6.737653918813592
 AAAAAAAAKFLAAAAA | Unlikely employees rely due, other flats; practical, magnetic depths choose most long-term, fu                                                                                                          | Jewelry                                            | birdal                                             |            0.96 |             9046.6 |    3.1409852255368427
 AAAAAAAAKILCAAAA | Free, emotional men can give usefully much sacred problems. Les                                                                                                                                         | Jewelry                                            | birdal                                             |            4.38 |            5747.74 |     1.995618953001916
 AAAAAAAAKJLCAAAA | National, psychological adults could not pu                                                                                                                                                             | Jewelry                                            | birdal                                             |            1.94 |            1222.48 |   0.42444582699735584
 AAAAAAAAKJOCAAAA | Small, strong trees balance rates. Little educational cars shall select political years. Formal, elderly steps                                                                                          | Jewelry                                            | birdal                                             |            9.29 |            4414.04 |    1.5325574718599966
 AAAAAAAAKKECAAAA | Corporate men try unable accountants. Red speeches carry only academic lay                                                                                                                              | Jewelry                                            | birdal                                             |            2.97 |            2565.35 |    0.8906911379226383
 AAAAAAAAKNAAAAAA | Exactly expensive                                                                                                                                                                                       | Jewelry                                            | birdal                                             |           14.04 |            7691.67 |    2.6705526750055233
 AAAAAAAALAFDAAAA | Possibilities produce just c                                                                                                                                                                            | Jewelry                                            | birdal                                             |            4.89 |             3611.5 |    1.2539150777116606
 AAAAAAAALAKBAAAA | Traditional, poor processes live ordinary levels. Always certain drugs return also key scientists. Early short exceptions consider often. Below causal pages impress however distinct revenues. Elderly | Jewelry                                            | birdal                                             |             4.1 |            1126.58 |     0.391149286514856
 AAAAAAAALMODAAAA | Optimistic, critical year                                                                                                                                                                               | Jewelry                                            | birdal                                             |            2.78 |               8037 |    2.7904514687992843
 AAAAAAAALPKBAAAA | Large, political years may borrow proposals. Secondary, european churches spread by the teachers. Surprising, financial troops take ago                                                                 | Jewelry                                            | birdal                                             |            9.09 |  5470.090000000001 |     1.899218697892781
 AAAAAAAAMBPBAAAA | Economic goods shall afford usually here medical pools. International participants let areas. Suitable, due years come officially walls. Warm americans meet now with the words. Low, long pati         | Jewelry                                            | birdal                                             |            3.87 |             3749.2 |      1.30172460455671
 AAAAAAAAMFOAAAAA | Fat issues use generally somehow ex                                                                                                                                                                     | Jewelry                                            | birdal                                             |            0.83 |            9174.31 |     3.185326218081369
 AAAAAAAAMGCCAAAA | Present, possible members fetch. Narrow lines copy in a decisions. Good, legal men can settle above members. Machin                                                                                     | Jewelry                                            | birdal                                             |            5.72 |  6183.110000000001 |    2.1467796915823745
 AAAAAAAAMPEBAAAA | Too ordinary councils would plan most methods. S                                                                                                                                                        | Jewelry                                            | birdal                                             |            4.95 |            2360.37 |    0.8195219526452366
 AAAAAAAANJADAAAA | New, academic versions honour onto a awards; officials know certainly without a estates. Clothes attract more also old elements. Whole, likely                                                          | Jewelry                                            | birdal                                             |            5.08 |            7694.38 |    2.6714935887146742
 AAAAAAAAODDDAAAA | Criteria engage simple members. Churches outweigh about communist, real days. International drugs include original l                                                                                    | Jewelry                                            | birdal                                             |            4.14 |           15616.08 |     5.421912824796208
 AAAAAAAAOMDDAAAA | Days cannot recoup really thin, other couples. Heavily dry councillors                                                                                                                                  | Jewelry                                            | birdal                                             |            8.18 |           14728.14 |     5.113619496787544
 AAAAAAAAPHPDAAAA | Forms used to wait national females. Internal, large families drop. Major, simple knees will offer most; other things                                                                                   | Jewelry                                            | birdal                                             |            0.36 | 14662.949999999999 |     5.090985487673319
 AAAAAAAAPICAAAAA | Private, warm features cover of course surprisingly reliable details. Picture                                                                                                                           | Jewelry                                            | birdal                                             |            3.94 |            2615.98 |    0.9082699058541187
 AAAAAAAAABKCAAAA | Even required cigarettes pay well terms; countries may find so. Claims will not pay. Black manufacturers discern from a horses. Significant children shall go public, ef                                | Jewelry                                            | bracelets                                          |            9.13 |               7.26 | 0.0028607444003686654
 AAAAAAAAAEAAAAAA | Social, young authorities can achieve doors. Old birds could get senior cats. Ways limit freely ot                                                                                                      | Jewelry                                            | bracelets                                          |            0.45 |            2668.69 |    1.0515757539696768
 AAAAAAAAAHBAAAAA | General officers shall not afford inside conditions; also big positions would exercise tomorrow due junior consequences. Things could account; other children                                           | Jewelry                                            | bracelets                                          |            1.37 | 15409.800000000001 |     6.072107308650284
 AAAAAAAAAHICAAAA | Brave lights experiment so. Glasses can act big, shared females. New signs ensure comm                                                                                                                  | Jewelry                                            | bracelets                                          |            0.51 |           21874.13 |     8.619324367828684
 AAAAAAAAAIFBAAAA | Literary, expected charges would understand european parts. Now various couples should define lips. Areas shall no                                                                                      | Jewelry                                            | bracelets                                          |            1.63 |           12828.82 |     5.055092972222802
 AAAAAAAAAPCCAAAA | Standards will hold other, nice services. Administrative leads seek slowly u                                                                                                                            | Jewelry                                            | bracelets                                          |            2.74 |              19492 |     7.680665268868599
 AAAAAAAABEEBAAAA | Right, new patients mean more minutes; never modern systems can ask in a eyebrows. Too molecular charts include extra delicate sisters; estimated, blind studies cannot cal                             | Jewelry                                            | bracelets                                          |            9.28 |           13250.02 |     5.221063432475596
 AAAAAAAABHNBAAAA | Poets prepare different, similar parts. As fresh researchers shall exist free, other tables. Ridiculous, ol                                                                                             | Jewelry                                            | bracelets                                          |            2.46 |            8449.02 |    3.3292681341050776
 AAAAAAAABKEEAAAA | Royal, strong engines smoke before to the resources; brown years will want great relationships. Particularly digital                                                                                    | Jewelry                                            | bracelets                                          |            3.54 |            2488.19 |    0.9804511858888857
 AAAAAAAADEDAAAAA | Useful, very levels manage as conditions. So standard                                                                                                                                                   | Jewelry                                            | bracelets                                          |            2.64 |              32.22 |  0.012696030933867548
 AAAAAAAADHJDAAAA | Funny, round males catch suspiciously then modern patterns. Possible, equal signals might switch                                                                                                        | Jewelry                                            | bracelets                                          |            5.95 |            4658.18 |    1.8355182301527977
 AAAAAAAADKECAAAA | Profitable, vast citizens touch extra customs. Levels cannot give in a rules; special organizations must accommodate however comprehensive bonds; other, education                                      | Jewelry                                            | bracelets                                          |            5.22 |            3342.45 |    1.3170654436655986
 AAAAAAAADLEEAAAA | Topics accelerate only eyes. Black features ensure just l                                                                                                                                               | Jewelry                                            | bracelets                                          |            2.64 |             993.33 |    0.3914136687628384
 AAAAAAAAEDDBAAAA | Expectations ought to find old, possible aspects. Notable allies might link so potential, conservative men. Late courts care occasionally commercial, regulatory differences. New posts train also loca | Jewelry                                            | bracelets                                          |            1.93 |             1901.8 |    0.7493889394794943
 AAAAAAAAEHADAAAA | Affa                                                                                                                                                                                                    | Jewelry                                            | bracelets                                          |            4.07 |            2594.77 |    1.0224481746204686
 AAAAAAAAEHECAAAA | Gold authorities develop issues. Countries prefer                                                                                                                                                       | Jewelry                                            | bracelets                                          |            0.15 |            6799.96 |     2.679469351615828
 AAAAAAAAENODAAAA | Accounts may accept organisations. Large, splendid men come subject to a points. Clothes recommend severely surprising times. Committees cultivate available, poor readers; ever real particles         | Jewelry                                            | bracelets                                          |            9.75 |            1672.16 |    0.6589011510358771
 AAAAAAAAFBAEAAAA | Popular results may increase for th                                                                                                                                                                     | Jewelry                                            | bracelets                                          |             3.7 |            1719.15 |    0.6774171812525883
 AAAAAAAAFDBEAAAA | High children might hear in particular institutions. As so-called tools would look too.                                                                                                                 | Jewelry                                            | bracelets                                          |            4.63 |           15098.72 |       5.9495287455557
 AAAAAAAAFMBBAAAA | Almost bright enterprises will persuade again matters. Leaders can look perhaps anywhere visual objects. Heads take more. Examples might get never pure reactions. N                                    | Jewelry                                            | bracelets                                          |            2.13 | 4115.9800000000005 |    1.6218686965605265
 AAAAAAAAFPCAAAAA | Machines should spend thus in a buildings. Never separate st                                                                                                                                            | Jewelry                                            | bracelets                                          |            9.84 |            11233.7 |     4.426548811352821
 AAAAAAAAGADEAAAA | Due negotiations may not deal with a managers; mechanisms can pretend throughout a duties. Arguments call brit                                                                                          | Jewelry                                            | bracelets                                          |            1.19 |            3002.52 |      1.18311877093594
 AAAAAAAAGIIAAAAA | Strong, personal provinces might not see men. International, true rates let yesterday exclusive students. Intervals shall come even just horizontal forms. Tradition                                    | Jewelry                                            | bracelets                                          |            0.29 |             1948.8 |    0.7679089101154898
 AAAAAAAAHKEEAAAA | Benefits draw profound, nuclear modules. Notable, other articles te                                                                                                                                     | Jewelry                                            | bracelets                                          |            6.71 |           11413.38 |     4.497350265052303
 AAAAAAAAHLBDAAAA | Inevitable years play all at a sales; worthy, british exhibitions pay then working, poor churche                                                                                                        | Jewelry                                            | bracelets                                          |            8.95 |             272.56 |   0.10740006801163685
 AAAAAAAAIGGAAAAA | Points represent soon complete chemicals. Virtually professional studies receive resolutely clean, firm proceedings. Children advi                                                                      | Jewelry                                            | bracelets                                          |           61.58 |             3409.7 |    1.3435647633522092
 AAAAAAAAIIAEAAAA | Modern, other details would put widely about wide times; legal, beneficial computers might recal                                                                                                        | Jewelry                                            | bracelets                                          |            5.04 |            4757.08 |    1.8744889768740731
 AAAAAAAAIKKDAAAA | Fashionable pictures shall not hire comments. Severe, large procedu                                                                                                                                     | Jewelry                                            | bracelets                                          |            6.71 |               6360 |     2.506106664785773
 AAAAAAAAIMECAAAA | Outstandi                                                                                                                                                                                               | Jewelry                                            | bracelets                                          |            2.43 |            2275.45 |    0.8966227060356583
 AAAAAAAAIPNBAAAA | Over reduced schools might mind in a rates. Easy, liable heads make ever                                                                                                                                | Jewelry                                            | bracelets                                          |           96.77 |            3750.01 |    1.4776611720146693
 AAAAAAAAKBDCAAAA | Environmental, good police become under the yards. Better internal forests shall make never keen various parts. Women might provide also nev                                                            | Jewelry                                            | bracelets                                          |            7.83 |            2990.96 |    1.1785636462433422
 AAAAAAAAKEGDAAAA | Single goods should not fly so heavy students; demanding, white faces like barely investments. Current, western accounts control in general children. Individual, hard items ha                         | Jewelry                                            | bracelets                                          |            0.79 |             451.68 |   0.17798085823120094
 AAAAAAAAKGCEAAAA | Afraid sides come in a titles. Demands make mathematical, superb events; for certain universal groups shall not react for a shares; small things shall eat annually high, voluntary pa                  | Jewelry                                            | bracelets                                          |            3.93 |            2331.16 |    0.9185747818682395
 AAAAAAAAKGJAAAAA | Italian, central services could cost humans. Provisions will not                                                                                                                                        | Jewelry                                            | bracelets                                          |            9.44 |              477.9 |   0.18831263759451589
 AAAAAAAAKIGBAAAA | Hands would not assess small sales. Big players might recommend; services walk long-term, appropriate members; primary, honest hands come everywhere vast procedures. Guidelines think quite p          | Jewelry                                            | bracelets                                          |           22.39 | 432.45000000000005 |   0.17040343194757984
 AAAAAAAAKMEDAAAA | Still keen runs shop else christian cases. Happy, unc                                                                                                                                                   | Jewelry                                            | bracelets                                          |            8.32 |              95.48 |   0.03762312332606063
 AAAAAAAAKMGAAAAA | Significant magistrates manage most glasses. Then othe                                                                                                                                                  | Jewelry                                            | bracelets                                          |           17.45 |             3160.4 |     1.245330110595748
 AAAAAAAAKODCAAAA | Alternative numbers flourish anyway in a fathers. Eyes see maybe shy schools. Needs make just foreign                                                                                                   | Jewelry                                            | bracelets                                          |            3.59 |               30.3 |  0.011939470431290712
 AAAAAAAALDCAAAAA | National, internal arms protect. Bad pp. cannot test hence still autonomous years.                                                                                                                      | Jewelry                                            | bracelets                                          |            3.45 |            7440.42 |    2.9318374450951827
 AAAAAAAALGCDAAAA | New relations point previous, statutory families. Again monthly journali                                                                                                                                | Jewelry                                            | bracelets                                          |           86.61 |            5662.09 |    2.2311008625183772
 AAAAAAAAMADBAAAA | Related, relevant women involve respectively under a woods; business                                                                                                                                    | Jewelry                                            | bracelets                                          |            4.27 |            9070.95 |    3.5743346306507093
 AAAAAAAAMEGEAAAA | Very typical months would conflict cool great statistical requests. Teams might not take often comprehensive flowers. Exceptions must not guarantee obviously students. Cultural, new ages              | Jewelry                                            | bracelets                                          |            7.05 |            3750.22 |    1.4777439208196388
 AAAAAAAAMOLAAAAA | Plans used to sacrifice appare                                                                                                                                                                          | Jewelry                                            | bracelets                                          |            4.94 |           15743.91 |     6.203760657356507
 AAAAAAAAOGPDAAAA | So back premises must move like a circumstances. Other, traditional years would not say molecular, likely effects. Rules shall put again strange authorities. Major, old-fashioned views can            | Jewelry                                            | bracelets                                          |            1.83 |            5675.52 |    2.2363928456171305
 AAAAAAAAPAHAAAAA | Main, communist competitors help sections. Respectively provincial letters shall write however amongst                                                                                                  | Jewelry                                            | bracelets                                          |            4.71 |              497.1 |   0.19587824262028425
 AAAAAAAAPJLCAAAA | Pink, disastrous years will not speak however into a fans. Terrible, similar seconds supply public, pregnant writers. Curiously                                                                         | Jewelry                                            | bracelets                                          |            2.73 |            8149.71 |    3.2113274445080604
 AAAAAAAAABNCAAAA | Opportunities will understand forces; mainly true things take significantly free, parliamentary areas. Other, new eyes                                                                                  | Jewelry                                            | consignment                                        |            4.78 |           10118.02 |    3.7671573703982966
 AAAAAAAAAFACAAAA | New,                                                                                                                                                                                                    | Jewelry                                            | consignment                                        |            2.38 |            2113.02 |    0.7867229820457964
 AAAAAAAAAFGAAAAA | New magazines used to silenc                                                                                                                                                                            | Jewelry                                            | consignment                                        |            2.81 |             465.75 |   0.17340878405686158
 AAAAAAAAAICDAAAA | Old, wrong services control. Rapidly political shareholders shall start though goods. Of course great women say so righ                                                                                 | Jewelry                                            | consignment                                        |            1.42 |             535.49 |   0.19937449226969148
 AAAAAAAAAJBEAAAA | Big duties might make in a places; however public dates mi                                                                                                                                              | Jewelry                                            | consignment                                        |            7.28 |            1055.28 |    0.3929035354579171
 AAAAAAAAANBDAAAA | Later new modules reach ever remote women. Mainly immediate services may see                                                                                                                            | Jewelry                                            | consignment                                        |            2.93 |             145.25 |  0.054079712043497895
(100 rows)

UPDATE time_statistics SET e_time = TRANSACTION_TIMESTAMP() WHERE template = '../query_postgresql/query20.tpl' AND stream = 0;
psql:/tmp/s1-basline/power/query_0.sql:1177: NOTICE:  duration: 0.022 ms  plan:
Query Text: UPDATE time_statistics SET e_time = TRANSACTION_TIMESTAMP() WHERE template = '../query_postgresql/query20.tpl' AND stream = 0;
Update on time_statistics  (cost=0.00..28.15 rows=0 width=0) (actual time=0.022..0.022 rows=0 loops=1)
  ->  Seq Scan on time_statistics  (cost=0.00..28.15 rows=1 width=14) (actual time=0.010..0.010 rows=1 loops=1)
        Filter: ((template = '../query_postgresql/query20.tpl'::text) AND (stream = 0))
        Rows Removed by Filter: 20
UPDATE 1
LOAD 'auto_explain'; SET auto_explain.log_min_duration TO 0; SET auto_explain.log_analyze TO on; SET auto_explain.log_level TO notice; INSERT INTO time_statistics (template, s_time, stream, query, seed) VALUES ('../query_postgresql/query21.tpl', TRANSACTION_TIMESTAMP(), 0, 21, 632446785);
LOAD
SET
SET
SET
psql:/tmp/s1-basline/power/query_0.sql:1178: NOTICE:  duration: 0.008 ms  plan:
Query Text: INSERT INTO time_statistics (template, s_time, stream, query, seed) VALUES ('../query_postgresql/query21.tpl', TRANSACTION_TIMESTAMP(), 0, 21, 632446785);
Insert on time_statistics  (cost=0.00..0.01 rows=0 width=0) (actual time=0.008..0.008 rows=0 loops=1)
  ->  Result  (cost=0.00..0.01 rows=1 width=64) (actual time=0.002..0.002 rows=1 loops=1)
INSERT 0 1
select  *
 from(select w_warehouse_name
            ,i_item_id
            ,sum(case when (cast(d_date as date) < cast ('1998-06-06' as date))
	                then inv_quantity_on_hand 
                      else 0 end) as inv_before
            ,sum(case when (cast(d_date as date) >= cast ('1998-06-06' as date))
                      then inv_quantity_on_hand 
                      else 0 end) as inv_after
   from inventory
       ,warehouse
       ,item
       ,date_dim
   where i_current_price between 0.99 and 1.49
     and i_item_sk          = inv_item_sk
     and inv_warehouse_sk   = w_warehouse_sk
     and inv_date_sk    = d_date_sk
     and d_date between (cast ('1998-06-06' as date) - INTERVAL '30 days')
                    and (cast ('1998-06-06' as date) + INTERVAL '30 days')
   group by w_warehouse_name, i_item_id) x
 where (case when inv_before > 0 
             then inv_after / inv_before 
             else null
             end) between 2.0/3.0 and 3.0/2.0
 order by w_warehouse_name
         ,i_item_id
 limit 100;
psql:/tmp/s1-basline/power/query_0.sql:1205: NOTICE:  duration: 656.289 ms  plan:
Query Text: select  *
 from(select w_warehouse_name
            ,i_item_id
            ,sum(case when (cast(d_date as date) < cast ('1998-06-06' as date))
	                then inv_quantity_on_hand 
                      else 0 end) as inv_before
            ,sum(case when (cast(d_date as date) >= cast ('1998-06-06' as date))
                      then inv_quantity_on_hand 
                      else 0 end) as inv_after
   from inventory
       ,warehouse
       ,item
       ,date_dim
   where i_current_price between 0.99 and 1.49
     and i_item_sk          = inv_item_sk
     and inv_warehouse_sk   = w_warehouse_sk
     and inv_date_sk    = d_date_sk
     and d_date between (cast ('1998-06-06' as date) - INTERVAL '30 days')
                    and (cast ('1998-06-06' as date) + INTERVAL '30 days')
   group by w_warehouse_name, i_item_id) x
 where (case when inv_before > 0 
             then inv_after / inv_before 
             else null
             end) between 2.0/3.0 and 3.0/2.0
 order by w_warehouse_name
         ,i_item_id
 limit 100;
Limit  (cost=135849.77..135949.08 rows=68 width=47) (actual time=618.838..656.249 rows=100 loops=1)
  ->  Finalize GroupAggregate  (cost=135849.77..135948.40 rows=68 width=47) (actual time=618.838..656.240 rows=100 loops=1)
        Group Key: warehouse.w_warehouse_name, item.i_item_id
        Filter: (((CASE WHEN (sum(CASE WHEN (date_dim.d_date < '1998-06-06'::date) THEN inventory.inv_quantity_on_hand ELSE 0 END) > 0) THEN (sum(CASE WHEN (date_dim.d_date >= '1998-06-06'::date) THEN inventory.inv_quantity_on_hand ELSE 0 END) / sum(CASE WHEN (date_dim.d_date < '1998-06-06'::date) THEN inventory.inv_quantity_on_hand ELSE 0 END)) ELSE NULL::bigint END)::numeric >= 0.66666666666666666667) AND ((CASE WHEN (sum(CASE WHEN (date_dim.d_date < '1998-06-06'::date) THEN inventory.inv_quantity_on_hand ELSE 0 END) > 0) THEN (sum(CASE WHEN (date_dim.d_date >= '1998-06-06'::date) THEN inventory.inv_quantity_on_hand ELSE 0 END) / sum(CASE WHEN (date_dim.d_date < '1998-06-06'::date) THEN inventory.inv_quantity_on_hand ELSE 0 END)) ELSE NULL::bigint END)::numeric <= 1.5000000000000000))
        Rows Removed by Filter: 338
        ->  Gather Merge  (cost=135849.77..135924.25 rows=588 width=47) (actual time=618.799..655.828 rows=1616 loops=1)
              Workers Planned: 3
              Workers Launched: 3
              ->  Partial GroupAggregate  (cost=134849.73..134855.12 rows=196 width=47) (actual time=612.454..613.249 rows=944 loops=4)
                    Group Key: warehouse.w_warehouse_name, item.i_item_id
                    ->  Sort  (cost=134849.73..134850.22 rows=196 width=39) (actual time=612.442..612.542 rows=2309 loops=4)
                          Sort Key: warehouse.w_warehouse_name, item.i_item_id
                          Sort Method: quicksort  Memory: 721kB
                          Worker 0:  Sort Method: quicksort  Memory: 650kB
                          Worker 1:  Sort Method: quicksort  Memory: 689kB
                          Worker 2:  Sort Method: quicksort  Memory: 728kB
                          ->  Hash Join  (cost=6.88..134842.27 rows=196 width=39) (actual time=4.134..595.682 rows=6221 loops=4)
                                Hash Cond: (inventory.inv_warehouse_sk = warehouse.w_warehouse_sk)
                                ->  Nested Loop  (cost=5.76..134840.21 rows=196 width=33) (actual time=4.063..594.400 rows=6221 loops=4)
                                      ->  Hash Join  (cost=5.48..133858.98 rows=3164 width=24) (actual time=3.977..428.852 rows=101250 loops=4)
                                            Hash Cond: (inventory.inv_date_sk = date_dim.d_date_sk)
                                            ->  Parallel Seq Scan on inventory  (cost=0.00..123907.26 rows=3788826 width=28) (actual time=0.017..200.543 rows=2936250 loops=4)
                                            ->  Hash  (cost=4.71..4.71 rows=61 width=12) (actual time=0.117..0.118 rows=61 loops=4)
                                                  Buckets: 1024  Batches: 1  Memory Usage: 11kB
                                                  ->  Index Scan using i_d_date on date_dim  (cost=0.29..4.71 rows=61 width=12) (actual time=0.083..0.108 rows=61 loops=4)
                                                        Index Cond: ((d_date >= '1998-05-07 00:00:00'::timestamp without time zone) AND (d_date <= '1998-07-06 00:00:00'::timestamp without time zone))
                                      ->  Index Scan using pk_item on item  (cost=0.29..0.31 rows=1 width=25) (actual time=0.001..0.001 rows=0 loops=405000)
                                            Index Cond: (i_item_sk = inventory.inv_item_sk)
                                            Filter: ((i_current_price >= '0.99'::double precision) AND (i_current_price <= '1.49'::double precision))
                                            Rows Removed by Filter: 1
                                ->  Hash  (cost=1.05..1.05 rows=5 width=22) (actual time=0.030..0.031 rows=5 loops=4)
                                      Buckets: 1024  Batches: 1  Memory Usage: 9kB
                                      ->  Seq Scan on warehouse  (cost=0.00..1.05 rows=5 width=22) (actual time=0.025..0.026 rows=5 loops=4)
 w_warehouse_name |    i_item_id     | inv_before | inv_after 
------------------+------------------+------------+-----------
 Neither dea      | AAAAAAAAAFBEAAAA |       2010 |      2828
 Neither dea      | AAAAAAAAAFOBAAAA |       1734 |      2454
 Neither dea      | AAAAAAAAAGHAAAAA |       2355 |      2826
 Neither dea      | AAAAAAAAAHBAAAAA |       1806 |      1870
 Neither dea      | AAAAAAAAAJCAAAAA |       2046 |      2257
 Neither dea      | AAAAAAAAAMBEAAAA |       1448 |      2691
 Neither dea      | AAAAAAAAAOKCAAAA |       1728 |      2448
 Neither dea      | AAAAAAAAAOOAAAAA |       1809 |      2067
 Neither dea      | AAAAAAAABBCDAAAA |       2134 |      2225
 Neither dea      | AAAAAAAABCEAAAAA |       2136 |      2565
 Neither dea      | AAAAAAAABCKAAAAA |       2698 |      3326
 Neither dea      | AAAAAAAABHCDAAAA |       2026 |      2818
 Neither dea      | AAAAAAAABKGCAAAA |       2533 |      2936
 Neither dea      | AAAAAAAABMECAAAA |       1372 |      2194
 Neither dea      | AAAAAAAABMKCAAAA |       1569 |      2271
 Neither dea      | AAAAAAAACCKCAAAA |        478 |       793
 Neither dea      | AAAAAAAACEIDAAAA |       1528 |      2479
 Neither dea      | AAAAAAAACFGDAAAA |       2052 |      2418
 Neither dea      | AAAAAAAACGGDAAAA |       1715 |      3093
 Neither dea      | AAAAAAAACHIDAAAA |       1569 |      2003
 Neither dea      | AAAAAAAACKFAAAAA |       1923 |      2039
 Neither dea      | AAAAAAAACLLCAAAA |       1712 |      2050
 Neither dea      | AAAAAAAACPECAAAA |       1835 |      2625
 Neither dea      | AAAAAAAADKAAAAAA |       1786 |      1928
 Neither dea      | AAAAAAAADMHAAAAA |       2241 |      3038
 Neither dea      | AAAAAAAAECCDAAAA |       1161 |      1598
 Neither dea      | AAAAAAAAECLCAAAA |       2166 |      2716
 Neither dea      | AAAAAAAAEDOBAAAA |       1854 |      2634
 Neither dea      | AAAAAAAAEFHBAAAA |       2507 |      2906
 Neither dea      | AAAAAAAAEHDDAAAA |       1470 |      1977
 Neither dea      | AAAAAAAAEHMCAAAA |       2658 |      2979
 Neither dea      | AAAAAAAAEIEDAAAA |       1988 |      1995
 Neither dea      | AAAAAAAAEKLBAAAA |       2133 |      2672
 Neither dea      | AAAAAAAAELDEAAAA |       2135 |      2435
 Neither dea      | AAAAAAAAELFAAAAA |       1694 |      1839
 Neither dea      | AAAAAAAAENPAAAAA |       1654 |      1803
 Neither dea      | AAAAAAAAFAODAAAA |       1610 |      2822
 Neither dea      | AAAAAAAAFLGAAAAA |       1815 |      1977
 Neither dea      | AAAAAAAAFMLAAAAA |       2070 |      2524
 Neither dea      | AAAAAAAAGBCBAAAA |       1811 |      2239
 Neither dea      | AAAAAAAAGEBDAAAA |       1005 |      1804
 Neither dea      | AAAAAAAAGFEEAAAA |       1663 |      1860
 Neither dea      | AAAAAAAAGGJBAAAA |       2114 |      2316
 Neither dea      | AAAAAAAAGKPBAAAA |       2014 |      2211
 Neither dea      | AAAAAAAAGNCEAAAA |       1519 |      2995
 Neither dea      | AAAAAAAAGOEBAAAA |       2344 |      2457
 Neither dea      | AAAAAAAAGPBEAAAA |       1450 |      1736
 Neither dea      | AAAAAAAAHBCDAAAA |       2497 |      2631
 Neither dea      | AAAAAAAAHFDBAAAA |       2257 |      2587
 Neither dea      | AAAAAAAAHFJBAAAA |       2209 |      2317
 Neither dea      | AAAAAAAAHJLBAAAA |       2275 |      2741
 Neither dea      | AAAAAAAAHKOAAAAA |       1615 |      2024
 Neither dea      | AAAAAAAAHMAAAAAA |       2638 |      3143
 Neither dea      | AAAAAAAAIBGBAAAA |       1882 |      2209
 Neither dea      | AAAAAAAAIDCBAAAA |       3031 |      3155
 Neither dea      | AAAAAAAAIDMDAAAA |       2027 |      2040
 Neither dea      | AAAAAAAAIDNCAAAA |       1988 |      2059
 Neither dea      | AAAAAAAAIFAEAAAA |       1728 |      2570
 Neither dea      | AAAAAAAAIGBBAAAA |       1683 |      2746
 Neither dea      | AAAAAAAAIHOAAAAA |       1725 |      2746
 Neither dea      | AAAAAAAAIJJAAAAA |       2712 |      3007
 Neither dea      | AAAAAAAAIKBAAAAA |       1296 |      2295
 Neither dea      | AAAAAAAAIKNAAAAA |       1478 |      2406
 Neither dea      | AAAAAAAAILFCAAAA |       2230 |      2289
 Neither dea      | AAAAAAAAIMOBAAAA |       2018 |      2153
 Neither dea      | AAAAAAAAIMPCAAAA |       2673 |      2932
 Neither dea      | AAAAAAAAIOPAAAAA |       1914 |      2338
 Neither dea      | AAAAAAAAIPCDAAAA |       1706 |      2036
 Neither dea      | AAAAAAAAIPMDAAAA |       2012 |      2121
 Neither dea      | AAAAAAAAJCDCAAAA |       1880 |      2307
 Neither dea      | AAAAAAAAJGDBAAAA |       1537 |      2082
 Neither dea      | AAAAAAAAJGNDAAAA |       2619 |      3211
 Neither dea      | AAAAAAAAJLEEAAAA |       1698 |      2320
 Neither dea      | AAAAAAAAJMNAAAAA |       1360 |      2159
 Neither dea      | AAAAAAAAJOCAAAAA |       2233 |      2742
 Neither dea      | AAAAAAAAKAFCAAAA |       1381 |      1649
 Neither dea      | AAAAAAAAKAICAAAA |       2144 |      2229
 Neither dea      | AAAAAAAAKCBDAAAA |       1855 |      2277
 Neither dea      | AAAAAAAAKDBDAAAA |       1812 |      2120
 Neither dea      | AAAAAAAAKEBEAAAA |       2012 |      2666
 Neither dea      | AAAAAAAAKHCDAAAA |       1047 |      2039
 Neither dea      | AAAAAAAAKIBDAAAA |       1784 |      2303
 Neither dea      | AAAAAAAAKJDDAAAA |       1541 |      2720
 Neither dea      | AAAAAAAAKKKBAAAA |       1467 |      1556
 Neither dea      | AAAAAAAAKLODAAAA |       1402 |      2381
 Neither dea      | AAAAAAAAKMEAAAAA |       1524 |      1989
 Neither dea      | AAAAAAAAKNCBAAAA |       2357 |      2693
 Neither dea      | AAAAAAAAKNFBAAAA |       1547 |      2311
 Neither dea      | AAAAAAAAKOBAAAAA |       1296 |      1379
 Neither dea      | AAAAAAAAKPGDAAAA |       2093 |      2213
 Neither dea      | AAAAAAAALBBAAAAA |       1531 |      1812
 Neither dea      | AAAAAAAALBLCAAAA |       2119 |      2127
 Neither dea      | AAAAAAAALCMDAAAA |       1856 |      2643
 Neither dea      | AAAAAAAALEJBAAAA |       1367 |      1537
 Neither dea      | AAAAAAAALOPDAAAA |       1568 |      2822
 Neither dea      | AAAAAAAALPFDAAAA |       1431 |      2825
 Neither dea      | AAAAAAAALPLDAAAA |       2002 |      2160
 Neither dea      | AAAAAAAAMAABAAAA |       2506 |      2583
 Neither dea      | AAAAAAAAMAJCAAAA |       2106 |      2522
 Neither dea      | AAAAAAAAMBEAAAAA |       2337 |      2371
(100 rows)

UPDATE time_statistics SET e_time = TRANSACTION_TIMESTAMP() WHERE template = '../query_postgresql/query21.tpl' AND stream = 0;
psql:/tmp/s1-basline/power/query_0.sql:1207: NOTICE:  duration: 0.026 ms  plan:
Query Text: UPDATE time_statistics SET e_time = TRANSACTION_TIMESTAMP() WHERE template = '../query_postgresql/query21.tpl' AND stream = 0;
Update on time_statistics  (cost=0.00..28.15 rows=0 width=0) (actual time=0.025..0.025 rows=0 loops=1)
  ->  Seq Scan on time_statistics  (cost=0.00..28.15 rows=1 width=14) (actual time=0.011..0.012 rows=1 loops=1)
        Filter: ((template = '../query_postgresql/query21.tpl'::text) AND (stream = 0))
        Rows Removed by Filter: 21
UPDATE 1
LOAD 'auto_explain'; SET auto_explain.log_min_duration TO 0; SET auto_explain.log_analyze TO on; SET auto_explain.log_level TO notice; INSERT INTO time_statistics (template, s_time, stream, query, seed) VALUES ('query22.tpl', TRANSACTION_TIMESTAMP(), 0, 22, 1636546492);
LOAD
SET
SET
SET
psql:/tmp/s1-basline/power/query_0.sql:1208: NOTICE:  duration: 0.009 ms  plan:
Query Text: INSERT INTO time_statistics (template, s_time, stream, query, seed) VALUES ('query22.tpl', TRANSACTION_TIMESTAMP(), 0, 22, 1636546492);
Insert on time_statistics  (cost=0.00..0.01 rows=0 width=0) (actual time=0.008..0.008 rows=0 loops=1)
  ->  Result  (cost=0.00..0.01 rows=1 width=64) (actual time=0.001..0.002 rows=1 loops=1)
INSERT 0 1
select  i_product_name
             ,i_brand
             ,i_class
             ,i_category
             ,avg(inv_quantity_on_hand) qoh
       from inventory
           ,date_dim
           ,item
       where inv_date_sk=d_date_sk
              and inv_item_sk=i_item_sk
              and d_month_seq between 1176 and 1176 + 11
       group by rollup(i_product_name
                       ,i_brand
                       ,i_class
                       ,i_category)
order by qoh, i_product_name, i_brand, i_class, i_category
limit 100;
psql:/tmp/s1-basline/power/query_0.sql:1225: NOTICE:  duration: 4922.864 ms  plan:
Query Text: select  i_product_name
             ,i_brand
             ,i_class
             ,i_category
             ,avg(inv_quantity_on_hand) qoh
       from inventory
           ,date_dim
           ,item
       where inv_date_sk=d_date_sk
              and inv_item_sk=i_item_sk
              and d_month_seq between 1176 and 1176 + 11
       group by rollup(i_product_name
                       ,i_brand
                       ,i_class
                       ,i_category)
order by qoh, i_product_name, i_brand, i_class, i_category
limit 100;
Limit  (cost=151027.17..151027.42 rows=100 width=236) (actual time=4902.808..4922.795 rows=100 loops=1)
  ->  Sort  (cost=151027.17..151206.75 rows=71833 width=236) (actual time=4902.807..4922.786 rows=100 loops=1)
        Sort Key: (avg(inventory.inv_quantity_on_hand)), item.i_product_name, item.i_brand, item.i_class, item.i_category
        Sort Method: top-N heapsort  Memory: 67kB
        ->  MixedAggregate  (cost=5166.43..148281.76 rows=71833 width=236) (actual time=4880.734..4914.107 rows=35971 loops=1)
              Hash Key: item.i_product_name, item.i_brand, item.i_class, item.i_category
              Hash Key: item.i_product_name, item.i_brand, item.i_class
              Hash Key: item.i_product_name, item.i_brand
              Hash Key: item.i_product_name
              Group Key: ()
              Batches: 1  Memory Usage: 12849kB
              ->  Gather  (cost=5166.43..145116.75 rows=60456 width=208) (actual time=21.899..268.475 rows=2385000 loops=1)
                    Workers Planned: 3
                    Workers Launched: 3
                    ->  Hash Join  (cost=4166.43..138071.15 rows=19502 width=208) (actual time=37.309..674.937 rows=596250 loops=4)
                          Hash Cond: (inventory.inv_item_sk = item.i_item_sk)
                          ->  Hash Join  (cost=2505.43..136358.94 rows=19502 width=12) (actual time=12.607..493.325 rows=596250 loops=4)
                                Hash Cond: (inventory.inv_date_sk = date_dim.d_date_sk)
                                ->  Parallel Seq Scan on inventory  (cost=0.00..123907.26 rows=3788826 width=20) (actual time=0.017..199.880 rows=2936250 loops=4)
                                ->  Hash  (cost=2500.73..2500.73 rows=376 width=8) (actual time=12.569..12.570 rows=365 loops=4)
                                      Buckets: 1024  Batches: 1  Memory Usage: 23kB
                                      ->  Seq Scan on date_dim  (cost=0.00..2500.73 rows=376 width=8) (actual time=5.740..12.516 rows=365 loops=4)
                                            Filter: ((d_month_seq >= 1176) AND (d_month_seq <= 1187))
                                            Rows Removed by Filter: 72684
                          ->  Hash  (cost=1436.00..1436.00 rows=18000 width=212) (actual time=24.372..24.373 rows=18000 loops=4)
                                Buckets: 32768  Batches: 1  Memory Usage: 4606kB
                                ->  Seq Scan on item  (cost=0.00..1436.00 rows=18000 width=212) (actual time=0.028..18.790 rows=18000 loops=4)
                   i_product_name                   |                      i_brand                       |                      i_class                       |                     i_category                     |         qoh          
----------------------------------------------------+----------------------------------------------------+----------------------------------------------------+----------------------------------------------------+----------------------
 ablen stcallyn st                                  | exportiexporti #1                                  | toddlers                                           | Children                                           | 430.9221789883268482
 ablen stcallyn st                                  | exportiexporti #1                                  | toddlers                                           |                                                    | 430.9221789883268482
 ablen stcallyn st                                  | exportiexporti #1                                  |                                                    |                                                    | 430.9221789883268482
 ablen stcallyn st                                  |                                                    |                                                    |                                                    | 430.9221789883268482
 prieseationeseought                                | importoscholar #2                                  | country                                            | Music                                              | 435.5968379446640316
 prieseationeseought                                | importoscholar #2                                  | country                                            |                                                    | 435.5968379446640316
 prieseationeseought                                | importoscholar #2                                  |                                                    |                                                    | 435.5968379446640316
 prieseationeseought                                |                                                    |                                                    |                                                    | 435.5968379446640316
 priantibarable                                     | importoamalgamalg #14                              | monitors                                           | Electronics                                        | 438.1929133858267717
 priantibarable                                     | importoamalgamalg #14                              | monitors                                           |                                                    | 438.1929133858267717
 priantibarable                                     | importoamalgamalg #14                              |                                                    |                                                    | 438.1929133858267717
 priantibarable                                     |                                                    |                                                    |                                                    | 438.1929133858267717
 esepriableeseought                                 | amalgexporti #1                                    | newborn                                            | Children                                           | 439.3162055335968379
 esepriableeseought                                 | amalgexporti #1                                    | newborn                                            |                                                    | 439.3162055335968379
 esepriableeseought                                 | amalgexporti #1                                    |                                                    |                                                    | 439.3162055335968379
 esepriableeseought                                 |                                                    |                                                    |                                                    | 439.3162055335968379
 antiantibarcally                                   | exportiimporto #2                                  | pants                                              | Men                                                | 439.8473895582329317
 antiantibarcally                                   | exportiimporto #2                                  | pants                                              |                                                    | 439.8473895582329317
 antiantibarcally                                   | exportiimporto #2                                  |                                                    |                                                    | 439.8473895582329317
 antiantibarcally                                   |                                                    |                                                    |                                                    | 439.8473895582329317
 callyantin stable                                  | brandbrand #7                                      | decor                                              | Home                                               | 440.6049382716049383
 callyantin stable                                  | brandbrand #7                                      | decor                                              |                                                    | 440.6049382716049383
 callyantin stable                                  | brandbrand #7                                      |                                                    |                                                    | 440.6049382716049383
 callyantin stable                                  |                                                    |                                                    |                                                    | 440.6049382716049383
 n stcallycallyese                                  | importonameless #10                                | baseball                                           | Sports                                             | 441.7926829268292683
 n stcallycallyese                                  | importonameless #10                                | baseball                                           |                                                    | 441.7926829268292683
 n stcallycallyese                                  | importonameless #10                                |                                                    |                                                    | 441.7926829268292683
 n stcallycallyese                                  |                                                    |                                                    |                                                    | 441.7926829268292683
 eseanticallybarought                               | amalgexporti #1                                    | newborn                                            | Children                                           | 442.2705882352941176
 eseanticallybarought                               | amalgexporti #1                                    | newborn                                            |                                                    | 442.2705882352941176
 eseanticallybarought                               | amalgexporti #1                                    |                                                    |                                                    | 442.2705882352941176
 eseanticallybarought                               |                                                    |                                                    |                                                    | 442.2705882352941176
 ationeingcallypriought                             | amalgamalg #2                                      | dresses                                            | Women                                              | 442.9840000000000000
 ationeingcallypriought                             | amalgamalg #2                                      | dresses                                            |                                                    | 442.9840000000000000
 ationeingcallypriought                             | amalgamalg #2                                      |                                                    |                                                    | 442.9840000000000000
 ationeingcallypriought                             |                                                    |                                                    |                                                    | 442.9840000000000000
 antiablen st                                       | edu packimporto #2                                 | sports-apparel                                     | Men                                                | 443.5301204819277108
 antiablen st                                       | edu packimporto #2                                 | sports-apparel                                     |                                                    | 443.5301204819277108
 antiablen st                                       | edu packimporto #2                                 |                                                    |                                                    | 443.5301204819277108
 antiablen st                                       |                                                    |                                                    |                                                    | 443.5301204819277108
 ablebarcallyableought                              | corpmaxi #3                                        | golf                                               | Sports                                             | 444.5354330708661417
 ablebarcallyableought                              | corpmaxi #3                                        | golf                                               |                                                    | 444.5354330708661417
 ablebarcallyableought                              | corpmaxi #3                                        |                                                    |                                                    | 444.5354330708661417
 ablebarcallyableought                              |                                                    |                                                    |                                                    | 444.5354330708661417
 n stoughtcallyableought                            | amalgscholar #2                                    | rock                                               | Music                                              | 445.6904761904761905
 n stoughtcallyableought                            | amalgscholar #2                                    | rock                                               |                                                    | 445.6904761904761905
 n stoughtcallyableought                            | amalgscholar #2                                    |                                                    |                                                    | 445.6904761904761905
 n stoughtcallyableought                            |                                                    |                                                    |                                                    | 445.6904761904761905
 antiesepripriought                                 | importoedu pack #2                                 | mens                                               | Shoes                                              | 445.8616600790513834
 antiesepripriought                                 | importoedu pack #2                                 | mens                                               |                                                    | 445.8616600790513834
 antiesepripriought                                 | importoedu pack #2                                 |                                                    |                                                    | 445.8616600790513834
 antiesepripriought                                 |                                                    |                                                    |                                                    | 445.8616600790513834
 eingbarcallyantiought                              | importoexporti #1                                  | infants                                            | Children                                           | 446.0274509803921569
 eingbarcallyantiought                              | importoexporti #1                                  | infants                                            |                                                    | 446.0274509803921569
 eingbarcallyantiought                              | importoexporti #1                                  |                                                    |                                                    | 446.0274509803921569
 eingbarcallyantiought                              |                                                    |                                                    |                                                    | 446.0274509803921569
 esecallypriese                                     | scholarunivamalg #9                                | fiction                                            | Books                                              | 446.4269230769230769
 esecallypriese                                     | scholarunivamalg #9                                | fiction                                            |                                                    | 446.4269230769230769
 esecallypriese                                     | scholarunivamalg #9                                |                                                    |                                                    | 446.4269230769230769
 esecallypriese                                     |                                                    |                                                    |                                                    | 446.4269230769230769
 eingantioughtoughtought                            | amalgexporti #1                                    | newborn                                            | Children                                           | 446.5436507936507937
 eingantioughtoughtought                            | amalgexporti #1                                    | newborn                                            |                                                    | 446.5436507936507937
 eingantioughtoughtought                            | amalgexporti #1                                    |                                                    |                                                    | 446.5436507936507937
 eingantioughtoughtought                            |                                                    |                                                    |                                                    | 446.5436507936507937
 barbarantieseought                                 | amalgnameless #1                                   | athletic shoes                                     | Sports                                             | 447.3188976377952756
 barbarantieseought                                 | amalgnameless #1                                   | athletic shoes                                     |                                                    | 447.3188976377952756
 barbarantieseought                                 | amalgnameless #1                                   |                                                    |                                                    | 447.3188976377952756
 barbarantieseought                                 |                                                    |                                                    |                                                    | 447.3188976377952756
 antin stantiantiought                              | scholarnameless #6                                 | tables                                             | Home                                               | 447.7068273092369478
 antin stantiantiought                              | scholarnameless #6                                 | tables                                             |                                                    | 447.7068273092369478
 antin stantiantiought                              | scholarnameless #6                                 |                                                    |                                                    | 447.7068273092369478
 antin stantiantiought                              |                                                    |                                                    |                                                    | 447.7068273092369478
 esecallyeinganti                                   | exportiexporti #1                                  | toddlers                                           | Children                                           | 448.3992094861660079
 esecallyeinganti                                   | exportiexporti #1                                  | toddlers                                           |                                                    | 448.3992094861660079
 esecallyeinganti                                   | exportiexporti #1                                  |                                                    |                                                    | 448.3992094861660079
 esecallyeinganti                                   |                                                    |                                                    |                                                    | 448.3992094861660079
 antibarationpriought                               | edu packmaxi #2                                    | entertainments                                     | Books                                              | 448.4920634920634921
 antibarationpriought                               | edu packmaxi #2                                    | entertainments                                     |                                                    | 448.4920634920634921
 antibarationpriought                               | edu packmaxi #2                                    |                                                    |                                                    | 448.4920634920634921
 antibarationpriought                               |                                                    |                                                    |                                                    | 448.4920634920634921
 n stationprin st                                   | edu packcorp #4                                    | bracelets                                          | Jewelry                                            | 448.6801619433198381
 n stationprin st                                   | edu packcorp #4                                    | bracelets                                          |                                                    | 448.6801619433198381
 n stationprin st                                   | edu packcorp #4                                    |                                                    |                                                    | 448.6801619433198381
 n stationprin st                                   |                                                    |                                                    |                                                    | 448.6801619433198381
 antiableantiation                                  | exportiamalg #2                                    | maternity                                          | Women                                              | 448.6862745098039216
 antiableantiation                                  | exportiamalg #2                                    | maternity                                          |                                                    | 448.6862745098039216
 antiableantiation                                  | exportiamalg #2                                    |                                                    |                                                    | 448.6862745098039216
 antiableantiation                                  |                                                    |                                                    |                                                    | 448.6862745098039216
 eingationationought                                | scholarnameless #9                                 | fitness                                            | Sports                                             | 448.8174603174603175
 eingationationought                                | scholarnameless #9                                 | fitness                                            |                                                    | 448.8174603174603175
 eingationationought                                | scholarnameless #9                                 |                                                    |                                                    | 448.8174603174603175
 eingationationought                                |                                                    |                                                    |                                                    | 448.8174603174603175
 ablecallyantiantiought                             | importoamalg #1                                    | fragrances                                         | Women                                              | 449.9960317460317460
 ablecallyantiantiought                             | importoamalg #1                                    | fragrances                                         |                                                    | 449.9960317460317460
 ablecallyantiantiought                             | importoamalg #1                                    |                                                    |                                                    | 449.9960317460317460
 ablecallyantiantiought                             |                                                    |                                                    |                                                    | 449.9960317460317460
 oughtationbarationought                            | amalgimporto #2                                    | accessories                                        | Men                                                | 450.5685483870967742
 oughtationbarationought                            | amalgimporto #2                                    | accessories                                        |                                                    | 450.5685483870967742
 oughtationbarationought                            | amalgimporto #2                                    |                                                    |                                                    | 450.5685483870967742
 oughtationbarationought                            |                                                    |                                                    |                                                    | 450.5685483870967742
(100 rows)

UPDATE time_statistics SET e_time = TRANSACTION_TIMESTAMP() WHERE template = 'query22.tpl' AND stream = 0;
psql:/tmp/s1-basline/power/query_0.sql:1227: NOTICE:  duration: 0.029 ms  plan:
Query Text: UPDATE time_statistics SET e_time = TRANSACTION_TIMESTAMP() WHERE template = 'query22.tpl' AND stream = 0;
Update on time_statistics  (cost=0.00..28.15 rows=0 width=0) (actual time=0.028..0.029 rows=0 loops=1)
  ->  Seq Scan on time_statistics  (cost=0.00..28.15 rows=1 width=14) (actual time=0.014..0.014 rows=1 loops=1)
        Filter: ((template = 'query22.tpl'::text) AND (stream = 0))
        Rows Removed by Filter: 22
UPDATE 1
LOAD 'auto_explain'; SET auto_explain.log_min_duration TO 0; SET auto_explain.log_analyze TO on; SET auto_explain.log_level TO notice; INSERT INTO time_statistics (template, s_time, stream, query, seed) VALUES ('../query_postgresql/query23.tpl', TRANSACTION_TIMESTAMP(), 0, 23, 804901283);
LOAD
SET
SET
SET
psql:/tmp/s1-basline/power/query_0.sql:1228: NOTICE:  duration: 0.009 ms  plan:
Query Text: INSERT INTO time_statistics (template, s_time, stream, query, seed) VALUES ('../query_postgresql/query23.tpl', TRANSACTION_TIMESTAMP(), 0, 23, 804901283);
Insert on time_statistics  (cost=0.00..0.01 rows=0 width=0) (actual time=0.009..0.009 rows=0 loops=1)
  ->  Result  (cost=0.00..0.01 rows=1 width=64) (actual time=0.001..0.001 rows=1 loops=1)
INSERT 0 1
with frequent_ss_items as 
 (select substr(i_item_desc,1,30) itemdesc,i_item_sk item_sk,d_date solddate,count(*) cnt
  from store_sales
      ,date_dim 
      ,item
  where ss_sold_date_sk = d_date_sk
    and ss_item_sk = i_item_sk 
    and d_year in (2000,2000+1,2000+2,2000+3)
  group by substr(i_item_desc,1,30),i_item_sk,d_date
  having count(*) >4),
 max_store_sales as
 (select max(csales) tpcds_cmax 
  from (select c_customer_sk,sum(ss_quantity*ss_sales_price) csales
        from store_sales
            ,customer
            ,date_dim 
        where ss_customer_sk = c_customer_sk
         and ss_sold_date_sk = d_date_sk
         and d_year in (2000,2000+1,2000+2,2000+3) 
        group by c_customer_sk) x),
 best_ss_customer as
 (select c_customer_sk,sum(ss_quantity*ss_sales_price) ssales
  from store_sales
      ,customer
  where ss_customer_sk = c_customer_sk
  group by c_customer_sk
  having sum(ss_quantity*ss_sales_price) > (95/100.0) * (select
  *
from
 max_store_sales))
  select  sum(sales)
 from (select cs_quantity*cs_list_price sales
       from catalog_sales
           ,date_dim 
       where d_year = 2000 
         and d_moy = 6 
         and cs_sold_date_sk = d_date_sk 
         and cs_item_sk in (select item_sk from frequent_ss_items)
         and cs_bill_customer_sk in (select c_customer_sk from best_ss_customer)
      union all
      select ws_quantity*ws_list_price sales
       from web_sales 
           ,date_dim 
       where d_year = 2000 
         and d_moy = 6 
         and ws_sold_date_sk = d_date_sk 
         and ws_item_sk in (select item_sk from frequent_ss_items)
         and ws_bill_customer_sk in (select c_customer_sk from best_ss_customer)) y 
 limit 100;
psql:/tmp/s1-basline/power/query_0.sql:1277: NOTICE:  duration: 3782.919 ms  plan:
Query Text: with frequent_ss_items as 
 (select substr(i_item_desc,1,30) itemdesc,i_item_sk item_sk,d_date solddate,count(*) cnt
  from store_sales
      ,date_dim 
      ,item
  where ss_sold_date_sk = d_date_sk
    and ss_item_sk = i_item_sk 
    and d_year in (2000,2000+1,2000+2,2000+3)
  group by substr(i_item_desc,1,30),i_item_sk,d_date
  having count(*) >4),
 max_store_sales as
 (select max(csales) tpcds_cmax 
  from (select c_customer_sk,sum(ss_quantity*ss_sales_price) csales
        from store_sales
            ,customer
            ,date_dim 
        where ss_customer_sk = c_customer_sk
         and ss_sold_date_sk = d_date_sk
         and d_year in (2000,2000+1,2000+2,2000+3) 
        group by c_customer_sk) x),
 best_ss_customer as
 (select c_customer_sk,sum(ss_quantity*ss_sales_price) ssales
  from store_sales
      ,customer
  where ss_customer_sk = c_customer_sk
  group by c_customer_sk
  having sum(ss_quantity*ss_sales_price) > (95/100.0) * (select
  *
from
 max_store_sales))
  select  sum(sales)
 from (select cs_quantity*cs_list_price sales
       from catalog_sales
           ,date_dim 
       where d_year = 2000 
         and d_moy = 6 
         and cs_sold_date_sk = d_date_sk 
         and cs_item_sk in (select item_sk from frequent_ss_items)
         and cs_bill_customer_sk in (select c_customer_sk from best_ss_customer)
      union all
      select ws_quantity*ws_list_price sales
       from web_sales 
           ,date_dim 
       where d_year = 2000 
         and d_moy = 6 
         and ws_sold_date_sk = d_date_sk 
         and ws_item_sk in (select item_sk from frequent_ss_items)
         and ws_bill_customer_sk in (select c_customer_sk from best_ss_customer)) y 
 limit 100;
Limit  (cost=348464.40..348464.41 rows=1 width=8) (actual time=3744.442..3782.913 rows=1 loops=1)
  CTE frequent_ss_items
    ->  Finalize HashAggregate  (cost=99086.26..99814.45 rows=18205 width=52) (actual time=1683.233..2371.683 rows=64 loops=1)
          Group Key: (substr((item.i_item_desc)::text, 1, 30)), item.i_item_sk, date_dim_2.d_date
          Filter: (count(*) > 4)
          Batches: 21  Memory Usage: 32825kB  Disk Usage: 101824kB
          Rows Removed by Filter: 1488533
          ->  Gather  (cost=93795.49..98631.14 rows=45512 width=52) (actual time=812.229..1139.620 rows=1596440 loops=1)
                Workers Planned: 2
                Workers Launched: 2
                ->  Partial HashAggregate  (cost=92795.49..93079.94 rows=22756 width=52) (actual time=807.366..1036.407 rows=532147 loops=3)
                      Group Key: substr((item.i_item_desc)::text, 1, 30), item.i_item_sk, date_dim_2.d_date
                      Batches: 5  Memory Usage: 34865kB  Disk Usage: 24152kB
                      Worker 0:  Batches: 5  Memory Usage: 34865kB  Disk Usage: 19768kB
                      Worker 1:  Batches: 5  Memory Usage: 34865kB  Disk Usage: 19952kB
                      ->  Hash Join  (cost=4179.87..92567.93 rows=22756 width=44) (actual time=30.744..603.398 rows=551429 loops=3)
                            Hash Cond: (store_sales.ss_item_sk = item.i_item_sk)
                            ->  Hash Join  (cost=2518.87..90790.30 rows=22756 width=12) (actual time=15.050..310.601 rows=551429 loops=3)
                                  Hash Cond: (store_sales.ss_sold_date_sk = date_dim_2.d_date_sk)
                                  ->  Parallel Seq Scan on store_sales  (cost=0.00..85123.48 rows=1199148 width=16) (actual time=0.010..128.918 rows=959309 loops=3)
                                  ->  Hash  (cost=2500.73..2500.73 rows=1451 width=12) (actual time=15.022..15.023 rows=1461 loops=3)
                                        Buckets: 2048  Batches: 1  Memory Usage: 85kB
                                        ->  Seq Scan on date_dim date_dim_2  (cost=0.00..2500.73 rows=1451 width=12) (actual time=7.004..14.815 rows=1461 loops=3)
                                              Filter: (d_year = ANY ('{2000,2001,2002,2003}'::integer[]))
                                              Rows Removed by Filter: 71588
                            ->  Hash  (cost=1436.00..1436.00 rows=18000 width=110) (actual time=15.570..15.571 rows=18000 loops=3)
                                  Buckets: 32768  Batches: 1  Memory Usage: 2822kB
                                  ->  Seq Scan on item  (cost=0.00..1436.00 rows=18000 width=110) (actual time=0.034..11.762 rows=18000 loops=3)
  CTE best_ss_customer
    ->  Finalize HashAggregate  (cost=228367.88..229867.88 rows=33333 width=16) (actual time=1335.229..1384.410 rows=45 loops=1)
          Group Key: customer_1.c_customer_sk
          Filter: (sum(((store_sales_2.ss_quantity)::double precision * store_sales_2.ss_sales_price)) > ('0.95'::double precision * $3))
          Batches: 1  Memory Usage: 10257kB
          Rows Removed by Filter: 90856
          InitPlan 2 (returns $3)
            ->  Aggregate  (cost=102626.03..102626.04 rows=1 width=8) (actual time=722.182..760.413 rows=1 loops=1)
                  ->  Finalize GroupAggregate  (cost=93437.47..101974.39 rows=52131 width=16) (actual time=465.821..756.860 rows=76465 loops=1)
                        Group Key: customer.c_customer_sk
                        ->  Gather Merge  (cost=93437.47..101235.87 rows=43442 width=16) (actual time=465.817..736.026 rows=114765 loops=1)
                              Workers Planned: 2
                              Workers Launched: 2
                              ->  Partial GroupAggregate  (cost=92437.45..95221.56 rows=21721 width=16) (actual time=457.951..643.015 rows=38255 loops=3)
                                    Group Key: customer.c_customer_sk
                                    ->  Merge Join  (cost=92437.45..94787.14 rows=21721 width=20) (actual time=457.932..593.325 rows=538428 loops=3)
                                          Merge Cond: (store_sales_1.ss_customer_sk = customer.c_customer_sk)
                                          ->  Sort  (cost=92437.14..92494.03 rows=22756 width=20) (actual time=457.875..508.059 rows=538429 loops=3)
                                                Sort Key: store_sales_1.ss_customer_sk
                                                Sort Method: external merge  Disk: 21520kB
                                                Worker 0:  Sort Method: external merge  Disk: 16272kB
                                                Worker 1:  Sort Method: external merge  Disk: 16344kB
                                                ->  Hash Join  (cost=2518.87..90790.30 rows=22756 width=20) (actual time=16.988..323.507 rows=551429 loops=3)
                                                      Hash Cond: (store_sales_1.ss_sold_date_sk = date_dim_3.d_date_sk)
                                                      ->  Parallel Seq Scan on store_sales store_sales_1  (cost=0.00..85123.48 rows=1199148 width=28) (actual time=0.016..125.239 rows=959309 loops=3)
                                                      ->  Hash  (cost=2500.73..2500.73 rows=1451 width=8) (actual time=16.929..16.930 rows=1461 loops=3)
                                                            Buckets: 2048  Batches: 1  Memory Usage: 74kB
                                                            ->  Seq Scan on date_dim date_dim_3  (cost=0.00..2500.73 rows=1451 width=8) (actual time=8.132..16.750 rows=1461 loops=3)
                                                                  Filter: (d_year = ANY ('{2000,2001,2002,2003}'::integer[]))
                                                                  Rows Removed by Filter: 71588
                                          ->  Index Only Scan using pk_customer on customer  (cost=0.29..1774.19 rows=100000 width=8) (actual time=0.051..9.780 rows=99998 loops=3)
                                                Heap Fetches: 0
          ->  Gather  (cost=103741.83..124741.83 rows=200000 width=16) (actual time=558.084..578.982 rows=165857 loops=1)
                Workers Planned: 2
                Workers Launched: 2
                ->  Partial HashAggregate  (cost=102741.83..103741.83 rows=100000 width=16) (actual time=552.742..564.308 rows=55286 loops=3)
                      Group Key: customer_1.c_customer_sk
                      Batches: 1  Memory Usage: 8209kB
                      Worker 0:  Batches: 1  Memory Usage: 8209kB
                      Worker 1:  Batches: 1  Memory Usage: 8209kB
                      ->  Hash Join  (cost=3024.19..91295.56 rows=1144627 width=20) (actual time=23.088..408.899 rows=916143 loops=3)
                            Hash Cond: (store_sales_2.ss_customer_sk = customer_1.c_customer_sk)
                            ->  Parallel Seq Scan on store_sales store_sales_2  (cost=0.00..85123.48 rows=1199148 width=20) (actual time=0.014..132.064 rows=959309 loops=3)
                            ->  Hash  (cost=1774.19..1774.19 rows=100000 width=8) (actual time=22.674..22.675 rows=100000 loops=3)
                                  Buckets: 131072  Batches: 1  Memory Usage: 4931kB
                                  ->  Index Only Scan using pk_customer on customer customer_1  (cost=0.29..1774.19 rows=100000 width=8) (actual time=0.068..10.544 rows=100000 loops=3)
                                        Heap Fetches: 0
  ->  Aggregate  (cost=18782.07..18782.08 rows=1 width=8) (actual time=3744.442..3744.447 rows=1 loops=1)
        ->  Append  (cost=1169.03..18781.52 rows=220 width=8) (actual time=3744.440..3744.446 rows=0 loops=1)
              ->  Hash Join  (cost=1169.03..5317.62 rows=146 width=8) (actual time=3732.716..3732.719 rows=0 loops=1)
                    Hash Cond: (catalog_sales.cs_item_sk = frequent_ss_items.item_sk)
                    ->  Hash Join  (cost=754.92..4900.39 rows=292 width=20) (actual time=1361.066..1361.068 rows=0 loops=1)
                          Hash Cond: (catalog_sales.cs_bill_customer_sk = best_ss_customer.c_customer_sk)
                          ->  Nested Loop  (cost=0.43..4141.10 rows=588 width=28) (actual time=4.570..14.048 rows=13676 loops=1)
                                ->  Seq Scan on date_dim  (cost=0.00..2500.73 rows=30 width=8) (actual time=4.546..9.021 rows=30 loops=1)
                                      Filter: ((d_year = 2000) AND (d_moy = 6))
                                      Rows Removed by Filter: 73019
                                ->  Index Scan using i_cs_sold_date_sk on catalog_sales  (cost=0.43..46.86 rows=782 width=36) (actual time=0.004..0.080 rows=456 loops=30)
                                      Index Cond: (cs_sold_date_sk = date_dim.d_date_sk)
                          ->  Hash  (cost=751.99..751.99 rows=200 width=8) (actual time=1346.145..1346.146 rows=45 loops=1)
                                Buckets: 1024  Batches: 1  Memory Usage: 10kB
                                ->  HashAggregate  (cost=749.99..751.99 rows=200 width=8) (actual time=1346.130..1346.135 rows=45 loops=1)
                                      Group Key: best_ss_customer.c_customer_sk
                                      Batches: 1  Memory Usage: 40kB
                                      ->  CTE Scan on best_ss_customer  (cost=0.00..666.66 rows=33333 width=8) (actual time=1335.232..1346.114 rows=45 loops=1)
                    ->  Hash  (cost=411.61..411.61 rows=200 width=8) (actual time=2371.646..2371.647 rows=64 loops=1)
                          Buckets: 1024  Batches: 1  Memory Usage: 11kB
                          ->  HashAggregate  (cost=409.61..411.61 rows=200 width=8) (actual time=2371.624..2371.633 rows=64 loops=1)
                                Group Key: frequent_ss_items.item_sk
                                Batches: 1  Memory Usage: 40kB
                                ->  CTE Scan on frequent_ss_items  (cost=0.00..364.10 rows=18205 width=8) (actual time=1683.237..2371.583 rows=64 loops=1)
              ->  Hash Join  (cost=3665.64..13460.60 rows=74 width=8) (actual time=11.722..11.724 rows=0 loops=1)
                    Hash Cond: (web_sales.ws_bill_customer_sk = best_ss_customer_1.c_customer_sk)
                    ->  Hash Join  (cost=2911.15..12704.52 rows=148 width=20) (actual time=7.990..11.683 rows=42 loops=1)
                          Hash Cond: (web_sales.ws_sold_date_sk = date_dim_1.d_date_sk)
                          ->  Nested Loop  (cost=410.04..9259.05 rows=359737 width=28) (actual time=0.035..3.766 rows=2923 loops=1)
                                ->  HashAggregate  (cost=409.61..411.61 rows=200 width=8) (actual time=0.021..0.031 rows=64 loops=1)
                                      Group Key: frequent_ss_items_1.item_sk
                                      Batches: 1  Memory Usage: 40kB
                                      ->  CTE Scan on frequent_ss_items frequent_ss_items_1  (cost=0.00..364.10 rows=18205 width=8) (actual time=0.001..0.006 rows=64 loops=1)
                                ->  Index Scan using pk_web_sales on web_sales  (cost=0.42..43.80 rows=44 width=36) (actual time=0.005..0.051 rows=46 loops=64)
                                      Index Cond: (ws_item_sk = frequent_ss_items_1.item_sk)
                          ->  Hash  (cost=2500.73..2500.73 rows=30 width=8) (actual time=7.721..7.721 rows=30 loops=1)
                                Buckets: 1024  Batches: 1  Memory Usage: 10kB
                                ->  Seq Scan on date_dim date_dim_1  (cost=0.00..2500.73 rows=30 width=8) (actual time=4.242..7.717 rows=30 loops=1)
                                      Filter: ((d_year = 2000) AND (d_moy = 6))
                                      Rows Removed by Filter: 73019
                    ->  Hash  (cost=751.99..751.99 rows=200 width=8) (actual time=0.027..0.028 rows=45 loops=1)
                          Buckets: 1024  Batches: 1  Memory Usage: 10kB
                          ->  HashAggregate  (cost=749.99..751.99 rows=200 width=8) (actual time=0.016..0.021 rows=45 loops=1)
                                Group Key: best_ss_customer_1.c_customer_sk
                                Batches: 1  Memory Usage: 40kB
                                ->  CTE Scan on best_ss_customer best_ss_customer_1  (cost=0.00..666.66 rows=33333 width=8) (actual time=0.001..0.006 rows=45 loops=1)
 sum 
-----
    
(1 row)

with frequent_ss_items as
 (select substr(i_item_desc,1,30) itemdesc,i_item_sk item_sk,d_date solddate,count(*) cnt
  from store_sales
      ,date_dim
      ,item
  where ss_sold_date_sk = d_date_sk
    and ss_item_sk = i_item_sk
    and d_year in (2000,2000 + 1,2000 + 2,2000 + 3)
  group by substr(i_item_desc,1,30),i_item_sk,d_date
  having count(*) >4),
 max_store_sales as
 (select max(csales) tpcds_cmax
  from (select c_customer_sk,sum(ss_quantity*ss_sales_price) csales
        from store_sales
            ,customer
            ,date_dim 
        where ss_customer_sk = c_customer_sk
         and ss_sold_date_sk = d_date_sk
         and d_year in (2000,2000+1,2000+2,2000+3)
        group by c_customer_sk) x),
 best_ss_customer as
 (select c_customer_sk,sum(ss_quantity*ss_sales_price) ssales
  from store_sales
      ,customer
  where ss_customer_sk = c_customer_sk
  group by c_customer_sk
  having sum(ss_quantity*ss_sales_price) > (95/100.0) * (select
  *
 from max_store_sales))
  select  c_last_name,c_first_name,sales
 from (select c_last_name,c_first_name,sum(cs_quantity*cs_list_price) sales
        from catalog_sales
            ,customer
            ,date_dim 
        where d_year = 2000 
         and d_moy = 6 
         and cs_sold_date_sk = d_date_sk 
         and cs_item_sk in (select item_sk from frequent_ss_items)
         and cs_bill_customer_sk in (select c_customer_sk from best_ss_customer)
         and cs_bill_customer_sk = c_customer_sk 
       group by c_last_name,c_first_name
      union all
      select c_last_name,c_first_name,sum(ws_quantity*ws_list_price) sales
       from web_sales
           ,customer
           ,date_dim 
       where d_year = 2000 
         and d_moy = 6 
         and ws_sold_date_sk = d_date_sk 
         and ws_item_sk in (select item_sk from frequent_ss_items)
         and ws_bill_customer_sk in (select c_customer_sk from best_ss_customer)
         and ws_bill_customer_sk = c_customer_sk
       group by c_last_name,c_first_name) y 
     order by c_last_name,c_first_name,sales
  limit 100;
psql:/tmp/s1-basline/power/query_0.sql:1332: NOTICE:  duration: 3811.244 ms  plan:
Query Text: with frequent_ss_items as
 (select substr(i_item_desc,1,30) itemdesc,i_item_sk item_sk,d_date solddate,count(*) cnt
  from store_sales
      ,date_dim
      ,item
  where ss_sold_date_sk = d_date_sk
    and ss_item_sk = i_item_sk
    and d_year in (2000,2000 + 1,2000 + 2,2000 + 3)
  group by substr(i_item_desc,1,30),i_item_sk,d_date
  having count(*) >4),
 max_store_sales as
 (select max(csales) tpcds_cmax
  from (select c_customer_sk,sum(ss_quantity*ss_sales_price) csales
        from store_sales
            ,customer
            ,date_dim 
        where ss_customer_sk = c_customer_sk
         and ss_sold_date_sk = d_date_sk
         and d_year in (2000,2000+1,2000+2,2000+3)
        group by c_customer_sk) x),
 best_ss_customer as
 (select c_customer_sk,sum(ss_quantity*ss_sales_price) ssales
  from store_sales
      ,customer
  where ss_customer_sk = c_customer_sk
  group by c_customer_sk
  having sum(ss_quantity*ss_sales_price) > (95/100.0) * (select
  *
 from max_store_sales))
  select  c_last_name,c_first_name,sales
 from (select c_last_name,c_first_name,sum(cs_quantity*cs_list_price) sales
        from catalog_sales
            ,customer
            ,date_dim 
        where d_year = 2000 
         and d_moy = 6 
         and cs_sold_date_sk = d_date_sk 
         and cs_item_sk in (select item_sk from frequent_ss_items)
         and cs_bill_customer_sk in (select c_customer_sk from best_ss_customer)
         and cs_bill_customer_sk = c_customer_sk 
       group by c_last_name,c_first_name
      union all
      select c_last_name,c_first_name,sum(ws_quantity*ws_list_price) sales
       from web_sales
           ,customer
           ,date_dim 
       where d_year = 2000 
         and d_moy = 6 
         and ws_sold_date_sk = d_date_sk 
         and ws_item_sk in (select item_sk from frequent_ss_items)
         and ws_bill_customer_sk in (select c_customer_sk from best_ss_customer)
         and ws_bill_customer_sk = c_customer_sk
       group by c_last_name,c_first_name) y 
     order by c_last_name,c_first_name,sales
  limit 100;
Limit  (cost=348553.05..348553.30 rows=100 width=60) (actual time=3772.752..3811.241 rows=0 loops=1)
  CTE frequent_ss_items
    ->  Finalize HashAggregate  (cost=99086.26..99814.45 rows=18205 width=52) (actual time=1694.149..2385.409 rows=64 loops=1)
          Group Key: (substr((item.i_item_desc)::text, 1, 30)), item.i_item_sk, date_dim_2.d_date
          Filter: (count(*) > 4)
          Batches: 21  Memory Usage: 32825kB  Disk Usage: 101816kB
          Rows Removed by Filter: 1488533
          ->  Gather  (cost=93795.49..98631.14 rows=45512 width=52) (actual time=816.488..1149.902 rows=1596062 loops=1)
                Workers Planned: 2
                Workers Launched: 2
                ->  Partial HashAggregate  (cost=92795.49..93079.94 rows=22756 width=52) (actual time=811.811..1042.363 rows=532021 loops=3)
                      Group Key: substr((item.i_item_desc)::text, 1, 30), item.i_item_sk, date_dim_2.d_date
                      Batches: 5  Memory Usage: 34865kB  Disk Usage: 24328kB
                      Worker 0:  Batches: 5  Memory Usage: 35889kB  Disk Usage: 19720kB
                      Worker 1:  Batches: 5  Memory Usage: 34865kB  Disk Usage: 19824kB
                      ->  Hash Join  (cost=4179.87..92567.93 rows=22756 width=44) (actual time=31.050..605.201 rows=551429 loops=3)
                            Hash Cond: (store_sales.ss_item_sk = item.i_item_sk)
                            ->  Hash Join  (cost=2518.87..90790.30 rows=22756 width=12) (actual time=15.136..311.720 rows=551429 loops=3)
                                  Hash Cond: (store_sales.ss_sold_date_sk = date_dim_2.d_date_sk)
                                  ->  Parallel Seq Scan on store_sales  (cost=0.00..85123.48 rows=1199148 width=16) (actual time=0.013..129.443 rows=959309 loops=3)
                                  ->  Hash  (cost=2500.73..2500.73 rows=1451 width=12) (actual time=15.104..15.105 rows=1461 loops=3)
                                        Buckets: 2048  Batches: 1  Memory Usage: 85kB
                                        ->  Seq Scan on date_dim date_dim_2  (cost=0.00..2500.73 rows=1451 width=12) (actual time=7.211..14.899 rows=1461 loops=3)
                                              Filter: (d_year = ANY ('{2000,2001,2002,2003}'::integer[]))
                                              Rows Removed by Filter: 71588
                            ->  Hash  (cost=1436.00..1436.00 rows=18000 width=110) (actual time=15.797..15.797 rows=18000 loops=3)
                                  Buckets: 32768  Batches: 1  Memory Usage: 2822kB
                                  ->  Seq Scan on item  (cost=0.00..1436.00 rows=18000 width=110) (actual time=0.030..11.931 rows=18000 loops=3)
  CTE best_ss_customer
    ->  Finalize HashAggregate  (cost=228367.88..229867.88 rows=33333 width=16) (actual time=1350.049..1399.171 rows=45 loops=1)
          Group Key: customer_3.c_customer_sk
          Filter: (sum(((store_sales_2.ss_quantity)::double precision * store_sales_2.ss_sales_price)) > ('0.95'::double precision * $3))
          Batches: 1  Memory Usage: 10257kB
          Rows Removed by Filter: 90856
          InitPlan 2 (returns $3)
            ->  Aggregate  (cost=102626.03..102626.04 rows=1 width=8) (actual time=725.525..763.768 rows=1 loops=1)
                  ->  Finalize GroupAggregate  (cost=93437.47..101974.39 rows=52131 width=16) (actual time=467.943..760.166 rows=76465 loops=1)
                        Group Key: customer_2.c_customer_sk
                        ->  Gather Merge  (cost=93437.47..101235.87 rows=43442 width=16) (actual time=467.934..739.314 rows=115132 loops=1)
                              Workers Planned: 2
                              Workers Launched: 2
                              ->  Partial GroupAggregate  (cost=92437.45..95221.56 rows=21721 width=16) (actual time=459.982..645.916 rows=38377 loops=3)
                                    Group Key: customer_2.c_customer_sk
                                    ->  Merge Join  (cost=92437.45..94787.14 rows=21721 width=20) (actual time=459.965..595.736 rows=538428 loops=3)
                                          Merge Cond: (store_sales_1.ss_customer_sk = customer_2.c_customer_sk)
                                          ->  Sort  (cost=92437.14..92494.03 rows=22756 width=20) (actual time=459.910..510.127 rows=538429 loops=3)
                                                Sort Key: store_sales_1.ss_customer_sk
                                                Sort Method: external merge  Disk: 21584kB
                                                Worker 0:  Sort Method: external merge  Disk: 16264kB
                                                Worker 1:  Sort Method: external merge  Disk: 16280kB
                                                ->  Hash Join  (cost=2518.87..90790.30 rows=22756 width=20) (actual time=16.932..325.163 rows=551429 loops=3)
                                                      Hash Cond: (store_sales_1.ss_sold_date_sk = date_dim_3.d_date_sk)
                                                      ->  Parallel Seq Scan on store_sales store_sales_1  (cost=0.00..85123.48 rows=1199148 width=28) (actual time=0.016..125.874 rows=959309 loops=3)
                                                      ->  Hash  (cost=2500.73..2500.73 rows=1451 width=8) (actual time=16.873..16.874 rows=1461 loops=3)
                                                            Buckets: 2048  Batches: 1  Memory Usage: 74kB
                                                            ->  Seq Scan on date_dim date_dim_3  (cost=0.00..2500.73 rows=1451 width=8) (actual time=8.112..16.697 rows=1461 loops=3)
                                                                  Filter: (d_year = ANY ('{2000,2001,2002,2003}'::integer[]))
                                                                  Rows Removed by Filter: 71588
                                          ->  Index Only Scan using pk_customer on customer customer_2  (cost=0.29..1774.19 rows=100000 width=8) (actual time=0.048..9.836 rows=99998 loops=3)
                                                Heap Fetches: 0
          ->  Gather  (cost=103741.83..124741.83 rows=200000 width=16) (actual time=569.388..590.340 rows=166067 loops=1)
                Workers Planned: 2
                Workers Launched: 2
                ->  Partial HashAggregate  (cost=102741.83..103741.83 rows=100000 width=16) (actual time=564.128..575.766 rows=55356 loops=3)
                      Group Key: customer_3.c_customer_sk
                      Batches: 1  Memory Usage: 8209kB
                      Worker 0:  Batches: 1  Memory Usage: 8209kB
                      Worker 1:  Batches: 1  Memory Usage: 8209kB
                      ->  Hash Join  (cost=3024.19..91295.56 rows=1144627 width=20) (actual time=23.093..415.101 rows=916143 loops=3)
                            Hash Cond: (store_sales_2.ss_customer_sk = customer_3.c_customer_sk)
                            ->  Parallel Seq Scan on store_sales store_sales_2  (cost=0.00..85123.48 rows=1199148 width=20) (actual time=0.015..132.768 rows=959309 loops=3)
                            ->  Hash  (cost=1774.19..1774.19 rows=100000 width=8) (actual time=22.694..22.695 rows=100000 loops=3)
                                  Buckets: 131072  Batches: 1  Memory Usage: 4931kB
                                  ->  Index Only Scan using pk_customer on customer customer_3  (cost=0.29..1774.19 rows=100000 width=8) (actual time=0.065..10.538 rows=100000 loops=3)
                                        Heap Fetches: 0
  ->  Sort  (cost=18870.72..18871.27 rows=219 width=60) (actual time=3772.751..3772.758 rows=0 loops=1)
        Sort Key: customer.c_last_name, customer.c_first_name, (sum(((catalog_sales.cs_quantity)::double precision * catalog_sales.cs_list_price)))
        Sort Method: quicksort  Memory: 25kB
        ->  Append  (cost=5367.74..18862.35 rows=219 width=60) (actual time=3772.746..3772.753 rows=0 loops=1)
              ->  GroupAggregate  (cost=5367.74..5371.36 rows=145 width=60) (actual time=3761.102..3761.106 rows=0 loops=1)
                    Group Key: customer.c_last_name, customer.c_first_name
                    ->  Sort  (cost=5367.74..5368.10 rows=145 width=64) (actual time=3761.101..3761.104 rows=0 loops=1)
                          Sort Key: customer.c_last_name, customer.c_first_name
                          Sort Method: quicksort  Memory: 25kB
                          ->  Nested Loop  (cost=1169.33..5362.53 rows=145 width=64) (actual time=3761.098..3761.101 rows=0 loops=1)
                                ->  Hash Join  (cost=1169.03..5316.89 rows=146 width=28) (actual time=3761.097..3761.100 rows=0 loops=1)
                                      Hash Cond: (catalog_sales.cs_item_sk = frequent_ss_items.item_sk)
                                      ->  Hash Join  (cost=754.92..4900.39 rows=292 width=36) (actual time=1375.731..1375.732 rows=0 loops=1)
                                            Hash Cond: (catalog_sales.cs_bill_customer_sk = best_ss_customer.c_customer_sk)
                                            ->  Nested Loop  (cost=0.43..4141.10 rows=588 width=28) (actual time=4.445..13.980 rows=13676 loops=1)
                                                  ->  Seq Scan on date_dim  (cost=0.00..2500.73 rows=30 width=8) (actual time=4.421..8.998 rows=30 loops=1)
                                                        Filter: ((d_year = 2000) AND (d_moy = 6))
                                                        Rows Removed by Filter: 73019
                                                  ->  Index Scan using i_cs_sold_date_sk on catalog_sales  (cost=0.43..46.86 rows=782 width=36) (actual time=0.004..0.079 rows=456 loops=30)
                                                        Index Cond: (cs_sold_date_sk = date_dim.d_date_sk)
                                            ->  Hash  (cost=751.99..751.99 rows=200 width=8) (actual time=1360.894..1360.895 rows=45 loops=1)
                                                  Buckets: 1024  Batches: 1  Memory Usage: 10kB
                                                  ->  HashAggregate  (cost=749.99..751.99 rows=200 width=8) (actual time=1360.879..1360.885 rows=45 loops=1)
                                                        Group Key: best_ss_customer.c_customer_sk
                                                        Batches: 1  Memory Usage: 40kB
                                                        ->  CTE Scan on best_ss_customer  (cost=0.00..666.66 rows=33333 width=8) (actual time=1350.052..1360.864 rows=45 loops=1)
                                      ->  Hash  (cost=411.61..411.61 rows=200 width=8) (actual time=2385.363..2385.364 rows=64 loops=1)
                                            Buckets: 1024  Batches: 1  Memory Usage: 11kB
                                            ->  HashAggregate  (cost=409.61..411.61 rows=200 width=8) (actual time=2385.341..2385.349 rows=64 loops=1)
                                                  Group Key: frequent_ss_items.item_sk
                                                  Batches: 1  Memory Usage: 40kB
                                                  ->  CTE Scan on frequent_ss_items  (cost=0.00..364.10 rows=18205 width=8) (actual time=1694.152..2385.301 rows=64 loops=1)
                                ->  Index Scan using pk_customer on customer  (cost=0.29..0.31 rows=1 width=60) (never executed)
                                      Index Cond: (c_customer_sk = catalog_sales.cs_bill_customer_sk)
              ->  GroupAggregate  (cost=13485.85..13487.70 rows=74 width=60) (actual time=11.642..11.645 rows=0 loops=1)
                    Group Key: customer_1.c_last_name, customer_1.c_first_name
                    ->  Sort  (cost=13485.85..13486.04 rows=74 width=64) (actual time=11.641..11.644 rows=0 loops=1)
                          Sort Key: customer_1.c_last_name, customer_1.c_first_name
                          Sort Method: quicksort  Memory: 25kB
                          ->  Nested Loop  (cost=3665.93..13483.55 rows=74 width=64) (actual time=11.632..11.634 rows=0 loops=1)
                                ->  Hash Join  (cost=3665.64..13460.23 rows=74 width=28) (actual time=11.631..11.633 rows=0 loops=1)
                                      Hash Cond: (web_sales.ws_bill_customer_sk = best_ss_customer_1.c_customer_sk)
                                      ->  Hash Join  (cost=2911.15..12704.52 rows=148 width=20) (actual time=7.911..11.594 rows=42 loops=1)
                                            Hash Cond: (web_sales.ws_sold_date_sk = date_dim_1.d_date_sk)
                                            ->  Nested Loop  (cost=410.04..9259.05 rows=359737 width=28) (actual time=0.035..3.753 rows=2923 loops=1)
                                                  ->  HashAggregate  (cost=409.61..411.61 rows=200 width=8) (actual time=0.021..0.032 rows=64 loops=1)
                                                        Group Key: frequent_ss_items_1.item_sk
                                                        Batches: 1  Memory Usage: 40kB
                                                        ->  CTE Scan on frequent_ss_items frequent_ss_items_1  (cost=0.00..364.10 rows=18205 width=8) (actual time=0.001..0.007 rows=64 loops=1)
                                                  ->  Index Scan using pk_web_sales on web_sales  (cost=0.42..43.80 rows=44 width=36) (actual time=0.005..0.051 rows=46 loops=64)
                                                        Index Cond: (ws_item_sk = frequent_ss_items_1.item_sk)
                                            ->  Hash  (cost=2500.73..2500.73 rows=30 width=8) (actual time=7.644..7.644 rows=30 loops=1)
                                                  Buckets: 1024  Batches: 1  Memory Usage: 10kB
                                                  ->  Seq Scan on date_dim date_dim_1  (cost=0.00..2500.73 rows=30 width=8) (actual time=4.212..7.640 rows=30 loops=1)
                                                        Filter: ((d_year = 2000) AND (d_moy = 6))
                                                        Rows Removed by Filter: 73019
                                      ->  Hash  (cost=751.99..751.99 rows=200 width=8) (actual time=0.027..0.028 rows=45 loops=1)
                                            Buckets: 1024  Batches: 1  Memory Usage: 10kB
                                            ->  HashAggregate  (cost=749.99..751.99 rows=200 width=8) (actual time=0.017..0.022 rows=45 loops=1)
                                                  Group Key: best_ss_customer_1.c_customer_sk
                                                  Batches: 1  Memory Usage: 40kB
                                                  ->  CTE Scan on best_ss_customer best_ss_customer_1  (cost=0.00..666.66 rows=33333 width=8) (actual time=0.001..0.005 rows=45 loops=1)
                                ->  Index Scan using pk_customer on customer customer_1  (cost=0.29..0.32 rows=1 width=60) (never executed)
                                      Index Cond: (c_customer_sk = web_sales.ws_bill_customer_sk)
 c_last_name | c_first_name | sales 
-------------+--------------+-------
(0 rows)

UPDATE time_statistics SET e_time = TRANSACTION_TIMESTAMP() WHERE template = '../query_postgresql/query23.tpl' AND stream = 0;
psql:/tmp/s1-basline/power/query_0.sql:1334: NOTICE:  duration: 0.033 ms  plan:
Query Text: UPDATE time_statistics SET e_time = TRANSACTION_TIMESTAMP() WHERE template = '../query_postgresql/query23.tpl' AND stream = 0;
Update on time_statistics  (cost=0.00..28.15 rows=0 width=0) (actual time=0.032..0.032 rows=0 loops=1)
  ->  Seq Scan on time_statistics  (cost=0.00..28.15 rows=1 width=14) (actual time=0.017..0.017 rows=1 loops=1)
        Filter: ((template = '../query_postgresql/query23.tpl'::text) AND (stream = 0))
        Rows Removed by Filter: 23
UPDATE 1
LOAD 'auto_explain'; SET auto_explain.log_min_duration TO 0; SET auto_explain.log_analyze TO on; SET auto_explain.log_level TO notice; INSERT INTO time_statistics (template, s_time, stream, query, seed) VALUES ('query24.tpl', TRANSACTION_TIMESTAMP(), 0, 24, 998160939);
LOAD
SET
SET
SET
psql:/tmp/s1-basline/power/query_0.sql:1335: NOTICE:  duration: 0.009 ms  plan:
Query Text: INSERT INTO time_statistics (template, s_time, stream, query, seed) VALUES ('query24.tpl', TRANSACTION_TIMESTAMP(), 0, 24, 998160939);
Insert on time_statistics  (cost=0.00..0.01 rows=0 width=0) (actual time=0.008..0.008 rows=0 loops=1)
  ->  Result  (cost=0.00..0.01 rows=1 width=64) (actual time=0.001..0.002 rows=1 loops=1)
INSERT 0 1
with ssales as
(select c_last_name
      ,c_first_name
      ,s_store_name
      ,ca_state
      ,s_state
      ,i_color
      ,i_current_price
      ,i_manager_id
      ,i_units
      ,i_size
      ,sum(ss_ext_sales_price) netpaid
from store_sales
    ,store_returns
    ,store
    ,item
    ,customer
    ,customer_address
where ss_ticket_number = sr_ticket_number
  and ss_item_sk = sr_item_sk
  and ss_customer_sk = c_customer_sk
  and ss_item_sk = i_item_sk
  and ss_store_sk = s_store_sk
  and c_current_addr_sk = ca_address_sk
  and c_birth_country <> upper(ca_country)
  and s_zip = ca_zip
and s_market_id=8
group by c_last_name
        ,c_first_name
        ,s_store_name
        ,ca_state
        ,s_state
        ,i_color
        ,i_current_price
        ,i_manager_id
        ,i_units
        ,i_size)
select c_last_name
      ,c_first_name
      ,s_store_name
      ,sum(netpaid) paid
from ssales
where i_color = 'light'
group by c_last_name
        ,c_first_name
        ,s_store_name
having sum(netpaid) > (select 0.05*avg(netpaid)
                                 from ssales)
order by c_last_name
        ,c_first_name
        ,s_store_name
;
psql:/tmp/s1-basline/power/query_0.sql:1387: NOTICE:  duration: 9.110 ms  plan:
Query Text: with ssales as
(select c_last_name
      ,c_first_name
      ,s_store_name
      ,ca_state
      ,s_state
      ,i_color
      ,i_current_price
      ,i_manager_id
      ,i_units
      ,i_size
      ,sum(ss_ext_sales_price) netpaid
from store_sales
    ,store_returns
    ,store
    ,item
    ,customer
    ,customer_address
where ss_ticket_number = sr_ticket_number
  and ss_item_sk = sr_item_sk
  and ss_customer_sk = c_customer_sk
  and ss_item_sk = i_item_sk
  and ss_store_sk = s_store_sk
  and c_current_addr_sk = ca_address_sk
  and c_birth_country <> upper(ca_country)
  and s_zip = ca_zip
and s_market_id=8
group by c_last_name
        ,c_first_name
        ,s_store_name
        ,ca_state
        ,s_state
        ,i_color
        ,i_current_price
        ,i_manager_id
        ,i_units
        ,i_size)
select c_last_name
      ,c_first_name
      ,s_store_name
      ,sum(netpaid) paid
from ssales
where i_color = 'light'
group by c_last_name
        ,c_first_name
        ,s_store_name
having sum(netpaid) > (select 0.05*avg(netpaid)
                                 from ssales)
order by c_last_name
        ,c_first_name
        ,s_store_name
;
GroupAggregate  (cost=97266.45..97266.48 rows=1 width=334) (actual time=6.303..9.108 rows=0 loops=1)
  Group Key: ssales.c_last_name, ssales.c_first_name, ssales.s_store_name
  Filter: (sum(ssales.netpaid) > $6)
  CTE ssales
    ->  GroupAggregate  (cost=97266.34..97266.38 rows=1 width=136) (actual time=6.297..9.102 rows=0 loops=1)
          Group Key: customer.c_last_name, customer.c_first_name, store.s_store_name, customer_address.ca_state, store.s_state, item.i_color, item.i_current_price, item.i_manager_id, item.i_units, item.i_size
          ->  Sort  (cost=97266.34..97266.35 rows=1 width=136) (actual time=6.296..9.101 rows=0 loops=1)
                Sort Key: customer.c_last_name, customer.c_first_name, store.s_store_name, customer_address.ca_state, store.s_state, item.i_color, item.i_current_price, item.i_manager_id, item.i_units, item.i_size
                Sort Method: quicksort  Memory: 25kB
                ->  Nested Loop  (cost=91762.87..97266.33 rows=1 width=136) (actual time=6.291..9.095 rows=0 loops=1)
                      ->  Gather  (cost=91762.58..97266.03 rows=1 width=87) (actual time=6.291..9.095 rows=0 loops=1)
                            Workers Planned: 1
                            Workers Launched: 1
                            ->  Nested Loop  (cost=90762.58..96265.93 rows=1 width=87) (actual time=1.125..1.126 rows=0 loops=2)
                                  Join Filter: (store.s_zip = customer_address.ca_zip)
                                  ->  Nested Loop  (cost=90762.29..96260.50 rows=16 width=112) (actual time=1.125..1.126 rows=0 loops=2)
                                        ->  Parallel Hash Join  (cost=90762.00..96255.21 rows=17 width=51) (actual time=1.125..1.126 rows=0 loops=2)
                                              Hash Cond: ((store_returns.sr_ticket_number = store_sales.ss_ticket_number) AND (store_returns.sr_item_sk = store_sales.ss_item_sk))
                                              ->  Parallel Index Only Scan using pk_store_returns on store_returns  (cost=0.42..4226.63 rows=168925 width=16) (never executed)
                                                    Heap Fetches: 0
                                              ->  Parallel Hash  (cost=89332.39..89332.39 rows=95279 width=51) (actual time=0.013..0.013 rows=0 loops=2)
                                                    Buckets: 262144  Batches: 1  Memory Usage: 0kB
                                                    ->  Hash Join  (cost=1.16..89332.39 rows=95279 width=51) (actual time=0.010..0.011 rows=0 loops=1)
                                                          Hash Cond: (store_sales.ss_store_sk = store.s_store_sk)
                                                          ->  Parallel Seq Scan on store_sales  (cost=0.00..85123.48 rows=1199148 width=40) (actual time=0.003..0.003 rows=1 loops=1)
                                                          ->  Hash  (cost=1.15..1.15 rows=1 width=27) (actual time=0.005..0.005 rows=0 loops=1)
                                                                Buckets: 1024  Batches: 1  Memory Usage: 8kB
                                                                ->  Seq Scan on store  (cost=0.00..1.15 rows=1 width=27) (actual time=0.005..0.005 rows=0 loops=1)
                                                                      Filter: (s_market_id = 8)
                                                                      Rows Removed by Filter: 12
                                        ->  Index Scan using pk_customer on customer  (cost=0.29..0.31 rows=1 width=77) (never executed)
                                              Index Cond: (c_customer_sk = store_sales.ss_customer_sk)
                                  ->  Index Scan using pk_customer_address on customer_address  (cost=0.29..0.33 rows=1 width=36) (never executed)
                                        Index Cond: (ca_address_sk = customer.c_current_addr_sk)
                                        Filter: ((customer.c_birth_country)::text <> upper((ca_country)::text))
                      ->  Index Scan using pk_item on item  (cost=0.29..0.31 rows=1 width=73) (never executed)
                            Index Cond: (i_item_sk = store_sales.ss_item_sk)
  InitPlan 2 (returns $6)
    ->  Aggregate  (cost=0.02..0.04 rows=1 width=8) (never executed)
          ->  CTE Scan on ssales ssales_1  (cost=0.00..0.02 rows=1 width=8) (never executed)
  ->  Sort  (cost=0.03..0.04 rows=1 width=334) (actual time=6.302..6.302 rows=0 loops=1)
        Sort Key: ssales.c_last_name, ssales.c_first_name, ssales.s_store_name
        Sort Method: quicksort  Memory: 25kB
        ->  CTE Scan on ssales  (cost=0.00..0.02 rows=1 width=334) (actual time=6.297..6.297 rows=0 loops=1)
              Filter: (i_color = 'light'::bpchar)
 c_last_name | c_first_name | s_store_name | paid 
-------------+--------------+--------------+------
(0 rows)

with ssales as
(select c_last_name
      ,c_first_name
      ,s_store_name
      ,ca_state
      ,s_state
      ,i_color
      ,i_current_price
      ,i_manager_id
      ,i_units
      ,i_size
      ,sum(ss_ext_sales_price) netpaid
from store_sales
    ,store_returns
    ,store
    ,item
    ,customer
    ,customer_address
where ss_ticket_number = sr_ticket_number
  and ss_item_sk = sr_item_sk
  and ss_customer_sk = c_customer_sk
  and ss_item_sk = i_item_sk
  and ss_store_sk = s_store_sk
  and c_current_addr_sk = ca_address_sk
  and c_birth_country <> upper(ca_country)
  and s_zip = ca_zip
  and s_market_id = 8
group by c_last_name
        ,c_first_name
        ,s_store_name
        ,ca_state
        ,s_state
        ,i_color
        ,i_current_price
        ,i_manager_id
        ,i_units
        ,i_size)
select c_last_name
      ,c_first_name
      ,s_store_name
      ,sum(netpaid) paid
from ssales
where i_color = 'green'
group by c_last_name
        ,c_first_name
        ,s_store_name
having sum(netpaid) > (select 0.05*avg(netpaid)
                           from ssales)
order by c_last_name
        ,c_first_name
        ,s_store_name
;
psql:/tmp/s1-basline/power/query_0.sql:1439: NOTICE:  duration: 9.765 ms  plan:
Query Text: with ssales as
(select c_last_name
      ,c_first_name
      ,s_store_name
      ,ca_state
      ,s_state
      ,i_color
      ,i_current_price
      ,i_manager_id
      ,i_units
      ,i_size
      ,sum(ss_ext_sales_price) netpaid
from store_sales
    ,store_returns
    ,store
    ,item
    ,customer
    ,customer_address
where ss_ticket_number = sr_ticket_number
  and ss_item_sk = sr_item_sk
  and ss_customer_sk = c_customer_sk
  and ss_item_sk = i_item_sk
  and ss_store_sk = s_store_sk
  and c_current_addr_sk = ca_address_sk
  and c_birth_country <> upper(ca_country)
  and s_zip = ca_zip
  and s_market_id = 8
group by c_last_name
        ,c_first_name
        ,s_store_name
        ,ca_state
        ,s_state
        ,i_color
        ,i_current_price
        ,i_manager_id
        ,i_units
        ,i_size)
select c_last_name
      ,c_first_name
      ,s_store_name
      ,sum(netpaid) paid
from ssales
where i_color = 'green'
group by c_last_name
        ,c_first_name
        ,s_store_name
having sum(netpaid) > (select 0.05*avg(netpaid)
                           from ssales)
order by c_last_name
        ,c_first_name
        ,s_store_name
;
GroupAggregate  (cost=97266.45..97266.48 rows=1 width=334) (actual time=6.760..9.764 rows=0 loops=1)
  Group Key: ssales.c_last_name, ssales.c_first_name, ssales.s_store_name
  Filter: (sum(ssales.netpaid) > $6)
  CTE ssales
    ->  GroupAggregate  (cost=97266.34..97266.38 rows=1 width=136) (actual time=6.757..9.760 rows=0 loops=1)
          Group Key: customer.c_last_name, customer.c_first_name, store.s_store_name, customer_address.ca_state, store.s_state, item.i_color, item.i_current_price, item.i_manager_id, item.i_units, item.i_size
          ->  Sort  (cost=97266.34..97266.35 rows=1 width=136) (actual time=6.757..9.760 rows=0 loops=1)
                Sort Key: customer.c_last_name, customer.c_first_name, store.s_store_name, customer_address.ca_state, store.s_state, item.i_color, item.i_current_price, item.i_manager_id, item.i_units, item.i_size
                Sort Method: quicksort  Memory: 25kB
                ->  Nested Loop  (cost=91762.87..97266.33 rows=1 width=136) (actual time=6.753..9.757 rows=0 loops=1)
                      ->  Gather  (cost=91762.58..97266.03 rows=1 width=87) (actual time=6.753..9.756 rows=0 loops=1)
                            Workers Planned: 1
                            Workers Launched: 1
                            ->  Nested Loop  (cost=90762.58..96265.93 rows=1 width=87) (actual time=1.063..1.065 rows=0 loops=2)
                                  Join Filter: (store.s_zip = customer_address.ca_zip)
                                  ->  Nested Loop  (cost=90762.29..96260.50 rows=16 width=112) (actual time=1.063..1.064 rows=0 loops=2)
                                        ->  Parallel Hash Join  (cost=90762.00..96255.21 rows=17 width=51) (actual time=1.063..1.064 rows=0 loops=2)
                                              Hash Cond: ((store_returns.sr_ticket_number = store_sales.ss_ticket_number) AND (store_returns.sr_item_sk = store_sales.ss_item_sk))
                                              ->  Parallel Index Only Scan using pk_store_returns on store_returns  (cost=0.42..4226.63 rows=168925 width=16) (never executed)
                                                    Heap Fetches: 0
                                              ->  Parallel Hash  (cost=89332.39..89332.39 rows=95279 width=51) (actual time=0.012..0.012 rows=0 loops=2)
                                                    Buckets: 262144  Batches: 1  Memory Usage: 0kB
                                                    ->  Hash Join  (cost=1.16..89332.39 rows=95279 width=51) (actual time=0.008..0.008 rows=0 loops=1)
                                                          Hash Cond: (store_sales.ss_store_sk = store.s_store_sk)
                                                          ->  Parallel Seq Scan on store_sales  (cost=0.00..85123.48 rows=1199148 width=40) (actual time=0.002..0.002 rows=1 loops=1)
                                                          ->  Hash  (cost=1.15..1.15 rows=1 width=27) (actual time=0.004..0.005 rows=0 loops=1)
                                                                Buckets: 1024  Batches: 1  Memory Usage: 8kB
                                                                ->  Seq Scan on store  (cost=0.00..1.15 rows=1 width=27) (actual time=0.004..0.004 rows=0 loops=1)
                                                                      Filter: (s_market_id = 8)
                                                                      Rows Removed by Filter: 12
                                        ->  Index Scan using pk_customer on customer  (cost=0.29..0.31 rows=1 width=77) (never executed)
                                              Index Cond: (c_customer_sk = store_sales.ss_customer_sk)
                                  ->  Index Scan using pk_customer_address on customer_address  (cost=0.29..0.33 rows=1 width=36) (never executed)
                                        Index Cond: (ca_address_sk = customer.c_current_addr_sk)
                                        Filter: ((customer.c_birth_country)::text <> upper((ca_country)::text))
                      ->  Index Scan using pk_item on item  (cost=0.29..0.31 rows=1 width=73) (never executed)
                            Index Cond: (i_item_sk = store_sales.ss_item_sk)
  InitPlan 2 (returns $6)
    ->  Aggregate  (cost=0.02..0.04 rows=1 width=8) (never executed)
          ->  CTE Scan on ssales ssales_1  (cost=0.00..0.02 rows=1 width=8) (never executed)
  ->  Sort  (cost=0.03..0.04 rows=1 width=334) (actual time=6.760..6.760 rows=0 loops=1)
        Sort Key: ssales.c_last_name, ssales.c_first_name, ssales.s_store_name
        Sort Method: quicksort  Memory: 25kB
        ->  CTE Scan on ssales  (cost=0.00..0.02 rows=1 width=334) (actual time=6.757..6.757 rows=0 loops=1)
              Filter: (i_color = 'green'::bpchar)
 c_last_name | c_first_name | s_store_name | paid 
-------------+--------------+--------------+------
(0 rows)

UPDATE time_statistics SET e_time = TRANSACTION_TIMESTAMP() WHERE template = 'query24.tpl' AND stream = 0;
psql:/tmp/s1-basline/power/query_0.sql:1441: NOTICE:  duration: 0.016 ms  plan:
Query Text: UPDATE time_statistics SET e_time = TRANSACTION_TIMESTAMP() WHERE template = 'query24.tpl' AND stream = 0;
Update on time_statistics  (cost=0.00..28.15 rows=0 width=0) (actual time=0.015..0.015 rows=0 loops=1)
  ->  Seq Scan on time_statistics  (cost=0.00..28.15 rows=1 width=14) (actual time=0.007..0.008 rows=1 loops=1)
        Filter: ((template = 'query24.tpl'::text) AND (stream = 0))
        Rows Removed by Filter: 24
UPDATE 1
LOAD 'auto_explain'; SET auto_explain.log_min_duration TO 0; SET auto_explain.log_analyze TO on; SET auto_explain.log_level TO notice; INSERT INTO time_statistics (template, s_time, stream, query, seed) VALUES ('query25.tpl', TRANSACTION_TIMESTAMP(), 0, 25, 272657157);
LOAD
SET
SET
SET
psql:/tmp/s1-basline/power/query_0.sql:1442: NOTICE:  duration: 0.007 ms  plan:
Query Text: INSERT INTO time_statistics (template, s_time, stream, query, seed) VALUES ('query25.tpl', TRANSACTION_TIMESTAMP(), 0, 25, 272657157);
Insert on time_statistics  (cost=0.00..0.01 rows=0 width=0) (actual time=0.006..0.007 rows=0 loops=1)
  ->  Result  (cost=0.00..0.01 rows=1 width=64) (actual time=0.001..0.001 rows=1 loops=1)
INSERT 0 1
select  
 i_item_id
 ,i_item_desc
 ,s_store_id
 ,s_store_name
 ,min(ss_net_profit) as store_sales_profit
 ,min(sr_net_loss) as store_returns_loss
 ,min(cs_net_profit) as catalog_sales_profit
 from
 store_sales
 ,store_returns
 ,catalog_sales
 ,date_dim d1
 ,date_dim d2
 ,date_dim d3
 ,store
 ,item
 where
 d1.d_moy = 4
 and d1.d_year = 2000
 and d1.d_date_sk = ss_sold_date_sk
 and i_item_sk = ss_item_sk
 and s_store_sk = ss_store_sk
 and ss_customer_sk = sr_customer_sk
 and ss_item_sk = sr_item_sk
 and ss_ticket_number = sr_ticket_number
 and sr_returned_date_sk = d2.d_date_sk
 and d2.d_moy               between 4 and  10
 and d2.d_year              = 2000
 and sr_customer_sk = cs_bill_customer_sk
 and sr_item_sk = cs_item_sk
 and cs_sold_date_sk = d3.d_date_sk
 and d3.d_moy               between 4 and  10 
 and d3.d_year              = 2000
 group by
 i_item_id
 ,i_item_desc
 ,s_store_id
 ,s_store_name
 order by
 i_item_id
 ,i_item_desc
 ,s_store_id
 ,s_store_name
 limit 100;
psql:/tmp/s1-basline/power/query_0.sql:1487: NOTICE:  duration: 1798.759 ms  plan:
Query Text: select  
 i_item_id
 ,i_item_desc
 ,s_store_id
 ,s_store_name
 ,min(ss_net_profit) as store_sales_profit
 ,min(sr_net_loss) as store_returns_loss
 ,min(cs_net_profit) as catalog_sales_profit
 from
 store_sales
 ,store_returns
 ,catalog_sales
 ,date_dim d1
 ,date_dim d2
 ,date_dim d3
 ,store
 ,item
 where
 d1.d_moy = 4
 and d1.d_year = 2000
 and d1.d_date_sk = ss_sold_date_sk
 and i_item_sk = ss_item_sk
 and s_store_sk = ss_store_sk
 and ss_customer_sk = sr_customer_sk
 and ss_item_sk = sr_item_sk
 and ss_ticket_number = sr_ticket_number
 and sr_returned_date_sk = d2.d_date_sk
 and d2.d_moy               between 4 and  10
 and d2.d_year              = 2000
 and sr_customer_sk = cs_bill_customer_sk
 and sr_item_sk = cs_item_sk
 and cs_sold_date_sk = d3.d_date_sk
 and d3.d_moy               between 4 and  10 
 and d3.d_year              = 2000
 group by
 i_item_id
 ,i_item_desc
 ,s_store_id
 ,s_store_name
 order by
 i_item_id
 ,i_item_desc
 ,s_store_id
 ,s_store_name
 limit 100;
Limit  (cost=11560.51..11560.54 rows=1 width=165) (actual time=1798.752..1798.755 rows=0 loops=1)
  ->  GroupAggregate  (cost=11560.51..11560.54 rows=1 width=165) (actual time=1798.751..1798.754 rows=0 loops=1)
        Group Key: item.i_item_id, item.i_item_desc, store.s_store_id, store.s_store_name
        ->  Sort  (cost=11560.51..11560.51 rows=1 width=165) (actual time=1798.749..1798.752 rows=0 loops=1)
              Sort Key: item.i_item_id, item.i_item_desc, store.s_store_id, store.s_store_name
              Sort Method: quicksort  Memory: 25kB
              ->  Nested Loop  (cost=2.15..11560.50 rows=1 width=165) (actual time=1798.742..1798.745 rows=0 loops=1)
                    ->  Nested Loop  (cost=1.86..11560.19 rows=1 width=70) (actual time=1798.742..1798.745 rows=0 loops=1)
                          Join Filter: (store_sales.ss_store_sk = store.s_store_sk)
                          ->  Nested Loop  (cost=1.86..11558.92 rows=1 width=56) (actual time=1798.741..1798.744 rows=0 loops=1)
                                ->  Nested Loop  (cost=1.57..11558.60 rows=1 width=64) (actual time=670.114..1798.716 rows=5 loops=1)
                                      ->  Nested Loop  (cost=1.28..11558.29 rows=1 width=72) (actual time=31.441..1798.588 rows=19 loops=1)
                                            ->  Nested Loop  (cost=0.85..11556.07 rows=1 width=64) (actual time=4.748..150.582 rows=19196 loops=1)
                                                  ->  Nested Loop  (cost=0.42..10928.17 rows=804 width=32) (actual time=4.737..40.944 rows=25854 loops=1)
                                                        ->  Seq Scan on date_dim d2  (cost=0.00..2683.36 rows=212 width=8) (actual time=4.726..9.559 rows=214 loops=1)
                                                              Filter: ((d_moy >= 4) AND (d_moy <= 10) AND (d_year = 2000))
                                                              Rows Removed by Filter: 72835
                                                        ->  Index Scan using i_sr_returned_date_sk on store_returns  (cost=0.42..37.49 rows=140 width=40) (actual time=0.003..0.113 rows=121 loops=214)
                                                              Index Cond: (sr_returned_date_sk = d2.d_date_sk)
                                                  ->  Index Scan using pk_store_sales on store_sales  (cost=0.43..0.77 rows=1 width=48) (actual time=0.004..0.004 rows=1 loops=25854)
                                                        Index Cond: ((ss_item_sk = store_returns.sr_item_sk) AND (ss_ticket_number = store_returns.sr_ticket_number))
                                                        Filter: (store_returns.sr_customer_sk = ss_customer_sk)
                                                        Rows Removed by Filter: 0
                                            ->  Index Scan using pk_catalog_sales on catalog_sales  (cost=0.43..2.21 rows=1 width=32) (actual time=0.086..0.086 rows=0 loops=19196)
                                                  Index Cond: (cs_item_sk = store_sales.ss_item_sk)
                                                  Filter: (store_sales.ss_customer_sk = cs_bill_customer_sk)
                                                  Rows Removed by Filter: 107
                                      ->  Index Scan using pk_date_dim on date_dim d1  (cost=0.29..0.32 rows=1 width=8) (actual time=0.005..0.005 rows=0 loops=19)
                                            Index Cond: (d_date_sk = store_sales.ss_sold_date_sk)
                                            Filter: ((d_moy = 4) AND (d_year = 2000))
                                            Rows Removed by Filter: 1
                                ->  Index Scan using pk_date_dim on date_dim d3  (cost=0.29..0.32 rows=1 width=8) (actual time=0.004..0.004 rows=0 loops=5)
                                      Index Cond: (d_date_sk = catalog_sales.cs_sold_date_sk)
                                      Filter: ((d_moy >= 4) AND (d_moy <= 10) AND (d_year = 2000))
                                      Rows Removed by Filter: 1
                          ->  Seq Scan on store  (cost=0.00..1.12 rows=12 width=30) (never executed)
                    ->  Index Scan using pk_item on item  (cost=0.29..0.31 rows=1 width=127) (never executed)
                          Index Cond: (i_item_sk = store_sales.ss_item_sk)
 i_item_id | i_item_desc | s_store_id | s_store_name | store_sales_profit | store_returns_loss | catalog_sales_profit 
-----------+-------------+------------+--------------+--------------------+--------------------+----------------------
(0 rows)

UPDATE time_statistics SET e_time = TRANSACTION_TIMESTAMP() WHERE template = 'query25.tpl' AND stream = 0;
psql:/tmp/s1-basline/power/query_0.sql:1489: NOTICE:  duration: 0.028 ms  plan:
Query Text: UPDATE time_statistics SET e_time = TRANSACTION_TIMESTAMP() WHERE template = 'query25.tpl' AND stream = 0;
Update on time_statistics  (cost=0.00..28.15 rows=0 width=0) (actual time=0.028..0.028 rows=0 loops=1)
  ->  Seq Scan on time_statistics  (cost=0.00..28.15 rows=1 width=14) (actual time=0.013..0.014 rows=1 loops=1)
        Filter: ((template = 'query25.tpl'::text) AND (stream = 0))
        Rows Removed by Filter: 25
UPDATE 1
LOAD 'auto_explain'; SET auto_explain.log_min_duration TO 0; SET auto_explain.log_analyze TO on; SET auto_explain.log_level TO notice; INSERT INTO time_statistics (template, s_time, stream, query, seed) VALUES ('query26.tpl', TRANSACTION_TIMESTAMP(), 0, 26, 59963379);
LOAD
SET
SET
SET
psql:/tmp/s1-basline/power/query_0.sql:1490: NOTICE:  duration: 0.009 ms  plan:
Query Text: INSERT INTO time_statistics (template, s_time, stream, query, seed) VALUES ('query26.tpl', TRANSACTION_TIMESTAMP(), 0, 26, 59963379);
Insert on time_statistics  (cost=0.00..0.01 rows=0 width=0) (actual time=0.008..0.009 rows=0 loops=1)
  ->  Result  (cost=0.00..0.01 rows=1 width=64) (actual time=0.001..0.002 rows=1 loops=1)
INSERT 0 1
select  i_item_id, 
        avg(cs_quantity) agg1,
        avg(cs_list_price) agg2,
        avg(cs_coupon_amt) agg3,
        avg(cs_sales_price) agg4 
 from catalog_sales, customer_demographics, date_dim, item, promotion
 where cs_sold_date_sk = d_date_sk and
       cs_item_sk = i_item_sk and
       cs_bill_cdemo_sk = cd_demo_sk and
       cs_promo_sk = p_promo_sk and
       cd_gender = 'F' and 
       cd_marital_status = 'M' and
       cd_education_status = 'Advanced Degree' and
       (p_channel_email = 'N' or p_channel_event = 'N') and
       d_year = 2001 
 group by i_item_id
 order by i_item_id
 limit 100;
psql:/tmp/s1-basline/power/query_0.sql:1508: NOTICE:  duration: 642.798 ms  plan:
Query Text: select  i_item_id, 
        avg(cs_quantity) agg1,
        avg(cs_list_price) agg2,
        avg(cs_coupon_amt) agg3,
        avg(cs_sales_price) agg4 
 from catalog_sales, customer_demographics, date_dim, item, promotion
 where cs_sold_date_sk = d_date_sk and
       cs_item_sk = i_item_sk and
       cs_bill_cdemo_sk = cd_demo_sk and
       cs_promo_sk = p_promo_sk and
       cd_gender = 'F' and 
       cd_marital_status = 'M' and
       cd_education_status = 'Advanced Degree' and
       (p_channel_email = 'N' or p_channel_event = 'N') and
       d_year = 2001 
 group by i_item_id
 order by i_item_id
 limit 100;
Limit  (cost=24581.52..24585.02 rows=100 width=73) (actual time=642.597..642.728 rows=100 loops=1)
  ->  GroupAggregate  (cost=24581.52..24585.02 rows=100 width=73) (actual time=642.596..642.719 rows=100 loops=1)
        Group Key: item.i_item_id
        ->  Sort  (cost=24581.52..24581.77 rows=100 width=45) (actual time=642.583..642.591 rows=123 loops=1)
              Sort Key: item.i_item_id
              Sort Method: quicksort  Memory: 437kB
              ->  Nested Loop  (cost=1.29..24578.20 rows=100 width=45) (actual time=4.186..631.739 rows=3962 loops=1)
                    ->  Nested Loop  (cost=1.00..24547.60 rows=100 width=36) (actual time=4.182..623.091 rows=3962 loops=1)
                          ->  Nested Loop  (cost=0.85..24530.43 rows=101 width=44) (actual time=4.179..618.221 rows=3999 loops=1)
                                ->  Nested Loop  (cost=0.43..21168.73 rows=7110 width=52) (actual time=4.057..129.659 rows=284723 loops=1)
                                      ->  Seq Scan on date_dim  (cost=0.00..2318.11 rows=363 width=8) (actual time=4.047..8.556 rows=365 loops=1)
                                            Filter: (d_year = 2001)
                                            Rows Removed by Filter: 72684
                                      ->  Index Scan using i_cs_sold_date_sk on catalog_sales  (cost=0.43..44.11 rows=782 width=60) (actual time=0.004..0.178 rows=780 loops=365)
                                            Index Cond: (cs_sold_date_sk = date_dim.d_date_sk)
                                ->  Index Scan using pk_customer_demographics on customer_demographics  (cost=0.43..0.47 rows=1 width=8) (actual time=0.002..0.002 rows=0 loops=284723)
                                      Index Cond: (cd_demo_sk = catalog_sales.cs_bill_cdemo_sk)
                                      Filter: ((cd_gender = 'F'::bpchar) AND (cd_marital_status = 'M'::bpchar) AND (cd_education_status = 'Advanced Degree'::bpchar))
                                      Rows Removed by Filter: 1
                          ->  Index Scan using pk_promotion on promotion  (cost=0.15..0.17 rows=1 width=8) (actual time=0.001..0.001 rows=1 loops=3999)
                                Index Cond: (p_promo_sk = catalog_sales.cs_promo_sk)
                                Filter: ((p_channel_email = 'N'::bpchar) OR (p_channel_event = 'N'::bpchar))
                                Rows Removed by Filter: 0
                    ->  Index Scan using pk_item on item  (cost=0.29..0.31 rows=1 width=25) (actual time=0.002..0.002 rows=1 loops=3962)
                          Index Cond: (i_item_sk = catalog_sales.cs_item_sk)
    i_item_id     |        agg1         |        agg2        |        agg3        |        agg4        
------------------+---------------------+--------------------+--------------------+--------------------
 AAAAAAAAAAACAAAA |  5.0000000000000000 |              58.05 |              67.67 |              30.76
 AAAAAAAAAAAEAAAA | 52.0000000000000000 |             137.46 |                  0 |              61.85
 AAAAAAAAAABEAAAA | 48.0000000000000000 |             101.53 |            3281.67 |              75.13
 AAAAAAAAAADBAAAA | 79.0000000000000000 |             200.78 |                  0 |              156.6
 AAAAAAAAAADEAAAA |  5.0000000000000000 |             186.64 |                  0 |             181.04
 AAAAAAAAAAEAAAAA | 73.5000000000000000 |            147.745 |            300.115 |             104.27
 AAAAAAAAAAEEAAAA | 38.0000000000000000 |             189.44 |             368.44 |              15.15
 AAAAAAAAAAGCAAAA | 69.0000000000000000 |              63.67 |                  0 |              29.28
 AAAAAAAAAAHAAAAA | 51.0000000000000000 |              77.35 |                  0 |              21.65
 AAAAAAAAAAICAAAA | 63.5000000000000000 |            143.305 |                  0 |             117.86
 AAAAAAAAAAJCAAAA | 14.0000000000000000 |              44.09 |                  0 |              24.69
 AAAAAAAAAAKBAAAA | 89.0000000000000000 |             119.67 |                  0 |              10.77
 AAAAAAAAAAKDAAAA | 22.0000000000000000 |              49.83 |              37.45 |               4.48
 AAAAAAAAAAMBAAAA | 79.0000000000000000 |              75.12 |                  0 |              69.86
 AAAAAAAAAANAAAAA |  6.0000000000000000 |              32.45 |                  0 |              19.79
 AAAAAAAAAANBAAAA | 65.0000000000000000 |              42.07 |                  0 |               2.94
 AAAAAAAAABAAAAAA | 94.0000000000000000 |              82.78 |                  0 |              18.21
 AAAAAAAAABDBAAAA | 26.0000000000000000 |              15.22 |                  0 |              13.85
 AAAAAAAAABFBAAAA | 39.0000000000000000 | 161.20499999999998 |                  0 |            101.555
 AAAAAAAAABFCAAAA | 62.0000000000000000 |              76.94 |                  0 |              26.92
 AAAAAAAAABGAAAAA | 89.0000000000000000 |             183.46 |                  0 |              18.34
 AAAAAAAAABICAAAA | 26.0000000000000000 |              55.35 |                  0 |              11.07
 AAAAAAAAABJDAAAA | 19.0000000000000000 |             116.02 |                  0 |              22.04
 AAAAAAAAABKAAAAA | 68.0000000000000000 |              129.5 |             418.93 |               9.06
 AAAAAAAAABKDAAAA | 99.0000000000000000 |              53.04 |                  0 |              25.98
 AAAAAAAAABLBAAAA | 77.0000000000000000 |             219.81 |            3747.04 |             118.69
 AAAAAAAAABMDAAAA | 55.0000000000000000 |             27.105 |                  0 |             13.605
 AAAAAAAAABOBAAAA | 91.0000000000000000 |              91.75 |                  0 |              44.95
 AAAAAAAAACAAAAAA | 39.0000000000000000 |              10.38 |                  0 |               3.63
 AAAAAAAAACACAAAA | 51.0000000000000000 |              20.32 |                  0 |              10.97
 AAAAAAAAACBBAAAA | 82.0000000000000000 |             248.35 |                  0 |             213.58
 AAAAAAAAACBCAAAA | 63.0000000000000000 |             202.41 |                  0 |                168
 AAAAAAAAACBEAAAA | 91.5000000000000000 |             73.695 |              13.89 | 43.949999999999996
 AAAAAAAAACCAAAAA | 70.0000000000000000 |             164.75 |                  0 |             164.75
 AAAAAAAAACDAAAAA | 12.0000000000000000 |              63.23 |               25.4 |               2.52
 AAAAAAAAACECAAAA | 18.0000000000000000 |             177.88 |                  0 |             122.73
 AAAAAAAAACFAAAAA | 23.0000000000000000 |              90.97 |                  0 |              71.86
 AAAAAAAAACGCAAAA | 68.0000000000000000 |              118.3 |                  0 |              16.56
 AAAAAAAAACHBAAAA | 48.0000000000000000 |             133.51 |                  0 |             116.15
 AAAAAAAAACIDAAAA |  3.0000000000000000 |             112.69 |                  0 |              81.13
 AAAAAAAAACJAAAAA | 60.5000000000000000 | 42.245000000000005 |                  0 | 22.744999999999997
 AAAAAAAAACJCAAAA | 55.0000000000000000 |             210.82 |                  0 |             210.82
 AAAAAAAAACLDAAAA |                     |              55.23 |                  0 |                   
 AAAAAAAAACMAAAAA | 99.0000000000000000 |              36.23 |                  0 |              36.23
 AAAAAAAAACNBAAAA |  5.5000000000000000 |             51.425 |                  0 | 43.480000000000004
 AAAAAAAAACPCAAAA | 84.0000000000000000 |              17.52 |                  0 |               6.83
 AAAAAAAAACPDAAAA | 43.0000000000000000 |             234.12 |                  0 |             227.09
 AAAAAAAAADBAAAAA | 23.0000000000000000 |              93.48 |                  0 |              40.19
 AAAAAAAAADCAAAAA | 78.0000000000000000 |              18.54 |                  0 |               1.66
 AAAAAAAAADDEAAAA | 25.0000000000000000 |              56.13 |                  0 |                 55
 AAAAAAAAADEBAAAA |  3.0000000000000000 |               20.7 |                  0 |               6.62
 AAAAAAAAADFAAAAA | 88.0000000000000000 |              67.52 |                  0 |              66.84
 AAAAAAAAADGCAAAA | 76.0000000000000000 |              25.96 |                  0 |              24.14
 AAAAAAAAADGEAAAA | 78.0000000000000000 |               73.6 |            1212.35 |              23.55
 AAAAAAAAADHAAAAA | 22.5000000000000000 | 157.92000000000002 |                  0 |              15.03
 AAAAAAAAADHDAAAA | 36.0000000000000000 |             138.68 |                  0 |              55.47
 AAAAAAAAADIAAAAA | 90.0000000000000000 |              33.04 |             424.57 |              27.75
 AAAAAAAAADLCAAAA | 54.5000000000000000 | 185.35500000000002 |                  0 |            173.845
 AAAAAAAAADLDAAAA | 39.0000000000000000 |              25.19 |             210.82 |              14.61
 AAAAAAAAADMBAAAA | 44.0000000000000000 |              26.41 |                  0 |              14.52
 AAAAAAAAADNBAAAA | 63.0000000000000000 |             143.74 |                  0 |             127.92
 AAAAAAAAADNDAAAA | 33.0000000000000000 |              70.03 |                  0 | 1.8250000000000002
 AAAAAAAAADOCAAAA | 23.0000000000000000 |              10.43 |                  0 |               8.13
 AAAAAAAAADPBAAAA |  9.0000000000000000 |              56.49 |                  0 |              26.55
 AAAAAAAAADPCAAAA | 89.0000000000000000 |              79.34 |                  0 |              51.57
 AAAAAAAAAEAAAAAA | 38.5000000000000000 |             76.655 |            185.695 |             38.925
 AAAAAAAAAEBDAAAA | 72.0000000000000000 |             171.96 |             485.33 |              84.26
 AAAAAAAAAECBAAAA | 40.0000000000000000 |              181.2 |             3415.2 |             137.71
 AAAAAAAAAECCAAAA | 21.0000000000000000 | 56.114999999999995 |              642.5 | 23.060000000000002
 AAAAAAAAAEDBAAAA | 24.0000000000000000 |             193.08 |                  0 |             169.91
 AAAAAAAAAEDEAAAA | 21.0000000000000000 |              103.2 |            1394.59 |              67.08
 AAAAAAAAAEEDAAAA | 47.0000000000000000 |             123.93 |                  0 |              73.11
 AAAAAAAAAEFCAAAA | 45.0000000000000000 |              68.99 |                  0 |              46.22
 AAAAAAAAAEFEAAAA | 49.0000000000000000 |               6.12 |                  0 |               5.99
 AAAAAAAAAEGAAAAA | 18.0000000000000000 |              70.61 |            1158.24 |              65.66
 AAAAAAAAAEGDAAAA | 43.6666666666666667 |              76.51 |  825.1233333333333 |  39.81666666666666
 AAAAAAAAAEICAAAA | 42.0000000000000000 |              50.24 |                  0 |              23.61
 AAAAAAAAAEJAAAAA | 91.0000000000000000 |              78.97 |                  0 |              39.48
 AAAAAAAAAEJBAAAA | 36.0000000000000000 |  68.99000000000001 |                  0 |              46.66
 AAAAAAAAAEJDAAAA | 32.0000000000000000 |             158.17 |                  0 |                  0
 AAAAAAAAAEKDAAAA | 83.0000000000000000 |              63.84 |             228.88 |               3.83
 AAAAAAAAAELCAAAA | 70.0000000000000000 |             251.91 |            3667.44 |              65.49
 AAAAAAAAAENCAAAA | 29.0000000000000000 |             136.59 |                  0 |              13.65
 AAAAAAAAAEPBAAAA | 47.0000000000000000 | 179.76666666666665 | 1707.7133333333334 | 57.876666666666665
 AAAAAAAAAFADAAAA | 79.0000000000000000 |              26.49 |            1183.95 |              21.72
 AAAAAAAAAFBCAAAA | 92.0000000000000000 |              52.74 |                  0 |              46.41
 AAAAAAAAAFCEAAAA | 28.6666666666666667 | 157.82666666666668 |  364.5933333333334 | 45.156666666666666
 AAAAAAAAAFDAAAAA | 40.0000000000000000 |             136.77 |                  0 |              45.13
 AAAAAAAAAFEBAAAA | 37.0000000000000000 |              95.16 |            1647.68 |              74.22
 AAAAAAAAAFEEAAAA | 10.0000000000000000 |              73.87 |                  0 |              38.41
 AAAAAAAAAFHBAAAA | 41.0000000000000000 |             204.98 |                  0 |             180.38
 AAAAAAAAAFIDAAAA | 12.0000000000000000 |             242.16 |                  0 |             200.99
 AAAAAAAAAFJAAAAA | 35.0000000000000000 |              10.16 |                  0 |               9.75
 AAAAAAAAAFKBAAAA | 42.3333333333333333 |              96.57 |               4.69 | 27.323333333333334
 AAAAAAAAAFKCAAAA | 22.0000000000000000 |              18.67 |                  0 |              12.88
 AAAAAAAAAFLBAAAA | 44.0000000000000000 |             217.12 |                  0 |              28.22
 AAAAAAAAAFMCAAAA | 18.0000000000000000 |             122.14 |                  0 |              51.29
 AAAAAAAAAFMDAAAA | 69.0000000000000000 |              89.57 |                  0 |              53.74
 AAAAAAAAAFNBAAAA | 27.0000000000000000 |             178.29 |                  0 |             151.54
 AAAAAAAAAFNCAAAA | 62.5000000000000000 | 147.54000000000002 |                  0 |             22.555
(100 rows)

UPDATE time_statistics SET e_time = TRANSACTION_TIMESTAMP() WHERE template = 'query26.tpl' AND stream = 0;
psql:/tmp/s1-basline/power/query_0.sql:1510: NOTICE:  duration: 0.028 ms  plan:
Query Text: UPDATE time_statistics SET e_time = TRANSACTION_TIMESTAMP() WHERE template = 'query26.tpl' AND stream = 0;
Update on time_statistics  (cost=0.00..28.15 rows=0 width=0) (actual time=0.028..0.028 rows=0 loops=1)
  ->  Seq Scan on time_statistics  (cost=0.00..28.15 rows=1 width=14) (actual time=0.013..0.013 rows=1 loops=1)
        Filter: ((template = 'query26.tpl'::text) AND (stream = 0))
        Rows Removed by Filter: 26
UPDATE 1
LOAD 'auto_explain'; SET auto_explain.log_min_duration TO 0; SET auto_explain.log_analyze TO on; SET auto_explain.log_level TO notice; INSERT INTO time_statistics (template, s_time, stream, query, seed) VALUES ('query27.tpl', TRANSACTION_TIMESTAMP(), 0, 27, 1665865089);
LOAD
SET
SET
SET
psql:/tmp/s1-basline/power/query_0.sql:1511: NOTICE:  duration: 0.009 ms  plan:
Query Text: INSERT INTO time_statistics (template, s_time, stream, query, seed) VALUES ('query27.tpl', TRANSACTION_TIMESTAMP(), 0, 27, 1665865089);
Insert on time_statistics  (cost=0.00..0.01 rows=0 width=0) (actual time=0.009..0.009 rows=0 loops=1)
  ->  Result  (cost=0.00..0.01 rows=1 width=64) (actual time=0.001..0.002 rows=1 loops=1)
INSERT 0 1
select  i_item_id,
        s_state, grouping(s_state) g_state,
        avg(ss_quantity) agg1,
        avg(ss_list_price) agg2,
        avg(ss_coupon_amt) agg3,
        avg(ss_sales_price) agg4
 from store_sales, customer_demographics, date_dim, store, item
 where ss_sold_date_sk = d_date_sk and
       ss_item_sk = i_item_sk and
       ss_store_sk = s_store_sk and
       ss_cdemo_sk = cd_demo_sk and
       cd_gender = 'F' and
       cd_marital_status = 'S' and
       cd_education_status = '2 yr Degree' and
       d_year = 2002 and
       s_state in ('TN','TN', 'TN', 'TN', 'TN', 'TN')
 group by rollup (i_item_id, s_state)
 order by i_item_id
         ,s_state
 limit 100;
psql:/tmp/s1-basline/power/query_0.sql:1531: NOTICE:  duration: 876.790 ms  plan:
Query Text: select  i_item_id,
        s_state, grouping(s_state) g_state,
        avg(ss_quantity) agg1,
        avg(ss_list_price) agg2,
        avg(ss_coupon_amt) agg3,
        avg(ss_sales_price) agg4
 from store_sales, customer_demographics, date_dim, store, item
 where ss_sold_date_sk = d_date_sk and
       ss_item_sk = i_item_sk and
       ss_store_sk = s_store_sk and
       ss_cdemo_sk = cd_demo_sk and
       cd_gender = 'F' and
       cd_marital_status = 'S' and
       cd_education_status = '2 yr Degree' and
       d_year = 2002 and
       s_state in ('TN','TN', 'TN', 'TN', 'TN', 'TN')
 group by rollup (i_item_id, s_state)
 order by i_item_id
         ,s_state
 limit 100;
Limit  (cost=4114.00..43318.22 rows=100 width=80) (actual time=738.768..876.707 rows=100 loops=1)
  ->  GroupAggregate  (cost=4114.00..144073.05 rows=357 width=80) (actual time=738.767..876.699 rows=100 loops=1)
        Group Key: item.i_item_id, store.s_state
        Group Key: item.i_item_id
        Group Key: ()
        ->  Incremental Sort  (cost=4114.00..144062.35 rows=178 width=48) (actual time=738.755..876.596 rows=72 loops=1)
              Sort Key: item.i_item_id, store.s_state
              Presorted Key: item.i_item_id
              Full-sort Groups: 3  Sort Method: quicksort  Average Memory: 27kB  Peak Memory: 27kB
              ->  Nested Loop  (cost=3323.36..144054.34 rows=178 width=48) (actual time=670.749..876.535 rows=99 loops=1)
                    Join Filter: (store_sales.ss_item_sk = item.i_item_sk)
                    Rows Removed by Join Filter: 2037684
                    ->  Index Scan using i_i_item_id on item  (cost=0.29..1714.59 rows=18000 width=25) (actual time=0.008..0.198 rows=273 loops=1)
                    ->  Materialize  (cost=3323.08..94280.20 rows=178 width=39) (actual time=0.030..2.717 rows=7464 loops=273)
                          ->  Nested Loop  (cost=3323.08..94279.31 rows=178 width=39) (actual time=8.311..666.849 rows=7481 loops=1)
                                Join Filter: (store_sales.ss_store_sk = store.s_store_sk)
                                Rows Removed by Join Filter: 33121
                                ->  Gather  (cost=3323.08..94246.69 rows=187 width=44) (actual time=8.300..661.715 rows=7578 loops=1)
                                      Workers Planned: 2
                                      Workers Launched: 2
                                      ->  Nested Loop  (cost=2323.08..93227.99 rows=78 width=44) (actual time=19.245..661.993 rows=2526 loops=3)
                                            ->  Hash Join  (cost=2322.65..90594.07 rows=5693 width=52) (actual time=14.431..285.096 rows=182421 loops=3)
                                                  Hash Cond: (store_sales.ss_sold_date_sk = date_dim.d_date_sk)
                                                  ->  Parallel Seq Scan on store_sales  (cost=0.00..85123.48 rows=1199148 width=60) (actual time=0.015..121.975 rows=959309 loops=3)
                                                  ->  Hash  (cost=2318.11..2318.11 rows=363 width=8) (actual time=14.315..14.315 rows=365 loops=3)
                                                        Buckets: 1024  Batches: 1  Memory Usage: 23kB
                                                        ->  Seq Scan on date_dim  (cost=0.00..2318.11 rows=363 width=8) (actual time=7.350..14.266 rows=365 loops=3)
                                                              Filter: (d_year = 2002)
                                                              Rows Removed by Filter: 72684
                                            ->  Index Scan using pk_customer_demographics on customer_demographics  (cost=0.43..0.46 rows=1 width=8) (actual time=0.002..0.002 rows=0 loops=547263)
                                                  Index Cond: (cd_demo_sk = store_sales.ss_cdemo_sk)
                                                  Filter: ((cd_gender = 'F'::bpchar) AND (cd_marital_status = 'S'::bpchar) AND (cd_education_status = '2 yr Degree'::bpchar))
                                                  Rows Removed by Filter: 1
                                ->  Materialize  (cost=0.00..1.27 rows=12 width=11) (actual time=0.000..0.000 rows=5 loops=7578)
                                      ->  Seq Scan on store  (cost=0.00..1.21 rows=12 width=11) (actual time=0.005..0.010 rows=12 loops=1)
                                            Filter: (s_state = ANY ('{TN,TN,TN,TN,TN,TN}'::bpchar[]))
    i_item_id     | s_state | g_state |        agg1         |        agg2        |       agg3        |        agg4        
------------------+---------+---------+---------------------+--------------------+-------------------+--------------------
 AAAAAAAAAAABAAAA | TN      |       0 |  4.0000000000000000 |              57.96 |                 0 |              31.87
 AAAAAAAAAAABAAAA |         |       1 |  4.0000000000000000 |              57.96 |                 0 |              31.87
 AAAAAAAAAAACAAAA | TN      |       0 | 77.0000000000000000 |              73.06 |           2061.85 |              34.33
 AAAAAAAAAAACAAAA |         |       1 | 77.0000000000000000 |              73.06 |           2061.85 |              34.33
 AAAAAAAAAABBAAAA | TN      |       0 |  5.5000000000000000 |              54.19 |               0.7 |              46.41
 AAAAAAAAAABBAAAA |         |       1 |  5.5000000000000000 |              54.19 |               0.7 |              46.41
 AAAAAAAAAACAAAAA | TN      |       0 | 22.0000000000000000 |              13.18 |             45.81 |              12.25
 AAAAAAAAAACAAAAA |         |       1 | 22.0000000000000000 |              13.18 |             45.81 |              12.25
 AAAAAAAAAACCAAAA | TN      |       0 | 58.3333333333333333 |  84.53666666666668 |                 0 |  33.32666666666666
 AAAAAAAAAACCAAAA |         |       1 | 58.3333333333333333 |  84.53666666666668 |                 0 |  33.32666666666666
 AAAAAAAAAACDAAAA | TN      |       0 | 88.0000000000000000 |               1.98 |                 0 |               1.64
 AAAAAAAAAACDAAAA |         |       1 | 88.0000000000000000 |               1.98 |                 0 |               1.64
 AAAAAAAAAADEAAAA | TN      |       0 | 31.0000000000000000 |              74.39 |            547.37 | 40.879999999999995
 AAAAAAAAAADEAAAA |         |       1 | 31.0000000000000000 |              74.39 |            547.37 | 40.879999999999995
 AAAAAAAAAAEAAAAA | TN      |       0 | 31.0000000000000000 |  68.94500000000001 |                 0 | 21.424999999999997
 AAAAAAAAAAEAAAAA |         |       1 | 31.0000000000000000 |  68.94500000000001 |                 0 | 21.424999999999997
 AAAAAAAAAAEDAAAA | TN      |       0 | 64.0000000000000000 |              27.28 |                 0 |               3.81
 AAAAAAAAAAEDAAAA |         |       1 | 64.0000000000000000 |              27.28 |                 0 |               3.81
 AAAAAAAAAAEEAAAA | TN      |       0 | 62.6666666666666667 |              81.79 |                 0 | 23.070000000000004
 AAAAAAAAAAEEAAAA |         |       1 | 62.6666666666666667 |              81.79 |                 0 | 23.070000000000004
 AAAAAAAAAAFAAAAA | TN      |       0 | 52.0000000000000000 |              96.19 |           1836.51 |              69.25
 AAAAAAAAAAFAAAAA |         |       1 | 52.0000000000000000 |              96.19 |           1836.51 |              69.25
 AAAAAAAAAAFCAAAA | TN      |       0 | 78.0000000000000000 |             113.91 |                 0 |              28.47
 AAAAAAAAAAFCAAAA |         |       1 | 78.0000000000000000 |             113.91 |                 0 |              28.47
 AAAAAAAAAAFDAAAA | TN      |       0 | 56.0000000000000000 |              58.24 |           1017.45 |              34.94
 AAAAAAAAAAFDAAAA |         |       1 | 56.0000000000000000 |              58.24 |           1017.45 |              34.94
 AAAAAAAAAAGBAAAA | TN      |       0 | 34.0000000000000000 |              39.07 |                 0 |                 25
 AAAAAAAAAAGBAAAA |         |       1 | 34.0000000000000000 |              39.07 |                 0 |                 25
 AAAAAAAAAAGCAAAA | TN      |       0 | 70.0000000000000000 |             104.87 |                 0 |              72.36
 AAAAAAAAAAGCAAAA |         |       1 | 70.0000000000000000 |             104.87 |                 0 |              72.36
 AAAAAAAAAAGEAAAA | TN      |       0 | 22.0000000000000000 |              84.66 |                 0 |               49.1
 AAAAAAAAAAGEAAAA |         |       1 | 22.0000000000000000 |              84.66 |                 0 |               49.1
 AAAAAAAAAAHAAAAA | TN      |       0 | 15.0000000000000000 |             108.85 |                 0 |              13.06
 AAAAAAAAAAHAAAAA |         |       1 | 15.0000000000000000 |             108.85 |                 0 |              13.06
 AAAAAAAAAAHDAAAA | TN      |       0 | 37.0000000000000000 |  89.78999999999999 |                 0 |              17.66
 AAAAAAAAAAHDAAAA |         |       1 | 37.0000000000000000 |  89.78999999999999 |                 0 |              17.66
 AAAAAAAAAAIAAAAA | TN      |       0 | 74.0000000000000000 |              18.76 |                 0 |              17.44
 AAAAAAAAAAIAAAAA |         |       1 | 74.0000000000000000 |              18.76 |                 0 |              17.44
 AAAAAAAAAAICAAAA | TN      |       0 | 44.5000000000000000 | 121.24000000000001 |                 0 |  62.82000000000001
 AAAAAAAAAAICAAAA |         |       1 | 44.5000000000000000 | 121.24000000000001 |                 0 |  62.82000000000001
 AAAAAAAAAAIDAAAA | TN      |       0 | 70.0000000000000000 |                101 |                 0 |               90.9
 AAAAAAAAAAIDAAAA |         |       1 | 70.0000000000000000 |                101 |                 0 |               90.9
 AAAAAAAAAAJBAAAA | TN      |       0 | 98.0000000000000000 |              31.69 |                 0 |              15.52
 AAAAAAAAAAJBAAAA |         |       1 | 98.0000000000000000 |              31.69 |                 0 |              15.52
 AAAAAAAAAAKBAAAA | TN      |       0 | 99.0000000000000000 |              21.32 |                 0 |               8.95
 AAAAAAAAAAKBAAAA |         |       1 | 99.0000000000000000 |              21.32 |                 0 |               8.95
 AAAAAAAAAALDAAAA | TN      |       0 | 86.0000000000000000 |              14.17 |                 0 |               4.67
 AAAAAAAAAALDAAAA |         |       1 | 86.0000000000000000 |              14.17 |                 0 |               4.67
 AAAAAAAAAANBAAAA | TN      |       0 | 44.0000000000000000 |                 54 |                 0 |              29.16
 AAAAAAAAAANBAAAA |         |       1 | 44.0000000000000000 |                 54 |                 0 |              29.16
 AAAAAAAAAAOAAAAA | TN      |       0 | 16.0000000000000000 |              95.64 |                 0 |               67.9
 AAAAAAAAAAOAAAAA |         |       1 | 16.0000000000000000 |              95.64 |                 0 |               67.9
 AAAAAAAAAAOCAAAA | TN      |       0 | 61.0000000000000000 |               65.9 |                 0 |              40.19
 AAAAAAAAAAOCAAAA |         |       1 | 61.0000000000000000 |               65.9 |                 0 |              40.19
 AAAAAAAAAAPBAAAA | TN      |       0 | 98.0000000000000000 |              28.48 |                 0 |               5.69
 AAAAAAAAAAPBAAAA |         |       1 | 98.0000000000000000 |              28.48 |                 0 |               5.69
 AAAAAAAAAAPCAAAA | TN      |       0 | 48.0000000000000000 |              17.95 |                 0 |               1.25
 AAAAAAAAAAPCAAAA |         |       1 | 48.0000000000000000 |              17.95 |                 0 |               1.25
 AAAAAAAAABAAAAAA | TN      |       0 | 61.0000000000000000 |             114.37 |            954.38 |              86.92
 AAAAAAAAABAAAAAA |         |       1 | 61.0000000000000000 |             114.37 |            954.38 |              86.92
 AAAAAAAAABADAAAA | TN      |       0 | 33.5000000000000000 |             45.775 |                 0 |              34.32
 AAAAAAAAABADAAAA |         |       1 | 33.5000000000000000 |             45.775 |                 0 |              34.32
 AAAAAAAAABAEAAAA | TN      |       0 | 26.5000000000000000 |              42.67 |             1.165 |               7.68
 AAAAAAAAABAEAAAA |         |       1 | 26.5000000000000000 |              42.67 |             1.165 |               7.68
 AAAAAAAAABBAAAAA | TN      |       0 | 16.5000000000000000 |             141.26 |            560.32 |             72.705
 AAAAAAAAABBAAAAA |         |       1 | 16.5000000000000000 |             141.26 |            560.32 |             72.705
 AAAAAAAAABBCAAAA | TN      |       0 |  4.0000000000000000 |             141.74 |                 0 |              15.59
 AAAAAAAAABBCAAAA |         |       1 |  4.0000000000000000 |             141.74 |                 0 |              15.59
 AAAAAAAAABBDAAAA | TN      |       0 |                     |              61.47 |                 0 |                   
 AAAAAAAAABBDAAAA |         |       1 |                     |              61.47 |                 0 |                   
 AAAAAAAAABCCAAAA | TN      |       0 | 25.0000000000000000 |  64.47999999999999 |                 0 |              54.62
 AAAAAAAAABCCAAAA |         |       1 | 25.0000000000000000 |  64.47999999999999 |                 0 |              54.62
 AAAAAAAAABDAAAAA | TN      |       0 | 20.5000000000000000 |            111.745 |           161.185 |  84.67500000000001
 AAAAAAAAABDAAAAA |         |       1 | 20.5000000000000000 |            111.745 |           161.185 |  84.67500000000001
 AAAAAAAAABDDAAAA | TN      |       0 | 29.0000000000000000 | 59.026666666666664 | 93.18333333333334 |  26.78333333333333
 AAAAAAAAABDDAAAA |         |       1 | 29.0000000000000000 | 59.026666666666664 | 93.18333333333334 |  26.78333333333333
 AAAAAAAAABDEAAAA | TN      |       0 | 51.0000000000000000 |              65.81 |             234.9 |              16.45
 AAAAAAAAABDEAAAA |         |       1 | 51.0000000000000000 |              65.81 |             234.9 |              16.45
 AAAAAAAAABFBAAAA | TN      |       0 | 75.5000000000000000 |            144.585 | 5557.235000000001 |             75.315
 AAAAAAAAABFBAAAA |         |       1 | 75.5000000000000000 |            144.585 | 5557.235000000001 |             75.315
 AAAAAAAAABFCAAAA | TN      |       0 | 66.0000000000000000 |             114.03 |           1143.91 |              43.33
 AAAAAAAAABFCAAAA |         |       1 | 66.0000000000000000 |             114.03 |           1143.91 |              43.33
 AAAAAAAAABFEAAAA | TN      |       0 | 76.0000000000000000 |              32.25 |             2.985 |               2.26
 AAAAAAAAABFEAAAA |         |       1 | 76.0000000000000000 |              32.25 |             2.985 |               2.26
 AAAAAAAAABGBAAAA | TN      |       0 | 83.0000000000000000 |              103.7 |                 0 |              54.96
 AAAAAAAAABGBAAAA |         |       1 | 83.0000000000000000 |              103.7 |                 0 |              54.96
 AAAAAAAAABGDAAAA | TN      |       0 | 72.0000000000000000 |               2.51 |                 0 |               0.92
 AAAAAAAAABGDAAAA |         |       1 | 72.0000000000000000 |               2.51 |                 0 |               0.92
 AAAAAAAAABGEAAAA | TN      |       0 | 42.3333333333333333 | 117.28666666666668 |                 0 |  51.78333333333333
 AAAAAAAAABGEAAAA |         |       1 | 42.3333333333333333 | 117.28666666666668 |                 0 |  51.78333333333333
 AAAAAAAAABHAAAAA | TN      |       0 |  6.0000000000000000 |             113.64 |                 0 |              18.18
 AAAAAAAAABHAAAAA |         |       1 |  6.0000000000000000 |             113.64 |                 0 |              18.18
 AAAAAAAAABICAAAA | TN      |       0 | 10.5000000000000000 |            111.055 |                 0 |             64.465
 AAAAAAAAABICAAAA |         |       1 | 10.5000000000000000 |            111.055 |                 0 |             64.465
 AAAAAAAAABJBAAAA | TN      |       0 |  6.0000000000000000 |              18.57 |                 0 |               7.61
 AAAAAAAAABJBAAAA |         |       1 |  6.0000000000000000 |              18.57 |                 0 |               7.61
 AAAAAAAAABKAAAAA | TN      |       0 | 16.0000000000000000 |               76.3 |                 0 |              16.02
 AAAAAAAAABKAAAAA |         |       1 | 16.0000000000000000 |               76.3 |                 0 |              16.02
 AAAAAAAAABKCAAAA | TN      |       0 | 55.0000000000000000 |              89.66 |                 0 |               8.96
 AAAAAAAAABKCAAAA |         |       1 | 55.0000000000000000 |              89.66 |                 0 |               8.96
(100 rows)

UPDATE time_statistics SET e_time = TRANSACTION_TIMESTAMP() WHERE template = 'query27.tpl' AND stream = 0;
psql:/tmp/s1-basline/power/query_0.sql:1533: NOTICE:  duration: 0.024 ms  plan:
Query Text: UPDATE time_statistics SET e_time = TRANSACTION_TIMESTAMP() WHERE template = 'query27.tpl' AND stream = 0;
Update on time_statistics  (cost=0.00..1.42 rows=0 width=0) (actual time=0.023..0.023 rows=0 loops=1)
  ->  Seq Scan on time_statistics  (cost=0.00..1.42 rows=1 width=14) (actual time=0.010..0.010 rows=1 loops=1)
        Filter: ((template = 'query27.tpl'::text) AND (stream = 0))
        Rows Removed by Filter: 27
UPDATE 1
LOAD 'auto_explain'; SET auto_explain.log_min_duration TO 0; SET auto_explain.log_analyze TO on; SET auto_explain.log_level TO notice; INSERT INTO time_statistics (template, s_time, stream, query, seed) VALUES ('query28.tpl', TRANSACTION_TIMESTAMP(), 0, 28, 583618531);
LOAD
SET
SET
SET
psql:/tmp/s1-basline/power/query_0.sql:1534: NOTICE:  duration: 0.019 ms  plan:
Query Text: INSERT INTO time_statistics (template, s_time, stream, query, seed) VALUES ('query28.tpl', TRANSACTION_TIMESTAMP(), 0, 28, 583618531);
Insert on time_statistics  (cost=0.00..0.01 rows=0 width=0) (actual time=0.018..0.018 rows=0 loops=1)
  ->  Result  (cost=0.00..0.01 rows=1 width=64) (actual time=0.001..0.001 rows=1 loops=1)
INSERT 0 1
select  *
from (select avg(ss_list_price) B1_LP
            ,count(ss_list_price) B1_CNT
            ,count(distinct ss_list_price) B1_CNTD
      from store_sales
      where ss_quantity between 0 and 5
        and (ss_list_price between 25 and 25+10 
             or ss_coupon_amt between 10916 and 10916+1000
             or ss_wholesale_cost between 78 and 78+20)) B1,
     (select avg(ss_list_price) B2_LP
            ,count(ss_list_price) B2_CNT
            ,count(distinct ss_list_price) B2_CNTD
      from store_sales
      where ss_quantity between 6 and 10
        and (ss_list_price between 68 and 68+10
          or ss_coupon_amt between 4127 and 4127+1000
          or ss_wholesale_cost between 16 and 16+20)) B2,
     (select avg(ss_list_price) B3_LP
            ,count(ss_list_price) B3_CNT
            ,count(distinct ss_list_price) B3_CNTD
      from store_sales
      where ss_quantity between 11 and 15
        and (ss_list_price between 5 and 5+10
          or ss_coupon_amt between 9063 and 9063+1000
          or ss_wholesale_cost between 20 and 20+20)) B3,
     (select avg(ss_list_price) B4_LP
            ,count(ss_list_price) B4_CNT
            ,count(distinct ss_list_price) B4_CNTD
      from store_sales
      where ss_quantity between 16 and 20
        and (ss_list_price between 69 and 69+10
          or ss_coupon_amt between 8384 and 8384+1000
          or ss_wholesale_cost between 8 and 8+20)) B4,
     (select avg(ss_list_price) B5_LP
            ,count(ss_list_price) B5_CNT
            ,count(distinct ss_list_price) B5_CNTD
      from store_sales
      where ss_quantity between 21 and 25
        and (ss_list_price between 162 and 162+10
          or ss_coupon_amt between 9361 and 9361+1000
          or ss_wholesale_cost between 19 and 19+20)) B5,
     (select avg(ss_list_price) B6_LP
            ,count(ss_list_price) B6_CNT
            ,count(distinct ss_list_price) B6_CNTD
      from store_sales
      where ss_quantity between 26 and 30
        and (ss_list_price between 82 and 82+10
          or ss_coupon_amt between 10647 and 10647+1000
          or ss_wholesale_cost between 14 and 14+20)) B6
limit 100;
psql:/tmp/s1-basline/power/query_0.sql:1584: NOTICE:  duration: 1594.527 ms  plan:
Query Text: select  *
from (select avg(ss_list_price) B1_LP
            ,count(ss_list_price) B1_CNT
            ,count(distinct ss_list_price) B1_CNTD
      from store_sales
      where ss_quantity between 0 and 5
        and (ss_list_price between 25 and 25+10 
             or ss_coupon_amt between 10916 and 10916+1000
             or ss_wholesale_cost between 78 and 78+20)) B1,
     (select avg(ss_list_price) B2_LP
            ,count(ss_list_price) B2_CNT
            ,count(distinct ss_list_price) B2_CNTD
      from store_sales
      where ss_quantity between 6 and 10
        and (ss_list_price between 68 and 68+10
          or ss_coupon_amt between 4127 and 4127+1000
          or ss_wholesale_cost between 16 and 16+20)) B2,
     (select avg(ss_list_price) B3_LP
            ,count(ss_list_price) B3_CNT
            ,count(distinct ss_list_price) B3_CNTD
      from store_sales
      where ss_quantity between 11 and 15
        and (ss_list_price between 5 and 5+10
          or ss_coupon_amt between 9063 and 9063+1000
          or ss_wholesale_cost between 20 and 20+20)) B3,
     (select avg(ss_list_price) B4_LP
            ,count(ss_list_price) B4_CNT
            ,count(distinct ss_list_price) B4_CNTD
      from store_sales
      where ss_quantity between 16 and 20
        and (ss_list_price between 69 and 69+10
          or ss_coupon_amt between 8384 and 8384+1000
          or ss_wholesale_cost between 8 and 8+20)) B4,
     (select avg(ss_list_price) B5_LP
            ,count(ss_list_price) B5_CNT
            ,count(distinct ss_list_price) B5_CNTD
      from store_sales
      where ss_quantity between 21 and 25
        and (ss_list_price between 162 and 162+10
          or ss_coupon_amt between 9361 and 9361+1000
          or ss_wholesale_cost between 19 and 19+20)) B5,
     (select avg(ss_list_price) B6_LP
            ,count(ss_list_price) B6_CNT
            ,count(distinct ss_list_price) B6_CNTD
      from store_sales
      where ss_quantity between 26 and 30
        and (ss_list_price between 82 and 82+10
          or ss_coupon_amt between 10647 and 10647+1000
          or ss_wholesale_cost between 14 and 14+20)) B6
limit 100;
Limit  (cost=682114.20..682114.37 rows=1 width=144) (actual time=1526.301..1594.515 rows=1 loops=1)
  ->  Nested Loop  (cost=682114.20..682114.37 rows=1 width=144) (actual time=1526.301..1594.513 rows=1 loops=1)
        ->  Nested Loop  (cost=568291.05..568291.19 rows=1 width=120) (actual time=1271.710..1272.105 rows=1 loops=1)
              ->  Nested Loop  (cost=455088.27..455088.38 rows=1 width=96) (actual time=1019.297..1019.623 rows=1 loops=1)
                    ->  Nested Loop  (cost=341233.19..341233.27 rows=1 width=72) (actual time=764.029..764.290 rows=1 loops=1)
                          ->  Nested Loop  (cost=227464.85..227464.90 rows=1 width=48) (actual time=510.361..510.558 rows=1 loops=1)
                                ->  Aggregate  (cost=113638.04..113638.05 rows=1 width=24) (actual time=254.427..254.553 rows=1 loops=1)
                                      ->  Gather  (cost=1000.00..113391.65 rows=32852 width=8) (actual time=0.232..245.400 rows=36690 loops=1)
                                            Workers Planned: 2
                                            Workers Launched: 2
                                            ->  Parallel Seq Scan on store_sales  (cost=0.00..109106.45 rows=13688 width=8) (actual time=0.023..241.848 rows=12230 loops=3)
                                                  Filter: ((ss_quantity >= 0) AND (ss_quantity <= 5) AND (((ss_list_price >= '25'::double precision) AND (ss_list_price <= '35'::double precision)) OR ((ss_coupon_amt >= '10916'::double precision) AND (ss_coupon_amt <= '11916'::double precision)) OR ((ss_wholesale_cost >= '78'::double precision) AND (ss_wholesale_cost <= '98'::double precision))))
                                                  Rows Removed by Filter: 947079
                                ->  Aggregate  (cost=113826.81..113826.82 rows=1 width=24) (actual time=255.930..255.999 rows=1 loops=1)
                                      ->  Gather  (cost=1000.00..113567.25 rows=34608 width=8) (actual time=0.298..247.483 rows=36304 loops=1)
                                            Workers Planned: 2
                                            Workers Launched: 2
                                            ->  Parallel Seq Scan on store_sales store_sales_1  (cost=0.00..109106.45 rows=14420 width=8) (actual time=0.052..244.012 rows=12101 loops=3)
                                                  Filter: ((ss_quantity >= 6) AND (ss_quantity <= 10) AND (((ss_list_price >= '68'::double precision) AND (ss_list_price <= '78'::double precision)) OR ((ss_coupon_amt >= '4127'::double precision) AND (ss_coupon_amt <= '5127'::double precision)) OR ((ss_wholesale_cost >= '16'::double precision) AND (ss_wholesale_cost <= '36'::double precision))))
                                                  Rows Removed by Filter: 947208
                          ->  Aggregate  (cost=113768.33..113768.34 rows=1 width=24) (actual time=253.664..253.728 rows=1 loops=1)
                                ->  Gather  (cost=1000.00..113512.85 rows=34064 width=8) (actual time=0.296..245.291 rows=36279 loops=1)
                                      Workers Planned: 2
                                      Workers Launched: 2
                                      ->  Parallel Seq Scan on store_sales store_sales_2  (cost=0.00..109106.45 rows=14193 width=8) (actual time=0.027..241.916 rows=12093 loops=3)
                                            Filter: ((ss_quantity >= 11) AND (ss_quantity <= 15) AND (((ss_list_price >= '5'::double precision) AND (ss_list_price <= '15'::double precision)) OR ((ss_coupon_amt >= '9063'::double precision) AND (ss_coupon_amt <= '10063'::double precision)) OR ((ss_wholesale_cost >= '20'::double precision) AND (ss_wholesale_cost <= '40'::double precision))))
                                            Rows Removed by Filter: 947216
                    ->  Aggregate  (cost=113855.09..113855.10 rows=1 width=24) (actual time=255.264..255.329 rows=1 loops=1)
                          ->  Gather  (cost=1000.00..113593.55 rows=34871 width=8) (actual time=0.306..246.732 rows=36734 loops=1)
                                Workers Planned: 2
                                Workers Launched: 2
                                ->  Parallel Seq Scan on store_sales store_sales_3  (cost=0.00..109106.45 rows=14530 width=8) (actual time=0.067..243.226 rows=12245 loops=3)
                                      Filter: ((ss_quantity >= 16) AND (ss_quantity <= 20) AND (((ss_list_price >= '69'::double precision) AND (ss_list_price <= '79'::double precision)) OR ((ss_coupon_amt >= '8384'::double precision) AND (ss_coupon_amt <= '9384'::double precision)) OR ((ss_wholesale_cost >= '8'::double precision) AND (ss_wholesale_cost <= '28'::double precision))))
                                      Rows Removed by Filter: 947065
              ->  Aggregate  (cost=113202.78..113202.79 rows=1 width=24) (actual time=252.410..252.477 rows=1 loops=1)
                    ->  Gather  (cost=1000.00..112986.75 rows=28803 width=8) (actual time=0.337..245.449 rows=29811 loops=1)
                          Workers Planned: 2
                          Workers Launched: 2
                          ->  Parallel Seq Scan on store_sales store_sales_4  (cost=0.00..109106.45 rows=12001 width=8) (actual time=0.060..241.633 rows=9937 loops=3)
                                Filter: ((ss_quantity >= 21) AND (ss_quantity <= 25) AND (((ss_list_price >= '162'::double precision) AND (ss_list_price <= '172'::double precision)) OR ((ss_coupon_amt >= '9361'::double precision) AND (ss_coupon_amt <= '10361'::double precision)) OR ((ss_wholesale_cost >= '19'::double precision) AND (ss_wholesale_cost <= '39'::double precision))))
                                Rows Removed by Filter: 949372
        ->  Aggregate  (cost=113823.16..113823.17 rows=1 width=24) (actual time=254.587..322.403 rows=1 loops=1)
              ->  Gather  (cost=1000.00..113563.85 rows=34574 width=8) (actual time=0.310..313.871 rows=36510 loops=1)
                    Workers Planned: 2
                    Workers Launched: 2
                    ->  Parallel Seq Scan on store_sales store_sales_5  (cost=0.00..109106.45 rows=14406 width=8) (actual time=0.033..242.626 rows=12170 loops=3)
                          Filter: ((ss_quantity >= 26) AND (ss_quantity <= 30) AND (((ss_list_price >= '82'::double precision) AND (ss_list_price <= '92'::double precision)) OR ((ss_coupon_amt >= '10647'::double precision) AND (ss_coupon_amt <= '11647'::double precision)) OR ((ss_wholesale_cost >= '14'::double precision) AND (ss_wholesale_cost <= '34'::double precision))))
                          Rows Removed by Filter: 947139
       b1_lp        | b1_cnt | b1_cntd |      b2_lp      | b2_cnt | b2_cntd |      b3_lp      | b3_cnt | b3_cntd |       b4_lp       | b4_cnt | b4_cntd |       b5_lp        | b5_cnt | b5_cntd |       b6_lp       | b6_cnt | b6_cntd 
--------------------+--------+---------+-----------------+--------+---------+-----------------+--------+---------+-------------------+--------+---------+--------------------+--------+---------+-------------------+--------+---------
 105.99629275266648 |  36372 |   10666 | 47.715271772356 |  35986 |    5861 | 35.897828854117 |  35981 |    6269 | 39.02991999120177 |  36371 |    5330 | 53.713734751965156 |  29512 |    6160 | 49.34365317120333 |  36185 |    5826
(1 row)

UPDATE time_statistics SET e_time = TRANSACTION_TIMESTAMP() WHERE template = 'query28.tpl' AND stream = 0;
psql:/tmp/s1-basline/power/query_0.sql:1586: NOTICE:  duration: 0.029 ms  plan:
Query Text: UPDATE time_statistics SET e_time = TRANSACTION_TIMESTAMP() WHERE template = 'query28.tpl' AND stream = 0;
Update on time_statistics  (cost=0.00..1.42 rows=0 width=0) (actual time=0.028..0.029 rows=0 loops=1)
  ->  Seq Scan on time_statistics  (cost=0.00..1.42 rows=1 width=14) (actual time=0.014..0.015 rows=1 loops=1)
        Filter: ((template = 'query28.tpl'::text) AND (stream = 0))
        Rows Removed by Filter: 28
UPDATE 1
LOAD 'auto_explain'; SET auto_explain.log_min_duration TO 0; SET auto_explain.log_analyze TO on; SET auto_explain.log_level TO notice; INSERT INTO time_statistics (template, s_time, stream, query, seed) VALUES ('query29.tpl', TRANSACTION_TIMESTAMP(), 0, 29, 333390367);
LOAD
SET
SET
SET
psql:/tmp/s1-basline/power/query_0.sql:1587: NOTICE:  duration: 0.009 ms  plan:
Query Text: INSERT INTO time_statistics (template, s_time, stream, query, seed) VALUES ('query29.tpl', TRANSACTION_TIMESTAMP(), 0, 29, 333390367);
Insert on time_statistics  (cost=0.00..0.01 rows=0 width=0) (actual time=0.009..0.009 rows=0 loops=1)
  ->  Result  (cost=0.00..0.01 rows=1 width=64) (actual time=0.001..0.002 rows=1 loops=1)
INSERT 0 1
select   
     i_item_id
    ,i_item_desc
    ,s_store_id
    ,s_store_name
    ,avg(ss_quantity)        as store_sales_quantity
    ,avg(sr_return_quantity) as store_returns_quantity
    ,avg(cs_quantity)        as catalog_sales_quantity
 from
    store_sales
   ,store_returns
   ,catalog_sales
   ,date_dim             d1
   ,date_dim             d2
   ,date_dim             d3
   ,store
   ,item
 where
     d1.d_moy               = 4 
 and d1.d_year              = 1999
 and d1.d_date_sk           = ss_sold_date_sk
 and i_item_sk              = ss_item_sk
 and s_store_sk             = ss_store_sk
 and ss_customer_sk         = sr_customer_sk
 and ss_item_sk             = sr_item_sk
 and ss_ticket_number       = sr_ticket_number
 and sr_returned_date_sk    = d2.d_date_sk
 and d2.d_moy               between 4 and  4 + 3 
 and d2.d_year              = 1999
 and sr_customer_sk         = cs_bill_customer_sk
 and sr_item_sk             = cs_item_sk
 and cs_sold_date_sk        = d3.d_date_sk     
 and d3.d_year              in (1999,1999+1,1999+2)
 group by
    i_item_id
   ,i_item_desc
   ,s_store_id
   ,s_store_name
 order by
    i_item_id 
   ,i_item_desc
   ,s_store_id
   ,s_store_name
 limit 100;
psql:/tmp/s1-basline/power/query_0.sql:1631: NOTICE:  duration: 1070.537 ms  plan:
Query Text: select   
     i_item_id
    ,i_item_desc
    ,s_store_id
    ,s_store_name
    ,avg(ss_quantity)        as store_sales_quantity
    ,avg(sr_return_quantity) as store_returns_quantity
    ,avg(cs_quantity)        as catalog_sales_quantity
 from
    store_sales
   ,store_returns
   ,catalog_sales
   ,date_dim             d1
   ,date_dim             d2
   ,date_dim             d3
   ,store
   ,item
 where
     d1.d_moy               = 4 
 and d1.d_year              = 1999
 and d1.d_date_sk           = ss_sold_date_sk
 and i_item_sk              = ss_item_sk
 and s_store_sk             = ss_store_sk
 and ss_customer_sk         = sr_customer_sk
 and ss_item_sk             = sr_item_sk
 and ss_ticket_number       = sr_ticket_number
 and sr_returned_date_sk    = d2.d_date_sk
 and d2.d_moy               between 4 and  4 + 3 
 and d2.d_year              = 1999
 and sr_customer_sk         = cs_bill_customer_sk
 and sr_item_sk             = cs_item_sk
 and cs_sold_date_sk        = d3.d_date_sk     
 and d3.d_year              in (1999,1999+1,1999+2)
 group by
    i_item_id
   ,i_item_desc
   ,s_store_id
   ,s_store_name
 order by
    i_item_id 
   ,i_item_desc
   ,s_store_id
   ,s_store_name
 limit 100;
Limit  (cost=10845.06..10845.10 rows=1 width=237) (actual time=1070.522..1070.527 rows=1 loops=1)
  ->  GroupAggregate  (cost=10845.06..10845.10 rows=1 width=237) (actual time=1070.521..1070.525 rows=1 loops=1)
        Group Key: item.i_item_id, item.i_item_desc, store.s_store_id, store.s_store_name
        ->  Sort  (cost=10845.06..10845.07 rows=1 width=153) (actual time=1070.509..1070.513 rows=1 loops=1)
              Sort Key: item.i_item_id, item.i_item_desc, store.s_store_id, store.s_store_name
              Sort Method: quicksort  Memory: 25kB
              ->  Nested Loop  (cost=2.15..10845.05 rows=1 width=153) (actual time=376.288..1070.502 rows=1 loops=1)
                    ->  Nested Loop  (cost=1.86..10844.75 rows=1 width=58) (actual time=376.281..1070.494 rows=1 loops=1)
                          Join Filter: (store_sales.ss_store_sk = store.s_store_sk)
                          ->  Nested Loop  (cost=1.86..10843.48 rows=1 width=44) (actual time=376.273..1070.485 rows=1 loops=1)
                                ->  Nested Loop  (cost=1.57..10843.16 rows=1 width=52) (actual time=376.263..1070.474 rows=1 loops=1)
                                      ->  Nested Loop  (cost=1.28..10842.84 rows=1 width=60) (actual time=210.575..1070.400 rows=11 loops=1)
                                            ->  Nested Loop  (cost=0.85..10840.62 rows=1 width=56) (actual time=4.651..92.739 rows=11507 loops=1)
                                                  ->  Nested Loop  (cost=0.42..10482.16 rows=459 width=28) (actual time=4.642..27.203 rows=15642 loops=1)
                                                        ->  Seq Scan on date_dim d2  (cost=0.00..2683.36 rows=121 width=8) (actual time=4.620..9.628 rows=122 loops=1)
                                                              Filter: ((d_moy >= 4) AND (d_moy <= 7) AND (d_year = 1999))
                                                              Rows Removed by Filter: 72927
                                                        ->  Index Scan using i_sr_returned_date_sk on store_returns  (cost=0.42..63.05 rows=140 width=36) (actual time=0.004..0.120 rows=128 loops=122)
                                                              Index Cond: (sr_returned_date_sk = d2.d_date_sk)
                                                  ->  Index Scan using pk_store_sales on store_sales  (cost=0.43..0.77 rows=1 width=44) (actual time=0.004..0.004 rows=1 loops=15642)
                                                        Index Cond: ((ss_item_sk = store_returns.sr_item_sk) AND (ss_ticket_number = store_returns.sr_ticket_number))
                                                        Filter: (store_returns.sr_customer_sk = ss_customer_sk)
                                                        Rows Removed by Filter: 0
                                            ->  Index Scan using pk_catalog_sales on catalog_sales  (cost=0.43..2.21 rows=1 width=28) (actual time=0.085..0.085 rows=0 loops=11507)
                                                  Index Cond: (cs_item_sk = store_sales.ss_item_sk)
                                                  Filter: (store_sales.ss_customer_sk = cs_bill_customer_sk)
                                                  Rows Removed by Filter: 107
                                      ->  Index Scan using pk_date_dim on date_dim d1  (cost=0.29..0.32 rows=1 width=8) (actual time=0.005..0.005 rows=0 loops=11)
                                            Index Cond: (d_date_sk = store_sales.ss_sold_date_sk)
                                            Filter: ((d_moy = 4) AND (d_year = 1999))
                                            Rows Removed by Filter: 1
                                ->  Index Scan using pk_date_dim on date_dim d3  (cost=0.29..0.31 rows=1 width=8) (actual time=0.008..0.008 rows=1 loops=1)
                                      Index Cond: (d_date_sk = catalog_sales.cs_sold_date_sk)
                                      Filter: (d_year = ANY ('{1999,2000,2001}'::integer[]))
                          ->  Seq Scan on store  (cost=0.00..1.12 rows=12 width=30) (actual time=0.006..0.006 rows=1 loops=1)
                    ->  Index Scan using pk_item on item  (cost=0.29..0.31 rows=1 width=127) (actual time=0.005..0.005 rows=1 loops=1)
                          Index Cond: (i_item_sk = store_sales.ss_item_sk)
    i_item_id     |                                                                                 i_item_desc                                                                                 |    s_store_id    | s_store_name | store_sales_quantity | store_returns_quantity | catalog_sales_quantity 
------------------+-----------------------------------------------------------------------------------------------------------------------------------------------------------------------------+------------------+--------------+----------------------+------------------------+------------------------
 AAAAAAAAONFDAAAA | Recent times may leave then. Circumstances would not go below. Just conditions find for example suspicious companies. Respondents break then ancient songs. Good rates may  | AAAAAAAABAAAAAAA | ought        |  92.0000000000000000 |    39.0000000000000000 |    49.0000000000000000
(1 row)

UPDATE time_statistics SET e_time = TRANSACTION_TIMESTAMP() WHERE template = 'query29.tpl' AND stream = 0;
psql:/tmp/s1-basline/power/query_0.sql:1633: NOTICE:  duration: 0.028 ms  plan:
Query Text: UPDATE time_statistics SET e_time = TRANSACTION_TIMESTAMP() WHERE template = 'query29.tpl' AND stream = 0;
Update on time_statistics  (cost=0.00..1.42 rows=0 width=0) (actual time=0.027..0.027 rows=0 loops=1)
  ->  Seq Scan on time_statistics  (cost=0.00..1.42 rows=1 width=14) (actual time=0.013..0.013 rows=1 loops=1)
        Filter: ((template = 'query29.tpl'::text) AND (stream = 0))
        Rows Removed by Filter: 29
UPDATE 1
LOAD 'auto_explain'; SET auto_explain.log_min_duration TO 0; SET auto_explain.log_analyze TO on; SET auto_explain.log_level TO notice; INSERT INTO time_statistics (template, s_time, stream, query, seed) VALUES ('query30.tpl', TRANSACTION_TIMESTAMP(), 0, 30, 995183526);
LOAD
SET
SET
SET
psql:/tmp/s1-basline/power/query_0.sql:1634: NOTICE:  duration: 0.008 ms  plan:
Query Text: INSERT INTO time_statistics (template, s_time, stream, query, seed) VALUES ('query30.tpl', TRANSACTION_TIMESTAMP(), 0, 30, 995183526);
Insert on time_statistics  (cost=0.00..0.01 rows=0 width=0) (actual time=0.008..0.008 rows=0 loops=1)
  ->  Result  (cost=0.00..0.01 rows=1 width=64) (actual time=0.001..0.001 rows=1 loops=1)
INSERT 0 1
with customer_total_return as
 (select wr_returning_customer_sk as ctr_customer_sk
        ,ca_state as ctr_state, 
 	sum(wr_return_amt) as ctr_total_return
 from web_returns
     ,date_dim
     ,customer_address
 where wr_returned_date_sk = d_date_sk 
   and d_year =2001
   and wr_returning_addr_sk = ca_address_sk 
 group by wr_returning_customer_sk
         ,ca_state)
  select  c_customer_id,c_salutation,c_first_name,c_last_name,c_preferred_cust_flag
       ,c_birth_day,c_birth_month,c_birth_year,c_birth_country,c_login,c_email_address
       ,c_last_review_date_sk,ctr_total_return
 from customer_total_return ctr1
     ,customer_address
     ,customer
 where ctr1.ctr_total_return > (select avg(ctr_total_return)*1.2
 			  from customer_total_return ctr2 
                  	  where ctr1.ctr_state = ctr2.ctr_state)
       and ca_address_sk = c_current_addr_sk
       and ca_state = 'NE'
       and ctr1.ctr_customer_sk = c_customer_sk
 order by c_customer_id,c_salutation,c_first_name,c_last_name,c_preferred_cust_flag
                  ,c_birth_day,c_birth_month,c_birth_year,c_birth_country,c_login,c_email_address
                  ,c_last_review_date_sk,ctr_total_return
limit 100;
psql:/tmp/s1-basline/power/query_0.sql:1662: NOTICE:  duration: 15703.209 ms  plan:
Query Text: with customer_total_return as
 (select wr_returning_customer_sk as ctr_customer_sk
        ,ca_state as ctr_state, 
 	sum(wr_return_amt) as ctr_total_return
 from web_returns
     ,date_dim
     ,customer_address
 where wr_returned_date_sk = d_date_sk 
   and d_year =2001
   and wr_returning_addr_sk = ca_address_sk 
 group by wr_returning_customer_sk
         ,ca_state)
  select  c_customer_id,c_salutation,c_first_name,c_last_name,c_preferred_cust_flag
       ,c_birth_day,c_birth_month,c_birth_year,c_birth_country,c_login,c_email_address
       ,c_last_review_date_sk,ctr_total_return
 from customer_total_return ctr1
     ,customer_address
     ,customer
 where ctr1.ctr_total_return > (select avg(ctr_total_return)*1.2
 			  from customer_total_return ctr2 
                  	  where ctr1.ctr_state = ctr2.ctr_state)
       and ca_address_sk = c_current_addr_sk
       and ca_state = 'NE'
       and ctr1.ctr_customer_sk = c_customer_sk
 order by c_customer_id,c_salutation,c_first_name,c_last_name,c_preferred_cust_flag
                  ,c_birth_day,c_birth_month,c_birth_year,c_birth_country,c_login,c_email_address
                  ,c_last_review_date_sk,ctr_total_return
limit 100;
Limit  (cost=7728.94..7728.95 rows=3 width=226) (actual time=15703.106..15703.118 rows=89 loops=1)
  CTE customer_total_return
    ->  GroupAggregate  (cost=5030.42..5036.94 rows=326 width=19) (actual time=40.622..45.795 rows=12844 loops=1)
          Group Key: web_returns.wr_returning_customer_sk, customer_address_1.ca_state
          ->  Sort  (cost=5030.42..5031.24 rows=326 width=19) (actual time=40.615..41.351 rows=13016 loops=1)
                Sort Key: web_returns.wr_returning_customer_sk, customer_address_1.ca_state
                Sort Method: quicksort  Memory: 1192kB
                ->  Nested Loop  (cost=0.58..5016.81 rows=326 width=19) (actual time=4.066..37.606 rows=13016 loops=1)
                      ->  Nested Loop  (cost=0.29..4905.30 rows=341 width=24) (actual time=4.061..17.256 rows=13311 loops=1)
                            ->  Seq Scan on date_dim  (cost=0.00..2318.11 rows=363 width=8) (actual time=4.053..8.432 rows=365 loops=1)
                                  Filter: (d_year = 2001)
                                  Rows Removed by Filter: 72684
                            ->  Index Scan using i_wr_returned_date_sk on web_returns  (cost=0.29..6.80 rows=33 width=32) (actual time=0.001..0.019 rows=36 loops=365)
                                  Index Cond: (wr_returned_date_sk = date_dim.d_date_sk)
                      ->  Index Scan using pk_customer_address on customer_address customer_address_1  (cost=0.29..0.33 rows=1 width=11) (actual time=0.001..0.001 rows=1 loops=13311)
                            Index Cond: (ca_address_sk = web_returns.wr_returning_addr_sk)
  ->  Sort  (cost=2692.00..2692.00 rows=3 width=226) (actual time=15703.106..15703.110 rows=89 loops=1)
        Sort Key: customer.c_customer_id, customer.c_salutation, customer.c_first_name, customer.c_last_name, customer.c_preferred_cust_flag, customer.c_birth_day, customer.c_birth_month, customer.c_birth_year, customer.c_birth_country, customer.c_login, customer.c_email_address, customer.c_last_review_date_sk, ctr1.ctr_total_return
        Sort Method: quicksort  Memory: 48kB
        ->  Nested Loop  (cost=0.58..2691.97 rows=3 width=226) (actual time=266.533..15702.922 rows=89 loops=1)
              ->  Nested Loop  (cost=0.29..2656.66 rows=109 width=234) (actual time=49.002..15696.298 rows=3221 loops=1)
                    ->  CTE Scan on customer_total_return ctr1  (cost=0.00..2405.07 rows=109 width=16) (actual time=48.990..15687.295 rows=3238 loops=1)
                          Filter: (ctr_total_return > (SubPlan 2))
                          Rows Removed by Filter: 9606
                          SubPlan 2
                            ->  Aggregate  (cost=7.34..7.36 rows=1 width=8) (actual time=1.218..1.218 rows=1 loops=12844)
                                  ->  CTE Scan on customer_total_return ctr2  (cost=0.00..7.33 rows=2 width=8) (actual time=0.030..1.188 rows=377 loops=12844)
                                        Filter: (ctr1.ctr_state = ctr_state)
                                        Rows Removed by Filter: 12467
                    ->  Index Scan using pk_customer on customer  (cost=0.29..2.31 rows=1 width=234) (actual time=0.002..0.002 rows=1 loops=3238)
                          Index Cond: (c_customer_sk = ctr1.ctr_customer_sk)
              ->  Index Scan using pk_customer_address on customer_address  (cost=0.29..0.32 rows=1 width=8) (actual time=0.002..0.002 rows=0 loops=3221)
                    Index Cond: (ca_address_sk = customer.c_current_addr_sk)
                    Filter: (ca_state = 'NE'::bpchar)
                    Rows Removed by Filter: 1
  c_customer_id   | c_salutation |     c_first_name     |          c_last_name           | c_preferred_cust_flag | c_birth_day | c_birth_month | c_birth_year |   c_birth_country    | c_login |                  c_email_address                   | c_last_review_date_sk | ctr_total_return 
------------------+--------------+----------------------+--------------------------------+-----------------------+-------------+---------------+--------------+----------------------+---------+----------------------------------------------------+-----------------------+------------------
 AAAAAAAAADFAAAAA | Dr.          | Demetria             | Cope                           | Y                     |          24 |             3 |         1955 | BOTSWANA             |         | Demetria.Cope@6KfgCgDJiUP.com                      |               2452631 |           2642.9
 AAAAAAAAAFNBBAAA | Sir          | Frank                | Vasquez                        | N                     |           2 |            10 |         1951 | AUSTRALIA            |         | Frank.Vasquez@Do6P2.edu                            |               2452446 |          1928.92
 AAAAAAAAAPAOAAAA | Sir          | Hugh                 | Griffin                        | Y                     |          12 |             9 |         1981 | ARUBA                |         | Hugh.Griffin@BRoEyoVN8.org                         |               2452458 |          1645.75
 AAAAAAAABBGKAAAA | Dr.          | James                | Guerrero                       | N                     |           8 |            12 |         1956 | GUINEA-BISSAU        |         | James.Guerrero@jvZK8u7JMr5XUB.com                  |               2452352 |          2097.03
 AAAAAAAABEKFBAAA | Sir          | Robert               | Green                          | N                     |           5 |             4 |         1992 | TURKEY               |         | Robert.Green@DjTQ9RT8.org                          |               2452537 |          1739.78
 AAAAAAAABEOHAAAA | Dr.          | Noah                 | Hopkins                        | N                     |          29 |             8 |         1928 | HUNGARY              |         | Noah.Hopkins@za8l1P3U.com                          |               2452553 |          2003.17
 AAAAAAAABJONAAAA | Ms.          | Laurel               | Williams                       | N                     |          11 |             1 |         1927 | DJIBOUTI             |         | Laurel.Williams@PCGTNYF5.com                       |               2452460 |          1949.44
 AAAAAAAABKIJAAAA | Sir          | Pierre               | Gault                          | N                     |           1 |             8 |         1972 | SOLOMON ISLANDS      |         | Pierre.Gault@y0RJHSMYkdN.org                       |               2452431 |          8942.99
 AAAAAAAACAEGBAAA | Dr.          | Duane                | Salgado                        | N                     |          21 |               |              |                      |         | Duane.Salgado@XpE.edu                              |               2452397 |           7268.1
 AAAAAAAACBKLAAAA | Sir          | Enrique              | Lewis                          | N                     |          18 |             4 |         1940 | LITHUANIA            |         | Enrique.Lewis@DxHUiV.com                           |               2452339 |           2368.8
 AAAAAAAACDFHAAAA | Mr.          | George               | Davis                          | Y                     |          16 |            10 |         1965 | SRI LANKA            |         | George.Davis@agCENIkDfp.org                        |               2452482 |          1746.88
 AAAAAAAACGIFBAAA | Sir          | Geoffrey             | Martinson                      | N                     |          19 |             4 |         1958 | NEW CALEDONIA        |         | Geoffrey.Martinson@1fMkBcZ9Fkg7GeT.com             |               2452614 |           2598.4
 AAAAAAAACJEDAAAA | Ms.          | Arthur               | Cady                           | N                     |          28 |             6 |         1952 | UZBEKISTAN           |         | Arthur.Cady@d9CmCcq.edu                            |               2452379 |          3003.28
 AAAAAAAACOHEBAAA | Ms.          | Christine            | Roe                            | N                     |          22 |             9 |         1952 | ERITREA              |         | Christine.Roe@69oI0sC5OGvafIb.edu                  |               2452613 |          7637.63
 AAAAAAAACOMMAAAA | Dr.          | Philip               | Perry                          | N                     |          15 |             5 |         1937 | MARSHALL ISLANDS     |         | Philip.Perry@dcZytyXhoF.com                        |               2452521 |          1480.86
 AAAAAAAADAHMAAAA | Mrs.         | Laura                | Sims                           | Y                     |          28 |             7 |         1965 | GRENADA              |         | Laura.Sims@GSvSu7soOaENI7KhEPO.com                 |               2452332 |          3093.64
 AAAAAAAADBNABAAA | Mrs.         | Ilse                 | Cooks                          | Y                     |          12 |             8 |         1924 | NEW CALEDONIA        |         | Ilse.Cooks@sfBE4A8YY68T3BURD.org                   |               2452618 |          2296.42
 AAAAAAAADECBAAAA | Dr.          | Ofelia               | Schneider                      | Y                     |          19 |             5 |         1959 | HUNGARY              |         | Ofelia.Schneider@npmVf6Gh.edu                      |               2452526 |          5185.04
 AAAAAAAADFBEBAAA | Mrs.         | Dawn                 | Tharp                          | Y                     |           6 |             2 |         1931 | WESTERN SAHARA       |         | Dawn.Tharp@o0XAmh8NJlTBM.edu                       |               2452584 |           1427.1
 AAAAAAAADFBJAAAA | Mr.          | Frank                | Dorman                         | Y                     |          14 |             3 |         1985 | BURUNDI              |         | Frank.Dorman@XxegbZKi9inzts.org                    |               2452621 |          1958.41
 AAAAAAAADFJHAAAA | Dr.          | Thomas               | Booker                         | Y                     |          12 |             3 |         1942 | BRUNEI DARUSSALAM    |         | Thomas.Booker@p8.com                               |               2452479 |          5636.86
 AAAAAAAADFOEAAAA | Dr.          | Larry                | Ramirez                        | N                     |          23 |             8 |         1946 | SERBIA               |         | Larry.Ramirez@jINL.edu                             |               2452546 |           3033.1
 AAAAAAAADGKKAAAA | Mr.          | Cody                 | Griffin                        | N                     |          29 |             9 |         1940 | MADAGASCAR           |         | Cody.Griffin@7aGx.com                              |               2452423 |          6947.92
 AAAAAAAADIOHBAAA | Miss         | Sara                 | Long                           | N                     |           5 |             6 |         1942 | NIUE                 |         | Sara.Long@cNeSIm9hEeOTKo.com                       |               2452521 |          5802.78
 AAAAAAAADKOHAAAA | Mr.          | Christopher          | Ison                           | N                     |          14 |             8 |         1970 | SWITZERLAND          |         | Christopher.Ison@PauZIvMBlQJ.org                   |               2452536 |          1520.76
 AAAAAAAADNDBBAAA | Miss         | Sharon               | Jones                          | N                     |          19 |            11 |         1947 | NIUE                 |         | Sharon.Jones@OTH3B0FKjQH2ZyuHtB.edu                |               2452559 |           2187.9
 AAAAAAAAEBHNAAAA | Mr.          | Rodney               | Grimes                         | Y                     |          14 |             4 |         1951 | SWEDEN               |         | Rodney.Grimes@GQSly9d5b.edu                        |               2452634 |          3814.98
 AAAAAAAAEGPEAAAA | Ms.          | Adam                 | Jones                          | N                     |          12 |             8 |         1964 | MONTENEGRO           |         | Adam.Jones@IyGT8eYTee.edu                          |               2452509 |          3081.38
 AAAAAAAAEINCAAAA | Mrs.         | Hortencia            |                                |                       |             |               |         1944 |                      |         | Hortencia.Fry@SYL.org                              |               2452539 |          1776.49
 AAAAAAAAEJOAAAAA | Dr.          | Patrick              | Green                          | Y                     |          12 |             7 |         1947 | CANADA               |         | Patrick.Green@IjEYta5RXaA.org                      |               2452480 |          1419.66
 AAAAAAAAELGGAAAA | Miss         | Janet                | Mills                          | Y                     |          18 |             2 |         1941 | SAINT LUCIA          |         | Janet.Mills@N6dcsJ.com                             |               2452371 |          4738.31
 AAAAAAAAFGKJAAAA | Mr.          | Ryan                 | Gordon                         |                       |             |               |         1935 | SWAZILAND            |         | Ryan.Gordon@FxPULdopsfKMmS.org                     |               2452393 |          3607.68
 AAAAAAAAFJKFBAAA | Ms.          | Dollie               | Cooley                         | Y                     |           3 |            11 |         1956 | KIRIBATI             |         | Dollie.Cooley@zClMA5bIQgDq.com                     |               2452333 |           3136.5
 AAAAAAAAFOOOAAAA | Mrs.         | Brittany             | Mcdaniel                       | N                     |           8 |            10 |         1973 | LATVIA               |         | Brittany.Mcdaniel@axbdHDZSkN.org                   |               2452438 |           3043.6
 AAAAAAAAGCKFAAAA |              | Christopher          |                                | Y                     |          21 |               |         1987 | GREECE               |         | Christopher.Cone@mTEM0s4rqR3MkN.com                |               2452492 |          5671.59
 AAAAAAAAGCMOAAAA | Sir          | Joseph               | Morales                        | Y                     |          19 |             2 |         1945 | UKRAINE              |         | Joseph.Morales@Bq.edu                              |               2452471 |          3070.98
 AAAAAAAAGDIIAAAA | Ms.          | Theodora             | Lee                            | N                     |          24 |             1 |         1966 | TOKELAU              |         | Theodora.Lee@s90hc8ZoN2a.edu                       |               2452640 |          1684.52
 AAAAAAAAGGIPAAAA | Miss         | Angela               | Perkins                        | N                     |          31 |             5 |         1942 | PORTUGAL             |         | Angela.Perkins@quTDaoOrqskx.edu                    |               2452454 |          3722.22
 AAAAAAAAGIBCBAAA | Mrs.         | Anthony              | Ayala                          | N                     |          29 |            11 |         1932 | VIRGIN ISLANDS, U.S. |         | Anthony.Ayala@byb5ITlVOlFs647QZo.com               |               2452362 |          7615.62
 AAAAAAAAGJINAAAA | Sir          | Ray                  | Baugh                          | Y                     |           1 |             7 |         1924 | ARMENIA              |         | Ray.Baugh@tqC3.org                                 |               2452340 |          2620.12
 AAAAAAAAGLDEBAAA | Miss         | Mildred              | Crawford                       | Y                     |          18 |            11 |         1935 | SEYCHELLES           |         | Mildred.Crawford@O9IQD3oNGzs5qE.com                |               2452531 |          2631.42
 AAAAAAAAGNOIAAAA | Dr.          | Michael              | Nguyen                         | N                     |             |               |              |                      |         | Michael.Nguyen@iUrJblRQBr3SjtFB3y.edu              |                       |             3719
 AAAAAAAAGOMNAAAA | Ms.          | Karen                | Morris                         | Y                     |          22 |             2 |         1963 | UZBEKISTAN           |         | Karen.Morris@JQ.org                                |               2452444 |          2176.65
 AAAAAAAAHDOOAAAA | Dr.          | Kevin                | Hess                           | N                     |          26 |            10 |         1975 | RWANDA               |         | Kevin.Hess@SIsHPdNKXdUl.edu                        |               2452303 |          5500.14
 AAAAAAAAHEMGBAAA | Ms.          | Deborah              | Emanuel                        | Y                     |          11 |             2 |         1981 | IRELAND              |         | Deborah.Emanuel@h5Mqe7Nf3m.edu                     |               2452468 |          4478.24
 AAAAAAAAHFJBAAAA | Sir          | Robert               | Peterson                       | Y                     |          10 |             9 |         1928 | ALBANIA              |         | Robert.Peterson@FAUNkZO0iFkU.org                   |               2452342 |          3464.64
 AAAAAAAAHJCDBAAA | Dr.          | Malissa              | Miller                         | N                     |          15 |             2 |         1992 | SAMOA                |         | Malissa.Miller@OQc8AxQDqZIu2.edu                   |               2452346 |             2550
 AAAAAAAAHMCCAAAA | Dr.          | Felix                | Wall                           | N                     |          17 |             9 |         1939 | BAHRAIN              |         | Felix.Wall@aYlyLlKr3.edu                           |               2452523 |          2502.23
 AAAAAAAAIDFKAAAA | Miss         | Dora                 | George                         | N                     |           4 |             1 |         1953 | MOLDOVA, REPUBLIC OF |         | Dora.George@tt4.org                                |               2452295 |             2508
 AAAAAAAAIKDCAAAA | Dr.          | Sally                | Friend                         | N                     |          17 |             9 |         1971 | JAPAN                |         | Sally.Friend@ckE.com                               |               2452305 |          5632.14
 AAAAAAAAIONJAAAA | Sir          | Randy                | Stark                          | N                     |          27 |             8 |         1929 | BULGARIA             |         | Randy.Stark@ImkzCENU.edu                           |               2452433 |          2668.75
 AAAAAAAAJDGKAAAA | Miss         | Carrie               | Vasquez                        | N                     |          20 |            12 |         1936 | GUATEMALA            |         | Carrie.Vasquez@G0OKPRGBMJI.edu                     |               2452639 |          2317.76
 AAAAAAAAJEDEBAAA | Mrs.         | Lucille              | Doran                          | N                     |          11 |             1 |         1933 | KAZAKHSTAN           |         | Lucille.Doran@YBMphl2c9BBU.com                     |               2452344 |             3015
 AAAAAAAAJGAHBAAA | Dr.          | Robert               | Austin                         | Y                     |          13 |             4 |         1944 | BELARUS              |         | Robert.Austin@8ADLDdjuxMFD.org                     |               2452384 |           2518.6
 AAAAAAAAJHKPAAAA | Dr.          | Jessica              | Chacon                         | Y                     |           5 |            12 |         1968 | DOMINICA             |         | Jessica.Chacon@02X0ueskOOPHb.edu                   |               2452291 |          3915.71
 AAAAAAAAJKNABAAA | Ms.          | Amber                | Walker                         | Y                     |          23 |             6 |         1968 | GUINEA               |         | Amber.Walker@VMevvKXRy1.org                        |               2452633 |          2880.24
 AAAAAAAAJMHAAAAA | Sir          | Tyrone               | Yang                           | Y                     |           8 |            11 |         1964 | GAMBIA               |         | Tyrone.Yang@SZ8.org                                |               2452498 |           3396.6
 AAAAAAAAJNABBAAA | Mr.          | Hubert               | Barbour                        | Y                     |          12 |             9 |         1924 | OMAN                 |         | Hubert.Barbour@TNSHrzqnPR.com                      |               2452423 |          3249.04
 AAAAAAAAJOKABAAA |              | Karen                |                                |                       |             |             8 |         1989 | MONACO               |         |                                                    |               2452369 |           8353.8
 AAAAAAAAKBBHAAAA | Ms.          | Ashley               | Davis                          | Y                     |          25 |            10 |         1939 | DJIBOUTI             |         | Ashley.Davis@StQx6h.org                            |               2452387 |           2970.8
 AAAAAAAAKMEKAAAA | Mr.          | Joel                 | Lewis                          | N                     |           1 |             7 |         1964 | CAMBODIA             |         | Joel.Lewis@IT2r6Rt75QGUbK4.edu                     |               2452296 |          6950.96
 AAAAAAAAKNCEBAAA | Ms.          | Linda                | Ragan                          | Y                     |           3 |             2 |         1969 | UKRAINE              |         | Linda.Ragan@HE7d254.org                            |               2452520 |          2939.04
 AAAAAAAAKOIGBAAA | Dr.          | Micheal              | Welch                          | Y                     |          13 |             8 |         1947 | PORTUGAL             |         | Micheal.Welch@2a9hxF1G.org                         |               2452484 |           3271.8
 AAAAAAAAKPLBAAAA | Mrs.         | Marie                | Bishop                         | Y                     |          21 |            12 |         1986 | RÃ\u0089UNION        |         | Marie.Bishop@rOsdgSem9Hgx4b.edu                    |               2452585 |          3956.37
 AAAAAAAALAKLAAAA | Dr.          | George               | Manuel                         | N                     |          17 |             9 |         1934 | ALAND ISLANDS        |         | George.Manuel@5bg027P.com                          |               2452414 |          3637.18
 AAAAAAAALNGFBAAA | Sir          | Mark                 | Avalos                         | Y                     |           4 |             2 |         1990 | DOMINICA             |         | Mark.Avalos@A9tkKZ.org                             |               2452526 |          3069.76
 AAAAAAAALOBBBAAA | Ms.          | Susan                | Hannah                         | N                     |           1 |             8 |         1969 | INDIA                |         | Susan.Hannah@kc.com                                |               2452592 |          3349.51
 AAAAAAAALOHIAAAA | Sir          | Jay                  | Sutherland                     | N                     |          21 |             5 |         1939 | ERITREA              |         | Jay.Sutherland@OvdtnEF4ty.edu                      |               2452464 |          3979.53
 AAAAAAAALPDIBAAA | Ms.          | Joanne               | Toliver                        | N                     |          19 |             6 |         1944 | GUINEA-BISSAU        |         | Joanne.Toliver@adTsAh.org                          |               2452324 |          1751.31
 AAAAAAAAMGJLAAAA | Ms.          | Kimberly             | Burr                           | Y                     |          29 |             4 |         1929 | TURKMENISTAN         |         | Kimberly.Burr@Gv3iGJzTps.org                       |               2452369 |          2550.24
 AAAAAAAAMHCCAAAA | Mr.          | Todd                 | Roberge                        | Y                     |          18 |             5 |         1971 | ALAND ISLANDS        |         | Todd.Roberge@OHaaaYdMKb5XNcEdi7.edu                |               2452548 |          2687.58
 AAAAAAAAMHIIAAAA | Miss         | Deanna               | Cook                           | N                     |          23 |            11 |         1939 | FRENCH POLYNESIA     |         | Deanna.Cook@s7m2ifpG602ED5.edu                     |               2452512 |           3342.6
 AAAAAAAAMJGNAAAA | Dr.          | Seth                 | Allen                          | Y                     |          25 |             5 |         1989 | URUGUAY              |         | Seth.Allen@fjHlyaPLDDi9KYe.com                     |               2452296 |          7402.64
 AAAAAAAAMLHDBAAA | Miss         | Kimber               | Ricker                         | Y                     |          28 |            10 |         1942 | SAUDI ARABIA         |         | Kimber.Ricker@Hcb0gehOU7LR.org                     |               2452631 |          2466.09
 AAAAAAAAMNLEAAAA | Mrs.         | Luz                  | Grover                         | N                     |          31 |             8 |         1964 | GHANA                |         | Luz.Grover@R3kPl.edu                               |               2452412 |          4319.46
 AAAAAAAANDDDBAAA | Mr.          | Keith                | Caldwell                       | N                     |          26 |             6 |         1962 | GREECE               |         | Keith.Caldwell@rBf5oT0y5lc1P.org                   |               2452454 |          1453.76
 AAAAAAAANDNBBAAA | Sir          | John                 | Haggerty                       | N                     |           7 |             9 |         1962 | HONDURAS             |         | John.Haggerty@Iq.org                               |               2452420 |          3977.41
 AAAAAAAANNCBBAAA | Dr.          | Daniella             | Walden                         | N                     |          15 |             7 |         1953 | TRINIDAD AND TOBAGO  |         | Daniella.Walden@uJA4Om.org                         |               2452341 |          5314.72
 AAAAAAAANOCBAAAA | Sir          | Scott                | Cormier                        | Y                     |           5 |            10 |         1958 | MONTSERRAT           |         | Scott.Cormier@QQNlKlihy7.edu                       |               2452510 |          3081.92
 AAAAAAAANPCCBAAA | Sir          | Gregory              | Brown                          | N                     |           9 |             1 |         1948 | NEW ZEALAND          |         | Gregory.Brown@37KB4DTlF83srY.com                   |               2452606 |          4570.04
 AAAAAAAAOONBBAAA | Mr.          | Lloyd                | Williams                       | N                     |          19 |             9 |         1939 | MALTA                |         | Lloyd.Williams@ylONDxAYFFlTz.org                   |               2452417 |          1522.08
 AAAAAAAAPADPAAAA | Dr.          | Richard              | Mull                           | Y                     |          18 |             4 |         1960 | MADAGASCAR           |         | Richard.Mull@dmEB4.edu                             |               2452462 |          2433.06
 AAAAAAAAPBCDAAAA | Dr.          | Samuel               | Connor                         | Y                     |          11 |             1 |         1978 | MAURITANIA           |         | Samuel.Connor@dVisP.com                            |               2452481 |          3301.51
 AAAAAAAAPBIHBAAA | Miss         | Brandy               | Callahan                       | N                     |           2 |             3 |         1966 | LEBANON              |         | Brandy.Callahan@d9qnnIyCML9Sivy.org                |               2452292 |          1567.44
 AAAAAAAAPCLCAAAA | Dr.          | Meredith             | Williams                       | Y                     |          21 |            10 |         1972 | LITHUANIA            |         | Meredith.Williams@PZEtt1m.org                      |               2452453 |          2081.56
 AAAAAAAAPCPJAAAA | Ms.          | Angie                | Nelson                         | Y                     |          20 |             6 |         1958 | PHILIPPINES          |         | Angie.Nelson@pNExxMnKHjaa.com                      |               2452587 |          4771.14
 AAAAAAAAPFOFAAAA | Sir          | Henry                | Paris                          | Y                     |          27 |             7 |         1938 | FINLAND              |         | Henry.Paris@Y2YxP4oV.edu                           |               2452640 |           3614.2
 AAAAAAAAPIOGBAAA | Mrs.         | Donna                | Woodruff                       | Y                     |          20 |             4 |         1985 | PITCAIRN             |         | Donna.Woodruff@Ttu6UP0lcGV.com                     |               2452472 |          2016.28
 AAAAAAAAPLPEBAAA | Dr.          | Letitia              | Shaw                           | N                     |          10 |            11 |         1970 | MALDIVES             |         | Letitia.Shaw@0v6IukBd3h10.com                      |               2452315 |          2087.85
(89 rows)

UPDATE time_statistics SET e_time = TRANSACTION_TIMESTAMP() WHERE template = 'query30.tpl' AND stream = 0;
psql:/tmp/s1-basline/power/query_0.sql:1664: NOTICE:  duration: 0.027 ms  plan:
Query Text: UPDATE time_statistics SET e_time = TRANSACTION_TIMESTAMP() WHERE template = 'query30.tpl' AND stream = 0;
Update on time_statistics  (cost=0.00..1.42 rows=0 width=0) (actual time=0.026..0.027 rows=0 loops=1)
  ->  Seq Scan on time_statistics  (cost=0.00..1.42 rows=1 width=14) (actual time=0.013..0.013 rows=1 loops=1)
        Filter: ((template = 'query30.tpl'::text) AND (stream = 0))
        Rows Removed by Filter: 30
UPDATE 1
LOAD 'auto_explain'; SET auto_explain.log_min_duration TO 0; SET auto_explain.log_analyze TO on; SET auto_explain.log_level TO notice; INSERT INTO time_statistics (template, s_time, stream, query, seed) VALUES ('query31.tpl', TRANSACTION_TIMESTAMP(), 0, 31, 1732068341);
LOAD
SET
SET
SET
psql:/tmp/s1-basline/power/query_0.sql:1665: NOTICE:  duration: 0.008 ms  plan:
Query Text: INSERT INTO time_statistics (template, s_time, stream, query, seed) VALUES ('query31.tpl', TRANSACTION_TIMESTAMP(), 0, 31, 1732068341);
Insert on time_statistics  (cost=0.00..0.01 rows=0 width=0) (actual time=0.008..0.008 rows=0 loops=1)
  ->  Result  (cost=0.00..0.01 rows=1 width=64) (actual time=0.001..0.001 rows=1 loops=1)
INSERT 0 1
with ss as
 (select ca_county,d_qoy, d_year,sum(ss_ext_sales_price) as store_sales
 from store_sales,date_dim,customer_address
 where ss_sold_date_sk = d_date_sk
  and ss_addr_sk=ca_address_sk
 group by ca_county,d_qoy, d_year),
 ws as
 (select ca_county,d_qoy, d_year,sum(ws_ext_sales_price) as web_sales
 from web_sales,date_dim,customer_address
 where ws_sold_date_sk = d_date_sk
  and ws_bill_addr_sk=ca_address_sk
 group by ca_county,d_qoy, d_year)
 select 
        ss1.ca_county
       ,ss1.d_year
       ,ws2.web_sales/ws1.web_sales web_q1_q2_increase
       ,ss2.store_sales/ss1.store_sales store_q1_q2_increase
       ,ws3.web_sales/ws2.web_sales web_q2_q3_increase
       ,ss3.store_sales/ss2.store_sales store_q2_q3_increase
 from
        ss ss1
       ,ss ss2
       ,ss ss3
       ,ws ws1
       ,ws ws2
       ,ws ws3
 where
    ss1.d_qoy = 1
    and ss1.d_year = 1999
    and ss1.ca_county = ss2.ca_county
    and ss2.d_qoy = 2
    and ss2.d_year = 1999
 and ss2.ca_county = ss3.ca_county
    and ss3.d_qoy = 3
    and ss3.d_year = 1999
    and ss1.ca_county = ws1.ca_county
    and ws1.d_qoy = 1
    and ws1.d_year = 1999
    and ws1.ca_county = ws2.ca_county
    and ws2.d_qoy = 2
    and ws2.d_year = 1999
    and ws1.ca_county = ws3.ca_county
    and ws3.d_qoy = 3
    and ws3.d_year =1999
    and case when ws1.web_sales > 0 then ws2.web_sales/ws1.web_sales else null end 
       > case when ss1.store_sales > 0 then ss2.store_sales/ss1.store_sales else null end
    and case when ws2.web_sales > 0 then ws3.web_sales/ws2.web_sales else null end
       > case when ss2.store_sales > 0 then ss3.store_sales/ss2.store_sales else null end
 order by ss1.ca_county;
psql:/tmp/s1-basline/power/query_0.sql:1714: NOTICE:  duration: 9758.898 ms  plan:
Query Text: with ss as
 (select ca_county,d_qoy, d_year,sum(ss_ext_sales_price) as store_sales
 from store_sales,date_dim,customer_address
 where ss_sold_date_sk = d_date_sk
  and ss_addr_sk=ca_address_sk
 group by ca_county,d_qoy, d_year),
 ws as
 (select ca_county,d_qoy, d_year,sum(ws_ext_sales_price) as web_sales
 from web_sales,date_dim,customer_address
 where ws_sold_date_sk = d_date_sk
  and ws_bill_addr_sk=ca_address_sk
 group by ca_county,d_qoy, d_year)
 select 
        ss1.ca_county
       ,ss1.d_year
       ,ws2.web_sales/ws1.web_sales web_q1_q2_increase
       ,ss2.store_sales/ss1.store_sales store_q1_q2_increase
       ,ws3.web_sales/ws2.web_sales web_q2_q3_increase
       ,ss3.store_sales/ss2.store_sales store_q2_q3_increase
 from
        ss ss1
       ,ss ss2
       ,ss ss3
       ,ws ws1
       ,ws ws2
       ,ws ws3
 where
    ss1.d_qoy = 1
    and ss1.d_year = 1999
    and ss1.ca_county = ss2.ca_county
    and ss2.d_qoy = 2
    and ss2.d_year = 1999
 and ss2.ca_county = ss3.ca_county
    and ss3.d_qoy = 3
    and ss3.d_year = 1999
    and ss1.ca_county = ws1.ca_county
    and ws1.d_qoy = 1
    and ws1.d_year = 1999
    and ws1.ca_county = ws2.ca_county
    and ws2.d_qoy = 2
    and ws2.d_year = 1999
    and ws1.ca_county = ws3.ca_county
    and ws3.d_qoy = 3
    and ws3.d_year =1999
    and case when ws1.web_sales > 0 then ws2.web_sales/ws1.web_sales else null end 
       > case when ss1.store_sales > 0 then ss2.store_sales/ss1.store_sales else null end
    and case when ws2.web_sales > 0 then ws3.web_sales/ws2.web_sales else null end
       > case when ss2.store_sales > 0 then ss3.store_sales/ss2.store_sales else null end
 order by ss1.ca_county;
Nested Loop  (cost=419255.83..548552.39 rows=1 width=114) (actual time=2974.241..9758.846 rows=42 loops=1)
  Join Filter: (((ss1.ca_county)::text = (ws2.ca_county)::text) AND (CASE WHEN (ws1.web_sales > '0'::double precision) THEN (ws2.web_sales / ws1.web_sales) ELSE NULL::double precision END > CASE WHEN (ss1.store_sales > '0'::double precision) THEN (ss2.store_sales / ss1.store_sales) ELSE NULL::double precision END) AND (CASE WHEN (ws2.web_sales > '0'::double precision) THEN (ws3.web_sales / ws2.web_sales) ELSE NULL::double precision END > CASE WHEN (ss2.store_sales > '0'::double precision) THEN (ss3.store_sales / ss2.store_sales) ELSE NULL::double precision END))
  Rows Removed by Join Filter: 566018
  CTE ss
    ->  HashAggregate  (cost=240213.41..290939.49 rows=1484184 width=30) (actual time=2111.860..2119.399 rows=35244 loops=1)
          Group Key: customer_address.ca_county, date_dim.d_qoy, date_dim.d_year
          Planned Partitions: 8  Batches: 1  Memory Usage: 10257kB
          ->  Hash Join  (cost=5321.60..122000.46 rows=2624676 width=30) (actual time=39.928..1493.833 rows=2683446 loops=1)
                Hash Cond: (store_sales.ss_sold_date_sk = date_dim.d_date_sk)
                ->  Hash Join  (cost=2273.00..111739.81 rows=2747297 width=30) (actual time=15.756..1049.093 rows=2748537 loops=1)
                      Hash Cond: (store_sales.ss_addr_sk = customer_address.ca_address_sk)
                      ->  Seq Scan on store_sales  (cost=0.00..101911.56 rows=2877956 width=24) (actual time=0.005..215.407 rows=2877928 loops=1)
                      ->  Hash  (cost=1648.00..1648.00 rows=50000 width=22) (actual time=15.439..15.441 rows=50000 loops=1)
                            Buckets: 65536  Batches: 1  Memory Usage: 3298kB
                            ->  Seq Scan on customer_address  (cost=0.00..1648.00 rows=50000 width=22) (actual time=0.004..7.415 rows=50000 loops=1)
                ->  Hash  (cost=2135.49..2135.49 rows=73049 width=16) (actual time=23.602..23.603 rows=73049 loops=1)
                      Buckets: 131072  Batches: 1  Memory Usage: 4449kB
                      ->  Seq Scan on date_dim  (cost=0.00..2135.49 rows=73049 width=16) (actual time=0.008..12.105 rows=73049 loops=1)
  CTE ws
    ->  HashAggregate  (cost=75331.81..92356.29 rows=719186 width=30) (actual time=608.059..613.311 rows=23366 loops=1)
          Group Key: customer_address_1.ca_county, date_dim_1.d_qoy, date_dim_1.d_year
          Planned Partitions: 4  Batches: 1  Memory Usage: 9233kB
          ->  Hash Join  (cost=5321.60..42940.34 rows=719186 width=30) (actual time=35.466..440.463 rows=719212 loops=1)
                Hash Cond: (web_sales.ws_sold_date_sk = date_dim_1.d_date_sk)
                ->  Hash Join  (cost=2273.00..38003.51 rows=719282 width=30) (actual time=15.521..308.102 rows=719288 loops=1)
                      Hash Cond: (web_sales.ws_bill_addr_sk = customer_address_1.ca_address_sk)
                      ->  Seq Scan on web_sales  (cost=0.00..33841.74 rows=719474 width=24) (actual time=0.003..63.503 rows=719474 loops=1)
                      ->  Hash  (cost=1648.00..1648.00 rows=50000 width=22) (actual time=15.258..15.259 rows=50000 loops=1)
                            Buckets: 65536  Batches: 1  Memory Usage: 3298kB
                            ->  Seq Scan on customer_address customer_address_1  (cost=0.00..1648.00 rows=50000 width=22) (actual time=0.004..7.337 rows=50000 loops=1)
                ->  Hash  (cost=2135.49..2135.49 rows=73049 width=16) (actual time=19.887..19.888 rows=73049 loops=1)
                      Buckets: 131072  Batches: 1  Memory Usage: 4449kB
                      ->  Seq Scan on date_dim date_dim_1  (cost=0.00..2135.49 rows=73049 width=16) (actual time=0.008..10.375 rows=73049 loops=1)
  ->  Nested Loop  (cost=35960.05..147276.27 rows=1 width=434) (actual time=2755.051..8585.710 rows=620 loops=1)
        Join Filter: ((ss1.ca_county)::text = (ss3.ca_county)::text)
        Rows Removed by Join Filter: 1134250
        ->  Nested Loop  (cost=35960.05..110171.21 rows=1 width=348) (actual time=2748.956..6775.034 rows=627 loops=1)
              Join Filter: ((ss1.ca_county)::text = (ss2.ca_county)::text)
              Rows Removed by Join Filter: 1107723
              ->  Nested Loop  (cost=35960.05..73066.15 rows=1 width=262) (actual time=2736.829..4835.732 rows=675 loops=1)
                    Join Filter: ((ws1.ca_county)::text = (ss1.ca_county)::text)
                    Rows Removed by Join Filter: 1206663
                    ->  Merge Join  (cost=35960.05..35960.25 rows=2 width=172) (actual time=624.552..625.605 rows=726 loops=1)
                          Merge Cond: ((ws1.ca_county)::text = (ws3.ca_county)::text)
                          ->  Sort  (cost=17980.03..17980.07 rows=18 width=86) (actual time=621.465..621.548 rows=955 loops=1)
                                Sort Key: ws1.ca_county
                                Sort Method: quicksort  Memory: 86kB
                                ->  CTE Scan on ws ws1  (cost=0.00..17979.65 rows=18 width=86) (actual time=608.063..620.582 rows=956 loops=1)
                                      Filter: ((d_qoy = 1) AND (d_year = 1999))
                                      Rows Removed by Filter: 22410
                          ->  Sort  (cost=17980.03..17980.07 rows=18 width=86) (actual time=3.082..3.254 rows=1278 loops=1)
                                Sort Key: ws3.ca_county
                                Sort Method: quicksort  Memory: 131kB
                                ->  CTE Scan on ws ws3  (cost=0.00..17979.65 rows=18 width=86) (actual time=0.002..1.862 rows=1278 loops=1)
                                      Filter: ((d_year = 1999) AND (d_qoy = 3))
                                      Rows Removed by Filter: 22088
                    ->  CTE Scan on ss ss1  (cost=0.00..37104.60 rows=37 width=90) (actual time=2.909..5.699 rows=1663 loops=726)
                          Filter: ((d_qoy = 1) AND (d_year = 1999))
                          Rows Removed by Filter: 33581
              ->  CTE Scan on ss ss2  (cost=0.00..37104.60 rows=37 width=86) (actual time=0.002..2.775 rows=1642 loops=675)
                    Filter: ((d_year = 1999) AND (d_qoy = 2))
                    Rows Removed by Filter: 33602
        ->  CTE Scan on ss ss3  (cost=0.00..37104.60 rows=37 width=86) (actual time=0.001..2.780 rows=1810 loops=627)
              Filter: ((d_year = 1999) AND (d_qoy = 3))
              Rows Removed by Filter: 33434
  ->  CTE Scan on ws ws2  (cost=0.00..17979.65 rows=18 width=86) (actual time=0.000..1.825 rows=913 loops=620)
        Filter: ((d_year = 1999) AND (d_qoy = 2))
        Rows Removed by Filter: 22453
     ca_county     | d_year | web_q1_q2_increase | store_q1_q2_increase | web_q2_q3_increase | store_q2_q3_increase 
-------------------+--------+--------------------+----------------------+--------------------+----------------------
 Ascension Parish  |   1999 | 1.9619159038705474 |   0.5426225870497754 | 2.5202399648767955 |   1.7200822266124192
 Bacon County      |   1999 | 0.8498606141975199 |   0.8098845126176099 | 1.6810649448590662 |   1.0373098341451623
 Baker County      |   1999 | 1.8224335103042864 |   1.2078109784399202 |  3.950425176817762 |   1.9609082376499298
 Barbour County    |   1999 |  2.741646962103853 |   1.6993916429426414 | 1.5052818546863256 |   1.3493533039715424
 Broward County    |   1999 |  1.596014189580461 |   0.7862819196664318 | 2.6859753872919185 |   2.6177523256147106
 Butte County      |   1999 | 1.4295142443013278 |   1.3763046314965641 |  4.757982016838007 |    1.189282605721461
 Cambria County    |   1999 | 1.2388258926741276 |   0.6856598383024859 |   2.68170681181309 |   0.9402459806689054
 Caroline County   |   1999 |  5.737858604012175 |    0.850641116190672 | 1.7935874848002293 |   1.1302691020872606
 Cheyenne County   |   1999 |  3.977751666709239 |   0.8939391629790049 | 1.2433732006207525 |   0.6902135405377476
 Clay County       |   1999 | 0.9189842028982105 |   0.7730270003925825 | 2.4095586245865377 |     1.73978034227141
 Custer County     |   1999 | 0.8324158621392006 |   0.6317481800031943 |  2.955812125771186 |    2.409486742838964
 Delaware County   |   1999 | 1.9809499209935126 |   0.9622835899557399 |  2.464473915661009 |   1.9446431856354278
 Door County       |   1999 | 0.4223529958538421 |   0.2902556428319241 |  8.304768700494769 |    5.150095317038398
 Eddy County       |   1999 |  0.832109103984669 |   0.7743122450978173 |  4.528270098053298 |    1.532392782646638
 Florence County   |   1999 | 2.3299294282202347 |   0.9127242762695589 | 2.0224999897671507 |   1.1024286529067788
 Harrison County   |   1999 | 1.2880247196987555 |   0.8386844690094724 |  3.194694013325235 |   1.5690789385662796
 Henderson County  |   1999 |  1.058634160024798 |   0.6598954245773494 | 2.3225376614841804 |    2.134996208555501
 Iron County       |   1999 | 0.9454306860399279 |   0.9329391088540843 | 2.8177723635837477 |   1.3857685254817231
 Jackson County    |   1999 | 1.3730945153228145 |   1.0498820643463318 |  2.024898532991857 |   1.8372869548095199
 Jefferson County  |   1999 | 0.8536212210208821 |   0.8505210948075618 | 2.6147657392302963 |    2.342543744492677
 Jones County      |   1999 |   1.22619378260127 |   0.5244286332524706 |   5.25399313126908 |   0.9830385528967173
 Lamar County      |   1999 | 0.7504968036701142 |   0.5356125934284411 |  3.234575984408971 |   2.6257305021490907
 Leelanau County   |   1999 | 0.8736552507952793 |    0.442813391695051 |  2.069424146456949 |   0.6446397695582423
 Mineral County    |   1999 | 1.5962992152205036 |   0.5329548766791263 |  3.241514786974391 |    2.007603111860464
 Montour County    |   1999 | 1.0588280523647904 |   0.7332259161957324 |  5.322395820095636 |   1.8769955078065272
 Morton County     |   1999 | 1.1034985448374701 |   0.6940909310136745 | 2.3408956831723557 |    1.392965559529676
 New Castle County |   1999 | 1.6798445358939187 |   1.0282676209122577 | 1.0386259128544104 |   0.6646037740358761
 Newton County     |   1999 | 1.7587368696874572 |   0.6481182479945495 |  2.773646154630845 |    1.327152550693687
 Oakland County    |   1999 |  1.218968304518776 |   1.1803846764565213 | 0.4076100230990935 |   0.3504168752620448
 Perquimans County |   1999 | 1.5625048613863326 |   0.5614897543881371 | 0.5246074541300325 |  0.11000577199953306
 Polk County       |   1999 | 0.9237051520996803 |   0.7262159209006563 | 1.7935292288140177 |   1.3761779617432626
 Richland County   |   1999 | 2.4968009473867783 |   1.2106440153886313 |  4.332996666740843 |   1.8989924443604882
 Robertson County  |   1999 | 1.2995166249153303 |   1.2506680793886504 | 1.4934668696077797 |   1.4575251048315812
 Schley County     |   1999 | 1.7591676476150342 |   1.1005839802065966 | 1.0576091863709856 |   0.9326303482492806
 Scott County      |   1999 | 2.2259335079576945 |   1.2406726033293825 | 1.3572207939722016 |   1.2334627733875445
 Somerset County   |   1999 | 1.1266630652223877 |   1.0741789499590477 | 2.7837557336554974 |   1.3714393026822251
 Tyler County      |   1999 |  1.984370418918836 |   0.8584800750981479 | 1.0227383993179426 |   0.3742977616883373
 Union County      |   1999 | 1.1994565662753582 |   0.9887744744537444 | 1.7602810946883216 |    1.112242277946576
 Upshur County     |   1999 | 1.2071287590718567 |   1.0584020817338287 |  2.017732361878468 |   1.8718169098635582
 Waseca County     |   1999 | 0.6548741653765809 |  0.33661180354493775 |  3.399821294828855 |   2.3776117794483884
 White County      |   1999 | 1.2693538694493385 |   0.9624339225552336 | 1.2488630169644703 |   1.1223608621942895
 Wright County     |   1999 | 2.5457800119392084 |   1.7304594267639524 | 3.0141881503872185 |   1.1412145612386961
(42 rows)

UPDATE time_statistics SET e_time = TRANSACTION_TIMESTAMP() WHERE template = 'query31.tpl' AND stream = 0;
psql:/tmp/s1-basline/power/query_0.sql:1716: NOTICE:  duration: 0.029 ms  plan:
Query Text: UPDATE time_statistics SET e_time = TRANSACTION_TIMESTAMP() WHERE template = 'query31.tpl' AND stream = 0;
Update on time_statistics  (cost=0.00..1.42 rows=0 width=0) (actual time=0.029..0.029 rows=0 loops=1)
  ->  Seq Scan on time_statistics  (cost=0.00..1.42 rows=1 width=14) (actual time=0.016..0.016 rows=1 loops=1)
        Filter: ((template = 'query31.tpl'::text) AND (stream = 0))
        Rows Removed by Filter: 31
UPDATE 1
LOAD 'auto_explain'; SET auto_explain.log_min_duration TO 0; SET auto_explain.log_analyze TO on; SET auto_explain.log_level TO notice; INSERT INTO time_statistics (template, s_time, stream, query, seed) VALUES ('../query_postgresql/query32.tpl', TRANSACTION_TIMESTAMP(), 0, 32, 1857834661);
LOAD
SET
SET
SET
psql:/tmp/s1-basline/power/query_0.sql:1717: NOTICE:  duration: 0.008 ms  plan:
Query Text: INSERT INTO time_statistics (template, s_time, stream, query, seed) VALUES ('../query_postgresql/query32.tpl', TRANSACTION_TIMESTAMP(), 0, 32, 1857834661);
Insert on time_statistics  (cost=0.00..0.01 rows=0 width=0) (actual time=0.008..0.008 rows=0 loops=1)
  ->  Result  (cost=0.00..0.01 rows=1 width=64) (actual time=0.001..0.002 rows=1 loops=1)
INSERT 0 1
select  sum(cs_ext_discount_amt)  as "excess discount amount" 
from 
   catalog_sales 
   ,item 
   ,date_dim
where
i_manufact_id = 662
and i_item_sk = cs_item_sk 
and d_date between '2000-01-28' and 
        (cast('2000-01-28' as date) + interval '90 days')
and d_date_sk = cs_sold_date_sk 
and cs_ext_discount_amt  
     > ( 
         select 
            1.3 * avg(cs_ext_discount_amt) 
         from 
            catalog_sales 
           ,date_dim
         where 
              cs_item_sk = i_item_sk 
          and d_date between '2000-01-28' and
                             (cast('2000-01-28' as date) + interval '90 days')
          and d_date_sk = cs_sold_date_sk 
      ) 
limit 100;
psql:/tmp/s1-basline/power/query_0.sql:1742: NOTICE:  duration: 26.748 ms  plan:
Query Text: select  sum(cs_ext_discount_amt)  as "excess discount amount" 
from 
   catalog_sales 
   ,item 
   ,date_dim
where
i_manufact_id = 662
and i_item_sk = cs_item_sk 
and d_date between '2000-01-28' and 
        (cast('2000-01-28' as date) + interval '90 days')
and d_date_sk = cs_sold_date_sk 
and cs_ext_discount_amt  
     > ( 
         select 
            1.3 * avg(cs_ext_discount_amt) 
         from 
            catalog_sales 
           ,date_dim
         where 
              cs_item_sk = i_item_sk 
          and d_date between '2000-01-28' and
                             (cast('2000-01-28' as date) + interval '90 days')
          and d_date_sk = cs_sold_date_sk 
      ) 
limit 100;
Limit  (cost=6258.14..6258.15 rows=1 width=8) (actual time=26.735..26.738 rows=1 loops=1)
  ->  Aggregate  (cost=6258.14..6258.15 rows=1 width=8) (actual time=26.735..26.737 rows=1 loops=1)
        ->  Hash Join  (cost=1481.92..6258.14 rows=1 width=8) (actual time=8.761..26.734 rows=11 loops=1)
              Hash Cond: (catalog_sales.cs_item_sk = item.i_item_sk)
              Join Filter: (catalog_sales.cs_ext_discount_amt > (SubPlan 1))
              Rows Removed by Join Filter: 21
              ->  Nested Loop  (cost=0.72..4772.41 rows=1724 width=16) (actual time=0.022..15.189 rows=41816 loops=1)
                    ->  Index Scan using i_d_date on date_dim  (cost=0.29..5.25 rows=88 width=8) (actual time=0.012..0.026 rows=91 loops=1)
                          Index Cond: ((d_date >= '2000-01-28'::date) AND (d_date <= '2000-04-27 00:00:00'::timestamp without time zone))
                    ->  Index Scan using i_cs_sold_date_sk on catalog_sales  (cost=0.43..46.35 rows=782 width=24) (actual time=0.003..0.077 rows=460 loops=91)
                          Index Cond: (cs_sold_date_sk = date_dim.d_date_sk)
              ->  Hash  (cost=1481.00..1481.00 rows=16 width=8) (actual time=6.776..6.777 rows=18 loops=1)
                    Buckets: 1024  Batches: 1  Memory Usage: 9kB
                    ->  Seq Scan on item  (cost=0.00..1481.00 rows=16 width=8) (actual time=0.442..6.772 rows=18 loops=1)
                          Filter: (i_manufact_id = 662)
                          Rows Removed by Filter: 17982
              SubPlan 1
                ->  Aggregate  (cost=106.45..106.47 rows=1 width=8) (actual time=0.067..0.067 rows=1 loops=32)
                      ->  Hash Join  (cost=6.78..106.45 rows=1 width=8) (actual time=0.033..0.066 rows=6 loops=32)
                            Hash Cond: (catalog_sales_1.cs_sold_date_sk = date_dim_1.d_date_sk)
                            ->  Index Scan using pk_catalog_sales on catalog_sales catalog_sales_1  (cost=0.43..99.86 rows=88 width=16) (actual time=0.004..0.055 rows=101 loops=32)
                                  Index Cond: (cs_item_sk = item.i_item_sk)
                            ->  Hash  (cost=5.25..5.25 rows=88 width=8) (actual time=0.036..0.036 rows=91 loops=1)
                                  Buckets: 1024  Batches: 1  Memory Usage: 12kB
                                  ->  Index Scan using i_d_date on date_dim date_dim_1  (cost=0.29..5.25 rows=88 width=8) (actual time=0.007..0.024 rows=91 loops=1)
                                        Index Cond: ((d_date >= '2000-01-28'::date) AND (d_date <= '2000-04-27 00:00:00'::timestamp without time zone))
 excess discount amount 
------------------------
                  55158
(1 row)

UPDATE time_statistics SET e_time = TRANSACTION_TIMESTAMP() WHERE template = '../query_postgresql/query32.tpl' AND stream = 0;
psql:/tmp/s1-basline/power/query_0.sql:1744: NOTICE:  duration: 0.028 ms  plan:
Query Text: UPDATE time_statistics SET e_time = TRANSACTION_TIMESTAMP() WHERE template = '../query_postgresql/query32.tpl' AND stream = 0;
Update on time_statistics  (cost=0.00..1.42 rows=0 width=0) (actual time=0.028..0.028 rows=0 loops=1)
  ->  Seq Scan on time_statistics  (cost=0.00..1.42 rows=1 width=14) (actual time=0.013..0.013 rows=1 loops=1)
        Filter: ((template = '../query_postgresql/query32.tpl'::text) AND (stream = 0))
        Rows Removed by Filter: 32
UPDATE 1
LOAD 'auto_explain'; SET auto_explain.log_min_duration TO 0; SET auto_explain.log_analyze TO on; SET auto_explain.log_level TO notice; INSERT INTO time_statistics (template, s_time, stream, query, seed) VALUES ('query33.tpl', TRANSACTION_TIMESTAMP(), 0, 33, 772249474);
LOAD
SET
SET
SET
psql:/tmp/s1-basline/power/query_0.sql:1745: NOTICE:  duration: 0.008 ms  plan:
Query Text: INSERT INTO time_statistics (template, s_time, stream, query, seed) VALUES ('query33.tpl', TRANSACTION_TIMESTAMP(), 0, 33, 772249474);
Insert on time_statistics  (cost=0.00..0.01 rows=0 width=0) (actual time=0.008..0.008 rows=0 loops=1)
  ->  Result  (cost=0.00..0.01 rows=1 width=64) (actual time=0.001..0.001 rows=1 loops=1)
INSERT 0 1
with ss as (
 select
          i_manufact_id,sum(ss_ext_sales_price) total_sales
 from
 	store_sales,
 	date_dim,
         customer_address,
         item
 where
         i_manufact_id in (select
  i_manufact_id
from
 item
where i_category in ('Electronics'))
 and     ss_item_sk              = i_item_sk
 and     ss_sold_date_sk         = d_date_sk
 and     d_year                  = 2002
 and     d_moy                   = 3
 and     ss_addr_sk              = ca_address_sk
 and     ca_gmt_offset           = -5 
 group by i_manufact_id),
 cs as (
 select
          i_manufact_id,sum(cs_ext_sales_price) total_sales
 from
 	catalog_sales,
 	date_dim,
         customer_address,
         item
 where
         i_manufact_id               in (select
  i_manufact_id
from
 item
where i_category in ('Electronics'))
 and     cs_item_sk              = i_item_sk
 and     cs_sold_date_sk         = d_date_sk
 and     d_year                  = 2002
 and     d_moy                   = 3
 and     cs_bill_addr_sk         = ca_address_sk
 and     ca_gmt_offset           = -5 
 group by i_manufact_id),
 ws as (
 select
          i_manufact_id,sum(ws_ext_sales_price) total_sales
 from
 	web_sales,
 	date_dim,
         customer_address,
         item
 where
         i_manufact_id               in (select
  i_manufact_id
from
 item
where i_category in ('Electronics'))
 and     ws_item_sk              = i_item_sk
 and     ws_sold_date_sk         = d_date_sk
 and     d_year                  = 2002
 and     d_moy                   = 3
 and     ws_bill_addr_sk         = ca_address_sk
 and     ca_gmt_offset           = -5
 group by i_manufact_id)
  select  i_manufact_id ,sum(total_sales) total_sales
 from  (select * from ss 
        union all
        select * from cs 
        union all
        select * from ws) tmp1
 group by i_manufact_id
 order by total_sales
limit 100;
psql:/tmp/s1-basline/power/query_0.sql:1817: NOTICE:  duration: 164.347 ms  plan:
Query Text: with ss as (
 select
          i_manufact_id,sum(ss_ext_sales_price) total_sales
 from
 	store_sales,
 	date_dim,
         customer_address,
         item
 where
         i_manufact_id in (select
  i_manufact_id
from
 item
where i_category in ('Electronics'))
 and     ss_item_sk              = i_item_sk
 and     ss_sold_date_sk         = d_date_sk
 and     d_year                  = 2002
 and     d_moy                   = 3
 and     ss_addr_sk              = ca_address_sk
 and     ca_gmt_offset           = -5 
 group by i_manufact_id),
 cs as (
 select
          i_manufact_id,sum(cs_ext_sales_price) total_sales
 from
 	catalog_sales,
 	date_dim,
         customer_address,
         item
 where
         i_manufact_id               in (select
  i_manufact_id
from
 item
where i_category in ('Electronics'))
 and     cs_item_sk              = i_item_sk
 and     cs_sold_date_sk         = d_date_sk
 and     d_year                  = 2002
 and     d_moy                   = 3
 and     cs_bill_addr_sk         = ca_address_sk
 and     ca_gmt_offset           = -5 
 group by i_manufact_id),
 ws as (
 select
          i_manufact_id,sum(ws_ext_sales_price) total_sales
 from
 	web_sales,
 	date_dim,
         customer_address,
         item
 where
         i_manufact_id               in (select
  i_manufact_id
from
 item
where i_category in ('Electronics'))
 and     ws_item_sk              = i_item_sk
 and     ws_sold_date_sk         = d_date_sk
 and     d_year                  = 2002
 and     d_moy                   = 3
 and     ws_bill_addr_sk         = ca_address_sk
 and     ca_gmt_offset           = -5
 group by i_manufact_id)
  select  i_manufact_id ,sum(total_sales) total_sales
 from  (select * from ss 
        union all
        select * from cs 
        union all
        select * from ws) tmp1
 group by i_manufact_id
 order by total_sales
limit 100;
Limit  (cost=45938.20..45938.45 rows=100 width=12) (actual time=135.753..164.315 rows=100 loops=1)
  ->  Sort  (cost=45938.20..45938.70 rows=200 width=12) (actual time=135.752..164.308 rows=100 loops=1)
        Sort Key: (sum((sum(store_sales.ss_ext_sales_price))))
        Sort Method: top-N heapsort  Memory: 33kB
        ->  Finalize GroupAggregate  (cost=45876.08..45930.55 rows=200 width=12) (actual time=134.901..164.165 rows=715 loops=1)
              Group Key: item.i_manufact_id
              ->  Gather Merge  (cost=45876.08..45926.55 rows=400 width=12) (actual time=134.897..163.901 rows=1975 loops=1)
                    Workers Planned: 2
                    Workers Launched: 2
                    ->  Partial GroupAggregate  (cost=44876.06..44880.36 rows=200 width=12) (actual time=80.832..81.052 rows=658 loops=3)
                          Group Key: item.i_manufact_id
                          ->  Sort  (cost=44876.06..44876.82 rows=307 width=12) (actual time=80.829..80.864 rows=658 loops=3)
                                Sort Key: item.i_manufact_id
                                Sort Method: quicksort  Memory: 62kB
                                Worker 0:  Sort Method: quicksort  Memory: 57kB
                                Worker 1:  Sort Method: quicksort  Memory: 63kB
                                ->  Parallel Append  (cost=15477.68..44863.37 rows=307 width=12) (actual time=79.799..80.739 rows=658 loops=3)
                                      ->  GroupAggregate  (cost=44850.67..44857.78 rows=406 width=12) (actual time=126.124..127.595 rows=702 loops=1)
                                            Group Key: item.i_manufact_id
                                            ->  Sort  (cost=44850.67..44851.69 rows=406 width=12) (actual time=126.114..126.730 rows=8100 loops=1)
                                                  Sort Key: item.i_manufact_id
                                                  Worker 1:  Sort Method: quicksort  Memory: 635kB
                                                  ->  Hash Join  (cost=1505.62..44833.08 rows=406 width=12) (actual time=27.137..124.047 rows=8100 loops=1)
                                                        Hash Cond: (item.i_manufact_id = item_1.i_manufact_id)
                                                        ->  Nested Loop  (cost=1.01..43322.88 rows=407 width=12) (actual time=9.338..104.556 rows=9254 loops=1)
                                                              ->  Nested Loop  (cost=0.72..43198.54 rows=407 width=16) (actual time=9.264..86.847 rows=9254 loops=1)
                                                                    ->  Nested Loop  (cost=0.43..42836.21 rows=1167 width=24) (actual time=9.199..47.351 rows=26224 loops=1)
                                                                          ->  Seq Scan on date_dim  (cost=0.00..2500.73 rows=31 width=8) (actual time=9.098..15.865 rows=31 loops=1)
                                                                                Filter: ((d_year = 2002) AND (d_moy = 3))
                                                                                Rows Removed by Filter: 73018
                                                                          ->  Index Scan using i_ss_sold_date_sk on store_sales  (cost=0.43..1286.06 rows=1508 width=32) (actual time=0.016..0.848 rows=846 loops=31)
                                                                                Index Cond: (ss_sold_date_sk = date_dim.d_date_sk)
                                                                    ->  Index Scan using pk_customer_address on customer_address  (cost=0.29..0.31 rows=1 width=8) (actual time=0.001..0.001 rows=0 loops=26224)
                                                                          Index Cond: (ca_address_sk = store_sales.ss_addr_sk)
                                                                          Filter: (ca_gmt_offset = '-5'::double precision)
                                                                          Rows Removed by Filter: 1
                                                              ->  Index Scan using pk_item on item  (cost=0.29..0.31 rows=1 width=12) (actual time=0.001..0.001 rows=1 loops=9254)
                                                                    Index Cond: (i_item_sk = store_sales.ss_item_sk)
                                                        ->  Hash  (cost=1494.02..1494.02 rows=848 width=4) (actual time=17.763..17.764 rows=720 loops=1)
                                                              Buckets: 1024  Batches: 1  Memory Usage: 34kB
                                                              ->  HashAggregate  (cost=1485.54..1494.02 rows=848 width=4) (actual time=17.600..17.663 rows=720 loops=1)
                                                                    Group Key: item_1.i_manufact_id
                                                                    Worker 1:  Batches: 1  Memory Usage: 105kB
                                                                    ->  Seq Scan on item item_1  (cost=0.00..1481.00 rows=1815 width=4) (actual time=0.032..17.228 rows=1815 loops=1)
                                                                          Filter: (i_category = 'Electronics'::bpchar)
                                                                          Rows Removed by Filter: 16185
                                      ->  GroupAggregate  (cost=15477.68..15479.62 rows=111 width=12) (actual time=60.659..61.093 rows=592 loops=1)
                                            Group Key: item_2.i_manufact_id
                                            ->  Sort  (cost=15477.68..15477.96 rows=111 width=12) (actual time=60.652..60.772 rows=2018 loops=1)
                                                  Sort Key: item_2.i_manufact_id
                                                  Worker 0:  Sort Method: quicksort  Memory: 159kB
                                                  ->  Hash Join  (cost=1505.62..15473.91 rows=111 width=12) (actual time=25.500..60.125 rows=2018 loops=1)
                                                        Hash Cond: (item_2.i_manufact_id = item_3.i_manufact_id)
                                                        ->  Nested Loop  (cost=1.00..13967.76 rows=111 width=12) (actual time=8.653..42.834 rows=2334 loops=1)
                                                              ->  Nested Loop  (cost=0.71..13933.69 rows=111 width=16) (actual time=8.591..37.555 rows=2334 loops=1)
                                                                    ->  Nested Loop  (cost=0.42..13838.54 rows=305 width=24) (actual time=8.413..25.232 rows=6688 loops=1)
                                                                          ->  Seq Scan on date_dim date_dim_1  (cost=0.00..2500.73 rows=31 width=8) (actual time=8.322..15.131 rows=31 loops=1)
                                                                                Filter: ((d_year = 2002) AND (d_moy = 3))
                                                                                Rows Removed by Filter: 73018
                                                                          ->  Index Scan using i_ws_sold_date_sk on web_sales  (cost=0.42..361.79 rows=395 width=32) (actual time=0.017..0.281 rows=216 loops=31)
                                                                                Index Cond: (ws_sold_date_sk = date_dim_1.d_date_sk)
                                                                    ->  Index Scan using pk_customer_address on customer_address customer_address_1  (cost=0.29..0.31 rows=1 width=8) (actual time=0.002..0.002 rows=0 loops=6688)
                                                                          Index Cond: (ca_address_sk = web_sales.ws_bill_addr_sk)
                                                                          Filter: (ca_gmt_offset = '-5'::double precision)
                                                                          Rows Removed by Filter: 1
                                                              ->  Index Scan using pk_item on item item_2  (cost=0.29..0.31 rows=1 width=12) (actual time=0.002..0.002 rows=1 loops=2334)
                                                                    Index Cond: (i_item_sk = web_sales.ws_item_sk)
                                                        ->  Hash  (cost=1494.02..1494.02 rows=848 width=4) (actual time=16.811..16.811 rows=720 loops=1)
                                                              Buckets: 1024  Batches: 1  Memory Usage: 34kB
                                                              ->  HashAggregate  (cost=1485.54..1494.02 rows=848 width=4) (actual time=16.645..16.707 rows=720 loops=1)
                                                                    Group Key: item_3.i_manufact_id
                                                                    Worker 0:  Batches: 1  Memory Usage: 105kB
                                                                    ->  Seq Scan on item item_3  (cost=0.00..1481.00 rows=1815 width=4) (actual time=0.031..16.270 rows=1815 loops=1)
                                                                          Filter: (i_category = 'Electronics'::bpchar)
                                                                          Rows Removed by Filter: 16185
                                      ->  GroupAggregate  (cost=5968.63..5972.48 rows=220 width=12) (actual time=52.610..53.388 rows=681 loops=1)
                                            Group Key: item_4.i_manufact_id
                                            ->  Sort  (cost=5968.63..5969.18 rows=220 width=12) (actual time=52.602..52.842 rows=4399 loops=1)
                                                  Sort Key: item_4.i_manufact_id
                                                  Sort Method: quicksort  Memory: 433kB
                                                  ->  Hash Join  (cost=1505.62..5960.07 rows=220 width=12) (actual time=12.337..51.813 rows=4399 loops=1)
                                                        Hash Cond: (item_4.i_manufact_id = item_5.i_manufact_id)
                                                        ->  Nested Loop  (cost=1.00..4452.42 rows=221 width=12) (actual time=4.373..42.983 rows=5019 loops=1)
                                                              ->  Nested Loop  (cost=0.72..4384.80 rows=221 width=16) (actual time=4.368..34.585 rows=5019 loops=1)
                                                                    ->  Nested Loop  (cost=0.43..4196.04 rows=607 width=24) (actual time=4.325..14.752 rows=13807 loops=1)
                                                                          ->  Seq Scan on date_dim date_dim_2  (cost=0.00..2500.73 rows=31 width=8) (actual time=4.313..8.854 rows=31 loops=1)
                                                                                Filter: ((d_year = 2002) AND (d_moy = 3))
                                                                                Rows Removed by Filter: 73018
                                                                          ->  Index Scan using i_cs_sold_date_sk on catalog_sales  (cost=0.43..46.87 rows=782 width=32) (actual time=0.004..0.110 rows=445 loops=31)
                                                                                Index Cond: (cs_sold_date_sk = date_dim_2.d_date_sk)
                                                                    ->  Index Scan using pk_customer_address on customer_address customer_address_2  (cost=0.29..0.31 rows=1 width=8) (actual time=0.001..0.001 rows=0 loops=13807)
                                                                          Index Cond: (ca_address_sk = catalog_sales.cs_bill_addr_sk)
                                                                          Filter: (ca_gmt_offset = '-5'::double precision)
                                                                          Rows Removed by Filter: 1
                                                              ->  Index Scan using pk_item on item item_4  (cost=0.29..0.31 rows=1 width=12) (actual time=0.001..0.001 rows=1 loops=5019)
                                                                    Index Cond: (i_item_sk = catalog_sales.cs_item_sk)
                                                        ->  Hash  (cost=1494.02..1494.02 rows=848 width=4) (actual time=7.951..7.952 rows=720 loops=1)
                                                              Buckets: 1024  Batches: 1  Memory Usage: 34kB
                                                              ->  HashAggregate  (cost=1485.54..1494.02 rows=848 width=4) (actual time=7.817..7.879 rows=720 loops=1)
                                                                    Group Key: item_5.i_manufact_id
                                                                    Batches: 1  Memory Usage: 105kB
                                                                    ->  Seq Scan on item item_5  (cost=0.00..1481.00 rows=1815 width=4) (actual time=0.004..7.516 rows=1815 loops=1)
                                                                          Filter: (i_category = 'Electronics'::bpchar)
                                                                          Rows Removed by Filter: 16185
 i_manufact_id |    total_sales     
---------------+--------------------
           727 |              42.84
           803 | 220.29000000000002
           718 |              269.8
           862 |             387.72
           890 |  958.5699999999999
           816 |            1313.25
           951 | 1399.0700000000002
           772 | 1512.5500000000002
           739 |            1755.62
           979 | 1787.1199999999997
           824 | 1936.2000000000003
           771 |            1990.66
           738 |            2154.24
           912 |            2389.15
           969 |            2563.02
           427 | 2584.6099999999997
           972 |            2741.31
           914 |             2845.4
           728 | 3023.7000000000003
           815 |            3027.87
           717 | 3047.7400000000002
           875 |            3268.76
           895 |            3486.84
           856 |             3494.4
           978 | 3693.2799999999997
           809 |            3699.33
           825 | 3951.3600000000006
           759 |            4107.58
           463 | 4115.1900000000005
           976 |            4207.05
           974 |            4423.67
           701 |  4571.780000000001
           999 |            4583.56
           861 |            4590.04
           580 |  4662.860000000001
           901 |            4687.95
           883 |  5057.209999999999
           693 |            5132.86
           379 | 5482.3099999999995
           903 |            5735.76
           835 |            5756.32
           358 |            6031.28
           822 |  6358.169999999999
           647 |  6418.780000000001
           782 |            6473.18
           833 |            6899.76
           709 |            7054.32
           749 | 7388.5199999999995
           706 |             7519.1
           977 |            7570.39
           359 |            7631.42
           595 |            7632.75
           777 |            7810.59
           622 |            7820.91
           923 |            7955.15
           877 |            8314.08
           941 |            8356.63
           677 |            8401.51
           794 |            8441.74
           422 |            8446.96
           557 |  8544.529999999999
           837 |            8869.02
           690 |            8919.41
           860 |            9132.03
           606 |            9214.69
           408 |            9542.07
           531 |            9890.53
           338 | 10357.620000000003
           550 |           10364.21
           944 |           10565.67
           960 | 10628.330000000002
           880 |           10678.25
           793 |           10781.01
           673 |           10924.39
           434 |           11029.37
           922 | 11175.130000000001
           577 |           11398.54
           683 |            11399.9
           884 |           11404.75
           689 |           11477.44
           679 |           11485.36
           847 |           11715.02
           623 |           11757.36
           493 | 12013.529999999999
           967 | 12057.830000000002
           607 |           12104.61
           389 | 12117.910000000002
           534 |           12181.68
           970 |           12369.13
           795 |           12397.89
           600 | 12423.970000000001
           848 | 12584.199999999999
           443 | 12660.650000000001
           625 |           12699.85
           396 |            12914.1
           691 |           12968.34
           685 | 13203.279999999999
           823 | 13228.349999999999
           879 |           13250.43
           437 | 13263.460000000001
(100 rows)

UPDATE time_statistics SET e_time = TRANSACTION_TIMESTAMP() WHERE template = 'query33.tpl' AND stream = 0;
psql:/tmp/s1-basline/power/query_0.sql:1819: NOTICE:  duration: 0.028 ms  plan:
Query Text: UPDATE time_statistics SET e_time = TRANSACTION_TIMESTAMP() WHERE template = 'query33.tpl' AND stream = 0;
Update on time_statistics  (cost=0.00..1.42 rows=0 width=0) (actual time=0.027..0.028 rows=0 loops=1)
  ->  Seq Scan on time_statistics  (cost=0.00..1.42 rows=1 width=14) (actual time=0.013..0.014 rows=1 loops=1)
        Filter: ((template = 'query33.tpl'::text) AND (stream = 0))
        Rows Removed by Filter: 33
UPDATE 1
LOAD 'auto_explain'; SET auto_explain.log_min_duration TO 0; SET auto_explain.log_analyze TO on; SET auto_explain.log_level TO notice; INSERT INTO time_statistics (template, s_time, stream, query, seed) VALUES ('query34.tpl', TRANSACTION_TIMESTAMP(), 0, 34, 274693911);
LOAD
SET
SET
SET
psql:/tmp/s1-basline/power/query_0.sql:1820: NOTICE:  duration: 0.008 ms  plan:
Query Text: INSERT INTO time_statistics (template, s_time, stream, query, seed) VALUES ('query34.tpl', TRANSACTION_TIMESTAMP(), 0, 34, 274693911);
Insert on time_statistics  (cost=0.00..0.01 rows=0 width=0) (actual time=0.007..0.008 rows=0 loops=1)
  ->  Result  (cost=0.00..0.01 rows=1 width=64) (actual time=0.001..0.001 rows=1 loops=1)
INSERT 0 1
select c_last_name
       ,c_first_name
       ,c_salutation
       ,c_preferred_cust_flag
       ,ss_ticket_number
       ,cnt from
   (select ss_ticket_number
          ,ss_customer_sk
          ,count(*) cnt
    from store_sales,date_dim,store,household_demographics
    where store_sales.ss_sold_date_sk = date_dim.d_date_sk
    and store_sales.ss_store_sk = store.s_store_sk  
    and store_sales.ss_hdemo_sk = household_demographics.hd_demo_sk
    and (date_dim.d_dom between 1 and 3 or date_dim.d_dom between 25 and 28)
    and (household_demographics.hd_buy_potential = '1001-5000' or
         household_demographics.hd_buy_potential = '0-500')
    and household_demographics.hd_vehicle_count > 0
    and (case when household_demographics.hd_vehicle_count > 0 
	then household_demographics.hd_dep_count/ household_demographics.hd_vehicle_count 
	else null 
	end)  > 1.2
    and date_dim.d_year in (2000,2000+1,2000+2)
    and store.s_county in ('Williamson County','Williamson County','Williamson County','Williamson County',
                           'Williamson County','Williamson County','Williamson County','Williamson County')
    group by ss_ticket_number,ss_customer_sk) dn,customer
    where ss_customer_sk = c_customer_sk
      and cnt between 15 and 20
    order by c_last_name,c_first_name,c_salutation,c_preferred_cust_flag desc, ss_ticket_number;
psql:/tmp/s1-basline/power/query_0.sql:1848: NOTICE:  duration: 385.496 ms  plan:
Query Text: select c_last_name
       ,c_first_name
       ,c_salutation
       ,c_preferred_cust_flag
       ,ss_ticket_number
       ,cnt from
   (select ss_ticket_number
          ,ss_customer_sk
          ,count(*) cnt
    from store_sales,date_dim,store,household_demographics
    where store_sales.ss_sold_date_sk = date_dim.d_date_sk
    and store_sales.ss_store_sk = store.s_store_sk  
    and store_sales.ss_hdemo_sk = household_demographics.hd_demo_sk
    and (date_dim.d_dom between 1 and 3 or date_dim.d_dom between 25 and 28)
    and (household_demographics.hd_buy_potential = '1001-5000' or
         household_demographics.hd_buy_potential = '0-500')
    and household_demographics.hd_vehicle_count > 0
    and (case when household_demographics.hd_vehicle_count > 0 
	then household_demographics.hd_dep_count/ household_demographics.hd_vehicle_count 
	else null 
	end)  > 1.2
    and date_dim.d_year in (2000,2000+1,2000+2)
    and store.s_county in ('Williamson County','Williamson County','Williamson County','Williamson County',
                           'Williamson County','Williamson County','Williamson County','Williamson County')
    group by ss_ticket_number,ss_customer_sk) dn,customer
    where ss_customer_sk = c_customer_sk
      and cnt between 15 and 20
    order by c_last_name,c_first_name,c_salutation,c_preferred_cust_flag desc, ss_ticket_number;
Sort  (cost=92299.45..92299.60 rows=61 width=81) (actual time=316.031..385.319 rows=371 loops=1)
  Sort Key: customer.c_last_name, customer.c_first_name, customer.c_salutation, customer.c_preferred_cust_flag DESC, store_sales.ss_ticket_number
  Sort Method: quicksort  Memory: 70kB
  ->  Nested Loop  (cost=92081.40..92297.64 rows=61 width=81) (actual time=310.636..384.780 rows=371 loops=1)
        ->  Finalize GroupAggregate  (cost=92081.11..92150.52 rows=61 width=24) (actual time=310.624..383.670 rows=371 loops=1)
              Group Key: store_sales.ss_ticket_number, store_sales.ss_customer_sk
              Filter: ((count(*) >= 15) AND (count(*) <= 20))
              Rows Removed by Filter: 3517
              ->  Gather Merge  (cost=92081.11..92138.80 rows=460 width=24) (actual time=310.600..382.808 rows=3912 loops=1)
                    Workers Planned: 2
                    Workers Launched: 2
                    ->  Partial GroupAggregate  (cost=91081.08..91085.68 rows=230 width=24) (actual time=305.308..307.222 rows=1304 loops=3)
                          Group Key: store_sales.ss_ticket_number, store_sales.ss_customer_sk
                          ->  Sort  (cost=91081.08..91081.66 rows=230 width=16) (actual time=305.300..305.832 rows=13529 loops=3)
                                Sort Key: store_sales.ss_ticket_number, store_sales.ss_customer_sk
                                Sort Method: quicksort  Memory: 1715kB
                                Worker 0:  Sort Method: quicksort  Memory: 1015kB
                                Worker 1:  Sort Method: quicksort  Memory: 1025kB
                                ->  Hash Join  (cost=265.81..91072.06 rows=230 width=16) (actual time=2.007..302.596 rows=13529 loops=3)
                                      Hash Cond: (store_sales.ss_store_sk = store.s_store_sk)
                                      ->  Nested Loop  (cost=264.42..91069.83 rows=241 width=24) (actual time=1.944..300.392 rows=13701 loops=3)
                                            ->  Hash Join  (cost=264.11..88537.13 rows=77644 width=32) (actual time=1.674..269.211 rows=102051 loops=3)
                                                  Hash Cond: (store_sales.ss_hdemo_sk = household_demographics.hd_demo_sk)
                                                  ->  Parallel Seq Scan on store_sales  (cost=0.00..85123.48 rows=1199148 width=40) (actual time=0.016..128.699 rows=959309 loops=3)
                                                  ->  Hash  (cost=258.00..258.00 rows=489 width=8) (actual time=1.566..1.567 rows=800 loops=3)
                                                        Buckets: 1024  Batches: 1  Memory Usage: 40kB
                                                        ->  Seq Scan on household_demographics  (cost=0.00..258.00 rows=489 width=8) (actual time=0.242..1.462 rows=800 loops=3)
                                                              Filter: ((hd_vehicle_count > 0) AND ((hd_buy_potential = '1001-5000'::bpchar) OR (hd_buy_potential = '0-500'::bpchar)) AND ((CASE WHEN (hd_vehicle_count > 0) THEN (hd_dep_count / hd_vehicle_count) ELSE NULL::integer END)::numeric > 1.2))
                                                              Rows Removed by Filter: 6400
                                            ->  Memoize  (cost=0.30..0.33 rows=1 width=8) (actual time=0.000..0.000 rows=0 loops=306152)
                                                  Cache Key: store_sales.ss_sold_date_sk
                                                  Cache Mode: logical
                                                  Hits: 129615  Misses: 1790  Evictions: 0  Overflows: 0  Memory Usage: 136kB
                                                  Worker 0:  Hits: 83632  Misses: 1704  Evictions: 0  Overflows: 0  Memory Usage: 130kB
                                                  Worker 1:  Hits: 87672  Misses: 1739  Evictions: 0  Overflows: 0  Memory Usage: 132kB
                                                  ->  Index Scan using pk_date_dim on date_dim  (cost=0.29..0.32 rows=1 width=8) (actual time=0.002..0.002 rows=0 loops=5233)
                                                        Index Cond: (d_date_sk = store_sales.ss_sold_date_sk)
                                                        Filter: ((d_year = ANY ('{2000,2001,2002}'::integer[])) AND (((d_dom >= 1) AND (d_dom <= 3)) OR ((d_dom >= 25) AND (d_dom <= 28))))
                                                        Rows Removed by Filter: 1
                                      ->  Hash  (cost=1.24..1.24 rows=12 width=8) (actual time=0.043..0.043 rows=12 loops=3)
                                            Buckets: 1024  Batches: 1  Memory Usage: 9kB
                                            ->  Seq Scan on store  (cost=0.00..1.24 rows=12 width=8) (actual time=0.034..0.039 rows=12 loops=3)
                                                  Filter: ((s_county)::text = ANY ('{"Williamson County","Williamson County","Williamson County","Williamson County","Williamson County","Williamson County","Williamson County","Williamson County"}'::text[]))
        ->  Index Scan using pk_customer on customer  (cost=0.29..2.40 rows=1 width=73) (actual time=0.003..0.003 rows=1 loops=371)
              Index Cond: (c_customer_sk = store_sales.ss_customer_sk)
          c_last_name           |     c_first_name     | c_salutation | c_preferred_cust_flag | ss_ticket_number | cnt 
--------------------------------+----------------------+--------------+-----------------------+------------------+-----
 Adams                          | Doyle                | Dr.          | Y                     |           149883 |  15
 Adkins                         | Robert               | Sir          | Y                     |            71245 |  15
 Aguilar                        | Michelle             | Dr.          | N                     |           104649 |  15
 Allen                          | Christina            | Miss         | Y                     |           203492 |  16
 Allen                          | Vanessa              | Dr.          | N                     |           185845 |  15
 Andrade                        | Celia                | Dr.          | Y                     |            48255 |  16
 Anthony                        | Wayne                | Sir          | Y                     |              531 |  15
 Appleton                       | Roseanne             | Ms.          | N                     |           170849 |  16
 Arevalo                        | Leon                 | Mr.          | N                     |            10789 |  15
 Ball                           | Tonya                | Miss         | N                     |           148412 |  15
 Banks                          | Marylee              | Miss         | Y                     |            75132 |  16
 Barrows                        | Eva                  | Dr.          | N                     |             7934 |  15
 Bates                          | Chester              | Dr.          | N                     |           231811 |  16
 Beal                           | Russell              | Dr.          | N                     |           156032 |  15
 Begay                          | Margaret             | Mrs.         | N                     |           166036 |  15
 Bell                           | Hilda                | Ms.          | Y                     |            19832 |  15
 Bounds                         | Tamara               | Dr.          | Y                     |            95635 |  15
 Bowers                         | Terese               | Miss         | Y                     |            13510 |  16
 Bowman                         | Linda                | Ms.          | Y                     |           222808 |  16
 Boyd                           | Bruce                | Mr.          | Y                     |           206244 |  15
 Boyd                           | Ola                  | Dr.          | N                     |           150599 |  15
 Bradbury                       | John                 | Sir          | N                     |            74696 |  16
 Braxton                        | Bruce                | Dr.          | Y                     |            32856 |  16
 Bridges                        | Daniel               | Mr.          | Y                     |           217026 |  15
 Brim                           | Odell                | Mr.          | N                     |            93885 |  16
 Brooks                         | Matthew              | Sir          | N                     |           136086 |  15
 Brown                          | Alisha               | Dr.          | N                     |           134018 |  16
 Brown                          | Cindy                | Miss         | Y                     |           219531 |  15
 Brown                          | David                | Sir          | Y                     |           136851 |  15
 Brown                          | Stephanie            | Dr.          | N                     |            38497 |  16
 Brunson                        | Lori                 | Miss         | N                     |           184770 |  15
 Bryant                         | Ernest               | Mr.          | Y                     |           183501 |  15
 Burton                         | Sheila               | Mrs.         | Y                     |            84211 |  16
 Bush                           | Michael              | Sir          | N                     |           185193 |  16
 Campbell                       | Kimberly             | Miss         | Y                     |           176619 |  16
 Campbell                       | Robert               | Sir          | N                     |           202834 |  15
 Cano                           | Madeleine            | Ms.          | N                     |           150776 |  15
 Carmona                        | Marina               | Mrs.         | Y                     |            17585 |  15
 Caron                          | James                | Sir          | N                     |           235683 |  15
 Carter                         | Mark                 | Sir          | N                     |           229733 |  15
 Chambliss                      | Brian                | Dr.          | Y                     |             2130 |  15
 Chavis                         | Anthony              | Dr.          | Y                     |           239570 |  15
 Clark                          | Steven               | Sir          | N                     |            55166 |  15
 Clawson                        | Robert               | Mr.          | N                     |           222901 |  15
 Coffman                        | Ronny                | Sir          | N                     |           197668 |  15
 Cole                           | Cheryl               | Miss         | N                     |           173548 |  15
 Combs                          | Betty                | Ms.          | Y                     |           136976 |  15
 Cooper                         | Mariam               | Dr.          | Y                     |           152320 |  16
 Corcoran                       | Mark                 | Mr.          | Y                     |           170378 |  15
 Cordell                        | Russell              | Sir          | Y                     |            68272 |  15
 Cormier                        | Cheryl               | Miss         | N                     |            58216 |  15
 Costa                          | Bryant               | Dr.          | N                     |            68920 |  15
 Costa                          | Sharon               | Mrs.         | Y                     |            55694 |  15
 Crawford                       | Christopher          | Mr.          | Y                     |           237752 |  15
 Crook                          | Charles              | Dr.          | Y                     |           162994 |  15
 Cross                          | Lela                 | Ms.          | N                     |           181131 |  15
 Cruz                           | Jeff                 | Dr.          | Y                     |           195171 |  15
 Culp                           | Herman               | Dr.          | N                     |           202938 |  16
 Curtis                         | Debra                | Miss         |                       |            79036 |  16
 Cyr                            | Jennie               | Mrs.         | N                     |            68605 |  16
 Davenport                      | Joseph               | Mr.          | N                     |            12161 |  16
 David                          | Frank                | Dr.          | N                     |            36709 |  15
 Davis                          | Bernadette           | Ms.          | Y                     |           212016 |  15
 Davis                          | David                | Dr.          | N                     |           104350 |  15
 Davis                          | James                | Sir          | N                     |            68039 |  15
 Davis                          | Loretta              | Ms.          | Y                     |           166993 |  15
 Davis                          | Salvador             | Mr.          | N                     |            65678 |  15
 Dawson                         | Joanna               | Dr.          | Y                     |            41907 |  15
 Diaz                           | Christopher          | Sir          | Y                     |            71182 |  16
 Dodd                           | Marcy                | Dr.          | Y                     |           168549 |  16
 Dodson                         | Mildred              | Miss         | N                     |            60234 |  16
 Donahue                        | James                | Mr.          | Y                     |            55642 |  15
 Donahue                        | Marian               | Dr.          | N                     |           212630 |  15
 Doss                           | David                | Mr.          | Y                     |           227855 |  15
 Drury                          | Jeffrey              | Dr.          | Y                     |            52259 |  15
 Duncan                         | Samuel               |              | N                     |            63791 |  15
 Duvall                         | Corinne              | Miss         | N                     |           109197 |  16
 Easley                         | Rebecca              | Ms.          | N                     |           187520 |  15
 Ellis                          |                      |              | Y                     |             8429 |  15
 Evans                          | Arthur               | Miss         | Y                     |           199668 |  15
 Felton                         | Donald               | Dr.          | Y                     |           112765 |  16
 Fisher                         | James                | Sir          | N                     |            32343 |  15
 Fisk                           | Wilford              | Dr.          | Y                     |            21149 |  15
 Flores                         | Alisha               | Miss         | Y                     |           187494 |  15
 Floyd                          | Raymond              |              |                       |            41721 |  15
 Freeman                        | Jack                 | Dr.          | N                     |           174591 |  15
 Frye                           | Loretta              | Ms.          | N                     |           214995 |  15
 Fuller                         | Gary                 | Dr.          | Y                     |           159069 |  15
 Fuqua                          | Lisa                 | Ms.          | N                     |           145424 |  15
 Gabriel                        | Tristan              | Dr.          | N                     |            70012 |  15
 Gantt                          | Veronica             | Mrs.         | Y                     |           105451 |  15
 Garcia                         | Michael              | Dr.          | Y                     |           180099 |  15
 Garcia                         | Robert               | Sir          | N                     |           162286 |  15
 Garcia                         | Susan                | Dr.          | Y                     |            17696 |  16
 Garcia                         | Tina                 | Dr.          | Y                     |           205702 |  16
 Gentry                         | Janie                | Ms.          | N                     |           221996 |  15
 George                         | Anna                 | Miss         | Y                     |           153300 |  15
 Gibbs                          | Alice                | Miss         | N                     |            60790 |  15
 Gillespie                      | Jerry                | Mr.          | Y                     |            34460 |  16
 Glenn                          | Jose                 | Sir          | Y                     |            40403 |  15
 Goff                           | Edward               |              |                       |            40521 |  15
 Goodwin                        | Iona                 | Dr.          | Y                     |            65406 |  15
 Gordon                         | Nancy                | Dr.          | N                     |            70863 |  15
 Gould                          | Edgar                | Dr.          | N                     |           194584 |  15
 Grady                          | Robert               | Mr.          | N                     |           212756 |  15
 Graham                         | James                | Dr.          | N                     |            73542 |  15
 Gray                           | Estela               | Ms.          | Y                     |            72277 |  15
 Green                          | Christopher          | Dr.          | N                     |           186667 |  16
 Green                          | Preston              | Sir          | Y                     |            72857 |  15
 Grenier                        | Geneva               | Dr.          | Y                     |           104062 |  15
 Hall                           | Catherine            | Mrs.         | N                     |           194340 |  15
 Hall                           | Marvin               | Dr.          | Y                     |           212003 |  15
 Hall                           | Roger                | Dr.          | N                     |            26547 |  16
 Hamilton                       | Monica               | Miss         | Y                     |             8373 |  16
 Hankins                        | Adriana              | Ms.          | Y                     |           111187 |  16
 Hanson                         | Emily                | Dr.          | Y                     |           153939 |  15
 Hargrave                       | Sarah                | Dr.          | N                     |           125473 |  15
 Harper                         | Larry                | Mr.          | Y                     |           101288 |  15
 Harrell                        | Kira                 | Mrs.         | Y                     |           212172 |  16
 Harris                         | Andres               | Dr.          | N                     |           116757 |  15
 Harris                         | Michael              | Sir          | N                     |           237013 |  15
 Harris                         | Robert               | Dr.          | N                     |           114964 |  16
 Harris                         | Stephen              | Dr.          | Y                     |            39373 |  16
 Hastings                       | Thad                 | Mr.          | Y                     |           154585 |  15
 Hayes                          | Andrew               | Dr.          | Y                     |           210198 |  15
 Hayes                          | Teresa               | Dr.          | Y                     |            33124 |  15
 Healy                          | Jamie                | Mr.          | N                     |             9874 |  15
 Hebert                         | Kum                  | Mrs.         | Y                     |            59909 |  15
 Hedrick                        | Rosalind             | Ms.          | Y                     |           120462 |  16
 Henderson                      | Richard              | Mr.          | Y                     |           228198 |  15
 Hendricks                      | Becky                | Dr.          | Y                     |           145847 |  15
 Hensley                        | John                 | Mr.          | N                     |           171873 |  15
 Hermann                        | Vernell              | Dr.          | N                     |            37669 |  15
 Hernandez                      | Monte                | Mr.          | Y                     |            47350 |  15
 Hernandez                      | Ruth                 | Miss         | N                     |           218908 |  16
 Hicks                          | Michelle             | Dr.          | Y                     |           103881 |  16
 Higgins                        | Sanjuanita           | Dr.          | Y                     |            63928 |  16
 Hill                           | Dwayne               | Dr.          | N                     |           101820 |  16
 Hindman                        | Bradley              | Mr.          | N                     |           210417 |  15
 Hogan                          | Deanna               | Mrs.         | N                     |            14187 |  15
 Holt                           | Jennifer             | Dr.          | Y                     |           121182 |  16
 Horn                           | Jeanie               | Ms.          | Y                     |           151540 |  15
 House                          | Margaret             | Miss         | N                     |           119451 |  15
 Howard                         | Fred                 | Mr.          | Y                     |            55486 |  16
 Howard                         | Juan                 | Sir          | Y                     |           213608 |  15
 Hudson                         | Jamel                | Mr.          | N                     |           108590 |  15
 Hudson                         | Thomas               | Sir          | Y                     |           151562 |  15
 Hutcheson                      | Rosalyn              | Mrs.         | N                     |           151257 |  15
 Hyatt                          | Joseph               | Dr.          | N                     |           112582 |  16
 Ivey                           | Livia                | Ms.          | N                     |            54081 |  15
 Jackson                        | David                | Mr.          | Y                     |           180562 |  16
 James                          | David                | Sir          | N                     |            16270 |  15
 James                          | Jeffrey              | Dr.          | N                     |            81372 |  15
 Johnson                        | Barbara              | Ms.          | Y                     |           185142 |  15
 Johnson                        | Carl                 | Mr.          | Y                     |            56612 |  16
 Johnson                        | Irene                | Dr.          | N                     |           132633 |  15
 Johnson                        | Jay                  | Mr.          | Y                     |             9311 |  16
 Johnson                        | Mark                 | Sir          | Y                     |           153196 |  15
 Jones                          | Roxanne              | Ms.          | N                     |             5016 |  15
 Jordon                         |                      | Ms.          | N                     |           148328 |  15
 Kaplan                         | David                | Dr.          |                       |           225355 |  16
 Kemp                           | Jacqueline           | Mrs.         | N                     |            26701 |  16
 Kenney                         | Terri                | Dr.          | N                     |           177288 |  15
 King                           | Edward               | Dr.          | N                     |            64906 |  15
 King                           | Joshua               | Sir          | N                     |           220130 |  15
 Knox                           | Roger                |              |                       |            30907 |  15
 Koch                           | Kathy                | Ms.          | Y                     |            26738 |  16
 Lancaster                      | Muriel               | Miss         | N                     |           196470 |  16
 Larue                          | Lillian              | Mrs.         | N                     |           174488 |  16
 Lavender                       | Chris                | Dr.          | Y                     |           106755 |  15
 Lawrence                       | James                | Dr.          | N                     |           229407 |  15
 Lawson                         | Kevin                | Sir          | Y                     |            51914 |  15
 Lee                            | Ruth                 | Mrs.         | N                     |             5143 |  15
 Leeper                         | Byron                | Dr.          | N                     |           119379 |  15
 Leon                           | Samantha             | Dr.          | Y                     |           206072 |  15
 Leonard                        | Robert               | Mr.          | Y                     |           204726 |  15
 Leonard                        | Sandra               | Mrs.         | Y                     |            72405 |  16
 Lerma                          | Rafael               | Sir          | Y                     |           159482 |  16
 Lester                         | Donald               | Sir          | Y                     |           212484 |  15
 Light                          | Deborah              | Ms.          | N                     |           122056 |  15
 Lim                            | Alyssa               | Ms.          | Y                     |           158446 |  15
 Lopez                          | Patrick              | Sir          | Y                     |           197449 |  15
 Lozano                         | Robert               | Sir          | Y                     |           149831 |  16
 Lucas                          | Elaine               | Ms.          | Y                     |            77525 |  16
 Maldonado                      | Georgina             | Ms.          | N                     |            54269 |  16
 Maloney                        | Cheryl               | Mrs.         | N                     |           231655 |  15
 Martin                         | Albert               | Miss         | N                     |           227681 |  15
 Martin                         | Chad                 | Mr.          | Y                     |             4248 |  15
 Martin                         | Crystal              | Ms.          | Y                     |           141965 |  16
 Martin                         | Peggy                | Dr.          | N                     |           135143 |  15
 Mason                          | Thomas               | Mr.          | Y                     |           183111 |  16
 Mason                          | William              | Sir          | Y                     |             7019 |  15
 Maxwell                        | Pamela               | Dr.          | N                     |           151577 |  16
 Mcintyre                       | John                 | Sir          | Y                     |           237226 |  16
 Mcknight                       | Leo                  | Sir          | N                     |           224284 |  16
 Mcknight                       | Michael              | Dr.          | Y                     |            13456 |  15
 Mcneill                        | Susan                | Miss         | N                     |            40088 |  15
 Mcvay                          | Janeen               | Ms.          | N                     |            99589 |  15
 Mcvay                          | Tami                 | Dr.          | Y                     |             9012 |  15
 Mears                          | Patty                | Dr.          | N                     |            61128 |  16
 Mendez                         | Diana                | Dr.          | Y                     |            83028 |  15
 Mendez                         | Travis               | Mr.          | Y                     |           106276 |  16
 Meredith                       | Annette              | Mrs.         | N                     |            92625 |  16
 Milam                          | Harvey               | Dr.          | N                     |           235236 |  15
 Millard                        | Leonard              | Sir          | Y                     |            28702 |  15
 Mims                           | Louis                | Sir          | N                     |           119217 |  15
 Mireles                        | Bernard              | Mr.          | N                     |           187118 |  15
 Mixon                          | David                | Mr.          | N                     |           139985 |  16
 Monroe                         | Bert                 | Mr.          | Y                     |            74910 |  15
 Moore                          |                      |              | Y                     |           239484 |  16
 Mora                           | Olga                 | Dr.          | Y                     |            25177 |  16
 Morales                        | Donna                | Dr.          | Y                     |            49860 |  16
 Moreno                         | Maxine               | Mrs.         | Y                     |           205448 |  16
 Moreno                         | Valerie              | Miss         | N                     |            55274 |  16
 Morris                         | Agnes                | Mrs.         | N                     |           236681 |  15
 Morris                         | Kenneth              | Sir          | Y                     |           101978 |  15
 Moyer                          | Dawn                 | Mrs.         | Y                     |           176914 |  15
 Muller                         | Wayne                | Sir          | N                     |            10536 |  16
 Munoz                          | Michael              | Sir          | Y                     |           107774 |  15
 Murray                         | Steve                | Mr.          | Y                     |           227695 |  15
 Myers                          | Ellen                | Miss         | N                     |           202228 |  15
 Myers                          | Warren               | Dr.          | Y                     |             1169 |  15
 Nagy                           | Robert               | Mr.          | N                     |            31178 |  15
 Nall                           | Bonita               | Ms.          | Y                     |           148138 |  16
 Nance                          | Tiffany              | Ms.          | Y                     |           235796 |  16
 Nelson                         | Consuelo             | Mrs.         | Y                     |           236869 |  15
 Nelson                         | Jimmy                | Sir          | N                     |           106959 |  15
 Nguyen                         | Hanna                | Dr.          | Y                     |           210748 |  15
 Norman                         | Christine            | Ms.          | N                     |           192464 |  16
 Norwood                        | Ona                  | Mrs.         | Y                     |           209619 |  15
 Olson                          | Elizabeth            | Ms.          | N                     |           119763 |  16
 Osgood                         | Sherry               | Mrs.         | N                     |           152609 |  15
 Ouellette                      | Brian                | Dr.          | N                     |            47627 |  16
 Outlaw                         | Dorothy              | Ms.          | N                     |           143564 |  15
 Outlaw                         | Roger                | Mr.          | N                     |            93446 |  16
 Packard                        | Stuart               | Sir          | N                     |           202776 |  16
 Pagan                          | Hector               | Dr.          | N                     |            67655 |  15
 Pena                           | Mark                 | Dr.          | N                     |             1485 |  15
 Perez                          | Janice               | Ms.          | Y                     |            52305 |  15
 Peters                         | Willard              | Mr.          | N                     |            12922 |  15
 Pickett                        | Thelma               | Miss         | Y                     |           132980 |  15
 Pierce                         | Jeff                 | Sir          | Y                     |            40234 |  15
 Pierce                         | Robert               | Dr.          | N                     |           194478 |  16
 Plummer                        | Joshua               | Mr.          | N                     |           213774 |  16
 Pollack                        | Loreen               | Miss         | Y                     |           127721 |  15
 Powell                         | Wesley               | Dr.          | N                     |           229939 |  15
 Price                          | Jeffrey              | Mr.          | Y                     |           148183 |  15
 Purdy                          | Clark                | Mr.          | N                     |            41987 |  15
 Purvis                         | Sondra               | Mrs.         | N                     |           147305 |  15
 Quarles                        | Virginia             | Mrs.         | Y                     |           148778 |  15
 Quintana                       | Victoria             | Miss         | Y                     |           205754 |  15
 Ramirez                        | Edward               | Mr.          | N                     |            20279 |  15
 Ramirez                        | Larry                | Dr.          | N                     |            23757 |  15
 Reed                           | Octavio              | Mr.          | Y                     |            31640 |  16
 Reilly                         | George               | Mr.          | N                     |           189202 |  15
 Reis                           | Angela               | Ms.          | Y                     |           125612 |  15
 Reiter                         | Wendy                | Dr.          | N                     |           172582 |  16
 Reynolds                       | Charles              | Mr.          | Y                     |           219574 |  15
 Rhea                           | David                | Mr.          | Y                     |            65424 |  16
 Richardson                     | Herman               | Sir          | N                     |           209992 |  15
 Ricks                          | Melissa              | Mrs.         | N                     |           159103 |  15
 Riggins                        | Sylvia               | Dr.          | Y                     |           160636 |  15
 Riley                          | Linda                | Ms.          | N                     |           129657 |  15
 Rivera                         | Charles              | Dr.          | Y                     |            69503 |  15
 Roberts                        | April                | Ms.          | N                     |           143122 |  15
 Roberts                        | Harold               | Sir          | N                     |           188756 |  15
 Romero                         | Kristi               | Ms.          | Y                     |           172619 |  15
 Rose                           | William              | Mr.          | N                     |            32657 |  16
 Ruby                           | Jacqueline           | Mrs.         | Y                     |              966 |  15
 Ruiz                           | Sidney               | Dr.          | N                     |           217458 |  16
 Russell                        | Richard              | Dr.          | Y                     |           115695 |  16
 Rutherford                     | Reed                 | Dr.          | Y                     |           149888 |  15
 Salinas                        | Herbert              | Mr.          | N                     |            87452 |  15
 Sanchez                        | Madge                | Miss         | N                     |           220996 |  15
 Sanders                        |                      | Sir          |                       |            24765 |  16
 Sawyer                         | Norman               | Sir          | N                     |           170516 |  15
 Schmitz                        | Alexander            | Mrs.         | Y                     |            71401 |  15
 Schneider                      | Bonita               | Ms.          | N                     |             9561 |  15
 Schrader                       | Ella                 | Ms.          | N                     |           160595 |  16
 Scott                          | Callie               | Miss         | N                     |           189879 |  15
 Scott                          | Christine            | Miss         | Y                     |            74679 |  15
 Serrano                        | Nicholas             | Dr.          | N                     |           123372 |  15
 Shafer                         | Michael              | Mr.          | N                     |           213559 |  15
 Sharp                          | Sonja                | Mrs.         | N                     |            67989 |  15
 Shaw                           | Zora                 | Ms.          | N                     |            56152 |  15
 Simms                          | Brian                | Mr.          | Y                     |            52603 |  15
 Smith                          | Gloria               | Mrs.         | N                     |           150829 |  15
 Smith                          | Jennie               | Miss         | Y                     |           231742 |  16
 Smith                          | Krista               | Dr.          | N                     |           216511 |  16
 Smith                          | Lela                 | Dr.          | N                     |           184805 |  16
 Smith                          | Linda                | Mrs.         | N                     |           163434 |  15
 Smith                          | Michael              | Dr.          | N                     |            94965 |  15
 Smith                          | Nathan               | Mr.          | Y                     |           201338 |  16
 Smith                          | Richard              | Mr.          | N                     |           178861 |  15
 Smith                          | Sandra               | Dr.          | Y                     |           236421 |  15
 Smith                          | Stephen              | Mr.          | Y                     |            89273 |  15
 Southerland                    | Michael              | Mr.          | Y                     |           191544 |  15
 Stanley                        | Jack                 | Dr.          | Y                     |            84534 |  15
 Starks                         |                      |              | Y                     |           235767 |  16
 Stevens                        | Anthony              | Ms.          | Y                     |           117226 |  15
 Stevens                        | Karen                | Dr.          | N                     |           206747 |  15
 Stewart                        | Joseph               | Mr.          | N                     |           106791 |  16
 Stone                          | Tonia                | Dr.          | N                     |           151622 |  15
 Suarez                         | Nicole               | Ms.          | N                     |           161938 |  15
 Suarez                         | Taren                | Miss         | N                     |           190961 |  15
 Swafford                       | Larry                | Sir          | Y                     |           123903 |  16
 Swartz                         | Sondra               | Mrs.         | Y                     |             2806 |  15
 Taylor                         | Rachel               | Dr.          | N                     |           123519 |  16
 Terry                          | Doris                | Miss         | N                     |            93846 |  16
 Theriot                        | Katherine            | Mrs.         | Y                     |           107897 |  15
 Thomas                         | Clifton              | Dr.          |                       |            44406 |  15
 Thomas                         | Constance            | Miss         | Y                     |            45726 |  15
 Thomas                         | Dorothy              | Dr.          | Y                     |           146387 |  15
 Thomas                         | Leroy                | Mr.          | Y                     |           152704 |  15
 Thomason                       | Roy                  | Dr.          | Y                     |            93276 |  15
 Thompson                       | Margurite            | Dr.          | N                     |           197288 |  15
 Thorton                        | Anna                 | Dr.          | Y                     |            48166 |  16
 Tilley                         | Samuel               | Sir          | N                     |           227985 |  15
 Toledo                         | Louisa               | Mrs.         | N                     |            35352 |  15
 Townsend                       | Matthew              | Mr.          | N                     |           212022 |  15
 Tucker                         | Timothy              | Dr.          | Y                     |            41259 |  15
 Turner                         | Esther               | Ms.          | Y                     |            79590 |  16
 Turner                         | Joseph               | Sir          | N                     |           167987 |  16
 Ulrich                         | Gregory              | Dr.          | Y                     |           152145 |  15
 Unger                          | Brian                | Sir          | N                     |           115013 |  15
 Unger                          | Richard              | Sir          | Y                     |           228347 |  15
 Vaughan                        | Andrew               | Ms.          | N                     |            95473 |  16
 Vaughn                         | Angela               | Mrs.         | Y                     |           155714 |  16
 Vega                           | Kevin                | Mr.          | Y                     |              771 |  16
 Villegas                       | Tyler                | Sir          | N                     |           125550 |  15
 Waller                         | Fred                 | Dr.          | Y                     |           183538 |  16
 Walters                        | Howard               | Sir          | N                     |           178763 |  15
 Ward                           | Arthur               | Ms.          | N                     |           209415 |  15
 Warren                         | Sarah                | Ms.          | Y                     |            71612 |  15
 Washington                     | Barbara              | Ms.          | Y                     |           101182 |  15
 Watkins                        | Helen                | Miss         | N                     |           171972 |  16
 Weaver                         | Yvone                | Miss         | N                     |           174125 |  15
 Weber                          | Angeline             | Mrs.         | N                     |            92139 |  15
 Weinberg                       | Karen                | Miss         | N                     |           172563 |  15
 Wells                          | Denis                | Sir          | N                     |            91782 |  15
 Westbrook                      | Richard              | Dr.          | N                     |            72589 |  15
 White                          | Albert               | Dr.          | Y                     |           173687 |  15
 White                          | Jason                | Sir          | Y                     |           180643 |  15
 White                          | Marsha               | Mrs.         | N                     |           132121 |  15
 Wiggins                        | Edward               | Mr.          | Y                     |           169889 |  16
 Wilkes                         | Jim                  | Sir          | Y                     |           197947 |  15
 Willard                        | Austin               | Dr.          | N                     |            34326 |  16
 Williams                       | Nancy                | Ms.          | Y                     |           120062 |  16
 Wilson                         | Martin               | Sir          | Y                     |            47562 |  15
 Wolfe                          | Joshua               | Dr.          | Y                     |            70079 |  15
 Woodworth                      | Alice                | Dr.          | N                     |           139206 |  15
 Woody                          | Julie                | Ms.          | N                     |            40013 |  15
 Wynn                           | William              | Dr.          | N                     |           213872 |  16
 Young                          | Evelyn               | Mrs.         | N                     |            11904 |  15
 Zapata                         | Linda                | Ms.          | Y                     |           194320 |  15
                                | Alanna               | Mrs.         | N                     |            98058 |  15
                                | Edward               | Dr.          |                       |           121216 |  15
                                | Gertrude             | Ms.          |                       |           131044 |  15
                                | Lisa                 | Dr.          |                       |            48269 |  15
                                | Nicholas             | Dr.          | N                     |            71580 |  16
                                | Orville              | Mr.          |                       |            31775 |  15
                                | Sylvia               |              |                       |           191858 |  15
                                |                      | Dr.          | Y                     |           235020 |  15
                                |                      | Mr.          |                       |           104499 |  15
                                |                      | Mr.          | N                     |            39875 |  15
                                |                      | Ms.          |                       |            69799 |  15
                                |                      | Ms.          |                       |           132138 |  15
                                |                      | Ms.          |                       |           202974 |  16
                                |                      | Ms.          | N                     |            13334 |  16
                                |                      |              |                       |            65183 |  15
                                |                      |              | Y                     |            90755 |  15
(371 rows)

UPDATE time_statistics SET e_time = TRANSACTION_TIMESTAMP() WHERE template = 'query34.tpl' AND stream = 0;
psql:/tmp/s1-basline/power/query_0.sql:1850: NOTICE:  duration: 0.028 ms  plan:
Query Text: UPDATE time_statistics SET e_time = TRANSACTION_TIMESTAMP() WHERE template = 'query34.tpl' AND stream = 0;
Update on time_statistics  (cost=0.00..1.42 rows=0 width=0) (actual time=0.027..0.027 rows=0 loops=1)
  ->  Seq Scan on time_statistics  (cost=0.00..1.42 rows=1 width=14) (actual time=0.013..0.013 rows=1 loops=1)
        Filter: ((template = 'query34.tpl'::text) AND (stream = 0))
        Rows Removed by Filter: 34
UPDATE 1
LOAD 'auto_explain'; SET auto_explain.log_min_duration TO 0; SET auto_explain.log_analyze TO on; SET auto_explain.log_level TO notice; INSERT INTO time_statistics (template, s_time, stream, query, seed) VALUES ('query35.tpl', TRANSACTION_TIMESTAMP(), 0, 35, 1113938932);
LOAD
SET
SET
SET
psql:/tmp/s1-basline/power/query_0.sql:1851: NOTICE:  duration: 0.008 ms  plan:
Query Text: INSERT INTO time_statistics (template, s_time, stream, query, seed) VALUES ('query35.tpl', TRANSACTION_TIMESTAMP(), 0, 35, 1113938932);
Insert on time_statistics  (cost=0.00..0.01 rows=0 width=0) (actual time=0.008..0.008 rows=0 loops=1)
  ->  Result  (cost=0.00..0.01 rows=1 width=64) (actual time=0.001..0.001 rows=1 loops=1)
INSERT 0 1
select   
  ca_state,
  cd_gender,
  cd_marital_status,
  cd_dep_count,
  count(*) cnt1,
  min(cd_dep_count),
  min(cd_dep_count),
  stddev_samp(cd_dep_count),
  cd_dep_employed_count,
  count(*) cnt2,
  min(cd_dep_employed_count),
  min(cd_dep_employed_count),
  stddev_samp(cd_dep_employed_count),
  cd_dep_college_count,
  count(*) cnt3,
  min(cd_dep_college_count),
  min(cd_dep_college_count),
  stddev_samp(cd_dep_college_count)
 from
  customer c,customer_address ca,customer_demographics
 where
  c.c_current_addr_sk = ca.ca_address_sk and
  cd_demo_sk = c.c_current_cdemo_sk and 
  exists (select *
          from store_sales,date_dim
          where c.c_customer_sk = ss_customer_sk and
                ss_sold_date_sk = d_date_sk and
                d_year = 1999 and
                d_qoy < 4) and
   (exists (select *
            from web_sales,date_dim
            where c.c_customer_sk = ws_bill_customer_sk and
                  ws_sold_date_sk = d_date_sk and
                  d_year = 1999 and
                  d_qoy < 4) or 
    exists (select * 
            from catalog_sales,date_dim
            where c.c_customer_sk = cs_ship_customer_sk and
                  cs_sold_date_sk = d_date_sk and
                  d_year = 1999 and
                  d_qoy < 4))
 group by ca_state,
          cd_gender,
          cd_marital_status,
          cd_dep_count,
          cd_dep_employed_count,
          cd_dep_college_count
 order by ca_state,
          cd_gender,
          cd_marital_status,
          cd_dep_count,
          cd_dep_employed_count,
          cd_dep_college_count
 limit 100;
psql:/tmp/s1-basline/power/query_0.sql:1906: NOTICE:  duration: 546.798 ms  plan:
Query Text: select   
  ca_state,
  cd_gender,
  cd_marital_status,
  cd_dep_count,
  count(*) cnt1,
  min(cd_dep_count),
  min(cd_dep_count),
  stddev_samp(cd_dep_count),
  cd_dep_employed_count,
  count(*) cnt2,
  min(cd_dep_employed_count),
  min(cd_dep_employed_count),
  stddev_samp(cd_dep_employed_count),
  cd_dep_college_count,
  count(*) cnt3,
  min(cd_dep_college_count),
  min(cd_dep_college_count),
  stddev_samp(cd_dep_college_count)
 from
  customer c,customer_address ca,customer_demographics
 where
  c.c_current_addr_sk = ca.ca_address_sk and
  cd_demo_sk = c.c_current_cdemo_sk and 
  exists (select *
          from store_sales,date_dim
          where c.c_customer_sk = ss_customer_sk and
                ss_sold_date_sk = d_date_sk and
                d_year = 1999 and
                d_qoy < 4) and
   (exists (select *
            from web_sales,date_dim
            where c.c_customer_sk = ws_bill_customer_sk and
                  ws_sold_date_sk = d_date_sk and
                  d_year = 1999 and
                  d_qoy < 4) or 
    exists (select * 
            from catalog_sales,date_dim
            where c.c_customer_sk = cs_ship_customer_sk and
                  cs_sold_date_sk = d_date_sk and
                  d_year = 1999 and
                  d_qoy < 4))
 group by ca_state,
          cd_gender,
          cd_marital_status,
          cd_dep_count,
          cd_dep_employed_count,
          cd_dep_college_count
 order by ca_state,
          cd_gender,
          cd_marital_status,
          cd_dep_count,
          cd_dep_employed_count,
          cd_dep_college_count
 limit 100;
Limit  (cost=471837338.89..471837344.14 rows=100 width=163) (actual time=546.316..546.691 rows=100 loops=1)
  ->  GroupAggregate  (cost=471837338.89..471837711.74 rows=7102 width=163) (actual time=546.315..546.684 rows=100 loops=1)
        Group Key: ca.ca_state, customer_demographics.cd_gender, customer_demographics.cd_marital_status, customer_demographics.cd_dep_count, customer_demographics.cd_dep_employed_count, customer_demographics.cd_dep_college_count
        ->  Sort  (cost=471837338.89..471837356.64 rows=7102 width=19) (actual time=546.304..546.552 rows=102 loops=1)
              Sort Key: ca.ca_state, customer_demographics.cd_gender, customer_demographics.cd_marital_status, customer_demographics.cd_dep_count, customer_demographics.cd_dep_employed_count, customer_demographics.cd_dep_college_count
              Sort Method: quicksort  Memory: 501kB
              ->  Nested Loop  (cost=92829.77..471836884.57 rows=7102 width=19) (actual time=456.405..537.117 rows=4959 loops=1)
                    ->  Nested Loop  (cost=92829.48..471834568.00 rows=7102 width=24) (actual time=456.398..527.592 rows=4959 loops=1)
                          ->  Nested Loop  (cost=92829.05..471828426.92 rows=7356 width=16) (actual time=456.388..509.742 rows=5142 loops=1)
                                ->  HashAggregate  (cost=92828.76..92931.51 rows=10275 width=8) (actual time=283.060..287.518 rows=23837 loops=1)
                                      Group Key: store_sales.ss_customer_sk
                                      Batches: 1  Memory Usage: 2833kB
                                      ->  Gather  (cost=3504.15..92803.07 rows=10275 width=8) (actual time=10.049..242.071 rows=311252 loops=1)
                                            Workers Planned: 2
                                            Workers Launched: 2
                                            ->  Hash Join  (cost=2504.15..90775.57 rows=4281 width=8) (actual time=15.096..249.654 rows=103751 loops=3)
                                                  Hash Cond: (store_sales.ss_sold_date_sk = date_dim.d_date_sk)
                                                  ->  Parallel Seq Scan on store_sales  (cost=0.00..85123.48 rows=1199148 width=16) (actual time=0.015..125.647 rows=959309 loops=3)
                                                  ->  Hash  (cost=2500.73..2500.73 rows=273 width=8) (actual time=14.964..14.965 rows=274 loops=3)
                                                        Buckets: 1024  Batches: 1  Memory Usage: 19kB
                                                        ->  Seq Scan on date_dim  (cost=0.00..2500.73 rows=273 width=8) (actual time=7.198..14.929 rows=274 loops=3)
                                                              Filter: ((d_qoy < 4) AND (d_year = 1999))
                                                              Rows Removed by Filter: 72775
                                ->  Index Scan using pk_customer on customer c  (cost=0.29..49604.58 rows=1 width=24) (actual time=0.009..0.009 rows=0 loops=23837)
                                      Index Cond: (c_customer_sk = store_sales.ss_customer_sk)
                                      Filter: ((hashed SubPlan 2) OR (hashed SubPlan 4))
                                      Rows Removed by Filter: 1
                                      SubPlan 2
                                        ->  Gather  (cost=3504.15..34204.73 rows=2688 width=8) (actual time=10.013..88.192 rows=81862 loops=1)
                                              Workers Planned: 2
                                              Workers Launched: 2
                                              ->  Hash Join  (cost=2504.15..32935.93 rows=1120 width=8) (actual time=15.213..86.620 rows=27287 loops=3)
                                                    Hash Cond: (web_sales.ws_sold_date_sk = date_dim_1.d_date_sk)
                                                    ->  Parallel Seq Scan on web_sales  (cost=0.00..29644.81 rows=299781 width=16) (actual time=0.017..42.551 rows=239825 loops=3)
                                                    ->  Hash  (cost=2500.73..2500.73 rows=273 width=8) (actual time=15.049..15.049 rows=274 loops=3)
                                                          Buckets: 1024  Batches: 1  Memory Usage: 19kB
                                                          ->  Seq Scan on date_dim date_dim_1  (cost=0.00..2500.73 rows=273 width=8) (actual time=7.171..15.014 rows=274 loops=3)
                                                                Filter: ((d_qoy < 4) AND (d_year = 1999))
                                                                Rows Removed by Filter: 72775
                                      SubPlan 4
                                        ->  Nested Loop  (cost=0.43..16867.24 rows=5347 width=8) (actual time=4.666..55.889 rows=158921 loops=1)
                                              ->  Seq Scan on date_dim date_dim_2  (cost=0.00..2500.73 rows=273 width=8) (actual time=4.623..9.616 rows=274 loops=1)
                                                    Filter: ((d_qoy < 4) AND (d_year = 1999))
                                                    Rows Removed by Filter: 72775
                                              ->  Index Scan using i_cs_sold_date_sk on catalog_sales  (cost=0.43..44.80 rows=782 width=16) (actual time=0.003..0.095 rows=580 loops=274)
                                                    Index Cond: (cs_sold_date_sk = date_dim_2.d_date_sk)
                          ->  Index Scan using pk_customer_demographics on customer_demographics  (cost=0.43..0.83 rows=1 width=24) (actual time=0.003..0.003 rows=1 loops=5142)
                                Index Cond: (cd_demo_sk = c.c_current_cdemo_sk)
                    ->  Index Scan using pk_customer_address on customer_address ca  (cost=0.29..0.33 rows=1 width=11) (actual time=0.002..0.002 rows=1 loops=4959)
                          Index Cond: (ca_address_sk = c.c_current_addr_sk)
 ca_state | cd_gender | cd_marital_status | cd_dep_count | cnt1 | min | min | stddev_samp | cd_dep_employed_count | cnt2 | min | min | stddev_samp | cd_dep_college_count | cnt3 | min | min | stddev_samp 
----------+-----------+-------------------+--------------+------+-----+-----+-------------+-----------------------+------+-----+-----+-------------+----------------------+------+-----+-----+-------------
 AK       | F         | D                 |            4 |    1 |   4 |   4 |             |                     2 |    1 |   2 |   2 |             |                    3 |    1 |   3 |   3 |            
 AK       | F         | M                 |            2 |    1 |   2 |   2 |             |                     1 |    1 |   1 |   1 |             |                    4 |    1 |   4 |   4 |            
 AK       | F         | M                 |            2 |    1 |   2 |   2 |             |                     2 |    1 |   2 |   2 |             |                    4 |    1 |   4 |   4 |            
 AK       | F         | M                 |            3 |    1 |   3 |   3 |             |                     5 |    1 |   5 |   5 |             |                    6 |    1 |   6 |   6 |            
 AK       | F         | M                 |            5 |    1 |   5 |   5 |             |                     2 |    1 |   2 |   2 |             |                    0 |    1 |   0 |   0 |            
 AK       | F         | M                 |            5 |    1 |   5 |   5 |             |                     2 |    1 |   2 |   2 |             |                    5 |    1 |   5 |   5 |            
 AK       | F         | M                 |            5 |    1 |   5 |   5 |             |                     4 |    1 |   4 |   4 |             |                    3 |    1 |   3 |   3 |            
 AK       | F         | S                 |            0 |    1 |   0 |   0 |             |                     1 |    1 |   1 |   1 |             |                    2 |    1 |   2 |   2 |            
 AK       | F         | S                 |            0 |    1 |   0 |   0 |             |                     2 |    1 |   2 |   2 |             |                    6 |    1 |   6 |   6 |            
 AK       | F         | S                 |            0 |    1 |   0 |   0 |             |                     4 |    1 |   4 |   4 |             |                    2 |    1 |   2 |   2 |            
 AK       | F         | S                 |            3 |    1 |   3 |   3 |             |                     4 |    1 |   4 |   4 |             |                    6 |    1 |   6 |   6 |            
 AK       | F         | S                 |            6 |    1 |   6 |   6 |             |                     6 |    1 |   6 |   6 |             |                    6 |    1 |   6 |   6 |            
 AK       | F         | U                 |            4 |    1 |   4 |   4 |             |                     5 |    1 |   5 |   5 |             |                    2 |    1 |   2 |   2 |            
 AK       | F         | W                 |            3 |    1 |   3 |   3 |             |                     0 |    1 |   0 |   0 |             |                    0 |    1 |   0 |   0 |            
 AK       | F         | W                 |            5 |    1 |   5 |   5 |             |                     4 |    1 |   4 |   4 |             |                    6 |    1 |   6 |   6 |            
 AK       | M         | D                 |            3 |    1 |   3 |   3 |             |                     4 |    1 |   4 |   4 |             |                    0 |    1 |   0 |   0 |            
 AK       | M         | D                 |            5 |    1 |   5 |   5 |             |                     4 |    1 |   4 |   4 |             |                    4 |    1 |   4 |   4 |            
 AK       | M         | M                 |            0 |    1 |   0 |   0 |             |                     4 |    1 |   4 |   4 |             |                    1 |    1 |   1 |   1 |            
 AK       | M         | M                 |            2 |    1 |   2 |   2 |             |                     1 |    1 |   1 |   1 |             |                    2 |    1 |   2 |   2 |            
 AK       | M         | M                 |            3 |    1 |   3 |   3 |             |                     4 |    1 |   4 |   4 |             |                    2 |    1 |   2 |   2 |            
 AK       | M         | M                 |            3 |    1 |   3 |   3 |             |                     4 |    1 |   4 |   4 |             |                    6 |    1 |   6 |   6 |            
 AK       | M         | M                 |            6 |    1 |   6 |   6 |             |                     4 |    1 |   4 |   4 |             |                    3 |    1 |   3 |   3 |            
 AK       | M         | S                 |            0 |    1 |   0 |   0 |             |                     0 |    1 |   0 |   0 |             |                    5 |    1 |   5 |   5 |            
 AK       | M         | S                 |            2 |    1 |   2 |   2 |             |                     2 |    1 |   2 |   2 |             |                    5 |    1 |   5 |   5 |            
 AK       | M         | S                 |            2 |    1 |   2 |   2 |             |                     2 |    1 |   2 |   2 |             |                    6 |    1 |   6 |   6 |            
 AK       | M         | S                 |            2 |    1 |   2 |   2 |             |                     6 |    1 |   6 |   6 |             |                    3 |    1 |   3 |   3 |            
 AK       | M         | S                 |            4 |    1 |   4 |   4 |             |                     0 |    1 |   0 |   0 |             |                    6 |    1 |   6 |   6 |            
 AK       | M         | S                 |            6 |    1 |   6 |   6 |             |                     0 |    1 |   0 |   0 |             |                    3 |    1 |   3 |   3 |            
 AK       | M         | U                 |            5 |    1 |   5 |   5 |             |                     1 |    1 |   1 |   1 |             |                    6 |    1 |   6 |   6 |            
 AK       | M         | W                 |            1 |    1 |   1 |   1 |             |                     0 |    1 |   0 |   0 |             |                    3 |    1 |   3 |   3 |            
 AK       | M         | W                 |            6 |    1 |   6 |   6 |             |                     0 |    1 |   0 |   0 |             |                    6 |    1 |   6 |   6 |            
 AL       | F         | D                 |            1 |    1 |   1 |   1 |             |                     1 |    1 |   1 |   1 |             |                    2 |    1 |   2 |   2 |            
 AL       | F         | D                 |            2 |    1 |   2 |   2 |             |                     6 |    1 |   6 |   6 |             |                    4 |    1 |   4 |   4 |            
 AL       | F         | D                 |            3 |    1 |   3 |   3 |             |                     3 |    1 |   3 |   3 |             |                    2 |    1 |   2 |   2 |            
 AL       | F         | D                 |            3 |    1 |   3 |   3 |             |                     4 |    1 |   4 |   4 |             |                    3 |    1 |   3 |   3 |            
 AL       | F         | D                 |            4 |    1 |   4 |   4 |             |                     2 |    1 |   2 |   2 |             |                    1 |    1 |   1 |   1 |            
 AL       | F         | D                 |            4 |    1 |   4 |   4 |             |                     6 |    1 |   6 |   6 |             |                    4 |    1 |   4 |   4 |            
 AL       | F         | D                 |            5 |    1 |   5 |   5 |             |                     3 |    1 |   3 |   3 |             |                    0 |    1 |   0 |   0 |            
 AL       | F         | D                 |            6 |    1 |   6 |   6 |             |                     1 |    1 |   1 |   1 |             |                    1 |    1 |   1 |   1 |            
 AL       | F         | D                 |            6 |    1 |   6 |   6 |             |                     6 |    1 |   6 |   6 |             |                    2 |    1 |   2 |   2 |            
 AL       | F         | M                 |            0 |    1 |   0 |   0 |             |                     1 |    1 |   1 |   1 |             |                    1 |    1 |   1 |   1 |            
 AL       | F         | M                 |            0 |    1 |   0 |   0 |             |                     6 |    1 |   6 |   6 |             |                    4 |    1 |   4 |   4 |            
 AL       | F         | M                 |            1 |    1 |   1 |   1 |             |                     2 |    1 |   2 |   2 |             |                    2 |    1 |   2 |   2 |            
 AL       | F         | M                 |            3 |    1 |   3 |   3 |             |                     4 |    1 |   4 |   4 |             |                    5 |    1 |   5 |   5 |            
 AL       | F         | M                 |            4 |    1 |   4 |   4 |             |                     1 |    1 |   1 |   1 |             |                    0 |    1 |   0 |   0 |            
 AL       | F         | M                 |            4 |    1 |   4 |   4 |             |                     6 |    1 |   6 |   6 |             |                    1 |    1 |   1 |   1 |            
 AL       | F         | M                 |            5 |    1 |   5 |   5 |             |                     2 |    1 |   2 |   2 |             |                    0 |    1 |   0 |   0 |            
 AL       | F         | M                 |            5 |    1 |   5 |   5 |             |                     5 |    1 |   5 |   5 |             |                    0 |    1 |   0 |   0 |            
 AL       | F         | M                 |            6 |    1 |   6 |   6 |             |                     2 |    1 |   2 |   2 |             |                    4 |    1 |   4 |   4 |            
 AL       | F         | S                 |            0 |    1 |   0 |   0 |             |                     0 |    1 |   0 |   0 |             |                    0 |    1 |   0 |   0 |            
 AL       | F         | S                 |            0 |    1 |   0 |   0 |             |                     1 |    1 |   1 |   1 |             |                    5 |    1 |   5 |   5 |            
 AL       | F         | S                 |            0 |    1 |   0 |   0 |             |                     3 |    1 |   3 |   3 |             |                    3 |    1 |   3 |   3 |            
 AL       | F         | S                 |            1 |    1 |   1 |   1 |             |                     6 |    1 |   6 |   6 |             |                    4 |    1 |   4 |   4 |            
 AL       | F         | S                 |            2 |    1 |   2 |   2 |             |                     1 |    1 |   1 |   1 |             |                    6 |    1 |   6 |   6 |            
 AL       | F         | S                 |            2 |    1 |   2 |   2 |             |                     5 |    1 |   5 |   5 |             |                    3 |    1 |   3 |   3 |            
 AL       | F         | S                 |            3 |    1 |   3 |   3 |             |                     4 |    1 |   4 |   4 |             |                    2 |    1 |   2 |   2 |            
 AL       | F         | S                 |            3 |    1 |   3 |   3 |             |                     5 |    1 |   5 |   5 |             |                    0 |    1 |   0 |   0 |            
 AL       | F         | S                 |            4 |    1 |   4 |   4 |             |                     5 |    1 |   5 |   5 |             |                    4 |    1 |   4 |   4 |            
 AL       | F         | S                 |            6 |    1 |   6 |   6 |             |                     6 |    1 |   6 |   6 |             |                    3 |    1 |   3 |   3 |            
 AL       | F         | U                 |            0 |    1 |   0 |   0 |             |                     2 |    1 |   2 |   2 |             |                    6 |    1 |   6 |   6 |            
 AL       | F         | U                 |            1 |    1 |   1 |   1 |             |                     6 |    1 |   6 |   6 |             |                    1 |    1 |   1 |   1 |            
 AL       | F         | U                 |            2 |    1 |   2 |   2 |             |                     4 |    1 |   4 |   4 |             |                    1 |    1 |   1 |   1 |            
 AL       | F         | U                 |            2 |    1 |   2 |   2 |             |                     4 |    1 |   4 |   4 |             |                    6 |    1 |   6 |   6 |            
 AL       | F         | U                 |            3 |    1 |   3 |   3 |             |                     3 |    1 |   3 |   3 |             |                    1 |    1 |   1 |   1 |            
 AL       | F         | U                 |            4 |    1 |   4 |   4 |             |                     4 |    1 |   4 |   4 |             |                    3 |    1 |   3 |   3 |            
 AL       | F         | U                 |            4 |    1 |   4 |   4 |             |                     4 |    1 |   4 |   4 |             |                    6 |    1 |   6 |   6 |            
 AL       | F         | U                 |            5 |    1 |   5 |   5 |             |                     0 |    1 |   0 |   0 |             |                    1 |    1 |   1 |   1 |            
 AL       | F         | U                 |            5 |    1 |   5 |   5 |             |                     3 |    1 |   3 |   3 |             |                    5 |    1 |   5 |   5 |            
 AL       | F         | U                 |            6 |    1 |   6 |   6 |             |                     1 |    1 |   1 |   1 |             |                    2 |    1 |   2 |   2 |            
 AL       | F         | W                 |            3 |    1 |   3 |   3 |             |                     2 |    1 |   2 |   2 |             |                    1 |    1 |   1 |   1 |            
 AL       | F         | W                 |            4 |    1 |   4 |   4 |             |                     1 |    1 |   1 |   1 |             |                    1 |    1 |   1 |   1 |            
 AL       | F         | W                 |            4 |    1 |   4 |   4 |             |                     5 |    1 |   5 |   5 |             |                    2 |    1 |   2 |   2 |            
 AL       | F         | W                 |            5 |    1 |   5 |   5 |             |                     0 |    1 |   0 |   0 |             |                    5 |    1 |   5 |   5 |            
 AL       | F         | W                 |            5 |    1 |   5 |   5 |             |                     1 |    1 |   1 |   1 |             |                    3 |    1 |   3 |   3 |            
 AL       | F         | W                 |            5 |    1 |   5 |   5 |             |                     1 |    1 |   1 |   1 |             |                    5 |    1 |   5 |   5 |            
 AL       | F         | W                 |            5 |    1 |   5 |   5 |             |                     6 |    1 |   6 |   6 |             |                    4 |    1 |   4 |   4 |            
 AL       | M         | D                 |            0 |    1 |   0 |   0 |             |                     1 |    1 |   1 |   1 |             |                    6 |    1 |   6 |   6 |            
 AL       | M         | D                 |            1 |    1 |   1 |   1 |             |                     5 |    1 |   5 |   5 |             |                    0 |    1 |   0 |   0 |            
 AL       | M         | D                 |            2 |    1 |   2 |   2 |             |                     2 |    1 |   2 |   2 |             |                    4 |    1 |   4 |   4 |            
 AL       | M         | D                 |            2 |    1 |   2 |   2 |             |                     4 |    1 |   4 |   4 |             |                    0 |    1 |   0 |   0 |            
 AL       | M         | D                 |            2 |    1 |   2 |   2 |             |                     5 |    1 |   5 |   5 |             |                    2 |    1 |   2 |   2 |            
 AL       | M         | D                 |            3 |    1 |   3 |   3 |             |                     1 |    1 |   1 |   1 |             |                    5 |    1 |   5 |   5 |            
 AL       | M         | D                 |            3 |    1 |   3 |   3 |             |                     4 |    1 |   4 |   4 |             |                    4 |    1 |   4 |   4 |            
 AL       | M         | D                 |            5 |    1 |   5 |   5 |             |                     4 |    1 |   4 |   4 |             |                    3 |    1 |   3 |   3 |            
 AL       | M         | D                 |            5 |    1 |   5 |   5 |             |                     6 |    1 |   6 |   6 |             |                    6 |    1 |   6 |   6 |            
 AL       | M         | D                 |            6 |    1 |   6 |   6 |             |                     0 |    1 |   0 |   0 |             |                    5 |    1 |   5 |   5 |            
 AL       | M         | D                 |            6 |    1 |   6 |   6 |             |                     1 |    1 |   1 |   1 |             |                    3 |    1 |   3 |   3 |            
 AL       | M         | D                 |            6 |    1 |   6 |   6 |             |                     5 |    1 |   5 |   5 |             |                    6 |    1 |   6 |   6 |            
 AL       | M         | M                 |            0 |    1 |   0 |   0 |             |                     1 |    1 |   1 |   1 |             |                    3 |    1 |   3 |   3 |            
 AL       | M         | M                 |            1 |    1 |   1 |   1 |             |                     0 |    1 |   0 |   0 |             |                    2 |    1 |   2 |   2 |            
 AL       | M         | M                 |            1 |    1 |   1 |   1 |             |                     2 |    1 |   2 |   2 |             |                    5 |    1 |   5 |   5 |            
 AL       | M         | M                 |            1 |    1 |   1 |   1 |             |                     6 |    1 |   6 |   6 |             |                    5 |    1 |   5 |   5 |            
 AL       | M         | M                 |            4 |    1 |   4 |   4 |             |                     2 |    1 |   2 |   2 |             |                    1 |    1 |   1 |   1 |            
 AL       | M         | M                 |            5 |    1 |   5 |   5 |             |                     6 |    1 |   6 |   6 |             |                    4 |    1 |   4 |   4 |            
 AL       | M         | M                 |            6 |    1 |   6 |   6 |             |                     3 |    1 |   3 |   3 |             |                    2 |    1 |   2 |   2 |            
 AL       | M         | S                 |            1 |    1 |   1 |   1 |             |                     2 |    1 |   2 |   2 |             |                    0 |    1 |   0 |   0 |            
 AL       | M         | S                 |            1 |    1 |   1 |   1 |             |                     2 |    1 |   2 |   2 |             |                    3 |    1 |   3 |   3 |            
 AL       | M         | S                 |            3 |    1 |   3 |   3 |             |                     5 |    1 |   5 |   5 |             |                    6 |    1 |   6 |   6 |            
 AL       | M         | S                 |            3 |    1 |   3 |   3 |             |                     6 |    1 |   6 |   6 |             |                    3 |    1 |   3 |   3 |            
 AL       | M         | S                 |            5 |    2 |   5 |   5 |           0 |                     4 |    2 |   4 |   4 |           0 |                    5 |    2 |   5 |   5 |           0
(100 rows)

UPDATE time_statistics SET e_time = TRANSACTION_TIMESTAMP() WHERE template = 'query35.tpl' AND stream = 0;
psql:/tmp/s1-basline/power/query_0.sql:1908: NOTICE:  duration: 0.029 ms  plan:
Query Text: UPDATE time_statistics SET e_time = TRANSACTION_TIMESTAMP() WHERE template = 'query35.tpl' AND stream = 0;
Update on time_statistics  (cost=0.00..1.42 rows=0 width=0) (actual time=0.028..0.029 rows=0 loops=1)
  ->  Seq Scan on time_statistics  (cost=0.00..1.42 rows=1 width=14) (actual time=0.014..0.015 rows=1 loops=1)
        Filter: ((template = 'query35.tpl'::text) AND (stream = 0))
        Rows Removed by Filter: 35
UPDATE 1
LOAD 'auto_explain'; SET auto_explain.log_min_duration TO 0; SET auto_explain.log_analyze TO on; SET auto_explain.log_level TO notice; INSERT INTO time_statistics (template, s_time, stream, query, seed) VALUES ('../query_variants/query36a.tpl', TRANSACTION_TIMESTAMP(), 0, 36, 1780423572);
LOAD
SET
SET
SET
psql:/tmp/s1-basline/power/query_0.sql:1909: NOTICE:  duration: 0.008 ms  plan:
Query Text: INSERT INTO time_statistics (template, s_time, stream, query, seed) VALUES ('../query_variants/query36a.tpl', TRANSACTION_TIMESTAMP(), 0, 36, 1780423572);
Insert on time_statistics  (cost=0.00..0.01 rows=0 width=0) (actual time=0.008..0.008 rows=0 loops=1)
  ->  Result  (cost=0.00..0.01 rows=1 width=64) (actual time=0.001..0.001 rows=1 loops=1)
INSERT 0 1
with results as
 (select 
    sum(ss_net_profit) as ss_net_profit, sum(ss_ext_sales_price) as ss_ext_sales_price,
    sum(ss_net_profit)/sum(ss_ext_sales_price) as gross_margin
   ,i_category
   ,i_class
   ,0 as g_category, 0 as g_class
 from
    store_sales
   ,date_dim       d1
   ,item
   ,store
 where
    d1.d_year = 2000 
    and d1.d_date_sk = ss_sold_date_sk
    and i_item_sk  = ss_item_sk 
    and s_store_sk  = ss_store_sk
    and s_state in ('TN','TN','TN','TN',
                 'TN','TN','TN','TN')
 group by i_category,i_class)
 ,
 results_rollup as
 (select gross_margin ,i_category ,i_class,0 as t_category, 0 as t_class, 0 as lochierarchy from results
 union
 select sum(ss_net_profit)/sum(ss_ext_sales_price) as gross_margin,
   i_category, NULL AS i_class, 0 as t_category, 1 as t_class, 1 as lochierarchy from results group by i_category
 union
 select sum(ss_net_profit)/sum(ss_ext_sales_price) as gross_margin,
   NULL AS i_category ,NULL AS i_class, 1 as t_category, 1 as t_class, 2 as lochierarchy from results)
  select 
  gross_margin ,i_category ,i_class, lochierarchy,rank() over (
 	partition by lochierarchy, case when t_class = 0 then i_category end 
 	order by gross_margin asc) as rank_within_parent
 from results_rollup
 order by
   lochierarchy desc
  ,case when lochierarchy = 0 then i_category end
  ,rank_within_parent
  limit 100;
psql:/tmp/s1-basline/power/query_0.sql:1948: NOTICE:  duration: 1095.903 ms  plan:
Query Text: with results as
 (select 
    sum(ss_net_profit) as ss_net_profit, sum(ss_ext_sales_price) as ss_ext_sales_price,
    sum(ss_net_profit)/sum(ss_ext_sales_price) as gross_margin
   ,i_category
   ,i_class
   ,0 as g_category, 0 as g_class
 from
    store_sales
   ,date_dim       d1
   ,item
   ,store
 where
    d1.d_year = 2000 
    and d1.d_date_sk = ss_sold_date_sk
    and i_item_sk  = ss_item_sk 
    and s_store_sk  = ss_store_sk
    and s_state in ('TN','TN','TN','TN',
                 'TN','TN','TN','TN')
 group by i_category,i_class)
 ,
 results_rollup as
 (select gross_margin ,i_category ,i_class,0 as t_category, 0 as t_class, 0 as lochierarchy from results
 union
 select sum(ss_net_profit)/sum(ss_ext_sales_price) as gross_margin,
   i_category, NULL AS i_class, 0 as t_category, 1 as t_class, 1 as lochierarchy from results group by i_category
 union
 select sum(ss_net_profit)/sum(ss_ext_sales_price) as gross_margin,
   NULL AS i_category ,NULL AS i_class, 1 as t_category, 1 as t_class, 2 as lochierarchy from results)
  select 
  gross_margin ,i_category ,i_class, lochierarchy,rank() over (
 	partition by lochierarchy, case when t_class = 0 then i_category end 
 	order by gross_margin asc) as rank_within_parent
 from results_rollup
 order by
   lochierarchy desc
  ,case when lochierarchy = 0 then i_category end
  ,rank_within_parent
  limit 100;
Limit  (cost=94224.81..94225.06 rows=100 width=148) (actual time=1095.703..1095.838 rows=100 loops=1)
  CTE results
    ->  Finalize GroupAggregate  (cost=93610.41..93948.88 rows=990 width=134) (actual time=992.554..1095.144 rows=122 loops=1)
          Group Key: item.i_category, item.i_class
          ->  Gather Merge  (cost=93610.41..93916.70 rows=1980 width=118) (actual time=991.918..1095.006 rows=362 loops=1)
                Workers Planned: 2
                Workers Launched: 2
                ->  Partial GroupAggregate  (cost=92610.39..92688.14 rows=990 width=118) (actual time=887.984..974.568 rows=121 loops=3)
                      Group Key: item.i_category, item.i_class
                      ->  Sort  (cost=92610.39..92623.96 rows=5428 width=118) (actual time=887.212..925.645 rows=179411 loops=3)
                            Sort Key: item.i_category, item.i_class
                            Sort Method: external merge  Disk: 24408kB
                            Worker 0:  Sort Method: external merge  Disk: 22032kB
                            Worker 1:  Sort Method: external merge  Disk: 21816kB
                            ->  Nested Loop  (cost=2324.33..92273.68 rows=5428 width=118) (actual time=14.898..680.556 rows=179411 loops=3)
                                  ->  Hash Join  (cost=2324.04..90615.44 rows=5428 width=24) (actual time=14.845..330.056 rows=179411 loops=3)
                                        Hash Cond: (store_sales.ss_store_sk = store.s_store_sk)
                                        ->  Hash Join  (cost=2322.65..90594.07 rows=5693 width=32) (actual time=14.757..301.395 rows=183784 loops=3)
                                              Hash Cond: (store_sales.ss_sold_date_sk = d1.d_date_sk)
                                              ->  Parallel Seq Scan on store_sales  (cost=0.00..85123.48 rows=1199148 width=40) (actual time=0.015..132.273 rows=959309 loops=3)
                                              ->  Hash  (cost=2318.11..2318.11 rows=363 width=8) (actual time=14.720..14.722 rows=366 loops=3)
                                                    Buckets: 1024  Batches: 1  Memory Usage: 23kB
                                                    ->  Seq Scan on date_dim d1  (cost=0.00..2318.11 rows=363 width=8) (actual time=7.226..14.673 rows=366 loops=3)
                                                          Filter: (d_year = 2000)
                                                          Rows Removed by Filter: 72683
                                        ->  Hash  (cost=1.24..1.24 rows=12 width=8) (actual time=0.039..0.039 rows=12 loops=3)
                                              Buckets: 1024  Batches: 1  Memory Usage: 9kB
                                              ->  Seq Scan on store  (cost=0.00..1.24 rows=12 width=8) (actual time=0.029..0.034 rows=12 loops=3)
                                                    Filter: (s_state = ANY ('{TN,TN,TN,TN,TN,TN,TN,TN}'::bpchar[]))
                                  ->  Index Scan using pk_item on item  (cost=0.29..0.31 rows=1 width=110) (actual time=0.002..0.002 rows=1 loops=538232)
                                        Index Cond: (i_item_sk = store_sales.ss_item_sk)
  ->  Sort  (cost=275.93..278.91 rows=1191 width=148) (actual time=1095.702..1095.707 rows=100 loops=1)
        Sort Key: results_rollup.lochierarchy DESC, (CASE WHEN (results_rollup.lochierarchy = 0) THEN results_rollup.i_category ELSE NULL::bpchar END), (rank() OVER (?))
        Sort Method: quicksort  Memory: 57kB
        ->  WindowAgg  (cost=197.66..230.42 rows=1191 width=148) (actual time=1095.392..1095.489 rows=134 loops=1)
              ->  Sort  (cost=197.66..200.64 rows=1191 width=108) (actual time=1095.386..1095.392 rows=134 loops=1)
                    Sort Key: results_rollup.lochierarchy, (CASE WHEN (results_rollup.t_class = 0) THEN results_rollup.i_category ELSE NULL::bpchar END), results_rollup.gross_margin
                    Sort Method: quicksort  Memory: 49kB
                    ->  Subquery Scan on results_rollup  (cost=110.02..136.81 rows=1191 width=108) (actual time=1095.248..1095.288 rows=134 loops=1)
                          ->  HashAggregate  (cost=110.02..121.93 rows=1191 width=84) (actual time=1095.246..1095.274 rows=134 loops=1)
                                Group Key: results.gross_margin, results.i_category, results.i_class, (0), (0), (0)
                                Batches: 1  Memory Usage: 97kB
                                ->  Append  (cost=0.00..92.15 rows=1191 width=84) (actual time=992.559..1095.169 rows=134 loops=1)
                                      ->  CTE Scan on results  (cost=0.00..19.80 rows=990 width=428) (actual time=992.557..1095.082 rows=122 loops=1)
                                      ->  HashAggregate  (cost=27.23..29.73 rows=200 width=256) (actual time=0.048..0.052 rows=11 loops=1)
                                            Group Key: results_1.i_category
                                            Batches: 1  Memory Usage: 40kB
                                            ->  CTE Scan on results results_1  (cost=0.00..19.80 rows=990 width=220) (actual time=0.001..0.009 rows=122 loops=1)
                                      ->  Aggregate  (cost=24.75..24.76 rows=1 width=84) (actual time=0.019..0.020 rows=1 loops=1)
                                            ->  CTE Scan on results results_2  (cost=0.00..19.80 rows=990 width=16) (actual time=0.000..0.008 rows=122 loops=1)
     gross_margin     |                     i_category                     |                      i_class                       | lochierarchy | rank_within_parent 
----------------------+----------------------------------------------------+----------------------------------------------------+--------------+--------------------
 -0.43529697446106735 |                                                    |                                                    |            2 |                  1
  -0.4585631539942349 |                                                    |                                                    |            1 |                  1
 -0.44083558121739475 | Jewelry                                            |                                                    |            1 |                  2
 -0.43951044984309584 | Children                                           |                                                    |            1 |                  3
  -0.4384037935511204 | Music                                              |                                                    |            1 |                  4
  -0.4378636248295341 | Men                                                |                                                    |            1 |                  5
 -0.43785185586540654 | Electronics                                        |                                                    |            1 |                  6
 -0.43371667876511416 | Books                                              |                                                    |            1 |                  7
 -0.43286672162640183 | Women                                              |                                                    |            1 |                  8
   -0.432096635297422 | Shoes                                              |                                                    |            1 |                  9
 -0.43062733978243145 | Home                                               |                                                    |            1 |                 10
 -0.42858765185022724 | Sports                                             |                                                    |            1 |                 11
  -0.4722915254573083 | Books                                              | fiction                                            |            0 |                  1
 -0.46283215261584815 | Books                                              | arts                                               |            0 |                  2
 -0.45983627729985993 | Books                                              | reference                                          |            0 |                  3
 -0.45935727967988654 | Books                                              | mystery                                            |            0 |                  4
 -0.45250432547280917 | Books                                              | sports                                             |            0 |                  5
  -0.4345546667210415 | Books                                              | travel                                             |            0 |                  6
 -0.43170446623655406 | Books                                              | parenting                                          |            0 |                  7
  -0.4293089707949433 | Books                                              | cooking                                            |            0 |                  8
  -0.4283488682808524 | Books                                              | entertainments                                     |            0 |                  9
 -0.42593858212280417 | Books                                              | romance                                            |            0 |                 10
  -0.4240196434553536 | Books                                              | business                                           |            0 |                 11
 -0.42109654658339485 | Books                                              | self-help                                          |            0 |                 12
  -0.4186592894890178 | Books                                              | home repair                                        |            0 |                 13
 -0.41361411049345753 | Books                                              | computers                                          |            0 |                 14
  -0.4125058387346614 | Books                                              | science                                            |            0 |                 15
   -0.386213465054673 | Books                                              | history                                            |            0 |                 16
   -0.610654892533657 | Children                                           |                                                    |            0 |                  1
 -0.45055982495762925 | Children                                           | infants                                            |            0 |                  2
 -0.44004541324608415 | Children                                           | newborn                                            |            0 |                  3
  -0.4362991342635302 | Children                                           | school-uniforms                                    |            0 |                  4
 -0.43110715396011057 | Children                                           | toddlers                                           |            0 |                  5
  -0.5161908330837804 | Electronics                                        | audio                                              |            0 |                  1
  -0.4754933016287176 | Electronics                                        | automotive                                         |            0 |                  2
  -0.4656138413101479 | Electronics                                        | cameras                                            |            0 |                  3
  -0.4455917581371807 | Electronics                                        | portable                                           |            0 |                  4
 -0.44256614749835693 | Electronics                                        | televisions                                        |            0 |                  5
 -0.44121770534074456 | Electronics                                        | dvd/vcr players                                    |            0 |                  6
   -0.436512673057422 | Electronics                                        | wireless                                           |            0 |                  7
 -0.43416632419749024 | Electronics                                        | personal                                           |            0 |                  8
 -0.43120102279739686 | Electronics                                        | stereo                                             |            0 |                  9
  -0.4302442957129952 | Electronics                                        | scanners                                           |            0 |                 10
 -0.43016539516957353 | Electronics                                        | monitors                                           |            0 |                 11
  -0.4241668487108075 | Electronics                                        | disk drives                                        |            0 |                 12
 -0.42149107912396205 | Electronics                                        | karoke                                             |            0 |                 13
  -0.4146595281361881 | Electronics                                        | memory                                             |            0 |                 14
 -0.39424319509629213 | Electronics                                        | musical                                            |            0 |                 15
  -0.3916541168307506 | Electronics                                        | camcorders                                         |            0 |                 16
  -0.4621600374161798 | Home                                               | tables                                             |            0 |                  1
  -0.4511121071524423 | Home                                               | glassware                                          |            0 |                  2
  -0.4482710507505486 | Home                                               | kids                                               |            0 |                  3
  -0.4459130877268456 | Home                                               | mattresses                                         |            0 |                  4
 -0.44274402175846883 | Home                                               | flatware                                           |            0 |                  5
  -0.4410212052310605 | Home                                               | accent                                             |            0 |                  6
  -0.4397680688855461 | Home                                               | rugs                                               |            0 |                  7
 -0.43390564020752714 | Home                                               | lighting                                           |            0 |                  8
  -0.4336341172833026 | Home                                               | furniture                                          |            0 |                  9
 -0.42946859580411195 | Home                                               | decor                                              |            0 |                 10
 -0.42800627164921523 | Home                                               | wallpaper                                          |            0 |                 11
 -0.42716542910658956 | Home                                               | bathroom                                           |            0 |                 12
 -0.41648886182104483 | Home                                               | blinds/shades                                      |            0 |                 13
  -0.4123002855000706 | Home                                               | paint                                              |            0 |                 14
  -0.3999541859638821 | Home                                               | curtains/drapes                                    |            0 |                 15
  -0.3903083606926179 | Home                                               | bedding                                            |            0 |                 16
 -0.31807655785090405 | Home                                               |                                                    |            0 |                 17
 -0.46539440317320707 | Jewelry                                            | womens watch                                       |            0 |                  1
  -0.4600003729513274 | Jewelry                                            | bracelets                                          |            0 |                  2
  -0.4585585238680295 | Jewelry                                            | gold                                               |            0 |                  3
 -0.45405798091740307 | Jewelry                                            | birdal                                             |            0 |                  4
  -0.4517188040746539 | Jewelry                                            | custom                                             |            0 |                  5
 -0.44999300065652564 | Jewelry                                            | pendants                                           |            0 |                  6
  -0.4465496502835864 | Jewelry                                            | consignment                                        |            0 |                  7
 -0.44464027108029497 | Jewelry                                            | mens watch                                         |            0 |                  8
  -0.4422351220906013 | Jewelry                                            | diamonds                                           |            0 |                  9
  -0.4363807306885844 | Jewelry                                            | jewelry boxes                                      |            0 |                 10
 -0.43439571718016295 | Jewelry                                            | semi-precious                                      |            0 |                 11
  -0.4312525578235668 | Jewelry                                            | costume                                            |            0 |                 12
 -0.42968169214595514 | Jewelry                                            | loose stones                                       |            0 |                 13
  -0.4197227191222387 | Jewelry                                            | estate                                             |            0 |                 14
 -0.41445360386933333 | Jewelry                                            | rings                                              |            0 |                 15
  -0.4075826232982096 | Jewelry                                            | earings                                            |            0 |                 16
  -0.3476885230585131 | Jewelry                                            |                                                    |            0 |                 17
  -0.4449014905588625 | Men                                                | sports-apparel                                     |            0 |                  1
  -0.4424081108182744 | Men                                                | shirts                                             |            0 |                  2
  -0.4362394490789612 | Men                                                | accessories                                        |            0 |                  3
  -0.4291629773838494 | Men                                                | pants                                              |            0 |                  4
 -0.17679811931443878 | Men                                                |                                                    |            0 |                  5
 -0.44457435399884415 | Music                                              | classical                                          |            0 |                  1
  -0.4422833784995089 | Music                                              | rock                                               |            0 |                  2
 -0.43563541158603336 | Music                                              | pop                                                |            0 |                  3
  -0.4324792126158654 | Music                                              | country                                            |            0 |                  4
 -0.39805236332803806 | Music                                              |                                                    |            0 |                  5
 -0.44159255775905704 | Shoes                                              | womens                                             |            0 |                  1
 -0.43264175045574166 | Shoes                                              | athletic                                           |            0 |                  2
  -0.4318720558606851 | Shoes                                              | kids                                               |            0 |                  3
   -0.422745691946983 | Shoes                                              | mens                                               |            0 |                  4
  -0.4031341055327414 | Shoes                                              |                                                    |            0 |                  5
 -0.47030006011055414 | Sports                                             | guns                                               |            0 |                  1
 -0.45530568836224494 | Sports                                             | tennis                                             |            0 |                  2
(100 rows)

UPDATE time_statistics SET e_time = TRANSACTION_TIMESTAMP() WHERE template = '../query_variants/query36a.tpl' AND stream = 0;
psql:/tmp/s1-basline/power/query_0.sql:1950: NOTICE:  duration: 0.032 ms  plan:
Query Text: UPDATE time_statistics SET e_time = TRANSACTION_TIMESTAMP() WHERE template = '../query_variants/query36a.tpl' AND stream = 0;
Update on time_statistics  (cost=0.00..1.42 rows=0 width=0) (actual time=0.031..0.031 rows=0 loops=1)
  ->  Seq Scan on time_statistics  (cost=0.00..1.42 rows=1 width=14) (actual time=0.016..0.017 rows=1 loops=1)
        Filter: ((template = '../query_variants/query36a.tpl'::text) AND (stream = 0))
        Rows Removed by Filter: 36
UPDATE 1
LOAD 'auto_explain'; SET auto_explain.log_min_duration TO 0; SET auto_explain.log_analyze TO on; SET auto_explain.log_level TO notice; INSERT INTO time_statistics (template, s_time, stream, query, seed) VALUES ('../query_postgresql/query37.tpl', TRANSACTION_TIMESTAMP(), 0, 37, 1577601166);
LOAD
SET
SET
SET
psql:/tmp/s1-basline/power/query_0.sql:1951: NOTICE:  duration: 0.008 ms  plan:
Query Text: INSERT INTO time_statistics (template, s_time, stream, query, seed) VALUES ('../query_postgresql/query37.tpl', TRANSACTION_TIMESTAMP(), 0, 37, 1577601166);
Insert on time_statistics  (cost=0.00..0.01 rows=0 width=0) (actual time=0.008..0.008 rows=0 loops=1)
  ->  Result  (cost=0.00..0.01 rows=1 width=64) (actual time=0.001..0.002 rows=1 loops=1)
INSERT 0 1
select  i_item_id
       ,i_item_desc
       ,i_current_price
 from item, inventory, date_dim, catalog_sales
 where i_current_price between 58 and 58 + 30
 and inv_item_sk = i_item_sk
 and d_date_sk=inv_date_sk
 and d_date between cast('2002-01-28' as date) and (cast('2002-01-28' as date) +  INTERVAL '60 days')
 and i_manufact_id in (699,805,819,684)
 and inv_quantity_on_hand between 100 and 500
 and cs_item_sk = i_item_sk
 group by i_item_id,i_item_desc,i_current_price
 order by i_item_id
 limit 100;
psql:/tmp/s1-basline/power/query_0.sql:1965: NOTICE:  duration: 7.293 ms  plan:
Query Text: select  i_item_id
       ,i_item_desc
       ,i_current_price
 from item, inventory, date_dim, catalog_sales
 where i_current_price between 58 and 58 + 30
 and inv_item_sk = i_item_sk
 and d_date_sk=inv_date_sk
 and d_date between cast('2002-01-28' as date) and (cast('2002-01-28' as date) +  INTERVAL '60 days')
 and i_manufact_id in (699,805,819,684)
 and inv_quantity_on_hand between 100 and 500
 and cs_item_sk = i_item_sk
 group by i_item_id,i_item_desc,i_current_price
 order by i_item_id
 limit 100;
Limit  (cost=2288.37..2289.24 rows=2 width=127) (actual time=7.291..7.292 rows=0 loops=1)
  ->  Group  (cost=2288.37..2289.24 rows=2 width=127) (actual time=7.290..7.291 rows=0 loops=1)
        Group Key: item.i_item_id, item.i_item_desc, item.i_current_price
        ->  Sort  (cost=2288.37..2288.59 rows=87 width=127) (actual time=7.290..7.291 rows=0 loops=1)
              Sort Key: item.i_item_id, item.i_item_desc, item.i_current_price
              Sort Method: quicksort  Memory: 25kB
              ->  Nested Loop  (cost=1.28..2285.57 rows=87 width=127) (actual time=7.277..7.278 rows=0 loops=1)
                    ->  Nested Loop  (cost=0.85..2282.72 rows=1 width=143) (actual time=7.276..7.277 rows=0 loops=1)
                          ->  Seq Scan on item  (cost=0.00..1616.00 rows=2 width=135) (actual time=6.431..6.960 rows=1 loops=1)
                                Filter: ((i_current_price >= '58'::double precision) AND (i_current_price <= '88'::double precision) AND (i_manufact_id = ANY ('{699,805,819,684}'::integer[])))
                                Rows Removed by Filter: 17999
                          ->  Nested Loop  (cost=0.85..332.71 rows=65 width=8) (actual time=0.315..0.315 rows=0 loops=1)
                                ->  Index Scan using i_d_date on date_dim  (cost=0.29..4.79 rows=65 width=8) (actual time=0.012..0.022 rows=61 loops=1)
                                      Index Cond: ((d_date >= '2002-01-28'::date) AND (d_date <= '2002-03-29 00:00:00'::timestamp without time zone))
                                ->  Index Scan using pk_inventory on inventory  (cost=0.56..5.03 rows=1 width=16) (actual time=0.005..0.005 rows=0 loops=61)
                                      Index Cond: ((inv_date_sk = date_dim.d_date_sk) AND (inv_item_sk = item.i_item_sk))
                                      Filter: ((inv_quantity_on_hand >= 100) AND (inv_quantity_on_hand <= 500))
                    ->  Index Only Scan using pk_catalog_sales on catalog_sales  (cost=0.43..1.97 rows=88 width=8) (never executed)
                          Index Cond: (cs_item_sk = inventory.inv_item_sk)
                          Heap Fetches: 0
 i_item_id | i_item_desc | i_current_price 
-----------+-------------+-----------------
(0 rows)

UPDATE time_statistics SET e_time = TRANSACTION_TIMESTAMP() WHERE template = '../query_postgresql/query37.tpl' AND stream = 0;
psql:/tmp/s1-basline/power/query_0.sql:1967: NOTICE:  duration: 0.019 ms  plan:
Query Text: UPDATE time_statistics SET e_time = TRANSACTION_TIMESTAMP() WHERE template = '../query_postgresql/query37.tpl' AND stream = 0;
Update on time_statistics  (cost=0.00..1.42 rows=0 width=0) (actual time=0.018..0.019 rows=0 loops=1)
  ->  Seq Scan on time_statistics  (cost=0.00..1.42 rows=1 width=14) (actual time=0.010..0.010 rows=1 loops=1)
        Filter: ((template = '../query_postgresql/query37.tpl'::text) AND (stream = 0))
        Rows Removed by Filter: 37
UPDATE 1
LOAD 'auto_explain'; SET auto_explain.log_min_duration TO 0; SET auto_explain.log_analyze TO on; SET auto_explain.log_level TO notice; INSERT INTO time_statistics (template, s_time, stream, query, seed) VALUES ('query38.tpl', TRANSACTION_TIMESTAMP(), 0, 38, 1909691100);
LOAD
SET
SET
SET
psql:/tmp/s1-basline/power/query_0.sql:1968: NOTICE:  duration: 0.008 ms  plan:
Query Text: INSERT INTO time_statistics (template, s_time, stream, query, seed) VALUES ('query38.tpl', TRANSACTION_TIMESTAMP(), 0, 38, 1909691100);
Insert on time_statistics  (cost=0.00..0.01 rows=0 width=0) (actual time=0.007..0.007 rows=0 loops=1)
  ->  Result  (cost=0.00..0.01 rows=1 width=64) (actual time=0.001..0.001 rows=1 loops=1)
INSERT 0 1
select  count(*) from (
    select distinct c_last_name, c_first_name, d_date
    from store_sales, date_dim, customer
          where store_sales.ss_sold_date_sk = date_dim.d_date_sk
      and store_sales.ss_customer_sk = customer.c_customer_sk
      and d_month_seq between 1213 and 1213 + 11
  intersect
    select distinct c_last_name, c_first_name, d_date
    from catalog_sales, date_dim, customer
          where catalog_sales.cs_sold_date_sk = date_dim.d_date_sk
      and catalog_sales.cs_bill_customer_sk = customer.c_customer_sk
      and d_month_seq between 1213 and 1213 + 11
  intersect
    select distinct c_last_name, c_first_name, d_date
    from web_sales, date_dim, customer
          where web_sales.ws_sold_date_sk = date_dim.d_date_sk
      and web_sales.ws_bill_customer_sk = customer.c_customer_sk
      and d_month_seq between 1213 and 1213 + 11
) hot_cust
limit 100;
psql:/tmp/s1-basline/power/query_0.sql:1988: NOTICE:  duration: 2242.494 ms  plan:
Query Text: select  count(*) from (
    select distinct c_last_name, c_first_name, d_date
    from store_sales, date_dim, customer
          where store_sales.ss_sold_date_sk = date_dim.d_date_sk
      and store_sales.ss_customer_sk = customer.c_customer_sk
      and d_month_seq between 1213 and 1213 + 11
  intersect
    select distinct c_last_name, c_first_name, d_date
    from catalog_sales, date_dim, customer
          where catalog_sales.cs_sold_date_sk = date_dim.d_date_sk
      and catalog_sales.cs_bill_customer_sk = customer.c_customer_sk
      and d_month_seq between 1213 and 1213 + 11
  intersect
    select distinct c_last_name, c_first_name, d_date
    from web_sales, date_dim, customer
          where web_sales.ws_sold_date_sk = date_dim.d_date_sk
      and web_sales.ws_bill_customer_sk = customer.c_customer_sk
      and d_month_seq between 1213 and 1213 + 11
) hot_cust
limit 100;
Limit  (cost=154155.53..154155.54 rows=1 width=8) (actual time=2161.199..2242.485 rows=1 loops=1)
  ->  Aggregate  (cost=154155.53..154155.54 rows=1 width=8) (actual time=2161.199..2242.484 rows=1 loops=1)
        ->  Subquery Scan on hot_cust  (cost=34469.40..154146.84 rows=3475 width=0) (actual time=2160.577..2242.474 rows=114 loops=1)
              ->  HashSetOp Intersect  (cost=34469.40..154112.09 rows=3475 width=216) (actual time=2160.576..2242.462 rows=114 loops=1)
                    ->  Append  (cost=34469.40..154034.45 rows=10352 width=216) (actual time=265.873..2238.398 rows=12267 loops=1)
                          ->  Subquery Scan on "*SELECT* 3"  (cost=34469.40..34934.93 rows=3475 width=60) (actual time=265.872..341.971 rows=11953 loops=1)
                                ->  Unique  (cost=34469.40..34900.18 rows=3475 width=56) (actual time=265.871..340.656 rows=11953 loops=1)
                                      ->  Gather Merge  (cost=34469.40..34874.12 rows=3475 width=56) (actual time=265.870..317.522 rows=143844 loops=1)
                                            Workers Planned: 2
                                            Workers Launched: 2
                                            ->  Sort  (cost=33469.37..33472.99 rows=1448 width=56) (actual time=238.850..243.548 rows=47948 loops=3)
                                                  Sort Key: customer.c_last_name, customer.c_first_name, date_dim.d_date
                                                  Sort Method: quicksort  Memory: 7462kB
                                                  Worker 0:  Sort Method: quicksort  Memory: 5203kB
                                                  Worker 1:  Sort Method: quicksort  Memory: 5214kB
                                                  ->  Nested Loop  (cost=2505.44..33393.35 rows=1448 width=56) (actual time=13.505..172.001 rows=47948 loops=3)
                                                        ->  Hash Join  (cost=2505.15..32936.93 rows=1448 width=12) (actual time=13.464..93.516 rows=47956 loops=3)
                                                              Hash Cond: (web_sales.ws_sold_date_sk = date_dim.d_date_sk)
                                                              ->  Parallel Seq Scan on web_sales  (cost=0.00..29644.81 rows=299781 width=16) (actual time=0.018..45.183 rows=239825 loops=3)
                                                              ->  Hash  (cost=2500.73..2500.73 rows=353 width=12) (actual time=13.329..13.330 rows=365 loops=3)
                                                                    Buckets: 1024  Batches: 1  Memory Usage: 26kB
                                                                    ->  Seq Scan on date_dim  (cost=0.00..2500.73 rows=353 width=12) (actual time=6.441..13.276 rows=365 loops=3)
                                                                          Filter: ((d_month_seq >= 1213) AND (d_month_seq <= 1224))
                                                                          Rows Removed by Filter: 72684
                                                        ->  Index Scan using pk_customer on customer  (cost=0.29..0.32 rows=1 width=60) (actual time=0.001..0.001 rows=1 loops=143868)
                                                              Index Cond: (c_customer_sk = web_sales.ws_bill_customer_sk)
                          ->  Result  (cost=23071.07..119047.76 rows=6877 width=216) (actual time=1813.532..1895.680 rows=314 loops=1)
                                ->  HashSetOp Intersect  (cost=23071.07..118978.99 rows=6877 width=216) (actual time=1813.531..1895.644 rows=314 loops=1)
                                      ->  Append  (cost=23071.07..118832.29 rows=19560 width=216) (actual time=585.377..1878.309 rows=79026 loops=1)
                                            ->  Subquery Scan on "*SELECT* 2"  (cost=23071.07..23208.61 rows=6877 width=60) (actual time=585.376..594.674 rows=31549 loops=1)
                                                  ->  HashAggregate  (cost=23071.07..23139.84 rows=6877 width=56) (actual time=585.375..592.305 rows=31549 loops=1)
                                                        Group Key: customer_1.c_last_name, customer_1.c_first_name, date_dim_1.d_date
                                                        Batches: 1  Memory Usage: 6673kB
                                                        ->  Nested Loop  (cost=0.72..23019.49 rows=6877 width=56) (actual time=3.655..476.753 rows=283743 loops=1)
                                                              ->  Nested Loop  (cost=0.43..20858.13 rows=6914 width=12) (actual time=3.647..101.005 rows=284536 loops=1)
                                                                    ->  Seq Scan on date_dim date_dim_1  (cost=0.00..2500.73 rows=353 width=12) (actual time=3.630..7.896 rows=365 loops=1)
                                                                          Filter: ((d_month_seq >= 1213) AND (d_month_seq <= 1224))
                                                                          Rows Removed by Filter: 72684
                                                                    ->  Index Scan using i_cs_sold_date_sk on catalog_sales  (cost=0.43..44.18 rows=782 width=16) (actual time=0.004..0.174 rows=780 loops=365)
                                                                          Index Cond: (cs_sold_date_sk = date_dim_1.d_date_sk)
                                                              ->  Index Scan using pk_customer on customer customer_1  (cost=0.29..0.31 rows=1 width=60) (actual time=0.001..0.001 rows=1 loops=284536)
                                                                    Index Cond: (c_customer_sk = catalog_sales.cs_bill_customer_sk)
                                            ->  Subquery Scan on "*SELECT* 1"  (cost=93826.79..95525.89 rows=12683 width=60) (actual time=898.798..1278.863 rows=47477 loops=1)
                                                  ->  Unique  (cost=93826.79..95399.06 rows=12683 width=56) (actual time=898.796..1273.744 rows=47477 loops=1)
                                                        ->  Gather Merge  (cost=93826.79..95303.93 rows=12683 width=56) (actual time=898.795..1189.932 rows=538758 loops=1)
                                                              Workers Planned: 2
                                                              Workers Launched: 2
                                                              ->  Sort  (cost=92826.76..92839.98 rows=5285 width=56) (actual time=851.104..893.484 rows=179586 loops=3)
                                                                    Sort Key: customer_2.c_last_name, customer_2.c_first_name, date_dim_2.d_date
                                                                    Sort Method: external merge  Disk: 13144kB
                                                                    Worker 0:  Sort Method: external merge  Disk: 10432kB
                                                                    Worker 1:  Sort Method: external merge  Disk: 10296kB
                                                                    ->  Nested Loop  (cost=2505.44..92499.95 rows=5285 width=56) (actual time=13.904..549.634 rows=179586 loops=3)
                                                                          ->  Hash Join  (cost=2505.15..90776.57 rows=5536 width=12) (actual time=13.845..265.133 rows=183883 loops=3)
                                                                                Hash Cond: (store_sales.ss_sold_date_sk = date_dim_2.d_date_sk)
                                                                                ->  Parallel Seq Scan on store_sales  (cost=0.00..85123.48 rows=1199148 width=16) (actual time=0.015..124.055 rows=959309 loops=3)
                                                                                ->  Hash  (cost=2500.73..2500.73 rows=353 width=12) (actual time=13.722..13.723 rows=365 loops=3)
                                                                                      Buckets: 1024  Batches: 1  Memory Usage: 26kB
                                                                                      ->  Seq Scan on date_dim date_dim_2  (cost=0.00..2500.73 rows=353 width=12) (actual time=6.644..13.672 rows=365 loops=3)
                                                                                            Filter: ((d_month_seq >= 1213) AND (d_month_seq <= 1224))
                                                                                            Rows Removed by Filter: 72684
                                                                          ->  Index Scan using pk_customer on customer customer_2  (cost=0.29..0.31 rows=1 width=60) (actual time=0.001..0.001 rows=1 loops=551648)
                                                                                Index Cond: (c_customer_sk = store_sales.ss_customer_sk)
 count 
-------
   114
(1 row)

UPDATE time_statistics SET e_time = TRANSACTION_TIMESTAMP() WHERE template = 'query38.tpl' AND stream = 0;
psql:/tmp/s1-basline/power/query_0.sql:1990: NOTICE:  duration: 0.034 ms  plan:
Query Text: UPDATE time_statistics SET e_time = TRANSACTION_TIMESTAMP() WHERE template = 'query38.tpl' AND stream = 0;
Update on time_statistics  (cost=0.00..1.42 rows=0 width=0) (actual time=0.033..0.033 rows=0 loops=1)
  ->  Seq Scan on time_statistics  (cost=0.00..1.42 rows=1 width=14) (actual time=0.018..0.018 rows=1 loops=1)
        Filter: ((template = 'query38.tpl'::text) AND (stream = 0))
        Rows Removed by Filter: 38
UPDATE 1
LOAD 'auto_explain'; SET auto_explain.log_min_duration TO 0; SET auto_explain.log_analyze TO on; SET auto_explain.log_level TO notice; INSERT INTO time_statistics (template, s_time, stream, query, seed) VALUES ('query39.tpl', TRANSACTION_TIMESTAMP(), 0, 39, 710151579);
LOAD
SET
SET
SET
psql:/tmp/s1-basline/power/query_0.sql:1991: NOTICE:  duration: 0.008 ms  plan:
Query Text: INSERT INTO time_statistics (template, s_time, stream, query, seed) VALUES ('query39.tpl', TRANSACTION_TIMESTAMP(), 0, 39, 710151579);
Insert on time_statistics  (cost=0.00..0.01 rows=0 width=0) (actual time=0.008..0.008 rows=0 loops=1)
  ->  Result  (cost=0.00..0.01 rows=1 width=64) (actual time=0.001..0.001 rows=1 loops=1)
INSERT 0 1
with inv as
(select w_warehouse_name,w_warehouse_sk,i_item_sk,d_moy
       ,stdev,mean, case mean when 0 then null else stdev/mean end cov
 from(select w_warehouse_name,w_warehouse_sk,i_item_sk,d_moy
            ,stddev_samp(inv_quantity_on_hand) stdev,avg(inv_quantity_on_hand) mean
      from inventory
          ,item
          ,warehouse
          ,date_dim
      where inv_item_sk = i_item_sk
        and inv_warehouse_sk = w_warehouse_sk
        and inv_date_sk = d_date_sk
        and d_year =1998
      group by w_warehouse_name,w_warehouse_sk,i_item_sk,d_moy) foo
 where case mean when 0 then 0 else stdev/mean end > 1)
select inv1.w_warehouse_sk,inv1.i_item_sk,inv1.d_moy,inv1.mean, inv1.cov
        ,inv2.w_warehouse_sk,inv2.i_item_sk,inv2.d_moy,inv2.mean, inv2.cov
from inv inv1,inv inv2
where inv1.i_item_sk = inv2.i_item_sk
  and inv1.w_warehouse_sk =  inv2.w_warehouse_sk
  and inv1.d_moy=4
  and inv2.d_moy=4+1
order by inv1.w_warehouse_sk,inv1.i_item_sk,inv1.d_moy,inv1.mean,inv1.cov
        ,inv2.d_moy,inv2.mean, inv2.cov
;
psql:/tmp/s1-basline/power/query_0.sql:2016: NOTICE:  duration: 2425.886 ms  plan:
Query Text: with inv as
(select w_warehouse_name,w_warehouse_sk,i_item_sk,d_moy
       ,stdev,mean, case mean when 0 then null else stdev/mean end cov
 from(select w_warehouse_name,w_warehouse_sk,i_item_sk,d_moy
            ,stddev_samp(inv_quantity_on_hand) stdev,avg(inv_quantity_on_hand) mean
      from inventory
          ,item
          ,warehouse
          ,date_dim
      where inv_item_sk = i_item_sk
        and inv_warehouse_sk = w_warehouse_sk
        and inv_date_sk = d_date_sk
        and d_year =1998
      group by w_warehouse_name,w_warehouse_sk,i_item_sk,d_moy) foo
 where case mean when 0 then 0 else stdev/mean end > 1)
select inv1.w_warehouse_sk,inv1.i_item_sk,inv1.d_moy,inv1.mean, inv1.cov
        ,inv2.w_warehouse_sk,inv2.i_item_sk,inv2.d_moy,inv2.mean, inv2.cov
from inv inv1,inv inv2
where inv1.i_item_sk = inv2.i_item_sk
  and inv1.w_warehouse_sk =  inv2.w_warehouse_sk
  and inv1.d_moy=4
  and inv2.d_moy=4+1
order by inv1.w_warehouse_sk,inv1.i_item_sk,inv1.d_moy,inv1.mean,inv1.cov
        ,inv2.d_moy,inv2.mean, inv2.cov
;
Sort  (cost=147062.02..147062.03 rows=1 width=168) (actual time=2425.525..2425.722 rows=156 loops=1)
  Sort Key: inv1.w_warehouse_sk, inv1.i_item_sk, inv1.mean, inv1.cov, inv2.mean, inv2.cov
  Sort Method: quicksort  Memory: 43kB
  CTE inv
    ->  Subquery Scan on foo  (cost=144577.10..146182.16 rows=19455 width=130) (actual time=1093.433..2408.489 rows=32474 loops=1)
          ->  HashAggregate  (cost=144577.10..145890.34 rows=19455 width=98) (actual time=1093.431..2398.969 rows=32474 loops=1)
                Group Key: warehouse.w_warehouse_name, warehouse.w_warehouse_sk, item.i_item_sk, date_dim.d_moy
                Filter: (CASE avg(inventory.inv_quantity_on_hand) WHEN '0'::numeric THEN '0'::numeric ELSE (stddev_samp(inventory.inv_quantity_on_hand) / avg(inventory.inv_quantity_on_hand)) END > '1'::numeric)
                Batches: 21  Memory Usage: 32825kB  Disk Usage: 121616kB
                Rows Removed by Filter: 507526
                ->  Gather  (cost=3870.75..143701.61 rows=58366 width=38) (actual time=12.680..368.234 rows=2385000 loops=1)
                      Workers Planned: 3
                      Workers Launched: 3
                      ->  Hash Join  (cost=2870.75..136865.01 rows=18828 width=38) (actual time=19.112..742.198 rows=596250 loops=4)
                            Hash Cond: (inventory.inv_warehouse_sk = warehouse.w_warehouse_sk)
                            ->  Hash Join  (cost=2869.64..136772.58 rows=18828 width=24) (actual time=18.874..603.472 rows=596250 loops=4)
                                  Hash Cond: (inventory.inv_item_sk = item.i_item_sk)
                                  ->  Hash Join  (cost=2322.65..136176.16 rows=18828 width=24) (actual time=14.424..506.974 rows=596250 loops=4)
                                        Hash Cond: (inventory.inv_date_sk = date_dim.d_date_sk)
                                        ->  Parallel Seq Scan on inventory  (cost=0.00..123907.26 rows=3788826 width=28) (actual time=0.020..204.828 rows=2936250 loops=4)
                                        ->  Hash  (cost=2318.11..2318.11 rows=363 width=12) (actual time=14.390..14.391 rows=365 loops=4)
                                              Buckets: 1024  Batches: 1  Memory Usage: 26kB
                                              ->  Seq Scan on date_dim  (cost=0.00..2318.11 rows=363 width=12) (actual time=6.841..14.328 rows=365 loops=4)
                                                    Filter: (d_year = 1998)
                                                    Rows Removed by Filter: 72684
                                  ->  Hash  (cost=321.99..321.99 rows=18000 width=8) (actual time=4.337..4.338 rows=18000 loops=4)
                                        Buckets: 32768  Batches: 1  Memory Usage: 960kB
                                        ->  Index Only Scan using pk_item on item  (cost=0.29..321.99 rows=18000 width=8) (actual time=0.085..2.111 rows=18000 loops=4)
                                              Heap Fetches: 0
                            ->  Hash  (cost=1.05..1.05 rows=5 width=22) (actual time=0.030..0.031 rows=5 loops=4)
                                  Buckets: 1024  Batches: 1  Memory Usage: 9kB
                                  ->  Seq Scan on warehouse  (cost=0.00..1.05 rows=5 width=22) (actual time=0.024..0.026 rows=5 loops=4)
  ->  Hash Join  (cost=439.19..879.85 rows=1 width=168) (actual time=2422.513..2425.458 rows=156 loops=1)
        Hash Cond: ((inv1.i_item_sk = inv2.i_item_sk) AND (inv1.w_warehouse_sk = inv2.w_warehouse_sk))
        ->  CTE Scan on inv inv1  (cost=0.00..437.74 rows=97 width=84) (actual time=1096.203..1098.921 rows=2097 loops=1)
              Filter: (d_moy = 4)
              Rows Removed by Filter: 30377
        ->  Hash  (cost=437.74..437.74 rows=97 width=84) (actual time=1326.294..1326.295 rows=3131 loops=1)
              Buckets: 4096 (originally 1024)  Batches: 1 (originally 1)  Memory Usage: 254kB
              ->  CTE Scan on inv inv2  (cost=0.00..437.74 rows=97 width=84) (actual time=0.003..1325.558 rows=3131 loops=1)
                    Filter: (d_moy = 5)
                    Rows Removed by Filter: 29343
 w_warehouse_sk | i_item_sk | d_moy |         mean         |          cov           | w_warehouse_sk | i_item_sk | d_moy |         mean         |          cov           
----------------+-----------+-------+----------------------+------------------------+----------------+-----------+-------+----------------------+------------------------
              1 |        85 |     4 | 336.2000000000000000 |     1.1055191271179447 |              1 |        85 |     5 | 339.0000000000000000 |     1.0182048819482832
              1 |       860 |     4 | 352.5000000000000000 |     1.0720864772414752 |              1 |       860 |     5 | 269.7500000000000000 |     1.0881834154315144
              1 |      1162 |     4 | 319.2500000000000000 |     1.0729092446806891 |              1 |      1162 |     5 | 376.2500000000000000 |     1.1093629020078113
              1 |      1526 |     4 | 279.2500000000000000 |     1.4573694271081826 |              1 |      1526 |     5 | 291.0000000000000000 |     1.0612308500272096
              1 |      1681 |     4 | 205.4000000000000000 |     1.2620843980215433 |              1 |      1681 |     5 | 247.0000000000000000 |     1.0967550808877045
              1 |      1858 |     4 | 300.6000000000000000 |     1.1233386026479108 |              1 |      1858 |     5 | 364.6666666666666667 |     1.1583524193713282
              1 |      2185 |     4 | 323.4000000000000000 |     1.1025497229618120 |              1 |      2185 |     5 | 342.7500000000000000 |     1.0251137088105383
              1 |      3346 |     4 | 310.2000000000000000 |     1.2128827497868021 |              1 |      3346 |     5 | 210.0000000000000000 |     1.1080683962069810
              1 |      3392 |     4 | 356.8000000000000000 |     1.1675475462990583 |              1 |      3392 |     5 | 432.6666666666666667 |     1.0992708254051949
              1 |      3422 |     4 | 290.3333333333333333 |     1.1160561111799736 |              1 |      3422 |     5 | 370.2500000000000000 |     1.0575753055714760
              1 |      3608 |     4 | 368.6000000000000000 | 1.00083444520134291915 |              1 |      3608 |     5 | 273.0000000000000000 |     1.0405832025814762
              1 |      3668 |     4 | 341.5000000000000000 |     1.0035269112760908 |              1 |      3668 |     5 | 156.0000000000000000 |     1.5284126945597885
              1 |      4226 |     4 | 401.0000000000000000 |     1.0330858496376584 |              1 |      4226 |     5 | 410.0000000000000000 |     1.1582592736143927
              1 |      5245 |     4 | 284.2000000000000000 |     1.0273773752420830 |              1 |      5245 |     5 | 365.6666666666666667 |     1.1595431793843145
              1 |      6298 |     4 | 356.2000000000000000 |     1.0112926201116873 |              1 |      6298 |     5 | 209.2500000000000000 |     1.2039241032573429
              1 |      6925 |     4 | 191.5000000000000000 |     1.0062352899729556 |              1 |      6925 |     5 | 424.0000000000000000 |     1.0250728251703939
              1 |      8128 |     4 | 390.4000000000000000 |     1.0067944185888858 |              1 |      8128 |     5 | 370.2500000000000000 |     1.0560613463804240
              1 |      9103 |     4 | 407.2000000000000000 |     1.0509764031358080 |              1 |      9103 |     5 | 231.2500000000000000 |     1.3480816660099978
              1 |      9400 |     4 | 310.6000000000000000 |     1.1663476518473793 |              1 |      9400 |     5 | 263.0000000000000000 |     1.1614833820250532
              1 |      9638 |     4 | 259.2000000000000000 |     1.3786849748401080 |              1 |      9638 |     5 | 385.7500000000000000 |     1.0258258778561452
              1 |      9970 |     4 | 262.0000000000000000 |     1.6417804834974847 |              1 |      9970 |     5 | 333.5000000000000000 |     1.0801333345044438
              1 |     10184 |     4 | 478.6666666666666667 |     1.0102056888126247 |              1 |     10184 |     5 | 280.2500000000000000 |     1.1268846024047136
              1 |     10405 |     4 | 274.8000000000000000 |     1.2534776474657096 |              1 |     10405 |     5 | 319.0000000000000000 |     1.1367285833466458
              1 |     10556 |     4 | 417.2000000000000000 |     1.0651030726012224 |              1 |     10556 |     5 | 306.0000000000000000 |     1.1123279252808203
              1 |     10978 |     4 | 358.6000000000000000 |     1.0432981497524847 |              1 |     10978 |     5 | 390.0000000000000000 |     1.0814830200620103
              1 |     12632 |     4 | 256.7500000000000000 |     1.1569590587837858 |              1 |     12632 |     5 | 333.3333333333333333 |     1.0136108720806020
              1 |     13048 |     4 | 286.4000000000000000 |     1.1378546563602304 |              1 |     13048 |     5 | 415.3333333333333333 |     1.0446340273522030
              1 |     13172 |     4 | 263.2000000000000000 |     1.1037034589014438 |              1 |     13172 |     5 | 235.6666666666666667 |     1.3990243369101089
              1 |     14014 |     4 | 270.0000000000000000 |     1.0101779712544148 |              1 |     14014 |     5 | 442.6666666666666667 |     1.0370165233521235
              1 |     14338 |     4 | 209.2000000000000000 |     1.0390863369701482 |              1 |     14338 |     5 | 344.0000000000000000 |     1.0188486951466076
              1 |     14596 |     4 | 314.2000000000000000 |     1.1637134186870719 |              1 |     14596 |     5 | 201.2500000000000000 |     1.2505650382456696
              1 |     14698 |     4 | 193.6000000000000000 |     1.9468159533519525 |              1 |     14698 |     5 | 220.7500000000000000 |     1.0520839555003805
              2 |      1198 |     4 | 320.0000000000000000 |     1.1708787431882094 |              2 |      1198 |     5 | 231.5000000000000000 |     1.2309650941810454
              2 |      1396 |     4 | 322.0000000000000000 |     1.1575285883748665 |              2 |      1396 |     5 | 390.5000000000000000 |     1.0267374559213291
              2 |      2995 |     4 | 205.0000000000000000 | 1.00080475253012682927 |              2 |      2995 |     5 | 148.7500000000000000 |     1.5371638424329277
              2 |      4010 |     4 | 335.8000000000000000 |     1.1020604077095444 |              2 |      4010 |     5 |  74.2500000000000000 |     1.1866318586299604
              2 |      4118 |     4 | 334.6000000000000000 |     1.0973380364498057 |              2 |      4118 |     5 | 318.2500000000000000 |     1.0393343961805813
              2 |      4327 |     4 | 420.0000000000000000 |     1.0130064031333238 |              2 |      4327 |     5 | 353.7500000000000000 |     1.0567407456263689
              2 |      4933 |     4 | 177.4000000000000000 |     1.6909507643570857 |              2 |      4933 |     5 | 388.5000000000000000 |     1.0230864256506486
              2 |      5380 |     4 | 215.2000000000000000 |     1.0413661046090288 |              2 |      5380 |     5 | 324.6666666666666667 |     1.0713388787665534
              2 |      5624 |     4 | 356.7500000000000000 |     1.0748314130342200 |              2 |      5624 |     5 | 362.0000000000000000 |     1.1460526638340801
              2 |      6248 |     4 | 249.8000000000000000 |     1.3001764696647798 |              2 |      6248 |     5 | 410.7500000000000000 |     1.0429162534964577
              2 |      6637 |     4 | 337.2000000000000000 | 1.00153070285962336892 |              2 |      6637 |     5 | 391.6666666666666667 |     1.3074742133097294
              2 |      6860 |     4 | 420.0000000000000000 |     1.0504412742977595 |              2 |      6860 |     5 | 291.3333333333333333 |     1.3434404333263146
              2 |      6896 |     4 | 463.3333333333333333 |     1.0287072975345453 |              2 |      6896 |     5 | 326.0000000000000000 |     1.2656710844704141
              2 |      7501 |     4 | 295.4000000000000000 |     1.0808293694186933 |              2 |      7501 |     5 | 469.2500000000000000 |     1.0764257350800959
              2 |      7714 |     4 | 289.0000000000000000 |     1.2419301657145536 |              2 |      7714 |     5 | 246.0000000000000000 |     1.3288683584899187
              2 |      8098 |     4 | 237.7500000000000000 |     1.2207031966386877 |              2 |      8098 |     5 | 347.2500000000000000 |     1.1090674771269748
              2 |      8170 |     4 | 267.0000000000000000 |     1.2723420299539288 |              2 |      8170 |     5 | 329.6666666666666667 |     1.2529029923772497
              2 |      8341 |     4 | 403.2000000000000000 |     1.0311368417687450 |              2 |      8341 |     5 | 308.5000000000000000 |     1.3941715588472966
              2 |      8828 |     4 | 258.2000000000000000 |     1.2771614902522463 |              2 |      8828 |     5 | 410.7500000000000000 |     1.0592638214532075
              2 |      9247 |     4 | 300.5000000000000000 |     1.3789210663574775 |              2 |      9247 |     5 | 313.7500000000000000 |     1.2956750271876143
              2 |     10822 |     4 | 285.8000000000000000 |     1.3080164856538733 |              2 |     10822 |     5 | 208.2500000000000000 |     1.0900703888472365
              2 |     10840 |     4 | 275.0000000000000000 |     1.0819225821791491 |              2 |     10840 |     5 | 351.5000000000000000 |     1.0499742193496444
              2 |     11996 |     4 | 437.7500000000000000 |     1.0801371638188624 |              2 |     11996 |     5 | 279.2500000000000000 |     1.0764501634252498
              2 |     12559 |     4 | 336.5000000000000000 |     1.2614155471189985 |              2 |     12559 |     5 | 366.6666666666666667 |     1.0162680878814818
              2 |     12703 |     4 | 459.6666666666666667 |     1.0349943145248796 |              2 |     12703 |     5 | 263.3333333333333333 |     1.1608726805933506
              2 |     12985 |     4 | 320.0000000000000000 |     1.0573542674406719 |              2 |     12985 |     5 | 369.0000000000000000 |     1.0189245410597967
              2 |     13418 |     4 | 302.6000000000000000 |     1.1672153903598612 |              2 |     13418 |     5 | 249.2500000000000000 |     1.0461462687545035
              2 |     13420 |     4 | 395.5000000000000000 | 1.00018351651623261694 |              2 |     13420 |     5 | 422.7500000000000000 |     1.0571541196229213
              2 |     13778 |     4 | 438.6666666666666667 |     1.1022344900334506 |              2 |     13778 |     5 | 388.6666666666666667 |     1.1723114408354923
              2 |     14062 |     4 | 180.6666666666666667 |     1.0476521006940830 |              2 |     14062 |     5 | 351.0000000000000000 |     1.0806424664280883
              2 |     15004 |     4 | 387.0000000000000000 |     1.0496141842765452 |              2 |     15004 |     5 | 265.0000000000000000 |     1.0299744058038000
              2 |     15190 |     4 | 179.5000000000000000 |     1.0305704008769805 |              2 |     15190 |     5 | 199.6666666666666667 |     1.2511682774379115
              2 |     15883 |     4 | 397.0000000000000000 |     1.0459134720530605 |              2 |     15883 |     5 | 342.0000000000000000 |     1.1157107013031784
              2 |     16273 |     4 | 143.2000000000000000 |     1.1535184146767458 |              2 |     16273 |     5 | 282.7500000000000000 |     1.0226176767272573
              3 |       506 |     4 | 245.3333333333333333 |     1.1006365701368845 |              3 |       506 |     5 | 336.2500000000000000 |     1.1487855824005561
              3 |       830 |     4 | 314.0000000000000000 |     1.0643019546421975 |              3 |       830 |     5 | 301.6666666666666667 |     1.0349250550943768
              3 |      1054 |     4 | 374.4000000000000000 |     1.0775639913411271 |              3 |      1054 |     5 | 388.0000000000000000 |     1.0875087472960825
              3 |      1586 |     4 | 363.5000000000000000 |     1.0176846532188941 |              3 |      1586 |     5 | 481.0000000000000000 |     1.0257426294937879
              3 |      1612 |     4 | 287.2000000000000000 |     1.0453960276236316 |              3 |      1612 |     5 | 339.3333333333333333 |     1.2454478619949332
              3 |      4387 |     4 | 346.0000000000000000 |     1.0462846892252341 |              3 |      4387 |     5 | 399.7500000000000000 |     1.0797048100693108
              3 |      5152 |     4 | 236.8000000000000000 |     1.4073192864709924 |              3 |      5152 |     5 | 353.0000000000000000 |     1.1109223268284873
              3 |      6721 |     4 | 125.6000000000000000 |     1.2287304589337659 |              3 |      6721 |     5 | 455.7500000000000000 |     1.0610928412474866
              3 |      7537 |     4 | 289.0000000000000000 |     1.0608626361091142 |              3 |      7537 |     5 | 238.7500000000000000 |     1.2053873688983623
              3 |      7574 |     4 | 256.8000000000000000 |     1.1118620752966511 |              3 |      7574 |     5 | 474.3333333333333333 |     1.0441262882273675
              3 |      7982 |     4 | 276.8000000000000000 |     1.2587853048209863 |              3 |      7982 |     5 | 309.2500000000000000 |     1.1196311676777332
              3 |      8536 |     4 | 422.7500000000000000 |     1.0482670198257694 |              3 |      8536 |     5 | 355.2500000000000000 |     1.2075409523889599
              3 |      8806 |     4 | 257.6000000000000000 |     1.0551067987903028 |              3 |      8806 |     5 | 331.7500000000000000 |     1.0884857043832404
              3 |      8990 |     4 | 286.4000000000000000 |     1.0050366328605098 |              3 |      8990 |     5 | 264.0000000000000000 |     1.4936447093958902
              3 |      9686 |     4 | 339.2000000000000000 |     1.0584494210600796 |              3 |      9686 |     5 | 479.0000000000000000 |     1.0331786658396305
              3 |     10123 |     4 | 418.6000000000000000 |     1.0137964352032967 |              3 |     10123 |     5 | 181.7500000000000000 |     1.0198117939039725
              3 |     10393 |     4 | 353.7500000000000000 |     1.1730583077884184 |              3 |     10393 |     5 | 180.0000000000000000 |     1.3109541651199222
              3 |     10819 |     4 | 319.4000000000000000 |     1.1122141066853788 |              3 |     10819 |     5 | 345.6666666666666667 |     1.0450970658884696
              3 |     10945 |     4 | 449.7500000000000000 |     1.0262428540398644 |              3 |     10945 |     5 | 281.3333333333333333 |     1.1275469435972488
              3 |     11054 |     4 | 412.4000000000000000 |     1.0713368257930189 |              3 |     11054 |     5 | 345.2500000000000000 |     1.1906716057869196
              3 |     13378 |     4 | 135.2500000000000000 |     1.3036355870046802 |              3 |     13378 |     5 | 343.2500000000000000 |     1.1428775719951784
              3 |     14500 |     4 | 278.4000000000000000 |     1.0762461735050575 |              3 |     14500 |     5 | 285.5000000000000000 |     1.1085966527564588
              3 |     14912 |     4 | 216.6000000000000000 |     1.1235761583568560 |              3 |     14912 |     5 | 271.7500000000000000 |     1.1380223688200920
              3 |     15766 |     4 | 394.8000000000000000 |     1.0059797332060740 |              3 |     15766 |     5 | 153.0000000000000000 |     1.0814574300500131
              3 |     17542 |     4 | 365.4000000000000000 |     1.0177434304429119 |              3 |     17542 |     5 | 512.0000000000000000 |     1.1103786173320000
              3 |     17666 |     4 | 415.5000000000000000 |     1.0777506360487942 |              3 |     17666 |     5 | 348.0000000000000000 |     1.0182555500333563
              3 |     17749 |     4 | 302.0000000000000000 |     1.0115302403729040 |              3 |     17749 |     5 | 330.0000000000000000 |     1.1716736320715879
              3 |     17782 |     4 | 282.5000000000000000 |     1.3190626915396248 |              3 |     17782 |     5 | 170.7500000000000000 |     1.2218416176494407
              4 |       992 |     4 | 223.7500000000000000 |     1.0446403555913341 |              4 |       992 |     5 | 338.5000000000000000 |     1.1070957693955362
              4 |      1606 |     4 | 234.0000000000000000 |     1.2435579244223291 |              4 |      1606 |     5 | 405.2500000000000000 |     1.0653884590599729
              4 |      2203 |     4 | 373.7500000000000000 |     1.1046989644650756 |              4 |      2203 |     5 | 455.5000000000000000 |     1.1103413468640022
              4 |      3796 |     4 | 371.4000000000000000 |     1.0199667592234276 |              4 |      3796 |     5 | 495.0000000000000000 |     1.0685169137930061
              4 |      4747 |     4 | 156.4000000000000000 |     1.6962398637481714 |              4 |      4747 |     5 | 439.2500000000000000 |     1.0089378332157154
              4 |      4840 |     4 | 354.0000000000000000 |     1.0316189254413051 |              4 |      4840 |     5 | 374.7500000000000000 |     1.0311770149686511
              4 |      5959 |     4 | 303.6000000000000000 |     1.1028344827115481 |              4 |      5959 |     5 | 246.0000000000000000 |     1.5224576728978455
              4 |      9043 |     4 | 170.2500000000000000 |     1.3566152231609868 |              4 |      9043 |     5 | 409.7500000000000000 |     1.0900203805419256
              4 |      9055 |     4 | 296.4000000000000000 |     1.3049695272542713 |              4 |      9055 |     5 | 274.0000000000000000 |     1.4636492637390474
              4 |     10288 |     4 | 404.0000000000000000 |     1.0485957983818861 |              4 |     10288 |     5 | 323.5000000000000000 |     1.2399038010790479
              4 |     10826 |     4 | 419.0000000000000000 | 1.00106743514412171838 |              4 |     10826 |     5 | 468.5000000000000000 |     1.1091923530259936
              4 |     11749 |     4 | 244.4000000000000000 |     1.0383999522595908 |              4 |     11749 |     5 | 328.5000000000000000 |     1.1627459360692268
              4 |     11848 |     4 | 255.5000000000000000 |     1.3137729306152955 |              4 |     11848 |     5 | 293.2500000000000000 |     1.1505144982192361
              4 |     12214 |     4 | 354.6000000000000000 |     1.0435484909191286 |              4 |     12214 |     5 | 141.7500000000000000 |     1.3566313656694462
              4 |     12313 |     4 | 408.2000000000000000 |     1.1644977408170652 |              4 |     12313 |     5 | 389.6666666666666667 |     1.3463086459259641
              4 |     12992 |     4 | 311.7500000000000000 |     1.3615193855880449 |              4 |     12992 |     5 | 372.3333333333333333 |     1.1865623377299749
              4 |     13184 |     4 | 252.8000000000000000 |     1.1259269256823220 |              4 |     13184 |     5 | 285.5000000000000000 |     1.1611283248520140
              4 |     13288 |     4 | 468.5000000000000000 |     1.1576326599147962 |              4 |     13288 |     5 | 349.2500000000000000 |     1.0102312270185254
              4 |     13387 |     4 | 308.2500000000000000 |     1.0564426785048986 |              4 |     13387 |     5 | 252.5000000000000000 |     1.4631023757433030
              4 |     13430 |     4 | 244.6666666666666667 |     1.1566781563795831 |              4 |     13430 |     5 | 351.0000000000000000 |     1.0323223342889259
              4 |     13772 |     4 | 301.6000000000000000 |     1.2132483444109715 |              4 |     13772 |     5 | 351.0000000000000000 |     1.2104965754305613
              4 |     15751 |     4 | 327.2500000000000000 |     1.0325100434681253 |              4 |     15751 |     5 | 355.7500000000000000 |     1.2135230940986507
              4 |     15883 |     4 | 221.2500000000000000 |     1.1497081210256814 |              4 |     15883 |     5 | 233.0000000000000000 |     1.6181965051462189
              4 |     16856 |     4 | 355.0000000000000000 |     1.0788842716311606 |              4 |     16856 |     5 | 437.3333333333333333 |     1.0176854842213125
              4 |     17446 |     4 | 237.4000000000000000 |     1.5357158180773673 |              4 |     17446 |     5 | 352.7500000000000000 |     1.0525202387093125
              4 |     17558 |     4 | 363.5000000000000000 |     1.0445144606884402 |              4 |     17558 |     5 | 420.2500000000000000 |     1.0778507893415776
              4 |     17755 |     4 | 357.8000000000000000 |     1.0230445846321073 |              4 |     17755 |     5 | 155.0000000000000000 |     1.2503651911910968
              5 |       194 |     4 | 384.7500000000000000 |     1.1678862753147914 |              5 |       194 |     5 | 327.0000000000000000 |     1.2039029447613058
              5 |       850 |     4 | 211.2000000000000000 |     1.3733729821544460 |              5 |       850 |     5 | 178.5000000000000000 |     1.0869165504834398
              5 |      1100 |     4 | 303.0000000000000000 |     1.2039964023913531 |              5 |      1100 |     5 | 289.7500000000000000 |     1.0746362198670164
              5 |      1418 |     4 | 331.4000000000000000 |     1.0311836254609445 |              5 |      1418 |     5 | 416.2500000000000000 |     1.1536925248424360
              5 |      3452 |     4 | 333.6000000000000000 |     1.0588084161416936 |              5 |      3452 |     5 | 302.0000000000000000 |     1.1464830325850364
              5 |      3704 |     4 | 352.7500000000000000 |     1.0275122316885755 |              5 |      3704 |     5 | 371.2500000000000000 |     1.0403314675090640
              5 |      4021 |     4 | 383.2000000000000000 | 1.00011052067289665971 |              5 |      4021 |     5 | 358.2500000000000000 |     1.1912531113451640
              5 |      5606 |     4 | 391.0000000000000000 |     1.1541159819274322 |              5 |      5606 |     5 | 447.7500000000000000 |     1.0672303752165181
              5 |      5924 |     4 | 240.3333333333333333 |     1.1514262054135090 |              5 |      5924 |     5 | 351.3333333333333333 |     1.1161028368305683
              5 |      7418 |     4 | 341.2500000000000000 |     1.0177864247663443 |              5 |      7418 |     5 | 289.5000000000000000 |     1.1149286675216718
              5 |      9847 |     4 | 252.6000000000000000 |     1.0161341094192320 |              5 |      9847 |     5 | 315.3333333333333333 | 1.00079026473352642717
              5 |     10310 |     4 | 339.4000000000000000 | 1.00163913000502946376 |              5 |     10310 |     5 | 383.5000000000000000 |     1.1108958521331812
              5 |     11083 |     4 | 360.0000000000000000 |     1.0524418011728556 |              5 |     11083 |     5 | 312.5000000000000000 |     1.1278218299004512
              5 |     11398 |     4 | 300.0000000000000000 |     1.1498091629097033 |              5 |     11398 |     5 | 374.3333333333333333 |     1.2300770146225752
              5 |     11515 |     4 | 421.2500000000000000 |     1.0063721115200641 |              5 |     11515 |     5 | 400.3333333333333333 |     1.1185999157189126
              5 |     11647 |     4 | 315.4000000000000000 |     1.0276989118243786 |              5 |     11647 |     5 | 309.2500000000000000 |     1.0091010397373517
              5 |     11914 |     4 | 384.8000000000000000 |     1.0531737883268789 |              5 |     11914 |     5 | 274.0000000000000000 |     1.2107844147054270
              5 |     12322 |     4 | 342.5000000000000000 |     1.2903408415812905 |              5 |     12322 |     5 | 372.5000000000000000 |     1.1217290464417933
              5 |     12854 |     4 | 291.2000000000000000 |     1.0574731960499451 |              5 |     12854 |     5 | 235.5000000000000000 |     1.2646492255808280
              5 |     12988 |     4 | 217.2000000000000000 |     1.1047440678808425 |              5 |     12988 |     5 | 344.7500000000000000 |     1.1289275882540160
              5 |     13099 |     4 | 265.0000000000000000 |     1.0328633466113660 |              5 |     13099 |     5 | 298.0000000000000000 |     1.1043378929855201
              5 |     13328 |     4 | 265.6000000000000000 |     1.0613851066618712 |              5 |     13328 |     5 | 393.0000000000000000 |     1.0026220246201018
              5 |     13564 |     4 | 288.8000000000000000 |     1.3556688959332548 |              5 |     13564 |     5 | 226.0000000000000000 |     1.4106511138898407
              5 |     13675 |     4 | 392.0000000000000000 |     1.0058420391349923 |              5 |     13675 |     5 | 320.5000000000000000 |     1.2135146399884618
              5 |     13777 |     4 | 342.4000000000000000 |     1.2018144737680841 |              5 |     13777 |     5 | 383.7500000000000000 |     1.1113619548947883
              5 |     14174 |     4 | 366.4000000000000000 |     1.0541306730651201 |              5 |     14174 |     5 | 270.0000000000000000 |     1.1208951938808963
              5 |     14785 |     4 | 198.0000000000000000 |     1.2174441205721263 |              5 |     14785 |     5 | 228.3333333333333333 |     1.0794917138519036
              5 |     14990 |     4 | 300.7500000000000000 |     1.1702290066700017 |              5 |     14990 |     5 | 413.0000000000000000 |     1.1539708729291356
              5 |     16087 |     4 | 434.8000000000000000 |     1.0049774291064420 |              5 |     16087 |     5 | 389.7500000000000000 |     1.1220666812183502
              5 |     16250 |     4 | 304.4000000000000000 |     1.1299119550701347 |              5 |     16250 |     5 | 282.5000000000000000 |     1.1319927454003044
              5 |     16532 |     4 | 386.0000000000000000 |     1.0262228887780285 |              5 |     16532 |     5 | 273.2500000000000000 |     1.2301273208617054
              5 |     17182 |     4 | 390.2500000000000000 |     1.0127378085238027 |              5 |     17182 |     5 | 322.2500000000000000 |     1.1281541704301381
              5 |     17266 |     4 | 339.0000000000000000 |     1.0517641098222596 |              5 |     17266 |     5 | 268.0000000000000000 |     1.1229669632824216
              5 |     17380 |     4 | 258.8000000000000000 |     1.5151399612396986 |              5 |     17380 |     5 | 295.7500000000000000 |     1.0885241678197667
              5 |     17782 |     4 | 356.8000000000000000 |     1.0988966999210930 |              5 |     17782 |     5 | 340.5000000000000000 |     1.1645877747882555
(156 rows)

with inv as
(select w_warehouse_name,w_warehouse_sk,i_item_sk,d_moy
       ,stdev,mean, case mean when 0 then null else stdev/mean end cov
 from(select w_warehouse_name,w_warehouse_sk,i_item_sk,d_moy
            ,stddev_samp(inv_quantity_on_hand) stdev,avg(inv_quantity_on_hand) mean
      from inventory
          ,item
          ,warehouse
          ,date_dim
      where inv_item_sk = i_item_sk
        and inv_warehouse_sk = w_warehouse_sk
        and inv_date_sk = d_date_sk
        and d_year =1998
      group by w_warehouse_name,w_warehouse_sk,i_item_sk,d_moy) foo
 where case mean when 0 then 0 else stdev/mean end > 1)
select inv1.w_warehouse_sk,inv1.i_item_sk,inv1.d_moy,inv1.mean, inv1.cov
        ,inv2.w_warehouse_sk,inv2.i_item_sk,inv2.d_moy,inv2.mean, inv2.cov
from inv inv1,inv inv2
where inv1.i_item_sk = inv2.i_item_sk
  and inv1.w_warehouse_sk =  inv2.w_warehouse_sk
  and inv1.d_moy=4
  and inv2.d_moy=4+1
  and inv1.cov > 1.5
order by inv1.w_warehouse_sk,inv1.i_item_sk,inv1.d_moy,inv1.mean,inv1.cov
        ,inv2.d_moy,inv2.mean, inv2.cov
;
psql:/tmp/s1-basline/power/query_0.sql:2042: NOTICE:  duration: 2431.553 ms  plan:
Query Text: with inv as
(select w_warehouse_name,w_warehouse_sk,i_item_sk,d_moy
       ,stdev,mean, case mean when 0 then null else stdev/mean end cov
 from(select w_warehouse_name,w_warehouse_sk,i_item_sk,d_moy
            ,stddev_samp(inv_quantity_on_hand) stdev,avg(inv_quantity_on_hand) mean
      from inventory
          ,item
          ,warehouse
          ,date_dim
      where inv_item_sk = i_item_sk
        and inv_warehouse_sk = w_warehouse_sk
        and inv_date_sk = d_date_sk
        and d_year =1998
      group by w_warehouse_name,w_warehouse_sk,i_item_sk,d_moy) foo
 where case mean when 0 then 0 else stdev/mean end > 1)
select inv1.w_warehouse_sk,inv1.i_item_sk,inv1.d_moy,inv1.mean, inv1.cov
        ,inv2.w_warehouse_sk,inv2.i_item_sk,inv2.d_moy,inv2.mean, inv2.cov
from inv inv1,inv inv2
where inv1.i_item_sk = inv2.i_item_sk
  and inv1.w_warehouse_sk =  inv2.w_warehouse_sk
  and inv1.d_moy=4
  and inv2.d_moy=4+1
  and inv1.cov > 1.5
order by inv1.w_warehouse_sk,inv1.i_item_sk,inv1.d_moy,inv1.mean,inv1.cov
        ,inv2.d_moy,inv2.mean, inv2.cov
;
Sort  (cost=147108.71..147108.72 rows=1 width=168) (actual time=2431.343..2431.534 rows=6 loops=1)
  Sort Key: inv1.w_warehouse_sk, inv1.i_item_sk, inv1.mean, inv1.cov, inv2.mean, inv2.cov
  Sort Method: quicksort  Memory: 25kB
  CTE inv
    ->  Subquery Scan on foo  (cost=144577.10..146182.16 rows=19455 width=130) (actual time=1097.275..2412.969 rows=32474 loops=1)
          ->  HashAggregate  (cost=144577.10..145890.34 rows=19455 width=98) (actual time=1097.273..2403.519 rows=32474 loops=1)
                Group Key: warehouse.w_warehouse_name, warehouse.w_warehouse_sk, item.i_item_sk, date_dim.d_moy
                Filter: (CASE avg(inventory.inv_quantity_on_hand) WHEN '0'::numeric THEN '0'::numeric ELSE (stddev_samp(inventory.inv_quantity_on_hand) / avg(inventory.inv_quantity_on_hand)) END > '1'::numeric)
                Batches: 21  Memory Usage: 32825kB  Disk Usage: 121608kB
                Rows Removed by Filter: 507526
                ->  Gather  (cost=3870.75..143701.61 rows=58366 width=38) (actual time=12.957..370.785 rows=2385000 loops=1)
                      Workers Planned: 3
                      Workers Launched: 3
                      ->  Hash Join  (cost=2870.75..136865.01 rows=18828 width=38) (actual time=19.579..745.490 rows=596250 loops=4)
                            Hash Cond: (inventory.inv_warehouse_sk = warehouse.w_warehouse_sk)
                            ->  Hash Join  (cost=2869.64..136772.58 rows=18828 width=24) (actual time=19.361..606.811 rows=596250 loops=4)
                                  Hash Cond: (inventory.inv_item_sk = item.i_item_sk)
                                  ->  Hash Join  (cost=2322.65..136176.16 rows=18828 width=24) (actual time=14.959..509.758 rows=596250 loops=4)
                                        Hash Cond: (inventory.inv_date_sk = date_dim.d_date_sk)
                                        ->  Parallel Seq Scan on inventory  (cost=0.00..123907.26 rows=3788826 width=28) (actual time=0.022..205.750 rows=2936250 loops=4)
                                        ->  Hash  (cost=2318.11..2318.11 rows=363 width=12) (actual time=14.922..14.923 rows=365 loops=4)
                                              Buckets: 1024  Batches: 1  Memory Usage: 26kB
                                              ->  Seq Scan on date_dim  (cost=0.00..2318.11 rows=363 width=12) (actual time=7.053..14.863 rows=365 loops=4)
                                                    Filter: (d_year = 1998)
                                                    Rows Removed by Filter: 72684
                                  ->  Hash  (cost=321.99..321.99 rows=18000 width=8) (actual time=4.294..4.295 rows=18000 loops=4)
                                        Buckets: 32768  Batches: 1  Memory Usage: 960kB
                                        ->  Index Only Scan using pk_item on item  (cost=0.29..321.99 rows=18000 width=8) (actual time=0.081..2.084 rows=18000 loops=4)
                                              Heap Fetches: 0
                            ->  Hash  (cost=1.05..1.05 rows=5 width=22) (actual time=0.030..0.031 rows=5 loops=4)
                                  Buckets: 1024  Batches: 1  Memory Usage: 9kB
                                  ->  Seq Scan on warehouse  (cost=0.00..1.05 rows=5 width=22) (actual time=0.024..0.025 rows=5 loops=4)
  ->  Hash Join  (cost=439.19..926.54 rows=1 width=168) (actual time=2427.864..2431.334 rows=6 loops=1)
        Hash Cond: ((inv1.i_item_sk = inv2.i_item_sk) AND (inv1.w_warehouse_sk = inv2.w_warehouse_sk))
        ->  CTE Scan on inv inv1  (cost=0.00..486.38 rows=32 width=84) (actual time=1105.920..1110.417 rows=45 loops=1)
              Filter: ((cov > 1.5) AND (d_moy = 4))
              Rows Removed by Filter: 32429
        ->  Hash  (cost=437.74..437.74 rows=97 width=84) (actual time=1320.896..1320.896 rows=3131 loops=1)
              Buckets: 4096 (originally 1024)  Batches: 1 (originally 1)  Memory Usage: 254kB
              ->  CTE Scan on inv inv2  (cost=0.00..437.74 rows=97 width=84) (actual time=0.003..1320.169 rows=3131 loops=1)
                    Filter: (d_moy = 5)
                    Rows Removed by Filter: 29343
 w_warehouse_sk | i_item_sk | d_moy |         mean         |        cov         | w_warehouse_sk | i_item_sk | d_moy |         mean         |        cov         
----------------+-----------+-------+----------------------+--------------------+----------------+-----------+-------+----------------------+--------------------
              1 |      9970 |     4 | 262.0000000000000000 | 1.6417804834974847 |              1 |      9970 |     5 | 333.5000000000000000 | 1.0801333345044438
              1 |     14698 |     4 | 193.6000000000000000 | 1.9468159533519525 |              1 |     14698 |     5 | 220.7500000000000000 | 1.0520839555003805
              2 |      4933 |     4 | 177.4000000000000000 | 1.6909507643570857 |              2 |      4933 |     5 | 388.5000000000000000 | 1.0230864256506486
              4 |      4747 |     4 | 156.4000000000000000 | 1.6962398637481714 |              4 |      4747 |     5 | 439.2500000000000000 | 1.0089378332157154
              4 |     17446 |     4 | 237.4000000000000000 | 1.5357158180773673 |              4 |     17446 |     5 | 352.7500000000000000 | 1.0525202387093125
              5 |     17380 |     4 | 258.8000000000000000 | 1.5151399612396986 |              5 |     17380 |     5 | 295.7500000000000000 | 1.0885241678197667
(6 rows)

UPDATE time_statistics SET e_time = TRANSACTION_TIMESTAMP() WHERE template = 'query39.tpl' AND stream = 0;
psql:/tmp/s1-basline/power/query_0.sql:2044: NOTICE:  duration: 0.035 ms  plan:
Query Text: UPDATE time_statistics SET e_time = TRANSACTION_TIMESTAMP() WHERE template = 'query39.tpl' AND stream = 0;
Update on time_statistics  (cost=0.00..1.42 rows=0 width=0) (actual time=0.034..0.034 rows=0 loops=1)
  ->  Seq Scan on time_statistics  (cost=0.00..1.42 rows=1 width=14) (actual time=0.019..0.020 rows=1 loops=1)
        Filter: ((template = 'query39.tpl'::text) AND (stream = 0))
        Rows Removed by Filter: 39
UPDATE 1
LOAD 'auto_explain'; SET auto_explain.log_min_duration TO 0; SET auto_explain.log_analyze TO on; SET auto_explain.log_level TO notice; INSERT INTO time_statistics (template, s_time, stream, query, seed) VALUES ('../query_postgresql/query40.tpl', TRANSACTION_TIMESTAMP(), 0, 40, 2035893922);
LOAD
SET
SET
SET
psql:/tmp/s1-basline/power/query_0.sql:2045: NOTICE:  duration: 0.008 ms  plan:
Query Text: INSERT INTO time_statistics (template, s_time, stream, query, seed) VALUES ('../query_postgresql/query40.tpl', TRANSACTION_TIMESTAMP(), 0, 40, 2035893922);
Insert on time_statistics  (cost=0.00..0.01 rows=0 width=0) (actual time=0.008..0.008 rows=0 loops=1)
  ->  Result  (cost=0.00..0.01 rows=1 width=64) (actual time=0.002..0.002 rows=1 loops=1)
INSERT 0 1
select  
   w_state
  ,i_item_id
  ,sum(case when (cast(d_date as date) < cast ('2002-05-13' as date)) 
 		then cs_sales_price - coalesce(cr_refunded_cash,0) else 0 end) as sales_before
  ,sum(case when (cast(d_date as date) >= cast ('2002-05-13' as date)) 
 		then cs_sales_price - coalesce(cr_refunded_cash,0) else 0 end) as sales_after
 from
   catalog_sales left outer join catalog_returns on
       (cs_order_number = cr_order_number 
        and cs_item_sk = cr_item_sk)
  ,warehouse 
  ,item
  ,date_dim
 where
     i_current_price between 0.99 and 1.49
 and i_item_sk          = cs_item_sk
 and cs_warehouse_sk    = w_warehouse_sk 
 and cs_sold_date_sk    = d_date_sk
 and d_date between (cast ('2002-05-13' as date) - interval '30 days')
                and (cast ('2002-05-13' as date) + interval '30 days') 
 group by
    w_state,i_item_id
 order by w_state,i_item_id
limit 100;
psql:/tmp/s1-basline/power/query_0.sql:2070: NOTICE:  duration: 61.488 ms  plan:
Query Text: select  
   w_state
  ,i_item_id
  ,sum(case when (cast(d_date as date) < cast ('2002-05-13' as date)) 
 		then cs_sales_price - coalesce(cr_refunded_cash,0) else 0 end) as sales_before
  ,sum(case when (cast(d_date as date) >= cast ('2002-05-13' as date)) 
 		then cs_sales_price - coalesce(cr_refunded_cash,0) else 0 end) as sales_after
 from
   catalog_sales left outer join catalog_returns on
       (cs_order_number = cr_order_number 
        and cs_item_sk = cr_item_sk)
  ,warehouse 
  ,item
  ,date_dim
 where
     i_current_price between 0.99 and 1.49
 and i_item_sk          = cs_item_sk
 and cs_warehouse_sk    = w_warehouse_sk 
 and cs_sold_date_sk    = d_date_sk
 and d_date between (cast ('2002-05-13' as date) - interval '30 days')
                and (cast ('2002-05-13' as date) + interval '30 days') 
 group by
    w_state,i_item_id
 order by w_state,i_item_id
limit 100;
Limit  (cost=3978.90..3981.47 rows=79 width=36) (actual time=61.321..61.444 rows=100 loops=1)
  ->  GroupAggregate  (cost=3978.90..3981.47 rows=79 width=36) (actual time=61.321..61.437 rows=100 loops=1)
        Group Key: warehouse.w_state, item.i_item_id
        ->  Sort  (cost=3978.90..3979.10 rows=79 width=40) (actual time=61.311..61.325 rows=326 loops=1)
              Sort Key: warehouse.w_state, item.i_item_id
              Sort Method: quicksort  Memory: 174kB
              ->  Nested Loop  (cost=1.43..3976.41 rows=79 width=40) (actual time=0.222..56.895 rows=1766 loops=1)
                    Join Filter: (catalog_sales.cs_warehouse_sk = warehouse.w_warehouse_sk)
                    Rows Removed by Join Filter: 3605
                    ->  Nested Loop Left Join  (cost=1.43..3970.22 rows=79 width=45) (actual time=0.216..56.088 rows=1772 loops=1)
                          ->  Nested Loop  (cost=1.01..3935.17 rows=79 width=53) (actual time=0.210..52.412 rows=1772 loops=1)
                                ->  Nested Loop  (cost=0.72..3539.27 rows=1273 width=36) (actual time=0.022..11.629 rows=27699 loops=1)
                                      ->  Index Scan using i_d_date on date_dim  (cost=0.29..4.79 rows=65 width=12) (actual time=0.011..0.032 rows=61 loops=1)
                                            Index Cond: ((d_date >= '2002-04-13 00:00:00'::timestamp without time zone) AND (d_date <= '2002-06-12 00:00:00'::timestamp without time zone))
                                      ->  Index Scan using i_cs_sold_date_sk on catalog_sales  (cost=0.43..46.56 rows=782 width=40) (actual time=0.003..0.116 rows=454 loops=61)
                                            Index Cond: (cs_sold_date_sk = date_dim.d_date_sk)
                                ->  Index Scan using pk_item on item  (cost=0.29..0.31 rows=1 width=25) (actual time=0.001..0.001 rows=0 loops=27699)
                                      Index Cond: (i_item_sk = catalog_sales.cs_item_sk)
                                      Filter: ((i_current_price >= '0.99'::double precision) AND (i_current_price <= '1.49'::double precision))
                                      Rows Removed by Filter: 1
                          ->  Index Scan using pk_catalog_returns on catalog_returns  (cost=0.42..0.44 rows=1 width=24) (actual time=0.002..0.002 rows=0 loops=1772)
                                Index Cond: ((cr_item_sk = catalog_sales.cs_item_sk) AND (cr_order_number = catalog_sales.cs_order_number))
                    ->  Materialize  (cost=0.00..1.07 rows=5 width=11) (actual time=0.000..0.000 rows=3 loops=1772)
                          ->  Seq Scan on warehouse  (cost=0.00..1.05 rows=5 width=11) (actual time=0.002..0.004 rows=5 loops=1)
 w_state |    i_item_id     |    sales_before     |     sales_after     
---------+------------------+---------------------+---------------------
 TN      | AAAAAAAAAACCAAAA |              106.47 |                   0
 TN      | AAAAAAAAAAFDAAAA |                52.1 |  107.50999999999999
 TN      | AAAAAAAAAAHAAAAA |  211.94000000000003 |            -1348.79
 TN      | AAAAAAAAAAJCAAAA |  -948.1399999999999 |                   0
 TN      | AAAAAAAAAANAAAAA |                9.74 |               27.81
 TN      | AAAAAAAAABABAAAA |              151.72 |              187.65
 TN      | AAAAAAAAABEDAAAA |              349.73 |                   0
 TN      | AAAAAAAAACEBAAAA |  106.27000000000001 |                   0
 TN      | AAAAAAAAACFAAAAA |            -2340.34 |              212.91
 TN      | AAAAAAAAADAEAAAA |                   0 |              128.54
 TN      | AAAAAAAAADHAAAAA |               25.76 |                   0
 TN      | AAAAAAAAAENDAAAA |                   0 |               25.65
 TN      | AAAAAAAAAFCBAAAA |                   0 |               255.8
 TN      | AAAAAAAAAFDAAAAA |               79.39 |               43.74
 TN      | AAAAAAAAAFIAAAAA |                 2.8 |             -281.87
 TN      | AAAAAAAAAFMAAAAA |               80.34 |               68.47
 TN      | AAAAAAAAAGJCAAAA |                   0 |                2.14
 TN      | AAAAAAAAAHJBAAAA |               39.58 |  21.810000000000002
 TN      | AAAAAAAAAHPBAAAA |               57.58 |                   0
 TN      | AAAAAAAAAJGCAAAA |               21.79 |              176.18
 TN      | AAAAAAAAAJHAAAAA |                   0 |              111.39
 TN      | AAAAAAAAAJJBAAAA |  37.650000000000006 |                   0
 TN      | AAAAAAAAAJOCAAAA |               73.16 |                6.36
 TN      | AAAAAAAAAKEAAAAA |              244.74 |               15.68
 TN      | AAAAAAAAAKECAAAA |               91.62 |            -1104.25
 TN      | AAAAAAAAAKIBAAAA |                4.29 |               43.01
 TN      | AAAAAAAAAKKCAAAA |               21.19 |               99.18
 TN      | AAAAAAAAAKKDAAAA |                   0 |              160.45
 TN      | AAAAAAAAAKOBAAAA |                   0 |               10.92
 TN      | AAAAAAAAAKPAAAAA |               62.67 |              116.98
 TN      | AAAAAAAAAKPDAAAA |              177.68 |              138.68
 TN      | AAAAAAAAALIAAAAA |  -74.17999999999999 |              105.88
 TN      | AAAAAAAAAMPBAAAA |  -6169.419999999999 |                   0
 TN      | AAAAAAAAANAEAAAA |  156.20999999999998 |                 3.7
 TN      | AAAAAAAAANLCAAAA |  114.60000000000001 |               46.35
 TN      | AAAAAAAAANNDAAAA |               71.18 |  1.6000000000000227
 TN      | AAAAAAAAANPAAAAA |             -199.54 |                   0
 TN      | AAAAAAAAANPDAAAA |              130.37 |               96.57
 TN      | AAAAAAAAAOADAAAA |                9.76 |               84.45
 TN      | AAAAAAAAAOHCAAAA |             -275.55 |               70.97
 TN      | AAAAAAAAAPBBAAAA |                   0 |             -386.93
 TN      | AAAAAAAAAPEAAAAA |                   0 |               164.2
 TN      | AAAAAAAAAPFCAAAA | -33.120000000000005 |                   0
 TN      | AAAAAAAAAPICAAAA |              138.63 |                4.34
 TN      | AAAAAAAABBBBAAAA |                   0 |               35.62
 TN      | AAAAAAAABBCDAAAA |              117.16 |               39.43
 TN      | AAAAAAAABBOAAAAA |               10.56 |               71.58
 TN      | AAAAAAAABBPCAAAA |  -41.25000000000001 |              197.12
 TN      | AAAAAAAABCBDAAAA |   96.74000000000001 |  164.29000000000002
 TN      | AAAAAAAABCEAAAAA |               28.95 |                   0
 TN      | AAAAAAAABCKAAAAA |                   0 |  158.85999999999999
 TN      | AAAAAAAABDOBAAAA |               41.34 |                   0
 TN      | AAAAAAAABDPAAAAA |               27.42 |               16.95
 TN      | AAAAAAAABDPDAAAA |               50.23 |               36.08
 TN      | AAAAAAAABEGCAAAA |              106.71 |                   0
 TN      | AAAAAAAABFICAAAA |                   0 |  132.26000000000002
 TN      | AAAAAAAABFKAAAAA |  61.480000000000004 |               60.54
 TN      | AAAAAAAABGKCAAAA |              156.15 | -125.76999999999998
 TN      | AAAAAAAABHCDAAAA |              306.41 |                   0
 TN      | AAAAAAAABHFAAAAA |                -628 |                   0
 TN      | AAAAAAAABIKDAAAA |               62.31 |                3.03
 TN      | AAAAAAAABJPDAAAA |               77.56 |                   0
 TN      | AAAAAAAABKGCAAAA | -15.650000000000006 |                   0
 TN      | AAAAAAAABKNBAAAA |              -747.6 |              122.97
 TN      | AAAAAAAABKPCAAAA |              -357.2 |                   0
 TN      | AAAAAAAABLEAAAAA |               63.43 |                   0
 TN      | AAAAAAAABLKAAAAA | -39.940000000000026 |                   0
 TN      | AAAAAAAABMBCAAAA |                   0 |                9.17
 TN      | AAAAAAAABMECAAAA |                   0 |                   0
 TN      | AAAAAAAABMKCAAAA |               18.12 |              172.01
 TN      | AAAAAAAABNFAAAAA |               88.69 |              248.04
 TN      | AAAAAAAACAIBAAAA |                   0 |               67.87
 TN      | AAAAAAAACAKCAAAA |                   0 |               36.43
 TN      | AAAAAAAACAMDAAAA |                   0 |              -527.4
 TN      | AAAAAAAACBEBAAAA |               39.29 |               139.2
 TN      | AAAAAAAACBIDAAAA |                   0 |              155.36
 TN      | AAAAAAAACBPBAAAA |                   0 |               256.8
 TN      | AAAAAAAACCFEAAAA |              177.96 |               24.06
 TN      | AAAAAAAACCNDAAAA |  271.64000000000004 |              146.48
 TN      | AAAAAAAACDOAAAAA |                9.92 |               12.47
 TN      | AAAAAAAACEABAAAA |                   0 |                7.05
 TN      | AAAAAAAACFBDAAAA |               50.88 |                3.99
 TN      | AAAAAAAACFGAAAAA |              142.66 |              137.48
 TN      | AAAAAAAACFLCAAAA | -222.07999999999998 |               23.91
 TN      | AAAAAAAACGJDAAAA |               31.32 |                   0
 TN      | AAAAAAAACHGBAAAA |               69.69 |               19.45
 TN      | AAAAAAAACIGAAAAA |  -6129.419999999999 |  102.46000000000001
 TN      | AAAAAAAACIICAAAA |                   0 |               54.94
 TN      | AAAAAAAACIJBAAAA |               26.68 |               53.41
 TN      | AAAAAAAACIMDAAAA |              146.06 |                   0
 TN      | AAAAAAAACIPDAAAA |               61.11 |            -1258.05
 TN      | AAAAAAAACJCEAAAA |                8.48 |               87.04
 TN      | AAAAAAAACKBAAAAA |               43.97 |               20.33
 TN      | AAAAAAAACKPBAAAA |                   0 |  313.29999999999995
 TN      | AAAAAAAACLAAAAAA |               45.02 |              110.31
 TN      | AAAAAAAACLBCAAAA |                   0 |              196.38
 TN      | AAAAAAAACLDDAAAA |              168.48 |              219.71
 TN      | AAAAAAAACLMAAAAA |            -1748.71 |              182.35
 TN      | AAAAAAAACLNCAAAA |              185.14 |               84.29
 TN      | AAAAAAAACMFAAAAA |               97.98 |                   0
(100 rows)

UPDATE time_statistics SET e_time = TRANSACTION_TIMESTAMP() WHERE template = '../query_postgresql/query40.tpl' AND stream = 0;
psql:/tmp/s1-basline/power/query_0.sql:2072: NOTICE:  duration: 0.026 ms  plan:
Query Text: UPDATE time_statistics SET e_time = TRANSACTION_TIMESTAMP() WHERE template = '../query_postgresql/query40.tpl' AND stream = 0;
Update on time_statistics  (cost=0.00..1.42 rows=0 width=0) (actual time=0.026..0.026 rows=0 loops=1)
  ->  Seq Scan on time_statistics  (cost=0.00..1.42 rows=1 width=14) (actual time=0.012..0.012 rows=1 loops=1)
        Filter: ((template = '../query_postgresql/query40.tpl'::text) AND (stream = 0))
        Rows Removed by Filter: 40
UPDATE 1
LOAD 'auto_explain'; SET auto_explain.log_min_duration TO 0; SET auto_explain.log_analyze TO on; SET auto_explain.log_level TO notice; INSERT INTO time_statistics (template, s_time, stream, query, seed) VALUES ('query41.tpl', TRANSACTION_TIMESTAMP(), 0, 41, 762563289);
LOAD
SET
SET
SET
psql:/tmp/s1-basline/power/query_0.sql:2073: NOTICE:  duration: 0.009 ms  plan:
Query Text: INSERT INTO time_statistics (template, s_time, stream, query, seed) VALUES ('query41.tpl', TRANSACTION_TIMESTAMP(), 0, 41, 762563289);
Insert on time_statistics  (cost=0.00..0.01 rows=0 width=0) (actual time=0.008..0.008 rows=0 loops=1)
  ->  Result  (cost=0.00..0.01 rows=1 width=64) (actual time=0.001..0.001 rows=1 loops=1)
INSERT 0 1
select  distinct(i_product_name)
 from item i1
 where i_manufact_id between 976 and 976+40 
   and (select count(*) as item_cnt
        from item
        where (i_manufact = i1.i_manufact and
        ((i_category = 'Women' and 
        (i_color = 'burlywood' or i_color = 'puff') and 
        (i_units = 'Ton' or i_units = 'Oz') and
        (i_size = 'medium' or i_size = 'petite')
        ) or
        (i_category = 'Women' and
        (i_color = 'pink' or i_color = 'orange') and
        (i_units = 'Unknown' or i_units = 'Box') and
        (i_size = 'large' or i_size = 'economy')
        ) or
        (i_category = 'Men' and
        (i_color = 'chartreuse' or i_color = 'dodger') and
        (i_units = 'Lb' or i_units = 'Ounce') and
        (i_size = 'N/A' or i_size = 'extra large')
        ) or
        (i_category = 'Men' and
        (i_color = 'ghost' or i_color = 'plum') and
        (i_units = 'Gross' or i_units = 'Dram') and
        (i_size = 'medium' or i_size = 'petite')
        ))) or
       (i_manufact = i1.i_manufact and
        ((i_category = 'Women' and 
        (i_color = 'burnished' or i_color = 'misty') and 
        (i_units = 'Each' or i_units = 'Dozen') and
        (i_size = 'medium' or i_size = 'petite')
        ) or
        (i_category = 'Women' and
        (i_color = 'deep' or i_color = 'peru') and
        (i_units = 'Case' or i_units = 'Tbl') and
        (i_size = 'large' or i_size = 'economy')
        ) or
        (i_category = 'Men' and
        (i_color = 'magenta' or i_color = 'metallic') and
        (i_units = 'Pound' or i_units = 'Carton') and
        (i_size = 'N/A' or i_size = 'extra large')
        ) or
        (i_category = 'Men' and
        (i_color = 'brown' or i_color = 'lemon') and
        (i_units = 'Cup' or i_units = 'Bunch') and
        (i_size = 'medium' or i_size = 'petite')
        )))) > 0
 order by i_product_name
 limit 100;
psql:/tmp/s1-basline/power/query_0.sql:2122: NOTICE:  duration: 662.095 ms  plan:
Query Text: select  distinct(i_product_name)
 from item i1
 where i_manufact_id between 976 and 976+40 
   and (select count(*) as item_cnt
        from item
        where (i_manufact = i1.i_manufact and
        ((i_category = 'Women' and 
        (i_color = 'burlywood' or i_color = 'puff') and 
        (i_units = 'Ton' or i_units = 'Oz') and
        (i_size = 'medium' or i_size = 'petite')
        ) or
        (i_category = 'Women' and
        (i_color = 'pink' or i_color = 'orange') and
        (i_units = 'Unknown' or i_units = 'Box') and
        (i_size = 'large' or i_size = 'economy')
        ) or
        (i_category = 'Men' and
        (i_color = 'chartreuse' or i_color = 'dodger') and
        (i_units = 'Lb' or i_units = 'Ounce') and
        (i_size = 'N/A' or i_size = 'extra large')
        ) or
        (i_category = 'Men' and
        (i_color = 'ghost' or i_color = 'plum') and
        (i_units = 'Gross' or i_units = 'Dram') and
        (i_size = 'medium' or i_size = 'petite')
        ))) or
       (i_manufact = i1.i_manufact and
        ((i_category = 'Women' and 
        (i_color = 'burnished' or i_color = 'misty') and 
        (i_units = 'Each' or i_units = 'Dozen') and
        (i_size = 'medium' or i_size = 'petite')
        ) or
        (i_category = 'Women' and
        (i_color = 'deep' or i_color = 'peru') and
        (i_units = 'Case' or i_units = 'Tbl') and
        (i_size = 'large' or i_size = 'economy')
        ) or
        (i_category = 'Men' and
        (i_color = 'magenta' or i_color = 'metallic') and
        (i_units = 'Pound' or i_units = 'Carton') and
        (i_size = 'N/A' or i_size = 'extra large')
        ) or
        (i_category = 'Men' and
        (i_color = 'brown' or i_color = 'lemon') and
        (i_units = 'Cup' or i_units = 'Bunch') and
        (i_size = 'medium' or i_size = 'petite')
        )))) > 0
 order by i_product_name
 limit 100;
Limit  (cost=72019797.45..72019797.70 rows=51 width=51) (actual time=662.093..662.093 rows=0 loops=1)
  ->  Unique  (cost=72019797.45..72019797.70 rows=51 width=51) (actual time=662.092..662.093 rows=0 loops=1)
        ->  Sort  (cost=72019797.45..72019797.57 rows=51 width=51) (actual time=662.092..662.092 rows=0 loops=1)
              Sort Key: i1.i_product_name
              Sort Method: quicksort  Memory: 25kB
              ->  Seq Scan on item i1  (cost=0.00..72019796.00 rows=51 width=51) (actual time=662.088..662.089 rows=0 loops=1)
                    Filter: ((i_manufact_id >= 976) AND (i_manufact_id <= 1016) AND ((SubPlan 1) > 0))
                    Rows Removed by Filter: 18000
                    SubPlan 1
                      ->  Aggregate  (cost=4001.00..4001.01 rows=1 width=8) (actual time=4.707..4.707 rows=1 loops=140)
                            ->  Seq Scan on item  (cost=0.00..4001.00 rows=1 width=0) (actual time=4.706..4.706 rows=0 loops=140)
                                  Filter: ((i_manufact = i1.i_manufact) AND (((i_category = 'Women'::bpchar) AND ((i_color = 'burlywood'::bpchar) OR (i_color = 'puff'::bpchar)) AND ((i_units = 'Ton'::bpchar) OR (i_units = 'Oz'::bpchar)) AND ((i_size = 'medium'::bpchar) OR (i_size = 'petite'::bpchar))) OR ((i_category = 'Women'::bpchar) AND ((i_color = 'pink'::bpchar) OR (i_color = 'orange'::bpchar)) AND ((i_units = 'Unknown'::bpchar) OR (i_units = 'Box'::bpchar)) AND ((i_size = 'large'::bpchar) OR (i_size = 'economy'::bpchar))) OR ((i_category = 'Men'::bpchar) AND ((i_color = 'chartreuse'::bpchar) OR (i_color = 'dodger'::bpchar)) AND ((i_units = 'Lb'::bpchar) OR (i_units = 'Ounce'::bpchar)) AND ((i_size = 'N/A'::bpchar) OR (i_size = 'extra large'::bpchar))) OR ((i_category = 'Men'::bpchar) AND ((i_color = 'ghost'::bpchar) OR (i_color = 'plum'::bpchar)) AND ((i_units = 'Gross'::bpchar) OR (i_units = 'Dram'::bpchar)) AND ((i_size = 'medium'::bpchar) OR (i_size = 'petite'::bpchar))) OR ((i_category = 'Women'::bpchar) AND ((i_color = 'burnished'::bpchar) OR (i_color = 'misty'::bpchar)) AND ((i_units = 'Each'::bpchar) OR (i_units = 'Dozen'::bpchar)) AND ((i_size = 'medium'::bpchar) OR (i_size = 'petite'::bpchar))) OR ((i_category = 'Women'::bpchar) AND ((i_color = 'deep'::bpchar) OR (i_color = 'peru'::bpchar)) AND ((i_units = 'Case'::bpchar) OR (i_units = 'Tbl'::bpchar)) AND ((i_size = 'large'::bpchar) OR (i_size = 'economy'::bpchar))) OR ((i_category = 'Men'::bpchar) AND ((i_color = 'magenta'::bpchar) OR (i_color = 'metallic'::bpchar)) AND ((i_units = 'Pound'::bpchar) OR (i_units = 'Carton'::bpchar)) AND ((i_size = 'N/A'::bpchar) OR (i_size = 'extra large'::bpchar))) OR ((i_category = 'Men'::bpchar) AND ((i_color = 'brown'::bpchar) OR (i_color = 'lemon'::bpchar)) AND ((i_units = 'Cup'::bpchar) OR (i_units = 'Bunch'::bpchar)) AND ((i_size = 'medium'::bpchar) OR (i_size = 'petite'::bpchar)))))
                                  Rows Removed by Filter: 18000
 i_product_name 
----------------
(0 rows)

UPDATE time_statistics SET e_time = TRANSACTION_TIMESTAMP() WHERE template = 'query41.tpl' AND stream = 0;
psql:/tmp/s1-basline/power/query_0.sql:2124: NOTICE:  duration: 0.024 ms  plan:
Query Text: UPDATE time_statistics SET e_time = TRANSACTION_TIMESTAMP() WHERE template = 'query41.tpl' AND stream = 0;
Update on time_statistics  (cost=0.00..1.42 rows=0 width=0) (actual time=0.023..0.024 rows=0 loops=1)
  ->  Seq Scan on time_statistics  (cost=0.00..1.42 rows=1 width=14) (actual time=0.012..0.012 rows=1 loops=1)
        Filter: ((template = 'query41.tpl'::text) AND (stream = 0))
        Rows Removed by Filter: 41
UPDATE 1
LOAD 'auto_explain'; SET auto_explain.log_min_duration TO 0; SET auto_explain.log_analyze TO on; SET auto_explain.log_level TO notice; INSERT INTO time_statistics (template, s_time, stream, query, seed) VALUES ('query42.tpl', TRANSACTION_TIMESTAMP(), 0, 42, 760720425);
LOAD
SET
SET
SET
psql:/tmp/s1-basline/power/query_0.sql:2125: NOTICE:  duration: 0.008 ms  plan:
Query Text: INSERT INTO time_statistics (template, s_time, stream, query, seed) VALUES ('query42.tpl', TRANSACTION_TIMESTAMP(), 0, 42, 760720425);
Insert on time_statistics  (cost=0.00..0.01 rows=0 width=0) (actual time=0.008..0.008 rows=0 loops=1)
  ->  Result  (cost=0.00..0.01 rows=1 width=64) (actual time=0.001..0.001 rows=1 loops=1)
INSERT 0 1
select  dt.d_year
 	,item.i_category_id
 	,item.i_category
 	,sum(ss_ext_sales_price)
 from 	date_dim dt
 	,store_sales
 	,item
 where dt.d_date_sk = store_sales.ss_sold_date_sk
 	and store_sales.ss_item_sk = item.i_item_sk
 	and item.i_manager_id = 1  	
 	and dt.d_moy=12
 	and dt.d_year=2000
 group by 	dt.d_year
 		,item.i_category_id
 		,item.i_category
 order by       sum(ss_ext_sales_price) desc,dt.d_year
 		,item.i_category_id
 		,item.i_category
limit 100 ;
psql:/tmp/s1-basline/power/query_0.sql:2144: NOTICE:  duration: 190.348 ms  plan:
Query Text: select  dt.d_year
 	,item.i_category_id
 	,item.i_category
 	,sum(ss_ext_sales_price)
 from 	date_dim dt
 	,store_sales
 	,item
 where dt.d_date_sk = store_sales.ss_sold_date_sk
 	and store_sales.ss_item_sk = item.i_item_sk
 	and item.i_manager_id = 1  	
 	and dt.d_moy=12
 	and dt.d_year=2000
 group by 	dt.d_year
 		,item.i_category_id
 		,item.i_category
 order by       sum(ss_ext_sales_price) desc,dt.d_year
 		,item.i_category_id
 		,item.i_category
limit 100 ;
Limit  (cost=43196.95..43197.00 rows=20 width=67) (actual time=190.331..190.335 rows=10 loops=1)
  ->  Sort  (cost=43196.95..43197.00 rows=20 width=67) (actual time=190.331..190.333 rows=10 loops=1)
        Sort Key: (sum(store_sales.ss_ext_sales_price)) DESC, item.i_category_id, item.i_category
        Sort Method: quicksort  Memory: 26kB
        ->  GroupAggregate  (cost=43196.07..43196.52 rows=20 width=67) (actual time=189.980..190.324 rows=10 loops=1)
              Group Key: dt.d_year, item.i_category_id, item.i_category
              ->  Sort  (cost=43196.07..43196.12 rows=20 width=67) (actual time=189.921..189.986 rows=1710 loops=1)
                    Sort Key: item.i_category_id, item.i_category
                    Sort Method: quicksort  Memory: 235kB
                    ->  Nested Loop  (cost=0.72..43195.64 rows=20 width=67) (actual time=4.215..189.438 rows=1710 loops=1)
                          ->  Nested Loop  (cost=0.43..42836.21 rows=1167 width=20) (actual time=4.127..51.089 rows=92168 loops=1)
                                ->  Seq Scan on date_dim dt  (cost=0.00..2500.73 rows=31 width=12) (actual time=4.113..8.647 rows=31 loops=1)
                                      Filter: ((d_moy = 12) AND (d_year = 2000))
                                      Rows Removed by Filter: 73018
                                ->  Index Scan using i_ss_sold_date_sk on store_sales  (cost=0.43..1286.06 rows=1508 width=24) (actual time=0.006..0.934 rows=2973 loops=31)
                                      Index Cond: (ss_sold_date_sk = dt.d_date_sk)
                          ->  Index Scan using pk_item on item  (cost=0.29..0.31 rows=1 width=63) (actual time=0.001..0.001 rows=0 loops=92168)
                                Index Cond: (i_item_sk = store_sales.ss_item_sk)
                                Filter: (i_manager_id = 1)
                                Rows Removed by Filter: 1
 d_year | i_category_id |                     i_category                     |        sum         
--------+---------------+----------------------------------------------------+--------------------
   2000 |             3 | Children                                           |  407260.7999999999
   2000 |            10 | Electronics                                        | 404764.85000000015
   2000 |             4 | Shoes                                              | 382120.79999999976
   2000 |             1 | Women                                              |  354082.3699999998
   2000 |             6 | Jewelry                                            |  348086.6700000002
   2000 |             9 | Books                                              |             292599
   2000 |             2 | Men                                                | 278716.26999999996
   2000 |             5 | Music                                              | 252290.83999999994
   2000 |             8 | Sports                                             | 244084.82000000007
   2000 |             7 | Home                                               | 208997.80000000005
(10 rows)

UPDATE time_statistics SET e_time = TRANSACTION_TIMESTAMP() WHERE template = 'query42.tpl' AND stream = 0;
psql:/tmp/s1-basline/power/query_0.sql:2146: NOTICE:  duration: 0.034 ms  plan:
Query Text: UPDATE time_statistics SET e_time = TRANSACTION_TIMESTAMP() WHERE template = 'query42.tpl' AND stream = 0;
Update on time_statistics  (cost=0.00..1.42 rows=0 width=0) (actual time=0.033..0.033 rows=0 loops=1)
  ->  Seq Scan on time_statistics  (cost=0.00..1.42 rows=1 width=14) (actual time=0.016..0.016 rows=1 loops=1)
        Filter: ((template = 'query42.tpl'::text) AND (stream = 0))
        Rows Removed by Filter: 42
UPDATE 1
LOAD 'auto_explain'; SET auto_explain.log_min_duration TO 0; SET auto_explain.log_analyze TO on; SET auto_explain.log_level TO notice; INSERT INTO time_statistics (template, s_time, stream, query, seed) VALUES ('query43.tpl', TRANSACTION_TIMESTAMP(), 0, 43, 214381971);
LOAD
SET
SET
SET
psql:/tmp/s1-basline/power/query_0.sql:2147: NOTICE:  duration: 0.009 ms  plan:
Query Text: INSERT INTO time_statistics (template, s_time, stream, query, seed) VALUES ('query43.tpl', TRANSACTION_TIMESTAMP(), 0, 43, 214381971);
Insert on time_statistics  (cost=0.00..0.01 rows=0 width=0) (actual time=0.008..0.008 rows=0 loops=1)
  ->  Result  (cost=0.00..0.01 rows=1 width=64) (actual time=0.001..0.001 rows=1 loops=1)
INSERT 0 1
select  s_store_name, s_store_id,
        sum(case when (d_day_name='Sunday') then ss_sales_price else null end) sun_sales,
        sum(case when (d_day_name='Monday') then ss_sales_price else null end) mon_sales,
        sum(case when (d_day_name='Tuesday') then ss_sales_price else  null end) tue_sales,
        sum(case when (d_day_name='Wednesday') then ss_sales_price else null end) wed_sales,
        sum(case when (d_day_name='Thursday') then ss_sales_price else null end) thu_sales,
        sum(case when (d_day_name='Friday') then ss_sales_price else null end) fri_sales,
        sum(case when (d_day_name='Saturday') then ss_sales_price else null end) sat_sales
 from date_dim, store_sales, store
 where d_date_sk = ss_sold_date_sk and
       s_store_sk = ss_store_sk and
       s_gmt_offset = -5 and
       d_year = 2002 
 group by s_store_name, s_store_id
 order by s_store_name, s_store_id,sun_sales,mon_sales,tue_sales,wed_sales,thu_sales,fri_sales,sat_sales
 limit 100;
psql:/tmp/s1-basline/power/query_0.sql:2163: NOTICE:  duration: 536.408 ms  plan:
Query Text: select  s_store_name, s_store_id,
        sum(case when (d_day_name='Sunday') then ss_sales_price else null end) sun_sales,
        sum(case when (d_day_name='Monday') then ss_sales_price else null end) mon_sales,
        sum(case when (d_day_name='Tuesday') then ss_sales_price else  null end) tue_sales,
        sum(case when (d_day_name='Wednesday') then ss_sales_price else null end) wed_sales,
        sum(case when (d_day_name='Thursday') then ss_sales_price else null end) thu_sales,
        sum(case when (d_day_name='Friday') then ss_sales_price else null end) fri_sales,
        sum(case when (d_day_name='Saturday') then ss_sales_price else null end) sat_sales
 from date_dim, store_sales, store
 where d_date_sk = ss_sold_date_sk and
       s_store_sk = ss_store_sk and
       s_gmt_offset = -5 and
       d_year = 2002 
 group by s_store_name, s_store_id
 order by s_store_name, s_store_id,sun_sales,mon_sales,tue_sales,wed_sales,thu_sales,fri_sales,sat_sales
 limit 100;
Limit  (cost=92185.57..92185.59 rows=9 width=78) (actual time=536.266..536.391 rows=6 loops=1)
  ->  Sort  (cost=92185.57..92185.59 rows=9 width=78) (actual time=536.265..536.389 rows=6 loops=1)
        Sort Key: store.s_store_name, store.s_store_id, (sum(CASE WHEN (date_dim.d_day_name = 'Sunday'::bpchar) THEN store_sales.ss_sales_price ELSE NULL::double precision END)), (sum(CASE WHEN (date_dim.d_day_name = 'Monday'::bpchar) THEN store_sales.ss_sales_price ELSE NULL::double precision END)), (sum(CASE WHEN (date_dim.d_day_name = 'Tuesday'::bpchar) THEN store_sales.ss_sales_price ELSE NULL::double precision END)), (sum(CASE WHEN (date_dim.d_day_name = 'Wednesday'::bpchar) THEN store_sales.ss_sales_price ELSE NULL::double precision END)), (sum(CASE WHEN (date_dim.d_day_name = 'Thursday'::bpchar) THEN store_sales.ss_sales_price ELSE NULL::double precision END)), (sum(CASE WHEN (date_dim.d_day_name = 'Friday'::bpchar) THEN store_sales.ss_sales_price ELSE NULL::double precision END)), (sum(CASE WHEN (date_dim.d_day_name = 'Saturday'::bpchar) THEN store_sales.ss_sales_price ELSE NULL::double precision END))
        Sort Method: quicksort  Memory: 25kB
        ->  Finalize GroupAggregate  (cost=91952.08..92185.43 rows=9 width=78) (actual time=464.947..536.381 rows=6 loops=1)
              Group Key: store.s_store_name, store.s_store_id
              ->  Gather Merge  (cost=91952.08..92184.93 rows=18 width=78) (actual time=447.818..536.366 rows=18 loops=1)
                    Workers Planned: 2
                    Workers Launched: 2
                    ->  Partial GroupAggregate  (cost=90952.05..91182.83 rows=9 width=78) (actual time=375.588..446.950 rows=6 loops=3)
                          Group Key: store.s_store_name, store.s_store_id
                          ->  Sort  (cost=90952.05..90965.62 rows=5428 width=40) (actual time=360.720..381.099 rows=178117 loops=3)
                                Sort Key: store.s_store_name, store.s_store_id
                                Sort Method: external merge  Disk: 11296kB
                                Worker 0:  Sort Method: external merge  Disk: 8104kB
                                Worker 1:  Sort Method: external merge  Disk: 8112kB
                                ->  Hash Join  (cost=2323.95..90615.35 rows=5428 width=40) (actual time=14.790..293.354 rows=178117 loops=3)
                                      Hash Cond: (store_sales.ss_store_sk = store.s_store_sk)
                                      ->  Hash Join  (cost=2322.65..90594.07 rows=5693 width=26) (actual time=14.704..265.425 rows=182421 loops=3)
                                            Hash Cond: (store_sales.ss_sold_date_sk = date_dim.d_date_sk)
                                            ->  Parallel Seq Scan on store_sales  (cost=0.00..85123.48 rows=1199148 width=24) (actual time=0.014..124.993 rows=959309 loops=3)
                                            ->  Hash  (cost=2318.11..2318.11 rows=363 width=18) (actual time=14.679..14.680 rows=365 loops=3)
                                                  Buckets: 1024  Batches: 1  Memory Usage: 28kB
                                                  ->  Seq Scan on date_dim  (cost=0.00..2318.11 rows=363 width=18) (actual time=7.286..14.624 rows=365 loops=3)
                                                        Filter: (d_year = 2002)
                                                        Rows Removed by Filter: 72684
                                      ->  Hash  (cost=1.15..1.15 rows=12 width=30) (actual time=0.037..0.038 rows=12 loops=3)
                                            Buckets: 1024  Batches: 1  Memory Usage: 9kB
                                            ->  Seq Scan on store  (cost=0.00..1.15 rows=12 width=30) (actual time=0.028..0.033 rows=12 loops=3)
                                                  Filter: (s_gmt_offset = '-5'::double precision)
 s_store_name |    s_store_id    |     sun_sales      |     mon_sales      |     tue_sales      |     wed_sales      |     thu_sales      |     fri_sales      |     sat_sales     
--------------+------------------+--------------------+--------------------+--------------------+--------------------+--------------------+--------------------+-------------------
 able         | AAAAAAAACAAAAAAA | 474173.52000000083 |  468839.4699999993 | 492914.81999999937 |          492578.89 |  443708.4299999998 | 458286.43000000005 | 469294.7099999996
 ation        | AAAAAAAAHAAAAAAA |  475003.6599999995 | 463285.34000000043 |  499925.1799999997 | 485233.36000000016 | 446837.88000000006 |  458528.7199999995 | 472562.9599999995
 bar          | AAAAAAAAKAAAAAAA | 466695.13000000024 | 487706.92000000074 | 473777.30999999994 |  484928.2900000005 |  461902.3500000001 |  463685.5599999995 | 473628.1899999997
 eing         | AAAAAAAAIAAAAAAA |  462742.5599999989 | 456884.01000000036 | 503982.22999999975 |  454615.8899999998 | 474135.09000000055 | 483897.91000000003 | 479419.5299999992
 ese          | AAAAAAAAEAAAAAAA |  481466.8800000007 |  463339.5400000006 |  516265.9299999996 | 454824.25000000035 | 472476.14999999985 | 456048.11000000016 | 481690.6099999994
 ought        | AAAAAAAABAAAAAAA | 487309.32000000007 |  473335.4600000002 |  541641.3100000003 | 487693.00000000047 | 486188.25999999983 | 463151.54000000074 | 467456.2600000005
(6 rows)

UPDATE time_statistics SET e_time = TRANSACTION_TIMESTAMP() WHERE template = 'query43.tpl' AND stream = 0;
psql:/tmp/s1-basline/power/query_0.sql:2165: NOTICE:  duration: 0.033 ms  plan:
Query Text: UPDATE time_statistics SET e_time = TRANSACTION_TIMESTAMP() WHERE template = 'query43.tpl' AND stream = 0;
Update on time_statistics  (cost=0.00..1.42 rows=0 width=0) (actual time=0.032..0.032 rows=0 loops=1)
  ->  Seq Scan on time_statistics  (cost=0.00..1.42 rows=1 width=14) (actual time=0.017..0.018 rows=1 loops=1)
        Filter: ((template = 'query43.tpl'::text) AND (stream = 0))
        Rows Removed by Filter: 43
UPDATE 1
LOAD 'auto_explain'; SET auto_explain.log_min_duration TO 0; SET auto_explain.log_analyze TO on; SET auto_explain.log_level TO notice; INSERT INTO time_statistics (template, s_time, stream, query, seed) VALUES ('query44.tpl', TRANSACTION_TIMESTAMP(), 0, 44, 607979269);
LOAD
SET
SET
SET
psql:/tmp/s1-basline/power/query_0.sql:2166: NOTICE:  duration: 0.008 ms  plan:
Query Text: INSERT INTO time_statistics (template, s_time, stream, query, seed) VALUES ('query44.tpl', TRANSACTION_TIMESTAMP(), 0, 44, 607979269);
Insert on time_statistics  (cost=0.00..0.01 rows=0 width=0) (actual time=0.008..0.008 rows=0 loops=1)
  ->  Result  (cost=0.00..0.01 rows=1 width=64) (actual time=0.001..0.002 rows=1 loops=1)
INSERT 0 1
select  asceding.rnk, i1.i_product_name best_performing, i2.i_product_name worst_performing
from(select *
     from (select item_sk,rank() over (order by rank_col asc) rnk
           from (select ss_item_sk item_sk,avg(ss_net_profit) rank_col 
                 from store_sales ss1
                 where ss_store_sk = 1
                 group by ss_item_sk
                 having avg(ss_net_profit) > 0.9*(select avg(ss_net_profit) rank_col
                                                  from store_sales
                                                  where ss_store_sk = 1
                                                    and ss_promo_sk is null
                                                  group by ss_store_sk))V1)V11
     where rnk  < 11) asceding,
    (select *
     from (select item_sk,rank() over (order by rank_col desc) rnk
           from (select ss_item_sk item_sk,avg(ss_net_profit) rank_col
                 from store_sales ss1
                 where ss_store_sk = 1
                 group by ss_item_sk
                 having avg(ss_net_profit) > 0.9*(select avg(ss_net_profit) rank_col
                                                  from store_sales
                                                  where ss_store_sk = 1
                                                    and ss_promo_sk is null
                                                  group by ss_store_sk))V2)V21
     where rnk  < 11) descending,
item i1,
item i2
where asceding.rnk = descending.rnk 
  and i1.i_item_sk=asceding.item_sk
  and i2.i_item_sk=descending.item_sk
order by asceding.rnk
limit 100;
psql:/tmp/s1-basline/power/query_0.sql:2198: NOTICE:  duration: 961.076 ms  plan:
Query Text: select  asceding.rnk, i1.i_product_name best_performing, i2.i_product_name worst_performing
from(select *
     from (select item_sk,rank() over (order by rank_col asc) rnk
           from (select ss_item_sk item_sk,avg(ss_net_profit) rank_col 
                 from store_sales ss1
                 where ss_store_sk = 1
                 group by ss_item_sk
                 having avg(ss_net_profit) > 0.9*(select avg(ss_net_profit) rank_col
                                                  from store_sales
                                                  where ss_store_sk = 1
                                                    and ss_promo_sk is null
                                                  group by ss_store_sk))V1)V11
     where rnk  < 11) asceding,
    (select *
     from (select item_sk,rank() over (order by rank_col desc) rnk
           from (select ss_item_sk item_sk,avg(ss_net_profit) rank_col
                 from store_sales ss1
                 where ss_store_sk = 1
                 group by ss_item_sk
                 having avg(ss_net_profit) > 0.9*(select avg(ss_net_profit) rank_col
                                                  from store_sales
                                                  where ss_store_sk = 1
                                                    and ss_promo_sk is null
                                                  group by ss_store_sk))V2)V21
     where rnk  < 11) descending,
item i1,
item i2
where asceding.rnk = descending.rnk 
  and i1.i_item_sk=asceding.item_sk
  and i2.i_item_sk=descending.item_sk
order by asceding.rnk
limit 100;
Limit  (cost=377772.91..377774.43 rows=100 width=110) (actual time=893.323..961.064 rows=10 loops=1)
  ->  Merge Join  (cost=377772.91..380071.65 rows=151415 width=110) (actual time=893.323..961.062 rows=10 loops=1)
        Merge Cond: ((rank() OVER (?)) = (rank() OVER (?)))
        ->  Sort  (cost=188886.46..188900.21 rows=5503 width=59) (actual time=446.023..446.215 rows=10 loops=1)
              Sort Key: (rank() OVER (?))
              Sort Method: quicksort  Memory: 26kB
              ->  Nested Loop  (cost=185281.79..188544.55 rows=5503 width=59) (actual time=445.974..446.208 rows=10 loops=1)
                    ->  WindowAgg  (cost=185281.51..185377.81 rows=5503 width=24) (actual time=445.954..446.151 rows=10 loops=1)
                          Run Condition: (rank() OVER (?) < 11)
                          ->  Sort  (cost=185281.51..185295.26 rows=5503 width=16) (actual time=445.946..446.136 rows=12 loops=1)
                                Sort Key: v1.rank_col
                                Sort Method: quicksort  Memory: 634kB
                                ->  Subquery Scan on v1  (cost=180578.47..184939.61 rows=5503 width=16) (actual time=424.219..444.283 rows=8077 loops=1)
                                      ->  Finalize GroupAggregate  (cost=180578.47..184884.58 rows=5503 width=16) (actual time=424.218..443.697 rows=8077 loops=1)
                                            Group Key: ss1.ss_item_sk
                                            Filter: (avg(ss1.ss_net_profit) > ('0.9'::double precision * $1))
                                            Rows Removed by Filter: 9923
                                            InitPlan 1 (returns $1)
                                              ->  Finalize GroupAggregate  (cost=1000.00..89167.44 rows=6 width=16) (actual time=183.216..183.330 rows=1 loops=1)
                                                    Group Key: store_sales.ss_store_sk
                                                    ->  Gather  (cost=1000.00..89167.31 rows=12 width=40) (actual time=183.122..183.322 rows=3 loops=1)
                                                          Workers Planned: 2
                                                          Workers Launched: 2
                                                          ->  Partial GroupAggregate  (cost=0.00..88166.11 rows=6 width=40) (actual time=179.008..179.009 rows=1 loops=3)
                                                                Group Key: store_sales.ss_store_sk
                                                                ->  Parallel Seq Scan on store_sales  (cost=0.00..88121.35 rows=8939 width=16) (actual time=0.231..178.175 rows=3549 loops=3)
                                                                      Filter: ((ss_promo_sk IS NULL) AND (ss_store_sk = 1))
                                                                      Rows Removed by Filter: 955760
                                            ->  Gather Merge  (cost=91411.03..95263.16 rows=33016 width=40) (actual time=240.987..250.091 rows=53572 loops=1)
                                                  Workers Planned: 2
                                                  Workers Launched: 2
                                                  ->  Sort  (cost=90411.00..90452.27 rows=16508 width=40) (actual time=235.841..238.109 rows=17857 loops=3)
                                                        Sort Key: ss1.ss_item_sk
                                                        Sort Method: quicksort  Memory: 2454kB
                                                        Worker 0:  Sort Method: quicksort  Memory: 2437kB
                                                        Worker 1:  Sort Method: quicksort  Memory: 2437kB
                                                        ->  Partial HashAggregate  (cost=89089.46..89254.54 rows=16508 width=40) (actual time=228.694..231.678 rows=17857 loops=3)
                                                              Group Key: ss1.ss_item_sk
                                                              Batches: 1  Memory Usage: 3857kB
                                                              Worker 0:  Batches: 1  Memory Usage: 3857kB
                                                              Worker 1:  Batches: 1  Memory Usage: 3857kB
                                                              ->  Parallel Seq Scan on store_sales ss1  (cost=0.00..88121.35 rows=193622 width=16) (actual time=0.042..186.329 rows=152885 loops=3)
                                                                    Filter: (ss_store_sk = 1)
                                                                    Rows Removed by Filter: 806424
                    ->  Index Scan using pk_item on item i1  (cost=0.29..0.57 rows=1 width=59) (actual time=0.005..0.005 rows=1 loops=10)
                          Index Cond: (i_item_sk = v1.item_sk)
        ->  Sort  (cost=188886.46..188900.21 rows=5503 width=59) (actual time=447.294..514.839 rows=10 loops=1)
              Sort Key: (rank() OVER (?))
              Sort Method: quicksort  Memory: 26kB
              ->  Nested Loop  (cost=185281.79..188544.55 rows=5503 width=59) (actual time=447.242..514.830 rows=10 loops=1)
                    ->  WindowAgg  (cost=185281.51..185377.81 rows=5503 width=24) (actual time=447.224..514.774 rows=10 loops=1)
                          Run Condition: (rank() OVER (?) < 11)
                          ->  Sort  (cost=185281.51..185295.26 rows=5503 width=16) (actual time=447.217..514.761 rows=12 loops=1)
                                Sort Key: v2.rank_col DESC
                                Sort Method: quicksort  Memory: 634kB
                                ->  Subquery Scan on v2  (cost=180578.47..184939.61 rows=5503 width=16) (actual time=425.583..513.010 rows=8077 loops=1)
                                      ->  Finalize GroupAggregate  (cost=180578.47..184884.58 rows=5503 width=16) (actual time=425.582..512.437 rows=8077 loops=1)
                                            Group Key: ss1_1.ss_item_sk
                                            Filter: (avg(ss1_1.ss_net_profit) > ('0.9'::double precision * $3))
                                            Rows Removed by Filter: 9923
                                            InitPlan 2 (returns $3)
                                              ->  Finalize GroupAggregate  (cost=1000.00..89167.44 rows=6 width=16) (actual time=186.678..234.012 rows=1 loops=1)
                                                    Group Key: store_sales_1.ss_store_sk
                                                    ->  Gather  (cost=1000.00..89167.31 rows=12 width=40) (actual time=186.577..234.004 rows=3 loops=1)
                                                          Workers Planned: 2
                                                          Workers Launched: 2
                                                          ->  Partial GroupAggregate  (cost=0.00..88166.11 rows=6 width=40) (actual time=182.292..182.293 rows=1 loops=3)
                                                                Group Key: store_sales_1.ss_store_sk
                                                                ->  Parallel Seq Scan on store_sales store_sales_1  (cost=0.00..88121.35 rows=8939 width=16) (actual time=0.193..181.467 rows=3549 loops=3)
                                                                      Filter: ((ss_promo_sk IS NULL) AND (ss_store_sk = 1))
                                                                      Rows Removed by Filter: 955760
                                            ->  Gather Merge  (cost=91411.03..95263.16 rows=33016 width=40) (actual time=238.889..268.138 rows=53530 loops=1)
                                                  Workers Planned: 2
                                                  Workers Launched: 2
                                                  ->  Sort  (cost=90411.00..90452.27 rows=16508 width=40) (actual time=233.853..236.266 rows=17843 loops=3)
                                                        Sort Key: ss1_1.ss_item_sk
                                                        Sort Method: quicksort  Memory: 2453kB
                                                        Worker 0:  Sort Method: quicksort  Memory: 2434kB
                                                        Worker 1:  Sort Method: quicksort  Memory: 2437kB
                                                        ->  Partial HashAggregate  (cost=89089.46..89254.54 rows=16508 width=40) (actual time=226.751..229.746 rows=17843 loops=3)
                                                              Group Key: ss1_1.ss_item_sk
                                                              Batches: 1  Memory Usage: 3857kB
                                                              Worker 0:  Batches: 1  Memory Usage: 3857kB
                                                              Worker 1:  Batches: 1  Memory Usage: 3857kB
                                                              ->  Parallel Seq Scan on store_sales ss1_1  (cost=0.00..88121.35 rows=193622 width=16) (actual time=0.044..185.549 rows=152885 loops=3)
                                                                    Filter: (ss_store_sk = 1)
                                                                    Rows Removed by Filter: 806424
                    ->  Index Scan using pk_item on item i2  (cost=0.29..0.57 rows=1 width=59) (actual time=0.005..0.005 rows=1 loops=10)
                          Index Cond: (i_item_sk = v2.item_sk)
 rnk |                  best_performing                   |                  worst_performing                  
-----+----------------------------------------------------+----------------------------------------------------
   1 | callycallyn stationought                           | eingeingoughtbarought                             
   2 | antiationeseought                                  | eingableeseought                                  
   3 | callyeseeingought                                  | callycallyn stpri                                 
   4 | oughtablebarableought                              | eingeingn steseought                              
   5 | callyoughteseantiought                             | ationeingn stableought                            
   6 | antiantibarpriought                                | eseoughtationantiought                            
   7 | oughtprin stese                                    | callyoughtationought                              
   8 | esebarn stese                                      | callyanticallypriought                            
   9 | antiationesen st                                   | eseationableoughtought                            
  10 | oughtablebaranti                                   | callyn stantibarought                             
(10 rows)

UPDATE time_statistics SET e_time = TRANSACTION_TIMESTAMP() WHERE template = 'query44.tpl' AND stream = 0;
psql:/tmp/s1-basline/power/query_0.sql:2200: NOTICE:  duration: 0.028 ms  plan:
Query Text: UPDATE time_statistics SET e_time = TRANSACTION_TIMESTAMP() WHERE template = 'query44.tpl' AND stream = 0;
Update on time_statistics  (cost=0.00..1.42 rows=0 width=0) (actual time=0.027..0.028 rows=0 loops=1)
  ->  Seq Scan on time_statistics  (cost=0.00..1.42 rows=1 width=14) (actual time=0.014..0.014 rows=1 loops=1)
        Filter: ((template = 'query44.tpl'::text) AND (stream = 0))
        Rows Removed by Filter: 44
UPDATE 1
LOAD 'auto_explain'; SET auto_explain.log_min_duration TO 0; SET auto_explain.log_analyze TO on; SET auto_explain.log_level TO notice; INSERT INTO time_statistics (template, s_time, stream, query, seed) VALUES ('query45.tpl', TRANSACTION_TIMESTAMP(), 0, 45, 946279600);
LOAD
SET
SET
SET
psql:/tmp/s1-basline/power/query_0.sql:2201: NOTICE:  duration: 0.008 ms  plan:
Query Text: INSERT INTO time_statistics (template, s_time, stream, query, seed) VALUES ('query45.tpl', TRANSACTION_TIMESTAMP(), 0, 45, 946279600);
Insert on time_statistics  (cost=0.00..0.01 rows=0 width=0) (actual time=0.008..0.008 rows=0 loops=1)
  ->  Result  (cost=0.00..0.01 rows=1 width=64) (actual time=0.001..0.001 rows=1 loops=1)
INSERT 0 1
select  ca_zip, ca_county, sum(ws_sales_price)
 from web_sales, customer, customer_address, date_dim, item
 where ws_bill_customer_sk = c_customer_sk
 	and c_current_addr_sk = ca_address_sk 
 	and ws_item_sk = i_item_sk 
 	and ( substr(ca_zip,1,5) in ('85669', '86197','88274','83405','86475', '85392', '85460', '80348', '81792')
 	      or 
 	      i_item_id in (select i_item_id
                             from item
                             where i_item_sk in (2, 3, 5, 7, 11, 13, 17, 19, 23, 29)
                             )
 	    )
 	and ws_sold_date_sk = d_date_sk
 	and d_qoy = 2 and d_year = 1998
 group by ca_zip, ca_county
 order by ca_zip, ca_county
 limit 100;
psql:/tmp/s1-basline/power/query_0.sql:2218: NOTICE:  duration: 118.002 ms  plan:
Query Text: select  ca_zip, ca_county, sum(ws_sales_price)
 from web_sales, customer, customer_address, date_dim, item
 where ws_bill_customer_sk = c_customer_sk
 	and c_current_addr_sk = ca_address_sk 
 	and ws_item_sk = i_item_sk 
 	and ( substr(ca_zip,1,5) in ('85669', '86197','88274','83405','86475', '85392', '85460', '80348', '81792')
 	      or 
 	      i_item_id in (select i_item_id
                             from item
                             where i_item_sk in (2, 3, 5, 7, 11, 13, 17, 19, 23, 29)
                             )
 	    )
 	and ws_sold_date_sk = d_date_sk
 	and d_qoy = 2 and d_year = 1998
 group by ca_zip, ca_county
 order by ca_zip, ca_county
 limit 100;
Limit  (cost=27960.48..27962.48 rows=100 width=33) (actual time=117.970..117.986 rows=21 loops=1)
  ->  GroupAggregate  (cost=27960.48..27969.74 rows=463 width=33) (actual time=117.970..117.983 rows=21 loops=1)
        Group Key: customer_address.ca_zip, customer_address.ca_county
        ->  Sort  (cost=27960.48..27961.63 rows=463 width=33) (actual time=117.962..117.965 rows=21 loops=1)
              Sort Key: customer_address.ca_zip, customer_address.ca_county
              Sort Method: quicksort  Memory: 26kB
              ->  Nested Loop  (cost=16.50..27939.98 rows=463 width=33) (actual time=4.515..117.937 rows=21 loops=1)
                    Join Filter: ((substr((customer_address.ca_zip)::text, 1, 5) = ANY ('{85669,86197,88274,83405,86475,85392,85460,80348,81792}'::text[])) OR (hashed SubPlan 1))
                    Rows Removed by Join Filter: 21419
                    ->  Nested Loop  (cost=1.01..27632.84 rows=886 width=41) (actual time=4.351..76.999 rows=21440 loops=1)
                          ->  Nested Loop  (cost=0.72..27347.98 rows=886 width=24) (actual time=4.346..49.543 rows=21440 loops=1)
                                ->  Nested Loop  (cost=0.42..27068.70 rows=886 width=24) (actual time=4.341..21.134 rows=21444 loops=1)
                                      ->  Seq Scan on date_dim  (cost=0.00..2500.73 rows=90 width=8) (actual time=4.333..10.021 rows=91 loops=1)
                                            Filter: ((d_qoy = 2) AND (d_year = 1998))
                                            Rows Removed by Filter: 72958
                                      ->  Index Scan using i_ws_sold_date_sk on web_sales  (cost=0.42..269.03 rows=395 width=32) (actual time=0.003..0.077 rows=236 loops=91)
                                            Index Cond: (ws_sold_date_sk = date_dim.d_date_sk)
                                ->  Index Scan using pk_customer on customer  (cost=0.29..0.32 rows=1 width=16) (actual time=0.001..0.001 rows=1 loops=21444)
                                      Index Cond: (c_customer_sk = web_sales.ws_bill_customer_sk)
                          ->  Index Scan using pk_customer_address on customer_address  (cost=0.29..0.32 rows=1 width=33) (actual time=0.001..0.001 rows=1 loops=21440)
                                Index Cond: (ca_address_sk = customer.c_current_addr_sk)
                    ->  Index Scan using pk_item on item  (cost=0.29..0.31 rows=1 width=25) (actual time=0.001..0.001 rows=1 loops=21440)
                          Index Cond: (i_item_sk = web_sales.ws_item_sk)
                    SubPlan 1
                      ->  Index Scan using pk_item on item item_1  (cost=0.29..15.16 rows=10 width=17) (actual time=0.016..0.027 rows=10 loops=1)
                            Index Cond: (i_item_sk = ANY ('{2,3,5,7,11,13,17,19,23,29}'::bigint[]))
   ca_zip   |       ca_county       |  sum   
------------+-----------------------+--------
 20587      | Brunswick County      |  22.79
 26971      | Spartanburg County    |   5.27
 27940      | Washington County     |  22.87
 28054      | Nottoway County       |  99.14
 28721      | Martin County         |  29.71
 29431      | Prince William County |  37.76
 30534      | Union County          |  34.57
 38482      | Tattnall County       |  16.56
 40069      | Crawford County       |  62.88
 40069      | Trigg County          |  77.04
 43511      | Pulaski County        |  18.88
 49840      | Allen County          |   1.88
 51289      | Grundy County         | 165.15
 52477      | Nobles County         |  29.78
 56871      | Clarke County         | 102.47
 66098      |                       |    4.4
 68222      | Livingston County     |   38.2
 68605      | Sherman County        |   93.3
 68877      | Thomas County         |   84.3
 71545      | Loving County         |   63.6
 76668      | Madison County        | 105.11
(21 rows)

UPDATE time_statistics SET e_time = TRANSACTION_TIMESTAMP() WHERE template = 'query45.tpl' AND stream = 0;
psql:/tmp/s1-basline/power/query_0.sql:2220: NOTICE:  duration: 0.029 ms  plan:
Query Text: UPDATE time_statistics SET e_time = TRANSACTION_TIMESTAMP() WHERE template = 'query45.tpl' AND stream = 0;
Update on time_statistics  (cost=0.00..1.42 rows=0 width=0) (actual time=0.029..0.029 rows=0 loops=1)
  ->  Seq Scan on time_statistics  (cost=0.00..1.42 rows=1 width=14) (actual time=0.014..0.014 rows=1 loops=1)
        Filter: ((template = 'query45.tpl'::text) AND (stream = 0))
        Rows Removed by Filter: 45
UPDATE 1
LOAD 'auto_explain'; SET auto_explain.log_min_duration TO 0; SET auto_explain.log_analyze TO on; SET auto_explain.log_level TO notice; INSERT INTO time_statistics (template, s_time, stream, query, seed) VALUES ('query46.tpl', TRANSACTION_TIMESTAMP(), 0, 46, 668925104);
LOAD
SET
SET
SET
psql:/tmp/s1-basline/power/query_0.sql:2221: NOTICE:  duration: 0.009 ms  plan:
Query Text: INSERT INTO time_statistics (template, s_time, stream, query, seed) VALUES ('query46.tpl', TRANSACTION_TIMESTAMP(), 0, 46, 668925104);
Insert on time_statistics  (cost=0.00..0.01 rows=0 width=0) (actual time=0.008..0.008 rows=0 loops=1)
  ->  Result  (cost=0.00..0.01 rows=1 width=64) (actual time=0.001..0.001 rows=1 loops=1)
INSERT 0 1
select  c_last_name
       ,c_first_name
       ,ca_city
       ,bought_city
       ,ss_ticket_number
       ,amt,profit 
 from
   (select ss_ticket_number
          ,ss_customer_sk
          ,ca_city bought_city
          ,sum(ss_coupon_amt) amt
          ,sum(ss_net_profit) profit
    from store_sales,date_dim,store,household_demographics,customer_address 
    where store_sales.ss_sold_date_sk = date_dim.d_date_sk
    and store_sales.ss_store_sk = store.s_store_sk  
    and store_sales.ss_hdemo_sk = household_demographics.hd_demo_sk
    and store_sales.ss_addr_sk = customer_address.ca_address_sk
    and (household_demographics.hd_dep_count = 4 or
         household_demographics.hd_vehicle_count= 3)
    and date_dim.d_dow in (6,0)
    and date_dim.d_year in (2000,2000+1,2000+2) 
    and store.s_city in ('Midway','Fairview','Fairview','Midway','Fairview') 
    group by ss_ticket_number,ss_customer_sk,ss_addr_sk,ca_city) dn,customer,customer_address current_addr
    where ss_customer_sk = c_customer_sk
      and customer.c_current_addr_sk = current_addr.ca_address_sk
      and current_addr.ca_city <> bought_city
  order by c_last_name
          ,c_first_name
          ,ca_city
          ,bought_city
          ,ss_ticket_number
  limit 100;
psql:/tmp/s1-basline/power/query_0.sql:2253: NOTICE:  duration: 504.707 ms  plan:
Query Text: select  c_last_name
       ,c_first_name
       ,ca_city
       ,bought_city
       ,ss_ticket_number
       ,amt,profit 
 from
   (select ss_ticket_number
          ,ss_customer_sk
          ,ca_city bought_city
          ,sum(ss_coupon_amt) amt
          ,sum(ss_net_profit) profit
    from store_sales,date_dim,store,household_demographics,customer_address 
    where store_sales.ss_sold_date_sk = date_dim.d_date_sk
    and store_sales.ss_store_sk = store.s_store_sk  
    and store_sales.ss_hdemo_sk = household_demographics.hd_demo_sk
    and store_sales.ss_addr_sk = customer_address.ca_address_sk
    and (household_demographics.hd_dep_count = 4 or
         household_demographics.hd_vehicle_count= 3)
    and date_dim.d_dow in (6,0)
    and date_dim.d_year in (2000,2000+1,2000+2) 
    and store.s_city in ('Midway','Fairview','Fairview','Midway','Fairview') 
    group by ss_ticket_number,ss_customer_sk,ss_addr_sk,ca_city) dn,customer,customer_address current_addr
    where ss_customer_sk = c_customer_sk
      and customer.c_current_addr_sk = current_addr.ca_address_sk
      and current_addr.ca_city <> bought_city
  order by c_last_name
          ,c_first_name
          ,ca_city
          ,bought_city
          ,ss_ticket_number
  limit 100;
Limit  (cost=96814.17..96814.42 rows=100 width=94) (actual time=440.137..504.627 rows=100 loops=1)
  ->  Sort  (cost=96814.17..96820.49 rows=2528 width=94) (actual time=440.137..504.620 rows=100 loops=1)
        Sort Key: customer.c_last_name, customer.c_first_name, current_addr.ca_city, customer_address.ca_city, store_sales.ss_ticket_number
        Sort Method: top-N heapsort  Memory: 49kB
        ->  Nested Loop  (cost=92469.94..96717.55 rows=2528 width=94) (actual time=378.422..500.025 rows=9777 loops=1)
              Join Filter: ((current_addr.ca_city)::text <> (customer_address.ca_city)::text)
              Rows Removed by Join Filter: 724
              ->  Nested Loop  (cost=92469.65..95871.83 rows=2532 width=93) (actual time=378.416..482.060 rows=10501 loops=1)
                    ->  Finalize GroupAggregate  (cost=92469.36..92798.89 rows=2532 width=49) (actual time=378.403..461.338 rows=10828 loops=1)
                          Group Key: store_sales.ss_ticket_number, store_sales.ss_customer_sk, store_sales.ss_addr_sk, customer_address.ca_city
                          ->  Gather Merge  (cost=92469.36..92741.92 rows=2110 width=49) (actual time=378.396..456.458 rows=10892 loops=1)
                                Workers Planned: 2
                                Workers Launched: 2
                                ->  Partial GroupAggregate  (cost=91469.33..91498.35 rows=1055 width=49) (actual time=372.355..381.547 rows=3631 loops=3)
                                      Group Key: store_sales.ss_ticket_number, store_sales.ss_customer_sk, store_sales.ss_addr_sk, customer_address.ca_city
                                      ->  Sort  (cost=91469.33..91471.97 rows=1055 width=49) (actual time=372.344..373.883 rows=38409 loops=3)
                                            Sort Key: store_sales.ss_ticket_number, store_sales.ss_customer_sk, store_sales.ss_addr_sk, customer_address.ca_city
                                            Sort Method: quicksort  Memory: 5962kB
                                            Worker 0:  Sort Method: quicksort  Memory: 4608kB
                                            Worker 1:  Sort Method: quicksort  Memory: 4545kB
                                            ->  Nested Loop  (cost=2788.06..91416.36 rows=1055 width=49) (actual time=18.022..356.121 rows=38409 loops=3)
                                                  ->  Hash Join  (cost=2787.77..91076.03 rows=1105 width=40) (actual time=17.977..298.083 rows=38652 loops=3)
                                                        Hash Cond: (store_sales.ss_store_sk = store.s_store_sk)
                                                        ->  Hash Join  (cost=2786.42..91070.62 rows=1159 width=48) (actual time=17.906..291.606 rows=39122 loops=3)
                                                              Hash Cond: (store_sales.ss_hdemo_sk = household_demographics.hd_demo_sk)
                                                              ->  Hash Join  (cost=2595.92..90867.35 rows=4862 width=56) (actual time=16.473..275.057 rows=158770 loops=3)
                                                                    Hash Cond: (store_sales.ss_sold_date_sk = date_dim.d_date_sk)
                                                                    ->  Parallel Seq Scan on store_sales  (cost=0.00..85123.48 rows=1199148 width=64) (actual time=0.015..127.359 rows=959309 loops=3)
                                                                    ->  Hash  (cost=2592.05..2592.05 rows=310 width=8) (actual time=16.443..16.444 rows=314 loops=3)
                                                                          Buckets: 1024  Batches: 1  Memory Usage: 21kB
                                                                          ->  Seq Scan on date_dim  (cost=0.00..2592.05 rows=310 width=8) (actual time=7.965..16.399 rows=314 loops=3)
                                                                                Filter: ((d_dow = ANY ('{6,0}'::integer[])) AND (d_year = ANY ('{2000,2001,2002}'::integer[])))
                                                                                Rows Removed by Filter: 72735
                                                              ->  Hash  (cost=168.00..168.00 rows=1800 width=8) (actual time=1.321..1.322 rows=1800 loops=3)
                                                                    Buckets: 2048  Batches: 1  Memory Usage: 87kB
                                                                    ->  Seq Scan on household_demographics  (cost=0.00..168.00 rows=1800 width=8) (actual time=0.090..1.114 rows=1800 loops=3)
                                                                          Filter: ((hd_dep_count = 4) OR (hd_vehicle_count = 3))
                                                                          Rows Removed by Filter: 5400
                                                        ->  Hash  (cost=1.20..1.20 rows=12 width=8) (actual time=0.039..0.040 rows=12 loops=3)
                                                              Buckets: 1024  Batches: 1  Memory Usage: 9kB
                                                              ->  Seq Scan on store  (cost=0.00..1.20 rows=12 width=8) (actual time=0.031..0.035 rows=12 loops=3)
                                                                    Filter: ((s_city)::text = ANY ('{Midway,Fairview,Fairview,Midway,Fairview}'::text[]))
                                                  ->  Index Scan using pk_customer_address on customer_address  (cost=0.29..0.31 rows=1 width=17) (actual time=0.001..0.001 rows=1 loops=115957)
                                                        Index Cond: (ca_address_sk = store_sales.ss_addr_sk)
                    ->  Index Scan using pk_customer on customer  (cost=0.29..1.20 rows=1 width=68) (actual time=0.002..0.002 rows=1 loops=10828)
                          Index Cond: (c_customer_sk = store_sales.ss_customer_sk)
              ->  Index Scan using pk_customer_address on customer_address current_addr  (cost=0.29..0.32 rows=1 width=17) (actual time=0.001..0.001 rows=1 loops=10501)
                    Index Cond: (ca_address_sk = customer.c_current_addr_sk)
          c_last_name           |     c_first_name     |    ca_city     |    bought_city     | ss_ticket_number |        amt         |       profit        
--------------------------------+----------------------+----------------+--------------------+------------------+--------------------+---------------------
 Abbott                         | Anita                | Sunnyside      | Hopewell           |           203153 |            5650.82 |              -20923
 Abbott                         | Bonnie               | White Oak      | Buena Vista        |           168564 |             614.25 |            -5880.07
 Abbott                         | Jay                  | Enterprise     | Franklin           |           115113 |  5963.610000000001 |  -7441.090000000001
 Abernathy                      | Robert               | Summit         | Clifton            |           202764 |                  0 |            -10751.2
 Abney                          | John                 | Montpelier     | Georgetown         |            24008 |            1001.75 |            -11310.9
 Abraham                        | Clarence             | Greenfield     | Sulphur Springs    |            95924 |            1951.64 | -3263.3800000000006
 Abrams                         | Ryan                 | Crossroads     | Springfield        |           216156 | 1854.1899999999998 |           -11055.56
 Acevedo                        | Calvin               | Buena Vista    | Crossroads         |           130070 |  586.3199999999999 | -15156.259999999998
 Acevedo                        | Charles              | Five Forks     | Washington Heights |            42410 |             194.61 | -16926.059999999998
 Acevedo                        | James                | Deerfield      | Clifton            |           239250 |             897.11 | -14435.510000000002
 Acker                          | Jon                  | Scottsville    | Derby              |           146480 |             151.88 | -4854.5599999999995
 Ackerman                       | Geneva               | Antioch        | Greenville         |             4337 |             411.31 | -7174.8099999999995
 Ackerman                       | Joseph               | Harmony        | Riverside          |            90549 |               2576 | -12060.880000000001
 Acosta                         | Amanda               | Morris         | Mount Olive        |             5941 |             543.53 |  -9121.529999999997
 Acosta                         | Daryl                | Mount Pleasant | Lakeside           |            20209 |            2187.48 |           -14163.19
 Acosta                         | Dennis               | Mount Olive    | Providence         |            67650 |             8730.7 | -21686.690000000002
 Acosta                         | Leona                | Spring Hill    | Red Hill           |           178039 |            2613.96 |            -6464.99
 Acosta                         | Michael              | Green Acres    | Somerville         |            45015 |            5058.65 | -12227.060000000001
 Acosta                         | Miguel               | Lebanon        | Lincoln            |           205066 |                  0 | -2182.5299999999997
 Acosta                         | Percy                | Fairview       | Pine Grove         |           139159 |             390.27 |           -10238.61
 Acuna                          | Brandon              | Bethel         | Harmony            |            67441 |             220.44 | -17047.579999999998
 Adair                          | Jesse                | Unionville     | Harmony            |            64098 |              26.78 |            -3417.93
 Adair                          | Johnny               | Walnut Grove   | Harmon             |            21311 | 2649.0000000000005 |            -8335.48
 Adair                          | Roger                | Shore Acres    | Crossroads         |            26354 |            1226.01 |  -5174.939999999998
 Adam                           | Ariel                | Enterprise     | Crossroads         |           127578 |            2305.19 |           -15014.18
 Adam                           | Jeanne               | Highland Park  | Florence           |           191594 |            1510.56 |            -21660.2
 Adams                          | Adam                 | Deerfield      | Centerville        |           141162 | 3260.9299999999994 |           -22962.87
 Adams                          | Arthur               | Waterloo       | Macedonia          |           234035 | 1705.0700000000002 |           -27068.93
 Adams                          | Barbara              | Franklin       | Arthur             |           108842 |            2099.46 |            -9743.46
 Adams                          | Chris                | Woodlawn       | Hopewell           |           110091 |              97.61 |            -2711.54
 Adams                          | Daniel               | White Hall     | Salem              |            21390 |             513.73 |               -8008
 Adams                          | David                | Highland Park  | Farmington         |           221659 |            3116.17 |            -9081.76
 Adams                          | Debbie               | Summit         | Riverdale          |           132905 |              84.07 | -17044.079999999998
 Adams                          | Deborah              | Woodville      | Fairview           |           230984 |             928.12 |              688.64
 Adams                          | Doreen               | Plainview      | Bethel             |           150752 | 3097.2799999999997 |           -11252.89
 Adams                          | Eileen               | Fairfield      | Belmont            |           107732 |            3302.06 | -11527.400000000001
 Adams                          | Frank                | Shady Grove    | Edgewood           |           171317 | 1514.4899999999998 |            -8479.09
 Adams                          | Gene                 | Newport        | Greenville         |           146720 |            1718.63 |           -14381.08
 Adams                          | Kevin                | Clifton        | Arlington          |             5232 |             1948.5 | -20963.020000000004
 Adams                          | Lois                 | Dallas         | Belmont            |            22388 |             214.66 |           -14165.46
 Adams                          | Margaret             | Lenox          | Oakland            |             4715 |            9144.32 | -19696.280000000006
 Adams                          | Matthew              | Shiloh         | Oak Ridge          |           133702 |  5600.530000000001 |             -9740.6
 Adams                          | Michael              | Sunnyside      | Church Hill        |            29574 |            5121.77 |           -13424.16
 Adams                          | Miranda              | Harmony        | Lakeview           |           114859 |            1176.75 |            -8992.55
 Adams                          | Misty                | Highland Park  | Marion             |           133337 |             250.01 |  -4184.379999999999
 Adams                          | Norma                | Deerfield      | Glenwood           |            33669 |              92.24 |  -5258.320000000001
 Adams                          | Roland               | Flatwoods      | Woodville          |            83315 |            1791.71 |            -7953.17
 Adcock                         | Rosa                 | Clinton        | Newport            |           147762 |            4780.21 | -19785.219999999998
 Addison                        | Alice                | Farmington     | Plainview          |            41746 |              76.38 |           -16735.33
 Addison                        | Hazel                | Arlington      | Edgewood           |           112724 |  636.0400000000001 | -11106.580000000002
 Adkins                         | April                | Lakeside       | Lebanon            |            55138 |            3931.19 |            -10007.2
 Adkins                         | Esther               | Woodlawn       | Five Forks         |           163617 |             901.77 |  -7175.919999999999
 Adkins                         | Starla               | Saratoga       | Green Acres        |           229312 |            2881.71 |            -4590.18
 Adkins                         | Starla               | Saratoga       | Harmony            |            25099 |             173.37 |            -9501.92
 Adkins                         | Travis               | Arlington      | Hopewell           |           112095 |            8840.74 |  -8030.630000000001
 Adkins                         | Wayne                | New Town       | Highland Park      |           148681 |  9336.210000000001 |   656.6400000000004
 Adler                          | Shannon              | Golden         | Cedar Grove        |           157574 |            1172.82 |           -13191.88
 Agee                           | Robert               | New Hope       | Red Hill           |           122481 |             893.83 |            -8612.97
 Agee                           | Wallace              | Five Forks     | Highland Park      |            90917 |             364.08 | -10479.279999999999
 Aguilar                        | Anna                 | Highland       | Springfield        |            80996 |           11036.11 | -15549.980000000001
 Aguilar                        | Christopher          | Union          | Empire             |            89728 |            1077.72 |            -4807.13
 Aguilar                        | Holly                | Oakland        | Newtown            |           138717 |             5560.8 |           -17706.22
 Aguilar                        | John                 | Harmony        | Sunnyside          |           144421 |              177.9 | -1969.9400000000003
 Aguilar                        | Richard              | Amity          | Fairview           |            36343 |            2698.08 |            -7322.42
 Aguilar                        | Virgil               | Edgewood       | Riverdale          |           238158 |             254.42 | -1770.9899999999998
 Aguirre                        | Harry                | Ridgeville     | Summit             |           102000 |             350.61 |           -15229.17
 Aguirre                        | Jessica              | Concord        | Roy                |           157827 |            5009.59 |            -4779.77
 Aguirre                        | Kenneth              | Forest Hills   | Hamilton           |           227820 |             487.34 |            -6077.69
 Aguirre                        | Leticia              | Unionville     | Greenwood          |           145670 |            6005.43 |  -9774.679999999998
 Aiken                          | Freeman              | Waterloo       | Carthage           |           174869 |            1288.62 |           -11052.76
 Akers                          | Lilian               | Lebanon        | Clinton            |              178 |            9660.18 |           -11778.11
 Akins                          | Linda                | Bunker Hill    | Oakdale            |           121049 |             3197.8 |            -4094.96
 Akins                          | Ramiro               | Maple Grove    | Enterprise         |            68011 |            2016.69 |            -3479.04
 Akins                          | Tracy                | Sunnyside      | Newtown            |           115730 |             260.15 | -11780.210000000001
 Alaniz                         | Marie                | Roscoe         | Edgewood           |           153408 |             233.97 |            -1377.26
 Alba                           | Charlotte            | Oakwood        | Brownsville        |           202222 |             126.73 |  -7441.710000000001
 Alba                           | Charlotte            | Oakwood        | Concord            |            74497 |              313.4 |            -3492.66
 Albert                         | Aaron                | Spring Hill    | Clifton            |           103219 |            4116.98 |           -13190.05
 Albert                         | Aaron                | Spring Hill    | Concord            |            80310 |             655.59 |            -5871.06
 Albert                         | Brad                 | Greenwood      | Midway             |             2247 |             352.61 |            -19276.3
 Albert                         | Howard               | Silver Creek   | Pine Grove         |            51237 |  4823.040000000001 |  -7923.370000000001
 Albrecht                       | Wilma                | Cedar Grove    | Ashland            |            25314 |             921.21 |  -9878.050000000001
 Albright                       | Harvey               | Walnut Grove   | Woodlawn           |           209562 |            1592.58 |  -7128.049999999999
 Albright                       | Sarah                | Woodland       | Greenwood          |            95010 |            1987.85 |  -5678.589999999999
 Albritton                      | Richard              | Lincoln        | Pine Grove         |           204298 |             1164.3 |            -4513.76
 Aldrich                        | Angelia              | Five Forks     | Florence           |            18882 |            1911.44 |             -3977.6
 Aldrich                        | Virginia             | Oak Hill       | Highland Park      |           222020 |            6466.66 |           -11467.99
 Aldridge                       | Edward               | Maple Grove    | Forest Hills       |           196915 |                  0 |  2158.2799999999997
 Aldridge                       | Nickolas             | Woodville      | Centerville        |           236108 |             674.36 |           -14488.11
 Alexander                      | Brian                | Spring Valley  | Florence           |           137479 |            2545.24 | -4066.0299999999997
 Alexander                      | James                | Greenfield     | Oak Grove          |           238280 | 10433.220000000001 | -18332.950000000004
 Alexander                      | Les                  | Arlington      | Mountain View      |           111725 |            6364.46 | -1611.1100000000013
 Alexander                      | Mable                | Enterprise     | Bear Creek         |           101469 |             329.38 |            -6735.67
 Alexander                      | Mable                | Enterprise     | Unionville         |           120801 |            8510.85 |           -28217.09
 Alexander                      | Nathan               | Five Points    | Forest Hills       |            41190 |             436.74 |            -9507.89
 Alexander                      | Patsy                | Sleepy Hollow  | Pleasant Grove     |            13484 |  6530.099999999999 |           -11742.17
 Alexander                      | Trinidad             | Brownsville    | Forest Hills       |           152534 |            2854.91 |  -9655.119999999999
 Alexander                      | Virginia             | Cedar Grove    | Bethel             |            80366 |             198.69 |  -961.6700000000003
 Alexander                      | Wayne                | Rossville      | Mount Pleasant     |            61450 |            4807.24 |             -5034.6
 Alfonso                        | Jimmy                | Red Hill       | Newport            |           213365 |            7777.62 | -6018.3200000000015
(100 rows)

UPDATE time_statistics SET e_time = TRANSACTION_TIMESTAMP() WHERE template = 'query46.tpl' AND stream = 0;
psql:/tmp/s1-basline/power/query_0.sql:2255: NOTICE:  duration: 0.031 ms  plan:
Query Text: UPDATE time_statistics SET e_time = TRANSACTION_TIMESTAMP() WHERE template = 'query46.tpl' AND stream = 0;
Update on time_statistics  (cost=0.00..1.42 rows=0 width=0) (actual time=0.031..0.031 rows=0 loops=1)
  ->  Seq Scan on time_statistics  (cost=0.00..1.42 rows=1 width=14) (actual time=0.016..0.016 rows=1 loops=1)
        Filter: ((template = 'query46.tpl'::text) AND (stream = 0))
        Rows Removed by Filter: 46
UPDATE 1
LOAD 'auto_explain'; SET auto_explain.log_min_duration TO 0; SET auto_explain.log_analyze TO on; SET auto_explain.log_level TO notice; INSERT INTO time_statistics (template, s_time, stream, query, seed) VALUES ('query47.tpl', TRANSACTION_TIMESTAMP(), 0, 47, 421995643);
LOAD
SET
SET
SET
psql:/tmp/s1-basline/power/query_0.sql:2256: NOTICE:  duration: 0.008 ms  plan:
Query Text: INSERT INTO time_statistics (template, s_time, stream, query, seed) VALUES ('query47.tpl', TRANSACTION_TIMESTAMP(), 0, 47, 421995643);
Insert on time_statistics  (cost=0.00..0.01 rows=0 width=0) (actual time=0.008..0.008 rows=0 loops=1)
  ->  Result  (cost=0.00..0.01 rows=1 width=64) (actual time=0.001..0.002 rows=1 loops=1)
INSERT 0 1
with v1 as(
 select i_category, i_brand,
        s_store_name, s_company_name,
        d_year, d_moy,
        sum(ss_sales_price) sum_sales,
        avg(sum(ss_sales_price)) over
          (partition by i_category, i_brand,
                     s_store_name, s_company_name, d_year)
          avg_monthly_sales,
        rank() over
          (partition by i_category, i_brand,
                     s_store_name, s_company_name
           order by d_year, d_moy) rn
 from item, store_sales, date_dim, store
 where ss_item_sk = i_item_sk and
       ss_sold_date_sk = d_date_sk and
       ss_store_sk = s_store_sk and
       (
         d_year = 2000 or
         ( d_year = 2000-1 and d_moy =12) or
         ( d_year = 2000+1 and d_moy =1)
       )
 group by i_category, i_brand,
          s_store_name, s_company_name,
          d_year, d_moy),
 v2 as(
 select v1.i_category, v1.i_brand, v1.s_store_name, v1.s_company_name
        ,v1.d_year
        ,v1.avg_monthly_sales
        ,v1.sum_sales, v1_lag.sum_sales psum, v1_lead.sum_sales nsum
 from v1, v1 v1_lag, v1 v1_lead
 where v1.i_category = v1_lag.i_category and
       v1.i_category = v1_lead.i_category and
       v1.i_brand = v1_lag.i_brand and
       v1.i_brand = v1_lead.i_brand and
       v1.s_store_name = v1_lag.s_store_name and
       v1.s_store_name = v1_lead.s_store_name and
       v1.s_company_name = v1_lag.s_company_name and
       v1.s_company_name = v1_lead.s_company_name and
       v1.rn = v1_lag.rn + 1 and
       v1.rn = v1_lead.rn - 1)
  select  *
 from v2
 where  d_year = 2000 and    
        avg_monthly_sales > 0 and
        case when avg_monthly_sales > 0 then abs(sum_sales - avg_monthly_sales) / avg_monthly_sales else null end > 0.1
 order by sum_sales - avg_monthly_sales, nsum
 limit 100;
psql:/tmp/s1-basline/power/query_0.sql:2304: NOTICE:  duration: 1903.570 ms  plan:
Query Text: with v1 as(
 select i_category, i_brand,
        s_store_name, s_company_name,
        d_year, d_moy,
        sum(ss_sales_price) sum_sales,
        avg(sum(ss_sales_price)) over
          (partition by i_category, i_brand,
                     s_store_name, s_company_name, d_year)
          avg_monthly_sales,
        rank() over
          (partition by i_category, i_brand,
                     s_store_name, s_company_name
           order by d_year, d_moy) rn
 from item, store_sales, date_dim, store
 where ss_item_sk = i_item_sk and
       ss_sold_date_sk = d_date_sk and
       ss_store_sk = s_store_sk and
       (
         d_year = 2000 or
         ( d_year = 2000-1 and d_moy =12) or
         ( d_year = 2000+1 and d_moy =1)
       )
 group by i_category, i_brand,
          s_store_name, s_company_name,
          d_year, d_moy),
 v2 as(
 select v1.i_category, v1.i_brand, v1.s_store_name, v1.s_company_name
        ,v1.d_year
        ,v1.avg_monthly_sales
        ,v1.sum_sales, v1_lag.sum_sales psum, v1_lead.sum_sales nsum
 from v1, v1 v1_lag, v1 v1_lead
 where v1.i_category = v1_lag.i_category and
       v1.i_category = v1_lead.i_category and
       v1.i_brand = v1_lag.i_brand and
       v1.i_brand = v1_lead.i_brand and
       v1.s_store_name = v1_lag.s_store_name and
       v1.s_store_name = v1_lead.s_store_name and
       v1.s_company_name = v1_lag.s_company_name and
       v1.s_company_name = v1_lead.s_company_name and
       v1.rn = v1_lag.rn + 1 and
       v1.rn = v1_lead.rn - 1)
  select  *
 from v2
 where  d_year = 2000 and    
        avg_monthly_sales > 0 and
        case when avg_monthly_sales > 0 then abs(sum_sales - avg_monthly_sales) / avg_monthly_sales else null end > 0.1
 order by sum_sales - avg_monthly_sales, nsum
 limit 100;
Limit  (cost=99042.77..99042.78 rows=1 width=688) (actual time=1903.306..1903.464 rows=100 loops=1)
  CTE v1
    ->  WindowAgg  (cost=94427.97..97254.66 rows=15216 width=147) (actual time=1180.279..1685.422 rows=63634 loops=1)
          ->  WindowAgg  (cost=94427.97..96874.26 rows=15216 width=139) (actual time=1180.267..1629.711 rows=63634 loops=1)
                ->  Finalize GroupAggregate  (cost=94427.97..96455.82 rows=15216 width=131) (actual time=1180.251..1562.812 rows=63634 loops=1)
                      Group Key: item.i_category, item.i_brand, store.s_store_name, store.s_company_name, date_dim.d_year, date_dim.d_moy
                      ->  Gather Merge  (cost=94427.97..96081.76 rows=12680 width=131) (actual time=1180.242..1508.386 rows=143722 loops=1)
                            Workers Planned: 2
                            Workers Launched: 2
                            ->  Partial GroupAggregate  (cost=93427.95..93618.15 rows=6340 width=131) (actual time=1128.060..1369.633 rows=47907 loops=3)
                                  Group Key: item.i_category, item.i_brand, store.s_store_name, store.s_company_name, date_dim.d_year, date_dim.d_moy
                                  ->  Sort  (cost=93427.95..93443.80 rows=6340 width=131) (actual time=1128.045..1278.333 rows=219195 loops=3)
                                        Sort Key: item.i_category, item.i_brand, store.s_store_name, store.s_company_name, date_dim.d_year, date_dim.d_moy
                                        Sort Method: external merge  Disk: 35144kB
                                        Worker 0:  Sort Method: external merge  Disk: 29384kB
                                        Worker 1:  Sort Method: external merge  Disk: 29168kB
                                        ->  Hash Join  (cost=4716.17..93027.57 rows=6340 width=131) (actual time=32.224..375.231 rows=219195 loops=3)
                                              Hash Cond: (store_sales.ss_item_sk = item.i_item_sk)
                                              ->  Hash Join  (cost=3055.17..91349.93 rows=6340 width=37) (actual time=14.255..309.560 rows=219195 loops=3)
                                                    Hash Cond: (store_sales.ss_store_sk = store.s_store_sk)
                                                    ->  Hash Join  (cost=3053.90..91325.33 rows=6650 width=32) (actual time=14.210..271.681 rows=224566 loops=3)
                                                          Hash Cond: (store_sales.ss_sold_date_sk = date_dim.d_date_sk)
                                                          ->  Parallel Seq Scan on store_sales  (cost=0.00..85123.48 rows=1199148 width=32) (actual time=0.013..121.689 rows=959309 loops=3)
                                                          ->  Hash  (cost=3048.60..3048.60 rows=424 width=16) (actual time=14.179..14.180 rows=428 loops=3)
                                                                Buckets: 1024  Batches: 1  Memory Usage: 29kB
                                                                ->  Seq Scan on date_dim  (cost=0.00..3048.60 rows=424 width=16) (actual time=6.797..14.114 rows=428 loops=3)
                                                                      Filter: ((d_year = 2000) OR ((d_year = 1999) AND (d_moy = 12)) OR ((d_year = 2001) AND (d_moy = 1)))
                                                                      Rows Removed by Filter: 72621
                                                    ->  Hash  (cost=1.12..1.12 rows=12 width=21) (actual time=0.028..0.028 rows=12 loops=3)
                                                          Buckets: 1024  Batches: 1  Memory Usage: 9kB
                                                          ->  Seq Scan on store  (cost=0.00..1.12 rows=12 width=21) (actual time=0.021..0.024 rows=12 loops=3)
                                              ->  Hash  (cost=1436.00..1436.00 rows=18000 width=110) (actual time=17.845..17.845 rows=18000 loops=3)
                                                    Buckets: 32768  Batches: 1  Memory Usage: 2783kB
                                                    ->  Seq Scan on item  (cost=0.00..1436.00 rows=18000 width=110) (actual time=0.026..13.414 rows=18000 loops=3)
  ->  Sort  (cost=1788.12..1788.12 rows=1 width=688) (actual time=1903.305..1903.312 rows=100 loops=1)
        Sort Key: ((v1.sum_sales - v1.avg_monthly_sales)), v1_lead.sum_sales
        Sort Method: top-N heapsort  Memory: 72kB
        ->  Hash Join  (cost=1179.45..1788.11 rows=1 width=688) (actual time=1834.836..1889.758 rows=47527 loops=1)
              Hash Cond: ((v1_lead.i_category = v1.i_category) AND (v1_lead.i_brand = v1.i_brand) AND ((v1_lead.s_store_name)::text = (v1.s_store_name)::text) AND ((v1_lead.s_company_name)::text = (v1.s_company_name)::text) AND ((v1_lead.rn - 1) = v1.rn))
              ->  CTE Scan on v1 v1_lead  (cost=0.00..304.32 rows=15216 width=660) (actual time=1180.281..1189.248 rows=63634 loops=1)
              ->  Hash  (cost=1179.43..1179.43 rows=1 width=1332) (actual time=654.525..654.527 rows=49433 loops=1)
                    Buckets: 65536 (originally 1024)  Batches: 1 (originally 1)  Memory Usage: 15574kB
                    ->  Hash Join  (cost=570.78..1179.43 rows=1 width=1332) (actual time=574.672..628.483 rows=49433 loops=1)
                          Hash Cond: ((v1_lag.i_category = v1.i_category) AND (v1_lag.i_brand = v1.i_brand) AND ((v1_lag.s_store_name)::text = (v1.s_store_name)::text) AND ((v1_lag.s_company_name)::text = (v1.s_company_name)::text) AND ((v1_lag.rn + 1) = v1.rn))
                          ->  CTE Scan on v1 v1_lag  (cost=0.00..304.32 rows=15216 width=660) (actual time=0.000..8.348 rows=63634 loops=1)
                          ->  Hash  (cost=570.60..570.60 rows=8 width=672) (actual time=574.648..574.648 rows=49744 loops=1)
                                Buckets: 65536 (originally 1024)  Batches: 1 (originally 1)  Memory Usage: 9062kB
                                ->  CTE Scan on v1  (cost=0.00..570.60 rows=8 width=672) (actual time=0.234..553.515 rows=50212 loops=1)
                                      Filter: ((avg_monthly_sales > '0'::double precision) AND (d_year = 2000) AND (CASE WHEN (avg_monthly_sales > '0'::double precision) THEN (abs((sum_sales - avg_monthly_sales)) / avg_monthly_sales) ELSE NULL::double precision END > '0.1'::double precision))
                                      Rows Removed by Filter: 13422
                     i_category                     |                      i_brand                       | s_store_name | s_company_name | d_year | avg_monthly_sales  |     sum_sales      |        psum        |        nsum        
----------------------------------------------------+----------------------------------------------------+--------------+----------------+--------+--------------------+--------------------+--------------------+--------------------
 Women                                              | importoamalg #2                                    | able         | Unknown        |   2000 |  4987.115833333333 |            1520.05 |            3470.84 |            2381.02
 Women                                              | edu packamalg #2                                   | ation        | Unknown        |   2000 |  5278.168333333334 | 2006.2600000000002 | 3811.7800000000007 | 2582.1000000000004
 Women                                              | amalgamalg #2                                      | bar          | Unknown        |   2000 |  4190.719166666667 | 1002.9900000000002 | 1854.1599999999999 |            4658.85
 Children                                           | importoexporti #2                                  | eing         | Unknown        |   2000 |  5213.383333333333 | 2039.7299999999998 | 3349.1800000000003 |            2051.55
 Children                                           | importoexporti #2                                  | eing         | Unknown        |   2000 |  5213.383333333333 |            2051.55 | 2039.7299999999998 |            3293.67
 Music                                              | exportischolar #2                                  | able         | Unknown        |   2000 |  5285.770833333333 | 2150.7000000000003 |            3419.67 |            2639.88
 Women                                              | edu packamalg #2                                   | eing         | Unknown        |   2000 | 5282.5425000000005 |            2149.02 | 3112.5099999999993 | 2651.7799999999997
 Women                                              | edu packamalg #2                                   | ought        | Unknown        |   2000 | 5244.3516666666665 |            2200.42 |            2865.23 | 2276.2200000000003
 Women                                              | importoamalg #2                                    | bar          | Unknown        |   2000 |  5119.208333333333 | 2118.9500000000003 | 2519.7999999999997 | 2331.8500000000004
 Women                                              | edu packamalg #2                                   | ought        | Unknown        |   2000 | 5244.3516666666665 | 2276.2200000000003 |            2200.42 |            2344.06
 Children                                           | exportiexporti #2                                  | ought        | Unknown        |   2000 |  5040.269166666666 |               2074 | 3565.2699999999995 |            2897.34
 Shoes                                              | edu packedu pack #2                                | able         | Unknown        |   2000 |          4865.7175 | 1901.9399999999996 | 2946.0300000000007 |            3372.71
 Children                                           | exportiexporti #2                                  | bar          | Unknown        |   2000 |  5218.896666666667 | 2299.7200000000003 | 3446.4799999999996 |            2574.81
 Men                                                | amalgimporto #2                                    | ese          | Unknown        |   2000 |  4211.745000000001 |            1307.86 | 3470.4700000000003 | 2628.7200000000003
 Women                                              | edu packamalg #2                                   | ought        | Unknown        |   2000 | 5244.3516666666665 |            2344.06 | 2276.2200000000003 |            3141.39
 Children                                           | exportiexporti #2                                  | bar          | Unknown        |   2000 |  5218.896666666667 | 2323.2599999999998 | 3510.7099999999996 |            2671.67
 Men                                                | importoimporto #2                                  | bar          | Unknown        |   2000 |  4755.869166666666 |            1866.01 | 2121.6600000000003 |  5466.759999999999
 Women                                              | importoamalg #2                                    | ought        | Unknown        |   2000 | 4781.0408333333335 |            1893.92 | 2047.1900000000003 |            2350.37
 Women                                              | exportiamalg #2                                    | bar          | Unknown        |   2000 |            4832.35 | 1955.7799999999997 | 3370.5300000000007 | 2639.7799999999997
 Shoes                                              | exportiedu pack #2                                 | eing         | Unknown        |   2000 |           4749.695 |            1881.03 | 3795.4300000000003 | 3336.3199999999997
 Men                                                | edu packimporto #2                                 | able         | Unknown        |   2000 |  4546.610000000001 |            1686.25 |            2487.51 |            6399.83
 Shoes                                              | exportiedu pack #2                                 | ought        | Unknown        |   2000 |  4741.746666666667 | 1898.2900000000002 |            2371.54 | 3259.8999999999996
 Shoes                                              | amalgedu pack #2                                   | eing         | Unknown        |   2000 |  4944.814166666667 |            2105.19 | 2811.0600000000004 |            3029.04
 Shoes                                              | amalgedu pack #2                                   | bar          | Unknown        |   2000 | 4808.8983333333335 |            1975.15 |            3353.13 |            2882.77
 Shoes                                              | edu packedu pack #2                                | ought        | Unknown        |   2000 |  4646.401666666666 | 1819.1799999999998 |             2844.7 |            2192.47
 Women                                              | edu packamalg #2                                   | ese          | Unknown        |   2000 |  4905.264999999999 | 2089.2599999999998 |            3165.62 |            5508.86
 Music                                              | amalgscholar #2                                    | ought        | Unknown        |   2000 |  4567.535833333332 | 1762.8600000000001 |            2291.98 | 2424.1800000000003
 Children                                           | importoexporti #2                                  | eing         | Unknown        |   2000 |  5213.383333333333 | 2410.9399999999996 |            3293.67 | 2822.2799999999997
 Shoes                                              | edu packedu pack #2                                | eing         | Unknown        |   2000 |  4894.994166666666 |            2096.87 | 3107.9300000000003 | 2422.3599999999997
 Women                                              | importoamalg #2                                    | bar          | Unknown        |   2000 |  5119.208333333333 | 2331.8500000000004 | 2118.9500000000003 |  3608.789999999999
 Women                                              | exportiamalg #2                                    | ation        | Unknown        |   2000 |  4676.826666666667 |            1891.29 |            4936.57 |            3562.68
 Women                                              | edu packamalg #2                                   | ese          | Unknown        |   2000 |  4905.264999999999 |            2123.78 |            2473.67 |            4031.84
 Music                                              | exportischolar #2                                  | ation        | Unknown        |   2000 |  5245.617499999999 |            2471.87 | 3050.7400000000007 |             3022.7
 Children                                           | importoexporti #2                                  | ese          | Unknown        |   2000 | 5182.8758333333335 |            2409.76 |            3069.42 | 3139.9799999999996
 Shoes                                              | amalgedu pack #2                                   | ese          | Unknown        |   2000 | 4740.2699999999995 | 1977.0899999999997 |            2316.83 | 3260.2400000000002
 Children                                           | importoexporti #2                                  | bar          | Unknown        |   2000 |  4827.205833333334 |            2084.68 |            3341.64 | 3197.9800000000005
 Shoes                                              | amalgedu pack #2                                   | ation        | Unknown        |   2000 |  4888.493333333333 | 2154.2400000000002 |            2817.87 |            3155.69
 Women                                              | importoamalg #2                                    | ought        | Unknown        |   2000 | 4781.0408333333335 | 2047.1900000000003 |            2810.61 |            1893.92
 Women                                              | exportiamalg #2                                    | ese          | Unknown        |   2000 |  4542.595833333334 | 1808.8700000000001 |            2996.65 | 2692.9999999999995
 Children                                           | edu packexporti #2                                 | bar          | Unknown        |   2000 |  4269.971666666667 |            1537.61 | 2832.7600000000007 |            2217.82
 Music                                              | importoscholar #2                                  | eing         | Unknown        |   2000 |  4466.849166666666 |            1737.23 | 2729.2099999999996 |            2880.24
 Music                                              | exportischolar #2                                  | ese          | Unknown        |   2000 |  4892.219166666667 |            2166.45 |            2276.39 |            3265.48
 Men                                                | importoimporto #2                                  | able         | Unknown        |   2000 | 4659.2058333333325 | 1938.6000000000001 |             2993.4 |            3099.38
 Women                                              | exportiamalg #2                                    | eing         | Unknown        |   2000 |  4835.385833333334 | 2120.7200000000003 | 2768.0600000000004 |            7045.25
 Music                                              | exportischolar #2                                  | able         | Unknown        |   2000 |  5285.770833333333 |            2586.24 |            2890.27 | 3370.2200000000007
 Men                                                | importoimporto #2                                  | bar          | Unknown        |   2000 |  4755.869166666666 |             2057.4 |            2886.24 | 2397.1900000000005
 Women                                              | edu packamalg #2                                   | ation        | Unknown        |   2000 |  5278.168333333334 | 2582.1000000000004 | 2006.2600000000002 |            2599.68
 Women                                              | edu packamalg #2                                   | bar          | Unknown        |   2000 |  5099.050833333334 | 2410.5200000000004 |            4027.25 | 2945.3999999999996
 Women                                              | edu packamalg #2                                   | bar          | Unknown        |   2000 |  5099.050833333334 | 2414.1099999999997 | 2810.5099999999998 |            2724.99
 Women                                              | edu packamalg #2                                   | ation        | Unknown        |   2000 |  5278.168333333334 |            2599.68 | 2582.1000000000004 |  7079.159999999999
 Women                                              | edu packamalg #2                                   | eing         | Unknown        |   2000 | 5282.5425000000005 |            2611.56 |            4275.74 |            3573.58
 Music                                              | edu packscholar #2                                 | able         | Unknown        |   2000 |  4174.971666666667 | 1517.0699999999997 |            1926.92 |            2758.35
 Women                                              | edu packamalg #2                                   | ation        | Unknown        |   2000 |  5278.168333333334 |            2624.42 | 3309.3599999999997 | 3696.0299999999997
 Children                                           | exportiexporti #2                                  | eing         | Unknown        |   2000 |           5284.535 | 2633.5600000000004 |            2704.61 |            3234.99
 Shoes                                              | edu packedu pack #2                                | able         | Unknown        |   2000 |          4865.7175 | 2214.9399999999996 |            3372.71 | 2792.4399999999996
 Music                                              | importoscholar #2                                  | bar          | Unknown        |   2000 |  4693.870833333333 | 2043.4900000000002 |            2694.16 | 2622.9500000000003
 Music                                              | amalgscholar #2                                    | able         | Unknown        |   2000 |  4623.069166666666 |             1974.6 | 2650.0800000000004 | 3170.9300000000003
 Music                                              | exportischolar #2                                  | able         | Unknown        |   2000 |  5285.770833333333 |            2639.88 | 2150.7000000000003 | 2701.3100000000004
 Children                                           | exportiexporti #2                                  | bar          | Unknown        |   2000 |  5218.896666666667 |            2574.81 | 2299.7200000000003 |            4044.43
 Shoes                                              | amalgedu pack #2                                   | ought        | Unknown        |   2000 |  4753.055833333333 | 2110.3999999999996 |            2903.38 |            2813.79
 Men                                                | importoimporto #2                                  | bar          | Unknown        |   2000 |  4755.869166666666 | 2121.6600000000003 | 2170.2400000000002 |            1866.01
 Children                                           | edu packexporti #2                                 | eing         | Unknown        |   2000 |          4343.6875 | 1710.1100000000001 |            2372.53 |            1847.16
 Women                                              | edu packamalg #2                                   | eing         | Unknown        |   2000 | 5282.5425000000005 | 2651.7799999999997 |            2149.02 |            4099.49
 Women                                              | exportiamalg #2                                    | ation        | Unknown        |   2000 |  4676.826666666667 |            2048.41 | 3035.3500000000004 |            2959.01
 Music                                              | exportischolar #2                                  | eing         | Unknown        |   2000 |  5157.030833333334 |            2528.98 | 3688.7300000000005 |            2935.86
 Men                                                | amalgimporto #2                                    | bar          | Unknown        |   2000 |  4435.469166666667 | 1813.1599999999999 |             2929.2 |            2285.09
 Children                                           | importoexporti #2                                  | ought        | Unknown        |   2000 |  4672.738333333334 | 2052.9100000000003 |            3306.18 | 2549.8599999999997
 Men                                                | importoimporto #2                                  | ought        | Unknown        |   2000 | 4356.3358333333335 | 1738.8899999999999 | 2068.0299999999997 |            2294.79
 Music                                              | exportischolar #2                                  | ese          | Unknown        |   2000 |  4892.219166666667 |            2276.39 | 3048.6899999999996 |            2166.45
 Music                                              | importoscholar #2                                  | ought        | Unknown        |   2000 |            4488.81 | 1873.3999999999996 |            2317.09 |             2172.3
 Shoes                                              | edu packedu pack #2                                | ation        | Unknown        |   2000 |  5075.028333333333 | 2459.8599999999997 |            3476.57 | 2870.7200000000003
 Children                                           | exportiexporti #2                                  | eing         | Unknown        |   2000 |           5284.535 | 2676.9300000000003 | 3362.8700000000003 |            2755.46
 Women                                              | importoamalg #2                                    | able         | Unknown        |   2000 |  4987.115833333333 |            2381.02 |            1520.05 |  5137.169999999998
 Children                                           | amalgexporti #2                                    | able         | Unknown        |   2000 |  4406.780833333333 | 1801.4299999999998 |            2977.42 | 2171.2299999999996
 Shoes                                              | amalgedu pack #2                                   | ation        | Unknown        |   2000 |  4888.493333333333 |            2283.35 |            3860.87 | 3486.4900000000007
 Women                                              | importoamalg #2                                    | bar          | Unknown        |   2000 |  5119.208333333333 | 2519.7999999999997 |            5395.34 | 2118.9500000000003
 Shoes                                              | exportiedu pack #2                                 | able         | Unknown        |   2000 |            4856.66 | 2257.7700000000004 | 3917.4300000000003 |            2860.12
 Men                                                | amalgimporto #2                                    | bar          | Unknown        |   2000 |  4435.469166666667 |            1837.61 | 2323.9100000000003 |             2779.5
 Men                                                | edu packimporto #2                                 | ese          | Unknown        |   2000 | 3980.5525000000002 |            1384.46 | 2943.0099999999998 |            2388.96
 Women                                              | importoamalg #2                                    | ation        | Unknown        |   2000 |           4636.245 |             2043.1 |             3313.7 | 2305.4700000000003
 Women                                              | importoamalg #2                                    | ought        | Unknown        |   2000 | 4781.0408333333335 | 2194.4100000000003 | 3830.7099999999996 | 2764.7200000000003
 Men                                                | importoimporto #2                                  | bar          | Unknown        |   2000 |  4755.869166666666 | 2170.2400000000002 |            3229.53 | 2121.6600000000003
 Men                                                | exportiimporto #2                                  | bar          | Unknown        |   2000 |           3996.285 |            1411.77 |            2405.17 |            4864.67
 Music                                              | exportischolar #2                                  | able         | Unknown        |   2000 |  5285.770833333333 | 2701.3100000000004 |            2639.88 |  7412.370000000001
 Women                                              | exportiamalg #2                                    | ought        | Unknown        |   2000 |  4672.904166666667 |            2091.64 | 2313.6899999999996 |            2607.16
 Children                                           | exportiexporti #2                                  | eing         | Unknown        |   2000 |           5284.535 |            2704.61 |            3330.42 | 2633.5600000000004
 Men                                                | importoimporto #2                                  | ought        | Unknown        |   2000 | 4356.3358333333335 |            1778.09 | 3402.2200000000003 |            2878.46
 Music                                              | edu packscholar #2                                 | ese          | Unknown        |   2000 | 3984.8641666666663 |            1419.13 |               1951 | 5681.4400000000005
 Children                                           | amalgexporti #2                                    | ought        | Unknown        |   2000 |  4267.636666666666 | 1702.2199999999998 |            2253.64 |            1782.55
 Men                                                | amalgimporto #2                                    | eing         | Unknown        |   2000 |  4497.761666666666 |            1935.71 | 2915.7499999999995 |            2722.78
 Shoes                                              | exportiedu pack #2                                 | ought        | Unknown        |   2000 |  4741.746666666667 |            2186.87 |  3189.510000000001 | 2958.4400000000005
 Shoes                                              | amalgedu pack #2                                   | bar          | Unknown        |   2000 | 4808.8983333333335 |             2254.3 | 2902.4299999999994 | 3116.5299999999997
 Women                                              | edu packamalg #2                                   | able         | Unknown        |   2000 |  5067.563333333333 | 2519.7799999999997 |            2904.96 |  2688.540000000001
 Children                                           | exportiexporti #2                                  | bar          | Unknown        |   2000 |  5218.896666666667 |            2671.67 | 2323.2599999999998 |  7230.950000000002
 Women                                              | exportiamalg #2                                    | bar          | Unknown        |   2000 |            4832.35 |            2285.98 | 2639.7799999999997 | 3623.5899999999997
 Music                                              | exportischolar #2                                  | ought        | Unknown        |   2000 |  4670.264166666667 |            2124.24 | 2687.8199999999997 | 2341.6800000000003
 Shoes                                              | exportiedu pack #2                                 | bar          | Unknown        |   2000 |  4562.193333333334 | 2021.5900000000001 |            2221.36 | 2843.4399999999996
 Children                                           | exportiexporti #2                                  | ese          | Unknown        |   2000 |  5310.774166666666 | 2775.1000000000004 |            2929.26 |            3741.08
 Children                                           | exportiexporti #2                                  | eing         | Unknown        |   2000 |           5284.535 |            2755.46 | 2676.9300000000003 |  6694.950000000001
 Men                                                | amalgimporto #2                                    | ought        | Unknown        |   2000 |  4539.565833333334 | 2014.4700000000003 | 2914.0299999999997 |            3220.84
(100 rows)

UPDATE time_statistics SET e_time = TRANSACTION_TIMESTAMP() WHERE template = 'query47.tpl' AND stream = 0;
psql:/tmp/s1-basline/power/query_0.sql:2306: NOTICE:  duration: 0.034 ms  plan:
Query Text: UPDATE time_statistics SET e_time = TRANSACTION_TIMESTAMP() WHERE template = 'query47.tpl' AND stream = 0;
Update on time_statistics  (cost=0.00..1.42 rows=0 width=0) (actual time=0.034..0.034 rows=0 loops=1)
  ->  Seq Scan on time_statistics  (cost=0.00..1.42 rows=1 width=14) (actual time=0.019..0.020 rows=1 loops=1)
        Filter: ((template = 'query47.tpl'::text) AND (stream = 0))
        Rows Removed by Filter: 47
UPDATE 1
LOAD 'auto_explain'; SET auto_explain.log_min_duration TO 0; SET auto_explain.log_analyze TO on; SET auto_explain.log_level TO notice; INSERT INTO time_statistics (template, s_time, stream, query, seed) VALUES ('query48.tpl', TRANSACTION_TIMESTAMP(), 0, 48, 1998003120);
LOAD
SET
SET
SET
psql:/tmp/s1-basline/power/query_0.sql:2307: NOTICE:  duration: 0.010 ms  plan:
Query Text: INSERT INTO time_statistics (template, s_time, stream, query, seed) VALUES ('query48.tpl', TRANSACTION_TIMESTAMP(), 0, 48, 1998003120);
Insert on time_statistics  (cost=0.00..0.01 rows=0 width=0) (actual time=0.009..0.010 rows=0 loops=1)
  ->  Result  (cost=0.00..0.01 rows=1 width=64) (actual time=0.002..0.002 rows=1 loops=1)
INSERT 0 1
select sum (ss_quantity)
 from store_sales, store, customer_demographics, customer_address, date_dim
 where s_store_sk = ss_store_sk
 and  ss_sold_date_sk = d_date_sk and d_year = 2000
 and  
 (
  (
   cd_demo_sk = ss_cdemo_sk
   and 
   cd_marital_status = 'M'
   and 
   cd_education_status = '4 yr Degree'
   and 
   ss_sales_price between 100.00 and 150.00  
   )
 or
  (
  cd_demo_sk = ss_cdemo_sk
   and 
   cd_marital_status = 'W'
   and 
   cd_education_status = 'College'
   and 
   ss_sales_price between 50.00 and 100.00   
  )
 or 
 (
  cd_demo_sk = ss_cdemo_sk
  and 
   cd_marital_status = 'S'
   and 
   cd_education_status = 'Advanced Degree'
   and 
   ss_sales_price between 150.00 and 200.00  
 )
 )
 and
 (
  (
  ss_addr_sk = ca_address_sk
  and
  ca_country = 'United States'
  and
  ca_state in ('KY', 'WY', 'ND')
  and ss_net_profit between 0 and 2000  
  )
 or
  (ss_addr_sk = ca_address_sk
  and
  ca_country = 'United States'
  and
  ca_state in ('ME', 'VA', 'ID')
  and ss_net_profit between 150 and 3000 
  )
 or
  (ss_addr_sk = ca_address_sk
  and
  ca_country = 'United States'
  and
  ca_state in ('OK', 'IA', 'AR')
  and ss_net_profit between 50 and 25000 
  )
 )
;
psql:/tmp/s1-basline/power/query_0.sql:2371: NOTICE:  duration: 449.981 ms  plan:
Query Text: select sum (ss_quantity)
 from store_sales, store, customer_demographics, customer_address, date_dim
 where s_store_sk = ss_store_sk
 and  ss_sold_date_sk = d_date_sk and d_year = 2000
 and  
 (
  (
   cd_demo_sk = ss_cdemo_sk
   and 
   cd_marital_status = 'M'
   and 
   cd_education_status = '4 yr Degree'
   and 
   ss_sales_price between 100.00 and 150.00  
   )
 or
  (
  cd_demo_sk = ss_cdemo_sk
   and 
   cd_marital_status = 'W'
   and 
   cd_education_status = 'College'
   and 
   ss_sales_price between 50.00 and 100.00   
  )
 or 
 (
  cd_demo_sk = ss_cdemo_sk
  and 
   cd_marital_status = 'S'
   and 
   cd_education_status = 'Advanced Degree'
   and 
   ss_sales_price between 150.00 and 200.00  
 )
 )
 and
 (
  (
  ss_addr_sk = ca_address_sk
  and
  ca_country = 'United States'
  and
  ca_state in ('KY', 'WY', 'ND')
  and ss_net_profit between 0 and 2000  
  )
 or
  (ss_addr_sk = ca_address_sk
  and
  ca_country = 'United States'
  and
  ca_state in ('ME', 'VA', 'ID')
  and ss_net_profit between 150 and 3000 
  )
 or
  (ss_addr_sk = ca_address_sk
  and
  ca_country = 'United States'
  and
  ca_state in ('OK', 'IA', 'AR')
  and ss_net_profit between 50 and 25000 
  )
 )
;
Aggregate  (cost=111052.05..111052.06 rows=1 width=8) (actual time=449.972..449.974 rows=1 loops=1)
  ->  Nested Loop  (cost=1.15..111052.04 rows=4 width=4) (actual time=12.111..449.942 rows=408 loops=1)
        Join Filter: (store_sales.ss_store_sk = store.s_store_sk)
        Rows Removed by Join Filter: 4488
        ->  Seq Scan on store  (cost=0.00..1.12 rows=12 width=8) (actual time=0.003..0.005 rows=12 loops=1)
        ->  Materialize  (cost=1.15..111050.21 rows=4 width=12) (actual time=0.599..37.468 rows=408 loops=12)
              ->  Nested Loop  (cost=1.15..111050.19 rows=4 width=12) (actual time=7.185..449.302 rows=408 loops=1)
                    ->  Nested Loop  (cost=0.72..110973.31 rows=133 width=28) (actual time=4.139..408.313 rows=13886 loops=1)
                          ->  Nested Loop  (cost=0.43..110330.67 rows=1779 width=44) (actual time=4.130..241.302 rows=85874 loops=1)
                                ->  Seq Scan on date_dim  (cost=0.00..2318.11 rows=363 width=8) (actual time=4.114..8.668 rows=366 loops=1)
                                      Filter: (d_year = 2000)
                                      Rows Removed by Filter: 72683
                                ->  Index Scan using i_ss_sold_date_sk on store_sales  (cost=0.43..295.60 rows=196 width=52) (actual time=0.007..0.614 rows=235 loops=366)
                                      Index Cond: (ss_sold_date_sk = date_dim.d_date_sk)
                                      Filter: ((((ss_sales_price >= '100'::double precision) AND (ss_sales_price <= '150'::double precision)) OR ((ss_sales_price >= '50'::double precision) AND (ss_sales_price <= '100'::double precision)) OR ((ss_sales_price >= '150'::double precision) AND (ss_sales_price <= '200'::double precision))) AND (((ss_net_profit >= '0'::double precision) AND (ss_net_profit <= '2000'::double precision)) OR ((ss_net_profit >= '150'::double precision) AND (ss_net_profit <= '3000'::double precision)) OR ((ss_net_profit >= '50'::double precision) AND (ss_net_profit <= '25000'::double precision))))
                                      Rows Removed by Filter: 1272
                          ->  Index Scan using pk_customer_address on customer_address  (cost=0.29..0.35 rows=1 width=11) (actual time=0.002..0.002 rows=0 loops=85874)
                                Index Cond: (ca_address_sk = store_sales.ss_addr_sk)
                                Filter: (((ca_country)::text = 'United States'::text) AND ((ca_state = ANY ('{KY,WY,ND}'::bpchar[])) OR (ca_state = ANY ('{ME,VA,ID}'::bpchar[])) OR (ca_state = ANY ('{OK,IA,AR}'::bpchar[]))) AND (((ca_state = ANY ('{KY,WY,ND}'::bpchar[])) AND (store_sales.ss_net_profit >= '0'::double precision) AND (store_sales.ss_net_profit <= '2000'::double precision)) OR ((ca_state = ANY ('{ME,VA,ID}'::bpchar[])) AND (store_sales.ss_net_profit >= '150'::double precision) AND (store_sales.ss_net_profit <= '3000'::double precision)) OR ((ca_state = ANY ('{OK,IA,AR}'::bpchar[])) AND (store_sales.ss_net_profit >= '50'::double precision) AND (store_sales.ss_net_profit <= '25000'::double precision))))
                                Rows Removed by Filter: 1
                    ->  Index Scan using pk_customer_demographics on customer_demographics  (cost=0.43..0.57 rows=1 width=31) (actual time=0.003..0.003 rows=0 loops=13886)
                          Index Cond: (cd_demo_sk = store_sales.ss_cdemo_sk)
                          Filter: ((((cd_marital_status = 'M'::bpchar) AND (cd_education_status = '4 yr Degree'::bpchar)) OR ((cd_marital_status = 'W'::bpchar) AND (cd_education_status = 'College'::bpchar)) OR ((cd_marital_status = 'S'::bpchar) AND (cd_education_status = 'Advanced Degree'::bpchar))) AND (((cd_marital_status = 'M'::bpchar) AND (cd_education_status = '4 yr Degree'::bpchar) AND (store_sales.ss_sales_price >= '100'::double precision) AND (store_sales.ss_sales_price <= '150'::double precision)) OR ((cd_marital_status = 'W'::bpchar) AND (cd_education_status = 'College'::bpchar) AND (store_sales.ss_sales_price >= '50'::double precision) AND (store_sales.ss_sales_price <= '100'::double precision)) OR ((cd_marital_status = 'S'::bpchar) AND (cd_education_status = 'Advanced Degree'::bpchar) AND (store_sales.ss_sales_price >= '150'::double precision) AND (store_sales.ss_sales_price <= '200'::double precision))))
                          Rows Removed by Filter: 1
  sum  
-------
 20102
(1 row)

UPDATE time_statistics SET e_time = TRANSACTION_TIMESTAMP() WHERE template = 'query48.tpl' AND stream = 0;
psql:/tmp/s1-basline/power/query_0.sql:2373: NOTICE:  duration: 0.030 ms  plan:
Query Text: UPDATE time_statistics SET e_time = TRANSACTION_TIMESTAMP() WHERE template = 'query48.tpl' AND stream = 0;
Update on time_statistics  (cost=0.00..1.42 rows=0 width=0) (actual time=0.030..0.030 rows=0 loops=1)
  ->  Seq Scan on time_statistics  (cost=0.00..1.42 rows=1 width=14) (actual time=0.014..0.014 rows=1 loops=1)
        Filter: ((template = 'query48.tpl'::text) AND (stream = 0))
        Rows Removed by Filter: 48
UPDATE 1
LOAD 'auto_explain'; SET auto_explain.log_min_duration TO 0; SET auto_explain.log_analyze TO on; SET auto_explain.log_level TO notice; INSERT INTO time_statistics (template, s_time, stream, query, seed) VALUES ('../query_postgresql/query49.tpl', TRANSACTION_TIMESTAMP(), 0, 49, 231810463);
LOAD
SET
SET
SET
psql:/tmp/s1-basline/power/query_0.sql:2374: NOTICE:  duration: 0.009 ms  plan:
Query Text: INSERT INTO time_statistics (template, s_time, stream, query, seed) VALUES ('../query_postgresql/query49.tpl', TRANSACTION_TIMESTAMP(), 0, 49, 231810463);
Insert on time_statistics  (cost=0.00..0.01 rows=0 width=0) (actual time=0.008..0.009 rows=0 loops=1)
  ->  Result  (cost=0.00..0.01 rows=1 width=64) (actual time=0.001..0.002 rows=1 loops=1)
INSERT 0 1
select  channel, item, return_ratio, return_rank, currency_rank from
 (select
 'web' as channel
 ,web.item
 ,web.return_ratio
 ,web.return_rank
 ,web.currency_rank
 from (
 	select 
 	 item
 	,return_ratio
 	,currency_ratio
 	,rank() over (order by return_ratio) as return_rank
 	,rank() over (order by currency_ratio) as currency_rank
 	from
 	(	select ws.ws_item_sk as item
 		,(cast(sum(coalesce(wr.wr_return_quantity,0)) as decimal(15,4))/
 		cast(sum(coalesce(ws.ws_quantity,0)) as decimal(15,4) )) as return_ratio
 		,(cast(sum(coalesce(wr.wr_return_amt,0)) as decimal(15,4))/
 		cast(sum(coalesce(ws.ws_net_paid,0)) as decimal(15,4) )) as currency_ratio
 		from 
 		 web_sales ws left outer join web_returns wr 
 			on (ws.ws_order_number = wr.wr_order_number and 
 			ws.ws_item_sk = wr.wr_item_sk)
                 ,date_dim
 		where 
 			wr.wr_return_amt > 10000 
 			and ws.ws_net_profit > 1
                         and ws.ws_net_paid > 0
                         and ws.ws_quantity > 0
                         and ws_sold_date_sk = d_date_sk
                         and d_year = 2001
                         and d_moy = 12
 		group by ws.ws_item_sk
 	) in_web
 ) web
 where 
 (
 web.return_rank <= 10
 or
 web.currency_rank <= 10
 )
 union
 select 
 'catalog' as channel
 ,catalog.item
 ,catalog.return_ratio
 ,catalog.return_rank
 ,catalog.currency_rank
 from (
 	select 
 	 item
 	,return_ratio
 	,currency_ratio
 	,rank() over (order by return_ratio) as return_rank
 	,rank() over (order by currency_ratio) as currency_rank
 	from
 	(	select 
 		cs.cs_item_sk as item
 		,(cast(sum(coalesce(cr.cr_return_quantity,0)) as decimal(15,4))/
 		cast(sum(coalesce(cs.cs_quantity,0)) as decimal(15,4) )) as return_ratio
 		,(cast(sum(coalesce(cr.cr_return_amount,0)) as decimal(15,4))/
 		cast(sum(coalesce(cs.cs_net_paid,0)) as decimal(15,4) )) as currency_ratio
 		from 
 		catalog_sales cs left outer join catalog_returns cr
 			on (cs.cs_order_number = cr.cr_order_number and 
 			cs.cs_item_sk = cr.cr_item_sk)
                ,date_dim
 		where 
 			cr.cr_return_amount > 10000 
 			and cs.cs_net_profit > 1
                         and cs.cs_net_paid > 0
                         and cs.cs_quantity > 0
                         and cs_sold_date_sk = d_date_sk
                         and d_year = 2001
                         and d_moy = 12
                 group by cs.cs_item_sk
 	) in_cat
 ) catalog
 where 
 (
 catalog.return_rank <= 10
 or
 catalog.currency_rank <=10
 )
 union
 select 
 'store' as channel
 ,store.item
 ,store.return_ratio
 ,store.return_rank
 ,store.currency_rank
 from (
 	select 
 	 item
 	,return_ratio
 	,currency_ratio
 	,rank() over (order by return_ratio) as return_rank
 	,rank() over (order by currency_ratio) as currency_rank
 	from
 	(	select sts.ss_item_sk as item
 		,(cast(sum(coalesce(sr.sr_return_quantity,0)) as decimal(15,4))/cast(sum(coalesce(sts.ss_quantity,0)) as decimal(15,4) )) as return_ratio
 		,(cast(sum(coalesce(sr.sr_return_amt,0)) as decimal(15,4))/cast(sum(coalesce(sts.ss_net_paid,0)) as decimal(15,4) )) as currency_ratio
 		from 
 		store_sales sts left outer join store_returns sr
 			on (sts.ss_ticket_number = sr.sr_ticket_number and sts.ss_item_sk = sr.sr_item_sk)
                ,date_dim
 		where 
 			sr.sr_return_amt > 10000 
 			and sts.ss_net_profit > 1
                         and sts.ss_net_paid > 0 
                         and sts.ss_quantity > 0
                         and ss_sold_date_sk = d_date_sk
                         and d_year = 2001
                         and d_moy = 12
 		group by sts.ss_item_sk
 	) in_store
 ) store
 where  (
 store.return_rank <= 10
 or 
 store.currency_rank <= 10
 )
 ) query49
 order by 1,4,5,2
 limit 100;
psql:/tmp/s1-basline/power/query_0.sql:2500: NOTICE:  duration: 111.947 ms  plan:
Query Text: select  channel, item, return_ratio, return_rank, currency_rank from
 (select
 'web' as channel
 ,web.item
 ,web.return_ratio
 ,web.return_rank
 ,web.currency_rank
 from (
 	select 
 	 item
 	,return_ratio
 	,currency_ratio
 	,rank() over (order by return_ratio) as return_rank
 	,rank() over (order by currency_ratio) as currency_rank
 	from
 	(	select ws.ws_item_sk as item
 		,(cast(sum(coalesce(wr.wr_return_quantity,0)) as decimal(15,4))/
 		cast(sum(coalesce(ws.ws_quantity,0)) as decimal(15,4) )) as return_ratio
 		,(cast(sum(coalesce(wr.wr_return_amt,0)) as decimal(15,4))/
 		cast(sum(coalesce(ws.ws_net_paid,0)) as decimal(15,4) )) as currency_ratio
 		from 
 		 web_sales ws left outer join web_returns wr 
 			on (ws.ws_order_number = wr.wr_order_number and 
 			ws.ws_item_sk = wr.wr_item_sk)
                 ,date_dim
 		where 
 			wr.wr_return_amt > 10000 
 			and ws.ws_net_profit > 1
                         and ws.ws_net_paid > 0
                         and ws.ws_quantity > 0
                         and ws_sold_date_sk = d_date_sk
                         and d_year = 2001
                         and d_moy = 12
 		group by ws.ws_item_sk
 	) in_web
 ) web
 where 
 (
 web.return_rank <= 10
 or
 web.currency_rank <= 10
 )
 union
 select 
 'catalog' as channel
 ,catalog.item
 ,catalog.return_ratio
 ,catalog.return_rank
 ,catalog.currency_rank
 from (
 	select 
 	 item
 	,return_ratio
 	,currency_ratio
 	,rank() over (order by return_ratio) as return_rank
 	,rank() over (order by currency_ratio) as currency_rank
 	from
 	(	select 
 		cs.cs_item_sk as item
 		,(cast(sum(coalesce(cr.cr_return_quantity,0)) as decimal(15,4))/
 		cast(sum(coalesce(cs.cs_quantity,0)) as decimal(15,4) )) as return_ratio
 		,(cast(sum(coalesce(cr.cr_return_amount,0)) as decimal(15,4))/
 		cast(sum(coalesce(cs.cs_net_paid,0)) as decimal(15,4) )) as currency_ratio
 		from 
 		catalog_sales cs left outer join catalog_returns cr
 			on (cs.cs_order_number = cr.cr_order_number and 
 			cs.cs_item_sk = cr.cr_item_sk)
                ,date_dim
 		where 
 			cr.cr_return_amount > 10000 
 			and cs.cs_net_profit > 1
                         and cs.cs_net_paid > 0
                         and cs.cs_quantity > 0
                         and cs_sold_date_sk = d_date_sk
                         and d_year = 2001
                         and d_moy = 12
                 group by cs.cs_item_sk
 	) in_cat
 ) catalog
 where 
 (
 catalog.return_rank <= 10
 or
 catalog.currency_rank <=10
 )
 union
 select 
 'store' as channel
 ,store.item
 ,store.return_ratio
 ,store.return_rank
 ,store.currency_rank
 from (
 	select 
 	 item
 	,return_ratio
 	,currency_ratio
 	,rank() over (order by return_ratio) as return_rank
 	,rank() over (order by currency_ratio) as currency_rank
 	from
 	(	select sts.ss_item_sk as item
 		,(cast(sum(coalesce(sr.sr_return_quantity,0)) as decimal(15,4))/cast(sum(coalesce(sts.ss_quantity,0)) as decimal(15,4) )) as return_ratio
 		,(cast(sum(coalesce(sr.sr_return_amt,0)) as decimal(15,4))/cast(sum(coalesce(sts.ss_net_paid,0)) as decimal(15,4) )) as currency_ratio
 		from 
 		store_sales sts left outer join store_returns sr
 			on (sts.ss_ticket_number = sr.sr_ticket_number and sts.ss_item_sk = sr.sr_item_sk)
                ,date_dim
 		where 
 			sr.sr_return_amt > 10000 
 			and sts.ss_net_profit > 1
                         and sts.ss_net_paid > 0 
                         and sts.ss_quantity > 0
                         and ss_sold_date_sk = d_date_sk
                         and d_year = 2001
                         and d_moy = 12
 		group by sts.ss_item_sk
 	) in_store
 ) store
 where  (
 store.return_rank <= 10
 or 
 store.currency_rank <= 10
 )
 ) query49
 order by 1,4,5,2
 limit 100;
Limit  (cost=22634.64..22634.65 rows=3 width=88) (actual time=111.908..111.926 rows=26 loops=1)
  ->  Sort  (cost=22634.64..22634.65 rows=3 width=88) (actual time=111.907..111.922 rows=26 loops=1)
        Sort Key: ('web'::text), web.return_rank, web.currency_rank, web.item
        Sort Method: quicksort  Memory: 27kB
        ->  HashAggregate  (cost=22634.56..22634.59 rows=3 width=88) (actual time=111.880..111.898 rows=26 loops=1)
              Group Key: ('web'::text), web.item, web.return_ratio, web.return_rank, web.currency_rank
              Batches: 1  Memory Usage: 24kB
              ->  Append  (cost=4434.66..22634.52 rows=3 width=88) (actual time=14.415..111.872 rows=26 loops=1)
                    ->  Subquery Scan on web  (cost=4434.66..4434.69 rows=1 width=88) (actual time=14.414..14.435 rows=11 loops=1)
                          Filter: ((web.return_rank <= 10) OR (web.currency_rank <= 10))
                          Rows Removed by Filter: 9
                          ->  WindowAgg  (cost=4434.66..4434.68 rows=1 width=88) (actual time=14.413..14.431 rows=20 loops=1)
                                ->  Sort  (cost=4434.66..4434.66 rows=1 width=80) (actual time=14.410..14.415 rows=20 loops=1)
                                      Sort Key: in_web.return_ratio
                                      Sort Method: quicksort  Memory: 26kB
                                      ->  WindowAgg  (cost=4434.63..4434.65 rows=1 width=80) (actual time=14.387..14.406 rows=20 loops=1)
                                            ->  Sort  (cost=4434.63..4434.63 rows=1 width=72) (actual time=14.381..14.386 rows=20 loops=1)
                                                  Sort Key: in_web.currency_ratio
                                                  Sort Method: quicksort  Memory: 26kB
                                                  ->  Subquery Scan on in_web  (cost=4434.56..4434.62 rows=1 width=72) (actual time=14.322..14.376 rows=20 loops=1)
                                                        ->  GroupAggregate  (cost=4434.56..4434.61 rows=1 width=72) (actual time=14.322..14.373 rows=20 loops=1)
                                                              Group Key: ws.ws_item_sk
                                                              ->  Sort  (cost=4434.56..4434.56 rows=1 width=32) (actual time=14.303..14.307 rows=20 loops=1)
                                                                    Sort Key: ws.ws_item_sk
                                                                    Sort Method: quicksort  Memory: 26kB
                                                                    ->  Nested Loop  (cost=0.72..4434.55 rows=1 width=32) (actual time=0.490..14.295 rows=20 loops=1)
                                                                          ->  Nested Loop  (cost=0.42..4434.22 rows=1 width=40) (actual time=0.031..13.441 rows=545 loops=1)
                                                                                ->  Seq Scan on web_returns wr  (cost=0.00..2789.69 rows=654 width=28) (actual time=0.022..10.970 rows=601 loops=1)
                                                                                      Filter: (wr_return_amt > '10000'::double precision)
                                                                                      Rows Removed by Filter: 71214
                                                                                ->  Index Scan using pk_web_sales on web_sales ws  (cost=0.42..2.51 rows=1 width=36) (actual time=0.004..0.004 rows=1 loops=601)
                                                                                      Index Cond: ((ws_item_sk = wr.wr_item_sk) AND (ws_order_number = wr.wr_order_number))
                                                                                      Filter: ((ws_net_profit > '1'::double precision) AND (ws_net_paid > '0'::double precision) AND (ws_quantity > 0))
                                                                                      Rows Removed by Filter: 0
                                                                          ->  Index Scan using pk_date_dim on date_dim  (cost=0.29..0.32 rows=1 width=8) (actual time=0.001..0.001 rows=0 loops=545)
                                                                                Index Cond: (d_date_sk = ws.ws_sold_date_sk)
                                                                                Filter: ((d_year = 2001) AND (d_moy = 12))
                                                                                Rows Removed by Filter: 1
                    ->  Subquery Scan on catalog  (cost=4334.64..4334.67 rows=1 width=88) (actual time=56.441..56.472 rows=10 loops=1)
                          Filter: ((catalog.return_rank <= 10) OR (catalog.currency_rank <= 10))
                          Rows Removed by Filter: 25
                          ->  WindowAgg  (cost=4334.64..4334.66 rows=1 width=88) (actual time=56.440..56.467 rows=35 loops=1)
                                ->  Sort  (cost=4334.64..4334.64 rows=1 width=80) (actual time=56.437..56.442 rows=35 loops=1)
                                      Sort Key: in_cat.return_ratio
                                      Sort Method: quicksort  Memory: 27kB
                                      ->  WindowAgg  (cost=4334.61..4334.63 rows=1 width=80) (actual time=56.400..56.428 rows=35 loops=1)
                                            ->  Sort  (cost=4334.61..4334.61 rows=1 width=72) (actual time=56.394..56.398 rows=35 loops=1)
                                                  Sort Key: in_cat.currency_ratio
                                                  Sort Method: quicksort  Memory: 27kB
                                                  ->  Subquery Scan on in_cat  (cost=4334.54..4334.60 rows=1 width=72) (actual time=56.293..56.384 rows=35 loops=1)
                                                        ->  GroupAggregate  (cost=4334.54..4334.59 rows=1 width=72) (actual time=56.292..56.380 rows=35 loops=1)
                                                              Group Key: cs.cs_item_sk
                                                              ->  Sort  (cost=4334.54..4334.54 rows=1 width=32) (actual time=56.271..56.275 rows=35 loops=1)
                                                                    Sort Key: cs.cs_item_sk
                                                                    Sort Method: quicksort  Memory: 27kB
                                                                    ->  Nested Loop  (cost=0.85..4334.53 rows=1 width=32) (actual time=5.706..56.260 rows=35 loops=1)
                                                                          ->  Nested Loop  (cost=0.43..4228.74 rows=234 width=28) (actual time=4.337..27.240 rows=18908 loops=1)
                                                                                ->  Seq Scan on date_dim date_dim_1  (cost=0.00..2500.73 rows=31 width=8) (actual time=4.320..8.808 rows=31 loops=1)
                                                                                      Filter: ((d_year = 2001) AND (d_moy = 12))
                                                                                      Rows Removed by Filter: 73018
                                                                                ->  Index Scan using i_cs_sold_date_sk on catalog_sales cs  (cost=0.43..52.73 rows=301 width=36) (actual time=0.006..0.545 rows=610 loops=31)
                                                                                      Index Cond: (cs_sold_date_sk = date_dim_1.d_date_sk)
                                                                                      Filter: ((cs_net_profit > '1'::double precision) AND (cs_net_paid > '0'::double precision) AND (cs_quantity > 0))
                                                                                      Rows Removed by Filter: 950
                                                                          ->  Index Scan using pk_catalog_returns on catalog_returns cr  (cost=0.42..0.45 rows=1 width=28) (actual time=0.001..0.001 rows=0 loops=18908)
                                                                                Index Cond: ((cr_item_sk = cs.cs_item_sk) AND (cr_order_number = cs.cs_order_number))
                                                                                Filter: (cr_return_amount > '10000'::double precision)
                                                                                Rows Removed by Filter: 0
                    ->  Subquery Scan on store  (cost=13865.07..13865.11 rows=1 width=88) (actual time=40.953..40.959 rows=5 loops=1)
                          Filter: ((store.return_rank <= 10) OR (store.currency_rank <= 10))
                          ->  WindowAgg  (cost=13865.07..13865.09 rows=1 width=88) (actual time=40.952..40.957 rows=5 loops=1)
                                ->  Sort  (cost=13865.07..13865.08 rows=1 width=80) (actual time=40.949..40.950 rows=5 loops=1)
                                      Sort Key: in_store.return_ratio
                                      Sort Method: quicksort  Memory: 25kB
                                      ->  WindowAgg  (cost=13865.04..13865.06 rows=1 width=80) (actual time=40.937..40.943 rows=5 loops=1)
                                            ->  Sort  (cost=13865.04..13865.05 rows=1 width=72) (actual time=40.930..40.931 rows=5 loops=1)
                                                  Sort Key: in_store.currency_ratio
                                                  Sort Method: quicksort  Memory: 25kB
                                                  ->  Subquery Scan on in_store  (cost=13864.97..13865.03 rows=1 width=72) (actual time=40.910..40.926 rows=5 loops=1)
                                                        ->  GroupAggregate  (cost=13864.97..13865.02 rows=1 width=72) (actual time=40.909..40.924 rows=5 loops=1)
                                                              Group Key: sts.ss_item_sk
                                                              ->  Sort  (cost=13864.97..13864.98 rows=1 width=32) (actual time=40.890..40.891 rows=5 loops=1)
                                                                    Sort Key: sts.ss_item_sk
                                                                    Sort Method: quicksort  Memory: 25kB
                                                                    ->  Nested Loop  (cost=0.72..13864.96 rows=1 width=32) (actual time=16.562..40.882 rows=5 loops=1)
                                                                          ->  Nested Loop  (cost=0.43..13864.64 rows=1 width=40) (actual time=0.105..40.273 rows=348 loops=1)
                                                                                ->  Seq Scan on store_returns sr  (cost=0.00..10111.65 rows=1459 width=28) (actual time=0.093..38.136 rows=441 loops=1)
                                                                                      Filter: (sr_return_amt > '10000'::double precision)
                                                                                      Rows Removed by Filter: 286731
                                                                                ->  Index Scan using pk_store_sales on store_sales sts  (cost=0.43..2.57 rows=1 width=36) (actual time=0.005..0.005 rows=1 loops=441)
                                                                                      Index Cond: ((ss_item_sk = sr.sr_item_sk) AND (ss_ticket_number = sr.sr_ticket_number))
                                                                                      Filter: ((ss_net_profit > '1'::double precision) AND (ss_net_paid > '0'::double precision) AND (ss_quantity > 0))
                                                                                      Rows Removed by Filter: 0
                                                                          ->  Index Scan using pk_date_dim on date_dim date_dim_2  (cost=0.29..0.32 rows=1 width=8) (actual time=0.002..0.002 rows=0 loops=348)
                                                                                Index Cond: (d_date_sk = sts.ss_sold_date_sk)
                                                                                Filter: ((d_year = 2001) AND (d_moy = 12))
                                                                                Rows Removed by Filter: 1
 channel | item  |      return_ratio      | return_rank | currency_rank 
---------+-------+------------------------+-------------+---------------
 catalog |  8521 | 0.56565656565656565657 |           1 |             1
 catalog | 11867 | 0.58064516129032258065 |           2 |             2
 catalog |  4263 | 0.60215053763440860215 |           3 |             3
 catalog |  9855 | 0.60439560439560439560 |           4 |             4
 catalog | 12809 | 0.64646464646464646465 |           5 |             5
 catalog |  5469 | 0.67032967032967032967 |           6 |             6
 catalog |  7843 | 0.72000000000000000000 |           7 |             7
 catalog | 12689 | 0.78651685393258426966 |           8 |             8
 catalog | 16075 | 0.78651685393258426966 |           8 |             8
 catalog | 10863 | 0.79000000000000000000 |          10 |            10
 store   | 17203 | 0.86868686868686868687 |           1 |             1
 store   | 10001 | 0.90217391304347826087 |           2 |             2
 store   | 13835 | 0.91836734693877551020 |           3 |             3
 store   |  3593 | 0.92000000000000000000 |           4 |             5
 store   |  9183 | 0.96470588235294117647 |           5 |             4
 web     | 16129 | 0.62765957446808510638 |           1 |             1
 web     | 15987 | 0.63333333333333333333 |           2 |             2
 web     | 13387 | 0.64772727272727272727 |           3 |             3
 web     | 11303 | 0.70886075949367088608 |           4 |             4
 web     | 10817 | 0.78651685393258426966 |           5 |             5
 web     |  8989 | 0.78666666666666666667 |           6 |            19
 web     |  8093 | 0.80555555555555555556 |           7 |             6
 web     |  8083 | 0.83146067415730337079 |           8 |             7
 web     |  4573 | 0.86440677966101694915 |           9 |             8
 web     | 10689 | 0.89473684210526315789 |          10 |             9
 web     | 12115 | 0.91489361702127659574 |          12 |            10
(26 rows)

UPDATE time_statistics SET e_time = TRANSACTION_TIMESTAMP() WHERE template = '../query_postgresql/query49.tpl' AND stream = 0;
psql:/tmp/s1-basline/power/query_0.sql:2502: NOTICE:  duration: 0.034 ms  plan:
Query Text: UPDATE time_statistics SET e_time = TRANSACTION_TIMESTAMP() WHERE template = '../query_postgresql/query49.tpl' AND stream = 0;
Update on time_statistics  (cost=0.00..1.42 rows=0 width=0) (actual time=0.033..0.034 rows=0 loops=1)
  ->  Seq Scan on time_statistics  (cost=0.00..1.42 rows=1 width=14) (actual time=0.021..0.022 rows=1 loops=1)
        Filter: ((template = '../query_postgresql/query49.tpl'::text) AND (stream = 0))
        Rows Removed by Filter: 49
UPDATE 1
LOAD 'auto_explain'; SET auto_explain.log_min_duration TO 0; SET auto_explain.log_analyze TO on; SET auto_explain.log_level TO notice; INSERT INTO time_statistics (template, s_time, stream, query, seed) VALUES ('query50.tpl', TRANSACTION_TIMESTAMP(), 0, 50, 1227208042);
LOAD
SET
SET
SET
psql:/tmp/s1-basline/power/query_0.sql:2503: NOTICE:  duration: 0.008 ms  plan:
Query Text: INSERT INTO time_statistics (template, s_time, stream, query, seed) VALUES ('query50.tpl', TRANSACTION_TIMESTAMP(), 0, 50, 1227208042);
Insert on time_statistics  (cost=0.00..0.01 rows=0 width=0) (actual time=0.007..0.008 rows=0 loops=1)
  ->  Result  (cost=0.00..0.01 rows=1 width=64) (actual time=0.001..0.001 rows=1 loops=1)
INSERT 0 1
select  
   s_store_name
  ,s_company_id
  ,s_street_number
  ,s_street_name
  ,s_street_type
  ,s_suite_number
  ,s_city
  ,s_county
  ,s_state
  ,s_zip
  ,sum(case when (sr_returned_date_sk - ss_sold_date_sk <= 30 ) then 1 else 0 end)  as "30 days" 
  ,sum(case when (sr_returned_date_sk - ss_sold_date_sk > 30) and 
                 (sr_returned_date_sk - ss_sold_date_sk <= 60) then 1 else 0 end )  as "31-60 days" 
  ,sum(case when (sr_returned_date_sk - ss_sold_date_sk > 60) and 
                 (sr_returned_date_sk - ss_sold_date_sk <= 90) then 1 else 0 end)  as "61-90 days" 
  ,sum(case when (sr_returned_date_sk - ss_sold_date_sk > 90) and
                 (sr_returned_date_sk - ss_sold_date_sk <= 120) then 1 else 0 end)  as "91-120 days" 
  ,sum(case when (sr_returned_date_sk - ss_sold_date_sk  > 120) then 1 else 0 end)  as ">120 days" 
from
   store_sales
  ,store_returns
  ,store
  ,date_dim d1
  ,date_dim d2
where
    d2.d_year = 2000
and d2.d_moy  = 10
and ss_ticket_number = sr_ticket_number
and ss_item_sk = sr_item_sk
and ss_sold_date_sk   = d1.d_date_sk
and sr_returned_date_sk   = d2.d_date_sk
and ss_customer_sk = sr_customer_sk
and ss_store_sk = s_store_sk
group by
   s_store_name
  ,s_company_id
  ,s_street_number
  ,s_street_name
  ,s_street_type
  ,s_suite_number
  ,s_city
  ,s_county
  ,s_state
  ,s_zip
order by s_store_name
        ,s_company_id
        ,s_street_number
        ,s_street_name
        ,s_street_type
        ,s_suite_number
        ,s_city
        ,s_county
        ,s_state
        ,s_zip
limit 100;
psql:/tmp/s1-basline/power/query_0.sql:2559: NOTICE:  duration: 42.737 ms  plan:
Query Text: select  
   s_store_name
  ,s_company_id
  ,s_street_number
  ,s_street_name
  ,s_street_type
  ,s_suite_number
  ,s_city
  ,s_county
  ,s_state
  ,s_zip
  ,sum(case when (sr_returned_date_sk - ss_sold_date_sk <= 30 ) then 1 else 0 end)  as "30 days" 
  ,sum(case when (sr_returned_date_sk - ss_sold_date_sk > 30) and 
                 (sr_returned_date_sk - ss_sold_date_sk <= 60) then 1 else 0 end )  as "31-60 days" 
  ,sum(case when (sr_returned_date_sk - ss_sold_date_sk > 60) and 
                 (sr_returned_date_sk - ss_sold_date_sk <= 90) then 1 else 0 end)  as "61-90 days" 
  ,sum(case when (sr_returned_date_sk - ss_sold_date_sk > 90) and
                 (sr_returned_date_sk - ss_sold_date_sk <= 120) then 1 else 0 end)  as "91-120 days" 
  ,sum(case when (sr_returned_date_sk - ss_sold_date_sk  > 120) then 1 else 0 end)  as ">120 days" 
from
   store_sales
  ,store_returns
  ,store
  ,date_dim d1
  ,date_dim d2
where
    d2.d_year = 2000
and d2.d_moy  = 10
and ss_ticket_number = sr_ticket_number
and ss_item_sk = sr_item_sk
and ss_sold_date_sk   = d1.d_date_sk
and sr_returned_date_sk   = d2.d_date_sk
and ss_customer_sk = sr_customer_sk
and ss_store_sk = s_store_sk
group by
   s_store_name
  ,s_company_id
  ,s_street_number
  ,s_street_name
  ,s_street_type
  ,s_suite_number
  ,s_city
  ,s_county
  ,s_state
  ,s_zip
order by s_store_name
        ,s_company_id
        ,s_street_number
        ,s_street_name
        ,s_street_type
        ,s_suite_number
        ,s_city
        ,s_county
        ,s_state
        ,s_zip
limit 100;
Limit  (cost=6247.14..6247.24 rows=1 width=126) (actual time=41.133..42.721 rows=6 loops=1)
  ->  GroupAggregate  (cost=6247.14..6247.24 rows=1 width=126) (actual time=41.133..42.719 rows=6 loops=1)
        Group Key: store.s_store_name, store.s_company_id, store.s_street_number, store.s_street_name, store.s_street_type, store.s_suite_number, store.s_city, store.s_county, store.s_state, store.s_zip
        ->  Sort  (cost=6247.14..6247.15 rows=1 width=102) (actual time=40.785..40.904 rows=2893 loops=1)
              Sort Key: store.s_store_name, store.s_company_id, store.s_street_number, store.s_street_name, store.s_street_type, store.s_suite_number, store.s_city, store.s_county, store.s_state, store.s_zip
              Sort Method: quicksort  Memory: 519kB
              ->  Nested Loop  (cost=1.15..6247.13 rows=1 width=102) (actual time=4.290..37.207 rows=2893 loops=1)
                    ->  Nested Loop  (cost=0.85..6246.82 rows=1 width=102) (actual time=4.277..33.932 rows=2931 loops=1)
                          Join Filter: (store_sales.ss_store_sk = store.s_store_sk)
                          Rows Removed by Join Filter: 13562
                          ->  Nested Loop  (cost=0.85..6245.55 rows=1 width=24) (actual time=4.273..28.836 rows=2999 loops=1)
                                ->  Nested Loop  (cost=0.42..6156.52 rows=114 width=32) (actual time=4.252..13.055 rows=4026 loops=1)
                                      ->  Seq Scan on date_dim d2  (cost=0.00..2500.73 rows=30 width=8) (actual time=4.244..8.924 rows=31 loops=1)
                                            Filter: ((d_year = 2000) AND (d_moy = 10))
                                            Rows Removed by Filter: 73018
                                      ->  Index Scan using i_sr_returned_date_sk on store_returns  (cost=0.42..120.46 rows=140 width=32) (actual time=0.003..0.115 rows=130 loops=31)
                                            Index Cond: (sr_returned_date_sk = d2.d_date_sk)
                                ->  Index Scan using pk_store_sales on store_sales  (cost=0.43..0.77 rows=1 width=40) (actual time=0.004..0.004 rows=1 loops=4026)
                                      Index Cond: ((ss_item_sk = store_returns.sr_item_sk) AND (ss_ticket_number = store_returns.sr_ticket_number))
                                      Filter: (store_returns.sr_customer_sk = ss_customer_sk)
                                      Rows Removed by Filter: 0
                          ->  Seq Scan on store  (cost=0.00..1.12 rows=12 width=94) (actual time=0.000..0.001 rows=5 loops=2999)
                    ->  Index Only Scan using pk_date_dim on date_dim d1  (cost=0.29..0.31 rows=1 width=8) (actual time=0.001..0.001 rows=1 loops=2931)
                          Index Cond: (d_date_sk = store_sales.ss_sold_date_sk)
                          Heap Fetches: 0
 s_store_name | s_company_id | s_street_number | s_street_name |  s_street_type  | s_suite_number |  s_city  |     s_county      | s_state |   s_zip    | 30 days | 31-60 days | 61-90 days | 91-120 days | >120 days 
--------------+--------------+-----------------+---------------+-----------------+----------------+----------+-------------------+---------+------------+---------+------------+------------+-------------+-----------
 able         |            1 | 495             | Smith         | Dr.             | Suite M        | Fairview | Williamson County | TN      | 35709      |     114 |        119 |         83 |          62 |       135
 ation        |            1 | 424             | Lincoln       | Ln              | Suite 480      | Midway   | Williamson County | TN      | 31904      |      88 |        118 |         96 |          64 |       116
 bar          |            1 | 593             | Ridge         | Dr.             | Suite 190      | Midway   | Williamson County | TN      | 31904      |     117 |        119 |        101 |          48 |        91
 eing         |            1 | 333             | Highland 10th | Way             | Suite S        | Fairview | Williamson County | TN      | 35709      |     102 |        131 |        101 |          50 |       116
 ese          |            1 | 245             | College       | Wy              | Suite 140      | Midway   | Williamson County | TN      | 31904      |     109 |        135 |         82 |          47 |       102
 ought        |            1 | 849             | Elm           | Parkway         | Suite Y        | Midway   | Williamson County | TN      | 31904      |     109 |        127 |         86 |          48 |        77
(6 rows)

UPDATE time_statistics SET e_time = TRANSACTION_TIMESTAMP() WHERE template = 'query50.tpl' AND stream = 0;
psql:/tmp/s1-basline/power/query_0.sql:2561: NOTICE:  duration: 0.030 ms  plan:
Query Text: UPDATE time_statistics SET e_time = TRANSACTION_TIMESTAMP() WHERE template = 'query50.tpl' AND stream = 0;
Update on time_statistics  (cost=0.00..1.42 rows=0 width=0) (actual time=0.030..0.030 rows=0 loops=1)
  ->  Seq Scan on time_statistics  (cost=0.00..1.42 rows=1 width=14) (actual time=0.015..0.015 rows=1 loops=1)
        Filter: ((template = 'query50.tpl'::text) AND (stream = 0))
        Rows Removed by Filter: 50
UPDATE 1
LOAD 'auto_explain'; SET auto_explain.log_min_duration TO 0; SET auto_explain.log_analyze TO on; SET auto_explain.log_level TO notice; INSERT INTO time_statistics (template, s_time, stream, query, seed) VALUES ('query51.tpl', TRANSACTION_TIMESTAMP(), 0, 51, 1252616106);
LOAD
SET
SET
SET
psql:/tmp/s1-basline/power/query_0.sql:2562: NOTICE:  duration: 0.009 ms  plan:
Query Text: INSERT INTO time_statistics (template, s_time, stream, query, seed) VALUES ('query51.tpl', TRANSACTION_TIMESTAMP(), 0, 51, 1252616106);
Insert on time_statistics  (cost=0.00..0.01 rows=0 width=0) (actual time=0.008..0.008 rows=0 loops=1)
  ->  Result  (cost=0.00..0.01 rows=1 width=64) (actual time=0.001..0.002 rows=1 loops=1)
INSERT 0 1
WITH web_v1 as (
select
  ws_item_sk item_sk, d_date,
  sum(sum(ws_sales_price))
      over (partition by ws_item_sk order by d_date rows between unbounded preceding and current row) cume_sales
from web_sales
    ,date_dim
where ws_sold_date_sk=d_date_sk
  and d_month_seq between 1176 and 1176+11
  and ws_item_sk is not NULL
group by ws_item_sk, d_date),
store_v1 as (
select
  ss_item_sk item_sk, d_date,
  sum(sum(ss_sales_price))
      over (partition by ss_item_sk order by d_date rows between unbounded preceding and current row) cume_sales
from store_sales
    ,date_dim
where ss_sold_date_sk=d_date_sk
  and d_month_seq between 1176 and 1176+11
  and ss_item_sk is not NULL
group by ss_item_sk, d_date)
 select  *
from (select item_sk
     ,d_date
     ,web_sales
     ,store_sales
     ,max(web_sales)
         over (partition by item_sk order by d_date rows between unbounded preceding and current row) web_cumulative
     ,max(store_sales)
         over (partition by item_sk order by d_date rows between unbounded preceding and current row) store_cumulative
     from (select case when web.item_sk is not null then web.item_sk else store.item_sk end item_sk
                 ,case when web.d_date is not null then web.d_date else store.d_date end d_date
                 ,web.cume_sales web_sales
                 ,store.cume_sales store_sales
           from web_v1 web full outer join store_v1 store on (web.item_sk = store.item_sk
                                                          and web.d_date = store.d_date)
          )x )y
where web_cumulative > store_cumulative
order by item_sk
        ,d_date
limit 100;
psql:/tmp/s1-basline/power/query_0.sql:2604: NOTICE:  duration: 1434.318 ms  plan:
Query Text: WITH web_v1 as (
select
  ws_item_sk item_sk, d_date,
  sum(sum(ws_sales_price))
      over (partition by ws_item_sk order by d_date rows between unbounded preceding and current row) cume_sales
from web_sales
    ,date_dim
where ws_sold_date_sk=d_date_sk
  and d_month_seq between 1176 and 1176+11
  and ws_item_sk is not NULL
group by ws_item_sk, d_date),
store_v1 as (
select
  ss_item_sk item_sk, d_date,
  sum(sum(ss_sales_price))
      over (partition by ss_item_sk order by d_date rows between unbounded preceding and current row) cume_sales
from store_sales
    ,date_dim
where ss_sold_date_sk=d_date_sk
  and d_month_seq between 1176 and 1176+11
  and ss_item_sk is not NULL
group by ss_item_sk, d_date)
 select  *
from (select item_sk
     ,d_date
     ,web_sales
     ,store_sales
     ,max(web_sales)
         over (partition by item_sk order by d_date rows between unbounded preceding and current row) web_cumulative
     ,max(store_sales)
         over (partition by item_sk order by d_date rows between unbounded preceding and current row) store_cumulative
     from (select case when web.item_sk is not null then web.item_sk else store.item_sk end item_sk
                 ,case when web.d_date is not null then web.d_date else store.d_date end d_date
                 ,web.cume_sales web_sales
                 ,store.cume_sales store_sales
           from web_v1 web full outer join store_v1 store on (web.item_sk = store.item_sk
                                                          and web.d_date = store.d_date)
          )x )y
where web_cumulative > store_cumulative
order by item_sk
        ,d_date
limit 100;
Limit  (cost=129890.70..129901.21 rows=100 width=44) (actual time=1371.143..1434.252 rows=100 loops=1)
  ->  Subquery Scan on y  (cost=129890.70..130386.02 rows=4717 width=44) (actual time=1371.142..1434.244 rows=100 loops=1)
        Filter: (y.web_cumulative > y.store_cumulative)
        Rows Removed by Filter: 2570
        ->  WindowAgg  (cost=129890.70..130209.12 rows=14152 width=44) (actual time=1371.138..1434.118 rows=2670 loops=1)
              ->  Sort  (cost=129890.70..129926.08 rows=14152 width=28) (actual time=1371.128..1433.069 rows=2671 loops=1)
                    Sort Key: (CASE WHEN (web_sales.ws_item_sk IS NOT NULL) THEN web_sales.ws_item_sk ELSE store_sales.ss_item_sk END), (CASE WHEN (date_dim.d_date IS NOT NULL) THEN date_dim.d_date ELSE date_dim_1.d_date END)
                    Sort Method: external merge  Disk: 20232kB
                    ->  Merge Full Join  (cost=126165.16..128915.01 rows=14152 width=28) (actual time=498.656..1306.531 rows=601741 loops=1)
                          Merge Cond: ((web_sales.ws_item_sk = store_sales.ss_item_sk) AND (date_dim.d_date = date_dim_1.d_date))
                          ->  WindowAgg  (cost=34018.95..34530.99 rows=3703 width=20) (actual time=127.347..283.502 rows=139810 loops=1)
                                ->  Finalize GroupAggregate  (cost=34018.95..34466.19 rows=3703 width=20) (actual time=127.339..223.359 rows=139810 loops=1)
                                      Group Key: web_sales.ws_item_sk, date_dim.d_date
                                      ->  Gather Merge  (cost=34018.95..34406.01 rows=3086 width=20) (actual time=127.335..185.414 rows=142482 loops=1)
                                            Workers Planned: 2
                                            Workers Launched: 2
                                            ->  Partial GroupAggregate  (cost=33018.93..33049.79 rows=1543 width=20) (actual time=117.093..137.896 rows=47494 loops=3)
                                                  Group Key: web_sales.ws_item_sk, date_dim.d_date
                                                  ->  Sort  (cost=33018.93..33022.78 rows=1543 width=20) (actual time=117.082..121.544 rows=48034 loops=3)
                                                        Sort Key: web_sales.ws_item_sk, date_dim.d_date
                                                        Sort Method: quicksort  Memory: 7748kB
                                                        Worker 0:  Sort Method: quicksort  Memory: 3682kB
                                                        Worker 1:  Sort Method: quicksort  Memory: 3722kB
                                                        ->  Hash Join  (cost=2505.43..32937.21 rows=1543 width=20) (actual time=13.243..101.659 rows=48034 loops=3)
                                                              Hash Cond: (web_sales.ws_sold_date_sk = date_dim.d_date_sk)
                                                              ->  Parallel Seq Scan on web_sales  (cost=0.00..29644.81 rows=299781 width=24) (actual time=0.021..63.287 rows=239825 loops=3)
                                                                    Filter: (ws_item_sk IS NOT NULL)
                                                              ->  Hash  (cost=2500.73..2500.73 rows=376 width=12) (actual time=13.168..13.169 rows=365 loops=3)
                                                                    Buckets: 1024  Batches: 1  Memory Usage: 26kB
                                                                    ->  Seq Scan on date_dim  (cost=0.00..2500.73 rows=376 width=12) (actual time=6.155..13.116 rows=365 loops=3)
                                                                          Filter: ((d_month_seq >= 1176) AND (d_month_seq <= 1187))
                                                                          Rows Removed by Filter: 72684
                          ->  WindowAgg  (cost=92146.21..94103.10 rows=14152 width=20) (actual time=371.304..927.920 rows=488386 loops=1)
                                ->  Finalize GroupAggregate  (cost=92146.21..93855.44 rows=14152 width=20) (actual time=371.295..728.058 rows=488386 loops=1)
                                      Group Key: store_sales.ss_item_sk, date_dim_1.d_date
                                      ->  Gather Merge  (cost=92146.21..93625.47 rows=11794 width=20) (actual time=371.288..600.612 rows=522666 loops=1)
                                            Workers Planned: 2
                                            Workers Launched: 2
                                            ->  Partial GroupAggregate  (cost=91146.18..91264.12 rows=5897 width=20) (actual time=354.398..428.949 rows=174222 loops=3)
                                                  Group Key: store_sales.ss_item_sk, date_dim_1.d_date
                                                  ->  Sort  (cost=91146.18..91160.92 rows=5897 width=20) (actual time=354.385..367.558 rows=180428 loops=3)
                                                        Sort Key: store_sales.ss_item_sk, date_dim_1.d_date
                                                        Sort Method: external merge  Disk: 6752kB
                                                        Worker 0:  Sort Method: quicksort  Memory: 14985kB
                                                        Worker 1:  Sort Method: quicksort  Memory: 14957kB
                                                        ->  Hash Join  (cost=2505.43..90776.86 rows=5897 width=20) (actual time=13.593..281.338 rows=180428 loops=3)
                                                              Hash Cond: (store_sales.ss_sold_date_sk = date_dim_1.d_date_sk)
                                                              ->  Parallel Seq Scan on store_sales  (cost=0.00..85123.48 rows=1199148 width=24) (actual time=0.016..179.339 rows=959309 loops=3)
                                                                    Filter: (ss_item_sk IS NOT NULL)
                                                              ->  Hash  (cost=2500.73..2500.73 rows=376 width=12) (actual time=13.532..13.533 rows=365 loops=3)
                                                                    Buckets: 1024  Batches: 1  Memory Usage: 26kB
                                                                    ->  Seq Scan on date_dim date_dim_1  (cost=0.00..2500.73 rows=376 width=12) (actual time=6.164..13.482 rows=365 loops=3)
                                                                          Filter: ((d_month_seq >= 1176) AND (d_month_seq <= 1187))
                                                                          Rows Removed by Filter: 72684
 item_sk |   d_date   |     web_sales      |    store_sales     |   web_cumulative   |  store_cumulative  
---------+------------+--------------------+--------------------+--------------------+--------------------
       1 | 1998-02-09 |               33.1 |                    |               33.1 |              12.41
       1 | 1998-02-11 |                    |              14.92 |               33.1 |              14.92
       1 | 1998-02-16 | 43.150000000000006 |                    | 43.150000000000006 |              14.92
       1 | 1998-02-17 |             189.03 |                    |             189.03 |              14.92
       1 | 1998-02-23 |             304.72 |                    |             304.72 |              14.92
       1 | 1998-03-03 |                    |              29.48 |             304.72 |              29.48
       1 | 1998-03-24 |                    | 46.650000000000006 |             304.72 | 46.650000000000006
       1 | 1998-04-25 |                    |  65.21000000000001 |             304.72 |  65.21000000000001
       1 | 1998-05-25 |                    |             101.78 |             304.72 |             101.78
       1 | 1998-05-26 |                    |                185 |             304.72 |                185
       1 | 1998-05-29 |                    |             249.81 |             304.72 |             249.81
       1 | 1998-06-03 | 318.77000000000004 |                    | 318.77000000000004 |             249.81
       1 | 1998-06-16 |                    |             266.19 | 318.77000000000004 |             266.19
       1 | 1998-06-19 |                    |             282.22 | 318.77000000000004 |             282.22
       1 | 1998-06-26 |                    |             307.05 | 318.77000000000004 |             307.05
       1 | 1998-07-21 |                    |             307.67 | 318.77000000000004 |             307.67
       1 | 1998-08-08 |                    |             308.32 | 318.77000000000004 |             308.32
       1 | 1998-09-26 |  573.5300000000001 |                    |  573.5300000000001 |  552.1800000000001
       7 | 1998-01-28 |                    |              20.33 |              53.41 |              20.33
       7 | 1998-02-07 |             181.06 |                    |             181.06 |              74.89
       7 | 1998-02-23 |                    |              74.89 |             181.06 |              74.89
       7 | 1998-03-19 |             211.07 |                    |             211.07 |              74.89
       7 | 1998-04-08 |             288.11 |                    |             288.11 |              74.89
       7 | 1998-04-09 |                    |              85.85 |             288.11 |              85.85
       7 | 1998-04-17 |                    | 116.39999999999999 |             288.11 | 116.39999999999999
       7 | 1998-04-26 |                    | 124.03999999999999 |             288.11 | 124.03999999999999
       7 | 1998-05-05 | 390.58000000000004 |                    | 390.58000000000004 | 124.03999999999999
       7 | 1998-06-20 |                    |             147.62 | 390.58000000000004 |             147.62
       7 | 1998-06-26 |                    | 221.66000000000003 | 390.58000000000004 | 221.66000000000003
       7 | 1998-06-30 |                    | 221.66000000000003 | 390.58000000000004 | 221.66000000000003
       7 | 1998-07-02 |                    |             302.11 | 390.58000000000004 |             302.11
       7 | 1998-07-10 |             411.04 |                    |             411.04 |             302.11
       7 | 1998-07-28 |                    |             402.11 |             411.04 |             402.11
       7 | 1998-08-05 | 425.59000000000003 |                    | 425.59000000000003 |             402.11
       7 | 1998-08-19 |                    |             407.99 | 425.59000000000003 |             407.99
       7 | 1998-08-25 | 451.96000000000004 |                429 | 451.96000000000004 |                429
      14 | 1998-01-28 |              70.71 |                    |              70.71 | 53.120000000000005
      14 | 1998-01-29 | 135.20999999999998 |                    | 135.20999999999998 | 53.120000000000005
      14 | 1998-02-07 |                    |  80.38000000000001 | 135.20999999999998 |  80.38000000000001
      14 | 1998-02-11 |                    | 113.44000000000001 | 135.20999999999998 | 113.44000000000001
      16 | 1998-02-13 |                    |               5.87 |              32.54 |               5.87
      16 | 1998-02-18 |                    |              12.73 |              32.54 |              12.73
      16 | 1998-03-03 |                    |              12.73 |              32.54 |              12.73
      16 | 1998-03-09 |             126.57 |                    |             126.57 |              12.73
      16 | 1998-03-13 |                    |              49.22 |             126.57 |              49.22
      16 | 1998-03-29 |             174.44 |                    |             174.44 |              49.22
      16 | 1998-04-10 |                    |              86.91 |             174.44 |              86.91
      16 | 1998-05-09 |                    | 165.76999999999998 |             174.44 | 165.76999999999998
      20 | 1998-01-18 |              39.16 |                    |              39.16 |               3.54
      20 | 1998-01-23 |                    |  9.190000000000001 |              39.16 |  9.190000000000001
      20 | 1998-01-24 |                    | 10.310000000000002 |              39.16 | 10.310000000000002
      28 | 1998-01-20 |              23.28 |                    |              23.28 |              13.97
      40 | 1998-01-10 |              87.81 |                    |              87.81 |                  0
      40 | 1998-01-12 |                    |               1.62 |              87.81 |               1.62
      40 | 1998-01-22 |                    |               5.98 |              87.81 |               5.98
      40 | 1998-01-25 |                    |              18.16 |              87.81 |              18.16
      40 | 1998-01-28 |                    | 20.990000000000002 |              87.81 | 20.990000000000002
      40 | 1998-02-11 |                    | 42.050000000000004 |              87.81 | 42.050000000000004
      40 | 1998-04-19 |             129.35 |                    |             129.35 | 42.050000000000004
      40 | 1998-05-02 |                    | 113.95000000000002 |             129.35 | 113.95000000000002
      40 | 1998-05-03 |             216.19 |                    |             216.19 | 113.95000000000002
      40 | 1998-05-07 |                    | 171.82000000000002 |             216.19 | 171.82000000000002
      40 | 1998-05-10 |             221.01 |                    |             221.01 | 171.82000000000002
      40 | 1998-07-07 |                259 |                    |                259 | 228.88000000000002
      46 | 1998-01-15 |              47.84 |                    |              47.84 | 29.330000000000002
      46 | 1998-02-16 |             213.74 |                    |             213.74 |             164.37
      46 | 1998-02-28 |                    |             204.86 |             213.74 |             204.86
      46 | 1998-03-30 |             213.74 |                    |             213.74 |             204.86
      50 | 1998-01-11 |              86.47 |               24.8 |              86.47 |               24.8
      50 | 1998-02-14 |                    |  57.07000000000001 |              86.47 |  57.07000000000001
      50 | 1998-03-09 |                    |  86.38000000000001 |              86.47 |  86.38000000000001
      50 | 1998-04-29 |             306.98 |                    |             306.98 |             302.92
      61 | 1998-01-09 |                    |              48.65 |             111.96 |              48.65
      61 | 1998-01-24 |                    |              80.64 |             111.96 |              80.64
      62 | 1998-02-23 |             141.17 |                    |             141.17 |              26.21
      62 | 1998-03-01 |                    |              54.69 |             141.17 |              54.69
      62 | 1998-03-09 |                    |              69.36 |             141.17 |              69.36
      62 | 1998-03-12 |                    |             107.59 |             141.17 |             107.59
      62 | 1998-03-23 |                    |             108.22 |             141.17 |             108.22
      74 | 1998-02-25 |             120.46 |                    |             120.46 |              78.77
      74 | 1998-02-26 |                    | 111.41999999999999 |             120.46 | 111.41999999999999
      74 | 1998-03-13 |             152.18 |                    |             152.18 | 137.98999999999998
      74 | 1998-03-15 |                    | 143.27999999999997 |             152.18 | 143.27999999999997
      74 | 1998-04-01 | 155.48000000000002 |                    | 155.48000000000002 | 143.27999999999997
      74 | 1998-04-08 |                    | 154.97999999999996 | 155.48000000000002 | 154.97999999999996
      76 | 1998-03-28 |              332.1 |                    |              332.1 |             242.91
      76 | 1998-03-30 |                    |              251.4 |              332.1 |              251.4
      76 | 1998-03-31 |                    |             256.89 |              332.1 |             256.89
      76 | 1998-04-10 |                    |             260.02 |              332.1 |             260.02
      76 | 1998-04-17 |                    |             268.18 |              332.1 |             268.18
      80 | 1998-01-15 |             154.62 |                    |             154.62 |              36.43
      80 | 1998-02-06 |                    |              36.99 |             154.62 |              36.99
      80 | 1998-02-23 |                156 |                    |                156 |              36.99
      80 | 1998-03-06 |                    | 37.410000000000004 |                156 | 37.410000000000004
      80 | 1998-03-07 |                    |              86.39 |                156 |              86.39
      80 | 1998-04-07 |                    |               87.4 |                156 |               87.4
      80 | 1998-04-08 |                    |               87.4 |                156 |               87.4
      80 | 1998-04-17 |                    |             100.87 |                156 |             100.87
      80 | 1998-04-21 | 203.07999999999998 |                    | 203.07999999999998 |             100.87
      80 | 1998-05-11 |              224.5 |                    |              224.5 |             100.87
(100 rows)

UPDATE time_statistics SET e_time = TRANSACTION_TIMESTAMP() WHERE template = 'query51.tpl' AND stream = 0;
psql:/tmp/s1-basline/power/query_0.sql:2606: NOTICE:  duration: 0.035 ms  plan:
Query Text: UPDATE time_statistics SET e_time = TRANSACTION_TIMESTAMP() WHERE template = 'query51.tpl' AND stream = 0;
Update on time_statistics  (cost=0.00..1.42 rows=0 width=0) (actual time=0.034..0.034 rows=0 loops=1)
  ->  Seq Scan on time_statistics  (cost=0.00..1.42 rows=1 width=14) (actual time=0.018..0.019 rows=1 loops=1)
        Filter: ((template = 'query51.tpl'::text) AND (stream = 0))
        Rows Removed by Filter: 51
UPDATE 1
LOAD 'auto_explain'; SET auto_explain.log_min_duration TO 0; SET auto_explain.log_analyze TO on; SET auto_explain.log_level TO notice; INSERT INTO time_statistics (template, s_time, stream, query, seed) VALUES ('query52.tpl', TRANSACTION_TIMESTAMP(), 0, 52, 2095398297);
LOAD
SET
SET
SET
psql:/tmp/s1-basline/power/query_0.sql:2607: NOTICE:  duration: 0.008 ms  plan:
Query Text: INSERT INTO time_statistics (template, s_time, stream, query, seed) VALUES ('query52.tpl', TRANSACTION_TIMESTAMP(), 0, 52, 2095398297);
Insert on time_statistics  (cost=0.00..0.01 rows=0 width=0) (actual time=0.008..0.008 rows=0 loops=1)
  ->  Result  (cost=0.00..0.01 rows=1 width=64) (actual time=0.001..0.002 rows=1 loops=1)
INSERT 0 1
select  dt.d_year
 	,item.i_brand_id brand_id
 	,item.i_brand brand
 	,sum(ss_ext_sales_price) ext_price
 from date_dim dt
     ,store_sales
     ,item
 where dt.d_date_sk = store_sales.ss_sold_date_sk
    and store_sales.ss_item_sk = item.i_item_sk
    and item.i_manager_id = 1
    and dt.d_moy=12
    and dt.d_year=1999
 group by dt.d_year
 	,item.i_brand
 	,item.i_brand_id
 order by dt.d_year
 	,ext_price desc
 	,brand_id
limit 100 ;
psql:/tmp/s1-basline/power/query_0.sql:2626: NOTICE:  duration: 195.428 ms  plan:
Query Text: select  dt.d_year
 	,item.i_brand_id brand_id
 	,item.i_brand brand
 	,sum(ss_ext_sales_price) ext_price
 from date_dim dt
     ,store_sales
     ,item
 where dt.d_date_sk = store_sales.ss_sold_date_sk
    and store_sales.ss_item_sk = item.i_item_sk
    and item.i_manager_id = 1
    and dt.d_moy=12
    and dt.d_year=1999
 group by dt.d_year
 	,item.i_brand
 	,item.i_brand_id
 order by dt.d_year
 	,ext_price desc
 	,brand_id
limit 100 ;
Limit  (cost=43196.95..43197.00 rows=20 width=67) (actual time=195.353..195.365 rows=97 loops=1)
  ->  Sort  (cost=43196.95..43197.00 rows=20 width=67) (actual time=195.352..195.357 rows=97 loops=1)
        Sort Key: (sum(store_sales.ss_ext_sales_price)) DESC, item.i_brand_id
        Sort Method: quicksort  Memory: 38kB
        ->  GroupAggregate  (cost=43196.07..43196.52 rows=20 width=67) (actual time=194.918..195.323 rows=97 loops=1)
              Group Key: dt.d_year, item.i_brand, item.i_brand_id
              ->  Sort  (cost=43196.07..43196.12 rows=20 width=67) (actual time=194.904..194.974 rows=1573 loops=1)
                    Sort Key: item.i_brand, item.i_brand_id
                    Sort Method: quicksort  Memory: 220kB
                    ->  Nested Loop  (cost=0.72..43195.64 rows=20 width=67) (actual time=4.312..193.047 rows=1573 loops=1)
                          ->  Nested Loop  (cost=0.43..42836.21 rows=1167 width=20) (actual time=4.288..51.863 rows=93530 loops=1)
                                ->  Seq Scan on date_dim dt  (cost=0.00..2500.73 rows=31 width=12) (actual time=4.276..8.875 rows=31 loops=1)
                                      Filter: ((d_moy = 12) AND (d_year = 1999))
                                      Rows Removed by Filter: 73018
                                ->  Index Scan using i_ss_sold_date_sk on store_sales  (cost=0.43..1286.06 rows=1508 width=24) (actual time=0.005..0.952 rows=3017 loops=31)
                                      Index Cond: (ss_sold_date_sk = dt.d_date_sk)
                          ->  Index Scan using pk_item on item  (cost=0.29..0.31 rows=1 width=63) (actual time=0.001..0.001 rows=0 loops=93530)
                                Index Cond: (i_item_sk = store_sales.ss_item_sk)
                                Filter: (i_manager_id = 1)
                                Rows Removed by Filter: 1
 d_year | brand_id |                       brand                        |     ext_price      
--------+----------+----------------------------------------------------+--------------------
   1999 |  3003001 | exportiexporti #1                                  |          107290.32
   1999 |  4001002 | amalgedu pack #2                                   | 104119.42000000001
   1999 |  3004002 | edu packexporti #2                                 |           100552.6
   1999 |  4003001 | exportiedu pack #1                                 |  92834.34000000001
   1999 |  6015003 | scholarbrand #3                                    |           84297.42
   1999 |  5004001 | edu packscholar #1                                 |  78484.74999999997
   1999 |  4004001 | edu packedu pack #1                                |  78236.48000000001
   1999 |  3002001 | importoexporti #1                                  |  74357.77000000002
   1999 |  5003001 | exportischolar #1                                  |  73048.76000000001
   1999 |  2002001 | importoimporto #1                                  |  72968.95000000001
   1999 |  9006003 | corpmaxi #3                                        |  71961.38999999998
   1999 |  2001001 | amalgimporto #1                                    |           69534.93
   1999 |  4002001 | importoedu pack #1                                 |  53660.14000000001
   1999 |  1003002 | exportiamalg #2                                    |           52142.46
   1999 |  1003001 | exportiamalg #1                                    | 50979.159999999996
   1999 |  2004002 | edu packimporto #2                                 |  50096.09000000001
   1999 |  1004001 | edu packamalg #1                                   | 47739.619999999995
   1999 |  7002006 | importobrand #6                                    | 46244.200000000004
   1999 |  1004002 | edu packamalg #2                                   |           45612.65
   1999 |  3002002 | importoexporti #2                                  | 44816.420000000006
   1999 |  7006007 | corpbrand #7                                       |           43743.96
   1999 |  1002001 | importoamalg #1                                    |           40555.96
   1999 |  9010005 | univunivamalg #5                                   |           39413.26
   1999 |  6008003 | namelesscorp #3                                    |           38818.34
   1999 |  5004002 | edu packscholar #2                                 | 38072.380000000005
   1999 |  1001001 | amalgamalg #1                                      | 37047.840000000004
   1999 |  8011004 | amalgmaxi #4                                       |  36074.00000000001
   1999 |  7002010 | importobrand #10                                   | 35970.060000000005
   1999 |  6015006 | scholarbrand #6                                    | 35149.869999999995
   1999 |  2003001 | exportiimporto #1                                  |  34252.80999999999
   1999 |  8002010 | importonameless #10                                |  33974.92999999999
   1999 |  6012005 | importobrand #5                                    | 33268.799999999996
   1999 | 10002010 | importounivamalg #10                               |           32263.96
   1999 |  5001001 | amalgscholar #1                                    |           32250.78
   1999 |  1002002 | importoamalg #2                                    |           31091.79
   1999 |  9005002 | scholarmaxi #2                                     |           30769.16
   1999 | 10002017 | importounivamalg #17                               |           30507.85
   1999 |  2001002 | amalgimporto #2                                    | 28977.660000000003
   1999 |  6002007 | importocorp #7                                     |           28509.71
   1999 | 10006012 | corpunivamalg #12                                  |            27921.3
   1999 |  6006002 | corpcorp #2                                        | 26312.309999999998
   1999 |  3001001 | amalgexporti #1                                    |           26236.89
   1999 |  2004001 | edu packimporto #1                                 | 25490.289999999997
   1999 |  6001001 | amalgcorp #1                                       |           25027.54
   1999 |  4001001 | amalgedu pack #1                                   | 24859.550000000003
   1999 |  2003002 | exportiimporto #2                                  |           24737.63
   1999 |  8014005 | edu packmaxi #5                                    |            24570.1
   1999 |  8003006 | exportinameless #6                                 |           24464.03
   1999 |  7014001 | edu packnameless #1                                | 24086.609999999997
   1999 |  6008001 | namelesscorp #1                                    | 23940.239999999998
   1999 |  8013003 | exportimaxi #3                                     | 23223.060000000005
   1999 |  8005002 | scholarnameless #2                                 | 21735.389999999996
   1999 |  6016008 | corpbrand #8                                       |           21192.29
   1999 | 10007013 | brandunivamalg #13                                 |           21027.25
   1999 |  7003003 | exportibrand #3                                    | 20995.079999999998
   1999 |  9013005 | exportiunivamalg #5                                | 20560.129999999997
   1999 |  4002002 | importoedu pack #2                                 |           20488.55
   1999 |  6013004 | exportibrand #4                                    |           19670.12
   1999 |  8015006 | scholarmaxi #6                                     | 19124.629999999997
   1999 | 10009016 | maxiunivamalg #16                                  |           18976.34
   1999 |  5002001 | importoscholar #1                                  |           18962.83
   1999 |  8006001 | corpnameless #1                                    |           18888.92
   1999 | 10011010 | amalgamalgamalg #10                                | 18783.600000000002
   1999 |  6011007 | amalgbrand #7                                      |            18558.8
   1999 |  9012002 | importounivamalg #2                                | 18541.360000000004
   1999 |  6004005 | edu packcorp #5                                    | 18366.739999999998
   1999 |  7010001 | univnameless #1                                    | 18236.450000000004
   1999 |  8014001 | edu packmaxi #1                                    | 17404.440000000002
   1999 |  8016005 | corpmaxi #5                                        |           17178.81
   1999 | 10004005 | edu packunivamalg #5                               |           17112.11
   1999 |  6011001 | amalgbrand #1                                      |           16607.52
   1999 |  1001002 | amalgamalg #2                                      |            16533.8
   1999 |  9005008 | scholarmaxi #8                                     |           15784.39
   1999 | 10008006 | namelessunivamalg #6                               | 15404.729999999998
   1999 |  9001009 | amalgmaxi #9                                       |           15217.79
   1999 |  7013001 | exportinameless #1                                 | 13878.680000000002
   1999 |  8007001 | brandnameless #1                                   | 13549.859999999999
   1999 |  6014005 | edu packbrand #5                                   |           12727.87
   1999 |  8002007 | importonameless #7                                 |           12627.94
   1999 |  9004008 | edu packmaxi #8                                    | 10554.189999999999
   1999 |  8005007 | scholarnameless #7                                 |           10394.12
   1999 |  5001002 | amalgscholar #2                                    | 10311.849999999999
   1999 |  3004001 | edu packexporti #1                                 |           10253.77
   1999 | 10013001 | exportiamalgamalg #1                               |            9913.48
   1999 |  6004001 | edu packcorp #1                                    |  9912.080000000002
   1999 | 10008013 | namelessunivamalg #13                              |            9776.78
   1999 |  8011007 | amalgmaxi #7                                       |             9352.9
   1999 |  6007007 | brandcorp #7                                       |            8594.01
   1999 | 10012003 | importoamalgamalg #3                               |            8504.75
   1999 | 10006009 | corpunivamalg #9                                   |            8095.39
   1999 |  7016004 | corpnameless #4                                    |  7715.239999999999
   1999 |  5002002 | importoscholar #2                                  |  6455.860000000001
   1999 | 10003017 | exportiunivamalg #17                               |            6095.73
   1999 | 10001009 | amalgunivamalg #9                                  |             5056.9
   1999 |  8006003 | corpnameless #3                                    |            4477.64
   1999 |  6013008 | exportibrand #8                                    | 3935.8700000000003
   1999 |  6013003 | exportibrand #3                                    |            3651.14
(97 rows)

UPDATE time_statistics SET e_time = TRANSACTION_TIMESTAMP() WHERE template = 'query52.tpl' AND stream = 0;
psql:/tmp/s1-basline/power/query_0.sql:2628: NOTICE:  duration: 0.030 ms  plan:
Query Text: UPDATE time_statistics SET e_time = TRANSACTION_TIMESTAMP() WHERE template = 'query52.tpl' AND stream = 0;
Update on time_statistics  (cost=0.00..1.42 rows=0 width=0) (actual time=0.029..0.029 rows=0 loops=1)
  ->  Seq Scan on time_statistics  (cost=0.00..1.42 rows=1 width=14) (actual time=0.015..0.015 rows=1 loops=1)
        Filter: ((template = 'query52.tpl'::text) AND (stream = 0))
        Rows Removed by Filter: 52
UPDATE 1
LOAD 'auto_explain'; SET auto_explain.log_min_duration TO 0; SET auto_explain.log_analyze TO on; SET auto_explain.log_level TO notice; INSERT INTO time_statistics (template, s_time, stream, query, seed) VALUES ('query53.tpl', TRANSACTION_TIMESTAMP(), 0, 53, 774850526);
LOAD
SET
SET
SET
psql:/tmp/s1-basline/power/query_0.sql:2629: NOTICE:  duration: 0.009 ms  plan:
Query Text: INSERT INTO time_statistics (template, s_time, stream, query, seed) VALUES ('query53.tpl', TRANSACTION_TIMESTAMP(), 0, 53, 774850526);
Insert on time_statistics  (cost=0.00..0.01 rows=0 width=0) (actual time=0.008..0.008 rows=0 loops=1)
  ->  Result  (cost=0.00..0.01 rows=1 width=64) (actual time=0.002..0.002 rows=1 loops=1)
INSERT 0 1
select  * from 
(select i_manufact_id,
sum(ss_sales_price) sum_sales,
avg(sum(ss_sales_price)) over (partition by i_manufact_id) avg_quarterly_sales
from item, store_sales, date_dim, store
where ss_item_sk = i_item_sk and
ss_sold_date_sk = d_date_sk and
ss_store_sk = s_store_sk and
d_month_seq in (1178,1178+1,1178+2,1178+3,1178+4,1178+5,1178+6,1178+7,1178+8,1178+9,1178+10,1178+11) and
((i_category in ('Books','Children','Electronics') and
i_class in ('personal','portable','reference','self-help') and
i_brand in ('scholaramalgamalg #14','scholaramalgamalg #7',
		'exportiunivamalg #9','scholaramalgamalg #9'))
or(i_category in ('Women','Music','Men') and
i_class in ('accessories','classical','fragrances','pants') and
i_brand in ('amalgimporto #1','edu packscholar #1','exportiimporto #1',
		'importoamalg #1')))
group by i_manufact_id, d_qoy ) tmp1
where case when avg_quarterly_sales > 0 
	then abs (sum_sales - avg_quarterly_sales)/ avg_quarterly_sales 
	else null end > 0.1
order by avg_quarterly_sales,
	 sum_sales,
	 i_manufact_id
limit 100;
psql:/tmp/s1-basline/power/query_0.sql:2654: NOTICE:  duration: 213.269 ms  plan:
Query Text: select  * from 
(select i_manufact_id,
sum(ss_sales_price) sum_sales,
avg(sum(ss_sales_price)) over (partition by i_manufact_id) avg_quarterly_sales
from item, store_sales, date_dim, store
where ss_item_sk = i_item_sk and
ss_sold_date_sk = d_date_sk and
ss_store_sk = s_store_sk and
d_month_seq in (1178,1178+1,1178+2,1178+3,1178+4,1178+5,1178+6,1178+7,1178+8,1178+9,1178+10,1178+11) and
((i_category in ('Books','Children','Electronics') and
i_class in ('personal','portable','reference','self-help') and
i_brand in ('scholaramalgamalg #14','scholaramalgamalg #7',
		'exportiunivamalg #9','scholaramalgamalg #9'))
or(i_category in ('Women','Music','Men') and
i_class in ('accessories','classical','fragrances','pants') and
i_brand in ('amalgimporto #1','edu packscholar #1','exportiimporto #1',
		'importoamalg #1')))
group by i_manufact_id, d_qoy ) tmp1
where case when avg_quarterly_sales > 0 
	then abs (sum_sales - avg_quarterly_sales)/ avg_quarterly_sales 
	else null end > 0.1
order by avg_quarterly_sales,
	 sum_sales,
	 i_manufact_id
limit 100;
Limit  (cost=7663.20..7663.21 rows=6 width=20) (actual time=213.215..213.228 rows=100 loops=1)
  ->  Sort  (cost=7663.20..7663.21 rows=6 width=20) (actual time=213.215..213.221 rows=100 loops=1)
        Sort Key: tmp1.avg_quarterly_sales, tmp1.sum_sales, tmp1.i_manufact_id
        Sort Method: top-N heapsort  Memory: 39kB
        ->  Subquery Scan on tmp1  (cost=7662.03..7663.12 rows=6 width=20) (actual time=206.629..212.970 rows=1477 loops=1)
              Filter: (CASE WHEN (tmp1.avg_quarterly_sales > '0'::double precision) THEN (abs((tmp1.sum_sales - tmp1.avg_quarterly_sales)) / tmp1.avg_quarterly_sales) ELSE NULL::double precision END > '0.1'::double precision)
              Rows Removed by Filter: 179
              ->  WindowAgg  (cost=7662.03..7662.69 rows=19 width=24) (actual time=206.627..212.770 rows=1656 loops=1)
                    ->  GroupAggregate  (cost=7662.03..7662.41 rows=19 width=16) (actual time=206.599..211.975 rows=1656 loops=1)
                          Group Key: item.i_manufact_id, date_dim.d_qoy
                          ->  Sort  (cost=7662.03..7662.07 rows=19 width=16) (actual time=206.589..208.026 rows=36205 loops=1)
                                Sort Key: item.i_manufact_id, date_dim.d_qoy
                                Sort Method: quicksort  Memory: 3513kB
                                ->  Nested Loop  (cost=0.76..7661.62 rows=19 width=16) (actual time=0.061..198.728 rows=36205 loops=1)
                                      Join Filter: (store_sales.ss_store_sk = store.s_store_sk)
                                      Rows Removed by Join Filter: 166016
                                      ->  Nested Loop  (cost=0.76..7657.18 rows=20 width=24) (actual time=0.054..175.192 rows=37059 loops=1)
                                            ->  Nested Loop  (cost=0.43..6923.02 rows=4157 width=28) (actual time=0.030..136.653 rows=117478 loops=1)
                                                  ->  Seq Scan on item  (cost=0.00..1931.00 rows=26 width=12) (actual time=0.021..15.994 rows=900 loops=1)
                                                        Filter: (((i_category = ANY ('{Books,Children,Electronics}'::bpchar[])) AND (i_class = ANY ('{personal,portable,reference,self-help}'::bpchar[])) AND (i_brand = ANY ('{"scholaramalgamalg #14","scholaramalgamalg #7","exportiunivamalg #9","scholaramalgamalg #9"}'::bpchar[]))) OR ((i_category = ANY ('{Women,Music,Men}'::bpchar[])) AND (i_class = ANY ('{accessories,classical,fragrances,pants}'::bpchar[])) AND (i_brand = ANY ('{"amalgimporto #1","edu packscholar #1","exportiimporto #1","importoamalg #1"}'::bpchar[]))))
                                                        Rows Removed by Filter: 17100
                                                  ->  Index Scan using pk_store_sales on store_sales  (cost=0.43..190.26 rows=174 width=32) (actual time=0.005..0.115 rows=131 loops=900)
                                                        Index Cond: (ss_item_sk = item.i_item_sk)
                                            ->  Memoize  (cost=0.33..0.36 rows=1 width=12) (actual time=0.000..0.000 rows=0 loops=117478)
                                                  Cache Key: store_sales.ss_sold_date_sk
                                                  Cache Mode: logical
                                                  Hits: 115747  Misses: 1731  Evictions: 0  Overflows: 0  Memory Usage: 139kB
                                                  ->  Index Scan using pk_date_dim on date_dim  (cost=0.32..0.35 rows=1 width=12) (actual time=0.001..0.001 rows=0 loops=1731)
                                                        Index Cond: (d_date_sk = store_sales.ss_sold_date_sk)
                                                        Filter: (d_month_seq = ANY ('{1178,1179,1180,1181,1182,1183,1184,1185,1186,1187,1188,1189}'::integer[]))
                                                        Rows Removed by Filter: 1
                                      ->  Materialize  (cost=0.00..1.18 rows=12 width=8) (actual time=0.000..0.000 rows=5 loops=37059)
                                            ->  Seq Scan on store  (cost=0.00..1.12 rows=12 width=8) (actual time=0.002..0.003 rows=12 loops=1)
 i_manufact_id |     sum_sales      | avg_quarterly_sales 
---------------+--------------------+---------------------
           196 |             156.04 |            332.6925
           196 |  413.8300000000001 |            332.6925
           196 | 439.00000000000006 |            332.6925
           185 |             188.52 |  356.91999999999996
           185 |             253.81 |  356.91999999999996
           185 |             651.64 |  356.91999999999996
           770 |             240.75 |             363.825
           770 |             285.68 |             363.825
           770 |             403.33 |             363.825
           770 |             525.54 |             363.825
           348 |             151.11 |  372.93500000000006
           348 | 253.98999999999998 |  372.93500000000006
           348 |              289.8 |  372.93500000000006
           348 |  796.8400000000001 |  372.93500000000006
           637 |             184.27 |            375.9375
           637 | 238.54999999999995 |            375.9375
           637 |             512.31 |            375.9375
           637 |             568.62 |            375.9375
           425 |             160.65 |            386.4425
           425 |             636.04 |            386.4425
           659 |             136.87 |  392.14000000000004
           659 |              334.8 |  392.14000000000004
           659 |             339.42 |  392.14000000000004
           659 |  757.4700000000001 |  392.14000000000004
           636 |              26.55 |  397.08500000000004
           636 |              298.8 |  397.08500000000004
           636 |             311.17 |  397.08500000000004
           636 |             951.82 |  397.08500000000004
           297 |             292.19 |  397.22249999999997
           297 |             354.76 |  397.22249999999997
           297 |  455.2799999999999 |  397.22249999999997
           297 | 486.65999999999997 |  397.22249999999997
            82 | 205.27999999999997 |              398.01
            82 |             314.01 |              398.01
            82 | 343.09000000000003 |              398.01
            82 |  729.6600000000001 |              398.01
           987 |             123.14 |             407.295
           987 |             273.28 |             407.295
           987 |             513.02 |             407.295
           987 |  719.7400000000001 |             407.295
            88 |              90.03 |  411.77750000000003
            88 |             127.59 |  411.77750000000003
            88 |             333.99 |  411.77750000000003
            88 |             1095.5 |  411.77750000000003
           134 | 224.02000000000004 |   412.2674999999999
           134 |             367.98 |   412.2674999999999
           134 |  669.2899999999998 |   412.2674999999999
           981 |              69.09 |             417.905
           981 |             137.94 |             417.905
           981 |             507.25 |             417.905
           981 |  957.3399999999999 |             417.905
           225 |              58.75 |            418.3425
           225 | 220.26999999999998 |            418.3425
           225 |  951.3299999999999 |            418.3425
           105 |             189.32 |  418.61749999999995
           105 | 198.19000000000003 |  418.61749999999995
           105 |             478.57 |  418.61749999999995
           105 |  808.3899999999999 |  418.61749999999995
           417 | 160.20999999999998 |             419.355
           417 |             229.49 |             419.355
           417 |             834.65 |             419.355
           895 |             197.43 |  422.18249999999995
           895 |             202.98 |  422.18249999999995
           895 |             208.17 |  422.18249999999995
           895 | 1080.1499999999999 |  422.18249999999995
           163 | 228.46999999999997 |  423.58750000000003
           163 |             239.25 |  423.58750000000003
           163 |  771.9400000000002 |  423.58750000000003
           793 |             236.09 |            425.8025
           793 |              344.1 |            425.8025
           793 |  380.0999999999999 |            425.8025
           793 |  742.9200000000001 |            425.8025
           421 |             184.41 |  426.71250000000003
           421 |             504.05 |  426.71250000000003
           421 |             572.26 |  426.71250000000003
           102 |             132.43 |             427.885
           102 |             234.08 |             427.885
           102 |             291.62 |             427.885
           102 | 1053.4099999999999 |             427.885
           899 | 244.78000000000003 |  431.38750000000005
           899 | 368.77000000000004 |  431.38750000000005
           899 |             384.28 |  431.38750000000005
           899 |             727.72 |  431.38750000000005
           455 |             210.99 |              434.76
           455 |             528.99 |              434.76
           455 |             594.17 |              434.76
           343 |             189.44 |            435.4725
           343 |             237.87 |            435.4725
           343 |             271.66 |            435.4725
           343 |            1042.92 |            435.4725
           676 |             220.44 |  435.79249999999996
           676 |             277.71 |  435.79249999999996
           676 |  841.2299999999998 |  435.79249999999996
           300 |             344.42 |  445.07750000000004
           300 | 361.39000000000004 |  445.07750000000004
           300 |  658.3800000000001 |  445.07750000000004
           684 |                132 |  445.80500000000006
           684 |              266.7 |  445.80500000000006
           684 |  612.0600000000001 |  445.80500000000006
           684 |  772.4600000000002 |  445.80500000000006
(100 rows)

UPDATE time_statistics SET e_time = TRANSACTION_TIMESTAMP() WHERE template = 'query53.tpl' AND stream = 0;
psql:/tmp/s1-basline/power/query_0.sql:2656: NOTICE:  duration: 0.030 ms  plan:
Query Text: UPDATE time_statistics SET e_time = TRANSACTION_TIMESTAMP() WHERE template = 'query53.tpl' AND stream = 0;
Update on time_statistics  (cost=0.00..1.42 rows=0 width=0) (actual time=0.029..0.029 rows=0 loops=1)
  ->  Seq Scan on time_statistics  (cost=0.00..1.42 rows=1 width=14) (actual time=0.014..0.014 rows=1 loops=1)
        Filter: ((template = 'query53.tpl'::text) AND (stream = 0))
        Rows Removed by Filter: 53
UPDATE 1
LOAD 'auto_explain'; SET auto_explain.log_min_duration TO 0; SET auto_explain.log_analyze TO on; SET auto_explain.log_level TO notice; INSERT INTO time_statistics (template, s_time, stream, query, seed) VALUES ('query54.tpl', TRANSACTION_TIMESTAMP(), 0, 54, 2084893243);
LOAD
SET
SET
SET
psql:/tmp/s1-basline/power/query_0.sql:2657: NOTICE:  duration: 0.009 ms  plan:
Query Text: INSERT INTO time_statistics (template, s_time, stream, query, seed) VALUES ('query54.tpl', TRANSACTION_TIMESTAMP(), 0, 54, 2084893243);
Insert on time_statistics  (cost=0.00..0.01 rows=0 width=0) (actual time=0.008..0.009 rows=0 loops=1)
  ->  Result  (cost=0.00..0.01 rows=1 width=64) (actual time=0.001..0.001 rows=1 loops=1)
INSERT 0 1
with my_customers as (
 select distinct c_customer_sk
        , c_current_addr_sk
 from   
        ( select cs_sold_date_sk sold_date_sk,
                 cs_bill_customer_sk customer_sk,
                 cs_item_sk item_sk
          from   catalog_sales
          union all
          select ws_sold_date_sk sold_date_sk,
                 ws_bill_customer_sk customer_sk,
                 ws_item_sk item_sk
          from   web_sales
         ) cs_or_ws_sales,
         item,
         date_dim,
         customer
 where   sold_date_sk = d_date_sk
         and item_sk = i_item_sk
         and i_category = 'Music'
         and i_class = 'pop'
         and c_customer_sk = cs_or_ws_sales.customer_sk
         and d_moy = 7
         and d_year = 2001
 )
 , my_revenue as (
 select c_customer_sk,
        sum(ss_ext_sales_price) as revenue
 from   my_customers,
        store_sales,
        customer_address,
        store,
        date_dim
 where  c_current_addr_sk = ca_address_sk
        and ca_county = s_county
        and ca_state = s_state
        and ss_sold_date_sk = d_date_sk
        and c_customer_sk = ss_customer_sk
        and d_month_seq between (select distinct d_month_seq+1
                                 from   date_dim where d_year = 2001 and d_moy = 7)
                           and  (select distinct d_month_seq+3
                                 from   date_dim where d_year = 2001 and d_moy = 7)
 group by c_customer_sk
 )
 , segments as
 (select cast((revenue/50) as int) as segment
  from   my_revenue
 )
  select  segment, count(*) as num_customers, segment*50 as segment_base
 from segments
 group by segment
 order by segment, num_customers
 limit 100;
psql:/tmp/s1-basline/power/query_0.sql:2710: NOTICE:  duration: 418.892 ms  plan:
Query Text: with my_customers as (
 select distinct c_customer_sk
        , c_current_addr_sk
 from   
        ( select cs_sold_date_sk sold_date_sk,
                 cs_bill_customer_sk customer_sk,
                 cs_item_sk item_sk
          from   catalog_sales
          union all
          select ws_sold_date_sk sold_date_sk,
                 ws_bill_customer_sk customer_sk,
                 ws_item_sk item_sk
          from   web_sales
         ) cs_or_ws_sales,
         item,
         date_dim,
         customer
 where   sold_date_sk = d_date_sk
         and item_sk = i_item_sk
         and i_category = 'Music'
         and i_class = 'pop'
         and c_customer_sk = cs_or_ws_sales.customer_sk
         and d_moy = 7
         and d_year = 2001
 )
 , my_revenue as (
 select c_customer_sk,
        sum(ss_ext_sales_price) as revenue
 from   my_customers,
        store_sales,
        customer_address,
        store,
        date_dim
 where  c_current_addr_sk = ca_address_sk
        and ca_county = s_county
        and ca_state = s_state
        and ss_sold_date_sk = d_date_sk
        and c_customer_sk = ss_customer_sk
        and d_month_seq between (select distinct d_month_seq+1
                                 from   date_dim where d_year = 2001 and d_moy = 7)
                           and  (select distinct d_month_seq+3
                                 from   date_dim where d_year = 2001 and d_moy = 7)
 group by c_customer_sk
 )
 , segments as
 (select cast((revenue/50) as int) as segment
  from   my_revenue
 )
  select  segment, count(*) as num_customers, segment*50 as segment_base
 from segments
 group by segment
 order by segment, num_customers
 limit 100;
Limit  (cost=105313.68..105313.68 rows=1 width=16) (actual time=320.145..418.889 rows=0 loops=1)
  ->  Sort  (cost=105313.68..105313.68 rows=1 width=16) (actual time=320.144..418.888 rows=0 loops=1)
        Sort Key: (((my_revenue.revenue / '50'::double precision))::integer), (count(*))
        Sort Method: quicksort  Memory: 25kB
        ->  GroupAggregate  (cost=105313.64..105313.67 rows=1 width=16) (actual time=320.141..418.885 rows=0 loops=1)
              Group Key: (((my_revenue.revenue / '50'::double precision))::integer)
              ->  Sort  (cost=105313.64..105313.64 rows=1 width=12) (actual time=320.141..418.884 rows=0 loops=1)
                    Sort Key: (((my_revenue.revenue / '50'::double precision))::integer)
                    Sort Method: quicksort  Memory: 25kB
                    ->  Subquery Scan on my_revenue  (cost=105313.59..105313.63 rows=1 width=12) (actual time=320.139..418.883 rows=0 loops=1)
                          ->  GroupAggregate  (cost=105313.59..105313.61 rows=1 width=16) (actual time=320.139..418.882 rows=0 loops=1)
                                Group Key: customer.c_customer_sk
                                InitPlan 1 (returns $0)
                                  ->  Unique  (cost=2501.55..2501.70 rows=30 width=4) (never executed)
                                        ->  Sort  (cost=2501.55..2501.62 rows=30 width=4) (never executed)
                                              Sort Key: ((date_dim_2.d_month_seq + 1))
                                              ->  Seq Scan on date_dim date_dim_2  (cost=0.00..2500.81 rows=30 width=4) (never executed)
                                                    Filter: ((d_year = 2001) AND (d_moy = 7))
                                InitPlan 2 (returns $1)
                                  ->  Unique  (cost=2501.55..2501.70 rows=30 width=4) (never executed)
                                        ->  Sort  (cost=2501.55..2501.62 rows=30 width=4) (never executed)
                                              Sort Key: ((date_dim_3.d_month_seq + 3))
                                              ->  Seq Scan on date_dim date_dim_3  (cost=0.00..2500.81 rows=30 width=4) (never executed)
                                                    Filter: ((d_year = 2001) AND (d_moy = 7))
                                ->  Sort  (cost=100310.20..100310.20 rows=1 width=16) (actual time=320.138..418.879 rows=0 loops=1)
                                      Sort Key: customer.c_customer_sk
                                      Sort Method: quicksort  Memory: 25kB
                                      ->  Nested Loop  (cost=10689.57..100310.19 rows=1 width=16) (actual time=320.136..418.877 rows=0 loops=1)
                                            ->  Gather  (cost=10689.27..100309.87 rows=1 width=24) (actual time=320.136..418.876 rows=0 loops=1)
                                                  Workers Planned: 2
                                                  Workers Launched: 2
                                                  ->  Hash Join  (cost=9689.27..99309.77 rows=1 width=24) (actual time=262.354..262.358 rows=0 loops=3)
                                                        Hash Cond: (store_sales.ss_customer_sk = customer.c_customer_sk)
                                                        ->  Parallel Seq Scan on store_sales  (cost=0.00..85123.48 rows=1199148 width=24) (actual time=0.016..0.016 rows=1 loops=3)
                                                        ->  Hash  (cost=9689.26..9689.26 rows=1 width=8) (actual time=262.248..262.251 rows=0 loops=3)
                                                              Buckets: 1024  Batches: 1  Memory Usage: 8kB
                                                              ->  Nested Loop  (cost=9682.93..9689.26 rows=1 width=8) (actual time=262.247..262.250 rows=0 loops=3)
                                                                    Join Filter: (((customer_address.ca_county)::text = (store.s_county)::text) AND (customer_address.ca_state = store.s_state))
                                                                    Rows Removed by Join Filter: 5856
                                                                    ->  Nested Loop  (cost=9682.93..9687.69 rows=2 width=25) (actual time=259.652..261.472 rows=488 loops=3)
                                                                          ->  Unique  (cost=9682.64..9682.66 rows=2 width=16) (actual time=259.619..259.723 rows=488 loops=3)
                                                                                ->  Sort  (cost=9682.64..9682.65 rows=2 width=16) (actual time=259.618..259.651 rows=561 loops=3)
                                                                                      Sort Key: customer.c_customer_sk, customer.c_current_addr_sk
                                                                                      Sort Method: quicksort  Memory: 55kB
                                                                                      Worker 0:  Sort Method: quicksort  Memory: 55kB
                                                                                      Worker 1:  Sort Method: quicksort  Memory: 55kB
                                                                                      ->  Nested Loop  (cost=1.01..9682.63 rows=2 width=16) (actual time=0.935..259.432 rows=561 loops=3)
                                                                                            ->  Nested Loop  (cost=0.72..9682.01 rows=2 width=8) (actual time=0.884..256.235 rows=562 loops=3)
                                                                                                  ->  Nested Loop  (cost=0.43..8015.48 rows=5277 width=16) (actual time=0.126..169.640 rows=56021 loops=3)
                                                                                                        ->  Seq Scan on item  (cost=0.00..1526.00 rows=44 width=8) (actual time=0.049..11.001 rows=458 loops=3)
                                                                                                              Filter: ((i_category = 'Music'::bpchar) AND (i_class = 'pop'::bpchar))
                                                                                                              Rows Removed by Filter: 17542
                                                                                                        ->  Append  (cost=0.43..146.17 rows=132 width=24) (actual time=0.010..0.336 rows=122 loops=1374)
                                                                                                              ->  Index Scan using pk_catalog_sales on catalog_sales  (cost=0.43..96.49 rows=88 width=24) (actual time=0.010..0.222 rows=82 loops=1374)
                                                                                                                    Index Cond: (cs_item_sk = item.i_item_sk)
                                                                                                              ->  Index Scan using pk_web_sales on web_sales  (cost=0.42..49.02 rows=44 width=24) (actual time=0.008..0.106 rows=41 loops=1374)
                                                                                                                    Index Cond: (ws_item_sk = item.i_item_sk)
                                                                                                  ->  Index Scan using pk_date_dim on date_dim date_dim_1  (cost=0.29..0.32 rows=1 width=8) (actual time=0.001..0.001 rows=0 loops=168063)
                                                                                                        Index Cond: (d_date_sk = catalog_sales.cs_sold_date_sk)
                                                                                                        Filter: ((d_moy = 7) AND (d_year = 2001))
                                                                                                        Rows Removed by Filter: 1
                                                                                            ->  Index Scan using pk_customer on customer  (cost=0.29..0.31 rows=1 width=16) (actual time=0.005..0.005 rows=1 loops=1686)
                                                                                                  Index Cond: (c_customer_sk = catalog_sales.cs_bill_customer_sk)
                                                                          ->  Index Scan using pk_customer_address on customer_address  (cost=0.29..2.51 rows=1 width=25) (actual time=0.003..0.003 rows=1 loops=1464)
                                                                                Index Cond: (ca_address_sk = customer.c_current_addr_sk)
                                                                    ->  Materialize  (cost=0.00..1.18 rows=12 width=21) (actual time=0.000..0.001 rows=12 loops=1464)
                                                                          ->  Seq Scan on store  (cost=0.00..1.12 rows=12 width=21) (actual time=0.030..0.034 rows=12 loops=3)
                                            ->  Index Scan using pk_date_dim on date_dim  (cost=0.29..0.32 rows=1 width=8) (never executed)
                                                  Index Cond: (d_date_sk = store_sales.ss_sold_date_sk)
                                                  Filter: ((d_month_seq >= $0) AND (d_month_seq <= $1))
 segment | num_customers | segment_base 
---------+---------------+--------------
(0 rows)

UPDATE time_statistics SET e_time = TRANSACTION_TIMESTAMP() WHERE template = 'query54.tpl' AND stream = 0;
psql:/tmp/s1-basline/power/query_0.sql:2712: NOTICE:  duration: 0.030 ms  plan:
Query Text: UPDATE time_statistics SET e_time = TRANSACTION_TIMESTAMP() WHERE template = 'query54.tpl' AND stream = 0;
Update on time_statistics  (cost=0.00..1.42 rows=0 width=0) (actual time=0.030..0.030 rows=0 loops=1)
  ->  Seq Scan on time_statistics  (cost=0.00..1.42 rows=1 width=14) (actual time=0.016..0.016 rows=1 loops=1)
        Filter: ((template = 'query54.tpl'::text) AND (stream = 0))
        Rows Removed by Filter: 54
UPDATE 1
LOAD 'auto_explain'; SET auto_explain.log_min_duration TO 0; SET auto_explain.log_analyze TO on; SET auto_explain.log_level TO notice; INSERT INTO time_statistics (template, s_time, stream, query, seed) VALUES ('query55.tpl', TRANSACTION_TIMESTAMP(), 0, 55, 1329856529);
LOAD
SET
SET
SET
psql:/tmp/s1-basline/power/query_0.sql:2713: NOTICE:  duration: 0.009 ms  plan:
Query Text: INSERT INTO time_statistics (template, s_time, stream, query, seed) VALUES ('query55.tpl', TRANSACTION_TIMESTAMP(), 0, 55, 1329856529);
Insert on time_statistics  (cost=0.00..0.01 rows=0 width=0) (actual time=0.008..0.008 rows=0 loops=1)
  ->  Result  (cost=0.00..0.01 rows=1 width=64) (actual time=0.001..0.001 rows=1 loops=1)
INSERT 0 1
select  i_brand_id brand_id, i_brand brand,
 	sum(ss_ext_sales_price) ext_price
 from date_dim, store_sales, item
 where d_date_sk = ss_sold_date_sk
 	and ss_item_sk = i_item_sk
 	and i_manager_id=3
 	and d_moy=11
 	and d_year=2002
 group by i_brand, i_brand_id
 order by ext_price desc, i_brand_id
limit 100 ;
psql:/tmp/s1-basline/power/query_0.sql:2724: NOTICE:  duration: 187.248 ms  plan:
Query Text: select  i_brand_id brand_id, i_brand brand,
 	sum(ss_ext_sales_price) ext_price
 from date_dim, store_sales, item
 where d_date_sk = ss_sold_date_sk
 	and ss_item_sk = i_item_sk
 	and i_manager_id=3
 	and d_moy=11
 	and d_year=2002
 group by i_brand, i_brand_id
 order by ext_price desc, i_brand_id
limit 100 ;
Limit  (cost=41150.79..41150.85 rows=21 width=63) (actual time=187.183..187.195 rows=100 loops=1)
  ->  Sort  (cost=41150.79..41150.85 rows=21 width=63) (actual time=187.182..187.187 rows=100 loops=1)
        Sort Key: (sum(store_sales.ss_ext_sales_price)) DESC, item.i_brand_id
        Sort Method: quicksort  Memory: 44kB
        ->  GroupAggregate  (cost=41149.91..41150.33 rows=21 width=63) (actual time=186.778..187.146 rows=141 loops=1)
              Group Key: item.i_brand, item.i_brand_id
              ->  Sort  (cost=41149.91..41149.96 rows=21 width=63) (actual time=186.769..186.832 rows=1661 loops=1)
                    Sort Key: item.i_brand, item.i_brand_id
                    Sort Method: quicksort  Memory: 217kB
                    ->  Nested Loop  (cost=0.72..41149.45 rows=21 width=63) (actual time=4.657..184.783 rows=1661 loops=1)
                          ->  Nested Loop  (cost=0.43..40813.12 rows=1092 width=16) (actual time=4.259..49.761 rows=89671 loops=1)
                                ->  Seq Scan on date_dim  (cost=0.00..2500.73 rows=29 width=8) (actual time=4.231..8.839 rows=30 loops=1)
                                      Filter: ((d_moy = 11) AND (d_year = 2002))
                                      Rows Removed by Filter: 73019
                                ->  Index Scan using i_ss_sold_date_sk on store_sales  (cost=0.43..1306.04 rows=1508 width=24) (actual time=0.006..0.944 rows=2989 loops=30)
                                      Index Cond: (ss_sold_date_sk = date_dim.d_date_sk)
                          ->  Index Scan using pk_item on item  (cost=0.29..0.31 rows=1 width=63) (actual time=0.001..0.001 rows=0 loops=89671)
                                Index Cond: (i_item_sk = store_sales.ss_item_sk)
                                Filter: (i_manager_id = 3)
                                Rows Removed by Filter: 1
 brand_id |                       brand                        |     ext_price      
----------+----------------------------------------------------+--------------------
  1003002 | exportiamalg #2                                    |           88531.33
  1002002 | importoamalg #2                                    |  75080.69999999998
  9004010 | edu packmaxi #10                                   |           63611.79
  7007002 | brandbrand #2                                      |           56974.08
  2004002 | edu packimporto #2                                 |  52081.75000000001
  3003001 | exportiexporti #1                                  |  48737.10999999999
  4004001 | edu packedu pack #1                                | 40127.409999999996
  3001001 | amalgexporti #1                                    |           39993.57
  5001002 | amalgscholar #2                                    | 37006.729999999996
  4001002 | amalgedu pack #2                                   | 36897.369999999995
  1003001 | exportiamalg #1                                    | 35436.649999999994
  9001006 | univamalgamalg #6                                  | 35196.479999999996
 10016012 | corpamalgamalg #12                                 |           34483.96
  1001002 | amalgamalg #2                                      | 34337.880000000005
  2001001 | edu packimporto #2                                 |  34303.49999999999
 10010003 | univamalgamalg #3                                  |           34303.01
  5003001 | exportischolar #1                                  |           33880.34
 10005017 | scholarunivamalg #17                               | 33554.979999999996
  7012008 | importonameless #8                                 | 32500.379999999997
  4003002 | exportiedu pack #2                                 | 32304.829999999998
  6011008 | amalgbrand #8                                      | 31913.900000000005
  5002001 | importocorp #6                                     |            31583.1
 10005004 | scholarunivamalg #4                                | 31484.569999999996
 10011011 | exportiamalg #1                                    |           30967.72
  6003003 | exporticorp #3                                     |           30470.61
 10006013 | corpunivamalg #13                                  |           29669.47
  7011005 | edu packscholar #2                                 | 29050.890000000003
  3002002 | importoexporti #2                                  | 28983.579999999998
  3004001 | edu packexporti #1                                 |            27819.5
  8015002 | amalgscholar #1                                    |           27643.52
  7009010 | amalgedu pack #1                                   | 27479.229999999996
  4002001 | importoedu pack #1                                 |           26673.77
  5001001 | amalgamalg #1                                      | 26224.080000000005
 10013012 | exportiamalg #1                                    | 26197.479999999996
  6007002 | brandcorp #2                                       | 26175.589999999997
  8006003 | importoimporto #1                                  | 26127.729999999996
 10001014 | namelessmaxi #4                                    |           25740.97
  3001002 | namelessnameless #3                                | 25500.469999999998
  8002010 | importonameless #10                                | 25351.260000000002
  5003002 | exportischolar #2                                  | 24899.420000000002
  7015006 | scholarnameless #6                                 |           24340.42
 10006010 | corpunivamalg #10                                  | 24058.199999999997
  4002002 | importoedu pack #2                                 | 23776.499999999996
  7009005 | importocorp #4                                     |           23525.21
 10013001 | exportiamalgamalg #1                               |           23524.28
  8014006 | edu packmaxi #6                                    |           23519.05
  9005008 | scholarmaxi #8                                     | 23433.129999999997
  2002001 | exportiimporto #1                                  | 23423.550000000003
  5004002 | edu packscholar #2                                 | 23423.510000000002
  5003002 | importoedu pack #1                                 | 23338.479999999996
 10011017 | exportiamalg #1                                    | 23145.759999999995
  6010006 | univbrand #6                                       |           23115.04
  8006003 | corpnameless #3                                    |           23062.89
 10001011 | amalgunivamalg #11                                 | 22827.300000000003
 10016003 | amalgexporti #1                                    |           22731.44
  6016004 | corpbrand #4                                       |           22525.47
  1004002 | edu packamalg #2                                   | 22168.719999999998
  2004001 | edu packimporto #1                                 | 22085.269999999997
  7013008 | exportinameless #8                                 |           21867.54
  5002001 | amalgexporti #1                                    |           21782.02
  7005001 | scholarbrand #1                                    |            21739.6
  1004001 | importoamalgamalg #9                               |           21422.71
  9003001 | exportimaxi #1                                     |           21289.77
  8007008 | brandnameless #8                                   | 21102.129999999997
  6007003 | brandcorp #3                                       | 20819.850000000002
  6012008 | importobrand #8                                    |           20249.48
  5004002 | amalgimporto #1                                    | 19997.440000000002
  6011001 | amalgbrand #1                                      |           19955.65
  2002001 | edu packexporti #2                                 |           19180.07
 10003017 | exportiunivamalg #17                               |           18642.64
  7010004 | brandmaxi #1                                       | 18621.629999999997
  8005003 | scholarnameless #3                                 |           18519.72
  7012004 | importonameless #4                                 |           18498.48
  5003001 | brandbrand #10                                     | 18389.049999999996
  3004002 | edu packexporti #2                                 |           18352.75
  8009003 | importomaxi #4                                     |           17709.79
  6006005 | maxicorp #6                                        |           17653.86
  4004002 | edu packedu pack #2                                |           17618.93
  7015005 | scholarnameless #5                                 |           17448.59
  8005002 | scholarnameless #2                                 |           17241.83
 10005011 | amalgcorp #1                                       |           16860.66
  6008004 | namelesscorp #4                                    |           16842.89
  9001007 | amalgmaxi #7                                       |           16802.03
  9003002 | exportimaxi #2                                     |           16560.02
  5003002 | brandbrand #9                                      |            16388.6
  5001001 | amalgscholar #1                                    | 16024.179999999998
  4003002 | amalgscholar #1                                    | 15224.859999999999
  5002002 | importoscholar #2                                  |           15170.27
  8014008 | edu packmaxi #8                                    |           15095.83
  8002004 | importonameless #4                                 | 14702.310000000001
  5003001 | importoamalg #2                                    |           14212.68
  2004001 | importoscholar #2                                  | 14210.980000000001
  7014007 | namelessunivamalg #11                              |           14079.72
  8005005 | scholarnameless #5                                 | 14045.239999999998
  9002006 | edu packimporto #1                                 | 13963.079999999998
  9013003 | univmaxi #6                                        |           13805.92
  5003001 | amalgamalg #2                                      | 13782.519999999999
  4004001 | edu packscholar #2                                 |           13442.61
  6003005 | exporticorp #5                                     | 13282.039999999999
  4003001 | importounivamalg #11                               |            13223.5
(100 rows)

UPDATE time_statistics SET e_time = TRANSACTION_TIMESTAMP() WHERE template = 'query55.tpl' AND stream = 0;
psql:/tmp/s1-basline/power/query_0.sql:2726: NOTICE:  duration: 0.041 ms  plan:
Query Text: UPDATE time_statistics SET e_time = TRANSACTION_TIMESTAMP() WHERE template = 'query55.tpl' AND stream = 0;
Update on time_statistics  (cost=0.00..1.42 rows=0 width=0) (actual time=0.040..0.040 rows=0 loops=1)
  ->  Seq Scan on time_statistics  (cost=0.00..1.42 rows=1 width=14) (actual time=0.016..0.016 rows=1 loops=1)
        Filter: ((template = 'query55.tpl'::text) AND (stream = 0))
        Rows Removed by Filter: 55
UPDATE 1
LOAD 'auto_explain'; SET auto_explain.log_min_duration TO 0; SET auto_explain.log_analyze TO on; SET auto_explain.log_level TO notice; INSERT INTO time_statistics (template, s_time, stream, query, seed) VALUES ('query56.tpl', TRANSACTION_TIMESTAMP(), 0, 56, 228474529);
LOAD
SET
SET
SET
psql:/tmp/s1-basline/power/query_0.sql:2727: NOTICE:  duration: 0.008 ms  plan:
Query Text: INSERT INTO time_statistics (template, s_time, stream, query, seed) VALUES ('query56.tpl', TRANSACTION_TIMESTAMP(), 0, 56, 228474529);
Insert on time_statistics  (cost=0.00..0.01 rows=0 width=0) (actual time=0.008..0.008 rows=0 loops=1)
  ->  Result  (cost=0.00..0.01 rows=1 width=64) (actual time=0.001..0.002 rows=1 loops=1)
INSERT 0 1
with ss as (
 select i_item_id,sum(ss_ext_sales_price) total_sales
 from
 	store_sales,
 	date_dim,
         customer_address,
         item
 where i_item_id in (select
     i_item_id
from item
where i_color in ('aquamarine','frosted','cyan'))
 and     ss_item_sk              = i_item_sk
 and     ss_sold_date_sk         = d_date_sk
 and     d_year                  = 2002
 and     d_moy                   = 7
 and     ss_addr_sk              = ca_address_sk
 and     ca_gmt_offset           = -6 
 group by i_item_id),
 cs as (
 select i_item_id,sum(cs_ext_sales_price) total_sales
 from
 	catalog_sales,
 	date_dim,
         customer_address,
         item
 where
         i_item_id               in (select
  i_item_id
from item
where i_color in ('aquamarine','frosted','cyan'))
 and     cs_item_sk              = i_item_sk
 and     cs_sold_date_sk         = d_date_sk
 and     d_year                  = 2002
 and     d_moy                   = 7
 and     cs_bill_addr_sk         = ca_address_sk
 and     ca_gmt_offset           = -6 
 group by i_item_id),
 ws as (
 select i_item_id,sum(ws_ext_sales_price) total_sales
 from
 	web_sales,
 	date_dim,
         customer_address,
         item
 where
         i_item_id               in (select
  i_item_id
from item
where i_color in ('aquamarine','frosted','cyan'))
 and     ws_item_sk              = i_item_sk
 and     ws_sold_date_sk         = d_date_sk
 and     d_year                  = 2002
 and     d_moy                   = 7
 and     ws_bill_addr_sk         = ca_address_sk
 and     ca_gmt_offset           = -6
 group by i_item_id)
  select  i_item_id ,sum(total_sales) total_sales
 from  (select * from ss 
        union all
        select * from cs 
        union all
        select * from ws) tmp1
 group by i_item_id
 order by total_sales,
          i_item_id
 limit 100;
psql:/tmp/s1-basline/power/query_0.sql:2793: NOTICE:  duration: 282.533 ms  plan:
Query Text: with ss as (
 select i_item_id,sum(ss_ext_sales_price) total_sales
 from
 	store_sales,
 	date_dim,
         customer_address,
         item
 where i_item_id in (select
     i_item_id
from item
where i_color in ('aquamarine','frosted','cyan'))
 and     ss_item_sk              = i_item_sk
 and     ss_sold_date_sk         = d_date_sk
 and     d_year                  = 2002
 and     d_moy                   = 7
 and     ss_addr_sk              = ca_address_sk
 and     ca_gmt_offset           = -6 
 group by i_item_id),
 cs as (
 select i_item_id,sum(cs_ext_sales_price) total_sales
 from
 	catalog_sales,
 	date_dim,
         customer_address,
         item
 where
         i_item_id               in (select
  i_item_id
from item
where i_color in ('aquamarine','frosted','cyan'))
 and     cs_item_sk              = i_item_sk
 and     cs_sold_date_sk         = d_date_sk
 and     d_year                  = 2002
 and     d_moy                   = 7
 and     cs_bill_addr_sk         = ca_address_sk
 and     ca_gmt_offset           = -6 
 group by i_item_id),
 ws as (
 select i_item_id,sum(ws_ext_sales_price) total_sales
 from
 	web_sales,
 	date_dim,
         customer_address,
         item
 where
         i_item_id               in (select
  i_item_id
from item
where i_color in ('aquamarine','frosted','cyan'))
 and     ws_item_sk              = i_item_sk
 and     ws_sold_date_sk         = d_date_sk
 and     d_year                  = 2002
 and     d_moy                   = 7
 and     ws_bill_addr_sk         = ca_address_sk
 and     ca_gmt_offset           = -6
 group by i_item_id)
  select  i_item_id ,sum(total_sales) total_sales
 from  (select * from ss 
        union all
        select * from cs 
        union all
        select * from ws) tmp1
 group by i_item_id
 order by total_sales,
          i_item_id
 limit 100;
Limit  (cost=9104.09..9104.12 rows=13 width=25) (actual time=199.304..282.502 rows=100 loops=1)
  ->  Sort  (cost=9104.09..9104.12 rows=13 width=25) (actual time=199.303..282.495 rows=100 loops=1)
        Sort Key: (sum((sum(store_sales.ss_ext_sales_price)))), item.i_item_id
        Sort Method: quicksort  Memory: 33kB
        ->  GroupAggregate  (cost=9103.62..9103.85 rows=13 width=25) (actual time=199.222..282.463 rows=113 loops=1)
              Group Key: item.i_item_id
              ->  Sort  (cost=9103.62..9103.65 rows=13 width=25) (actual time=199.219..282.415 rows=189 loops=1)
                    Sort Key: item.i_item_id
                    Sort Method: quicksort  Memory: 38kB
                    ->  Gather  (cost=5509.54..9103.38 rows=13 width=25) (actual time=29.584..282.066 rows=189 loops=1)
                          Workers Planned: 2
                          Workers Launched: 2
                          ->  Parallel Append  (cost=4509.54..8102.08 rows=6 width=25) (actual time=106.477..106.517 rows=63 loops=3)
                                ->  GroupAggregate  (cost=6142.50..6142.62 rows=7 width=25) (actual time=190.889..190.938 rows=93 loops=1)
                                      Group Key: item.i_item_id
                                      ->  Sort  (cost=6142.50..6142.52 rows=7 width=25) (actual time=190.882..190.890 rows=168 loops=1)
                                            Sort Key: item.i_item_id
                                            Worker 1:  Sort Method: quicksort  Memory: 36kB
                                            ->  Nested Loop  (cost=1505.13..6142.40 rows=7 width=25) (actual time=28.623..190.608 rows=168 loops=1)
                                                  ->  Nested Loop  (cost=1504.84..6137.43 rows=16 width=33) (actual time=28.570..188.359 rows=361 loops=1)
                                                        ->  Nested Loop  (cost=1504.54..4527.62 rows=41367 width=41) (actual time=24.212..172.363 rows=40959 loops=1)
                                                              ->  Nested Loop  (cost=1504.11..1869.39 rows=259 width=25) (actual time=24.129..25.370 rows=293 loops=1)
                                                                    ->  HashAggregate  (cost=1503.82..1505.11 rows=129 width=17) (actual time=24.058..24.103 rows=129 loops=1)
                                                                          Group Key: item_1.i_item_id
                                                                          Worker 1:  Batches: 1  Memory Usage: 48kB
                                                                          ->  Seq Scan on item item_1  (cost=0.00..1503.50 rows=129 width=17) (actual time=0.288..24.001 rows=129 loops=1)
                                                                                Filter: (i_color = ANY ('{aquamarine,frosted,cyan}'::bpchar[]))
                                                                                Rows Removed by Filter: 17871
                                                                    ->  Index Scan using i_i_item_id on item  (cost=0.29..2.80 rows=2 width=25) (actual time=0.008..0.009 rows=2 loops=129)
                                                                          Index Cond: (i_item_id = item_1.i_item_id)
                                                              ->  Index Scan using pk_store_sales on store_sales  (cost=0.43..8.52 rows=174 width=32) (actual time=0.010..0.477 rows=140 loops=293)
                                                                    Index Cond: (ss_item_sk = item.i_item_sk)
                                                        ->  Memoize  (cost=0.30..0.33 rows=1 width=8) (actual time=0.000..0.000 rows=0 loops=40959)
                                                              Cache Key: store_sales.ss_sold_date_sk
                                                              Cache Mode: logical
                                                              Worker 1:  Hits: 39136  Misses: 1823  Evictions: 0  Overflows: 0  Memory Usage: 130kB
                                                              ->  Index Scan using pk_date_dim on date_dim  (cost=0.29..0.32 rows=1 width=8) (actual time=0.002..0.002 rows=0 loops=1823)
                                                                    Index Cond: (d_date_sk = store_sales.ss_sold_date_sk)
                                                                    Filter: ((d_year = 2002) AND (d_moy = 7))
                                                                    Rows Removed by Filter: 1
                                                  ->  Index Scan using pk_customer_address on customer_address  (cost=0.29..0.31 rows=1 width=8) (actual time=0.006..0.006 rows=0 loops=361)
                                                        Index Cond: (ca_address_sk = store_sales.ss_addr_sk)
                                                        Filter: (ca_gmt_offset = '-6'::double precision)
                                                        Rows Removed by Filter: 1
                                ->  GroupAggregate  (cost=4509.54..4509.61 rows=4 width=25) (actual time=99.792..99.819 rows=63 loops=1)
                                      Group Key: item_2.i_item_id
                                      ->  Sort  (cost=4509.54..4509.55 rows=4 width=25) (actual time=99.783..99.788 rows=81 loops=1)
                                            Sort Key: item_2.i_item_id
                                            Worker 0:  Sort Method: quicksort  Memory: 30kB
                                            ->  Nested Loop Semi Join  (cost=1.29..4509.50 rows=4 width=25) (actual time=10.778..99.634 rows=81 loops=1)
                                                  ->  Nested Loop  (cost=1.00..4403.21 rows=259 width=25) (actual time=7.975..64.843 rows=6025 loops=1)
                                                        ->  Nested Loop  (cost=0.72..4323.96 rows=259 width=16) (actual time=7.900..47.429 rows=6025 loops=1)
                                                              ->  Nested Loop  (cost=0.43..4141.10 rows=588 width=24) (actual time=7.662..24.246 rows=14448 loops=1)
                                                                    ->  Seq Scan on date_dim date_dim_1  (cost=0.00..2500.73 rows=30 width=8) (actual time=7.582..14.169 rows=31 loops=1)
                                                                          Filter: ((d_year = 2002) AND (d_moy = 7))
                                                                          Rows Removed by Filter: 73018
                                                                    ->  Index Scan using i_cs_sold_date_sk on catalog_sales  (cost=0.43..46.86 rows=782 width=32) (actual time=0.007..0.203 rows=466 loops=31)
                                                                          Index Cond: (cs_sold_date_sk = date_dim_1.d_date_sk)
                                                              ->  Index Scan using pk_customer_address on customer_address customer_address_1  (cost=0.29..0.31 rows=1 width=8) (actual time=0.001..0.001 rows=0 loops=14448)
                                                                    Index Cond: (ca_address_sk = catalog_sales.cs_bill_addr_sk)
                                                                    Filter: (ca_gmt_offset = '-6'::double precision)
                                                                    Rows Removed by Filter: 1
                                                        ->  Index Scan using pk_item on item item_2  (cost=0.29..0.31 rows=1 width=25) (actual time=0.003..0.003 rows=1 loops=6025)
                                                              Index Cond: (i_item_sk = catalog_sales.cs_item_sk)
                                                  ->  Index Scan using i_i_item_id on item item_3  (cost=0.29..0.41 rows=1 width=17) (actual time=0.006..0.006 rows=0 loops=6025)
                                                        Index Cond: (i_item_id = item_2.i_item_id)
                                                        Filter: (i_color = ANY ('{aquamarine,frosted,cyan}'::bpchar[]))
                                                        Rows Removed by Filter: 2
                                ->  GroupAggregate  (cost=3592.34..3592.38 rows=2 width=25) (actual time=28.748..28.764 rows=33 loops=1)
                                      Group Key: item_4.i_item_id
                                      ->  Sort  (cost=3592.34..3592.35 rows=2 width=25) (actual time=28.744..28.747 rows=44 loops=1)
                                            Sort Key: item_4.i_item_id
                                            Sort Method: quicksort  Memory: 28kB
                                            ->  Nested Loop  (cost=1505.13..3592.33 rows=2 width=25) (actual time=10.267..28.688 rows=44 loops=1)
                                                  ->  Nested Loop  (cost=1504.84..3591.08 rows=4 width=33) (actual time=10.261..28.321 rows=107 loops=1)
                                                        ->  Nested Loop  (cost=1504.53..2754.27 rows=10341 width=41) (actual time=9.952..22.832 rows=10048 loops=1)
                                                              ->  Nested Loop  (cost=1504.11..1869.39 rows=259 width=25) (actual time=9.941..11.040 rows=293 loops=1)
                                                                    ->  HashAggregate  (cost=1503.82..1505.11 rows=129 width=17) (actual time=9.916..9.941 rows=129 loops=1)
                                                                          Group Key: item_5.i_item_id
                                                                          Batches: 1  Memory Usage: 48kB
                                                                          ->  Seq Scan on item item_5  (cost=0.00..1503.50 rows=129 width=17) (actual time=0.085..9.882 rows=129 loops=1)
                                                                                Filter: (i_color = ANY ('{aquamarine,frosted,cyan}'::bpchar[]))
                                                                                Rows Removed by Filter: 17871
                                                                    ->  Index Scan using i_i_item_id on item item_4  (cost=0.29..2.80 rows=2 width=25) (actual time=0.008..0.008 rows=2 loops=129)
                                                                          Index Cond: (i_item_id = item_5.i_item_id)
                                                              ->  Index Scan using pk_web_sales on web_sales  (cost=0.42..2.98 rows=44 width=32) (actual time=0.003..0.035 rows=34 loops=293)
                                                                    Index Cond: (ws_item_sk = item_4.i_item_sk)
                                                        ->  Memoize  (cost=0.30..0.33 rows=1 width=8) (actual time=0.000..0.000 rows=0 loops=10048)
                                                              Cache Key: web_sales.ws_sold_date_sk
                                                              Cache Mode: logical
                                                              Hits: 8275  Misses: 1773  Evictions: 0  Overflows: 0  Memory Usage: 126kB
                                                              ->  Index Scan using pk_date_dim on date_dim date_dim_2  (cost=0.29..0.32 rows=1 width=8) (actual time=0.001..0.001 rows=0 loops=1773)
                                                                    Index Cond: (d_date_sk = web_sales.ws_sold_date_sk)
                                                                    Filter: ((d_year = 2002) AND (d_moy = 7))
                                                                    Rows Removed by Filter: 1
                                                  ->  Index Scan using pk_customer_address on customer_address customer_address_2  (cost=0.29..0.31 rows=1 width=8) (actual time=0.003..0.003 rows=0 loops=107)
                                                        Index Cond: (ca_address_sk = web_sales.ws_bill_addr_sk)
                                                        Filter: (ca_gmt_offset = '-6'::double precision)
                                                        Rows Removed by Filter: 1
    i_item_id     |    total_sales     
------------------+--------------------
 AAAAAAAAOHOAAAAA |                  0
 AAAAAAAAMEEAAAAA |               4.84
 AAAAAAAAPLOAAAAA |              22.94
 AAAAAAAAJMEDAAAA |              52.92
 AAAAAAAAGGKAAAAA |              89.88
 AAAAAAAAIONAAAAA |               92.4
 AAAAAAAAGPODAAAA |              100.8
 AAAAAAAAEKAAAAAA |             101.63
 AAAAAAAAIAEEAAAA |             167.91
 AAAAAAAABJGDAAAA | 267.71000000000004
 AAAAAAAAAGKBAAAA |                273
 AAAAAAAAAHFCAAAA |              456.9
 AAAAAAAACKFCAAAA |             503.97
 AAAAAAAAMALDAAAA |             505.66
 AAAAAAAAIKHDAAAA |             516.35
 AAAAAAAAFCMAAAAA |             547.47
 AAAAAAAALNPBAAAA |             557.04
 AAAAAAAAOFDBAAAA |             575.73
 AAAAAAAAEPGAAAAA |             656.64
 AAAAAAAAOPLDAAAA |             747.27
 AAAAAAAAGBNDAAAA |              858.6
 AAAAAAAAJCKBAAAA |             892.21
 AAAAAAAAOMCEAAAA |            1043.86
 AAAAAAAACBKBAAAA |            1248.94
 AAAAAAAAMDFAAAAA |            1249.03
 AAAAAAAAMMKDAAAA | 1266.7999999999997
 AAAAAAAAGNGAAAAA |             1272.6
 AAAAAAAAIJFDAAAA |            1272.96
 AAAAAAAAMBPDAAAA |            1287.02
 AAAAAAAACMJAAAAA |               1423
 AAAAAAAAMNPAAAAA |            1437.12
 AAAAAAAACHKAAAAA |            1449.95
 AAAAAAAANFICAAAA |            1497.63
 AAAAAAAALLMDAAAA | 1545.1699999999998
 AAAAAAAAKNGAAAAA | 1710.6299999999999
 AAAAAAAAMFCEAAAA |            1758.39
 AAAAAAAAMOFAAAAA |            2060.12
 AAAAAAAAKNPDAAAA |            2093.49
 AAAAAAAAKPMBAAAA |             2145.6
 AAAAAAAAHJDAAAAA |            2166.12
 AAAAAAAAGNLBAAAA |            2314.83
 AAAAAAAAIMBEAAAA |            2324.04
 AAAAAAAAIKCCAAAA | 2425.2000000000003
 AAAAAAAAKDGBAAAA |            2444.58
 AAAAAAAAGBABAAAA |            2692.66
 AAAAAAAACPGCAAAA |            2757.82
 AAAAAAAAEIDCAAAA |             2794.5
 AAAAAAAANALBAAAA |             2942.2
 AAAAAAAAGAGEAAAA |            3121.63
 AAAAAAAAOAIBAAAA | 3309.2499999999995
 AAAAAAAAMEECAAAA |             3461.7
 AAAAAAAAACNCAAAA | 3570.8199999999997
 AAAAAAAACBNAAAAA |            3703.43
 AAAAAAAAMFOAAAAA |            3772.98
 AAAAAAAAMFNBAAAA |            3880.59
 AAAAAAAAAHHAAAAA |            4079.88
 AAAAAAAAGGJBAAAA | 4085.3999999999996
 AAAAAAAAEJJDAAAA | 4117.0599999999995
 AAAAAAAAIDIAAAAA |            4334.55
 AAAAAAAAJCODAAAA | 4423.3099999999995
 AAAAAAAAGFFAAAAA |            4579.74
 AAAAAAAANNEEAAAA |            5004.92
 AAAAAAAAOBCCAAAA |  5043.759999999999
 AAAAAAAAAMEDAAAA |            5082.27
 AAAAAAAACABEAAAA |             5241.3
 AAAAAAAAADHAAAAA |  5415.639999999999
 AAAAAAAAEFICAAAA |            5487.16
 AAAAAAAAAIFEAAAA |  5628.900000000001
 AAAAAAAACICEAAAA |            5674.71
 AAAAAAAAMJBAAAAA |            5967.15
 AAAAAAAAFKCCAAAA |  6036.639999999999
 AAAAAAAACFMDAAAA |            6051.59
 AAAAAAAAMODAAAAA |  6285.289999999999
 AAAAAAAAJOMCAAAA |            6666.53
 AAAAAAAAEMEAAAAA |             6716.9
 AAAAAAAALJBEAAAA |            6731.86
 AAAAAAAAOLNAAAAA |            6776.46
 AAAAAAAAOCCCAAAA | 6802.5199999999995
 AAAAAAAAKIOAAAAA | 6808.0199999999995
 AAAAAAAAAKCBAAAA |  7097.599999999999
 AAAAAAAAFPKBAAAA |  7126.889999999999
 AAAAAAAADAICAAAA |             7145.6
 AAAAAAAAKCKAAAAA |  7214.759999999999
 AAAAAAAAJPDEAAAA |  7382.599999999999
 AAAAAAAAANNDAAAA |            7636.49
 AAAAAAAAGPHAAAAA |            7826.99
 AAAAAAAAGEGAAAAA |             8152.7
 AAAAAAAAAIIAAAAA |             8222.3
 AAAAAAAAIDDCAAAA |            8572.96
 AAAAAAAAOFMDAAAA |            9012.86
 AAAAAAAAICCCAAAA |  9380.359999999999
 AAAAAAAABIKAAAAA |            9467.93
 AAAAAAAAILAAAAAA |            9933.94
 AAAAAAAADGNAAAAA |           10067.76
 AAAAAAAAMFMCAAAA |           10392.94
 AAAAAAAAGHLCAAAA |           10407.32
 AAAAAAAAANGDAAAA | 10426.960000000001
 AAAAAAAAEBACAAAA |           10730.42
 AAAAAAAAOMGAAAAA |           10899.21
 AAAAAAAAFNAEAAAA |           11111.92
(100 rows)

UPDATE time_statistics SET e_time = TRANSACTION_TIMESTAMP() WHERE template = 'query56.tpl' AND stream = 0;
psql:/tmp/s1-basline/power/query_0.sql:2795: NOTICE:  duration: 0.029 ms  plan:
Query Text: UPDATE time_statistics SET e_time = TRANSACTION_TIMESTAMP() WHERE template = 'query56.tpl' AND stream = 0;
Update on time_statistics  (cost=0.00..1.42 rows=0 width=0) (actual time=0.029..0.029 rows=0 loops=1)
  ->  Seq Scan on time_statistics  (cost=0.00..1.42 rows=1 width=14) (actual time=0.014..0.015 rows=1 loops=1)
        Filter: ((template = 'query56.tpl'::text) AND (stream = 0))
        Rows Removed by Filter: 56
UPDATE 1
LOAD 'auto_explain'; SET auto_explain.log_min_duration TO 0; SET auto_explain.log_analyze TO on; SET auto_explain.log_level TO notice; INSERT INTO time_statistics (template, s_time, stream, query, seed) VALUES ('query57.tpl', TRANSACTION_TIMESTAMP(), 0, 57, 1861863898);
LOAD
SET
SET
SET
psql:/tmp/s1-basline/power/query_0.sql:2796: NOTICE:  duration: 0.008 ms  plan:
Query Text: INSERT INTO time_statistics (template, s_time, stream, query, seed) VALUES ('query57.tpl', TRANSACTION_TIMESTAMP(), 0, 57, 1861863898);
Insert on time_statistics  (cost=0.00..0.01 rows=0 width=0) (actual time=0.008..0.008 rows=0 loops=1)
  ->  Result  (cost=0.00..0.01 rows=1 width=64) (actual time=0.001..0.001 rows=1 loops=1)
INSERT 0 1
with v1 as(
 select i_category, i_brand,
        cc_name,
        d_year, d_moy,
        sum(cs_sales_price) sum_sales,
        avg(sum(cs_sales_price)) over
          (partition by i_category, i_brand,
                     cc_name, d_year)
          avg_monthly_sales,
        rank() over
          (partition by i_category, i_brand,
                     cc_name
           order by d_year, d_moy) rn
 from item, catalog_sales, date_dim, call_center
 where cs_item_sk = i_item_sk and
       cs_sold_date_sk = d_date_sk and
       cc_call_center_sk= cs_call_center_sk and
       (
         d_year = 2000 or
         ( d_year = 2000-1 and d_moy =12) or
         ( d_year = 2000+1 and d_moy =1)
       )
 group by i_category, i_brand,
          cc_name , d_year, d_moy),
 v2 as(
 select v1.i_category, v1.i_brand
        ,v1.d_year, v1.d_moy
        ,v1.avg_monthly_sales
        ,v1.sum_sales, v1_lag.sum_sales psum, v1_lead.sum_sales nsum
 from v1, v1 v1_lag, v1 v1_lead
 where v1.i_category = v1_lag.i_category and
       v1.i_category = v1_lead.i_category and
       v1.i_brand = v1_lag.i_brand and
       v1.i_brand = v1_lead.i_brand and
       v1. cc_name = v1_lag. cc_name and
       v1. cc_name = v1_lead. cc_name and
       v1.rn = v1_lag.rn + 1 and
       v1.rn = v1_lead.rn - 1)
  select  *
 from v2
 where  d_year = 2000 and
        avg_monthly_sales > 0 and
        case when avg_monthly_sales > 0 then abs(sum_sales - avg_monthly_sales) / avg_monthly_sales else null end > 0.1
 order by sum_sales - avg_monthly_sales, nsum
 limit 100;
psql:/tmp/s1-basline/power/query_0.sql:2841: NOTICE:  duration: 1625.855 ms  plan:
Query Text: with v1 as(
 select i_category, i_brand,
        cc_name,
        d_year, d_moy,
        sum(cs_sales_price) sum_sales,
        avg(sum(cs_sales_price)) over
          (partition by i_category, i_brand,
                     cc_name, d_year)
          avg_monthly_sales,
        rank() over
          (partition by i_category, i_brand,
                     cc_name
           order by d_year, d_moy) rn
 from item, catalog_sales, date_dim, call_center
 where cs_item_sk = i_item_sk and
       cs_sold_date_sk = d_date_sk and
       cc_call_center_sk= cs_call_center_sk and
       (
         d_year = 2000 or
         ( d_year = 2000-1 and d_moy =12) or
         ( d_year = 2000+1 and d_moy =1)
       )
 group by i_category, i_brand,
          cc_name , d_year, d_moy),
 v2 as(
 select v1.i_category, v1.i_brand
        ,v1.d_year, v1.d_moy
        ,v1.avg_monthly_sales
        ,v1.sum_sales, v1_lag.sum_sales psum, v1_lead.sum_sales nsum
 from v1, v1 v1_lag, v1 v1_lead
 where v1.i_category = v1_lag.i_category and
       v1.i_category = v1_lead.i_category and
       v1.i_brand = v1_lag.i_brand and
       v1.i_brand = v1_lead.i_brand and
       v1. cc_name = v1_lag. cc_name and
       v1. cc_name = v1_lead. cc_name and
       v1.rn = v1_lag.rn + 1 and
       v1.rn = v1_lead.rn - 1)
  select  *
 from v2
 where  d_year = 2000 and
        avg_monthly_sales > 0 and
        case when avg_monthly_sales > 0 then abs(sum_sales - avg_monthly_sales) / avg_monthly_sales else null end > 0.1
 order by sum_sales - avg_monthly_sales, nsum
 limit 100;
Limit  (cost=28662.21..28662.22 rows=1 width=456) (actual time=1625.738..1625.757 rows=100 loops=1)
  CTE v1
    ->  WindowAgg  (cost=27133.59..27753.24 rows=8262 width=146) (actual time=1175.352..1535.464 rows=31878 loops=1)
          ->  WindowAgg  (cost=27133.59..27567.35 rows=8262 width=138) (actual time=1175.332..1510.083 rows=31878 loops=1)
                ->  GroupAggregate  (cost=27133.59..27360.80 rows=8262 width=130) (actual time=1175.314..1479.755 rows=31878 loops=1)
                      Group Key: item.i_category, item.i_brand, call_center.cc_name, date_dim.d_year, date_dim.d_moy
                      ->  Sort  (cost=27133.59..27154.25 rows=8262 width=130) (actual time=1175.300..1360.932 rows=349755 loops=1)
                            Sort Key: item.i_category, item.i_brand, call_center.cc_name, date_dim.d_year, date_dim.d_moy
                            Sort Method: external merge  Disk: 48952kB
                            ->  Hash Join  (cost=1662.56..26596.05 rows=8262 width=130) (actual time=15.558..279.067 rows=349755 loops=1)
                                  Hash Cond: (catalog_sales.cs_call_center_sk = call_center.cc_call_center_sk)
                                  ->  Hash Join  (cost=1661.43..26557.80 rows=8305 width=126) (actual time=15.548..224.226 rows=350584 loops=1)
                                        Hash Cond: (catalog_sales.cs_item_sk = item.i_item_sk)
                                        ->  Nested Loop  (cost=0.43..24875.00 rows=8305 width=32) (actual time=4.835..143.592 rows=350584 loops=1)
                                              ->  Seq Scan on date_dim  (cost=0.00..3048.60 rows=424 width=16) (actual time=4.823..10.402 rows=428 loops=1)
                                                    Filter: ((d_year = 2000) OR ((d_year = 1999) AND (d_moy = 12)) OR ((d_year = 2001) AND (d_moy = 1)))
                                                    Rows Removed by Filter: 72621
                                              ->  Index Scan using i_cs_sold_date_sk on catalog_sales  (cost=0.43..43.66 rows=782 width=32) (actual time=0.004..0.141 rows=819 loops=428)
                                                    Index Cond: (cs_sold_date_sk = date_dim.d_date_sk)
                                        ->  Hash  (cost=1436.00..1436.00 rows=18000 width=110) (actual time=10.692..10.692 rows=18000 loops=1)
                                              Buckets: 32768  Batches: 1  Memory Usage: 2783kB
                                              ->  Seq Scan on item  (cost=0.00..1436.00 rows=18000 width=110) (actual time=0.003..7.271 rows=18000 loops=1)
                                  ->  Hash  (cost=1.06..1.06 rows=6 width=20) (actual time=0.006..0.007 rows=6 loops=1)
                                        Buckets: 1024  Batches: 1  Memory Usage: 9kB
                                        ->  Seq Scan on call_center  (cost=0.00..1.06 rows=6 width=20) (actual time=0.003..0.004 rows=6 loops=1)
  ->  Sort  (cost=908.97..908.98 rows=1 width=456) (actual time=1625.737..1625.743 rows=100 loops=1)
        Sort Key: ((v1.sum_sales - v1.avg_monthly_sales)), v1_lead.sum_sales
        Sort Method: top-N heapsort  Memory: 68kB
        ->  Hash Join  (cost=609.45..908.96 rows=1 width=456) (actual time=1597.600..1619.654 rows=23965 loops=1)
              Hash Cond: ((v1_lead.i_category = v1.i_category) AND (v1_lead.i_brand = v1.i_brand) AND ((v1_lead.cc_name)::text = (v1.cc_name)::text) AND ((v1_lead.rn - 1) = v1.rn))
              ->  CTE Scan on v1 v1_lead  (cost=0.00..165.24 rows=8262 width=542) (actual time=1175.353..1178.199 rows=31878 loops=1)
              ->  Hash  (cost=609.43..609.43 rows=1 width=1100) (actual time=422.226..422.227 rows=24928 loops=1)
                    Buckets: 32768 (originally 1024)  Batches: 1 (originally 1)  Memory Usage: 7982kB
                    ->  Hash Join  (cost=309.93..609.43 rows=1 width=1100) (actual time=387.166..410.307 rows=24928 loops=1)
                          Hash Cond: ((v1_lag.i_category = v1.i_category) AND (v1_lag.i_brand = v1.i_brand) AND ((v1_lag.cc_name)::text = (v1.cc_name)::text) AND ((v1_lag.rn + 1) = v1.rn))
                          ->  CTE Scan on v1 v1_lag  (cost=0.00..165.24 rows=8262 width=542) (actual time=0.001..3.124 rows=31878 loops=1)
                          ->  Hash  (cost=309.83..309.83 rows=5 width=558) (actual time=387.153..387.154 rows=25065 loops=1)
                                Buckets: 32768 (originally 1024)  Batches: 1 (originally 1)  Memory Usage: 4760kB
                                ->  CTE Scan on v1  (cost=0.00..309.83 rows=5 width=558) (actual time=0.214..377.214 rows=25313 loops=1)
                                      Filter: ((avg_monthly_sales > '0'::double precision) AND (d_year = 2000) AND (CASE WHEN (avg_monthly_sales > '0'::double precision) THEN (abs((sum_sales - avg_monthly_sales)) / avg_monthly_sales) ELSE NULL::double precision END > '0.1'::double precision))
                                      Rows Removed by Filter: 6565
                     i_category                     |                      i_brand                       | d_year | d_moy | avg_monthly_sales |     sum_sales      |        psum        |        nsum        
----------------------------------------------------+----------------------------------------------------+--------+-------+-------------------+--------------------+--------------------+--------------------
 Women                                              | edu packamalg #2                                   |   2000 |     7 |         8024.1225 |            3069.88 |  4724.149999999999 | 11218.300000000003
 Shoes                                              | amalgedu pack #2                                   |   2000 |     6 | 7161.656666666665 | 2419.8799999999997 | 4440.2300000000005 |  3432.640000000001
 Women                                              | edu packamalg #2                                   |   2000 |     1 | 7737.394166666665 |  3025.749999999998 |  7708.839999999998 |  4805.179999999999
 Women                                              | importoamalg #2                                    |   2000 |     2 | 7278.371666666666 | 2764.8299999999995 |            4170.84 |  3822.100000000001
 Women                                              | edu packamalg #2                                   |   2000 |     2 |         8024.1225 | 3530.2799999999997 |  3861.569999999998 |  5041.909999999999
 Women                                              | exportiamalg #2                                    |   2000 |     4 | 7083.230833333332 |  2597.659999999999 |  4057.969999999999 |  4555.719999999999
 Music                                              | exportischolar #2                                  |   2000 |     2 | 7235.311666666666 |  2895.659999999999 |            3367.84 | 3730.8499999999995
 Music                                              | amalgscholar #2                                    |   2000 |     6 | 6545.349166666667 |             2281.6 |            3408.45 | 3406.1199999999994
 Children                                           | importoexporti #2                                  |   2000 |     3 | 7161.544999999998 | 2978.0199999999986 | 3623.6600000000008 |  4745.659999999997
 Music                                              | exportischolar #2                                  |   2000 |     6 | 7605.109999999998 |            3423.63 |  3691.930000000001 |            4820.33
 Shoes                                              | edu packedu pack #2                                |   2000 |     1 | 6619.881666666665 | 2442.2300000000005 |  9165.150000000003 |            4900.75
 Women                                              | edu packamalg #2                                   |   2000 |     1 |         8024.1225 |  3861.569999999998 |  9728.309999999998 | 3530.2799999999997
 Women                                              | edu packamalg #2                                   |   2000 |     5 | 7737.394166666665 |  3577.350000000001 | 4453.7400000000025 |  5453.189999999996
 Women                                              | amalgamalg #2                                      |   2000 |     6 | 6251.134166666666 | 2135.3200000000006 | 3179.4900000000002 | 4804.3899999999985
 Men                                                | importoimporto #2                                  |   2000 |     6 | 6686.688333333332 | 2585.2899999999995 |            4184.67 |             5238.7
 Shoes                                              | edu packedu pack #2                                |   2000 |     7 | 6804.091666666668 |            2702.86 |            4418.99 |  9381.480000000007
 Shoes                                              | importoedu pack #2                                 |   2000 |     4 | 6552.041666666668 | 2537.9300000000003 | 3477.8700000000003 |  4100.839999999999
 Women                                              | importoamalg #2                                    |   2000 |     5 | 7103.311666666666 |             3092.8 |  4987.190000000001 | 3175.5300000000007
 Shoes                                              | exportiedu pack #2                                 |   2000 |     5 | 6428.200833333333 |  2452.759999999999 |  3189.670000000001 |            2885.14
 Shoes                                              | exportiedu pack #2                                 |   2000 |     5 | 6617.640833333334 | 2658.2400000000002 |  4211.219999999999 | 4012.2600000000007
 Women                                              | importoamalg #2                                    |   2000 |     6 | 7103.311666666666 | 3175.5300000000007 |             3092.8 |  4901.139999999999
 Music                                              | exportischolar #2                                  |   2000 |     5 | 7605.109999999998 |  3691.930000000001 |  4209.029999999997 |            3423.63
 Music                                              | amalgscholar #2                                    |   2000 |     3 | 6596.569166666664 |  2688.809999999999 | 3800.3200000000006 |  4534.929999999999
 Children                                           | exportiexporti #2                                  |   2000 |     1 | 7308.756666666665 | 3414.8799999999983 |  6032.249999999999 |            4264.13
 Women                                              | exportiamalg #2                                    |   2000 |     7 | 6995.280833333335 |            3106.55 |             4247.1 |  8029.300000000001
 Children                                           | importoexporti #2                                  |   2000 |     6 |           7035.69 |            3150.04 |  4872.760000000002 |  5454.319999999998
 Music                                              | exportischolar #2                                  |   2000 |     1 | 7235.311666666666 |            3367.84 |            6458.08 |  2895.659999999999
 Shoes                                              | importoedu pack #2                                 |   2000 |     1 | 6552.041666666668 |  2701.070000000001 |  6043.759999999999 |            3540.69
 Music                                              | importoscholar #2                                  |   2000 |     6 | 6697.329166666669 | 2851.1199999999994 |  4330.249999999999 |  4227.740000000001
 Women                                              | amalgamalg #2                                      |   2000 |     4 |          6390.155 |            2545.12 | 3834.2300000000005 | 2667.2000000000003
 Women                                              | exportiamalg #2                                    |   2000 |     4 | 6995.280833333335 |            3157.92 |  4013.269999999999 |  4893.380000000003
 Shoes                                              | exportiedu pack #2                                 |   2000 |     3 | 6617.640833333334 |            2795.48 |  3683.879999999999 |  4211.219999999999
 Women                                              | importoamalg #2                                    |   2000 |     5 | 7278.371666666666 | 3462.8199999999993 | 3893.8500000000004 |  3500.069999999998
 Men                                                | amalgimporto #2                                    |   2000 |     1 | 6932.326666666667 | 3129.5500000000006 |            6322.52 | 3767.6600000000003
 Children                                           | importoexporti #2                                  |   2000 |     2 | 6988.739999999999 |  3208.150000000001 |  4441.999999999999 |  5464.220000000002
 Women                                              | importoamalg #2                                    |   2000 |     6 | 7278.371666666666 |  3500.069999999998 | 3462.8199999999993 |  4975.029999999999
 Children                                           | amalgexporti #2                                    |   2000 |     6 | 6733.514166666667 |            3003.61 |  5131.650000000001 | 4025.8399999999997
 Shoes                                              | amalgedu pack #2                                   |   2000 |     7 | 7161.656666666665 |  3432.640000000001 | 2419.8799999999997 | 11258.370000000003
 Women                                              | amalgamalg #2                                      |   2000 |     5 |          6390.155 | 2667.2000000000003 |            2545.12 |  4197.210000000001
 Children                                           | exportiexporti #2                                  |   2000 |     4 | 7554.054166666665 | 3838.4399999999996 | 3888.5600000000004 |            4115.62
 Children                                           | amalgexporti #2                                    |   2000 |     4 | 6481.136666666666 | 2768.0199999999995 | 3607.6999999999994 | 3439.8700000000003
 Children                                           | exportiexporti #2                                  |   2000 |     7 | 7554.054166666665 |            3843.32 |            4682.37 | 11021.929999999993
 Women                                              | edu packamalg #2                                   |   2000 |     1 | 7745.421666666669 | 4037.5499999999984 |  8020.929999999998 |  4909.430000000002
 Shoes                                              | amalgedu pack #2                                   |   2000 |     6 | 7060.948333333335 |  3359.830000000001 |  3593.579999999999 |  4861.860000000001
 Children                                           | amalgexporti #2                                    |   2000 |     4 | 7127.693333333333 | 3429.9599999999996 |            4567.19 |  4773.659999999998
 Children                                           | importoexporti #2                                  |   2000 |     7 | 6988.739999999999 |            3319.78 |            3561.05 |  8242.849999999997
 Children                                           | exportiexporti #2                                  |   2000 |     3 | 7554.054166666665 | 3888.5600000000004 |            5045.05 | 3838.4399999999996
 Men                                                | edu packimporto #2                                 |   2000 |     5 | 6203.911666666667 | 2550.0699999999997 |  3897.199999999999 |  3742.439999999999
 Music                                              | importoscholar #2                                  |   2000 |     2 | 6697.329166666669 | 3048.7300000000005 |  4107.380000000001 |  4330.590000000002
 Shoes                                              | edu packedu pack #2                                |   2000 |     7 | 6680.719166666667 |  3039.689999999999 |  4870.540000000002 |            8441.51
 Music                                              | exportischolar #2                                  |   2000 |     7 | 7235.311666666666 | 3610.5399999999986 |  4607.370000000003 | 10146.379999999996
 Women                                              | exportiamalg #2                                    |   2000 |     2 | 6995.280833333335 | 3384.9300000000007 | 3685.1600000000008 |  4013.269999999999
 Music                                              | exportischolar #2                                  |   2000 |     2 | 7232.284166666669 |  3628.270000000001 |            4205.26 | 3675.3299999999995
 Shoes                                              | importoedu pack #2                                 |   2000 |     7 | 6552.041666666668 | 2950.6299999999997 |            4559.22 | 10135.080000000005
 Women                                              | edu packamalg #2                                   |   2000 |     7 | 7745.421666666669 |            4146.21 |            4709.29 | 10585.130000000005
 Shoes                                              | importoedu pack #2                                 |   2000 |     2 | 6907.053333333333 |  3318.540000000002 |            3714.96 |  4241.889999999999
 Children                                           | exportiexporti #2                                  |   2000 |     6 | 7320.664166666665 | 3756.6099999999997 |  4348.089999999999 |  4408.639999999999
 Shoes                                              | importoedu pack #2                                 |   2000 |     4 | 6907.053333333333 |            3349.57 |  4241.889999999999 |  4397.079999999999
 Men                                                | importoimporto #2                                  |   2000 |     4 | 6390.865000000001 | 2833.5800000000004 | 2927.0000000000005 |  3628.539999999999
 Music                                              | exportischolar #2                                  |   2000 |     3 | 7232.284166666669 | 3675.3299999999995 |  3628.270000000001 |  4166.400000000001
 Children                                           | exportiexporti #2                                  |   2000 |     4 | 7320.664166666665 | 3771.1599999999985 |            4292.15 |  4348.089999999999
 Shoes                                              | exportiedu pack #2                                 |   2000 |     6 | 6428.200833333333 |            2885.14 |  2452.759999999999 |  4190.970000000001
 Shoes                                              | amalgedu pack #2                                   |   2000 |     2 | 7161.656666666665 |  3619.200000000001 |  4135.279999999999 |  4311.199999999998
 Music                                              | edu packscholar #2                                 |   2000 |     4 | 5694.675833333332 | 2154.7600000000007 | 3412.3300000000004 |             4198.7
 Children                                           | importoexporti #2                                  |   2000 |     2 | 7161.544999999998 | 3623.6600000000008 |  5205.190000000002 | 2978.0199999999986
 Children                                           | exportiexporti #2                                  |   2000 |     5 | 7308.756666666665 |  3783.409999999999 |            4788.22 |  5948.579999999999
 Shoes                                              | edu packedu pack #2                                |   2000 |     4 | 6804.091666666668 | 3281.3500000000004 |  4302.329999999999 |            4826.35
 Music                                              | exportischolar #2                                  |   2000 |     3 | 7605.109999999998 |            4085.61 |  4265.710000000001 |  4209.029999999997
 Men                                                | exportiimporto #2                                  |   2000 |     2 | 6326.431666666666 |  2821.709999999999 |  4961.539999999998 |            3931.46
 Music                                              | exportischolar #2                                  |   2000 |     3 | 7235.311666666666 | 3730.8499999999995 |  2895.659999999999 | 4095.4500000000003
 Shoes                                              | importoedu pack #2                                 |   2000 |     1 | 6514.502500000001 | 3032.8399999999992 |  5502.289999999997 | 5333.2699999999995
 Men                                                | amalgimporto #2                                    |   2000 |     1 | 6511.726666666666 |  3034.380000000001 |  6721.309999999999 |            4314.81
 Shoes                                              | importoedu pack #2                                 |   2000 |     6 | 6514.502500000001 | 3037.6999999999994 |            3380.56 |  3269.150000000001
 Men                                                | importoimporto #2                                  |   2000 |     2 | 6686.688333333332 | 3219.0099999999993 |  4714.330000000001 | 3806.6399999999994
 Shoes                                              | amalgedu pack #2                                   |   2000 |     5 | 7060.948333333335 |  3593.579999999999 | 3813.2899999999995 |  3359.830000000001
 Shoes                                              | importoedu pack #2                                 |   2000 |     6 | 6907.053333333333 | 3439.7200000000003 |  4397.079999999999 |            3666.84
 Men                                                | importoimporto #2                                  |   2000 |     3 | 6390.865000000001 | 2927.0000000000005 | 3529.9900000000002 | 2833.5800000000004
 Women                                              | importoamalg #2                                    |   2000 |     3 | 7278.371666666666 |  3822.100000000001 | 2764.8299999999995 | 3893.8500000000004
 Children                                           | exportiexporti #2                                  |   2000 |     5 | 7554.054166666665 |            4115.62 | 3838.4399999999996 |            4682.37
 Men                                                | importoimporto #2                                  |   2000 |     6 | 6390.865000000001 |            2953.24 |  3628.539999999999 |            3611.98
 Music                                              | exportischolar #2                                  |   2000 |     6 | 7232.284166666669 |  3799.919999999999 |  4356.720000000002 | 3876.4300000000007
 Women                                              | amalgamalg #2                                      |   2000 |     4 | 6251.134166666666 | 2821.0499999999997 | 3841.4600000000005 | 3179.4900000000002
 Children                                           | importoexporti #2                                  |   2000 |     6 | 6988.739999999999 |            3561.05 |  3973.600000000001 |            3319.78
 Music                                              | amalgscholar #2                                    |   2000 |     3 | 6255.107500000001 |  2838.619999999999 |  4242.940000000002 |  4036.899999999999
 Music                                              | exportischolar #2                                  |   2000 |     4 | 7605.109999999998 |  4209.029999999997 |            4085.61 |  3691.930000000001
 Shoes                                              | exportiedu pack #2                                 |   2000 |     6 | 6426.710833333332 | 3036.0199999999995 |  4266.029999999998 |            3910.07
 Children                                           | exportiexporti #2                                  |   2000 |     1 | 7554.054166666665 |  4165.009999999999 |            5426.34 |            5045.05
 Children                                           | edu packexporti #2                                 |   2000 |     2 | 6153.616666666666 |            2765.54 |            2765.99 | 2967.4799999999987
 Children                                           | edu packexporti #2                                 |   2000 |     1 | 6153.616666666666 |            2765.99 |            4747.95 |            2765.54
 Men                                                | amalgimporto #2                                    |   2000 |     1 | 6143.969166666667 | 2758.1200000000017 |  6997.140000000001 |            3435.49
 Women                                              | importoamalg #2                                    |   2000 |     4 | 7278.371666666666 | 3893.8500000000004 |  3822.100000000001 | 3462.8199999999993
 Children                                           | importoexporti #2                                  |   2000 |     4 |           7035.69 | 3657.4299999999994 |  3721.109999999999 |  4872.760000000002
 Children                                           | importoexporti #2                                  |   2000 |     2 |           7035.69 | 3663.3400000000006 |  4523.669999999999 |  3721.109999999999
 Women                                              | importoamalg #2                                    |   2000 |     6 | 7063.837499999999 |  3697.769999999999 | 3970.6199999999994 |  4193.459999999999
 Music                                              | edu packscholar #2                                 |   2000 |     7 | 5694.675833333332 | 2333.6699999999996 | 2765.4800000000005 |            8404.28
 Music                                              | exportischolar #2                                  |   2000 |     7 | 7232.284166666669 | 3876.4300000000007 |  3799.919999999999 |  9385.640000000005
 Music                                              | exportischolar #2                                  |   2000 |     2 | 7605.109999999998 |  4265.710000000001 |  5282.550000000001 |            4085.61
 Men                                                | exportiimporto #2                                  |   2000 |     2 | 5890.714999999999 | 2554.7900000000004 |            4297.68 | 3462.1800000000003
 Children                                           | importoexporti #2                                  |   2000 |     7 | 7161.544999999998 |            3837.77 |            4351.88 |  9220.619999999999
 Shoes                                              | edu packedu pack #2                                |   2000 |     2 | 6804.091666666668 | 3480.9900000000007 |            3659.52 |  4302.329999999999
(100 rows)

UPDATE time_statistics SET e_time = TRANSACTION_TIMESTAMP() WHERE template = 'query57.tpl' AND stream = 0;
psql:/tmp/s1-basline/power/query_0.sql:2843: NOTICE:  duration: 0.032 ms  plan:
Query Text: UPDATE time_statistics SET e_time = TRANSACTION_TIMESTAMP() WHERE template = 'query57.tpl' AND stream = 0;
Update on time_statistics  (cost=0.00..1.88 rows=0 width=0) (actual time=0.031..0.032 rows=0 loops=1)
  ->  Seq Scan on time_statistics  (cost=0.00..1.88 rows=1 width=14) (actual time=0.019..0.019 rows=1 loops=1)
        Filter: ((template = 'query57.tpl'::text) AND (stream = 0))
        Rows Removed by Filter: 57
UPDATE 1
LOAD 'auto_explain'; SET auto_explain.log_min_duration TO 0; SET auto_explain.log_analyze TO on; SET auto_explain.log_level TO notice; INSERT INTO time_statistics (template, s_time, stream, query, seed) VALUES ('query58.tpl', TRANSACTION_TIMESTAMP(), 0, 58, 2075615276);
LOAD
SET
SET
SET
psql:/tmp/s1-basline/power/query_0.sql:2844: NOTICE:  duration: 0.019 ms  plan:
Query Text: INSERT INTO time_statistics (template, s_time, stream, query, seed) VALUES ('query58.tpl', TRANSACTION_TIMESTAMP(), 0, 58, 2075615276);
Insert on time_statistics  (cost=0.00..0.01 rows=0 width=0) (actual time=0.019..0.019 rows=0 loops=1)
  ->  Result  (cost=0.00..0.01 rows=1 width=64) (actual time=0.002..0.002 rows=1 loops=1)
INSERT 0 1
with ss_items as
 (select i_item_id item_id
        ,sum(ss_ext_sales_price) ss_item_rev 
 from store_sales
     ,item
     ,date_dim
 where ss_item_sk = i_item_sk
   and d_date in (select d_date
                  from date_dim
                  where d_week_seq = (select d_week_seq 
                                      from date_dim
                                      where d_date = '2002-04-11'))
   and ss_sold_date_sk   = d_date_sk
 group by i_item_id),
 cs_items as
 (select i_item_id item_id
        ,sum(cs_ext_sales_price) cs_item_rev
  from catalog_sales
      ,item
      ,date_dim
 where cs_item_sk = i_item_sk
  and  d_date in (select d_date
                  from date_dim
                  where d_week_seq = (select d_week_seq 
                                      from date_dim
                                      where d_date = '2002-04-11'))
  and  cs_sold_date_sk = d_date_sk
 group by i_item_id),
 ws_items as
 (select i_item_id item_id
        ,sum(ws_ext_sales_price) ws_item_rev
  from web_sales
      ,item
      ,date_dim
 where ws_item_sk = i_item_sk
  and  d_date in (select d_date
                  from date_dim
                  where d_week_seq =(select d_week_seq 
                                     from date_dim
                                     where d_date = '2002-04-11'))
  and ws_sold_date_sk   = d_date_sk
 group by i_item_id)
  select  ss_items.item_id
       ,ss_item_rev
       ,ss_item_rev/((ss_item_rev+cs_item_rev+ws_item_rev)/3) * 100 ss_dev
       ,cs_item_rev
       ,cs_item_rev/((ss_item_rev+cs_item_rev+ws_item_rev)/3) * 100 cs_dev
       ,ws_item_rev
       ,ws_item_rev/((ss_item_rev+cs_item_rev+ws_item_rev)/3) * 100 ws_dev
       ,(ss_item_rev+cs_item_rev+ws_item_rev)/3 average
 from ss_items,cs_items,ws_items
 where ss_items.item_id=cs_items.item_id
   and ss_items.item_id=ws_items.item_id 
   and ss_item_rev between 0.9 * cs_item_rev and 1.1 * cs_item_rev
   and ss_item_rev between 0.9 * ws_item_rev and 1.1 * ws_item_rev
   and cs_item_rev between 0.9 * ss_item_rev and 1.1 * ss_item_rev
   and cs_item_rev between 0.9 * ws_item_rev and 1.1 * ws_item_rev
   and ws_item_rev between 0.9 * ss_item_rev and 1.1 * ss_item_rev
   and ws_item_rev between 0.9 * cs_item_rev and 1.1 * cs_item_rev
 order by item_id
         ,ss_item_rev
 limit 100;
psql:/tmp/s1-basline/power/query_0.sql:2906: NOTICE:  duration: 79.121 ms  plan:
Query Text: with ss_items as
 (select i_item_id item_id
        ,sum(ss_ext_sales_price) ss_item_rev 
 from store_sales
     ,item
     ,date_dim
 where ss_item_sk = i_item_sk
   and d_date in (select d_date
                  from date_dim
                  where d_week_seq = (select d_week_seq 
                                      from date_dim
                                      where d_date = '2002-04-11'))
   and ss_sold_date_sk   = d_date_sk
 group by i_item_id),
 cs_items as
 (select i_item_id item_id
        ,sum(cs_ext_sales_price) cs_item_rev
  from catalog_sales
      ,item
      ,date_dim
 where cs_item_sk = i_item_sk
  and  d_date in (select d_date
                  from date_dim
                  where d_week_seq = (select d_week_seq 
                                      from date_dim
                                      where d_date = '2002-04-11'))
  and  cs_sold_date_sk = d_date_sk
 group by i_item_id),
 ws_items as
 (select i_item_id item_id
        ,sum(ws_ext_sales_price) ws_item_rev
  from web_sales
      ,item
      ,date_dim
 where ws_item_sk = i_item_sk
  and  d_date in (select d_date
                  from date_dim
                  where d_week_seq =(select d_week_seq 
                                     from date_dim
                                     where d_date = '2002-04-11'))
  and ws_sold_date_sk   = d_date_sk
 group by i_item_id)
  select  ss_items.item_id
       ,ss_item_rev
       ,ss_item_rev/((ss_item_rev+cs_item_rev+ws_item_rev)/3) * 100 ss_dev
       ,cs_item_rev
       ,cs_item_rev/((ss_item_rev+cs_item_rev+ws_item_rev)/3) * 100 cs_dev
       ,ws_item_rev
       ,ws_item_rev/((ss_item_rev+cs_item_rev+ws_item_rev)/3) * 100 ws_dev
       ,(ss_item_rev+cs_item_rev+ws_item_rev)/3 average
 from ss_items,cs_items,ws_items
 where ss_items.item_id=cs_items.item_id
   and ss_items.item_id=ws_items.item_id 
   and ss_item_rev between 0.9 * cs_item_rev and 1.1 * cs_item_rev
   and ss_item_rev between 0.9 * ws_item_rev and 1.1 * ws_item_rev
   and cs_item_rev between 0.9 * ss_item_rev and 1.1 * ss_item_rev
   and cs_item_rev between 0.9 * ws_item_rev and 1.1 * ws_item_rev
   and ws_item_rev between 0.9 * ss_item_rev and 1.1 * ss_item_rev
   and ws_item_rev between 0.9 * cs_item_rev and 1.1 * cs_item_rev
 order by item_id
         ,ss_item_rev
 limit 100;
Limit  (cost=7734.90..7734.91 rows=1 width=73) (actual time=79.110..79.119 rows=0 loops=1)
  ->  Sort  (cost=7734.90..7734.91 rows=1 width=73) (actual time=79.109..79.118 rows=0 loops=1)
        Sort Key: item.i_item_id, (sum(store_sales.ss_ext_sales_price))
        Sort Method: quicksort  Memory: 25kB
        ->  Merge Join  (cost=7718.48..7734.89 rows=1 width=73) (actual time=79.106..79.114 rows=0 loops=1)
              Merge Cond: (item.i_item_id = item_1.i_item_id)
              Join Filter: (((sum(store_sales.ss_ext_sales_price)) >= ('0.9'::double precision * (sum(catalog_sales.cs_ext_sales_price)))) AND ((sum(store_sales.ss_ext_sales_price)) <= ('1.1'::double precision * (sum(catalog_sales.cs_ext_sales_price)))) AND ((sum(catalog_sales.cs_ext_sales_price)) >= ('0.9'::double precision * (sum(store_sales.ss_ext_sales_price)))) AND ((sum(catalog_sales.cs_ext_sales_price)) <= ('1.1'::double precision * (sum(store_sales.ss_ext_sales_price)))) AND ((sum(store_sales.ss_ext_sales_price)) >= ('0.9'::double precision * (sum(web_sales.ws_ext_sales_price)))) AND ((sum(store_sales.ss_ext_sales_price)) <= ('1.1'::double precision * (sum(web_sales.ws_ext_sales_price)))) AND ((sum(web_sales.ws_ext_sales_price)) >= ('0.9'::double precision * (sum(store_sales.ss_ext_sales_price)))) AND ((sum(web_sales.ws_ext_sales_price)) <= ('1.1'::double precision * (sum(store_sales.ss_ext_sales_price)))))
              Rows Removed by Join Filter: 6
              ->  GroupAggregate  (cost=2730.54..2735.14 rows=263 width=25) (actual time=36.262..38.046 rows=3670 loops=1)
                    Group Key: item.i_item_id
                    InitPlan 1 (returns $0)
                      ->  Index Scan using i_d_date on date_dim date_dim_6  (cost=0.29..2.51 rows=1 width=4) (actual time=0.006..0.007 rows=1 loops=1)
                            Index Cond: (d_date = '2002-04-11'::date)
                    ->  Sort  (cost=2728.03..2728.69 rows=263 width=25) (actual time=36.257..36.617 rows=5164 loops=1)
                          Sort Key: item.i_item_id
                          Sort Method: quicksort  Memory: 603kB
                          ->  Nested Loop  (cost=2319.14..2717.46 rows=263 width=25) (actual time=8.230..20.201 rows=5855 loops=1)
                                ->  Nested Loop  (cost=2318.85..2637.11 rows=263 width=16) (actual time=8.224..10.970 rows=5855 loops=1)
                                      ->  Nested Loop  (cost=2318.42..2335.84 rows=7 width=8) (actual time=8.213..8.230 rows=7 loops=1)
                                            ->  HashAggregate  (cost=2318.13..2318.20 rows=7 width=4) (actual time=8.208..8.212 rows=7 loops=1)
                                                  Group Key: date_dim_1.d_date
                                                  Batches: 1  Memory Usage: 24kB
                                                  ->  Seq Scan on date_dim date_dim_1  (cost=0.00..2318.11 rows=7 width=4) (actual time=3.973..8.204 rows=7 loops=1)
                                                        Filter: (d_week_seq = $0)
                                                        Rows Removed by Filter: 73042
                                            ->  Index Scan using i_d_date on date_dim  (cost=0.29..2.51 rows=1 width=12) (actual time=0.002..0.002 rows=1 loops=7)
                                                  Index Cond: (d_date = date_dim_1.d_date)
                                      ->  Index Scan using i_ss_sold_date_sk on store_sales  (cost=0.43..27.96 rows=1508 width=24) (actual time=0.009..0.265 rows=836 loops=7)
                                            Index Cond: (ss_sold_date_sk = date_dim.d_date_sk)
                                ->  Index Scan using pk_item on item  (cost=0.29..0.31 rows=1 width=25) (actual time=0.001..0.001 rows=1 loops=5855)
                                      Index Cond: (i_item_sk = store_sales.ss_item_sk)
              ->  Materialize  (cost=4987.94..4996.36 rows=1 width=50) (actual time=36.692..40.044 rows=16 loops=1)
                    ->  Merge Join  (cost=4987.94..4996.36 rows=1 width=50) (actual time=36.690..40.038 rows=16 loops=1)
                          Merge Cond: (item_1.i_item_id = item_2.i_item_id)
                          Join Filter: (((sum(catalog_sales.cs_ext_sales_price)) >= ('0.9'::double precision * (sum(web_sales.ws_ext_sales_price)))) AND ((sum(catalog_sales.cs_ext_sales_price)) <= ('1.1'::double precision * (sum(web_sales.ws_ext_sales_price)))) AND ((sum(web_sales.ws_ext_sales_price)) >= ('0.9'::double precision * (sum(catalog_sales.cs_ext_sales_price)))) AND ((sum(web_sales.ws_ext_sales_price)) <= ('1.1'::double precision * (sum(catalog_sales.cs_ext_sales_price)))))
                          Rows Removed by Join Filter: 432
                          ->  GroupAggregate  (cost=2544.41..2546.81 rows=137 width=25) (actual time=22.348..23.533 rows=2754 loops=1)
                                Group Key: item_1.i_item_id
                                InitPlan 2 (returns $1)
                                  ->  Index Scan using i_d_date on date_dim date_dim_7  (cost=0.29..2.51 rows=1 width=4) (actual time=0.002..0.003 rows=1 loops=1)
                                        Index Cond: (d_date = '2002-04-11'::date)
                                ->  Sort  (cost=2541.90..2542.24 rows=137 width=25) (actual time=22.343..22.502 rows=3266 loops=1)
                                      Sort Key: item_1.i_item_id
                                      Sort Method: quicksort  Memory: 326kB
                                      ->  Nested Loop  (cost=2319.14..2537.04 rows=137 width=25) (actual time=7.457..13.664 rows=3266 loops=1)
                                            ->  Nested Loop  (cost=2318.85..2495.12 rows=137 width=16) (actual time=7.453..8.951 rows=3266 loops=1)
                                                  ->  Nested Loop  (cost=2318.42..2335.84 rows=7 width=8) (actual time=7.445..7.466 rows=7 loops=1)
                                                        ->  HashAggregate  (cost=2318.13..2318.20 rows=7 width=4) (actual time=7.441..7.442 rows=7 loops=1)
                                                              Group Key: date_dim_3.d_date
                                                              Batches: 1  Memory Usage: 24kB
                                                              ->  Seq Scan on date_dim date_dim_3  (cost=0.00..2318.11 rows=7 width=4) (actual time=3.732..7.437 rows=7 loops=1)
                                                                    Filter: (d_week_seq = $1)
                                                                    Rows Removed by Filter: 73042
                                                        ->  Index Scan using i_d_date on date_dim date_dim_2  (cost=0.29..2.51 rows=1 width=12) (actual time=0.002..0.003 rows=1 loops=7)
                                                              Index Cond: (d_date = date_dim_3.d_date)
                                                  ->  Index Scan using i_cs_sold_date_sk on catalog_sales  (cost=0.43..14.93 rows=782 width=24) (actual time=0.005..0.116 rows=467 loops=7)
                                                        Index Cond: (cs_sold_date_sk = date_dim_2.d_date_sk)
                                            ->  Index Scan using pk_item on item item_1  (cost=0.29..0.31 rows=1 width=25) (actual time=0.001..0.001 rows=1 loops=3266)
                                                  Index Cond: (i_item_sk = catalog_sales.cs_item_sk)
                          ->  Materialize  (cost=2443.53..2445.60 rows=69 width=25) (actual time=14.053..14.966 rows=1511 loops=1)
                                ->  GroupAggregate  (cost=2443.53..2444.74 rows=69 width=25) (actual time=14.052..14.674 rows=1511 loops=1)
                                      Group Key: item_2.i_item_id
                                      InitPlan 3 (returns $2)
                                        ->  Index Scan using i_d_date on date_dim date_dim_8  (cost=0.29..2.51 rows=1 width=4) (actual time=0.002..0.003 rows=1 loops=1)
                                              Index Cond: (d_date = '2002-04-11'::date)
                                      ->  Sort  (cost=2441.02..2441.19 rows=69 width=25) (actual time=14.049..14.121 rows=1604 loops=1)
                                            Sort Key: item_2.i_item_id
                                            Sort Method: quicksort  Memory: 161kB
                                            ->  Nested Loop  (cost=2319.14..2438.91 rows=69 width=25) (actual time=6.804..10.069 rows=1604 loops=1)
                                                  ->  Nested Loop  (cost=2318.85..2417.73 rows=69 width=16) (actual time=6.800..7.682 rows=1604 loops=1)
                                                        ->  Nested Loop  (cost=2318.42..2335.84 rows=7 width=8) (actual time=6.790..6.803 rows=7 loops=1)
                                                              ->  HashAggregate  (cost=2318.13..2318.20 rows=7 width=4) (actual time=6.786..6.787 rows=7 loops=1)
                                                                    Group Key: date_dim_5.d_date
                                                                    Batches: 1  Memory Usage: 24kB
                                                                    ->  Seq Scan on date_dim date_dim_5  (cost=0.00..2318.11 rows=7 width=4) (actual time=3.402..6.783 rows=7 loops=1)
                                                                          Filter: (d_week_seq = $2)
                                                                          Rows Removed by Filter: 73042
                                                              ->  Index Scan using i_d_date on date_dim date_dim_4  (cost=0.29..2.51 rows=1 width=12) (actual time=0.001..0.002 rows=1 loops=7)
                                                                    Index Cond: (d_date = date_dim_5.d_date)
                                                        ->  Index Scan using i_ws_sold_date_sk on web_sales  (cost=0.42..7.75 rows=395 width=24) (actual time=0.004..0.079 rows=229 loops=7)
                                                              Index Cond: (ws_sold_date_sk = date_dim_4.d_date_sk)
                                                  ->  Index Scan using pk_item on item item_2  (cost=0.29..0.31 rows=1 width=25) (actual time=0.001..0.001 rows=1 loops=1604)
                                                        Index Cond: (i_item_sk = web_sales.ws_item_sk)
 item_id | ss_item_rev | ss_dev | cs_item_rev | cs_dev | ws_item_rev | ws_dev | average 
---------+-------------+--------+-------------+--------+-------------+--------+---------
(0 rows)

UPDATE time_statistics SET e_time = TRANSACTION_TIMESTAMP() WHERE template = 'query58.tpl' AND stream = 0;
psql:/tmp/s1-basline/power/query_0.sql:2908: NOTICE:  duration: 0.031 ms  plan:
Query Text: UPDATE time_statistics SET e_time = TRANSACTION_TIMESTAMP() WHERE template = 'query58.tpl' AND stream = 0;
Update on time_statistics  (cost=0.00..1.88 rows=0 width=0) (actual time=0.030..0.030 rows=0 loops=1)
  ->  Seq Scan on time_statistics  (cost=0.00..1.88 rows=1 width=14) (actual time=0.015..0.015 rows=1 loops=1)
        Filter: ((template = 'query58.tpl'::text) AND (stream = 0))
        Rows Removed by Filter: 58
UPDATE 1
LOAD 'auto_explain'; SET auto_explain.log_min_duration TO 0; SET auto_explain.log_analyze TO on; SET auto_explain.log_level TO notice; INSERT INTO time_statistics (template, s_time, stream, query, seed) VALUES ('query59.tpl', TRANSACTION_TIMESTAMP(), 0, 59, 1141581864);
LOAD
SET
SET
SET
psql:/tmp/s1-basline/power/query_0.sql:2909: NOTICE:  duration: 0.009 ms  plan:
Query Text: INSERT INTO time_statistics (template, s_time, stream, query, seed) VALUES ('query59.tpl', TRANSACTION_TIMESTAMP(), 0, 59, 1141581864);
Insert on time_statistics  (cost=0.00..0.01 rows=0 width=0) (actual time=0.008..0.008 rows=0 loops=1)
  ->  Result  (cost=0.00..0.01 rows=1 width=64) (actual time=0.001..0.002 rows=1 loops=1)
INSERT 0 1
with wss as 
 (select d_week_seq,
        ss_store_sk,
        sum(case when (d_day_name='Sunday') then ss_sales_price else null end) sun_sales,
        sum(case when (d_day_name='Monday') then ss_sales_price else null end) mon_sales,
        sum(case when (d_day_name='Tuesday') then ss_sales_price else  null end) tue_sales,
        sum(case when (d_day_name='Wednesday') then ss_sales_price else null end) wed_sales,
        sum(case when (d_day_name='Thursday') then ss_sales_price else null end) thu_sales,
        sum(case when (d_day_name='Friday') then ss_sales_price else null end) fri_sales,
        sum(case when (d_day_name='Saturday') then ss_sales_price else null end) sat_sales
 from store_sales,date_dim
 where d_date_sk = ss_sold_date_sk
 group by d_week_seq,ss_store_sk
 )
  select  s_store_name1,s_store_id1,d_week_seq1
       ,sun_sales1/sun_sales2,mon_sales1/mon_sales2
       ,tue_sales1/tue_sales2,wed_sales1/wed_sales2,thu_sales1/thu_sales2
       ,fri_sales1/fri_sales2,sat_sales1/sat_sales2
 from
 (select s_store_name s_store_name1,wss.d_week_seq d_week_seq1
        ,s_store_id s_store_id1,sun_sales sun_sales1
        ,mon_sales mon_sales1,tue_sales tue_sales1
        ,wed_sales wed_sales1,thu_sales thu_sales1
        ,fri_sales fri_sales1,sat_sales sat_sales1
  from wss,store,date_dim d
  where d.d_week_seq = wss.d_week_seq and
        ss_store_sk = s_store_sk and 
        d_month_seq between 1209 and 1209 + 11) y,
 (select s_store_name s_store_name2,wss.d_week_seq d_week_seq2
        ,s_store_id s_store_id2,sun_sales sun_sales2
        ,mon_sales mon_sales2,tue_sales tue_sales2
        ,wed_sales wed_sales2,thu_sales thu_sales2
        ,fri_sales fri_sales2,sat_sales sat_sales2
  from wss,store,date_dim d
  where d.d_week_seq = wss.d_week_seq and
        ss_store_sk = s_store_sk and 
        d_month_seq between 1209+ 12 and 1209 + 23) x
 where s_store_id1=s_store_id2
   and d_week_seq1=d_week_seq2-52
 order by s_store_name1,s_store_id1,d_week_seq1
limit 100;
psql:/tmp/s1-basline/power/query_0.sql:2950: NOTICE:  duration: 913.726 ms  plan:
Query Text: with wss as 
 (select d_week_seq,
        ss_store_sk,
        sum(case when (d_day_name='Sunday') then ss_sales_price else null end) sun_sales,
        sum(case when (d_day_name='Monday') then ss_sales_price else null end) mon_sales,
        sum(case when (d_day_name='Tuesday') then ss_sales_price else  null end) tue_sales,
        sum(case when (d_day_name='Wednesday') then ss_sales_price else null end) wed_sales,
        sum(case when (d_day_name='Thursday') then ss_sales_price else null end) thu_sales,
        sum(case when (d_day_name='Friday') then ss_sales_price else null end) fri_sales,
        sum(case when (d_day_name='Saturday') then ss_sales_price else null end) sat_sales
 from store_sales,date_dim
 where d_date_sk = ss_sold_date_sk
 group by d_week_seq,ss_store_sk
 )
  select  s_store_name1,s_store_id1,d_week_seq1
       ,sun_sales1/sun_sales2,mon_sales1/mon_sales2
       ,tue_sales1/tue_sales2,wed_sales1/wed_sales2,thu_sales1/thu_sales2
       ,fri_sales1/fri_sales2,sat_sales1/sat_sales2
 from
 (select s_store_name s_store_name1,wss.d_week_seq d_week_seq1
        ,s_store_id s_store_id1,sun_sales sun_sales1
        ,mon_sales mon_sales1,tue_sales tue_sales1
        ,wed_sales wed_sales1,thu_sales thu_sales1
        ,fri_sales fri_sales1,sat_sales sat_sales1
  from wss,store,date_dim d
  where d.d_week_seq = wss.d_week_seq and
        ss_store_sk = s_store_sk and 
        d_month_seq between 1209 and 1209 + 11) y,
 (select s_store_name s_store_name2,wss.d_week_seq d_week_seq2
        ,s_store_id s_store_id2,sun_sales sun_sales2
        ,mon_sales mon_sales2,tue_sales tue_sales2
        ,wed_sales wed_sales2,thu_sales thu_sales2
        ,fri_sales fri_sales2,sat_sales sat_sales2
  from wss,store,date_dim d
  where d.d_week_seq = wss.d_week_seq and
        ss_store_sk = s_store_sk and 
        d_month_seq between 1209+ 12 and 1209 + 23) x
 where s_store_id1=s_store_id2
   and d_week_seq1=d_week_seq2-52
 order by s_store_name1,s_store_id1,d_week_seq1
limit 100;
Limit  (cost=162700.19..162700.20 rows=1 width=82) (actual time=913.478..913.626 rows=100 loops=1)
  CTE wss
    ->  Finalize HashAggregate  (cost=154089.20..154714.46 rows=62526 width=68) (actual time=766.120..766.916 rows=1834 loops=1)
          Group Key: date_dim.d_week_seq, store_sales.ss_store_sk
          Batches: 1  Memory Usage: 3601kB
          ->  Gather  (cost=138145.07..151275.53 rows=125052 width=68) (actual time=762.943..764.504 rows=5502 loops=1)
                Workers Planned: 2
                Workers Launched: 2
                ->  Partial HashAggregate  (cost=137145.07..137770.33 rows=62526 width=68) (actual time=757.637..758.280 rows=1834 loops=3)
                      Group Key: date_dim.d_week_seq, store_sales.ss_store_sk
                      Batches: 1  Memory Usage: 3601kB
                      Worker 0:  Batches: 1  Memory Usage: 3601kB
                      Worker 1:  Batches: 1  Memory Usage: 3601kB
                      ->  Hash Join  (cost=3048.60..91320.03 rows=1145626 width=30) (actual time=29.483..410.895 rows=916119 loops=3)
                            Hash Cond: (store_sales.ss_sold_date_sk = date_dim.d_date_sk)
                            ->  Parallel Seq Scan on store_sales  (cost=0.00..85123.48 rows=1199148 width=24) (actual time=0.014..130.361 rows=959309 loops=3)
                            ->  Hash  (cost=2135.49..2135.49 rows=73049 width=22) (actual time=29.071..29.072 rows=73049 loops=3)
                                  Buckets: 131072  Batches: 1  Memory Usage: 5019kB
                                  ->  Seq Scan on date_dim  (cost=0.00..2135.49 rows=73049 width=22) (actual time=0.022..17.454 rows=73049 loops=3)
  ->  Sort  (cost=7985.74..7985.74 rows=1 width=82) (actual time=913.477..913.484 rows=100 loops=1)
        Sort Key: store.s_store_name, store.s_store_id, wss.d_week_seq
        Sort Method: top-N heapsort  Memory: 48kB
        ->  Nested Loop  (cost=3971.09..7985.73 rows=1 width=82) (actual time=780.390..909.319 rows=15258 loops=1)
              Join Filter: (wss_1.d_week_seq = d_1.d_week_seq)
              Rows Removed by Join Filter: 784092
              ->  Seq Scan on date_dim d_1  (cost=0.00..2500.73 rows=361 width=4) (actual time=3.567..6.552 rows=365 loops=1)
                    Filter: ((d_month_seq >= 1221) AND (d_month_seq <= 1232))
                    Rows Removed by Filter: 72684
              ->  Materialize  (cost=3971.09..5436.26 rows=9 width=142) (actual time=2.127..2.212 rows=2190 loops=365)
                    ->  Hash Join  (cost=3971.09..5436.22 rows=9 width=142) (actual time=776.480..777.598 rows=2190 loops=1)
                          Hash Cond: (((wss_1.d_week_seq - 52) = d.d_week_seq) AND (store_1.s_store_id = store.s_store_id))
                          ->  Hash Join  (cost=1.27..1419.40 rows=3752 width=77) (actual time=766.145..766.634 rows=1572 loops=1)
                                Hash Cond: (wss_1.ss_store_sk = store_1.s_store_sk)
                                ->  CTE Scan on wss wss_1  (cost=0.00..1250.52 rows=62526 width=68) (actual time=766.122..766.243 rows=1834 loops=1)
                                ->  Hash  (cost=1.12..1.12 rows=12 width=25) (actual time=0.012..0.012 rows=12 loops=1)
                                      Buckets: 1024  Batches: 1  Memory Usage: 9kB
                                      ->  Seq Scan on store store_1  (cost=0.00..1.12 rows=12 width=25) (actual time=0.008..0.009 rows=12 loops=1)
                          ->  Hash  (cost=3967.95..3967.95 rows=125 width=86) (actual time=10.327..10.328 rows=2190 loops=1)
                                Buckets: 4096 (originally 1024)  Batches: 1 (originally 1)  Memory Usage: 298kB
                                ->  Hash Join  (cost=2506.35..3967.95 rows=125 width=86) (actual time=7.795..9.785 rows=2190 loops=1)
                                      Hash Cond: (wss.d_week_seq = d.d_week_seq)
                                      ->  Hash Join  (cost=1.27..1419.40 rows=3752 width=82) (actual time=0.010..1.659 rows=1572 loops=1)
                                            Hash Cond: (wss.ss_store_sk = store.s_store_sk)
                                            ->  CTE Scan on wss  (cost=0.00..1250.52 rows=62526 width=68) (actual time=0.000..1.273 rows=1834 loops=1)
                                            ->  Hash  (cost=1.12..1.12 rows=12 width=30) (actual time=0.005..0.006 rows=12 loops=1)
                                                  Buckets: 1024  Batches: 1  Memory Usage: 9kB
                                                  ->  Seq Scan on store  (cost=0.00..1.12 rows=12 width=30) (actual time=0.002..0.003 rows=12 loops=1)
                                      ->  Hash  (cost=2500.73..2500.73 rows=348 width=4) (actual time=7.775..7.775 rows=365 loops=1)
                                            Buckets: 1024  Batches: 1  Memory Usage: 21kB
                                            ->  Seq Scan on date_dim d  (cost=0.00..2500.73 rows=348 width=4) (actual time=3.714..7.736 rows=365 loops=1)
                                                  Filter: ((d_month_seq >= 1209) AND (d_month_seq <= 1220))
                                                  Rows Removed by Filter: 72684
 s_store_name1 |   s_store_id1    | d_week_seq1 |      ?column?      |      ?column?      |      ?column?      |      ?column?      |      ?column?      |      ?column?      |      ?column?      
---------------+------------------+-------------+--------------------+--------------------+--------------------+--------------------+--------------------+--------------------+--------------------
 able          | AAAAAAAACAAAAAAA |        5257 | 1.6175433362933362 |  0.704735720963021 | 0.6980285992555955 | 0.9417614004754704 |  1.289567079439153 | 1.1919941546440491 | 0.7524983835656838
 able          | AAAAAAAACAAAAAAA |        5257 | 1.6175433362933362 |  0.704735720963021 | 0.6980285992555955 | 0.9417614004754704 |  1.289567079439153 | 1.1919941546440491 | 0.7524983835656838
 able          | AAAAAAAACAAAAAAA |        5258 | 0.9262963296693066 | 1.0891042257972696 | 1.0145007150547016 | 0.5695864112978783 |  0.970068736243038 | 0.8883304720237767 | 0.7195582619757795
 able          | AAAAAAAACAAAAAAA |        5258 | 0.9262963296693066 | 1.0891042257972696 | 1.0145007150547016 | 0.5695864112978783 |  0.970068736243038 | 0.8883304720237767 | 0.7195582619757795
 able          | AAAAAAAACAAAAAAA |        5258 | 0.9262963296693066 | 1.0891042257972696 | 1.0145007150547016 | 0.5695864112978783 |  0.970068736243038 | 0.8883304720237767 | 0.7195582619757795
 able          | AAAAAAAACAAAAAAA |        5258 | 0.9262963296693066 | 1.0891042257972696 | 1.0145007150547016 | 0.5695864112978783 |  0.970068736243038 | 0.8883304720237767 | 0.7195582619757795
 able          | AAAAAAAACAAAAAAA |        5258 | 0.9262963296693066 | 1.0891042257972696 | 1.0145007150547016 | 0.5695864112978783 |  0.970068736243038 | 0.8883304720237767 | 0.7195582619757795
 able          | AAAAAAAACAAAAAAA |        5258 | 0.9262963296693066 | 1.0891042257972696 | 1.0145007150547016 | 0.5695864112978783 |  0.970068736243038 | 0.8883304720237767 | 0.7195582619757795
 able          | AAAAAAAACAAAAAAA |        5258 | 0.9262963296693066 | 1.0891042257972696 | 1.0145007150547016 | 0.5695864112978783 |  0.970068736243038 | 0.8883304720237767 | 0.7195582619757795
 able          | AAAAAAAACAAAAAAA |        5258 | 0.9262963296693066 | 1.0891042257972696 | 1.0145007150547016 | 0.5695864112978783 |  0.970068736243038 | 0.8883304720237767 | 0.7195582619757795
 able          | AAAAAAAACAAAAAAA |        5258 | 0.9262963296693066 | 1.0891042257972696 | 1.0145007150547016 | 0.5695864112978783 |  0.970068736243038 | 0.8883304720237767 | 0.7195582619757795
 able          | AAAAAAAACAAAAAAA |        5258 | 0.9262963296693066 | 1.0891042257972696 | 1.0145007150547016 | 0.5695864112978783 |  0.970068736243038 | 0.8883304720237767 | 0.7195582619757795
 able          | AAAAAAAACAAAAAAA |        5258 | 0.9262963296693066 | 1.0891042257972696 | 1.0145007150547016 | 0.5695864112978783 |  0.970068736243038 | 0.8883304720237767 | 0.7195582619757795
 able          | AAAAAAAACAAAAAAA |        5258 | 0.9262963296693066 | 1.0891042257972696 | 1.0145007150547016 | 0.5695864112978783 |  0.970068736243038 | 0.8883304720237767 | 0.7195582619757795
 able          | AAAAAAAACAAAAAAA |        5258 | 0.9262963296693066 | 1.0891042257972696 | 1.0145007150547016 | 0.5695864112978783 |  0.970068736243038 | 0.8883304720237767 | 0.7195582619757795
 able          | AAAAAAAACAAAAAAA |        5258 | 0.9262963296693066 | 1.0891042257972696 | 1.0145007150547016 | 0.5695864112978783 |  0.970068736243038 | 0.8883304720237767 | 0.7195582619757795
 able          | AAAAAAAACAAAAAAA |        5258 | 0.9262963296693066 | 1.0891042257972696 | 1.0145007150547016 | 0.5695864112978783 |  0.970068736243038 | 0.8883304720237767 | 0.7195582619757795
 able          | AAAAAAAACAAAAAAA |        5258 | 0.9262963296693066 | 1.0891042257972696 | 1.0145007150547016 | 0.5695864112978783 |  0.970068736243038 | 0.8883304720237767 | 0.7195582619757795
 able          | AAAAAAAACAAAAAAA |        5258 | 0.9262963296693066 | 1.0891042257972696 | 1.0145007150547016 | 0.5695864112978783 |  0.970068736243038 | 0.8883304720237767 | 0.7195582619757795
 able          | AAAAAAAACAAAAAAA |        5258 | 0.9262963296693066 | 1.0891042257972696 | 1.0145007150547016 | 0.5695864112978783 |  0.970068736243038 | 0.8883304720237767 | 0.7195582619757795
 able          | AAAAAAAACAAAAAAA |        5258 | 0.9262963296693066 | 1.0891042257972696 | 1.0145007150547016 | 0.5695864112978783 |  0.970068736243038 | 0.8883304720237767 | 0.7195582619757795
 able          | AAAAAAAACAAAAAAA |        5258 | 0.9262963296693066 | 1.0891042257972696 | 1.0145007150547016 | 0.5695864112978783 |  0.970068736243038 | 0.8883304720237767 | 0.7195582619757795
 able          | AAAAAAAACAAAAAAA |        5258 | 0.9262963296693066 | 1.0891042257972696 | 1.0145007150547016 | 0.5695864112978783 |  0.970068736243038 | 0.8883304720237767 | 0.7195582619757795
 able          | AAAAAAAACAAAAAAA |        5258 | 0.9262963296693066 | 1.0891042257972696 | 1.0145007150547016 | 0.5695864112978783 |  0.970068736243038 | 0.8883304720237767 | 0.7195582619757795
 able          | AAAAAAAACAAAAAAA |        5258 | 0.9262963296693066 | 1.0891042257972696 | 1.0145007150547016 | 0.5695864112978783 |  0.970068736243038 | 0.8883304720237767 | 0.7195582619757795
 able          | AAAAAAAACAAAAAAA |        5258 | 0.9262963296693066 | 1.0891042257972696 | 1.0145007150547016 | 0.5695864112978783 |  0.970068736243038 | 0.8883304720237767 | 0.7195582619757795
 able          | AAAAAAAACAAAAAAA |        5258 | 0.9262963296693066 | 1.0891042257972696 | 1.0145007150547016 | 0.5695864112978783 |  0.970068736243038 | 0.8883304720237767 | 0.7195582619757795
 able          | AAAAAAAACAAAAAAA |        5258 | 0.9262963296693066 | 1.0891042257972696 | 1.0145007150547016 | 0.5695864112978783 |  0.970068736243038 | 0.8883304720237767 | 0.7195582619757795
 able          | AAAAAAAACAAAAAAA |        5258 | 0.9262963296693066 | 1.0891042257972696 | 1.0145007150547016 | 0.5695864112978783 |  0.970068736243038 | 0.8883304720237767 | 0.7195582619757795
 able          | AAAAAAAACAAAAAAA |        5258 | 0.9262963296693066 | 1.0891042257972696 | 1.0145007150547016 | 0.5695864112978783 |  0.970068736243038 | 0.8883304720237767 | 0.7195582619757795
 able          | AAAAAAAACAAAAAAA |        5258 | 0.9262963296693066 | 1.0891042257972696 | 1.0145007150547016 | 0.5695864112978783 |  0.970068736243038 | 0.8883304720237767 | 0.7195582619757795
 able          | AAAAAAAACAAAAAAA |        5258 | 0.9262963296693066 | 1.0891042257972696 | 1.0145007150547016 | 0.5695864112978783 |  0.970068736243038 | 0.8883304720237767 | 0.7195582619757795
 able          | AAAAAAAACAAAAAAA |        5258 | 0.9262963296693066 | 1.0891042257972696 | 1.0145007150547016 | 0.5695864112978783 |  0.970068736243038 | 0.8883304720237767 | 0.7195582619757795
 able          | AAAAAAAACAAAAAAA |        5258 | 0.9262963296693066 | 1.0891042257972696 | 1.0145007150547016 | 0.5695864112978783 |  0.970068736243038 | 0.8883304720237767 | 0.7195582619757795
 able          | AAAAAAAACAAAAAAA |        5258 | 0.9262963296693066 | 1.0891042257972696 | 1.0145007150547016 | 0.5695864112978783 |  0.970068736243038 | 0.8883304720237767 | 0.7195582619757795
 able          | AAAAAAAACAAAAAAA |        5258 | 0.9262963296693066 | 1.0891042257972696 | 1.0145007150547016 | 0.5695864112978783 |  0.970068736243038 | 0.8883304720237767 | 0.7195582619757795
 able          | AAAAAAAACAAAAAAA |        5258 | 0.9262963296693066 | 1.0891042257972696 | 1.0145007150547016 | 0.5695864112978783 |  0.970068736243038 | 0.8883304720237767 | 0.7195582619757795
 able          | AAAAAAAACAAAAAAA |        5258 | 0.9262963296693066 | 1.0891042257972696 | 1.0145007150547016 | 0.5695864112978783 |  0.970068736243038 | 0.8883304720237767 | 0.7195582619757795
 able          | AAAAAAAACAAAAAAA |        5258 | 0.9262963296693066 | 1.0891042257972696 | 1.0145007150547016 | 0.5695864112978783 |  0.970068736243038 | 0.8883304720237767 | 0.7195582619757795
 able          | AAAAAAAACAAAAAAA |        5258 | 0.9262963296693066 | 1.0891042257972696 | 1.0145007150547016 | 0.5695864112978783 |  0.970068736243038 | 0.8883304720237767 | 0.7195582619757795
 able          | AAAAAAAACAAAAAAA |        5258 | 0.9262963296693066 | 1.0891042257972696 | 1.0145007150547016 | 0.5695864112978783 |  0.970068736243038 | 0.8883304720237767 | 0.7195582619757795
 able          | AAAAAAAACAAAAAAA |        5258 | 0.9262963296693066 | 1.0891042257972696 | 1.0145007150547016 | 0.5695864112978783 |  0.970068736243038 | 0.8883304720237767 | 0.7195582619757795
 able          | AAAAAAAACAAAAAAA |        5258 | 0.9262963296693066 | 1.0891042257972696 | 1.0145007150547016 | 0.5695864112978783 |  0.970068736243038 | 0.8883304720237767 | 0.7195582619757795
 able          | AAAAAAAACAAAAAAA |        5258 | 0.9262963296693066 | 1.0891042257972696 | 1.0145007150547016 | 0.5695864112978783 |  0.970068736243038 | 0.8883304720237767 | 0.7195582619757795
 able          | AAAAAAAACAAAAAAA |        5258 | 0.9262963296693066 | 1.0891042257972696 | 1.0145007150547016 | 0.5695864112978783 |  0.970068736243038 | 0.8883304720237767 | 0.7195582619757795
 able          | AAAAAAAACAAAAAAA |        5258 | 0.9262963296693066 | 1.0891042257972696 | 1.0145007150547016 | 0.5695864112978783 |  0.970068736243038 | 0.8883304720237767 | 0.7195582619757795
 able          | AAAAAAAACAAAAAAA |        5258 | 0.9262963296693066 | 1.0891042257972696 | 1.0145007150547016 | 0.5695864112978783 |  0.970068736243038 | 0.8883304720237767 | 0.7195582619757795
 able          | AAAAAAAACAAAAAAA |        5258 | 0.9262963296693066 | 1.0891042257972696 | 1.0145007150547016 | 0.5695864112978783 |  0.970068736243038 | 0.8883304720237767 | 0.7195582619757795
 able          | AAAAAAAACAAAAAAA |        5258 | 0.9262963296693066 | 1.0891042257972696 | 1.0145007150547016 | 0.5695864112978783 |  0.970068736243038 | 0.8883304720237767 | 0.7195582619757795
 able          | AAAAAAAACAAAAAAA |        5258 | 0.9262963296693066 | 1.0891042257972696 | 1.0145007150547016 | 0.5695864112978783 |  0.970068736243038 | 0.8883304720237767 | 0.7195582619757795
 able          | AAAAAAAACAAAAAAA |        5258 | 0.9262963296693066 | 1.0891042257972696 | 1.0145007150547016 | 0.5695864112978783 |  0.970068736243038 | 0.8883304720237767 | 0.7195582619757795
 able          | AAAAAAAACAAAAAAA |        5259 | 1.6476800931721838 | 1.1191416567617534 |  0.839342119460501 |  1.257037969693571 | 1.2087913988360177 | 1.4409386814739236 |  1.103514366538834
 able          | AAAAAAAACAAAAAAA |        5259 | 1.6476800931721838 | 1.1191416567617534 |  0.839342119460501 |  1.257037969693571 | 1.2087913988360177 | 1.4409386814739236 |  1.103514366538834
 able          | AAAAAAAACAAAAAAA |        5259 | 1.6476800931721838 | 1.1191416567617534 |  0.839342119460501 |  1.257037969693571 | 1.2087913988360177 | 1.4409386814739236 |  1.103514366538834
 able          | AAAAAAAACAAAAAAA |        5259 | 1.6476800931721838 | 1.1191416567617534 |  0.839342119460501 |  1.257037969693571 | 1.2087913988360177 | 1.4409386814739236 |  1.103514366538834
 able          | AAAAAAAACAAAAAAA |        5259 | 1.6476800931721838 | 1.1191416567617534 |  0.839342119460501 |  1.257037969693571 | 1.2087913988360177 | 1.4409386814739236 |  1.103514366538834
 able          | AAAAAAAACAAAAAAA |        5259 | 1.6476800931721838 | 1.1191416567617534 |  0.839342119460501 |  1.257037969693571 | 1.2087913988360177 | 1.4409386814739236 |  1.103514366538834
 able          | AAAAAAAACAAAAAAA |        5259 | 1.6476800931721838 | 1.1191416567617534 |  0.839342119460501 |  1.257037969693571 | 1.2087913988360177 | 1.4409386814739236 |  1.103514366538834
 able          | AAAAAAAACAAAAAAA |        5259 | 1.6476800931721838 | 1.1191416567617534 |  0.839342119460501 |  1.257037969693571 | 1.2087913988360177 | 1.4409386814739236 |  1.103514366538834
 able          | AAAAAAAACAAAAAAA |        5259 | 1.6476800931721838 | 1.1191416567617534 |  0.839342119460501 |  1.257037969693571 | 1.2087913988360177 | 1.4409386814739236 |  1.103514366538834
 able          | AAAAAAAACAAAAAAA |        5259 | 1.6476800931721838 | 1.1191416567617534 |  0.839342119460501 |  1.257037969693571 | 1.2087913988360177 | 1.4409386814739236 |  1.103514366538834
 able          | AAAAAAAACAAAAAAA |        5259 | 1.6476800931721838 | 1.1191416567617534 |  0.839342119460501 |  1.257037969693571 | 1.2087913988360177 | 1.4409386814739236 |  1.103514366538834
 able          | AAAAAAAACAAAAAAA |        5259 | 1.6476800931721838 | 1.1191416567617534 |  0.839342119460501 |  1.257037969693571 | 1.2087913988360177 | 1.4409386814739236 |  1.103514366538834
 able          | AAAAAAAACAAAAAAA |        5259 | 1.6476800931721838 | 1.1191416567617534 |  0.839342119460501 |  1.257037969693571 | 1.2087913988360177 | 1.4409386814739236 |  1.103514366538834
 able          | AAAAAAAACAAAAAAA |        5259 | 1.6476800931721838 | 1.1191416567617534 |  0.839342119460501 |  1.257037969693571 | 1.2087913988360177 | 1.4409386814739236 |  1.103514366538834
 able          | AAAAAAAACAAAAAAA |        5259 | 1.6476800931721838 | 1.1191416567617534 |  0.839342119460501 |  1.257037969693571 | 1.2087913988360177 | 1.4409386814739236 |  1.103514366538834
 able          | AAAAAAAACAAAAAAA |        5259 | 1.6476800931721838 | 1.1191416567617534 |  0.839342119460501 |  1.257037969693571 | 1.2087913988360177 | 1.4409386814739236 |  1.103514366538834
 able          | AAAAAAAACAAAAAAA |        5259 | 1.6476800931721838 | 1.1191416567617534 |  0.839342119460501 |  1.257037969693571 | 1.2087913988360177 | 1.4409386814739236 |  1.103514366538834
 able          | AAAAAAAACAAAAAAA |        5259 | 1.6476800931721838 | 1.1191416567617534 |  0.839342119460501 |  1.257037969693571 | 1.2087913988360177 | 1.4409386814739236 |  1.103514366538834
 able          | AAAAAAAACAAAAAAA |        5259 | 1.6476800931721838 | 1.1191416567617534 |  0.839342119460501 |  1.257037969693571 | 1.2087913988360177 | 1.4409386814739236 |  1.103514366538834
 able          | AAAAAAAACAAAAAAA |        5259 | 1.6476800931721838 | 1.1191416567617534 |  0.839342119460501 |  1.257037969693571 | 1.2087913988360177 | 1.4409386814739236 |  1.103514366538834
 able          | AAAAAAAACAAAAAAA |        5259 | 1.6476800931721838 | 1.1191416567617534 |  0.839342119460501 |  1.257037969693571 | 1.2087913988360177 | 1.4409386814739236 |  1.103514366538834
 able          | AAAAAAAACAAAAAAA |        5259 | 1.6476800931721838 | 1.1191416567617534 |  0.839342119460501 |  1.257037969693571 | 1.2087913988360177 | 1.4409386814739236 |  1.103514366538834
 able          | AAAAAAAACAAAAAAA |        5259 | 1.6476800931721838 | 1.1191416567617534 |  0.839342119460501 |  1.257037969693571 | 1.2087913988360177 | 1.4409386814739236 |  1.103514366538834
 able          | AAAAAAAACAAAAAAA |        5259 | 1.6476800931721838 | 1.1191416567617534 |  0.839342119460501 |  1.257037969693571 | 1.2087913988360177 | 1.4409386814739236 |  1.103514366538834
 able          | AAAAAAAACAAAAAAA |        5259 | 1.6476800931721838 | 1.1191416567617534 |  0.839342119460501 |  1.257037969693571 | 1.2087913988360177 | 1.4409386814739236 |  1.103514366538834
 able          | AAAAAAAACAAAAAAA |        5259 | 1.6476800931721838 | 1.1191416567617534 |  0.839342119460501 |  1.257037969693571 | 1.2087913988360177 | 1.4409386814739236 |  1.103514366538834
 able          | AAAAAAAACAAAAAAA |        5259 | 1.6476800931721838 | 1.1191416567617534 |  0.839342119460501 |  1.257037969693571 | 1.2087913988360177 | 1.4409386814739236 |  1.103514366538834
 able          | AAAAAAAACAAAAAAA |        5259 | 1.6476800931721838 | 1.1191416567617534 |  0.839342119460501 |  1.257037969693571 | 1.2087913988360177 | 1.4409386814739236 |  1.103514366538834
 able          | AAAAAAAACAAAAAAA |        5259 | 1.6476800931721838 | 1.1191416567617534 |  0.839342119460501 |  1.257037969693571 | 1.2087913988360177 | 1.4409386814739236 |  1.103514366538834
 able          | AAAAAAAACAAAAAAA |        5259 | 1.6476800931721838 | 1.1191416567617534 |  0.839342119460501 |  1.257037969693571 | 1.2087913988360177 | 1.4409386814739236 |  1.103514366538834
 able          | AAAAAAAACAAAAAAA |        5259 | 1.6476800931721838 | 1.1191416567617534 |  0.839342119460501 |  1.257037969693571 | 1.2087913988360177 | 1.4409386814739236 |  1.103514366538834
 able          | AAAAAAAACAAAAAAA |        5259 | 1.6476800931721838 | 1.1191416567617534 |  0.839342119460501 |  1.257037969693571 | 1.2087913988360177 | 1.4409386814739236 |  1.103514366538834
 able          | AAAAAAAACAAAAAAA |        5259 | 1.6476800931721838 | 1.1191416567617534 |  0.839342119460501 |  1.257037969693571 | 1.2087913988360177 | 1.4409386814739236 |  1.103514366538834
 able          | AAAAAAAACAAAAAAA |        5259 | 1.6476800931721838 | 1.1191416567617534 |  0.839342119460501 |  1.257037969693571 | 1.2087913988360177 | 1.4409386814739236 |  1.103514366538834
 able          | AAAAAAAACAAAAAAA |        5259 | 1.6476800931721838 | 1.1191416567617534 |  0.839342119460501 |  1.257037969693571 | 1.2087913988360177 | 1.4409386814739236 |  1.103514366538834
 able          | AAAAAAAACAAAAAAA |        5259 | 1.6476800931721838 | 1.1191416567617534 |  0.839342119460501 |  1.257037969693571 | 1.2087913988360177 | 1.4409386814739236 |  1.103514366538834
 able          | AAAAAAAACAAAAAAA |        5259 | 1.6476800931721838 | 1.1191416567617534 |  0.839342119460501 |  1.257037969693571 | 1.2087913988360177 | 1.4409386814739236 |  1.103514366538834
 able          | AAAAAAAACAAAAAAA |        5259 | 1.6476800931721838 | 1.1191416567617534 |  0.839342119460501 |  1.257037969693571 | 1.2087913988360177 | 1.4409386814739236 |  1.103514366538834
 able          | AAAAAAAACAAAAAAA |        5259 | 1.6476800931721838 | 1.1191416567617534 |  0.839342119460501 |  1.257037969693571 | 1.2087913988360177 | 1.4409386814739236 |  1.103514366538834
 able          | AAAAAAAACAAAAAAA |        5259 | 1.6476800931721838 | 1.1191416567617534 |  0.839342119460501 |  1.257037969693571 | 1.2087913988360177 | 1.4409386814739236 |  1.103514366538834
 able          | AAAAAAAACAAAAAAA |        5259 | 1.6476800931721838 | 1.1191416567617534 |  0.839342119460501 |  1.257037969693571 | 1.2087913988360177 | 1.4409386814739236 |  1.103514366538834
 able          | AAAAAAAACAAAAAAA |        5259 | 1.6476800931721838 | 1.1191416567617534 |  0.839342119460501 |  1.257037969693571 | 1.2087913988360177 | 1.4409386814739236 |  1.103514366538834
 able          | AAAAAAAACAAAAAAA |        5259 | 1.6476800931721838 | 1.1191416567617534 |  0.839342119460501 |  1.257037969693571 | 1.2087913988360177 | 1.4409386814739236 |  1.103514366538834
 able          | AAAAAAAACAAAAAAA |        5259 | 1.6476800931721838 | 1.1191416567617534 |  0.839342119460501 |  1.257037969693571 | 1.2087913988360177 | 1.4409386814739236 |  1.103514366538834
 able          | AAAAAAAACAAAAAAA |        5259 | 1.6476800931721838 | 1.1191416567617534 |  0.839342119460501 |  1.257037969693571 | 1.2087913988360177 | 1.4409386814739236 |  1.103514366538834
 able          | AAAAAAAACAAAAAAA |        5259 | 1.6476800931721838 | 1.1191416567617534 |  0.839342119460501 |  1.257037969693571 | 1.2087913988360177 | 1.4409386814739236 |  1.103514366538834
 able          | AAAAAAAACAAAAAAA |        5259 | 1.6476800931721838 | 1.1191416567617534 |  0.839342119460501 |  1.257037969693571 | 1.2087913988360177 | 1.4409386814739236 |  1.103514366538834
 able          | AAAAAAAACAAAAAAA |        5259 | 1.6476800931721838 | 1.1191416567617534 |  0.839342119460501 |  1.257037969693571 | 1.2087913988360177 | 1.4409386814739236 |  1.103514366538834
 able          | AAAAAAAACAAAAAAA |        5259 | 1.6476800931721838 | 1.1191416567617534 |  0.839342119460501 |  1.257037969693571 | 1.2087913988360177 | 1.4409386814739236 |  1.103514366538834
(100 rows)

UPDATE time_statistics SET e_time = TRANSACTION_TIMESTAMP() WHERE template = 'query59.tpl' AND stream = 0;
psql:/tmp/s1-basline/power/query_0.sql:2952: NOTICE:  duration: 0.031 ms  plan:
Query Text: UPDATE time_statistics SET e_time = TRANSACTION_TIMESTAMP() WHERE template = 'query59.tpl' AND stream = 0;
Update on time_statistics  (cost=0.00..1.88 rows=0 width=0) (actual time=0.031..0.031 rows=0 loops=1)
  ->  Seq Scan on time_statistics  (cost=0.00..1.88 rows=1 width=14) (actual time=0.016..0.017 rows=1 loops=1)
        Filter: ((template = 'query59.tpl'::text) AND (stream = 0))
        Rows Removed by Filter: 59
UPDATE 1
LOAD 'auto_explain'; SET auto_explain.log_min_duration TO 0; SET auto_explain.log_analyze TO on; SET auto_explain.log_level TO notice; INSERT INTO time_statistics (template, s_time, stream, query, seed) VALUES ('query60.tpl', TRANSACTION_TIMESTAMP(), 0, 60, 1127465728);
LOAD
SET
SET
SET
psql:/tmp/s1-basline/power/query_0.sql:2953: NOTICE:  duration: 0.010 ms  plan:
Query Text: INSERT INTO time_statistics (template, s_time, stream, query, seed) VALUES ('query60.tpl', TRANSACTION_TIMESTAMP(), 0, 60, 1127465728);
Insert on time_statistics  (cost=0.00..0.01 rows=0 width=0) (actual time=0.009..0.010 rows=0 loops=1)
  ->  Result  (cost=0.00..0.01 rows=1 width=64) (actual time=0.002..0.002 rows=1 loops=1)
INSERT 0 1
with ss as (
 select
          i_item_id,sum(ss_ext_sales_price) total_sales
 from
 	store_sales,
 	date_dim,
         customer_address,
         item
 where
         i_item_id in (select
  i_item_id
from
 item
where i_category in ('Children'))
 and     ss_item_sk              = i_item_sk
 and     ss_sold_date_sk         = d_date_sk
 and     d_year                  = 2001
 and     d_moy                   = 8
 and     ss_addr_sk              = ca_address_sk
 and     ca_gmt_offset           = -5 
 group by i_item_id),
 cs as (
 select
          i_item_id,sum(cs_ext_sales_price) total_sales
 from
 	catalog_sales,
 	date_dim,
         customer_address,
         item
 where
         i_item_id               in (select
  i_item_id
from
 item
where i_category in ('Children'))
 and     cs_item_sk              = i_item_sk
 and     cs_sold_date_sk         = d_date_sk
 and     d_year                  = 2001
 and     d_moy                   = 8
 and     cs_bill_addr_sk         = ca_address_sk
 and     ca_gmt_offset           = -5 
 group by i_item_id),
 ws as (
 select
          i_item_id,sum(ws_ext_sales_price) total_sales
 from
 	web_sales,
 	date_dim,
         customer_address,
         item
 where
         i_item_id               in (select
  i_item_id
from
 item
where i_category in ('Children'))
 and     ws_item_sk              = i_item_sk
 and     ws_sold_date_sk         = d_date_sk
 and     d_year                  = 2001
 and     d_moy                   = 8
 and     ws_bill_addr_sk         = ca_address_sk
 and     ca_gmt_offset           = -5
 group by i_item_id)
  select   
  i_item_id
,sum(total_sales) total_sales
 from  (select * from ss 
        union all
        select * from cs 
        union all
        select * from ws) tmp1
 group by i_item_id
 order by i_item_id
      ,total_sales
 limit 100;
psql:/tmp/s1-basline/power/query_0.sql:3028: NOTICE:  duration: 386.439 ms  plan:
Query Text: with ss as (
 select
          i_item_id,sum(ss_ext_sales_price) total_sales
 from
 	store_sales,
 	date_dim,
         customer_address,
         item
 where
         i_item_id in (select
  i_item_id
from
 item
where i_category in ('Children'))
 and     ss_item_sk              = i_item_sk
 and     ss_sold_date_sk         = d_date_sk
 and     d_year                  = 2001
 and     d_moy                   = 8
 and     ss_addr_sk              = ca_address_sk
 and     ca_gmt_offset           = -5 
 group by i_item_id),
 cs as (
 select
          i_item_id,sum(cs_ext_sales_price) total_sales
 from
 	catalog_sales,
 	date_dim,
         customer_address,
         item
 where
         i_item_id               in (select
  i_item_id
from
 item
where i_category in ('Children'))
 and     cs_item_sk              = i_item_sk
 and     cs_sold_date_sk         = d_date_sk
 and     d_year                  = 2001
 and     d_moy                   = 8
 and     cs_bill_addr_sk         = ca_address_sk
 and     ca_gmt_offset           = -5 
 group by i_item_id),
 ws as (
 select
          i_item_id,sum(ws_ext_sales_price) total_sales
 from
 	web_sales,
 	date_dim,
         customer_address,
         item
 where
         i_item_id               in (select
  i_item_id
from
 item
where i_category in ('Children'))
 and     ws_item_sk              = i_item_sk
 and     ws_sold_date_sk         = d_date_sk
 and     d_year                  = 2001
 and     d_moy                   = 8
 and     ws_bill_addr_sk         = ca_address_sk
 and     ca_gmt_offset           = -5
 group by i_item_id)
  select   
  i_item_id
,sum(total_sales) total_sales
 from  (select * from ss 
        union all
        select * from cs 
        union all
        select * from ws) tmp1
 group by i_item_id
 order by i_item_id
      ,total_sales
 limit 100;
Limit  (cost=44519.22..44519.47 rows=100 width=25) (actual time=348.148..386.406 rows=100 loops=1)
  ->  Sort  (cost=44519.22..44519.59 rows=148 width=25) (actual time=348.148..386.399 rows=100 loops=1)
        Sort Key: item.i_item_id, (sum((sum(store_sales.ss_ext_sales_price))))
        Sort Method: top-N heapsort  Memory: 32kB
        ->  Finalize GroupAggregate  (cost=44496.65..44513.89 rows=148 width=25) (actual time=344.805..385.576 rows=1660 loops=1)
              Group Key: item.i_item_id
              ->  Gather Merge  (cost=44496.65..44511.80 rows=122 width=25) (actual time=344.800..384.917 rows=3527 loops=1)
                    Workers Planned: 2
                    Workers Launched: 2
                    ->  Partial GroupAggregate  (cost=43496.63..43497.69 rows=61 width=25) (actual time=202.721..203.161 rows=1176 loops=3)
                          Group Key: item.i_item_id
                          ->  Sort  (cost=43496.63..43496.78 rows=61 width=25) (actual time=202.718..202.772 rows=1176 loops=3)
                                Sort Key: item.i_item_id
                                Sort Method: quicksort  Memory: 133kB
                                Worker 0:  Sort Method: quicksort  Memory: 81kB
                                Worker 1:  Sort Method: quicksort  Memory: 156kB
                                ->  Parallel Append  (cost=14013.73..43494.82 rows=61 width=25) (actual time=201.544..202.267 rows=1176 loops=3)
                                      ->  GroupAggregate  (cost=43492.26..43493.69 rows=82 width=25) (actual time=335.209..336.193 rows=1524 loops=1)
                                            Group Key: item.i_item_id
                                            ->  Sort  (cost=43492.26..43492.46 rows=82 width=25) (actual time=335.201..335.372 rows=4039 loops=1)
                                                  Sort Key: item.i_item_id
                                                  Worker 1:  Sort Method: quicksort  Memory: 380kB
                                                  ->  Nested Loop Semi Join  (cost=1.29..43489.65 rows=82 width=25) (actual time=8.985..325.311 rows=4039 loops=1)
                                                        ->  Nested Loop  (cost=1.01..43322.88 rows=407 width=25) (actual time=8.448..210.945 rows=21606 loops=1)
                                                              ->  Nested Loop  (cost=0.72..43198.54 rows=407 width=16) (actual time=8.388..165.973 rows=21606 loops=1)
                                                                    ->  Nested Loop  (cost=0.43..42836.21 rows=1167 width=24) (actual time=8.325..79.273 rows=59732 loops=1)
                                                                          ->  Seq Scan on date_dim  (cost=0.00..2500.73 rows=31 width=8) (actual time=8.239..14.525 rows=31 loops=1)
                                                                                Filter: ((d_year = 2001) AND (d_moy = 8))
                                                                                Rows Removed by Filter: 73018
                                                                          ->  Index Scan using i_ss_sold_date_sk on store_sales  (cost=0.43..1286.06 rows=1508 width=32) (actual time=0.014..1.710 rows=1927 loops=31)
                                                                                Index Cond: (ss_sold_date_sk = date_dim.d_date_sk)
                                                                    ->  Index Scan using pk_customer_address on customer_address  (cost=0.29..0.31 rows=1 width=8) (actual time=0.001..0.001 rows=0 loops=59732)
                                                                          Index Cond: (ca_address_sk = store_sales.ss_addr_sk)
                                                                          Filter: (ca_gmt_offset = '-5'::double precision)
                                                                          Rows Removed by Filter: 1
                                                              ->  Index Scan using pk_item on item  (cost=0.29..0.31 rows=1 width=25) (actual time=0.002..0.002 rows=1 loops=21606)
                                                                    Index Cond: (i_item_sk = store_sales.ss_item_sk)
                                                        ->  Index Scan using i_i_item_id on item item_1  (cost=0.29..0.41 rows=1 width=17) (actual time=0.005..0.005 rows=0 loops=21606)
                                                              Index Cond: (i_item_id = item.i_item_id)
                                                              Filter: (i_category = 'Children'::bpchar)
                                                              Rows Removed by Filter: 2
                                      ->  GroupAggregate  (cost=14013.73..14014.12 rows=22 width=25) (actual time=117.427..117.767 rows=803 loops=1)
                                            Group Key: item_2.i_item_id
                                            ->  Sort  (cost=14013.73..14013.79 rows=22 width=25) (actual time=117.419..117.461 rows=1061 loops=1)
                                                  Sort Key: item_2.i_item_id
                                                  Worker 0:  Sort Method: quicksort  Memory: 123kB
                                                  ->  Nested Loop Semi Join  (cost=1.29..14013.24 rows=22 width=25) (actual time=8.617..115.054 rows=1061 loops=1)
                                                        ->  Nested Loop  (cost=1.00..13967.76 rows=111 width=25) (actual time=8.459..82.096 rows=5823 loops=1)
                                                              ->  Nested Loop  (cost=0.71..13933.69 rows=111 width=16) (actual time=8.397..62.259 rows=5823 loops=1)
                                                                    ->  Nested Loop  (cost=0.42..13838.54 rows=305 width=24) (actual time=8.281..35.408 rows=15434 loops=1)
                                                                          ->  Seq Scan on date_dim date_dim_1  (cost=0.00..2500.73 rows=31 width=8) (actual time=8.163..14.410 rows=31 loops=1)
                                                                                Filter: ((d_year = 2001) AND (d_moy = 8))
                                                                                Rows Removed by Filter: 73018
                                                                          ->  Index Scan using i_ws_sold_date_sk on web_sales  (cost=0.42..361.79 rows=395 width=32) (actual time=0.017..0.569 rows=498 loops=31)
                                                                                Index Cond: (ws_sold_date_sk = date_dim_1.d_date_sk)
                                                                    ->  Index Scan using pk_customer_address on customer_address customer_address_1  (cost=0.29..0.31 rows=1 width=8) (actual time=0.002..0.002 rows=0 loops=15434)
                                                                          Index Cond: (ca_address_sk = web_sales.ws_bill_addr_sk)
                                                                          Filter: (ca_gmt_offset = '-5'::double precision)
                                                                          Rows Removed by Filter: 1
                                                              ->  Index Scan using pk_item on item item_2  (cost=0.29..0.31 rows=1 width=25) (actual time=0.003..0.003 rows=1 loops=5823)
                                                                    Index Cond: (i_item_sk = web_sales.ws_item_sk)
                                                        ->  Index Scan using i_i_item_id on item item_3  (cost=0.29..0.41 rows=1 width=17) (actual time=0.005..0.005 rows=0 loops=5823)
                                                              Index Cond: (i_item_id = item_2.i_item_id)
                                                              Filter: (i_category = 'Children'::bpchar)
                                                              Rows Removed by Filter: 2
                                      ->  GroupAggregate  (cost=4544.18..4544.95 rows=44 width=25) (actual time=151.993..152.610 rows=1200 loops=1)
                                            Group Key: item_4.i_item_id
                                            ->  Sort  (cost=4544.18..4544.29 rows=44 width=25) (actual time=151.986..152.072 rows=2096 loops=1)
                                                  Sort Key: item_4.i_item_id
                                                  Sort Method: quicksort  Memory: 244kB
                                                  ->  Nested Loop Semi Join  (cost=1.29..4542.98 rows=44 width=25) (actual time=4.394..147.215 rows=2096 loops=1)
                                                        ->  Nested Loop  (cost=1.00..4452.42 rows=221 width=25) (actual time=4.385..89.427 rows=11201 loops=1)
                                                              ->  Nested Loop  (cost=0.72..4384.80 rows=221 width=16) (actual time=4.379..68.655 rows=11201 loops=1)
                                                                    ->  Nested Loop  (cost=0.43..4196.04 rows=607 width=24) (actual time=4.373..22.495 rows=31030 loops=1)
                                                                          ->  Seq Scan on date_dim date_dim_2  (cost=0.00..2500.73 rows=31 width=8) (actual time=4.361..9.229 rows=31 loops=1)
                                                                                Filter: ((d_year = 2001) AND (d_moy = 8))
                                                                                Rows Removed by Filter: 73018
                                                                          ->  Index Scan using i_cs_sold_date_sk on catalog_sales  (cost=0.43..46.87 rows=782 width=32) (actual time=0.005..0.240 rows=1001 loops=31)
                                                                                Index Cond: (cs_sold_date_sk = date_dim_2.d_date_sk)
                                                                    ->  Index Scan using pk_customer_address on customer_address customer_address_2  (cost=0.29..0.31 rows=1 width=8) (actual time=0.001..0.001 rows=0 loops=31030)
                                                                          Index Cond: (ca_address_sk = catalog_sales.cs_bill_addr_sk)
                                                                          Filter: (ca_gmt_offset = '-5'::double precision)
                                                                          Rows Removed by Filter: 1
                                                              ->  Index Scan using pk_item on item item_4  (cost=0.29..0.31 rows=1 width=25) (actual time=0.002..0.002 rows=1 loops=11201)
                                                                    Index Cond: (i_item_sk = catalog_sales.cs_item_sk)
                                                        ->  Index Scan using i_i_item_id on item item_5  (cost=0.29..0.41 rows=1 width=17) (actual time=0.005..0.005 rows=0 loops=11201)
                                                              Index Cond: (i_item_id = item_4.i_item_id)
                                                              Filter: (i_category = 'Children'::bpchar)
                                                              Rows Removed by Filter: 2
    i_item_id     |    total_sales     
------------------+--------------------
 AAAAAAAAAAAEAAAA |           13616.01
 AAAAAAAAAABAAAAA |            2307.06
 AAAAAAAAAABBAAAA |           15635.61
 AAAAAAAAAACCAAAA |            7519.21
 AAAAAAAAAACDAAAA |            8420.28
 AAAAAAAAAAEDAAAA | 12185.490000000002
 AAAAAAAAAAFAAAAA |           25425.63
 AAAAAAAAAAFDAAAA |           20168.36
 AAAAAAAAAAKBAAAA |  7686.219999999999
 AAAAAAAAAALCAAAA |           17249.31
 AAAAAAAAAANAAAAA |           12539.01
 AAAAAAAAAAOCAAAA |            9943.27
 AAAAAAAAABCEAAAA |           11945.82
 AAAAAAAAABDDAAAA |           22280.85
 AAAAAAAAABFCAAAA |            4022.89
 AAAAAAAAABFEAAAA |           13138.65
 AAAAAAAAABMAAAAA |           17863.02
 AAAAAAAAABNAAAAA |             563.94
 AAAAAAAAABNCAAAA |            2157.54
 AAAAAAAAACEEAAAA | 12085.069999999998
 AAAAAAAAACGCAAAA |            6339.13
 AAAAAAAAACHBAAAA | 3378.3199999999997
 AAAAAAAAACHCAAAA |            9511.83
 AAAAAAAAACKBAAAA |           17391.84
 AAAAAAAAACLBAAAA |            6051.45
 AAAAAAAAACLDAAAA |            4136.43
 AAAAAAAAACMCAAAA |  8757.359999999999
 AAAAAAAAACNBAAAA |            7324.89
 AAAAAAAAACPAAAAA |            6409.29
 AAAAAAAAADAEAAAA |           16651.42
 AAAAAAAAADBAAAAA |            3569.65
 AAAAAAAAADBEAAAA |            2809.69
 AAAAAAAAADCAAAAA |            6689.72
 AAAAAAAAADDEAAAA |            5452.97
 AAAAAAAAADEAAAAA |  9175.439999999999
 AAAAAAAAADEBAAAA | 11818.359999999999
 AAAAAAAAADGCAAAA |             976.59
 AAAAAAAAADHAAAAA |            5417.41
 AAAAAAAAADHBAAAA |            3802.74
 AAAAAAAAADICAAAA |             4729.3
 AAAAAAAAADLCAAAA |  9651.869999999999
 AAAAAAAAAEDDAAAA |            8573.29
 AAAAAAAAAEKAAAAA |            6108.93
 AAAAAAAAAELBAAAA |             1101.4
 AAAAAAAAAENAAAAA |            5453.18
 AAAAAAAAAENDAAAA |           17882.86
 AAAAAAAAAEPAAAAA |           29482.75
 AAAAAAAAAEPBAAAA |  9198.289999999999
 AAAAAAAAAFCAAAAA |  9234.060000000001
 AAAAAAAAAFCEAAAA |            6356.52
 AAAAAAAAAFDAAAAA |            8427.13
 AAAAAAAAAFEBAAAA |            3442.55
 AAAAAAAAAFEEAAAA |            6778.99
 AAAAAAAAAFFDAAAA |           16702.57
 AAAAAAAAAFGDAAAA |            3856.87
 AAAAAAAAAFHBAAAA |           10310.85
 AAAAAAAAAFJCAAAA |           16063.87
 AAAAAAAAAFLDAAAA |  4334.219999999999
 AAAAAAAAAFOAAAAA |           17754.26
 AAAAAAAAAFODAAAA |           20724.91
 AAAAAAAAAFPCAAAA |           19104.82
 AAAAAAAAAGBDAAAA |            1811.48
 AAAAAAAAAGCCAAAA |            6751.52
 AAAAAAAAAGEBAAAA |           12303.11
 AAAAAAAAAGEEAAAA |            7655.18
 AAAAAAAAAGGCAAAA |  708.0699999999999
 AAAAAAAAAGKBAAAA |            4543.08
 AAAAAAAAAGKDAAAA |            4738.15
 AAAAAAAAAGOCAAAA | 2022.6399999999999
 AAAAAAAAAHBAAAAA | 16984.370000000003
 AAAAAAAAAHCEAAAA |           13259.89
 AAAAAAAAAHKAAAAA |           32223.54
 AAAAAAAAAHMDAAAA | 20374.199999999997
 AAAAAAAAAHPDAAAA |            8086.29
 AAAAAAAAAIAAAAAA |            9733.59
 AAAAAAAAAIADAAAA |  8817.140000000001
 AAAAAAAAAICDAAAA |  8636.349999999999
 AAAAAAAAAIEEAAAA |            2528.09
 AAAAAAAAAIGAAAAA |            7083.64
 AAAAAAAAAIGDAAAA |  9324.369999999999
 AAAAAAAAAIKCAAAA |            4613.14
 AAAAAAAAAILBAAAA |           18490.22
 AAAAAAAAAILDAAAA |  5726.660000000001
 AAAAAAAAAIMAAAAA |             826.92
 AAAAAAAAAIOAAAAA | 15574.990000000002
 AAAAAAAAAJAEAAAA |            9045.21
 AAAAAAAAAJBAAAAA |  7238.820000000001
 AAAAAAAAAJBDAAAA |             805.19
 AAAAAAAAAJDBAAAA |  4884.210000000001
 AAAAAAAAAJEEAAAA |            6034.18
 AAAAAAAAAJFAAAAA |            1127.79
 AAAAAAAAAJHDAAAA |            6661.96
 AAAAAAAAAJJBAAAA |             5126.8
 AAAAAAAAAJMBAAAA |            7584.62
 AAAAAAAAAJOAAAAA |            5110.28
 AAAAAAAAAJPBAAAA | 12092.080000000002
 AAAAAAAAAJPCAAAA |            8376.25
 AAAAAAAAAKAAAAAA |             886.72
 AAAAAAAAAKADAAAA | 12368.529999999999
 AAAAAAAAAKFBAAAA |  9417.779999999999
(100 rows)

UPDATE time_statistics SET e_time = TRANSACTION_TIMESTAMP() WHERE template = 'query60.tpl' AND stream = 0;
psql:/tmp/s1-basline/power/query_0.sql:3030: NOTICE:  duration: 0.030 ms  plan:
Query Text: UPDATE time_statistics SET e_time = TRANSACTION_TIMESTAMP() WHERE template = 'query60.tpl' AND stream = 0;
Update on time_statistics  (cost=0.00..1.88 rows=0 width=0) (actual time=0.029..0.030 rows=0 loops=1)
  ->  Seq Scan on time_statistics  (cost=0.00..1.88 rows=1 width=14) (actual time=0.016..0.016 rows=1 loops=1)
        Filter: ((template = 'query60.tpl'::text) AND (stream = 0))
        Rows Removed by Filter: 60
UPDATE 1
LOAD 'auto_explain'; SET auto_explain.log_min_duration TO 0; SET auto_explain.log_analyze TO on; SET auto_explain.log_level TO notice; INSERT INTO time_statistics (template, s_time, stream, query, seed) VALUES ('query61.tpl', TRANSACTION_TIMESTAMP(), 0, 61, 1903460336);
LOAD
SET
SET
SET
psql:/tmp/s1-basline/power/query_0.sql:3031: NOTICE:  duration: 0.008 ms  plan:
Query Text: INSERT INTO time_statistics (template, s_time, stream, query, seed) VALUES ('query61.tpl', TRANSACTION_TIMESTAMP(), 0, 61, 1903460336);
Insert on time_statistics  (cost=0.00..0.01 rows=0 width=0) (actual time=0.008..0.008 rows=0 loops=1)
  ->  Result  (cost=0.00..0.01 rows=1 width=64) (actual time=0.001..0.001 rows=1 loops=1)
INSERT 0 1
select  promotions,total,cast(promotions as decimal(15,4))/cast(total as decimal(15,4))*100
from
  (select sum(ss_ext_sales_price) promotions
   from  store_sales
        ,store
        ,promotion
        ,date_dim
        ,customer
        ,customer_address 
        ,item
   where ss_sold_date_sk = d_date_sk
   and   ss_store_sk = s_store_sk
   and   ss_promo_sk = p_promo_sk
   and   ss_customer_sk= c_customer_sk
   and   ca_address_sk = c_current_addr_sk
   and   ss_item_sk = i_item_sk 
   and   ca_gmt_offset = -6
   and   i_category = 'Books'
   and   (p_channel_dmail = 'Y' or p_channel_email = 'Y' or p_channel_tv = 'Y')
   and   s_gmt_offset = -6
   and   d_year = 1999
   and   d_moy  = 11) promotional_sales,
  (select sum(ss_ext_sales_price) total
   from  store_sales
        ,store
        ,date_dim
        ,customer
        ,customer_address
        ,item
   where ss_sold_date_sk = d_date_sk
   and   ss_store_sk = s_store_sk
   and   ss_customer_sk= c_customer_sk
   and   ca_address_sk = c_current_addr_sk
   and   ss_item_sk = i_item_sk
   and   ca_gmt_offset = -6
   and   i_category = 'Books'
   and   s_gmt_offset = -6
   and   d_year = 1999
   and   d_moy  = 11) all_sales
order by promotions, total
limit 100;
psql:/tmp/s1-basline/power/query_0.sql:3072: NOTICE:  duration: 0.140 ms  plan:
Query Text: select  promotions,total,cast(promotions as decimal(15,4))/cast(total as decimal(15,4))*100
from
  (select sum(ss_ext_sales_price) promotions
   from  store_sales
        ,store
        ,promotion
        ,date_dim
        ,customer
        ,customer_address 
        ,item
   where ss_sold_date_sk = d_date_sk
   and   ss_store_sk = s_store_sk
   and   ss_promo_sk = p_promo_sk
   and   ss_customer_sk= c_customer_sk
   and   ca_address_sk = c_current_addr_sk
   and   ss_item_sk = i_item_sk 
   and   ca_gmt_offset = -6
   and   i_category = 'Books'
   and   (p_channel_dmail = 'Y' or p_channel_email = 'Y' or p_channel_tv = 'Y')
   and   s_gmt_offset = -6
   and   d_year = 1999
   and   d_moy  = 11) promotional_sales,
  (select sum(ss_ext_sales_price) total
   from  store_sales
        ,store
        ,date_dim
        ,customer
        ,customer_address
        ,item
   where ss_sold_date_sk = d_date_sk
   and   ss_store_sk = s_store_sk
   and   ss_customer_sk= c_customer_sk
   and   ca_address_sk = c_current_addr_sk
   and   ss_item_sk = i_item_sk
   and   ca_gmt_offset = -6
   and   i_category = 'Books'
   and   s_gmt_offset = -6
   and   d_year = 1999
   and   d_moy  = 11) all_sales
order by promotions, total
limit 100;
Limit  (cost=81742.31..81742.32 rows=1 width=48) (actual time=0.136..0.138 rows=1 loops=1)
  ->  Sort  (cost=81742.31..81742.32 rows=1 width=48) (actual time=0.135..0.137 rows=1 loops=1)
        Sort Key: (sum(store_sales.ss_ext_sales_price)), (sum(store_sales_1.ss_ext_sales_price))
        Sort Method: quicksort  Memory: 25kB
        ->  Nested Loop  (cost=81742.24..81742.30 rows=1 width=48) (actual time=0.132..0.133 rows=1 loops=1)
              ->  Aggregate  (cost=40881.80..40881.81 rows=1 width=8) (actual time=0.126..0.127 rows=1 loops=1)
                    ->  Nested Loop  (cost=1.30..40881.79 rows=2 width=8) (actual time=0.125..0.126 rows=0 loops=1)
                          Join Filter: (store_sales.ss_promo_sk = promotion.p_promo_sk)
                          ->  Seq Scan on promotion  (cost=0.00..13.25 rows=135 width=8) (actual time=0.006..0.097 rows=135 loops=1)
                                Filter: ((p_channel_dmail = 'Y'::bpchar) OR (p_channel_email = 'Y'::bpchar) OR (p_channel_tv = 'Y'::bpchar))
                                Rows Removed by Filter: 165
                          ->  Materialize  (cost=1.30..40860.45 rows=4 width=16) (actual time=0.000..0.000 rows=0 loops=135)
                                ->  Nested Loop  (cost=1.30..40860.43 rows=4 width=16) (actual time=0.007..0.008 rows=0 loops=1)
                                      ->  Nested Loop  (cost=1.01..40857.51 rows=9 width=24) (actual time=0.007..0.007 rows=0 loops=1)
                                            ->  Nested Loop  (cost=0.72..40854.71 rows=9 width=24) (actual time=0.007..0.007 rows=0 loops=1)
                                                  ->  Nested Loop  (cost=0.43..40827.92 rows=87 width=32) (actual time=0.007..0.007 rows=0 loops=1)
                                                        Join Filter: (store_sales.ss_store_sk = store.s_store_sk)
                                                        ->  Seq Scan on store  (cost=0.00..1.15 rows=1 width=8) (actual time=0.007..0.007 rows=0 loops=1)
                                                              Filter: (s_gmt_offset = '-6'::double precision)
                                                              Rows Removed by Filter: 12
                                                        ->  Nested Loop  (cost=0.43..40813.12 rows=1092 width=40) (never executed)
                                                              ->  Seq Scan on date_dim  (cost=0.00..2500.73 rows=29 width=8) (never executed)
                                                                    Filter: ((d_year = 1999) AND (d_moy = 11))
                                                              ->  Index Scan using i_ss_sold_date_sk on store_sales  (cost=0.43..1306.04 rows=1508 width=48) (never executed)
                                                                    Index Cond: (ss_sold_date_sk = date_dim.d_date_sk)
                                                  ->  Index Scan using pk_item on item  (cost=0.29..0.31 rows=1 width=8) (never executed)
                                                        Index Cond: (i_item_sk = store_sales.ss_item_sk)
                                                        Filter: (i_category = 'Books'::bpchar)
                                            ->  Index Scan using pk_customer on customer  (cost=0.29..0.31 rows=1 width=16) (never executed)
                                                  Index Cond: (c_customer_sk = store_sales.ss_customer_sk)
                                      ->  Index Scan using pk_customer_address on customer_address  (cost=0.29..0.32 rows=1 width=8) (never executed)
                                            Index Cond: (ca_address_sk = customer.c_current_addr_sk)
                                            Filter: (ca_gmt_offset = '-6'::double precision)
              ->  Aggregate  (cost=40860.44..40860.45 rows=1 width=8) (actual time=0.004..0.004 rows=1 loops=1)
                    ->  Nested Loop  (cost=1.30..40860.43 rows=4 width=8) (actual time=0.004..0.004 rows=0 loops=1)
                          ->  Nested Loop  (cost=1.01..40857.51 rows=9 width=16) (actual time=0.004..0.004 rows=0 loops=1)
                                ->  Nested Loop  (cost=0.72..40854.71 rows=9 width=16) (actual time=0.003..0.004 rows=0 loops=1)
                                      ->  Nested Loop  (cost=0.43..40827.92 rows=87 width=24) (actual time=0.003..0.004 rows=0 loops=1)
                                            Join Filter: (store_sales_1.ss_store_sk = store_1.s_store_sk)
                                            ->  Seq Scan on store store_1  (cost=0.00..1.15 rows=1 width=8) (actual time=0.003..0.003 rows=0 loops=1)
                                                  Filter: (s_gmt_offset = '-6'::double precision)
                                                  Rows Removed by Filter: 12
                                            ->  Nested Loop  (cost=0.43..40813.12 rows=1092 width=32) (never executed)
                                                  ->  Seq Scan on date_dim date_dim_1  (cost=0.00..2500.73 rows=29 width=8) (never executed)
                                                        Filter: ((d_year = 1999) AND (d_moy = 11))
                                                  ->  Index Scan using i_ss_sold_date_sk on store_sales store_sales_1  (cost=0.43..1306.04 rows=1508 width=40) (never executed)
                                                        Index Cond: (ss_sold_date_sk = date_dim_1.d_date_sk)
                                      ->  Index Scan using pk_item on item item_1  (cost=0.29..0.31 rows=1 width=8) (never executed)
                                            Index Cond: (i_item_sk = store_sales_1.ss_item_sk)
                                            Filter: (i_category = 'Books'::bpchar)
                                ->  Index Scan using pk_customer on customer customer_1  (cost=0.29..0.31 rows=1 width=16) (never executed)
                                      Index Cond: (c_customer_sk = store_sales_1.ss_customer_sk)
                          ->  Index Scan using pk_customer_address on customer_address customer_address_1  (cost=0.29..0.32 rows=1 width=8) (never executed)
                                Index Cond: (ca_address_sk = customer_1.c_current_addr_sk)
                                Filter: (ca_gmt_offset = '-6'::double precision)
 promotions | total | ?column? 
------------+-------+----------
            |       |         
(1 row)

UPDATE time_statistics SET e_time = TRANSACTION_TIMESTAMP() WHERE template = 'query61.tpl' AND stream = 0;
psql:/tmp/s1-basline/power/query_0.sql:3074: NOTICE:  duration: 0.017 ms  plan:
Query Text: UPDATE time_statistics SET e_time = TRANSACTION_TIMESTAMP() WHERE template = 'query61.tpl' AND stream = 0;
Update on time_statistics  (cost=0.00..1.88 rows=0 width=0) (actual time=0.017..0.017 rows=0 loops=1)
  ->  Seq Scan on time_statistics  (cost=0.00..1.88 rows=1 width=14) (actual time=0.010..0.010 rows=1 loops=1)
        Filter: ((template = 'query61.tpl'::text) AND (stream = 0))
        Rows Removed by Filter: 61
UPDATE 1
LOAD 'auto_explain'; SET auto_explain.log_min_duration TO 0; SET auto_explain.log_analyze TO on; SET auto_explain.log_level TO notice; INSERT INTO time_statistics (template, s_time, stream, query, seed) VALUES ('query62.tpl', TRANSACTION_TIMESTAMP(), 0, 62, 393977793);
LOAD
SET
SET
SET
psql:/tmp/s1-basline/power/query_0.sql:3075: NOTICE:  duration: 0.007 ms  plan:
Query Text: INSERT INTO time_statistics (template, s_time, stream, query, seed) VALUES ('query62.tpl', TRANSACTION_TIMESTAMP(), 0, 62, 393977793);
Insert on time_statistics  (cost=0.00..0.01 rows=0 width=0) (actual time=0.006..0.006 rows=0 loops=1)
  ->  Result  (cost=0.00..0.01 rows=1 width=64) (actual time=0.001..0.001 rows=1 loops=1)
INSERT 0 1
select  
   substr(w_warehouse_name,1,20)
  ,sm_type
  ,web_name
  ,sum(case when (ws_ship_date_sk - ws_sold_date_sk <= 30 ) then 1 else 0 end)  as "30 days" 
  ,sum(case when (ws_ship_date_sk - ws_sold_date_sk > 30) and 
                 (ws_ship_date_sk - ws_sold_date_sk <= 60) then 1 else 0 end )  as "31-60 days" 
  ,sum(case when (ws_ship_date_sk - ws_sold_date_sk > 60) and 
                 (ws_ship_date_sk - ws_sold_date_sk <= 90) then 1 else 0 end)  as "61-90 days" 
  ,sum(case when (ws_ship_date_sk - ws_sold_date_sk > 90) and
                 (ws_ship_date_sk - ws_sold_date_sk <= 120) then 1 else 0 end)  as "91-120 days" 
  ,sum(case when (ws_ship_date_sk - ws_sold_date_sk  > 120) then 1 else 0 end)  as ">120 days" 
from
   web_sales
  ,warehouse
  ,ship_mode
  ,web_site
  ,date_dim
where
    d_month_seq between 1182 and 1182 + 11
and ws_ship_date_sk   = d_date_sk
and ws_warehouse_sk   = w_warehouse_sk
and ws_ship_mode_sk   = sm_ship_mode_sk
and ws_web_site_sk    = web_site_sk
group by
   substr(w_warehouse_name,1,20)
  ,sm_type
  ,web_name
order by substr(w_warehouse_name,1,20)
        ,sm_type
       ,web_name
limit 100;
psql:/tmp/s1-basline/power/query_0.sql:3107: NOTICE:  duration: 235.720 ms  plan:
Query Text: select  
   substr(w_warehouse_name,1,20)
  ,sm_type
  ,web_name
  ,sum(case when (ws_ship_date_sk - ws_sold_date_sk <= 30 ) then 1 else 0 end)  as "30 days" 
  ,sum(case when (ws_ship_date_sk - ws_sold_date_sk > 30) and 
                 (ws_ship_date_sk - ws_sold_date_sk <= 60) then 1 else 0 end )  as "31-60 days" 
  ,sum(case when (ws_ship_date_sk - ws_sold_date_sk > 60) and 
                 (ws_ship_date_sk - ws_sold_date_sk <= 90) then 1 else 0 end)  as "61-90 days" 
  ,sum(case when (ws_ship_date_sk - ws_sold_date_sk > 90) and
                 (ws_ship_date_sk - ws_sold_date_sk <= 120) then 1 else 0 end)  as "91-120 days" 
  ,sum(case when (ws_ship_date_sk - ws_sold_date_sk  > 120) then 1 else 0 end)  as ">120 days" 
from
   web_sales
  ,warehouse
  ,ship_mode
  ,web_site
  ,date_dim
where
    d_month_seq between 1182 and 1182 + 11
and ws_ship_date_sk   = d_date_sk
and ws_warehouse_sk   = w_warehouse_sk
and ws_ship_mode_sk   = sm_ship_mode_sk
and ws_web_site_sk    = web_site_sk
group by
   substr(w_warehouse_name,1,20)
  ,sm_type
  ,web_name
order by substr(w_warehouse_name,1,20)
        ,sm_type
       ,web_name
limit 100;
Limit  (cost=34044.98..34138.81 rows=100 width=110) (actual time=204.134..235.643 rows=100 loops=1)
  ->  Finalize GroupAggregate  (cost=34044.98..34185.73 rows=150 width=110) (actual time=204.134..235.634 rows=100 loops=1)
        Group Key: (substr((warehouse.w_warehouse_name)::text, 1, 20)), ship_mode.sm_type, web_site.web_name
        ->  Gather Merge  (cost=34044.98..34177.86 rows=300 width=110) (actual time=203.897..235.515 rows=301 loops=1)
              Workers Planned: 2
              Workers Launched: 2
              ->  Partial GroupAggregate  (cost=33044.96..33143.21 rows=150 width=110) (actual time=181.409..198.875 rows=134 loops=3)
                    Group Key: (substr((warehouse.w_warehouse_name)::text, 1, 20)), ship_mode.sm_type, web_site.web_name
                    ->  Sort  (cost=33044.96..33048.81 rows=1542 width=86) (actual time=181.229..183.106 rows=41423 loops=3)
                          Sort Key: (substr((warehouse.w_warehouse_name)::text, 1, 20)), ship_mode.sm_type, web_site.web_name
                          Sort Method: quicksort  Memory: 10551kB
                          Worker 0:  Sort Method: quicksort  Memory: 5827kB
                          Worker 1:  Sort Method: quicksort  Memory: 5816kB
                          ->  Hash Join  (cost=2510.67..32963.30 rows=1542 width=86) (actual time=13.324..129.575 rows=48856 loops=3)
                                Hash Cond: (web_sales.ws_web_site_sk = web_site.web_site_sk)
                                ->  Hash Join  (cost=2508.00..32952.16 rows=1542 width=69) (actual time=13.233..115.644 rows=48857 loops=3)
                                      Hash Cond: (web_sales.ws_warehouse_sk = warehouse.w_warehouse_sk)
                                      ->  Hash Join  (cost=2506.88..32943.57 rows=1542 width=63) (actual time=13.205..107.842 rows=48862 loops=3)
                                            Hash Cond: (web_sales.ws_ship_mode_sk = ship_mode.sm_ship_mode_sk)
                                            ->  Hash Join  (cost=2505.43..32937.21 rows=1543 width=40) (actual time=13.166..99.044 rows=48868 loops=3)
                                                  Hash Cond: (web_sales.ws_ship_date_sk = date_dim.d_date_sk)
                                                  ->  Parallel Seq Scan on web_sales  (cost=0.00..29644.81 rows=299781 width=40) (actual time=0.015..45.830 rows=239825 loops=3)
                                                  ->  Hash  (cost=2500.73..2500.73 rows=376 width=8) (actual time=13.120..13.121 rows=365 loops=3)
                                                        Buckets: 1024  Batches: 1  Memory Usage: 23kB
                                                        ->  Seq Scan on date_dim  (cost=0.00..2500.73 rows=376 width=8) (actual time=6.075..13.071 rows=365 loops=3)
                                                              Filter: ((d_month_seq >= 1182) AND (d_month_seq <= 1193))
                                                              Rows Removed by Filter: 72684
                                            ->  Hash  (cost=1.20..1.20 rows=20 width=39) (actual time=0.024..0.024 rows=20 loops=3)
                                                  Buckets: 1024  Batches: 1  Memory Usage: 10kB
                                                  ->  Seq Scan on ship_mode  (cost=0.00..1.20 rows=20 width=39) (actual time=0.018..0.020 rows=20 loops=3)
                                      ->  Hash  (cost=1.05..1.05 rows=5 width=22) (actual time=0.016..0.017 rows=5 loops=3)
                                            Buckets: 1024  Batches: 1  Memory Usage: 9kB
                                            ->  Seq Scan on warehouse  (cost=0.00..1.05 rows=5 width=22) (actual time=0.013..0.014 rows=5 loops=3)
                                ->  Hash  (cost=2.30..2.30 rows=30 width=15) (actual time=0.047..0.047 rows=30 loops=3)
                                      Buckets: 1024  Batches: 1  Memory Usage: 10kB
                                      ->  Seq Scan on web_site  (cost=0.00..2.30 rows=30 width=15) (actual time=0.027..0.040 rows=30 loops=3)
       substr        |            sm_type             | web_name | 30 days | 31-60 days | 61-90 days | 91-120 days | >120 days 
---------------------+--------------------------------+----------+---------+------------+------------+-------------+-----------
 Neither dea         | EXPRESS                        | site_0   |     301 |        268 |        312 |         319 |         0
 Neither dea         | EXPRESS                        | site_1   |     314 |        309 |        285 |         298 |         0
 Neither dea         | EXPRESS                        | site_2   |     286 |        300 |        325 |         290 |         0
 Neither dea         | EXPRESS                        | site_3   |     309 |        275 |        290 |         241 |         0
 Neither dea         | EXPRESS                        | site_4   |     287 |        281 |        274 |         256 |         0
 Neither dea         | LIBRARY                        | site_0   |     217 |        160 |        199 |         203 |         0
 Neither dea         | LIBRARY                        | site_1   |     234 |        205 |        196 |         221 |         0
 Neither dea         | LIBRARY                        | site_2   |     222 |        246 |        266 |         225 |         0
 Neither dea         | LIBRARY                        | site_3   |     270 |        250 |        246 |         253 |         0
 Neither dea         | LIBRARY                        | site_4   |     208 |        206 |        201 |         226 |         0
 Neither dea         | NEXT DAY                       | site_0   |     307 |        293 |        298 |         298 |         0
 Neither dea         | NEXT DAY                       | site_1   |     302 |        304 |        296 |         330 |         0
 Neither dea         | NEXT DAY                       | site_2   |     247 |        268 |        276 |         279 |         0
 Neither dea         | NEXT DAY                       | site_3   |     281 |        259 |        245 |         270 |         0
 Neither dea         | NEXT DAY                       | site_4   |     286 |        285 |        334 |         308 |         0
 Neither dea         | OVERNIGHT                      | site_0   |     242 |        267 |        242 |         249 |         0
 Neither dea         | OVERNIGHT                      | site_1   |     224 |        230 |        258 |         207 |         0
 Neither dea         | OVERNIGHT                      | site_2   |     161 |        197 |        166 |         169 |         0
 Neither dea         | OVERNIGHT                      | site_3   |     186 |        206 |        194 |         205 |         0
 Neither dea         | OVERNIGHT                      | site_4   |     255 |        231 |        245 |         219 |         0
 Neither dea         | REGULAR                        | site_0   |     197 |        220 |        234 |         218 |         0
 Neither dea         | REGULAR                        | site_1   |     237 |        269 |        260 |         247 |         0
 Neither dea         | REGULAR                        | site_2   |     264 |        242 |        242 |         214 |         0
 Neither dea         | REGULAR                        | site_3   |     193 |        218 |        225 |         203 |         0
 Neither dea         | REGULAR                        | site_4   |     208 |        162 |        190 |         190 |         0
 Neither dea         | TWO DAY                        | site_0   |     221 |        228 |        231 |         211 |         0
 Neither dea         | TWO DAY                        | site_1   |     197 |        166 |        189 |         188 |         0
 Neither dea         | TWO DAY                        | site_2   |     182 |        215 |        217 |         201 |         0
 Neither dea         | TWO DAY                        | site_3   |     241 |        222 |        239 |         207 |         0
 Neither dea         | TWO DAY                        | site_4   |     250 |        248 |        232 |         259 |         0
 Parties use         | EXPRESS                        | site_0   |     284 |        293 |        293 |         319 |         0
 Parties use         | EXPRESS                        | site_1   |     285 |        268 |        297 |         291 |         0
 Parties use         | EXPRESS                        | site_2   |     284 |        282 |        258 |         311 |         0
 Parties use         | EXPRESS                        | site_3   |     299 |        287 |        262 |         272 |         0
 Parties use         | EXPRESS                        | site_4   |     272 |        297 |        347 |         311 |         0
 Parties use         | LIBRARY                        | site_0   |     226 |        208 |        206 |         221 |         0
 Parties use         | LIBRARY                        | site_1   |     241 |        257 |        244 |         263 |         0
 Parties use         | LIBRARY                        | site_2   |     270 |        234 |        250 |         244 |         0
 Parties use         | LIBRARY                        | site_3   |     202 |        205 |        224 |         223 |         0
 Parties use         | LIBRARY                        | site_4   |     188 |        192 |        153 |         209 |         0
 Parties use         | NEXT DAY                       | site_0   |     265 |        293 |        310 |         303 |         0
 Parties use         | NEXT DAY                       | site_1   |     265 |        299 |        276 |         274 |         0
 Parties use         | NEXT DAY                       | site_2   |     279 |        265 |        270 |         271 |         0
 Parties use         | NEXT DAY                       | site_3   |     303 |        305 |        301 |         298 |         0
 Parties use         | NEXT DAY                       | site_4   |     286 |        324 |        306 |         304 |         0
 Parties use         | OVERNIGHT                      | site_0   |     219 |        238 |        183 |         229 |         0
 Parties use         | OVERNIGHT                      | site_1   |     178 |        182 |        199 |         175 |         0
 Parties use         | OVERNIGHT                      | site_2   |     216 |        206 |        202 |         189 |         0
 Parties use         | OVERNIGHT                      | site_3   |     239 |        221 |        234 |         258 |         0
 Parties use         | OVERNIGHT                      | site_4   |     274 |        252 |        239 |         222 |         0
 Parties use         | REGULAR                        | site_0   |     231 |        238 |        254 |         265 |         0
 Parties use         | REGULAR                        | site_1   |     247 |        234 |        257 |         265 |         0
 Parties use         | REGULAR                        | site_2   |     187 |        221 |        207 |         240 |         0
 Parties use         | REGULAR                        | site_3   |     189 |        167 |        165 |         192 |         0
 Parties use         | REGULAR                        | site_4   |     201 |        228 |        196 |         205 |         0
 Parties use         | TWO DAY                        | site_0   |     161 |        203 |        163 |         190 |         0
 Parties use         | TWO DAY                        | site_1   |     210 |        232 |        211 |         218 |         0
 Parties use         | TWO DAY                        | site_2   |     240 |        263 |        246 |         272 |         0
 Parties use         | TWO DAY                        | site_3   |     250 |        238 |        253 |         238 |         0
 Parties use         | TWO DAY                        | site_4   |     193 |        237 |        219 |         228 |         0
 Persons make more e | EXPRESS                        | site_0   |     254 |        302 |        288 |         264 |         0
 Persons make more e | EXPRESS                        | site_1   |     280 |        311 |        297 |         297 |         0
 Persons make more e | EXPRESS                        | site_2   |     262 |        284 |        319 |         325 |         0
 Persons make more e | EXPRESS                        | site_3   |     298 |        309 |        330 |         293 |         0
 Persons make more e | EXPRESS                        | site_4   |     288 |        285 |        286 |         263 |         0
 Persons make more e | LIBRARY                        | site_0   |     230 |        205 |        233 |         202 |         0
 Persons make more e | LIBRARY                        | site_1   |     152 |        189 |        161 |         189 |         0
 Persons make more e | LIBRARY                        | site_2   |     246 |        211 |        200 |         194 |         0
 Persons make more e | LIBRARY                        | site_3   |     259 |        259 |        243 |         263 |         0
 Persons make more e | LIBRARY                        | site_4   |     253 |        262 |        234 |         258 |         0
 Persons make more e | NEXT DAY                       | site_0   |     311 |        285 |        338 |         314 |         0
 Persons make more e | NEXT DAY                       | site_1   |     320 |        315 |        306 |         340 |         0
 Persons make more e | NEXT DAY                       | site_2   |     295 |        304 |        310 |         303 |         0
 Persons make more e | NEXT DAY                       | site_3   |     245 |        290 |        301 |         258 |         0
 Persons make more e | NEXT DAY                       | site_4   |     281 |        285 |        275 |         275 |         0
 Persons make more e | OVERNIGHT                      | site_0   |     261 |        248 |        242 |         265 |         0
 Persons make more e | OVERNIGHT                      | site_1   |     256 |        240 |        250 |         240 |         0
 Persons make more e | OVERNIGHT                      | site_2   |     205 |        203 |        208 |         195 |         0
 Persons make more e | OVERNIGHT                      | site_3   |     168 |        189 |        186 |         178 |         0
 Persons make more e | OVERNIGHT                      | site_4   |     235 |        222 |        227 |         196 |         0
 Persons make more e | REGULAR                        | site_0   |     202 |        181 |        184 |         191 |         0
 Persons make more e | REGULAR                        | site_1   |     207 |        204 |        220 |         208 |         0
 Persons make more e | REGULAR                        | site_2   |     228 |        228 |        255 |         232 |         0
 Persons make more e | REGULAR                        | site_3   |     248 |        263 |        250 |         274 |         0
 Persons make more e | REGULAR                        | site_4   |     232 |        216 |        231 |         217 |         0
 Persons make more e | TWO DAY                        | site_0   |     253 |        276 |        260 |         258 |         0
 Persons make more e | TWO DAY                        | site_1   |     208 |        193 |        251 |         221 |         0
 Persons make more e | TWO DAY                        | site_2   |     172 |        189 |        172 |         181 |         0
 Persons make more e | TWO DAY                        | site_3   |     218 |        210 |        196 |         210 |         0
 Persons make more e | TWO DAY                        | site_4   |     260 |        279 |        236 |         266 |         0
 Single, simple r    | EXPRESS                        | site_0   |     258 |        266 |        244 |         286 |         0
 Single, simple r    | EXPRESS                        | site_1   |     285 |        303 |        251 |         271 |         0
 Single, simple r    | EXPRESS                        | site_2   |     316 |        313 |        289 |         308 |         0
 Single, simple r    | EXPRESS                        | site_3   |     309 |        300 |        304 |         303 |         0
 Single, simple r    | EXPRESS                        | site_4   |     300 |        318 |        280 |         298 |         0
 Single, simple r    | LIBRARY                        | site_0   |     225 |        222 |        237 |         267 |         0
 Single, simple r    | LIBRARY                        | site_1   |     212 |        203 |        198 |         204 |         0
 Single, simple r    | LIBRARY                        | site_2   |     192 |        191 |        215 |         190 |         0
 Single, simple r    | LIBRARY                        | site_3   |     185 |        224 |        199 |         216 |         0
 Single, simple r    | LIBRARY                        | site_4   |     252 |        230 |        248 |         235 |         0
(100 rows)

UPDATE time_statistics SET e_time = TRANSACTION_TIMESTAMP() WHERE template = 'query62.tpl' AND stream = 0;
psql:/tmp/s1-basline/power/query_0.sql:3109: NOTICE:  duration: 0.035 ms  plan:
Query Text: UPDATE time_statistics SET e_time = TRANSACTION_TIMESTAMP() WHERE template = 'query62.tpl' AND stream = 0;
Update on time_statistics  (cost=0.00..1.88 rows=0 width=0) (actual time=0.035..0.035 rows=0 loops=1)
  ->  Seq Scan on time_statistics  (cost=0.00..1.88 rows=1 width=14) (actual time=0.019..0.019 rows=1 loops=1)
        Filter: ((template = 'query62.tpl'::text) AND (stream = 0))
        Rows Removed by Filter: 62
UPDATE 1
LOAD 'auto_explain'; SET auto_explain.log_min_duration TO 0; SET auto_explain.log_analyze TO on; SET auto_explain.log_level TO notice; INSERT INTO time_statistics (template, s_time, stream, query, seed) VALUES ('query63.tpl', TRANSACTION_TIMESTAMP(), 0, 63, 892683250);
LOAD
SET
SET
SET
psql:/tmp/s1-basline/power/query_0.sql:3110: NOTICE:  duration: 0.008 ms  plan:
Query Text: INSERT INTO time_statistics (template, s_time, stream, query, seed) VALUES ('query63.tpl', TRANSACTION_TIMESTAMP(), 0, 63, 892683250);
Insert on time_statistics  (cost=0.00..0.01 rows=0 width=0) (actual time=0.008..0.008 rows=0 loops=1)
  ->  Result  (cost=0.00..0.01 rows=1 width=64) (actual time=0.001..0.001 rows=1 loops=1)
INSERT 0 1
select  * 
from (select i_manager_id
             ,sum(ss_sales_price) sum_sales
             ,avg(sum(ss_sales_price)) over (partition by i_manager_id) avg_monthly_sales
      from item
          ,store_sales
          ,date_dim
          ,store
      where ss_item_sk = i_item_sk
        and ss_sold_date_sk = d_date_sk
        and ss_store_sk = s_store_sk
        and d_month_seq in (1201,1201+1,1201+2,1201+3,1201+4,1201+5,1201+6,1201+7,1201+8,1201+9,1201+10,1201+11)
        and ((    i_category in ('Books','Children','Electronics')
              and i_class in ('personal','portable','reference','self-help')
              and i_brand in ('scholaramalgamalg #14','scholaramalgamalg #7',
		                  'exportiunivamalg #9','scholaramalgamalg #9'))
           or(    i_category in ('Women','Music','Men')
              and i_class in ('accessories','classical','fragrances','pants')
              and i_brand in ('amalgimporto #1','edu packscholar #1','exportiimporto #1',
		                 'importoamalg #1')))
group by i_manager_id, d_moy) tmp1
where case when avg_monthly_sales > 0 then abs (sum_sales - avg_monthly_sales) / avg_monthly_sales else null end > 0.1
order by i_manager_id
        ,avg_monthly_sales
        ,sum_sales
limit 100;
psql:/tmp/s1-basline/power/query_0.sql:3136: NOTICE:  duration: 193.381 ms  plan:
Query Text: select  * 
from (select i_manager_id
             ,sum(ss_sales_price) sum_sales
             ,avg(sum(ss_sales_price)) over (partition by i_manager_id) avg_monthly_sales
      from item
          ,store_sales
          ,date_dim
          ,store
      where ss_item_sk = i_item_sk
        and ss_sold_date_sk = d_date_sk
        and ss_store_sk = s_store_sk
        and d_month_seq in (1201,1201+1,1201+2,1201+3,1201+4,1201+5,1201+6,1201+7,1201+8,1201+9,1201+10,1201+11)
        and ((    i_category in ('Books','Children','Electronics')
              and i_class in ('personal','portable','reference','self-help')
              and i_brand in ('scholaramalgamalg #14','scholaramalgamalg #7',
		                  'exportiunivamalg #9','scholaramalgamalg #9'))
           or(    i_category in ('Women','Music','Men')
              and i_class in ('accessories','classical','fragrances','pants')
              and i_brand in ('amalgimporto #1','edu packscholar #1','exportiimporto #1',
		                 'importoamalg #1')))
group by i_manager_id, d_moy) tmp1
where case when avg_monthly_sales > 0 then abs (sum_sales - avg_monthly_sales) / avg_monthly_sales else null end > 0.1
order by i_manager_id
        ,avg_monthly_sales
        ,sum_sales
limit 100;
Limit  (cost=7663.20..7663.21 rows=6 width=20) (actual time=193.329..193.341 rows=100 loops=1)
  ->  Sort  (cost=7663.20..7663.21 rows=6 width=20) (actual time=193.328..193.334 rows=100 loops=1)
        Sort Key: tmp1.i_manager_id, tmp1.avg_monthly_sales, tmp1.sum_sales
        Sort Method: top-N heapsort  Memory: 32kB
        ->  Subquery Scan on tmp1  (cost=7662.03..7663.12 rows=6 width=20) (actual time=190.119..193.206 rows=812 loops=1)
              Filter: (CASE WHEN (tmp1.avg_monthly_sales > '0'::double precision) THEN (abs((tmp1.sum_sales - tmp1.avg_monthly_sales)) / tmp1.avg_monthly_sales) ELSE NULL::double precision END > '0.1'::double precision)
              Rows Removed by Filter: 76
              ->  WindowAgg  (cost=7662.03..7662.69 rows=19 width=24) (actual time=190.117..193.099 rows=888 loops=1)
                    ->  GroupAggregate  (cost=7662.03..7662.41 rows=19 width=16) (actual time=190.076..192.732 rows=888 loops=1)
                          Group Key: item.i_manager_id, date_dim.d_moy
                          ->  Sort  (cost=7662.03..7662.07 rows=19 width=16) (actual time=190.067..190.777 rows=17786 loops=1)
                                Sort Key: item.i_manager_id, date_dim.d_moy
                                Sort Method: quicksort  Memory: 1740kB
                                ->  Nested Loop  (cost=0.76..7661.62 rows=19 width=16) (actual time=0.051..185.869 rows=17786 loops=1)
                                      Join Filter: (store_sales.ss_store_sk = store.s_store_sk)
                                      Rows Removed by Join Filter: 82554
                                      ->  Nested Loop  (cost=0.76..7657.18 rows=20 width=24) (actual time=0.046..174.132 rows=18231 loops=1)
                                            ->  Nested Loop  (cost=0.43..6923.02 rows=4157 width=28) (actual time=0.035..136.903 rows=117478 loops=1)
                                                  ->  Seq Scan on item  (cost=0.00..1931.00 rows=26 width=12) (actual time=0.024..15.923 rows=900 loops=1)
                                                        Filter: (((i_category = ANY ('{Books,Children,Electronics}'::bpchar[])) AND (i_class = ANY ('{personal,portable,reference,self-help}'::bpchar[])) AND (i_brand = ANY ('{"scholaramalgamalg #14","scholaramalgamalg #7","exportiunivamalg #9","scholaramalgamalg #9"}'::bpchar[]))) OR ((i_category = ANY ('{Women,Music,Men}'::bpchar[])) AND (i_class = ANY ('{accessories,classical,fragrances,pants}'::bpchar[])) AND (i_brand = ANY ('{"amalgimporto #1","edu packscholar #1","exportiimporto #1","importoamalg #1"}'::bpchar[]))))
                                                        Rows Removed by Filter: 17100
                                                  ->  Index Scan using pk_store_sales on store_sales  (cost=0.43..190.26 rows=174 width=32) (actual time=0.005..0.115 rows=131 loops=900)
                                                        Index Cond: (ss_item_sk = item.i_item_sk)
                                            ->  Memoize  (cost=0.33..0.36 rows=1 width=12) (actual time=0.000..0.000 rows=0 loops=117478)
                                                  Cache Key: store_sales.ss_sold_date_sk
                                                  Cache Mode: logical
                                                  Hits: 115747  Misses: 1731  Evictions: 0  Overflows: 0  Memory Usage: 139kB
                                                  ->  Index Scan using pk_date_dim on date_dim  (cost=0.32..0.35 rows=1 width=12) (actual time=0.001..0.001 rows=0 loops=1731)
                                                        Index Cond: (d_date_sk = store_sales.ss_sold_date_sk)
                                                        Filter: (d_month_seq = ANY ('{1201,1202,1203,1204,1205,1206,1207,1208,1209,1210,1211,1212}'::integer[]))
                                                        Rows Removed by Filter: 1
                                      ->  Materialize  (cost=0.00..1.18 rows=12 width=8) (actual time=0.000..0.000 rows=6 loops=18231)
                                            ->  Seq Scan on store  (cost=0.00..1.12 rows=12 width=8) (actual time=0.002..0.003 rows=12 loops=1)
 i_manager_id |     sum_sales      | avg_monthly_sales  
--------------+--------------------+--------------------
            1 |              54.71 | 453.05909090909097
            1 | 226.98000000000002 | 453.05909090909097
            1 |             279.71 | 453.05909090909097
            1 |             294.19 | 453.05909090909097
            1 |             346.73 | 453.05909090909097
            1 |             708.42 | 453.05909090909097
            1 |  797.4800000000001 | 453.05909090909097
            1 |  897.0799999999999 | 453.05909090909097
            2 |               56.2 | 395.54727272727274
            2 |              71.62 | 395.54727272727274
            2 |  92.78999999999999 | 395.54727272727274
            2 |             159.68 | 395.54727272727274
            2 | 232.22000000000003 | 395.54727272727274
            2 | 343.84000000000003 | 395.54727272727274
            2 | 447.26000000000005 | 395.54727272727274
            2 |  591.1500000000001 | 395.54727272727274
            2 |  597.2499999999999 | 395.54727272727274
            2 |  627.7099999999999 | 395.54727272727274
            2 |             1131.3 | 395.54727272727274
            3 |  809.9899999999998 | 1940.0363636363638
            3 |  836.6700000000002 | 1940.0363636363638
            3 |             877.17 | 1940.0363636363638
            3 |            1024.71 | 1940.0363636363638
            3 |            1063.54 | 1940.0363636363638
            3 |            1173.57 | 1940.0363636363638
            3 | 2414.9099999999994 | 1940.0363636363638
            3 | 2621.3200000000006 | 1940.0363636363638
            3 | 3049.6399999999985 | 1940.0363636363638
            3 | 3541.4099999999985 | 1940.0363636363638
            3 | 3927.4700000000016 | 1940.0363636363638
            4 | 101.21000000000001 | 1337.4424999999999
            4 |             580.74 | 1337.4424999999999
            4 |  727.3299999999999 | 1337.4424999999999
            4 |             743.96 | 1337.4424999999999
            4 | 1066.1000000000001 | 1337.4424999999999
            4 |            1095.88 | 1337.4424999999999
            4 |            1492.04 | 1337.4424999999999
            4 |            1774.03 | 1337.4424999999999
            4 | 2077.6999999999994 | 1337.4424999999999
            4 |            2205.75 | 1337.4424999999999
            4 | 2806.0400000000004 | 1337.4424999999999
            5 |  931.8099999999998 |  2111.689090909091
            5 | 1219.4099999999996 |  2111.689090909091
            5 |            1248.67 |  2111.689090909091
            5 | 1298.3799999999999 |  2111.689090909091
            5 | 1647.3400000000004 |  2111.689090909091
            5 | 1845.0500000000002 |  2111.689090909091
            5 |  2556.659999999999 |  2111.689090909091
            5 |            2854.01 |  2111.689090909091
            5 |            3507.82 |  2111.689090909091
            5 |  3797.420000000001 |  2111.689090909091
            6 |  648.5600000000001 |             1552.3
            6 |  705.1000000000001 |             1552.3
            6 |             722.62 |             1552.3
            6 |             942.94 |             1552.3
            6 |  944.1199999999999 |             1552.3
            6 |            1261.19 |             1552.3
            6 | 2143.7000000000003 |             1552.3
            6 |            2244.43 |             1552.3
            6 |            2289.58 |             1552.3
            6 |            2350.82 |             1552.3
            6 | 2822.2400000000002 |             1552.3
            7 | 226.11000000000004 |  722.8818181818181
            7 |             306.25 |  722.8818181818181
            7 | 371.35999999999996 |  722.8818181818181
            7 |             395.84 |  722.8818181818181
            7 | 405.66999999999996 |  722.8818181818181
            7 |  820.9100000000001 |  722.8818181818181
            7 |  906.9200000000001 |  722.8818181818181
            7 |            1054.35 |  722.8818181818181
            7 | 1936.2500000000002 |  722.8818181818181
            8 | 135.04000000000002 | 1032.1874999999998
            8 |             381.63 | 1032.1874999999998
            8 |             584.25 | 1032.1874999999998
            8 |  703.2199999999999 | 1032.1874999999998
            8 |             902.54 | 1032.1874999999998
            8 | 1565.2099999999998 | 1032.1874999999998
            8 | 1730.1899999999998 | 1032.1874999999998
            8 |            2413.73 | 1032.1874999999998
            9 | 165.42999999999998 |  557.3036363636364
            9 | 212.29000000000002 |  557.3036363636364
            9 |             316.57 |  557.3036363636364
            9 |             347.08 |  557.3036363636364
            9 |             367.94 |  557.3036363636364
            9 |             394.97 |  557.3036363636364
            9 |              625.2 |  557.3036363636364
            9 |  736.2299999999999 |  557.3036363636364
            9 |             1129.7 |  557.3036363636364
            9 | 1276.5100000000002 |  557.3036363636364
           10 |             687.29 | 1781.0200000000002
           10 |             713.78 | 1781.0200000000002
           10 |             877.99 | 1781.0200000000002
           10 | 1286.8499999999997 | 1781.0200000000002
           10 | 1287.1699999999998 | 1781.0200000000002
           10 | 1308.3899999999996 | 1781.0200000000002
           10 |            2264.21 | 1781.0200000000002
           10 | 2351.6999999999994 | 1781.0200000000002
           10 | 2617.4900000000002 | 1781.0200000000002
           10 |  2628.960000000001 | 1781.0200000000002
           10 | 3567.3900000000012 | 1781.0200000000002
(100 rows)

UPDATE time_statistics SET e_time = TRANSACTION_TIMESTAMP() WHERE template = 'query63.tpl' AND stream = 0;
psql:/tmp/s1-basline/power/query_0.sql:3138: NOTICE:  duration: 0.036 ms  plan:
Query Text: UPDATE time_statistics SET e_time = TRANSACTION_TIMESTAMP() WHERE template = 'query63.tpl' AND stream = 0;
Update on time_statistics  (cost=0.00..1.88 rows=0 width=0) (actual time=0.035..0.036 rows=0 loops=1)
  ->  Seq Scan on time_statistics  (cost=0.00..1.88 rows=1 width=14) (actual time=0.018..0.018 rows=1 loops=1)
        Filter: ((template = 'query63.tpl'::text) AND (stream = 0))
        Rows Removed by Filter: 63
UPDATE 1
LOAD 'auto_explain'; SET auto_explain.log_min_duration TO 0; SET auto_explain.log_analyze TO on; SET auto_explain.log_level TO notice; INSERT INTO time_statistics (template, s_time, stream, query, seed) VALUES ('query64.tpl', TRANSACTION_TIMESTAMP(), 0, 64, 1410867608);
LOAD
SET
SET
SET
psql:/tmp/s1-basline/power/query_0.sql:3139: NOTICE:  duration: 0.009 ms  plan:
Query Text: INSERT INTO time_statistics (template, s_time, stream, query, seed) VALUES ('query64.tpl', TRANSACTION_TIMESTAMP(), 0, 64, 1410867608);
Insert on time_statistics  (cost=0.00..0.01 rows=0 width=0) (actual time=0.008..0.008 rows=0 loops=1)
  ->  Result  (cost=0.00..0.01 rows=1 width=64) (actual time=0.001..0.001 rows=1 loops=1)
INSERT 0 1
with cs_ui as
 (select cs_item_sk
        ,sum(cs_ext_list_price) as sale,sum(cr_refunded_cash+cr_reversed_charge+cr_store_credit) as refund
  from catalog_sales
      ,catalog_returns
  where cs_item_sk = cr_item_sk
    and cs_order_number = cr_order_number
  group by cs_item_sk
  having sum(cs_ext_list_price)>2*sum(cr_refunded_cash+cr_reversed_charge+cr_store_credit)),
cross_sales as
 (select i_product_name product_name
     ,i_item_sk item_sk
     ,s_store_name store_name
     ,s_zip store_zip
     ,ad1.ca_street_number b_street_number
     ,ad1.ca_street_name b_street_name
     ,ad1.ca_city b_city
     ,ad1.ca_zip b_zip
     ,ad2.ca_street_number c_street_number
     ,ad2.ca_street_name c_street_name
     ,ad2.ca_city c_city
     ,ad2.ca_zip c_zip
     ,d1.d_year as syear
     ,d2.d_year as fsyear
     ,d3.d_year s2year
     ,count(*) cnt
     ,sum(ss_wholesale_cost) s1
     ,sum(ss_list_price) s2
     ,sum(ss_coupon_amt) s3
  FROM   store_sales
        ,store_returns
        ,cs_ui
        ,date_dim d1
        ,date_dim d2
        ,date_dim d3
        ,store
        ,customer
        ,customer_demographics cd1
        ,customer_demographics cd2
        ,promotion
        ,household_demographics hd1
        ,household_demographics hd2
        ,customer_address ad1
        ,customer_address ad2
        ,income_band ib1
        ,income_band ib2
        ,item
  WHERE  ss_store_sk = s_store_sk AND
         ss_sold_date_sk = d1.d_date_sk AND
         ss_customer_sk = c_customer_sk AND
         ss_cdemo_sk= cd1.cd_demo_sk AND
         ss_hdemo_sk = hd1.hd_demo_sk AND
         ss_addr_sk = ad1.ca_address_sk and
         ss_item_sk = i_item_sk and
         ss_item_sk = sr_item_sk and
         ss_ticket_number = sr_ticket_number and
         ss_item_sk = cs_ui.cs_item_sk and
         c_current_cdemo_sk = cd2.cd_demo_sk AND
         c_current_hdemo_sk = hd2.hd_demo_sk AND
         c_current_addr_sk = ad2.ca_address_sk and
         c_first_sales_date_sk = d2.d_date_sk and
         c_first_shipto_date_sk = d3.d_date_sk and
         ss_promo_sk = p_promo_sk and
         hd1.hd_income_band_sk = ib1.ib_income_band_sk and
         hd2.hd_income_band_sk = ib2.ib_income_band_sk and
         cd1.cd_marital_status <> cd2.cd_marital_status and
         i_color in ('thistle','ivory','dodger','deep','goldenrod','saddle') and
         i_current_price between 0 and 0 + 10 and
         i_current_price between 0 + 1 and 0 + 15
group by i_product_name
       ,i_item_sk
       ,s_store_name
       ,s_zip
       ,ad1.ca_street_number
       ,ad1.ca_street_name
       ,ad1.ca_city
       ,ad1.ca_zip
       ,ad2.ca_street_number
       ,ad2.ca_street_name
       ,ad2.ca_city
       ,ad2.ca_zip
       ,d1.d_year
       ,d2.d_year
       ,d3.d_year
)
select cs1.product_name
     ,cs1.store_name
     ,cs1.store_zip
     ,cs1.b_street_number
     ,cs1.b_street_name
     ,cs1.b_city
     ,cs1.b_zip
     ,cs1.c_street_number
     ,cs1.c_street_name
     ,cs1.c_city
     ,cs1.c_zip
     ,cs1.syear
     ,cs1.cnt
     ,cs1.s1 as s11
     ,cs1.s2 as s21
     ,cs1.s3 as s31
     ,cs2.s1 as s12
     ,cs2.s2 as s22
     ,cs2.s3 as s32
     ,cs2.syear
     ,cs2.cnt
from cross_sales cs1,cross_sales cs2
where cs1.item_sk=cs2.item_sk and
     cs1.syear = 2001 and
     cs2.syear = 2001 + 1 and
     cs2.cnt <= cs1.cnt and
     cs1.store_name = cs2.store_name and
     cs1.store_zip = cs2.store_zip
order by cs1.product_name
       ,cs1.store_name
       ,cs2.cnt
       ,cs1.s1
       ,cs2.s1;
psql:/tmp/s1-basline/power/query_0.sql:3257: NOTICE:  duration: 3270.350 ms  plan:
Query Text: with cs_ui as
 (select cs_item_sk
        ,sum(cs_ext_list_price) as sale,sum(cr_refunded_cash+cr_reversed_charge+cr_store_credit) as refund
  from catalog_sales
      ,catalog_returns
  where cs_item_sk = cr_item_sk
    and cs_order_number = cr_order_number
  group by cs_item_sk
  having sum(cs_ext_list_price)>2*sum(cr_refunded_cash+cr_reversed_charge+cr_store_credit)),
cross_sales as
 (select i_product_name product_name
     ,i_item_sk item_sk
     ,s_store_name store_name
     ,s_zip store_zip
     ,ad1.ca_street_number b_street_number
     ,ad1.ca_street_name b_street_name
     ,ad1.ca_city b_city
     ,ad1.ca_zip b_zip
     ,ad2.ca_street_number c_street_number
     ,ad2.ca_street_name c_street_name
     ,ad2.ca_city c_city
     ,ad2.ca_zip c_zip
     ,d1.d_year as syear
     ,d2.d_year as fsyear
     ,d3.d_year s2year
     ,count(*) cnt
     ,sum(ss_wholesale_cost) s1
     ,sum(ss_list_price) s2
     ,sum(ss_coupon_amt) s3
  FROM   store_sales
        ,store_returns
        ,cs_ui
        ,date_dim d1
        ,date_dim d2
        ,date_dim d3
        ,store
        ,customer
        ,customer_demographics cd1
        ,customer_demographics cd2
        ,promotion
        ,household_demographics hd1
        ,household_demographics hd2
        ,customer_address ad1
        ,customer_address ad2
        ,income_band ib1
        ,income_band ib2
        ,item
  WHERE  ss_store_sk = s_store_sk AND
         ss_sold_date_sk = d1.d_date_sk AND
         ss_customer_sk = c_customer_sk AND
         ss_cdemo_sk= cd1.cd_demo_sk AND
         ss_hdemo_sk = hd1.hd_demo_sk AND
         ss_addr_sk = ad1.ca_address_sk and
         ss_item_sk = i_item_sk and
         ss_item_sk = sr_item_sk and
         ss_ticket_number = sr_ticket_number and
         ss_item_sk = cs_ui.cs_item_sk and
         c_current_cdemo_sk = cd2.cd_demo_sk AND
         c_current_hdemo_sk = hd2.hd_demo_sk AND
         c_current_addr_sk = ad2.ca_address_sk and
         c_first_sales_date_sk = d2.d_date_sk and
         c_first_shipto_date_sk = d3.d_date_sk and
         ss_promo_sk = p_promo_sk and
         hd1.hd_income_band_sk = ib1.ib_income_band_sk and
         hd2.hd_income_band_sk = ib2.ib_income_band_sk and
         cd1.cd_marital_status <> cd2.cd_marital_status and
         i_color in ('thistle','ivory','dodger','deep','goldenrod','saddle') and
         i_current_price between 0 and 0 + 10 and
         i_current_price between 0 + 1 and 0 + 15
group by i_product_name
       ,i_item_sk
       ,s_store_name
       ,s_zip
       ,ad1.ca_street_number
       ,ad1.ca_street_name
       ,ad1.ca_city
       ,ad1.ca_zip
       ,ad2.ca_street_number
       ,ad2.ca_street_name
       ,ad2.ca_city
       ,ad2.ca_zip
       ,d1.d_year
       ,d2.d_year
       ,d3.d_year
)
select cs1.product_name
     ,cs1.store_name
     ,cs1.store_zip
     ,cs1.b_street_number
     ,cs1.b_street_name
     ,cs1.b_city
     ,cs1.b_zip
     ,cs1.c_street_number
     ,cs1.c_street_name
     ,cs1.c_city
     ,cs1.c_zip
     ,cs1.syear
     ,cs1.cnt
     ,cs1.s1 as s11
     ,cs1.s2 as s21
     ,cs1.s3 as s31
     ,cs2.s1 as s12
     ,cs2.s2 as s22
     ,cs2.s3 as s32
     ,cs2.syear
     ,cs2.cnt
from cross_sales cs1,cross_sales cs2
where cs1.item_sk=cs2.item_sk and
     cs1.syear = 2001 and
     cs2.syear = 2001 + 1 and
     cs2.cnt <= cs1.cnt and
     cs1.store_name = cs2.store_name and
     cs1.store_zip = cs2.store_zip
order by cs1.product_name
       ,cs1.store_name
       ,cs2.cnt
       ,cs1.s1
       ,cs2.s1;
Sort  (cost=71497.15..71497.15 rows=1 width=1166) (actual time=3268.698..3268.880 rows=920 loops=1)
  Sort Key: cs1.product_name, cs1.store_name, cs2.cnt, cs1.s1, cs2.s1
  Sort Method: quicksort  Memory: 266kB
  CTE cross_sales
    ->  GroupAggregate  (cost=71497.01..71497.07 rows=1 width=199) (actual time=830.917..839.870 rows=9478 loops=1)
          Group Key: item.i_product_name, item.i_item_sk, store.s_store_name, store.s_zip, ad1.ca_street_number, ad1.ca_street_name, ad1.ca_city, ad1.ca_zip, ad2.ca_street_number, ad2.ca_street_name, ad2.ca_city, ad2.ca_zip, d1.d_year, d2.d_year, d3.d_year
          ->  Sort  (cost=71497.01..71497.02 rows=1 width=191) (actual time=830.910..831.450 rows=9478 loops=1)
                Sort Key: item.i_product_name, item.i_item_sk, store.s_store_name, store.s_zip, ad1.ca_street_number, ad1.ca_street_name, ad1.ca_city, ad1.ca_zip, ad2.ca_street_number, ad2.ca_street_name, ad2.ca_city, ad2.ca_zip, d1.d_year, d2.d_year, d3.d_year
                Sort Method: quicksort  Memory: 2618kB
                ->  Nested Loop  (cost=71348.54..71497.00 rows=1 width=191) (actual time=325.246..804.507 rows=9478 loops=1)
                      ->  Nested Loop  (cost=71348.40..71496.84 rows=1 width=199) (actual time=325.242..793.687 rows=9478 loops=1)
                            ->  Nested Loop  (cost=71348.11..71496.52 rows=1 width=167) (actual time=325.236..772.407 rows=9478 loops=1)
                                  ->  Nested Loop  (cost=71347.96..71496.36 rows=1 width=175) (actual time=325.230..758.126 rows=9485 loops=1)
                                        Join Filter: (cd1.cd_marital_status <> cd2.cd_marital_status)
                                        Rows Removed by Join Filter: 2476
                                        ->  Nested Loop  (cost=71347.54..71495.61 rows=1 width=185) (actual time=325.222..710.431 rows=12021 loops=1)
                                              ->  Nested Loop  (cost=71347.40..71495.45 rows=1 width=193) (actual time=325.216..695.307 rows=12021 loops=1)
                                                    ->  Nested Loop  (cost=71347.11..71495.12 rows=1 width=197) (actual time=325.211..675.378 rows=12133 loops=1)
                                                          ->  Nested Loop  (cost=71346.82..71494.82 rows=1 width=197) (actual time=325.201..654.241 rows=12358 loops=1)
                                                                ->  Nested Loop  (cost=71346.53..71494.50 rows=1 width=201) (actual time=325.197..632.208 rows=12831 loops=1)
                                                                      ->  Nested Loop  (cost=71346.24..71494.18 rows=1 width=169) (actual time=325.186..597.601 rows=12844 loops=1)
                                                                            ->  Nested Loop  (cost=71346.10..71494.03 rows=1 width=161) (actual time=325.179..580.024 rows=12872 loops=1)
                                                                                  ->  Nested Loop  (cost=71345.68..71493.57 rows=1 width=167) (actual time=325.169..530.353 rows=12943 loops=1)
                                                                                        ->  Nested Loop  (cost=71345.38..71493.26 rows=1 width=171) (actual time=325.161..508.283 rows=13125 loops=1)
                                                                                              ->  Nested Loop  (cost=71345.09..71492.96 rows=1 width=139) (actual time=325.151..479.698 rows=13463 loops=1)
                                                                                                    ->  Nested Loop  (cost=71344.81..71492.65 rows=1 width=139) (actual time=325.130..455.868 rows=14071 loops=1)
                                                                                                          Join Filter: (item.i_item_sk = store_sales.ss_item_sk)
                                                                                                          ->  Nested Loop  (cost=71344.38..71467.66 rows=32 width=83) (actual time=325.118..410.201 rows=14071 loops=1)
                                                                                                                ->  Nested Loop  (cost=71343.96..71464.30 rows=2 width=67) (actual time=325.107..400.752 rows=850 loops=1)
                                                                                                                      ->  Finalize GroupAggregate  (cost=71343.67..71361.77 rows=47 width=24) (actual time=325.071..364.803 rows=17141 loops=1)
                                                                                                                            Group Key: catalog_sales.cs_item_sk
                                                                                                                            Filter: (sum(catalog_sales.cs_ext_list_price) > ('2'::double precision * sum(((catalog_returns.cr_refunded_cash + catalog_returns.cr_reversed_charge) + catalog_returns.cr_store_credit))))
                                                                                                                            Rows Removed by Filter: 725
                                                                                                                            ->  Gather Merge  (cost=71343.67..71358.77 rows=118 width=24) (actual time=325.065..355.648 rows=46331 loops=1)
                                                                                                                                  Workers Planned: 2
                                                                                                                                  Workers Launched: 2
                                                                                                                                  ->  Partial GroupAggregate  (cost=70343.65..70345.12 rows=59 width=24) (actual time=318.830..336.078 rows=15444 loops=3)
                                                                                                                                        Group Key: catalog_sales.cs_item_sk
                                                                                                                                        ->  Sort  (cost=70343.65..70343.79 rows=59 width=40) (actual time=318.818..324.805 rows=48102 loops=3)
                                                                                                                                              Sort Key: catalog_sales.cs_item_sk
                                                                                                                                              Sort Method: quicksort  Memory: 8303kB
                                                                                                                                              Worker 0:  Sort Method: quicksort  Memory: 4489kB
                                                                                                                                              Worker 1:  Sort Method: quicksort  Memory: 4555kB
                                                                                                                                              ->  Hash Join  (cost=7926.67..70341.91 rows=59 width=40) (actual time=83.574..305.944 rows=48102 loops=3)
                                                                                                                                                    Hash Cond: ((catalog_sales.cs_item_sk = catalog_returns.cr_item_sk) AND (catalog_sales.cs_order_number = catalog_returns.cr_order_number))
                                                                                                                                                    ->  Parallel Seq Scan on catalog_sales  (cost=0.00..59266.53 rows=599753 width=24) (actual time=0.015..77.021 rows=479804 loops=3)
                                                                                                                                                    ->  Hash  (cost=5762.07..5762.07 rows=144307 width=40) (actual time=82.758..82.759 rows=144307 loops=3)
                                                                                                                                                          Buckets: 262144  Batches: 1  Memory Usage: 12128kB
                                                                                                                                                          ->  Seq Scan on catalog_returns  (cost=0.00..5762.07 rows=144307 width=40) (actual time=0.025..52.878 rows=144307 loops=3)
                                                                                                                      ->  Index Scan using pk_item on item  (cost=0.29..2.17 rows=1 width=59) (actual time=0.002..0.002 rows=0 loops=17141)
                                                                                                                            Index Cond: (i_item_sk = catalog_sales.cs_item_sk)
                                                                                                                            Filter: ((i_current_price >= '0'::double precision) AND (i_current_price <= '10'::double precision) AND (i_current_price >= '1'::double precision) AND (i_current_price <= '15'::double precision) AND (i_color = ANY ('{thistle,ivory,dodger,deep,goldenrod,saddle}'::bpchar[])))
                                                                                                                            Rows Removed by Filter: 1
                                                                                                                ->  Index Only Scan using pk_store_returns on store_returns  (cost=0.42..1.50 rows=18 width=16) (actual time=0.007..0.009 rows=17 loops=850)
                                                                                                                      Index Cond: (sr_item_sk = item.i_item_sk)
                                                                                                                      Heap Fetches: 0
                                                                                                          ->  Index Scan using pk_store_sales on store_sales  (cost=0.43..0.77 rows=1 width=96) (actual time=0.003..0.003 rows=1 loops=14071)
                                                                                                                Index Cond: ((ss_item_sk = store_returns.sr_item_sk) AND (ss_ticket_number = store_returns.sr_ticket_number))
                                                                                                    ->  Index Scan using pk_household_demographics on household_demographics hd1  (cost=0.28..0.30 rows=1 width=16) (actual time=0.001..0.001 rows=1 loops=14071)
                                                                                                          Index Cond: (hd_demo_sk = store_sales.ss_hdemo_sk)
                                                                                              ->  Index Scan using pk_customer_address on customer_address ad1  (cost=0.29..0.31 rows=1 width=48) (actual time=0.002..0.002 rows=1 loops=13463)
                                                                                                    Index Cond: (ca_address_sk = store_sales.ss_addr_sk)
                                                                                        ->  Index Scan using pk_date_dim on date_dim d1  (cost=0.29..0.31 rows=1 width=12) (actual time=0.001..0.001 rows=1 loops=13125)
                                                                                              Index Cond: (d_date_sk = store_sales.ss_sold_date_sk)
                                                                                  ->  Index Scan using pk_customer_demographics on customer_demographics cd1  (cost=0.43..0.46 rows=1 width=10) (actual time=0.003..0.003 rows=1 loops=12943)
                                                                                        Index Cond: (cd_demo_sk = store_sales.ss_cdemo_sk)
                                                                            ->  Index Scan using pk_store on store  (cost=0.14..0.15 rows=1 width=24) (actual time=0.001..0.001 rows=1 loops=12872)
                                                                                  Index Cond: (s_store_sk = store_sales.ss_store_sk)
                                                                      ->  Index Scan using pk_customer on customer  (cost=0.29..0.31 rows=1 width=48) (actual time=0.002..0.002 rows=1 loops=12844)
                                                                            Index Cond: (c_customer_sk = store_sales.ss_customer_sk)
                                                                ->  Index Scan using pk_date_dim on date_dim d3  (cost=0.29..0.33 rows=1 width=12) (actual time=0.001..0.001 rows=1 loops=12831)
                                                                      Index Cond: (d_date_sk = customer.c_first_shipto_date_sk)
                                                          ->  Index Scan using pk_household_demographics on household_demographics hd2  (cost=0.28..0.30 rows=1 width=16) (actual time=0.001..0.001 rows=1 loops=12358)
                                                                Index Cond: (hd_demo_sk = customer.c_current_hdemo_sk)
                                                    ->  Index Scan using pk_date_dim on date_dim d2  (cost=0.29..0.33 rows=1 width=12) (actual time=0.001..0.001 rows=1 loops=12133)
                                                          Index Cond: (d_date_sk = customer.c_first_sales_date_sk)
                                              ->  Index Only Scan using pk_income_band on income_band ib2  (cost=0.14..0.16 rows=1 width=8) (actual time=0.001..0.001 rows=1 loops=12021)
                                                    Index Cond: (ib_income_band_sk = hd2.hd_income_band_sk)
                                                    Heap Fetches: 12021
                                        ->  Index Scan using pk_customer_demographics on customer_demographics cd2  (cost=0.43..0.74 rows=1 width=10) (actual time=0.003..0.003 rows=1 loops=12021)
                                              Index Cond: (cd_demo_sk = customer.c_current_cdemo_sk)
                                  ->  Index Only Scan using pk_promotion on promotion  (cost=0.15..0.17 rows=1 width=8) (actual time=0.001..0.001 rows=1 loops=9485)
                                        Index Cond: (p_promo_sk = store_sales.ss_promo_sk)
                                        Heap Fetches: 9478
                            ->  Index Scan using pk_customer_address on customer_address ad2  (cost=0.29..0.32 rows=1 width=48) (actual time=0.002..0.002 rows=1 loops=9478)
                                  Index Cond: (ca_address_sk = customer.c_current_addr_sk)
                      ->  Index Only Scan using pk_income_band on income_band ib1  (cost=0.14..0.16 rows=1 width=8) (actual time=0.001..0.001 rows=1 loops=9478)
                            Index Cond: (ib_income_band_sk = hd1.hd_income_band_sk)
                            Heap Fetches: 9478
  ->  Nested Loop  (cost=0.00..0.07 rows=1 width=1166) (actual time=857.945..3266.849 rows=920 loops=1)
        Join Filter: ((cs2.cnt <= cs1.cnt) AND (cs1.item_sk = cs2.item_sk) AND ((cs1.store_name)::text = (cs2.store_name)::text) AND (cs1.store_zip = cs2.store_zip))
        Rows Removed by Join Filter: 3426580
        ->  CTE Scan on cross_sales cs1  (cost=0.00..0.02 rows=1 width=1138) (actual time=832.262..833.423 rows=1828 loops=1)
              Filter: (syear = 2001)
              Rows Removed by Filter: 7650
        ->  CTE Scan on cross_sales cs2  (cost=0.00..0.02 rows=1 width=206) (actual time=0.003..1.182 rows=1875 loops=1828)
              Filter: (syear = 2002)
              Rows Removed by Filter: 7603
                    product_name                    | store_name | store_zip  | b_street_number |   b_street_name    |        b_city        |   b_zip    | c_street_number |   c_street_name    |     c_city      |   c_zip    | syear | cnt |  s11  |  s21   |   s31   |  s12  |  s22   |   s32   | syear | cnt 
----------------------------------------------------+------------+------------+-----------------+--------------------+----------------------+------------+-----------------+--------------------+-----------------+------------+-------+-----+-------+--------+---------+-------+--------+---------+-------+-----
 antiableeingation                                  | bar        | 31904      | 154             | Birch              | Buena Vista          | 65752      | 67              | View               | Green Acres     | 97683      |  2001 |   1 |  30.3 |  44.23 |       0 |  11.4 |  15.04 |       0 |  2002 |   1
 antiableeingation                                  | bar        | 31904      | 154             | Birch              | Buena Vista          | 65752      | 67              | View               | Green Acres     | 97683      |  2001 |   1 |  30.3 |  44.23 |       0 | 20.98 |  23.49 |       0 |  2002 |   1
 antiableeingation                                  | bar        | 31904      | 154             | Birch              | Buena Vista          | 65752      | 67              | View               | Green Acres     | 97683      |  2001 |   1 |  30.3 |  44.23 |       0 | 59.07 |  60.84 |       0 |  2002 |   1
 antiableeingation                                  | bar        | 31904      | 954             | Willow Hill        | Lakeside             | 59532      | 389             | Mill First         | Bethel          | 55281      |  2001 |   1 | 78.62 |  88.84 |    7.85 |  11.4 |  15.04 |       0 |  2002 |   1
 antiableeingation                                  | bar        | 31904      | 954             | Willow Hill        | Lakeside             | 59532      | 389             | Mill First         | Bethel          | 55281      |  2001 |   1 | 78.62 |  88.84 |    7.85 | 20.98 |  23.49 |       0 |  2002 |   1
 antiableeingation                                  | bar        | 31904      | 954             | Willow Hill        | Lakeside             | 59532      | 389             | Mill First         | Bethel          | 55281      |  2001 |   1 | 78.62 |  88.84 |    7.85 | 59.07 |  60.84 |       0 |  2002 |   1
 antiableeingation                                  | ought      | 31904      | 806             | Madison            | River Oaks           | 78075      | 193             | 5th                | Summit          | 20499      |  2001 |   1 | 28.87 |  33.77 | 1258.14 | 33.13 |   64.6 |   159.5 |  2002 |   1
 antiableeingation                                  | ought      | 31904      | 806             | Madison            | River Oaks           | 78075      | 193             | 5th                | Summit          | 20499      |  2001 |   1 | 28.87 |  33.77 | 1258.14 | 61.41 | 117.29 |       0 |  2002 |   1
 antiantieing                                       | able       | 35709      | 543             | West               | Macedonia            | 61087      | 161             | Fifth Main         | Ellisville      | 66820      |  2001 |   1 | 66.28 |  79.53 |       0 | 14.21 |  21.88 |       0 |  2002 |   1
 antiantieing                                       | able       | 35709      | 543             | West               | Macedonia            | 61087      | 161             | Fifth Main         | Ellisville      | 66820      |  2001 |   1 | 66.28 |  79.53 |       0 |  52.5 |  57.22 |       0 |  2002 |   1
 antiantieing                                       | bar        | 31904      | 6               | Second             | Mountain View        | 24466      | 956             | 6th Maple          | Antioch         | 78605      |  2001 |   1 | 69.65 |  93.33 |       0 | 92.33 | 180.04 |       0 |  2002 |   1
 antiantieing                                       | eing       | 35709      | 181             | 1st Main           | Greenwood            | 78828      | 963             | Elm                | Bethel          | 65281      |  2001 |   1 | 39.01 |  42.52 |       0 |  1.29 |   1.63 |       0 |  2002 |   1
 antiantioughtanti                                  | ation      | 31904      | 158             | 6th                | Bridgeport           |            | 611             | Main               | Brownsville     | 59310      |  2001 |   1 |  89.8 |  96.98 |       0 | 55.42 | 109.73 |       0 |  2002 |   1
 antiantioughtanti                                  | eing       | 35709      | 250             | Jefferson          | Concord              | 44107      | 896             | Maple              | Highland Park   | 66534      |  2001 |   1 |  1.82 |      3 |       0 | 27.69 |  44.58 |       0 |  2002 |   1
 antiantioughtanti                                  | eing       | 35709      | 917             | Pine               | Stringtown           | 60162      | 50              | Smith              | Cedar Grove     | 70411      |  2001 |   1 |  16.1 |  21.25 |  603.02 | 27.69 |  44.58 |       0 |  2002 |   1
 antiantioughtanti                                  | ese        | 31904      | 274             | 14th Center        | Lincoln              | 61289      | 839             | Hill               | Fairview        | 25709      |  2001 |   1 | 87.19 | 109.85 |       0 | 34.04 |  37.44 |       0 |  2002 |   1
 antiantioughtese                                   | eing       | 35709      | 183             | Center Washington  | Pine Grove           | 84593      | 759             | Smith South        | Plainview       | 63683      |  2001 |   1 |  9.61 |   17.1 |       0 | 63.99 |  95.34 |       0 |  2002 |   1
 antiantioughtese                                   | eing       | 35709      | 183             | Center Washington  | Pine Grove           | 84593      | 759             | Smith South        | Plainview       | 63683      |  2001 |   1 |  9.61 |   17.1 |       0 | 67.03 | 118.64 |       0 |  2002 |   1
 antiantioughtese                                   | eing       | 35709      | 183             | Center Washington  | Pine Grove           | 84593      | 759             | Smith South        | Plainview       | 63683      |  2001 |   1 |  9.61 |   17.1 |       0 |  80.7 | 114.59 |       0 |  2002 |   1
 antiantipriantiought                               | ation      | 31904      | 143             | Lee                | Woodville            | 54289      | 291             | Maple              | Paxton          | 35669      |  2001 |   1 | 29.45 |  53.59 |       0 | 48.83 |  82.52 |       0 |  2002 |   1
 antiantipriantiought                               | ation      | 31904      | 143             | Lee                | Woodville            | 54289      | 291             | Maple              | Paxton          | 35669      |  2001 |   1 | 29.45 |  53.59 |       0 | 84.41 |  120.7 |  623.39 |  2002 |   1
 antiantipriantiought                               | ese        | 31904      | 60              | 2nd Poplar         | Highland Park        | 66534      | 975             | View               | Crossroads      | 80534      |  2001 |   1 | 90.92 | 115.46 |       0 | 24.04 |  37.74 |       0 |  2002 |   1
 antiationableeseought                              | able       | 35709      | 307             | Davis              | Ashland              | 34244      | 976             | Central Mill       | Oak Hill        | 57838      |  2001 |   1 | 12.51 |  18.76 |       0 |  58.1 | 111.55 |       0 |  2002 |   1
 antiationableeseought                              | bar        | 31904      | 522             | Davis Broadway     | Woodlawn             | 14098      | 30              | Elevnth            | Marion          | 50399      |  2001 |   1 | 98.81 | 128.45 |       0 | 26.15 |  51.77 |       0 |  2002 |   1
 antiationablepriought                              | ese        | 31904      | 491             | 6th Ridge          | Pine Grove           | 05193      | 523             | Second Lake        | Fairview        | 55709      |  2001 |   1 |  2.37 |   4.26 |    5.31 | 24.17 |  43.02 |       0 |  2002 |   1
 antiationablepriought                              | ese        | 31904      | 545             | 6th                | Hopewell             |            | 248             | Second Davis       | Georgetown      | 67057      |  2001 |   1 | 50.88 |  65.12 |       0 | 24.17 |  43.02 |       0 |  2002 |   1
 antiationantieseought                              | bar        | 31904      |                 |                    | Newtown              |            | 953             | Sycamore           | Stringtown      | 20162      |  2001 |   1 | 28.55 |  52.24 |       0 | 17.62 |  27.48 |       0 |  2002 |   1
 antiationantieseought                              | bar        | 31904      |                 |                    | Newtown              |            | 953             | Sycamore           | Stringtown      | 20162      |  2001 |   1 | 28.55 |  52.24 |       0 | 66.41 | 120.86 |       0 |  2002 |   1
 antiationantieseought                              | ese        | 31904      | 855             | Williams Sycamore  | Bunker Hill          | 20150      | 429             | Church Fifth       | Cedar Grove     | 10411      |  2001 |   1 | 45.15 |  70.43 |       0 |  1.75 |   2.41 |       0 |  2002 |   1
 antiationoughtcally                                | able       | 35709      | 785             | Main               | Valley View          | 55124      | 974             | 14th               | Fairfield       | 36192      |  2001 |   1 | 68.38 |  69.06 |       0 |  11.5 |  22.77 |       0 |  2002 |   1
 antiationoughtcally                                | able       | 35709      | 785             | Main               | Valley View          | 55124      | 974             | 14th               | Fairfield       | 36192      |  2001 |   1 | 68.38 |  69.06 |       0 | 49.38 |  92.83 |       0 |  2002 |   1
 antiationoughtcally                                | able       | 35709      | 100             | 11th Smith         | Sunnyside            | 91952      | 93              |                    |                 | 48354      |  2001 |   1 | 97.87 |  160.5 |       0 |  11.5 |  22.77 |       0 |  2002 |   1
 antiationoughtcally                                | able       | 35709      | 100             | 11th Smith         | Sunnyside            | 91952      | 93              |                    |                 | 48354      |  2001 |   1 | 97.87 |  160.5 |       0 | 49.38 |  92.83 |       0 |  2002 |   1
 antiationoughtcally                                | ation      | 31904      | 3               | Hillcrest Lakeview | Newtown              | 51749      | 71              | Walnut             | Highland Park   | 26534      |  2001 |   1 | 19.26 |  35.82 |       0 |   8.1 |   9.23 |       0 |  2002 |   1
 antiationoughtcally                                | ation      | 31904      | 3               | Hillcrest Lakeview | Newtown              | 51749      | 71              | Walnut             | Highland Park   | 26534      |  2001 |   1 | 19.26 |  35.82 |       0 | 89.94 |  149.3 |       0 |  2002 |   1
 antiationoughtcally                                | bar        | 31904      | 795             | Main               | Mechanicsburg        | 12219      | 145             | Tenth              | Spring Hill     | 76787      |  2001 |   1 | 24.18 |  42.31 |       0 | 62.28 |  85.32 |       0 |  2002 |   1
 antiationoughtcally                                | bar        | 31904      | 605             | Ridge              | Clifton              | 68014      | 238             | Cherry             | Liberty         | 63451      |  2001 |   1 | 27.42 |  49.08 |       0 | 62.28 |  85.32 |       0 |  2002 |   1
 antiationoughtcally                                | eing       | 35709      | 722             | Sunset 3rd         | Riverdale            | 69391      | 774             | Chestnut Mill      | Valley View     | 55124      |  2001 |   1 | 75.31 |   86.6 |       0 | 23.97 |  45.54 |       0 |  2002 |   1
 antiationoughtcally                                | eing       | 35709      | 722             | Sunset 3rd         | Riverdale            | 69391      | 774             | Chestnut Mill      | Valley View     | 55124      |  2001 |   1 | 75.31 |   86.6 |       0 | 52.18 |  82.96 |       0 |  2002 |   1
 antiationoughtcally                                | ought      | 31904      | 543             | Laurel             | Florence             | 13394      | 771             | 2nd                | Friendship      | 94536      |  2001 |   1 |  8.88 |  17.31 |       0 | 68.43 |  94.43 |       0 |  2002 |   1
 antiationoughtcally                                | ought      | 31904      | 158             | 1st Johnson        | Flatwoods            | 64212      | 485             | Second             | Franklin        | 39101      |  2001 |   1 | 64.75 |  83.52 |       0 | 68.43 |  94.43 |       0 |  2002 |   1
 antibareingantiought                               | ought      | 31904      | 886             | View 2nd           | Edgewood             | 70069      | 20              | 13th Poplar        | Mount Olive     | 48059      |  2001 |   1 | 99.86 | 110.84 |       0 | 35.52 |  49.01 |       0 |  2002 |   1
 antibareingcally                                   | able       | 35709      | 19              | College Franklin   | Mount Vernon         | 38482      | 728             | Elm North          | Salem           | 68048      |  2001 |   1 | 10.81 |  17.29 |       0 | 83.67 | 151.44 |       0 |  2002 |   1
 antibareingcally                                   | ation      | 31904      | 58              | Washington 3rd     | Oakland              | 79843      | 753             | 1st Maple          | Valley View     | 55124      |  2001 |   1 |  9.41 |  17.12 |       0 | 39.92 |  58.68 |       0 |  2002 |   1
 antibareingcally                                   | ese        | 31904      | 784             | Fourth Oak         | Oak Grove            | 88370      | 546             | Hickory            | Deerfield       | 39840      |  2001 |   1 |   3.3 |   4.29 |       0 |  17.3 |  28.02 |       0 |  2002 |   1
 antibareingcally                                   | ese        | 31904      | 784             | Fourth Oak         | Oak Grove            | 88370      | 546             | Hickory            | Deerfield       | 39840      |  2001 |   1 |   3.3 |   4.29 |       0 | 74.98 | 110.22 |       0 |  2002 |   1
 antibareingcally                                   | ese        | 31904      | 784             | Fourth Oak         | Oak Grove            | 88370      | 546             | Hickory            | Deerfield       | 39840      |  2001 |   1 |   3.3 |   4.29 |       0 | 82.82 | 140.79 |       0 |  2002 |   1
 antibareingcally                                   | ese        | 31904      | 486             | Jefferson Johnson  | Union Hill           | 37746      | 248             | Hill               | Clifton         | 88014      |  2001 |   1 | 97.23 | 124.45 |       0 |  17.3 |  28.02 |       0 |  2002 |   1
 antibareingcally                                   | ese        | 31904      | 486             | Jefferson Johnson  | Union Hill           | 37746      | 248             | Hill               | Clifton         | 88014      |  2001 |   1 | 97.23 | 124.45 |       0 | 74.98 | 110.22 |       0 |  2002 |   1
 antibareingcally                                   | ese        | 31904      | 486             | Jefferson Johnson  | Union Hill           | 37746      | 248             | Hill               | Clifton         | 88014      |  2001 |   1 | 97.23 | 124.45 |       0 | 82.82 | 140.79 |       0 |  2002 |   1
 anticallyableanti                                  | ation      | 31904      | 803             | Poplar River       | Hamilton             | 82808      | 427             | Laurel             | Liberty         | 23451      |  2001 |   1 | 64.25 | 122.71 |  1790.2 | 50.35 |  63.44 |       0 |  2002 |   1
 anticallyableanti                                  | ation      | 31904      | 452             | View               | Jackson              | 49583      | 15              | Second River       | Clifton         | 58014      |  2001 |   1 | 88.66 | 115.25 |       0 | 50.35 |  63.44 |       0 |  2002 |   1
 anticallyableanti                                  | bar        | 31904      | 974             | Cherry Center      | Wilson               | 56971      | 960             | Main               | Concord         | 04707      |  2001 |   1 | 67.29 |  94.87 |       0 | 43.93 |  51.83 |       0 |  2002 |   1
 anticallyableanti                                  | ought      | 31904      | 636             | 7th                | Riverview            | 99003      | 127             | 5th                | Plainview       | 63683      |  2001 |   1 | 29.47 |  45.67 |       0 | 52.09 |  52.61 |       0 |  2002 |   1
 anticallyableanti                                  | ought      | 31904      | 937             | Birch              | Floyd                | 63235      | 377             | 5th                | Springdale      | 58883      |  2001 |   1 | 69.93 | 139.86 |       0 | 52.09 |  52.61 |       0 |  2002 |   1
 anticallyablecally                                 | eing       | 35709      | 348             | Ash                | Wildwood             | 26871      | 861             | 5th Mill           | Woodlawn        | 44098      |  2001 |   1 |   6.3 |  10.58 |   32.32 | 97.82 | 179.01 |       0 |  2002 |   1
 anticallyablecally                                 | ese        | 31904      | 262             | West 9th           | Oakwood              | 30169      | 899             | Cedar              | Mount Olive     | 48059      |  2001 |   1 |  2.31 |   2.86 |       0 | 74.76 | 104.66 |       0 |  2002 |   1
 anticallyantianti                                  | able       | 35709      | 692             | Green              | Oak Ridge            | 68371      | 158             | Green Hillcrest    | Greenfield      | 25038      |  2001 |   1 | 32.41 |  46.34 |       0 | 13.91 |  26.15 |       0 |  2002 |   1
 anticallyantianti                                  | ation      | 31904      | 851             | Park               | Bayview              | 09672      | 390             | Central            | Lakeside        | 49532      |  2001 |   1 | 53.17 |   75.5 |       0 |  9.15 |  12.62 |   63.67 |  2002 |   1
 anticallyantianti                                  | ation      | 31904      | 851             | Park               | Bayview              | 09672      | 390             | Central            | Lakeside        | 49532      |  2001 |   1 | 53.17 |   75.5 |       0 | 13.06 |  25.98 |       0 |  2002 |   1
 anticallyantianti                                  | ation      | 31904      | 851             | Park               | Bayview              | 09672      | 390             | Central            | Lakeside        | 49532      |  2001 |   1 | 53.17 |   75.5 |       0 | 59.87 |  61.66 |  1150.7 |  2002 |   1
 anticallybaroughtought                             | ation      | 31904      | 127             | North              | Bayside              | 29550      | 835             | Maple              | Florence        | 43394      |  2001 |   1 | 56.39 |  76.12 |  255.94 | 65.45 | 104.06 |       0 |  2002 |   1
 anticallybaroughtought                             | eing       | 35709      | 720             | Third              | Clifton              | 58014      | 376             | Ash 14th           | Five Points     | 76098      |  2001 |   1 | 78.78 | 127.62 |       0 | 31.53 |  62.74 |       0 |  2002 |   1
 anticallybaroughtought                             | eing       | 35709      | 720             | Third              | Clifton              | 58014      | 376             | Ash 14th           | Five Points     | 76098      |  2001 |   1 | 78.78 | 127.62 |       0 | 47.36 |   59.2 |       0 |  2002 |   1
 anticallybaroughtought                             | ought      | 31904      | 795             | 4th                | Springfield          | 99303      |                 | College            |                 |            |  2001 |   1 | 65.93 |   92.3 |       0 | 15.66 |  29.44 |       0 |  2002 |   1
 anticallybaroughtought                             | ought      | 31904      | 536             | Church             | Woodlawn             | 44098      | 325             | College            | Fairview        | 45709      |  2001 |   1 |  94.6 | 175.01 | 5271.94 | 15.66 |  29.44 |       0 |  2002 |   1
 anticallyoughtbarought                             | eing       | 35709      | 959             | Hill               | Oak Grove            | 58370      | 958             | Church             | Valley View     | 45124      |  2001 |   1 | 86.21 | 170.69 |       0 | 74.44 |  98.26 |       0 |  2002 |   1
 antieingbarn st                                    | eing       | 35709      | 483             | Park               | Franklin             | 59101      | 24              | Maple Valley       | Five Forks      | 12293      |  2001 |   1 | 31.38 |  46.44 |       0 | 53.15 |   86.1 |  169.46 |  2002 |   1
 antieingpripri                                     | ation      | 31904      |                 | Ash Park           | Wildwood             | 46871      | 764             | Hill               | Walnut Grove    | 67752      |  2001 |   1 |  79.9 | 139.82 |       0 |  17.7 |  25.48 |       0 |  2002 |   1
 antieingpripri                                     | ought      | 31904      | 688             | Valley Second      | Doyle                | 48434      | 29              | 2nd Washington     | Shady Grove     | 42812      |  2001 |   1 | 30.93 |  34.95 |       0 | 23.26 |  36.05 |       0 |  2002 |   1
 antieingpripri                                     | ought      | 31904      | 688             | Valley Second      | Doyle                | 48434      | 29              | 2nd Washington     | Shady Grove     | 42812      |  2001 |   1 | 30.93 |  34.95 |       0 | 35.67 |  55.28 |       0 |  2002 |   1
 antieingpripri                                     | ought      | 31904      | 688             | Valley Second      | Doyle                | 48434      | 29              | 2nd Washington     | Shady Grove     | 42812      |  2001 |   1 | 30.93 |  34.95 |       0 | 68.34 |  68.34 |       0 |  2002 |   1
 antieseeinganti                                    | able       | 35709      | 523             | 13th Cedar         | Oak Ridge            | 48371      | 873             | Mill Hillcrest     | Sunnyside       | 51952      |  2001 |   1 | 77.99 |  135.7 |       0 | 35.81 |   59.8 |       0 |  2002 |   1
 antieseeinganti                                    | bar        | 31904      | 710             | Madison            | Highland             | 99454      | 608             | Pine               | Bunker Hill     | 20150      |  2001 |   1 | 77.88 |  80.99 |       0 | 62.02 | 103.57 |       0 |  2002 |   1
 antieseeinganti                                    | bar        | 31904      | 710             | Madison            | Highland             | 99454      | 608             | Pine               | Bunker Hill     | 20150      |  2001 |   1 | 77.88 |  80.99 |       0 | 99.88 |  99.88 |       0 |  2002 |   1
 antieseoughtanti                                   | ation      | 31904      | 774             | Hickory            | Jamestown            | 26867      | 771             | 1st                | Highland        | 09454      |  2001 |   1 | 77.94 |  93.52 | 2771.02 |  23.7 |  42.42 |       0 |  2002 |   1
 antieseoughtanti                                   | ought      | 31904      | 518             | East               | Farmington           | 39145      | 413             | Valley             | Georgetown      | 67057      |  2001 |   1 | 99.46 | 100.45 |   38.16 | 46.92 |  78.82 |       0 |  2002 |   1
 antin stationpriought                              | able       | 35709      |                 | First Cedar        | Lebanon              |            | 391             | Maple              | Jamestown       | 36867      |  2001 |   1 | 97.72 | 174.91 |       0 | 89.85 | 106.02 |       0 |  2002 |   1
 antin stationpriought                              | bar        | 31904      | 696             | 2nd North          | Spring Valley        | 56060      | 934             | View               | Mountain View   | 54466      |  2001 |   1 | 82.32 | 149.82 |       0 | 49.19 |  62.47 |       0 |  2002 |   1
 antin stationpriought                              | eing       | 35709      | 999             | Walnut Thirteenth  | Omega                | 76364      | 11              | Franklin           | Walnut Grove    | 87752      |  2001 |   1 | 73.29 | 116.53 |       0 |    21 |  41.58 |       0 |  2002 |   1
 antin stationpriought                              | eing       | 35709      | 999             | Walnut Thirteenth  | Omega                | 76364      | 11              | Franklin           | Walnut Grove    | 87752      |  2001 |   1 | 73.29 | 116.53 |       0 |  51.1 |  61.83 |       0 |  2002 |   1
 antin stationpriought                              | eing       | 35709      | 999             | Walnut Thirteenth  | Omega                | 76364      | 11              | Franklin           | Walnut Grove    | 87752      |  2001 |   1 | 73.29 | 116.53 |       0 | 68.84 |  85.36 |  150.41 |  2002 |   1
 antin stationpriought                              | ese        | 31904      | 232             | Jefferson          | Five Forks           | 92293      | 435             | Chestnut           | Greenfield      | 75038      |  2001 |   1 |  63.7 |  72.61 |   18.51 |  5.95 |   8.44 |       0 |  2002 |   1
 antin stationpriought                              | ese        | 31904      | 232             | Jefferson          | Five Forks           | 92293      | 435             | Chestnut           | Greenfield      | 75038      |  2001 |   1 |  63.7 |  72.61 |   18.51 | 77.07 |  94.79 |       0 |  2002 |   1
 antin steingantiought                              | ought      | 31904      | 384             | North Sycamore     | Willow               | 46798      | 119             | Willow Thirteenth  | Waterloo        | 31675      |  2001 |   1 | 46.45 |  76.17 |       0 | 31.74 |  43.48 |       0 |  2002 |   1
 antin steingeseought                               | ation      | 31904      | 775             | 5th                | Springdale           | 78883      | 74              | Davis              | Franklin        | 79101      |  2001 |   1 | 57.79 | 104.59 |       0 |  23.4 |  38.84 |       0 |  2002 |   1
 antin steingeseought                               | ation      | 31904      | 775             | 5th                | Springdale           | 78883      | 74              | Davis              | Franklin        | 79101      |  2001 |   1 | 57.79 | 104.59 |       0 | 33.02 |  49.86 |       0 |  2002 |   1
 antioughtationationought                           | bar        | 31904      | 345             | 7th                | Sulphur Springs      | 48354      | 689             | Third              | Midway          | 31904      |  2001 |   1 |  16.9 |  28.73 | 1064.07 | 46.99 |  67.66 |  207.18 |  2002 |   1
 antioughtationationought                           | eing       | 35709      | 166             | 6th                | Centerville          | 50059      | 942             | Hill               | Shiloh          | 59275      |  2001 |   1 |  8.63 |    9.4 |    8.37 | 69.42 |  130.5 |       0 |  2002 |   1
 antioughtbaration                                  | ation      | 31904      | 928             | Elm                | Glendale             | 13951      | 955             | 6th Davis          | Shiloh          | 79275      |  2001 |   1 | 23.16 |  24.54 |       0 | 39.55 |  48.25 |       0 |  2002 |   1
 antioughtbaration                                  | ation      | 31904      | 928             | Elm                | Glendale             | 13951      | 955             | 6th Davis          | Shiloh          | 79275      |  2001 |   1 | 23.16 |  24.54 |       0 | 57.95 |  80.55 |       0 |  2002 |   1
 antioughtbaration                                  | ation      | 31904      | 928             | Elm                | Glendale             | 13951      | 955             | 6th Davis          | Shiloh          | 79275      |  2001 |   1 | 23.16 |  24.54 |       0 | 93.43 | 153.22 |       0 |  2002 |   1
 antioughtbaration                                  | ation      | 31904      | 953             | Center Center      | Fairbanks            | 76653      | 553             | Franklin Sycamore  | Mount Pleasant  | 41933      |  2001 |   1 | 60.92 |  65.18 |       0 | 39.55 |  48.25 |       0 |  2002 |   1
 antioughtbaration                                  | ation      | 31904      | 953             | Center Center      | Fairbanks            | 76653      | 553             | Franklin Sycamore  | Mount Pleasant  | 41933      |  2001 |   1 | 60.92 |  65.18 |       0 | 57.95 |  80.55 |       0 |  2002 |   1
 antioughtbaration                                  | ation      | 31904      | 953             | Center Center      | Fairbanks            | 76653      | 553             | Franklin Sycamore  | Mount Pleasant  | 41933      |  2001 |   1 | 60.92 |  65.18 |       0 | 93.43 | 153.22 |       0 |  2002 |   1
 antioughteingoughtought                            | bar        | 31904      | 912             | Main               | Pine Grove           | 64593      | 930             | Spring             | Waterloo        | 61675      |  2001 |   1 |  6.68 |   8.75 |  234.61 | 62.23 |  97.07 |       0 |  2002 |   1
 antioughteingoughtought                            | bar        | 31904      | 613             | 10th               | Greenwood            | 18828      | 737             | Cedar Valley       | Salem           | 88048      |  2001 |   1 | 32.74 |  55.98 |       0 | 62.23 |  97.07 |       0 |  2002 |   1
 antioughteingoughtought                            | ought      | 31904      | 619             | Pine Railroad      | Red Hill             | 44338      | 311             | Second             | Crystal         | 35258      |  2001 |   1 | 90.29 | 149.88 |       0 |  4.93 |   5.02 |       0 |  2002 |   1
 antioughtoughtantiought                            | ese        | 31904      | 581             | Valley Laurel      | Oneida               | 74027      | 579             | Lake Lake          | Oakland         | 79843      |  2001 |   1 | 35.04 |   50.8 |  680.08 | 91.97 | 181.18 |       0 |  2002 |   1
 antioughtoughtantiought                            | ese        | 31904      | 440             | 14th               | Stringtown           | 60162      | 668             | Spruce             | Newtown         | 31749      |  2001 |   1 | 97.82 | 119.34 | 4091.93 | 91.97 | 181.18 |       0 |  2002 |   1
 antioughtoughtcally                                | bar        | 31904      | 926             | Birch Locust       | Rock Creek           | 81621      | 145             | 2nd                | Enterprise      | 41757      |  2001 |   1 | 93.33 | 111.99 |    4226 | 16.51 |  21.46 |       0 |  2002 |   1
 antioughtoughtcally                                | bar        | 31904      | 64              | 12th               | Forest Hills         | 59237      | 678             | Oak                | Antioch         | 58605      |  2001 |   1 | 98.73 | 155.99 |       0 | 16.51 |  21.46 |       0 |  2002 |   1
 antioughtoughtcally                                | eing       | 35709      | 72              | Elm Smith          | Belmont              | 20191      | 254             | Laurel South       | Youngstown      | 70001      |  2001 |   1 | 28.02 |  39.78 |       0 | 20.73 |  25.49 |       0 |  2002 |   1
 antioughtoughtcally                                | eing       | 35709      | 72              | Elm Smith          | Belmont              | 20191      | 254             | Laurel South       | Youngstown      | 70001      |  2001 |   1 | 28.02 |  39.78 |       0 | 86.33 |  92.37 |       0 |  2002 |   1
 antipriableeing                                    | able       | 35709      | 252             | Spruce             | Buena Vista          | 35752      | 300             | 13th 14th          | Maple Grove     | 58252      |  2001 |   1 | 82.18 | 142.99 |       0 |  7.89 |  15.78 |       0 |  2002 |   1
 antipriableeing                                    | able       | 35709      | 252             | Spruce             | Buena Vista          | 35752      | 300             | 13th 14th          | Maple Grove     | 58252      |  2001 |   1 | 82.18 | 142.99 |       0 | 51.44 |  58.64 |       0 |  2002 |   1
 antipriableeing                                    | able       | 35709      | 252             | Spruce             | Buena Vista          | 35752      | 300             | 13th 14th          | Maple Grove     | 58252      |  2001 |   1 | 82.18 | 142.99 |       0 |  75.9 | 112.33 |       0 |  2002 |   1
 antipriableeing                                    | able       | 35709      | 252             | Spruce             | Buena Vista          | 35752      | 300             | 13th 14th          | Maple Grove     | 58252      |  2001 |   1 | 82.18 | 142.99 |       0 | 99.78 | 166.63 |   72.42 |  2002 |   1
 antipriableeing                                    | eing       | 35709      | 494             | Laurel 11th        | Woodlawn             | 64098      | 801             | Poplar             | Plainview       | 33683      |  2001 |   1 | 55.08 |  98.59 |       0 |    24 |  32.88 |       0 |  2002 |   1
 antipriantiable                                    | ation      | 31904      | 680             | Jefferson Laurel   | Antioch              | 88605      | 654             | Park Central       | Fairview        | 65709      |  2001 |   1 | 36.46 |  66.35 |       0 | 53.64 |  66.51 |       0 |  2002 |   1
 antipriantiable                                    | ation      | 31904      | 680             | Jefferson Laurel   | Antioch              | 88605      | 654             | Park Central       | Fairview        | 65709      |  2001 |   1 | 36.46 |  66.35 |       0 | 93.46 |  94.39 |       0 |  2002 |   1
 antipriantiationought                              | ation      | 31904      | 226             | Central Locust     | Colonial Heights     | 43425      | 513             | Lee Spring         | Pleasant Grove  | 84136      |  2001 |   1 | 87.41 | 139.85 |       0 | 74.41 | 107.89 |       0 |  2002 |   1
 antipriantiationought                              | eing       | 35709      | 821             | Elm North          | Centerville          | 40059      | 37              | Lake College       | Wildwood        | 76871      |  2001 |   1 | 62.08 | 111.12 |       0 |    55 |   97.9 |       0 |  2002 |   1
 antipriantin st                                    | ation      | 31904      | 128             | Spruce             | Lakewood             | 58877      | 379             | View Second        | Shiloh          | 99275      |  2001 |   1 |  2.82 |   4.37 |       0 | 41.88 |  54.44 |       0 |  2002 |   1
 antipriantin st                                    | bar        | 31904      | 378             | 2nd 12th           | Lakeview             | 48579      | 435             | Lake               | Newtown         | 71749      |  2001 |   1 | 87.63 | 120.92 |       0 | 16.61 |  16.94 |       0 |  2002 |   1
 antipriantin st                                    | ese        | 31904      | 29              | Church             | Five Forks           | 72293      | 740             | Chestnut 1st       | Springdale      | 98883      |  2001 |   1 |  7.94 |  15.72 |       0 | 95.54 | 123.24 |       0 |  2002 |   1
 antiprin stese                                     | bar        | 31904      | 732             | 15th Highland      |                      |            | 612             | Third Main         | Sunnyside       | 41952      |  2001 |   1 | 19.81 |  38.03 |       0 | 55.03 | 104.55 |       0 |  2002 |   1
 antiprin stese                                     | eing       | 35709      | 883             | Jackson            | Providence           | 66614      | 578             | First Valley       | Bethel          | 85281      |  2001 |   1 | 37.54 |  64.94 |       0 | 13.75 |  18.83 |       0 |  2002 |   1
 antiprin stese                                     | eing       | 35709      | 883             | Jackson            | Providence           | 66614      | 578             | First Valley       | Bethel          | 85281      |  2001 |   1 | 37.54 |  64.94 |       0 | 16.67 |  17.67 |   32.81 |  2002 |   1
 antiprin stese                                     | ought      | 31904      | 644             | Main               | Greenwood            | 28828      | 920             | Spring             | Plainview       | 53683      |  2001 |   1 | 72.76 |  94.58 |   52.43 | 39.76 |  56.45 |       0 |  2002 |   1
 antiprioughtcally                                  | bar        | 31904      | 849             | Oak Willow         | Hancock              | 13540      | 109             | 3rd 4th            | Lakeview        | 58579      |  2001 |   1 | 46.05 |  49.73 | 2754.15 | 51.89 |   74.2 |       0 |  2002 |   1
 ationableantiation                                 | bar        | 31904      |                 | College            | Waterloo             | 21675      | 712             |                    |                 |            |  2001 |   1 | 10.84 |   19.4 |       0 | 19.01 |  23.95 |  175.84 |  2002 |   1
 ationableantiation                                 | bar        | 31904      | 895             | North              | Mountain View        | 64466      | 56              | Green Second       | Woodland        | 14854      |  2001 |   1 |  40.3 |  71.73 |       0 | 19.01 |  23.95 |  175.84 |  2002 |   1
 ationableationoughtought                           | able       | 35709      | 122             | Hillcrest          | Lebanon              | 62898      | 145             | Washington         | Oakwood         | 50169      |  2001 |   1 | 86.76 | 137.94 |       0 | 36.58 |  44.26 |       0 |  2002 |   1
 ationableationoughtought                           | eing       | 35709      | 587             |                    |                      | 61952      | 408             | Second Poplar      | Mount Pleasant  | 71933      |  2001 |   1 | 14.05 |  19.24 |   85.54 | 67.42 | 115.28 |       0 |  2002 |   1
 ationableationoughtought                           | ought      | 31904      | 118             | Oak Smith          | Union                | 38721      | 522             | Second             | Sawyer          | 66045      |  2001 |   1 |  2.37 |   3.27 |       0 | 23.77 |  28.04 |       0 |  2002 |   1
 ationableationoughtought                           | ought      | 31904      | 118             | Oak Smith          | Union                | 38721      | 522             | Second             | Sawyer          | 66045      |  2001 |   1 |  2.37 |   3.27 |       0 | 63.95 | 106.79 |       0 |  2002 |   1
 ationablebarese                                    | able       | 35709      | 590             | Johnson Broadway   | Pleasant Grove       | 54136      | 108             | 9th Maple          | Greenfield      | 75038      |  2001 |   1 | 37.38 |  71.76 |       0 | 28.28 |  42.42 |       0 |  2002 |   1
 ationablebarese                                    | able       | 35709      | 590             | Johnson Broadway   | Pleasant Grove       | 54136      | 108             | 9th Maple          | Greenfield      | 75038      |  2001 |   1 | 37.38 |  71.76 |       0 | 43.08 |  72.37 |    0.13 |  2002 |   1
 ationableesecally                                  | bar        | 31904      | 858             | Lakeview           | Greenwood            | 98828      | 10              | 3rd 12th           | Pleasant Valley | 03077      |  2001 |   1 | 71.26 |  130.4 |       0 | 80.48 |  134.4 | 3787.36 |  2002 |   1
 ationableesecally                                  | eing       | 35709      | 107             | Fifth              | Glenwood             | 73511      | 262             | 1st Valley         | Concord         | 64107      |  2001 |   1 | 28.82 |  49.85 |       0 | 92.52 | 122.12 | 9294.56 |  2002 |   1
 ationableesecally                                  | eing       | 35709      | 860             | 2nd Railroad       | Farmington           | 79145      | 809             | Wilson             | Woodrow         | 34273      |  2001 |   1 | 54.48 |  74.63 |       0 | 92.52 | 122.12 | 9294.56 |  2002 |   1
 ationablen stought                                 | able       | 35709      | 167             | View               | Pleasant Valley      | 72477      | 626             | View               | Pleasant Grove  | 74136      |  2001 |   1 | 12.96 |   16.2 |    36.8 |  4.04 |   4.52 |       0 |  2002 |   1
 ationablen stought                                 | able       | 35709      | 573             | Madison            | Cedar Grove          | 30411      | 51              | Cedar              | Fairfield       | 46192      |  2001 |   1 |  75.5 |  77.76 |       0 |  4.04 |   4.52 |       0 |  2002 |   1
 ationablen stought                                 | able       | 35709      | 627             | Washington 3rd     | Spring Hill          | 46787      | 467             | Meadow             | Berea           | 63804      |  2001 |   1 | 79.18 | 106.89 |       0 |  4.04 |   4.52 |       0 |  2002 |   1
 ationablen stought                                 | ation      | 31904      | 830             | Highland           | Buena Vista          | 65752      | 61              | Lake               | Concord         |            |  2001 |   1 |  46.8 |   48.2 |  144.32 | 91.81 |  172.6 |       0 |  2002 |   1
 ationablen stought                                 | ation      | 31904      | 771             | Williams           | Kirkland             | 57896      | 814             | West Elm           | Oak Ridge       | 28371      |  2001 |   1 | 80.71 | 107.34 |       0 | 91.81 |  172.6 |       0 |  2002 |   1
 ationablen stought                                 | ese        | 31904      | 262             | View Elevnth       | Shady Grove          | 62812      | 441             | Washington Ninth   | Hartland        | 66594      |  2001 |   1 |  9.79 |  14.58 |  184.56 | 85.14 | 126.85 |  532.33 |  2002 |   1
 ationablen stought                                 | ese        | 31904      | 262             | View Elevnth       | Shady Grove          | 62812      | 441             | Washington Ninth   | Hartland        | 66594      |  2001 |   1 |  9.79 |  14.58 |  184.56 | 86.04 |  90.34 |       0 |  2002 |   1
 ationablen stought                                 | ese        | 31904      | 553             | Chestnut           | Florence             | 73394      | 417             | Lake               | Birmingham      | 43372      |  2001 |   1 |  88.5 | 157.53 |       0 | 85.14 | 126.85 |  532.33 |  2002 |   1
 ationablen stought                                 | ese        | 31904      | 553             | Chestnut           | Florence             | 73394      | 417             | Lake               | Birmingham      | 43372      |  2001 |   1 |  88.5 | 157.53 |       0 | 86.04 |  90.34 |       0 |  2002 |   1
 ationableoughtpri                                  | ese        | 31904      | 791             | Church 12th        | Oakdale              | 49584      | 924             | Cedar Mill         | Woodville       | 34289      |  2001 |   1 | 14.75 |  26.69 |  708.97 | 72.99 | 137.95 |       0 |  2002 |   1
 ationableoughtpri                                  | ese        | 31904      | 791             | Church 12th        | Oakdale              | 49584      | 924             | Cedar Mill         | Woodville       | 34289      |  2001 |   1 | 14.75 |  26.69 |  708.97 | 77.24 | 135.17 |       0 |  2002 |   1
 ationableoughtpri                                  | ese        | 31904      | 842             | Park Oak           | Sulphur Springs      | 78354      | 213             | Miller             | Edgewood        | 50069      |  2001 |   1 | 77.95 |  109.9 |  156.11 | 72.99 | 137.95 |       0 |  2002 |   1
 ationableoughtpri                                  | ese        | 31904      | 842             | Park Oak           | Sulphur Springs      | 78354      | 213             | Miller             | Edgewood        | 50069      |  2001 |   1 | 77.95 |  109.9 |  156.11 | 77.24 | 135.17 |       0 |  2002 |   1
 ationableoughtpri                                  | ese        | 31904      | 476             | 12th               |                      | 99231      | 105             | Laurel             | Oak Grove       | 78370      |  2001 |   1 | 84.94 | 111.27 |       0 | 72.99 | 137.95 |       0 |  2002 |   1
 ationableoughtpri                                  | ese        | 31904      | 476             | 12th               |                      | 99231      | 105             | Laurel             | Oak Grove       | 78370      |  2001 |   1 | 84.94 | 111.27 |       0 | 77.24 | 135.17 |       0 |  2002 |   1
 ationantiableation                                 | bar        | 31904      | 226             | Wilson             | Belleville           | 42924      | 89              | Walnut Ninth       | Marion          | 70399      |  2001 |   1 | 19.31 |  20.08 |       0 |  8.85 |  15.04 |       0 |  2002 |   1
 ationantiableation                                 | bar        | 31904      | 226             | Wilson             | Belleville           | 42924      | 89              | Walnut Ninth       | Marion          | 70399      |  2001 |   1 | 19.31 |  20.08 |       0 | 86.45 | 112.38 |   96.76 |  2002 |   1
 ationantiableation                                 | bar        | 31904      | 226             | Wilson             | Belleville           | 42924      | 89              | Walnut Ninth       | Marion          | 70399      |  2001 |   1 | 19.31 |  20.08 |       0 | 99.24 | 148.86 |       0 |  2002 |   1
 ationantiantiable                                  | ation      | 31904      | 910             | Cherry             | Deerfield            | 69840      | 822             | 1st North          | Springfield     | 49303      |  2001 |   1 | 74.98 |  87.72 |       0 | 15.28 |  15.58 |       0 |  2002 |   1
 ationantiantiable                                  | bar        | 31904      | 108             | Pine 15th          | Bunker Hill          | 60150      | 823             | Fourth             | Clifton         | 78014      |  2001 |   1 | 22.21 |  41.75 | 2323.03 | 44.57 |  83.79 |       0 |  2002 |   1
 ationantiantiable                                  | ought      | 31904      | 764             | Hickory Franklin   | Springdale           | 28883      | 604             | Park               | Lakeview        | 28579      |  2001 |   1 | 72.38 |  86.13 |       0 | 74.15 |  99.36 |  176.65 |  2002 |   1
 ationantiantiable                                  | ought      | 31904      | 921             | Broadway Spring    | Georgetown           | 67057      | 923             | Lake 1st           | Oak Hill        | 27838      |  2001 |   1 | 99.56 | 161.28 |       0 | 74.15 |  99.36 |  176.65 |  2002 |   1
 ationantibarpriought                               | bar        | 31904      | 602             | 9th                | Woodville            | 54289      | 530             | Railroad           | Maple Grove     | 88252      |  2001 |   1 |  4.69 |   6.75 |       0 | 15.48 |  17.95 |       0 |  2002 |   1
 ationantibarpriought                               | bar        | 31904      | 602             | 9th                | Woodville            | 54289      | 530             | Railroad           | Maple Grove     | 88252      |  2001 |   1 |  4.69 |   6.75 |       0 |  90.7 | 151.46 |       0 |  2002 |   1
 ationantibarpriought                               | ought      | 31904      | 806             | South Third        | Providence           | 76614      | 256             | Hickory Mill       | Sugar Hill      | 85114      |  2001 |   1 | 26.42 |  31.17 |       0 |  92.5 | 180.37 |  582.39 |  2002 |   1
 ationantibarpriought                               | ought      | 31904      | 410             | Park Third         | Liberty              | 73451      | 609             | Cherry Willow      | Springfield     | 49303      |  2001 |   1 | 93.01 | 102.31 |       0 |  92.5 | 180.37 |  582.39 |  2002 |   1
 ationantieinganti                                  | able       | 35709      | 879             | Spruce River       | Blue Springs         | 74686      | 668             | Eigth Seventh      | Pine Grove      | 74593      |  2001 |   1 | 89.45 | 118.07 |       0 |  8.77 |   11.4 |       0 |  2002 |   1
 ationantieinganti                                  | able       | 35709      | 879             | Spruce River       | Blue Springs         | 74686      | 668             | Eigth Seventh      | Pine Grove      | 74593      |  2001 |   1 | 89.45 | 118.07 |       0 | 68.12 | 124.65 |       0 |  2002 |   1
 ationationableoughtought                           | ation      | 31904      | 131             | Second Miller      | Pleasant Hill        | 93604      | 821             | Dogwood            | Brownsville     | 99310      |  2001 |   1 | 19.22 |  35.74 |       0 | 90.22 | 180.44 |       0 |  2002 |   1
 ationationantiable                                 | ought      | 31904      | 156             | First              | Wilson               | 36971      | 976             | Church Thirteenth  | Oak Hill        | 67838      |  2001 |   1 | 62.18 |  75.85 |       0 | 39.91 |  62.25 |       0 |  2002 |   1
 ationationationcallyought                          | bar        | 31904      | 210             | Hill               | Union                | 48721      | 482             | Adams Wilson       | Spring Hill     | 16787      |  2001 |   1 |  7.36 |  10.67 |       0 | 49.26 |  60.09 |       0 |  2002 |   1
 ationationationcallyought                          | bar        | 31904      | 210             | Hill               | Union                | 48721      | 482             | Adams Wilson       | Spring Hill     | 16787      |  2001 |   1 |  7.36 |  10.67 |       0 | 68.76 | 102.45 |       0 |  2002 |   1
 ationationationcallyought                          | bar        | 31904      | 270             | 9th                | Clifton              | 38014      | 865             | 2nd 4th            | Pleasant Hill   | 13604      |  2001 |   1 | 66.37 | 121.45 |       0 | 49.26 |  60.09 |       0 |  2002 |   1
 ationationationcallyought                          | bar        | 31904      | 270             | 9th                | Clifton              | 38014      | 865             | 2nd 4th            | Pleasant Hill   | 13604      |  2001 |   1 | 66.37 | 121.45 |       0 | 68.76 | 102.45 |       0 |  2002 |   1
 ationationationcallyought                          | eing       | 35709      | 386             | 3rd Locust         | Reno                 | 80344      | 794             | 5th                | Union           | 78721      |  2001 |   1 | 73.04 |   74.5 |       0 | 51.69 |  73.39 |       0 |  2002 |   1
 ationationationcallyought                          | ought      | 31904      | 70              | Adams              | Arlington            | 46557      | 297             | Mill Oak           | Highland        | 99454      |  2001 |   1 | 50.99 |   92.8 |       0 | 60.24 |  99.99 |       0 |  2002 |   1
 ationationationcallyought                          | ought      | 31904      | 366             | 13th               | White Oak            | 36668      | 620             | Maple              | Valley View     | 15124      |  2001 |   1 | 54.64 |  94.52 |       0 | 60.24 |  99.99 |       0 |  2002 |   1
 ationationcallyese                                 | ation      | 31904      | 506             | Spring             | Shiloh               | 79275      | 855             | Maple              | Somerville      | 47783      |  2001 |   1 | 23.82 |  45.73 |       0 |  45.8 |  69.61 |       0 |  2002 |   1
 ationationcallyese                                 | eing       | 35709      | 367             | Dogwood            | Woodland             | 74854      | 994             | Third              | Spring Valley   | 36060      |  2001 |   1 | 50.79 |  73.13 |       0 | 20.29 |  27.39 |  982.86 |  2002 |   1
 ationationcallyese                                 | eing       | 35709      | 367             | Dogwood            | Woodland             | 74854      | 994             | Third              | Spring Valley   | 36060      |  2001 |   1 | 50.79 |  73.13 |       0 | 36.09 |  51.96 |       0 |  2002 |   1
 ationationcallyese                                 | eing       | 35709      | 367             | Dogwood            | Woodland             | 74854      | 994             | Third              | Spring Valley   | 36060      |  2001 |   1 | 50.79 |  73.13 |       0 | 77.28 | 112.05 |       0 |  2002 |   1
 ationationcallyese                                 | eing       | 35709      | 729             | 14th               | Pine Grove           | 34593      | 995             | Williams 3rd       | Marion          | 50399      |  2001 |   1 | 66.75 |  76.76 |       0 | 20.29 |  27.39 |  982.86 |  2002 |   1
 ationationcallyese                                 | eing       | 35709      | 729             | 14th               | Pine Grove           | 34593      | 995             | Williams 3rd       | Marion          | 50399      |  2001 |   1 | 66.75 |  76.76 |       0 | 36.09 |  51.96 |       0 |  2002 |   1
 ationationcallyese                                 | eing       | 35709      | 729             | 14th               | Pine Grove           | 34593      | 995             | Williams 3rd       | Marion          | 50399      |  2001 |   1 | 66.75 |  76.76 |       0 | 77.28 | 112.05 |       0 |  2002 |   1
 ationationcallyese                                 | eing       | 35709      | 276             | Jackson Sixth      | Woodville            | 64289      | 340             | Cherry Railroad    | Enterprise      | 61757      |  2001 |   1 | 97.05 |  99.96 |       0 | 20.29 |  27.39 |  982.86 |  2002 |   1
 ationationcallyese                                 | eing       | 35709      | 276             | Jackson Sixth      | Woodville            | 64289      | 340             | Cherry Railroad    | Enterprise      | 61757      |  2001 |   1 | 97.05 |  99.96 |       0 | 36.09 |  51.96 |       0 |  2002 |   1
 ationationcallyese                                 | eing       | 35709      | 276             | Jackson Sixth      | Woodville            | 64289      | 340             | Cherry Railroad    | Enterprise      | 61757      |  2001 |   1 | 97.05 |  99.96 |       0 | 77.28 | 112.05 |       0 |  2002 |   1
 ationationeinganti                                 | able       | 35709      | 527             | 14th Poplar        | Pine Grove           | 84593      | 919             | Railroad 2nd       | Fairfield       | 06792      |  2001 |   1 | 15.89 |   19.7 |       0 | 60.83 | 111.92 |       0 |  2002 |   1
 ationationeinganti                                 | ation      | 31904      | 818             | 10th Main          | Pleasant Grove       | 24136      | 34              | Center             | Blair           | 55465      |  2001 |   1 | 53.61 |  82.55 |       0 |  6.82 |  13.57 |   68.79 |  2002 |   1
 ationationeinganti                                 | ation      | 31904      | 81              | Park Main          | Hillcrest            | 23003      | 694             | Highland Locust    | Riverside       | 69231      |  2001 |   1 | 61.81 | 107.54 |       0 |  6.82 |  13.57 |   68.79 |  2002 |   1
 ationationeinganti                                 | bar        | 31904      | 860             | 2nd Dogwood        | Crossroads           | 50534      | 593             | Sixth Lake         | Greenville      | 81387      |  2001 |   1 | 35.47 |  48.59 |       0 | 97.53 | 178.47 | 4911.01 |  2002 |   1
 ationationeinganti                                 | bar        | 31904      | 539             | Highland Broadway  | Plainview            | 43683      | 437             | 6th Jefferson      | Franklin        | 19101      |  2001 |   1 | 37.02 |  54.78 |       0 | 97.53 | 178.47 | 4911.01 |  2002 |   1
 ationationeinganti                                 | bar        | 31904      | 82              | 4th                | Woodland             | 74854      | 920             | Meadow Poplar      | La Grange       | 87941      |  2001 |   1 | 47.77 |  93.62 |       0 | 97.53 | 178.47 | 4911.01 |  2002 |   1
 ationationeinganti                                 | eing       | 35709      | 674             | Main East          | Oakdale              | 89584      | 722             | Smith 7th          | Mountain View   | 54466      |  2001 |   1 |  5.83 |   6.12 |       0 |    11 |  21.67 |       0 |  2002 |   1
 ationationeinganti                                 | eing       | 35709      | 147             | Cherry             | Woodlawn             | 24098      | 709             | Walnut Willow      | Oakwood         | 40169      |  2001 |   1 |  39.4 |  61.85 |       0 |    11 |  21.67 |       0 |  2002 |   1
 ationationeinganti                                 | eing       | 35709      | 146             | Fourth             | Sunnyside            | 02552      | 696             | Walnut             | Lakeside        | 89532      |  2001 |   1 | 74.33 | 136.02 |       0 |    11 |  21.67 |       0 |  2002 |   1
 ationationprieseought                              | able       | 35709      | 478             | 4th                | Highland             | 79454      | 351             | 8th Walnut         | Clinton         | 58222      |  2001 |   1 | 74.71 | 108.32 |  520.56 | 17.72 |  21.44 |       0 |  2002 |   1
 ationationprieseought                              | able       | 35709      | 478             | 4th                | Highland             | 79454      | 351             | 8th Walnut         | Clinton         | 58222      |  2001 |   1 | 74.71 | 108.32 |  520.56 | 19.54 |  25.59 |       0 |  2002 |   1
 ationationprieseought                              | bar        | 31904      | 537             | Sunset             | Richardson           | 37687      | 490             | Lakeview Third     | Farmington      | 49145      |  2001 |   1 | 45.45 |  54.99 |       0 | 37.37 |  44.47 |       0 |  2002 |   1
 ationationprieseought                              | eing       | 35709      | 514             | 12th               | Ashley               | 34324      | 71              | 3rd Hill           | Sawyer          | 66045      |  2001 |   1 | 30.01 |  57.61 |       0 |  67.3 | 114.41 |       0 |  2002 |   1
 ationationprieseought                              | eing       | 35709      | 421             | Church             | Red Hill             | 14338      |                 | Lake West          | Union           |            |  2001 |   1 | 95.74 | 146.48 |    2.48 |  67.3 | 114.41 |       0 |  2002 |   1
 ationationprieseought                              | eing       | 35709      | 952             | Johnson            | Red Hill             | 34338      | 846             | Sunset First       | Jackson         | 69583      |  2001 |   1 | 99.21 | 156.75 |       0 |  67.3 | 114.41 |       0 |  2002 |   1
 ationationprieseought                              | ought      | 31904      | 858             | Fifth              | Johnsonville         | 77745      | 397             | Washington         | Summit          | 80499      |  2001 |   1 | 35.24 |  48.27 |       0 | 42.32 |  79.13 |       0 |  2002 |   1
 ationbarationation                                 | eing       | 35709      | 952             | 3rd                | Sunnyside            | 71952      | 102             | 2nd Dogwood        | Woodland Park   | 21934      |  2001 |   1 |   7.6 |   7.75 |       0 | 74.61 | 119.37 |       0 |  2002 |   1
 ationbarationation                                 | eing       | 35709      | 671             | Meadow Maple       | Newtown              | 41749      | 881             | Fourth             | Harmony         | 55804      |  2001 |   1 | 14.01 |  20.31 |       0 | 74.61 | 119.37 |       0 |  2002 |   1
 ationbarationeing                                  | ation      | 31904      | 221             | 12th               | Lakeview             | 78579      | 170             | Washington         | Shiloh          | 59275      |  2001 |   1 | 38.64 |  50.23 |       0 | 55.34 |  93.52 |       0 |  2002 |   1
 ationbarationeing                                  | ation      | 31904      | 221             | 12th               | Lakeview             | 78579      | 170             | Washington         | Shiloh          | 59275      |  2001 |   1 | 38.64 |  50.23 |       0 | 88.68 | 144.54 |       0 |  2002 |   1
 ationbarationeing                                  | ation      | 31904      | 930             | 13th Center        | Arlington            | 46557      | 788             | 7th                | New Hope        | 29431      |  2001 |   1 | 71.44 | 110.73 |       0 | 55.34 |  93.52 |       0 |  2002 |   1
 ationbarationeing                                  | ation      | 31904      | 930             | 13th Center        | Arlington            | 46557      | 788             | 7th                | New Hope        | 29431      |  2001 |   1 | 71.44 | 110.73 |       0 | 88.68 | 144.54 |       0 |  2002 |   1
 ationbarationeing                                  | eing       | 35709      | 637             | 10th 2nd           | Woodlawn             | 44098      | 773             | Locust Elm         | Oak Ridge       | 78371      |  2001 |   1 | 52.53 | 105.06 |       0 | 72.03 |  86.43 |       0 |  2002 |   1
 ationbarationeing                                  | eing       | 35709      | 53              | Second             | Clifton              | 48014      | 613             | 4th                | Fairfield       | 56192      |  2001 |   1 | 89.08 | 129.16 | 2739.99 | 72.03 |  86.43 |       0 |  2002 |   1
 ationbarationeing                                  | ese        | 31904      | 497             | 2nd                | Red Hill             | 24338      | 775             | Hickory Main       | Brownsville     | 79310      |  2001 |   1 | 71.99 |  105.1 |       0 | 33.83 |  67.32 |       0 |  2002 |   1
 ationbarationeing                                  | ese        | 31904      | 497             | 2nd                | Red Hill             | 24338      | 775             | Hickory Main       | Brownsville     | 79310      |  2001 |   1 | 71.99 |  105.1 |       0 | 48.29 |  79.19 |       0 |  2002 |   1
 ationbareingpriought                               | ation      | 31904      | 849             | Hill Third         | Jackson              | 89583      | 644             | Walnut             | Summit          | 50499      |  2001 |   1 | 26.56 |  39.84 |       0 |  1.29 |   1.96 |       0 |  2002 |   1
 ationbareingpriought                               | ation      | 31904      | 849             | Hill Third         | Jackson              | 89583      | 644             | Walnut             | Summit          | 50499      |  2001 |   1 | 26.56 |  39.84 |       0 | 37.54 |   48.8 |       0 |  2002 |   1
 ationbareingpriought                               | ation      | 31904      | 156             | View Mill          | Cedar Grove          | 20411      | 96              | Main Lakeview      | Oakland         | 99843      |  2001 |   1 | 57.49 |  90.83 |       0 |  1.29 |   1.96 |       0 |  2002 |   1
 ationbareingpriought                               | ation      | 31904      | 156             | View Mill          | Cedar Grove          | 20411      | 96              | Main Lakeview      | Oakland         | 99843      |  2001 |   1 | 57.49 |  90.83 |       0 | 37.54 |   48.8 |       0 |  2002 |   1
 ationbareingpriought                               | bar        | 31904      | 118             | 6th Fourteenth     | Wildwood             | 36871      | 918             | Second             | Greenfield      | 75038      |  2001 |   1 | 54.05 | 107.55 |       0 | 63.84 | 111.08 |       0 |  2002 |   1
 ationbareingpriought                               | bar        | 31904      | 118             | 6th Fourteenth     | Wildwood             | 36871      | 918             | Second             | Greenfield      | 75038      |  2001 |   1 | 54.05 | 107.55 |       0 | 66.61 | 124.56 |       0 |  2002 |   1
 ationbareingpriought                               | eing       | 35709      | 768             | Miller Cedar       | Marion               | 30399      | 536             | Main Main          | Riverside       | 59231      |  2001 |   1 | 44.92 |     53 |       0 | 22.06 |  25.81 |       0 |  2002 |   1
 ationbareingpriought                               | eing       | 35709      | 768             | Miller Cedar       | Marion               | 30399      | 536             | Main Main          | Riverside       | 59231      |  2001 |   1 | 44.92 |     53 |       0 | 89.92 | 170.84 |       0 |  2002 |   1
 ationbareingpriought                               | eing       | 35709      | 81              | 11th 1st           | Belmont              | 30191      | 24              | Johnson            | Clifton         | 68014      |  2001 |   1 | 57.48 |  67.25 |       0 | 22.06 |  25.81 |       0 |  2002 |   1
 ationbareingpriought                               | eing       | 35709      | 81              | 11th 1st           | Belmont              | 30191      | 24              | Johnson            | Clifton         | 68014      |  2001 |   1 | 57.48 |  67.25 |       0 | 89.92 | 170.84 |       0 |  2002 |   1
 ationbareingpriought                               | eing       | 35709      | 472             | Central            | Greenwood            | 68828      | 614             | Miller Park        | Riverdale       | 09991      |  2001 |   1 | 83.57 |   84.4 |  1336.8 | 22.06 |  25.81 |       0 |  2002 |   1
 ationbareingpriought                               | eing       | 35709      | 472             | Central            | Greenwood            | 68828      | 614             | Miller Park        | Riverdale       | 09991      |  2001 |   1 | 83.57 |   84.4 |  1336.8 | 89.92 | 170.84 |       0 |  2002 |   1
 ationcallyableation                                | ese        | 31904      | 396             | Maple Hill         | Forestville          | 33027      | 964             | Main               | Taft            | 01189      |  2001 |   1 | 77.16 | 101.07 |       0 | 68.25 | 124.89 |       0 |  2002 |   1
 ationcallyantiese                                  | bar        | 31904      | 795             | 2nd West           | Lincoln              | 41289      | 487             | 3rd                | Jamestown       | 66867      |  2001 |   1 | 36.44 |  49.55 |       0 | 48.88 |  93.36 |       0 |  2002 |   1
 ationcallyoughtpriought                            | ese        | 31904      | 454             | Ridge 1st          | Springfield          | 49303      | 986             | 4th                | Clinton         | 18222      |  2001 |   1 | 97.79 | 124.19 |       0 | 22.23 |  42.45 |       0 |  2002 |   1
 ationeingableeing                                  | bar        | 31904      | 845             | Maple              | Macedonia            | 51087      | 731             | Sixth Sixth        | Williamsville   | 28754      |  2001 |   1 | 25.14 |  41.48 |       0 | 53.19 |  86.69 |       0 |  2002 |   1
 ationeingableeing                                  | bar        | 31904      | 348             | Smith Second       | Hopewell             | 40587      | 210             | 8th                | Pine Grove      | 34593      |  2001 |   1 |    57 |   85.5 |       0 | 53.19 |  86.69 |       0 |  2002 |   1
 ationeingcallyese                                  | able       | 35709      | 434             | 15th Adams         | Bayview              | 39672      | 982             | Walnut Walnut      | Shiloh          | 29275      |  2001 |   1 | 27.91 |  29.58 |       0 |  1.92 |   2.76 |    9.49 |  2002 |   1
 ationeingcallyese                                  | able       | 35709      | 434             | 15th Adams         | Bayview              | 39672      | 982             | Walnut Walnut      | Shiloh          | 29275      |  2001 |   1 | 27.91 |  29.58 |       0 | 59.12 |        |       0 |  2002 |   1
 ationeingcallyese                                  | ation      | 31904      | 125             | Railroad           | Fowler               | 61083      | 518             | East               | Midway          | 11904      |  2001 |   1 | 19.13 |  27.35 |       0 | 70.97 | 124.19 |       0 |  2002 |   1
 ationeingcallyese                                  | ation      | 31904      | 889             | Birch              | Clifton              | 28014      | 311             | 11th               | Greenville      | 71387      |  2001 |   1 | 19.72 |     28 |       0 | 70.97 | 124.19 |       0 |  2002 |   1
 ationeingcallyese                                  | eing       | 35709      | 839             | Johnson            | Oakdale              | 69584      | 948             | Birch Center       | Five Points     | 66098      |  2001 |   1 | 29.78 |  42.28 |       0 | 27.15 |  35.83 |       0 |  2002 |   1
 ationeingn stpri                                   | bar        | 31904      | 519             | 7th Sunset         | Arlington            | 56557      | 251             | 14th               | Jamestown       | 76867      |  2001 |   1 |  8.18 |  16.19 |   88.97 | 71.31 | 134.06 |       0 |  2002 |   1
 ationeingn stpri                                   | bar        | 31904      | 519             | 7th Sunset         | Arlington            | 56557      | 251             | 14th               | Jamestown       | 76867      |  2001 |   1 |  8.18 |  16.19 |   88.97 | 76.24 | 150.95 |       0 |  2002 |   1
 ationeseationn st                                  | able       | 35709      | 68              | Fourth College     | Highland             | 79454      | 879             | Spring             | Mount Zion      | 58054      |  2001 |   1 | 12.95 |  16.05 |       0 | 96.87 | 140.46 |       0 |  2002 |   1
 ationeseationn st                                  | able       | 35709      | 526             | Cherry             | Mount Vernon         | 58482      |                 |                    |                 | 26557      |  2001 |   1 | 96.74 | 124.79 |       0 | 96.87 | 140.46 |       0 |  2002 |   1
 ationeseationn st                                  | eing       | 35709      | 553             | Fourth             | Clifton              | 98014      | 751             | Park               | Greenwood       | 78828      |  2001 |   1 |  17.5 |  20.47 |       0 | 45.26 |  70.15 |     224 |  2002 |   1
 ationeseationn st                                  | eing       | 35709      | 898             | Fourth Lakeview    |                      | 38883      | 390             | Jackson Valley     | Sunnyside       | 41952      |  2001 |   1 |  89.6 | 162.17 |       0 | 45.26 |  70.15 |     224 |  2002 |   1
 ationn stablecally                                 | bar        | 31904      | 560             | Smith Green        | Gilmore              | 15464      | 872             | Elm Washington     | Shady Grove     | 62812      |  2001 |   1 | 14.01 |  16.39 |   206.8 | 11.15 |   22.3 |       0 |  2002 |   1
 ationn stablecally                                 | bar        | 31904      | 487             | View Sunset        | Willow               | 76798      | 613             | Broadway           | Bethel          | 65281      |  2001 |   1 |  21.1 |  23.84 |   41.52 | 11.15 |   22.3 |       0 |  2002 |   1
 ationn stcallyanti                                 | able       | 35709      | 265             | Madison            | Shady Grove          | 22812      | 439             | Cherry             | Fairfield       | 86192      |  2001 |   1 | 56.75 |  76.61 |       0 | 22.34 |  37.53 |       0 |  2002 |   1
 ationn stcallyanti                                 | able       | 35709      | 295             | Fifth              | Edgewood             | 40069      | 749             | 8th                | Arlington       | 66557      |  2001 |   1 |  62.6 |  99.53 |       0 | 22.34 |  37.53 |       0 |  2002 |   1
 ationn stcallyanti                                 | eing       | 35709      | 120             | Park Third         | Marion               | 30399      | 726             | Lee Maple          | Lakewood        | 58877      |  2001 |   1 | 91.33 |  95.89 |       0 | 29.08 |  32.27 |       0 |  2002 |   1
 ationn stcallypri                                  | able       | 35709      | 619             | 6th Jackson        | Riverview            | 89003      | 504             | Hillcrest          | Highland Park   | 66534      |  2001 |   1 | 84.92 | 119.73 | 1136.16 |   5.9 |  10.08 |       0 |  2002 |   1
 ationn stcallypri                                  | able       | 35709      | 412             | East               | Pleasant Valley      | 62477      | 62              | Lake Center        | Brownsville     | 49310      |  2001 |   1 | 85.48 | 164.97 |       0 |   5.9 |  10.08 |       0 |  2002 |   1
 ationn stcallypri                                  | ation      | 31904      | 971             | 15th Smith         | Buena Vista          | 65752      | 277             | Hill               | Oakdale         | 19584      |  2001 |   1 | 63.12 | 104.77 |       0 | 12.16 |  18.84 |       0 |  2002 |   1
 ationn stcallypri                                  | ation      | 31904      | 986             | Cedar              | Colonial Heights     | 53425      | 471             | Cedar              | Plainview       | 63683      |  2001 |   1 | 79.61 | 105.08 |       0 | 12.16 |  18.84 |       0 |  2002 |   1
 ationn stcallypri                                  | ation      | 31904      | 172             | Ash Cherry         | Newtown              | 51749      | 440             | Wilson Wilson      | Liberty         | 73451      |  2001 |   1 | 80.91 | 127.02 |       0 | 12.16 |  18.84 |       0 |  2002 |   1
 ationn stcallypri                                  | ation      | 31904      | 316             | Center             | Macedonia            | 71087      | 108             | Mill Washington    | Denmark         | 55576      |  2001 |   1 | 86.65 | 118.71 |  187.49 | 12.16 |  18.84 |       0 |  2002 |   1
 ationn steseable                                   | bar        | 31904      | 234             | Oak 7th            | Forest Hills         | 69237      | 764             | Cedar Ridge        | Midway          | 02504      |  2001 |   1 | 66.15 |   97.9 |       0 | 19.88 |  38.76 |       0 |  2002 |   1
 ationn steseable                                   | bar        | 31904      | 234             | Oak 7th            | Forest Hills         | 69237      | 764             | Cedar Ridge        | Midway          | 02504      |  2001 |   1 | 66.15 |   97.9 |       0 | 40.39 |  45.64 | 2305.02 |  2002 |   1
 ationn steseable                                   | bar        | 31904      | 234             | Oak 7th            | Forest Hills         | 69237      | 764             | Cedar Ridge        | Midway          | 02504      |  2001 |   1 | 66.15 |   97.9 |       0 | 54.36 |  70.66 |       0 |  2002 |   1
 ationn steseable                                   | bar        | 31904      | 234             | Oak 7th            | Forest Hills         | 69237      | 764             | Cedar Ridge        | Midway          | 02504      |  2001 |   1 | 66.15 |   97.9 |       0 | 79.24 | 120.44 |       0 |  2002 |   1
 ationn steseable                                   | eing       | 35709      | 569             | Ridge Sunset       | Spring Valley        | 46060      | 400             | Lee                | Green Acres     | 57683      |  2001 |   1 | 52.22 |  96.08 |       0 | 68.88 |  110.2 |       0 |  2002 |   1
 ationn steseable                                   | eing       | 35709      | 569             | Ridge Sunset       | Spring Valley        | 46060      | 400             | Lee                | Green Acres     | 57683      |  2001 |   1 | 52.22 |  96.08 |       0 | 78.84 |  90.66 |       0 |  2002 |   1
 ationn steseable                                   | ese        | 31904      | 417             | Fourth             | Scottsville          | 84190      | 744             | Mill               | Mount Pleasant  | 51933      |  2001 |   1 |  6.93 |   6.93 |       0 | 16.68 |  20.18 |    76.4 |  2002 |   1
 ationn steseable                                   | ese        | 31904      | 283             | College Fourth     | Oak Ridge            | 58371      | 75              | Hickory            | Stringtown      | 40162      |  2001 |   1 | 18.24 |  18.96 |       0 | 16.68 |  20.18 |    76.4 |  2002 |   1
 ationn steseationought                             | ation      | 31904      | 478             | Broadway Valley    | Cedar Grove          | 60411      | 840             | 8th                | Centerville     | 80059      |  2001 |   1 | 93.51 | 168.31 |       0 | 24.95 |  36.42 |       0 |  2002 |   1
 ationn steseationought                             | ation      | 31904      | 478             | Broadway Valley    | Cedar Grove          | 60411      | 840             | 8th                | Centerville     | 80059      |  2001 |   1 | 93.51 | 168.31 |       0 | 43.76 |  84.01 |       0 |  2002 |   1
 ationn steseationought                             | eing       | 35709      | 338             | 6th                | Oakland              | 49843      | 413             | Central Lincoln    | Pine Grove      | 74593      |  2001 |   1 |  3.91 |   7.15 |       0 |  3.19 |   4.75 |       0 |  2002 |   1
 ationn steseationought                             | eing       | 35709      | 338             | 6th                | Oakland              | 49843      | 413             | Central Lincoln    | Pine Grove      | 74593      |  2001 |   1 |  3.91 |   7.15 |       0 |  69.6 | 136.41 |       0 |  2002 |   1
 ationn steseationought                             | eing       | 35709      | 156             | View 7th           | Midway               | 21904      | 595             | Second 4th         | Mount Olive     | 98059      |  2001 |   1 | 14.71 |     15 |   96.55 |  3.19 |   4.75 |       0 |  2002 |   1
 ationn steseationought                             | eing       | 35709      | 156             | View 7th           | Midway               | 21904      | 595             | Second 4th         | Mount Olive     | 98059      |  2001 |   1 | 14.71 |     15 |   96.55 |  69.6 | 136.41 |       0 |  2002 |   1
 ationn steseationought                             | eing       | 35709      | 556             | Fifteenth 7th      | Calhoun              | 46909      | 460             | South              | Star            | 90725      |  2001 |   1 | 70.28 | 119.47 |       0 |  3.19 |   4.75 |       0 |  2002 |   1
 ationn steseationought                             | eing       | 35709      | 556             | Fifteenth 7th      | Calhoun              | 46909      | 460             | South              | Star            | 90725      |  2001 |   1 | 70.28 | 119.47 |       0 |  69.6 | 136.41 |       0 |  2002 |   1
 ationn stoughtanti                                 | ation      | 31904      | 182             | Sixth              | Bunker Hill          | 80150      | 444             | Dogwood            | Unionville      | 21711      |  2001 |   1 | 50.67 |  93.23 |       0 | 48.21 |  58.81 |       0 |  2002 |   1
 ationn stoughtanti                                 | ation      | 31904      | 182             | Sixth              | Bunker Hill          | 80150      | 444             | Dogwood            | Unionville      | 21711      |  2001 |   1 | 50.67 |  93.23 |       0 | 62.39 | 124.78 |       0 |  2002 |   1
 ationn stoughtanti                                 | ation      | 31904      | 866             | Central            | Mount Zion           | 88054      | 975             | 13th Forest        | Greenwood       | 78828      |  2001 |   1 | 91.32 | 177.16 |       0 | 48.21 |  58.81 |       0 |  2002 |   1
 ationn stoughtanti                                 | ation      | 31904      | 866             | Central            | Mount Zion           | 88054      | 975             | 13th Forest        | Greenwood       | 78828      |  2001 |   1 | 91.32 | 177.16 |       0 | 62.39 | 124.78 |       0 |  2002 |   1
 ationoughtableoughtought                           | ese        | 31904      | 344             | 1st Hickory        | Highland             | 29454      | 696             | Hill               | Lakeview        | 98579      |  2001 |   1 | 29.65 |   33.8 |       0 | 38.62 |  48.27 |     0.3 |  2002 |   1
 ationoughtationn st                                | ese        | 31904      | 160             | Spring Birch       | Lakewood             | 38877      | 150             | Meadow             | Mount Pleasant  | 21933      |  2001 |   1 | 65.12 |   81.4 |       0 | 85.24 |  107.4 |       0 |  2002 |   1
 ationoughtationn st                                | ought      | 31904      | 100             | Walnut             | Hamilton             | 52808      | 74              | Cedar              | Mount Vernon    | 58482      |  2001 |   1 |  36.5 |  55.84 | 1673.99 | 54.38 |  66.88 |       0 |  2002 |   1
 ationoughtationn st                                | ought      | 31904      | 100             | Walnut             | Hamilton             | 52808      | 74              | Cedar              | Mount Vernon    | 58482      |  2001 |   1 |  36.5 |  55.84 | 1673.99 | 92.11 | 168.56 |       0 |  2002 |   1
 ationoughtationn st                                | ought      | 31904      | 345             | Cedar Jefferson    | Washington Heights   | 58167      | 892             |                    |                 | 45888      |  2001 |   1 | 54.85 |  69.11 |  192.13 | 54.38 |  66.88 |       0 |  2002 |   1
 ationoughtationn st                                | ought      | 31904      | 345             | Cedar Jefferson    | Washington Heights   | 58167      | 892             |                    |                 | 45888      |  2001 |   1 | 54.85 |  69.11 |  192.13 | 92.11 | 168.56 |       0 |  2002 |   1
 ationoughtbareseought                              | able       | 35709      | 321             | Locust Ash         | Riverview            | 39003      | 592             | 1st                | Saratoga        | 52123      |  2001 |   1 | 10.74 |  17.72 |       0 |  45.6 |  57.45 |       0 |  2002 |   1
 ationoughtbareseought                              | eing       | 35709      | 179             | North 4th          | Wilson               | 76971      | 39              | 6th Williams       | Mount Pleasant  | 71933      |  2001 |   1 | 96.39 |  101.2 |       0 | 32.24 |   61.9 |       0 |  2002 |   1
 ationoughtbareseought                              | ought      | 31904      | 491             | Third Cedar        | Yorktown             | 40732      | 955             | Railroad           | Summit          | 70499      |  2001 |   1 | 17.44 |  29.29 |       0 |  78.9 |   78.9 |       0 |  2002 |   1
 ationoughtcallybarought                            | bar        | 31904      | 727             | Eigth Lee          | Lakewood             | 58877      | 282             | West               | Union Hill      | 57746      |  2001 |   1 | 84.92 | 106.15 |       0 | 53.27 |  87.36 |  274.83 |  2002 |   1
 ationoughtcallybarought                            | bar        | 31904      | 727             | Eigth Lee          | Lakewood             | 58877      | 282             | West               | Union Hill      | 57746      |  2001 |   1 | 84.92 | 106.15 |       0 | 63.49 |  70.47 |       0 |  2002 |   1
 ationoughtcallybarought                            | ese        | 31904      |                 | Lincoln            |                      |            | 353             | 8th                | Five Forks      | 12293      |  2001 |   1 | 10.31 |  10.72 |       0 | 83.42 | 115.95 |       0 |  2002 |   1
 ationoughteingpri                                  | able       | 35709      | 654             | Washington         | Salem                | 38048      |                 |                    |                 | 76060      |  2001 |   1 | 18.96 |  26.54 |       0 | 45.88 |  61.93 |       0 |  2002 |   1
 ationoughteingpri                                  | able       | 35709      | 654             | Washington         | Salem                | 38048      |                 |                    |                 | 76060      |  2001 |   1 | 18.96 |  26.54 |       0 |  59.5 |  77.35 |       0 |  2002 |   1
 ationoughteingpri                                  | able       | 35709      | 654             | Washington         | Salem                | 38048      |                 |                    |                 | 76060      |  2001 |   1 | 18.96 |  26.54 |       0 | 67.22 |   94.1 |       0 |  2002 |   1
 ationoughteingpri                                  | able       | 35709      | 654             | Washington         | Salem                | 38048      |                 |                    |                 | 76060      |  2001 |   1 | 18.96 |  26.54 |       0 | 84.25 | 112.89 |       0 |  2002 |   1
 ationoughteingpri                                  | able       | 35709      | 654             | Washington         | Salem                | 38048      |                 |                    |                 | 76060      |  2001 |   1 | 18.96 |  26.54 |       0 |  98.3 | 182.83 |       0 |  2002 |   1
 ationoughteingpri                                  | able       | 35709      | 728             | 3rd                | Woodland             | 34854      | 432             | Washington Green   | Sulphur Springs | 68354      |  2001 |   1 |  46.1 |  53.47 |       0 | 45.88 |  61.93 |       0 |  2002 |   1
 ationoughteingpri                                  | able       | 35709      | 728             | 3rd                | Woodland             | 34854      | 432             | Washington Green   | Sulphur Springs | 68354      |  2001 |   1 |  46.1 |  53.47 |       0 |  59.5 |  77.35 |       0 |  2002 |   1
 ationoughteingpri                                  | able       | 35709      | 728             | 3rd                | Woodland             | 34854      | 432             | Washington Green   | Sulphur Springs | 68354      |  2001 |   1 |  46.1 |  53.47 |       0 | 67.22 |   94.1 |       0 |  2002 |   1
 ationoughteingpri                                  | able       | 35709      | 728             | 3rd                | Woodland             | 34854      | 432             | Washington Green   | Sulphur Springs | 68354      |  2001 |   1 |  46.1 |  53.47 |       0 | 84.25 | 112.89 |       0 |  2002 |   1
 ationoughteingpri                                  | able       | 35709      | 728             | 3rd                | Woodland             | 34854      | 432             | Washington Green   | Sulphur Springs | 68354      |  2001 |   1 |  46.1 |  53.47 |       0 |  98.3 | 182.83 |       0 |  2002 |   1
 ationoughteingpri                                  | ation      | 31904      | 930             | First Center       | Wilson               | 76971      | 879             | Maple River        | Cedar Grove     | 70411      |  2001 |   1 | 43.55 |  52.26 |       0 |  6.66 |   7.19 |     179 |  2002 |   1
 ationoughteingpri                                  | ation      | 31904      | 930             | First Center       | Wilson               | 76971      | 879             | Maple River        | Cedar Grove     | 70411      |  2001 |   1 | 43.55 |  52.26 |       0 | 21.85 |   34.3 |       0 |  2002 |   1
 ationoughteingpri                                  | ation      | 31904      | 930             | First Center       | Wilson               | 76971      | 879             | Maple River        | Cedar Grove     | 70411      |  2001 |   1 | 43.55 |  52.26 |       0 | 81.24 | 124.29 |       0 |  2002 |   1
 ationoughteingpri                                  | bar        | 31904      | 481             | Meadow             | Newtown              | 31749      | 968             | 3rd Washington     | Farmington      | 49145      |  2001 |   1 | 61.73 | 109.87 |  1322.3 | 80.03 | 132.84 |       0 |  2002 |   1
 ationoughteingpri                                  | bar        | 31904      | 481             | Meadow             | Newtown              | 31749      | 968             | 3rd Washington     | Farmington      | 49145      |  2001 |   1 | 61.73 | 109.87 |  1322.3 | 90.18 | 163.22 |       0 |  2002 |   1
 ationoughtn stcallyought                           | ation      | 31904      | 899             | Pine Madison       | Arlington            | 76557      | 670             | Hickory Main       | Glendale        | 43951      |  2001 |   1 | 52.55 |  93.53 |       0 | 54.45 |  92.02 |       0 |  2002 |   1
 ationoughtn stcallyought                           | ought      | 31904      | 581             | North              | Antioch              | 58605      | 513             | Oak                | Phoenix         | 92276      |  2001 |   1 | 11.06 |  20.01 |       0 | 57.04 | 111.22 |       0 |  2002 |   1
 ationoughtn stese                                  | able       | 35709      | 766             | 7th                | Ridgeville           | 59306      | 571             | Sycamore Franklin  | Friendship      | 54536      |  2001 |   1 |   4.7 |    9.3 |       0 | 36.87 |   67.1 |  157.61 |  2002 |   1
 ationoughtn stese                                  | able       | 35709      | 766             | 7th                | Ridgeville           | 59306      | 571             | Sycamore Franklin  | Friendship      | 54536      |  2001 |   1 |   4.7 |    9.3 |       0 | 75.83 |  84.17 |       0 |  2002 |   1
 ationoughtn stese                                  | able       | 35709      | 766             | 7th                | Ridgeville           | 59306      | 571             | Sycamore Franklin  | Friendship      | 54536      |  2001 |   1 |   4.7 |    9.3 |       0 | 99.64 | 124.55 |       0 |  2002 |   1
 ationoughtn stoughtought                           | able       | 35709      | 868             | Madison Elm        | Pleasant Valley      | 32477      | 877             | Jackson            | Bethel          | 55281      |  2001 |   1 | 53.52 |  94.19 | 6860.22 |  90.5 | 111.31 |       0 |  2002 |   1
 ationoughtn stoughtought                           | ese        | 31904      | 905             | Lee 6th            | Oakwood              | 50169      |                 | Fifth              | Maple Grove     | 88252      |  2001 |   1 | 97.04 | 125.18 |       0 | 24.48 |  39.41 |       0 |  2002 |   1
 ationoughtn stoughtought                           | ese        | 31904      | 905             | Lee 6th            | Oakwood              | 50169      |                 | Fifth              | Maple Grove     | 88252      |  2001 |   1 | 97.04 | 125.18 |       0 | 55.01 | 100.11 |       0 |  2002 |   1
 ationpriantin st                                   | able       | 35709      | 862             | Fifteenth          | Ferguson             | 71821      | 703             | Hill               | Newtown         | 11749      |  2001 |   1 | 35.74 |  61.11 |       0 | 60.64 | 103.08 |       0 |  2002 |   1
 ationpriantin st                                   | ation      | 31904      | 186             | Spring Highland    | Spring Hill          | 76787      | 909             | Johnson Broadway   | Clifton         | 18014      |  2001 |   1 | 84.41 | 126.61 |       0 | 12.07 |  22.69 |       0 |  2002 |   1
 ationpriantin st                                   | ation      | 31904      | 186             | Spring Highland    | Spring Hill          | 76787      | 909             | Johnson Broadway   | Clifton         | 18014      |  2001 |   1 | 84.41 | 126.61 |       0 | 62.77 | 109.21 |       0 |  2002 |   1
 ationpriantin st                                   | ought      | 31904      | 470             | 11th First         | Ashland              | 54244      | 864             | Eigth Elm          | Franklin        | 79101      |  2001 |   1 | 73.33 |  73.33 |       0 | 46.19 |  49.88 |       0 |  2002 |   1
 ationprieseable                                    | able       | 35709      | 22              | Chestnut           | Lakeville            | 28811      | 90              | Hill 5th           | Lebanon         | 62898      |  2001 |   1 | 55.35 |  84.68 |   46.47 | 37.45 |  62.16 |  281.66 |  2002 |   1
 ationprieseable                                    | ation      | 31904      | 589             | Johnson            | Forest Hills         | 69237      | 466             | 3rd 8th            | Riverdale       | 39391      |  2001 |   1 | 69.02 | 111.12 |       0 | 83.16 | 157.17 |       0 |  2002 |   1
 ationpriesecallyought                              | able       | 35709      | 215             | Second             | Deerfield            | 49840      | 739             | Center Cedar       | Georgetown      | 47057      |  2001 |   1 | 41.16 |  73.26 |       0 |  60.2 | 111.37 |       0 |  2002 |   1
 ationprieseese                                     | ation      | 31904      | 797             | Lee                | Oak Grove            | 68370      | 161             | 1st                | Sunnyside       | 51952      |  2001 |   1 | 68.97 | 104.83 |       0 |  7.01 |  14.02 |       0 |  2002 |   1
 ationprieseese                                     | ought      | 31904      | 706             | Hill               | Edgewood             | 80069      | 766             | 4th Oak            | Florence        | 33394      |  2001 |   1 | 65.08 |  80.69 | 2839.76 | 23.86 |  44.37 |       0 |  2002 |   1
 n stableableableought                              | bar        | 31904      | 754             | Franklin 9th       | Mount Vernon         | 28482      | 50              | Maple              | Greenfield      | 35038      |  2001 |   1 | 15.22 |  24.35 |       0 |  4.72 |   6.93 |       0 |  2002 |   1
 n stableableableought                              | bar        | 31904      | 754             | Franklin 9th       | Mount Vernon         | 28482      | 50              | Maple              | Greenfield      | 35038      |  2001 |   1 | 15.22 |  24.35 |       0 | 67.11 | 104.02 | 6089.86 |  2002 |   1
 n stableableantiought                              | bar        | 31904      | 513             | 1st                | Oak Grove            | 38370      | 680             | Miller             | Clinton         | 78222      |  2001 |   1 | 36.31 |  36.31 |       0 |  42.3 |  45.26 |       0 |  2002 |   1
 n stableableantiought                              | bar        | 31904      | 513             | 1st                | Oak Grove            | 38370      | 680             | Miller             | Clinton         | 78222      |  2001 |   1 | 36.31 |  36.31 |       0 | 94.12 | 138.35 |  3030.1 |  2002 |   1
 n stableableantiought                              | bar        | 31904      | 731             | Johnson Walnut     | Union                | 48721      | 825             | Davis Valley       | Edgewood        | 50069      |  2001 |   1 | 36.93 |   51.7 |       0 |  42.3 |  45.26 |       0 |  2002 |   1
 n stableableantiought                              | bar        | 31904      | 731             | Johnson Walnut     | Union                | 48721      | 825             | Davis Valley       | Edgewood        | 50069      |  2001 |   1 | 36.93 |   51.7 |       0 | 94.12 | 138.35 |  3030.1 |  2002 |   1
 n stableableantiought                              | bar        | 31904      | 338             | Center Sixth       | Wyoming              | 20216      | 941             | 14th River         | Greenville      | 81387      |  2001 |   1 | 77.49 | 125.53 |       0 |  42.3 |  45.26 |       0 |  2002 |   1
 n stableableantiought                              | bar        | 31904      | 338             | Center Sixth       | Wyoming              | 20216      | 941             | 14th River         | Greenville      | 81387      |  2001 |   1 | 77.49 | 125.53 |       0 | 94.12 | 138.35 |  3030.1 |  2002 |   1
 n stableantipri                                    | bar        | 31904      | 661             | Jefferson 3rd      | Highland             | 29454      | 990             | Spring             | Bloomingdale    | 21824      |  2001 |   1 |  47.8 |  68.35 |       0 | 33.02 |  42.26 |   218.4 |  2002 |   1
 n stableantipri                                    | bar        | 31904      | 62              | West Pine          | Mountain View        | 64466      | 921             | East 2nd           | Philadelphia    | 25591      |  2001 |   1 | 79.06 |  79.85 |       0 | 33.02 |  42.26 |   218.4 |  2002 |   1
 n stableantipri                                    | eing       | 35709      | 197             | Lake               | Hillcrest            | 93003      | 448             | 7th                |                 |            |  2001 |   1 | 47.07 |  91.78 |       0 | 21.75 |  32.19 |       0 |  2002 |   1
 n stablebaranti                                    | ation      | 31904      | 885             | 6th                | Pine Grove           | 94593      | 441             | Pine Sunset        | Hopewell        | 40587      |  2001 |   1 | 19.08 |   24.8 |       0 | 38.87 |  56.75 |       0 |  2002 |   1
 n stablebarcallyought                              | ese        | 31904      | 461             | Pine 2nd           | Mount Zion           | 18054      | 263             | Park               | Clinton         | 28222      |  2001 |   1 |   2.7 |   4.29 |   19.78 |  2.66 |   3.24 |       0 |  2002 |   1
 n stableeingationought                             | bar        | 31904      | 952             | Central            | Cedar Grove          | 50411      | 459             | Spruce 4th         | Forest Hills    | 59237      |  2001 |   1 | 50.38 |  84.13 |       0 | 58.59 |  66.79 |       0 |  2002 |   1
 n stableeingationought                             | bar        | 31904      | 952             | Central            | Cedar Grove          | 50411      | 459             | Spruce 4th         | Forest Hills    | 59237      |  2001 |   1 | 50.38 |  84.13 |       0 | 65.37 | 117.01 |  611.02 |  2002 |   1
 n stableeingationought                             | bar        | 31904      | 952             | Central            | Cedar Grove          | 50411      | 459             | Spruce 4th         | Forest Hills    | 59237      |  2001 |   1 | 50.38 |  84.13 |       0 |    80 |  128.8 |       0 |  2002 |   1
 n stableeingationought                             | bar        | 31904      | 511             | Second Maple       | Green Acres          | 77683      | 377             | 11th               | Montezuma       | 12150      |  2001 |   1 | 58.65 |  93.25 | 2988.47 | 58.59 |  66.79 |       0 |  2002 |   1
 n stableeingationought                             | bar        | 31904      | 511             | Second Maple       | Green Acres          | 77683      | 377             | 11th               | Montezuma       | 12150      |  2001 |   1 | 58.65 |  93.25 | 2988.47 | 65.37 | 117.01 |  611.02 |  2002 |   1
 n stableeingationought                             | bar        | 31904      | 511             | Second Maple       | Green Acres          | 77683      | 377             | 11th               | Montezuma       | 12150      |  2001 |   1 | 58.65 |  93.25 | 2988.47 |    80 |  128.8 |       0 |  2002 |   1
 n stableeingationought                             | ought      | 31904      | 476             | Cedar Ridge        | Hillcrest            | 93003      | 719             | 2nd Laurel         | Clinton         | 48222      |  2001 |   1 | 12.54 |  20.56 |       0 | 19.52 |  22.44 |       0 |  2002 |   1
 n stableeingationought                             | ought      | 31904      | 955             | Woodland           | Florence             | 83394      |                 | 4th                | Salem           |            |  2001 |   1 | 34.04 |  61.95 |  143.52 | 19.52 |  22.44 |       0 |  2002 |   1
 n stablen steseought                               | ation      | 31904      | 392             | Williams           | Highland             | 79454      | 213             | River              | Bunker Hill     | 80150      |  2001 |   1 |  45.9 |   45.9 |       0 | 92.53 | 114.73 |       0 |  2002 |   1
 n stantiantioughtought                             | able       | 35709      | 485             | Church Miller      | Ellsworth            | 25079      | 101             | 9th                | Newport         | 21521      |  2001 |   1 |    23 |  31.05 |       0 | 75.74 |  87.85 |       0 |  2002 |   1
 n stantiantioughtought                             | able       | 35709      | 940             | Walnut 3rd         | Five Forks           | 12293      | 545             | 13th               | Mount Vernon    | 28482      |  2001 |   1 | 97.91 | 181.13 |       0 | 75.74 |  87.85 |       0 |  2002 |   1
 n stantiantioughtought                             | eing       | 35709      | 753             | Davis              | Hopewell             | 60587      | 84              | Walnut Cedar       | Sunnyside       | 31952      |  2001 |   1 |  96.3 | 157.93 |       0 | 87.19 | 166.53 |       0 |  2002 |   1
 n stantiationpri                                   | able       | 35709      | 14              | Elm West           | Marion               | 60399      | 482             |                    | Highland        |            |  2001 |   1 |  4.61 |   5.07 |       0 | 66.77 |  96.14 | 1085.18 |  2002 |   1
 n stantiationpri                                   | able       | 35709      | 658             | 1st                | Ludlow               | 35566      | 316             | 3rd View           | Woodlawn        | 34098      |  2001 |   1 | 16.24 |  25.17 |       0 | 66.77 |  96.14 | 1085.18 |  2002 |   1
 n stantiationpri                                   | able       | 35709      | 332             | Fifth              | Woodland             | 84854      | 853             | Locust             | Edgewood        | 70069      |  2001 |   1 | 65.29 |  78.34 |       0 | 66.77 |  96.14 | 1085.18 |  2002 |   1
 n stantiationpri                                   | eing       | 35709      | 943             | Oak Highland       | Deerfield            | 69840      | 290             | Lincoln            | Fairbanks       | 66653      |  2001 |   1 | 41.38 |  48.82 |       0 | 81.65 |  88.18 |       0 |  2002 |   1
 n stationantiese                                   | able       | 35709      | 768             | Railroad 2nd       | Clinton              | 98222      | 437             | Davis              | Riverview       | 29003      |  2001 |   1 | 50.74 | 100.46 |       0 | 63.66 |  111.4 |       0 |  2002 |   1
 n stationantiese                                   | able       | 35709      | 768             | Railroad 2nd       | Clinton              | 98222      | 437             | Davis              | Riverview       | 29003      |  2001 |   1 | 50.74 | 100.46 |       0 | 64.52 | 127.74 | 2356.79 |  2002 |   1
 n stationantiese                                   | able       | 35709      | 768             | Railroad 2nd       | Clinton              | 98222      | 437             | Davis              | Riverview       | 29003      |  2001 |   1 | 50.74 | 100.46 |       0 |  66.7 |  68.03 |       0 |  2002 |   1
 n stationantiese                                   | bar        | 31904      | 86              | Meadow 12th        | Wesley               | 71218      | 5               | 4th Walnut         | Stringtown      | 30162      |  2001 |   1 | 27.25 |  40.87 |    75.2 | 99.93 | 127.91 |       0 |  2002 |   1
 n stationationcallyought                           | bar        | 31904      | 613             | Lincoln Railroad   | Antioch              | 68605      | 564             | Maple Smith        | New Hope        | 29431      |  2001 |   1 | 46.33 |  76.44 |       0 | 92.57 | 109.23 |       0 |  2002 |   1
 n stationationcallyought                           | bar        | 31904      | 268             | Sunset Lee         | Louisville           | 74464      | 934             | Valley Church      | Hamilton        | 52808      |  2001 |   1 | 87.15 | 106.32 |       0 | 92.57 | 109.23 |       0 |  2002 |   1
 n stationationcallyought                           | ought      | 31904      | 102             | Cherry             | Sunnyside            | 51952      | 613             | 10th               | Greenwood       | 18828      |  2001 |   1 |  7.14 |  11.92 |  710.09 | 74.33 | 120.41 |  5696.4 |  2002 |   1
 n stationcallyable                                 | able       | 35709      | 119             | Sycamore Hillcrest | Harmony              | 55804      | 379             | View               | Mount Olive     | 78059      |  2001 |   1 | 58.27 |  86.82 |       0 | 38.97 |  58.45 |   98.27 |  2002 |   1
 n stationcallyable                                 | able       | 35709      | 119             | Sycamore Hillcrest | Harmony              | 55804      | 379             | View               | Mount Olive     | 78059      |  2001 |   1 | 58.27 |  86.82 |       0 |  43.2 |  70.84 |       0 |  2002 |   1
 n stationcallyable                                 | eing       | 35709      | 755             | 2nd Maple          | Jackson              | 79583      | 464             | 1st                | Oak Hill        | 27838      |  2001 |   1 | 30.84 |  49.03 |       0 | 19.15 |  20.87 |       0 |  2002 |   1
 n stationcallyable                                 | eing       | 35709      | 755             | 2nd Maple          | Jackson              | 79583      | 464             | 1st                | Oak Hill        | 27838      |  2001 |   1 | 30.84 |  49.03 |       0 | 38.14 |  57.97 |       0 |  2002 |   1
 n stationcallyable                                 | eing       | 35709      | 755             | 2nd Maple          | Jackson              | 79583      | 464             | 1st                | Oak Hill        | 27838      |  2001 |   1 | 30.84 |  49.03 |       0 | 75.85 |  97.84 | 1196.21 |  2002 |   1
 n stationcallyable                                 | eing       | 35709      | 922             | Franklin Broadway  | Fairview             | 25709      | 889             | Third              | Green Acres     | 57683      |  2001 |   1 | 44.21 |  76.48 |       0 | 19.15 |  20.87 |       0 |  2002 |   1
 n stationcallyable                                 | eing       | 35709      | 922             | Franklin Broadway  | Fairview             | 25709      | 889             | Third              | Green Acres     | 57683      |  2001 |   1 | 44.21 |  76.48 |       0 | 38.14 |  57.97 |       0 |  2002 |   1
 n stationcallyable                                 | eing       | 35709      | 922             | Franklin Broadway  | Fairview             | 25709      | 889             | Third              | Green Acres     | 57683      |  2001 |   1 | 44.21 |  76.48 |       0 | 75.85 |  97.84 | 1196.21 |  2002 |   1
 n stationcallypri                                  | eing       | 35709      | 706             | 11th               | Crossroads           | 40534      | 624             | Woodland           | Mount Vernon    | 58482      |  2001 |   1 |  92.7 |    165 |       0 | 12.57 |  23.75 |       0 |  2002 |   1
 n stationesepriought                               | ese        | 31904      | 316             | Mill               | Saint Johns          | 15717      | 174             | Birch Davis        | Greenwood       | 78828      |  2001 |   1 | 30.79 |   47.1 |       0 | 50.27 |  70.37 |       0 |  2002 |   1
 n stationn stableought                             | ation      | 31904      | 109             | Elm Seventh        | Lakewood             | 18877      | 87              | West               | Salem           | 38048      |  2001 |   1 | 80.75 | 151.81 |       0 | 79.77 | 132.41 |  173.22 |  2002 |   1
 n stationn stableought                             | ation      | 31904      | 109             | Elm Seventh        | Lakewood             | 18877      | 87              | West               | Salem           | 38048      |  2001 |   1 | 80.75 | 151.81 |       0 | 97.32 | 177.12 |       0 |  2002 |   1
 n stationn stableought                             | ese        | 31904      |                 |                    | Oak Hill             |            | 489             | Center             | Clinton         | 68222      |  2001 |   1 | 24.85 |  37.02 |       0 | 16.04 |  18.44 |       0 |  2002 |   1
 n stationn stableought                             | ought      | 31904      | 515             | 3rd                | Oak Hill             | 57838      | 608             | Willow Birch       | Greenwood       | 38828      |  2001 |   1 | 54.82 |  82.23 |       0 | 50.94 |  72.33 |  352.05 |  2002 |   1
 n stationn stableought                             | ought      | 31904      | 783             | 3rd Elm            | Allentown            | 91838      | 75              | Cedar              | Lebanon         | 22898      |  2001 |   1 | 82.31 | 147.33 |       0 | 50.94 |  72.33 |  352.05 |  2002 |   1
 n stationn stoughtought                            | eing       | 35709      | 399             | Forest Davis       | Lakeside             | 79532      | 883             | Sunset 13th        | Riverdale       | 39391      |  2001 |   1 | 51.13 |   63.4 |       0 | 84.92 | 134.17 |       0 |  2002 |   1
 n stationn stoughtought                            | ese        | 31904      | 349             | Valley             | Red Hill             | 94338      | 757             | 2nd                | Fairfield       | 56192      |  2001 |   1 | 10.91 |  17.12 |       0 | 17.61 |  27.29 |       0 |  2002 |   1
 n stationoughteing                                 | eing       | 35709      | 982             | Spring Hickory     | Friendship           | 34536      | 151             | Johnson            | Jamestown       | 96867      |  2001 |   1 | 72.77 | 121.52 |       0 | 77.29 | 135.25 |       0 |  2002 |   1
 n stationoughteing                                 | eing       | 35709      | 414             | 15th               | Union                | 78721      | 396             | Walnut             | Watkins         | 61732      |  2001 |   1 | 85.38 | 132.33 | 1239.21 | 77.29 | 135.25 |       0 |  2002 |   1
 n stationoughteing                                 | ese        | 31904      | 753             | First              | Oakland              | 59843      | 486             | Elm                | Oak Grove       | 98370      |  2001 |   1 | 14.69 |  28.49 |  236.19 | 21.06 |  33.48 |       0 |  2002 |   1
 n stationoughteing                                 | ese        | 31904      | 753             | First              | Oakland              | 59843      | 486             | Elm                | Oak Grove       | 98370      |  2001 |   1 | 14.69 |  28.49 |  236.19 | 94.09 | 161.83 |  189.63 |  2002 |   1
 n stationoughteseought                             | able       | 35709      | 80              | Smith              | Walnut Grove         | 67752      | 581             | Miller             | Summit          | 70499      |  2001 |   1 | 43.08 |  49.97 |  238.23 |  3.96 |   4.07 |       0 |  2002 |   1
 n stationoughteseought                             | able       | 35709      | 80              | Smith              | Walnut Grove         | 67752      | 581             | Miller             | Summit          | 70499      |  2001 |   1 | 43.08 |  49.97 |  238.23 | 43.56 |  68.38 |       0 |  2002 |   1
 n stationoughteseought                             | ation      | 31904      | 851             | Ridge              | Centerville          | 40059      | 788             | Oak                | Franklin        | 49101      |  2001 |   1 | 77.13 | 142.69 |       0 | 11.95 |  16.96 |       0 |  2002 |   1
 n stationoughteseought                             | ation      | 31904      | 851             | Ridge              | Centerville          | 40059      | 788             | Oak                | Franklin        | 49101      |  2001 |   1 | 77.13 | 142.69 |       0 | 82.92 | 122.72 | 1778.62 |  2002 |   1
 n stationoughteseought                             | eing       | 35709      | 736             | Birch              | Riverside            | 59231      | 575             | Williams 5th       | Franklin        | 29101      |  2001 |   1 | 30.53 |  38.77 |       0 | 58.45 |  101.7 |       0 |  2002 |   1
 n stationoughteseought                             | ought      | 31904      | 25              | 8th                | Bunker Hill          | 40150      | 939             | Sunset             | Allison         | 14167      |  2001 |   1 | 59.93 |  68.91 |       0 | 86.69 | 167.31 |       0 |  2002 |   1
 n stationprically                                  | bar        | 31904      | 434             | 7th Jefferson      | Oakland              | 49843      | 390             | Hill Dogwood       | Springtown      | 69858      |  2001 |   1 | 21.14 |        |         |  1.72 |   2.78 |       0 |  2002 |   1
 n stationprically                                  | bar        | 31904      | 434             | 7th Jefferson      | Oakland              | 49843      | 390             | Hill Dogwood       | Springtown      | 69858      |  2001 |   1 | 21.14 |        |         | 60.99 | 116.49 |       0 |  2002 |   1
 n stationprically                                  | ought      | 31904      | 6               | Birch              | Brownsville          | 79310      | 524             | Walnut             | New Hope        | 89431      |  2001 |   1 | 65.03 |  99.49 |       0 | 62.38 | 106.04 |  354.23 |  2002 |   1
 n stbarbarableought                                | able       | 35709      | 40              | Sycamore 5th       | Springfield          | 59303      | 530             | Main               | Pleasant Valley | 72477      |  2001 |   1 | 64.13 |  88.49 |       0 | 19.25 |   30.8 |   27.04 |  2002 |   1
 n stbarbarableought                                | ation      | 31904      | 964             | Hill Center        | Red Hill             | 94338      | 669             | Center Ridge       | Glendale        | 43951      |  2001 |   1 |  9.89 |  16.91 |       0 | 39.84 |  43.02 |       0 |  2002 |   1
 n stbarbarableought                                | ation      | 31904      | 410             | 10th               | Marion               | 50399      | 183             | Ridge Ash          | Fairfield       | 56192      |  2001 |   1 | 87.37 | 167.75 |       0 | 39.84 |  43.02 |       0 |  2002 |   1
 n stbarbarese                                      | ation      | 31904      | 478             | College            | White Oak            | 16668      | 356             | Lake Ridge         | Glendale        | 53951      |  2001 |   1 | 33.99 |  65.26 |       0 | 36.81 |  60.36 | 2298.61 |  2002 |   1
 n stbareingbarought                                | able       | 35709      |                 | Elm                |                      | 63604      | 597             | Park Fourth        | Tracy           | 96340      |  2001 |   1 | 28.76 |  52.63 |       0 | 17.54 |  32.09 |       0 |  2002 |   1
 n stbareingpriought                                | able       | 35709      |                 | Central Elevnth    | Deerfield            | 69840      | 501             | Birch              | Marion          | 60399      |  2001 |   1 | 81.21 | 105.57 |  703.05 | 95.04 | 173.92 |       0 |  2002 |   1
 n stbareingpriought                                | ation      | 31904      | 799             | 4th                | Midway               | 31904      | 604             |                    |                 | 73394      |  2001 |   1 | 26.56 |  29.48 | 1350.05 |  2.98 |   4.29 |       0 |  2002 |   1
 n stbareingpriought                                | ation      | 31904      | 799             | 4th                | Midway               | 31904      | 604             |                    |                 | 73394      |  2001 |   1 | 26.56 |  29.48 | 1350.05 |  3.92 |   4.86 |       0 |  2002 |   1
 n stcallyablecallyought                            | ese        | 31904      | 257             | Main               | Jackson              | 79583      | 179             | Smith              | Mount Zion      | 78054      |  2001 |   1 | 98.47 | 150.65 |       0 | 71.25 |  74.81 |       0 |  2002 |   1
 n stcallyableought                                 | ation      | 31904      | 26              | 5th Hickory        | Fairfield            | 66192      | 670             | Locust             | Greenfield      | 55038      |  2001 |   1 | 35.83 |  42.63 |       0 | 36.12 |  61.76 |       0 |  2002 |   1
 n stcallyableought                                 | ation      | 31904      | 26              | 5th Hickory        | Fairfield            | 66192      | 670             | Locust             | Greenfield      | 55038      |  2001 |   1 | 35.83 |  42.63 |       0 |    78 | 127.14 |       0 |  2002 |   1
 n stcallyation                                     | ation      | 31904      | 375             | First              | Riverside            | 29231      | 103             | Fifth              | Harmony         | 45804      |  2001 |   1 | 46.72 |  77.08 |       0 | 33.64 |  41.37 |       0 |  2002 |   1
 n stcallyeingoughtought                            | ought      | 31904      | 919             | 2nd                | Springdale           | 28883      | 274             | 3rd Elm            |                 | 54244      |  2001 |   1 | 15.07 |  21.85 |       0 | 35.59 |  43.06 |       0 |  2002 |   1
 n stcallyeingoughtought                            | ought      | 31904      | 422             | 6th                | Arlington            | 76557      | 405             | Cherry             | Clinton         | 48222      |  2001 |   1 | 42.73 |  64.94 |       0 | 35.59 |  43.06 |       0 |  2002 |   1
 n stcallyeingoughtought                            | ought      | 31904      | 315             | 2nd                | Oak Grove            | 58370      | 303             | Ash                | Hamilton        | 72808      |  2001 |   1 | 54.65 |  95.09 |       0 | 35.59 |  43.06 |       0 |  2002 |   1
 n stcallyeseableought                              | able       | 35709      | 479             | 15th Oak           | Denmark              | 25576      | 11              | 11th Franklin      | Oak Ridge       | 28371      |  2001 |   1 | 84.09 | 120.24 |       0 | 44.52 |  60.99 |       0 |  2002 |   1
 n stcallyeseableought                              | bar        | 31904      | 697             | Sunset Davis       | Pleasant Valley      | 22477      | 611             | Maple 14th         | Providence      | 16614      |  2001 |   1 | 42.04 |  46.66 |       0 | 13.77 |  15.28 |       0 |  2002 |   1
 n stcallyeseableought                              | ought      | 31904      | 386             | Cedar Ash          | Cumberland           | 28971      | 452             | First              | Belmont         | 20191      |  2001 |   1 | 57.68 |  80.17 |       0 | 43.53 |  50.05 |   82.08 |  2002 |   1
 n stcallyeseoughtought                             | ation      | 31904      | 119             | Willow Thirteenth  | Waterloo             | 31675      |                 |                    |                 |            |  2001 |   1 | 44.34 |  55.42 |  586.06 | 91.71 | 146.73 |       0 |  2002 |   1
 n stcallypriantiought                              | ought      | 31904      | 208             | Laurel             | Highland Park        | 26534      | 165             | 6th                | Lakeview        | 58579      |  2001 |   1 | 58.32 |  89.22 |       0 | 45.35 |  55.32 |       0 |  2002 |   1
 n steingbarationought                              | eing       | 35709      | 77              | Wilson             | Fairfield            | 06792      | 388             | Third              | Spring Hill     | 26787      |  2001 |   1 | 43.85 |  65.77 |   286.2 | 42.12 |  62.75 |       0 |  2002 |   1
 n steingeingable                                   | bar        | 31904      | 204             | North              | Red Hill             | 24338      | 418             | Lakeview           |                 |            |  2001 |   1 | 44.37 |   70.1 | 1126.71 | 93.63 |  98.31 |       0 |  2002 |   1
 n steingeingable                                   | bar        | 31904      | 204             | North              | Red Hill             | 24338      | 418             | Lakeview           |                 |            |  2001 |   1 | 44.37 |   70.1 | 1126.71 | 98.42 | 176.17 |       0 |  2002 |   1
 n steingeingable                                   | eing       | 35709      | 171             | Jefferson Lincoln  | Cedar Grove          | 40411      | 530             | Center Valley      | Five Forks      | 62293      |  2001 |   1 | 11.95 |  12.78 |    37.5 | 68.12 | 131.47 |       0 |  2002 |   1
 n steingeingable                                   | eing       | 35709      | 412             | Oak                | Fairview             | 85709      | 974             | Highland Madison   | Springdale      | 78883      |  2001 |   1 | 64.57 |  64.57 |       0 | 68.12 | 131.47 |       0 |  2002 |   1
 n steingeingable                                   | eing       | 35709      | 84              | Jackson            | Greenwood            | 58828      | 725             | 4th                | Peru            | 30302      |  2001 |   1 | 95.96 | 186.16 |       0 | 68.12 | 131.47 |       0 |  2002 |   1
 n steingeingable                                   | ese        | 31904      | 226             | Ridge              | Riverdale            | 49391      | 983             | Poplar Lincoln     | Fairfield       | 76192      |  2001 |   1 | 80.51 | 102.24 |       0 |  5.31 |  10.24 |       0 |  2002 |   1
 n steingeingable                                   | ese        | 31904      | 226             | Ridge              | Riverdale            | 49391      | 983             | Poplar Lincoln     | Fairfield       | 76192      |  2001 |   1 | 80.51 | 102.24 |       0 |  35.2 |  37.66 |       0 |  2002 |   1
 n steingeingable                                   | ese        | 31904      | 226             | Ridge              | Riverdale            | 49391      | 983             | Poplar Lincoln     | Fairfield       | 76192      |  2001 |   1 | 80.51 | 102.24 |       0 |    36 |  70.92 | 1580.86 |  2002 |   1
 n steingeingable                                   | ese        | 31904      | 226             | Ridge              | Riverdale            | 49391      | 983             | Poplar Lincoln     | Fairfield       | 76192      |  2001 |   1 | 80.51 | 102.24 |       0 | 48.34 |  84.11 |       0 |  2002 |   1
 n steingeingable                                   | ese        | 31904      | 226             | Ridge              | Riverdale            | 49391      | 983             | Poplar Lincoln     | Fairfield       | 76192      |  2001 |   1 | 80.51 | 102.24 |       0 | 97.75 | 125.12 |       0 |  2002 |   1
 n steingeingable                                   | ought      | 31904      | 349             | Chestnut           | Freeport             | 31844      | 626             | East               | Springdale      | 78883      |  2001 |   1 | 20.49 |  25.81 |       0 |  8.75 |  14.17 |       0 |  2002 |   1
 n steingeingable                                   | ought      | 31904      | 349             | Chestnut           | Freeport             | 31844      | 626             | East               | Springdale      | 78883      |  2001 |   1 | 20.49 |  25.81 |       0 | 29.66 |   43.3 |       0 |  2002 |   1
 n steingeingable                                   | ought      | 31904      | 349             | Chestnut           | Freeport             | 31844      | 626             | East               | Springdale      | 78883      |  2001 |   1 | 20.49 |  25.81 |       0 | 38.82 |  66.38 |       0 |  2002 |   1
 n steingeingable                                   | ought      | 31904      | 152             | Oak                | Hopewell             | 80587      | 200             | Cedar              | Salem           | 38048      |  2001 |   1 | 80.61 |  99.95 |       0 |  8.75 |  14.17 |       0 |  2002 |   1
 n steingeingable                                   | ought      | 31904      | 152             | Oak                | Hopewell             | 80587      | 200             | Cedar              | Salem           | 38048      |  2001 |   1 | 80.61 |  99.95 |       0 | 29.66 |   43.3 |       0 |  2002 |   1
 n steingeingable                                   | ought      | 31904      | 152             | Oak                | Hopewell             | 80587      | 200             | Cedar              | Salem           | 38048      |  2001 |   1 | 80.61 |  99.95 |       0 | 38.82 |  66.38 |       0 |  2002 |   1
 n steingoughtbarought                              | ese        | 31904      | 894             | Franklin Sycamore  | Greenwood            | 58828      | 709             | Pine               | Edgewood        | 50069      |  2001 |   1 | 48.31 |  58.93 |       0 |  4.08 |   5.05 |    6.07 |  2002 |   1
 n steingoughtbarought                              | ese        | 31904      | 818             | Second             | Frankfort            | 39681      |                 |                    | Spring Valley   | 96060      |  2001 |   1 | 53.03 |  93.86 |       0 |  4.08 |   5.05 |    6.07 |  2002 |   1
 n steseablebarought                                | bar        | 31904      | 666             |                    |                      |            | 686             | Walnut             | Fairfield       | 46192      |  2001 |   1 | 98.21 | 189.54 |       0 | 33.06 |  65.45 |   559.5 |  2002 |   1
 n steseablebarought                                | bar        | 31904      | 666             |                    |                      |            | 686             | Walnut             | Fairfield       | 46192      |  2001 |   1 | 98.21 | 189.54 |       0 | 40.35 |  41.56 |       0 |  2002 |   1
 n stesecallycally                                  | ation      | 31904      | 164             | Pine 8th           | Greenwood            | 58828      | 539             | 2nd                | White Oak       | 46668      |  2001 |   1 |  8.16 |  12.97 |       0 | 48.86 |  53.74 |       0 |  2002 |   1
 n stesecallycally                                  | ation      | 31904      | 720             | South              | Providence           | 36614      | 883             | Meadow Ash         | Oak Grove       | 88370      |  2001 |   1 | 72.25 |  91.75 |       0 | 48.86 |  53.74 |       0 |  2002 |   1
 n stesecallycally                                  | ought      | 31904      | 145             | 2nd Cherry         | Salem                | 98048      | 237             | Center Lake        | Hillcrest       | 53003      |  2001 |   1 |  7.72 |    9.8 |   54.63 | 20.56 |  40.29 |       0 |  2002 |   1
 n steseeingcally                                   | able       | 35709      | 553             | First Mill         | Country Club Estates | 56964      | 390             | 2nd Ninth          | Summit          | 80499      |  2001 |   1 | 75.78 | 119.73 |       0 | 20.31 |  36.55 |       0 |  2002 |   1
 n steseeingcally                                   | ation      | 31904      | 3               | 6th                | Forestville          | 53027      | 562             | Williams 2nd       | Springfield     | 39303      |  2001 |   1 | 50.23 |  56.75 |       0 |   7.8 |   15.6 |       0 |  2002 |   1
 n steseeingcally                                   | ation      | 31904      | 771             | 7th                | Plainview            | 23683      | 979             | Williams 5th       | Plainview       | 43683      |  2001 |   1 | 64.59 |  101.4 | 1529.78 |   7.8 |   15.6 |       0 |  2002 |   1
 n steseeingcally                                   | bar        | 31904      | 932             | Hillcrest          | Jackson              | 59583      | 515             |                    |                 | 52898      |  2001 |   1 | 26.04 |  35.67 |  510.96 | 39.71 |  65.52 |       0 |  2002 |   1
 n steseeingcally                                   | ought      | 31904      | 784             | Miller             | Unionville           | 31711      | 612             | Johnson 6th        | Stafford        | 24980      |  2001 |   1 | 54.06 | 104.33 |       0 | 33.97 |   41.1 |       0 |  2002 |   1
 n steseeingcallyought                              | able       | 35709      | 88              | Hill 10th          | Five Forks           | 82293      | 312             | Davis Lincoln      | Collinsville    | 62459      |  2001 |   1 |  3.89 |   5.48 |       0 | 66.57 |  94.52 |       0 |  2002 |   1
 n steseeingcallyought                              | able       | 35709      | 130             | 1st                | Shiloh               | 49275      | 604             | Forest 12th        | Payne           | 66134      |  2001 |   1 | 43.74 |  47.67 |       0 | 66.57 |  94.52 |       0 |  2002 |   1
 n steseeingcallyought                              | eing       | 35709      | 361             | 6th                | Newtown              | 41749      | 81              | Laurel             | Friendship      | 54536      |  2001 |   1 | 91.59 | 106.24 |       0 | 73.37 | 145.27 |       0 |  2002 |   1
 n steseeingcallyought                              | ese        | 31904      |                 | Mill Washington    |                      |            |                 |                    |                 |            |  2001 |   1 | 37.34 |   40.7 |       0 | 94.51 | 166.33 |       0 |  2002 |   1
 n steseeingcallyought                              | ese        | 31904      | 713             | 4th River          | Concord              | 64107      | 761             | Park Park          | Springfield     | 69303      |  2001 |   1 | 57.03 |  98.66 |       0 | 94.51 | 166.33 |       0 |  2002 |   1
 n steseeingcallyought                              | ese        | 31904      | 711             | Hickory            | Riverview            | 99003      | 589             | Highland           | Summit          | 50499      |  2001 |   1 | 71.31 | 127.64 |       0 | 94.51 | 166.33 |       0 |  2002 |   1
 n steseeingcallyought                              | ese        | 31904      | 548             | 4th                | Plainview            | 53683      | 155             | 8th                | Pleasant Grove  | 74136      |  2001 |   1 | 71.54 | 143.08 |       0 | 94.51 | 166.33 |       0 |  2002 |   1
 n steseeingcallyought                              | ought      | 31904      | 794             | Park Hickory       | Enterprise           | 11757      | 745             | South 1st          | Woodlawn        | 74098      |  2001 |   1 |  35.8 |  55.49 |       0 |  2.01 |   3.91 |       0 |  2002 |   1
 n steseeingcallyought                              | ought      | 31904      | 32              | Franklin           | Ashland              | 64244      | 164             | First              | Sulphur Springs | 38354      |  2001 |   1 | 96.98 | 192.02 |   350.2 |  2.01 |   3.91 |       0 |  2002 |   1
 n steseeseeseought                                 | bar        | 31904      | 763             | Park               | Mountain View        | 34466      | 5               | View               | Springfield     | 79303      |  2001 |   1 | 79.66 | 121.08 |       0 | 60.59 | 120.57 |       0 |  2002 |   1
 n steseeseeseought                                 | eing       | 35709      | 609             | Cherry 10th        | Centerville          | 40059      | 631             | View Pine          | Carter          | 10919      |  2001 |   1 | 39.13 |   53.6 |   180.9 | 28.43 |  49.18 |       0 |  2002 |   1
 n steseeseeseought                                 | eing       | 35709      | 622             | Chestnut Woodland  | Salem                | 28048      | 46              | Forest 8th         | Lebanon         |            |  2001 |   1 | 57.96 | 108.38 |       0 | 28.43 |  49.18 |       0 |  2002 |   1
 n steseeseeseought                                 | ese        | 31904      | 326             | Fifth              | Hillcrest            | 73003      | 37              | Sycamore           | Brownsville     | 59310      |  2001 |   1 | 84.59 | 109.96 |       0 | 43.66 |  58.06 |       0 |  2002 |   1
 n steseoughtable                                   | able       | 35709      | 950             | Spruce             | Georgetown           | 47057      | 266             | Johnson 4th        |                 | 71757      |  2001 |   1 | 52.63 | 103.15 |       0 |  25.8 |  40.76 |       0 |  2002 |   1
 n steseoughtable                                   | able       | 35709      | 950             | Spruce             | Georgetown           | 47057      | 266             | Johnson 4th        |                 | 71757      |  2001 |   1 | 52.63 | 103.15 |       0 | 77.77 |  97.21 |       0 |  2002 |   1
 n steseoughtable                                   | ation      | 31904      | 699             | 7th 1st            | Carpenter            | 51147      | 517             | Lake               | Stringtown      | 50162      |  2001 |   1 | 52.47 |  76.08 |       0 |  75.1 | 127.67 |       0 |  2002 |   1
 n steseoughtable                                   | ation      | 31904      | 522             | Walnut             | Leesburg             | 85605      | 990             | Valley             | Woodville       | 64289      |  2001 |   1 | 58.66 | 109.69 |       0 |  75.1 | 127.67 |       0 |  2002 |   1
 n steseoughtable                                   | ought      | 31904      | 245             | Park               | Roscoe               | 31854      | 523             | Central            | Brownsville     | 79310      |  2001 |   1 | 70.82 |  81.44 |       0 | 82.71 | 160.45 |       0 |  2002 |   1
 n steseoughtable                                   | ought      | 31904      | 245             | Park               | Roscoe               | 31854      | 523             | Central            | Brownsville     | 79310      |  2001 |   1 | 70.82 |  81.44 |       0 | 85.71 | 168.84 | 5562.58 |  2002 |   1
 n steseoughtable                                   | ought      | 31904      | 892             | 1st                | Hillcrest            | 03603      | 920             | Cedar              | Mount Vernon    | 48482      |  2001 |   1 | 82.91 |     97 |       0 | 82.71 | 160.45 |       0 |  2002 |   1
 n steseoughtable                                   | ought      | 31904      | 892             | 1st                | Hillcrest            | 03603      | 920             | Cedar              | Mount Vernon    | 48482      |  2001 |   1 | 82.91 |     97 |       0 | 85.71 | 168.84 | 5562.58 |  2002 |   1
 n steseoughtable                                   | ought      | 31904      | 592             | 6th                | Georgetown           | 27057      | 897             | Miller Elm         | Belmont         | 50191      |  2001 |   1 | 83.45 | 104.31 |       0 | 82.71 | 160.45 |       0 |  2002 |   1
 n steseoughtable                                   | ought      | 31904      | 592             | 6th                | Georgetown           | 27057      | 897             | Miller Elm         | Belmont         | 50191      |  2001 |   1 | 83.45 | 104.31 |       0 | 85.71 | 168.84 | 5562.58 |  2002 |   1
 n stn stantieseought                               | bar        | 31904      | 530             | Maple Central      | Reno                 | 20344      | 200             | Johnson            | Macedonia       | 61087      |  2001 |   1 | 44.89 |  82.59 |       0 |  9.64 |  12.05 |       0 |  2002 |   1
 n stn stantieseought                               | bar        | 31904      | 426             | Lake               | Oakdale              | 29584      | 39              | 6th Williams       | Mount Pleasant  | 71933      |  2001 |   1 | 86.86 |  86.86 |       0 |  9.64 |  12.05 |       0 |  2002 |   1
 n stn stcallycally                                 | ation      | 31904      | 3               | 6th                | Forestville          | 53027      | 562             | Williams 2nd       | Springfield     | 39303      |  2001 |   1 | 54.14 |  61.71 |       0 | 88.57 | 149.68 |  619.35 |  2002 |   1
 n stn stcallycally                                 | ation      | 31904      | 451             | 9th                | Five Points          |            | 626             | Third              | Cedar Grove     | 50411      |  2001 |   1 |  78.8 |  85.89 |       0 | 88.57 | 149.68 |  619.35 |  2002 |   1
 n stn stcallycally                                 | ese        | 31904      | 77              | West               | Lakeside             | 69532      | 508             | Hill               | Clinton         | 38222      |  2001 |   1 | 60.24 |  90.36 |       0 |  2.94 |   3.35 |       0 |  2002 |   1
 n stn stcallycally                                 | ese        | 31904      | 248             | West               | Fredonia             | 81888      | 194             | West 14th          | Pine Grove      | 34593      |  2001 |   1 | 84.32 | 143.34 |   468.9 |  2.94 |   3.35 |       0 |  2002 |   1
 n stn stpriableought                               | ation      | 31904      | 446             | Sunset Elm         | Lebanon              | 12898      | 413             | Hillcrest 12th     | Greenville      | 51387      |  2001 |   1 | 45.02 |  66.17 |       0 | 20.29 |  39.56 |  180.76 |  2002 |   1
 n stn stpriableought                               | ation      | 31904      | 446             | Sunset Elm         | Lebanon              | 12898      | 413             | Hillcrest 12th     | Greenville      | 51387      |  2001 |   1 | 45.02 |  66.17 |       0 | 34.82 |  66.15 |  2417.5 |  2002 |   1
 n stn stpriableought                               | ese        | 31904      | 504             | Main 7th           | Bennett              | 41715      | 289             | 1st                | Franklin        | 49101      |  2001 |   1 | 92.35 | 145.91 |       0 |  7.05 |  12.26 |       0 |  2002 |   1
 n stoughtantiantiought                             | ation      | 31904      | 690             | 1st Valley         | Belmont              | 40191      | 943             | Hill               | Marion          | 60399      |  2001 |   1 | 25.04 |  48.57 |       0 | 43.93 |  71.16 |       0 |  2002 |   1
 n stoughtantiantiought                             | ation      | 31904      | 690             | 1st Valley         | Belmont              | 40191      | 943             | Hill               | Marion          | 60399      |  2001 |   1 | 25.04 |  48.57 |       0 | 65.12 | 112.65 |       0 |  2002 |   1
 n stoughtantiantiought                             | bar        | 31904      | 578             | Miller 9th         | Union                | 38721      | 846             | 1st                | King            | 30008      |  2001 |   1 | 69.86 |  84.53 |       0 | 89.14 | 158.66 |       0 |  2002 |   1
 n stoughtantically                                 | able       | 35709      | 327             | Meadow             | Ryan                 | 50525      | 739             | Green              | Farmington      | 59145      |  2001 |   1 |  18.5 |  36.44 |       0 | 75.31 | 106.94 |       0 |  2002 |   1
 n stoughtantically                                 | ation      | 31904      | 814             | Second             | Wilson               | 76971      | 663             | Maple 12th         | Fairfield       | 96192      |  2001 |   1 | 55.03 |  78.69 |       0 | 39.97 |  60.35 |       0 |  2002 |   1
 n stoughtantically                                 | ation      | 31904      | 814             | Maple              | Clifton              | 38014      | 839             | 11th 2nd           | Johnsonville    | 47745      |  2001 |   1 | 98.53 | 179.32 |       0 | 39.97 |  60.35 |       0 |  2002 |   1
 n stoughtbarpri                                    | ation      | 31904      | 39              | Chestnut           | Jamestown            | 86867      | 204             | North              | Newtown         | 71749      |  2001 |   1 | 21.68 |  38.15 |  673.09 | 49.97 |  75.45 |       0 |  2002 |   1
 n stoughtbarpri                                    | ation      | 31904      | 39              | Chestnut           | Jamestown            | 86867      | 204             | North              | Newtown         | 71749      |  2001 |   1 | 21.68 |  38.15 |  673.09 |    66 | 104.94 |       0 |  2002 |   1
 n stoughtbarpri                                    | eing       | 35709      | 273             | Green              | Shady Grove          | 92812      | 372             | Wilson Main        | Oak Hill        | 67838      |  2001 |   1 |  58.6 |  63.28 |       0 | 25.59 |   28.4 |  137.28 |  2002 |   1
 n stoughtbarpri                                    | ought      | 31904      | 144             | Lincoln            | Fairview             | 35709      | 956             | 1st Lee            | Spring Valley   | 36060      |  2001 |   1 | 37.11 |  48.98 |       0 | 27.29 |   48.3 |  312.98 |  2002 |   1
 n stoughtbarpri                                    | ought      | 31904      | 459             | Smith Lincoln      | Franklin             | 49101      | 457             | Pine               | Woodlawn        | 24098      |  2001 |   1 | 61.41 |  77.37 | 3704.11 | 27.29 |   48.3 |  312.98 |  2002 |   1
 n stoughtbarpri                                    | ought      | 31904      | 590             | Jackson Lake       | Enterprise           | 51757      | 289             | River              | Oakwood         | 60169      |  2001 |   1 | 72.58 | 134.27 |       0 | 27.29 |   48.3 |  312.98 |  2002 |   1
 n stoughtcally                                     | ation      | 31904      | 991             | Chestnut Church    | Woodland             | 44854      | 105             | Oak 2nd            | Lakeview        | 28579      |  2001 |   1 | 47.85 |  82.78 |       0 | 19.09 |  26.34 |       0 |  2002 |   1
 n stoughtcallyable                                 | ese        | 31904      | 293             | Mill Ridge         | Pleasant Grove       | 64136      | 3               | Elm Main           | Fisher          | 22819      |  2001 |   1 |  14.8 |  17.76 |       0 |  34.2 |  54.72 |       0 |  2002 |   1
 n stoughtcallyable                                 | ese        | 31904      | 293             | Mill Ridge         | Pleasant Grove       | 64136      | 3               | Elm Main           | Fisher          | 22819      |  2001 |   1 |  14.8 |  17.76 |       0 | 37.25 |  57.73 | 2871.99 |  2002 |   1
 n stoughtcallyable                                 | ese        | 31904      | 245             | Lake               | Oakland              | 39843      | 30              | 9th                | Union Hill      | 27746      |  2001 |   1 | 74.64 | 109.72 |       0 |  34.2 |  54.72 |       0 |  2002 |   1
 n stoughtcallyable                                 | ese        | 31904      | 245             | Lake               | Oakland              | 39843      | 30              | 9th                | Union Hill      | 27746      |  2001 |   1 | 74.64 | 109.72 |       0 | 37.25 |  57.73 | 2871.99 |  2002 |   1
 n stoughtcallycally                                | ation      | 31904      | 59              | 7th                | Pleasant Hill        | 33604      | 757             | North              | Forest Hills    | 69237      |  2001 |   1 | 72.64 | 106.05 | 5384.61 | 26.63 |  37.01 |       0 |  2002 |   1
 n stoughtcallycally                                | ese        | 31904      | 667             | 3rd                | Pleasant Hill        | 73604      | 584             | Main               | Lincoln         | 31289      |  2001 |   1 | 69.36 |  70.74 |       0 |  94.1 | 128.91 |       0 |  2002 |   1
 n stoughteingcally                                 | eing       | 35709      | 417             | Second Pine        | Mountain View        | 54466      | 843             | Jefferson Miller   | Harmony         | 75804      |  2001 |   1 | 17.38 |  26.07 |       0 | 10.69 |  12.72 |       0 |  2002 |   1
 n stoughteingcally                                 | eing       | 35709      | 417             | Second Pine        | Mountain View        | 54466      | 843             | Jefferson Miller   | Harmony         | 75804      |  2001 |   1 | 17.38 |  26.07 |       0 | 20.05 |  32.88 |       0 |  2002 |   1
 n stoughteingcally                                 | eing       | 35709      | 417             | Second Pine        | Mountain View        | 54466      | 843             | Jefferson Miller   | Harmony         | 75804      |  2001 |   1 | 17.38 |  26.07 |       0 | 90.51 | 176.49 |       0 |  2002 |   1
 n stoughteingpri                                   | eing       | 35709      | 78              | Maple              | Belmont              | 30191      | 249             | Central Lake       | Jackson         | 89583      |  2001 |   1 | 80.07 | 105.69 |  188.68 | 89.53 | 105.64 |       0 |  2002 |   1
 n stoughteingpri                                   | ese        | 31904      | 644             | 6th                | Florence             | 43394      | 609             | Lee                | Cedar Grove     | 30411      |  2001 |   1 |  6.83 |   8.12 |       0 | 71.65 |  71.65 |       0 |  2002 |   1
 n stoughteingpri                                   | ese        | 31904      | 233             | Madison Pine       | Belmont              | 30191      | 931             | First              | Spring Valley   | 36060      |  2001 |   1 | 40.78 |  79.92 |       0 | 71.65 |  71.65 |       0 |  2002 |   1
 n stoughteingpri                                   | ought      | 31904      | 3               | Cedar Lee          | Oak Ridge            | 78371      | 564             | Meadow Mill        |                 |            |  2001 |   1 | 87.95 | 106.41 |       0 | 43.45 |  49.09 |       0 |  2002 |   1
 n stoughteingpri                                   | ought      | 31904      | 3               | Cedar Lee          | Oak Ridge            | 78371      | 564             | Meadow Mill        |                 |            |  2001 |   1 | 87.95 | 106.41 |       0 | 73.05 |  92.77 |       0 |  2002 |   1
 n stpriation                                       | ese        | 31904      | 188             | 8th Meadow         | Liberty              | 93451      | 27              | Second             | Pine Grove      | 54593      |  2001 |   1 | 48.04 |  63.89 |       0 | 59.64 |  61.42 |       0 |  2002 |   1
 n stpriesen st                                     | ation      | 31904      | 164             | First              | Sulphur Springs      | 38354      | 813             | 3rd                | Lakeview        | 68579      |  2001 |   1 |   1.5 |   1.84 |       0 |  43.3 |  52.39 |       0 |  2002 |   1
 n stprin stn st                                    | ation      | 31904      | 460             | Cedar 5th          | Cedar Grove          | 40411      | 866             | 12th               | Franklin        | 99101      |  2001 |   1 | 11.27 |  14.87 |       0 | 44.06 |  87.23 |  468.88 |  2002 |   1
 n stprin stn st                                    | ation      | 31904      | 460             | Cedar 5th          | Cedar Grove          | 40411      | 866             | 12th               | Franklin        | 99101      |  2001 |   1 | 11.27 |  14.87 |       0 | 87.16 |  87.16 |       0 |  2002 |   1
 n stprin stn st                                    | ation      | 31904      | 431             | Seventh            | Union Hill           | 57746      | 119             | Hickory            | Mount Pleasant  | 91933      |  2001 |   1 | 68.83 |  92.92 |       0 | 44.06 |  87.23 |  468.88 |  2002 |   1
 n stprin stn st                                    | ation      | 31904      | 431             | Seventh            | Union Hill           | 57746      | 119             | Hickory            | Mount Pleasant  | 91933      |  2001 |   1 | 68.83 |  92.92 |       0 | 87.16 |  87.16 |       0 |  2002 |   1
 n stprin stn st                                    | ation      | 31904      | 192             | Cedar              | Peru                 | 50302      | 837             | West               | Belmont         | 50191      |  2001 |   1 | 77.42 | 101.42 |       0 | 44.06 |  87.23 |  468.88 |  2002 |   1
 n stprin stn st                                    | ation      | 31904      | 192             | Cedar              | Peru                 | 50302      | 837             | West               | Belmont         | 50191      |  2001 |   1 | 77.42 | 101.42 |       0 | 87.16 |  87.16 |       0 |  2002 |   1
 oughtableableeing                                  | ought      | 31904      | 855             | First              | Marion               | 30399      | 171             | Washington         | Lakewood        | 38877      |  2001 |   1 | 28.63 |  49.81 |       0 | 81.11 | 128.96 |       0 |  2002 |   1
 oughtableationanti                                 | able       | 35709      | 30              | Third              | Oakland              | 49843      | 153             | Elm                | Greenfield      | 75038      |  2001 |   1 | 93.44 | 123.34 |       0 | 25.02 |  27.27 |       0 |  2002 |   1
 oughtableationanti                                 | bar        | 31904      | 552             | Franklin 8th       | Oak Hill             | 67838      | 177             | Maple              | Shady Grove     | 72812      |  2001 |   1 | 50.82 |  73.18 |       0 | 35.74 |  62.18 |  780.58 |  2002 |   1
 oughtableationanti                                 | bar        | 31904      |                 |                    | Woodlawn             | 04698      | 413             | Oak 11th           | Summit          | 30499      |  2001 |   1 | 80.12 | 109.76 |       0 | 35.74 |  62.18 |  780.58 |  2002 |   1
 oughtableationanti                                 | ese        | 31904      | 891             | Jefferson Wilson   | Clinton              | 48222      | 150             | 5th                | Maple Grove     | 48252      |  2001 |   1 | 43.92 |  79.49 |       0 | 56.63 |  91.74 |       0 |  2002 |   1
 oughtablepriantiought                              | bar        | 31904      | 38              | Pine Sixth         | Fairview             | 35709      | 493             | Center             | Hillcrest       | 53003      |  2001 |   1 |  6.76 |  11.22 |       0 | 26.68 |  29.34 |       0 |  2002 |   1
 oughtablepriantiought                              | bar        | 31904      | 38              | Pine Sixth         | Fairview             | 35709      | 493             | Center             | Hillcrest       | 53003      |  2001 |   1 |  6.76 |  11.22 |       0 | 80.56 | 107.95 |  4276.2 |  2002 |   1
 oughtablepriantiought                              | ought      | 31904      | 760             | Broadway           | Hopewell             | 80587      | 114             | 6th                | Fairview        | 35709      |  2001 |   1 | 10.18 |  14.65 |       0 | 18.85 |  35.24 |       0 |  2002 |   1
 oughtablepriantiought                              | ought      | 31904      | 760             | Broadway           | Hopewell             | 80587      | 114             | 6th                | Fairview        | 35709      |  2001 |   1 | 10.18 |  14.65 |       0 | 80.95 |  86.61 |       0 |  2002 |   1
 oughtantiableeing                                  | able       | 35709      | 577             | 10th               | Plainview            | 13683      | 114             | First              | Oak Ridge       | 78371      |  2001 |   1 | 71.67 | 139.03 |       0 | 95.12 | 173.11 |       0 |  2002 |   1
 oughtantiableeing                                  | eing       | 35709      | 292             | Sunset             | Spring Hill          | 66787      | 563             |                    |                 |            |  2001 |   1 | 81.38 | 161.13 |       0 | 27.14 |  34.46 |       0 |  2002 |   1
 oughtantiableeing                                  | eing       | 35709      | 292             | Sunset             | Spring Hill          | 66787      | 563             |                    |                 |            |  2001 |   1 | 81.38 | 161.13 |       0 | 40.76 |  55.84 |       0 |  2002 |   1
 oughtantiableeing                                  | ese        | 31904      | 428             | Hill 8th           | Bridgeport           | 55817      | 727             | Cedar 7th          | Green Acres     | 67683      |  2001 |   1 | 58.84 |  72.96 |       0 |  89.2 |  133.8 |       0 |  2002 |   1
 oughtantiantieseought                              | eing       | 35709      | 354             | Miller Adams       | Macedonia            | 11087      | 197             | Jefferson Wilson   | Glendale        | 43951      |  2001 |   1 |  50.8 |  56.38 |  484.61 | 47.16 |  66.49 |       0 |  2002 |   1
 oughtantiationn st                                 | ought      | 31904      | 472             | 8th                | Lakewood             | 38877      | 777             | 13th               | Greenfield      | 35038      |  2001 |   1 | 52.73 |  62.22 |       0 | 46.92 |  47.38 |       0 |  2002 |   1
 oughtantically                                     | able       | 35709      | 612             | Pine 6th           | Wildwood             | 26871      | 33              | Walnut Mill        | Glendale        | 04551      |  2001 |   1 | 38.33 |  70.91 |       0 | 89.86 | 132.99 |       0 |  2002 |   1
 oughtantically                                     | ation      | 31904      | 684             | Hickory Maple      | Payne                | 66134      | 542             | Main Park          | Shady Grove     | 52812      |  2001 |   1 | 43.77 |  65.21 |       0 | 31.47 |  62.94 |       0 |  2002 |   1
 oughtantically                                     | ation      | 31904      | 684             | Hickory Maple      | Payne                | 66134      | 542             | Main Park          | Shady Grove     | 52812      |  2001 |   1 | 43.77 |  65.21 |       0 | 89.72 | 123.81 |       0 |  2002 |   1
 oughtanticallyantiought                            | bar        | 31904      | 631             |                    | Washington Heights   |            | 752             | Washington Oak     | Youngstown      | 70001      |  2001 |   1 | 97.33 | 151.83 |       0 | 25.96 |  39.97 |       0 |  2002 |   1
 oughtantieseanti                                   | eing       | 35709      | 28              | Sycamore           | Bridgeport           | 65817      | 640             | Lincoln Hill       | Enterprise      | 31757      |  2001 |   1 | 63.61 | 127.22 |       0 | 37.07 |  60.79 |       0 |  2002 |   1
 oughtantieseanti                                   | eing       | 35709      | 162             | View               | Greenwood            | 78828      | 770             | Willow Jackson     | Riverside       | 49231      |  2001 |   1 | 91.25 | 119.53 |       0 | 37.07 |  60.79 |       0 |  2002 |   1
 oughtantioughtableought                            | eing       | 35709      | 619             | Church Highland    | Woodville            | 64289      | 601             | 12th Maple         | Franklin        | 79101      |  2001 |   1 | 44.27 |  85.44 | 1270.08 | 30.64 |  37.07 |       0 |  2002 |   1
 oughtantioughtableought                            | eing       | 35709      | 762             | Elm 14th           | Mount Pleasant       | 02533      | 283             | Railroad Maple     | Glenwood        | 53511      |  2001 |   1 | 53.28 |  74.05 |       0 | 30.64 |  37.07 |       0 |  2002 |   1
 oughtantioughtableought                            | eing       | 35709      | 693             | Chestnut Seventh   | Springdale           | 38883      | 560             | Hill               | Bunker Hill     | 50150      |  2001 |   1 | 99.75 | 124.68 |       0 | 30.64 |  37.07 |       0 |  2002 |   1
 oughtationationought                               | bar        | 31904      | 450             | Lake               | Harmony              | 45804      |                 | Lincoln            | Clifton         |            |  2001 |   1 | 54.48 | 108.96 |       0 | 64.41 |  85.66 |       0 |  2002 |   1
 oughtationationought                               | ese        | 31904      | 79              | Ridge              | Cumberland           | 78971      | 946             | Laurel Adams       | Wilson          | 66971      |  2001 |   1 |  5.92 |   6.03 |       0 | 23.27 |  38.39 |       0 |  2002 |   1
 oughtationationought                               | ese        | 31904      | 525             | Sycamore Mill      | Pleasant Valley      | 03077      | 81              | Maple              | Lebanon         | 42898      |  2001 |   1 |  80.9 |    144 |       0 | 23.27 |  38.39 |       0 |  2002 |   1
 oughtationn stbarought                             | ese        | 31904      | 62              | 7th 4th            | Glenwood             | 53511      | 241             | 2nd                | Buena Vista     | 45752      |  2001 |   1 | 24.52 |  34.32 |       0 |  25.3 |  47.31 |       0 |  2002 |   1
 oughtationn stbarought                             | ese        | 31904      | 82              | Sixth              | Woodlawn             | 54098      | 679             | Green              | Liberty         | 63451      |  2001 |   1 | 30.67 |  31.28 |       0 |  25.3 |  47.31 |       0 |  2002 |   1
 oughtationn stbarought                             | ese        | 31904      | 754             | Green              | Mount Zion           | 78054      | 947             | 15th               | Greenwood       | 88828      |  2001 |   1 | 35.51 |     49 |       0 |  25.3 |  47.31 |       0 |  2002 |   1
 oughtationn stbarought                             | ought      | 31904      | 787             | Maple              | White Oak            | 66668      | 42              | Park               | Oakwood         | 20169      |  2001 |   1 | 51.84 |  93.31 |       0 | 24.76 |  49.27 |       0 |  2002 |   1
 oughtationn stbarought                             | ought      | 31904      | 673             | Elevnth            | Red Hill             | 24338      | 545             | Spring             | Mount Pleasant  | 21933      |  2001 |   1 | 55.87 |  86.03 | 1570.77 | 24.76 |  49.27 |       0 |  2002 |   1
 oughtationn stbarought                             | ought      | 31904      | 852             | 7th Hickory        | Valley View          | 55124      | 368             | Hill               | Belmont         | 70191      |  2001 |   1 | 93.01 | 103.24 |       0 | 24.76 |  49.27 |       0 |  2002 |   1
 oughtationoughtation                               | ation      | 31904      | 572             | 5th                | Providence           | 76614      | 632             | Pine Main          | Brownsville     | 99310      |  2001 |   1 | 75.89 |  82.72 |       0 |  7.13 |  13.33 |   12.17 |  2002 |   1
 oughtationoughtation                               | ation      | 31904      | 572             | 5th                | Providence           | 76614      | 632             | Pine Main          | Brownsville     | 99310      |  2001 |   1 | 75.89 |  82.72 |       0 | 38.81 |  75.67 | 3092.09 |  2002 |   1
 oughtationoughtation                               | ation      | 31904      | 572             | 5th                | Providence           | 76614      | 632             | Pine Main          | Brownsville     | 99310      |  2001 |   1 | 75.89 |  82.72 |       0 | 57.52 |  90.88 |       0 |  2002 |   1
 oughtationoughtation                               | ation      | 31904      | 572             | 5th                | Providence           | 76614      | 632             | Pine Main          | Brownsville     | 99310      |  2001 |   1 | 75.89 |  82.72 |       0 | 82.96 | 160.94 | 2230.53 |  2002 |   1
 oughtationoughtation                               | ation      | 31904      | 572             | 5th                | Providence           | 76614      | 632             | Pine Main          | Brownsville     | 99310      |  2001 |   1 | 75.89 |  82.72 |       0 | 94.13 | 149.66 | 2613.75 |  2002 |   1
 oughtationoughtation                               | ation      | 31904      | 470             | 2nd Seventh        | Belmont              | 20191      | 206             | Poplar Jackson     | Red Hill        | 34338      |  2001 |   1 | 80.27 | 124.41 |       0 |  7.13 |  13.33 |   12.17 |  2002 |   1
 oughtationoughtation                               | ation      | 31904      | 470             | 2nd Seventh        | Belmont              | 20191      | 206             | Poplar Jackson     | Red Hill        | 34338      |  2001 |   1 | 80.27 | 124.41 |       0 | 38.81 |  75.67 | 3092.09 |  2002 |   1
 oughtationoughtation                               | ation      | 31904      | 470             | 2nd Seventh        | Belmont              | 20191      | 206             | Poplar Jackson     | Red Hill        | 34338      |  2001 |   1 | 80.27 | 124.41 |       0 | 57.52 |  90.88 |       0 |  2002 |   1
 oughtationoughtation                               | ation      | 31904      | 470             | 2nd Seventh        | Belmont              | 20191      | 206             | Poplar Jackson     | Red Hill        | 34338      |  2001 |   1 | 80.27 | 124.41 |       0 | 82.96 | 160.94 | 2230.53 |  2002 |   1
 oughtationoughtation                               | ation      | 31904      | 470             | 2nd Seventh        | Belmont              | 20191      | 206             | Poplar Jackson     | Red Hill        | 34338      |  2001 |   1 | 80.27 | 124.41 |       0 | 94.13 | 149.66 | 2613.75 |  2002 |   1
 oughtationoughtation                               | ation      | 31904      | 712             | Seventh 2nd        | Ashland              |            | 42              | Third South        | Clifton         | 78014      |  2001 |   1 |  81.6 |  93.02 |       0 |  7.13 |  13.33 |   12.17 |  2002 |   1
 oughtationoughtation                               | ation      | 31904      | 712             | Seventh 2nd        | Ashland              |            | 42              | Third South        | Clifton         | 78014      |  2001 |   1 |  81.6 |  93.02 |       0 | 38.81 |  75.67 | 3092.09 |  2002 |   1
 oughtationoughtation                               | ation      | 31904      | 712             | Seventh 2nd        | Ashland              |            | 42              | Third South        | Clifton         | 78014      |  2001 |   1 |  81.6 |  93.02 |       0 | 57.52 |  90.88 |       0 |  2002 |   1
 oughtationoughtation                               | ation      | 31904      | 712             | Seventh 2nd        | Ashland              |            | 42              | Third South        | Clifton         | 78014      |  2001 |   1 |  81.6 |  93.02 |       0 | 82.96 | 160.94 | 2230.53 |  2002 |   1
 oughtationoughtation                               | ation      | 31904      | 712             | Seventh 2nd        | Ashland              |            | 42              | Third South        | Clifton         | 78014      |  2001 |   1 |  81.6 |  93.02 |       0 | 94.13 | 149.66 | 2613.75 |  2002 |   1
 oughtationoughtation                               | ation      | 31904      | 654             | Jackson            | Springhill           | 74602      | 918             | Laurel Hickory     | Stringtown      | 90162      |  2001 |   1 |  96.8 | 149.07 |       0 |  7.13 |  13.33 |   12.17 |  2002 |   1
 oughtationoughtation                               | ation      | 31904      | 654             | Jackson            | Springhill           | 74602      | 918             | Laurel Hickory     | Stringtown      | 90162      |  2001 |   1 |  96.8 | 149.07 |       0 | 38.81 |  75.67 | 3092.09 |  2002 |   1
 oughtationoughtation                               | ation      | 31904      | 654             | Jackson            | Springhill           | 74602      | 918             | Laurel Hickory     | Stringtown      | 90162      |  2001 |   1 |  96.8 | 149.07 |       0 | 57.52 |  90.88 |       0 |  2002 |   1
 oughtationoughtation                               | ation      | 31904      | 654             | Jackson            | Springhill           | 74602      | 918             | Laurel Hickory     | Stringtown      | 90162      |  2001 |   1 |  96.8 | 149.07 |       0 | 82.96 | 160.94 | 2230.53 |  2002 |   1
 oughtationoughtation                               | ation      | 31904      | 654             | Jackson            | Springhill           | 74602      | 918             | Laurel Hickory     | Stringtown      | 90162      |  2001 |   1 |  96.8 | 149.07 |       0 | 94.13 | 149.66 | 2613.75 |  2002 |   1
 oughtationoughtation                               | eing       | 35709      | 398             | Maple Davis        | Five Points          | 76098      | 580             | South              | Lakewood        | 98877      |  2001 |   1 | 80.25 | 158.09 |       0 | 78.69 | 120.39 |       0 |  2002 |   1
 oughtationoughtation                               | ese        | 31904      | 498             | Eigth Johnson      | Mount Vernon         | 98482      | 306             | Laurel             | Oakland         | 29843      |  2001 |   1 | 75.17 |  80.43 |       0 | 14.28 |  17.99 |       0 |  2002 |   1
 oughtationpriation                                 | bar        | 31904      | 400             | North Birch        | Arlington            | 46557      | 130             | South Park         | Red Hill        | 24338      |  2001 |   1 | 86.89 | 132.07 |       0 | 86.96 | 138.26 |       0 |  2002 |   1
 oughtationpriation                                 | bar        | 31904      | 646             | Birch Sunset       | Lincoln              | 31289      | 285             | 14th Hickory       | Bridgeport      | 35817      |  2001 |   1 | 90.96 | 159.18 |       0 | 86.96 | 138.26 |       0 |  2002 |   1
 oughtationpriation                                 | eing       | 35709      | 847             | Center             | Highland             | 39454      | 518             | Fifth              | Wilson          | 56971      |  2001 |   1 |  89.1 | 159.48 |       0 | 68.26 | 118.77 |       0 |  2002 |   1
 oughtationpriation                                 | eing       | 35709      | 847             | Center             | Highland             | 39454      | 518             | Fifth              | Wilson          | 56971      |  2001 |   1 |  89.1 | 159.48 |       0 | 87.99 | 116.14 | 1924.67 |  2002 |   1
 oughtbarantibarought                               | able       | 35709      | 290             | Oak                | Sunnyside            | 51952      | 372             | Church 9th         | Lebanon         | 52898      |  2001 |   1 | 56.09 |   87.5 |       0 |  3.73 |   7.42 |       0 |  2002 |   1
 oughtbarantiought                                  | ation      | 31904      | 754             | Jackson Pine       | Kingston             | 24975      | 2               | Hill               | Concord         | 84107      |  2001 |   1 | 42.17 |  47.23 |  190.85 | 55.46 |  98.16 |  2618.4 |  2002 |   1
 oughtbarantiought                                  | bar        | 31904      | 235             | 13th 7th           | Mount Olive          | 98059      | 467             | 3rd Pine           | Bethel          | 55281      |  2001 |   1 | 37.39 |  64.31 |       0 |  18.9 |  26.27 |  424.11 |  2002 |   1
 oughtbarantiought                                  | bar        | 31904      | 235             | 13th 7th           | Mount Olive          | 98059      | 467             | 3rd Pine           | Bethel          | 55281      |  2001 |   1 | 37.39 |  64.31 |       0 | 23.28 |  34.22 |   28.57 |  2002 |   1
 oughtbarn stableought                              | bar        | 31904      | 527             | 14th 2nd           | Shady Grove          | 42812      | 863             | Ninth              | Woodruff        | 34174      |  2001 |   1 | 88.59 |  175.4 |       0 | 37.33 |  67.19 |       0 |  2002 |   1
 oughtbarn stableought                              | ese        | 31904      |                 |                    | Lakeview             |            | 521             | Second Elm         | Centerville     | 60059      |  2001 |   1 |  7.44 |  13.76 |   54.58 | 43.15 |  80.25 |  274.43 |  2002 |   1
 oughtbarn stableought                              | ese        | 31904      |                 |                    | Lakeview             |            | 521             | Second Elm         | Centerville     | 60059      |  2001 |   1 |  7.44 |  13.76 |   54.58 | 52.24 |  72.61 |  147.59 |  2002 |   1
 oughtbarn steing                                   | bar        | 31904      | 275             | First              | Mount Vernon         | 68482      | 331             | Railroad College   | Unionville      | 81711      |  2001 |   1 | 59.27 | 110.24 | 1272.61 | 14.82 |  15.26 |   219.6 |  2002 |   1
 oughtbarn steing                                   | eing       | 35709      | 771             | 1st                | Highland             | 09454      | 613             | Adams              | Pleasant Hill   | 73604      |  2001 |   1 | 28.61 |  35.76 | 1201.71 | 41.01 |  56.18 |       0 |  2002 |   1
 oughtbarn steing                                   | ought      | 31904      | 181             | Mill               | Hillcrest            | 53003      | 260             | 12th               | New Hope        | 39431      |  2001 |   1 | 28.47 |  37.01 |       0 | 43.77 |  60.84 |       0 |  2002 |   1
 oughtbaroughteing                                  | eing       | 35709      | 597             | Pine Spring        | Greenwood            | 88828      | 238             | East Jackson       | Proctor         | 98140      |  2001 |   1 | 89.76 | 173.23 |       0 | 67.73 |  97.53 |       0 |  2002 |   1
 oughtbarprioughtought                              | bar        | 31904      | 171             | Park 8th           | Pomona               | 44153      | 201             | Washington Main    | Spring Valley   | 86060      |  2001 |   1 |  25.3 |  30.36 |       0 | 16.03 |  16.99 |   14.38 |  2002 |   1
 oughtbarprioughtought                              | bar        | 31904      | 668             | College            | Shiloh               | 69275      | 675             | South 4th          | Riverview       | 79003      |  2001 |   1 | 76.86 | 122.97 |       0 | 16.03 |  16.99 |   14.38 |  2002 |   1
 oughtbarprioughtought                              | eing       | 35709      | 477             | 6th                | Woodlawn             | 44098      | 739             | Birch              | Glenwood        | 23511      |  2001 |   1 |  5.25 |   9.03 |       0 |  82.3 | 106.99 |   57.96 |  2002 |   1
 oughtbarprioughtought                              | ese        | 31904      | 593             | Church             | Deerfield            | 79840      | 684             | Ridge              | Providence      | 36614      |  2001 |   1 | 62.13 |  88.22 |       0 | 31.81 |  34.35 |       0 |  2002 |   1
 oughtbarprioughtought                              | ese        | 31904      | 593             | Church             | Deerfield            | 79840      | 684             | Ridge              | Providence      | 36614      |  2001 |   1 | 62.13 |  88.22 |       0 | 91.62 | 174.99 |       0 |  2002 |   1
 oughtbarprioughtought                              | ought      | 31904      | 872             | Jackson            | Bethel               | 55281      | 770             | Ash                | Plainview       | 04283      |  2001 |   1 |  51.5 |  95.79 |  605.91 | 75.07 |  111.1 |       0 |  2002 |   1
 oughtcallyanti                                     | eing       | 35709      | 995             | 2nd Hillcrest      | Bunker Hill          | 70150      | 215             | View Walnut        | Liberty         | 33451      |  2001 |   1 | 39.18 |  65.43 |       0 |   2.5 |   4.25 |    0.88 |  2002 |   1
 oughtcallyanti                                     | eing       | 35709      | 512             | Hill               | Pleasant Valley      | 22477      | 197             | View Hickory       | Belmont         | 40191      |  2001 |   1 | 48.24 |  61.74 |       0 |   2.5 |   4.25 |    0.88 |  2002 |   1
 oughtcallyanti                                     | ese        | 31904      | 99              | 6th Oak            | Waterloo             | 11675      | 735             | 10th               | Walnut Grove    | 37752      |  2001 |   1 | 80.29 | 133.28 |       0 | 77.44 | 144.81 |       0 |  2002 |   1
 oughtcallyationeing                                | able       | 35709      | 38              | Third              | Newtown              | 41749      | 547             | 7th Elm            | Highland Park   | 56534      |  2001 |   1 | 48.06 |  89.87 |       0 | 84.65 | 139.67 |    8.54 |  2002 |   1
 oughtcallyationeing                                | bar        | 31904      | 679             | 8th Fourth         | Stringtown           | 50162      | 177             | Willow             | Woodlawn        | 14098      |  2001 |   1 | 33.55 |  58.71 |       0 | 31.66 |  46.85 |  276.16 |  2002 |   1
 oughtcallyationeing                                | bar        | 31904      | 679             | 8th Fourth         | Stringtown           | 50162      | 177             | Willow             | Woodlawn        | 14098      |  2001 |   1 | 33.55 |  58.71 |       0 | 47.11 |  73.49 |       0 |  2002 |   1
 oughtcallyationeing                                | ese        | 31904      | 949             | Maple 9th          | Green Acres          | 97683      | 827             | Wilson             | Westgate        | 82366      |  2001 |   1 | 54.59 |  84.06 |       0 | 95.32 | 155.37 |       0 |  2002 |   1
 oughtcallyationeseought                            | ation      | 31904      | 473             | Smith Jackson      | Union Hill           | 77746      | 468             | Center View        | Stringtown      | 60162      |  2001 |   1 | 24.26 |  27.65 |  219.96 | 10.58 |  21.16 |       0 |  2002 |   1
 oughtcallyationeseought                            | ation      | 31904      | 473             | Smith Jackson      | Union Hill           | 77746      | 468             | Center View        | Stringtown      | 60162      |  2001 |   1 | 24.26 |  27.65 |  219.96 | 20.71 |  27.13 |  384.01 |  2002 |   1
 oughtcallyationeseought                            | ation      | 31904      | 473             | Smith Jackson      | Union Hill           | 77746      | 468             | Center View        | Stringtown      | 60162      |  2001 |   1 | 24.26 |  27.65 |  219.96 | 49.47 |  90.53 |       0 |  2002 |   1
 oughtcallyationeseought                            | eing       | 35709      | 266             | 2nd Fourth         | Springfield          | 39303      | 271             | Washington         | Antioch         | 09205      |  2001 |   1 | 83.66 | 117.12 |  236.69 | 45.97 |  79.06 |       0 |  2002 |   1
 oughtcallyationeseought                            | ought      | 31904      | 97              | North Ridge        | Mount Vernon         | 58482      | 300             | Pine               | Lebanon         | 72898      |  2001 |   1 |  8.17 |  13.15 |       0 | 45.37 |   67.6 |       0 |  2002 |   1
 oughtcallyationeseought                            | ought      | 31904      | 97              | North Ridge        | Mount Vernon         | 58482      | 300             | Pine               | Lebanon         | 72898      |  2001 |   1 |  8.17 |  13.15 |       0 |  52.7 |  96.96 |       0 |  2002 |   1
 oughtcallyationeseought                            | ought      | 31904      | 996             | Highland Green     | Red Hill             | 44338      | 466             | Valley Broadway    | Woodruff        | 54174      |  2001 |   1 | 58.41 | 110.39 |  128.14 | 45.37 |   67.6 |       0 |  2002 |   1
 oughtcallyationeseought                            | ought      | 31904      | 996             | Highland Green     | Red Hill             | 44338      | 466             | Valley Broadway    | Woodruff        | 54174      |  2001 |   1 | 58.41 | 110.39 |  128.14 |  52.7 |  96.96 |       0 |  2002 |   1
 oughtcallyationeseought                            | ought      | 31904      | 838             | Oak                | New Hope             | 29431      | 922             | 3rd                | Antioch         | 38605      |  2001 |   1 | 86.64 | 127.36 |       0 | 45.37 |   67.6 |       0 |  2002 |   1
 oughtcallyationeseought                            | ought      | 31904      | 838             | Oak                | New Hope             | 29431      | 922             | 3rd                | Antioch         | 38605      |  2001 |   1 | 86.64 | 127.36 |       0 |  52.7 |  96.96 |       0 |  2002 |   1
 oughtcallybarcally                                 | ought      | 31904      | 455             | 10th               | Pleasant Valley      | 52477      | 464             | Laurel West        | Summit          | 30499      |  2001 |   1 | 86.91 |  94.73 |       0 | 15.15 |  19.08 |       0 |  2002 |   1
 oughtcallybarcally                                 | ought      | 31904      | 455             | 10th               | Pleasant Valley      | 52477      | 464             | Laurel West        | Summit          | 30499      |  2001 |   1 | 86.91 |  94.73 |       0 | 54.04 |  83.76 |       0 |  2002 |   1
 oughtcallybarcally                                 | ought      | 31904      | 455             | 10th               | Pleasant Valley      | 52477      | 464             | Laurel West        | Summit          | 30499      |  2001 |   1 | 86.91 |  94.73 |       0 | 59.18 | 103.56 |       0 |  2002 |   1
 oughtcallybarcally                                 | ought      | 31904      | 455             | 10th               | Pleasant Valley      | 52477      | 464             | Laurel West        | Summit          | 30499      |  2001 |   1 | 86.91 |  94.73 |       0 | 95.03 | 136.84 |       0 |  2002 |   1
 oughtcallybareseought                              | able       | 35709      | 52              | 7th Dogwood        | Deerfield            | 39840      | 931             | Jackson            | Amity           | 60766      |  2001 |   1 |  42.8 |  56.92 |       0 |  3.28 |    5.6 |       0 |  2002 |   1
 oughtcallybareseought                              | able       | 35709      | 239             | Park               | Shiloh               | 39275      | 2               | Main Laurel        | Georgetown      | 27057      |  2001 |   1 | 43.34 |  70.21 | 2507.84 |  3.28 |    5.6 |       0 |  2002 |   1
 oughtcallybareseought                              | able       | 35709      | 792             | Main               | Deerfield            | 59840      | 89              | North              | Fairfield       | 46192      |  2001 |   1 | 99.04 | 151.53 |       0 |  3.28 |    5.6 |       0 |  2002 |   1
 oughtcallycallypri                                 | bar        | 31904      | 801             | West 1st           | Ellsworth            | 55079      | 634             | Park               | Clinton         | 58222      |  2001 |   1 | 36.73 |  55.09 |       0 | 20.86 |  26.28 |       0 |  2002 |   1
 oughtcallycallypri                                 | bar        | 31904      | 979             | Main               | California           | 40141      | 190             | Broadway East      | Plainview       | 73683      |  2001 |   1 | 48.14 |  72.21 |       0 | 20.86 |  26.28 |       0 |  2002 |   1
 oughtcallycallypri                                 | ese        | 31904      | 196             | Maple              | Shiloh               | 99275      | 443             | Third Railroad     | Bunker Hill     | 30150      |  2001 |   1 | 46.71 |  63.99 |       0 | 71.17 | 123.12 |       0 |  2002 |   1
 oughtcallycallypri                                 | ese        | 31904      | 422             | 9th Main           | Summit               | 70499      | 175             | Willow             | Crossroads      | 70534      |  2001 |   1 | 54.03 |  78.34 |       0 | 71.17 | 123.12 |       0 |  2002 |   1
 oughtcallycallypri                                 | ought      | 31904      | 557             | Smith 7th          | Reno                 | 20344      | 253             | Main First         | Five Forks      | 32293      |  2001 |   1 | 19.73 |  23.28 |       0 |  50.8 |  92.45 |       0 |  2002 |   1
 oughtcallycallypri                                 | ought      | 31904      | 557             | Smith 7th          | Reno                 | 20344      | 253             | Main First         | Five Forks      | 32293      |  2001 |   1 | 19.73 |  23.28 |       0 | 52.41 |  73.37 |       0 |  2002 |   1
 oughtcallyeingcally                                | ation      | 31904      | 528             | Lake Church        | Harmony              | 45804      | 191             | 7th                | Riverview       | 39003      |  2001 |   1 | 25.23 |  28.25 |       0 | 43.62 |   45.8 |       0 |  2002 |   1
 oughtcallyeingcally                                | ation      | 31904      | 528             | Lake Church        | Harmony              | 45804      | 191             | 7th                | Riverview       | 39003      |  2001 |   1 | 25.23 |  28.25 |       0 |  49.6 |  78.86 |       0 |  2002 |   1
 oughtcallyeingcally                                | ation      | 31904      | 528             | Lake Church        | Harmony              | 45804      | 191             | 7th                | Riverview       | 39003      |  2001 |   1 | 25.23 |  28.25 |       0 | 68.91 | 109.56 |       0 |  2002 |   1
 oughtcallypri                                      | bar        | 31904      | 93              | Tenth              | Arlington            | 76557      | 786             | Cedar              | Jamestown       | 86867      |  2001 |   1 | 10.36 |  17.81 |       0 | 13.28 |   23.1 |       0 |  2002 |   1
 oughtcallypri                                      | bar        | 31904      | 93              | Tenth              | Arlington            | 76557      | 786             | Cedar              | Jamestown       | 86867      |  2001 |   1 | 10.36 |  17.81 |       0 | 20.25 |  33.81 |       0 |  2002 |   1
 oughtcallypri                                      | bar        | 31904      | 93              | Tenth              | Arlington            | 76557      | 786             | Cedar              | Jamestown       | 86867      |  2001 |   1 | 10.36 |  17.81 |       0 | 87.61 | 151.56 |       0 |  2002 |   1
 oughtcallypri                                      | eing       | 35709      | 443             | College            | Lincoln              | 51289      | 575             | 8th                | Lakeview        | 48579      |  2001 |   1 | 59.24 |  75.82 |  993.21 | 14.29 |     26 |       0 |  2002 |   1
 oughteingableation                                 | ese        | 31904      | 976             | West               | Red Hill             | 44338      | 862             | Spring             | Oakdale         | 99584      |  2001 |   1 | 90.01 | 175.51 |       0 |  10.2 |  16.21 |       0 |  2002 |   1
 oughteingcallypri                                  | ought      | 31904      | 313             | 7th                | Springdale           | 48883      | 806             | 9th Sunset         | Brownsville     | 79310      |  2001 |   1 | 32.71 |  45.13 |       0 |  12.6 |   22.8 |       0 |  2002 |   1
 oughteingcallypri                                  | ought      | 31904      | 313             | 7th                | Springdale           | 48883      | 806             | 9th Sunset         | Brownsville     | 79310      |  2001 |   1 | 32.71 |  45.13 |       0 | 86.61 |   91.8 |       0 |  2002 |   1
 oughteingn st                                      | able       | 35709      | 206             | East               | Florence             | 93394      | 976             | 3rd                | Greenfield      | 65038      |  2001 |   1 | 99.37 | 183.83 |       0 |  12.7 |  25.14 |       0 |  2002 |   1
 oughteingn st                                      | eing       | 35709      | 664             | Railroad           | Newtown              | 51749      | 497             | Third              | Harmony         | 95804      |  2001 |   1 |  6.53 |  11.03 |       0 |  45.2 |  70.96 |       0 |  2002 |   1
 oughteingoughteing                                 | able       | 35709      | 804             | Washington         | Mount Olive          | 78059      | 520             | Washington Third   | Pleasant Grove  | 64136      |  2001 |   1 | 47.89 |  87.15 |       0 | 30.14 |  41.59 |       0 |  2002 |   1
 oughteingoughteing                                 | able       | 35709      | 804             | Washington         | Mount Olive          | 78059      | 520             | Washington Third   | Pleasant Grove  | 64136      |  2001 |   1 | 47.89 |  87.15 |       0 | 88.01 | 171.61 |       0 |  2002 |   1
 oughteseablecally                                  | ought      | 31904      | 985             | Hill               | Pleasant Hill        | 83604      | 502             | Williams Mill      | Four Points     | 61216      |  2001 |   1 | 88.71 |  130.4 |       0 | 44.07 |  59.05 |  616.41 |  2002 |   1
 oughteseablecally                                  | ought      | 31904      | 985             | Hill               | Pleasant Hill        | 83604      | 502             | Williams Mill      | Four Points     | 61216      |  2001 |   1 | 88.71 |  130.4 |       0 | 71.62 |   88.8 |  897.48 |  2002 |   1
 oughteseablecally                                  | ought      | 31904      | 985             | Hill               | Pleasant Hill        | 83604      | 502             | Williams Mill      | Four Points     | 61216      |  2001 |   1 | 88.71 |  130.4 |       0 | 87.26 | 127.39 |       0 |  2002 |   1
 oughteseationcallyought                            | able       | 35709      | 794             | 3rd Third          | Forest Hills         | 19237      | 167             | Johnson            | White Oak       | 56668      |  2001 |   1 | 11.56 |  21.27 |       0 | 47.92 |   78.1 |       0 |  2002 |   1
 oughteseationcallyought                            | eing       | 35709      | 342             | River Sixth        | Glenwood             | 23511      | 237             | 2nd                | Jackson         | 59583      |  2001 |   1 | 31.68 |  58.92 |  962.28 | 13.51 |  18.64 |       0 |  2002 |   1
 oughtesecallypriought                              | ation      | 31904      | 528             | Broadway           | Buena Vista          | 25752      | 930             | Elm                | Newport         | 51521      |  2001 |   1 |  2.05 |   2.09 |       0 | 11.25 |   16.2 |       0 |  2002 |   1
 oughtesecallypriought                              | ation      | 31904      | 528             | Broadway           | Buena Vista          | 25752      | 930             | Elm                | Newport         | 51521      |  2001 |   1 |  2.05 |   2.09 |       0 | 50.14 |  98.77 |       0 |  2002 |   1
 oughtesecallypriought                              | ation      | 31904      | 16              | Main               | Pleasant Hill        | 93604      | 912             | Hillcrest 8th      | Owens           | 82324      |  2001 |   1 | 58.43 |  89.39 |       0 | 11.25 |   16.2 |       0 |  2002 |   1
 oughtesecallypriought                              | ation      | 31904      | 16              | Main               | Pleasant Hill        | 93604      | 912             | Hillcrest 8th      | Owens           | 82324      |  2001 |   1 | 58.43 |  89.39 |       0 | 50.14 |  98.77 |       0 |  2002 |   1
 oughtesecallypriought                              | ation      | 31904      | 904             | Park               | Summit               | 60499      | 127             | 9th                | Glenwood        | 43511      |  2001 |   1 | 97.55 | 114.13 |       0 | 11.25 |   16.2 |       0 |  2002 |   1
 oughtesecallypriought                              | ation      | 31904      | 904             | Park               | Summit               | 60499      | 127             | 9th                | Glenwood        | 43511      |  2001 |   1 | 97.55 | 114.13 |       0 | 50.14 |  98.77 |       0 |  2002 |   1
 oughtesecallypriought                              | ese        | 31904      | 129             | Pine Sixth         | Bethel               | 55281      | 858             | Laurel             | Union Hill      | 57746      |  2001 |   1 | 65.42 |  83.73 |       0 | 41.42 |  74.14 | 1565.56 |  2002 |   1
 oughteseeingoughtought                             | able       | 35709      | 266             | 2nd Fourth         | Springfield          | 39303      | 657             | Third              | Springfield     | 39303      |  2001 |   1 | 62.52 |  83.15 |       0 | 38.67 |  47.95 |       0 |  2002 |   1
 oughteseeingoughtought                             | able       | 35709      | 810             |                    |                      |            | 40              | Washington Main    | Antioch         | 38605      |  2001 |   1 | 76.97 |   93.9 |       0 | 38.67 |  47.95 |       0 |  2002 |   1
 oughteseeingoughtought                             | ese        | 31904      | 336             | Hill View          | Oak Ridge            | 28371      | 32              | West               | Salem           | 48048      |  2001 |   1 | 29.91 |  37.38 |       0 | 88.12 | 131.29 |       0 |  2002 |   1
 oughteseeingoughtought                             | ese        | 31904      | 102             | Lincoln 10th       | Crossroads           | 50534      | 156             | Hickory Pine       | Lakeside        | 49532      |  2001 |   1 | 54.51 |  74.67 |       0 | 88.12 | 131.29 |       0 |  2002 |   1
 oughteseeingoughtought                             | ese        | 31904      | 455             | Poplar             | Galena               | 64369      | 505             | Smith              | Spring Valley   | 66060      |  2001 |   1 | 84.61 |  94.76 |       0 | 88.12 | 131.29 |       0 |  2002 |   1
 oughteseesebarought                                | able       | 35709      | 366             | Locust Lake        | Cumberland           | 28971      | 95              | 4th 11th           | Sulphur Springs | 88354      |  2001 |   1 | 93.62 | 147.91 |       0 | 40.26 |  49.11 |       0 |  2002 |   1
 oughteseesebarought                                | able       | 35709      | 366             | Locust Lake        | Cumberland           | 28971      | 95              | 4th 11th           | Sulphur Springs | 88354      |  2001 |   1 | 93.62 | 147.91 |       0 | 50.02 |  85.53 |       0 |  2002 |   1
 oughteseesebarought                                | bar        | 31904      | 823             | Park               | Royal                | 55819      | 205             | Oak East           | Marion          | 50399      |  2001 |   1 |  48.4 |  57.11 |       0 | 81.66 | 104.52 |       0 |  2002 |   1
 oughteseesebarought                                | eing       | 35709      | 449             | Birch South        | Jackson              | 59583      | 648             | Valley Lake        | Red Hill        | 44338      |  2001 |   1 |  99.4 | 113.31 |       0 | 59.41 |  81.98 |       0 |  2002 |   1
 oughtesen stbarought                               | eing       | 35709      | 233             | 7th                | Stringtown           | 70162      | 385             | Sixth              | Clinton         | 38222      |  2001 |   1 | 29.42 |  39.42 |       0 | 13.47 |  18.31 |       0 |  2002 |   1
 oughtesen stbarought                               | eing       | 35709      | 233             | 7th                | Stringtown           | 70162      | 385             | Sixth              | Clinton         | 38222      |  2001 |   1 | 29.42 |  39.42 |       0 | 64.51 |  83.21 |       0 |  2002 |   1
 oughtesen stbarought                               | eing       | 35709      | 990             | Cherry             | Phoenix              | 32276      | 705             | 5th                | Pine Grove      | 44593      |  2001 |   1 | 90.45 | 170.04 |       0 | 13.47 |  18.31 |       0 |  2002 |   1
 oughtesen stbarought                               | eing       | 35709      | 990             | Cherry             | Phoenix              | 32276      | 705             | 5th                | Pine Grove      | 44593      |  2001 |   1 | 90.45 | 170.04 |       0 | 64.51 |  83.21 |       0 |  2002 |   1
 oughtesen stbarought                               | ought      | 31904      | 644             | Main               | Greenwood            | 28828      | 920             | Spring             | Plainview       | 53683      |  2001 |   1 |  76.8 | 128.25 |       0 | 87.64 | 106.92 | 1752.83 |  2002 |   1
 oughtesen stbarought                               | ought      | 31904      | 644             | Main               | Greenwood            | 28828      | 920             | Spring             | Plainview       | 53683      |  2001 |   1 |  76.8 | 128.25 |       0 | 92.61 | 168.55 |       0 |  2002 |   1
 oughtn stantiableought                             | eing       | 35709      | 217             | Maple              | White Oak            | 66668      | 136             | 10th               | Green Acres     | 87683      |  2001 |   1 | 72.12 | 111.06 |       0 | 55.02 |  74.27 |       0 |  2002 |   1
 oughtn stantiableought                             | eing       | 35709      | 266             | Sunset Locust      | Glenwood             | 93511      | 177             | Ridge Railroad     | Texas           | 33342      |  2001 |   1 | 90.55 |  148.5 |       0 | 55.02 |  74.27 |       0 |  2002 |   1
 oughtn stbarableought                              | able       | 35709      |                 |                    |                      |            | 784             | Smith              | Fairview        | 85709      |  2001 |   1 | 31.94 |  60.36 |       0 | 33.68 |  56.24 |       0 |  2002 |   1
 oughtn stbarableought                              | able       | 35709      |                 |                    |                      |            | 784             | Smith              | Fairview        | 85709      |  2001 |   1 | 31.94 |  60.36 |       0 | 99.94 | 138.91 |       0 |  2002 |   1
 oughtn stbarableought                              | ese        | 31904      | 675             | 6th                | Stratford            | 16668      | 41              | 5th                | Jackson         | 59583      |  2001 |   1 | 72.44 |    113 |       0 | 92.06 | 157.42 |       0 |  2002 |   1
 oughtn stcally                                     | ese        | 31904      | 467             | Park Jackson       | Sunnyside            | 41952      | 374             | Laurel Spring      | Crossroads      | 10534      |  2001 |   1 |  47.9 |   54.6 |       0 | 37.15 |  72.07 |       0 |  2002 |   1
 oughtn stcally                                     | ese        | 31904      | 989             | Church             | Cedar Grove          | 60411      | 751             | 4th Cedar          | Mount Vernon    | 28482      |  2001 |   1 | 99.59 | 104.56 |       0 | 37.15 |  72.07 |       0 |  2002 |   1
 oughtn stcally                                     | ought      | 31904      | 939             | Washington         | Mount Olive          | 98059      | 67              | Dogwood Railroad   | Lincoln         | 21289      |  2001 |   1 | 23.39 |  25.26 |       0 |  46.7 |  76.58 |       0 |  2002 |   1
 oughtn stcally                                     | ought      | 31904      | 117             | Church Mill        | Edgewood             | 60069      | 623             | Williams           | Crossroads      | 40534      |  2001 |   1 | 56.24 |  90.54 |       0 |  46.7 |  76.58 |       0 |  2002 |   1
 oughtn stcallyableought                            | ation      | 31904      | 958             | Spruce 14th        | Hamilton             | 22808      | 825             | Birch Lake         | Red Hill        | 24338      |  2001 |   1 | 56.32 | 109.82 |       0 | 54.21 |  58.54 |       0 |  2002 |   1
 oughtn stcallyableought                            | ation      | 31904      | 958             | Spruce 14th        | Hamilton             | 22808      | 825             | Birch Lake         | Red Hill        | 24338      |  2001 |   1 | 56.32 | 109.82 |       0 | 56.12 |  86.98 |       0 |  2002 |   1
 oughtn stcallyableought                            | bar        | 31904      | 86              | Meadow 12th        | Wesley               | 71218      | 5               | 4th Walnut         | Stringtown      | 30162      |  2001 |   1 | 15.88 |  17.46 |       0 | 99.95 |  185.9 |       0 |  2002 |   1
 oughtn stcallyableought                            | eing       | 35709      | 347             | Highland           | Green Acres          | 97683      | 817             | Park Sixth         | Blue Springs    | 94686      |  2001 |   1 | 52.67 |     79 |       0 |  9.19 |  11.21 |       0 |  2002 |   1
 oughtn stcallyn st                                 | able       | 35709      | 814             | Lee                | Providence           | 36614      | 487             | Highland           | Saint Clair     | 65294      |  2001 |   1 | 10.31 |  13.71 |       0 | 80.68 | 116.98 |       0 |  2002 |   1
 oughtn stcallyn st                                 | able       | 35709      | 413             | Lee 7th            | Flint                | 48909      | 173             | Elm 2nd            | Five Forks      | 52293      |  2001 |   1 | 86.75 | 116.24 |       0 | 80.68 | 116.98 |       0 |  2002 |   1
 oughtn stcallyn st                                 | ation      | 31904      | 238             | 9th Maple          | Franklin             | 39101      | 178             | 1st                | Farmersville    | 99305      |  2001 |   1 |  67.3 |  124.5 |       0 | 79.48 | 154.19 |       0 |  2002 |   1
 oughtn stcallyn st                                 | eing       | 35709      | 652             | Maple 4th          | Lakeview             | 38579      | 53              | Valley Miller      | Woodland        | 74854      |  2001 |   1 |  4.34 |   6.51 |       0 | 91.39 | 143.48 |       0 |  2002 |   1
 oughtn stcallyn st                                 | eing       | 35709      | 358             | Locust             | Spring Valley        | 76060      | 688             | 8th                | Jackson         | 29583      |  2001 |   1 | 54.88 |  80.67 |       0 | 91.39 | 143.48 |       0 |  2002 |   1
 oughtn stcallyn st                                 | ese        | 31904      | 668             | 2nd Park           | Oak Ridge            | 68371      | 960             | 1st                | Walnut Grove    | 77752      |  2001 |   1 |  23.1 |  27.72 |       0 |  4.14 |   7.36 |       0 |  2002 |   1
 oughtn stcallyn st                                 | ese        | 31904      | 609             | West Willow        | Mount Zion           | 58054      | 377             | Washington Jackson | Riverdale       | 49391      |  2001 |   1 | 51.83 |  97.44 |       0 |  4.14 |   7.36 |       0 |  2002 |   1
 oughtn stcallyoughtought                           | eing       | 35709      | 233             | Forest             | Florence             | 43394      | 203             | Willow             | Ridgeville      | 59306      |  2001 |   1 | 58.29 |  58.87 |       0 | 47.98 |  71.01 |       0 |  2002 |   1
 oughtn stcallyoughtought                           | ought      | 31904      | 254             | Laurel South       | Youngstown           | 70001      | 276             | Sunset Wilson      |                 | 64074      |  2001 |   1 | 12.87 |  14.67 |       0 | 71.96 |  82.03 |       0 |  2002 |   1
 oughtn stcallyoughtought                           | ought      | 31904      | 243             | Washington Pine    | Spring Hill          | 26787      | 246             | Poplar             | Springdale      | 68883      |  2001 |   1 | 97.53 | 112.15 |       0 | 71.96 |  82.03 |       0 |  2002 |   1
 oughtn steingpriought                              | ese        | 31904      | 591             | Cherry Park        | Friendship           | 24536      |                 |                    | Concord         | 54107      |  2001 |   1 |    11 |  15.62 |       0 | 85.52 | 155.64 |   37.35 |  2002 |   1
 oughtn stesebarought                               | able       | 35709      | 319             | 4th                | Mount Pleasant       | 61933      | 440             | 4th                | Lebanon         | 22898      |  2001 |   1 | 26.16 |  34.53 |       0 | 56.08 | 109.35 |       0 |  2002 |   1
 oughtn stesebarought                               | able       | 35709      | 107             | Elm First          |                      | 89003      | 976             | Green Eigth        | Franklin        | 99101      |  2001 |   1 | 33.94 |  36.31 |       0 | 56.08 | 109.35 |       0 |  2002 |   1
 oughtn stesebarought                               | ese        | 31904      | 884             | Fourth Tenth       | Harmony              | 35804      | 481             | Valley 4th         | Jackson         | 39583      |  2001 |   1 | 26.87 |  32.51 |       0 | 39.52 |  61.65 |       0 |  2002 |   1
 oughtn stesebarought                               | ese        | 31904      | 454             | Third Elm          | Woodland             | 94854      | 851             | Chestnut Birch     | Bayview         | 09672      |  2001 |   1 |  29.4 |  57.33 |       0 | 39.52 |  61.65 |       0 |  2002 |   1
 oughtn stesebarought                               | ese        | 31904      | 735             | Third              | Concord              | 74107      | 462             | Spruce             | Georgetown      | 47057      |  2001 |   1 | 82.28 |  89.68 |       0 | 39.52 |  61.65 |       0 |  2002 |   1
 oughtn stoughtanti                                 | eing       | 35709      | 947             | Chestnut           | Florence             | 73394      | 659             | Pine               | Franklin        | 49101      |  2001 |   1 | 88.05 | 110.94 |       0 | 52.39 |  54.48 |       0 |  2002 |   1
 oughtn stoughtanti                                 | eing       | 35709      | 947             | Chestnut           | Florence             | 73394      | 659             | Pine               | Franklin        | 49101      |  2001 |   1 | 88.05 | 110.94 |       0 | 63.25 |   97.4 |       0 |  2002 |   1
 oughtn stoughtanti                                 | ese        | 31904      | 52              | South 1st          | Woodland             | 44854      | 519             | Laurel Locust      | Highland Park   | 76534      |  2001 |   1 | 43.72 |   52.9 |       0 | 94.02 |  119.4 |       0 |  2002 |   1
 oughtoughtcallyable                                | able       | 35709      | 86              | Ridge              | Wright               | 62814      | 77              | Davis              | Unionville      | 51711      |  2001 |   1 | 12.72 |  18.18 |       0 | 30.13 |  43.08 |       0 |  2002 |   1
 oughtoughtcallyable                                | able       | 35709      | 86              | Ridge              | Wright               | 62814      | 77              | Davis              | Unionville      | 51711      |  2001 |   1 | 12.72 |  18.18 |       0 | 42.97 |  68.75 |       0 |  2002 |   1
 oughtoughtcallyable                                | ation      | 31904      | 350             | Wilson             | Springfield          | 49303      | 403             | 3rd 1st            | Wilson          | 36971      |  2001 |   1 | 36.64 |  42.13 |       0 | 92.56 | 127.73 |       0 |  2002 |   1
 oughtoughtcallyable                                | ation      | 31904      | 909             | 7th                | Pine Grove           | 84593      | 50              | 3rd                | Riverview       | 69003      |  2001 |   1 | 49.86 |  58.83 |       0 | 92.56 | 127.73 |       0 |  2002 |   1
 oughtoughtcallyable                                | eing       | 35709      | 923             | Chestnut           | Farmington           | 79145      | 579             | Cedar              | Oakwood         | 60169      |  2001 |   1 |  6.94 |  11.72 |   34.71 |  1.95 |   3.06 |       0 |  2002 |   1
 oughtoughtcallyable                                | eing       | 35709      | 444             | Miller             | Ashland              | 34244      | 509             | Cherry             | Oak Ridge       | 78371      |  2001 |   1 | 75.72 | 108.27 |       0 |  1.95 |   3.06 |       0 |  2002 |   1
 oughtoughtcallyable                                | ought      | 31904      | 661             | Miller             | Bath                 | 50573      | 130             | Lake               | Belleview       | 30492      |  2001 |   1 | 38.57 |  50.91 |       0 | 63.62 |  119.6 |       0 |  2002 |   1
 oughtoughtcallyable                                | ought      | 31904      | 661             | Miller             | Bath                 | 50573      | 130             | Lake               | Belleview       | 30492      |  2001 |   1 | 38.57 |  50.91 |       0 |  98.7 | 173.71 |       0 |  2002 |   1
 oughtoughtcallyable                                | ought      | 31904      | 466             | Eigth View         | Lakewood             | 88877      | 363             | Maple 13th         | Jamestown       | 66867      |  2001 |   1 | 72.85 |  99.07 |       0 | 63.62 |  119.6 |       0 |  2002 |   1
 oughtoughtcallyable                                | ought      | 31904      | 466             | Eigth View         | Lakewood             | 88877      | 363             | Maple 13th         | Jamestown       | 66867      |  2001 |   1 | 72.85 |  99.07 |       0 |  98.7 | 173.71 |       0 |  2002 |   1
 oughtpriableought                                  | able       | 35709      | 261             | Sunset 4th         | Plainview            | 93683      | 257             | Park               | Lakeview        | 38579      |  2001 |   1 | 21.07 |  35.39 |       0 | 18.88 |  21.52 |    1.68 |  2002 |   1
 oughtpriableought                                  | able       | 35709      | 261             | Sunset 4th         | Plainview            | 93683      | 257             | Park               | Lakeview        | 38579      |  2001 |   1 | 21.07 |  35.39 |       0 | 60.98 |  68.29 |       0 |  2002 |   1
 oughtpriableought                                  | able       | 35709      | 233             | Oak                | Appleton             | 64240      | 685             | 6th Adams          | Buena Vista     | 55752      |  2001 |   1 | 27.25 |  27.25 |       0 | 18.88 |  21.52 |    1.68 |  2002 |   1
 oughtpriableought                                  | able       | 35709      | 233             | Oak                | Appleton             | 64240      | 685             | 6th Adams          | Buena Vista     | 55752      |  2001 |   1 | 27.25 |  27.25 |       0 | 60.98 |  68.29 |       0 |  2002 |   1
 oughtpriableought                                  | able       | 35709      | 318             | Jackson            | Cedar Grove          | 30411      | 533             | First Main         | Woodlawn        | 14098      |  2001 |   1 | 33.76 |  47.26 |  495.67 | 18.88 |  21.52 |    1.68 |  2002 |   1
 oughtpriableought                                  | able       | 35709      | 318             | Jackson            | Cedar Grove          | 30411      | 533             | First Main         | Woodlawn        | 14098      |  2001 |   1 | 33.76 |  47.26 |  495.67 | 60.98 |  68.29 |       0 |  2002 |   1
 oughtpriableought                                  | able       | 35709      | 786             | Cedar              | Jamestown            | 86867      | 537             | 4th                | Arlington       | 46557      |  2001 |   1 | 48.54 |  84.45 |       0 | 18.88 |  21.52 |    1.68 |  2002 |   1
 oughtpriableought                                  | able       | 35709      | 786             | Cedar              | Jamestown            | 86867      | 537             | 4th                | Arlington       | 46557      |  2001 |   1 | 48.54 |  84.45 |       0 | 60.98 |  68.29 |       0 |  2002 |   1
 oughtpriableought                                  | able       | 35709      | 21              | Cedar              | Salem                | 58048      | 471             | Cherry Ridge       | Macedonia       | 51087      |  2001 |   1 | 49.03 |  90.21 |       0 | 18.88 |  21.52 |    1.68 |  2002 |   1
 oughtpriableought                                  | able       | 35709      | 21              | Cedar              | Salem                | 58048      | 471             | Cherry Ridge       | Macedonia       | 51087      |  2001 |   1 | 49.03 |  90.21 |       0 | 60.98 |  68.29 |       0 |  2002 |   1
 oughtpriableought                                  | able       | 35709      | 519             | 4th Lake           | Oak Ridge            | 28371      | 661             | Hillcrest Johnson  | Kingston        | 44975      |  2001 |   1 | 52.56 |  81.99 |       0 | 18.88 |  21.52 |    1.68 |  2002 |   1
 oughtpriableought                                  | able       | 35709      | 519             | 4th Lake           | Oak Ridge            | 28371      | 661             | Hillcrest Johnson  | Kingston        | 44975      |  2001 |   1 | 52.56 |  81.99 |       0 | 60.98 |  68.29 |       0 |  2002 |   1
 oughtpriableought                                  | able       | 35709      | 855             | Williams Sycamore  | Bunker Hill          | 20150      | 905             | Jefferson          | Ashland         | 94244      |  2001 |   1 | 95.53 |  99.35 |       0 | 18.88 |  21.52 |    1.68 |  2002 |   1
 oughtpriableought                                  | able       | 35709      | 855             | Williams Sycamore  | Bunker Hill          | 20150      | 905             | Jefferson          | Ashland         | 94244      |  2001 |   1 | 95.53 |  99.35 |       0 | 60.98 |  68.29 |       0 |  2002 |   1
 oughtpribarableought                               | ought      | 31904      | 503             | Third Elm          | Marion               | 60399      | 460             | 1st Wilson         | Greenwood       | 48828      |  2001 |   1 | 49.07 |  68.69 |       0 |  39.1 |  46.92 |       0 |  2002 |   1
 oughtprically                                      | able       | 35709      | 711             | 5th                | Wildwood             | 66871      | 937             | Elm Church         | Fairfield       | 26192      |  2001 |   1 | 73.27 |  84.99 | 5813.24 | 18.38 |  34.18 |       0 |  2002 |   1
 oughtprically                                      | bar        | 31904      |                 |                    |                      | 68041      | 153             | 2nd 12th           | Brunswick       | 84642      |  2001 |   1 | 41.67 |   42.5 |       0 | 22.53 |  36.04 |       0 |  2002 |   1
 oughtprically                                      | bar        | 31904      |                 |                    |                      | 68041      | 153             | 2nd 12th           | Brunswick       | 84642      |  2001 |   1 | 41.67 |   42.5 |       0 | 73.32 | 123.91 |   37.62 |  2002 |   1
 oughtprically                                      | bar        | 31904      | 569             | Pine Lee           | Sunnyside            | 81952      | 956             | 15th               | Mountain View   | 74466      |  2001 |   1 |  52.1 |  60.43 |       0 | 22.53 |  36.04 |       0 |  2002 |   1
 oughtprically                                      | bar        | 31904      | 569             | Pine Lee           | Sunnyside            | 81952      | 956             | 15th               | Mountain View   | 74466      |  2001 |   1 |  52.1 |  60.43 |       0 | 73.32 | 123.91 |   37.62 |  2002 |   1
 oughtprically                                      | eing       | 35709      | 402             | 2nd                | Bridgeport           | 75817      | 648             | East Park          | Spring Hill     | 36787      |  2001 |   1 | 20.89 |  26.53 |       0 | 12.18 |   20.7 |       0 |  2002 |   1
 oughtprically                                      | eing       | 35709      | 117             | Sycamore           | Arlington            | 76557      | 999             | Poplar Elm         | Hamilton        | 72808      |  2001 |   1 | 27.14 |  38.53 |       0 | 12.18 |   20.7 |       0 |  2002 |   1
 oughtprically                                      | ese        | 31904      | 293             | Willow             | Plainview            | 33683      | 60              | Park Lake          | Bunker Hill     | 50150      |  2001 |   1 | 82.59 | 137.09 | 1458.37 | 21.07 |  34.13 |   30.33 |  2002 |   1
 oughtprically                                      | ese        | 31904      | 293             | Willow             | Plainview            | 33683      | 60              | Park Lake          | Bunker Hill     | 50150      |  2001 |   1 | 82.59 | 137.09 | 1458.37 |  43.6 |  76.73 |       0 |  2002 |   1
 oughtpricallyantiought                             | ation      | 31904      | 851             | Oak                | Cedar Grove          | 60411      | 264             | Fourth Johnson     | Clinton         | 68222      |  2001 |   1 | 74.05 | 109.59 |       0 |  4.63 |   6.57 |   17.02 |  2002 |   1
 oughtprieingation                                  | able       | 35709      | 218             | Laurel             | Forest Hills         | 79237      | 962             | Sunset Main        | Green Acres     | 47683      |  2001 |   1 | 36.39 |  62.22 |       0 | 34.27 |  54.48 |       0 |  2002 |   1
 oughtprieingation                                  | eing       | 35709      | 545             | Pine               | Vienna               | 25119      |                 | River              | Glendale        |            |  2001 |   1 | 17.28 |  26.78 |       0 | 56.11 |  70.69 |       0 |  2002 |   1
 oughtprieingation                                  | eing       | 35709      | 545             | Pine               | Vienna               | 25119      |                 | River              | Glendale        |            |  2001 |   1 | 17.28 |  26.78 |       0 | 71.28 |  99.79 |   86.35 |  2002 |   1
 oughtprieseese                                     | bar        | 31904      | 616             | North Broadway     | Mount Olive          | 78059      | 623             | Spring             | Sulphur Springs | 38354      |  2001 |   1 | 16.29 |  29.48 |  176.85 | 12.23 |  16.38 |       0 |  2002 |   1
 oughtprieseese                                     | bar        | 31904      | 515             | 5th                | Antioch              | 48605      | 806             | Hickory            | Richardson      | 77687      |  2001 |   1 | 86.44 | 130.52 | 1129.32 | 12.23 |  16.38 |       0 |  2002 |   1
 priableanti                                        | able       | 35709      | 613             | 13th               | Green Acres          | 57683      | 602             | Maple Elm          | Newtown         | 51749      |  2001 |   1 | 30.84 |  41.63 |       0 | 23.66 |  27.68 |       0 |  2002 |   1
 priableanti                                        | eing       | 35709      | 465             | 10th 13th          | Ashley               | 74324      | 252             | North              | Oak Hill        | 57838      |  2001 |   1 |  7.32 |   7.32 |       0 | 42.92 |   61.8 |       0 |  2002 |   1
 priableanti                                        | eing       | 35709      | 465             | 10th 13th          | Ashley               | 74324      | 252             | North              | Oak Hill        | 57838      |  2001 |   1 |  7.32 |   7.32 |       0 | 44.91 |  54.79 |       0 |  2002 |   1
 priableanti                                        | eing       | 35709      | 475             | Second             | Bunker Hill          | 70150      | 664             | Mill               | Edgewood        | 10069      |  2001 |   1 | 12.15 |  21.26 |       0 | 42.92 |   61.8 |       0 |  2002 |   1
 priableanti                                        | eing       | 35709      | 475             | Second             | Bunker Hill          | 70150      | 664             | Mill               | Edgewood        | 10069      |  2001 |   1 | 12.15 |  21.26 |       0 | 44.91 |  54.79 |       0 |  2002 |   1
 priableanti                                        | eing       | 35709      | 953             | 2nd                | Oakdale              | 09584      | 607             | Davis Ash          | Fairfield       | 16192      |  2001 |   1 | 68.23 | 109.16 |       0 | 42.92 |   61.8 |       0 |  2002 |   1
 priableanti                                        | eing       | 35709      | 953             | 2nd                | Oakdale              | 09584      | 607             | Davis Ash          | Fairfield       | 16192      |  2001 |   1 | 68.23 | 109.16 |       0 | 44.91 |  54.79 |       0 |  2002 |   1
 priablebarationought                               | able       | 35709      | 75              | Johnson Adams      | Ashland              | 84244      | 14              | College Smith      | Bunker Hill     | 20150      |  2001 |   1 | 58.62 |  63.89 |       0 |  7.21 |   9.87 |       0 |  2002 |   1
 priablebarationought                               | able       | 35709      | 75              | Johnson Adams      | Ashland              | 84244      | 14              | College Smith      | Bunker Hill     | 20150      |  2001 |   1 | 58.62 |  63.89 |       0 | 28.12 |  31.77 |       0 |  2002 |   1
 priablebarbarought                                 | bar        | 31904      | 142             | 1st                | New Hope             | 69431      | 537             | Washington Birch   | Harmony         | 75804      |  2001 |   1 | 38.08 |  40.74 |       0 | 38.28 |   66.6 |       0 |  2002 |   1
 priablebarbarought                                 | bar        | 31904      | 142             | 1st                | New Hope             | 69431      | 537             | Washington Birch   | Harmony         | 75804      |  2001 |   1 | 38.08 |  40.74 |       0 | 42.17 |  57.35 |       0 |  2002 |   1
 priablebarbarought                                 | ese        | 31904      | 449             | 8th                | Union                | 68721      | 961             | Walnut             | Red Hill        | 64338      |  2001 |   1 |  95.8 | 176.27 |       0 |  31.8 |  62.32 | 2046.96 |  2002 |   1
 priablebarbarought                                 | ese        | 31904      | 449             | 8th                | Union                | 68721      | 961             | Walnut             | Red Hill        | 64338      |  2001 |   1 |  95.8 | 176.27 |       0 | 76.74 |  82.11 |       0 |  2002 |   1
 priablebarcallyought                               | bar        | 31904      | 346             | Ridge              | Edgewood             | 20069      | 359             | Green              | Glenwood        | 83511      |  2001 |   1 |   6.6 |   8.84 |       0 | 32.42 |  42.14 |       0 |  2002 |   1
 priablebarcallyought                               | bar        | 31904      | 795             | Chestnut Meadow    | Mount Olive          | 18059      | 781             | 10th 2nd           | Lakeview        | 28579      |  2001 |   1 | 81.86 | 104.78 | 4019.76 | 32.42 |  42.14 |       0 |  2002 |   1
 priablebarcallyought                               | bar        | 31904      | 825             | Dogwood Meadow     | Gum Springs          | 22106      | 748             | Oak Cedar          | Franklin        | 39101      |  2001 |   1 | 94.22 | 132.85 |  932.58 | 32.42 |  42.14 |       0 |  2002 |   1
 priablecallypriought                               | able       | 35709      | 740             | 2nd College        | Mount Vernon         | 28482      | 548             | Center Green       | Fairview        | 65709      |  2001 |   1 |  1.81 |   3.25 |       0 | 24.36 |  47.01 |       0 |  2002 |   1
 priablecallypriought                               | able       | 35709      | 740             | 2nd College        | Mount Vernon         | 28482      | 548             | Center Green       | Fairview        | 65709      |  2001 |   1 |  1.81 |   3.25 |       0 | 82.95 |  97.88 |       0 |  2002 |   1
 priablecallypriought                               | able       | 35709      | 193             | Cherry             | Liberty              | 63451      | 428             | Mill Woodland      | Springfield     | 69303      |  2001 |   1 | 38.35 |  39.88 |       0 | 24.36 |  47.01 |       0 |  2002 |   1
 priablecallypriought                               | able       | 35709      | 193             | Cherry             | Liberty              | 63451      | 428             | Mill Woodland      | Springfield     | 69303      |  2001 |   1 | 38.35 |  39.88 |       0 | 82.95 |  97.88 |       0 |  2002 |   1
 priablecallypriought                               | able       | 35709      | 583             | Walnut             | Arlington            | 76557      | 458             | Valley North       | Oakwood         | 90169      |  2001 |   1 | 43.12 |  71.57 |       0 | 24.36 |  47.01 |       0 |  2002 |   1
 priablecallypriought                               | able       | 35709      | 583             | Walnut             | Arlington            | 76557      | 458             | Valley North       | Oakwood         | 90169      |  2001 |   1 | 43.12 |  71.57 |       0 | 82.95 |  97.88 |       0 |  2002 |   1
 priablecallypriought                               | eing       | 35709      | 671             | Laurel Meadow      | Freeman              | 62297      | 762             | Twelfth            | Salem           | 28048      |  2001 |   1 |   3.5 |    4.2 |  204.24 | 45.85 |  67.85 |       0 |  2002 |   1
 priableeseantiought                                | able       | 35709      | 751             | Miller 6th         | Jamestown            | 76867      | 186             | College Oak        | Newtown         | 21749      |  2001 |   1 | 81.44 | 117.27 |       0 | 25.99 |  32.74 |       0 |  2002 |   1
 priableeseantiought                                | able       | 35709      | 751             | Miller 6th         | Jamestown            | 76867      | 186             | College Oak        | Newtown         | 21749      |  2001 |   1 | 81.44 | 117.27 |       0 | 84.14 | 152.29 | 3469.65 |  2002 |   1
 priableeseantiought                                | ese        | 31904      | 955             | 1st                | Oakdale              | 69584      | 537             | Johnson Spring     | Crossroads      | 50534      |  2001 |   1 | 58.81 | 105.85 |       0 | 93.03 | 184.19 |       0 |  2002 |   1
 priableesepri                                      | able       | 35709      | 317             | 6th Spring         | Farmington           | 99145      | 945             |                    | Friendship      | 24536      |  2001 |   1 | 89.01 | 111.26 |       0 | 34.91 |  48.17 |       0 |  2002 |   1
 priableesepri                                      | eing       | 35709      | 274             | Ash                | Washington Heights   | 78167      | 235             | North              | Brookwood       | 80965      |  2001 |   1 | 46.22 |  91.05 |       0 | 26.65 |   39.7 |       0 |  2002 |   1
 priableesepri                                      | eing       | 35709      | 274             | Ash                | Washington Heights   | 78167      | 235             | North              | Brookwood       | 80965      |  2001 |   1 | 46.22 |  91.05 |       0 | 63.14 | 119.33 |       0 |  2002 |   1
 priableesepri                                      | eing       | 35709      | 274             | Ash                | Washington Heights   | 78167      | 235             | North              | Brookwood       | 80965      |  2001 |   1 | 46.22 |  91.05 |       0 | 68.64 |  87.17 |       0 |  2002 |   1
 priableesepri                                      | eing       | 35709      | 940             | 6th Birch          | Midway               | 71904      | 39              | Ash Chestnut       | Salem           | 78048      |  2001 |   1 |  72.5 | 100.77 |       0 | 26.65 |   39.7 |       0 |  2002 |   1
 priableesepri                                      | eing       | 35709      | 940             | 6th Birch          | Midway               | 71904      | 39              | Ash Chestnut       | Salem           | 78048      |  2001 |   1 |  72.5 | 100.77 |       0 | 63.14 | 119.33 |       0 |  2002 |   1
 priableesepri                                      | eing       | 35709      | 940             | 6th Birch          | Midway               | 71904      | 39              | Ash Chestnut       | Salem           | 78048      |  2001 |   1 |  72.5 | 100.77 |       0 | 68.64 |  87.17 |       0 |  2002 |   1
 priableesepri                                      | eing       | 35709      |                 |                    | Spring Valley        | 96060      | 634             | Tenth Elm          | Kingston        | 64975      |  2001 |   1 | 85.24 |  98.87 |  676.22 | 26.65 |   39.7 |       0 |  2002 |   1
 priableesepri                                      | eing       | 35709      |                 |                    | Spring Valley        | 96060      | 634             | Tenth Elm          | Kingston        | 64975      |  2001 |   1 | 85.24 |  98.87 |  676.22 | 63.14 | 119.33 |       0 |  2002 |   1
 priableesepri                                      | eing       | 35709      |                 |                    | Spring Valley        | 96060      | 634             | Tenth Elm          | Kingston        | 64975      |  2001 |   1 | 85.24 |  98.87 |  676.22 | 68.64 |  87.17 |       0 |  2002 |   1
 priantiableable                                    | able       | 35709      | 879             | Spruce River       | Blue Springs         | 74686      | 668             | Eigth Seventh      | Pine Grove      | 74593      |  2001 |   1 | 51.87 |  95.95 |       0 | 46.54 |  73.06 |       0 |  2002 |   1
 priantiableable                                    | able       | 35709      | 879             | Spruce River       | Blue Springs         | 74686      | 668             | Eigth Seventh      | Pine Grove      | 74593      |  2001 |   1 | 51.87 |  95.95 |       0 |  70.4 |  78.84 |       0 |  2002 |   1
 priantiableable                                    | able       | 35709      | 510             | 7th                | Shiloh               | 99275      | 836             | North              | Summit          | 60499      |  2001 |   1 | 67.72 |     86 |       0 | 46.54 |  73.06 |       0 |  2002 |   1
 priantiableable                                    | able       | 35709      | 510             | 7th                | Shiloh               | 99275      | 836             | North              | Summit          | 60499      |  2001 |   1 | 67.72 |     86 |       0 |  70.4 |  78.84 |       0 |  2002 |   1
 priantiationpri                                    | bar        | 31904      | 243             | Park 5th           | Mount Olive          | 48059      | 28              | Pine               | Bridgeport      | 06417      |  2001 |   1 |  89.8 | 126.61 |  506.66 |    81 |  98.82 |       0 |  2002 |   1
 priantiationpri                                    | eing       | 35709      | 211             | 2nd                | Glendale             | 83951      | 880             | Cedar              | Fairfield       | 36192      |  2001 |   1 | 28.53 |  33.09 |       0 |    29 |  43.79 |       0 |  2002 |   1
 prianticallyanti                                   | ation      | 31904      | 862             | 11th Lakeview      | Bridgeport           | 45817      | 647             | 13th               | Blair           | 06065      |  2001 |   1 | 31.78 |  58.79 |       0 |  5.25 |    7.5 |       0 |  2002 |   1
 priantin stanti                                    | able       | 35709      | 351             | Broadway           | Woodville            | 44289      | 276             | 6th Jefferson      | Pleasant Grove  | 84136      |  2001 |   1 | 85.63 | 149.85 |       0 | 22.04 |  32.61 |       0 |  2002 |   1
 priantin stanti                                    | eing       | 35709      | 992             | Franklin 3rd       | Salem                | 48048      | 39              | 2nd                | Harmony         | 35804      |  2001 |   1 |  53.6 |  76.64 |       0 | 74.53 |  91.67 |       0 |  2002 |   1
 priantin stanti                                    | eing       | 35709      | 992             | Franklin 3rd       | Salem                | 48048      | 39              | 2nd                | Harmony         | 35804      |  2001 |   1 |  53.6 |  76.64 |       0 | 81.89 | 131.84 |       0 |  2002 |   1
 priantin stanti                                    | eing       | 35709      | 624             | Lee                | Shady Grove          | 22812      | 840             |                    | Summit          | 30499      |  2001 |   1 | 80.91 | 119.74 |       0 | 74.53 |  91.67 |       0 |  2002 |   1
 priantin stanti                                    | eing       | 35709      | 624             | Lee                | Shady Grove          | 22812      | 840             |                    | Summit          | 30499      |  2001 |   1 | 80.91 | 119.74 |       0 | 81.89 | 131.84 |       0 |  2002 |   1
 priantin stbarought                                | eing       | 35709      | 11              | 6th 3rd            | Highland Park        | 66534      | 755             | 2nd Maple          | Jackson         | 79583      |  2001 |   1 | 74.88 | 143.02 |       0 |  4.55 |   7.87 |       0 |  2002 |   1
 priantin stbarought                                | eing       | 35709      | 11              | 6th 3rd            | Highland Park        | 66534      | 755             | 2nd Maple          | Jackson         | 79583      |  2001 |   1 | 74.88 | 143.02 |       0 | 38.31 |   49.8 |       0 |  2002 |   1
 priantin stbarought                                | ought      | 31904      | 286             | 10th Elm           | Mountain View        | 34466      | 407             | Madison 4th        | Woodland Park   | 61934      |  2001 |   1 | 16.31 |  27.89 |  250.71 | 13.04 |  16.95 |       0 |  2002 |   1
 priantin stbarought                                | ought      | 31904      | 286             | 10th Elm           | Mountain View        | 34466      | 407             | Madison 4th        | Woodland Park   | 61934      |  2001 |   1 | 16.31 |  27.89 |  250.71 |  76.2 | 138.68 |       0 |  2002 |   1
 priantin stbarought                                | ought      | 31904      | 286             | 10th Elm           | Mountain View        | 34466      | 407             | Madison 4th        | Woodland Park   | 61934      |  2001 |   1 | 16.31 |  27.89 |  250.71 | 86.53 |  93.45 |       0 |  2002 |   1
 priantin stbarought                                | ought      | 31904      | 923             | Sycamore Miller    | Hamilton             | 62808      | 472             | Willow Sunset      | Riverview       | 79003      |  2001 |   1 | 91.89 | 138.75 |       0 | 13.04 |  16.95 |       0 |  2002 |   1
 priantin stbarought                                | ought      | 31904      | 923             | Sycamore Miller    | Hamilton             | 62808      | 472             | Willow Sunset      | Riverview       | 79003      |  2001 |   1 | 91.89 | 138.75 |       0 |  76.2 | 138.68 |       0 |  2002 |   1
 priantin stbarought                                | ought      | 31904      | 923             | Sycamore Miller    | Hamilton             | 62808      | 472             | Willow Sunset      | Riverview       | 79003      |  2001 |   1 | 91.89 | 138.75 |       0 | 86.53 |  93.45 |       0 |  2002 |   1
 priantin stcallyought                              | ation      | 31904      | 503             | Adams              | Brentwood            | 84188      | 574             | North              | Sunnyside       | 51952      |  2001 |   1 | 48.39 |  57.58 |       0 | 56.36 |  87.92 |       0 |  2002 |   1
 priationableation                                  | ese        | 31904      | 3               | 9th Maple          | Pleasant Hill        | 53604      | 328             | Willow Jackson     | Jamestown       | 46867      |  2001 |   1 | 68.61 | 102.22 |   95.66 | 23.02 |  40.97 |       0 |  2002 |   1
 priationbarn st                                    | eing       | 35709      | 590             | Cedar 4th          | Woodbine             | 24253      | 756             | Second             | Mount Vernon    | 68482      |  2001 |   1 | 75.21 | 123.34 |       0 |  2.54 |      5 |       0 |  2002 |   1
 priationbarn st                                    | eing       | 35709      | 171             | Mill Madison       | Pleasant Grove       | 44136      | 501             | Chestnut South     | Mount Zion      | 38054      |  2001 |   1 | 80.22 | 101.87 |       0 |  2.54 |      5 |       0 |  2002 |   1
 priationbarn st                                    | ese        | 31904      | 179             | East Main          | Hamilton             | 72808      | 898             | West Jefferson     | Forest Hills    | 99237      |  2001 |   1 | 70.53 |  95.21 |       0 | 67.09 |  93.92 |  241.92 |  2002 |   1
 priationcally                                      | able       | 35709      | 155             | Fifth Johnson      | Midway               | 61904      | 357             | Railroad 2nd       | Waterloo        | 02275      |  2001 |   1 | 33.26 |  45.89 |   441.4 | 18.86 |  37.72 |       0 |  2002 |   1
 priationcally                                      | able       | 35709      | 155             | Fifth Johnson      | Midway               | 61904      | 357             | Railroad 2nd       | Waterloo        | 02275      |  2001 |   1 | 33.26 |  45.89 |   441.4 | 41.46 |  63.84 |       0 |  2002 |   1
 priationcally                                      | able       | 35709      | 155             | Fifth Johnson      | Midway               | 61904      | 357             | Railroad 2nd       | Waterloo        | 02275      |  2001 |   1 | 33.26 |  45.89 |   441.4 | 41.68 |  58.76 |       0 |  2002 |   1
 priationcally                                      | able       | 35709      | 834             | Washington         | Arthur               | 35965      | 910             | View Broadway      | Ashland         | 44244      |  2001 |   1 | 37.99 |  50.52 |       0 | 18.86 |  37.72 |       0 |  2002 |   1
 priationcally                                      | able       | 35709      | 834             | Washington         | Arthur               | 35965      | 910             | View Broadway      | Ashland         | 44244      |  2001 |   1 | 37.99 |  50.52 |       0 | 41.46 |  63.84 |       0 |  2002 |   1
 priationcally                                      | able       | 35709      | 834             | Washington         | Arthur               | 35965      | 910             | View Broadway      | Ashland         | 44244      |  2001 |   1 | 37.99 |  50.52 |       0 | 41.68 |  58.76 |       0 |  2002 |   1
 priationcally                                      | ation      | 31904      | 462             | Lake 14th          | Wilson               | 56971      | 537             | Laurel Sycamore    | Farmington      | 89145      |  2001 |   1 |  5.55 |   6.32 |       0 | 74.33 |  86.96 |       0 |  2002 |   1
 priationcally                                      | ese        | 31904      | 706             | 11th               | Brownsville          | 69310      | 71              | Dogwood            | Crossroads      | 01134      |  2001 |   1 | 86.04 | 106.68 |       0 | 72.83 | 118.71 |   245.7 |  2002 |   1
 priationcally                                      | ought      | 31904      | 878             | Birch              | Woodville            | 94289      | 414             | Mill               | Plainview       | 33683      |  2001 |   1 |  32.9 |  51.98 |       0 | 38.47 |  74.24 |       0 |  2002 |   1
 priationcally                                      | ought      | 31904      | 878             | Birch              | Woodville            | 94289      | 414             | Mill               | Plainview       | 33683      |  2001 |   1 |  32.9 |  51.98 |       0 | 86.81 | 133.68 |       0 |  2002 |   1
 priationcally                                      | ought      | 31904      | 878             | Birch              | Woodville            | 94289      | 414             | Mill               | Plainview       | 33683      |  2001 |   1 |  32.9 |  51.98 |       0 | 92.18 | 172.37 |       0 |  2002 |   1
 priationcally                                      | ought      | 31904      | 881             | 11th Adams         | Lakeside             | 49532      | 193             | Willow Meadow      | Riverside       | 79231      |  2001 |   1 |  85.3 | 167.18 |       0 | 38.47 |  74.24 |       0 |  2002 |   1
 priationcally                                      | ought      | 31904      | 881             | 11th Adams         | Lakeside             | 49532      | 193             | Willow Meadow      | Riverside       | 79231      |  2001 |   1 |  85.3 | 167.18 |       0 | 86.81 | 133.68 |       0 |  2002 |   1
 priationcally                                      | ought      | 31904      | 881             | 11th Adams         | Lakeside             | 49532      | 193             | Willow Meadow      | Riverside       | 79231      |  2001 |   1 |  85.3 | 167.18 |       0 | 92.18 | 172.37 |       0 |  2002 |   1
 priationcallyable                                  | eing       | 35709      | 531             | South              | New Hope             | 69431      | 155             | Fifth Johnson      | Midway          | 61904      |  2001 |   1 | 91.56 | 174.87 |       0 | 75.76 | 117.42 |       0 |  2002 |   1
 priationcallyable                                  | ought      | 31904      | 783             | Hillcrest Birch    | Kingston             | 94975      | 214             | College 2nd        | Jamestown       | 36867      |  2001 |   1 |  77.7 | 106.44 |  504.21 | 20.64 |  21.05 |       0 |  2002 |   1
 priationcallyeing                                  | able       | 35709      | 958             | Hickory Cherry     | Macedonia            | 51087      | 607             | Davis              | Buena Vista     | 25752      |  2001 |   1 | 50.64 |  60.76 |       0 |  67.2 |     84 |       0 |  2002 |   1
 priationeseationought                              | ought      | 31904      | 459             | Smith Lincoln      | Franklin             | 49101      | 457             | Pine               | Woodlawn        | 24098      |  2001 |   1 | 26.71 |  40.86 |       0 | 67.22 | 129.06 | 4036.23 |  2002 |   1
 priationeseationought                              | ought      | 31904      | 459             | Smith Lincoln      | Franklin             | 49101      | 457             | Pine               | Woodlawn        | 24098      |  2001 |   1 | 26.71 |  40.86 |       0 | 99.09 |    108 |       0 |  2002 |   1
 priationeseationought                              | ought      | 31904      | 339             | Fourteenth         | Marion               | 70399      | 432             | First Maple        | Lincoln         | 81289      |  2001 |   1 | 66.39 | 131.45 |       0 | 67.22 | 129.06 | 4036.23 |  2002 |   1
 priationeseationought                              | ought      | 31904      | 339             | Fourteenth         | Marion               | 70399      | 432             | First Maple        | Lincoln         | 81289      |  2001 |   1 | 66.39 | 131.45 |       0 | 99.09 |    108 |       0 |  2002 |   1
 priationesecallyought                              | able       | 35709      | 965             | 4th                | Hillcrest            | 93003      | 18              | Forest             | Mount Zion      | 28054      |  2001 |   1 | 65.57 | 128.51 |       0 | 84.67 |  94.83 |       0 |  2002 |   1
 priationesecallyought                              | ese        | 31904      | 718             | Elevnth            | Lakeview             | 48579      | 941             | Meadow Franklin    | Enterprise      | 31757      |  2001 |   1 | 72.64 | 139.46 |       0 | 11.64 |  11.64 |       0 |  2002 |   1
 priationesecallyought                              | ese        | 31904      | 718             | Elevnth            | Lakeview             | 48579      | 941             | Meadow Franklin    | Enterprise      | 31757      |  2001 |   1 | 72.64 | 139.46 |       0 | 80.06 | 154.51 |       0 |  2002 |   1
 priationn stoughtought                             | able       | 35709      | 809             | Jackson            | Newtown              | 31749      | 309             | Miller River       | Fairview        | 65709      |  2001 |   1 | 30.12 |  32.83 |       0 | 85.87 | 170.02 |       0 |  2002 |   1
 priationn stoughtought                             | ation      | 31904      | 753             | Railroad Madison   | Hillcrest            | 43003      | 202             | View               | Union Hill      | 67746      |  2001 |   1 | 30.47 |  54.84 |  408.25 | 86.89 | 171.17 |       0 |  2002 |   1
 priationoughtation                                 | ese        | 31904      | 307             | First              | Waterloo             | 71675      | 860             | Woodland Highland  | Salem           | 48048      |  2001 |   1 | 89.63 | 148.78 |       0 |  37.9 |  46.99 |       0 |  2002 |   1
 priationpriationought                              | ought      | 31904      | 209             | Elm                | Georgetown           | 37057      | 88              | Ninth              | Mount Zion      | 48054      |  2001 |   1 |  4.32 |   8.33 |       0 |  24.3 |  32.31 |       0 |  2002 |   1
 priationpriationought                              | ought      | 31904      | 209             | Elm                | Georgetown           | 37057      | 88              | Ninth              | Mount Zion      | 48054      |  2001 |   1 |  4.32 |   8.33 |       0 | 26.24 |  41.45 |       0 |  2002 |   1
 priationpriationought                              | ought      | 31904      | 209             | Elm                | Georgetown           | 37057      | 88              | Ninth              | Mount Zion      | 48054      |  2001 |   1 |  4.32 |   8.33 |       0 | 45.15 |  66.82 |       0 |  2002 |   1
 pribarbarcally                                     | able       | 35709      | 856             | Oak                | Shady Grove          | 32812      | 721             | Locust 4th         | Price           | 33824      |  2001 |   1 |  51.8 |  93.75 |       0 | 59.26 |  84.14 |       0 |  2002 |   1
 pribarbarcally                                     | able       | 35709      | 386             | Jefferson          | Springdale           | 48883      | 502             | Hickory Railroad   |                 |            |  2001 |   1 |  96.8 | 166.49 |       0 | 59.26 |  84.14 |       0 |  2002 |   1
 pribarbarcally                                     | eing       | 35709      |                 |                    |                      |            | 133             | West               | Hardy           | 85354      |  2001 |   1 | 46.96 |  59.16 |       0 |  1.42 |   1.83 |   25.61 |  2002 |   1
 pribarbarcally                                     | eing       | 35709      |                 |                    |                      |            | 133             | West               | Hardy           | 85354      |  2001 |   1 | 46.96 |  59.16 |       0 |  5.98 |  10.64 |       0 |  2002 |   1
 pribarbarcally                                     | eing       | 35709      |                 |                    |                      |            | 133             | West               | Hardy           | 85354      |  2001 |   1 | 46.96 |  59.16 |       0 |  63.1 |  78.87 |       0 |  2002 |   1
 pribarbarcally                                     | eing       | 35709      |                 |                    |                      |            | 133             | West               | Hardy           | 85354      |  2001 |   1 | 46.96 |  59.16 |       0 | 88.58 | 104.52 |       0 |  2002 |   1
 pribarbarcally                                     | ought      | 31904      | 232             | 5th Johnson        | Centerville          | 60059      | 970             | Jackson Walnut     | Edgewood        | 60069      |  2001 |   1 |   4.4 |   7.12 |       0 | 14.82 |  16.15 |       0 |  2002 |   1
 pribarbarcally                                     | ought      | 31904      | 232             | 5th Johnson        | Centerville          | 60059      | 970             | Jackson Walnut     | Edgewood        | 60069      |  2001 |   1 |   4.4 |   7.12 |       0 | 59.22 | 100.08 |       0 |  2002 |   1
 pribarbarcally                                     | ought      | 31904      | 232             | 5th Johnson        | Centerville          | 60059      | 970             | Jackson Walnut     | Edgewood        | 60069      |  2001 |   1 |   4.4 |   7.12 |       0 | 71.92 |   86.3 |       0 |  2002 |   1
 pribaroughtcally                                   | ought      | 31904      | 273             | Valley             | Mount Olive          | 78059      | 141             | 3rd 10th           | Elba            | 20262      |  2001 |   1 | 63.41 | 109.06 |       0 | 75.76 | 141.67 |       0 |  2002 |   1
 pribarprin st                                      | bar        | 31904      | 388             | 13th               | Pleasant Hill        | 33604      | 770             | Valley             | Waterloo        | 41675      |  2001 |   1 |  87.3 | 168.48 |       0 |  12.4 |  19.34 |  137.22 |  2002 |   1
 pribarprin st                                      | bar        | 31904      | 388             | 13th               | Pleasant Hill        | 33604      | 770             | Valley             | Waterloo        | 41675      |  2001 |   1 |  87.3 | 168.48 |       0 | 23.28 |  41.43 |       0 |  2002 |   1
 pribarprin st                                      | ought      | 31904      | 789             | Mill               | Centerville          | 20059      | 824             | Third 3rd          | Oak Ridge       | 28371      |  2001 |   1 | 52.05 |  94.73 |       0 | 71.89 | 127.24 |       0 |  2002 |   1
 pribarpripri                                       | ation      | 31904      | 683             |                    | Spring Hill          |            | 669             | Laurel             | Waterloo        | 61675      |  2001 |   1 | 18.27 |  29.04 |       0 |  6.69 |  12.04 |       0 |  2002 |   1
 pribarpripri                                       | ation      | 31904      | 683             |                    | Spring Hill          |            | 669             | Laurel             | Waterloo        | 61675      |  2001 |   1 | 18.27 |  29.04 |       0 | 13.68 |  25.71 |       0 |  2002 |   1
 pribarpripri                                       | bar        | 31904      | 435             | 9th Lee            | Clinton              | 38222      | 647             | 13th               | Pine Grove      | 74593      |  2001 |   1 | 11.18 |  15.65 |  217.41 | 19.49 |  23.97 |       0 |  2002 |   1
 pribarpripri                                       | bar        | 31904      | 435             | 9th Lee            | Clinton              | 38222      | 647             | 13th               | Pine Grove      | 74593      |  2001 |   1 | 11.18 |  15.65 |  217.41 | 33.26 |  51.88 |       0 |  2002 |   1
 pribarpripri                                       | bar        | 31904      | 345             | Railroad 7th       | Newtown              | 51749      | 564             | Ridge Jefferson    | Clifton         | 38014      |  2001 |   1 | 75.27 |  89.57 |       0 | 19.49 |  23.97 |       0 |  2002 |   1
 pribarpripri                                       | bar        | 31904      | 345             | Railroad 7th       | Newtown              | 51749      | 564             | Ridge Jefferson    | Clifton         | 38014      |  2001 |   1 | 75.27 |  89.57 |       0 | 33.26 |  51.88 |       0 |  2002 |   1
 pribarpripri                                       | ese        | 31904      | 267             | Johnson            | Five Forks           | 22293      | 358             | Hillcrest Ridge    | Ashland         | 44244      |  2001 |   1 |  8.08 |  14.46 |       0 | 71.74 | 111.19 |       0 |  2002 |   1
 pricallyableoughtought                             | able       | 35709      | 213             | Lakeview West      | Antioch              | 38605      | 988             | 5th Adams          | Pleasant Hill   | 73604      |  2001 |   1 |  5.86 |   8.26 |       0 |  4.66 |   7.03 |       0 |  2002 |   1
 pricallyableoughtought                             | able       | 35709      | 213             | Lakeview West      | Antioch              | 38605      | 988             | 5th Adams          | Pleasant Hill   | 73604      |  2001 |   1 |  5.86 |   8.26 |       0 | 26.09 |  48.78 |   19.11 |  2002 |   1
 pricallyableoughtought                             | able       | 35709      | 213             | Lakeview West      | Antioch              | 38605      | 988             | 5th Adams          | Pleasant Hill   | 73604      |  2001 |   1 |  5.86 |   8.26 |       0 | 36.29 |  71.49 |       0 |  2002 |   1
 pricallyableoughtought                             | ation      | 31904      | 564             | Ash                | Walnut Grove         | 87752      | 657             | Third              | Jackson         | 49583      |  2001 |   1 | 30.51 |  48.51 |       0 |  13.3 |  25.66 |       0 |  2002 |   1
 pricallyableoughtought                             | ation      | 31904      | 564             | Ash                | Walnut Grove         | 87752      | 657             | Third              | Jackson         | 49583      |  2001 |   1 | 30.51 |  48.51 |       0 | 37.73 |  63.38 |       0 |  2002 |   1
 pricallyableoughtought                             | ese        | 31904      | 625             | Sunset             | Riverside            | 19231      | 128             | Lincoln Hillcrest  | Pleasant Valley | 52477      |  2001 |   1 | 59.05 |  60.82 |       0 | 27.45 |  48.03 |  110.88 |  2002 |   1
 pricallyableoughtought                             | ought      | 31904      | 139             | Highland Main      | Washington Heights   | 68167      |                 | Central            | Jamestown       |            |  2001 |   1 | 38.98 |  58.85 |       0 | 58.19 |     64 |       0 |  2002 |   1
 pricallyableoughtought                             | ought      | 31904      | 793             | Cherry             | Wildwood             | 56871      | 343             | Forest 10th        | Jackson         | 79583      |  2001 |   1 | 88.54 | 137.23 |       0 | 58.19 |     64 |       0 |  2002 |   1
 pricallyationcally                                 | ese        | 31904      | 380             | Dogwood 8th        | Belmont              | 20191      | 2               | College Cedar      | Springfield     | 79303      |  2001 |   1 | 21.76 |  39.82 |       0 |  76.5 |  120.1 |       0 |  2002 |   1
 pricallyationcally                                 | ese        | 31904      | 37              | 3rd                | Union Hill           | 77746      | 409             | Fourth Chestnut    | Clinton         | 68222      |  2001 |   1 |  43.1 |  53.87 |   65.89 |  76.5 |  120.1 |       0 |  2002 |   1
 pricallycallyation                                 | bar        | 31904      | 950             | Park               | Mount Olive          | 58059      | 128             | College Davis      | Oakwood         | 40169      |  2001 |   1 |  5.48 |   9.69 |       0 | 86.23 | 145.72 |       0 |  2002 |   1
 pricallycallyation                                 | bar        | 31904      | 737             | Second             | Highland             | 59454      | 949             | Park               | Shady Grove     | 22812      |  2001 |   1 | 43.63 |   58.9 |       0 | 86.23 | 145.72 |       0 |  2002 |   1
 pricallycallypri                                   | eing       | 35709      | 828             | Dogwood Adams      | Mountain View        | 84466      | 346             | Main Main          | Oak Hill        | 37838      |  2001 |   1 | 35.56 |  68.27 |       0 |  1.51 |   2.52 |       0 |  2002 |   1
 pricallycallypri                                   | eing       | 35709      | 828             | Dogwood Adams      | Mountain View        | 84466      | 346             | Main Main          | Oak Hill        | 37838      |  2001 |   1 | 35.56 |  68.27 |       0 | 31.32 |  37.58 |   37.43 |  2002 |   1
 pricallycallypri                                   | eing       | 35709      | 828             | Dogwood Adams      | Mountain View        | 84466      | 346             | Main Main          | Oak Hill        | 37838      |  2001 |   1 | 35.56 |  68.27 |       0 | 85.93 | 146.08 |       0 |  2002 |   1
 pricallyoughtcally                                 | ation      | 31904      | 616             | Chestnut Sycamore  | Wilson               | 56971      |                 | Jackson            | Frenchtown      |            |  2001 |   1 | 45.55 |  87.45 |  143.08 | 99.22 | 182.56 | 1508.09 |  2002 |   1
 pricallyoughtcally                                 | ation      | 31904      | 846             | West               | Friendship           | 94536      | 616             | North              | Fairfield       | 76192      |  2001 |   1 | 60.31 | 103.13 |       0 | 99.22 | 182.56 | 1508.09 |  2002 |   1
 pricallyoughtcally                                 | eing       | 35709      | 425             | Spruce View        | Glendale             | 33951      | 759             | Smith 10th         | Bunker Hill     | 70150      |  2001 |   1 | 60.15 |  79.99 |       0 | 12.01 |  23.65 |       0 |  2002 |   1
 prieingantiableought                               | able       | 35709      | 539             | View Pine          | Lincoln              | 21289      | 375             | 3rd                | Belmont         | 40191      |  2001 |   1 | 18.51 |  34.61 |       0 | 35.64 |  68.07 |       0 |  2002 |   1
 prieingantiableought                               | ation      | 31904      | 210             | Elm Locust         | Maple Grove          | 78252      | 588             | Elm                | Newport         | 41521      |  2001 |   1 |  8.51 |  10.21 |       0 |  23.4 |  38.37 |       0 |  2002 |   1
 prieingesebarought                                 | ought      | 31904      | 804             | Ridge              | Hamilton             | 72808      | 371             | Main               | Union           | 78721      |  2001 |   1 | 48.88 |  82.11 |       0 | 74.12 | 120.81 |       0 |  2002 |   1
 prieingesecallyought                               | ese        | 31904      | 231             | Maple Spruce       | Midway               | 71904      | 569             | 4th                | Mount Vernon    | 78482      |  2001 |   1 | 42.69 |  72.57 |       0 | 71.81 |  71.81 |       0 |  2002 |   1
 prieingprianti                                     | able       | 35709      | 8               | Washington 4th     | Clinton              | 58222      | 754             | Center Main        | Belmont         | 80191      |  2001 |   1 | 92.18 |  95.86 | 2357.51 | 14.23 |  18.35 |       0 |  2002 |   1
 prieingprianti                                     | able       | 35709      | 8               | Washington 4th     | Clinton              | 58222      | 754             | Center Main        | Belmont         | 80191      |  2001 |   1 | 92.18 |  95.86 | 2357.51 | 22.63 |  38.24 |       0 |  2002 |   1
 prieingprianti                                     | ation      | 31904      |                 |                    |                      |            | 167             | Pine Willow        | Brownsville     | 29310      |  2001 |   1 | 12.72 |  20.47 |       0 | 10.21 |  17.76 |  158.47 |  2002 |   1
 prieingprianti                                     | ation      | 31904      |                 |                    |                      |            | 167             | Pine Willow        | Brownsville     | 29310      |  2001 |   1 | 12.72 |  20.47 |       0 | 24.98 |  38.96 |       0 |  2002 |   1
 prieingprianti                                     | ation      | 31904      |                 |                    |                      |            | 167             | Pine Willow        | Brownsville     | 29310      |  2001 |   1 | 12.72 |  20.47 |       0 | 92.57 | 147.18 |  723.11 |  2002 |   1
 prieingprianti                                     | ese        | 31904      | 544             | Willow Hickory     | Highland Park        | 56534      | 778             | Madison Walnut     | Fairfield       | 46192      |  2001 |   1 | 10.28 |  11.82 |       0 | 45.26 |  56.12 |       0 |  2002 |   1
 prieingprianti                                     | ese        | 31904      | 294             | 11th Jefferson     | Salem                | 48048      | 266             | 6th                | Lebanon         | 82898      |  2001 |   1 | 16.45 |  29.11 |       0 | 45.26 |  56.12 |       0 |  2002 |   1
 prieseableought                                    | able       | 35709      | 196             | Lincoln            | Arlington            | 76557      | 869             | 4th Meadow         | Roxbury         | 45508      |  2001 |   1 | 40.32 |  66.12 |       0 | 56.14 |  78.03 |       0 |  2002 |   1
 prieseableought                                    | able       | 35709      | 429             | 4th Elm            | Salem                | 98048      | 661             | 5th Madison        | Wilson          | 76971      |  2001 |   1 | 47.26 |   77.5 |       0 | 56.14 |  78.03 |       0 |  2002 |   1
 prieseableought                                    | bar        | 31904      | 206             | Highland 2nd       | Crossroads           | 30534      | 274             | Sunset             | Fairview        | 55709      |  2001 |   1 |  7.23 |  13.23 |  565.55 | 28.69 |  35.57 |       0 |  2002 |   1
 prieseableought                                    | bar        | 31904      |                 | Center View        |                      |            |                 |                    | Ellsworth       |            |  2001 |   1 |  99.1 | 136.75 |       0 | 28.69 |  35.57 |       0 |  2002 |   1
 prieseableought                                    | ese        | 31904      | 208             | Maple Elm          | Oak Grove            | 68370      | 132             | Oak                | Friendship      | 74536      |  2001 |   1 |  7.34 |  14.68 |       0 | 84.84 | 135.74 |       0 |  2002 |   1
 prieseableought                                    | ese        | 31904      | 271             | Sycamore           | Bunker Hill          | 20150      | 452             | Johnson Ash        | Crossroads      | 40534      |  2001 |   1 | 58.61 | 110.18 |       0 | 84.84 | 135.74 |       0 |  2002 |   1
 prieseableought                                    | ought      | 31904      | 434             | 1st Third          | Lakeside             | 79532      | 577             | Sunset             | Farmington      | 79145      |  2001 |   1 | 40.33 |  66.94 |       0 | 87.17 |  104.6 |       0 |  2002 |   1
 prieseablepri                                      | ation      | 31904      | 160             | College            | Lakeview             | 48579      |                 | Wilson Church      |                 |            |  2001 |   1 | 93.84 | 146.39 |       0 | 16.55 |  16.55 |       0 |  2002 |   1
 prieseablepri                                      | ation      | 31904      | 160             | College            | Lakeview             | 48579      |                 | Wilson Church      |                 |            |  2001 |   1 | 93.84 | 146.39 |       0 | 17.05 |   32.9 |       0 |  2002 |   1
 prieseablepri                                      | bar        | 31904      | 834             | Church             | Crossroads           | 30534      | 685             | Walnut Jackson     | Concord         | 94107      |  2001 |   1 | 14.86 |  21.39 |       0 |  80.2 | 141.95 |  1214.2 |  2002 |   1
 prieseablepri                                      | ese        | 31904      | 785             | Hill               | Sulphur Springs      | 78354      | 447             | Williams           | Salem           | 18048      |  2001 |   1 | 56.52 | 102.86 |       0 | 37.86 |  69.28 |       0 |  2002 |   1
 prieseantically                                    | ese        | 31904      | 374             | Center             | Oak Hill             | 57838      | 664             | Franklin           | Hopewell        | 20587      |  2001 |   1 | 22.41 |  22.41 |       0 |  8.77 |  11.13 |       0 |  2002 |   1
 prieseantically                                    | ese        | 31904      | 374             | Center             | Oak Hill             | 57838      | 664             | Franklin           | Hopewell        | 20587      |  2001 |   1 | 22.41 |  22.41 |       0 |   8.8 |  11.17 |   64.33 |  2002 |   1
 prieseantically                                    | ese        | 31904      | 374             | Center             | Oak Hill             | 57838      | 664             | Franklin           | Hopewell        | 20587      |  2001 |   1 | 22.41 |  22.41 |       0 | 55.62 |  94.55 |       0 |  2002 |   1
 prieseantically                                    | ese        | 31904      | 835             | Park               | Lakewood             | 78877      | 422             | Fourth             | Woodville       | 14289      |  2001 |   1 | 56.17 |  64.03 |  466.76 |  8.77 |  11.13 |       0 |  2002 |   1
 prieseantically                                    | ese        | 31904      | 835             | Park               | Lakewood             | 78877      | 422             | Fourth             | Woodville       | 14289      |  2001 |   1 | 56.17 |  64.03 |  466.76 |   8.8 |  11.17 |   64.33 |  2002 |   1
 prieseantically                                    | ese        | 31904      | 835             | Park               | Lakewood             | 78877      | 422             | Fourth             | Woodville       | 14289      |  2001 |   1 | 56.17 |  64.03 |  466.76 | 55.62 |  94.55 |       0 |  2002 |   1
 prieseantically                                    | ese        | 31904      | 560             | 14th Lee           | Oak Hill             | 67838      | 627             | South Sycamore     | Spring Valley   | 26060      |  2001 |   1 | 65.87 |  67.84 |       0 |  8.77 |  11.13 |       0 |  2002 |   1
 prieseantically                                    | ese        | 31904      | 560             | 14th Lee           | Oak Hill             | 67838      | 627             | South Sycamore     | Spring Valley   | 26060      |  2001 |   1 | 65.87 |  67.84 |       0 |   8.8 |  11.17 |   64.33 |  2002 |   1
 prieseantically                                    | ese        | 31904      | 560             | 14th Lee           | Oak Hill             | 67838      | 627             | South Sycamore     | Spring Valley   | 26060      |  2001 |   1 | 65.87 |  67.84 |       0 | 55.62 |  94.55 |       0 |  2002 |   1
 priesebarationought                                | ought      | 31904      | 185             | Meadow Center      | Enterprise           | 61757      | 698             | Willow             | Wilson          | 26971      |  2001 |   1 | 15.14 |  29.97 |       0 |  1.68 |   2.08 |       0 |  2002 |   1
 priesecallyationought                              | eing       | 35709      | 249             | 11th Hickory       | Greenville           | 71387      | 547             | Cherry             | Franklin        | 39101      |  2001 |   1 | 69.74 | 129.01 |       0 | 38.34 |  42.17 |  628.36 |  2002 |   1
 priesecallyationought                              | eing       | 35709      | 249             | 11th Hickory       | Greenville           | 71387      | 547             | Cherry             | Franklin        | 39101      |  2001 |   1 | 69.74 | 129.01 |       0 | 72.75 | 109.85 |       0 |  2002 |   1
 prieseoughtoughtought                              | eing       | 35709      | 794             | Washington 2nd     | Enterprise           | 51757      | 868             | Williams           | Kingston        | 74975      |  2001 |   1 | 67.86 |  87.53 |       0 | 23.85 |  23.85 |       0 |  2002 |   1
 prieseoughtoughtought                              | eing       | 35709      | 794             | Washington 2nd     | Enterprise           | 51757      | 868             | Williams           | Kingston        | 74975      |  2001 |   1 | 67.86 |  87.53 |       0 | 32.01 |  64.02 |       0 |  2002 |   1
 prieseoughtoughtought                              | eing       | 35709      | 159             | Pine Tenth         | Spring Hill          | 86787      | 806             | Spruce             | Pleasant Hill   | 53604      |  2001 |   1 |  72.1 | 108.87 |       0 | 23.85 |  23.85 |       0 |  2002 |   1
 prieseoughtoughtought                              | eing       | 35709      | 159             | Pine Tenth         | Spring Hill          | 86787      | 806             | Spruce             | Pleasant Hill   | 53604      |  2001 |   1 |  72.1 | 108.87 |       0 | 32.01 |  64.02 |       0 |  2002 |   1
 prieseoughtoughtought                              | ese        | 31904      | 585             | Williams           | Mountain View        | 74466      | 606             | Willow Cedar       | Pine Grove      | 34593      |  2001 |   1 | 34.92 |  57.96 |  151.72 | 18.85 |  24.69 |  248.17 |  2002 |   1
 prieseoughtoughtought                              | ese        | 31904      | 585             | Williams           | Mountain View        | 74466      | 606             | Willow Cedar       | Pine Grove      | 34593      |  2001 |   1 | 34.92 |  57.96 |  151.72 |  39.1 |  68.81 |       0 |  2002 |   1
 prieseoughtoughtought                              | ought      | 31904      | 967             | 2nd Lincoln        | Macedonia            | 71087      | 425             | College Dogwood    |                 | 45124      |  2001 |   1 |  2.24 |   3.33 |       0 | 55.51 | 107.13 |       0 |  2002 |   1
 prieseoughtoughtought                              | ought      | 31904      | 48              | River Forest       | Lakeview             | 28579      | 758             | North              | Riverview       | 99003      |  2001 |   1 |  14.9 |  20.56 |  132.43 | 55.51 | 107.13 |       0 |  2002 |   1
 prin stbarantiought                                | able       | 35709      | 630             | Pine Hill          | Woodville            | 24289      | 638             | East Spruce        | Lakeside        | 89532      |  2001 |   1 | 17.72 |  29.94 |       0 | 35.02 |  58.13 |       0 |  2002 |   1
 prin stbarantiought                                | able       | 35709      | 630             | Pine Hill          | Woodville            | 24289      | 638             | East Spruce        | Lakeside        | 89532      |  2001 |   1 | 17.72 |  29.94 |       0 | 69.17 |  89.92 |       0 |  2002 |   1
 prin stbarantiought                                | ation      | 31904      | 651             | Center             | Shiloh               | 69275      | 990             | Elm Elevnth        | Farmington      | 39145      |  2001 |   1 | 41.06 |  73.49 |   997.3 | 23.33 |  41.76 |       0 |  2002 |   1
 prin stbarantiought                                | ation      | 31904      | 463             | Adams North        | Plainview            | 13683      | 272             | Ash                | Georgetown      | 67057      |  2001 |   1 | 51.79 |  85.45 |       0 | 23.33 |  41.76 |       0 |  2002 |   1
 prin stbarantiought                                | ought      | 31904      | 275             | Pine Johnson       | Fisher               | 82819      | 43              | Second             | Farmington      | 69145      |  2001 |   1 | 52.26 |  96.15 |       0 | 52.47 |  77.13 |       0 |  2002 |   1
 prin stbarantiought                                | ought      | 31904      | 618             | Madison            | Union                | 78721      | 866             | Second             | Riverside       | 79231      |  2001 |   1 | 93.27 | 132.44 |       0 | 52.47 |  77.13 |       0 |  2002 |   1
 prin stcallypriought                               | able       | 35709      | 806             | West               | Woodland             | 74854      | 135             | North              | Marion          | 20399      |  2001 |   1 | 60.33 |  80.84 |  279.49 | 39.49 |  52.91 |       0 |  2002 |   1
 prin stesen st                                     | able       | 35709      | 701             | Lake Woodland      | Lakeside             | 69532      | 972             | Birch 9th          | Spring Valley   | 56060      |  2001 |   1 | 74.52 | 126.68 |       0 | 81.15 |  162.3 |       0 |  2002 |   1
 prin stn stese                                     | bar        | 31904      | 790             |                    | Buena Vista          |            | 695             | Jefferson Fifth    | Riverview       | 29003      |  2001 |   1 |  23.4 |  30.88 |   45.03 | 45.83 |   85.7 |  203.58 |  2002 |   1
 prin stn stese                                     | ought      | 31904      | 867             | Main 1st           | Mount Pleasant       | 41933      | 878             | Walnut             |                 | 26277      |  2001 |   1 | 10.99 |  16.81 |   47.36 | 55.66 | 101.85 |       0 |  2002 |   1
 prin stought                                       | ation      | 31904      | 864             | Poplar             | Hillcrest            | 83003      | 50              | Second             | Harmony         | 35804      |  2001 |   1 | 33.84 |  50.08 |       0 | 88.38 | 119.31 |       0 |  2002 |   1
 prin stought                                       | ought      | 31904      | 702             | Dogwood            | Saint Clair          | 95294      | 546             | Main               | Lakewood        | 78877      |  2001 |   1 | 99.37 | 166.94 |       0 | 63.94 |  88.87 |       0 |  2002 |   1
 prin stoughtableought                              | able       | 35709      | 309             | Jackson Johnson    | Stringtown           | 40162      | 163             | Maple Jefferson    | Harmony         | 55804      |  2001 |   1 | 32.08 |   58.7 |       0 | 21.16 |  30.04 |   45.14 |  2002 |   1
 prin stoughtableought                              | able       | 35709      | 309             | Jackson Johnson    | Stringtown           | 40162      | 163             | Maple Jefferson    | Harmony         | 55804      |  2001 |   1 | 32.08 |   58.7 |       0 | 87.09 |  94.05 |       0 |  2002 |   1
 prin stoughtableought                              | able       | 35709      | 683             | Walnut             | Union                | 88721      | 534             | 13th Mill          | Glendale        | 93951      |  2001 |   1 | 86.58 | 120.34 |       0 | 21.16 |  30.04 |   45.14 |  2002 |   1
 prin stoughtableought                              | able       | 35709      | 683             | Walnut             | Union                | 88721      | 534             | 13th Mill          | Glendale        | 93951      |  2001 |   1 | 86.58 | 120.34 |       0 | 87.09 |  94.05 |       0 |  2002 |   1
 prin stoughtableought                              | ation      | 31904      | 548             | 4th Wilson         |                      | 50059      | 756             | Hill First         | Marion          | 30399      |  2001 |   1 |  2.32 |   4.22 |       0 | 30.72 |  47.92 |       0 |  2002 |   1
 prin stoughtableought                              | eing       | 35709      | 858             | Broadway           | Franklin             | 59101      | 681             | Meadow Cherry      | Bunker Hill     | 40150      |  2001 |   1 | 32.73 |  34.03 |       0 | 62.87 | 105.62 | 1551.52 |  2002 |   1
 prin stoughtableought                              | eing       | 35709      | 34              | Chestnut Dogwood   | Franklin             | 69101      | 788             | 13th               | Green Acres     | 17683      |  2001 |   1 | 37.02 |  62.19 |       0 | 62.87 | 105.62 | 1551.52 |  2002 |   1
 prin stoughtn st                                   | able       | 35709      | 698             | Jefferson Ash      | Pomona               | 74153      | 99              | Maple              | Clifton         | 38014      |  2001 |   1 | 43.46 |  57.36 |       0 | 41.71 |  64.23 |   51.35 |  2002 |   1
 prin stoughtn st                                   | able       | 35709      | 503             | 1st                | Newport              | 11521      | 471             | View               | Saint Clair     | 45294      |  2001 |   1 |  72.6 | 105.27 |       0 | 41.71 |  64.23 |   51.35 |  2002 |   1
 prin stoughtn st                                   | bar        | 31904      | 933             | 2nd                | Sunnyside            | 71952      | 553             | Main               | Providence      | 46614      |  2001 |   1 | 32.29 |  34.87 |   22.52 | 66.33 | 122.04 |       0 |  2002 |   1
 prin stoughtn st                                   | eing       | 35709      | 794             | Washington 2nd     | Enterprise           | 51757      | 868             | Williams           | Kingston        | 74975      |  2001 |   1 |  9.68 |  12.68 |       0 | 61.52 |  96.58 |       0 |  2002 |   1
 prin stoughtn st                                   | eing       | 35709      | 279             | 1st 5th            | Bethel               | 35281      | 523             | Hillcrest Hill     | Hopewell        | 60587      |  2001 |   1 | 46.84 |  78.69 |       0 | 61.52 |  96.58 |       0 |  2002 |   1
 prin stoughtn st                                   | ese        | 31904      | 917             | Oak                | Hazelwood            | 71206      | 110             | 5th Smith          | Bunker Hill     | 00750      |  2001 |   1 | 92.34 | 116.34 |       0 | 57.74 |  72.17 |       0 |  2002 |   1
 prin stoughtn st                                   | ese        | 31904      | 906             | 11th First         | Valley View          | 65124      | 424             | Cedar              | Mount Pleasant  | 41933      |  2001 |   1 | 99.46 | 138.24 |       0 | 57.74 |  72.17 |       0 |  2002 |   1
 prin stoughtn st                                   | ought      | 31904      | 871             | Pine               | Wildwood             | 96871      | 288             | Ninth              | Mount Pleasant  | 71933      |  2001 |   1 | 12.62 |  17.79 |       0 | 84.06 | 111.79 | 1615.52 |  2002 |   1
 prin stoughtpri                                    | ese        | 31904      | 447             | Pine               | Greenville           | 51387      | 928             | Walnut 1st         | Fairview        | 75709      |  2001 |   1 |  3.62 |   3.98 |       0 |  1.59 |   1.73 |       0 |  2002 |   1
 prin stoughtpri                                    | ese        | 31904      | 447             | Pine               | Greenville           | 51387      | 928             | Walnut 1st         | Fairview        | 75709      |  2001 |   1 |  3.62 |   3.98 |       0 | 30.02 |  45.33 |       0 |  2002 |   1
 prioughtablepriought                               | ese        | 31904      | 307             | Ridge 11th         | Bunker Hill          | 70150      | 119             | Pine               | Greenwood       | 78828      |  2001 |   1 |  6.95 |   7.36 |       0 |   2.2 |   4.07 |   83.16 |  2002 |   1
 prioughtprieseought                                | ation      | 31904      | 371             | Seventh Cedar      | Clinton              | 78222      | 341             | Spruce             | Newtown         | 41749      |  2001 |   1 | 54.82 |  65.78 |       0 | 72.61 | 119.08 |       0 |  2002 |   1
 prioughtprieseought                                | eing       | 35709      | 947             | 14th Washington    | Lakewood             | 88877      | 615             | Church Jefferson   | Marion          | 60399      |  2001 |   1 |  6.54 |  10.13 |  268.53 | 14.44 |   23.1 |    45.4 |  2002 |   1
 prioughtprieseought                                | eing       | 35709      | 947             | 14th Washington    | Lakewood             | 88877      | 615             | Church Jefferson   | Marion          | 60399      |  2001 |   1 |  6.54 |  10.13 |  268.53 | 47.65 |  53.36 |       0 |  2002 |   1
 priprianticallyought                               | ese        | 31904      | 119             | 5th Third          | Georgetown           | 67057      | 559             | Elm                | Oakdale         | 89584      |  2001 |   1 | 48.69 |  92.51 |       0 | 61.75 |  90.15 | 3342.66 |  2002 |   1
 priprianticallyought                               | ese        | 31904      | 13              | Mill North         | Salem                | 68048      | 402             |                    | Maple Grove     |            |  2001 |   1 | 75.95 |   80.5 |       0 | 61.75 |  90.15 | 3342.66 |  2002 |   1
 priprieingable                                     | able       | 35709      | 166             | Poplar             | Liberty              | 53451      | 945             | Oak                | Hillcrest       | 63003      |  2001 |   1 | 55.17 | 107.02 |       0 |   9.9 |  13.86 |       0 |  2002 |   1
 priprieingable                                     | able       | 35709      | 166             | Poplar             | Liberty              | 53451      | 945             | Oak                | Hillcrest       | 63003      |  2001 |   1 | 55.17 | 107.02 |       0 | 10.53 |  12.53 |       0 |  2002 |   1
 priprieingable                                     | ese        | 31904      | 470             | Birch              | Greenfield           | 85038      | 601             | Fourth Chestnut    | Mount Vernon    | 68482      |  2001 |   1 | 72.78 |  96.79 |       0 |  92.8 | 110.43 |       0 |  2002 |   1
 pripripriese                                       | ese        | 31904      | 321             | View               | Union                | 58721      | 563             | College            | Lakeview        | 38579      |  2001 |   1 | 29.19 |  46.99 |       0 | 59.05 |  72.04 |       0 |  2002 |   1
 pripripriese                                       | ese        | 31904      | 321             | View               | Union                | 58721      | 563             | College            | Lakeview        | 38579      |  2001 |   1 | 29.19 |  46.99 |       0 | 70.77 |  91.29 |       0 |  2002 |   1
(920 rows)

UPDATE time_statistics SET e_time = TRANSACTION_TIMESTAMP() WHERE template = 'query64.tpl' AND stream = 0;
psql:/tmp/s1-basline/power/query_0.sql:3259: NOTICE:  duration: 0.045 ms  plan:
Query Text: UPDATE time_statistics SET e_time = TRANSACTION_TIMESTAMP() WHERE template = 'query64.tpl' AND stream = 0;
Update on time_statistics  (cost=0.00..1.88 rows=0 width=0) (actual time=0.043..0.044 rows=0 loops=1)
  ->  Seq Scan on time_statistics  (cost=0.00..1.88 rows=1 width=14) (actual time=0.025..0.026 rows=1 loops=1)
        Filter: ((template = 'query64.tpl'::text) AND (stream = 0))
        Rows Removed by Filter: 64
UPDATE 1
LOAD 'auto_explain'; SET auto_explain.log_min_duration TO 0; SET auto_explain.log_analyze TO on; SET auto_explain.log_level TO notice; INSERT INTO time_statistics (template, s_time, stream, query, seed) VALUES ('query65.tpl', TRANSACTION_TIMESTAMP(), 0, 65, 2084941129);
LOAD
SET
SET
SET
psql:/tmp/s1-basline/power/query_0.sql:3260: NOTICE:  duration: 0.009 ms  plan:
Query Text: INSERT INTO time_statistics (template, s_time, stream, query, seed) VALUES ('query65.tpl', TRANSACTION_TIMESTAMP(), 0, 65, 2084941129);
Insert on time_statistics  (cost=0.00..0.01 rows=0 width=0) (actual time=0.009..0.009 rows=0 loops=1)
  ->  Result  (cost=0.00..0.01 rows=1 width=64) (actual time=0.002..0.002 rows=1 loops=1)
INSERT 0 1
select 
	s_store_name,
	i_item_desc,
	sc.revenue,
	i_current_price,
	i_wholesale_cost,
	i_brand
 from store, item,
     (select ss_store_sk, avg(revenue) as ave
 	from
 	    (select  ss_store_sk, ss_item_sk, 
 		     sum(ss_sales_price) as revenue
 		from store_sales, date_dim
 		where ss_sold_date_sk = d_date_sk and d_month_seq between 1223 and 1223+11
 		group by ss_store_sk, ss_item_sk) sa
 	group by ss_store_sk) sb,
     (select  ss_store_sk, ss_item_sk, sum(ss_sales_price) as revenue
 	from store_sales, date_dim
 	where ss_sold_date_sk = d_date_sk and d_month_seq between 1223 and 1223+11
 	group by ss_store_sk, ss_item_sk) sc
 where sb.ss_store_sk = sc.ss_store_sk and 
       sc.revenue <= 0.1 * sb.ave and
       s_store_sk = sc.ss_store_sk and
       i_item_sk = sc.ss_item_sk
 order by s_store_name, i_item_desc
limit 100;
psql:/tmp/s1-basline/power/query_0.sql:3286: NOTICE:  duration: 1118.369 ms  plan:
Query Text: select 
	s_store_name,
	i_item_desc,
	sc.revenue,
	i_current_price,
	i_wholesale_cost,
	i_brand
 from store, item,
     (select ss_store_sk, avg(revenue) as ave
 	from
 	    (select  ss_store_sk, ss_item_sk, 
 		     sum(ss_sales_price) as revenue
 		from store_sales, date_dim
 		where ss_sold_date_sk = d_date_sk and d_month_seq between 1223 and 1223+11
 		group by ss_store_sk, ss_item_sk) sa
 	group by ss_store_sk) sb,
     (select  ss_store_sk, ss_item_sk, sum(ss_sales_price) as revenue
 	from store_sales, date_dim
 	where ss_sold_date_sk = d_date_sk and d_month_seq between 1223 and 1223+11
 	group by ss_store_sk, ss_item_sk) sc
 where sb.ss_store_sk = sc.ss_store_sk and 
       sc.revenue <= 0.1 * sb.ave and
       s_store_sk = sc.ss_store_sk and
       i_item_sk = sc.ss_item_sk
 order by s_store_name, i_item_desc
limit 100;
Limit  (cost=188060.05..188060.30 rows=100 width=182) (actual time=1013.377..1118.281 rows=100 loops=1)
  ->  Sort  (cost=188060.05..188060.73 rows=272 width=182) (actual time=1013.377..1118.274 rows=100 loops=1)
        Sort Key: store.s_store_name, item.i_item_desc
        Sort Method: top-N heapsort  Memory: 80kB
        ->  Nested Loop  (cost=184260.90..188049.66 rows=272 width=182) (actual time=807.229..1116.094 rows=4061 loops=1)
              ->  Merge Join  (cost=184260.61..187938.01 rows=272 width=21) (actual time=807.208..1108.613 rows=4061 loops=1)
                    Merge Cond: (store_sales.ss_store_sk = store_sales_1.ss_store_sk)
                    Join Filter: ((sum(store_sales.ss_sales_price)) <= ('0.1'::double precision * (avg((sum(store_sales_1.ss_sales_price))))))
                    Rows Removed by Join Filter: 64513
                    ->  Finalize GroupAggregate  (cost=92129.64..93770.76 rows=13588 width=24) (actual time=385.801..595.360 rows=68575 loops=1)
                          Group Key: store_sales.ss_store_sk, store_sales.ss_item_sk
                          ->  Gather Merge  (cost=92129.64..93549.95 rows=11324 width=24) (actual time=385.795..568.724 rows=177447 loops=1)
                                Workers Planned: 2
                                Workers Launched: 2
                                ->  Partial GroupAggregate  (cost=91129.62..91242.86 rows=5662 width=24) (actual time=359.787..411.372 rows=60278 loops=3)
                                      Group Key: store_sales.ss_store_sk, store_sales.ss_item_sk
                                      ->  Sort  (cost=91129.62..91143.77 rows=5662 width=24) (actual time=359.777..377.060 rows=179629 loops=3)
                                            Sort Key: store_sales.ss_store_sk, store_sales.ss_item_sk
                                            Sort Method: external merge  Disk: 6448kB
                                            Worker 0:  Sort Method: quicksort  Memory: 15462kB
                                            Worker 1:  Sort Method: quicksort  Memory: 15380kB
                                            ->  Hash Join  (cost=2505.25..90776.67 rows=5662 width=24) (actual time=13.077..261.475 rows=182524 loops=3)
                                                  Hash Cond: (store_sales.ss_sold_date_sk = date_dim.d_date_sk)
                                                  ->  Parallel Seq Scan on store_sales  (cost=0.00..85123.48 rows=1199148 width=32) (actual time=0.015..124.537 rows=959309 loops=3)
                                                  ->  Hash  (cost=2500.73..2500.73 rows=361 width=8) (actual time=13.022..13.023 rows=365 loops=3)
                                                        Buckets: 1024  Batches: 1  Memory Usage: 23kB
                                                        ->  Seq Scan on date_dim  (cost=0.00..2500.73 rows=361 width=8) (actual time=6.233..12.974 rows=365 loops=3)
                                                              Filter: ((d_month_seq >= 1223) AND (d_month_seq <= 1234))
                                                              Rows Removed by Filter: 72684
                    ->  Materialize  (cost=92130.97..93981.13 rows=12 width=29) (actual time=403.285..501.087 rows=57108 loops=1)
                          ->  Merge Join  (cost=92130.97..93981.10 rows=12 width=29) (actual time=403.281..498.527 rows=6 loops=1)
                                Merge Cond: (store.s_store_sk = store_sales_1.ss_store_sk)
                                ->  Sort  (cost=1.34..1.37 rows=12 width=13) (actual time=0.019..0.021 rows=11 loops=1)
                                      Sort Key: store.s_store_sk
                                      Sort Method: quicksort  Memory: 25kB
                                      ->  Seq Scan on store  (cost=0.00..1.12 rows=12 width=13) (actual time=0.010..0.011 rows=12 loops=1)
                                ->  GroupAggregate  (cost=92129.64..93977.08 rows=200 width=16) (actual time=403.258..498.499 rows=7 loops=1)
                                      Group Key: store_sales_1.ss_store_sk
                                      ->  Finalize GroupAggregate  (cost=92129.64..93770.76 rows=13588 width=24) (actual time=385.368..491.727 rows=75839 loops=1)
                                            Group Key: store_sales_1.ss_store_sk, store_sales_1.ss_item_sk
                                            ->  Gather Merge  (cost=92129.64..93549.95 rows=11324 width=24) (actual time=385.361..463.699 rows=187818 loops=1)
                                                  Workers Planned: 2
                                                  Workers Launched: 2
                                                  ->  Partial GroupAggregate  (cost=91129.62..91242.86 rows=5662 width=24) (actual time=358.922..404.997 rows=62606 loops=3)
                                                        Group Key: store_sales_1.ss_store_sk, store_sales_1.ss_item_sk
                                                        ->  Sort  (cost=91129.62..91143.77 rows=5662 width=24) (actual time=358.912..370.787 rows=182524 loops=3)
                                                              Sort Key: store_sales_1.ss_store_sk, store_sales_1.ss_item_sk
                                                              Sort Method: external merge  Disk: 6328kB
                                                              Worker 0:  Sort Method: quicksort  Memory: 15470kB
                                                              Worker 1:  Sort Method: quicksort  Memory: 15597kB
                                                              ->  Hash Join  (cost=2505.25..90776.67 rows=5662 width=24) (actual time=13.491..260.715 rows=182524 loops=3)
                                                                    Hash Cond: (store_sales_1.ss_sold_date_sk = date_dim_1.d_date_sk)
                                                                    ->  Parallel Seq Scan on store_sales store_sales_1  (cost=0.00..85123.48 rows=1199148 width=32) (actual time=0.015..122.983 rows=959309 loops=3)
                                                                    ->  Hash  (cost=2500.73..2500.73 rows=361 width=8) (actual time=13.430..13.431 rows=365 loops=3)
                                                                          Buckets: 1024  Batches: 1  Memory Usage: 23kB
                                                                          ->  Seq Scan on date_dim date_dim_1  (cost=0.00..2500.73 rows=361 width=8) (actual time=6.521..13.385 rows=365 loops=3)
                                                                                Filter: ((d_month_seq >= 1223) AND (d_month_seq <= 1234))
                                                                                Rows Removed by Filter: 72684
              ->  Index Scan using pk_item on item  (cost=0.29..0.41 rows=1 width=177) (actual time=0.001..0.001 rows=1 loops=4061)
                    Index Cond: (i_item_sk = store_sales.ss_item_sk)
 s_store_name |                                                                                              i_item_desc                                                                                              |      revenue       | i_current_price | i_wholesale_cost |                      i_brand                       
--------------+-------------------------------------------------------------------------------------------------------------------------------------------------------------------------------------------------------+--------------------+-----------------+------------------+----------------------------------------------------
 able         | A                                                                                                                                                                                                     |              18.59 |            3.33 |             5.16 | importoedu pack #2                                
 able         | Able, british pupils cannot increase also now just times.                                                                                                                                             |               2.49 |            7.57 |              2.8 | amalgimporto #2                                   
 able         | Able changes will submit areas. Scottish                                                                                                                                                              |               9.44 |            5.35 |             0.48 | amalgamalgamalg #6                                
 able         | Able cities should not limit. Kinds must seem tonight sexual firms. Critical weeks would get proposed, delicious guidelines; wrong procedures learn very. Important eyes may display in               |               0.39 |           25.99 |             0.07 | importoedu pack #2                                
 able         | Able courts ca                                                                                                                                                                                        |               2.62 |            0.51 |             1.75 | corpamalgamalg #6                                 
 able         | Able eyes might contribute policies. Necessary, external schools convene even great, difficult days. Even capitalist years must forgo                                                                 |               5.91 |            3.96 |                6 | corpmaxi #6                                       
 able         | Able, left banks will preserve ibid intense clothes. Large schools provide grey men. Working terms for                                                                                                |              10.26 |            3.78 |             3.32 | importoimporto #2                                 
 able         | Able, other members let indefinitely authorities. Actual, likely directors seem parts. Supreme agreements should model deep. Available, high arms escape short, supreme criticisms. Ever new fea      |              13.05 |            2.68 |             2.22 | importoimporto #2                                 
 able         | Able tourists pick to a groups. Needs want blu                                                                                                                                                        |               4.33 |            2.26 |             1.42 | importonameless #4                                
 able         | Above definite exhibitions might come even on a events; small, financial estates can feel really with a flames. Types                                                                                 | 11.120000000000001 |            3.29 |             2.53 | exportibrand #2                                   
 able         | Above primary goods give now faces; easy, neat managers see in a officials. Responsible, massive laws would not see lips; secondary, old votes report; simple men meet certainly results. Various     |              16.84 |            2.48 |             2.08 | scholarmaxi #6                                    
 able         | Accountants beat into a lines. Problems would identify. Small girls should not ensure. Unlikely traditions go only adverse types. Now necessary arms reverse rough eyebr                              |               6.74 |            0.53 |             0.16 | importoamalg #2                                   
 able         | Actually moral parties bring. Strong, true legs will speak social, white ways. Risks shall dwell inside prices. Cultural systems apply equal, following                                               | 25.259999999999998 |            1.06 |             2.23 | importonameless #2                                
 able         | Acute, english clients tell foreign, large boxes. Remarkably black stores form ever effects. Very fair goods give occasionally enough open months. Numbers slip                                       |              20.68 |            0.33 |             0.14 | importounivamalg #12                              
 able         | Administrative, asleep classes shall not command else in a investors; complex, national methods ought to wish personally; dramatic principles could not remember. Cul                                 |               0.64 |             2.6 |             0.88 | scholarunivamalg #6                               
 able         | Adult, good secrets iron indeed. Computers demand now for the women. Other, major yards mean sometimes white moments. Small, local contexts try executive eyes. Prime, final goals might not allow u  |              20.52 |            4.01 |                2 | exportimaxi #4                                    
 able         | Adults can report qualifi                                                                                                                                                                             |               2.59 |            9.27 |             8.25 | edu packexporti #2                                
 able         | Adverse, royal courses might not cry altogether intensive, recent ports. British,                                                                                                                     |              10.13 |            3.62 |             1.84 | scholarmaxi #6                                    
 able         | Affairs destroy please almost other girls. Old, desp                                                                                                                                                  |              12.74 |            5.53 |             4.81 | edu packexporti #2                                
 able         | Again living curtains might keep. Christian, favorite relations become hungry, happy sons. British, fun risks could acquire human substances; existing,                                               |               6.15 |            7.02 |             3.15 | amalgbrand #8                                     
 able         | Again white firms might not question also little, tremendous projects. Goods run by no means in a children; immediate changes determine to a tasks. Places would appear shops. Membe                  |              14.67 |            1.35 |             0.85 | brandnameless #6                                  
 able         | Agencies scare in the boundaries. Packages would not perform immediately natural members; able, personal parties cr                                                                                   |              21.32 |            4.68 |             3.27 | univmaxi #5                                       
 able         | Ages live drily fresh, increased cases. Other, new years                                                                                                                                              |               7.59 |           17.99 |             2.73 | edu packscholar #2                                
 able         | Ago social thoughts end late sides. Strongly powerful arms reinstate else tight public others. Films grow over horses; essential cattle condemn russian levels. Charact                               | 11.930000000000001 |            3.47 |             0.95 | edu packexporti #2                                
 able         | A little emotional sc                                                                                                                                                                                 | 25.950000000000003 |            2.28 |             2.46 | amalgamalgamalg #15                               
 able         | All old agreements ought to improve especially small british elections. Interested, good techniques ought to asse                                                                                     | 20.959999999999997 |             0.9 |             0.63 | importoimporto #2                                 
 able         | Also available studies will not arrange seldom adjacent to a weaknesses. Rapidly senior services get occasionally perhaps immense powers                                                              |                8.6 |           67.38 |             1.77 | importobrand #6                                   
 able         | Also awful effects trade suddenly just high assessments. Now public things may get british cities. Substances would talk like                                                                         |               3.84 |            9.52 |             6.68 | namelessbrand #10                                 
 able         | Also certain initiatives could keep royal principles. Cars may persuade necessary, absolute animals. Away top boots                                                                                   | 20.720000000000002 |            7.13 |             2.92 | corpbrand #8                                      
 able         | Also common                                                                                                                                                                                           |              23.86 |            8.32 |             1.12 | exportiamalg #2                                   
 able         | Also odd things ought to like levels. Tim                                                                                                                                                             |              10.23 |            0.24 |             0.12 | exportiexporti #2                                 
 able         | Also widespread feelings continue eventually severe nurses. Relatively brave women subscribe. Skilled, british temperatures make to a markets; arts see things. New motives would simplify so intere  |               15.6 |            0.42 |             2.49 | corpunivamalg #11                                 
 able         | Alternative, perfect police make given difficulties. Partners react on a problems. Regional, large rates should rescue very italian companies. O                                                      |              11.59 |             1.9 |             3.33 | edu packimporto #2                                
 able         | Always free developments will prepare more concerned lev                                                                                                                                              |                4.2 |            4.26 |             2.25 | corpunivamalg #15                                 
 able         | Always french americans take chemicals. No clear troops give significant tables. Fans afford really young managers; soft, good fires distinguis                                                       |               2.49 |            2.63 |             2.02 | exportinameless #6                                
 able         | Always lonely records take even                                                                                                                                                                       |              16.09 |            1.34 |             0.68 | importounivamalg #12                              
 able         | Amazing theories make long other, free countries. Diplom                                                                                                                                              |               9.43 |            1.99 |             1.61 | corpamalgamalg #6                                 
 able         | American programmes might prove strictly purely proper personnel. Vulnerable details share only young r                                                                                               |              18.03 |           66.59 |             1.59 | brandbrand #8                                     
 able         | American, unusual initiatives refer better bad horses. Terrible eyes speak                                                                                                                            |               20.2 |            2.54 |             1.14 | exportiexporti #2                                 
 able         | Ancient cases could not say about at the chapters. Local, right nurses might check luckily local men. Important, subject owners shall speak however within a skills; similar                          |              22.78 |            1.43 |             1.24 | importoimporto #2                                 
 able         | Ancient, e                                                                                                                                                                                            |               1.42 |            8.95 |             7.42 | importoimporto #2                                 
 able         | Ancient fruits will not resign past,                                                                                                                                                                  |              26.71 |            4.59 |             0.79 | scholarnameless #8                                
 able         | Angry services might reject. Difficult, popular parts might laugh seldom for the patients. Environmen                                                                                                 |               2.97 |             4.9 |             1.81 | scholarunivamalg #15                              
 able         | Anonymous, irish years used to support generally part                                                                                                                                                 |              21.21 |            3.14 |                1 | corpamalgamalg #12                                
 able         | Apparent communities will repay so as joint others. Relations lay bad rules. Companies might us                                                                                                       |              18.88 |           12.08 |             0.86 | exportiimporto #2                                 
 able         | Appropriate pensions go contents. Rules see. Other, subsequent minutes make fair cases. Ears reduce members. Small standards could not flower relati                                                  |              28.07 |            2.42 |            67.61 | corpunivamalg #12                                 
 able         | Areas will not exc                                                                                                                                                                                    |               15.2 |               1 |             2.64 | amalgedu pack #2                                  
 able         | Armed solutions would use only. Hardly practical steps must identify new, primitive implications. Unlikely, new times involve most large wages. Turkish trees go thus on a rese                       |              10.75 |            5.44 |             6.69 | importoscholar #2                                 
 able         | Arms could get very personal respondents. Still black aspects could not suck. Wonderful dates may fight only fascinating months. Decent, essential steps produce for no photographs; other            |              16.32 |            4.69 |             0.92 | amalgscholar #2                                   
 able         | Arms view familiar sympt                                                                                                                                                                              |              25.09 |            9.56 |             2.43 | edu packexporti #2                                
 able         | Around new individuals favour desperate, similar clients. Models would not receive perhaps other managers. Genuine players cos                                                                        |               9.09 |            2.55 |             1.55 | importoamalg #2                                   
 able         | As able yards should illustrate grateful windows. Later educational things foresee economic, royal authorities. Much local clergy shall see children. Corpora                                         |               13.3 |            8.56 |             2.38 | exportischolar #2                                 
 able         | As french bands comply wrong national ways. Ey                                                                                                                                                        |              15.82 |            2.88 |             1.26 | importomaxi #6                                    
 able         | As green services work lucky plans. Profound, independent sales would prepare shortly. High c                                                                                                         |              27.39 |            4.21 |             0.85 | exportiimporto #2                                 
 able         | Aside actual topics tell so as however so-called periods. Early, single legs would not vary on                                                                                                        |               7.39 |            2.85 |             1.93 | univnameless #10                                  
 able         | As main comments would go final americans. Changes disrupt as on a eyes; public, dramatic units will drive about a patterns. Regular, app                                                             |               5.35 |            8.37 |             2.85 | corpnameless #10                                  
 able         | At least int                                                                                                                                                                                          |                2.3 |           33.13 |            13.58 | amalgbrand #2                                     
 able         | At least int                                                                                                                                                                                          |              23.62 |             2.6 |            13.58 | amalgexporti #1                                   
 able         | At least local thanks make particularly economic feet. Twin, busy sections used to consider about favorite women. Today sweet mothers could force both. Different minutes expe                        |               28.8 |            3.11 |             1.33 | exportischolar #2                                 
 able         | At least running readers arrange conditions. Further local engines may not go rooms; tall                                                                                                             |               9.11 |            5.15 |             4.72 | edu packamalg #2                                  
 able         | Attitudes cannot prepare still in a skills. Especially able beaches export quietly                                                                                                                    |              26.44 |             4.1 |             1.28 | edu packimporto #2                                
 able         | Authorities relax respective, big societies. Without electrical jobs will weigh only easy public outcomes. There cor                                                                                  |              26.78 |            8.01 |             1.31 | amalgbrand #4                                     
 able         | Available demands ought to go nervously original, great yea                                                                                                                                           |              28.36 |            1.99 |             4.22 | amalgamalg #2                                     
 able         | Awards might expect considerable men. Days survive after a teachers. Workers would go yesterday conditions.                                                                                           |               2.36 |            2.34 |              1.8 | amalgimporto #2                                   
 able         | Bad, personal funds take with a judges. Fast overseas men start payments. Suitable, easy girls                                                                                                        |              20.17 |            8.47 |             6.35 | amalgmaxi #12                                     
 able         | Basi                                                                                                                                                                                                  |              12.36 |            6.68 |             3.74 | edu packexporti #2                                
 able         | Basic, mi                                                                                                                                                                                             |              19.11 |            6.86 |             1.68 | importoimporto #2                                 
 able         | Below excellent kilometres write far personnel. Labour, only years provide long for a members. Positions shall give depending on a bars.                                                              |              19.99 |             3.1 |             2.44 | exportiedu pack #2                                
 able         | Below free b                                                                                                                                                                                          |              27.63 |           97.72 |            18.88 | amalgexporti #2                                   
 able         | Benefits could not work; major, separate decisions mix obvious, different elements. Islands must take more requirements.                                                                              |               1.01 |            9.12 |             0.45 | exportiexporti #2                                 
 able         | Benefits might                                                                                                                                                                                        | 24.770000000000003 |           96.54 |             75.3 | scholarcorp #2                                    
 able         | Best likely movements may step into the chips. Ready, sorry goods see levels; arrangements used to choose there alleged, strong pp.; s                                                                |              21.43 |           77.58 |            38.79 | namelesscorp #4                                   
 able         | Big husbands should need grace                                                                                                                                                                        | 26.009999999999998 |            0.79 |             3.44 | amalgedu pack #2                                  
 able         | Big libraries used to meet citizens. Reports expand readily copies. Police may end now efforts. Years get paymen                                                                                      |               1.58 |            7.05 |             1.88 | importonameless #10                               
 able         | Big, special studies suggest quite lads. Detailed, arab services shed under future, little rules. Tickets must not implem                                                                             |               8.35 |            4.58 |             3.39 | exportiexporti #2                                 
 able         | Birds deal so no longer existing profits. Only                                                                                                                                                        |               8.69 |            0.17 |             0.05 | amalgscholar #2                                   
 able         | Bitter banks will adva                                                                                                                                                                                |              13.48 |            0.71 |             0.78 | univnameless #2                                   
 able         | Bitter, new wounds cannot become things; spirits shall feel so much as at a policies. Rather only effects note naturally full arm                                                                     |               14.8 |           36.53 |            28.49 | exportiamalg #2                                   
 able         | Black, false tools go; tall                                                                                                                                                                           |               5.74 |           64.79 |             1.68 | importocorp #8                                    
 able         | Black products should buy however so other children. Indeed light bonds should reduce only, happy plans. Results accept h                                                                             |               9.96 |           16.03 |             7.05 | edu packmaxi #6                                   
 able         | Black tears incur here for a questions. Companies back on a wh                                                                                                                                        |              18.72 |            7.81 |             4.13 | edu packexporti #2                                
 able         | Blank libraries create other, unchanged figures. Effective lessons may resolve either above a                                                                                                         |              16.19 |            4.62 |             3.37 | importoimporto #1                                 
 able         | Blind, german children may comment just. Now young fields will study generally human sources. Plain roads might present still states. Police spin further things. Forms get even typical weeken       |              24.83 |            0.82 |             5.73 | importoamalg #2                                   
 able         | Blind purposes relax never sorry, long cells. Poor, available parties shrink truly hot arms. Else able hands would ask british years; key sources would not send enormously harsh,                    |              22.78 |            5.97 |             2.92 | exportiexporti #2                                 
 able         | Both progressive problems speak here. Likely, full                                                                                                                                                    |              21.18 |             2.9 |            26.55 | univbrand #4                                      
 able         | Both vague grounds invest too now preliminary s                                                                                                                                                       |               9.68 |            5.06 |             3.18 | amalgedu pack #2                                  
 able         | Boundaries would not harbour then                                                                                                                                                                     |               0.22 |            1.27 |             0.83 | amalgamalg #2                                     
 able         | Boys learn responsibilities. Small times would draw. General key                                                                                                                                      |              11.73 |            4.32 |             2.41 | amalgamalg #2                                     
 able         | Briefly absolute reductions can go very terms. Warm, left details may not make police. Effective, acute yards could know other, physical levels. New, young relations must leave only in a years. Old |              16.05 |            5.25 |             0.16 | exportiimporto #2                                 
 able         | British, cert                                                                                                                                                                                         |               4.55 |            0.51 |             0.23 | exportinameless #6                                
 able         | British, international pages mention however with the possibilities; once old attitudes used to lead surely free police. Powerful teeth used to spread central babies. Short comm                     |              18.76 |            0.84 |             0.42 | edu packedu pack #2                               
 able         | British, new children could concentrate just available excepti                                                                                                                                        | 25.330000000000002 |            1.06 |             3.86 | edu packbrand #2                                  
 able         | Broken, close ideas complain later in a sums. Authorities laugh just pieces; long, royal societies convert only spiritual doubts. Eventually outside humans evaluate; as ultimate women creat         |               5.65 |            4.72 |            37.51 | importoscholar #2                                 
 able         | Buildings collect still contrary funds; remarks sleep perhaps for a workers. Doctors may inspire actions; outside criteria can know                                                                   |               3.78 |            7.21 |             4.97 | importoedu pack #2                                
 able         | Buildings might give. Woods ought to think in a tories; preferences used                                                                                                                              |               8.33 |             4.7 |              2.3 | importobrand #4                                   
 able         | Busy, internal arts should match local injuries. Australian,                                                                                                                                          |              17.44 |            0.51 |             4.02 | univnameless #4                                   
 able         | Cameras put contents. Local units love by a boys. Cases put old days. Procedures should not make only new, spec                                                                                       |               4.91 |           81.19 |             2.35 | exporticorp #6                                    
 able         | Capital reasons take new ca                                                                                                                                                                           |              22.66 |            2.07 |             4.87 | maxicorp #6                                       
 able         | Cars walk normal, social classes. Formal parents go on the lakes; hands bring on a discussions. Terms see both only direct citizens. As basic years equip then rough soldiers. Hence e                |              26.19 |            9.63 |             8.57 | univamalgamalg #6                                 
 able         | Central levels stay. Things may encourage                                                                                                                                                             |              11.54 |             1.6 |             2.94 | exportibrand #4                                   
(100 rows)

UPDATE time_statistics SET e_time = TRANSACTION_TIMESTAMP() WHERE template = 'query65.tpl' AND stream = 0;
psql:/tmp/s1-basline/power/query_0.sql:3288: NOTICE:  duration: 0.041 ms  plan:
Query Text: UPDATE time_statistics SET e_time = TRANSACTION_TIMESTAMP() WHERE template = 'query65.tpl' AND stream = 0;
Update on time_statistics  (cost=0.00..1.88 rows=0 width=0) (actual time=0.040..0.040 rows=0 loops=1)
  ->  Seq Scan on time_statistics  (cost=0.00..1.88 rows=1 width=14) (actual time=0.017..0.017 rows=1 loops=1)
        Filter: ((template = 'query65.tpl'::text) AND (stream = 0))
        Rows Removed by Filter: 65
UPDATE 1
LOAD 'auto_explain'; SET auto_explain.log_min_duration TO 0; SET auto_explain.log_analyze TO on; SET auto_explain.log_level TO notice; INSERT INTO time_statistics (template, s_time, stream, query, seed) VALUES ('query66.tpl', TRANSACTION_TIMESTAMP(), 0, 66, 951547797);
LOAD
SET
SET
SET
psql:/tmp/s1-basline/power/query_0.sql:3289: NOTICE:  duration: 0.009 ms  plan:
Query Text: INSERT INTO time_statistics (template, s_time, stream, query, seed) VALUES ('query66.tpl', TRANSACTION_TIMESTAMP(), 0, 66, 951547797);
Insert on time_statistics  (cost=0.00..0.01 rows=0 width=0) (actual time=0.008..0.008 rows=0 loops=1)
  ->  Result  (cost=0.00..0.01 rows=1 width=64) (actual time=0.001..0.001 rows=1 loops=1)
INSERT 0 1
select   
         w_warehouse_name
 	,w_warehouse_sq_ft
 	,w_city
 	,w_county
 	,w_state
 	,w_country
        ,ship_carriers
        ,year
 	,sum(jan_sales) as jan_sales
 	,sum(feb_sales) as feb_sales
 	,sum(mar_sales) as mar_sales
 	,sum(apr_sales) as apr_sales
 	,sum(may_sales) as may_sales
 	,sum(jun_sales) as jun_sales
 	,sum(jul_sales) as jul_sales
 	,sum(aug_sales) as aug_sales
 	,sum(sep_sales) as sep_sales
 	,sum(oct_sales) as oct_sales
 	,sum(nov_sales) as nov_sales
 	,sum(dec_sales) as dec_sales
 	,sum(jan_sales/w_warehouse_sq_ft) as jan_sales_per_sq_foot
 	,sum(feb_sales/w_warehouse_sq_ft) as feb_sales_per_sq_foot
 	,sum(mar_sales/w_warehouse_sq_ft) as mar_sales_per_sq_foot
 	,sum(apr_sales/w_warehouse_sq_ft) as apr_sales_per_sq_foot
 	,sum(may_sales/w_warehouse_sq_ft) as may_sales_per_sq_foot
 	,sum(jun_sales/w_warehouse_sq_ft) as jun_sales_per_sq_foot
 	,sum(jul_sales/w_warehouse_sq_ft) as jul_sales_per_sq_foot
 	,sum(aug_sales/w_warehouse_sq_ft) as aug_sales_per_sq_foot
 	,sum(sep_sales/w_warehouse_sq_ft) as sep_sales_per_sq_foot
 	,sum(oct_sales/w_warehouse_sq_ft) as oct_sales_per_sq_foot
 	,sum(nov_sales/w_warehouse_sq_ft) as nov_sales_per_sq_foot
 	,sum(dec_sales/w_warehouse_sq_ft) as dec_sales_per_sq_foot
 	,sum(jan_net) as jan_net
 	,sum(feb_net) as feb_net
 	,sum(mar_net) as mar_net
 	,sum(apr_net) as apr_net
 	,sum(may_net) as may_net
 	,sum(jun_net) as jun_net
 	,sum(jul_net) as jul_net
 	,sum(aug_net) as aug_net
 	,sum(sep_net) as sep_net
 	,sum(oct_net) as oct_net
 	,sum(nov_net) as nov_net
 	,sum(dec_net) as dec_net
 from (
     select 
 	w_warehouse_name
 	,w_warehouse_sq_ft
 	,w_city
 	,w_county
 	,w_state
 	,w_country
 	,'DIAMOND' || ',' || 'ALLIANCE' as ship_carriers
       ,d_year as year
 	,sum(case when d_moy = 1 
 		then ws_sales_price* ws_quantity else 0 end) as jan_sales
 	,sum(case when d_moy = 2 
 		then ws_sales_price* ws_quantity else 0 end) as feb_sales
 	,sum(case when d_moy = 3 
 		then ws_sales_price* ws_quantity else 0 end) as mar_sales
 	,sum(case when d_moy = 4 
 		then ws_sales_price* ws_quantity else 0 end) as apr_sales
 	,sum(case when d_moy = 5 
 		then ws_sales_price* ws_quantity else 0 end) as may_sales
 	,sum(case when d_moy = 6 
 		then ws_sales_price* ws_quantity else 0 end) as jun_sales
 	,sum(case when d_moy = 7 
 		then ws_sales_price* ws_quantity else 0 end) as jul_sales
 	,sum(case when d_moy = 8 
 		then ws_sales_price* ws_quantity else 0 end) as aug_sales
 	,sum(case when d_moy = 9 
 		then ws_sales_price* ws_quantity else 0 end) as sep_sales
 	,sum(case when d_moy = 10 
 		then ws_sales_price* ws_quantity else 0 end) as oct_sales
 	,sum(case when d_moy = 11
 		then ws_sales_price* ws_quantity else 0 end) as nov_sales
 	,sum(case when d_moy = 12
 		then ws_sales_price* ws_quantity else 0 end) as dec_sales
 	,sum(case when d_moy = 1 
 		then ws_net_paid_inc_tax * ws_quantity else 0 end) as jan_net
 	,sum(case when d_moy = 2
 		then ws_net_paid_inc_tax * ws_quantity else 0 end) as feb_net
 	,sum(case when d_moy = 3 
 		then ws_net_paid_inc_tax * ws_quantity else 0 end) as mar_net
 	,sum(case when d_moy = 4 
 		then ws_net_paid_inc_tax * ws_quantity else 0 end) as apr_net
 	,sum(case when d_moy = 5 
 		then ws_net_paid_inc_tax * ws_quantity else 0 end) as may_net
 	,sum(case when d_moy = 6 
 		then ws_net_paid_inc_tax * ws_quantity else 0 end) as jun_net
 	,sum(case when d_moy = 7 
 		then ws_net_paid_inc_tax * ws_quantity else 0 end) as jul_net
 	,sum(case when d_moy = 8 
 		then ws_net_paid_inc_tax * ws_quantity else 0 end) as aug_net
 	,sum(case when d_moy = 9 
 		then ws_net_paid_inc_tax * ws_quantity else 0 end) as sep_net
 	,sum(case when d_moy = 10 
 		then ws_net_paid_inc_tax * ws_quantity else 0 end) as oct_net
 	,sum(case when d_moy = 11
 		then ws_net_paid_inc_tax * ws_quantity else 0 end) as nov_net
 	,sum(case when d_moy = 12
 		then ws_net_paid_inc_tax * ws_quantity else 0 end) as dec_net
     from
          web_sales
         ,warehouse
         ,date_dim
         ,time_dim
 	  ,ship_mode
     where
            ws_warehouse_sk =  w_warehouse_sk
        and ws_sold_date_sk = d_date_sk
        and ws_sold_time_sk = t_time_sk
 	and ws_ship_mode_sk = sm_ship_mode_sk
        and d_year = 2000
 	and t_time between 55460 and 55460+28800 
 	and sm_carrier in ('DIAMOND','ALLIANCE')
     group by 
        w_warehouse_name
 	,w_warehouse_sq_ft
 	,w_city
 	,w_county
 	,w_state
 	,w_country
       ,d_year
 union all
     select 
 	w_warehouse_name
 	,w_warehouse_sq_ft
 	,w_city
 	,w_county
 	,w_state
 	,w_country
 	,'DIAMOND' || ',' || 'ALLIANCE' as ship_carriers
       ,d_year as year
 	,sum(case when d_moy = 1 
 		then cs_ext_sales_price* cs_quantity else 0 end) as jan_sales
 	,sum(case when d_moy = 2 
 		then cs_ext_sales_price* cs_quantity else 0 end) as feb_sales
 	,sum(case when d_moy = 3 
 		then cs_ext_sales_price* cs_quantity else 0 end) as mar_sales
 	,sum(case when d_moy = 4 
 		then cs_ext_sales_price* cs_quantity else 0 end) as apr_sales
 	,sum(case when d_moy = 5 
 		then cs_ext_sales_price* cs_quantity else 0 end) as may_sales
 	,sum(case when d_moy = 6 
 		then cs_ext_sales_price* cs_quantity else 0 end) as jun_sales
 	,sum(case when d_moy = 7 
 		then cs_ext_sales_price* cs_quantity else 0 end) as jul_sales
 	,sum(case when d_moy = 8 
 		then cs_ext_sales_price* cs_quantity else 0 end) as aug_sales
 	,sum(case when d_moy = 9 
 		then cs_ext_sales_price* cs_quantity else 0 end) as sep_sales
 	,sum(case when d_moy = 10 
 		then cs_ext_sales_price* cs_quantity else 0 end) as oct_sales
 	,sum(case when d_moy = 11
 		then cs_ext_sales_price* cs_quantity else 0 end) as nov_sales
 	,sum(case when d_moy = 12
 		then cs_ext_sales_price* cs_quantity else 0 end) as dec_sales
 	,sum(case when d_moy = 1 
 		then cs_net_paid_inc_tax * cs_quantity else 0 end) as jan_net
 	,sum(case when d_moy = 2 
 		then cs_net_paid_inc_tax * cs_quantity else 0 end) as feb_net
 	,sum(case when d_moy = 3 
 		then cs_net_paid_inc_tax * cs_quantity else 0 end) as mar_net
 	,sum(case when d_moy = 4 
 		then cs_net_paid_inc_tax * cs_quantity else 0 end) as apr_net
 	,sum(case when d_moy = 5 
 		then cs_net_paid_inc_tax * cs_quantity else 0 end) as may_net
 	,sum(case when d_moy = 6 
 		then cs_net_paid_inc_tax * cs_quantity else 0 end) as jun_net
 	,sum(case when d_moy = 7 
 		then cs_net_paid_inc_tax * cs_quantity else 0 end) as jul_net
 	,sum(case when d_moy = 8 
 		then cs_net_paid_inc_tax * cs_quantity else 0 end) as aug_net
 	,sum(case when d_moy = 9 
 		then cs_net_paid_inc_tax * cs_quantity else 0 end) as sep_net
 	,sum(case when d_moy = 10 
 		then cs_net_paid_inc_tax * cs_quantity else 0 end) as oct_net
 	,sum(case when d_moy = 11
 		then cs_net_paid_inc_tax * cs_quantity else 0 end) as nov_net
 	,sum(case when d_moy = 12
 		then cs_net_paid_inc_tax * cs_quantity else 0 end) as dec_net
     from
          catalog_sales
         ,warehouse
         ,date_dim
         ,time_dim
 	 ,ship_mode
     where
            cs_warehouse_sk =  w_warehouse_sk
        and cs_sold_date_sk = d_date_sk
        and cs_sold_time_sk = t_time_sk
 	and cs_ship_mode_sk = sm_ship_mode_sk
        and d_year = 2000
 	and t_time between 55460 AND 55460+28800 
 	and sm_carrier in ('DIAMOND','ALLIANCE')
     group by 
        w_warehouse_name
 	,w_warehouse_sq_ft
 	,w_city
 	,w_county
 	,w_state
 	,w_country
       ,d_year
 ) x
 group by 
        w_warehouse_name
 	,w_warehouse_sq_ft
 	,w_city
 	,w_county
 	,w_state
 	,w_country
 	,ship_carriers
       ,year
 order by w_warehouse_name
 limit 100;
psql:/tmp/s1-basline/power/query_0.sql:3506: NOTICE:  duration: 421.549 ms  plan:
Query Text: select   
         w_warehouse_name
 	,w_warehouse_sq_ft
 	,w_city
 	,w_county
 	,w_state
 	,w_country
        ,ship_carriers
        ,year
 	,sum(jan_sales) as jan_sales
 	,sum(feb_sales) as feb_sales
 	,sum(mar_sales) as mar_sales
 	,sum(apr_sales) as apr_sales
 	,sum(may_sales) as may_sales
 	,sum(jun_sales) as jun_sales
 	,sum(jul_sales) as jul_sales
 	,sum(aug_sales) as aug_sales
 	,sum(sep_sales) as sep_sales
 	,sum(oct_sales) as oct_sales
 	,sum(nov_sales) as nov_sales
 	,sum(dec_sales) as dec_sales
 	,sum(jan_sales/w_warehouse_sq_ft) as jan_sales_per_sq_foot
 	,sum(feb_sales/w_warehouse_sq_ft) as feb_sales_per_sq_foot
 	,sum(mar_sales/w_warehouse_sq_ft) as mar_sales_per_sq_foot
 	,sum(apr_sales/w_warehouse_sq_ft) as apr_sales_per_sq_foot
 	,sum(may_sales/w_warehouse_sq_ft) as may_sales_per_sq_foot
 	,sum(jun_sales/w_warehouse_sq_ft) as jun_sales_per_sq_foot
 	,sum(jul_sales/w_warehouse_sq_ft) as jul_sales_per_sq_foot
 	,sum(aug_sales/w_warehouse_sq_ft) as aug_sales_per_sq_foot
 	,sum(sep_sales/w_warehouse_sq_ft) as sep_sales_per_sq_foot
 	,sum(oct_sales/w_warehouse_sq_ft) as oct_sales_per_sq_foot
 	,sum(nov_sales/w_warehouse_sq_ft) as nov_sales_per_sq_foot
 	,sum(dec_sales/w_warehouse_sq_ft) as dec_sales_per_sq_foot
 	,sum(jan_net) as jan_net
 	,sum(feb_net) as feb_net
 	,sum(mar_net) as mar_net
 	,sum(apr_net) as apr_net
 	,sum(may_net) as may_net
 	,sum(jun_net) as jun_net
 	,sum(jul_net) as jul_net
 	,sum(aug_net) as aug_net
 	,sum(sep_net) as sep_net
 	,sum(oct_net) as oct_net
 	,sum(nov_net) as nov_net
 	,sum(dec_net) as dec_net
 from (
     select 
 	w_warehouse_name
 	,w_warehouse_sq_ft
 	,w_city
 	,w_county
 	,w_state
 	,w_country
 	,'DIAMOND' || ',' || 'ALLIANCE' as ship_carriers
       ,d_year as year
 	,sum(case when d_moy = 1 
 		then ws_sales_price* ws_quantity else 0 end) as jan_sales
 	,sum(case when d_moy = 2 
 		then ws_sales_price* ws_quantity else 0 end) as feb_sales
 	,sum(case when d_moy = 3 
 		then ws_sales_price* ws_quantity else 0 end) as mar_sales
 	,sum(case when d_moy = 4 
 		then ws_sales_price* ws_quantity else 0 end) as apr_sales
 	,sum(case when d_moy = 5 
 		then ws_sales_price* ws_quantity else 0 end) as may_sales
 	,sum(case when d_moy = 6 
 		then ws_sales_price* ws_quantity else 0 end) as jun_sales
 	,sum(case when d_moy = 7 
 		then ws_sales_price* ws_quantity else 0 end) as jul_sales
 	,sum(case when d_moy = 8 
 		then ws_sales_price* ws_quantity else 0 end) as aug_sales
 	,sum(case when d_moy = 9 
 		then ws_sales_price* ws_quantity else 0 end) as sep_sales
 	,sum(case when d_moy = 10 
 		then ws_sales_price* ws_quantity else 0 end) as oct_sales
 	,sum(case when d_moy = 11
 		then ws_sales_price* ws_quantity else 0 end) as nov_sales
 	,sum(case when d_moy = 12
 		then ws_sales_price* ws_quantity else 0 end) as dec_sales
 	,sum(case when d_moy = 1 
 		then ws_net_paid_inc_tax * ws_quantity else 0 end) as jan_net
 	,sum(case when d_moy = 2
 		then ws_net_paid_inc_tax * ws_quantity else 0 end) as feb_net
 	,sum(case when d_moy = 3 
 		then ws_net_paid_inc_tax * ws_quantity else 0 end) as mar_net
 	,sum(case when d_moy = 4 
 		then ws_net_paid_inc_tax * ws_quantity else 0 end) as apr_net
 	,sum(case when d_moy = 5 
 		then ws_net_paid_inc_tax * ws_quantity else 0 end) as may_net
 	,sum(case when d_moy = 6 
 		then ws_net_paid_inc_tax * ws_quantity else 0 end) as jun_net
 	,sum(case when d_moy = 7 
 		then ws_net_paid_inc_tax * ws_quantity else 0 end) as jul_net
 	,sum(case when d_moy = 8 
 		then ws_net_paid_inc_tax * ws_quantity else 0 end) as aug_net
 	,sum(case when d_moy = 9 
 		then ws_net_paid_inc_tax * ws_quantity else 0 end) as sep_net
 	,sum(case when d_moy = 10 
 		then ws_net_paid_inc_tax * ws_quantity else 0 end) as oct_net
 	,sum(case when d_moy = 11
 		then ws_net_paid_inc_tax * ws_quantity else 0 end) as nov_net
 	,sum(case when d_moy = 12
 		then ws_net_paid_inc_tax * ws_quantity else 0 end) as dec_net
     from
          web_sales
         ,warehouse
         ,date_dim
         ,time_dim
 	  ,ship_mode
     where
            ws_warehouse_sk =  w_warehouse_sk
        and ws_sold_date_sk = d_date_sk
        and ws_sold_time_sk = t_time_sk
 	and ws_ship_mode_sk = sm_ship_mode_sk
        and d_year = 2000
 	and t_time between 55460 and 55460+28800 
 	and sm_carrier in ('DIAMOND','ALLIANCE')
     group by 
        w_warehouse_name
 	,w_warehouse_sq_ft
 	,w_city
 	,w_county
 	,w_state
 	,w_country
       ,d_year
 union all
     select 
 	w_warehouse_name
 	,w_warehouse_sq_ft
 	,w_city
 	,w_county
 	,w_state
 	,w_country
 	,'DIAMOND' || ',' || 'ALLIANCE' as ship_carriers
       ,d_year as year
 	,sum(case when d_moy = 1 
 		then cs_ext_sales_price* cs_quantity else 0 end) as jan_sales
 	,sum(case when d_moy = 2 
 		then cs_ext_sales_price* cs_quantity else 0 end) as feb_sales
 	,sum(case when d_moy = 3 
 		then cs_ext_sales_price* cs_quantity else 0 end) as mar_sales
 	,sum(case when d_moy = 4 
 		then cs_ext_sales_price* cs_quantity else 0 end) as apr_sales
 	,sum(case when d_moy = 5 
 		then cs_ext_sales_price* cs_quantity else 0 end) as may_sales
 	,sum(case when d_moy = 6 
 		then cs_ext_sales_price* cs_quantity else 0 end) as jun_sales
 	,sum(case when d_moy = 7 
 		then cs_ext_sales_price* cs_quantity else 0 end) as jul_sales
 	,sum(case when d_moy = 8 
 		then cs_ext_sales_price* cs_quantity else 0 end) as aug_sales
 	,sum(case when d_moy = 9 
 		then cs_ext_sales_price* cs_quantity else 0 end) as sep_sales
 	,sum(case when d_moy = 10 
 		then cs_ext_sales_price* cs_quantity else 0 end) as oct_sales
 	,sum(case when d_moy = 11
 		then cs_ext_sales_price* cs_quantity else 0 end) as nov_sales
 	,sum(case when d_moy = 12
 		then cs_ext_sales_price* cs_quantity else 0 end) as dec_sales
 	,sum(case when d_moy = 1 
 		then cs_net_paid_inc_tax * cs_quantity else 0 end) as jan_net
 	,sum(case when d_moy = 2 
 		then cs_net_paid_inc_tax * cs_quantity else 0 end) as feb_net
 	,sum(case when d_moy = 3 
 		then cs_net_paid_inc_tax * cs_quantity else 0 end) as mar_net
 	,sum(case when d_moy = 4 
 		then cs_net_paid_inc_tax * cs_quantity else 0 end) as apr_net
 	,sum(case when d_moy = 5 
 		then cs_net_paid_inc_tax * cs_quantity else 0 end) as may_net
 	,sum(case when d_moy = 6 
 		then cs_net_paid_inc_tax * cs_quantity else 0 end) as jun_net
 	,sum(case when d_moy = 7 
 		then cs_net_paid_inc_tax * cs_quantity else 0 end) as jul_net
 	,sum(case when d_moy = 8 
 		then cs_net_paid_inc_tax * cs_quantity else 0 end) as aug_net
 	,sum(case when d_moy = 9 
 		then cs_net_paid_inc_tax * cs_quantity else 0 end) as sep_net
 	,sum(case when d_moy = 10 
 		then cs_net_paid_inc_tax * cs_quantity else 0 end) as oct_net
 	,sum(case when d_moy = 11
 		then cs_net_paid_inc_tax * cs_quantity else 0 end) as nov_net
 	,sum(case when d_moy = 12
 		then cs_net_paid_inc_tax * cs_quantity else 0 end) as dec_net
     from
          catalog_sales
         ,warehouse
         ,date_dim
         ,time_dim
 	 ,ship_mode
     where
            cs_warehouse_sk =  w_warehouse_sk
        and cs_sold_date_sk = d_date_sk
        and cs_sold_time_sk = t_time_sk
 	and cs_ship_mode_sk = sm_ship_mode_sk
        and d_year = 2000
 	and t_time between 55460 AND 55460+28800 
 	and sm_carrier in ('DIAMOND','ALLIANCE')
     group by 
        w_warehouse_name
 	,w_warehouse_sq_ft
 	,w_city
 	,w_county
 	,w_state
 	,w_country
       ,d_year
 ) x
 group by 
        w_warehouse_name
 	,w_warehouse_sq_ft
 	,w_city
 	,w_county
 	,w_state
 	,w_country
 	,ship_carriers
       ,year
 order by w_warehouse_name
 limit 100;
Limit  (cost=54602.35..54691.23 rows=100 width=384) (actual time=421.342..421.516 rows=5 loops=1)
  ->  GroupAggregate  (cost=54602.35..54780.12 rows=200 width=384) (actual time=421.341..421.514 rows=5 loops=1)
        Group Key: warehouse.w_warehouse_name, warehouse.w_warehouse_sq_ft, warehouse.w_city, warehouse.w_county, warehouse.w_state, warehouse.w_country, ('DIAMOND,ALLIANCE'::text), date_dim.d_year
        ->  Incremental Sort  (cost=54602.35..54718.28 rows=352 width=288) (actual time=421.329..421.489 rows=10 loops=1)
              Sort Key: warehouse.w_warehouse_name, warehouse.w_warehouse_sq_ft, warehouse.w_city, warehouse.w_county, warehouse.w_state, warehouse.w_country, ('DIAMOND,ALLIANCE'::text), date_dim.d_year
              Presorted Key: warehouse.w_warehouse_name, warehouse.w_warehouse_sq_ft, warehouse.w_city, warehouse.w_county, warehouse.w_state, warehouse.w_country
              Full-sort Groups: 1  Sort Method: quicksort  Average Memory: 28kB  Peak Memory: 28kB
              ->  Merge Append  (cost=54601.81..54705.74 rows=352 width=288) (actual time=411.200..421.472 rows=10 loops=1)
                    Sort Key: warehouse.w_warehouse_name, warehouse.w_warehouse_sq_ft, warehouse.w_city, warehouse.w_county, warehouse.w_state, warehouse.w_country
                    ->  Finalize GroupAggregate  (cost=32973.03..33007.01 rows=119 width=288) (actual time=128.302..130.207 rows=5 loops=1)
                          Group Key: warehouse.w_warehouse_name, warehouse.w_warehouse_sq_ft, warehouse.w_city, warehouse.w_county, warehouse.w_state, warehouse.w_country, date_dim.d_year
                          ->  Gather Merge  (cost=32973.03..32998.07 rows=100 width=256) (actual time=127.707..130.168 rows=15 loops=1)
                                Workers Planned: 2
                                Workers Launched: 2
                                ->  Partial GroupAggregate  (cost=31973.00..31986.50 rows=50 width=256) (actual time=121.761..123.270 rows=5 loops=3)
                                      Group Key: warehouse.w_warehouse_name, warehouse.w_warehouse_sq_ft, warehouse.w_city, warehouse.w_county, warehouse.w_state, warehouse.w_country, date_dim.d_year
                                      ->  Sort  (cost=31973.00..31973.13 rows=50 width=88) (actual time=121.372..121.512 rows=2101 loops=3)
                                            Sort Key: warehouse.w_warehouse_name, warehouse.w_warehouse_sq_ft, warehouse.w_city, warehouse.w_county, warehouse.w_state, warehouse.w_country
                                            Sort Method: quicksort  Memory: 519kB
                                            Worker 0:  Sort Method: quicksort  Memory: 256kB
                                            Worker 1:  Sort Method: quicksort  Memory: 275kB
                                            ->  Hash Join  (cost=2.98..31971.59 rows=50 width=88) (actual time=0.491..119.771 rows=2101 loops=3)
                                                  Hash Cond: (web_sales.ws_warehouse_sk = warehouse.w_warehouse_sk)
                                                  ->  Nested Loop  (cost=1.87..31970.24 rows=50 width=36) (actual time=0.434..119.190 rows=2101 loops=3)
                                                        ->  Nested Loop  (cost=1.58..31922.92 rows=149 width=44) (actual time=0.234..105.095 rows=4785 loops=3)
                                                              ->  Hash Join  (cost=1.27..30599.75 rows=29976 width=44) (actual time=0.060..93.601 rows=24007 loops=3)
                                                                    Hash Cond: (web_sales.ws_ship_mode_sk = ship_mode.sm_ship_mode_sk)
                                                                    ->  Parallel Seq Scan on web_sales  (cost=0.00..29644.81 rows=299781 width=52) (actual time=0.014..47.220 rows=239825 loops=3)
                                                                    ->  Hash  (cost=1.25..1.25 rows=2 width=8) (actual time=0.030..0.031 rows=2 loops=3)
                                                                          Buckets: 1024  Batches: 1  Memory Usage: 9kB
                                                                          ->  Seq Scan on ship_mode  (cost=0.00..1.25 rows=2 width=8) (actual time=0.026..0.028 rows=2 loops=3)
                                                                                Filter: (sm_carrier = ANY ('{DIAMOND,ALLIANCE}'::bpchar[]))
                                                                                Rows Removed by Filter: 18
                                                              ->  Memoize  (cost=0.30..0.32 rows=1 width=16) (actual time=0.000..0.000 rows=0 loops=72022)
                                                                    Cache Key: web_sales.ws_sold_date_sk
                                                                    Cache Mode: logical
                                                                    Hits: 33428  Misses: 1823  Evictions: 0  Overflows: 0  Memory Usage: 146kB
                                                                    Worker 0:  Hits: 16525  Misses: 1777  Evictions: 0  Overflows: 0  Memory Usage: 142kB
                                                                    Worker 1:  Hits: 16693  Misses: 1776  Evictions: 0  Overflows: 0  Memory Usage: 142kB
                                                                    ->  Index Scan using pk_date_dim on date_dim  (cost=0.29..0.31 rows=1 width=16) (actual time=0.002..0.002 rows=0 loops=5376)
                                                                          Index Cond: (d_date_sk = web_sales.ws_sold_date_sk)
                                                                          Filter: (d_year = 2000)
                                                                          Rows Removed by Filter: 1
                                                        ->  Index Scan using pk_time_dim on time_dim  (cost=0.29..0.32 rows=1 width=8) (actual time=0.003..0.003 rows=0 loops=14354)
                                                              Index Cond: (t_time_sk = web_sales.ws_sold_time_sk)
                                                              Filter: ((t_time >= 55460) AND (t_time <= 84260))
                                                              Rows Removed by Filter: 1
                                                  ->  Hash  (cost=1.05..1.05 rows=5 width=68) (actual time=0.028..0.029 rows=5 loops=3)
                                                        Buckets: 1024  Batches: 1  Memory Usage: 9kB
                                                        ->  Seq Scan on warehouse  (cost=0.00..1.05 rows=5 width=68) (actual time=0.023..0.024 rows=5 loops=3)
                    ->  GroupAggregate  (cost=21628.78..21691.69 rows=233 width=288) (actual time=282.896..291.260 rows=5 loops=1)
                          Group Key: warehouse_1.w_warehouse_name, warehouse_1.w_warehouse_sq_ft, warehouse_1.w_city, warehouse_1.w_county, warehouse_1.w_state, warehouse_1.w_country, date_dim_1.d_year
                          ->  Sort  (cost=21628.78..21629.36 rows=233 width=88) (actual time=280.730..281.293 rows=12472 loops=1)
                                Sort Key: warehouse_1.w_warehouse_name, warehouse_1.w_warehouse_sq_ft, warehouse_1.w_city, warehouse_1.w_county, warehouse_1.w_state, warehouse_1.w_country
                                Sort Method: quicksort  Memory: 2079kB
                                ->  Nested Loop  (cost=0.72..21619.61 rows=233 width=88) (actual time=4.132..272.263 rows=12472 loops=1)
                                      Join Filter: (catalog_sales.cs_warehouse_sk = warehouse_1.w_warehouse_sk)
                                      Rows Removed by Join Filter: 25237
                                      ->  Nested Loop  (cost=0.72..21603.35 rows=234 width=36) (actual time=4.123..265.594 rows=12483 loops=1)
                                            ->  Nested Loop  (cost=0.43..21379.75 rows=707 width=44) (actual time=4.056..218.153 rows=28704 loops=1)
                                                  Join Filter: (catalog_sales.cs_ship_mode_sk = ship_mode_1.sm_ship_mode_sk)
                                                  Rows Removed by Join Filter: 533207
                                                  ->  Nested Loop  (cost=0.43..21168.73 rows=7110 width=52) (actual time=4.037..131.467 rows=288171 loops=1)
                                                        ->  Seq Scan on date_dim date_dim_1  (cost=0.00..2318.11 rows=363 width=16) (actual time=4.023..8.649 rows=366 loops=1)
                                                              Filter: (d_year = 2000)
                                                              Rows Removed by Filter: 72683
                                                        ->  Index Scan using i_cs_sold_date_sk on catalog_sales  (cost=0.43..44.11 rows=782 width=52) (actual time=0.004..0.141 rows=787 loops=366)
                                                              Index Cond: (cs_sold_date_sk = date_dim_1.d_date_sk)
                                                  ->  Materialize  (cost=0.00..1.26 rows=2 width=8) (actual time=0.000..0.000 rows=2 loops=288171)
                                                        ->  Seq Scan on ship_mode ship_mode_1  (cost=0.00..1.25 rows=2 width=8) (actual time=0.008..0.010 rows=2 loops=1)
                                                              Filter: (sm_carrier = ANY ('{DIAMOND,ALLIANCE}'::bpchar[]))
                                                              Rows Removed by Filter: 18
                                            ->  Index Scan using pk_time_dim on time_dim time_dim_1  (cost=0.29..0.32 rows=1 width=8) (actual time=0.001..0.001 rows=0 loops=28704)
                                                  Index Cond: (t_time_sk = catalog_sales.cs_sold_time_sk)
                                                  Filter: ((t_time >= 55460) AND (t_time <= 84260))
                                                  Rows Removed by Filter: 1
                                      ->  Materialize  (cost=0.00..1.07 rows=5 width=68) (actual time=0.000..0.000 rows=3 loops=12483)
                                            ->  Seq Scan on warehouse warehouse_1  (cost=0.00..1.05 rows=5 width=68) (actual time=0.004..0.005 rows=5 loops=1)
  w_warehouse_name   | w_warehouse_sq_ft |  w_city  |     w_county      | w_state |   w_country   |  ship_carriers   | year |     jan_sales      |     feb_sales      |     mar_sales      |     apr_sales      |     may_sales      |     jun_sales      |     jul_sales      |     aug_sales      |     sep_sales      |     oct_sales      |     nov_sales     |     dec_sales     | jan_sales_per_sq_foot | feb_sales_per_sq_foot | mar_sales_per_sq_foot | apr_sales_per_sq_foot | may_sales_per_sq_foot | jun_sales_per_sq_foot | jul_sales_per_sq_foot | aug_sales_per_sq_foot | sep_sales_per_sq_foot | oct_sales_per_sq_foot | nov_sales_per_sq_foot | dec_sales_per_sq_foot |      jan_net       |      feb_net       |      mar_net       |      apr_net       |      may_net       |      jun_net       |      jul_net       |      aug_net       |      sep_net       |      oct_net       |      nov_net       |      dec_net       
---------------------+-------------------+----------+-------------------+---------+---------------+------------------+------+--------------------+--------------------+--------------------+--------------------+--------------------+--------------------+--------------------+--------------------+--------------------+--------------------+-------------------+-------------------+-----------------------+-----------------------+-----------------------+-----------------------+-----------------------+-----------------------+-----------------------+-----------------------+-----------------------+-----------------------+-----------------------+-----------------------+--------------------+--------------------+--------------------+--------------------+--------------------+--------------------+--------------------+--------------------+--------------------+--------------------+--------------------+--------------------
 Neither dea         |            230810 | Midway   | Williamson County | TN      | United States | DIAMOND,ALLIANCE | 2000 | 22987918.400000017 | 19433285.879999995 |  19958272.13000001 |  26154523.70000001 | 19630071.069999993 | 24440483.479999997 | 24729944.619999994 |  43997198.31999997 |  54746905.58999998 |  44824634.22999999 |       74352540.75 | 77199981.80000001 |     99.59671764654918 |     84.19603084788353 |     86.47056942940084 |    113.31625016247135 |     85.04861604783152 |    105.89005450370433 |     107.1441645509293 |      190.620849703219 |    237.19468649538575 |     194.2057719769507 |     322.1374323036264 |    334.47416403102125 | 30759464.839999996 |        25162200.47 | 29667158.489999983 |        37426020.63 | 27014387.760000005 |  31344959.31000001 | 35050042.720000006 |  62957418.54000002 |  74757776.75000003 |  58738255.98000001 | 101230645.79999998 | 101135296.58000001
 Parties use         |            115988 | Midway   | Williamson County | TN      | United States | DIAMOND,ALLIANCE | 2000 | 20608903.279999994 | 25269983.189999994 | 23627245.269999996 | 19835228.859999992 | 22362440.819999997 | 14893826.789999997 | 22313722.590000007 | 46496779.729999974 | 46398179.399999976 |        41011583.25 | 76843435.02999997 | 67937261.42000002 |      177.681340138635 |    217.86722066075794 |    203.70422172983407 |      171.011043038935 |    192.79960702831323 |     128.4083421560851 |     192.3795788357417 |    400.87577792530243 |     400.0256871400488 |     353.5847091940546 |     662.5119411490841 |      585.726639135083 |        32550435.09 |        31069862.32 |  30301765.68999999 | 30494369.549999997 | 30534231.640000015 | 22682436.650000002 | 32104621.660000008 |  67716525.21999998 |  70955882.50999999 | 59537521.080000035 |  96415994.85999997 |  95002878.83999999
 Persons make more e |            551529 | Midway   | Williamson County | TN      | United States | DIAMOND,ALLIANCE | 2000 | 15818433.899999995 | 27900179.410000008 |        17663591.42 |         17939593.1 | 25509103.999999996 | 18398398.279999994 |  23261726.55000001 |  51214568.61000002 |  47020971.30999999 | 46620262.610000014 | 65262892.40999998 | 70242441.58999997 |     28.68105557459353 |     50.58696715857191 |    32.026586852187286 |    32.527016893037356 |     46.25160961617612 |     33.35889550685457 |     42.17679677768532 |     92.85924876117126 |     85.25566436216407 |      84.5291228747718 |    118.33084463373636 |    127.35947083471581 | 23425079.469999995 | 35409951.510000005 |        22671933.79 |        26558168.54 | 31146398.059999995 | 28916786.269999996 |  27127597.57999999 |        73974129.91 | 63393752.739999995 |  67826069.58999997 |  84199426.84999998 |  98079484.07000004
 Single, simple r    |            685286 | Midway   | Williamson County | TN      | United States | DIAMOND,ALLIANCE | 2000 |         24336794.7 |         17939770.9 | 21574029.679999992 |        20199035.73 | 26685656.040000003 |  16974751.96000001 | 17018800.840000007 |  48192023.11000001 |  38536946.96000001 |  50729533.83999997 |       66681243.42 | 75957095.21999994 |    35.513339977761106 |    26.178516560968706 |     31.48178961776542 |    29.475336910428638 |    38.940903564351245 |     24.77031773595259 |    24.834595832980693 |     70.32395687348057 |      56.2348376590212 |     74.02680609263865 |     97.30425460318759 |    110.83999267459126 | 35322933.389999986 | 28117317.480000004 | 30510431.840000004 |         29416031.9 |        33733036.13 | 26297755.880000003 | 25191871.700000007 | 66343997.910000026 | 66529948.939999975 |  66484905.84000003 |  97143545.72999993 | 103666785.57000004
 Total, dea          |            947902 | Fairview | Williamson County | TN      | United States | DIAMOND,ALLIANCE | 2000 | 21180206.529999997 | 14286161.639999997 |  18215252.38999999 |  26414894.63000001 | 20059526.889999993 | 19384293.509999994 | 19967638.420000006 | 51088565.620000035 |  36173371.06999999 |        36345333.13 |       63176119.16 |       70422097.25 |    22.344299864331965 |    15.071348768121595 |    19.216387759494115 |    27.866693634996032 |    21.162026127173476 |     20.44968099022894 |     21.06508734025248 |     53.89646357956838 |    38.161509385991366 |      38.3429227177493 |     66.64836571713109 |     74.29259274692953 | 29635738.439999998 | 21604222.580000002 | 26075784.819999993 |        34722083.59 |        29513546.28 | 26350999.559999995 | 24460323.640000015 |  77924890.88000001 |  58977581.41999996 |  55139782.12000003 |  99696014.06999996 |  99195044.39000003
(5 rows)

UPDATE time_statistics SET e_time = TRANSACTION_TIMESTAMP() WHERE template = 'query66.tpl' AND stream = 0;
psql:/tmp/s1-basline/power/query_0.sql:3508: NOTICE:  duration: 0.030 ms  plan:
Query Text: UPDATE time_statistics SET e_time = TRANSACTION_TIMESTAMP() WHERE template = 'query66.tpl' AND stream = 0;
Update on time_statistics  (cost=0.00..1.88 rows=0 width=0) (actual time=0.030..0.030 rows=0 loops=1)
  ->  Seq Scan on time_statistics  (cost=0.00..1.88 rows=1 width=14) (actual time=0.016..0.016 rows=1 loops=1)
        Filter: ((template = 'query66.tpl'::text) AND (stream = 0))
        Rows Removed by Filter: 66
UPDATE 1
LOAD 'auto_explain'; SET auto_explain.log_min_duration TO 0; SET auto_explain.log_analyze TO on; SET auto_explain.log_level TO notice; INSERT INTO time_statistics (template, s_time, stream, query, seed) VALUES ('query67.tpl', TRANSACTION_TIMESTAMP(), 0, 67, 353104970);
LOAD
SET
SET
SET
psql:/tmp/s1-basline/power/query_0.sql:3509: NOTICE:  duration: 0.009 ms  plan:
Query Text: INSERT INTO time_statistics (template, s_time, stream, query, seed) VALUES ('query67.tpl', TRANSACTION_TIMESTAMP(), 0, 67, 353104970);
Insert on time_statistics  (cost=0.00..0.01 rows=0 width=0) (actual time=0.008..0.009 rows=0 loops=1)
  ->  Result  (cost=0.00..0.01 rows=1 width=64) (actual time=0.001..0.001 rows=1 loops=1)
INSERT 0 1
select  *
from (select i_category
            ,i_class
            ,i_brand
            ,i_product_name
            ,d_year
            ,d_qoy
            ,d_moy
            ,s_store_id
            ,sumsales
            ,rank() over (partition by i_category order by sumsales desc) rk
      from (select i_category
                  ,i_class
                  ,i_brand
                  ,i_product_name
                  ,d_year
                  ,d_qoy
                  ,d_moy
                  ,s_store_id
                  ,sum(coalesce(ss_sales_price*ss_quantity,0)) sumsales
            from store_sales
                ,date_dim
                ,store
                ,item
       where  ss_sold_date_sk=d_date_sk
          and ss_item_sk=i_item_sk
          and ss_store_sk = s_store_sk
          and d_month_seq between 1219 and 1219+11
       group by  rollup(i_category, i_class, i_brand, i_product_name, d_year, d_qoy, d_moy,s_store_id))dw1) dw2
where rk <= 100
order by i_category
        ,i_class
        ,i_brand
        ,i_product_name
        ,d_year
        ,d_qoy
        ,d_moy
        ,s_store_id
        ,sumsales
        ,rk
limit 100;
psql:/tmp/s1-basline/power/query_0.sql:3550: NOTICE:  duration: 2073.810 ms  plan:
Query Text: select  *
from (select i_category
            ,i_class
            ,i_brand
            ,i_product_name
            ,d_year
            ,d_qoy
            ,d_moy
            ,s_store_id
            ,sumsales
            ,rank() over (partition by i_category order by sumsales desc) rk
      from (select i_category
                  ,i_class
                  ,i_brand
                  ,i_product_name
                  ,d_year
                  ,d_qoy
                  ,d_moy
                  ,s_store_id
                  ,sum(coalesce(ss_sales_price*ss_quantity,0)) sumsales
            from store_sales
                ,date_dim
                ,store
                ,item
       where  ss_sold_date_sk=d_date_sk
          and ss_item_sk=i_item_sk
          and ss_store_sk = s_store_sk
          and d_month_seq between 1219 and 1219+11
       group by  rollup(i_category, i_class, i_brand, i_product_name, d_year, d_qoy, d_moy,s_store_id))dw1) dw2
where rk <= 100
order by i_category
        ,i_class
        ,i_brand
        ,i_product_name
        ,d_year
        ,d_qoy
        ,d_moy
        ,s_store_id
        ,sumsales
        ,rk
limit 100;
Limit  (cost=93886.38..93908.95 rows=100 width=249) (actual time=1984.907..2073.740 rows=100 loops=1)
  ->  Incremental Sort  (cost=93886.38..109102.07 rows=67396 width=249) (actual time=1984.906..2073.733 rows=100 loops=1)
        Sort Key: dw1.i_category, dw1.i_class, dw1.i_brand, dw1.i_product_name, dw1.d_year, dw1.d_qoy, dw1.d_moy, dw1.s_store_id, dw1.sumsales, (rank() OVER (?))
        Presorted Key: dw1.i_category
        Full-sort Groups: 1  Sort Method: quicksort  Average Memory: 42kB  Peak Memory: 42kB
        Pre-sorted Groups: 1  Sort Method: quicksort  Average Memory: 51kB  Peak Memory: 51kB
        ->  WindowAgg  (cost=93814.59..103633.67 rows=67396 width=249) (actual time=1828.737..2073.434 rows=101 loops=1)
              Run Condition: (rank() OVER (?) <= 100)
              ->  Incremental Sort  (cost=93814.59..102454.24 rows=67396 width=241) (actual time=1828.728..2065.683 rows=54450 loops=1)
                    Sort Key: dw1.i_category, dw1.sumsales DESC
                    Presorted Key: dw1.i_category
                    Full-sort Groups: 2  Sort Method: quicksort  Average Memory: 43kB  Peak Memory: 43kB
                    Pre-sorted Groups: 2  Sort Method: external merge  Average Disk: 13576kB  Peak Disk: 13576kB
                    ->  Subquery Scan on dw1  (cost=93775.86..96983.68 rows=67396 width=241) (actual time=1668.770..1988.842 rows=105930 loops=1)
                          ->  GroupAggregate  (cost=93775.86..96309.72 rows=67396 width=241) (actual time=1668.770..1979.377 rows=105930 loops=1)
                                Group Key: item.i_category, item.i_class, item.i_brand, item.i_product_name, date_dim.d_year, date_dim.d_qoy, date_dim.d_moy, store.s_store_id
                                Group Key: item.i_category, item.i_class, item.i_brand, item.i_product_name, date_dim.d_year, date_dim.d_qoy, date_dim.d_moy
                                Group Key: item.i_category, item.i_class, item.i_brand, item.i_product_name, date_dim.d_year, date_dim.d_qoy
                                Group Key: item.i_category, item.i_class, item.i_brand, item.i_product_name, date_dim.d_year
                                Group Key: item.i_category, item.i_class, item.i_brand, item.i_product_name
                                Group Key: item.i_category, item.i_class, item.i_brand
                                Group Key: item.i_category, item.i_class
                                Group Key: item.i_category
                                Group Key: ()
                                ->  Gather Merge  (cost=93775.86..95280.49 rows=12919 width=245) (actual time=1668.753..1892.980 rows=109104 loops=1)
                                      Workers Planned: 2
                                      Workers Launched: 2
                                      ->  Sort  (cost=92775.83..92789.29 rows=5383 width=245) (actual time=1561.383..1606.044 rows=36509 loops=3)
                                            Sort Key: item.i_category, item.i_class, item.i_brand, item.i_product_name, date_dim.d_year, date_dim.d_qoy, date_dim.d_moy, store.s_store_id
                                            Sort Method: external merge  Disk: 52536kB
                                            Worker 0:  Sort Method: external merge  Disk: 42160kB
                                            Worker 1:  Sort Method: external merge  Disk: 42472kB
                                            ->  Nested Loop  (cost=2506.79..92442.24 rows=5383 width=245) (actual time=13.077..676.938 rows=178686 loops=3)
                                                  ->  Hash Join  (cost=2506.50..90797.75 rows=5383 width=49) (actual time=13.025..319.000 rows=178686 loops=3)
                                                        Hash Cond: (store_sales.ss_store_sk = store.s_store_sk)
                                                        ->  Hash Join  (cost=2505.23..90776.66 rows=5646 width=40) (actual time=12.889..288.621 rows=182944 loops=3)
                                                              Hash Cond: (store_sales.ss_sold_date_sk = date_dim.d_date_sk)
                                                              ->  Parallel Seq Scan on store_sales  (cost=0.00..85123.48 rows=1199148 width=36) (actual time=0.014..127.210 rows=959309 loops=3)
                                                              ->  Hash  (cost=2500.73..2500.73 rows=360 width=20) (actual time=12.864..12.865 rows=365 loops=3)
                                                                    Buckets: 1024  Batches: 1  Memory Usage: 28kB
                                                                    ->  Seq Scan on date_dim  (cost=0.00..2500.73 rows=360 width=20) (actual time=6.182..12.801 rows=365 loops=3)
                                                                          Filter: ((d_month_seq >= 1219) AND (d_month_seq <= 1230))
                                                                          Rows Removed by Filter: 72684
                                                        ->  Hash  (cost=1.12..1.12 rows=12 width=25) (actual time=0.034..0.035 rows=12 loops=3)
                                                              Buckets: 1024  Batches: 1  Memory Usage: 9kB
                                                              ->  Seq Scan on store  (cost=0.00..1.12 rows=12 width=25) (actual time=0.027..0.029 rows=12 loops=3)
                                                  ->  Index Scan using pk_item on item  (cost=0.29..0.31 rows=1 width=212) (actual time=0.001..0.001 rows=1 loops=536059)
                                                        Index Cond: (i_item_sk = store_sales.ss_item_sk)
                     i_category                     |                      i_class                       |                      i_brand                       | i_product_name | d_year | d_qoy | d_moy | s_store_id |      sumsales      | rk  
----------------------------------------------------+----------------------------------------------------+----------------------------------------------------+----------------+--------+-------+-------+------------+--------------------+-----
 Books                                              | arts                                               | amalgmaxi #10                                      |                |        |       |       |            | 1280433.6900000013 |  36
 Books                                              | arts                                               | amalgmaxi #12                                      |                |        |       |       |            | 1100718.9200000016 |  50
 Books                                              | arts                                               | amalgmaxi #2                                       |                |        |       |       |            | 1470163.5400000003 |  29
 Books                                              | arts                                               | amalgmaxi #4                                       |                |        |       |       |            | 1233688.2499999984 |  38
 Books                                              | arts                                               | amalgmaxi #6                                       |                |        |       |       |            | 1089842.2699999998 |  51
 Books                                              | arts                                               | amalgmaxi #8                                       |                |        |       |       |            |  1294963.559999999 |  33
 Books                                              | arts                                               |                                                    |                |        |       |       |            |  8265737.100000012 |   2
 Books                                              | business                                           | importomaxi #10                                    |                |        |       |       |            |  935094.9600000014 |  68
 Books                                              | business                                           | importomaxi #2                                     |                |        |       |       |            | 1575505.8100000003 |  26
 Books                                              | business                                           | importomaxi #4                                     |                |        |       |       |            | 1191050.1600000013 |  44
 Books                                              | business                                           | importomaxi #6                                     |                |        |       |       |            |  681902.3200000004 |  87
 Books                                              | business                                           | importomaxi #8                                     |                |        |       |       |            |         1066978.07 |  54
 Books                                              | business                                           |                                                    |                |        |       |       |            |         6433968.51 |   9
 Books                                              | computers                                          | exportimaxi #2                                     |                |        |       |       |            | 1494503.3700000003 |  28
 Books                                              | computers                                          | exportimaxi #4                                     |                |        |       |       |            |  996884.2899999997 |  61
 Books                                              | computers                                          | exportimaxi #8                                     |                |        |       |       |            | 1081383.3699999994 |  53
 Books                                              | computers                                          |                                                    |                |        |       |       |            |  5603988.549999996 |  16
 Books                                              | cooking                                            | amalgunivamalg #10                                 |                |        |       |       |            |  1438647.820000002 |  31
 Books                                              | cooking                                            | amalgunivamalg #2                                  |                |        |       |       |            |  673997.4299999996 |  90
 Books                                              | cooking                                            | amalgunivamalg #4                                  |                |        |       |       |            |  986063.1199999995 |  62
 Books                                              | cooking                                            | amalgunivamalg #6                                  |                |        |       |       |            |          648021.24 |  92
 Books                                              | cooking                                            | amalgunivamalg #8                                  |                |        |       |       |            | 1292722.3099999991 |  34
 Books                                              | cooking                                            |                                                    |                |        |       |       |            |   5817067.56000001 |  15
 Books                                              | entertainments                                     | edu packmaxi #10                                   |                |        |       |       |            | 1658216.4299999997 |  24
 Books                                              | entertainments                                     | edu packmaxi #12                                   |                |        |       |       |            |  606037.3200000002 |  96
 Books                                              | entertainments                                     | edu packmaxi #2                                    |                |        |       |       |            | 1213537.3700000006 |  41
 Books                                              | entertainments                                     | edu packmaxi #6                                    |                |        |       |       |            |          684175.39 |  86
 Books                                              | entertainments                                     | edu packmaxi #8                                    |                |        |       |       |            | 2081991.5500000003 |  18
 Books                                              | entertainments                                     |                                                    |                |        |       |       |            |  7570361.100000007 |   5
 Books                                              | fiction                                            | scholarunivamalg #10                               |                |        |       |       |            | 1292635.0299999998 |  35
 Books                                              | fiction                                            | scholarunivamalg #12                               |                |        |       |       |            |           634333.3 |  93
 Books                                              | fiction                                            | scholarunivamalg #2                                |                |        |       |       |            | 1644166.9400000009 |  25
 Books                                              | fiction                                            | scholarunivamalg #4                                |                |        |       |       |            |  957001.4499999998 |  66
 Books                                              | fiction                                            | scholarunivamalg #6                                |                |        |       |       |            | 1104122.1499999994 |  49
 Books                                              | fiction                                            | scholarunivamalg #8                                |                |        |       |       |            |         1450089.94 |  30
 Books                                              | fiction                                            |                                                    |                |        |       |       |            |  7833064.930000002 |   4
 Books                                              | history                                            | scholarmaxi #10                                    |                |        |       |       |            | 1011558.3900000006 |  59
 Books                                              | history                                            | scholarmaxi #2                                     |                |        |       |       |            | 1900130.9100000008 |  20
 Books                                              | history                                            | scholarmaxi #4                                     |                |        |       |       |            |         1193984.88 |  43
 Books                                              | history                                            | scholarmaxi #8                                     |                |        |       |       |            |          913428.47 |  70
 Books                                              | history                                            |                                                    |                |        |       |       |            |  6559215.229999998 |   8
 Books                                              | home repair                                        | importounivamalg #10                               |                |        |       |       |            | 1718675.5100000002 |  22
 Books                                              | home repair                                        | importounivamalg #12                               |                |        |       |       |            | 1007486.6200000001 |  60
 Books                                              | home repair                                        | importounivamalg #2                                |                |        |       |       |            | 1127790.2899999996 |  47
 Books                                              | home repair                                        | importounivamalg #4                                |                |        |       |       |            | 1088699.2700000005 |  52
 Books                                              | home repair                                        | importounivamalg #6                                |                |        |       |       |            |          627232.95 |  95
 Books                                              | home repair                                        |                                                    |                |        |       |       |            | 6599813.3700000215 |   7
 Books                                              | mystery                                            | corpunivamalg #10                                  |                |        |       |       |            | 1037421.3300000009 |  56
 Books                                              | mystery                                            | corpunivamalg #12                                  |                |        |       |       |            | 1219095.1900000004 |  40
 Books                                              | mystery                                            | corpunivamalg #2                                   |                |        |       |       |            |  585627.3199999998 |  99
 Books                                              | mystery                                            | corpunivamalg #4                                   |                |        |       |       |            |  963406.1699999998 |  65
 Books                                              | mystery                                            | corpunivamalg #6                                   |                |        |       |       |            |  713233.1599999998 |  84
 Books                                              | mystery                                            | corpunivamalg #8                                   |                |        |       |       |            | 1496491.8599999992 |  27
 Books                                              | mystery                                            |                                                    |                |        |       |       |            |  6678367.249999996 |   6
 Books                                              | parenting                                          | corpmaxi #10                                       |                |        |       |       |            |  590915.8600000001 |  98
 Books                                              | parenting                                          | corpmaxi #12                                       |                |        |       |       |            | 1053509.3400000003 |  55
 Books                                              | parenting                                          | corpmaxi #2                                        |                |        |       |       |            |          764249.92 |  83
 Books                                              | parenting                                          | corpmaxi #4                                        |                |        |       |       |            |         1427578.25 |  32
 Books                                              | parenting                                          | corpmaxi #6                                        |                |        |       |       |            |  850187.7000000005 |  77
 Books                                              | parenting                                          | corpmaxi #8                                        |                |        |       |       |            |  888274.7600000008 |  74
 Books                                              | parenting                                          |                                                    |                |        |       |       |            |  6392754.580000006 |  10
 Books                                              | reference                                          | brandmaxi #10                                      |                |        |       |       |            |  822562.1599999999 |  79
 Books                                              | reference                                          | brandmaxi #12                                      |                |        |       |       |            |  675992.0699999991 |  89
 Books                                              | reference                                          | brandmaxi #2                                       |                |        |       |       |            |          893258.69 |  73
 Books                                              | reference                                          | brandmaxi #4                                       |                |        |       |       |            |         1751034.27 |  21
 Books                                              | reference                                          | brandmaxi #8                                       |                |        |       |       |            |  947834.7400000007 |  67
 Books                                              | reference                                          |                                                    |                |        |       |       |            |  6321458.089999983 |  11
 Books                                              | romance                                            | namelessmaxi #10                                   |                |        |       |       |            |  846410.4899999991 |  78
 Books                                              | romance                                            | namelessmaxi #12                                   |                |        |       |       |            |  627886.9399999998 |  94
 Books                                              | romance                                            | namelessmaxi #2                                    |                |        |       |       |            |  903170.3499999999 |  71
 Books                                              | romance                                            | namelessmaxi #6                                    |                |        |       |       |            |  782798.0499999995 |  81
 Books                                              | romance                                            | namelessmaxi #8                                    |                |        |       |       |            |  768295.1799999997 |  82
 Books                                              | romance                                            |                                                    |                |        |       |       |            |  4998017.319999994 |  17
 Books                                              | science                                            | maximaxi #10                                       |                |        |       |       |            |  677932.2499999999 |  88
 Books                                              | science                                            | maximaxi #12                                       |                |        |       |       |            |  920748.8100000003 |  69
 Books                                              | science                                            | maximaxi #2                                        |                |        |       |       |            |  980446.1400000007 |  63
 Books                                              | science                                            | maximaxi #4                                        |                |        |       |       |            | 1020153.7299999997 |  57
 Books                                              | science                                            | maximaxi #6                                        |                |        |       |       |            |  687608.7699999998 |  85
 Books                                              | science                                            | maximaxi #8                                        |                |        |       |       |            |  874597.1499999993 |  75
 Books                                              | science                                            |                                                    |                |        |       |       |            |  5965305.170000006 |  14
 Books                                              | self-help                                          | exportiunivamalg #10                               |                |        |       |       |            |  1254995.079999999 |  37
 Books                                              | self-help                                          | exportiunivamalg #2                                |                |        |       |       |            |  856929.2600000002 |  76
 Books                                              | self-help                                          | exportiunivamalg #4                                |                |        |       |       |            | 1228430.0899999999 |  39
 Books                                              | self-help                                          | exportiunivamalg #6                                |                |        |       |       |            |  563733.0500000002 | 100
 Books                                              | self-help                                          | exportiunivamalg #8                                |                |        |       |       |            | 1145748.4599999997 |  46
 Books                                              | self-help                                          |                                                    |                |        |       |       |            |   6294980.38000001 |  12
 Books                                              | sports                                             | edu packunivamalg #10                              |                |        |       |       |            | 1702827.7399999986 |  23
 Books                                              | sports                                             | edu packunivamalg #4                               |                |        |       |       |            | 1018818.5100000006 |  58
 Books                                              | sports                                             | edu packunivamalg #6                               |                |        |       |       |            |  895028.6999999998 |  72
 Books                                              | sports                                             | edu packunivamalg #8                               |                |        |       |       |            | 1115027.5899999996 |  48
 Books                                              | sports                                             |                                                    |                |        |       |       |            |  6175162.650000011 |  13
 Books                                              | travel                                             | univunivamalg #1                                   |                |        |       |       |            |  594989.6299999993 |  97
 Books                                              | travel                                             | univunivamalg #10                                  |                |        |       |       |            | 1924565.4199999983 |  19
 Books                                              | travel                                             | univunivamalg #12                                  |                |        |       |       |            |  672483.0100000002 |  91
 Books                                              | travel                                             | univunivamalg #2                                   |                |        |       |       |            |  1210799.610000001 |  42
 Books                                              | travel                                             | univunivamalg #4                                   |                |        |       |       |            |  801778.4799999996 |  80
 Books                                              | travel                                             | univunivamalg #6                                   |                |        |       |       |            |  974634.4700000002 |  64
 Books                                              | travel                                             | univunivamalg #8                                   |                |        |       |       |            |  1184061.100000001 |  45
 Books                                              | travel                                             |                                                    |                |        |       |       |            |  7846073.469999985 |   3
 Books                                              |                                                    |                                                    |                |        |       |       |            | 105366609.29999937 |   1
(100 rows)

UPDATE time_statistics SET e_time = TRANSACTION_TIMESTAMP() WHERE template = 'query67.tpl' AND stream = 0;
psql:/tmp/s1-basline/power/query_0.sql:3552: NOTICE:  duration: 0.036 ms  plan:
Query Text: UPDATE time_statistics SET e_time = TRANSACTION_TIMESTAMP() WHERE template = 'query67.tpl' AND stream = 0;
Update on time_statistics  (cost=0.00..1.88 rows=0 width=0) (actual time=0.035..0.035 rows=0 loops=1)
  ->  Seq Scan on time_statistics  (cost=0.00..1.88 rows=1 width=14) (actual time=0.021..0.021 rows=1 loops=1)
        Filter: ((template = 'query67.tpl'::text) AND (stream = 0))
        Rows Removed by Filter: 67
UPDATE 1
LOAD 'auto_explain'; SET auto_explain.log_min_duration TO 0; SET auto_explain.log_analyze TO on; SET auto_explain.log_level TO notice; INSERT INTO time_statistics (template, s_time, stream, query, seed) VALUES ('query68.tpl', TRANSACTION_TIMESTAMP(), 0, 68, 823360027);
LOAD
SET
SET
SET
psql:/tmp/s1-basline/power/query_0.sql:3553: NOTICE:  duration: 0.008 ms  plan:
Query Text: INSERT INTO time_statistics (template, s_time, stream, query, seed) VALUES ('query68.tpl', TRANSACTION_TIMESTAMP(), 0, 68, 823360027);
Insert on time_statistics  (cost=0.00..0.01 rows=0 width=0) (actual time=0.008..0.008 rows=0 loops=1)
  ->  Result  (cost=0.00..0.01 rows=1 width=64) (actual time=0.001..0.001 rows=1 loops=1)
INSERT 0 1
select  c_last_name
       ,c_first_name
       ,ca_city
       ,bought_city
       ,ss_ticket_number
       ,extended_price
       ,extended_tax
       ,list_price
 from (select ss_ticket_number
             ,ss_customer_sk
             ,ca_city bought_city
             ,sum(ss_ext_sales_price) extended_price 
             ,sum(ss_ext_list_price) list_price
             ,sum(ss_ext_tax) extended_tax 
       from store_sales
           ,date_dim
           ,store
           ,household_demographics
           ,customer_address 
       where store_sales.ss_sold_date_sk = date_dim.d_date_sk
         and store_sales.ss_store_sk = store.s_store_sk  
        and store_sales.ss_hdemo_sk = household_demographics.hd_demo_sk
        and store_sales.ss_addr_sk = customer_address.ca_address_sk
        and date_dim.d_dom between 1 and 2 
        and (household_demographics.hd_dep_count = 7 or
             household_demographics.hd_vehicle_count= 3)
        and date_dim.d_year in (1998,1998+1,1998+2)
        and store.s_city in ('Fairview','Midway')
       group by ss_ticket_number
               ,ss_customer_sk
               ,ss_addr_sk,ca_city) dn
      ,customer
      ,customer_address current_addr
 where ss_customer_sk = c_customer_sk
   and customer.c_current_addr_sk = current_addr.ca_address_sk
   and current_addr.ca_city <> bought_city
 order by c_last_name
         ,ss_ticket_number
 limit 100;
psql:/tmp/s1-basline/power/query_0.sql:3592: NOTICE:  duration: 264.250 ms  plan:
Query Text: select  c_last_name
       ,c_first_name
       ,ca_city
       ,bought_city
       ,ss_ticket_number
       ,extended_price
       ,extended_tax
       ,list_price
 from (select ss_ticket_number
             ,ss_customer_sk
             ,ca_city bought_city
             ,sum(ss_ext_sales_price) extended_price 
             ,sum(ss_ext_list_price) list_price
             ,sum(ss_ext_tax) extended_tax 
       from store_sales
           ,date_dim
           ,store
           ,household_demographics
           ,customer_address 
       where store_sales.ss_sold_date_sk = date_dim.d_date_sk
         and store_sales.ss_store_sk = store.s_store_sk  
        and store_sales.ss_hdemo_sk = household_demographics.hd_demo_sk
        and store_sales.ss_addr_sk = customer_address.ca_address_sk
        and date_dim.d_dom between 1 and 2 
        and (household_demographics.hd_dep_count = 7 or
             household_demographics.hd_vehicle_count= 3)
        and date_dim.d_year in (1998,1998+1,1998+2)
        and store.s_city in ('Fairview','Midway')
       group by ss_ticket_number
               ,ss_customer_sk
               ,ss_addr_sk,ca_city) dn
      ,customer
      ,customer_address current_addr
 where ss_customer_sk = c_customer_sk
   and customer.c_current_addr_sk = current_addr.ca_address_sk
   and current_addr.ca_city <> bought_city
 order by c_last_name
         ,ss_ticket_number
 limit 100;
Limit  (cost=76937.20..76937.45 rows=100 width=102) (actual time=264.144..264.157 rows=100 loops=1)
  ->  Sort  (cost=76937.20..76938.66 rows=587 width=102) (actual time=264.143..264.150 rows=100 loops=1)
        Sort Key: customer.c_last_name, store_sales.ss_ticket_number
        Sort Method: top-N heapsort  Memory: 49kB
        ->  Nested Loop  (cost=75647.44..76914.76 rows=587 width=102) (actual time=246.746..262.692 rows=2151 loops=1)
              Join Filter: ((current_addr.ca_city)::text <> (customer_address.ca_city)::text)
              Rows Removed by Join Filter: 153
              ->  Nested Loop  (cost=75647.15..76718.36 rows=588 width=101) (actual time=246.741..258.559 rows=2304 loops=1)
                    ->  GroupAggregate  (cost=75646.86..75664.50 rows=588 width=57) (actual time=246.730..253.330 rows=2395 loops=1)
                          Group Key: store_sales.ss_ticket_number, store_sales.ss_customer_sk, store_sales.ss_addr_sk, customer_address.ca_city
                          ->  Sort  (cost=75646.86..75648.33 rows=588 width=57) (actual time=246.720..247.770 rows=25436 loops=1)
                                Sort Key: store_sales.ss_ticket_number, store_sales.ss_customer_sk, store_sales.ss_addr_sk, customer_address.ca_city
                                Sort Method: quicksort  Memory: 3282kB
                                ->  Nested Loop  (cost=1.00..75619.81 rows=588 width=57) (actual time=4.877..237.384 rows=25436 loops=1)
                                      ->  Nested Loop  (cost=0.71..75430.09 rows=616 width=48) (actual time=4.872..204.059 rows=25597 loops=1)
                                            Join Filter: (store_sales.ss_store_sk = store.s_store_sk)
                                            Rows Removed by Join Filter: 112553
                                            ->  Nested Loop  (cost=0.71..75320.40 rows=646 width=56) (actual time=4.862..187.612 rows=25893 loops=1)
                                                  ->  Nested Loop  (cost=0.43..74493.77 rows=2710 width=64) (actual time=4.792..61.559 rows=105280 loops=1)
                                                        ->  Seq Scan on date_dim  (cost=0.00..2774.67 rows=72 width=8) (actual time=4.782..10.047 rows=72 loops=1)
                                                              Filter: ((d_dom >= 1) AND (d_dom <= 2) AND (d_year = ANY ('{1998,1999,2000}'::integer[])))
                                                              Rows Removed by Filter: 72977
                                                        ->  Index Scan using i_ss_sold_date_sk on store_sales  (cost=0.43..981.02 rows=1508 width=72) (actual time=0.006..0.436 rows=1462 loops=72)
                                                              Index Cond: (ss_sold_date_sk = date_dim.d_date_sk)
                                                  ->  Index Scan using pk_household_demographics on household_demographics  (cost=0.28..0.31 rows=1 width=8) (actual time=0.001..0.001 rows=0 loops=105280)
                                                        Index Cond: (hd_demo_sk = store_sales.ss_hdemo_sk)
                                                        Filter: ((hd_dep_count = 7) OR (hd_vehicle_count = 3))
                                                        Rows Removed by Filter: 1
                                            ->  Materialize  (cost=0.00..1.21 rows=12 width=8) (actual time=0.000..0.000 rows=5 loops=25893)
                                                  ->  Seq Scan on store  (cost=0.00..1.15 rows=12 width=8) (actual time=0.003..0.008 rows=12 loops=1)
                                                        Filter: ((s_city)::text = ANY ('{Fairview,Midway}'::text[]))
                                      ->  Index Scan using pk_customer_address on customer_address  (cost=0.29..0.31 rows=1 width=17) (actual time=0.001..0.001 rows=1 loops=25597)
                                            Index Cond: (ca_address_sk = store_sales.ss_addr_sk)
                    ->  Index Scan using pk_customer on customer  (cost=0.29..1.78 rows=1 width=68) (actual time=0.002..0.002 rows=1 loops=2395)
                          Index Cond: (c_customer_sk = store_sales.ss_customer_sk)
              ->  Index Scan using pk_customer_address on customer_address current_addr  (cost=0.29..0.32 rows=1 width=17) (actual time=0.001..0.001 rows=1 loops=2304)
                    Index Cond: (ca_address_sk = customer.c_current_addr_sk)
          c_last_name           |     c_first_name     |     ca_city     |  bought_city   | ss_ticket_number |   extended_price   |    extended_tax    |     list_price     
--------------------------------+----------------------+-----------------+----------------+------------------+--------------------+--------------------+--------------------
 Acevedo                        | Clara                | Tabor           | Greenfield     |            28120 |           16860.69 |  677.8799999999999 |           44987.94
 Ackerman                       | Geneva               | Antioch         | Brownsville    |            48685 |           13325.69 |             757.36 | 24645.640000000003
 Acosta                         | Dennis               | Mount Olive     | Bethel         |            63631 |            4058.49 | 197.18000000000004 |           20959.64
 Acosta                         | Leona                | Spring Hill     | Highland       |           159313 | 18622.340000000004 |             782.96 |           34732.21
 Acosta                         | Jennifer             | Oakwood         | Glenwood       |           179752 |           16925.19 |  485.4700000000001 | 42019.840000000004
 Acosta                         | Dorothy              | Greenville      | Jackson        |           215205 |           13260.91 |             518.33 |           28978.81
 Adams                          | Lois                 | Dallas          | Mount Vernon   |            94679 |           46548.26 | 1331.2999999999997 |  54755.42999999999
 Adams                          | Kati                 | Cedar Grove     | Saint Clair    |           132702 | 33623.119999999995 |            1505.06 |  63800.51000000001
 Adams                          | Olivia               | Kingston        | Lakeview       |           159718 |           18300.02 |             909.99 | 29715.800000000007
 Adcock                         | Jason                | Lakeview        | Cedar Grove    |            91757 | 24801.379999999997 |             843.91 | 46371.869999999995
 Adkins                         | Robert               | Sunnyside       | Deerfield      |            75819 |           16582.32 |             560.77 |           35790.72
 Adkins                         | Philip               | Green Acres     | Red Hill       |           206163 |           15331.83 |  397.5299999999999 |           33284.58
 Aguilar                        | Daniel               | Lakeside        | Clinton        |           121297 | 22533.559999999998 |  678.1600000000001 | 45510.619999999995
 Aguilar                        | Marty                | Five Forks      | Berea          |           224433 | 21780.869999999995 |             917.03 | 37065.619999999995
 Aguilera                       | Larry                | Unionville      | Pleasant Grove |            31877 |             7694.8 |             255.71 |           17529.22
 Ainsworth                      | James                | Kingston        | Buena Vista    |           156927 |           12400.14 |             110.55 |  34658.42999999999
 Albert                         | Howard               | Silver Creek    | Pine Grove     |            51237 |           28586.85 |            1300.61 |  51607.77999999999
 Albrecht                       | Michael              | Greenville      | Mountain View  |            88775 |           29379.65 | 1607.5500000000002 |            54996.6
 Albrecht                       | John                 | Walnut Grove    | Spring Hill    |           180120 |             9607.4 |             342.85 |           28292.46
 Albrecht                       | Irene                | Plainville      | Warwick        |           182372 | 20464.760000000002 |             857.04 |           38466.08
 Albright                       | Jose                 | Deerfield       | New Hope       |           165370 |           18524.87 |  890.4100000000001 |           41683.53
 Albright                       | Charles              | Mountain View   | Rock Creek     |           182707 | 20731.210000000003 |  785.8699999999999 | 41753.049999999996
 Alexander                      | Madeline             | Stringtown      | White Oak      |            90629 |           11026.41 |  617.6799999999998 | 23562.039999999997
 Alexander                      | Laura                | Wilson          | Jamestown      |           102416 |           14718.09 |             784.25 | 40543.350000000006
 Alfonso                        | Jimmy                | Red Hill        | Newport        |           213365 | 14689.020000000002 |             290.37 |           21099.09
 Alford                         | Brandon              | Greenville      | Newtown        |            58807 |           10730.23 |             623.99 | 27221.620000000003
 Alford                         | Judy                 | Pleasant Valley | Macedonia      |           168198 |           12225.11 |             461.98 |  41906.05999999999
 Alger                          | Teresa               | Oak Hill        | White Oak      |            63025 |           17239.32 | 326.40999999999997 |           22584.61
 Ali                            | Jeffery              | Greenville      | Green Acres    |           104851 |           21927.94 |             402.93 | 45071.409999999996
 Allard                         | Lupe                 | Stringtown      | Greenfield     |            79813 | 25640.769999999993 |  300.9700000000001 | 40863.100000000006
 Allen                          | Raymond              | Arlington       | Fairfield      |            10999 |           15892.62 |              824.6 |           37855.72
 Allen                          | Alexandra            | Glenwood        | Liberty        |            52709 | 19052.670000000002 |  550.5500000000001 |           40836.88
 Allen                          | Joann                | Arlington       | Marion         |            63888 |           24279.13 |            1006.54 |           43895.88
 Allen                          | Daniel               | Woodville       | Doyle          |            79181 |           16207.04 |             485.36 | 36859.369999999995
 Allen                          | Fred                 | Spring Hill     | Lebanon        |            85302 | 33463.219999999994 | 1897.5800000000004 |           63329.22
 Allen                          | Miguel               | Edgewood        | Union          |           185470 |           31886.04 | 1349.0900000000001 |  60241.07000000001
 Allen                          | Lorraine             | Fairview        | Highland Park  |           204262 | 30245.039999999997 |  715.1200000000001 |           50981.77
 Allen                          | Hilda                | Newport         | Hamilton       |           217849 | 17957.829999999998 |             619.25 |           28876.42
 Alonzo                         | Anne                 | Edgewood        | Centerville    |            54361 |           27243.11 |            1026.12 |           52697.38
 Alvarado                       | Minta                | Clinton         | Mount Pleasant |           175643 |            8053.33 |             369.46 | 16624.489999999998
 Ames                           | Marcus               | Mount Vernon    | Shiloh         |           206466 |           28203.13 |            1084.46 |           60060.37
 Amos                           | George               | Mount Pleasant  | Edgewood       |            73139 |           26308.73 |  789.3100000000001 | 54422.759999999995
 Amos                           | Amanda               | Pleasant Hill   | Highland Park  |           237872 |           22589.27 |            1132.16 |  50561.17999999999
 Anders                         | Rick                 | Red Hill        | Belmont        |            98313 |            8723.63 | 209.59000000000003 | 28166.239999999998
 Andersen                       | Kerry                | Forest Hills    | Concord        |           130957 |            3593.51 |              145.4 |           11310.22
 Anderson                       | Thomas               | Bethel          | Brownsville    |            10466 | 24198.769999999997 |            1078.36 | 51242.479999999996
 Anderson                       | Gary                 | Mount Vernon    | Kingston       |            22254 |           17397.19 |              620.4 |              37611
 Anderson                       | Daniel               | Green Acres     | Fairbanks      |            27522 |           21548.45 | 1192.0800000000002 |           58289.72
 Anderson                       | Philip               | Lone Pine       | Maple Grove    |            40993 | 30601.620000000003 | 1549.4100000000003 |           54899.93
 Anderson                       | Richard              | Enterprise      | Mount Vernon   |            60833 |           50055.62 | 2756.1000000000004 |  78654.85999999999
 Anderson                       | Tatyana              | Centerville     | Belmont        |           115105 | 23279.429999999997 |  725.8000000000001 | 46359.079999999994
 Anderson                       | Pamela               | Lakeside        | Shady Grove    |           120956 |           12244.37 |             646.76 |           27365.11
 Anderson                       | Nicole               | Fairfield       | Fairview       |           137980 |           41246.17 | 2505.2599999999998 |           71083.21
 Anderson                       | Pamela               | Lakeside        | Springfield    |           150271 | 18434.350000000002 | 1019.9100000000001 |           24098.14
 Anderson                       | Norman               | Bridgeport      | Glendale       |           157666 |           13270.68 |             451.56 |           30527.13
 Anderson                       | Michael              | Summit          | Five Forks     |           239710 | 19128.670000000002 |  929.8900000000001 | 46331.030000000006
 Andrew                         | Christopher          | Mount Pleasant  | Farmington     |            93220 |           20643.04 |             703.55 |           32699.61
 Andrews                        | Kelly                | Summit          | Woodville      |           125422 |           47451.99 |             895.85 |           60068.88
 Andrews                        |                      | Greenville      | Clinton        |           195830 |           25575.44 | 1583.3199999999997 |           42295.24
 Aponte                         | Eleanor              | Riverside       | Willow         |            91962 | 14460.369999999999 |             316.11 |           25729.46
 Aragon                         | Stephanie            | Macedonia       | Lincoln        |            69133 |            9974.91 |             116.64 |           20186.54
 Aranda                         | Betty                | Oak Grove       | Hillcrest      |           117282 |           33458.05 |            1390.82 |           71979.34
 Armenta                        | Earl                 | Mount Vernon    | Oakdale        |           102728 | 22387.270000000004 |  840.0200000000001 |  61872.17000000001
 Armstrong                      | Sandra               | Blue Springs    | Edgewood       |            79150 | 14310.689999999999 |             680.94 |           23870.61
 Armstrong                      | Junior               | Lakeview        | Sunnyside      |           125171 |           24554.73 | 1500.3000000000002 |           40922.77
 Armstrong                      | Sandra               | Blue Springs    | Shady Grove    |           134809 |           11120.61 | 338.03999999999996 | 24870.559999999998
 Arredondo                      | Malcolm              | Friendship      | Woodville      |            10085 |           25853.51 |             1503.1 | 60655.630000000005
 Arrington                      | Kenton               | Belleville      | Newtown        |           122626 |           19941.14 |            1334.85 |           34542.42
 Arthur                         | Lance                | Crossroads      | Oak Grove      |            81738 |           32719.18 | 1151.6100000000001 | 54472.149999999994
 Arthur                         | Eliseo               | Riverview       | Red Hill       |           145882 |           13616.35 |             303.12 | 23186.729999999996
 Asbury                         | Danny                | Clifton         | Oak Grove      |           132594 |           32993.66 |            1363.75 |           59238.94
 Ashford                        | Patti                | Maple Grove     | Antioch        |           125386 |            27845.4 |            1435.67 |           51780.63
 Ashley                         | James                | Clinton         | Oak Hill       |            46292 |           47344.65 |            2609.26 | 63476.579999999994
 Atkins                         | Andrea               | Summit          | Highland Park  |           227521 |           13171.55 |             566.38 |           24857.71
 Austin                         | Carlton              | Hopewell        | Macedonia      |            55261 |            9783.01 |  601.8100000000001 | 30265.510000000002
 Austin                         | Dora                 | Georgetown      | Hamilton       |            57006 |           27405.89 |  578.7199999999999 |            70771.2
 Avalos                         | Gregory              | Jamestown       | Farmington     |           194652 |  7635.030000000002 | 303.32000000000005 | 25826.989999999998
 Avery                          | Jason                | Greenfield      | Wilson         |           165463 |           12054.72 |             308.91 |           23546.14
 Ayala                          | Amos                 | Oak Hill        | Woodlawn       |           201656 | 10595.339999999998 | 447.28999999999996 | 24089.379999999997
 Baca                           | Cynthia              | Highland Park   | Arlington      |           160358 |           18242.68 |             691.27 |           33600.22
 Bailey                         |                      | Oak Hill        | Lincoln        |           168409 |           10135.54 | 448.59000000000003 |           25604.65
 Bailey                         | Brandon              | Barnes          | Springfield    |           180215 |           30306.91 |             715.02 | 61444.119999999995
 Bailey                         | Tony                 | Summit          | Springdale     |           212168 |            4576.89 |             216.52 |           17430.18
 Baker                          | Joseph               | Oak Hill        | Riverdale      |            33534 |  9403.770000000002 |             354.53 |           22014.95
 Baker                          | Melvin               | Five Forks      | Oakdale        |            53499 | 25402.070000000003 |  915.7600000000001 |           44521.12
 Baker                          | Elizabeth            | Greenville      | Florence       |            71880 | 10587.759999999998 |                518 |  35723.09999999999
 Baker                          | Bobby                | Bridgeport      | Woodland       |            83204 | 19641.590000000004 |             673.91 |           48902.36
 Baker                          | Stanley              | Fairview        | Cedar Grove    |            97075 |           22307.17 |            1220.63 |  43717.34999999999
 Baker                          | Jack                 | Salem           | Union          |           177145 |  7392.820000000001 |             252.74 |           34795.54
 Baker                          | David                | Shady Grove     | Hamilton       |           205620 | 12793.419999999998 |             427.48 | 40805.799999999996
 Baker                          | Robert               | Providence      | Whitney        |           214535 | 21717.350000000002 |  856.6100000000001 | 31986.730000000003
 Baldwin                        | Steven               | Lincoln         | Jamestown      |           197726 |            30723.2 |             737.25 |  57584.72000000001
 Baldwin                        | Robert               | Concord         | Valley View    |           238203 | 33189.380000000005 |            1197.77 | 55279.399999999994
 Ball                           | Tammy                | Oak Grove       | Deerfield      |            32679 |            9421.84 |             390.03 |           26957.15
 Ball                           | Larry                | Oak Ridge       | Lakeview       |           124178 | 29385.640000000003 |             992.67 |           58453.19
 Ballard                        | James                | Kingston        | Harmony        |           137490 |           21823.43 |            1066.52 |           45798.32
 Ballard                        | Nancy                | Spring Hill     | Mount Olive    |           208776 | 31653.030000000002 | 1613.6599999999999 |  58726.16000000002
 Ballou                         | Beverly              | Pleasant Grove  | White Oak      |           208796 |           12604.64 |             607.05 |           29309.84
 Banks                          | Michael              | Centerville     | Newport        |            31507 |           16366.68 |             780.67 |           31267.99
 Banks                          | Lawrence             | Georgetown      | Mount Olive    |            81108 | 31814.019999999997 |             1220.9 |  54822.57000000001
(100 rows)

UPDATE time_statistics SET e_time = TRANSACTION_TIMESTAMP() WHERE template = 'query68.tpl' AND stream = 0;
psql:/tmp/s1-basline/power/query_0.sql:3594: NOTICE:  duration: 0.030 ms  plan:
Query Text: UPDATE time_statistics SET e_time = TRANSACTION_TIMESTAMP() WHERE template = 'query68.tpl' AND stream = 0;
Update on time_statistics  (cost=0.00..1.88 rows=0 width=0) (actual time=0.030..0.030 rows=0 loops=1)
  ->  Seq Scan on time_statistics  (cost=0.00..1.88 rows=1 width=14) (actual time=0.017..0.017 rows=1 loops=1)
        Filter: ((template = 'query68.tpl'::text) AND (stream = 0))
        Rows Removed by Filter: 68
UPDATE 1
LOAD 'auto_explain'; SET auto_explain.log_min_duration TO 0; SET auto_explain.log_analyze TO on; SET auto_explain.log_level TO notice; INSERT INTO time_statistics (template, s_time, stream, query, seed) VALUES ('query69.tpl', TRANSACTION_TIMESTAMP(), 0, 69, 1916687117);
LOAD
SET
SET
SET
psql:/tmp/s1-basline/power/query_0.sql:3595: NOTICE:  duration: 0.009 ms  plan:
Query Text: INSERT INTO time_statistics (template, s_time, stream, query, seed) VALUES ('query69.tpl', TRANSACTION_TIMESTAMP(), 0, 69, 1916687117);
Insert on time_statistics  (cost=0.00..0.01 rows=0 width=0) (actual time=0.009..0.009 rows=0 loops=1)
  ->  Result  (cost=0.00..0.01 rows=1 width=64) (actual time=0.001..0.001 rows=1 loops=1)
INSERT 0 1
select  
  cd_gender,
  cd_marital_status,
  cd_education_status,
  count(*) cnt1,
  cd_purchase_estimate,
  count(*) cnt2,
  cd_credit_rating,
  count(*) cnt3
 from
  customer c,customer_address ca,customer_demographics
 where
  c.c_current_addr_sk = ca.ca_address_sk and
  ca_state in ('KY','TX','PA') and
  cd_demo_sk = c.c_current_cdemo_sk and 
  exists (select *
          from store_sales,date_dim
          where c.c_customer_sk = ss_customer_sk and
                ss_sold_date_sk = d_date_sk and
                d_year = 2003 and
                d_moy between 2 and 2+2) and
   (not exists (select *
            from web_sales,date_dim
            where c.c_customer_sk = ws_bill_customer_sk and
                  ws_sold_date_sk = d_date_sk and
                  d_year = 2003 and
                  d_moy between 2 and 2+2) and
    not exists (select * 
            from catalog_sales,date_dim
            where c.c_customer_sk = cs_ship_customer_sk and
                  cs_sold_date_sk = d_date_sk and
                  d_year = 2003 and
                  d_moy between 2 and 2+2))
 group by cd_gender,
          cd_marital_status,
          cd_education_status,
          cd_purchase_estimate,
          cd_credit_rating
 order by cd_gender,
          cd_marital_status,
          cd_education_status,
          cd_purchase_estimate,
          cd_credit_rating
 limit 100;
psql:/tmp/s1-basline/power/query_0.sql:3639: NOTICE:  duration: 9.341 ms  plan:
Query Text: select  
  cd_gender,
  cd_marital_status,
  cd_education_status,
  count(*) cnt1,
  cd_purchase_estimate,
  count(*) cnt2,
  cd_credit_rating,
  count(*) cnt3
 from
  customer c,customer_address ca,customer_demographics
 where
  c.c_current_addr_sk = ca.ca_address_sk and
  ca_state in ('KY','TX','PA') and
  cd_demo_sk = c.c_current_cdemo_sk and 
  exists (select *
          from store_sales,date_dim
          where c.c_customer_sk = ss_customer_sk and
                ss_sold_date_sk = d_date_sk and
                d_year = 2003 and
                d_moy between 2 and 2+2) and
   (not exists (select *
            from web_sales,date_dim
            where c.c_customer_sk = ws_bill_customer_sk and
                  ws_sold_date_sk = d_date_sk and
                  d_year = 2003 and
                  d_moy between 2 and 2+2) and
    not exists (select * 
            from catalog_sales,date_dim
            where c.c_customer_sk = cs_ship_customer_sk and
                  cs_sold_date_sk = d_date_sk and
                  d_year = 2003 and
                  d_moy between 2 and 2+2))
 group by cd_gender,
          cd_marital_status,
          cd_education_status,
          cd_purchase_estimate,
          cd_credit_rating
 order by cd_gender,
          cd_marital_status,
          cd_education_status,
          cd_purchase_estimate,
          cd_credit_rating
 limit 100;
Limit  (cost=120887.73..120890.48 rows=100 width=64) (actual time=9.337..9.339 rows=0 loops=1)
  ->  GroupAggregate  (cost=120887.73..120898.84 rows=404 width=64) (actual time=9.336..9.338 rows=0 loops=1)
        Group Key: customer_demographics.cd_gender, customer_demographics.cd_marital_status, customer_demographics.cd_education_status, customer_demographics.cd_purchase_estimate, customer_demographics.cd_credit_rating
        ->  Sort  (cost=120887.73..120888.74 rows=404 width=40) (actual time=9.335..9.338 rows=0 loops=1)
              Sort Key: customer_demographics.cd_gender, customer_demographics.cd_marital_status, customer_demographics.cd_education_status, customer_demographics.cd_purchase_estimate, customer_demographics.cd_credit_rating
              Sort Method: quicksort  Memory: 25kB
              ->  Hash Anti Join  (cost=118216.12..120870.24 rows=404 width=40) (actual time=9.330..9.332 rows=0 loops=1)
                    Hash Cond: (c.c_customer_sk = catalog_sales.cs_ship_customer_sk)
                    ->  Nested Loop  (cost=110692.18..113341.10 rows=411 width=48) (actual time=9.330..9.331 rows=0 loops=1)
                          ->  Hash Anti Join  (cost=110691.75..113026.98 rows=426 width=16) (actual time=9.329..9.331 rows=0 loops=1)
                                Hash Cond: (c.c_customer_sk = web_sales.ws_bill_customer_sk)
                                ->  Nested Loop  (cost=83599.17..85928.96 rows=430 width=16) (actual time=9.329..9.330 rows=0 loops=1)
                                      ->  Nested Loop  (cost=83598.88..84888.76 rows=3198 width=24) (actual time=9.329..9.330 rows=0 loops=1)
                                            ->  HashAggregate  (cost=83598.59..83632.09 rows=3350 width=8) (actual time=9.329..9.329 rows=0 loops=1)
                                                  Group Key: store_sales.ss_customer_sk
                                                  Batches: 1  Memory Usage: 121kB
                                                  ->  Nested Loop  (cost=0.43..83590.21 rows=3350 width=8) (actual time=9.319..9.320 rows=0 loops=1)
                                                        ->  Seq Scan on date_dim  (cost=0.00..2683.36 rows=89 width=8) (actual time=4.574..9.232 rows=89 loops=1)
                                                              Filter: ((d_moy >= 2) AND (d_moy <= 4) AND (d_year = 2003))
                                                              Rows Removed by Filter: 72960
                                                        ->  Index Scan using i_ss_sold_date_sk on store_sales  (cost=0.43..893.99 rows=1508 width=16) (actual time=0.001..0.001 rows=0 loops=89)
                                                              Index Cond: (ss_sold_date_sk = date_dim.d_date_sk)
                                            ->  Index Scan using pk_customer on customer c  (cost=0.29..0.38 rows=1 width=24) (never executed)
                                                  Index Cond: (c_customer_sk = store_sales.ss_customer_sk)
                                      ->  Index Scan using pk_customer_address on customer_address ca  (cost=0.29..0.33 rows=1 width=8) (never executed)
                                            Index Cond: (ca_address_sk = c.c_current_addr_sk)
                                            Filter: (ca_state = ANY ('{KY,TX,PA}'::bpchar[]))
                                ->  Hash  (cost=27081.64..27081.64 rows=876 width=8) (never executed)
                                      ->  Nested Loop  (cost=0.42..27081.64 rows=876 width=8) (never executed)
                                            ->  Seq Scan on date_dim date_dim_1  (cost=0.00..2683.36 rows=89 width=8) (never executed)
                                                  Filter: ((d_moy >= 2) AND (d_moy <= 4) AND (d_year = 2003))
                                            ->  Index Scan using i_ws_sold_date_sk on web_sales  (cost=0.42..270.19 rows=395 width=16) (never executed)
                                                  Index Cond: (ws_sold_date_sk = date_dim_1.d_date_sk)
                          ->  Index Scan using pk_customer_demographics on customer_demographics  (cost=0.43..0.74 rows=1 width=48) (never executed)
                                Index Cond: (cd_demo_sk = c.c_current_cdemo_sk)
                    ->  Hash  (cost=7502.15..7502.15 rows=1743 width=8) (never executed)
                          ->  Nested Loop  (cost=0.43..7502.15 rows=1743 width=8) (never executed)
                                ->  Seq Scan on date_dim date_dim_2  (cost=0.00..2683.36 rows=89 width=8) (never executed)
                                      Filter: ((d_moy >= 2) AND (d_moy <= 4) AND (d_year = 2003))
                                ->  Index Scan using i_cs_sold_date_sk on catalog_sales  (cost=0.43..46.32 rows=782 width=16) (never executed)
                                      Index Cond: (cs_sold_date_sk = date_dim_2.d_date_sk)
 cd_gender | cd_marital_status | cd_education_status | cnt1 | cd_purchase_estimate | cnt2 | cd_credit_rating | cnt3 
-----------+-------------------+---------------------+------+----------------------+------+------------------+------
(0 rows)

UPDATE time_statistics SET e_time = TRANSACTION_TIMESTAMP() WHERE template = 'query69.tpl' AND stream = 0;
psql:/tmp/s1-basline/power/query_0.sql:3641: NOTICE:  duration: 0.026 ms  plan:
Query Text: UPDATE time_statistics SET e_time = TRANSACTION_TIMESTAMP() WHERE template = 'query69.tpl' AND stream = 0;
Update on time_statistics  (cost=0.00..1.88 rows=0 width=0) (actual time=0.025..0.026 rows=0 loops=1)
  ->  Seq Scan on time_statistics  (cost=0.00..1.88 rows=1 width=14) (actual time=0.014..0.014 rows=1 loops=1)
        Filter: ((template = 'query69.tpl'::text) AND (stream = 0))
        Rows Removed by Filter: 69
UPDATE 1
LOAD 'auto_explain'; SET auto_explain.log_min_duration TO 0; SET auto_explain.log_analyze TO on; SET auto_explain.log_level TO notice; INSERT INTO time_statistics (template, s_time, stream, query, seed) VALUES ('../query_postgresql/query70.tpl', TRANSACTION_TIMESTAMP(), 0, 70, 1505670419);
LOAD
SET
SET
SET
psql:/tmp/s1-basline/power/query_0.sql:3642: NOTICE:  duration: 0.008 ms  plan:
Query Text: INSERT INTO time_statistics (template, s_time, stream, query, seed) VALUES ('../query_postgresql/query70.tpl', TRANSACTION_TIMESTAMP(), 0, 70, 1505670419);
Insert on time_statistics  (cost=0.00..0.01 rows=0 width=0) (actual time=0.007..0.008 rows=0 loops=1)
  ->  Result  (cost=0.00..0.01 rows=1 width=64) (actual time=0.001..0.001 rows=1 loops=1)
INSERT 0 1
with results as
( select
    sum(ss_net_profit) as total_sum ,s_state ,s_county, 0 as gstate, 0 as g_county
 from
    store_sales
  ,date_dim      d1
  ,store
 where
    d1.d_month_seq between 1212 and 1212 + 11
 and d1.d_date_sk = ss_sold_date_sk
 and s_store_sk  = ss_store_sk
 and s_state in
            ( select s_state
              from  (select s_state as s_state,
                 rank() over ( partition by s_state order by sum(ss_net_profit) desc) as ranking
                      from  store_sales, store, date_dim
                      where d_month_seq between 1212 and 1212 + 11
                 and d_date_sk = ss_sold_date_sk
                 and s_store_sk  = ss_store_sk
                      group by s_state
                    ) tmp1 
              where ranking <= 5)
  group by s_state,s_county) ,  
 results_rollup as 
(select total_sum ,s_state ,s_county, 0 as g_state, 0 as g_county, 0 as lochierarchy from results
 union
 select sum(total_sum) as total_sum,s_state, NULL as s_county, 0 as g_state, 1 as g_county, 1 as lochierarchy from results group by s_state
 union
 select sum(total_sum) as total_sum ,NULL as s_state ,NULL as s_county, 1 as g_state, 1 as g_county, 2 as lochierarchy from results)
  select  total_sum ,s_state ,s_county, lochierarchy 
  ,rank() over (
     partition by lochierarchy, 
     case when g_county = 0 then s_state end 
     order by total_sum desc) as rank_within_parent
 from results_rollup
 order by
  lochierarchy desc
  ,case when lochierarchy = 0 then s_state end
  ,rank_within_parent
 limit 100;
psql:/tmp/s1-basline/power/query_0.sql:3682: NOTICE:  duration: 1040.001 ms  plan:
Query Text: with results as
( select
    sum(ss_net_profit) as total_sum ,s_state ,s_county, 0 as gstate, 0 as g_county
 from
    store_sales
  ,date_dim      d1
  ,store
 where
    d1.d_month_seq between 1212 and 1212 + 11
 and d1.d_date_sk = ss_sold_date_sk
 and s_store_sk  = ss_store_sk
 and s_state in
            ( select s_state
              from  (select s_state as s_state,
                 rank() over ( partition by s_state order by sum(ss_net_profit) desc) as ranking
                      from  store_sales, store, date_dim
                      where d_month_seq between 1212 and 1212 + 11
                 and d_date_sk = ss_sold_date_sk
                 and s_store_sk  = ss_store_sk
                      group by s_state
                    ) tmp1 
              where ranking <= 5)
  group by s_state,s_county) ,  
 results_rollup as 
(select total_sum ,s_state ,s_county, 0 as g_state, 0 as g_county, 0 as lochierarchy from results
 union
 select sum(total_sum) as total_sum,s_state, NULL as s_county, 0 as g_state, 1 as g_county, 1 as lochierarchy from results group by s_state
 union
 select sum(total_sum) as total_sum ,NULL as s_state ,NULL as s_county, 1 as g_state, 1 as g_county, 2 as lochierarchy from results)
  select  total_sum ,s_state ,s_county, lochierarchy 
  ,rank() over (
     partition by lochierarchy, 
     case when g_county = 0 then s_state end 
     order by total_sum desc) as rank_within_parent
 from results_rollup
 order by
  lochierarchy desc
  ,case when lochierarchy = 0 then s_state end
  ,rank_within_parent
 limit 100;
Limit  (cost=186009.14..186009.15 rows=3 width=148) (actual time=964.853..1039.988 rows=3 loops=1)
  CTE results
    ->  GroupAggregate  (cost=184284.81..186008.77 rows=1 width=37) (actual time=964.815..1039.947 rows=1 loops=1)
          Group Key: store.s_state, store.s_county
          ->  Merge Join  (cost=184284.81..185914.02 rows=12632 width=29) (actual time=721.666..975.320 rows=536658 loops=1)
                Merge Cond: (store.s_state = store_1.s_state)
                ->  Gather Merge  (cost=92122.52..93593.73 rows=12632 width=29) (actual time=346.630..529.163 rows=536658 loops=1)
                      Workers Planned: 2
                      Workers Launched: 2
                      ->  Sort  (cost=91122.50..91135.66 rows=5263 width=29) (actual time=340.845..364.632 rows=178886 loops=3)
                            Sort Key: store.s_state, store.s_county
                            Sort Method: external merge  Disk: 8376kB
                            Worker 0:  Sort Method: quicksort  Memory: 15304kB
                            Worker 1:  Sort Method: quicksort  Memory: 15147kB
                            ->  Hash Join  (cost=2506.40..90797.20 rows=5263 width=29) (actual time=13.209..298.512 rows=178886 loops=3)
                                  Hash Cond: (store_sales.ss_store_sk = store.s_store_sk)
                                  ->  Hash Join  (cost=2505.13..90776.56 rows=5520 width=16) (actual time=13.074..270.353 rows=183167 loops=3)
                                        Hash Cond: (store_sales.ss_sold_date_sk = d1.d_date_sk)
                                        ->  Parallel Seq Scan on store_sales  (cost=0.00..85123.48 rows=1199148 width=24) (actual time=0.015..125.867 rows=959309 loops=3)
                                        ->  Hash  (cost=2500.73..2500.73 rows=352 width=8) (actual time=13.043..13.044 rows=365 loops=3)
                                              Buckets: 1024  Batches: 1  Memory Usage: 23kB
                                              ->  Seq Scan on date_dim d1  (cost=0.00..2500.73 rows=352 width=8) (actual time=6.324..12.997 rows=365 loops=3)
                                                    Filter: ((d_month_seq >= 1212) AND (d_month_seq <= 1223))
                                                    Rows Removed by Filter: 72684
                                  ->  Hash  (cost=1.12..1.12 rows=12 width=29) (actual time=0.032..0.033 rows=12 loops=3)
                                        Buckets: 1024  Batches: 1  Memory Usage: 9kB
                                        ->  Seq Scan on store  (cost=0.00..1.12 rows=12 width=29) (actual time=0.024..0.027 rows=12 loops=3)
                ->  WindowAgg  (cost=92162.28..92162.36 rows=2 width=19) (actual time=375.032..375.108 rows=1 loops=1)
                      Run Condition: (rank() OVER (?) <= 5)
                      ->  Incremental Sort  (cost=92162.28..92162.33 rows=2 width=11) (actual time=375.024..375.101 rows=1 loops=1)
                            Sort Key: store_1.s_state, (sum(store_sales_1.ss_net_profit)) DESC
                            Presorted Key: store_1.s_state
                            Full-sort Groups: 1  Sort Method: quicksort  Average Memory: 25kB  Peak Memory: 25kB
                            ->  Finalize GroupAggregate  (cost=92122.52..92162.26 rows=1 width=11) (actual time=375.011..375.087 rows=1 loops=1)
                                  Group Key: store_1.s_state
                                  ->  Gather Merge  (cost=92122.52..92162.24 rows=2 width=11) (actual time=375.005..375.082 rows=3 loops=1)
                                        Workers Planned: 2
                                        Workers Launched: 2
                                        ->  Partial GroupAggregate  (cost=91122.50..91161.98 rows=1 width=11) (actual time=354.764..354.768 rows=1 loops=3)
                                              Group Key: store_1.s_state
                                              ->  Sort  (cost=91122.50..91135.66 rows=5263 width=11) (actual time=323.250..334.274 rows=178886 loops=3)
                                                    Sort Key: store_1.s_state
                                                    Sort Method: external merge  Disk: 5720kB
                                                    Worker 0:  Sort Method: quicksort  Memory: 13370kB
                                                    Worker 1:  Sort Method: quicksort  Memory: 13440kB
                                                    ->  Hash Join  (cost=2506.40..90797.20 rows=5263 width=11) (actual time=13.869..295.906 rows=178886 loops=3)
                                                          Hash Cond: (store_sales_1.ss_store_sk = store_1.s_store_sk)
                                                          ->  Hash Join  (cost=2505.13..90776.56 rows=5520 width=16) (actual time=13.781..269.348 rows=183167 loops=3)
                                                                Hash Cond: (store_sales_1.ss_sold_date_sk = date_dim.d_date_sk)
                                                                ->  Parallel Seq Scan on store_sales store_sales_1  (cost=0.00..85123.48 rows=1199148 width=24) (actual time=0.014..124.066 rows=959309 loops=3)
                                                                ->  Hash  (cost=2500.73..2500.73 rows=352 width=8) (actual time=13.752..13.753 rows=365 loops=3)
                                                                      Buckets: 1024  Batches: 1  Memory Usage: 23kB
                                                                      ->  Seq Scan on date_dim  (cost=0.00..2500.73 rows=352 width=8) (actual time=6.474..13.705 rows=365 loops=3)
                                                                            Filter: ((d_month_seq >= 1212) AND (d_month_seq <= 1223))
                                                                            Rows Removed by Filter: 72684
                                                          ->  Hash  (cost=1.12..1.12 rows=12 width=11) (actual time=0.037..0.037 rows=12 loops=3)
                                                                Buckets: 1024  Batches: 1  Memory Usage: 9kB
                                                                ->  Seq Scan on store store_1  (cost=0.00..1.12 rows=12 width=11) (actual time=0.025..0.030 rows=12 loops=3)
  ->  Sort  (cost=0.38..0.38 rows=3 width=148) (actual time=964.852..964.854 rows=3 loops=1)
        Sort Key: results_rollup.lochierarchy DESC, (CASE WHEN (results_rollup.lochierarchy = 0) THEN results_rollup.s_state ELSE NULL::bpchar END), (rank() OVER (?))
        Sort Method: quicksort  Memory: 25kB
        ->  WindowAgg  (cost=0.27..0.35 rows=3 width=148) (actual time=964.845..964.850 rows=3 loops=1)
              ->  Sort  (cost=0.27..0.28 rows=3 width=108) (actual time=964.840..964.842 rows=3 loops=1)
                    Sort Key: results_rollup.lochierarchy, (CASE WHEN (results_rollup.g_county = 0) THEN results_rollup.s_state ELSE NULL::bpchar END), results_rollup.total_sum DESC
                    Sort Method: quicksort  Memory: 25kB
                    ->  Subquery Scan on results_rollup  (cost=0.18..0.24 rows=3 width=108) (actual time=964.834..964.838 rows=3 loops=1)
                          ->  HashAggregate  (cost=0.18..0.21 rows=3 width=84) (actual time=964.833..964.835 rows=3 loops=1)
                                Group Key: results.total_sum, results.s_state, results.s_county, (0), (0), (0)
                                Batches: 1  Memory Usage: 24kB
                                ->  Append  (cost=0.00..0.13 rows=3 width=84) (actual time=964.818..964.828 rows=3 loops=1)
                                      ->  CTE Scan on results  (cost=0.00..0.02 rows=1 width=110) (actual time=964.817..964.818 rows=1 loops=1)
                                      ->  HashAggregate  (cost=0.02..0.03 rows=1 width=64) (actual time=0.004..0.005 rows=1 loops=1)
                                            Group Key: results_1.s_state
                                            Batches: 1  Memory Usage: 24kB
                                            ->  CTE Scan on results results_1  (cost=0.00..0.02 rows=1 width=20) (actual time=0.000..0.001 rows=1 loops=1)
                                      ->  Aggregate  (cost=0.02..0.03 rows=1 width=84) (actual time=0.003..0.003 rows=1 loops=1)
                                            ->  CTE Scan on results results_2  (cost=0.00..0.02 rows=1 width=8) (actual time=0.001..0.001 rows=1 loops=1)
     total_sum      | s_state |     s_county      | lochierarchy | rank_within_parent 
--------------------+---------+-------------------+--------------+--------------------
 -441229335.4200103 |         |                   |            2 |                  1
 -441229335.4200103 | TN      |                   |            1 |                  1
 -441229335.4200103 | TN      | Williamson County |            0 |                  1
(3 rows)

UPDATE time_statistics SET e_time = TRANSACTION_TIMESTAMP() WHERE template = '../query_postgresql/query70.tpl' AND stream = 0;
psql:/tmp/s1-basline/power/query_0.sql:3684: NOTICE:  duration: 0.033 ms  plan:
Query Text: UPDATE time_statistics SET e_time = TRANSACTION_TIMESTAMP() WHERE template = '../query_postgresql/query70.tpl' AND stream = 0;
Update on time_statistics  (cost=0.00..1.88 rows=0 width=0) (actual time=0.032..0.032 rows=0 loops=1)
  ->  Seq Scan on time_statistics  (cost=0.00..1.88 rows=1 width=14) (actual time=0.018..0.018 rows=1 loops=1)
        Filter: ((template = '../query_postgresql/query70.tpl'::text) AND (stream = 0))
        Rows Removed by Filter: 70
UPDATE 1
LOAD 'auto_explain'; SET auto_explain.log_min_duration TO 0; SET auto_explain.log_analyze TO on; SET auto_explain.log_level TO notice; INSERT INTO time_statistics (template, s_time, stream, query, seed) VALUES ('query71.tpl', TRANSACTION_TIMESTAMP(), 0, 71, 1262407599);
LOAD
SET
SET
SET
psql:/tmp/s1-basline/power/query_0.sql:3685: NOTICE:  duration: 0.008 ms  plan:
Query Text: INSERT INTO time_statistics (template, s_time, stream, query, seed) VALUES ('query71.tpl', TRANSACTION_TIMESTAMP(), 0, 71, 1262407599);
Insert on time_statistics  (cost=0.00..0.01 rows=0 width=0) (actual time=0.008..0.008 rows=0 loops=1)
  ->  Result  (cost=0.00..0.01 rows=1 width=64) (actual time=0.001..0.001 rows=1 loops=1)
INSERT 0 1
select i_brand_id brand_id, i_brand brand,t_hour,t_minute,
 	sum(ext_price) ext_price
 from item, (select ws_ext_sales_price as ext_price, 
                        ws_sold_date_sk as sold_date_sk,
                        ws_item_sk as sold_item_sk,
                        ws_sold_time_sk as time_sk  
                 from web_sales,date_dim
                 where d_date_sk = ws_sold_date_sk
                   and d_moy=11
                   and d_year=2002
                 union all
                 select cs_ext_sales_price as ext_price,
                        cs_sold_date_sk as sold_date_sk,
                        cs_item_sk as sold_item_sk,
                        cs_sold_time_sk as time_sk
                 from catalog_sales,date_dim
                 where d_date_sk = cs_sold_date_sk
                   and d_moy=11
                   and d_year=2002
                 union all
                 select ss_ext_sales_price as ext_price,
                        ss_sold_date_sk as sold_date_sk,
                        ss_item_sk as sold_item_sk,
                        ss_sold_time_sk as time_sk
                 from store_sales,date_dim
                 where d_date_sk = ss_sold_date_sk
                   and d_moy=11
                   and d_year=2002
                 ) tmp,time_dim
 where
   sold_item_sk = i_item_sk
   and i_manager_id=1
   and time_sk = t_time_sk
   and (t_meal_time = 'breakfast' or t_meal_time = 'dinner')
 group by i_brand, i_brand_id,t_hour,t_minute
 order by ext_price desc, i_brand_id
 ;
psql:/tmp/s1-basline/power/query_0.sql:3722: NOTICE:  duration: 344.533 ms  plan:
Query Text: select i_brand_id brand_id, i_brand brand,t_hour,t_minute,
 	sum(ext_price) ext_price
 from item, (select ws_ext_sales_price as ext_price, 
                        ws_sold_date_sk as sold_date_sk,
                        ws_item_sk as sold_item_sk,
                        ws_sold_time_sk as time_sk  
                 from web_sales,date_dim
                 where d_date_sk = ws_sold_date_sk
                   and d_moy=11
                   and d_year=2002
                 union all
                 select cs_ext_sales_price as ext_price,
                        cs_sold_date_sk as sold_date_sk,
                        cs_item_sk as sold_item_sk,
                        cs_sold_time_sk as time_sk
                 from catalog_sales,date_dim
                 where d_date_sk = cs_sold_date_sk
                   and d_moy=11
                   and d_year=2002
                 union all
                 select ss_ext_sales_price as ext_price,
                        ss_sold_date_sk as sold_date_sk,
                        ss_item_sk as sold_item_sk,
                        ss_sold_time_sk as time_sk
                 from store_sales,date_dim
                 where d_date_sk = ss_sold_date_sk
                   and d_moy=11
                   and d_year=2002
                 ) tmp,time_dim
 where
   sold_item_sk = i_item_sk
   and i_manager_id=1
   and time_sk = t_time_sk
   and (t_meal_time = 'breakfast' or t_meal_time = 'dinner')
 group by i_brand, i_brand_id,t_hour,t_minute
 order by ext_price desc, i_brand_id
 ;
Sort  (cost=42618.65..42618.68 rows=9 width=71) (actual time=297.612..344.087 rows=1017 loops=1)
  Sort Key: (sum("*SELECT* 3".ext_price)) DESC, item.i_brand_id
  Sort Method: quicksort  Memory: 136kB
  ->  GroupAggregate  (cost=42618.29..42618.51 rows=9 width=71) (actual time=296.919..343.767 rows=1017 loops=1)
        Group Key: item.i_brand, item.i_brand_id, time_dim.t_hour, time_dim.t_minute
        ->  Sort  (cost=42618.29..42618.31 rows=9 width=71) (actual time=296.911..343.386 rows=1045 loops=1)
              Sort Key: item.i_brand, item.i_brand_id, time_dim.t_hour, time_dim.t_minute
              Sort Method: quicksort  Memory: 163kB
              ->  Gather  (cost=1001.00..42618.14 rows=9 width=71) (actual time=5.289..341.608 rows=1045 loops=1)
                    Workers Planned: 2
                    Workers Launched: 2
                    ->  Nested Loop  (cost=1.00..41617.24 rows=4 width=71) (actual time=8.262..172.885 rows=348 loops=3)
                          ->  Nested Loop  (cost=0.71..41601.92 rows=14 width=71) (actual time=7.749..169.016 rows=873 loops=3)
                                ->  Parallel Append  (cost=0.42..40828.09 rows=811 width=24) (actual time=7.290..66.251 rows=52888 loops=3)
                                      ->  Subquery Scan on "*SELECT* 3"  (cost=0.43..40824.04 rows=1092 width=24) (actual time=9.031..111.612 rows=89671 loops=1)
                                            ->  Nested Loop  (cost=0.43..40813.12 rows=1092 width=32) (actual time=9.030..104.672 rows=89671 loops=1)
                                                  ->  Seq Scan on date_dim  (cost=0.00..2500.73 rows=29 width=8) (actual time=8.930..14.838 rows=30 loops=1)
                                                        Filter: ((d_moy = 11) AND (d_year = 2002))
                                                        Rows Removed by Filter: 73019
                                                  ->  Index Scan using i_ss_sold_date_sk on store_sales  (cost=0.43..1306.04 rows=1508 width=32) (actual time=0.014..2.528 rows=2989 loops=30)
                                                        Index Cond: (ss_sold_date_sk = date_dim.d_date_sk)
                                      ->  Subquery Scan on "*SELECT* 1"  (cost=0.42..13234.73 rows=286 width=24) (actual time=8.384..44.669 rows=22246 loops=1)
                                            ->  Nested Loop  (cost=0.42..13231.87 rows=286 width=32) (actual time=8.383..42.929 rows=22246 loops=1)
                                                  ->  Seq Scan on date_dim date_dim_1  (cost=0.00..2500.73 rows=29 width=8) (actual time=8.293..14.385 rows=30 loops=1)
                                                        Filter: ((d_moy = 11) AND (d_year = 2002))
                                                        Rows Removed by Filter: 73019
                                                  ->  Index Scan using i_ws_sold_date_sk on web_sales  (cost=0.42..366.09 rows=395 width=32) (actual time=0.014..0.818 rows=742 loops=30)
                                                        Index Cond: (ws_sold_date_sk = date_dim_1.d_date_sk)
                                      ->  Subquery Scan on "*SELECT* 2"  (cost=0.43..4092.95 rows=568 width=24) (actual time=4.454..32.657 rows=46746 loops=1)
                                            ->  Nested Loop  (cost=0.43..4087.27 rows=568 width=32) (actual time=4.454..28.925 rows=46746 loops=1)
                                                  ->  Seq Scan on date_dim date_dim_2  (cost=0.00..2500.73 rows=29 width=8) (actual time=4.445..9.567 rows=30 loops=1)
                                                        Filter: ((d_moy = 11) AND (d_year = 2002))
                                                        Rows Removed by Filter: 73019
                                                  ->  Index Scan using i_cs_sold_date_sk on catalog_sales  (cost=0.43..46.89 rows=782 width=32) (actual time=0.005..0.385 rows=1558 loops=30)
                                                        Index Cond: (cs_sold_date_sk = date_dim_2.d_date_sk)
                                ->  Index Scan using pk_item on item  (cost=0.29..0.95 rows=1 width=63) (actual time=0.002..0.002 rows=0 loops=158663)
                                      Index Cond: (i_item_sk = "*SELECT* 3".sold_item_sk)
                                      Filter: (i_manager_id = 1)
                                      Rows Removed by Filter: 1
                          ->  Index Scan using pk_time_dim on time_dim  (cost=0.29..1.09 rows=1 width=16) (actual time=0.004..0.004 rows=0 loops=2620)
                                Index Cond: (t_time_sk = "*SELECT* 3".time_sk)
                                Filter: ((t_meal_time = 'breakfast'::bpchar) OR (t_meal_time = 'dinner'::bpchar))
                                Rows Removed by Filter: 1
 brand_id |                       brand                        | t_hour | t_minute |     ext_price      
----------+----------------------------------------------------+--------+----------+--------------------
  1003002 | exportiamalg #2                                    |     19 |       53 |                   
  1004002 | edu packamalg #2                                   |     18 |       48 |                   
  2004002 | edu packimporto #2                                 |      9 |       34 |                   
  3003002 | exportiexporti #2                                  |     17 |       14 |                   
  1004002 | importoamalg #1                                    |     18 |       38 |            22926.6
 10008007 | amalgbrand #1                                      |     17 |       43 |           18078.06
  2004001 | amalgscholar #1                                    |     19 |       20 |            17595.9
  1002002 | importoamalg #2                                    |     18 |       43 |           15475.22
  6005001 | amalgnameless #10                                  |     17 |       22 |           14438.83
  4002001 | exportiimporto #2                                  |      8 |       25 |           13573.53
  9014004 | edu packunivamalg #4                               |      9 |       41 |            13134.7
  5004002 | edu packscholar #2                                 |     17 |        5 |           12839.04
  5004002 | edu packscholar #2                                 |     18 |       38 |           12674.52
  1003001 | namelessunivamalg #1                               |      8 |       47 |           12514.59
 10006001 | corpunivamalg #1                                   |     18 |       41 |           12070.62
  8012003 | amalgexporti #2                                    |     19 |        5 |           11950.03
  4002002 | importoedu pack #2                                 |     19 |       18 |            11504.1
  8013005 | exportimaxi #5                                     |     18 |       28 |           11171.16
  9014004 | edu packunivamalg #4                               |     19 |       57 |           11159.71
  9005002 | scholarmaxi #2                                     |     19 |       15 |            10870.4
  1003002 | exportiamalg #2                                    |     19 |       13 |           10807.94
  5003001 | scholarnameless #7                                 |     17 |       41 |           10572.59
 10006014 | amalgscholar #2                                    |     19 |       57 |            10472.8
  9016009 | importounivamalg #10                               |     18 |       24 |           10421.24
  6006002 | corpcorp #2                                        |      8 |       54 |            10382.4
  7001007 | importomaxi #8                                     |     18 |        0 |            10354.6
  2001001 | importoimporto #2                                  |     19 |       56 |           10303.66
  1003001 | exportiamalg #1                                    |      8 |       56 |           10255.36
  6001002 | exportischolar #1                                  |     17 |       33 |           10172.08
  4001001 | importounivamalg #12                               |      8 |       57 |           10077.03
  6016008 | corpbrand #8                                       |      9 |       56 |            9959.52
  1003002 | exportiamalg #2                                    |     19 |       32 |            9807.49
  1003002 | exportiamalg #2                                    |     19 |       12 |  9751.529999999999
  7016001 | univnameless #2                                    |     19 |       33 |            9615.32
 10002010 | importounivamalg #10                               |     18 |        5 |             9535.4
  7006001 | corpbrand #1                                       |      7 |       26 |             9366.4
 10006001 | corpunivamalg #1                                   |      8 |        4 |            9338.88
  1003002 | exportiamalg #2                                    |      9 |       35 |            9268.35
  4004001 | maxiunivamalg #4                                   |      9 |       18 |            9268.02
  8012001 | importomaxi #1                                     |      9 |       12 |             9164.5
  2003002 | exportiimporto #2                                  |     17 |       33 |            8828.05
  8008009 | namelessnameless #9                                |     19 |       48 |            8705.04
  9005008 | scholarmaxi #8                                     |     17 |       49 |            8688.05
  4001002 | amalgedu pack #2                                   |     18 |       22 |            8617.64
  3003001 | namelesscorp #6                                    |     18 |       31 |            8572.08
 10004013 | edu packunivamalg #13                              |     18 |       28 |             8524.8
  5001001 | amalgscholar #1                                    |     17 |       18 |               8333
  9012002 | importounivamalg #2                                |      9 |       56 |            8226.96
  3003001 | namelesscorp #6                                    |     18 |       18 |            8224.56
  7006004 | corpbrand #4                                       |     17 |       36 |               8203
  9005002 | scholarmaxi #2                                     |     17 |       38 |            8093.82
  4003002 | exportiedu pack #2                                 |     17 |       31 |            8082.24
  1004001 | amalgscholar #1                                    |      6 |        2 |             8036.7
  1003001 | exportiamalg #1                                    |     18 |       56 |            7605.78
  2001002 | amalgimporto #2                                    |     17 |       53 |            7550.55
  8003006 | exportinameless #6                                 |      8 |       44 |            7531.35
  8008009 | namelessnameless #9                                |     19 |       22 |            7496.47
  1004002 | importoamalg #1                                    |     18 |       40 |             7491.2
  1002002 | importoamalg #2                                    |      9 |       49 |            7462.93
  5004002 | edu packscholar #2                                 |      8 |       22 |            7458.48
  1003001 | exportiamalg #1                                    |     19 |        2 |            7426.08
  1002001 | importoamalg #1                                    |      9 |       34 |            7379.38
  3002002 | importoexporti #2                                  |      9 |        2 |            7335.86
  2003002 | exportiimporto #2                                  |     19 |       36 |             7298.2
  2004002 | edu packimporto #2                                 |     19 |       34 |             7272.2
  1004001 | amalgscholar #1                                    |     19 |       15 |            7197.66
 10007003 | brandunivamalg #3                                  |      8 |        3 |            7185.28
  3002002 | importoexporti #2                                  |     19 |       14 |               7123
  6016008 | corpbrand #8                                       |     19 |       42 |            7089.48
  8015006 | scholarmaxi #6                                     |      9 |       14 |            7086.82
  7002006 | importobrand #6                                    |     17 |       11 |             7075.5
  8005002 | scholarnameless #2                                 |      8 |       59 |            7052.72
  9004008 | edu packmaxi #8                                    |     18 |       55 |            6974.88
  2004002 | edu packimporto #2                                 |      9 |       20 |            6914.97
  6006002 | corpcorp #2                                        |      9 |       25 |            6886.36
  1004001 | amalgimporto #2                                    |     17 |       53 |            6862.56
  8013005 | exportimaxi #5                                     |     19 |       26 |               6813
  7002010 | importobrand #10                                   |     18 |       49 |            6744.75
  8012003 | amalgexporti #2                                    |     18 |       12 |               6713
  7007010 | brandbrand #10                                     |     18 |       28 |            6632.82
  6001004 | amalgcorp #4                                       |      7 |       17 |            6507.68
  2004001 | edu packimporto #1                                 |     17 |       45 |            6475.59
  1004002 | edu packamalg #2                                   |     18 |       14 |            6468.88
  1004002 | importoamalg #1                                    |      8 |        6 |            6330.28
  2003001 | edu packexporti #1                                 |     17 |       55 |            6327.95
  7003008 | exportibrand #8                                    |     17 |       40 |            6326.59
  5002001 | corpcorp #6                                        |      7 |       26 |            6298.53
  8006001 | corpnameless #1                                    |     18 |       53 |            6266.44
  3002002 | importoexporti #2                                  |      7 |       32 |            6202.38
  6001004 | amalgcorp #4                                       |     17 |       17 |            6193.33
  4001002 | amalgedu pack #2                                   |      8 |       26 |            6191.01
 10006014 | amalgscholar #2                                    |     19 |       27 |             6174.4
 10011001 | namelessunivamalg #2                               |     19 |       53 |             6171.3
  7001007 | importomaxi #8                                     |      8 |       49 |            6147.12
  9003011 | amalgscholar #1                                    |     17 |       53 |             6123.8
  2001002 | amalgimporto #2                                    |     18 |       19 |            6099.84
 10003012 | exportiamalg #2                                    |     17 |       21 |            6086.96
 10003012 | exportiamalg #2                                    |      9 |       13 |            6079.05
  1003001 | namelessunivamalg #1                               |     17 |       46 |            6069.12
  8009010 | maxinameless #10                                   |     19 |       14 |            6025.78
  5003001 | scholarnameless #7                                 |      9 |       36 |            6002.53
  3004002 | edu packexporti #2                                 |      9 |       32 |            5998.72
  2004002 | edu packimporto #2                                 |      8 |       17 |            5976.82
  6015006 | scholarbrand #6                                    |      8 |       52 |            5892.72
  4002001 | exportiimporto #2                                  |     17 |       39 |            5867.46
  2004002 | edu packimporto #2                                 |     19 |       39 |             5791.2
  4004001 | maxiunivamalg #4                                   |     17 |       59 |             5768.3
  4002001 | exportiimporto #2                                  |     17 |       45 |             5762.4
  6004006 | exportiexporti #1                                  |     17 |       13 |            5757.56
  5001002 | amalgscholar #2                                    |     17 |        9 |            5744.75
  3002002 | importoexporti #2                                  |     19 |       27 |            5717.76
  2002001 | importoimporto #1                                  |     17 |       20 |            5712.21
  6013008 | exportibrand #8                                    |     17 |       35 |             5695.2
  8006001 | corpnameless #1                                    |     17 |       22 |            5631.01
  6009006 | maxicorp #6                                        |     19 |       10 |            5629.48
  9014004 | edu packunivamalg #4                               |     18 |        9 |            5599.44
  9005002 | scholarmaxi #2                                     |      9 |       18 |            5574.91
  3002002 | importoexporti #2                                  |     19 |       10 |            5556.52
  9012002 | importounivamalg #2                                |     17 |        0 |            5543.23
  4002002 | importoedu pack #2                                 |     19 |       21 |             5521.2
  6015006 | scholarbrand #6                                    |     19 |       25 |             5501.2
  6005001 | amalgnameless #10                                  |      7 |       52 |            5492.52
  1003001 | exportiamalg #1                                    |     18 |        0 |            5491.85
  8002010 | importonameless #10                                |     19 |        3 |            5471.43
  6015006 | scholarbrand #6                                    |     19 |       27 |            5452.09
  7007010 | brandbrand #10                                     |     19 |       22 |            5443.64
  5001002 | amalgscholar #2                                    |      9 |       18 |            5425.28
  9014009 | importoedu pack #2                                 |      8 |       27 |            5398.06
  7007010 | brandbrand #10                                     |      6 |       19 |            5365.02
  6015006 | scholarbrand #6                                    |     17 |       21 |             5356.8
  2003002 | exportiimporto #2                                  |      9 |       29 |            5290.11
  9014009 | importoedu pack #2                                 |     17 |       31 |            5275.44
  4002002 | importoedu pack #2                                 |     19 |       48 |            5214.78
  3002002 | importoexporti #2                                  |     17 |       35 |            5189.08
  4003002 | exportiedu pack #2                                 |     19 |        3 |             5175.5
  3004002 | edu packexporti #2                                 |      8 |       20 |            5128.86
  2003002 | exportiimporto #2                                  |     18 |       56 |            5118.12
  1004001 | amalgimporto #2                                    |     18 |       25 |            5109.75
 10012005 | importoamalgamalg #5                               |     18 |        2 |            5102.05
  3002002 | importoexporti #2                                  |     19 |       38 |            5098.38
  9016009 | importounivamalg #10                               |     18 |       44 |             5088.8
  5002001 | exportiunivamalg #10                               |     18 |       39 |             5068.8
  2002001 | importounivamalg #10                               |     17 |        1 |            5056.42
  6008003 | edu packedu pack #2                                |     19 |       56 |            4986.86
  7016004 | corpnameless #4                                    |      9 |       35 |            4964.14
  2003002 | exportiimporto #2                                  |     18 |       44 |             4949.3
  6004006 | exportiexporti #1                                  |     17 |        4 |            4945.05
  2001002 | amalgimporto #2                                    |     18 |       32 |             4916.6
  3004001 | edu packexporti #1                                 |     19 |       24 |            4895.22
  9011003 | edu packamalg #2                                   |      6 |       53 |            4881.03
  6001002 | exportischolar #1                                  |      9 |       13 |             4873.2
  2001001 | importoimporto #2                                  |      9 |       56 |            4869.12
  2004002 | edu packimporto #2                                 |     17 |       25 |            4865.28
  1003002 | exportiamalg #2                                    |      9 |        9 |             4826.8
  3002002 | importoscholar #1                                  |     17 |        5 |            4799.48
  3004002 | edu packexporti #2                                 |     18 |       41 |            4797.56
  3004001 | edu packexporti #1                                 |     17 |       45 |            4786.32
  4002001 | exportiimporto #2                                  |      6 |        4 |            4706.35
  6001002 | exportischolar #1                                  |     17 |       51 |            4634.72
  4002002 | importoedu pack #2                                 |     17 |       36 |            4634.04
 10009013 | maxiunivamalg #13                                  |     17 |       36 |            4536.95
  5003001 | scholarnameless #7                                 |     18 |       56 |            4525.29
  3004001 | edu packexporti #1                                 |     19 |       48 |            4518.64
  8005002 | scholarnameless #2                                 |     19 |       29 |            4517.92
 10006014 | amalgscholar #2                                    |     17 |       43 |            4514.51
  8005002 | scholarnameless #2                                 |      9 |       11 |            4510.81
 10002010 | importounivamalg #10                               |     18 |       33 |            4491.06
 10013002 | exportiamalgamalg #2                               |     17 |       53 |            4471.68
  1003001 | exportiamalg #1                                    |      9 |       40 |            4457.18
 10006001 | corpunivamalg #1                                   |      7 |        7 |            4417.82
  7016001 | univnameless #2                                    |     18 |       48 |            4410.94
  8008009 | namelessnameless #9                                |     18 |       20 |            4402.66
  9009006 | namelessunivamalg #7                               |     18 |       16 |            4395.61
  5002001 | exportiunivamalg #10                               |      8 |       25 |            4364.24
 10006012 | corpunivamalg #12                                  |     17 |        6 |            4324.48
  6016008 | corpbrand #8                                       |      8 |       16 |            4305.51
  3002002 | importoexporti #2                                  |      8 |       24 |            4289.96
  1004002 | edu packamalg #2                                   |      9 |        1 |             4280.5
  5001002 | amalgscholar #2                                    |     18 |        4 |            4236.58
  7001007 | importomaxi #8                                     |      9 |       55 |            4230.52
  8003005 | importoexporti #2                                  |      7 |       18 |            4210.38
  1003001 | namelessunivamalg #1                               |     17 |       39 |             4204.2
  2001001 | importoimporto #2                                  |     17 |       22 |            4178.97
  6009006 | maxicorp #6                                        |     19 |       38 |               4129
  1004002 | edu packamalg #2                                   |     19 |       33 |               4117
  1003002 | exportiamalg #2                                    |     17 |       22 |             4105.5
  2003002 | exportiimporto #2                                  |     18 |       41 |            4095.65
  3004002 | edu packexporti #2                                 |     17 |       15 |            4083.54
  2003001 | maxiunivamalg #8                                   |     18 |       27 |            4070.43
  6008007 | brandnameless #3                                   |     19 |       42 |            4051.21
  6006002 | corpcorp #2                                        |     19 |       45 |            4018.56
  8012003 | amalgexporti #2                                    |      9 |       42 |             3984.8
  7006004 | corpbrand #4                                       |      9 |       46 |            3979.55
  9016009 | importounivamalg #10                               |     19 |       32 |            3972.22
  5001002 | amalgscholar #2                                    |     18 |       13 |             3971.8
  1003002 | exportiamalg #2                                    |     19 |        7 |            3970.54
  2002002 | importoimporto #2                                  |      9 |       49 |            3962.44
  6001002 | exportischolar #1                                  |     17 |       25 |             3955.8
  2004002 | edu packimporto #2                                 |      8 |       14 |            3945.06
  4001001 | amalgedu pack #1                                   |      7 |       14 |               3939
  4001002 | amalgedu pack #2                                   |     17 |       29 |            3936.82
  2004002 | edu packimporto #2                                 |      9 |       11 |             3932.5
  2004002 | edu packimporto #2                                 |      9 |       42 |            3921.56
  8003005 | importoexporti #2                                  |     19 |       56 |            3912.72
  2002001 | edu packunivamalg #15                              |      8 |       57 |            3893.25
  6006002 | corpcorp #2                                        |     19 |       17 |            3891.42
 10004013 | edu packunivamalg #13                              |     19 |       14 |             3888.5
  6009006 | maxicorp #6                                        |     19 |       50 |             3864.6
  3002002 | importoexporti #2                                  |      8 |       19 |            3861.52
  6008007 | brandnameless #3                                   |     19 |       33 |            3845.28
  5004002 | edu packscholar #2                                 |     18 |       17 |            3818.24
  9004008 | edu packmaxi #8                                    |     19 |       56 |            3809.19
  6009003 | amalgnameless #1                                   |      9 |       54 |            3808.17
 10004013 | edu packunivamalg #13                              |     19 |       22 |            3793.47
  8011004 | amalgmaxi #4                                       |      7 |       34 |            3780.48
  3004002 | edu packexporti #2                                 |      9 |       20 |            3760.68
  8002003 | edu packscholar #2                                 |     18 |       32 |            3749.76
 10006012 | corpunivamalg #12                                  |     19 |       39 |            3747.64
  7002006 | importobrand #6                                    |      6 |       25 |            3736.12
 10009013 | maxiunivamalg #13                                  |     17 |       43 |             3729.6
  5004002 | edu packscholar #2                                 |     18 |       27 |            3726.43
  3004002 | edu packexporti #2                                 |      9 |        0 |            3690.96
  5001002 | amalgscholar #2                                    |     19 |       39 |            3690.72
  6016008 | corpbrand #8                                       |     17 |       10 |            3688.23
  1004001 | edu packamalg #2                                   |     17 |       43 |            3666.18
  1004001 | edu packamalg #2                                   |     18 |       32 |            3659.04
  4004001 | exportinameless #6                                 |     17 |       31 |            3654.24
  4002001 | exportiimporto #2                                  |     19 |        2 |            3622.08
  2002001 | importounivamalg #10                               |     17 |       35 |             3621.6
  1003001 | namelessunivamalg #1                               |     18 |       45 |            3591.54
  1004002 | edu packamalg #2                                   |     19 |       32 |            3575.04
  3002002 | importoexporti #2                                  |     18 |       11 |            3563.16
  2001002 | amalgimporto #2                                    |      9 |        4 |            3559.36
  4004001 | exportinameless #6                                 |     19 |        2 |            3549.36
  5002001 | exportiunivamalg #10                               |      9 |       52 |               3528
 10003012 | exportiamalg #2                                    |     17 |       10 |            3513.25
  7016004 | corpnameless #4                                    |      9 |       37 |            3487.05
 10004017 | univmaxi #7                                        |      9 |       40 |             3404.7
  6004006 | exportiexporti #1                                  |      8 |       35 |             3401.7
  7002006 | importobrand #6                                    |     17 |       29 |               3395
  5001002 | amalgscholar #2                                    |     18 |        0 |             3372.8
  7006004 | corpbrand #4                                       |     19 |       26 |            3371.55
  8013005 | exportimaxi #5                                     |     17 |       27 |            3362.25
  3002002 | importoexporti #2                                  |     18 |       54 |            3352.62
  2003001 | edu packexporti #1                                 |      7 |       10 |            3352.32
  9005002 | scholarmaxi #2                                     |     19 |       12 |            3348.48
  2002002 | brandbrand #7                                      |      9 |       58 |            3342.57
  1004002 | edu packamalg #2                                   |     17 |       10 |            3328.78
  8003006 | exportinameless #6                                 |      9 |       39 |               3318
  5001002 | amalgscholar #2                                    |      7 |       21 |            3312.25
  4003002 | exportiedu pack #2                                 |     18 |        3 |            3294.83
  2002002 | brandbrand #7                                      |     17 |       57 |             3275.9
  8012003 | amalgexporti #2                                    |     19 |       25 |            3270.96
  1004002 | importoamalg #1                                    |     19 |       22 |            3264.24
  7002006 | importobrand #6                                    |     19 |        4 |            3255.93
 10004017 | univmaxi #7                                        |     18 |       41 |            3253.38
  4001001 | importounivamalg #12                               |      8 |       10 |            3253.25
  8011004 | amalgmaxi #4                                       |      8 |       36 |            3247.95
  8002003 | edu packscholar #2                                 |      9 |       23 |            3194.73
  4001002 | amalgedu pack #2                                   |     17 |       39 |            3185.82
  8015006 | scholarmaxi #6                                     |     17 |       36 |            3182.76
  6001002 | exportischolar #1                                  |     18 |       12 |            3181.62
  3004002 | edu packexporti #2                                 |     18 |       26 |             3179.4
  4001002 | amalgedu pack #2                                   |     18 |       38 |            3178.11
  5004002 | edu packscholar #2                                 |     19 |       55 |            3165.62
  1003001 | namelessunivamalg #1                               |      6 |       11 |            3152.96
  8002010 | importonameless #10                                |     18 |        8 |            3139.82
  1002002 | importoamalg #2                                    |     17 |       26 |               3132
  1001001 | amalgedu pack #1                                   |     19 |       37 |            3125.85
  5002002 | importoscholar #2                                  |     17 |        6 |             3105.2
  3003001 | namelesscorp #6                                    |      7 |       24 |             3104.4
  2002002 | brandbrand #7                                      |     17 |       39 |            3103.45
  8006001 | corpnameless #1                                    |     19 |       47 |            3096.04
  4002002 | importoedu pack #2                                 |      7 |       55 |            3067.68
  3002002 | importoexporti #2                                  |     19 |       18 |            3062.88
  7003008 | exportibrand #8                                    |     19 |       38 |            3049.94
  4004001 | exportinameless #6                                 |     17 |       23 |            2991.45
  2003001 | maxiunivamalg #8                                   |      8 |        8 |             2969.1
  6009006 | maxicorp #6                                        |      7 |       51 |            2961.75
  9004008 | edu packmaxi #8                                    |     19 |       24 |               2958
  7016004 | corpnameless #4                                    |     18 |       55 |            2943.48
  1001001 | importoimporto #2                                  |     17 |       10 |            2934.22
  4001002 | amalgedu pack #2                                   |     17 |       12 |             2928.5
  9005008 | scholarmaxi #8                                     |      8 |       24 |             2900.2
  1003002 | exportiamalg #2                                    |     18 |        1 |            2889.25
  7016004 | corpnameless #4                                    |      9 |       38 |            2885.58
  7016001 | univnameless #2                                    |     19 |       44 |            2881.56
  1002002 | importoamalg #2                                    |      9 |       42 |             2870.4
  4001002 | amalgedu pack #2                                   |      9 |       12 |            2849.28
  1002002 | importoamalg #2                                    |      8 |       50 |            2848.32
  3003002 | exportiexporti #2                                  |     19 |       56 |            2845.44
  1003002 | exportiamalg #2                                    |      9 |       58 |            2840.22
  3004002 | edu packexporti #2                                 |     18 |       18 |             2831.4
  9014009 | importoedu pack #2                                 |     17 |        6 |            2827.71
  1002002 | importoamalg #2                                    |     17 |       53 |            2821.64
  2001001 | importoimporto #2                                  |      8 |       30 |            2821.41
  3004002 | edu packexporti #2                                 |     18 |        6 |            2813.83
  4004001 | maxiunivamalg #4                                   |      9 |       53 |            2809.68
 10002012 | importounivamalg #12                               |      8 |       26 |            2809.62
  6013008 | exportibrand #8                                    |      9 |       42 |            2781.46
  2003002 | exportiimporto #2                                  |     17 |       55 |             2779.7
  6016008 | corpbrand #8                                       |      7 |        8 |             2778.4
  1003002 | exportiamalg #2                                    |      7 |       48 |               2772
  6002005 | exportiedu pack #2                                 |      9 |       33 |            2761.11
  1004002 | edu packamalg #2                                   |      9 |       20 |            2745.12
  7002010 | importobrand #10                                   |      6 |       45 |            2741.69
  1004002 | edu packamalg #2                                   |     17 |       35 |            2722.34
  2004001 | amalgscholar #1                                    |     17 |       13 |             2717.4
  2003002 | exportiimporto #2                                  |     17 |       45 |            2715.39
  2004002 | edu packimporto #2                                 |     17 |       46 |            2712.05
  2004002 | edu packimporto #2                                 |      9 |        2 |            2706.72
  5004001 | importounivamalg #5                                |     18 |       55 |             2688.4
  9016007 | corpunivamalg #7                                   |     18 |       12 |               2685
  8005002 | scholarnameless #2                                 |     19 |       26 |            2684.36
  5002002 | importoscholar #2                                  |     17 |       26 |            2683.28
 10013002 | exportiamalgamalg #2                               |     17 |       35 | 2677.2599999999998
  1003002 | exportiamalg #2                                    |      8 |       29 |            2670.99
  1004002 | edu packamalg #2                                   |      6 |       34 |            2669.85
  1004002 | edu packamalg #2                                   |      9 |       58 |            2658.95
  9005002 | scholarmaxi #2                                     |     17 |       28 |             2656.2
 10002012 | importounivamalg #12                               |     19 |       30 |            2640.05
 10011001 | namelessunivamalg #2                               |     19 |       14 |            2609.52
  2004002 | edu packimporto #2                                 |      8 |       11 |            2591.04
  6009003 | amalgnameless #1                                   |      8 |       20 |             2585.2
  2002001 | edu packunivamalg #15                              |     17 |        8 |            2574.72
 10007003 | brandunivamalg #3                                  |     18 |       12 |             2566.8
  1003001 | namelessunivamalg #1                               |     19 |       23 |            2548.48
  9009006 | namelessunivamalg #7                               |     19 |        6 |            2533.08
  1003001 | exportiamalg #1                                    |      9 |       23 |            2531.34
  2004002 | edu packimporto #2                                 |     19 |       47 |            2521.26
  8003006 | exportinameless #6                                 |     17 |       43 |            2517.06
 10011001 | namelessunivamalg #2                               |     18 |       34 |            2511.39
  9003011 | amalgscholar #1                                    |     17 |       37 |            2505.91
  1003002 | exportiamalg #2                                    |      8 |       23 |            2503.08
  7002006 | importobrand #6                                    |     17 |       25 |            2493.57
  2002002 | brandbrand #7                                      |      9 |       11 |             2490.9
  6016008 | corpbrand #8                                       |     19 |       37 |             2484.9
  3004002 | edu packexporti #2                                 |     17 |       16 |             2475.7
  8011004 | amalgmaxi #4                                       |      9 |       35 |             2469.6
  2001001 | importoimporto #2                                  |     18 |        2 |            2442.56
  2004002 | edu packimporto #2                                 |      8 |       29 |               2436
  1004002 | edu packamalg #2                                   |     19 |        0 |            2434.78
  5002002 | importoscholar #2                                  |     19 |       44 |             2413.2
  3002002 | importoexporti #2                                  |      9 |       49 |            2409.98
  8005002 | scholarnameless #2                                 |     17 |        7 |            2403.15
  9016009 | importounivamalg #10                               |     19 |       58 |            2394.47
  2004002 | edu packimporto #2                                 |      6 |       47 |            2388.72
 10002012 | importounivamalg #12                               |     17 |       10 |            2383.15
 10002010 | importounivamalg #10                               |     18 |       14 |             2370.5
  3004002 | edu packexporti #2                                 |     19 |       16 |            2362.42
  8006001 | corpnameless #1                                    |      6 |       50 |             2354.1
  1004002 | importoamalg #1                                    |     19 |       39 |            2352.35
  3002002 | importoexporti #2                                  |      8 |       15 |            2352.06
  7003008 | exportibrand #8                                    |     17 |       58 |             2347.2
  1003002 | exportiamalg #2                                    |     17 |       47 |            2332.43
  6001004 | amalgcorp #4                                       |     17 |       36 |             2331.9
  5002001 | exportiunivamalg #10                               |     17 |       45 |            2322.74
  2004002 | edu packimporto #2                                 |     19 |       38 |            2318.68
  6016008 | corpbrand #8                                       |      6 |       42 |            2313.82
  7002010 | importobrand #10                                   |     19 |       41 |            2301.75
  4002002 | importoedu pack #2                                 |      9 |       11 |             2301.6
  4001001 | amalgedu pack #1                                   |     19 |       57 |            2300.65
  1004001 | edu packamalg #2                                   |     19 |       24 |            2273.67
  5001002 | amalgscholar #2                                    |     19 |       10 |            2269.16
  5002002 | importoscholar #2                                  |      8 |       35 |            2263.04
  5001002 | amalgscholar #2                                    |      8 |       45 |            2261.82
  4001002 | amalgedu pack #2                                   |     17 |        9 |            2244.09
  1003001 | exportiamalg #1                                    |     18 |       14 |             2224.8
  2001001 | importoimporto #2                                  |      8 |       42 |            2206.08
  7002006 | importobrand #6                                    |      9 |       33 |            2203.03
  1004002 | importoamalg #1                                    |     18 |       18 |            2187.36
  3002002 | importoexporti #2                                  |     18 |       36 |             2179.8
  8008009 | namelessnameless #9                                |     18 |       28 |             2179.2
  1003002 | exportiamalg #2                                    |     17 |       14 |            2178.55
  4002002 | importoedu pack #2                                 |      8 |       52 |             2150.4
  1002002 | importoamalg #2                                    |      8 |       11 |            2147.84
  3004002 | edu packexporti #2                                 |      9 |       24 |            2139.84
  9009006 | namelessunivamalg #7                               |      9 |       34 |            2130.75
  1003002 | exportiamalg #2                                    |      8 |       45 |            2095.92
  6009006 | maxicorp #6                                        |     17 |       49 |             2077.4
  4002002 | importoedu pack #2                                 |     19 |       47 |            2076.44
  3002002 | importoexporti #2                                  |      9 |       38 |            2067.12
  4003002 | exportiedu pack #2                                 |     17 |        2 |            2064.96
  6006002 | corpcorp #2                                        |     18 |       57 |            2058.96
  7016004 | corpnameless #4                                    |     19 |       30 |            2052.02
  1004002 | edu packamalg #2                                   |     17 |        4 |            2050.71
  4004001 | exportinameless #6                                 |      7 |        8 |             2042.1
  2001001 | importoimporto #2                                  |     17 |       41 |             2032.8
  7007010 | brandbrand #10                                     |      8 |       11 |            2024.88
  8003006 | exportinameless #6                                 |     18 |        5 |             2023.9
  3003002 | exportiexporti #2                                  |      8 |       44 |            2017.92
  3002002 | importoexporti #2                                  |      7 |       48 |            2017.11
  2004002 | edu packimporto #2                                 |     17 |       43 |             2014.5
 10005016 | importoexporti #2                                  |      9 |        2 |            2007.85
  1004002 | edu packamalg #2                                   |     17 |        1 |            2005.15
  8011004 | amalgmaxi #4                                       |      8 |        0 |            2001.36
  5003001 | scholarnameless #7                                 |     18 |       53 |            1998.36
  1003001 | exportiamalg #1                                    |     17 |       28 |             1992.6
 10004013 | edu packunivamalg #13                              |      9 |        5 |             1990.5
  3004002 | edu packexporti #2                                 |     17 |       36 |            1979.77
  2003001 | exportiimporto #1                                  |     18 |       37 |            1976.85
  1003002 | exportiamalg #2                                    |     19 |        8 |            1976.56
  9012010 | importounivamalg #10                               |      9 |       57 |            1973.06
  9014009 | importoedu pack #2                                 |     17 |       33 |            1971.06
  7002006 | importobrand #6                                    |      8 |       35 |            1959.94
  4002001 | exportiimporto #2                                  |     19 |        8 |            1958.52
  6001002 | exportischolar #1                                  |     18 |       27 |            1947.68
  7016004 | corpnameless #4                                    |     17 |       32 |            1941.88
  8002003 | edu packscholar #2                                 |     17 |       53 |             1929.3
 10006012 | corpunivamalg #12                                  |      9 |       25 |            1922.62
  5002001 | corpcorp #6                                        |     18 |       19 |            1920.04
  6009006 | maxicorp #6                                        |     19 |       25 |             1917.5
 10007003 | brandunivamalg #3                                  |      9 |       58 |             1909.8
  5002001 | exportiunivamalg #10                               |     17 |        8 |            1897.27
  3004002 | edu packexporti #2                                 |      9 |        4 |            1892.88
  9003011 | amalgscholar #1                                    |     17 |       18 |            1892.86
  1002002 | importoamalg #2                                    |     18 |        7 |            1891.41
  9012010 | importounivamalg #10                               |     19 |       14 |             1890.6
 10008007 | amalgbrand #1                                      |      9 |       26 |               1890
 10009013 | maxiunivamalg #13                                  |      9 |       53 |            1887.08
  3004001 | edu packexporti #1                                 |     17 |       36 |            1884.96
  8012003 | amalgexporti #2                                    |     18 |        2 |            1884.36
  1004002 | edu packamalg #2                                   |     19 |       21 |            1877.68
  1004002 | edu packamalg #2                                   |     18 |       36 |            1875.25
  9005008 | scholarmaxi #8                                     |     17 |       59 |            1874.46
  2003001 | maxiunivamalg #8                                   |     19 |       18 |            1872.75
 10013002 | exportiamalgamalg #2                               |     17 |       12 |            1843.95
 10012005 | importoamalgamalg #5                               |     19 |       46 |            1837.88
 10002010 | importounivamalg #10                               |      6 |       32 |            1831.83
 10011001 | namelessunivamalg #2                               |     18 |       40 |            1830.39
  6001002 | exportischolar #1                                  |      9 |       43 |            1822.48
  2004002 | edu packimporto #2                                 |     17 |        0 |            1811.48
  2001001 | importoimporto #2                                  |     18 |       14 |            1805.65
  2004002 | edu packimporto #2                                 |      9 |       44 |             1795.5
  9016009 | importounivamalg #10                               |      9 |       43 |            1786.08
  3004002 | edu packexporti #2                                 |      6 |       54 |            1785.24
  2001002 | amalgimporto #2                                    |      7 |       27 |            1781.25
  8013005 | exportimaxi #5                                     |     19 |       20 |               1769
  5001002 | amalgscholar #2                                    |     17 |       37 |            1765.46
  3002002 | importoexporti #2                                  |     19 |       15 |             1761.5
  3002002 | importoexporti #2                                  |      8 |        2 |            1754.08
  9005002 | scholarmaxi #2                                     |      6 |       16 |            1750.04
  8015006 | scholarmaxi #6                                     |      9 |        3 |            1747.77
 10006014 | amalgscholar #2                                    |     19 |       12 |             1747.2
  2001001 | importoimporto #2                                  |     18 |       28 |            1746.77
  4002001 | exportiimporto #2                                  |      8 |       34 |            1745.93
  9014004 | edu packunivamalg #4                               |     17 |       36 |            1737.34
  3003002 | exportiexporti #2                                  |      9 |       46 |            1730.43
  6006002 | corpcorp #2                                        |      9 |       33 |            1726.45
  3004002 | edu packexporti #2                                 |      8 |        3 |            1723.12
  4004001 | exportinameless #6                                 |     19 |       31 |            1718.92
  5001002 | amalgscholar #2                                    |      9 |       34 |            1714.62
  7002006 | importobrand #6                                    |     17 |       36 |            1710.18
  3002002 | importoexporti #2                                  |      7 |       36 |            1704.08
  1002002 | importoamalg #2                                    |     18 |       38 |            1692.94
  1004002 | importoamalg #1                                    |     19 |       47 |            1688.38
  8015006 | scholarmaxi #6                                     |     17 |        1 |            1676.24
  3004002 | edu packexporti #2                                 |      7 |        6 |            1670.18
  1004002 | edu packamalg #2                                   |     18 |       46 |            1667.52
  6009003 | amalgnameless #1                                   |      9 |       24 |            1658.37
  8006001 | corpnameless #1                                    |     17 |       14 |            1658.19
 10012005 | importoamalgamalg #5                               |      8 |       27 |            1657.24
  1002002 | importoamalg #2                                    |     19 |       35 |             1657.2
  8002003 | edu packscholar #2                                 |     17 |       40 |            1643.58
  7001007 | importomaxi #8                                     |     17 |        2 |            1643.07
  9007001 | brandmaxi #1                                       |     18 |       49 |            1642.21
 10012005 | importoamalgamalg #5                               |     18 |       34 |            1635.52
  2002001 | edu packunivamalg #15                              |      9 |       35 |            1630.16
  6008003 | edu packedu pack #2                                |     17 |       52 |            1628.12
 10011001 | namelessunivamalg #2                               |     18 |        0 |             1621.5
 10006001 | corpunivamalg #1                                   |      9 |       24 |            1615.95
  6001002 | exportischolar #1                                  |     19 |       12 |            1609.44
  5003001 | scholarnameless #7                                 |     18 |       51 |             1606.5
  2002001 | importoimporto #1                                  |     19 |       57 |            1603.84
  9014004 | edu packunivamalg #4                               |      9 |       30 |             1591.6
  2003002 | exportiimporto #2                                  |     17 |       43 |             1587.6
  1003002 | exportiamalg #2                                    |      8 |       39 |            1586.77
  5004002 | edu packscholar #2                                 |      9 |       18 |            1563.12
  8009010 | maxinameless #10                                   |      8 |       19 |            1558.02
  8013005 | exportimaxi #5                                     |      9 |       30 |            1557.33
  1004001 | amalgscholar #1                                    |     19 |        7 |            1555.72
  1004002 | importoamalg #1                                    |      8 |       22 |            1548.48
  2004002 | edu packimporto #2                                 |      9 |       18 |            1546.11
  8012003 | amalgexporti #2                                    |     19 |        4 |            1539.35
  2003002 | exportiimporto #2                                  |      7 |       57 |            1532.55
  1002001 | importoamalg #1                                    |     17 |       12 |             1525.8
  7002006 | importobrand #6                                    |     17 |       17 |            1522.18
 10009013 | maxiunivamalg #13                                  |      9 |       57 |            1520.55
  9004008 | edu packmaxi #8                                    |     17 |        5 |            1507.98
 10006012 | corpunivamalg #12                                  |     18 |       30 |            1507.88
  8016007 | corpmaxi #7                                        |     18 |       56 |             1502.6
  9016009 | importounivamalg #10                               |     17 |       21 |             1495.9
  6005001 | amalgnameless #10                                  |      8 |       20 |            1494.22
  6001004 | amalgcorp #4                                       |      8 |       35 |            1486.56
  5001002 | amalgscholar #2                                    |     18 |        7 |             1486.1
  1003002 | exportiamalg #2                                    |     19 |       10 |            1466.19
 10005016 | importoexporti #2                                  |     19 |       36 |            1461.86
  4003002 | exportiedu pack #2                                 |     18 |       59 |            1460.88
  3004002 | edu packexporti #2                                 |      9 |       51 |            1455.22
  4002002 | importoedu pack #2                                 |      9 |       53 |            1448.56
  4001002 | amalgedu pack #2                                   |     18 |       47 |             1447.6
  8008009 | namelessnameless #9                                |      8 |       23 |            1429.26
  2002002 | importoimporto #2                                  |     19 |       19 |            1426.45
  8012001 | importomaxi #1                                     |     18 |       38 |             1416.2
  9004008 | edu packmaxi #8                                    |     17 |        3 |            1399.83
  6005001 | amalgnameless #10                                  |      7 |       42 |               1398
  3004002 | edu packexporti #2                                 |     19 |        3 |            1394.12
 10006012 | corpunivamalg #12                                  |     18 |       10 |             1388.4
  8003005 | importoexporti #2                                  |     18 |        4 |            1386.77
  9009006 | namelessunivamalg #7                               |     19 |       46 |            1385.67
  5002002 | importoscholar #2                                  |     19 |       27 |             1377.5
 10009013 | maxiunivamalg #13                                  |     17 |       44 |            1370.04
 10009013 | maxiunivamalg #13                                  |      9 |       39 |             1359.6
 10005016 | importoexporti #2                                  |     18 |       57 |            1355.34
  7002006 | importobrand #6                                    |      9 |       37 |            1342.92
  8015006 | scholarmaxi #6                                     |     19 |       17 |            1340.64
  1004002 | importoamalg #1                                    |     18 |        3 |             1338.7
  9007001 | brandmaxi #1                                       |     19 |       38 |            1320.15
 10003012 | exportiamalg #2                                    |     17 |       26 |            1315.38
  4001002 | amalgedu pack #2                                   |     19 |       25 |            1307.25
  7007010 | brandbrand #10                                     |     19 |        0 |            1291.36
  2004002 | edu packimporto #2                                 |      8 |       42 |            1290.96
  8013005 | exportimaxi #5                                     |      9 |       20 |               1276
  8008009 | namelessnameless #9                                |     19 |       43 |            1254.19
  9014009 | importoedu pack #2                                 |     17 |        0 |            1249.03
  1004001 | amalgscholar #1                                    |     19 |       14 |            1247.52
  9003011 | amalgscholar #1                                    |      8 |       51 |             1246.3
 10012005 | importoamalgamalg #5                               |      9 |       52 |               1242
  7016001 | univnameless #2                                    |     17 |       51 |            1239.28
  6009003 | amalgnameless #1                                   |     19 |       50 |            1225.68
  5002001 | exportiunivamalg #10                               |     19 |       46 |             1221.2
 10006012 | corpunivamalg #12                                  |     19 |       33 |            1220.37
  1003001 | exportiamalg #1                                    |     19 |        8 |            1217.92
  8011004 | amalgmaxi #4                                       |     17 |       39 |            1217.28
  8006001 | corpnameless #1                                    |     18 |       12 |             1212.2
  8016007 | corpmaxi #7                                        |      9 |       40 |            1208.88
  8012001 | importomaxi #1                                     |     19 |        7 |            1208.16
 10004013 | edu packunivamalg #13                              |     19 |       44 |            1207.92
 10004017 | univmaxi #7                                        |      8 |       46 |            1181.72
 10009013 | maxiunivamalg #13                                  |     18 |       39 |            1181.25
  5001002 | amalgscholar #2                                    |     18 |       59 |            1176.45
  1001001 | importoimporto #2                                  |     18 |       20 |            1164.67
  2001001 | importoimporto #2                                  |      8 |       59 |            1163.47
  4001002 | amalgedu pack #2                                   |     18 |       36 |             1163.2
  3004001 | edu packexporti #1                                 |     19 |       12 |             1162.8
  8009010 | maxinameless #10                                   |     17 |       51 |            1154.64
  6005001 | amalgnameless #10                                  |      8 |       15 |            1144.94
  7002006 | importobrand #6                                    |     18 |        1 |            1140.97
  1002002 | importoamalg #2                                    |     18 |       45 |             1139.5
  6005001 | amalgnameless #10                                  |     18 |       10 |            1137.65
  1001002 | amalgamalg #2                                      |      9 |       21 |            1132.98
  2003001 | edu packexporti #1                                 |      6 |       33 |            1123.44
 10002012 | importounivamalg #12                               |      9 |       42 |            1121.12
  1004002 | edu packamalg #2                                   |      9 |        8 |            1118.91
  2004002 | edu packimporto #2                                 |     17 |        9 |               1110
  3004002 | edu packexporti #2                                 |     18 |       45 |            1104.09
  2002002 | importoimporto #2                                  |     18 |       45 |             1103.9
  8012003 | amalgexporti #2                                    |     18 |       36 |             1102.2
  7007010 | brandbrand #10                                     |     18 |       22 |             1101.5
  4001002 | amalgedu pack #2                                   |      9 |       19 |            1092.14
  2004002 | edu packimporto #2                                 |      9 |       26 |             1079.7
  8015006 | scholarmaxi #6                                     |     17 |       46 |             1076.7
  2002001 | importoimporto #1                                  |     17 |       24 |             1074.4
  3002002 | importoexporti #2                                  |     18 |       52 |             1070.3
  5002001 | corpcorp #6                                        |     19 |       57 |             1065.6
  7002010 | importobrand #10                                   |     19 |       21 |             1065.6
  2003002 | exportiimporto #2                                  |     17 |       25 |            1057.32
  7016004 | corpnameless #4                                    |     18 |        9 |            1053.45
  9003011 | amalgscholar #1                                    |     17 |       48 |            1038.24
  3002002 | importoexporti #2                                  |      9 |       41 |            1033.76
  7001007 | importomaxi #8                                     |     17 |       35 |            1033.56
 10005016 | importoexporti #2                                  |     17 |       34 |            1024.88
  1003001 | namelessunivamalg #1                               |     18 |       44 |             1019.7
 10006012 | corpunivamalg #12                                  |     17 |       52 |            1016.52
 10002012 | importounivamalg #12                               |     19 |       48 |            1015.41
 10003012 | exportiamalg #2                                    |     19 |        6 |            1009.78
  4002002 | importoedu pack #2                                 |     19 |       36 |             1001.7
  1001001 | importoimporto #2                                  |     17 |       21 |             984.34
  4002002 | importoedu pack #2                                 |     17 |       39 |             983.25
  2003001 | maxiunivamalg #8                                   |     17 |        8 |                983
  2002001 | importoimporto #1                                  |     17 |       42 |              973.8
  5003001 | scholarnameless #7                                 |      9 |       13 |             969.38
  2003002 | exportiimporto #2                                  |     17 |       32 |             962.64
  1002002 | importoamalg #2                                    |     19 |        2 |              961.8
 10008007 | amalgbrand #1                                      |      9 |        2 |             959.27
  8012001 | importomaxi #1                                     |     19 |       53 |             953.19
  2004001 | edu packimporto #1                                 |     18 |        9 |             952.36
  9004008 | edu packmaxi #8                                    |     18 |       54 |             949.75
 10008007 | amalgbrand #1                                      |     19 |        6 |             949.44
 10007003 | brandunivamalg #3                                  |     19 |       53 |              947.5
  8008009 | namelessnameless #9                                |     19 |       34 |             945.88
  4001002 | amalgedu pack #2                                   |      8 |       20 |             942.48
  9011003 | edu packamalg #2                                   |     18 |       55 |             938.39
  8012001 | importomaxi #1                                     |     17 |        0 |              930.6
  6001002 | exportischolar #1                                  |      9 |       38 |             927.83
  2003002 | exportiimporto #2                                  |      9 |       39 |             922.32
  7006001 | corpbrand #1                                       |      9 |       35 |             921.44
  2004002 | edu packimporto #2                                 |      8 |        7 |             917.85
  5001002 | amalgscholar #2                                    |      8 |       20 |             910.37
  2003001 | exportiimporto #1                                  |      9 |       50 |                906
  1002001 | importoamalg #1                                    |     17 |       52 |              901.2
 10005016 | importoexporti #2                                  |      9 |       35 |             899.64
  4001002 | amalgedu pack #2                                   |     18 |       45 |              893.1
  5004001 | importounivamalg #5                                |     19 |       19 |             891.36
  9003011 | amalgscholar #1                                    |     17 |       26 |             883.47
  5003001 | scholarnameless #7                                 |      9 |       35 |             879.36
  2002001 | importoimporto #1                                  |      9 |       55 |             877.89
  7002006 | importobrand #6                                    |      9 |        2 |             871.64
  1004002 | edu packamalg #2                                   |      8 |       53 |              870.6
  9012010 | importounivamalg #10                               |      9 |        5 |             869.82
 10006014 | amalgscholar #2                                    |      9 |       44 |             857.46
  9012002 | importounivamalg #2                                |     19 |       50 |             847.56
 10002010 | importounivamalg #10                               |     19 |       36 |             840.62
  5002001 | exportiunivamalg #10                               |     19 |       13 |             840.54
  7007010 | brandbrand #10                                     |     19 |       24 |             840.14
  9005002 | scholarmaxi #2                                     |      6 |       27 |             839.52
  2003001 | edu packexporti #1                                 |     19 |       43 |             836.88
  9003011 | amalgscholar #1                                    |     17 |       33 |             830.88
  3002002 | importoexporti #2                                  |      9 |       14 |             827.86
  8003005 | importoexporti #2                                  |      8 |        6 |             823.04
  6001002 | exportischolar #1                                  |     17 |       18 |             823.02
  5003001 | scholarnameless #7                                 |     17 |       22 |              822.8
  2001002 | amalgimporto #2                                    |      9 |       43 |              821.8
  6008007 | brandnameless #3                                   |     17 |       28 |             817.92
 10005016 | importoexporti #2                                  |      9 |       56 |             816.04
  4003002 | exportiedu pack #2                                 |     17 |       10 |             813.77
  2002002 | importoimporto #2                                  |     18 |        1 |              811.8
  8012003 | amalgexporti #2                                    |      7 |       11 |             811.49
  3002002 | importoexporti #2                                  |     19 |        8 |             808.28
  6013008 | exportibrand #8                                    |     17 |       56 |             807.84
  2001002 | amalgimporto #2                                    |      8 |       31 |                807
  4003002 | exportiedu pack #2                                 |     19 |        4 |             806.82
  5001002 | amalgscholar #2                                    |     17 |       42 |             796.05
  8002010 | importonameless #10                                |     17 |       45 |             792.88
 10002010 | importounivamalg #10                               |     17 |       31 |              792.8
  2004002 | edu packimporto #2                                 |     18 |        3 |             784.29
  4002001 | exportiimporto #2                                  |     19 |       47 |             773.01
  3004002 | edu packexporti #2                                 |      9 |        7 |              768.6
 10004013 | edu packunivamalg #13                              |     17 |       25 |             768.24
  2003002 | exportiimporto #2                                  |      9 |       38 |             759.78
  1004001 | amalgimporto #2                                    |     19 |       24 |              752.8
  8015006 | scholarmaxi #6                                     |     17 |       51 |             751.06
  6006002 | corpcorp #2                                        |     18 |       51 |             749.52
  9007001 | brandmaxi #1                                       |      8 |       44 |             748.68
  4001002 | amalgedu pack #2                                   |      9 |       47 |             747.24
  7001007 | importomaxi #8                                     |     17 |       19 |             745.33
  4001002 | amalgedu pack #2                                   |      7 |       52 |              745.2
  1003002 | exportiamalg #2                                    |      6 |       59 |             742.05
  4003002 | exportiedu pack #2                                 |     17 |       57 |              741.6
  2003001 | edu packexporti #1                                 |     19 |       36 |             738.01
  3004002 | edu packexporti #2                                 |     19 |       43 |             733.95
  3002002 | importoexporti #2                                  |      6 |       42 |             733.59
  4001002 | amalgedu pack #2                                   |      9 |       45 |             725.16
  9012010 | importounivamalg #10                               |     17 |       51 |             723.33
  8015006 | scholarmaxi #6                                     |     17 |       23 |             722.67
  2003001 | edu packexporti #1                                 |     17 |       14 |             721.92
  2001002 | amalgimporto #2                                    |     17 |       21 |             716.24
 10012005 | importoamalgamalg #5                               |     19 |       45 |              713.4
  1004002 | edu packamalg #2                                   |      7 |       26 |             712.46
  4001002 | amalgedu pack #2                                   |      9 |       54 |             711.76
  1004002 | edu packamalg #2                                   |     17 |       40 |              708.2
  4003002 | exportiedu pack #2                                 |      8 |       36 |              705.6
  3004001 | edu packexporti #1                                 |      9 |       49 |             700.32
  2004002 | edu packimporto #2                                 |      9 |       10 |             697.76
  6009006 | maxicorp #6                                        |      9 |       10 |             697.76
  1001001 | amalgedu pack #1                                   |     17 |        5 |             695.52
  9005002 | scholarmaxi #2                                     |     19 |       31 |             694.62
  5003001 | scholarnameless #7                                 |     17 |       55 |             694.26
  1003002 | exportiamalg #2                                    |     17 |       18 |              693.6
  3004001 | edu packexporti #1                                 |     17 |       29 |             690.93
  6001002 | exportischolar #1                                  |     18 |       18 |             690.12
  4002002 | importoedu pack #2                                 |      9 |       34 |             680.16
  4002002 | importoedu pack #2                                 |      9 |       19 |                674
  3004002 | edu packexporti #2                                 |      8 |       38 |             669.13
  4004001 | exportinameless #6                                 |     19 |        7 |             666.06
  2004002 | edu packimporto #2                                 |     18 |       33 |             665.28
  3002002 | importoexporti #2                                  |     17 |       51 |  665.0600000000001
  8006001 | corpnameless #1                                    |     19 |       56 |             661.76
  4002002 | importoedu pack #2                                 |     17 |       55 |             658.58
  2004001 | amalgscholar #1                                    |     17 |       12 |             658.56
  2002001 | edu packunivamalg #15                              |     18 |       38 |             652.68
  8016007 | corpmaxi #7                                        |      9 |       37 |             648.12
  6004006 | exportiexporti #1                                  |      7 |       14 |             647.78
  5002001 | corpcorp #6                                        |     17 |        7 |             635.18
  6004006 | exportiexporti #1                                  |     18 |        8 |             632.32
  2003002 | exportiimporto #2                                  |      8 |       26 |             627.67
  4001001 | amalgedu pack #1                                   |      8 |       32 |             625.66
 10003012 | exportiamalg #2                                    |     18 |       26 |              624.8
  7007010 | brandbrand #10                                     |      8 |       34 |             621.18
  6013008 | exportibrand #8                                    |     17 |       12 |             619.74
  9005002 | scholarmaxi #2                                     |     19 |       39 |             619.36
  7007010 | brandbrand #10                                     |     18 |       41 |              612.3
 10008007 | amalgbrand #1                                      |     17 |       13 |             611.03
  9012010 | importounivamalg #10                               |     18 |       28 |              607.2
  3003002 | exportiexporti #2                                  |      9 |       14 |             597.76
  4001001 | importounivamalg #12                               |      7 |       12 |             589.76
  9009006 | namelessunivamalg #7                               |     17 |       13 |             589.44
 10002010 | importounivamalg #10                               |     17 |       50 |             586.95
  4004001 | exportinameless #6                                 |      6 |       44 |             580.26
  9011003 | edu packamalg #2                                   |     18 |       17 |             579.69
  3004002 | edu packexporti #2                                 |     17 |       29 |             572.28
  5001001 | amalgscholar #1                                    |     18 |        8 |             569.13
  2001002 | amalgimporto #2                                    |      7 |       13 |             568.14
  9005002 | scholarmaxi #2                                     |      9 |       34 |             567.54
  9007001 | brandmaxi #1                                       |     19 |       41 |             566.16
  9005008 | scholarmaxi #8                                     |     19 |       45 |             565.11
  3003001 | namelesscorp #6                                    |      8 |       15 |             564.98
  6004006 | exportiexporti #1                                  |     19 |       45 |              564.3
  8008009 | namelessnameless #9                                |     19 |       14 |             561.06
  4002002 | importoedu pack #2                                 |     19 |       42 |             556.37
  2001001 | importoimporto #2                                  |     18 |       15 |              554.4
  3002002 | importoexporti #2                                  |     18 |       45 |             551.93
  6013008 | exportibrand #8                                    |     17 |       29 |              551.3
  1004001 | amalgimporto #2                                    |      8 |       15 |              545.3
  8013005 | exportimaxi #5                                     |     19 |       14 |             538.74
  4002002 | importoedu pack #2                                 |     19 |       52 |             536.82
  2001001 | importoimporto #2                                  |      9 |       43 |              536.8
  2004002 | edu packimporto #2                                 |     19 |       27 |             534.86
  9007001 | brandmaxi #1                                       |     18 |        0 |                528
  1002001 | importoamalg #1                                    |     19 |       31 |              525.9
  6008003 | edu packedu pack #2                                |     18 |       13 |             521.12
  9005008 | scholarmaxi #8                                     |     17 |       32 |             517.31
  4001002 | amalgedu pack #2                                   |      6 |       33 |             515.84
  1003001 | exportiamalg #1                                    |     19 |       14 |              514.8
  2002002 | importoimporto #2                                  |      9 |        6 |             512.72
  6008007 | brandnameless #3                                   |      9 |       28 |             511.53
  2002001 | importoimporto #1                                  |     19 |       38 |             509.76
  4001002 | amalgedu pack #2                                   |      9 |       41 |              508.2
  5002002 | importoscholar #2                                  |     19 |        3 |                504
  2004002 | edu packimporto #2                                 |     18 |       20 |             502.39
  8003006 | exportinameless #6                                 |     17 |       58 |             500.75
  8005002 | scholarnameless #2                                 |     17 |       29 |                496
  7006004 | corpbrand #4                                       |      7 |       45 |             494.55
  5002001 | corpcorp #6                                        |      7 |       11 |              492.8
  1001001 | amalgedu pack #1                                   |     17 |        0 |             490.25
  5004002 | edu packscholar #2                                 |     17 |       46 |             488.84
  8015006 | scholarmaxi #6                                     |     18 |       34 |             487.83
  4004001 | exportinameless #6                                 |     18 |       58 |             486.54
 10004013 | edu packunivamalg #13                              |     17 |       51 |             485.76
 10006001 | corpunivamalg #1                                   |     19 |       39 |             481.44
 10013002 | exportiamalgamalg #2                               |      7 |       39 |             479.52
  5004002 | edu packscholar #2                                 |     19 |       25 |             476.96
  2002001 | importounivamalg #10                               |      8 |       49 |             476.37
  7002006 | importobrand #6                                    |      7 |        6 |             474.72
  2002001 | importoimporto #1                                  |     17 |       41 |             473.97
  2003002 | exportiimporto #2                                  |      6 |       49 |              471.1
  8012001 | importomaxi #1                                     |      9 |       45 |             463.68
 10003012 | exportiamalg #2                                    |      7 |       37 |             462.52
  6009006 | maxicorp #6                                        |     18 |       21 |             461.97
 10006014 | amalgscholar #2                                    |     17 |        6 |             457.24
  9016009 | importounivamalg #10                               |     17 |       25 |             454.88
  4002002 | importoedu pack #2                                 |     17 |       45 |             454.74
  9012002 | importounivamalg #2                                |     17 |       39 |             453.72
  1004001 | amalgimporto #2                                    |      9 |       25 |             453.24
 10004017 | univmaxi #7                                        |      8 |       48 |             453.18
  6009003 | amalgnameless #1                                   |     19 |       48 |             452.55
 10009013 | maxiunivamalg #13                                  |     17 |        9 |                448
  3002002 | importoexporti #2                                  |     17 |       59 |             447.39
  7006004 | corpbrand #4                                       |     19 |       10 |             445.74
  5004001 | importounivamalg #5                                |     19 |       55 |                441
  1003002 | exportiamalg #2                                    |     18 |       25 |             436.32
 10004013 | edu packunivamalg #13                              |      7 |        3 |             432.39
  2002001 | importounivamalg #10                               |     19 |        7 |              431.8
  2001002 | amalgimporto #2                                    |     19 |       25 |                425
  5001002 | amalgscholar #2                                    |     18 |       29 |              420.6
  3002002 | importoexporti #2                                  |     19 |       48 |             420.48
  5001002 | amalgscholar #2                                    |     19 |       12 |             419.76
  4002002 | importoedu pack #2                                 |     18 |        1 |             419.34
  8009010 | maxinameless #10                                   |      9 |       49 |             415.53
  8002010 | importonameless #10                                |     19 |       49 |              409.6
  6013008 | exportibrand #8                                    |     18 |       56 |                406
  6006002 | corpcorp #2                                        |     19 |       41 |             402.79
  6006002 | corpcorp #2                                        |     19 |       40 |             400.71
  3003001 | namelesscorp #6                                    |      8 |       46 |             394.88
  6002005 | exportiedu pack #2                                 |     18 |       57 |             394.38
  3002002 | importoexporti #2                                  |     17 |       26 |             393.68
  4001002 | amalgedu pack #2                                   |      9 |       27 |              392.4
  6016008 | corpbrand #8                                       |     17 |       46 |             392.04
  2004002 | edu packimporto #2                                 |      6 |       11 |             391.46
  5001001 | amalgscholar #1                                    |     17 |       56 |             387.59
  7002010 | importobrand #10                                   |     18 |       25 |             385.86
  8015006 | scholarmaxi #6                                     |     19 |        3 |             385.28
  1001002 | amalgamalg #2                                      |      9 |        0 |              384.3
  4001002 | amalgedu pack #2                                   |     19 |        9 |             379.75
 10006001 | corpunivamalg #1                                   |      9 |       17 |             374.96
  9014004 | edu packunivamalg #4                               |     18 |        5 |             373.45
  9005008 | scholarmaxi #8                                     |     19 |       23 |             368.95
  7006004 | corpbrand #4                                       |      8 |       58 |             368.61
  5004001 | importounivamalg #5                                |     17 |       26 |              358.4
  9005008 | scholarmaxi #8                                     |      9 |       46 |             358.11
  3002002 | importoexporti #2                                  |     17 |       10 |             356.49
  8006001 | corpnameless #1                                    |      9 |       31 |             355.74
  3003001 | namelesscorp #6                                    |      9 |       17 |             355.12
  2001001 | importoimporto #2                                  |     17 |       28 |             352.92
  9005008 | scholarmaxi #8                                     |     17 |        7 |             350.35
  4002002 | importoedu pack #2                                 |     17 |       13 |             349.83
  9004008 | edu packmaxi #8                                    |     17 |       31 |              349.7
  2004001 | amalgscholar #1                                    |      9 |       12 |             348.39
 10013002 | exportiamalgamalg #2                               |     19 |       58 |             346.23
  9005008 | scholarmaxi #8                                     |     19 |       27 |             345.28
  4003002 | exportiedu pack #2                                 |     17 |       43 |             344.96
  9004008 | edu packmaxi #8                                    |     19 |       10 |                344
  7002010 | importobrand #10                                   |     17 |       58 |              336.6
  4004001 | maxiunivamalg #4                                   |     18 |       58 |              333.5
  3003002 | exportiexporti #2                                  |     18 |       12 |             332.99
  9016009 | importounivamalg #10                               |      6 |       49 |                332
  8013005 | exportimaxi #5                                     |      8 |       15 |                330
  7006001 | corpbrand #1                                       |     17 |        4 |             329.68
  6001004 | amalgcorp #4                                       |     19 |       58 |             328.44
  9009006 | namelessunivamalg #7                               |     18 |       42 |             325.13
  2004002 | edu packimporto #2                                 |      9 |       37 |             324.36
  8016007 | corpmaxi #7                                        |      8 |       38 |             319.13
  5002001 | exportiunivamalg #10                               |     18 |       16 |             314.93
  1004001 | amalgscholar #1                                    |     18 |       13 |              314.2
  2001001 | importoimporto #2                                  |      9 |       13 |             312.72
  2003001 | exportiimporto #1                                  |     18 |       28 |             311.85
  2003002 | exportiimporto #2                                  |     17 |       51 |             309.32
  4002002 | importoedu pack #2                                 |      8 |       43 |             300.78
  6002005 | exportiedu pack #2                                 |      6 |       27 |             300.09
 10006014 | amalgscholar #2                                    |      9 |       31 |             298.48
  9014009 | importoedu pack #2                                 |     18 |       51 |             298.45
  6015006 | scholarbrand #6                                    |     18 |       52 |              297.9
  9012002 | importounivamalg #2                                |     18 |       50 |             296.96
 10002012 | importounivamalg #12                               |      8 |       16 |              291.2
  6016008 | corpbrand #8                                       |     17 |       29 |             287.28
  4001002 | amalgedu pack #2                                   |      8 |       24 |              286.4
  7006001 | corpbrand #1                                       |     17 |       38 |             285.78
  1001001 | importoimporto #2                                  |     17 |       26 |              285.3
  1003002 | exportiamalg #2                                    |     19 |       44 |             284.92
  2004002 | edu packimporto #2                                 |     19 |       45 |              282.1
  5002001 | corpcorp #6                                        |      8 |       12 |             280.33
  7007010 | brandbrand #10                                     |      9 |        1 |             277.56
  3002002 | importoexporti #2                                  |     17 |       11 |             277.28
  5001002 | amalgscholar #2                                    |     19 |       58 |             276.96
  2003002 | exportiimporto #2                                  |      9 |       43 |              276.3
 10006014 | amalgscholar #2                                    |      9 |       18 |             276.25
  1004002 | edu packamalg #2                                   |     19 |       56 |             275.31
  7006001 | corpbrand #1                                       |     18 |        6 |              274.7
  7001007 | importomaxi #8                                     |     17 |       26 |             274.43
  3004001 | edu packexporti #1                                 |     17 |       18 |              271.7
  7003008 | exportibrand #8                                    |      7 |       23 |             265.28
 10006001 | corpunivamalg #1                                   |     17 |       18 |             262.08
  3004002 | edu packexporti #2                                 |     18 |       53 |             260.49
  2003001 | exportiimporto #1                                  |     18 |       30 |             260.26
  9014009 | importoedu pack #2                                 |     17 |       36 |             254.64
  3002002 | importoscholar #1                                  |     18 |       50 |              250.2
  2004002 | edu packimporto #2                                 |     19 |       23 |             249.92
  5002001 | exportiunivamalg #10                               |     19 |        7 |              249.9
  2004001 | amalgscholar #1                                    |     17 |       55 |             247.47
  6009006 | maxicorp #6                                        |      8 |       21 |              244.8
 10002010 | importounivamalg #10                               |     18 |       25 |             244.56
  8013005 | exportimaxi #5                                     |      9 |       33 |             239.16
  9011003 | edu packamalg #2                                   |     18 |       14 |             237.05
  6005001 | amalgnameless #10                                  |     17 |       49 |             236.72
  1003001 | namelessunivamalg #1                               |      9 |       28 |             236.35
  5004002 | edu packscholar #2                                 |      8 |       40 |             235.98
  4001002 | amalgedu pack #2                                   |     17 |       48 |              235.2
  2002002 | importoimporto #2                                  |     17 |       18 |             234.36
  5001001 | amalgscholar #1                                    |      7 |       50 |             232.75
 10008007 | amalgbrand #1                                      |      8 |       22 |              230.4
  4002002 | importoedu pack #2                                 |      9 |       55 |             227.97
  8006001 | corpnameless #1                                    |     18 |       41 |             225.33
  8008009 | namelessnameless #9                                |     17 |       23 |              223.2
  5002001 | exportiunivamalg #10                               |     18 |       38 |              221.9
  4004001 | maxiunivamalg #4                                   |     17 |       57 |             220.16
  3002002 | importoexporti #2                                  |     19 |        4 |                219
 10006012 | corpunivamalg #12                                  |      9 |       15 |             204.56
  8015006 | scholarmaxi #6                                     |     17 |       19 |                203
  6009006 | maxicorp #6                                        |     17 |       17 |             202.59
  9012002 | importounivamalg #2                                |     18 |       14 |             197.96
  3004001 | edu packexporti #1                                 |      9 |       32 |             195.36
  4002002 | importoedu pack #2                                 |      7 |       26 |             195.16
  6002005 | exportiedu pack #2                                 |      9 |       36 |              193.2
  4001002 | amalgedu pack #2                                   |     17 |       10 |              192.4
  2002001 | edu packunivamalg #15                              |      7 |       15 |             192.36
  1004002 | edu packamalg #2                                   |     17 |       46 |             190.99
  2003001 | edu packexporti #1                                 |     17 |       19 |             189.43
  6005001 | amalgnameless #10                                  |      9 |        0 |              187.8
  5001002 | amalgscholar #2                                    |     19 |       47 |              186.2
  2004002 | edu packimporto #2                                 |     18 |       49 |              181.8
  9005002 | scholarmaxi #2                                     |     17 |        9 |             177.48
  7016001 | univnameless #2                                    |     19 |        5 |             174.58
  8009010 | maxinameless #10                                   |     17 |       27 |              171.2
  1003002 | exportiamalg #2                                    |     18 |       52 |             169.19
  1002001 | importoamalg #1                                    |     18 |       15 |                165
  7003008 | exportibrand #8                                    |      8 |       44 |                165
  4001001 | importounivamalg #12                               |     18 |       45 |              159.6
  6015006 | scholarbrand #6                                    |     18 |       10 |              158.4
  1002002 | importoamalg #2                                    |      9 |       26 |             158.06
  5001002 | amalgscholar #2                                    |     17 |        4 |              157.8
  6001002 | exportischolar #1                                  |      7 |       28 |             152.88
  4001002 | amalgedu pack #2                                   |     17 |        8 | 152.70999999999998
  8005002 | scholarnameless #2                                 |      9 |       47 |             151.32
  2002001 | edu packunivamalg #15                              |     19 |       28 |             150.84
  8003005 | importoexporti #2                                  |     17 |       44 |             150.08
  4004001 | exportinameless #6                                 |      9 |       29 |             149.06
  2001002 | amalgimporto #2                                    |      9 |       10 |             146.75
  1003002 | exportiamalg #2                                    |     19 |       28 |              146.4
 10013002 | exportiamalgamalg #2                               |      9 |       52 |             142.24
  9011003 | edu packamalg #2                                   |     19 |       56 |             136.89
  8012003 | amalgexporti #2                                    |     19 |       38 |             136.37
  5004001 | importounivamalg #5                                |      8 |        7 |             136.18
  1002001 | importoamalg #1                                    |      9 |       30 |              135.8
  8002010 | importonameless #10                                |     19 |       38 |                135
  8003006 | exportinameless #6                                 |      9 |       37 |              134.7
 10008007 | amalgbrand #1                                      |     19 |       27 |             132.24
  1004001 | amalgscholar #1                                    |      7 |       14 |             131.58
  2001001 | importoimporto #2                                  |     17 |       39 |             131.52
  2003002 | exportiimporto #2                                  |     17 |       53 |              130.2
  8012001 | importomaxi #1                                     |      9 |       57 |              128.4
  6005001 | amalgnameless #10                                  |      9 |       24 |             124.74
  2002001 | importounivamalg #10                               |     19 |       48 |             123.96
  5001002 | amalgscholar #2                                    |      9 |       42 |              120.8
  1003001 | namelessunivamalg #1                               |     17 |        4 |             118.02
  2001002 | amalgimporto #2                                    |     18 |       22 |             111.96
  4001002 | amalgedu pack #2                                   |     19 |       15 |              111.5
 10007003 | brandunivamalg #3                                  |      8 |       56 |             111.02
  8003006 | exportinameless #6                                 |     18 |       48 |             110.49
  2001002 | amalgimporto #2                                    |     19 |       50 |              109.2
  4001002 | amalgedu pack #2                                   |     18 |        6 |             108.81
  8008009 | namelessnameless #9                                |     18 |       13 |             104.84
  6009006 | maxicorp #6                                        |      8 |       39 |              102.9
  6009003 | amalgnameless #1                                   |     19 |       27 |             102.85
  1002002 | importoamalg #2                                    |     19 |       39 |              100.8
 10013002 | exportiamalgamalg #2                               |      8 |       25 |              99.75
  1001001 | importoimporto #2                                  |     18 |       49 |              99.68
 10008007 | amalgbrand #1                                      |     19 |       15 |              98.04
  3004002 | edu packexporti #2                                 |     18 |       37 |              97.03
  1003002 | exportiamalg #2                                    |      9 |       37 |               96.2
  9009006 | namelessunivamalg #7                               |     17 |       22 |               91.7
  6009006 | maxicorp #6                                        |      9 |        9 |              91.56
  8012003 | amalgexporti #2                                    |      8 |       43 |              89.52
  9012010 | importounivamalg #10                               |     19 |       44 |              88.89
  7001007 | importomaxi #8                                     |     18 |       55 |                 88
  5002001 | corpcorp #6                                        |     19 |       12 |              87.36
  3004001 | edu packexporti #1                                 |     18 |       24 |              87.12
  2002002 | brandbrand #7                                      |     18 |       36 |              86.25
  1004002 | importoamalg #1                                    |      6 |       52 |              82.08
  1004002 | edu packamalg #2                                   |     17 |       58 |              81.27
  3004002 | edu packexporti #2                                 |      8 |       33 |              81.27
  6008003 | edu packedu pack #2                                |     19 |        8 |              80.15
  4002002 | importoedu pack #2                                 |     18 |       11 |              79.44
  9009006 | namelessunivamalg #7                               |     18 |        0 |              78.03
  9005002 | scholarmaxi #2                                     |     19 |       47 |              77.22
  9014009 | importoedu pack #2                                 |      9 |       42 |              76.35
  4003002 | exportiedu pack #2                                 |     17 |       14 |               74.7
  4002002 | importoedu pack #2                                 |     17 |       48 |              74.39
  1001002 | amalgamalg #2                                      |     17 |       14 |               71.7
  9005008 | scholarmaxi #8                                     |     19 |       38 |               70.4
  1003002 | exportiamalg #2                                    |      9 |        6 |              69.46
  1002002 | importoamalg #2                                    |     17 |       38 |              69.36
  8016007 | corpmaxi #7                                        |     18 |       14 |              68.53
  5003001 | scholarnameless #7                                 |      8 |       29 |               68.4
  5002001 | exportiunivamalg #10                               |     18 |       53 |              67.58
  2004002 | edu packimporto #2                                 |      9 |       39 |              66.85
  7001007 | importomaxi #8                                     |     17 |        5 |               66.5
  9005002 | scholarmaxi #2                                     |     18 |       12 |                 62
  6002005 | exportiedu pack #2                                 |      8 |       26 |              61.64
  2002002 | brandbrand #7                                      |     18 |       21 |              61.56
  3004001 | edu packexporti #1                                 |     17 |       54 |              59.64
  2003001 | exportiimporto #1                                  |      6 |       54 |              58.56
  6009006 | maxicorp #6                                        |      9 |       17 |               58.2
 10006012 | corpunivamalg #12                                  |     19 |       43 |              55.44
  1004001 | edu packamalg #2                                   |     17 |        1 |               52.8
  7006004 | corpbrand #4                                       |      8 |       50 |              52.77
  4001001 | amalgedu pack #1                                   |      9 |       27 |              50.31
  8006001 | corpnameless #1                                    |     17 |       11 |              49.02
  7002006 | importobrand #6                                    |     17 |       21 |              48.36
  7003008 | exportibrand #8                                    |     19 |       56 |              44.77
  2004002 | edu packimporto #2                                 |     19 |       24 |              43.54
 10006012 | corpunivamalg #12                                  |      7 |       13 |               43.4
  3004002 | edu packexporti #2                                 |      8 |       52 |              43.02
  1004002 | importoamalg #1                                    |      9 |       43 |              42.18
  3002002 | importoscholar #1                                  |     18 |       36 |               37.5
  2004001 | amalgscholar #1                                    |     18 |        0 |              35.61
  6002005 | exportiedu pack #2                                 |     18 |       42 |              34.95
  8003006 | exportinameless #6                                 |     17 |       32 |              34.13
 10008007 | amalgbrand #1                                      |     18 |       19 |                 34
  2001002 | amalgimporto #2                                    |     17 |       49 |              32.16
  9016009 | importounivamalg #10                               |      8 |       42 |               30.6
  1001001 | amalgedu pack #1                                   |      9 |       34 |              28.67
  2002002 | importoimporto #2                                  |     17 |        1 |              28.28
  7006004 | corpbrand #4                                       |     18 |        3 |                 27
  1003002 | exportiamalg #2                                    |      6 |       44 |              25.12
  2002001 | importoimporto #1                                  |     18 |       59 |              24.43
 10003012 | exportiamalg #2                                    |     18 |       50 |              23.76
  9011003 | edu packamalg #2                                   |     17 |       49 |              22.54
  6008007 | brandnameless #3                                   |      9 |       23 |               21.6
  1002002 | importoamalg #2                                    |     18 |       15 |              19.52
  4001002 | amalgedu pack #2                                   |      8 |       53 |              18.92
  1004002 | edu packamalg #2                                   |     17 |       54 |              18.48
  1001001 | amalgedu pack #1                                   |      6 |        9 |              16.36
  4001001 | amalgedu pack #1                                   |      9 |       15 |              14.04
  9011003 | edu packamalg #2                                   |     19 |       20 |                 14
  1004001 | amalgscholar #1                                    |      9 |       27 |              13.63
  4001002 | amalgedu pack #2                                   |     19 |       58 |               12.8
  6006002 | corpcorp #2                                        |     17 |       36 |              12.32
  6015006 | scholarbrand #6                                    |      8 |       41 |               11.2
  9005002 | scholarmaxi #2                                     |      6 |       13 |              10.16
  7006004 | corpbrand #4                                       |      9 |       25 |                 10
  8012003 | amalgexporti #2                                    |     19 |       43 |               8.73
  4002002 | importoedu pack #2                                 |      9 |       13 |               8.58
  2002001 | importoimporto #1                                  |     19 |       12 |               8.06
  3002002 | importoexporti #2                                  |     19 |       20 |                7.2
  4001001 | importounivamalg #12                               |     18 |       56 |                6.4
  7007010 | brandbrand #10                                     |     19 |       39 |               2.54
  4001002 | amalgedu pack #2                                   |     19 |        6 |                2.3
  5002001 | corpcorp #6                                        |      9 |       55 |               2.29
 10013002 | exportiamalgamalg #2                               |     18 |        3 |               0.99
  7016001 | univnameless #2                                    |     17 |       53 |               0.96
  2004002 | edu packimporto #2                                 |     17 |       37 |               0.63
  1004002 | importoamalg #1                                    |     17 |       15 |                  0
  3004002 | edu packexporti #2                                 |     18 |       55 |                  0
  4001001 | amalgedu pack #1                                   |     18 |       48 |                  0
  8002010 | importonameless #10                                |     19 |        7 |                  0
 10004013 | edu packunivamalg #13                              |     18 |       16 |                  0
 10007003 | brandunivamalg #3                                  |     19 |       28 |                  0
(1017 rows)

UPDATE time_statistics SET e_time = TRANSACTION_TIMESTAMP() WHERE template = 'query71.tpl' AND stream = 0;
psql:/tmp/s1-basline/power/query_0.sql:3724: NOTICE:  duration: 0.037 ms  plan:
Query Text: UPDATE time_statistics SET e_time = TRANSACTION_TIMESTAMP() WHERE template = 'query71.tpl' AND stream = 0;
Update on time_statistics  (cost=0.00..1.88 rows=0 width=0) (actual time=0.036..0.036 rows=0 loops=1)
  ->  Seq Scan on time_statistics  (cost=0.00..1.88 rows=1 width=14) (actual time=0.024..0.025 rows=1 loops=1)
        Filter: ((template = 'query71.tpl'::text) AND (stream = 0))
        Rows Removed by Filter: 71
UPDATE 1
LOAD 'auto_explain'; SET auto_explain.log_min_duration TO 0; SET auto_explain.log_analyze TO on; SET auto_explain.log_level TO notice; INSERT INTO time_statistics (template, s_time, stream, query, seed) VALUES ('query72.tpl', TRANSACTION_TIMESTAMP(), 0, 72, 1253815427);
LOAD
SET
SET
SET
psql:/tmp/s1-basline/power/query_0.sql:3725: NOTICE:  duration: 0.008 ms  plan:
Query Text: INSERT INTO time_statistics (template, s_time, stream, query, seed) VALUES ('query72.tpl', TRANSACTION_TIMESTAMP(), 0, 72, 1253815427);
Insert on time_statistics  (cost=0.00..0.01 rows=0 width=0) (actual time=0.008..0.008 rows=0 loops=1)
  ->  Result  (cost=0.00..0.01 rows=1 width=64) (actual time=0.001..0.001 rows=1 loops=1)
INSERT 0 1
select  i_item_desc
      ,w_warehouse_name
      ,d1.d_week_seq
      ,sum(case when p_promo_sk is null then 1 else 0 end) no_promo
      ,sum(case when p_promo_sk is not null then 1 else 0 end) promo
      ,count(*) total_cnt
from catalog_sales
join inventory on (cs_item_sk = inv_item_sk)
join warehouse on (w_warehouse_sk=inv_warehouse_sk)
join item on (i_item_sk = cs_item_sk)
join customer_demographics on (cs_bill_cdemo_sk = cd_demo_sk)
join household_demographics on (cs_bill_hdemo_sk = hd_demo_sk)
join date_dim d1 on (cs_sold_date_sk = d1.d_date_sk)
join date_dim d2 on (inv_date_sk = d2.d_date_sk)
join date_dim d3 on (cs_ship_date_sk = d3.d_date_sk)
left outer join promotion on (cs_promo_sk=p_promo_sk)
left outer join catalog_returns on (cr_item_sk = cs_item_sk and cr_order_number = cs_order_number)
where d1.d_week_seq = d2.d_week_seq
  and inv_quantity_on_hand < cs_quantity 
  and d3.d_date > d1.d_date + 5
  and hd_buy_potential = '501-1000'
  and d1.d_year = 2000
  and cd_marital_status = 'W'
group by i_item_desc,w_warehouse_name,d1.d_week_seq
order by total_cnt desc, i_item_desc, w_warehouse_name, d_week_seq
limit 100;
psql:/tmp/s1-basline/power/query_0.sql:3751: NOTICE:  duration: 509.262 ms  plan:
Query Text: select  i_item_desc
      ,w_warehouse_name
      ,d1.d_week_seq
      ,sum(case when p_promo_sk is null then 1 else 0 end) no_promo
      ,sum(case when p_promo_sk is not null then 1 else 0 end) promo
      ,count(*) total_cnt
from catalog_sales
join inventory on (cs_item_sk = inv_item_sk)
join warehouse on (w_warehouse_sk=inv_warehouse_sk)
join item on (i_item_sk = cs_item_sk)
join customer_demographics on (cs_bill_cdemo_sk = cd_demo_sk)
join household_demographics on (cs_bill_hdemo_sk = hd_demo_sk)
join date_dim d1 on (cs_sold_date_sk = d1.d_date_sk)
join date_dim d2 on (inv_date_sk = d2.d_date_sk)
join date_dim d3 on (cs_ship_date_sk = d3.d_date_sk)
left outer join promotion on (cs_promo_sk=p_promo_sk)
left outer join catalog_returns on (cr_item_sk = cs_item_sk and cr_order_number = cs_order_number)
where d1.d_week_seq = d2.d_week_seq
  and inv_quantity_on_hand < cs_quantity 
  and d3.d_date > d1.d_date + 5
  and hd_buy_potential = '501-1000'
  and d1.d_year = 2000
  and cd_marital_status = 'W'
group by i_item_desc,w_warehouse_name,d1.d_week_seq
order by total_cnt desc, i_item_desc, w_warehouse_name, d_week_seq
limit 100;
Limit  (cost=29266.61..29266.61 rows=2 width=144) (actual time=509.184..509.199 rows=100 loops=1)
  ->  Sort  (cost=29266.61..29266.61 rows=2 width=144) (actual time=509.184..509.192 rows=100 loops=1)
        Sort Key: (count(*)) DESC, item.i_item_desc, warehouse.w_warehouse_name, d1.d_week_seq
        Sort Method: top-N heapsort  Memory: 47kB
        ->  GroupAggregate  (cost=29266.54..29266.60 rows=2 width=144) (actual time=507.351..508.442 rows=2091 loops=1)
              Group Key: item.i_item_desc, warehouse.w_warehouse_name, d1.d_week_seq
              ->  Sort  (cost=29266.54..29266.55 rows=2 width=128) (actual time=507.343..507.435 rows=2105 loops=1)
                    Sort Key: item.i_item_desc, warehouse.w_warehouse_name, d1.d_week_seq
                    Sort Method: quicksort  Memory: 447kB
                    ->  Nested Loop Left Join  (cost=3215.60..29266.53 rows=2 width=128) (actual time=23.361..504.323 rows=2105 loops=1)
                          Join Filter: (catalog_sales.cs_promo_sk = promotion.p_promo_sk)
                          Rows Removed by Join Filter: 322014
                          ->  Nested Loop  (cost=3215.60..29245.78 rows=2 width=128) (actual time=23.350..473.441 rows=2105 loops=1)
                                Join Filter: (d3.d_date > (d1.d_date + 5))
                                Rows Removed by Join Filter: 102
                                ->  Nested Loop  (cost=3215.30..29244.15 rows=5 width=140) (actual time=23.341..469.860 rows=2207 loops=1)
                                      ->  Nested Loop  (cost=3215.02..29242.62 rows=5 width=54) (actual time=23.333..464.104 rows=2207 loops=1)
                                            Join Filter: (inventory.inv_warehouse_sk = warehouse.w_warehouse_sk)
                                            Rows Removed by Join Filter: 4476
                                            ->  Nested Loop  (cost=3215.02..29241.23 rows=5 width=48) (actual time=23.323..462.927 rows=2207 loops=1)
                                                  ->  Hash Join  (cost=3214.46..24971.76 rows=1654 width=44) (actual time=22.986..261.663 rows=66171 loops=1)
                                                        Hash Cond: (d1.d_week_seq = d2.d_week_seq)
                                                        ->  Nested Loop  (cost=165.86..21903.96 rows=236 width=36) (actual time=4.948..234.854 rows=9453 loops=1)
                                                              ->  Hash Join  (cost=165.43..21352.41 rows=1179 width=44) (actual time=4.940..141.539 rows=48319 loops=1)
                                                                    Hash Cond: (catalog_sales.cs_bill_hdemo_sk = household_demographics.hd_demo_sk)
                                                                    ->  Nested Loop  (cost=0.43..21168.73 rows=7110 width=52) (actual time=4.136..113.946 rows=288171 loops=1)
                                                                          ->  Seq Scan on date_dim d1  (cost=0.00..2318.11 rows=363 width=16) (actual time=4.124..8.832 rows=366 loops=1)
                                                                                Filter: (d_year = 2000)
                                                                                Rows Removed by Filter: 72683
                                                                          ->  Index Scan using i_cs_sold_date_sk on catalog_sales  (cost=0.43..44.11 rows=782 width=60) (actual time=0.004..0.139 rows=787 loops=366)
                                                                                Index Cond: (cs_sold_date_sk = d1.d_date_sk)
                                                                    ->  Hash  (cost=150.00..150.00 rows=1200 width=8) (actual time=0.799..0.800 rows=1200 loops=1)
                                                                          Buckets: 2048  Batches: 1  Memory Usage: 63kB
                                                                          ->  Seq Scan on household_demographics  (cost=0.00..150.00 rows=1200 width=8) (actual time=0.006..0.666 rows=1200 loops=1)
                                                                                Filter: (hd_buy_potential = '501-1000'::bpchar)
                                                                                Rows Removed by Filter: 6000
                                                              ->  Index Scan using pk_customer_demographics on customer_demographics  (cost=0.43..0.47 rows=1 width=8) (actual time=0.002..0.002 rows=0 loops=48319)
                                                                    Index Cond: (cd_demo_sk = catalog_sales.cs_bill_cdemo_sk)
                                                                    Filter: (cd_marital_status = 'W'::bpchar)
                                                                    Rows Removed by Filter: 1
                                                        ->  Hash  (cost=2135.49..2135.49 rows=73049 width=12) (actual time=17.969..17.969 rows=73049 loops=1)
                                                              Buckets: 131072  Batches: 1  Memory Usage: 4163kB
                                                              ->  Seq Scan on date_dim d2  (cost=0.00..2135.49 rows=73049 width=12) (actual time=0.002..9.330 rows=73049 loops=1)
                                                  ->  Index Scan using pk_inventory on inventory  (cost=0.56..2.57 rows=1 width=28) (actual time=0.003..0.003 rows=0 loops=66171)
                                                        Index Cond: ((inv_date_sk = d2.d_date_sk) AND (inv_item_sk = catalog_sales.cs_item_sk))
                                                        Filter: (inv_quantity_on_hand < catalog_sales.cs_quantity)
                                                        Rows Removed by Filter: 1
                                            ->  Materialize  (cost=0.00..1.07 rows=5 width=22) (actual time=0.000..0.000 rows=3 loops=2207)
                                                  ->  Seq Scan on warehouse  (cost=0.00..1.05 rows=5 width=22) (actual time=0.005..0.005 rows=5 loops=1)
                                      ->  Index Scan using pk_item on item  (cost=0.29..0.31 rows=1 width=110) (actual time=0.002..0.002 rows=1 loops=2207)
                                            Index Cond: (i_item_sk = catalog_sales.cs_item_sk)
                                ->  Index Scan using pk_date_dim on date_dim d3  (cost=0.29..0.31 rows=1 width=12) (actual time=0.001..0.001 rows=1 loops=2207)
                                      Index Cond: (d_date_sk = catalog_sales.cs_ship_date_sk)
                          ->  Materialize  (cost=0.00..12.50 rows=300 width=8) (actual time=0.000..0.006 rows=154 loops=2105)
                                ->  Seq Scan on promotion  (cost=0.00..11.00 rows=300 width=8) (actual time=0.005..0.050 rows=300 loops=1)
                                                                                               i_item_desc                                                                                               |  w_warehouse_name   | d_week_seq | no_promo | promo | total_cnt 
---------------------------------------------------------------------------------------------------------------------------------------------------------------------------------------------------------+---------------------+------------+----------+-------+-----------
 Administrative options might believe now in a programmes. Twin, financial eyes put proposed lips. Wrong films could not think less parliamentary standards. Kind, lovely thousands must plou            | Single, simple r    |       5232 |        0 |     2 |         2
 Automatically individual councils will keep still legal changes. High transactions should sell more. Rates should not object jobs. Guidelines might                                                     | Total, dea          |       5249 |        0 |     2 |         2
 Certain efforts shall fo                                                                                                                                                                                | Single, simple r    |       5232 |        0 |     2 |         2
 Events see bodies. Links cry about findings. Turkish years hide badly tiny groups. Subsidies speak as a effects. Appeal                                                                                 | Neither dea         |       5268 |        0 |     2 |         2
 Events see bodies. Links cry about findings. Turkish years hide badly tiny groups. Subsidies speak as a effects. Appeal                                                                                 | Parties use         |       5268 |        0 |     2 |         2
 Inner, assistant e                                                                                                                                                                                      | Persons make more e |       5270 |        0 |     2 |         2
 Interesting terms learn events; beyond different terms a                                                                                                                                                | Parties use         |       5256 |        0 |     2 |         2
 Most proposed resources must not take ever foreign, international arguments. Open, common missiles can like strategic, warm trustees. Medical miles succee                                              | Persons make more e |       5261 |        0 |     2 |         2
 National, essential legs must match basically even particular costs. Local holidays see                                                                                                                 | Total, dea          |       5263 |        0 |     2 |         2
 Perfectly historical fingers used to cause in a families. Workers shall call today employers. Final, european movies hear rapidly legal, ready rates. Payments mig                                      | Neither dea         |       5262 |        0 |     2 |         2
 Please clear parties promote such as the months. Possible, front residents incorporate still; difficult, wron                                                                                           | Neither dea         |       5262 |        0 |     2 |         2
 Proposed areas                                                                                                                                                                                          | Total, dea          |       5232 |        0 |     2 |         2
 Regions may proceed well until a sales. Overseas sources destroy readers. Central divisions join pairs. Firm, quick volunteers say for the minutes. Due                                                 | Persons make more e |       5267 |        0 |     2 |         2
 Terrible wheels ought to last. Short, corporate boards reproduce probably in a users. Small deaths appear na                                                                                            | Parties use         |       5261 |        0 |     2 |         2
 A                                                                                                                                                                                                       | Neither dea         |       5250 |        0 |     1 |         1
 Able hands get rights. Individual plants could not halt quite. Short changes might evaluate again bloody groups. Big, social decisions test much social countries; now con                              | Total, dea          |       5261 |        0 |     1 |         1
 Able points would not get. Military cuts try                                                                                                                                                            | Persons make more e |       5231 |        0 |     1 |         1
 Able points would not get. Military cuts try                                                                                                                                                            | Single, simple r    |       5241 |        0 |     1 |         1
 Able, recent stands may give; users restrict also strange, grey changes. Movements ought to perform more sha                                                                                            | Persons make more e |       5228 |        0 |     1 |         1
 Able, unknown prisoners would not make yet sales; opportunities reinforce fee                                                                                                                           | Neither dea         |       5249 |        0 |     1 |         1
 About fresh reduc                                                                                                                                                                                       | Persons make more e |       5269 |        0 |     1 |         1
 About remarkable women meet so early terms. Straight japanese foreigners acquire finally studies. However                                                                                               | Parties use         |       5247 |        0 |     1 |         1
 About wonderful pictures i                                                                                                                                                                              | Persons make more e |       5255 |        0 |     1 |         1
 About wonderful pictures i                                                                                                                                                                              | Single, simple r    |       5255 |        0 |     1 |         1
 About wonderful pictures i                                                                                                                                                                              | Single, simple r    |       5270 |        0 |     1 |         1
 Abroad grey schools pray deliberately guests; intellectual, clear reports shall not lead old, weak details. Now academic things might shoulder only current,                                            | Parties use         |       5270 |        0 |     1 |         1
 Academic efforts come for a c                                                                                                                                                                           | Single, simple r    |       5266 |        0 |     1 |         1
 Accurate hundreds used to c                                                                                                                                                                             | Total, dea          |       5262 |        0 |     1 |         1
 Accurate, key workers compete in the efforts. Final, soviet cases shall indicate societies. Yesterday common studies shall not                                                                          | Total, dea          |       5227 |        0 |     1 |         1
 Accused, alone activities live actua                                                                                                                                                                    | Single, simple r    |       5253 |        0 |     1 |         1
 Accused, alone activities live actua                                                                                                                                                                    | Single, simple r    |       5261 |        0 |     1 |         1
 Active hours must establish today national words. Relationships want additionally useful, necessary residents. Professional, atlant                                                                     | Single, simple r    |       5268 |        0 |     1 |         1
 Activities mean eventually top, double objects. Young minister                                                                                                                                          | Single, simple r    |       5256 |        0 |     1 |         1
 Activities might not open very in a regions. Current, moral projects sell almost. Exactly american prices ought to come otherwise old, convenient wa                                                    | Persons make more e |       5248 |        0 |     1 |         1
 Acts convey across low systems; monetary, safe others show entirel                                                                                                                                      | Single, simple r    |       5259 |        0 |     1 |         1
 Acts see critical volunteers; a lit                                                                                                                                                                     | Neither dea         |       5220 |        0 |     1 |         1
 Actually glad children deduce theoretical, hot pupils. Economic proposals get. Little, similar windows must go for a lights. Hig                                                                        | Neither dea         |       5259 |        0 |     1 |         1
 Actually glad children deduce theoretical, hot pupils. Economic proposals get. Little, similar windows must go for a lights. Hig                                                                        | Total, dea          |       5251 |        0 |     1 |         1
 Actually other privileges want too also annual studies. Brown, n                                                                                                                                        | Neither dea         |       5251 |        0 |     1 |         1
 Actually other privileges want too also annual studies. Brown, n                                                                                                                                        | Parties use         |       5251 |        0 |     1 |         1
 Acute, lexical countrie                                                                                                                                                                                 | Total, dea          |       5222 |        0 |     1 |         1
 Acute, true services used to live still now urgent guidelines; healthy candidates grow different principles.                                                                                            | Neither dea         |       5263 |        0 |     1 |         1
 Acute, true services used to live still now urgent guidelines; healthy candidates grow different principles.                                                                                            | Parties use         |       5252 |        0 |     1 |         1
 Advisory women should not contribute badly urban, nation                                                                                                                                                | Total, dea          |       5259 |        0 |     1 |         1
 Afraid, true parties would cause after a countries. Civil structures can bring in a policies; following hands marry from the movements. Exchanges listen. Close, normal relationships might create only | Total, dea          |       5245 |        0 |     1 |         1
 African instructions may not ask outstanding,                                                                                                                                                           | Persons make more e |       5252 |        0 |     1 |         1
 African instructions may not ask outstanding,                                                                                                                                                           | Total, dea          |       5252 |        0 |     1 |         1
 African instructions may not ask outstanding,                                                                                                                                                           | Total, dea          |       5267 |        0 |     1 |         1
 Again certain charges pop after the others. Linguistic stories should cook general magazines; shoulders get wars. Concrete centres happen similarly in a plans. Social feet take prob                   | Total, dea          |       5269 |        0 |     1 |         1
 Again complete women relieve else changes. Clear                                                                                                                                                        | Neither dea         |       5269 |        0 |     1 |         1
 Again daily champions may serve raw, large solicitors. Left, simple languages fight at least public, surprising opportunities. Later valuable letters might not come                                    | Neither dea         |       5251 |        0 |     1 |         1
 Again daily champions may serve raw, large solicitors. Left, simple languages fight at least public, surprising opportunities. Later valuable letters might not come                                    | Total, dea          |       5251 |        0 |     1 |         1
 Again free issues love then. However foreign games will know now open authorities; fresh others should not disappear only. Conser                                                                       | Neither dea         |       5238 |        0 |     1 |         1
 Again free issues love then. However foreign games will know now open authorities; fresh others should not disappear only. Conser                                                                       | Total, dea          |       5238 |        0 |     1 |         1
 Again living curtains might keep. Christian, favorite relations become hungry, happy sons. British, fun risks could acquire human substances; existing,                                                 | Total, dea          |       5269 |        0 |     1 |         1
 Again new homes might not win nuclear, australian investments. Giant,                                                                                                                                   | Single, simple r    |       5241 |        0 |     1 |         1
 Again old inter                                                                                                                                                                                         | Parties use         |       5242 |        0 |     1 |         1
 Again traditional organizations can pick now essential words; obvio                                                                                                                                     | Total, dea          |       5252 |        0 |     1 |         1
 Again white firms might not question also little, tremendous projects. Goods run by no means in a children; immediate changes determine to a tasks. Places would appear shops. Membe                    | Single, simple r    |       5238 |        0 |     1 |         1
 Ages ask perfectly industrial, close students; today religious soldiers know formerly for a names. Hands should not get young, sure unions. Soft, white laboratories might not serv                     | Single, simple r    |       5265 |        0 |     1 |         1
 Ages ought to compete especially other, different lights. Old, wi                                                                                                                                       | Persons make more e |       5264 |        0 |     1 |         1
 Aggressive, chief compan                                                                                                                                                                                | Neither dea         |       5261 |        0 |     1 |         1
 Ago social thoughts end late sides. Strongly powerful arms reinstate else tight public others. Films grow over horses; essential cattle condemn russian levels. Charact                                 | Persons make more e |       5262 |        0 |     1 |         1
 Agreements will say necessarily. Issues lie in the ears; sums offer to a interes                                                                                                                        | Persons make more e |       5265 |        0 |     1 |         1
 Agreements will say necessarily. Issues lie in the ears; sums offer to a interes                                                                                                                        | Single, simple r    |       5265 |        0 |     1 |         1
 Agricultural, certain games should complete new terms. Faces ought to pay then now blue ears. Men get still modest, good floors. High writers ought                                                     | Persons make more e |       5259 |        0 |     1 |         1
 All dead combinations would arrive to a rebels. Long patients drink willing affairs. Costs could solve wrong ethnic patients. Excessive attacks                                                         | Total, dea          |       5251 |        0 |     1 |         1
 All dead combinations would arrive to a rebels. Long patients drink willing affairs. Costs could solve wrong ethnic patients. Excessive attacks                                                         | Total, dea          |       5261 |        0 |     1 |         1
 Allegedly permanent workers shall last of course active cases; areas might flush just about a fingers. Other tears will promise jointly on behalf of a fragments. However objective months stay         | Parties use         |       5256 |        0 |     1 |         1
 All electrical schools might return different, other hands; costs force eagerly good, important shows. Late aware weeks enjoy again scientific exchanges. Military,                                     | Total, dea          |       5263 |        0 |     1 |         1
 All main securities should see below brown, happy units. Ancient bom                                                                                                                                    | Total, dea          |       5230 |        0 |     1 |         1
 All other wives live tonight in a unions. Local streets hire also. Other, pink days reinforce terms. Exceptions cannot come really other companies. Schools m                                           | Single, simple r    |       5253 |        0 |     1 |         1
 All psychological directions will not observe again animals; unfortunately large shares cannot attend however elderly roses. S                                                                          | Parties use         |       5253 |        0 |     1 |         1
 Alone, japanese claims should relax somewhere central days. Recent, g                                                                                                                                   | Persons make more e |       5255 |        0 |     1 |         1
 Already large items gain soon until the reserves. Small, high applications stop as a lines.                                                                                                             | Neither dea         |       5251 |        0 |     1 |         1
 Already political hearts will attempt deaf, initial copies. Spare, local patients provide for a years. Painfully hard places should care then local economic men. Human characters will                 | Single, simple r    |       5252 |        0 |     1 |         1
 Also awful effects trade suddenly just high assessments. Now public things may get british cities. Substances would talk like                                                                           | Parties use         |       5234 |        0 |     1 |         1
 Also common                                                                                                                                                                                             | Total, dea          |       5258 |        0 |     1 |         1
 Also dangerous bacteria enable united, political issues. Large stories may depend therefore virtually strategic policies. Very, special schools may dec                                                 | Single, simple r    |       5260 |        0 |     1 |         1
 Also decisive factors provide measures. At least good numbers recall for instance as a tasks; big, o                                                                                                    | Single, simple r    |       5227 |        0 |     1 |         1
 Also old crowds list from                                                                                                                                                                               | Persons make more e |       5260 |        0 |     1 |         1
 Also old workers su                                                                                                                                                                                     | Single, simple r    |       5262 |        0 |     1 |         1
 Also physical years look only farmers. Sides must stand also activities. Great cities may remain separately domestic goods. Reports will hear                                                           | Neither dea         |       5232 |        0 |     1 |         1
 Also physical years look only farmers. Sides must stand also activities. Great cities may remain separately domestic goods. Reports will hear                                                           | Persons make more e |       5232 |        0 |     1 |         1
 Also proposed assets must get later. Actually different casualties used to construct less in a things. Just, successful perceptions reduce. Just local arms ought to retain problems; too social laws w | Neither dea         |       5259 |        0 |     1 |         1
 Also small makers would believe meanwhile at a groups. Thoroughly white lists make only by a lawyers. Still other parties might describe external                                                       | Neither dea         |       5235 |        0 |     1 |         1
 Also small makers would believe meanwhile at a groups. Thoroughly white lists make only by a lawyers. Still other parties might describe external                                                       | Parties use         |       5268 |        0 |     1 |         1
 Also small makers would believe meanwhile at a groups. Thoroughly white lists make only by a lawyers. Still other parties might describe external                                                       | Persons make more e |       5268 |        0 |     1 |         1
 Also social law                                                                                                                                                                                         | Persons make more e |       5236 |        0 |     1 |         1
 Also social law                                                                                                                                                                                         | Single, simple r    |       5236 |        0 |     1 |         1
 Also social law                                                                                                                                                                                         | Single, simple r    |       5257 |        0 |     1 |         1
 Alternative, likely metres pay chief years. Lengthy, crucial articles can crack. Specific fields should communicate far strong, european areas; earl                                                    | Neither dea         |       5242 |        0 |     1 |         1
 Alternative, perfect police make given difficulties. Partners react on a problems. Regional, large rates should rescue very italian companies. O                                                        | Persons make more e |       5240 |        0 |     1 |         1
 Altogether good practices would come inner, official tests. Women will sleep both of course small activities; individuals will not meet young feet. Papers could mind ago with a values. Facts          | Neither dea         |       5247 |        0 |     1 |         1
 Always critical times cannot kill; gardens will make less about r                                                                                                                                       | Single, simple r    |       5247 |        0 |     1 |         1
 Always high years ought to check both impo                                                                                                                                                              | Parties use         |       5248 |        0 |     1 |         1
 Always high years ought to check both impo                                                                                                                                                              | Persons make more e |       5267 |        0 |     1 |         1
 Always sel                                                                                                                                                                                              | Total, dea          |       5270 |        0 |     1 |         1
 Always young pages                                                                                                                                                                                      | Parties use         |       5260 |        0 |     1 |         1
 Amazing theories make long other, free countries. Diplom                                                                                                                                                | Neither dea         |       5263 |        0 |     1 |         1
(100 rows)

UPDATE time_statistics SET e_time = TRANSACTION_TIMESTAMP() WHERE template = 'query72.tpl' AND stream = 0;
psql:/tmp/s1-basline/power/query_0.sql:3753: NOTICE:  duration: 0.032 ms  plan:
Query Text: UPDATE time_statistics SET e_time = TRANSACTION_TIMESTAMP() WHERE template = 'query72.tpl' AND stream = 0;
Update on time_statistics  (cost=0.00..1.88 rows=0 width=0) (actual time=0.032..0.032 rows=0 loops=1)
  ->  Seq Scan on time_statistics  (cost=0.00..1.88 rows=1 width=14) (actual time=0.018..0.018 rows=1 loops=1)
        Filter: ((template = 'query72.tpl'::text) AND (stream = 0))
        Rows Removed by Filter: 72
UPDATE 1
LOAD 'auto_explain'; SET auto_explain.log_min_duration TO 0; SET auto_explain.log_analyze TO on; SET auto_explain.log_level TO notice; INSERT INTO time_statistics (template, s_time, stream, query, seed) VALUES ('query73.tpl', TRANSACTION_TIMESTAMP(), 0, 73, 2589649);
LOAD
SET
SET
SET
psql:/tmp/s1-basline/power/query_0.sql:3754: NOTICE:  duration: 0.009 ms  plan:
Query Text: INSERT INTO time_statistics (template, s_time, stream, query, seed) VALUES ('query73.tpl', TRANSACTION_TIMESTAMP(), 0, 73, 2589649);
Insert on time_statistics  (cost=0.00..0.01 rows=0 width=0) (actual time=0.009..0.009 rows=0 loops=1)
  ->  Result  (cost=0.00..0.01 rows=1 width=64) (actual time=0.001..0.002 rows=1 loops=1)
INSERT 0 1
select c_last_name
       ,c_first_name
       ,c_salutation
       ,c_preferred_cust_flag 
       ,ss_ticket_number
       ,cnt from
   (select ss_ticket_number
          ,ss_customer_sk
          ,count(*) cnt
    from store_sales,date_dim,store,household_demographics
    where store_sales.ss_sold_date_sk = date_dim.d_date_sk
    and store_sales.ss_store_sk = store.s_store_sk  
    and store_sales.ss_hdemo_sk = household_demographics.hd_demo_sk
    and date_dim.d_dom between 1 and 2 
    and (household_demographics.hd_buy_potential = '>10000' or
         household_demographics.hd_buy_potential = '0-500')
    and household_demographics.hd_vehicle_count > 0
    and case when household_demographics.hd_vehicle_count > 0 then 
             household_demographics.hd_dep_count/ household_demographics.hd_vehicle_count else null end > 1
    and date_dim.d_year in (1998,1998+1,1998+2)
    and store.s_county in ('Williamson County','Williamson County','Williamson County','Williamson County')
    group by ss_ticket_number,ss_customer_sk) dj,customer
    where ss_customer_sk = c_customer_sk
      and cnt between 1 and 5
    order by cnt desc, c_last_name asc;
psql:/tmp/s1-basline/power/query_0.sql:3779: NOTICE:  duration: 190.926 ms  plan:
Query Text: select c_last_name
       ,c_first_name
       ,c_salutation
       ,c_preferred_cust_flag 
       ,ss_ticket_number
       ,cnt from
   (select ss_ticket_number
          ,ss_customer_sk
          ,count(*) cnt
    from store_sales,date_dim,store,household_demographics
    where store_sales.ss_sold_date_sk = date_dim.d_date_sk
    and store_sales.ss_store_sk = store.s_store_sk  
    and store_sales.ss_hdemo_sk = household_demographics.hd_demo_sk
    and date_dim.d_dom between 1 and 2 
    and (household_demographics.hd_buy_potential = '>10000' or
         household_demographics.hd_buy_potential = '0-500')
    and household_demographics.hd_vehicle_count > 0
    and case when household_demographics.hd_vehicle_count > 0 then 
             household_demographics.hd_dep_count/ household_demographics.hd_vehicle_count else null end > 1
    and date_dim.d_year in (1998,1998+1,1998+2)
    and store.s_county in ('Williamson County','Williamson County','Williamson County','Williamson County')
    group by ss_ticket_number,ss_customer_sk) dj,customer
    where ss_customer_sk = c_customer_sk
      and cnt between 1 and 5
    order by cnt desc, c_last_name asc;
Sort  (cost=75436.70..75436.75 rows=19 width=81) (actual time=190.913..190.915 rows=4 loops=1)
  Sort Key: (count(*)) DESC, customer.c_last_name
  Sort Method: quicksort  Memory: 25kB
  ->  Nested Loop  (cost=75384.54..75436.30 rows=19 width=81) (actual time=189.547..190.905 rows=4 loops=1)
        ->  GroupAggregate  (cost=75384.25..75388.42 rows=19 width=24) (actual time=189.415..190.863 rows=79 loops=1)
              Group Key: store_sales.ss_ticket_number, store_sales.ss_customer_sk
              Filter: ((count(*) >= 1) AND (count(*) <= 5))
              Rows Removed by Filter: 1000
              ->  Sort  (cost=75384.25..75384.66 rows=167 width=16) (actual time=189.403..189.827 rows=11021 loops=1)
                    Sort Key: store_sales.ss_ticket_number, store_sales.ss_customer_sk
                    Sort Method: quicksort  Memory: 987kB
                    ->  Nested Loop  (cost=0.71..75378.08 rows=167 width=16) (actual time=4.707..187.278 rows=11021 loops=1)
                          Join Filter: (store_sales.ss_store_sk = store.s_store_sk)
                          Rows Removed by Join Filter: 49740
                          ->  Nested Loop  (cost=0.71..75347.50 rows=175 width=24) (actual time=4.700..180.157 rows=11160 loops=1)
                                ->  Nested Loop  (cost=0.43..74493.77 rows=2710 width=32) (actual time=4.600..51.176 rows=105280 loops=1)
                                      ->  Seq Scan on date_dim  (cost=0.00..2774.67 rows=72 width=8) (actual time=4.590..10.023 rows=72 loops=1)
                                            Filter: ((d_dom >= 1) AND (d_dom <= 2) AND (d_year = ANY ('{1998,1999,2000}'::integer[])))
                                            Rows Removed by Filter: 72977
                                      ->  Index Scan using i_ss_sold_date_sk on store_sales  (cost=0.43..981.02 rows=1508 width=40) (actual time=0.005..0.387 rows=1462 loops=72)
                                            Index Cond: (ss_sold_date_sk = date_dim.d_date_sk)
                                ->  Index Scan using pk_household_demographics on household_demographics  (cost=0.28..0.32 rows=1 width=8) (actual time=0.001..0.001 rows=0 loops=105280)
                                      Index Cond: (hd_demo_sk = store_sales.ss_hdemo_sk)
                                      Filter: ((hd_vehicle_count > 0) AND ((hd_buy_potential = '>10000'::bpchar) OR (hd_buy_potential = '0-500'::bpchar)) AND (CASE WHEN (hd_vehicle_count > 0) THEN (hd_dep_count / hd_vehicle_count) ELSE NULL::integer END > 1))
                                      Rows Removed by Filter: 1
                          ->  Materialize  (cost=0.00..1.24 rows=12 width=8) (actual time=0.000..0.000 rows=5 loops=11160)
                                ->  Seq Scan on store  (cost=0.00..1.18 rows=12 width=8) (actual time=0.003..0.008 rows=12 loops=1)
                                      Filter: ((s_county)::text = ANY ('{"Williamson County","Williamson County","Williamson County","Williamson County"}'::text[]))
        ->  Index Scan using pk_customer on customer  (cost=0.29..2.51 rows=1 width=73) (actual time=0.000..0.000 rows=0 loops=79)
              Index Cond: (c_customer_sk = store_sales.ss_customer_sk)
          c_last_name           |     c_first_name     | c_salutation | c_preferred_cust_flag | ss_ticket_number | cnt 
--------------------------------+----------------------+--------------+-----------------------+------------------+-----
 Frazier                        | Eva                  | Miss         | N                     |           236424 |   5
 Gonzalez                       | Evelyn               | Dr.          | N                     |           161006 |   5
 Murphy                         | Herman               | Dr.          | Y                     |            21048 |   5
                                |                      |              |                       |            37421 |   5
(4 rows)

UPDATE time_statistics SET e_time = TRANSACTION_TIMESTAMP() WHERE template = 'query73.tpl' AND stream = 0;
psql:/tmp/s1-basline/power/query_0.sql:3781: NOTICE:  duration: 0.032 ms  plan:
Query Text: UPDATE time_statistics SET e_time = TRANSACTION_TIMESTAMP() WHERE template = 'query73.tpl' AND stream = 0;
Update on time_statistics  (cost=0.00..1.88 rows=0 width=0) (actual time=0.032..0.032 rows=0 loops=1)
  ->  Seq Scan on time_statistics  (cost=0.00..1.88 rows=1 width=14) (actual time=0.017..0.017 rows=1 loops=1)
        Filter: ((template = 'query73.tpl'::text) AND (stream = 0))
        Rows Removed by Filter: 73
UPDATE 1
LOAD 'auto_explain'; SET auto_explain.log_min_duration TO 0; SET auto_explain.log_analyze TO on; SET auto_explain.log_level TO notice; INSERT INTO time_statistics (template, s_time, stream, query, seed) VALUES ('query74.tpl', TRANSACTION_TIMESTAMP(), 0, 74, 308372610);
LOAD
SET
SET
SET
psql:/tmp/s1-basline/power/query_0.sql:3782: NOTICE:  duration: 0.009 ms  plan:
Query Text: INSERT INTO time_statistics (template, s_time, stream, query, seed) VALUES ('query74.tpl', TRANSACTION_TIMESTAMP(), 0, 74, 308372610);
Insert on time_statistics  (cost=0.00..0.01 rows=0 width=0) (actual time=0.009..0.009 rows=0 loops=1)
  ->  Result  (cost=0.00..0.01 rows=1 width=64) (actual time=0.001..0.002 rows=1 loops=1)
INSERT 0 1
with year_total as (
 select c_customer_id customer_id
       ,c_first_name customer_first_name
       ,c_last_name customer_last_name
       ,d_year as year
       ,max(ss_net_paid) year_total
       ,'s' sale_type
 from customer
     ,store_sales
     ,date_dim
 where c_customer_sk = ss_customer_sk
   and ss_sold_date_sk = d_date_sk
   and d_year in (2000,2000+1)
 group by c_customer_id
         ,c_first_name
         ,c_last_name
         ,d_year
 union all
 select c_customer_id customer_id
       ,c_first_name customer_first_name
       ,c_last_name customer_last_name
       ,d_year as year
       ,max(ws_net_paid) year_total
       ,'w' sale_type
 from customer
     ,web_sales
     ,date_dim
 where c_customer_sk = ws_bill_customer_sk
   and ws_sold_date_sk = d_date_sk
   and d_year in (2000,2000+1)
 group by c_customer_id
         ,c_first_name
         ,c_last_name
         ,d_year
         )
  select 
        t_s_secyear.customer_id, t_s_secyear.customer_first_name, t_s_secyear.customer_last_name
 from year_total t_s_firstyear
     ,year_total t_s_secyear
     ,year_total t_w_firstyear
     ,year_total t_w_secyear
 where t_s_secyear.customer_id = t_s_firstyear.customer_id
         and t_s_firstyear.customer_id = t_w_secyear.customer_id
         and t_s_firstyear.customer_id = t_w_firstyear.customer_id
         and t_s_firstyear.sale_type = 's'
         and t_w_firstyear.sale_type = 'w'
         and t_s_secyear.sale_type = 's'
         and t_w_secyear.sale_type = 'w'
         and t_s_firstyear.year = 2000
         and t_s_secyear.year = 2000+1
         and t_w_firstyear.year = 2000
         and t_w_secyear.year = 2000+1
         and t_s_firstyear.year_total > 0
         and t_w_firstyear.year_total > 0
         and case when t_w_firstyear.year_total > 0 then t_w_secyear.year_total / t_w_firstyear.year_total else null end
           > case when t_s_firstyear.year_total > 0 then t_s_secyear.year_total / t_s_firstyear.year_total else null end
 order by 2,1,3
limit 100;
psql:/tmp/s1-basline/power/query_0.sql:3840: NOTICE:  duration: 822574.260 ms  plan:
Query Text: with year_total as (
 select c_customer_id customer_id
       ,c_first_name customer_first_name
       ,c_last_name customer_last_name
       ,d_year as year
       ,max(ss_net_paid) year_total
       ,'s' sale_type
 from customer
     ,store_sales
     ,date_dim
 where c_customer_sk = ss_customer_sk
   and ss_sold_date_sk = d_date_sk
   and d_year in (2000,2000+1)
 group by c_customer_id
         ,c_first_name
         ,c_last_name
         ,d_year
 union all
 select c_customer_id customer_id
       ,c_first_name customer_first_name
       ,c_last_name customer_last_name
       ,d_year as year
       ,max(ws_net_paid) year_total
       ,'w' sale_type
 from customer
     ,web_sales
     ,date_dim
 where c_customer_sk = ws_bill_customer_sk
   and ws_sold_date_sk = d_date_sk
   and d_year in (2000,2000+1)
 group by c_customer_id
         ,c_first_name
         ,c_last_name
         ,d_year
         )
  select 
        t_s_secyear.customer_id, t_s_secyear.customer_first_name, t_s_secyear.customer_last_name
 from year_total t_s_firstyear
     ,year_total t_s_secyear
     ,year_total t_w_firstyear
     ,year_total t_w_secyear
 where t_s_secyear.customer_id = t_s_firstyear.customer_id
         and t_s_firstyear.customer_id = t_w_secyear.customer_id
         and t_s_firstyear.customer_id = t_w_firstyear.customer_id
         and t_s_firstyear.sale_type = 's'
         and t_w_firstyear.sale_type = 'w'
         and t_s_secyear.sale_type = 's'
         and t_w_secyear.sale_type = 'w'
         and t_s_firstyear.year = 2000
         and t_s_secyear.year = 2000+1
         and t_w_firstyear.year = 2000
         and t_w_secyear.year = 2000+1
         and t_s_firstyear.year_total > 0
         and t_w_firstyear.year_total > 0
         and case when t_w_firstyear.year_total > 0 then t_w_secyear.year_total / t_w_firstyear.year_total else null end
           > case when t_s_firstyear.year_total > 0 then t_s_secyear.year_total / t_s_firstyear.year_total else null end
 order by 2,1,3
limit 100;
Limit  (cost=138931.47..138931.47 rows=1 width=276) (actual time=822573.966..822574.205 rows=100 loops=1)
  CTE year_total
    ->  Append  (cost=95865.61..135446.88 rows=33186 width=113) (actual time=1826.174..2862.241 rows=98916 loops=1)
          ->  Finalize GroupAggregate  (cost=95865.61..99174.15 rows=26048 width=113) (actual time=1826.173..2254.576 rows=76380 loops=1)
                Group Key: customer.c_customer_id, customer.c_first_name, customer.c_last_name, date_dim.d_year
                ->  Gather Merge  (cost=95865.61..98642.34 rows=21706 width=81) (actual time=1826.166..2220.163 rows=89381 loops=1)
                      Workers Planned: 2
                      Workers Launched: 2
                      ->  Partial GroupAggregate  (cost=94865.59..95136.91 rows=10853 width=81) (actual time=1752.866..2058.429 rows=29794 loops=3)
                            Group Key: customer.c_customer_id, customer.c_first_name, customer.c_last_name, date_dim.d_year
                            ->  Sort  (cost=94865.59..94892.72 rows=10853 width=81) (actual time=1752.846..1960.594 rows=358259 loops=3)
                                  Sort Key: customer.c_customer_id, customer.c_first_name, customer.c_last_name, date_dim.d_year
                                  Sort Method: external merge  Disk: 36784kB
                                  Worker 0:  Sort Method: external merge  Disk: 32080kB
                                  Worker 1:  Sort Method: external merge  Disk: 32008kB
                                  ->  Nested Loop  (cost=2327.47..94138.12 rows=10853 width=81) (actual time=15.271..922.009 rows=358259 loops=3)
                                        ->  Hash Join  (cost=2327.18..90598.60 rows=11370 width=20) (actual time=15.222..344.029 rows=366951 loops=3)
                                              Hash Cond: (store_sales.ss_sold_date_sk = date_dim.d_date_sk)
                                              ->  Parallel Seq Scan on store_sales  (cost=0.00..85123.48 rows=1199148 width=24) (actual time=0.015..129.032 rows=959309 loops=3)
                                              ->  Hash  (cost=2318.11..2318.11 rows=725 width=12) (actual time=15.157..15.157 rows=731 loops=3)
                                                    Buckets: 1024  Batches: 1  Memory Usage: 43kB
                                                    ->  Seq Scan on date_dim  (cost=0.00..2318.11 rows=725 width=12) (actual time=7.297..15.044 rows=731 loops=3)
                                                          Filter: (d_year = ANY ('{2000,2001}'::integer[]))
                                                          Rows Removed by Filter: 72318
                                        ->  Index Scan using pk_customer on customer  (cost=0.29..0.31 rows=1 width=77) (actual time=0.001..0.001 rows=1 loops=1100852)
                                              Index Cond: (c_customer_sk = store_sales.ss_customer_sk)
          ->  Finalize GroupAggregate  (cost=34868.31..35774.94 rows=7138 width=113) (actual time=530.509..601.646 rows=22536 loops=1)
                Group Key: customer_1.c_customer_id, customer_1.c_first_name, customer_1.c_last_name, date_dim_1.d_year
                ->  Gather Merge  (cost=34868.31..35629.21 rows=5948 width=81) (actual time=530.503..591.828 rows=24068 loops=1)
                      Workers Planned: 2
                      Workers Launched: 2
                      ->  Partial GroupAggregate  (cost=33868.29..33942.64 rows=2974 width=81) (actual time=489.367..522.559 rows=8023 loops=3)
                            Group Key: customer_1.c_customer_id, customer_1.c_first_name, customer_1.c_last_name, date_dim_1.d_year
                            ->  Sort  (cost=33868.29..33875.72 rows=2974 width=81) (actual time=489.351..496.609 rows=95627 loops=3)
                                  Sort Key: customer_1.c_customer_id, customer_1.c_first_name, customer_1.c_last_name, date_dim_1.d_year
                                  Sort Method: external merge  Disk: 10528kB
                                  Worker 0:  Sort Method: quicksort  Memory: 13391kB
                                  Worker 1:  Sort Method: quicksort  Memory: 13374kB
                                  ->  Nested Loop  (cost=2327.47..33696.71 rows=2974 width=81) (actual time=16.435..277.062 rows=95627 loops=3)
                                        ->  Hash Join  (cost=2327.18..32758.95 rows=2975 width=20) (actual time=16.393..119.537 rows=95643 loops=3)
                                              Hash Cond: (web_sales.ws_sold_date_sk = date_dim_1.d_date_sk)
                                              ->  Parallel Seq Scan on web_sales  (cost=0.00..29644.81 rows=299781 width=24) (actual time=0.019..47.633 rows=239825 loops=3)
                                              ->  Hash  (cost=2318.11..2318.11 rows=725 width=12) (actual time=16.320..16.321 rows=731 loops=3)
                                                    Buckets: 1024  Batches: 1  Memory Usage: 43kB
                                                    ->  Seq Scan on date_dim date_dim_1  (cost=0.00..2318.11 rows=725 width=12) (actual time=7.762..16.216 rows=731 loops=3)
                                                          Filter: (d_year = ANY ('{2000,2001}'::integer[]))
                                                          Rows Removed by Filter: 72318
                                        ->  Index Scan using pk_customer on customer customer_1  (cost=0.29..0.32 rows=1 width=77) (actual time=0.001..0.001 rows=1 loops=286928)
                                              Index Cond: (c_customer_sk = web_sales.ws_bill_customer_sk)
  ->  Sort  (cost=3484.59..3484.60 rows=1 width=276) (actual time=822573.965..822573.970 rows=100 loops=1)
        Sort Key: t_s_secyear.customer_first_name, t_s_secyear.customer_id, t_s_secyear.customer_last_name
        Sort Method: quicksort  Memory: 39kB
        ->  Nested Loop  (cost=0.00..3484.58 rows=1 width=276) (actual time=13428.081..822573.716 rows=106 loops=1)
              Join Filter: ((t_s_secyear.customer_id = t_w_secyear.customer_id) AND (CASE WHEN (t_w_firstyear.year_total > '0'::double precision) THEN (t_w_secyear.year_total / t_w_firstyear.year_total) ELSE NULL::double precision END > CASE WHEN (t_s_firstyear.year_total > '0'::double precision) THEN (t_s_secyear.year_total / t_s_firstyear.year_total) ELSE NULL::double precision END))
              Rows Removed by Join Filter: 18315518
              ->  Nested Loop  (cost=0.00..2654.91 rows=1 width=436) (actual time=2936.147..802454.136 rows=1622 loops=1)
                    Join Filter: (t_s_secyear.customer_id = t_w_firstyear.customer_id)
                    Rows Removed by Join Filter: 164025850
                    ->  Nested Loop  (cost=0.00..1742.28 rows=1 width=360) (actual time=2926.328..608702.695 rows=14588 loops=1)
                          Join Filter: (t_s_firstyear.customer_id = t_s_secyear.customer_id)
                          Rows Removed by Join Filter: 1458460728
                          ->  CTE Scan on year_total t_s_firstyear  (cost=0.00..912.62 rows=1 width=76) (actual time=1826.178..1847.548 rows=38218 loops=1)
                                Filter: ((year_total > '0'::double precision) AND (sale_type = 's'::text) AND (year = 2000))
                                Rows Removed by Filter: 60698
                          ->  CTE Scan on year_total t_s_secyear  (cost=0.00..829.65 rows=1 width=284) (actual time=0.001..13.197 rows=38162 loops=38218)
                                Filter: ((sale_type = 's'::text) AND (year = 2001))
                                Rows Removed by Filter: 60754
                    ->  CTE Scan on year_total t_w_firstyear  (cost=0.00..912.62 rows=1 width=76) (actual time=9.174..12.501 rows=11244 loops=14588)
                          Filter: ((year_total > '0'::double precision) AND (sale_type = 'w'::text) AND (year = 2000))
                          Rows Removed by Filter: 87672
              ->  CTE Scan on year_total t_w_secyear  (cost=0.00..829.65 rows=1 width=76) (actual time=8.486..11.633 rows=11292 loops=1622)
                    Filter: ((sale_type = 'w'::text) AND (year = 2001))
                    Rows Removed by Filter: 87624
   customer_id    | customer_first_name  |       customer_last_name       
------------------+----------------------+--------------------------------
 AAAAAAAALPACBAAA | Agnes                | Quarles                       
 AAAAAAAACKCHBAAA | Alfred               | Fogg                          
 AAAAAAAADHHHBAAA | Anna                 | Blankenship                   
 AAAAAAAAMBEIBAAA | Arturo               | Alvarado                      
 AAAAAAAAFNHEAAAA | Bobby                | Roy                           
 AAAAAAAANAGKAAAA | Brady                | Mulligan                      
 AAAAAAAANGBPAAAA | Brenda               | Byrd                          
 AAAAAAAAHENGBAAA | Carol                | Morales                       
 AAAAAAAAGCCNAAAA | Cassondra            | Proctor                       
 AAAAAAAAIHDABAAA | Catherine            | Gonzalez                      
 AAAAAAAAJJLEAAAA | Charles              | Williams                      
 AAAAAAAAMCIDAAAA | Chin                 | Ledbetter                     
 AAAAAAAAIJDIBAAA | Clinton              | Smallwood                     
 AAAAAAAAIACKAAAA | Colette              | Camacho                       
 AAAAAAAAFNBGAAAA | Dale                 | Scott                         
 AAAAAAAAINPKAAAA | Daniel               | Dozier                        
 AAAAAAAAKPJLAAAA | Daniel               | Cruse                         
 AAAAAAAADINBBAAA | David                | Davis                         
 AAAAAAAAJMNCAAAA | David                | Jimenez                       
 AAAAAAAAPMMEAAAA | David                | Smith                         
 AAAAAAAAALMJAAAA | Dennis               | Hurd                          
 AAAAAAAAEAGLAAAA | Donald               | Salgado                       
 AAAAAAAAHNEBAAAA | Donald               | Hunter                        
 AAAAAAAACIJKAAAA | Dorothy              | Blackburn                     
 AAAAAAAAONMKAAAA | Dorothy              | Robertson                     
 AAAAAAAAEFDLAAAA | Dustin               | Hampton                       
 AAAAAAAAMDLCBAAA | Edgar                | Garcia                        
 AAAAAAAAFIKHAAAA | Edna                 | Cuevas                        
 AAAAAAAACKIGBAAA | Elizabeth            | Goodwin                       
 AAAAAAAAMKILAAAA | Elizabeth            | Hyman                         
 AAAAAAAAGMDPAAAA | Ella                 | Vincent                       
 AAAAAAAAPANHBAAA | Elnora               | Kelly                         
 AAAAAAAAOHPCBAAA | Emily                | Dean                          
 AAAAAAAAMMDLAAAA | Erline               | Miller                        
 AAAAAAAALPIBBAAA | Ernestine            | Ruffin                        
 AAAAAAAAGOEHBAAA | Francisco            | Nestor                        
 AAAAAAAADDBABAAA | Frederick            | Weaver                        
 AAAAAAAAFOMOAAAA | Gavin                | Thompson                      
 AAAAAAAAHJGAAAAA | Gladys               | Hunter                        
 AAAAAAAAEMOFAAAA | Gloria               | Willis                        
 AAAAAAAAGLMCAAAA | Graciela             | Jackson                       
 AAAAAAAABDDCBAAA | Gregory              | Castillo                      
 AAAAAAAABIJNAAAA | Gregory              | Jones                         
 AAAAAAAAGPMHBAAA | Hector               | Clark                         
 AAAAAAAACBPHAAAA | Hilde                | Thomas                        
 AAAAAAAAJMEOAAAA | Howard               | Hall                          
 AAAAAAAAPNJCAAAA | Hugh                 | Bassett                       
 AAAAAAAAEEGCBAAA | Isabel               | Bernhardt                     
 AAAAAAAAAFIKAAAA | Jackie               | Fisher                        
 AAAAAAAAKDDKAAAA | Janie                | Smith                         
 AAAAAAAAOFGBAAAA | Jerry                | Hunter                        
 AAAAAAAAHMIIAAAA | Jimmy                | Parks                         
 AAAAAAAABPALAAAA | Jose                 | Slaughter                     
 AAAAAAAACIHGBAAA | Jose                 | Drury                         
 AAAAAAAAJEFMAAAA | Joseph               | Whitcomb                      
 AAAAAAAACEOBBAAA | Joyce                | Figueroa                      
 AAAAAAAACIFDAAAA | Julie                | Lee                           
 AAAAAAAAPFLHBAAA | Julie                | Waite                         
 AAAAAAAABKMBBAAA | June                 | Cornwell                      
 AAAAAAAAFKPDBAAA | Karen                | King                          
 AAAAAAAAFAJNAAAA | Katherine            | Levy                          
 AAAAAAAAJLKGAAAA | Kendra               | Thurman                       
 AAAAAAAAENAGAAAA | Lahoma               | Mccormick                     
 AAAAAAAAGHKAAAAA | Larry                | Ashe                          
 AAAAAAAAAHOPAAAA | Laura                | Russell                       
 AAAAAAAAKDGCBAAA | Lillie               | Lash                          
 AAAAAAAADBDNAAAA | Luis                 | Odonnell                      
 AAAAAAAAEBOIAAAA | Margaret             | Mcmahan                       
 AAAAAAAADMBIBAAA | Marian               | Dunning                       
 AAAAAAAACHJDAAAA | Marie                | Call                          
 AAAAAAAAKLKGBAAA | Martha               | Harding                       
 AAAAAAAAJJLFBAAA | Mercedes             | Bender                        
 AAAAAAAAIJNDAAAA | Michael              | Crutcher                      
 AAAAAAAAOFMABAAA | Michael              | Price                         
 AAAAAAAACLGHAAAA | Nicole               | Moss                          
 AAAAAAAAFBKEBAAA | Norma                | Greer                         
 AAAAAAAAJIMBAAAA | Norman               | Artis                         
 AAAAAAAAHNGFAAAA | Otis                 | Stjohn                        
 AAAAAAAAGHGABAAA | Paul                 | Fleming                       
 AAAAAAAAHMPHBAAA | Ralph                | Cloutier                      
 AAAAAAAACCMJAAAA | Ramon                | Gooden                        
 AAAAAAAAAIHGBAAA | Randy                | Witt                          
 AAAAAAAAHEKABAAA | Rigoberto            | Tenney                        
 AAAAAAAADIJDBAAA | Robert               | Higgins                       
 AAAAAAAAIPPFBAAA | Robert               | Jackson                       
 AAAAAAAAJMFEAAAA | Robert               | Cook                          
 AAAAAAAAOAPKAAAA | Robert               | Young                         
 AAAAAAAABOHMAAAA | Russell              | Conte                         
 AAAAAAAALHCHAAAA | Ryan                 | Mcconnell                     
 AAAAAAAAEDJEAAAA | Sheilah              | Gardiner                      
 AAAAAAAAIIKCBAAA | Sherry               | Aponte                        
 AAAAAAAANOKHBAAA | Sophia               | Meyers                        
 AAAAAAAAGDCIBAAA | Teresa               | Cox                           
 AAAAAAAABJPOAAAA | Thomas               | Montoya                       
 AAAAAAAADIBBBAAA | Thomas               | Taylor                        
 AAAAAAAAPGJNAAAA | Thuy                 | Mack                          
 AAAAAAAAADDABAAA | Tina                 | Barron                        
 AAAAAAAAMMIDAAAA | Toni                 | Nichols                       
 AAAAAAAAONJHBAAA | Tony                 | Calhoun                       
 AAAAAAAAAMNLAAAA | Twanda               | Cabral                        
(100 rows)

UPDATE time_statistics SET e_time = TRANSACTION_TIMESTAMP() WHERE template = 'query74.tpl' AND stream = 0;
psql:/tmp/s1-basline/power/query_0.sql:3842: NOTICE:  duration: 0.038 ms  plan:
Query Text: UPDATE time_statistics SET e_time = TRANSACTION_TIMESTAMP() WHERE template = 'query74.tpl' AND stream = 0;
Update on time_statistics  (cost=0.00..1.88 rows=0 width=0) (actual time=0.037..0.037 rows=0 loops=1)
  ->  Seq Scan on time_statistics  (cost=0.00..1.88 rows=1 width=14) (actual time=0.021..0.022 rows=1 loops=1)
        Filter: ((template = 'query74.tpl'::text) AND (stream = 0))
        Rows Removed by Filter: 74
UPDATE 1
LOAD 'auto_explain'; SET auto_explain.log_min_duration TO 0; SET auto_explain.log_analyze TO on; SET auto_explain.log_level TO notice; INSERT INTO time_statistics (template, s_time, stream, query, seed) VALUES ('query75.tpl', TRANSACTION_TIMESTAMP(), 0, 75, 93061693);
LOAD
SET
SET
SET
psql:/tmp/s1-basline/power/query_0.sql:3843: NOTICE:  duration: 0.009 ms  plan:
Query Text: INSERT INTO time_statistics (template, s_time, stream, query, seed) VALUES ('query75.tpl', TRANSACTION_TIMESTAMP(), 0, 75, 93061693);
Insert on time_statistics  (cost=0.00..0.01 rows=0 width=0) (actual time=0.008..0.009 rows=0 loops=1)
  ->  Result  (cost=0.00..0.01 rows=1 width=64) (actual time=0.002..0.002 rows=1 loops=1)
INSERT 0 1
WITH all_sales AS (
 SELECT d_year
       ,i_brand_id
       ,i_class_id
       ,i_category_id
       ,i_manufact_id
       ,SUM(sales_cnt) AS sales_cnt
       ,SUM(sales_amt) AS sales_amt
 FROM (SELECT d_year
             ,i_brand_id
             ,i_class_id
             ,i_category_id
             ,i_manufact_id
             ,cs_quantity - COALESCE(cr_return_quantity,0) AS sales_cnt
             ,cs_ext_sales_price - COALESCE(cr_return_amount,0.0) AS sales_amt
       FROM catalog_sales JOIN item ON i_item_sk=cs_item_sk
                          JOIN date_dim ON d_date_sk=cs_sold_date_sk
                          LEFT JOIN catalog_returns ON (cs_order_number=cr_order_number 
                                                    AND cs_item_sk=cr_item_sk)
       WHERE i_category='Shoes'
       UNION
       SELECT d_year
             ,i_brand_id
             ,i_class_id
             ,i_category_id
             ,i_manufact_id
             ,ss_quantity - COALESCE(sr_return_quantity,0) AS sales_cnt
             ,ss_ext_sales_price - COALESCE(sr_return_amt,0.0) AS sales_amt
       FROM store_sales JOIN item ON i_item_sk=ss_item_sk
                        JOIN date_dim ON d_date_sk=ss_sold_date_sk
                        LEFT JOIN store_returns ON (ss_ticket_number=sr_ticket_number 
                                                AND ss_item_sk=sr_item_sk)
       WHERE i_category='Shoes'
       UNION
       SELECT d_year
             ,i_brand_id
             ,i_class_id
             ,i_category_id
             ,i_manufact_id
             ,ws_quantity - COALESCE(wr_return_quantity,0) AS sales_cnt
             ,ws_ext_sales_price - COALESCE(wr_return_amt,0.0) AS sales_amt
       FROM web_sales JOIN item ON i_item_sk=ws_item_sk
                      JOIN date_dim ON d_date_sk=ws_sold_date_sk
                      LEFT JOIN web_returns ON (ws_order_number=wr_order_number 
                                            AND ws_item_sk=wr_item_sk)
       WHERE i_category='Shoes') sales_detail
 GROUP BY d_year, i_brand_id, i_class_id, i_category_id, i_manufact_id)
 SELECT  prev_yr.d_year AS prev_year
                          ,curr_yr.d_year AS year
                          ,curr_yr.i_brand_id
                          ,curr_yr.i_class_id
                          ,curr_yr.i_category_id
                          ,curr_yr.i_manufact_id
                          ,prev_yr.sales_cnt AS prev_yr_cnt
                          ,curr_yr.sales_cnt AS curr_yr_cnt
                          ,curr_yr.sales_cnt-prev_yr.sales_cnt AS sales_cnt_diff
                          ,curr_yr.sales_amt-prev_yr.sales_amt AS sales_amt_diff
 FROM all_sales curr_yr, all_sales prev_yr
 WHERE curr_yr.i_brand_id=prev_yr.i_brand_id
   AND curr_yr.i_class_id=prev_yr.i_class_id
   AND curr_yr.i_category_id=prev_yr.i_category_id
   AND curr_yr.i_manufact_id=prev_yr.i_manufact_id
   AND curr_yr.d_year=2002
   AND prev_yr.d_year=2002-1
   AND CAST(curr_yr.sales_cnt AS DECIMAL(17,2))/CAST(prev_yr.sales_cnt AS DECIMAL(17,2))<0.9
 ORDER BY sales_cnt_diff,sales_amt_diff
 limit 100;
psql:/tmp/s1-basline/power/query_0.sql:3910: NOTICE:  duration: 1614.918 ms  plan:
Query Text: WITH all_sales AS (
 SELECT d_year
       ,i_brand_id
       ,i_class_id
       ,i_category_id
       ,i_manufact_id
       ,SUM(sales_cnt) AS sales_cnt
       ,SUM(sales_amt) AS sales_amt
 FROM (SELECT d_year
             ,i_brand_id
             ,i_class_id
             ,i_category_id
             ,i_manufact_id
             ,cs_quantity - COALESCE(cr_return_quantity,0) AS sales_cnt
             ,cs_ext_sales_price - COALESCE(cr_return_amount,0.0) AS sales_amt
       FROM catalog_sales JOIN item ON i_item_sk=cs_item_sk
                          JOIN date_dim ON d_date_sk=cs_sold_date_sk
                          LEFT JOIN catalog_returns ON (cs_order_number=cr_order_number 
                                                    AND cs_item_sk=cr_item_sk)
       WHERE i_category='Shoes'
       UNION
       SELECT d_year
             ,i_brand_id
             ,i_class_id
             ,i_category_id
             ,i_manufact_id
             ,ss_quantity - COALESCE(sr_return_quantity,0) AS sales_cnt
             ,ss_ext_sales_price - COALESCE(sr_return_amt,0.0) AS sales_amt
       FROM store_sales JOIN item ON i_item_sk=ss_item_sk
                        JOIN date_dim ON d_date_sk=ss_sold_date_sk
                        LEFT JOIN store_returns ON (ss_ticket_number=sr_ticket_number 
                                                AND ss_item_sk=sr_item_sk)
       WHERE i_category='Shoes'
       UNION
       SELECT d_year
             ,i_brand_id
             ,i_class_id
             ,i_category_id
             ,i_manufact_id
             ,ws_quantity - COALESCE(wr_return_quantity,0) AS sales_cnt
             ,ws_ext_sales_price - COALESCE(wr_return_amt,0.0) AS sales_amt
       FROM web_sales JOIN item ON i_item_sk=ws_item_sk
                      JOIN date_dim ON d_date_sk=ws_sold_date_sk
                      LEFT JOIN web_returns ON (ws_order_number=wr_order_number 
                                            AND ws_item_sk=wr_item_sk)
       WHERE i_category='Shoes') sales_detail
 GROUP BY d_year, i_brand_id, i_class_id, i_category_id, i_manufact_id)
 SELECT  prev_yr.d_year AS prev_year
                          ,curr_yr.d_year AS year
                          ,curr_yr.i_brand_id
                          ,curr_yr.i_class_id
                          ,curr_yr.i_category_id
                          ,curr_yr.i_manufact_id
                          ,prev_yr.sales_cnt AS prev_yr_cnt
                          ,curr_yr.sales_cnt AS curr_yr_cnt
                          ,curr_yr.sales_cnt-prev_yr.sales_cnt AS sales_cnt_diff
                          ,curr_yr.sales_amt-prev_yr.sales_amt AS sales_amt_diff
 FROM all_sales curr_yr, all_sales prev_yr
 WHERE curr_yr.i_brand_id=prev_yr.i_brand_id
   AND curr_yr.i_class_id=prev_yr.i_class_id
   AND curr_yr.i_category_id=prev_yr.i_category_id
   AND curr_yr.i_manufact_id=prev_yr.i_manufact_id
   AND curr_yr.d_year=2002
   AND prev_yr.d_year=2002-1
   AND CAST(curr_yr.sales_cnt AS DECIMAL(17,2))/CAST(prev_yr.sales_cnt AS DECIMAL(17,2))<0.9
 ORDER BY sales_cnt_diff,sales_amt_diff
 limit 100;
Limit  (cost=297509.96..297509.97 rows=1 width=56) (actual time=1614.810..1614.834 rows=100 loops=1)
  CTE all_sales
    ->  HashAggregate  (cost=294755.85..295249.63 rows=49378 width=36) (actual time=1611.304..1612.342 rows=5007 loops=1)
          Group Key: date_dim.d_year, item.i_brand_id, item.i_class_id, item.i_category_id, item.i_manufact_id
          Batches: 1  Memory Usage: 2577kB
          ->  HashAggregate  (cost=269487.94..281176.76 rows=493785 width=32) (actual time=1325.698..1489.468 rows=489179 loops=1)
                Group Key: date_dim.d_year, item.i_brand_id, item.i_class_id, item.i_category_id, item.i_manufact_id, ((catalog_sales.cs_quantity - COALESCE(catalog_returns.cr_return_quantity, 0))), ((catalog_sales.cs_ext_sales_price - COALESCE(catalog_returns.cr_return_amount, '0'::double precision)))
                Planned Partitions: 4  Batches: 5  Memory Usage: 32817kB  Disk Usage: 15136kB
                ->  Append  (cost=7927.40..243544.94 rows=493785 width=32) (actual time=52.174..1107.373 rows=490885 loops=1)
                      ->  Nested Loop  (cost=7927.40..80535.50 rows=144199 width=32) (actual time=52.173..323.995 rows=143752 loops=1)
                            ->  Hash Left Join  (cost=7927.10..75618.22 rows=145060 width=48) (actual time=52.148..265.145 rows=144484 loops=1)
                                  Hash Cond: ((catalog_sales.cs_order_number = catalog_returns.cr_order_number) AND (catalog_sales.cs_item_sk = catalog_returns.cr_item_sk))
                                  ->  Nested Loop  (cost=0.43..66929.98 rows=145060 width=52) (actual time=0.018..173.139 rows=144484 loops=1)
                                        ->  Seq Scan on item  (cost=0.00..1481.00 rows=1814 width=24) (actual time=0.007..8.585 rows=1814 loops=1)
                                              Filter: (i_category = 'Shoes'::bpchar)
                                              Rows Removed by Filter: 16186
                                        ->  Index Scan using pk_catalog_sales on catalog_sales  (cost=0.43..35.20 rows=88 width=36) (actual time=0.004..0.076 rows=80 loops=1814)
                                              Index Cond: (cs_item_sk = item.i_item_sk)
                                  ->  Hash  (cost=5762.07..5762.07 rows=144307 width=28) (actual time=52.004..52.005 rows=144307 loops=1)
                                        Buckets: 262144  Batches: 1  Memory Usage: 11023kB
                                        ->  Seq Scan on catalog_returns  (cost=0.00..5762.07 rows=144307 width=28) (actual time=0.004..29.151 rows=144307 loops=1)
                            ->  Memoize  (cost=0.30..0.32 rows=1 width=12) (actual time=0.000..0.000 rows=1 loops=144484)
                                  Cache Key: catalog_sales.cs_sold_date_sk
                                  Cache Mode: logical
                                  Hits: 142653  Misses: 1831  Evictions: 0  Overflows: 0  Memory Usage: 215kB
                                  ->  Index Scan using pk_date_dim on date_dim  (cost=0.29..0.31 rows=1 width=12) (actual time=0.001..0.001 rows=1 loops=1831)
                                        Index Cond: (d_date_sk = catalog_sales.cs_sold_date_sk)
                      ->  Hash Left Join  (cost=16750.33..113567.05 rows=277089 width=32) (actual time=116.348..586.317 rows=274984 loops=1)
                            Hash Cond: ((store_sales.ss_ticket_number = store_returns.sr_ticket_number) AND (store_sales.ss_item_sk = store_returns.sr_item_sk))
                            ->  Hash Join  (cost=3049.03..97025.59 rows=277089 width=48) (actual time=18.269..398.505 rows=274984 loops=1)
                                  Hash Cond: (store_sales.ss_sold_date_sk = date_dim_1.d_date_sk)
                                  ->  Nested Loop  (cost=0.43..93215.60 rows=290034 width=52) (actual time=0.023..327.885 rows=288106 loops=1)
                                        ->  Seq Scan on item item_1  (cost=0.00..1481.00 rows=1814 width=24) (actual time=0.010..8.794 rows=1814 loops=1)
                                              Filter: (i_category = 'Shoes'::bpchar)
                                              Rows Removed by Filter: 16186
                                        ->  Index Scan using pk_store_sales on store_sales  (cost=0.43..48.83 rows=174 width=36) (actual time=0.005..0.150 rows=159 loops=1814)
                                              Index Cond: (ss_item_sk = item_1.i_item_sk)
                                  ->  Hash  (cost=2135.49..2135.49 rows=73049 width=12) (actual time=18.176..18.177 rows=73049 loops=1)
                                        Buckets: 131072  Batches: 1  Memory Usage: 4449kB
                                        ->  Seq Scan on date_dim date_dim_1  (cost=0.00..2135.49 rows=73049 width=12) (actual time=0.003..9.369 rows=73049 loops=1)
                            ->  Hash  (cost=9393.72..9393.72 rows=287172 width=28) (actual time=97.826..97.826 rows=287172 loops=1)
                                  Buckets: 524288  Batches: 1  Memory Usage: 21888kB
                                  ->  Seq Scan on store_returns  (cost=0.00..9393.72 rows=287172 width=28) (actual time=0.005..47.391 rows=287172 loops=1)
                      ->  Hash Left Join  (cost=3688.10..42035.62 rows=72497 width=32) (actual time=26.432..167.255 rows=72149 loops=1)
                            Hash Cond: ((web_sales.ws_order_number = web_returns.wr_order_number) AND (web_sales.ws_item_sk = web_returns.wr_item_sk))
                            ->  Nested Loop  (cost=0.73..37605.15 rows=72497 width=48) (actual time=0.032..120.257 rows=72149 loops=1)
                                  ->  Nested Loop  (cost=0.42..35223.26 rows=72507 width=52) (actual time=0.021..90.061 rows=72164 loops=1)
                                        ->  Seq Scan on item item_2  (cost=0.00..1481.00 rows=1814 width=24) (actual time=0.008..7.907 rows=1814 loops=1)
                                              Filter: (i_category = 'Shoes'::bpchar)
                                              Rows Removed by Filter: 16186
                                        ->  Index Scan using pk_web_sales on web_sales  (cost=0.42..18.16 rows=44 width=36) (actual time=0.004..0.038 rows=40 loops=1814)
                                              Index Cond: (ws_item_sk = item_2.i_item_sk)
                                  ->  Memoize  (cost=0.30..0.32 rows=1 width=12) (actual time=0.000..0.000 rows=1 loops=72164)
                                        Cache Key: web_sales.ws_sold_date_sk
                                        Cache Mode: logical
                                        Hits: 70340  Misses: 1824  Evictions: 0  Overflows: 0  Memory Usage: 214kB
                                        ->  Index Scan using pk_date_dim on date_dim date_dim_2  (cost=0.29..0.31 rows=1 width=12) (actual time=0.001..0.001 rows=1 loops=1824)
                                              Index Cond: (d_date_sk = web_sales.ws_sold_date_sk)
                            ->  Hash  (cost=2610.15..2610.15 rows=71815 width=28) (actual time=25.814..25.814 rows=71815 loops=1)
                                  Buckets: 131072  Batches: 1  Memory Usage: 5462kB
                                  ->  Seq Scan on web_returns  (cost=0.00..2610.15 rows=71815 width=28) (actual time=0.004..12.481 rows=71815 loops=1)
  ->  Sort  (cost=2260.34..2260.34 rows=1 width=56) (actual time=1614.810..1614.814 rows=100 loops=1)
        Sort Key: ((curr_yr.sales_cnt - prev_yr.sales_cnt)), ((curr_yr.sales_amt - prev_yr.sales_amt))
        Sort Method: quicksort  Memory: 46kB
        ->  Hash Join  (cost=1115.94..2260.32 rows=1 width=56) (actual time=1614.023..1614.767 rows=150 loops=1)
              Hash Cond: ((curr_yr.i_brand_id = prev_yr.i_brand_id) AND (curr_yr.i_class_id = prev_yr.i_class_id) AND (curr_yr.i_category_id = prev_yr.i_category_id) AND (curr_yr.i_manufact_id = prev_yr.i_manufact_id))
              Join Filter: (((curr_yr.sales_cnt)::numeric(17,2) / (prev_yr.sales_cnt)::numeric(17,2)) < 0.9)
              Rows Removed by Join Filter: 425
              ->  CTE Scan on all_sales curr_yr  (cost=0.00..1111.00 rows=247 width=36) (actual time=1611.309..1611.661 rows=877 loops=1)
                    Filter: (d_year = 2002)
                    Rows Removed by Filter: 4130
              ->  Hash  (cost=1111.00..1111.00 rows=247 width=36) (actual time=2.694..2.694 rows=867 loops=1)
                    Buckets: 1024  Batches: 1  Memory Usage: 69kB
                    ->  CTE Scan on all_sales prev_yr  (cost=0.00..1111.00 rows=247 width=36) (actual time=0.004..2.517 rows=871 loops=1)
                          Filter: (d_year = 2001)
                          Rows Removed by Filter: 4136
 prev_year | year | i_brand_id | i_class_id | i_category_id | i_manufact_id | prev_yr_cnt | curr_yr_cnt | sales_cnt_diff |   sales_amt_diff    
-----------+------+------------+------------+---------------+---------------+-------------+-------------+----------------+---------------------
      2001 | 2002 |    4001002 |          1 |             4 |           244 |       15915 |        4838 |         -11077 |  -455553.6699999996
      2001 | 2002 |    4002002 |          2 |             4 |            83 |       11415 |        3978 |          -7437 | -343338.34000000043
      2001 | 2002 |    4004002 |          4 |             4 |           582 |       11941 |        5175 |          -6766 |           -318057.4
      2001 | 2002 |    4003002 |          3 |             4 |           117 |       11103 |        5419 |          -5684 |          -279549.39
      2001 | 2002 |    4003002 |          3 |             4 |           663 |        9349 |        3905 |          -5444 | -211043.55999999994
      2001 | 2002 |    4001002 |          1 |             4 |           292 |        9891 |        4685 |          -5206 | -236680.15000000002
      2001 | 2002 |    4003002 |          3 |             4 |           376 |       10772 |        6188 |          -4584 | -232374.70999999996
      2001 | 2002 |    4003002 |          3 |             4 |           297 |        8938 |        4862 |          -4076 | -205320.11999999976
      2001 | 2002 |    4003002 |          7 |             4 |           516 |        6596 |        4283 |          -2313 | -105681.57000000007
      2001 | 2002 |    4003002 |          3 |             4 |           677 |        6221 |        3923 |          -2298 | -142370.34999999977
      2001 | 2002 |    5003001 |          3 |             4 |           638 |        6850 |        4610 |          -2240 | -119540.70000000004
      2001 | 2002 |    3004001 |          4 |             4 |           643 |        6097 |        3938 |          -2159 |  -28637.48000000007
      2001 | 2002 |    2001001 |          1 |             4 |            41 |        5747 |        3653 |          -2094 |  -67063.77000000002
      2001 | 2002 |    4003001 |          2 |             4 |           417 |        6244 |        4213 |          -2031 |  -68615.26999999996
      2001 | 2002 |    4002002 |          2 |             4 |           433 |        6242 |        4232 |          -2010 | -113227.46000000014
      2001 | 2002 |    4003002 |          3 |             4 |           163 |        6238 |        4371 |          -1867 |   -77684.0099999999
      2001 | 2002 |    4002002 |          2 |             4 |           878 |        6595 |        4790 |          -1805 | -52701.709999999905
      2001 | 2002 |    4001002 |          1 |             4 |           303 |        6234 |        4432 |          -1802 |   957.2700000000186
      2001 | 2002 |    4002002 |          2 |             4 |           280 |       12003 |       10222 |          -1781 |  -15320.71000000008
      2001 | 2002 |    4001002 |          1 |             4 |           799 |        6245 |        4477 |          -1768 | -42081.360000000044
      2001 | 2002 |    7015003 |         15 |             4 |           160 |        6329 |        4572 |          -1757 | -126926.18000000005
      2001 | 2002 |    2004001 |          4 |             4 |           662 |        6444 |        4747 |          -1697 |  -81165.24999999991
      2001 | 2002 |    4001002 |          1 |             4 |            40 |        6480 |        4822 |          -1658 |  -89933.72000000018
      2001 | 2002 |   10003017 |          3 |             4 |           201 |        6566 |        4955 |          -1611 |  -68361.11999999997
      2001 | 2002 |    4002002 |          2 |             4 |            93 |        5878 |        4327 |          -1551 |  -67891.15999999992
      2001 | 2002 |    4002002 |          2 |             4 |            81 |        5741 |        4194 |          -1547 | -58708.159999999945
      2001 | 2002 |    4003002 |          3 |             4 |           700 |        5504 |        3972 |          -1532 |  -64325.75000000003
      2001 | 2002 |    4002002 |          2 |             4 |           456 |        6170 |        4648 |          -1522 | -111041.85000000003
      2001 | 2002 |    4003002 |          3 |             4 |            93 |        6547 |        5029 |          -1518 |   -73725.3999999999
      2001 | 2002 |    4003002 |          3 |             4 |           294 |        5382 |        3872 |          -1510 |  -56587.27999999997
      2001 | 2002 |    4003002 |          4 |             4 |           645 |        5406 |        3907 |          -1499 |  -69380.81999999995
      2001 | 2002 |    4002002 |          2 |             4 |           220 |        4863 |        3367 |          -1496 |   -55372.4500000001
      2001 | 2002 |    9011003 |         11 |             4 |           444 |        5548 |        4054 |          -1494 | -64664.900000000256
      2001 | 2002 |    4001002 |          1 |             4 |           363 |        5799 |        4308 |          -1491 |           -60536.28
      2001 | 2002 |    9015009 |         15 |             4 |             3 |        5719 |        4252 |          -1467 |  -42447.17999999988
      2001 | 2002 |    4004002 |          4 |             4 |           868 |        5814 |        4379 |          -1435 |  -87780.99999999997
      2001 | 2002 |    4002002 |          2 |             4 |           179 |        5914 |        4479 |          -1435 |  -81570.17000000025
      2001 | 2002 |    4001002 |          3 |             4 |             4 |        5401 |        3973 |          -1428 |  -99020.68999999989
      2001 | 2002 |    2002001 |          4 |             4 |           179 |        5195 |        3793 |          -1402 |  -84151.26999999996
      2001 | 2002 |    4003002 |          4 |             4 |           468 |        6310 |        4919 |          -1391 |  -70306.08000000002
      2001 | 2002 |    4002002 |          2 |             4 |           385 |        5900 |        4558 |          -1342 |  -152787.9699999998
      2001 | 2002 |    4004002 |          4 |             4 |            26 |        5815 |        4513 |          -1302 |  -45262.04000000001
      2001 | 2002 |    4003002 |          3 |             4 |           623 |        5139 |        3844 |          -1295 |           -75939.07
      2001 | 2002 |    4002002 |          2 |             4 |           168 |        5456 |        4186 |          -1270 |  3438.3300000001036
      2001 | 2002 |    4004002 |          4 |             4 |           124 |        6780 |        5528 |          -1252 |  -108043.3299999999
      2001 | 2002 |    4003002 |          3 |             4 |            29 |        5426 |        4186 |          -1240 |  -51600.19000000006
      2001 | 2002 |    6007007 |          7 |             4 |           317 |        5840 |        4632 |          -1208 |  -40603.85000000012
      2001 | 2002 |    3002001 |          2 |             4 |           342 |        6089 |        4896 |          -1193 |  -83199.84999999992
      2001 | 2002 |    4002002 |          2 |             4 |           361 |        5955 |        4781 |          -1174 |  -46078.17999999988
      2001 | 2002 |    4004002 |          1 |             4 |           177 |        6018 |        4854 |          -1164 |  -42350.90000000023
      2001 | 2002 |    4004002 |          4 |             4 |           212 |        5341 |        4178 |          -1163 |  -57896.72000000006
      2001 | 2002 |    4002002 |          2 |             4 |           566 |        5951 |        4793 |          -1158 |           -116529.6
      2001 | 2002 |   10003005 |          3 |             4 |           192 |        5538 |        4380 |          -1158 |   -31892.8299999999
      2001 | 2002 |    4003002 |          3 |             4 |           979 |        5262 |        4105 |          -1157 | -27035.840000000084
      2001 | 2002 |    4002002 |          2 |             4 |           618 |        5621 |        4485 |          -1136 |   -42559.9899999999
      2001 | 2002 |    8010009 |          2 |             4 |            86 |        5062 |        3956 |          -1106 | -39207.080000000045
      2001 | 2002 |    4004002 |          4 |             4 |           441 |        6164 |        5063 |          -1101 |  -75556.59000000008
      2001 | 2002 |    6008003 |          4 |             4 |           808 |        5313 |        4214 |          -1099 |  -36314.59999999983
      2001 | 2002 |    4002002 |          2 |             4 |           326 |        5892 |        4793 |          -1099 |  -3892.789999999979
      2001 | 2002 |    4003002 |          3 |             4 |           441 |        5633 |        4536 |          -1097 | -137023.91999999984
      2001 | 2002 |    4001002 |          1 |             4 |           172 |        5420 |        4327 |          -1093 | -15177.530000000028
      2001 | 2002 |    4003002 |          3 |             4 |           849 |        5473 |        4387 |          -1086 |  -71637.81999999992
      2001 | 2002 |    4002002 |          2 |             4 |            46 |        4955 |        3902 |          -1053 | -53846.859999999986
      2001 | 2002 |    3003001 |          3 |             4 |           437 |        6304 |        5261 |          -1043 |  10590.139999999898
      2001 | 2002 |    4004002 |          4 |             4 |           116 |        5764 |        4730 |          -1034 |  -59066.83999999991
      2001 | 2002 |    6004003 |          3 |             4 |           997 |        5466 |        4454 |          -1012 |   976.4800000000978
      2001 | 2002 |   10011016 |          2 |             4 |           198 |        5661 |        4651 |          -1010 | -47746.820000000036
      2001 | 2002 |    4001002 |          1 |             4 |           519 |        5691 |        4683 |          -1008 |  -51162.94000000015
      2001 | 2002 |    4001002 |          1 |             4 |           137 |        5150 |        4152 |           -998 |  -43416.20000000001
      2001 | 2002 |    1002001 |          1 |             4 |           109 |        5592 |        4603 |           -989 | -12039.199999999866
      2001 | 2002 |    4001002 |          1 |             4 |           379 |        5578 |        4599 |           -979 |  -62308.79999999999
      2001 | 2002 |    4001002 |          6 |             4 |           878 |        5263 |        4311 |           -952 | -11631.169999999896
      2001 | 2002 |    4004002 |          4 |             4 |           289 |        5773 |        4826 |           -947 |  -38788.19000000003
      2001 | 2002 |    4004002 |          4 |             4 |           189 |        5316 |        4376 |           -940 |  -57245.23999999999
      2001 | 2002 |    4003002 |          3 |             4 |             4 |        5597 |        4659 |           -938 |  -42554.52999999994
      2001 | 2002 |    4001002 |          1 |             4 |            25 |        5645 |        4708 |           -937 | -20838.229999999952
      2001 | 2002 |    4002002 |          2 |             4 |           288 |        6017 |        5080 |           -937 |   8392.770000000164
      2001 | 2002 |    4004002 |          4 |             4 |           899 |        5074 |        4138 |           -936 | -11963.350000000064
      2001 | 2002 |    4004002 |          4 |             4 |           699 |        5536 |        4602 |           -934 |  -5354.200000000012
      2001 | 2002 |    4003002 |          3 |             4 |           432 |        5069 |        4136 |           -933 | -19119.520000000048
      2001 | 2002 |    4004002 |          4 |             4 |            20 |        5763 |        4840 |           -923 |  -98772.11999999997
      2001 | 2002 |    4002002 |          2 |             4 |           552 |        5709 |        4786 |           -923 | -31004.600000000064
      2001 | 2002 |    3004001 |          4 |             4 |           233 |        5694 |        4776 |           -918 |  -23385.24000000005
      2001 | 2002 |    4002002 |          5 |             4 |           607 |        5604 |        4691 |           -913 | -34511.350000000064
      2001 | 2002 |    4004002 |          4 |             4 |           213 |        5570 |        4669 |           -901 |   25610.66000000006
      2001 | 2002 |    4004002 |          4 |             4 |           419 |        5779 |        4883 |           -896 |  -59611.76000000007
      2001 | 2002 |    2003001 |          3 |             4 |            48 |        5313 |        4424 |           -889 | -126970.19000000024
      2001 | 2002 |    4004002 |          4 |             4 |            64 |        5381 |        4498 |           -883 |  50284.130000000034
      2001 | 2002 |    4001002 |          1 |             4 |           377 |        6258 |        5385 |           -873 | -23285.270000000193
      2001 | 2002 |    4001002 |          1 |             4 |            95 |        5035 |        4172 |           -863 |  -45556.54999999987
      2001 | 2002 |    9013003 |         13 |             4 |           930 |        5837 |        4994 |           -843 |  -4011.820000000007
      2001 | 2002 |    4003002 |          3 |             4 |           210 |        4882 |        4046 |           -836 |  -99443.63000000012
      2001 | 2002 |    4001002 |          4 |             4 |           310 |        5268 |        4441 |           -827 |  38876.630000000034
      2001 | 2002 |    5001001 |          3 |             4 |           405 |        5908 |        5086 |           -822 |  -41495.81000000014
      2001 | 2002 |    4002002 |          1 |             4 |           614 |        5687 |        4869 |           -818 |           -60956.97
      2001 | 2002 |    4003002 |          2 |             4 |           133 |        4871 |        4053 |           -818 | -23771.209999999963
      2001 | 2002 |    2002001 |          2 |             4 |           477 |        5732 |        4945 |           -787 |  -49917.71000000002
      2001 | 2002 |    4003002 |          2 |             4 |           764 |        5273 |        4487 |           -786 | -14931.609999999957
      2001 | 2002 |    4001002 |          1 |             4 |            96 |        5940 |        5158 |           -782 |  -40402.13000000006
      2001 | 2002 |    4004002 |          4 |             4 |           385 |        5455 |        4673 |           -782 |   -9392.73000000004
(100 rows)

UPDATE time_statistics SET e_time = TRANSACTION_TIMESTAMP() WHERE template = 'query75.tpl' AND stream = 0;
psql:/tmp/s1-basline/power/query_0.sql:3912: NOTICE:  duration: 0.037 ms  plan:
Query Text: UPDATE time_statistics SET e_time = TRANSACTION_TIMESTAMP() WHERE template = 'query75.tpl' AND stream = 0;
Update on time_statistics  (cost=0.00..1.88 rows=0 width=0) (actual time=0.036..0.036 rows=0 loops=1)
  ->  Seq Scan on time_statistics  (cost=0.00..1.88 rows=1 width=14) (actual time=0.022..0.022 rows=1 loops=1)
        Filter: ((template = 'query75.tpl'::text) AND (stream = 0))
        Rows Removed by Filter: 75
UPDATE 1
LOAD 'auto_explain'; SET auto_explain.log_min_duration TO 0; SET auto_explain.log_analyze TO on; SET auto_explain.log_level TO notice; INSERT INTO time_statistics (template, s_time, stream, query, seed) VALUES ('query76.tpl', TRANSACTION_TIMESTAMP(), 0, 76, 1123735819);
LOAD
SET
SET
SET
psql:/tmp/s1-basline/power/query_0.sql:3913: NOTICE:  duration: 0.008 ms  plan:
Query Text: INSERT INTO time_statistics (template, s_time, stream, query, seed) VALUES ('query76.tpl', TRANSACTION_TIMESTAMP(), 0, 76, 1123735819);
Insert on time_statistics  (cost=0.00..0.01 rows=0 width=0) (actual time=0.008..0.008 rows=0 loops=1)
  ->  Result  (cost=0.00..0.01 rows=1 width=64) (actual time=0.001..0.002 rows=1 loops=1)
INSERT 0 1
select  channel, col_name, d_year, d_qoy, i_category, COUNT(*) sales_cnt, SUM(ext_sales_price) sales_amt FROM (
        SELECT 'store' as channel, 'ss_customer_sk' col_name, d_year, d_qoy, i_category, ss_ext_sales_price ext_sales_price
         FROM store_sales, item, date_dim
         WHERE ss_customer_sk IS NULL
           AND ss_sold_date_sk=d_date_sk
           AND ss_item_sk=i_item_sk
        UNION ALL
        SELECT 'web' as channel, 'ws_promo_sk' col_name, d_year, d_qoy, i_category, ws_ext_sales_price ext_sales_price
         FROM web_sales, item, date_dim
         WHERE ws_promo_sk IS NULL
           AND ws_sold_date_sk=d_date_sk
           AND ws_item_sk=i_item_sk
        UNION ALL
        SELECT 'catalog' as channel, 'cs_promo_sk' col_name, d_year, d_qoy, i_category, cs_ext_sales_price ext_sales_price
         FROM catalog_sales, item, date_dim
         WHERE cs_promo_sk IS NULL
           AND cs_sold_date_sk=d_date_sk
           AND cs_item_sk=i_item_sk) foo
GROUP BY channel, col_name, d_year, d_qoy, i_category
ORDER BY channel, col_name, d_year, d_qoy, i_category
limit 100;
psql:/tmp/s1-basline/power/query_0.sql:3934: NOTICE:  duration: 472.214 ms  plan:
Query Text: select  channel, col_name, d_year, d_qoy, i_category, COUNT(*) sales_cnt, SUM(ext_sales_price) sales_amt FROM (
        SELECT 'store' as channel, 'ss_customer_sk' col_name, d_year, d_qoy, i_category, ss_ext_sales_price ext_sales_price
         FROM store_sales, item, date_dim
         WHERE ss_customer_sk IS NULL
           AND ss_sold_date_sk=d_date_sk
           AND ss_item_sk=i_item_sk
        UNION ALL
        SELECT 'web' as channel, 'ws_promo_sk' col_name, d_year, d_qoy, i_category, ws_ext_sales_price ext_sales_price
         FROM web_sales, item, date_dim
         WHERE ws_promo_sk IS NULL
           AND ws_sold_date_sk=d_date_sk
           AND ws_item_sk=i_item_sk
        UNION ALL
        SELECT 'catalog' as channel, 'cs_promo_sk' col_name, d_year, d_qoy, i_category, cs_ext_sales_price ext_sales_price
         FROM catalog_sales, item, date_dim
         WHERE cs_promo_sk IS NULL
           AND cs_sold_date_sk=d_date_sk
           AND cs_item_sk=i_item_sk) foo
GROUP BY channel, col_name, d_year, d_qoy, i_category
ORDER BY channel, col_name, d_year, d_qoy, i_category
limit 100;
Limit  (cost=184392.32..184420.16 rows=100 width=139) (actual time=378.413..472.127 rows=100 loops=1)
  ->  Finalize GroupAggregate  (cost=184392.32..188084.35 rows=13264 width=139) (actual time=378.412..472.116 rows=100 loops=1)
        Group Key: ('store'::text), ('ss_customer_sk'::text), date_dim.d_year, date_dim.d_qoy, item.i_category
        ->  Gather Merge  (cost=184392.32..187487.47 rows=26528 width=139) (actual time=378.406..472.026 rows=156 loops=1)
              Workers Planned: 2
              Workers Launched: 2
              ->  Sort  (cost=183392.30..183425.46 rows=13264 width=139) (actual time=373.174..373.191 rows=237 loops=3)
                    Sort Key: ('store'::text), ('ss_customer_sk'::text), date_dim.d_year, date_dim.d_qoy, item.i_category
                    Sort Method: quicksort  Memory: 86kB
                    Worker 0:  Sort Method: quicksort  Memory: 82kB
                    Worker 1:  Sort Method: quicksort  Memory: 56kB
                    ->  Partial HashAggregate  (cost=182351.39..182484.03 rows=13264 width=139) (actual time=372.303..372.412 rows=373 loops=3)
                          Group Key: ('store'::text), ('ss_customer_sk'::text), date_dim.d_year, date_dim.d_qoy, item.i_category
                          Batches: 1  Memory Usage: 529kB
                          Worker 0:  Batches: 1  Memory Usage: 529kB
                          Worker 1:  Batches: 1  Memory Usage: 465kB
                          ->  Parallel Append  (cost=0.59..181384.20 rows=55268 width=131) (actual time=7.569..359.754 rows=22805 loops=3)
                                ->  Hash Join  (cost=1661.30..88874.02 rows=52088 width=131) (actual time=14.207..191.800 rows=21598 loops=3)
                                      Hash Cond: (store_sales.ss_item_sk = item.i_item_sk)
                                      ->  Nested Loop  (cost=0.30..87076.25 rows=52088 width=24) (actual time=0.064..170.014 rows=21598 loops=3)
                                            ->  Parallel Seq Scan on store_sales  (cost=0.00..85123.48 rows=54521 width=24) (actual time=0.014..148.833 rows=43166 loops=3)
                                                  Filter: (ss_customer_sk IS NULL)
                                                  Rows Removed by Filter: 916143
                                            ->  Memoize  (cost=0.30..0.33 rows=1 width=16) (actual time=0.000..0.000 rows=1 loops=129499)
                                                  Cache Key: store_sales.ss_sold_date_sk
                                                  Cache Mode: logical
                                                  Hits: 31125  Misses: 1818  Evictions: 0  Overflows: 0  Memory Usage: 213kB
                                                  Worker 0:  Hits: 23708  Misses: 1789  Evictions: 0  Overflows: 0  Memory Usage: 210kB
                                                  Worker 1:  Hits: 69235  Misses: 1824  Evictions: 0  Overflows: 0  Memory Usage: 214kB
                                                  ->  Index Scan using pk_date_dim on date_dim  (cost=0.29..0.32 rows=1 width=16) (actual time=0.002..0.002 rows=1 loops=5431)
                                                        Index Cond: (d_date_sk = store_sales.ss_sold_date_sk)
                                      ->  Hash  (cost=1436.00..1436.00 rows=18000 width=59) (actual time=14.013..14.014 rows=18000 loops=3)
                                            Buckets: 32768  Batches: 1  Memory Usage: 1941kB
                                            ->  Seq Scan on item  (cost=0.00..1436.00 rows=18000 width=59) (actual time=0.024..10.307 rows=18000 loops=3)
                                ->  Nested Loop  (cost=0.59..61870.13 rows=3140 width=131) (actual time=0.183..186.362 rows=1769 loops=2)
                                      ->  Nested Loop  (cost=0.30..60318.77 rows=3140 width=24) (actual time=0.138..178.948 rows=1769 loops=2)
                                            ->  Parallel Seq Scan on catalog_sales  (cost=0.00..59266.53 rows=3159 width=24) (actual time=0.078..175.295 rows=3582 loops=2)
                                                  Filter: (cs_promo_sk IS NULL)
                                                  Rows Removed by Filter: 716124
                                            ->  Memoize  (cost=0.30..0.55 rows=1 width=16) (actual time=0.001..0.001 rows=0 loops=7163)
                                                  Cache Key: catalog_sales.cs_sold_date_sk
                                                  Cache Mode: logical
                                                  Hits: 2597  Misses: 813  Evictions: 0  Overflows: 0  Memory Usage: 96kB
                                                  Worker 0:  Hits: 2816  Misses: 937  Evictions: 0  Overflows: 0  Memory Usage: 110kB
                                                  ->  Index Scan using pk_date_dim on date_dim date_dim_1  (cost=0.29..0.54 rows=1 width=16) (actual time=0.002..0.002 rows=1 loops=1750)
                                                        Index Cond: (d_date_sk = catalog_sales.cs_sold_date_sk)
                                      ->  Index Scan using pk_item on item item_1  (cost=0.29..0.49 rows=1 width=59) (actual time=0.004..0.004 rows=1 loops=3538)
                                            Index Cond: (i_item_sk = catalog_sales.cs_item_sk)
                                ->  Nested Loop  (cost=0.58..29811.03 rows=40 width=131) (actual time=2.018..126.298 rows=82 loops=1)
                                      ->  Nested Loop  (cost=0.29..29721.18 rows=40 width=67) (actual time=0.175..125.981 rows=160 loops=1)
                                            ->  Parallel Seq Scan on web_sales  (cost=0.00..29644.81 rows=40 width=24) (actual time=0.165..125.265 rows=160 loops=1)
                                                  Filter: (ws_promo_sk IS NULL)
                                                  Rows Removed by Filter: 719314
                                            ->  Index Scan using pk_item on item item_2  (cost=0.29..1.91 rows=1 width=59) (actual time=0.004..0.004 rows=1 loops=160)
                                                  Index Cond: (i_item_sk = web_sales.ws_item_sk)
                                      ->  Index Scan using pk_date_dim on date_dim date_dim_2  (cost=0.29..2.25 rows=1 width=16) (actual time=0.002..0.002 rows=1 loops=160)
                                            Index Cond: (d_date_sk = web_sales.ws_sold_date_sk)
 channel |  col_name   | d_year | d_qoy |                     i_category                     | sales_cnt |     sales_amt      
---------+-------------+--------+-------+----------------------------------------------------+-----------+--------------------
 catalog | cs_promo_sk |   1998 |     1 | Books                                              |        16 |           15724.13
 catalog | cs_promo_sk |   1998 |     1 | Children                                           |        11 |           15009.83
 catalog | cs_promo_sk |   1998 |     1 | Electronics                                        |         7 |           20148.05
 catalog | cs_promo_sk |   1998 |     1 | Home                                               |        10 |           16801.31
 catalog | cs_promo_sk |   1998 |     1 | Jewelry                                            |        12 |            8309.17
 catalog | cs_promo_sk |   1998 |     1 | Men                                                |         7 |            9348.35
 catalog | cs_promo_sk |   1998 |     1 | Music                                              |        15 |            8726.51
 catalog | cs_promo_sk |   1998 |     1 | Shoes                                              |        15 |           14744.27
 catalog | cs_promo_sk |   1998 |     1 | Sports                                             |        15 |           23642.78
 catalog | cs_promo_sk |   1998 |     1 | Women                                              |         9 | 1689.1800000000003
 catalog | cs_promo_sk |   1998 |     2 | Books                                              |        12 |            14080.6
 catalog | cs_promo_sk |   1998 |     2 | Children                                           |         7 | 3687.9500000000003
 catalog | cs_promo_sk |   1998 |     2 | Electronics                                        |         7 |            4419.54
 catalog | cs_promo_sk |   1998 |     2 | Home                                               |        10 |            3768.24
 catalog | cs_promo_sk |   1998 |     2 | Jewelry                                            |        13 |           10700.62
 catalog | cs_promo_sk |   1998 |     2 | Men                                                |         9 |           27867.15
 catalog | cs_promo_sk |   1998 |     2 | Music                                              |        10 |            3170.25
 catalog | cs_promo_sk |   1998 |     2 | Shoes                                              |        10 | 10969.430000000002
 catalog | cs_promo_sk |   1998 |     2 | Sports                                             |        11 |            3850.33
 catalog | cs_promo_sk |   1998 |     2 | Women                                              |        10 |            9808.08
 catalog | cs_promo_sk |   1998 |     3 | Books                                              |        24 |           26157.92
 catalog | cs_promo_sk |   1998 |     3 | Children                                           |        20 |           37707.83
 catalog | cs_promo_sk |   1998 |     3 | Electronics                                        |        31 | 20332.489999999998
 catalog | cs_promo_sk |   1998 |     3 | Home                                               |        18 |           21975.12
 catalog | cs_promo_sk |   1998 |     3 | Jewelry                                            |        15 | 2321.4100000000003
 catalog | cs_promo_sk |   1998 |     3 | Men                                                |        20 |            28672.8
 catalog | cs_promo_sk |   1998 |     3 | Music                                              |        17 | 18935.109999999997
 catalog | cs_promo_sk |   1998 |     3 | Shoes                                              |        12 | 37343.469999999994
 catalog | cs_promo_sk |   1998 |     3 | Sports                                             |        13 |  8862.880000000001
 catalog | cs_promo_sk |   1998 |     3 | Women                                              |        20 | 32504.459999999995
 catalog | cs_promo_sk |   1998 |     3 |                                                    |         1 |                   
 catalog | cs_promo_sk |   1998 |     4 | Books                                              |        28 |           36746.07
 catalog | cs_promo_sk |   1998 |     4 | Children                                           |        35 |  49282.75999999999
 catalog | cs_promo_sk |   1998 |     4 | Electronics                                        |        37 |           49642.78
 catalog | cs_promo_sk |   1998 |     4 | Home                                               |        22 |  35445.83000000001
 catalog | cs_promo_sk |   1998 |     4 | Jewelry                                            |        34 |  66679.26999999999
 catalog | cs_promo_sk |   1998 |     4 | Men                                                |        34 |           25733.88
 catalog | cs_promo_sk |   1998 |     4 | Music                                              |        29 |            8615.99
 catalog | cs_promo_sk |   1998 |     4 | Shoes                                              |        45 |           50363.68
 catalog | cs_promo_sk |   1998 |     4 | Sports                                             |        29 |  46339.44000000001
 catalog | cs_promo_sk |   1998 |     4 | Women                                              |        25 |           45732.75
 catalog | cs_promo_sk |   1999 |     1 | Books                                              |         8 |            6016.98
 catalog | cs_promo_sk |   1999 |     1 | Children                                           |        11 |            22390.5
 catalog | cs_promo_sk |   1999 |     1 | Electronics                                        |         8 |           16018.14
 catalog | cs_promo_sk |   1999 |     1 | Home                                               |         5 |           18233.66
 catalog | cs_promo_sk |   1999 |     1 | Jewelry                                            |        13 |            7463.59
 catalog | cs_promo_sk |   1999 |     1 | Men                                                |        12 |  6018.040000000001
 catalog | cs_promo_sk |   1999 |     1 | Music                                              |         7 |            2811.53
 catalog | cs_promo_sk |   1999 |     1 | Shoes                                              |         9 |           16008.49
 catalog | cs_promo_sk |   1999 |     1 | Sports                                             |         9 |  6378.349999999999
 catalog | cs_promo_sk |   1999 |     1 | Women                                              |        12 |  5683.110000000001
 catalog | cs_promo_sk |   1999 |     2 | Books                                              |        10 |            12544.1
 catalog | cs_promo_sk |   1999 |     2 | Children                                           |         4 | 13977.519999999999
 catalog | cs_promo_sk |   1999 |     2 | Electronics                                        |         7 |             6180.5
 catalog | cs_promo_sk |   1999 |     2 | Home                                               |        14 |           13503.56
 catalog | cs_promo_sk |   1999 |     2 | Jewelry                                            |        11 |           14488.78
 catalog | cs_promo_sk |   1999 |     2 | Men                                                |        14 |           11157.43
 catalog | cs_promo_sk |   1999 |     2 | Music                                              |        11 |           13294.09
 catalog | cs_promo_sk |   1999 |     2 | Shoes                                              |        11 |           11880.84
 catalog | cs_promo_sk |   1999 |     2 | Sports                                             |         5 |  8887.119999999999
 catalog | cs_promo_sk |   1999 |     2 | Women                                              |        15 |            8589.38
 catalog | cs_promo_sk |   1999 |     3 | Books                                              |        19 | 14316.880000000001
 catalog | cs_promo_sk |   1999 |     3 | Children                                           |        14 |           41914.62
 catalog | cs_promo_sk |   1999 |     3 | Electronics                                        |        24 | 61906.759999999995
 catalog | cs_promo_sk |   1999 |     3 | Home                                               |        21 |           28787.63
 catalog | cs_promo_sk |   1999 |     3 | Jewelry                                            |        18 |            9972.98
 catalog | cs_promo_sk |   1999 |     3 | Men                                                |        16 |           19331.67
 catalog | cs_promo_sk |   1999 |     3 | Music                                              |        21 |           12725.76
 catalog | cs_promo_sk |   1999 |     3 | Shoes                                              |        25 |           31022.68
 catalog | cs_promo_sk |   1999 |     3 | Sports                                             |        13 |  33936.81999999999
 catalog | cs_promo_sk |   1999 |     3 | Women                                              |        12 |            3267.28
 catalog | cs_promo_sk |   1999 |     3 |                                                    |         1 |                   
 catalog | cs_promo_sk |   1999 |     4 | Books                                              |        34 |           55868.28
 catalog | cs_promo_sk |   1999 |     4 | Children                                           |        31 | 17631.089999999997
 catalog | cs_promo_sk |   1999 |     4 | Electronics                                        |        33 |           44068.22
 catalog | cs_promo_sk |   1999 |     4 | Home                                               |        33 |  41697.84999999999
 catalog | cs_promo_sk |   1999 |     4 | Jewelry                                            |        31 |           40845.63
 catalog | cs_promo_sk |   1999 |     4 | Men                                                |        29 |           19772.87
 catalog | cs_promo_sk |   1999 |     4 | Music                                              |        25 |           27078.47
 catalog | cs_promo_sk |   1999 |     4 | Shoes                                              |        19 | 17944.379999999997
 catalog | cs_promo_sk |   1999 |     4 | Sports                                             |        35 |  56195.18000000001
 catalog | cs_promo_sk |   1999 |     4 | Women                                              |        19 |           24894.11
 catalog | cs_promo_sk |   1999 |     4 |                                                    |         1 |                   
 catalog | cs_promo_sk |   2000 |     1 | Books                                              |         9 | 15720.779999999999
 catalog | cs_promo_sk |   2000 |     1 | Children                                           |         9 |  7760.619999999999
 catalog | cs_promo_sk |   2000 |     1 | Electronics                                        |         4 |            2293.31
 catalog | cs_promo_sk |   2000 |     1 | Home                                               |         9 | 11732.509999999998
 catalog | cs_promo_sk |   2000 |     1 | Jewelry                                            |        11 |  7008.450000000001
 catalog | cs_promo_sk |   2000 |     1 | Men                                                |         6 |           30642.46
 catalog | cs_promo_sk |   2000 |     1 | Music                                              |        13 |            4322.82
 catalog | cs_promo_sk |   2000 |     1 | Shoes                                              |         9 |            4358.46
 catalog | cs_promo_sk |   2000 |     1 | Sports                                             |         8 | 28282.079999999998
 catalog | cs_promo_sk |   2000 |     1 | Women                                              |         6 |            6956.82
 catalog | cs_promo_sk |   2000 |     2 | Books                                              |         8 | 11628.890000000001
 catalog | cs_promo_sk |   2000 |     2 | Children                                           |         9 |           12718.18
 catalog | cs_promo_sk |   2000 |     2 | Electronics                                        |        13 |           16458.82
 catalog | cs_promo_sk |   2000 |     2 | Home                                               |        10 |  5807.969999999999
 catalog | cs_promo_sk |   2000 |     2 | Jewelry                                            |         9 | 16951.940000000002
 catalog | cs_promo_sk |   2000 |     2 | Men                                                |        10 |            2674.53
 catalog | cs_promo_sk |   2000 |     2 | Music                                              |         8 | 11231.619999999999
(100 rows)

UPDATE time_statistics SET e_time = TRANSACTION_TIMESTAMP() WHERE template = 'query76.tpl' AND stream = 0;
psql:/tmp/s1-basline/power/query_0.sql:3936: NOTICE:  duration: 0.037 ms  plan:
Query Text: UPDATE time_statistics SET e_time = TRANSACTION_TIMESTAMP() WHERE template = 'query76.tpl' AND stream = 0;
Update on time_statistics  (cost=0.00..1.88 rows=0 width=0) (actual time=0.036..0.036 rows=0 loops=1)
  ->  Seq Scan on time_statistics  (cost=0.00..1.88 rows=1 width=14) (actual time=0.020..0.020 rows=1 loops=1)
        Filter: ((template = 'query76.tpl'::text) AND (stream = 0))
        Rows Removed by Filter: 76
UPDATE 1
LOAD 'auto_explain'; SET auto_explain.log_min_duration TO 0; SET auto_explain.log_analyze TO on; SET auto_explain.log_level TO notice; INSERT INTO time_statistics (template, s_time, stream, query, seed) VALUES ('../query_postgresql/query77.tpl', TRANSACTION_TIMESTAMP(), 0, 77, 190072503);
LOAD
SET
SET
SET
psql:/tmp/s1-basline/power/query_0.sql:3937: NOTICE:  duration: 0.009 ms  plan:
Query Text: INSERT INTO time_statistics (template, s_time, stream, query, seed) VALUES ('../query_postgresql/query77.tpl', TRANSACTION_TIMESTAMP(), 0, 77, 190072503);
Insert on time_statistics  (cost=0.00..0.01 rows=0 width=0) (actual time=0.008..0.009 rows=0 loops=1)
  ->  Result  (cost=0.00..0.01 rows=1 width=64) (actual time=0.002..0.002 rows=1 loops=1)
INSERT 0 1
with ss as
 (select s_store_sk,
         sum(ss_ext_sales_price) as sales,
         sum(ss_net_profit) as profit
 from store_sales,
      date_dim,
      store
 where ss_sold_date_sk = d_date_sk
       and d_date between cast('1998-08-14' as date) 
                  and (cast('1998-08-14' as date) + interval '30 days') 
       and ss_store_sk = s_store_sk
 group by s_store_sk)
 ,
 sr as
 (select s_store_sk,
         sum(sr_return_amt) as returns,
         sum(sr_net_loss) as profit_loss
 from store_returns,
      date_dim,
      store
 where sr_returned_date_sk = d_date_sk
       and d_date between cast('1998-08-14' as date)
                  and (cast('1998-08-14' as date) + interval '30 days')
       and sr_store_sk = s_store_sk
 group by s_store_sk), 
 cs as
 (select cs_call_center_sk,
        sum(cs_ext_sales_price) as sales,
        sum(cs_net_profit) as profit
 from catalog_sales,
      date_dim
 where cs_sold_date_sk = d_date_sk
       and d_date between cast('1998-08-14' as date)
                  and (cast('1998-08-14' as date) + interval '30 days')
 group by cs_call_center_sk 
 ), 
 cr as
 (select cr_call_center_sk,
         sum(cr_return_amount) as returns,
         sum(cr_net_loss) as profit_loss
 from catalog_returns,
      date_dim
 where cr_returned_date_sk = d_date_sk
       and d_date between cast('1998-08-14' as date)
                  and (cast('1998-08-14' as date) + interval '30 days')
 group by cr_call_center_sk
 ), 
 ws as
 ( select wp_web_page_sk,
        sum(ws_ext_sales_price) as sales,
        sum(ws_net_profit) as profit
 from web_sales,
      date_dim,
      web_page
 where ws_sold_date_sk = d_date_sk
       and d_date between cast('1998-08-14' as date)
                  and (cast('1998-08-14' as date) + interval '30 days')
       and ws_web_page_sk = wp_web_page_sk
 group by wp_web_page_sk), 
 wr as
 (select wp_web_page_sk,
        sum(wr_return_amt) as returns,
        sum(wr_net_loss) as profit_loss
 from web_returns,
      date_dim,
      web_page
 where wr_returned_date_sk = d_date_sk
       and d_date between cast('1998-08-14' as date)
                  and (cast('1998-08-14' as date) + interval '30 days')
       and wr_web_page_sk = wp_web_page_sk
 group by wp_web_page_sk)
  select  channel
        , id
        , sum(sales) as sales
        , sum(returns) as returns
        , sum(profit) as profit
 from 
 (select 'store channel' as channel
        , ss.s_store_sk as id
        , sales
        , coalesce(returns, 0) as returns
        , (profit - coalesce(profit_loss,0)) as profit
 from   ss left join sr
        on  ss.s_store_sk = sr.s_store_sk
 union all
 select 'catalog channel' as channel
        , cs_call_center_sk as id
        , sales
        , returns
        , (profit - profit_loss) as profit
 from  cs
       , cr
 union all
 select 'web channel' as channel
        , ws.wp_web_page_sk as id
        , sales
        , coalesce(returns, 0) as returns
        , (profit - coalesce(profit_loss,0)) as profit
 from   ws left join wr
        on  ws.wp_web_page_sk = wr.wp_web_page_sk
 ) x
 group by rollup (channel, id)
 order by channel
         ,id
 limit 100;
psql:/tmp/s1-basline/power/query_0.sql:4042: NOTICE:  duration: 221.635 ms  plan:
Query Text: with ss as
 (select s_store_sk,
         sum(ss_ext_sales_price) as sales,
         sum(ss_net_profit) as profit
 from store_sales,
      date_dim,
      store
 where ss_sold_date_sk = d_date_sk
       and d_date between cast('1998-08-14' as date) 
                  and (cast('1998-08-14' as date) + interval '30 days') 
       and ss_store_sk = s_store_sk
 group by s_store_sk)
 ,
 sr as
 (select s_store_sk,
         sum(sr_return_amt) as returns,
         sum(sr_net_loss) as profit_loss
 from store_returns,
      date_dim,
      store
 where sr_returned_date_sk = d_date_sk
       and d_date between cast('1998-08-14' as date)
                  and (cast('1998-08-14' as date) + interval '30 days')
       and sr_store_sk = s_store_sk
 group by s_store_sk), 
 cs as
 (select cs_call_center_sk,
        sum(cs_ext_sales_price) as sales,
        sum(cs_net_profit) as profit
 from catalog_sales,
      date_dim
 where cs_sold_date_sk = d_date_sk
       and d_date between cast('1998-08-14' as date)
                  and (cast('1998-08-14' as date) + interval '30 days')
 group by cs_call_center_sk 
 ), 
 cr as
 (select cr_call_center_sk,
         sum(cr_return_amount) as returns,
         sum(cr_net_loss) as profit_loss
 from catalog_returns,
      date_dim
 where cr_returned_date_sk = d_date_sk
       and d_date between cast('1998-08-14' as date)
                  and (cast('1998-08-14' as date) + interval '30 days')
 group by cr_call_center_sk
 ), 
 ws as
 ( select wp_web_page_sk,
        sum(ws_ext_sales_price) as sales,
        sum(ws_net_profit) as profit
 from web_sales,
      date_dim,
      web_page
 where ws_sold_date_sk = d_date_sk
       and d_date between cast('1998-08-14' as date)
                  and (cast('1998-08-14' as date) + interval '30 days')
       and ws_web_page_sk = wp_web_page_sk
 group by wp_web_page_sk), 
 wr as
 (select wp_web_page_sk,
        sum(wr_return_amt) as returns,
        sum(wr_net_loss) as profit_loss
 from web_returns,
      date_dim,
      web_page
 where wr_returned_date_sk = d_date_sk
       and d_date between cast('1998-08-14' as date)
                  and (cast('1998-08-14' as date) + interval '30 days')
       and wr_web_page_sk = wp_web_page_sk
 group by wp_web_page_sk)
  select  channel
        , id
        , sum(sales) as sales
        , sum(returns) as returns
        , sum(profit) as profit
 from 
 (select 'store channel' as channel
        , ss.s_store_sk as id
        , sales
        , coalesce(returns, 0) as returns
        , (profit - coalesce(profit_loss,0)) as profit
 from   ss left join sr
        on  ss.s_store_sk = sr.s_store_sk
 union all
 select 'catalog channel' as channel
        , cs_call_center_sk as id
        , sales
        , returns
        , (profit - profit_loss) as profit
 from  cs
       , cr
 union all
 select 'web channel' as channel
        , ws.wp_web_page_sk as id
        , sales
        , coalesce(returns, 0) as returns
        , (profit - coalesce(profit_loss,0)) as profit
 from   ws left join wr
        on  ws.wp_web_page_sk = wr.wp_web_page_sk
 ) x
 group by rollup (channel, id)
 order by channel
         ,id
 limit 100;
Limit  (cost=45342.99..45350.41 rows=100 width=64) (actual time=181.633..221.587 rows=44 loops=1)
  ->  GroupAggregate  (cost=45342.99..45359.09 rows=217 width=64) (actual time=181.632..221.581 rows=44 loops=1)
        Group Key: ('store channel'::text), store.s_store_sk
        Group Key: ('store channel'::text)
        Group Key: ()
        ->  Gather Merge  (cost=45342.99..45355.57 rows=108 width=64) (actual time=181.622..221.533 rows=52 loops=1)
              Workers Planned: 2
              Workers Launched: 2
              ->  Sort  (cost=44342.97..44343.08 rows=45 width=64) (actual time=75.805..75.814 rows=17 loops=3)
                    Sort Key: ('store channel'::text), store.s_store_sk
                    Sort Method: quicksort  Memory: 26kB
                    Worker 0:  Sort Method: quicksort  Memory: 27kB
                    Worker 1:  Sort Method: quicksort  Memory: 25kB
                    ->  Parallel Append  (cost=1.71..44341.73 rows=45 width=64) (actual time=50.036..75.773 rows=17 loops=3)
                          ->  Merge Left Join  (cost=1.71..44341.39 rows=12 width=64) (actual time=100.356..173.094 rows=6 loops=1)
                                Merge Cond: (store.s_store_sk = store_1.s_store_sk)
                                ->  GroupAggregate  (cost=0.86..40563.64 rows=12 width=24) (actual time=88.270..157.339 rows=6 loops=1)
                                      Group Key: store.s_store_sk
                                      ->  Nested Loop  (cost=0.86..40555.18 rows=1113 width=24) (actual time=0.303..152.750 rows=59247 loops=1)
                                            Join Filter: (store_sales.ss_store_sk = store.s_store_sk)
                                            Rows Removed by Join Filter: 668721
                                            ->  Index Only Scan using pk_store on store  (cost=0.14..3.62 rows=12 width=8) (actual time=0.078..0.086 rows=12 loops=1)
                                                  Heap Fetches: 12
                                            ->  Materialize  (cost=0.72..40344.42 rows=1167 width=24) (actual time=0.015..8.844 rows=60664 loops=12)
                                                  ->  Nested Loop  (cost=0.72..40338.58 rows=1167 width=24) (actual time=0.173..67.291 rows=60664 loops=1)
                                                        ->  Index Scan using i_d_date on date_dim  (cost=0.29..3.11 rows=31 width=8) (actual time=0.083..0.094 rows=31 loops=1)
                                                              Index Cond: ((d_date >= '1998-08-14'::date) AND (d_date <= '1998-09-13 00:00:00'::timestamp without time zone))
                                                        ->  Index Scan using i_ss_sold_date_sk on store_sales  (cost=0.43..1286.06 rows=1508 width=32) (actual time=0.014..1.766 rows=1957 loops=31)
                                                              Index Cond: (ss_sold_date_sk = date_dim.d_date_sk)
                                ->  GroupAggregate  (cost=0.85..3777.30 rows=12 width=24) (actual time=12.081..15.746 rows=6 loops=1)
                                      Group Key: store_1.s_store_sk
                                      ->  Nested Loop  (cost=0.85..3776.32 rows=114 width=24) (actual time=0.082..15.479 rows=3020 loops=1)
                                            Join Filter: (store_returns.sr_store_sk = store_1.s_store_sk)
                                            Rows Removed by Join Filter: 33928
                                            ->  Index Only Scan using pk_store on store store_1  (cost=0.14..3.62 rows=12 width=8) (actual time=0.005..0.009 rows=12 loops=1)
                                                  Heap Fetches: 12
                                            ->  Materialize  (cost=0.71..3751.76 rows=118 width=24) (actual time=0.004..1.080 rows=3079 loops=12)
                                                  ->  Nested Loop  (cost=0.71..3751.17 rows=118 width=24) (actual time=0.049..10.892 rows=3079 loops=1)
                                                        ->  Index Scan using i_d_date on date_dim date_dim_1  (cost=0.29..3.11 rows=31 width=8) (actual time=0.010..0.018 rows=31 loops=1)
                                                              Index Cond: ((d_date >= '1998-08-14'::date) AND (d_date <= '1998-09-13 00:00:00'::timestamp without time zone))
                                                        ->  Index Scan using i_sr_returned_date_sk on store_returns  (cost=0.42..119.51 rows=140 width=32) (actual time=0.007..0.333 rows=99 loops=31)
                                                              Index Cond: (sr_returned_date_sk = date_dim_1.d_date_sk)
                          ->  Merge Left Join  (cost=12317.53..12327.38 rows=60 width=64) (actual time=31.406..35.716 rows=30 loops=1)
                                Merge Cond: (web_page.wp_web_page_sk = web_page_1.wp_web_page_sk)
                                ->  GroupAggregate  (cost=11357.88..11365.64 rows=60 width=24) (actual time=28.647..32.869 rows=30 loops=1)
                                      Group Key: web_page.wp_web_page_sk
                                      ->  Merge Join  (cost=11357.88..11362.75 rows=305 width=24) (actual time=28.463..31.626 rows=16548 loops=1)
                                            Merge Cond: (web_sales.ws_web_page_sk = web_page.wp_web_page_sk)
                                            ->  Sort  (cost=11353.51..11354.27 rows=305 width=24) (actual time=28.382..29.449 rows=16549 loops=1)
                                                  Sort Key: web_sales.ws_web_page_sk
                                                  Worker 0:  Sort Method: quicksort  Memory: 1803kB
                                                  ->  Nested Loop  (cost=0.72..11340.92 rows=305 width=24) (actual time=0.167..25.117 rows=16550 loops=1)
                                                        ->  Index Scan using i_d_date on date_dim date_dim_2  (cost=0.29..3.11 rows=31 width=8) (actual time=0.086..0.102 rows=31 loops=1)
                                                              Index Cond: ((d_date >= '1998-08-14'::date) AND (d_date <= '1998-09-13 00:00:00'::timestamp without time zone))
                                                        ->  Index Scan using i_ws_sold_date_sk on web_sales  (cost=0.42..361.79 rows=395 width=32) (actual time=0.015..0.669 rows=534 loops=31)
                                                              Index Cond: (ws_sold_date_sk = date_dim_2.d_date_sk)
                                            ->  Sort  (cost=4.37..4.52 rows=60 width=8) (actual time=0.076..0.080 rows=58 loops=1)
                                                  Sort Key: web_page.wp_web_page_sk
                                                  Worker 0:  Sort Method: quicksort  Memory: 25kB
                                                  ->  Seq Scan on web_page  (cost=0.00..2.60 rows=60 width=8) (actual time=0.051..0.066 rows=60 loops=1)
                                ->  GroupAggregate  (cost=959.65..960.21 rows=28 width=24) (actual time=2.756..2.837 rows=30 loops=1)
                                      Group Key: web_page_1.wp_web_page_sk
                                      ->  Sort  (cost=959.65..959.72 rows=28 width=24) (actual time=2.750..2.774 rows=498 loops=1)
                                            Sort Key: web_page_1.wp_web_page_sk
                                            Worker 0:  Sort Method: quicksort  Memory: 56kB
                                            ->  Nested Loop  (cost=0.72..958.98 rows=28 width=24) (actual time=0.084..2.650 rows=498 loops=1)
                                                  ->  Nested Loop  (cost=0.58..954.41 rows=29 width=24) (actual time=0.041..2.136 rows=511 loops=1)
                                                        ->  Index Scan using i_d_date on date_dim date_dim_3  (cost=0.29..3.11 rows=31 width=8) (actual time=0.010..0.015 rows=31 loops=1)
                                                              Index Cond: ((d_date >= '1998-08-14'::date) AND (d_date <= '1998-09-13 00:00:00'::timestamp without time zone))
                                                        ->  Index Scan using i_wr_returned_date_sk on web_returns  (cost=0.29..30.36 rows=33 width=32) (actual time=0.006..0.065 rows=16 loops=31)
                                                              Index Cond: (wr_returned_date_sk = date_dim_3.d_date_sk)
                                                  ->  Index Only Scan using pk_web_page on web_page web_page_1  (cost=0.14..0.16 rows=1 width=8) (actual time=0.001..0.001 rows=1 loops=511)
                                                        Index Cond: (wp_web_page_sk = web_returns.wr_web_page_sk)
                                                        Heap Fetches: 498
                          ->  Nested Loop  (cost=1941.61..1943.02 rows=36 width=64) (actual time=18.343..18.487 rows=16 loops=1)
                                ->  HashAggregate  (cost=1702.97..1703.03 rows=6 width=24) (actual time=17.022..17.023 rows=4 loops=1)
                                      Group Key: catalog_sales.cs_call_center_sk
                                      Batches: 1  Memory Usage: 24kB
                                      ->  Nested Loop  (cost=0.72..1698.42 rows=607 width=24) (actual time=0.020..12.647 rows=31798 loops=1)
                                            ->  Index Scan using i_d_date on date_dim date_dim_4  (cost=0.29..3.11 rows=31 width=8) (actual time=0.009..0.018 rows=31 loops=1)
                                                  Index Cond: ((d_date >= '1998-08-14'::date) AND (d_date <= '1998-09-13 00:00:00'::timestamp without time zone))
                                            ->  Index Scan using i_cs_sold_date_sk on catalog_sales  (cost=0.43..46.87 rows=782 width=32) (actual time=0.004..0.168 rows=1026 loops=31)
                                                  Index Cond: (cs_sold_date_sk = date_dim_4.d_date_sk)
                                ->  Materialize  (cost=238.64..239.40 rows=6 width=16) (actual time=0.330..0.365 rows=4 loops=4)
                                      ->  Subquery Scan on cr  (cost=238.64..239.37 rows=6 width=16) (actual time=1.317..1.455 rows=4 loops=1)
                                            ->  GroupAggregate  (cost=238.64..239.31 rows=6 width=24) (actual time=1.316..1.454 rows=4 loops=1)
                                                  Group Key: catalog_returns.cr_call_center_sk
                                                  ->  Sort  (cost=238.64..238.80 rows=61 width=24) (actual time=1.250..1.312 rows=1447 loops=1)
                                                        Sort Key: catalog_returns.cr_call_center_sk
                                                        Sort Method: quicksort  Memory: 138kB
                                                        ->  Nested Loop  (cost=0.59..236.84 rows=61 width=24) (actual time=0.013..1.064 rows=1447 loops=1)
                                                              ->  Index Scan using i_d_date on date_dim date_dim_5  (cost=0.29..3.11 rows=31 width=8) (actual time=0.005..0.009 rows=31 loops=1)
                                                                    Index Cond: ((d_date >= '1998-08-14'::date) AND (d_date <= '1998-09-13 00:00:00'::timestamp without time zone))
                                                              ->  Index Scan using i_cr_returned_date_sk on catalog_returns  (cost=0.29..6.82 rows=72 width=32) (actual time=0.002..0.026 rows=47 loops=31)
                                                                    Index Cond: (cr_returned_date_sk = date_dim_5.d_date_sk)
     channel     | id |       sales        |      returns       |       profit        
-----------------+----+--------------------+--------------------+---------------------
 catalog channel |  1 | 106957190.96000011 | 1949262.1400000001 |  -9685382.630000014
 catalog channel |  2 |  108086745.9199995 | 1949262.1400000001 | -12560784.829999998
 catalog channel |  4 | 107495749.04000007 | 1949262.1400000001 | -11949937.109999986
 catalog channel |    | 316559.48000000004 | 1949262.1400000001 | -1420239.9100000004
 catalog channel |    |  322856245.3999996 | 7797048.5600000005 |        -35616344.48
 store channel   |  1 | 19630788.040000036 |  539602.9000000005 |  -9070112.450000035
 store channel   |  2 | 18625601.230000038 |  437762.5899999997 | -7957082.1000000145
 store channel   |  4 |  17804750.81000006 | 466724.86000000057 |  -8201824.960000002
 store channel   |  7 |  18121617.74999997 |  448528.6400000002 |   -8565419.55000003
 store channel   |  8 | 18434202.780000012 | 463184.13000000035 |  -8523834.869999988
 store channel   | 10 | 18624983.300000064 |  515382.2600000002 |  -8348710.200000003
 store channel   |    | 111241943.91000018 | 2871185.3800000013 |  -50666984.13000007
 web channel     |  1 | 1218616.1900000013 |           11021.04 | -202912.98999999996
 web channel     |  2 | 1355619.1400000001 |            15349.6 | -159635.91000000015
 web channel     |  4 |  1536757.409999999 |             9007.5 |          -169112.95
 web channel     |  7 | 1475222.5899999999 |  41948.95000000001 | -135018.18999999997
 web channel     |  8 |  1600313.039999999 | 28209.509999999995 | -152548.00999999986
 web channel     | 10 |  1361395.529999999 |  9341.859999999999 | -140104.35999999993
 web channel     | 13 | 1380385.8600000015 |  9272.599999999999 |          -268296.01
 web channel     | 14 | 1472003.0699999996 |           20631.02 |  -193928.9100000001
 web channel     | 16 | 1425474.2200000004 |           32897.58 | -128183.96000000017
 web channel     | 19 | 1428727.4199999992 |           28858.93 | -122297.74000000008
 web channel     | 20 |  1326868.079999999 |            8461.71 |  -155841.2400000001
 web channel     | 22 | 1519369.9499999997 | 26003.000000000004 |  -90427.16999999998
 web channel     | 25 |  1420934.530000001 |           10691.59 | -197734.59000000008
 web channel     | 26 | 1220705.5399999986 |           32292.87 |  -210570.1600000002
 web channel     | 28 | 1318812.9499999995 | 16277.009999999997 | -100303.49999999997
 web channel     | 31 | 1671134.8099999991 | 26703.079999999994 |  -48505.71000000003
 web channel     | 32 |         1518252.79 |           25164.39 | -143404.08999999994
 web channel     | 34 | 1427940.2200000002 |           13421.94 | -223384.78999999966
 web channel     | 37 | 1279655.7700000005 |           12673.04 | -115390.40999999996
 web channel     | 38 | 1417463.2799999998 | 28353.410000000003 | -153766.16999999987
 web channel     | 40 |  1415470.180000001 |           42080.83 |  -217659.7200000001
 web channel     | 43 | 1579075.8299999991 |           14020.66 |  -98881.99999999993
 web channel     | 44 | 1386143.8199999984 | 14126.390000000001 |  -92769.48000000001
 web channel     | 46 | 1357546.6599999983 |           19351.92 | -174867.70000000007
 web channel     | 49 |          1386895.5 | 25990.729999999992 | -187630.33999999997
 web channel     | 50 | 1341958.9899999995 | 25457.899999999998 | -127660.95999999999
 web channel     | 52 | 1360835.5999999999 |           34610.76 |  -261841.2100000002
 web channel     | 55 | 1352535.5100000002 |            8488.75 |  -98815.66999999994
 web channel     | 56 | 1387060.6100000008 |           20427.34 | -103724.01000000004
 web channel     | 58 | 1483996.5700000005 |           25986.72 |  -93635.03000000003
 web channel     |    |  42427171.65999999 |  637122.6299999999 |         -4568852.98
                 |    |  476525360.9699998 |        11305356.57 |  -90852181.59000006
(44 rows)

UPDATE time_statistics SET e_time = TRANSACTION_TIMESTAMP() WHERE template = '../query_postgresql/query77.tpl' AND stream = 0;
psql:/tmp/s1-basline/power/query_0.sql:4044: NOTICE:  duration: 0.025 ms  plan:
Query Text: UPDATE time_statistics SET e_time = TRANSACTION_TIMESTAMP() WHERE template = '../query_postgresql/query77.tpl' AND stream = 0;
Update on time_statistics  (cost=0.00..1.88 rows=0 width=0) (actual time=0.025..0.025 rows=0 loops=1)
  ->  Seq Scan on time_statistics  (cost=0.00..1.88 rows=1 width=14) (actual time=0.015..0.015 rows=1 loops=1)
        Filter: ((template = '../query_postgresql/query77.tpl'::text) AND (stream = 0))
        Rows Removed by Filter: 77
UPDATE 1
LOAD 'auto_explain'; SET auto_explain.log_min_duration TO 0; SET auto_explain.log_analyze TO on; SET auto_explain.log_level TO notice; INSERT INTO time_statistics (template, s_time, stream, query, seed) VALUES ('query78.tpl', TRANSACTION_TIMESTAMP(), 0, 78, 1356039995);
LOAD
SET
SET
SET
psql:/tmp/s1-basline/power/query_0.sql:4045: NOTICE:  duration: 0.009 ms  plan:
Query Text: INSERT INTO time_statistics (template, s_time, stream, query, seed) VALUES ('query78.tpl', TRANSACTION_TIMESTAMP(), 0, 78, 1356039995);
Insert on time_statistics  (cost=0.00..0.01 rows=0 width=0) (actual time=0.008..0.008 rows=0 loops=1)
  ->  Result  (cost=0.00..0.01 rows=1 width=64) (actual time=0.001..0.001 rows=1 loops=1)
INSERT 0 1
with ws as
  (select d_year AS ws_sold_year, ws_item_sk,
    ws_bill_customer_sk ws_customer_sk,
    sum(ws_quantity) ws_qty,
    sum(ws_wholesale_cost) ws_wc,
    sum(ws_sales_price) ws_sp
   from web_sales
   left join web_returns on wr_order_number=ws_order_number and ws_item_sk=wr_item_sk
   join date_dim on ws_sold_date_sk = d_date_sk
   where wr_order_number is null
   group by d_year, ws_item_sk, ws_bill_customer_sk
   ),
cs as
  (select d_year AS cs_sold_year, cs_item_sk,
    cs_bill_customer_sk cs_customer_sk,
    sum(cs_quantity) cs_qty,
    sum(cs_wholesale_cost) cs_wc,
    sum(cs_sales_price) cs_sp
   from catalog_sales
   left join catalog_returns on cr_order_number=cs_order_number and cs_item_sk=cr_item_sk
   join date_dim on cs_sold_date_sk = d_date_sk
   where cr_order_number is null
   group by d_year, cs_item_sk, cs_bill_customer_sk
   ),
ss as
  (select d_year AS ss_sold_year, ss_item_sk,
    ss_customer_sk,
    sum(ss_quantity) ss_qty,
    sum(ss_wholesale_cost) ss_wc,
    sum(ss_sales_price) ss_sp
   from store_sales
   left join store_returns on sr_ticket_number=ss_ticket_number and ss_item_sk=sr_item_sk
   join date_dim on ss_sold_date_sk = d_date_sk
   where sr_ticket_number is null
   group by d_year, ss_item_sk, ss_customer_sk
   )
 select 
ss_sold_year,
round(ss_qty/(coalesce(ws_qty,0)+coalesce(cs_qty,0)),2) ratio,
ss_qty store_qty, ss_wc store_wholesale_cost, ss_sp store_sales_price,
coalesce(ws_qty,0)+coalesce(cs_qty,0) other_chan_qty,
coalesce(ws_wc,0)+coalesce(cs_wc,0) other_chan_wholesale_cost,
coalesce(ws_sp,0)+coalesce(cs_sp,0) other_chan_sales_price
from ss
left join ws on (ws_sold_year=ss_sold_year and ws_item_sk=ss_item_sk and ws_customer_sk=ss_customer_sk)
left join cs on (cs_sold_year=ss_sold_year and cs_item_sk=ss_item_sk and cs_customer_sk=ss_customer_sk)
where (coalesce(ws_qty,0)>0 or coalesce(cs_qty, 0)>0) and ss_sold_year=1998
order by 
  ss_sold_year,
  ss_qty desc, ss_wc desc, ss_sp desc,
  other_chan_qty,
  other_chan_wholesale_cost,
  other_chan_sales_price,
  ratio
limit 100;
psql:/tmp/s1-basline/power/query_0.sql:4100: NOTICE:  duration: 2608.762 ms  plan:
Query Text: with ws as
  (select d_year AS ws_sold_year, ws_item_sk,
    ws_bill_customer_sk ws_customer_sk,
    sum(ws_quantity) ws_qty,
    sum(ws_wholesale_cost) ws_wc,
    sum(ws_sales_price) ws_sp
   from web_sales
   left join web_returns on wr_order_number=ws_order_number and ws_item_sk=wr_item_sk
   join date_dim on ws_sold_date_sk = d_date_sk
   where wr_order_number is null
   group by d_year, ws_item_sk, ws_bill_customer_sk
   ),
cs as
  (select d_year AS cs_sold_year, cs_item_sk,
    cs_bill_customer_sk cs_customer_sk,
    sum(cs_quantity) cs_qty,
    sum(cs_wholesale_cost) cs_wc,
    sum(cs_sales_price) cs_sp
   from catalog_sales
   left join catalog_returns on cr_order_number=cs_order_number and cs_item_sk=cr_item_sk
   join date_dim on cs_sold_date_sk = d_date_sk
   where cr_order_number is null
   group by d_year, cs_item_sk, cs_bill_customer_sk
   ),
ss as
  (select d_year AS ss_sold_year, ss_item_sk,
    ss_customer_sk,
    sum(ss_quantity) ss_qty,
    sum(ss_wholesale_cost) ss_wc,
    sum(ss_sales_price) ss_sp
   from store_sales
   left join store_returns on sr_ticket_number=ss_ticket_number and ss_item_sk=sr_item_sk
   join date_dim on ss_sold_date_sk = d_date_sk
   where sr_ticket_number is null
   group by d_year, ss_item_sk, ss_customer_sk
   )
 select 
ss_sold_year,
round(ss_qty/(coalesce(ws_qty,0)+coalesce(cs_qty,0)),2) ratio,
ss_qty store_qty, ss_wc store_wholesale_cost, ss_sp store_sales_price,
coalesce(ws_qty,0)+coalesce(cs_qty,0) other_chan_qty,
coalesce(ws_wc,0)+coalesce(cs_wc,0) other_chan_wholesale_cost,
coalesce(ws_sp,0)+coalesce(cs_sp,0) other_chan_sales_price
from ss
left join ws on (ws_sold_year=ss_sold_year and ws_item_sk=ss_item_sk and ws_customer_sk=ss_customer_sk)
left join cs on (cs_sold_year=ss_sold_year and cs_item_sk=ss_item_sk and cs_customer_sk=ss_customer_sk)
where (coalesce(ws_qty,0)>0 or coalesce(cs_qty, 0)>0) and ss_sold_year=1998
order by 
  ss_sold_year,
  ss_qty desc, ss_wc desc, ss_sp desc,
  other_chan_qty,
  other_chan_wholesale_cost,
  other_chan_sales_price,
  ratio
limit 100;
Limit  (cost=153347.87..153348.12 rows=100 width=84) (actual time=2532.232..2608.676 rows=100 loops=1)
  ->  Sort  (cost=153347.87..153348.24 rows=150 width=84) (actual time=2532.232..2608.669 rows=100 loops=1)
        Sort Key: (sum(store_sales.ss_quantity)) DESC, (sum(store_sales.ss_wholesale_cost)) DESC, (sum(store_sales.ss_sales_price)) DESC, ((COALESCE((sum(web_sales.ws_quantity)), '0'::bigint) + COALESCE((sum(catalog_sales.cs_quantity)), '0'::bigint))), ((COALESCE((sum(web_sales.ws_wholesale_cost)), '0'::double precision) + COALESCE((sum(catalog_sales.cs_wholesale_cost)), '0'::double precision))), ((COALESCE((sum(web_sales.ws_sales_price)), '0'::double precision) + COALESCE((sum(catalog_sales.cs_sales_price)), '0'::double precision))), (round((((sum(store_sales.ss_quantity)) / (COALESCE((sum(web_sales.ws_quantity)), '0'::bigint) + COALESCE((sum(catalog_sales.cs_quantity)), '0'::bigint))))::numeric, 2))
        Sort Method: top-N heapsort  Memory: 48kB
        ->  Merge Left Join  (cost=153034.83..153342.45 rows=150 width=84) (actual time=1672.113..2608.559 rows=217 loops=1)
              Merge Cond: ((store_sales.ss_item_sk = catalog_sales.cs_item_sk) AND (store_sales.ss_customer_sk = catalog_sales.cs_bill_customer_sk))
              Join Filter: (date_dim_2.d_year = date_dim.d_year)
              Filter: ((COALESCE((sum(web_sales.ws_quantity)), '0'::bigint) > 0) OR (COALESCE((sum(catalog_sales.cs_quantity)), '0'::bigint) > 0))
              Rows Removed by Filter: 481941
              ->  Merge Left Join  (cost=128618.76..128872.28 rows=270 width=68) (actual time=981.371..1629.091 rows=482158 loops=1)
                    Merge Cond: ((store_sales.ss_item_sk = web_sales.ws_item_sk) AND (store_sales.ss_customer_sk = web_sales.ws_bill_customer_sk))
                    Join Filter: (date_dim_1.d_year = date_dim.d_year)
                    ->  Finalize GroupAggregate  (cost=94175.05..94210.05 rows=270 width=44) (actual time=768.330..1200.498 rows=482158 loops=1)
                          Group Key: date_dim.d_year, store_sales.ss_item_sk, store_sales.ss_customer_sk
                          ->  Gather Merge  (cost=94175.05..94203.99 rows=224 width=44) (actual time=768.324..1032.710 rows=485090 loops=1)
                                Workers Planned: 2
                                Workers Launched: 2
                                ->  Partial GroupAggregate  (cost=93175.03..93178.11 rows=112 width=44) (actual time=759.098..851.117 rows=161697 loops=3)
                                      Group Key: date_dim.d_year, store_sales.ss_item_sk, store_sales.ss_customer_sk
                                      ->  Sort  (cost=93175.03..93175.31 rows=112 width=40) (actual time=759.090..775.074 rows=162417 loops=3)
                                            Sort Key: store_sales.ss_item_sk, store_sales.ss_customer_sk
                                            Sort Method: external merge  Disk: 10352kB
                                            Worker 0:  Sort Method: external merge  Disk: 8480kB
                                            Worker 1:  Sort Method: external merge  Disk: 8480kB
                                            ->  Nested Loop Anti Join  (cost=2323.07..93171.22 rows=112 width=40) (actual time=13.812..664.969 rows=162417 loops=3)
                                                  ->  Hash Join  (cost=2322.65..90594.07 rows=5693 width=48) (actual time=13.760..280.459 rows=180428 loops=3)
                                                        Hash Cond: (store_sales.ss_sold_date_sk = date_dim.d_date_sk)
                                                        ->  Parallel Seq Scan on store_sales  (cost=0.00..85123.48 rows=1199148 width=52) (actual time=0.014..124.581 rows=959309 loops=3)
                                                        ->  Hash  (cost=2318.11..2318.11 rows=363 width=12) (actual time=13.705..13.706 rows=365 loops=3)
                                                              Buckets: 1024  Batches: 1  Memory Usage: 26kB
                                                              ->  Seq Scan on date_dim  (cost=0.00..2318.11 rows=363 width=12) (actual time=6.497..13.656 rows=365 loops=3)
                                                                    Filter: (d_year = 1998)
                                                                    Rows Removed by Filter: 72684
                                                  ->  Index Only Scan using pk_store_returns on store_returns  (cost=0.42..0.44 rows=1 width=16) (actual time=0.002..0.002 rows=0 loops=541283)
                                                        Index Cond: ((sr_item_sk = store_sales.ss_item_sk) AND (sr_ticket_number = store_sales.ss_ticket_number))
                                                        Heap Fetches: 0
                    ->  Materialize  (cost=34443.71..34650.81 rows=1451 width=44) (actual time=213.036..344.868 rows=129663 loops=1)
                          ->  Finalize GroupAggregate  (cost=34443.71..34632.67 rows=1451 width=44) (actual time=213.033..310.888 rows=129663 loops=1)
                                Group Key: date_dim_1.d_year, web_sales.ws_item_sk, web_sales.ws_bill_customer_sk
                                ->  Gather Merge  (cost=34443.71..34600.01 rows=1210 width=44) (actual time=213.028..265.767 rows=129669 loops=1)
                                      Workers Planned: 2
                                      Workers Launched: 2
                                      ->  Partial GroupAggregate  (cost=33443.68..33460.32 rows=605 width=44) (actual time=206.164..229.667 rows=43223 loops=3)
                                            Group Key: date_dim_1.d_year, web_sales.ws_item_sk, web_sales.ws_bill_customer_sk
                                            ->  Sort  (cost=33443.68..33445.20 rows=605 width=40) (actual time=206.156..209.788 rows=43225 loops=3)
                                                  Sort Key: web_sales.ws_item_sk, web_sales.ws_bill_customer_sk
                                                  Sort Method: quicksort  Memory: 6224kB
                                                  Worker 0:  Sort Method: quicksort  Memory: 4782kB
                                                  Worker 1:  Sort Method: quicksort  Memory: 4747kB
                                                  ->  Nested Loop Anti Join  (cost=2323.07..33415.73 rows=605 width=40) (actual time=13.823..188.966 rows=43225 loops=3)
                                                        ->  Hash Join  (cost=2322.65..32754.43 rows=1490 width=48) (actual time=13.762..97.168 rows=48034 loops=3)
                                                              Hash Cond: (web_sales.ws_sold_date_sk = date_dim_1.d_date_sk)
                                                              ->  Parallel Seq Scan on web_sales  (cost=0.00..29644.81 rows=299781 width=52) (actual time=0.017..45.228 rows=239825 loops=3)
                                                              ->  Hash  (cost=2318.11..2318.11 rows=363 width=12) (actual time=13.694..13.694 rows=365 loops=3)
                                                                    Buckets: 1024  Batches: 1  Memory Usage: 26kB
                                                                    ->  Seq Scan on date_dim date_dim_1  (cost=0.00..2318.11 rows=363 width=12) (actual time=6.505..13.642 rows=365 loops=3)
                                                                          Filter: (d_year = 1998)
                                                                          Rows Removed by Filter: 72684
                                                        ->  Index Only Scan using pk_web_returns on web_returns  (cost=0.42..0.44 rows=1 width=16) (actual time=0.002..0.002 rows=0 loops=144103)
                                                              Index Cond: ((wr_item_sk = web_sales.ws_item_sk) AND (wr_order_number = web_sales.ws_order_number))
                                                              Heap Fetches: 0
              ->  Materialize  (cost=24416.07..24460.51 rows=1111 width=44) (actual time=686.830..891.522 rows=256997 loops=1)
                    ->  GroupAggregate  (cost=24416.07..24446.62 rows=1111 width=44) (actual time=686.827..825.907 rows=256997 loops=1)
                          Group Key: date_dim_2.d_year, catalog_sales.cs_item_sk, catalog_sales.cs_bill_customer_sk
                          ->  Sort  (cost=24416.07..24418.85 rows=1111 width=40) (actual time=686.816..716.160 rows=257054 loops=1)
                                Sort Key: catalog_sales.cs_item_sk, catalog_sales.cs_bill_customer_sk
                                Sort Method: external merge  Disk: 14568kB
                                ->  Nested Loop Anti Join  (cost=0.85..24359.87 rows=1111 width=40) (actual time=3.843..546.218 rows=257054 loops=1)
                                      ->  Nested Loop  (cost=0.43..21168.73 rows=7110 width=48) (actual time=3.834..123.818 rows=285676 loops=1)
                                            ->  Seq Scan on date_dim date_dim_2  (cost=0.00..2318.11 rows=363 width=12) (actual time=3.820..8.299 rows=365 loops=1)
                                                  Filter: (d_year = 1998)
                                                  Rows Removed by Filter: 72684
                                            ->  Index Scan using i_cs_sold_date_sk on catalog_sales  (cost=0.43..44.11 rows=782 width=52) (actual time=0.004..0.175 rows=783 loops=365)
                                                  Index Cond: (cs_sold_date_sk = date_dim_2.d_date_sk)
                                      ->  Index Only Scan using pk_catalog_returns on catalog_returns  (cost=0.42..0.44 rows=1 width=16) (actual time=0.001..0.001 rows=0 loops=285676)
                                            Index Cond: ((cr_item_sk = catalog_sales.cs_item_sk) AND (cr_order_number = catalog_sales.cs_order_number))
                                            Heap Fetches: 0
 ss_sold_year | ratio | store_qty | store_wholesale_cost | store_sales_price | other_chan_qty | other_chan_wholesale_cost | other_chan_sales_price 
--------------+-------+-----------+----------------------+-------------------+----------------+---------------------------+------------------------
         1998 |       |           |                      |                   |             28 |                     63.06 |                 157.66
         1998 |       |           |                      |             15.06 |            100 |                     32.51 |                   13.9
         1998 |       |           |                      |              1.03 |             99 |                     58.42 |                  17.37
         1998 |       |           |                39.23 |              27.6 |             76 |                     73.58 |                   61.8
         1998 |  3.00 |       100 |                68.74 |             78.26 |             29 |                     51.11 |                  60.43
         1998 |  1.00 |       100 |                67.62 |             75.72 |             96 |                      8.89 |                   1.18
         1998 |  1.00 |       100 |                38.88 |             29.81 |             60 |                      44.4 |                  81.38
         1998 |  4.00 |       100 |                37.04 |             37.37 |             22 |                     29.35 |                  29.76
         1998 |  1.00 |       100 |                 3.48 |              1.97 |             72 |                     34.02 |                  31.28
         1998 |  4.00 |        98 |                   55 |             19.25 |             23 |                     35.56 |                  41.28
         1998 |  3.00 |        98 |                44.53 |             37.61 |             31 |                     43.43 |                  37.52
         1998 | 32.00 |        98 |                 8.06 |              2.48 |              3 |                     39.23 |                  44.74
         1998 |  1.00 |        98 |                 1.97 |              2.19 |             72 |                     53.62 |                  35.44
         1998 |  2.00 |        97 |                51.04 |                26 |             42 |                      6.92 |                   8.64
         1998 |  1.00 |        97 |                12.03 |             11.71 |             94 |                      39.4 |                  53.22
         1998 |  1.00 |        97 |                 1.27 |              0.91 |             88 |                     30.52 |                   5.52
         1998 |  1.00 |        96 |                94.86 |             90.94 |             85 |                     23.06 |                  35.16
         1998 |  1.00 |        96 |                85.73 |             77.52 |             54 |                     83.56 |                 115.26
         1998 |  6.00 |        96 |                10.69 |             16.99 |             14 |                     45.03 |                   6.34
         1998 | 19.00 |        96 |                  2.5 |              2.44 |              5 |                     24.09 |                  12.71
         1998 |  2.00 |        95 |                96.97 |            107.01 |             44 |                      55.3 |                 127.41
         1998 |  2.00 |        95 |                88.97 |             88.93 |             42 |                     53.18 |                  55.56
         1998 |  1.00 |        95 |                44.27 |             28.33 |             52 |                      62.7 |                  46.08
         1998 |  1.00 |        95 |                40.58 |             12.27 |             55 |                      60.8 |                 124.18
         1998 |  0.00 |        95 |                36.48 |               6.2 |             98 |                      4.15 |                   3.45
         1998 |  2.00 |        95 |                27.99 |             21.97 |             38 |                     47.89 |                   13.6
         1998 |  1.00 |        95 |                22.87 |              6.25 |             58 |                     94.07 |                  25.58
         1998 |  3.00 |        94 |                79.36 |             62.59 |             26 |                     45.97 |                 116.25
         1998 |  5.00 |        94 |                48.45 |             26.85 |             16 |                     66.14 |                  32.51
         1998 |  2.00 |        92 |                87.75 |             29.29 |             38 |                         0 |                      0
         1998 |  3.00 |        92 |                11.39 |              0.22 |             28 |                      56.3 |                  59.55
         1998 |  1.00 |        91 |                56.04 |             56.83 |             62 |                     44.13 |                  72.94
         1998 |  1.00 |        90 |                76.93 |            114.47 |             77 |                     87.98 |                  121.2
         1998 |  1.00 |        90 |                46.43 |             30.75 |             85 |                     44.84 |                  71.47
         1998 |  2.00 |        90 |                42.69 |             34.06 |             31 |                     43.78 |                   16.1
         1998 |  2.00 |        89 |                15.54 |              8.69 |             43 |                     94.69 |                  86.59
         1998 |  1.00 |        89 |                12.08 |              9.66 |             58 |                     93.27 |                 181.04
         1998 |  1.00 |        88 |                76.17 |             24.07 |             61 |                     75.59 |                  25.19
         1998 |  2.00 |        88 |                 61.5 |             77.71 |             32 |                     69.18 |                  91.96
         1998 |  3.00 |        88 |                 4.58 |              3.64 |             27 |                     39.35 |                  15.71
         1998 |  1.00 |        87 |                83.69 |            111.83 |             52 |                     72.76 |                   7.48
         1998 |  1.00 |        87 |                81.81 |             72.87 |             78 |                     13.12 |                  21.55
         1998 |  6.00 |        87 |                10.41 |              4.92 |             13 |                     15.03 |                   7.88
         1998 |  2.00 |        86 |                83.78 |             41.03 |             32 |                     94.47 |                 182.84
         1998 |  1.00 |        86 |                60.78 |             45.51 |             63 |                     26.52 |                  24.85
         1998 |  1.00 |        85 |                67.74 |             55.14 |             58 |                     81.65 |                 125.65
         1998 |  1.00 |        85 |                46.25 |             28.97 |             43 |                     58.34 |                  96.26
         1998 |  7.00 |        84 |                52.84 |             63.64 |             12 |                     44.55 |                  36.09
         1998 |  2.00 |        84 |                29.59 |             23.84 |             36 |                     95.65 |                  171.7
         1998 |  1.00 |        84 |                29.42 |             36.18 |             47 |                     50.31 |                  86.07
         1998 |  1.00 |        84 |                27.66 |             30.46 |             59 |                     86.46 |                  69.83
         1998 |  3.00 |        83 |                   87 |             93.42 |             26 |                     78.38 |                 131.74
         1998 |  1.00 |        83 |                50.59 |             50.16 |             44 |                     32.17 |                  65.25
         1998 |  1.00 |        82 |                50.42 |              5.82 |             49 |                     29.02 |                  36.42
         1998 |  5.00 |        81 |                96.22 |             70.54 |             14 |                      1.96 |                   0.11
         1998 |  1.00 |        81 |                  3.4 |              1.76 |             49 |                     96.56 |                     70
         1998 |  5.00 |        80 |                57.55 |            104.94 |             16 |                     56.76 |                  15.32
         1998 |  3.00 |        80 |                36.72 |             28.99 |             22 |                     51.29 |                  71.71
         1998 |  0.00 |        80 |                35.45 |              6.39 |             87 |                     63.26 |                  43.44
         1998 |  9.00 |        79 |                 50.7 |             39.42 |              8 |                     50.68 |                   18.8
         1998 |  2.00 |        79 |                28.87 |             50.52 |             30 |                     35.41 |                  35.32
         1998 |  1.00 |        79 |                11.34 |              1.71 |             75 |                     34.18 |                  30.02
         1998 |  2.00 |        79 |                10.71 |             13.81 |             38 |                        75 |                  70.87
         1998 |  1.00 |        78 |                83.09 |              1.41 |             51 |                     44.44 |                  13.06
         1998 |  4.00 |        78 |                31.87 |             39.97 |             18 |                         9 |                   3.69
         1998 | 11.00 |        78 |                25.82 |             14.84 |              7 |                     47.34 |                  48.45
         1998 |  0.00 |        76 |                98.48 |            179.38 |             89 |                     14.77 |                  35.04
         1998 |  0.00 |        76 |                81.69 |            149.55 |             80 |                     60.86 |                  11.67
         1998 |  8.00 |        76 |                 53.2 |             45.94 |              9 |                      7.31 |                   3.01
         1998 |  5.00 |        76 |                23.38 |             33.36 |             13 |                     10.26 |                  11.78
         1998 |  1.00 |        75 |                68.84 |             36.61 |             42 |                     54.51 |                  51.12
         1998 |  0.00 |        75 |                37.56 |              36.7 |             80 |                     39.82 |                  39.68
         1998 |  1.00 |        75 |                19.07 |             15.01 |             38 |                      3.61 |                   5.07
         1998 |  0.00 |        74 |                73.52 |            131.84 |             87 |                     12.52 |                  23.92
         1998 |  1.00 |        74 |                24.11 |              9.48 |             56 |                     13.31 |                   0.74
         1998 | 73.00 |        73 |                91.25 |             80.17 |              1 |                     85.11 |                 109.15
         1998 |  0.00 |        72 |                84.49 |            161.42 |             88 |                      4.29 |                   11.8
         1998 |  1.00 |        71 |                72.53 |             80.21 |             65 |                      9.19 |                   7.66
         1998 |  1.00 |        71 |                35.94 |              25.8 |             65 |                      64.3 |                  61.17
         1998 |  8.00 |        71 |                17.78 |             12.96 |              8 |                     95.83 |                 126.06
         1998 |  3.00 |        70 |                82.17 |             82.41 |             20 |                     62.06 |                  82.06
         1998 |  1.00 |        70 |                55.78 |            103.34 |             53 |                       5.5 |                   2.25
         1998 |  0.00 |        70 |                20.91 |             23.53 |             81 |                     68.49 |                  65.05
         1998 |  4.00 |        69 |                73.02 |             75.46 |             16 |                     60.57 |                  23.12
         1998 |  1.00 |        69 |                65.67 |              36.7 |             47 |                     86.21 |                 100.89
         1998 | 23.00 |        69 |                14.84 |             21.52 |              3 |                     43.91 |                  12.89
         1998 |  9.00 |        68 |                35.31 |             28.45 |              7 |                     25.35 |                  38.78
         1998 |  1.00 |        67 |                12.29 |               6.7 |             52 |                      8.15 |                   7.97
         1998 |  0.00 |        66 |                91.35 |             91.01 |             68 |                     96.15 |                 137.29
         1998 |  0.00 |        66 |                11.62 |              2.71 |             97 |                      51.8 |                  54.37
         1998 |  2.00 |        65 |                89.33 |             66.88 |             31 |                     60.04 |                   7.61
         1998 |  0.00 |        65 |                74.02 |             56.62 |             68 |                     54.79 |                  54.69
         1998 |  0.00 |        65 |                64.05 |             69.67 |             85 |                     24.62 |                  14.63
         1998 |  0.00 |        65 |                40.48 |             21.98 |             93 |                        86 |                  64.24
         1998 |  1.00 |        63 |                 46.6 |              8.93 |             40 |                      1.72 |                   0.58
         1998 |  0.00 |        61 |                89.79 |             85.14 |             82 |                     21.27 |                  40.57
         1998 |  1.00 |        61 |                51.36 |             33.26 |             51 |                     79.27 |                  85.32
         1998 |  1.00 |        61 |                46.09 |             37.08 |             40 |                     32.92 |                  19.11
         1998 |  1.00 |        61 |                17.13 |               1.6 |             47 |                     80.15 |                 109.23
         1998 |  0.00 |        60 |                 74.6 |             50.97 |             88 |                      20.1 |                  15.02
(100 rows)

UPDATE time_statistics SET e_time = TRANSACTION_TIMESTAMP() WHERE template = 'query78.tpl' AND stream = 0;
psql:/tmp/s1-basline/power/query_0.sql:4102: NOTICE:  duration: 0.034 ms  plan:
Query Text: UPDATE time_statistics SET e_time = TRANSACTION_TIMESTAMP() WHERE template = 'query78.tpl' AND stream = 0;
Update on time_statistics  (cost=0.00..1.88 rows=0 width=0) (actual time=0.034..0.034 rows=0 loops=1)
  ->  Seq Scan on time_statistics  (cost=0.00..1.88 rows=1 width=14) (actual time=0.020..0.021 rows=1 loops=1)
        Filter: ((template = 'query78.tpl'::text) AND (stream = 0))
        Rows Removed by Filter: 78
UPDATE 1
LOAD 'auto_explain'; SET auto_explain.log_min_duration TO 0; SET auto_explain.log_analyze TO on; SET auto_explain.log_level TO notice; INSERT INTO time_statistics (template, s_time, stream, query, seed) VALUES ('query79.tpl', TRANSACTION_TIMESTAMP(), 0, 79, 711517696);
LOAD
SET
SET
SET
psql:/tmp/s1-basline/power/query_0.sql:4103: NOTICE:  duration: 0.008 ms  plan:
Query Text: INSERT INTO time_statistics (template, s_time, stream, query, seed) VALUES ('query79.tpl', TRANSACTION_TIMESTAMP(), 0, 79, 711517696);
Insert on time_statistics  (cost=0.00..0.01 rows=0 width=0) (actual time=0.008..0.008 rows=0 loops=1)
  ->  Result  (cost=0.00..0.01 rows=1 width=64) (actual time=0.001..0.001 rows=1 loops=1)
INSERT 0 1
select 
  c_last_name,c_first_name,substr(s_city,1,30),ss_ticket_number,amt,profit
  from
   (select ss_ticket_number
          ,ss_customer_sk
          ,store.s_city
          ,sum(ss_coupon_amt) amt
          ,sum(ss_net_profit) profit
    from store_sales,date_dim,store,household_demographics
    where store_sales.ss_sold_date_sk = date_dim.d_date_sk
    and store_sales.ss_store_sk = store.s_store_sk  
    and store_sales.ss_hdemo_sk = household_demographics.hd_demo_sk
    and (household_demographics.hd_dep_count = 6 or household_demographics.hd_vehicle_count > 0)
    and date_dim.d_dow = 1
    and date_dim.d_year in (1998,1998+1,1998+2) 
    and store.s_number_employees between 200 and 295
    group by ss_ticket_number,ss_customer_sk,ss_addr_sk,store.s_city) ms,customer
    where ss_customer_sk = c_customer_sk
 order by c_last_name,c_first_name,substr(s_city,1,30), profit
limit 100;
psql:/tmp/s1-basline/power/query_0.sql:4123: NOTICE:  duration: 313.128 ms  plan:
Query Text: select 
  c_last_name,c_first_name,substr(s_city,1,30),ss_ticket_number,amt,profit
  from
   (select ss_ticket_number
          ,ss_customer_sk
          ,store.s_city
          ,sum(ss_coupon_amt) amt
          ,sum(ss_net_profit) profit
    from store_sales,date_dim,store,household_demographics
    where store_sales.ss_sold_date_sk = date_dim.d_date_sk
    and store_sales.ss_store_sk = store.s_store_sk  
    and store_sales.ss_hdemo_sk = household_demographics.hd_demo_sk
    and (household_demographics.hd_dep_count = 6 or household_demographics.hd_vehicle_count > 0)
    and date_dim.d_dow = 1
    and date_dim.d_year in (1998,1998+1,1998+2) 
    and store.s_number_employees between 200 and 295
    group by ss_ticket_number,ss_customer_sk,ss_addr_sk,store.s_city) ms,customer
    where ss_customer_sk = c_customer_sk
 order by c_last_name,c_first_name,substr(s_city,1,30), profit
limit 100;
Limit  (cost=94624.42..94624.67 rows=100 width=108) (actual time=313.036..313.052 rows=100 loops=1)
  ->  Sort  (cost=94624.42..94633.70 rows=3713 width=108) (actual time=313.036..313.045 rows=100 loops=1)
        Sort Key: customer.c_last_name, customer.c_first_name, (substr((store.s_city)::text, 1, 30)), (sum(store_sales.ss_net_profit))
        Sort Method: top-N heapsort  Memory: 48kB
        ->  Nested Loop  (cost=90335.35..94482.51 rows=3713 width=108) (actual time=234.037..307.137 rows=14576 loops=1)
              ->  GroupAggregate  (cost=90335.06..90437.17 rows=3713 width=47) (actual time=234.020..278.427 rows=15533 loops=1)
                    Group Key: store_sales.ss_ticket_number, store_sales.ss_customer_sk, store_sales.ss_addr_sk, store.s_city
                    ->  Sort  (cost=90335.06..90344.34 rows=3713 width=47) (actual time=234.007..246.781 rows=155617 loops=1)
                          Sort Key: store_sales.ss_ticket_number, store_sales.ss_customer_sk, store_sales.ss_addr_sk, store.s_city
                          Sort Method: external merge  Disk: 9208kB
                          ->  Hash Join  (cost=232.76..90114.91 rows=3713 width=47) (actual time=5.823..169.571 rows=155617 loops=1)
                                Hash Cond: (store_sales.ss_store_sk = store.s_store_sk)
                                ->  Hash Join  (cost=231.43..90099.92 rows=3893 width=48) (actual time=5.809..146.393 rows=157461 loops=1)
                                      Hash Cond: (store_sales.ss_hdemo_sk = household_demographics.hd_demo_sk)
                                      ->  Nested Loop  (cost=0.43..89853.59 rows=5834 width=56) (actual time=4.433..115.139 rows=231134 loops=1)
                                            ->  Seq Scan on date_dim  (cost=0.00..2592.05 rows=155 width=8) (actual time=4.422..9.378 rows=156 loops=1)
                                                  Filter: ((d_dow = 1) AND (d_year = ANY ('{1998,1999,2000}'::integer[])))
                                                  Rows Removed by Filter: 72893
                                            ->  Index Scan using i_ss_sold_date_sk on store_sales  (cost=0.43..547.90 rows=1508 width=64) (actual time=0.006..0.374 rows=1482 loops=156)
                                                  Index Cond: (ss_sold_date_sk = date_dim.d_date_sk)
                                      ->  Hash  (cost=168.00..168.00 rows=5040 width=8) (actual time=1.369..1.370 rows=5040 loops=1)
                                            Buckets: 8192  Batches: 1  Memory Usage: 261kB
                                            ->  Seq Scan on household_demographics  (cost=0.00..168.00 rows=5040 width=8) (actual time=0.065..0.861 rows=5040 loops=1)
                                                  Filter: ((hd_dep_count = 6) OR (hd_vehicle_count > 0))
                                                  Rows Removed by Filter: 2160
                                ->  Hash  (cost=1.18..1.18 rows=12 width=15) (actual time=0.011..0.011 rows=12 loops=1)
                                      Buckets: 1024  Batches: 1  Memory Usage: 9kB
                                      ->  Seq Scan on store  (cost=0.00..1.18 rows=12 width=15) (actual time=0.004..0.008 rows=12 loops=1)
                                            Filter: ((s_number_employees >= 200) AND (s_number_employees <= 295))
              ->  Index Scan using pk_customer on customer  (cost=0.29..1.08 rows=1 width=60) (actual time=0.001..0.001 rows=1 loops=15533)
                    Index Cond: (c_customer_sk = store_sales.ss_customer_sk)
          c_last_name           |     c_first_name     |  substr  | ss_ticket_number |        amt         |       profit        
--------------------------------+----------------------+----------+------------------+--------------------+---------------------
 Aaron                          | Robert               | Midway   |           182565 |            7814.03 |           -12708.83
 Abbott                         | Annette              | Midway   |            29826 |            1727.01 |  -8147.890000000001
 Abbott                         | Blanca               | Midway   |           106394 |            7593.79 |            -7805.46
 Abbott                         | Henrietta            | Fairview |           127952 |            6498.91 | -13634.520000000002
 Abbott                         | Lucille              | Fairview |            51811 |           14998.01 | -15815.830000000002
 Abbott                         | Lucille              | Fairview |           217305 |            4018.89 |            -9692.62
 Abbott                         | Robert               | Fairview |           187406 |             1159.6 |  -9272.760000000002
 Abbott                         | Sandra               | Midway   |            49188 |            1058.09 |           -18449.61
 Abbott                         | Saul                 | Fairview |           101224 |            3332.16 |            -9108.89
 Abel                           | Fred                 | Midway   |           105313 |                  0 |             -3957.5
 Abernathy                      | Donald               | Midway   |           118906 |                  0 |  -4221.740000000001
 Abernathy                      | William              | Midway   |           212819 |             1315.8 |           -13736.32
 Abney                          | Charles              | Midway   |           148442 |                  0 |            -4934.99
 Abney                          | Charles              | Midway   |           148442 |                    |            -3805.32
 Abney                          | John                 | Fairview |           133358 | 1485.8500000000001 |            -6871.73
 Abney                          | Roman                | Midway   |            45874 | 3803.6400000000003 |  -5558.740000000001
 Abraham                        | Deborah              | Fairview |            89362 |              433.7 | -10046.959999999997
 Abrams                         | Tina                 | Fairview |            18372 |            3599.63 |            -2773.38
 Abreu                          | Angela               | Fairview |            30422 |                  0 |             3675.02
 Abreu                          | Sandra               | Fairview |           101273 |            1567.44 | -13128.709999999997
 Ackerman                       | Sharon               | Midway   |            86954 |            2583.05 | -2814.3799999999997
 Ackerman                       | Toya                 | Midway   |           140354 |              24.02 |  -5722.639999999999
 Acosta                         | Catherine            | Midway   |           170988 |             614.36 |  -7362.770000000002
 Acosta                         | Deborah              | Fairview |            89283 |            3342.15 | -20012.199999999997
 Acosta                         | Everett              | Midway   |            63738 |            2485.65 |  -7688.939999999999
 Acosta                         | George               | Midway   |            21987 |             7490.8 | -21175.559999999998
 Acosta                         | Jennifer             | Midway   |           142199 |            2018.01 |            -1937.96
 Acosta                         | Leona                | Midway   |            16724 |            3729.17 |  -8884.789999999999
 Acosta                         | Lori                 | Fairview |            43842 | 2771.1099999999997 |           -25457.89
 Acosta                         | Mark                 | Fairview |           142755 |            3248.56 | -13809.429999999998
 Acosta                         | Miguel               | Midway   |             2891 |            12497.3 | -14976.880000000003
 Acosta                         | Rhonda               | Midway   |           169961 |             220.03 | -3661.1100000000006
 Acosta                         | Vincent              | Midway   |             5131 |            5610.75 |            -7765.46
 Acosta                         | Vincent              | Midway   |             5131 |                    |            -3179.49
 Acuna                          | Diane                | Fairview |            31702 |                  0 |  -797.6399999999996
 Adair                          | Brandon              | Midway   |           117793 |            2072.41 |           -14725.36
 Adair                          | Carolyn              | Midway   |            76326 |                  0 | -10971.560000000001
 Adair                          | Johnny               | Midway   |             5893 |              11.11 |   63.52999999999993
 Adair                          | Paula                | Midway   |           100823 |            3627.01 | -14641.849999999997
 Adair                          | Susan                | Midway   |            24206 |            8173.21 |            -12834.5
 Adam                           | Adam                 | Midway   |              252 |            3578.91 |             -9816.7
 Adam                           | Ida                  | Midway   |            86412 |                 95 |            -4703.35
 Adam                           | Teresa               | Fairview |           232461 |             2947.9 |            -15906.3
 Adams                          | Bryan                | Midway   |            69812 |               5.04 | -1344.3300000000002
 Adams                          | Charles              | Midway   |           137993 |             421.91 |  -5360.099999999999
 Adams                          | Christie             | Fairview |            72148 |             904.42 | -13898.270000000002
 Adams                          | Christie             | Midway   |           173332 |            2610.56 | -18338.879999999997
 Adams                          | David                | Fairview |           201427 |             3048.7 |  -8055.199999999998
 Adams                          | David                | Midway   |           154790 |            7591.43 | -16550.829999999998
 Adams                          | Douglas              | Midway   |            58875 |                0.3 | -12706.290000000003
 Adams                          | Earl                 | Midway   |            64498 |            1855.03 |           -11029.36
 Adams                          | Earl                 | Midway   |            35612 |            1495.67 | -3393.8199999999997
 Adams                          | George               | Midway   |           140963 |              378.5 |  -6154.029999999999
 Adams                          | Gloria               | Fairview |            82949 | 2728.8999999999996 |  -8796.010000000002
 Adams                          | Jacob                | Midway   |           239690 | 272.33000000000004 | -13489.879999999997
 Adams                          | Jacob                | Midway   |           106294 | 259.09000000000003 |            -7868.68
 Adams                          | Jacqueline           | Midway   |           216999 | 5470.7699999999995 | -2146.2200000000003
 Adams                          | Jessica              | Fairview |            18771 |            1332.17 |           -14297.59
 Adams                          | John                 | Midway   |           214905 |             898.81 |               -3873
 Adams                          | John                 | Midway   |           213332 |             487.19 |            -2481.97
 Adams                          | Kathleen             | Fairview |             8004 |            2895.63 | -11281.640000000001
 Adams                          | Kathleen             | Midway   |           180019 |           13829.23 |            -11598.2
 Adams                          | Kathy                | Midway   |           128932 |            2375.76 | -11441.390000000001
 Adams                          | Kathy                | Midway   |           192751 |             438.27 | -10168.109999999999
 Adams                          | Kati                 | Fairview |           190462 |             2093.4 |  -7146.060000000001
 Adams                          | Lisa                 | Midway   |            19698 |                  0 |  -8051.600000000001
 Adams                          | Lucy                 | Fairview |            88493 | 3137.3500000000004 |           -10398.59
 Adams                          | Peggie               | Midway   |           227532 |             630.25 |            -4537.57
 Adams                          | Ralph                | Midway   |           154285 |            1321.25 |  -6599.280000000001
 Adams                          | Ray                  | Midway   |           179412 |             644.31 |            -2398.62
 Adams                          | Raymond              | Midway   |            16435 |               2184 | -25257.079999999994
 Adams                          | Robert               | Fairview |           199812 |            2380.95 | -1721.8600000000006
 Adams                          | Steven               | Midway   |           149938 |            2633.44 | -3338.6099999999997
 Adams                          | Vickie               | Midway   |            34474 |             298.82 |            -5192.72
 Adams                          | Victor               | Midway   |           113295 |            2461.87 |              -14648
 Adams                          | Warren               | Midway   |           117253 |             393.22 |           -31491.78
 Adams                          |                      | Midway   |           189598 |               8.34 |  -5287.700000000001
 Adamson                        | Philip               | Midway   |            56102 |                  0 |           -14443.47
 Adcock                         | Rosa                 | Midway   |           193850 |            3302.88 |           -11630.97
 Adcock                         | William              | Midway   |           205759 |             6122.8 |  -9768.989999999998
 Addison                        | Hazel                | Midway   |           203691 |             983.88 |            -9650.55
 Addison                        | Opal                 | Fairview |            41622 | 2651.1099999999997 |  -1932.550000000001
 Addison                        | Thomas               | Fairview |            12350 |             108.77 |  -49.68999999999997
 Adkins                         | Anthony              | Midway   |           107776 |                  0 |           -11330.24
 Adkins                         | Horace               | Midway   |           201693 |            3514.68 | -14888.140000000003
 Adkins                         | Janet                | Fairview |            12808 |            1231.22 |            -8648.17
 Adkins                         | Karen                | Midway   |           142442 |                  0 |            -6530.52
 Adkins                         | Phyllis              | Fairview |           117531 |                  0 |            -8600.72
 Adkins                         | Tina                 | Midway   |           134457 |            2693.37 |  -9558.560000000001
 Adkins                         | Wayne                | Fairview |            18234 |            2720.94 |           -10920.28
 Adkins                         | Wayne                | Fairview |            18234 |                    |             -212.94
 Adkins                         |                      | Midway   |             4474 |             159.23 |  -9802.230000000001
 Adler                          | Edwin                | Midway   |            39997 |              708.7 | -18741.379999999997
 Adler                          | Edwin                | Midway   |           220601 |            2413.27 | -11214.509999999998
 Adler                          | Jose                 | Fairview |           101871 |             571.08 |  -4212.820000000001
 Adler                          | Jose                 | Midway   |           115795 | 1188.6599999999999 |  -7688.660000000001
 Adler                          | Terry                | Fairview |            69171 |            6843.31 |            -5468.25
 Aguiar                         | Deanna               | Midway   |            21903 |             732.63 |           -12264.77
 Aguilar                        | Ethel                | Midway   |            74009 |            2801.82 | -2395.1600000000003
 Aguilar                        | Isabel               | Fairview |           154980 |  847.9200000000001 |               -5137
(100 rows)

UPDATE time_statistics SET e_time = TRANSACTION_TIMESTAMP() WHERE template = 'query79.tpl' AND stream = 0;
psql:/tmp/s1-basline/power/query_0.sql:4125: NOTICE:  duration: 0.035 ms  plan:
Query Text: UPDATE time_statistics SET e_time = TRANSACTION_TIMESTAMP() WHERE template = 'query79.tpl' AND stream = 0;
Update on time_statistics  (cost=0.00..1.88 rows=0 width=0) (actual time=0.034..0.035 rows=0 loops=1)
  ->  Seq Scan on time_statistics  (cost=0.00..1.88 rows=1 width=14) (actual time=0.019..0.019 rows=1 loops=1)
        Filter: ((template = 'query79.tpl'::text) AND (stream = 0))
        Rows Removed by Filter: 79
UPDATE 1
LOAD 'auto_explain'; SET auto_explain.log_min_duration TO 0; SET auto_explain.log_analyze TO on; SET auto_explain.log_level TO notice; INSERT INTO time_statistics (template, s_time, stream, query, seed) VALUES ('../query_postgresql/query80.tpl', TRANSACTION_TIMESTAMP(), 0, 80, 2054200743);
LOAD
SET
SET
SET
psql:/tmp/s1-basline/power/query_0.sql:4126: NOTICE:  duration: 0.009 ms  plan:
Query Text: INSERT INTO time_statistics (template, s_time, stream, query, seed) VALUES ('../query_postgresql/query80.tpl', TRANSACTION_TIMESTAMP(), 0, 80, 2054200743);
Insert on time_statistics  (cost=0.00..0.01 rows=0 width=0) (actual time=0.008..0.009 rows=0 loops=1)
  ->  Result  (cost=0.00..0.01 rows=1 width=64) (actual time=0.001..0.001 rows=1 loops=1)
INSERT 0 1
with ssr as
 (select  s_store_id as store_id,
          sum(ss_ext_sales_price) as sales,
          sum(coalesce(sr_return_amt, 0)) as returns,
          sum(ss_net_profit - coalesce(sr_net_loss, 0)) as profit
  from store_sales left outer join store_returns on
         (ss_item_sk = sr_item_sk and ss_ticket_number = sr_ticket_number),
     date_dim,
     store,
     item,
     promotion
 where ss_sold_date_sk = d_date_sk
       and d_date between cast('1999-08-26' as date) 
                  and (cast('1999-08-26' as date) + interval '30 days')
       and ss_store_sk = s_store_sk
       and ss_item_sk = i_item_sk
       and i_current_price > 50
       and ss_promo_sk = p_promo_sk
       and p_channel_tv = 'N'
 group by s_store_id)
 ,
 csr as
 (select  cp_catalog_page_id as catalog_page_id,
          sum(cs_ext_sales_price) as sales,
          sum(coalesce(cr_return_amount, 0)) as returns,
          sum(cs_net_profit - coalesce(cr_net_loss, 0)) as profit
  from catalog_sales left outer join catalog_returns on
         (cs_item_sk = cr_item_sk and cs_order_number = cr_order_number),
     date_dim,
     catalog_page,
     item,
     promotion
 where cs_sold_date_sk = d_date_sk
       and d_date between cast('1999-08-26' as date)
                  and (cast('1999-08-26' as date) +  interval '30 days')
        and cs_catalog_page_sk = cp_catalog_page_sk
       and cs_item_sk = i_item_sk
       and i_current_price > 50
       and cs_promo_sk = p_promo_sk
       and p_channel_tv = 'N'
group by cp_catalog_page_id)
 ,
 wsr as
 (select  web_site_id,
          sum(ws_ext_sales_price) as sales,
          sum(coalesce(wr_return_amt, 0)) as returns,
          sum(ws_net_profit - coalesce(wr_net_loss, 0)) as profit
  from web_sales left outer join web_returns on
         (ws_item_sk = wr_item_sk and ws_order_number = wr_order_number),
     date_dim,
     web_site,
     item,
     promotion
 where ws_sold_date_sk = d_date_sk
       and d_date between cast('1999-08-26' as date)
                  and (cast('1999-08-26' as date) + interval '30 days')
        and ws_web_site_sk = web_site_sk
       and ws_item_sk = i_item_sk
       and i_current_price > 50
       and ws_promo_sk = p_promo_sk
       and p_channel_tv = 'N'
group by web_site_id)
  select  channel
        , id
        , sum(sales) as sales
        , sum(returns) as returns
        , sum(profit) as profit
 from 
 (select 'store channel' as channel
        , 'store' || store_id as id
        , sales
        , returns
        , profit
 from   ssr
 union all
 select 'catalog channel' as channel
        , 'catalog_page' || catalog_page_id as id
        , sales
        , returns
        , profit
 from  csr
 union all
 select 'web channel' as channel
        , 'web_site' || web_site_id as id
        , sales
        , returns
        , profit
 from   wsr
 ) x
 group by rollup (channel, id)
 order by channel
         ,id
 limit 100;
psql:/tmp/s1-basline/power/query_0.sql:4219: NOTICE:  duration: 283.023 ms  plan:
Query Text: with ssr as
 (select  s_store_id as store_id,
          sum(ss_ext_sales_price) as sales,
          sum(coalesce(sr_return_amt, 0)) as returns,
          sum(ss_net_profit - coalesce(sr_net_loss, 0)) as profit
  from store_sales left outer join store_returns on
         (ss_item_sk = sr_item_sk and ss_ticket_number = sr_ticket_number),
     date_dim,
     store,
     item,
     promotion
 where ss_sold_date_sk = d_date_sk
       and d_date between cast('1999-08-26' as date) 
                  and (cast('1999-08-26' as date) + interval '30 days')
       and ss_store_sk = s_store_sk
       and ss_item_sk = i_item_sk
       and i_current_price > 50
       and ss_promo_sk = p_promo_sk
       and p_channel_tv = 'N'
 group by s_store_id)
 ,
 csr as
 (select  cp_catalog_page_id as catalog_page_id,
          sum(cs_ext_sales_price) as sales,
          sum(coalesce(cr_return_amount, 0)) as returns,
          sum(cs_net_profit - coalesce(cr_net_loss, 0)) as profit
  from catalog_sales left outer join catalog_returns on
         (cs_item_sk = cr_item_sk and cs_order_number = cr_order_number),
     date_dim,
     catalog_page,
     item,
     promotion
 where cs_sold_date_sk = d_date_sk
       and d_date between cast('1999-08-26' as date)
                  and (cast('1999-08-26' as date) +  interval '30 days')
        and cs_catalog_page_sk = cp_catalog_page_sk
       and cs_item_sk = i_item_sk
       and i_current_price > 50
       and cs_promo_sk = p_promo_sk
       and p_channel_tv = 'N'
group by cp_catalog_page_id)
 ,
 wsr as
 (select  web_site_id,
          sum(ws_ext_sales_price) as sales,
          sum(coalesce(wr_return_amt, 0)) as returns,
          sum(ws_net_profit - coalesce(wr_net_loss, 0)) as profit
  from web_sales left outer join web_returns on
         (ws_item_sk = wr_item_sk and ws_order_number = wr_order_number),
     date_dim,
     web_site,
     item,
     promotion
 where ws_sold_date_sk = d_date_sk
       and d_date between cast('1999-08-26' as date)
                  and (cast('1999-08-26' as date) + interval '30 days')
        and ws_web_site_sk = web_site_sk
       and ws_item_sk = i_item_sk
       and i_current_price > 50
       and ws_promo_sk = p_promo_sk
       and p_channel_tv = 'N'
group by web_site_id)
  select  channel
        , id
        , sum(sales) as sales
        , sum(returns) as returns
        , sum(profit) as profit
 from 
 (select 'store channel' as channel
        , 'store' || store_id as id
        , sales
        , returns
        , profit
 from   ssr
 union all
 select 'catalog channel' as channel
        , 'catalog_page' || catalog_page_id as id
        , sales
        , returns
        , profit
 from  csr
 union all
 select 'web channel' as channel
        , 'web_site' || web_site_id as id
        , sales
        , returns
        , profit
 from   wsr
 ) x
 group by rollup (channel, id)
 order by channel
         ,id
 limit 100;
Limit  (cost=42015.55..42022.94 rows=100 width=88) (actual time=243.351..282.958 rows=100 loops=1)
  ->  GroupAggregate  (cost=42015.55..42023.46 rows=107 width=88) (actual time=243.350..282.951 rows=100 loops=1)
        Group Key: ('store channel'::text), (('store'::text || (ssr.store_id)::text))
        Group Key: ('store channel'::text)
        Group Key: ()
        ->  Gather Merge  (cost=42015.55..42021.72 rows=53 width=88) (actual time=243.345..282.900 rows=101 loops=1)
              Workers Planned: 2
              Workers Launched: 2
              ->  Sort  (cost=41015.53..41015.58 rows=21 width=88) (actual time=137.720..137.729 rows=41 loops=3)
                    Sort Key: ('store channel'::text), (('store'::text || (ssr.store_id)::text))
                    Sort Method: quicksort  Memory: 67kB
                    Worker 0:  Sort Method: quicksort  Memory: 26kB
                    Worker 1:  Sort Method: quicksort  Memory: 25kB
                    ->  Parallel Append  (cost=1.57..41015.07 rows=21 width=88) (actual time=122.092..137.586 rows=136 loops=3)
                          ->  Subquery Scan on ssr  (cost=1.57..41014.96 rows=6 width=88) (actual time=189.466..235.202 rows=6 loops=1)
                                ->  GroupAggregate  (cost=1.57..41014.87 rows=6 width=41) (actual time=189.462..235.194 rows=6 loops=1)
                                      Group Key: store.s_store_id
                                      ->  Nested Loop Left Join  (cost=1.57..41014.11 rows=56 width=49) (actual time=5.411..234.625 rows=3088 loops=1)
                                            ->  Nested Loop  (cost=1.14..40989.17 rows=56 width=49) (actual time=5.353..225.392 rows=3088 loops=1)
                                                  Join Filter: (store_sales.ss_promo_sk = promotion.p_promo_sk)
                                                  Rows Removed by Join Filter: 469797
                                                  ->  Nested Loop  (cost=1.14..40712.95 rows=59 width=57) (actual time=5.167..182.012 rows=3151 loops=1)
                                                        Join Filter: (store_sales.ss_store_sk = store.s_store_sk)
                                                        Rows Removed by Join Filter: 35429
                                                        ->  Index Scan using i_s_store_id on store  (cost=0.14..3.62 rows=12 width=25) (actual time=0.066..0.071 rows=12 loops=1)
                                                        ->  Materialize  (cost=1.01..40698.33 rows=62 width=48) (actual time=0.062..14.915 rows=3215 loops=12)
                                                              ->  Nested Loop  (cost=1.01..40698.02 rows=62 width=48) (actual time=0.739..176.407 rows=3215 loops=1)
                                                                    ->  Nested Loop  (cost=0.72..40338.58 rows=1167 width=48) (actual time=0.205..67.357 rows=61890 loops=1)
                                                                          ->  Index Scan using i_d_date on date_dim  (cost=0.29..3.11 rows=31 width=8) (actual time=0.091..0.104 rows=31 loops=1)
                                                                                Index Cond: ((d_date >= '1999-08-26'::date) AND (d_date <= '1999-09-25 00:00:00'::timestamp without time zone))
                                                                          ->  Index Scan using i_ss_sold_date_sk on store_sales  (cost=0.43..1286.06 rows=1508 width=56) (actual time=0.015..1.811 rows=1996 loops=31)
                                                                                Index Cond: (ss_sold_date_sk = date_dim.d_date_sk)
                                                                    ->  Index Scan using pk_item on item  (cost=0.29..0.31 rows=1 width=8) (actual time=0.002..0.002 rows=0 loops=61890)
                                                                          Index Cond: (i_item_sk = store_sales.ss_item_sk)
                                                                          Filter: (i_current_price > '50'::double precision)
                                                                          Rows Removed by Filter: 1
                                                  ->  Materialize  (cost=0.00..13.24 rows=298 width=8) (actual time=0.000..0.005 rows=150 loops=3151)
                                                        ->  Seq Scan on promotion  (cost=0.00..11.75 rows=298 width=8) (actual time=0.019..0.160 rows=298 loops=1)
                                                              Filter: (p_channel_tv = 'N'::bpchar)
                                                              Rows Removed by Filter: 2
                                            ->  Index Scan using pk_store_returns on store_returns  (cost=0.42..0.45 rows=1 width=32) (actual time=0.003..0.003 rows=0 loops=3088)
                                                  Index Cond: ((sr_item_sk = store_sales.ss_item_sk) AND (sr_ticket_number = store_sales.ss_ticket_number))
                          ->  Subquery Scan on wsr  (cost=11535.15..11535.77 rows=15 width=88) (actual time=96.622..96.810 rows=15 loops=1)
                                ->  GroupAggregate  (cost=11535.15..11535.54 rows=15 width=41) (actual time=96.617..96.801 rows=15 loops=1)
                                      Group Key: web_site.web_site_id
                                      ->  Sort  (cost=11535.15..11535.19 rows=16 width=49) (actual time=96.596..96.634 rows=809 loops=1)
                                            Sort Key: web_site.web_site_id
                                            Worker 0:  Sort Method: quicksort  Memory: 89kB
                                            ->  Nested Loop  (cost=1.42..11534.83 rows=16 width=49) (actual time=16.383..96.030 rows=809 loops=1)
                                                  Join Filter: (web_sales.ws_promo_sk = promotion_1.p_promo_sk)
                                                  Rows Removed by Join Filter: 242061
                                                  ->  Seq Scan on promotion promotion_1  (cost=0.00..11.75 rows=298 width=8) (actual time=0.031..0.144 rows=298 loops=1)
                                                        Filter: (p_channel_tv = 'N'::bpchar)
                                                        Rows Removed by Filter: 2
                                                  ->  Materialize  (cost=1.42..11451.60 rows=16 width=57) (actual time=0.002..0.270 rows=815 loops=298)
                                                        ->  Nested Loop  (cost=1.42..11451.52 rows=16 width=57) (actual time=0.512..71.535 rows=815 loops=1)
                                                              Join Filter: (web_sales.ws_web_site_sk = web_site.web_site_sk)
                                                              Rows Removed by Join Filter: 10866
                                                              ->  Nested Loop Left Join  (cost=1.42..11442.37 rows=16 width=48) (actual time=0.458..70.200 rows=815 loops=1)
                                                                    ->  Nested Loop  (cost=1.00..11435.32 rows=16 width=48) (actual time=0.392..66.448 rows=815 loops=1)
                                                                          ->  Nested Loop  (cost=0.72..11340.92 rows=305 width=48) (actual time=0.185..23.485 rows=16559 loops=1)
                                                                                ->  Index Scan using i_d_date on date_dim date_dim_1  (cost=0.29..3.11 rows=31 width=8) (actual time=0.093..0.108 rows=31 loops=1)
                                                                                      Index Cond: ((d_date >= '1999-08-26'::date) AND (d_date <= '1999-09-25 00:00:00'::timestamp without time zone))
                                                                                ->  Index Scan using i_ws_sold_date_sk on web_sales  (cost=0.42..361.79 rows=395 width=56) (actual time=0.016..0.642 rows=534 loops=31)
                                                                                      Index Cond: (ws_sold_date_sk = date_dim_1.d_date_sk)
                                                                          ->  Index Scan using pk_item on item item_1  (cost=0.29..0.31 rows=1 width=8) (actual time=0.002..0.002 rows=0 loops=16559)
                                                                                Index Cond: (i_item_sk = web_sales.ws_item_sk)
                                                                                Filter: (i_current_price > '50'::double precision)
                                                                                Rows Removed by Filter: 1
                                                                    ->  Index Scan using pk_web_returns on web_returns  (cost=0.42..0.44 rows=1 width=32) (actual time=0.004..0.004 rows=0 loops=815)
                                                                          Index Cond: ((wr_item_sk = web_sales.ws_item_sk) AND (wr_order_number = web_sales.ws_order_number))
                                                              ->  Materialize  (cost=0.00..2.45 rows=30 width=25) (actual time=0.000..0.001 rows=14 loops=815)
                                                                    ->  Seq Scan on web_site  (cost=0.00..2.30 rows=30 width=25) (actual time=0.031..0.045 rows=28 loops=1)
                          ->  Subquery Scan on csr  (cost=1915.72..1917.00 rows=32 width=88) (actual time=80.186..80.701 rows=387 loops=1)
                                ->  GroupAggregate  (cost=1915.72..1916.52 rows=32 width=41) (actual time=80.183..80.598 rows=387 loops=1)
                                      Group Key: catalog_page.cp_catalog_page_id
                                      ->  Sort  (cost=1915.72..1915.80 rows=32 width=49) (actual time=80.176..80.234 rows=1500 loops=1)
                                            Sort Key: catalog_page.cp_catalog_page_id
                                            Sort Method: quicksort  Memory: 168kB
                                            ->  Nested Loop  (cost=1.86..1914.92 rows=32 width=49) (actual time=0.080..77.603 rows=1500 loops=1)
                                                  ->  Nested Loop  (cost=1.71..1909.56 rows=32 width=57) (actual time=0.077..75.652 rows=1517 loops=1)
                                                        ->  Nested Loop Left Join  (cost=1.43..1899.87 rows=32 width=48) (actual time=0.066..73.490 rows=1520 loops=1)
                                                              ->  Nested Loop  (cost=1.01..1885.67 rows=32 width=48) (actual time=0.062..70.190 rows=1520 loops=1)
                                                                    ->  Nested Loop  (cost=0.72..1698.42 rows=607 width=48) (actual time=0.023..14.005 rows=31756 loops=1)
                                                                          ->  Index Scan using i_d_date on date_dim date_dim_2  (cost=0.29..3.11 rows=31 width=8) (actual time=0.010..0.023 rows=31 loops=1)
                                                                                Index Cond: ((d_date >= '1999-08-26'::date) AND (d_date <= '1999-09-25 00:00:00'::timestamp without time zone))
                                                                          ->  Index Scan using i_cs_sold_date_sk on catalog_sales  (cost=0.43..46.87 rows=782 width=56) (actual time=0.005..0.256 rows=1024 loops=31)
                                                                                Index Cond: (cs_sold_date_sk = date_dim_2.d_date_sk)
                                                                    ->  Index Scan using pk_item on item item_2  (cost=0.29..0.31 rows=1 width=8) (actual time=0.002..0.002 rows=0 loops=31756)
                                                                          Index Cond: (i_item_sk = catalog_sales.cs_item_sk)
                                                                          Filter: (i_current_price > '50'::double precision)
                                                                          Rows Removed by Filter: 1
                                                              ->  Index Scan using pk_catalog_returns on catalog_returns  (cost=0.42..0.44 rows=1 width=32) (actual time=0.002..0.002 rows=0 loops=1520)
                                                                    Index Cond: ((cr_item_sk = catalog_sales.cs_item_sk) AND (cr_order_number = catalog_sales.cs_order_number))
                                                        ->  Index Scan using pk_catalog_page on catalog_page  (cost=0.29..0.30 rows=1 width=25) (actual time=0.001..0.001 rows=1 loops=1520)
                                                              Index Cond: (cp_catalog_page_sk = catalog_sales.cs_catalog_page_sk)
                                                  ->  Index Scan using pk_promotion on promotion promotion_2  (cost=0.15..0.17 rows=1 width=8) (actual time=0.001..0.001 rows=1 loops=1517)
                                                        Index Cond: (p_promo_sk = catalog_sales.cs_promo_sk)
                                                        Filter: (p_channel_tv = 'N'::bpchar)
                                                        Rows Removed by Filter: 0
     channel     |              id              |       sales        |      returns       |       profit        
-----------------+------------------------------+--------------------+--------------------+---------------------
 catalog channel | catalog_pageAAAAAAAAAALAAAAA |            3031.44 |                  0 |            -2083.41
 catalog channel | catalog_pageAAAAAAAAABIAAAAA |  51457.87000000001 |           13365.84 | -1233.0200000000004
 catalog channel | catalog_pageAAAAAAAAABLAAAAA |            3931.15 |             2647.5 |              -65.88
 catalog channel | catalog_pageAAAAAAAAACIAAAAA |           17033.52 |                  0 |             2671.11
 catalog channel | catalog_pageAAAAAAAAACLAAAAA | 1655.6000000000001 |                  0 |              291.11
 catalog channel | catalog_pageAAAAAAAAADIAAAAA |           24412.81 |            1313.64 |   5280.510000000001
 catalog channel | catalog_pageAAAAAAAAADLAAAAA |            7347.16 |                  0 |            -9250.95
 catalog channel | catalog_pageAAAAAAAAAEIAAAAA |           19526.56 |                  0 | -2738.3600000000006
 catalog channel | catalog_pageAAAAAAAAAELAAAAA |            2037.18 |                  0 |               -3739
 catalog channel | catalog_pageAAAAAAAAAFIAAAAA |           16806.75 |                  0 |            -3682.08
 catalog channel | catalog_pageAAAAAAAAAFLAAAAA |             468.52 |                  0 |             -580.87
 catalog channel | catalog_pageAAAAAAAAAGIAAAAA |           16213.67 |              19.88 |            -1253.82
 catalog channel | catalog_pageAAAAAAAAAGLAAAAA | 3323.4500000000003 |                  0 |             -192.83
 catalog channel | catalog_pageAAAAAAAAAHIAAAAA | 19329.399999999998 |            1206.72 |           -16815.68
 catalog channel | catalog_pageAAAAAAAAAIIAAAAA |            9867.51 |                  0 |  1950.8999999999999
 catalog channel | catalog_pageAAAAAAAAAJIAAAAA |           11519.55 |                  0 |  3750.5299999999997
 catalog channel | catalog_pageAAAAAAAAAKIAAAAA |             270.62 |              29.64 | -167.10000000000002
 catalog channel | catalog_pageAAAAAAAAAKKAAAAA | 11389.210000000001 |            5632.55 |  3472.0399999999995
 catalog channel | catalog_pageAAAAAAAAALIAAAAA |            5105.75 |                  0 |            -1818.03
 catalog channel | catalog_pageAAAAAAAAALKAAAAA |             834.14 |                  0 |            -1882.43
 catalog channel | catalog_pageAAAAAAAAAMIAAAAA |            3175.44 |              24.25 |            -7501.17
 catalog channel | catalog_pageAAAAAAAAANIAAAAA |  5565.259999999999 |            1210.24 |           -15156.39
 catalog channel | catalog_pageAAAAAAAAANKAAAAA |            1036.41 |                  0 |  -88.99000000000001
 catalog channel | catalog_pageAAAAAAAAAOKAAAAA |            5023.96 |             507.76 |            -4748.25
 catalog channel | catalog_pageAAAAAAAABALAAAAA |             4302.9 |                  0 |  -585.2299999999999
 catalog channel | catalog_pageAAAAAAAABBIAAAAA | 10925.810000000001 |                  0 |  -469.7599999999999
 catalog channel | catalog_pageAAAAAAAABCIAAAAA |            5771.51 |                  0 | -1658.2500000000002
 catalog channel | catalog_pageAAAAAAAABCLAAAAA | 4181.5599999999995 |                  0 | -2846.5299999999997
 catalog channel | catalog_pageAAAAAAAABDIAAAAA |           24810.93 |             165.58 |   5592.709999999999
 catalog channel | catalog_pageAAAAAAAABDLAAAAA | 18999.530000000002 |                  0 |             8748.77
 catalog channel | catalog_pageAAAAAAAABEIAAAAA |             5446.6 |                  0 |            -8774.36
 catalog channel | catalog_pageAAAAAAAABELAAAAA |            19355.6 |                  0 |             10925.2
 catalog channel | catalog_pageAAAAAAAABFIAAAAA |            2093.93 |                  0 |            -2612.35
 catalog channel | catalog_pageAAAAAAAABFLAAAAA |           15898.02 | 2591.8500000000004 | -1785.2499999999995
 catalog channel | catalog_pageAAAAAAAABGIAAAAA |            8867.19 |            2306.37 |  -4357.860000000001
 catalog channel | catalog_pageAAAAAAAABGLAAAAA |            9399.85 |             289.17 |            -4164.15
 catalog channel | catalog_pageAAAAAAAABHIAAAAA |            10771.2 |                  0 |             3382.94
 catalog channel | catalog_pageAAAAAAAABIIAAAAA |             1889.4 |                  0 |              500.49
 catalog channel | catalog_pageAAAAAAAABJIAAAAA |            1381.89 |                  0 |            -1124.43
 catalog channel | catalog_pageAAAAAAAABJKAAAAA | 3942.2799999999997 |                  0 |               909.5
 catalog channel | catalog_pageAAAAAAAABKIAAAAA |             4742.4 |                  0 |           -11261.44
 catalog channel | catalog_pageAAAAAAAABLIAAAAA |  7783.279999999999 |                  0 |            -3119.46
 catalog channel | catalog_pageAAAAAAAABLKAAAAA |                 20 |                  0 |              -649.4
 catalog channel | catalog_pageAAAAAAAABMIAAAAA |  9609.749999999998 |              758.3 | -10396.390000000003
 catalog channel | catalog_pageAAAAAAAABNIAAAAA | 4063.9799999999996 |            1885.89 |            -6386.44
 catalog channel | catalog_pageAAAAAAAABPKAAAAA |            3797.34 |                  0 |  1521.0700000000002
 catalog channel | catalog_pageAAAAAAAACALAAAAA |           13650.96 |                  0 |            -5784.63
 catalog channel | catalog_pageAAAAAAAACBIAAAAA |           25345.89 |             430.82 | -2948.5199999999995
 catalog channel | catalog_pageAAAAAAAACBLAAAAA |            6015.94 |                  0 | -5486.4400000000005
 catalog channel | catalog_pageAAAAAAAACCIAAAAA | 25935.149999999998 |            1717.54 |             8284.54
 catalog channel | catalog_pageAAAAAAAACCLAAAAA |            4380.21 |             403.13 | -3084.6499999999996
 catalog channel | catalog_pageAAAAAAAACDIAAAAA | 31034.229999999996 |                  0 |              5102.4
 catalog channel | catalog_pageAAAAAAAACDLAAAAA |            9935.23 |             1401.9 |             2557.12
 catalog channel | catalog_pageAAAAAAAACEIAAAAA |           22560.73 |              507.1 |             7500.37
 catalog channel | catalog_pageAAAAAAAACFIAAAAA |           38236.75 |           10400.19 |            -3829.91
 catalog channel | catalog_pageAAAAAAAACFLAAAAA |            3916.46 |                  0 |               -8.36
 catalog channel | catalog_pageAAAAAAAACGIAAAAA |            3724.82 |                  0 |              988.15
 catalog channel | catalog_pageAAAAAAAACGLAAAAA |            5383.67 |                  0 |  -739.1100000000001
 catalog channel | catalog_pageAAAAAAAACHIAAAAA |            1177.02 |                  0 |            -1096.58
 catalog channel | catalog_pageAAAAAAAACJIAAAAA | 1130.1499999999999 |                  0 |  -8194.980000000001
 catalog channel | catalog_pageAAAAAAAACJKAAAAA |            1461.48 |                  0 |              122.36
 catalog channel | catalog_pageAAAAAAAACKIAAAAA | 19864.559999999998 |                  0 |  -6973.389999999999
 catalog channel | catalog_pageAAAAAAAACKKAAAAA |             101.14 |                  0 |                24.7
 catalog channel | catalog_pageAAAAAAAACLIAAAAA |            3354.14 |                  0 |            -1178.94
 catalog channel | catalog_pageAAAAAAAACLKAAAAA |            7718.52 |                  0 |   777.2799999999999
 catalog channel | catalog_pageAAAAAAAACMIAAAAA |             686.96 |                  0 |              274.16
 catalog channel | catalog_pageAAAAAAAACMKAAAAA |            8180.64 |                  0 |              3724.5
 catalog channel | catalog_pageAAAAAAAACNIAAAAA |            9636.35 |             2470.5 |             -9786.2
 catalog channel | catalog_pageAAAAAAAACNKAAAAA |            7280.12 |                  0 |            -1682.16
 catalog channel | catalog_pageAAAAAAAACOKAAAAA |            2711.61 |                  0 |  -6191.280000000001
 catalog channel | catalog_pageAAAAAAAACPKAAAAA |            3957.08 |                  0 |            -3588.84
 catalog channel | catalog_pageAAAAAAAADALAAAAA |                 40 |                  0 |              -184.8
 catalog channel | catalog_pageAAAAAAAADBIAAAAA |            5094.04 |                  0 | -3554.7000000000003
 catalog channel | catalog_pageAAAAAAAADBLAAAAA |            1782.62 |                  0 |            -1586.78
 catalog channel | catalog_pageAAAAAAAADCIAAAAA |            5362.32 |            3227.26 |            -3158.34
 catalog channel | catalog_pageAAAAAAAADCLAAAAA | 2320.1499999999996 |                  0 |            -3496.57
 catalog channel | catalog_pageAAAAAAAADDIAAAAA |           26467.08 |            1520.31 |  -4908.060000000001
 catalog channel | catalog_pageAAAAAAAADEIAAAAA | 12720.449999999999 |              56.08 | -3818.0399999999995
 catalog channel | catalog_pageAAAAAAAADELAAAAA |  5976.360000000001 |                  0 |             -621.27
 catalog channel | catalog_pageAAAAAAAADFIAAAAA | 1923.2400000000002 |              28.22 |  274.78999999999996
 catalog channel | catalog_pageAAAAAAAADFLAAAAA |              66.24 |               43.2 |             -479.19
 catalog channel | catalog_pageAAAAAAAADGIAAAAA | 24529.989999999998 |                  0 |  3308.8499999999995
 catalog channel | catalog_pageAAAAAAAADGLAAAAA |            4834.08 |            2982.36 |              457.51
 catalog channel | catalog_pageAAAAAAAADHIAAAAA | 16782.639999999996 |                  0 |  1031.5700000000002
 catalog channel | catalog_pageAAAAAAAADIIAAAAA | 13485.170000000002 |            1316.88 |            -9212.15
 catalog channel | catalog_pageAAAAAAAADJIAAAAA |           10821.75 |             577.16 |             5507.13
 catalog channel | catalog_pageAAAAAAAADKIAAAAA | 3254.6699999999996 |              40.17 | -7757.1900000000005
 catalog channel | catalog_pageAAAAAAAADKKAAAAA |             176.34 |                  0 |             -7168.8
 catalog channel | catalog_pageAAAAAAAADLIAAAAA | 10570.229999999998 |             368.55 |  1438.8199999999997
 catalog channel | catalog_pageAAAAAAAADMIAAAAA |  954.0799999999999 |                  0 |             -389.23
 catalog channel | catalog_pageAAAAAAAADMKAAAAA | 5687.5599999999995 |                  0 | -121.08000000000001
 catalog channel | catalog_pageAAAAAAAADNIAAAAA |            7356.32 |                  0 | -2542.5800000000004
 catalog channel | catalog_pageAAAAAAAADOKAAAAA |           12070.48 |                  0 |              7510.4
 catalog channel | catalog_pageAAAAAAAAEALAAAAA |            2033.85 |                  0 |              108.22
 catalog channel | catalog_pageAAAAAAAAEBIAAAAA | 14923.739999999998 |                  0 |           -10212.75
 catalog channel | catalog_pageAAAAAAAAECIAAAAA | 23024.809999999998 |              48.96 | -16956.969999999998
 catalog channel | catalog_pageAAAAAAAAECLAAAAA |           12027.66 |                  0 |  -290.3499999999999
 catalog channel | catalog_pageAAAAAAAAEDIAAAAA | 34373.770000000004 |             632.84 |             3575.22
 catalog channel | catalog_pageAAAAAAAAEDLAAAAA |            6436.15 |                  0 |             3978.61
 catalog channel | catalog_pageAAAAAAAAEEIAAAAA |            3568.17 |                  0 |             1767.58
(100 rows)

UPDATE time_statistics SET e_time = TRANSACTION_TIMESTAMP() WHERE template = '../query_postgresql/query80.tpl' AND stream = 0;
psql:/tmp/s1-basline/power/query_0.sql:4221: NOTICE:  duration: 0.030 ms  plan:
Query Text: UPDATE time_statistics SET e_time = TRANSACTION_TIMESTAMP() WHERE template = '../query_postgresql/query80.tpl' AND stream = 0;
Update on time_statistics  (cost=0.00..1.88 rows=0 width=0) (actual time=0.030..0.030 rows=0 loops=1)
  ->  Seq Scan on time_statistics  (cost=0.00..1.88 rows=1 width=14) (actual time=0.016..0.016 rows=1 loops=1)
        Filter: ((template = '../query_postgresql/query80.tpl'::text) AND (stream = 0))
        Rows Removed by Filter: 80
UPDATE 1
LOAD 'auto_explain'; SET auto_explain.log_min_duration TO 0; SET auto_explain.log_analyze TO on; SET auto_explain.log_level TO notice; INSERT INTO time_statistics (template, s_time, stream, query, seed) VALUES ('query81.tpl', TRANSACTION_TIMESTAMP(), 0, 81, 292634773);
LOAD
SET
SET
SET
psql:/tmp/s1-basline/power/query_0.sql:4222: NOTICE:  duration: 0.008 ms  plan:
Query Text: INSERT INTO time_statistics (template, s_time, stream, query, seed) VALUES ('query81.tpl', TRANSACTION_TIMESTAMP(), 0, 81, 292634773);
Insert on time_statistics  (cost=0.00..0.01 rows=0 width=0) (actual time=0.008..0.008 rows=0 loops=1)
  ->  Result  (cost=0.00..0.01 rows=1 width=64) (actual time=0.001..0.001 rows=1 loops=1)
INSERT 0 1
with customer_total_return as
 (select cr_returning_customer_sk as ctr_customer_sk
        ,ca_state as ctr_state, 
 	sum(cr_return_amt_inc_tax) as ctr_total_return
 from catalog_returns
     ,date_dim
     ,customer_address
 where cr_returned_date_sk = d_date_sk 
   and d_year =2002
   and cr_returning_addr_sk = ca_address_sk 
 group by cr_returning_customer_sk
         ,ca_state )
  select  c_customer_id,c_salutation,c_first_name,c_last_name,ca_street_number,ca_street_name
                   ,ca_street_type,ca_suite_number,ca_city,ca_county,ca_state,ca_zip,ca_country,ca_gmt_offset
                  ,ca_location_type,ctr_total_return
 from customer_total_return ctr1
     ,customer_address
     ,customer
 where ctr1.ctr_total_return > (select avg(ctr_total_return)*1.2
 			  from customer_total_return ctr2 
                  	  where ctr1.ctr_state = ctr2.ctr_state)
       and ca_address_sk = c_current_addr_sk
       and ca_state = 'ID'
       and ctr1.ctr_customer_sk = c_customer_sk
 order by c_customer_id,c_salutation,c_first_name,c_last_name,ca_street_number,ca_street_name
                   ,ca_street_type,ca_suite_number,ca_city,ca_county,ca_state,ca_zip,ca_country,ca_gmt_offset
                  ,ca_location_type,ctr_total_return
 limit 100;
psql:/tmp/s1-basline/power/query_0.sql:4250: NOTICE:  duration: 73033.859 ms  plan:
Query Text: with customer_total_return as
 (select cr_returning_customer_sk as ctr_customer_sk
        ,ca_state as ctr_state, 
 	sum(cr_return_amt_inc_tax) as ctr_total_return
 from catalog_returns
     ,date_dim
     ,customer_address
 where cr_returned_date_sk = d_date_sk 
   and d_year =2002
   and cr_returning_addr_sk = ca_address_sk 
 group by cr_returning_customer_sk
         ,ca_state )
  select  c_customer_id,c_salutation,c_first_name,c_last_name,ca_street_number,ca_street_name
                   ,ca_street_type,ca_suite_number,ca_city,ca_county,ca_state,ca_zip,ca_country,ca_gmt_offset
                  ,ca_location_type,ctr_total_return
 from customer_total_return ctr1
     ,customer_address
     ,customer
 where ctr1.ctr_total_return > (select avg(ctr_total_return)*1.2
 			  from customer_total_return ctr2 
                  	  where ctr1.ctr_state = ctr2.ctr_state)
       and ca_address_sk = c_current_addr_sk
       and ca_state = 'ID'
       and ctr1.ctr_customer_sk = c_customer_sk
 order by c_customer_id,c_salutation,c_first_name,c_last_name,ca_street_number,ca_street_name
                   ,ca_street_type,ca_suite_number,ca_city,ca_county,ca_state,ca_zip,ca_country,ca_gmt_offset
                  ,ca_location_type,ctr_total_return
 limit 100;
Limit  (cost=16376.42..16376.43 rows=3 width=215) (actual time=73033.727..73033.741 rows=100 loops=1)
  CTE customer_total_return
    ->  GroupAggregate  (cost=4667.97..4682.01 rows=702 width=19) (actual time=74.306..85.580 rows=27610 loops=1)
          Group Key: catalog_returns.cr_returning_customer_sk, customer_address_1.ca_state
          ->  Sort  (cost=4667.97..4669.72 rows=702 width=19) (actual time=74.299..76.045 rows=28055 loops=1)
                Sort Key: catalog_returns.cr_returning_customer_sk, customer_address_1.ca_state
                Sort Method: quicksort  Memory: 2511kB
                ->  Nested Loop  (cost=0.58..4634.78 rows=702 width=19) (actual time=4.194..67.119 rows=28055 loops=1)
                      ->  Nested Loop  (cost=0.29..4407.34 rows=717 width=24) (actual time=4.189..25.158 rows=28617 loops=1)
                            ->  Seq Scan on date_dim  (cost=0.00..2318.11 rows=363 width=8) (actual time=4.181..8.570 rows=365 loops=1)
                                  Filter: (d_year = 2002)
                                  Rows Removed by Filter: 72684
                            ->  Index Scan using i_cr_returned_date_sk on catalog_returns  (cost=0.29..5.04 rows=72 width=32) (actual time=0.002..0.032 rows=78 loops=365)
                                  Index Cond: (cr_returned_date_sk = date_dim.d_date_sk)
                      ->  Index Scan using pk_customer_address on customer_address customer_address_1  (cost=0.29..0.32 rows=1 width=11) (actual time=0.001..0.001 rows=1 loops=28617)
                            Index Cond: (ca_address_sk = catalog_returns.cr_returning_addr_sk)
  ->  Sort  (cost=11694.42..11694.43 rows=3 width=215) (actual time=73033.727..73033.731 rows=100 loops=1)
        Sort Key: customer.c_customer_id, customer.c_salutation, customer.c_first_name, customer.c_last_name, customer_address.ca_street_number, customer_address.ca_street_name, customer_address.ca_street_type, customer_address.ca_suite_number, customer_address.ca_city, customer_address.ca_county, customer_address.ca_zip, customer_address.ca_country, customer_address.ca_gmt_offset, customer_address.ca_location_type, ctr1.ctr_total_return
        Sort Method: quicksort  Memory: 51kB
        ->  Nested Loop  (cost=0.58..11694.39 rows=3 width=215) (actual time=332.291..73033.491 rows=101 loops=1)
              ->  Nested Loop  (cost=0.29..11618.58 rows=234 width=96) (actual time=103.947..73018.789 rows=6813 loops=1)
                    ->  CTE Scan on customer_total_return ctr1  (cost=0.00..11121.43 rows=234 width=16) (actual time=103.937..73001.118 rows=6838 loops=1)
                          Filter: (ctr_total_return > (SubPlan 2))
                          Rows Removed by Filter: 20772
                          SubPlan 2
                            ->  Aggregate  (cost=15.81..15.82 rows=1 width=8) (actual time=2.641..2.641 rows=1 loops=27610)
                                  ->  CTE Scan on customer_total_return ctr2  (cost=0.00..15.79 rows=4 width=8) (actual time=0.060..2.579 rows=795 loops=27610)
                                        Filter: (ctr1.ctr_state = ctr_state)
                                        Rows Removed by Filter: 26815
                    ->  Index Scan using pk_customer on customer  (cost=0.29..2.12 rows=1 width=96) (actual time=0.002..0.002 rows=1 loops=6838)
                          Index Cond: (c_customer_sk = ctr1.ctr_customer_sk)
              ->  Index Scan using pk_customer_address on customer_address  (cost=0.29..0.32 rows=1 width=135) (actual time=0.002..0.002 rows=0 loops=6813)
                    Index Cond: (ca_address_sk = customer.c_current_addr_sk)
                    Filter: (ca_state = 'ID'::bpchar)
                    Rows Removed by Filter: 1
  c_customer_id   | c_salutation |     c_first_name     |          c_last_name           | ca_street_number |  ca_street_name  | ca_street_type  | ca_suite_number |    ca_city     |     ca_county     | ca_state |   ca_zip   |  ca_country   | ca_gmt_offset |   ca_location_type   | ctr_total_return 
------------------+--------------+----------------------+--------------------------------+------------------+------------------+-----------------+-----------------+----------------+-------------------+----------+------------+---------------+---------------+----------------------+------------------
 AAAAAAAAAEHLAAAA | Miss         | Kristen              | Mosley                         | 723              | Sycamore College | Ave             | Suite F         | Farmington     | Washington County | ID       | 89145      | United States |            -7 | single family        |          1825.52
 AAAAAAAAAFNDBAAA | Ms.          | Aaron                | Tran                           | 377              | South Park       | Dr.             | Suite Y         | Oakland        | Caribou County    | ID       | 89843      | United States |            -7 | apartment            |           1844.6
 AAAAAAAAAJGAAAAA | Miss         | Kristin              | Pilcher                        | 496              | Williams         | Street          | Suite B         | Adrian         | Oneida County     | ID       | 83301      | United States |            -7 | single family        |          1919.97
 AAAAAAAAAODLAAAA | Miss         | Babette              | Tanner                         | 532              | Lakeview Cherry  | Parkway         | Suite 170       | Clifton        | Minidoka County   | ID       | 88014      | United States |            -7 | condo                |          1851.06
 AAAAAAAABAACBAAA | Mrs.         | Phyllis              | Dodd                           | 975              | View             | Court           | Suite L         | Crossroads     | Jefferson County  | ID       | 80534      | United States |            -7 | apartment            |          1753.09
 AAAAAAAABBKEAAAA | Sir          | Charles              | Gibbs                          | 425              | Cherry           | Street          | Suite P         | Lee            | Gem County        | ID       | 80408      | United States |            -7 | apartment            |          3196.04
 AAAAAAAABELPAAAA | Dr.          | Rolando              | Holland                        | 827              | Wilson           | Road            | Suite 400       | Westgate       | Bingham County    | ID       | 82366      | United States |            -7 | condo                |          2735.26
 AAAAAAAABFPMAAAA | Dr.          | Laura                | Zamora                         |                  | Locust Fourth    | Circle          |                 | Guilford       | Bonneville County | ID       |            |               |            -7 |                      |          5130.11
 AAAAAAAABGNNAAAA | Dr.          | Donald               | Ibarra                         | 883              |                  | Parkway         | Suite S         | Andover        | Power County      | ID       | 81639      |               |               | condo                |          2620.75
 AAAAAAAABJGEAAAA | Mr.          | Mike                 | Bolden                         | 610              | 5th 6th          | Ln              | Suite 190       | Spring Valley  | Boise County      | ID       | 86060      | United States |            -7 | single family        |          1926.17
 AAAAAAAABKELAAAA | Miss         | Barbara              | Giron                          | 685              | Jefferson        | Way             | Suite A         | Harmony        | Bannock County    | ID       | 85804      | United States |            -7 | condo                |          4701.49
 AAAAAAAABOGDAAAA | Mr.          | Charles              | Hunt                           | 449              | Sixth 3rd        | ST              | Suite M         | Oakdale        | Shoshone County   | ID       | 89584      | United States |            -7 | single family        |          1932.98
 AAAAAAAABOOCBAAA | Mr.          | Kenneth              | Arce                           | 130              |                  |                 | Suite B         |                |                   | ID       |            | United States |               | condo                |          2639.46
 AAAAAAAACAKFBAAA | Sir          | Gary                 | Thomas                         | 620              | 11th             | Lane            | Suite O         | Plainville     | Bannock County    | ID       | 86115      | United States |            -7 | condo                |          1889.75
 AAAAAAAACCFABAAA | Miss         | Raquel               | Baughman                       | 375              | Wilson 3rd       | Parkway         | Suite B         | Lakeside       | Clark County      | ID       | 89532      | United States |            -7 | condo                |          4690.84
 AAAAAAAACCFABAAA | Miss         | Raquel               | Baughman                       | 375              | Wilson 3rd       | Parkway         | Suite B         | Lakeside       | Clark County      | ID       | 89532      | United States |            -7 | condo                |          7940.65
 AAAAAAAACCONAAAA | Mr.          | Charles              | Sanchez                        |                  |                  |                 | Suite U         | Salem          | Kootenai County   | ID       | 88048      | United States |            -7 |                      |          2284.85
 AAAAAAAACDKBBAAA | Mr.          | David                | Simpson                        | 708              | Church 7th       | Circle          | Suite A         | Pleasant Grove | Bingham County    | ID       | 84136      | United States |            -7 | apartment            |          6456.67
 AAAAAAAACEJGBAAA | Mr.          | Christopher          | Byers                          | 619              | 6th Jackson      | Ct.             | Suite 30        | Riverview      | Twin Falls County | ID       | 89003      | United States |            -7 | condo                |          2892.75
 AAAAAAAACIFNAAAA |              |                      | Rivera                         | 353              | Lee Mill         | Drive           | Suite 260       | Lincoln        | Payette County    | ID       | 81289      | United States |            -7 | apartment            |          1577.18
 AAAAAAAACKCABAAA | Sir          | Nathaniel            | Gunter                         | 499              |                  | Lane            | Suite 260       |                |                   | ID       | 84244      |               |            -7 |                      |          5228.98
 AAAAAAAACOODAAAA | Dr.          | Berry                | Morin                          | 797              | East             | ST              | Suite A         | Hopewell       | Gooding County    | ID       | 80587      | United States |            -7 | apartment            |          3583.39
 AAAAAAAADCPIAAAA | Dr.          | Raphael              | Klein                          | 36               | Poplar Oak       | ST              | Suite 100       | Brownsville    | Ada County        | ID       | 89310      | United States |            -7 | apartment            |          2684.53
 AAAAAAAADDFFAAAA | Mrs.         | Diana                | Crosby                         | 122              | Johnson          | Pkwy            | Suite H         | Greenwood      | Caribou County    | ID       | 88828      | United States |            -7 | apartment            |          7090.16
 AAAAAAAADEHHAAAA | Mr.          | Jerome               | Cox                            | 39               | Davis First      | Wy              | Suite 430       | Plainview      | Blaine County     | ID       | 83683      | United States |            -7 | apartment            |          2925.11
 AAAAAAAADEHHAAAA | Mr.          | Jerome               | Cox                            | 39               | Davis First      | Wy              | Suite 430       | Plainview      | Blaine County     | ID       | 83683      | United States |            -7 | apartment            |          3631.47
 AAAAAAAADFPGBAAA | Dr.          | Irene                | Gallagher                      | 773              | Cherry View      |                 |                 | Wilson         | Blaine County     | ID       |            |               |               |                      |          9474.03
 AAAAAAAADLBJAAAA | Mrs.         | Catherine            | Miller                         | 707              | Locust Chestnut  | RD              | Suite 260       | Stringtown     | Idaho County      | ID       | 80162      | United States |            -7 | apartment            |          1784.18
 AAAAAAAADPMKAAAA | Dr.          | Terrie               | Turner                         | 363              | Madison          | Avenue          | Suite O         | Union          | Valley County     | ID       | 88721      | United States |            -7 | apartment            |         14910.85
 AAAAAAAAEBMLAAAA | Ms.          | Susan                | Jackson                        | 949              | North Sunset     | Ct.             | Suite 300       | Walnut Grove   | Clearwater County | ID       | 87752      | United States |            -7 | condo                |          2600.45
 AAAAAAAAELKFBAAA | Dr.          | Phillip              | Stephenson                     | 509              | Hickory          | Pkwy            | Suite 90        | Pine Grove     | Owyhee County     | ID       | 84593      | United States |            -7 | apartment            |          4520.01
 AAAAAAAAEMBGBAAA | Mrs.         | Barbra               | Flores                         | 121              | Spruce           | RD              | Suite M         | Providence     | Jefferson County  | ID       | 86614      | United States |            -7 | apartment            |          1660.59
 AAAAAAAAFADJAAAA | Miss         | Yolanda              | Renteria                       | 703              | Dogwood 2nd      | Street          | Suite R         | Church Hill    | Idaho County      | ID       | 83790      | United States |            -7 | apartment            |          3636.95
 AAAAAAAAFAMABAAA | Sir          | Terry                | Creamer                        | 370              | Ridge 7th        | RD              | Suite 480       | New Hope       | Shoshone County   | ID       | 89431      | United States |            -7 | single family        |          2027.73
 AAAAAAAAFAOCBAAA | Dr.          | Alicia               | England                        | 119              | Jefferson        | Ln              | Suite 260       | Bunker Hill    | Payette County    | ID       | 80150      | United States |            -7 | apartment            |          4675.44
 AAAAAAAAFAPIAAAA | Miss         | Wendy                | Espino                         | 182              | Sixth            | Circle          | Suite K         | Bunker Hill    | Valley County     | ID       | 80150      | United States |            -7 | single family        |          4869.37
 AAAAAAAAFEGAAAAA | Ms.          | Diane                | Grenier                        | 840              | 7th              | Avenue          | Suite 410       | Liberty        | Camas County      | ID       | 83451      | United States |            -7 | apartment            |          1930.82
 AAAAAAAAFEGAAAAA | Ms.          | Diane                | Grenier                        | 840              | 7th              | Avenue          | Suite 410       | Liberty        | Camas County      | ID       | 83451      | United States |            -7 | apartment            |          2143.33
 AAAAAAAAFHMDBAAA | Mr.          | Thomas               | Smith                          | 312              | Spring Sunset    | Parkway         | Suite 260       | Belmont        | Idaho County      | ID       | 80191      | United States |            -7 | apartment            |          2808.54
 AAAAAAAAFMEKAAAA | Dr.          | Hattie               | Davis                          | 326              | Spring Park      | Dr.             | Suite 100       | Pine Valley    | Oneida County     | ID       | 88209      | United States |            -7 | condo                |          3027.84
 AAAAAAAAFNBHAAAA | Mr.          | Ronald               | Anglin                         | 10               | 13th             | Way             | Suite 160       | Hamilton       | Latah County      | ID       | 82808      | United States |            -7 | single family        |          6352.15
 AAAAAAAAFPINAAAA |              |                      | Radford                        | 552              | Ridge            | Parkway         | Suite 440       | Summit         | Idaho County      | ID       | 80499      | United States |            -7 | condo                |          2567.13
 AAAAAAAAGCAHAAAA | Dr.          | Edward               | Carlson                        | 219              | Park 4th         | Road            | Suite 420       | Danville       | Cassia County     | ID       | 85420      | United States |            -7 | apartment            |          4702.26
 AAAAAAAAGCAHAAAA | Dr.          | Edward               | Carlson                        | 219              | Park 4th         | Road            | Suite 420       | Danville       | Cassia County     | ID       | 85420      | United States |            -7 | apartment            |          5628.16
 AAAAAAAAGHAKAAAA | Dr.          | Quentin              | Barnhill                       | 523              | Williams         | Wy              | Suite W         | Shady Grove    | Ada County        | ID       | 82812      | United States |            -7 | single family        |          3399.04
 AAAAAAAAGIBDBAAA | Mr.          | Robert               | Garcia                         | 864              | First            | ST              | Suite I         | Adrian         | Minidoka County   | ID       | 83301      | United States |            -7 | condo                |          8263.35
 AAAAAAAAGKBBAAAA | Miss         | Candice              | Richard                        | 353              | Lee Mill         | Drive           | Suite 260       | Lincoln        | Payette County    | ID       | 81289      | United States |            -7 | apartment            |          4427.23
 AAAAAAAAGLEBBAAA | Dr.          | Todd                 | Hope                           | 710              | 12th Oak         | Dr.             | Suite K         | Stringtown     | Nez Perce County  | ID       | 80162      | United States |            -7 | single family        |          2582.64
 AAAAAAAAGLGGBAAA | Mr.          | George               | Lucero                         | 433              | Johnson Lee      | Blvd            | Suite V         | Fairfield      | Valley County     | ID       | 86192      | United States |            -7 | apartment            |          1958.44
 AAAAAAAAGMKPAAAA | Ms.          | Cynthia              | Montgomery                     | 460              | Ninth            | Street          | Suite 200       | New Hope       | Bonner County     | ID       | 89431      | United States |            -7 | apartment            |          3412.88
 AAAAAAAAGMNOAAAA | Mr.          | John                 | Brothers                       | 993              | 8th              | Ct.             | Suite 490       | Oak Hill       | Lincoln County    | ID       | 87838      | United States |            -7 | condo                |          8390.27
 AAAAAAAAHDDKAAAA | Dr.          | Sonya                | Bradford                       | 985              | 4th              | Way             | Suite J         | Mechanicsburg  | Bingham County    | ID       | 82219      | United States |            -7 | condo                |          2852.32
 AAAAAAAAHDHFBAAA | Sir          | Peter                | Joyce                          | 573              | South Ash        | Pkwy            | Suite 260       | Crossroads     | Teton County      | ID       | 80534      | United States |            -7 | single family        |          4926.98
 AAAAAAAAHKGOAAAA | Sir          | James                | Sandoval                       | 375              | Wilson 3rd       | Parkway         | Suite B         | Lakeside       | Clark County      | ID       | 89532      | United States |            -7 | condo                |          3016.05
 AAAAAAAAHNBABAAA | Mr.          | Robert               | Carter                         | 128              | Main Johnson     | Street          | Suite 200       | Saint Clair    | Clark County      | ID       | 85294      | United States |            -7 | single family        |          7926.88
 AAAAAAAAIAOHBAAA | Ms.          | Jeanine              | Michels                        | 642              | Church 15th      | Dr.             | Suite 210       | Mountain View  | Franklin County   | ID       | 84466      | United States |            -7 | condo                |         16948.23
 AAAAAAAAICFNAAAA | Mr.          | Steven               | Robinson                       | 826              | Williams Main    | Road            | Suite 110       | Hopewell       | Nez Perce County  | ID       | 80587      | United States |            -7 | single family        |          7115.91
 AAAAAAAAIHAABAAA | Ms.          |                      | Akers                          | 222              | 10th Spring      | RD              | Suite T         | Shiloh         | Bear Lake County  | ID       | 89275      | United States |            -7 | single family        |          3081.79
 AAAAAAAAIHNNAAAA | Mrs.         | Diana                | Brown                          | 970              | Meadow           | Ct.             | Suite 230       | Liberty        | Bingham County    | ID       | 83451      | United States |            -7 | condo                |          8333.64
 AAAAAAAAIIIHAAAA | Mr.          | Frank                | Holmes                         | 604              | 9th Forest       | RD              | Suite 230       | Woodlawn       | Lewis County      | ID       | 84098      | United States |            -7 | condo                |          6656.78
 AAAAAAAAIOJAAAAA | Dr.          | Rick                 | King                           | 117              | Central 7th      | Blvd            | Suite E         | Payne          | Gem County        | ID       | 86134      | United States |            -7 | condo                |          8898.11
 AAAAAAAAJANNAAAA | Miss         | Alicia               | Nunley                         | 427              | Sixth            | Court           | Suite R         | Edgewood       | Teton County      | ID       | 80069      | United States |            -7 | apartment            |           2784.9
 AAAAAAAAJFKNAAAA | Dr.          | Carroll              | Duckett                        | 954              | Valley Church    | Wy              | Suite Y         | Riverview      | Lincoln County    | ID       | 89003      | United States |            -7 | apartment            |          2571.42
 AAAAAAAAJHGHBAAA | Dr.          | Gladys               | Reynolds                       | 789              | Williams Johnson | Circle          | Suite K         | Clifton        | Bear Lake County  | ID       | 88014      | United States |            -7 | apartment            |          4299.49
 AAAAAAAAJIGGBAAA |              | Melissa              |                                | 619              | 6th Jackson      | Ct.             | Suite 30        | Riverview      | Twin Falls County | ID       | 89003      | United States |            -7 | condo                |          4755.11
 AAAAAAAAJJOJAAAA | Ms.          | Veronica             | Moore                          | 190              | Main             | Street          | Suite 430       | Florence       | Canyon County     | ID       | 83394      | United States |            -7 | condo                |          3712.55
 AAAAAAAAJKJAAAAA | Mr.          | Walter               | Moreno                         | 729              | 5th Lake         | Boulevard       | Suite 170       | Oakdale        | Camas County      | ID       | 89584      | United States |            -7 | single family        |         16848.87
 AAAAAAAAJMODAAAA | Mrs.         | Dorothy              | Reynolds                       | 872              | Hillcrest Fifth  | Street          | Suite 130       | Newtown        | Gooding County    | ID       | 81749      | United States |            -7 | condo                |          2533.55
 AAAAAAAAKDODAAAA | Dr.          | Patrick              | Powell                         | 839              | 1st              | Cir.            | Suite 410       | Providence     | Lemhi County      | ID       | 86614      | United States |            -7 | apartment            |          3012.36
 AAAAAAAAKFNCAAAA | Mr.          | Thomas               | Hinds                          | 137              | Hillcrest Wilson | ST              | Suite W         | Oak Grove      | Idaho County      | ID       | 88370      | United States |            -7 | apartment            |          6492.74
 AAAAAAAAKLEGBAAA | Mrs.         |                      |                                | 773              | Cherry View      |                 |                 | Wilson         | Blaine County     | ID       |            |               |               |                      |           4775.4
 AAAAAAAAKLEGBAAA | Mrs.         |                      |                                | 773              | Cherry View      |                 |                 | Wilson         | Blaine County     | ID       |            |               |               |                      |          5832.63
 AAAAAAAAKLKAAAAA | Sir          | Paul                 | Lawrence                       | 799              | Poplar Main      | Road            | Suite P         | Fairfield      | Boise County      | ID       | 86192      | United States |            -7 | single family        |          4034.25
 AAAAAAAAKPFBBAAA | Sir          | Reginald             | Simon                          |                  | Poplar           |                 | Suite E         |                | Idaho County      | ID       |            |               |               |                      |          2237.56
 AAAAAAAALHMJAAAA | Dr.          | Janice               | Hales                          |                  |                  | Parkway         | Suite 450       | Lakewood       |                   | ID       | 88877      | United States |            -7 | single family        |           3822.4
 AAAAAAAALKNNAAAA | Dr.          | Stephen              | Cole                           | 839              | 1st              | Cir.            | Suite 410       | Providence     | Lemhi County      | ID       | 86614      | United States |            -7 | apartment            |          6906.16
 AAAAAAAAMEEJAAAA | Mr.          | Porter               | Keith                          | 297              | Willow           | Cir.            | Suite H         | Brownsville    | Bannock County    | ID       | 89310      | United States |            -7 | condo                |          2570.14
 AAAAAAAAMJGGAAAA | Sir          | Wilfred              | Willis                         | 624              | 4th Willow       | Boulevard       | Suite 70        | Cedar Grove    | Bonneville County | ID       | 80411      | United States |            -7 | apartment            |          2698.73
 AAAAAAAAMLDHBAAA | Miss         | Doris                | Harris                         | 229              | View             | Road            | Suite 450       | Spring Valley  | Madison County    | ID       | 86060      | United States |            -7 | apartment            |          6148.43
 AAAAAAAAMOKABAAA | Dr.          | Angel                | Adler                          | 153              | 2nd 12th         | Pkwy            | Suite D         | Brunswick      | Oneida County     | ID       | 84642      | United States |            -7 | condo                |          4622.94
 AAAAAAAAMPAOAAAA | Sir          | Eloy                 | Riley                          | 924              | Miller Oak       | Parkway         | Suite C         | Florence       | Lincoln County    | ID       | 83394      | United States |            -7 | apartment            |          2531.49
 AAAAAAAAMPAOAAAA | Sir          | Eloy                 | Riley                          | 924              | Miller Oak       | Parkway         | Suite C         | Florence       | Lincoln County    | ID       | 83394      | United States |            -7 | apartment            |          4441.31
 AAAAAAAANCDGBAAA | Ms.          | Karin                | Wentworth                      | 771              | Washington       | Ave             | Suite P         | Woodville      | Franklin County   | ID       | 84289      | United States |            -7 | apartment            |          1983.83
 AAAAAAAANGBFAAAA | Ms.          | Diana                | Kelley                         | 512              | Adams            | Wy              | Suite C         | Bridgeport     | Lewis County      | ID       | 85817      | United States |            -7 | apartment            |          3740.67
 AAAAAAAANGHCAAAA | Sir          | Troy                 | Sewell                         | 281              | Railroad         | Street          | Suite R         | Springfield    | Butte County      | ID       | 89303      | United States |            -7 | single family        |         13723.41
 AAAAAAAANIPEBAAA | Dr.          | Juan                 | Brown                          | 449              | Sixth 3rd        | ST              | Suite M         | Oakdale        | Shoshone County   | ID       | 89584      | United States |            -7 | single family        |          2076.36
 AAAAAAAANKFNAAAA | Miss         | Debra                | Judd                           | 708              | Church 7th       | Circle          | Suite A         | Pleasant Grove | Bingham County    | ID       | 84136      | United States |            -7 | apartment            |          2192.35
 AAAAAAAANLBEBAAA | Ms.          | Joyce                | Lopez                          | 991              | Hill             | Road            | Suite 460       | Midway         | Bingham County    | ID       | 81904      | United States |            -7 | apartment            |          4900.47
 AAAAAAAANLIHBAAA | Mr.          | Pedro                | Mathews                        | 262              | Seventh          | Wy              | Suite T         | Frankfort      | Madison County    | ID       | 89681      | United States |            -7 | single family        |          2355.74
 AAAAAAAANLJPAAAA | Dr.          | Salvador             | Kelley                         | 56               | Dogwood Pine     | Circle          | Suite 220       | Derby          | Twin Falls County | ID       | 87702      | United States |            -7 | condo                |          9976.32
 AAAAAAAAODAGAAAA | Sir          | Peter                | Page                           | 619              | Pine             | Ct.             | Suite O         | Wilson         | Power County      | ID       | 86971      | United States |            -7 | apartment            |         15593.19
 AAAAAAAAOEHGBAAA | Dr.          | Eduardo              | Mccray                         | 641              | Mill             | Street          | Suite S         | Bridgeport     | Kootenai County   | ID       | 85817      | United States |            -7 | single family        |          6488.48
 AAAAAAAAOEJDAAAA | Sir          | John                 | Harding                        | 392              | Hickory          | Wy              | Suite 410       | Shiloh         | Boise County      | ID       | 89275      | United States |            -7 | single family        |          1926.89
 AAAAAAAAOFEEBAAA |              | Eryn                 |                                | 330              | 3rd              | Lane            | Suite W         | Bunker Hill    | Bear Lake County  | ID       | 80150      | United States |            -7 | single family        |          1838.28
 AAAAAAAAOLEEAAAA | Mr.          | Willis               | Rosales                        | 192              | 3rd Broadway     | Ct.             | Suite J         | Lakeview       | Elmore County     | ID       | 88579      | United States |            -7 | apartment            |           3665.5
 AAAAAAAAOOMHAAAA | Dr.          | Callie               | Glass                          | 334              | Cherry           | Lane            | Suite A         | Shady Grove    | Ada County        | ID       | 82812      | United States |            -7 | apartment            |          3404.19
 AAAAAAAAPAFGAAAA | Mr.          | James                | Wooley                         | 458              | Johnson Maple    | Pkwy            | Suite W         | Shiloh         | Idaho County      | ID       | 89275      | United States |            -7 | condo                |          1950.31
 AAAAAAAAPBLBAAAA | Dr.          | Janice               | Owen                           | 384              | Sunset Seventh   | Drive           | Suite 100       | Greenwood      | Jerome County     | ID       | 88828      | United States |            -7 | apartment            |          2275.05
 AAAAAAAAPDHABAAA | Dr.          | Brooke               | Nichols                        | 319              | Oak              | Way             | Suite Q         | Mount Vernon   | Gem County        | ID       | 88482      | United States |            -7 | apartment            |          7118.09
 AAAAAAAAPHDCBAAA | Dr.          | Amy                  | Lowe                           | 706              | 14th Park        | Drive           | Suite V         | Oakdale        | Bonneville County | ID       | 89584      | United States |            -7 | single family        |          2602.92
(100 rows)

UPDATE time_statistics SET e_time = TRANSACTION_TIMESTAMP() WHERE template = 'query81.tpl' AND stream = 0;
psql:/tmp/s1-basline/power/query_0.sql:4252: NOTICE:  duration: 0.038 ms  plan:
Query Text: UPDATE time_statistics SET e_time = TRANSACTION_TIMESTAMP() WHERE template = 'query81.tpl' AND stream = 0;
Update on time_statistics  (cost=0.00..1.88 rows=0 width=0) (actual time=0.038..0.038 rows=0 loops=1)
  ->  Seq Scan on time_statistics  (cost=0.00..1.88 rows=1 width=14) (actual time=0.027..0.027 rows=1 loops=1)
        Filter: ((template = 'query81.tpl'::text) AND (stream = 0))
        Rows Removed by Filter: 81
UPDATE 1
LOAD 'auto_explain'; SET auto_explain.log_min_duration TO 0; SET auto_explain.log_analyze TO on; SET auto_explain.log_level TO notice; INSERT INTO time_statistics (template, s_time, stream, query, seed) VALUES ('../query_postgresql/query82.tpl', TRANSACTION_TIMESTAMP(), 0, 82, 916935698);
LOAD
SET
SET
SET
psql:/tmp/s1-basline/power/query_0.sql:4253: NOTICE:  duration: 0.009 ms  plan:
Query Text: INSERT INTO time_statistics (template, s_time, stream, query, seed) VALUES ('../query_postgresql/query82.tpl', TRANSACTION_TIMESTAMP(), 0, 82, 916935698);
Insert on time_statistics  (cost=0.00..0.01 rows=0 width=0) (actual time=0.008..0.009 rows=0 loops=1)
  ->  Result  (cost=0.00..0.01 rows=1 width=64) (actual time=0.001..0.002 rows=1 loops=1)
INSERT 0 1
select  i_item_id
       ,i_item_desc
       ,i_current_price
 from item, inventory, date_dim, store_sales
 where i_current_price between 42 and 42+30
 and inv_item_sk = i_item_sk
 and d_date_sk=inv_date_sk
 and d_date between cast('2000-06-16' as date) and (cast('2000-06-16' as date) + interval '60 days')
 and i_manufact_id in (183,891,436,517)
 and inv_quantity_on_hand between 100 and 500
 and ss_item_sk = i_item_sk
 group by i_item_id,i_item_desc,i_current_price
 order by i_item_id
 limit 100;
psql:/tmp/s1-basline/power/query_0.sql:4267: NOTICE:  duration: 6.785 ms  plan:
Query Text: select  i_item_id
       ,i_item_desc
       ,i_current_price
 from item, inventory, date_dim, store_sales
 where i_current_price between 42 and 42+30
 and inv_item_sk = i_item_sk
 and d_date_sk=inv_date_sk
 and d_date between cast('2000-06-16' as date) and (cast('2000-06-16' as date) + interval '60 days')
 and i_manufact_id in (183,891,436,517)
 and inv_quantity_on_hand between 100 and 500
 and ss_item_sk = i_item_sk
 group by i_item_id,i_item_desc,i_current_price
 order by i_item_id
 limit 100;
Limit  (cost=2536.43..2538.17 rows=3 width=127) (actual time=6.783..6.784 rows=0 loops=1)
  ->  Group  (cost=2536.43..2538.17 rows=3 width=127) (actual time=6.782..6.783 rows=0 loops=1)
        Group Key: item.i_item_id, item.i_item_desc, item.i_current_price
        ->  Sort  (cost=2536.43..2536.86 rows=174 width=127) (actual time=6.782..6.783 rows=0 loops=1)
              Sort Key: item.i_item_id, item.i_item_desc, item.i_current_price
              Sort Method: quicksort  Memory: 25kB
              ->  Nested Loop  (cost=1.28..2529.95 rows=174 width=127) (actual time=6.776..6.777 rows=0 loops=1)
                    ->  Nested Loop  (cost=0.85..2524.74 rows=1 width=143) (actual time=6.776..6.777 rows=0 loops=1)
                          ->  Seq Scan on item  (cost=0.00..1616.00 rows=3 width=135) (actual time=6.776..6.776 rows=0 loops=1)
                                Filter: ((i_current_price >= '42'::double precision) AND (i_current_price <= '72'::double precision) AND (i_manufact_id = ANY ('{183,891,436,517}'::integer[])))
                                Rows Removed by Filter: 18000
                          ->  Nested Loop  (cost=0.85..302.32 rows=59 width=8) (never executed)
                                ->  Index Scan using i_d_date on date_dim  (cost=0.29..4.67 rows=59 width=8) (never executed)
                                      Index Cond: ((d_date >= '2000-06-16'::date) AND (d_date <= '2000-08-15 00:00:00'::timestamp without time zone))
                                ->  Index Scan using pk_inventory on inventory  (cost=0.56..5.03 rows=1 width=16) (never executed)
                                      Index Cond: ((inv_date_sk = date_dim.d_date_sk) AND (inv_item_sk = item.i_item_sk))
                                      Filter: ((inv_quantity_on_hand >= 100) AND (inv_quantity_on_hand <= 500))
                    ->  Index Only Scan using pk_store_sales on store_sales  (cost=0.43..3.48 rows=174 width=8) (never executed)
                          Index Cond: (ss_item_sk = inventory.inv_item_sk)
                          Heap Fetches: 0
 i_item_id | i_item_desc | i_current_price 
-----------+-------------+-----------------
(0 rows)

UPDATE time_statistics SET e_time = TRANSACTION_TIMESTAMP() WHERE template = '../query_postgresql/query82.tpl' AND stream = 0;
psql:/tmp/s1-basline/power/query_0.sql:4269: NOTICE:  duration: 0.025 ms  plan:
Query Text: UPDATE time_statistics SET e_time = TRANSACTION_TIMESTAMP() WHERE template = '../query_postgresql/query82.tpl' AND stream = 0;
Update on time_statistics  (cost=0.00..1.88 rows=0 width=0) (actual time=0.024..0.024 rows=0 loops=1)
  ->  Seq Scan on time_statistics  (cost=0.00..1.88 rows=1 width=14) (actual time=0.014..0.015 rows=1 loops=1)
        Filter: ((template = '../query_postgresql/query82.tpl'::text) AND (stream = 0))
        Rows Removed by Filter: 82
UPDATE 1
LOAD 'auto_explain'; SET auto_explain.log_min_duration TO 0; SET auto_explain.log_analyze TO on; SET auto_explain.log_level TO notice; INSERT INTO time_statistics (template, s_time, stream, query, seed) VALUES ('query83.tpl', TRANSACTION_TIMESTAMP(), 0, 83, 1831846618);
LOAD
SET
SET
SET
psql:/tmp/s1-basline/power/query_0.sql:4270: NOTICE:  duration: 0.007 ms  plan:
Query Text: INSERT INTO time_statistics (template, s_time, stream, query, seed) VALUES ('query83.tpl', TRANSACTION_TIMESTAMP(), 0, 83, 1831846618);
Insert on time_statistics  (cost=0.00..0.01 rows=0 width=0) (actual time=0.007..0.007 rows=0 loops=1)
  ->  Result  (cost=0.00..0.01 rows=1 width=64) (actual time=0.001..0.001 rows=1 loops=1)
INSERT 0 1
with sr_items as
 (select i_item_id item_id,
        sum(sr_return_quantity) sr_item_qty
 from store_returns,
      item,
      date_dim
 where sr_item_sk = i_item_sk
 and   d_date    in 
	(select d_date
	from date_dim
	where d_week_seq in 
		(select d_week_seq
		from date_dim
	  where d_date in ('2002-04-21','2002-10-12','2002-11-23')))
 and   sr_returned_date_sk   = d_date_sk
 group by i_item_id),
 cr_items as
 (select i_item_id item_id,
        sum(cr_return_quantity) cr_item_qty
 from catalog_returns,
      item,
      date_dim
 where cr_item_sk = i_item_sk
 and   d_date    in 
	(select d_date
	from date_dim
	where d_week_seq in 
		(select d_week_seq
		from date_dim
	  where d_date in ('2002-04-21','2002-10-12','2002-11-23')))
 and   cr_returned_date_sk   = d_date_sk
 group by i_item_id),
 wr_items as
 (select i_item_id item_id,
        sum(wr_return_quantity) wr_item_qty
 from web_returns,
      item,
      date_dim
 where wr_item_sk = i_item_sk
 and   d_date    in 
	(select d_date
	from date_dim
	where d_week_seq in 
		(select d_week_seq
		from date_dim
		where d_date in ('2002-04-21','2002-10-12','2002-11-23')))
 and   wr_returned_date_sk   = d_date_sk
 group by i_item_id)
  select  sr_items.item_id
       ,sr_item_qty
       ,sr_item_qty/(sr_item_qty+cr_item_qty+wr_item_qty)/3.0 * 100 sr_dev
       ,cr_item_qty
       ,cr_item_qty/(sr_item_qty+cr_item_qty+wr_item_qty)/3.0 * 100 cr_dev
       ,wr_item_qty
       ,wr_item_qty/(sr_item_qty+cr_item_qty+wr_item_qty)/3.0 * 100 wr_dev
       ,(sr_item_qty+cr_item_qty+wr_item_qty)/3.0 average
 from sr_items
     ,cr_items
     ,wr_items
 where sr_items.item_id=cr_items.item_id
   and sr_items.item_id=wr_items.item_id 
 order by sr_items.item_id
         ,sr_item_qty
 limit 100;
psql:/tmp/s1-basline/power/query_0.sql:4334: NOTICE:  duration: 70.024 ms  plan:
Query Text: with sr_items as
 (select i_item_id item_id,
        sum(sr_return_quantity) sr_item_qty
 from store_returns,
      item,
      date_dim
 where sr_item_sk = i_item_sk
 and   d_date    in 
	(select d_date
	from date_dim
	where d_week_seq in 
		(select d_week_seq
		from date_dim
	  where d_date in ('2002-04-21','2002-10-12','2002-11-23')))
 and   sr_returned_date_sk   = d_date_sk
 group by i_item_id),
 cr_items as
 (select i_item_id item_id,
        sum(cr_return_quantity) cr_item_qty
 from catalog_returns,
      item,
      date_dim
 where cr_item_sk = i_item_sk
 and   d_date    in 
	(select d_date
	from date_dim
	where d_week_seq in 
		(select d_week_seq
		from date_dim
	  where d_date in ('2002-04-21','2002-10-12','2002-11-23')))
 and   cr_returned_date_sk   = d_date_sk
 group by i_item_id),
 wr_items as
 (select i_item_id item_id,
        sum(wr_return_quantity) wr_item_qty
 from web_returns,
      item,
      date_dim
 where wr_item_sk = i_item_sk
 and   d_date    in 
	(select d_date
	from date_dim
	where d_week_seq in 
		(select d_week_seq
		from date_dim
		where d_date in ('2002-04-21','2002-10-12','2002-11-23')))
 and   wr_returned_date_sk   = d_date_sk
 group by i_item_id)
  select  sr_items.item_id
       ,sr_item_qty
       ,sr_item_qty/(sr_item_qty+cr_item_qty+wr_item_qty)/3.0 * 100 sr_dev
       ,cr_item_qty
       ,cr_item_qty/(sr_item_qty+cr_item_qty+wr_item_qty)/3.0 * 100 cr_dev
       ,wr_item_qty
       ,wr_item_qty/(sr_item_qty+cr_item_qty+wr_item_qty)/3.0 * 100 wr_dev
       ,(sr_item_qty+cr_item_qty+wr_item_qty)/3.0 average
 from sr_items
     ,cr_items
     ,wr_items
 where sr_items.item_id=cr_items.item_id
   and sr_items.item_id=wr_items.item_id 
 order by sr_items.item_id
         ,sr_item_qty
 limit 100;
Limit  (cost=7241.53..7241.55 rows=10 width=169) (actual time=69.986..69.999 rows=27 loops=1)
  ->  Sort  (cost=7241.53..7241.55 rows=10 width=169) (actual time=69.985..69.996 rows=27 loops=1)
        Sort Key: item.i_item_id, (sum(store_returns.sr_return_quantity))
        Sort Method: quicksort  Memory: 28kB
        ->  Merge Join  (cost=7236.23..7241.36 rows=10 width=169) (actual time=66.610..69.979 rows=27 loops=1)
              Merge Cond: (item.i_item_id = item_2.i_item_id)
              ->  Merge Join  (cost=4832.68..4835.88 rows=20 width=50) (actual time=47.100..49.568 rows=204 loops=1)
                    Merge Cond: (item.i_item_id = item_1.i_item_id)
                    ->  GroupAggregate  (cost=2459.56..2460.96 rows=80 width=25) (actual time=31.021..32.164 rows=2679 loops=1)
                          Group Key: item.i_item_id
                          ->  Sort  (cost=2459.56..2459.76 rows=80 width=21) (actual time=31.017..31.212 rows=3186 loops=1)
                                Sort Key: item.i_item_id
                                Sort Method: quicksort  Memory: 296kB
                                ->  Nested Loop  (cost=2333.94..2457.03 rows=80 width=21) (actual time=13.707..22.208 rows=3198 loops=1)
                                      ->  Nested Loop  (cost=2333.65..2432.23 rows=80 width=12) (actual time=13.702..17.112 rows=3198 loops=1)
                                            ->  Nested Loop  (cost=2333.23..2340.37 rows=21 width=8) (actual time=13.683..13.730 rows=21 loops=1)
                                                  ->  HashAggregate  (cost=2332.93..2333.14 rows=21 width=4) (actual time=13.678..13.685 rows=21 loops=1)
                                                        Group Key: date_dim_1.d_date
                                                        Batches: 1  Memory Usage: 24kB
                                                        ->  Hash Join  (cost=5.41..2332.88 rows=21 width=4) (actual time=6.998..13.676 rows=21 loops=1)
                                                              Hash Cond: (date_dim_1.d_week_seq = date_dim_2.d_week_seq)
                                                              ->  Seq Scan on date_dim date_dim_1  (cost=0.00..2135.49 rows=73049 width=8) (actual time=0.003..4.949 rows=73049 loops=1)
                                                              ->  Hash  (cost=5.37..5.37 rows=3 width=4) (actual time=0.031..0.032 rows=3 loops=1)
                                                                    Buckets: 1024  Batches: 1  Memory Usage: 9kB
                                                                    ->  HashAggregate  (cost=5.34..5.37 rows=3 width=4) (actual time=0.029..0.030 rows=3 loops=1)
                                                                          Group Key: date_dim_2.d_week_seq
                                                                          Batches: 1  Memory Usage: 24kB
                                                                          ->  Index Scan using i_d_date on date_dim date_dim_2  (cost=0.29..5.33 rows=3 width=4) (actual time=0.019..0.025 rows=3 loops=1)
                                                                                Index Cond: (d_date = ANY ('{2002-04-21,2002-10-12,2002-11-23}'::date[]))
                                                  ->  Index Scan using i_d_date on date_dim  (cost=0.29..0.33 rows=1 width=12) (actual time=0.001..0.002 rows=1 loops=21)
                                                        Index Cond: (d_date = date_dim_1.d_date)
                                            ->  Index Scan using i_sr_returned_date_sk on store_returns  (cost=0.42..2.97 rows=140 width=20) (actual time=0.004..0.140 rows=152 loops=21)
                                                  Index Cond: (sr_returned_date_sk = date_dim.d_date_sk)
                                      ->  Index Scan using pk_item on item  (cost=0.29..0.31 rows=1 width=25) (actual time=0.001..0.001 rows=1 loops=3198)
                                            Index Cond: (i_item_sk = store_returns.sr_item_sk)
                    ->  GroupAggregate  (cost=2373.12..2373.47 rows=20 width=25) (actual time=16.074..16.347 rows=704 loops=1)
                          Group Key: item_1.i_item_id
                          ->  Sort  (cost=2373.12..2373.17 rows=20 width=21) (actual time=16.072..16.110 rows=732 loops=1)
                                Sort Key: item_1.i_item_id
                                Sort Method: quicksort  Memory: 70kB
                                ->  Nested Loop  (cost=2333.81..2372.68 rows=20 width=21) (actual time=12.523..14.414 rows=732 loops=1)
                                      ->  Nested Loop  (cost=2333.52..2366.19 rows=20 width=12) (actual time=12.520..13.290 rows=732 loops=1)
                                            ->  Nested Loop  (cost=2333.23..2340.37 rows=21 width=8) (actual time=12.513..12.548 rows=21 loops=1)
                                                  ->  HashAggregate  (cost=2332.93..2333.14 rows=21 width=4) (actual time=12.509..12.513 rows=21 loops=1)
                                                        Group Key: date_dim_4.d_date
                                                        Batches: 1  Memory Usage: 24kB
                                                        ->  Hash Join  (cost=5.41..2332.88 rows=21 width=4) (actual time=6.356..12.505 rows=21 loops=1)
                                                              Hash Cond: (date_dim_4.d_week_seq = date_dim_5.d_week_seq)
                                                              ->  Seq Scan on date_dim date_dim_4  (cost=0.00..2135.49 rows=73049 width=8) (actual time=0.004..4.620 rows=73049 loops=1)
                                                              ->  Hash  (cost=5.37..5.37 rows=3 width=4) (actual time=0.010..0.011 rows=3 loops=1)
                                                                    Buckets: 1024  Batches: 1  Memory Usage: 9kB
                                                                    ->  HashAggregate  (cost=5.34..5.37 rows=3 width=4) (actual time=0.009..0.010 rows=3 loops=1)
                                                                          Group Key: date_dim_5.d_week_seq
                                                                          Batches: 1  Memory Usage: 24kB
                                                                          ->  Index Scan using i_d_date on date_dim date_dim_5  (cost=0.29..5.33 rows=3 width=4) (actual time=0.004..0.007 rows=3 loops=1)
                                                                                Index Cond: (d_date = ANY ('{2002-04-21,2002-10-12,2002-11-23}'::date[]))
                                                  ->  Index Scan using i_d_date on date_dim date_dim_3  (cost=0.29..0.33 rows=1 width=12) (actual time=0.001..0.001 rows=1 loops=21)
                                                        Index Cond: (d_date = date_dim_4.d_date)
                                            ->  Index Scan using i_wr_returned_date_sk on web_returns  (cost=0.29..0.90 rows=33 width=20) (actual time=0.002..0.030 rows=35 loops=21)
                                                  Index Cond: (wr_returned_date_sk = date_dim_3.d_date_sk)
                                      ->  Index Scan using pk_item on item item_1  (cost=0.29..0.32 rows=1 width=25) (actual time=0.001..0.001 rows=1 loops=732)
                                            Index Cond: (i_item_sk = web_returns.wr_item_sk)
              ->  GroupAggregate  (cost=2403.56..2404.28 rows=41 width=25) (actual time=19.346..19.892 rows=1409 loops=1)
                    Group Key: item_2.i_item_id
                    ->  Sort  (cost=2403.56..2403.66 rows=41 width=21) (actual time=19.343..19.406 rows=1533 loops=1)
                          Sort Key: item_2.i_item_id
                          Sort Method: quicksort  Memory: 145kB
                          ->  Nested Loop  (cost=2333.81..2402.46 rows=41 width=21) (actual time=11.796..15.592 rows=1547 loops=1)
                                ->  Nested Loop  (cost=2333.52..2389.55 rows=41 width=12) (actual time=11.792..13.174 rows=1547 loops=1)
                                      ->  Nested Loop  (cost=2333.23..2340.37 rows=21 width=8) (actual time=11.785..11.822 rows=21 loops=1)
                                            ->  HashAggregate  (cost=2332.93..2333.14 rows=21 width=4) (actual time=11.781..11.785 rows=21 loops=1)
                                                  Group Key: date_dim_7.d_date
                                                  Batches: 1  Memory Usage: 24kB
                                                  ->  Hash Join  (cost=5.41..2332.88 rows=21 width=4) (actual time=5.994..11.777 rows=21 loops=1)
                                                        Hash Cond: (date_dim_7.d_week_seq = date_dim_8.d_week_seq)
                                                        ->  Seq Scan on date_dim date_dim_7  (cost=0.00..2135.49 rows=73049 width=8) (actual time=0.002..4.536 rows=73049 loops=1)
                                                        ->  Hash  (cost=5.37..5.37 rows=3 width=4) (actual time=0.009..0.009 rows=3 loops=1)
                                                              Buckets: 1024  Batches: 1  Memory Usage: 9kB
                                                              ->  HashAggregate  (cost=5.34..5.37 rows=3 width=4) (actual time=0.008..0.008 rows=3 loops=1)
                                                                    Group Key: date_dim_8.d_week_seq
                                                                    Batches: 1  Memory Usage: 24kB
                                                                    ->  Index Scan using i_d_date on date_dim date_dim_8  (cost=0.29..5.33 rows=3 width=4) (actual time=0.003..0.006 rows=3 loops=1)
                                                                          Index Cond: (d_date = ANY ('{2002-04-21,2002-10-12,2002-11-23}'::date[]))
                                            ->  Index Scan using i_d_date on date_dim date_dim_6  (cost=0.29..0.33 rows=1 width=12) (actual time=0.001..0.001 rows=1 loops=21)
                                                  Index Cond: (d_date = date_dim_7.d_date)
                                      ->  Index Scan using i_cr_returned_date_sk on catalog_returns  (cost=0.29..1.62 rows=72 width=20) (actual time=0.002..0.053 rows=74 loops=21)
                                            Index Cond: (cr_returned_date_sk = date_dim_6.d_date_sk)
                                ->  Index Scan using pk_item on item item_2  (cost=0.29..0.31 rows=1 width=25) (actual time=0.001..0.001 rows=1 loops=1547)
                                      Index Cond: (i_item_sk = catalog_returns.cr_item_sk)
     item_id      | sr_item_qty |         sr_dev         | cr_item_qty |         cr_dev         | wr_item_qty |         wr_dev         |       average       
------------------+-------------+------------------------+-------------+------------------------+-------------+------------------------+---------------------
 AAAAAAAAAHAAAAAA |          61 | 0.00000000000000000000 |           3 | 0.00000000000000000000 |          15 | 0.00000000000000000000 | 26.3333333333333333
 AAAAAAAAALBEAAAA |          75 | 0.00000000000000000000 |          15 | 0.00000000000000000000 |          85 | 0.00000000000000000000 | 58.3333333333333333
 AAAAAAAABFICAAAA |          40 | 0.00000000000000000000 |          26 | 0.00000000000000000000 |           7 | 0.00000000000000000000 | 24.3333333333333333
 AAAAAAAACOHCAAAA |          27 | 0.00000000000000000000 |          70 | 0.00000000000000000000 |          34 | 0.00000000000000000000 | 43.6666666666666667
 AAAAAAAADKOBAAAA |          38 | 0.00000000000000000000 |          68 | 0.00000000000000000000 |          16 | 0.00000000000000000000 | 40.6666666666666667
 AAAAAAAADMDBAAAA |          92 | 0.00000000000000000000 |          28 | 0.00000000000000000000 |          60 | 0.00000000000000000000 | 60.0000000000000000
 AAAAAAAAEAMDAAAA |           9 | 0.00000000000000000000 |           1 | 0.00000000000000000000 |          27 | 0.00000000000000000000 | 12.3333333333333333
 AAAAAAAAEBJAAAAA |           8 | 0.00000000000000000000 |          13 | 0.00000000000000000000 |          52 | 0.00000000000000000000 | 24.3333333333333333
 AAAAAAAAEEODAAAA |          30 | 0.00000000000000000000 |           8 | 0.00000000000000000000 |          27 | 0.00000000000000000000 | 21.6666666666666667
 AAAAAAAAEMADAAAA |           3 | 0.00000000000000000000 |          36 | 0.00000000000000000000 |           7 | 0.00000000000000000000 | 15.3333333333333333
 AAAAAAAAFLAAAAAA |          80 | 0.00000000000000000000 |          42 | 0.00000000000000000000 |          43 | 0.00000000000000000000 | 55.0000000000000000
 AAAAAAAAHICCAAAA |          83 | 0.00000000000000000000 |           2 | 0.00000000000000000000 |          41 | 0.00000000000000000000 | 42.0000000000000000
 AAAAAAAAJGLCAAAA |           3 | 0.00000000000000000000 |          73 | 0.00000000000000000000 |          30 | 0.00000000000000000000 | 35.3333333333333333
 AAAAAAAAJIBBAAAA |          33 | 0.00000000000000000000 |           4 | 0.00000000000000000000 |          42 | 0.00000000000000000000 | 26.3333333333333333
 AAAAAAAAKIHAAAAA |           8 | 0.00000000000000000000 |           7 | 0.00000000000000000000 |          40 | 0.00000000000000000000 | 18.3333333333333333
 AAAAAAAAKKPAAAAA |          22 | 0.00000000000000000000 |          11 | 0.00000000000000000000 |          30 | 0.00000000000000000000 | 21.0000000000000000
 AAAAAAAALBFCAAAA |           8 | 0.00000000000000000000 |           3 | 0.00000000000000000000 |          11 | 0.00000000000000000000 |  7.3333333333333333
 AAAAAAAAMCHBAAAA |          58 | 0.00000000000000000000 |          21 | 0.00000000000000000000 |          10 | 0.00000000000000000000 | 29.6666666666666667
 AAAAAAAANJFBAAAA |          33 | 0.00000000000000000000 |           1 | 0.00000000000000000000 |          29 | 0.00000000000000000000 | 21.0000000000000000
 AAAAAAAANNEEAAAA |             |                        |          76 |                        |          16 |                        |                    
 AAAAAAAANOCCAAAA |           1 | 0.00000000000000000000 |           4 | 0.00000000000000000000 |           3 | 0.00000000000000000000 |  2.6666666666666667
 AAAAAAAAOAIAAAAA |           4 | 0.00000000000000000000 |          29 | 0.00000000000000000000 |          26 | 0.00000000000000000000 | 19.6666666666666667
 AAAAAAAAOAJDAAAA |          19 | 0.00000000000000000000 |          13 | 0.00000000000000000000 |          59 | 0.00000000000000000000 | 30.3333333333333333
 AAAAAAAAOCJAAAAA |          66 | 0.00000000000000000000 |          12 | 0.00000000000000000000 |           6 | 0.00000000000000000000 | 28.0000000000000000
 AAAAAAAAOCLBAAAA |          27 | 0.00000000000000000000 |           5 | 0.00000000000000000000 |           1 | 0.00000000000000000000 | 11.0000000000000000
 AAAAAAAAOFICAAAA |          40 | 0.00000000000000000000 |          40 | 0.00000000000000000000 |          12 | 0.00000000000000000000 | 30.6666666666666667
 AAAAAAAAPFCAAAAA |          30 | 0.00000000000000000000 |           7 | 0.00000000000000000000 |          29 | 0.00000000000000000000 | 22.0000000000000000
(27 rows)

UPDATE time_statistics SET e_time = TRANSACTION_TIMESTAMP() WHERE template = 'query83.tpl' AND stream = 0;
psql:/tmp/s1-basline/power/query_0.sql:4336: NOTICE:  duration: 0.032 ms  plan:
Query Text: UPDATE time_statistics SET e_time = TRANSACTION_TIMESTAMP() WHERE template = 'query83.tpl' AND stream = 0;
Update on time_statistics  (cost=0.00..1.88 rows=0 width=0) (actual time=0.031..0.031 rows=0 loops=1)
  ->  Seq Scan on time_statistics  (cost=0.00..1.88 rows=1 width=14) (actual time=0.017..0.017 rows=1 loops=1)
        Filter: ((template = 'query83.tpl'::text) AND (stream = 0))
        Rows Removed by Filter: 83
UPDATE 1
LOAD 'auto_explain'; SET auto_explain.log_min_duration TO 0; SET auto_explain.log_analyze TO on; SET auto_explain.log_level TO notice; INSERT INTO time_statistics (template, s_time, stream, query, seed) VALUES ('query84.tpl', TRANSACTION_TIMESTAMP(), 0, 84, 750029238);
LOAD
SET
SET
SET
psql:/tmp/s1-basline/power/query_0.sql:4337: NOTICE:  duration: 0.008 ms  plan:
Query Text: INSERT INTO time_statistics (template, s_time, stream, query, seed) VALUES ('query84.tpl', TRANSACTION_TIMESTAMP(), 0, 84, 750029238);
Insert on time_statistics  (cost=0.00..0.01 rows=0 width=0) (actual time=0.008..0.008 rows=0 loops=1)
  ->  Result  (cost=0.00..0.01 rows=1 width=64) (actual time=0.001..0.001 rows=1 loops=1)
INSERT 0 1
select  c_customer_id as customer_id
       , coalesce(c_last_name,'') || ', ' || coalesce(c_first_name,'') as customername
 from customer
     ,customer_address
     ,customer_demographics
     ,household_demographics
     ,income_band
     ,store_returns
 where ca_city	        =  'Highland Park'
   and c_current_addr_sk = ca_address_sk
   and ib_lower_bound   >=  53613
   and ib_upper_bound   <=  53613 + 50000
   and ib_income_band_sk = hd_income_band_sk
   and cd_demo_sk = c_current_cdemo_sk
   and hd_demo_sk = c_current_hdemo_sk
   and sr_cdemo_sk = cd_demo_sk
 order by c_customer_id
 limit 100;
psql:/tmp/s1-basline/power/query_0.sql:4355: NOTICE:  duration: 82.714 ms  plan:
Query Text: select  c_customer_id as customer_id
       , coalesce(c_last_name,'') || ', ' || coalesce(c_first_name,'') as customername
 from customer
     ,customer_address
     ,customer_demographics
     ,household_demographics
     ,income_band
     ,store_returns
 where ca_city	        =  'Highland Park'
   and c_current_addr_sk = ca_address_sk
   and ib_lower_bound   >=  53613
   and ib_upper_bound   <=  53613 + 50000
   and ib_income_band_sk = hd_income_band_sk
   and cd_demo_sk = c_current_cdemo_sk
   and hd_demo_sk = c_current_hdemo_sk
   and sr_cdemo_sk = cd_demo_sk
 order by c_customer_id
 limit 100;
Limit  (cost=17252.29..17252.42 rows=51 width=49) (actual time=82.688..82.698 rows=38 loops=1)
  ->  Sort  (cost=17252.29..17252.42 rows=51 width=49) (actual time=82.687..82.694 rows=38 loops=1)
        Sort Key: customer.c_customer_id
        Sort Method: quicksort  Memory: 27kB
        ->  Nested Loop  (cost=6215.16..17250.84 rows=51 width=49) (actual time=29.096..82.625 rows=38 loops=1)
              Join Filter: (household_demographics.hd_income_band_sk = income_band.ib_income_band_sk)
              Rows Removed by Join Filter: 481
              ->  Nested Loop  (cost=6215.16..17234.09 rows=129 width=77) (actual time=28.092..82.507 rows=139 loops=1)
                    ->  Nested Loop  (cost=6214.87..17194.07 rows=133 width=77) (actual time=28.083..82.174 rows=140 loops=1)
                          Join Filter: (customer.c_current_cdemo_sk = customer_demographics.cd_demo_sk)
                          ->  Hash Join  (cost=6214.45..16695.54 rows=1048 width=93) (actual time=28.064..81.657 rows=140 loops=1)
                                Hash Cond: (store_returns.sr_cdemo_sk = customer.c_current_cdemo_sk)
                                ->  Seq Scan on store_returns  (cost=0.00..9393.72 rows=287172 width=8) (actual time=0.003..21.055 rows=287172 loops=1)
                                ->  Hash  (cost=6202.50..6202.50 rows=956 width=85) (actual time=27.482..27.485 rows=869 loops=1)
                                      Buckets: 1024  Batches: 1  Memory Usage: 110kB
                                      ->  Hash Join  (cost=1778.97..6202.50 rows=956 width=85) (actual time=6.386..27.296 rows=906 loops=1)
                                            Hash Cond: (customer.c_current_addr_sk = customer_address.ca_address_sk)
                                            ->  Seq Scan on customer  (cost=0.00..4161.00 rows=100000 width=93) (actual time=0.002..7.812 rows=100000 loops=1)
                                            ->  Hash  (cost=1773.00..1773.00 rows=478 width=8) (actual time=6.357..6.358 rows=477 loops=1)
                                                  Buckets: 1024  Batches: 1  Memory Usage: 27kB
                                                  ->  Seq Scan on customer_address  (cost=0.00..1773.00 rows=478 width=8) (actual time=0.015..6.296 rows=477 loops=1)
                                                        Filter: ((ca_city)::text = 'Highland Park'::text)
                                                        Rows Removed by Filter: 49523
                          ->  Index Only Scan using pk_customer_demographics on customer_demographics  (cost=0.43..0.46 rows=1 width=8) (actual time=0.003..0.003 rows=1 loops=140)
                                Index Cond: (cd_demo_sk = store_returns.sr_cdemo_sk)
                                Heap Fetches: 0
                    ->  Index Scan using pk_household_demographics on household_demographics  (cost=0.28..0.30 rows=1 width=16) (actual time=0.002..0.002 rows=1 loops=140)
                          Index Cond: (hd_demo_sk = customer.c_current_hdemo_sk)
              ->  Materialize  (cost=0.00..1.34 rows=8 width=8) (actual time=0.000..0.000 rows=4 loops=139)
                    ->  Seq Scan on income_band  (cost=0.00..1.30 rows=8 width=8) (actual time=0.006..0.008 rows=4 loops=1)
                          Filter: ((ib_lower_bound >= 53613) AND (ib_upper_bound <= 103613))
                          Rows Removed by Filter: 16
   customer_id    |    customername     
------------------+---------------------
 AAAAAAAAACDDBAAA | Scott, Walter
 AAAAAAAAACDDBAAA | Scott, Walter
 AAAAAAAAADKCAAAA | Myers, Frank
 AAAAAAAAADOLAAAA | Rush, Nichelle
 AAAAAAAAAHMGAAAA | Castillo, April
 AAAAAAAAALMCAAAA | Ho, Jose
 AAAAAAAABFNGBAAA | Henley, Richard
 AAAAAAAABGELAAAA | Norman, Julia
 AAAAAAAACFCGAAAA | Hampton, Jessica
 AAAAAAAACLPBBAAA | Johnson, Danny
 AAAAAAAADAMDBAAA | Edmonds, Douglas
 AAAAAAAADHKEBAAA | Berry, Charles
 AAAAAAAADOMAAAAA | Simpson, Vincent
 AAAAAAAAEEHHAAAA | Hale, Flora
 AAAAAAAAENAEAAAA | Ennis, George
 AAAAAAAAFKNMAAAA | Sanchez, Angelia
 AAAAAAAAFMNPAAAA | Stephen, Dolores
 AAAAAAAAGFHABAAA | Lawrence, Devin
 AAAAAAAAHNBMAAAA | Fisher, Caitlin
 AAAAAAAAHNBMAAAA | Fisher, Caitlin
 AAAAAAAAIACAAAAA | Carson, Loretta
 AAAAAAAAIACAAAAA | Carson, Loretta
 AAAAAAAAIBFHBAAA | Miller, Rachel
 AAAAAAAAIBFHBAAA | Miller, Rachel
 AAAAAAAAIHEAAAAA | Phipps, Matthew
 AAAAAAAAILGFAAAA | Smith, Lupita
 AAAAAAAAINAIBAAA | Conner, Rolland
 AAAAAAAAIONABAAA | Stovall, Todd
 AAAAAAAAJOAAAAAA | Best, David
 AAAAAAAAKJPFAAAA | Mcdermott, Crystal
 AAAAAAAALCAEAAAA | Washington, Charles
 AAAAAAAALGLABAAA | Johnson, Stephanie
 AAAAAAAALGLABAAA | Johnson, Stephanie
 AAAAAAAALLCJAAAA | Baca, Cynthia
 AAAAAAAAMNMHBAAA | Vasquez, John
 AAAAAAAAOFEFAAAA | Ortega, Laura
 AAAAAAAAPJJCBAAA | Miller, Rita
 AAAAAAAAPNMBAAAA | Chandler, Amanda
(38 rows)

UPDATE time_statistics SET e_time = TRANSACTION_TIMESTAMP() WHERE template = 'query84.tpl' AND stream = 0;
psql:/tmp/s1-basline/power/query_0.sql:4357: NOTICE:  duration: 0.034 ms  plan:
Query Text: UPDATE time_statistics SET e_time = TRANSACTION_TIMESTAMP() WHERE template = 'query84.tpl' AND stream = 0;
Update on time_statistics  (cost=0.00..1.88 rows=0 width=0) (actual time=0.033..0.033 rows=0 loops=1)
  ->  Seq Scan on time_statistics  (cost=0.00..1.88 rows=1 width=14) (actual time=0.018..0.018 rows=1 loops=1)
        Filter: ((template = 'query84.tpl'::text) AND (stream = 0))
        Rows Removed by Filter: 84
UPDATE 1
LOAD 'auto_explain'; SET auto_explain.log_min_duration TO 0; SET auto_explain.log_analyze TO on; SET auto_explain.log_level TO notice; INSERT INTO time_statistics (template, s_time, stream, query, seed) VALUES ('query85.tpl', TRANSACTION_TIMESTAMP(), 0, 85, 865081585);
LOAD
SET
SET
SET
psql:/tmp/s1-basline/power/query_0.sql:4358: NOTICE:  duration: 0.009 ms  plan:
Query Text: INSERT INTO time_statistics (template, s_time, stream, query, seed) VALUES ('query85.tpl', TRANSACTION_TIMESTAMP(), 0, 85, 865081585);
Insert on time_statistics  (cost=0.00..0.01 rows=0 width=0) (actual time=0.008..0.009 rows=0 loops=1)
  ->  Result  (cost=0.00..0.01 rows=1 width=64) (actual time=0.001..0.001 rows=1 loops=1)
INSERT 0 1
select  substr(r_reason_desc,1,20)
       ,avg(ws_quantity)
       ,avg(wr_refunded_cash)
       ,avg(wr_fee)
 from web_sales, web_returns, web_page, customer_demographics cd1,
      customer_demographics cd2, customer_address, date_dim, reason 
 where ws_web_page_sk = wp_web_page_sk
   and ws_item_sk = wr_item_sk
   and ws_order_number = wr_order_number
   and ws_sold_date_sk = d_date_sk and d_year = 1999
   and cd1.cd_demo_sk = wr_refunded_cdemo_sk 
   and cd2.cd_demo_sk = wr_returning_cdemo_sk
   and ca_address_sk = wr_refunded_addr_sk
   and r_reason_sk = wr_reason_sk
   and
   (
    (
     cd1.cd_marital_status = 'U'
     and
     cd1.cd_marital_status = cd2.cd_marital_status
     and
     cd1.cd_education_status = '2 yr Degree'
     and 
     cd1.cd_education_status = cd2.cd_education_status
     and
     ws_sales_price between 100.00 and 150.00
    )
   or
    (
     cd1.cd_marital_status = 'M'
     and
     cd1.cd_marital_status = cd2.cd_marital_status
     and
     cd1.cd_education_status = 'College' 
     and
     cd1.cd_education_status = cd2.cd_education_status
     and
     ws_sales_price between 50.00 and 100.00
    )
   or
    (
     cd1.cd_marital_status = 'D'
     and
     cd1.cd_marital_status = cd2.cd_marital_status
     and
     cd1.cd_education_status = 'Primary'
     and
     cd1.cd_education_status = cd2.cd_education_status
     and
     ws_sales_price between 150.00 and 200.00
    )
   )
   and
   (
    (
     ca_country = 'United States'
     and
     ca_state in ('SD', 'GA', 'KY')
     and ws_net_profit between 100 and 200  
    )
    or
    (
     ca_country = 'United States'
     and
     ca_state in ('NM', 'WV', 'MN')
     and ws_net_profit between 150 and 300  
    )
    or
    (
     ca_country = 'United States'
     and
     ca_state in ('MI', 'NY', 'IA')
     and ws_net_profit between 50 and 250  
    )
   )
group by r_reason_desc
order by substr(r_reason_desc,1,20)
        ,avg(ws_quantity)
        ,avg(wr_refunded_cash)
        ,avg(wr_fee)
limit 100;
psql:/tmp/s1-basline/power/query_0.sql:4439: NOTICE:  duration: 110.155 ms  plan:
Query Text: select  substr(r_reason_desc,1,20)
       ,avg(ws_quantity)
       ,avg(wr_refunded_cash)
       ,avg(wr_fee)
 from web_sales, web_returns, web_page, customer_demographics cd1,
      customer_demographics cd2, customer_address, date_dim, reason 
 where ws_web_page_sk = wp_web_page_sk
   and ws_item_sk = wr_item_sk
   and ws_order_number = wr_order_number
   and ws_sold_date_sk = d_date_sk and d_year = 1999
   and cd1.cd_demo_sk = wr_refunded_cdemo_sk 
   and cd2.cd_demo_sk = wr_returning_cdemo_sk
   and ca_address_sk = wr_refunded_addr_sk
   and r_reason_sk = wr_reason_sk
   and
   (
    (
     cd1.cd_marital_status = 'U'
     and
     cd1.cd_marital_status = cd2.cd_marital_status
     and
     cd1.cd_education_status = '2 yr Degree'
     and 
     cd1.cd_education_status = cd2.cd_education_status
     and
     ws_sales_price between 100.00 and 150.00
    )
   or
    (
     cd1.cd_marital_status = 'M'
     and
     cd1.cd_marital_status = cd2.cd_marital_status
     and
     cd1.cd_education_status = 'College' 
     and
     cd1.cd_education_status = cd2.cd_education_status
     and
     ws_sales_price between 50.00 and 100.00
    )
   or
    (
     cd1.cd_marital_status = 'D'
     and
     cd1.cd_marital_status = cd2.cd_marital_status
     and
     cd1.cd_education_status = 'Primary'
     and
     cd1.cd_education_status = cd2.cd_education_status
     and
     ws_sales_price between 150.00 and 200.00
    )
   )
   and
   (
    (
     ca_country = 'United States'
     and
     ca_state in ('SD', 'GA', 'KY')
     and ws_net_profit between 100 and 200  
    )
    or
    (
     ca_country = 'United States'
     and
     ca_state in ('NM', 'WV', 'MN')
     and ws_net_profit between 150 and 300  
    )
    or
    (
     ca_country = 'United States'
     and
     ca_state in ('MI', 'NY', 'IA')
     and ws_net_profit between 50 and 250  
    )
   )
group by r_reason_desc
order by substr(r_reason_desc,1,20)
        ,avg(ws_quantity)
        ,avg(wr_refunded_cash)
        ,avg(wr_fee)
limit 100;
Limit  (cost=18135.26..18135.27 rows=1 width=181) (actual time=110.137..110.143 rows=3 loops=1)
  ->  Sort  (cost=18135.26..18135.27 rows=1 width=181) (actual time=110.136..110.141 rows=3 loops=1)
        Sort Key: (substr((reason.r_reason_desc)::text, 1, 20)), (avg(web_sales.ws_quantity)), (avg(web_returns.wr_refunded_cash)), (avg(web_returns.wr_fee))
        Sort Method: quicksort  Memory: 25kB
        ->  GroupAggregate  (cost=18135.22..18135.25 rows=1 width=181) (actual time=110.123..110.132 rows=3 loops=1)
              Group Key: reason.r_reason_desc
              ->  Sort  (cost=18135.22..18135.22 rows=1 width=121) (actual time=110.107..110.112 rows=3 loops=1)
                    Sort Key: reason.r_reason_desc
                    Sort Method: quicksort  Memory: 25kB
                    ->  Nested Loop  (cost=2469.26..18135.21 rows=1 width=121) (actual time=39.129..110.099 rows=3 loops=1)
                          ->  Nested Loop  (cost=2468.97..18134.84 rows=1 width=129) (actual time=27.143..110.048 rows=11 loops=1)
                                Join Filter: (web_sales.ws_web_page_sk = web_page.wp_web_page_sk)
                                Rows Removed by Join Filter: 287
                                ->  Nested Loop  (cost=2468.97..18131.49 rows=1 width=137) (actual time=27.129..109.980 rows=11 loops=1)
                                      Join Filter: ((((customer_address.ca_state = ANY ('{SD,GA,KY}'::bpchar[])) AND (web_sales.ws_net_profit >= '100'::double precision) AND (web_sales.ws_net_profit <= '200'::double precision)) OR ((customer_address.ca_state = ANY ('{NM,WV,MN}'::bpchar[])) AND (web_sales.ws_net_profit >= '150'::double precision) AND (web_sales.ws_net_profit <= '300'::double precision)) OR ((customer_address.ca_state = ANY ('{MI,NY,IA}'::bpchar[])) AND (web_sales.ws_net_profit >= '50'::double precision) AND (web_sales.ws_net_profit <= '250'::double precision))) AND (((cd1.cd_marital_status = 'U'::bpchar) AND (cd1.cd_education_status = '2 yr Degree'::bpchar) AND (web_sales.ws_sales_price >= '100'::double precision) AND (web_sales.ws_sales_price <= '150'::double precision)) OR ((cd1.cd_marital_status = 'M'::bpchar) AND (cd1.cd_education_status = 'College'::bpchar) AND (web_sales.ws_sales_price >= '50'::double precision) AND (web_sales.ws_sales_price <= '100'::double precision)) OR ((cd1.cd_marital_status = 'D'::bpchar) AND (cd1.cd_education_status = 'Primary'::bpchar) AND (web_sales.ws_sales_price >= '150'::double precision) AND (web_sales.ws_sales_price <= '200'::double precision))))
                                      Rows Removed by Join Filter: 51
                                      ->  Nested Loop  (cost=2468.54..18101.86 rows=30 width=159) (actual time=25.773..104.643 rows=1247 loops=1)
                                            Join Filter: ((cd1.cd_marital_status = cd2.cd_marital_status) AND (cd1.cd_education_status = cd2.cd_education_status))
                                            ->  Nested Loop  (cost=2468.11..17147.15 rows=1101 width=167) (actual time=25.770..102.476 rows=1254 loops=1)
                                                  ->  Hash Join  (cost=2467.69..5308.23 rows=13653 width=152) (actual time=25.664..50.227 rows=15577 loops=1)
                                                        Hash Cond: (web_returns.wr_reason_sk = reason.r_reason_sk)
                                                        ->  Hash Join  (cost=2465.90..5264.58 rows=14297 width=59) (actual time=25.647..47.489 rows=15977 loops=1)
                                                              Hash Cond: (web_returns.wr_refunded_addr_sk = customer_address.ca_address_sk)
                                                              ->  Seq Scan on web_returns  (cost=0.00..2610.15 rows=71815 width=64) (actual time=0.002..5.553 rows=71815 loops=1)
                                                              ->  Hash  (cost=2335.50..2335.50 rows=10432 width=11) (actual time=25.633..25.634 rows=11629 loops=1)
                                                                    Buckets: 16384  Batches: 1  Memory Usage: 617kB
                                                                    ->  Seq Scan on customer_address  (cost=0.00..2335.50 rows=10432 width=11) (actual time=0.005..24.106 rows=11629 loops=1)
                                                                          Filter: (((ca_country)::text = 'United States'::text) AND ((ca_state = ANY ('{SD,GA,KY}'::bpchar[])) OR (ca_state = ANY ('{NM,WV,MN}'::bpchar[])) OR (ca_state = ANY ('{MI,NY,IA}'::bpchar[]))))
                                                                          Rows Removed by Filter: 38371
                                                        ->  Hash  (cost=1.35..1.35 rows=35 width=109) (actual time=0.014..0.015 rows=35 loops=1)
                                                              Buckets: 1024  Batches: 1  Memory Usage: 13kB
                                                              ->  Seq Scan on reason  (cost=0.00..1.35 rows=35 width=109) (actual time=0.004..0.008 rows=35 loops=1)
                                                  ->  Index Scan using pk_customer_demographics on customer_demographics cd1  (cost=0.43..0.87 rows=1 width=31) (actual time=0.003..0.003 rows=0 loops=15577)
                                                        Index Cond: (cd_demo_sk = web_returns.wr_refunded_cdemo_sk)
                                                        Filter: (((cd_marital_status = 'U'::bpchar) AND (cd_education_status = '2 yr Degree'::bpchar)) OR ((cd_marital_status = 'M'::bpchar) AND (cd_education_status = 'College'::bpchar)) OR ((cd_marital_status = 'D'::bpchar) AND (cd_education_status = 'Primary'::bpchar)))
                                                        Rows Removed by Filter: 1
                                            ->  Index Scan using pk_customer_demographics on customer_demographics cd2  (cost=0.43..0.85 rows=1 width=31) (actual time=0.001..0.001 rows=1 loops=1254)
                                                  Index Cond: (cd_demo_sk = web_returns.wr_returning_cdemo_sk)
                                      ->  Index Scan using pk_web_sales on web_sales  (cost=0.42..0.92 rows=1 width=52) (actual time=0.004..0.004 rows=0 loops=1247)
                                            Index Cond: ((ws_item_sk = web_returns.wr_item_sk) AND (ws_order_number = web_returns.wr_order_number))
                                            Filter: ((((ws_sales_price >= '100'::double precision) AND (ws_sales_price <= '150'::double precision)) OR ((ws_sales_price >= '50'::double precision) AND (ws_sales_price <= '100'::double precision)) OR ((ws_sales_price >= '150'::double precision) AND (ws_sales_price <= '200'::double precision))) AND (((ws_net_profit >= '100'::double precision) AND (ws_net_profit <= '200'::double precision)) OR ((ws_net_profit >= '150'::double precision) AND (ws_net_profit <= '300'::double precision)) OR ((ws_net_profit >= '50'::double precision) AND (ws_net_profit <= '250'::double precision))))
                                            Rows Removed by Filter: 1
                                ->  Seq Scan on web_page  (cost=0.00..2.60 rows=60 width=8) (actual time=0.001..0.003 rows=27 loops=11)
                          ->  Index Scan using pk_date_dim on date_dim  (cost=0.29..0.36 rows=1 width=8) (actual time=0.004..0.004 rows=0 loops=11)
                                Index Cond: (d_date_sk = web_sales.ws_sold_date_sk)
                                Filter: (d_year = 1999)
                                Rows Removed by Filter: 1
        substr        |        avg         |  avg   |  avg  
----------------------+--------------------+--------+-------
 Did not like the mak | 7.0000000000000000 |  65.17 |   6.2
 reason 28            | 7.0000000000000000 | 124.53 | 20.31
 Stopped working      | 8.0000000000000000 |  32.31 | 37.96
(3 rows)

UPDATE time_statistics SET e_time = TRANSACTION_TIMESTAMP() WHERE template = 'query85.tpl' AND stream = 0;
psql:/tmp/s1-basline/power/query_0.sql:4441: NOTICE:  duration: 0.037 ms  plan:
Query Text: UPDATE time_statistics SET e_time = TRANSACTION_TIMESTAMP() WHERE template = 'query85.tpl' AND stream = 0;
Update on time_statistics  (cost=0.00..1.88 rows=0 width=0) (actual time=0.036..0.036 rows=0 loops=1)
  ->  Seq Scan on time_statistics  (cost=0.00..1.88 rows=1 width=14) (actual time=0.024..0.024 rows=1 loops=1)
        Filter: ((template = 'query85.tpl'::text) AND (stream = 0))
        Rows Removed by Filter: 85
UPDATE 1
LOAD 'auto_explain'; SET auto_explain.log_min_duration TO 0; SET auto_explain.log_analyze TO on; SET auto_explain.log_level TO notice; INSERT INTO time_statistics (template, s_time, stream, query, seed) VALUES ('../query_postgresql/query86.tpl', TRANSACTION_TIMESTAMP(), 0, 86, 961908905);
LOAD
SET
SET
SET
psql:/tmp/s1-basline/power/query_0.sql:4442: NOTICE:  duration: 0.010 ms  plan:
Query Text: INSERT INTO time_statistics (template, s_time, stream, query, seed) VALUES ('../query_postgresql/query86.tpl', TRANSACTION_TIMESTAMP(), 0, 86, 961908905);
Insert on time_statistics  (cost=0.00..0.01 rows=0 width=0) (actual time=0.009..0.009 rows=0 loops=1)
  ->  Result  (cost=0.00..0.01 rows=1 width=64) (actual time=0.001..0.001 rows=1 loops=1)
INSERT 0 1
with results as
( select sum(ws_net_paid) as total_sum, i_category, i_class, 0 as g_category, 0 as g_class 
 from
    web_sales
   ,date_dim       d1
   ,item
 where
    d1.d_month_seq between 1224 and 1224+11
 and d1.d_date_sk = ws_sold_date_sk
 and i_item_sk  = ws_item_sk
 group by i_category,i_class
 ) ,
 results_rollup as
( select total_sum ,i_category ,i_class, g_category, g_class, 0 as lochierarchy from results
  union
  select sum(total_sum) as total_sum, i_category, NULL as i_class, 0 as g_category, 1 as g_class, 1 as lochierarchy from results group by i_category
  union
  select sum(total_sum) as total_sum, NULL as i_category, NULL as i_class, 1 as g_category, 1 as g_class, 2 as lochierarchy from results)
 select 
 total_sum ,i_category ,i_class, lochierarchy 
   ,rank() over (
 	partition by lochierarchy,
 	case when g_class = 0 then i_category end 
 	order by total_sum desc) as rank_within_parent
 from
 results_rollup
 order by
   lochierarchy desc,
   case when lochierarchy = 0 then i_category end,
   rank_within_parent 
 limit 100;
psql:/tmp/s1-basline/power/query_0.sql:4474: NOTICE:  duration: 298.373 ms  plan:
Query Text: with results as
( select sum(ws_net_paid) as total_sum, i_category, i_class, 0 as g_category, 0 as g_class 
 from
    web_sales
   ,date_dim       d1
   ,item
 where
    d1.d_month_seq between 1224 and 1224+11
 and d1.d_date_sk = ws_sold_date_sk
 and i_item_sk  = ws_item_sk
 group by i_category,i_class
 ) ,
 results_rollup as
( select total_sum ,i_category ,i_class, g_category, g_class, 0 as lochierarchy from results
  union
  select sum(total_sum) as total_sum, i_category, NULL as i_class, 0 as g_category, 1 as g_class, 1 as lochierarchy from results group by i_category
  union
  select sum(total_sum) as total_sum, NULL as i_category, NULL as i_class, 1 as g_category, 1 as g_class, 2 as lochierarchy from results)
 select 
 total_sum ,i_category ,i_class, lochierarchy 
   ,rank() over (
 	partition by lochierarchy,
 	case when g_class = 0 then i_category end 
 	order by total_sum desc) as rank_within_parent
 from
 results_rollup
 order by
   lochierarchy desc,
   case when lochierarchy = 0 then i_category end,
   rank_within_parent 
 limit 100;
Limit  (cost=35018.18..35018.43 rows=100 width=148) (actual time=277.050..298.306 rows=100 loops=1)
  CTE results
    ->  Finalize GroupAggregate  (cost=34469.70..34747.70 rows=990 width=118) (actual time=257.204..297.592 rows=120 loops=1)
          Group Key: item.i_category, item.i_class
          ->  Gather Merge  (cost=34469.70..34722.95 rows=1980 width=110) (actual time=257.075..297.475 rows=359 loops=1)
                Workers Planned: 2
                Workers Launched: 2
                ->  Partial GroupAggregate  (cost=33469.67..33494.38 rows=990 width=110) (actual time=242.043..256.252 rows=120 loops=3)
                      Group Key: item.i_category, item.i_class
                      ->  Sort  (cost=33469.67..33473.38 rows=1481 width=110) (actual time=241.925..244.052 rows=47285 loops=3)
                            Sort Key: item.i_category, item.i_class
                            Sort Method: quicksort  Memory: 10971kB
                            Worker 0:  Sort Method: quicksort  Memory: 7336kB
                            Worker 1:  Sort Method: quicksort  Memory: 7312kB
                            ->  Nested Loop  (cost=2505.53..33391.68 rows=1481 width=110) (actual time=16.239..198.841 rows=47285 loops=3)
                                  ->  Hash Join  (cost=2505.25..32937.03 rows=1481 width=16) (actual time=16.187..102.449 rows=47285 loops=3)
                                        Hash Cond: (web_sales.ws_sold_date_sk = d1.d_date_sk)
                                        ->  Parallel Seq Scan on web_sales  (cost=0.00..29644.81 rows=299781 width=24) (actual time=0.022..46.530 rows=239825 loops=3)
                                        ->  Hash  (cost=2500.73..2500.73 rows=361 width=8) (actual time=16.096..16.097 rows=365 loops=3)
                                              Buckets: 1024  Batches: 1  Memory Usage: 23kB
                                              ->  Seq Scan on date_dim d1  (cost=0.00..2500.73 rows=361 width=8) (actual time=8.038..16.050 rows=365 loops=3)
                                                    Filter: ((d_month_seq >= 1224) AND (d_month_seq <= 1235))
                                                    Rows Removed by Filter: 72684
                                  ->  Index Scan using pk_item on item  (cost=0.29..0.31 rows=1 width=110) (actual time=0.002..0.002 rows=1 loops=141855)
                                        Index Cond: (i_item_sk = web_sales.ws_item_sk)
  ->  Sort  (cost=270.48..273.46 rows=1191 width=148) (actual time=277.049..277.055 rows=100 loops=1)
        Sort Key: results_rollup.lochierarchy DESC, (CASE WHEN (results_rollup.lochierarchy = 0) THEN results_rollup.i_category ELSE NULL::bpchar END), (rank() OVER (?))
        Sort Method: quicksort  Memory: 57kB
        ->  WindowAgg  (cost=192.21..224.96 rows=1191 width=148) (actual time=276.704..276.823 rows=132 loops=1)
              ->  Sort  (cost=192.21..195.19 rows=1191 width=108) (actual time=276.697..276.705 rows=132 loops=1)
                    Sort Key: results_rollup.lochierarchy, (CASE WHEN (results_rollup.g_class = 0) THEN results_rollup.i_category ELSE NULL::bpchar END), results_rollup.total_sum DESC
                    Sort Method: quicksort  Memory: 48kB
                    ->  Subquery Scan on results_rollup  (cost=104.56..131.36 rows=1191 width=108) (actual time=276.553..276.592 rows=132 loops=1)
                          ->  HashAggregate  (cost=104.56..116.47 rows=1191 width=84) (actual time=276.552..276.578 rows=132 loops=1)
                                Group Key: results.total_sum, results.i_category, results.i_class, results.g_category, results.g_class, (0)
                                Batches: 1  Memory Usage: 97kB
                                ->  Append  (cost=0.00..86.70 rows=1191 width=84) (actual time=257.208..276.481 rows=132 loops=1)
                                      ->  CTE Scan on results  (cost=0.00..19.80 rows=990 width=428) (actual time=257.207..276.404 rows=120 loops=1)
                                      ->  HashAggregate  (cost=24.75..26.75 rows=200 width=256) (actual time=0.045..0.048 rows=11 loops=1)
                                            Group Key: results_1.i_category
                                            Batches: 1  Memory Usage: 40kB
                                            ->  CTE Scan on results results_1  (cost=0.00..19.80 rows=990 width=212) (actual time=0.000..0.008 rows=120 loops=1)
                                      ->  Aggregate  (cost=22.28..22.29 rows=1 width=84) (actual time=0.017..0.017 rows=1 loops=1)
                                            ->  CTE Scan on results results_2  (cost=0.00..19.80 rows=990 width=8) (actual time=0.000..0.008 rows=120 loops=1)
     total_sum      |                     i_category                     |                      i_class                       | lochierarchy | rank_within_parent 
--------------------+----------------------------------------------------+----------------------------------------------------+--------------+--------------------
  325525088.2899999 |                                                    |                                                    |            2 |                  1
        34336794.98 | Electronics                                        |                                                    |            1 |                  1
 33164176.719999995 | Books                                              |                                                    |            1 |                  2
 32937250.970000003 | Women                                              |                                                    |            1 |                  3
 32862468.410000008 | Children                                           |                                                    |            1 |                  4
 32395627.209999997 | Music                                              |                                                    |            1 |                  5
        32389816.83 | Sports                                             |                                                    |            1 |                  6
  32356418.49999999 | Shoes                                              |                                                    |            1 |                  7
  31819931.04999998 | Men                                                |                                                    |            1 |                  8
        31269157.74 | Jewelry                                            |                                                    |            1 |                  9
        31041492.98 | Home                                               |                                                    |            1 |                 10
  951952.9000000001 |                                                    |                                                    |            1 |                 11
 2565586.7699999996 | Books                                              | fiction                                            |            0 |                  1
 2482885.3899999983 | Books                                              | entertainments                                     |            0 |                  2
 2477417.6900000004 | Books                                              | arts                                               |            0 |                  3
  2387690.869999998 | Books                                              | history                                            |            0 |                  4
 2375445.4699999997 | Books                                              | travel                                             |            0 |                  5
         2120022.28 | Books                                              | reference                                          |            0 |                  6
         2031631.33 | Books                                              | mystery                                            |            0 |                  7
 2029953.9800000014 | Books                                              | business                                           |            0 |                  8
 2016535.7100000004 | Books                                              | science                                            |            0 |                  9
 2010339.4299999997 | Books                                              | self-help                                          |            0 |                 10
 1943472.1400000001 | Books                                              | home repair                                        |            0 |                 11
  1941617.200000001 | Books                                              | cooking                                            |            0 |                 12
 1844293.1500000004 | Books                                              | computers                                          |            0 |                 13
 1791940.1500000001 | Books                                              | parenting                                          |            0 |                 14
         1725900.96 | Books                                              | sports                                             |            0 |                 15
 1382080.7300000004 | Books                                              | romance                                            |            0 |                 16
           37363.47 | Books                                              |                                                    |            0 |                 17
   9088912.23999999 | Children                                           | infants                                            |            0 |                  1
  8197544.510000007 | Children                                           | newborn                                            |            0 |                  2
  8061572.000000006 | Children                                           | toddlers                                           |            0 |                  3
  7464961.639999999 | Children                                           | school-uniforms                                    |            0 |                  4
           49478.02 | Children                                           |                                                    |            0 |                  5
 2907397.7700000005 | Electronics                                        | monitors                                           |            0 |                  1
         2686898.46 | Electronics                                        | memory                                             |            0 |                  2
         2319483.55 | Electronics                                        | audio                                              |            0 |                  3
 2282041.4699999997 | Electronics                                        | wireless                                           |            0 |                  4
 2256809.7099999995 | Electronics                                        | disk drives                                        |            0 |                  5
 2251535.4499999997 | Electronics                                        | stereo                                             |            0 |                  6
 2232744.5599999996 | Electronics                                        | musical                                            |            0 |                  7
 2219532.0299999993 | Electronics                                        | dvd/vcr players                                    |            0 |                  8
 2076469.6299999992 | Electronics                                        | cameras                                            |            0 |                  9
 2051616.5300000003 | Electronics                                        | camcorders                                         |            0 |                 10
 2041176.5900000005 | Electronics                                        | automotive                                         |            0 |                 11
 1935364.0500000003 | Electronics                                        | scanners                                           |            0 |                 12
 1876097.1699999992 | Electronics                                        | portable                                           |            0 |                 13
 1749433.8699999996 | Electronics                                        | televisions                                        |            0 |                 14
 1716607.1999999997 | Electronics                                        | karoke                                             |            0 |                 15
 1711966.0200000005 | Electronics                                        | personal                                           |            0 |                 16
 21620.920000000002 | Electronics                                        |                                                    |            0 |                 17
 2262261.2399999993 | Home                                               | mattresses                                         |            0 |                  1
          2247323.8 | Home                                               | decor                                              |            0 |                  2
 2202072.3700000006 | Home                                               | rugs                                               |            0 |                  3
         2199124.52 | Home                                               | bedding                                            |            0 |                  4
  2141292.590000001 | Home                                               | kids                                               |            0 |                  5
  2128827.250000001 | Home                                               | wallpaper                                          |            0 |                  6
 2044725.6000000006 | Home                                               | paint                                              |            0 |                  7
 1989769.7199999993 | Home                                               | glassware                                          |            0 |                  8
 1918769.2700000005 | Home                                               | accent                                             |            0 |                  9
         1845453.25 | Home                                               | blinds/shades                                      |            0 |                 10
         1815645.19 | Home                                               | tables                                             |            0 |                 11
 1722507.3300000008 | Home                                               | flatware                                           |            0 |                 12
         1668563.89 | Home                                               | lighting                                           |            0 |                 13
 1658391.8200000003 | Home                                               | curtains/drapes                                    |            0 |                 14
 1603640.2999999998 | Home                                               | furniture                                          |            0 |                 15
 1534868.4799999993 | Home                                               | bathroom                                           |            0 |                 16
           58256.36 | Home                                               |                                                    |            0 |                 17
 2309472.0299999993 | Jewelry                                            | birdal                                             |            0 |                  1
 2283409.3600000003 | Jewelry                                            | semi-precious                                      |            0 |                  2
         2275666.62 | Jewelry                                            | consignment                                        |            0 |                  3
  2232035.350000001 | Jewelry                                            | mens watch                                         |            0 |                  4
 2135752.5100000002 | Jewelry                                            | custom                                             |            0 |                  5
         2081422.64 | Jewelry                                            | gold                                               |            0 |                  6
 2053920.9700000002 | Jewelry                                            | bracelets                                          |            0 |                  7
 1986606.2899999996 | Jewelry                                            | pendants                                           |            0 |                  8
 1964384.3500000006 | Jewelry                                            | diamonds                                           |            0 |                  9
 1878042.1599999997 | Jewelry                                            | costume                                            |            0 |                 10
 1866208.3000000005 | Jewelry                                            | loose stones                                       |            0 |                 11
         1811113.56 | Jewelry                                            | womens watch                                       |            0 |                 12
         1731285.23 | Jewelry                                            | jewelry boxes                                      |            0 |                 13
         1653088.41 | Jewelry                                            | rings                                              |            0 |                 14
 1467412.0899999999 | Jewelry                                            | earings                                            |            0 |                 15
         1461007.56 | Jewelry                                            | estate                                             |            0 |                 16
           78330.31 | Jewelry                                            |                                                    |            0 |                 17
  8735807.500000004 | Men                                                | accessories                                        |            0 |                  1
  7971830.439999992 | Men                                                | sports-apparel                                     |            0 |                  2
  7571521.499999991 | Men                                                | shirts                                             |            0 |                  3
  7468077.239999991 | Men                                                | pants                                              |            0 |                  4
           72694.37 | Men                                                |                                                    |            0 |                  5
  8719238.409999993 | Music                                              | rock                                               |            0 |                  1
  8357246.830000002 | Music                                              | pop                                                |            0 |                  2
 8134243.2200000025 | Music                                              | country                                            |            0 |                  3
  7152037.680000002 | Music                                              | classical                                          |            0 |                  4
           32861.07 | Music                                              |                                                    |            0 |                  5
  8391775.809999997 | Shoes                                              | kids                                               |            0 |                  1
  8024455.269999998 | Shoes                                              | mens                                               |            0 |                  2
 8018207.6299999915 | Shoes                                              | athletic                                           |            0 |                  3
  7765884.690000002 | Shoes                                              | womens                                             |            0 |                  4
 156095.09999999998 | Shoes                                              |                                                    |            0 |                  5
(100 rows)

UPDATE time_statistics SET e_time = TRANSACTION_TIMESTAMP() WHERE template = '../query_postgresql/query86.tpl' AND stream = 0;
psql:/tmp/s1-basline/power/query_0.sql:4476: NOTICE:  duration: 0.035 ms  plan:
Query Text: UPDATE time_statistics SET e_time = TRANSACTION_TIMESTAMP() WHERE template = '../query_postgresql/query86.tpl' AND stream = 0;
Update on time_statistics  (cost=0.00..1.88 rows=0 width=0) (actual time=0.034..0.034 rows=0 loops=1)
  ->  Seq Scan on time_statistics  (cost=0.00..1.88 rows=1 width=14) (actual time=0.019..0.020 rows=1 loops=1)
        Filter: ((template = '../query_postgresql/query86.tpl'::text) AND (stream = 0))
        Rows Removed by Filter: 86
UPDATE 1
LOAD 'auto_explain'; SET auto_explain.log_min_duration TO 0; SET auto_explain.log_analyze TO on; SET auto_explain.log_level TO notice; INSERT INTO time_statistics (template, s_time, stream, query, seed) VALUES ('query87.tpl', TRANSACTION_TIMESTAMP(), 0, 87, 546071719);
LOAD
SET
SET
SET
psql:/tmp/s1-basline/power/query_0.sql:4477: NOTICE:  duration: 0.009 ms  plan:
Query Text: INSERT INTO time_statistics (template, s_time, stream, query, seed) VALUES ('query87.tpl', TRANSACTION_TIMESTAMP(), 0, 87, 546071719);
Insert on time_statistics  (cost=0.00..0.01 rows=0 width=0) (actual time=0.008..0.008 rows=0 loops=1)
  ->  Result  (cost=0.00..0.01 rows=1 width=64) (actual time=0.001..0.002 rows=1 loops=1)
INSERT 0 1
select count(*) 
from ((select distinct c_last_name, c_first_name, d_date
       from store_sales, date_dim, customer
       where store_sales.ss_sold_date_sk = date_dim.d_date_sk
         and store_sales.ss_customer_sk = customer.c_customer_sk
         and d_month_seq between 1215 and 1215+11)
       except
      (select distinct c_last_name, c_first_name, d_date
       from catalog_sales, date_dim, customer
       where catalog_sales.cs_sold_date_sk = date_dim.d_date_sk
         and catalog_sales.cs_bill_customer_sk = customer.c_customer_sk
         and d_month_seq between 1215 and 1215+11)
       except
      (select distinct c_last_name, c_first_name, d_date
       from web_sales, date_dim, customer
       where web_sales.ws_sold_date_sk = date_dim.d_date_sk
         and web_sales.ws_bill_customer_sk = customer.c_customer_sk
         and d_month_seq between 1215 and 1215+11)
) cool_cust
;
psql:/tmp/s1-basline/power/query_0.sql:4497: NOTICE:  duration: 2226.043 ms  plan:
Query Text: select count(*) 
from ((select distinct c_last_name, c_first_name, d_date
       from store_sales, date_dim, customer
       where store_sales.ss_sold_date_sk = date_dim.d_date_sk
         and store_sales.ss_customer_sk = customer.c_customer_sk
         and d_month_seq between 1215 and 1215+11)
       except
      (select distinct c_last_name, c_first_name, d_date
       from catalog_sales, date_dim, customer
       where catalog_sales.cs_sold_date_sk = date_dim.d_date_sk
         and catalog_sales.cs_bill_customer_sk = customer.c_customer_sk
         and d_month_seq between 1215 and 1215+11)
       except
      (select distinct c_last_name, c_first_name, d_date
       from web_sales, date_dim, customer
       where web_sales.ws_sold_date_sk = date_dim.d_date_sk
         and web_sales.ws_bill_customer_sk = customer.c_customer_sk
         and d_month_seq between 1215 and 1215+11)
) cool_cust
;
Aggregate  (cost=154545.38..154545.39 rows=1 width=8) (actual time=2189.204..2226.034 rows=1 loops=1)
  ->  Subquery Scan on cool_cust  (cost=93838.78..154513.49 rows=12754 width=0) (actual time=2180.728..2224.216 rows=47092 loops=1)
        ->  HashSetOp Except  (cost=93838.78..154385.95 rows=12754 width=216) (actual time=2180.727..2219.789 rows=47092 loops=1)
              ->  Append  (cost=93838.78..154264.08 rows=16249 width=216) (actual time=1813.656..2203.219 rows=59086 loops=1)
                    ->  Result  (cost=93838.78..119241.89 rows=12754 width=216) (actual time=1813.655..1824.479 rows=47160 loops=1)
                          ->  HashSetOp Except  (cost=93838.78..119114.35 rows=12754 width=216) (actual time=1813.654..1819.635 rows=47160 loops=1)
                                ->  Append  (cost=93838.78..118966.82 rows=19671 width=216) (actual time=891.841..1795.025 rows=79024 loops=1)
                                      ->  Subquery Scan on "*SELECT* 1"  (cost=93838.78..95547.39 rows=12754 width=60) (actual time=891.840..1197.435 rows=47470 loops=1)
                                            ->  Unique  (cost=93838.78..95419.85 rows=12754 width=56) (actual time=891.838..1191.927 rows=47470 loops=1)
                                                  ->  Gather Merge  (cost=93838.78..95324.19 rows=12754 width=56) (actual time=891.837..1107.862 rows=538585 loops=1)
                                                        Workers Planned: 2
                                                        Workers Launched: 2
                                                        ->  Sort  (cost=92838.75..92852.04 rows=5314 width=56) (actual time=843.109..885.700 rows=179528 loops=3)
                                                              Sort Key: customer.c_last_name, customer.c_first_name, date_dim.d_date
                                                              Sort Method: external merge  Disk: 13272kB
                                                              Worker 0:  Sort Method: external merge  Disk: 10312kB
                                                              Worker 1:  Sort Method: external merge  Disk: 10288kB
                                                              ->  Nested Loop  (cost=2505.46..92509.93 rows=5314 width=56) (actual time=13.563..545.841 rows=179528 loops=3)
                                                                    ->  Hash Join  (cost=2505.17..90776.60 rows=5568 width=12) (actual time=13.514..263.246 rows=183818 loops=3)
                                                                          Hash Cond: (store_sales.ss_sold_date_sk = date_dim.d_date_sk)
                                                                          ->  Parallel Seq Scan on store_sales  (cost=0.00..85123.48 rows=1199148 width=16) (actual time=0.014..123.599 rows=959309 loops=3)
                                                                          ->  Hash  (cost=2500.73..2500.73 rows=355 width=12) (actual time=13.394..13.395 rows=365 loops=3)
                                                                                Buckets: 1024  Batches: 1  Memory Usage: 26kB
                                                                                ->  Seq Scan on date_dim  (cost=0.00..2500.73 rows=355 width=12) (actual time=6.470..13.344 rows=365 loops=3)
                                                                                      Filter: ((d_month_seq >= 1215) AND (d_month_seq <= 1226))
                                                                                      Rows Removed by Filter: 72684
                                                                    ->  Index Scan using pk_customer on customer  (cost=0.29..0.31 rows=1 width=60) (actual time=0.001..0.001 rows=1 loops=551454)
                                                                          Index Cond: (c_customer_sk = store_sales.ss_customer_sk)
                                      ->  Subquery Scan on "*SELECT* 2"  (cost=23182.74..23321.08 rows=6917 width=60) (actual time=583.840..592.835 rows=31554 loops=1)
                                            ->  HashAggregate  (cost=23182.74..23251.91 rows=6917 width=56) (actual time=583.839..590.439 rows=31554 loops=1)
                                                  Group Key: customer_1.c_last_name, customer_1.c_first_name, date_dim_1.d_date
                                                  Batches: 1  Memory Usage: 6673kB
                                                  ->  Nested Loop  (cost=0.72..23130.86 rows=6917 width=56) (actual time=3.902..475.997 rows=283602 loops=1)
                                                        ->  Nested Loop  (cost=0.43..20957.00 rows=6954 width=12) (actual time=3.892..100.020 rows=284413 loops=1)
                                                              ->  Seq Scan on date_dim date_dim_1  (cost=0.00..2500.73 rows=355 width=12) (actual time=3.868..8.100 rows=365 loops=1)
                                                                    Filter: ((d_month_seq >= 1215) AND (d_month_seq <= 1226))
                                                                    Rows Removed by Filter: 72684
                                                              ->  Index Scan using i_cs_sold_date_sk on catalog_sales  (cost=0.43..44.17 rows=782 width=16) (actual time=0.004..0.173 rows=779 loops=365)
                                                                    Index Cond: (cs_sold_date_sk = date_dim_1.d_date_sk)
                                                        ->  Index Scan using pk_customer on customer customer_1  (cost=0.29..0.31 rows=1 width=60) (actual time=0.001..0.001 rows=1 loops=284413)
                                                              Index Cond: (c_customer_sk = catalog_sales.cs_bill_customer_sk)
                    ->  Subquery Scan on "*SELECT* 3"  (cost=34472.74..34940.95 rows=3495 width=60) (actual time=262.902..375.188 rows=11926 loops=1)
                          ->  Unique  (cost=34472.74..34906.00 rows=3495 width=56) (actual time=262.900..373.861 rows=11926 loops=1)
                                ->  Gather Merge  (cost=34472.74..34879.79 rows=3495 width=56) (actual time=262.899..350.742 rows=143513 loops=1)
                                      Workers Planned: 2
                                      Workers Launched: 2
                                      ->  Sort  (cost=33472.71..33476.35 rows=1456 width=56) (actual time=237.084..241.588 rows=47838 loops=3)
                                            Sort Key: customer_2.c_last_name, customer_2.c_first_name, date_dim_2.d_date
                                            Sort Method: quicksort  Memory: 7357kB
                                            Worker 0:  Sort Method: quicksort  Memory: 5243kB
                                            Worker 1:  Sort Method: quicksort  Memory: 5253kB
                                            ->  Nested Loop  (cost=2505.46..33396.22 rows=1456 width=56) (actual time=13.277..169.058 rows=47838 loops=3)
                                                  ->  Hash Join  (cost=2505.17..32936.95 rows=1457 width=12) (actual time=13.229..92.591 rows=47845 loops=3)
                                                        Hash Cond: (web_sales.ws_sold_date_sk = date_dim_2.d_date_sk)
                                                        ->  Parallel Seq Scan on web_sales  (cost=0.00..29644.81 rows=299781 width=16) (actual time=0.019..45.192 rows=239825 loops=3)
                                                        ->  Hash  (cost=2500.73..2500.73 rows=355 width=12) (actual time=13.097..13.098 rows=365 loops=3)
                                                              Buckets: 1024  Batches: 1  Memory Usage: 26kB
                                                              ->  Seq Scan on date_dim date_dim_2  (cost=0.00..2500.73 rows=355 width=12) (actual time=6.310..13.048 rows=365 loops=3)
                                                                    Filter: ((d_month_seq >= 1215) AND (d_month_seq <= 1226))
                                                                    Rows Removed by Filter: 72684
                                                  ->  Index Scan using pk_customer on customer customer_2  (cost=0.29..0.32 rows=1 width=60) (actual time=0.001..0.001 rows=1 loops=143536)
                                                        Index Cond: (c_customer_sk = web_sales.ws_bill_customer_sk)
 count 
-------
 47092
(1 row)

UPDATE time_statistics SET e_time = TRANSACTION_TIMESTAMP() WHERE template = 'query87.tpl' AND stream = 0;
psql:/tmp/s1-basline/power/query_0.sql:4499: NOTICE:  duration: 0.043 ms  plan:
Query Text: UPDATE time_statistics SET e_time = TRANSACTION_TIMESTAMP() WHERE template = 'query87.tpl' AND stream = 0;
Update on time_statistics  (cost=0.00..1.88 rows=0 width=0) (actual time=0.042..0.042 rows=0 loops=1)
  ->  Seq Scan on time_statistics  (cost=0.00..1.88 rows=1 width=14) (actual time=0.029..0.030 rows=1 loops=1)
        Filter: ((template = 'query87.tpl'::text) AND (stream = 0))
        Rows Removed by Filter: 87
UPDATE 1
LOAD 'auto_explain'; SET auto_explain.log_min_duration TO 0; SET auto_explain.log_analyze TO on; SET auto_explain.log_level TO notice; INSERT INTO time_statistics (template, s_time, stream, query, seed) VALUES ('query88.tpl', TRANSACTION_TIMESTAMP(), 0, 88, 957648238);
LOAD
SET
SET
SET
psql:/tmp/s1-basline/power/query_0.sql:4500: NOTICE:  duration: 0.008 ms  plan:
Query Text: INSERT INTO time_statistics (template, s_time, stream, query, seed) VALUES ('query88.tpl', TRANSACTION_TIMESTAMP(), 0, 88, 957648238);
Insert on time_statistics  (cost=0.00..0.01 rows=0 width=0) (actual time=0.008..0.008 rows=0 loops=1)
  ->  Result  (cost=0.00..0.01 rows=1 width=64) (actual time=0.001..0.001 rows=1 loops=1)
INSERT 0 1
select  *
from
 (select count(*) h8_30_to_9
 from store_sales, household_demographics , time_dim, store
 where ss_sold_time_sk = time_dim.t_time_sk   
     and ss_hdemo_sk = household_demographics.hd_demo_sk 
     and ss_store_sk = s_store_sk
     and time_dim.t_hour = 8
     and time_dim.t_minute >= 30
     and ((household_demographics.hd_dep_count = 1 and household_demographics.hd_vehicle_count<=1+2) or
          (household_demographics.hd_dep_count = 0 and household_demographics.hd_vehicle_count<=0+2) or
          (household_demographics.hd_dep_count = 4 and household_demographics.hd_vehicle_count<=4+2)) 
     and store.s_store_name = 'ese') s1,
 (select count(*) h9_to_9_30 
 from store_sales, household_demographics , time_dim, store
 where ss_sold_time_sk = time_dim.t_time_sk
     and ss_hdemo_sk = household_demographics.hd_demo_sk
     and ss_store_sk = s_store_sk 
     and time_dim.t_hour = 9 
     and time_dim.t_minute < 30
     and ((household_demographics.hd_dep_count = 1 and household_demographics.hd_vehicle_count<=1+2) or
          (household_demographics.hd_dep_count = 0 and household_demographics.hd_vehicle_count<=0+2) or
          (household_demographics.hd_dep_count = 4 and household_demographics.hd_vehicle_count<=4+2))
     and store.s_store_name = 'ese') s2,
 (select count(*) h9_30_to_10 
 from store_sales, household_demographics , time_dim, store
 where ss_sold_time_sk = time_dim.t_time_sk
     and ss_hdemo_sk = household_demographics.hd_demo_sk
     and ss_store_sk = s_store_sk
     and time_dim.t_hour = 9
     and time_dim.t_minute >= 30
     and ((household_demographics.hd_dep_count = 1 and household_demographics.hd_vehicle_count<=1+2) or
          (household_demographics.hd_dep_count = 0 and household_demographics.hd_vehicle_count<=0+2) or
          (household_demographics.hd_dep_count = 4 and household_demographics.hd_vehicle_count<=4+2))
     and store.s_store_name = 'ese') s3,
 (select count(*) h10_to_10_30
 from store_sales, household_demographics , time_dim, store
 where ss_sold_time_sk = time_dim.t_time_sk
     and ss_hdemo_sk = household_demographics.hd_demo_sk
     and ss_store_sk = s_store_sk
     and time_dim.t_hour = 10 
     and time_dim.t_minute < 30
     and ((household_demographics.hd_dep_count = 1 and household_demographics.hd_vehicle_count<=1+2) or
          (household_demographics.hd_dep_count = 0 and household_demographics.hd_vehicle_count<=0+2) or
          (household_demographics.hd_dep_count = 4 and household_demographics.hd_vehicle_count<=4+2))
     and store.s_store_name = 'ese') s4,
 (select count(*) h10_30_to_11
 from store_sales, household_demographics , time_dim, store
 where ss_sold_time_sk = time_dim.t_time_sk
     and ss_hdemo_sk = household_demographics.hd_demo_sk
     and ss_store_sk = s_store_sk
     and time_dim.t_hour = 10 
     and time_dim.t_minute >= 30
     and ((household_demographics.hd_dep_count = 1 and household_demographics.hd_vehicle_count<=1+2) or
          (household_demographics.hd_dep_count = 0 and household_demographics.hd_vehicle_count<=0+2) or
          (household_demographics.hd_dep_count = 4 and household_demographics.hd_vehicle_count<=4+2))
     and store.s_store_name = 'ese') s5,
 (select count(*) h11_to_11_30
 from store_sales, household_demographics , time_dim, store
 where ss_sold_time_sk = time_dim.t_time_sk
     and ss_hdemo_sk = household_demographics.hd_demo_sk
     and ss_store_sk = s_store_sk 
     and time_dim.t_hour = 11
     and time_dim.t_minute < 30
     and ((household_demographics.hd_dep_count = 1 and household_demographics.hd_vehicle_count<=1+2) or
          (household_demographics.hd_dep_count = 0 and household_demographics.hd_vehicle_count<=0+2) or
          (household_demographics.hd_dep_count = 4 and household_demographics.hd_vehicle_count<=4+2))
     and store.s_store_name = 'ese') s6,
 (select count(*) h11_30_to_12
 from store_sales, household_demographics , time_dim, store
 where ss_sold_time_sk = time_dim.t_time_sk
     and ss_hdemo_sk = household_demographics.hd_demo_sk
     and ss_store_sk = s_store_sk
     and time_dim.t_hour = 11
     and time_dim.t_minute >= 30
     and ((household_demographics.hd_dep_count = 1 and household_demographics.hd_vehicle_count<=1+2) or
          (household_demographics.hd_dep_count = 0 and household_demographics.hd_vehicle_count<=0+2) or
          (household_demographics.hd_dep_count = 4 and household_demographics.hd_vehicle_count<=4+2))
     and store.s_store_name = 'ese') s7,
 (select count(*) h12_to_12_30
 from store_sales, household_demographics , time_dim, store
 where ss_sold_time_sk = time_dim.t_time_sk
     and ss_hdemo_sk = household_demographics.hd_demo_sk
     and ss_store_sk = s_store_sk
     and time_dim.t_hour = 12
     and time_dim.t_minute < 30
     and ((household_demographics.hd_dep_count = 1 and household_demographics.hd_vehicle_count<=1+2) or
          (household_demographics.hd_dep_count = 0 and household_demographics.hd_vehicle_count<=0+2) or
          (household_demographics.hd_dep_count = 4 and household_demographics.hd_vehicle_count<=4+2))
     and store.s_store_name = 'ese') s8
;
psql:/tmp/s1-basline/power/query_0.sql:4591: NOTICE:  duration: 2133.225 ms  plan:
Query Text: select  *
from
 (select count(*) h8_30_to_9
 from store_sales, household_demographics , time_dim, store
 where ss_sold_time_sk = time_dim.t_time_sk   
     and ss_hdemo_sk = household_demographics.hd_demo_sk 
     and ss_store_sk = s_store_sk
     and time_dim.t_hour = 8
     and time_dim.t_minute >= 30
     and ((household_demographics.hd_dep_count = 1 and household_demographics.hd_vehicle_count<=1+2) or
          (household_demographics.hd_dep_count = 0 and household_demographics.hd_vehicle_count<=0+2) or
          (household_demographics.hd_dep_count = 4 and household_demographics.hd_vehicle_count<=4+2)) 
     and store.s_store_name = 'ese') s1,
 (select count(*) h9_to_9_30 
 from store_sales, household_demographics , time_dim, store
 where ss_sold_time_sk = time_dim.t_time_sk
     and ss_hdemo_sk = household_demographics.hd_demo_sk
     and ss_store_sk = s_store_sk 
     and time_dim.t_hour = 9 
     and time_dim.t_minute < 30
     and ((household_demographics.hd_dep_count = 1 and household_demographics.hd_vehicle_count<=1+2) or
          (household_demographics.hd_dep_count = 0 and household_demographics.hd_vehicle_count<=0+2) or
          (household_demographics.hd_dep_count = 4 and household_demographics.hd_vehicle_count<=4+2))
     and store.s_store_name = 'ese') s2,
 (select count(*) h9_30_to_10 
 from store_sales, household_demographics , time_dim, store
 where ss_sold_time_sk = time_dim.t_time_sk
     and ss_hdemo_sk = household_demographics.hd_demo_sk
     and ss_store_sk = s_store_sk
     and time_dim.t_hour = 9
     and time_dim.t_minute >= 30
     and ((household_demographics.hd_dep_count = 1 and household_demographics.hd_vehicle_count<=1+2) or
          (household_demographics.hd_dep_count = 0 and household_demographics.hd_vehicle_count<=0+2) or
          (household_demographics.hd_dep_count = 4 and household_demographics.hd_vehicle_count<=4+2))
     and store.s_store_name = 'ese') s3,
 (select count(*) h10_to_10_30
 from store_sales, household_demographics , time_dim, store
 where ss_sold_time_sk = time_dim.t_time_sk
     and ss_hdemo_sk = household_demographics.hd_demo_sk
     and ss_store_sk = s_store_sk
     and time_dim.t_hour = 10 
     and time_dim.t_minute < 30
     and ((household_demographics.hd_dep_count = 1 and household_demographics.hd_vehicle_count<=1+2) or
          (household_demographics.hd_dep_count = 0 and household_demographics.hd_vehicle_count<=0+2) or
          (household_demographics.hd_dep_count = 4 and household_demographics.hd_vehicle_count<=4+2))
     and store.s_store_name = 'ese') s4,
 (select count(*) h10_30_to_11
 from store_sales, household_demographics , time_dim, store
 where ss_sold_time_sk = time_dim.t_time_sk
     and ss_hdemo_sk = household_demographics.hd_demo_sk
     and ss_store_sk = s_store_sk
     and time_dim.t_hour = 10 
     and time_dim.t_minute >= 30
     and ((household_demographics.hd_dep_count = 1 and household_demographics.hd_vehicle_count<=1+2) or
          (household_demographics.hd_dep_count = 0 and household_demographics.hd_vehicle_count<=0+2) or
          (household_demographics.hd_dep_count = 4 and household_demographics.hd_vehicle_count<=4+2))
     and store.s_store_name = 'ese') s5,
 (select count(*) h11_to_11_30
 from store_sales, household_demographics , time_dim, store
 where ss_sold_time_sk = time_dim.t_time_sk
     and ss_hdemo_sk = household_demographics.hd_demo_sk
     and ss_store_sk = s_store_sk 
     and time_dim.t_hour = 11
     and time_dim.t_minute < 30
     and ((household_demographics.hd_dep_count = 1 and household_demographics.hd_vehicle_count<=1+2) or
          (household_demographics.hd_dep_count = 0 and household_demographics.hd_vehicle_count<=0+2) or
          (household_demographics.hd_dep_count = 4 and household_demographics.hd_vehicle_count<=4+2))
     and store.s_store_name = 'ese') s6,
 (select count(*) h11_30_to_12
 from store_sales, household_demographics , time_dim, store
 where ss_sold_time_sk = time_dim.t_time_sk
     and ss_hdemo_sk = household_demographics.hd_demo_sk
     and ss_store_sk = s_store_sk
     and time_dim.t_hour = 11
     and time_dim.t_minute >= 30
     and ((household_demographics.hd_dep_count = 1 and household_demographics.hd_vehicle_count<=1+2) or
          (household_demographics.hd_dep_count = 0 and household_demographics.hd_vehicle_count<=0+2) or
          (household_demographics.hd_dep_count = 4 and household_demographics.hd_vehicle_count<=4+2))
     and store.s_store_name = 'ese') s7,
 (select count(*) h12_to_12_30
 from store_sales, household_demographics , time_dim, store
 where ss_sold_time_sk = time_dim.t_time_sk
     and ss_hdemo_sk = household_demographics.hd_demo_sk
     and ss_store_sk = s_store_sk
     and time_dim.t_hour = 12
     and time_dim.t_minute < 30
     and ((household_demographics.hd_dep_count = 1 and household_demographics.hd_vehicle_count<=1+2) or
          (household_demographics.hd_dep_count = 0 and household_demographics.hd_vehicle_count<=0+2) or
          (household_demographics.hd_dep_count = 4 and household_demographics.hd_vehicle_count<=4+2))
     and store.s_store_name = 'ese') s8
;
Nested Loop  (cost=739055.03..739055.26 rows=1 width=64) (actual time=2059.830..2133.216 rows=1 loops=1)
  ->  Nested Loop  (cost=646670.36..646670.56 rows=1 width=56) (actual time=1801.804..1802.439 rows=1 loops=1)
        ->  Nested Loop  (cost=554286.86..554287.03 rows=1 width=48) (actual time=1547.255..1547.816 rows=1 loops=1)
              ->  Nested Loop  (cost=461902.30..461902.44 rows=1 width=40) (actual time=1292.085..1292.572 rows=1 loops=1)
                    ->  Nested Loop  (cost=369521.58..369521.69 rows=1 width=32) (actual time=1030.176..1030.585 rows=1 loops=1)
                          ->  Nested Loop  (cost=277139.87..277139.95 rows=1 width=24) (actual time=767.572..767.883 rows=1 loops=1)
                                ->  Nested Loop  (cost=184760.35..184760.40 rows=1 width=16) (actual time=510.828..511.048 rows=1 loops=1)
                                      ->  Finalize Aggregate  (cost=92379.80..92379.81 rows=1 width=8) (actual time=252.960..253.097 rows=1 loops=1)
                                            ->  Gather  (cost=92379.58..92379.79 rows=2 width=8) (actual time=252.827..253.093 rows=3 loops=1)
                                                  Workers Planned: 2
                                                  Workers Launched: 2
                                                  ->  Partial Aggregate  (cost=91379.58..91379.59 rows=1 width=8) (actual time=248.291..248.296 rows=1 loops=3)
                                                        ->  Hash Join  (cost=3027.11..91378.56 rows=411 width=0) (actual time=15.821..248.252 rows=769 loops=3)
                                                              Hash Cond: (store_sales.ss_store_sk = store.s_store_sk)
                                                              ->  Hash Join  (cost=3025.95..91359.25 rows=5169 width=8) (actual time=14.813..247.715 rows=4685 loops=3)
                                                                    Hash Cond: (store_sales.ss_hdemo_sk = household_demographics.hd_demo_sk)
                                                                    ->  Hash Join  (cost=2765.25..91036.64 rows=23573 width=16) (actual time=12.681..244.549 rows=18029 loops=3)
                                                                          Hash Cond: (store_sales.ss_sold_time_sk = time_dim.t_time_sk)
                                                                          ->  Parallel Seq Scan on store_sales  (cost=0.00..85123.48 rows=1199148 width=24) (actual time=0.015..124.170 rows=959309 loops=3)
                                                                          ->  Hash  (cost=2743.00..2743.00 rows=1780 width=8) (actual time=12.497..12.498 rows=1800 loops=3)
                                                                                Buckets: 2048  Batches: 1  Memory Usage: 87kB
                                                                                ->  Seq Scan on time_dim  (cost=0.00..2743.00 rows=1780 width=8) (actual time=4.615..12.264 rows=1800 loops=3)
                                                                                      Filter: ((t_minute >= 30) AND (t_hour = 8))
                                                                                      Rows Removed by Filter: 84600
                                                                    ->  Hash  (cost=240.00..240.00 rows=1656 width=8) (actual time=1.417..1.418 rows=1800 loops=3)
                                                                          Buckets: 2048  Batches: 1  Memory Usage: 87kB
                                                                          ->  Seq Scan on household_demographics  (cost=0.00..240.00 rows=1656 width=8) (actual time=0.022..1.204 rows=1800 loops=3)
                                                                                Filter: (((hd_dep_count = 1) AND (hd_vehicle_count <= 3)) OR ((hd_dep_count = 0) AND (hd_vehicle_count <= 2)) OR ((hd_dep_count = 4) AND (hd_vehicle_count <= 6)))
                                                                                Rows Removed by Filter: 5400
                                                              ->  Hash  (cost=1.15..1.15 rows=1 width=8) (actual time=0.032..0.033 rows=1 loops=3)
                                                                    Buckets: 1024  Batches: 1  Memory Usage: 9kB
                                                                    ->  Seq Scan on store  (cost=0.00..1.15 rows=1 width=8) (actual time=0.026..0.027 rows=1 loops=3)
                                                                          Filter: ((s_store_name)::text = 'ese'::text)
                                                                          Rows Removed by Filter: 11
                                      ->  Finalize Aggregate  (cost=92380.55..92380.56 rows=1 width=8) (actual time=257.864..257.947 rows=1 loops=1)
                                            ->  Gather  (cost=92380.34..92380.55 rows=2 width=8) (actual time=257.729..257.942 rows=3 loops=1)
                                                  Workers Planned: 2
                                                  Workers Launched: 2
                                                  ->  Partial Aggregate  (cost=91380.34..91380.35 rows=1 width=8) (actual time=253.101..253.105 rows=1 loops=3)
                                                        ->  Hash Join  (cost=3027.27..91379.30 rows=414 width=0) (actual time=18.822..253.028 rows=1432 loops=3)
                                                              Hash Cond: (store_sales_1.ss_store_sk = store_1.s_store_sk)
                                                              ->  Hash Join  (cost=3026.11..91359.87 rows=5207 width=8) (actual time=15.134..252.190 rows=8579 loops=3)
                                                                    Hash Cond: (store_sales_1.ss_hdemo_sk = household_demographics_1.hd_demo_sk)
                                                                    ->  Hash Join  (cost=2765.41..91036.80 rows=23745 width=16) (actual time=13.399..247.464 rows=36662 loops=3)
                                                                          Hash Cond: (store_sales_1.ss_sold_time_sk = time_dim_1.t_time_sk)
                                                                          ->  Parallel Seq Scan on store_sales store_sales_1  (cost=0.00..85123.48 rows=1199148 width=24) (actual time=0.016..123.819 rows=959309 loops=3)
                                                                          ->  Hash  (cost=2743.00..2743.00 rows=1793 width=8) (actual time=13.281..13.282 rows=1800 loops=3)
                                                                                Buckets: 2048  Batches: 1  Memory Usage: 87kB
                                                                                ->  Seq Scan on time_dim time_dim_1  (cost=0.00..2743.00 rows=1793 width=8) (actual time=5.268..13.071 rows=1800 loops=3)
                                                                                      Filter: ((t_minute < 30) AND (t_hour = 9))
                                                                                      Rows Removed by Filter: 84600
                                                                    ->  Hash  (cost=240.00..240.00 rows=1656 width=8) (actual time=1.432..1.433 rows=1800 loops=3)
                                                                          Buckets: 2048  Batches: 1  Memory Usage: 87kB
                                                                          ->  Seq Scan on household_demographics household_demographics_1  (cost=0.00..240.00 rows=1656 width=8) (actual time=0.022..1.224 rows=1800 loops=3)
                                                                                Filter: (((hd_dep_count = 1) AND (hd_vehicle_count <= 3)) OR ((hd_dep_count = 0) AND (hd_vehicle_count <= 2)) OR ((hd_dep_count = 4) AND (hd_vehicle_count <= 6)))
                                                                                Rows Removed by Filter: 5400
                                                              ->  Hash  (cost=1.15..1.15 rows=1 width=8) (actual time=0.032..0.032 rows=1 loops=3)
                                                                    Buckets: 1024  Batches: 1  Memory Usage: 9kB
                                                                    ->  Seq Scan on store store_1  (cost=0.00..1.15 rows=1 width=8) (actual time=0.026..0.028 rows=1 loops=3)
                                                                          Filter: ((s_store_name)::text = 'ese'::text)
                                                                          Rows Removed by Filter: 11
                                ->  Finalize Aggregate  (cost=92379.51..92379.52 rows=1 width=8) (actual time=256.741..256.829 rows=1 loops=1)
                                      ->  Gather  (cost=92379.30..92379.51 rows=2 width=8) (actual time=256.606..256.824 rows=3 loops=1)
                                            Workers Planned: 2
                                            Workers Launched: 2
                                            ->  Partial Aggregate  (cost=91379.30..91379.31 rows=1 width=8) (actual time=252.186..252.191 rows=1 loops=3)
                                                  ->  Hash Join  (cost=3027.05..91378.27 rows=410 width=0) (actual time=15.742..252.110 rows=1536 loops=3)
                                                        Hash Cond: (store_sales_2.ss_store_sk = store_2.s_store_sk)
                                                        ->  Hash Join  (cost=3025.89..91359.02 rows=5155 width=8) (actual time=13.901..251.228 rows=9266 loops=3)
                                                              Hash Cond: (store_sales_2.ss_hdemo_sk = household_demographics_2.hd_demo_sk)
                                                              ->  Hash Join  (cost=2765.19..91036.58 rows=23507 width=16) (actual time=12.427..246.412 rows=37195 loops=3)
                                                                    Hash Cond: (store_sales_2.ss_sold_time_sk = time_dim_2.t_time_sk)
                                                                    ->  Parallel Seq Scan on store_sales store_sales_2  (cost=0.00..85123.48 rows=1199148 width=24) (actual time=0.013..122.962 rows=959309 loops=3)
                                                                    ->  Hash  (cost=2743.00..2743.00 rows=1775 width=8) (actual time=12.371..12.372 rows=1800 loops=3)
                                                                          Buckets: 2048  Batches: 1  Memory Usage: 87kB
                                                                          ->  Seq Scan on time_dim time_dim_2  (cost=0.00..2743.00 rows=1775 width=8) (actual time=5.132..12.156 rows=1800 loops=3)
                                                                                Filter: ((t_minute >= 30) AND (t_hour = 9))
                                                                                Rows Removed by Filter: 84600
                                                              ->  Hash  (cost=240.00..240.00 rows=1656 width=8) (actual time=1.436..1.437 rows=1800 loops=3)
                                                                    Buckets: 2048  Batches: 1  Memory Usage: 87kB
                                                                    ->  Seq Scan on household_demographics household_demographics_2  (cost=0.00..240.00 rows=1656 width=8) (actual time=0.021..1.222 rows=1800 loops=3)
                                                                          Filter: (((hd_dep_count = 1) AND (hd_vehicle_count <= 3)) OR ((hd_dep_count = 0) AND (hd_vehicle_count <= 2)) OR ((hd_dep_count = 4) AND (hd_vehicle_count <= 6)))
                                                                          Rows Removed by Filter: 5400
                                                        ->  Hash  (cost=1.15..1.15 rows=1 width=8) (actual time=0.031..0.032 rows=1 loops=3)
                                                              Buckets: 1024  Batches: 1  Memory Usage: 9kB
                                                              ->  Seq Scan on store store_2  (cost=0.00..1.15 rows=1 width=8) (actual time=0.026..0.027 rows=1 loops=3)
                                                                    Filter: ((s_store_name)::text = 'ese'::text)
                                                                    Rows Removed by Filter: 11
                          ->  Finalize Aggregate  (cost=92381.71..92381.72 rows=1 width=8) (actual time=262.600..262.698 rows=1 loops=1)
                                ->  Gather  (cost=92381.49..92381.70 rows=2 width=8) (actual time=262.470..262.693 rows=3 loops=1)
                                      Workers Planned: 2
                                      Workers Launched: 2
                                      ->  Partial Aggregate  (cost=91381.49..91381.50 rows=1 width=8) (actual time=258.035..258.039 rows=1 loops=3)
                                            ->  Hash Join  (cost=3027.52..91380.45 rows=418 width=0) (actual time=15.117..257.930 rows=2103 loops=3)
                                                  Hash Cond: (store_sales_3.ss_store_sk = store_3.s_store_sk)
                                                  ->  Hash Join  (cost=3026.36..91360.81 rows=5265 width=8) (actual time=14.361..256.769 rows=13154 loops=3)
                                                        Hash Cond: (store_sales_3.ss_hdemo_sk = household_demographics_3.hd_demo_sk)
                                                        ->  Hash Join  (cost=2765.66..91037.05 rows=24010 width=16) (actual time=12.685..250.546 rows=54541 loops=3)
                                                              Hash Cond: (store_sales_3.ss_sold_time_sk = time_dim_3.t_time_sk)
                                                              ->  Parallel Seq Scan on store_sales store_sales_3  (cost=0.00..85123.48 rows=1199148 width=24) (actual time=0.014..124.525 rows=959309 loops=3)
                                                              ->  Hash  (cost=2743.00..2743.00 rows=1813 width=8) (actual time=12.634..12.635 rows=1800 loops=3)
                                                                    Buckets: 2048  Batches: 1  Memory Usage: 87kB
                                                                    ->  Seq Scan on time_dim time_dim_3  (cost=0.00..2743.00 rows=1813 width=8) (actual time=5.425..12.412 rows=1800 loops=3)
                                                                          Filter: ((t_minute < 30) AND (t_hour = 10))
                                                                          Rows Removed by Filter: 84600
                                                        ->  Hash  (cost=240.00..240.00 rows=1656 width=8) (actual time=1.413..1.414 rows=1800 loops=3)
                                                              Buckets: 2048  Batches: 1  Memory Usage: 87kB
                                                              ->  Seq Scan on household_demographics household_demographics_3  (cost=0.00..240.00 rows=1656 width=8) (actual time=0.021..1.198 rows=1800 loops=3)
                                                                    Filter: (((hd_dep_count = 1) AND (hd_vehicle_count <= 3)) OR ((hd_dep_count = 0) AND (hd_vehicle_count <= 2)) OR ((hd_dep_count = 4) AND (hd_vehicle_count <= 6)))
                                                                    Rows Removed by Filter: 5400
                                                  ->  Hash  (cost=1.15..1.15 rows=1 width=8) (actual time=0.034..0.035 rows=1 loops=3)
                                                        Buckets: 1024  Batches: 1  Memory Usage: 9kB
                                                        ->  Seq Scan on store store_3  (cost=0.00..1.15 rows=1 width=8) (actual time=0.028..0.029 rows=1 loops=3)
                                                              Filter: ((s_store_name)::text = 'ese'::text)
                                                              Rows Removed by Filter: 11
                    ->  Finalize Aggregate  (cost=92380.72..92380.73 rows=1 width=8) (actual time=261.905..261.982 rows=1 loops=1)
                          ->  Gather  (cost=92380.51..92380.72 rows=2 width=8) (actual time=261.773..261.978 rows=3 loops=1)
                                Workers Planned: 2
                                Workers Launched: 2
                                ->  Partial Aggregate  (cost=91380.51..91380.52 rows=1 width=8) (actual time=257.480..257.485 rows=1 loops=3)
                                      ->  Hash Join  (cost=3027.31..91379.47 rows=415 width=0) (actual time=15.416..257.369 rows=2083 loops=3)
                                            Hash Cond: (store_sales_4.ss_store_sk = store_4.s_store_sk)
                                            ->  Hash Join  (cost=3026.15..91360.01 rows=5215 width=8) (actual time=13.958..256.241 rows=12759 loops=3)
                                                  Hash Cond: (store_sales_4.ss_hdemo_sk = household_demographics_4.hd_demo_sk)
                                                  ->  Hash Join  (cost=2765.45..91036.84 rows=23785 width=16) (actual time=12.390..250.102 rows=54228 loops=3)
                                                        Hash Cond: (store_sales_4.ss_sold_time_sk = time_dim_4.t_time_sk)
                                                        ->  Parallel Seq Scan on store_sales store_sales_4  (cost=0.00..85123.48 rows=1199148 width=24) (actual time=0.013..124.347 rows=959309 loops=3)
                                                        ->  Hash  (cost=2743.00..2743.00 rows=1796 width=8) (actual time=12.310..12.311 rows=1800 loops=3)
                                                              Buckets: 2048  Batches: 1  Memory Usage: 87kB
                                                              ->  Seq Scan on time_dim time_dim_4  (cost=0.00..2743.00 rows=1796 width=8) (actual time=5.575..12.093 rows=1800 loops=3)
                                                                    Filter: ((t_minute >= 30) AND (t_hour = 10))
                                                                    Rows Removed by Filter: 84600
                                                  ->  Hash  (cost=240.00..240.00 rows=1656 width=8) (actual time=1.394..1.395 rows=1800 loops=3)
                                                        Buckets: 2048  Batches: 1  Memory Usage: 87kB
                                                        ->  Seq Scan on household_demographics household_demographics_4  (cost=0.00..240.00 rows=1656 width=8) (actual time=0.021..1.184 rows=1800 loops=3)
                                                              Filter: (((hd_dep_count = 1) AND (hd_vehicle_count <= 3)) OR ((hd_dep_count = 0) AND (hd_vehicle_count <= 2)) OR ((hd_dep_count = 4) AND (hd_vehicle_count <= 6)))
                                                              Rows Removed by Filter: 5400
                                            ->  Hash  (cost=1.15..1.15 rows=1 width=8) (actual time=0.031..0.032 rows=1 loops=3)
                                                  Buckets: 1024  Batches: 1  Memory Usage: 9kB
                                                  ->  Seq Scan on store store_4  (cost=0.00..1.15 rows=1 width=8) (actual time=0.025..0.026 rows=1 loops=3)
                                                        Filter: ((s_store_name)::text = 'ese'::text)
                                                        Rows Removed by Filter: 11
              ->  Finalize Aggregate  (cost=92384.56..92384.57 rows=1 width=8) (actual time=255.166..255.239 rows=1 loops=1)
                    ->  Gather  (cost=92384.34..92384.55 rows=2 width=8) (actual time=255.027..255.234 rows=3 loops=1)
                          Workers Planned: 2
                          Workers Launched: 2
                          ->  Partial Aggregate  (cost=91384.34..91384.35 rows=1 width=8) (actual time=250.545..250.549 rows=1 loops=3)
                                ->  Hash Join  (cost=3028.14..91383.27 rows=430 width=0) (actual time=17.319..250.481 rows=1249 loops=3)
                                      Hash Cond: (store_sales_5.ss_store_sk = store_5.s_store_sk)
                                      ->  Hash Join  (cost=3026.97..91363.13 rows=5407 width=8) (actual time=14.402..249.683 rows=7695 loops=3)
                                            Hash Cond: (store_sales_5.ss_hdemo_sk = household_demographics_5.hd_demo_sk)
                                            ->  Hash Join  (cost=2766.28..91037.67 rows=24659 width=16) (actual time=12.644..245.437 rows=31548 loops=3)
                                                  Hash Cond: (store_sales_5.ss_sold_time_sk = time_dim_5.t_time_sk)
                                                  ->  Parallel Seq Scan on store_sales store_sales_5  (cost=0.00..85123.48 rows=1199148 width=24) (actual time=0.014..123.421 rows=959309 loops=3)
                                                  ->  Hash  (cost=2743.00..2743.00 rows=1862 width=8) (actual time=12.492..12.492 rows=1800 loops=3)
                                                        Buckets: 2048  Batches: 1  Memory Usage: 87kB
                                                        ->  Seq Scan on time_dim time_dim_5  (cost=0.00..2743.00 rows=1862 width=8) (actual time=5.849..12.279 rows=1800 loops=3)
                                                              Filter: ((t_minute < 30) AND (t_hour = 11))
                                                              Rows Removed by Filter: 84600
                                            ->  Hash  (cost=240.00..240.00 rows=1656 width=8) (actual time=1.378..1.379 rows=1800 loops=3)
                                                  Buckets: 2048  Batches: 1  Memory Usage: 87kB
                                                  ->  Seq Scan on household_demographics household_demographics_5  (cost=0.00..240.00 rows=1656 width=8) (actual time=0.021..1.162 rows=1800 loops=3)
                                                        Filter: (((hd_dep_count = 1) AND (hd_vehicle_count <= 3)) OR ((hd_dep_count = 0) AND (hd_vehicle_count <= 2)) OR ((hd_dep_count = 4) AND (hd_vehicle_count <= 6)))
                                                        Rows Removed by Filter: 5400
                                      ->  Hash  (cost=1.15..1.15 rows=1 width=8) (actual time=0.031..0.032 rows=1 loops=3)
                                            Buckets: 1024  Batches: 1  Memory Usage: 9kB
                                            ->  Seq Scan on store store_5  (cost=0.00..1.15 rows=1 width=8) (actual time=0.025..0.027 rows=1 loops=3)
                                                  Filter: ((s_store_name)::text = 'ese'::text)
                                                  Rows Removed by Filter: 11
        ->  Finalize Aggregate  (cost=92383.50..92383.51 rows=1 width=8) (actual time=254.546..254.619 rows=1 loops=1)
              ->  Gather  (cost=92383.29..92383.50 rows=2 width=8) (actual time=254.420..254.615 rows=3 loops=1)
                    Workers Planned: 2
                    Workers Launched: 2
                    ->  Partial Aggregate  (cost=91383.29..91383.30 rows=1 width=8) (actual time=249.877..249.882 rows=1 loops=3)
                          ->  Hash Join  (cost=3027.91..91382.23 rows=425 width=0) (actual time=16.083..249.814 rows=1260 loops=3)
                                Hash Cond: (store_sales_6.ss_store_sk = store_6.s_store_sk)
                                ->  Hash Join  (cost=3026.75..91362.28 rows=5355 width=8) (actual time=13.949..249.036 rows=7831 loops=3)
                                      Hash Cond: (store_sales_6.ss_hdemo_sk = household_demographics_6.hd_demo_sk)
                                      ->  Hash Join  (cost=2766.05..91037.44 rows=24421 width=16) (actual time=12.530..244.739 rows=31599 loops=3)
                                            Hash Cond: (store_sales_6.ss_sold_time_sk = time_dim_6.t_time_sk)
                                            ->  Parallel Seq Scan on store_sales store_sales_6  (cost=0.00..85123.48 rows=1199148 width=24) (actual time=0.013..122.744 rows=959309 loops=3)
                                            ->  Hash  (cost=2743.00..2743.00 rows=1844 width=8) (actual time=12.453..12.454 rows=1800 loops=3)
                                                  Buckets: 2048  Batches: 1  Memory Usage: 87kB
                                                  ->  Seq Scan on time_dim time_dim_6  (cost=0.00..2743.00 rows=1844 width=8) (actual time=6.097..12.238 rows=1800 loops=3)
                                                        Filter: ((t_minute >= 30) AND (t_hour = 11))
                                                        Rows Removed by Filter: 84600
                                      ->  Hash  (cost=240.00..240.00 rows=1656 width=8) (actual time=1.398..1.399 rows=1800 loops=3)
                                            Buckets: 2048  Batches: 1  Memory Usage: 87kB
                                            ->  Seq Scan on household_demographics household_demographics_6  (cost=0.00..240.00 rows=1656 width=8) (actual time=0.021..1.180 rows=1800 loops=3)
                                                  Filter: (((hd_dep_count = 1) AND (hd_vehicle_count <= 3)) OR ((hd_dep_count = 0) AND (hd_vehicle_count <= 2)) OR ((hd_dep_count = 4) AND (hd_vehicle_count <= 6)))
                                                  Rows Removed by Filter: 5400
                                ->  Hash  (cost=1.15..1.15 rows=1 width=8) (actual time=0.032..0.033 rows=1 loops=3)
                                      Buckets: 1024  Batches: 1  Memory Usage: 9kB
                                      ->  Seq Scan on store store_6  (cost=0.00..1.15 rows=1 width=8) (actual time=0.026..0.027 rows=1 loops=3)
                                            Filter: ((s_store_name)::text = 'ese'::text)
                                            Rows Removed by Filter: 11
  ->  Finalize Aggregate  (cost=92384.67..92384.68 rows=1 width=8) (actual time=258.023..330.773 rows=1 loops=1)
        ->  Gather  (cost=92384.46..92384.67 rows=2 width=8) (actual time=257.893..330.768 rows=3 loops=1)
              Workers Planned: 2
              Workers Launched: 2
              ->  Partial Aggregate  (cost=91384.46..91384.47 rows=1 width=8) (actual time=253.482..253.486 rows=1 loops=3)
                    ->  Hash Join  (cost=3028.16..91383.38 rows=430 width=0) (actual time=14.847..253.405 rows=1507 loops=3)
                          Hash Cond: (store_sales_7.ss_store_sk = store_7.s_store_sk)
                          ->  Hash Join  (cost=3027.00..91363.23 rows=5413 width=8) (actual time=14.326..252.536 rows=8963 loops=3)
                                Hash Cond: (store_sales_7.ss_hdemo_sk = household_demographics_7.hd_demo_sk)
                                ->  Hash Join  (cost=2766.30..91037.69 rows=24686 width=16) (actual time=12.666..247.799 rows=36593 loops=3)
                                      Hash Cond: (store_sales_7.ss_sold_time_sk = time_dim_7.t_time_sk)
                                      ->  Parallel Seq Scan on store_sales store_sales_7  (cost=0.00..85123.48 rows=1199148 width=24) (actual time=0.013..124.307 rows=959309 loops=3)
                                      ->  Hash  (cost=2743.00..2743.00 rows=1864 width=8) (actual time=12.603..12.604 rows=1800 loops=3)
                                            Buckets: 2048  Batches: 1  Memory Usage: 87kB
                                            ->  Seq Scan on time_dim time_dim_7  (cost=0.00..2743.00 rows=1864 width=8) (actual time=6.369..12.386 rows=1800 loops=3)
                                                  Filter: ((t_minute < 30) AND (t_hour = 12))
                                                  Rows Removed by Filter: 84600
                                ->  Hash  (cost=240.00..240.00 rows=1656 width=8) (actual time=1.429..1.429 rows=1800 loops=3)
                                      Buckets: 2048  Batches: 1  Memory Usage: 87kB
                                      ->  Seq Scan on household_demographics household_demographics_7  (cost=0.00..240.00 rows=1656 width=8) (actual time=0.022..1.209 rows=1800 loops=3)
                                            Filter: (((hd_dep_count = 1) AND (hd_vehicle_count <= 3)) OR ((hd_dep_count = 0) AND (hd_vehicle_count <= 2)) OR ((hd_dep_count = 4) AND (hd_vehicle_count <= 6)))
                                            Rows Removed by Filter: 5400
                          ->  Hash  (cost=1.15..1.15 rows=1 width=8) (actual time=0.031..0.032 rows=1 loops=3)
                                Buckets: 1024  Batches: 1  Memory Usage: 9kB
                                ->  Seq Scan on store store_7  (cost=0.00..1.15 rows=1 width=8) (actual time=0.025..0.027 rows=1 loops=3)
                                      Filter: ((s_store_name)::text = 'ese'::text)
                                      Rows Removed by Filter: 11
 h8_30_to_9 | h9_to_9_30 | h9_30_to_10 | h10_to_10_30 | h10_30_to_11 | h11_to_11_30 | h11_30_to_12 | h12_to_12_30 
------------+------------+-------------+--------------+--------------+--------------+--------------+--------------
       2306 |       4296 |        4607 |         6308 |         6249 |         3746 |         3779 |         4520
(1 row)

UPDATE time_statistics SET e_time = TRANSACTION_TIMESTAMP() WHERE template = 'query88.tpl' AND stream = 0;
psql:/tmp/s1-basline/power/query_0.sql:4593: NOTICE:  duration: 0.029 ms  plan:
Query Text: UPDATE time_statistics SET e_time = TRANSACTION_TIMESTAMP() WHERE template = 'query88.tpl' AND stream = 0;
Update on time_statistics  (cost=0.00..2.34 rows=0 width=0) (actual time=0.028..0.028 rows=0 loops=1)
  ->  Seq Scan on time_statistics  (cost=0.00..2.34 rows=1 width=14) (actual time=0.017..0.017 rows=1 loops=1)
        Filter: ((template = 'query88.tpl'::text) AND (stream = 0))
        Rows Removed by Filter: 88
UPDATE 1
LOAD 'auto_explain'; SET auto_explain.log_min_duration TO 0; SET auto_explain.log_analyze TO on; SET auto_explain.log_level TO notice; INSERT INTO time_statistics (template, s_time, stream, query, seed) VALUES ('query89.tpl', TRANSACTION_TIMESTAMP(), 0, 89, 206923651);
LOAD
SET
SET
SET
psql:/tmp/s1-basline/power/query_0.sql:4594: NOTICE:  duration: 0.019 ms  plan:
Query Text: INSERT INTO time_statistics (template, s_time, stream, query, seed) VALUES ('query89.tpl', TRANSACTION_TIMESTAMP(), 0, 89, 206923651);
Insert on time_statistics  (cost=0.00..0.01 rows=0 width=0) (actual time=0.019..0.019 rows=0 loops=1)
  ->  Result  (cost=0.00..0.01 rows=1 width=64) (actual time=0.002..0.002 rows=1 loops=1)
INSERT 0 1
select  *
from(
select i_category, i_class, i_brand,
       s_store_name, s_company_name,
       d_moy,
       sum(ss_sales_price) sum_sales,
       avg(sum(ss_sales_price)) over
         (partition by i_category, i_brand, s_store_name, s_company_name)
         avg_monthly_sales
from item, store_sales, date_dim, store
where ss_item_sk = i_item_sk and
      ss_sold_date_sk = d_date_sk and
      ss_store_sk = s_store_sk and
      d_year in (1999) and
        ((i_category in ('Children','Books','Music') and
          i_class in ('toddlers','cooking','rock')
         )
      or (i_category in ('Jewelry','Shoes','Electronics') and
          i_class in ('costume','athletic','televisions') 
        ))
group by i_category, i_class, i_brand,
         s_store_name, s_company_name, d_moy) tmp1
where case when (avg_monthly_sales <> 0) then (abs(sum_sales - avg_monthly_sales) / avg_monthly_sales) else null end > 0.1
order by sum_sales - avg_monthly_sales, s_store_name
limit 100;
psql:/tmp/s1-basline/power/query_0.sql:4619: NOTICE:  duration: 552.671 ms  plan:
Query Text: select  *
from(
select i_category, i_class, i_brand,
       s_store_name, s_company_name,
       d_moy,
       sum(ss_sales_price) sum_sales,
       avg(sum(ss_sales_price)) over
         (partition by i_category, i_brand, s_store_name, s_company_name)
         avg_monthly_sales
from item, store_sales, date_dim, store
where ss_item_sk = i_item_sk and
      ss_sold_date_sk = d_date_sk and
      ss_store_sk = s_store_sk and
      d_year in (1999) and
        ((i_category in ('Children','Books','Music') and
          i_class in ('toddlers','cooking','rock')
         )
      or (i_category in ('Jewelry','Shoes','Electronics') and
          i_class in ('costume','athletic','televisions') 
        ))
group by i_category, i_class, i_brand,
         s_store_name, s_company_name, d_moy) tmp1
where case when (avg_monthly_sales <> 0) then (abs(sum_sales - avg_monthly_sales) / avg_monthly_sales) else null end > 0.1
order by sum_sales - avg_monthly_sales, s_store_name
limit 100;
Limit  (cost=66347.19..66347.44 rows=100 width=194) (actual time=552.569..552.582 rows=100 loops=1)
  ->  Sort  (cost=66347.19..66347.49 rows=117 width=194) (actual time=552.568..552.574 rows=100 loops=1)
        Sort Key: ((tmp1.sum_sales - tmp1.avg_monthly_sales)), tmp1.s_store_name
        Sort Method: top-N heapsort  Memory: 70kB
        ->  Subquery Scan on tmp1  (cost=66298.90..66343.18 rows=117 width=194) (actual time=527.069..551.912 rows=2177 loops=1)
              Filter: (CASE WHEN (tmp1.avg_monthly_sales <> '0'::double precision) THEN (abs((tmp1.sum_sales - tmp1.avg_monthly_sales)) / tmp1.avg_monthly_sales) ELSE NULL::double precision END > '0.1'::double precision)
              Rows Removed by Filter: 190
              ->  WindowAgg  (cost=66298.90..66334.96 rows=352 width=186) (actual time=527.067..551.574 rows=2367 loops=1)
                    ->  Incremental Sort  (cost=66298.90..66327.04 rows=352 width=178) (actual time=527.053..550.000 rows=2367 loops=1)
                          Sort Key: item.i_category, item.i_brand, store.s_store_name, store.s_company_name
                          Presorted Key: item.i_category
                          Full-sort Groups: 6  Sort Method: quicksort  Average Memory: 39kB  Peak Memory: 39kB
                          Pre-sorted Groups: 6  Sort Method: quicksort  Average Memory: 174kB  Peak Memory: 202kB
                          ->  GroupAggregate  (cost=66296.34..66306.90 rows=352 width=178) (actual time=524.984..548.603 rows=2367 loops=1)
                                Group Key: item.i_category, item.i_class, item.i_brand, store.s_store_name, store.s_company_name, date_dim.d_moy
                                ->  Sort  (cost=66296.34..66297.22 rows=352 width=178) (actual time=524.972..527.173 rows=49819 loops=1)
                                      Sort Key: item.i_category, item.i_class, item.i_brand, store.s_store_name, store.s_company_name, date_dim.d_moy
                                      Sort Method: quicksort  Memory: 12427kB
                                      ->  Nested Loop  (cost=0.73..66281.45 rows=352 width=178) (actual time=0.062..398.982 rows=49819 loops=1)
                                            Join Filter: (store_sales.ss_store_sk = store.s_store_sk)
                                            Rows Removed by Join Filter: 230245
                                            ->  Nested Loop  (cost=0.73..66218.29 rows=369 width=173) (actual time=0.055..363.782 rows=51015 loops=1)
                                                  ->  Nested Loop  (cost=0.43..63704.59 rows=77705 width=177) (actual time=0.022..282.299 rows=262619 loops=1)
                                                        ->  Seq Scan on item  (cost=0.00..1706.00 rows=486 width=161) (actual time=0.011..14.993 rows=1625 loops=1)
                                                              Filter: (((i_category = ANY ('{Children,Books,Music}'::bpchar[])) AND (i_class = ANY ('{toddlers,cooking,rock}'::bpchar[]))) OR ((i_category = ANY ('{Jewelry,Shoes,Electronics}'::bpchar[])) AND (i_class = ANY ('{costume,athletic,televisions}'::bpchar[]))))
                                                              Rows Removed by Filter: 16375
                                                        ->  Index Scan using pk_store_sales on store_sales  (cost=0.43..125.83 rows=174 width=32) (actual time=0.005..0.140 rows=162 loops=1625)
                                                              Index Cond: (ss_item_sk = item.i_item_sk)
                                                  ->  Memoize  (cost=0.30..0.32 rows=1 width=12) (actual time=0.000..0.000 rows=0 loops=262619)
                                                        Cache Key: store_sales.ss_sold_date_sk
                                                        Cache Mode: logical
                                                        Hits: 260795  Misses: 1824  Evictions: 0  Overflows: 0  Memory Usage: 146kB
                                                        ->  Index Scan using pk_date_dim on date_dim  (cost=0.29..0.31 rows=1 width=12) (actual time=0.001..0.001 rows=0 loops=1824)
                                                              Index Cond: (d_date_sk = store_sales.ss_sold_date_sk)
                                                              Filter: (d_year = 1999)
                                                              Rows Removed by Filter: 1
                                            ->  Materialize  (cost=0.00..1.18 rows=12 width=21) (actual time=0.000..0.000 rows=5 loops=51015)
                                                  ->  Seq Scan on store  (cost=0.00..1.12 rows=12 width=21) (actual time=0.002..0.005 rows=12 loops=1)
                     i_category                     |                      i_class                       |                      i_brand                       | s_store_name | s_company_name | d_moy |     sum_sales      | avg_monthly_sales  
----------------------------------------------------+----------------------------------------------------+----------------------------------------------------+--------------+----------------+-------+--------------------+--------------------
 Children                                           | toddlers                                           | exportiexporti #1                                  | ese          | Unknown        |     6 | 1727.8600000000001 |  4813.635000000001
 Children                                           | toddlers                                           | exportiexporti #1                                  | eing         | Unknown        |     6 | 2008.7999999999995 |  4960.019166666665
 Children                                           | toddlers                                           | exportiexporti #1                                  | able         | Unknown        |     3 | 1648.2300000000002 |  4542.097500000001
 Children                                           | toddlers                                           | exportiexporti #1                                  | ese          | Unknown        |     4 | 1965.9600000000003 |  4813.635000000001
 Children                                           | toddlers                                           | exportiexporti #1                                  | bar          | Unknown        |     2 |             2005.8 |  4807.158333333333
 Children                                           | toddlers                                           | exportiexporti #1                                  | able         | Unknown        |     2 | 1849.3700000000001 |  4542.097500000001
 Children                                           | toddlers                                           | exportiexporti #1                                  | ation        | Unknown        |     2 |            2124.73 |  4793.024166666667
 Shoes                                              | athletic                                           | edu packedu pack #1                                | ation        | Unknown        |     4 | 1798.6999999999998 |  4443.064166666668
 Music                                              | rock                                               | amalgscholar #1                                    | eing         | Unknown        |     2 | 1626.6700000000008 |  4244.181666666666
 Children                                           | toddlers                                           | exportiexporti #1                                  | ese          | Unknown        |     3 | 2299.1899999999996 |  4813.635000000001
 Children                                           | toddlers                                           | exportiexporti #1                                  | ation        | Unknown        |     6 |  2301.850000000001 |  4793.024166666667
 Music                                              | rock                                               | amalgscholar #1                                    | bar          | Unknown        |     7 | 2015.7400000000002 |  4487.266666666666
 Children                                           | toddlers                                           | exportiexporti #1                                  | eing         | Unknown        |     2 |            2502.11 |  4960.019166666665
 Music                                              | rock                                               | amalgscholar #1                                    | eing         | Unknown        |     6 | 1799.1799999999998 |  4244.181666666666
 Music                                              | rock                                               | amalgscholar #1                                    | ought        | Unknown        |     7 | 1924.2299999999998 |  4359.785833333334
 Shoes                                              | athletic                                           | edu packedu pack #1                                | ought        | Unknown        |     1 |               1671 |  4090.981666666667
 Music                                              | rock                                               | amalgscholar #1                                    | ation        | Unknown        |     2 | 2308.8100000000013 |  4700.445000000001
 Children                                           | toddlers                                           | exportiexporti #1                                  | eing         | Unknown        |     7 | 2574.1899999999996 |  4960.019166666665
 Music                                              | rock                                               | amalgscholar #1                                    | able         | Unknown        |     4 |            2288.44 |           4650.735
 Music                                              | rock                                               | amalgscholar #1                                    | ese          | Unknown        |     5 | 1840.4599999999994 |  4196.171666666667
 Music                                              | rock                                               | amalgscholar #1                                    | able         | Unknown        |     2 | 2297.5399999999995 |           4650.735
 Children                                           | toddlers                                           | exportiexporti #1                                  | ought        | Unknown        |     3 | 2635.8999999999987 |  4958.438333333333
 Music                                              | rock                                               | amalgscholar #1                                    | ought        | Unknown        |     6 | 2045.7899999999997 |  4359.785833333334
 Children                                           | toddlers                                           | exportiexporti #1                                  | ought        | Unknown        |     5 | 2652.2199999999993 |  4958.438333333333
 Music                                              | rock                                               | amalgscholar #1                                    | bar          | Unknown        |     5 | 2199.7699999999995 |  4487.266666666666
 Children                                           | toddlers                                           | exportiexporti #1                                  | ation        | Unknown        |     3 | 2523.4900000000007 |  4793.024166666667
 Music                                              | rock                                               | amalgscholar #1                                    | ation        | Unknown        |     6 |            2432.86 |  4700.445000000001
 Children                                           | toddlers                                           | exportiexporti #1                                  | ought        | Unknown        |     7 | 2691.4500000000007 |  4958.438333333333
 Music                                              | rock                                               | amalgscholar #1                                    | able         | Unknown        |     6 |            2409.99 |           4650.735
 Shoes                                              | athletic                                           | edu packedu pack #1                                | ought        | Unknown        |     4 |            1869.49 |  4090.981666666667
 Shoes                                              | athletic                                           | edu packedu pack #1                                | able         | Unknown        |     7 |            1729.74 | 3948.4191666666666
 Music                                              | rock                                               | amalgscholar #1                                    | able         | Unknown        |     3 |            2433.71 |           4650.735
 Children                                           | toddlers                                           | exportiexporti #1                                  | bar          | Unknown        |     7 | 2591.9899999999993 |  4807.158333333333
 Shoes                                              | athletic                                           | edu packedu pack #1                                | eing         | Unknown        |     7 |            1645.16 | 3860.0399999999995
 Children                                           | toddlers                                           | exportiexporti #1                                  | ation        | Unknown        |     4 | 2594.4900000000007 |  4793.024166666667
 Children                                           | toddlers                                           | exportiexporti #1                                  | ese          | Unknown        |     5 |  2620.959999999999 |  4813.635000000001
 Music                                              | rock                                               | amalgscholar #2                                    | able         | Unknown        |     3 |  774.1799999999998 |  2951.063333333333
 Shoes                                              | athletic                                           | edu packedu pack #1                                | ation        | Unknown        |     5 |  2284.640000000001 |  4443.064166666668
 Music                                              | rock                                               | amalgscholar #1                                    | eing         | Unknown        |     3 | 2097.4800000000005 |  4244.181666666666
 Children                                           | toddlers                                           | exportiexporti #1                                  | ought        | Unknown        |     6 |            2822.78 |  4958.438333333333
 Music                                              | rock                                               | amalgscholar #1                                    | ought        | Unknown        |     4 | 2226.3500000000004 |  4359.785833333334
 Children                                           | toddlers                                           | exportiexporti #1                                  | eing         | Unknown        |     3 |  2837.319999999999 |  4960.019166666665
 Shoes                                              | athletic                                           | edu packedu pack #1                                | ation        | Unknown        |     6 |            2326.25 |  4443.064166666668
 Shoes                                              | athletic                                           | edu packedu pack #1                                | able         | Unknown        |     2 |            1832.08 | 3948.4191666666666
 Children                                           | toddlers                                           | exportiexporti #1                                  | ese          | Unknown        |     2 | 2718.7299999999996 |  4813.635000000001
 Shoes                                              | athletic                                           | edu packedu pack #1                                | eing         | Unknown        |     5 | 1792.7700000000002 | 3860.0399999999995
 Music                                              | rock                                               | amalgscholar #1                                    | able         | Unknown        |     1 |  2606.989999999999 |           4650.735
 Children                                           | toddlers                                           | exportiexporti #1                                  | able         | Unknown        |     4 | 2502.2599999999998 |  4542.097500000001
 Music                                              | rock                                               | amalgscholar #2                                    | eing         | Unknown        |     2 |             900.89 | 2936.9950000000003
 Children                                           | toddlers                                           | exportiexporti #1                                  | bar          | Unknown        |     3 | 2774.0600000000004 |  4807.158333333333
 Children                                           | toddlers                                           | exportiexporti #1                                  | bar          | Unknown        |     4 | 2787.0900000000006 |  4807.158333333333
 Shoes                                              | athletic                                           | edu packedu pack #1                                | ation        | Unknown        |     7 |            2424.03 |  4443.064166666668
 Shoes                                              | athletic                                           | edu packedu pack #1                                | ation        | Unknown        |     2 |            2440.77 |  4443.064166666668
 Children                                           | toddlers                                           | exportiexporti #1                                  | able         | Unknown        |     6 |  2541.850000000001 |  4542.097500000001
 Music                                              | rock                                               | amalgscholar #1                                    | ation        | Unknown        |     7 | 2708.8300000000004 |  4700.445000000001
 Shoes                                              | athletic                                           | edu packedu pack #1                                | ese          | Unknown        |     4 |            1862.01 | 3851.6625000000004
 Music                                              | rock                                               | amalgscholar #1                                    | ese          | Unknown        |     2 |            2209.73 |  4196.171666666667
 Shoes                                              | athletic                                           | edu packedu pack #1                                | ese          | Unknown        |     2 | 1878.5300000000002 | 3851.6625000000004
 Shoes                                              | athletic                                           | edu packedu pack #1                                | bar          | Unknown        |     4 | 1866.5699999999995 |  3838.866666666667
 Shoes                                              | athletic                                           | edu packedu pack #1                                | eing         | Unknown        |     4 | 1899.5700000000002 | 3860.0399999999995
 Shoes                                              | athletic                                           | edu packedu pack #1                                | eing         | Unknown        |     2 | 1916.8600000000001 | 3860.0399999999995
 Shoes                                              | athletic                                           | edu packedu pack #1                                | able         | Unknown        |     6 | 2045.4299999999998 | 3948.4191666666666
 Music                                              | rock                                               | amalgscholar #1                                    | bar          | Unknown        |     6 | 2588.0199999999995 |  4487.266666666666
 Children                                           | toddlers                                           | exportiexporti #1                                  | ought        | Unknown        |     2 |            3065.71 |  4958.438333333333
 Children                                           | toddlers                                           | exportiexporti #1                                  | able         | Unknown        |     5 |            2653.41 |  4542.097500000001
 Music                                              | rock                                               | amalgscholar #1                                    | ation        | Unknown        |     4 | 2831.2899999999995 |  4700.445000000001
 Shoes                                              | athletic                                           | edu packedu pack #1                                | eing         | Unknown        |     6 | 2006.6300000000003 | 3860.0399999999995
 Children                                           | toddlers                                           | exportiexporti #1                                  | eing         | Unknown        |     5 |  3109.159999999999 |  4960.019166666665
 Music                                              | rock                                               | amalgscholar #1                                    | ought        | Unknown        |     3 |  2520.189999999999 |  4359.785833333334
 Shoes                                              | athletic                                           | edu packedu pack #1                                | ought        | Unknown        |     7 | 2264.0499999999997 |  4090.981666666667
 Music                                              | rock                                               | amalgscholar #1                                    | able         | Unknown        |     5 | 2827.4900000000002 |           4650.735
 Children                                           | toddlers                                           | exportiexporti #1                                  | ought        | Unknown        |     4 |             3145.7 |  4958.438333333333
 Shoes                                              | athletic                                           | edu packedu pack #1                                | able         | Unknown        |     4 |             2145.1 | 3948.4191666666666
 Music                                              | rock                                               | amalgscholar #1                                    | bar          | Unknown        |     2 |            2694.72 |  4487.266666666666
 Children                                           | toddlers                                           | exportiexporti #1                                  | bar          | Unknown        |     5 | 3015.2099999999996 |  4807.158333333333
 Music                                              | rock                                               | amalgscholar #2                                    | ought        | Unknown        |     5 | 1435.6599999999999 |  3190.665000000001
 Children                                           | toddlers                                           | exportiexporti #1                                  | ation        | Unknown        |     5 | 3061.7000000000016 |  4793.024166666667
 Shoes                                              | athletic                                           | edu packedu pack #1                                | able         | Unknown        |     3 | 2218.2099999999996 | 3948.4191666666666
 Music                                              | rock                                               | amalgscholar #2                                    | eing         | Unknown        |     5 |            1217.73 | 2936.9950000000003
 Music                                              | rock                                               | amalgscholar #1                                    | ation        | Unknown        |     1 |            2987.37 |  4700.445000000001
 Shoes                                              | athletic                                           | edu packedu pack #1                                | ese          | Unknown        |     7 | 2150.2800000000007 | 3851.6625000000004
 Shoes                                              | athletic                                           | edu packedu pack #1                                | ese          | Unknown        |     3 |             2152.4 | 3851.6625000000004
 Music                                              | rock                                               | amalgscholar #1                                    | ese          | Unknown        |     4 | 2521.6800000000003 |  4196.171666666667
 Music                                              | rock                                               | amalgscholar #1                                    | ese          | Unknown        |     1 | 2530.0800000000004 |  4196.171666666667
 Music                                              | rock                                               | amalgscholar #1                                    | ought        | Unknown        |     5 | 2708.1199999999994 |  4359.785833333334
 Shoes                                              | athletic                                           | edu packedu pack #1                                | bar          | Unknown        |     5 | 2192.1800000000003 |  3838.866666666667
 Shoes                                              | athletic                                           | edu packedu pack #1                                | bar          | Unknown        |     7 | 2214.7499999999995 |  3838.866666666667
 Music                                              | rock                                               | amalgscholar #2                                    | ation        | Unknown        |     5 |            1217.89 | 2811.6041666666665
 Children                                           | toddlers                                           | exportiexporti #1                                  | eing         | Unknown        |     4 | 3370.0499999999993 |  4960.019166666665
 Shoes                                              | athletic                                           | edu packedu pack #1                                | able         | Unknown        |     5 | 2358.4599999999996 | 3948.4191666666666
 Children                                           | toddlers                                           | exportiexporti #1                                  | ese          | Unknown        |     7 |            3230.52 |  4813.635000000001
 Music                                              | rock                                               | amalgscholar #2                                    | ought        | Unknown        |     6 | 1610.2100000000007 |  3190.665000000001
 Music                                              | rock                                               | amalgscholar #1                                    | ought        | Unknown        |     2 |  2780.109999999999 |  4359.785833333334
 Music                                              | rock                                               | amalgscholar #1                                    | able         | Unknown        |     7 | 3071.5399999999995 |           4650.735
 Music                                              | rock                                               | amalgscholar #1                                    | ation        | Unknown        |     5 | 3134.5699999999997 |  4700.445000000001
 Shoes                                              | athletic                                           | edu packedu pack #2                                | able         | Unknown        |     2 |             903.22 | 2468.6566666666668
 Shoes                                              | athletic                                           | edu packedu pack #1                                | bar          | Unknown        |     1 | 2278.8000000000006 |  3838.866666666667
 Music                                              | rock                                               | amalgscholar #2                                    | bar          | Unknown        |     5 | 1438.3699999999997 |  2969.499166666667
 Music                                              | rock                                               | amalgscholar #1                                    | eing         | Unknown        |     4 |  2721.219999999999 |  4244.181666666666
 Music                                              | rock                                               | amalgscholar #2                                    | ese          | Unknown        |     6 | 1274.5200000000002 | 2794.4491666666668
(100 rows)

UPDATE time_statistics SET e_time = TRANSACTION_TIMESTAMP() WHERE template = 'query89.tpl' AND stream = 0;
psql:/tmp/s1-basline/power/query_0.sql:4621: NOTICE:  duration: 0.038 ms  plan:
Query Text: UPDATE time_statistics SET e_time = TRANSACTION_TIMESTAMP() WHERE template = 'query89.tpl' AND stream = 0;
Update on time_statistics  (cost=0.00..2.34 rows=0 width=0) (actual time=0.038..0.038 rows=0 loops=1)
  ->  Seq Scan on time_statistics  (cost=0.00..2.34 rows=1 width=14) (actual time=0.025..0.025 rows=1 loops=1)
        Filter: ((template = 'query89.tpl'::text) AND (stream = 0))
        Rows Removed by Filter: 89
UPDATE 1
LOAD 'auto_explain'; SET auto_explain.log_min_duration TO 0; SET auto_explain.log_analyze TO on; SET auto_explain.log_level TO notice; INSERT INTO time_statistics (template, s_time, stream, query, seed) VALUES ('query90.tpl', TRANSACTION_TIMESTAMP(), 0, 90, 2112324206);
LOAD
SET
SET
SET
psql:/tmp/s1-basline/power/query_0.sql:4622: NOTICE:  duration: 0.010 ms  plan:
Query Text: INSERT INTO time_statistics (template, s_time, stream, query, seed) VALUES ('query90.tpl', TRANSACTION_TIMESTAMP(), 0, 90, 2112324206);
Insert on time_statistics  (cost=0.00..0.01 rows=0 width=0) (actual time=0.009..0.009 rows=0 loops=1)
  ->  Result  (cost=0.00..0.01 rows=1 width=64) (actual time=0.001..0.001 rows=1 loops=1)
INSERT 0 1
select  cast(amc as decimal(15,4))/cast(pmc as decimal(15,4)) am_pm_ratio
 from ( select count(*) amc
       from web_sales, household_demographics , time_dim, web_page
       where ws_sold_time_sk = time_dim.t_time_sk
         and ws_ship_hdemo_sk = household_demographics.hd_demo_sk
         and ws_web_page_sk = web_page.wp_web_page_sk
         and time_dim.t_hour between 9 and 9+1
         and household_demographics.hd_dep_count = 6
         and web_page.wp_char_count between 5000 and 5200) at,
      ( select count(*) pmc
       from web_sales, household_demographics , time_dim, web_page
       where ws_sold_time_sk = time_dim.t_time_sk
         and ws_ship_hdemo_sk = household_demographics.hd_demo_sk
         and ws_web_page_sk = web_page.wp_web_page_sk
         and time_dim.t_hour between 15 and 15+1
         and household_demographics.hd_dep_count = 6
         and web_page.wp_char_count between 5000 and 5200) pt
 order by am_pm_ratio
 limit 100;
psql:/tmp/s1-basline/power/query_0.sql:4641: ERROR:  division by zero
UPDATE time_statistics SET e_time = TRANSACTION_TIMESTAMP() WHERE template = 'query90.tpl' AND stream = 0;
psql:/tmp/s1-basline/power/query_0.sql:4643: NOTICE:  duration: 0.026 ms  plan:
Query Text: UPDATE time_statistics SET e_time = TRANSACTION_TIMESTAMP() WHERE template = 'query90.tpl' AND stream = 0;
Update on time_statistics  (cost=0.00..2.34 rows=0 width=0) (actual time=0.025..0.025 rows=0 loops=1)
  ->  Seq Scan on time_statistics  (cost=0.00..2.34 rows=1 width=14) (actual time=0.017..0.018 rows=1 loops=1)
        Filter: ((template = 'query90.tpl'::text) AND (stream = 0))
        Rows Removed by Filter: 90
UPDATE 1
LOAD 'auto_explain'; SET auto_explain.log_min_duration TO 0; SET auto_explain.log_analyze TO on; SET auto_explain.log_level TO notice; INSERT INTO time_statistics (template, s_time, stream, query, seed) VALUES ('query91.tpl', TRANSACTION_TIMESTAMP(), 0, 91, 1604160123);
LOAD
SET
SET
SET
psql:/tmp/s1-basline/power/query_0.sql:4644: NOTICE:  duration: 0.009 ms  plan:
Query Text: INSERT INTO time_statistics (template, s_time, stream, query, seed) VALUES ('query91.tpl', TRANSACTION_TIMESTAMP(), 0, 91, 1604160123);
Insert on time_statistics  (cost=0.00..0.01 rows=0 width=0) (actual time=0.008..0.008 rows=0 loops=1)
  ->  Result  (cost=0.00..0.01 rows=1 width=64) (actual time=0.001..0.001 rows=1 loops=1)
INSERT 0 1
select  
        cc_call_center_id Call_Center,
        cc_name Call_Center_Name,
        cc_manager Manager,
        sum(cr_net_loss) Returns_Loss
from
        call_center,
        catalog_returns,
        date_dim,
        customer,
        customer_address,
        customer_demographics,
        household_demographics
where
        cr_call_center_sk       = cc_call_center_sk
and     cr_returned_date_sk     = d_date_sk
and     cr_returning_customer_sk= c_customer_sk
and     cd_demo_sk              = c_current_cdemo_sk
and     hd_demo_sk              = c_current_hdemo_sk
and     ca_address_sk           = c_current_addr_sk
and     d_year                  = 2001 
and     d_moy                   = 11
and     ( (cd_marital_status       = 'M' and cd_education_status     = 'Unknown')
        or(cd_marital_status       = 'W' and cd_education_status     = 'Advanced Degree'))
and     hd_buy_potential like '0-500%'
and     ca_gmt_offset           = -7
group by cc_call_center_id,cc_name,cc_manager,cd_marital_status,cd_education_status
order by sum(cr_net_loss) desc;
psql:/tmp/s1-basline/power/query_0.sql:4672: NOTICE:  duration: 18.620 ms  plan:
Query Text: select  
        cc_call_center_id Call_Center,
        cc_name Call_Center_Name,
        cc_manager Manager,
        sum(cr_net_loss) Returns_Loss
from
        call_center,
        catalog_returns,
        date_dim,
        customer,
        customer_address,
        customer_demographics,
        household_demographics
where
        cr_call_center_sk       = cc_call_center_sk
and     cr_returned_date_sk     = d_date_sk
and     cr_returning_customer_sk= c_customer_sk
and     cd_demo_sk              = c_current_cdemo_sk
and     hd_demo_sk              = c_current_hdemo_sk
and     ca_address_sk           = c_current_addr_sk
and     d_year                  = 2001 
and     d_moy                   = 11
and     ( (cd_marital_status       = 'M' and cd_education_status     = 'Unknown')
        or(cd_marital_status       = 'W' and cd_education_status     = 'Advanced Degree'))
and     hd_buy_potential like '0-500%'
and     ca_gmt_offset           = -7
group by cc_call_center_id,cc_name,cc_manager,cd_marital_status,cd_education_status
order by sum(cr_net_loss) desc;
Sort  (cost=2764.23..2764.23 rows=1 width=74) (actual time=18.610..18.612 rows=1 loops=1)
  Sort Key: (sum(catalog_returns.cr_net_loss)) DESC
  Sort Method: quicksort  Memory: 25kB
  ->  GroupAggregate  (cost=1382.91..2764.22 rows=1 width=74) (actual time=18.607..18.609 rows=1 loops=1)
        Group Key: call_center.cc_call_center_id, call_center.cc_name, call_center.cc_manager, customer_demographics.cd_marital_status, customer_demographics.cd_education_status
        ->  Incremental Sort  (cost=1382.91..2764.18 rows=2 width=74) (actual time=18.602..18.605 rows=1 loops=1)
              Sort Key: call_center.cc_call_center_id, call_center.cc_name, call_center.cc_manager, customer_demographics.cd_marital_status, customer_demographics.cd_education_status
              Presorted Key: call_center.cc_call_center_id
              Full-sort Groups: 1  Sort Method: quicksort  Average Memory: 25kB  Peak Memory: 25kB
              ->  Nested Loop  (cost=1.72..2764.09 rows=1 width=74) (actual time=18.575..18.597 rows=1 loops=1)
                    ->  Nested Loop  (cost=1.29..2763.34 rows=1 width=59) (actual time=5.630..18.452 rows=29 loops=1)
                          Join Filter: (catalog_returns.cr_call_center_sk = call_center.cc_call_center_sk)
                          Rows Removed by Join Filter: 151
                          ->  Index Scan using i_cc_call_center_id on call_center  (cost=0.13..3.52 rows=6 width=51) (actual time=0.022..0.026 rows=6 loops=1)
                          ->  Materialize  (cost=1.16..2759.73 rows=1 width=24) (actual time=0.934..3.068 rows=30 loops=6)
                                ->  Nested Loop  (cost=1.16..2759.73 rows=1 width=24) (actual time=5.604..18.386 rows=30 loops=1)
                                      ->  Nested Loop  (cost=0.87..2756.81 rows=9 width=32) (actual time=4.351..17.645 rows=259 loops=1)
                                            ->  Nested Loop  (cost=0.59..2739.82 rows=56 width=40) (actual time=4.329..14.920 rows=1845 loops=1)
                                                  ->  Nested Loop  (cost=0.29..2720.67 rows=57 width=24) (actual time=4.323..10.675 rows=1890 loops=1)
                                                        ->  Seq Scan on date_dim  (cost=0.00..2500.73 rows=29 width=8) (actual time=4.317..9.219 rows=30 loops=1)
                                                              Filter: ((d_year = 2001) AND (d_moy = 11))
                                                              Rows Removed by Filter: 73019
                                                        ->  Index Scan using i_cr_returned_date_sk on catalog_returns  (cost=0.29..6.86 rows=72 width=32) (actual time=0.002..0.036 rows=63 loops=30)
                                                              Index Cond: (cr_returned_date_sk = date_dim.d_date_sk)
                                                  ->  Index Scan using pk_customer on customer  (cost=0.29..0.34 rows=1 width=32) (actual time=0.002..0.002 rows=1 loops=1890)
                                                        Index Cond: (c_customer_sk = catalog_returns.cr_returning_customer_sk)
                                            ->  Index Scan using pk_household_demographics on household_demographics  (cost=0.28..0.30 rows=1 width=8) (actual time=0.001..0.001 rows=0 loops=1845)
                                                  Index Cond: (hd_demo_sk = customer.c_current_hdemo_sk)
                                                  Filter: (hd_buy_potential ~~ '0-500%'::text)
                                                  Rows Removed by Filter: 1
                                      ->  Index Scan using pk_customer_address on customer_address  (cost=0.29..0.32 rows=1 width=8) (actual time=0.003..0.003 rows=0 loops=259)
                                            Index Cond: (ca_address_sk = customer.c_current_addr_sk)
                                            Filter: (ca_gmt_offset = '-7'::double precision)
                                            Rows Removed by Filter: 1
                    ->  Index Scan using pk_customer_demographics on customer_demographics  (cost=0.43..0.75 rows=1 width=31) (actual time=0.005..0.005 rows=0 loops=29)
                          Index Cond: (cd_demo_sk = customer.c_current_cdemo_sk)
                          Filter: (((cd_marital_status = 'M'::bpchar) AND (cd_education_status = 'Unknown'::bpchar)) OR ((cd_marital_status = 'W'::bpchar) AND (cd_education_status = 'Advanced Degree'::bpchar)))
                          Rows Removed by Filter: 1
   call_center    | call_center_name |     manager     | returns_loss 
------------------+------------------+-----------------+--------------
 AAAAAAAAEAAAAAAA | North Midwest    | Lawrence Harris |          130
(1 row)

UPDATE time_statistics SET e_time = TRANSACTION_TIMESTAMP() WHERE template = 'query91.tpl' AND stream = 0;
psql:/tmp/s1-basline/power/query_0.sql:4674: NOTICE:  duration: 0.030 ms  plan:
Query Text: UPDATE time_statistics SET e_time = TRANSACTION_TIMESTAMP() WHERE template = 'query91.tpl' AND stream = 0;
Update on time_statistics  (cost=0.00..2.34 rows=0 width=0) (actual time=0.030..0.030 rows=0 loops=1)
  ->  Seq Scan on time_statistics  (cost=0.00..2.34 rows=1 width=14) (actual time=0.022..0.022 rows=1 loops=1)
        Filter: ((template = 'query91.tpl'::text) AND (stream = 0))
        Rows Removed by Filter: 91
UPDATE 1
LOAD 'auto_explain'; SET auto_explain.log_min_duration TO 0; SET auto_explain.log_analyze TO on; SET auto_explain.log_level TO notice; INSERT INTO time_statistics (template, s_time, stream, query, seed) VALUES ('../query_postgresql/query92.tpl', TRANSACTION_TIMESTAMP(), 0, 92, 1270964857);
LOAD
SET
SET
SET
psql:/tmp/s1-basline/power/query_0.sql:4675: NOTICE:  duration: 0.008 ms  plan:
Query Text: INSERT INTO time_statistics (template, s_time, stream, query, seed) VALUES ('../query_postgresql/query92.tpl', TRANSACTION_TIMESTAMP(), 0, 92, 1270964857);
Insert on time_statistics  (cost=0.00..0.01 rows=0 width=0) (actual time=0.008..0.008 rows=0 loops=1)
  ->  Result  (cost=0.00..0.01 rows=1 width=64) (actual time=0.001..0.001 rows=1 loops=1)
INSERT 0 1
select  
   sum(ws_ext_discount_amt)  as "Excess Discount Amount" 
from 
    web_sales 
   ,item 
   ,date_dim
where
i_manufact_id = 858
and i_item_sk = ws_item_sk 
and d_date between '2001-02-26' and 
        (cast('2001-02-26' as date) + interval '90 days')
and d_date_sk = ws_sold_date_sk 
and ws_ext_discount_amt  
     > ( 
         SELECT 
            1.3 * avg(ws_ext_discount_amt) 
         FROM 
            web_sales 
           ,date_dim
         WHERE 
              ws_item_sk = i_item_sk 
          and d_date between '2001-02-26' and
                             (cast('2001-02-26' as date) + interval '90 days')
          and d_date_sk = ws_sold_date_sk 
      ) 
order by sum(ws_ext_discount_amt)
limit 100;
psql:/tmp/s1-basline/power/query_0.sql:4702: NOTICE:  duration: 18.129 ms  plan:
Query Text: select  
   sum(ws_ext_discount_amt)  as "Excess Discount Amount" 
from 
    web_sales 
   ,item 
   ,date_dim
where
i_manufact_id = 858
and i_item_sk = ws_item_sk 
and d_date between '2001-02-26' and 
        (cast('2001-02-26' as date) + interval '90 days')
and d_date_sk = ws_sold_date_sk 
and ws_ext_discount_amt  
     > ( 
         SELECT 
            1.3 * avg(ws_ext_discount_amt) 
         FROM 
            web_sales 
           ,date_dim
         WHERE 
              ws_item_sk = i_item_sk 
          and d_date between '2001-02-26' and
                             (cast('2001-02-26' as date) + interval '90 days')
          and d_date_sk = ws_sold_date_sk 
      ) 
order by sum(ws_ext_discount_amt)
limit 100;
Limit  (cost=25716.24..25716.25 rows=1 width=8) (actual time=18.122..18.124 rows=1 loops=1)
  ->  Sort  (cost=25716.24..25716.25 rows=1 width=8) (actual time=18.121..18.123 rows=1 loops=1)
        Sort Key: (sum(web_sales.ws_ext_discount_amt))
        Sort Method: quicksort  Memory: 25kB
        ->  Aggregate  (cost=25716.22..25716.23 rows=1 width=8) (actual time=18.117..18.119 rows=1 loops=1)
              ->  Hash Join  (cost=1481.92..25716.22 rows=1 width=8) (actual time=12.674..18.117 rows=2 loops=1)
                    Hash Cond: (web_sales.ws_item_sk = item.i_item_sk)
                    Join Filter: (web_sales.ws_ext_discount_amt > (SubPlan 1))
                    Rows Removed by Join Filter: 4
                    ->  Nested Loop  (cost=0.72..24232.74 rows=867 width=16) (actual time=0.015..9.858 rows=20881 loops=1)
                          ->  Index Scan using i_d_date on date_dim  (cost=0.29..5.25 rows=88 width=8) (actual time=0.007..0.025 rows=91 loops=1)
                                Index Cond: ((d_date >= '2001-02-26'::date) AND (d_date <= '2001-05-27 00:00:00'::timestamp without time zone))
                          ->  Index Scan using i_ws_sold_date_sk on web_sales  (cost=0.42..271.36 rows=395 width=24) (actual time=0.003..0.058 rows=229 loops=91)
                                Index Cond: (ws_sold_date_sk = date_dim.d_date_sk)
                    ->  Hash  (cost=1481.00..1481.00 rows=16 width=8) (actual time=6.699..6.699 rows=6 loops=1)
                          Buckets: 1024  Batches: 1  Memory Usage: 9kB
                          ->  Seq Scan on item  (cost=0.00..1481.00 rows=16 width=8) (actual time=0.092..6.696 rows=6 loops=1)
                                Filter: (i_manufact_id = 858)
                                Rows Removed by Filter: 17994
                    SubPlan 1
                      ->  Aggregate  (cost=57.17..57.18 rows=1 width=8) (actual time=0.042..0.042 rows=1 loops=6)
                            ->  Hash Join  (cost=6.78..57.16 rows=1 width=8) (actual time=0.020..0.041 rows=3 loops=6)
                                  Hash Cond: (web_sales_1.ws_sold_date_sk = date_dim_1.d_date_sk)
                                  ->  Index Scan using pk_web_sales on web_sales web_sales_1  (cost=0.42..50.69 rows=44 width=16) (actual time=0.004..0.031 rows=40 loops=6)
                                        Index Cond: (ws_item_sk = item.i_item_sk)
                                  ->  Hash  (cost=5.25..5.25 rows=88 width=8) (actual time=0.031..0.032 rows=91 loops=1)
                                        Buckets: 1024  Batches: 1  Memory Usage: 12kB
                                        ->  Index Scan using i_d_date on date_dim date_dim_1  (cost=0.29..5.25 rows=88 width=8) (actual time=0.004..0.022 rows=91 loops=1)
                                              Index Cond: ((d_date >= '2001-02-26'::date) AND (d_date <= '2001-05-27 00:00:00'::timestamp without time zone))
 Excess Discount Amount 
------------------------
               10330.56
(1 row)

UPDATE time_statistics SET e_time = TRANSACTION_TIMESTAMP() WHERE template = '../query_postgresql/query92.tpl' AND stream = 0;
psql:/tmp/s1-basline/power/query_0.sql:4704: NOTICE:  duration: 0.039 ms  plan:
Query Text: UPDATE time_statistics SET e_time = TRANSACTION_TIMESTAMP() WHERE template = '../query_postgresql/query92.tpl' AND stream = 0;
Update on time_statistics  (cost=0.00..2.34 rows=0 width=0) (actual time=0.038..0.038 rows=0 loops=1)
  ->  Seq Scan on time_statistics  (cost=0.00..2.34 rows=1 width=14) (actual time=0.026..0.026 rows=1 loops=1)
        Filter: ((template = '../query_postgresql/query92.tpl'::text) AND (stream = 0))
        Rows Removed by Filter: 92
UPDATE 1
LOAD 'auto_explain'; SET auto_explain.log_min_duration TO 0; SET auto_explain.log_analyze TO on; SET auto_explain.log_level TO notice; INSERT INTO time_statistics (template, s_time, stream, query, seed) VALUES ('query93.tpl', TRANSACTION_TIMESTAMP(), 0, 93, 86514890);
LOAD
SET
SET
SET
psql:/tmp/s1-basline/power/query_0.sql:4705: NOTICE:  duration: 0.008 ms  plan:
Query Text: INSERT INTO time_statistics (template, s_time, stream, query, seed) VALUES ('query93.tpl', TRANSACTION_TIMESTAMP(), 0, 93, 86514890);
Insert on time_statistics  (cost=0.00..0.01 rows=0 width=0) (actual time=0.007..0.007 rows=0 loops=1)
  ->  Result  (cost=0.00..0.01 rows=1 width=64) (actual time=0.001..0.001 rows=1 loops=1)
INSERT 0 1
select  ss_customer_sk
            ,sum(act_sales) sumsales
      from (select ss_item_sk
                  ,ss_ticket_number
                  ,ss_customer_sk
                  ,case when sr_return_quantity is not null then (ss_quantity-sr_return_quantity)*ss_sales_price
                                                            else (ss_quantity*ss_sales_price) end act_sales
            from store_sales left outer join store_returns on (sr_item_sk = ss_item_sk
                                                               and sr_ticket_number = ss_ticket_number)
                ,reason
            where sr_reason_sk = r_reason_sk
              and r_reason_desc = 'reason 66') t
      group by ss_customer_sk
      order by sumsales, ss_customer_sk
limit 100;
psql:/tmp/s1-basline/power/query_0.sql:4720: NOTICE:  duration: 0.024 ms  plan:
Query Text: select  ss_customer_sk
            ,sum(act_sales) sumsales
      from (select ss_item_sk
                  ,ss_ticket_number
                  ,ss_customer_sk
                  ,case when sr_return_quantity is not null then (ss_quantity-sr_return_quantity)*ss_sales_price
                                                            else (ss_quantity*ss_sales_price) end act_sales
            from store_sales left outer join store_returns on (sr_item_sk = ss_item_sk
                                                               and sr_ticket_number = ss_ticket_number)
                ,reason
            where sr_reason_sk = r_reason_sk
              and r_reason_desc = 'reason 66') t
      group by ss_customer_sk
      order by sumsales, ss_customer_sk
limit 100;
Limit  (cost=16331.05..16331.08 rows=10 width=16) (actual time=0.022..0.023 rows=0 loops=1)
  ->  Sort  (cost=16331.05..16331.08 rows=10 width=16) (actual time=0.021..0.022 rows=0 loops=1)
        Sort Key: (sum(CASE WHEN (store_returns.sr_return_quantity IS NOT NULL) THEN (((store_sales.ss_quantity - store_returns.sr_return_quantity))::double precision * store_sales.ss_sales_price) ELSE ((store_sales.ss_quantity)::double precision * store_sales.ss_sales_price) END)), store_sales.ss_customer_sk
        Sort Method: quicksort  Memory: 25kB
        ->  GroupAggregate  (cost=16330.59..16330.89 rows=10 width=16) (actual time=0.018..0.019 rows=0 loops=1)
              Group Key: store_sales.ss_customer_sk
              ->  Sort  (cost=16330.59..16330.61 rows=10 width=24) (actual time=0.017..0.018 rows=0 loops=1)
                    Sort Key: store_sales.ss_customer_sk
                    Sort Method: quicksort  Memory: 25kB
                    ->  Nested Loop  (cost=1.88..16330.42 rows=10 width=24) (actual time=0.016..0.017 rows=0 loops=1)
                          ->  Hash Join  (cost=1.45..10237.21 rows=7929 width=20) (actual time=0.016..0.016 rows=0 loops=1)
                                Hash Cond: (store_returns.sr_reason_sk = reason.r_reason_sk)
                                ->  Seq Scan on store_returns  (cost=0.00..9393.72 rows=287172 width=28) (actual time=0.003..0.004 rows=1 loops=1)
                                ->  Hash  (cost=1.44..1.44 rows=1 width=8) (actual time=0.010..0.010 rows=0 loops=1)
                                      Buckets: 1024  Batches: 1  Memory Usage: 8kB
                                      ->  Seq Scan on reason  (cost=0.00..1.44 rows=1 width=8) (actual time=0.010..0.010 rows=0 loops=1)
                                            Filter: (r_reason_desc = 'reason 66'::bpchar)
                                            Rows Removed by Filter: 35
                          ->  Index Scan using pk_store_sales on store_sales  (cost=0.43..0.77 rows=1 width=36) (never executed)
                                Index Cond: ((ss_item_sk = store_returns.sr_item_sk) AND (ss_ticket_number = store_returns.sr_ticket_number))
 ss_customer_sk | sumsales 
----------------+----------
(0 rows)

UPDATE time_statistics SET e_time = TRANSACTION_TIMESTAMP() WHERE template = 'query93.tpl' AND stream = 0;
psql:/tmp/s1-basline/power/query_0.sql:4722: NOTICE:  duration: 0.023 ms  plan:
Query Text: UPDATE time_statistics SET e_time = TRANSACTION_TIMESTAMP() WHERE template = 'query93.tpl' AND stream = 0;
Update on time_statistics  (cost=0.00..2.34 rows=0 width=0) (actual time=0.023..0.023 rows=0 loops=1)
  ->  Seq Scan on time_statistics  (cost=0.00..2.34 rows=1 width=14) (actual time=0.016..0.016 rows=1 loops=1)
        Filter: ((template = 'query93.tpl'::text) AND (stream = 0))
        Rows Removed by Filter: 93
UPDATE 1
LOAD 'auto_explain'; SET auto_explain.log_min_duration TO 0; SET auto_explain.log_analyze TO on; SET auto_explain.log_level TO notice; INSERT INTO time_statistics (template, s_time, stream, query, seed) VALUES ('../query_postgresql/query94.tpl', TRANSACTION_TIMESTAMP(), 0, 94, 715365153);
LOAD
SET
SET
SET
psql:/tmp/s1-basline/power/query_0.sql:4723: NOTICE:  duration: 0.007 ms  plan:
Query Text: INSERT INTO time_statistics (template, s_time, stream, query, seed) VALUES ('../query_postgresql/query94.tpl', TRANSACTION_TIMESTAMP(), 0, 94, 715365153);
Insert on time_statistics  (cost=0.00..0.01 rows=0 width=0) (actual time=0.006..0.006 rows=0 loops=1)
  ->  Result  (cost=0.00..0.01 rows=1 width=64) (actual time=0.001..0.001 rows=1 loops=1)
INSERT 0 1
select  
   count(distinct ws_order_number) as "order count"
  ,sum(ws_ext_ship_cost) as "total shipping cost"
  ,sum(ws_net_profit) as "total net profit"
from
   web_sales ws1
  ,date_dim
  ,customer_address
  ,web_site
where
    d_date between '2000-5-01' and 
           (cast('2000-5-01' as date) + interval '60 days')
and ws1.ws_ship_date_sk = d_date_sk
and ws1.ws_ship_addr_sk = ca_address_sk
and ca_state = 'NY'
and ws1.ws_web_site_sk = web_site_sk
and web_company_name = 'pri'
and exists (select *
            from web_sales ws2
            where ws1.ws_order_number = ws2.ws_order_number
              and ws1.ws_warehouse_sk <> ws2.ws_warehouse_sk)
and not exists(select *
               from web_returns wr1
               where ws1.ws_order_number = wr1.wr_order_number)
order by count(distinct ws_order_number)
limit 100;
psql:/tmp/s1-basline/power/query_0.sql:4749: NOTICE:  duration: 148.699 ms  plan:
Query Text: select  
   count(distinct ws_order_number) as "order count"
  ,sum(ws_ext_ship_cost) as "total shipping cost"
  ,sum(ws_net_profit) as "total net profit"
from
   web_sales ws1
  ,date_dim
  ,customer_address
  ,web_site
where
    d_date between '2000-5-01' and 
           (cast('2000-5-01' as date) + interval '60 days')
and ws1.ws_ship_date_sk = d_date_sk
and ws1.ws_ship_addr_sk = ca_address_sk
and ca_state = 'NY'
and ws1.ws_web_site_sk = web_site_sk
and web_company_name = 'pri'
and exists (select *
            from web_sales ws2
            where ws1.ws_order_number = ws2.ws_order_number
              and ws1.ws_warehouse_sk <> ws2.ws_warehouse_sk)
and not exists(select *
               from web_returns wr1
               where ws1.ws_order_number = wr1.wr_order_number)
order by count(distinct ws_order_number)
limit 100;
Limit  (cost=37227.34..37227.34 rows=1 width=24) (actual time=120.269..148.690 rows=1 loops=1)
  ->  Sort  (cost=37227.34..37227.34 rows=1 width=24) (actual time=120.269..148.689 rows=1 loops=1)
        Sort Key: (count(DISTINCT ws1.ws_order_number))
        Sort Method: quicksort  Memory: 25kB
        ->  Aggregate  (cost=37227.32..37227.33 rows=1 width=24) (actual time=120.265..148.685 rows=1 loops=1)
              ->  Nested Loop Semi Join  (cost=1009.03..37227.31 rows=1 width=24) (actual time=28.972..148.658 rows=21 loops=1)
                    ->  Gather  (cost=1008.61..31830.62 rows=1 width=32) (actual time=28.606..121.668 rows=21 loops=1)
                          Workers Planned: 2
                          Workers Launched: 2
                          ->  Nested Loop Anti Join  (cost=8.61..30830.52 rows=1 width=32) (actual time=35.063..98.252 rows=7 loops=3)
                                ->  Nested Loop  (cost=8.19..30462.86 rows=1 width=32) (actual time=5.500..83.271 rows=25 loops=3)
                                      ->  Hash Join  (cost=7.90..30440.40 rows=72 width=40) (actual time=0.408..79.002 rows=1225 loops=3)
                                            Hash Cond: (ws1.ws_web_site_sk = web_site.web_site_sk)
                                            ->  Hash Join  (cost=5.41..30437.19 rows=242 width=48) (actual time=0.212..78.414 rows=4597 loops=3)
                                                  Hash Cond: (ws1.ws_ship_date_sk = date_dim.d_date_sk)
                                                  ->  Parallel Seq Scan on web_sales ws1  (cost=0.00..29644.81 rows=299781 width=56) (actual time=0.016..47.508 rows=239825 loops=3)
                                                  ->  Hash  (cost=4.67..4.67 rows=59 width=8) (actual time=0.092..0.093 rows=61 loops=3)
                                                        Buckets: 1024  Batches: 1  Memory Usage: 11kB
                                                        ->  Index Scan using i_d_date on date_dim  (cost=0.29..4.67 rows=59 width=8) (actual time=0.064..0.083 rows=61 loops=3)
                                                              Index Cond: ((d_date >= '2000-05-01'::date) AND (d_date <= '2000-06-30 00:00:00'::timestamp without time zone))
                                            ->  Hash  (cost=2.38..2.38 rows=9 width=8) (actual time=0.049..0.049 rows=9 loops=3)
                                                  Buckets: 1024  Batches: 1  Memory Usage: 9kB
                                                  ->  Seq Scan on web_site  (cost=0.00..2.38 rows=9 width=8) (actual time=0.026..0.045 rows=9 loops=3)
                                                        Filter: (web_company_name = 'pri'::bpchar)
                                                        Rows Removed by Filter: 21
                                      ->  Index Scan using pk_customer_address on customer_address  (cost=0.29..0.31 rows=1 width=8) (actual time=0.003..0.003 rows=0 loops=3674)
                                            Index Cond: (ca_address_sk = ws1.ws_ship_addr_sk)
                                            Filter: (ca_state = 'NY'::bpchar)
                                            Rows Removed by Filter: 1
                                ->  Index Only Scan using pk_web_returns on web_returns wr1  (cost=0.42..539.05 rows=2 width=8) (actual time=0.607..0.607 rows=1 loops=74)
                                      Index Cond: (wr_order_number = ws1.ws_order_number)
                                      Heap Fetches: 0
                    ->  Index Scan using pk_web_sales on web_sales ws2  (cost=0.42..5396.67 rows=10 width=16) (actual time=1.284..1.284 rows=1 loops=21)
                          Index Cond: (ws_order_number = ws1.ws_order_number)
                          Filter: (ws1.ws_warehouse_sk <> ws_warehouse_sk)
                          Rows Removed by Filter: 1
 order count | total shipping cost | total net profit 
-------------+---------------------+------------------
          13 |  27767.460000000003 |        -11958.68
(1 row)

UPDATE time_statistics SET e_time = TRANSACTION_TIMESTAMP() WHERE template = '../query_postgresql/query94.tpl' AND stream = 0;
psql:/tmp/s1-basline/power/query_0.sql:4751: NOTICE:  duration: 0.037 ms  plan:
Query Text: UPDATE time_statistics SET e_time = TRANSACTION_TIMESTAMP() WHERE template = '../query_postgresql/query94.tpl' AND stream = 0;
Update on time_statistics  (cost=0.00..2.34 rows=0 width=0) (actual time=0.037..0.037 rows=0 loops=1)
  ->  Seq Scan on time_statistics  (cost=0.00..2.34 rows=1 width=14) (actual time=0.025..0.025 rows=1 loops=1)
        Filter: ((template = '../query_postgresql/query94.tpl'::text) AND (stream = 0))
        Rows Removed by Filter: 94
UPDATE 1
LOAD 'auto_explain'; SET auto_explain.log_min_duration TO 0; SET auto_explain.log_analyze TO on; SET auto_explain.log_level TO notice; INSERT INTO time_statistics (template, s_time, stream, query, seed) VALUES ('../query_postgresql/query95.tpl', TRANSACTION_TIMESTAMP(), 0, 95, 1974963917);
LOAD
SET
SET
SET
psql:/tmp/s1-basline/power/query_0.sql:4752: NOTICE:  duration: 0.009 ms  plan:
Query Text: INSERT INTO time_statistics (template, s_time, stream, query, seed) VALUES ('../query_postgresql/query95.tpl', TRANSACTION_TIMESTAMP(), 0, 95, 1974963917);
Insert on time_statistics  (cost=0.00..0.01 rows=0 width=0) (actual time=0.009..0.009 rows=0 loops=1)
  ->  Result  (cost=0.00..0.01 rows=1 width=64) (actual time=0.002..0.002 rows=1 loops=1)
INSERT 0 1
with ws_wh as
(select ws1.ws_order_number,ws1.ws_warehouse_sk wh1,ws2.ws_warehouse_sk wh2
 from web_sales ws1,web_sales ws2
 where ws1.ws_order_number = ws2.ws_order_number
   and ws1.ws_warehouse_sk <> ws2.ws_warehouse_sk)
 select  
   count(distinct ws_order_number) as "order count"
  ,sum(ws_ext_ship_cost) as "total shipping cost"
  ,sum(ws_net_profit) as "total net profit"
from
   web_sales ws1
  ,date_dim
  ,customer_address
  ,web_site
where
    d_date between '2000-4-01' and 
           (cast('2000-4-01' as date) + interval '60 days')
and ws1.ws_ship_date_sk = d_date_sk
and ws1.ws_ship_addr_sk = ca_address_sk
and ca_state = 'TX'
and ws1.ws_web_site_sk = web_site_sk
and web_company_name = 'pri'
and ws1.ws_order_number in (select ws_order_number
                            from ws_wh)
and ws1.ws_order_number in (select wr_order_number
                            from web_returns,ws_wh
                            where wr_order_number = ws_wh.ws_order_number)
order by count(distinct ws_order_number)
limit 100;
psql:/tmp/s1-basline/power/query_0.sql:4781: NOTICE:  duration: 6985.295 ms  plan:
Query Text: with ws_wh as
(select ws1.ws_order_number,ws1.ws_warehouse_sk wh1,ws2.ws_warehouse_sk wh2
 from web_sales ws1,web_sales ws2
 where ws1.ws_order_number = ws2.ws_order_number
   and ws1.ws_warehouse_sk <> ws2.ws_warehouse_sk)
 select  
   count(distinct ws_order_number) as "order count"
  ,sum(ws_ext_ship_cost) as "total shipping cost"
  ,sum(ws_net_profit) as "total net profit"
from
   web_sales ws1
  ,date_dim
  ,customer_address
  ,web_site
where
    d_date between '2000-4-01' and 
           (cast('2000-4-01' as date) + interval '60 days')
and ws1.ws_ship_date_sk = d_date_sk
and ws1.ws_ship_addr_sk = ca_address_sk
and ca_state = 'TX'
and ws1.ws_web_site_sk = web_site_sk
and web_company_name = 'pri'
and ws1.ws_order_number in (select ws_order_number
                            from ws_wh)
and ws1.ws_order_number in (select wr_order_number
                            from web_returns,ws_wh
                            where wr_order_number = ws_wh.ws_order_number)
order by count(distinct ws_order_number)
limit 100;
Limit  (cost=987931.08..987931.09 rows=1 width=24) (actual time=6985.164..6985.286 rows=1 loops=1)
  CTE ws_wh
    ->  Hash Join  (cost=46349.17..333735.21 rows=7148800 width=24) (actual time=259.879..1440.785 rows=6642776 loops=1)
          Hash Cond: (ws1_1.ws_order_number = ws2.ws_order_number)
          Join Filter: (ws1_1.ws_warehouse_sk <> ws2.ws_warehouse_sk)
          Rows Removed by Join Filter: 2384930
          ->  Seq Scan on web_sales ws1_1  (cost=0.00..33841.74 rows=719474 width=16) (actual time=0.002..151.514 rows=719474 loops=1)
          ->  Hash  (cost=33841.74..33841.74 rows=719474 width=16) (actual time=259.274..259.275 rows=719474 loops=1)
                Buckets: 1048576  Batches: 2  Memory Usage: 25099kB
                ->  Seq Scan on web_sales ws2  (cost=0.00..33841.74 rows=719474 width=16) (actual time=0.002..156.695 rows=719474 loops=1)
  ->  Sort  (cost=654195.87..654195.88 rows=1 width=24) (actual time=6985.163..6985.283 rows=1 loops=1)
        Sort Key: (count(DISTINCT ws1.ws_order_number))
        Sort Method: quicksort  Memory: 25kB
        ->  Aggregate  (cost=654195.85..654195.86 rows=1 width=24) (actual time=6985.159..6985.278 rows=1 loops=1)
              ->  Nested Loop  (cost=623679.35..654195.82 rows=4 width=24) (actual time=6983.636..6985.228 rows=231 loops=1)
                    Join Filter: (ws1.ws_web_site_sk = web_site.web_site_sk)
                    Rows Removed by Join Filter: 7391
                    ->  Hash Join  (cost=623679.35..654191.53 rows=14 width=32) (actual time=6983.601..6984.380 rows=935 loops=1)
                          Hash Cond: (ws1.ws_order_number = web_returns.wr_order_number)
                          ->  Hash Join  (cost=161858.20..192370.16 rows=23 width=40) (actual time=4097.036..4097.641 rows=1262 loops=1)
                                Hash Cond: (ws1.ws_order_number = ws_wh.ws_order_number)
                                ->  Gather  (cost=1005.70..31517.28 rows=46 width=32) (actual time=0.945..1.215 rows=1262 loops=1)
                                      Workers Planned: 2
                                      Workers Launched: 2
                                      ->  Nested Loop  (cost=5.70..30512.68 rows=19 width=32) (actual time=1.160..107.289 rows=421 loops=3)
                                            ->  Hash Join  (cost=5.41..30437.19 rows=242 width=40) (actual time=0.248..96.002 rows=5391 loops=3)
                                                  Hash Cond: (ws1.ws_ship_date_sk = date_dim.d_date_sk)
                                                  ->  Parallel Seq Scan on web_sales ws1  (cost=0.00..29644.81 rows=299781 width=48) (actual time=0.014..61.498 rows=239825 loops=3)
                                                  ->  Hash  (cost=4.67..4.67 rows=59 width=8) (actual time=0.092..0.093 rows=61 loops=3)
                                                        Buckets: 1024  Batches: 1  Memory Usage: 11kB
                                                        ->  Index Scan using i_d_date on date_dim  (cost=0.29..4.67 rows=59 width=8) (actual time=0.061..0.079 rows=61 loops=3)
                                                              Index Cond: ((d_date >= '2000-04-01'::date) AND (d_date <= '2000-05-31 00:00:00'::timestamp without time zone))
                                            ->  Index Scan using pk_customer_address on customer_address  (cost=0.29..0.31 rows=1 width=8) (actual time=0.002..0.002 rows=0 loops=16173)
                                                  Index Cond: (ca_address_sk = ws1.ws_ship_addr_sk)
                                                  Filter: (ca_state = 'TX'::bpchar)
                                                  Rows Removed by Filter: 1
                                ->  Hash  (cost=160850.00..160850.00 rows=200 width=8) (actual time=4096.086..4096.087 rows=60000 loops=1)
                                      Buckets: 65536 (originally 1024)  Batches: 1 (originally 1)  Memory Usage: 2856kB
                                      ->  HashAggregate  (cost=160848.00..160850.00 rows=200 width=8) (actual time=4081.160..4089.083 rows=60000 loops=1)
                                            Group Key: ws_wh.ws_order_number
                                            Batches: 1  Memory Usage: 6177kB
                                            ->  CTE Scan on ws_wh  (cost=0.00..142976.00 rows=7148800 width=8) (actual time=259.881..3306.825 rows=6642776 loops=1)
                          ->  Hash  (cost=461356.88..461356.88 rows=37142 width=16) (actual time=2886.279..2886.280 rows=42209 loops=1)
                                Buckets: 65536  Batches: 1  Memory Usage: 2491kB
                                ->  HashAggregate  (cost=460985.46..461356.88 rows=37142 width=16) (actual time=2875.152..2879.595 rows=42209 loops=1)
                                      Group Key: web_returns.wr_order_number
                                      Batches: 1  Memory Usage: 3601kB
                                      ->  Hash Join  (cost=2253.63..426429.49 rows=13822386 width=16) (actual time=17.655..1898.775 rows=8690856 loops=1)
                                            Hash Cond: (ws_wh_1.ws_order_number = web_returns.wr_order_number)
                                            ->  CTE Scan on ws_wh ws_wh_1  (cost=0.00..142976.00 rows=7148800 width=8) (actual time=0.015..597.871 rows=6642776 loops=1)
                                            ->  Hash  (cost=1355.94..1355.94 rows=71815 width=8) (actual time=17.125..17.126 rows=71815 loops=1)
                                                  Buckets: 131072  Batches: 1  Memory Usage: 3830kB
                                                  ->  Index Only Scan using pk_web_returns on web_returns  (cost=0.42..1355.94 rows=71815 width=8) (actual time=0.024..7.852 rows=71815 loops=1)
                                                        Heap Fetches: 0
                    ->  Materialize  (cost=0.00..2.42 rows=9 width=8) (actual time=0.000..0.000 rows=8 loops=935)
                          ->  Seq Scan on web_site  (cost=0.00..2.38 rows=9 width=8) (actual time=0.015..0.027 rows=9 loops=1)
                                Filter: (web_company_name = 'pri'::bpchar)
                                Rows Removed by Filter: 21
 order count | total shipping cost | total net profit 
-------------+---------------------+------------------
         129 |   286262.5199999999 |        -83874.41
(1 row)

UPDATE time_statistics SET e_time = TRANSACTION_TIMESTAMP() WHERE template = '../query_postgresql/query95.tpl' AND stream = 0;
psql:/tmp/s1-basline/power/query_0.sql:4783: NOTICE:  duration: 0.042 ms  plan:
Query Text: UPDATE time_statistics SET e_time = TRANSACTION_TIMESTAMP() WHERE template = '../query_postgresql/query95.tpl' AND stream = 0;
Update on time_statistics  (cost=0.00..2.34 rows=0 width=0) (actual time=0.041..0.041 rows=0 loops=1)
  ->  Seq Scan on time_statistics  (cost=0.00..2.34 rows=1 width=14) (actual time=0.028..0.028 rows=1 loops=1)
        Filter: ((template = '../query_postgresql/query95.tpl'::text) AND (stream = 0))
        Rows Removed by Filter: 95
UPDATE 1
LOAD 'auto_explain'; SET auto_explain.log_min_duration TO 0; SET auto_explain.log_analyze TO on; SET auto_explain.log_level TO notice; INSERT INTO time_statistics (template, s_time, stream, query, seed) VALUES ('query96.tpl', TRANSACTION_TIMESTAMP(), 0, 96, 654432238);
LOAD
SET
SET
SET
psql:/tmp/s1-basline/power/query_0.sql:4784: NOTICE:  duration: 0.009 ms  plan:
Query Text: INSERT INTO time_statistics (template, s_time, stream, query, seed) VALUES ('query96.tpl', TRANSACTION_TIMESTAMP(), 0, 96, 654432238);
Insert on time_statistics  (cost=0.00..0.01 rows=0 width=0) (actual time=0.008..0.008 rows=0 loops=1)
  ->  Result  (cost=0.00..0.01 rows=1 width=64) (actual time=0.002..0.002 rows=1 loops=1)
INSERT 0 1
select  count(*) 
from store_sales
    ,household_demographics 
    ,time_dim, store
where ss_sold_time_sk = time_dim.t_time_sk   
    and ss_hdemo_sk = household_demographics.hd_demo_sk 
    and ss_store_sk = s_store_sk
    and time_dim.t_hour = 16
    and time_dim.t_minute >= 30
    and household_demographics.hd_dep_count = 7
    and store.s_store_name = 'ese'
order by count(*)
limit 100;
psql:/tmp/s1-basline/power/query_0.sql:4797: NOTICE:  duration: 323.287 ms  plan:
Query Text: select  count(*) 
from store_sales
    ,household_demographics 
    ,time_dim, store
where ss_sold_time_sk = time_dim.t_time_sk   
    and ss_hdemo_sk = household_demographics.hd_demo_sk 
    and ss_store_sk = s_store_sk
    and time_dim.t_hour = 16
    and time_dim.t_minute >= 30
    and household_demographics.hd_dep_count = 7
    and store.s_store_name = 'ese'
order by count(*)
limit 100;
Limit  (cost=92270.19..92270.20 rows=1 width=8) (actual time=250.360..323.280 rows=1 loops=1)
  ->  Sort  (cost=92270.19..92270.20 rows=1 width=8) (actual time=250.359..323.279 rows=1 loops=1)
        Sort Key: (count(*))
        Sort Method: quicksort  Memory: 25kB
        ->  Finalize Aggregate  (cost=92270.17..92270.18 rows=1 width=8) (actual time=250.354..323.273 rows=1 loops=1)
              ->  Gather  (cost=92269.96..92270.17 rows=2 width=8) (actual time=250.208..323.268 rows=3 loops=1)
                    Workers Planned: 2
                    Workers Launched: 2
                    ->  Partial Aggregate  (cost=91269.96..91269.97 rows=1 width=8) (actual time=245.972..245.976 rows=1 loops=3)
                          ->  Hash Join  (cost=2926.11..91269.50 rows=184 width=0) (actual time=17.768..245.954 rows=261 loops=3)
                                Hash Cond: (store_sales.ss_store_sk = store.s_store_sk)
                                ->  Hash Join  (cost=2924.95..91260.20 rows=2318 width=8) (actual time=14.161..245.615 rows=1851 loops=3)
                                      Hash Cond: (store_sales.ss_hdemo_sk = household_demographics.hd_demo_sk)
                                      ->  Hash Join  (cost=2765.95..91037.34 rows=24315 width=16) (actual time=12.572..243.133 rows=18418 loops=3)
                                            Hash Cond: (store_sales.ss_sold_time_sk = time_dim.t_time_sk)
                                            ->  Parallel Seq Scan on store_sales  (cost=0.00..85123.48 rows=1199148 width=24) (actual time=0.014..122.693 rows=959309 loops=3)
                                            ->  Hash  (cost=2743.00..2743.00 rows=1836 width=8) (actual time=12.389..12.390 rows=1800 loops=3)
                                                  Buckets: 2048  Batches: 1  Memory Usage: 87kB
                                                  ->  Seq Scan on time_dim  (cost=0.00..2743.00 rows=1836 width=8) (actual time=8.532..12.160 rows=1800 loops=3)
                                                        Filter: ((t_minute >= 30) AND (t_hour = 16))
                                                        Rows Removed by Filter: 84600
                                      ->  Hash  (cost=150.00..150.00 rows=720 width=8) (actual time=1.038..1.038 rows=720 loops=3)
                                            Buckets: 1024  Batches: 1  Memory Usage: 37kB
                                            ->  Seq Scan on household_demographics  (cost=0.00..150.00 rows=720 width=8) (actual time=0.128..0.951 rows=720 loops=3)
                                                  Filter: (hd_dep_count = 7)
                                                  Rows Removed by Filter: 6480
                                ->  Hash  (cost=1.15..1.15 rows=1 width=8) (actual time=0.030..0.031 rows=1 loops=3)
                                      Buckets: 1024  Batches: 1  Memory Usage: 9kB
                                      ->  Seq Scan on store  (cost=0.00..1.15 rows=1 width=8) (actual time=0.026..0.027 rows=1 loops=3)
                                            Filter: ((s_store_name)::text = 'ese'::text)
                                            Rows Removed by Filter: 11
 count 
-------
   783
(1 row)

UPDATE time_statistics SET e_time = TRANSACTION_TIMESTAMP() WHERE template = 'query96.tpl' AND stream = 0;
psql:/tmp/s1-basline/power/query_0.sql:4799: NOTICE:  duration: 0.038 ms  plan:
Query Text: UPDATE time_statistics SET e_time = TRANSACTION_TIMESTAMP() WHERE template = 'query96.tpl' AND stream = 0;
Update on time_statistics  (cost=0.00..2.34 rows=0 width=0) (actual time=0.038..0.038 rows=0 loops=1)
  ->  Seq Scan on time_statistics  (cost=0.00..2.34 rows=1 width=14) (actual time=0.026..0.026 rows=1 loops=1)
        Filter: ((template = 'query96.tpl'::text) AND (stream = 0))
        Rows Removed by Filter: 96
UPDATE 1
LOAD 'auto_explain'; SET auto_explain.log_min_duration TO 0; SET auto_explain.log_analyze TO on; SET auto_explain.log_level TO notice; INSERT INTO time_statistics (template, s_time, stream, query, seed) VALUES ('query97.tpl', TRANSACTION_TIMESTAMP(), 0, 97, 1778867779);
LOAD
SET
SET
SET
psql:/tmp/s1-basline/power/query_0.sql:4800: NOTICE:  duration: 0.169 ms  plan:
Query Text: INSERT INTO time_statistics (template, s_time, stream, query, seed) VALUES ('query97.tpl', TRANSACTION_TIMESTAMP(), 0, 97, 1778867779);
Insert on time_statistics  (cost=0.00..0.01 rows=0 width=0) (actual time=0.168..0.169 rows=0 loops=1)
  ->  Result  (cost=0.00..0.01 rows=1 width=64) (actual time=0.001..0.001 rows=1 loops=1)
INSERT 0 1
with ssci as (
select ss_customer_sk customer_sk
      ,ss_item_sk item_sk
from store_sales,date_dim
where ss_sold_date_sk = d_date_sk
  and d_month_seq between 1179 and 1179 + 11
group by ss_customer_sk
        ,ss_item_sk),
csci as(
 select cs_bill_customer_sk customer_sk
      ,cs_item_sk item_sk
from catalog_sales,date_dim
where cs_sold_date_sk = d_date_sk
  and d_month_seq between 1179 and 1179 + 11
group by cs_bill_customer_sk
        ,cs_item_sk)
 select  sum(case when ssci.customer_sk is not null and csci.customer_sk is null then 1 else 0 end) store_only
      ,sum(case when ssci.customer_sk is null and csci.customer_sk is not null then 1 else 0 end) catalog_only
      ,sum(case when ssci.customer_sk is not null and csci.customer_sk is not null then 1 else 0 end) store_and_catalog
from ssci full outer join csci on (ssci.customer_sk=csci.customer_sk
                               and ssci.item_sk = csci.item_sk)
limit 100;
psql:/tmp/s1-basline/power/query_0.sql:4822: NOTICE:  duration: 965.701 ms  plan:
Query Text: with ssci as (
select ss_customer_sk customer_sk
      ,ss_item_sk item_sk
from store_sales,date_dim
where ss_sold_date_sk = d_date_sk
  and d_month_seq between 1179 and 1179 + 11
group by ss_customer_sk
        ,ss_item_sk),
csci as(
 select cs_bill_customer_sk customer_sk
      ,cs_item_sk item_sk
from catalog_sales,date_dim
where cs_sold_date_sk = d_date_sk
  and d_month_seq between 1179 and 1179 + 11
group by cs_bill_customer_sk
        ,cs_item_sk)
 select  sum(case when ssci.customer_sk is not null and csci.customer_sk is null then 1 else 0 end) store_only
      ,sum(case when ssci.customer_sk is null and csci.customer_sk is not null then 1 else 0 end) catalog_only
      ,sum(case when ssci.customer_sk is not null and csci.customer_sk is not null then 1 else 0 end) store_and_catalog
from ssci full outer join csci on (ssci.customer_sk=csci.customer_sk
                               and ssci.item_sk = csci.item_sk)
limit 100;
Limit  (cost=116216.86..116216.87 rows=1 width=24) (actual time=942.362..965.690 rows=1 loops=1)
  ->  Aggregate  (cost=116216.86..116216.87 rows=1 width=24) (actual time=942.361..965.689 rows=1 loops=1)
        ->  Hash Full Join  (cost=114430.38..116110.72 rows=14152 width=16) (actual time=588.151..895.108 rows=828036 loops=1)
              Hash Cond: ((store_sales.ss_customer_sk = catalog_sales.cs_bill_customer_sk) AND (store_sales.ss_item_sk = catalog_sales.cs_item_sk))
              ->  Group  (cost=92146.21..93610.72 rows=14152 width=16) (actual time=326.851..518.387 rows=542607 loops=1)
                    Group Key: store_sales.ss_customer_sk, store_sales.ss_item_sk
                    ->  Gather Merge  (cost=92146.21..93551.75 rows=11794 width=16) (actual time=326.850..461.726 rows=546089 loops=1)
                          Workers Planned: 2
                          Workers Launched: 2
                          ->  Group  (cost=91146.18..91190.41 rows=5897 width=16) (actual time=314.562..355.658 rows=182030 loops=3)
                                Group Key: store_sales.ss_customer_sk, store_sales.ss_item_sk
                                ->  Sort  (cost=91146.18..91160.92 rows=5897 width=16) (actual time=314.559..325.007 rows=182898 loops=3)
                                      Sort Key: store_sales.ss_customer_sk, store_sales.ss_item_sk
                                      Sort Method: external merge  Disk: 5368kB
                                      Worker 0:  Sort Method: quicksort  Memory: 14027kB
                                      Worker 1:  Sort Method: quicksort  Memory: 14162kB
                                      ->  Hash Join  (cost=2505.43..90776.86 rows=5897 width=16) (actual time=13.294..254.201 rows=182898 loops=3)
                                            Hash Cond: (store_sales.ss_sold_date_sk = date_dim.d_date_sk)
                                            ->  Parallel Seq Scan on store_sales  (cost=0.00..85123.48 rows=1199148 width=24) (actual time=0.015..123.908 rows=959309 loops=3)
                                            ->  Hash  (cost=2500.73..2500.73 rows=376 width=8) (actual time=13.205..13.206 rows=365 loops=3)
                                                  Buckets: 1024  Batches: 1  Memory Usage: 23kB
                                                  ->  Seq Scan on date_dim  (cost=0.00..2500.73 rows=376 width=8) (actual time=6.168..13.156 rows=365 loops=3)
                                                        Filter: ((d_month_seq >= 1179) AND (d_month_seq <= 1190))
                                                        Rows Removed by Filter: 72684
              ->  Hash  (cost=22173.70..22173.70 rows=7365 width=16) (actual time=261.294..261.296 rows=285600 loops=1)
                    Buckets: 524288 (originally 8192)  Batches: 1 (originally 1)  Memory Usage: 17479kB
                    ->  HashAggregate  (cost=22026.40..22100.05 rows=7365 width=16) (actual time=169.476..219.243 rows=285600 loops=1)
                          Group Key: catalog_sales.cs_bill_customer_sk, catalog_sales.cs_item_sk
                          Batches: 1  Memory Usage: 26641kB
                          ->  Nested Loop  (cost=0.43..21989.58 rows=7365 width=16) (actual time=3.527..103.683 rows=285694 loops=1)
                                ->  Seq Scan on date_dim date_dim_1  (cost=0.00..2500.73 rows=376 width=8) (actual time=3.517..7.805 rows=365 loops=1)
                                      Filter: ((d_month_seq >= 1179) AND (d_month_seq <= 1190))
                                      Rows Removed by Filter: 72684
                                ->  Index Scan using i_cs_sold_date_sk on catalog_sales  (cost=0.43..44.01 rows=782 width=24) (actual time=0.004..0.133 rows=783 loops=365)
                                      Index Cond: (cs_sold_date_sk = date_dim_1.d_date_sk)
 store_only | catalog_only | store_and_catalog 
------------+--------------+-------------------
     535586 |       284755 |               171
(1 row)

UPDATE time_statistics SET e_time = TRANSACTION_TIMESTAMP() WHERE template = 'query97.tpl' AND stream = 0;
psql:/tmp/s1-basline/power/query_0.sql:4824: NOTICE:  duration: 0.048 ms  plan:
Query Text: UPDATE time_statistics SET e_time = TRANSACTION_TIMESTAMP() WHERE template = 'query97.tpl' AND stream = 0;
Update on time_statistics  (cost=0.00..4.67 rows=0 width=0) (actual time=0.047..0.047 rows=0 loops=1)
  ->  Seq Scan on time_statistics  (cost=0.00..4.67 rows=1 width=14) (actual time=0.034..0.034 rows=1 loops=1)
        Filter: ((template = 'query97.tpl'::text) AND (stream = 0))
        Rows Removed by Filter: 97
UPDATE 1
LOAD 'auto_explain'; SET auto_explain.log_min_duration TO 0; SET auto_explain.log_analyze TO on; SET auto_explain.log_level TO notice; INSERT INTO time_statistics (template, s_time, stream, query, seed) VALUES ('../query_postgresql/query98.tpl', TRANSACTION_TIMESTAMP(), 0, 98, 336639479);
LOAD
SET
SET
SET
psql:/tmp/s1-basline/power/query_0.sql:4825: NOTICE:  duration: 0.009 ms  plan:
Query Text: INSERT INTO time_statistics (template, s_time, stream, query, seed) VALUES ('../query_postgresql/query98.tpl', TRANSACTION_TIMESTAMP(), 0, 98, 336639479);
Insert on time_statistics  (cost=0.00..0.01 rows=0 width=0) (actual time=0.008..0.008 rows=0 loops=1)
  ->  Result  (cost=0.00..0.01 rows=1 width=64) (actual time=0.001..0.002 rows=1 loops=1)
INSERT 0 1
select i_item_id
      ,i_item_desc 
      ,i_category 
      ,i_class 
      ,i_current_price
      ,sum(ss_ext_sales_price) as itemrevenue 
      ,sum(ss_ext_sales_price)*100/sum(sum(ss_ext_sales_price)) over
          (partition by i_class) as revenueratio
from	
	store_sales
    	,item 
    	,date_dim
where 
	ss_item_sk = i_item_sk 
  	and i_category in ('Children', 'Books', 'Men')
  	and ss_sold_date_sk = d_date_sk
	and d_date between cast('2002-04-20' as date) 
				and (cast('2002-04-20' as date) + interval '30 days')
group by 
	i_item_id
        ,i_item_desc 
        ,i_category
        ,i_class
        ,i_current_price
order by 
	i_category
        ,i_class
        ,i_item_id
        ,i_item_desc
        ,revenueratio;
psql:/tmp/s1-basline/power/query_0.sql:4855: NOTICE:  duration: 95.843 ms  plan:
Query Text: select i_item_id
      ,i_item_desc 
      ,i_category 
      ,i_class 
      ,i_current_price
      ,sum(ss_ext_sales_price) as itemrevenue 
      ,sum(ss_ext_sales_price)*100/sum(sum(ss_ext_sales_price)) over
          (partition by i_class) as revenueratio
from	
	store_sales
    	,item 
    	,date_dim
where 
	ss_item_sk = i_item_sk 
  	and i_category in ('Children', 'Books', 'Men')
  	and ss_sold_date_sk = d_date_sk
	and d_date between cast('2002-04-20' as date) 
				and (cast('2002-04-20' as date) + interval '30 days')
group by 
	i_item_id
        ,i_item_desc 
        ,i_category
        ,i_class
        ,i_current_price
order by 
	i_category
        ,i_class
        ,i_item_id
        ,i_item_desc
        ,revenueratio;
Sort  (cost=42753.25..42754.18 rows=375 width=245) (actual time=93.922..94.027 rows=2518 loops=1)
  Sort Key: item.i_category, item.i_class, item.i_item_id, item.i_item_desc, ((((sum(store_sales.ss_ext_sales_price)) * '100'::double precision) / sum((sum(store_sales.ss_ext_sales_price))) OVER (?)))
  Sort Method: quicksort  Memory: 807kB
  ->  WindowAgg  (cost=42728.78..42737.21 rows=375 width=245) (actual time=84.622..85.895 rows=2518 loops=1)
        ->  Sort  (cost=42728.78..42729.71 rows=375 width=237) (actual time=84.518..84.627 rows=2518 loops=1)
              Sort Key: item.i_class
              Sort Method: quicksort  Memory: 788kB
              ->  GroupAggregate  (cost=42702.43..42712.74 rows=375 width=237) (actual time=79.493..83.051 rows=2518 loops=1)
                    Group Key: item.i_item_id, item.i_item_desc, item.i_category, item.i_class, item.i_current_price
                    ->  Sort  (cost=42702.43..42703.37 rows=375 width=237) (actual time=79.483..79.833 rows=7856 loops=1)
                          Sort Key: item.i_item_id, item.i_item_desc, item.i_category, item.i_class, item.i_current_price
                          Sort Method: quicksort  Memory: 2349kB
                          ->  Nested Loop  (cost=1.01..42686.40 rows=375 width=237) (actual time=0.035..56.846 rows=7856 loops=1)
                                ->  Nested Loop  (cost=0.72..42302.31 rows=1242 width=16) (actual time=0.023..12.040 rows=26427 loops=1)
                                      ->  Index Scan using i_d_date on date_dim  (cost=0.29..3.15 rows=33 width=8) (actual time=0.011..0.022 rows=31 loops=1)
                                            Index Cond: ((d_date >= '2002-04-20'::date) AND (d_date <= '2002-05-20 00:00:00'::timestamp without time zone))
                                      ->  Index Scan using i_ss_sold_date_sk on store_sales  (cost=0.43..1266.71 rows=1508 width=24) (actual time=0.005..0.267 rows=852 loops=31)
                                            Index Cond: (ss_sold_date_sk = date_dim.d_date_sk)
                                ->  Index Scan using pk_item on item  (cost=0.29..0.31 rows=1 width=237) (actual time=0.001..0.001 rows=0 loops=26427)
                                      Index Cond: (i_item_sk = store_sales.ss_item_sk)
                                      Filter: (i_category = ANY ('{Children,Books,Men}'::bpchar[]))
                                      Rows Removed by Filter: 1
    i_item_id     |                                                                                               i_item_desc                                                                                                |                     i_category                     |                      i_class                       | i_current_price |    itemrevenue     |      revenueratio      
------------------+----------------------------------------------------------------------------------------------------------------------------------------------------------------------------------------------------------+----------------------------------------------------+----------------------------------------------------+-----------------+--------------------+------------------------
 AAAAAAAAAAPCAAAA | Final magazines used to see especially soon main men. Old men make necessary, curious m                                                                                                                  | Books                                              | arts                                               |            4.19 |            4803.88 |     1.2049720132991701
 AAAAAAAAAFIBAAAA | Narrow positions should not state ever to a workers; young systems would no                                                                                                                              | Books                                              | arts                                               |            3.28 |            7005.48 |     1.7572061208288032
 AAAAAAAAAFMCAAAA | Forests develop still n                                                                                                                                                                                  | Books                                              | arts                                               |            0.46 |             391.76 |    0.09826636717196993
 AAAAAAAAAIFBAAAA | Literary, expected charges would understand european parts. Now various couples should define lips. Areas shall no                                                                                       | Books                                              | arts                                               |            8.28 |  7032.950000000001 |     1.7640965055189557
 AAAAAAAAAKGDAAAA | Full, excellent organisations may look particular re                                                                                                                                                     | Books                                              | arts                                               |            4.76 | 14724.660000000002 |     3.6934318104002934
 AAAAAAAAALDDAAAA | Refugees mean. Flexible, new employees should look.                                                                                                                                                      | Books                                              | arts                                               |            1.74 |            4422.74 |     1.1093694934300549
 AAAAAAAAAODCAAAA | Late minor materials ought to retain never mental, new quarters; useful                                                                                                                                  | Books                                              | arts                                               |            4.86 |           26371.05 |      6.614731677584178
 AAAAAAAABHFDAAAA | Brothers shall play today brief holes. Able years prescribe now strange sports. Bright firms could not go forces; occasio                                                                                | Books                                              | arts                                               |            3.81 |            4380.07 |     1.0986664459335571
 AAAAAAAABMFBAAAA | Separate eyes will find far from; parents would acquire at the words. At last solid characteristics cut additionally rational methods. Popular years keep personally in a friends. Cold, local           | Books                                              | arts                                               |            5.64 |  616.1800000000001 |    0.15455832684302748
 AAAAAAAABNACAAAA | Tory drug                                                                                                                                                                                                | Books                                              | arts                                               |            9.85 |            1599.12 |    0.40111219387390384
 AAAAAAAABPMAAAAA | Social needs may support criminal, foreign patterns. Adequ                                                                                                                                               | Books                                              | arts                                               |            0.69 |             8077.4 |      2.026079115261563
 AAAAAAAACCHDAAAA | Low, due years may forget. Workers seek close fingers. Things should not sense more often only systems. As strong cities used to appear substantially; massive, national priorities may get original, la | Books                                              | arts                                               |            8.61 |            5540.62 |     1.3897707761904228
 AAAAAAAADBNCAAAA | Light, other masters ascertain there as working groups. Clearly independent activities should listen then firms. Organizations would stay beforehand clear, intense stories. Elections m                 | Books                                              | arts                                               |            17.8 |  6743.799999999999 |     1.6915681206206115
 AAAAAAAADNECAAAA | Old children could curb to the guidelines. Young, new subjects contain able problems. Other, emotional children mig                                                                                      | Books                                              | arts                                               |            0.73 |             574.64 |    0.14413872072621198
 AAAAAAAADPPBAAAA | Children will remove. Real hands might need wide for the performances. Simple, willing conditions want on a images. Real, young goods help however twin hou                                              | Books                                              | arts                                               |            8.24 |             5337.3 |     1.3387713944939634
 AAAAAAAAEHKCAAAA | Clergy ought to give now right passengers. Statutory men must leave both new nights; actually new notions used to set importantly materials. Feet would not understand local w                           | Books                                              | arts                                               |            4.04 |           11970.14 |     3.0025070766282527
 AAAAAAAAEHLAAAAA | Area                                                                                                                                                                                                     | Books                                              | arts                                               |            6.65 |  5053.870000000001 |     1.2676777748095869
 AAAAAAAAEOCDAAAA | Gastric boots should move either attractive, medical signals. Now only solicitors see also securities. Solar, top tables touch both vast, international characters. Brief scientists o                   | Books                                              | arts                                               |            7.33 |           13789.55 |      3.458875289555437
 AAAAAAAAEODCAAAA | Still convenient details believe similarly close activities. Years shall win easily arms; regularly specific patients could welcome n                                                                    | Books                                              | arts                                               |            4.92 |             798.47 |    0.20028268888044423
 AAAAAAAAFAEEAAAA | New, wild grounds end here very normal years. Numbers give digital brothers. Eventually big goods grow so in                                                                                             | Books                                              | arts                                               |            2.39 |            4226.54 |     1.0601560432586732
 AAAAAAAAFDACAAAA | New objects discharge then hard journals;                                                                                                                                                                | Books                                              | arts                                               |            3.69 |               1408 |     0.3531729757456955
 AAAAAAAAFFJAAAAA | About rough dishes would reflect perhaps ideological capitalist bonds. English, central amou                                                                                                             | Books                                              | arts                                               |            9.93 |            3686.19 |     0.9246183888238816
 AAAAAAAAGCADAAAA | Small,                                                                                                                                                                                                   | Books                                              | arts                                               |            3.85 |            7570.62 |     1.8989619273010492
 AAAAAAAAGCODAAAA | At all important conditions will not form over away from a children. Hitherto similar children should back in order homes. Big demands know results; ol                                                  | Books                                              | arts                                               |            6.73 |            5057.73 |     1.2686459904959348
 AAAAAAAAGFGDAAAA | Friends might shake. Well double books could not tell soon police. Current, christian requests can                                                                                                       | Books                                              | arts                                               |             4.9 |            1746.75 |    0.43814268138053525
 AAAAAAAAGHABAAAA | New, individual findings may enable alone visit                                                                                                                                                          | Books                                              | arts                                               |            5.89 |            4669.56 |     1.1712801140788849
 AAAAAAAAGHAEAAAA | Effective feelings could not look only matters. Procedures see new, severe individ                                                                                                                       | Books                                              | arts                                               |            9.31 |                    |                       
 AAAAAAAAGNBCAAAA | Weak, marvellous centres shall maintain perhaps at a years; recent p                                                                                                                                     | Books                                              | arts                                               |           31.05 | 12523.509999999998 |     3.1413105777563737
 AAAAAAAAGPIAAAAA | Keen studies like hot women. Hitherto important women praise subsequently absolute, local benefits. Supreme, sec                                                                                         | Books                                              | arts                                               |            2.33 |            7294.99 |     1.8298248056357183
 AAAAAAAAHHBEAAAA | As open dollars can marry most. Desirable services speak anything but natural, similar authorities. Angry evenings cannot record bar                                                                     | Books                                              | arts                                               |             0.4 | 3501.7599999999998 |     0.8783572439966241
 AAAAAAAAHINAAAAA | Contracts would miss much dangerous, british values. Once ag                                                                                                                                             | Books                                              | arts                                               |            5.84 |           14278.49 |     3.5815176153800823
 AAAAAAAAHLGBAAAA | Little local agencies tell brightly only holy plants. Spanish agencies speak quite into a requirements; northern conditions can make firmly. Leading memories ought to tidy worth a years. Positive, ec  | Books                                              | arts                                               |           85.09 | 2273.9500000000003 |     0.5703818808216793
 AAAAAAAAICAAAAAA | Soft, local schools apply naval, extra letters. Guilty ages might lead later mainly russian minutes; as financial shoulders ought to decide and so o                                                     | Books                                              | arts                                               |            4.34 |           10169.87 |     2.5509398088401114
 AAAAAAAAIJIBAAAA | Parents clarify ill complete, universal friends. Much american days allow. Happy, legal books drift.                                                                                                     | Books                                              | arts                                               |            9.84 |              98.11 |   0.024609233416484508
 AAAAAAAAIKCDAAAA | Just smooth members might not complete to a considerations. Young, total doctors turn slightly hours. Now public limits account norma                                                                    | Books                                              | arts                                               |            3.39 |           16452.73 |      4.126888929858293
 AAAAAAAAIKKDAAAA | Long great boys must calculate schemes. Groups may come about the words. Years can understand really brief magazines. Requirem                                                                           | Books                                              | arts                                               |            8.81 |            7223.05 |     1.8117798739062114
 AAAAAAAAINHDAAAA | Final reactions would guide at present bedrooms; girls would not need especially; eyes turn.                                                                                                             | Books                                              | arts                                               |            3.56 |            2512.56 |     0.6302331618889238
 AAAAAAAAIPADAAAA | Never labour circumstances must not live by a colours. Operations force consequently in a pupils. Finally only interests ignore clubs. Issues would not feel suddenly; small arms may                    | Books                                              | arts                                               |            4.01 |              77.71 |   0.019492238597441758
 AAAAAAAAIPLAAAAA | Wide planes may see global tories. Papers e                                                                                                                                                              | Books                                              | arts                                               |            3.44 |            1511.44 |     0.3791191494751946
 AAAAAAAAJADEAAAA | Consid                                                                                                                                                                                                   | Books                                              | arts                                               |            2.77 | 10727.080000000002 |     2.6907065089929945
 AAAAAAAAJBCBAAAA | International persons put at the talks; at last able years must not make industries. Occasional, fierce tories may not lie after a                                                                       | Books                                              | arts                                               |            2.87 |               8460 |      2.122047851426551
 AAAAAAAAJEJDAAAA | Constraints can abandon all short others. Widely medical eyes pay just english, glad days; little, fair policies can regret weeks. Only royal aspira                                                     | Books                                              | arts                                               |            3.63 |           14542.47 |     3.6477325316708127
 AAAAAAAAJPOCAAAA | Versions leave ago                                                                                                                                                                                       | Books                                              | arts                                               |            2.25 |            7084.37 |     1.7769943424598955
 AAAAAAAAKCHAAAAA | Chief tons hope extensively as a prices. Increasing, bright children could not provide ready scientific developments. Intense walls would find apparen                                                   | Books                                              | arts                                               |            0.24 |            10914.4 |     2.7376925614196157
 AAAAAAAAKCOCAAAA | Political children give therefore new levels. Racial studies conde                                                                                                                                       | Books                                              | arts                                               |            2.41 |             847.23 |    0.21251330983027386
 AAAAAAAAKDNDAAAA | Young benefits care unknown, western towns; feet could tell; both national banks start in a contr                                                                                                        | Books                                              | arts                                               |            0.44 |             2820.4 |     0.7074496170405963
 AAAAAAAAKJGDAAAA | Long similar pounds shall not care partie                                                                                                                                                                | Books                                              | arts                                               |            4.49 |             123.68 |    0.03102303525584348
 AAAAAAAAKMKAAAAA | International difficulties cannot offset now in a miles. Sure, helpful men listen. Decisions should meet therefore odds. Camps run too articles. Very nucle                                              | Books                                              | arts                                               |            3.13 |           28583.87 |      7.169780132264285
 AAAAAAAAKPNCAAAA | Songs will not enjoy hearts. Neither private women ensure never around present responsibilities. Linguistic, foreign concepts may not drop abou                                                          | Books                                              | arts                                               |            2.66 |             691.66 |     0.1734912076734856
 AAAAAAAALBNAAAAA | Generally asian eyes sell individually films. Normal feet become on a lips. Also very weeks intend warmly. Major, scottish details get. Simple systems shall provide sure li                             | Books                                              | arts                                               |            3.87 |            5326.83 |     1.3361451721530135
 AAAAAAAAMDNAAAAA | Valuable demands cannot go                                                                                                                                                                               | Books                                              | arts                                               |           78.52 |            4874.44 |     1.2226707953791531
 AAAAAAAAMEKCAAAA | Members receive men. Quite clear                                                                                                                                                                         | Books                                              | arts                                               |           45.12 |           12381.26 |     3.1056295722167255
 AAAAAAAAMJBBAAAA | High events improve arguments; american cards should not follow just changes; attitudes should return least comprehensive shares. Sen                                                                    | Books                                              | arts                                               |            1.92 |            8270.17 |     2.0744322079707236
 AAAAAAAAMJFDAAAA | Positive, special qualifications pick therefore general successes; endless, necessary knees might not enter in the friends; extra types say then about the relationships. Future ground                  | Books                                              | arts                                               |            8.72 |            2278.78 |     0.5715934045950114
 AAAAAAAAMOIDAAAA | Particular, real relations can say familiar, different spaces. In p                                                                                                                                      | Books                                              | arts                                               |            5.51 | 1264.3400000000001 |     0.3171382955641425
 AAAAAAAANIPBAAAA | Deaf policemen ought to reduce in general. Still possible photographs must receive historically big blind galleries                                                                                      | Books                                              | arts                                               |            39.5 | 14943.029999999999 |     3.7482062299411933
 AAAAAAAANMNCAAAA | Mountains should break to a offices. Widespread, old details might vot                                                                                                                                   | Books                                              | arts                                               |            4.61 |  7020.950000000001 |     1.7610865085665774
 AAAAAAAAOBABAAAA | Creditors cannot solve negative, rich achievements; independent, educational hours influence still political, cultural opportunities. New weeks                                                          | Books                                              | arts                                               |             8.4 |            2421.44 |     0.6073772516971995
 AAAAAAAAOLPBAAAA | Female problems may deny. National, accessible sums send other lips; now high pounds must say hands. Main reservations bother in a cities; things go forward for a views. Coun                           | Books                                              | arts                                               |            2.97 |            5842.94 |     1.4656026327440015
 AAAAAAAAONJCAAAA | Benefits like outer, likely problems.                                                                                                                                                                    | Books                                              | arts                                               |            0.62 |             227.12 |   0.056969208985342586
 AAAAAAAAONPCAAAA | Difficult, deaf structures might take now by a days. Slightly specific ages could continue more scottish, early boys; other, universal forms must not take hence ever partial weekends; ha               | Books                                              | arts                                               |            3.76 |                    |                       
 AAAAAAAAOPODAAAA | Simple, following books should not decide together. Empty contracts face now ill theories. Now spanish details sign nearly absolutely early operations. Concerned, american foreigners m                 | Books                                              | arts                                               |             9.4 |            4948.47 |     1.2412399682445325
 AAAAAAAAPLMCAAAA | However objective tiles may not ring particular days; rebels might move; also special years complete necessarily early in                                                                                | Books                                              | arts                                               |            1.43 |            6922.98 |     1.7365123917812038
 AAAAAAAAPOKBAAAA | Unions can whisper in a courses. Secret, attractive clothes look books; institutions can exclude early existing, great                                                                                   | Books                                              | arts                                               |            3.51 | 1499.4699999999998 |     0.3761166775151974
 AAAAAAAAPPAEAAAA | Trials act slightly; european forces need parts. Basically only questions should attack so as remaining speakers. Previous, new modules think elements. Various weeks walk. Others                       | Books                                              | arts                                               |            0.94 |             136.88 |    0.03433403190345938
 AAAAAAAAAAGEAAAA | Stable citizens stand in public mi                                                                                                                                                                       | Books                                              | business                                           |            3.36 |  693.1899999999999 |    0.19541187607720173
 AAAAAAAAADGBAAAA | Maybe thin problems shall suggest now available structures; southern, short acts help never interested levels. Systems take regulatory improvements. Needs must kill very su                             | Books                                              | business                                           |             0.9 | 25650.779999999995 |      7.231014646263743
 AAAAAAAAADIDAAAA | Similar, gene                                                                                                                                                                                            | Books                                              | business                                           |            6.89 |           12653.79 |     3.5671328833176106
 AAAAAAAAAOHBAAAA | Concepts keep here for a signs. Historic poles will treat written eyes; more basic types sha                                                                                                             | Books                                              | business                                           |            8.86 |  7274.820000000001 |     2.0507887077481626
 AAAAAAAABDFBAAAA | Frequent expectations allow french attacks. Proposals used to win indeed popular, large sessions. Services shall not apologise as real relations. Years create unable, p                                 | Books                                              | business                                           |            2.82 |             6342.1 |      1.787852766585238
 AAAAAAAABNNBAAAA | Safe, new words understand slightly only interests. Able, joint inju                                                                                                                                     | Books                                              | business                                           |            8.61 | 14664.460000000001 |      4.133945441017732
 AAAAAAAACCLCAAAA | Well public sales may not set as english nuclear problems. Men form further in a                                                                                                                         | Books                                              | business                                           |            8.89 |            27112.5 |      7.643076919954316
 AAAAAAAACDBBAAAA | Medical                                                                                                                                                                                                  | Books                                              | business                                           |           43.54 |             749.74 |    0.21135345283417423
 AAAAAAAACHBAAAAA | Carers get in a bodies; stories seem formerly political, present activities. Major rates might not burst subsequent letters. Enough multiple customers find complete times; able, cruc                   | Books                                              | business                                           |            8.64 |             964.48 |    0.27188915916118167
 AAAAAAAACPMDAAAA | Late, distinct men must know twice. Other forms should run future                                                                                                                                        | Books                                              | business                                           |            8.77 |             415.15 |    0.11703175226626221
 AAAAAAAADFMCAAAA | English, considerable areas merge sometimes to a children. Thick straight languages turn thoughtfully key employees; systematic                                                                          | Books                                              | business                                           |            9.06 | 11655.210000000001 |      3.285630854706159
 AAAAAAAAEBIAAAAA | General methods win together impossible lines. Real years make materials. Casualties cannot give                                                                                                         | Books                                              | business                                           |            9.31 |           15290.45 |      4.310413480524314
 AAAAAAAAEGPBAAAA | Perhaps bright situations go then scientists. Separate, particular ties shall bring                                                                                                                      | Books                                              | business                                           |            5.19 |                    |                       
 AAAAAAAAFGIDAAAA | Successful centres follow early comfortable emotions. Adequate, possible questions may soften at a qualifications. Bright incentives might go therefore behind the forms. Little feet woul               | Books                                              | business                                           |            1.13 |            4849.04 |     1.3669556738749755
 AAAAAAAAFKKAAAAA | Certain poles can                                                                                                                                                                                        | Books                                              | business                                           |            4.51 |             2728.9 |     0.7692832681185184
 AAAAAAAAGAGCAAAA | Often possible things kn                                                                                                                                                                                 | Books                                              | business                                           |            3.66 |            7489.66 |      2.111352604308162
 AAAAAAAAGHADAAAA | Years find at a pieces; big judges hear closer. Very private methods might dispense so reports. Anxio                                                                                                    | Books                                              | business                                           |            4.31 |            2870.34 |     0.8091555336623945
 AAAAAAAAGHECAAAA | Wonderfu                                                                                                                                                                                                 | Books                                              | business                                           |            8.28 |            1148.77 |      0.323840939542127
 AAAAAAAAGMIDAAAA | Then detailed miles could not allow overseas administrative, different pages. Campaigns should trace women. Restrictions develop eyes. Parties talk due inches; living women would                       | Books                                              | business                                           |             0.1 |            2537.62 |     0.7153609904514328
 AAAAAAAAGNICAAAA | Cases ought to lend such as a parts. Employees go also wages. Inevitably magic refugees object. Proper aspects cast under. Light years should not make no longer also financial years. Cold sorts c      | Books                                              | business                                           |            0.55 |             327.69 |    0.09237657449146444
 AAAAAAAAGOJAAAAA | Natural bombs experience. White, practical                                                                                                                                                               | Books                                              | business                                           |            2.07 |              100.8 |   0.028415754855929738
 AAAAAAAAHEIAAAAA | Local individuals get complete, slow children. Just classical workshops shall return english, bad words. Possible sources form equally beyond the officers. Limited                                      | Books                                              | business                                           |            3.37 |            1255.43 |     0.3539086420513876
 AAAAAAAAIDNCAAAA | Police could not fill existing, limited investigations. Shops shoulder e                                                                                                                                 | Books                                              | business                                           |            4.69 |            7684.68 |     2.1663291966891483
 AAAAAAAAIFGDAAAA | Muscles see exactly disciplinary sales. Safe magazines would not feel then. Areas see howeve                                                                                                             | Books                                              | business                                           |            1.74 |            7701.08 |     2.1709523948998353
 AAAAAAAAIOJBAAAA | Still extreme calls knock there aware types. Dead gardens describe convenient, russian children; almost other police coul                                                                                | Books                                              | business                                           |            2.03 |            4277.24 |      1.205763921626755
 AAAAAAAAIPJDAAAA | Absolute, ruling forms decide damages. French, mental commentators used to believe great, possible records. About national developments can calculate generally willingly running examples. Gentle       | Books                                              | business                                           |            4.53 |            4084.95 |     1.1515569226064502
 AAAAAAAAJKECAAAA | Times would add. Well human men ought to demand slightly. Dual reasons shall not make as recent premises. More relevant ideas shall obtain very with the ideas. Awa                                      | Books                                              | business                                           |            57.6 | 2377.0599999999995 |     0.6700987523594873
 AAAAAAAAJLIDAAAA | Major lights receive corners.                                                                                                                                                                            | Books                                              | business                                           |            1.43 |            7822.49 |      2.205178156775415
 AAAAAAAAJMHAAAAA | Agreements witness still right wings. Available ro                                                                                                                                                       | Books                                              | business                                           |            6.18 |            6365.47 |      1.794440824035467
 AAAAAAAAKFIAAAAA | Well small classes ought to know altogether. Away base objects fit final sessions. Fixed partners live too. Years                                                                                        | Books                                              | business                                           |            9.76 | 11842.740000000002 |      3.338495998636046
 AAAAAAAAKJBAAAAA | Colourful, quiet years must want rapidly acceptable, other fin                                                                                                                                           | Books                                              | business                                           |            4.12 | 13134.120000000003 |      3.702539029448055
 AAAAAAAAKLPCAAAA | Fixed, annual merchants might not turn in a trees. Super, full men add even central years. Branches must i                                                                                               | Books                                              | business                                           |            1.85 |            1447.21 |     0.4079718708834333
 AAAAAAAAKMICAAAA | More accur                                                                                                                                                                                               | Books                                              | business                                           |           62.75 |            5747.22 |     1.6201547085624652
 AAAAAAAALDOAAAAA | Issues could know objects. Public inhab                                                                                                                                                                  | Books                                              | business                                           |            2.11 |           13123.95 |     3.6996720827527687
 AAAAAAAALHJBAAAA | Large qualities may not adjust general, great                                                                                                                                                            | Books                                              | business                                           |           76.81 |            6128.41 |     1.7276130577046465
 AAAAAAAALIBCAAAA | Available applications know early, cold profits. Different sides find most                                                                                                                               | Books                                              | business                                           |            3.96 | 3294.0299999999997 |     0.9285947318261729
 AAAAAAAAMAACAAAA | Long existing bits may plan continuously by a hours. Natural cases operate over thorough, previous traders. Now pale months revive thick, universal eyes. Moving principles repeat liable, conven        | Books                                              | business                                           |            8.05 |            5893.93 |     1.6615125993850195
 AAAAAAAAMGLAAAAA | Lines get in a areas. Deep scenes might hear all but by the efforts. Average defences eat completely. Public seconds know outstanding tasks. Political, friendly classes g                               | Books                                              | business                                           |            1.73 |            3989.16 |     1.1245534984234193
 AAAAAAAAMLEEAAAA | Alive, accurate sorts lead junior, wide experiences. Very different roles shall want that. Mature patients withdraw too regu                                                                             | Books                                              | business                                           |            0.55 |            1908.75 |     0.5380810722346814
 AAAAAAAANAMAAAAA | Familiar aspirations can get direct subjects. Benefits c                                                                                                                                                 | Books                                              | business                                           |           67.19 |            1904.74 |     0.5369506438917024
 AAAAAAAANHEEAAAA | Different, moral teachers run normally glasses. Late attacks can establish active doors. Exciting, mediterranean seats give                                                                              | Books                                              | business                                           |            0.31 |             3890.8 |     1.0968255852524942
 AAAAAAAANHIDAAAA | Royal times make shallow variables; human, polish gardens shift as new secrets. Nece                                                                                                                     | Books                                              | business                                           |            3.43 |            1383.68 |     0.3900626158636196
 AAAAAAAANKCAAAAA | Lads would not try actuall                                                                                                                                                                               | Books                                              | business                                           |            3.72 | 2666.2599999999998 |     0.7516249061723336
 AAAAAAAANPOBAAAA | Areas would say more bad offenders. New images ought to hear. Anything but minor interests can bear unfortunately across a organizations;                                                                | Books                                              | business                                           |            4.38 | 13620.619999999999 |      3.839684512954104
 AAAAAAAAOHDEAAAA | Changes improve there national features. Ideas look soon. Tragic standards will not reduce. Previous, primary families would not                                                                         | Books                                              | business                                           |               8 |           15039.05 |      4.239543234782442
 AAAAAAAAONHAAAAA | Severe taxes keep quite to a women. Asleep championships wear severe, popular obligations. More bloody c                                                                                                 | Books                                              | business                                           |            1.31 | 14074.890000000001 |      3.967744284366835
 AAAAAAAAPCMCAAAA | Reliable, legal books continue however duties. Strong things strike curiously holy classes. Lucky, industrial lawyers post so yet only books. Avail                                                      | Books                                              | business                                           |            7.18 |            6660.68 |     1.8776612108511317
 AAAAAAAAPEADAAAA | Economic, good members used to fall only men. Others must not disappear further details. Parents could not tell funny keys. Whole prices take at once outer changes. Different, inc countries            | Books                                              | business                                           |           42.41 |           10818.55 |      3.049774451355344
 AAAAAAAAPJBDAAAA | Important glasses see extra workers. Slight, urban foreigners should not carry. Medical ways might tackle areas. Long, future signs take. Goods devise. Transactions touch just new, central pr          | Books                                              | business                                           |            5.54 |           17957.96 |      5.062390764609048
 AAAAAAAAPJFCAAAA | Other, other dishes contain for the miles. Seconds can replace for a families. Men restore. Discussions involve; refugees affect richly old police. Poor, teenage areas take as. Appropriate, e          | Books                                              | business                                           |             4.7 | 13118.150000000001 |      3.698037049239234
 AAAAAAAABDECAAAA | Clean, royal children ought to get somehow early, gene                                                                                                                                                   | Books                                              | computers                                          |            5.88 |  9634.480000000001 |     3.2927104512681944
 AAAAAAAABMPAAAAA | Flat, similar teachers visit duties. Discussions ought to show anyway to the studies. About c                                                                                                            | Books                                              | computers                                          |            3.58 |  5197.110000000001 |     1.7761808020142702
 AAAAAAAACAACAAAA | Tears should meet no doubt from a engines. Potentially local periods could                                                                                                                               | Books                                              | computers                                          |            4.04 |            1533.81 |     0.5241997717842238
 AAAAAAAACBBAAAAA | Suitable, united applicants may use now in connection with a books. Catholic, western sentences will play attractive, soft females. Needs draw surely possibilities. Islands must us                     | Books                                              | computers                                          |            2.55 |             1659.8 |     0.5672585139016271
 AAAAAAAACFAAAAAA | Brutally warm authors will not restrain completely scien                                                                                                                                                 | Books                                              | computers                                          |            0.41 |             837.09 |    0.28608653416189483
 AAAAAAAACNPCAAAA | Interesting others cannot eat so perhaps lengthy towns. Serious m                                                                                                                                        | Books                                              | computers                                          |            8.06 |            3140.28 |     1.0732320556904456
 AAAAAAAADEGAAAAA | Just serious odds bother. Other partners may mean particular costs; areas find; violent, old pupil                                                                                                       | Books                                              | computers                                          |             1.2 |           21934.54 |      7.496417980187852
 AAAAAAAADIMCAAAA | Sides clear itali                                                                                                                                                                                        | Books                                              | computers                                          |             6.2 |            2009.82 |     0.6868824595793277
 AAAAAAAADJHAAAAA | Mathematical suggestions shall see japa                                                                                                                                                                  | Books                                              | computers                                          |            7.06 |  927.5899999999999 |     0.3170161012832933
 AAAAAAAAEALBAAAA | Effects cannot protect too bright students; typical, new conditions go from a patients. Italian, public ideas buy just. Thoroughly actual successes get for example broadly heavy standards.             | Books                                              | computers                                          |            98.1 |             501.53 |    0.17140448396016572
 AAAAAAAAEDNDAAAA | Contemporary, other divisions go just complete types. Questions investigate full moves. Regular                                                                                                          | Books                                              | computers                                          |            6.41 |            2556.57 |     0.8737414742050145
 AAAAAAAAEODBAAAA | Able, whole ranks will not involve. Rats ensure. Then di                                                                                                                                                 | Books                                              | computers                                          |            8.57 |              107.7 |    0.03680789369032729
 AAAAAAAAEPJDAAAA | Original offices c                                                                                                                                                                                       | Books                                              | computers                                          |            4.52 | 17758.600000000002 |     6.0692354771499195
 AAAAAAAAFCAAAAAA | P                                                                                                                                                                                                        | Books                                              | computers                                          |            4.21 |  996.0500000000001 |    0.34041320808032033
 AAAAAAAAFGACAAAA | Languages might not face for a others; true limitations must not follow more intact economies. Please bitter profits date on a                                                                           | Books                                              | computers                                          |            6.63 |             3861.5 |     1.3197184910417719
 AAAAAAAAFHEDAAAA | Then dangerous references would settle always well small men. Rather                                                                                                                                     | Books                                              | computers                                          |            0.91 |              62.56 |    0.02138070407861537
 AAAAAAAAFIPDAAAA | Normal pol                                                                                                                                                                                               | Books                                              | computers                                          |            3.03 |            1306.49 |    0.44651016738603255
 AAAAAAAAGAEDAAAA | Coming benefits remember exceptionally workers. Well isolated men write rather sections. Personally remarkable guards prepare certain, major persons. Acids could not want quiet proposals. Final        | Books                                              | computers                                          |            2.04 |            3876.76 |     1.3249337970558333
 AAAAAAAAGHJBAAAA | As old events thin                                                                                                                                                                                       | Books                                              | computers                                          |            4.88 |            2172.24 |     0.7423916340749911
 AAAAAAAAGKAAAAAA | Bitter, new wounds cannot become things; spirits shall feel so much as at a policies. Rather only effects note naturally full arm                                                                        | Books                                              | computers                                          |            5.24 |            6728.55 |      2.299570595079403
 AAAAAAAAGLEBAAAA | Documents s                                                                                                                                                                                              | Books                                              | computers                                          |            8.45 |            1618.24 |     0.5530548364478667
 AAAAAAAAGODCAAAA | Very inc feet pull easy on a cars. Away actual objectives would make almost. Ibid possible players should blame elections. Dependent, interested offences sh                                             | Books                                              | computers                                          |            7.07 |           20905.34 |      7.144675322935439
 AAAAAAAAGPCAAAAA | Subsequently educational doctors will not form upstairs by the problems. Married lines may ask areas. Very revolutionary aims wear initial activities. Other, naked minutes reca                         | Books                                              | computers                                          |            5.11 |              846.6 |    0.28933670193343625
 AAAAAAAAHEOAAAAA | Honest, important eyes permit additional, other eyes. Simple matters dry natural, labour notions. Rarely new copies will distinguish well sites. Partly real others used t                               | Books                                              | computers                                          |            2.44 |           12603.04 |      4.307254934957683
 AAAAAAAAHIJBAAAA | Eyes could learn days. Earlier cultural parents c                                                                                                                                                        | Books                                              | computers                                          |            2.81 |           10121.44 |     3.4591354458034007
 AAAAAAAAIAIAAAAA | Heads cannot assist always green ingredients. As domestic areas might dispense today clinical difficulties. Parts bri                                                                                    | Books                                              | computers                                          |            8.31 |            9653.93 |        3.2993577449755
 AAAAAAAAIGKBAAAA | Persistently young hours might gain already political, open times. Other, excellent terms shall not lie there for a others. Terms should not cons                                                        | Books                                              | computers                                          |            3.57 |               16.7 |   0.005707444982622709
 AAAAAAAAIJADAAAA | As different debts can return more. Principles should find. Democratic, social times can let more typical hundreds. Good doctors share then american, willin                                             | Books                                              | computers                                          |            9.19 |            5265.26 |     1.7994719622277873
 AAAAAAAAIJFAAAAA | Social, different departments mind afterwards before a rights. Technical, early documents will not cause still relative months; full school                                                              | Books                                              | computers                                          |            2.25 |            7535.72 |     2.5754315751167427
 AAAAAAAAILMAAAAA | Areas show yesterday general vehicles. Beautiful, medical suppliers would intervene sensiti                                                                                                              | Books                                              | computers                                          |            7.13 | 2909.2799999999997 |     0.9942847628170416
 AAAAAAAAINBBAAAA | Quick local letters must go together fe                                                                                                                                                                  | Books                                              | computers                                          |            3.41 |             456.25 |    0.15592944750428808
 AAAAAAAAJJHAAAAA | Lawyers determine in a agents; fairly european circumstances will produce even green european days. Young camps say overnight. Similar houses could take extreme, wron                                   | Books                                              | computers                                          |            1.94 |           14424.96 |       4.92992009440319
 AAAAAAAAJOBBAAAA | Skilled, b                                                                                                                                                                                               | Books                                              | computers                                          |            8.08 |  9552.340000000002 |      3.264638024269834
 AAAAAAAAKELDAAAA | Classical, available areas apologise other laws. Familiar, national feet allow. New circles make soon just bad metres. Cases might pray home long good forms; suitable, independent y                    | Books                                              | computers                                          |            2.01 |            5345.28 |     1.8268198513002105
 AAAAAAAAKGKDAAAA | Practical, soft times ought to happen large, important levels. Available, disabled measures see; scots will not pay crudely major, future sh                                                             | Books                                              | computers                                          |            8.21 |            7577.45 |      2.589693352309847
 AAAAAAAALPBEAAAA | Profits may try just conscious groups; american, inland reasons could assess also. Also environmental descri                                                                                             | Books                                              | computers                                          |            1.25 |            1156.32 |    0.39518759175486773
 AAAAAAAAMFPCAAAA | Eastern, new lips will rise well other areas; special, american points lie more large concern                                                                                                            | Books                                              | computers                                          |            3.48 | 19174.230000000003 |      6.553045677194841
 AAAAAAAAMNFBAAAA | Changes would not liberate yet plans. Correctly private traders would not risk thus. Very casual claims may not go more then wealthy employers. Backwards equivalent lines learn                         | Books                                              | computers                                          |            7.79 |            2816.66 |     0.9626306577697054
 AAAAAAAANCDEAAAA | Effective, narrow years will characterize anyway o                                                                                                                                                       | Books                                              | computers                                          |             4.8 |             3272.9 |     1.1185566876422675
 AAAAAAAANIABAAAA | Real, english workers should imagine pri                                                                                                                                                                 | Books                                              | computers                                          |            7.28 |             4447.3 |     1.5199233575579625
 AAAAAAAANLKAAAAA | General, european times shall not                                                                                                                                                                        | Books                                              | computers                                          |           60.74 |            8989.74 |      3.072362063358244
 AAAAAAAANMJAAAAA | Soldiers make by a differences. Directions would not dare of course for the services. Political, political interviews will outline on a forms. General techniques change powerfully with a parents.      | Books                                              | computers                                          |            4.62 | 10605.130000000001 |      3.624442874764166
 AAAAAAAAODDDAAAA | Criteria engage simple members. Churches outweigh about communist, real days. International drugs include original l                                                                                     | Books                                              | computers                                          |            7.56 |            6406.24 |     2.1894169069147846
 AAAAAAAAOFKDAAAA | Annual, alone members ought to empty tomorrow different, brief banks. Parties used to feel wonderful,                                                                                                    | Books                                              | computers                                          |            2.55 |            5074.53 |      1.734287472315474
 AAAAAAAAOFOBAAAA | Old figures ought to take real observations. Substantially strange bacteria can penetrate. Common men could act superficially goals. Both flat windo                                                     | Books                                              | computers                                          |             7.7 |            1989.96 |     0.6800950429712507
 AAAAAAAAOKCDAAAA | Years exceed top proposals. Major i                                                                                                                                                                      | Books                                              | computers                                          |             2.5 |           15788.38 |      5.395886839206032
 AAAAAAAAOOKAAAAA | Extreme centres may prevent yesterday simple targets. Possible men may escape ahead prices. Surely significant miles may perform indeed. Long little marke                                               | Books                                              | computers                                          |            3.61 |            9569.07 |      3.270355722147634
 AAAAAAAAPBOBAAAA | United influences expect underway. Creative, expensive purposes hope long gaps. Yellow feet must not provide. Keen, available councils feel equivalent men. And so on european profits should n          | Books                                              | computers                                          |            3.55 |            5280.45 |     1.8046633448197655
 AAAAAAAAPMHAAAAA | Most extensive changes eliminate soon young, other discussions. Expensive, interesting eyes may not pack. Appointments would not devote as; secondary days shall make so                                 | Books                                              | computers                                          |            1.58 | 2394.4700000000003 |     0.8183416639245868
 AAAAAAAAACAAAAAA | Existing pictures will give only animals. Easier full tracks will lead then definitely liberal decisions. Police                                                                                         | Books                                              | cooking                                            |            2.29 |            4138.53 |     1.2895991876253967
 AAAAAAAAACGAAAAA | Clearly spiritual weeks think sort of common officers. Large, forward cases would not both                                                                                                               | Books                                              | cooking                                            |           27.51 |            9346.83 |     2.9125472993726484
 AAAAAAAAADFAAAAA | Soon smooth players must fall nowhere used, old magistrates. National, grey men land complex, a                                                                                                          | Books                                              | cooking                                            |            4.22 |            7418.61 |     2.3116984603976882
 AAAAAAAAAFCEAAAA | Ancient, financial poets enjoy orange reports. Vital times want rather economies. Possible, likely                                                                                                       | Books                                              | cooking                                            |            2.83 |             584.46 |    0.18212243023477886
 AAAAAAAAAJKAAAAA | Courts live probably. Votes must not extend deliberately real cells. Available, great powers could bring perhaps sexual valu                                                                             | Books                                              | cooking                                            |            0.37 |  6191.509999999999 |     1.9293242446410968
 AAAAAAAABDFEAAAA | Sometimes isolated eyes offer short, whole                                                                                                                                                               | Books                                              | cooking                                            |           64.51 |             935.56 |    0.29152801018110686
 AAAAAAAACBNAAAAA | Very main hands may not confirm finally; other, local consequences read from time to time alone members. Equal, catholic years will not place                                                            | Books                                              | cooking                                            |            4.11 |            7041.26 |     2.1941131696180047
 AAAAAAAACFJBAAAA | Likely numbers will not explain married orders. Days must match intensely next to a tenants. Offenders will want internal direction                                                                      | Books                                              | cooking                                            |             8.7 |  9542.380000000001 |     2.9734822499807505
 AAAAAAAACKKAAAAA | Political strat                                                                                                                                                                                          | Books                                              | cooking                                            |            6.14 |  967.6400000000001 |    0.30152439583954666
 AAAAAAAACKKBAAAA | Famous days could make also; so new boys should not produce. Very english failures try for the directors. Courses order in a                                                                             | Books                                              | cooking                                            |            3.18 |             674.04 |    0.21003627771866398
 AAAAAAAADFIAAAAA | Systems should seem new friends. Long                                                                                                                                                                    | Books                                              | cooking                                            |            0.39 |              300.3 |    0.09357589193358672
 AAAAAAAADGBDAAAA | Champions could suffer often rural notes. Beautiful, evident thanks fit more existing effects; asleep schemes may drink organisations. New, annual sessions ought to                                     | Books                                              | cooking                                            |             4.4 |           14291.02 |      4.453196613855233
 AAAAAAAADKOBAAAA | As d                                                                                                                                                                                                     | Books                                              | cooking                                            |            3.16 |               6198 |     1.9313465807671344
 AAAAAAAAEADBAAAA | Extensive, unexpected customs may hear. Bad thousands follow almost much german considerations                                                                                                           | Books                                              | cooking                                            |            4.38 |             6032.9 |     1.8799000947257254
 AAAAAAAAEDCEAAAA | Long-t                                                                                                                                                                                                   | Books                                              | cooking                                            |           56.27 |           18686.77 |      5.822947619406561
 AAAAAAAAEINBAAAA | General times take then central hands. New eyes promise just                                                                                                                                             | Books                                              | cooking                                            |           91.93 |            9260.27 |      2.885574508144639
 AAAAAAAAFBMBAAAA | Legs might not emerge. Substantial, brown numbers admire critical farmers. Large artists could keep about powers. Members happen never                                                                   | Books                                              | cooking                                            |             5.3 |  4581.389999999999 |      1.427597920564818
 AAAAAAAAFCFBAAAA | Difficulties could avoid for a operators. Also teenage feet ought to mind drugs. Active thanks look presidential hotels; great                                                                           | Books                                              | cooking                                            |            1.29 |           16380.55 |     5.1043109444312815
 AAAAAAAAGBCCAAAA | Males mention now irrelevant, operational units; other police could not accommodate priorities. Parameters used to think on the buses. Again strong standards vot                                        | Books                                              | cooking                                            |            4.39 |            9721.98 |      3.029447052482489
 AAAAAAAAGCCEAAAA | High homes like perhaps into a years. Ministers used to find very constant co                                                                                                                            | Books                                              | cooking                                            |            1.78 |               8643 |      2.693228218388245
 AAAAAAAAGCOBAAAA | Certain channels used to remain only able, conventional responsibilities. Phenomena bring damp months. Scientists would raise as men. Concepts should meet certainly.                                    | Books                                              | cooking                                            |            0.55 |           30042.95 |      9.361624517369794
 AAAAAAAAHADDAAAA | Months come so inner, wide effects; somewhere popular dates ought to run. There fine section                                                                                                             | Books                                              | cooking                                            |            1.79 | 3329.4000000000005 |     1.0374677808980475
 AAAAAAAAHGFEAAAA | As civil childre                                                                                                                                                                                         | Books                                              | cooking                                            |           51.65 |            9724.54 |     3.0302447690437613
 AAAAAAAAHIGBAAAA | Controls would not become here objectives. Wholly chief services should not know so public, remarkable interviews; instructions eat humans. Other cars used to demonstrate then like a practices; firm   | Books                                              | cooking                                            |            9.99 |            2999.72 |     0.9347368449917374
 AAAAAAAAHKPCAAAA | Similar designers should keep professional, ethical windows. Available, important authorities must no                                                                                                    | Books                                              | cooking                                            |            7.34 |            8897.32 |     2.7724763730221103
 AAAAAAAAHLOCAAAA | Just limited ears might not retire crazy, integrat                                                                                                                                                       | Books                                              | cooking                                            |            2.47 |              12099 |     3.7701455761054468
 AAAAAAAAIBLDAAAA | Others stand; effective panels silence. Environmental fruits may lose quickly. Lessons preserve in order new, various numbers. Political terms would defend. Numerous alternatives take mov              | Books                                              | cooking                                            |           56.39 |             2832.6 |     0.8826609107261996
 AAAAAAAAIFBAAAAA | Crucial models show together. Already responsible threats show well dark forms. Decisions must make gently open, new tasks. Times ought to rev                                                           | Books                                              | cooking                                            |            9.82 |            10754.9 |     3.3513132206344713
 AAAAAAAAIJMAAAAA | French defendants put already inc problems. Now existing women could not arrange regulato                                                                                                                | Books                                              | cooking                                            |            3.23 |            5489.83 |     1.7106751209249496
 AAAAAAAAJFODAAAA | Books warn again. Ugly, valid needs b                                                                                                                                                                    | Books                                              | cooking                                            |           72.58 |            9554.65 |      2.977305680530284
 AAAAAAAAJGMBAAAA | Now special                                                                                                                                                                                              | Books                                              | cooking                                            |            5.58 |             926.78 |     0.2887920916623693
 AAAAAAAAJLGCAAAA | Reports learn sacred, interesting times. Free families would destroy here because of a ideas. National                                                                                                   | Books                                              | cooking                                            |            4.45 |            1207.47 |     0.3762573500933998
 AAAAAAAAKNLBAAAA | Effective voters justify governments. Goods gain so just american animals. Exhibitions must not mean ever. Important, heavy games used to want too in the students. All                                  | Books                                              | cooking                                            |            3.93 |             7907.3 |     2.4639781894320687
 AAAAAAAALHLCAAAA | Old books would build too even difficult areas; comparisons might know maximum students. Properties go soft cheeks;                                                                                      | Books                                              | cooking                                            |            0.26 |            3855.48 |     1.2013985342394435
 AAAAAAAALLNCAAAA | Approximately american books must not own future years. Kind, live groups shall adminis                                                                                                                  | Books                                              | cooking                                            |            9.97 |            1087.75 |    0.33895163653266386
 AAAAAAAAMAEEAAAA | Able, new piece                                                                                                                                                                                          | Books                                              | cooking                                            |            2.14 |            1319.37 |    0.41112628884587515
 AAAAAAAAMLPDAAAA | Accounts cannot add once more. Temporary police must emulate. Users shall not open earlier to a tasks; hills rest even influential relationships. Molecular girls prod                                   | Books                                              | cooking                                            |            4.81 |            2497.09 |     0.7781132999948054
 AAAAAAAAMMFAAAAA | High, external pupils could imagine finally future decisions. Unable, reasonable variables might minimize enough                                                                                         | Books                                              | cooking                                            |              34 |            1877.92 |     0.5851749549780925
 AAAAAAAAMOODAAAA | Friendly forms kill then organisers. Entirel                                                                                                                                                             | Books                                              | cooking                                            |            1.49 |            2348.46 |     0.7317989982362673
 AAAAAAAAMPBAAAAA | Possible beliefs may not state side                                                                                                                                                                      | Books                                              | cooking                                            |            1.58 |             8179.6 |      2.548829056476743
 AAAAAAAAOCKDAAAA | Broad effects reveal. Guards ought to share outer, attractive trees; mental churches must let with a dogs. Outer, essential authorities shall                                                            | Books                                              | cooking                                            |            3.46 | 16228.449999999997 |      5.056915362802581
 AAAAAAAAOLFEAAAA | Documents will seek vaguely now basic loans. For example re                                                                                                                                              | Books                                              | cooking                                            |             8.1 |              951.3 |    0.29643272060080267
 AAAAAAAAONBAAAAA | Up to parliamentary s                                                                                                                                                                                    | Books                                              | cooking                                            |            8.29 |  9531.949999999999 |     2.9702321782096295
 AAAAAAAAONFDAAAA | Statistical, ordinary months lead little, co                                                                                                                                                             | Books                                              | cooking                                            |            3.33 |            8540.45 |     2.6612728147326035
 AAAAAAAAOOKCAAAA | Authorities should touch now very local strings. Very major p                                                                                                                                            | Books                                              | cooking                                            |             2.3 |            9830.13 |      3.063147461115913
 AAAAAAAAOPKCAAAA | Only                                                                                                                                                                                                     | Books                                              | cooking                                            |             2.3 |            6229.68 |     1.9412183232128755
 AAAAAAAAPPCCAAAA | Words shall not smell sensibly. Directly tiny requirements think major, important demands. Chief, general circumstances will see. Pounds want in the thanks. Ide                                         | Books                                              | cooking                                            |             2.6 | 1734.8999999999999 |     0.5406087742776543
 AAAAAAAAAAJBAAAA | Nasty, individual bodies should support also marked, new prac                                                                                                                                            | Books                                              | entertainments                                     |           24.74 |            6675.57 |     1.4584946871520736
 AAAAAAAAACLDAAAA | Present, basic territories must not stop back, wrong services. Old professionals cannot get ever in a schemes. So other seeds must not control still securities. Ready years make there no               | Books                                              | entertainments                                     |            4.59 |             8189.1 |     1.7891743839937333
 AAAAAAAAAELBAAAA | Difficulties ought to leave feelings. Long, interested countr                                                                                                                                            | Books                                              | entertainments                                     |            8.41 |           15331.78 |       3.34972439425913
 AAAAAAAAAFMAAAAA | Victorian, active women honour relatively foreign parts; old areas would indicate in particular. Strategies imagine well digital feelings. Clear days might see eager                                    | Books                                              | entertainments                                     |            1.16 |            3956.36 |     0.8643951064045434
 AAAAAAAAAHJBAAAA | Chinese, representative opportunities develop pieces. Certainly bad characteristics take orders. Internal clothes must start frames; animals investig                                                    | Books                                              | entertainments                                     |            1.42 |  4759.929999999999 |     1.0399610244841668
 AAAAAAAAAKDDAAAA | Markets will make from a assumptions. Active, short laws must compete often; specific, happy ci                                                                                                          | Books                                              | entertainments                                     |            6.05 |            8683.65 |     1.8972248647064003
 AAAAAAAAAMAEAAAA | Social years mig                                                                                                                                                                                         | Books                                              | entertainments                                     |            2.13 |            4315.68 |     0.9429002094874986
 AAAAAAAAAOGAAAAA | Categories collect there in a effects.                                                                                                                                                                   | Books                                              | entertainments                                     |            1.93 |              452.8 |    0.09892883968596823
 AAAAAAAABGNCAAAA | Large eyes must not prefer already legal, progressive countries. Hours await different problems. Simple, pregnant minutes enable much now scottish fingers. Newly hot meals feel                         | Books                                              | entertainments                                     |            4.27 |            8312.66 |     1.8161700717843654
 AAAAAAAABIDBAAAA | Clear populations would get quite elderly, coming gaps. Local, only sides must understand just very main investors. Too new years want then. Of                                                          | Books                                              | entertainments                                     |            9.33 | 13497.939999999999 |     2.9490625935309582
 AAAAAAAABJJDAAAA | New, presidential scientists might capture at least in a centres. Soft, early issues shall no                                                                                                            | Books                                              | entertainments                                     |            0.22 |  6978.909999999999 |     1.5247691443745592
 AAAAAAAABOGBAAAA | Plans must end planned effects. Incredible, isolated sentences will get intimately certainly new governments; initial                                                                                    | Books                                              | entertainments                                     |            6.44 |               78.2 |    0.01708532522845123
 AAAAAAAACCNCAAAA | So social feet open records. Men would act later statutory women. Often inc targets shall come rather                                                                                                    | Books                                              | entertainments                                     |            6.28 |              662.4 |    0.14472275487629274
 AAAAAAAACKJCAAAA | Good, other allegations mention single alternativ                                                                                                                                                        | Books                                              | entertainments                                     |            0.77 |            1213.37 |     0.2651000137141415
 AAAAAAAACPMAAAAA | Sessions sh                                                                                                                                                                                              | Books                                              | entertainments                                     |            2.67 |            8725.02 |     1.9062634824135745
 AAAAAAAADFFDAAAA | Traditional services decide just leading states; free police must invi                                                                                                                                   | Books                                              | entertainments                                     |             3.3 |           11272.85 |     2.4629195460555806
 AAAAAAAADILDAAAA | Young, conventional levels might bring in a companies. Others g                                                                                                                                          | Books                                              | entertainments                                     |             5.3 |  774.1500000000001 |    0.16913816528907313
 AAAAAAAADNGDAAAA | Tenants avoid; prisoners would not come relatively cheerful circumstances. Single, other miles know dry directors. Feet could                                                                            | Books                                              | entertainments                                     |             7.4 |           10094.04 |      2.205370284769768
 AAAAAAAADOLDAAAA | Real                                                                                                                                                                                                     | Books                                              | entertainments                                     |            9.88 |            1577.59 |     0.3446756806541224
 AAAAAAAAEAHAAAAA | More suitable plants migh                                                                                                                                                                                | Books                                              | entertainments                                     |             5.6 |            2215.26 |     0.4839953652887324
 AAAAAAAAEDEDAAAA | Years stick as teachers. European settings find anyway old districts; teachers will become english doctors. Investmen                                                                                    | Books                                              | entertainments                                     |            8.51 |  7744.129999999999 |      1.691956261654808
 AAAAAAAAEDKDAAAA | Away liberal products take among a workers. Wistfully extra entries threaten short-term, bloody places. Obviously english plant                                                                          | Books                                              | entertainments                                     |            2.69 | 1590.6799999999998 |     0.3475356155293196
 AAAAAAAAEGCEAAAA | Stones increase twice cities; though late points used to push particularly new new scots. Different, liable years feed diplomatic contents. Confidential transactions establi                            | Books                                              | entertainments                                     |            3.37 |             327.18 |    0.07148307811054569
 AAAAAAAAEHAAAAAA | Inappropriate parts know far both common rules. Only easy bands mig                                                                                                                                      | Books                                              | entertainments                                     |            3.65 |             1080.8 |    0.23613579932110085
 AAAAAAAAEINDAAAA | Apparent, unacceptable readers might hear however densely social cells. Public, corporate fires can die with a interests. Warm budgets hear general friends. Open departmen                              | Books                                              | entertainments                                     |            7.59 | 14124.189999999999 |     3.0858872089314384
 AAAAAAAAELACAAAA | So free steps must not respond straight direct secondary areas; only offic                                                                                                                               | Books                                              | entertainments                                     |           50.99 |            2703.14 |     0.5905885682613254
 AAAAAAAAEMDEAAAA | Briefly young steps shall become less from a companies. Then real numbers become significantly adva                                                                                                      | Books                                              | entertainments                                     |            1.67 |              10313 |      2.253209195409431
 AAAAAAAAGJLCAAAA | Parents know concessions. Educational, only trees can seal. Numbers might make arms. Police gain sometimes more new c                                                                                    | Books                                              | entertainments                                     |           86.29 |           19569.45 |       4.27558079017794
 AAAAAAAAGNDAAAAA | Special, bad arts may not pay then firmly economic losses. Military, african gates ought to worry consciously positive others. Virtually appropriate centuries must call however there othe              | Books                                              | entertainments                                     |             8.8 |            5373.58 |     1.1740327613951527
 AAAAAAAAGNPDAAAA | Scottish friends take again by a initiatives. Sides might get in order slow, fine relations. However total men stare there likely seats. Hard regional limits loosen ever relationships; full            | Books                                              | entertainments                                     |            1.44 |            6148.72 |      1.343387224279829
 AAAAAAAAHBACAAAA | Properties may know with a services. Aut                                                                                                                                                                 | Books                                              | entertainments                                     |            4.39 |            4806.61 |     1.0501597838404853
 AAAAAAAAHIAEAAAA | Items expand very areas. Crops can discriminate pleasantly satisfactory drivers. Developments give hardly hours. Clearly other boys support only w                                                       | Books                                              | entertainments                                     |            6.17 |  800.9300000000001 |    0.17498912449134835
 AAAAAAAAHKFDAAAA | Specialists could participat                                                                                                                                                                             | Books                                              | entertainments                                     |            8.88 |             5222.6 |     1.1410462856535728
 AAAAAAAAHMMDAAAA | Yet original fans can extend completely. Foundations prevent early terms. High new words tell needs. Growing, equal fields ope                                                                           | Books                                              | entertainments                                     |            5.18 |             1012.8 |     0.2212789947746215
 AAAAAAAAHPCEAAAA | Responses present as to a weeks. Clear features know at first. Uncomfortable, british teeth make natural, odd authorities. Bonds opp                                                                     | Books                                              | entertainments                                     |            7.05 |            5534.83 |     1.2092630515880909
 AAAAAAAAHPKCAAAA | Advisory women should not contribute badly urban, nation                                                                                                                                                 | Books                                              | entertainments                                     |             0.2 | 10636.080000000002 |     2.3237964955987924
 AAAAAAAAIGFAAAAA | As strategic liabilities will conceive here more clear friends. Together normal windows will know sometimes. Long                                                                                        | Books                                              | entertainments                                     |            2.32 |           22186.29 |      4.847314325610424
 AAAAAAAAIJCAAAAA | Ashore great changes ought to ge                                                                                                                                                                         | Books                                              | entertainments                                     |            0.28 |            1763.32 |    0.38525442048379305
 AAAAAAAAIKNDAAAA | African instructions may not ask outstanding,                                                                                                                                                            | Books                                              | entertainments                                     |            7.84 |  5386.959999999999 |     1.1769560561720922
 AAAAAAAAIMDDAAAA | Substantial officials shall not come as records. Other, confident answers come places. Detailed writings might offer significan                                                                          | Books                                              | entertainments                                     |            4.34 |            2506.05 |     0.5475278681427136
 AAAAAAAAINNBAAAA | References ought to come to the houses. English, real companies u                                                                                                                                        | Books                                              | entertainments                                     |            2.29 |            6875.42 |     1.5021583987493368
 AAAAAAAAJDEDAAAA | Cu                                                                                                                                                                                                       | Books                                              | entertainments                                     |            9.48 |            5217.68 |      1.139971352148151
 AAAAAAAAJEMDAAAA | More working-class partners ought to make all priva                                                                                                                                                      | Books                                              | entertainments                                     |            6.32 |             906.12 |    0.19797129023023308
 AAAAAAAAJFJCAAAA | Digital, other skills may hear for instance. Sons could not handle here other, top orders. Techniques shall pour more much young ways. Other rep                                                         | Books                                              | entertainments                                     |            7.62 |            2339.25 |     0.5110850005198789
 AAAAAAAAJIFDAAAA | Championships keep early in the ways; dogs foresee in                                                                                                                                                    | Books                                              | entertainments                                     |           77.86 |            2778.69 |     0.6070949150773036
 AAAAAAAAKBHBAAAA | Women get perhaps gastric, northern decisions; even main uses must not enable contemporary, rem                                                                                                          | Books                                              | entertainments                                     |            1.15 |           16392.77 |     3.5815320568439697
 AAAAAAAAKCMCAAAA | Schools collect wide famous notes. Coastal environments practice later religious characters; even significant rebels might not keep as social, visual councillors. Main stud                             | Books                                              | entertainments                                     |            9.77 |            3140.72 |     0.6861921055179199
 AAAAAAAAKIABAAAA | Only living nurses work already mature, original suggestions. Clear cars would involve electric moments. Ideas used to say new, growing                                                                  | Books                                              | entertainments                                     |             2.8 | 2220.7200000000003 |    0.48518827930084674
 AAAAAAAALABBAAAA | Only, possible products end most molecular cultures. Really pure services could not                                                                                                                      | Books                                              | entertainments                                     |            0.14 |            6640.48 |     1.4508281390412507
 AAAAAAAALHHAAAAA | Activities accept only unusual, established parties. Immensely real individuals want so cells; other lives note ill, full ro                                                                             | Books                                              | entertainments                                     |             4.6 |           18161.97 |     3.9680711539561937
 AAAAAAAAMCJAAAAA | Thanks may take later more dependent eyes. Most important designs may help then neighbours.                                                                                                              | Books                                              | entertainments                                     |            2.25 |           10779.64 |     2.3551618317854475
 AAAAAAAAMDNBAAAA | Pupils shall become more hours. Liberal, european minutes might become                                                                                                                                   | Books                                              | entertainments                                     |           62.54 | 15992.010000000002 |     3.4939730422844546
 AAAAAAAAMEJAAAAA | Atlantic subjects help visually equations; industrial guests shall quote here complicated, political documents. Als                                                                                      | Books                                              | entertainments                                     |            1.06 |            6594.34 |      1.440747360191625
 AAAAAAAAMIKBAAAA | Legal detectives attempt ont                                                                                                                                                                             | Books                                              | entertainments                                     |            3.49 | 2099.3500000000004 |    0.45867106800957913
 AAAAAAAAMMBDAAAA | Directors invest therefore. Strong notions wait quickly for a                                                                                                                                            | Books                                              | entertainments                                     |            8.93 |  837.0300000000001 |     0.1828763398461705
 AAAAAAAAMMEDAAAA | Simple, regional decisions must find changes. Certain, proposed friends must prevent likely, dangerous shares. Old meanings breathe at a hours. Related offers carry old ships. Fu                       | Books                                              | entertainments                                     |            4.97 |            1780.11 |    0.38892274031225466
 AAAAAAAANCEDAAAA | Also traditional others can cheer children. Now different trends pay so. Sorry, large patients call really citizens. Too heavy figures may take residents. Also                                          | Books                                              | entertainments                                     |               4 | 10329.390000000001 |     2.2567901222699724
 AAAAAAAANCJBAAAA | Best stupid systems offer just other games. Different projects must think at the lines; dist                                                                                                             | Books                                              | entertainments                                     |            1.21 | 3476.4199999999996 |     0.7595366538451714
 AAAAAAAANNHBAAAA | So due teams continue remaining things. Trees may contribute very private methods; cities find only only industrial measures; flexible organisations wi                                                  | Books                                              | entertainments                                     |            8.79 |            7243.37 |      1.582549005115176
 AAAAAAAAOMPCAAAA | Equal, conservative representations seem from a trees. Areas would obtain easily cheeks. Now strai                                                                                                       | Books                                              | entertainments                                     |             0.6 |           17286.05 |     3.7766980328039557
 AAAAAAAAONAEAAAA | Actively active dogs can emerge lately. Good problems may think initially most right areas; scientific books must ask sometimes workers; somewhere novel members risk. So distinct names ought to get el | Books                                              | entertainments                                     |            2.15 |            3899.36 |      0.851941608475877
 AAAAAAAAPDMBAAAA | Only                                                                                                                                                                                                     | Books                                              | entertainments                                     |            9.23 |           10638.98 |     2.3244300946162153
 AAAAAAAAPFEEAAAA | Coherent, patient prices deal yesterday with a ends. Duly compulsory stones concentrate safely other, political institutions; following, new interests m                                                 | Books                                              | entertainments                                     |            2.34 |            12417.2 |      2.712939903155046
 AAAAAAAAPHFBAAAA | Orders wait rather prime, marvellous hopes; black friends should suggest officials. Fin                                                                                                                  | Books                                              | entertainments                                     |            8.58 |  5963.950000000001 |     1.3030182275731677
 AAAAAAAAPHHCAAAA | Also ready eyes might not find particularly necessary considerable developments. Regular, numerous guidelines should not discover. Odd concepts may not send as encouraging                              | Books                                              | entertainments                                     |            2.21 |           13968.07 |      3.051777733552081
 AAAAAAAAPKIBAAAA | Resp                                                                                                                                                                                                     | Books                                              | entertainments                                     |            3.03 |           15953.34 |      3.485524327110743
 AAAAAAAAPNECAAAA | Single months constitute thirdly. Financial, major wars could study sudden millions. Home annual materials come single, modest members. Female, specific shows perpetuate members. Long,                 | Books                                              | entertainments                                     |             2.2 |             7171.7 |     1.5668903700880263
 AAAAAAAABCBAAAAA | Big, strange universities will not put even anxiously medical jobs. Usual, numerou                                                                                                                       | Books                                              | fiction                                            |            9.13 |               13.2 |   0.003355042065237828
 AAAAAAAABDADAAAA | Goo                                                                                                                                                                                                      | Books                                              | fiction                                            |            0.54 |              357.5 |    0.09086572260019117
 AAAAAAAABFNAAAAA | Pink, formal approaches would break against the facts. Strong positions fly as main, white days.                                                                                                         | Books                                              | fiction                                            |            9.62 |            2177.18 |     0.5533735214844313
 AAAAAAAABIHAAAAA | Beautiful, different points improve with the savings. Very double researche                                                                                                                              | Books                                              | fiction                                            |           96.08 | 10010.859999999999 |        2.5444588188793
 AAAAAAAABKHBAAAA | True, british transactions show stations. Times must not produce pupils; still future techniques should not record illegal years; likely, high techniques must go as cells. D                            | Books                                              | fiction                                            |            3.48 |               8427 |     2.1418893548302407
 AAAAAAAABNDCAAAA | Duly ancient solutions read now for a requireme                                                                                                                                                          | Books                                              | fiction                                            |            5.77 | 1206.1100000000001 |     0.3065568019169695
 AAAAAAAACBDCAAAA | Facilities should not apply outcomes. Physical numbers ought to highlight too observations; new, scottish accounts must not like together; then favorable                                                | Books                                              | fiction                                            |            9.13 |            1155.86 |    0.29378476678225723
 AAAAAAAACDHBAAAA | Presidential, subject words might cut usually junior terms; doubtful, blank times should not receive either working, high police. Yea                                                                    | Books                                              | fiction                                            |            0.75 |  609.5699999999999 |    0.15493431755356232
 AAAAAAAACFDAAAAA | Again other values support at least; later english cattle go total exceptions. Clients stabilize again democratic eyes. Really fundamental subjects sit young standards. Existing days rank new, b       | Books                                              | fiction                                            |           95.97 | 3564.8100000000004 |     0.9060672351954897
 AAAAAAAACFEDAAAA | Scientific, successful arrangements see more star companies. Depths may not get in a animals. Prime beings mean of course techniques. Free me                                                            | Books                                              | fiction                                            |            7.47 |            5901.64 |     1.5000189737795588
 AAAAAAAACLJBAAAA | Secondary items should opt long, nuclear systems. Fit, economic environments live even. Surely poor sides could not restore                                                                              | Books                                              | fiction                                            |            0.16 |            1483.99 |     0.3771855207872943
 AAAAAAAACNACAAAA | Cultural, real homes cannot involve to a police; weekly, good feet will impose. Real things save. There assistant consumers help always likely, national books. Farmers must stre                        | Books                                              | fiction                                            |            3.37 |            6330.96 |     1.6091391752528847
 AAAAAAAADILAAAAA | Financial, successful eyes will provide late extreme, high movies. Public designs should help now practical words. In order private horses can see                                                       | Books                                              | fiction                                            |            1.31 | 1617.3000000000002 |    0.41106890394766216
 AAAAAAAADJLCAAAA | Institutions ought to warn literally reason                                                                                                                                                              | Books                                              | fiction                                            |            4.23 |              749.2 |    0.19042405418758945
 AAAAAAAADLNBAAAA | Simple children get other birds. Black qualities would                                                                                                                                                   | Books                                              | fiction                                            |            3.81 |             7657.9 |     1.9464073205594519
 AAAAAAAADMABAAAA | Christians sha                                                                                                                                                                                           | Books                                              | fiction                                            |           36.93 |             5243.7 |     1.3327904604157272
 AAAAAAAAEBACAAAA | At least young subjects might keep delicious features. Now financial ways make perhaps extra re                                                                                                          | Books                                              | fiction                                            |            0.09 |            6170.16 |     1.5682686628218059
 AAAAAAAAECEEAAAA | At all elegant restaurants can                                                                                                                                                                           | Books                                              | fiction                                            |            9.91 |            10255.4 |     2.6066135148363654
 AAAAAAAAEDHCAAAA | Both prime letters show industrial, high events. Notes cannot go exclusively in need                                                                                                                     | Books                                              | fiction                                            |            0.44 |            17270.6 |      4.389665870598214
 AAAAAAAAEEDCAAAA | Practical, scottish consequences could not write ibid. waters. Winners                                                                                                                                   | Books                                              | fiction                                            |           58.19 |            1810.08 |       0.46006776829134
 AAAAAAAAEELAAAAA | Good good areas can run governments. There slow eyes remember more very rare wages. Royal, vid                                                                                                           | Books                                              | fiction                                            |            4.97 | 17292.239999999998 |      4.395166106226377
 AAAAAAAAEHNBAAAA | Sure historic holes shall lead with a comparisons; enough black homes could not produce less than down a articles. Specific, double industries end into the years. Environmental, isolated men must m    | Books                                              | fiction                                            |            4.01 |             1173.5 |    0.29826832299671147
 AAAAAAAAEKKBAAAA | Live preparations would take i                                                                                                                                                                           | Books                                              | fiction                                            |            8.64 |             241.18 |    0.06130068524954995
 AAAAAAAAEPDEAAAA | Southern parts would not live laws. There visual proceedings come right subject, base transactions. Autonomous, bright wages learn for example.                                                          | Books                                              | fiction                                            |            3.89 |            4368.49 |      1.110338462997788
 AAAAAAAAEPNDAAAA | Good, english beings live successfully; voters could blame major, early lips.                                                                                                                            | Books                                              | fiction                                            |            5.45 |           18060.48 |      4.590429554423219
 AAAAAAAAFAACAAAA | Quite concerned years will not move gastric grou                                                                                                                                                         | Books                                              | fiction                                            |            3.32 |            4626.35 |      1.175878701402502
 AAAAAAAAFEJBAAAA | Human, cap                                                                                                                                                                                               | Books                                              | fiction                                            |            7.78 |            2138.67 |     0.5435854404289535
 AAAAAAAAFOCEAAAA | Important architec                                                                                                                                                                                       | Books                                              | fiction                                            |           17.61 |            2209.79 |     0.5616620004046894
 AAAAAAAAGABDAAAA | Scientific, coming years fall. Little lives move in a measures. D                                                                                                                                        | Books                                              | fiction                                            |            7.47 |               48.5 |   0.012327237891214747
 AAAAAAAAGPAEAAAA | Obvious, mathematical routes should go nevertheless in a words. Certainly visual stations form slowly social talks. As soviet centres assign labour, conservative stars. Stupid, possible yea            | Books                                              | fiction                                            |            0.33 | 141.79999999999998 |   0.036041285215963934
 AAAAAAAAICBAAAAA | Presumably enormous groups ch                                                                                                                                                                            | Books                                              | fiction                                            |            4.75 |            1669.72 |     0.4243924876643111
 AAAAAAAAIDOBAAAA | English, national years can benefit ever american ministers. Successful, c                                                                                                                               | Books                                              | fiction                                            |            2.34 |           12519.48 |     3.1820743965836122
 AAAAAAAAIFJAAAAA | Resources ought to succeed championships. Days may not look on a efforts. Polls prevent                                                                                                                  | Books                                              | fiction                                            |            0.72 | 3271.2000000000003 |     0.8314404245307563
 AAAAAAAAIIEDAAAA | Schemes throw frequently through a objections. Excellent, western rates prevent high, british allowances. Boys                                                                                           | Books                                              | fiction                                            |           99.46 | 18148.989999999998 |      4.612926128150051
 AAAAAAAAIJHCAAAA | Simple, absent quantities should go centres. Circumstances should not assist among a hundreds. Video-taped days should not f                                                                             | Books                                              | fiction                                            |             6.5 |           13391.42 |      3.403695258580845
 AAAAAAAAIKLDAAAA | Organisational students erect. How                                                                                                                                                                       | Books                                              | fiction                                            |            4.54 | 10221.210000000001 |      2.597923447547693
 AAAAAAAAJCOAAAAA | Agencies will preserve more. Impossible, supposed countries refer by a members. A                                                                                                                        | Books                                              | fiction                                            |            3.02 |            1761.84 |     0.4478066145620163
 AAAAAAAAJDABAAAA | Constitutional personnel find fortunately firm populations. Constant, ethnic                                                                                                                             | Books                                              | fiction                                            |            3.65 |            5106.32 |      1.297872605951911
 AAAAAAAAJDFCAAAA | Forcibly popular tracks cause sometimes great, soft heads. Special, local values confirm unknown, primary reacti                                                                                         | Books                                              | fiction                                            |             5.2 |           10066.85 |     2.5586897889726843
 AAAAAAAAJEBCAAAA | Sharp major movies justify rebels. Criminal, following pa                                                                                                                                                | Books                                              | fiction                                            |            7.99 | 3009.6600000000003 |     0.7649648410654306
 AAAAAAAAKDAEAAAA | Plants attempt odds. Slowly im                                                                                                                                                                           | Books                                              | fiction                                            |            7.92 |           11546.24 |     2.9347061284342137
 AAAAAAAAKGBDAAAA | Far from incredible systems reali                                                                                                                                                                        | Books                                              | fiction                                            |            3.93 |            2467.92 |     0.6272708646698288
 AAAAAAAAKJEAAAAA | Inte                                                                                                                                                                                                     | Books                                              | fiction                                            |             9.8 |            11307.8 |      2.874101868583054
 AAAAAAAAKKKBAAAA | Low votes take to a goals. Financial agreements can f                                                                                                                                                    | Books                                              | fiction                                            |            6.39 |           10001.16 |      2.541993371301057
 AAAAAAAAKMBAAAAA | All good matters ought to understand ever easy babies. Authorities go to a careers; australian examples breathe just with a pounds. Highly different v                                                   | Books                                              | fiction                                            |            3.61 |  6763.159999999999 |     1.7189913859040806
 AAAAAAAAKOGBAAAA | Projects seal less vast, social products. Difficult, cultural supplies must not increase for a eyes. Educational,                                                                                        | Books                                              | fiction                                            |            7.13 | 2362.2200000000003 |     0.6004051111625835
 AAAAAAAAKOHDAAAA | Small, british politicians wash results. C                                                                                                                                                               | Books                                              | fiction                                            |            1.07 |  7294.199999999999 |     1.8539657448680122
 AAAAAAAALBEDAAAA | Related, efficient funds ought to involve relatively quickly appropriate employers. Colourful grounds can return. Very southern matters require in a legs. Tight author                                  | Books                                              | fiction                                            |            0.91 |               92.7 |   0.023561545412692928
 AAAAAAAALCKCAAAA | Services will watch social, international scots. Deaf                                                                                                                                                    | Books                                              | fiction                                            |             0.9 |                    |                       
 AAAAAAAALHHDAAAA | Far theories could not forget so emotional resources; well evident trials need sorry seconds. Global customers may find. Ever                                                                            | Books                                              | fiction                                            |            2.89 |            5269.65 |     1.3393861681121606
 AAAAAAAALMEBAAAA | Primary, fast parents look e                                                                                                                                                                             | Books                                              | fiction                                            |            8.95 | 15873.660000000002 |     4.0346058355517505
 AAAAAAAALPFDAAAA | Pregnant, important items should say also strongly temporary columns. Very global hours run controls. Economic days reduce moreover free needs; alone club                                               | Books                                              | fiction                                            |             1.4 |            9465.75 |      2.405908290077649
 AAAAAAAAMAGEAAAA | Times shall not continue black individuals; signs might not hesitate now open computers. Huge cards must not like                                                                                        | Books                                              | fiction                                            |            3.13 |             4217.2 |     1.0718851058728007
 AAAAAAAAMBBAAAAA | Women think                                                                                                                                                                                              | Books                                              | fiction                                            |            0.41 | 26014.850000000002 |      6.612190611428206
 AAAAAAAAMDMCAAAA | Most right workers should not make in a banks. More available qualities                                                                                                                                  | Books                                              | fiction                                            |           15.58 |             2290.5 |     0.5821760492747913
 AAAAAAAAMJEEAAAA | Villages cannot go similarly. Amounts should not assist quite in a instructions. Cultural guidelines pull. Imaginative, peculiar games should go national, difficult tactics                             | Books                                              | fiction                                            |            7.92 |            8196.28 |     2.0832472862475386
 AAAAAAAANOAEAAAA | Practical damages could print rather by a buildings. Tonnes give as all early day                                                                                                                        | Books                                              | fiction                                            |           71.57 | 1713.4699999999998 |      0.435512418751747
 AAAAAAAAOCOBAAAA | Waters cook more than correct, golden days. Miners protect. Exactly unlikely ages will not react long commitments. Chemic                                                                                | Books                                              | fiction                                            |             3.5 |            5965.48 |     1.5162451772223453
 AAAAAAAAOGOBAAAA | Of course large ideas will see about new, necessary children. Normal, expl                                                                                                                               | Books                                              | fiction                                            |            4.16 |            3088.78 |     0.7850747598685832
 AAAAAAAAOHKDAAAA | Imports ought to become girls. Critical, interesting combinations used to participate at a friends. Forward scales tran                                                                                  | Books                                              | fiction                                            |            5.11 |            9858.75 |      2.505797042474503
 AAAAAAAAOONCAAAA | Main, different seats could not bring off the ministers. Now secondary winds may set for example. Relevant, likely parents confirm jo                                                                    | Books                                              | fiction                                            |            73.2 |             7708.7 |     1.9593191491135489
 AAAAAAAAPGFCAAAA | Senior individuals wou                                                                                                                                                                                   | Books                                              | fiction                                            |            8.98 |            4246.08 |     1.0792255312397756
 AAAAAAAAPJAEAAAA | More bare questions ought to dance like recent, communist police                                                                                                                                         | Books                                              | fiction                                            |            1.88 |            3704.86 |      0.941663723167956
 AAAAAAAAPKKCAAAA | Clearly following trades want. Dangerous materials can bear; natural, fit cases shall say from a types; arms show. Tests may lead further; only only hours                                               | Books                                              | fiction                                            |           24.76 |            2193.42 |     0.5575012399040876
 AAAAAAAAPNOBAAAA | Privately scottish children work now environmental hours. Materials look schools. Trades must leave never minor regions; popular stories may give still however external forests. B                      | Books                                              | fiction                                            |             3.4 |           10314.15 |      2.621545993725208
 AAAAAAAAACPCAAAA | Reasonably cautious b                                                                                                                                                                                    | Books                                              | history                                            |             5.8 |           11911.98 |       4.20203600839068
 AAAAAAAAALKCAAAA | Experts study local flowers. Foreign minutes fly environmentally. European days could help olympic clients; popular, constant sports cannot hope equally figu                                            | Books                                              | history                                            |            2.19 |             543.84 |     0.1918434435587692
 AAAAAAAAALODAAAA | Able colours get always roman, successi                                                                                                                                                                  | Books                                              | history                                            |            0.09 |            1585.32 |     0.5592329507623345
 AAAAAAAAANFBAAAA | Normal, dead shops would not identify at once new blacks. Particularly relevant positions must return just main forms; a bit industrial leaders remember                                                 | Books                                              | history                                            |            8.24 |             749.45 |    0.26437383931876945
 AAAAAAAABADAAAAA | Forward complex lines might not express hard senior others. Rather social newspapers get reasonably. Levels pay direct continually military posts.                                                       | Books                                              | history                                            |            5.31 |            5350.08 |     1.8872789248950057
 AAAAAAAABCKAAAAA | Boys can put hands. Finally able prices would                                                                                                                                                            | Books                                              | history                                            |            1.19 |               16.2 |   0.005714665684120442
 AAAAAAAABGJDAAAA | Facilities should make separate chemicals. Opening, elected relations can                                                                                                                                | Books                                              | history                                            |            3.39 |             952.94 |     0.3361563899398601
 AAAAAAAABJPAAAAA | Provinces produce proble                                                                                                                                                                                 | Books                                              | history                                            |            6.35 |            2274.99 |     0.8025189681924174
 AAAAAAAABOMBAAAA | Sorry units should send most marine pupils; general, criminal controls ought to handle all for instan                                                                                                    | Books                                              | history                                            |            0.19 |           11143.77 |      3.931044445106843
 AAAAAAAACDOBAAAA | Careful, great manufacturers go comfortably until a days. Regular, external arms talk. Legs impose professional, normal colleges. Always possible others may deploy indeed by a                          | Books                                              | history                                            |            4.82 |            7218.63 |     2.5464232807013794
 AAAAAAAACDPAAAAA | Years cannot call then at a walls. Democratic agents would not use. Police sh                                                                                                                            | Books                                              | history                                            |            3.11 |           11718.32 |      4.133721060465572
 AAAAAAAACFAEAAAA | White chips point there ordinary, certain gifts. Rivals will not salvage for instance necessary, true studies. Eastern meetings swim then subsequent modes;                                              | Books                                              | history                                            |            1.63 | 398.40000000000003 |    0.14053844497244344
 AAAAAAAACJHBAAAA | Strange, other effects would not develop. Candidates approach upper users. Academic beliefs relocate again dom                                                                                           | Books                                              | history                                            |            3.85 |           10136.09 |     3.5755781292689117
 AAAAAAAACKIDAAAA | Significant, unable decisions will not own just really similar points. Young obligations may not seem in a children; distinct, able years should not live the                                            | Books                                              | history                                            |            6.94 |             259.86 |    0.09166747065898383
 AAAAAAAACOPDAAAA | Today working skills can use terms. Beautiful feet say still no longer local troops. Coloure                                                                                                             | Books                                              | history                                            |            1.46 |            3936.89 |      1.388766060812156
 AAAAAAAACPGCAAAA | Basic hours exist easy. Even beautiful techniques should last once later high children; only politic                                                                                                     | Books                                              | history                                            |            1.14 |  6704.910000000001 |     2.3652048822293827
 AAAAAAAAECKDAAAA | British rates close more out of a parts. More than free workers live completely certainly certain voters. Electronic comments should not write rather criteria; main arguments will prove ye             | Books                                              | history                                            |            1.16 |             4800.6 |     1.6934459310610244
 AAAAAAAAEDAEAAAA | Organizations use. Monetary, british critics could not take; romantic courts oppose more. Answers                                                                                                        | Books                                              | history                                            |            2.88 |            2546.95 |     0.8984548002574418
 AAAAAAAAEDDEAAAA | Illegally difficult contracts work significant, working arrangements. Files used to find elegantly. New house                                                                                            | Books                                              | history                                            |            3.38 |            8570.72 |      3.023382683469429
 AAAAAAAAEDPAAAAA | Sure yellow ages ought to hear then; only good years enable into a patterns. Real titles care. Unique, following friends form exactly employees; values would sell really throu                          | Books                                              | history                                            |            0.59 |            10368.4 |      3.657527140693481
 AAAAAAAAEKPAAAAA | Technical skills cannot prepare more. Greek hands will climb also seats; forward slow workers will not rel                                                                                               | Books                                              | history                                            |            1.57 | 28402.010000000002 |     10.019011846113928
 AAAAAAAAENCBAAAA | Unique, possible conditions may share. Prospective, free grounds might cha                                                                                                                               | Books                                              | history                                            |            8.92 |            4629.72 |     1.6331667908077834
 AAAAAAAAEPDDAAAA | Services meet large clothes. So legal feet see then in the leaders; ago likely angles advance. Missiles say total, right cou                                                                             | Books                                              | history                                            |            0.94 |            3473.92 |     1.2254500872456595
 AAAAAAAAFDGCAAAA | Free patie                                                                                                                                                                                               | Books                                              | history                                            |            5.45 |           10386.34 |     3.6638556038029324
 AAAAAAAAFMBEAAAA | Quite traditional findings name later christian corners. Clear members adopt.                                                                                                                            | Books                                              | history                                            |            2.09 | 3007.8900000000003 |     1.0610546768277185
 AAAAAAAAFMEBAAAA | Soldiers must keep. Ways may not earn. Tiny, stupid numbers worry effectively probably concerned children; also genetic speci                                                                            | Books                                              | history                                            |            2.85 |             503.71 |    0.17768729949063627
 AAAAAAAAFONCAAAA | Remarkable, capable purposes should not instruct. Roles used to buy stiffly; honest, useful others may constitute later scottish things; today impossible accidents l                                    | Books                                              | history                                            |             4.9 |            3823.69 |     1.3488339524515118
 AAAAAAAAFPLDAAAA | In order financial sessions m                                                                                                                                                                            | Books                                              | history                                            |            9.95 |             1176.7 |     0.4150893278089212
 AAAAAAAAGCIBAAAA | Available men should go normal rea                                                                                                                                                                       | Books                                              | history                                            |            3.48 |             409.23 |    0.14435880480942026
 AAAAAAAAGENCAAAA | Famou                                                                                                                                                                                                    | Books                                              | history                                            |            3.82 |             1953.4 |     0.6890757992198069
 AAAAAAAAGGMCAAAA | Very whole members rise finally very cold men; estimates cannot fill possibly able practices; good results increase more public, great relatives. Lands                                                  | Books                                              | history                                            |            3.99 |             6906.6 |     2.4363524699966814
 AAAAAAAAGGPBAAAA | Costly, extreme advances cannot restore in the words; social, other packages make parties. Rational, dangerous members cannot expel laws. Concessions cannot think most. Perfectly diffe                 | Books                                              | history                                            |             2.4 | 2661.2000000000003 |     0.9387573036161309
 AAAAAAAAGMFDAAAA | Simple, big figures take friends. Responsibilities will not sound more. Values divorce most severe objects. Careful, contrary things may understand however so average designers. S                      | Books                                              | history                                            |            6.63 |            4422.41 |     1.5600367079080915
 AAAAAAAAHAOBAAAA | Black, golden suppliers intend a little clear years. Here other others should note else at a churches. Powerful interpretatio                                                                            | Books                                              | history                                            |            4.97 |            5282.71 |     1.8635136763061666
 AAAAAAAAHELDAAAA | So bad keys get workers. Details would compare in a months. French interests exist simple reservations; large, double groups wil                                                                         | Books                                              | history                                            |            5.99 |            6724.67 |      2.372175363335445
 AAAAAAAAIDIAAAAA | Always french americans take chemicals. No clear troops give significant tables. Fans afford really young managers; soft, good fires distinguis                                                          | Books                                              | history                                            |            4.75 |            2054.66 |     0.7247959873169696
 AAAAAAAAIHOCAAAA | Social indicators move workers. Personal, native parents disregard dead, lexical cells. Things might not deteriorate however; americans should see always others. Prime                                  | Books                                              | history                                            |            3.16 |             265.98 |    0.09382634436187377
 AAAAAAAAIMFEAAAA | Physical, important prices shall remember level, front societies. New, constant opportunities survive different movements. Private, poor breasts shall not need recently human cells. American           | Books                                              | history                                            |            1.26 |  9343.289999999999 |     3.2959122678880046
 AAAAAAAAIOGDAAAA | Major, firm lawyers cannot travel including a damages. Centres should not hide for a activities; true actions could honour most great, health                                                            | Books                                              | history                                            |            3.12 |  8581.130000000001 |     3.0270548853071886
 AAAAAAAAIPJAAAAA | Real materials see very biological sites. Permanent offences depress at least                                                                                                                            | Books                                              | history                                            |            5.42 |             130.68 |    0.04609830318523823
 AAAAAAAAJFOAAAAA | Ordinary, good centuries can cost carefully slow relationships. Tools disturb again y                                                                                                                    | Books                                              | history                                            |            2.92 | 2182.6499999999996 |     0.7699453737929309
 AAAAAAAAJOKBAAAA | Horses debate probably new hours. High women will not extend only available, special relationships. New parties suppose by a sources. Then pure jeans carry satisfied, natural details. Negot            | Books                                              | history                                            |            3.35 |            2802.29 |     0.9885278086391279
 AAAAAAAAKHEBAAAA | Personal, english orders tell also. Medical departments raise important affa                                                                                                                             | Books                                              | history                                            |            7.09 |             5041.6 |     1.7784604020408408
 AAAAAAAAKIDCAAAA | Commitments shall deliver; problems declare stars. Exact, local centres avoid as elderly instances. Just bitter views shift true, interesting                                                            | Books                                              | history                                            |            0.92 |  5518.879999999999 |     1.9468243302949764
 AAAAAAAALFGAAAAA | Silly legs can get then tensions; substantial, subsequent costs boost and so on. Armed, small miles support here nervous nations. Able, urgent exa                                                       | Books                                              | history                                            |            3.05 | 3191.4900000000002 |     1.1258208879144165
 AAAAAAAALMFAAAAA | Grounds should reform only. Pupils would not sleep too social years; black, rich years                                                                                                                   | Books                                              | history                                            |              69 |            1753.83 |     0.6186760565914169
 AAAAAAAAMHAEAAAA | Able classes should not go to a groups; expected lessons shall not end again daily, national men. Back grounds mean certainly; maybe exclusive eyes migh                                                 | Books                                              | history                                            |             0.9 |            1221.15 |    0.43076938272615295
 AAAAAAAAMMNBAAAA | Local eyes                                                                                                                                                                                               | Books                                              | history                                            |            1.23 |            1159.43 |      0.408997211983936
 AAAAAAAANAPAAAAA | Rules return as interesting weeks. More detailed premises could state always still, politic                                                                                                              | Books                                              | history                                            |            7.07 |            2701.44 |     0.9529522509697732
 AAAAAAAANLAEAAAA | Uncertain books may hit public                                                                                                                                                                           | Books                                              | history                                            |            9.06 |            7386.82 |     2.6057535042453432
 AAAAAAAANNOAAAAA | Descriptions talk cen                                                                                                                                                                                    | Books                                              | history                                            |             1.2 |            3501.29 |     1.2351050501946952
 AAAAAAAAOAMDAAAA | Clear details should ensure immediate, us                                                                                                                                                                | Books                                              | history                                            |               3 | 13945.080000000002 |      4.919226551747796
 AAAAAAAAOEDBAAAA | Whole                                                                                                                                                                                                    | Books                                              | history                                            |            1.95 |  7444.570000000001 |       2.62612522913781
 AAAAAAAAOFCEAAAA | Other skills get still also big things; full details will venture inherent modules. Legal, internat                                                                                                      | Books                                              | history                                            |            2.13 |            3930.93 |     1.3866636282518252
 AAAAAAAAOKBEAAAA | New, dry others consider so broad subjects. Natural, full exceptions may provide ye                                                                                                                      | Books                                              | history                                            |            3.17 |            6712.58 |     2.3679105295008145
 AAAAAAAAOKOCAAAA | Soft, dark projects offer inherent pounds. Quietly political persons should not add tough supporters. Either unknown tourists may assemble very basic                                                    | Books                                              | history                                            |            9.25 |            1491.76 |      0.526228992650834
 AAAAAAAAPDFCAAAA | Sharp problems draw by a products. Men should copy usually then principal weeks. Political, controversial arts reach only whole trees; conventional patients could miss primarily jobs. Relevant, great  | Books                                              | history                                            |            1.83 |            2658.96 |     0.9379671276203018
 AAAAAAAAPFCAAAAA | Also large controls communicate to the residents. Institutions                                                                                                                                           | Books                                              | history                                            |            4.86 | 3484.8399999999992 |     1.2293021952253258
 AAAAAAAAPGEAAAAA | Too large newspapers appear as fully different units. Able, british styles may speak outside other preferences; be                                                                                       | Books                                              | history                                            |            8.49 |            2023.28 |     0.7137264682325436
 AAAAAAAAADKBAAAA | Attacks could conform t                                                                                                                                                                                  | Books                                              | home repair                                        |            4.26 |               1758 |     0.6692201335676593
 AAAAAAAAADOCAAAA | Never                                                                                                                                                                                                    | Books                                              | home repair                                        |            5.46 |            4720.18 |     1.7968370250645018
 AAAAAAAAAIACAAAA | Much subsequent qualificatio                                                                                                                                                                             | Books                                              | home repair                                        |            0.88 |              549.5 |    0.20917887565155222
 AAAAAAAAAKCBAAAA | Inland, available readers could not hear families. Particular plants start nearly still personal teachers. Vehicles might not feel quietl                                                                | Books                                              | home repair                                        |            7.36 |            3031.65 |       1.15406212624027
 AAAAAAAAAKECAAAA | Homes ought to reassure evident, african eyes; similar others would produce                                                                                                                              | Books                                              | home repair                                        |            1.04 |            16675.1 |      6.347731882397085
 AAAAAAAAAPEEAAAA | High cuts will reach projects                                                                                                                                                                            | Books                                              | home repair                                        |            0.98 |  6244.860000000001 |     2.3772389324865375
 AAAAAAAABBPCAAAA | Children should lead here isolated interactions. Small, asian times stay capitalist, good friends. However main acts return areas. Great, nice years make ever also dirty units                          | Books                                              | home repair                                        |            1.36 |            2753.04 |     1.0480032972224738
 AAAAAAAABHOAAAAA | British women shall think recently so rich children. Modern, current sounds ought to find to the yards. Conservatives would not like quite for a heads. Sales make most good eyes. High depart           | Books                                              | home repair                                        |             4.2 |            3567.25 |     1.3579496709153769
 AAAAAAAABJFBAAAA | Yet unable questions attend most unknown users. Years could not move also in a arts; available games should sound perfectly. Tall, physical countries ge                                                 | Books                                              | home repair                                        |            0.83 |            1431.88 |     0.5450756114066325
 AAAAAAAABKNBAAAA | Abstract tim                                                                                                                                                                                             | Books                                              | home repair                                        |            1.05 |             125.04 |    0.04759913851040962
 AAAAAAAACFOCAAAA | Confident values could not meet others; local detai                                                                                                                                                      | Books                                              | home repair                                        |             5.9 |               1754 |     0.6676974483945816
 AAAAAAAACHKDAAAA | Tests make fully environmental files; risks shall purchase by now. Other, rapid pp. take years. Problems add then very aver                                                                              | Books                                              | home repair                                        |            5.19 |               4549 |     1.7316737130826407
 AAAAAAAADCMCAAAA | Historic dimensions sell quite obvious stars. Quiet peasan                                                                                                                                               | Books                                              | home repair                                        |            3.47 |            1459.28 |     0.5555060048422149
 AAAAAAAADMGBAAAA | Boldly back places tell commercial limitations. Particular, famous ways ought to launch largely maximum children. Years establish studies. Rather difficult other                                        | Books                                              | home repair                                        |               1 |             454.37 |    0.17296561552283127
 AAAAAAAAEFLAAAAA | Quickly interesting police present over to a years. Trends migh                                                                                                                                          | Books                                              | home repair                                        |           44.79 |            3022.49 |     1.1505751771939219
 AAAAAAAAEGFCAAAA | Attitudes would not take still tiny supporters. Different things pull needs. Other allegations shall not decide                                                                                          | Books                                              | home repair                                        |            2.41 |           15348.97 |      5.842912260253695
 AAAAAAAAEPABAAAA | Main, chinese                                                                                                                                                                                            | Books                                              | home repair                                        |           88.62 |            7053.17 |      2.684939345549151
 AAAAAAAAFCECAAAA | Southern, available symptoms will decide however acti                                                                                                                                                    | Books                                              | home repair                                        |            3.28 |            7918.64 |     3.0143989297350453
 AAAAAAAAGAODAAAA | More possible a                                                                                                                                                                                          | Books                                              | home repair                                        |            2.98 |            1562.67 |     0.5948636098533414
 AAAAAAAAGCLAAAAA | Common, glad women can say in the workers. Other affairs co                                                                                                                                              | Books                                              | home repair                                        |            0.16 |            4229.34 |     1.6099883274761344
 AAAAAAAAGCLDAAAA | Li                                                                                                                                                                                                       | Books                                              | home repair                                        |            4.43 |             939.78 |     0.3577472679887457
 AAAAAAAAGEMDAAAA | Reasonable years get slightly traditional rights. Samples drea                                                                                                                                           | Books                                              | home repair                                        |            4.15 |               1036 |     0.3943754598271303
 AAAAAAAAGJODAAAA | Just regional types result also for a functions. National councillors support all but nice businesses. Wooden decisions re                                                                               | Books                                              | home repair                                        |            2.04 |            3682.42 |     1.4017915837612174
 AAAAAAAAGOLBAAAA | Eagerly big eyes shall prove eyes. Low losses would not identify nearly now primitive rules. Contracts own at a prob                                                                                     | Books                                              | home repair                                        |             4.5 |            2129.54 |     0.8106547458689837
 AAAAAAAAGPNDAAAA | Likely lines could introduce effective, local sales. Communications ought to play academic sons. Deaths tell; standards can need certainly new lives. Schools go since; seriousl                         | Books                                              | home repair                                        |            0.99 |             6084.4 |     2.3161564167685245
 AAAAAAAAIBBBAAAA | Years say for example feelings. Like russians can impose for a countries. Small, angry arms could not steal; somewhat fre                                                                                | Books                                              | home repair                                        |            0.74 | 20235.060000000005 |       7.70290645958453
 AAAAAAAAICEAAAAA | Rich, large changes must ensure consequences. Years know even out of a schools. English women develop future ways. Medical requirements shall understand perhaps f                                       | Books                                              | home repair                                        |            2.82 |             5096.5 |      1.940091246147654
 AAAAAAAAIEGCAAAA | National, constitutional feet observe. Also direct articles may not develop traditional sources. Little, na                                                                                              | Books                                              | home repair                                        |             0.2 |            9772.44 |      3.720087373197916
 AAAAAAAAIEODAAAA | Anyway comfortable films understand true outcomes. Preferences recognise too inevitable sports. Areas could not protect again then particular bodies. So decent citizens accept still i                  | Books                                              | home repair                                        |            9.02 |             151.58 |   0.057702154633780325
 AAAAAAAAIOAEAAAA | Human men affect later true barri                                                                                                                                                                        | Books                                              | home repair                                        |            4.34 |  9027.630000000001 |      3.436559587257912
 AAAAAAAAJALCAAAA | Purposes might see different, soft signs; rare, safe requirements ou                                                                                                                                     | Books                                              | home repair                                        |            0.75 |            3101.99 |     1.1808385450088417
 AAAAAAAAJLJCAAAA | Sections might find about near a ages. Possible, enormous savings catch. Male occupations speak previous hands; positi                                                                                   | Books                                              | home repair                                        |            3.22 |            1503.65 |     0.5723963901245795
 AAAAAAAAJMDEAAAA | Trousers attempt; appropriate, continued colours can cause future, only contributions. Large, separate reasons used to see quickly on a forms; tory, general years would not set advanced c              | Books                                              | home repair                                        |            3.13 |           10384.07 |      3.952917356300298
 AAAAAAAAJPICAAAA | Classical, new responses dominate urgent children. Appointments w                                                                                                                                        | Books                                              | home repair                                        |            3.81 |           10823.98 |      4.120378464922453
 AAAAAAAAKGOCAAAA | Officers recognize boys; for example human children get                                                                                                                                                  | Books                                              | home repair                                        |            1.41 |             603.06 |     0.2295676301190629
 AAAAAAAAKKIBAAAA | Now other provinces ought to reproduce parliamentary, tough proceedings. Effective, religious marks shall think then in a awards. Refugees might name. Daily p                                           | Books                                              | home repair                                        |            5.41 | 1272.1399999999999 |     0.4842671790197736
 AAAAAAAAMBGBAAAA | Easily far proceedings would remember crucial, other boats. Awful, broad leaders shall believe again. Developments may earn already national girls. Categories meet nearly r                             | Books                                              | home repair                                        |            8.48 |              12789 |      4.868405169622751
 AAAAAAAAMCJCAAAA | Aspects get. Ago immediate materials may not reside still. Molecular, average defences confuse below developing states. Op                                                                               | Books                                              | home repair                                        |            9.85 | 11007.439999999999 |      4.190216420385663
 AAAAAAAAMEPBAAAA | Needs ought to transport at a eyes. Left relationships know probably. American forests can happ                                                                                                          | Books                                              | home repair                                        |            4.06 |            2801.84 |      1.066580056334022
 AAAAAAAAMKPDAAAA | Sudden women fit aside groups. English, scientific dogs exercise. Students see up the reports. Quite likely parties may not set often. Certain houses understand only years. Great, german goals mu      | Books                                              | home repair                                        |               4 |  7778.690000000001 |      2.961123982241989
 AAAAAAAAMNNAAAAA | Horses shall not commit goods. Bottom stairs may lose briskly men. Samples would hear so. Modes would not slip. Royal, formal rooms say strong studies. Diplom                                           | Books                                              | home repair                                        |            1.08 |            5622.03 |      2.140145430899538
 AAAAAAAAMPBEAAAA | Cheap machines send due horses. Afraid deputies draw still alike used concentrations. Wisely important men would visit only                                                                              | Books                                              | home repair                                        |            3.42 | 13890.710000000001 |      5.287794540130615
 AAAAAAAANGECAAAA | Left, defensive systems would not tell. Special levels receive too strict managers. Police would not s                                                                                                   | Books                                              | home repair                                        |            4.79 |             826.56 |     0.3146476641647807
 AAAAAAAANJIBAAAA | Coloured, new areas cannot score now english parts; thoroughly similar police should see there better original gifts. Perhaps other attitudes conform right able,                                        | Books                                              | home repair                                        |            8.74 |             721.99 |     0.2748408670275963
 AAAAAAAAOAAAAAAA | Quite european families fall earlier on a patients. Identical, different years make res                                                                                                                  | Books                                              | home repair                                        |           62.32 |             897.71 |     0.3417324266809007
 AAAAAAAAODIBAAAA | Brief seasons help very. Effects kill more now ethnic thousands; variables give sure poli                                                                                                                | Books                                              | home repair                                        |             3.8 |           10622.91 |      4.043836887984769
 AAAAAAAAOGCAAAAA | Again available days pay now gay, hard feet. Partial conclusions get also pages; concentrations cannot examin                                                                                            | Books                                              | home repair                                        |            2.69 |             410.48 |    0.15625795246123594
 AAAAAAAAOGCDAAAA | Small conditions must see always european, different economies. Revolutionary types paint otherwise soft years. Powers could look just democratic, little issues. Parties tell                           | Books                                              | home repair                                        |            3.77 |            6865.27 |      2.613411209543825
 AAAAAAAAOLABAAAA | Gently private employees may not apply absol                                                                                                                                                             | Books                                              | home repair                                        |            5.89 |            2051.77 |       0.78104993939142
 AAAAAAAAOLFCAAAA | Years find never fortunate women. Youngsters announce never good resources. British processes emerge massive, scottish fees. Real lengths might manage feelings;                                         | Books                                              | home repair                                        |            0.31 |            7268.36 |        2.7668560011478
 AAAAAAAAPDABAAAA | Joint techniques say more well economic services. Lower modern ministers wish yet jews; serious models reduce capitalist m                                                                               | Books                                              | home repair                                        |            0.56 |             5086.4 |     1.9362464660856324
 AAAAAAAAABJDAAAA | Small, sure items organize so as a buildings. Nice, estimated laws lie necessary, different members. Contracts used to achi                                                                              | Books                                              | mystery                                            |            4.36 |            3311.12 |     1.0816235198040016
 AAAAAAAAADABAAAA | Natural votes must not need difficult, automatic divisions; really major boards dominate prime                                                                                                           | Books                                              | mystery                                            |            0.22 |            6093.72 |      1.990598611678236
 AAAAAAAAAIJAAAAA | So estimated executives must voluntee                                                                                                                                                                    | Books                                              | mystery                                            |            63.8 |            8730.51 |     2.8519428338097184
 AAAAAAAACBHDAAAA | Previous officials shout areas;                                                                                                                                                                          | Books                                              | mystery                                            |            4.54 |            2003.15 |     0.6543568803593304
 AAAAAAAACCIBAAAA | Ministers say perhaps separate parts; so different boundaries would say seriously strong operations. Times can go acceptable stu                                                                         | Books                                              | mystery                                            |            1.65 |            8481.68 |     2.7706590445079624
 AAAAAAAACDCDAAAA | Only, top words could make. Close, modern features examine fully; children shall think quite constant actions. Free men ought                                                                            | Books                                              | mystery                                            |            7.26 |            5445.13 |     1.7787276439363005
 AAAAAAAACEFDAAAA | Left, sexual hands must recur over a members. Solicitors make also rare, final years. Possible types allow. More practical members appear ancient years; once fast details see from a schools. Teachers  | Books                                              | mystery                                            |            4.26 |           12408.41 |      4.053380155165374
 AAAAAAAACFNCAAAA | Political subjects must not avoid little. Distant sciences may satisfy practical, young expectations. About high groups should consider too together other applications. Glad parents must not           | Books                                              | mystery                                            |            8.65 |           10497.75 |      3.429236423029808
 AAAAAAAACHBBAAAA | Possible, natural styles would spell etc injuries. New members compare later responsible                                                                                                                 | Books                                              | mystery                                            |            8.71 |                  0 |                      0
 AAAAAAAACJKCAAAA | Often previous times manage at first here light rights. Firm, natural blocks used to find still happy drugs. A                                                                                           | Books                                              | mystery                                            |            4.37 |            7354.92 |     2.4025871784401795
 AAAAAAAADOIDAAAA | Usual details obtain probably. Yet good animals know vol                                                                                                                                                 | Books                                              | mystery                                            |             4.2 |  4322.700000000001 |     1.4120702327480605
 AAAAAAAAEHCBAAAA | New consultants could not find readily select, sure specialists. Competent, official troubles could not rain so good practices. Policemen would make mainly foreign authorities. Readers could not mak   | Books                                              | mystery                                            |            2.77 |            3853.71 |     1.2588681094324214
 AAAAAAAAENAAAAAA | Never great volunteers enjoy now committees. Pieces promote external, handsome streets; places shall not sit even on the patients. Quite la                                                              | Books                                              | mystery                                            |            6.51 |            2073.98 |     0.6774944875459371
 AAAAAAAAENACAAAA | British, good couples should like never. Total officers will not come years. Hours ought to start possibly short services. Either increasing systems can see more old elections. Sharp fi                | Books                                              | mystery                                            |             0.3 |            5341.55 |     1.7448917925683953
 AAAAAAAAENDCAAAA | Roads hear a bit banks; possibly o                                                                                                                                                                       | Books                                              | mystery                                            |            1.45 |            5406.17 |      1.766000816659861
 AAAAAAAAENHCAAAA | Again free issues love then. However foreign games will know now open authorities; fresh others should not disappear only. Conser                                                                        | Books                                              | mystery                                            |            7.47 |            2466.23 |     0.8056284197631687
 AAAAAAAAFCGDAAAA | Successful courts might observe once always patient forces. Satisfied machines manipulate into a operators. Roman rules know right main birds. Sensitive studies forget from a items; minutes might d    | Books                                              | mystery                                            |            6.84 |            8490.34 |      2.773487954267048
 AAAAAAAAFEFCAAAA | Rates must go resources; all sole students play independent schools. Responsible qualities consult elements. Certainly human guns own so. However deaf things go minutes. Reasonable, main patter        | Books                                              | mystery                                            |            94.7 | 10906.740000000002 |       3.56283870967742
 AAAAAAAAGKKDAAAA | Forthcoming, extra degrees get. Clear tasks ought to take afterwards theoretical minutes. Too frequent decades conclude then env                                                                         | Books                                              | mystery                                            |            4.86 |            2275.46 |     0.7433107390771744
 AAAAAAAAGPABAAAA | Certain, long places shall not sit therefore however rural fa                                                                                                                                            | Books                                              | mystery                                            |             9.2 |             199.36 |    0.06512372396896693
 AAAAAAAAHCAEAAAA | Years must not work still machines. Parents will work                                                                                                                                                    | Books                                              | mystery                                            |            3.91 |             712.66 |    0.23280032666394446
 AAAAAAAAHELAAAAA | Beds teach military scholars. White measures help protective parents. Very, natural rules hurt discreetly never possible names; other, due clients will not win direct                                   | Books                                              | mystery                                            |           65.07 |              39.95 |   0.013050224581461822
 AAAAAAAAHHKBAAAA | Hastily other trans                                                                                                                                                                                      | Books                                              | mystery                                            |            4.31 |  4509.110000000001 |     1.4729636586361783
 AAAAAAAAICABAAAA | Much gold items would show far                                                                                                                                                                           | Books                                              | mystery                                            |            1.04 |            9610.09 |      3.139269906084116
 AAAAAAAAICKCAAAA | Other roles would not provid                                                                                                                                                                             | Books                                              | mystery                                            |             1.9 |             288.53 |    0.09425234789710085
 AAAAAAAAIKKBAAAA | Also various futures can contain very legs. Wooden institutions happen very then tall teeth. Complete groups may take only, well-known origins; certain cen                                              | Books                                              | mystery                                            |           53.34 |            2842.06 |     0.9283985300122499
 AAAAAAAAIPPAAAAA | Journalists would win less faintly regular members; good c                                                                                                                                               | Books                                              | mystery                                            |             4.2 |            9007.78 |     2.9425169456921196
 AAAAAAAAJHBCAAAA | Good, indivi                                                                                                                                                                                             | Books                                              | mystery                                            |            7.84 |           13637.82 |      4.454984075132708
 AAAAAAAAKLFDAAAA | Only subjects shall speak however glad numbers. Social considerations ensure. Different, social victims leave m                                                                                          | Books                                              | mystery                                            |            2.71 |               2.12 |  0.0006925275622703144
 AAAAAAAAKMEAAAAA | Extensive figures contest to the brothers. Perfect unions start democratic, little weeks. Fully strong numbers ought t                                                                                   | Books                                              | mystery                                            |            0.43 |            9948.16 |     3.2497051857901185
 AAAAAAAAKMECAAAA | Young, relative kids wait right place                                                                                                                                                                    | Books                                              | mystery                                            |            2.07 |           20515.86 |      6.701791751735402
 AAAAAAAALCGAAAAA | Commonly bad eyes advise very; points go thoroughly in the cases. Good, certain months must retire. Firstly religious thoughts reopen too selectively unique waters. Cor                                 | Books                                              | mystery                                            |            7.45 |            4882.51 |      1.594939975500204
 AAAAAAAALEHAAAAA | Forests must not say high able, famous words. Tiny                                                                                                                                                       | Books                                              | mystery                                            |            2.88 |             741.76 |    0.24230624744793794
 AAAAAAAALEKAAAAA | Important women achieve wild, local purposes. Interested, white costs perceive considerable schemes. Services must treat more. American, special g                                                       | Books                                              | mystery                                            |           99.09 |            25631.2 |      8.372788893425888
 AAAAAAAALEPBAAAA | Different offences depend faster local details. Used, medical letters cannot gather rather impossible details. Various, expensive kings test future differences. Small, successful bonds occupy occasi   | Books                                              | mystery                                            |            8.02 |             2389.5 |     0.7805634953042058
 AAAAAAAALJFAAAAA | Controversial words would care acro                                                                                                                                                                      | Books                                              | mystery                                            |            6.95 |            2007.42 |      0.655751735402205
 AAAAAAAAMFFDAAAA | Old things could claim again normal, silver days. Other pieces can establish more wise, international things. Top, current t                                                                             | Books                                              | mystery                                            |            7.07 |             992.71 |    0.32428256431196406
 AAAAAAAAMGNBAAAA | Anyway incredible children should not care effectively critical shares. Also public partners control different, careful countries; clear early politicians find just closer teenage services             | Books                                              | mystery                                            |            2.54 |  6854.179999999999 |      2.239013474887709
 AAAAAAAAMJNDAAAA | Risks consider. Then due players come right years. Either efficient individuals ensur                                                                                                                    | Books                                              | mystery                                            |            9.67 | 12538.029999999999 |      4.095722335647203
 AAAAAAAAMOACAAAA | Countries join partly. Hungry, rec                                                                                                                                                                       | Books                                              | mystery                                            |            7.47 |             446.38 |    0.14581625153123723
 AAAAAAAAOKMCAAAA | Sometimes helpful months ought to tell now encouraging content men. Back, accused buses think public goals. False houses play in the articles. Children enjoy most rep                                   | Books                                              | mystery                                            |            9.92 |             649.48 |    0.21216169865251122
 AAAAAAAAOLAAAAAA | Physical secrets attract stupid, new projects. Free servants permit perhaps in the differences. Entire, pure emissions need correctly. Individu                                                          | Books                                              | mystery                                            |            5.13 |              64.73 |    0.02114495712535729
 AAAAAAAAOOJAAAAA | Main, growing troubles would encourage yesterday sure, interesting shares. American responses should appeal red, scottish times; moral, atlantic streets set. Strongly central horses must believ        | Books                                              | mystery                                            |            9.49 |           17641.93 |     5.7629824418129845
 AAAAAAAAOOPAAAAA | Pockets withdraw more. Thus suitable lakes can avoid often again very sources. Results acquire individuals. Available ears should not meet new, old factors. Games would not b                           | Books                                              | mystery                                            |            5.25 | 20814.010000000002 |      6.799186606778278
 AAAAAAAAPBMDAAAA | Outside resources perceive far from even annual parents. Fine years handle                                                                                                                               | Books                                              | mystery                                            |            4.44 |           22543.39 |      7.364112699060841
 AAAAAAAAPCLDAAAA | Things help basic sessions. Experiences know most just right fortunes. Heavy, responsible poets use however in a years. Aware, back goods attract a bit from a parents. Hard studies see                 | Books                                              | mystery                                            |            4.37 |            2902.28 |     0.9480702327480605
 AAAAAAAAPPBAAAAA | Strategies impose really then good customs. Grounds shall stand specialist, new years; children pay entirel                                                                                              | Books                                              | mystery                                            |            4.81 |  4248.719999999999 |      1.387903634136382
 AAAAAAAAACEEAAAA | Personal, russian results would rise stands. Different demands might spend                                                                                                                               | Books                                              | parenting                                          |            4.44 |            5568.62 |     1.7799775839852592
 AAAAAAAAALLDAAAA | Cases may remember again kinds. Different examples might deny with a worlds; muscles learn today national, free industries.                                                                              | Books                                              | parenting                                          |            9.17 |  9961.380000000001 |      3.184098233594514
 AAAAAAAAANDDAAAA | Perhaps little books cure then with the conditions. Stories shall bring african, fat units; records treat through a c                                                                                    | Books                                              | parenting                                          |            3.25 |           10829.29 |     3.4615207089863786
 AAAAAAAAANNAAAAA | Also social law                                                                                                                                                                                          | Books                                              | parenting                                          |           49.22 |             945.68 |     0.3022812117945164
 AAAAAAAACGKBAAAA | Professionals can take all satisfactor                                                                                                                                                                   | Books                                              | parenting                                          |           62.97 |            4154.54 |     1.3279749869393347
 AAAAAAAACILBAAAA | More obvious strengths use most impatiently left initiatives. Also asleep books lead over a things. Troops rethink                                                                                       | Books                                              | parenting                                          |            0.22 |            5313.92 |      1.698564183422634
 AAAAAAAACJDCAAAA | Human, responsible cases need good components. Steep cars take then rich bodies; parents help so major trusts. Potentially statistical supporters find less bad m                                        | Books                                              | parenting                                          |            7.61 |             3568.3 |     1.1405867186007665
 AAAAAAAACKHAAAAA | Wholly forward mechanisms might move words; beautiful feet show over great houses. Minute men look                                                                                                       | Books                                              | parenting                                          |            3.29 |           12821.36 |      4.098274508981622
 AAAAAAAACLNAAAAA | Suspicious, ethical events remember too. Limitations build attrac                                                                                                                                        | Books                                              | parenting                                          |            4.18 |             1071.5 |     0.3424988563127319
 AAAAAAAACMFAAAAA | Much ambitious contexts may not make behind a profits; heavy, national institutions would write also central members. Advantages ought to pay wrong forms. Too eastern hours use within an women. G      | Books                                              | parenting                                          |            1.15 |            2921.94 |     0.9339814355710909
 AAAAAAAACNPBAAAA | Groups must not concentrate key standards. Relations would not maintain never big computers. Financial processes                                                                                         | Books                                              | parenting                                          |            0.64 |             777.53 |    0.24853302449728273
 AAAAAAAACOEDAAAA | Levels could play still critical                                                                                                                                                                         | Books                                              | parenting                                          |            4.17 |             4144.4 |     1.3247337938427306
 AAAAAAAACPIBAAAA | Less international                                                                                                                                                                                       | Books                                              | parenting                                          |           71.01 |            2067.63 |     0.6609061225178664
 AAAAAAAADIDCAAAA | Perhaps other supporters could conduct curr                                                                                                                                                              | Books                                              | parenting                                          |            4.09 |            1108.34 |    0.35427455194181356
 AAAAAAAADIHBAAAA | Elements employ clubs. Human, metropolitan seats cannot regard fortunately common, special legs. Big, local measurements g                                                                               | Books                                              | parenting                                          |            4.82 | 13963.179999999998 |      4.463250751739441
 AAAAAAAAEDIBAAAA | Very, other doubts change. Users should not start in a rules. Directors disappear vigorously parents. Other committees must include years. Thus other sizes cou                                          | Books                                              | parenting                                          |            3.74 |           15657.52 |      5.004836857390318
 AAAAAAAAFAMCAAAA | All certain police would lift increasingly manufacturer                                                                                                                                                  | Books                                              | parenting                                          |            4.45 |            9314.73 |      2.977400253720852
 AAAAAAAAFNJBAAAA | Dogs will stare quickly heavy visitors. Special, significant hands try really american attacks. As concerned accounts will find error                                                                    | Books                                              | parenting                                          |            1.74 |           12434.82 |      3.974719205277354
 AAAAAAAAGHOBAAAA | Stars shall set home minor, main supplies.                                                                                                                                                               | Books                                              | parenting                                          |            8.26 | 1071.1200000000001 |     0.3423773914826817
 AAAAAAAAGJCAAAAA | New animals come scenes. Bad manufact                                                                                                                                                                    | Books                                              | parenting                                          |            3.76 |           15942.62 |      5.095967444356963
 AAAAAAAAGLCAAAAA | Presently british theories will deal personal neighbours. Private, wooden asp                                                                                                                            | Books                                              | parenting                                          |            5.12 | 17828.620000000003 |      5.698816574553709
 AAAAAAAAHCJBAAAA | Heavy, existing samples destroy early simple stars. Prac                                                                                                                                                 | Books                                              | parenting                                          |             3.8 |            4869.66 |     1.5565590113223127
 AAAAAAAAHGPAAAAA | Near l                                                                                                                                                                                                   | Books                                              | parenting                                          |            5.58 |  7500.450000000001 |      2.397476011974643
 AAAAAAAAHJMAAAAA | Differently industrial operations may lose angrily above other traditions. White arts should not sell later disabled marks. Relative things can marry else to the questions. Mor                         | Books                                              | parenting                                          |            8.19 |            3951.67 |     1.2631287499069839
 AAAAAAAAHOMBAAAA | Curtains used to bring high supporters; military, important museums                                                                                                                                      | Books                                              | parenting                                          |            2.68 |  9499.060000000001 |     3.0363202856239098
 AAAAAAAAIEHDAAAA | Officials could like separately to a gods. Only aware songs watch never minutes. Reports move slo                                                                                                        | Books                                              | parenting                                          |            5.43 |              11.97 |  0.0038261421465827354
 AAAAAAAAIHBAAAAA | Nervous, industrial limits might say well real, hard examinations. Loose, wide interests appear originally western, difficult missiles. Local, star shows woul                                           | Books                                              | parenting                                          |             3.1 |  7186.410000000001 |     2.2970949192668035
 AAAAAAAAIIDAAAAA | Different, secondary groups would turn well patterns. Wh                                                                                                                                                 | Books                                              | parenting                                          |            5.33 |            3267.11 |     1.0443130550143627
 AAAAAAAAILNAAAAA | Particularly main differences add strong goods; appropriate earnings could                                                                                                                               | Books                                              | parenting                                          |            4.64 |             172.16 |    0.05502996089855336
 AAAAAAAAJOPCAAAA | Low, broad refugees treat outside a vehicles. Huge, scottish leaves would crack in order dogs. Accurate, main officers might not analyse here probably long gi                                           | Books                                              | parenting                                          |            2.42 |             106.08 |    0.03390786624139487
 AAAAAAAAKAKDAAAA | Levels might not tend actually about clear women; also particular beaches shall not examine entire, cognitive                                                                                            | Books                                              | parenting                                          |           56.16 |                184 |   0.058814549287487326
 AAAAAAAAKBAAAAAA | Above technical directors will not become at least both slight terms. Common, important cells may consult earlier generally true stations. Ther                                                          | Books                                              | parenting                                          |            6.87 |            8923.35 |     2.8522978716548915
 AAAAAAAAKEHCAAAA | Thin cars should come wel                                                                                                                                                                                | Books                                              | parenting                                          |            2.89 |           12990.47 |      4.152329554796878
 AAAAAAAAKLDEAAAA | Common products reveal typically places. Unknown, par                                                                                                                                                    | Books                                              | parenting                                          |            3.87 |            5845.72 |     1.8685510166350565
 AAAAAAAAKLFAAAAA | Different                                                                                                                                                                                                | Books                                              | parenting                                          |            3.04 |            1463.39 |    0.46776425696639173
 AAAAAAAAKLODAAAA | Others play more islamic times. Views lose again sufficient, certain areas. Detailed partners ought to take final universities. Broadly economic mon                                                     | Books                                              | parenting                                          |            1.71 | 4675.6900000000005 |     1.4945576084674546
 AAAAAAAAKOBEAAAA | Certain, serious patients work throughout new operations. So surprised fields grab as mostly central s                                                                                                   | Books                                              | parenting                                          |           57.88 |           14275.46 |      4.563069270497575
 AAAAAAAAKONDAAAA | High rules dismiss also sometimes positive members. Points exist round items. Gradual, new women cannot contact thus by a techniques. Actions should not think over                                      | Books                                              | parenting                                          |            5.86 |            3504.96 |      1.120340449297128
 AAAAAAAAKPPAAAAA | Other, financial sports can think. Industrial, straightforward conditions would see better with a points. Als                                                                                            | Books                                              | parenting                                          |            5.65 |                207 |    0.06616636794842325
 AAAAAAAALIIBAAAA | Accounts know sometimes join                                                                                                                                                                             | Books                                              | parenting                                          |            0.55 |           11439.83 |       3.65667633356237
 AAAAAAAAMFCEAAAA | Forces disperse; early animals want well now new times. English inches may not ru                                                                                                                        | Books                                              | parenting                                          |            4.17 |            2127.72 |     0.6801135478802854
 AAAAAAAAMNIBAAAA | W                                                                                                                                                                                                        | Books                                              | parenting                                          |            5.95 |               88.3 |     0.0282245907722018
 AAAAAAAAMOADAAAA | Economic, sure items cou                                                                                                                                                                                 | Books                                              | parenting                                          |             6.7 |            3568.65 |     1.1406985941021286
 AAAAAAAAMOECAAAA | Problems sell. Rather historical women see also certain shops. Provincial groups should fancy centres. Im                                                                                                | Books                                              | parenting                                          |            2.43 |            4014.21 |     1.2831193037789375
 AAAAAAAANFLCAAAA | Physical, public directors provide responsibilities. Hostile courses                                                                                                                                     | Books                                              | parenting                                          |            1.27 | 21807.129999999997 |      6.970524577193713
 AAAAAAAANLNAAAAA | Crews could add. Pp. research once again new, liberal hours. Fine documents make white, normal bars.                                                                                                     | Books                                              | parenting                                          |            0.49 | 6286.4400000000005 |      2.009424647950173
 AAAAAAAANPFEAAAA | Afterwards personal functions must not provide gross, wrong debts. Now numerous                                                                                                                          | Books                                              | parenting                                          |            6.27 |              743.9 |      0.237783387037836
 AAAAAAAAOBKAAAAA | So-called                                                                                                                                                                                                | Books                                              | parenting                                          |            1.74 |             675.18 |     0.2158174314561179
 AAAAAAAAODEBAAAA | Mountains know more possible databases.                                                                                                                                                                  | Books                                              | parenting                                          |            1.77 | 1770.8000000000002 |     0.5660261080341444
 AAAAAAAAOLECAAAA | Lucky, appropriate dollars might worry small, experienced officials; grimly anonymous answers ought to mean. Neutral affai                                                                               | Books                                              | parenting                                          |             1.1 |            5263.35 |     1.6823997716972632
 AAAAAAAAOPECAAAA | Aware mechanisms write also ready leaders. Usually major records may want now roya                                                                                                                       | Books                                              | parenting                                          |            8.89 |            6476.58 |     2.0702018131758404
 AAAAAAAAPEDDAAAA | Likely employees take decisions. Wide, strong relationships could w                                                                                                                                      | Books                                              | parenting                                          |            2.03 |            8484.02 |     2.7118685459023273
 AAAAAAAAACBBAAAA | Inten                                                                                                                                                                                                    | Books                                              | reference                                          |             2.2 |            7073.18 |      2.038704363569473
 AAAAAAAAAFADAAAA | Definite children share things. Square,                                                                                                                                                                  | Books                                              | reference                                          |            1.93 | 6670.2699999999995 |     1.9225735178783163
 AAAAAAAAAFBCAAAA | Later alone populations would maintain now international rights. Wild earnings ring inhabitants. Known, additional models choose usually. Interested situations pl                                       | Books                                              | reference                                          |            4.09 |            7629.57 |      2.199072786378792
 AAAAAAAAAPHDAAAA | Chief, aver                                                                                                                                                                                              | Books                                              | reference                                          |            8.15 |             512.04 |    0.14758541169913858
 AAAAAAAABMADAAAA | Great organizations ought to see whole, political resour                                                                                                                                                 | Books                                              | reference                                          |            2.29 |              402.5 |    0.11601267129306944
 AAAAAAAACADDAAAA | Months cope so. Logical, old studies would make. Central, mixed years test with the remains. Careful, safe eyes could not shield best in a views; industries used to improve then othe                   | Books                                              | reference                                          |            8.59 |           10637.93 |     3.0661731088911357
 AAAAAAAACEAEAAAA | Now young principles ought to discover together growing days. Even living parents know wearily for a owners. Social, effective concentrations think then small journalists; bare germa                   | Books                                              | reference                                          |            9.49 | 11939.279999999999 |     3.4412615307227776
 AAAAAAAACKJBAAAA | Organisational, regular ways hurt yet to a eyes; new police will top white details. New subj                                                                                                             | Books                                              | reference                                          |           23.64 |  5516.700000000001 |     1.5900797608011834
 AAAAAAAACPBBAAAA | Dark, sophisticated brothers balance by an women. Parents might mean; enough elegant rows take shoulders. Partners cannot ask yet recently regular attempts. Brief, english lands used to bite sure      | Books                                              | reference                                          |           65.31 |            2983.75 |     0.8600069763247103
 AAAAAAAADDEAAAAA | Communications ought to serve. Healthy, valuable arguments demonstrate physical, capital servants. Alone working students ought to unveil then horrible, bright industries; only international firms p   | Books                                              | reference                                          |            0.18 |            3350.49 |      0.965712534262649
 AAAAAAAADDLCAAAA | Happy, legal services may not feel extremely; as yet local workers shall not hold today boys; adult factors might put totally good, electoral                                                            | Books                                              | reference                                          |            3.98 |            3704.03 |     1.0676134530426533
 AAAAAAAAEBBCAAAA | Increasing women can explain english, beautiful mechanisms. New members will stay roughly experimental officers. Afraid, positive goods cannot sound richly big competitors. Technical, social priest    | Books                                              | reference                                          |            1.87 |            3390.35 |     0.9772013915986534
 AAAAAAAAEBCAAAAA | Clothes would not frustrate much practical, environmental examples. So happy words shall get ne                                                                                                          | Books                                              | reference                                          |            4.82 |            1826.46 |      0.526441002757614
 AAAAAAAAEDKCAAAA | At first vital eyes take then; concerned, necessary                                                                                                                                                      | Books                                              | reference                                          |            3.64 | 476.42999999999995 |    0.13732153287989332
 AAAAAAAAEELDAAAA | Safe, major hopes recover over useful pupils                                                                                                                                                             | Books                                              | reference                                          |            0.42 | 3235.8399999999997 |     0.9326669373340764
 AAAAAAAAEHCAAAAA | Gradually traditional days carry trying windows. Total, specific problems proceed total, brief men. Letters might play never territorial, previous pages. G                                              | Books                                              | reference                                          |            5.78 |           10159.74 |     2.9283442907901844
 AAAAAAAAFJIDAAAA | Parties bother lig                                                                                                                                                                                       | Books                                              | reference                                          |           39.48 |            5360.85 |      1.545159078016028
 AAAAAAAAGCPDAAAA | Great, economic guards would merge. Keen, direct differences get confident women; significant items apply meanwhile moving, bright q                                                                     | Books                                              | reference                                          |            3.76 |  9428.439999999999 |     2.7175615168358447
 AAAAAAAAGGBEAAAA | Now good loans ought to admit; occasional courses shake complex services. Middle-class, great clothes think keenly products. Great workers must not try from a othe                                      | Books                                              | reference                                          |            6.82 |             1521.6 |     0.4385711320236881
 AAAAAAAAGGFDAAAA | Even so eastern animals would not seem today. Ordinary sides speak away. Windows may identify abroad large authors. New, u                                                                               | Books                                              | reference                                          |           42.03 |            1448.64 |     0.4175418537689245
 AAAAAAAAGJHAAAAA | Labour possibilities ought to employ just clearly different increases. Sentences shall not stand direct, poor players. Ago amazi                                                                         | Books                                              | reference                                          |            8.01 |           16856.36 |      4.858512675472407
 AAAAAAAAGMLDAAAA | Concepts can oblige nights. Relationships feel then to a newspapers; distinct, successful women shall know home with a shoulders. Sure, confidential initiative                                          | Books                                              | reference                                          |           46.11 | 3626.4000000000005 |     1.0452381395706511
 AAAAAAAAGOGCAAAA | Students should not accept in a territories.                                                                                                                                                             | Books                                              | reference                                          |            2.58 | 1862.5500000000002 |     0.5368432320916932
 AAAAAAAAGOIAAAAA | Enough tall costs find soon red branches. Low, fun countries find. Still criminal legs should support very new others; public, nice eyes brush surely normal years. Months see fro                       | Books                                              | reference                                          |             0.8 | 21427.249999999996 |      6.175981393700426
 AAAAAAAAIIICAAAA | Likely, experienced interests could handle; dreams can write far by a prices. Demands ought to control rather free, usual circumstances. Separate, real games shall tell both fr                         | Books                                              | reference                                          |           19.93 |            3407.68 |     0.9821964216446382
 AAAAAAAAIKEDAAAA | Conventional programmes might correspond quite. Clinical, young relatives know rarely minor, l                                                                                                           | Books                                              | reference                                          |            7.69 |            6119.68 |     1.7638768304565744
 AAAAAAAAIMCAAAAA | Remote systems must come sometimes responsible                                                                                                                                                           | Books                                              | reference                                          |            4.66 | 13247.039999999999 |      3.818197508387932
 AAAAAAAAIPHBAAAA | Patterns must go still too little communities. Large                                                                                                                                                     | Books                                              | reference                                          |            2.95 |            4045.33 |     1.1659864336943915
 AAAAAAAAJEPDAAAA | Only early talks must ente                                                                                                                                                                               | Books                                              | reference                                          |            3.81 |  6740.969999999999 |      1.942951395792403
 AAAAAAAAJNGAAAAA | International, financial stores used to come precisely more than sorry projects; fine leaders love in a goods. Matters should ensure. Main, strong hands would                                           | Books                                              | reference                                          |            4.92 |            1439.99 |    0.41504866219952063
 AAAAAAAAKAICAAAA | Cases ask to the things. Particular parts change royal, private pilots. Blue, social seconds stay else with the days. Considerations join. Eyes will argue                                               | Books                                              | reference                                          |           69.79 | 3308.7400000000002 |     0.9536789217744859
 AAAAAAAAKAMBAAAA | Eyes must not give white problems; public, old factors can tell usually too important steps; fundamental germans                                                                                         | Books                                              | reference                                          |            2.67 |            8844.41 |      2.549226410214003
 AAAAAAAAKBGDAAAA | Significant depart                                                                                                                                                                                       | Books                                              | reference                                          |             2.2 |            6447.03 |     1.8582289992709502
 AAAAAAAAKDNCAAAA | Yellow problems show now considerable processes. Inevitable, early ends cannot determine hours. Sometimes active bodies shall not sit only voters. Certain, logical protests shall g                     | Books                                              | reference                                          |            0.91 |            2472.02 |     0.7125109159997355
 AAAAAAAAKEBCAAAA | Due stairs induce video-taped, local maps. Private, available volunteers develop more powerful parents. Other, united characteristics dodge dema                                                         | Books                                              | reference                                          |            2.22 | 3154.8199999999997 |     0.9093145233510592
 AAAAAAAAKEPDAAAA | Minutes establish also purposes. National, major weeks happen also as commerc                                                                                                                            | Books                                              | reference                                          |            54.8 |             4009.5 |     1.1556591442225141
 AAAAAAAAKFHAAAAA | Resources should not invest e                                                                                                                                                                            | Books                                              | reference                                          |            2.93 |            1349.02 |     0.3888283573360908
 AAAAAAAALDMCAAAA | Bodies used to observe particularly positive interactions; so dark chiefs can find particula                                                                                                             | Books                                              | reference                                          |            3.28 |           14330.32 |      4.130431561949066
 AAAAAAAALELCAAAA | Bold, ready languages send really bonds; apart initial damages should promote even possible high territor                                                                                                | Books                                              | reference                                          |            8.54 | 1909.1999999999998 |     0.5502891727521196
 AAAAAAAALOCBAAAA | At present nervous agencies oppose years. Different colou                                                                                                                                                | Books                                              | reference                                          |            2.61 | 11502.119999999999 |     3.3152587993377387
 AAAAAAAALOECAAAA | Great millions might pump right available members. Often special friends coul                                                                                                                            | Books                                              | reference                                          |            1.72 |  5129.320000000001 |     1.4784251307253837
 AAAAAAAAMCCAAAAA | White degrees benefit. Heavy,                                                                                                                                                                            | Books                                              | reference                                          |            3.13 |            7214.24 |      2.079362121116306
 AAAAAAAAMDACAAAA | Parents make later schemes. Parties express completely. Courts become children; economic mothers must not listen best about evil rules; old applications would not o                                     | Books                                              | reference                                          |            7.53 |  830.5799999999999 |     0.2393982721058326
 AAAAAAAAMHKCAAAA | Upper workshops decide also possib                                                                                                                                                                       | Books                                              | reference                                          |            4.76 |            8425.69 |     2.4285386444405024
 AAAAAAAAMOLBAAAA | Places achieve also young principles. Pleased mothers might make with a obligations. Very                                                                                                                | Books                                              | reference                                          |            2.16 |            1052.64 |    0.30340267903089846
 AAAAAAAANAPDAAAA | Names can know still im                                                                                                                                                                                  | Books                                              | reference                                          |            5.42 |  9101.740000000002 |     2.6233966976769736
 AAAAAAAANMCEAAAA | Different users must not make banks. Purposes finish however immediate women. Political operations appoint senior, arbitrary firms. Certainly elderly proceedings could find o                           | Books                                              | reference                                          |            3.55 |             4580.4 |     1.3202097878031682
 AAAAAAAAODLAAAAA | Benefits shall not assume only states. Teeth could die. Possible thoughts play quite for a families. All vital qualities shall not feel. Late national lives take then on to a qu                        | Books                                              | reference                                          |            3.22 |            1003.96 |     0.2893716309848199
 AAAAAAAAOJGAAAAA | Days ought to lower cold, scottish terms. At first regional skills might list best solid facts. Na                                                                                                       | Books                                              | reference                                          |           79.95 |  8797.759999999998 |     2.5357804695535764
 AAAAAAAAOLGBAAAA | White descriptions pay british facilities. Walls conceive afraid farmer                                                                                                                                  | Books                                              | reference                                          |            1.89 |            6965.08 |     2.0075466747079056
 AAAAAAAAOLKAAAAA | Poor profits may not minimi                                                                                                                                                                              | Books                                              | reference                                          |             5.1 |  7797.110000000001 |     2.2473628806606327
 AAAAAAAAOLOBAAAA | Other, immediate                                                                                                                                                                                         | Books                                              | reference                                          |            6.18 |           18500.98 |      5.332541891527085
 AAAAAAAAONACAAAA | Teachers will feed into a sets; spaces shall assist eventually late novels; elements share upwards. Today important attitudes protect about current, used rates                                          | Books                                              | reference                                          |            4.07 |             5480.6 |     1.5796746491647113
 AAAAAAAAPDKDAAAA | Interesting, new appeals reward again expenses. Continuing, invisible metals should not make recent, specific opportunities. Executive prof                                                              | Books                                              | reference                                          |            9.09 |             243.18 |    0.07009182957776056
 AAAAAAAAPEMAAAAA | Just eager figures prepare on the factors. Public, capital months feel plainly teams; only, content employers define only for no buildings; studies ought to talk correct changes. Social, viole         | Books                                              | reference                                          |            3.81 | 17415.730000000003 |      5.019740024394655
 AAAAAAAAPLBBAAAA | Yet magnetic doctors go beautiful things. Sanctions retain; arab, confident beds must not listen living spaces. Outdoor interests see; profound disputes woul                                            | Books                                              | reference                                          |            9.13 |           11037.33 |     3.1812922664425693
 AAAAAAAAADKAAAAA | Mysterious departme                                                                                                                                                                                      | Books                                              | romance                                            |           73.82 |            6889.74 |      4.046504727541316
 AAAAAAAAAIODAAAA | Foreign, international things help ordinary, fine observers. Basic, good losses might go here against a others. White, enormous exercises used to appeal areas. Inst                                     | Books                                              | romance                                            |            9.46 |            10234.5 |      6.010960157280477
 AAAAAAAAAOOBAAAA | Other relations must need very behind physical levels. Political banks will stop. Immensely old teachers influence spontaneously again old responsibilities. Chief events                                | Books                                              | romance                                            |            0.97 |             850.64 |    0.49960067889873133
 AAAAAAAABMLBAAAA | Increased examples might not consider workers; aware, enormous goods should see often docum                                                                                                              | Books                                              | romance                                            |            3.78 |            6176.88 |     3.6278254508087975
 AAAAAAAACCAEAAAA | Things form for instance red studies. American students could not ensure never possible characteristics. Other                                                                                           | Books                                              | romance                                            |            3.41 |  7437.360000000001 |     4.3681347047097105
 AAAAAAAACFCBAAAA | More special articles will keep other terms. Local members must not make. Linguistic, available operations keep almost; rea                                                                              | Books                                              | romance                                            |            4.71 |             4590.7 |      2.696225003080511
 AAAAAAAACGGDAAAA | Physical wings used to live women. Now big developments will sign scientifically home final police. Books must not read to the women; per annum equivalent accidents c                                   | Books                                              | romance                                            |            7.75 |            6278.99 |     3.6877970314096973
 AAAAAAAACGHCAAAA | Cases can see now then blank personnel. Only good moves include also proposed, dull                                                                                                                      | Books                                              | romance                                            |            0.93 |            3752.38 |     2.2038601470493058
 AAAAAAAADCLAAAAA | Major, political ships used to get products. Big good schools may make more only new feelings. Phen                                                                                                      | Books                                              | romance                                            |            5.02 |           14065.13 |      8.260778351357699
 AAAAAAAADKJAAAAA | Problems can deal very proceedings. Members react unusual, overseas weeks. Obvious,                                                                                                                      | Books                                              | romance                                            |             4.3 |            1381.83 |     0.8115809344994755
 AAAAAAAADPDEAAAA | Duties run accordingly old courts. Civil communists would give therefore by the steps. Eyes hold ju                                                                                                      | Books                                              | romance                                            |           35.05 |            4861.12 |     2.8550489657295692
 AAAAAAAAEOKBAAAA | Still foreign trees will not create always forces. Human, normal eyes explain there christian, french arms                                                                                               | Books                                              | romance                                            |            9.55 | 2524.3999999999996 |     1.4826388999012006
 AAAAAAAAFPEEAAAA | Nervous products should see; soon other women shall stand                                                                                                                                                | Books                                              | romance                                            |             7.1 |            3767.11 |      2.212511419032963
 AAAAAAAAGAEAAAAA | Enoug                                                                                                                                                                                                    | Books                                              | romance                                            |            0.26 |              773.1 |    0.45405963140295447
 AAAAAAAAGIJCAAAA | Considerable days could not induce little there old studies. Most beneficial actions buy most again senior arms. British, so-called                                                                      | Books                                              | romance                                            |            8.27 |            5512.83 |      3.237813423602573
 AAAAAAAAHJBCAAAA | Normal relations might live. Resources dare others. Telecommunications should not interpret down a details; already main arrangements could not consid                                                   | Books                                              | romance                                            |            9.65 |            3121.34 |     1.8332356614710876
 AAAAAAAAHLPBAAAA | Perhaps real friends must afford independently that is other deposits. Good men will not reproduce for the agencies. Early, unknown equations                                                            | Books                                              | romance                                            |            7.24 |            6902.66 |      4.054092944379663
 AAAAAAAAHMBCAAAA | Recent years use then russian savings. Nucl                                                                                                                                                              | Books                                              | romance                                            |            4.26 |            1925.84 |     1.1310906746100968
 AAAAAAAAIDKCAAAA | Things will distinguish. Correct agreements used to detect parties; su                                                                                                                                   | Books                                              | romance                                            |            9.43 |            2408.96 |     1.4148382999152258
 AAAAAAAAIHBBAAAA | Available, actual parents reach too valuable degrees. Accordingly free feet shall separat                                                                                                                | Books                                              | romance                                            |            4.72 |               4.58 |  0.0026899406439342016
 AAAAAAAAIJLBAAAA | Indeed natural problems give really later british options. Certain models show as african, new cars. Animals contemplate now trains. Only contemporary techniques detai                                  | Books                                              | romance                                            |            4.36 |            5820.33 |      3.418415333648374
 AAAAAAAAIKKAAAAA | Trees create hitherto with a hearts. Special, japan                                                                                                                                                      | Books                                              | romance                                            |            1.36 |            3301.02 |     1.9387659092663054
 AAAAAAAAIKLCAAAA | Better overall months arise particularly days. Young, different eyes could not support conservat                                                                                                         | Books                                              | romance                                            |            7.78 | 152.29000000000002 |    0.08944346302723573
 AAAAAAAAIOADAAAA | Southern hundreds stand unfortunately as late years. E                                                                                                                                                   | Books                                              | romance                                            |           26.91 |            2031.24 |     1.1929945488176654
 AAAAAAAAJGNAAAAA | Strong scenes fit girls. Available words ought to know. Upper hours must not reform only consi                                                                                                           | Books                                              | romance                                            |           51.34 |            2754.08 |      1.617535311931508
 AAAAAAAAJIOAAAAA | Active weeks listen immediate rights; wide, necessary eyes hold otherwise royal outcomes. Romantic charges might support adequately good, young patients. Green rights ought to incl                     | Books                                              | romance                                            |            1.54 |            7799.75 |      4.580974789852792
 AAAAAAAAKDDEAAAA | Regional months will accom                                                                                                                                                                               | Books                                              | romance                                            |            7.53 |               86.6 |   0.050862196455175084
 AAAAAAAAKFBAAAAA | Royal, powerful processes meet moreover words. Later civil numbers ought to read other changes; units get units;                                                                                         | Books                                              | romance                                            |            9.36 |            3169.13 |     1.8613038412469862
 AAAAAAAAKGEDAAAA | Paintings could not include roman, central features. Enough gay rights must not                                                                                                                          | Books                                              | romance                                            |            3.13 |            7359.49 |      4.322399840529982
 AAAAAAAAKHMCAAAA | Tomorrow misleading critics may not believe enough normally main victims. More broken feet must not hate ridiculous fingers. Islands shall sound sort of children. Then huge difficulties answe          | Books                                              | romance                                            |            2.07 | 1594.8600000000001 |      0.936698413839498
 AAAAAAAALGODAAAA | Teachers ban most schools. Spare, able effects may come only big arms. Waters think more than ready members. Regional men must identify damp ways. Common reasons might not like particularly            | Books                                              | romance                                            |            1.16 |            2982.41 |     1.7516388375274679
 AAAAAAAAMBDAAAAA | Interests ought to discuss past, rare hopes. Slight effects could go at least by the p                                                                                                                   | Books                                              | romance                                            |            9.58 |            7472.58 |      4.388820230796908
 AAAAAAAAMGCCAAAA | Central hopes suggest usually both ordinary individuals; costs avoid roughly new tasks. Particula                                                                                                        | Books                                              | romance                                            |            4.83 |            1148.98 |     0.6748227076566635
 AAAAAAAAMJCDAAAA | Senior, skilled houses know at least great rights; states may know almost inner, final chips. Also military procedures should not control however in a months. So late beds might expect as rights. Lat  | Books                                              | romance                                            |            3.16 |              570.7 |    0.33518539857931207
 AAAAAAAAMOBBAAAA | Different, major months may want as jobs. Longer good                                                                                                                                                    | Books                                              | romance                                            |            0.16 |            6664.89 |     3.9144450869761185
 AAAAAAAANBACAAAA | Small figures would not induce limited judges; then great customers should not contribute widely poor, financi                                                                                           | Books                                              | romance                                            |            4.09 |            2861.82 |      1.680813522625279
 AAAAAAAANGAAAAAA | International shadows want already; human questions make major resources. Teachers gi                                                                                                                    | Books                                              | romance                                            |            7.88 |            4508.98 |     2.6482289442546803
 AAAAAAAANKFAAAAA | Su                                                                                                                                                                                                       | Books                                              | romance                                            |           61.76 |             1584.9 |     0.9308486739238682
 AAAAAAAAOBGEAAAA | Slim, available y                                                                                                                                                                                        | Books                                              | romance                                            |            0.58 |             294.24 |     0.1728140032906549
 AAAAAAAAOFHCAAAA | Always dangerous years might see even indeed equivalent years. Employers raise clear ways. Formal purposes could not expect proud hands. Products shall recall in particular. Total, european babies d   | Books                                              | romance                                            |            5.97 | 7289.1900000000005 |      4.281111013615447
 AAAAAAAAOJKBAAAA | Poor, distinct women used to consider without a years. Accidents stay eyes; bad points should like straight times. However literary trees used to hope of course. Other                                  | Books                                              | romance                                            |            2.86 |            4165.89 |     2.4467241985063435
 AAAAAAAAPCJCAAAA | Children know. Mechanical, soft cases may knit.                                                                                                                                                          | Books                                              | romance                                            |            5.62 |            3190.52 |     1.8738666863067575
 AAAAAAAAABGEAAAA | Now local years like too liberal changes. Here religious methods take forward primary countries. Financial,                                                                                              | Books                                              | science                                            |            3.87 |            7154.52 |      2.527336898736505
 AAAAAAAAACFBAAAA | Naval, red things roll still perfect men. Seats see from a chips. Areas strive twice for a affairs. Wounds think as from a artists. Feet should not constitute however in a                              | Books                                              | science                                            |            1.64 |            4911.17 |     1.7348726618931474
 AAAAAAAAACNBAAAA | Chapters would not go profoundly other conditions. Fully palestinian orders accelerate.                                                                                                                  | Books                                              | science                                            |            5.72 |             475.09 |    0.16782572237141363
 AAAAAAAAAIEBAAAA | Planned                                                                                                                                                                                                  | Books                                              | science                                            |            3.11 |            3623.91 |     1.2801475795301722
 AAAAAAAAALIDAAAA | Married, essential titles should think meanwhile marginal pubs. Almost elderly measures make solutions. So large faces will not treat tiny, full relations; leg                                          | Books                                              | science                                            |            3.86 | 3308.6600000000003 |       1.16878539767497
 AAAAAAAAAOFAAAAA | Muscles dress both on a agents. Difficult meetings must not train theories. Young, simple flowers make then other, early transactions. Participants ought to sell still. Minimal, ordinary fi            | Books                                              | science                                            |            1.95 |            3817.76 |     1.3486251654227368
 AAAAAAAABBACAAAA | Years must not produce jewish, financial subjects. National, unique kids would think then all right white habits. Practitioners would not take rati                                                      | Books                                              | science                                            |            3.16 | 10577.600000000002 |     3.7365412047314512
 AAAAAAAABBJCAAAA | Dogs s                                                                                                                                                                                                   | Books                                              | science                                            |            8.08 |           16669.55 |      5.888524848673721
 AAAAAAAACGIAAAAA | So old persons look also bare cases. Often able points may enjoy apparently. Male, upp                                                                                                                   | Books                                              | science                                            |            1.96 |           17045.66 |     6.0213858485708185
 AAAAAAAACHKAAAAA | Helplessly green organizations know efficient languages. Most political lines create as the units. Previous, scientific levels may not go steadily old areas. Easy ultimate patients mi                  | Books                                              | science                                            |            0.64 |               71.6 |   0.025292727108112596
 AAAAAAAACIFCAAAA | Moral measures shall seem here physical, chief companies. Sharply proposed parents r                                                                                                                     | Books                                              | science                                            |            3.17 |            8987.68 |     3.1749013627799085
 AAAAAAAACLAAAAAA | Walls stop definitions. Upper patients conclude as times. Old phases know therefore responsible systems. Hardly new families see of course nonetheless valid f                                           | Books                                              | science                                            |            1.41 |           10443.07 |       3.68901843129773
 AAAAAAAACLDEAAAA | Trees become women. New, soviet forces may not shift even. Economic positions ought to provide logical, medium candidates. Safe, direct matters care now gift                                            | Books                                              | science                                            |            9.35 |             701.73 |    0.24788638817843373
 AAAAAAAACMJCAAAA | Considerably identical scholars act largely as average evenings. Old birds will like principally computers. Items can retain surely also innocent arts. Different, european strings could n              | Books                                              | science                                            |            1.77 |            2210.68 |     0.7809235469743345
 AAAAAAAACOICAAAA | Hopes enter in the hills. Groups satisfy th                                                                                                                                                              | Books                                              | science                                            |            4.57 |            1894.96 |     0.6693953374411878
 AAAAAAAADMBAAAAA | Ever corporate dates could get only sources. More actual states can get. Banks will test vehicl                                                                                                          | Books                                              | science                                            |            4.13 |            6985.16 |      2.467510414615975
 AAAAAAAADOOAAAAA | Old, individual proceedings can reduce seriously poor, awful solutions;                                                                                                                                  | Books                                              | science                                            |            7.23 |            9499.49 |      3.355698439053695
 AAAAAAAAGDFCAAAA | Very top things would sort throughout a women. Main hours would underpin wrong principles. Other, different windows arise more for the threats. Hard minutes must pay further hard true positi           | Books                                              | science                                            |            7.78 | 1129.1100000000001 |    0.39885853498660645
 AAAAAAAAGICDAAAA | Around new individuals favour desperate, similar clients. Models would not receive perhaps other managers. Genuine players cos                                                                           | Books                                              | science                                            |           70.78 |  7490.469999999999 |      2.646011363428829
 AAAAAAAAGLGAAAAA | Rigid words develop so mainly true officials. Facts stop especially at a homes. Alive mammals bring. Holders confirm national, free shows; easy, exact statements                                        | Books                                              | science                                            |            3.32 |             293.12 |     0.1035447509766755
 AAAAAAAAHHLDAAAA | Surprising, western users ought to entertain secondary, permanent types. Only broad loans launch bedrooms. Th                                                                                            | Books                                              | science                                            |             3.1 |            2119.68 |     0.7487777625212865
 AAAAAAAAIFJBAAAA | Emotion                                                                                                                                                                                                  | Books                                              | science                                            |            2.56 |  5095.839999999999 |     1.8001074093101186
 AAAAAAAAIJCBAAAA | Particular days set tears. Different, legitimate proportions think particularly enough popular ways                                                                                                      | Books                                              | science                                            |            0.48 |            6624.83 |     2.3402237056932624
 AAAAAAAAIJCDAAAA | Changes restore so typical, great questions; well suspicious weeks might not encompass as. Small, big metals should specify ex                                                                           | Books                                              | science                                            |            1.93 | 2437.3500000000004 |     0.8609948102927131
 AAAAAAAAIJGCAAAA | Other hands shall hide women. Unfair, true workers enter just countries; public companies will not                                                                                                       | Books                                              | science                                            |            0.28 |             359.91 |     0.1271383437636984
 AAAAAAAAILAAAAAA | Meetings reach voluntarily legal, national companies. Just perfect manufacturers inform so gentle b                                                                                                      | Books                                              | science                                            |           10.17 |             4889.3 |     1.7271470761130578
 AAAAAAAAINHAAAAA | Nights call. Particular, statutory locations find territorial, junior factors. Daughters mean; great targets buy there routes. Modern nights will not accep                                              | Books                                              | science                                            |             4.7 |            1171.16 |    0.41371271340694354
 AAAAAAAAJFIAAAAA | Main, aware factors should feel carefully fine, old trees. Past corners win only at a systems. Professional models shall spend nuclear, correct individuals. Al                                          | Books                                              | science                                            |           43.69 |            6622.33 |       2.33934057974675
 AAAAAAAAJFNBAAAA | Conscious qualifications must smell here ready, r                                                                                                                                                        | Books                                              | science                                            |            0.72 |            1161.04 |    0.41013781957546164
 AAAAAAAAJNECAAAA | Alternative methods arrange really to a doubts. Different islands talk finely; technological, material houses attract yesterday public cases. Main children may analyse ago nicely successful            | Books                                              | science                                            |           34.21 | 3621.4900000000002 |     1.2792927136139483
 AAAAAAAAJOLAAAAA | So dead barriers would cost expectations. Open plants could know british, civil affairs. Academic organ                                                                                                  | Books                                              | science                                            |            4.49 |              822.3 |    0.29047778632682947
 AAAAAAAAKFGCAAAA | Over spiritual parents can define as old hours. United factors could welcome well male ways. General things must move in the minutes. Twins would reply minutes. Special organisms would come al         | Books                                              | science                                            |            7.28 |           10628.52 |      3.754528714010013
 AAAAAAAAKJOBAAAA | There just effects ought to balance political, compulsory weeks. Mutually social                                                                                                                         | Books                                              | science                                            |            7.28 |            7339.54 |      2.592695283785988
 AAAAAAAAKLEDAAAA | Central, general calculations ought to pay issues. Charts resume already new years. Years celebrate. Now other members get. Likely offices guess much about a restaurants. Below grey states see unexpec | Books                                              | science                                            |            1.69 |             166.61 |    0.05885504557936649
 AAAAAAAALCNCAAAA | Legs shall not make today inc times. Old, united gaps cannot see more basic children. Goods buy                                                                                                          | Books                                              | science                                            |            5.39 | 2126.2799999999997 |      0.751109215020079
 AAAAAAAAMAODAAAA | Shots must talk at least subjects; at best honest                                                                                                                                                        | Books                                              | science                                            |            2.59 |            5660.03 |     1.9994077404152313
 AAAAAAAAMKGBAAAA | Social plans used to mee                                                                                                                                                                                 | Books                                              | science                                            |            8.78 |             1439.5 |     0.5085039200017889
 AAAAAAAANNKBAAAA | True, old moments shall not set factors. Public reforms buy absolutely also existing shadows; meetings may take letters. Strategies may provide even average, corporate sect                             | Books                                              | science                                            |            4.15 |            3843.19 |       1.35760832255066
 AAAAAAAAOFICAAAA | Perfect, expected crews renew. French, european sectors become yards. Criminal, good rounds want now united benefits. Further american eggs require only satisfactory restri                             | Books                                              | science                                            |            0.22 |           19551.35 |      6.906521789737392
 AAAAAAAAOIBDAAAA | Certainly unusual eyes specify only like the needs. Manufacturing, growing parents shake important, correct                                                                                              | Books                                              | science                                            |            9.16 |            2870.75 |     1.0140935243800873
 AAAAAAAAOIFBAAAA | Due, deep metho                                                                                                                                                                                          | Books                                              | science                                            |            8.78 |            4270.42 |      1.508527481802042
 AAAAAAAAOIHCAAAA | New, full eyes shall not make below to the implications. Much essential cell                                                                                                                             | Books                                              | science                                            |            4.32 |  7734.450000000001 |     2.7321973908008594
 AAAAAAAAOJODAAAA | Members clear badly normal, small buses; services will not record special, individual years; french, avai                                                                                                | Books                                              | science                                            |           92.87 |           13338.43 |      4.711805447495284
 AAAAAAAAOKEAAAAA | Doors tell today here c                                                                                                                                                                                  | Books                                              | science                                            |            8.34 |  8420.789999999999 |     2.9746472556525623
 AAAAAAAAOMFBAAAA | Strongly adverse interests shall mak                                                                                                                                                                     | Books                                              | science                                            |            5.97 |            2701.04 |     0.9541434026270454
 AAAAAAAAOOABAAAA | Police lead more right                                                                                                                                                                                   | Books                                              | science                                            |            4.48 | 16230.869999999999 |      5.733560972587313
 AAAAAAAAPAFCAAAA | Possible views occur on the words. So a                                                                                                                                                                  | Books                                              | science                                            |             4.1 |             131.78 |    0.04655133489255696
 AAAAAAAAPAOCAAAA | Rooms                                                                                                                                                                                                    | Books                                              | science                                            |           50.31 |           19090.76 |      6.743818197855749
 AAAAAAAAPHLBAAAA | More long-term reasons know young tourists. Instances think as sets. Peculiarly social quantities might ta                                                                                               | Books                                              | science                                            |           24.07 |  5324.799999999999 |      1.880987615995502
 AAAAAAAAAAABAAAA | Jobs could persuade white, empirical men. Past services commit neat, final vehicles. Dual individuals get al                                                                                             | Books                                              | self-help                                          |            5.17 |             8983.4 |     3.0590186908854693
 AAAAAAAAAECCAAAA | Rough years shall win new days. Fresh citizens keep colours. Financial, national others shake quite possible, informal employer                                                                          | Books                                              | self-help                                          |            6.14 |            4342.52 |     1.4787107159365016
 AAAAAAAAAIDDAAAA | Internal countries include here rapid trousers. Internal schools d                                                                                                                                       | Books                                              | self-help                                          |             7.1 |             5127.2 |     1.7459091916098557
 AAAAAAAAAJACAAAA | Measures may pursue on an minutes; judicial, early hands guarantee please to the things. Russian procedures form rather clear figures; publications may talk most                                        | Books                                              | self-help                                          |            7.29 |           16250.84 |      5.533720340025961
 AAAAAAAAAOJAAAAA | Simple organizations must not establish implicit ideas. Views give too british minutes. Ill, soft reasons write in a consumers. Players describe however. Critics poison about; ladies                   | Books                                              | self-help                                          |             1.7 |           15767.54 |     5.3691474908480386
 AAAAAAAAAOPDAAAA | Nice others shall behave soon either notable ministers; only early systems may fall right; personal, other candidates warn thus articles. Repeatedly resp                                                | Books                                              | self-help                                          |            7.56 |             529.98 |    0.18046827768945845
 AAAAAAAABHBBAAAA | Lovely, political others remain systems. Arab forces should not incorporat                                                                                                                               | Books                                              | self-help                                          |            3.71 |            1298.53 |     0.4421741813428666
 AAAAAAAABONAAAAA | Then religious b                                                                                                                                                                                         | Books                                              | self-help                                          |            2.51 |           17791.89 |      6.058477197517451
 AAAAAAAABPPDAAAA | Magnificent features like much criminal states. Brave children could not ac                                                                                                                              | Books                                              | self-help                                          |            0.68 |            1448.15 |     0.4931226392241014
 AAAAAAAACICCAAAA | Probably                                                                                                                                                                                                 | Books                                              | self-help                                          |            2.31 |            2989.79 |     1.0180804029457073
 AAAAAAAACKEDAAAA | Environmental drugs can find new police. Physical, english r                                                                                                                                             | Books                                              | self-help                                          |            8.31 |             753.45 |     0.2565640662385797
 AAAAAAAACOBDAAAA | National, concerned proteins see                                                                                                                                                                         | Books                                              | self-help                                          |            1.91 |             3009.8 |     1.0248941888179404
 AAAAAAAAECIDAAAA | Residential times play on the foods;                                                                                                                                                                     | Books                                              | self-help                                          |            9.39 |            1724.19 |      0.587119513395576
 AAAAAAAAEEGCAAAA | Wise drugs create performances. Organic, popular men extract essentially of course like gains; members shall not think also. Certainly white children catch. Electrical supporters s                     | Books                                              | self-help                                          |            4.57 |            5742.84 |     1.9555463297598579
 AAAAAAAAEMJAAAAA | Nice, real operations would say. Teachers should last about female, holy families; straight aware shares used t                                                                                          | Books                                              | self-help                                          |            4.57 |            6434.45 |      2.191052698930027
 AAAAAAAAFABBAAAA | Just british argument                                                                                                                                                                                    | Books                                              | self-help                                          |            2.27 |             738.99 |     0.2516401610055717
 AAAAAAAAFPEBAAAA | Free, contemporary views say terms. Min                                                                                                                                                                  | Books                                              | self-help                                          |            1.87 |            1708.36 |     0.5817290970858584
 AAAAAAAAFPFDAAAA | Original, overall police settle at the children. Far close enemies like                                                                                                                                  | Books                                              | self-help                                          |            0.24 |             9355.8 |     3.1858279791822994
 AAAAAAAAGBDBAAAA | Lines talk just to the shareholders. Sad, main studies will sell just doubtful, central arms; nev                                                                                                        | Books                                              | self-help                                          |            1.12 | 3583.1099999999997 |     1.2201171562547177
 AAAAAAAAGCIDAAAA | Entries arise members. Pupils walk in a men; perhaps aware owners look sometimes solutions. Different lines shall see. Odd sentences should not get mutually old adults. Early general sh                | Books                                              | self-help                                          |            4.63 |             250.41 |    0.08526937132762989
 AAAAAAAAGEAEAAAA | Encouraging, naked cars shall form very from a minutes; members exercise to a users. Medical workers shall spend at the things. Different da                                                             | Books                                              | self-help                                          |            0.35 |            3705.58 |      1.261820522360284
 AAAAAAAAGGEBAAAA | Good men can meet all. Social ways prevent. Devices want quickly young we                                                                                                                                | Books                                              | self-help                                          |            2.84 |              957.8 |     0.3261491308558121
 AAAAAAAAGHPDAAAA | Modern, permanent o                                                                                                                                                                                      | Books                                              | self-help                                          |            4.89 |            6837.59 |      2.328329542334926
 AAAAAAAAGIDAAAAA | High chinese levels escape on a cards. Largely solid facilities might think more files; representative, novel notes might convert sexual, historical scor                                                | Books                                              | self-help                                          |            1.32 | 12666.919999999998 |     4.3133273633536255
 AAAAAAAAGKADAAAA | Welsh, urban definitions shall say twice as different kinds. Groups return in a communications. German, dear crops study doors. Quite top shares get in a recommendations; others could                  | Books                                              | self-help                                          |             4.8 |           11824.32 |      4.026406025225513
 AAAAAAAAGLKCAAAA | Types co-operate communities. Biological part                                                                                                                                                            | Books                                              | self-help                                          |            4.11 |            6816.93 |     2.3212944190905316
 AAAAAAAAHCBDAAAA | Parties                                                                                                                                                                                                  | Books                                              | self-help                                          |            1.26 |  4375.969999999999 |     1.4901010776269659
 AAAAAAAAHDFEAAAA | Heavy years used to ask really days. Shelves borrow. Sometimes different stones donate arms. Tough, revolutiona                                                                                          | Books                                              | self-help                                          |            9.99 |            1710.57 |     0.5824816441512074
 AAAAAAAAHDHCAAAA | Sides justify typicall                                                                                                                                                                                   | Books                                              | self-help                                          |            1.61 |  959.8399999999999 |    0.32684378968536504
 AAAAAAAAHPECAAAA | As open conditions stay distinct, political places. As large musicians get less; tory reductions may put seriously too real questions. Now good departments could destroy well with the combin           | Books                                              | self-help                                          |            4.33 |           13206.87 |      4.497190615813008
 AAAAAAAAIGPDAAAA | Encouraging, favorable parents used to withdraw markets. Actually medical policies must assist seats. Radical, great senses finance for example                                                          | Books                                              | self-help                                          |            8.89 |            3727.64 |     1.2693323722524112
 AAAAAAAAIHICAAAA | Criticisms would talk then fat processes. Peaceful, psychological friends must not take between a steps. Old instruments can cope experts. Foreigners fail very in a steps. Technologies introduce s     | Books                                              | self-help                                          |            8.91 |            7096.42 |     2.4164660839296324
 AAAAAAAAIKJCAAAA | Far long planes think. Inc goods convey again. Parts say there alone words. Normally personal d                                                                                                          | Books                                              | self-help                                          |           81.68 |             620.78 |    0.21138740598524852
 AAAAAAAAIODAAAAA | Other men get different, additional minutes. Young, other styles land better old leaders. Much anxious ages should spin less good, new teeth. Intentions believe serv                                    | Books                                              | self-help                                          |            5.49 |            5857.13 |     1.9944642501665302
 AAAAAAAAIPIDAAAA | Other, head savings ought to get masters. Chapters place planned, little pupils. Attitudes increase then narrow, available songs. European                                                               | Books                                              | self-help                                          |            2.27 |            4600.66 |     1.5666122993976828
 AAAAAAAAKJABAAAA | Alleged thanks may fire either funds. Liberal friends might occupy today soci                                                                                                                            | Books                                              | self-help                                          |             3.7 |             106.56 |   0.036285708273121046
 AAAAAAAAKJDAAAAA | So available claims enhance most current nights. Specific p                                                                                                                                              | Books                                              | self-help                                          |            3.36 |            3473.28 |     1.1827179507401075
 AAAAAAAAKJMDAAAA | Long stars would strike white, sole arms. Boys may strengthen at a holid                                                                                                                                 | Books                                              | self-help                                          |                 |              712.5 |    0.24261981179240563
 AAAAAAAAKMEDAAAA | Still keen runs shop else christian cases. Happy, unc                                                                                                                                                    | Books                                              | self-help                                          |            0.58 |  8137.860000000001 |     2.7710962267971175
 AAAAAAAAKNFAAAAA | Purposes might see in a things. Savings must donate then. Musical women shall not cut twice addition                                                                                                     | Books                                              | self-help                                          |            9.44 |              69.34 |    0.02361158982411987
 AAAAAAAALEDBAAAA | External, minor businesses would know certain incentives. Auditors regain more because of the seats. Legal sanctions see; palestinian, low stones prevent in order charges. Lo                           | Books                                              | self-help                                          |            1.44 |            7715.98 |      2.627438056693286
 AAAAAAAALGCAAAAA | New, relevant pi                                                                                                                                                                                         | Books                                              | self-help                                          |            2.08 |            3452.77 |     1.1757339053508273
 AAAAAAAALLHCAAAA | Industrial offenders hear possible partners. Awkward ministers supply technical, voluntary features. German artists repres                                                                               | Books                                              | self-help                                          |            2.19 |            9068.15 |     3.0878776790249867
 AAAAAAAALOAAAAAA | Severe, golden waves would prepare economic, eventual words. Grey consumers shall not get cheerfully in a experiences. Professional, left                                                                | Books                                              | self-help                                          |            0.85 |  7128.540000000001 |     2.4274035553047515
 AAAAAAAAMGEAAAAA | Posit                                                                                                                                                                                                    | Books                                              | self-help                                          |            8.17 |           21140.65 |      7.198793718132099
 AAAAAAAAMIEBAAAA | Free crews might fall even on a securities. Problems come masters. New, other women must not give somewhere financial, cultural sales. Social, early pair                                                | Books                                              | self-help                                          |            5.85 |            8737.89 |      2.975417862824903
 AAAAAAAAMJPCAAAA | Else lovely days write. Ordinary, powerful cases must tackle then by a versions. Emotions will not damage other,                                                                                         | Books                                              | self-help                                          |            3.48 |                    |                       
 AAAAAAAAMMJCAAAA | Questions may kil                                                                                                                                                                                        | Books                                              | self-help                                          |            0.42 |               8210 |     2.7956612699167023
 AAAAAAAAMMNDAAAA | Implications might not put for a elements. Too international tests shall not advise longer to a championships. Comfortable shops might sus                                                               | Books                                              | self-help                                          |            2.56 |             693.92 |     0.2362929681389279
 AAAAAAAANCNDAAAA | Purposes break new, other police. Materials must not lower experiments. Aspects fancy also polls. Bottom decisions speak sections. German papers would occur as magnetic sente                           | Books                                              | self-help                                          |            0.71 |               4703 |     1.6014610173469246
 AAAAAAAANKOAAAAA | Relative villages used to watch usually young months. Special                                                                                                                                            | Books                                              | self-help                                          |            2.26 |            2937.03 |      1.000114618706876
 AAAAAAAAOFCCAAAA | Problems will cause clear bonds. Doors reject                                                                                                                                                            | Books                                              | self-help                                          |            6.56 |            5306.45 |     1.8069472284713135
 AAAAAAAAOFDEAAAA | Massive plants would test also other, popular groups. Far inner readers must send also also considerable addresses. Living, enormous requirements will make unacceptable, bri                            | Books                                              | self-help                                          |            8.56 | 2313.6200000000003 |     0.7878316476619587
 AAAAAAAAPADBAAAA | Quickly special women reduce o                                                                                                                                                                           | Books                                              | self-help                                          |            3.18 |             613.12 |    0.20877903018408384
 AAAAAAAAPJICAAAA | Now overall benefits shall reveal perhaps original supporters. Previously above                                                                                                                          | Books                                              | self-help                                          |            0.67 |            6352.42 |     2.1631199225632467
 AAAAAAAAACLAAAAA | New, french objectives must not retain pa                                                                                                                                                                | Books                                              | sports                                             |            5.93 |            3250.67 |     1.0705484679179442
 AAAAAAAAACOBAAAA | Historical, classical patients make in the women. Correct, alone patients might not pass all classes. Equally great rates lead;                                                                          | Books                                              | sports                                             |            8.37 |             3386.7 |     1.1153474503095369
 AAAAAAAAAEABAAAA | Under conservative elements beat other, numerous managers. Whole, weak c                                                                                                                                 | Books                                              | sports                                             |            2.19 |            1216.48 |    0.40062534808295547
 AAAAAAAAAFJAAAAA | Respective, right children would not decline areas. Easy boys may appear in a years. Other tears cannot like professional nurses; authorities answer away urban, final players. Imp                      | Books                                              | sports                                             |            3.93 | 3178.4199999999996 |     1.0467542572453532
 AAAAAAAAAFPDAAAA | Efficient, military rates can fail yet rural muscles. Much independent goods establish much usually active schemes; possible circles get nevertheless automatic, monetary things.                        | Books                                              | sports                                             |            5.39 |           13629.52 |      4.488632114135541
 AAAAAAAAAODDAAAA | Personal policies must stand especially cheap eastern values. Full museums get for a trousers. Goods fall in a males. New, incredible carers can make about large responses                              | Books                                              | sports                                             |            2.61 |  8747.650000000001 |     2.8808778822157914
 AAAAAAAACODBAAAA | However human patients destroy years. Moreover delicate markets must add to a benefits. Daily things take poor, able chi                                                                                 | Books                                              | sports                                             |           54.36 |           12330.76 |      4.060909359074858
 AAAAAAAACPCDAAAA | Generally fr                                                                                                                                                                                             | Books                                              | sports                                             |            4.66 |            8175.82 |     2.6925561730267566
 AAAAAAAADACCAAAA | Seriously significant counties must not resist periodically global senior ins                                                                                                                            | Books                                              | sports                                             |            4.68 |  4707.950000000001 |     1.5504768738550165
 AAAAAAAADFCDAAAA | Then lacking restrictions advance. Now principal authorities leave further changes. Instructions would repeat especia                                                                                    | Books                                              | sports                                             |            0.38 |              37.48 |   0.012343349702542722
 AAAAAAAADGNDAAAA | Similar bags live then. Factors will not guide around bare forests. Still full brothers would sleep decidedly usual                                                                                      | Books                                              | sports                                             |            4.15 |            7918.14 |     2.6076939971635977
 AAAAAAAAEBDDAAAA | Adv                                                                                                                                                                                                      | Books                                              | sports                                             |           34.15 | 11639.910000000002 |     3.8333905986159045
 AAAAAAAAEDOCAAAA | Late new effects get so tall hundreds. Total, victorian remar                                                                                                                                            | Books                                              | sports                                             |            8.26 |           14830.03 |      4.883998035997856
 AAAAAAAAEHDCAAAA | Able classes enjoy bright problems. Combinations form so by a campaigns. Actually important types c                                                                                                      | Books                                              | sports                                             |            7.09 |            3505.48 |     1.1544654619869121
 AAAAAAAAEMBDAAAA | Modest, western boards see teenage phases. Employers shall not come human, full components; possible, weak levels like well previous, other patients; closely steep points                               | Books                                              | sports                                             |            2.25 |            1763.71 |     0.5808454990360626
 AAAAAAAAENJAAAAA | Years remind winds. Running, main passengers go very able, british pensioners. Please public cuts worry very full trees. Scientific clubs like very to a pro                                             | Books                                              | sports                                             |            3.31 |              99.84 |    0.03288047049898254
 AAAAAAAAEPDAAAAA | There black points mean finally recommendations. Above high days put furthermore difficult partners. Also small years live large, narrow fees. Other degrees would love. Later traditional size          | Books                                              | sports                                             |            3.84 |            5187.24 |     1.7083222334849977
 AAAAAAAAFGOAAAAA | Groups welcome troops; back feet decide by a months. Big demands will                                                                                                                                    | Books                                              | sports                                             |            1.85 |            4946.26 |      1.628959895936472
 AAAAAAAAFLOBAAAA | Rights will compare however tourists. Mostly vast women used to stay much by a rules. Developing cases may serve sole days; too wrong developments bu                                                    | Books                                              | sports                                             |            0.16 |            9509.85 |      3.131894454875291
 AAAAAAAAGDICAAAA | Boys wear however only, successful passages. Here british sources would bring more fl                                                                                                                    | Books                                              | sports                                             |            7.29 |            4058.88 |     1.3367175891317131
 AAAAAAAAGEMBAAAA | More personal plans get physically public tonnes. Transactions ought to keep low, early fields. Old, final relationships produce in a bodi                                                               | Books                                              | sports                                             |            1.78 |           13339.32 |      4.393060073482449
 AAAAAAAAGFPCAAAA | National workers should impose finally. British drugs would stop too afraid                                                                                                                              | Books                                              | sports                                             |            8.42 |           21059.47 |      6.935549700112257
 AAAAAAAAGLGDAAAA | Fresh details should not extend. Recent houses straighten. Apparently political divisions may not reassure ever other reports; somewhere                                                                 | Books                                              | sports                                             |            5.89 |            15197.5 |      5.005017532134286
 AAAAAAAAGNJBAAAA | Yesterday favorite ways increase previously chosen files; emotional boys should keep as well ordinary things. Initially used others should apply                                                         | Books                                              | sports                                             |            9.53 |           13760.88 |       4.53189311778885
 AAAAAAAAGONBAAAA | Local, historic weeks fulfil electric, dangerous days. Objectives work sound facilities. Locally new types used to change there here critical shapes. Big, voluntary discussions locate. Keen areas m    | Books                                              | sports                                             |            3.54 | 4813.4800000000005 |     1.5852312413606018
 AAAAAAAAHFBDAAAA | Thousands ought to swing inevitably f                                                                                                                                                                    | Books                                              | sports                                             |            8.18 |            3386.16 |     1.1151696112263092
 AAAAAAAAHFEAAAAA | Apologetically eastern centuries will acquire. Other feelings forg                                                                                                                                       | Books                                              | sports                                             |             1.9 |            1535.29 |     0.5056195668307581
 AAAAAAAAHFMBAAAA | Too sheer officials begin over criticisms. Prices would accept special, high topics. Sometimes consistent cities could                                                                                   | Books                                              | sports                                             |             9.8 |             5143.2 |     1.6938184682528743
 AAAAAAAAIPFBAAAA | By no means retail                                                                                                                                                                                       | Books                                              | sports                                             |            2.23 |            5677.98 |     1.8699384403426769
 AAAAAAAAKAADAAAA | Ministers can believe clearly then natural shoulders. New, full teeth interview then soon available forms. Un                                                                                            | Books                                              | sports                                             |            4.82 |             6660.6 |      2.193546292122627
 AAAAAAAAKBBCAAAA | Folk should report too linear, other markets; contributions cling about poor, permanent specimens; questions might tak                                                                                   | Books                                              | sports                                             |            0.31 |             111.15 |     0.0366052112976954
 AAAAAAAAKCPCAAAA | Equivalent counties persist. Worldwide white days mo                                                                                                                                                     | Books                                              | sports                                             |            2.37 |            5092.22 |     1.6770291414696399
 AAAAAAAAKEBBAAAA | Short, local leaves will s                                                                                                                                                                               | Books                                              | sports                                             |            9.23 |            1214.85 |    0.40008853751691636
 AAAAAAAAKGPBAAAA | Political mi                                                                                                                                                                                             | Books                                              | sports                                             |            1.82 |            8271.86 |     2.7241851833104334
 AAAAAAAALCAAAAAA | Together common thanks succeed together armed skills. Men may smell maybe lives; scientific workers become years. Finally early sites comprehend. Other countri                                          | Books                                              | sports                                             |             2.6 |            7705.02 |     2.5375068389830773
 AAAAAAAAMAICAAAA | Special authors ought to say quickly alternative, normal opportunities. Bitter hands read here specifically top costs. Scientific agents stay secondary words; stairs ought to say hours. Both fatal     | Books                                              | sports                                             |             1.2 |            1486.94 |     0.4896963822491696
 AAAAAAAAMCPAAAAA | Real days would cope. From time                                                                                                                                                                          | Books                                              | sports                                             |            7.92 |             587.32 |    0.19342305622458358
 AAAAAAAAMDLAAAAA | Iss                                                                                                                                                                                                      | Books                                              | sports                                             |            0.12 |             371.25 |     0.1222643697190231
 AAAAAAAAMNKCAAAA | Everyday, economic friends sou                                                                                                                                                                           | Books                                              | sports                                             |            2.63 |           10097.29 |     3.3253570308961478
 AAAAAAAAMNKDAAAA | Walls cover rapidly strong children; interested, free windows build. Even russian members introduce then other                                                                                           | Books                                              | sports                                             |             1.1 |  7587.089999999999 |     2.4986687591959673
 AAAAAAAAMOMDAAAA | Asleep, simple times shall look alone, importa                                                                                                                                                           | Books                                              | sports                                             |            3.49 |            4495.16 |      1.480398395114246
 AAAAAAAANIDEAAAA | Arrangements must rest then other incomes. Known, physical heels ought to ask                                                                                                                            | Books                                              | sports                                             |            7.54 |               4325 |     1.4243593239993937
 AAAAAAAANONDAAAA | Spanish steps contact widely local papers. Rights should promote n                                                                                                                                       | Books                                              | sports                                             |            4.63 |             542.41 |    0.17863277246948234
 AAAAAAAAOKGCAAAA | Powerful, front companies cannot provide well human forms; recent, sufficient children might not discover therefore high penalties. Private, usual assumptions seem mo                                   | Books                                              | sports                                             |            4.38 |           12066.86 |     3.9739987404382253
 AAAAAAAAPCLAAAAA | Circumstances collect now in the heads. Great animals ought                                                                                                                                              | Books                                              | sports                                             |            1.54 | 2991.0200000000004 |     0.9850375087326398
 AAAAAAAAPFCDAAAA | Elements should make most over ot                                                                                                                                                                        | Books                                              | sports                                             |             1.6 |            7610.68 |      2.506437692479932
 AAAAAAAAPOPCAAAA | Horses attempt very to a factors. As new years may not light faint citizens; inches produce around; good earnings suggest already to the users. Too potential cost                                       | Books                                              | sports                                             |            6.33 |            16394.5 |      5.399227499955621
 AAAAAAAAADLAAAAA | Cattle see meals. Tiny, recent directions will not cut in a buyers. Stands could guard later commercial, red members.                                                                                    | Books                                              | travel                                             |           78.45 |           11382.37 |      3.290675153645857
 AAAAAAAAAEGDAAAA | Better british beliefs know. Now considerable museums can tender just fundamental alive patients. So-called conditions make actually different, important eyes. Partially final sta                      | Books                                              | travel                                             |            8.69 | 5574.0599999999995 |      1.611476410179183
 AAAAAAAAAFFBAAAA | Years can find. Either evident meetings produce alternative, able children. Most central fees change less indeed c                                                                                       | Books                                              | travel                                             |            3.55 |  6977.620000000001 |     2.0172495504523584
 AAAAAAAAAGLDAAAA | Similar notes shall train colourful, official copies. Days should discover here tests. Soon previous teeth used to see to a travellers. Little, raw holders used to help i                               | Books                                              | travel                                             |             2.3 |           10864.02 |        3.1408187119828
 AAAAAAAAAHNDAAAA | Rough, following elements pay newly. Customers hold often limited months. Alone, golden of                                                                                                               | Books                                              | travel                                             |            4.08 |            2970.67 |     0.8588290451532623
 AAAAAAAAAJHBAAAA | Goods find soon; then substantial cases used to allow more personal basic players. Previous, clear provisions might see beforehand others. Atlantic parts think also also true years. Little reade       | Books                                              | travel                                             |            2.73 |            1234.81 |      0.356987041053264
 AAAAAAAAAKKDAAAA | Rather british quanti                                                                                                                                                                                    | Books                                              | travel                                             |            1.05 |            5464.23 |     1.5797242485357883
 AAAAAAAAAKMDAAAA | Questions like clever, busy managers. Maybe reasonable rules like                                                                                                                                        | Books                                              | travel                                             |            7.38 | 11574.880000000001 |     3.3463303356359315
 AAAAAAAAAMABAAAA | Managers wou                                                                                                                                                                                             | Books                                              | travel                                             |             7.1 | 12553.740000000002 |      3.629321512420537
 AAAAAAAAAOKCAAAA | Professional, interesting funds                                                                                                                                                                          | Books                                              | travel                                             |            0.94 |            2497.61 |     0.7220660697638039
 AAAAAAAABEACAAAA | Interests understan                                                                                                                                                                                      | Books                                              | travel                                             |            2.94 |               11.6 |   0.003353592598227956
 AAAAAAAABLHDAAAA | Full, criminal concerns catch often especially good lights. Altogether young books ought to like with a authorities. Well various sales ought                                                            | Books                                              | travel                                             |            0.14 |            1942.38 |     0.5615475164608635
 AAAAAAAABLOCAAAA | Eyes replace with a methods. Current lengths                                                                                                                                                             | Books                                              | travel                                             |            4.68 |              967.2 |     0.2796202380177655
 AAAAAAAABNIDAAAA | Too like children must not see due organisers; nationwide competiti                                                                                                                                      | Books                                              | travel                                             |           86.77 |           16811.41 |      4.860225874290987
 AAAAAAAACAJAAAAA | Asian deals must help used services. At present detailed women might want closely still technical tons. Studies sha                                                                                      | Books                                              | travel                                             |             2.3 |            1806.43 |     0.5222439894152523
 AAAAAAAACBNBAAAA | Slow days used to like songs. Differently valuable members stop most patients. Uncomfortable, real laboratories wear other bits. Overseas pressures understand guests. Players bel                       | Books                                              | travel                                             |            8.94 |            4965.84 |      1.435638298964165
 AAAAAAAACEHAAAAA | Delicate, jewish papers know appropriate, traditional interests; animals shall                                                                                                                           | Books                                              | travel                                             |            2.15 |             612.44 |    0.17705812507402843
 AAAAAAAACHJBAAAA | Services might go too. Differences ought to regulate. Very international factors find barely arms. Items enable particularly delegates. Years would define. Employe                                      | Books                                              | travel                                             |            7.05 |            7702.12 |     2.2267045364365092
 AAAAAAAACNEDAAAA | Sure white numbers would try libraries. Patients could gain to a operations. Scottish issu                                                                                                               | Books                                              | travel                                             |            0.61 | 11100.460000000001 |      3.209174180424612
 AAAAAAAACOJDAAAA | Years could abandon strangely times. Important doctors ought to entail. Litt                                                                                                                             | Books                                              | travel                                             |            7.57 |            8407.43 |      2.430611639493075
 AAAAAAAACPECAAAA | Magistrates vote. Skilfully constant links give; strange, environmental                                                                                                                                  | Books                                              | travel                                             |           84.16 |            3577.21 |     1.0341814636471576
 AAAAAAAADEMAAAAA | However sure families fight into a creditors. New feet must pull jobs. Only presen                                                                                                                       | Books                                              | travel                                             |            4.64 |            7634.39 |      2.207123603102201
 AAAAAAAADLIAAAAA | Suitable things could not argue. Remarkable papers might consider soon political techniques. New surroundings cannot see for certain new, afraid things; long di                                         | Books                                              | travel                                             |            3.78 |            3471.82 |     1.0037129184810158
 AAAAAAAADOODAAAA | Eventual, direct powers will follow in the rats; thus lonely servants hide in a posts. Regional, subjective pa                                                                                           | Books                                              | travel                                             |            2.66 | 3726.4500000000003 |     1.0773271670402214
 AAAAAAAAEBIBAAAA | Poor, growing years might not ensure in order top talks. Other, economic associations might resist true social rights. Streets buy there enough                                                          | Books                                              | travel                                             |            1.04 |                197 |   0.056953253607836846
 AAAAAAAAECLCAAAA | Just, tiny ministers access local students. Very available perceptions create most by a seats. Vertical stars might see appropriate weapons; likely rights cost actual                                   | Books                                              | travel                                             |            0.18 |            8203.17 |     2.3715594994832436
 AAAAAAAAEEECAAAA | Usual computers must tell as good, similar police. Industrial members return on a things. Pla                                                                                                            | Books                                              | travel                                             |            1.96 |            3450.95 |     0.9976793428323074
 AAAAAAAAEIDBAAAA | Positive parties see well grants. Views work good t                                                                                                                                                      | Books                                              | travel                                             |            4.43 |            5587.28 |      1.615298349329922
 AAAAAAAAEMHDAAAA | Charges mean years; universal, empirical years affect most in a                                                                                                                                          | Books                                              | travel                                             |            9.02 |            9373.74 |      2.709974576009769
 AAAAAAAAFKGBAAAA | That is inadequate pupils tell politicians. Good, serious owners used to escape then in a words. Bodies should not know only comp                                                                        | Books                                              | travel                                             |            0.45 |               2621 |     0.7577384655134028
 AAAAAAAAGJLDAAAA | Ultimately military words rest again primary, likely commitments. Cats explain again wrong, old chips; films walk c                                                                                      | Books                                              | travel                                             |           40.55 |               9083 |      2.625920824974528
 AAAAAAAAGLFAAAAA | Full children may provide readily small homes. Sharp, whole tonnes try as                                                                                                                                | Books                                              | travel                                             |            1.41 | 13549.300000000001 |      3.917140706135349
 AAAAAAAAGOFBAAAA | Different services move in a emissions. Also whole goods can pay es                                                                                                                                      | Books                                              | travel                                             |            0.33 |             993.96 |    0.28735662921850513
 AAAAAAAAGOOBAAAA | Forces warn upper quarters. Economic men get most seldom english services. Tonnes used to notice actually french days. Softly low times rescue. New readers draw often imports. Economic m               | Books                                              | travel                                             |            0.67 |                    |                       
 AAAAAAAAHDJAAAAA | Finally active lengths come once more techniques; leaders shall not make all the same good pi                                                                                                            | Books                                              | travel                                             |            9.18 |           11792.54 |     3.4092564533023366
 AAAAAAAAIDCEAAAA | Sides may get seriously all irish causes; months must continue in a units. Important, certain daughters shall not compete. In addition large authorities become therefore in a possibilities; special    | Books                                              | travel                                             |            1.99 |             185.04 |   0.053495583997939744
 AAAAAAAAIMFBAAAA | Styles float more. Enough molecular men used to create. Flowers reveal from a preparations. Young transactions must extend today simultaneously angry years. Inner men would                             | Books                                              | travel                                             |            8.96 | 10573.099999999999 |      3.056712922441724
 AAAAAAAAIOMBAAAA | Commercial jews leave always large costs. So historic ac                                                                                                                                                 | Books                                              | travel                                             |            7.96 | 5639.6900000000005 |     1.6304502276120882
 AAAAAAAAJAPBAAAA | Incentives will make forward political respects. Artistic, powerful needs                                                                                                                                | Books                                              | travel                                             |            4.29 |            6230.47 |     1.8012463858173564
 AAAAAAAAJICDAAAA | Royal tales must go effectively somewhere labour ideas. Weekly, actual ways lie lovely mil                                                                                                               | Books                                              | travel                                             |            1.64 |              774.2 |    0.22382339565069687
 AAAAAAAAJMNAAAAA | Vast consequences recognize with a years. Legal officers rise reduced, new ideas. New, different measures will put before bad matters. High, white mag                                                   | Books                                              | travel                                             |             1.1 |            6150.04 |     1.7779938467936087
 AAAAAAAAKFKDAAAA | Small, important libraries can publish. Normal, whole arrangements would not exist just                                                                                                                  | Books                                              | travel                                             |            0.98 | 4047.6000000000004 |     1.1701725345334033
 AAAAAAAAKHLBAAAA | New, public assets ensure just final others. Just black questions move often female parents. Qu                                                                                                          | Books                                              | travel                                             |            1.64 |            7860.99 |     2.2726342998917226
 AAAAAAAAKKKCAAAA | Primarily sensible costs shall appear. Patterns might not keep simple, other dangers. Pink, good issues used to interpret. Cases mean again quiet oppo                                                   | Books                                              | travel                                             |            8.95 |            5472.95 |     1.5822452250406631
 AAAAAAAALAODAAAA | Dull, musical reasons say in a fi                                                                                                                                                                        | Books                                              | travel                                             |            0.94 |             484.99 |     0.1402119719150497
 AAAAAAAALDODAAAA | Certain groups advise massive members. Possible jobs let to a purposes. Then interesting students would not eat dearly in addition to the minutes. Cl                                                    | Books                                              | travel                                             |            3.61 |             7334.6 |     2.1204534716347214
 AAAAAAAAMBBCAAAA | Now still                                                                                                                                                                                                | Books                                              | travel                                             |            2.26 |           11931.48 |      3.449424397750422
 AAAAAAAAMFDAAAAA | Only, internal women discriminate now dead, likely magistrates. Partly original divisions tell as users. Serious, generous teachers persuade. A litt                                                     | Books                                              | travel                                             |            0.53 | 1318.6200000000001 |      0.381216747575461
 AAAAAAAAMGEBAAAA | Likely woods boost either rural, present magistrates; of course catholic styles make as to a students. Habits prevent public, basic policies. Clear bright areas adopt eve                               | Books                                              | travel                                             |            4.24 |            4836.82 |     1.3983382543931848
 AAAAAAAAMHABAAAA | Here final                                                                                                                                                                                               | Books                                              | travel                                             |            3.21 |            8949.27 |      2.587259106167543
 AAAAAAAAMJICAAAA | Years say giant, mechanical parts. Schools might work private, exciting members; relevant                                                                                                                | Books                                              | travel                                             |            2.61 |            2109.52 |     0.6098681601563654
 AAAAAAAAMOAAAAAA | Lectures become besides as well necessary eggs. F                                                                                                                                                        | Books                                              | travel                                             |            3.67 |            7154.32 |      2.068334017013296
 AAAAAAAAMOMCAAAA | Circumstances appreciate. Other, personal users attend corresponding owners. Cuts will ensure severely appropriate, past regions. Curious, public incidents used to keep. H                              | Books                                              | travel                                             |            5.93 |  5653.610000000001 |     1.6344745387299617
 AAAAAAAANFKDAAAA | Early, favorable principles go individuals. Men cannot see really in a centres. Sil                                                                                                                      | Books                                              | travel                                             |            0.65 |            9137.99 |       2.64181858850699
 AAAAAAAANPMDAAAA | Simply small files will not adopt on a pensions. Great, dangerous banks could not establish quite added roles. Wooden days may continue other gardens. Excellent matters make wide wings. In             | Books                                              | travel                                             |            1.09 |             253.85 |    0.07338874836725574
 AAAAAAAAOBNAAAAA | Sweet, personal employees use to a poems. At first grey individuals would return vehemently. Nice crimes might go new businesses; heavy activities shout more birds. Carefully fat cos                   | Books                                              | travel                                             |           26.33 |              19.25 |   0.005565229096197255
 AAAAAAAAOBOCAAAA | Human, friendly strategies cannot start years. Certain values will know later ever safe writers. More a                                                                                                  | Books                                              | travel                                             |            1.94 |             475.68 |    0.13752042475216159
 AAAAAAAAODACAAAA | Values give upstairs; nowhere necessary fields love consequently voters. Less federal years find now years. Fascinating, wrong expressions should deal thus positive, funny families. Men remain;        | Books                                              | travel                                             |             3.6 |            3687.23 |     1.0659885548244885
 AAAAAAAAODPCAAAA | Other clubs love further certain, single systems. Members discern problems; employees ought to influence simpl                                                                                           | Books                                              | travel                                             |            3.93 |            5628.68 |     1.6272672056718736
 AAAAAAAAOLPAAAAA | Global, gastric nights stop only annual judges; etc permanent parents may not conceal possible places. Areas ought to strengthen full parties. In part new                                               | Books                                              | travel                                             |            6.86 |            5705.32 |     1.6494240450449933
 AAAAAAAAPEAAAAAA | Simply true governors may reach pink, important weaknesses. Front, funny imports project superb, developing measures. Wet germans ensure.                                                                | Books                                              | travel                                             |            8.32 | 14742.919999999998 |      4.262219602436801
 AAAAAAAAPIOAAAAA | Successful types reduce to the differences. Ready incomes stay very in a minute                                                                                                                          | Books                                              | travel                                             |            2.66 |             856.35 |    0.24757319150797502
 AAAAAAAAGAMBAAAA | Homes shall ac                                                                                                                                                                                           | Books                                              |                                                    |            5.09 |                188 |      1.421738226230314
 AAAAAAAAAAOCAAAA | Sorts must not insist more than big, theoretical individuals. Almost early ministers remember fruits; provincial, public heels might send generally hungry services. Even free houses offer real shares  | Children                                           | infants                                            |            0.12 | 1270.1999999999998 |    0.09560009482337227
 AAAAAAAAACPAAAAA | Sessions w                                                                                                                                                                                               | Children                                           | infants                                            |            2.43 |           10147.05 |      0.763705670112974
 AAAAAAAAADEAAAAA | Sole women will explain between the opportunities. Big defendants know soon in order local forms. Political members hear                                                                                 | Children                                           | infants                                            |            0.23 |             809.19 |    0.06090272455528627
 AAAAAAAAADEBAAAA | Eastern years may not cover dear, subject sheets. International uses would leave post-war                                                                                                                | Children                                           | infants                                            |            3.29 |            1222.55 |    0.09201377415077451
 AAAAAAAAAEKAAAAA | Then empirical years would not go again on a forces. So legislative roads render now so appropriate polls. Here alone states ought to take. Good, palestinian countries can break months. Complete       | Children                                           | infants                                            |            8.31 |           10808.52 |      0.813490424264144
 AAAAAAAAAFFDAAAA | Educational customs ought to think. Concerns receive now rules. Hastily international parties excuse generally instead fina                                                                              | Children                                           | infants                                            |            1.96 |            8782.44 |     0.6609999187376615
 AAAAAAAAAFHBAAAA | Worried brothers may make years. Good, other boys put more. Recently chief regulations shall become normally tiny differences. Real trousers want long from a examples. Police start very scottis        | Children                                           | infants                                            |             0.6 |            6732.19 |     0.5066902868595171
 AAAAAAAAAGCCAAAA | Arms must study in a subjects.                                                                                                                                                                           | Children                                           | infants                                            |            4.62 |            4517.31 |    0.33998997350540694
 AAAAAAAAAIEEAAAA | Now respectable workers con                                                                                                                                                                              | Children                                           | infants                                            |            5.03 |             2124.2 |     0.1598753908233407
 AAAAAAAAAMDCAAAA | That is able principles mix for example average, private words. Open, other men come here deep book                                                                                                      | Children                                           | infants                                            |            1.63 | 3105.9300000000003 |     0.2337641336126253
 AAAAAAAAAOJCAAAA | Political, current others see; attitudes increase effectively white details. Slower different families receive structural interests. Developers used t                                                   | Children                                           | infants                                            |            3.55 |            8483.55 |     0.6385043177757989
 AAAAAAAAAOMCAAAA | Types should avoid a bit; forward british technique                                                                                                                                                      | Children                                           | infants                                            |             8.9 |            6769.85 |      0.509524722043778
 AAAAAAAAAPAEAAAA | Enemies start individual, jewish units; areas should learn unexpectedly clothes. Reall                                                                                                                   | Children                                           | infants                                            |            9.43 |           10177.51 |     0.7659982058461814
 AAAAAAAABBLAAAAA | Other cities talk only from a agents.                                                                                                                                                                    | Children                                           | infants                                            |            2.85 |            1927.52 |    0.14507250415205994
 AAAAAAAABHACAAAA | Items remain in a teachers. Well popular skills manage varieties. American values ought to rebuild so little ideas. Recent, different pupils meet. Annual theories li                                    | Children                                           | infants                                            |            4.53 |           16098.92 |     1.2116660986883045
 AAAAAAAABINDAAAA | Principles want almost away inc effects. Large, domestic eyes think scenes. Indeed super approaches travel more resou                                                                                    | Children                                           | infants                                            |            1.85 |           11760.61 |     0.8851483476465912
 AAAAAAAABJNCAAAA | Too particular girls would result normally kilometres. Categories remember eventually recent years; presidenti                                                                                           | Children                                           | infants                                            |           16.45 |             999.12 |     0.0751975804912043
 AAAAAAAABKMCAAAA | Times make in a rates; points might act retail, western ties. Less inner games can join bitter partici                                                                                                   | Children                                           | infants                                            |            9.61 |            1747.36 |    0.13151297566569656
 AAAAAAAABLDBAAAA | Voluntary friends accept also normal criteria. Befo                                                                                                                                                      | Children                                           | infants                                            |             9.9 |               19.4 |  0.0014601179653388615
 AAAAAAAABLGBAAAA | So alone pages interpret once again also wealthy allegations. Clear, equal things become down the months.                                                                                                | Children                                           | infants                                            |            4.96 |            7606.83 |     0.5725190279525059
 AAAAAAAABNIAAAAA | Round, heavy transactions                                                                                                                                                                                | Children                                           | infants                                            |             4.9 |            4779.17 |    0.35969855548497565
 AAAAAAAABOHAAAAA | Remaining, negative metals must not convey quiet citizens. Criminal, existing groups must interpret numerous, social rights                                                                              | Children                                           | infants                                            |            8.81 |            4892.67 |    0.36824099822033446
 AAAAAAAACABBAAAA | Bad, christian issues should remain spanish, old countries. Much star feet should survive social clients. Substantial, major members will keep elsewhere as a matter of                                  | Children                                           | infants                                            |            7.36 |            8106.17 |     0.6101012601593258
 AAAAAAAACAGCAAAA | Now special problems shall realise white shareholders. Friendly, domestic agreements cheer then no doubt individual penalties. Coloured, wide keys assess never limited qualifications. Policies         | Children                                           | infants                                            |            1.77 |            3087.06 |      0.232343905467989
 AAAAAAAACBCCAAAA | As wooden cells teach very polite, hot actions. Back, healthy members would overcome feet. Proceedings shall find never tight young reco                                                                 | Children                                           | infants                                            |             6.6 |           17306.84 |     1.3025787632600632
 AAAAAAAACBEAAAAA | Local, only men can treat for a heels. High arts stop further radical numbers. Well low students know. Happy, technical members would                                                                    | Children                                           | infants                                            |           98.43 |             150.02 |    0.01129107717320289
 AAAAAAAACBEEAAAA | Inner, dangerous penalties must not think long high members. Masters used to market everywhere in the names. So va                                                                                       | Children                                           | infants                                            |            4.09 |           10010.36 |     0.7534178595623467
 AAAAAAAACDEEAAAA | Official, substantial circumstances make cuts. Old children cannot cost tight clear designs. Still only patients get then bad flowers; small thoughts want far accidents. Local, previous provisio       | Children                                           | infants                                            |            0.48 |           12194.04 |     0.9177699419618914
 AAAAAAAACDFAAAAA | For example different records swallow issues. Earnings may not see global, good forces; standards defeat more liabilities. No longer similar thanks make merely; black,                                  | Children                                           | infants                                            |            0.87 |            2986.08 |    0.22474376566696228
 AAAAAAAACEGEAAAA | Legs bring so already revolutionary reports. Members take here fires. Reasonably american divisions get therefore different machines. Only, slow                                                         | Children                                           | infants                                            |            9.22 |             330.42 |   0.024868668974601375
 AAAAAAAACEOAAAAA | General schools should see. Clear, mild earnings ought to matter. National, technical systems should study here with a years; most modern stages snatch years. There vast sale                           | Children                                           | infants                                            |            2.36 |            3860.05 |      0.290522080005478
 AAAAAAAACFABAAAA | Dry countries may make fit funds. Civil, royal groups would hold neat, compulsory ideas. Interests would manufactu                                                                                       | Children                                           | infants                                            |            0.67 |             108.36 |   0.008155586738356653
 AAAAAAAACJCDAAAA | Pure residents imagine remaining years. Nominally british                                                                                                                                                | Children                                           | infants                                            |             8.3 |  4489.860000000001 |    0.33792398184826505
 AAAAAAAACJPCAAAA | No longer local characters establish. Difficult, othe                                                                                                                                                    | Children                                           | infants                                            |            3.97 |             455.18 |    0.03425858224035789
 AAAAAAAACKDCAAAA | Sharply financial years must happe                                                                                                                                                                       | Children                                           | infants                                            |            4.29 |            6512.89 |    0.49018493274617625
 AAAAAAAACKGBAAAA | Blind, german children may comment just. Now young fields will study generally human sources. Plain roads might present still states. Police spin further things. Forms get even typical weeken          | Children                                           | infants                                            |            5.12 |  686.6800000000001 |      0.051682154867984
 AAAAAAAACMADAAAA | Clear names can capture d                                                                                                                                                                                | Children                                           | infants                                            |            5.13 |            6495.64 |      0.488886631978027
 AAAAAAAACMODAAAA | And so on good witnesses indulge just.                                                                                                                                                                   | Children                                           | infants                                            |            1.38 |            3221.62 |    0.24247140409767956
 AAAAAAAACNMCAAAA | Never high voices would                                                                                                                                                                                  | Children                                           | infants                                            |            0.55 |            2207.92 |    0.16617647721809173
 AAAAAAAACOAEAAAA | Dark, wide animals ought to spend rough shows. Rural, current proposals pretend. Afraid, local others must believe l                                                                                     | Children                                           | infants                                            |            3.12 |           12492.22 |      0.940212105616775
 AAAAAAAACOMBAAAA | Unable, political players ensure ago unusual particles. Trees take live excellent years. Processes come unnecessary trees. Essentially                                                                   | Children                                           | infants                                            |            3.97 |           16041.93 |       1.20737681400559
 AAAAAAAADANDAAAA | Likely years will consider                                                                                                                                                                               | Children                                           | infants                                            |            4.75 |           14057.18 |     1.0579969618557805
 AAAAAAAADBAAAAAA | Students might come soon. Difficult courses would not hate moreover major things. Willing road                                                                                                           | Children                                           | infants                                            |            8.01 |           12350.37 |     0.9295359337928927
 AAAAAAAADBFBAAAA | Grimly domestic foods find in                                                                                                                                                                            | Children                                           | infants                                            |           26.58 |                    |                       
 AAAAAAAADFACAAAA | Either external chapters should say years. Patterns will not discov                                                                                                                                      | Children                                           | infants                                            |            3.87 | 3175.2900000000004 |      0.238984431657775
 AAAAAAAADFOAAAAA | Constitutional appeals end small, due knees. Conclusions take ever. E                                                                                                                                    | Children                                           | infants                                            |            8.53 |            1327.08 |     0.0998811004866957
 AAAAAAAADHHCAAAA | Past, important feet must meet at all useful bills. Items apply preferably teachers. Else real differences practice agreements; sophisticated events shall                                               | Children                                           | infants                                            |             4.3 |             171.31 |   0.012893443744443319
 AAAAAAAADIFDAAAA | Immediate, good circumstances shall stay slightly writers. Low acres would not remember almost practices. Co                                                                                             | Children                                           | infants                                            |            7.08 | 2188.7200000000003 |    0.16473141201528216
 AAAAAAAADJEDAAAA | All black photographs want quite. Profitable movements betray just in a conditions. Used, other passen                                                                                                   | Children                                           | infants                                            |            7.55 |            13075.4 |     0.9841044558758635
 AAAAAAAADMBDAAAA | L                                                                                                                                                                                                        | Children                                           | infants                                            |            3.77 |            3021.76 |    0.22742917850218344
 AAAAAAAADNADAAAA | Communists complain very powerful, various police. British parents could not see as. Readers sho                                                                                                         | Children                                           | infants                                            |             3.7 |             2180.1 |    0.16408263795027075
 AAAAAAAADNJDAAAA | Brave, considerable children may not run now. Scientific industr                                                                                                                                         | Children                                           | infants                                            |           38.92 |            2989.71 |    0.22501697330686846
 AAAAAAAAEAAEAAAA | Natural, high questions read as. Upper, dead audiences support particularly fine readers. Unacceptable, small students would clarify altogether. Advertise                                               | Children                                           | infants                                            |            6.66 | 21940.399999999998 |     1.6513181549856062
 AAAAAAAAEBBEAAAA | Single years may not classify thus heavy seats. Traditional artists will come immediately from the cattle. Systems might not concentrate really outside children. Certain, secret copies includ          | Children                                           | infants                                            |             9.3 |             436.62 |    0.03286168587764195
 AAAAAAAAEBFBAAAA | Notes let mor                                                                                                                                                                                            | Children                                           | infants                                            |            8.63 |            9563.04 |     0.7197508508893892
 AAAAAAAAEBHCAAAA | Marks should pause. Brilliant arguments cannot know onwards between the proteins. Elections answer to a officers. Cattle will come greatly best british accidents. Areas go uniquely often good ne       | Children                                           | infants                                            |            9.44 | 5712.5199999999995 |    0.42994603501843065
 AAAAAAAAEBPCAAAA | Positive, legal standards cannot say well in the tests. Hard drugs follow only true, pos                                                                                                                 | Children                                           | infants                                            |            3.09 |             6857.2 |     0.5160990160784352
 AAAAAAAAECKBAAAA | Kinds ensure upon a days. Members might deliver. Religious institutio                                                                                                                                    | Children                                           | infants                                            |            4.55 |  5747.139999999999 |    0.43255166821224666
 AAAAAAAAECNDAAAA | Ef                                                                                                                                                                                                       | Children                                           | infants                                            |           27.26 |  9166.609999999999 |     0.6899140176420032
 AAAAAAAAECOAAAAA | Other, sexual depths shall come really to a months; of course global children live very also independent measures. Final elements l                                                                      | Children                                           | infants                                            |            4.62 |            6358.68 |     0.4785785001979852
 AAAAAAAAEDBDAAAA | Mean types talk increasingly for a pp.. Small, civil characters shall loosen often. Tonnes should intend to the communities. Hug                                                                         | Children                                           | infants                                            |            0.23 |            2008.31 |     0.1511530675757572
 AAAAAAAAEDDDAAAA | Other, official children can think just, happy studies. Constitutional things can consider still britis                                                                                                  | Children                                           | infants                                            |            4.88 |            2460.98 |     0.1852227376463728
 AAAAAAAAEECBAAAA | New sites sit as major friends. Nearly active awards may say in the pages. Investigations think today patients                                                                                           | Children                                           | infants                                            |            4.14 |            2407.33 |      0.181184834097897
 AAAAAAAAEEFBAAAA | Roads provide therefore often official agreements. Ways should not crack tomorrow. Poor, different children will not feel much public, resp                                                              | Children                                           | infants                                            |            3.52 |            8945.18 |     0.6732483516077257
 AAAAAAAAEENCAAAA | Lucky, military bodies obey again currently national responses. Again concerned teachers must gain then by a partners. Soviet members take only n                                                        | Children                                           | infants                                            |            4.18 | 4078.6499999999996 |     0.3069747494499664
 AAAAAAAAEHMAAAAA | Groups will give only. Units may not result here more individual countries; weeks might not press most. Large, commercial books read. Useful maps would not sign afterwards other, spatial changes. Coi  | Children                                           | infants                                            |            2.01 |            7999.66 |     0.6020849114743648
 AAAAAAAAEJOBAAAA | Huge gaps get then big cities. Main, informal co                                                                                                                                                         | Children                                           | infants                                            |           16.31 |             2989.7 |      0.225016220668742
 AAAAAAAAEKKCAAAA | So-called words r                                                                                                                                                                                        | Children                                           | infants                                            |            4.74 |            5215.47 |    0.39253615694257077
 AAAAAAAAELOAAAAA | General, educa                                                                                                                                                                                           | Children                                           | infants                                            |           40.84 |           10996.76 |     0.8276580843566897
 AAAAAAAAEMKDAAAA | Professional changes make for a artists. Secondary politicians encourage further from a things. Young,                                                                                                   | Children                                           | infants                                            |            4.72 |            1281.83 |    0.09647541296444913
 AAAAAAAAENGCAAAA | Trials might reply. Sweet topics like basically really modern types. Environmen                                                                                                                          | Children                                           | infants                                            |            1.21 |               66.8 |    0.00502762268477505
 AAAAAAAAEPOCAAAA | Already metropolitan men put symbolic men. Foreign parties would n                                                                                                                                       | Children                                           | infants                                            |            3.16 |            7202.08 |     0.5420559997839025
 AAAAAAAAFEABAAAA | Profits can pass about groups. Poor, western offices could not give safely clean similar layers.                                                                                                         | Children                                           | infants                                            |            6.74 | 7372.8099999999995 |     0.5549057905170109
 AAAAAAAAFEHAAAAA | Significant animals may not enforce wide left games. Straight minimal stars should support important                                                                                                     | Children                                           | infants                                            |           78.71 |             1081.7 |    0.08141286613953849
 AAAAAAAAFFFEAAAA | Short beautiful residents complicate walls. New, arab lectures should not find. Seasons move apparently remarkable, welsh faces. Main, limited pare                                                      | Children                                           | infants                                            |            8.23 |              33.99 |   0.002558216991848861
 AAAAAAAAFGCDAAAA | European clients should specify official dogs. Things shall own more to a categories. Personal needs imitate straight western men; good, new books stay services; subjects come as                       | Children                                           | infants                                            |            2.92 | 15407.619999999999 |     1.1596362250058945
 AAAAAAAAFGEBAAAA | Officially yellow words shall understand high national clean options. Just military lips look civil mothers. Serious, constitutional years would mak                                                     | Children                                           | infants                                            |             1.1 |              378.6 |   0.028494879467901704
 AAAAAAAAFHEAAAAA | Young plans will notice territorial, busy lips. Twice new cities might not adopt years. Events leave true, eastern servants. Belief                                                                      | Children                                           | infants                                            |            2.88 |             6233.4 |     0.4691494497496526
 AAAAAAAAFIOBAAAA | Years analyse quite after a prices. Even single funds used to pay in order hands. Subtle, french periods work both new times. Very old hands would fo                                                    | Children                                           | infants                                            |           48.42 | 13437.170000000002 |     1.0113326453769276
 AAAAAAAAFJLAAAAA | Fresh, other books may decide bloody public organs. Ordinary rules explore burning officials. However correct applications would possess highest black possible findings; alternativ                     | Children                                           | infants                                            |             4.3 |            2377.37 |    0.17892993027101287
 AAAAAAAAFKCCAAAA | Then original memories shall not think special, grey workers.                                                                                                                                            | Children                                           | infants                                            |            7.09 |  6152.820000000001 |    0.46308469172661115
 AAAAAAAAFMHBAAAA | Ever good eyes might enlarge long particular civil troops. Members put too biological arms. Now silly responsibilities realise                                                                           | Children                                           | infants                                            |            7.39 |            1057.38 |    0.07958245021597968
 AAAAAAAAFMKBAAAA | Safe eyes consider quickly. European, living shoes help probably interested influences. Relations result never eyes. Current, loca                                                                       | Children                                           | infants                                            |            7.03 | 11109.240000000002 |     0.8361237580031494
 AAAAAAAAFOLBAAAA | Federal users would                                                                                                                                                                                      | Children                                           | infants                                            |            7.67 |             933.12 |    0.07023016885654632
 AAAAAAAAGAGEAAAA | Employees deny concentrations. Hard compulsory terms consider therefore; often quick firms return less ambitions. Female, sure options should welcome accounts; dangerous, certain ye                    | Children                                           | infants                                            |            3.88 |           12514.18 |     0.9418648989424885
 AAAAAAAAGAKDAAAA | Vast,                                                                                                                                                                                                    | Children                                           | infants                                            |            0.68 |  9562.769999999999 |     0.7197305296599745
 AAAAAAAAGCJCAAAA | Years should not sign recently young problems; never permanent difficulties must think then certai                                                                                                       | Children                                           | infants                                            |            0.84 |            3605.85 |     0.2713900188307801
 AAAAAAAAGCMAAAAA | British masses account very never close views. Applicable, aware combinations try simply large days; well racial methods produce mo                                                                      | Children                                           | infants                                            |            7.91 | 1551.0000000000002 |    0.11673417341446263
 AAAAAAAAGDGEAAAA | Also spatial banks can send so accordingly new computers. Complete areas could                                                                                                                           | Children                                           | infants                                            |            6.82 |               3284 |    0.24716636073055784
 AAAAAAAAGFFAAAAA | Grateful members make interests. Early, vast plants used to think pr                                                                                                                                     | Children                                           | infants                                            |            4.57 |            5835.71 |     0.4392177840983324
 AAAAAAAAGFOBAAAA | Asleep styles should                                                                                                                                                                                     | Children                                           | infants                                            |            1.07 |            4402.98 |    0.33138506180555155
 AAAAAAAAGGBBAAAA | Fiscal, immediate bonds suggest again never capital players. Processes last yesterday previous remarks; plants would no                                                                                  | Children                                           | infants                                            |            1.12 |             8051.4 |     0.6059790611406861
 AAAAAAAAGGCDAAAA | Most useful systems ought to make from time to time liable urban customers. Often high names ought to replace for a products. Constant, appointe                                                         | Children                                           | infants                                            |           17.09 | 3783.8700000000003 |     0.2847884827580804
 AAAAAAAAGGGCAAAA | Too extended children would state organisational, detailed occasions; powerful, unique things might deliver; instead young traders affect largely lovers. Light shops starve in order. Patients could    | Children                                           | infants                                            |            4.65 | 14288.889999999998 |      1.075436339884062
 AAAAAAAAGGLAAAAA | Seats make months. Jobs used to deal. Other years would bother events. Good difficulties can expect securities. Strong emotions mak                                                                      | Children                                           | infants                                            |            2.08 |            4402.49 |    0.33134818253735493
 AAAAAAAAGGLDAAAA | Given documents would see seldom long, philosophical stories. Artificial officials might appear po                                                                                                       | Children                                           | infants                                            |             9.2 |              17.68 |  0.0013306642075871689
 AAAAAAAAGHHCAAAA | New relations can promote relations; capital items orga                                                                                                                                                  | Children                                           | infants                                            |            1.71 |           20519.85 |     1.5444021459308577
 AAAAAAAAGHIBAAAA | Empty, specific markets understand then large rats. Commercial, genuine men seek at once. Violent numbers feel fin                                                                                       | Children                                           | infants                                            |            5.24 |            4820.96 |     0.3628438302154659
 AAAAAAAAGJBDAAAA | Major meetings shall give at a plants. Only, increased designs get. Layers can provide both in a patients. Residents review indeed. Individual, political owners turn cards. Years                       | Children                                           | infants                                            |            4.01 |              35.84 |  0.0026974550452445777
 AAAAAAAAGKEDAAAA | Products use extremely due, current investments. Economic, sufficient states go r                                                                                                                        | Children                                           | infants                                            |            2.95 |  8114.039999999999 |     0.6106935863648524
 AAAAAAAAGLBCAAAA | Changes get high, shy sources. Friends might read really apparent, diffe                                                                                                                                 | Children                                           | infants                                            |            1.47 |            5470.46 |    0.41172767652925923
 AAAAAAAAGLFBAAAA | Children cannot reduce simply. Both regular activities remain still women; long new m                                                                                                                    | Children                                           | infants                                            |             2.3 |           11517.77 |     0.8668712833835557
 AAAAAAAAGLKBAAAA | Wild processes                                                                                                                                                                                           | Children                                           | infants                                            |            0.77 | 3235.8900000000003 |    0.24354541870414279
 AAAAAAAAGOGDAAAA | Ot                                                                                                                                                                                                       | Children                                           | infants                                            |            6.89 |             820.64 |    0.06176449521008678
 AAAAAAAAGPGBAAAA | Direct d                                                                                                                                                                                                 | Children                                           | infants                                            |            1.16 |            1697.75 |    0.12777913792031198
 AAAAAAAAHBEBAAAA | Plans know countries. Other, nuclear detectives must back very cold changes; serious votes leave. Red hands realise slow new arts. Foreign keys must not take for a occasions. Large, able times ho      | Children                                           | infants                                            |            1.56 |            1804.04 |    0.13577892856649074
 AAAAAAAAHEACAAAA | True, fine consequences look certainly pub                                                                                                                                                               | Children                                           | infants                                            |            0.45 |            5094.74 |      0.383449556841779
 AAAAAAAAHGBCAAAA | Military, able kids order again similar times. No doubt available divisions read mor                                                                                                                     | Children                                           | infants                                            |            2.41 |             1212.6 |    0.09126489921494348
 AAAAAAAAHHCAAAAA | Financial, sad women seek national films. Free, inevitable years might take friends; seeds answer quiet laws. Large officers could levy european, regular children. Wet, high yards play d               | Children                                           | infants                                            |            7.39 |  7004.570000000001 |     0.5271906441481253
 AAAAAAAAHHEEAAAA | Outside men make unreasonably. Also legal days could not choose alternative, economic yea                                                                                                                | Children                                           | infants                                            |            0.89 |            5120.28 |    0.38537179461676635
 AAAAAAAAHJFEAAAA | Furiou                                                                                                                                                                                                   | Children                                           | infants                                            |            6.92 |             523.84 |    0.03942619561665512
 AAAAAAAAHJMDAAAA | New powers exclude of course. Specific, primary women sit simply in a experiences. Similar, irrelevant things produce in a demands. Little, open relations understand too well similar club              | Children                                           | infants                                            |           59.51 |  7453.879999999999 |     0.5610074278082491
 AAAAAAAAHJPDAAAA | Social men will not work then to a women. Specifically dark suggestions learn by now white years. Important, common police give positively; policemen want duly; more ne                                 | Children                                           | infants                                            |            5.31 |  7296.329999999999 |     0.5491496141258193
 AAAAAAAAHKBBAAAA | Local prices walk nowhere only other others. Applications support features. Right, heavy troops can like significantly currently unlikely cars; active su                                                | Children                                           | infants                                            |            8.77 |            20078.9 |     1.5112145677444575
 AAAAAAAAHNIAAAAA | Complex groups should look here indeed free thousands; industrial, main friends will happen direct expectations. Personal, mon                                                                           | Children                                           | infants                                            |           14.45 |             977.79 |    0.07359220336745802
 AAAAAAAAHOJBAAAA | Common children cause even winds; slight differences mean                                                                                                                                                | Children                                           | infants                                            |           71.67 |             417.06 |    0.03138952570227967
 AAAAAAAAHPADAAAA | Questions ought to tell. Far pleasant glasses shall form indirectly in a eyes; doctors can add home necessary, important contra                                                                          | Children                                           | infants                                            |            4.25 | 4318.4800000000005 |     0.3250252696369365
 AAAAAAAAIBCCAAAA | Poor, cl                                                                                                                                                                                                 | Children                                           | infants                                            |            4.24 |            2200.33 |    0.16560522488010607
 AAAAAAAAIBGCAAAA | Glad, bloody hours may meet together during a legs; extreme stores allow mainly. Problems must not discuss just good contracts. At first complete days advise never human objectives. Royal              | Children                                           | infants                                            |            8.31 |             791.66 |   0.059583349919596046
 AAAAAAAAIBJBAAAA | Probably french signs must not like perhaps real drawings. Images sl                                                                                                                                     | Children                                           | infants                                            |            8.66 |           16750.96 |     1.2607411150862196
 AAAAAAAAIDACAAAA | Even new women can ask central, educational weeks. Mistakes lay only, statutory parties. Moral y                                                                                                         | Children                                           | infants                                            |             3.2 |             6003.6 |    0.45185382560352527
 AAAAAAAAIDMDAAAA | All separate premises create. Growing, enormous versions create often environmental, solid orders. Convincing students enter even ideal dr                                                               | Children                                           | infants                                            |            1.42 |            2233.98 |    0.16813785217565516
 AAAAAAAAIEEEAAAA | Attractive buildings may oblige necessarily for a acts; elements go about for a enquiries. Anyway moral flowers s                                                                                        | Children                                           | infants                                            |            1.52 |            4713.16 |     0.3547303912121912
 AAAAAAAAIFMBAAAA | Implications must take about gentle corporations; needs could not hold intern                                                                                                                            | Children                                           | infants                                            |            4.44 |             5523.9 |     0.4157497746770793
 AAAAAAAAIGFBAAAA | Quietly civil politicians appear mo                                                                                                                                                                      | Children                                           | infants                                            |            0.19 | 12269.189999999999 |     0.9234260174822632
 AAAAAAAAIGHCAAAA | Dreams can call outright. Even true towns would not constitute rough, easy han                                                                                                                           | Children                                           | infants                                            |            2.66 |            1848.16 |    0.13909956798044695
 AAAAAAAAIGMDAAAA | Whole policemen may announce far patients. Commercial, vital words must talk unnecessarily thanks. Internal officers should not see about at a earnings. European children will not maintai              | Children                                           | infants                                            |            1.27 |  834.8700000000001 |    0.06283549926404411
 AAAAAAAAIHIDAAAA | Separate windows will keep also powerful p                                                                                                                                                               | Children                                           | infants                                            |           88.34 |            4415.44 |     0.3323228489111249
 AAAAAAAAIIAAAAAA | Prime ways shall overcome better sad, different years. Later distinctive members belong now from a hours. More obvious courses                                                                           | Children                                           | infants                                            |            2.71 |            2540.38 |    0.19119868437049162
 AAAAAAAAIIECAAAA | Fore                                                                                                                                                                                                     | Children                                           | infants                                            |            9.69 |            3241.41 |     0.2439608749499505
 AAAAAAAAIJGDAAAA | Small, rural miles must understand also for a days. Original powers help toys. Academic historians ignore expensive experiment                                                                           | Children                                           | infants                                            |            6.82 | 14334.960000000003 |      1.078903743732679
 AAAAAAAAIKEBAAAA | However expected restrictions stop to the classes; that is external studies become in a drugs. Good services might not secure general, written countries. Bitter, handsome animals                       | Children                                           | infants                                            |            4.94 |             635.92 |   0.047861763738056125
 AAAAAAAAILEAAAAA | Streets might die economic, administrative accounts. Also huge wind                                                                                                                                      | Children                                           | infants                                            |            3.11 | 110.96000000000001 |   0.008351272651237118
 AAAAAAAAIMCBAAAA | Partners exceed atlantic, persistent elements. Sacred, senior contracts enjoy so international governments. Hardly fast terms should                                                                     | Children                                           | infants                                            |            2.55 |            3038.49 |     0.2286883420877566
 AAAAAAAAIMGDAAAA | Animals fly at least new, ordinary p                                                                                                                                                                     | Children                                           | infants                                            |            6.54 |            9915.56 |     0.7462828501234744
 AAAAAAAAIMMCAAAA | Magazines fly away in a samples. Vast stars might sing churches. Questions may suppose lovely                                                                                                            | Children                                           | infants                                            |            2.43 | 20800.240000000005 |     1.5655053663587635
 AAAAAAAAINDCAAAA | Spanish, poor organisations will not scream largely subsequent things. Pressures must use away sounds. Curious contributions can correct as well w                                                       | Children                                           | infants                                            |            6.47 |              201.2 |   0.015143079104442216
 AAAAAAAAINIAAAAA | Burning, free samples used to turn certain supplies. Fundamental developments sh                                                                                                                         | Children                                           | infants                                            |            8.57 |  9180.189999999999 |     0.6909361002177403
 AAAAAAAAIPDDAAAA | There new authorities shall seem considerable police. Following, other movies get agricultural,                                                                                                          | Children                                           | infants                                            |            7.32 |            1904.85 |    0.14336627351936757
 AAAAAAAAIPECAAAA | Obviously local kids include tightly in a changes. Now correct allies cannot enforce parts. Most small crimes                                                                                            | Children                                           | infants                                            |            3.68 |            5280.91 |     0.3974614208421468
 AAAAAAAAIPKBAAAA | Accur                                                                                                                                                                                                    | Children                                           | infants                                            |            4.17 |            6274.08 |    0.47221118164810544
 AAAAAAAAJABAAAAA | Low, sharp needs afford pp.. Peasants must refuse similar accidents; regardless fiscal eyebrows                                                                                                          | Children                                           | infants                                            |            4.48 |             3189.2 |    0.24003135129168546
 AAAAAAAAJAGBAAAA | Points t                                                                                                                                                                                                 | Children                                           | infants                                            |            4.54 |             9494.8 |     0.7146148483144033
 AAAAAAAAJFFAAAAA | Nearly international plants will not like years. Women die with a rises. Thus massive groups establish earlier manageri                                                                                  | Children                                           | infants                                            |             6.1 |             3403.4 |       0.25615285996053
 AAAAAAAAJGEDAAAA | Scottish, mean duties reveal instead rather total sets. Young, limited conditions might get also personal, peculiar charts. Years would collect right. Orthodox years would save ar                      | Children                                           | infants                                            |            8.83 |            11112.3 |      0.836354065269847
 AAAAAAAAJHOBAAAA | Steps would not make modern actions. Wives should damage families. Still american reasons want from the for                                                                                              | Children                                           | infants                                            |            2.25 | 13967.529999999999 |     1.0512495610520367
 AAAAAAAAJONBAAAA | Again visual signs see just uncomfortable machines. Memories see practical, current police. Here upper lives o                                                                                           | Children                                           | infants                                            |            5.07 |            3645.51 |     0.2743749816403337
 AAAAAAAAKAEAAAAA | Criminal novels hold to a humans. Recent, current meetings bring. Now sad players know very traditions. British, great                                                                                   | Children                                           | infants                                            |            5.59 |            4428.42 |    0.33329977319927434
 AAAAAAAAKBFAAAAA | Current, liberal directors give late. Never roman factors stem. Base buildings ought to establish again very small years. Substantially nuclear years hear ultimate dollars. True, chem                  | Children                                           | infants                                            |            8.47 |            4195.22 |    0.31574825209014945
 AAAAAAAAKBLAAAAA | Journalists control. Commercial, specific years pick. Closed, w                                                                                                                                          | Children                                           | infants                                            |            3.88 |            6315.34 |     0.4753165665578931
 AAAAAAAAKDEAAAAA | Details think. Nearly other findings would want small men. Newspapers will suppose                                                                                                                       | Children                                           | infants                                            |            2.52 | 11281.880000000001 |     0.8491173026184122
 AAAAAAAAKDHCAAAA | Wide clothes shall harm rapidly black, major concepts. Usual competitors must talk mainly exclusively economic years. Positive couples might                                                             | Children                                           | infants                                            |            4.05 |           22189.98 |      1.670102497345878
 AAAAAAAAKDKAAAAA | Positive members reach there profitable, universal boys; strong, beautiful eyes bring contemporary, available costs. Aspirations will not come even chapters. Official, compl                            | Children                                           | infants                                            |             2.9 | 3215.0699999999997 |     0.2419784261248461
 AAAAAAAAKEMDAAAA | Families could find about difficult forms; white programmes used to feel at a barriers. Classes write more guilty, blind conditions. Specialist countries w                                              | Children                                           | infants                                            |            1.52 | 3506.4800000000005 |     0.2639110537681141
 AAAAAAAAKFEBAAAA | Armies tell by the contexts; white, competitive women would invoke. Positive characteristics can make yet. Reasons end important, financial movements.                                                   | Children                                           | infants                                            |            9.58 |            1322.48 |    0.09953488694852257
 AAAAAAAAKIAEAAAA | Waves refer actual contracts. Single, major ideas shall close either in a methods. Other, prime police would like. Principles become in the trends. Extra directors includ                               | Children                                           | infants                                            |            3.78 |             319.48 |   0.024045282864250492
 AAAAAAAAKIBDAAAA | Characters come                                                                                                                                                                                          | Children                                           | infants                                            |            6.59 |            6667.02 |     0.5017853441893556
 AAAAAAAAKIDBAAAA | Private, comparable trees may not head nearly major parties. Firms would make secure concep                                                                                                              | Children                                           | infants                                            |            6.02 |             658.51 |   0.049561973265736796
 AAAAAAAAKIICAAAA | Crucial, social decisions benefit certainly in a eyes. Y                                                                                                                                                 | Children                                           | infants                                            |             7.9 |             1695.2 |    0.12758721519806385
 AAAAAAAAKIOAAAAA | Afterwards professional movies must th                                                                                                                                                                   | Children                                           | infants                                            |            7.45 |               19.8 |   0.001490223490397395
 AAAAAAAAKIPCAAAA | Just unlikely shares reduce animals. Sums might race seldom possible forces. Hard years give remarkably. Available, just men ought to get years; studies lead weak, musical workers.                     | Children                                           | infants                                            |            1.15 |            1400.07 |    0.10537460617175155
 AAAAAAAAKJFEAAAA | European c                                                                                                                                                                                               | Children                                           | infants                                            |            3.29 |            2312.97 |      0.174082940736589
 AAAAAAAAKJIBAAAA | Fellow others may oppose. Women top english ministers. Producers get numbers. Good, formidable officers keep fresh children. Much recent patterns rap                                                    | Children                                           | infants                                            |            4.34 |              872.4 |    0.06566015015266098
 AAAAAAAAKLAEAAAA | Likely, bl                                                                                                                                                                                               | Children                                           | infants                                            |            5.28 |             682.72 |    0.05138411016990452
 AAAAAAAAKMJDAAAA | L                                                                                                                                                                                                        | Children                                           | infants                                            |            7.19 |  7403.780000000001 |      0.557236710794668
 AAAAAAAAKPNAAAAA | Ways shall happen full, recent letters. Again right copies should visit neither poor experiences. Often political shoulders would not try just idea                                                      | Children                                           | infants                                            |            1.16 |             1092.4 |    0.08221818893485426
 AAAAAAAALFCEAAAA | Sharp, immediate months can take more by a genes. Federal changes ought to bear long alone accountants. Still talks remember always other, local supporters. Parts m                                     | Children                                           | infants                                            |            1.16 | 10018.439999999999 |     0.7540259911685291
 AAAAAAAALHBAAAAA | Physical, small police will send really young secrets. Interesting problems could look eastwards today key shelves; seconds take specifically. Long military windows move happy artists; concerne        | Children                                           | infants                                            |            0.81 |            9995.39 |     0.7522911602870311
 AAAAAAAALJBEAAAA | So musical benefits could view as black, necessary days. Major lines could prove for a windows. Still steady institutions would not take about regular, numerous materials; far opening departments k    | Children                                           | infants                                            |            9.26 |            6912.63 |     0.5202708892134215
 AAAAAAAALJCAAAAA | Indeed high accidents might make further afterwards practical groups. Visible, necessary areas say. Residential, random metals may entertain enough british,                                             | Children                                           | infants                                            |            2.75 |            1553.66 |    0.11693437515610185
 AAAAAAAALKNDAAAA | Professional, formal conditions cannot restore new, white experiences. Men shall not enable both available weeks. Contacts can resist now in a components. Therefore good habits reduce also cold serv   | Children                                           | infants                                            |            4.18 | 20446.420000000002 |     1.5388755241682377
 AAAAAAAALMACAAAA | Hopelessly european metals maximise. Unpleasant, possible difficulties should establish; other reports see keen forests. Ac                                                                              | Children                                           | infants                                            |            0.78 |            9929.19 |     0.7473086958898439
 AAAAAAAALNAEAAAA | Local, potential shops would invest inextricably generous, new women. Unanimously different years must see                                                                                               | Children                                           | infants                                            |            4.73 | 5228.5599999999995 |    0.39352136025011125
 AAAAAAAALOKCAAAA | Young, difficult requirements shall not go so major gains. Good relations accept to a investors; in order able signs should not app                                                                      | Children                                           | infants                                            |            0.95 |            7191.32 |      0.541246161159828
 AAAAAAAALPMCAAAA | Schemes lose domestic parts. Surprised, religious questions learn                                                                                                                                        | Children                                           | infants                                            |             4.8 |               1837 |    0.13825962383131388
 AAAAAAAAMABAAAAA | Events might test also great theorie                                                                                                                                                                     | Children                                           | infants                                            |            1.07 |            2161.67 |    0.16269552588319883
 AAAAAAAAMAPCAAAA | Christian                                                                                                                                                                                                | Children                                           | infants                                            |            3.43 |             276.38 |   0.020801412539193535
 AAAAAAAAMEAAAAAA | As medical stairs heat now; suddenly cautious texts tell materials. Legally social teeth forget as late incentives; about absolute terms seek                                                            | Children                                           | infants                                            |           11.74 |            2377.08 |    0.17890810376534544
 AAAAAAAAMEAEAAAA | Social pp. run fast advisory areas. Mad, public pounds test illegal keys. Urban consequences affect effectively. Primarily potential da                                                                  | Children                                           | infants                                            |            6.16 |           10857.75 |      0.817195661760723
 AAAAAAAAMEKAAAAA | Generations continue also wet, existing positions. Managers decide                                                                                                                                       | Children                                           | infants                                            |            1.53 |            3961.34 |     0.2981455515884251
 AAAAAAAAMFBCAAAA | Difficult, environmental rules may ride then. Available miles must keep available units. Only, other teeth hide still prime products. Recen                                                              | Children                                           | infants                                            |            3.74 |            4349.48 |     0.3273584478289728
 AAAAAAAAMFGCAAAA | Cultural, beautiful names will not accept h                                                                                                                                                              | Children                                           | infants                                            |           31.44 |           16348.22 |     1.2304293671810353
 AAAAAAAAMGAEAAAA | Executive, effective securities shall create. Very remarkable studies should continue; then responsible glasses might not think more slow practical exhibitions. Strong orders s                         | Children                                           | infants                                            |            4.63 |            6458.52 |     0.4860928392525951
 AAAAAAAAMIGDAAAA | Everyday ways free standard, small bits. Processes cannot hit main, common clouds. Remarkable, special details can help. Figures used to secure long poor campaigns. Wings reg                           | Children                                           | infants                                            |            1.35 |            7810.06 |     0.5878148925966201
 AAAAAAAAMIPDAAAA | C                                                                                                                                                                                                        | Children                                           | infants                                            |            4.15 |  6663.379999999999 |     0.5015113839113228
 AAAAAAAAMKHCAAAA | Illegal, special users will not see also additional, good clothes. Ins                                                                                                                                   | Children                                           | infants                                            |            1.96 |            6601.13 |     0.4968262115740887
 AAAAAAAAMKJBAAAA | Facilities put like a resources; late skills will not strike isolated reasons. Holders assume surely effective, old terms. Ultimately independent tears woul                                             | Children                                           | infants                                            |           19.71 |           10889.61 |     0.8195935668316352
 AAAAAAAAMLCDAAAA | Firm reference                                                                                                                                                                                           | Children                                           | infants                                            |            3.76 |            4782.03 |     0.3599138099891442
 AAAAAAAAMMCAAAAA | Regular, individual winds would get concerned, considerable experts; services could inquire hard, bad foreigners. Christian units shall avoid indian, growing proceedings. Yesterday rig                 | Children                                           | infants                                            |            4.93 |            4176.78 |     0.3143603873849511
 AAAAAAAANADAAAAA | Pale problems can see enough managers. Lovely, gastric characters should pass here. Trying books make easily afraid, possible s                                                                          | Children                                           | infants                                            |            9.58 |            2392.94 |    0.18010178783391628
 AAAAAAAANBCDAAAA | Sufficiently ready rates keep                                                                                                                                                                            | Children                                           | infants                                            |            5.59 |           19712.36 |     1.4836273698570703
 AAAAAAAANBHBAAAA | Again direct differences could deal closely often future stairs. Generally major employers ought to stay. Free members make generally trends. Just                                                       | Children                                           | infants                                            |            1.79 |               27.9 |   0.002099860372832693
 AAAAAAAANCBDAAAA | Alone, increasing differences plan ways. Human advantages ought to import even present, inner days. Happy, prime aspects see good, compe                                                                 | Children                                           | infants                                            |            2.07 |            4932.39 |    0.37123047685864685
 AAAAAAAANDCEAAAA | Police win more always other shares; early, illegal men ought to determine away other seconds; differences provide about international, helpful books.                                                   | Children                                           | infants                                            |            2.38 |            5649.01 |      0.425166030277262
 AAAAAAAANEODAAAA | Current kinds could not see insects. Enough armed environments will cry enough throughout the guns. Only toxic men win agencies. Chief, environmental poets get eyes. Carefully new yards might inc      | Children                                           | infants                                            |             0.3 |  4313.360000000001 |    0.32463991891618726
 AAAAAAAANINDAAAA | Probably little institutions take then easy, other patients. Years should deal indeed possible forms. Times use somewhere in a men. Western situations pay. As specific sales mu                         | Children                                           | infants                                            |            2.64 |             266.88 |    0.02008640631905337
 AAAAAAAAOAHCAAAA | Various, comfortable initiatives will not make as. Explanations shall dare sadly enough strong brothers. Educational, internal programmes mus                                                            | Children                                           | infants                                            |            0.23 |             2684.5 |    0.20204570504908115
 AAAAAAAAOBGBAAAA | Delighted, leading forms tend. Newspapers will                                                                                                                                                           | Children                                           | infants                                            |            8.61 |           17601.82 |     1.3247800827144784
 AAAAAAAAOCCBAAAA | Public runs would prevent v                                                                                                                                                                              | Children                                           | infants                                            |            2.17 |           12726.04 |     0.9578102902897406
 AAAAAAAAOCDAAAAA | Only different matters avoid necessary classes. Yesterday free facts return mainly final demonstrations. Legs ought to get for a walls. Never current films enjoy now massive street                     | Children                                           | infants                                            |           35.73 |             3317.8 |    0.24971027759800388
 AAAAAAAAOCMAAAAA | Extra, old skills shall read rarely to a devices. Greatly                                                                                                                                                | Children                                           | infants                                            |            7.51 | 1373.6399999999999 |    0.10338538360350896
 AAAAAAAAODLDAAAA | Thin files should not produce with the plants; good, heavy attacks shall cope cases. Upper terms suppose in a programmes. Democratic russians sit no longer available inches. Tests must not re          | Children                                           | infants                                            |            1.77 | 16626.899999999998 |     1.2514038864893153
 AAAAAAAAODMCAAAA | Extra banks shall make too from the police. Attitudes recognise never after the pilots. Great, national writers must notice urban police; there moving typ                                               | Children                                           | infants                                            |            6.21 |  5302.650000000001 |     0.3990976561290781
 AAAAAAAAOEBAAAAA | Operational, sufficient students know then natural feet. Outer limits swim always separate feet. New factories coul                                                                                      | Children                                           | infants                                            |            5.96 |              55.65 |   0.004188431173768436
 AAAAAAAAOEDCAAAA | Sheer friends must admire together indeed exotic rules. Members pull. Initial, tight allies might keep elsewhere. Natural dreams arrange then fresh parents. Almost expected reasons descr               | Children                                           | infants                                            |            1.03 |           17303.83 |     1.3023522191839978
 AAAAAAAAOEFAAAAA | Examples stop even with the decades. Static levels must ta                                                                                                                                               | Children                                           | infants                                            |            1.16 | 3703.9900000000002 |    0.27877640940389126
 AAAAAAAAOGBEAAAA | Very firm seats may agree. Compulsory, accused events provide too busy, good industries. There new papers will prevent often vital, great steps. Essential, political levels c                           | Children                                           | infants                                            |            0.55 |             374.94 |   0.028219413913616126
 AAAAAAAAOGKCAAAA | Implications m                                                                                                                                                                                           | Children                                           | infants                                            |            8.67 |  7541.710000000001 |     0.5676178484729767
 AAAAAAAAOHAEAAAA | Considerable, critical writers realize. Satisfactory methods phone interests; hard empty charges could see. Sure bad judges react fairly primitive univ                                                  | Children                                           | infants                                            |            0.81 |              35.31 |   0.002657565224542021
 AAAAAAAAOICEAAAA | Wet players recognize then countries. Again complicated reasons may not stand                                                                                                                            | Children                                           | infants                                            |             2.1 |              84.74 |   0.006377855483650265
 AAAAAAAAOIIBAAAA | Subjects would look ever on the conditions. By no means similar machines migrate north                                                                                                                   | Children                                           | infants                                            |            4.88 |            1385.55 |     0.1042817756121268
 AAAAAAAAOJIAAAAA | Nearly temporary cases enter on the shares. Strong, in                                                                                                                                                   | Children                                           | infants                                            |            5.44 |            5319.62 |     0.4003748830296864
 AAAAAAAAOKMBAAAA | Strong, popular ministers must prove good churches. Conservative, leading exercises may touch for example international, centra                                                                          | Children                                           | infants                                            |            0.47 |              501.3 |   0.037729749279606775
 AAAAAAAAOKNBAAAA | Other, free parties fulfil absolute, medical board                                                                                                                                                       | Children                                           | infants                                            |            5.67 |            1538.42 |    0.11578735465137173
 AAAAAAAAOLLBAAAA | Yet prominent police look disabled minutes. Soviet police formulate for a races. Successful, new expenses merit scottish systems. Other shares ought to talk sources. Whole, back parents like green     | Children                                           | infants                                            |            1.64 |  8752.970000000001 |     0.6587818941789741
 AAAAAAAAOOAAAAAA | Medical survey                                                                                                                                                                                           | Children                                           | infants                                            |             0.3 |             1813.6 |    0.13649845061538968
 AAAAAAAAOONAAAAA | Horizontal stars ought to                                                                                                                                                                                | Children                                           | infants                                            |            4.75 |            3885.54 |    0.29244055458983303
 AAAAAAAAPCACAAAA | Normally old things stop right other facts. Men replace unlike a countries. Schemes impose more enough local gardens. Soft, advanced lights separate les                                                 | Children                                           | infants                                            |            2.39 |            1124.35 |    0.08462286774890458
 AAAAAAAAPCFAAAAA | Low lives afford happy changes. Slight, competitive jobs experiment abstract features. Ge                                                                                                                | Children                                           | infants                                            |            3.08 | 15741.920000000002 |     1.1847969175735638
 AAAAAAAAPDICAAAA | Controversial, various systems would not go earlier european pupils. Then necessary countries cross now as various values; practical claims could support. Also other states must spend                  | Children                                           | infants                                            |            9.46 |              665.6 |     0.0500955936973993
 AAAAAAAAPGMBAAAA | Factors                                                                                                                                                                                                  | Children                                           | infants                                            |            5.23 | 20218.450000000004 |     1.5217176327992534
 AAAAAAAAPIDCAAAA | Serious, fresh programmes keep today children; away financial figures steal; all individual travellers make further hours. Concentrations may visit now valuable units; terms will red                   | Children                                           | infants                                            |            6.24 |            2169.92 |    0.16331645233753106
 AAAAAAAAPIMCAAAA | Roads will remain regularly with a abilities.                                                                                                                                                            | Children                                           | infants                                            |            2.43 |             859.04 |    0.06465462561570597
 AAAAAAAAPKECAAAA | Following, good foods may not avoid once more for a movements; articles understand even merely right members. Clear employees touch here until a police. Institutions forc                               | Children                                           | infants                                            |             2.2 |             9825.5 |     0.7395045911565457
 AAAAAAAAPKGAAAAA | Dead, black hopes used to help simply protective, mi                                                                                                                                                     | Children                                           | infants                                            |            3.43 |            2581.36 |    0.19428299541273836
 AAAAAAAAPLIAAAAA | Unknown, high tactics prove. Elsewhere heavy ways wait by the laws. Rather local levels sign properly both great institutions. Prices gather comparatively open, careful players.                        | Children                                           | infants                                            |            0.25 |            9855.41 |     0.7417557317927975
 AAAAAAAAPNNCAAAA | Written, free years care however existing, international reports. Atlantic years would not see often also high patients. Descriptions shall not say righ                                                 | Children                                           | infants                                            |           27.35 |           10285.83 |     0.7741507820320321
 AAAAAAAAPOFAAAAA | Major, foreign projects hope then electronic difficulties. Interesting                                                                                                                                   | Children                                           | infants                                            |            0.81 |            6722.66 |     0.5059730227249976
 AAAAAAAAPPDBAAAA | Sites try there over successful patients. Spare structures may ensure growing, national procedures.                                                                                                      | Children                                           | infants                                            |             1.7 |           13212.91 |     0.9944539827528608
 AAAAAAAAABFCAAAA | Pr                                                                                                                                                                                                       | Children                                           | newborn                                            |            3.04 |           17435.61 |     1.4357127807653864
 AAAAAAAAADBAAAAA | Applications treat stations. Numbers say as then regional women. Just global hours used to enco                                                                                                          | Children                                           | newborn                                            |            3.41 | 4817.9800000000005 |     0.3967303388566283
 AAAAAAAAADBEAAAA | Right ways may train chief, good programmes; new effects will not mean then in a reasons. Usually social differences can imply lips. Seconds spend. Complex, full memories boost perhaps on the          | Children                                           | newborn                                            |            2.86 |           18209.48 |      1.499436106169597
 AAAAAAAAAHPDAAAA | Dark cells become now followers. Thus certain advertisements will lecture later                                                                                                                          | Children                                           | newborn                                            |            9.25 |             1718.6 |     0.1415158967781106
 AAAAAAAAALPAAAAA | Special children must not stand. Really lucky lectures will allow habitually countries. Young kinds end for example in a regulations. Thick authorities save around. Welsh years descr                   | Children                                           | newborn                                            |            4.27 |           18204.73 |     1.4990449735560185
 AAAAAAAAAMHDAAAA | Specially other materials care to a examinations. Circumstances give always also delicious charges. Main, base ships can exchange such as a strategies. Particularly nuclear proposals should not        | Children                                           | newborn                                            |            7.59 |            1262.01 |     0.1039185830867819
 AAAAAAAAAMPBAAAA | Men find much issues; permanent profit                                                                                                                                                                   | Children                                           | newborn                                            |            1.35 |            2813.32 |    0.23165920093319803
 AAAAAAAAAMPCAAAA | Cool difficult movement                                                                                                                                                                                  | Children                                           | newborn                                            |            8.45 | 2800.9700000000003 |     0.2306422561378939
 AAAAAAAAANGBAAAA | Essential, soft flowers will not offer only models. Honestly married decisions make all only logical effects. Even prospective symptoms contro                                                           | Children                                           | newborn                                            |            2.57 | 17078.940000000002 |     1.4063432503895872
 AAAAAAAAANMDAAAA | Good, old negotiations get primary games. New offers use no lo                                                                                                                                           | Children                                           | newborn                                            |            0.42 |  9410.869999999999 |     0.7749259324521224
 AAAAAAAAAOAAAAAA | Spe                                                                                                                                                                                                      | Children                                           | newborn                                            |            6.47 |            1586.88 |    0.13066958354430824
 AAAAAAAAAPKDAAAA | Very domestic candidates should act regular pictures; over long orders may feel once main, powerful officers; low, deep children w                                                                       | Children                                           | newborn                                            |           73.79 |               5.08 |     0.0004183060372587
 AAAAAAAAAPOCAAAA | E                                                                                                                                                                                                        | Children                                           | newborn                                            |            2.67 |            1555.89 |    0.12811775202961392
 AAAAAAAABCNAAAAA | Close, important dealers endorse effectively curious problems; certain parents flash there symptoms. Users turn far personal injuries. Scientists could not see loosely total, new years. Comparab       | Children                                           | newborn                                            |            4.12 |           15662.65 |     1.2897206800137753
 AAAAAAAABDMDAAAA | Glad answers raise recently manag                                                                                                                                                                        | Children                                           | newborn                                            |            9.88 |            8622.81 |     0.7100341498296636
 AAAAAAAABEEEAAAA | Possible, young tasks would know already costs. Users feel at length. Necessary, prepared police may wait strong, technical officials. All clear events ought to m                                       | Children                                           | newborn                                            |            9.39 |            6798.33 |     0.5597997012356177
 AAAAAAAABKJCAAAA | Rich details go in a years; firm, national limitations love full, whi                                                                                                                                    | Children                                           | newborn                                            |            1.76 |            5653.07 |      0.465494746072055
 AAAAAAAABNEEAAAA | Yet reasonable issues cannot make much actual additional times. Orders might not pick royal, public shows. New, possible markets might change                                                            | Children                                           | newborn                                            |            7.28 |            6110.59 |     0.5031686394119369
 AAAAAAAABOJBAAAA | Criteria would spoil narrow men. Small, genuine others eat current things. Regiona                                                                                                                       | Children                                           | newborn                                            |           19.44 |  5619.450000000001 |    0.46272635060500045
 AAAAAAAABOOCAAAA | Good, important pages can find worldwide legal ways. Early, small members may go exactly conditions. Bitter cells will produce both about a brothers. Female, top families could not cure eithe          | Children                                           | newborn                                            |            3.03 |            9102.39 |     0.7495245453707123
 AAAAAAAABPAAAAAA | Pounds might define long possible, national beds. Clinical, mental words use                                                                                                                             | Children                                           | newborn                                            |            4.05 |           10830.04 |     0.8917856527073251
 AAAAAAAABPCEAAAA | Sure, friendly clothes impose bot                                                                                                                                                                        | Children                                           | newborn                                            |            2.72 | 1372.4499999999998 |     0.1130126222117525
 AAAAAAAACAFEAAAA | Final hands tie slightly; together numerous problems ought to understand medieval humans. Imaginative, long-term authorities neglect specially subsequent, beautiful boys. Military, bare weeks repa     | Children                                           | newborn                                            |            0.58 |             755.04 |   0.062172793380277334
 AAAAAAAACAIAAAAA | Insufficient, labour characters could ask weakly in a guns. Tight clothes say. Instead fond travellers think intentions. Officers sell much                                                              | Children                                           | newborn                                            |             2.7 | 3833.8100000000004 |     0.3156901316344049
 AAAAAAAACBFAAAAA | Championships generate political resources; economic circles benefit. Parents criticise sometimes relevant customers. Rational changes hold totally. Always old schools shall play.                      | Children                                           | newborn                                            |            1.76 |            2882.51 |    0.23735656209814476
 AAAAAAAACCMDAAAA | Other areas extract also usually important books. Other cards shall produce afterward                                                                                                                    | Children                                           | newborn                                            |            5.28 |               3611 |    0.29734313002778856
 AAAAAAAACDACAAAA | Universal, electoral countries may make in                                                                                                                                                               | Children                                           | newborn                                            |            3.76 |            7979.22 |       0.65703856271956
 AAAAAAAACEDCAAAA | Good, precise sentences go long past, rural sales. Prices might benefit then different councils. Total years create maybe police; normally other minutes catch le                                        | Children                                           | newborn                                            |             2.4 |            2474.99 |    0.20379985416435234
 AAAAAAAACEKDAAAA | Even territorial demands would produce to a police. Persistent, simple volunteers ought to show in a reasons. Labour, able plans gain less than waste, practical stages. Companies canno                 | Children                                           | newborn                                            |            0.66 |            8953.75 |     0.7372849765954892
 AAAAAAAACGACAAAA | Clearly following russians clean between the attempts. Please green ideas could reach therefore with a women. Magistrates guide sick                                                                     | Children                                           | newborn                                            |             3.1 |           15899.67 |     1.3092377857128021
 AAAAAAAACHEAAAAA | Leaders go very institutions. Important, fashionable charges ought to see entire shoes; categories should use high students. Profound patients lose much by a groups. Symbols cannot find however to a   | Children                                           | newborn                                            |            3.44 |             202.38 |    0.01666471964968813
 AAAAAAAACHGCAAAA | Other, separate levels say now fun horses. Young men join most on a libraries. Recently wide positions say                                                                                               | Children                                           | newborn                                            |            7.58 |           14023.04 |      1.154709112740205
 AAAAAAAACHMCAAAA | Heads should not explore priorities. So following women list right teams. Real, lucky plates shall result partly. At least certain agreements might get dollars. Fine, other years collect. Togethe      | Children                                           | newborn                                            |            0.74 | 24505.990000000005 |     2.0179140877955377
 AAAAAAAACIJDAAAA | Inadequate, chinese records ask now amounts. Accounts find. Ethnic, pure workers will not keep only                                                                                                      | Children                                           | newborn                                            |             0.2 |            2136.38 |     0.1759174511572326
 AAAAAAAACJKBAAAA | Flat, military hands win affairs. Particular films occur different companies; payments hear probably yellow beliefs. There old roots can pay perhaps new fine pages. Eyes ought to call so.              | Children                                           | newborn                                            |            8.75 |            7378.07 |      0.607537642582145
 AAAAAAAACKMCAAAA | Fruits produce old departments.                                                                                                                                                                          | Children                                           | newborn                                            |               8 |            5611.04 |     0.4620338400196961
 AAAAAAAACLECAAAA | Oth                                                                                                                                                                                                      | Children                                           | newborn                                            |            0.56 |            4982.69 |     0.4102931710213685
 AAAAAAAACLKCAAAA | At least int                                                                                                                                                                                             | Children                                           | newborn                                            |             2.6 |            9811.62 |     0.8079251734819305
 AAAAAAAACNBAAAAA | Expert states contain still; important, coastal points use far days. Both constant boots say around also combined societies. Once other skills                                                           | Children                                           | newborn                                            |            3.84 |            2592.24 |    0.21345465394163238
 AAAAAAAACNLCAAAA | Nuclear, popular costs can say generally. Archi                                                                                                                                                          | Children                                           | newborn                                            |            9.84 |            9438.85 |     0.7772299094053702
 AAAAAAAADADBAAAA | Plants                                                                                                                                                                                                   | Children                                           | newborn                                            |            1.52 |            7156.92 |     0.5893273315310109
 AAAAAAAADAEAAAAA | Prior high products would know                                                                                                                                                                           | Children                                           | newborn                                            |            1.99 |  7740.040000000001 |       0.63734359461099
 AAAAAAAADBJAAAAA | Arrangements used to save. Dirty, dual families come to a pictures. Most able hours dislike regular plans. Either successful marks may not take big, bright                                              | Children                                           | newborn                                            |           98.06 |            5479.75 |     0.4512229345803861
 AAAAAAAADCCDAAAA | Just new conditions cannot find formal skills; full, significant developments raise slightly authorities; away small hospitals validate at least just advanced objectives. Students give just prime fi   | Children                                           | newborn                                            |               3 |            4730.21 |     0.3895030315947786
 AAAAAAAADDKAAAAA | Labour, little sports borrow over new versions. Here hostile birds av                                                                                                                                    | Children                                           | newborn                                            |            3.16 |             556.92 |    0.04585885792718803
 AAAAAAAADGBAAAAA | Countries make. Psychological, old pounds can date direct frankly unable sources. Successful agents used to make. Managers can represent obvious                                                         | Children                                           | newborn                                            |            0.69 |            2427.97 |     0.1999280530084657
 AAAAAAAADGKDAAAA | International, important languages would not marry hotly seemingly residential poets. Forward nuclear workers use                                                                                        | Children                                           | newborn                                            |           74.76 |           10906.26 |     0.8980618901403681
 AAAAAAAADHMAAAAA | More expensive practitioners turn occasionally fires. Civil                                                                                                                                              | Children                                           | newborn                                            |            8.68 | 5562.9400000000005 |     0.4580731076590379
 AAAAAAAADKMDAAAA | Responsible, strange detectives used to use with the concerns; members could happen then federal, popular teams. Comparisons c                                                                           | Children                                           | newborn                                            |            4.68 |           10154.33 |     0.8361451856923495
 AAAAAAAADLFAAAAA | Ju                                                                                                                                                                                                       | Children                                           | newborn                                            |            7.65 |             4624.8 |     0.3808231813216606
 AAAAAAAADOMCAAAA | National police come instead. Initial others choose to a wings. So detailed moments                                                                                                                      | Children                                           | newborn                                            |            1.27 |               4851 |     0.3994493280988098
 AAAAAAAADPFCAAAA | Again g                                                                                                                                                                                                  | Children                                           | newborn                                            |            8.89 |  5337.320000000001 |    0.43949472023259945
 AAAAAAAAEBKCAAAA | Potential systems could preserve increasing co                                                                                                                                                           | Children                                           | newborn                                            |            3.16 |            9059.08 |     0.7459582393719575
 AAAAAAAAEBNBAAAA | Wealthy centuries say initiatives. Chinese parents tell however stories. Horrible, public girls give hitherto                                                                                            | Children                                           | newborn                                            |            2.35 | 10983.199999999999 |     0.9043974150432587
 AAAAAAAAECPBAAAA | Boys stand more alternative women. Special, low wome                                                                                                                                                     | Children                                           | newborn                                            |             4.8 |            7345.76 |       0.60487711737273
 AAAAAAAAEDLBAAAA | Furiously only marks would stand local, different lakes. Good friends may retain however crucial rates. National, black men give then by a waves.                                                        | Children                                           | newborn                                            |            8.32 |           12097.77 |     0.9961752418045636
 AAAAAAAAEGFBAAAA | More expected bills should not make only even conscious programmes. Policies                                                                                                                             | Children                                           | newborn                                            |            0.51 |            9533.82 |     0.7850500913656967
 AAAAAAAAEICDAAAA | Inner games could not show si                                                                                                                                                                            | Children                                           | newborn                                            |            4.38 |             103.18 |    0.00849622380400643
 AAAAAAAAEJADAAAA | Poor, domestic securities counter with a doctors; processes prefer entirely long-term studies. So total                                                                                                  | Children                                           | newborn                                            |            7.74 |            6246.48 |     0.5143583259086072
 AAAAAAAAEJCBAAAA | Barriers will not cope usually lives. Very available streets must not take there words. Afterwards convincing subjects ought to cause. Full, domestic firms                                              | Children                                           | newborn                                            |            6.36 |             458.16 |    0.03772659331307992
 AAAAAAAAEMABAAAA | Mean hands could not upset happy populations. Social, black aspects look however more full services; still strong walls provide all arms. Right young societies evaluate more following eggs. Competitiv | Children                                           | newborn                                            |            5.33 |            6715.87 |     0.5530096390638948
 AAAAAAAAEMBCAAAA | Important mechanisms could relate tiny tales. Instruments become still whole adults. Bitter, bad members might kill. Issues should get also positively regular changes. Se                               | Children                                           | newborn                                            |            4.21 |            2043.95 |     0.1683064222155354
 AAAAAAAAENDDAAAA | Dear claims get certainly various, local colleagues; afterwards following examples used to bring also again statutory dreams; economic rules gi                                                          | Children                                           | newborn                                            |             2.8 |             8258.4 |     0.6800272791530017
 AAAAAAAAENFAAAAA | Small conditions find much. Thoughts may sell. Details start yet full patients. Successful, medical ideas used to rule recent years. Red styles may fill appropria                                       | Children                                           | newborn                                            |            6.31 |            1203.16 |    0.09907265586381449
 AAAAAAAAENFEAAAA | Significant conflicts must consider just by a relations; months could find. Still political types may use in a children. Also dead times will begin however                                              | Children                                           | newborn                                            |            1.63 |           23760.93 |     1.9565630846223157
 AAAAAAAAEOICAAAA | Administrative options might believe now in a programmes. Twin, financial eyes put proposed lips. Wrong films could not think less parliamentary standards. Kind, lovely thousands must plou             | Children                                           | newborn                                            |            4.06 |            1464.21 |    0.12056848086900811
 AAAAAAAAFAHBAAAA | Places can devise again. Subjects cannot rebuild home                                                                                                                                                    | Children                                           | newborn                                            |            0.58 |            8069.76 |     0.6644939620529069
 AAAAAAAAFBFCAAAA | Right sources say. Just temporary creatures want twice dark, good methods. Prices could comply at first nurses. New birds manage vitally divine, hot scenes. Useful, long-t                              | Children                                           | newborn                                            |            1.85 |             558.77 |    0.04601119378721335
 AAAAAAAAFCDDAAAA | Conservative relations would not gain times; available, previous populations know because of the instruments. Systems provide so dep                                                                     | Children                                           | newborn                                            |            4.23 |            7059.75 |     0.5813259934128164
 AAAAAAAAFCKCAAAA | Ago double citizens dismiss also general, new years. Due, following rights dispose mo                                                                                                                    | Children                                           | newborn                                            |            7.97 |            2223.88 |    0.18312252561788933
 AAAAAAAAFDFDAAAA | Once necessary circumst                                                                                                                                                                                  | Children                                           | newborn                                            |            0.55 |            3851.11 |    0.31711467778491187
 AAAAAAAAFFDAAAAA | Resources shall                                                                                                                                                                                          | Children                                           | newborn                                            |            0.95 |            2855.08 |    0.23509787418436404
 AAAAAAAAFFKCAAAA | Parental industries used to want. Contemporary services shall reveal bonds. Notable costs clear forward vast answers; inner students could not seek expensive, female days. There amer                   | Children                                           | newborn                                            |            5.55 |             9533.2 |     0.7849990382666613
 AAAAAAAAFHHDAAAA | Parents would subscribe again com                                                                                                                                                                        | Children                                           | newborn                                            |            6.35 |            1884.08 |    0.15514213359810464
 AAAAAAAAFHKAAAAA | Of course tiny conservatives can tackle conflicts. Other lives stumble long inadequate hands. Italian, individual parents delight solar, known workers. Directions talk there safe wave                  | Children                                           | newborn                                            |            1.11 |  6889.819999999999 |     0.5673333270916803
 AAAAAAAAFIIBAAAA | A bit expert books establish worth a others. Hands believe all due sessions. Useful firms might not give children. Old feet may not benefit simply new materials. Courses laugh later basic, sma         | Children                                           | newborn                                            |            2.14 |                  0 |                      0
 AAAAAAAAFNHDAAAA | Chemicals should round home with a policies. Years manage double, good days. Public, new supplies call as well onto the customs. Hands may dam                                                           | Children                                           | newborn                                            |            5.66 |  8706.869999999999 |     0.7169559619343813
 AAAAAAAAGADCAAAA | Controls                                                                                                                                                                                                 | Children                                           | newborn                                            |           70.04 |             1344.4 |    0.11070288119893627
 AAAAAAAAGAOCAAAA | Well intellectual miles show to no payments. Even english projects flourish quite natural, acute churches. White troops could not ask public, acceptable problems. Historical cours                      | Children                                           | newborn                                            |           64.69 |            3171.74 |    0.26117283279821046
 AAAAAAAAGCECAAAA | Bad eyes will not seem de                                                                                                                                                                                | Children                                           | newborn                                            |            5.96 |            4833.66 |    0.39802148819997796
 AAAAAAAAGDJCAAAA | Then military days look decisions. Here interesting circumstances look ingredients. Red genes win left voices. Previous, southern children shall come cells. Cultural, new studies should not call       | Children                                           | newborn                                            |            6.17 |  9246.029999999999 |     0.7613523956053263
 AAAAAAAAGEDAAAAA | Powerful teeth fight more; blues could not sit only, evil keys. Prime deaths would not prevent in a differences; old errors make voluntary, young stages. Muscles used to reform gene                    | Children                                           | newborn                                            |            7.52 |               12.6 |   0.001037530722334571
 AAAAAAAAGGFCAAAA | Reasonable, white feet might make only previous charges; schools march constant ways. Even original sorts might relax very. Areas will help adults. Only, administrative injurie                         | Children                                           | newborn                                            |            8.61 |              464.8 |   0.038273355535008616
 AAAAAAAAGIDCAAAA | Namely active materials launch no doubt thus emotional materials. Crucial preferences operate also in a lines. Departments could di                                                                      | Children                                           | newborn                                            |           40.86 | 13065.110000000002 |     1.0758296044190974
 AAAAAAAAGIMDAAAA | Forces implement today foreign generations. Chairs deal mainly powers. More powerful detectives may not try cultural, christian sheets. New, dark schools would permit subject, sorry actors. Re         | Children                                           | newborn                                            |             9.8 |             139.26 |   0.011467184793040663
 AAAAAAAAGIODAAAA | Real hours would not forget important, necessary towns. Mi                                                                                                                                               | Children                                           | newborn                                            |            1.45 |            1297.93 |    0.10687636908251663
 AAAAAAAAGJIAAAAA | Middle-class crops get patiently. Nuclear things might ma                                                                                                                                                | Children                                           | newborn                                            |            3.01 |            9573.75 |     0.7883380756309999
 AAAAAAAAGLDCAAAA | Interests ought to take liable miles. Appropriate, uncomfortable members generate. Millions used to wait her                                                                                             | Children                                           | newborn                                            |           31.23 |  8793.900000000001 |      0.724122334852221
 AAAAAAAAGMABAAAA | Companies play. Fine proteins should seem so even effective payments. Moving, parliamentary efforts tell cool. Foreign, military conditions ought to leave more. Forward, euro                           | Children                                           | newborn                                            |            2.37 |           10486.99 |     0.8635376436361446
 AAAAAAAAGMCAAAAA | Fiscal, complex shoes retain for exampl                                                                                                                                                                  | Children                                           | newborn                                            |            0.18 | 7089.8099999999995 |     0.5838012452789575
 AAAAAAAAGNFEAAAA | Old, total conditions carry at least in a ends. Interesting, other failures beat. Most automatic discussions shall st                                                                                    | Children                                           | newborn                                            |            3.24 |            5997.16 |    0.49382839259968214
 AAAAAAAAGPEBAAAA | Easy, delighte                                                                                                                                                                                           | Children                                           | newborn                                            |             0.5 |            2834.59 |    0.23341065160494853
 AAAAAAAAHBHBAAAA | Situations may teach long in a things. Attractive families watch very years. Also general efforts might come almost old, sound cells. Also statutory fathers sue roughly key parents. Shares r           | Children                                           | newborn                                            |            6.26 | 6490.4800000000005 |     0.5344501906903243
 AAAAAAAAHBIAAAAA | Stages will speak. Full, top hands find wide officers. Widely late months could expect; cultural societies handle economic relatives. All technologica                                                   | Children                                           | newborn                                            |            1.61 |           14178.21 |     1.1674863859294633
 AAAAAAAAHCDBAAAA | Men may not expand through the movements. Never dependent problems ignore with a friends. Partners                                                                                                       | Children                                           | newborn                                            |            5.49 | 3891.1500000000005 |     0.3204117198581084
 AAAAAAAAHCHAAAAA | Educational, round parents would not pay no longer. Bloody efforts will not remember big, new grounds. Small, precious rates afford extended, pr                                                         | Children                                           | newborn                                            |            8.69 |  4698.360000000001 |     0.3868803844910996
 AAAAAAAAHDBCAAAA | Light, cognitive feet begin always with a months; then long kids take really negotia                                                                                                                     | Children                                           | newborn                                            |            2.76 |             914.01 |    0.07526297266039851
 AAAAAAAAHDFBAAAA | Wonderful, cultural novels show now                                                                                                                                                                      | Children                                           | newborn                                            |            7.23 |            4493.28 |     0.3699933368294826
 AAAAAAAAHGADAAAA | Common writers must not face also parts. Prices used to give either big gardens. Thereby big clothes fail genuine,                                                                                       | Children                                           | newborn                                            |            5.01 |             448.05 |    0.03689409842396861
 AAAAAAAAHKEBAAAA | Great things stay yet large possibilities                                                                                                                                                                | Children                                           | newborn                                            |            4.88 | 10678.550000000001 |     0.8793114043639549
 AAAAAAAAHMCEAAAA | Either poor notes can say earlier police. Pattern                                                                                                                                                        | Children                                           | newborn                                            |            5.16 | 2497.9000000000005 |    0.20568634851742265
 AAAAAAAAHNBBAAAA | Problems must manage available details. Further appropriate owners will not want un                                                                                                                      | Children                                           | newborn                                            |            7.24 |             4759.8 |     0.3919395819181024
 AAAAAAAAHNODAAAA | Good owners can receive sometimes immediate rivers. Both young ways would give full payments. Laws used to find. Doubts could interview real women. Green, glorious schools could not perform effec      | Children                                           | newborn                                            |            3.69 |            2757.74 |    0.22708253763578887
 AAAAAAAAIBLAAAAA | Commercial shap                                                                                                                                                                                          | Children                                           | newborn                                            |            3.33 |            3563.39 |    0.29342274608411006
 AAAAAAAAIBPCAAAA | Public, political mothers would find natural recor                                                                                                                                                       | Children                                           | newborn                                            |            1.21 |            4138.88 |     0.3408107266711197
 AAAAAAAAICJAAAAA | Genuine preparations give most vast members. Writers s                                                                                                                                                   | Children                                           | newborn                                            |             0.4 |             289.07 |   0.023803095706766222
 AAAAAAAAIDDAAAAA | Fiscal loans attract helplessly. Individual, accurate kinds remember alternatively. Sides stay therefore vital sections. New units could arise more good, old implications. Entir                        | Children                                           | newborn                                            |           74.39 |             527.62 |    0.04344618727921955
 AAAAAAAAIDODAAAA | Wide canadian partners concentrate. Very complicated diseases could not withhold in addition into the sounds. Today national purposes create for exam                                                    | Children                                           | newborn                                            |            9.76 |            2186.88 |    0.18007580841738305
 AAAAAAAAIEJCAAAA | Just little years will not refuse well more wide evenings. National days survive. More crucial reports get then in the effects. Candidates begin so modern parts. Unpleasant wome                        | Children                                           | newborn                                            |            5.49 |               9358 |     0.7705724206037233
 AAAAAAAAIEMCAAAA | Years shall get often video-taped agents. Democrats give also ordinary hist                                                                                                                              | Children                                           | newborn                                            |            3.46 |            3536.95 |     0.2912455784413699
 AAAAAAAAIHNBAAAA | Indian premises can renew scarcely common, sensible respondents. Places must not use for a doors; children should prevent colours. Wild political pre                                                    | Children                                           | newborn                                            |             1.9 |           11149.28 |     0.9180730580881258
 AAAAAAAAIJDCAAAA | Bad mothers cannot promote then across the prices; again glad firms used to exist then independent restaurants. Halfw                                                                                    | Children                                           | newborn                                            |            1.85 | 15722.610000000002 |      1.294658008752758
 AAAAAAAAIKGCAAAA | Well large disputes must replace available decisions. Nearly back organizations write. Women take. Centres attribute here. Hills wo                                                                      | Children                                           | newborn                                            |            4.56 |              263.2 |    0.02167286397765548
 AAAAAAAAILJAAAAA | African, full areas could set principles. Left, flat photographs might give friends. Monetary demonstrations might not derive separately. Participants                                                   | Children                                           | newborn                                            |            0.89 |            3613.54 |     0.2975522830464179
 AAAAAAAAILPAAAAA | New                                                                                                                                                                                                      | Children                                           | newborn                                            |            1.69 |            3659.76 |     0.3013582092358071
 AAAAAAAAIMBBAAAA | Much private problems can observe from a bills. Full-time, central liabilities can want direct abilities. Great areas remove heavily. Gastric concentrations will not think on                           | Children                                           | newborn                                            |             0.9 |              815.2 |    0.06712659086088431
 AAAAAAAAIMKCAAAA | Tickets decorate especially exciting years; black poets attack new days. Thus great rules must take; precisely turkish hands should not protect early, c                                                 | Children                                           | newborn                                            |             9.5 |            4661.54 |     0.3838484891580552
 AAAAAAAAIMPDAAAA | Old, good things may                                                                                                                                                                                     | Children                                           | newborn                                            |            3.63 |             754.87 |    0.06215879494989663
 AAAAAAAAINBEAAAA | Academic depths should not declare to a institutions. Social, different women appeal in a things. Also angry writers seize easily; seats would not r                                                     | Children                                           | newborn                                            |           30.08 |            2563.86 |    0.21111773950513596
 AAAAAAAAIOFBAAAA | About recent characteristics help. Again other others specialise free, apparent benefits. Full forms may not say f                                                                                       | Children                                           | newborn                                            |            2.59 |  5437.209999999999 |    0.44772003323688503
 AAAAAAAAIOFEAAAA | Full, hard minutes wil                                                                                                                                                                                   | Children                                           | newborn                                            |            2.74 |            4053.86 |    0.33380986460660506
 AAAAAAAAIOOBAAAA | Ne                                                                                                                                                                                                       | Children                                           | newborn                                            |            4.85 |            4499.62 |    0.37051539593897476
 AAAAAAAAIPAAAAAA | Factors extend almost other, various profits. General sheets need future, added benefits. Remarkable arms would identify below independent campaigns. Fre                                                | Children                                           | newborn                                            |             5.6 |            7023.94 |     0.5783772652249751
 AAAAAAAAIPDAAAAA | British structures cannot emphasize though soon overseas interviews. Services could not grant proudly final books. Social, frequent c                                                                    | Children                                           | newborn                                            |            5.46 |            9821.25 |     0.8087181433911432
 AAAAAAAAJAAEAAAA | At least vocational processes pursue even quick, multiple bones. Birds will die precisely polish families. Other                                                                                         | Children                                           | newborn                                            |           48.08 |             200.64 |   0.016521441597556214
 AAAAAAAAJAMBAAAA | Forward separate relations will say already whole following animals. Negotiations might make rapidly neutral demands. The                                                                                | Children                                           | newborn                                            |            2.63 |            3665.76 |     0.3018522714845378
 AAAAAAAAJBMAAAAA | Previous issues go supposedly later political areas. Hills could derive relatively interested changes. Long, tot                                                                                         | Children                                           | newborn                                            |            9.63 |             200.86 |    0.01653955721334301
 AAAAAAAAJEOBAAAA | Little scientists should try previously jointly mutual winners. Continuing, real demands influence here dear men. C                                                                                      | Children                                           | newborn                                            |             2.9 |            8784.29 |     0.7233310118171705
 AAAAAAAAJFCAAAAA | Families ou                                                                                                                                                                                              | Children                                           | newborn                                            |            8.14 |            6053.56 |     0.4984725777377512
 AAAAAAAAJHIBAAAA | Never                                                                                                                                                                                                    | Children                                           | newborn                                            |            8.12 |           14904.83 |     1.2273189711249193
 AAAAAAAAJMABAAAA | Thick, indian friends must not reflect industrial, dead designs. Conditions could not win too; a l                                                                                                       | Children                                           | newborn                                            |           96.17 |  992.6800000000001 |    0.08174095217833983
 AAAAAAAAJOLDAAAA | Long dreadful systems shi                                                                                                                                                                                | Children                                           | newborn                                            |            4.46 |            14702.6 |     1.2106666030314495
 AAAAAAAAJPABAAAA | Never regional scientists keep evil, sure parameters. Pieces will make clearly o                                                                                                                         | Children                                           | newborn                                            |            9.56 |            1553.85 |    0.12794977086504547
 AAAAAAAAJPHAAAAA | Funds might save around outside a chairs; only central parents might not go. Rates nego                                                                                                                  | Children                                           | newborn                                            |            9.72 |            3650.07 |    0.30056029870410694
 AAAAAAAAKAAEAAAA | Yet useful rooms may int                                                                                                                                                                                 | Children                                           | newborn                                            |            3.31 |             490.88 |   0.040420879442824936
 AAAAAAAAKAMAAAAA | Whit                                                                                                                                                                                                     | Children                                           | newborn                                            |            5.36 |            3105.27 |      0.255699446519355
 AAAAAAAAKBACAAAA | Global, strong decisions used to pass g                                                                                                                                                                  | Children                                           | newborn                                            |            0.94 | 5391.7699999999995 |     0.4439783351398309
 AAAAAAAAKBGAAAAA | Fine, joint americans must see also responsible, exotic children. New                                                                                                                                    | Children                                           | newborn                                            |            3.16 |            6385.57 |     0.5258115122712671
 AAAAAAAAKBJAAAAA | Local, large-scale needs could not want even products. Again powerfu                                                                                                                                     | Children                                           | newborn                                            |            3.37 | 2043.1200000000001 |    0.16823807693779433
 AAAAAAAAKDHDAAAA | Short, individual times will not divide liberal, large parts. Black benefits laugh new, small fears. Crucial, effective arguments will make clearly on the others. Respects                              | Children                                           | newborn                                            |            8.08 |            5962.08 |     0.4909397753187697
 AAAAAAAAKEDAAAAA | Other communities used to say islands. Just long processes could not e                                                                                                                                   | Children                                           | newborn                                            |            8.97 |           13929.61 |      1.147015740090386
 AAAAAAAAKFKBAAAA | Schools used                                                                                                                                                                                             | Children                                           | newborn                                            |            2.78 |            1940.72 |     0.1598060812261229
 AAAAAAAAKGHDAAAA | Slowly nice years should not stand nearer companies. Special, mild groups attack again new                                                                                                               | Children                                           | newborn                                            |            0.33 |             498.63 |    0.04105904318076882
 AAAAAAAAKKHBAAAA | Affairs destroy please almost other girls. Old, desp                                                                                                                                                     | Children                                           | newborn                                            |            4.87 |              34.32 |   0.002826036062739879
 AAAAAAAAKLKDAAAA | Clothes should cause costs. Medical responsibilities len                                                                                                                                                 | Children                                           | newborn                                            |            5.31 | 11679.289999999999 |     0.9617160468297564
 AAAAAAAAKMDDAAAA | Forms would charge; closed, primary r                                                                                                                                                                    | Children                                           | newborn                                            |            9.07 |            4250.64 |     0.3500134594908112
 AAAAAAAAKNDCAAAA | Other, social children see strongly to a sites. Losses ought to receive by the sections. Real, other problems reg                                                                                        | Children                                           | newborn                                            |            9.04 |            4094.76 |    0.33717772226878634
 AAAAAAAAKPHCAAAA | Advanced managers can sit serious needs. Ro                                                                                                                                                              | Children                                           | newborn                                            |            0.19 |              139.2 |   0.011462244170553353
 AAAAAAAAKPNDAAAA | Both concerned girls erect sick, adjacent wages; measures shall not go still within a branches. Foreign rooms w                                                                                          | Children                                           | newborn                                            |            0.12 |  9408.199999999999 |     0.7747060747514372
 AAAAAAAALAPCAAAA | In part social characters may face similar, main candidates. Most serious women may argue able owners. Independent, simple cars may serve as general, specified studies; explicitly exciting             | Children                                           | newborn                                            |            4.54 | 17523.920000000002 |      1.442984553629622
 AAAAAAAALEMBAAAA | Jobs entitle european, new ages. Years will not reply very tod                                                                                                                                           | Children                                           | newborn                                            |            4.54 | 2733.4500000000003 |    0.22508240896551054
 AAAAAAAALFMDAAAA | Above personal columns dare merely                                                                                                                                                                       | Children                                           | newborn                                            |            7.82 | 4501.5199999999995 |    0.37067184898440614
 AAAAAAAALHPBAAAA | American, gay recordings co-operate warm, independent standards. Too alive fears serve le                                                                                                                | Children                                           | newborn                                            |            4.87 |            2812.62 |    0.23160156033751275
 AAAAAAAALIECAAAA | Items could make; countries consider crossly at the flames; still increased techniques resume as with a services; initially marginal issues resist high rumours; american, sad feet creat                | Children                                           | newborn                                            |            9.89 | 21540.359999999997 |     1.7737131166783089
 AAAAAAAALJBBAAAA | Aware, only packages can make prime factors. Both national suggestions wo                                                                                                                                | Children                                           | newborn                                            |            2.86 |            1662.63 |    0.13690711943453393
 AAAAAAAALMBEAAAA | Fast appropriate eyes shall heal huge, bare shots. Generally gradual advantages carry even gastric children. Services secure wide conclusions. Remaining, careful breasts may spring also                | Children                                           | newborn                                            |             0.6 |            7470.31 |     0.6151330262192991
 AAAAAAAALMGCAAAA | Now economic meetings protect so major proposals. Things must not see suddenly widely voluntary hours. Sometimes new yea                                                                                 | Children                                           | newborn                                            |            2.27 |            1795.46 |     0.1478448341843515
 AAAAAAAALNKAAAAA | Long-term ladies can replac                                                                                                                                                                              | Children                                           | newborn                                            |            0.55 |            4083.52 |     0.3362521789894974
 AAAAAAAALOLBAAAA | Requirements would think less. Total, dull ideas happen scenes. So significant groups would draw. Men might not think                                                                                    | Children                                           | newborn                                            |            4.39 |            4917.09 |      0.404891423768579
 AAAAAAAAMAJBAAAA | Reports must not include big in a eyes. Finally local areas                                                                                                                                              | Children                                           | newborn                                            |           26.32 |             1017.9 |     0.0838176604971714
 AAAAAAAAMCCEAAAA | Spanish jobs check only live issues. Women should not descend abroad american years. International books must continue also main reforms. Potential, full children would not grow only certain ports. S  | Children                                           | newborn                                            |             1.6 |  880.9200000000001 |    0.07253821935864843
 AAAAAAAAMCNBAAAA | Just military authorities could not take clever odds. Possible, careful sections must mature irrelevant, essential possibilities. Light, inadequate books extend in a companies. Trials observe          | Children                                           | newborn                                            |            4.69 |            4133.67 |     0.3403817159518052
 AAAAAAAAMCNCAAAA | As central scenes will compare waiting,                                                                                                                                                                  | Children                                           | newborn                                            |           59.72 |            4536.46 |    0.37354893814618156
 AAAAAAAAMDKAAAAA | Only, long-term characters must not become closely english owners; already overseas days drive appropriately days. Good rights turn colourful tales. Prec                                                | Children                                           | newborn                                            |            3.94 |             5121.7 |     0.4217397698873787
 AAAAAAAAMGJCAAAA | Months sit materials. Again economic areas would renounce into a nations. Casual females intend then                                                                                                     | Children                                           | newborn                                            |            1.24 |             4569.6 |    0.37627780863333776
 AAAAAAAAMHDBAAAA | Royal, strategic places get quite; compulsory, bitter departments used to proclaim just events. Days must create dar                                                                                     | Children                                           | newborn                                            |            3.56 |               5943 |    0.48936865736780594
 AAAAAAAAMHLBAAAA | Effective parties will learn hig                                                                                                                                                                         | Children                                           | newborn                                            |            5.55 |             3254.1 |     0.2679546605991212
 AAAAAAAAMHMDAAAA | Excellent contexts maximize too with a allowances. More young pieces influence deep, legal properties. Certain cases feel opportunities. Powerful organisations could travel so si                       | Children                                           | newborn                                            |            1.32 |            4801.02 |     0.3953337895668827
 AAAAAAAAMHPAAAAA | Social pages consent very by a conditions. Strong, annual children should not go simple, alone cells; deaf, angry nations constitute foreign, financial ya                                               | Children                                           | newborn                                            |            9.28 |            7420.21 |     0.6110076064423974
 AAAAAAAAMIECAAAA | Internal standards should not sell once more. There strong months must not conduct actions. Hot plants shall execute respectively                                                                        | Children                                           | newborn                                            |            1.59 |              35.21 |   0.002899321962968273
 AAAAAAAAMILBAAAA | Economic, full combinations will not place most also professional rounds. Female scie                                                                                                                    | Children                                           | newborn                                            |             4.5 |            2006.96 |    0.16526052845211034
 AAAAAAAAMJJCAAAA | Young years can prepare requirements. Pretty costs will come direct outside, secret newspapers. More o                                                                                                   | Children                                           | newborn                                            |            2.37 |                    |                       
 AAAAAAAAMJKAAAAA | Happy, whole things forget continuously senior relatives;                                                                                                                                                | Children                                           | newborn                                            |            2.54 |            4665.21 |     0.3841506905668622
 AAAAAAAAMKAAAAAA | Damp changes check well european children. Considerable sources need still with a statements. Dead stars give also independent, whole concerns. About likely participants receive as to a book           | Children                                           | newborn                                            |            7.19 |            1375.72 |    0.11328188613731079
 AAAAAAAAMKEDAAAA | Social, ugly areas may not restore particularly to a results. Aims will                                                                                                                                  | Children                                           | newborn                                            |            3.09 |            9835.99 |     0.8099318896488584
 AAAAAAAAMKMBAAAA | Contemporary initiatives ought to apply political voices. Local eyes shall not appear extra things. Nat                                                                                                  | Children                                           | newborn                                            |            1.08 |             2222.3 |    0.18299242255905693
 AAAAAAAAMLGDAAAA | Rational, linear problems realise relatively. Associations contain as feet. Certain fathers would forgive deep doors. Minds lock a little late champions. Giant, right managers                          | Children                                           | newborn                                            |            7.16 | 3430.5699999999997 |     0.2824858547713737
 AAAAAAAAMMOCAAAA | Years encounter soon specific, creative arrangements; cl                                                                                                                                                 | Children                                           | newborn                                            |            5.71 |            5917.12 |      0.487237602201614
 AAAAAAAAMNADAAAA | Groups should put well long championships; of course revolutionary scores can accompany directly powerful limits. Growing, secondary practices return fi                                                 | Children                                           | newborn                                            |             3.1 |             233.72 |    0.01924537146222507
 AAAAAAAAMNHDAAAA | Current questions used to measure. Thin failures could not swim readily. High rates shall not ask only still new needs; dangerous, polish files listen in                                                | Children                                           | newborn                                            |             0.4 |  6671.530000000001 |     0.5493585190457747
 AAAAAAAAMOBCAAAA | False, significant neighbours shall answer therefore quite military agreements. Tonnes could cause indeed about a writers. Again possib                                                                  | Children                                           | newborn                                            |            3.52 |               9645 |     0.7942050648346775
 AAAAAAAAMPBDAAAA | Delightful hands ought to dry big, new records. Police will offer in a advantages. Young minutes shall not think far dark forces. No public police                                                       | Children                                           | newborn                                            |            9.85 |            3391.05 |     0.2792316314264005
 AAAAAAAAMPNBAAAA | Major, short persons could not see. Better mixed eggs will get to the models. Women tap sole rates; days could not wait firms. Paths will not get heavily just safe things. Small developments raise e   | Children                                           | newborn                                            |            0.52 | 3214.5699999999997 |     0.2646996138170668
 AAAAAAAANCGEAAAA | New students should not carry here                                                                                                                                                                       | Children                                           | newborn                                            |             3.8 | 3623.5699999999997 |     0.2983781904388795
 AAAAAAAANEDCAAAA | Always fresh hills                                                                                                                                                                                       | Children                                           | newborn                                            |            2.41 |            9528.98 |     0.7846515478183873
 AAAAAAAANIGBAAAA | Instructions govern now very financial firms. Other relatives support reports. Fine miles can agree. Legal guests might make at le                                                                       | Children                                           | newborn                                            |            5.37 | 10336.599999999999 |     0.8511539733717083
 AAAAAAAANJMAAAAA | Certainly esse                                                                                                                                                                                           | Children                                           | newborn                                            |            2.67 |              793.5 |    0.06533973239464143
 AAAAAAAANKPCAAAA | Men imagine darkly about a units. Shoes could think properly; eggs happen already. Inc, complete methods shall say effects. So public results ought to drop furthermore foreign direct products. Quiet s | Children                                           | newborn                                            |            5.31 |             957.84 |    0.07887209738737662
 AAAAAAAANOPBAAAA | Points would not last. Powers worry most; educational, other leaders u                                                                                                                                   | Children                                           | newborn                                            |            4.28 |           10749.75 |     0.8851742763822265
 AAAAAAAAOBBEAAAA | Better practical children pay scientific, so                                                                                                                                                             | Children                                           | newborn                                            |            7.38 |             820.16 |    0.06753501565316838
 AAAAAAAAODCAAAAA | Occasionally regular unions used to carry at once prime occupations. Rath                                                                                                                                | Children                                           | newborn                                            |            6.03 |             288.64 |   0.023767687912273853
 AAAAAAAAODHCAAAA | Good parties think for example at a girls. Pa                                                                                                                                                            | Children                                           | newborn                                            |            7.36 | 3452.1099999999997 |    0.28425953824431704
 AAAAAAAAOECAAAAA | Requests come best existing, fundamental problems. Books expect ordinary tears. Major, unusual investments look for a lakes. Limited, true things star                                                   | Children                                           | newborn                                            |            0.55 | 4013.5600000000004 |     0.3304914131692969
 AAAAAAAAOEJCAAAA | Really sudden issues buy most front sugges                                                                                                                                                               | Children                                           | newborn                                            |            1.29 |            7757.66 |     0.6387944907480958
 AAAAAAAAOFPAAAAA | Teams may not share united, legal members. Mental weeks buy short readers. Even good patients would let forwar                                                                                           | Children                                           | newborn                                            |            2.91 | 2831.6400000000003 |    0.23316773766598928
 AAAAAAAAOGMCAAAA | Independent interests achieve successfully sources. Stories would not lo                                                                                                                                 | Children                                           | newborn                                            |            1.84 |            3837.64 |    0.31600550803651134
 AAAAAAAAOJLAAAAA | Teachers ought to require also over correct examples. Too recent women may come after a others. Too mechanical years discredit densely equal sales;                                                      | Children                                           | newborn                                            |            4.08 |            2658.67 |    0.21892474647216298
 AAAAAAAAOKPBAAAA | Canadian mothers could go well large days. Less patient reserves can account above in a readers; gold classes might explain from a lip                                                                   | Children                                           | newborn                                            |           94.96 |             859.35 |     0.0707620655744614
 AAAAAAAAOLCCAAAA | International proposals see finally. Constantly young effects used to look very together main judges. Panels get rights.                                                                                 | Children                                           | newborn                                            |            1.94 |            6894.26 |     0.5676989331557412
 AAAAAAAAOLFBAAAA | Open, partial lines fit urgently progressive bases. Relatives ought to organize always different, fierce operations. Gifts could turn forward for the talks. Important, resi                             | Children                                           | newborn                                            |            1.94 |  8507.560000000001 |     0.7005440374686273
 AAAAAAAAOMDAAAAA | Soon complex eyes see different, outer events. Factors could ensure also experimental, human arts. General areas last as well certainly commercial pp.; papers put now                                   | Children                                           | newborn                                            |            3.38 |             9957.4 |     0.8199292392519251
 AAAAAAAAOMGAAAAA | Specifically                                                                                                                                                                                             | Children                                           | newborn                                            |            4.36 |             1560.4 |     0.1284891221532432
 AAAAAAAAOOFBAAAA | Slight, other years can confirm ever key sounds. Big forces should look however spatial words. Political, fine women suppres                                                                             | Children                                           | newborn                                            |            9.49 |            5864.47 |     0.4829022059690017
 AAAAAAAAOONDAAAA | Statutory, old-fashio                                                                                                                                                                                    | Children                                           | newborn                                            |            3.12 |            5834.08 |    0.48039978067918043
 AAAAAAAAOPEBAAAA | Subjects would not think late notably worried others. Radic                                                                                                                                              | Children                                           | newborn                                            |            1.84 |           12628.96 |      1.039915396121778
 AAAAAAAAPBFEAAAA | Years might make also real, french hands. Other proble                                                                                                                                                   | Children                                           | newborn                                            |            8.02 |            7616.67 |     0.6271848513400045
 AAAAAAAAPBGAAAAA | Royal, legal days used to contain nevertheless. Clear, scottish residents speak already closer coming spots. Years take slowly; active cheeks dra                                                        | Children                                           | newborn                                            |            3.23 |            8583.83 |     0.7068243920870761
 AAAAAAAAPBJDAAAA | Special sheets make by now national, inner patients. Less spectacular factors may not prevent already. Activities spend then unlike a windows. Arts stray practically always gla                         | Children                                           | newborn                                            |            6.84 |            2676.92 |     0.2204275191453857
 AAAAAAAAPEOBAAAA | Banks c                                                                                                                                                                                                  | Children                                           | newborn                                            |            2.78 |  7329.889999999999 |     0.6035703227248371
 AAAAAAAAPFFAAAAA | Ago real links require administrative, recent pp.. Most complete reasons address further in an friends.                                                                                                  | Children                                           | newborn                                            |            2.07 |           17952.86 |     1.4783050637913828
 AAAAAAAAPLJCAAAA | Subjects must leave darling, good changes; successful millions disturb goods. Healthy, asleep jobs must involve extremely bett                                                                           | Children                                           | newborn                                            |            1.63 |            7751.74 |     0.6383070159960148
 AAAAAAAAPMAEAAAA | Major applicants wait old schools. Actual guests can take surprising opportunities. Appropriate, small hours ask only quite soft options. Good ways shall not take for a elements. Words sh              | Children                                           | newborn                                            |             3.4 | 2359.3500000000004 |    0.19427762775714844
 AAAAAAAAPODCAAAA | Letters smell                                                                                                                                                                                            | Children                                           | newborn                                            |            8.52 |           12987.23 |     1.0694166764305721
 AAAAAAAAAAEDAAAA | General men will pay all whole, particular men. Commercial, attractive others will track harder members; constantly local others may catch confidently also great demands. Inches                        | Children                                           | school-uniforms                                    |            9.72 |  8115.200000000001 |     0.7066259127276774
 AAAAAAAAAAFAAAAA | Acids appear only strongly main matters. Courses may come so early questions. Demonstrations will not happen easily fa                                                                                   | Children                                           | school-uniforms                                    |             4.6 |            1398.96 |    0.12181355812173593
 AAAAAAAAAEPBAAAA | Even particular choices will not move other friends; concerned, remote books go often with the years. There external measures ought to feel so too re                                                    | Children                                           | school-uniforms                                    |            4.74 |            1662.94 |    0.14479944983627807
 AAAAAAAAAFEBAAAA | Raw                                                                                                                                                                                                      | Children                                           | school-uniforms                                    |             1.4 |           10176.84 |     0.8861419131609246
 AAAAAAAAAFEEAAAA | Permanent, worried products would not wake; different pupils could cover from time to t                                                                                                                  | Children                                           | school-uniforms                                    |            2.06 |            4232.04 |    0.36850220915073434
 AAAAAAAAAFGDAAAA | Light, social members shall maintain just likely, small children. Actually physical steps will not make foreign,                                                                                         | Children                                           | school-uniforms                                    |            6.15 |            3958.76 |     0.3447065258120342
 AAAAAAAAAFJCAAAA | Additional, afraid poi                                                                                                                                                                                   | Children                                           | school-uniforms                                    |            6.81 |           10909.32 |     0.9499221463720309
 AAAAAAAAAFODAAAA | Cups                                                                                                                                                                                                     | Children                                           | school-uniforms                                    |            6.17 | 4017.4300000000003 |      0.349815178993685
 AAAAAAAAAGGCAAAA | Added, concerned moments may not know about over linear messages. Areas pay between a parts. Labour characters will go only for a                                                                        | Children                                           | school-uniforms                                    |            0.41 |            9916.49 |     0.8634721014029088
 AAAAAAAAAJBDAAAA | Genuine eyes take further normal proceedings. Assumptions may not see with an problems. National, common things must keep as boots. Managerial, big goals may not buy                                    | Children                                           | school-uniforms                                    |           74.69 |             443.65 |     0.0386305434470665
 AAAAAAAAAJFAAAAA | Far open actions sh                                                                                                                                                                                      | Children                                           | school-uniforms                                    |             4.9 |             923.01 |    0.08037051258216353
 AAAAAAAAAMFDAAAA | Private, other forces cannot read never in a estimates. Then aware pubs increase briefly profound, foreign values. Successful floors provide dramatically. Fingers may present small babie               | Children                                           | school-uniforms                                    |            2.15 |            3563.33 |     0.3102747083990431
 AAAAAAAAAMLCAAAA | Yet thick wives see rather. Tales                                                                                                                                                                        | Children                                           | school-uniforms                                    |            2.67 |             700.23 |    0.06097208483700975
 AAAAAAAAANDBAAAA | Great looks can remind for the workers. So red sisters might travel hard skills. Only, noble ways will go women;                                                                                         | Children                                           | school-uniforms                                    |            2.13 |            3106.63 |     0.2705078444471096
 AAAAAAAAANEDAAAA | Quite young feet increase. Marine, other advisers lead duties. Either rapid applica                                                                                                                      | Children                                           | school-uniforms                                    |            0.14 |            3422.77 |      0.298035535206392
 AAAAAAAAANMBAAAA | Attractive, great relations may believe to a provinces; lads make so unfortunately wrong                                                                                                                 | Children                                           | school-uniforms                                    |            7.41 | 3459.3599999999997 |     0.3012215863384288
 AAAAAAAAANOBAAAA | Dogs pose over a methods. Forward valuable sys                                                                                                                                                           | Children                                           | school-uniforms                                    |            9.61 |             179.75 |   0.015651617681979497
 AAAAAAAAANPAAAAA | Available, tall terms should attend still extra cells. Long, careful moments must not lose so at a issues. Isolated names improve them                                                                   | Children                                           | school-uniforms                                    |            1.38 |             586.95 |    0.05110830040855558
 AAAAAAAAAOADAAAA | Good, important colours lead now items. Children remedy to the changes. Available republics face thereafter. Bare, important talks join severely as well unable studie                                   | Children                                           | school-uniforms                                    |            1.04 | 1769.8000000000002 |    0.15410421682095862
 AAAAAAAABAOBAAAA | Courts shall refuse. National, small agencies meet always makers. Yet current eyes offer more popular charges. Then furious shows emphasise sufficiently rela                                            | Children                                           | school-uniforms                                    |            9.92 |            2221.41 |    0.19342787223880986
 AAAAAAAABBODAAAA | Restrictions can give very changes; electric leaders share political beings. Different, american nerves visit holidays. Dead records ask other, major structures. Ideas think with a roads. Tight days r | Children                                           | school-uniforms                                    |            8.46 | 11518.130000000001 |     1.0029338924691988
 AAAAAAAABCFCAAAA | Always valuable proteins can c                                                                                                                                                                           | Children                                           | school-uniforms                                    |            7.37 |             102.81 |   0.008952115793514948
 AAAAAAAABDGAAAAA | Members used to say. Added, small months cannot rethink now ab                                                                                                                                           | Children                                           | school-uniforms                                    |            6.81 |             704.81 |    0.06137088544331554
 AAAAAAAABFJBAAAA | Lakes may not assume correctly remote, domestic causes. Expensive doctors recognize for an agencies. As large subjects could not consider. Afraid, live                                                  | Children                                           | school-uniforms                                    |            3.59 |             491.32 |    0.04278137857863792
 AAAAAAAABJCBAAAA | Strong, young criticisms ought to go reluctantly important arrangements; monthly abilities could inform in the methods. Ultimate, like ranks shall not guess new, aware customs. Foreign horses th       | Children                                           | school-uniforms                                    |            7.77 |  8899.400000000001 |     0.7749096322615207
 AAAAAAAABKPCAAAA | Members would step too men. Only sets decline then with a recordings. Simple, attractive players mig                                                                                                     | Children                                           | school-uniforms                                    |            1.47 | 2740.9700000000003 |    0.23866823097510617
 AAAAAAAACAEEAAAA | Much traditional ways get also.                                                                                                                                                                          | Children                                           | school-uniforms                                    |            3.41 |            9470.87 |     0.8246700214505099
 AAAAAAAACDJAAAAA | In order financial services choose of course si                                                                                                                                                          | Children                                           | school-uniforms                                    |           88.67 |               2163 |    0.18834185839288817
 AAAAAAAACGADAAAA | New, particular beliefs find in a stars. Studies spread neither. Small links make. Just real records                                                                                                     | Children                                           | school-uniforms                                    |            2.94 |                    |                       
 AAAAAAAACGBEAAAA | Preparations shall sign together. Much major scenes will respect very as manufacturing areas; huge experiences cope more t                                                                               | Children                                           | school-uniforms                                    |            2.22 |            2924.34 |       0.25463505786993
 AAAAAAAACHNBAAAA | Long, important sports can hold clearly cold, molecular modules. So heavy classes must possess. Just special sports                                                                                      | Children                                           | school-uniforms                                    |            4.42 |              658.8 |    0.05736459376293792
 AAAAAAAACHOAAAAA | Germans yield political, internal rates. Pp. can get a little too large characters. Successful, aware years cannot hesitate. National copies may                                                         | Children                                           | school-uniforms                                    |            3.78 |           13040.67 |      1.135508101011736
 AAAAAAAACIAAAAAA | Full, poor victims begin guests. Black,                                                                                                                                                                  | Children                                           | school-uniforms                                    |            4.24 |            2892.84 |     0.2518922152719753
 AAAAAAAACINCAAAA | Normal, theoretical gaps look then years. Therefore national att                                                                                                                                         | Children                                           | school-uniforms                                    |            8.09 |             624.96 |    0.05441799714342089
 AAAAAAAACJLDAAAA | Irish, main priorities conduct changing, p                                                                                                                                                               | Children                                           | school-uniforms                                    |            4.03 |  6916.129999999999 |      0.602217650063248
 AAAAAAAACJPAAAAA | Unfortunately electric de                                                                                                                                                                                | Children                                           | school-uniforms                                    |            2.94 |            3424.47 |    0.29818356163231335
 AAAAAAAACKABAAAA | Payable pupils play available worlds.                                                                                                                                                                    | Children                                           | school-uniforms                                    |           97.58 |              727.5 |     0.0633466028575248
 AAAAAAAACLDAAAAA | Ever apparent agents must run yet accused, short demands. Short, poor eyes need with a men. Words take                                                                                                   | Children                                           | school-uniforms                                    |            8.33 |            5412.36 |     0.4712778274116191
 AAAAAAAACNKDAAAA | National pictures might not prevent with a visitors. Streets achieve. Ot                                                                                                                                 | Children                                           | school-uniforms                                    |              69 |             4058.1 |     0.3533564935479332
 AAAAAAAACOEAAAAA | Free, revolutionary proceedings reach still. Courses will not allow somewhat markets. Actually individual fees like both then previous components; small proceedings under                               | Children                                           | school-uniforms                                    |            7.18 | 12706.029999999999 |     1.1063695344409565
 AAAAAAAADDBDAAAA | Tiny parents could not get deve                                                                                                                                                                          | Children                                           | school-uniforms                                    |           69.01 |            2929.29 |     0.2550660759924657
 AAAAAAAADDJBAAAA | Techniques count fully other than a techniques. Years should act l                                                                                                                                       | Children                                           | school-uniforms                                    |            0.25 |            9379.78 |     0.8167384172521704
 AAAAAAAADEBCAAAA | Almost new papers will share for a situations. U                                                                                                                                                         | Children                                           | school-uniforms                                    |             5.2 |            2226.44 |     0.1938658563108007
 AAAAAAAADFDCAAAA | Well fit standards must achieve often new, guilty parents. Only applicable spirits say. Bodies can                                                                                                       | Children                                           | school-uniforms                                    |            4.17 |            1241.76 |    0.10812546744241924
 AAAAAAAADGKAAAAA | Successful, responsible makers lay then between a grou                                                                                                                                                   | Children                                           | school-uniforms                                    |             8.3 | 3269.9100000000003 |    0.28472534728501575
 AAAAAAAADJHDAAAA | Base, indian reactions pick in general genes. As various values stand virtually following, post-war pupils. Views accept also irish powers. Again white mammals consider so then                         | Children                                           | school-uniforms                                    |           71.53 |             7545.6 |     0.6570283526072015
 AAAAAAAADJJBAAAA | Various, likely designs ensure members. Available ministers know very current, ideological families. Then human proceedings ring flat feet.                                                              | Children                                           | school-uniforms                                    |            0.82 |            3855.19 |     0.3356882334986956
 AAAAAAAADKCEAAAA | No                                                                                                                                                                                                       | Children                                           | school-uniforms                                    |            9.67 |            6727.72 |     0.5858119683527515
 AAAAAAAADKNCAAAA | Special expectations u                                                                                                                                                                                   | Children                                           | school-uniforms                                    |             8.7 |            1337.37 |    0.11645064778497312
 AAAAAAAADMKAAAAA | Other doctors help more full, dead obser                                                                                                                                                                 | Children                                           | school-uniforms                                    |            1.92 |             309.08 |   0.026912945719867718
 AAAAAAAADMMBAAAA | Briefly certain reports must pick new sides; areas show then other dogs; police would come best in the kinds. Chemicals help ill men. Lips shall le                                                      | Children                                           | school-uniforms                                    |            5.99 |            1711.39 |    0.14901820297503693
 AAAAAAAAEAICAAAA | Political, basic purposes could g                                                                                                                                                                        | Children                                           | school-uniforms                                    |            4.63 |            7179.21 |       0.62512517484642
 AAAAAAAAEAKDAAAA | Yet medical que                                                                                                                                                                                          | Children                                           | school-uniforms                                    |            4.84 |             7331.2 |     0.6383596080674719
 AAAAAAAAEAMBAAAA | More big times impose really easy groups. Connections shall not g                                                                                                                                        | Children                                           | school-uniforms                                    |            3.15 |           11911.76 |     1.0372089760194496
 AAAAAAAAEAMDAAAA | Curtains can think rises. Medical supporters run as. Broken forms                                                                                                                                        | Children                                           | school-uniforms                                    |            1.17 |           10314.13 |     0.8980963531695975
 AAAAAAAAEBEBAAAA | Prime, ready orders used to fight already full churches. Cars present to a doctors. Orthodox payments enable en route b                                                                                  | Children                                           | school-uniforms                                    |           76.71 |            7328.03 |     0.6380835823203127
 AAAAAAAAECMCAAAA | Social, individual points shall shake more crucial, public charges. Even relevant individuals shall go for a questions. Light, human hundreds might not get almost urban goods. Black, i                 | Children                                           | school-uniforms                                    |            4.26 |           12981.96 |     1.1303959648553576
 AAAAAAAAEDNAAAAA | Other, national millions determine bett                                                                                                                                                                  | Children                                           | school-uniforms                                    |            3.83 |             3507.7 |    0.30543076129668695
 AAAAAAAAEEHCAAAA | Groups should not take english appeals. Very possible days will not remove nonetheless police; hands should not greet. Questions pursue in a reg                                                         | Children                                           | school-uniforms                                    |            0.99 | 5987.5599999999995 |     0.5213630039939535
 AAAAAAAAEFABAAAA | Components would boast originally thus young sides. Difficult sections think now savings. Almost right workers shall not explain. Changes produce. Very machines generate meanwhil                       | Children                                           | school-uniforms                                    |           81.98 |               1137 |    0.09900355663093567
 AAAAAAAAEFNAAAAA | Friends                                                                                                                                                                                                  | Children                                           | school-uniforms                                    |            3.86 |           18730.05 |     1.6309072698990823
 AAAAAAAAEGABAAAA | Settlements must negotiate above nearly similar procedures. Italian friends dominate much results. Also typ                                                                                              | Children                                           | school-uniforms                                    |            3.94 |            5527.34 |     0.4812896382659947
 AAAAAAAAEGOCAAAA | Ex                                                                                                                                                                                                       | Children                                           | school-uniforms                                    |            0.33 | 3823.0199999999995 |     0.3328870510740542
 AAAAAAAAEHBBAAAA | Quite runnin                                                                                                                                                                                             | Children                                           | school-uniforms                                    |            0.14 |            3475.48 |    0.30262522515363616
 AAAAAAAAEIACAAAA | Orders would remember very members. Extremely social interests tell often profound years. Right lines can protect estimated, green matters. Shareholders shall n                                         | Children                                           | school-uniforms                                    |            0.72 |            6696.85 |     0.5831239826067559
 AAAAAAAAEIGCAAAA | Scottish members apply then overseas, sad homes. As original facts can unite after a years. Public                                                                                                       | Children                                           | school-uniforms                                    |            8.66 |            2478.54 |    0.21581730453125705
 AAAAAAAAEJAEAAAA | Offices gain really alternatively front numbers. Various arms may no                                                                                                                                     | Children                                           | school-uniforms                                    |            4.52 |            2944.37 |     0.2563791574647564
 AAAAAAAAEJFCAAAA | Only services recommend most characters. Strong, afraid troubles separate. Current books could appreciate later new needs. Fine, cultural users think hungry, minu                                       | Children                                           | school-uniforms                                    |            0.14 |            2434.09 |    0.21194684886525436
 AAAAAAAAEKJCAAAA | Others demonstrate to a rights. However organisational marks will protect well yet fine defences. Men shall pu                                                                                           | Children                                           | school-uniforms                                    |            4.52 | 4834.0199999999995 |     0.4209192373131711
 AAAAAAAAELBEAAAA | Improvements find white dollars. Linear, necessary patients carry other, happy effects. Political profits may not see much recent sources. New, new differences must take much organic c                 | Children                                           | school-uniforms                                    |            2.06 | 13941.500000000002 |     1.2139473041074669
 AAAAAAAAELCAAAAA | Hours drop therefore total, true experiences. Services should say too effective, current views. Proper, good results talk surely. As different heels can get directly early                              | Children                                           | school-uniforms                                    |            4.25 |            7056.66 |     0.6144542110248535
 AAAAAAAAELKAAAAA | Deep areas must fi                                                                                                                                                                                       | Children                                           | school-uniforms                                    |            1.81 |  6337.280000000001 |     0.5518146520370238
 AAAAAAAAEMEAAAAA | Tonnes may erect aside different masters. Single, damp collections recognize; wild units might extend rapid pages.                                                                                       | Children                                           | school-uniforms                                    |            4.43 |            1508.98 |    0.13139348010989385
 AAAAAAAAFBGEAAAA | Months used to prevent numbers. As complete decisions remember only in the glasses. Labour pensions take; low audiences will                                                                             | Children                                           | school-uniforms                                    |            7.73 |            5368.38 |     0.4674482966986653
 AAAAAAAAFBNAAAAA | Technological others get high, full pounds. All complete streets put new, supreme things. Very corporate assets shall walk again further alone jobs. Estimates last seri                                 | Children                                           | school-uniforms                                    |           50.19 |            6134.55 |     0.5341620653740602
 AAAAAAAAFDJCAAAA | Project                                                                                                                                                                                                  | Children                                           | school-uniforms                                    |           77.69 |            2332.08 |    0.20306439256629064
 AAAAAAAAFOOBAAAA | Fingers must solve even international, sure men. Other, popular wages draw around. Well specific pupils cons                                                                                             | Children                                           | school-uniforms                                    |              68 |             9330.3 |     0.8124299775141767
 AAAAAAAAGAGBAAAA | Partners must not watch never then existing firms; real hospitals used to reflect near an forces. Coins reach often professional, substantial eyes. Other police l                                       | Children                                           | school-uniforms                                    |            1.81 |            2765.63 |    0.24081548489464785
 AAAAAAAAGCGCAAAA | Years cling                                                                                                                                                                                              | Children                                           | school-uniforms                                    |            1.39 |             1885.4 |    0.16417001378361135
 AAAAAAAAGDBBAAAA | Social, minimum sta                                                                                                                                                                                      | Children                                           | school-uniforms                                    |            4.55 |  6791.030000000001 |     0.5913246466027996
 AAAAAAAAGEPAAAAA | Respectable, basic copies should use clearly days; hot speakers give less; houses shall communicate social others. Mater                                                                                 | Children                                           | school-uniforms                                    |            4.35 |            18526.2 |      1.613157159943747
 AAAAAAAAGFDDAAAA | Here inherent friends cannot say onwards problems. Particularly big                                                                                                                                      | Children                                           | school-uniforms                                    |            1.92 |            6810.01 |     0.5929773181110274
 AAAAAAAAGGBAAAAA | Shares take around likely, experimental figures. Just other stores might turn champions. Finely present skills                                                                                           | Children                                           | school-uniforms                                    |            2.39 |            5931.22 |     0.5164572340901832
 AAAAAAAAGGEEAAAA | As political areas might not explain at random in a women; foreign, academic kinds will find in the yards. At least effective rates would include ago in no doctors. Aff                                 | Children                                           | school-uniforms                                    |            4.03 |           11864.32 |     1.0330781679925616
 AAAAAAAAGGJBAAAA | Supposed, worried offices restore almost pregnant departments. Alone signs must read approx ordinary trees; other locations                                                                              | Children                                           | school-uniforms                                    |            2.44 | 12455.789999999999 |     1.0845800445453317
 AAAAAAAAGHBDAAAA | Functional actors cope as about a missiles; pleasant areas ought to need others                                                                                                                          | Children                                           | school-uniforms                                    |             4.1 |            3050.15 |     0.2655898841317928
 AAAAAAAAGHDAAAAA | Social rules strike always prominent, particular earnings. Especially national studies shall                                                                                                             | Children                                           | school-uniforms                                    |            7.83 |            3169.75 |     0.2760039785672017
 AAAAAAAAGHFBAAAA | Intense, national ways might compensate combined trains; over concerned miles would see directly wrong, modern measures; inner cards finance previously global, active children. Over sepa               | Children                                           | school-uniforms                                    |            1.25 |           11949.93 |     1.0405326046532253
 AAAAAAAAGHICAAAA | Direct, human responses remember surprisingly british reasons. European, dependent rewards s                                                                                                             | Children                                           | school-uniforms                                    |            4.45 |             102.24 |   0.008902483403647196
 AAAAAAAAGICBAAAA | Formal results should widen again too interested standards; differences used to wo                                                                                                                       | Children                                           | school-uniforms                                    |            0.63 |              561.6 |    0.04890096517496347
 AAAAAAAAGINBAAAA | General, structural letters bear sometimes tickets. Boats should become. Historical                                                                                                                      | Children                                           | school-uniforms                                    |            1.75 |            4647.33 |    0.40466332351595974
 AAAAAAAAGJICAAAA | New, open prisoners lose perhaps likely students. Old, only                                                                                                                                              | Children                                           | school-uniforms                                    |            2.85 |            1489.44 |    0.12969204695548006
 AAAAAAAAGKKCAAAA | About relevant gardens operate most local points; relevant, broad fields win more with a types. As a whole different services may accept; years miss recently european practit                           | Children                                           | school-uniforms                                    |            8.07 |            1270.44 |    0.11062276032208083
 AAAAAAAAGMMCAAAA | Then linguistic courses would gain natural, african sections. Really bare streets may not promote once accidents. Consultants should not want bad very added companies. Legally inte                     | Children                                           | school-uniforms                                    |            0.67 |              60.55 |  0.0052723529938462224
 AAAAAAAAGNJAAAAA | However hot trials shall anticipate perfectly governments; always good questions operate convincingly specific worlds; changes expect strong concerns. Colleagues f                                      | Children                                           | school-uniforms                                    |            2.11 |            3025.85 |     0.2634739769847992
 AAAAAAAAGOCBAAAA | Full varieties could see du                                                                                                                                                                              | Children                                           | school-uniforms                                    |           60.47 |             3896.8 |     0.3393113979590414
 AAAAAAAAGPLCAAAA | Other, ordinary groups see from the times; public, separate details warm only; categories tell in addition only narrow decades. Full cases mention readily in a operations. Subjects shall coincide alwa | Children                                           | school-uniforms                                    |            1.52 |             573.75 |    0.04995891874846028
 AAAAAAAAHDKCAAAA | Female relations open descriptions. Deputies will relate only conservative, new demands. Unlike father                                                                                                   | Children                                           | school-uniforms                                    |            8.18 |            3220.48 |    0.28042126126543154
 AAAAAAAAHGECAAAA | Large customers reduce much costly, local tools. European fingers would mend natural requirements. Sometimes small sums ca                                                                               | Children                                           | school-uniforms                                    |            0.43 |            8222.72 |     0.7159881487953625
 AAAAAAAAHINDAAAA | Long, civi                                                                                                                                                                                               | Children                                           | school-uniforms                                    |            7.89 | 20541.030000000002 |     1.7885972092020657
 AAAAAAAAHLLCAAAA | Shortly new components realise long, sad proceedin                                                                                                                                                       | Children                                           | school-uniforms                                    |            7.61 |            4490.12 |    0.39097436209296116
 AAAAAAAAHPFEAAAA | Days shall owe that. Minu                                                                                                                                                                                | Children                                           | school-uniforms                                    |            2.37 |             923.93 |    0.08045062100089743
 AAAAAAAAIABCAAAA | Major, tory men could not support a bit free factors. W                                                                                                                                                  | Children                                           | school-uniforms                                    |            4.45 |            1546.09 |    0.13462480991338902
 AAAAAAAAIBFCAAAA | Requirements may meet quiet hands. Upper, appropriate words can show so. Fixed, full purposes can treat votes. So military clothes stand. Great records exclude long diffe                               | Children                                           | school-uniforms                                    |            7.69 |             5061.8 |    0.44075303689927015
 AAAAAAAAIBKDAAAA | Only christian circumstances could endorse dead, important cases. Recently central solutions would convert. However silent patients could not protect mor                                                | Children                                           | school-uniforms                                    |            5.01 |             566.96 |    0.04936768378845671
 AAAAAAAAICBDAAAA | Needs rob away various, bas                                                                                                                                                                              | Children                                           | school-uniforms                                    |           97.79 |            3724.34 |       0.32429455242116
 AAAAAAAAIEDEAAAA | Involved buildings embrace rather soo                                                                                                                                                                    | Children                                           | school-uniforms                                    |             9.6 |            2218.48 |    0.19317274434001597
 AAAAAAAAIFNDAAAA | Arms ought to learn really. Rapid, formal rights see furthermore inc signals.                                                                                                                            | Children                                           | school-uniforms                                    |            7.62 |  629.1600000000001 |   0.054783709489814855
 AAAAAAAAIFPDAAAA | Almost radical products might not give subjective areas. New columns may not reduce completely front rooms. Willing things hold good, right thoughts. Working citizens can guess partly on               | Children                                           | school-uniforms                                    |            6.13 |           12485.42 |      1.087160058074773
 AAAAAAAAIIJBAAAA | Only rewards can compete softly shares. Evenings act. Straight reasonable scores give ready circumstances. Confident, various shoes cannot see more than unto a reports. Rough cars mark a               | Children                                           | school-uniforms                                    |           25.75 |            10630.2 |     0.9256179487231067
 AAAAAAAAILDBAAAA | Special areas ask then old operations. Requests use there. Full nations ought to go social tasks. Easy limited aspects might not explore theoretical, sophisticated traders. Academic, difficult ta      | Children                                           | school-uniforms                                    |            5.66 |            2843.42 |     0.2475889999960731
 AAAAAAAAILHCAAAA | Soft, only rights might say obviously valuable mont                                                                                                                                                      | Children                                           | school-uniforms                                    |            6.34 |            9044.86 |      0.787575469858298
 AAAAAAAAILJBAAAA | Possible residents would say ago times. Lines launch correct technologies. Legitima                                                                                                                      | Children                                           | school-uniforms                                    |            3.93 |              58.37 |    0.00508253087119412
 AAAAAAAAINGBAAAA | Often clear years step european, unknown subjects; differences might lay representative, present classes. High natu                                                                                      | Children                                           | school-uniforms                                    |            3.27 |            8663.85 |     0.7543992648345927
 AAAAAAAAIOBDAAAA | Issues could cause then in a bars. Recommendations deny. Major principles could defeat by                                                                                                                | Children                                           | school-uniforms                                    |            3.51 |            8539.61 |     0.7435811453307868
 AAAAAAAAIOICAAAA | Also due scenes help completely familiar members. Aware concentrations can reduce problems. Cells know. So short numbers mean as from a laws; really practical                                           | Children                                           | school-uniforms                                    |            0.13 |            5779.64 |     0.5032585013600889
 AAAAAAAAIOJDAAAA | Electoral, strong qualities should determine british children. Mass cells                                                                                                                                | Children                                           | school-uniforms                                    |            8.35 |           13555.78 |      1.180360978809591
 AAAAAAAAJGABAAAA | Much top negotiations must no                                                                                                                                                                            | Children                                           | school-uniforms                                    |            6.68 |  5150.099999999999 |     0.4484417036103621
 AAAAAAAAJJABAAAA | Ordinary circumsta                                                                                                                                                                                       | Children                                           | school-uniforms                                    |            0.71 |             1467.7 |    0.12779905019105037
 AAAAAAAAJKNCAAAA | Investors can show long issues. Other, other particles vote little clear, firm beds. Difficult, distinguish                                                                                              | Children                                           | school-uniforms                                    |            2.05 |            9483.68 |     0.8257854441070114
 AAAAAAAAKAGAAAAA | Single years shall listen really domestic, light                                                                                                                                                         | Children                                           | school-uniforms                                    |           95.97 |             6137.4 |     0.5344102273233989
 AAAAAAAAKAGDAAAA | Here recent parties live under a companies. Future, whole parents should not sponsor almost individuals. Just financial nights prod                                                                      | Children                                           | school-uniforms                                    |             1.3 |            3984.21 |     0.3469225684824452
 AAAAAAAAKAJAAAAA | Foreign, atlantic symptoms hire then. However personal cells can want. Capitalist, attractive windows access usually increasing tales. As gentle argum                                                   | Children                                           | school-uniforms                                    |            3.26 | 10725.689999999999 |     0.9339326801414777
 AAAAAAAAKAPBAAAA | Principal, low families used to move ever cold min                                                                                                                                                       | Children                                           | school-uniforms                                    |            2.65 | 2217.7400000000002 |     0.1931083093075561
 AAAAAAAAKBIDAAAA | Financial, dead children may think more points. Basic, basic years start ago; fairly new men could claim deliberately                                                                                    | Children                                           | school-uniforms                                    |            4.93 |            6414.42 |     0.5585315687991261
 AAAAAAAAKCNAAAAA | Hours watch to the papers. Everywhere national                                                                                                                                                           | Children                                           | school-uniforms                                    |            7.43 |           14528.32 |     1.2650442848481576
 AAAAAAAAKDJAAAAA | Changes look fortunately matters. Colours accept again original vehicles. Unfortu                                                                                                                        | Children                                           | school-uniforms                                    |            2.38 |           15858.01 |     1.3808262014854389
 AAAAAAAAKFFCAAAA | Prices know for a borders. True others give.                                                                                                                                                             | Children                                           | school-uniforms                                    |            3.11 |             3537.4 |     0.3080168700319013
 AAAAAAAAKIHAAAAA | Years use now occasions. Old, new services report there estimated countries; mountains think from now on new departments. Couples will affect; useful, following figures ought to emplo                  | Children                                           | school-uniforms                                    |            4.02 |            1372.28 |    0.11949041397845242
 AAAAAAAAKJBCAAAA | Dead bacteria would not grow in                                                                                                                                                                          | Children                                           | school-uniforms                                    |            3.87 |            6835.91 |     0.5952325442471235
 AAAAAAAAKJNAAAAA | Short, primary words doubt respectively young                                                                                                                                                            | Children                                           | school-uniforms                                    |            3.94 |             3122.1 |    0.27185488492299403
 AAAAAAAAKKNBAAAA | Expenses contain still to a conditions. Extremely se                                                                                                                                                     | Children                                           | school-uniforms                                    |            0.47 |            3019.61 |     0.2629306329272996
 AAAAAAAAKKOBAAAA | Further traditional types give well confident metres; goods shall convert actually. Poets manage as big, massive reasons; old appointments would buy running, new names. Difficult degr                  | Children                                           | school-uniforms                                    |            4.96 |            6545.22 |     0.5699208961582521
 AAAAAAAAKOLDAAAA | Notes claim sooner by a researchers. National answers ought to know simply files. Liberal departments will determine                                                                                     | Children                                           | school-uniforms                                    |            0.14 |              582.4 |    0.05071211203329545
 AAAAAAAALALDAAAA | Happy costs see ways; compa                                                                                                                                                                              | Children                                           | school-uniforms                                    |            7.13 |                410 |    0.03570049095750538
 AAAAAAAALBDEAAAA | Natural, national words commit more new resources. Boys meet through a procedures. Slight                                                                                                                | Children                                           | school-uniforms                                    |            8.42 |              15.48 |   0.001347911219566301
 AAAAAAAALCJDAAAA | Then great years hurt social, young fans. Good circumstances produce also. Commonly local women shall illustrate long very long lawyers. Wrong, general democrats draw quickly tr                        | Children                                           | school-uniforms                                    |            9.18 |            4983.19 |    0.43390812081592983
 AAAAAAAALCOBAAAA | Feet may not include sidewa                                                                                                                                                                              | Children                                           | school-uniforms                                    |            4.42 |  769.6500000000001 |    0.06701678747669275
 AAAAAAAALCPDAAAA | Collective, relative persons will qualif                                                                                                                                                                 | Children                                           | school-uniforms                                    |            4.73 |            7607.88 |     0.6624513442580148
 AAAAAAAALDHBAAAA | Continuing times can expect most difficult cases; mixed sons could stop. Away particular patterns will not meet still poorly yellow regions. National, small facts close assumptions                     | Children                                           | school-uniforms                                    |            8.92 | 3744.0299999999997 |    0.32600904673080217
 AAAAAAAALECCAAAA | Only steady standards drive                                                                                                                                                                              | Children                                           | school-uniforms                                    |            7.81 |            9599.01 |     0.8358277309902531
 AAAAAAAALOJDAAAA | Features could cast males; causes shall kill often. Items think more historical workers. Aggressive, successful attempts note as. About sorry days go social questions. British systems sh               | Children                                           | school-uniforms                                    |            0.75 |            4043.25 |    0.35206343918032595
 AAAAAAAALPLDAAAA | Narrow, ital                                                                                                                                                                                             | Children                                           | school-uniforms                                    |            1.18 |            6743.01 |      0.587143335442362
 AAAAAAAAMAFDAAAA | Old characters could suppose back, american times. Very clinical children can read simple, popular generations. Students deal tough citizens. E                                                          | Children                                           | school-uniforms                                    |            5.93 |            3753.34 |     0.3268197090986421
 AAAAAAAAMAKDAAAA | Good, obvious operations pull too concerned women. Federal, political members could borrow over in a children. Top, clear towns could make also also complete masses; only vital oper                    | Children                                           | school-uniforms                                    |            2.65 |           12563.25 |     1.0939370561509256
 AAAAAAAAMAOCAAAA | Houses spend maybe old, chinese activities. Now functional rules end                                                                                                                                     | Children                                           | school-uniforms                                    |               2 |            1883.64 |    0.16401676289559863
 AAAAAAAAMCAAAAAA | Elderly, physical phases amend as. Private, old experiences should fear really contrary thanks. American books stand too grim bodies. Good, competent cards shall protect.                               | Children                                           | school-uniforms                                    |            0.36 |             126.72 |   0.011034063936914836
 AAAAAAAAMDCAAAAA | Seasons shall not sign days. A little involved victims reach however. Dangerous readers stand new figures. Once real winds would argue admittedly by a criteria. Effects would support young s           | Children                                           | school-uniforms                                    |            6.64 | 15945.100000000002 |     1.3884095082110224
 AAAAAAAAMDCDAAAA | Also basic others                                                                                                                                                                                        | Children                                           | school-uniforms                                    |            0.64 |            1356.01 |    0.11807371400801678
 AAAAAAAAMDOCAAAA | Officials go thus bright years. Now white lists fly highly actual ways. Interesting, plain channels c                                                                                                    | Children                                           | school-uniforms                                    |            1.73 |  7585.300000000001 |     0.6604852050243064
 AAAAAAAAMEFBAAAA | Certain hands should not look also. Very simple discussions mean only doubts. P                                                                                                                          | Children                                           | school-uniforms                                    |             1.7 |           16053.48 |       1.39784662823535
 AAAAAAAAMGABAAAA | Economic, relevant reasons might become procedures; different, primary cups light more very common users. Also senior children shall support. Delicious, legal places will not say sad, weak te          | Children                                           | school-uniforms                                    |             1.4 | 3001.9900000000002 |    0.26139638255980874
 AAAAAAAAMIJCAAAA | Soci                                                                                                                                                                                                     | Children                                           | school-uniforms                                    |            5.41 | 20484.889999999996 |     1.7837088541719326
 AAAAAAAAMMGBAAAA | Fully s                                                                                                                                                                                                  | Children                                           | school-uniforms                                    |             4.1 |  7968.250000000001 |     0.6938303343222983
 AAAAAAAAMMHAAAAA | Parliamentary injuries visit employees. Environmental, beautiful loans may think other, politica                                                                                                         | Children                                           | school-uniforms                                    |            3.17 | 1937.7099999999998 |    0.16872487398357988
 AAAAAAAAMOGCAAAA | Creative, financial authorities must not permit suddenly witnes                                                                                                                                          | Children                                           | school-uniforms                                    |            1.08 |  9522.650000000001 |     0.8291787322353383
 AAAAAAAAMPHDAAAA | Labour years will wait heavy, green                                                                                                                                                                      | Children                                           | school-uniforms                                    |            3.65 |            6049.02 |     0.5267145946628518
 AAAAAAAANDADAAAA | Prizes will                                                                                                                                                                                              | Children                                           | school-uniforms                                    |            3.24 |            20561.3 |     1.7903622066452574
 AAAAAAAANDOBAAAA | Underlying things acquire negative stories; famous feet exercise for a hands; male months will com                                                                                                       | Children                                           | school-uniforms                                    |            7.68 |           19755.04 |     1.7201576265491638
 AAAAAAAANDPDAAAA | Intermediate dir                                                                                                                                                                                         | Children                                           | school-uniforms                                    |           10.15 |            3097.29 |    0.26969456984822404
 AAAAAAAANEJCAAAA | Smooth, small institutions might know n                                                                                                                                                                  | Children                                           | school-uniforms                                    |            0.78 | 14689.910000000002 |     1.2791146320038245
 AAAAAAAANGMAAAAA | Popular pub                                                                                                                                                                                              | Children                                           | school-uniforms                                    |            8.43 |            5849.42 |     0.5093345507723199
 AAAAAAAANGPDAAAA | Financial advisers protect less in a cells. New, other officers might drive adequate, convenient needs; double, domestic affairs kick more. New, major roads become indefinitely beliefs. More fa        | Children                                           | school-uniforms                                    |            3.13 |             5356.5 |     0.4664138532045795
 AAAAAAAANJLBAAAA | Basic, other rises should not close mainly to the children. Aside male doctors realise soon constitutional laboratories. Here compulsory goods see simply immediate,                                     | Children                                           | school-uniforms                                    |            9.54 |            8878.66 |     0.7731037098652799
 AAAAAAAANOEAAAAA | Positive patients allow just classes; levels hit safe services. Autonomous, available courts m                                                                                                           | Children                                           | school-uniforms                                    |            2.75 |            2983.44 |     0.2597811530299021
 AAAAAAAANOHAAAAA | International, cautious women become never aspects. Documents like very too real trees                                                                                                                   | Children                                           | school-uniforms                                    |            5.64 |            4973.68 |     0.4330800435744522
 AAAAAAAANPFBAAAA | Brave, like shoes achieve. Expenses talk producers. Personal, other steps might not bear now available balls. Fre                                                                                        | Children                                           | school-uniforms                                    |             4.9 |           10149.65 |     0.8837743610898647
 AAAAAAAAOBICAAAA | Monthly, clini                                                                                                                                                                                           | Children                                           | school-uniforms                                    |            3.87 |           17456.94 |     1.5200520210139365
 AAAAAAAAOBIDAAAA | Expected, strange differences will meet questions; sudden, national bottles set domestic, secondary questions. Importantl                                                                                | Children                                           | school-uniforms                                    |            1.02 |  5191.570000000001 |     0.4520526776591616
 AAAAAAAAOBPBAAAA | Necessary, sad eyes must know often now necessary flowers. Posts could not head moreover also amazing parents. Tough, christian eyes will not go; years progress s                                       | Children                                           | school-uniforms                                    |            2.16 |             1075.2 |    0.09362236067685314
 AAAAAAAAOCAAAAAA | Facilities pass police; national years move rather tha                                                                                                                                                   | Children                                           | school-uniforms                                    |            2.43 |           15914.19 |      1.385718039490299
 AAAAAAAAOCDDAAAA | Russians cook old danger                                                                                                                                                                                 | Children                                           | school-uniforms                                    |            91.5 | 1871.8400000000001 |      0.162989285350968
 AAAAAAAAODADAAAA | Conditions strugg                                                                                                                                                                                        | Children                                           | school-uniforms                                    |            1.83 |             240.24 |   0.020918746213734376
 AAAAAAAAODFEAAAA | Points will go also finally sorry presents. Industrial plans ought to apply thereby scottish words. Middle-class worlds encourage all recent circumstances. Private leaders could dete                   | Children                                           | school-uniforms                                    |            0.27 |            4365.77 |     0.3801466644086544
 AAAAAAAAODJAAAAA | As a whole interior officials ought to expect quietly religious painti                                                                                                                                   | Children                                           | school-uniforms                                    |            6.76 | 11882.140000000001 |     1.0346298332336905
 AAAAAAAAOFBAAAAA | Other, great times s                                                                                                                                                                                     | Children                                           | school-uniforms                                    |            2.33 |            9355.11 |     0.8145902925889469
 AAAAAAAAOFDDAAAA | Sure, afraid examples shall withdraw really. Below local comme                                                                                                                                           | Children                                           | school-uniforms                                    |            28.1 |            5395.14 |     0.4697784067914039
 AAAAAAAAOGAAAAAA | Parts see so normal, good boys. Very ideal rules may go only private lost principles. Still careful methods begin even with a execut                                                                     | Children                                           | school-uniforms                                    |            2.99 |           14267.59 |     1.2423413848302298
 AAAAAAAAOHBAAAAA | New, global units should not prevent actually to a rights; different, trying savings get direct females. Simply rare comparisons must get else serious, fair quarters. Implicit ways used to             | Children                                           | school-uniforms                                    |            2.49 |  7683.369999999999 |     0.6690245883126051
 AAAAAAAAOHFDAAAA | Black, necessary uses must get later. Moreover new sectors call. Proposals see as useful prices. Act                                                                                                     | Children                                           | school-uniforms                                    |            3.24 |             8104.7 |     0.7057116318616924
 AAAAAAAAOIGBAAAA | Much international doubts will come just all right new years. Often ugly ears should not break hours.                                                                                                    | Children                                           | school-uniforms                                    |            4.52 |             1697.5 |     0.1478087400008912
 AAAAAAAAOKCAAAAA | Good years distinguish once certain, mental kinds; noble rights could include so very likely women. Final teeth must not flow by the communities. So only lands cannot mind deliberately corr            | Children                                           | school-uniforms                                    |             9.4 |             221.94 |   0.019325285275874987
 AAAAAAAAOKODAAAA | Very cruel examples might not provide about agents. Other, rational initiatives b                                                                                                                        | Children                                           | school-uniforms                                    |            8.02 |  4575.709999999999 |    0.39842705726626076
 AAAAAAAAOLDEAAAA | Ashamed, other children may explore standards. Other places might set from a officers; too roman arguments shall not make in order new red times. Titles escape cu                                       | Children                                           | school-uniforms                                    |             4.9 |            5886.34 |     0.5125493364458591
 AAAAAAAAOOMBAAAA | Diplomatic, automatic governments offer more aware girls. Very red men leave amongst the eyes. High, liberal accounts will seek sound roots. Short, social courts break walls. Both old achievements mus | Children                                           | school-uniforms                                    |             1.3 |           13161.04 |     1.1459892427106504
 AAAAAAAAOPGCAAAA | Modern, true purposes operate in particular with a pictures. Representatives will promise always then young shares. Factors disa                                                                         | Children                                           | school-uniforms                                    |            3.38 |           16950.22 |     1.4759296971651876
 AAAAAAAAPBADAAAA | Silly, open speakers harm italian students; activities might no                                                                                                                                          | Children                                           | school-uniforms                                    |            6.67 |            8365.32 |     0.7284049536991194
 AAAAAAAAPCBBAAAA | Environmental, modern spirits form long political, go                                                                                                                                                    | Children                                           | school-uniforms                                    |            0.51 |            5137.23 |     0.4473210564917692
 AAAAAAAAPCNBAAAA | Subsequent p                                                                                                                                                                                             | Children                                           | school-uniforms                                    |            3.65 | 1368.6799999999998 |    0.11917694625297186
 AAAAAAAAPFEBAAAA | Schools fight more neighbours; only comprehensive children must not think. Psychological recommendations shall contain respectively so alive pilots. Funds find commercial, stan                         | Children                                           | school-uniforms                                    |            0.62 |           17105.03 |     1.4894096801045325
 AAAAAAAAPGKAAAAA | Alone, japanese claims should relax somewhere central days. Recent, g                                                                                                                                    | Children                                           | school-uniforms                                    |            8.49 |            3764.31 |    0.32777491491767585
 AAAAAAAAPGLCAAAA | Also precise gaps can serve elsewhere                                                                                                                                                                    | Children                                           | school-uniforms                                    |             7.1 |            1041.66 |    0.09070188636779285
 AAAAAAAAPHMAAAAA | Toxic, al                                                                                                                                                                                                | Children                                           | school-uniforms                                    |            1.96 |            5653.41 |    0.49226710386358663
 AAAAAAAAPKJDAAAA | Political, similar winds seem between the agencies. Surround                                                                                                                                             | Children                                           | school-uniforms                                    |            0.63 |           18305.83 |      1.593968581425929
 AAAAAAAAAACDAAAA | Feet find much new words. Steps cannot sound daily, light artists. Certainly central forces sign                                                                                                         | Children                                           | toddlers                                           |            2.68 |            4533.93 |    0.36929011569889725
 AAAAAAAAAAKBAAAA | Just social losses could not hang real; women find in order relations. Free paths open of cours                                                                                                          | Children                                           | toddlers                                           |            8.58 |              33.93 |  0.0027636098540699977
 AAAAAAAAABNAAAAA | Sales must swear here                                                                                                                                                                                    | Children                                           | toddlers                                           |            6.43 |            6755.07 |     0.5502027119638261
 AAAAAAAAAFDAAAAA | Speakers come nevertheless american, other minutes. Costs used to work quite. Criminal, proud interests must manage heavily visual companies. Hi                                                         | Children                                           | toddlers                                           |            1.14 |            8184.63 |     0.6666408523406108
 AAAAAAAAAGKBAAAA | Places could claim for example in the plants. Further effective materials incorporate high, wrong police. Serious, famous proceedings should see further at a                                            | Children                                           | toddlers                                           |            5.06 | 2920.4399999999996 |     0.2378708152732149
 AAAAAAAAAHBAAAAA | Thus particular conditions draw engines. Basically deep men                                                                                                                                              | Children                                           | toddlers                                           |            9.04 |             3970.1 |    0.32336597352323304
 AAAAAAAAAIGAAAAA | Questions change otherwise sharp, important times. Socialist, remarkable personnel believe attractive, whole changes; logical, young patients will think only in the parents. Very me                    | Children                                           | toddlers                                           |            6.46 | 11226.560000000001 |       0.91440706876829
 AAAAAAAAAJPCAAAA | Private, modest trees improve again. Male, new states silence home shortly little seats. So                                                                                                              | Children                                           | toddlers                                           |            2.24 |            5515.62 |    0.44924909470396585
 AAAAAAAAAKJBAAAA | Delicate, particular lines should not establish toxic kinds. Elderly, black eyes may not beco                                                                                                            | Children                                           | toddlers                                           |            0.97 |           15162.24 |      1.234969521773483
 AAAAAAAAAKLBAAAA | Words shall come urban molecules. Other, coming animals solve most to a feet. Therefore single areas tell others.                                                                                        | Children                                           | toddlers                                           |            7.32 |            2269.49 |    0.18485071994439486
 AAAAAAAAALNCAAAA | Spatial, good managers could fulfil much spare, implicit visitors. Also local pupils may not bring fundamentally. Constitutional, recent projects move in a con                                          | Children                                           | toddlers                                           |            7.43 |  9788.939999999999 |     0.7973124386943695
 AAAAAAAAALOAAAAA | True liabilities ma                                                                                                                                                                                      | Children                                           | toddlers                                           |            9.54 | 2226.7799999999997 |     0.1813719761522543
 AAAAAAAAAOBCAAAA | Eyes would take; mean stores shall lea                                                                                                                                                                   | Children                                           | toddlers                                           |            1.59 |            5888.61 |    0.47962925501842407
 AAAAAAAAAODAAAAA | Various, necessary eyes will trust highly changes; new habits could not f                                                                                                                                | Children                                           | toddlers                                           |            2.27 |            1001.52 |    0.08157413914082476
 AAAAAAAAAPKBAAAA | Birds must jump only. Sophisticated rights get materials. Hours remove for a exhibitions. Environmental, early shares will not reach very slightly rus                                                   | Children                                           | toddlers                                           |            2.17 |             6529.9 |     0.5318625401146972
 AAAAAAAABBCDAAAA | Long compl                                                                                                                                                                                               | Children                                           | toddlers                                           |            1.18 |            4010.21 |       0.32663294644533
 AAAAAAAABBNBAAAA | Authorities stop                                                                                                                                                                                         | Children                                           | toddlers                                           |            2.72 |            7022.97 |     0.5720232566117881
 AAAAAAAABFKAAAAA | Ordinary, legal orders shall not stay english laws. Primitive, certain consequences say perhaps old layers. Doctors shall use finally full, sensible dimensions                                          | Children                                           | toddlers                                           |               1 |           11170.97 |     0.9098792446660867
 AAAAAAAABFLCAAAA | New, desperate circumstances multiply namely rural insects. Political,                                                                                                                                   | Children                                           | toddlers                                           |            6.83 | 491.29999999999995 |   0.040016549404791914
 AAAAAAAABGFBAAAA | Personal, soft buildings defeat to a developments. New levels share here elect                                                                                                                           | Children                                           | toddlers                                           |            8.98 |              12.75 |   0.001038491766560344
 AAAAAAAABGJAAAAA | Important fields think similar, good concentrations; guilty, middle creatures love also basic, vital councils; really slim schools stop forward dark, american dreams. Pictures mean as together pr      | Children                                           | toddlers                                           |            0.16 |             366.12 |   0.029820596515535147
 AAAAAAAABIGBAAAA | New miles help really correct streets; over select                                                                                                                                                       | Children                                           | toddlers                                           |            3.08 | 2040.0400000000002 |    0.16616194066304035
 AAAAAAAABJMDAAAA | Universities must not believe parties. Teachers may read schools. General, minor findings sit as most gold rates; very hard opportunities will come thankfully actual original structures. Contracts ou  | Children                                           | toddlers                                           |            3.24 |            4524.72 |    0.36853995811693485
 AAAAAAAACCOBAAAA | Students ride kids. Doctors survey quite through a properties. Now wrong sources cannot discuss at last australian wrong tool                                                                            | Children                                           | toddlers                                           |            5.05 |            6636.78 |      0.540567951880185
 AAAAAAAACDKBAAAA | Modern, good prices d                                                                                                                                                                                    | Children                                           | toddlers                                           |            2.89 |             3554.3 |    0.28949892438317104
 AAAAAAAACEEDAAAA | Immediately quick years                                                                                                                                                                                  | Children                                           | toddlers                                           |           41.54 |            3149.96 |     0.2565652960779938
 AAAAAAAACEMBAAAA | Inside small skills will like actually like the courses. Urban, full investors believe more award                                                                                                        | Children                                           | toddlers                                           |           58.54 |  9320.109999999999 |     0.7591260783087628
 AAAAAAAACHDCAAAA | Strong arguments find. Facilities predict parents. Imp                                                                                                                                                   | Children                                           | toddlers                                           |            8.29 | 2562.4100000000003 |     0.2087091519648542
 AAAAAAAACIFBAAAA | Please british governments could get of course dear american developments. For example political trees might serve now behind a wives. Differences might set now in th                                   | Children                                           | toddlers                                           |            3.76 |            8951.41 |     0.7290953399298767
 AAAAAAAACKCCAAAA | Small forces talk very. Never nece                                                                                                                                                                       | Children                                           | toddlers                                           |            2.52 |            9284.85 |     0.7562541395096322
 AAAAAAAACLFEAAAA | Discussions might not see then colourful gods. Upper, open workers add. More legal students assume moral, live men. Only possible styles ought to play signi                                             | Children                                           | toddlers                                           |            4.39 |            4199.76 |     0.3420718573748604
 AAAAAAAACMEEAAAA | Hard familiar reasons should inter                                                                                                                                                                       | Children                                           | toddlers                                           |            3.88 | 5806.1900000000005 |     0.4729161184380395
 AAAAAAAACMPDAAAA | Intermediate, mental do                                                                                                                                                                                  | Children                                           | toddlers                                           |           61.05 |             903.78 |    0.07361318343387512
 AAAAAAAACNNDAAAA | Serious ships should rest gladly to a mothers. Magnetic, proper churches would not bring features. Exactly warm shapes would know very little, popular things. Universit                                 | Children                                           | toddlers                                           |            0.36 |             3313.9 |      0.269918263937594
 AAAAAAAACODEAAAA | Round, national surfaces can play at a schools. Quite ancient benefits negotiate exceptionally. Agricultural years will make rooms. Domestic premises believe just both easy workers. N                  | Children                                           | toddlers                                           |            68.8 |            2483.21 |    0.20225828546198524
 AAAAAAAACOHAAAAA | Lon                                                                                                                                                                                                      | Children                                           | toddlers                                           |            4.48 |            2337.39 |    0.19038119766592018
 AAAAAAAACPFBAAAA | European years might not take available, primary projects. Courses let notions. Years should not come in a moments. Kids flash around. Great, young rules may pay again immedi                           | Children                                           | toddlers                                           |            1.23 | 15025.190000000002 |     1.2238067534121424
 AAAAAAAACPLBAAAA | Big rights must help much young, maximum conditions. Simply other quantities used to blame as successful improvements. Plans m                                                                           | Children                                           | toddlers                                           |            2.54 |            1287.12 |    0.10483635471177645
 AAAAAAAADGLCAAAA | Grey meetings reduce too loosely foreign workshops. General institutions become as generations. Difficult, sacred police say now conservative units. Local, wide careers l                               | Children                                           | toddlers                                           |            2.72 |            7844.57 |     0.6389428515455904
 AAAAAAAADHPDAAAA | Early students could not exercise both                                                                                                                                                                   | Children                                           | toddlers                                           |            4.78 |            8878.36 |     0.7231453929849957
 AAAAAAAADLGCAAAA | Functions shall assure just; the                                                                                                                                                                         | Children                                           | toddlers                                           |           44.81 |            4270.32 |     0.3478189929865073
 AAAAAAAADLIDAAAA | Ready, primary databases like then odd responses. Good recomme                                                                                                                                           | Children                                           | toddlers                                           |            1.19 | 3874.5199999999995 |    0.31558095053908886
 AAAAAAAADLLAAAAA | Officers must exclude lesser, fierce strateg                                                                                                                                                             | Children                                           | toddlers                                           |            0.82 |           10076.98 |     0.8207733930818238
 AAAAAAAADPJBAAAA | Old, labour problems should go also; statistically sharp rights speak young, operational minutes. Surprising examples shall continue in the aspects. Whit                                                | Children                                           | toddlers                                           |            2.08 |           15163.93 |     1.2351071728390115
 AAAAAAAAEAJBAAAA | So available decades ought to take. Years increase on a things. Other, distinctive practices will not know just environmental, material problems                                                         | Children                                           | toddlers                                           |            7.24 |            6548.15 |     0.5333490087217346
 AAAAAAAAEBGCAAAA | Subjective houses used to like by now necessa                                                                                                                                                            | Children                                           | toddlers                                           |            1.61 | 15571.869999999999 |     1.2683340223488646
 AAAAAAAAEBJDAAAA | Asleep doctors look now into                                                                                                                                                                             | Children                                           | toddlers                                           |           45.04 |           15774.99 |     1.2848782143193538
 AAAAAAAAECEBAAAA | Directly english contributions take more past villages. Gra                                                                                                                                              | Children                                           | toddlers                                           |            9.11 |  859.5500000000001 |    0.07001063513309362
 AAAAAAAAEDGBAAAA | Flo                                                                                                                                                                                                      | Children                                           | toddlers                                           |            0.97 |            4153.98 |    0.33834306105539896
 AAAAAAAAEEACAAAA | Olympic, special levels can avoid slightly other police. Sites shall begin                                                                                                                               | Children                                           | toddlers                                           |            2.92 |            8590.92 |     0.6997333087983207
 AAAAAAAAEEIBAAAA | Agricultural, american agents will not want relationships. Central arms could help much innocent, red feet. Honest, only boys present solely mountains. Very general parties ba                          | Children                                           | toddlers                                           |            5.78 |            3625.94 |     0.2953340263562207
 AAAAAAAAEEPAAAAA | Visual, open questions reach stones; faithfully new police will not spawn at a police.                                                                                                                   | Children                                           | toddlers                                           |            1.85 |            5339.52 |     0.4349056907752383
 AAAAAAAAEFEDAAAA | Secondary conclusions think managers; eyes shall like soft fields. Federal, new strengths could become most in a women. Accurate times might cover. Responsible, political members li                    | Children                                           | toddlers                                           |            7.39 | 5030.3099999999995 |    0.40972043280362064
 AAAAAAAAEGHCAAAA | Grateful, regular methods continue attractive, parliamentary matt                                                                                                                                        | Children                                           | toddlers                                           |            3.52 |  7263.679999999999 |      0.591629166661101
 AAAAAAAAEHEEAAAA | African, natural families ought to put as splendid islands. Never previous fingers return. Early, wide ideas attack too duties. Firstly                                                                  | Children                                           | toddlers                                           |            1.32 |            1593.24 |    0.12976993114938057
 AAAAAAAAEIBEAAAA | Either long observations shall investigate yesterday earlier specific words. Only wrong drugs get weekly, standard children. Today high others                                                           | Children                                           | toddlers                                           |            0.44 |             1072.4 |    0.08734733885955397
 AAAAAAAAEJDDAAAA | Apparently sure hands take earlier as a operations. Details must not sleep certainly blue ca                                                                                                             | Children                                           | toddlers                                           |           83.31 |             6332.7 |     0.5158005341252306
 AAAAAAAAEJJDAAAA | Also available studies will not arrange seldom adjacent to a weaknesses. Rapidly senior services get occasionally perhaps immense powers                                                                 | Children                                           | toddlers                                           |            9.55 |             468.02 |    0.03812038561455468
 AAAAAAAAEKBEAAAA | Aggressive modules should see there still grateful products. Technical plans could not sell less for a changes; related, simple employers inclu                                                          | Children                                           | toddlers                                           |            3.28 |            7905.79 |     0.6439292410317726
 AAAAAAAAEKFDAAAA | Months can                                                                                                                                                                                               | Children                                           | toddlers                                           |            4.85 | 3376.7799999999997 |    0.27503986097926575
 AAAAAAAAELLCAAAA | Religious cities might not complete there relations. Around coming damages like too in a products. Then able activities tax only other, possi                                                            | Children                                           | toddlers                                           |            1.63 |             194.58 |    0.01584860611273033
 AAAAAAAAEMKCAAAA | Just liberal centres l                                                                                                                                                                                   | Children                                           | toddlers                                           |            0.53 |            1721.85 |    0.14024525868642573
 AAAAAAAAENOAAAAA | Buildings collect still contrary funds; remarks sleep perhaps for a workers. Doctors may inspire actions; outside criteria can know                                                                      | Children                                           | toddlers                                           |            6.86 |            4447.48 |     0.3622487342699449
 AAAAAAAAEOHAAAAA | Tired dogs simplify anywhere. Free, current characteristics recapture now; main twins persuade under way stations; environmental, young studi                                                            | Children                                           | toddlers                                           |            1.01 |  6661.900000000001 |     0.5426139842861455
 AAAAAAAAEPECAAAA | Numerous components pay officially problems. Sooner particular policies make targets. Studies apply useful differences; general, pink solutions                                                          | Children                                           | toddlers                                           |            1.55 |             854.88 |    0.06963026207036133
 AAAAAAAAFAGCAAAA | Italian trees talk good minutes. White, continuing centuries k                                                                                                                                           | Children                                           | toddlers                                           |            4.21 |            2117.61 |     0.1724800431204588
 AAAAAAAAFBICAAAA | Competitive, economic problems move at least. Good assets identify                                                                                                                                       | Children                                           | toddlers                                           |            3.09 |             2836.8 |     0.2310583092845791
 AAAAAAAAFDOAAAAA | Members harness at a problems. Lastly residential readers maximize scientists. Previously other manufacturers ought to show less especially good nights. So personal costs may                           | Children                                           | toddlers                                           |            0.95 |           10508.94 |      0.855956679629542
 AAAAAAAAFEKDAAAA | Needs or                                                                                                                                                                                                 | Children                                           | toddlers                                           |            9.62 | 13705.630000000001 |     1.1163281498448978
 AAAAAAAAFGKBAAAA | Relative, good children ought to think rights. Likely, central reports might not dislike still more                                                                                                      | Children                                           | toddlers                                           |            4.45 | 1368.3300000000002 |    0.11145093638725613
 AAAAAAAAFMACAAAA | Hard holy courts marry surprisingly at a forms. Elaborate families shall not believe approximately measures. Documents could lodge dull, emotional houses. Results may blame; prices will not know abou  | Children                                           | toddlers                                           |            9.14 |             986.06 |    0.08031491696741119
 AAAAAAAAFOGAAAAA | Drily tired recommendations receive so in a minds. Ini                                                                                                                                                   | Children                                           | toddlers                                           |            2.93 |            1055.43 |    0.08596512668084579
 AAAAAAAAGANAAAAA | Opposite processes win black, environ                                                                                                                                                                    | Children                                           | toddlers                                           |            3.97 |            7971.63 |     0.6492919310639557
 AAAAAAAAGANDAAAA | Spanish, numerous women can stand ahead resources. Enough british weeks believe inc purposes. Extended, old actions cannot test sometimes due eyes. Numerous, past changes decide e                      | Children                                           | toddlers                                           |            2.31 |              75.54 |  0.0061527582781151675
 AAAAAAAAGEAAAAAA | Members may offer nuclear, adequate months. Great, tender others trace also both present masses. Short forms use with a differences. Heavy, due condi                                                    | Children                                           | toddlers                                           |            2.22 | 21538.489999999998 |     1.7543172179719453
 AAAAAAAAGEIBAAAA | Sure rates used to see close tactics. Usual difficulties cannot come extensively good questions. Jobs move largely reluctant, expected rights. Later economic goods go really. Stones ask just; rem      | Children                                           | toddlers                                           |            9.67 |            6613.31 |     0.5386563125263677
 AAAAAAAAGFHCAAAA | Wonderful bodies might record towards a authorities. Mothe                                                                                                                                               | Children                                           | toddlers                                           |            1.31 | 2568.8599999999997 |    0.20923450662323176
 AAAAAAAAGFKBAAAA | Estimated, true forces might solve past possible, different guests; problems provide for a properties. Raw, disti                                                                                        | Children                                           | toddlers                                           |            5.87 |            2623.04 |    0.21364748575360348
 AAAAAAAAGFLAAAAA | Very economic offers retire yesterday massive mothers; years must not kn                                                                                                                                 | Children                                           | toddlers                                           |            0.21 | 13653.759999999998 |     1.1121033209875262
 AAAAAAAAGHCBAAAA | Developing, poor metres meet candidates. Alone,                                                                                                                                                          | Children                                           | toddlers                                           |            1.11 |           17102.89 |     1.3930361136774307
 AAAAAAAAGHFEAAAA | At least local thanks make particularly economic feet. Twin, busy sections used to consider about favorite women. Today sweet mothers could force both. Different minutes expe                           | Children                                           | toddlers                                           |            4.67 |             706.87 |    0.05757479804145179
 AAAAAAAAGHOCAAAA | Excellent, simp                                                                                                                                                                                          | Children                                           | toddlers                                           |            3.52 |  8129.029999999999 |     0.6621122137350612
 AAAAAAAAGJEAAAAA | Normal, direct policies come at all black, modern workers; public animals shall fall around eyes. Quick possibilities let so to a counc                                                                  | Children                                           | toddlers                                           |             5.9 |  9934.720000000001 |     0.8091862684770496
 AAAAAAAAGLCEAAAA | Supreme, new interests would consolidate. Australian, natural companies would trace                                                                                                                      | Children                                           | toddlers                                           |            8.57 |            1237.77 |    0.10081678069767819
 AAAAAAAAGMHAAAAA | Forward difficult farmers work perhaps other                                                                                                                                                             | Children                                           | toddlers                                           |            3.29 |            3098.42 |      0.252367345831051
 AAAAAAAAGNNDAAAA | Lacking bodies like dramatically partly unhappy problems; cases explain now spectacular parts. Assist                                                                                                    | Children                                           | toddlers                                           |            74.6 |            7620.91 |     0.6207256697017561
 AAAAAAAAGOOAAAAA | For example royal girls could eat maybe even modern symbols; ind                                                                                                                                         | Children                                           | toddlers                                           |            0.56 | 3686.2799999999997 |    0.30024873954792664
 AAAAAAAAHDNCAAAA | Much new findings allow clearly now important cities. Criteria pay strongly best long discussions. Men get; m                                                                                            | Children                                           | toddlers                                           |            0.46 |             1578.7 |    0.12858564328382863
 AAAAAAAAHEBBAAAA | Clear, electric governors could not confess ahead seats. Local, british comparisons a                                                                                                                    | Children                                           | toddlers                                           |            3.41 |           10298.25 |     0.8387959086258872
 AAAAAAAAHHDCAAAA | Foreign, new countries shift complete things. Confidential materials show. Times spend elec                                                                                                              | Children                                           | toddlers                                           |            4.28 |             2273.6 |    0.18518548081973318
 AAAAAAAAHJADAAAA | Cells seem as common proposals. Related dogs ought to find shareholders. Scientific, running looks question over usual others;                                                                           | Children                                           | toddlers                                           |            6.56 |            1424.24 |     0.1160048245965415
 AAAAAAAAHLAEAAAA | Of course appropriate arms sell. Figures decide between a countries; approx new months redress upwards direct conservatives. Huge changes sell assistant, useful cases. Electoral, impor                 | Children                                           | toddlers                                           |            2.58 |            4819.32 |     0.3925352266995762
 AAAAAAAAIAEBAAAA | Electric, important boxes may share ago traditional houses. Unlikely, popular proceedings look efficiently on a affair                                                                                   | Children                                           | toddlers                                           |             0.8 | 1181.8000000000002 |    0.09625800546831487
 AAAAAAAAIAGDAAAA | Central opportunities                                                                                                                                                                                    | Children                                           | toddlers                                           |            1.65 | 6389.5199999999995 |     0.5204285421390312
 AAAAAAAAIAOAAAAA | French, tiny tories might restrict hands. Separate, other rooms stay personal, true schools. Expensive, indep                                                                                            | Children                                           | toddlers                                           |           83.14 |                    |                       
 AAAAAAAAICDEAAAA | Proposals appear however minor institutions. Harsh, considerable concentrations find just content, social runs. Points must not appear certain earnings. Other hospitals should think effe               | Children                                           | toddlers                                           |             2.7 |            1445.83 |    0.11776333732125036
 AAAAAAAAIFICAAAA | Fast foreign years must say soft, difficult windows. Accountants reach actually with the surveys. Companies feel now real, medical part                                                                  | Children                                           | toddlers                                           |            1.09 |            4462.71 |     0.3634892228663931
 AAAAAAAAIFOCAAAA | Just available instructions will                                                                                                                                                                         | Children                                           | toddlers                                           |            4.35 | 2236.6800000000003 |    0.18217833446511297
 AAAAAAAAIGCDAAAA | Studies bring open by a problems. For instance financial schools would not eat a little millions. Religious, alive                                                                                       | Children                                           | toddlers                                           |            9.98 |           21348.78 |     1.7388652749888738
 AAAAAAAAIHAEAAAA | Major changes can find soon theories. Important women will ring only today tragic employees. Mater                                                                                                       | Children                                           | toddlers                                           |             6.1 |            1945.82 |    0.15848769013399597
 AAAAAAAAIHLAAAAA | Single, visual sales exist for a systems. Indian, small decades used to predict yet inevitably radical cards; matches would not look extremely legal children. More new transactions should not beat for | Children                                           | toddlers                                           |            4.66 |            2224.08 |    0.18115206024874744
 AAAAAAAAIINDAAAA | Relatively major gods try also very major costs. Social years change then necessary lessons. Normal, coming eyes would miss permanent males. Hungry cards would prod                                     | Children                                           | toddlers                                           |            8.65 |            4218.65 |     0.3436104541960623
 AAAAAAAAIIOBAAAA | Priests spread highly. Children must modify easy, internal assets. Just, economic programs grow. Cases put children. Old, good numbers sell                                                              | Children                                           | toddlers                                           |             1.1 |           12811.53 |     1.0435034056502621
 AAAAAAAAIJEEAAAA | Students say in no experiences. Skills ought to seek also again central men. Problems move at the honours. Ago new connections would restore. Function                                                   | Children                                           | toddlers                                           |           69.01 |  8040.070000000001 |     0.6548663919661825
 AAAAAAAAIJMCAAAA | Recent, prime diseases must not know                                                                                                                                                                     | Children                                           | toddlers                                           |            3.37 |            6508.66 |     0.5301325350071097
 AAAAAAAAIJNBAAAA | New, impressive users continue about aggre                                                                                                                                                               | Children                                           | toddlers                                           |              36 |            2808.33 |    0.22873941825760083
 AAAAAAAAIKFDAAAA | Open circumstances become sharp                                                                                                                                                                          | Children                                           | toddlers                                           |           10.14 | 3717.9700000000003 |    0.30282990065242055
 AAAAAAAAILGDAAAA | Often future texts write with the instances. Provincial officers must become again medical benefits. Over local things ma                                                                                | Children                                           | toddlers                                           |            7.21 |            3593.88 |     0.2927227286279129
 AAAAAAAAILKAAAAA | Efforts see here good details. Chairs run too in a tons; great, alone measures can vanish already much red r                                                                                             | Children                                           | toddlers                                           |            1.35 |           10697.14 |     0.8712856326073191
 AAAAAAAAIOMAAAAA | Special feet arrive individual, national men. Decades drive. Line                                                                                                                                        | Children                                           | toddlers                                           |            3.72 |           12538.68 |      1.021279681845871
 AAAAAAAAJCEEAAAA | Progressive, different nations might not get however difficult combinations.                                                                                                                             | Children                                           | toddlers                                           |            2.83 |            5466.37 |     0.4452376657233308
 AAAAAAAAJDCCAAAA | Significantly wild cells stop; presumably correct architects attract indeed short trees. Only funds control. More new papers continue apart traders. Twice possible questions coul                       | Children                                           | toddlers                                           |            3.74 |              55.65 |   0.004532711122281031
 AAAAAAAAJDDBAAAA | Total, married others fit as curren                                                                                                                                                                      | Children                                           | toddlers                                           |             9.3 |            4620.74 |    0.37636081924831716
 AAAAAAAAJDGEAAAA | Apart diverse complaints would not like like central, tiny place                                                                                                                                         | Children                                           | toddlers                                           |            2.39 |            1274.43 |    0.10380274996529405
 AAAAAAAAJEFBAAAA | Researchers advance years. Active rights come then on the males; cars constitute as given moments. Willing prices                                                                                        | Children                                           | toddlers                                           |            2.46 |            8304.31 |     0.6763888283893905
 AAAAAAAAJEHCAAAA | Accurate parts stand to a countries. Safe, following routes can give. International degr                                                                                                                 | Children                                           | toddlers                                           |            3.15 | 1194.1100000000001 |    0.09726065908763705
 AAAAAAAAJEIBAAAA | Other, environmental problems maintain small, firm things; too ce                                                                                                                                        | Children                                           | toddlers                                           |            7.91 |  8071.879999999999 |     0.6574573271108319
 AAAAAAAAJHECAAAA | Old developments contribute especially there open novels. Close, old connections used to achieve speci                                                                                                   | Children                                           | toddlers                                           |            5.03 |  631.9000000000001 |   0.051468466454076975
 AAAAAAAAJLBBAAAA | Industries shall need other, black eyes. Losses know due, good days. Animals could be                                                                                                                    | Children                                           | toddlers                                           |            3.99 |             633.42 |    0.05159227096271788
 AAAAAAAAJLPCAAAA | Implications will not help able, english properties. Extra territories ma                                                                                                                                | Children                                           | toddlers                                           |            4.66 |           10143.64 |     0.8262028723884053
 AAAAAAAAJMHDAAAA | There precious eyes could not tell now attacks; explicit members call new, other contents; then british women take very national activities. Costs make.                                                 | Children                                           | toddlers                                           |           11.48 |             397.74 |     0.0323960560966048
 AAAAAAAAJOEBAAAA | Very, different assets could not influence. Contemporary contracts get like the c                                                                                                                        | Children                                           | toddlers                                           |            9.43 |            8595.27 |     0.7000876177539708
 AAAAAAAAKAECAAAA | Main cars en                                                                                                                                                                                             | Children                                           | toddlers                                           |            6.83 |             3945.8 |      0.321386730391671
 AAAAAAAAKAFEAAAA | Subject rewards intimidate actions. Too powerful stations campaign to a parts; students throw at a doors. Further industrial relations may not tr                                                        | Children                                           | toddlers                                           |            7.18 |            3615.32 |     0.2944690238024269
 AAAAAAAAKAKAAAAA | Partly small children move following, sufficient lines. Meetings win already by a shoulders. Strongly general daughters hear less fol                                                                    | Children                                           | toddlers                                           |            2.67 |            3844.13 |     0.3131056748696169
 AAAAAAAAKBEEAAAA | Good, dark animals last things. Large stars wear late by the futures. Moral, young blues might carry industrial, new ways; high, effective wages might n                                                 | Children                                           | toddlers                                           |            8.28 |             2785.8 |    0.22690434221833775
 AAAAAAAAKBIBAAAA | Plans occur much previous customs. Yet cold times could not cover very possible necessary activities. Local police may offer anyway public changes. Movements go                                         | Children                                           | toddlers                                           |           24.85 |  6784.139999999999 |     0.5525704731915837
 AAAAAAAAKCEDAAAA | Popular, possible functions arrest physical, appropriate hands. Inc, wide prisons breathe centres. Students rescue just. Consistent policies take also and so on tall friends. Ways un                   | Children                                           | toddlers                                           |            6.48 | 13797.380000000001 |     1.1238012180474006
 AAAAAAAAKDDAAAAA | Goods leave yesterday established systems. Large problems enter usua                                                                                                                                     | Children                                           | toddlers                                           |            0.77 | 2035.7399999999998 |     0.1658117042241219
 AAAAAAAAKFEAAAAA | Once national rules give due, recent aspects. Governments succeed as palestinian measurements; internal bodies want bc clouds. Lines need written products. Others will not reflect now new buildings;   | Children                                           | toddlers                                           |            1.26 |            2808.81 |    0.22877851441822428
 AAAAAAAAKHDAAAAA | Careful firms should not drop late. Hurriedly early types raise perhaps clear, concerned poles. Final, new appr                                                                                          | Children                                           | toddlers                                           |            0.44 |            6373.54 |      0.519126965791609
 AAAAAAAAKHGAAAAA | Visual, square results ought to induce now british cups. Regional solutions can collect so pale rules; patients must perform now duties;                                                                 | Children                                           | toddlers                                           |            3.26 |            7630.31 |     0.6214913028472987
 AAAAAAAAKIKDAAAA | Frantically white children could see less. Indeed                                                                                                                                                        | Children                                           | toddlers                                           |            4.37 | 30829.100000000002 |     2.5110405114090586
 AAAAAAAAKILCAAAA | Also steady artists work other, tiny vis                                                                                                                                                                 | Children                                           | toddlers                                           |            0.61 |           17790.21 |     1.4490185576768233
 AAAAAAAAKIPBAAAA | Mainly national authorities may return just harder whole police. Changes cease stupid difference                                                                                                         | Children                                           | toddlers                                           |            3.03 |  4730.349999999999 |    0.38528859042735075
 AAAAAAAAKKIAAAAA | Other, advisory funds might rescue as strong, successfu                                                                                                                                                  | Children                                           | toddlers                                           |            2.88 |             5127.6 |     0.4176447358599859
 AAAAAAAAKKNCAAAA | Primarily aware perceptions could not hope books. Acids regulate most good orders. Running, brave police establish authorities. Skills see so in the figures.                                            | Children                                           | toddlers                                           |            1.97 |             1801.5 |    0.14673277783987917
 AAAAAAAAKKPCAAAA | Working, high assets sink commercial, pale cars. Huge purposes ought to talk. Boxes cease attractive parameters;                                                                                         | Children                                           | toddlers                                           |            1.56 |            5884.41 |     0.4792871636129689
 AAAAAAAAKLEEAAAA | Problems proceed so likely cases. Sources might not prove very lengths. New payments might not argue phys                                                                                                | Children                                           | toddlers                                           |             3.4 |            6538.34 |     0.5325499809389929
 AAAAAAAAKLJBAAAA | Here other observers shall approach however; as uncertain owners spare really; users meet historical measures. Dyn                                                                                       | Children                                           | toddlers                                           |            9.61 |             555.56 |    0.04525054790825605
 AAAAAAAAKMLCAAAA | Large, considerable ways would                                                                                                                                                                           | Children                                           | toddlers                                           |            0.99 |            3411.78 |     0.2778906226913922
 AAAAAAAAKMMAAAAA | Significant buildings ought to get so regional services. More big servants go also. Rates might look. Short children notify                                                                              | Children                                           | toddlers                                           |            9.75 |            3994.49 |      0.325352547184912
 AAAAAAAAKNIBAAAA | Below full vehicles shall hit so other, new evenings. Prime steps co                                                                                                                                     | Children                                           | toddlers                                           |           68.51 |            1383.25 |     0.1126661753799683
 AAAAAAAALBCCAAAA | Principles may ensure tools. Over com                                                                                                                                                                    | Children                                           | toddlers                                           |            8.34 |            8589.65 |      0.699629866873338
 AAAAAAAALBPBAAAA | Also dangerous bacteria enable united, political issues. Large stories may depend therefore virtually strategic policies. Very, special schools may dec                                                  | Children                                           | toddlers                                           |            3.85 |            5361.77 |     0.4367179607208043
 AAAAAAAALFGDAAAA | Imperial, wild questions must shoot in order military personnel; for                                                                                                                                     | Children                                           | toddlers                                           |            4.37 |            4281.25 |    0.34870924514403706
 AAAAAAAALFKCAAAA | Unfortunately private records cannot catch again able indi                                                                                                                                               | Children                                           | toddlers                                           |            4.26 |             1591.6 |     0.1296363526005838
 AAAAAAAALIJAAAAA | Never generous conditions might not keep far patterns; women guide only criteria. As northern courts shall enable. Arts used to attend normally never identical numbers. Tomorrow                        | Children                                           | toddlers                                           |            1.38 | 3471.2099999999996 |     0.2827312160785828
 AAAAAAAALJHBAAAA | Closer exc                                                                                                                                                                                               | Children                                           | toddlers                                           |            4.94 |  806.6999999999999 |    0.06570598494778271
 AAAAAAAALJLDAAAA | Happy women use now arts. Levels must force more important, efficient words. Industrial respects might attempt gradually so other chains. Ju                                                             | Children                                           | toddlers                                           |           44.42 |            5657.44 |     0.4608003811615021
 AAAAAAAALKICAAAA | Constant rights used to tell here. Years could go good skills. Able, exciting contributions begin in the faces. Different, different studies get ever advan                                              | Children                                           | toddlers                                           |            2.02 | 14673.210000000001 |     1.1951378646283062
 AAAAAAAALNNAAAAA | Individual terms used to move chief principles; doors use                                                                                                                                                | Children                                           | toddlers                                           |            5.66 |            2139.09 |    0.17422959630835813
 AAAAAAAALPIAAAAA | Open, free visits achieve together at the benefits. Exciting, important parents work virtually strategies. Lips would live here. Available, immense questions will exchange details. Black, natio        | Children                                           | toddlers                                           |            1.51 |            4381.74 |    0.35689418927122524
 AAAAAAAAMBMAAAAA | Quite indian worlds could not put essentially social thoughts. Changes must develop popular eyes. High, careful resourc                                                                                  | Children                                           | toddlers                                           |            5.97 | 2346.4300000000003 |    0.19111750869099514
 AAAAAAAAMDDBAAAA | Also educational                                                                                                                                                                                         | Children                                           | toddlers                                           |            6.52 |            9235.46 |     0.7522313074821485
 AAAAAAAAMDEDAAAA | Real, modern plants may walk both to a reports. Independent years know still big concentrations. Faster electronic drugs might                                                                           | Children                                           | toddlers                                           |            4.05 |           20861.64 |     1.6991875589761516
 AAAAAAAAMEECAAAA | Items look religious horses. Novel, easy solutions restrain times. Other jobs should not look social sales. Though related fans should pay then trees. Closely small legs shall understand ev            | Children                                           | toddlers                                           |            5.64 |            6316.53 |     0.5144834822142281
 AAAAAAAAMGBDAAAA | Economi                                                                                                                                                                                                  | Children                                           | toddlers                                           |            0.44 |             867.38 |    0.07064839125326362
 AAAAAAAAMGBEAAAA | Blank, simple cells reward. Hands use once likely members. Small, golden children encourage always feet. Following, real creatures explore paintings. Necessary m                                        | Children                                           | toddlers                                           |            6.85 |            3766.29 |     0.3067655808218477
 AAAAAAAAMGNAAAAA | Low events convince later; rates might win magnetic changes. Simple elements                                                                                                                             | Children                                           | toddlers                                           |            2.34 |           10331.52 |     0.8415057612590999
 AAAAAAAAMHCEAAAA | Mean, bad years provide. Local jobs like nearly at first causal folk. Capable, legal statements should go home by a magistrates. Systems us                                                              | Children                                           | toddlers                                           |            4.55 |             907.36 |    0.07390477563185832
 AAAAAAAAMIIBAAAA | Parliamenta                                                                                                                                                                                              | Children                                           | toddlers                                           |            0.37 |            9328.13 |      0.759779309992513
 AAAAAAAAMJDBAAAA | Unlikely, steep roots wreck then for the dep                                                                                                                                                             | Children                                           | toddlers                                           |            8.76 |  9067.099999999999 |     0.7385183291434739
 AAAAAAAAMKCCAAAA | Parents could say p                                                                                                                                                                                      | Children                                           | toddlers                                           |            1.38 |  7339.990000000001 |     0.5978446416968831
 AAAAAAAAMKECAAAA | Also political insects shall not look bad, other exercises. Particular, new committees will not kill then. Frantically national times return in a authorities. Small, conservati                         | Children                                           | toddlers                                           |            0.48 |             216.48 |   0.017632368441175158
 AAAAAAAAMLGCAAAA | Extra languages waste heavily friends. As soft degrees used to come therefore into the officers. Pp. shall not ensure; original positions would provide rich daughters. Ma                               | Children                                           | toddlers                                           |            6.77 |            6230.88 |     0.5075072610529816
 AAAAAAAAMLPCAAAA | Still corporate books may see eventually female, inadequate women                                                                                                                                        | Children                                           | toddlers                                           |            1.96 |             7936.6 |     0.6464387258417903
 AAAAAAAAMNAEAAAA | Primary, basic plants should see. Rivals hold                                                                                                                                                            | Children                                           | toddlers                                           |             2.8 |  6362.860000000001 |     0.5182570762177372
 AAAAAAAAMNJDAAAA | Grand places will not consider perhaps matters; hard, definite motives might say really; secondly other books concentrate in a workshops. Industrial women                                               | Children                                           | toddlers                                           |            5.72 |            6587.72 |     0.5365719984631301
 AAAAAAAAMPAEAAAA | Countries should prod                                                                                                                                                                                    | Children                                           | toddlers                                           |           92.02 |            8197.31 |      0.667673642583747
 AAAAAAAAMPDEAAAA | Great forces negotiate historical, social lines. Actual policies realise as in the places; there significant buildings must not tell actively scottish cases. Public, naval relations hear women. R      | Children                                           | toddlers                                           |             0.2 |           12952.72 |     1.0550033783969803
 AAAAAAAAMPLDAAAA | High difficulties control altogether with the centres. Modules take there clear women; large methods cannot try at no parties. Natur                                                                     | Children                                           | toddlers                                           |            2.25 |            8818.04 |     0.7182323087999825
 AAAAAAAANCMBAAAA | Essential, future women would carry by a shops. Rules cannot drop primarily main women. Once broa                                                                                                        | Children                                           | toddlers                                           |            0.52 |            1691.87 |    0.13780337765415288
 AAAAAAAANEPCAAAA | Capitalist children overcome prime figures. British, professional letters learn still still representative years; highly particular years alter                                                          | Children                                           | toddlers                                           |            1.16 |  9865.380000000001 |     0.8035385022736539
 AAAAAAAANFEAAAAA | For long british cases let                                                                                                                                                                               | Children                                           | toddlers                                           |           27.29 |             486.56 |    0.03963047481863537
 AAAAAAAANFJBAAAA | Largely following teachers produce poten                                                                                                                                                                 | Children                                           | toddlers                                           |            3.93 |           10387.26 |     0.8460458029114979
 AAAAAAAANJAAAAAA | Measurements know on the sides. Tough, whole acts used to catch ap                                                                                                                                       | Children                                           | toddlers                                           |            0.24 |            1553.96 |     0.1265705620050284
 AAAAAAAANLKDAAAA | Reserves can coincide deaf, concerned mice. Also single talks finish p                                                                                                                                   | Children                                           | toddlers                                           |            7.15 |             792.72 |    0.06456730926962477
 AAAAAAAANNFDAAAA | Affairs support; servi                                                                                                                                                                                   | Children                                           | toddlers                                           |            7.11 |            5575.74 |     0.4541458888220527
 AAAAAAAANNJCAAAA | Existing dea                                                                                                                                                                                             | Children                                           | toddlers                                           |            4.74 |            7740.13 |     0.6304361785966051
 AAAAAAAANPLBAAAA | Personal,                                                                                                                                                                                                | Children                                           | toddlers                                           |            1.53 |            8277.98 |     0.6742442410785252
 AAAAAAAAOACEAAAA | Special measurements could ensure enormous, black companies; finally great studies make anywhere young letters. Less immediate approaches get extensive newspapers. Conditions catch                     | Children                                           | toddlers                                           |           78.17 |           21763.93 |     1.7726793814114248
 AAAAAAAAOALBAAAA | As pleased years reach earlier arts. Complex, british reductions produce unit                                                                                                                            | Children                                           | toddlers                                           |            0.98 |           10422.75 |     0.8489364752875941
 AAAAAAAAOBACAAAA | Sole tables affect grimly to a centuries. English, other children should keep                                                                                                                            | Children                                           | toddlers                                           |            0.51 |             7370.2 |     0.6003052563061213
 AAAAAAAAOBJBAAAA | Important, common                                                                                                                                                                                        | Children                                           | toddlers                                           |           41.76 |            2786.83 |    0.22698823606300889
 AAAAAAAAOCICAAAA | Other masses must not go often deep valid users. Democratic, material months take around industrial jobs. Days know investments. Original ears might li                                                  | Children                                           | toddlers                                           |            0.65 |            8033.92 |     0.6543654724081944
 AAAAAAAAOCKCAAAA | Professiona                                                                                                                                                                                              | Children                                           | toddlers                                           |            4.34 |             748.17 |    0.06093869686176098
 AAAAAAAAODAAAAAA | Southern, open years mean brief, subject police. Purposes                                                                                                                                                | Children                                           | toddlers                                           |            8.56 |  4244.639999999999 |     0.3457273483931528
 AAAAAAAAODBEAAAA | Mont                                                                                                                                                                                                     | Children                                           | toddlers                                           |            4.48 |            9403.02 |     0.7658791255531173
 AAAAAAAAODGAAAAA | Industrial, radical visitors c                                                                                                                                                                           | Children                                           | toddlers                                           |            5.46 | 5428.0199999999995 |     0.4421140453901865
 AAAAAAAAODOAAAAA | Tasks expect never naval, british foreigners; british disputes may not like by a sites. Suddenly strong families win then                                                                                | Children                                           | toddlers                                           |            6.79 |  7235.169999999999 |     0.5893070176207374
 AAAAAAAAOEBEAAAA | Much brief plants could dig firmly into the divisions. Endless miles can prepare simpl                                                                                                                   | Children                                           | toddlers                                           |            6.56 |             427.53 |    0.03482246156529756
 AAAAAAAAOGACAAAA | Poor places change home. Divisions date into a families. Quick students sleep members. More original leaders provide anyway united colleges; homes                                                       | Children                                           | toddlers                                           |            9.13 |  6606.709999999999 |     0.5381187403177952
 AAAAAAAAOGLBAAAA | Ok expected lights go. British conditions must record significantly normal, other men. Women think impossible, important nam                                                                             | Children                                           | toddlers                                           |             7.6 |             505.24 |    0.04115196706956456
 AAAAAAAAOGPAAAAA | Else sure factors love well. Formal newspapers contain again good investments. True seeds suggest really various shapes; special parts consider general, permanent men;                                  | Children                                           | toddlers                                           |            1.48 |            2623.22 |     0.2136621468138373
 AAAAAAAAOHCDAAAA | Cold, sufficient speakers might seek toward                                                                                                                                                              | Children                                           | toddlers                                           |            9.08 |             4727.6 |    0.38506460200711234
 AAAAAAAAOHPBAAAA | Furiously new employees could identify often charts. Primitive beaches could trust relatively nations                                                                                                    | Children                                           | toddlers                                           |            9.32 |            5285.15 |     0.4304772360812864
 AAAAAAAAOIAAAAAA | Reasonable issues ought to learn solely t                                                                                                                                                                | Children                                           | toddlers                                           |            1.84 |            3551.48 |    0.28926923443950825
 AAAAAAAAOIAEAAAA | Directly natural yards will guide more than other photographs. Legs choose also full names; profes                                                                                                       | Children                                           | toddlers                                           |             4.9 |           19755.49 |     1.6090912713227616
 AAAAAAAAOLMAAAAA | Children ha                                                                                                                                                                                              | Children                                           | toddlers                                           |            2.68 |            8235.35 |     0.6707720133131552
 AAAAAAAAOMAAAAAA | Present times ought to occur now internal men. So gothic losses take benefits; once great feet ought to succeed hopefully despite a areas. La                                                            | Children                                           | toddlers                                           |            3.64 |            2912.06 |    0.23718826146899727
 AAAAAAAAOMMAAAAA | Birds will enable other, public specimens. Years will count main, daily chiefs. Regional, vulnerable piece                                                                                               | Children                                           | toddlers                                           |            5.74 |           14885.65 |     1.2124411737175673
 AAAAAAAAOPKBAAAA | Very, existing houses hesitate also bad, true months; psychiatri                                                                                                                                         | Children                                           | toddlers                                           |            5.78 |  810.5999999999999 |    0.06602364125284821
 AAAAAAAAPABAAAAA | Full events shall use later in the women. Sports can think christi                                                                                                                                       | Children                                           | toddlers                                           |            1.15 |            7489.33 |     0.6100084346708534
 AAAAAAAAPBMAAAAA | International boys encourage. Vital words withdraw more christian, good views. Little communications exist quietly to a strategies. As british birds can occur. Open, hard standards used to avoi        | Children                                           | toddlers                                           |           15.16 | 3557.2200000000003 |    0.28973675936029697
 AAAAAAAAPDCCAAAA | Old, separate participants cannot dig just. Scientific facts would question just in a problems. Calculations                                                                                             | Children                                           | toddlers                                           |             0.3 | 14865.779999999999 |      1.210822755568426
 AAAAAAAAPGBDAAAA | Also gradual details contribute then nuclear, detailed developments. Certainly successful functions proceed here within a                                                                                | Children                                           | toddlers                                           |            9.05 |             542.62 |   0.044196580578115596
 AAAAAAAAPKOBAAAA | Official, given kinds adjust british marks. Goods should talk very. Accordingly different materials ca                                                                                                   | Children                                           | toddlers                                           |            8.54 |            2274.75 |     0.1852791487045602
 AAAAAAAAPNADAAAA | Able, desperate games display on a employees; trials know similar,                                                                                                                                       | Children                                           | toddlers                                           |            3.78 |           11584.62 |     0.9435711755866896
 AAAAAAAAPOMCAAAA | Skills should appear thus difficult studies. General offices must serve by a areas. Twins obtain in order later easy dogs. Far similar children might reach families. Over left horses used to help cer  | Children                                           | toddlers                                           |            4.13 |             1947.3 |    0.15860823662925158
 AAAAAAAAGKBAAAAA | Companies step too. Tiny jeans offer for a expressions. Gastric trees might break. Other, marked practitioners could not slip invariably soon northern expressions. Low views de                         | Children                                           |                                                    |                 |            5612.14 |     42.441457281681885
 AAAAAAAAAABBAAAA | Together serious bodies send all right suspicious, symbolic recommendations. Often significant tables will not kiss wet, following li                                                                    | Men                                                | accessories                                        |            6.95 |             282.51 |   0.022158911594045164
 AAAAAAAAAAMBAAAA | Fine problems sup                                                                                                                                                                                        | Men                                                | accessories                                        |           67.15 |            8181.93 |     0.6417566229112808
 AAAAAAAAABLCAAAA | Years b                                                                                                                                                                                                  | Men                                                | accessories                                        |            9.85 |            5688.75 |     0.4462019338452601
 AAAAAAAAAGDEAAAA | Feet choose more formal homes. New months will go. Houses seem in                                                                                                                                        | Men                                                | accessories                                        |             4.1 | 2683.9500000000003 |     0.2105178959075343
 AAAAAAAAAHDBAAAA | Light, new theories might not c                                                                                                                                                                          | Men                                                | accessories                                        |            0.13 |            2048.84 |     0.1607025040895667
 AAAAAAAAAHDEAAAA | Only new negotiations could not hold structures. Public, british years depart no                                                                                                                         | Men                                                | accessories                                        |             0.8 |            1607.25 |    0.12606601769682166
 AAAAAAAAAJDBAAAA | Well extensive results can sound both with a countries; massive eggs ought to stay                                                                                                                       | Men                                                | accessories                                        |            1.56 |            8891.74 |     0.6974311726212705
 AAAAAAAAAJEBAAAA | Strong, simple categories may not get that is red, single ideas. Possible customers try overall women. In addition political guns will forget administrat                                                | Men                                                | accessories                                        |            9.07 | 4553.0199999999995 |    0.35711998749042334
 AAAAAAAAAKGBAAAA | Most fun conferences shall replace inside integrated, considerable jobs; also bright times shall comment together private, permanent companies; languages pull relations. Feet shall see                 | Men                                                | accessories                                        |            1.58 |            3104.89 |    0.24353468202624645
 AAAAAAAAALEBAAAA | Similar, deep pieces used to need in a years. Popular, complete arguments may not say ordinary pp.. Children used to spend still middle-c                                                                | Men                                                | accessories                                        |            2.33 |            3322.97 |    0.26063997189361177
 AAAAAAAAALMDAAAA | Costs would seek; great regions shall wait however; often satisfactory systems should not say particularly. So fine areas would decide from time to time tired pro                                       | Men                                                | accessories                                        |           77.17 |            4707.65 |    0.36924852276275777
 AAAAAAAAANDEAAAA | Groups should seem basic, rational stores. Months should not hope finally mice. Possible, northern employees become long by a stages. Responsible, permanent rooms go slowly at a                        | Men                                                | accessories                                        |            1.75 |            5223.02 |     0.4096720060667933
 AAAAAAAAANHCAAAA | Firm features used to expect less significant tears; rates may exclude hands. Nev                                                                                                                        | Men                                                | accessories                                        |            2.13 |            1750.08 |    0.13726900995542302
 AAAAAAAAAPNDAAAA | Police say about a folk. Unemployed vehicles shall enable; both flat machines might adjust even. Various collections should give only satisfactory, armed jobs. Actually spanish conditions explain      | Men                                                | accessories                                        |            4.34 |            2010.98 |     0.1577329228607587
 AAAAAAAABAADAAAA | Inc, possible companies cannot know. Virtually good players must help women. New men may not satisfy daughters. Northern, great others confirm just in a methods. Complicat                              | Men                                                | accessories                                        |            0.98 |            3607.77 |         0.282978501581
 AAAAAAAABBKBAAAA | Available, traditional bottles cannot pick more various kings. Recently impossible decisions used to use fully full red arms; fit, modern shops possess inter                                            | Men                                                | accessories                                        |            3.73 |              42.84 |  0.0033601917549428155
 AAAAAAAABBLDAAAA | Expected, southern institutions ensure also able points. Years foll                                                                                                                                      | Men                                                | accessories                                        |            3.06 | 2038.7800000000002 |    0.15991343945243497
 AAAAAAAABFABAAAA | Dear specimens live now clear, ill societies. Negative, old developments can meet at the words. Even waiting questions may matter ultimately various available constraints. Loose similar demands wil    | Men                                                | accessories                                        |           86.05 |            8345.87 |      0.654615395934281
 AAAAAAAABJGDAAAA | Outside international aims promise less young examples. Likely organs must bring slightly northern, national foods. Head students dismiss more. Royal centres                                            | Men                                                | accessories                                        |            4.26 | 12814.130000000001 |     1.0050871608955505
 AAAAAAAABKLAAAAA | Given books will list more by a changes. Far green shoes can see etc old electric acts. Public variables would not hear so implicit hands. Right patients destroy by the homes. As coloured beings       | Men                                                | accessories                                        |            8.36 |            1648.18 |    0.12927639698089752
 AAAAAAAABPGAAAAA | Cold problems must not interpret always alone years. Best american suc                                                                                                                                   | Men                                                | accessories                                        |            8.31 |            1562.47 |    0.12255366039555324
 AAAAAAAACBKAAAAA | Above apparent hands cope as. Sacred members send. Blue markets would n                                                                                                                                  | Men                                                | accessories                                        |            1.82 |            7792.35 |     0.6111995850053372
 AAAAAAAACBNDAAAA | Matters ought to want paths. Too expected facts can catch also. Western, important s                                                                                                                     | Men                                                | accessories                                        |            4.05 |               98.4 |   0.007718087504350444
 AAAAAAAACCBDAAAA | Still social magistrates shock completely children; red, able dogs define however. Peacefully free communications reappear most sure lives. Surprisingly superb roads say                                | Men                                                | accessories                                        |            2.34 |           10050.93 |     0.7883532239847664
 AAAAAAAACCGBAAAA | Good, different tourists make abstract                                                                                                                                                                   | Men                                                | accessories                                        |           19.74 |             832.86 |    0.06532608088285885
 AAAAAAAACCICAAAA | Difficult, powerful decisions see precisely reactions. Patient, big associations work stories; good audiences might adopt just old children. Key indians want more wrong, enthusiastic                   | Men                                                | accessories                                        |            8.98 |             5212.6 |    0.40885470452415784
 AAAAAAAACDBEAAAA | Too good areas draw largely special posts. Intimate, national times lead quite irish magistra                                                                                                            | Men                                                | accessories                                        |           28.37 | 13168.279999999999 |      1.032865216684836
 AAAAAAAACDGCAAAA | Authorities wish most. Very, different friends can know once human, n                                                                                                                                    | Men                                                | accessories                                        |            3.03 | 8069.0599999999995 |     0.6329035686773781
 AAAAAAAACDHCAAAA | Lips mean front, external appeals. Usually particular ideas ought to escape softly hot months. Organisations will find amongst a plants                                                                  | Men                                                | accessories                                        |            9.56 |           10140.91 |     0.7954108816437242
 AAAAAAAACEKAAAAA | New ends shall give still sides. Tests must expect poor, main features. Royal, very areas could not know plans. Black statements record. Alive mi                                                        | Men                                                | accessories                                        |            3.19 |             7181.3 |     0.5632713597052017
 AAAAAAAACELAAAAA | Delicate, linguistic things lead so there european leaders. Then available children guarantee private, future metals; often important shops cannot accept ever so good sure members. O                   | Men                                                | accessories                                        |            5.37 |            9693.74 |     0.7603367232156715
 AAAAAAAACFHAAAAA | Effectively royal years should not finish for example images. Neither main members shall not choose via a circles. Members ought to stay apparently musical, modern networks; sci                        | Men                                                | accessories                                        |            0.46 |  536.1600000000001 |    0.04205416459687535
 AAAAAAAACGBBAAAA | Gastric tabl                                                                                                                                                                                             | Men                                                | accessories                                        |           41.26 |             4107.1 |     0.3221438738731475
 AAAAAAAACGFBAAAA | G                                                                                                                                                                                                        | Men                                                | accessories                                        |            2.31 |               4121 |     0.3232341321689856
 AAAAAAAACGMCAAAA | Divisions ought to know now me                                                                                                                                                                           | Men                                                | accessories                                        |            3.57 |           16488.21 |     1.2932667435986387
 AAAAAAAACGODAAAA | Environmental, liberal critics                                                                                                                                                                           | Men                                                | accessories                                        |           24.32 |            11425.7 |     0.8961844755940739
 AAAAAAAACHDBAAAA | Upper services say before legal rooms. Eyes may support children. Relationships would not obtain then in particu                                                                                         | Men                                                | accessories                                        |            3.21 |           11079.19 |     0.8690056696882561
 AAAAAAAACHEEAAAA | European wives take cert                                                                                                                                                                                 | Men                                                | accessories                                        |           97.89 |            2760.36 |     0.2165111791006991
 AAAAAAAACIBAAAAA | Perhaps strong miles must try opportunities. Fingers change married, wild sums. Cu                                                                                                                       | Men                                                | accessories                                        |            9.19 |            4589.93 |      0.360015054663041
 AAAAAAAACJFEAAAA | Arts get big matters. Available, new contracts would not fall sadly                                                                                                                                      | Men                                                | accessories                                        |           94.02 |            5355.25 |     0.4200435783300073
 AAAAAAAACLJDAAAA | Varieties insist trusts; heavy, loyal                                                                                                                                                                    | Men                                                | accessories                                        |            4.53 |            4622.66 |      0.362582259988421
 AAAAAAAACLLCAAAA | Rights may not deceive historical, major effects. Very masses must talk surely firstly married circums                                                                                                   | Men                                                | accessories                                        |            3.49 | 3036.5600000000004 |      0.238175160489943
 AAAAAAAACNCCAAAA | Single, old years sit                                                                                                                                                                                    | Men                                                | accessories                                        |            2.33 |            4347.68 |     0.3410139703344953
 AAAAAAAACNFDAAAA | Legal things live; thick expenses shall move however current circumstances. There unchanged others know there on a g                                                                                     | Men                                                | accessories                                        |            6.36 |  8133.960000000001 |     0.6379940552529101
 AAAAAAAACOJBAAAA | Surprised                                                                                                                                                                                                | Men                                                | accessories                                        |            3.29 |            4575.24 |     0.3588628320467919
 AAAAAAAACPBCAAAA | Previous shoes produce immense grounds. Black, narrow friends may not give about for a procedures; above possible events lend changes. Thus indirect buildings would resolve forwards also               | Men                                                | accessories                                        |            0.24 |           19398.91 |     1.5215699681810861
 AAAAAAAACPODAAAA | Outcomes can catch still now good items. However                                                                                                                                                         | Men                                                | accessories                                        |            1.72 |  5273.639999999999 |    0.41364242872401097
 AAAAAAAADECEAAAA | Else young disciplines come children. Front numbers would not rest of course with a years; more acceptable                                                                                               | Men                                                | accessories                                        |            0.51 |           11465.39 |     0.8992975944258592
 AAAAAAAADEPDAAAA | Specific, short boards r                                                                                                                                                                                 | Men                                                | accessories                                        |            4.48 |            4509.78 |      0.353728421396032
 AAAAAAAADLHBAAAA | Changes cannot appeal now. Beautiful, good days can know currently paymen                                                                                                                                | Men                                                | accessories                                        |            3.16 | 11858.880000000001 |     0.9301613164999126
 AAAAAAAADNMDAAAA | Similar, strategic fields may encourage. Then long changes must not see th                                                                                                                               | Men                                                | accessories                                        |            4.51 |            3104.37 |     0.2434938953849633
 AAAAAAAAEDPBAAAA | Sat                                                                                                                                                                                                      | Men                                                | accessories                                        |            6.13 |            4143.72 |    0.32501619464966486
 AAAAAAAAEEOBAAAA | Kids become to a sides. Unfortuna                                                                                                                                                                        | Men                                                | accessories                                        |            1.07 |              218.3 |   0.017122545754062014
 AAAAAAAAEFCAAAAA | Never main names retain obvious, female circumstances. Values ought to kill generally economic cells. Industries drink to a friends. Recently big                                                        | Men                                                | accessories                                        |            2.07 |            4312.17 |     0.3382287133499477
 AAAAAAAAEFDCAAAA | C                                                                                                                                                                                                        | Men                                                | accessories                                        |            5.66 |           22854.39 |      1.792603474375526
 AAAAAAAAEFEAAAAA | Countrie                                                                                                                                                                                                 | Men                                                | accessories                                        |            2.37 |            3795.56 |    0.29770796959362167
 AAAAAAAAEHACAAAA | Thus primitive images live probably social advisers; days might put books. Local, continued members might emerge so o                                                                                    | Men                                                | accessories                                        |            7.96 |           12407.92 |     0.9732257348270322
 AAAAAAAAEHJDAAAA | Social conditions would lean ironically very commercial others. Upper styles top both systems. Systems step also together other                                                                          | Men                                                | accessories                                        |            2.68 |             878.22 |    0.06888393097632772
 AAAAAAAAEIEDAAAA | Industrial, vocational plants add suff                                                                                                                                                                   | Men                                                | accessories                                        |            5.76 |  5028.200000000001 |     0.3943911340383629
 AAAAAAAAEJBDAAAA | Conditions publish shortly. Monthly, independent nerves might rank most foreign eyes. Dead, distant minutes cannot need newly in order royal ministers. Impo                                             | Men                                                | accessories                                        |            1.65 | 6190.4800000000005 |    0.48555555217409896
 AAAAAAAAEJGAAAAA | English, fundamental activities shall buy. So able sections should bring everywhere little, poor types; long, intelligent developers work so nasty years.                                                | Men                                                | accessories                                        |            4.67 |           12674.01 |     0.9940967297867132
 AAAAAAAAEKBBAAAA | Purposes agree operators. Always available methods mean of course soviet members. Really legal pro                                                                                                       | Men                                                | accessories                                        |            7.52 |            7357.28 |      0.577074500345604
 AAAAAAAAEKCAAAAA | Easy kinds give limited, political ministers. In particular natural gardens shall not show private, apparent males. Unsucce                                                                              | Men                                                | accessories                                        |            5.16 |            5726.34 |    0.44915033739494026
 AAAAAAAAELJBAAAA | Before psychiatric troubles may bear gradually moments. Christian rivals please real, heavy areas. Finally western measures used to contain lines. Me                                                    | Men                                                | accessories                                        |           88.21 |             5940.6 |    0.46595600232057166
 AAAAAAAAEMGDAAAA | About fine eyes provide in a findings. Yellow, plain results understand more than distinct questions. Scottish                                                                                           | Men                                                | accessories                                        |            3.14 |            3724.42 |     0.2921280433226919
 AAAAAAAAENBEAAAA | Exactly western foods might win other farmers. High, good resources would not check un                                                                                                                   | Men                                                | accessories                                        |            0.18 |            3326.26 |     0.2608980258355763
 AAAAAAAAEOBEAAAA | Too wrong years used to know; later main fingers take just about techniques. Strong, de                                                                                                                  | Men                                                | accessories                                        |            0.66 |             475.65 |    0.03730801139679155
 AAAAAAAAEPIBAAAA | Natural, necessary facilities will leave potentially only, important conclusions. So old years might see less. Delicious, appropriate circumstances must hold critic                                     | Men                                                | accessories                                        |             0.1 |              142.4 |   0.011169264843694139
 AAAAAAAAEPLBAAAA | Days might escape invariably just busy forms. New police would not begin specific conditions. Excellent thing                                                                                            | Men                                                | accessories                                        |            2.11 |            8782.28 |      0.688845584631167
 AAAAAAAAFADCAAAA | Still joint goods might upset other, local titles; however literary futures might not insist of course siz                                                                                               | Men                                                | accessories                                        |            5.21 |           16415.43 |     1.2875581825359697
 AAAAAAAAFEBAAAAA | Sweet practices provide on the hours. Direct, internation                                                                                                                                                | Men                                                | accessories                                        |            4.88 |            2911.15 |     0.2283385207143272
 AAAAAAAAFECCAAAA | Artists let friends; years provide as considerable co                                                                                                                                                    | Men                                                | accessories                                        |             2.7 |           10658.61 |     0.8360171204750476
 AAAAAAAAFEGBAAAA | Kinds must claim theoretical detectives. Applications present prime, other systems; slowly single factors should not accompany factories. Busy, international days                                       | Men                                                | accessories                                        |            0.23 |             214.52 |    0.01682605824627294
 AAAAAAAAFFDDAAAA | At all revolutionary groups please great houses; new, current performances may benefit scottish, natural regions. Certain, politica                                                                      | Men                                                | accessories                                        |             6.2 |            6039.46 |    0.47371017031528795
 AAAAAAAAFIECAAAA | Then economic plants work more military eyes. More clear details fuck slowly humans. Educational, able areas cannot kill almost items. Olympic, old troops ensure please implicit places. Unusual, poli  | Men                                                | accessories                                        |            5.58 |             1112.4 |    0.08725203800649833
 AAAAAAAAFJHBAAAA | Complete, double products should not know long on the cultures. Soon medical eyes know objectively. Exciting, encouraging applications should go here quite different strengths. O                       | Men                                                | accessories                                        |            2.73 |            3322.86 |     0.2606313439502634
 AAAAAAAAFOCBAAAA | Left other names may turn for a matches. Mean products used to delay by a terms. Substantially elderly employees can want never just familiar pp.; direct orders must prove along the types. Together w  | Men                                                | accessories                                        |            2.71 |               1.61 | 0.00012628171628053064
 AAAAAAAAFPMCAAAA | Thanks condemn also less new trains. Responses take sure artistic birds; things manipulate so english, lucky years. Largely original results murder; often irish ladies will know today including a a    | Men                                                | accessories                                        |            7.09 |           16173.93 |       1.26861592509389
 AAAAAAAAGBBDAAAA | Turkish payments must support too from a trees. Other advantages can look relations. Individual bonds m                                                                                                  | Men                                                | accessories                                        |            3.81 |              119.4 |   0.009365240325400844
 AAAAAAAAGBDEAAAA | Public, alone issues can love                                                                                                                                                                            | Men                                                | accessories                                        |            6.46 |           15034.88 |     1.1792735717216303
 AAAAAAAAGBPDAAAA | Local, active circumstances may not cut. Distinctive groups might not sit too more spanish industries; social journalists release at first british, reasonable members. Methods would not cove           | Men                                                | accessories                                        |            5.53 |             580.73 |   0.045550050369933266
 AAAAAAAAGCCBAAAA | Objects might lift considerably visible weeks. S                                                                                                                                                         | Men                                                | accessories                                        |            1.69 |            7752.79 |     0.6080966628338728
 AAAAAAAAGDCCAAAA | Angry items rise only else little day                                                                                                                                                                    | Men                                                | accessories                                        |            4.81 |            5945.72 |    0.46635759386551345
 AAAAAAAAGDDCAAAA | Relatively true wives oug                                                                                                                                                                                | Men                                                | accessories                                        |            8.23 |             123.48 |    0.00968525858777635
 AAAAAAAAGDEDAAAA | Flexible, special rises use still future things. Scientific, new words lift then especially short devices. Able, diffic                                                                                  | Men                                                | accessories                                        |            5.89 | 2744.2000000000003 |    0.21524365578697652
 AAAAAAAAGDNBAAAA | Permanent attempts intend very prob                                                                                                                                                                      | Men                                                | accessories                                        |            5.89 |               2053 |    0.16102879721983193
 AAAAAAAAGEGEAAAA | However early companies may not find in a women. Hands go else unusual lands. Labour leaders could store. Concerned sentences add at all in a belief                                                     | Men                                                | accessories                                        |            5.27 |            5082.15 |     0.3986227480714899
 AAAAAAAAGEKAAAAA | Special hotels cannot call also tiny, automatic years. Massive groups snap well bloody, level honours. Nerves focus                                                                                      | Men                                                | accessories                                        |            7.77 |            5888.58 |     0.4618757694752839
 AAAAAAAAGEOCAAAA | Existing ideas shall see twice simple classes. Rivals can impose just chin                                                                                                                               | Men                                                | accessories                                        |            0.25 |            11022.5 |     0.8645591414299062
 AAAAAAAAGGKAAAAA | Heads fill at a texts. Specialist, empty pounds take more short visitors. Payments shall kill in particular important l                                                                                  | Men                                                | accessories                                        |            9.13 |            4092.62 |     0.3210081227851089
 AAAAAAAAGIIAAAAA | Aware accidents discover great patients. Consequences can kill financial, national details. New writers look absolutely private, old measures. Happy, brit                                               | Men                                                | accessories                                        |           68.29 |           14837.32 |      1.163777785467977
 AAAAAAAAGJFAAAAA | So other doctors hammer otherwise amazing, magic premises. British inches used to lift words; worse great functions throw                                                                                | Men                                                | accessories                                        |             2.1 |            3911.86 |    0.30683005878829606
 AAAAAAAAGJIDAAAA | Please successful photographs know certainly as well free decisions. Deaths should wait above within a things. True, specia                                                                              | Men                                                | accessories                                        |            8.95 | 12618.900000000001 |     0.9897741301691854
 AAAAAAAAGMAEAAAA | Significant attempts correct in a workers; male, other inhabitants must burst then prior to a applicants. Also fine bills will not help presently reasonable elements. Englis                            | Men                                                | accessories                                        |            1.42 |            2234.61 |    0.17527353168797302
 AAAAAAAAGMKAAAAA | So concrete years cause far problems. Social expenses will keep everyday, spe                                                                                                                            | Men                                                | accessories                                        |            4.25 |                396 |   0.031060596054093254
 AAAAAAAAGMMBAAAA | Wrong, new assets m                                                                                                                                                                                      | Men                                                | accessories                                        |            6.54 |             791.51 |      0.062082758542362
 AAAAAAAAGPOAAAAA | Interesting, sympathetic profits remember now democratic, appropriate characters. Ahead experimental angles woul                                                                                         | Men                                                | accessories                                        |            3.08 |            8228.55 |     0.6454133021740126
 AAAAAAAAHCABAAAA | Central, possible governments want fast. Main terms put rates. Then bloody hands lose even to a girls; little handsome banks fight; personal centres see even helpful steps. Rich parents could want     | Men                                                | accessories                                        |           41.91 |            4274.09 |      0.335241876234443
 AAAAAAAAHHCDAAAA | Very great months answer clear crews; base things must take currently different courses. Military sol                                                                                                    | Men                                                | accessories                                        |           76.04 | 3504.8900000000003 |    0.27490902147482554
 AAAAAAAAHHIAAAAA | Then late months let previous, working workers. Economic, domestic steps understand in the funds. Green, only guns could not record auditors. So regular lines could not make                            | Men                                                | accessories                                        |            5.78 |            6432.81 |     0.5045629113705343
 AAAAAAAAHLEDAAAA | Girls                                                                                                                                                                                                    | Men                                                | accessories                                        |            0.58 |           14121.21 |     1.1076090899116722
 AAAAAAAAHLKAAAAA | Great buses get local, key yards; top, systematic days account in a times. However bad views arrive other budgets. Pleasant, l                                                                           | Men                                                | accessories                                        |           26.39 |  6916.570000000001 |     0.5425070374996459
 AAAAAAAAHMLBAAAA | Cases c                                                                                                                                                                                                  | Men                                                | accessories                                        |            1.74 |           10658.85 |     0.8360359450787168
 AAAAAAAAHONAAAAA | Beautiful heads listen proceedings. English, certain actions last yet windows. Senten                                                                                                                    | Men                                                | accessories                                        |           21.64 |            8035.43 |     0.6302657710882388
 AAAAAAAAHPOBAAAA | Bars should say things                                                                                                                                                                                   | Men                                                | accessories                                        |            3.32 |             2178.7 |    0.17088818339154788
 AAAAAAAAIACEAAAA | Researchers can mean teeth. Permanent, large occasions play now unusual eyes. Terms tell more twice consistent addresses. Positive, strong ar                                                            | Men                                                | accessories                                        |            7.55 |            2664.62 |     0.2090017309536817
 AAAAAAAAIBBDAAAA | Regional, different children could build for a photographs. Right, presidential missiles say only eithe                                                                                                  | Men                                                | accessories                                        |            1.52 | 13560.619999999999 |     1.0636387375329748
 AAAAAAAAIBDEAAAA | Other reports hold increasingly wooden rules. Principles ought to cry new hands; local, long police                                                                                                      | Men                                                | accessories                                        |            1.92 |            7312.05 |     0.5735268469124559
 AAAAAAAAICFEAAAA | White details present faster great                                                                                                                                                                       | Men                                                | accessories                                        |            8.71 |  5740.900000000001 |     0.4502923633508686
 AAAAAAAAICHCAAAA | Bad sites discuss small, major colours. Ancient minutes learn so skilled heads. Rapid supporters ascertain accurately once inc plates. In                                                                | Men                                                | accessories                                        |            2.36 |            7675.68 |      0.602048474546673
 AAAAAAAAICIBAAAA | Miles go losses. Shares take rather new groups. Beautiful heads will not take yet. Either numerous expectati                                                                                             | Men                                                | accessories                                        |            2.81 |            6748.37 |     0.5293141277615184
 AAAAAAAAICLBAAAA | Political cases cannot begin more local names; good years could fight meanwhile more like clubs. Profits must l                                                                                          | Men                                                | accessories                                        |            3.76 |              51.19 |  0.0040151310909319025
 AAAAAAAAIDEEAAAA | Together good symbols ought to lock. Boots may not look half. Good, free years shall n                                                                                                                   | Men                                                | accessories                                        |            0.35 |            3575.06 |     0.2804128649725925
 AAAAAAAAIEBAAAAA | Social, institutional chains shall relieve heavily large, sure restrictions. Stars used to search so. Stones create more difficult, following writings. Now human chemicals want never open s            | Men                                                | accessories                                        |            6.98 |            1164.41 |    0.09133148649329982
 AAAAAAAAIELAAAAA | Employers wish. Free advantages shall cost never voluntary barriers. Heavily right feat                                                                                                                  | Men                                                | accessories                                        |             5.5 | 1397.3000000000002 |    0.10959841127874877
 AAAAAAAAIFJDAAAA | As little h                                                                                                                                                                                              | Men                                                | accessories                                        |            1.67 |            6958.97 |     0.5458327174811952
 AAAAAAAAIFMDAAAA | Local, political machines must not go most; happy, notable areas look quietly to an women. Appropriate tr                                                                                                | Men                                                | accessories                                        |            2.62 |  4264.360000000001 |    0.33447869542735637
 AAAAAAAAIGPCAAAA | Deep financial serv                                                                                                                                                                                      | Men                                                | accessories                                        |            0.72 | 12320.599999999999 |     0.9663767165254072
 AAAAAAAAIKIAAAAA | Almost national allowances allow away different objectives; so single hand                                                                                                                               | Men                                                | accessories                                        |            1.21 |            4325.31 |     0.3392593604008336
 AAAAAAAAILAEAAAA | Likely, full thoughts go other, great changes. Good, british windows must meet to a guns. Years could not want relationships. Short, perfect measures allow s                                            | Men                                                | accessories                                        |            0.75 |               9268 |     0.7269434450235764
 AAAAAAAAINBAAAAA | Applicable, general efforts used to fall genuine, central wings. Orthodox passages fulfil right broad years                                                                                              | Men                                                | accessories                                        |            0.23 | 136.95999999999998 |   0.010742573827193463
 AAAAAAAAIOGAAAAA | Good, ambitious claims would not know highly interests. Working-class, independent falls might not blow however strong, sexual sites. Reliable trees learn about delicious                               | Men                                                | accessories                                        |            4.73 |           11284.77 |     0.8851305114478533
 AAAAAAAAIPODAAAA | Situations may attract enormously. Formerly free areas used to hunt simply hard, complete levels. Dif                                                                                                    | Men                                                | accessories                                        |            2.67 | 455.90999999999997 |   0.035759687745004175
 AAAAAAAAJAEAAAAA | Particular, electrical programmes could go merchants. Sales could learn more sad, pure parts. Outside high villages should respect fully. Neither great markets decide efficient forms. Even big b       | Men                                                | accessories                                        |            0.96 |            6842.13 |     0.5366682729282654
 AAAAAAAAJANAAAAA | Elderly t                                                                                                                                                                                                | Men                                                | accessories                                        |             4.5 |            1650.82 |    0.12948346762125815
 AAAAAAAAJBAAAAAA | High awards get at last priorities. Integrated, industrial applications used to know primaril                                                                                                            | Men                                                | accessories                                        |           59.88 |            1812.36 |    0.14215399460756678
 AAAAAAAAJBMDAAAA | Silent, married prices used to make also full trials. Cases can become by the interviews. Rich, significant ya                                                                                           | Men                                                | accessories                                        |            0.92 |            3247.64 |     0.2547313994169581
 AAAAAAAAJCKBAAAA | Markets should join moreover with a parents. Years allow then such as a friends.                                                                                                                         | Men                                                | accessories                                        |            3.14 |             321.35 |   0.025205359954502193
 AAAAAAAAJFFDAAAA | Spiritual pensions happen once more records. Churches cannot fall. Good, anxious concerns will warn slightly new sorts. Reliable problems should suppose no longer do                                    | Men                                                | accessories                                        |           82.12 |  9549.720000000001 |     0.7490403922972108
 AAAAAAAAJFMCAAAA | Supporters can see motives. E                                                                                                                                                                            | Men                                                | accessories                                        |            6.14 |             751.66 |    0.05895708997479731
 AAAAAAAAJGBAAAAA | Police may lose in a businesses. Comfortable, local offices give by a le                                                                                                                                 | Men                                                | accessories                                        |            7.48 |           14798.69 |     1.1607478086357306
 AAAAAAAAJKOBAAAA | Clearly parental worlds concentrate young, wonderful characters. R                                                                                                                                       | Men                                                | accessories                                        |            3.09 |              46.56 |  0.0036519731118146003
 AAAAAAAAJLBEAAAA | Possible things kick moving, eur                                                                                                                                                                         | Men                                                | accessories                                        |            9.72 | 1697.6100000000001 |    0.13315348097825566
 AAAAAAAAJLCAAAAA | Light, certain standards introduce outside optimistic meals; earlier other times remain backwards on the things.                                                                                         | Men                                                | accessories                                        |            0.12 |  4493.110000000001 |     0.3524208957995125
 AAAAAAAAJMOCAAAA | Interested, upper products should not menti                                                                                                                                                              | Men                                                | accessories                                        |            83.4 |           14449.43 |     1.1333533041462036
 AAAAAAAAJNAAAAAA | Whole, low standards consider else new risks. Surprising skills know. Aims could talk more obvious lips. Imp                                                                                             | Men                                                | accessories                                        |            3.22 |             5077.7 |     0.3982737085451245
 AAAAAAAAJOIDAAAA | Li                                                                                                                                                                                                       | Men                                                | accessories                                        |            0.53 |              89.32 |     0.0070058899988677
 AAAAAAAAKABAAAAA | Never weak courses d                                                                                                                                                                                     | Men                                                | accessories                                        |               4 |             124.46 |   0.009762125719425368
 AAAAAAAAKBBEAAAA | Moral cars concentrate. Underlying tracks expect strongly free, great aspects. Impossible, far shares used to get dull, real foods. Almost recent places go pp.. Fresh,                                  | Men                                                | accessories                                        |            2.26 |           10939.04 |     0.8580128855039603
 AAAAAAAAKBMAAAAA | Rates run. Faster national pools set units; strong accountants can l                                                                                                                                     | Men                                                | accessories                                        |             5.1 |               4686 |     0.3675503866401035
 AAAAAAAAKDOCAAAA | Large stories say minute roads; economic, remote studies laugh still defensive individuals. Respective, other galleries knit tonight metropolitan, full elements. Pe                                     | Men                                                | accessories                                        |            2.47 |              616.5 |   0.048355700675122446
 AAAAAAAAKEBEAAAA | Great parts might see for the examples; sometimes commercial years would create nev                                                                                                                      | Men                                                | accessories                                        |            3.73 |            6892.99 |     0.5406575201891521
 AAAAAAAAKEIBAAAA | Now able                                                                                                                                                                                                 | Men                                                | accessories                                        |            6.68 |            3710.72 |    0.29105347219657807
 AAAAAAAAKFFDAAAA | So-called writings used to need long political, short activities. Angry, young measures                                                                                                                  | Men                                                | accessories                                        |            4.18 | 7270.0599999999995 |     0.5702333256288413
 AAAAAAAAKHCEAAAA | Years would not provide so theories. Mere institutions must not                                                                                                                                          | Men                                                | accessories                                        |           86.24 |            4331.63 |     0.3397550749641211
 AAAAAAAAKIOCAAAA | Arms might restore combined cells; both general minutes could not think in a areas. Usually official members could sound also against a clients; famous ye                                               | Men                                                | accessories                                        |            3.23 |            6976.92 |     0.5472406409639502
 AAAAAAAAKKIDAAAA | Much proposed girls exercise more animals. Exciting, light revenues say scarcely under the levels. However lovely hundreds set even changes;                                                             | Men                                                | accessories                                        |            1.11 |            4679.24 |     0.3670201603034225
 AAAAAAAAKLOAAAAA | Bottom concerns must not ask of course direct, magnetic bodies. Young relations assume very combinations                                                                                                 | Men                                                | accessories                                        |            3.64 |             2249.1 |     0.1764100671344978
 AAAAAAAAKMCCAAAA | Never economic shots work there very successful w                                                                                                                                                        | Men                                                | accessories                                        |            3.28 |             641.75 |      0.050336205852814
 AAAAAAAAKMGDAAAA | Current courses learn blue, old changes. Grateful projects must move really for the powers. Previous lips find tonight due to a men. Even territorial lan                                                | Men                                                | accessories                                        |            1.83 |             731.71 |   0.057392294794799424
 AAAAAAAAKNCDAAAA | Ridiculous, appropriate rivals might overwhelm; just subject eyes ought to drive awful, pure centres. Unique specialists shall attract then natural bui                                                  | Men                                                | accessories                                        |           34.53 |            9249.62 |     0.7255017941259143
 AAAAAAAAKNEBAAAA | Sheets test highly determined, solid goods. Reasonable governments face also special, bizarre individuals. Subsequent, national eyes embrace suitable, strategic companies                               | Men                                                | accessories                                        |            38.9 |            2982.54 |    0.23393805594741235
 AAAAAAAAKPADAAAA | Els                                                                                                                                                                                                      | Men                                                | accessories                                        |            6.17 |            7568.48 |     0.5936401515744538
 AAAAAAAALBICAAAA | Forward front regulations arrange both top producers. Positions used to jail simply refugees. Literally successive roads will not allow more drivers; about honest applications might not stand acids.   | Men                                                | accessories                                        |            4.84 |           12312.78 |     0.9657633481891876
 AAAAAAAALCGDAAAA | Men read as in a times; of course desirable guidelines see double needs. Autom                                                                                                                           | Men                                                | accessories                                        |             7.4 |             2394.5 |     0.1878146395240563
 AAAAAAAALFPAAAAA | Difficult, early circles arrange h                                                                                                                                                                       | Men                                                | accessories                                        |           31.17 |            2144.06 |    0.16817116559530096
 AAAAAAAALIPAAAAA | Ages might ensure almost closed hopes. Languages deal ladies. Common, qu                                                                                                                                 | Men                                                | accessories                                        |            1.48 |              36.19 |  0.0028385933616101888
 AAAAAAAALLMDAAAA | Together outstanding objects ought to catch other, recent years. Major, political planes will not effect still. Cla                                                                                      | Men                                                | accessories                                        |            3.44 |            7174.57 |     0.5627434864439793
 AAAAAAAALPPCAAAA | Yards become safe streets. Decades find deep bodies. Changes will not become burning, new settings. Differen                                                                                             | Men                                                | accessories                                        |            2.06 |            12703.5 |     0.9964098029625597
 AAAAAAAAMCFEAAAA | Kids find aspects. Old, foreign products could not see very regions. Main lines could not avoid exceptionally hard children; alternative, english families supplement without points. Cert               | Men                                                | accessories                                        |            7.49 |            1893.35 |    0.14850651398741782
 AAAAAAAAMDAEAAAA | Growing, unlikely attitudes pass of course primary muscles. Symbols let quite days.                                                                                                                      | Men                                                | accessories                                        |           37.34 |             997.51 |     0.0782405433583802
 AAAAAAAAMDDEAAAA | Meanwhile mean payments hit encouraging metres. There new lines should protect fresh, big plants. Functions should not spend social, british groups. Visitors must                                       | Men                                                | accessories                                        |             0.9 | 8122.7699999999995 |      0.637116358106836
 AAAAAAAAMEFEAAAA | Communities reply modern, oth                                                                                                                                                                            | Men                                                | accessories                                        |            2.16 |            3838.78 |    0.30109796697104063
 AAAAAAAAMEHCAAAA | Highly major police will not swap general holders; terms bother well new points. Deputies switch primarily old children; only mental cases may de                                                        | Men                                                | accessories                                        |            1.31 | 2809.3599999999997 |       0.22035453568315
 AAAAAAAAMFMDAAAA | Large decisions                                                                                                                                                                                          | Men                                                | accessories                                        |            2.63 |  9730.609999999999 |     0.7632286529543442
 AAAAAAAAMHBCAAAA | So big types can go towards a pupils. Soft, beautiful friends will allocate more from a minutes. Costs imagine quite for example gol                                                                     | Men                                                | accessories                                        |            4.99 |           13005.09 |      1.020065270548302
 AAAAAAAAMIBCAAAA | Poems start chemicals; again regional years address by a trustees. Medical, important vegetables should ensure old                                                                                       | Men                                                | accessories                                        |            0.28 | 12749.019999999999 |     0.9999802027918078
 AAAAAAAAMIMAAAAA | Visual systems cut. Eld                                                                                                                                                                                  | Men                                                | accessories                                        |            9.63 |           12574.02 |     0.9862539292830547
 AAAAAAAAMJEAAAAA | Artists write justly on a views. On                                                                                                                                                                      | Men                                                | accessories                                        |            0.85 |  588.6899999999999 |   0.046174399724959986
 AAAAAAAAMJEBAAAA | Both cheap books roll so evident girls. Scientists mention just. Apparently dark babies will not strip gr                                                                                                | Men                                                | accessories                                        |             0.6 |           22385.25 |       1.75580608035326
 AAAAAAAAMJEDAAAA | Years spare sorry, labour instances; real, minimum rivers construct old, wrong women. Clear, welsh firms hold high                                                                                       | Men                                                | accessories                                        |            4.63 |            1562.48 |    0.12255444475403945
 AAAAAAAAMKDEAAAA | Tonight tropical gardens visit perceptions. Large, eq                                                                                                                                                    | Men                                                | accessories                                        |            1.17 |           10603.82 |     0.8317196203290785
 AAAAAAAAMKKDAAAA | Unable, growing players shoot degrees. Alone ways could select police. Months could not remain. Able, popular managers will not drive too fellow governments. Records ought to behave too independe      | Men                                                | accessories                                        |            4.14 |              36.72 |   0.002880164361379556
 AAAAAAAAMLMAAAAA | Heavy, past problems would point wild others. Single countries would not turn then with the guidelines. Fingers run in vain vast days. Elements might not pick into a papers. Other                      | Men                                                | accessories                                        |            1.48 |           11712.36 |     0.9186688959598981
 AAAAAAAAMNHCAAAA | Here civil emotions nee                                                                                                                                                                                  | Men                                                | accessories                                        |           94.08 |           14356.08 |     1.1260313176773915
 AAAAAAAAMOBEAAAA | Intensive boys can give again years; other, tall jobs used to entitle above narrow persons. Additional stars learn at a yards. A                                                                         | Men                                                | accessories                                        |            7.44 |            7364.65 |     0.5776525725499441
 AAAAAAAANCAEAAAA | Men take. Able, relevant deaths want old, long countries. Charming, commercial charges would get human, high                                                                                             | Men                                                | accessories                                        |            5.58 |             411.45 |   0.032272429915294616
 AAAAAAAANEIAAAAA | Days activate correct comments. Delicate days leave ago vital consultants. Young schools used to look mentally. Cases must hold assets; numbers may examine to a nations. Results d                      | Men                                                | accessories                                        |            4.37 |             503.14 |    0.03946421287539515
 AAAAAAAANEMCAAAA | Whole, growing pe                                                                                                                                                                                        | Men                                                | accessories                                        |            2.62 |             4229.4 |    0.33173657815955043
 AAAAAAAANHNBAAAA | Increasing, rea                                                                                                                                                                                          | Men                                                | accessories                                        |           22.89 | 384.67999999999995 |   0.030172702247698458
 AAAAAAAANKIDAAAA | Afterwards silent times report really matters. Long cheeks investigate hard new, crazy origins. Police move. Visitors concentrate comple                                                                 | Men                                                | accessories                                        |            3.82 |            3800.94 |    0.29812995445920504
 AAAAAAAANLJBAAAA | Old industries used                                                                                                                                                                                      | Men                                                | accessories                                        |            0.46 |             2311.5 |    0.18130446408847614
 AAAAAAAANMDAAAAA | Coloured rights could not see royal days. Normal benefits ma                                                                                                                                             | Men                                                | accessories                                        |            0.93 |            3926.54 |    0.30798149704605887
 AAAAAAAAOALAAAAA | Primitive, apparent details can look presumably by a places. Easy, little musicians use new, wr                                                                                                          | Men                                                | accessories                                        |             0.3 |              30.86 |   0.002420530288457873
 AAAAAAAAODIAAAAA | Below free b                                                                                                                                                                                             | Men                                                | accessories                                        |            3.33 |             4000.2 |     0.3137590816555147
 AAAAAAAAODKBAAAA | Big, living sequences could take exact, progressive readers. Homes occur more other months. Days go even. Apparently good patients would benefit. Areas include well present                             | Men                                                | accessories                                        |             2.8 |             640.68 |    0.05025227949478905
 AAAAAAAAOEBDAAAA | Handsome ideas should put home within a men. Materials would exploit yet slow workers. Angles would assist with a laws; complex neighbours shall ask african, white pressures. Improvement               | Men                                                | accessories                                        |           90.36 |            5612.46 |    0.44021806295392985
 AAAAAAAAOEEBAAAA | Impressive journalists will not quote a little general, close men. Sciences take as clean resources. Public, economic actors wi                                                                          | Men                                                | accessories                                        |            2.73 |  6469.549999999999 |     0.5074446444488863
 AAAAAAAAOEHDAAAA | Later local thanks should not admit so beautiful, british phenomena. Eastern, marginal p                                                                                                                 | Men                                                | accessories                                        |            6.25 |            24250.2 |     1.9020850162398286
 AAAAAAAAOENBAAAA | Too great sectors may call now so similar institutions. Sources should focus. Honestly excellent individuals                                                                                             | Men                                                | accessories                                        |            1.56 |            3562.23 |     0.2794065330347793
 AAAAAAAAOEPBAAAA | Never beautiful brothers remain as the earnings. Increased, easy times                                                                                                                                   | Men                                                | accessories                                        |           36.67 |  8698.449999999999 |     0.6822703074412308
 AAAAAAAAOFAAAAAA | Cultural adults rise both. Great chapters continue other, interior yards. Today interesting populations should prove policies. About foreign police will em                                              | Men                                                | accessories                                        |           67.95 | 3534.9900000000002 |     0.2772699405183311
 AAAAAAAAOGGCAAAA | Issues might seem old months. Able letters should say so rooms. Very                                                                                                                                     | Men                                                | accessories                                        |            3.44 |            5984.77 |      0.469420513754181
 AAAAAAAAOGGDAAAA | Really educational changes meet hard as the camps. Beliefs distort directors. As compulsory numbers ask particularly findings. Social germans should get just; important, grey elem                      | Men                                                | accessories                                        |            2.92 |            2363.92 |     0.1854160712732124
 AAAAAAAAOHICAAAA | Possible arms get key, important measures. Thus equal months take alone at a systems. Universal guidelines ought to leave high, past protests. Long, p                                                   | Men                                                | accessories                                        |            3.05 |  4727.389999999999 |    0.37079684641454513
 AAAAAAAAOIDAAAAA | Schemes get both certainly sure others. Maybe industrial opportunities laug                                                                                                                              | Men                                                | accessories                                        |             3.3 |           16765.51 |     1.3150170044213658
 AAAAAAAAOIPAAAAA | Clear                                                                                                                                                                                                    | Men                                                | accessories                                        |            1.11 |            1612.27 |    0.12645976565690134
 AAAAAAAAOJFEAAAA | Claims cannot enjoy royal companies. Past illustrations will read widely types. Results reject ame                                                                                                       | Men                                                | accessories                                        |            0.66 |               1127 |    0.08839720139637146
 AAAAAAAAOJHBAAAA | Currently available aspects guide indirectly important duties. Feet march hardly increasingly able children. Other, mental terms reduce responses;                                                       | Men                                                | accessories                                        |           65.28 |            6941.23 |     0.5444412655266507
 AAAAAAAAOJJDAAAA | Domestic funds mean frenc                                                                                                                                                                                | Men                                                | accessories                                        |            8.11 |           13776.36 |      1.080560487514566
 AAAAAAAAOKAEAAAA | Unable, single ways ought to ask hopefully days. Over american s                                                                                                                                         | Men                                                | accessories                                        |            4.33 | 3626.2699999999995 |    0.28442956478049675
 AAAAAAAAOKHBAAAA | Q                                                                                                                                                                                                        | Men                                                | accessories                                        |            0.51 |            4629.45 |     0.3631148394005606
 AAAAAAAAOKHDAAAA | Years may need; working, internal provisions deny male others. Players can worry stupid husbands; then                                                                                                   | Men                                                | accessories                                        |            2.36 |            4654.51 |     0.3650804417670141
 AAAAAAAAOLBCAAAA | Unknown, weak activities should not                                                                                                                                                                      | Men                                                | accessories                                        |            0.62 |           13883.58 |     1.0889703792037575
 AAAAAAAAOLHAAAAA | Always historical directors could enlist. Subtle, foreign reasons used to go again important gifts. So bizarre stores can like traditional, fine c                                                       | Men                                                | accessories                                        |            5.65 |            5043.57 |     0.3955966930316745
 AAAAAAAAOLICAAAA | Actually true volunteers know                                                                                                                                                                            | Men                                                | accessories                                        |            1.43 |            6675.24 |     0.5235781141518319
 AAAAAAAAOMEEAAAA | Electoral articles affect importantly hills. Cards feel more prepa                                                                                                                                       | Men                                                | accessories                                        |           15.32 | 13156.529999999999 |      1.031943595463534
 AAAAAAAAOMGDAAAA | Experiences per                                                                                                                                                                                          | Men                                                | accessories                                        |            8.35 |             4451.7 |     0.3491728673080983
 AAAAAAAAOMMDAAAA | Civil areas cannot come scholars. Open, nice breasts would not make also. Direct police move by a operators. Slow years should make passages; other figures would admit also                             | Men                                                | accessories                                        |            8.56 |             3146.5 |     0.2467983976873849
 AAAAAAAAONEAAAAA | Specific trends draw with the accidents; etc other sales will not pay near light activities. Complete ways like usuall                                                                                   | Men                                                | accessories                                        |            2.71 |              11550 |     0.9059340515777199
 AAAAAAAAOOGBAAAA | Partial countries run br                                                                                                                                                                                 | Men                                                | accessories                                        |            5.89 | 3645.5700000000006 |     0.2859433766588908
 AAAAAAAAOPCBAAAA | Chapter                                                                                                                                                                                                  | Men                                                | accessories                                        |            1.29 |            5739.33 |     0.4501692190685329
 AAAAAAAAPAHDAAAA | Good efforts forget at present relevant issues. Cheap, important rates market. Still irish assets should get ago other gifts. United definitions oug                                                     | Men                                                | accessories                                        |            8.96 |            2131.27 |    0.16716797109143264
 AAAAAAAAPDAEAAAA | That is french feet might pick extremely in a spirits. Children look tourists. Young, victorian flowers bring independent lines; whole, good sizes carry towar                                           | Men                                                | accessories                                        |            2.31 |            1029.18 |    0.08072460668422145
 AAAAAAAAPDDBAAAA | Associations could argue. Other products experiment once inner, sexual conditions. Relationships should know voluntary forms. Old leaders might not prove                                                | Men                                                | accessories                                        |            4.36 |            3941.16 |    0.30912822915290444
 AAAAAAAAPDKAAAAA | Social soldiers expect now vast areas. Old, low circumstan                                                                                                                                               | Men                                                | accessories                                        |           98.58 |            4188.78 |     0.3285505139885473
 AAAAAAAAPFMCAAAA | Pieces could not see straight ways.                                                                                                                                                                      | Men                                                | accessories                                        |            2.98 |            2882.75 |    0.22611094261347808
 AAAAAAAAPHCEAAAA | Informa                                                                                                                                                                                                  | Men                                                | accessories                                        |            2.54 |            2625.25 |    0.20591371159345534
 AAAAAAAAPIEEAAAA | Only social sources must hope lovingly great categories. English, conservative metres set well practical methods. Consistent workers undermine more than in a women. New, other words might arrive       | Men                                                | accessories                                        |            2.88 |              95.54 |   0.007493760977293104
 AAAAAAAAPKCEAAAA | Professional things used to hear genuinely existing, criminal functions. Also difficult programmes must draw from no losses. Knees resist about dear, decisive days. Affairs must p                      | Men                                                | accessories                                        |            1.78 |            2153.38 |    0.16890218770445284
 AAAAAAAAPKGDAAAA | Eventually superb lines cannot fight new eyes. Acute women reveal independent ears. Emotionally different dem                                                                                            | Men                                                | accessories                                        |            1.16 |           16395.28 |     1.2859777001862476
 AAAAAAAAPNPAAAAA | Things associate yet by a months. Guilty trees stand aloud with the words. Friends gather still subject offices. Big results involve more risks; also esse                                               | Men                                                | accessories                                        |            4.49 |            3579.04 |     0.2807250396501058
 AAAAAAAAABGAAAAA | Effective, precise pressures appear please just capable employers. Un                                                                                                                                    | Men                                                | pants                                              |           74.36 |            5435.03 |    0.46627346804252634
 AAAAAAAAABHAAAAA | Young, true lives say really only women. Usefully national girls spell just in a artists; more new teachers shall tell once in a patients. Mu                                                            | Men                                                | pants                                              |            4.67 |             5660.5 |     0.4856166324481595
 AAAAAAAAADODAAAA | Married terms drive hidden efforts. Enough public words administer. Appointed, russian                                                                                                                   | Men                                                | pants                                              |            1.56 |             8511.2 |      0.730179362616867
 AAAAAAAAAEDAAAAA | Expenses might attempt at a stars. Young hundreds prevent ho                                                                                                                                             | Men                                                | pants                                              |             4.2 |            7128.22 |     0.6115329373287907
 AAAAAAAAAEJBAAAA | Similar years accept more other, national versions. Proud, professional drawings will identify thereof difficult, northern costs. Loans support. Sometimes unpleasan                                     | Men                                                | pants                                              |            5.33 |           12423.55 |     1.0658214846835672
 AAAAAAAAAFMDAAAA | Separate, other items used to find completely hours. Extremely final branches used to change. Powers used to swi                                                                                         | Men                                                | pants                                              |            7.56 |            2611.62 |    0.22405195824295776
 AAAAAAAAAFPAAAAA | Here conventional prices see. Also extra percept                                                                                                                                                         | Men                                                | pants                                              |            4.11 |            1483.89 |    0.12730353585787466
 AAAAAAAAAGCDAAAA | Electrical, independent good                                                                                                                                                                             | Men                                                | pants                                              |            6.81 |            5144.62 |     0.4413590742205548
 AAAAAAAAAHMAAAAA | Old managers arrive much troops. Principles might know. Reasons shall not like certainly customers. Long heavy students leave deliberately. Easily supposed hands could not improve solely specialist s  | Men                                                | pants                                              |            4.17 |  7505.120000000001 |     0.6438673439659627
 AAAAAAAAAJIDAAAA | Ages used to wake at least big,                                                                                                                                                                          | Men                                                | pants                                              |            3.37 |            8642.46 |     0.7414402122194012
 AAAAAAAAAJJBAAAA | Maj                                                                                                                                                                                                      | Men                                                | pants                                              |            1.47 |            1138.32 |    0.09765694285812011
 AAAAAAAAAJJCAAAA | Still distinguished times lay with a authorities. Secondary, right tools generate entirely authorities. Surprising critics would know into a newspapers. Others assist in                                | Men                                                | pants                                              |            3.32 |            4355.27 |      0.373640411766186
 AAAAAAAAAJNBAAAA | Conventional children wait prizes. Severely exclusive gods surprise already                                                                                                                              | Men                                                | pants                                              |            1.75 | 383.03999999999996 |    0.03286115977262486
 AAAAAAAAALGCAAAA | Free comparisons shoul                                                                                                                                                                                   | Men                                                | pants                                              |            7.47 | 15028.899999999998 |     1.2893355370373896
 AAAAAAAAANJAAAAA | Modern boots used to meet so british arms. So serious patients need e                                                                                                                                    | Men                                                | pants                                              |            2.23 |           17208.66 |     1.4763380475479806
 AAAAAAAAANOCAAAA | Strange, american relations win nevertheless. Cells sit in the conditions. Guilty, recent cases concede at all top, effective gardens. Rapid aspirations accept stil                                     | Men                                                | pants                                              |            4.81 |            2443.12 |    0.20959627366252936
 AAAAAAAAAOBBAAAA | Well high communities ought to eat. At all victorian incomes might spot as short doors. At least young stones help from a restrictions. Else other orders may define there fo                            | Men                                                | pants                                              |           20.81 |            4616.34 |    0.39603771487249123
 AAAAAAAAAOBEAAAA | Brief, rough meanings fall in the millions; no french d                                                                                                                                                  | Men                                                | pants                                              |           65.86 |            7526.77 |     0.6457247064061185
 AAAAAAAAAPGCAAAA | Skills would care. Groups shall change suitably in a arms. Full, other ministers speak yet religious parents. Familiar stories pursue h                                                                  | Men                                                | pants                                              |            9.56 |            1783.34 |    0.15299347501282587
 AAAAAAAABEBBAAAA | Public, reliable lives make more available firms. Doors may come ago national others. Local engines show pretty                                                                                          | Men                                                | pants                                              |            2.41 |             8821.5 |     0.7568001277522196
 AAAAAAAABFDEAAAA | Local, different possibilities shall not provide before a years. Common, secondary things may use out of a                                                                                               | Men                                                | pants                                              |            4.02 |           11537.31 |     0.9897905891194198
 AAAAAAAABFGBAAAA | Years enter less. Duly personal projects turn ago coastal sentences. Right simple lines will not find quite private difficult eyes. Civil lives s                                                        | Men                                                | pants                                              |            0.68 |            2515.76 |    0.21582808925850755
 AAAAAAAABGADAAAA | Problems must navigate. However only outcomes maximize happily as local parents. Crazy holidays allow up to yesterday real houses. Characteristics look also hard levels. Af                             | Men                                                | pants                                              |            1.67 |            3745.15 |    0.32129796502309416
 AAAAAAAABGECAAAA | Surely daily activities close also much normal effects. Vehicles shall                                                                                                                                   | Men                                                | pants                                              |            7.27 | 2928.9300000000003 |     0.2512741141730214
 AAAAAAAABIKAAAAA | New standards will not deal at the lawyers. Then full buildings might help. Problems may go also othe                                                                                                    | Men                                                | pants                                              |             4.7 |            8815.09 |     0.7562502112052728
 AAAAAAAABOPBAAAA | V                                                                                                                                                                                                        | Men                                                | pants                                              |            0.87 |             393.12 |    0.03372592713506236
 AAAAAAAACBIDAAAA | Broad children must happen towards a patients; at least great things expect soviet, material pieces. Administrative, new awards may sort eventually lonely, short records; fit govern                    | Men                                                | pants                                              |            1.18 |  6071.370000000001 |      0.520865339412911
 AAAAAAAACCGAAAAA | Meanwhile modest owners get somewhat students. Less than good supporters used to seem tomorrow to a points; therefore social images use most. Large difficulties introduce                               | Men                                                | pants                                              |            2.66 |           10705.93 |     0.9184661556091731
 AAAAAAAACDCAAAAA | Players used to save on a eyes. Solicitors ought to answer completely final rights. Much popular figures depend. Regional, natural affairs must take in a s                                              | Men                                                | pants                                              |           46.38 |             3022.8 |     0.2593272602357206
 AAAAAAAACDLBAAAA | National men make sometimes statements. Endless, wrong figures change here home national details. Years must seek of course important, final requirements. As average trends chang                       | Men                                                | pants                                              |            3.46 | 1166.3500000000001 |    0.10006164813283472
 AAAAAAAACEICAAAA | Private,                                                                                                                                                                                                 | Men                                                | pants                                              |            2.62 |  6767.639999999999 |     0.5805986302308034
 AAAAAAAACFNDAAAA | Walls might not make. Consumers relate other, civil accounts. Different, complete days would insist principles. Possible effects ought to rely just popu                                                 | Men                                                | pants                                              |             8.9 | 12983.810000000001 |     1.1138864214374595
 AAAAAAAACHLCAAAA | French shoulders go meanwhile like a pupils; applications force other notes; problems will not bring global, sensible months. Single, wild places may continue partially extremely conscious studen      | Men                                                | pants                                              |            6.67 |             791.79 |    0.06792799106194297
 AAAAAAAACIADAAAA | Earlier real levels will call gently other months. Usual, chief producers cut                                                                                                                            | Men                                                | pants                                              |            6.96 |            1208.85 |    0.10370774068279437
 AAAAAAAACLABAAAA | Known, old elements produce so best hum                                                                                                                                                                  | Men                                                | pants                                              |           61.42 | 10588.050000000001 |      0.908353181731779
 AAAAAAAACOCCAAAA | Light systems beware poor, spare men. Hospitals would locate very ove                                                                                                                                    | Men                                                | pants                                              |            8.97 |            4763.54 |     0.4086660636572928
 AAAAAAAACPDAAAAA | Less than old figures depend highly moreover theoretical children. Supreme, local signs determine again fears. Official, silver solutions differ well big, closed laws. Religious fin                    | Men                                                | pants                                              |            9.57 |             798.63 |    0.06851479748645413
 AAAAAAAADAGBAAAA | Relevant, economic                                                                                                                                                                                       | Men                                                | pants                                              |            1.87 |            4931.04 |    0.42303595782478093
 AAAAAAAADBPDAAAA | Special churches could work. Opportunities achieve. Both natural attitudes help now almost middle-class drawings. Open members think. Important, physical units could say both. As old claims sh         | Men                                                | pants                                              |            7.57 |            1972.56 |    0.16922673694937576
 AAAAAAAADEFBAAAA | Free, presidential villages prevent on the families. Formerly primary companies explore british teachers. Beautiful, high eyes amend sometimes days. Accidents establish a                               | Men                                                | pants                                              |            4.27 |            2223.61 |    0.19076442011801997
 AAAAAAAADFPCAAAA | More marginal negotiations may wear despite the groups. Organic studies interfere. Patients could not keep similar, new ou                                                                               | Men                                                | pants                                              |            9.68 |           17159.66 |     1.4721343173139094
 AAAAAAAADGDEAAAA | True, present man                                                                                                                                                                                        | Men                                                | pants                                              |            0.71 |           13320.32 |     1.1427557532959753
 AAAAAAAADKFEAAAA | Forces sell middle, other beliefs. Resour                                                                                                                                                                | Men                                                | pants                                              |            4.59 |            4950.13 |    0.42467369680780986
 AAAAAAAADLODAAAA | Figures suppress still other rebels. Steps ca                                                                                                                                                            | Men                                                | pants                                              |             1.1 |            2336.11 |    0.20041584157379558
 AAAAAAAADMOCAAAA | Just political police must see accurately important windows. Western decisions might not suggest inc, political members. Free eyes will want in the feet                                                 | Men                                                | pants                                              |            6.53 |            7158.98 |     0.6141718504308321
 AAAAAAAADOACAAAA | Significant, unlikely wings insist often new concepts. Black, difficult windows will hate once smooth obligations. Arts must                                                                             | Men                                                | pants                                              |            4.04 |                221 |   0.018959681259790345
 AAAAAAAADOGCAAAA | Correctly existing actors dominate. Reasonable, certain aspects would join questions; economic, medieval views can turn also by a minutes; com                                                           | Men                                                | pants                                              |            4.49 |            3192.87 |    0.27391763576446515
 AAAAAAAAEAJDAAAA | Views will discuss really responsibilities; notably particular things may go parents. Private, other classes support most whole oppo                                                                     | Men                                                | pants                                              |            8.78 |            1130.08 |    0.09695002985549264
 AAAAAAAAEANCAAAA | More possible cities can offer whole courses. N                                                                                                                                                          | Men                                                | pants                                              |            4.65 |             2082.5 |    0.17865853494802442
 AAAAAAAAEBFDAAAA | Common, big grounds should appear eventually english owners. Hours offer l                                                                                                                               | Men                                                | pants                                              |            3.75 |            2943.23 |     0.2525009170780667
 AAAAAAAAECBAAAAA | Still hidden parts will sue perhaps. Daughters might not                                                                                                                                                 | Men                                                | pants                                              |            3.33 |            2661.01 |     0.2282891467380756
 AAAAAAAAECLDAAAA | Useful, mild polls ought to access so single sites. Just labour students think comfortable children. Stands take about sexual classes. Scarcely small designs could get; new, beautiful obje             | Men                                                | pants                                              |            1.69 |              204.4 |   0.017535560404982563
 AAAAAAAAEDHDAAAA | Special, open resources would not practise best so effective measures. Minutes try friends. Social terms judge here. Econ                                                                                | Men                                                | pants                                              |             7.1 | 15652.300000000003 |      1.342817280464328
 AAAAAAAAEEJAAAAA | Normal targets need. Partly liberal blocks will die. Levels may not attract again now familiar trees. Toys consider. Delicious, political authoritie                                                     | Men                                                | pants                                              |            3.78 |            2094.74 |    0.17970860960241278
 AAAAAAAAEGCCAAAA | Recent, previous police in                                                                                                                                                                               | Men                                                | pants                                              |           24.54 |            1004.48 |    0.08617475399020003
 AAAAAAAAEGPAAAAA | Fair, common commentators should win                                                                                                                                                                     | Men                                                | pants                                              |             4.8 |            2516.36 |    0.21587956350627166
 AAAAAAAAEJHAAAAA | Yet ideal bodies switch most able, pretty employers. Great, terrible sorts should question long subsequent doctors. Maximum, white preferences might not shift always far farmers. So major articl       | Men                                                | pants                                              |            3.65 |           16451.05 |     1.4113423728003347
 AAAAAAAAEKHCAAAA | Victorian, warm feelings talk perfectly; small, local books take very properly european dreams. Top initiative                                                                                           | Men                                                | pants                                              |            3.95 |            4575.24 |     0.3925117289006479
 AAAAAAAAELBDAAAA | Else final operations can give decidedly in a employers. Over ultimate visitors will believe in a arrangement                                                                                            | Men                                                | pants                                              |            8.54 |               1637 |    0.14043890598315292
 AAAAAAAAELICAAAA | More new dogs develop supporters. Genuine patterns rely about. Occupational patients abandon hardly. Much welsh difference                                                                               | Men                                                | pants                                              |            3.09 |            7417.07 |     0.6363134981065754
 AAAAAAAAENMCAAAA | Claims go only expected, full councillors. Later peaceful branches travel existing costs. Radical proposals understand more very able firms; clear, young views become                                   | Men                                                | pants                                              |           74.77 |           12275.84 |     1.0531493827881662
 AAAAAAAAENPCAAAA | Silver consequences grow personally old groups. International, progressive reasons spea                                                                                                                  | Men                                                | pants                                              |            2.13 | 1574.8899999999999 |    0.13511046343543537
 AAAAAAAAEOIAAAAA | Public samples ought to relax still at a objections. Similar authorities travel just good, other children. Also long                                                                                     | Men                                                | pants                                              |            3.06 |             4512.6 |    0.38713781743407205
 AAAAAAAAEPAAAAAA | Real islands mind suddenly. Minerals could not achieve gently judges. Allegations will move nonetheless at a windows. Further small details can like effectively too royal specimens. Vari               | Men                                                | pants                                              |             4.8 |            4912.55 |    0.42144969308951613
 AAAAAAAAEPCBAAAA | Expensive, possible duties justify t                                                                                                                                                                     | Men                                                | pants                                              |            4.85 |            10098.5 |     0.8663544850768905
 AAAAAAAAEPCEAAAA | Local, remaining                                                                                                                                                                                         | Men                                                | pants                                              |            5.86 |            2907.38 |    0.24942533077415951
 AAAAAAAAEPFEAAAA | Publishers must get in                                                                                                                                                                                   | Men                                                | pants                                              |            3.81 |            2578.52 |     0.2212122955746362
 AAAAAAAAEPGDAAAA | Priorities hang still poor years. Very political years discuss molecules. Fina                                                                                                                           | Men                                                | pants                                              |            2.77 |            1955.58 |     0.1677700157376507
 AAAAAAAAEPHDAAAA | So direct friends spread well aware groups. Hard, rural regions make so healthy affairs. Active jobs should come just about likely things; locations shall not speak today. Tear                         | Men                                                | pants                                              |            5.67 | 24427.140000000003 |     2.0956144275487567
 AAAAAAAAFALAAAAA | Again narrow places award clear eyes. Notably other waters must call; political surveys qualify in order a                                                                                               | Men                                                | pants                                              |            2.96 |             217.61 |   0.018668851759922972
 AAAAAAAAFGBBAAAA | Forward partners rest effective oth                                                                                                                                                                      | Men                                                | pants                                              |           37.82 |             794.82 |    0.06818793601315187
 AAAAAAAAFINCAAAA | Seldom loose stairs provide once with a assets. Companies should see never. Then appropriate victims bring over automatic, liable rights; others go i                                                    | Men                                                | pants                                              |            6.78 |            4493.13 |     0.3854674780941258
 AAAAAAAAFKICAAAA | Later young entries ought to try previously in a feet. There residential minutes appreciate natural hotels. Stable representatives may not se                                                            | Men                                                | pants                                              |           45.55 |  9972.519999999999 |     0.8555466088546805
 AAAAAAAAFNNDAAAA | Therefore false c                                                                                                                                                                                        | Men                                                | pants                                              |            4.19 |            5905.34 |      0.506621557152445
 AAAAAAAAFPBEAAAA | Officers view expressly nuclear legs; attractive, great centres must not fancy only at a years; techniques would suggest. Assets eat ago cheerful resources. Common hospi                                | Men                                                | pants                                              |             3.1 |           11090.93 |     0.9514954645911609
 AAAAAAAAFPFAAAAA | Different, vast studies might not go only standards. Collective sizes rely too for a men; products might not cause                                                                                       | Men                                                | pants                                              |           77.45 |            3450.82 |    0.29604727278239695
 AAAAAAAAGCBBAAAA | Great, other officials must visit publicly principles. Technological, contemporary resources create between a conditions. Employees give as. For                                                         | Men                                                | pants                                              |            7.45 |               4280 |    0.36718296738417505
 AAAAAAAAGEICAAAA | Therefore raw pp. believe sometimes only brilliant tears. Social, great injuries will not stand in a characters. Clothes would not ask directly. Operations must not try also. Outstand                  | Men                                                | pants                                              |            4.94 | 12147.310000000001 |     1.0421227410129588
 AAAAAAAAGELCAAAA | Interior persons say also. Likely women go suddenly such as a windows. Square, wise interactions declare much young, main patients. Even potential calculations m                                        | Men                                                | pants                                              |            3.22 |            8958.55 |     0.7685577038456778
 AAAAAAAAGENAAAAA | Skilled years ought t                                                                                                                                                                                    | Men                                                | pants                                              |            1.06 |            4680.34 |     0.4015283013006658
 AAAAAAAAGFBBAAAA | Either primary efforts                                                                                                                                                                                   | Men                                                | pants                                              |             0.3 |            9501.68 |     0.8151530508259037
 AAAAAAAAGGMBAAAA | Again specific attitudes help. Over necessary sides want inevitably scientific, appropriate bars. Parliamentary, expected comm                                                                           | Men                                                | pants                                              |           69.58 |           13077.36 |     1.1219121145680175
 AAAAAAAAGHHAAAAA | Homes will arrive so important words. Short original laws depict. Facilities should help social, senior birds. Human, black problems abandon animals. Feelings                                           | Men                                                | pants                                              |            8.64 | 15561.880000000001 |     1.3350601113262723
 AAAAAAAAGHPBAAAA | Single members detect no longer concerned, brave months. Literally good reports develop much considerable voices                                                                                         | Men                                                | pants                                              |            9.27 |            3205.26 |     0.2749805789807946
 AAAAAAAAGICEAAAA | Educational, long years shall not pu                                                                                                                                                                     | Men                                                | pants                                              |            2.63 |            7950.95 |     0.6821152837671043
 AAAAAAAAGIOAAAAA | Electric, funny stones may encourage. Partly big men learn so in the windows; blocks shall not let about a men. Only likely things hold rather to a prayers. Healthy, labour children would know         | Men                                                | pants                                              |            4.15 |            1164.46 |    0.09989950425237767
 AAAAAAAAGKMBAAAA | Difficulties play never even modern possibilities. Circumstances must say new, private                                                                                                                   | Men                                                | pants                                              |            1.71 |              906.3 |    0.07775185124772846
 AAAAAAAAGKPBAAAA | Quite difficult stations might call possible instructions. Days depress in the conflicts; babies migh                                                                                                    | Men                                                | pants                                              |            1.12 |               1636 |    0.14035311557021268
 AAAAAAAAGNLBAAAA | Red mechanisms take just commercial colours; pure days ought to marry into a                                                                                                                             | Men                                                | pants                                              |               2 |            1707.38 |    0.14647683524588614
 AAAAAAAAGPEDAAAA | Then social rights play really cold, good offenders. Enough empty issues must buy costly levels. Considerable, new rats trace brothers; defensive                                                        | Men                                                | pants                                              |            1.45 |            3324.82 |    0.28523768075192824
 AAAAAAAAHAADAAAA | Factors ought to know strangely. Better urban changes take early large, southern techniques. Strange, disastrous fe                                                                                      | Men                                                | pants                                              |           93.35 |            4021.06 |    0.34496839785743244
 AAAAAAAAHACBAAAA | Fortunately good rivers discuss traditional                                                                                                                                                              | Men                                                | pants                                              |            9.98 |  6875.139999999999 |     0.5898210996218778
 AAAAAAAAHALBAAAA | Ltd. flights dine. Too detailed notions make however new sides. Good police find evidently long knees. Usually practical boxes might need much countries. Willingly central provinces might fin          | Men                                                | pants                                              |            5.81 |               70.8 |   0.006073961236168129
 AAAAAAAAHBLDAAAA | Legal things cannot resolve primarily; then previous payments succeed highly national cases. Past member                                                                                                 | Men                                                | pants                                              |            8.02 |            2574.16 |     0.2208382493742168
 AAAAAAAAHCPBAAAA | Following, real companies used to claim mo                                                                                                                                                               | Men                                                | pants                                              |            5.09 | 113.39999999999999 |   0.009728632827421833
 AAAAAAAAHDIBAAAA | Hard, additional decades wish more electoral, final stages; particularly full communication                                                                                                              | Men                                                | pants                                              |            0.53 | 2629.1899999999996 |    0.22555929579831752
 AAAAAAAAHEPCAAAA | Wishes afford as that is beautiful g                                                                                                                                                                     | Men                                                | pants                                              |            3.26 |            3837.15 |    0.32919068301359516
 AAAAAAAAHFFCAAAA | Young measures can fal                                                                                                                                                                                   | Men                                                | pants                                              |            0.52 |            5923.75 |     0.5082009586546745
 AAAAAAAAHGDAAAAA | Indian, fierce limitations should not eat thick. Electronic surfaces avoid young blues. Vulnerable, special tons shall cope probably other figures. Green, similar respondents feel u                    | Men                                                | pants                                              |            6.99 |            6425.78 |     0.5512703196630571
 AAAAAAAAHGHCAAAA | European customers speak; legal areas shall move opponents. Short proposals invest top problems. Over voluntary men expand shares. Individuals produce away now other circles                            | Men                                                | pants                                              |            3.04 |            8304.26 |     0.7124258945630162
 AAAAAAAAHGLBAAAA | Orders will not continue ultimately blue children. Ancient branches analyse partners. Birds understand historical, national men. Republics act extreme                                                   | Men                                                | pants                                              |            1.84 |            9096.11 |     0.7803590330497355
 AAAAAAAAHJDAAAAA | Legs can attract somewhat only different boats. Less sad police must not cut at last central, unemployed ye                                                                                              | Men                                                | pants                                              |           91.18 |           15769.87 |     1.3529036593137103
 AAAAAAAAHKHBAAAA | Successful, industrial reserves shall issue always firms. Eyes must not achieve secondary, likely efforts. Black, national chemicals go. Parents will happen new, good parents; now othe                 | Men                                                | pants                                              |            4.06 |            2847.15 |     0.2442581742027696
 AAAAAAAAHNFAAAAA | Too c                                                                                                                                                                                                    | Men                                                | pants                                              |           51.58 |             179.12 |   0.015366778765853606
 AAAAAAAAHOOCAAAA | Ancient, responsible allies will not decide however on a glasses. New, bad years express great, alone hun                                                                                                | Men                                                | pants                                              |            0.74 |             907.38 |    0.07784450489370391
 AAAAAAAAHPMAAAAA | Ministers shall boost closely on a humans. Tomorrow responsible regulations drop in a c                                                                                                                  | Men                                                | pants                                              |            3.35 |            4731.19 |    0.40589074379867635
 AAAAAAAAICHAAAAA | Recently new costs used to get careful, other researchers. Courts used to see easy in a amounts. Annual, rare thousands would lead collective employees.                                                 | Men                                                | pants                                              |            6.56 |            1884.13 |    0.16164029073307143
 AAAAAAAAICOCAAAA | No doubt sensitive sources endeavour blue minut                                                                                                                                                          | Men                                                | pants                                              |            1.56 | 19810.300000000003 |     1.6995338174697951
 AAAAAAAAIEJBAAAA | Trouser                                                                                                                                                                                                  | Men                                                | pants                                              |            7.02 | 10599.099999999999 |     0.9093011657947684
 AAAAAAAAIGADAAAA | Intermediate subjects put then solid, sweet branches. Women fall                                                                                                                                         | Men                                                | pants                                              |            2.75 |           13049.24 |     1.1194996881561383
 AAAAAAAAIHJCAAAA | Really imaginative items could deserve very to a shapes. Weapons must not judge. Relevant, national types would use alone unacceptable, dark plants. Other services say dangerous, old liabi             | Men                                                | pants                                              |            1.31 |             462.87 |    0.03970980843764325
 AAAAAAAAIIAEAAAA | Services represent shares. Appearances might address impossible                                                                                                                                          | Men                                                | pants                                              |             1.1 |             341.25 |    0.02927597841585274
 AAAAAAAAIIDEAAAA | Somewhat blue days complain relatively apparent visits. Reasons can tell then then surprised needs. United resources go just obvious strategies. Shares may not prove mistakes. Please ne                | Men                                                | pants                                              |            1.92 |            2609.55 |     0.2238743720881715
 AAAAAAAAIIGAAAAA | American, double goods wonder immediately                                                                                                                                                                | Men                                                | pants                                              |            9.95 |            3920.25 |     0.3363198663289281
 AAAAAAAAIINAAAAA | Beautiful allegations become also even local workers. French, german countries should understand to a days; favorite, different supporters                                                               | Men                                                | pants                                              |           59.46 |           12306.42 |     1.0557728536158784
 AAAAAAAAILADAAAA | Hundreds might support no longer by a women; earlier important years must not stand perhaps total, technical procedures. Massive, small wind                                                             | Men                                                | pants                                              |            6.89 |             9614.8 |     0.8248576623377022
 AAAAAAAAILNDAAAA | Wrong, old courses take to a words. Manufacturing, active hours may leave quite given, different statements. Me                                                                                          | Men                                                | pants                                              |            7.81 |            5074.67 |     0.4353580348353859
 AAAAAAAAIMGCAAAA | Of course principal conditions show also years. Public occupations broaden directly by a types. Too strong characteristics cannot hold minute, good teachers. Certain, long police wish angrily so-      | Men                                                | pants                                              |           11.39 | 1302.6599999999999 |    0.11175573932071714
 AAAAAAAAINOCAAAA | At least likely patients could not commemorate merely. Relations stray long necessary children. Super levels start. Please                                                                               | Men                                                | pants                                              |            5.69 |            1591.19 |    0.13650884716636108
 AAAAAAAAIOAAAAAA | Natural, necessary shoulders work simply environmental places                                                                                                                                            | Men                                                | pants                                              |           78.16 |            6159.04 |     0.5283865849153807
 AAAAAAAAIOBAAAAA | Close, open questions might not suffer. Concerned                                                                                                                                                        | Men                                                | pants                                              |            4.64 |            8165.35 |     0.7005087483014891
 AAAAAAAAIPLBAAAA | Extensive issues shall ask immediate, large companies. Precise, social parents might not want almost kind vehicles. Far from black powers work then. Subsequently obvious                                | Men                                                | pants                                              |             3.3 |            5613.54 |     0.4815879146564864
 AAAAAAAAJCLDAAAA | Other branches could not give new women. Future, direct preferences agree also national woods. Now substantial areas make else often o                                                                   | Men                                                | pants                                              |              37 |             148.82 |   0.012767329253764703
 AAAAAAAAJCPCAAAA | Loud strong preparations meet societies. Gentle abilities make pp.. Groups might count so here tough classes; only human directions should compensate yesterday strictly overseas jobs                   | Men                                                | pants                                              |            4.98 | 1730.4699999999998 |    0.14845773588067598
 AAAAAAAAJDKAAAAA | Either female miles renounce there books. Good things must reject in a police. Radically                                                                                                                 | Men                                                | pants                                              |           63.97 |            7649.17 |     0.6562254529500023
 AAAAAAAAJGBDAAAA | Buildings might remove. Else intense popu                                                                                                                                                                | Men                                                | pants                                              |            2.97 |                484 |    0.04152255986307026
 AAAAAAAAJHLBAAAA | Historians used to see away from the years. National, real rats feel slightly at least right groups. Main things must result often red papers. There                                                     | Men                                                | pants                                              |            2.63 |           16046.68 |     1.3766513035196948
 AAAAAAAAJIIDAAAA | Black structures might flow straight; difficult counties know for a wings. Grand projects must mean considerably to the facilities. Familiar men carry clea                                              | Men                                                | pants                                              |            8.65 |             8915.7 |     0.7648815846511892
 AAAAAAAAJKADAAAA | Raw, wrong activities might stand plain policies; american, different documents canno                                                                                                                    | Men                                                | pants                                              |           51.99 |            1652.04 |    0.14172919379377394
 AAAAAAAAJMAEAAAA | Other services join differences; original, particular animals realise more yellow forms. Economically particular recommendations used                                                                    | Men                                                | pants                                              |            1.36 |            5876.32 |     0.5041319193689194
 AAAAAAAAJMEAAAAA | Happy, attractive dangers could develop                                                                                                                                                                  | Men                                                | pants                                              |             2.8 |               7857 |     0.6740552744713699
 AAAAAAAAJOIAAAAA | Central, central groups could not phone. Really basic times will walk internal, social times. Ashamed police will not sound simple, big refugees; classes ought to engage. Secondary levels must not c   | Men                                                | pants                                              |            3.81 |           19648.37 |     1.6856417759023838
 AAAAAAAAJPBAAAAA | Immediate friends learn already. Yesterday important deals will come once t                                                                                                                              | Men                                                | pants                                              |            8.32 |            12885.6 |     1.1054609449825994
 AAAAAAAAKAFBAAAA | Civil provinces pay extra groups. Better major tourists work necessarily generally disciplinary occasions. Entirely other cases reach about past magistrates. Below modern steps think only. S           | Men                                                | pants                                              |            0.51 |            1336.76 |    0.11468119240197892
 AAAAAAAAKALCAAAA | Voluntary,                                                                                                                                                                                               | Men                                                | pants                                              |            4.63 |              93.39 |   0.008011966664487875
 AAAAAAAAKBIAAAAA | Lines will keep comprehensive services. Often specific worlds go even facts. Neat men                                                                                                                    | Men                                                | pants                                              |            3.28 |            3731.52 |     0.3201286416947189
 AAAAAAAAKCGBAAAA | Accused, alone activities live actua                                                                                                                                                                     | Men                                                | pants                                              |            6.66 |           12379.76 |     1.0620647225009145
 AAAAAAAAKCKBAAAA | Industrial, basic times know in general customers. Good supplies like hardly huge ho                                                                                                                     | Men                                                | pants                                              |            1.62 |            5678.82 |     0.4871883128132245
 AAAAAAAAKEFBAAAA | Similar, social posts purchase soon essential costs. Eventually artistic conditions pay about a feelings; jobs shall not recover even electoral days. Officers could mention particularly compe          | Men                                                | pants                                              |            3.06 |            7940.19 |     0.6811921789238674
 AAAAAAAAKFCDAAAA | Carefully male tasks shall demonstrate anyway from a hands. Digital, standard talks forget elsewhere in no creditors. Small, deaf lengths sho                                                            | Men                                                | pants                                              |            4.49 |            3297.88 |     0.2829264870273185
 AAAAAAAAKGHAAAAA | Deep good years look perhaps available holes. Clients answer so as. Silently good chips say formerl                                                                                                      | Men                                                | pants                                              |            4.27 |            2703.89 |    0.23196783964495257
 AAAAAAAAKHLDAAAA | Free, famous forces determine really at a sites. Once national tests drink really by the conditions. Large, able provisions will worry then inadequate, able ar                                          | Men                                                | pants                                              |             1.4 |           14938.55 |     1.2815843732282401
 AAAAAAAAKHPAAAAA | Standard buildings may not outweigh well at the years. Citizens would not get; adjacent, used restrictions think against the applications. Perfectly nort                                                | Men                                                | pants                                              |            8.48 |           13664.15 |     1.1722530709772139
 AAAAAAAAKIEDAAAA | Wishes would leave wide to                                                                                                                                                                               | Men                                                | pants                                              |            4.63 |            9664.24 |     0.8290991403534672
 AAAAAAAAKIODAAAA | Necessary workers ought to arrive. Domestic, english sciences will not define intervals. Proceedings will listen comfortable, jap                                                                        | Men                                                | pants                                              |            1.79 |  5248.219999999999 |     0.4502469610011623
 AAAAAAAAKKDAAAAA | Complex, total negotiations can provide therefo                                                                                                                                                          | Men                                                | pants                                              |            1.27 |  8720.630000000001 |      0.748146448798939
 AAAAAAAAKKJDAAAA | Close, large techniques might not attach especial                                                                                                                                                        | Men                                                | pants                                              |            3.62 |              468.8 |   0.040218545586378794
 AAAAAAAAKNMCAAAA | Wise sites ought to give meanwhi                                                                                                                                                                         | Men                                                | pants                                              |            3.41 |           11978.98 |       1.02768164080273
 AAAAAAAAKNODAAAA | Too existing numbers watch aside particular months. Just aware organs get. Big uses shall not protect most however primitive books. Heavy resources should face in the relation                          | Men                                                | pants                                              |            7.42 |            8245.98 |     0.7074260292968597
 AAAAAAAAKPBAAAAA | Developments might not agree ways. However old suggestions will open aside enough flexible systems. Variable skills shar                                                                                 | Men                                                | pants                                              |            1.57 |             715.15 |    0.06135301381420392
 AAAAAAAAKPBCAAAA | New, public groups grow chips. Lit                                                                                                                                                                       | Men                                                | pants                                              |            5.22 |            7559.72 |      0.648551500512499
 AAAAAAAAKPKAAAAA | National imports get sometimes do                                                                                                                                                                        | Men                                                | pants                                              |             1.6 |             1708.5 |    0.14657292050837922
 AAAAAAAALACAAAAA | Times hold through a titles. Home christian restaurants ought to matter bad, physical months; police give then public years. Policies acknowledge as new, certain                                        | Men                                                | pants                                              |            3.65 |            5644.97 |     0.4842843073351978
 AAAAAAAALBHAAAAA | Activities earn forward among the levels. Most very problems will not ensure by the pa                                                                                                                   | Men                                                | pants                                              |            4.88 | 3836.4299999999994 |    0.32912891391627813
 AAAAAAAALBOCAAAA | Children win further. Passengers pull here m                                                                                                                                                             | Men                                                | pants                                              |            3.44 |           10136.07 |     0.8695776308910549
 AAAAAAAALCJAAAAA | Conscious creatur                                                                                                                                                                                        | Men                                                | pants                                              |            0.98 |            3600.58 |    0.30889524502432547
 AAAAAAAALGACAAAA | Quite important images get always in a men. Important, reliable words may give there more nor                                                                                                            | Men                                                | pants                                              |            9.72 |            3886.49 |      0.333423581988066
 AAAAAAAALJJCAAAA | Mental, dead effects comply indeed democrats. Organic bo                                                                                                                                                 | Men                                                | pants                                              |             0.1 |  677.1400000000001 |    0.05809212021834587
 AAAAAAAALKABAAAA | Hands shall not go. Forward lonely boys consider precious, famous years; only d                                                                                                                          | Men                                                | pants                                              |            8.82 |             4516.3 |    0.38745524196195086
 AAAAAAAALNBAAAAA | However initial opportunities put as. Faces may not examine characteristically new, wide heads. So ideal w                                                                                               | Men                                                | pants                                              |             4.1 |            4013.35 |    0.34430695377366327
 AAAAAAAALOGAAAAA | Massive workers wait miles. Able citizens get rates. Gentlemen ought to get presumably from a sports. Eyes develop then violent plans. Corporate constraints must not hear from                          | Men                                                | pants                                              |             3.7 |             495.12 |    0.04247654925496559
 AAAAAAAAMBJAAAAA | Major appeals must keep really pensions. Stars make so gay miles. Possible breasts give of course. Common, available projects review as; even valid situations will adopt olympic, modern children. I    | Men                                                | pants                                              |           75.81 |            1581.17 |    0.13564922722870001
 AAAAAAAAMBOBAAAA | Political views work in a skills. Responsible bands approve completely months. New, early reforms ought to rain less enormous issues. Roots resolve for example low, minor facilities.                   | Men                                                | pants                                              |            1.14 |             3221.4 |    0.27636523624564985
 AAAAAAAAMDCCAAAA | Large parties must increase then contemporary ministers. Systems used to visit now about a points. Over flexible movements learn most broad branches. Internal                                           | Men                                                | pants                                              |            6.42 |           10204.77 |     0.8754714322600485
 AAAAAAAAMDHDAAAA | Certainly new wars should n                                                                                                                                                                              | Men                                                | pants                                              |            2.59 |            3825.79 |    0.32821610392259415
 AAAAAAAAMEGEAAAA | Very typical months would conflict cool great statistical requests. Teams might not take often comprehensive flowers. Exceptions must not guarantee obviously students. Cultural, new ages               | Men                                                | pants                                              |            3.71 |            1982.87 |    0.17011123610678952
 AAAAAAAAMEHDAAAA | Cases win then cars. Good sorts note animals. Just afraid consequences exist the                                                                                                                         | Men                                                | pants                                              |            0.91 |            4608.58 |     0.3953719812680751
 AAAAAAAAMFAAAAAA | Much other hands might hold; clear, diff                                                                                                                                                                 | Men                                                | pants                                              |            3.25 |              254.6 |      0.021842239134582
 AAAAAAAAMGKBAAAA | Au                                                                                                                                                                                                       | Men                                                | pants                                              |            0.97 |           11203.57 |     0.9611588967047481
 AAAAAAAAMIFDAAAA | Abroad flexible members might hasten only traditi                                                                                                                                                        | Men                                                | pants                                              |            1.92 |            4537.38 |    0.38926370386673087
 AAAAAAAAMIJDAAAA | Problems                                                                                                                                                                                                 | Men                                                | pants                                              |            0.81 |            8814.14 |     0.7561687103129795
 AAAAAAAAMILDAAAA | Possible sports contribute never to a                                                                                                                                                                    | Men                                                | pants                                              |           96.87 | 17786.120000000003 |      1.525878579404445
 AAAAAAAAMKPBAAAA | Environmental names meet as well. Then decisive week                                                                                                                                                     | Men                                                | pants                                              |            3.61 |           15314.49 |     1.3138364210689895
 AAAAAAAAMLKCAAAA | Now suitable years provide. New things return. Details lay else small e                                                                                                                                  | Men                                                | pants                                              |            4.67 |           12863.65 |     1.1035778454185614
 AAAAAAAAMPEBAAAA | Thousands obtain however therefore american courses. Together statistical conferences separate accountants. Also                                                                                         | Men                                                | pants                                              |           61.59 |            7145.66 |     0.6130291221304682
 AAAAAAAAMPJCAAAA | Old, international tears want else prime sites. Therefore attractive goods resolve                                                                                                                       | Men                                                | pants                                              |            3.73 |            2843.12 |     0.2439124388386205
 AAAAAAAANBFAAAAA | Hotels tear sports. Also happy awards ought to know of course on a years. Organizations would not indicate now wild, linguistic reports. Rates secure extremely sides. Police should n                   | Men                                                | pants                                              |            2.51 |               2888 |     0.2477627125713779
 AAAAAAAANECAAAAA | Subsequently fiscal sports encourage faster likely advantages; organic doors set tropical, british films. Ethical, sorry views honour above at                                                           | Men                                                | pants                                              |            7.58 |            1661.37 |    0.14252961834650626
 AAAAAAAANJECAAAA | For example only resources hear tiny, long counties. Than                                                                                                                                                | Men                                                | pants                                              |            4.58 |                975 |    0.08364565261672212
 AAAAAAAANLDBAAAA | Well independent connections keep very police; dead flowe                                                                                                                                                | Men                                                | pants                                              |            6.02 | 13185.470000000001 |     1.1311869161109855
 AAAAAAAANODEAAAA | Still easy eggs might not take well other, great schools. Black, particular circumstances will shout much ordinarily ol                                                                                  | Men                                                | pants                                              |            7.09 |            9996.51 |     0.8576047208611167
 AAAAAAAAOEGEAAAA | Generations let empty arms. Structural, large men tell. Bare, external motives would think days. High,                                                                                                   | Men                                                | pants                                              |            0.81 |            2645.96 |    0.22699800102332518
 AAAAAAAAOEHBAAAA | Corporate pilots recreate in a teams. White, general courses find better never international funds. Attractive, main expectations may fear only true offi                                                | Men                                                | pants                                              |            3.53 |  4907.379999999999 |     0.4210061566546151
 AAAAAAAAOFNCAAAA | True, wrong wal                                                                                                                                                                                          | Men                                                | pants                                              |            8.62 |            4796.87 |    0.41152545812059055
 AAAAAAAAOGHBAAAA | Creative, poor powers say reliable, local thanks. Supposed men apply too common sums. Stories record also eyes. Civil, religious m                                                                       | Men                                                | pants                                              |             3.8 |            1703.28 |    0.14612509455283124
 AAAAAAAAOHLDAAAA | In                                                                                                                                                                                                       | Men                                                | pants                                              |            1.76 |            5492.15 |    0.47117381642967215
 AAAAAAAAOIKCAAAA | Even natural numb                                                                                                                                                                                        | Men                                                | pants                                              |            1.86 |            1836.54 |    0.15755752498124598
 AAAAAAAAOILCAAAA | Freshly old kinds would imply yet also slow enterprises. Darling offences used to influence more on a words. Again poor authorities tell there days. Ea                                                  | Men                                                | pants                                              |            5.62 |            1882.63 |    0.16151160511366108
 AAAAAAAAOJPDAAAA | Also outside prices might live                                                                                                                                                                           | Men                                                | pants                                              |             2.3 |            1949.03 |     0.1672080885328922
 AAAAAAAAOKOAAAAA | Barriers meet no doubt good, central materials; hopes take too other, small demands. Fees might decide properties; law                                                                                   | Men                                                | pants                                              |            1.11 |            2240.16 |    0.19218425145218074
 AAAAAAAAOLKCAAAA | Human efforts deduce as                                                                                                                                                                                  | Men                                                | pants                                              |            1.57 | 1882.2800000000002 |    0.16148157846913203
 AAAAAAAAOMCAAAAA | Ever content speakers see better national friends. Contents can secure new, english ways. Complex others shall offer; directly victorian friends will mean pla                                           | Men                                                | pants                                              |            2.45 |            5461.27 |     0.4685246084780779
 AAAAAAAAOMCBAAAA | Most personal masses cannot complete. Male, military years take indeed long main cats. Previous, terrible award                                                                                          | Men                                                | pants                                              |            6.55 |             105.56 |   0.009056035989970448
 AAAAAAAAOPJDAAAA | Others would stand recently likely months. Appropriate, popular girls fight from an men. As apparent structures may mean by a contents. Popular days ca                                                  | Men                                                | pants                                              |            0.44 | 14178.039999999999 |     1.2163399062830675
 AAAAAAAAPCGCAAAA | Thinly personal items                                                                                                                                                                                    | Men                                                | pants                                              |            8.76 | 10123.970000000001 |     0.8685395668944782
 AAAAAAAAPEHCAAAA | Indicators must not h                                                                                                                                                                                    | Men                                                | pants                                              |            1.53 |            1693.62 |    0.14529635916382863
 AAAAAAAAPFBEAAAA | Ready, british reductions would not know relatively soon reliable v                                                                                                                                      | Men                                                | pants                                              |            0.77 |            1050.96 |    0.09016229238366182
 AAAAAAAAPGDBAAAA | Workers fall to a doors. Automatic provisions must enjoy later clearly dutch schemes. Nervous questions report surely expectations. Germans should lead completely. Urban, crucial fires know yester     | Men                                                | pants                                              |            8.38 |            9604.17 |     0.8239457102481477
 AAAAAAAAPJNAAAAA | European, free structures acknowledge. Interesting, colonial figures will not counter about different forms. Ears sound now likely, particular pattern                                                   | Men                                                | pants                                              |            4.71 | 2248.1899999999996 |    0.19287314846809073
 AAAAAAAAPMLCAAAA | Organizations believe major companies; inside entire facilities modernise just parties. Small cells leave somehow; different, traditional structures m                                                   | Men                                                | pants                                              |             8.3 |             1627.4 |    0.13961531801892674
 AAAAAAAAPOBEAAAA | Other, cognitive cases should appreciate studies. Single, detailed talks will drift also finger                                                                                                          | Men                                                | pants                                              |             1.1 |            9708.61 |     0.8329056609756251
 AAAAAAAAPOEBAAAA | Real services would not see generous, different agents; new purposes may not win off a numbers; narrow pressures could like from a findings. C                                                           | Men                                                | pants                                              |            0.27 | 5252.2699999999995 |     0.4505944121735703
 AAAAAAAAABCCAAAA | Alleged varieties operate in a years. English, young incentives attract for a concerns. Increasingly conscious reasons                                                                                   | Men                                                | shirts                                             |            4.45 |  7537.860000000001 |     0.6758752024637107
 AAAAAAAAABCEAAAA | Similar organisations can explain soviet, particular mothers. Almost royal subjects would not draw here silver, negative clubs. Real authorities learn just effective teams. Experts may not c           | Men                                                | shirts                                             |            8.31 |  5447.030000000001 |     0.4884028761579423
 AAAAAAAAABEDAAAA | Almost useful areas shall keep up to with a women. Systems can fall more united eyes. Artists                                                                                                            | Men                                                | shirts                                             |            1.26 |            3551.65 |     0.3184553922240846
 AAAAAAAAACACAAAA | English, other difficulties regret today effects. Substantial structures raise skills. Ideas re                                                                                                          | Men                                                | shirts                                             |            8.15 |            4403.04 |    0.39479448430400893
 AAAAAAAAACJCAAAA | Accordingly leading sons can put. Always painful solicitors leave. Prime articles take here. English, difficult pro                                                                                      | Men                                                | shirts                                             |            0.91 |           15341.72 |      1.375601047398275
 AAAAAAAAAHAAAAAA | Countries take too                                                                                                                                                                                       | Men                                                | shirts                                             |             4.6 |             1717.6 |    0.15400700566893913
 AAAAAAAAAHNAAAAA | Days ought to go religious lines. Confident,                                                                                                                                                             | Men                                                | shirts                                             |            1.66 | 3419.9500000000003 |    0.30664663427892896
 AAAAAAAAAIDAAAAA | High miles remember only functional centres. Economic books agree too with a weeks; new gr                                                                                                               | Men                                                | shirts                                             |            9.15 |            1063.26 |    0.09533621847202854
 AAAAAAAAAJCAAAAA | Proper, effective                                                                                                                                                                                        | Men                                                | shirts                                             |           81.44 | 3748.6399999999994 |    0.33611831726293195
 AAAAAAAAAJKBAAAA | Interesting poems make for a attempts. References may block on a ladies. Only distinct parents shall prevent of course for the reforms. Most desperate associations understand still.                    | Men                                                | shirts                                             |            8.56 |            6101.76 |     0.5471086323419341
 AAAAAAAAAKEAAAAA | Mostly possible disciplines co                                                                                                                                                                           | Men                                                | shirts                                             |             1.1 |  7273.219999999999 |     0.6521465031272946
 AAAAAAAAAKHCAAAA | Forward pleasant attempts say also st                                                                                                                                                                    | Men                                                | shirts                                             |            0.77 |             229.32 |   0.020561764403819936
 AAAAAAAAALGDAAAA | Unfortunately comfortable talks concentrate unlikely, effective years; completely glorious districts shall say aloud                                                                                     | Men                                                | shirts                                             |            1.56 |               1264 |    0.11333538377127332
 AAAAAAAAALIBAAAA | International films sense for a children. Wide, improved days pay pp.. Sentences would not like political, s                                                                                             | Men                                                | shirts                                             |            4.12 |  9616.970000000001 |     0.8622966658756508
 AAAAAAAAANGDAAAA | Marvellous fingers shall obey again foreign men. Things might match later new ages. Sensible games get. Easily immediate grounds meet particularly political mountains. Foreign tre                      | Men                                                | shirts                                             |            2.47 | 14064.230000000001 |     1.2610560953302656
 AAAAAAAAAOMDAAAA | Modern trials lend more supporters. There practical funds replace very strictly great parents. Days m                                                                                                    | Men                                                | shirts                                             |            4.73 |  744.3399999999999 |    0.06674055344644744
 AAAAAAAAAPJBAAAA | Objects formulate generally feelings. Also cultural books see certainly senior pictures. Real, sad charg                                                                                                 | Men                                                | shirts                                             |            3.98 |            2601.41 |    0.23325300688008554
 AAAAAAAABEPCAAAA | Full, bitter skills link yesterday other, acceptable hours. Good, aware lives shall call therefore extreme                                                                                               | Men                                                | shirts                                             |            2.84 | 11404.619999999999 |     1.0225846396088127
 AAAAAAAABFEAAAAA | Versions would make tight nights; pink minutes adopt complex activities; immediately southern victims free often useful agencies. Different, dangerous millions thi                                      | Men                                                | shirts                                             |            4.26 |           11198.54 |      1.004106668178762
 AAAAAAAABLLCAAAA | Social countri                                                                                                                                                                                           | Men                                                | shirts                                             |            3.64 |            1124.26 |    0.10080572670782575
 AAAAAAAABPGDAAAA | Desperate, popular gifts may win. Practical pp. return                                                                                                                                                   | Men                                                | shirts                                             |            4.34 |            2435.52 |    0.21837863440080033
 AAAAAAAACAODAAAA | Local, major programs see local, hot courses. Southern fingers consider quickly eyes. Attractive, perfect patterns begin broadly presi                                                                   | Men                                                | shirts                                             |            0.91 |            8433.43 |     0.7561756531314633
 AAAAAAAACBJCAAAA | Electric, br                                                                                                                                                                                             | Men                                                | shirts                                             |           15.58 |            2311.61 |    0.20726835955657685
 AAAAAAAACCCCAAAA | Normal, small boys can hold at a tears. Clear, great measures will persuade severe, administrative events. Soft aspects allow any longer. Common, socialist policies can produ                           | Men                                                | shirts                                             |            4.97 |             1612.5 |    0.14458331197086885
 AAAAAAAACCGDAAAA | Possible things might send for a months. Price                                                                                                                                                           | Men                                                | shirts                                             |             0.7 | 15917.220000000001 |     1.4272027193605912
 AAAAAAAACDOAAAAA | Political, early animals cannot fit strong, able substances. Low generations used to deny wrong, experimental proposals. Available facilities stop privatel                                              | Men                                                | shirts                                             |            1.47 |            8549.28 |     0.7665632355760061
 AAAAAAAACEBDAAAA | Normal, ordinary schools may announce then territorial, possible years; as positive levels could not get parts. Basic, new refugees should not trace in the quarters. Close funds could not attempt.     | Men                                                | shirts                                             |            0.98 |            3648.33 |    0.32712411445747597
 AAAAAAAACFADAAAA | Little, model minds gain on a employers. Good, russian                                                                                                                                                   | Men                                                | shirts                                             |           56.63 |             807.36 |    0.07239118310251205
 AAAAAAAACFLCAAAA | Considerable, political cells will open below                                                                                                                                                            | Men                                                | shirts                                             |            1.13 |            9203.88 |     0.8252573354309707
 AAAAAAAACHCAAAAA | Even local policies could lay regulations. Magnificent matters shall secure still social, dar                                                                                                            | Men                                                | shirts                                             |            1.65 |            2735.24 |    0.24525274929314686
 AAAAAAAACIIBAAAA | Actual hours could replace high, direct instructions; particularly false jobs stress later wrong others. Islands may not ge                                                                              | Men                                                | shirts                                             |             3.3 | 2519.4399999999996 |    0.22590324310814622
 AAAAAAAACJBEAAAA | Instead economic bones should not deter almost except a losses. Years work broad times. Small, executive questions might donate years; hard, general figures exchange white, wide s                      | Men                                                | shirts                                             |            4.46 |            4023.42 |    0.36075621026346244
 AAAAAAAACJHCAAAA | Of course main servants keep to                                                                                                                                                                          | Men                                                | shirts                                             |            5.17 |            1066.83 |    0.09565631919992684
 AAAAAAAACLHCAAAA | Too english problems must prevail in an forms. Old, ordinary sheets can grow then actual, a                                                                                                              | Men                                                | shirts                                             |            9.76 |              874.5 |    0.07841122872466655
 AAAAAAAACLMDAAAA | Dr                                                                                                                                                                                                       | Men                                                | shirts                                             |            7.11 |           15038.23 |     1.3483888989641422
 AAAAAAAACMAAAAAA | Total honour                                                                                                                                                                                             | Men                                                | shirts                                             |            4.13 |            8007.61 |     0.7179948990828212
 AAAAAAAACMNCAAAA | International needs manufacture so. There dramatic complaints may not know so determined orthodox reasons. Short services should not reflect with the ways. Factors order only. Double thin              | Men                                                | shirts                                             |             3.2 |            4650.95 |    0.41702310375870544
 AAAAAAAACNIDAAAA | Chronic couples should                                                                                                                                                                                   | Men                                                | shirts                                             |            0.61 |           12166.28 |     1.0908781747379488
 AAAAAAAADCACAAAA | Premises shall take then largely ultimate cars. Pairs must know well years; cars st                                                                                                                      | Men                                                | shirts                                             |            7.04 |            9923.13 |     0.8897482173751862
 AAAAAAAADCBBAAAA | Key females could clear further dry, male results. Kindly concerned years could apply then like a securities. Easy words should join just small,                                                         | Men                                                | shirts                                             |            0.41 |            3651.84 |     0.3274388353412079
 AAAAAAAADCPCAAAA | External, domestic interests come capable centres. Real, rare exchanges should not appear o                                                                                                              | Men                                                | shirts                                             |             1.8 |           13510.01 |     1.2113624747656173
 AAAAAAAADHFBAAAA | Enormous things ought to fill this poor activities. Particularly likely circumstances manage never; practical in                                                                                         | Men                                                | shirts                                             |            5.82 |           12761.79 |     1.1442740247297454
 AAAAAAAADHKCAAAA | Areas find simply clever programmes. Indian gentlemen arrive in addition;                                                                                                                                | Men                                                | shirts                                             |            0.87 |             1957.9 |    0.17555328155520256
 AAAAAAAADIOAAAAA | Considerable, local winds cannot wish. Blue users should not appreciate all local, large animals. Ways know sometimes goals                                                                              | Men                                                | shirts                                             |            4.26 |            8286.92 |     0.7430389703179117
 AAAAAAAADKDAAAAA | Other, compl                                                                                                                                                                                             | Men                                                | shirts                                             |            3.51 |            2296.91 |    0.20595029773581916
 AAAAAAAADMCCAAAA | Musical travellers exert eyes. Little, other hours understand e                                                                                                                                          | Men                                                | shirts                                             |            3.37 | 12619.289999999999 |     1.1314968948346453
 AAAAAAAADMJBAAAA | Windows will not hold to the reserves. Ashamed members would argue available, complete years. Individuals must not bother more than later important tre                                                  | Men                                                | shirts                                             |             3.9 |            2471.19 |     0.2215769517577001
 AAAAAAAADNIBAAAA | Only foreign vegetables must encourage abs                                                                                                                                                               | Men                                                | shirts                                             |            5.24 | 10732.420000000002 |     0.9623124521317163
 AAAAAAAAECJCAAAA | Ever grand matters achieve either constant, tough buses; villages resign proper descriptions. Nuclear fathers                                                                                            | Men                                                | shirts                                             |             6.7 |            6440.37 |      0.577469782894775
 AAAAAAAAEDBCAAAA | Probably theoretical outcomes could make now normal shy figures. Historical, social pupils build even theories. Economic, direct police should fall later so brown p                                     | Men                                                | shirts                                             |            6.43 |            5180.17 |      0.464475122587371
 AAAAAAAAEFACAAAA | Reduced, other homes might require again women. Political, continued things would                                                                                                                        | Men                                                | shirts                                             |            5.44 |           15869.52 |     1.4229257432483366
 AAAAAAAAEGIBAAAA | Naked, level issues shall remain still. Nations instil psychiatric, able lines. Yet defensive commentators go previously. Partially great aims must m                                                    | Men                                                | shirts                                             |               2 |  6542.719999999999 |      0.586646900401887
 AAAAAAAAEIBBAAAA | Inappropriate trees worry very papers. Dead songs return large officials. Fields inform as a tee                                                                                                         | Men                                                | shirts                                             |            7.46 | 14165.710000000001 |     1.2701552050969653
 AAAAAAAAEIDEAAAA | Ill crucial papers get at last. Managers should gain currently. Practical, grand services shout at a trees. Months enjoy voluntarily able, broken years. Possibly important days used to use ready       | Men                                                | shirts                                             |            7.65 |            1104.06 |    0.09899451250515191
 AAAAAAAAEJNCAAAA | Workers ought to care as well affairs. Friends might know ago. So unexpected lips used to contest a little                                                                                               | Men                                                | shirts                                             |           87.75 |            8197.91 |     0.7350579714971197
 AAAAAAAAEJPAAAAA | Grand, other brothers should think even. Products believe more fina                                                                                                                                      | Men                                                | shirts                                             |             4.3 |            2510.58 |    0.22510881945291406
 AAAAAAAAEKCBAAAA | Political, empirica                                                                                                                                                                                      | Men                                                | shirts                                             |             7.7 |            2868.64 |     0.2572139361563493
 AAAAAAAAEKIAAAAA | Likely eyes find; arts shall transfer probably in a patterns.                                                                                                                                            | Men                                                | shirts                                             |            0.09 | 11224.960000000001 |     1.0064755928933482
 AAAAAAAAEKLDAAAA | Most possible videos will try very. Following                                                                                                                                                            | Men                                                | shirts                                             |            8.39 |            8961.65 |     0.8035380078906895
 AAAAAAAAELHBAAAA | Wonderfully new forests must break into a markets. Regions repeat traditional servants. Effective feet reduce long. Machines used to accept for a mana                                                   | Men                                                | shirts                                             |            6.43 | 7434.0199999999995 |      0.666564485493134
 AAAAAAAAELIDAAAA | Regional, small circumstances could prefer. Courses break. Studies could not get girls. Ever available po                                                                                                | Men                                                | shirts                                             |            1.34 |  6001.650000000001 |      0.538132362350366
 AAAAAAAAENHBAAAA | Front functions remember interesting, na                                                                                                                                                                 | Men                                                | shirts                                             |            4.01 |            5064.77 |      0.454127888974076
 AAAAAAAAFAIDAAAA | Over there consistent examples must not build then. Small applications shall find requirements. Very previous ambitions meet as old characteristics. Even great kinds may help always left obvious y     | Men                                                | shirts                                             |            9.59 |            4582.89 |    0.41092056719266684
 AAAAAAAAFBDBAAAA | Away continuous stores shall not become however details. Minutes take very to a companies. Fresh, safe characters protect as more human kinds. Clear, economic acts test about in the clients. Proc      | Men                                                | shirts                                             |            6.85 | 10171.599999999999 |     0.9120270487087687
 AAAAAAAAFBDEAAAA | Slowly recent lovers win central, precise centres. Corporate, fine cars might go things. Important, equal a                                                                                              | Men                                                | shirts                                             |            3.54 |            9573.79 |     0.8584249713572618
 AAAAAAAAFLDDAAAA | Formal eggs should repla                                                                                                                                                                                 | Men                                                | shirts                                             |             3.4 |            2526.72 |    0.22655599753366432
 AAAAAAAAGAAEAAAA | Likely boys used to deal ashamed programs. More significant weeks cannot emulate well lines. Ordinary groups                                                                                             | Men                                                | shirts                                             |            2.17 |            3863.32 |    0.34640099274623076
 AAAAAAAAGAFCAAAA | Daily, criminal hands could not paint somewhat with a ships. Over numerous prices used to differentiate similar, early applications. Applications prove remote, annual bars. Difficulties will addr      | Men                                                | shirts                                             |            1.35 |              20.44 |   0.001832733579339262
 AAAAAAAAGAKAAAAA | Particular changes can see enough new, inadequate attempts. Still other cells might deteriorate annual mountains. Impossible, left residents move both to a others; nati                                 | Men                                                | shirts                                             |            4.41 |             4448.4 |     0.3988616464937755
 AAAAAAAAGDNDAAAA | Customers ought to claim mental, emotional classes. Nearby years cut really invisible sections. Later direct situations change best upon a miles. Redundant years will not find brit                     | Men                                                | shirts                                             |            0.99 |  6104.740000000001 |     0.5473758312688634
 AAAAAAAAGEMAAAAA | Agricultural children shall elaborate we                                                                                                                                                                 | Men                                                | shirts                                             |            3.27 | 2346.6299999999997 |    0.21040839526834104
 AAAAAAAAGHGBAAAA | Barriers may want. Totally white women prevent specially instead official patients. Only important figures cover by the groups; politica                                                                 | Men                                                | shirts                                             |            2.62 |            1922.55 |    0.17238365670052336
 AAAAAAAAGHMBAAAA | Various, ambitious conditions can sell just                                                                                                                                                              | Men                                                | shirts                                             |           46.31 |            3812.32 |     0.3418281252048265
 AAAAAAAAGIKCAAAA | Here natural activities go relative, recent tasks; reasonably short-term legs would not issue especially attractive free w                                                                               | Men                                                | shirts                                             |            0.42 |            6633.99 |      0.594830540019612
 AAAAAAAAGLDDAAAA | New dreams will not                                                                                                                                                                                      | Men                                                | shirts                                             |            3.16 |           21028.96 |      1.885542129676231
 AAAAAAAAGLGCAAAA | Legs could retrieve in short military managers. Old, bus                                                                                                                                                 | Men                                                | shirts                                             |            4.31 |             8806.4 |     0.7896176611102385
 AAAAAAAAGNIBAAAA | Yellow days will compete highly shares; black methods ought to see public, historical services. Again welsh layer                                                                                        | Men                                                | shirts                                             |            2.21 |            3556.49 |     0.3188893663201708
 AAAAAAAAGNNCAAAA | Ge                                                                                                                                                                                                       | Men                                                | shirts                                             |            8.75 |            2815.58 |    0.25245636063190013
 AAAAAAAAGOBCAAAA | Crops may not return quite young, difficult requests; systems must bring again specific, constant conditions. Aloft foreign things should not feel thus.                                                 | Men                                                | shirts                                             |            2.01 | 12150.419999999998 |     1.0894561025966412
 AAAAAAAAGPFCAAAA | Helplessly official cards want quite during a children. Directly relevant buses can accept to a relationships. Key ite                                                                                   | Men                                                | shirts                                             |            4.86 | 11230.150000000001 |     1.0069409494137385
 AAAAAAAAGPIDAAAA | Interests go stiffly ago useful authorities. Big, technical contributions go western, financial members. Aspects can retrieve therefore special men; fields take today bi                                | Men                                                | shirts                                             |            7.47 |            7858.61 |     0.7046349527363657
 AAAAAAAAHCCCAAAA | Particular, sad projects deliver still bad readers; later                                                                                                                                                | Men                                                | shirts                                             |            7.17 | 7536.3099999999995 |     0.6757362231560798
 AAAAAAAAHDECAAAA | Essential women shall not keep small, small managers. Strong police blow largely general, silent subjects. Surprised, acceptable operations may take uniquely in a months; main, emotional miners cou    | Men                                                | shirts                                             |            5.44 |            2091.64 |    0.18754495420201434
 AAAAAAAAHGGDAAAA | Linguistic, white models come more elections. British years shall find. Within sharp members should remove more owing to the wages. For example main poles understand never british grounds. Originally  | Men                                                | shirts                                             |               1 |  590.6800000000001 |   0.052962772536404856
 AAAAAAAAHGNCAAAA | Stations can reflect now free provisions; ethnic hands go for example mostly local names. Sequences give as a reasons; almost high years detect beforehand. Free, responsible households will            | Men                                                | shirts                                             |            5.81 |            1509.12 |     0.1353138404722342
 AAAAAAAAHJNCAAAA | Shops might matter perhaps again various lives; various doors would cry                                                                                                                                  | Men                                                | shirts                                             |            5.21 |            4745.74 |    0.42552236090085654
 AAAAAAAAHKLAAAAA | Irish, immediate modes might not try only activities. Crowds should keep more efforts. Clearly recent children get as foreign books. Members should talk. All steep i                                    | Men                                                | shirts                                             |           80.38 |  7000.589999999999 |     0.6277013878760587
 AAAAAAAAHODEAAAA | Significant, sufficient hours could sleep s                                                                                                                                                              | Men                                                | shirts                                             |             1.9 |            1992.93 |     0.1786942139076612
 AAAAAAAAIAFAAAAA | En                                                                                                                                                                                                       | Men                                                | shirts                                             |             1.2 |  9423.130000000001 |     0.8449161826555371
 AAAAAAAAIDBBAAAA | Parents introduce at least in a authorities. Ideal, current foods return always glad, royal folk. Mysterious reports get sooner h                                                                        | Men                                                | shirts                                             |           54.95 |             411.99 |   0.036940699968296596
 AAAAAAAAIDDCAAAA | Free customers may appear under including a sites. Members should like. Weeks get also. Typically temporary ministers fight even                                                                         | Men                                                | shirts                                             |           97.92 |             120.25 |   0.010782104350075646
 AAAAAAAAIJPAAAAA | English crops promote further for a patients. Too long machines might tend obviously wooden likely sentences. Political peasan                                                                           | Men                                                | shirts                                             |            7.09 |            2723.97 |    0.24424223523056598
 AAAAAAAAIKEEAAAA | Bad, personal text                                                                                                                                                                                       | Men                                                | shirts                                             |           32.51 |             8576.8 |     0.7690307907669754
 AAAAAAAAIKMCAAAA | Swiss, new centres shall                                                                                                                                                                                 | Men                                                | shirts                                             |           58.94 |               5526 |     0.4954836477215636
 AAAAAAAAILCBAAAA | Open fans might feel as well small proceedings. Cameras used to help international, young colleges; recent, potential stocks know as users. Given, african bodies shall enjoy away brillia               | Men                                                | shirts                                             |           84.88 |             575.95 |    0.05164202079356399
 AAAAAAAAIMBEAAAA | Only emissions hear heavily doubtful, long beans. Only good men threaten in a seconds. Earlier basic goods reply in particular o                                                                         | Men                                                | shirts                                             |            7.23 |              69.36 |   0.006219099856309745
 AAAAAAAAIMCDAAAA | Everyday, main effects may comment. Old, available ideas could drink hardly. Relevant resources roam very unique effects. Charming, proposed others help very white pupils. Partners shall look yea      | Men                                                | shirts                                             |            3.67 |            5058.44 |    0.45356031541452513
 AAAAAAAAIMFDAAAA | Simple, human times offer years. Valuable, able horses see home private, representative relations. Very masters must not say; special, structural items t                                                | Men                                                | shirts                                             |            2.28 |            1146.66 |    0.10281420186326605
 AAAAAAAAIPBCAAAA | Anyway blind changes shall tell almost in a relations. Different, happy others give just on                                                                                                              | Men                                                | shirts                                             |           28.92 |            6221.06 |     0.5578055558260424
 AAAAAAAAJBFEAAAA | Windows lower little less musical guards. Typical, pretty places should see thickly themes. At all standar                                                                                               | Men                                                | shirts                                             |            0.91 |  6891.629999999999 |     0.6179315908699528
 AAAAAAAAJBJDAAAA | Only successful organisations interview very complete, urgent actors. Libraries help plans. United, comfortable babies could not cause already                                                           | Men                                                | shirts                                             |            3.36 | 1281.8899999999999 |    0.11493947397354236
 AAAAAAAAJEDAAAAA | Sufficient varieties shall not sort cheerfully able magistrates. Per capita previous magistrates may not go products. Tons must encounte                                                                 | Men                                                | shirts                                             |            5.23 |               1695 |    0.15198059769961098
 AAAAAAAAJEGAAAAA | Early years tell probably total victims. Badly additional consumers name either suitable police. Yet politic                                                                                             | Men                                                | shirts                                             |            2.83 |             460.37 |    0.04127864764776986
 AAAAAAAAJGNDAAAA | Certainly new police used to sit initial,                                                                                                                                                                | Men                                                | shirts                                             |            1.27 |              35.88 |   0.003217146811482031
 AAAAAAAAJOCAAAAA | Si                                                                                                                                                                                                       | Men                                                | shirts                                             |            1.22 |           10370.57 |      0.929867508605106
 AAAAAAAAKADEAAAA | Parts can discover to the agreements. Public minutes lead considerably about a edges. Wrong allowances can attend little. New organizations replace however instances. Rapid, ltd. te                    | Men                                                | shirts                                             |            2.91 |              906.8 |     0.0813073781675559
 AAAAAAAAKCABAAAA | Shareholders want good arrangements. Now female products might not look                                                                                                                                  | Men                                                | shirts                                             |            6.26 |             565.16 |    0.05067454548431395
 AAAAAAAAKCGEAAAA | At a                                                                                                                                                                                                     | Men                                                | shirts                                             |            1.03 |           11198.47 |     1.0041003916939013
 AAAAAAAAKCKDAAAA | Independent, free varieties may laugh alone too open years. Even common payments shoul                                                                                                                   | Men                                                | shirts                                             |            3.51 |  6012.360000000001 |     0.5390926645340608
 AAAAAAAAKDBAAAAA | Poor, alternative lines expel eventually new rewards; now new services pick for example soli                                                                                                             | Men                                                | shirts                                             |            2.81 | 10703.880000000001 |     0.9597534395899185
 AAAAAAAAKFBBAAAA | Armed sciences may listen in a causes. Only sophisticated men forget afterwards. Sentences raise etc really personal recommendations. Future places admit tonight mental years. Standards go friend      | Men                                                | shirts                                             |            4.39 |           12416.58 |     1.1133210913186051
 AAAAAAAAKFDBAAAA | Numerous classes will enable politely suddenly formal products. Black, male police shou                                                                                                                  | Men                                                | shirts                                             |            6.44 | 117.77000000000001 |   0.010559737457866187
 AAAAAAAAKFEEAAAA | Coldly working winners pick social,                                                                                                                                                                      | Men                                                | shirts                                             |           34.09 |            1163.72 |    0.10434387088790047
 AAAAAAAAKFPBAAAA | No doubt real charges refuse more possible goods. Joint teachers ought to remove very. As hot instructions need bills. Unable, red systems might                                                         | Men                                                | shirts                                             |            4.85 |             5453.6 |     0.4889919690941584
 AAAAAAAAKGLBAAAA | Mostly delicate errors reach more to a initiative                                                                                                                                                        | Men                                                | shirts                                             |            4.62 | 12041.529999999999 |     1.0796925820753962
 AAAAAAAAKIBAAAAA | Directly afraid newspapers believe. Long human organizations introduce yesterday capital populations. Available pensions will cost only now tiny objectives. Famous, other things place major l          | Men                                                | shirts                                             |            5.06 | 10303.569999999998 |     0.9238600159526728
 AAAAAAAAKINBAAAA | Unaware humans say in a clothes. Good sales must not expect safe, local programs; loans meet to a p                                                                                                      | Men                                                | shirts                                             |            4.02 |            25185.4 |      2.258225454456509
 AAAAAAAAKKCEAAAA | Top dealers quote women. New, young vehicles accept                                                                                                                                                      | Men                                                | shirts                                             |             8.2 |           10024.06 |     0.8987980119036947
 AAAAAAAAKLJCAAAA | Museums ought to like without a arts. Standard, individual vessels might get. Always                                                                                                                     | Men                                                | shirts                                             |            5.93 |             607.25 |    0.05444850616701402
 AAAAAAAAKOAEAAAA | Great funds play american, safe camps. Reasons like increased, obvious factors. Of course big patients tear almost able visitors. Immedia                                                                | Men                                                | shirts                                             |            0.26 |            2920.86 |     0.2618961938624695
 AAAAAAAAKOCDAAAA | Over small years advise too operations. Old, flexible problems should not act markets. Free parties used to promote largely. Clean candidates sit badly rivals. Stiff old years kill still worthy        | Men                                                | shirts                                             |            0.48 | 2780.5299999999997 |     0.2493136349980527
 AAAAAAAALEJBAAAA | Future, working g                                                                                                                                                                                        | Men                                                | shirts                                             |            1.09 |           11330.84 |     1.0159692245655811
 AAAAAAAALEKDAAAA | Months could rip educational subjects. Leading, psycho                                                                                                                                                   | Men                                                | shirts                                             |            2.07 |            3650.02 |     0.3272756467348284
 AAAAAAAALENAAAAA | Additional, novel investments see mostly great, slow dishes. Occasions might not notice also national photographs. Components cannot record                                                              | Men                                                | shirts                                             |            9.87 |            1300.65 |    0.11662157191622363
 AAAAAAAALFADAAAA | Priests shall keep a                                                                                                                                                                                     | Men                                                | shirts                                             |            8.39 | 11873.819999999998 |     1.0646550209897312
 AAAAAAAALFCBAAAA | New, local pupils shall no                                                                                                                                                                               | Men                                                | shirts                                             |            9.64 |            6948.23 |     0.6230065772002171
 AAAAAAAALGIDAAAA | Absolute consequences could find still strategic times. Annual, full years should not take red, old respondents; different cars should frustrat                                                          | Men                                                | shirts                                             |            3.29 |             859.08 |    0.07702860877391257
 AAAAAAAALHDBAAAA | High, likely women would not highlight well. Otherwise united possibilities may shut tired regions. Likely, obvious patients shall determine then estates. Re                                            | Men                                                | shirts                                             |            4.25 |            3925.95 |      0.352016653415214
 AAAAAAAALKPBAAAA | Real, fine years notice always national circles. Long-term ideas raise neither victorian matters. Small numbers climb below finally national m                                                           | Men                                                | shirts                                             |            4.03 |            4159.64 |     0.3729702498024837
 AAAAAAAALNGBAAAA | Far ready beds learn years. Full, royal levels go however to a respondents. Effective, good structures get big, collective terms. Constant words may start soon y                                        | Men                                                | shirts                                             |            5.79 |            4985.17 |     0.4469906290467078
 AAAAAAAAMABEAAAA | Implications should not attempt certainly to the workers                                                                                                                                                 | Men                                                | shirts                                             |            6.48 |            3539.64 |     0.3173785267501186
 AAAAAAAAMAFCAAAA | Harder long fields see no longer academic dogs. Openly able activities must not allow hard complete, good horses. By no means open findings used to capture deeply; also                                 | Men                                                | shirts                                             |            0.98 |            2892.98 |     0.2593963596065018
 AAAAAAAAMBKDAAAA | Necessary, developing pa                                                                                                                                                                                 | Men                                                | shirts                                             |            7.83 |            7630.48 |     0.6841798885751785
 AAAAAAAAMCDCAAAA | Simple numbers win from the jobs. Doubts include working firms. Others stay neither local colours                                                                                                        | Men                                                | shirts                                             |            0.18 |            2065.84 |    0.18523162121048045
 AAAAAAAAMCFBAAAA | Potential, concern                                                                                                                                                                                       | Men                                                | shirts                                             |            0.59 |           18840.75 |     1.6893383162884634
 AAAAAAAAMCMDAAAA | National, wrong procedures shall not stop rules. Able proposals could not take both political customs. English teeth must not choose                                                                     | Men                                                | shirts                                             |            0.63 |           15378.76 |     1.3789222045303065
 AAAAAAAAMDBDAAAA | Usually personal managers focus then alone, relevant categories. Continued, other figures could                                                                                                          | Men                                                | shirts                                             |           54.52 |            1794.52 |    0.16090396589020997
 AAAAAAAAMFADAAAA | Entirely modern attitudes know low in general responsible trends. Central, grey lands used to ensure allegations. Social, bad applications should return also to                                         | Men                                                | shirts                                             |            2.81 |             6127.6 |     0.5494255518962455
 AAAAAAAAMHHAAAAA | Political, white customers turn. Values shake rather more powerful studies. British, yellow feelings inspire very inside a types. Too structural tools overcome at least f                               | Men                                                | shirts                                             |            5.38 |            8523.71 |      0.764270525320443
 AAAAAAAAMJIDAAAA | Birds could argue present                                                                                                                                                                                | Men                                                | shirts                                             |            4.78 |               6.48 |  0.0005810231699666544
 AAAAAAAAMKDDAAAA | Simple weeks meet friends. Reserves deserve today likely advantages.                                                                                                                                     | Men                                                | shirts                                             |            9.13 | 334.84000000000003 |   0.030023117011054715
 AAAAAAAAMLFDAAAA | Useful, light machines may describe with a drivers. Central ministers shall not see sep                                                                                                                  | Men                                                | shirts                                             |            3.44 |             6703.6 |     0.6010720558932815
 AAAAAAAAMLGAAAAA | Able rights return purposes. Here different legs visit there girls. Specified, complete bodies account banks;                                                                                            | Men                                                | shirts                                             |            8.94 |            6709.41 |     0.6015930041367239
 AAAAAAAAMNCEAAAA | Bad bits a                                                                                                                                                                                               | Men                                                | shirts                                             |            4.76 |            5733.46 |     0.5140853555674405
 AAAAAAAAMOKBAAAA | Increased years might not select straight; rumours want rather; live parties fill                                                                                                                        | Men                                                | shirts                                             |            4.58 |            2618.98 |    0.23482840458013401
 AAAAAAAAMPCAAAAA | Programmes shall not relax indeed familiar services; national, ordinary pupils could not feel tight han                                                                                                  | Men                                                | shirts                                             |            0.51 |            3403.15 |    0.30514027791234877
 AAAAAAAAMPDCAAAA | American conditions change seriously. Thereby main armies talk profits. Groups w                                                                                                                         | Men                                                | shirts                                             |            2.25 |             2798.4 |    0.25091593191893297
 AAAAAAAAMPGCAAAA | Children should establish                                                                                                                                                                                | Men                                                | shirts                                             |            8.21 |            25280.2 |     2.2667256082393545
 AAAAAAAAMPKDAAAA | Occupational, future changes may not show in a months. Silly men tell then dead hands. However o                                                                                                         | Men                                                | shirts                                             |            3.26 |            4096.08 |    0.36727120154892184
 AAAAAAAANBDCAAAA | Pos                                                                                                                                                                                                      | Men                                                | shirts                                             |            1.86 | 1276.3700000000001 |    0.11444452831023746
 AAAAAAAANDMDAAAA | More red types pass. Only streets avoid now economic miles. Institutions lose mutually to a police                                                                                                       | Men                                                | shirts                                             |            3.09 |            3452.51 |    0.30956609637987254
 AAAAAAAANGFBAAAA | Sides shall enter well. Public pressures ought to grow vastly runnin                                                                                                                                     | Men                                                | shirts                                             |            1.37 |            1712.46 |    0.15354613235202114
 AAAAAAAANIFCAAAA | Goods help slightly; degrees will hope much. Socially darling conservatives could look just once central studies. Colours get wet, local tons. New, running re                                           | Men                                                | shirts                                             |            9.15 |            9717.34 |      0.871296248525273
 AAAAAAAANIKDAAAA | About fresh reduc                                                                                                                                                                                        | Men                                                | shirts                                             |            6.06 |           12998.45 |     1.1654939234032498
 AAAAAAAANILCAAAA | Areas should cast even alone major students. Senior hundreds give above between the organisations. Plates may become voters; even splendid months c                                                      | Men                                                | shirts                                             |            1.48 |            15111.8 |     1.3549854845527913
 AAAAAAAANJDDAAAA | Continuous, english experiences replace arguably new connections. Local, impossible shops must get typically so small t                                                                                  | Men                                                | shirts                                             |            5.67 |            1134.32 |     0.1017077472463851
 AAAAAAAANJFEAAAA | Charming sides back. Able creditors come always cells. Major, unpleasant needs can forget                                                                                                                | Men                                                | shirts                                             |             3.6 |            9106.03 |     0.8164837062363356
 AAAAAAAANMPDAAAA | Simple assumptions put average, american shops. Wholly cultural metres end only over the patterns. Previous consequences                                                                                 | Men                                                | shirts                                             |            3.02 | 4013.9900000000002 |    0.35991067808864985
 AAAAAAAANODBAAAA | Much fundamental forces might imagine rather servants. Medium, other groups may carry minutes. Problems defend nearly.                                                                                   | Men                                                | shirts                                             |            4.52 |            8967.47 |     0.8040598527748262
 AAAAAAAAOAFDAAAA | Both violent features will not understand then total general teams.                                                                                                                                      | Men                                                | shirts                                             |            0.59 |            1151.92 |    0.10328583486851675
 AAAAAAAAOBLAAAAA | Newly residential fans comply other arms. Various schools prevent very. Most sure agreements cannot                                                                                                      | Men                                                | shirts                                             |            0.44 |            1738.35 |    0.15586753510980458
 AAAAAAAAOCNDAAAA | Thus major complaints call there in an cells. Regular angles                                                                                                                                             | Men                                                | shirts                                             |            8.18 |            1899.34 |    0.17030255364883726
 AAAAAAAAODFAAAAA | Minor skills should see distinct, soviet numbers; always major results receive often flex                                                                                                                | Men                                                | shirts                                             |            1.24 |               1.08 |   9.68371949944424e-05
 AAAAAAAAODFDAAAA | National, alone attitudes would realise. Careful, invisible moments shall not reflect windows. Grimly guilty levels must know slightly exact thousands. Known, important actions absorb instead          | Men                                                | shirts                                             |            4.81 | 11228.619999999999 |      1.006803763387496
 AAAAAAAAOFFCAAAA | Major remarks should say like a efforts; years regain now national needs. Satisfactory, flexible flats approach perhaps as for t                                                                         | Men                                                | shirts                                             |            9.24 |            5259.07 |     0.4715496176661316
 AAAAAAAAOGDAAAAA | Close words should not help annually intense copies. Past individuals avoid games. Prices ought to allow even for a tons. Under lik                                                                      | Men                                                | shirts                                             |            8.75 |             1424.8 |    0.12775336613711252
 AAAAAAAAOGEBAAAA | Classical muscles represent                                                                                                                                                                              | Men                                                | shirts                                             |            1.33 |            3258.29 |    0.29215154081337197
 AAAAAAAAOIABAAAA | Isolated railways may meet only plants. Animals stimulate cases. Dangerous sons play thus; things would like here too                                                                                    | Men                                                | shirts                                             |            1.75 |            6867.16 |     0.6157375110907732
 AAAAAAAAOJGCAAAA | Unable proposals close never following citizens. Program                                                                                                                                                 | Men                                                | shirts                                             |            6.15 |            9833.64 |     0.8817241798010634
 AAAAAAAAOKNDAAAA | Almost                                                                                                                                                                                                   | Men                                                | shirts                                             |            2.68 |            22769.8 |     2.0416329283189394
 AAAAAAAAOMADAAAA | Birds involve now french words. Senses follow as formal needs. Just successful magistrates look often political, heavy col                                                                               | Men                                                | shirts                                             |             1.3 |            5356.74 |     0.4803071073282679
 AAAAAAAAOMPDAAAA | As usual important minutes fear                                                                                                                                                                          | Men                                                | shirts                                             |            93.6 |           15100.61 |     1.3539821436157655
 AAAAAAAAONNDAAAA | Workers see ancient operations. Legal, other actions may not agree only images. Applications make strongly. Necessary                                                                                    | Men                                                | shirts                                             |            4.12 |            6118.99 |     0.5486535442583732
 AAAAAAAAOOIBAAAA | Even persistent boots become st                                                                                                                                                                          | Men                                                | shirts                                             |            6.62 |            4807.93 |    0.43109856937928653
 AAAAAAAAPDBDAAAA | Literary, marvellous hours get with the reforms. Inc others might matter still tiles. Hands would not try usually                                                                                        | Men                                                | shirts                                             |            0.93 | 1004.8499999999999 |     0.0900989401760791
 AAAAAAAAPEFBAAAA | Factors could not blame in a children; years must think. Parts constitute under; large terms must avoid big, polish deg                                                                                  | Men                                                | shirts                                             |           82.08 |           18287.62 |     1.6397424295595042
 AAAAAAAAPIIAAAAA | Classes look much public, vast rates.                                                                                                                                                                    | Men                                                | shirts                                             |            4.93 |            3965.94 |    0.35560231955209154
 AAAAAAAAPJEAAAAA | Young criteria join including a things. Too lovely visitors get sufficient, local notions. Quiet experiences offer looks. Emotions continue fast previous companies. Existing, relevant neighbours wo    | Men                                                | shirts                                             |            33.2 |            11699.5 |      1.049024780405073
 AAAAAAAAPLLAAAAA | Much thinking managers mean also. Costs back then children. Intense women would make fully months. Children should hide often senior levels. Englis                                                      | Men                                                | shirts                                             |            3.24 |             414.09 |    0.03712899451411912
 AAAAAAAAPMNDAAAA | Times preserve often economic objectiv                                                                                                                                                                   | Men                                                | shirts                                             |             6.2 |           10333.19 |      0.926515865689465
 AAAAAAAAPNGAAAAA | Attitudes achi                                                                                                                                                                                           | Men                                                | shirts                                             |            3.49 |            9314.01 |     0.8351320393983208
 AAAAAAAAPNMDAAAA | Simple, high animals must come similarly high whee                                                                                                                                                       | Men                                                | shirts                                             |            47.8 |             4890.7 |    0.43852006440677727
 AAAAAAAAAAIAAAAA | Efficient, certain years bring hardly. Months might clarify ago dif                                                                                                                                      | Men                                                | sports-apparel                                     |            2.91 |            2104.32 |    0.18635351237919132
 AAAAAAAAABKCAAAA | Even required cigarettes pay well terms; countries may find so. Claims will not pay. Black manufacturers discern from a horses. Significant children shall go public, ef                                 | Men                                                | sports-apparel                                     |            6.56 |           10598.74 |     0.9385988945568307
 AAAAAAAAACECAAAA | Future others can march again available questions. Explanations use far early, necessary visitors; tears shall rem                                                                                       | Men                                                | sports-apparel                                     |            4.96 | 16095.529999999999 |     1.4253813816837007
 AAAAAAAAACGDAAAA | Goals would repor                                                                                                                                                                                        | Men                                                | sports-apparel                                     |            3.61 |           12892.49 |      1.141727871622947
 AAAAAAAAACMCAAAA | Ready terms might act soon assets. Cats must not ensure specialists. Bloody small words may not hear s                                                                                                   | Men                                                | sports-apparel                                     |             1.8 |            4149.95 |     0.3675095796732555
 AAAAAAAAADEDAAAA | Policies may participate fortunately different, delicious kings. Military markets introduce obviously for a benefits. Really international doubts will not meet highly bec                               | Men                                                | sports-apparel                                     |           37.31 | 504.58000000000004 |   0.044684389862897446
 AAAAAAAAAEGAAAAA | Familiar members win wings                                                                                                                                                                               | Men                                                | sports-apparel                                     |            6.28 |             219.28 |   0.019418908813540272
 AAAAAAAAAFPCAAAA | Strong eyes sit to a plans. Specific surveys make only. British, firm                                                                                                                                    | Men                                                | sports-apparel                                     |            3.64 | 3039.7799999999997 |      0.269195597561216
 AAAAAAAAAGPBAAAA | Usually good requirements should know finally. Very early activities may raise in short with the courses. Previously short results could join. Blac                                                      | Men                                                | sports-apparel                                     |            1.53 |           20628.32 |     1.8267943499476882
 AAAAAAAAAHFEAAAA | Sure years ought to make active businesses. Foreign, electric days think philosophical stars. Officers could detect. Expensive, social differences could not display in th                               | Men                                                | sports-apparel                                     |            6.18 |            6734.65 |      0.596404388184554
 AAAAAAAAAIADAAAA | Left, public hours go then powerful buildings. Me                                                                                                                                                        | Men                                                | sports-apparel                                     |            4.65 |             628.64 |    0.05567084474892355
 AAAAAAAAAIIAAAAA | Principal, national adults could like forces. New conditions would disclose royal practices. Very assu                                                                                                   | Men                                                | sports-apparel                                     |            2.78 |            3390.45 |    0.30025008841147216
 AAAAAAAAAINBAAAA | Ancient, e                                                                                                                                                                                               | Men                                                | sports-apparel                                     |           36.34 |            3057.49 |    0.27076395251874885
 AAAAAAAAAKDAAAAA | Trends should not modify now with a systems. St                                                                                                                                                          | Men                                                | sports-apparel                                     |            0.09 |            8010.56 |     0.7093959056247409
 AAAAAAAAAMEEAAAA | Movements look aside with a muscles; similar,                                                                                                                                                            | Men                                                | sports-apparel                                     |           44.37 |            5190.67 |     0.4596732370082957
 AAAAAAAAAMLDAAAA | Proceedings might not make later new                                                                                                                                                                     | Men                                                | sports-apparel                                     |            8.69 |            12207.3 |     1.0810490950361646
 AAAAAAAABAGDAAAA | Concessions think participants. Lives shall resist technical, main points. Interes                                                                                                                       | Men                                                | sports-apparel                                     |            1.82 |           10966.27 |     0.9711464664112655
 AAAAAAAABAJDAAAA | Small goods question respectively attractive areas. Global, japanese cases prove currently personal thousands.                                                                                           | Men                                                | sports-apparel                                     |            2.09 |            1929.44 |    0.17086656065850578
 AAAAAAAABFBAAAAA | Cases might cause. Lengths would not fill no                                                                                                                                                             | Men                                                | sports-apparel                                     |             8.7 | 1927.3799999999999 |    0.17068413201861204
 AAAAAAAABMJDAAAA | Wide organic calculations could not th                                                                                                                                                                   | Men                                                | sports-apparel                                     |            5.02 |  5736.299999999999 |     0.5079929160302401
 AAAAAAAABMNCAAAA | Home current problems tell probably certain humans; pink figures                                                                                                                                         | Men                                                | sports-apparel                                     |            2.71 |            9073.57 |     0.8035335116895048
 AAAAAAAABNLDAAAA | Only complex books will contain tory friends. British, fresh deaths could not visit then in a associations. Pupils make really preliminary, foreign thoughts. Good forests shall not an                  | Men                                                | sports-apparel                                     |            5.49 |            6031.34 |     0.5341209480274444
 AAAAAAAABOBAAAAA | Detectives continue briefly full, different ways. Yet jewish talks will see great, full boys. Net criteria will get then large, novel areas. Activities live including                                   | Men                                                | sports-apparel                                     |            3.47 |            9209.62 |     0.8155817721057862
 AAAAAAAABOFCAAAA | Views ship earlier at all p                                                                                                                                                                              | Men                                                | sports-apparel                                     |            2.22 | 1486.1399999999999 |    0.13160898004448532
 AAAAAAAACAOBAAAA | Large, democratic difficulties must set. Authorities persist. Rates seem. Outstanding brothers would bury a little powerful, real words; insufficient differences shall explain once parents. Loca       | Men                                                | sports-apparel                                     |            2.17 |            2727.21 |    0.24151515097307172
 AAAAAAAACBBEAAAA | Fast, supreme relations should watch women. Years can talk more than other police. Workers could bring primary, scottish models. Pounds might accept. Direct, experimental women                         | Men                                                | sports-apparel                                     |            9.29 |             2463.2 |    0.21813506106125682
 AAAAAAAACBMCAAAA | Gold, final persons indicate from a farms; free aspects ought to produce national books. Days may supply. Ava                                                                                            | Men                                                | sports-apparel                                     |            0.16 |             2896.8 |     0.2565336330311176
 AAAAAAAACCJAAAAA | Electric arts would not analyse perhaps by a men. Forward large specimens would know military, new societie                                                                                              | Men                                                | sports-apparel                                     |            4.82 |            8028.17 |     0.7109554048230555
 AAAAAAAACCPBAAAA | Thick possible hours pump even. Wet remarks give perhaps by a colleagues; policies return significant, still links. Gradually                                                                            | Men                                                | sports-apparel                                     |            7.63 |            8793.85 |       0.77876218200452
 AAAAAAAACDFBAAAA | Familiar principles would manipulate now; british, social moves seek clearly ready areas; eve                                                                                                            | Men                                                | sports-apparel                                     |             2.8 |           12245.41 |     1.0844240248741983
 AAAAAAAACEJCAAAA | Wide assets remember thereafter busy, numerous investors. Bc possible days must involve national rooms. General nights live public ambitions. Clubs see politi                                           | Men                                                | sports-apparel                                     |            1.88 |           15272.79 |     1.3525215082923647
 AAAAAAAACGAAAAAA | Teachers cannot come too other ways. Certain cigarettes drink definitely up to a objectives. Ideal, very boots dispose only services. However curious lives go soon professional chairs. Late            | Men                                                | sports-apparel                                     |            2.08 |            9337.07 |     0.8268684372293071
 AAAAAAAACKDEAAAA | Much close feet reach. Happy, national surveys secure better crucial, original rounds; interests need ve                                                                                                 | Men                                                | sports-apparel                                     |             3.3 |  7701.179999999999 |     0.6819979577556551
 AAAAAAAACKNDAAAA | Pounds cannot mean by a conditions. Images should not spend daily slight guests. For example forward glasses will not get probably on the knees. Males freeze instead i                                  | Men                                                | sports-apparel                                     |            0.87 |           17904.94 |      1.585618374552671
 AAAAAAAACLNDAAAA | Clear, able sales deter in a groups. Bodies share long well similar persons. Important, retail others ought to apply main members. Be                                                                    | Men                                                | sports-apparel                                     |             1.7 |            3152.14 |     0.2791459286187196
 AAAAAAAACMGDAAAA | Legal differe                                                                                                                                                                                            | Men                                                | sports-apparel                                     |           97.88 | 2665.6000000000004 |     0.2360591177187749
 AAAAAAAACNEBAAAA | Local millions start other firms; facilities would not find. Women live by now. Empirical owners wait at first stars. Responses ought to see worldwide active, new                                       | Men                                                | sports-apparel                                     |            7.99 | 2107.0699999999997 |    0.18659704575769015
 AAAAAAAACOOBAAAA | Local records used to blame specialist products. Emotional, major surveys link nearly requirements; old sorts may aid. Dimensions show meanwhile then cle                                                | Men                                                | sports-apparel                                     |            1.15 |             460.92 |   0.040817965388256945
 AAAAAAAADBECAAAA | Con                                                                                                                                                                                                      | Men                                                | sports-apparel                                     |            0.83 |  6848.599999999999 |      0.606495525813626
 AAAAAAAADDCCAAAA | E                                                                                                                                                                                                        | Men                                                | sports-apparel                                     |           55.48 |            4628.92 |     0.4099260096003869
 AAAAAAAADGOCAAAA | Short, physical officials run huge contracts. Positive concepts would not search approximately too complicated workers; rational o                                                                       | Men                                                | sports-apparel                                     |            6.32 | 3574.6899999999996 |    0.31656593919497567
 AAAAAAAADHECAAAA | Responsible, final engines take beaches;                                                                                                                                                                 | Men                                                | sports-apparel                                     |            4.95 |              59.34 |  0.0052550075200450555
 AAAAAAAADHNCAAAA | Young, central offenders may fill. All recent seconds could expect blue dogs. Confere                                                                                                                    | Men                                                | sports-apparel                                     |            9.37 | 1442.5300000000002 |    0.12774698344945393
 AAAAAAAADIJCAAAA | Likely surveys like red elements. Estates might wonder in accordance with a men. Pounds maintain spiritual, suitable women. Technologies used to en                                                      | Men                                                | sports-apparel                                     |           56.33 | 12558.789999999999 |     1.1121762031120095
 AAAAAAAADLBBAAAA | Terrible, unlikely uni                                                                                                                                                                                   | Men                                                | sports-apparel                                     |            3.31 |             734.16 |    0.06501544187590627
 AAAAAAAADOFAAAAA | Administrative, huge breasts play just; special, functional trends might not put annually clothes. Sessions apply cities; complete duties take only i                                                    | Men                                                | sports-apparel                                     |            2.46 |            4252.33 |    0.37657610596078855
 AAAAAAAADOIAAAAA | Unknown, royal pages know really. Organisations shall help in a individuals. Children cut citizens. Electric, german f                                                                                   | Men                                                | sports-apparel                                     |            2.21 |           11403.48 |      1.009864731288901
 AAAAAAAAEAPDAAAA | Swiss, used individuals will not seem often natural rows; full, elderly ideas could not learn main horses. Busy, head days kill the                                                                      | Men                                                | sports-apparel                                     |            3.77 | 3285.7799999999997 |    0.29098076523784366
 AAAAAAAAEBECAAAA | New women recognise well largely important charges. Apparently young conditions may not run available, surprising modes. Other hundreds establish needs. Rather basic activities shall servic            | Men                                                | sports-apparel                                     |            7.44 |                  0 |                      0
 AAAAAAAAEEKCAAAA | High men give eventually in a diseases. Times make never international, simple countries. Events know. More simple words cannot stay once again shoes. Naturall                                          | Men                                                | sports-apparel                                     |            3.03 |            1022.38 |    0.09053951109443316
 AAAAAAAAEHFBAAAA | Plan                                                                                                                                                                                                     | Men                                                | sports-apparel                                     |            0.27 | 1636.1599999999999 |    0.14489439002354093
 AAAAAAAAEHGAAAAA | Civil, low shoulders get books; countries might make so only outstanding particles. Big, private coins pull. New fac                                                                                     | Men                                                | sports-apparel                                     |            1.44 |            2262.15 |    0.20033055715318374
 AAAAAAAAEHODAAAA | Particular, free standards move so. Leading, present wages contemplate only in a standards. Enough accessible documents look national eyes.                                                              | Men                                                | sports-apparel                                     |            6.27 | 1020.4399999999999 |    0.09036770936560122
 AAAAAAAAEHPAAAAA | Models go. Certain questions like persons. Things should emerge. Sometimes heavy problems might improve and so on. European legs surprise lovely experiments. All labo                                   | Men                                                | sports-apparel                                     |           82.27 |           11231.74 |     0.9946558504076652
 AAAAAAAAEJJAAAAA | Pale days might think really hard hours. Cheap terms react today married, good museums; important, grey profe                                                                                            | Men                                                | sports-apparel                                     |            5.82 |  6364.530000000001 |     0.5636274521663694
 AAAAAAAAEJPDAAAA | Rules play just influential, foreign horses. Direct, different volumes ex                                                                                                                                | Men                                                | sports-apparel                                     |            4.23 |            9147.07 |     0.8100424947148387
 AAAAAAAAEKACAAAA | Days may not try so to the numbers; serious, insuffi                                                                                                                                                     | Men                                                | sports-apparel                                     |            0.92 |            2217.83 |     0.1964056846677035
 AAAAAAAAELODAAAA | About random sides go flat schools; pleased times can make by a areas. New chemi                                                                                                                         | Men                                                | sports-apparel                                     |            9.72 |               5.59 |  0.0004950369402940994
 AAAAAAAAEMAEAAAA | Comprehensive                                                                                                                                                                                            | Men                                                | sports-apparel                                     |            6.26 |             6459.1 |     0.5720023436589656
 AAAAAAAAEMCCAAAA | Natural committees might not see now worried steps. Therefore normal calculations smile occasionally tools. Just other eyes c                                                                            | Men                                                | sports-apparel                                     |            4.45 |            4649.71 |     0.4117671219418385
 AAAAAAAAEMIBAAAA | Orders should make members; rights bear sharply regularly different years. Old, dangerous speec                                                                                                          | Men                                                | sports-apparel                                     |            2.75 |            4963.17 |    0.43952638478702427
 AAAAAAAAEMMDAAAA | Other results work later other books. Prime, eastern machines shal                                                                                                                                       | Men                                                | sports-apparel                                     |            70.1 |            4645.51 |    0.41139518005467657
 AAAAAAAAEOCAAAAA | Still pregnant decades could rid at a years. Children exercise more heavy route                                                                                                                          | Men                                                | sports-apparel                                     |            1.41 |            8780.32 |     0.7775639977823054
 AAAAAAAAEOFAAAAA | Strange, future flames would mind independent, widespread authorities. Important factors pay nationa                                                                                                     | Men                                                | sports-apparel                                     |            99.5 |            7026.54 |     0.6222534637663867
 AAAAAAAAEOIDAAAA | Then r                                                                                                                                                                                                   | Men                                                | sports-apparel                                     |            3.87 |            5816.18 |     0.5150668964936914
 AAAAAAAAEPADAAAA | Directions could get mostly problems; adequately cold estates ought to die most quietly electronic waves. New, local agencies cannot mean                                                                | Men                                                | sports-apparel                                     |             3.7 |  5923.679999999999 |     0.5245868376531932
 AAAAAAAAEPFBAAAA | Old periods put already steps. Women                                                                                                                                                                     | Men                                                | sports-apparel                                     |            1.57 |            1720.62 |    0.15237396425918306
 AAAAAAAAEPNAAAAA | Most continued answers separate somewhere for the elements. Regularly effective years focus nearer. Engineers might visit heavy, random moves. Gen                                                       | Men                                                | sports-apparel                                     |            0.86 |           16694.56 |     1.4784300361281328
 AAAAAAAAFBEDAAAA | Human, real officers should not join just decisions. Cold, independent countries enjoy later other cours                                                                                                 | Men                                                | sports-apparel                                     |            0.39 | 1781.6699999999998 |    0.15778040526185833
 AAAAAAAAFBHDAAAA | Steps shall know genuinely new, new countries. Elderly, important matches will not miss heavily shops. Economic subjects shall create shops. Ago foreign prices tell in a disputes. There sim            | Men                                                | sports-apparel                                     |             1.7 |            6065.29 |     0.5371274782820032
 AAAAAAAAFBKAAAAA | Essential, big objections ask both there real russians. Previously parliamentary servi                                                                                                                   | Men                                                | sports-apparel                                     |            6.13 |            2729.28 |    0.24169846518888724
 AAAAAAAAFCOBAAAA | Agricultural boys identify most in a parties. New pieces must not place surprising organi                                                                                                                | Men                                                | sports-apparel                                     |            5.08 |              69.54 |   0.006158294960295471
 AAAAAAAAFEEDAAAA | Early minor rights may review finally less victorian games. Interesting, active tears shall blind at a issues. Strange, local institution                                                                | Men                                                | sports-apparel                                     |           90.45 |            2950.82 |     0.2613175141607575
 AAAAAAAAFEOCAAAA | Social, large conditio                                                                                                                                                                                   | Men                                                | sports-apparel                                     |            0.62 |             449.92 |     0.0398438318742614
 AAAAAAAAFGJCAAAA | Proposals arise together meetings. So small provisions study necessarily in a actions; thus economic authorities may not allow now                                                                       | Men                                                | sports-apparel                                     |            4.39 |            6180.18 |     0.5473018600477259
 AAAAAAAAFIMAAAAA | Old, new terms create. Happy authors criticise                                                                                                                                                           | Men                                                | sports-apparel                                     |            8.88 |            1458.93 |    0.12919932796122907
 AAAAAAAAFOFBAAAA | Good, young owners progress well. Increased tories will support towards a courses. Females ought to note all                                                                                             | Men                                                | sports-apparel                                     |            1.77 |            7991.28 |     0.7076885152474832
 AAAAAAAAGBAAAAAA | Requirements might encoun                                                                                                                                                                                | Men                                                | sports-apparel                                     |             0.3 |             997.86 |    0.08836807893414492
 AAAAAAAAGBEDAAAA | However good shows                                                                                                                                                                                       | Men                                                | sports-apparel                                     |            7.89 |            9423.35 |     0.8345091862827195
 AAAAAAAAGBKCAAAA | Above severe facilities should not see thick successful, cultural miles. High whole magistrates protest very common, great orders. Rights pick ever to a hundreds                                        | Men                                                | sports-apparel                                     |            8.63 |            5444.55 |     0.4821562385113129
 AAAAAAAAGEBDAAAA | Late, russian problems must not write absolutely up to a walls. Ordinary faces reject. Pr                                                                                                                | Men                                                | sports-apparel                                     |            1.76 |            2259.86 |    0.20012776026708828
 AAAAAAAAGFNBAAAA | National officials cannot clear also more pregnant fears. Wes                                                                                                                                            | Men                                                | sports-apparel                                     |            7.61 |            1484.47 |    0.13146108886554236
 AAAAAAAAGIBCAAAA | Special, japanese suggestions think also proposed years; rules will go deliberately quiet                                                                                                                | Men                                                | sports-apparel                                     |             3.2 |            6428.29 |     0.5692738842438563
 AAAAAAAAGIDDAAAA | Final, regional farmers would                                                                                                                                                                            | Men                                                | sports-apparel                                     |            5.38 |            3378.99 |    0.29923521840507317
 AAAAAAAAGJNBAAAA | Problems should achieve previous, formal kinds. Brown, dramatic grants change more in a students. Previous, sudden businesses would not say old groups; about certain hours visit                        | Men                                                | sports-apparel                                     |            4.04 |             6869.1 |      0.608310956453345
 AAAAAAAAGMBDAAAA | Liberal, soviet                                                                                                                                                                                          | Men                                                | sports-apparel                                     |            1.41 |             5995.2 |      0.530920476646008
 AAAAAAAAGNGDAAAA | Recent assum                                                                                                                                                                                             | Men                                                | sports-apparel                                     |            1.46 |            3069.98 |     0.2718700368450947
 AAAAAAAAGNKCAAAA | Thin, competitive products discus                                                                                                                                                                        | Men                                                | sports-apparel                                     |            5.84 |            4951.71 |     0.4385115147806253
 AAAAAAAAGPDEAAAA | Ridiculous, forward chemicals maintain quite assistant symptoms; medical benefits canno                                                                                                                  | Men                                                | sports-apparel                                     |            4.17 |            7570.78 |      0.670450047735199
 AAAAAAAAGPKDAAAA | Most single cases hear in a areas. Injuries may organise so humans; true, medical objectives create; greek years use. Relatively rare fields return as general voters. Universal                         | Men                                                | sports-apparel                                     |            9.42 | 2714.9599999999996 |    0.24043032046884935
 AAAAAAAAHFBAAAAA | Able, large numbers dispose inherently with the researchers. Public members                                                                                                                              | Men                                                | sports-apparel                                     |            9.33 | 1891.8899999999999 |     0.1675412230720937
 AAAAAAAAHHJCAAAA | Companies may think probably wi                                                                                                                                                                          | Men                                                | sports-apparel                                     |            1.82 |            5779.51 |     0.5118194895883991
 AAAAAAAAHIOCAAAA | Ever secret effects will see indeed into a stu                                                                                                                                                           | Men                                                | sports-apparel                                     |            9.06 |            4334.34 |    0.38383871409558623
 AAAAAAAAIBMCAAAA | Both su                                                                                                                                                                                                  | Men                                                | sports-apparel                                     |            0.29 |              33.35 |   0.002953395699250128
 AAAAAAAAICECAAAA | Current locations make even chr                                                                                                                                                                          | Men                                                | sports-apparel                                     |            1.27 |             504.03 |    0.04463568318719766
 AAAAAAAAIDHBAAAA | Anyway simple contracts may get following jobs. Nearby                                                                                                                                                   | Men                                                | sports-apparel                                     |            9.37 |  6027.889999999999 |     0.5338154243344184
 AAAAAAAAIDNBAAAA | Relations used to safeguard. Content conditions let. Areas ask sufficiently severe users. Empty readers know thoroughly onwards cheap studies. Human, soft effor                                         | Men                                                | sports-apparel                                     |            1.86 |            1606.74 |    0.14228902566156373
 AAAAAAAAIEEAAAAA | Huge systems may help over more used requirements. Plates hold in a fie                                                                                                                                  | Men                                                | sports-apparel                                     |            7.84 |  4242.379999999999 |     0.3756949579185834
 AAAAAAAAIGJAAAAA | Wild teachers could not recognize strangely common parents. Friends shall help demands. Conceivably chronic applicants interpret still federal, able talks. Cou                                          | Men                                                | sports-apparel                                     |           67.36 |            3124.96 |     0.2767389332632288
 AAAAAAAAIGOAAAAA | Specific descriptions indicate never standards; terms will not influence just dry police; essential men shall roll real, large relations.                                                                | Men                                                | sports-apparel                                     |            3.27 | 2552.9199999999996 |     0.2260804482317732
 AAAAAAAAIHEDAAAA | About national feet would not suggest either in a houses. Fresh markets turn children. Schemes will end across tory, liable families. Also central refe                                                  | Men                                                | sports-apparel                                     |            0.91 |            4910.98 |    0.43490456405107625
 AAAAAAAAIHHBAAAA | Things will pay a                                                                                                                                                                                        | Men                                                | sports-apparel                                     |            1.84 |            4839.43 |    0.42856826833049616
 AAAAAAAAIHKDAAAA | Able, other members let indefinitely authorities. Actual, likely directors seem parts. Supreme agreements should model deep. Available, high arms escape short, supreme criticisms. Ever new fea         | Men                                                | sports-apparel                                     |            4.21 |            1346.22 |      0.119218001746462
 AAAAAAAAIICBAAAA | Modern forms must ride all available months; essential spots succeed police; never united prices might get promptly so big so                                                                            | Men                                                | sports-apparel                                     |            6.68 |            1981.96 |    0.17551760539987357
 AAAAAAAAIIMDAAAA | Harsh developments might not bring admittedly weapons. Here basic steps spend much in a talks; young, good implications sh                                                                               | Men                                                | sports-apparel                                     |           17.83 | 8097.3099999999995 |     0.7170782767464784
 AAAAAAAAIIPAAAAA | Young governments must use pupils; vast                                                                                                                                                                  | Men                                                | sports-apparel                                     |            1.53 |             387.66 |    0.03433023618504662
 AAAAAAAAIJDAAAAA | New others say military improvements. Scales co                                                                                                                                                          | Men                                                | sports-apparel                                     |            2.07 |              11971 |     1.0601229360036968
 AAAAAAAAIKGBAAAA | Floors carry actually relationships. Players may see often by a employers. Large firms discuss all alive women. Hard true layers start just. Legal nam                                                   | Men                                                | sports-apparel                                     |            1.94 |            2516.74 |    0.22287643454664968
 AAAAAAAAILBAAAAA | Expected services suppress right royal, poor reasons. Young ages provide alone allege                                                                                                                    | Men                                                | sports-apparel                                     |            3.68 | 1352.3200000000002 |    0.11975820305876864
 AAAAAAAAINGCAAAA | Cas                                                                                                                                                                                                      | Men                                                | sports-apparel                                     |            9.35 |             748.78 |    0.06631015387359852
 AAAAAAAAJBPAAAAA | Children can find into the men; benefits might participate in order so strong ways. Specialist forests can say consequently; years review exactly smart, beautiful tools. Just responsible problems ough | Men                                                | sports-apparel                                     |            1.46 |               35.7 |  0.0031615060408764495
 AAAAAAAAJCMCAAAA | In order important personnel go entirely high weeks. Instead intense forces could not carry also; arts appear high keenly patient me                                                                     | Men                                                | sports-apparel                                     |             5.4 |           13241.64 |     1.1726477549330874
 AAAAAAAAJCODAAAA | Illegal, recent balls come certainly b                                                                                                                                                                   | Men                                                | sports-apparel                                     |            3.09 |           14594.48 |     1.2924520079397905
 AAAAAAAAJHDAAAAA | Numbers will support dramatically tragic, federal states; essentially significant lips incre                                                                                                             | Men                                                | sports-apparel                                     |             7.7 |            2504.48 |    0.22179071846650558
 AAAAAAAAJJDEAAAA | Companies shall help simply new parents. Traditional scholars shall not protect again.                                                                                                                   | Men                                                | sports-apparel                                     |           61.63 |             4436.7 |    0.39290346923127567
 AAAAAAAAJLKBAAAA | Right, sensitive oth                                                                                                                                                                                     | Men                                                | sports-apparel                                     |            2.62 |             424.05 |    0.03755284696452824
 AAAAAAAAJMMBAAAA | Otherwise full meanings care however well local heels. Front, small users must not see usually measures. Then pre                                                                                        | Men                                                | sports-apparel                                     |           60.89 |  9528.380000000001 |     0.8438103901895334
 AAAAAAAAJNCEAAAA | Aloud good years should tell again. Men might not sign as good opportunities. Cities hold with the hotels. Experiments ought to bring for a democrats.                                                   | Men                                                | sports-apparel                                     |            1.16 |  5281.969999999999 |    0.46775854517445864
 AAAAAAAAJNDAAAAA | Profitable, little members might believe ideas. Certainly difficult exports back young fortunes. Old degrees should sit nations. Partly important times shrug                                            | Men                                                | sports-apparel                                     |            9.22 |              136.8 |    0.01211467861041732
 AAAAAAAAJNNCAAAA | Modern stairs may commission as a others. Almost familiar images grow on the wages. Arguably availab                                                                                                     | Men                                                | sports-apparel                                     |            9.26 |             6572.2 |     0.5820182073346835
 AAAAAAAAKAFCAAAA | Too independent statements acc                                                                                                                                                                           | Men                                                | sports-apparel                                     |            1.77 | 3711.9999999999995 |     0.3287257821774055
 AAAAAAAAKAPDAAAA | Wrong, little records should put                                                                                                                                                                         | Men                                                | sports-apparel                                     |            7.89 |  6116.880000000001 |     0.5416961644626425
 AAAAAAAAKBFDAAAA | Years                                                                                                                                                                                                    | Men                                                | sports-apparel                                     |           97.27 |            6214.26 |     0.5503199027892685
 AAAAAAAAKCAEAAAA | Small, fair differences use tonight various children. Professional chips should share pretty enormous goods; possibilities may get suddenly other students. Busy, possible stories                       | Men                                                | sports-apparel                                     |            7.61 |            5265.15 |     0.4662690064739674
 AAAAAAAAKCEEAAAA | Only rational problems ought to str                                                                                                                                                                      | Men                                                | sports-apparel                                     |            4.43 |             9185.5 |     0.8134457629823704
 AAAAAAAAKCFAAAAA | As personal agencies choose about royal, official individuals. Facilities may block ba                                                                                                                   | Men                                                | sports-apparel                                     |           45.33 |             5390.1 |    0.47733427761703495
 AAAAAAAAKCFCAAAA | Global, serious workers might not raise weekly users. Grey, possible changes help however able, sexual trends. Other, american trains find very. General, cheap issues                                   | Men                                                | sports-apparel                                     |            2.01 |            4620.34 |    0.40916618545947037
 AAAAAAAAKCHBAAAA | French doors may mention then. Flats might not rush major months; too new assets should not turn. Funds keep again m                                                                                     | Men                                                | sports-apparel                                     |            2.09 |            8327.86 |     0.7374952296239032
 AAAAAAAAKCJCAAAA | American, strange re                                                                                                                                                                                     | Men                                                | sports-apparel                                     |            4.16 |             933.87 |    0.08270127861045629
 AAAAAAAAKDHAAAAA | Bas                                                                                                                                                                                                      | Men                                                | sports-apparel                                     |            3.62 |            2188.64 |    0.19382068855192805
 AAAAAAAAKDICAAAA | Kinds make vividly home deep boy                                                                                                                                                                         | Men                                                | sports-apparel                                     |            1.86 |            7034.94 |     0.6229973475407106
 AAAAAAAAKEJCAAAA | Groups ought to lead more. Efforts might                                                                                                                                                                 | Men                                                | sports-apparel                                     |            3.74 |             1812.4 |    0.16050178006959318
 AAAAAAAAKFNDAAAA | Bri                                                                                                                                                                                                      | Men                                                | sports-apparel                                     |            0.79 |            1941.74 |    0.17195581904233714
 AAAAAAAAKHAAAAAA | Strange activities could rid then                                                                                                                                                                        | Men                                                | sports-apparel                                     |            6.34 | 19567.739999999998 |      1.732871938831925
 AAAAAAAAKJDBAAAA | So christian members can contact too special                                                                                                                                                             | Men                                                | sports-apparel                                     |            1.49 |            5161.54 |    0.45709355434805116
 AAAAAAAAKKDDAAAA | Very primitive groups go home rises. Favorable, social months would become also. Certain, high tears climb methods; other, able birds deal royal, dif                                                    | Men                                                | sports-apparel                                     |           24.77 |            5891.96 |      0.521777790829199
 AAAAAAAAKMGBAAAA | Papers shall change new lines. Natural rights get anxious potatoes. Personal ears ought to see sure, tory minutes. New, young sales shall not work differences. So british members cannot f              | Men                                                | sports-apparel                                     |            0.76 |            3802.26 |    0.33671899044769993
 AAAAAAAAKOFDAAAA | Also social firms read skills. Outcomes learn to a users. Close, royal increases blow simply political, other ways. Med                                                                                  | Men                                                | sports-apparel                                     |            9.54 | 20087.790000000005 |     1.7789263146458694
 AAAAAAAAKPEAAAAA | So strong criteria cannot send. Islands cope arts; just immediate stones shall not go basically costs. Superb locations start new, difficult boards. Big requests shall get now                          | Men                                                | sports-apparel                                     |            0.82 | 12562.900000000001 |     1.1125401748158754
 AAAAAAAAKPGAAAAA | Governors will get wearily on the bacteria. Total, effective individuals break on t                                                                                                                      | Men                                                | sports-apparel                                     |            23.2 |            6898.58 |      0.610921634270853
 AAAAAAAALFFEAAAA | Numerous, low books buy at a doctors. Political practitioners must see relatively odd responsibilities. Wonderfu                                                                                         | Men                                                | sports-apparel                                     |            1.92 |            6564.79 |     0.5813619955766192
 AAAAAAAALIDAAAAA | Over bare years could not think so ministers. Far                                                                                                                                                        | Men                                                | sports-apparel                                     |            1.42 |             430.78 |    0.03814883955990915
 AAAAAAAALNCCAAAA | Negative, little                                                                                                                                                                                         | Men                                                | sports-apparel                                     |            6.86 |              367.5 |    0.03254491512666933
 AAAAAAAALPEEAAAA | Years accompany now fur                                                                                                                                                                                  | Men                                                | sports-apparel                                     |            7.77 |  5826.299999999999 |     0.5159630993265673
 AAAAAAAALPIDAAAA | Also chief parties can go traditional songs. However other children could benefit always only previous concessions. Happily early surfaces may consi                                                     | Men                                                | sports-apparel                                     |             3.9 |             3289.1 |    0.29127477644388594
 AAAAAAAAMBLCAAAA | Most fellow children supply types; soviet, administrative critics                                                                                                                                        | Men                                                | sports-apparel                                     |             4.3 |            5984.83 |     0.5300021344150868
 AAAAAAAAMEJBAAAA | Royal notes form toward the lawyers. Judicial traders occur                                                                                                                                              | Men                                                | sports-apparel                                     |            0.82 | 11928.300000000001 |     1.0563415268175504
 AAAAAAAAMGMCAAAA | Members might not put initially important indicators. Regional, common clothes listen. Report                                                                                                            | Men                                                | sports-apparel                                     |             2.9 |            9571.11 |     0.8475944561034451
 AAAAAAAAMHBDAAAA | Names should help sometimes most old subjects. Specific, old personnel would wear relentlessly days. Boys defend now. Unemployed, aggressive weeks must say enough thick groups. Servants                | Men                                                | sports-apparel                                     |            5.29 | 10771.929999999998 |     0.9539361839467294
 AAAAAAAAMHICAAAA | Early forms would resume most real, sorry years. High slow shapes will not welcome still. Main stairs want never available services. Big followers cannot choose straight, other maps. Arms he           | Men                                                | sports-apparel                                     |            0.56 |  822.8399999999999 |    0.07286872915055398
 AAAAAAAAMJDCAAAA | Central, alternative societies may grant later standards. Dates like more long, material boys. Good premises sh                                                                                          | Men                                                | sports-apparel                                     |            4.88 |            7385.29 |     0.6540234999614687
 AAAAAAAAMJGBAAAA | Days appeal. Grounds should understand suddenly easily financial lengths. Authorities may not organize strikingly regarding a contributions. Fears say blocks. Just social                               | Men                                                | sports-apparel                                     |            3.37 |            1763.16 |     0.1561412042305804
 AAAAAAAAMJPBAAAA | Arts would not take in addition already only companies. Towns commit still political, medical benefits. Ma                                                                                               | Men                                                | sports-apparel                                     |             1.4 | 12253.990000000002 |     1.0851838490151149
 AAAAAAAAMKICAAAA | Simple ministers run points. Predominantly alive ch                                                                                                                                                      | Men                                                | sports-apparel                                     |            6.66 |           10779.75 |     0.9546287043175883
 AAAAAAAAMLBEAAAA | Prim                                                                                                                                                                                                     | Men                                                | sports-apparel                                     |            5.55 | 2785.4300000000003 |     0.2466709739898736
 AAAAAAAAMLHBAAAA | There particular institutions take ambitious implications. New women look ever; areas should not promote from a years. Often local women should control main, extreme variations; dark, ea               | Men                                                | sports-apparel                                     |           45.64 |              87.88 |   0.007782441200902586
 AAAAAAAAMLMDAAAA | Just bad grounds must crawl easy mere unknown cards. Warm objects cease. Cases join yet exact, coastal women. Now minor minutes feel                                                                     | Men                                                | sports-apparel                                     |            0.81 | 10992.359999999999 |     0.9734569339912783
 AAAAAAAAMMKBAAAA | Costs might not see nevertheless matters. Thin, actual leaders could not combat only actual arts. So northern heroes say indeed directions. American, existing animals should st                         | Men                                                | sports-apparel                                     |            8.83 |            8002.56 |     0.7086874448872895
 AAAAAAAAMMLCAAAA | So front comments decide difficult advantages. A                                                                                                                                                         | Men                                                | sports-apparel                                     |            6.02 |            2463.06 |    0.21812266299835145
 AAAAAAAAMNECAAAA | Difficult, clear rules used to fo                                                                                                                                                                        | Men                                                | sports-apparel                                     |             4.3 |               91.3 |    0.00808530816616302
 AAAAAAAAMNMBAAAA | Shared, main animals used to make social, other faces; perhaps only networks might protect at a terms. Organisations use involuntarily alone, loca                                                       | Men                                                | sports-apparel                                     |            30.2 |            2852.92 |    0.25264772588619716
 AAAAAAAAMOEBAAAA | Years coul                                                                                                                                                                                               | Men                                                | sports-apparel                                     |           16.24 |            6624.88 |     0.5866834212908003
 AAAAAAAANEIDAAAA | Open millions find over probable, good feelings; strong, appropriate times can clarify. Privately major years shall advise international, social busi                                                    | Men                                                | sports-apparel                                     |             6.3 |            6449.82 |     0.5711805292035221
 AAAAAAAANHJCAAAA | Parliamentary facts prove constantly little buildings. Modern, sure events meet                                                                                                                          | Men                                                | sports-apparel                                     |            4.68 |            2085.33 |    0.18467180370366626
 AAAAAAAANIEDAAAA | Northern parameters might not lean twice late classes. Legal differences can differ once carefully long others. Natural metres can propose. Political women could take good, new answers                 | Men                                                | sports-apparel                                     |            0.19 | 2921.4300000000003 |    0.25871480652654577
 AAAAAAAANJDAAAAA | Still excellent institutions will buy yet even british readers; fixed projects break just overnight decisive students.                                                                                   | Men                                                | sports-apparel                                     |            5.08 | 2641.7000000000003 |     0.2339425912656391
 AAAAAAAANKHBAAAA | Local police intervene over pretty                                                                                                                                                                       | Men                                                | sports-apparel                                     |             6.8 | 14520.339999999998 |     1.2858863480554603
 AAAAAAAANLEDAAAA | Particular, foreign women may set just consistent, new terms. Particularly fast women must not specify in a losses. Differ                                                                               | Men                                                | sports-apparel                                     |           73.57 |            4250.82 |     0.3764423839965946
 AAAAAAAANPDDAAAA | From time to time common courses overcome blue, chief islands. Econ                                                                                                                                      | Men                                                | sports-apparel                                     |            6.02 |  985.3199999999999 |    0.08725756672818999
 AAAAAAAAOBEDAAAA | Financial aims ought to show visible shares. Dead, large-scale others will meet merely. Likely experim                                                                                                   | Men                                                | sports-apparel                                     |            0.85 | 10915.399999999998 |     0.9666415416969968
 AAAAAAAAOBFAAAAA | Products may grant men. Also living areas shall die other, whole areas. Vast, severe holidays try. Also dead conditions may deal so blind proposals. Variab                                              | Men                                                | sports-apparel                                     |            0.75 | 3027.8999999999996 |     0.2681435333661008
 AAAAAAAAOBFCAAAA | Active, mixed banks rest deliberately. Previous values draw local, trying records. Serious events tax to a features. Waste, mere trends will not encounter. Other, large forces dream support            | Men                                                | sports-apparel                                     |            3.59 | 18066.190000000002 |     1.5998982862919244
 AAAAAAAAOBLDAAAA | Available, residential circumstances cannot get in a assets. Current ideas dream about a wages; large effects remember very recently other posts. Countries close happily ligh                           | Men                                                | sports-apparel                                     |            3.63 |            4631.29 |    0.41013589109385684
 AAAAAAAAOCJDAAAA | Fascinating services indicate. However previous terms mean great, possible sales. Just new creatures ignore certainly new demands. Courses could not give tog                                            | Men                                                | sports-apparel                                     |            5.03 |            12250.7 |      1.084892494536838
 AAAAAAAAOCLBAAAA | Also awful effects trade suddenly just high assessments. Now public things may get british cities. Substances would talk like                                                                            | Men                                                | sports-apparel                                     |           75.81 | 10319.279999999999 |     0.9138505898458129
 AAAAAAAAODNBAAAA | Homes could ship about little animals. Months shall afford distant, black scientists. Sensitive, na                                                                                                      | Men                                                | sports-apparel                                     |            0.67 |             530.67 |     0.0469948574429105
 AAAAAAAAOENDAAAA | Primitive, modern fans ought to improve on the firms. Levels observe quite now local decisions. Enou                                                                                                     | Men                                                | sports-apparel                                     |            2.45 |           16672.82 |     1.4765047940741085
 AAAAAAAAOFCBAAAA | Bodies will not ensure exactly large customers; systematic representatives e                                                                                                                             | Men                                                | sports-apparel                                     |               8 |             262.64 |   0.023258766010526347
 AAAAAAAAOGJAAAAA | Masses get nearly in the parties. English studies seem previous, alive clients. Futures might examine please inland                                                                                      | Men                                                | sports-apparel                                     |           53.36 |            3495.94 |     0.3095920288106894
 AAAAAAAAOHJBAAAA | True, substantial dates must happen poorly towards a documents. Resources happen much traditional cent                                                                                                   | Men                                                | sports-apparel                                     |           11.24 |            1576.38 |    0.13960041716293603
 AAAAAAAAOHMBAAAA | Only intense diseases continue precisely following, required hours. Usually only courses might not start. Systems will write home identical drugs. On board possible women would dominate                | Men                                                | sports-apparel                                     |            5.87 |            2082.51 |     0.1844220712937147
 AAAAAAAAOHNAAAAA | Happy, important systems will increase regular trees. Roots negotiate reasonable studies. Liberal aspects must fight rather spiritua                                                                     | Men                                                | sports-apparel                                     |            2.01 |            1429.74 |    0.12661433184545362
 AAAAAAAAOIBCAAAA | However insufficient items could not think little rates. Interesting years make now. Programmes could understand all but abroad united cases. Event                                                      | Men                                                | sports-apparel                                     |            1.05 |            5853.11 |     0.5183373283729511
 AAAAAAAAOJNCAAAA | Catholic, late languages can point by the doors. Mo                                                                                                                                                      | Men                                                | sports-apparel                                     |            0.72 |            2220.25 |     0.1966199940407825
 AAAAAAAAONABAAAA | Clear streets may not feed faint, important years. Sons take things. Otherwise good years move the                                                                                                       | Men                                                | sports-apparel                                     |             2.8 |            4759.77 |    0.42151377053732486
 AAAAAAAAONCAAAAA | So detailed police would support now senior central residents; t                                                                                                                                         | Men                                                | sports-apparel                                     |             2.4 | 6676.6900000000005 |     0.5912715901417193
 AAAAAAAAONEEAAAA | Then possible issues take pretty                                                                                                                                                                         | Men                                                | sports-apparel                                     |           17.88 | 11683.729999999998 |      1.034682996497742
 AAAAAAAAOOMDAAAA | Below excellent kilometres write far personnel. Labour, only years provide long for a members. Positions shall give depending on a bars.                                                                 | Men                                                | sports-apparel                                     |            0.83 |            7509.67 |     0.6650382932769928
 AAAAAAAAOOOCAAAA | Economic, delicate features fetch basically political, pregnant chairs. Studies must find current, certain police. Various barriers could not give almost companies. Tonight brief attacks await in a d  | Men                                                | sports-apparel                                     |            1.53 |            6368.08 |     0.5639418316186133
 AAAAAAAAPAGBAAAA | Other, public times discuss. Glad services shall follow. Powerful, important goals must not discuss always with a views. Royal, indiv                                                                    | Men                                                | sports-apparel                                     |            0.32 |  5131.950000000001 |     0.4544731351954032
 AAAAAAAAPBLBAAAA | Seats                                                                                                                                                                                                    | Men                                                | sports-apparel                                     |            1.63 |             862.22 |    0.07635612713065804
 AAAAAAAAPFODAAAA | Prime, old room                                                                                                                                                                                          | Men                                                | sports-apparel                                     |           64.67 |           11679.25 |     1.0342862584847694
 AAAAAAAAPHGAAAAA | Men pay here. Units ought to write early messages.                                                                                                                                                       | Men                                                | sports-apparel                                     |            3.97 |            3548.09 |     0.3142103072429501
 AAAAAAAAPIGCAAAA | Ill, soviet days locate ago. British countries will speak almost equally political cases; responsible, joint trees help single details. Secondly happy men could trade. Instantly importa                | Men                                                | sports-apparel                                     |            3.85 |           14344.44 |     1.2703090675907498
 AAAAAAAAPJDEAAAA | New, old police remember years. Difficult banks get difficult, tiny members. Necessary rivers like well alternative surfaces. Good, educational rivers could not look others; new,                       | Men                                                | sports-apparel                                     |           76.55 |           21426.64 |      1.897491646937954
 AAAAAAAAPNCBAAAA | Names may not embark only evident months. Daughters would see happily. Human leaves continue at a jews. Shares read strictly; harsh products used to rate cold, whole feelings. Suddenly new             | Men                                                | sports-apparel                                     |            2.56 |           13125.49 |     1.1623617906012162
 AAAAAAAAPNFBAAAA | Distant, local rights move naturally special lengths. Used, large clothes will identify so as a figures. Here full officials should anticipate markedly. Sound,                                          | Men                                                | sports-apparel                                     |            3.34 |           16040.96 |      1.420548793878361
 AAAAAAAAPNLBAAAA | Never serious parts welcome alternative details. Concessions organize possibly naval, red walls. More divin                                                                                              | Men                                                | sports-apparel                                     |           55.98 |            2995.69 |     0.2652910933219375
 AAAAAAAAPOBBAAAA | Black stars might not know truly hidden losses. Ethical, superb cats should see standard, distant clubs. Big nam                                                                                         | Men                                                | sports-apparel                                     |            2.14 |             292.02 |   0.025860588068816266
 AAAAAAAACICBAAAA |                                                                                                                                                                                                          | Men                                                |                                                    |                 |             368.16 |     2.7841869434518745
 AAAAAAAACNFAAAAA | New, small industries can me                                                                                                                                                                             | Men                                                |                                                    |            5.61 |  7054.950000000001 |      53.35261754863593
(2518 rows)

UPDATE time_statistics SET e_time = TRANSACTION_TIMESTAMP() WHERE template = '../query_postgresql/query98.tpl' AND stream = 0;
psql:/tmp/s1-basline/power/query_0.sql:4857: NOTICE:  duration: 0.036 ms  plan:
Query Text: UPDATE time_statistics SET e_time = TRANSACTION_TIMESTAMP() WHERE template = '../query_postgresql/query98.tpl' AND stream = 0;
Update on time_statistics  (cost=0.00..4.67 rows=0 width=0) (actual time=0.035..0.035 rows=0 loops=1)
  ->  Seq Scan on time_statistics  (cost=0.00..4.67 rows=1 width=14) (actual time=0.021..0.021 rows=1 loops=1)
        Filter: ((template = '../query_postgresql/query98.tpl'::text) AND (stream = 0))
        Rows Removed by Filter: 98
UPDATE 1
LOAD 'auto_explain'; SET auto_explain.log_min_duration TO 0; SET auto_explain.log_analyze TO on; SET auto_explain.log_level TO notice; INSERT INTO time_statistics (template, s_time, stream, query, seed) VALUES ('query99.tpl', TRANSACTION_TIMESTAMP(), 0, 99, 1427797355);
LOAD
SET
SET
SET
psql:/tmp/s1-basline/power/query_0.sql:4858: NOTICE:  duration: 0.008 ms  plan:
Query Text: INSERT INTO time_statistics (template, s_time, stream, query, seed) VALUES ('query99.tpl', TRANSACTION_TIMESTAMP(), 0, 99, 1427797355);
Insert on time_statistics  (cost=0.00..0.01 rows=0 width=0) (actual time=0.008..0.008 rows=0 loops=1)
  ->  Result  (cost=0.00..0.01 rows=1 width=64) (actual time=0.001..0.001 rows=1 loops=1)
INSERT 0 1
select  
   substr(w_warehouse_name,1,20)
  ,sm_type
  ,cc_name
  ,sum(case when (cs_ship_date_sk - cs_sold_date_sk <= 30 ) then 1 else 0 end)  as "30 days" 
  ,sum(case when (cs_ship_date_sk - cs_sold_date_sk > 30) and 
                 (cs_ship_date_sk - cs_sold_date_sk <= 60) then 1 else 0 end )  as "31-60 days" 
  ,sum(case when (cs_ship_date_sk - cs_sold_date_sk > 60) and 
                 (cs_ship_date_sk - cs_sold_date_sk <= 90) then 1 else 0 end)  as "61-90 days" 
  ,sum(case when (cs_ship_date_sk - cs_sold_date_sk > 90) and
                 (cs_ship_date_sk - cs_sold_date_sk <= 120) then 1 else 0 end)  as "91-120 days" 
  ,sum(case when (cs_ship_date_sk - cs_sold_date_sk  > 120) then 1 else 0 end)  as ">120 days" 
from
   catalog_sales
  ,warehouse
  ,ship_mode
  ,call_center
  ,date_dim
where
    d_month_seq between 1202 and 1202 + 11
and cs_ship_date_sk   = d_date_sk
and cs_warehouse_sk   = w_warehouse_sk
and cs_ship_mode_sk   = sm_ship_mode_sk
and cs_call_center_sk = cc_call_center_sk
group by
   substr(w_warehouse_name,1,20)
  ,sm_type
  ,cc_name
order by substr(w_warehouse_name,1,20)
        ,sm_type
        ,cc_name
limit 100;
psql:/tmp/s1-basline/power/query_0.sql:4890: NOTICE:  duration: 412.547 ms  plan:
Query Text: select  
   substr(w_warehouse_name,1,20)
  ,sm_type
  ,cc_name
  ,sum(case when (cs_ship_date_sk - cs_sold_date_sk <= 30 ) then 1 else 0 end)  as "30 days" 
  ,sum(case when (cs_ship_date_sk - cs_sold_date_sk > 30) and 
                 (cs_ship_date_sk - cs_sold_date_sk <= 60) then 1 else 0 end )  as "31-60 days" 
  ,sum(case when (cs_ship_date_sk - cs_sold_date_sk > 60) and 
                 (cs_ship_date_sk - cs_sold_date_sk <= 90) then 1 else 0 end)  as "61-90 days" 
  ,sum(case when (cs_ship_date_sk - cs_sold_date_sk > 90) and
                 (cs_ship_date_sk - cs_sold_date_sk <= 120) then 1 else 0 end)  as "91-120 days" 
  ,sum(case when (cs_ship_date_sk - cs_sold_date_sk  > 120) then 1 else 0 end)  as ">120 days" 
from
   catalog_sales
  ,warehouse
  ,ship_mode
  ,call_center
  ,date_dim
where
    d_month_seq between 1202 and 1202 + 11
and cs_ship_date_sk   = d_date_sk
and cs_warehouse_sk   = w_warehouse_sk
and cs_ship_mode_sk   = sm_ship_mode_sk
and cs_call_center_sk = cc_call_center_sk
group by
   substr(w_warehouse_name,1,20)
  ,sm_type
  ,cc_name
order by substr(w_warehouse_name,1,20)
        ,sm_type
        ,cc_name
limit 100;
Limit  (cost=64552.16..64753.60 rows=90 width=115) (actual time=351.575..412.471 rows=90 loops=1)
  ->  Finalize GroupAggregate  (cost=64552.16..64753.60 rows=90 width=115) (actual time=351.574..412.461 rows=90 loops=1)
        Group Key: (substr((warehouse.w_warehouse_name)::text, 1, 20)), ship_mode.sm_type, call_center.cc_name
        ->  Gather Merge  (cost=64552.16..64748.87 rows=180 width=115) (actual time=350.931..412.346 rows=270 loops=1)
              Workers Planned: 2
              Workers Launched: 2
              ->  Partial GroupAggregate  (cost=63552.14..63728.07 rows=90 width=115) (actual time=312.764..352.157 rows=90 loops=3)
                    Group Key: (substr((warehouse.w_warehouse_name)::text, 1, 20)), ship_mode.sm_type, call_center.cc_name
                    ->  Sort  (cost=63552.14..63559.13 rows=2797 width=91) (actual time=312.225..316.658 rows=95404 loops=3)
                          Sort Key: (substr((warehouse.w_warehouse_name)::text, 1, 20)), ship_mode.sm_type, call_center.cc_name
                          Sort Method: quicksort  Memory: 15324kB
                          Worker 0:  Sort Method: quicksort  Memory: 12854kB
                          Worker 1:  Sort Method: quicksort  Memory: 12845kB
                          ->  Hash Join  (cost=2508.78..63392.01 rows=2797 width=91) (actual time=66.958..229.338 rows=95404 loops=3)
                                Hash Cond: (catalog_sales.cs_call_center_sk = call_center.cc_call_center_sk)
                                ->  Hash Join  (cost=2507.65..63371.32 rows=2811 width=69) (actual time=66.879..202.791 rows=95458 loops=3)
                                      Hash Cond: (catalog_sales.cs_warehouse_sk = warehouse.w_warehouse_sk)
                                      ->  Hash Join  (cost=2506.53..63356.54 rows=2826 width=63) (actual time=65.430..187.684 rows=95578 loops=3)
                                            Hash Cond: (catalog_sales.cs_ship_mode_sk = ship_mode.sm_ship_mode_sk)
                                            ->  Hash Join  (cost=2505.08..63346.06 rows=2842 width=40) (actual time=65.393..170.875 rows=95815 loops=3)
                                                  Hash Cond: (catalog_sales.cs_ship_date_sk = date_dim.d_date_sk)
                                                  ->  Parallel Seq Scan on catalog_sales  (cost=0.00..59266.53 rows=599753 width=40) (actual time=0.014..82.721 rows=479804 loops=3)
                                                  ->  Hash  (cost=2500.73..2500.73 rows=348 width=8) (actual time=13.347..13.348 rows=365 loops=3)
                                                        Buckets: 1024  Batches: 1  Memory Usage: 23kB
                                                        ->  Seq Scan on date_dim  (cost=0.00..2500.73 rows=348 width=8) (actual time=6.259..13.302 rows=365 loops=3)
                                                              Filter: ((d_month_seq >= 1202) AND (d_month_seq <= 1213))
                                                              Rows Removed by Filter: 72684
                                            ->  Hash  (cost=1.20..1.20 rows=20 width=39) (actual time=0.024..0.025 rows=20 loops=3)
                                                  Buckets: 1024  Batches: 1  Memory Usage: 10kB
                                                  ->  Seq Scan on ship_mode  (cost=0.00..1.20 rows=20 width=39) (actual time=0.018..0.020 rows=20 loops=3)
                                      ->  Hash  (cost=1.05..1.05 rows=5 width=22) (actual time=0.021..0.021 rows=5 loops=3)
                                            Buckets: 1024  Batches: 1  Memory Usage: 9kB
                                            ->  Seq Scan on warehouse  (cost=0.00..1.05 rows=5 width=22) (actual time=0.018..0.019 rows=5 loops=3)
                                ->  Hash  (cost=1.06..1.06 rows=6 width=20) (actual time=0.032..0.033 rows=6 loops=3)
                                      Buckets: 1024  Batches: 1  Memory Usage: 9kB
                                      ->  Seq Scan on call_center  (cost=0.00..1.06 rows=6 width=20) (actual time=0.027..0.028 rows=6 loops=3)
       substr        |            sm_type             |    cc_name    | 30 days | 31-60 days | 61-90 days | 91-120 days | >120 days 
---------------------+--------------------------------+---------------+---------+------------+------------+-------------+-----------
 Neither dea         | EXPRESS                        | Mid Atlantic  |    1237 |       1229 |       1269 |           0 |         0
 Neither dea         | EXPRESS                        | North Midwest |    1295 |       1294 |       1244 |           0 |         0
 Neither dea         | EXPRESS                        | NY Metro      |    1249 |       1254 |       1329 |           0 |         0
 Neither dea         | LIBRARY                        | Mid Atlantic  |     985 |       1009 |        967 |           0 |         0
 Neither dea         | LIBRARY                        | North Midwest |     968 |        920 |        956 |           0 |         0
 Neither dea         | LIBRARY                        | NY Metro      |     925 |        949 |        976 |           0 |         0
 Neither dea         | NEXT DAY                       | Mid Atlantic  |    1235 |       1326 |       1253 |           0 |         0
 Neither dea         | NEXT DAY                       | North Midwest |    1279 |       1208 |       1300 |           0 |         0
 Neither dea         | NEXT DAY                       | NY Metro      |    1229 |       1354 |       1343 |           0 |         0
 Neither dea         | OVERNIGHT                      | Mid Atlantic  |     854 |        938 |        980 |           0 |         0
 Neither dea         | OVERNIGHT                      | North Midwest |     966 |        941 |        926 |           0 |         0
 Neither dea         | OVERNIGHT                      | NY Metro      |     988 |        975 |        963 |           0 |         0
 Neither dea         | REGULAR                        | Mid Atlantic  |     973 |        959 |        968 |           0 |         0
 Neither dea         | REGULAR                        | North Midwest |     925 |        932 |       1018 |           0 |         0
 Neither dea         | REGULAR                        | NY Metro      |     917 |        989 |        939 |           0 |         0
 Neither dea         | TWO DAY                        | Mid Atlantic  |     931 |        948 |       1021 |           0 |         0
 Neither dea         | TWO DAY                        | North Midwest |     948 |        986 |        891 |           0 |         0
 Neither dea         | TWO DAY                        | NY Metro      |     977 |        986 |        950 |           0 |         0
 Parties use         | EXPRESS                        | Mid Atlantic  |    1258 |       1308 |       1314 |           0 |         0
 Parties use         | EXPRESS                        | North Midwest |    1236 |       1215 |       1263 |           0 |         0
 Parties use         | EXPRESS                        | NY Metro      |    1166 |       1297 |       1311 |           0 |         0
 Parties use         | LIBRARY                        | Mid Atlantic  |     889 |        955 |       1001 |           0 |         0
 Parties use         | LIBRARY                        | North Midwest |     927 |        974 |        906 |           0 |         0
 Parties use         | LIBRARY                        | NY Metro      |     941 |        969 |        934 |           0 |         0
 Parties use         | NEXT DAY                       | Mid Atlantic  |    1283 |       1260 |       1295 |           0 |         0
 Parties use         | NEXT DAY                       | North Midwest |    1194 |       1288 |       1257 |           0 |         0
 Parties use         | NEXT DAY                       | NY Metro      |    1262 |       1246 |       1290 |           0 |         0
 Parties use         | OVERNIGHT                      | Mid Atlantic  |     950 |        974 |        985 |           0 |         0
 Parties use         | OVERNIGHT                      | North Midwest |     940 |        955 |        937 |           0 |         0
 Parties use         | OVERNIGHT                      | NY Metro      |     936 |       1034 |        962 |           0 |         0
 Parties use         | REGULAR                        | Mid Atlantic  |     936 |        986 |        926 |           0 |         0
 Parties use         | REGULAR                        | North Midwest |     912 |        968 |        941 |           0 |         0
 Parties use         | REGULAR                        | NY Metro      |     935 |        962 |       1009 |           0 |         0
 Parties use         | TWO DAY                        | Mid Atlantic  |     946 |        955 |        925 |           0 |         0
 Parties use         | TWO DAY                        | North Midwest |     892 |        939 |        974 |           0 |         0
 Parties use         | TWO DAY                        | NY Metro      |     973 |        949 |        930 |           0 |         0
 Persons make more e | EXPRESS                        | Mid Atlantic  |    1250 |       1269 |       1320 |           0 |         0
 Persons make more e | EXPRESS                        | North Midwest |    1278 |       1284 |       1253 |           0 |         0
 Persons make more e | EXPRESS                        | NY Metro      |    1286 |       1217 |       1314 |           0 |         0
 Persons make more e | LIBRARY                        | Mid Atlantic  |     960 |        999 |       1036 |           0 |         0
 Persons make more e | LIBRARY                        | North Midwest |     873 |        959 |        902 |           0 |         0
 Persons make more e | LIBRARY                        | NY Metro      |     965 |        985 |       1006 |           0 |         0
 Persons make more e | NEXT DAY                       | Mid Atlantic  |    1324 |       1284 |       1263 |           0 |         0
 Persons make more e | NEXT DAY                       | North Midwest |    1210 |       1226 |       1269 |           0 |         0
 Persons make more e | NEXT DAY                       | NY Metro      |    1304 |       1295 |       1267 |           0 |         0
 Persons make more e | OVERNIGHT                      | Mid Atlantic  |     922 |        956 |        947 |           0 |         0
 Persons make more e | OVERNIGHT                      | North Midwest |     901 |        954 |       1017 |           0 |         0
 Persons make more e | OVERNIGHT                      | NY Metro      |     929 |       1015 |        966 |           0 |         0
 Persons make more e | REGULAR                        | Mid Atlantic  |     926 |        947 |        971 |           0 |         0
 Persons make more e | REGULAR                        | North Midwest |     932 |        943 |        977 |           0 |         0
 Persons make more e | REGULAR                        | NY Metro      |     950 |        972 |        982 |           0 |         0
 Persons make more e | TWO DAY                        | Mid Atlantic  |     970 |        962 |        978 |           0 |         0
 Persons make more e | TWO DAY                        | North Midwest |     899 |        926 |        977 |           0 |         0
 Persons make more e | TWO DAY                        | NY Metro      |     962 |       1002 |       1003 |           0 |         0
 Single, simple r    | EXPRESS                        | Mid Atlantic  |    1255 |       1286 |       1245 |           0 |         0
 Single, simple r    | EXPRESS                        | North Midwest |    1211 |       1219 |       1310 |           0 |         0
 Single, simple r    | EXPRESS                        | NY Metro      |    1292 |       1312 |       1152 |           0 |         0
 Single, simple r    | LIBRARY                        | Mid Atlantic  |     956 |        945 |       1038 |           0 |         0
 Single, simple r    | LIBRARY                        | North Midwest |     923 |        954 |        989 |           0 |         0
 Single, simple r    | LIBRARY                        | NY Metro      |     933 |       1001 |        927 |           0 |         0
 Single, simple r    | NEXT DAY                       | Mid Atlantic  |    1187 |       1296 |       1291 |           0 |         0
 Single, simple r    | NEXT DAY                       | North Midwest |    1197 |       1331 |       1361 |           0 |         0
 Single, simple r    | NEXT DAY                       | NY Metro      |    1292 |       1303 |       1330 |           0 |         0
 Single, simple r    | OVERNIGHT                      | Mid Atlantic  |     894 |        959 |        945 |           0 |         0
 Single, simple r    | OVERNIGHT                      | North Midwest |     944 |        952 |        977 |           0 |         0
 Single, simple r    | OVERNIGHT                      | NY Metro      |     983 |       1002 |        974 |           0 |         0
 Single, simple r    | REGULAR                        | Mid Atlantic  |     950 |        933 |        971 |           0 |         0
 Single, simple r    | REGULAR                        | North Midwest |     963 |        977 |        947 |           0 |         0
 Single, simple r    | REGULAR                        | NY Metro      |     938 |        937 |       1002 |           0 |         0
 Single, simple r    | TWO DAY                        | Mid Atlantic  |     957 |        935 |        959 |           0 |         0
 Single, simple r    | TWO DAY                        | North Midwest |     913 |        941 |        944 |           0 |         0
 Single, simple r    | TWO DAY                        | NY Metro      |     946 |       1038 |        970 |           0 |         0
 Total, dea          | EXPRESS                        | Mid Atlantic  |    1251 |       1255 |       1259 |           0 |         0
 Total, dea          | EXPRESS                        | North Midwest |    1200 |       1309 |       1248 |           0 |         0
 Total, dea          | EXPRESS                        | NY Metro      |    1170 |       1321 |       1311 |           0 |         0
 Total, dea          | LIBRARY                        | Mid Atlantic  |     890 |        958 |        932 |           0 |         0
 Total, dea          | LIBRARY                        | North Midwest |     935 |        949 |        945 |           0 |         0
 Total, dea          | LIBRARY                        | NY Metro      |     933 |        977 |        965 |           0 |         0
 Total, dea          | NEXT DAY                       | Mid Atlantic  |    1225 |       1295 |       1314 |           0 |         0
 Total, dea          | NEXT DAY                       | North Midwest |    1341 |       1241 |       1276 |           0 |         0
 Total, dea          | NEXT DAY                       | NY Metro      |    1184 |       1262 |       1267 |           0 |         0
 Total, dea          | OVERNIGHT                      | Mid Atlantic  |     987 |        993 |        896 |           0 |         0
 Total, dea          | OVERNIGHT                      | North Midwest |     926 |        928 |        961 |           0 |         0
 Total, dea          | OVERNIGHT                      | NY Metro      |     972 |        994 |        978 |           0 |         0
 Total, dea          | REGULAR                        | Mid Atlantic  |     970 |        976 |       1006 |           0 |         0
 Total, dea          | REGULAR                        | North Midwest |     850 |        908 |        969 |           0 |         0
 Total, dea          | REGULAR                        | NY Metro      |     962 |        944 |        964 |           0 |         0
 Total, dea          | TWO DAY                        | Mid Atlantic  |     923 |        920 |        932 |           0 |         0
 Total, dea          | TWO DAY                        | North Midwest |     914 |        973 |        976 |           0 |         0
 Total, dea          | TWO DAY                        | NY Metro      |     939 |        952 |        984 |           0 |         0
(90 rows)

UPDATE time_statistics SET e_time = TRANSACTION_TIMESTAMP() WHERE template = 'query99.tpl' AND stream = 0;
psql:/tmp/s1-basline/power/query_0.sql:4892: NOTICE:  duration: 0.041 ms  plan:
Query Text: UPDATE time_statistics SET e_time = TRANSACTION_TIMESTAMP() WHERE template = 'query99.tpl' AND stream = 0;
Update on time_statistics  (cost=0.00..4.67 rows=0 width=0) (actual time=0.040..0.040 rows=0 loops=1)
  ->  Seq Scan on time_statistics  (cost=0.00..4.67 rows=1 width=14) (actual time=0.025..0.025 rows=1 loops=1)
        Filter: ((template = 'query99.tpl'::text) AND (stream = 0))
        Rows Removed by Filter: 99
UPDATE 1
