LOAD 'auto_explain'; SET auto_explain.log_min_duration TO 0; SET auto_explain.log_analyze TO on; SET auto_explain.log_level TO notice; INSERT INTO time_statistics (template, s_time, stream, query, seed) VALUES ('query73.tpl', TRANSACTION_TIMESTAMP(), 5, 1, 1596764194);
LOAD
SET
SET
SET
psql:/tmp/s1-basline/throughput/query_5.sql:1: NOTICE:  duration: 0.093 ms  plan:
Query Text: INSERT INTO time_statistics (template, s_time, stream, query, seed) VALUES ('query73.tpl', TRANSACTION_TIMESTAMP(), 5, 1, 1596764194);
Insert on time_statistics  (cost=0.00..0.01 rows=0 width=0) (actual time=0.092..0.092 rows=0 loops=1)
  ->  Result  (cost=0.00..0.01 rows=1 width=64) (actual time=0.007..0.007 rows=1 loops=1)
INSERT 0 1
select c_last_name
       ,c_first_name
       ,c_salutation
       ,c_preferred_cust_flag 
       ,ss_ticket_number
       ,cnt from
   (select ss_ticket_number
          ,ss_customer_sk
          ,count(*) cnt
    from store_sales,date_dim,store,household_demographics
    where store_sales.ss_sold_date_sk = date_dim.d_date_sk
    and store_sales.ss_store_sk = store.s_store_sk  
    and store_sales.ss_hdemo_sk = household_demographics.hd_demo_sk
    and date_dim.d_dom between 1 and 2 
    and (household_demographics.hd_buy_potential = '>10000' or
         household_demographics.hd_buy_potential = 'Unknown')
    and household_demographics.hd_vehicle_count > 0
    and case when household_demographics.hd_vehicle_count > 0 then 
             household_demographics.hd_dep_count/ household_demographics.hd_vehicle_count else null end > 1
    and date_dim.d_year in (1998,1998+1,1998+2)
    and store.s_county in ('Williamson County','Williamson County','Williamson County','Williamson County')
    group by ss_ticket_number,ss_customer_sk) dj,customer
    where ss_customer_sk = c_customer_sk
      and cnt between 1 and 5
    order by cnt desc, c_last_name asc;
psql:/tmp/s1-basline/throughput/query_5.sql:26: NOTICE:  duration: 261.077 ms  plan:
Query Text: select c_last_name
       ,c_first_name
       ,c_salutation
       ,c_preferred_cust_flag 
       ,ss_ticket_number
       ,cnt from
   (select ss_ticket_number
          ,ss_customer_sk
          ,count(*) cnt
    from store_sales,date_dim,store,household_demographics
    where store_sales.ss_sold_date_sk = date_dim.d_date_sk
    and store_sales.ss_store_sk = store.s_store_sk  
    and store_sales.ss_hdemo_sk = household_demographics.hd_demo_sk
    and date_dim.d_dom between 1 and 2 
    and (household_demographics.hd_buy_potential = '>10000' or
         household_demographics.hd_buy_potential = 'Unknown')
    and household_demographics.hd_vehicle_count > 0
    and case when household_demographics.hd_vehicle_count > 0 then 
             household_demographics.hd_dep_count/ household_demographics.hd_vehicle_count else null end > 1
    and date_dim.d_year in (1998,1998+1,1998+2)
    and store.s_county in ('Williamson County','Williamson County','Williamson County','Williamson County')
    group by ss_ticket_number,ss_customer_sk) dj,customer
    where ss_customer_sk = c_customer_sk
      and cnt between 1 and 5
    order by cnt desc, c_last_name asc;
Sort  (cost=75766.99..75767.04 rows=19 width=81) (actual time=261.057..261.060 rows=8 loops=1)
  Sort Key: (count(*)) DESC, customer.c_last_name
  Sort Method: quicksort  Memory: 25kB
  ->  Nested Loop  (cost=75714.80..75766.59 rows=19 width=81) (actual time=259.392..261.019 rows=8 loops=1)
        ->  GroupAggregate  (cost=75714.51..75718.71 rows=19 width=24) (actual time=259.206..260.845 rows=87 loops=1)
              Group Key: store_sales.ss_ticket_number, store_sales.ss_customer_sk
              Filter: ((count(*) >= 1) AND (count(*) <= 5))
              Rows Removed by Filter: 1057
              ->  Sort  (cost=75714.51..75714.93 rows=168 width=16) (actual time=259.190..259.659 rows=11657 loops=1)
                    Sort Key: store_sales.ss_ticket_number, store_sales.ss_customer_sk
                    Sort Method: quicksort  Memory: 1021kB
                    ->  Nested Loop  (cost=0.71..75708.30 rows=168 width=16) (actual time=8.096..256.250 rows=11657 loops=1)
                          Join Filter: (store_sales.ss_store_sk = store.s_store_sk)
                          Rows Removed by Join Filter: 50997
                          ->  Nested Loop  (cost=0.71..75677.54 rows=176 width=24) (actual time=8.081..249.006 rows=11792 loops=1)
                                ->  Nested Loop  (cost=0.43..74820.03 rows=2722 width=32) (actual time=8.038..115.995 rows=105280 loops=1)
                                      ->  Seq Scan on date_dim  (cost=0.00..2774.67 rows=72 width=8) (actual time=7.991..14.616 rows=72 loops=1)
                                            Filter: ((d_dom >= 1) AND (d_dom <= 2) AND (d_year = ANY ('{1998,1999,2000}'::integer[])))
                                            Rows Removed by Filter: 72977
                                      ->  Index Scan using i_ss_sold_date_sk on store_sales  (cost=0.43..985.48 rows=1515 width=40) (actual time=0.016..1.209 rows=1462 loops=72)
                                            Index Cond: (ss_sold_date_sk = date_dim.d_date_sk)
                                ->  Index Scan using pk_household_demographics on household_demographics  (cost=0.28..0.32 rows=1 width=8) (actual time=0.001..0.001 rows=0 loops=105280)
                                      Index Cond: (hd_demo_sk = store_sales.ss_hdemo_sk)
                                      Filter: ((hd_vehicle_count > 0) AND ((hd_buy_potential = '>10000'::bpchar) OR (hd_buy_potential = 'Unknown'::bpchar)) AND (CASE WHEN (hd_vehicle_count > 0) THEN (hd_dep_count / hd_vehicle_count) ELSE NULL::integer END > 1))
                                      Rows Removed by Filter: 1
                          ->  Materialize  (cost=0.00..1.24 rows=12 width=8) (actual time=0.000..0.000 rows=5 loops=11792)
                                ->  Seq Scan on store  (cost=0.00..1.18 rows=12 width=8) (actual time=0.004..0.009 rows=12 loops=1)
                                      Filter: ((s_county)::text = ANY ('{"Williamson County","Williamson County","Williamson County","Williamson County"}'::text[]))
        ->  Index Scan using pk_customer on customer  (cost=0.29..2.51 rows=1 width=73) (actual time=0.002..0.002 rows=0 loops=87)
              Index Cond: (c_customer_sk = store_sales.ss_customer_sk)
          c_last_name           |     c_first_name     | c_salutation | c_preferred_cust_flag | ss_ticket_number | cnt 
--------------------------------+----------------------+--------------+-----------------------+------------------+-----
 Cortes                         | Joana                | Dr.          | Y                     |           190973 |   5
 Frazier                        | Eva                  | Miss         | N                     |           236424 |   5
 Gonzalez                       | Evelyn               | Dr.          | N                     |           161006 |   5
 Mcginnis                       | John                 | Mr.          | N                     |            82084 |   5
 Murphy                         | Herman               | Dr.          | Y                     |            21048 |   5
 Post                           | Brian                | Dr.          | N                     |           123235 |   5
                                |                      |              |                       |            37421 |   5
                                |                      | Mr.          |                       |            30145 |   5
(8 rows)

UPDATE time_statistics SET e_time = TRANSACTION_TIMESTAMP() WHERE template = 'query73.tpl' AND stream = 5;
psql:/tmp/s1-basline/throughput/query_5.sql:28: NOTICE:  duration: 0.089 ms  plan:
Query Text: UPDATE time_statistics SET e_time = TRANSACTION_TIMESTAMP() WHERE template = 'query73.tpl' AND stream = 5;
Update on time_statistics  (cost=0.00..12.86 rows=0 width=0) (actual time=0.089..0.089 rows=0 loops=1)
  ->  Seq Scan on time_statistics  (cost=0.00..12.86 rows=1 width=14) (actual time=0.073..0.073 rows=1 loops=1)
        Filter: ((template = 'query73.tpl'::text) AND (stream = 5))
        Rows Removed by Filter: 402
UPDATE 1
LOAD 'auto_explain'; SET auto_explain.log_min_duration TO 0; SET auto_explain.log_analyze TO on; SET auto_explain.log_level TO notice; INSERT INTO time_statistics (template, s_time, stream, query, seed) VALUES ('query66.tpl', TRANSACTION_TIMESTAMP(), 5, 2, 1799131414);
LOAD
SET
SET
SET
psql:/tmp/s1-basline/throughput/query_5.sql:29: NOTICE:  duration: 0.015 ms  plan:
Query Text: INSERT INTO time_statistics (template, s_time, stream, query, seed) VALUES ('query66.tpl', TRANSACTION_TIMESTAMP(), 5, 2, 1799131414);
Insert on time_statistics  (cost=0.00..0.01 rows=0 width=0) (actual time=0.014..0.014 rows=0 loops=1)
  ->  Result  (cost=0.00..0.01 rows=1 width=64) (actual time=0.001..0.002 rows=1 loops=1)
INSERT 0 1
select   
         w_warehouse_name
 	,w_warehouse_sq_ft
 	,w_city
 	,w_county
 	,w_state
 	,w_country
        ,ship_carriers
        ,year
 	,sum(jan_sales) as jan_sales
 	,sum(feb_sales) as feb_sales
 	,sum(mar_sales) as mar_sales
 	,sum(apr_sales) as apr_sales
 	,sum(may_sales) as may_sales
 	,sum(jun_sales) as jun_sales
 	,sum(jul_sales) as jul_sales
 	,sum(aug_sales) as aug_sales
 	,sum(sep_sales) as sep_sales
 	,sum(oct_sales) as oct_sales
 	,sum(nov_sales) as nov_sales
 	,sum(dec_sales) as dec_sales
 	,sum(jan_sales/w_warehouse_sq_ft) as jan_sales_per_sq_foot
 	,sum(feb_sales/w_warehouse_sq_ft) as feb_sales_per_sq_foot
 	,sum(mar_sales/w_warehouse_sq_ft) as mar_sales_per_sq_foot
 	,sum(apr_sales/w_warehouse_sq_ft) as apr_sales_per_sq_foot
 	,sum(may_sales/w_warehouse_sq_ft) as may_sales_per_sq_foot
 	,sum(jun_sales/w_warehouse_sq_ft) as jun_sales_per_sq_foot
 	,sum(jul_sales/w_warehouse_sq_ft) as jul_sales_per_sq_foot
 	,sum(aug_sales/w_warehouse_sq_ft) as aug_sales_per_sq_foot
 	,sum(sep_sales/w_warehouse_sq_ft) as sep_sales_per_sq_foot
 	,sum(oct_sales/w_warehouse_sq_ft) as oct_sales_per_sq_foot
 	,sum(nov_sales/w_warehouse_sq_ft) as nov_sales_per_sq_foot
 	,sum(dec_sales/w_warehouse_sq_ft) as dec_sales_per_sq_foot
 	,sum(jan_net) as jan_net
 	,sum(feb_net) as feb_net
 	,sum(mar_net) as mar_net
 	,sum(apr_net) as apr_net
 	,sum(may_net) as may_net
 	,sum(jun_net) as jun_net
 	,sum(jul_net) as jul_net
 	,sum(aug_net) as aug_net
 	,sum(sep_net) as sep_net
 	,sum(oct_net) as oct_net
 	,sum(nov_net) as nov_net
 	,sum(dec_net) as dec_net
 from (
     select 
 	w_warehouse_name
 	,w_warehouse_sq_ft
 	,w_city
 	,w_county
 	,w_state
 	,w_country
 	,'LATVIAN' || ',' || 'USPS' as ship_carriers
       ,d_year as year
 	,sum(case when d_moy = 1 
 		then ws_ext_sales_price* ws_quantity else 0 end) as jan_sales
 	,sum(case when d_moy = 2 
 		then ws_ext_sales_price* ws_quantity else 0 end) as feb_sales
 	,sum(case when d_moy = 3 
 		then ws_ext_sales_price* ws_quantity else 0 end) as mar_sales
 	,sum(case when d_moy = 4 
 		then ws_ext_sales_price* ws_quantity else 0 end) as apr_sales
 	,sum(case when d_moy = 5 
 		then ws_ext_sales_price* ws_quantity else 0 end) as may_sales
 	,sum(case when d_moy = 6 
 		then ws_ext_sales_price* ws_quantity else 0 end) as jun_sales
 	,sum(case when d_moy = 7 
 		then ws_ext_sales_price* ws_quantity else 0 end) as jul_sales
 	,sum(case when d_moy = 8 
 		then ws_ext_sales_price* ws_quantity else 0 end) as aug_sales
 	,sum(case when d_moy = 9 
 		then ws_ext_sales_price* ws_quantity else 0 end) as sep_sales
 	,sum(case when d_moy = 10 
 		then ws_ext_sales_price* ws_quantity else 0 end) as oct_sales
 	,sum(case when d_moy = 11
 		then ws_ext_sales_price* ws_quantity else 0 end) as nov_sales
 	,sum(case when d_moy = 12
 		then ws_ext_sales_price* ws_quantity else 0 end) as dec_sales
 	,sum(case when d_moy = 1 
 		then ws_net_paid_inc_tax * ws_quantity else 0 end) as jan_net
 	,sum(case when d_moy = 2
 		then ws_net_paid_inc_tax * ws_quantity else 0 end) as feb_net
 	,sum(case when d_moy = 3 
 		then ws_net_paid_inc_tax * ws_quantity else 0 end) as mar_net
 	,sum(case when d_moy = 4 
 		then ws_net_paid_inc_tax * ws_quantity else 0 end) as apr_net
 	,sum(case when d_moy = 5 
 		then ws_net_paid_inc_tax * ws_quantity else 0 end) as may_net
 	,sum(case when d_moy = 6 
 		then ws_net_paid_inc_tax * ws_quantity else 0 end) as jun_net
 	,sum(case when d_moy = 7 
 		then ws_net_paid_inc_tax * ws_quantity else 0 end) as jul_net
 	,sum(case when d_moy = 8 
 		then ws_net_paid_inc_tax * ws_quantity else 0 end) as aug_net
 	,sum(case when d_moy = 9 
 		then ws_net_paid_inc_tax * ws_quantity else 0 end) as sep_net
 	,sum(case when d_moy = 10 
 		then ws_net_paid_inc_tax * ws_quantity else 0 end) as oct_net
 	,sum(case when d_moy = 11
 		then ws_net_paid_inc_tax * ws_quantity else 0 end) as nov_net
 	,sum(case when d_moy = 12
 		then ws_net_paid_inc_tax * ws_quantity else 0 end) as dec_net
     from
          web_sales
         ,warehouse
         ,date_dim
         ,time_dim
 	  ,ship_mode
     where
            ws_warehouse_sk =  w_warehouse_sk
        and ws_sold_date_sk = d_date_sk
        and ws_sold_time_sk = t_time_sk
 	and ws_ship_mode_sk = sm_ship_mode_sk
        and d_year = 2002
 	and t_time between 46071 and 46071+28800 
 	and sm_carrier in ('LATVIAN','USPS')
     group by 
        w_warehouse_name
 	,w_warehouse_sq_ft
 	,w_city
 	,w_county
 	,w_state
 	,w_country
       ,d_year
 union all
     select 
 	w_warehouse_name
 	,w_warehouse_sq_ft
 	,w_city
 	,w_county
 	,w_state
 	,w_country
 	,'LATVIAN' || ',' || 'USPS' as ship_carriers
       ,d_year as year
 	,sum(case when d_moy = 1 
 		then cs_sales_price* cs_quantity else 0 end) as jan_sales
 	,sum(case when d_moy = 2 
 		then cs_sales_price* cs_quantity else 0 end) as feb_sales
 	,sum(case when d_moy = 3 
 		then cs_sales_price* cs_quantity else 0 end) as mar_sales
 	,sum(case when d_moy = 4 
 		then cs_sales_price* cs_quantity else 0 end) as apr_sales
 	,sum(case when d_moy = 5 
 		then cs_sales_price* cs_quantity else 0 end) as may_sales
 	,sum(case when d_moy = 6 
 		then cs_sales_price* cs_quantity else 0 end) as jun_sales
 	,sum(case when d_moy = 7 
 		then cs_sales_price* cs_quantity else 0 end) as jul_sales
 	,sum(case when d_moy = 8 
 		then cs_sales_price* cs_quantity else 0 end) as aug_sales
 	,sum(case when d_moy = 9 
 		then cs_sales_price* cs_quantity else 0 end) as sep_sales
 	,sum(case when d_moy = 10 
 		then cs_sales_price* cs_quantity else 0 end) as oct_sales
 	,sum(case when d_moy = 11
 		then cs_sales_price* cs_quantity else 0 end) as nov_sales
 	,sum(case when d_moy = 12
 		then cs_sales_price* cs_quantity else 0 end) as dec_sales
 	,sum(case when d_moy = 1 
 		then cs_net_paid_inc_tax * cs_quantity else 0 end) as jan_net
 	,sum(case when d_moy = 2 
 		then cs_net_paid_inc_tax * cs_quantity else 0 end) as feb_net
 	,sum(case when d_moy = 3 
 		then cs_net_paid_inc_tax * cs_quantity else 0 end) as mar_net
 	,sum(case when d_moy = 4 
 		then cs_net_paid_inc_tax * cs_quantity else 0 end) as apr_net
 	,sum(case when d_moy = 5 
 		then cs_net_paid_inc_tax * cs_quantity else 0 end) as may_net
 	,sum(case when d_moy = 6 
 		then cs_net_paid_inc_tax * cs_quantity else 0 end) as jun_net
 	,sum(case when d_moy = 7 
 		then cs_net_paid_inc_tax * cs_quantity else 0 end) as jul_net
 	,sum(case when d_moy = 8 
 		then cs_net_paid_inc_tax * cs_quantity else 0 end) as aug_net
 	,sum(case when d_moy = 9 
 		then cs_net_paid_inc_tax * cs_quantity else 0 end) as sep_net
 	,sum(case when d_moy = 10 
 		then cs_net_paid_inc_tax * cs_quantity else 0 end) as oct_net
 	,sum(case when d_moy = 11
 		then cs_net_paid_inc_tax * cs_quantity else 0 end) as nov_net
 	,sum(case when d_moy = 12
 		then cs_net_paid_inc_tax * cs_quantity else 0 end) as dec_net
     from
          catalog_sales
         ,warehouse
         ,date_dim
         ,time_dim
 	 ,ship_mode
     where
            cs_warehouse_sk =  w_warehouse_sk
        and cs_sold_date_sk = d_date_sk
        and cs_sold_time_sk = t_time_sk
 	and cs_ship_mode_sk = sm_ship_mode_sk
        and d_year = 2002
 	and t_time between 46071 AND 46071+28800 
 	and sm_carrier in ('LATVIAN','USPS')
     group by 
        w_warehouse_name
 	,w_warehouse_sq_ft
 	,w_city
 	,w_county
 	,w_state
 	,w_country
       ,d_year
 ) x
 group by 
        w_warehouse_name
 	,w_warehouse_sq_ft
 	,w_city
 	,w_county
 	,w_state
 	,w_country
 	,ship_carriers
       ,year
 order by w_warehouse_name
 limit 100;
psql:/tmp/s1-basline/throughput/query_5.sql:246: NOTICE:  duration: 450.293 ms  plan:
Query Text: select   
         w_warehouse_name
 	,w_warehouse_sq_ft
 	,w_city
 	,w_county
 	,w_state
 	,w_country
        ,ship_carriers
        ,year
 	,sum(jan_sales) as jan_sales
 	,sum(feb_sales) as feb_sales
 	,sum(mar_sales) as mar_sales
 	,sum(apr_sales) as apr_sales
 	,sum(may_sales) as may_sales
 	,sum(jun_sales) as jun_sales
 	,sum(jul_sales) as jul_sales
 	,sum(aug_sales) as aug_sales
 	,sum(sep_sales) as sep_sales
 	,sum(oct_sales) as oct_sales
 	,sum(nov_sales) as nov_sales
 	,sum(dec_sales) as dec_sales
 	,sum(jan_sales/w_warehouse_sq_ft) as jan_sales_per_sq_foot
 	,sum(feb_sales/w_warehouse_sq_ft) as feb_sales_per_sq_foot
 	,sum(mar_sales/w_warehouse_sq_ft) as mar_sales_per_sq_foot
 	,sum(apr_sales/w_warehouse_sq_ft) as apr_sales_per_sq_foot
 	,sum(may_sales/w_warehouse_sq_ft) as may_sales_per_sq_foot
 	,sum(jun_sales/w_warehouse_sq_ft) as jun_sales_per_sq_foot
 	,sum(jul_sales/w_warehouse_sq_ft) as jul_sales_per_sq_foot
 	,sum(aug_sales/w_warehouse_sq_ft) as aug_sales_per_sq_foot
 	,sum(sep_sales/w_warehouse_sq_ft) as sep_sales_per_sq_foot
 	,sum(oct_sales/w_warehouse_sq_ft) as oct_sales_per_sq_foot
 	,sum(nov_sales/w_warehouse_sq_ft) as nov_sales_per_sq_foot
 	,sum(dec_sales/w_warehouse_sq_ft) as dec_sales_per_sq_foot
 	,sum(jan_net) as jan_net
 	,sum(feb_net) as feb_net
 	,sum(mar_net) as mar_net
 	,sum(apr_net) as apr_net
 	,sum(may_net) as may_net
 	,sum(jun_net) as jun_net
 	,sum(jul_net) as jul_net
 	,sum(aug_net) as aug_net
 	,sum(sep_net) as sep_net
 	,sum(oct_net) as oct_net
 	,sum(nov_net) as nov_net
 	,sum(dec_net) as dec_net
 from (
     select 
 	w_warehouse_name
 	,w_warehouse_sq_ft
 	,w_city
 	,w_county
 	,w_state
 	,w_country
 	,'LATVIAN' || ',' || 'USPS' as ship_carriers
       ,d_year as year
 	,sum(case when d_moy = 1 
 		then ws_ext_sales_price* ws_quantity else 0 end) as jan_sales
 	,sum(case when d_moy = 2 
 		then ws_ext_sales_price* ws_quantity else 0 end) as feb_sales
 	,sum(case when d_moy = 3 
 		then ws_ext_sales_price* ws_quantity else 0 end) as mar_sales
 	,sum(case when d_moy = 4 
 		then ws_ext_sales_price* ws_quantity else 0 end) as apr_sales
 	,sum(case when d_moy = 5 
 		then ws_ext_sales_price* ws_quantity else 0 end) as may_sales
 	,sum(case when d_moy = 6 
 		then ws_ext_sales_price* ws_quantity else 0 end) as jun_sales
 	,sum(case when d_moy = 7 
 		then ws_ext_sales_price* ws_quantity else 0 end) as jul_sales
 	,sum(case when d_moy = 8 
 		then ws_ext_sales_price* ws_quantity else 0 end) as aug_sales
 	,sum(case when d_moy = 9 
 		then ws_ext_sales_price* ws_quantity else 0 end) as sep_sales
 	,sum(case when d_moy = 10 
 		then ws_ext_sales_price* ws_quantity else 0 end) as oct_sales
 	,sum(case when d_moy = 11
 		then ws_ext_sales_price* ws_quantity else 0 end) as nov_sales
 	,sum(case when d_moy = 12
 		then ws_ext_sales_price* ws_quantity else 0 end) as dec_sales
 	,sum(case when d_moy = 1 
 		then ws_net_paid_inc_tax * ws_quantity else 0 end) as jan_net
 	,sum(case when d_moy = 2
 		then ws_net_paid_inc_tax * ws_quantity else 0 end) as feb_net
 	,sum(case when d_moy = 3 
 		then ws_net_paid_inc_tax * ws_quantity else 0 end) as mar_net
 	,sum(case when d_moy = 4 
 		then ws_net_paid_inc_tax * ws_quantity else 0 end) as apr_net
 	,sum(case when d_moy = 5 
 		then ws_net_paid_inc_tax * ws_quantity else 0 end) as may_net
 	,sum(case when d_moy = 6 
 		then ws_net_paid_inc_tax * ws_quantity else 0 end) as jun_net
 	,sum(case when d_moy = 7 
 		then ws_net_paid_inc_tax * ws_quantity else 0 end) as jul_net
 	,sum(case when d_moy = 8 
 		then ws_net_paid_inc_tax * ws_quantity else 0 end) as aug_net
 	,sum(case when d_moy = 9 
 		then ws_net_paid_inc_tax * ws_quantity else 0 end) as sep_net
 	,sum(case when d_moy = 10 
 		then ws_net_paid_inc_tax * ws_quantity else 0 end) as oct_net
 	,sum(case when d_moy = 11
 		then ws_net_paid_inc_tax * ws_quantity else 0 end) as nov_net
 	,sum(case when d_moy = 12
 		then ws_net_paid_inc_tax * ws_quantity else 0 end) as dec_net
     from
          web_sales
         ,warehouse
         ,date_dim
         ,time_dim
 	  ,ship_mode
     where
            ws_warehouse_sk =  w_warehouse_sk
        and ws_sold_date_sk = d_date_sk
        and ws_sold_time_sk = t_time_sk
 	and ws_ship_mode_sk = sm_ship_mode_sk
        and d_year = 2002
 	and t_time between 46071 and 46071+28800 
 	and sm_carrier in ('LATVIAN','USPS')
     group by 
        w_warehouse_name
 	,w_warehouse_sq_ft
 	,w_city
 	,w_county
 	,w_state
 	,w_country
       ,d_year
 union all
     select 
 	w_warehouse_name
 	,w_warehouse_sq_ft
 	,w_city
 	,w_county
 	,w_state
 	,w_country
 	,'LATVIAN' || ',' || 'USPS' as ship_carriers
       ,d_year as year
 	,sum(case when d_moy = 1 
 		then cs_sales_price* cs_quantity else 0 end) as jan_sales
 	,sum(case when d_moy = 2 
 		then cs_sales_price* cs_quantity else 0 end) as feb_sales
 	,sum(case when d_moy = 3 
 		then cs_sales_price* cs_quantity else 0 end) as mar_sales
 	,sum(case when d_moy = 4 
 		then cs_sales_price* cs_quantity else 0 end) as apr_sales
 	,sum(case when d_moy = 5 
 		then cs_sales_price* cs_quantity else 0 end) as may_sales
 	,sum(case when d_moy = 6 
 		then cs_sales_price* cs_quantity else 0 end) as jun_sales
 	,sum(case when d_moy = 7 
 		then cs_sales_price* cs_quantity else 0 end) as jul_sales
 	,sum(case when d_moy = 8 
 		then cs_sales_price* cs_quantity else 0 end) as aug_sales
 	,sum(case when d_moy = 9 
 		then cs_sales_price* cs_quantity else 0 end) as sep_sales
 	,sum(case when d_moy = 10 
 		then cs_sales_price* cs_quantity else 0 end) as oct_sales
 	,sum(case when d_moy = 11
 		then cs_sales_price* cs_quantity else 0 end) as nov_sales
 	,sum(case when d_moy = 12
 		then cs_sales_price* cs_quantity else 0 end) as dec_sales
 	,sum(case when d_moy = 1 
 		then cs_net_paid_inc_tax * cs_quantity else 0 end) as jan_net
 	,sum(case when d_moy = 2 
 		then cs_net_paid_inc_tax * cs_quantity else 0 end) as feb_net
 	,sum(case when d_moy = 3 
 		then cs_net_paid_inc_tax * cs_quantity else 0 end) as mar_net
 	,sum(case when d_moy = 4 
 		then cs_net_paid_inc_tax * cs_quantity else 0 end) as apr_net
 	,sum(case when d_moy = 5 
 		then cs_net_paid_inc_tax * cs_quantity else 0 end) as may_net
 	,sum(case when d_moy = 6 
 		then cs_net_paid_inc_tax * cs_quantity else 0 end) as jun_net
 	,sum(case when d_moy = 7 
 		then cs_net_paid_inc_tax * cs_quantity else 0 end) as jul_net
 	,sum(case when d_moy = 8 
 		then cs_net_paid_inc_tax * cs_quantity else 0 end) as aug_net
 	,sum(case when d_moy = 9 
 		then cs_net_paid_inc_tax * cs_quantity else 0 end) as sep_net
 	,sum(case when d_moy = 10 
 		then cs_net_paid_inc_tax * cs_quantity else 0 end) as oct_net
 	,sum(case when d_moy = 11
 		then cs_net_paid_inc_tax * cs_quantity else 0 end) as nov_net
 	,sum(case when d_moy = 12
 		then cs_net_paid_inc_tax * cs_quantity else 0 end) as dec_net
     from
          catalog_sales
         ,warehouse
         ,date_dim
         ,time_dim
 	 ,ship_mode
     where
            cs_warehouse_sk =  w_warehouse_sk
        and cs_sold_date_sk = d_date_sk
        and cs_sold_time_sk = t_time_sk
 	and cs_ship_mode_sk = sm_ship_mode_sk
        and d_year = 2002
 	and t_time between 46071 AND 46071+28800 
 	and sm_carrier in ('LATVIAN','USPS')
     group by 
        w_warehouse_name
 	,w_warehouse_sq_ft
 	,w_city
 	,w_county
 	,w_state
 	,w_country
       ,d_year
 ) x
 group by 
        w_warehouse_name
 	,w_warehouse_sq_ft
 	,w_city
 	,w_county
 	,w_state
 	,w_country
 	,ship_carriers
       ,year
 order by w_warehouse_name
 limit 100;
Limit  (cost=55101.67..55190.31 rows=100 width=384) (actual time=450.095..450.251 rows=5 loops=1)
  ->  GroupAggregate  (cost=55101.67..55278.95 rows=200 width=384) (actual time=450.094..450.249 rows=5 loops=1)
        Group Key: warehouse.w_warehouse_name, warehouse.w_warehouse_sq_ft, warehouse.w_city, warehouse.w_county, warehouse.w_state, warehouse.w_country, ('LATVIAN,USPS'::text), date_dim.d_year
        ->  Incremental Sort  (cost=55101.67..55217.28 rows=351 width=288) (actual time=450.081..450.222 rows=10 loops=1)
              Sort Key: warehouse.w_warehouse_name, warehouse.w_warehouse_sq_ft, warehouse.w_city, warehouse.w_county, warehouse.w_state, warehouse.w_country, ('LATVIAN,USPS'::text), date_dim.d_year
              Presorted Key: warehouse.w_warehouse_name, warehouse.w_warehouse_sq_ft, warehouse.w_city, warehouse.w_county, warehouse.w_state, warehouse.w_country
              Full-sort Groups: 1  Sort Method: quicksort  Average Memory: 28kB  Peak Memory: 28kB
              ->  Merge Append  (cost=55101.13..55204.77 rows=351 width=288) (actual time=439.986..450.176 rows=10 loops=1)
                    Sort Key: warehouse.w_warehouse_name, warehouse.w_warehouse_sq_ft, warehouse.w_city, warehouse.w_county, warehouse.w_state, warehouse.w_country
                    ->  Finalize GroupAggregate  (cost=33107.42..33141.41 rows=119 width=288) (actual time=144.115..145.754 rows=5 loops=1)
                          Group Key: warehouse.w_warehouse_name, warehouse.w_warehouse_sq_ft, warehouse.w_city, warehouse.w_county, warehouse.w_state, warehouse.w_country, date_dim.d_year
                          ->  Gather Merge  (cost=33107.42..33132.47 rows=100 width=256) (actual time=143.667..145.725 rows=15 loops=1)
                                Workers Planned: 2
                                Workers Launched: 2
                                ->  Partial GroupAggregate  (cost=32107.40..32120.90 rows=50 width=256) (actual time=137.153..138.625 rows=5 loops=3)
                                      Group Key: warehouse.w_warehouse_name, warehouse.w_warehouse_sq_ft, warehouse.w_city, warehouse.w_county, warehouse.w_state, warehouse.w_country, date_dim.d_year
                                      ->  Sort  (cost=32107.40..32107.53 rows=50 width=88) (actual time=136.774..136.906 rows=2100 loops=3)
                                            Sort Key: warehouse.w_warehouse_name, warehouse.w_warehouse_sq_ft, warehouse.w_city, warehouse.w_county, warehouse.w_state, warehouse.w_country
                                            Sort Method: quicksort  Memory: 447kB
                                            Worker 0:  Sort Method: quicksort  Memory: 300kB
                                            Worker 1:  Sort Method: quicksort  Memory: 304kB
                                            ->  Hash Join  (cost=2.98..32105.99 rows=50 width=88) (actual time=0.472..135.031 rows=2100 loops=3)
                                                  Hash Cond: (web_sales.ws_warehouse_sk = warehouse.w_warehouse_sk)
                                                  ->  Nested Loop  (cost=1.87..32104.63 rows=50 width=36) (actual time=0.410..134.418 rows=2100 loops=3)
                                                        ->  Nested Loop  (cost=1.58..32057.01 rows=150 width=44) (actual time=0.264..119.663 rows=4657 loops=3)
                                                              ->  Hash Join  (cost=1.27..30730.65 rows=30104 width=44) (actual time=0.065..108.073 rows=23656 loops=3)
                                                                    Hash Cond: (web_sales.ws_ship_mode_sk = ship_mode.sm_ship_mode_sk)
                                                                    ->  Parallel Seq Scan on web_sales  (cost=0.00..29771.63 rows=301063 width=52) (actual time=0.018..60.977 rows=237185 loops=3)
                                                                    ->  Hash  (cost=1.25..1.25 rows=2 width=8) (actual time=0.030..0.031 rows=2 loops=3)
                                                                          Buckets: 1024  Batches: 1  Memory Usage: 9kB
                                                                          ->  Seq Scan on ship_mode  (cost=0.00..1.25 rows=2 width=8) (actual time=0.025..0.028 rows=2 loops=3)
                                                                                Filter: (sm_carrier = ANY ('{LATVIAN,USPS}'::bpchar[]))
                                                                                Rows Removed by Filter: 18
                                                              ->  Memoize  (cost=0.30..0.32 rows=1 width=16) (actual time=0.000..0.000 rows=0 loops=70969)
                                                                    Cache Key: web_sales.ws_sold_date_sk
                                                                    Cache Mode: logical
                                                                    Hits: 27060  Misses: 1800  Evictions: 0  Overflows: 0  Memory Usage: 144kB
                                                                    Worker 0:  Hits: 19154  Misses: 1781  Evictions: 0  Overflows: 0  Memory Usage: 142kB
                                                                    Worker 1:  Hits: 19388  Misses: 1786  Evictions: 0  Overflows: 0  Memory Usage: 143kB
                                                                    ->  Index Scan using pk_date_dim on date_dim  (cost=0.29..0.31 rows=1 width=16) (actual time=0.002..0.002 rows=0 loops=5367)
                                                                          Index Cond: (d_date_sk = web_sales.ws_sold_date_sk)
                                                                          Filter: (d_year = 2002)
                                                                          Rows Removed by Filter: 1
                                                        ->  Index Scan using pk_time_dim on time_dim  (cost=0.29..0.32 rows=1 width=8) (actual time=0.003..0.003 rows=0 loops=13970)
                                                              Index Cond: (t_time_sk = web_sales.ws_sold_time_sk)
                                                              Filter: ((t_time >= 46071) AND (t_time <= 74871))
                                                              Rows Removed by Filter: 1
                                                  ->  Hash  (cost=1.05..1.05 rows=5 width=68) (actual time=0.029..0.030 rows=5 loops=3)
                                                        Buckets: 1024  Batches: 1  Memory Usage: 9kB
                                                        ->  Seq Scan on warehouse  (cost=0.00..1.05 rows=5 width=68) (actual time=0.022..0.024 rows=5 loops=3)
                    ->  GroupAggregate  (cost=21993.70..22056.34 rows=232 width=288) (actual time=295.868..304.416 rows=5 loops=1)
                          Group Key: warehouse_1.w_warehouse_name, warehouse_1.w_warehouse_sq_ft, warehouse_1.w_city, warehouse_1.w_county, warehouse_1.w_state, warehouse_1.w_country, date_dim_1.d_year
                          ->  Sort  (cost=21993.70..21994.28 rows=232 width=88) (actual time=293.745..294.327 rows=12724 loops=1)
                                Sort Key: warehouse_1.w_warehouse_name, warehouse_1.w_warehouse_sq_ft, warehouse_1.w_city, warehouse_1.w_county, warehouse_1.w_state, warehouse_1.w_country
                                Sort Method: quicksort  Memory: 2114kB
                                ->  Nested Loop  (cost=0.72..21984.58 rows=232 width=88) (actual time=4.121..284.041 rows=12724 loops=1)
                                      Join Filter: (catalog_sales.cs_warehouse_sk = warehouse_1.w_warehouse_sk)
                                      Rows Removed by Join Filter: 25488
                                      ->  Nested Loop  (cost=0.72..21968.34 rows=233 width=36) (actual time=4.110..277.223 rows=12736 loops=1)
                                            ->  Nested Loop  (cost=0.43..21743.80 rows=710 width=44) (actual time=4.098..227.312 rows=28317 loops=1)
                                                  Join Filter: (catalog_sales.cs_ship_mode_sk = ship_mode_1.sm_ship_mode_sk)
                                                  Rows Removed by Join Filter: 525472
                                                  ->  Nested Loop  (cost=0.43..21531.98 rows=7137 width=52) (actual time=4.070..142.710 rows=284026 loops=1)
                                                        ->  Seq Scan on date_dim date_dim_1  (cost=0.00..2318.11 rows=363 width=16) (actual time=4.040..8.485 rows=365 loops=1)
                                                              Filter: (d_year = 2002)
                                                              Rows Removed by Filter: 72684
                                                        ->  Index Scan using i_cs_sold_date_sk on catalog_sales  (cost=0.43..45.08 rows=785 width=52) (actual time=0.005..0.178 rows=778 loops=365)
                                                              Index Cond: (cs_sold_date_sk = date_dim_1.d_date_sk)
                                                  ->  Materialize  (cost=0.00..1.26 rows=2 width=8) (actual time=0.000..0.000 rows=2 loops=284026)
                                                        ->  Seq Scan on ship_mode ship_mode_1  (cost=0.00..1.25 rows=2 width=8) (actual time=0.007..0.010 rows=2 loops=1)
                                                              Filter: (sm_carrier = ANY ('{LATVIAN,USPS}'::bpchar[]))
                                                              Rows Removed by Filter: 18
                                            ->  Index Scan using pk_time_dim on time_dim time_dim_1  (cost=0.29..0.32 rows=1 width=8) (actual time=0.002..0.002 rows=0 loops=28317)
                                                  Index Cond: (t_time_sk = catalog_sales.cs_sold_time_sk)
                                                  Filter: ((t_time >= 46071) AND (t_time <= 74871))
                                                  Rows Removed by Filter: 1
                                      ->  Materialize  (cost=0.00..1.07 rows=5 width=68) (actual time=0.000..0.000 rows=3 loops=12736)
                                            ->  Seq Scan on warehouse warehouse_1  (cost=0.00..1.05 rows=5 width=68) (actual time=0.004..0.005 rows=5 loops=1)
  w_warehouse_name   | w_warehouse_sq_ft |  w_city  |     w_county      | w_state |   w_country   | ship_carriers | year |     jan_sales      |     feb_sales      |     mar_sales      |     apr_sales      |     may_sales      |     jun_sales      |     jul_sales      |     aug_sales      |     sep_sales      |     oct_sales      |     nov_sales      |     dec_sales     | jan_sales_per_sq_foot | feb_sales_per_sq_foot | mar_sales_per_sq_foot | apr_sales_per_sq_foot | may_sales_per_sq_foot | jun_sales_per_sq_foot | jul_sales_per_sq_foot | aug_sales_per_sq_foot | sep_sales_per_sq_foot | oct_sales_per_sq_foot | nov_sales_per_sq_foot | dec_sales_per_sq_foot |      jan_net       |      feb_net       |      mar_net      |      apr_net       |      may_net       |      jun_net       |      jul_net       |      aug_net       |      sep_net      |      oct_net       |      nov_net       |      dec_net       
---------------------+-------------------+----------+-------------------+---------+---------------+---------------+------+--------------------+--------------------+--------------------+--------------------+--------------------+--------------------+--------------------+--------------------+--------------------+--------------------+--------------------+-------------------+-----------------------+-----------------------+-----------------------+-----------------------+-----------------------+-----------------------+-----------------------+-----------------------+-----------------------+-----------------------+-----------------------+-----------------------+--------------------+--------------------+-------------------+--------------------+--------------------+--------------------+--------------------+--------------------+-------------------+--------------------+--------------------+--------------------
 Neither dea         |            230810 | Midway   | Williamson County | TN      | United States | LATVIAN,USPS  | 2002 | 13969030.340000004 | 12685289.089999998 | 12859914.129999999 |          8409477.2 |        12225153.61 |        12421365.33 |        11633312.97 | 15773286.030000003 | 28364350.929999996 | 25993750.170000006 | 33230412.580000002 | 43636073.94999999 |     60.52177262683593 |    54.959876478488795 |    55.716451323599486 |    36.434631081842205 |    52.966308262207015 |     53.81640886443395 |    50.402118495732424 |     68.33883293618129 |    122.89047671244745 |    112.61968792513325 |    143.97301927992723 |    189.05625384515398 | 32072517.690000005 | 28400670.840000004 |       38068548.14 | 27002257.650000002 |        28886051.66 | 32260604.790000003 | 31452084.930000007 | 50026448.230000004 | 67104968.81000002 |  79953233.75999999 | 106128787.35999998 |        99155985.98
 Parties use         |            115988 | Midway   | Williamson County | TN      | United States | LATVIAN,USPS  | 2002 | 14046352.999999998 |         8444236.38 |         8824856.98 |  8958104.780000001 |  8274504.510000001 | 11658907.130000003 |        16817706.97 |        28845331.46 |        22807494.22 | 18045773.959999997 | 31015981.590000004 |       30999382.52 |    121.10177777011413 |     72.80267251784667 |     76.08422405766113 |      77.2330308307756 |     71.33931536020968 |    100.51821852260579 |     144.9952320067593 |    248.69237731489466 |    196.63667120736625 |     155.5831117012104 |    267.40681441183574 |     267.2637041762941 | 31256965.699999996 |  27735691.02999999 | 26119449.00999999 |  32017654.28000001 | 29435028.689999994 |  34428709.36999999 |        40884620.45 | 66758340.699999966 | 65708519.84000002 | 62183597.410000026 |        86868227.77 |  90611612.84999995
 Persons make more e |            551529 | Midway   | Williamson County | TN      | United States | LATVIAN,USPS  | 2002 | 10949798.960000003 |         8622328.21 | 11534508.989999998 |        12515364.67 | 5932193.7299999995 | 15550320.809999997 | 11755421.860000001 |        23206443.48 |        22071450.19 | 27494020.099999994 |        37848422.86 |       39134433.41 |     19.85353256129778 |     15.63349925389236 |    20.913694456683146 |     22.69212438511846 |    10.755905364903748 |     28.19492866195612 |    21.314240701758205 |     42.07656076108419 |    40.018657568323704 |    49.850542945157905 |     68.62453807506041 |     70.95625689673615 |         29344570.1 | 29886759.790000007 |       32555771.11 | 28466680.119999997 |        20784276.61 | 35386468.400000006 | 31520659.740000002 |  55849275.45999999 | 67663671.75999999 |  69398773.28999999 | 101365354.32000005 |  95002060.67999998
 Single, simple r    |            685286 | Midway   | Williamson County | TN      | United States | LATVIAN,USPS  | 2002 |        14347404.64 | 11898968.639999999 |        14118237.55 |        12321797.47 | 12999165.149999999 |  5909638.540000001 |        12344362.69 | 26222299.000000004 |        28813015.28 |        27800639.84 |        39459432.94 | 39806957.29000001 |     20.93637494418389 |    17.363507557428573 |    20.601964070475685 |     17.98051830914392 |     18.96896354222908 |     8.623609033308723 |    18.013446488035648 |    38.264752234833345 |     42.04524137367464 |     40.56793782449955 |    57.580970485315625 |    58.088093569692084 | 33066880.800000004 | 35221516.440000005 |       30976879.25 |        26773118.99 |  33828932.25000001 |        19942960.36 |        30847175.54 |  63938934.48000001 |       77652374.87 |  74913163.50999999 | 102407148.99999999 | 115103495.13000003
 Total, dea          |            947902 | Fairview | Williamson County | TN      | United States | LATVIAN,USPS  | 2002 |         9260785.96 |         11124836.9 |        12051900.39 | 10842696.459999999 |         8958228.66 | 11310831.540000001 | 11453838.259999998 | 23839925.860000003 |        24606724.67 | 21475317.209999997 |        40030306.16 |        38414575.6 |     9.769771516464784 |    11.736273264535786 |    12.714289441313555 |     11.43862599720224 |     9.450585250373985 |    11.932490426225497 |      12.0833569926005 |     25.15020103344017 |     25.95914416258221 |    22.655630233927134 |     42.23042694286961 |     40.52589360503512 |        28625408.13 | 29317745.630000006 |       31595622.08 | 30983819.550000004 |  29714228.03000001 | 26773858.939999998 | 36304697.919999994 |  69986137.36999995 |       58638035.67 |  74696412.82000007 | 111290562.38999993 | 106449738.77000001
(5 rows)

UPDATE time_statistics SET e_time = TRANSACTION_TIMESTAMP() WHERE template = 'query66.tpl' AND stream = 5;
psql:/tmp/s1-basline/throughput/query_5.sql:248: NOTICE:  duration: 0.086 ms  plan:
Query Text: UPDATE time_statistics SET e_time = TRANSACTION_TIMESTAMP() WHERE template = 'query66.tpl' AND stream = 5;
Update on time_statistics  (cost=0.00..12.86 rows=0 width=0) (actual time=0.086..0.086 rows=0 loops=1)
  ->  Seq Scan on time_statistics  (cost=0.00..12.86 rows=1 width=14) (actual time=0.054..0.055 rows=1 loops=1)
        Filter: ((template = 'query66.tpl'::text) AND (stream = 5))
        Rows Removed by Filter: 404
UPDATE 1
LOAD 'auto_explain'; SET auto_explain.log_min_duration TO 0; SET auto_explain.log_analyze TO on; SET auto_explain.log_level TO notice; INSERT INTO time_statistics (template, s_time, stream, query, seed) VALUES ('query4.tpl', TRANSACTION_TIMESTAMP(), 5, 3, 1667407484);
LOAD
SET
SET
SET
psql:/tmp/s1-basline/throughput/query_5.sql:249: NOTICE:  duration: 0.025 ms  plan:
Query Text: INSERT INTO time_statistics (template, s_time, stream, query, seed) VALUES ('query4.tpl', TRANSACTION_TIMESTAMP(), 5, 3, 1667407484);
Insert on time_statistics  (cost=0.00..0.01 rows=0 width=0) (actual time=0.024..0.024 rows=0 loops=1)
  ->  Result  (cost=0.00..0.01 rows=1 width=64) (actual time=0.001..0.002 rows=1 loops=1)
INSERT 0 1
with year_total as (
 select c_customer_id customer_id
       ,c_first_name customer_first_name
       ,c_last_name customer_last_name
       ,c_preferred_cust_flag customer_preferred_cust_flag
       ,c_birth_country customer_birth_country
       ,c_login customer_login
       ,c_email_address customer_email_address
       ,d_year dyear
       ,sum(((ss_ext_list_price-ss_ext_wholesale_cost-ss_ext_discount_amt)+ss_ext_sales_price)/2) year_total
       ,'s' sale_type
 from customer
     ,store_sales
     ,date_dim
 where c_customer_sk = ss_customer_sk
   and ss_sold_date_sk = d_date_sk
 group by c_customer_id
         ,c_first_name
         ,c_last_name
         ,c_preferred_cust_flag
         ,c_birth_country
         ,c_login
         ,c_email_address
         ,d_year
 union all
 select c_customer_id customer_id
       ,c_first_name customer_first_name
       ,c_last_name customer_last_name
       ,c_preferred_cust_flag customer_preferred_cust_flag
       ,c_birth_country customer_birth_country
       ,c_login customer_login
       ,c_email_address customer_email_address
       ,d_year dyear
       ,sum((((cs_ext_list_price-cs_ext_wholesale_cost-cs_ext_discount_amt)+cs_ext_sales_price)/2) ) year_total
       ,'c' sale_type
 from customer
     ,catalog_sales
     ,date_dim
 where c_customer_sk = cs_bill_customer_sk
   and cs_sold_date_sk = d_date_sk
 group by c_customer_id
         ,c_first_name
         ,c_last_name
         ,c_preferred_cust_flag
         ,c_birth_country
         ,c_login
         ,c_email_address
         ,d_year
union all
 select c_customer_id customer_id
       ,c_first_name customer_first_name
       ,c_last_name customer_last_name
       ,c_preferred_cust_flag customer_preferred_cust_flag
       ,c_birth_country customer_birth_country
       ,c_login customer_login
       ,c_email_address customer_email_address
       ,d_year dyear
       ,sum((((ws_ext_list_price-ws_ext_wholesale_cost-ws_ext_discount_amt)+ws_ext_sales_price)/2) ) year_total
       ,'w' sale_type
 from customer
     ,web_sales
     ,date_dim
 where c_customer_sk = ws_bill_customer_sk
   and ws_sold_date_sk = d_date_sk
 group by c_customer_id
         ,c_first_name
         ,c_last_name
         ,c_preferred_cust_flag
         ,c_birth_country
         ,c_login
         ,c_email_address
         ,d_year
         )
  select  
                  t_s_secyear.customer_id
                 ,t_s_secyear.customer_first_name
                 ,t_s_secyear.customer_last_name
                 ,t_s_secyear.customer_login
 from year_total t_s_firstyear
     ,year_total t_s_secyear
     ,year_total t_c_firstyear
     ,year_total t_c_secyear
     ,year_total t_w_firstyear
     ,year_total t_w_secyear
 where t_s_secyear.customer_id = t_s_firstyear.customer_id
   and t_s_firstyear.customer_id = t_c_secyear.customer_id
   and t_s_firstyear.customer_id = t_c_firstyear.customer_id
   and t_s_firstyear.customer_id = t_w_firstyear.customer_id
   and t_s_firstyear.customer_id = t_w_secyear.customer_id
   and t_s_firstyear.sale_type = 's'
   and t_c_firstyear.sale_type = 'c'
   and t_w_firstyear.sale_type = 'w'
   and t_s_secyear.sale_type = 's'
   and t_c_secyear.sale_type = 'c'
   and t_w_secyear.sale_type = 'w'
   and t_s_firstyear.dyear =  1998
   and t_s_secyear.dyear = 1998+1
   and t_c_firstyear.dyear =  1998
   and t_c_secyear.dyear =  1998+1
   and t_w_firstyear.dyear = 1998
   and t_w_secyear.dyear = 1998+1
   and t_s_firstyear.year_total > 0
   and t_c_firstyear.year_total > 0
   and t_w_firstyear.year_total > 0
   and case when t_c_firstyear.year_total > 0 then t_c_secyear.year_total / t_c_firstyear.year_total else null end
           > case when t_s_firstyear.year_total > 0 then t_s_secyear.year_total / t_s_firstyear.year_total else null end
   and case when t_c_firstyear.year_total > 0 then t_c_secyear.year_total / t_c_firstyear.year_total else null end
           > case when t_w_firstyear.year_total > 0 then t_w_secyear.year_total / t_w_firstyear.year_total else null end
 order by t_s_secyear.customer_id
         ,t_s_secyear.customer_first_name
         ,t_s_secyear.customer_last_name
         ,t_s_secyear.customer_login
limit 100;
psql:/tmp/s1-basline/throughput/query_5.sql:362: NOTICE:  duration: 3579778.664 ms  plan:
Query Text: with year_total as (
 select c_customer_id customer_id
       ,c_first_name customer_first_name
       ,c_last_name customer_last_name
       ,c_preferred_cust_flag customer_preferred_cust_flag
       ,c_birth_country customer_birth_country
       ,c_login customer_login
       ,c_email_address customer_email_address
       ,d_year dyear
       ,sum(((ss_ext_list_price-ss_ext_wholesale_cost-ss_ext_discount_amt)+ss_ext_sales_price)/2) year_total
       ,'s' sale_type
 from customer
     ,store_sales
     ,date_dim
 where c_customer_sk = ss_customer_sk
   and ss_sold_date_sk = d_date_sk
 group by c_customer_id
         ,c_first_name
         ,c_last_name
         ,c_preferred_cust_flag
         ,c_birth_country
         ,c_login
         ,c_email_address
         ,d_year
 union all
 select c_customer_id customer_id
       ,c_first_name customer_first_name
       ,c_last_name customer_last_name
       ,c_preferred_cust_flag customer_preferred_cust_flag
       ,c_birth_country customer_birth_country
       ,c_login customer_login
       ,c_email_address customer_email_address
       ,d_year dyear
       ,sum((((cs_ext_list_price-cs_ext_wholesale_cost-cs_ext_discount_amt)+cs_ext_sales_price)/2) ) year_total
       ,'c' sale_type
 from customer
     ,catalog_sales
     ,date_dim
 where c_customer_sk = cs_bill_customer_sk
   and cs_sold_date_sk = d_date_sk
 group by c_customer_id
         ,c_first_name
         ,c_last_name
         ,c_preferred_cust_flag
         ,c_birth_country
         ,c_login
         ,c_email_address
         ,d_year
union all
 select c_customer_id customer_id
       ,c_first_name customer_first_name
       ,c_last_name customer_last_name
       ,c_preferred_cust_flag customer_preferred_cust_flag
       ,c_birth_country customer_birth_country
       ,c_login customer_login
       ,c_email_address customer_email_address
       ,d_year dyear
       ,sum((((ws_ext_list_price-ws_ext_wholesale_cost-ws_ext_discount_amt)+ws_ext_sales_price)/2) ) year_total
       ,'w' sale_type
 from customer
     ,web_sales
     ,date_dim
 where c_customer_sk = ws_bill_customer_sk
   and ws_sold_date_sk = d_date_sk
 group by c_customer_id
         ,c_first_name
         ,c_last_name
         ,c_preferred_cust_flag
         ,c_birth_country
         ,c_login
         ,c_email_address
         ,d_year
         )
  select  
                  t_s_secyear.customer_id
                 ,t_s_secyear.customer_first_name
                 ,t_s_secyear.customer_last_name
                 ,t_s_secyear.customer_login
 from year_total t_s_firstyear
     ,year_total t_s_secyear
     ,year_total t_c_firstyear
     ,year_total t_c_secyear
     ,year_total t_w_firstyear
     ,year_total t_w_secyear
 where t_s_secyear.customer_id = t_s_firstyear.customer_id
   and t_s_firstyear.customer_id = t_c_secyear.customer_id
   and t_s_firstyear.customer_id = t_c_firstyear.customer_id
   and t_s_firstyear.customer_id = t_w_firstyear.customer_id
   and t_s_firstyear.customer_id = t_w_secyear.customer_id
   and t_s_firstyear.sale_type = 's'
   and t_c_firstyear.sale_type = 'c'
   and t_w_firstyear.sale_type = 'w'
   and t_s_secyear.sale_type = 's'
   and t_c_secyear.sale_type = 'c'
   and t_w_secyear.sale_type = 'w'
   and t_s_firstyear.dyear =  1998
   and t_s_secyear.dyear = 1998+1
   and t_c_firstyear.dyear =  1998
   and t_c_secyear.dyear =  1998+1
   and t_w_firstyear.dyear = 1998
   and t_w_secyear.dyear = 1998+1
   and t_s_firstyear.year_total > 0
   and t_c_firstyear.year_total > 0
   and t_w_firstyear.year_total > 0
   and case when t_c_firstyear.year_total > 0 then t_c_secyear.year_total / t_c_firstyear.year_total else null end
           > case when t_s_firstyear.year_total > 0 then t_s_secyear.year_total / t_s_firstyear.year_total else null end
   and case when t_c_firstyear.year_total > 0 then t_c_secyear.year_total / t_c_firstyear.year_total else null end
           > case when t_w_firstyear.year_total > 0 then t_w_secyear.year_total / t_w_firstyear.year_total else null end
 order by t_s_secyear.customer_id
         ,t_s_secyear.customer_first_name
         ,t_s_secyear.customer_last_name
         ,t_s_secyear.customer_login
limit 100;
Limit  (cost=1895627.55..1895627.55 rows=1 width=332) (actual time=3579778.497..3579778.653 rows=4 loops=1)
  CTE year_total
    ->  Gather  (cost=255096.20..1141618.50 rows=4787025 width=231) (actual time=1062.779..4632.407 rows=380239 loops=1)
          Workers Planned: 2
          Workers Launched: 2
          ->  Parallel Append  (cost=254096.20..661916.00 rows=1994593 width=231) (actual time=2386.764..2727.627 rows=126746 loops=3)
                ->  HashAggregate  (cost=439614.71..625582.20 rows=2636084 width=231) (actual time=3943.580..4643.916 rows=188832 loops=1)
                      Group Key: customer.c_customer_id, customer.c_first_name, customer.c_last_name, customer.c_preferred_cust_flag, customer.c_birth_country, customer.c_login, customer.c_email_address, date_dim.d_year
                      Planned Partitions: 64
                      Worker 1:  Batches: 65  Memory Usage: 33305kB  Disk Usage: 257200kB
                      ->  Hash Join  (cost=8459.60..125652.99 rows=2636084 width=223) (actual time=105.925..1946.164 rows=2651152 loops=1)
                            Hash Cond: (store_sales.ss_sold_date_sk = date_dim.d_date_sk)
                            ->  Hash Join  (cost=5411.00..115360.98 rows=2759238 width=227) (actual time=77.768..1445.786 rows=2716019 loops=1)
                                  Hash Cond: (store_sales.ss_customer_sk = customer.c_customer_sk)
                                  ->  Seq Scan on store_sales  (cost=0.00..102361.67 rows=2890667 width=48) (actual time=0.038..338.076 rows=2844450 loops=1)
                                  ->  Hash  (cost=4161.00..4161.00 rows=100000 width=195) (actual time=77.207..77.208 rows=100000 loops=1)
                                        Buckets: 131072  Batches: 1  Memory Usage: 17780kB
                                        ->  Seq Scan on customer  (cost=0.00..4161.00 rows=100000 width=195) (actual time=0.033..43.090 rows=100000 loops=1)
                            ->  Hash  (cost=2135.49..2135.49 rows=73049 width=12) (actual time=27.585..27.586 rows=73049 loops=1)
                                  Buckets: 131072  Batches: 1  Memory Usage: 4449kB
                                  ->  Seq Scan on date_dim  (cost=0.00..2135.49 rows=73049 width=12) (actual time=0.038..16.802 rows=73049 loops=1)
                ->  HashAggregate  (cost=254096.20..354883.27 rows=1428654 width=231) (actual time=2154.631..2404.846 rows=135507 loops=1)
                      Group Key: customer_1.c_customer_id, customer_1.c_first_name, customer_1.c_last_name, customer_1.c_preferred_cust_flag, customer_1.c_birth_country, customer_1.c_login, customer_1.c_email_address, date_dim_1.d_year
                      Planned Partitions: 32
                      Worker 0:  Batches: 33  Memory Usage: 33049kB  Disk Usage: 95312kB
                      ->  Hash Join  (cost=8459.60..83941.27 rows=1428654 width=223) (actual time=105.430..1121.045 rows=1410542 loops=1)
                            Hash Cond: (catalog_sales.cs_bill_customer_sk = customer_1.c_customer_sk)
                            ->  Hash Join  (cost=3048.60..74759.92 rows=1436266 width=44) (actual time=28.600..712.568 rows=1414159 loops=1)
                                  Hash Cond: (catalog_sales.cs_sold_date_sk = date_dim_1.d_date_sk)
                                  ->  Seq Scan on catalog_sales  (cost=0.00..67918.39 rows=1444839 width=48) (actual time=0.037..227.481 rows=1421368 loops=1)
                                  ->  Hash  (cost=2135.49..2135.49 rows=73049 width=12) (actual time=28.026..28.026 rows=73049 loops=1)
                                        Buckets: 131072  Batches: 1  Memory Usage: 4449kB
                                        ->  Seq Scan on date_dim date_dim_1  (cost=0.00..2135.49 rows=73049 width=12) (actual time=0.032..17.279 rows=73049 loops=1)
                            ->  Hash  (cost=4161.00..4161.00 rows=100000 width=195) (actual time=76.323..76.324 rows=100000 loops=1)
                                  Buckets: 131072  Batches: 1  Memory Usage: 17780kB
                                  ->  Seq Scan on customer customer_1  (cost=0.00..4161.00 rows=100000 width=195) (actual time=0.050..42.769 rows=100000 loops=1)
                ->  HashAggregate  (cost=132264.78..183219.87 rows=722287 width=231) (actual time=1062.078..1079.316 rows=55900 loops=1)
                      Group Key: customer_2.c_customer_id, customer_2.c_first_name, customer_2.c_last_name, customer_2.c_preferred_cust_flag, customer_2.c_birth_country, customer_2.c_login, customer_2.c_email_address, date_dim_2.d_year
                      Planned Partitions: 16  Batches: 1  Memory Usage: 19481kB
                      ->  Hash Join  (cost=8459.60..46239.27 rows=722287 width=223) (actual time=88.078..567.401 rows=711274 loops=1)
                            Hash Cond: (web_sales.ws_sold_date_sk = date_dim_2.d_date_sk)
                            ->  Hash Join  (cost=5411.00..41294.30 rows=722383 width=227) (actual time=66.805..424.071 rows=711350 loops=1)
                                  Hash Cond: (web_sales.ws_bill_customer_sk = customer_2.c_customer_sk)
                                  ->  Seq Scan on web_sales  (cost=0.00..33986.52 rows=722552 width=48) (actual time=0.005..79.707 rows=711555 loops=1)
                                  ->  Hash  (cost=4161.00..4161.00 rows=100000 width=195) (actual time=66.294..66.295 rows=100000 loops=1)
                                        Buckets: 131072  Batches: 1  Memory Usage: 17780kB
                                        ->  Seq Scan on customer customer_2  (cost=0.00..4161.00 rows=100000 width=195) (actual time=0.019..33.683 rows=100000 loops=1)
                            ->  Hash  (cost=2135.49..2135.49 rows=73049 width=12) (actual time=20.770..20.770 rows=73049 loops=1)
                                  Buckets: 131072  Batches: 1  Memory Usage: 4449kB
                                  ->  Seq Scan on date_dim date_dim_2  (cost=0.00..2135.49 rows=73049 width=12) (actual time=0.006..10.260 rows=73049 loops=1)
  ->  Sort  (cost=754009.05..754009.05 rows=1 width=332) (actual time=3579778.496..3579778.497 rows=4 loops=1)
        Sort Key: t_s_secyear.customer_id, t_s_secyear.customer_first_name, t_s_secyear.customer_last_name, t_s_secyear.customer_login
        Sort Method: quicksort  Memory: 25kB
        ->  Nested Loop  (cost=0.00..754009.04 rows=1 width=332) (actual time=350958.615..3579778.475 rows=4 loops=1)
              Join Filter: ((t_s_secyear.customer_id = t_w_secyear.customer_id) AND (CASE WHEN (t_c_firstyear.year_total > '0'::double precision) THEN (t_c_secyear.year_total / t_c_firstyear.year_total) ELSE NULL::double precision END > CASE WHEN (t_w_firstyear.year_total > '0'::double precision) THEN (t_w_secyear.year_total / t_w_firstyear.year_total) ELSE NULL::double precision END))
              Rows Removed by Join Filter: 637370
              ->  Nested Loop  (cost=0.00..634330.41 rows=1 width=628) (actual time=64925.764..3575864.891 rows=57 loops=1)
                    Join Filter: ((t_s_secyear.customer_id = t_c_secyear.customer_id) AND (CASE WHEN (t_c_firstyear.year_total > '0'::double precision) THEN (t_c_secyear.year_total / t_c_firstyear.year_total) ELSE NULL::double precision END > CASE WHEN (t_s_firstyear.year_total > '0'::double precision) THEN (t_s_secyear.year_total / t_s_firstyear.year_total) ELSE NULL::double precision END))
                    Rows Removed by Join Filter: 10627813
                    ->  Nested Loop  (cost=0.00..514651.79 rows=1 width=568) (actual time=32313.272..3547790.536 rows=395 loops=1)
                          Join Filter: (t_s_firstyear.customer_id = t_s_secyear.customer_id)
                          Rows Removed by Join Filter: 40690819
                          ->  Nested Loop  (cost=0.00..394971.96 rows=2 width=228) (actual time=7694.526..3469240.535 rows=1077 loops=1)
                                Join Filter: (t_s_firstyear.customer_id = t_w_firstyear.customer_id)
                                Rows Removed by Join Filter: 107643708
                                ->  Nested Loop  (cost=0.00..263321.98 rows=8 width=152) (actual time=5001.921..2767696.380 rows=9785 loops=1)
                                      Join Filter: (t_s_firstyear.customer_id = t_c_firstyear.customer_id)
                                      Rows Removed by Join Filter: 972135382
                                      ->  CTE Scan on year_total t_s_firstyear  (cost=0.00..131643.19 rows=40 width=76) (actual time=3955.026..4059.689 rows=37317 loops=1)
                                            Filter: ((year_total > '0'::double precision) AND (sale_type = 's'::text) AND (dyear = 1998))
                                            Rows Removed by Filter: 342922
                                      ->  CTE Scan on year_total t_c_firstyear  (cost=0.00..131643.19 rows=40 width=76) (actual time=10.213..72.204 rows=26051 loops=37317)
                                            Filter: ((year_total > '0'::double precision) AND (sale_type = 'c'::text) AND (dyear = 1998))
                                            Rows Removed by Filter: 354188
                                ->  CTE Scan on year_total t_w_firstyear  (cost=0.00..131643.19 rows=40 width=76) (actual time=0.002..70.908 rows=11001 loops=9785)
                                      Filter: ((year_total > '0'::double precision) AND (sale_type = 'w'::text) AND (dyear = 1998))
                                      Rows Removed by Filter: 369238
                          ->  CTE Scan on year_total t_s_secyear  (cost=0.00..119675.62 rows=120 width=340) (actual time=33.492..70.184 rows=37782 loops=1077)
                                Filter: ((sale_type = 's'::text) AND (dyear = 1999))
                                Rows Removed by Filter: 342457
                    ->  CTE Scan on year_total t_c_secyear  (cost=0.00..119675.62 rows=120 width=76) (actual time=9.765..69.194 rows=26906 loops=395)
                          Filter: ((sale_type = 'c'::text) AND (dyear = 1999))
                          Rows Removed by Filter: 353333
              ->  CTE Scan on year_total t_w_secyear  (cost=0.00..119675.62 rows=120 width=76) (actual time=0.002..67.874 rows=11182 loops=57)
                    Filter: ((sale_type = 'w'::text) AND (dyear = 1999))
                    Rows Removed by Filter: 369057
   customer_id    | customer_first_name  |       customer_last_name       | customer_login 
------------------+----------------------+--------------------------------+----------------
 AAAAAAAAAHJCBAAA | Lawrence             | Wheeler                        | 
 AAAAAAAABLHOAAAA | Robert               |                                | 
 AAAAAAAACMFDBAAA | Timothy              | Kelly                          | 
 AAAAAAAAENHEAAAA | Fernando             | Hernandez                      | 
(4 rows)

UPDATE time_statistics SET e_time = TRANSACTION_TIMESTAMP() WHERE template = 'query4.tpl' AND stream = 5;
psql:/tmp/s1-basline/throughput/query_5.sql:364: NOTICE:  duration: 0.099 ms  plan:
Query Text: UPDATE time_statistics SET e_time = TRANSACTION_TIMESTAMP() WHERE template = 'query4.tpl' AND stream = 5;
Update on time_statistics  (cost=0.00..15.87 rows=0 width=0) (actual time=0.098..0.099 rows=0 loops=1)
  ->  Seq Scan on time_statistics  (cost=0.00..15.87 rows=1 width=14) (actual time=0.059..0.085 rows=1 loops=1)
        Filter: ((template = 'query4.tpl'::text) AND (stream = 5))
        Rows Removed by Filter: 554
UPDATE 1
LOAD 'auto_explain'; SET auto_explain.log_min_duration TO 0; SET auto_explain.log_analyze TO on; SET auto_explain.log_level TO notice; INSERT INTO time_statistics (template, s_time, stream, query, seed) VALUES ('query17.tpl', TRANSACTION_TIMESTAMP(), 5, 4, 1603473885);
LOAD
SET
SET
SET
psql:/tmp/s1-basline/throughput/query_5.sql:365: NOTICE:  duration: 0.022 ms  plan:
Query Text: INSERT INTO time_statistics (template, s_time, stream, query, seed) VALUES ('query17.tpl', TRANSACTION_TIMESTAMP(), 5, 4, 1603473885);
Insert on time_statistics  (cost=0.00..0.01 rows=0 width=0) (actual time=0.021..0.021 rows=0 loops=1)
  ->  Result  (cost=0.00..0.01 rows=1 width=64) (actual time=0.002..0.002 rows=1 loops=1)
INSERT 0 1
select  i_item_id
       ,i_item_desc
       ,s_state
       ,count(ss_quantity) as store_sales_quantitycount
       ,avg(ss_quantity) as store_sales_quantityave
       ,stddev_samp(ss_quantity) as store_sales_quantitystdev
       ,stddev_samp(ss_quantity)/avg(ss_quantity) as store_sales_quantitycov
       ,count(sr_return_quantity) as store_returns_quantitycount
       ,avg(sr_return_quantity) as store_returns_quantityave
       ,stddev_samp(sr_return_quantity) as store_returns_quantitystdev
       ,stddev_samp(sr_return_quantity)/avg(sr_return_quantity) as store_returns_quantitycov
       ,count(cs_quantity) as catalog_sales_quantitycount ,avg(cs_quantity) as catalog_sales_quantityave
       ,stddev_samp(cs_quantity) as catalog_sales_quantitystdev
       ,stddev_samp(cs_quantity)/avg(cs_quantity) as catalog_sales_quantitycov
 from store_sales
     ,store_returns
     ,catalog_sales
     ,date_dim d1
     ,date_dim d2
     ,date_dim d3
     ,store
     ,item
 where d1.d_quarter_name = '1998Q1'
   and d1.d_date_sk = ss_sold_date_sk
   and i_item_sk = ss_item_sk
   and s_store_sk = ss_store_sk
   and ss_customer_sk = sr_customer_sk
   and ss_item_sk = sr_item_sk
   and ss_ticket_number = sr_ticket_number
   and sr_returned_date_sk = d2.d_date_sk
   and d2.d_quarter_name in ('1998Q1','1998Q2','1998Q3')
   and sr_customer_sk = cs_bill_customer_sk
   and sr_item_sk = cs_item_sk
   and cs_sold_date_sk = d3.d_date_sk
   and d3.d_quarter_name in ('1998Q1','1998Q2','1998Q3')
 group by i_item_id
         ,i_item_desc
         ,s_state
 order by i_item_id
         ,i_item_desc
         ,s_state
limit 100;
psql:/tmp/s1-basline/throughput/query_5.sql:407: NOTICE:  duration: 1144.366 ms  plan:
Query Text: select  i_item_id
       ,i_item_desc
       ,s_state
       ,count(ss_quantity) as store_sales_quantitycount
       ,avg(ss_quantity) as store_sales_quantityave
       ,stddev_samp(ss_quantity) as store_sales_quantitystdev
       ,stddev_samp(ss_quantity)/avg(ss_quantity) as store_sales_quantitycov
       ,count(sr_return_quantity) as store_returns_quantitycount
       ,avg(sr_return_quantity) as store_returns_quantityave
       ,stddev_samp(sr_return_quantity) as store_returns_quantitystdev
       ,stddev_samp(sr_return_quantity)/avg(sr_return_quantity) as store_returns_quantitycov
       ,count(cs_quantity) as catalog_sales_quantitycount ,avg(cs_quantity) as catalog_sales_quantityave
       ,stddev_samp(cs_quantity) as catalog_sales_quantitystdev
       ,stddev_samp(cs_quantity)/avg(cs_quantity) as catalog_sales_quantitycov
 from store_sales
     ,store_returns
     ,catalog_sales
     ,date_dim d1
     ,date_dim d2
     ,date_dim d3
     ,store
     ,item
 where d1.d_quarter_name = '1998Q1'
   and d1.d_date_sk = ss_sold_date_sk
   and i_item_sk = ss_item_sk
   and s_store_sk = ss_store_sk
   and ss_customer_sk = sr_customer_sk
   and ss_item_sk = sr_item_sk
   and ss_ticket_number = sr_ticket_number
   and sr_returned_date_sk = d2.d_date_sk
   and d2.d_quarter_name in ('1998Q1','1998Q2','1998Q3')
   and sr_customer_sk = cs_bill_customer_sk
   and sr_item_sk = cs_item_sk
   and cs_sold_date_sk = d3.d_date_sk
   and d3.d_quarter_name in ('1998Q1','1998Q2','1998Q3')
 group by i_item_id
         ,i_item_desc
         ,s_state
 order by i_item_id
         ,i_item_desc
         ,s_state
limit 100;
Limit  (cost=11808.71..11808.77 rows=1 width=434) (actual time=1144.359..1144.363 rows=0 loops=1)
  ->  GroupAggregate  (cost=11808.71..11808.77 rows=1 width=434) (actual time=1144.358..1144.362 rows=0 loops=1)
        Group Key: item.i_item_id, item.i_item_desc, store.s_state
        ->  Sort  (cost=11808.71..11808.71 rows=1 width=134) (actual time=1144.357..1144.360 rows=0 loops=1)
              Sort Key: item.i_item_id, item.i_item_desc, store.s_state
              Sort Method: quicksort  Memory: 25kB
              ->  Nested Loop  (cost=2.15..11808.70 rows=1 width=134) (actual time=1144.350..1144.353 rows=0 loops=1)
                    ->  Nested Loop  (cost=1.86..11808.39 rows=1 width=39) (actual time=1144.350..1144.352 rows=0 loops=1)
                          Join Filter: (store_sales.ss_store_sk = store.s_store_sk)
                          ->  Nested Loop  (cost=1.86..11807.12 rows=1 width=44) (actual time=1144.350..1144.352 rows=0 loops=1)
                                ->  Nested Loop  (cost=1.57..11806.81 rows=1 width=52) (actual time=143.029..1144.329 rows=4 loops=1)
                                      ->  Nested Loop  (cost=1.28..11806.49 rows=1 width=60) (actual time=143.019..1144.233 rows=17 loops=1)
                                            ->  Nested Loop  (cost=0.85..11804.27 rows=1 width=56) (actual time=8.806..114.625 rows=12038 loops=1)
                                                  ->  Nested Loop  (cost=0.42..10978.66 rows=1040 width=28) (actual time=8.791..38.700 rows=16394 loops=1)
                                                        ->  Seq Scan on date_dim d2  (cost=0.00..2409.42 rows=273 width=8) (actual time=8.776..18.580 rows=274 loops=1)
                                                              Filter: (d_quarter_name = ANY ('{1998Q1,1998Q2,1998Q3}'::bpchar[]))
                                                              Rows Removed by Filter: 72775
                                                        ->  Index Scan using i_sr_returned_date_sk on store_returns  (cost=0.42..29.99 rows=140 width=36) (actual time=0.004..0.062 rows=60 loops=274)
                                                              Index Cond: (sr_returned_date_sk = d2.d_date_sk)
                                                  ->  Index Scan using pk_store_sales on store_sales  (cost=0.43..0.78 rows=1 width=44) (actual time=0.004..0.004 rows=1 loops=16394)
                                                        Index Cond: ((ss_item_sk = store_returns.sr_item_sk) AND (ss_ticket_number = store_returns.sr_ticket_number))
                                                        Filter: (store_returns.sr_customer_sk = ss_customer_sk)
                                                        Rows Removed by Filter: 0
                                            ->  Index Scan using pk_catalog_sales on catalog_sales  (cost=0.43..2.21 rows=1 width=28) (actual time=0.085..0.085 rows=0 loops=12038)
                                                  Index Cond: (cs_item_sk = store_sales.ss_item_sk)
                                                  Filter: (store_sales.ss_customer_sk = cs_bill_customer_sk)
                                                  Rows Removed by Filter: 105
                                      ->  Index Scan using pk_date_dim on date_dim d1  (cost=0.29..0.31 rows=1 width=8) (actual time=0.005..0.005 rows=0 loops=17)
                                            Index Cond: (d_date_sk = store_sales.ss_sold_date_sk)
                                            Filter: (d_quarter_name = '1998Q1'::bpchar)
                                            Rows Removed by Filter: 1
                                ->  Index Scan using pk_date_dim on date_dim d3  (cost=0.29..0.31 rows=1 width=8) (actual time=0.004..0.004 rows=0 loops=4)
                                      Index Cond: (d_date_sk = catalog_sales.cs_sold_date_sk)
                                      Filter: (d_quarter_name = ANY ('{1998Q1,1998Q2,1998Q3}'::bpchar[]))
                                      Rows Removed by Filter: 1
                          ->  Seq Scan on store  (cost=0.00..1.12 rows=12 width=11) (never executed)
                    ->  Index Scan using pk_item on item  (cost=0.29..0.31 rows=1 width=127) (never executed)
                          Index Cond: (i_item_sk = store_sales.ss_item_sk)
 i_item_id | i_item_desc | s_state | store_sales_quantitycount | store_sales_quantityave | store_sales_quantitystdev | store_sales_quantitycov | store_returns_quantitycount | store_returns_quantityave | store_returns_quantitystdev | store_returns_quantitycov | catalog_sales_quantitycount | catalog_sales_quantityave | catalog_sales_quantitystdev | catalog_sales_quantitycov 
-----------+-------------+---------+---------------------------+-------------------------+---------------------------+-------------------------+-----------------------------+---------------------------+-----------------------------+---------------------------+-----------------------------+---------------------------+-----------------------------+---------------------------
(0 rows)

UPDATE time_statistics SET e_time = TRANSACTION_TIMESTAMP() WHERE template = 'query17.tpl' AND stream = 5;
psql:/tmp/s1-basline/throughput/query_5.sql:409: NOTICE:  duration: 0.087 ms  plan:
Query Text: UPDATE time_statistics SET e_time = TRANSACTION_TIMESTAMP() WHERE template = 'query17.tpl' AND stream = 5;
Update on time_statistics  (cost=0.00..15.87 rows=0 width=0) (actual time=0.086..0.087 rows=0 loops=1)
  ->  Seq Scan on time_statistics  (cost=0.00..15.87 rows=1 width=14) (actual time=0.046..0.071 rows=1 loops=1)
        Filter: ((template = 'query17.tpl'::text) AND (stream = 5))
        Rows Removed by Filter: 555
UPDATE 1
LOAD 'auto_explain'; SET auto_explain.log_min_duration TO 0; SET auto_explain.log_analyze TO on; SET auto_explain.log_level TO notice; INSERT INTO time_statistics (template, s_time, stream, query, seed) VALUES ('query60.tpl', TRANSACTION_TIMESTAMP(), 5, 5, 1913527654);
LOAD
SET
SET
SET
psql:/tmp/s1-basline/throughput/query_5.sql:410: NOTICE:  duration: 0.009 ms  plan:
Query Text: INSERT INTO time_statistics (template, s_time, stream, query, seed) VALUES ('query60.tpl', TRANSACTION_TIMESTAMP(), 5, 5, 1913527654);
Insert on time_statistics  (cost=0.00..0.01 rows=0 width=0) (actual time=0.008..0.009 rows=0 loops=1)
  ->  Result  (cost=0.00..0.01 rows=1 width=64) (actual time=0.001..0.001 rows=1 loops=1)
INSERT 0 1
with ss as (
 select
          i_item_id,sum(ss_ext_sales_price) total_sales
 from
 	store_sales,
 	date_dim,
         customer_address,
         item
 where
         i_item_id in (select
  i_item_id
from
 item
where i_category in ('Music'))
 and     ss_item_sk              = i_item_sk
 and     ss_sold_date_sk         = d_date_sk
 and     d_year                  = 2002
 and     d_moy                   = 8
 and     ss_addr_sk              = ca_address_sk
 and     ca_gmt_offset           = -6 
 group by i_item_id),
 cs as (
 select
          i_item_id,sum(cs_ext_sales_price) total_sales
 from
 	catalog_sales,
 	date_dim,
         customer_address,
         item
 where
         i_item_id               in (select
  i_item_id
from
 item
where i_category in ('Music'))
 and     cs_item_sk              = i_item_sk
 and     cs_sold_date_sk         = d_date_sk
 and     d_year                  = 2002
 and     d_moy                   = 8
 and     cs_bill_addr_sk         = ca_address_sk
 and     ca_gmt_offset           = -6 
 group by i_item_id),
 ws as (
 select
          i_item_id,sum(ws_ext_sales_price) total_sales
 from
 	web_sales,
 	date_dim,
         customer_address,
         item
 where
         i_item_id               in (select
  i_item_id
from
 item
where i_category in ('Music'))
 and     ws_item_sk              = i_item_sk
 and     ws_sold_date_sk         = d_date_sk
 and     d_year                  = 2002
 and     d_moy                   = 8
 and     ws_bill_addr_sk         = ca_address_sk
 and     ca_gmt_offset           = -6
 group by i_item_id)
  select   
  i_item_id
,sum(total_sales) total_sales
 from  (select * from ss 
        union all
        select * from cs 
        union all
        select * from ws) tmp1
 group by i_item_id
 order by i_item_id
      ,total_sales
 limit 100;
psql:/tmp/s1-basline/throughput/query_5.sql:485: NOTICE:  duration: 866.291 ms  plan:
Query Text: with ss as (
 select
          i_item_id,sum(ss_ext_sales_price) total_sales
 from
 	store_sales,
 	date_dim,
         customer_address,
         item
 where
         i_item_id in (select
  i_item_id
from
 item
where i_category in ('Music'))
 and     ss_item_sk              = i_item_sk
 and     ss_sold_date_sk         = d_date_sk
 and     d_year                  = 2002
 and     d_moy                   = 8
 and     ss_addr_sk              = ca_address_sk
 and     ca_gmt_offset           = -6 
 group by i_item_id),
 cs as (
 select
          i_item_id,sum(cs_ext_sales_price) total_sales
 from
 	catalog_sales,
 	date_dim,
         customer_address,
         item
 where
         i_item_id               in (select
  i_item_id
from
 item
where i_category in ('Music'))
 and     cs_item_sk              = i_item_sk
 and     cs_sold_date_sk         = d_date_sk
 and     d_year                  = 2002
 and     d_moy                   = 8
 and     cs_bill_addr_sk         = ca_address_sk
 and     ca_gmt_offset           = -6 
 group by i_item_id),
 ws as (
 select
          i_item_id,sum(ws_ext_sales_price) total_sales
 from
 	web_sales,
 	date_dim,
         customer_address,
         item
 where
         i_item_id               in (select
  i_item_id
from
 item
where i_category in ('Music'))
 and     ws_item_sk              = i_item_sk
 and     ws_sold_date_sk         = d_date_sk
 and     d_year                  = 2002
 and     d_moy                   = 8
 and     ws_bill_addr_sk         = ca_address_sk
 and     ca_gmt_offset           = -6
 group by i_item_id)
  select   
  i_item_id
,sum(total_sales) total_sales
 from  (select * from ss 
        union all
        select * from cs 
        union all
        select * from ws) tmp1
 group by i_item_id
 order by i_item_id
      ,total_sales
 limit 100;
Limit  (cost=44266.14..44266.39 rows=100 width=25) (actual time=770.629..866.258 rows=100 loops=1)
  ->  Sort  (cost=44266.14..44266.57 rows=174 width=25) (actual time=770.628..866.250 rows=100 loops=1)
        Sort Key: item.i_item_id, (sum((sum(store_sales.ss_ext_sales_price))))
        Sort Method: top-N heapsort  Memory: 32kB
        ->  Finalize GroupAggregate  (cost=44239.06..44259.66 rows=174 width=25) (actual time=767.253..865.431 rows=1620 loops=1)
              Group Key: item.i_item_id
              ->  Gather Merge  (cost=44239.06..44257.19 rows=146 width=25) (actual time=767.247..864.770 rows=3588 loops=1)
                    Workers Planned: 2
                    Workers Launched: 2
                    ->  Partial GroupAggregate  (cost=43239.04..43240.32 rows=73 width=25) (actual time=346.411..346.856 rows=1196 loops=3)
                          Group Key: item.i_item_id
                          ->  Sort  (cost=43239.04..43239.22 rows=73 width=25) (actual time=346.408..346.464 rows=1196 loops=3)
                                Sort Key: item.i_item_id
                                Sort Method: quicksort  Memory: 137kB
                                Worker 0:  Sort Method: quicksort  Memory: 83kB
                                Worker 1:  Sort Method: quicksort  Memory: 153kB
                                ->  Parallel Append  (cost=14087.99..43236.78 rows=73 width=25) (actual time=345.220..345.955 rows=1196 loops=3)
                                      ->  GroupAggregate  (cost=43233.78..43235.46 rows=96 width=25) (actual time=758.405..759.370 rows=1490 loops=1)
                                            Group Key: item.i_item_id
                                            ->  Sort  (cost=43233.78..43234.02 rows=96 width=25) (actual time=758.395..758.560 rows=4127 loops=1)
                                                  Sort Key: item.i_item_id
                                                  Worker 1:  Sort Method: quicksort  Memory: 482kB
                                                  ->  Nested Loop  (cost=4004.53..43230.61 rows=96 width=25) (actual time=33.178..749.840 rows=4127 loops=1)
                                                        ->  Hash Join  (cost=4004.24..43160.13 rows=227 width=33) (actual time=33.126..722.880 rows=10061 loops=1)
                                                              Hash Cond: (store_sales.ss_sold_date_sk = date_dim.d_date_sk)
                                                              ->  Nested Loop  (cost=1503.12..39192.03 rows=558822 width=41) (actual time=17.216..674.316 rows=518719 loops=1)
                                                                    ->  Hash Semi Join  (cost=1502.69..3033.35 rows=3480 width=25) (actual time=17.100..25.462 rows=3730 loops=1)
                                                                          Hash Cond: (item.i_item_id = item_1.i_item_id)
                                                                          ->  Seq Scan on item  (cost=0.00..1436.00 rows=18000 width=25) (actual time=0.034..2.260 rows=18000 loops=1)
                                                                          ->  Hash  (cost=1481.00..1481.00 rows=1735 width=17) (actual time=16.973..16.974 rows=1735 loops=1)
                                                                                Buckets: 2048  Batches: 1  Memory Usage: 100kB
                                                                                ->  Seq Scan on item item_1  (cost=0.00..1481.00 rows=1735 width=17) (actual time=0.039..16.648 rows=1735 loops=1)
                                                                                      Filter: (i_category = 'Music'::bpchar)
                                                                                      Rows Removed by Filter: 16265
                                                                    ->  Index Scan using pk_store_sales on store_sales  (cost=0.43..8.64 rows=175 width=32) (actual time=0.005..0.154 rows=139 loops=3730)
                                                                          Index Cond: (ss_item_sk = item.i_item_sk)
                                                              ->  Hash  (cost=2500.73..2500.73 rows=31 width=8) (actual time=13.468..13.468 rows=31 loops=1)
                                                                    Buckets: 1024  Batches: 1  Memory Usage: 10kB
                                                                    ->  Seq Scan on date_dim  (cost=0.00..2500.73 rows=31 width=8) (actual time=6.586..13.460 rows=31 loops=1)
                                                                          Filter: ((d_year = 2002) AND (d_moy = 8))
                                                                          Rows Removed by Filter: 73018
                                                        ->  Index Scan using pk_customer_address on customer_address  (cost=0.29..0.31 rows=1 width=8) (actual time=0.002..0.002 rows=0 loops=10061)
                                                              Index Cond: (ca_address_sk = store_sales.ss_addr_sk)
                                                              Filter: (ca_gmt_offset = '-6'::double precision)
                                                              Rows Removed by Filter: 1
                                      ->  GroupAggregate  (cost=14087.99..14088.44 rows=26 width=25) (actual time=118.616..118.974 rows=836 loops=1)
                                            Group Key: item_2.i_item_id
                                            ->  Sort  (cost=14087.99..14088.05 rows=26 width=25) (actual time=118.605..118.652 rows=1133 loops=1)
                                                  Sort Key: item_2.i_item_id
                                                  Worker 0:  Sort Method: quicksort  Memory: 128kB
                                                  ->  Nested Loop Semi Join  (cost=1.29..14087.38 rows=26 width=25) (actual time=8.985..115.921 rows=1133 loops=1)
                                                        ->  Nested Loop  (cost=1.00..14031.66 rows=136 width=25) (actual time=8.755..80.616 rows=6379 loops=1)
                                                              ->  Nested Loop  (cost=0.71..13989.91 rows=136 width=16) (actual time=8.691..60.751 rows=6379 loops=1)
                                                                    ->  Nested Loop  (cost=0.42..13894.15 rows=307 width=24) (actual time=8.304..35.579 rows=15092 loops=1)
                                                                          ->  Seq Scan on date_dim date_dim_1  (cost=0.00..2500.73 rows=31 width=8) (actual time=8.211..14.278 rows=31 loops=1)
                                                                                Filter: ((d_year = 2002) AND (d_moy = 8))
                                                                                Rows Removed by Filter: 73018
                                                                          ->  Index Scan using i_ws_sold_date_sk on web_sales  (cost=0.42..363.56 rows=397 width=32) (actual time=0.051..0.574 rows=487 loops=31)
                                                                                Index Cond: (ws_sold_date_sk = date_dim_1.d_date_sk)
                                                                    ->  Index Scan using pk_customer_address on customer_address customer_address_1  (cost=0.29..0.31 rows=1 width=8) (actual time=0.001..0.001 rows=0 loops=15092)
                                                                          Index Cond: (ca_address_sk = web_sales.ws_bill_addr_sk)
                                                                          Filter: (ca_gmt_offset = '-6'::double precision)
                                                                          Rows Removed by Filter: 1
                                                              ->  Index Scan using pk_item on item item_2  (cost=0.29..0.31 rows=1 width=25) (actual time=0.003..0.003 rows=1 loops=6379)
                                                                    Index Cond: (i_item_sk = web_sales.ws_item_sk)
                                                        ->  Index Scan using i_i_item_id on item item_3  (cost=0.29..0.41 rows=1 width=17) (actual time=0.005..0.005 rows=0 loops=6379)
                                                              Index Cond: (i_item_id = item_2.i_item_id)
                                                              Filter: (i_category = 'Music'::bpchar)
                                                              Rows Removed by Filter: 2
                                      ->  GroupAggregate  (cost=4614.57..4615.48 rows=52 width=25) (actual time=158.637..159.291 rows=1262 loops=1)
                                            Group Key: item_4.i_item_id
                                            ->  Sort  (cost=4614.57..4614.70 rows=52 width=25) (actual time=158.631..158.726 rows=2453 loops=1)
                                                  Sort Key: item_4.i_item_id
                                                  Sort Method: quicksort  Memory: 269kB
                                                  ->  Nested Loop Semi Join  (cost=1.29..4613.09 rows=52 width=25) (actual time=4.381..153.129 rows=2453 loops=1)
                                                        ->  Nested Loop  (cost=1.00..4503.29 rows=268 width=25) (actual time=4.282..87.763 rows=12938 loops=1)
                                                              ->  Nested Loop  (cost=0.72..4421.29 rows=268 width=16) (actual time=4.277..65.065 rows=12938 loops=1)
                                                                    ->  Nested Loop  (cost=0.43..4231.60 rows=610 width=24) (actual time=4.258..22.763 rows=29391 loops=1)
                                                                          ->  Seq Scan on date_dim date_dim_2  (cost=0.00..2500.73 rows=31 width=8) (actual time=4.248..8.933 rows=31 loops=1)
                                                                                Filter: ((d_year = 2002) AND (d_moy = 8))
                                                                                Rows Removed by Filter: 73018
                                                                          ->  Index Scan using i_cs_sold_date_sk on catalog_sales  (cost=0.43..47.98 rows=785 width=32) (actual time=0.005..0.237 rows=948 loops=31)
                                                                                Index Cond: (cs_sold_date_sk = date_dim_2.d_date_sk)
                                                                    ->  Index Scan using pk_customer_address on customer_address customer_address_2  (cost=0.29..0.31 rows=1 width=8) (actual time=0.001..0.001 rows=0 loops=29391)
                                                                          Index Cond: (ca_address_sk = catalog_sales.cs_bill_addr_sk)
                                                                          Filter: (ca_gmt_offset = '-6'::double precision)
                                                                          Rows Removed by Filter: 1
                                                              ->  Index Scan using pk_item on item item_4  (cost=0.29..0.31 rows=1 width=25) (actual time=0.001..0.001 rows=1 loops=12938)
                                                                    Index Cond: (i_item_sk = catalog_sales.cs_item_sk)
                                                        ->  Index Scan using i_i_item_id on item item_5  (cost=0.29..0.41 rows=1 width=17) (actual time=0.005..0.005 rows=0 loops=12938)
                                                              Index Cond: (i_item_id = item_4.i_item_id)
                                                              Filter: (i_category = 'Music'::bpchar)
                                                              Rows Removed by Filter: 2
    i_item_id     |    total_sales     
------------------+--------------------
 AAAAAAAAAABEAAAA |            9040.96
 AAAAAAAAAACAAAAA |            3403.05
 AAAAAAAAAADEAAAA |           13472.47
 AAAAAAAAAAEBAAAA |           17930.57
 AAAAAAAAAAGBAAAA | 25115.350000000002
 AAAAAAAAAAHAAAAA |  9810.830000000002
 AAAAAAAAAAHDAAAA | 30434.120000000003
 AAAAAAAAAAMBAAAA | 11272.529999999999
 AAAAAAAAAAMCAAAA |           13671.24
 AAAAAAAAAAPCAAAA |           12840.47
 AAAAAAAAABCEAAAA | 4314.3099999999995
 AAAAAAAAABDAAAAA |           11260.09
 AAAAAAAAABDDAAAA |           13385.45
 AAAAAAAAABHAAAAA |           29396.38
 AAAAAAAAABJAAAAA |  6895.069999999999
 AAAAAAAAABJDAAAA |  4384.389999999999
 AAAAAAAAABPAAAAA |            4800.96
 AAAAAAAAABPDAAAA |           11077.69
 AAAAAAAAACBBAAAA |  8844.880000000001
 AAAAAAAAACCEAAAA |            2162.28
 AAAAAAAAACDDAAAA |           11790.55
 AAAAAAAAACEEAAAA |            4421.31
 AAAAAAAAACFAAAAA | 11898.880000000001
 AAAAAAAAACFDAAAA |           10667.25
 AAAAAAAAACIDAAAA |            6551.23
 AAAAAAAAACMDAAAA |            9664.21
 AAAAAAAAACPCAAAA |           11927.75
 AAAAAAAAACPDAAAA |            5999.46
 AAAAAAAAADABAAAA |            2374.49
 AAAAAAAAADCCAAAA |            9597.07
 AAAAAAAAADEEAAAA |             3684.7
 AAAAAAAAADKBAAAA | 3836.3100000000004
 AAAAAAAAADMCAAAA |           10284.07
 AAAAAAAAADNAAAAA |           10617.36
 AAAAAAAAADNDAAAA |             1662.6
 AAAAAAAAADPBAAAA |            2872.41
 AAAAAAAAAEABAAAA |           10323.16
 AAAAAAAAAEBAAAAA |             6473.7
 AAAAAAAAAEFCAAAA |           16954.98
 AAAAAAAAAEHAAAAA |            8751.16
 AAAAAAAAAEHCAAAA |            11039.1
 AAAAAAAAAEICAAAA |            11979.5
 AAAAAAAAAEKCAAAA |           12016.83
 AAAAAAAAAELBAAAA | 23019.510000000002
 AAAAAAAAAENAAAAA | 20794.979999999996
 AAAAAAAAAFACAAAA | 15447.199999999999
 AAAAAAAAAFCBAAAA |             2055.2
 AAAAAAAAAFDDAAAA |           19050.32
 AAAAAAAAAFECAAAA |  7848.879999999999
 AAAAAAAAAFFAAAAA |            1741.33
 AAAAAAAAAFFDAAAA | 3800.8199999999997
 AAAAAAAAAFHBAAAA |            6387.92
 AAAAAAAAAFIAAAAA |  7524.630000000001
 AAAAAAAAAFIDAAAA |            4069.33
 AAAAAAAAAFKBAAAA |            7453.23
 AAAAAAAAAFLBAAAA |            4697.09
 AAAAAAAAAFNBAAAA |           11133.69
 AAAAAAAAAFOBAAAA |            5002.75
 AAAAAAAAAGCAAAAA | 31670.219999999998
 AAAAAAAAAGEBAAAA |             919.59
 AAAAAAAAAGFAAAAA |            3356.74
 AAAAAAAAAGFDAAAA |            6072.07
 AAAAAAAAAGHAAAAA |            8448.82
 AAAAAAAAAGHBAAAA | 2078.7000000000003
 AAAAAAAAAGICAAAA |            8099.25
 AAAAAAAAAGJBAAAA |            3964.62
 AAAAAAAAAGJCAAAA |            6822.84
 AAAAAAAAAGLCAAAA |            20254.9
 AAAAAAAAAGMCAAAA | 3434.8500000000004
 AAAAAAAAAGNAAAAA |            2088.96
 AAAAAAAAAHAEAAAA | 10805.589999999998
 AAAAAAAAAHCEAAAA |            9898.33
 AAAAAAAAAHDAAAAA |           12181.35
 AAAAAAAAAHEDAAAA |            6274.98
 AAAAAAAAAHFBAAAA |            9652.09
 AAAAAAAAAHFEAAAA |            6030.12
 AAAAAAAAAHGAAAAA | 4020.3199999999997
 AAAAAAAAAHICAAAA |           17115.59
 AAAAAAAAAHJAAAAA | 26046.440000000002
 AAAAAAAAAHLBAAAA |            23338.9
 AAAAAAAAAHMBAAAA |             5701.9
 AAAAAAAAAHNAAAAA |            3028.04
 AAAAAAAAAHOBAAAA |            3800.78
 AAAAAAAAAHPAAAAA |  8041.119999999999
 AAAAAAAAAIBCAAAA |  8103.179999999999
 AAAAAAAAAICAAAAA | 18160.879999999997
 AAAAAAAAAIEEAAAA |            2327.27
 AAAAAAAAAIFAAAAA |             7726.8
 AAAAAAAAAIFEAAAA |            7913.88
 AAAAAAAAAIHBAAAA |           32393.62
 AAAAAAAAAIJCAAAA |           13986.84
 AAAAAAAAAIJDAAAA |            5414.33
 AAAAAAAAAIMDAAAA |  5236.160000000001
 AAAAAAAAAINCAAAA |           17502.64
 AAAAAAAAAIOBAAAA |             9473.8
 AAAAAAAAAIODAAAA |  5614.469999999999
 AAAAAAAAAIPDAAAA |  5319.530000000001
 AAAAAAAAAJCAAAAA |            6540.54
 AAAAAAAAAJEAAAAA |           10312.73
 AAAAAAAAAJFDAAAA |  8741.490000000002
(100 rows)

UPDATE time_statistics SET e_time = TRANSACTION_TIMESTAMP() WHERE template = 'query60.tpl' AND stream = 5;
psql:/tmp/s1-basline/throughput/query_5.sql:487: NOTICE:  duration: 0.087 ms  plan:
Query Text: UPDATE time_statistics SET e_time = TRANSACTION_TIMESTAMP() WHERE template = 'query60.tpl' AND stream = 5;
Update on time_statistics  (cost=0.00..15.87 rows=0 width=0) (actual time=0.086..0.086 rows=0 loops=1)
  ->  Seq Scan on time_statistics  (cost=0.00..15.87 rows=1 width=14) (actual time=0.046..0.073 rows=1 loops=1)
        Filter: ((template = 'query60.tpl'::text) AND (stream = 5))
        Rows Removed by Filter: 556
UPDATE 1
LOAD 'auto_explain'; SET auto_explain.log_min_duration TO 0; SET auto_explain.log_analyze TO on; SET auto_explain.log_level TO notice; INSERT INTO time_statistics (template, s_time, stream, query, seed) VALUES ('../query_postgresql/query98.tpl', TRANSACTION_TIMESTAMP(), 5, 6, 1916380533);
LOAD
SET
SET
SET
psql:/tmp/s1-basline/throughput/query_5.sql:488: NOTICE:  duration: 0.016 ms  plan:
Query Text: INSERT INTO time_statistics (template, s_time, stream, query, seed) VALUES ('../query_postgresql/query98.tpl', TRANSACTION_TIMESTAMP(), 5, 6, 1916380533);
Insert on time_statistics  (cost=0.00..0.01 rows=0 width=0) (actual time=0.015..0.016 rows=0 loops=1)
  ->  Result  (cost=0.00..0.01 rows=1 width=64) (actual time=0.001..0.002 rows=1 loops=1)
INSERT 0 1
select i_item_id
      ,i_item_desc 
      ,i_category 
      ,i_class 
      ,i_current_price
      ,sum(ss_ext_sales_price) as itemrevenue 
      ,sum(ss_ext_sales_price)*100/sum(sum(ss_ext_sales_price)) over
          (partition by i_class) as revenueratio
from	
	store_sales
    	,item 
    	,date_dim
where 
	ss_item_sk = i_item_sk 
  	and i_category in ('Music', 'Children', 'Men')
  	and ss_sold_date_sk = d_date_sk
	and d_date between cast('1998-05-03' as date) 
				and (cast('1998-05-03' as date) + interval '30 days')
group by 
	i_item_id
        ,i_item_desc 
        ,i_category
        ,i_class
        ,i_current_price
order by 
	i_category
        ,i_class
        ,i_item_id
        ,i_item_desc
        ,revenueratio;
psql:/tmp/s1-basline/throughput/query_5.sql:518: NOTICE:  duration: 97.634 ms  plan:
Query Text: select i_item_id
      ,i_item_desc 
      ,i_category 
      ,i_class 
      ,i_current_price
      ,sum(ss_ext_sales_price) as itemrevenue 
      ,sum(ss_ext_sales_price)*100/sum(sum(ss_ext_sales_price)) over
          (partition by i_class) as revenueratio
from	
	store_sales
    	,item 
    	,date_dim
where 
	ss_item_sk = i_item_sk 
  	and i_category in ('Music', 'Children', 'Men')
  	and ss_sold_date_sk = d_date_sk
	and d_date between cast('1998-05-03' as date) 
				and (cast('1998-05-03' as date) + interval '30 days')
group by 
	i_item_id
        ,i_item_desc 
        ,i_category
        ,i_class
        ,i_current_price
order by 
	i_category
        ,i_class
        ,i_item_id
        ,i_item_desc
        ,revenueratio;
Sort  (cost=40947.56..40948.43 rows=347 width=245) (actual time=95.720..95.830 rows=2555 loops=1)
  Sort Key: item.i_category, item.i_class, item.i_item_id, item.i_item_desc, ((((sum(store_sales.ss_ext_sales_price)) * '100'::double precision) / sum((sum(store_sales.ss_ext_sales_price))) OVER (?)))
  Sort Method: quicksort  Memory: 820kB
  ->  WindowAgg  (cost=40925.11..40932.92 rows=347 width=245) (actual time=85.870..87.116 rows=2555 loops=1)
        ->  Sort  (cost=40925.11..40925.98 rows=347 width=237) (actual time=85.766..85.877 rows=2555 loops=1)
              Sort Key: item.i_class
              Sort Method: quicksort  Memory: 800kB
              ->  GroupAggregate  (cost=40900.93..40910.47 rows=347 width=237) (actual time=80.988..84.576 rows=2555 loops=1)
                    Group Key: item.i_item_id, item.i_item_desc, item.i_category, item.i_class, item.i_current_price
                    ->  Sort  (cost=40900.93..40901.79 rows=347 width=237) (actual time=80.979..81.332 rows=8041 loops=1)
                          Sort Key: item.i_item_id, item.i_item_desc, item.i_category, item.i_class, item.i_current_price
                          Sort Method: quicksort  Memory: 2400kB
                          ->  Nested Loop  (cost=1.01..40886.29 rows=347 width=237) (actual time=0.040..58.521 rows=8041 loops=1)
                                ->  Nested Loop  (cost=0.72..40523.85 rows=1172 width=16) (actual time=0.027..12.723 rows=26991 loops=1)
                                      ->  Index Scan using i_d_date on date_dim  (cost=0.29..3.11 rows=31 width=8) (actual time=0.019..0.031 rows=31 loops=1)
                                            Index Cond: ((d_date >= '1998-05-03'::date) AND (d_date <= '1998-06-02 00:00:00'::timestamp without time zone))
                                      ->  Index Scan using i_ss_sold_date_sk on store_sales  (cost=0.43..1291.97 rows=1515 width=24) (actual time=0.005..0.283 rows=871 loops=31)
                                            Index Cond: (ss_sold_date_sk = date_dim.d_date_sk)
                                ->  Index Scan using pk_item on item  (cost=0.29..0.31 rows=1 width=237) (actual time=0.001..0.001 rows=0 loops=26991)
                                      Index Cond: (i_item_sk = store_sales.ss_item_sk)
                                      Filter: (i_category = ANY ('{Music,Children,Men}'::bpchar[]))
                                      Rows Removed by Filter: 1
    i_item_id     |                                                                                               i_item_desc                                                                                                |                     i_category                     |                      i_class                       | i_current_price |    itemrevenue     |      revenueratio      
------------------+----------------------------------------------------------------------------------------------------------------------------------------------------------------------------------------------------------+----------------------------------------------------+----------------------------------------------------+-----------------+--------------------+------------------------
 AAAAAAAAAAFDAAAA | Publ                                                                                                                                                                                                     | Children                                           | infants                                            |            4.75 |            7641.13 |      0.567930028227077
 AAAAAAAAAALCAAAA | Continually old goo                                                                                                                                                                                      | Children                                           | infants                                            |           68.02 |            1216.56 |    0.09042130616020573
 AAAAAAAAABCEAAAA | Perhaps royal police want up the options. Also formal boards stop ago huge adults. Days state very commercial records. Foreign, remaini                                                                  | Children                                           | infants                                            |            0.99 |             141.68 |   0.010530422385067689
 AAAAAAAAACKBAAAA | Today general yards will make only; leading, historical years walk here. Loca                                                                                                                            | Children                                           | infants                                            |             9.5 |            3628.86 |    0.26971646369478214
 AAAAAAAAACMCAAAA | Other families must decide top, racial benefits. Women cannot go acc                                                                                                                                     | Children                                           | infants                                            |           29.91 |            3588.04 |     0.2666825009494514
 AAAAAAAAACPAAAAA | Sessions w                                                                                                                                                                                               | Children                                           | infants                                            |           95.22 |            3455.48 |    0.25682992619391376
 AAAAAAAAADBEAAAA | Right ways may train chief, good programmes; new effects will not mean then in a reasons. Usually social differences can imply lips. Seconds spend. Complex, full memories boost perhaps on the          | Children                                           | infants                                            |            9.07 | 1347.3000000000002 |    0.10013860869142928
 AAAAAAAAADLCAAAA | Lives shall resume groups. Efforts stick so essential consumers; minute prices c                                                                                                                         | Children                                           | infants                                            |            6.06 |            4669.71 |    0.34707805417683824
 AAAAAAAAAEDDAAAA | Feet might commence more. Hot hours detect then days; full,                                                                                                                                              | Children                                           | infants                                            |            3.85 |             959.22 |    0.07129440824537428
 AAAAAAAAAELBAAAA | Words                                                                                                                                                                                                    | Children                                           | infants                                            |           69.13 |            9842.05 |      0.731514283137743
 AAAAAAAAAENDAAAA | Rapid books will think never real, clear tiles. Exchanges know so even alive changes. Authorities gain also global services. Members may not cause from the son                                          | Children                                           | infants                                            |           76.71 | 16254.480000000001 |     1.2081206948732006
 AAAAAAAAAGKDAAAA | Never administrative days might assist compreh                                                                                                                                                           | Children                                           | infants                                            |            9.64 |             1959.9 |     0.1456703474907832
 AAAAAAAAAIADAAAA | Left, public hours go then powerful buildings. Me                                                                                                                                                        | Children                                           | infants                                            |            82.5 |           13171.49 |     0.9789762361709149
 AAAAAAAAAILDAAAA | Following chains might not sack children. Other, indian workshops remove authorities; german attempts carry furthermore; single, current                                                                 | Children                                           | infants                                            |            8.37 |           23230.79 |     1.7266377120186802
 AAAAAAAAAKAAAAAA | Rough minutes could not want. Weeks may not hear better eco                                                                                                                                              | Children                                           | infants                                            |            6.71 |            1270.13 |    0.09440291772971503
 AAAAAAAAAKJAAAAA | Easy, fixed territories comp                                                                                                                                                                             | Children                                           | infants                                            |            0.61 |           10621.05 |     0.7894137681601014
 AAAAAAAAAMHBAAAA | Fat, sensible police make black suppliers. British, dangerous authorities make smoothly c                                                                                                                | Children                                           | infants                                            |           71.57 |           12217.86 |     0.9080973069002196
 AAAAAAAAAMIDAAAA | S                                                                                                                                                                                                        | Children                                           | infants                                            |            1.96 |            7323.21 |      0.544300497702933
 AAAAAAAAAMKDAAAA | Good, specialist levels receive great advances. Parts would not return more in a expenses. Officials should know always complex, old year                                                                | Children                                           | infants                                            |            2.07 |            2388.38 |    0.17751729401501953
 AAAAAAAAANMBAAAA | Similar others may not hook e                                                                                                                                                                            | Children                                           | infants                                            |            5.83 |              88.62 |    0.00658671676852554
 AAAAAAAAAOGAAAAA | Categories collect there in a effects.                                                                                                                                                                   | Children                                           | infants                                            |            4.96 |            7284.62 |     0.5414322805950861
 AAAAAAAAAOMDAAAA | Modern trials lend more supporters. There practical funds replace very strictly great parents. Days m                                                                                                    | Children                                           | infants                                            |           55.71 | 3814.4300000000003 |     0.2835090277969632
 AAAAAAAABBLAAAAA | Other cities talk only from a agents.                                                                                                                                                                    | Children                                           | infants                                            |            2.85 |            5911.36 |     0.4393641845722313
 AAAAAAAABEIAAAAA | Experimental, poor points will not position secondly. Unique limits can collect to a values; benefits stop well new, italian characteristics. Firmly possible others rescue at least further ti          | Children                                           | infants                                            |            2.97 |             8997.9 |     0.6687724984373276
 AAAAAAAABHACAAAA | Items remain in a teachers. Well popular skills manage varieties. American values ought to rebuild so little ideas. Recent, different pupils meet. Annual theories li                                    | Children                                           | infants                                            |            4.53 |           13245.81 |     0.9845000997484009
 AAAAAAAABINDAAAA | Principles want almost away inc effects. Large, domestic eyes think scenes. Indeed super approaches travel more resou                                                                                    | Children                                           | infants                                            |            1.85 |             336.38 |   0.025001577370758536
 AAAAAAAABJNCAAAA | Too particular girls would result normally kilometres. Categories remember eventually recent years; presidenti                                                                                           | Children                                           | infants                                            |           16.45 |            3624.82 |      0.269416189086964
 AAAAAAAABKMCAAAA | Times make in a rates; points might act retail, western ties. Less inner games can join bitter partici                                                                                                   | Children                                           | infants                                            |            9.61 |                911 |     0.0677104375550301
 AAAAAAAABLDBAAAA | Voluntary friends accept also normal criteria. Befo                                                                                                                                                      | Children                                           | infants                                            |             9.9 |             2565.8 |    0.19070410612370609
 AAAAAAAABLGBAAAA | So alone pages interpret once again also wealthy allegations. Clear, equal things become down the months.                                                                                                | Children                                           | infants                                            |            4.96 |           13608.74 |       1.01147501643539
 AAAAAAAABNIAAAAA | Round, heavy transactions                                                                                                                                                                                | Children                                           | infants                                            |             4.9 |            6915.72 |     0.5140136412821874
 AAAAAAAABOHAAAAA | Remaining, negative metals must not convey quiet citizens. Criminal, existing groups must interpret numerous, social rights                                                                              | Children                                           | infants                                            |            8.81 |            6171.51 |     0.4586999368553719
 AAAAAAAACCDBAAAA | Central fields give obviously trees; representatives keep well ordinary, popular years. Tons mix partly light visitors. New, bad activities should experience to the times. Trousers                     | Children                                           | infants                                            |            3.45 | 7030.1900000000005 |     0.5225216695883612
 AAAAAAAACEHBAAAA | American buildings develop just from a states. Persistent, regional                                                                                                                                      | Children                                           | infants                                            |            8.54 |            3829.31 |    0.28461498971882804
 AAAAAAAACELCAAAA | Early pp. could prove necessarily then tough parties. Clearly                                                                                                                                            | Children                                           | infants                                            |            5.31 |            1632.57 |    0.12134141497169648
 AAAAAAAACFBDAAAA | Scenes will not say also. Of course wild vessels might not provide dra                                                                                                                                   | Children                                           | infants                                            |            6.44 | 11661.880000000001 |     0.8667738721341981
 AAAAAAAACFJBAAAA | Likely numbers will not explain married orders. Days must match intensely next to a tenants. Offenders will want internal direction                                                                      | Children                                           | infants                                            |            4.89 |                237 |   0.017615119320024297
 AAAAAAAACHACAAAA | Arbitrary houses make like a creatures. Uniquely new minutes must not make rough, historic genes. Normally international sectors can d                                                                   | Children                                           | infants                                            |            2.23 |            5809.84 |    0.43181867016983105
 AAAAAAAACIFEAAAA | Hot, local books describe today magnetic, japanese animals. Local names give very; mistakes help suddenly often high months.                                                                             | Children                                           | infants                                            |            2.59 | 18554.299999999996 |     1.3790557316435728
 AAAAAAAACIKAAAAA | Targets would not live. Strange houses can intend then courts. Barely large walls cannot support partial, unknown attitudes. Concerned, available ways should not hope bands.                            | Children                                           | infants                                            |            1.35 |             866.78 |    0.06442376845658507
 AAAAAAAACKAEAAAA | Frequent, possible days see. Losses can see now. Important officers train finally practitioners. National minutes take precisely hostile reports. Instead close newspa                                   | Children                                           | infants                                            |            0.94 |            2597.77 |    0.19308028909695998
 AAAAAAAACKODAAAA | Probably new weapons would need now deposits. Cities will help thoroughly over the agencies. Coastal, current years can bring eagerly prime women; times should turn figures. Industrial, partic         | Children                                           | infants                                            |            5.82 |           10166.24 |      0.755609833907189
 AAAAAAAACLAEAAAA | Actually red others can neg                                                                                                                                                                              | Children                                           | infants                                            |            0.78 | 2006.4499999999998 |    0.14913019476650946
 AAAAAAAACLGBAAAA | Never absolute lads like however interesting numbers. Others may not make shortly blue banks;                                                                                                            | Children                                           | infants                                            |            1.58 | 2779.8199999999997 |     0.2066112277982698
 AAAAAAAACLLBAAAA | Written shares think words. Major races eat also. Officials go now in a projects. Actual, new members survive to a letters. Running, major jobs ought to th                                              | Children                                           | infants                                            |           32.59 |            6297.77 |     0.4680842616036684
 AAAAAAAACMBCAAAA | Later different wages participate for sure. Events focus truly fresh questions. Buildings produce libraries. Well radical duties consist also. D                                                         | Children                                           | infants                                            |            0.74 |            2512.01 |    0.18670614296664237
 AAAAAAAADANDAAAA | Likely years will consider                                                                                                                                                                               | Children                                           | infants                                            |            4.75 |            3688.09 |    0.27411875701682875
 AAAAAAAADBAAAAAA | Students might come soon. Difficult courses would not hate moreover major things. Willing road                                                                                                           | Children                                           | infants                                            |            8.01 |            17226.9 |     1.2803961983718422
 AAAAAAAADBFBAAAA | Grimly domestic foods find in                                                                                                                                                                            | Children                                           | infants                                            |           26.58 |            9313.16 |     0.6922043234028585
 AAAAAAAADFACAAAA | Either external chapters should say years. Patterns will not discov                                                                                                                                      | Children                                           | infants                                            |            3.87 |            7511.46 |     0.5582922538716865
 AAAAAAAADFOAAAAA | Constitutional appeals end small, due knees. Conclusions take ever. E                                                                                                                                    | Children                                           | infants                                            |            8.53 |            1770.54 |     0.1315960901302777
 AAAAAAAADGICAAAA | Aware, historical cases clear still. Quite large banks add no. So long weapons will not ensure perfectly however massive teeth. Familiar years reckon too ameri                                          | Children                                           | infants                                            |            3.77 |  8063.169999999999 |     0.5992983191883556
 AAAAAAAADHHCAAAA | Past, important feet must meet at all useful bills. Items apply preferably teachers. Else real differences practice agreements; sophisticated events shall                                               | Children                                           | infants                                            |             4.3 |            1893.94 |     0.1407678442403663
 AAAAAAAADIFDAAAA | Immediate, good circumstances shall stay slightly writers. Low acres would not remember almost practices. Co                                                                                             | Children                                           | infants                                            |            7.08 |           16988.31 |      1.262662901669038
 AAAAAAAADJEDAAAA | All black photographs want quite. Profitable movements betray just in a conditions. Used, other passen                                                                                                   | Children                                           | infants                                            |            7.55 |            4782.26 |     0.3554433777189004
 AAAAAAAADMBDAAAA | L                                                                                                                                                                                                        | Children                                           | infants                                            |            3.77 |           14404.73 |       1.07063728996934
 AAAAAAAADMDBAAAA | There avail                                                                                                                                                                                              | Children                                           | infants                                            |            3.54 |            3254.16 |    0.24186673707362982
 AAAAAAAADNADAAAA | Communists complain very powerful, various police. British parents could not see as. Readers sho                                                                                                         | Children                                           | infants                                            |             3.7 |           10774.64 |     0.8008294060350489
 AAAAAAAADNJDAAAA | Brave, considerable children may not run now. Scientific industr                                                                                                                                         | Children                                           | infants                                            |           38.92 |            9084.93 |     0.6752410378230731
 AAAAAAAAEAABAAAA | Towns pay with a years. Both rough companies rotate just fields. For example conventi                                                                                                                    | Children                                           | infants                                            |            0.69 |           15860.57 |     1.1788431773569525
 AAAAAAAAEBJAAAAA | Bad, smooth months show in a interviews. In full functional tactics ma                                                                                                                                   | Children                                           | infants                                            |            1.54 |            4927.73 |    0.36625549336229246
 AAAAAAAAECNBAAAA | Stories happen elements; now hi                                                                                                                                                                          | Children                                           | infants                                            |             0.4 |            1997.74 |     0.1484828205501491
 AAAAAAAAEDABAAAA | Public, everyday brothers take on a cards. Aga                                                                                                                                                           | Children                                           | infants                                            |             3.8 |             557.83 |    0.04146093675227491
 AAAAAAAAEDOCAAAA | Very medical stars visit opponents. Then political duties think later wishes. Effective cameras claim stairs. Able sites say. Places should feel on a minutes. Things tell posts. Onl                    | Children                                           | infants                                            |            4.13 | 15227.609999999999 |      1.131798173454832
 AAAAAAAAEECEAAAA | Then slow years fix in a problems. Journals                                                                                                                                                              | Children                                           | infants                                            |            1.74 |           24922.42 |     1.8523687849947676
 AAAAAAAAEENCAAAA | Informal, accurate women must predict very alone words. At last ultimate readers shoot yet years; other modules set unusually i                                                                          | Children                                           | infants                                            |            4.49 | 137.10000000000002 |    0.01019001206234317
 AAAAAAAAEIBDAAAA | Less identical families shall not want again objects. More real holidays would not understand probably small, polite representations. Spatial rates should see and so on. Natural, critical details sh   | Children                                           | infants                                            |            1.68 |            5470.55 |    0.40660080589096587
 AAAAAAAAEIFAAAAA | Also european conditions may know before for a buildings. Relevant, heavy friends make. Single, british doubts grow usuall                                                                               | Children                                           | infants                                            |            4.81 |  9420.630000000001 |     0.7001920739232089
 AAAAAAAAEIJBAAAA | Different, n                                                                                                                                                                                             | Children                                           | infants                                            |            0.63 |            3823.98 |     0.2842188353476224
 AAAAAAAAEJBDAAAA | Always                                                                                                                                                                                                   | Children                                           | infants                                            |           67.23 | 1495.8799999999999 |    0.11118187632252298
 AAAAAAAAEJLBAAAA | Changing, only birds may investigate well bodies. Grounds hear at least federal words. Insufficient businesses discuss cells. Much efficient offices understand with a cheeks. Cons                      | Children                                           | infants                                            |            5.45 |            1889.96 |    0.14047202915642668
 AAAAAAAAEKBCAAAA | Private                                                                                                                                                                                                  | Children                                           | infants                                            |            2.72 |            5009.35 |     0.3723219323449946
 AAAAAAAAELACAAAA | So free steps must not respond straight direct secondary areas; only offic                                                                                                                               | Children                                           | infants                                            |             2.9 |            1750.78 |    0.13012742026629595
 AAAAAAAAELNAAAAA | Colleagues give t                                                                                                                                                                                        | Children                                           | infants                                            |            7.65 |            7479.33 |     0.5559041788347566
 AAAAAAAAELODAAAA | About random sides go flat schools; pleased times can make by a areas. New chemi                                                                                                                         | Children                                           | infants                                            |            0.09 |                    |                       
 AAAAAAAAEMPAAAAA | General, import                                                                                                                                                                                          | Children                                           | infants                                            |             5.8 | 13580.380000000001 |      1.009367148148825
 AAAAAAAAEOIDAAAA | Years must articulate; states can set however with the criticisms. At first big troops may help sensibly. As final grounds can enter easily british final charges. Small, very pounds m                  | Children                                           | infants                                            |            2.04 | 3017.0600000000004 |    0.22424418521380807
 AAAAAAAAEPCBAAAA | Physical cases might meet suddenly companies. Demanding, other areas may help even pressures. Aside local companies get both like a                                                                      | Children                                           | infants                                            |            3.45 |  954.5799999999999 |    0.07094953839877127
 AAAAAAAAEPMAAAAA | Boys learn responsibilities. Small times would draw. General key                                                                                                                                         | Children                                           | infants                                            |            1.89 |  7035.639999999999 |     0.5229267430073238
 AAAAAAAAEPMDAAAA | Chemical historians say                                                                                                                                                                                  | Children                                           | infants                                            |            4.88 |            2817.18 |     0.2093880246666078
 AAAAAAAAFEABAAAA | Profits can pass about groups. Poor, western offices could not give safely clean similar layers.                                                                                                         | Children                                           | infants                                            |            6.74 |            5045.95 |     0.3750422419108717
 AAAAAAAAFEHAAAAA | Significant animals may not enforce wide left games. Straight minimal stars should support important                                                                                                     | Children                                           | infants                                            |           78.71 | 11032.880000000001 |     0.8200231968080577
 AAAAAAAAFFFEAAAA | Short beautiful residents complicate walls. New, arab lectures should not find. Seasons move apparently remarkable, welsh faces. Main, limited pare                                                      | Children                                           | infants                                            |            8.23 |            4927.26 |    0.36622056042524437
 AAAAAAAAFGCDAAAA | European clients should specify official dogs. Things shall own more to a categories. Personal needs imitate straight western men; good, new books stay services; subjects come as                       | Children                                           | infants                                            |            2.92 |            4462.58 |     0.3316830344943208
 AAAAAAAAFGEBAAAA | Officially yellow words shall understand high national clean options. Just military lips look civil mothers. Serious, constitutional years would mak                                                     | Children                                           | infants                                            |             1.1 |              244.2 |   0.018150262185442755
 AAAAAAAAFHEAAAAA | Young plans will notice territorial, busy lips. Twice new cities might not adopt years. Events leave true, eastern servants. Belief                                                                      | Children                                           | infants                                            |            2.88 |           13287.55 |     0.9876024418598686
 AAAAAAAAFIOBAAAA | Years analyse quite after a prices. Even single funds used to pay in order hands. Subtle, french periods work both new times. Very old hands would fo                                                    | Children                                           | infants                                            |           48.42 |            6004.48 |     0.4462853656316434
 AAAAAAAAFKCCAAAA | Then original memories shall not think special, grey workers.                                                                                                                                            | Children                                           | infants                                            |            7.09 |           10307.39 |     0.7661008638313301
 AAAAAAAAFMHBAAAA | Ever good eyes might enlarge long particular civil troops. Members put too biological arms. Now silly responsibilities realise                                                                           | Children                                           | infants                                            |            7.39 |            8887.35 |     0.6605558256912148
 AAAAAAAAFMKBAAAA | Safe eyes consider quickly. European, living shoes help probably interested influences. Relations result never eyes. Current, loca                                                                       | Children                                           | infants                                            |            7.03 |            5532.06 |    0.41117256112039496
 AAAAAAAAFNICAAAA | Real, right books ought to look industrial properties. Enterprises used to keep again between a authors. Nearby, established officials s                                                                 | Children                                           | infants                                            |            2.32 |  5551.339999999999 |    0.41260555479334876
 AAAAAAAAGAACAAAA | Public, long jobs can recommend right from a colleagues. Recent, serious things solve patient, classical conditions. Physical, little problems agree protests; politically legal benefits make. Men cont | Children                                           | infants                                            |            4.71 |            4200.34 |    0.31219194212941287
 AAAAAAAAGAOAAAAA | Individual citizens can reduce quite other children. Increased others seek movements. Parents see more. Large others explain only between a hands; often straight accounts can justify more j            | Children                                           | infants                                            |            2.46 |            8445.78 |     0.6277359597074887
 AAAAAAAAGBJBAAAA | Effective, different patients might know friends. Again willing figures wear eventually ancient, broad responsibilities. Sources highlight again with a food                                             | Children                                           | infants                                            |            7.32 | 12076.650000000001 |     0.8976018174522002
 AAAAAAAAGCMCAAAA | Things will impose socially to the organisations. Difficult workers consider open amo                                                                                                                    | Children                                           | infants                                            |             0.6 | 22258.489999999998 |     1.6543711275677957
 AAAAAAAAGDHBAAAA | Able, solar arms can obtain. Personal, strong terms resort however disastrous weaknesses; periods could hit elements.                                                                                    | Children                                           | infants                                            |            6.41 |            2182.44 |     0.1622107215560921
 AAAAAAAAGFBBAAAA | Thus strange pressures shall not extend ver                                                                                                                                                              | Children                                           | infants                                            |            1.54 |            3417.85 |    0.25403306146812255
 AAAAAAAAGGABAAAA | Existing services ought to take particular practitio                                                                                                                                                     | Children                                           | infants                                            |            0.87 | 7467.5599999999995 |     0.5550293689005934
 AAAAAAAAGGGBAAAA | Monthly positions play effectively high areas. Usually single days die old, british terms. Heads shall impair equally th                                                                                 | Children                                           | infants                                            |             6.9 |             1170.4 |    0.08699044578968962
 AAAAAAAAGIFAAAAA | Even local studies used to rise before a topics; important cases shall let on the tickets. Minor, alone memories transmit. Most innocent users become in particular as                                   | Children                                           | infants                                            |            1.72 |             279.72 |    0.02079030032150716
 AAAAAAAAGIOBAAAA | Therefore maximum officers should adopt thus by a examples. Homes provide                                                                                                                                | Children                                           | infants                                            |            2.45 |            4415.97 |      0.328218727694716
 AAAAAAAAGJEAAAAA | Magazines tell furthermore long total historians. Northern tanks take only immen                                                                                                                         | Children                                           | infants                                            |            3.85 |  516.1800000000001 |   0.038365283926625075
 AAAAAAAAGKGAAAAA | European, quick definitions restrict black beans. Canadian, chinese measures use both to a friends; outside increasing prices change yet parties. Now sta                                                | Children                                           | infants                                            |            5.93 |            3322.04 |    0.24691194508815828
 AAAAAAAAGMNBAAAA | Gradually existing miles must go often. Badly different relatives wait highly basic cu                                                                                                                   | Children                                           | infants                                            |            3.56 |            1450.38 |    0.10780007071467021
 AAAAAAAAGMPBAAAA | Other jobs ough                                                                                                                                                                                          | Children                                           | infants                                            |            2.44 |             1694.4 |     0.1259369543284775
 AAAAAAAAGNPAAAAA | Other, expensive pieces should carry predominantly dangerous gentlemen. However just problems could encourage other ha                                                                                   | Children                                           | infants                                            |            2.41 |            1924.17 |     0.1430147010211441
 AAAAAAAAGNPDAAAA | Scottish friends take again by a initiatives. Sides might get in order slow, fine relations. However total men stare there likely seats. Hard regional limits loosen ever relationships; full            | Children                                           | infants                                            |            1.88 |             999.53 |    0.07429046503773791
 AAAAAAAAGOCDAAAA | Excessive employees can confront there in a                                                                                                                                                              | Children                                           | infants                                            |            6.71 |            3001.05 |     0.2230542355922317
 AAAAAAAAGPHBAAAA | Far welsh novels ought to observe so out of a women. Individual elements come never germa                                                                                                                | Children                                           | infants                                            |            6.24 |             491.47 |   0.036528703342668105
 AAAAAAAAGPKDAAAA | English, standard troops meet then by the sectors; approp                                                                                                                                                | Children                                           | infants                                            |            3.39 |            1996.77 |    0.14841072491411356
 AAAAAAAAHBEBAAAA | Plans know countries. Other, nuclear detectives must back very cold changes; serious votes leave. Red hands realise slow new arts. Foreign keys must not take for a occasions. Large, able times ho      | Children                                           | infants                                            |            1.56 |             3930.5 |     0.2921359767398966
 AAAAAAAAHEACAAAA | True, fine consequences look certainly pub                                                                                                                                                               | Children                                           | infants                                            |            0.45 |           11008.34 |     0.8181992515417564
 AAAAAAAAHGBCAAAA | Military, able kids order again similar times. No doubt available divisions read mor                                                                                                                     | Children                                           | infants                                            |            2.41 |             380.88 |   0.028309057580636517
 AAAAAAAAHHCAAAAA | Financial, sad women seek national films. Free, inevitable years might take friends; seeds answer quiet laws. Large officers could levy european, regular children. Wet, high yards play d               | Children                                           | infants                                            |            7.39 | 10352.519999999999 |     0.7694551690419321
 AAAAAAAAHHEEAAAA | Outside men make unreasonably. Also legal days could not choose alternative, economic yea                                                                                                                | Children                                           | infants                                            |            0.89 |            7985.47 |     0.5935232357657149
 AAAAAAAAHJFEAAAA | Furiou                                                                                                                                                                                                   | Children                                           | infants                                            |            6.92 |           10920.45 |     0.8116667923137525
 AAAAAAAAHJMDAAAA | New powers exclude of course. Specific, primary women sit simply in a experiences. Similar, irrelevant things produce in a demands. Little, open relations understand too well similar club              | Children                                           | infants                                            |           59.51 |  6992.139999999999 |     0.5196935881954207
 AAAAAAAAHJPDAAAA | Social men will not work then to a women. Specifically dark suggestions learn by now white years. Important, common police give positively; policemen want duly; more ne                                 | Children                                           | infants                                            |            5.31 |           11033.25 |     0.8200506972053083
 AAAAAAAAHKBBAAAA | Local prices walk nowhere only other others. Applications support features. Right, heavy troops can like significantly currently unlikely cars; active su                                                | Children                                           | infants                                            |            8.77 |            2160.41 |    0.16057333303870755
 AAAAAAAAHNIAAAAA | Complex groups should look here indeed free thousands; industrial, main friends will happen direct expectations. Personal, mon                                                                           | Children                                           | infants                                            |           14.45 |            2494.26 |     0.1853868671525899
 AAAAAAAAHOJBAAAA | Common children cause even winds; slight differences mean                                                                                                                                                | Children                                           | infants                                            |           71.67 |            5638.24 |    0.41906443187735776
 AAAAAAAAHPADAAAA | Questions ought to tell. Far pleasant glasses shall form indirectly in a eyes; doctors can add home necessary, important contra                                                                          | Children                                           | infants                                            |            4.25 |            1340.28 |    0.09961684439764626
 AAAAAAAAIAIBAAAA | Able, irish incom                                                                                                                                                                                        | Children                                           | infants                                            |            4.37 | 14084.479999999998 |     1.0468345812679145
 AAAAAAAAIGDDAAAA | Now new boards could tell other, conservative ri                                                                                                                                                         | Children                                           | infants                                            |            5.46 |            2534.55 |    0.18838143743699404
 AAAAAAAAIIFEAAAA | Causes prejudice. Beliefs used to go necessary products. Payable, good jobs might aid historical, great levels; raci                                                                                     | Children                                           | infants                                            |            0.22 | 3601.2200000000003 |    0.26766210969475907
 AAAAAAAAIJFDAAAA | Favorite systems buy still. Reliable, blind models express blue parties. Full, labour tests                                                                                                              | Children                                           | infants                                            |            6.45 |             2996.7 |     0.2227309201110414
 AAAAAAAAIJLBAAAA | Relevan                                                                                                                                                                                                  | Children                                           | infants                                            |            9.71 |                398 |   0.029581508393964853
 AAAAAAAAIJPAAAAA | English crops promote further for a patients. Too long machines might tend obviously wooden likely sentences. Political peasan                                                                           | Children                                           | infants                                            |            3.46 |             8416.4 |     0.6255522795149894
 AAAAAAAAIKAEAAAA | Here legal measures will browse above long affairs. Inc, correct feelings work local things. Languages used to redress hence beyond the strange                                                          | Children                                           | infants                                            |            7.99 | 1247.1999999999998 |    0.09269863635415317
 AAAAAAAAIKODAAAA | Forward other doors look normally other connections. Waste points must no                                                                                                                                | Children                                           | infants                                            |           42.28 |            4364.77 |      0.324413267318407
 AAAAAAAAILDDAAAA | Great markets should stop curiously still great roads. Good resources calculate. Political budgets leave as bizarre letters. Eventually rich spirits make slowly policies; increased, old manufacturer   | Children                                           | infants                                            |            6.11 |  4326.070000000001 |     0.3215368744167828
 AAAAAAAAINLAAAAA | As good as tiny shelves would not challenge rocks. Back, maximum hours may not make too expensive contents. Absolutely new others take particularly available, competitive pieces. Directl               | Children                                           | infants                                            |            5.31 |            12841.1 |     0.9544198679340253
 AAAAAAAAINMCAAAA | Often black meanings lay tomorrow ago subject friends. Tight previous links assess unique, national areas; different developments belong just. Much free projects date spanish                           | Children                                           | infants                                            |            0.58 |             2419.2 |     0.1798080027806024
 AAAAAAAAIPADAAAA | Never labour circumstances must not live by a colours. Operations force consequently in a pupils. Finally only interests ignore clubs. Issues would not feel suddenly; small arms may                    | Children                                           | infants                                            |            1.31 |            5877.24 |     0.4368282019933316
 AAAAAAAAIPCDAAAA | Clear turkish interests take. Female, general eyes will strengthen even only sensible years; afraid symptoms must not execute also. Confident stories look nations. Necessary,                           | Children                                           | infants                                            |            1.25 | 20722.160000000003 |      1.540182788897193
 AAAAAAAAIPMDAAAA | Earlier old delegates observe even recent memories. Civil, local clothes could find specifically conservative songs; widely grey                                                                         | Children                                           | infants                                            |             1.2 |               7665 |     0.5697041754767351
 AAAAAAAAJABAAAAA | Low, sharp needs afford pp.. Peasants must refuse similar accidents; regardless fiscal eyebrows                                                                                                          | Children                                           | infants                                            |            4.48 |             282.15 |   0.020970911038585883
 AAAAAAAAJAGBAAAA | Points t                                                                                                                                                                                                 | Children                                           | infants                                            |            4.54 |            4872.03 |     0.3621155686950969
 AAAAAAAAJFFAAAAA | Nearly international plants will not like years. Women die with a rises. Thus massive groups establish earlier manageri                                                                                  | Children                                           | infants                                            |             6.1 |            4379.87 |    0.32553558082782624
 AAAAAAAAJGEDAAAA | Scottish, mean duties reveal instead rather total sets. Young, limited conditions might get also personal, peculiar charts. Years would collect right. Orthodox years would save ar                      | Children                                           | infants                                            |            8.83 |            4383.41 |    0.32579869273665696
 AAAAAAAAJHOBAAAA | Steps would not make modern actions. Wives should damage families. Still american reasons want from the for                                                                                              | Children                                           | infants                                            |            2.25 |            2322.17 |    0.17259620941510895
 AAAAAAAAKAGEAAAA | Tight white articles laugh. More complex girls should look alto                                                                                                                                          | Children                                           | infants                                            |            3.16 |             317.46 |    0.02359534084107558
 AAAAAAAAKAHAAAAA | Arms make only left, final shoulders. So impossible scientists write even high, large prices. Hearts settle today forces. Pictures live instead dependent, current friends. Professional colleagues wit  | Children                                           | infants                                            |           57.38 |              23.23 |  0.0017265789949542803
 AAAAAAAAKANDAAAA | Others must like now. Small, fundamental businessmen will not meet far prime,                                                                                                                            | Children                                           | infants                                            |            4.48 |           12239.18 |      0.909681924385042
 AAAAAAAAKBBCAAAA | However illegal yea                                                                                                                                                                                      | Children                                           | infants                                            |            1.94 |            9120.64 |     0.6778951977847527
 AAAAAAAAKCCCAAAA | Excellent,                                                                                                                                                                                               | Children                                           | infants                                            |            2.45 | 4011.4399999999996 |     0.2981518744519758
 AAAAAAAAKEECAAAA | Mental costs make suppliers; rules allow visual, prime boys. Statutory students develo                                                                                                                   | Children                                           | infants                                            |            7.86 |            2071.79 |      0.153986616270182
 AAAAAAAAKFEAAAAA | Black, cultural men would take previous teachers. Levels take there in a places. Again marginal institutions must run. Culture                                                                           | Children                                           | infants                                            |            4.88 |           17371.25 |     1.2911250695695025
 AAAAAAAAKFHBAAAA | Now local units produce much figures. Members justify african, public images. Whole differences ought to fall hard columns. Professional, international visitors impede                                  | Children                                           | infants                                            |            9.08 |             175.46 |   0.013041134328655963
 AAAAAAAAKGGDAAAA | Most national views may not try particular, local articles. Personal, good organisations should avoi                                                                                                     | Children                                           | infants                                            |            3.21 | 7087.3099999999995 |      0.526767136320681
 AAAAAAAAKHPCAAAA | Places like actually places; considerable id                                                                                                                                                             | Children                                           | infants                                            |            5.35 |            5619.92 |     0.4177027905864597
 AAAAAAAAKIHDAAAA | High, cultural powers seem closely successful, innocent pairs. Then social quarters                                                                                                                      | Children                                           | infants                                            |            2.54 |           20919.38 |       1.55484124388578
 AAAAAAAAKJJDAAAA | Voluntary respondents try national, elderly dangers. Officials shall not blame never as good as pr                                                                                                       | Children                                           | infants                                            |            7.17 |            8866.25 |      0.658987559793947
 AAAAAAAAKLBDAAAA | Radical parts imagine then very top statements. Brown officers shall share members                                                                                                                       | Children                                           | infants                                            |            3.22 | 2613.4300000000003 |    0.19424422482924517
 AAAAAAAAKLEBAAAA | Immense, local meetings will mean widely new artists. Levels should not last even. Young facilities tak                                                                                                  | Children                                           | infants                                            |               2 |           11855.52 |     0.8811662421980356
 AAAAAAAAKMFEAAAA | Views may accept home old procedures. Old flowers divorce at least out of a teachers. Cars shall not win ahead eventually reasonable issues. Much fundament                                              | Children                                           | infants                                            |            6.41 |             994.36 |    0.07390620273020827
 AAAAAAAAKMHDAAAA | Considerable police help also trousers. Ra                                                                                                                                                               | Children                                           | infants                                            |            0.74 |             989.13 |    0.07351748089880014
 AAAAAAAAKPGDAAAA | Important kings would not want thus with the elections. Conditions write for a weapons. Absent, specified signs take ju                                                                                  | Children                                           | infants                                            |            1.07 |            4374.86 |     0.3251632105839725
 AAAAAAAAKPPDAAAA | Confident standards may not restrict even national o                                                                                                                                                     | Children                                           | infants                                            |            9.47 |            7802.73 |     0.5799410125398025
 AAAAAAAALFCEAAAA | Sharp, immediate months can take more by a genes. Federal changes ought to bear long alone accountants. Still talks remember always other, local supporters. Parts m                                     | Children                                           | infants                                            |            1.16 |            7192.73 |     0.5346025197751829
 AAAAAAAALHBAAAAA | Physical, small police will send really young secrets. Interesting problems could look eastwards today key shelves; seconds take specifically. Long military windows move happy artists; concerne        | Children                                           | infants                                            |            0.81 |            8860.31 |     0.6585460669299766
 AAAAAAAALJBEAAAA | So musical benefits could view as black, necessary days. Major lines could prove for a windows. Still steady institutions would not take about regular, numerous materials; far opening departments k    | Children                                           | infants                                            |            9.26 |            1058.96 |    0.07870762343937945
 AAAAAAAALJCAAAAA | Indeed high accidents might make further afterwards practical groups. Visible, necessary areas say. Residential, random metals may entertain enough british,                                             | Children                                           | infants                                            |            2.75 |            1847.96 |    0.13735036244148566
 AAAAAAAALKFCAAAA | So traditional patterns shall not matter from a forces; customers digest sharply key circumstances.                                                                                                      | Children                                           | infants                                            |            8.85 |           18466.84 |     1.3725552323366983
 AAAAAAAALKNDAAAA | Professional, formal conditions cannot restore new, white experiences. Men shall not enable both available weeks. Contacts can resist now in a components. Therefore good habits reduce also cold serv   | Children                                           | infants                                            |            4.18 |            5683.12 |     0.4224001557384662
 AAAAAAAALMACAAAA | Hopelessly european metals maximise. Unpleasant, possible difficulties should establish; other reports see keen forests. Ac                                                                              | Children                                           | infants                                            |            0.78 |            4941.64 |     0.3672893596481218
 AAAAAAAALNAEAAAA | Local, potential shops would invest inextricably generous, new women. Unanimously different years must see                                                                                               | Children                                           | infants                                            |            4.73 |            6441.16 |      0.478741780419273
 AAAAAAAALOKCAAAA | Young, difficult requirements shall not go so major gains. Good relations accept to a investors; in order able signs should not app                                                                      | Children                                           | infants                                            |            0.95 |            3509.23 |     0.2608249163350585
 AAAAAAAALPMCAAAA | Schemes lose domestic parts. Surprised, religious questions learn                                                                                                                                        | Children                                           | infants                                            |             4.8 |            7545.32 |     0.5608089118471128
 AAAAAAAAMAABAAAA | Large, primitive years used to present scottish sessions. Waves must take pregnant subjects. Pre                                                                                                         | Children                                           | infants                                            |            1.17 |            1478.63 |    0.10989976320745791
 AAAAAAAAMBPDAAAA | Procedures fight fast away warm levels. Reasons should limit routine, controversial streets. Able games may not preserve windows; local women slip there artists. Military types should                  | Children                                           | infants                                            |            2.23 |           12552.89 |     0.9329985449837122
 AAAAAAAAMCPDAAAA | Sympatheticall                                                                                                                                                                                           | Children                                           | infants                                            |            3.42 |            6068.14 |    0.45101692046671826
 AAAAAAAAMDBAAAAA | For example military unions should speak very then financial researchers. Necessary, operational terms might not adapt. White dishes regard too other instruments. Examples may expect just instead grea | Children                                           | infants                                            |             7.9 |            2398.07 |    0.17823750712139524
 AAAAAAAAMEPAAAAA | Able objectives make a little better clear names. Technological, equivalent                                                                                                                              | Children                                           | infants                                            |            8.03 |  9664.150000000001 |     0.7182917948380289
 AAAAAAAAMFCAAAAA | Psychological times ask in order in the tanks; military findings may see well standard students; fairly slow authorities shall improve rapidly v                                                         | Children                                           | infants                                            |            7.65 |           10947.54 |     0.8136802673448894
 AAAAAAAAMILBAAAA | Able contents pull experiments. Advanced, warm emotions might visit never in the we                                                                                                                      | Children                                           | infants                                            |            2.58 |            8876.36 |      0.659738989567472
 AAAAAAAAMKKAAAAA | Political, public persons contend broadly; broad plans could                                                                                                                                             | Children                                           | infants                                            |            9.63 |             592.74 |    0.04405563639557469
 AAAAAAAAMLEEAAAA | Possible, common shows may consider usually big, silver hours. Medium goals would presen                                                                                                                 | Children                                           | infants                                            |            8.53 |           15137.12 |     1.1250724681920936
 AAAAAAAAMLIAAAAA | Cultural, closed acres shall please faster; prices should res                                                                                                                                            | Children                                           | infants                                            |            2.07 |            5071.84 |    0.37696652646443896
 AAAAAAAAMLNCAAAA | Substantial, free q                                                                                                                                                                                      | Children                                           | infants                                            |            6.31 |            7289.84 |     0.5418202591725144
 AAAAAAAAMNNCAAAA | As well solid hours must go here different excellent elements. Other, serious heads must suggest within a details. Opportun                                                                              | Children                                           | infants                                            |            1.21 |           12141.57 |     0.9024270222887232
 AAAAAAAANADAAAAA | Pale problems can see enough managers. Lovely, gastric characters should pass here. Trying books make easily afraid, possible s                                                                          | Children                                           | infants                                            |            9.58 |             635.73 |   0.047250885254510745
 AAAAAAAANBCDAAAA | Sufficiently ready rates keep                                                                                                                                                                            | Children                                           | infants                                            |            5.59 | 19921.940000000002 |     1.4807061189298096
 AAAAAAAANBHBAAAA | Again direct differences could deal closely often future stairs. Generally major employers ought to stay. Free members make generally trends. Just                                                       | Children                                           | infants                                            |            1.79 |            1351.31 |    0.10043665353730816
 AAAAAAAANCBDAAAA | Alone, increasing differences plan ways. Human advantages ought to import even present, inner days. Happy, prime aspects see good, compe                                                                 | Children                                           | infants                                            |            2.07 |            1134.78 |    0.08434297511382773
 AAAAAAAANDCEAAAA | Police win more always other shares; early, illegal men ought to determine away other seconds; differences provide about international, helpful books.                                                   | Children                                           | infants                                            |            2.38 |            1177.28 |    0.08750180452775613
 AAAAAAAANEODAAAA | Current kinds could not see insects. Enough armed environments will cry enough throughout the guns. Only toxic men win agencies. Chief, environmental poets get eyes. Carefully new yards might inc      | Children                                           | infants                                            |             0.3 |            2053.52 |    0.15262869124918269
 AAAAAAAANINDAAAA | Probably little institutions take then easy, other patients. Years should deal indeed possible forms. Times use somewhere in a men. Western situations pay. As specific sales mu                         | Children                                           | infants                                            |            2.64 |              28954 |     2.1520175729619555
 AAAAAAAAOBHDAAAA | Able cities should not limit. Kinds must seem tonight sexual firms. Critical weeks would get proposed, delicious guidelines; wrong procedures learn very. Important eyes may display in                  | Children                                           | infants                                            |            0.11 |            6769.73 |     0.5031628764318484
 AAAAAAAAODLBAAAA | Russian, redundant proposals should curb harder expens                                                                                                                                                   | Children                                           | infants                                            |            4.34 |             9436.2 |     0.7013493203696763
 AAAAAAAAOEDCAAAA | Strongly good feet help probably amongst a advantages. Critical policies dominate appropriately upon a conditions. Yet complete demands expect extr                                                      | Children                                           | infants                                            |            7.12 |           13146.12 |     0.9770906008242946
 AAAAAAAAOEFCAAAA | Additional, public divisions may go at least somewhere impos                                                                                                                                             | Children                                           | infants                                            |            5.67 |           10271.37 |     0.7634236629962784
 AAAAAAAAOFBCAAAA | Things stay equally. As wrong boards used to give then. Perfectly previous rules hurt. Roman centuries m                                                                                                 | Children                                           | infants                                            |            2.04 | 198.95000000000002 |   0.014787037927083687
 AAAAAAAAOFPAAAAA | Likely implications resist sometimes to the wages. Familiar miles raise broadly different, only eyes. Poor tickets must stand english, h                                                                 | Children                                           | infants                                            |            9.64 |  4863.719999999999 |     0.3614979246379264
 AAAAAAAAOJLAAAAA | Children attract hopefully given laws. Grey, new grounds may come just impossible languages. Junior forces suit as mean, attractive years. Bright, general chan                                          | Children                                           | infants                                            |           92.04 |            5091.02 |    0.37839208759759535
 AAAAAAAAOLMAAAAA | New plans can produce demands. Quickly political resour                                                                                                                                                  | Children                                           | infants                                            |            3.59 |             2102.1 |     0.1562394190827978
 AAAAAAAAOMBEAAAA | Later mature powers must delegate smoothly much other firms; day                                                                                                                                         | Children                                           | infants                                            |           92.56 |            5825.66 |    0.43299449796579215
 AAAAAAAAOMLBAAAA | Other areas might produce particular, quiet neighbours. Strong, good matters change very. Other, new pupils lose. American, white areas settle both mutual affairs. Situation                            | Children                                           | infants                                            |            7.66 |  4282.219999999999 |    0.31827770571558833
 AAAAAAAAONEAAAAA | Ago little programmes finance qui                                                                                                                                                                        | Children                                           | infants                                            |            1.51 |           14963.29 |     1.1121524842621364
 AAAAAAAAONEBAAAA | Curious, large movements write more. Vital, local variations might mention so local doctors. Recent, public cells would burn about widespread, urban decades. Also high variat                           | Children                                           | infants                                            |            6.12 | 15943.839999999998 |      1.185032253246313
 AAAAAAAAONKAAAAA | Clear women explain more; here black industries examine tory, equal standards. Speakers reveal                                                                                                           | Children                                           | infants                                            |            6.63 |            4628.56 |     0.3440195640501758
 AAAAAAAAONLCAAAA | Certainly national photographs provide random, effective islands. Intermediate, royal factors go. Personally old residents get busy, original careers. However                                           | Children                                           | infants                                            |            4.41 |              64.89 |   0.004822975074583868
 AAAAAAAAOPIBAAAA | Matters make projects. Proposals suggest no longer fellow, cheap readers. Now proud years could not use other, old provisions. Diplomatic services reduce very far eyes. Events pull international cause | Children                                           | infants                                            |            4.32 |            1419.44 |    0.10550044290133033
 AAAAAAAAPCACAAAA | Normally old things stop right other facts. Men replace unlike a countries. Schemes impose more enough local gardens. Soft, advanced lights separate les                                                 | Children                                           | infants                                            |            2.39 |             6860.1 |     0.5098796626468298
 AAAAAAAAPCFAAAAA | Low lives afford happy changes. Slight, competitive jobs experiment abstract features. Ge                                                                                                                | Children                                           | infants                                            |            3.08 |           11039.21 |      0.820493676577238
 AAAAAAAAPDICAAAA | Controversial, various systems would not go earlier european pupils. Then necessary countries cross now as various values; practical claims could support. Also other states must spend                  | Children                                           | infants                                            |            9.46 |            5786.75 |    0.43010249673059325
 AAAAAAAAPGMBAAAA | Factors                                                                                                                                                                                                  | Children                                           | infants                                            |            5.23 |            7991.48 |     0.5939699314075433
 AAAAAAAAPIDCAAAA | Serious, fresh programmes keep today children; away financial figures steal; all individual travellers make further hours. Concentrations may visit now valuable units; terms will red                   | Children                                           | infants                                            |            6.24 |            3230.79 |    0.24012975252295907
 AAAAAAAAPIMCAAAA | Roads will remain regularly with a abilities.                                                                                                                                                            | Children                                           | infants                                            |            2.43 |  5942.200000000001 |     0.4416563798457738
 AAAAAAAAPKECAAAA | Following, good foods may not avoid once more for a movements; articles understand even merely right members. Clear employees touch here until a police. Institutions forc                               | Children                                           | infants                                            |             2.2 |           15371.68 |     1.1425062335410594
 AAAAAAAAPKGAAAAA | Dead, black hopes used to help simply protective, mi                                                                                                                                                     | Children                                           | infants                                            |            3.43 |             997.28 |    0.07412323289229464
 AAAAAAAAPLIAAAAA | Unknown, high tactics prove. Elsewhere heavy ways wait by the laws. Rather local levels sign properly both great institutions. Prices gather comparatively open, careful players.                        | Children                                           | infants                                            |            0.25 |  4447.330000000001 |    0.33054957217520536
 AAAAAAAAPNNCAAAA | Written, free years care however existing, international reports. Atlantic years would not see often also high patients. Descriptions shall not say righ                                                 | Children                                           | infants                                            |           27.35 |             434.35 |    0.03228323661034833
 AAAAAAAAPOFAAAAA | Major, foreign projects hope then electronic difficulties. Interesting                                                                                                                                   | Children                                           | infants                                            |            0.81 |            3924.87 |     0.2917175247492986
 AAAAAAAAPPDBAAAA | Sites try there over successful patients. Spare structures may ensure growing, national procedures.                                                                                                      | Children                                           | infants                                            |             1.7 |            1870.66 |     0.1390375489755133
 AAAAAAAAADCAAAAA | Thus dynamic amounts set however european, usual peoples. Also other members enhance for a problems. Instru                                                                                              | Children                                           | newborn                                            |            1.96 |            1015.07 |     0.0985821800863452
 AAAAAAAAADGCAAAA | Small, pure nations ought to enter rig                                                                                                                                                                   | Children                                           | newborn                                            |            0.35 |            7384.14 |     0.7171373592587555
 AAAAAAAAAHKAAAAA | Hard years write tomorrow especially pleased dogs. Great, private woods should seem just single, wonderful affairs. Strong, social eyes could not measure arrangement                                    | Children                                           | newborn                                            |            4.81 |            4852.22 |     0.4712408266016786
 AAAAAAAAAJAEAAAA | Often t                                                                                                                                                                                                  | Children                                           | newborn                                            |            2.32 |           11419.64 |     1.1090594806281646
 AAAAAAAAAJEEAAAA | Then working imports used to bring carefully stupid, constant children. Outstanding terms work annual databases. Limits educate just better large a                                                      | Children                                           | newborn                                            |           10.71 |            8036.82 |      0.780524728897062
 AAAAAAAAAJOAAAAA | Large feet stand deep, financial conditions; bare, human reasons will i                                                                                                                                  | Children                                           | newborn                                            |            1.81 |            2354.49 |    0.22866477897238502
 AAAAAAAAALFBAAAA | Again running courses ought to come; royal proposals could not punish tomorrow from a situations. Impressive, specific readers might find please companies. Full guests could lie internatio             | Children                                           | newborn                                            |            0.93 |              86.13 |   0.008364825254255285
 AAAAAAAAAMLDAAAA | Proceedings might not make later new                                                                                                                                                                     | Children                                           | newborn                                            |            0.18 |  746.5799999999999 |    0.07250680643587495
 AAAAAAAAANKDAAAA | Long gods see magic objects. However domestic workers believe precisely guests. Animals shall compensate simply cases. Great agents should bring whol                                                    | Children                                           | newborn                                            |            6.76 |            4951.51 |    0.48088373266803186
 AAAAAAAAAOADAAAA | Good, important colours lead now items. Children remedy to the changes. Available republics face thereafter. Bare, important talks join severely as well unable studie                                   | Children                                           | newborn                                            |            3.65 |            3038.27 |     0.2950725371559991
 AAAAAAAABCNAAAAA | Close, important dealers endorse effectively curious problems; certain parents flash there symptoms. Users turn far personal injuries. Scientists could not see loosely total, new years. Comparab       | Children                                           | newborn                                            |            4.12 |            3208.35 |     0.3115904691105299
 AAAAAAAABDMDAAAA | Glad answers raise recently manag                                                                                                                                                                        | Children                                           | newborn                                            |            9.88 |            6858.56 |     0.6660937640290854
 AAAAAAAABEEEAAAA | Possible, young tasks would know already costs. Users feel at length. Necessary, prepared police may wait strong, technical officials. All clear events ought to m                                       | Children                                           | newborn                                            |            9.39 |           10095.17 |     0.9804288048531327
 AAAAAAAABKJCAAAA | Rich details go in a years; firm, national limitations love full, whi                                                                                                                                    | Children                                           | newborn                                            |            1.76 |            3967.42 |    0.38531028689466507
 AAAAAAAABNEEAAAA | Yet reasonable issues cannot make much actual additional times. Orders might not pick royal, public shows. New, possible markets might change                                                            | Children                                           | newborn                                            |            7.28 |             365.73 |    0.03551918658120034
 AAAAAAAABOJBAAAA | Criteria would spoil narrow men. Small, genuine others eat current things. Regiona                                                                                                                       | Children                                           | newborn                                            |           19.44 |              821.2 |    0.07975379657255822
 AAAAAAAABOOCAAAA | Good, important pages can find worldwide legal ways. Early, small members may go exactly conditions. Bitter cells will produce both about a brothers. Female, top families could not cure eithe          | Children                                           | newborn                                            |            3.03 |            4459.43 |     0.4330936106302524
 AAAAAAAABPAAAAAA | Pounds might define long possible, national beds. Clinical, mental words use                                                                                                                             | Children                                           | newborn                                            |            4.05 |  7437.760000000001 |     0.7223448587378357
 AAAAAAAABPCEAAAA | Sure, friendly clothes impose bot                                                                                                                                                                        | Children                                           | newborn                                            |            2.72 |  5180.349999999999 |     0.5031083537197417
 AAAAAAAACAJDAAAA | Religious, environmental activities ought to take                                                                                                                                                        | Children                                           | newborn                                            |           82.71 |            7687.98 |     0.7466458755161911
 AAAAAAAACBHBAAAA | Again top pressures conceive. Nuclear forms double further products. Major, nice questions give. Financial secrets can                                                                                   | Children                                           | newborn                                            |            1.89 | 11188.349999999999 |      1.086596918999734
 AAAAAAAACBKAAAAA | Above apparent hands cope as. Sacred members send. Blue markets would n                                                                                                                                  | Children                                           | newborn                                            |            6.03 |            6473.65 |     0.6287118426472741
 AAAAAAAACGCAAAAA | Parliamentary relations invest dependent, nice papers. Very british systems unite very new years. Gladly patient matters say recently current lights.                                                    | Children                                           | newborn                                            |            3.52 | 3596.4300000000003 |     0.3492802564630365
 AAAAAAAACHODAAAA | There able organs monitor with a recordings. Isolated services restore however only speci                                                                                                                | Children                                           | newborn                                            |           46.93 |            1508.87 |    0.14653934612084257
 AAAAAAAACIOBAAAA | Typical, local professionals use econom                                                                                                                                                                  | Children                                           | newborn                                            |            7.27 |             893.08 |    0.08673468173772564
 AAAAAAAACJLBAAAA | Roman, revolutionary ears will not bring great, reliable policies. Private, modern charges ought to persuade wel                                                                                         | Children                                           | newborn                                            |            1.95 |            5955.08 |     0.5783490488228324
 AAAAAAAACKFDAAAA | Enough social problems work only forces. Possible, able projects continue immediately national flowers; dead boards ought to prosecut                                                                    | Children                                           | newborn                                            |            7.46 |             842.94 |    0.08186515499619122
 AAAAAAAACKIDAAAA | Free ways say then chronic examples; magistrates keep today dates. Related cuts can make. Also healthy details must not see almost for a bodies. Chi                                                     | Children                                           | newborn                                            |           30.34 |             480.24 |    0.04664023778130219
 AAAAAAAACKOCAAAA | Increasingly detailed hours would happen ever potentially new boys. Countrie                                                                                                                             | Children                                           | newborn                                            |            2.48 |               1111 |    0.10789876764748196
 AAAAAAAACLNCAAAA | Sorry han                                                                                                                                                                                                | Children                                           | newborn                                            |            8.98 |            3435.91 |    0.33369077835072886
 AAAAAAAACMODAAAA | And so on good witnesses indulge just.                                                                                                                                                                   | Children                                           | newborn                                            |            6.02 |           10848.75 |     1.0536154415082086
 AAAAAAAACNABAAAA | Slowly similar tears put. Atlantic, lovely colleagues want far poets. Bad practitioners know only key off                                                                                                | Children                                           | newborn                                            |            0.25 |            6411.34 |     0.6226603825103573
 AAAAAAAACNDEAAAA | Techniques dismantle moral, upper lips. Following, junior results miss; areas will refute ago altogether social schools. Brutally economic thousands can take angrily else single weeks; private client  | Children                                           | newborn                                            |            9.75 | 1613.8999999999999 |    0.15673971296694073
 AAAAAAAACOCCAAAA | Lesser, public names end however too good materials                                                                                                                                                      | Children                                           | newborn                                            |            4.01 |           12955.69 |      1.258238510371562
 AAAAAAAACOHCAAAA | Lost, high securities ought to stay ho                                                                                                                                                                   | Children                                           | newborn                                            |            0.42 |            4122.55 |     0.4003762957381879
 AAAAAAAACOMDAAAA | Certain matters must say however doors. Eligible, positive men would make perhaps. Good, pretty children grow on a doors. Today hot industries                                                           | Children                                           | newborn                                            |            1.04 |            4994.57 |    0.48506565970214577
 AAAAAAAACOOBAAAA | Local records used to blame specialist products. Emotional, major surveys link nearly requirements; old sorts may aid. Dimensions show meanwhile then cle                                                | Children                                           | newborn                                            |            8.51 |            3254.52 |     0.3160744349991746
 AAAAAAAACPLDAAAA | Able, british pupils cannot increase also now just times.                                                                                                                                                | Children                                           | newborn                                            |            6.27 |             103.05 |    0.01000807201266698
 AAAAAAAACPPAAAAA | Traditional, concerned goods recognise smoothly determined states. Hard continuing lines should hold to a traders. Determined departments would                                                          | Children                                           | newborn                                            |            4.11 |             657.38 |    0.06384382707119864
 AAAAAAAADADBAAAA | Plants                                                                                                                                                                                                   | Children                                           | newborn                                            |            1.52 |            1485.21 |      0.144241519979943
 AAAAAAAADAEAAAAA | Prior high products would know                                                                                                                                                                           | Children                                           | newborn                                            |            1.99 |            1436.53 |    0.13951378639841336
 AAAAAAAADBJAAAAA | Arrangements used to save. Dirty, dual families come to a pictures. Most able hours dislike regular plans. Either successful marks may not take big, bright                                              | Children                                           | newborn                                            |           98.06 |            4310.54 |      0.418633621867846
 AAAAAAAADCCDAAAA | Just new conditions cannot find formal skills; full, significant developments raise slightly authorities; away small hospitals validate at least just advanced objectives. Students give just prime fi   | Children                                           | newborn                                            |               3 |            1806.54 |    0.17544864059935378
 AAAAAAAADDKAAAAA | Labour, little sports borrow over new versions. Here hostile birds av                                                                                                                                    | Children                                           | newborn                                            |            3.16 |            1006.14 |    0.09771491096385013
 AAAAAAAADGBAAAAA | Countries make. Psychological, old pounds can date direct frankly unable sources. Successful agents used to make. Managers can represent obvious                                                         | Children                                           | newborn                                            |            0.69 |           11651.74 |     1.1316007083248167
 AAAAAAAADGKDAAAA | International, important languages would not marry hotly seemingly residential poets. Forward nuclear workers use                                                                                        | Children                                           | newborn                                            |           74.76 |            8355.52 |     0.8114764275912587
 AAAAAAAADHMAAAAA | More expensive practitioners turn occasionally fires. Civil                                                                                                                                              | Children                                           | newborn                                            |            8.68 |           10300.72 |      1.000391533646958
 AAAAAAAADKMDAAAA | Responsible, strange detectives used to use with the concerns; members could happen then federal, popular teams. Comparisons c                                                                           | Children                                           | newborn                                            |            4.68 |             5111.8 |    0.49645087350170863
 AAAAAAAADLFAAAAA | Ju                                                                                                                                                                                                       | Children                                           | newborn                                            |            7.65 |            1221.48 |    0.11862843087852949
 AAAAAAAADOMCAAAA | National police come instead. Initial others choose to a wings. So detailed moments                                                                                                                      | Children                                           | newborn                                            |            1.27 |            2684.73 |    0.26073722634223606
 AAAAAAAAEBEBAAAA | Pieces may consider stubbornly for a trees. Suitable, united stars may not cost rational pockets. Other trials would enjoy publicly surprised students; workers apply securities. Here new co            | Children                                           | newborn                                            |            4.91 |           16901.54 |     1.6414539490050606
 AAAAAAAAECHAAAAA | Eventually sympathetic lights ask normally threats. Too assistant companies could not intervene only possible w                                                                                          | Children                                           | newborn                                            |           97.09 |  6008.549999999999 |      0.583541980511501
 AAAAAAAAEDAAAAAA | Great, electric modes forgive natural, rational women. Significant, other hundreds must not move only hands. States get from a proposals. Players will get more short sides; good, oth                   | Children                                           | newborn                                            |           92.35 |            4663.62 |     0.4529242581243473
 AAAAAAAAEEDCAAAA | Grounds will not believe thick individual, right pictures. Yellow, european produc                                                                                                                       | Children                                           | newborn                                            |            2.86 |            7149.27 |     0.6943271130325053
 AAAAAAAAEEKBAAAA | Feet                                                                                                                                                                                                     | Children                                           | newborn                                            |            5.33 |             905.63 |    0.08795352020215039
 AAAAAAAAEFABAAAA | Generally sign                                                                                                                                                                                           | Children                                           | newborn                                            |            1.36 |            6590.72 |     0.6400815174703981
 AAAAAAAAEFFDAAAA | Boots know; very natural words could not make. Presumably other events want however upstairs literary                                                                                                    | Children                                           | newborn                                            |            4.59 |            9286.84 |      0.901924924697877
 AAAAAAAAEFKDAAAA | Programmes hear honestly in a students; things may not renew yesterday regular reforms. Rich, new bacteria ought to help probably. Considerable, social units risk now figures. As possible subjects     | Children                                           | newborn                                            |            1.09 |  8055.049999999999 |      0.782295201025067
 AAAAAAAAEINBAAAA | Healthy members remain locally exciting, part-time futures. Local servi                                                                                                                                  | Children                                           | newborn                                            |           25.48 |             285.35 |   0.027712793292717353
 AAAAAAAAEKACAAAA | Natural, old schools ca                                                                                                                                                                                  | Children                                           | newborn                                            |            2.12 |              98.56 |   0.009572009486350874
 AAAAAAAAEKHBAAAA | Certain, other countries can like once systems. Stores should know; simple conditions cannot discover else back wages. Overall, industrial shoulders shall                                               | Children                                           | newborn                                            |            2.94 |  5886.049999999999 |     0.5716449516754825
 AAAAAAAAEKLBAAAA | Red, local periods might protect so tonight social projects. Environmental, good laws must use appropriate flowers. Red, medium evenings p                                                               | Children                                           | newborn                                            |            1.31 |  6524.459999999999 |     0.6336464388526463
 AAAAAAAAEKODAAAA | Considerable, coming directors get stil                                                                                                                                                                  | Children                                           | newborn                                            |            0.29 |            2608.52 |     0.2533358176271914
 AAAAAAAAEMHDAAAA | Charges mean years; universal, empirical years affect most in a                                                                                                                                          | Children                                           | newborn                                            |            4.66 | 3976.2999999999997 |      0.386172700087023
 AAAAAAAAEMJDAAAA | Military, positive models might remove. New, young depar                                                                                                                                                 | Children                                           | newborn                                            |            9.14 |            2939.88 |     0.2855170378321145
 AAAAAAAAENPCAAAA | Sometimes old technologies could not extend general, large tiles. New consequences might take big                                                                                                        | Children                                           | newborn                                            |             8.6 |             943.74 |    0.09165471015268643
 AAAAAAAAFAHBAAAA | Places can devise again. Subjects cannot rebuild home                                                                                                                                                    | Children                                           | newborn                                            |            0.58 |             951.31 |      0.092389897975451
 AAAAAAAAFBFCAAAA | Right sources say. Just temporary creatures want twice dark, good methods. Prices could comply at first nurses. New birds manage vitally divine, hot scenes. Useful, long-t                              | Children                                           | newborn                                            |            1.85 |             8720.3 |     0.8469033514998531
 AAAAAAAAFCDDAAAA | Conservative relations would not gain times; available, previous populations know because of the instruments. Systems provide so dep                                                                     | Children                                           | newborn                                            |            4.23 |             143.68 |   0.013954000842115398
 AAAAAAAAFCKCAAAA | Ago double citizens dismiss also general, new years. Due, following rights dispose mo                                                                                                                    | Children                                           | newborn                                            |            7.97 |             8158.5 |     0.7923421204788312
 AAAAAAAAFDFDAAAA | Once necessary circumst                                                                                                                                                                                  | Children                                           | newborn                                            |            0.55 |           15269.82 |     1.4829835825372393
 AAAAAAAAFFDAAAAA | Resources shall                                                                                                                                                                                          | Children                                           | newborn                                            |            0.95 |                996 |    0.09673012833203604
 AAAAAAAAFFKCAAAA | Parental industries used to want. Contemporary services shall reveal bonds. Notable costs clear forward vast answers; inner students could not seek expensive, female days. There amer                   | Children                                           | newborn                                            |            5.55 |             745.47 |    0.07239900478683022
 AAAAAAAAFHHDAAAA | Parents would subscribe again com                                                                                                                                                                        | Children                                           | newborn                                            |            6.35 |              333.7 |    0.03240847773534179
 AAAAAAAAFHKAAAAA | Of course tiny conservatives can tackle conflicts. Other lives stumble long inadequate hands. Italian, individual parents delight solar, known workers. Directions talk there safe wave                  | Children                                           | newborn                                            |            1.11 |            2957.65 |     0.2872428354028578
 AAAAAAAAFIIBAAAA | A bit expert books establish worth a others. Hands believe all due sessions. Useful firms might not give children. Old feet may not benefit simply new materials. Courses laugh later basic, sma         | Children                                           | newborn                                            |            2.14 |             263.58 |   0.025598521311002063
 AAAAAAAAFNHDAAAA | Chemicals should round home with a policies. Years manage double, good days. Public, new supplies call as well onto the customs. Hands may dam                                                           | Children                                           | newborn                                            |            5.66 |            6402.26 |     0.6217785455974508
 AAAAAAAAGBKAAAAA | Safe, great demands would assume now too able parents. Ready, only se                                                                                                                                    | Children                                           | newborn                                            |            4.64 |             339.92 |     0.0330125554444033
 AAAAAAAAGCFBAAAA | Young companies could lead industrial daughters. Terrible increases can promote sure subjects. Much di                                                                                                   | Children                                           | newborn                                            |            1.52 |            9890.43 |     0.9605447421275293
 AAAAAAAAGCKBAAAA | Parts leave however for the im                                                                                                                                                                           | Children                                           | newborn                                            |            7.35 |            3605.42 |     0.3501533527016961
 AAAAAAAAGDBAAAAA | Southern words suppose perhaps co                                                                                                                                                                        | Children                                           | newborn                                            |            2.15 |  7879.290000000001 |     0.7652256354069561
 AAAAAAAAGDHDAAAA | Even fine ports may not slip therefore from a responses. Nea                                                                                                                                             | Children                                           | newborn                                            |            8.89 |           16097.66 |      1.563382246632011
 AAAAAAAAGDNDAAAA | Minutes could say difficult, national facilities. Largely critical others prove just royal, central characteristics. Diverse, professional resources should come desperate drawings. Reasons use         | Children                                           | newborn                                            |            0.72 | 412.83000000000004 |    0.04009347277039602
 AAAAAAAAGDOCAAAA | Political, young ad                                                                                                                                                                                      | Children                                           | newborn                                            |            2.52 |            1636.22 |    0.15890740018016467
 AAAAAAAAGFHBAAAA | Objects give else irish payments. Level, sophisticated times feel particularly magistrates; highly historical systems generate so specific, different unions; discipline                                 | Children                                           | newborn                                            |            1.12 |            1068.27 |    0.10374888975227323
 AAAAAAAAGGBAAAAA | Just new powers get and so on contemporary, new courses. Subject, clean birds need european, english workers. Short, large contexts say environmental images; applicable sets shoul                      | Children                                           | newborn                                            |            2.05 |            1718.36 |    0.16688472220947534
 AAAAAAAAGGKAAAAA | Isolated factors might involve                                                                                                                                                                           | Children                                           | newborn                                            |            1.56 | 1266.8700000000001 |    0.12303664425703464
 AAAAAAAAGGKBAAAA | Small contracts attend principles. About positive                                                                                                                                                        | Children                                           | newborn                                            |            1.29 |            3376.85 |    0.32795495367272676
 AAAAAAAAGGLAAAAA | Important, managerial children used to raise there opportunities. Already                                                                                                                                | Children                                           | newborn                                            |            6.03 | 10136.529999999999 |     0.9844456302625834
 AAAAAAAAGJLCAAAA | Traditionally british actions shall not break usually following children. As appropriate sports breathe please up the criteria. Areas play only main levels. Re                                          | Children                                           | newborn                                            |            6.92 | 5581.5199999999995 |     0.5420694235821544
 AAAAAAAAGKEDAAAA | Just positive windows ought to prepare. Normally national companies used to fear still american, previous grounds. Views add anything but individual earnings; roots s                                   | Children                                           | newborn                                            |            1.67 |            4503.17 |     0.4373415783142316
 AAAAAAAAGLBEAAAA | As joint futures win far whole parts; rational teachers sniff over in a voters. Mathematical, joint responses should not drive. Much long children must                                                  | Children                                           | newborn                                            |            2.33 |  8344.970000000001 |     0.8104518263323202
 AAAAAAAAGMHAAAAA | Cuts could like thousands; long, urban advisers shall find too old cases; details switch t                                                                                                               | Children                                           | newborn                                            |            9.26 |            1744.92 |    0.16946419229832962
 AAAAAAAAGMKAAAAA | Eyes occur ready agents. Great rates switch.                                                                                                                                                             | Children                                           | newborn                                            |            1.33 |            1658.08 |    0.16103041283612682
 AAAAAAAAGNDEAAAA | Specific readers                                                                                                                                                                                         | Children                                           | newborn                                            |             1.8 |           24110.84 |     2.3416110917602286
 AAAAAAAAGOMDAAAA | Particular kids mig                                                                                                                                                                                      | Children                                           | newborn                                            |            7.78 |            5235.39 |      0.508453761614717
 AAAAAAAAGPCAAAAA | Subsequently educational doctors will not form upstairs by the problems. Married lines may ask areas. Very revolutionary aims wear initial activities. Other, naked minutes reca                         | Children                                           | newborn                                            |            8.14 |            5196.54 |     0.5046807038981511
 AAAAAAAAGPFCAAAA | Particular hands forget anxious resources. Streets make on a cir                                                                                                                                         | Children                                           | newborn                                            |            3.44 |             6621.5 |     0.6430708280628279
 AAAAAAAAHBHBAAAA | Situations may teach long in a things. Attractive families watch very years. Also general efforts might come almost old, sound cells. Also statutory fathers sue roughly key parents. Shares r           | Children                                           | newborn                                            |            6.26 |           12100.32 |     1.1751661711432753
 AAAAAAAAHBIAAAAA | Stages will speak. Full, top hands find wide officers. Widely late months could expect; cultural societies handle economic relatives. All technologica                                                   | Children                                           | newborn                                            |            1.61 |                754 |    0.07322742646822808
 AAAAAAAAHCDBAAAA | Men may not expand through the movements. Never dependent problems ignore with a friends. Partners                                                                                                       | Children                                           | newborn                                            |            5.49 |              748.4 |    0.07268356229286724
 AAAAAAAAHDBCAAAA | Light, cognitive feet begin always with a months; then long kids take really negotia                                                                                                                     | Children                                           | newborn                                            |            2.76 |           22308.95 |     2.1666140526636295
 AAAAAAAAHDFBAAAA | Wonderful, cultural novels show now                                                                                                                                                                      | Children                                           | newborn                                            |            7.23 |            3629.26 |    0.35246866019108947
 AAAAAAAAHKEBAAAA | Great things stay yet large possibilities                                                                                                                                                                | Children                                           | newborn                                            |            4.88 |            8647.96 |     0.8398777917774239
 AAAAAAAAHMCEAAAA | Either poor notes can say earlier police. Pattern                                                                                                                                                        | Children                                           | newborn                                            |            5.16 |             1041.9 |    0.10118787219794012
 AAAAAAAAHNBBAAAA | Problems must manage available details. Further appropriate owners will not want un                                                                                                                      | Children                                           | newborn                                            |            7.24 |             948.35 |    0.09210242691133169
 AAAAAAAAHNODAAAA | Good owners can receive sometimes immediate rivers. Both young ways would give full payments. Laws used to find. Doubts could interview real women. Green, glorious schools could not perform effec      | Children                                           | newborn                                            |            3.69 |             8601.3 |     0.8353462377734351
 AAAAAAAAIAJDAAAA | Strong, remaining goods used to commemorate tomorrow between a hous                                                                                                                                      | Children                                           | newborn                                            |            7.04 |  7297.360000000001 |     0.7087094069127173
 AAAAAAAAIEFCAAAA | Leading, significant techniques call open, relative reasons. Days win very white societies. Rare, true courses talk medical facts. Fresh stairs appear now applica                                       | Children                                           | newborn                                            |            7.89 |            4117.45 |    0.39988099086419854
 AAAAAAAAIGBCAAAA | New lives find proceedin                                                                                                                                                                                 | Children                                           | newborn                                            |            0.22 |            1191.62 |    0.11572846940062326
 AAAAAAAAIGLDAAAA | Much involved techniques connect literally with a differences. Recently judicia                                                                                                                          | Children                                           | newborn                                            |            5.41 |               5687 |     0.5523134937994868
 AAAAAAAAIHEAAAAA | Large things tell just hard customers. Now                                                                                                                                                               | Children                                           | newborn                                            |            4.08 |            3584.81 |    0.34815173829916274
 AAAAAAAAIHEBAAAA | Shoulders stop basic features. Successful, available variations shall overcome only parents. Educational ro                                                                                              | Children                                           | newborn                                            |            2.16 |            2998.14 |    0.29117516762792217
 AAAAAAAAIHLDAAAA | In part integrated bottles ought to                                                                                                                                                                      | Children                                           | newborn                                            |            1.46 |            4149.11 |     0.4029557658270421
 AAAAAAAAIHODAAAA | Original lads should not say increasingly little examples; also perfect games show small steps. Mechanisms must not cause really previous children. Dangerous, dead books begin simply up to a           | Children                                           | newborn                                            |            4.21 |              270.9 |    0.02630942948308088
 AAAAAAAAIJFEAAAA | Other students could not form effectively new artists. Both high holes would punish invariably about a cases. More minimal                                                                               | Children                                           | newborn                                            |            0.56 |             6180.3 |     0.6002221005326127
 AAAAAAAAIKGCAAAA | Well large disputes must replace available decisions. Nearly back organizations write. Women take. Centres attribute here. Hills wo                                                                      | Children                                           | newborn                                            |            4.74 |             4832.8 |    0.46935478333640934
 AAAAAAAAIMGDAAAA | Even pale systems blame; funny women attempt. Parts should b                                                                                                                                             | Children                                           | newborn                                            |            9.54 |           10673.92 |     1.0366361961906485
 AAAAAAAAINDCAAAA | Spanish, poor organisations will not scream largely subsequent things. Pressures must use away sounds. Curious contributions can correct as well w                                                       | Children                                           | newborn                                            |             3.4 |             330.24 |    0.03207244736985098
 AAAAAAAAINLDAAAA | Blue actions turn. Other, young girls might not make in a sides. Now legal industries should allow only; central, dominant childr                                                                        | Children                                           | newborn                                            |            7.79 |            8962.39 |      0.870414794037908
 AAAAAAAAIOLCAAAA | Elsewhere financial accounts will not help. Direct elections ought to help patients; necessary, extensive needs arrive outside movements; sti                                                            | Children                                           | newborn                                            |            2.92 |               1050 |    0.10197453288015847
 AAAAAAAAIPBEAAAA | Difficult schools must soften relative animals. So wide friends ensure good cattle; so immediate years will not matter hitherto. Systems mean late for the balls; overwhelming                           | Children                                           | newborn                                            |            9.71 |             1442.6 |    0.14010329631706342
 AAAAAAAAIPDDAAAA | There new authorities shall seem considerable police. Following, other movies get agricultural,                                                                                                          | Children                                           | newborn                                            |           84.76 |           12213.22 |     1.1861308613929609
 AAAAAAAAIPJAAAAA | Real materials see very biological sites. Permanent offences depress at least                                                                                                                            | Children                                           | newborn                                            |            1.96 |            5289.94 |     0.5137515813943481
 AAAAAAAAJAAEAAAA | At least vocational processes pursue even quick, multiple bones. Birds will die precisely polish families. Other                                                                                         | Children                                           | newborn                                            |           48.08 |            3460.86 |     0.3361138874891669
 AAAAAAAAJAMBAAAA | Forward separate relations will say already whole following animals. Negotiations might make rapidly neutral demands. The                                                                                | Children                                           | newborn                                            |            2.63 |            1860.41 |    0.18068041972911963
 AAAAAAAAJBMAAAAA | Previous issues go supposedly later political areas. Hills could derive relatively interested changes. Long, tot                                                                                         | Children                                           | newborn                                            |            9.63 |             151.38 |    0.01470181408323656
 AAAAAAAAJEOBAAAA | Little scientists should try previously jointly mutual winners. Continuing, real demands influence here dear men. C                                                                                      | Children                                           | newborn                                            |             2.9 |           10738.29 |      1.042887720649216
 AAAAAAAAJFCAAAAA | Families ou                                                                                                                                                                                              | Children                                           | newborn                                            |            8.14 |             679.13 |    0.06595615668085907
 AAAAAAAAJHIBAAAA | Never                                                                                                                                                                                                    | Children                                           | newborn                                            |            8.12 |            4472.75 |     0.4343872304187893
 AAAAAAAAJMABAAAA | Thick, indian friends must not reflect industrial, dead designs. Conditions could not win too; a l                                                                                                       | Children                                           | newborn                                            |           96.17 |            6665.01 |     0.6472964584681762
 AAAAAAAAJOLDAAAA | Long dreadful systems shi                                                                                                                                                                                | Children                                           | newborn                                            |            4.46 | 24244.420000000002 |     2.3545841947146395
 AAAAAAAAJPABAAAA | Never regional scientists keep evil, sure parameters. Pieces will make clearly o                                                                                                                         | Children                                           | newborn                                            |            9.56 | 15708.489999999998 |     1.5255866000025144
 AAAAAAAAJPHAAAAA | Funds might save around outside a chairs; only central parents might not go. Rates nego                                                                                                                  | Children                                           | newborn                                            |            9.72 |            2225.85 |     0.2161714419155245
 AAAAAAAAKAGAAAAA | Less than doubtful properties will say now. Separate, very railways could suffer more social, rapid case                                                                                                 | Children                                           | newborn                                            |           74.95 |             482.46 |    0.04685584107939167
 AAAAAAAAKAGBAAAA | Agreements will say necessarily. Issues lie in the ears; sums offer to a interes                                                                                                                         | Children                                           | newborn                                            |            7.25 |            6893.15 |      0.669453096497966
 AAAAAAAAKBEBAAAA | Technical years occur wonderfully at a peasants. Forward high t                                                                                                                                          | Children                                           | newborn                                            |            4.16 |            3792.91 |     0.3683621195299827
 AAAAAAAAKEACAAAA | Dark, economic thanks will not use disastrous weeks. Grey firms will erect officers. New journalists describe short, western changes. Seconds will obstruct. Children ought to                           | Children                                           | newborn                                            |           72.08 |            7251.83 |     0.7042875969298281
 AAAAAAAAKELBAAAA | Sometimes single exchanges depend french, legal girls. Black weeks like most men. Somewhat normal bacteria select empty children. Then free hands w                                                      | Children                                           | newborn                                            |            3.09 |            3161.68 |     0.3070579439205137
 AAAAAAAAKGDBAAAA | Common, bad needs say largely wide things. Public doctors shall help long clear hotels; before secondary developments should mean immediate, bad circumstances. New                                      | Children                                           | newborn                                            |            7.61 |  5671.349999999999 |     0.5507935876665587
 AAAAAAAAKGEAAAAA | Changes can offer normally yet beautiful parents. Permanent types specify light, healthy                                                                                                                 | Children                                           | newborn                                            |            6.33 | 3712.7599999999998 |     0.3605780635201306
 AAAAAAAAKHNBAAAA | Moreover urgent departments could include charming occasions. Other, new students shall not dare schools; as modern adults may                                                                           | Children                                           | newborn                                            |            0.29 |               2405 |     0.2335702395969344
 AAAAAAAAKHPDAAAA | Weak targets recognize to a times. Preliminary police inform soviet, hard museums. Examples ought to ruin now concerns. Political, marginal items collapse ot                                            | Children                                           | newborn                                            |            7.46 |             3792.7 |     0.3683417246234067
 AAAAAAAAKJHDAAAA | Scientific hands must understand in the columns. Hotly important solicitors may see here common figures. About bad opportunities would not go only new, white minutes. Legal, common pai                 | Children                                           | newborn                                            |            1.87 | 1572.1499999999999 |    0.15268501130242013
 AAAAAAAAKKBEAAAA | Systems move especially monetary teeth. Different, hot functions can forget yesterday great, single terms. Possibly simple facilities inclu                                                              | Children                                           | newborn                                            |            2.24 |             7258.5 |     0.7049353780101241
 AAAAAAAAKKMCAAAA | Industrial, english texts must not dispose now sanctions. As possible years succeed in part children. Countries might replace yesterday real fields. Likely, major manufactu                             | Children                                           | newborn                                            |           85.77 |  4555.530000000001 |    0.44242670835385556
 AAAAAAAAKLLCAAAA | Also small bills used to reduce ago leaders. Double, likely men would act at all in the relations                                                                                                        | Children                                           | newborn                                            |            0.53 |             3929.3 |     0.3816081257581016
 AAAAAAAAKMKCAAAA | Medical                                                                                                                                                                                                  | Children                                           | newborn                                            |            1.87 |             704.64 |     0.0684336522368332
 AAAAAAAAKNDCAAAA | Other, social children see strongly to a sites. Losses ought to receive by the sections. Real, other problems reg                                                                                        | Children                                           | newborn                                            |            3.09 |  7306.709999999999 |     0.7096174658483643
 AAAAAAAAKOFCAAAA | Just professional states control appropriate, sure cells. Great, initial animals used to return therefore then married acci                                                                              | Children                                           | newborn                                            |            1.56 |            3262.41 |     0.3168407007748169
 AAAAAAAAKOKBAAAA | Pretty important savings come both certain hands. Likely, theoretical others can grow social demands. Similar, bad circumstances hang perhaps to the cells. Even                                         | Children                                           | newborn                                            |             0.4 |             342.93 |   0.033304882438659755
 AAAAAAAAKPMDAAAA | Social, palestinian cases shall mean on the buildings; occasional, automatic sums look simple, royal students. Now darling centuries might not cope to a offences. Officials join by now re              | Children                                           | newborn                                            |           78.31 | 1989.6799999999998 |    0.19323494150570825
 AAAAAAAALAPCAAAA | In part social characters may face similar, main candidates. Most serious women may argue able owners. Independent, simple cars may serve as general, specified studies; explicitly exciting             | Children                                           | newborn                                            |            4.54 |             4244.5 |     0.4122199093426977
 AAAAAAAALEMBAAAA | Jobs entitle european, new ages. Years will not reply very tod                                                                                                                                           | Children                                           | newborn                                            |            4.54 | 2479.8900000000003 |     0.2408434517563583
 AAAAAAAALFMDAAAA | Above personal columns dare merely                                                                                                                                                                       | Children                                           | newborn                                            |            7.82 | 10352.060000000001 |     1.0053776027117842
 AAAAAAAALHPBAAAA | American, gay recordings co-operate warm, independent standards. Too alive fears serve le                                                                                                                | Children                                           | newborn                                            |            4.87 | 2723.0299999999997 |    0.26445686882729325
 AAAAAAAALIECAAAA | Items could make; countries consider crossly at the flames; still increased techniques resume as with a services; initially marginal issues resist high rumours; american, sad feet creat                | Children                                           | newborn                                            |            9.89 |             5006.9 |      0.486263132073967
 AAAAAAAALJBBAAAA | Aware, only packages can make prime factors. Both national suggestions wo                                                                                                                                | Children                                           | newborn                                            |            2.86 |  784.9100000000001 |    0.07622936247901448
 AAAAAAAALMBEAAAA | Fast appropriate eyes shall heal huge, bare shots. Generally gradual advantages carry even gastric children. Services secure wide conclusions. Remaining, careful breasts may spring also                | Children                                           | newborn                                            |             0.6 |            2028.87 |    0.19704101954720676
 AAAAAAAALMGCAAAA | Now economic meetings protect so major proposals. Things must not see suddenly widely voluntary hours. Sometimes new yea                                                                                 | Children                                           | newborn                                            |            2.27 |              169.8 |    0.01649073874576277
 AAAAAAAALNKAAAAA | Long-term ladies can replac                                                                                                                                                                              | Children                                           | newborn                                            |            0.55 |            2843.46 |     0.2761528621556337
 AAAAAAAALOLBAAAA | Requirements would think less. Total, dull ideas happen scenes. So significant groups would draw. Men might not think                                                                                    | Children                                           | newborn                                            |            4.39 |           11200.36 |     1.0877633134186777
 AAAAAAAAMBBDAAAA | As old records must not present subsequently eyes. As religious benefits must land very legal, formidable duties. Previous signs remain only modern facts. General questions agr                         | Children                                           | newborn                                            |            7.32 |               11.4 |  0.0011071520712702919
 AAAAAAAAMBNCAAAA | Political, great supporters say children. Royal, bad rises would not act initially; alternative cities learn no longer. Only basic houses must not study yet just es                                     | Children                                           | newborn                                            |            1.59 |            1409.58 |     0.1368964400544893
 AAAAAAAAMCHCAAAA | Wages correspond with a communities. New, funny criteria return just video-taped, other children. Good methods should direct often new individuals. F                                                    | Children                                           | newborn                                            |            2.91 |            5055.92 |    0.49102388598042934
 AAAAAAAAMCODAAAA | Good positions should want individual, noble ideas. Old sides may not convert luckily unions; characters will tell specific costs. Consequences                                                          | Children                                           | newborn                                            |            3.83 |  6683.370000000001 |     0.6490795560145379
 AAAAAAAAMFJDAAAA | Official women open other, good beliefs. Silver police use widely with a teachers. More good experts would meet. Flowers present often unnecessary courses. Troops begin less awar                       | Children                                           | newborn                                            |            6.41 |             174.36 |   0.016933599574270885
 AAAAAAAAMGLAAAAA | Lines get in a areas. Deep scenes might hear all but by the efforts. Average defences eat completely. Public seconds know outstanding tasks. Political, friendly classes g                               | Children                                           | newborn                                            |            9.34 |            7182.99 |     0.6976019523169995
 AAAAAAAAMIHBAAAA | Originally illegal cases afford sentences. Children admit so. Quite central men must forget under slightly true guns. Odd hopes read                                                                     | Children                                           | newborn                                            |            1.52 | 3726.0600000000004 |    0.36186974093661267
 AAAAAAAAMLGDAAAA | Rational, linear problems realise relatively. Associations contain as feet. Certain fathers would forgive deep doors. Minds lock a little late champions. Giant, right managers                          | Children                                           | newborn                                            |            3.95 |             4950.5 |     0.4807856428792614
 AAAAAAAAMLHCAAAA | Facts will sound better real levels. Big, other stages commit strong muscles. Here american assets keep mental, free applications; always heavy defendants support top readers. Negotiat                 | Children                                           | newborn                                            |            4.46 |            6468.19 |     0.6281815750762973
 AAAAAAAAMNECAAAA | Difficult, clear rules used to fo                                                                                                                                                                        | Children                                           | newborn                                            |            8.53 |             786.94 |    0.07642651324258276
 AAAAAAAAMODAAAAA | Additional, alternative schools see ahead different, academic eyes. Small,                                                                                                                               | Children                                           | newborn                                            |            3.29 |            4746.51 |     0.4609744191057152
 AAAAAAAAMONCAAAA | Ideas would determine surprisingly. Widely wide models see almost national, english elements. Ra                                                                                                         | Children                                           | newborn                                            |            2.82 | 1056.4799999999998 |    0.10260386142593314
 AAAAAAAAMPMCAAAA | Rarely young others rival right modern, white authorities. Possible twins could not get black, major teache                                                                                              | Children                                           | newborn                                            |            2.16 |             6956.1 |     0.6755667125406384
 AAAAAAAAMPNBAAAA | Major, short persons could not see. Better mixed eggs will get to the models. Women tap sole rates; days could not wait firms. Paths will not get heavily just safe things. Small developments raise e   | Children                                           | newborn                                            |            4.34 |           12945.91 |     1.2572886904367355
 AAAAAAAANCGEAAAA | New students should not carry here                                                                                                                                                                       | Children                                           | newborn                                            |             3.8 |            1998.72 |    0.19411289367450507
 AAAAAAAANEDCAAAA | Always fresh hills                                                                                                                                                                                       | Children                                           | newborn                                            |            2.41 |            8254.05 |     0.8016218029709256
 AAAAAAAANIGBAAAA | Instructions govern now very financial firms. Other relatives support reports. Fine miles can agree. Legal guests might make at le                                                                       | Children                                           | newborn                                            |            5.37 |           11154.91 |      1.083349272924008
 AAAAAAAANJMAAAAA | Certainly esse                                                                                                                                                                                           | Children                                           | newborn                                            |            2.67 |            4217.34 |     0.4095821680921976
 AAAAAAAANKPCAAAA | Men imagine darkly about a units. Shoes could think properly; eggs happen already. Inc, complete methods shall say effects. So public results ought to drop furthermore foreign direct products. Quiet s | Children                                           | newborn                                            |            5.31 |            1841.14 |    0.17880894425426186
 AAAAAAAANOPBAAAA | Points would not last. Powers worry most; educational, other leaders u                                                                                                                                   | Children                                           | newborn                                            |            4.28 |  6937.530000000001 |     0.6737632200877008
 AAAAAAAAOAMAAAAA | Quiet, other types need most other documents; rooms get into a readers. Variable, international features ought to know too sure true                                                                     | Children                                           | newborn                                            |             0.9 |             141.45 |   0.013737426357998489
 AAAAAAAAOBEDAAAA | Good differences introduce women. There waiting specimens should formulate that is general other eyes; recent thing                                                                                      | Children                                           | newborn                                            |            3.71 |  8467.119999999999 |     0.8223148636573783
 AAAAAAAAOBJBAAAA | Important, common                                                                                                                                                                                        | Children                                           | newborn                                            |            2.42 |           19333.18 |     1.8776114281790686
 AAAAAAAAOBNAAAAA | Often political addresses will consider well british troops. E                                                                                                                                           | Children                                           | newborn                                            |            8.89 |            5200.65 |     0.5050798613554248
 AAAAAAAAOCMDAAAA | Often public ways find in the possibilities; most strong issues argue political voices. For instance long aspects could not know to a decisions; professional elections admit above u                    | Children                                           | newborn                                            |            4.25 |           14417.48 |      1.400205512675264
 AAAAAAAAOEFAAAAA | Sets shall engage real studies; united positions must breathe infrequently eyes. Different powers refer valuable, easy reasons. W                                                                        | Children                                           | newborn                                            |            7.17 |            6212.17 |     0.6033172704020324
 AAAAAAAAOEOAAAAA | Quiet, hard ends will not vary total names. Effective titles will not appear. Serious, bare others should not happen still very other executives. New, we                                                | Children                                           | newborn                                            |            0.17 |            3102.24 |     0.3012852141734693
 AAAAAAAAOGAAAAAA | Parts see so normal, good boys. Very ideal rules may go only private lost principles. Still careful methods begin even with a execut                                                                     | Children                                           | newborn                                            |            2.07 |              56.25 |   0.005462921404294203
 AAAAAAAAOGLAAAAA | Instances squeeze. American, glorious circumstances introduce much savings. Early political banks may not specify high issues. Boring, appropriate functions meet therefore structures. I                | Children                                           | newborn                                            |            4.09 |             545.89 |   0.053016074051380674
 AAAAAAAAOGNBAAAA | Shoes afford businesses. Red, large facilities enjoy over thoughts. International, popular se                                                                                                            | Children                                           | newborn                                            |             4.2 |             875.58 |      0.085035106189723
 AAAAAAAAOHLAAAAA | Existing, massive prisoners leave. Scientific cells go please gothic women. Even parliamentary proce                                                                                                     | Children                                           | newborn                                            |            4.22 |            3705.92 |     0.3599137722773684
 AAAAAAAAOJJCAAAA | Changes get jus                                                                                                                                                                                          | Children                                           | newborn                                            |           25.15 |            5109.94 |    0.49627023290060657
 AAAAAAAAOKHDAAAA | Basic measures prove characteristically rather social meetings. Ever tall banks shall not drive however actually busy principles. Working countries cease randomly also important children. Fir          | Children                                           | newborn                                            |            2.54 |            5378.57 |     0.5223592031554609
 AAAAAAAAOLDAAAAA | Again reasonable years talk into the sides. Free databases might not say pupils; vast, sexual branches sho                                                                                               | Children                                           | newborn                                            |            0.18 |             1532.8 |    0.14886339428448275
 AAAAAAAAOLJAAAAA | Fin                                                                                                                                                                                                      | Children                                           | newborn                                            |            5.95 |            7697.89 |     0.7476083208693743
 AAAAAAAAOODAAAAA | Internatio                                                                                                                                                                                               | Children                                           | newborn                                            |            1.74 |            7163.99 |     0.6957566988648823
 AAAAAAAAOPLBAAAA | Libraries might re                                                                                                                                                                                       | Children                                           | newborn                                            |            9.25 |            3163.91 |    0.30727451840463066
 AAAAAAAAPBFEAAAA | Years might make also real, french hands. Other proble                                                                                                                                                   | Children                                           | newborn                                            |            8.02 |            3784.44 |    0.36753952496474945
 AAAAAAAAPBJDAAAA | Special sheets make by now national, inner patients. Less spectacular factors may not prevent already. Activities spend then unlike a windows. Arts stray practically always gla                         | Children                                           | newborn                                            |            6.84 |            3206.67 |    0.31142730985792166
 AAAAAAAAPEOBAAAA | Banks c                                                                                                                                                                                                  | Children                                           | newborn                                            |            2.78 | 2862.4100000000003 |     0.2779932596776138
 AAAAAAAAPFFAAAAA | Ago real links require administrative, recent pp.. Most complete reasons address further in an friends.                                                                                                  | Children                                           | newborn                                            |            2.07 |            3201.33 |      0.310908696519274
 AAAAAAAAPKLBAAAA | Combinations would require entirely problems. Pounds operate tight services. Novel ways return now anxious, foreign services                                                                             | Children                                           | newborn                                            |            1.79 |            5803.17 |      0.563595761880142
 AAAAAAAAPLJCAAAA | Subjects must leave darling, good changes; successful millions disturb goods. Healthy, asleep jobs must involve extremely bett                                                                           | Children                                           | newborn                                            |            1.63 |  6660.179999999999 |     0.6468273756169273
 AAAAAAAAPMAEAAAA | Major applicants wait old schools. Actual guests can take surprising opportunities. Appropriate, small hours ask only quite soft options. Good ways shall not take for a elements. Words sh              | Children                                           | newborn                                            |             3.4 |           14521.45 |     1.4103029338024544
 AAAAAAAAPODCAAAA | Letters smell                                                                                                                                                                                            | Children                                           | newborn                                            |            8.52 |            9810.87 |     0.9528179860932956
 AAAAAAAAAABAAAAA | Boats see also fair numbers; new, strict parts confirm at least low doubts. Problems make well readers; full-time, only mile                                                                             | Children                                           | school-uniforms                                    |            3.39 |            1358.48 |    0.10772881872544603
 AAAAAAAAADBAAAAA | Nice boys shall go largely young bodies. White, unaware trends reduce simply in a areas. Wages might come still at a arms; priorities should not migrate further outside con                             | Children                                           | school-uniforms                                    |            5.39 |           11198.89 |     0.8880831449386154
 AAAAAAAAADICAAAA | Bright families gauge recently different papers. Then priv                                                                                                                                               | Children                                           | school-uniforms                                    |            3.31 | 2430.1499999999996 |    0.19271331843357475
 AAAAAAAAAFCEAAAA | Indian interests will not write no longer living features. Constant thing                                                                                                                                | Children                                           | school-uniforms                                    |            9.38 |               9430 |     0.7478084039374566
 AAAAAAAAAFPCAAAA | Strong eyes sit to a plans. Specific surveys make only. British, firm                                                                                                                                    | Children                                           | school-uniforms                                    |            0.65 |            4986.06 |     0.3953995302795753
 AAAAAAAAAGBDAAAA | Good, vast members must not improve there. Sooner deep initiatives might                                                                                                                                 | Children                                           | school-uniforms                                    |            3.69 |            1111.77 |    0.08816446969730075
 AAAAAAAAAGEBAAAA | As sharp theories act sometimes regular police. Different methods articulate often real, unknow                                                                                                          | Children                                           | school-uniforms                                    |            3.71 | 3101.3699999999994 |    0.24594173379846335
 AAAAAAAAAGEEAAAA | Clearly subjective p                                                                                                                                                                                     | Children                                           | school-uniforms                                    |            8.62 |            1197.22 |    0.09494073991113487
 AAAAAAAAAGGCAAAA | Added, concerned moments may not know about over linear messages. Areas pay between a parts. Labour characters will go only for a                                                                        | Children                                           | school-uniforms                                    |            2.02 |            6170.32 |    0.48931252926652885
 AAAAAAAAAIGDAAAA | Too just numbers must break weak parameters. Angry, dutch grounds talk either. Normal charges will not leave vice versa following women. Tomorrow bright contracts know q                                | Children                                           | school-uniforms                                    |            3.28 |            6495.16 |     0.5150726652087392
 AAAAAAAAAIKCAAAA | Good times ought to know key, magnetic decisions. Developers might not attain old, local worlds; top branches help social engines. Major, capab                                                          | Children                                           | school-uniforms                                    |            3.14 |           10375.03 |     0.8227502253555918
 AAAAAAAAAKGAAAAA | P                                                                                                                                                                                                        | Children                                           | school-uniforms                                    |            0.25 |            5848.28 |     0.4637744361165799
 AAAAAAAAALFDAAAA | Excellent police sing really designs. Particular rights                                                                                                                                                  | Children                                           | school-uniforms                                    |            3.97 |  7827.070000000001 |     0.6206944564376192
 AAAAAAAAALOBAAAA | Parents could emulate even organic, high characteristics; home detailed                                                                                                                                  | Children                                           | school-uniforms                                    |           38.33 |            4401.52 |     0.3490449253551214
 AAAAAAAAAMAEAAAA | Late required colleges might prove. Impossible, single visitors concentrate. Unusual, severe men put                                                                                                     | Children                                           | school-uniforms                                    |            0.85 | 2326.6800000000003 |     0.1845080442495442
 AAAAAAAAAMFCAAAA | Simple things result so large implications; so american members try. Complex, rigid childre                                                                                                              | Children                                           | school-uniforms                                    |            6.55 |           13031.69 |     1.0334260126731403
 AAAAAAAAANABAAAA | Awfully hard groups lead parts. Good, boring ministers could not make old, nearby depths                                                                                                                 | Children                                           | school-uniforms                                    |            6.08 |            4227.59 |    0.33525210290582735
 AAAAAAAAAONBAAAA | Briskly satisfied stands can favour ever only women. Ready, legitimate demands become on                                                                                                                 | Children                                           | school-uniforms                                    |            2.43 |            3328.95 |       0.26398905474948
 AAAAAAAABAOBAAAA | Courts shall refuse. National, small agencies meet always makers. Yet current eyes offer more popular charges. Then furious shows emphasise sufficiently rela                                            | Children                                           | school-uniforms                                    |            9.92 |            7535.38 |     0.5975631485537891
 AAAAAAAABCFCAAAA | Always valuable proteins can c                                                                                                                                                                           | Children                                           | school-uniforms                                    |            7.37 |  7067.040000000001 |     0.5604233195081828
 AAAAAAAABDGAAAAA | Members used to say. Added, small months cannot rethink now ab                                                                                                                                           | Children                                           | school-uniforms                                    |            6.81 |  7059.369999999999 |     0.5598150808593809
 AAAAAAAABFJBAAAA | Lakes may not assume correctly remote, domestic causes. Expensive doctors recognize for an agencies. As large subjects could not consider. Afraid, live                                                  | Children                                           | school-uniforms                                    |            3.59 |             7773.7 |     0.6164621622151226
 AAAAAAAABJCBAAAA | Strong, young criticisms ought to go reluctantly important arrangements; monthly abilities could inform in the methods. Ultimate, like ranks shall not guess new, aware customs. Foreign horses th       | Children                                           | school-uniforms                                    |            7.77 |            4170.59 |     0.3307319460633634
 AAAAAAAABKPCAAAA | Members would step too men. Only sets decline then with a recordings. Simple, attractive players mig                                                                                                     | Children                                           | school-uniforms                                    |            1.47 |            1826.36 |     0.1448321693123238
 AAAAAAAACBDEAAAA | Constantly statutory                                                                                                                                                                                     | Children                                           | school-uniforms                                    |            3.58 |            3845.66 |    0.30496467303140185
 AAAAAAAACBEEAAAA | Inner, dangerous penalties must not think long high members. Masters used to market everywhere in the names. So va                                                                                       | Children                                           | school-uniforms                                    |             4.2 |            9410.76 |     0.7462826527506319
 AAAAAAAACBHDAAAA | However cruel words matter also. Much top texts remain widely villages. Small officials c                                                                                                                | Children                                           | school-uniforms                                    |           48.31 |             2904.3 |    0.23031388627312357
 AAAAAAAACDIAAAAA | New, additional positions give together in a injuries. International, large nights may not explain always statutory, careful employees. International, foreign ch                                        | Children                                           | school-uniforms                                    |            0.17 |            6022.74 |    0.47760928809440906
 AAAAAAAACDIDAAAA | Eyes reconcile. Private, able companies can reach merely new profits. A bit detailed assets service most stable residents. Linear, special companies persuade that is other schools; dark game           | Children                                           | school-uniforms                                    |            3.42 |           22715.66 |      1.801374490878677
 AAAAAAAACENBAAAA | Charges give probably good authorities. Prospects permit neither alike light centres. Likely men go                                                                                                      | Children                                           | school-uniforms                                    |           40.61 |            2975.08 |    0.23592681085750247
 AAAAAAAACFJDAAAA | Medical lives ask upper bottles. Just good units might not bring                                                                                                                                         | Children                                           | school-uniforms                                    |           22.95 |           11281.94 |     0.8946690927590826
 AAAAAAAACGCDAAAA | Lexical, other actions could not lose of course namely marginal attitudes. Names must accommodate steady, cold policies. American ideas explore special styles. Presidential goo                         | Children                                           | school-uniforms                                    |            1.83 |            8798.31 |     0.6977147569933153
 AAAAAAAACGFBAAAA | G                                                                                                                                                                                                        | Children                                           | school-uniforms                                    |           86.57 |             3128.4 |    0.24808523975375812
 AAAAAAAACGGAAAAA | Exports can determine really into the books. Problems act ears. Very important mi                                                                                                                        | Children                                           | school-uniforms                                    |            1.98 |            2023.33 |    0.16045208673793998
 AAAAAAAACGLBAAAA | New, interesting responsibilities must operate above away commercial artic                                                                                                                               | Children                                           | school-uniforms                                    |            4.42 |           10233.18 |     0.8115013788976354
 AAAAAAAACIAAAAAA | Commercial drugs fetch main purpo                                                                                                                                                                        | Children                                           | school-uniforms                                    |            0.28 |           17026.91 |     1.3502509428511897
 AAAAAAAACIAEAAAA | Thousands might not regulate of course citizens. Positive, successful meanings can hear as paintings. Most urban meetings could not commemorat                                                           | Children                                           | school-uniforms                                    |            3.82 |            3980.59 |     0.3156647565884836
 AAAAAAAACLJAAAAA | Possible attitudes shall contribute short british forces. Opportunities would indicate somehow. Wide manufacturers can work from a beliefs; casual leaders suffice                                       | Children                                           | school-uniforms                                    |            5.99 | 1482.1599999999999 |    0.11753676606362043
 AAAAAAAACMHBAAAA | Male, extraordinary weeks worry considerable arguments. Together early ties close closer. Good, strong streets should fear but social days; special, illegal eyes see however chief,                     | Children                                           | school-uniforms                                    |            3.45 |            2252.19 |     0.1786009129654189
 AAAAAAAACPBCAAAA | Previous shoes produce immense grounds. Black, narrow friends may not give about for a procedures; above possible events lend changes. Thus indirect buildings would resolve forwards also               | Children                                           | school-uniforms                                    |           51.68 |            3867.09 |     0.3066640934021738
 AAAAAAAADDBDAAAA | Tiny parents could not get deve                                                                                                                                                                          | Children                                           | school-uniforms                                    |           69.01 |              379.2 |   0.030070938151970684
 AAAAAAAADDJBAAAA | Techniques count fully other than a techniques. Years should act l                                                                                                                                       | Children                                           | school-uniforms                                    |            0.25 |           15901.73 |     1.2610230467809513
 AAAAAAAADFDCAAAA | Well fit standards must achieve often new, guilty parents. Only applicable spirits say. Bodies can                                                                                                       | Children                                           | school-uniforms                                    |            4.17 |               7794 |     0.6180719724590177
 AAAAAAAADJHDAAAA | Base, indian reactions pick in general genes. As various values stand virtually following, post-war pupils. Views accept also irish powers. Again white mammals consider so then                         | Children                                           | school-uniforms                                    |           71.53 |            1239.72 |    0.09831103229367377
 AAAAAAAADJJBAAAA | Various, likely designs ensure members. Available ministers know very current, ideological families. Then human proceedings ring flat feet.                                                              | Children                                           | school-uniforms                                    |            0.82 |            5577.84 |     0.4423282744240194
 AAAAAAAADKCEAAAA | No                                                                                                                                                                                                       | Children                                           | school-uniforms                                    |            9.67 |                    |                       
 AAAAAAAADKNCAAAA | Special expectations u                                                                                                                                                                                   | Children                                           | school-uniforms                                    |             8.7 |             4690.5 |     0.3719613275364412
 AAAAAAAADMKAAAAA | Other doctors help more full, dead obser                                                                                                                                                                 | Children                                           | school-uniforms                                    |            1.92 | 3963.8900000000003 |    0.31434042993463895
 AAAAAAAADMMBAAAA | Briefly certain reports must pick new sides; areas show then other dogs; police would come best in the kinds. Chemicals help ill men. Lips shall le                                                      | Children                                           | school-uniforms                                    |            5.99 | 10827.359999999999 |     0.8586204454354462
 AAAAAAAAEBACAAAA | Facilities might not                                                                                                                                                                                     | Children                                           | school-uniforms                                    |            7.51 |             251.97 |   0.019981472273607734
 AAAAAAAAECBBAAAA | Roughly pleasant pupils talk obvious, similar children. Moments can take surfaces; problems kill favorite libraries                                                                                      | Children                                           | school-uniforms                                    |            5.57 |            2313.11 |     0.1834319297170488
 AAAAAAAAECBDAAAA | Ideas                                                                                                                                                                                                    | Children                                           | school-uniforms                                    |             1.4 |           12385.08 |     0.9821491948502349
 AAAAAAAAECPCAAAA | Photographs may embark a little chosen, rational l                                                                                                                                                       | Children                                           | school-uniforms                                    |            3.55 |            7055.16 |     0.5594812236610166
 AAAAAAAAEEBBAAAA | Somewhat mental objectives need only in a discussions. Late elements attract comfortable trousers. So young e                                                                                            | Children                                           | school-uniforms                                    |            4.47 | 13927.829999999998 |     1.1044908083363971
 AAAAAAAAEEKCAAAA | High men give eventually in a diseases. Times make never international, simple countries. Events know. More simple words cannot stay once again shoes. Naturall                                          | Children                                           | school-uniforms                                    |            2.81 |            9016.44 |     0.7150126835204498
 AAAAAAAAEFEAAAAA | Safe, social rates will not keep soon techniques. Interests will find. Human, true shares ch                                                                                                             | Children                                           | school-uniforms                                    |            0.42 |            6206.82 |     0.4922070156656505
 AAAAAAAAEHIAAAAA | Seats should st                                                                                                                                                                                          | Children                                           | school-uniforms                                    |            0.16 |            2840.21 |     0.2252314853602549
 AAAAAAAAEILDAAAA | Weeks think as well terrible savings. Likely, im                                                                                                                                                         | Children                                           | school-uniforms                                    |            7.47 |            10217.1 |     0.8102262188620771
 AAAAAAAAEKEEAAAA | Pr                                                                                                                                                                                                       | Children                                           | school-uniforms                                    |            2.19 |             495.55 |    0.03929760918040367
 AAAAAAAAELAEAAAA | Central, social candidates affect soon total objects. Useful, european buildings shall eat matters. Common eyes change roughly. Other musicians might prove of course free areas. Historic               | Children                                           | school-uniforms                                    |            8.67 |            7419.23 |     0.5883523377248034
 AAAAAAAAELIDAAAA | Good, famous years could stay there values.                                                                                                                                                              | Children                                           | school-uniforms                                    |            1.58 |            5151.08 |     0.4084857808434946
 AAAAAAAAELKAAAAA | Empty cuts cannot decline probably. Darling, consistent teleco                                                                                                                                           | Children                                           | school-uniforms                                    |            8.95 |             555.75 |    0.04407152921402349
 AAAAAAAAEMJAAAAA | Unemployed, poor limits shall mention finally; political, naval organizations realise ever. Like dreams should not prevent late boats. Areas shall not stay. Students say all years. Probable, ev        | Children                                           | school-uniforms                                    |            0.59 |            7580.94 |     0.6011761019878709
 AAAAAAAAEPFCAAAA | Exhibitions used to find still proper facilities; necessary, separate parties need always over                                                                                                           | Children                                           | school-uniforms                                    |            9.85 |             806.01 |     0.0639173967823573
 AAAAAAAAFBGEAAAA | Months used to prevent numbers. As complete decisions remember only in the glasses. Labour pensions take; low audiences will                                                                             | Children                                           | school-uniforms                                    |            7.73 |           16083.15 |     1.2754098336995445
 AAAAAAAAFDJCAAAA | Project                                                                                                                                                                                                  | Children                                           | school-uniforms                                    |           77.69 |             2859.1 |     0.2267294811980469
 AAAAAAAAFOOBAAAA | Fingers must solve even international, sure men. Other, popular wages draw around. Well specific pupils cons                                                                                             | Children                                           | school-uniforms                                    |              68 |            6704.41 |      0.531666398880416
 AAAAAAAAGALAAAAA | Able hands get rights. Individual plants could not halt quite. Short changes might evaluate again bloody groups. Big, social decisions test much social countries; now con                               | Children                                           | school-uniforms                                    |            7.62 |           13499.16 |     1.0704968498511513
 AAAAAAAAGBADAAAA | Again different months recognize good considerable arms. Conservative problems cannot fit nevertheless                                                                                                   | Children                                           | school-uniforms                                    |             4.9 |           10198.59 |      0.808758357403235
 AAAAAAAAGBCCAAAA | Males mention now irrelevant, operational units; other police could not accommodate priorities. Parameters used to think on the buses. Again strong standards vot                                        | Children                                           | school-uniforms                                    |             4.4 |  7656.879999999999 |     0.6071982197179885
 AAAAAAAAGBEAAAAA | Fingers see average letters; old, new specimens provide                                                                                                                                                  | Children                                           | school-uniforms                                    |            3.91 |              10595 |     0.8401940657176408
 AAAAAAAAGBMDAAAA | Following, big firms send soon always little                                                                                                                                                             | Children                                           | school-uniforms                                    |             0.3 |            1061.14 |    0.08414946020723148
 AAAAAAAAGEMDAAAA | Electrical holidays date too particular engines. Public, local buildings talk scottish talks. Open, little forests will not make. Old groups become still assets. High                                   | Children                                           | school-uniforms                                    |            8.67 |            1901.29 |    0.15077419303523296
 AAAAAAAAGFEEAAAA | Deeply comprehensive words join later single representatives; stupid sites affect. Kind                                                                                                                  | Children                                           | school-uniforms                                    |             1.1 | 22709.390000000003 |     1.8008772736260064
 AAAAAAAAGFFAAAAA | Feet will not manage boys. Still brown nation                                                                                                                                                            | Children                                           | school-uniforms                                    |            8.31 |           14335.84 |      1.136846408218743
 AAAAAAAAGFIDAAAA | Businesses shall not keep very on a stages. Already bad projects could dwell here in part agr                                                                                                            | Children                                           | school-uniforms                                    |            7.42 |            4432.68 |     0.3515159444290016
 AAAAAAAAGGIAAAAA | So                                                                                                                                                                                                       | Children                                           | school-uniforms                                    |            9.91 |            5503.34 |    0.43642035012992175
 AAAAAAAAGHABAAAA | Blue days could take else. Never public tactics manage so local, poor differences; other, national friends use. Unacceptable,                                                                            | Children                                           | school-uniforms                                    |            3.84 |            9997.48 |     0.7928101338490608
 AAAAAAAAGHADAAAA | Years find at a pieces; big judges hear closer. Very private methods might dispense so reports. Anxio                                                                                                    | Children                                           | school-uniforms                                    |            6.04 |               3893 |      0.308718782240564
 AAAAAAAAGHHDAAAA | Simple offices can make again. Classical parents must not make luckily. Different stones cater. Roman companies can opt personally european knees. Areas access currently. Eggs b                        | Children                                           | school-uniforms                                    |             2.7 | 6922.7300000000005 |     0.5489793925970253
 AAAAAAAAGKHDAAAA | Working solicitors act forward hitherto particular choices. Difficult neighbours retain due, other partners. Significant parents should possess freely now wide things. Ships cannot                     | Children                                           | school-uniforms                                    |             4.1 |           20939.99 |      1.660562089116257
 AAAAAAAAGKKAAAAA | Co                                                                                                                                                                                                       | Children                                           | school-uniforms                                    |            7.84 |             574.74 |    0.04557745515153911
 AAAAAAAAGKNAAAAA | Fairly left weeks can get even thorough animals. Too central weapons might carry now very real women. Dome                                                                                               | Children                                           | school-uniforms                                    |            8.17 |            3823.59 |     0.3032145000223987
 AAAAAAAAGLIDAAAA | Able, large features could pursue oral, practical players. Religious police ought to consider leads. Severe weeks begin more with a variations. Stations arise only only blue weeks. New, bad boys lik   | Children                                           | school-uniforms                                    |            5.42 |  9569.380000000001 |     0.7588613769322395
 AAAAAAAAGLOBAAAA | Under way irish m                                                                                                                                                                                        | Children                                           | school-uniforms                                    |            7.39 |           14902.66 |     1.1817957994721715
 AAAAAAAAGMBEAAAA | Contracts should go here on a places; negative, bitter relations use useful references. Officers might achieve more;                                                                                     | Children                                           | school-uniforms                                    |            7.04 | 2207.6600000000003 |    0.17506963955849053
 AAAAAAAAGOFEAAAA | Others should produce quickly                                                                                                                                                                            | Children                                           | school-uniforms                                    |           35.44 |           14698.06 |      1.165570815437643
 AAAAAAAAGOPAAAAA | Nearby severe features shall not need only national, other years. Available, commercial bombs might not make well. Acres commence investigations. African things must use only risks. Pupils like        | Children                                           | school-uniforms                                    |            3.46 |  5472.549999999999 |     0.4339786724250188
 AAAAAAAAGPKBAAAA | Particularly alone sources permit ashore advanc                                                                                                                                                          | Children                                           | school-uniforms                                    |            3.61 |            2361.83 |    0.18729547430239693
 AAAAAAAAGPNDAAAA | Likely lines could introduce effective, local sales. Communications ought to play academic sons. Deaths tell; standards can need certainly new lives. Schools go since; seriousl                         | Children                                           | school-uniforms                                    |             6.3 |            2208.66 |    0.17514894055572672
 AAAAAAAAHDKCAAAA | Female relations open descriptions. Deputies will relate only conservative, new demands. Unlike father                                                                                                   | Children                                           | school-uniforms                                    |            8.18 |            2455.58 |     0.1947299427932916
 AAAAAAAAHGECAAAA | Large customers reduce much costly, local tools. European fingers would mend natural requirements. Sometimes small sums ca                                                                               | Children                                           | school-uniforms                                    |            0.43 |  6285.540000000001 |    0.49844959016808504
 AAAAAAAAHIABAAAA | More practical                                                                                                                                                                                           | Children                                           | school-uniforms                                    |             3.2 | 3756.8399999999997 |    0.29792115845688166
 AAAAAAAAHINDAAAA | Long, civi                                                                                                                                                                                               | Children                                           | school-uniforms                                    |            7.89 |              398.4 |    0.03159351729890591
 AAAAAAAAHPFEAAAA | Days shall owe that. Minu                                                                                                                                                                                | Children                                           | school-uniforms                                    |            2.37 |  4153.610000000001 |     0.3293854151302926
 AAAAAAAAICEAAAAA | Rich, large changes must ensure consequences. Years know even out of a schools. English women develop future ways. Medical requirements shall understand perhaps f                                       | Children                                           | school-uniforms                                    |            2.01 |             1900.7 |     0.1507274054468636
 AAAAAAAAIDLAAAAA | For ins                                                                                                                                                                                                  | Children                                           | school-uniforms                                    |            1.99 |             1206.4 |    0.09566872306576328
 AAAAAAAAIEDCAAAA | Cuts                                                                                                                                                                                                     | Children                                           | school-uniforms                                    |            2.26 | 3016.4799999999996 |     0.2392098721430815
 AAAAAAAAIEHDAAAA | Anxious desig                                                                                                                                                                                            | Children                                           | school-uniforms                                    |            6.58 |             442.68 |    0.03510496545652527
 AAAAAAAAIFKDAAAA | Naturally educational patients must not supervise on a prices.                                                                                                                                           | Children                                           | school-uniforms                                    |            1.13 |            3616.91 |     0.2868245699136189
 AAAAAAAAIHPBAAAA | Illegal parts used to demonstrate main hours. Small ideas say again meanwhile national markets. Som                                                                                                      | Children                                           | school-uniforms                                    |            1.45 | 13879.990000000002 |     1.1006970486286172
 AAAAAAAAIIPAAAAA | Young governments must use pupils; vast                                                                                                                                                                  | Children                                           | school-uniforms                                    |           67.38 |            7899.71 |     0.6264548808768574
 AAAAAAAAIJCDAAAA | Changes restore so typical, great questions; well suspicious weeks might not encompass as. Small, big metals should specify ex                                                                           | Children                                           | school-uniforms                                    |            1.56 |            2842.08 |     0.2253797782250866
 AAAAAAAAIJCEAAAA | Individuals ought to make workers. Ever increas                                                                                                                                                          | Children                                           | school-uniforms                                    |            4.56 |            3139.32 |    0.24895120664357753
 AAAAAAAAIJJCAAAA | Arms could get very personal respondents. Still black aspects could not suck. Wonderful dates may fight only fascinating months. Decent, essential steps produce for no photographs; other               | Children                                           | school-uniforms                                    |            1.56 | 13221.119999999999 |     1.0484480005795955
 AAAAAAAAIJOAAAAA | Resid                                                                                                                                                                                                    | Children                                           | school-uniforms                                    |            3.22 |           10704.77 |     0.8488989361842595
 AAAAAAAAIKEDAAAA | Months will not state vulnerable, similar results. Public premises shall care again common advisers; also national officers ought to work about natural dead proble                                      | Children                                           | school-uniforms                                    |            4.49 | 4026.0099999999998 |    0.31926660788295225
 AAAAAAAAIKKBAAAA | Also various futures can contain very legs. Wooden institutions happen very then tall teeth. Complete groups may take only, well-known origins; certain cen                                              | Children                                           | school-uniforms                                    |            2.49 |            12386.4 |     0.9822538721665867
 AAAAAAAAILDAAAAA | Suitable supporters find slowly only consequences. Nuclear, able drugs must not want still only troops. Violent, top lives pay; extra, heavy t                                                           | Children                                           | school-uniforms                                    |            1.84 |           14737.33 |      1.168684965599109
 AAAAAAAAINHAAAAA | Social sums sit. Payments should not suggest never flowers. Awful hands                                                                                                                                  | Children                                           | school-uniforms                                    |            9.02 |            1982.24 |    0.15719360876150412
 AAAAAAAAINHDAAAA | Very unknown sites might affect entirely ran                                                                                                                                                             | Children                                           | school-uniforms                                    |            4.11 |            6746.68 |     0.5350184520335907
 AAAAAAAAIOAAAAAA | Natural, necessary shoulders work simply environmental places                                                                                                                                            | Children                                           | school-uniforms                                    |            9.25 |             716.88 |   0.056849298898693945
 AAAAAAAAIOGAAAAA | Remote risks increase here i                                                                                                                                                                             | Children                                           | school-uniforms                                    |            4.22 |             6933.5 |     0.5498334643372593
 AAAAAAAAIPIAAAAA | Supposed, evident officials roll often exciting hands. Sole items ought to see also collectively whole years. Gifts should not put requirements. White controls consist contemporary                     | Children                                           | school-uniforms                                    |           32.82 |                224 |   0.017763423380910952
 AAAAAAAAIPIBAAAA | Films panic over here dreams. Constraints undermine enough wild, sad firms. Plants wish actually as the cases. Mainly effective plants might not judge managers. Benefi                                  | Children                                           | school-uniforms                                    |            5.87 |              237.8 |   0.018857777142770645
 AAAAAAAAIPODAAAA | Situations may attract enormously. Formerly free areas used to hunt simply hard, complete levels. Dif                                                                                                    | Children                                           | school-uniforms                                    |            2.22 |            9558.47 |     0.7579962030523923
 AAAAAAAAJGABAAAA | Much top negotiations must no                                                                                                                                                                            | Children                                           | school-uniforms                                    |            6.68 |             1122.3 |    0.08899950919819805
 AAAAAAAAJJABAAAA | Ordinary circumsta                                                                                                                                                                                       | Children                                           | school-uniforms                                    |            0.71 |            3609.57 |     0.2862425005939051
 AAAAAAAAKACBAAAA | Children could not sound for a police; soviet years shall recognize                                                                                                                                      | Children                                           | school-uniforms                                    |            2.35 |               34.2 |   0.002712094105478369
 AAAAAAAAKAEDAAAA | Police shoot mass, significant forces. Cold services cannot use with the records. Events dec                                                                                                             | Children                                           | school-uniforms                                    |            2.57 | 10285.660000000002 |     0.8156630952325918
 AAAAAAAAKCMCAAAA | New, open problems might mean there during a nights; desperate arms must not take                                                                                                                        | Children                                           | school-uniforms                                    |            1.41 |             4268.8 |     0.3385200970019316
 AAAAAAAAKDDAAAAA | Sure accused practices might know much in the signs. Elderly, sexual issu                                                                                                                                | Children                                           | school-uniforms                                    |            9.33 |            1491.63 |    0.11828774650744733
 AAAAAAAAKDDBAAAA | Fathers can think from a units. Topics fight long popular members. Quite expected critics might squeeze; only social types used to treat. Machines ought to offer quite so severe principles. Movement   | Children                                           | school-uniforms                                    |            1.86 |            2822.87 |    0.22385640606817903
 AAAAAAAAKDEAAAAA | Locally actual acres could offer most different eggs. Wonderful categories come royal, current councils. Commercial minutes lose properly new speeches. Useful, sensible methods ask poor wo             | Children                                           | school-uniforms                                    |            4.41 |            3771.32 |      0.299069436896862
 AAAAAAAAKEHCAAAA | Rema                                                                                                                                                                                                     | Children                                           | school-uniforms                                    |             4.8 | 15896.919999999998 |     1.2606416089842452
 AAAAAAAAKGDDAAAA | Electronic aspects could grow personally general methods. Grand events play away stores. Local ways know just wide, easy societies.                                                                      | Children                                           | school-uniforms                                    |            2.04 |            7140.19 |     0.5662241874560114
 AAAAAAAAKHOAAAAA | Young, russian disciplines might use bloody large cards. Sexual, ashamed issues walk examp                                                                                                               | Children                                           | school-uniforms                                    |            0.33 |           11323.45 |     0.8979608771543577
 AAAAAAAAKIOCAAAA | Impressive, full products improve home comments. Suddenly poor members detect maybe meanwhile good earnings; then other friends mean economically for a stars                                            | Children                                           | school-uniforms                                    |            0.35 |            14831.8 |     1.1761765308080137
 AAAAAAAAKIPBAAAA | Associations can question beds. Far odd seats must give in order economic weapons. Strong, very costs will develop average g                                                                             | Children                                           | school-uniforms                                    |            0.16 |            1619.09 |     0.1283954516151746
 AAAAAAAAKOKAAAAA | Today secret arms expect still white borders. Then important forms believe. Other changes know more spanish, other                                                                                       | Children                                           | school-uniforms                                    |            3.99 |           17431.11 |     1.3823044059340657
 AAAAAAAAKOMCAAAA | Deliberately determined options bear civil policies; public years go i                                                                                                                                   | Children                                           | school-uniforms                                    |            6.05 |            6087.67 |    0.48275830184495616
 AAAAAAAALALDAAAA | Happy costs see ways; compa                                                                                                                                                                              | Children                                           | school-uniforms                                    |            7.13 |            2653.05 |     0.2103895107175259
 AAAAAAAALBDEAAAA | Natural, national words commit more new resources. Boys meet through a procedures. Slight                                                                                                                | Children                                           | school-uniforms                                    |            8.42 |            9600.93 |     0.7613633233950419
 AAAAAAAALCJDAAAA | Then great years hurt social, young fans. Good circumstances produce also. Commonly local women shall illustrate long very long lawyers. Wrong, general democrats draw quickly tr                        | Children                                           | school-uniforms                                    |            9.18 |            6197.01 |     0.4914290728827633
 AAAAAAAALCOBAAAA | Feet may not include sidewa                                                                                                                                                                              | Children                                           | school-uniforms                                    |            4.42 | 16312.550000000003 |     1.2936014824655313
 AAAAAAAALCPDAAAA | Collective, relative persons will qualif                                                                                                                                                                 | Children                                           | school-uniforms                                    |            4.73 |             860.44 |     0.0682337500619242
 AAAAAAAALDHBAAAA | Continuing times can expect most difficult cases; mixed sons could stop. Away particular patterns will not meet still poorly yellow regions. National, small facts close assumptions                     | Children                                           | school-uniforms                                    |            8.92 |           11365.16 |       0.90126852174908
 AAAAAAAALECCAAAA | Only steady standards drive                                                                                                                                                                              | Children                                           | school-uniforms                                    |            7.81 |            1049.76 |     0.0832470148586834
 AAAAAAAALOJDAAAA | Features could cast males; causes shall kill often. Items think more historical workers. Aggressive, successful attempts note as. About sorry days go social questions. British systems sh               | Children                                           | school-uniforms                                    |            0.75 |            7579.18 |     0.6010365322327351
 AAAAAAAALPLDAAAA | Narrow, ital                                                                                                                                                                                             | Children                                           | school-uniforms                                    |            1.18 |             451.69 |   0.035819467441623516
 AAAAAAAAMACDAAAA | Current, important counties expose in the consequences. Rather dark sections might                                                                                                                       | Children                                           | school-uniforms                                    |            1.59 |           18365.57 |      1.456408015811414
 AAAAAAAAMAGEAAAA | Times shall not continue black individuals; signs might not hesitate now open computers. Huge cards must not like                                                                                        | Children                                           | school-uniforms                                    |            8.69 |            4455.16 |     0.3532986308468716
 AAAAAAAAMBDEAAAA | Great, obvious children supply really free, waiting schools. Bloody pages                                                                                                                                | Children                                           | school-uniforms                                    |            6.11 |           20175.36 |     1.5999261675995338
 AAAAAAAAMBECAAAA | Additional, silent resources will know very political journals. Lives used to keep together possible shoulders. Implications seem. There short-term students must not find quick men. Great popul        | Children                                           | school-uniforms                                    |            1.82 |  7492.389999999999 |     0.5941539986826045
 AAAAAAAAMECCAAAA | Personal, dual institutions distinguish by a questions. Distinct, necessary states face internally indeed regulato                                                                                       | Children                                           | school-uniforms                                    |            3.93 |           15681.36 |      1.243547486020008
 AAAAAAAAMENDAAAA | High, young obligations see financial, easy clothes. Just financial things stop complex, sophisticated children. Free, new effects get now. As sh                                                        | Children                                           | school-uniforms                                    |            0.38 |            2045.87 |    0.16223953121564416
 AAAAAAAAMFBBAAAA | R                                                                                                                                                                                                        | Children                                           | school-uniforms                                    |           23.79 |            1916.98 |     0.1520184256818691
 AAAAAAAAMFHBAAAA | Primary children ought to go orders; also genuine partners make long. Very able sons take both chief rates. Generally european courts might emphasise here to the issues. Streets get only here mil      | Children                                           | school-uniforms                                    |            2.52 |             2782.4 |     0.2206470947100296
 AAAAAAAAMGFDAAAA | Human, civil l                                                                                                                                                                                           | Children                                           | school-uniforms                                    |             9.5 |            1049.98 |    0.08326446107807536
 AAAAAAAAMHDEAAAA | Labour, other children make tomorrow important contents. Definite standards wil                                                                                                                          | Children                                           | school-uniforms                                    |            9.25 |            6032.32 |    0.47836899164793195
 AAAAAAAAMIAAAAAA | Pensions stand at first good years. Genetic hills shall not guarantee cheaply by a rooms. Practices wait twice widely reasonable components                                                              | Children                                           | school-uniforms                                    |            2.12 |            6860.71 |     0.5440611447484356
 AAAAAAAAMJLAAAAA | Large books tell for a knees. Much whole thousands try forw                                                                                                                                              | Children                                           | school-uniforms                                    |            8.18 | 3143.7299999999996 |    0.24930092404138918
 AAAAAAAAMKMDAAAA | Parents compete possible, intimate others. Duties show there complex children. Armies could treat various girls. Eyes can reinforce just g                                                               | Children                                           | school-uniforms                                    |            9.32 |            3738.16 |     0.2964398158285093
 AAAAAAAAMLCDAAAA | Cold, small years would not bring grounds. Environmental, advanced attempts may need patients. Also free contributions may                                                                               | Children                                           | school-uniforms                                    |            1.76 |            6160.91 |     0.4885663068825361
 AAAAAAAAMMGBAAAA | Crops used to change pounds; institutions shall make later short walls. Volumes may not talk fort                                                                                                        | Children                                           | school-uniforms                                    |            2.76 |            3567.36 |     0.2828952055005647
 AAAAAAAAMOADAAAA | Parts like perhaps in a years. Inappropriate, important districts come great centres. Straight part                                                                                                      | Children                                           | school-uniforms                                    |            2.62 |              883.2 |    0.07003864075902033
 AAAAAAAAMPEAAAAA | Soon social members ought to work in particular heavy f                                                                                                                                                  | Children                                           | school-uniforms                                    |            4.27 |           12707.38 |     1.0077079062594652
 AAAAAAAANDADAAAA | Prizes will                                                                                                                                                                                              | Children                                           | school-uniforms                                    |            3.24 |            1227.96 |    0.09737845256617594
 AAAAAAAANDOBAAAA | Underlying things acquire negative stories; famous feet exercise for a hands; male months will com                                                                                                       | Children                                           | school-uniforms                                    |            7.68 |            5755.21 |     0.4563938923038059
 AAAAAAAANDPDAAAA | Intermediate dir                                                                                                                                                                                         | Children                                           | school-uniforms                                    |           10.15 |            4383.57 |    0.34762147245473135
 AAAAAAAANEJCAAAA | Smooth, small institutions might know n                                                                                                                                                                  | Children                                           | school-uniforms                                    |            0.78 |            2265.91 |    0.17968892264749972
 AAAAAAAANGMAAAAA | Popular pub                                                                                                                                                                                              | Children                                           | school-uniforms                                    |            8.43 |            3056.25 |    0.24236367280316562
 AAAAAAAANGPDAAAA | Financial advisers protect less in a cells. New, other officers might drive adequate, convenient needs; double, domestic affairs kick more. New, major roads become indefinitely beliefs. More fa        | Children                                           | school-uniforms                                    |            3.13 |  7633.349999999999 |     0.6053322672530206
 AAAAAAAANJLBAAAA | Basic, other rises should not close mainly to the children. Aside male doctors realise soon constitutional laboratories. Here compulsory goods see simply immediate,                                     | Children                                           | school-uniforms                                    |            9.54 |  9647.779999999999 |     0.7650785751155582
 AAAAAAAANOEAAAAA | Positive patients allow just classes; levels hit safe services. Autonomous, available courts m                                                                                                           | Children                                           | school-uniforms                                    |            2.75 |             845.48 |     0.0670474071432705
 AAAAAAAANOHAAAAA | International, cautious women become never aspects. Documents like very too real trees                                                                                                                   | Children                                           | school-uniforms                                    |            5.64 |           12679.27 |     1.0054787552271554
 AAAAAAAANPFBAAAA | Brave, like shoes achieve. Expenses talk producers. Personal, other steps might not bear now available balls. Fre                                                                                        | Children                                           | school-uniforms                                    |             4.9 |  7332.320000000001 |     0.5814602880550045
 AAAAAAAAOBBEAAAA | Better practical children pay scientific, so                                                                                                                                                             | Children                                           | school-uniforms                                    |            6.08 |             379.52 |    0.03009631447108627
 AAAAAAAAOBEAAAAA | Too full incidents raise by no means. Various, essential systems appear                                                                                                                                  | Children                                           | school-uniforms                                    |            4.23 | 4039.8300000000004 |     0.3203625476647567
 AAAAAAAAOCHDAAAA | Clear, possible changes ought to give all quietly distant comments. Long likely signs occur equally. Multiple goods would come guidelines. Also c                                                        | Children                                           | school-uniforms                                    |             4.5 |            5355.74 |    0.42471552293785725
 AAAAAAAAODECAAAA | Men greet mi                                                                                                                                                                                             | Children                                           | school-uniforms                                    |            6.44 |           12101.17 |     0.9596348487249026
 AAAAAAAAODODAAAA | New, other activities hate women. Historical, warm feet work more. Excellent, large sce                                                                                                                  | Children                                           | school-uniforms                                    |           96.96 |            16600.6 |     1.3164441347194211
 AAAAAAAAOEEBAAAA | Proud languages must touch surely different changes. Inevitably civil authorities enter theore                                                                                                           | Children                                           | school-uniforms                                    |            5.21 | 13148.359999999999 |     1.0426780600206889
 AAAAAAAAOEICAAAA | Of course social statement                                                                                                                                                                               | Children                                           | school-uniforms                                    |            1.14 |            2354.71 |    0.18673085120207514
 AAAAAAAAOFDEAAAA | Massive plants would test also other, popular groups. Far inner readers must send also also considerable addresses. Living, enormous requirements will make unacceptable, bri                            | Children                                           | school-uniforms                                    |            2.45 | 21634.550000000003 |      1.715641389756639
 AAAAAAAAOFHDAAAA | Chief police improve then changes. Later great wages as                                                                                                                                                  | Children                                           | school-uniforms                                    |            5.69 |  6281.700000000001 |      0.498145074338698
 AAAAAAAAOFOBAAAA | Most corporate firms used to install actually windows. Tasks should not hear necessarily products. Companies could pay finally in a forces. Still beaut                                                  | Children                                           | school-uniforms                                    |            0.29 |            3935.13 |     0.3120597332541255
 AAAAAAAAOHNAAAAA | Characters interpret public, other developments. Politicians must see only. Nuclear regulations must not emphasise then. British, enormous preparations might discuss lines;                             | Children                                           | school-uniforms                                    |           31.33 |  9234.199999999999 |     0.7322812686786067
 AAAAAAAAOIBAAAAA | Political, military plans think particularly at the shadows. Already special passages may not see tickets. Much contemporary stars play                                                                  | Children                                           | school-uniforms                                    |             7.7 |            5245.04 |    0.41593690254380883
 AAAAAAAAOJCAAAAA | Instruments could create joint buildin                                                                                                                                                                   | Children                                           | school-uniforms                                    |            1.66 |            5673.69 |    0.44992927500911006
 AAAAAAAAOJIBAAAA | Questions shall not answer easily mass drugs. Final victims will strike well all real words; skilled                                                                                                     | Children                                           | school-uniforms                                    |            9.98 |            1684.17 |    0.13355636051530714
 AAAAAAAAOLPBAAAA | Female problems may deny. National, accessible sums send other lips; now high pounds must say hands. Main reservations bother in a cities; things go forward for a views. Coun                           | Children                                           | school-uniforms                                    |            6.02 | 1666.3300000000002 |    0.13214163072461318
 AAAAAAAAONEDAAAA | Families move sometimes finally lesser years. Interesting cases will open temporarily at a proposals. Sorry products appear really lonely patterns. Old, long visitors take happy attitude               | Children                                           | school-uniforms                                    |               4 |            7686.49 |     0.6095463222461528
 AAAAAAAAOOAAAAAA | Always increased children worry artists. Infinitely profound kinds should win rather global likely surroundings. Unexpectedly early year                                                                 | Children                                           | school-uniforms                                    |           78.77 |           25070.47 |      1.988113272180476
 AAAAAAAAOOECAAAA | Spiritual schools interview advisers. Gold constraints will wish voluntary rumours. Middle-class, tall systems might not master even busy techniques; correct years harm; black l                        | Children                                           | school-uniforms                                    |            0.87 |            5780.15 |      0.458371659174877
 AAAAAAAAOPPDAAAA | High, impor                                                                                                                                                                                              | Children                                           | school-uniforms                                    |            1.96 | 392.02000000000004 |   0.031087576936538897
 AAAAAAAAPBADAAAA | Silly, open speakers harm italian students; activities might no                                                                                                                                          | Children                                           | school-uniforms                                    |            6.67 |  778.3599999999999 |   0.061724724208776095
 AAAAAAAAPCBBAAAA | Environmental, modern spirits form long political, go                                                                                                                                                    | Children                                           | school-uniforms                                    |            0.51 |  5534.280000000001 |     0.4388739229844102
 AAAAAAAAPCNBAAAA | Subsequent p                                                                                                                                                                                             | Children                                           | school-uniforms                                    |            3.65 |            5542.92 |      0.439559083600531
 AAAAAAAAPFEBAAAA | Schools fight more neighbours; only comprehensive children must not think. Psychological recommendations shall contain respectively so alive pilots. Funds find commercial, stan                         | Children                                           | school-uniforms                                    |            0.62 |            9578.68 |     0.7595988762065362
 AAAAAAAAPGKAAAAA | Alone, japanese claims should relax somewhere central days. Recent, g                                                                                                                                    | Children                                           | school-uniforms                                    |            8.49 |            1321.64 |    0.10480736998726406
 AAAAAAAAPGLCAAAA | Also precise gaps can serve elsewhere                                                                                                                                                                    | Children                                           | school-uniforms                                    |             7.1 |           11475.73 |     0.9100368330134877
 AAAAAAAAPHMAAAAA | Toxic, al                                                                                                                                                                                                | Children                                           | school-uniforms                                    |            1.96 |            9140.98 |     0.7248888297162472
 AAAAAAAAPKJDAAAA | Political, similar winds seem between the agencies. Surround                                                                                                                                             | Children                                           | school-uniforms                                    |            0.63 |  5284.210000000001 |    0.41904312260555127
 AAAAAAAAAAAEAAAA | Men ought to place hence. Companies cannot improve almost st                                                                                                                                             | Children                                           | toddlers                                           |            8.64 |  4135.860000000001 |     0.3440698518719167
 AAAAAAAAAABBAAAA | Together serious bodies send all right suspicious, symbolic recommendations. Often significant tables will not kiss wet, following li                                                                    | Children                                           | toddlers                                           |            0.38 |            5684.75 |    0.47292487908896286
 AAAAAAAAAANAAAAA | Small, agricultural laws s                                                                                                                                                                               | Children                                           | toddlers                                           |            4.83 |           15290.79 |     1.2720691344253876
 AAAAAAAAABMAAAAA | Stories keep common, little areas. Effects can develop                                                                                                                                                   | Children                                           | toddlers                                           |            4.42 |            3707.67 |     0.3084479328821452
 AAAAAAAAACEEAAAA | Personal, russian results would rise stands. Different demands might spend                                                                                                                               | Children                                           | toddlers                                           |            2.82 |             2798.9 |    0.23284567379077323
 AAAAAAAAACGCAAAA | Most other plans could discuss unexpected years. Rights could not go ago namely immediate actions. Spanish courses can divide also ashore new firms; sure early things ought to damage on the se         | Children                                           | toddlers                                           |            9.37 |            4616.87 |    0.38408596446975857
 AAAAAAAAACHCAAAA | Multiple rules might identify also companies. Commercial, particular budgets could not find; flames used to avoid all pretty new days; personal windows must not approve. Single bags spot from the hold | Children                                           | toddlers                                           |            1.01 |             721.08 |    0.05998798044126291
 AAAAAAAAACLBAAAA | Similar units should not determine after a pounds. Both popular findings tend together thanks. Competitive, possible rivals will decide different fingers. Seldom additional others will outweigh m      | Children                                           | toddlers                                           |            3.58 |             1463.2 |    0.12172631744280232
 AAAAAAAAACNBAAAA | Indeed relevant children improve especially p                                                                                                                                                            | Children                                           | toddlers                                           |           24.98 |           13084.83 |     1.0885512371959425
 AAAAAAAAADAEAAAA | Too secret months should not say too professional, english arts. Gay parties show very increasingly external boots. Stones may make more german countries. Upper colleagues get certainly by a lo        | Children                                           | toddlers                                           |            2.37 |  8076.360000000001 |     0.6718873435909998
 AAAAAAAAAFOAAAAA | Hot children may not switch at no times. Attractive heads help now necessary, demanding                                                                                                                  | Children                                           | toddlers                                           |            3.64 |             604.96 |    0.05032774261905255
 AAAAAAAAAHCEAAAA | However colonial thi                                                                                                                                                                                     | Children                                           | toddlers                                           |            8.92 |           10561.92 |     0.8786656825625223
 AAAAAAAAAILBAAAA | Cruel, tiny authorities could gain together whole, other arms; elaborate, red writers come at a ears. Presen                                                                                             | Children                                           | toddlers                                           |            75.9 |            5586.56 |     0.4647562711681668
 AAAAAAAAAIMAAAAA | Stations maintain well; activities might                                                                                                                                                                 | Children                                           | toddlers                                           |            0.78 |            2411.96 |    0.20065541868462375
 AAAAAAAAAJMBAAAA | Essential, clear weeks protect considerations. Rates know therefore procedures. Concerned plants would not sit animals. Children should                                                                  | Children                                           | toddlers                                           |            1.71 | 447.65000000000003 |    0.03724083242432372
 AAAAAAAAAKADAAAA | Students stand else animals; victorian, sure plans should not look activities. Losses may take old workers. Overall, national specimens know orders. Following, big                                      | Children                                           | toddlers                                           |            4.92 |           10734.45 |      0.893018772740493
 AAAAAAAAALPDAAAA | Better northern times cause from a farmers. Little, extra friends must take bright, other stairs. Delicate, reduced results may mould much forma                                                         | Children                                           | toddlers                                           |            4.07 |             679.73 |    0.05654799737246857
 AAAAAAAAAMBDAAAA | Large prices claim constantly; different things make soon so royal units. Historical, minute forces join and so on investigations; total, general increases behave private trustees. B                   | Children                                           | toddlers                                           |            3.98 |  4961.549999999999 |    0.41276053192204465
 AAAAAAAAAMBEAAAA | Yet key adults know however nuclear, funny parents. Successful individuals might not help around as various liabilities. Calls must wear meetings. Difficult blues become by the elections. Molecu       | Children                                           | toddlers                                           |            1.27 |             1232.5 |     0.1025339572500368
 AAAAAAAAAODAAAAA | Various, necessary eyes will trust highly changes; new habits could not f                                                                                                                                | Children                                           | toddlers                                           |            2.35 | 10387.710000000001 |     0.8641728300736551
 AAAAAAAAAOGDAAAA | S                                                                                                                                                                                                        | Children                                           | toddlers                                           |            1.29 |           11273.26 |     0.9378433743679918
 AAAAAAAABBCDAAAA | Long compl                                                                                                                                                                                               | Children                                           | toddlers                                           |            1.18 |             550.62 |    0.04580709739636127
 AAAAAAAABBNBAAAA | Authorities stop                                                                                                                                                                                         | Children                                           | toddlers                                           |            2.72 |  5392.099999999999 |    0.44857878368188514
 AAAAAAAABFKAAAAA | Ordinary, legal orders shall not stay english laws. Primitive, certain consequences say perhaps old layers. Doctors shall use finally full, sensible dimensions                                          | Children                                           | toddlers                                           |               1 |  7728.369999999999 |     0.6429374111095065
 AAAAAAAABFLCAAAA | New, desperate circumstances multiply namely rural insects. Political,                                                                                                                                   | Children                                           | toddlers                                           |            6.83 |            5916.41 |    0.49219710345938356
 AAAAAAAABGFBAAAA | Personal, soft buildings defeat to a developments. New levels share here elect                                                                                                                           | Children                                           | toddlers                                           |            8.98 |            1915.18 |    0.15932737058509167
 AAAAAAAABGJAAAAA | Important fields think similar, good concentrations; guilty, middle creatures love also basic, vital councils; really slim schools stop forward dark, american dreams. Pictures mean as together pr      | Children                                           | toddlers                                           |            0.16 | 2945.4900000000002 |      0.245040767335019
 AAAAAAAABIGBAAAA | New miles help really correct streets; over select                                                                                                                                                       | Children                                           | toddlers                                           |            3.08 |           11206.04 |     0.9322512180950933
 AAAAAAAABJMDAAAA | Universities must not believe parties. Teachers may read schools. General, minor findings sit as most gold rates; very hard opportunities will come thankfully actual original structures. Contracts ou  | Children                                           | toddlers                                           |            3.24 |            4492.25 |    0.37371859590789275
 AAAAAAAACAKCAAAA | True, spectacular regulations may                                                                                                                                                                        | Children                                           | toddlers                                           |            3.67 |            2814.24 |    0.23412183679622198
 AAAAAAAACCEDAAAA | Laws could not include profound, ready artists. Changes may walk. Deaf, old institutions slow ago international horses. Clergy used to pay ideas. Diplomatic values deliver yet over g                   | Children                                           | toddlers                                           |            4.94 |             1278.6 |    0.10636910161452093
 AAAAAAAACCOCAAAA | Sophisticated, different courts restore military, toxic influences; old, economic messages like solely in a awards. Lengthy, small children supply opposite, wild propo                                  | Children                                           | toddlers                                           |            0.23 |            4963.21 |    0.41289863039590685
 AAAAAAAACEFAAAAA | Beautiful pieces can support at a soldiers. Games would not drink largely away from a states. Successful provisions cancel both between a cases. German                                                  | Children                                           | toddlers                                           |            7.79 |            5635.43 |     0.4688218569619269
 AAAAAAAACFBAAAAA | Immediate, open chapters would kiss together social systems. Overseas popular comparisons will comply far most french suggest                                                                            | Children                                           | toddlers                                           |            4.48 |             214.55 |     0.0178488117874202
 AAAAAAAACHCDAAAA | Quiet steps might not concern complex flats. Wonderful requests ought to pursue. Certai                                                                                                                  | Children                                           | toddlers                                           |            0.76 |            8700.87 |     0.7238414869112599
 AAAAAAAACJCBAAAA | Common councils distract also irish things. Germans shall sit much on a others. Particular, just difficulties must not provide; b                                                                        | Children                                           | toddlers                                           |            4.47 |           14994.29 |     1.2474027503891718
 AAAAAAAACJJCAAAA | Human games wait effectively advanced, chronic equations. Years operate. Political provinces can build. Past important tie                                                                               | Children                                           | toddlers                                           |            0.85 |  6926.089999999999 |     0.5761942523082412
 AAAAAAAACLCBAAAA | Important, short moments rock on a cha                                                                                                                                                                   | Children                                           | toddlers                                           |            6.57 | 1238.6599999999999 |    0.10304641905665766
 AAAAAAAACMMCAAAA | P                                                                                                                                                                                                        | Children                                           | toddlers                                           |            1.44 | 3789.7200000000003 |    0.31527382431611317
 AAAAAAAACNBAAAAA | Expert states contain still; important, coastal points use far days. Both constant boots say around also combined societies. Once other skills                                                           | Children                                           | toddlers                                           |            7.98 |             528.12 |    0.04393528073256749
 AAAAAAAACNODAAAA | Degrees might stand there by a years. Negotiations must raise away annual users. Experimental shops used to walk. Independent days furnish now possibilit                                                | Children                                           | toddlers                                           |            0.28 |             4187.3 |     0.3483492407246078
 AAAAAAAACPCDAAAA | Voices will lead inc men; quantities keep really from a months. So future options ought to exercise belatedly argumen                                                                                    | Children                                           | toddlers                                           |           20.44 |            5410.74 |    0.45012947979802365
 AAAAAAAACPPDAAAA | Techniques can allow most single notes. Available, honest years grow also star women. Successful shoes waiv                                                                                              | Children                                           | toddlers                                           |            2.34 |            1982.48 |    0.16492618220612817
 AAAAAAAADGLCAAAA | Grey meetings reduce too loosely foreign workshops. General institutions become as generations. Difficult, sacred police say now conservative units. Local, wide careers l                               | Children                                           | toddlers                                           |            2.72 |             320.03 |   0.026623888307285418
 AAAAAAAADHPDAAAA | Early students could not exercise both                                                                                                                                                                   | Children                                           | toddlers                                           |            4.78 |             1383.6 |    0.11510424604555856
 AAAAAAAADLGCAAAA | Functions shall assure just; the                                                                                                                                                                         | Children                                           | toddlers                                           |           44.81 | 2524.7599999999998 |    0.21003945955910985
 AAAAAAAADLIDAAAA | Ready, primary databases like then odd responses. Good recomme                                                                                                                                           | Children                                           | toddlers                                           |            1.19 |            2654.12 |    0.22080115749814822
 AAAAAAAADLLAAAAA | Officers must exclude lesser, fierce strateg                                                                                                                                                             | Children                                           | toddlers                                           |            0.82 |            1089.61 |    0.09064667355717046
 AAAAAAAADPJBAAAA | Old, labour problems should go also; statistically sharp rights speak young, operational minutes. Surprising examples shall continue in the aspects. Whit                                                | Children                                           | toddlers                                           |            2.08 | 14319.730000000001 |     1.1912848548901174
 AAAAAAAAEANDAAAA | Cigarettes go especially political, low premises. Countries like on the things; about ordinary shoulders will knock men. Quickly agricultura                                                             | Children                                           | toddlers                                           |            1.75 |             1599.4 |    0.13305704764763396
 AAAAAAAAEBMAAAAA | Parts shall cast new children. Quite attractive forces can gain elsewhere grand other quantities. Young males could take. Limits prove underway; almost                                                  | Children                                           | toddlers                                           |            2.27 |             763.56 |    0.06352197030250556
 AAAAAAAAECMCAAAA | Social, individual points shall shake more crucial, public charges. Even relevant individuals shall go for a questions. Light, human hundreds might not get almost urban goods. Black, i                 | Children                                           | toddlers                                           |            2.92 |            2895.62 |    0.24089198968953474
 AAAAAAAAEDEDAAAA | Already new ways run that surprised, important others. Formal, united things co                                                                                                                          | Children                                           | toddlers                                           |            2.41 |            7951.11 |     0.6614675641625478
 AAAAAAAAEGKCAAAA | Days face too                                                                                                                                                                                            | Children                                           | toddlers                                           |            2.18 |           15038.69 |     1.2510964686057249
 AAAAAAAAEHIDAAAA | Essentially new pressures stand overall individuals. Movement                                                                                                                                            | Children                                           | toddlers                                           |            2.47 |            7613.16 |     0.6333528778723653
 AAAAAAAAEIGCAAAA | Open large demands shall explode promp                                                                                                                                                                   | Children                                           | toddlers                                           |            1.75 |               5885 |    0.48958404739672745
 AAAAAAAAEILCAAAA | Miserable drinks ought to include quite main races; even white issues would provide thus te                                                                                                              | Children                                           | toddlers                                           |             8.4 |            4255.75 |     0.3540437229751271
 AAAAAAAAEIPCAAAA | Stories pay thence on a items. Suspicious, complex policies shall pursue. Difficult individuals rescue furthermore. Rivers ought to bind places. Years shall not seem of cours                           | Children                                           | toddlers                                           |            8.39 |              56.76 |   0.004721969503863764
 AAAAAAAAEJNDAAAA | European                                                                                                                                                                                                 | Children                                           | toddlers                                           |            0.99 |             128.82 |   0.010716774339107294
 AAAAAAAAELPCAAAA | Usually free children                                                                                                                                                                                    | Children                                           | toddlers                                           |            1.26 | 2329.9700000000003 |    0.19383451876175925
 AAAAAAAAEMCEAAAA | Most main governments shall hide most                                                                                                                                                                    | Children                                           | toddlers                                           |            7.94 |            2259.23 |     0.1879495271707916
 AAAAAAAAEMLCAAAA | Clubs shall give as remaining operations. Others generate sometimes responsible years. Now new sizes express too mild, perfect quantities. Small, other observers might see then then cert               | Children                                           | toddlers                                           |            4.58 |            1359.41 |    0.11309183515235094
 AAAAAAAAENECAAAA | Expensive copies might not list over little charts. Really concerned studies will produce both indians. Companies used to require forwards costly names. Creditors see pink, central                     | Children                                           | toddlers                                           |            3.18 |  7262.090000000001 |     0.6041467144875617
 AAAAAAAAENFEAAAA | Significant conflicts must consider just by a relations; months could find. Still political types may use in a children. Also dead times will begin however                                              | Children                                           | toddlers                                           |            0.71 |             2606.8 |    0.21686451907456064
 AAAAAAAAENIBAAAA | Early clear factors deceive onwards instead select goals                                                                                                                                                 | Children                                           | toddlers                                           |            0.85 |               5.78 |  0.0004808489029656899
 AAAAAAAAEPBDAAAA | There empty horses ought to prevent at a factors; nearly p                                                                                                                                               | Children                                           | toddlers                                           |            5.21 |            4107.52 |    0.34171219479405374
 AAAAAAAAEPFBAAAA | Important walls will make never injuries. Only original clients return once for a rooms; main, beautiful qualities shall not happen ve                                                                   | Children                                           | toddlers                                           |            2.52 |            6345.44 |     0.5278889036046033
 AAAAAAAAEPHCAAAA | Lives will save for a methods. Children could not flower. Basically oral limitations may under                                                                                                           | Children                                           | toddlers                                           |            3.82 |            1562.88 |    0.13001888122266736
 AAAAAAAAFAGCAAAA | Italian trees talk good minutes. White, continuing centuries k                                                                                                                                           | Children                                           | toddlers                                           |            4.21 |            15060.6 |     1.2529192020770015
 AAAAAAAAFCBCAAAA | Individual, true courses want public kinds. Stars could know. Judges happen; necessary columns ought to happen ago                                                                                       | Children                                           | toddlers                                           |            4.01 |           10898.96 |     0.9067046642676359
 AAAAAAAAFDOAAAAA | Members harness at a problems. Lastly residential readers maximize scientists. Previously other manufacturers ought to show less especially good nights. So personal costs may                           | Children                                           | toddlers                                           |            0.95 | 1443.8999999999999 |    0.12012071470452587
 AAAAAAAAFEKDAAAA | Needs or                                                                                                                                                                                                 | Children                                           | toddlers                                           |            9.62 | 3016.3100000000004 |     0.2509324142741246
 AAAAAAAAFGKBAAAA | Relative, good children ought to think rights. Likely, central reports might not dislike still more                                                                                                      | Children                                           | toddlers                                           |            4.45 |            7531.59 |     0.6265669185272249
 AAAAAAAAFMACAAAA | Hard holy courts marry surprisingly at a forms. Elaborate families shall not believe approximately measures. Documents could lodge dull, emotional houses. Results may blame; prices will not know abou  | Children                                           | toddlers                                           |            9.14 |  5160.289999999999 |     0.4292940805337057
 AAAAAAAAFOGAAAAA | Drily tired recommendations receive so in a minds. Ini                                                                                                                                                   | Children                                           | toddlers                                           |            2.93 |  9654.880000000001 |     0.8032073453746332
 AAAAAAAAGBDEAAAA | Public, alone issues can love                                                                                                                                                                            | Children                                           | toddlers                                           |           65.63 |            9876.29 |     0.8216268532648813
 AAAAAAAAGCACAAAA | Blind stars ought to stop young problems. Unable, international seats could not detract now in a conclusions; students should think later blue, willing settlements. Also profita                        | Children                                           | toddlers                                           |            5.31 |             889.76 |    0.07402078199009554
 AAAAAAAAGCADAAAA | Great terms may look new, electric applications. Windows may take traditional, responsible arrangements. Others might not like experiences. Years reach sudden, f                                        | Children                                           | toddlers                                           |            9.34 |               65.7 |   0.005465704658277824
 AAAAAAAAGCFDAAAA | Always annual ideas boost so on a industries. Entries make both by a doctors. Regional refugees shall confer always economic, glorious schemes. Organizations                                            | Children                                           | toddlers                                           |            3.84 |  8348.619999999999 |     0.6945371571414216
 AAAAAAAAGCGDAAAA | Old, british cards may look. Candidates say false, pure enterprise                                                                                                                                       | Children                                           | toddlers                                           |            1.82 |            1278.76 |    0.10638241231079681
 AAAAAAAAGECCAAAA | Magnificent colours go for a purposes; easily public results used to look just. Etc certain hours will not know none the less characters. Units might in                                                 | Children                                           | toddlers                                           |            0.38 | 3610.3399999999997 |     0.3003508699538319
 AAAAAAAAGECEAAAA | Rather sophisticated musicians throw huge students;                                                                                                                                                      | Children                                           | toddlers                                           |            2.18 |             1528.8 |    0.12718370291590772
 AAAAAAAAGEPDAAAA | Alone involved books believe boundaries. Adults would draft related, long women. Soviet hours will refrain attractive sales. Yards will co                                                               | Children                                           | toddlers                                           |               4 |            1898.62 |    0.15794971352053946
 AAAAAAAAGFGCAAAA | British cards can help now reasonably silent shares. Groups might end again to the proposals. O                                                                                                          | Children                                           | toddlers                                           |            9.33 | 1927.4099999999999 |    0.16034480693167824
 AAAAAAAAGGODAAAA | Productive, dome                                                                                                                                                                                         | Children                                           | toddlers                                           |            8.17 |             767.76 |    0.06387137607974706
 AAAAAAAAGHNDAAAA | Likely, independe                                                                                                                                                                                        | Children                                           | toddlers                                           |            4.16 |           10988.72 |     0.9141719648783971
 AAAAAAAAGIEBAAAA | Blind points use both. Strong, possible goods would believe too with a banks. Special, total accidents understand universally apparently visual cases. High, environmental weeks                         | Children                                           | toddlers                                           |             3.3 |            4099.12 |     0.3410133832395707
 AAAAAAAAGIIDAAAA | Decisions distract slowly necessary boys. Considerable, general complaints recall parts.                                                                                                                 | Children                                           | toddlers                                           |            5.37 |             953.03 |    0.07928433044868363
 AAAAAAAAGIJCAAAA | Discussions shall handl                                                                                                                                                                                  | Children                                           | toddlers                                           |            8.91 |            2746.66 |    0.22849973145670271
 AAAAAAAAGJNAAAAA | Then usual comments buy always so ma                                                                                                                                                                     | Children                                           | toddlers                                           |            0.84 |            3638.28 |     0.3026752502910052
 AAAAAAAAGKHAAAAA | Metres ought to act molecular, other operators. Available, sweet arts cannot go primitive oblig                                                                                                          | Children                                           | toddlers                                           |            4.42 |           12873.44 |     1.0709653116599707
 AAAAAAAAGNEDAAAA | Te                                                                                                                                                                                                       | Children                                           | toddlers                                           |            9.49 | 18613.640000000003 |      1.548503178927039
 AAAAAAAAGNHAAAAA | Enough american matters look similarly sophisticated, relative hours. Almost experimental parts drive for a rats. Lives might not build then fundamenta                                                  | Children                                           | toddlers                                           |            5.04 |              726.3 |    0.06042224190726307
 AAAAAAAAGOFDAAAA | Political, careful systems might check                                                                                                                                                                   | Children                                           | toddlers                                           |           67.08 |            3753.12 |     0.3122290025430086
 AAAAAAAAHDNCAAAA | Much new findings allow clearly now important cities. Criteria pay strongly best long discussions. Men get; m                                                                                            | Children                                           | toddlers                                           |            0.46 |           13651.66 |     1.1357068745087524
 AAAAAAAAHEBBAAAA | Clear, electric governors could not confess ahead seats. Local, british comparisons a                                                                                                                    | Children                                           | toddlers                                           |            3.41 | 3137.8599999999997 |     0.2610443838511971
 AAAAAAAAHGPDAAAA | Aware tears should want consider                                                                                                                                                                         | Children                                           | toddlers                                           |            0.71 |            6959.98 |     0.5790136241631734
 AAAAAAAAHHDCAAAA | Foreign, new countries shift complete things. Confidential materials show. Times spend elec                                                                                                              | Children                                           | toddlers                                           |            4.28 |            3169.25 |     0.2636557760768188
 AAAAAAAAHJADAAAA | Cells seem as common proposals. Related dogs ought to find shareholders. Scientific, running looks question over usual others;                                                                           | Children                                           | toddlers                                           |            6.56 |              16.56 |  0.0013776570645522184
 AAAAAAAAHLAEAAAA | Of course appropriate arms sell. Figures decide between a countries; approx new months redress upwards direct conservatives. Huge changes sell assistant, useful cases. Electoral, impor                 | Children                                           | toddlers                                           |            2.58 | 12942.769999999999 |      1.076733002740007
 AAAAAAAAHNCAAAAA | Friendly steps start at least; structures shall come. British personnel see strategically worried places. Grey, local tr                                                                                 | Children                                           | toddlers                                           |            0.95 |            3473.46 |    0.28896356928982786
 AAAAAAAAIAAAAAAA | More working children help also. Unlikely, biological journals owe new words. Complete cats might maintain preparations. Upper letters provide. Great, difficult companies follow t                      | Children                                           | toddlers                                           |             7.1 |            3594.73 |     0.2990522451484177
 AAAAAAAAIBGEAAAA | States shall get efficient words. Still sympathetic fingers walk with a details. Memories serve. American months used to encompass home surely new students. Recent, central notions bl                  | Children                                           | toddlers                                           |           33.17 | 5774.3099999999995 |     0.4803755413293793
 AAAAAAAAIEABAAAA | Examples wait both jobs. Detailed dates fall sometimes for a arts. Millions                                                                                                                              | Children                                           | toddlers                                           |            2.39 |            8568.84 |      0.712857666728118
 AAAAAAAAIELCAAAA | Still real answers mu                                                                                                                                                                                    | Children                                           | toddlers                                           |             3.8 | 10713.019999999999 |     0.8912359713580439
 AAAAAAAAIIBDAAAA | Pink rights will not want                                                                                                                                                                                | Children                                           | toddlers                                           |            4.18 |            1096.24 |    0.09119823553410171
 AAAAAAAAIKACAAAA | Great, base markets should help over the soldiers; controversial regions change actually so small others. Fat, good members w                                                                            | Children                                           | toddlers                                           |            3.44 |             532.68 |   0.044314635576429694
 AAAAAAAAIKIAAAAA | Living, existing papers will communicate independently able, nuclear functions; claims ought to go more with a shoulders. Constant signs see however open years. Already dirty                           | Children                                           | toddlers                                           |           28.89 |            2876.94 |     0.2393379658993273
 AAAAAAAAIKLDAAAA | Following buses may not get overall papers. Outside results relax today. Mo                                                                                                                              | Children                                           | toddlers                                           |            6.36 |  4292.400000000001 |     0.3570927043408179
 AAAAAAAAILFCAAAA | Other, subjective members return also clear figures. Present spirits shall see often into a arguments; likely, happy roles pass unique, average hundreds. British, strong students send soon comm        | Children                                           | toddlers                                           |            1.45 |           15715.52 |     1.3074032096081936
 AAAAAAAAILMBAAAA | Strong allies might wear here delightful children. Prime, scientific requirements can like. Deep, s                                                                                                      | Children                                           | toddlers                                           |            0.47 |            18954.6 |     1.5768682726909107
 AAAAAAAAIMBCAAAA | Northern, modern things must attend underground high scenes. Urban, direct mountains see briefly light, skilled agreements. Whole, fortunate levels fish back, damp em                                   | Children                                           | toddlers                                           |           84.65 |            8097.12 |     0.6736144064327936
 AAAAAAAAIMBEAAAA | Scottish consequences run always overseas, head arms. Final, political parts shall touch bands. Influences put. Fully alternative difficulties might c                                                   | Children                                           | toddlers                                           |            3.13 |            6302.94 |     0.5243532499063261
 AAAAAAAAIMDDAAAA | Substantial officials shall not come as records. Other, confident answers come places. Detailed writings might offer significan                                                                          | Children                                           | toddlers                                           |             3.1 |            4915.02 |    0.40888961506131927
 AAAAAAAAIMIDAAAA | Head, literary teachers take too tonight effective cases. Feet should give best. Childre                                                                                                                 | Children                                           | toddlers                                           |            6.17 |            3331.77 |     0.2771761158190305
 AAAAAAAAINHBAAAA | Large, final rates shield also direct clients. Prime degrees reclaim furthermore lesser books. Fingers see correctly cameras;                                                                            | Children                                           | toddlers                                           |            8.54 |            4814.07 |    0.40049139762976443
 AAAAAAAAINKAAAAA | Bombs used to win generally in a governments; however foreign streets cover. Explicit reasons give from a scientists. Confidently pale sentences happen however. New                                     | Children                                           | toddlers                                           |           21.31 |             8483.4 |      0.705749754916805
 AAAAAAAAINKBAAAA | Heavily other incidents confirm processe                                                                                                                                                                 | Children                                           | toddlers                                           |            2.19 |  7093.200000000001 |      0.590096442649867
 AAAAAAAAIOGBAAAA | Well-known months would provide. No longer warm areas would not assess local pairs. High delightful visitors choose then asian types. Vehicles develop f                                                 | Children                                           | toddlers                                           |           93.63 |            8203.89 |      0.682496800441383
 AAAAAAAAIOHCAAAA | Simply electric officials can provide. Only natural                                                                                                                                                      | Children                                           | toddlers                                           |            7.42 |            8454.21 |     0.7033213847649765
 AAAAAAAAIOKCAAAA | Long, possible costs escape typically t                                                                                                                                                                  | Children                                           | toddlers                                           |             0.5 |             669.76 |    0.05571857461077862
 AAAAAAAAIONDAAAA | Clearly national stages make strong, fun improvements; classes exist main, physical events. Only round parents tra                                                                                       | Children                                           | toddlers                                           |            3.46 | 11324.649999999998 |     0.9421186036280966
 AAAAAAAAJCEEAAAA | Progressive, different nations might not get however difficult combinations.                                                                                                                             | Children                                           | toddlers                                           |            2.83 |            7559.52 |     0.6288904669458809
 AAAAAAAAJDCCAAAA | Significantly wild cells stop; presumably correct architects attract indeed short trees. Only funds control. More new papers continue apart traders. Twice possible questions coul                       | Children                                           | toddlers                                           |            3.74 | 11878.130000000001 |     0.9881636297203892
 AAAAAAAAJDDBAAAA | Total, married others fit as curren                                                                                                                                                                      | Children                                           | toddlers                                           |             9.3 |  6466.530000000001 |     0.5379626049298829
 AAAAAAAAJEFBAAAA | Researchers advance years. Active rights come then on the males; cars constitute as given moments. Willing prices                                                                                        | Children                                           | toddlers                                           |            2.46 |           10043.23 |     0.8355149009917138
 AAAAAAAAJEHCAAAA | Accurate parts stand to a countries. Safe, following routes can give. International degr                                                                                                                 | Children                                           | toddlers                                           |            3.15 |           10740.24 |     0.8935004535619759
 AAAAAAAAJEIBAAAA | Other, environmental problems maintain small, firm things; too ce                                                                                                                                        | Children                                           | toddlers                                           |            7.91 | 3393.8900000000003 |     0.2823439936481359
 AAAAAAAAJHECAAAA | Old developments contribute especially there open novels. Close, old connections used to achieve speci                                                                                                   | Children                                           | toddlers                                           |            5.03 |            7363.92 |     0.6126181407486337
 AAAAAAAAJLBBAAAA | Industries shall need other, black eyes. Losses know due, good days. Animals could be                                                                                                                    | Children                                           | toddlers                                           |            3.99 |            1126.25 |    0.09369482300434398
 AAAAAAAAJLPCAAAA | Implications will not help able, english properties. Extra territories ma                                                                                                                                | Children                                           | toddlers                                           |            4.66 | 11824.159999999998 |     0.9836737654828357
 AAAAAAAAJMHDAAAA | There precious eyes could not tell now attacks; explicit members call new, other contents; then british women take very national activities. Costs make.                                                 | Children                                           | toddlers                                           |           11.48 |            5197.46 |     0.4323863216622931
 AAAAAAAAJOEBAAAA | Very, different assets could not influence. Contemporary contracts get like the c                                                                                                                        | Children                                           | toddlers                                           |            9.43 |           12029.98 |     1.0007963124047041
 AAAAAAAAKCEEAAAA | Only rational problems ought to str                                                                                                                                                                      | Children                                           | toddlers                                           |            0.88 |  6928.969999999999 |     0.5764338448412069
 AAAAAAAAKEIBAAAA | Here above chairs think chiefly local facilities; at all expensive ages know. Important, legal bodies may reproduce also painful demonstrations. Elements contrast far sexual states. Weak purposes hol  | Children                                           | toddlers                                           |            4.02 |  9952.570000000002 |     0.8279727277144008
 AAAAAAAAKHDCAAAA | Years shall not prefer deaths. High, bare farmers might not examine once. About main paintings come both hours. Political, dear institutions should not care therefore reac                              | Children                                           | toddlers                                           |            0.81 |            4078.55 |    0.33930212684960454
 AAAAAAAAKHFDAAAA | Civil, mature pounds used to mean moreover                                                                                                                                                               | Children                                           | toddlers                                           |            3.29 |             1022.7 |     0.0850803067583064
 AAAAAAAAKHHCAAAA | Silent, long ideas must ask largely. Social stores prevent white women. Regular yards put easy practices. Still total readers might attempt representatives. Skills can affect however; wings mi         | Children                                           | toddlers                                           |            2.19 |              945.6 |    0.07866621499037306
 AAAAAAAAKIBAAAAA | C                                                                                                                                                                                                        | Children                                           | toddlers                                           |            4.21 |            7063.35 |     0.5876131658759006
 AAAAAAAAKJAAAAAA | Local, likely scientists give just light flowers. Soviet, satisfactory generations stay. Already small roles will keep about a sales; direct computers modify alternatively comprehensive children       | Children                                           | toddlers                                           |            8.13 | 26538.079999999998 |     2.2077520164041027
 AAAAAAAAKJFCAAAA | Black words look as substantial police. Twice urban conditions use into a ca                                                                                                                             | Children                                           | toddlers                                           |             4.2 |            3640.12 |    0.30282832329817766
 AAAAAAAAKJGDAAAA | Sensible, long attacks shall not answer books. More british arguments improve thick irish managers. Genera                                                                                               | Children                                           | toddlers                                           |            8.55 |             250.64 |   0.020851205716145415
 AAAAAAAAKKHBAAAA | Likely, main statements enter about. Able, high shares depend central, useful babies. Bills grow benefits. Professional shares might hold similar, important deaths. Sexual, out                         | Children                                           | toddlers                                           |            3.71 |            3000.75 |    0.24963794906129652
 AAAAAAAAKKIDAAAA | Grimly acceptable sources may lack international periods. Never extra parts ought to finance finall                                                                                                      | Children                                           | toddlers                                           |            4.07 |            4644.02 |    0.38634462324406976
 AAAAAAAAKLFDAAAA | Intens                                                                                                                                                                                                   | Children                                           | toddlers                                           |             0.9 |            20083.1 |      1.670750277361634
 AAAAAAAAKLICAAAA | Factors might not learn here.                                                                                                                                                                            | Children                                           | toddlers                                           |            2.22 |            6645.37 |      0.552840635692233
 AAAAAAAAKLOCAAAA | Managers cou                                                                                                                                                                                             | Children                                           | toddlers                                           |            3.96 |             2306.4 |     0.1918736868166206
 AAAAAAAAKNKCAAAA | Full grounds illuminate also relations. D                                                                                                                                                                | Children                                           | toddlers                                           |             1.4 |            1008.05 |    0.08386154613054735
 AAAAAAAAKNLAAAAA | Sorry teachers hear out of a months; even so small investigations ought to                                                                                                                               | Children                                           | toddlers                                           |            4.84 |              760.5 |     0.0632674032362296
 AAAAAAAAKNPCAAAA | Political, english projects shall produce ago. Matters make just                                                                                                                                         | Children                                           | toddlers                                           |            1.03 |            5366.12 |     0.4464174593740913
 AAAAAAAAKOEBAAAA | Social, other duties would not come other bodies. Teachers shall clo                                                                                                                                     | Children                                           | toddlers                                           |            3.96 | 2705.6099999999997 |    0.22508470594342558
 AAAAAAAAKPCCAAAA | Eastern, grey addresses should convert offers; cognitive changes establish simply firm, distinctive improvements. Police would carry; poor, atomic papers give e                                         | Children                                           | toddlers                                           |            5.36 | 11073.130000000001 |     0.9211941890824341
 AAAAAAAALBCCAAAA | Principles may ensure tools. Over com                                                                                                                                                                    | Children                                           | toddlers                                           |            8.34 |            2734.68 |     0.2275030930730472
 AAAAAAAALBPBAAAA | Also dangerous bacteria enable united, political issues. Large stories may depend therefore virtually strategic policies. Very, special schools may dec                                                  | Children                                           | toddlers                                           |            3.85 | 1373.1200000000001 |    0.11423239543948928
 AAAAAAAALFGDAAAA | Imperial, wild questions must shoot in order military personnel; for                                                                                                                                     | Children                                           | toddlers                                           |            4.37 |            7702.31 |     0.6407694314535748
 AAAAAAAALFKCAAAA | Unfortunately private records cannot catch again able indi                                                                                                                                               | Children                                           | toddlers                                           |            4.26 |            9041.05 |     0.7521416910307871
 AAAAAAAALIJAAAAA | Never generous conditions might not keep far patterns; women guide only criteria. As northern courts shall enable. Arts used to attend normally never identical numbers. Tomorrow                        | Children                                           | toddlers                                           |            1.38 |             985.43 |    0.08197974644454667
 AAAAAAAALJHBAAAA | Closer exc                                                                                                                                                                                               | Children                                           | toddlers                                           |            4.94 |           14608.13 |     1.2152773849273673
 AAAAAAAALJLDAAAA | Happy women use now arts. Levels must force more important, efficient words. Industrial respects might attempt gradually so other chains. Ju                                                             | Children                                           | toddlers                                           |           44.42 |            4453.94 |    0.37053151606833984
 AAAAAAAALKICAAAA | Constant rights used to tell here. Years could go good skills. Able, exciting contributions begin in the faces. Different, different studies get ever advan                                              | Children                                           | toddlers                                           |            2.02 | 11877.119999999999 |     0.9880796059501478
 AAAAAAAALNNAAAAA | Individual terms used to move chief principles; doors use                                                                                                                                                | Children                                           | toddlers                                           |            5.66 | 4895.0599999999995 |    0.40722910570090476
 AAAAAAAALPIAAAAA | Open, free visits achieve together at the benefits. Exciting, important parents work virtually strategies. Lips would live here. Available, immense questions will exchange details. Black, natio        | Children                                           | toddlers                                           |            1.51 |           12562.97 |     1.0451367374551683
 AAAAAAAAMABEAAAA | Implications should not attempt certainly to the workers                                                                                                                                                 | Children                                           | toddlers                                           |            5.32 |            2685.83 |    0.22343917111632158
 AAAAAAAAMBFCAAAA | Large, minor s                                                                                                                                                                                           | Children                                           | toddlers                                           |           72.49 |           12458.02 |      1.036405752616717
 AAAAAAAAMBNDAAAA | Possible, necessary sorts used to get forwards traditional periods; american taxes might not let even women. Difficult pounds must not cope still wide, influ                                            | Children                                           | toddlers                                           |            9.01 |            4220.99 |    0.35115197420919503
 AAAAAAAAMDEDAAAA | New pensions cannot mean significant, close contributions                                                                                                                                                | Children                                           | toddlers                                           |            1.63 |            9649.93 |     0.8027955457085986
 AAAAAAAAMFADAAAA | There direct leaders pray including the cities. Perfect words used to return sooner high attitudes. Actions settle for a sites. Populations used t                                                       | Children                                           | toddlers                                           |            7.12 |             187.98 |    0.01563840428710906
 AAAAAAAAMFECAAAA | Worlds                                                                                                                                                                                                   | Children                                           | toddlers                                           |            9.74 |            8631.39 |     0.7180613170534647
 AAAAAAAAMFFEAAAA | Most academic periods go due to a conditions. Always deep u                                                                                                                                              | Children                                           | toddlers                                           |            9.77 |            3990.77 |     0.3319995461052571
 AAAAAAAAMGIAAAAA | Profitable, good dishes could n                                                                                                                                                                          | Children                                           | toddlers                                           |            6.83 |           17695.46 |     1.4721180845109423
 AAAAAAAAMHECAAAA | Sure, key opinions will match barely so communist children. Soviet, public years see national, vulnerable statements. True bits shall make only feet; specific, difficult pp. knock key, social policie  | Children                                           | toddlers                                           |            0.36 |            6051.72 |     0.5034537929161808
 AAAAAAAAMHOBAAAA | Customers might correlate however expensive materials. Mainly broad participants steal. Main traditions return best more clear views. Towns will not remain                                              | Children                                           | toddlers                                           |            0.64 |            4382.07 |    0.36455251768492397
 AAAAAAAAMHOCAAAA | Streets might supply with a feet. Teachers identify seriously; clear reasons could illustrate blindly in the parts. Momentarily valuable mistakes say to a hills; incr                                   | Children                                           | toddlers                                           |            2.84 |  9078.650000000001 |      0.755269704655616
 AAAAAAAAMJHDAAAA | Regular, regional advantages shall clarify. Obvious drugs bring most most unacceptable sugge                                                                                                             | Children                                           | toddlers                                           |            2.54 |           15760.56 |       1.31115017060985
 AAAAAAAAMJNAAAAA | Approximately new parts make maybe nam                                                                                                                                                                   | Children                                           | toddlers                                           |            7.29 |            9940.69 |     0.8269844085159176
 AAAAAAAAMLADAAAA | Experiences could help nowadays just specific groups. Similar, inevitable committees should form other factors. Economic arguments might help too different, ideological provisions. Now                 | Children                                           | toddlers                                           |            7.63 |             985.23 |    0.08196310807420183
 AAAAAAAAMMEEAAAA | Short, high eyes recover literally suddenly sheer sentences. Virtually public candidates should build extra, political aspects. Councils used to work abroad. Clear, local                               | Children                                           | toddlers                                           |             0.3 |            3509.96 |       0.29200007187776
 AAAAAAAAMMKDAAAA | Soviet, new weeks know absolutely in a areas; empty, short eyes bring short areas; decisions will see characteristics. Unable animals mean more successive pages. Good, pre                              | Children                                           | toddlers                                           |             8.8 |            1218.38 |    0.10135928830369156
 AAAAAAAAMMLCAAAA | So front comments decide difficult advantages. A                                                                                                                                                         | Children                                           | toddlers                                           |            4.91 |            2096.32 |    0.17439674260640745
 AAAAAAAAMNAAAAAA | Young, regional youngsters may become even. Stars must grow just up to old poi                                                                                                                           | Children                                           | toddlers                                           |            6.32 | 12827.189999999999 |     1.0671176885177276
 AAAAAAAAMNFCAAAA | Clever, german democrats remember also outstanding officers. Areas could share hence now past workers. Other, concerned voters could not remember there noble ideas; h                                   | Children                                           | toddlers                                           |             4.5 |  582.4499999999999 |   0.048455094036741524
 AAAAAAAAMPAEAAAA | Above good occasions must not try home national volumes. Modern, toxic consequences run long as an ports                                                                                                 | Children                                           | toddlers                                           |            1.21 |             2466.9 |    0.20522597901834952
 AAAAAAAANCMBAAAA | Essential, future women would carry by a shops. Rules cannot drop primarily main women. Once broa                                                                                                        | Children                                           | toddlers                                           |            0.52 |           15019.64 |     1.2495116638303796
 AAAAAAAANEPCAAAA | Capitalist children overcome prime figures. British, professional letters learn still still representative years; highly particular years alter                                                          | Children                                           | toddlers                                           |            1.16 |  6778.429999999999 |     0.5639101434826506
 AAAAAAAANFEAAAAA | For long british cases let                                                                                                                                                                               | Children                                           | toddlers                                           |           27.29 |            2673.68 |    0.22242839011787294
 AAAAAAAANFJBAAAA | Largely following teachers produce poten                                                                                                                                                                 | Children                                           | toddlers                                           |            3.93 |             519.36 |    0.04320652011146379
 AAAAAAAANJAAAAAA | Measurements know on the sides. Tough, whole acts used to catch ap                                                                                                                                       | Children                                           | toddlers                                           |            0.24 |           10348.09 |     0.8608767689083435
 AAAAAAAANLKDAAAA | Reserves can coincide deaf, concerned mice. Also single talks finish p                                                                                                                                   | Children                                           | toddlers                                           |            7.15 |            8703.72 |     0.7240785836886736
 AAAAAAAANNFDAAAA | Affairs support; servi                                                                                                                                                                                   | Children                                           | toddlers                                           |            7.11 |            2761.52 |    0.22973596237332386
 AAAAAAAANNJCAAAA | Existing dea                                                                                                                                                                                             | Children                                           | toddlers                                           |            4.74 |            7965.87 |     0.6626954758939965
 AAAAAAAANPLBAAAA | Personal,                                                                                                                                                                                                | Children                                           | toddlers                                           |            1.53 |            2617.27 |    0.21773553776211263
 AAAAAAAAOBABAAAA | English, intermediate years ought to reflect families. Personnel could not sit sometimes lega                                                                                                            | Children                                           | toddlers                                           |            9.09 |            3220.76 |    0.26794098835913066
 AAAAAAAAODPDAAAA | Central, special lines benefit p                                                                                                                                                                         | Children                                           | toddlers                                           |            8.71 |              676.8 |    0.05630424524691676
 AAAAAAAAOEDBAAAA | Active references watch given eyes. Old, oral studies would not purchase also. Tight, colourful customers must take by now conditions; neat lives might move quite as typical ways. Future, beautifu     | Children                                           | toddlers                                           |            6.37 |             730.34 |    0.06075833698822871
 AAAAAAAAOELCAAAA | However sound columns used to try so-called, inevitable cells; also unknown trees                                                                                                                        | Children                                           | toddlers                                           |            1.05 |            6157.61 |     0.5122629780952529
 AAAAAAAAOFBDAAAA | Social duties insist only strange, specified farmers. Good members secure with a liv                                                                                                                     | Children                                           | toddlers                                           |           64.52 |             4813.3 |    0.40042733990393686
 AAAAAAAAOGFDAAAA | Al                                                                                                                                                                                                       | Children                                           | toddlers                                           |            6.73 |                    |                       
 AAAAAAAAOGOAAAAA | Fields sell soon. Indeed deep cells can bring vegetables. Later new troops ought to reduce                                                                                                               | Children                                           | toddlers                                           |            2.93 |            1021.48 |    0.08497881269920292
 AAAAAAAAOHFCAAAA | Then correct trusts might take probably years. Existing, cold designs know whole, cold vehicles. Interesting surfaces must see here initially black ti                                                   | Children                                           | toddlers                                           |            0.74 | 3304.7400000000002 |    0.27492744006692627
 AAAAAAAAOHHBAAAA | Electronic, alone areas hope progressively. Small theories alter national spirits; years negotiate friends. Much complete strings would not go for a texts. Huge, big tools ought to see no longer       | Children                                           | toddlers                                           |            0.15 | 3674.8299999999995 |    0.30571591247152347
 AAAAAAAAOIMDAAAA | More permanent championships would work in the parents. Scientific servants break certainly full, different travellers. Then amazing lines take facilities. Players register v                           | Children                                           | toddlers                                           |            8.33 |           11475.83 |     0.9546955477717565
 AAAAAAAAOKLAAAAA | Golden flowers shall claim most girls. New clouds could put teeth. Happy sanctions make practi                                                                                                           | Children                                           | toddlers                                           |            8.06 |            8937.08 |     0.7434922342070255
 AAAAAAAAOMBCAAAA | Hands might try easy capitalist costs. British,                                                                                                                                                          | Children                                           | toddlers                                           |            0.26 |            4027.72 |     0.3350734850264651
 AAAAAAAAOMCBAAAA | Most personal masses cannot complete. Male, military years take indeed long main cats. Previous, terrible award                                                                                          | Children                                           | toddlers                                           |            68.3 |            6422.35 |      0.534287188920709
 AAAAAAAAOMFBAAAA | True, inherent mark                                                                                                                                                                                      | Children                                           | toddlers                                           |            8.83 |             894.94 |    0.07445171578202672
 AAAAAAAAONKBAAAA | Arms give that is much complex secon                                                                                                                                                                     | Children                                           | toddlers                                           |            9.11 |            4346.43 |     0.3615875600894746
 AAAAAAAAOODDAAAA | Particular, linear forms ought to ask examples. Videos will buy necessary teachers. Authors used to buy very main, cultural controls. Howe                                                               | Children                                           | toddlers                                           |             0.9 |            7745.16 |     0.6443342022999554
 AAAAAAAAOOEAAAAA | Eventually open concepts vary wi                                                                                                                                                                         | Children                                           | toddlers                                           |            7.91 |            9882.82 |     0.8221700960566399
 AAAAAAAAPABAAAAA | Full events shall use later in the women. Sports can think christi                                                                                                                                       | Children                                           | toddlers                                           |            1.15 |  615.0799999999999 |    0.05116964415850112
 AAAAAAAAPDCCAAAA | Old, separate participants cannot dig just. Scientific facts would question just in a problems. Calculations                                                                                             | Children                                           | toddlers                                           |             0.3 |            4168.24 |     0.3467636040307452
 AAAAAAAAPGBDAAAA | Also gradual details contribute then nuclear, detailed developments. Certainly successful functions proceed here within a                                                                                | Children                                           | toddlers                                           |            9.05 |            1466.19 |    0.12197506107945758
 AAAAAAAAPKOBAAAA | Official, given kinds adjust british marks. Goods should talk very. Accordingly different materials ca                                                                                                   | Children                                           | toddlers                                           |            8.54 |            1350.36 |    0.11233894889424723
 AAAAAAAAPNADAAAA | Able, desperate games display on a employees; trials know similar,                                                                                                                                       | Children                                           | toddlers                                           |            3.78 |            2652.29 |      0.220648916409493
 AAAAAAAAPOMCAAAA | Skills should appear thus difficult studies. General offices must serve by a areas. Twins obtain in order later easy dogs. Far similar children might reach families. Over left horses used to help cer  | Children                                           | toddlers                                           |            4.13 |            6673.72 |     0.5551991246886131
 AAAAAAAAABDBAAAA | Foreigners could not take ever average answers; please big police think casually ap                                                                                                                      | Men                                                | accessories                                        |           26.79 |            1800.82 |     0.1304194319261183
 AAAAAAAAACAAAAAA | Terrible, human seconds might drive poorly stairs. Unreasonably environmental visitors take. Other, good requirements ought to show well so different communiti                                          | Men                                                | accessories                                        |            4.42 |             167.53 |   0.012132899140715117
 AAAAAAAAACHBAAAA | Enough other gardens provide. Probably high events claim in a policies;                                                                                                                                  | Men                                                | accessories                                        |            3.01 |            8785.48 |     0.6362642078599048
 AAAAAAAAACIAAAAA | Possible institutions can expect groups. Actively long-term schemes must not win primary problems. Dead areas would not thank c                                                                          | Men                                                | accessories                                        |            7.63 |           10278.24 |     0.7443732421898391
 AAAAAAAAACLDAAAA | Proud, japanese weapons bring tragic, important conditions. Vulnerable books can know once                                                                                                               | Men                                                | accessories                                        |            8.92 |             421.98 |     0.0305607400429712
 AAAAAAAAADIDAAAA | Similar, gene                                                                                                                                                                                            | Men                                                | accessories                                        |            0.76 |            9139.26 |     0.6618857506164391
 AAAAAAAAAGDEAAAA | Marks would know. Economic, clear shares must not talk hands. Countries shall complete perfectly before a elements. Now po                                                                               | Men                                                | accessories                                        |            4.29 |            8239.35 |     0.5967122457771807
 AAAAAAAAAHLCAAAA | Proposals could work i                                                                                                                                                                                   | Men                                                | accessories                                        |            9.11 |           12838.04 |     0.9297597116007061
 AAAAAAAAAJDCAAAA | Direct differences cut in the police. Too negative names should find with a candidates. Eyebrows behave even large men. Women                                                                            | Men                                                | accessories                                        |            6.91 |            8829.25 |     0.6394341296374317
 AAAAAAAAAJJCAAAA | Still distinguished times lay with a authorities. Secondary, right tools generate entirely authorities. Surprising critics would know into a newspapers. Others assist in                                | Men                                                | accessories                                        |           50.23 | 1366.9699999999998 |    0.09899903980411473
 AAAAAAAAALIAAAAA | Other, annual events pay a bit. Mechanisms mean actually incentives. Possible values cannot make already new talks. Specific years become rather; conservative, other products head strange              | Men                                                | accessories                                        |            0.99 |            4824.17 |     0.3493772342127598
 AAAAAAAAANDDAAAA | Crucial, conscious things iron there key cells. Cells apprec                                                                                                                                             | Men                                                | accessories                                        |            7.01 |  604.0799999999999 |    0.04374883133124328
 AAAAAAAAAPFAAAAA | Wrong countries gain modern, outer needs. Costs shall follow. Senior bands think at the eyes; military, close days would play also. Conditions sleep in full old courts                                  | Men                                                | accessories                                        |           65.84 |  5175.079999999999 |    0.37479092511867707
 AAAAAAAAAPLCAAAA | Strange ac                                                                                                                                                                                               | Men                                                | accessories                                        |            1.58 |                344 |   0.024913253174989554
 AAAAAAAAAPMCAAAA | Female, broad rights offer false ends; main, wonderful years will not convince ever clear rivals. In general urban parents join under in a servants; here solar views die more than attractive           | Men                                                | accessories                                        |            4.56 |            6384.07 |     0.4623486982466732
 AAAAAAAAAPNDAAAA | Police say about a folk. Unemployed vehicles shall enable; both flat machines might adjust even. Various collections should give only satisfactory, armed jobs. Actually spanish conditions explain      | Men                                                | accessories                                        |            7.14 |             270.64 |    0.01960035709092783
 AAAAAAAABAADAAAA | Inc, possible companies cannot know. Virtually good players must help women. New men may not satisfy daughters. Northern, great others confirm just in a methods. Complicat                              | Men                                                | accessories                                        |            0.98 |           11411.22 |     0.8264262002776288
 AAAAAAAABBKBAAAA | Available, traditional bottles cannot pick more various kings. Recently impossible decisions used to use fully full red arms; fit, modern shops possess inter                                            | Men                                                | accessories                                        |            3.73 |            6639.74 |     0.4808648942910033
 AAAAAAAABBLDAAAA | Expected, southern institutions ensure also able points. Years foll                                                                                                                                      | Men                                                | accessories                                        |            3.06 |           20149.82 |     1.4592952531699652
 AAAAAAAABFABAAAA | Dear specimens live now clear, ill societies. Negative, old developments can meet at the words. Even waiting questions may matter ultimately various available constraints. Loose similar demands wil    | Men                                                | accessories                                        |           86.05 |            3654.04 |    0.26463378962656636
 AAAAAAAABHPCAAAA | Uncomfortable spirits can see private, southern contents. Dark men can fill easily others. Deals might go; days would not check slowly crucial researchers                                               | Men                                                | accessories                                        |            0.96 |            9116.33 |     0.6602251084789318
 AAAAAAAABJGDAAAA | Outside international aims promise less young examples. Likely organs must bring slightly northern, national foods. Head students dismiss more. Royal centres                                            | Men                                                | accessories                                        |            4.26 |  7541.210000000001 |     0.5461513778365203
 AAAAAAAABKLAAAAA | Given books will list more by a changes. Far green shoes can see etc old electric acts. Public variables would not hear so implicit hands. Right patients destroy by the homes. As coloured beings       | Men                                                | accessories                                        |            8.36 |           13637.92 |     0.9876888190123649
 AAAAAAAABPGAAAAA | Cold problems must not interpret always alone years. Best american suc                                                                                                                                   | Men                                                | accessories                                        |            8.31 |           12663.11 |     0.9170908878277383
 AAAAAAAACBKDAAAA | Tired variables shall read secondly possibilities. Programmes forget clearly flexible ministers. Beliefs know; small pages used to change again just                                                     | Men                                                | accessories                                        |            1.92 | 1508.7399999999998 |    0.10926634184660969
 AAAAAAAACBNBAAAA | More legal studies waste with a benefits. Even slow girls                                                                                                                                                | Men                                                | accessories                                        |            4.76 |            9759.57 |     0.7068099950262582
 AAAAAAAACCGAAAAA | Active, certain places must find possibly regional, normal improvements; groups would believe. Alone large events could enjoy. Clear, limited persons wou                                                | Men                                                | accessories                                        |            5.81 |            1553.37 |     0.1124985467570742
 AAAAAAAACCGDAAAA | Ideas used to know interesting photographs. Almost only qualities threaten stones; thankfully true rules talk enough clear executives. Measures might not imply more                                     | Men                                                | accessories                                        |            6.54 |  6835.740000000001 |    0.49505965482093933
 AAAAAAAACCJAAAAA | Internal events might keep for example. Upper, private assets save. Complex officers used to walk most young clothes; immediately cultural birds generate                                                | Men                                                | accessories                                        |            8.22 |             1377.1 |    0.09973267717232011
 AAAAAAAACDDDAAAA | Political, fair areas                                                                                                                                                                                    | Men                                                | accessories                                        |            3.82 |             4307.6 |     0.3119660737691425
 AAAAAAAACDEEAAAA | Flexible, bad cars might advise suddenly on a rat                                                                                                                                                        | Men                                                | accessories                                        |            2.63 |            3607.14 |      0.261237186214046
 AAAAAAAACDOBAAAA | Careful, great manufacturers go comfortably until a days. Regular, external arms talk. Legs impose professional, normal colleges. Always possible others may deploy indeed by a                          | Men                                                | accessories                                        |            1.67 |            2993.01 |     0.2167605112944055
 AAAAAAAACGKCAAAA | Initial assets should like. Eyes could                                                                                                                                                                   | Men                                                | accessories                                        |            5.01 |           18497.43 |     1.3396254554553693
 AAAAAAAACHHDAAAA | Services used to relax sincerely happy moments. White,                                                                                                                                                   | Men                                                | accessories                                        |           33.22 |            1249.06 |    0.09045973258939667
 AAAAAAAACHLAAAAA | P                                                                                                                                                                                                        | Men                                                | accessories                                        |            0.39 | 4087.1499999999996 |     0.2960005892853446
 AAAAAAAACIDBAAAA | Then planned movements used to maintain able countries. Republics can turn almost great aspects; possible, initial sites would search gl                                                                 | Men                                                | accessories                                        |            8.94 |             339.72 |    0.02460328595525422
 AAAAAAAACJGDAAAA | Informal hills look too by means of a activities; exceptional, pink resources could show now. New, unhappy employers used to destroy so elderly, arab o                                                  | Men                                                | accessories                                        |            4.62 | 4005.1400000000003 |    0.29006124075952816
 AAAAAAAACKBAAAAA | Also monetary rules go nea                                                                                                                                                                               | Men                                                | accessories                                        |            9.95 |  7860.109999999999 |     0.5692468325967067
 AAAAAAAACLPDAAAA | No longer local workshops may not store both homes; much different countries cou                                                                                                                         | Men                                                | accessories                                        |            7.78 |           15146.09 |     1.0969138801778417
 AAAAAAAACMAAAAAA | Total honour                                                                                                                                                                                             | Men                                                | accessories                                        |            0.45 | 15040.439999999999 |     1.0892624697187205
 AAAAAAAACNAEAAAA | Poor, urban terms would help extremely even assistant elements. Clothes cannot decide both in an results. Possible, wide versions admi                                                                   | Men                                                | accessories                                        |           78.97 |            5509.15 |     0.3989850253749817
 AAAAAAAACNNBAAAA | Problems would not rehearse namely international rates; cells might avoid elsewhere animals. Others cannot end further well certain sha                                                                  | Men                                                | accessories                                        |            8.56 |            3736.79 |     0.2706267306156082
 AAAAAAAACOBAAAAA | Systems opt                                                                                                                                                                                              | Men                                                | accessories                                        |            6.65 |  8480.929999999998 |     0.6142080123528028
 AAAAAAAACOHDAAAA | Members could make there use                                                                                                                                                                             | Men                                                | accessories                                        |           60.66 | 17430.629999999997 |     1.2623654017138608
 AAAAAAAADEPDAAAA | Specific, short boards r                                                                                                                                                                                 | Men                                                | accessories                                        |            4.48 |            1144.44 |    0.08288291704530537
 AAAAAAAADLHBAAAA | Changes cannot appeal now. Beautiful, good days can know currently paymen                                                                                                                                | Men                                                | accessories                                        |            3.16 |            7041.29 |     0.5099460478154715
 AAAAAAAADNMDAAAA | Similar, strategic fields may encourage. Then long changes must not see th                                                                                                                               | Men                                                | accessories                                        |            4.51 |            7196.06 |     0.5211548390767887
 AAAAAAAAEAADAAAA | Different lessons justify only effects. Houses try per a women. Fully growing fragments think; realistic, ready countries will allow tonnes. Scientific, good wi                                         | Men                                                | accessories                                        |            8.11 |            5156.74 |     0.3734627010976617
 AAAAAAAAEAOBAAAA | Weeks might go cold things. Wonderful, possible reservations ought to become interested places. Yellow advances go. Structures might improve. Thus gentle computers shall seem so                        | Men                                                | accessories                                        |           35.33 |            4211.05 |      0.304973705763197
 AAAAAAAAEBCDAAAA | Experiences find as eventually surprising jews. New hours step. Old, financial hours can judge only cars. Kinds may take almost on the stars. Members could not contro                                   | Men                                                | accessories                                        |            3.58 |  8854.939999999999 |     0.6412946571783197
 AAAAAAAAECGCAAAA | Main needs look usually against a plans. As white risks give local, broad paymen                                                                                                                         | Men                                                | accessories                                        |            8.67 |            1379.21 |    0.09988548811475972
 AAAAAAAAECKAAAAA | Changes raise only centres; effects mind really police. Horizontal, significant profits lie so fields; different years might not abandon then l                                                          | Men                                                | accessories                                        |            5.71 |  6440.379999999999 |     0.4664267950091256
 AAAAAAAAECKBAAAA | Waves would not stay from a awards. Modest, acceptable years see certain, left girls. Years display then sciences. Then cultural customers afford perhaps                                                | Men                                                | accessories                                        |           18.56 |            11295.2 |      0.818023771110878
 AAAAAAAAEDLBAAAA | Unlikely, good police should write always in a                                                                                                                                                           | Men                                                | accessories                                        |            2.82 |           10198.11 |     0.7385700474895137
 AAAAAAAAEDMBAAAA | Physical, other women will fall smoothly games. Regular, old questions forget                                                                                                                            | Men                                                | accessories                                        |            5.63 |            1965.09 |     0.1423162345396518
 AAAAAAAAEEPCAAAA | New letters should see very also western birds. Windows will not sign bad completely labou                                                                                                               | Men                                                | accessories                                        |            3.59 |  6444.030000000001 |      0.466691136212872
 AAAAAAAAEFEEAAAA | Never central women must see chief changes. Criteria get later new police. Candidates run for example other gro                                                                                          | Men                                                | accessories                                        |            3.61 |                7.3 |  0.0005286824074925109
 AAAAAAAAEGHDAAAA | Difficult feet must exceed simple matters; empirical consequences may not establish subtle courses. Monthly advertisements try broad, genetic year                                                       | Men                                                | accessories                                        |            3.87 |  6741.549999999999 |    0.48823820331933376
 AAAAAAAAEGJAAAAA | Other, simple devices may allow actually from now on inevitable sites. Fair requirements find here a                                                                                                     | Men                                                | accessories                                        |            2.94 |             591.72 |   0.042853692350886104
 AAAAAAAAEHDDAAAA | Once again general powers used to need symbolic, expensive policies. Level                                                                                                                               | Men                                                | accessories                                        |            1.26 |              27.54 |   0.001994508698951199
 AAAAAAAAEJADAAAA | Books miss excellent groups. Much awful police change ab                                                                                                                                                 | Men                                                | accessories                                        |            8.66 | 3665.8199999999997 |    0.26548692370331456
 AAAAAAAAEJCBAAAA | Very, important results make properly. Fine, common services list necessary birds. Below past women take then easy losses.                                                                               | Men                                                | accessories                                        |             9.8 |            3531.37 |    0.25574975251326415
 AAAAAAAAEKBBAAAA | Unfortunately environmental mountains pay typically lines. Jobs end; quiet decades                                                                                                                       | Men                                                | accessories                                        |            8.45 | 3464.5499999999997 |     0.2509104979285176
 AAAAAAAAEKIAAAAA | Points can begin wrong priorities. Weeks may ca                                                                                                                                                          | Men                                                | accessories                                        |             1.1 |            3411.36 |    0.24705835857858247
 AAAAAAAAELDBAAAA | Extremely unable demands should like for the governments. Dead ad                                                                                                                                        | Men                                                | accessories                                        |            0.34 |            3803.21 |      0.275437016301314
 AAAAAAAAELFCAAAA | Legal woods could meet yesterday t                                                                                                                                                                       | Men                                                | accessories                                        |            2.79 | 3049.0299999999997 |     0.2208176056050535
 AAAAAAAAELOAAAAA | Coolly alone powers could use grateful, new areas. Eastern, tall doctors cannot go with a systems. Different, deliberate flames oug                                                                      | Men                                                | accessories                                        |            3.89 |            6679.48 |     0.4837429544106954
 AAAAAAAAEMFEAAAA | Terrible, short rates                                                                                                                                                                                    | Men                                                | accessories                                        |            4.41 |            2149.07 |    0.15564047965341515
 AAAAAAAAEMOBAAAA | Important, big problems call openly soft, similar areas. Resources get. Increased things would not determine children. Barely other results i                                                            | Men                                                | accessories                                        |            0.88 |            7099.16 |     0.5141371232841827
 AAAAAAAAENACAAAA | New, heavy buildings move                                                                                                                                                                                | Men                                                | accessories                                        |            3.26 |             3583.8 |      0.259546850955022
 AAAAAAAAEOIAAAAA | Public samples ought to relax still at a objections. Similar authorities travel just good, other children. Also long                                                                                     | Men                                                | accessories                                        |            4.94 |            2255.42 |    0.16334258568585738
 AAAAAAAAEOKAAAAA | As main comments would go final americans. Changes disrupt as on a eyes; public, dramatic units will drive about a patterns. Regular, app                                                                | Men                                                | accessories                                        |            5.59 |            1454.03 |    0.10530412068031995
 AAAAAAAAEPEAAAAA | Junior intervals facilitate. Standard lives bear close contracts. Easy eastern lines may under                                                                                                           | Men                                                | accessories                                        |            3.86 |             450.16 |   0.032601598980387496
 AAAAAAAAFADCAAAA | Still joint goods might upset other, local titles; however literary futures might not insist of course siz                                                                                               | Men                                                | accessories                                        |            5.21 |            4945.67 |      0.358176537296368
 AAAAAAAAFAFDAAAA | Even complex sets would make effectively teeth. Economic, national libraries maintain along a brothers. Tasks should get adequately good e                                                               | Men                                                | accessories                                        |            0.72 |            7401.27 |     0.5360166085071365
 AAAAAAAAFECCAAAA | Artists let friends; years provide as considerable co                                                                                                                                                    | Men                                                | accessories                                        |             2.7 |           13594.79 |     0.9845652474733031
 AAAAAAAAFEGBAAAA | Kinds must claim theoretical detectives. Applications present prime, other systems; slowly single factors should not accompany factories. Busy, international days                                       | Men                                                | accessories                                        |            0.23 |            2826.38 |     0.2046927921765319
 AAAAAAAAFFDDAAAA | At all revolutionary groups please great houses; new, current performances may benefit scottish, natural regions. Certain, politica                                                                      | Men                                                | accessories                                        |             6.2 |            2444.75 |    0.17705428982428986
 AAAAAAAAFIECAAAA | Then economic plants work more military eyes. More clear details fuck slowly humans. Educational, able areas cannot kill almost items. Olympic, old troops ensure please implicit places. Unusual, poli  | Men                                                | accessories                                        |            5.58 |            1030.74 |    0.07464850749299051
 AAAAAAAAFJHBAAAA | Complete, double products should not know long on the cultures. Soon medical eyes know objectively. Exciting, encouraging applications should go here quite different strengths. O                       | Men                                                | accessories                                        |            2.73 |            14783.2 |     1.0706325707456559
 AAAAAAAAFOCBAAAA | Left other names may turn for a matches. Mean products used to delay by a terms. Substantially elderly employees can want never just familiar pp.; direct orders must prove along the types. Together w  | Men                                                | accessories                                        |            2.71 |            2652.08 |     0.1920695944195532
 AAAAAAAAFPMCAAAA | Thanks condemn also less new trains. Responses take sure artistic birds; things manipulate so english, lucky years. Largely original results murder; often irish ladies will know today including a a    | Men                                                | accessories                                        |            7.09 |             2770.2 |    0.20062411030626764
 AAAAAAAAGACAAAAA | Violent models phone serious findings. Other, informal politicians mean because of a thoughts.                                                                                                           | Men                                                | accessories                                        |            4.34 |             670.78 |     0.0485793952462776
 AAAAAAAAGBNCAAAA | Others                                                                                                                                                                                                   | Men                                                | accessories                                        |            7.54 |            9478.19 |      0.686431822996088
 AAAAAAAAGEEAAAAA | Big systems may encoura                                                                                                                                                                                  | Men                                                | accessories                                        |            2.31 |            9638.16 |     0.6980172099449341
 AAAAAAAAGFBCAAAA | Pictures like rapid, bloody conditions. Children rise forward. Beings make beautifully environmental disputes. Services help truly other streets.                                                        | Men                                                | accessories                                        |            1.32 |            8748.21 |     0.6335650306917888
 AAAAAAAAGFCBAAAA | Recent things may not set also additional trees. Physical groups accept then; socia                                                                                                                      | Men                                                | accessories                                        |            2.83 |             417.69 |   0.030250048600759846
 AAAAAAAAGFLBAAAA | Conditions ought to sustain. Articles may not take perhaps selective issues. Demands would make more dear hands; respectable feet will know badly heavy, positive others; year                           | Men                                                | accessories                                        |            4.27 | 4213.4400000000005 |     0.3051467949349651
 AAAAAAAAGIAAAAAA | Then general tories mean before scottish organisations. Now keen journalists eliminate other, known windows. Social, wooden difficulties provide as ready, deta                                          | Men                                                | accessories                                        |            0.73 | 5436.9800000000005 |      0.393758311765566
 AAAAAAAAGIECAAAA | Units stand m                                                                                                                                                                                            | Men                                                | accessories                                        |             7.8 |            1401.97 |    0.10153381847017473
 AAAAAAAAGJDBAAAA | Owners used to know very confident funds. Male members go immediately applicable, early are                                                                                                              | Men                                                | accessories                                        |           97.92 |            12132.4 |     0.8786556768030328
 AAAAAAAAGKFEAAAA | Important programmes put more economic sectors; for example new mothers arrange that sufficient areas. Light, large gardens will not keep with a specialists. Best british wi                            | Men                                                | accessories                                        |            3.24 |             2397.5 |    0.17363233862510888
 AAAAAAAAGLCAAAAA | Presently british theories will deal personal neighbours. Private, wooden asp                                                                                                                            | Men                                                | accessories                                        |            3.78 |            6170.65 |     0.4468923421635154
 AAAAAAAAGLCDAAAA | Democratic planes breed therefore. Colleges should make happy waves. Late, normal adults cast today costly debts. Ago positive ministers must carry. Material respondents can know historica             | Men                                                | accessories                                        |            0.95 |            1268.76 |    0.09188645086715043
 AAAAAAAAHCABAAAA | Central, possible governments want fast. Main terms put rates. Then bloody hands lose even to a girls; little handsome banks fight; personal centres see even helpful steps. Rich parents could want     | Men                                                | accessories                                        |           41.91 |            2385.81 |    0.17278572255064487
 AAAAAAAAHHCDAAAA | Very great months answer clear crews; base things must take currently different courses. Military sol                                                                                                    | Men                                                | accessories                                        |           76.04 |  4776.900000000001 |    0.34595383456862683
 AAAAAAAAHHIAAAAA | Then late months let previous, working workers. Economic, domestic steps understand in the funds. Green, only guns could not record auditors. So regular lines could not make                            | Men                                                | accessories                                        |            5.78 |            1248.21 |    0.09039817367893521
 AAAAAAAAHLEDAAAA | Girls                                                                                                                                                                                                    | Men                                                | accessories                                        |            0.58 |             2352.7 |    0.17038782193255209
 AAAAAAAAHLKAAAAA | Great buses get local, key yards; top, systematic days account in a times. However bad views arrive other budgets. Pleasant, l                                                                           | Men                                                | accessories                                        |           26.39 |            8128.25 |     0.5886661340686303
 AAAAAAAAHMLBAAAA | Cases c                                                                                                                                                                                                  | Men                                                | accessories                                        |            1.74 |           17128.06 |     1.2404526022570106
 AAAAAAAAHONAAAAA | Beautiful heads listen proceedings. English, certain actions last yet windows. Senten                                                                                                                    | Men                                                | accessories                                        |           21.64 |            6927.55 |     0.5017087413732526
 AAAAAAAAHPOBAAAA | Bars should say things                                                                                                                                                                                   | Men                                                | accessories                                        |            3.32 |            7124.21 |     0.5159513005866057
 AAAAAAAAIADDAAAA | Far, black elections think already consequences. Armed representatives thr                                                                                                                               | Men                                                | accessories                                        |            9.93 |                    |                       
 AAAAAAAAIAFAAAAA | New cells use probably increased, proper animals; similar men could not take now other, big hands. Only irish cou                                                                                        | Men                                                | accessories                                        |            0.77 |              76.82 |   0.005563477060763655
 AAAAAAAAIBMBAAAA | Close, big thanks provide naturally in a images. Always possible days identify i                                                                                                                         | Men                                                | accessories                                        |            1.48 |             3062.6 |    0.22180037550500875
 AAAAAAAAICICAAAA | By no means arab year                                                                                                                                                                                    | Men                                                | accessories                                        |            1.42 |             558.43 |    0.04044275572822505
 AAAAAAAAICJAAAAA | Tonig                                                                                                                                                                                                    | Men                                                | accessories                                        |            8.81 |             2361.8 |    0.17104686438572772
 AAAAAAAAIDGAAAAA | Only cold moments would not mix. International employees assume aggressive yards. Further long factors run following variables. Clear glasses may find so about a words. Sub                             | Men                                                | accessories                                        |            4.12 |            4443.09 |     0.3217785640966987
 AAAAAAAAIEIAAAAA | Then political proce                                                                                                                                                                                     | Men                                                | accessories                                        |            0.68 |            4438.28 |    0.32143021308573444
 AAAAAAAAIFEDAAAA | Courses shall conduct there financial types. Quiet theories would mention at a relations. Comparative, tory centuries must proceed only parts;                                                           | Men                                                | accessories                                        |            2.85 |             910.42 |     0.0659346626615523
 AAAAAAAAIGFAAAAA | Comprehensive p                                                                                                                                                                                          | Men                                                | accessories                                        |            3.96 |             199.08 |   0.014417821052549188
 AAAAAAAAIHFAAAAA | Others might indicat                                                                                                                                                                                     | Men                                                | accessories                                        |            44.8 |            6912.84 |     0.5006434101110314
 AAAAAAAAIIFBAAAA | Profits visit among a groups; only, other questions die in the months; green, available levels                                                                                                           | Men                                                | accessories                                        |            7.88 |            4762.31 |     0.3448971939761178
 AAAAAAAAIIMAAAAA | Detailed passengers ma                                                                                                                                                                                   | Men                                                | accessories                                        |            2.23 | 11392.539999999999 |     0.8250733526924288
 AAAAAAAAIKABAAAA | Acute men ma                                                                                                                                                                                             | Men                                                | accessories                                        |            1.94 |            13347.9 |      0.966684918762916
 AAAAAAAAILKCAAAA | Due, scientific levels call home no longer realistic students; confident changes would fade daily, old members. Crazy, present cells will participate careful women.                                     | Men                                                | accessories                                        |            5.39 |             221.14 |   0.016015455834642995
 AAAAAAAAILNCAAAA | Women will include normally only pretty countries; desperate accidents should not inform at present shares. Vulnerable problems will carry general, equal stages; books create just months. Industrial,  | Men                                                | accessories                                        |           41.95 |            6396.42 |    0.46324311300455434
 AAAAAAAAIMBBAAAA | Sharp black officers cause. Only previous hands consider carefully from a soldiers. National bedrooms know to the areas. New teachers preserve therea                                                    | Men                                                | accessories                                        |             3.5 |           10353.97 |     0.7498577790007168
 AAAAAAAAIMJDAAAA | Tragic, difficult purposes portray red, single actors; light police take never from a weeks; chinese friends benefit later previous aims. Standards used to give remarkab                                | Men                                                | accessories                                        |            5.52 |            2735.44 |    0.19810671297963206
 AAAAAAAAIMOBAAAA | Intently medical users commemorate existing, proposed fields. All main times shall mind then. Physical pilots visit anyway laws. French, certain schemes increase again definite                         | Men                                                | accessories                                        |            1.23 |             373.51 |    0.02705043370171613
 AAAAAAAAIMODAAAA | Very competitive towns may not squeeze in part unreasonably high weeks. Strongly satisfactory chemicals ta                                                                                               | Men                                                | accessories                                        |           84.16 |           12504.52 |     0.9056054435805825
 AAAAAAAAINFCAAAA | As poor teachers would co                                                                                                                                                                                | Men                                                | accessories                                        |           33.23 |            7365.62 |     0.5334347553801354
 AAAAAAAAIODEAAAA | Immediate flames used to pay probably new schools. Just political partners may convert only likely changes. Willing, ab                                                                                  | Men                                                | accessories                                        |            0.18 |  5381.199999999999 |    0.38971859879434234
 AAAAAAAAIPGAAAAA | British stages remain for a friends; things used to impress members; physical, difficult magazines would say again. Signif                                                                               | Men                                                | accessories                                        |            3.77 |            2924.54 |    0.21180176000111614
 AAAAAAAAIPJDAAAA | Days appoint actually only rounds; experimental, inner colleges ensure only. As likely references might reform so. As left times think eve                                                               | Men                                                | accessories                                        |            9.95 |            6138.24 |     0.4445451371187439
 AAAAAAAAJAEAAAAA | Particular, electrical programmes could go merchants. Sales could learn more sad, pure parts. Outside high villages should respect fully. Neither great markets decide efficient forms. Even big b       | Men                                                | accessories                                        |            0.96 | 1487.6799999999998 |     0.1077411293121176
 AAAAAAAAJANAAAAA | Elderly t                                                                                                                                                                                                | Men                                                | accessories                                        |             4.5 |            2300.62 |    0.16661607127745484
 AAAAAAAAJBAAAAAA | High awards get at last priorities. Integrated, industrial applications used to know primaril                                                                                                            | Men                                                | accessories                                        |           59.88 |            6548.75 |     0.4742751939817234
 AAAAAAAAJBMDAAAA | Silent, married prices used to make also full trials. Cases can become by the interviews. Rich, significant ya                                                                                           | Men                                                | accessories                                        |            0.92 | 12679.419999999998 |     0.9182720946861221
 AAAAAAAAJFFDAAAA | Spiritual pensions happen once more records. Churches cannot fall. Good, anxious concerns will warn slightly new sorts. Reliable problems should suppose no longer do                                    | Men                                                | accessories                                        |           82.12 |           10316.66 |     0.7471557049426969
 AAAAAAAAJFMCAAAA | Supporters can see motives. E                                                                                                                                                                            | Men                                                | accessories                                        |            6.14 |            6919.26 |     0.5011083609406344
 AAAAAAAAJGBAAAAA | Police may lose in a businesses. Comfortable, local offices give by a le                                                                                                                                 | Men                                                | accessories                                        |            7.48 |             3026.8 |     0.2192076590408674
 AAAAAAAAJKIBAAAA | Very moving students stay wild, single friends; now small liabilities must not assert equally. Positive, new supporters used to travel slowly fingers. Too appropriate companies would not appear to a r | Men                                                | accessories                                        |           34.53 |            4859.15 |     0.3519105644338677
 AAAAAAAAJKOBAAAA | Clearly parental worlds concentrate young, wonderful characters. R                                                                                                                                       | Men                                                | accessories                                        |            3.09 |             433.21 |    0.03137404188353844
 AAAAAAAAJLBEAAAA | Possible things kick moving, eur                                                                                                                                                                         | Men                                                | accessories                                        |            9.72 |            5662.26 |     0.4100735957052801
 AAAAAAAAJLCAAAAA | Light, certain standards introduce outside optimistic meals; earlier other times remain backwards on the things.                                                                                         | Men                                                | accessories                                        |            0.12 |  5471.240000000001 |     0.3962394979684008
 AAAAAAAAJMOCAAAA | Interested, upper products should not menti                                                                                                                                                              | Men                                                | accessories                                        |            83.4 |            3950.04 |    0.28607077491667365
 AAAAAAAAJNAAAAAA | Whole, low standards consider else new risks. Surprising skills know. Aims could talk more obvious lips. Imp                                                                                             | Men                                                | accessories                                        |            3.22 |            5744.38 |    0.41602091067833286
 AAAAAAAAJOIDAAAA | Li                                                                                                                                                                                                       | Men                                                | accessories                                        |            0.53 | 21221.550000000003 |     1.5369123485921503
 AAAAAAAAKAOCAAAA | Costs must prevent main events; southern products would not go especially as the jobs. Only vast teachers become to the languages. Hardly illegal fans improve gradually. Active,                        | Men                                                | accessories                                        |            4.21 |            3148.27 |    0.22800478945704758
 AAAAAAAAKAPAAAAA | Much twin hours cannot bring especially. To                                                                                                                                                              | Men                                                | accessories                                        |            9.99 |            8692.11 |     0.6295021426013327
 AAAAAAAAKCFAAAAA | As personal agencies choose about royal, official individuals. Facilities may block ba                                                                                                                   | Men                                                | accessories                                        |             7.6 |            1721.85 |    0.12470024703301094
 AAAAAAAAKDHCAAAA | Short other groups reach thin personnel. Letters indicate police. Members suggest difficult, external materials. Then conventional reasons may achieve green teachers                                    | Men                                                | accessories                                        |            9.21 |              18453 |     1.3364077349944252
 AAAAAAAAKEADAAAA | Teams can feel months. Efforts lessen necessarily helpful hands. Sure, exciting procedures used to stimulate much partic                                                                                 | Men                                                | accessories                                        |           29.81 |           10841.33 |     0.7851534855918881
 AAAAAAAAKECDAAAA | Ideas assess however. High professionals might prevent by no means about a types. Then whole elements should guard on a proportions. Further bad hours live. Special, routin                             | Men                                                | accessories                                        |            4.48 |           15575.31 |     1.1279989572934492
 AAAAAAAAKFBBAAAA | Armed sciences may listen in a causes. Only sophisticated men forget afterwards. Sentences raise etc really personal recommendations. Future places admit tonight mental years. Standards go friend      | Men                                                | accessories                                        |           70.32 |            3246.96 |    0.23515214107286073
 AAAAAAAAKGICAAAA | Risks                                                                                                                                                                                                    | Men                                                | accessories                                        |            2.45 | 10284.130000000001 |     0.7447998092282133
 AAAAAAAAKHAAAAAA | Children shall not produce however firms; more royal forests say ends.                                                                                                                                   | Men                                                | accessories                                        |            4.57 |            13841.6 |      1.002439782403882
 AAAAAAAAKHDAAAAA | Careful firms should not drop late. Hurriedly early types raise perhaps clear, concerned poles. Final, new appr                                                                                          | Men                                                | accessories                                        |            4.09 |            4878.72 |    0.35332786781943326
 AAAAAAAAKIDCAAAA | Commitments shall deliver; problems declare stars. Exact, local centres avoid as elderly instances. Just bitter views shift true, interesting                                                            | Men                                                | accessories                                        |            1.76 |            8915.42 |     0.6456747547132714
 AAAAAAAAKINAAAAA | Clear, religious arms overcome yet everywhere positive bands. Western, difficult arrangements pro                                                                                                        | Men                                                | accessories                                        |            9.72 | 14441.279999999999 |     1.0458699558456779
 AAAAAAAAKKLBAAAA | Present, profitable services get ago net resources. Pa                                                                                                                                                   | Men                                                | accessories                                        |            5.92 | 3702.4699999999993 |    0.26814119907791734
 AAAAAAAAKKOBAAAA | Please great terms perform quite original workers. Enough inte                                                                                                                                           | Men                                                | accessories                                        |            8.36 |           11538.68 |     0.8356571399569432
 AAAAAAAAKLPBAAAA | Savings will write for instance in the ways. Official funds must not find other, possible years. Towns could not occur finally walls; popular cases ought to ask now able, broad girls. Easy, sh         | Men                                                | accessories                                        |           64.94 |            2744.75 |      0.198780964104804
 AAAAAAAAKMAAAAAA | Social requirements produce other states. Free schools may not let only reasonable laboratories. Paths might not enter together. Wines give below. Various                                               | Men                                                | accessories                                        |            5.24 |              575.3 |   0.041664519045265955
 AAAAAAAAKMFCAAAA | Entirely fair councils should not banish actually white evenings; just other police should win round rules. Patients will return absolutely; deep diffic                                                 | Men                                                | accessories                                        |            3.62 |            2395.51 |     0.1734882183523815
 AAAAAAAAKMNCAAAA | Policies delay royal, environmental habits; now narrow studies sell still overall refugees; quite labour authors recall with a teachers. Socialist, horrible agreements mean for a                       | Men                                                | accessories                                        |            50.4 |           11563.68 |     0.8374676961469861
 AAAAAAAAKNLDAAAA | Soviet, industrial services used to make rules. More current bottles may provide slightly within low sites. Days ca                                                                                      | Men                                                | accessories                                        |            4.19 | 11831.749999999998 |     0.8568819280615774
 AAAAAAAAKNOAAAAA | Then wild voters ought to pay late, new groups; mild laboratories used to employ even common possibilities. Close global animals could find specifically top minor matters. Publi                        | Men                                                | accessories                                        |            8.94 |            1424.25 |    0.10314738614674092
 AAAAAAAAKOIAAAAA | Official lists ought to cause never; ago pure volunteers put. Near clear patients might believe small, welc                                                                                              | Men                                                | accessories                                        |            9.87 |  4776.389999999999 |    0.34591689922234986
 AAAAAAAALCGDAAAA | Men read as in a times; of course desirable guidelines see double needs. Autom                                                                                                                           | Men                                                | accessories                                        |             7.4 |             6067.6 |     0.4394292295481588
 AAAAAAAALFPAAAAA | Difficult, early circles arrange h                                                                                                                                                                       | Men                                                | accessories                                        |           31.17 |            7329.04 |     0.5307855495628647
 AAAAAAAALIPAAAAA | Ages might ensure almost closed hopes. Languages deal ladies. Common, qu                                                                                                                                 | Men                                                | accessories                                        |            1.48 |            2310.14 |    0.16730553107462318
 AAAAAAAALLMDAAAA | Together outstanding objects ought to catch other, recent years. Major, political planes will not effect still. Cla                                                                                      | Men                                                | accessories                                        |            3.44 |           32496.07 |     2.3534384276226246
 AAAAAAAALPPCAAAA | Yards become safe streets. Decades find deep bodies. Changes will not become burning, new settings. Differen                                                                                             | Men                                                | accessories                                        |            2.06 |            20253.5 |      1.466803991801311
 AAAAAAAAMACCAAAA | Major, adult drugs would drain; electric, other i                                                                                                                                                        | Men                                                | accessories                                        |            3.21 |             3245.2 |     0.2350246779170817
 AAAAAAAAMALAAAAA | New, open thanks seem gentle women. About normal mechanisms might not make still radical, square shops; results must succeed appearances; black arms would not permit by the conditions. Restricti       | Men                                                | accessories                                        |            3.38 |            1820.35 |    0.13183383842177976
 AAAAAAAAMBKAAAAA | Also various studies need later other, poor benefits. Largely legal expectations agree; requirements enable as about an movements. Quite free departments can try services. Wet la                       | Men                                                | accessories                                        |            45.2 |  9542.240000000002 |     0.6910704679549778
 AAAAAAAAMBLCAAAA | Most fellow children supply types; soviet, administrative critics                                                                                                                                        | Men                                                | accessories                                        |            1.23 |             538.85 |     0.0390247281201835
 AAAAAAAAMCCAAAAA | White degrees benefit. Heavy,                                                                                                                                                                            | Men                                                | accessories                                        |            3.68 |            7434.63 |     0.5384326146871297
 AAAAAAAAMDCAAAAA | Likely, legal heads must begin easy, shy things. Su                                                                                                                                                      | Men                                                | accessories                                        |            0.35 |             2952.9 |    0.21385565494310074
 AAAAAAAAMDICAAAA | Adequate recordings ought to eat only friendly facilities. Great families shall put tomorrow                                                                                                             | Men                                                | accessories                                        |            7.88 |             586.96 |    0.04250896245230194
 AAAAAAAAMDNDAAAA | Women argue simple, positive books. British signals balance applications; investigations could feel at all mental papers; facts like onl                                                                 | Men                                                | accessories                                        |           18.46 | 19792.670000000002 |     1.4334296474390134
 AAAAAAAAMFKBAAAA | Thereby domestic students bring eventually.                                                                                                                                                              | Men                                                | accessories                                        |           73.56 |            1736.42 |    0.12575543918056792
 AAAAAAAAMGABAAAA | Enough chief games run earlier hot, labour members; together current councillors might experiment in a shops. Too public places think also                                                               | Men                                                | accessories                                        |            0.96 |           13511.34 |       0.97852161091094
 AAAAAAAAMHABAAAA | Here final                                                                                                                                                                                               | Men                                                | accessories                                        |            9.76 |            3905.58 |     0.2828508817883015
 AAAAAAAAMHBDAAAA | Names should help sometimes most old subjects. Specific, old personnel would wear relentlessly days. Boys defend now. Unemployed, aggressive weeks must say enough thick groups. Servants                | Men                                                | accessories                                        |            3.98 |             1646.4 |    0.11923598845146163
 AAAAAAAAMHDBAAAA | Royal, strategic places get quite; compulsory, bitter departments used to proclaim just events. Days must create dar                                                                                     | Men                                                | accessories                                        |            8.51 |  8763.119999999999 |     0.6346448464035304
 AAAAAAAAMIACAAAA | Efficient businesses know new, awkward scientists. New, important eyes can make. Glad,                                                                                                                   | Men                                                | accessories                                        |            1.52 |            4085.44 |    0.29587674724194574
 AAAAAAAAMICDAAAA | Cultural, political teachers can like unfair auditors; probably principal years must expand never never real initiatives. Bas                                                                            | Men                                                | accessories                                        |            9.12 | 1008.0799999999999 |    0.07300741936233567
 AAAAAAAAMJDBAAAA | Homes would not address probably; good flowers buy before an times. Territories point today strong skills. Important users must not come only basic steps. Extra, mid                                    | Men                                                | accessories                                        |           33.17 | 5758.7300000000005 |     0.4170601699314174
 AAAAAAAAMKAAAAAA | Damp changes check well european children. Considerable sources need still with a statements. Dead stars give also independent, whole concerns. About likely participants receive as to a book           | Men                                                | accessories                                        |             4.7 |  7422.199999999999 |     0.5375324061494402
 AAAAAAAAMKHDAAAA | Young grounds ought to tu                                                                                                                                                                                | Men                                                | accessories                                        |            5.64 |  4844.870000000001 |     0.3508763747381153
 AAAAAAAAMKJDAAAA | Young, fatal wounds cannot move lexical, fierce pieces. Sacred machines solve brief, cold models. Rivers use easily. Students might gather bonds. Public, vis                                            | Men                                                | accessories                                        |           52.33 |            4207.27 |    0.30469994966726255
 AAAAAAAAMLPDAAAA | Teachers would seek also content measures. Fair unions perform despite the hours. Defensive tasks anticipate                                                                                             | Men                                                | accessories                                        |            8.74 |            3425.66 |    0.24809399671928697
 AAAAAAAAMMJCAAAA | Large, major troops lose around ancient thousands. Alternative persons could not pay greatly new, national boats. Central, old spirits should cope else national years. Addition                         | Men                                                | accessories                                        |             1.1 |  6730.219999999999 |     0.4874176592540063
 AAAAAAAAMMKBAAAA | Naked benefits shut sufficient criteria. Sole, ready areas could encourage all policies. Therefore similar books shall n                                                                                 | Men                                                | accessories                                        |            9.53 |           11183.34 |     0.8099226184941503
 AAAAAAAAMMLAAAAA | Legal minutes find more efforts. Vo                                                                                                                                                                      | Men                                                | accessories                                        |            1.61 |             3368.9 |     0.2439833099454137
 AAAAAAAAMNGBAAAA | More particular girls must wish so from a inst                                                                                                                                                           | Men                                                | accessories                                        |            4.72 |            6849.42 |     0.4960503911681307
 AAAAAAAAMNHCAAAA | Certain months e                                                                                                                                                                                         | Men                                                | accessories                                        |            4.92 |            1424.46 |    0.10316259481873727
 AAAAAAAAMOMDAAAA | Asleep, simple times shall look alone, importa                                                                                                                                                           | Men                                                | accessories                                        |            8.17 |            5653.43 |    0.40943410725895696
 AAAAAAAANCAEAAAA | Men take. Able, relevant deaths want old, long countries. Charming, commercial charges would get human, high                                                                                             | Men                                                | accessories                                        |            5.58 | 10719.640000000001 |     0.7763404222812358
 AAAAAAAANEIAAAAA | Days activate correct comments. Delicate days leave ago vital consultants. Young schools used to look mentally. Cases must hold assets; numbers may examine to a nations. Results d                      | Men                                                | accessories                                        |            4.37 |            2367.27 |     0.1714430140801091
 AAAAAAAANEMCAAAA | Whole, growing pe                                                                                                                                                                                        | Men                                                | accessories                                        |            2.62 |            4361.29 |    0.31585442424287846
 AAAAAAAANHNBAAAA | Increasing, rea                                                                                                                                                                                          | Men                                                | accessories                                        |           22.89 | 3646.0899999999997 |     0.2640580327581327
 AAAAAAAANKIDAAAA | Afterwards silent times report really matters. Long cheeks investigate hard new, crazy origins. Police move. Visitors concentrate comple                                                                 | Men                                                | accessories                                        |            3.82 |  8815.269999999999 |     0.6384216666159598
 AAAAAAAANLJBAAAA | Old industries used                                                                                                                                                                                      | Men                                                | accessories                                        |            0.46 |            5344.72 |     0.3870766352018319
 AAAAAAAANMDAAAAA | Coloured rights could not see royal days. Normal benefits ma                                                                                                                                             | Men                                                | accessories                                        |            0.93 |           15975.89 |     1.1570098612377437
 AAAAAAAAOAFBAAAA | Important ministers succeed                                                                                                                                                                              | Men                                                | accessories                                        |           13.15 |            3701.48 |     0.2680695010527917
 AAAAAAAAOAKBAAAA | Then rough services can pass most delib                                                                                                                                                                  | Men                                                | accessories                                        |            7.85 |           15011.86 |     1.0871926418822637
 AAAAAAAAOCAEAAAA | Also large                                                                                                                                                                                               | Men                                                | accessories                                        |            0.36 | 3900.0699999999997 |      0.282451835204016
 AAAAAAAAOCKCAAAA | Professiona                                                                                                                                                                                              | Men                                                | accessories                                        |           51.07 |            8907.34 |     0.6450895829526496
 AAAAAAAAOEPBAAAA | Just other characteristics used to hear guilty, light weapons. Minutes widen deaths. Urban, white deals ought to undertake probably visible, imaginative workers. Best present                           | Men                                                | accessories                                        |            7.62 |                1.8 | 0.00013036004568308488
 AAAAAAAAOGLBAAAA | Ok expected lights go. British conditions must record significantly normal, other men. Women think impossible, important nam                                                                             | Men                                                | accessories                                        |            4.96 |             432.47 |    0.03132044942031318
 AAAAAAAAOGMCAAAA | Social, social commitments start more courses. Marginal goods must go so red, gay talks. Times must not come populations; similarly terrible organi                                                      | Men                                                | accessories                                        |            0.21 |           11632.79 |     0.8424727976787405
 AAAAAAAAOHAEAAAA | Materials must offer. Alternatives hang                                                                                                                                                                  | Men                                                | accessories                                        |            2.83 |             2632.8 |    0.19067329348579215
 AAAAAAAAOIABAAAA | Isolated railways may meet only plants. Animals stimulate cases. Dangerous sons play thus; things would like here too                                                                                    | Men                                                | accessories                                        |            0.84 |            8543.58 |     0.6187452661650502
 AAAAAAAAOIHCAAAA | Details must support deeply major groups; human jobs cannot manage. Free hotels turn moreover details. Small, alone friends would not exist. Friends can explain principally slowly possib               | Men                                                | accessories                                        |            3.74 |             5191.2 |     0.3759583717500168
 AAAAAAAAOJEBAAAA | Facilities will not                                                                                                                                                                                      | Men                                                | accessories                                        |            5.22 |           10086.25 |     0.7304688948727861
 AAAAAAAAOJKBAAAA | Poor, distinct women used to consider without a years. Accidents stay eyes; bad points should like straight times. However literary trees used to hope of course. Other                                  | Men                                                | accessories                                        |            6.85 |            6997.97 |     0.5068087160493653
 AAAAAAAAOLFBAAAA | Long, rapid animals ought to panic then appropriate groups. Shops would not advise mainly young, good cars; even european representatives exist more for a mines. As private words recal                 | Men                                                | accessories                                        |            8.46 |            1850.16 |    0.13399274562278685
 AAAAAAAAONBAAAAA | Still, central photographs look exceptionally no longer conservative services; circumstances could refer. Yet active groups take better available way                                                    | Men                                                | accessories                                        |             6.9 | 1341.6599999999999 |    0.09716603271731537
 AAAAAAAAOOJBAAAA | Closely sufficient layers appear more available, surprised variations. Important stations discover so. Very strong hands set between a police. New, pale words change otherwise full terms. A            | Men                                                | accessories                                        |            8.81 |            1554.96 |    0.11261369813076093
 AAAAAAAAOOPBAAAA | So level discussions hear pieces. Normal, following children shall look books. Of course other investments recover including the factors                                                                 | Men                                                | accessories                                        |            9.72 |                918 |    0.06648362329837329
 AAAAAAAAOPKBAAAA | Very, existing houses hesitate also bad, true months; psychiatri                                                                                                                                         | Men                                                | accessories                                        |            4.09 |           12333.37 |     0.8932103759035492
 AAAAAAAAOPOAAAAA | Now long men shut later to a things. Long sales limit northwards speeches. English periods will grow either meanwhile linear levels. Rates anticipate elsewhere by a hours.                              | Men                                                | accessories                                        |             6.2 |             415.14 |   0.030065371869375475
 AAAAAAAAPAHDAAAA | Good efforts forget at present relevant issues. Cheap, important rates market. Still irish assets should get ago other gifts. United definitions oug                                                     | Men                                                | accessories                                        |            8.96 | 10208.439999999999 |     0.7393181693072394
 AAAAAAAAPANDAAAA | Banks may get nevertheless processes; global, asian years see then legs. Wages affirm often central holders. Shares afford with a arrangements. Rare proposals cannot save regions.                      | Men                                                | accessories                                        |            6.99 |           10779.38 |      0.780666927352962
 AAAAAAAAPDAEAAAA | That is french feet might pick extremely in a spirits. Children look tourists. Young, victorian flowers bring independent lines; whole, good sizes carry towar                                           | Men                                                | accessories                                        |            2.31 |  9344.189999999999 |     0.6767272418174582
 AAAAAAAAPDDBAAAA | Associations could argue. Other products experiment once inner, sexual conditions. Relationships should know voluntary forms. Old leaders might not prove                                                | Men                                                | accessories                                        |            4.36 |             210.84 |   0.015269506684345343
 AAAAAAAAPDKAAAAA | Social soldiers expect now vast areas. Old, low circumstan                                                                                                                                               | Men                                                | accessories                                        |           98.58 |            4678.49 |     0.3388267611821421
 AAAAAAAAPFMCAAAA | Pieces could not see straight ways.                                                                                                                                                                      | Men                                                | accessories                                        |            2.98 |  5041.719999999999 |     0.3651326941785126
 AAAAAAAAPHCEAAAA | Informa                                                                                                                                                                                                  | Men                                                | accessories                                        |            2.54 | 6720.6900000000005 |    0.48672747523436205
 AAAAAAAAPKCEAAAA | Professional things used to hear genuinely existing, criminal functions. Also difficult programmes must draw from no losses. Knees resist about dear, decisive days. Affairs must p                      | Men                                                | accessories                                        |            1.78 |             6591.2 |    0.47734951839241613
 AAAAAAAAPKGDAAAA | Eventually superb lines cannot fight new eyes. Acute women reveal independent ears. Emotionally different dem                                                                                            | Men                                                | accessories                                        |            1.16 |           10029.23 |     0.7263393783145363
 AAAAAAAAPNPAAAAA | Things associate yet by a months. Guilty trees stand aloud with the words. Friends gather still subject offices. Big results involve more risks; also esse                                               | Men                                                | accessories                                        |            4.49 | 11430.529999999999 |     0.8278246738788179
 AAAAAAAAPOLDAAAA | Sentences know w                                                                                                                                                                                         | Men                                                | accessories                                        |            7.73 |               1710 |    0.12384204339893064
 AAAAAAAAAAABAAAA | Sequences can pass vital elections. In order white eyes cannot go peoples. Highly national estates must not reject in a deals. St                                                                        | Men                                                | pants                                              |            9.01 | 1136.1999999999998 |    0.07862158984562796
 AAAAAAAAABEDAAAA | Almost useful areas shall keep up to with a women. Systems can fall more united eyes. Artists                                                                                                            | Men                                                | pants                                              |            9.21 |           15379.29 |      1.064200167661475
 AAAAAAAAABLBAAAA | Ports evoke little good, adult reductions. Studies could no                                                                                                                                              | Men                                                | pants                                              |            4.41 | 1592.2399999999998 |    0.11017817304682509
 AAAAAAAAADACAAAA | Also small origins learn arab cases. Quickly other details might talk more outside western points. Public, present difficulties could find sure sorry relations. Industries shall support                | Men                                                | pants                                              |            4.56 |           13329.85 |     0.9223851429358775
 AAAAAAAAADHAAAAA | More young figures comment highly. Nice friends will save traditional, main words. New eyes think. Blue, numerous communications used to let always left ministers. Gold, controversial reason           | Men                                                | pants                                              |            6.29 |            3702.24 |    0.25618376587755476
 AAAAAAAAADMBAAAA | Racial,                                                                                                                                                                                                  | Men                                                | pants                                              |            2.81 |            3165.06 |    0.21901254106390008
 AAAAAAAAAGABAAAA | Women see eager, economic jobs. Decisions may not believe. Injuries must allow in order frequent, multiple methods. Perha                                                                                | Men                                                | pants                                              |             7.3 |            3706.12 |     0.2564522500956511
 AAAAAAAAAGKBAAAA | Western parents could go fo                                                                                                                                                                              | Men                                                | pants                                              |            1.88 |            2386.14 |    0.16511364231142997
 AAAAAAAAAHDEAAAA | Only new negotiations could not hold structures. Public, british years depart no                                                                                                                         | Men                                                | pants                                              |            4.29 |           10285.61 |     0.7117329789932139
 AAAAAAAAAHOCAAAA | Little, glad females forget only delicate, social grounds. Able children ought to love always ordinary crimes. Words enab                                                                                | Men                                                | pants                                              |            2.79 | 4519.9400000000005 |    0.31276612287171957
 AAAAAAAAAIPCAAAA | More normal bars ought to determine namely similar,                                                                                                                                                      | Men                                                | pants                                              |            3.42 |            8135.75 |     0.5629691952002885
 AAAAAAAAAJFAAAAA | Far open actions sh                                                                                                                                                                                      | Men                                                | pants                                              |            0.49 | 1958.1100000000001 |     0.1354952660558199
 AAAAAAAAAKDDAAAA | Markets will make from a assumptions. Active, short laws must compete often; specific, happy ci                                                                                                          | Men                                                | pants                                              |            4.43 |             7766.4 |     0.5374112967585681
 AAAAAAAAALIBAAAA | Interesting meanings try soon however regular values. Different, new talks convey deeply french, scottish rats. Devices wear then together short discussions. Never mere weeks ask here brief, pecul     | Men                                                | pants                                              |            2.18 |            4277.79 |    0.29601007817789904
 AAAAAAAAANBAAAAA | Final, necessary effects set boys. Somewhat great times buy very romantic tasks. Nuclear, back reasons like unable, french members. Effective neighbours go les                                          | Men                                                | pants                                              |            1.17 |            2031.44 |    0.14056947938391348
 AAAAAAAABAJAAAAA | Welsh, certain years cook closely increasing, current houses. Real men could not go here inevitable societies. Local, single rules must see about the sections. Human                                    | Men                                                | pants                                              |            7.95 |            9485.54 |     0.6563705644642651
 AAAAAAAABEBBAAAA | Public, reliable lives make more available firms. Doors may come ago national others. Local engines show pretty                                                                                          | Men                                                | pants                                              |            2.41 | 12859.470000000001 |     0.8898362752791389
 AAAAAAAABFDEAAAA | Local, different possibilities shall not provide before a years. Common, secondary things may use out of a                                                                                               | Men                                                | pants                                              |            4.02 |            4699.26 |     0.3251745223534287
 AAAAAAAABFGBAAAA | Years enter less. Duly personal projects turn ago coastal sentences. Right simple lines will not find quite private difficult eyes. Civil lives s                                                        | Men                                                | pants                                              |            0.68 |             523.71 |    0.03623914171629451
 AAAAAAAABGADAAAA | Problems must navigate. However only outcomes maximize happily as local parents. Crazy holidays allow up to yesterday real houses. Characteristics look also hard levels. Af                             | Men                                                | pants                                              |            1.67 |               6820 |     0.4719232905713631
 AAAAAAAABGECAAAA | Surely daily activities close also much normal effects. Vehicles shall                                                                                                                                   | Men                                                | pants                                              |            7.27 |            10261.1 |     0.7100369614196208
 AAAAAAAABIKAAAAA | New standards will not deal at the lawyers. Then full buildings might help. Problems may go also othe                                                                                                    | Men                                                | pants                                              |             4.7 | 10394.949999999999 |     0.7192989749743095
 AAAAAAAABOPBAAAA | V                                                                                                                                                                                                        | Men                                                | pants                                              |            0.87 |            8238.04 |     0.5700473525892248
 AAAAAAAACAEEAAAA | Much traditional ways get also.                                                                                                                                                                          | Men                                                | pants                                              |           57.96 |             243.77 |   0.016868143774572023
 AAAAAAAACAFAAAAA | Influential, able photographs aid much never used goods. Positive, other firms must emulate real values; coins chase of course. Full passengers issue cases. Authorities go                              | Men                                                | pants                                              |           82.12 |             951.71 |    0.06585544206300176
 AAAAAAAACAFBAAAA | All lovely leaves may not go. Else t                                                                                                                                                                     | Men                                                | pants                                              |            0.58 |            1966.24 |     0.1360578373684805
 AAAAAAAACALAAAAA | Gastric others might not help there constant windows. T                                                                                                                                                  | Men                                                | pants                                              |             8.7 |            1874.92 |    0.12973877066833725
 AAAAAAAACBFAAAAA | Other, ameri                                                                                                                                                                                             | Men                                                | pants                                              |               6 |           10168.79 |      0.703649389725685
 AAAAAAAACCGBAAAA | Good, different tourists make abstract                                                                                                                                                                   | Men                                                | pants                                              |            9.25 | 12206.609999999999 |     0.8446603457362618
 AAAAAAAACCLBAAAA | Existing drugs determine large materials. Cigarettes ought to come mainly. Again bright paintings interview right, previous values. Eyes come especially small views; internal notes                     | Men                                                | pants                                              |            3.91 |            7203.48 |    0.49845894210630537
 AAAAAAAACDDCAAAA | Substantial points allocate. Close rapid judges must control about acu                                                                                                                                   | Men                                                | pants                                              |            8.47 |            2767.88 |    0.19152889113000945
 AAAAAAAACEBEAAAA | Political, other things quell for a manufacturers. Voters run human, whole lives. Now old attempts put exactly curious problems. National, final conditions attack. As dramatic clothes say per          | Men                                                | pants                                              |             0.3 |            5039.95 |    0.34874923582333456
 AAAAAAAACFDAAAAA | Sure odd fruits delive                                                                                                                                                                                   | Men                                                | pants                                              |            2.92 |            10255.6 |      0.709656378120773
 AAAAAAAACFKCAAAA | Far fashionable associations remain actually impossible programmes. For sure square sections                                                                                                             | Men                                                | pants                                              |            2.48 |            6114.94 |     0.4231352795376028
 AAAAAAAACGBCAAAA | Thick national workers might travel later in a teams. Military, free cattle will not fly less. Tears mu                                                                                                  | Men                                                | pants                                              |            1.65 |  9712.080000000002 |      0.672046444558992
 AAAAAAAACHIDAAAA | Front, illegal signs share for a others; today extraordinary gates used to mean improvements; much available kinds hide rapidly theoretical responses; ways get low perhaps strong author                | Men                                                | pants                                              |            1.41 |            8822.73 |     0.6105061251352907
 AAAAAAAACICEAAAA | Only ranks must work copies. Police wish as days.                                                                                                                                                        | Men                                                | pants                                              |            1.75 |            5777.58 |     0.3997909919559085
 AAAAAAAACJHCAAAA | Of course main servants keep to                                                                                                                                                                          | Men                                                | pants                                              |            5.99 |  897.6899999999999 |   0.062117422098681374
 AAAAAAAACLABAAAA | Private members cope further. Certain neighbours shall defraud together so direct kinds. Voluntary, dirty centuries must travel. Specia                                                                  | Men                                                | pants                                              |           72.88 |            3339.51 |    0.23108395133372037
 AAAAAAAACMFEAAAA | Altogether good practices would come inner, official tests. Women will sleep both of course small activities; individuals will not meet young feet. Papers could mind ago with a values. Facts           | Men                                                | pants                                              |            4.23 |            3647.59 |     0.2524021518262754
 AAAAAAAACNBDAAAA | Components hold managers. Local, consistent weeks might not hurt now other, chief armies. As little words used to ease. Services visit suddenly then controversial animals. Rights could not lift n      | Men                                                | pants                                              |             6.7 |           15018.77 |      1.039253278406814
 AAAAAAAACONCAAAA | Straight                                                                                                                                                                                                 | Men                                                | pants                                              |            3.62 |            4805.22 |    0.33250663259814156
 AAAAAAAADAGBAAAA | Relevant, economic                                                                                                                                                                                       | Men                                                | pants                                              |            1.87 | 1797.6599999999999 |    0.12439261327397605
 AAAAAAAADBPDAAAA | Special churches could work. Opportunities achieve. Both natural attitudes help now almost middle-class drawings. Open members think. Important, physical units could say both. As old claims sh         | Men                                                | pants                                              |            7.57 |             776.06 |   0.053700995437069216
 AAAAAAAADFPCAAAA | More marginal negotiations may wear despite the groups. Organic studies interfere. Patients could not keep similar, new ou                                                                               | Men                                                | pants                                              |            9.68 |           12259.13 |     0.8482945702554421
 AAAAAAAADGDEAAAA | True, present man                                                                                                                                                                                        | Men                                                | pants                                              |            0.71 |           19963.29 |     1.3813990480103207
 AAAAAAAADKFEAAAA | Forces sell middle, other beliefs. Resour                                                                                                                                                                | Men                                                | pants                                              |            4.59 |              36.48 |  0.0025243052258128043
 AAAAAAAADLODAAAA | Figures suppress still other rebels. Steps ca                                                                                                                                                            | Men                                                | pants                                              |             1.1 |             185.76 |    0.01285402792617836
 AAAAAAAADMOCAAAA | Just political police must see accurately important windows. Western decisions might not suggest inc, political members. Free eyes will want in the feet                                                 | Men                                                | pants                                              |            6.53 |               8.84 |   0.000611701156693673
 AAAAAAAADOACAAAA | Significant, unlikely wings insist often new concepts. Black, difficult windows will hate once smooth obligations. Arts must                                                                             | Men                                                | pants                                              |            4.04 |              16.16 |   0.001118222928978479
 AAAAAAAADOGCAAAA | Correctly existing actors dominate. Reasonable, certain aspects would join questions; economic, medieval views can turn also by a minutes; com                                                           | Men                                                | pants                                              |            4.49 |  4782.469999999999 |    0.33093240168017984
 AAAAAAAAEADDAAAA | Activities might not open very in a regions. Current, moral projects sell almost. Exactly american prices ought to come otherwise old, convenient wa                                                     | Men                                                | pants                                              |           61.17 |            11376.4 |     0.7872123347296269
 AAAAAAAAEAPBAAAA | Then weekly degrees break from a purposes. Wide, international members talk annual words. Silly teams qualify already likely banks. Subjects suppose also rati                                           | Men                                                | pants                                              |             6.1 |            5072.58 |     0.3510071327399538
 AAAAAAAAEBHCAAAA | Environmental, peculiar men will get once united systems. Children may pull late areas. Problems buy gradually into the teachers. Bad police might expect extremel                                       | Men                                                | pants                                              |            3.38 |            4137.76 |     0.2863204273892322
 AAAAAAAAEBLAAAAA | Adults can report qualifi                                                                                                                                                                                | Men                                                | pants                                              |            5.33 | 24544.190000000002 |     1.6983834177725432
 AAAAAAAAEDDAAAAA | Faces pick to the notes. Old rules should not tax french pounds. Common,                                                                                                                                 | Men                                                | pants                                              |           28.75 |                228 |    0.01577690766133003
 AAAAAAAAEDHDAAAA | Special, open resources would not practise best so effective measures. Minutes try friends. Social terms judge here. Econ                                                                                | Men                                                | pants                                              |            2.95 | 17864.260000000002 |     1.2361525458683842
 AAAAAAAAEECDAAAA | So bad relat                                                                                                                                                                                             | Men                                                | pants                                              |            5.47 |            7377.74 |     0.5105172049530745
 AAAAAAAAEGNDAAAA | Very vast grounds should                                                                                                                                                                                 | Men                                                | pants                                              |            4.57 |             2657.5 |    0.18389093030694978
 AAAAAAAAEHCDAAAA | Great, crucial authorities tell o                                                                                                                                                                        | Men                                                | pants                                              |            6.35 |            4546.62 |     0.3146122978559488
 AAAAAAAAEHJAAAAA | Other, large ways cannot justify elements; most social things see straight over mass levels. As lively co                                                                                                | Men                                                | pants                                              |            1.67 |            6132.69 |    0.42436352563843005
 AAAAAAAAEICCAAAA | Systems withdr                                                                                                                                                                                           | Men                                                | pants                                              |            7.02 |             201.91 |    0.01397155888552257
 AAAAAAAAEIDBAAAA | Standard penalties contemplate also years. Labour arms may te                                                                                                                                            | Men                                                | pants                                              |            7.88 |             3908.3 |     0.2704424921612989
 AAAAAAAAEIFDAAAA | Quiet activities rethink for the women. Processes use likely, afraid shops. New countries effect heavily top symptoms. Unique, financial men can return through a notions. Sec                           | Men                                                | pants                                              |            2.06 | 19125.370000000003 |     1.3234175284156646
 AAAAAAAAEJDAAAAA | Sexual, prime courts enlist unfortunately right rooms. Terribly english floors develop only; costs control thereafter customs. Stupid pounds could                                                       | Men                                                | pants                                              |            4.96 |            4798.13 |    0.33201602612744496
 AAAAAAAAEJDBAAAA | Systems celebrate soon with a services; records tell most regulations. Alternative schemes might not come already past, following procee                                                                 | Men                                                | pants                                              |            1.09 |           11419.77 |     0.7902134070334509
 AAAAAAAAEJKCAAAA | Yet corporate experts might open now profits. Able, particular managers shall save important minutes                                                                                                     | Men                                                | pants                                              |            4.93 |                896 |    0.06200047923048994
 AAAAAAAAELOCAAAA | Old streets study. Databases pose for a years. Only political ideas relie                                                                                                                                | Men                                                | pants                                              |            9.39 |  8851.869999999999 |       0.61252252464955
 AAAAAAAAEMOCAAAA | Consistent leaves may not get as young, pretty stories. Gradually excellent aims ought to tour as relations. New holders ensure perhaps wi                                                               | Men                                                | pants                                              |            4.01 |             732.06 |    0.05065632904628623
 AAAAAAAAEOEBAAAA | Profits fall previously careers. Terms miss never upper, physical figures. Hot purposes start agents. Even democ                                                                                         | Men                                                | pants                                              |            5.59 |            8335.47 |     0.5767892127359061
 AAAAAAAAFALAAAAA | Again narrow places award clear eyes. Notably other waters must call; political surveys qualify in order a                                                                                               | Men                                                | pants                                              |            2.96 |            2417.41 |     0.1672774313577887
 AAAAAAAAFGBBAAAA | Forward partners rest effective oth                                                                                                                                                                      | Men                                                | pants                                              |           37.82 |            2911.52 |     0.2014683429566474
 AAAAAAAAFINCAAAA | Seldom loose stairs provide once with a assets. Companies should see never. Then appropriate victims bring over automatic, liable rights; others go i                                                    | Men                                                | pants                                              |            6.78 | 2032.1999999999998 |    0.14062206907611788
 AAAAAAAAFKICAAAA | Later young entries ought to try previously in a feet. There residential minutes appreciate natural hotels. Stable representatives may not se                                                            | Men                                                | pants                                              |           45.55 |            8203.32 |     0.5676448340190432
 AAAAAAAAFNNDAAAA | Therefore false c                                                                                                                                                                                        | Men                                                | pants                                              |            4.19 | 20823.199999999997 |     1.4409022088307342
 AAAAAAAAFPBEAAAA | Officers view expressly nuclear legs; attractive, great centres must not fancy only at a years; techniques would suggest. Assets eat ago cheerful resources. Common hospi                                | Men                                                | pants                                              |             3.1 |            1029.87 |    0.07126387672444716
 AAAAAAAAFPFAAAAA | Different, vast studies might not go only standards. Collective sizes rely too for a men; products might not cause                                                                                       | Men                                                | pants                                              |           77.45 |            4956.76 |     0.3429927404358519
 AAAAAAAAGAEDAAAA | Proposals note never scientific, good losses. English, whi                                                                                                                                               | Men                                                | pants                                              |           78.97 |           11231.64 |     0.7771953823039509
 AAAAAAAAGAKBAAAA | For example recent houses would carry tales. Civil youngsters arise irrelevant, old stocks. Only, dead churches may use now. Much important skills pay real                                              | Men                                                | pants                                              |             8.1 |            5176.51 |     0.3581987731489101
 AAAAAAAAGBDAAAAA | Financial stages could move rights. Little questions establish yeste                                                                                                                                     | Men                                                | pants                                              |            4.93 |            4226.75 |    0.29247826516459074
 AAAAAAAAGBECAAAA | Superior, extensive boats ought to underline. More than public industries match now straight local feelings. Important groups should mention also following, handsome events. Late social c              | Men                                                | pants                                              |            9.75 |            1263.05 |    0.08739922465632848
 AAAAAAAAGCGCAAAA | Wild                                                                                                                                                                                                     | Men                                                | pants                                              |            2.19 |            8743.69 |     0.6050367971460296
 AAAAAAAAGDKAAAAA | Public, pleasant requirements get years. Brothers will produce at least sensitive parents. Left dealers like careful, industrial banks. Windows pass henceforth boys. Occasionally popular               | Men                                                | pants                                              |            0.12 | 18223.329999999998 |     1.2609990995260758
 AAAAAAAAGFFEAAAA | Real bacteria ought to expect arguably. Perfect rivers may not look just from a units. Clear minutes used to emulate then with the conflicts; just private minutes might not develop. Partners p         | Men                                                | pants                                              |            3.82 |            6127.08 |     0.4239753306736052
 AAAAAAAAGGBBAAAA | Yesterday perfect problems go at the doors. Good, odd areas must affect total, diffic                                                                                                                    | Men                                                | pants                                              |           20.26 |            5401.93 |     0.3737971526445988
 AAAAAAAAGGEDAAAA | Years must tell in the light of the officials. Profound costs ensure frequent stages. Future, happy fingers look so. Li                                                                                  | Men                                                | pants                                              |             8.4 |            3816.01 |     0.2640563044066316
 AAAAAAAAGHOCAAAA | Excellent, simp                                                                                                                                                                                          | Men                                                | pants                                              |            2.79 |             165.36 |   0.011442409872269884
 AAAAAAAAGIPDAAAA | Vaguely strong sales use again short friends. Common officials stand perhaps great pockets. Small needs can go as negotiations. Other details know simply full, classical appeals. Historical, narro     | Men                                                | pants                                              |            9.94 |             1359.4 |    0.09406635208250895
 AAAAAAAAGJIDAAAA | Dogs used to cry far clear, proud representatives. Physical roots encourage that is to say purely young com                                                                                              | Men                                                | pants                                              |            3.55 | 11190.289999999999 |     0.7743340878662491
 AAAAAAAAGJKAAAAA | Apparent properties create in a equations. Definite circ                                                                                                                                                 | Men                                                | pants                                              |            4.25 | 22245.809999999998 |     1.5393425009714568
 AAAAAAAAGKCEAAAA | Well european me                                                                                                                                                                                         | Men                                                | pants                                              |            5.81 |            5757.22 |     0.3983821417805371
 AAAAAAAAGMFAAAAA | Fears put also as dead beaches. Already continental interviews clear. Areas must take then. Words pay always always right schools. Rooms suffer like. Different, national industri                       | Men                                                | pants                                              |            5.46 |           16941.89 |      1.172327342712327
 AAAAAAAAGMMBAAAA | At all video-taped results ought to finish so classes. Forces must not come both possible arrangements. Local, clean systems tell bacteria. Close british priorities must not de                         | Men                                                | pants                                              |            8.12 | 1315.6899999999998 |    0.09104175281111973
 AAAAAAAAGOPCAAAA | Acute events used to supervise clearly da                                                                                                                                                                | Men                                                | pants                                              |            6.16 |  6302.639999999999 |    0.43612354957282934
 AAAAAAAAHAADAAAA | Factors ought to know strangely. Better urban changes take early large, southern techniques. Strange, disastrous fe                                                                                      | Men                                                | pants                                              |           93.35 |            4136.34 |      0.286222167701166
 AAAAAAAAHACBAAAA | Fortunately good rivers discuss traditional                                                                                                                                                              | Men                                                | pants                                              |            9.98 |            5218.02 |    0.36107113910076016
 AAAAAAAAHALBAAAA | Ltd. flights dine. Too detailed notions make however new sides. Good police find evidently long knees. Usually practical boxes might need much countries. Willingly central provinces might fin          | Men                                                | pants                                              |            5.81 |            8376.52 |     0.5796297480845799
 AAAAAAAAHBLDAAAA | Legal things cannot resolve primarily; then previous payments succeed highly national cases. Past member                                                                                                 | Men                                                | pants                                              |            8.02 |             786.24 |   0.054405420524754916
 AAAAAAAAHCPBAAAA | Following, real companies used to claim mo                                                                                                                                                               | Men                                                | pants                                              |            5.09 |              31791 |     2.1998406643041357
 AAAAAAAAHDIBAAAA | Hard, additional decades wish more electoral, final stages; particularly full communication                                                                                                              | Men                                                | pants                                              |            0.53 | 14410.329999999998 |     0.9971510779793592
 AAAAAAAAHEPCAAAA | Wishes afford as that is beautiful g                                                                                                                                                                     | Men                                                | pants                                              |            3.26 |            3570.74 |    0.24708436518691923
 AAAAAAAAHFFCAAAA | Young measures can fal                                                                                                                                                                                   | Men                                                | pants                                              |            0.52 |  5052.669999999999 |     0.3496294211981245
 AAAAAAAAHGDAAAAA | Indian, fierce limitations should not eat thick. Electronic surfaces avoid young blues. Vulnerable, special tons shall cope probably other figures. Green, similar respondents feel u                    | Men                                                | pants                                              |            6.99 |           13002.36 |     0.8997238293832066
 AAAAAAAAHGHCAAAA | European customers speak; legal areas shall move opponents. Short proposals invest top problems. Over voluntary men expand shares. Individuals produce away now other circles                            | Men                                                | pants                                              |            3.04 |             5081.6 |     0.3516312893500644
 AAAAAAAAHGLBAAAA | Orders will not continue ultimately blue children. Ancient branches analyse partners. Birds understand historical, national men. Republics act extreme                                                   | Men                                                | pants                                              |            1.84 |            6959.67 |     0.4815880304531963
 AAAAAAAAHJDAAAAA | Legs can attract somewhat only different boats. Less sad police must not cut at last central, unemployed ye                                                                                              | Men                                                | pants                                              |           91.18 |            5363.88 |    0.37116420818620577
 AAAAAAAAHKHBAAAA | Successful, industrial reserves shall issue always firms. Eyes must not achieve secondary, likely efforts. Black, national chemicals go. Parents will happen new, good parents; now othe                 | Men                                                | pants                                              |            4.06 |            3653.35 |     0.2528007263356143
 AAAAAAAAHMFBAAAA | Soviet conditions recruit then here young emissions. Personal, good songs hold past soviet, head days. Alone big grounds ought                                                                           | Men                                                | pants                                              |           56.52 |            2509.78 |     0.1736691548695302
 AAAAAAAAHNFAAAAA | Too c                                                                                                                                                                                                    | Men                                                | pants                                              |           51.58 |            5055.71 |    0.34983977996694227
 AAAAAAAAHOOCAAAA | Ancient, responsible allies will not decide however on a glasses. New, bad years express great, alone hun                                                                                                | Men                                                | pants                                              |            0.74 |            1782.28 |    0.12332836397647054
 AAAAAAAAHPMAAAAA | Ministers shall boost closely on a humans. Tomorrow responsible regulations drop in a c                                                                                                                  | Men                                                | pants                                              |            3.35 |           10685.69 |     0.7394173001210423
 AAAAAAAAIAJCAAAA | Very psychological cattle accept very. Children used to precipitate both families. Adequate, final eyes will not work services. Minutes hear. Doctors exploit here. Organisatio                          | Men                                                | pants                                              |            8.01 |             2064.1 |    0.14282945220943558
 AAAAAAAAIBDBAAAA | There basic pounds let tonight at a events. Elections would not meet now at first grim governments. Today total sales will make no longer glad major products. Characteristics kno                       | Men                                                | pants                                              |            5.29 |           30875.13 |     2.1364652414103533
 AAAAAAAAIBLDAAAA | Others stand; effective panels silence. Environmental fruits may lose quickly. Lessons preserve in order new, various numbers. Political terms would defend. Numerous alternatives take mov              | Men                                                | pants                                              |             2.5 |           11134.66 |     0.7704846607908115
 AAAAAAAAIEBDAAAA | Foreign, prime lessons know able, wrong holidays; services give arts. Bad minds                                                                                                                          | Men                                                | pants                                              |            4.14 |             544.82 |   0.037699889614236086
 AAAAAAAAIEPCAAAA | Junior companies take                                                                                                                                                                                    | Men                                                | pants                                              |            8.33 | 1579.6200000000001 |    0.10930490736837781
 AAAAAAAAIFFEAAAA | Sufficient,                                                                                                                                                                                              | Men                                                | pants                                              |            3.23 |              19.18 |  0.0013271977585276751
 AAAAAAAAIFMAAAAA | Round workers take small, great universities. Arbitrarily political heads can meet then international bright houses. Broad symptoms get championships. Days make more in the co                          | Men                                                | pants                                              |            4.36 |             456.63 |    0.03159740940961899
 AAAAAAAAIHKDAAAA | Easy, emotional observers may market leading, extra pp.; sciences work as available years. Forthcoming accounts interpret about different equations; today assistant qualities a                         | Men                                                | pants                                              |            3.23 |            9909.63 |      0.685716304683973
 AAAAAAAAIIDBAAAA | Arms draw; eyes adopt later technological, low results. Commercial americans teach still; agreements may know pri                                                                                        | Men                                                | pants                                              |           36.68 |             2078.1 |    0.14379820969741197
 AAAAAAAAIIDEAAAA | Somewhat blue days complain relatively apparent visits. Reasons can tell then then surprised needs. United resources go just obvious strategies. Shares may not prove mistakes. Please ne                | Men                                                | pants                                              |           46.82 |  7390.169999999999 |     0.5113773232084706
 AAAAAAAAIJECAAAA | Practical, high events like previous relations. Exhibitions see very wrong others. Better new men ought to wake by far judicial, ac                                                                      | Men                                                | pants                                              |           21.36 |            3675.42 |     0.2543279033184457
 AAAAAAAAIJEEAAAA | Students say in no experiences. Skills ought to seek also again central men. Problems move at the honours. Ago new connections would restore. Function                                                   | Men                                                | pants                                              |           77.23 |            2127.79 |    0.14723660681009396
 AAAAAAAAIKEAAAAA | Eyebrows will not pursue however patterns; more local memories cannot find very constant relationships. Wonderful men use probably types. Foreign, religious days s                                      | Men                                                | pants                                              |            4.33 |            7837.91 |     0.5423595716132248
 AAAAAAAAILICAAAA | Members shall anticipate to a sisters; investigations might not demonstrate hence; ingredients should not turn wi                                                                                        | Men                                                | pants                                              |            1.55 |             254.14 |    0.01758571628530883
 AAAAAAAAILKAAAAA | Efforts see here good details. Chairs run too in a tons; great, alone measures can vanish already much red r                                                                                             | Men                                                | pants                                              |            4.08 |           18551.15 |      1.283683248076678
 AAAAAAAAIMDCAAAA | Most sufficient initiatives could not enable. Sheets think here as dark years. As expensiv                                                                                                               | Men                                                | pants                                              |            5.65 |            4995.54 |     0.3456761986775465
 AAAAAAAAIMIBAAAA | Economic, local friends may want however bloody shops. Decades look together then human things.                                                                                                          | Men                                                | pants                                              |            1.98 |             110.43 |    0.00764142067123103
 AAAAAAAAIPCBAAAA | Telecommunications should consider readily long, important girls; labour, right words paint nationally i                                                                                                 | Men                                                | pants                                              |            1.77 |            6542.81 |    0.45274258427906455
 AAAAAAAAIPDAAAAA | British structures cannot emphasize though soon overseas interviews. Services could not grant proudly final books. Social, frequent c                                                                    | Men                                                | pants                                              |           37.29 | 4395.2300000000005 |     0.3041365695627526
 AAAAAAAAIPGCAAAA | Years shall not agree. Ordinary, public others shall know. Big hands may not max                                                                                                                         | Men                                                | pants                                              |            1.91 | 23269.019999999997 |     1.6101455259194806
 AAAAAAAAJAKAAAAA | Otherwise big individuals know wild, tight companies. External, other kids apologise totally markets. Mi                                                                                                 | Men                                                | pants                                              |            7.66 | 2433.1800000000003 |    0.16836866747103071
 AAAAAAAAJCLDAAAA | Other branches could not give new women. Future, direct preferences agree also national woods. Now substantial areas make else often o                                                                   | Men                                                | pants                                              |              37 |            5467.06 |    0.37830395087259183
 AAAAAAAAJCPCAAAA | Loud strong preparations meet societies. Gentle abilities make pp.. Groups might count so here tough classes; only human directions should compensate yesterday strictly overseas jobs                   | Men                                                | pants                                              |            4.98 |            8527.35 |      0.590066726078257
 AAAAAAAAJDKAAAAA | Either female miles renounce there books. Good things must reject in a police. Radically                                                                                                                 | Men                                                | pants                                              |           63.97 |  9234.960000000001 |      0.639031189368756
 AAAAAAAAJGBDAAAA | Buildings might remove. Else intense popu                                                                                                                                                                | Men                                                | pants                                              |            2.97 |             901.73 |   0.062396977830925994
 AAAAAAAAJHLBAAAA | Historians used to see away from the years. National, real rats feel slightly at least right groups. Main things must result often red papers. There                                                     | Men                                                | pants                                              |            2.63 |            7790.02 |     0.5390457290347112
 AAAAAAAAJIIDAAAA | Black structures might flow straight; difficult counties know for a wings. Grand projects must mean considerably to the facilities. Familiar men carry clea                                              | Men                                                | pants                                              |            8.65 |            6576.03 |     0.4550413074041057
 AAAAAAAAJKADAAAA | Raw, wrong activities might stand plain policies; american, different documents canno                                                                                                                    | Men                                                | pants                                              |           51.99 |            1671.57 |    0.11566756815547997
 AAAAAAAAJMAEAAAA | Other services join differences; original, particular animals realise more yellow forms. Economically particular recommendations used                                                                    | Men                                                | pants                                              |            1.36 |            4864.99 |     0.3366425351021666
 AAAAAAAAJMEAAAAA | Happy, attractive dangers could develop                                                                                                                                                                  | Men                                                | pants                                              |             2.8 | 16203.310000000001 |     1.1212198494644978
 AAAAAAAAJOIAAAAA | Central, central groups could not phone. Really basic times will walk internal, social times. Ashamed police will not sound simple, big refugees; classes ought to engage. Secondary levels must not c   | Men                                                | pants                                              |            3.81 |            9248.85 |     0.6399923351907554
 AAAAAAAAJPBAAAAA | Immediate friends learn already. Yesterday important deals will come once t                                                                                                                              | Men                                                | pants                                              |            8.32 |            7705.07 |     0.5331674469915972
 AAAAAAAAKADBAAAA | High, essential children think occas                                                                                                                                                                     | Men                                                | pants                                              |            8.44 |            3561.98 |     0.2464781997872997
 AAAAAAAAKAKCAAAA | Elderly, wrong movies ought to compile really to a animals. Right                                                                                                                                        | Men                                                | pants                                              |            7.13 |           10778.51 |      0.745840162266326
 AAAAAAAAKBGAAAAA | New, potential readers shall explain however. Assessments sign never others; soldiers come. Gingerly formal layers produce never open cells. Minor games will not make other schools. Profe              | Men                                                | pants                                              |           12.45 | 3463.1800000000003 |    0.23964153980072336
 AAAAAAAAKBKBAAAA | Independent aspects would put chiefly maybe main parts; modest locations used to want however also royal owners. Preliminary interests should experimen                                                  | Men                                                | pants                                              |            1.53 |             4228.2 |     0.2925786007615598
 AAAAAAAAKBMAAAAA | Rates run. Faster national pools set units; strong accountants can l                                                                                                                                     | Men                                                | pants                                              |            9.84 |            3306.46 |    0.22879699169246176
 AAAAAAAAKDGAAAAA | Regular requirements care rather others. Up to perfect lectures kill more socially major scholars. Then small patients marry possible situations. Probably complete arts learn yet from a eyes.          | Men                                                | pants                                              |           99.26 |            3780.81 |     0.2616205712940052
 AAAAAAAAKEBCAAAA | Tensions attract historical, modern benefits. Environmental years                                                                                                                                        | Men                                                | pants                                              |            1.53 |           14660.64 |     1.0144717698947432
 AAAAAAAAKEFBAAAA | Classical, necessary songs understand more old points; wide men shall not get as to a parents. S                                                                                                         | Men                                                | pants                                              |            2.22 |            1042.56 |    0.07214198619033436
 AAAAAAAAKEODAAAA | Wide, american systems come quickly also disabled missiles. Still complex stones allow nearer labour parties; difficulties happen english seconds. Opportunities derive properly so pa                   | Men                                                | pants                                              |            4.96 |            3130.04 |    0.21658926340469054
 AAAAAAAAKHJDAAAA | Workers must not incorporate estimated                                                                                                                                                                   | Men                                                | pants                                              |            2.93 | 2156.4700000000003 |    0.14922117572117707
 AAAAAAAAKIABAAAA | Only living nurses work already mature, original suggestions. Clear cars would involve electric moments. Ideas used to say new, growing                                                                  | Men                                                | pants                                              |            5.55 |             469.68 |    0.03250042978233986
 AAAAAAAAKIDEAAAA | Perfect, social forces shall encounter ago technical hands; other                                                                                                                                        | Men                                                | pants                                              |            7.29 | 3762.1099999999997 |    0.26032658807792236
 AAAAAAAAKIICAAAA | Financial details see below almost annual years. Gradual, historical novels will fight widely glad years. External, natural consumers get also essential, satisfied unions; sign                         | Men                                                | pants                                              |            4.87 |           13796.79 |     0.9546959730384277
 AAAAAAAAKJCBAAAA | Police ought to see urban ages. Daily great years cannot become. Urban interests meet. Other an                                                                                                          | Men                                                | pants                                              |            3.84 |            4241.96 |     0.2935307509783137
 AAAAAAAAKKGCAAAA | Now sure groups shall get then open unlikely lists. However rural components would protect usually grim old reasons; certainly medical seeds may stop by                                                 | Men                                                | pants                                              |            1.02 |  4870.950000000001 |     0.3370549490041908
 AAAAAAAAKLFAAAAA | Different                                                                                                                                                                                                | Men                                                | pants                                              |            1.41 | 2014.1399999999999 |    0.13937237191662835
 AAAAAAAAKLHAAAAA | Children ought to think moreover rather yellow years.                                                                                                                                                    | Men                                                | pants                                              |            0.73 |            3835.04 |     0.2653731226206452
 AAAAAAAAKNGCAAAA | Others could call publicly. Togethe                                                                                                                                                                      | Men                                                | pants                                              |            4.43 |            3563.73 |    0.24659929447329676
 AAAAAAAAKODEAAAA | Easy, poor policies should not light active, new examples. Heavy, following girls will share songs. Deep, lesser communities shall put apparently. Current, ot                                           | Men                                                | pants                                              |            7.29 |             372.24 |   0.025757877666024078
 AAAAAAAAKOHAAAAA | Quick things will not postpone more financial stars. Concerned applicants would recognize hence in a members; now possible hours turn parties. Strong developments grow re                               | Men                                                | pants                                              |            5.76 |            5941.59 |    0.41113998592755213
 AAAAAAAAKOLAAAAA | Clear, long reservations select as hands. Br                                                                                                                                                             | Men                                                | pants                                              |            1.37 |            1555.97 |    0.10766839918333194
 AAAAAAAAKPGBAAAA | French services would not miss for a police. Elements go now hardly large                                                                                                                                | Men                                                | pants                                              |            6.77 | 3977.1800000000003 |     0.2752087790021428
 AAAAAAAAKPHDAAAA | Acceptable individuals assess strongly. Deaf, likely affairs should ensure as. Dangerously sweet examples live further areas. Relatively public election                                                 | Men                                                | pants                                              |             1.8 |             2784.1 |    0.19265126587679354
 AAAAAAAAKPICAAAA | Great, stron                                                                                                                                                                                             | Men                                                | pants                                              |           18.91 |            9746.14 |     0.6744032931333116
 AAAAAAAALACAAAAA | Times hold through a titles. Home christian restaurants ought to matter bad, physical months; police give then public years. Policies acknowledge as new, certain                                        | Men                                                | pants                                              |            3.65 | 5605.7699999999995 |    0.38790226166953523
 AAAAAAAALBHAAAAA | Activities earn forward among the levels. Most very problems will not ensure by the pa                                                                                                                   | Men                                                | pants                                              |            4.88 |           19285.14 |      1.334473127262378
 AAAAAAAALBOCAAAA | Children win further. Passengers pull here m                                                                                                                                                             | Men                                                | pants                                              |            3.44 |            3256.12 |    0.22531361655355234
 AAAAAAAALGACAAAA | Quite important images get always in a men. Important, reliable words may give there more nor                                                                                                            | Men                                                | pants                                              |            9.72 |            7296.65 |     0.5049060231887884
 AAAAAAAALJJCAAAA | Mental, dead effects comply indeed democrats. Organic bo                                                                                                                                                 | Men                                                | pants                                              |             0.1 |             877.15 |    0.06069611646989313
 AAAAAAAALKABAAAA | Hands shall not go. Forward lonely boys consider precious, famous years; only d                                                                                                                          | Men                                                | pants                                              |            8.82 | 2312.7200000000003 |      0.160033201256628
 AAAAAAAALNBAAAAA | However initial opportunities put as. Faces may not examine characteristically new, wide heads. So ideal w                                                                                               | Men                                                | pants                                              |             4.1 |            3026.34 |    0.20941353829732245
 AAAAAAAALOGAAAAA | Massive workers wait miles. Able citizens get rates. Gentlemen ought to get presumably from a sports. Eyes develop then violent plans. Corporate constraints must not hear from                          | Men                                                | pants                                              |             3.7 | 13742.029999999999 |     0.9509067473211714
 AAAAAAAAMBHDAAAA | Exceptional, healthy powers must not see there however left patients. Probably other scientists cause relatively p                                                                                       | Men                                                | pants                                              |           85.27 | 2884.3799999999997 |    0.19959033736924164
 AAAAAAAAMBMDAAAA | New, familiar clothes approach other activities. Large, local houses take times. Words focus with a firms. Large, favorite                                                                               | Men                                                | pants                                              |            8.55 |           10617.92 |     0.7347278219096023
 AAAAAAAAMDDEAAAA | Unknown advantages used to allow here poor, central colonies; downwards social miles                                                                                                                     | Men                                                | pants                                              |            6.61 |            2934.01 |    0.20302458266411805
 AAAAAAAAMEAAAAAA | As medical stairs heat now; suddenly cautious texts tell materials. Legally social teeth forget as late incentives; about absolute terms seek                                                            | Men                                                | pants                                              |            0.54 | 3671.2799999999997 |    0.25404142788985834
 AAAAAAAAMEBDAAAA | Structures roll much very marginal streets. P                                                                                                                                                            | Men                                                | pants                                              |            2.63 |             804.06 |    0.05563851041302203
 AAAAAAAAMEDEAAAA | Networks afford with a elements. Additional, still parents smell in a knees. Military, national scientists handle too vital groups.                                                                      | Men                                                | pants                                              |            1.16 |            2132.79 |    0.14758259162722837
 AAAAAAAAMHKAAAAA | Much secondary times escape then extra experiences. Current, early businesses reopen else; enough capital alternatives would not find; active chan                                                       | Men                                                | pants                                              |            7.15 |            6630.06 |     0.4587800193380604
 AAAAAAAAMIADAAAA | Provisions find by a lives. Sheer drawings might not wait sure, single schools. So famous others might begin later satisfied domestic decisions. Sudden, important offices think. Main,                  | Men                                                | pants                                              |            0.48 |            7803.38 |     0.5399702004660943
 AAAAAAAAMINBAAAA | Right areas can secure over. More straight addresses shall proceed still fo                                                                                                                              | Men                                                | pants                                              |            8.11 |             9945.6 |     0.6882053194584383
 AAAAAAAAMJGCAAAA | Already initial scots s                                                                                                                                                                                  | Men                                                | pants                                              |            1.88 |            2536.38 |    0.17550979409668532
 AAAAAAAAMJPCAAAA | Overall arms would reduce hitherto cells. Expressions advise well hands. Cultural, solid bars should see particular tons. Vague abilit                                                                   | Men                                                | pants                                              |            1.86 |             930.75 |    0.06440507370957423
 AAAAAAAAMKCCAAAA | Parents could say p                                                                                                                                                                                      | Men                                                | pants                                              |            2.88 |           17527.84 |     1.2128733034323111
 AAAAAAAAMKEAAAAA | Industrial, addition                                                                                                                                                                                     | Men                                                | pants                                              |           83.16 |           15336.09 |     1.0612108588414335
 AAAAAAAAMKFCAAAA | Quite key characteristics may not leave better new medical c                                                                                                                                             | Men                                                | pants                                              |            2.29 |  6335.160000000001 |    0.43837383482347175
 AAAAAAAAMNICAAAA | Modern attitudes                                                                                                                                                                                         | Men                                                | pants                                              |            9.28 |           15378.39 |     1.0641378903943908
 AAAAAAAANBFAAAAA | Hotels tear sports. Also happy awards ought to know of course on a years. Organizations would not indicate now wild, linguistic reports. Rates secure extremely sides. Police should n                   | Men                                                | pants                                              |            2.51 |            1722.67 |    0.11920353298659386
 AAAAAAAANECAAAAA | Subsequently fiscal sports encourage faster likely advantages; organic doors set tropical, british films. Ethical, sorry views honour above at                                                           | Men                                                | pants                                              |            7.58 | 1240.9199999999998 |    0.08586789585569148
 AAAAAAAANJECAAAA | For example only resources hear tiny, long counties. Than                                                                                                                                                | Men                                                | pants                                              |            4.58 |                126 |   0.008718817391787648
 AAAAAAAANLDBAAAA | Well independent connections keep very police; dead flowe                                                                                                                                                | Men                                                | pants                                              |            6.02 |            2735.59 |     0.1892945211809553
 AAAAAAAANODEAAAA | Still easy eggs might not take well other, great schools. Black, particular circumstances will shout much ordinarily ol                                                                                  | Men                                                | pants                                              |            7.09 |            3076.84 |    0.21290798495038019
 AAAAAAAAOABEAAAA | Other, residential gains could make clearly sometimes individual levels. Then different servants should walk arab books. Apart traditional pieces help at least major stairs. Warm days c                | Men                                                | pants                                              |            2.07 |            8276.26 |     0.5726920605314002
 AAAAAAAAOALBAAAA | As pleased years reach earlier arts. Complex, british reductions produce unit                                                                                                                            | Men                                                | pants                                              |           17.44 |            5576.88 |     0.3859031613961325
 AAAAAAAAOAMCAAAA | Both full solutions will not make critical roads. So previous votes start too immensely thin members. Councils may focus surprisin                                                                       | Men                                                | pants                                              |             8.8 |            3531.29 |    0.24435454497972858
 AAAAAAAAOAPAAAAA | Results join. Areas may not work thanks. Demanding leve                                                                                                                                                  | Men                                                | pants                                              |            8.46 |             158.67 |   0.010979482186944015
 AAAAAAAAOBGCAAAA | Real, true girls must see possibly flexible, good groups. Unable trials involve; violent others could not release dull purposes. Sm                                                                      | Men                                                | pants                                              |            0.09 | 4032.7999999999997 |     0.2790575141079462
 AAAAAAAAOCNCAAAA | Small, effective costs feed tragic, right problems. Quite wet schemes comply only comprehensive prices. Clearly public materials welcome on the feet. Regions shall not scream as wel                    | Men                                                | pants                                              |            0.62 |            4111.48 |     0.2845019311903736
 AAAAAAAAOCOBAAAA | Specified legs may feel very after a issues. Now possible women form aside pro                                                                                                                           | Men                                                | pants                                              |            7.34 |            2519.45 |    0.17433828950586813
 AAAAAAAAOELDAAAA | American, afraid eyes know; attractive, reduced children evaluate more men. Fragments would not start from a others. Friends will sit solely. Largely handsome deals shall                               | Men                                                | pants                                              |            9.99 |             3288.7 |    0.22756805362200028
 AAAAAAAAOGCDAAAA | Young, legal eyes could get terrible, young services. Ago new children may not need more easily only costs. Legal, valid males could hold as good ev                                                     | Men                                                | pants                                              |            9.99 |           11886.89 |      0.822536692589418
 AAAAAAAAOGEBAAAA | Alone areas might not catch home grounds. Top officers must seem at least young, full architects. Full students used to go away to a times; financial windows would m                                    | Men                                                | pants                                              |            4.19 |  6979.129999999999 |     0.4829346033614834
 AAAAAAAAOGJAAAAA | Masses get nearly in the parties. English studies seem previous, alive clients. Futures might examine please inland                                                                                      | Men                                                | pants                                              |            1.58 |            3456.48 |    0.23917792014576322
 AAAAAAAAOHBAAAAA | Ancient fields meet deep groups. True prisoner                                                                                                                                                           | Men                                                | pants                                              |            2.62 |           10444.05 |     0.7226965458785696
 AAAAAAAAOICBAAAA | Interesting winds would                                                                                                                                                                                  | Men                                                | pants                                              |            5.84 |             5542.6 |     0.3835310894898588
 AAAAAAAAOIHDAAAA | Long households expose now chronic, ready questions; months put like the holes. Refugees buy alternatively. Chinese, inland services face just obvious letters. Complete weapons wear briefly holidays;  | Men                                                | pants                                              |            7.49 |               2587 |     0.1790125443853543
 AAAAAAAAOJBCAAAA | Later electrical years increase as on a islands. Also corporate sanctions must work unnecessarily. Meanwhile new pounds would not take                                                                   | Men                                                | pants                                              |           94.86 |           10352.39 |     0.7163539522108613
 AAAAAAAAOJFDAAAA | Visible sources shall put relatively from a mistakes. Sometimes increased pilots produce inner, adequate grounds. Areas shall work never conscious, general circles. Compatible effects coul             | Men                                                | pants                                              |            3.97 |            2476.86 |     0.1713911908335171
 AAAAAAAAOKABAAAA | Overseas areas used                                                                                                                                                                                      | Men                                                | pants                                              |           36.31 | 1922.7800000000002 |    0.13305053733794805
 AAAAAAAAOKFAAAAA | Personal things might not receive soft, la                                                                                                                                                               | Men                                                | pants                                              |            1.03 |           11300.15 |     0.7819360662683268
 AAAAAAAAOLADAAAA | Able numbers get. Good, military hands show just rooms; other forms find never.                                                                                                                          | Men                                                | pants                                              |            9.03 |            3156.97 |    0.21845273762977657
 AAAAAAAAOLBDAAAA | Others could come departments. Just rigid persons give. Here relevant measures must not stop successfully ti                                                                                             | Men                                                | pants                                              |            4.84 |  8616.449999999999 |     0.5962321755195925
 AAAAAAAAOLCEAAAA | Political, rich chemicals can organise still at best dear actions. European ar                                                                                                                           | Men                                                | pants                                              |            4.32 |            10819.4 |     0.7486696261008513
 AAAAAAAAOMAAAAAA | Present times ought to occur now internal men. So gothic losses take benefits; once great feet ought to succeed hopefully despite a areas. La                                                            | Men                                                | pants                                              |            5.45 |             959.27 |    0.06637857110650902
 AAAAAAAAOMGAAAAA | Japanese functions could experience large, armed standards. Friends shall add little usually available manufacturers. Defences will dominate lines. So early sons cope studies. Technical, aust          | Men                                                | pants                                              |            0.85 |           12938.48 |     0.8953035273594971
 AAAAAAAAONIAAAAA | New traders display surroundings. Similar, main poems would seek large, new careers. White, importan                                                                                                     | Men                                                | pants                                              |            75.4 |            1442.85 |    0.09984083868048259
 AAAAAAAAOOBCAAAA | Important, simple conflicts should ta                                                                                                                                                                    | Men                                                | pants                                              |            3.35 |            3598.76 |    0.24902326410214057
 AAAAAAAAOOMDAAAA | Sensible, cold services cannot consider now still other years; things find secret lawyers. Clear payments will emerge social details. More giant unive                                                   | Men                                                | pants                                              |            5.43 | 4138.7300000000005 |     0.2863875484437563
 AAAAAAAAOONDAAAA | Senior, main events should not park below for a processes. Critical, equal yards work common facilities; very national women exploit however french customers. Jus                                       | Men                                                | pants                                              |            2.24 |            9985.02 |     0.6909330637567261
 AAAAAAAAPCGCAAAA | Thinly personal items                                                                                                                                                                                    | Men                                                | pants                                              |            8.76 |            5637.76 |     0.3901158725295613
 AAAAAAAAPEHCAAAA | Indicators must not h                                                                                                                                                                                    | Men                                                | pants                                              |            1.53 |            6847.24 |     0.4738082158551115
 AAAAAAAAPFBEAAAA | Ready, british reductions would not know relatively soon reliable v                                                                                                                                      | Men                                                | pants                                              |            0.77 |  7097.450000000001 |    0.49112198807415275
 AAAAAAAAPGDBAAAA | Workers fall to a doors. Automatic provisions must enjoy later clearly dutch schemes. Nervous questions report surely expectations. Germans should lead completely. Urban, crucial fires know yester     | Men                                                | pants                                              |            8.38 |             344.76 |   0.023856345111053247
 AAAAAAAAPJNAAAAA | European, free structures acknowledge. Interesting, colonial figures will not counter about different forms. Ears sound now likely, particular pattern                                                   | Men                                                | pants                                              |            4.71 |           13535.73 |     0.9366314137662048
 AAAAAAAAPMLCAAAA | Organizations believe major companies; inside entire facilities modernise just parties. Small cells leave somehow; different, traditional structures m                                                   | Men                                                | pants                                              |             8.3 |            9268.71 |     0.6413665868844133
 AAAAAAAAPOBEAAAA | Other, cognitive cases should appreciate studies. Single, detailed talks will drift also finger                                                                                                          | Men                                                | pants                                              |             1.1 |             9884.4 |     0.6839704652967128
 AAAAAAAAPOEBAAAA | Real services would not see generous, different agents; new purposes may not win off a numbers; narrow pressures could like from a findings. C                                                           | Men                                                | pants                                              |            0.27 |             385.65 |    0.02668580894557862
 AAAAAAAAAAEEAAAA | Very common rebels cannot enjoy thoroughly modern sides. Distinctive experiences could not try steps. Obvious, effective corners used to come in a models. Subjects might not serv                       | Men                                                | shirts                                             |            2.93 |            3510.36 |     0.2665376665544361
 AAAAAAAAAAKDAAAA | Concerned presents would pick now english minutes. Else new windows know too mutual, regional offers. Substances might explain students. Basic, possible firms inhibit parts; major months experien      | Men                                                | shirts                                             |           70.93 | 1408.3600000000001 |    0.10693518273584637
 AAAAAAAAABBAAAAA | Likely thoughts will debate necessarily other eyes. Real, particu                                                                                                                                        | Men                                                | shirts                                             |             0.6 | 5941.9400000000005 |     0.4511647872031547
 AAAAAAAAABICAAAA | High costs shall explain at least towns. Scenes                                                                                                                                                          | Men                                                | shirts                                             |            0.69 |            4373.65 |    0.33208630035831355
 AAAAAAAAABJBAAAA | Newspapers give other, average children. Very central servants mean here; likely degrees will not trade low in a blocks. Decisive, male symptoms record lately                                           | Men                                                | shirts                                             |            4.68 |           19548.27 |     1.4842780429859295
 AAAAAAAAABNAAAAA | Sales must swear here                                                                                                                                                                                    | Men                                                | shirts                                             |            4.83 | 13378.589999999998 |     1.0158212150288042
 AAAAAAAAAECBAAAA | Other minutes shall move large awards. Tremendous winners remain at all social, specific others. Blue, star terms beat also different things. Here available pubs buy. English eyes shall not focus      | Men                                                | shirts                                             |             8.2 | 12194.259999999998 |     0.9258963769408545
 AAAAAAAAAEGEAAAA | Already bad cases come on a fingers. Minutes tackle; various objects stay by a phenomena. Different stude                                                                                                | Men                                                | shirts                                             |            1.19 |            2309.34 |    0.17534557563350242
 AAAAAAAAAGIDAAAA | Potentially possible concessions might not play a little. Public, new days mind similarly important methods; male groups carry very grim communications. Actual reserves will murder on                  | Men                                                | shirts                                             |             8.1 |            2431.55 |    0.18462484278263178
 AAAAAAAAAHABAAAA | Galleri                                                                                                                                                                                                  | Men                                                | shirts                                             |            3.82 |  6122.359999999999 |    0.46486387384946765
 AAAAAAAAAICAAAAA | English, front sums should not speak so successful, small duties; similar, young requirements determine favourably detailed, associated hills; years might end small, useful ways. Probably              | Men                                                | shirts                                             |            1.62 |             368.98 |   0.028016234290857873
 AAAAAAAAAIHBAAAA | New prices trap linguistic, domestic students. Soon critical conclusions should capture really sweet clients. Personal practitioners draw shortly at a characteristics. Moments might k                  | Men                                                | shirts                                             |            7.92 |            4519.34 |    0.34314837736475046
 AAAAAAAAAJFCAAAA | Recent children might make needs. A bit european individuals see especiall                                                                                                                               | Men                                                | shirts                                             |            1.59 |            1724.72 |     0.1309560399103702
 AAAAAAAAAJICAAAA | Increased, new sectors might believe particularly altogether coherent others. So great ages ought to gain always into the months. Methods will counter completely.                                       | Men                                                | shirts                                             |            8.76 |            3015.66 |    0.22897565478228754
 AAAAAAAAAKBDAAAA | Enough useful clothes spare more in a subjects; decisions should not complement new, personal passengers. Theoretical figures make. About able states could                                              | Men                                                | shirts                                             |            4.51 |            6320.41 |    0.47990158646615266
 AAAAAAAAAKGDAAAA | Meals will break barely in aid of a drugs. Points force necessarily. Main, ord                                                                                                                           | Men                                                | shirts                                             |           10.77 |           11292.27 |     0.8574092958849413
 AAAAAAAAALLAAAAA | Ever particular notes may agree other, different vehicles. Final documents must not succeed free, general materi                                                                                         | Men                                                | shirts                                             |            4.23 |            2064.42 |    0.15674907690046294
 AAAAAAAAALPCAAAA | American, other arms can require. Nations get enough neutral, unemployed                                                                                                                                 | Men                                                | shirts                                             |            6.93 |             2059.6 |    0.15638309974917577
 AAAAAAAAAMKBAAAA | Often american groups increase able qualities. Good stories mention purposes. Dead events can consider clearly at a shoes. Wings include edges. Rather marginal affairs find th                          | Men                                                | shirts                                             |             4.4 |             924.03 |    0.07016055334105209
 AAAAAAAAANFBAAAA | Normal, dead shops would not identify at once new blacks. Particularly relevant positions must return just main forms; a bit industrial leaders remember                                                 | Men                                                | shirts                                             |            3.36 | 11164.220000000001 |     0.8476866041375719
 AAAAAAAAANKCAAAA | Civil, automatic changes might find most other, wide situations; scientific, real numbers revise neve                                                                                                    | Men                                                | shirts                                             |            4.68 |           10185.42 |     0.7733674266106282
 AAAAAAAAANPAAAAA | Particularly available lessons used to afford political comments. Incomes form then different decisions; only persons m                                                                                  | Men                                                | shirts                                             |            1.69 |           19242.77 |     1.4610817733348451
 AAAAAAAAAOBBAAAA | Long, only times shall not admit available events; services enable in a leaves. Incidents handle somewhat writers. At first potential prayers                                                            | Men                                                | shirts                                             |            1.22 |            9610.43 |     0.7297090859013747
 AAAAAAAAAOEEAAAA | Environmental, german trends purchase away necessary pp.. All great unions become words. Women capture even. Friendly, alone events go enough. Future equations                                          | Men                                                | shirts                                             |           57.53 |            10016.5 |     0.7605415219642742
 AAAAAAAAAOIDAAAA | New, junior demands could justify defensively necessary ministers. Dramatic years might think at first ol                                                                                                | Men                                                | shirts                                             |            4.51 |           10400.41 |     0.7896913742776875
 AAAAAAAAAOJCAAAA | There high meals change. Full inches improve ago. Offices will not come most political restrictions. Authorities see prices. General friends go ago less great reports. Rights ought to interrupt a l    | Men                                                | shirts                                             |            1.45 |              598.4 |    0.04543583554569178
 AAAAAAAAAPOAAAAA | Clearly sad ships feel for the films.                                                                                                                                                                    | Men                                                | shirts                                             |             4.9 |            1481.18 |    0.11246432301732578
 AAAAAAAAAPODAAAA | Nuclear, nuc                                                                                                                                                                                             | Men                                                | shirts                                             |           35.98 |             6327.7 |     0.4804551079252571
 AAAAAAAABEPCAAAA | Full, bitter skills link yesterday other, acceptable hours. Good, aware lives shall call therefore extreme                                                                                               | Men                                                | shirts                                             |            2.84 |  8257.359999999999 |     0.6269720103635918
 AAAAAAAABFEAAAAA | Versions would make tight nights; pink minutes adopt complex activities; immediately southern victims free often useful agencies. Different, dangerous millions thi                                      | Men                                                | shirts                                             |            4.26 |            6007.54 |      0.456145721046399
 AAAAAAAABINAAAAA | Popular roles may apply then secret profits. Much darling pains will not defend equivalent words. Particularly national magistrates pay between the times. Par                                           | Men                                                | shirts                                             |            5.19 |             587.64 |    0.04461884090920842
 AAAAAAAABLLCAAAA | Social countri                                                                                                                                                                                           | Men                                                | shirts                                             |            3.64 |           19693.23 |     1.4952846919175864
 AAAAAAAABPGDAAAA | Desperate, popular gifts may win. Practical pp. return                                                                                                                                                   | Men                                                | shirts                                             |            4.34 | 11966.720000000001 |     0.9086195219607967
 AAAAAAAACBABAAAA | All the same expected officials believe bodies; young heels sustain to a areas. Only examples could act quite                                                                                            | Men                                                | shirts                                             |            2.68 | 10619.970000000001 |     0.8063623168786436
 AAAAAAAACCAAAAAA | There prime topics learn perhaps. Boxes remove forward russian products. Top                                                                                                                             | Men                                                | shirts                                             |            1.25 |             6307.4 |     0.4789137518731556
 AAAAAAAACCKDAAAA | Weeks help on                                                                                                                                                                                            | Men                                                | shirts                                             |            9.75 | 12368.710000000001 |     0.9391421682358846
 AAAAAAAACEDBAAAA | Interested floors think below new, direct changes. Direct poor members should not cover as it were public jobs. Again due findings must collapse i                                                       | Men                                                | shirts                                             |           52.32 |            2726.64 |    0.20703069290157924
 AAAAAAAACEKDAAAA | Faces shall become now since a rates. Glad friends should wash together goo                                                                                                                              | Men                                                | shirts                                             |            3.29 | 12694.060000000001 |     0.9638456259477678
 AAAAAAAACFBCAAAA | Perfect problems find. Other managers will play however                                                                                                                                                  | Men                                                | shirts                                             |            1.52 |             8709.6 |     0.6613100823341529
 AAAAAAAACFCCAAAA | Patterns love just men; soon simple authorities balance constantly still single relationships. Variations work to a things.                                                                              | Men                                                | shirts                                             |            2.04 |            1262.06 |    0.09582678911897688
 AAAAAAAACFEAAAAA | Legal, other papers quit instead great police. Contracts bury for the things. New hands cannot exceed ever also normal parties. Always other members would determine roughly in a companies              | Men                                                | shirts                                             |             4.7 |            3884.18 |     0.2949213965739724
 AAAAAAAACFGDAAAA | So re                                                                                                                                                                                                    | Men                                                | shirts                                             |            1.37 |            5024.33 |    0.38149169720468845
 AAAAAAAACJFEAAAA | Arts get big matters. Available, new contracts would not fall sadly                                                                                                                                      | Men                                                | shirts                                             |            4.45 |            5199.16 |     0.3947663414701518
 AAAAAAAACJLAAAAA | Less social conditions think after a hours. Completely other bones must ensure so                                                                                                                        | Men                                                | shirts                                             |            4.09 |            9547.18 |     0.7249065849016003
 AAAAAAAACKNDAAAA | Dirty areas should rank little i                                                                                                                                                                         | Men                                                | shirts                                             |            2.18 |           10559.34 |     0.8017587495171207
 AAAAAAAACMDCAAAA | At least old terms                                                                                                                                                                                       | Men                                                | shirts                                             |            3.34 |            6972.29 |     0.5293980979560016
 AAAAAAAACMDDAAAA | Benefits change western, alternative negotiations. Parents retreat absolutely police. Secondary, good differences should feel parties. Again plain services may hang also. New, di                       | Men                                                | shirts                                             |             4.7 | 2200.8199999999997 |    0.16710577470867205
 AAAAAAAACNEAAAAA | Past, asian troubles may influence still common years. Even general friends used to                                                                                                                      | Men                                                | shirts                                             |             6.8 |            3767.67 |     0.2860749239813445
 AAAAAAAACNHAAAAA | Outdoor groups take shares. Appropriate winners ask concessions. Rare, new men shall explai                                                                                                              | Men                                                | shirts                                             |            0.71 | 14140.140000000001 |     1.0736448456434797
 AAAAAAAACNMBAAAA | Months would step. Anything but large corners put. At least strategic trees should nod so signs; problems settle sometimes. Well tru                                                                     | Men                                                | shirts                                             |           68.13 |            5981.86 |    0.45419586767605585
 AAAAAAAACOJBAAAA | Hands measure. Main reasons see to a conditions. High articles allow again against a women. Eastern countries get very; contents should thank greatly d                                                  | Men                                                | shirts                                             |           99.07 |            13212.4 |     1.0032025961963535
 AAAAAAAACPDCAAAA | Major, wonderful groups visit then. Visible animals forget. Offices ought to meet still effec                                                                                                            | Men                                                | shirts                                             |            0.14 |            3483.41 |    0.26449138351974966
 AAAAAAAADCACAAAA | Premises shall take then largely ultimate cars. Pairs must know well years; cars st                                                                                                                      | Men                                                | shirts                                             |            7.04 |           11794.75 |     0.8955620342622795
 AAAAAAAADCBBAAAA | Key females could clear further dry, male results. Kindly concerned years could apply then like a securities. Easy words should join just small,                                                         | Men                                                | shirts                                             |            0.41 |            10144.1 |     0.7702300457203408
 AAAAAAAADCPCAAAA | External, domestic interests come capable centres. Real, rare exchanges should not appear o                                                                                                              | Men                                                | shirts                                             |             1.8 | 10126.470000000001 |      0.768891419749969
 AAAAAAAADHFBAAAA | Enormous things ought to fill this poor activities. Particularly likely circumstances manage never; practical in                                                                                         | Men                                                | shirts                                             |            5.82 |             3031.7 |     0.2301935538500564
 AAAAAAAADHKCAAAA | Areas find simply clever programmes. Indian gentlemen arrive in addition;                                                                                                                                | Men                                                | shirts                                             |            0.87 |             4547.9 |    0.34531690587943115
 AAAAAAAADIOAAAAA | Considerable, local winds cannot wish. Blue users should not appreciate all local, large animals. Ways know sometimes goals                                                                              | Men                                                | shirts                                             |            4.26 |             148.72 |   0.011292141481208691
 AAAAAAAADMCCAAAA | Musical travellers exert eyes. Little, other hours understand e                                                                                                                                          | Men                                                | shirts                                             |            3.37 |            2482.24 |     0.1884736771807118
 AAAAAAAADMJBAAAA | Windows will not hold to the reserves. Ashamed members would argue available, complete years. Individuals must not bother more than later important tre                                                  | Men                                                | shirts                                             |             3.9 |  5865.450000000001 |    0.44535698797038414
 AAAAAAAADMNAAAAA | Shortly acceptable needs may earn well new, small members. Problems wil                                                                                                                                  | Men                                                | shirts                                             |            4.81 |            1980.58 |    0.15038320047641413
 AAAAAAAADNIBAAAA | Only foreign vegetables must encourage abs                                                                                                                                                               | Men                                                | shirts                                             |            5.24 |             558.88 |    0.04243512662061534
 AAAAAAAADPDBAAAA | Useless links prove eyes. Then rural reasons invest authorities. Regular, desirable towns prevent sure environments. Gently roman children become as                                                     | Men                                                | shirts                                             |           45.41 |               35.4 |  0.0026878819824824344
 AAAAAAAAEAGBAAAA | Clients phone upstai                                                                                                                                                                                     | Men                                                | shirts                                             |           51.35 |  8351.939999999999 |     0.6341533628467328
 AAAAAAAAEAKAAAAA | Rather essential women need also also inherent ideas; though effective windows                                                                                                                           | Men                                                | shirts                                             |             2.2 |             8267.2 |     0.6277191504400788
 AAAAAAAAEBDCAAAA | Special, correct interests hear british panels. Expected, new patterns keep over a kinds. Else unemployed towns would not afford now fortunes. Large details answer also with a children.                | Men                                                | shirts                                             |            1.75 |             7722.7 |     0.5863758809637598
 AAAAAAAAEEOBAAAA | Kids become to a sides. Unfortuna                                                                                                                                                                        | Men                                                | shirts                                             |             5.6 |             822.27 |   0.062434031574458516
 AAAAAAAAEGBDAAAA | Great actions must cl                                                                                                                                                                                    | Men                                                | shirts                                             |            0.73 |              619.5 |   0.047037934693442605
 AAAAAAAAEGCEAAAA | In order competitive odds used to supplement more swiss, conservative branches. Male, broken tiles ought to safeguard exactly true settings. Rel                                                         | Men                                                | shirts                                             |            2.59 |               6.36 | 0.00048290761041209845
 AAAAAAAAEHFBAAAA | Plan                                                                                                                                                                                                     | Men                                                | shirts                                             |            4.19 |            4315.39 |    0.32766268441765184
 AAAAAAAAEIJCAAAA | Really minute issues shift to no                                                                                                                                                                         | Men                                                | shirts                                             |            94.2 |            2735.26 |    0.20768519975720068
 AAAAAAAAEJBCAAAA | Successful charges listen now isolated choices. Original, national solutions may sail readers. Good, chief rates live occasi                                                                             | Men                                                | shirts                                             |            8.53 |            8491.94 |      0.644783404585364
 AAAAAAAAEJOCAAAA | Political, ltd. images would come normally gently soft workers. Crews will afford for example other, curious problems. Quantities may avoid only. Critics ought to return main                           | Men                                                | shirts                                             |            9.64 |           10399.29 |     0.7896063339437785
 AAAAAAAAEMGAAAAA | Clear waves shall cool colours. Leading minutes could throw regular, soviet players. Sexual, typical matters should make clear                                                                           | Men                                                | shirts                                             |            1.93 |           19323.47 |     1.4672092331084703
 AAAAAAAAEMKAAAAA | Personal teams suit already un                                                                                                                                                                           | Men                                                | shirts                                             |            0.63 |            1272.66 |    0.09663163513633038
 AAAAAAAAEMMDAAAA | Radical, international effects get much huge, bottom eyes. Functions break quite black points. Here accused conditions undertake parallel sure rates. Around different needs meet both. Bodies talk      | Men                                                | shirts                                             |            8.71 |  9776.970000000001 |      0.742354279838172
 AAAAAAAAEODEAAAA | Ago national areas survive late citizens. Students repeat happily from a                                                                                                                                 | Men                                                | shirts                                             |            2.76 |            8525.02 |     0.6472951315904634
 AAAAAAAAEPABAAAA | Main, chinese                                                                                                                                                                                            | Men                                                | shirts                                             |            2.47 |             2685.8 |    0.20392975786868145
 AAAAAAAAFAIDAAAA | Over there consistent examples must not build then. Small applications shall find requirements. Very previous ambitions meet as old characteristics. Even great kinds may help always left obvious y     | Men                                                | shirts                                             |            9.59 |            7210.94 |     0.5475185226768895
 AAAAAAAAFBDBAAAA | Away continuous stores shall not become however details. Minutes take very to a companies. Fresh, safe characters protect as more human kinds. Clear, economic acts test about in the clients. Proc      | Men                                                | shirts                                             |            6.85 |            7145.76 |     0.5425694789588611
 AAAAAAAAFBDEAAAA | Slowly recent lovers win central, precise centres. Corporate, fine cars might go things. Important, equal a                                                                                              | Men                                                | shirts                                             |            3.54 |            5140.09 |    0.39028122314514513
 AAAAAAAAFLDDAAAA | Formal eggs should repla                                                                                                                                                                                 | Men                                                | shirts                                             |             3.4 | 3737.1600000000003 |    0.28375833417101853
 AAAAAAAAGAKDAAAA | Other, short police channel together voluntary needs; stores may not know together. Prices guess expensive weaknesses. Regular, minor reforms                                                            | Men                                                | shirts                                             |             5.7 |            4628.33 |    0.35142386485827476
 AAAAAAAAGBOCAAAA | Men try likely plans. Today legal nations like much other police. Brilliant problems may take. Present persons read so l                                                                                 | Men                                                | shirts                                             |            3.03 |             128.01 |   0.009719654592586906
 AAAAAAAAGBPDAAAA | Local, active circumstances may not cut. Distinctive groups might not sit too more spanish industries; social journalists release at first british, reasonable members. Methods would not cove           | Men                                                | shirts                                             |             0.3 |           11952.44 |     0.9075352577034562
 AAAAAAAAGCOAAAAA | Hours wear even central telecommunications. Nationally critical risks say simp                                                                                                                           | Men                                                | shirts                                             |            0.81 |            1611.98 |    0.12239581915598968
 AAAAAAAAGDEDAAAA | Grounds watch bright activiti                                                                                                                                                                            | Men                                                | shirts                                             |            3.73 |            1055.67 |    0.08015582973014779
 AAAAAAAAGEBDAAAA | Numerous sums hear intellectually main operations; exte                                                                                                                                                  | Men                                                | shirts                                             |            1.42 |           14948.11 |     1.1349930943832063
 AAAAAAAAGEHCAAAA | Possible, economic homes feel therefore with a objects. S                                                                                                                                                | Men                                                | shirts                                             |            0.87 |            1347.26 |    0.10229592880562952
 AAAAAAAAGFGAAAAA | British refugees shall enter often libraries. Hard pensions could e                                                                                                                                      | Men                                                | shirts                                             |            8.09 |            6070.27 |    0.46090873903400137
 AAAAAAAAGFKBAAAA | Properly small advantages create please there junior values. Male areas used to go british requirements. Solemnly possible meanings will not become once schools. Friendly,                              | Men                                                | shirts                                             |            0.58 | 3886.4900000000002 |    0.29509679226265983
 AAAAAAAAGGOAAAAA | More little dollars would not apply social, damp implications. Here electoral areas prove still. Overall, rare unions may not get plants. Ap                                                             | Men                                                | shirts                                             |            4.31 | 6059.7300000000005 |    0.46010844874882156
 AAAAAAAAGHBCAAAA | Over effective parties might think most. Common, high practices demonstrate late bef                                                                                                                     | Men                                                | shirts                                             |            3.19 |               15.6 |   0.001184490365161751
 AAAAAAAAGJHAAAAA | Detailed, willing projects may set meanwhile. Variables mind more rapidly horrible facilities. Fashionab                                                                                                 | Men                                                | shirts                                             |            7.34 |            3964.44 |     0.3010154476449905
 AAAAAAAAGKFBAAAA | Texts cannot see still years; social workers can deny however new sales. Features used to insist unanimously on a years. Likely fans                                                                     | Men                                                | shirts                                             |             1.2 |            6853.17 |     0.5203534510138177
 AAAAAAAAGKGBAAAA | Successful women could depend predictably discussions; human minds prove likely, changing factors. Just other solutions may get. Most little methods should not talk right; hotels confirm. So           | Men                                                | shirts                                             |               1 |            3987.92 |    0.30279825750229805
 AAAAAAAAGLHBAAAA | Civil phrases could dictate. Here particular groups give closely. Particu                                                                                                                                | Men                                                | shirts                                             |            0.66 |             892.71 |    0.06778246114638119
 AAAAAAAAGNHCAAAA | Different rules start better in a schools; long walls suppose thus; differences enter really left, subject orders. Miles buy                                                                             | Men                                                | shirts                                             |            1.07 |            1880.96 |     0.1428191664906825
 AAAAAAAAGOJCAAAA | Physical, main forms assume tory bands. Then remaining situations continue to a pp.. Small, present hours can join further due, small contents. Enormous legs make only                                  | Men                                                | shirts                                             |            3.12 |            5090.71 |     0.3865318555661908
 AAAAAAAAGPBBAAAA | Points could speculate rights; special, unique employers may try now per a areas; sure, living                                                                                                           | Men                                                | shirts                                             |            4.35 |            4106.67 |     0.3118148107627441
 AAAAAAAAGPFAAAAA | Only basic days must                                                                                                                                                                                     | Men                                                | shirts                                             |            6.41 |            6916.75 |     0.5251810085405475
 AAAAAAAAHCCCAAAA | Particular, sad projects deliver still bad readers; later                                                                                                                                                | Men                                                | shirts                                             |            7.17 |            2184.42 |      0.165860541247861
 AAAAAAAAHDECAAAA | Essential women shall not keep small, small managers. Strong police blow largely general, silent subjects. Surprised, acceptable operations may take uniquely in a months; main, emotional miners cou    | Men                                                | shirts                                             |            5.44 |             344.24 |   0.026137754057902637
 AAAAAAAAHFDEAAAA | Corporate, open teeth borrow urban countries; suc                                                                                                                                                        | Men                                                | shirts                                             |            8.01 |             9027.4 |     0.6854402770808455
 AAAAAAAAHFGBAAAA | Obviously numerous hearts stand good feet. Enough young children might not achieve quickly; o                                                                                                            | Men                                                | shirts                                             |               9 |            8115.43 |      0.616195425906707
 AAAAAAAAHGGDAAAA | Linguistic, white models come more elections. British years shall find. Within sharp members should remove more owing to the wages. For example main poles understand never british grounds. Originally  | Men                                                | shirts                                             |               1 |              751.8 |   0.057083324136448996
 AAAAAAAAHGNCAAAA | Stations can reflect now free provisions; ethnic hands go for example mostly local names. Sequences give as a reasons; almost high years detect beforehand. Free, responsible households will            | Men                                                | shirts                                             |            5.81 | 1384.3200000000002 |    0.10510985271158431
 AAAAAAAAHJNCAAAA | Shops might matter perhaps again various lives; various doors would cry                                                                                                                                  | Men                                                | shirts                                             |            5.21 |  9099.449999999999 |     0.6909109521327623
 AAAAAAAAHKLAAAAA | Irish, immediate modes might not try only activities. Crowds should keep more efforts. Clearly recent children get as foreign books. Members should talk. All steep i                                    | Men                                                | shirts                                             |           80.38 | 4967.8099999999995 |     0.3772001974970639
 AAAAAAAAHNLAAAAA | Full banks live more cour                                                                                                                                                                                | Men                                                | shirts                                             |            7.47 |            5482.29 |    0.41626408230914197
 AAAAAAAAHODEAAAA | Significant, sufficient hours could sleep s                                                                                                                                                              | Men                                                | shirts                                             |             1.9 |             3376.8 |     0.2563966067357821
 AAAAAAAAIAKBAAAA | Scientific, excellent controls                                                                                                                                                                           | Men                                                | shirts                                             |            0.93 |            5428.56 |     0.4121844241475945
 AAAAAAAAIBBEAAAA | Too famo                                                                                                                                                                                                 | Men                                                | shirts                                             |            1.84 |              36.54 |  0.0027744408937827162
 AAAAAAAAIBIAAAAA | Existing years examine. Relatively new ways finish indeed too easy pupils. Able divisions will n                                                                                                         | Men                                                | shirts                                             |            5.83 |             7939.5 |     0.6028372598847257
 AAAAAAAAICAAAAAA | Positive statements may not meet now members. Even thinking leaders used to make on a communities; highly early intere                                                                                   | Men                                                | shirts                                             |            8.28 |            1215.27 |    0.09227407731218724
 AAAAAAAAICPBAAAA | Standards take almost monetary discussions. Nearly labour pupils could arise about words. Smoothly keen resources should                                                                                 | Men                                                | shirts                                             |            3.54 |            4187.41 |    0.31794530769115176
 AAAAAAAAICPDAAAA | Then new offices may put good decisions. At prese                                                                                                                                                        | Men                                                | shirts                                             |            9.89 |           14375.47 |     1.0915131865174228
 AAAAAAAAIDPAAAAA | Continuous, sad attitudes start thus ways. Lads keep sheets. Eyes take very. International relations cannot create here.                                                                                 | Men                                                | shirts                                             |             2.9 |            5088.75 |       0.38638303498185
 AAAAAAAAIECCAAAA | Local objections could express years. Formally local houses check once on a services; things will not provide newly. Then right governments us                                                           | Men                                                | shirts                                             |            4.83 |            1948.85 |    0.14797397744522295
 AAAAAAAAIEFDAAAA | Major books see critically ideas. Different clo                                                                                                                                                          | Men                                                | shirts                                             |            6.67 |            13080.8 |     0.9932103569620404
 AAAAAAAAIEOAAAAA | All sure authorities would not protect alm                                                                                                                                                               | Men                                                | shirts                                             |            7.17 |             3982.3 |     0.3023715372553616
 AAAAAAAAIFBAAAAA | Crucial models show together. Already responsible threats show well dark forms. Decisions must make gently open, new tasks. Times ought to rev                                                           | Men                                                | shirts                                             |             4.8 |            8016.63 |     0.6086936535940158
 AAAAAAAAIFBCAAAA | Now young hours should hope harshly. Other bits consider for a years; public, sorry languages used to cite foreign plans. Ugly, hard lawyers include for                                                 | Men                                                | shirts                                             |             4.4 |            1145.94 |      0.087009928785478
 AAAAAAAAIFGDAAAA | Little nice standards observe reasons. Small decades would constitute wet sets.                                                                                                                          | Men                                                | shirts                                             |            3.82 |            5446.08 |     0.4135146979423146
 AAAAAAAAIGFEAAAA | Members can break shares. Different, unemployed things may turn. Clear lads accoun                                                                                                                       | Men                                                | shirts                                             |             8.7 |           21708.66 |      1.648314013498224
 AAAAAAAAIHHAAAAA | Ethnic notes come pubs. Hot qualifications could trust limited sectors. Causes can beli                                                                                                                  | Men                                                | shirts                                             |           47.65 |              82.32 |   0.006250464542315085
 AAAAAAAAIILBAAAA | Services might not succeed alone in a police. Ago agricultural provisions shall go relatively waters. Long services could not start in public fo                                                         | Men                                                | shirts                                             |            2.92 | 3695.8399999999997 |    0.28062095328073106
 AAAAAAAAIKNDAAAA | Low, poor pains will make tomorrow fair teachers. Primary, general homes work suddenly australian days. All                                                                                              | Men                                                | shirts                                             |            4.37 |           13123.91 |     0.9964836505288431
 AAAAAAAAIMMCAAAA | Ways must not wonder of course over a proposals. Great volunteers lead soon with the l                                                                                                                   | Men                                                | shirts                                             |             0.6 |              663.2 |    0.05035602629328674
 AAAAAAAAIMMDAAAA | Customers continue immediately more married activities; united universities ought to create certainly                                                                                                    | Men                                                | shirts                                             |            1.78 |            2761.55 |     0.2096813697379765
 AAAAAAAAJBFEAAAA | Windows lower little less musical guards. Typical, pretty places should see thickly themes. At all standar                                                                                               | Men                                                | shirts                                             |            0.91 | 3553.1200000000003 |     0.2697843850168924
 AAAAAAAAJBJDAAAA | Only successful organisations interview very complete, urgent actors. Libraries help plans. United, comfortable babies could not cause already                                                           | Men                                                | shirts                                             |            3.36 |  7057.429999999999 |     0.5358626819104804
 AAAAAAAAJEDAAAAA | Sufficient varieties shall not sort cheerfully able magistrates. Per capita previous magistrates may not go products. Tons must encounte                                                                 | Men                                                | shirts                                             |            5.23 |            6360.59 |     0.4829524084451398
 AAAAAAAAJGNDAAAA | Certainly new police used to sit initial,                                                                                                                                                                | Men                                                | shirts                                             |            1.27 |            7405.99 |     0.5623284486848894
 AAAAAAAAJOCAAAAA | Si                                                                                                                                                                                                       | Men                                                | shirts                                             |            1.22 |             2918.2 |    0.22157562715480905
 AAAAAAAAKBOBAAAA | Much level markets must recognise at the centuries. Other cars will not wish hardly confident parts; as                                                                                                  | Men                                                | shirts                                             |             0.5 |              270.3 |    0.02052357344251418
 AAAAAAAAKCDCAAAA | Outstanding duties hate badly bla                                                                                                                                                                        | Men                                                | shirts                                             |           40.93 |             3837.1 |    0.29134666539500986
 AAAAAAAAKCMBAAAA | Rights create yesterday findings. Systems load altogether in a friends. Full skills                                                                                                                      | Men                                                | shirts                                             |           44.26 |           12646.66 |     0.9602465975305454
 AAAAAAAAKDNAAAAA | Real videos analyse now. Eyes would not pay yesterday as southern companies. Other, prospective yards should decide of course subsequent, running advisers                                               | Men                                                | shirts                                             |            4.34 |            1835.42 |    0.13936136577084493
 AAAAAAAAKECEAAAA | Systems should think. Effects cannot                                                                                                                                                                     | Men                                                | shirts                                             |             2.2 |           11531.26 |     0.8755555364214802
 AAAAAAAAKFNAAAAA | Enough tired proportions discuss perfectly scottish birds. Consistent arguments support from a words. True, standard years think very. Less national days establish then just dreadful speaker           | Men                                                | shirts                                             |            0.66 |           14909.57 |     1.1320667957503003
 AAAAAAAAKGHCAAAA | Musical, superior tools indicate inner rights. Members assert never immediate figures. Environmental minerals will not allow only. Head, early compo                                                     | Men                                                | shirts                                             |            6.61 |            1227.28 |    0.09318598303562267
 AAAAAAAAKHPAAAAA | Generally genuine words must marry. New ten                                                                                                                                                              | Men                                                | shirts                                             |           12.68 |            4703.02 |     0.3570949921258345
 AAAAAAAAKINBAAAA | Large, various schools might not operate familiar studies; always labour stations become once centra                                                                                                     | Men                                                | shirts                                             |            8.65 | 20859.559999999998 |     1.5838428103534261
 AAAAAAAAKJEAAAAA | Inte                                                                                                                                                                                                     | Men                                                | shirts                                             |           98.35 | 3103.2300000000005 |    0.23562474588980134
 AAAAAAAAKJFBAAAA | Paintings will enter hard, explicit applications. Far, political claims ca                                                                                                                               | Men                                                | shirts                                             |            1.56 | 2720.3199999999997 |    0.20655082244594963
 AAAAAAAAKKCEAAAA | Even internal leaders find much low days. Feelings might reveal now betwee                                                                                                                               | Men                                                | shirts                                             |            7.15 |            8033.07 |     0.6099419242096094
 AAAAAAAAKKDAAAAA | Complex, total negotiations can provide therefo                                                                                                                                                          | Men                                                | shirts                                             |             8.4 | 455.96000000000004 |    0.03462052736533025
 AAAAAAAAKKOAAAAA | Months examine both una                                                                                                                                                                                  | Men                                                | shirts                                             |            6.49 |            5036.43 |     0.3824104365263844
 AAAAAAAAKOCAAAAA | Only unacceptable cards determine similarly white minutes; trees must not navigate really; poor controls mi                                                                                              | Men                                                | shirts                                             |            9.91 |            3918.03 |     0.2974915888086343
 AAAAAAAAKOFDAAAA | Also social firms read skills. Outcomes learn to a users. Close, royal increases blow simply political, other ways. Med                                                                                  | Men                                                | shirts                                             |             9.4 |           12627.89 |     0.9588214126488732
 AAAAAAAAKONDAAAA | Difficult authorities know unanimously basic restrictions. Very proper sets stop on the applications. High police stop national, young tasks; formal events might ask there subject, urban h             | Men                                                | shirts                                             |            1.15 | 5295.8099999999995 |     0.4021048667132854
 AAAAAAAAKPPAAAAA | Walls cut always to a years; problems ought to help. Courses forget so. Papers must find traditions. Other, easy cities                                                                                  | Men                                                | shirts                                             |           50.45 | 15185.580000000002 |     1.1530239230380117
 AAAAAAAALANBAAAA | Faces used to score women; markets should say so following, incredible industries. Direct discussions will intend perhaps within a colleagues. Working, extreme kinds say very past compan               | Men                                                | shirts                                             |             9.2 |             597.72 |    0.04538420391438985
 AAAAAAAALEJBAAAA | Future, working g                                                                                                                                                                                        | Men                                                | shirts                                             |            1.09 |             7345.9 |     0.5577658829129298
 AAAAAAAALEKDAAAA | Months could rip educational subjects. Leading, psycho                                                                                                                                                   | Men                                                | shirts                                             |            2.07 |            3677.37 |    0.27921854705992744
 AAAAAAAALENAAAAA | Additional, novel investments see mostly great, slow dishes. Occasions might not notice also national photographs. Components cannot record                                                              | Men                                                | shirts                                             |            9.87 |            7844.79 |     0.5956460366485418
 AAAAAAAALFADAAAA | Priests shall keep a                                                                                                                                                                                     | Men                                                | shirts                                             |            8.39 |             115.35 |   0.008758395103936409
 AAAAAAAALFCBAAAA | New, local pupils shall no                                                                                                                                                                               | Men                                                | shirts                                             |            9.64 |            2836.09 |    0.21534110767510192
 AAAAAAAALGIDAAAA | Absolute consequences could find still strategic times. Annual, full years should not take red, old respondents; different cars should frustrat                                                          | Men                                                | shirts                                             |            3.29 |              221.9 |    0.01684861615573029
 AAAAAAAALHDBAAAA | High, likely women would not highlight well. Otherwise united possibilities may shut tired regions. Likely, obvious patients shall determine then estates. Re                                            | Men                                                | shirts                                             |            4.25 |             753.31 |   0.057197976729487086
 AAAAAAAALKPBAAAA | Real, fine years notice always national circles. Long-term ideas raise neither victorian matters. Small numbers climb below finally national m                                                           | Men                                                | shirts                                             |            4.03 |             9123.9 |     0.6927674129935448
 AAAAAAAALNGBAAAA | Far ready beds learn years. Full, royal levels go however to a respondents. Effective, good structures get big, collective terms. Constant words may start soon y                                        | Men                                                | shirts                                             |            5.79 |                    |                       
 AAAAAAAAMCBBAAAA | Great parts die very now scottish changes; onl                                                                                                                                                           | Men                                                | shirts                                             |            1.84 |            9798.22 |      0.743967768316357
 AAAAAAAAMCGAAAAA | Vertical, economic men march average contributions. Particular, public fragments ought to give in th                                                                                                     | Men                                                | shirts                                             |           84.99 | 458.65999999999997 |    0.03482553531314671
 AAAAAAAAMCGCAAAA | Even southern parties shall take very living italian interviews. Less healthy days might encourage together to a claims. Detailed spirits shall protect here able, southern estimates. G                 | Men                                                | shirts                                             |            1.87 |  9134.599999999999 |     0.6935798518978543
 AAAAAAAAMDGBAAAA | Superb, local effects might                                                                                                                                                                              | Men                                                | shirts                                             |            7.98 |            3473.78 |    0.26376018850587096
 AAAAAAAAMDKDAAAA | Social, british activities give automatically principal, kind issues; seats would recommend often unlikely services. Private, other chapters could see always other, sweet t                             | Men                                                | shirts                                             |             6.9 |            5418.57 |     0.4114258947406736
 AAAAAAAAMEFBAAAA | Major concessions shall not save quickly generally positive workers. Economic, necessary causes intensify at a                                                                                           | Men                                                | shirts                                             |            1.74 |              272.4 |   0.020683024068593646
 AAAAAAAAMEHAAAAA | Then special differences could not say tensions. Aspects would get for example                                                                                                                           | Men                                                | shirts                                             |            9.39 |            7588.65 |     0.5761976159990205
 AAAAAAAAMENAAAAA | Complete, commercial countries view only literary tables. Exactly new sentences should blame personally teachers. Feelings r                                                                             | Men                                                | shirts                                             |            3.62 |             8988.4 |     0.6824790511679412
 AAAAAAAAMFEBAAAA | Special years carry safely aggressive resources. Vital, primitive tables set however supreme phras                                                                                                       | Men                                                | shirts                                             |            8.72 | 1012.9200000000001 |    0.07690987055638722
 AAAAAAAAMFGAAAAA | Social children should get now to a years. All good departments effect still enemies. Heavy, military leaders                                                                                            | Men                                                | shirts                                             |            7.85 | 4034.7000000000003 |     0.3063502100203921
 AAAAAAAAMHIBAAAA | Just subjective facilities draw just by a profits. T                                                                                                                                                     | Men                                                | shirts                                             |            0.79 |            1132.32 |    0.08597577758204832
 AAAAAAAAMIMAAAAA | Visual systems cut. Eld                                                                                                                                                                                  | Men                                                | shirts                                             |            0.82 |                950 |    0.07213242608356817
 AAAAAAAAMJNBAAAA | Vocational trends would not call well short times. Environmental videos should not absorb ago prime m                                                                                                    | Men                                                | shirts                                             |            2.18 |            3873.42 |    0.29410440193748905
 AAAAAAAAMKADAAAA | Experien                                                                                                                                                                                                 | Men                                                | shirts                                             |            3.54 |           11022.66 |     0.8369381133624246
 AAAAAAAAMLAAAAAA | Different, capabl                                                                                                                                                                                        | Men                                                | shirts                                             |             5.3 |            3506.51 |     0.2662453404066238
 AAAAAAAAMMMBAAAA | Adult, good secrets iron indeed. Computers demand now for the women. Other, major yards mean sometimes white moments. Small, local contexts try executive eyes. Prime, final goals might not allow u     | Men                                                | shirts                                             |            3.45 | 6487.8099999999995 |      0.492612079230773
 AAAAAAAAMMNDAAAA | Quarters shall not identify nations; years acquire over. Available, white groups pick also generally clear sites. Still real t                                                                           | Men                                                | shirts                                             |            3.56 | 10187.900000000001 |     0.7735557302071412
 AAAAAAAANBDCAAAA | Pos                                                                                                                                                                                                      | Men                                                | shirts                                             |            1.86 |             853.53 |    0.06480756803695571
 AAAAAAAANDMDAAAA | More red types pass. Only streets avoid now economic miles. Institutions lose mutually to a police                                                                                                       | Men                                                | shirts                                             |            3.09 |           13901.01 |      1.055487975065202
 AAAAAAAANGFBAAAA | Sides shall enter well. Public pressures ought to grow vastly runnin                                                                                                                                     | Men                                                | shirts                                             |            1.37 |            8588.66 |     0.6521272448493669
 AAAAAAAANIFCAAAA | Goods help slightly; degrees will hope much. Socially darling conservatives could look just once central studies. Colours get wet, local tons. New, running re                                           | Men                                                | shirts                                             |            9.15 |             8483.3 |     0.6441273791523513
 AAAAAAAANIKDAAAA | About fresh reduc                                                                                                                                                                                        | Men                                                | shirts                                             |            6.06 |            8972.77 |     0.6812922829366925
 AAAAAAAANILCAAAA | Areas should cast even alone major students. Senior hundreds give above between the organisations. Plates may become voters; even splendid months c                                                      | Men                                                | shirts                                             |            1.48 |            4194.59 |     0.3184904769746044
 AAAAAAAANJDDAAAA | Continuous, english experiences replace arguably new connections. Local, impossible shops must get typically so small t                                                                                  | Men                                                | shirts                                             |            5.67 |            18964.5 |     1.4399530468019246
 AAAAAAAANJFEAAAA | Charming sides back. Able creditors come always cells. Major, unpleasant needs can forget                                                                                                                | Men                                                | shirts                                             |             3.6 |             901.85 |    0.06847645101417468
 AAAAAAAANMPDAAAA | Simple assumptions put average, american shops. Wholly cultural metres end only over the patterns. Previous consequences                                                                                 | Men                                                | shirts                                             |            3.02 |            8194.18 |     0.6221748243846869
 AAAAAAAANODBAAAA | Much fundamental forces might imagine rather servants. Medium, other groups may carry minutes. Problems defend nearly.                                                                                   | Men                                                | shirts                                             |            4.52 | 6066.1900000000005 |     0.4605989492461898
 AAAAAAAAOCLBAAAA | Too ltd. humans make ev                                                                                                                                                                                  | Men                                                | shirts                                             |            9.29 |            5766.52 |       0.43784534490465
 AAAAAAAAOCLCAAAA | Fundamental, proud sorts will matter raw children. Level, small trades must not display times. Fresh earnings cannot return. Suddenly una                                                                | Men                                                | shirts                                             |            6.73 |              721.6 |    0.05479027227568714
 AAAAAAAAODACAAAA | Stairs cannot fancy also explicit areas. Later important t                                                                                                                                               | Men                                                | shirts                                             |            0.18 | 3584.3199999999997 |     0.2721533657472158
 AAAAAAAAODADAAAA | Conditions strugg                                                                                                                                                                                        | Men                                                | shirts                                             |            8.48 | 3296.4300000000003 |     0.2502942034891122
 AAAAAAAAODIAAAAA | Below free b                                                                                                                                                                                             | Men                                                | shirts                                             |           43.91 |             2072.7 |    0.15737776794043337
 AAAAAAAAOFAAAAAA | General times think more special things. Very black requireme                                                                                                                                            | Men                                                | shirts                                             |           76.89 |           11014.92 |     0.8363504239120175
 AAAAAAAAOFIBAAAA | American, wide children might not ask british, new customers.                                                                                                                                            | Men                                                | shirts                                             |            3.07 |            8752.87 |     0.6645955245200856
 AAAAAAAAOFNAAAAA | Past, real companies cannot indicate. Active, general marks would reduce through the patterns. Little parents must not call ruling, economic subjects. Elderly, direct records sho                       | Men                                                | shirts                                             |            0.42 |            7466.16 |      0.566897088766414
 AAAAAAAAOGOBAAAA | Good units buy members. O                                                                                                                                                                                | Men                                                | shirts                                             |           71.22 | 15026.619999999999 |     1.1409542699324915
 AAAAAAAAOHBDAAAA | New, bizarre eggs should defeat heads. Likely, considerable times write mostly difficult, international groups. Modern men might feel given citizens; services mark so                                   | Men                                                | shirts                                             |            4.92 |            4279.51 |    0.32493835657777975
 AAAAAAAAOHJCAAAA | Worse existing women will not forg                                                                                                                                                                       | Men                                                | shirts                                             |            0.29 |            7017.75 |     0.5328498243662741
 AAAAAAAAOIDAAAAA | Schemes get both certainly sure others. Maybe industrial opportunities laug                                                                                                                              | Men                                                | shirts                                             |            0.24 |            4201.38 |      0.319006033998928
 AAAAAAAAOIFCAAAA | Quite long applications should not try b                                                                                                                                                                 | Men                                                | shirts                                             |            1.44 |               3762 |    0.28564440729092994
 AAAAAAAAOILBAAAA | Terms cannot cost below also military miles. Reduced men should take violently more pleased tools. Married others s                                                                                      | Men                                                | shirts                                             |            4.48 |           12424.61 |     0.9433865920443808
 AAAAAAAAOJADAAAA | Dry, social methods mean just. Working parents used to create indeed effective properties. Years may die here rather than a                                                                              | Men                                                | shirts                                             |            4.17 |            6462.79 |     0.4907123389143405
 AAAAAAAAOJDDAAAA | Front hands can lean well ideas. Conditions cannot stand alternative figures. Activities would not pass in the st                                                                                        | Men                                                | shirts                                             |            2.42 |             337.06 |   0.025592584774449985
 AAAAAAAAOJPDAAAA | Usual years make. Police wield especially large times. Almost grand kids close most ever professional authorities. Elements read posi                                                                    | Men                                                | shirts                                             |            4.83 |            7522.64 |      0.571185551319256
 AAAAAAAAOKHBAAAA | Home free men may like unfortunately eyes; old, little areas must see right new, young costs. Leaders shall find of course. Often prime versions shall                                                   | Men                                                | shirts                                             |            2.44 |             3856.8 |     0.2928424641253744
 AAAAAAAAOKOCAAAA | Seeds read always in a adults. Correct, full minutes go now to the keys. Yesterday hard services shall change once a                                                                                     | Men                                                | shirts                                             |           44.62 |           13492.57 |     1.0244755875814413
 AAAAAAAAONBEAAAA | Jobs increase ye                                                                                                                                                                                         | Men                                                | shirts                                             |            3.49 |               6136 |     0.4658995436302887
 AAAAAAAAPDBDAAAA | Literary, marvellous hours get with the reforms. Inc others might matter still tiles. Hands would not try usually                                                                                        | Men                                                | shirts                                             |            0.93 |           13661.61 |     1.0373106036921427
 AAAAAAAAPEFBAAAA | Factors could not blame in a children; years must think. Parts constitute under; large terms must avoid big, polish deg                                                                                  | Men                                                | shirts                                             |           82.08 |            7036.68 |     0.5342871578670763
 AAAAAAAAPIIAAAAA | Classes look much public, vast rates.                                                                                                                                                                    | Men                                                | shirts                                             |            4.93 |            4291.04 |     0.3258138164438256
 AAAAAAAAPJEAAAAA | Young criteria join including a things. Too lovely visitors get sufficient, local notions. Quiet experiences offer looks. Emotions continue fast previous companies. Existing, relevant neighbours wo    | Men                                                | shirts                                             |            33.2 |            1031.04 |    0.07828570167284434
 AAAAAAAAPLFAAAAA | Companies                                                                                                                                                                                                | Men                                                | shirts                                             |            8.84 |  8825.420000000002 |     0.6701041640067834
 AAAAAAAAPMNDAAAA | Times preserve often economic objectiv                                                                                                                                                                   | Men                                                | shirts                                             |             6.2 |            6751.02 |     0.5125973169880951
 AAAAAAAAPNGAAAAA | Attitudes achi                                                                                                                                                                                           | Men                                                | shirts                                             |            3.49 |            3075.72 |    0.23353594268816028
 AAAAAAAAPNMDAAAA | Simple, high animals must come similarly high whee                                                                                                                                                       | Men                                                | shirts                                             |            47.8 |           11650.56 |     0.8846138505601852
 AAAAAAAAAAJBAAAA | Recent copies ought to conform over alone aspects. Again                                                                                                                                                 | Men                                                | sports-apparel                                     |            2.13 |  4754.099999999999 |     0.4498535797140477
 AAAAAAAAAAOAAAAA | Lists may give almost together with a revenues. Tons take free, certain households. Habits study right telecommunicati                                                                                   | Men                                                | sports-apparel                                     |            0.95 |            6078.15 |     0.5751409384613154
 AAAAAAAAACBEAAAA | Benefits might think for a problems. Open, general rights would provide rather young, public losses; even new teach                                                                                      | Men                                                | sports-apparel                                     |            3.42 |            5147.45 |    0.48707406426012817
 AAAAAAAAAECEAAAA | Parental, international recommendations will rest new features. Social, easy strengths live naturally potential, digital scores. Obse                                                                    | Men                                                | sports-apparel                                     |            5.11 |               4.74 |  0.0004485193765054556
 AAAAAAAAAEFCAAAA | Variou                                                                                                                                                                                                   | Men                                                | sports-apparel                                     |               2 |           13845.27 |     1.3100995502003565
 AAAAAAAAAFGDAAAA | Light, social members shall maintain just likely, small children. Actually physical steps will not make foreign,                                                                                         | Men                                                | sports-apparel                                     |            3.37 | 3713.7799999999997 |     0.3514139852486141
 AAAAAAAAAFHCAAAA | Main lips allow. Fashionable, main ingredients may confuse dull problems. Vict                                                                                                                           | Men                                                | sports-apparel                                     |            9.36 | 10353.699999999999 |     0.9797120397731087
 AAAAAAAAAFPDAAAA | Efficient, military rates can fail yet rural muscles. Much independent goods establish much usually active schemes; possible circles get nevertheless automatic, monetary things.                        | Men                                                | sports-apparel                                     |            1.12 |            2068.22 |    0.19570395461521378
 AAAAAAAAAGBBAAAA | Very                                                                                                                                                                                                     | Men                                                | sports-apparel                                     |             2.5 |           18097.46 |     1.7124602269055744
 AAAAAAAAAHKCAAAA | Priorities ask feet. Videos tell only employees; long-term, constant scales shall get into a troops. Accordingly narrow families produce still                                                           | Men                                                | sports-apparel                                     |            0.17 |  9780.189999999999 |     0.9254440339461796
 AAAAAAAAAIDDAAAA | New, residential mechanisms get hugely administrative, military pages. Confident roots raise in a policies. Crucial, outside lawyers would not find possible bars. Inner lovers would allo               | Men                                                | sports-apparel                                     |            8.55 |            1311.52 |    0.12410171575410024
 AAAAAAAAAJBDAAAA | Instructions may not work in the women. Only countries meet full, open powers. Inevitably early years                                                                                                    | Men                                                | sports-apparel                                     |            7.89 |            1328.53 |      0.125711275795104
 AAAAAAAAAKOCAAAA | Well political features aid less little, respective months. Old samples could not make eventually general, young circumstances                                                                           | Men                                                | sports-apparel                                     |            3.42 |            9867.02 |     0.9336602654782407
 AAAAAAAAALECAAAA | Effe                                                                                                                                                                                                     | Men                                                | sports-apparel                                     |            4.12 |            4787.64 |     0.4530272801123586
 AAAAAAAAALFEAAAA | Full, national implications may give often to the patients                                                                                                                                               | Men                                                | sports-apparel                                     |            9.18 |            1963.22 |    0.18576839880654863
 AAAAAAAAAOKBAAAA | Round events could merge on a men. Willing months imagine magic, necessary proportions. Scottish, famous keys look just partially early possibilities. Now practical questions begin more. Different     | Men                                                | sports-apparel                                     |            4.38 |           10142.58 |     0.9597349488938194
 AAAAAAAAAONCAAAA | Only limits break in a days; metres accept sometime. Restaurants may not restore gently working others. So big levels see. Other, big reasons prevent now on a books. There                              | Men                                                | sports-apparel                                     |            4.49 |  4796.530000000001 |     0.4538684905041589
 AAAAAAAAAPBEAAAA | Able, appropriate agreements hire negative, black elements. Essen                                                                                                                                        | Men                                                | sports-apparel                                     |            1.03 |             637.31 |    0.06030503878495609
 AAAAAAAAAPEEAAAA | High cuts will reach projects                                                                                                                                                                            | Men                                                | sports-apparel                                     |            5.43 |            6224.21 |     0.5889617697128738
 AAAAAAAABAGDAAAA | Concessions think participants. Lives shall resist technical, main points. Interes                                                                                                                       | Men                                                | sports-apparel                                     |            1.82 |            11249.8 |     1.0645049117744882
 AAAAAAAABAJDAAAA | Small goods question respectively attractive areas. Global, japanese cases prove currently personal thousands.                                                                                           | Men                                                | sports-apparel                                     |            2.09 |  4865.139999999999 |    0.46036066654256375
 AAAAAAAABFBAAAAA | Cases might cause. Lengths would not fill no                                                                                                                                                             | Men                                                | sports-apparel                                     |             8.7 |            6079.45 |     0.5752639501046608
 AAAAAAAABLNDAAAA | Only jobs must think female, early origins; presidential companies depend small, continental businessmen. Units might induce years. N                                                                    | Men                                                | sports-apparel                                     |            1.71 |            1903.69 |    0.18013541178474068
 AAAAAAAABMJDAAAA | Wide organic calculations could not th                                                                                                                                                                   | Men                                                | sports-apparel                                     |            5.02 |           12276.48 |     1.1616538302282058
 AAAAAAAABNLDAAAA | Only complex books will contain tory friends. British, fresh deaths could not visit then in a associations. Pupils make really preliminary, foreign thoughts. Good forests shall not an                  | Men                                                | sports-apparel                                     |            5.49 | 10427.539999999999 |     0.9866991011151262
 AAAAAAAABOFCAAAA | Views ship earlier at all p                                                                                                                                                                              | Men                                                | sports-apparel                                     |            2.22 |              69.82 |   0.006606671491057153
 AAAAAAAACDADAAAA | Dry, powerful personnel must not support just glad functions; policies shall not give more political, unpleasant friends. Perhaps natural adults present at all able, equal hours. Results used t        | Men                                                | sports-apparel                                     |            4.81 | 2859.3700000000003 |    0.27056600202497993
 AAAAAAAACGOAAAAA | Methods w                                                                                                                                                                                                | Men                                                | sports-apparel                                     |            2.96 |  9578.029999999999 |     0.9063147771625629
 AAAAAAAACHNAAAAA | Fasc                                                                                                                                                                                                     | Men                                                | sports-apparel                                     |            1.69 |            4862.47 |     0.4601080195520006
 AAAAAAAACLHDAAAA | Much various schools must stop english, common schools; enough special visitors say only nearly                                                                                                          | Men                                                | sports-apparel                                     |            3.34 | 2372.6400000000003 |       0.22450949651306
 AAAAAAAACLPBAAAA | Rather good communications might get around diverse banks. Violent, illegal resources return changing contracts. Firms used to re                                                                        | Men                                                | sports-apparel                                     |            2.83 | 463.53000000000003 |   0.043861220799910096
 AAAAAAAACMJAAAAA | Examples will speak best main, good lines. Good, high recordings will consider quick, available bodies; unique, equal officials must live environmental, video-taped terms                               | Men                                                | sports-apparel                                     |            1.35 | 15659.050000000001 |     1.4817272874826486
 AAAAAAAACNACAAAA | At last single sessions shall like. Runs will want women. Areas would call no longer very superb years; police take also in a centres. Visitors ought to make onl                                        | Men                                                | sports-apparel                                     |            1.04 |            3955.56 |    0.37429225842403374
 AAAAAAAACODBAAAA | However human patients destroy years. Moreover delicate markets must add to a benefits. Daily things take poor, able chi                                                                                 | Men                                                | sports-apparel                                     |            1.33 |            2895.45 |    0.27398004824951927
 AAAAAAAADBECAAAA | Con                                                                                                                                                                                                      | Men                                                | sports-apparel                                     |            0.83 |            4296.84 |    0.40658565353242654
 AAAAAAAADDCCAAAA | E                                                                                                                                                                                                        | Men                                                | sports-apparel                                     |           55.48 |             1707.3 |    0.16155213744889543
 AAAAAAAADGOCAAAA | Short, physical officials run huge contracts. Positive concepts would not search approximately too complicated workers; rational o                                                                       | Men                                                | sports-apparel                                     |            6.32 |            2409.33 |    0.22798126358563067
 AAAAAAAADHECAAAA | Responsible, final engines take beaches;                                                                                                                                                                 | Men                                                | sports-apparel                                     |            4.95 |           13052.77 |     1.2351097599301932
 AAAAAAAADHNCAAAA | Young, central offenders may fill. All recent seconds could expect blue dogs. Confere                                                                                                                    | Men                                                | sports-apparel                                     |            9.37 |            2089.37 |    0.19770525942810208
 AAAAAAAADIJCAAAA | Likely surveys like red elements. Estates might wonder in accordance with a men. Pounds maintain spiritual, suitable women. Technologies used to en                                                      | Men                                                | sports-apparel                                     |           56.33 |              422.8 |    0.04000717138955836
 AAAAAAAADLBBAAAA | Terrible, unlikely uni                                                                                                                                                                                   | Men                                                | sports-apparel                                     |            3.31 |               1512 |    0.14307200364477823
 AAAAAAAADOFAAAAA | Administrative, huge breasts play just; special, functional trends might not put annually clothes. Sessions apply cities; complete duties take only i                                                    | Men                                                | sports-apparel                                     |            2.46 |             529.79 |    0.05013102963688298
 AAAAAAAADOIAAAAA | Unknown, royal pages know really. Organisations shall help in a individuals. Children cut citizens. Electric, german f                                                                                   | Men                                                | sports-apparel                                     |            2.21 |           11259.36 |      1.065409520474782
 AAAAAAAAEBLDAAAA | Frequently long needs eat more. Sharply interested companies support in                                                                                                                                  | Men                                                | sports-apparel                                     |            6.52 |  7532.030000000001 |      0.712713375405145
 AAAAAAAAEECAAAAA | Parts shall not make also deals. Constraints must deal even mammals; labour, traditional miles gain inter alia within a practitioners. Structural, i                                                     | Men                                                | sports-apparel                                     |            2.06 | 2431.6499999999996 |    0.23009327887752976
 AAAAAAAAEFJCAAAA | Gentlemen                                                                                                                                                                                                | Men                                                | sports-apparel                                     |            8.04 |            4606.26 |    0.43586431713544727
 AAAAAAAAEHCBAAAA | New consultants could not find readily select, sure specialists. Competent, official troubles could not rain so good practices. Policemen would make mainly foreign authorities. Readers could not mak   | Men                                                | sports-apparel                                     |            5.94 |            7559.49 |     0.7153117598099634
 AAAAAAAAEHHCAAAA | Always young pages                                                                                                                                                                                       | Men                                                | sports-apparel                                     |            9.97 |             2240.2 |    0.21197744878639696
 AAAAAAAAEHIBAAAA | Internal, natural charts transfer probably pages. Moving dates play dead relationships. Resulting carers could make new neighbours. Please various c                                                     | Men                                                | sports-apparel                                     |            3.53 |            1268.24 |     0.1200063742741095
 AAAAAAAAEJGDAAAA | None the less bare eyes could send fast. Large, political words may create even new, huge patterns. Far physical numbers ought to grow.                                                                  | Men                                                | sports-apparel                                     |            9.14 |            1186.98 |    0.11231720032161302
 AAAAAAAAEKBEAAAA | Figures understand hithe                                                                                                                                                                                 | Men                                                | sports-apparel                                     |            4.64 |            2371.52 |    0.22440351725110086
 AAAAAAAAELGBAAAA | Regions finance children. Twice private walls could per                                                                                                                                                  | Men                                                | sports-apparel                                     |             2.3 |            2526.66 |     0.2390835375192562
 AAAAAAAAEMGBAAAA | Respective increases can raise in order distant, nice readers. Social, common benefits continue even impossible years. P                                                                                 | Men                                                | sports-apparel                                     |            2.86 |            2843.56 |      0.269069991193218
 AAAAAAAAEMKCAAAA | Women must not hear here times. Various beaches could know also now british films. Useful, new hands include tonight about a accounts. Just modern are                                                   | Men                                                | sports-apparel                                     |            2.74 |             3415.2 |     0.3231610495024118
 AAAAAAAAENDCAAAA | Great conditions explain usually twice red chips; here unlikely companies will comment la                                                                                                                | Men                                                | sports-apparel                                     |            2.41 |            9717.45 |     0.9195073027896499
 AAAAAAAAENEEAAAA | Social, tall ties tell too always concerned approaches; now canadian origins should come now real months. New cases would go ot                                                                          | Men                                                | sports-apparel                                     |            7.97 | 2509.2999999999997 |    0.23744085895889022
 AAAAAAAAEOJCAAAA | Complete cells make desperately windows. Strange orders make tomorrow friends. Conventions may know enough good attempts. Academic, short police know effectively slowly strong forms. Fast externa      | Men                                                | sports-apparel                                     |            8.01 |            2702.25 |     0.2556986255615754
 AAAAAAAAEPPBAAAA | Patients should put here words. Practitioners determine national, individual parts. Absolute rights must sav                                                                                             | Men                                                | sports-apparel                                     |            0.86 | 14141.640000000001 |     1.3381433661528719
 AAAAAAAAFBEDAAAA | Human, real officers should not join just decisions. Cold, independent countries enjoy later other cours                                                                                                 | Men                                                | sports-apparel                                     |            0.39 |            1095.33 |    0.10364487946576385
 AAAAAAAAFBHDAAAA | Steps shall know genuinely new, new countries. Elderly, important matches will not miss heavily shops. Economic subjects shall create shops. Ago foreign prices tell in a disputes. There sim            | Men                                                | sports-apparel                                     |             1.7 |            1584.66 |    0.14994740826437453
 AAAAAAAAFCOBAAAA | Agricultural boys identify most in a parties. New pieces must not place surprising organi                                                                                                                | Men                                                | sports-apparel                                     |            5.08 |            1164.72 |      0.110210862490176
 AAAAAAAAFEEDAAAA | Early minor rights may review finally less victorian games. Interesting, active tears shall blind at a issues. Strange, local institution                                                                | Men                                                | sports-apparel                                     |           90.45 |  7942.139999999999 |     0.7515197639069703
 AAAAAAAAFEOCAAAA | Social, large conditio                                                                                                                                                                                   | Men                                                | sports-apparel                                     |            0.62 |            1097.92 |    0.10388995650904427
 AAAAAAAAFGJCAAAA | Proposals arise together meetings. So small provisions study necessarily in a actions; thus economic authorities may not allow now                                                                       | Men                                                | sports-apparel                                     |            4.39 |            5486.83 |     0.5191876731205547
 AAAAAAAAFIFBAAAA | Problems understand always in a facts. Differently good women leave home. Asian, base makers talk today limits. Indeed possible arguments                                                                | Men                                                | sports-apparel                                     |            3.55 |            1027.08 |    0.09718676819013151
 AAAAAAAAFIMAAAAA | Old, new terms create. Happy authors criticise                                                                                                                                                           | Men                                                | sports-apparel                                     |            8.88 |           10419.54 |     0.9859421063868471
 AAAAAAAAFOFBAAAA | Good, young owners progress well. Increased tories will support towards a courses. Females ought to note all                                                                                             | Men                                                | sports-apparel                                     |            1.77 |           13641.18 |     1.2907876684385424
 AAAAAAAAGAFAAAAA | Local, high lea                                                                                                                                                                                          | Men                                                | sports-apparel                                     |            1.57 | 11826.539999999999 |     1.1190785542229602
 AAAAAAAAGAPBAAAA | Soon safe years remain prices; regions encoura                                                                                                                                                           | Men                                                | sports-apparel                                     |            0.88 |            15036.3 |     1.4227999791031607
 AAAAAAAAGBNAAAAA | Fully additional funds could give very. Other, irrelevant prices could not realise relatively natural affairs. Families would give historically standard lads. A                                         | Men                                                | sports-apparel                                     |            0.89 | 22638.870000000003 |     2.1421881555249085
 AAAAAAAAGCPCAAAA | Specific, light arts face contemporary words; operations promise later from the matters. Black rela                                                                                                      | Men                                                | sports-apparel                                     |            8.84 |  4407.360000000001 |     0.4170435357036045
 AAAAAAAAGDLAAAAA | Young months consider other agreements. Days shall not know; specific, civil machines                                                                                                                    | Men                                                | sports-apparel                                     |            6.99 |            6595.81 |      0.624124174841445
 AAAAAAAAGEOCAAAA | Existing ideas shall see twice simple classes. Rivals can impose just chin                                                                                                                               | Men                                                | sports-apparel                                     |            3.82 |             5684.1 |     0.5378542168765106
 AAAAAAAAGFCDAAAA | Private, junior hospitals receive such as a reasons. Large-scale costs wish best main te                                                                                                                 | Men                                                | sports-apparel                                     |             6.9 |           13495.66 |     1.2770179343311427
 AAAAAAAAGGIDAAAA | Reports close; so occasional emissions continue distinctive tourists. Social copies sue new women; leaders give.                                                                                         | Men                                                | sports-apparel                                     |            0.73 |              24.84 |  0.0023504686313070714
 AAAAAAAAGHFEAAAA | Mean, similar creatures lead friendly figures. Able views would not say certainly. More rapid professionals call economic, certain decisions. Vice versa great journali                                  | Men                                                | sports-apparel                                     |            1.99 |             195.51 |    0.01850000491573452
 AAAAAAAAGICAAAAA | Practical, certain parts bear less public links. Groups shall close charg                                                                                                                                | Men                                                | sports-apparel                                     |            7.44 |            8508.42 |      0.805103635748217
 AAAAAAAAGIFEAAAA | Hard forms broaden times. Friends shall not appreciate big sentences. Financial areas take; well ancient events know children. Only new police                                                           | Men                                                | sports-apparel                                     |            4.71 |            1569.52 |    0.14851479574110604
 AAAAAAAAGIIBAAAA | High positions vary more sufficient taxes. Very concerned factors must take good quiet w                                                                                                                 | Men                                                | sports-apparel                                     |            2.35 |              436.1 |   0.041265675125322615
 AAAAAAAAGJGBAAAA | Technical, global stars must find only following, main farmers. Active teachers m                                                                                                                        | Men                                                | sports-apparel                                     |            8.23 |  5380.900000000001 |      0.509164116674727
 AAAAAAAAGLDAAAAA | Comfortable, strong mothers must not lead very on a horses. Victims apply slowly national, fundamental activities. Exactly f                                                                             | Men                                                | sports-apparel                                     |            2.69 | 2089.9300000000003 |    0.19775824905908165
 AAAAAAAAGLJAAAAA | Good rules divorce good, real arguments. As classical tickets maintain reasonably. Classical, great changes may not think n                                                                              | Men                                                | sports-apparel                                     |            4.18 |             845.79 |    0.08003232140391335
 AAAAAAAAGMLDAAAA | General, other shows know. New companies may supplement then sure patterns. Only, crucial situation                                                                                                      | Men                                                | sports-apparel                                     |            5.18 |            4413.26 |    0.41760181931571033
 AAAAAAAAGNFEAAAA | Other, poor rules shall not arri                                                                                                                                                                         | Men                                                | sports-apparel                                     |            2.31 |  7710.610000000001 |     0.7296113902271585
 AAAAAAAAGNMBAAAA | Silent steps provide presumably services; questions ought to kick now. Less origi                                                                                                                        | Men                                                | sports-apparel                                     |            2.08 |            1478.69 |    0.13992006684490552
 AAAAAAAAGOLDAAAA | Years adopt nev                                                                                                                                                                                          | Men                                                | sports-apparel                                     |            0.65 |            1004.99 |    0.09509651649667043
 AAAAAAAAGPEEAAAA | Roads may design about on a mammals. Cells should give; spiritual men ensure low, recent friends. Very excellent arms communicate on board late students. Mai                                            | Men                                                | sports-apparel                                     |            5.92 |             330.98 |    0.03131876439573327
 AAAAAAAAHHJCAAAA | Companies may think probably wi                                                                                                                                                                          | Men                                                | sports-apparel                                     |            1.82 |            3158.96 |    0.29891450835562744
 AAAAAAAAHIOCAAAA | Ever secret effects will see indeed into a stu                                                                                                                                                           | Men                                                | sports-apparel                                     |            9.06 | 4673.3499999999985 |      0.442212664175479
 AAAAAAAAIBAEAAAA | Different, wooden resources give flexible, short months. Meanings concentrate obviously. Natural skills win freely again remaining millions. Weeks might give indeed words. Also wonderful speake        | Men                                                | sports-apparel                                     |           29.17 |            6429.02 |      0.608341781000233
 AAAAAAAAIBNAAAAA | Moments could turn about upon a families. Optimistic, final thoughts shall not give leading cells; local, new parties visit how                                                                          | Men                                                | sports-apparel                                     |            0.66 |            2589.82 |    0.24506001089902094
 AAAAAAAAIGLBAAAA | Applicable, particular trees cannot pursue beneficial individuals. Main benefits walk more than. Normal, natur                                                                                           | Men                                                | sports-apparel                                     |            1.93 |               6297 |     0.5958494754968047
 AAAAAAAAIIEDAAAA | Schemes throw frequently through a objections. Excellent, western rates prevent high, british allowances. Boys                                                                                           | Men                                                | sports-apparel                                     |            4.91 |             563.97 |   0.053365289613456074
 AAAAAAAAIJEBAAAA | Again old years examine racial, potential officials. Notoriously public minutes will pay highly characters; successive, junior words shall become to a types. Ancient stories ought to answer            | Men                                                | sports-apparel                                     |            2.87 |            5410.34 |     0.5119498572747947
 AAAAAAAAIJMCAAAA | Recent, prime diseases must not know                                                                                                                                                                     | Men                                                | sports-apparel                                     |            8.76 |            4480.79 |    0.42399180106579754
 AAAAAAAAIKJBAAAA | Underlying authorities used to quote low once chief problems; states shall cover difficult, standard years. White, other ends test that is low eyes. Critical, good reasons appear still new seconds     | Men                                                | sports-apparel                                     |            3.83 |            7870.87 |     0.7447758871214125
 AAAAAAAAIMNCAAAA | International, total residents shall come common, free numbers. Securities must form daily effects; contributions                                                                                        | Men                                                | sports-apparel                                     |            3.41 |            3893.06 |    0.36837823710935214
 AAAAAAAAIOFEAAAA | Full, hard minutes wil                                                                                                                                                                                   | Men                                                | sports-apparel                                     |            4.59 |              375.9 |    0.03556928979502126
 AAAAAAAAIOMDAAAA | Racial chemicals head. Then fixed activities u                                                                                                                                                           | Men                                                | sports-apparel                                     |             1.3 |           11681.73 |     1.1053760033976954
 AAAAAAAAJBPAAAAA | Children can find into the men; benefits might participate in order so strong ways. Specialist forests can say consequently; years review exactly smart, beautiful tools. Just responsible problems ough | Men                                                | sports-apparel                                     |            1.46 |             4266.1 |    0.40367690128901357
 AAAAAAAAJCMCAAAA | In order important personnel go entirely high weeks. Instead intense forces could not carry also; arts appear high keenly patient me                                                                     | Men                                                | sports-apparel                                     |             5.4 | 13905.990000000002 |      1.315845140187996
 AAAAAAAAJCODAAAA | Illegal, recent balls come certainly b                                                                                                                                                                   | Men                                                | sports-apparel                                     |            3.09 | 13074.369999999999 |     1.2371536456965473
 AAAAAAAAJHAAAAAA | Countries see already on the birds. Also guilty pupils could not tell odd hotels. Top techniques would decide now as a problems. Recent, alone streets could sleep then activitie                        | Men                                                | sports-apparel                                     |           66.08 |  7527.129999999999 |     0.7122497161340737
 AAAAAAAAJHDAAAAA | Numbers will support dramatically tragic, federal states; essentially significant lips incre                                                                                                             | Men                                                | sports-apparel                                     |             7.7 |            16395.3 |     1.5513944585695985
 AAAAAAAAJJDEAAAA | Companies shall help simply new parents. Traditional scholars shall not protect again.                                                                                                                   | Men                                                | sports-apparel                                     |           61.63 |            2108.24 |    0.19949082074343072
 AAAAAAAAJLKBAAAA | Right, sensitive oth                                                                                                                                                                                     | Men                                                | sports-apparel                                     |            2.62 |            8450.13 |     0.7995879829092922
 AAAAAAAAJMMBAAAA | Otherwise full meanings care however well local heels. Front, small users must not see usually measures. Then pre                                                                                        | Men                                                | sports-apparel                                     |           60.89 |            9866.24 |     0.9335864584922334
 AAAAAAAAJNCEAAAA | Aloud good years should tell again. Men might not sign as good opportunities. Cities hold with the hotels. Experiments ought to bring for a democrats.                                                   | Men                                                | sports-apparel                                     |            1.16 | 1352.8600000000001 |    0.12801348601248327
 AAAAAAAAJNDAAAAA | Profitable, little members might believe ideas. Certainly difficult exports back young fortunes. Old degrees should sit nations. Partly important times shrug                                            | Men                                                | sports-apparel                                     |            9.22 | 2667.3199999999997 |     0.2523933973292261
 AAAAAAAAJNNCAAAA | Modern stairs may commission as a others. Almost familiar images grow on the wages. Arguably availab                                                                                                     | Men                                                | sports-apparel                                     |            9.26 |            6727.46 |     0.6365814693386904
 AAAAAAAAKCLDAAAA | Lessons play fully young accounts; democratic, national politicians accept probably good organizations. Schemes might rep                                                                                | Men                                                | sports-apparel                                     |            8.79 |             2422.2 |    0.22919907885474988
 AAAAAAAAKDFBAAAA | Important adults go that illustrations. Always sound eyes shall make anywhere good aware examinations. Other, absolute hours meet in a consequences. Potential compon                                    | Men                                                | sports-apparel                                     |            0.57 |  5732.200000000001 |     0.5424056476802896
 AAAAAAAAKFOAAAAA | Priorities shall go young, industrial women. Hours should not run small, linguistic services. Sentences slide then boring, bright                                                                        | Men                                                | sports-apparel                                     |             9.7 |            4707.37 |    0.44543178425748664
 AAAAAAAAKGFEAAAA | Running specimens should share quite a                                                                                                                                                                   | Men                                                | sports-apparel                                     |            4.14 |            1790.64 |     0.1694381300307445
 AAAAAAAAKHGDAAAA | Bodies could not consume now else responsible factors. Close times r                                                                                                                                     | Men                                                | sports-apparel                                     |            3.23 |            7784.14 |     0.7365691180234551
 AAAAAAAAKIFDAAAA | Often parli                                                                                                                                                                                              | Men                                                | sports-apparel                                     |            7.61 |            6816.42 |     0.6449992507171557
 AAAAAAAAKIHAAAAA | Very top services endure mothers. Glad lovers used to worsen. Plans appoint in a adults. Social, other countries ought to say parliamentary, different houses. Crucial, likely facts secu                | Men                                                | sports-apparel                                     |            4.41 |            1673.27 |    0.15833207112347758
 AAAAAAAAKJBDAAAA | Gross years like therefore able things. Really able conditions ask normal ey                                                                                                                             | Men                                                | sports-apparel                                     |            1.99 |            6286.05 |     0.5948133389624725
 AAAAAAAAKKPAAAAA | Also small makers would believe meanwhile at a groups. Thoroughly white lists make only by a lawyers. Still other parties might describe external                                                        | Men                                                | sports-apparel                                     |            5.56 | 2628.3999999999996 |    0.24871061797614752
 AAAAAAAAKLOAAAAA | Bottom concerns must not ask of course direct, magnetic bodies. Young relations assume very combinations                                                                                                 | Men                                                | sports-apparel                                     |           69.29 |             168.33 |    0.01592811532640577
 AAAAAAAAKMABAAAA | Provincial types could maintain enthusiastically; effective ni                                                                                                                                           | Men                                                | sports-apparel                                     |             5.4 |  5055.679999999999 |    0.47839038848335474
 AAAAAAAAKMDDAAAA | Forms would charge; closed, primary r                                                                                                                                                                    | Men                                                | sports-apparel                                     |            2.55 |            3277.54 |    0.31013506271554664
 AAAAAAAAKMFBAAAA | Big others cannot cost positively annual, left words; temporary,                                                                                                                                         | Men                                                | sports-apparel                                     |            0.38 |            2931.69 |     0.2774092343686243
 AAAAAAAAKNNBAAAA | Surroundings avoid as records. Particular, labour planes bypass surprised, white players. Inc, old subjects should satisfy enough upwards parliamentary ligh                                             | Men                                                | sports-apparel                                     |           31.55 |  8550.490000000002 |     0.8090844817755556
 AAAAAAAAKPKCAAAA | Anyway prime clubs may not sleep. English conditions should try. Well private men will not highlight both valuable, ill pictures. Then tory communities exert more police. Right voluntary               | Men                                                | sports-apparel                                     |            4.45 |            7759.42 |     0.7342300043130723
 AAAAAAAAKPPBAAAA | Days run. Fully contemporary things shoul                                                                                                                                                                | Men                                                | sports-apparel                                     |            3.17 |           14609.36 |     1.3824010629417178
 AAAAAAAALFFEAAAA | Numerous, low books buy at a doctors. Political practitioners must see relatively odd responsibilities. Wonderfu                                                                                         | Men                                                | sports-apparel                                     |            1.92 | 13840.369999999999 |     1.3096358909292853
 AAAAAAAALIDAAAAA | Over bare years could not think so ministers. Far                                                                                                                                                        | Men                                                | sports-apparel                                     |            1.42 |            9238.33 |     0.8741708885130054
 AAAAAAAALNCCAAAA | Negative, little                                                                                                                                                                                         | Men                                                | sports-apparel                                     |            6.86 |             6985.1 |     0.6609604845629237
 AAAAAAAALOBCAAAA | Expensive areas recognise ashamed years; runni                                                                                                                                                           | Men                                                | sports-apparel                                     |            7.53 |  6223.599999999999 |     0.5889040488648425
 AAAAAAAALPEEAAAA | Years accompany now fur                                                                                                                                                                                  | Men                                                | sports-apparel                                     |            7.77 |            8879.95 |     0.8402594171729159
 AAAAAAAALPIDAAAA | Also chief parties can go traditional songs. However other children could benefit always only previous concessions. Happily early surfaces may consi                                                     | Men                                                | sports-apparel                                     |             3.9 |  5977.110000000001 |     0.5655800950431484
 AAAAAAAAMAHBAAAA | Complete, whole talks can think materials; alone, urban operations tak                                                                                                                                   | Men                                                | sports-apparel                                     |            2.58 |             3093.9 |    0.29275824872789646
 AAAAAAAAMAJBAAAA | Reports must not include big in a eyes. Finally local areas                                                                                                                                              | Men                                                | sports-apparel                                     |            1.48 |             4856.8 |    0.45957149953833265
 AAAAAAAAMAMBAAAA | Tall operations should not fit prime, social criticisms. Only days seem there initial others. Normal computers marry normal lips                                                                         | Men                                                | sports-apparel                                     |            1.33 |               4133 |    0.39108240149726753
 AAAAAAAAMBBAAAAA | Popular, private values counter alone. Abro                                                                                                                                                              | Men                                                | sports-apparel                                     |             8.9 |            9548.93 |     0.9035612088384473
 AAAAAAAAMBCBAAAA | British, firm pupils should not give large files; examples could slip always sales; right public provisions shall create then recently new types. Circum                                                 | Men                                                | sports-apparel                                     |            4.25 |             437.64 |    0.04141139661051637
 AAAAAAAAMBJDAAAA | Partners call professional, part-time pupils. Almost contemporary injuries might not say etc difficult, big students. Here nice accountants g                                                            | Men                                                | sports-apparel                                     |            0.34 |             2952.4 |     0.2793689044714572
 AAAAAAAAMCBEAAAA | Important, closed interests grow forward into a rules. Oft                                                                                                                                               | Men                                                | sports-apparel                                     |           79.87 |             714.39 |    0.06759868299192667
 AAAAAAAAMCEEAAAA | Sorts identify on the years. Men get forward cautious governments. Years could provide also central years. Tonnes could add good, fiscal circumstances.                                                  | Men                                                | sports-apparel                                     |             3.6 |            3143.17 |    0.29742039001068626
 AAAAAAAAMCNBAAAA | Authorities believe ago. Warm cases see easily specific mountains. Habits apply more useful materials. Professional, fond schools used to become more. Individuals can ex                                | Men                                                | sports-apparel                                     |            1.06 |             219.46 |   0.020766257883520524
 AAAAAAAAMDPBAAAA | Then british in                                                                                                                                                                                          | Men                                                | sports-apparel                                     |            3.07 |            1159.57 |    0.10972354713384623
 AAAAAAAAMEOBAAAA | Scho                                                                                                                                                                                                     | Men                                                | sports-apparel                                     |            0.37 |           14988.57 |     1.4182835593055647
 AAAAAAAAMGDBAAAA | Important areas ought to restrict considerably at a premises; other, particular efforts date fair, old measures. Examples could persuade as above                                                        | Men                                                | sports-apparel                                     |            4.74 |           11583.08 |     1.0960413121546018
 AAAAAAAAMGFAAAAA | More small subjects get also good doubts. Odd families take perhaps liberal views. Different, coastal sentences ought to account for a reserves. French hands help also                                  | Men                                                | sports-apparel                                     |           91.99 |            8120.88 |     0.7684329186235495
 AAAAAAAAMGGCAAAA | New, technological flowers ought to take equally claims. Unique planes might take home times. Most cultural executives might pass otherwise. Either good pro                                             | Men                                                | sports-apparel                                     |            1.99 |            3572.49 |     0.3380445121037922
 AAAAAAAAMGKAAAAA | Considera                                                                                                                                                                                                | Men                                                | sports-apparel                                     |            1.58 |            2365.34 |    0.22381873882350514
 AAAAAAAAMGNBAAAA | Anyway incredible children should not care effectively critical shares. Also public partners control different, careful countries; clear early politicians find just closer teenage services             | Men                                                | sports-apparel                                     |             7.2 |             177.12 |   0.016759863284102595
 AAAAAAAAMHBAAAAA | Long cars should hear still conditions. Additional symptoms should say all single, usual papers. Please orthodox varia                                                                                   | Men                                                | sports-apparel                                     |            6.84 | 13128.939999999999 |     1.2423172959868218
 AAAAAAAAMHHAAAAA | Political, white customers turn. Values shake rather more powerful studies. British, yellow feelings inspire very inside a types. Too structural tools overcome at least f                               | Men                                                | sports-apparel                                     |            0.28 |           10738.59 |      1.016132002394034
 AAAAAAAAMHJDAAAA | New, other eyes should not drink complete, central targets; expressly national tasks shall not prevent better adult, clean units. Internationa                                                           | Men                                                | sports-apparel                                     |            5.68 |              891.8 |    0.08438598733492939
 AAAAAAAAMJOCAAAA | Employers suit massive women. Services might seem fairly on                                                                                                                                              | Men                                                | sports-apparel                                     |            2.17 |            1963.38 |    0.18578353870111422
 AAAAAAAAMKBAAAAA | Separate emissions remember within                                                                                                                                                                       | Men                                                | sports-apparel                                     |            3.88 |            4996.12 |     0.4727545627313158
 AAAAAAAAMKDBAAAA | Then mediterranean corners interview consistently regional, bad months. Good, central knees will not go also ambitious development                                                                       | Men                                                | sports-apparel                                     |            8.25 | 3086.1800000000003 |    0.29202774881510696
 AAAAAAAAMKICAAAA | Modes control then. New speeches ou                                                                                                                                                                      | Men                                                | sports-apparel                                     |            4.43 |           18370.38 |      1.738285102060821
 AAAAAAAAMLNBAAAA | Much good nurses find there disabled instructions. Dutie                                                                                                                                                 | Men                                                | sports-apparel                                     |            0.25 |            9238.54 |     0.8741907596246229
 AAAAAAAAMOKCAAAA | General papers offer equally. Wrong plans inherit strange issues; from time to time major officials should not let unlik                                                                                 | Men                                                | sports-apparel                                     |            8.49 | 383.03999999999996 |    0.03624490759001049
 AAAAAAAAMPPBAAAA | General, negative movements expre                                                                                                                                                                        | Men                                                | sports-apparel                                     |            1.02 |  9230.650000000001 |     0.8734441735738575
 AAAAAAAANEIDAAAA | Open millions find over probable, good feelings; strong, appropriate times can clarify. Privately major years shall advise international, social busi                                                    | Men                                                | sports-apparel                                     |             6.3 |            6690.04 |     0.6330406264971642
 AAAAAAAANGOBAAAA | Economic,                                                                                                                                                                                                | Men                                                | sports-apparel                                     |            7.18 |                429 |    0.04059384230397478
 AAAAAAAANHJCAAAA | Parliamentary facts prove constantly little buildings. Modern, sure events meet                                                                                                                          | Men                                                | sports-apparel                                     |            4.68 |            2231.56 |     0.2111598944798554
 AAAAAAAANIEDAAAA | Northern parameters might not lean twice late classes. Legal differences can differ once carefully long others. Natural metres can propose. Political women could take good, new answers                 | Men                                                | sports-apparel                                     |            0.19 |            6363.36 |      0.602128746767881
 AAAAAAAANKHBAAAA | Local police intervene over pretty                                                                                                                                                                       | Men                                                | sports-apparel                                     |             6.8 |           14061.03 |     1.3305156980220478
 AAAAAAAANLEDAAAA | Particular, foreign women may set just consistent, new terms. Particularly fast women must not specify in a losses. Differ                                                                               | Men                                                | sports-apparel                                     |           73.57 |            2565.95 |    0.24280132787851766
 AAAAAAAANPDDAAAA | From time to time common courses overcome blue, chief islands. Econ                                                                                                                                      | Men                                                | sports-apparel                                     |            6.02 |             1395.2 |     0.1320198806119012
 AAAAAAAAOAGAAAAA | Full markets may measure men. Other, certain figures could discourage so suitable, sure features. Original guns must no                                                                                  | Men                                                | sports-apparel                                     |            2.98 |             181.08 |   0.017134575674600822
 AAAAAAAAOAIDAAAA | Troops could not participate most isolated children. Please endless applicants could suggest new, able centres. Fairly particular rights bring no longer. Years ought to pay long pockets. Cheap fr      | Men                                                | sports-apparel                                     |            7.86 | 2951.2999999999997 |    0.27926481769631883
 AAAAAAAAOAPDAAAA | Only only children locate free, single technologies; tonight visual members may not t                                                                                                                    | Men                                                | sports-apparel                                     |           75.55 |            3010.77 |    0.28489212725766466
 AAAAAAAAOBPBAAAA | Local, slow aspects should think now frequently relevant letters. Ready agreements used to match also easy mechanisms. Years omit quite in a magistrate                                                  | Men                                                | sports-apparel                                     |            9.98 |            3589.96 |    0.33969759934167204
 AAAAAAAAOCADAAAA | Normally small units can feel common, other servants. More than wooden sides could mean inherent games. Ideas locate public, nuclear others. Controversial ele                                           | Men                                                | sports-apparel                                     |           25.16 |             3303.8 |    0.31261989791112327
 AAAAAAAAODNBAAAA | Empty windows feel in the boys. Hard, industrial eyes think. Sometimes steep days shou                                                                                                                   | Men                                                | sports-apparel                                     |            0.93 |  8476.960000000001 |     0.8021267539792589
 AAAAAAAAOEGEAAAA | Faces should not lock very new, left times. Once numerous girls regard. Differences must name very. Decisions will take soon detailed unions. Prominent moments should flourish on a conditions.         | Men                                                | sports-apparel                                     |            2.68 |            6391.02 |     0.6047460560409065
 AAAAAAAAOEPCAAAA | Only french members give then coloured relations. Then unusual methods continue little international schools. Well availa                                                                                | Men                                                | sports-apparel                                     |            3.02 | 7184.1900000000005 |     0.6797992446195631
 AAAAAAAAOFEDAAAA | G                                                                                                                                                                                                        | Men                                                | sports-apparel                                     |            0.48 |           15709.45 |     1.4864963542708078
 AAAAAAAAOFMBAAAA | Complex, dry offers creep. Good times will take. Maybe sexual names may not become unknown, open circumstances. Matters depend then national ban                                                         | Men                                                | sports-apparel                                     |            3.07 |                 71 |  0.0067183282134783435
 AAAAAAAAOGGCAAAA | Issues might seem old months. Able letters should say so rooms. Very                                                                                                                                     | Men                                                | sports-apparel                                     |            4.36 |            4740.35 |    0.44855249502481787
 AAAAAAAAOGHCAAAA | New figures avoid demands; rates go solicitors. Inc feat                                                                                                                                                 | Men                                                | sports-apparel                                     |            4.51 |              88.11 |    0.00833735068858559
 AAAAAAAAOMOBAAAA | Local, true feelings go results; backwards organic qualities may raise mature countries. British rounds live towards a children; working, britis                                                         | Men                                                | sports-apparel                                     |            8.55 |            5803.27 |     0.5491305995976403
 AAAAAAAAONDCAAAA | Only different stages attend also pale, leading levels. Approximately                                                                                                                                    | Men                                                | sports-apparel                                     |            3.82 |            4447.72 |     0.4208625741077732
 AAAAAAAAONICAAAA | Glad characteristics support just unemployed ways; years could take known, pink services. Particular, successful                                                                                         | Men                                                | sports-apparel                                     |             3.3 |            2433.19 |    0.23023900036272354
 AAAAAAAAONKDAAAA | Very victorian units take more; local heroes affect final, effective posts. True prices must know similarly other owners; economic, proud properties sh                                                  | Men                                                | sports-apparel                                     |            3.98 |             8402.7 |     0.7950999504140068
 AAAAAAAAOOMAAAAA | Va                                                                                                                                                                                                       | Men                                                | sports-apparel                                     |            2.48 |            5988.11 |     0.5666209627945324
 AAAAAAAAPAGBAAAA | Other, public times discuss. Glad services shall follow. Powerful, important goals must not discuss always with a views. Royal, indiv                                                                    | Men                                                | sports-apparel                                     |            0.32 |            2263.27 |    0.21416043233407225
 AAAAAAAAPBLBAAAA | Seats                                                                                                                                                                                                    | Men                                                | sports-apparel                                     |            1.63 |            3740.52 |     0.3539442401278875
 AAAAAAAAPFODAAAA | Prime, old room                                                                                                                                                                                          | Men                                                | sports-apparel                                     |           64.67 |            2984.16 |     0.2823741735427258
 AAAAAAAAPHGAAAAA | Men pay here. Units ought to write early messages.                                                                                                                                                       | Men                                                | sports-apparel                                     |            3.97 |               5276 |    0.49923802330016537
 AAAAAAAAPIGCAAAA | Ill, soviet days locate ago. British countries will speak almost equally political cases; responsible, joint trees help single details. Secondly happy men could trade. Instantly importa                | Men                                                | sports-apparel                                     |            3.85 |             6712.3 |     0.6351469643286012
 AAAAAAAAPJDEAAAA | New, old police remember years. Difficult banks get difficult, tiny members. Necessary rivers like well alternative surfaces. Good, educational rivers could not look others; new,                       | Men                                                | sports-apparel                                     |           76.55 |           10042.84 |     0.9502971171189979
 AAAAAAAAPNCBAAAA | Names may not embark only evident months. Daughters would see happily. Human leaves continue at a jews. Shares read strictly; harsh products used to rate cold, whole feelings. Suddenly new             | Men                                                | sports-apparel                                     |            2.56 |  6953.179999999999 |     0.6579400755970893
 AAAAAAAAPNFBAAAA | Distant, local rights move naturally special lengths. Used, large clothes will identify so as a figures. Here full officials should anticipate markedly. Sound,                                          | Men                                                | sports-apparel                                     |            3.34 | 1499.6100000000001 |    0.14189960805935575
 AAAAAAAAPNLBAAAA | Never serious parts welcome alternative details. Concessions organize possibly naval, red walls. More divin                                                                                              | Men                                                | sports-apparel                                     |           55.98 |            5263.52 |    0.49805711152404974
 AAAAAAAAPOBBAAAA | Black stars might not know truly hidden losses. Ethical, superb cats should see standard, distant clubs. Big nam                                                                                         | Men                                                | sports-apparel                                     |            2.14 |            9482.83 |       0.89730653989604
 AAAAAAAACJDCAAAA |                                                                                                                                                                                                          | Men                                                |                                                    |            4.88 |            4019.48 |     42.613951407449505
 AAAAAAAAKEKBAAAA | Just effective parts get with a members. Recent, traditional ends would explain too. Here african neighbours compete so years; types may take again smart, s                                             | Men                                                |                                                    |             0.1 |            4772.12 |     50.593332916326965
 AAAAAAAAOKGCAAAA |                                                                                                                                                                                                          | Men                                                |                                                    |                 |              67.75 |      0.718275798823406
 AAAAAAAAAAPCAAAA | Operations guess clever, early judges. Dark reducti                                                                                                                                                      | Music                                              | classical                                          |            4.33 |            5786.58 |     0.5742719976181909
 AAAAAAAAABHAAAAA | Young, true lives say really only women. Usefully national girls spell just in a artists; more new teachers shall tell once in a patients. Mu                                                            | Music                                              | classical                                          |            1.34 |             234.99 |   0.023320886727617812
 AAAAAAAAACBBAAAA | Employers grow at first rare others; friends cannot see quite to the towns. Surely specific cases impress forces. Recent, sure places ought to                                                           | Music                                              | classical                                          |           47.83 |            3351.02 |    0.33256205728746685
 AAAAAAAAACFAAAAA | Right only lights vote. Never aware months would stay most about a years. European sales produce still fortunate                                                                                         | Music                                              | classical                                          |            9.33 |            2890.67 |     0.2868759846671049
 AAAAAAAAACIDAAAA | Components get most current policies. Seconds must update virtually pe                                                                                                                                   | Music                                              | classical                                          |            3.64 |            4404.89 |     0.4371502648521913
 AAAAAAAAACPCAAAA | Intense experiments will loosen systems. Onwards large words would seem sometimes local, detailed computers. Ab                                                                                          | Music                                              | classical                                          |            2.55 |           11607.61 |     1.1519628834774407
 AAAAAAAAADKBAAAA | Attacks could conform t                                                                                                                                                                                  | Music                                              | classical                                          |            3.32 |  8341.060000000001 |     0.8277838012181958
 AAAAAAAAADNDAAAA | Other, public roots                                                                                                                                                                                      | Music                                              | classical                                          |            2.35 |            3630.46 |     0.3602942526454205
 AAAAAAAAAEABAAAA | Degrees like. Types might not prove at least especially formal levels. Police used to wait more various, good minds. Intereste                                                                           | Music                                              | classical                                          |            1.62 |  7838.790000000001 |     0.7779375023259851
 AAAAAAAAAEHAAAAA | Lives enable desperately stil                                                                                                                                                                            | Music                                              | classical                                          |            4.77 |              651.7 |    0.06467603676917541
 AAAAAAAAAENAAAAA | High,                                                                                                                                                                                                    | Music                                              | classical                                          |            5.46 |               2754 |    0.27331257520685753
 AAAAAAAAAFFDAAAA | Strong germans might settle high, possible words. Right years could work                                                                                                                                 | Music                                              | classical                                          |            2.46 | 2460.8199999999997 |    0.24421679423403742
 AAAAAAAAAGJCAAAA | Early notes shall not depend. Nonetheless competitive disputes nee                                                                                                                                       | Music                                              | classical                                          |            2.12 |           11165.96 |     1.1081326369850264
 AAAAAAAAAHFEAAAA | Sure years ought to make active businesses. Foreign, electric days think philosophical stars. Officers could detect. Expensive, social differences could not display in th                               | Music                                              | classical                                          |             0.2 |            1409.16 |    0.13984791157534326
 AAAAAAAAAHMBAAAA | Bonds cannot accompany particular                                                                                                                                                                        | Music                                              | classical                                          |            1.16 |              570.5 |   0.056617583208246995
 AAAAAAAAAIFEAAAA | Waste, natural cuts buy                                                                                                                                                                                  | Music                                              | classical                                          |           92.23 |             715.68 |      0.071025542419769
 AAAAAAAAAINCAAAA | Political hours should not include only schools. More important conditions expand unions; quite other sets drift; today                                                                                  | Music                                              | classical                                          |            6.22 |             814.88 |    0.08087035268139581
 AAAAAAAAAIODAAAA | Foreign, international things help ordinary, fine observers. Basic, good losses might go here against a others. White, enormous exercises used to appeal areas. Inst                                     | Music                                              | classical                                          |            8.58 |            4223.18 |     0.4191169939586407
 AAAAAAAAAKHCAAAA | Children alter sometimes with a developments. Horizontal, direct games build however on a bills. Current times used to believe fo                                                                        | Music                                              | classical                                          |            1.02 |            5798.62 |     0.5754668717668803
 AAAAAAAAAKOBAAAA | Front goals believe still low sources. Early courses become continuously offices. Women guide right opposite roc                                                                                         | Music                                              | classical                                          |           27.56 | 16109.069999999998 |     1.5986969520288787
 AAAAAAAAAMBBAAAA | Across white profits will fall short, far children. Everyday honours participate mostly probably warm others. Technical, personal phrases should not recall. However whole s                             | Music                                              | classical                                          |            0.76 |            3972.41 |    0.39423006785674397
 AAAAAAAAAOGCAAAA | About successful charges like as certain effects. Agreements read coherent, commercial frames. Public accounts remember by a responses. High boards experiment moreover way                              | Music                                              | classical                                          |            2.81 |            2996.12 |     0.2973410576720298
 AAAAAAAAAPDBAAAA | Almost high countries flee as rather than an hours; small hands shall talk properly; scenes used to help consequently in a measures; practically previous houses ho                                      | Music                                              | classical                                          |            0.11 |            4663.96 |     0.4628608998771878
 AAAAAAAABCDEAAAA | Popular services might pl                                                                                                                                                                                | Music                                              | classical                                          |            0.72 |             413.82 |   0.041068340549056566
 AAAAAAAABFAEAAAA | Increasing forces shall call subtle, green servants. Financial offices may not think clearly economi                                                                                                     | Music                                              | classical                                          |            6.76 |            7085.54 |     0.7031834365037027
 AAAAAAAABGDDAAAA | For example great products change also new, social groups. Churches should not connect at last questions. Rates ought to illustrate folk. Natural areas should determine ahead. Toys                     | Music                                              | classical                                          |             2.6 |  7379.110000000001 |     0.7323179218717046
 AAAAAAAABGMDAAAA | Articles may not mean of course mor                                                                                                                                                                      | Music                                              | classical                                          |            3.93 |              846.3 |    0.08398853754450382
 AAAAAAAABHLDAAAA | Else comprehensive values allow very circumstances. Sort of musical years want all only important substances. New, military conflicts recommend at least. Special o                                      | Music                                              | classical                                          |            9.92 |            3956.43 |     0.3926441800746795
 AAAAAAAABKIAAAAA | Similar, detailed plans consider parliamentary,                                                                                                                                                          | Music                                              | classical                                          |            0.44 |            4040.63 |    0.40100035975239096
 AAAAAAAABMOBAAAA | Video-taped, ethnic features expel now single, red fields; sensitive females will not think exactly with a days. Guns cross. Now sexual                                                                  | Music                                              | classical                                          |            4.19 |            9581.47 |     0.9508846187244913
 AAAAAAAACAEBAAAA | So australian things w                                                                                                                                                                                   | Music                                              | classical                                          |            1.52 |              140.8 |   0.013973279081018716
 AAAAAAAACBFCAAAA | Serious students go. Differences take back, minor lessons. Fields shall exist both together given departm                                                                                                | Music                                              | classical                                          |            0.77 | 3761.3900000000003 |    0.37328801280222296
 AAAAAAAACCNAAAAA | Persistent parties allow about a origins. Only, acceptable troops think then public cases. More urgent forms may not provide also from a stones. Clear regional homes can laugh long american practical  | Music                                              | classical                                          |            2.23 |             5131.6 |     0.5092704469613327
 AAAAAAAACDJCAAAA | Still english workers steal long russians. More national details could get clear, general descriptions; certainly good reasons proceed very past legs. Afraid                                            | Music                                              | classical                                          |            3.12 |            4106.76 |     0.4075632357866791
 AAAAAAAACFJAAAAA | Consistent, short errors could result s                                                                                                                                                                  | Music                                              | classical                                          |            9.37 |  528.9200000000001 |    0.05249109922963366
 AAAAAAAACGADAAAA | Generous women will boot due to the types. More important terms may not                                                                                                                                  | Music                                              | classical                                          |             0.4 |            4353.32 |     0.4320323529046903
 AAAAAAAACIGDAAAA | Famous services add now in the                                                                                                                                                                           | Music                                              | classical                                          |           26.14 |              10829 |     1.0746920395479522
 AAAAAAAACJPCAAAA | Specific, industrial workers take highly junior, able rivers; indian, american studies prove sometimes then angry lads. Quick other problems consider. Similarly democratic hands might not div          | Music                                              | classical                                          |             1.6 |             9622.7 |     0.9549763679894802
 AAAAAAAACKEEAAAA | Minor eyes make perhaps agents; places could say much. Other, english years proceed rather programmes. Now interested sounds d                                                                           | Music                                              | classical                                          |            41.6 |             3371.7 |     0.3346143826524915
 AAAAAAAACKMCAAAA | Old birds must no                                                                                                                                                                                        | Music                                              | classical                                          |           74.41 | 2397.2599999999998 |    0.23790897023979346
 AAAAAAAACLPAAAAA | Terrible, absolute goods could bother more wealthy, illegal days. Things open for exam                                                                                                                   | Music                                              | classical                                          |            1.67 | 3885.8100000000004 |     0.3856357072856061
 AAAAAAAACMBBAAAA | Papers see asian cases. Villages think at the syst                                                                                                                                                       | Music                                              | classical                                          |            1.23 |                735 |    0.07294289861185195
 AAAAAAAACMDAAAAA | Nearly keen traders ans                                                                                                                                                                                  | Music                                              | classical                                          |             3.1 |             204.45 |   0.020290034858766168
 AAAAAAAACNIAAAAA | Actions might not keep possible, annual areas. Possibly material policies will shoot of course. New others should not call however traditional, huge prospects. Concerned fans can examin                | Music                                              | classical                                          |            3.91 | 10923.240000000002 |      1.084044609296498
 AAAAAAAACOMBAAAA | Unable, political players ensure ago unusual particles. Trees take live excellent years. Processes come unnecessary trees. Essentially                                                                   | Music                                              | classical                                          |             9.3 | 10689.009999999998 |     1.0607991465184645
 AAAAAAAACPACAAAA | B                                                                                                                                                                                                        | Music                                              | classical                                          |            0.33 | 1821.8899999999999 |    0.18080807830196866
 AAAAAAAADADEAAAA | However professional cases will need no longer international, endless symptoms. Unusual circumstances suppose fully. Modern, different computers trap. Significant views                                 | Music                                              | classical                                          |            1.28 | 3638.4300000000003 |    0.36108521169567415
 AAAAAAAADAFCAAAA | Examples might not read mildly. A little other studies cannot say words. Unhappy controls see so ta                                                                                                      | Music                                              | classical                                          |            2.21 |            2591.75 |     0.2572105543908399
 AAAAAAAADAHAAAAA | Satisfied, extensive feelings ought to keep underneath pure, international plans. Junior requirements could see; only big years mean mor                                                                 | Music                                              | classical                                          |            1.66 | 2003.4500000000003 |    0.19882646288968003
 AAAAAAAADBFEAAAA | Candidates used to visit otherwise previous drugs; legs will meet just local men. More small flames can go increasingly with a det                                                                       | Music                                              | classical                                          |            3.86 |            1646.46 |    0.16339804741288405
 AAAAAAAADBLBAAAA | Papers contain tomorrow dynamic, wide rules. Yesterday subject functions might develop far possible, large products. Cultural men could see administrative authorities. Likely molecules may dismiss m   | Music                                              | classical                                          |            3.76 |             4347.7 |    0.43147461264591663
 AAAAAAAADDOCAAAA | Local, british firms would augment easy relations. Royal components must not foster just. Head, international items should not make                                                                      | Music                                              | classical                                          |            9.86 |              98.41 |   0.009766409050873948
 AAAAAAAADIODAAAA | Cases should stop tears. Exotic things go secondly good policies. Somewhat civil proposals offer defences. Years wil                                                                                     | Music                                              | classical                                          |            9.93 |            1873.35 |    0.18591507362518755
 AAAAAAAADMPBAAAA | Poor, executive areas may extract at best. Romantic audiences say in a attitudes; books could not need only legal forms. Especially available universities say in a examinations. New, wonderful con     | Music                                              | classical                                          |            2.03 |            1259.28 |    0.12497351478086113
 AAAAAAAADPAEAAAA | Wrong councils migh                                                                                                                                                                                      | Music                                              | classical                                          |           20.04 |            1426.97 |     0.1416154122886454
 AAAAAAAAEBAAAAAA | Present tasks could not t                                                                                                                                                                                | Music                                              | classical                                          |             5.5 | 6540.5199999999995 |     0.6490945404473333
 AAAAAAAAEDBCAAAA | Neve                                                                                                                                                                                                     | Music                                              | classical                                          |            5.35 |           13662.78 |     1.3559221446204608
 AAAAAAAAEDJDAAAA | Quite important others meet previously. Duties can understand now very economic ideas; however legislative children                                                                                      | Music                                              | classical                                          |            4.36 |            1669.64 |     0.1656984778752279
 AAAAAAAAEEFAAAAA | Associated subjects get home. Military sales could pay only finally voluntary floors. Annual, separate parts might not disappear excellent, se                                                           | Music                                              | classical                                          |             4.6 |             566.99 |   0.056269243651610804
 AAAAAAAAEEJCAAAA | Alike new hospitals cease now for                                                                                                                                                                        | Music                                              | classical                                          |            3.74 |            8882.28 |     0.8814955775266401
 AAAAAAAAEFDEAAAA | Rocks make so numbers. Big, average levels greet now great plans. Weeks will prov                                                                                                                        | Music                                              | classical                                          |            6.66 |            5313.63 |       0.52733547530734
 AAAAAAAAEFICAAAA | Other, necessary women practise there in a corporations. Nervous, successful losses wish also rural women. Other, local questions would discuss as alike national days. Do                               | Music                                              | classical                                          |            8.44 |              536.7 |    0.05326320229249109
 AAAAAAAAEFMBAAAA | As young years may apologise societies. New groups think savings. Classical, other circumstances will see administrative restrictions. Financial,                                                        | Music                                              | classical                                          |            9.54 |             199.68 |   0.019816650333081085
 AAAAAAAAEGGDAAAA | Models describe large, labour members. Japanese connections carry opponents. Helpful questions say females. D                                                                                            | Music                                              | classical                                          |            3.64 |            8929.75 |     0.8862065971145374
 AAAAAAAAEGJDAAAA | Criminal names sing only friendly standards. Running details must see elsewhere. So inadequate schemes examine common, new police. Possible hours could include then                                     | Music                                              | classical                                          |            2.64 |            8549.76 |     0.8484956147424045
 AAAAAAAAEHFEAAAA | New companies entice of course easily medical rates; old, spatial articles talk however simple authorities. Christian, small situations leave better historical charges. Still short vegetables r        | Music                                              | classical                                          |             5.9 |            6392.76 |     0.6344305367753779
 AAAAAAAAEHKBAAAA | Peaceful, able parties might not vote numbers. Local, mil                                                                                                                                                | Music                                              | classical                                          |            6.87 |                568 |    0.05636947811092777
 AAAAAAAAEIGBAAAA | Yesterday vague soldiers fit strictly important interests. Programmes could work                                                                                                                         | Music                                              | classical                                          |            3.15 | 3986.7700000000004 |    0.39565518353574564
 AAAAAAAAEKOBAAAA | Healthy events give recently local, interesting genes; even impossible purposes would tell at a tasks. Emotional, light guests prohibit years; more strange times wait necessarily tragic authori        | Music                                              | classical                                          |             1.6 |            4241.88 |    0.42097282008658854
 AAAAAAAAEKPAAAAA | Technical skills cannot prepare more. Greek hands will climb also seats; forward slow workers will not rel                                                                                               | Music                                              | classical                                          |            0.87 |            2534.05 |     0.2514842887447122
 AAAAAAAAEMDAAAAA | Devices provide quite marks. New mountains run by a needs. Then late years might ask since. Now conservative expectations put so markets; now interes                                                    | Music                                              | classical                                          |            5.65 |             1421.4 |     0.1410626341318182
 AAAAAAAAEMFBAAAA | Specific libraries slip for the females. Heavy communications respond fast other trees; then excellent yards might not shake positiv                                                                     | Music                                              | classical                                          |             6.9 |            2749.53 |    0.27286896329285076
 AAAAAAAAEMNCAAAA | Old regulations like often since essential shar                                                                                                                                                          | Music                                              | classical                                          |            6.74 |            2157.17 |    0.21408194911364448
 AAAAAAAAENJDAAAA | Difficult qualifications change today questions. Private, early plants will own always deep jobs; waters get in general. Aspects apply large accounts. Welsh months exhibit secure, unusual author       | Music                                              | classical                                          |            7.65 |            2657.17 |     0.2637029685774893
 AAAAAAAAEOGCAAAA | About head benefits could not like sure systems. Books get thus environmental areas; big, thin cities find. Previously hot holid                                                                         | Music                                              | classical                                          |            0.45 | 1464.3400000000001 |    0.14532408728337318
 AAAAAAAAEPCCAAAA | Yet creative feelings would consider still with a minds. That is p                                                                                                                                       | Music                                              | classical                                          |            1.94 | 3462.9300000000003 |    0.34366823386386464
 AAAAAAAAFAODAAAA | Other channels may perceive romantic markets; cases must strengthen then key words. R                                                                                                                    | Music                                              | classical                                          |            1.21 |            3214.02 |    0.31896589795437336
 AAAAAAAAFEPBAAAA | Safe times depress over lawyers. Frankly signif                                                                                                                                                          | Music                                              | classical                                          |            3.41 |            5297.74 |      0.525758519308779
 AAAAAAAAFFCEAAAA | Vaguely double firms cause to a hands. Very similar minutes could not accept police. Fi                                                                                                                  | Music                                              | classical                                          |            9.22 |           12298.36 |     1.2205143218667422
 AAAAAAAAFFIBAAAA | Losses administer. Simple, main performances remove prison                                                                                                                                               | Music                                              | classical                                          |            2.97 | 13308.119999999999 |     1.3207249630943663
 AAAAAAAAFIJDAAAA | Commonly french arguments know problems. Just potential women must lead that is from a characteristics. Detailed, senior agreeme                                                                         | Music                                              | classical                                          |            0.37 |            3688.08 |      0.366012578928434
 AAAAAAAAFLAAAAAA | Important guns make for a subjects. New, ill names mark proportions; too long years may see none the less aware scottish friends; rapidly white theories ought to prohibit with the women; ea            | Music                                              | classical                                          |            2.92 |              16.38 |  0.0016255845976355578
 AAAAAAAAFLFEAAAA | Feelings assemble quickly. Famous winners receive. Bad, high expectations used to lift just complex, federal                                                                                             | Music                                              | classical                                          |            9.03 |  5620.299999999999 |     0.5577700313852945
 AAAAAAAAFMFAAAAA | Therefore similar girls remind journals. Likely profits may not cope as total, complex thanks. Cars he                                                                                                   | Music                                              | classical                                          |             3.5 |            7190.74 |     0.7136236989988957
 AAAAAAAAFOHCAAAA | Big years should say enough from a branches. Demands could apply ago to a customers. Effective, human services may not provide really spaces; di                                                         | Music                                              | classical                                          |             2.2 |            2298.85 |    0.22814256118891954
 AAAAAAAAGAFDAAAA | Rights shift certainly whole, main criteria; successful, local elections know effortlessly however trying thousands. More extra measures set shares; well fascinating soldiers match b                   | Music                                              | classical                                          |            0.59 |            1622.86 |    0.16105593529419057
 AAAAAAAAGAIAAAAA | Local, wooden lines would treat brief weeks. Equivalent, large areas make only on a minutes. Right royal numbers know much recent winds. Presidential pupils shall not visit now at                      | Music                                              | classical                                          |           22.81 |            7496.33 |     0.7439510736748084
 AAAAAAAAGBFBAAAA | Earlier right conditions ought to leave s                                                                                                                                                                | Music                                              | classical                                          |             6.8 | 15613.560000000001 |     1.5495215293198197
 AAAAAAAAGCEBAAAA | Mad, current standards satisfy years. Fine, good years see black children; beautiful thanks might enter medieval, western guests. Considerable, inner                                                    | Music                                              | classical                                          |           24.79 |             4263.6 |      0.423128357172098
 AAAAAAAAGCPAAAAA | Years cannot ensure then at once high facilities. Recent, sin                                                                                                                                            | Music                                              | classical                                          |            3.47 | 1775.3899999999999 |     0.1761933234918311
 AAAAAAAAGDCDAAAA | Social, possible papers may learn now interesting factors. Subjects visit ideal proport                                                                                                                  | Music                                              | classical                                          |             1.5 |            2058.08 |    0.20424805547629968
 AAAAAAAAGECBAAAA | Other years stand properly; serious feet take ready branch                                                                                                                                               | Music                                              | classical                                          |            1.92 | 15709.619999999999 |     1.5590547195792133
 AAAAAAAAGGJCAAAA | Too urban subjects speed naturally. Plants would identify yards. Completely rational engines shall live successful forms; earl                                                                           | Music                                              | classical                                          |             3.7 |             208.67 |   0.020708836263041017
 AAAAAAAAGHEDAAAA | Molecular pages used to hope with a thi                                                                                                                                                                  | Music                                              | classical                                          |            7.02 |  6236.849999999999 |     0.6189577104861618
 AAAAAAAAGILAAAAA | Other names question in a cases. Important links endure. Even peaceful defences achieve in the visitors. Documents remain happ                                                                           | Music                                              | classical                                          |            3.65 |           12718.59 |     1.2622188038853255
 AAAAAAAAGLAAAAAA | Minutes give then from a matters. Parts offer outside aware, independent years. Beautiful, prime schools shall not contract thus different, western examples. Then c                                     | Music                                              | classical                                          |            2.15 | 14532.689999999999 |      1.442253786704047
 AAAAAAAAGMOCAAAA | Able, certai                                                                                                                                                                                             | Music                                              | classical                                          |           69.95 |            9095.76 |     0.9026817679969232
 AAAAAAAAGNKAAAAA | Local times complain more                                                                                                                                                                                | Music                                              | classical                                          |            6.26 |            4590.34 |     0.4555547009713313
 AAAAAAAAGNPBAAAA | Then active theories might lo                                                                                                                                                                            | Music                                              | classical                                          |            5.56 |            8568.25 |     0.8503306000421775
 AAAAAAAAGOMAAAAA | Holy rates generate national, nast                                                                                                                                                                       | Music                                              | classical                                          |            5.22 |             3570.8 |     0.3543734726029945
 AAAAAAAAGPEAAAAA | Names witness principles. Scottish goals ought to lobby. Young chains worry communities. Rights speak musical women. Necessary, medical resources may not shine certainly with the cost                  | Music                                              | classical                                          |            7.75 |             1804.5 |    0.17908225924501614
 AAAAAAAAHCFCAAAA | Structural bars get nearl                                                                                                                                                                                | Music                                              | classical                                          |             9.6 |            4511.93 |    0.44777313269901114
 AAAAAAAAHGCBAAAA | Police work. Minute talks used to take. Public liabilities must concentrate                                                                                                                              | Music                                              | classical                                          |           31.44 |             195.75 |   0.019426629120095264
 AAAAAAAAHGGAAAAA | Large facilities used to get with a methods. Then other prizes ought to concern now more far groups. Available activities would retain better causal homes; multiple, english                            | Music                                              | classical                                          |            0.62 |            3981.12 |    0.39509446601580417
 AAAAAAAAHMJAAAAA | Better far concerns go all with a friend                                                                                                                                                                 | Music                                              | classical                                          |            0.77 |              20.56 |   0.002040416320353301
 AAAAAAAAHPIBAAAA | Feelings should reflect. Twice public subjects might not require into a initiatives; about guilty ca                                                                                                     | Music                                              | classical                                          |             9.5 |            4789.06 |     0.4752760789470419
 AAAAAAAAHPJAAAAA | Artists might think. Animals might go negatively. Danger                                                                                                                                                 | Music                                              | classical                                          |            6.16 | 10006.130000000001 |     0.9930287429755242
 AAAAAAAAHPPAAAAA | Old workers like more adequate shares. Central, profound lawyers will not                                                                                                                                | Music                                              | classical                                          |           87.06 |               52.8 |   0.005239979655382018
 AAAAAAAAIAADAAAA | General, wrong years work then historical children. Willing, military potatoes see almost. National, low pp. may not create clearly as other changes. Users might talk. Only relevant feet preven        | Music                                              | classical                                          |            8.85 |            3886.28 |     0.3856823510439021
 AAAAAAAAICADAAAA | General, single branches bring factors; deaf, official versions discuss circumstances. And so on old shops could know leading, still pp.. Ter                                                            | Music                                              | classical                                          |             8.2 |            9078.29 |     0.9009480095768566
 AAAAAAAAIDCAAAAA | Desirable, liable sales will run more than to a suppliers. Industrial speeches ought to supply easy, running rights; more                                                                                | Music                                              | classical                                          |           19.71 |            7459.79 |     0.7403247695723906
 AAAAAAAAIENBAAAA | Clear, inc girl                                                                                                                                                                                          | Music                                              | classical                                          |            3.41 |  4901.110000000001 |     0.4863961494088895
 AAAAAAAAIHMBAAAA | Similarly other efforts can enforce deliberately. Persistent visitors could constitute advantages. Comparative, whole women could want important, significant wo                                         | Music                                              | classical                                          |            4.83 |              89.76 |    0.00890796541414943
 AAAAAAAAIIHCAAAA | All but total charges execute later also v                                                                                                                                                               | Music                                              | classical                                          |            7.77 |  7924.950000000001 |     0.7864881963999949
 AAAAAAAAIIKAAAAA | Average, other facts shall see without a years. Often permanent studies would                                                                                                                            | Music                                              | classical                                          |           24.39 |            7846.35 |     0.7786877721402784
 AAAAAAAAIIMBAAAA | Good, japanese cases recognize with a clubs; patients ke                                                                                                                                                 | Music                                              | classical                                          |            9.77 |              510.6 |   0.050672985076478376
 AAAAAAAAIINCAAAA | So additio                                                                                                                                                                                               | Music                                              | classical                                          |            4.14 |             906.87 |    0.08999962784235399
 AAAAAAAAIJLAAAAA | Automatic, american stones use. Concerned, medica                                                                                                                                                        | Music                                              | classical                                          |           89.46 |            4575.76 |     0.4541077520437656
 AAAAAAAAIJMAAAAA | French defendants put already inc problems. Now existing women could not arrange regulato                                                                                                                | Music                                              | classical                                          |            3.44 | 13674.720000000001 |     1.3571070945652575
 AAAAAAAAIKBBAAAA | Rightly labour bills encourag                                                                                                                                                                            | Music                                              | classical                                          |            2.98 |            1313.81 |    0.13038518316358805
 AAAAAAAAIKPCAAAA | Novel, comfortable operations think then into a centuries. Leaders find new, soft titles. Special countries tell now painting                                                                            | Music                                              | classical                                          |            4.72 |  6544.469999999999 |     0.6494865465010975
 AAAAAAAAILOBAAAA | Today powerful theories go else on a questions. Drugs take from a words. Preliminary benefits can find main, industrial types. Poor years will give. Early, local ways use at least in a mountai         | Music                                              | classical                                          |            9.69 |  5482.139999999999 |      0.544058751287045
 AAAAAAAAIMHBAAAA | Bands file eastern considerat                                                                                                                                                                            | Music                                              | classical                                          |            3.45 |               5666 |       0.56230539256429
 AAAAAAAAIMPDAAAA | Backwards secure boys move necessarily in a officers. Early bodies shall not share quite european, aware plans. Prime, unlikely leaves                                                                   | Music                                              | classical                                          |            4.83 | 1903.4900000000002 |    0.18890622867846815
 AAAAAAAAINPCAAAA | Of course                                                                                                                                                                                                | Music                                              | classical                                          |            1.01 | 424.28000000000003 |     0.0421064122762402
 AAAAAAAAIODBAAAA | Only loyal things claim in the owners. Real, cold streets might stop to a colleagues. Then new versions must hold long arts. Losses celebrate                                                            | Music                                              | classical                                          |            2.86 |             4735.1 |     0.4699209785265037
 AAAAAAAAJCNBAAAA | Social                                                                                                                                                                                                   | Music                                              | classical                                          |            5.86 |            2156.76 |    0.21404125987768413
 AAAAAAAAJECBAAAA | Gentlemen c                                                                                                                                                                                              | Music                                              | classical                                          |           49.26 | 3560.4399999999996 |    0.35334532507970356
 AAAAAAAAJELBAAAA | National, grey cheeks should list. Impossible examples could terminate however; american, typical concepts accept; closely desperate houses come then forward sim                                        | Music                                              | classical                                          |            0.55 |            1063.22 |    0.10551612062869828
 AAAAAAAAJIDCAAAA | Respectively immediate cars work fundamentally plans. Really old troops                                                                                                                                  | Music                                              | classical                                          |            7.47 |  7056.929999999999 |     0.7003441217699814
 AAAAAAAAJIODAAAA | Whole, great events                                                                                                                                                                                      | Music                                              | classical                                          |            5.34 |            6018.72 |     0.5973100445348648
 AAAAAAAAJJKDAAAA | Criminal procedures                                                                                                                                                                                      | Music                                              | classical                                          |           38.67 |            5879.76 |      0.583519370805473
 AAAAAAAAJKFBAAAA | Uni                                                                                                                                                                                                      | Music                                              | classical                                          |            1.44 | 2873.0199999999995 |     0.2851243626800311
 AAAAAAAAJKPDAAAA | Naturally necessary employees will improve about to a houses. Above, labour arguments used to use at once young, hot kids. A                                                                             | Music                                              | classical                                          |            0.75 |            3487.72 |    0.34612844400888204
 AAAAAAAAJLMCAAAA | Sadly sheer tools break else effective classes. Benefits may not end alternatively further interior officers. Even parental h                                                                            | Music                                              | classical                                          |            9.36 |            1053.24 |    0.10452568508019994
 AAAAAAAAKABCAAAA | Strikingly ordinary traders close australian hills. Pictures can make ill. Differences l                                                                                                                 | Music                                              | classical                                          |            4.83 |            6351.06 |     0.6302921437520932
 AAAAAAAAKACEAAAA | Australi                                                                                                                                                                                                 | Music                                              | classical                                          |            5.79 |            2052.19 |    0.20366351986701559
 AAAAAAAAKDADAAAA | Effective, full years make nonetheless great, nuclear investors. Parties o                                                                                                                               | Music                                              | classical                                          |            8.44 |             3384.6 |    0.33589460495465867
 AAAAAAAAKEOAAAAA | Others r                                                                                                                                                                                                 | Music                                              | classical                                          |            3.25 |            5010.89 |    0.49729094044237127
 AAAAAAAAKFBAAAAA | Royal, powerful processes meet moreover words. Later civil numbers ought to read other changes; units get units;                                                                                         | Music                                              | classical                                          |            9.23 |             3435.9 |    0.34098572155164913
 AAAAAAAAKFEEAAAA | Quickly italian sites improve quietly; wet, international foreigners take perhaps to a forces. Welsh, orange layers participate so such as a parents. Eyes                                               | Music                                              | classical                                          |            5.22 |           10275.48 |     1.0197595861606974
 AAAAAAAAKFNDAAAA | Good, true efforts say quickly new practices. Regular, good functions like alone by a communities; possibly pure emotions need full-time physical, capable parties. National, british practi             | Music                                              | classical                                          |            4.71 |            1057.76 |     0.1049742590961531
 AAAAAAAAKGBCAAAA | Chiefs hit on a women. Years ask orders. Inc women broaden more early, free parents. Courses pass away. Activities make in a schools; interested, high players ought to match in a demonst               | Music                                              | classical                                          |            5.62 |           11999.19 |     1.1908240810807453
 AAAAAAAAKGKDAAAA | Attempts like silently partially dutch times. Labour, crucial lines discuss really local losses; eligible hands ensure. Forward students must not include for a women. Various, uncomfortable pa         | Music                                              | classical                                          |            4.52 |            4089.17 |    0.40581756832194105
 AAAAAAAAKHGCAAAA | General friends should kno                                                                                                                                                                               | Music                                              | classical                                          |            4.86 |            8220.41 |       0.81581024922157
 AAAAAAAAKJDDAAAA | Full, important m                                                                                                                                                                                        | Music                                              | classical                                          |            1.21 | 1114.4099999999999 |     0.1105963206014067
 AAAAAAAAKKCBAAAA | Models hope on the traditions. Ancient weeks could expand sometimes happy countries. Never as                                                                                                            | Music                                              | classical                                          |            0.58 |            3008.83 |     0.2986024239868007
 AAAAAAAAKLACAAAA | Parties get of course serious profits. Boards develop holy, conscious winds. Industrial, previous features s                                                                                             | Music                                              | classical                                          |            4.11 | 4402.4400000000005 |    0.43690712185681846
 AAAAAAAAKLIDAAAA | Commercial, natural schools discuss at a implications. Children describe to                                                                                                                              | Music                                              | classical                                          |            6.92 |             4612.6 |    0.45776382875786176
 AAAAAAAAKMCCAAAA | Central, sexual arms may mark all upper groups. Great, full others work. Joint others find single, uncertain years. European, modern for                                                                 | Music                                              | classical                                          |            7.75 |            3846.97 |     0.3817811464936546
 AAAAAAAAKNODAAAA | Odd words take clearly around a relations. Local, french peoples would not go skilled, white materials. Lands would not wait very ac                                                                     | Music                                              | classical                                          |            2.96 | 3093.2200000000003 |     0.3069774596519084
 AAAAAAAAKOFAAAAA | As fine musicians convey only then national criticisms; effective ears may become again happy years. Also short adults may help.                                                                         | Music                                              | classical                                          |            3.06 |            9267.14 |     0.9196898686283507
 AAAAAAAAKPOCAAAA | Fresh hands shall not cope thence from a classes. Values may not see most good women. Tomorrow human lips sh                                                                                             | Music                                              | classical                                          |            2.91 |             8161.2 |     0.8099341280966614
 AAAAAAAALALAAAAA | Already scottish situations cry etc letters. Things reflect so also full institutions. New elections speak effective farmers. Competent ele                                                              | Music                                              | classical                                          |            0.77 |            4798.75 |     0.4762377343042511
 AAAAAAAALBJBAAAA | Existing colleges can claim in the rises. Aggressive, f                                                                                                                                                  | Music                                              | classical                                          |            7.93 |            1019.15 |      0.101142523973155
 AAAAAAAALEBAAAAA | Different, domestic parts might develop re                                                                                                                                                               | Music                                              | classical                                          |            6.81 |             307.59 |   0.030525858753768082
 AAAAAAAALGFAAAAA | Long r                                                                                                                                                                                                   | Music                                              | classical                                          |            1.93 |            8332.42 |     0.8269263500018605
 AAAAAAAALPOAAAAA | Also physical years look only farmers. Sides must stand also activities. Great cities may remain separately domestic goods. Reports will hear                                                            | Music                                              | classical                                          |             1.5 |            4294.49 |     0.4261939437545743
 AAAAAAAAMAIAAAAA | Clothes cannot like still new projects. Strong, local sides would go largely persistent, militar                                                                                                         | Music                                              | classical                                          |            6.22 |             3399.5 |    0.33737331133468124
 AAAAAAAAMBFEAAAA | Similar times scrape so from a men. Again particular banks                                                                                                                                               | Music                                              | classical                                          |           22.96 |              176.2 |   0.017486447259058933
 AAAAAAAAMCDAAAAA | Others might become democrats; important, domestic parts repair largely indeed hidden                                                                                                                    | Music                                              | classical                                          |            9.91 |           10859.63 |     1.0777318232003072
 AAAAAAAAMCJCAAAA | Prisoners must point from a funds; special, politic                                                                                                                                                      | Music                                              | classical                                          |            9.92 |  6390.070000000001 |     0.6341635756906625
 AAAAAAAAMGACAAAA | Substantially labour cups make grimly similar disputes. Useful, wild members may not draw usually physically responsible qualities. Growing laws shall not encourage just average,                       | Music                                              | classical                                          |            2.72 |            9595.31 |     0.9522581285432505
 AAAAAAAAMGICAAAA | Technical, right things look far. Drugs may purchase ill; upwards chemical successes provide voluntary, large patients; young, fre                                                                       | Music                                              | classical                                          |           15.82 |           11024.07 |     1.0940511840815765
 AAAAAAAAMIBCAAAA | Expe                                                                                                                                                                                                     | Music                                              | classical                                          |            5.03 |            4544.85 |    0.45104018062051077
 AAAAAAAAMJEDAAAA | Users shall attempt ago under good industries. Moreover little members could find also combinations.                                                                                                     | Music                                              | classical                                          |            7.36 |            2203.84 |    0.21871357507039974
 AAAAAAAAMMDEAAAA | Hours could not help central hours; ago economic jobs use at least rational representatives. Schools will leav                                                                                           | Music                                              | classical                                          |            1.99 | 4076.2000000000003 |     0.4045303990770489
 AAAAAAAAMMIDAAAA | Absent, new centres ought to go other p                                                                                                                                                                  | Music                                              | classical                                          |            3.34 |             472.32 |    0.04687399982632642
 AAAAAAAAMOBEAAAA | National, dangerous funds serve both standard newspapers; victorian aspects would know as every firms. Mass, traditional studies ought to need. National, european police incr                           | Music                                              | classical                                          |            1.92 |            5164.64 |     0.5125494039275036
 AAAAAAAANCBAAAAA | Dutch, unable experiments go. National, physical cars would entail similarly good things; supreme years de                                                                                               | Music                                              | classical                                          |            5.91 | 1121.6399999999999 |     0.1113138405428539
 AAAAAAAANDDDAAAA | Domestic feelings must cover apparently on a visits. Other, com                                                                                                                                          | Music                                              | classical                                          |           77.31 |  7047.860000000001 |     0.6994439964769074
 AAAAAAAANDNCAAAA | Acutely private days destroy on a costs. More only years examine even for a resources. Full, public circumstances decide great materials. Systems creep certainly now practical instruments. Contracts   | Music                                              | classical                                          |            5.22 |  9618.369999999999 |      0.954546649960923
 AAAAAAAANDPAAAAA | Glad, adult cells could act new friends. Revenues let even subjective books. Differ                                                                                                                      | Music                                              | classical                                          |            4.86 |            7268.48 |     0.7213387751051343
 AAAAAAAANEBBAAAA | Bad,                                                                                                                                                                                                     | Music                                              | classical                                          |            6.47 |            6339.96 |     0.6291905571199958
 AAAAAAAANFGBAAAA | Confident, different clothes feel books. Other, sure gardens suppress as passive, corresponding months. Good obligations must become                                                                     | Music                                              | classical                                          |            3.88 |           23441.07 |        2.3263395814467
 AAAAAAAANJHCAAAA | Usual, new vehicles go in a bands. Streets create; now small countries will know just children; never total exp                                                                                          | Music                                              | classical                                          |            0.74 |            4703.32 |    0.46676706652938166
 AAAAAAAANNIAAAAA | Close materials could see more sick, exotic lines. Open children would become. Just poor hands should not indicate however. Enormous mod                                                                 | Music                                              | classical                                          |            4.02 |            4234.71 |      0.420261254667477
 AAAAAAAANOEDAAAA | Quickly recent requests used to render flowers. Medieval structures can walk high, other shares; more military relations keep willingly. Unknown, concerned times look home managerial minutes. G        | Music                                              | classical                                          |            3.98 |           10252.42 |     1.0174710647430247
 AAAAAAAANOMBAAAA | Sensitive affairs arouse similar mothers. Sensitive, mutual guests could for                                                                                                                             | Music                                              | classical                                          |            7.43 |            6335.67 |      0.628764808772996
 AAAAAAAAOBDCAAAA | Champions ought to prove for the eyes. A little difficult                                                                                                                                                | Music                                              | classical                                          |            71.3 |            2518.38 |    0.24992916599471526
 AAAAAAAAOBGBAAAA | Far strong others draw tomorrow inner places. Ever static deaths cry soon then var                                                                                                                       | Music                                              | classical                                          |            3.17 |            9348.91 |     0.9278048901514678
 AAAAAAAAOCHAAAAA | Rivals may defend. Soviet, professional flowers take simply pure properties. Early, o                                                                                                                    | Music                                              | classical                                          |            4.15 |            6747.65 |     0.6696505439704257
 AAAAAAAAODBEAAAA | Long years decid                                                                                                                                                                                         | Music                                              | classical                                          |            9.17 |            2886.69 |     0.2864810013521727
 AAAAAAAAODEBAAAA | Social, real women ought to rectify just young, afra                                                                                                                                                     | Music                                              | classical                                          |            7.15 |            4548.25 |     0.4513776035528648
 AAAAAAAAOEJCAAAA | Really sudden issues buy most front sugges                                                                                                                                                               | Music                                              | classical                                          |            3.97 |             765.74 |    0.07599359888848914
 AAAAAAAAOEODAAAA | Dutch masses turn now; even other advantages count upright. Certain, national papers impress initially various agencies. Anyway long-term                                                                | Music                                              | classical                                          |            0.19 |            8652.78 |     0.8587195295927353
 AAAAAAAAOGJDAAAA | Groups can make always victorian                                                                                                                                                                         | Music                                              | classical                                          |            2.16 |            2958.04 |    0.29356192082966337
 AAAAAAAAOIMBAAAA | Unknown, public wives provide in general surprised governments. Recent parts use. Mistakenly good effects manage already strings. Homes appear. However cultural children wi                             | Music                                              | classical                                          |            4.31 | 12534.740000000002 |     1.2439731550284698
 AAAAAAAAOJGDAAAA | Sufficient companies ought to go in a terms. Seriously legal cases begin in a                                                                                                                            | Music                                              | classical                                          |             5.6 |            2650.89 |     0.2630797285730234
 AAAAAAAAOLKAAAAA | Feet show instead to a groups. Researchers adhere due reforms. Successful rights end about the centres. Even pro                                                                                         | Music                                              | classical                                          |            0.77 |            2419.08 |     0.2400744315291957
 AAAAAAAAOMECAAAA | Animals used to create much absolute users. Already possible                                                                                                                                             | Music                                              | classical                                          |            2.75 | 3036.4099999999994 |     0.3013395194204263
 AAAAAAAAOMEEAAAA | Statistical children could gather even as scientific foundations.                                                                                                                                        | Music                                              | classical                                          |            3.02 |             2395.4 |      0.237724380047388
 AAAAAAAAOMHBAAAA | Elections distinguish hard, philosophical circums                                                                                                                                                        | Music                                              | classical                                          |            8.03 |            4263.87 |    0.42315515252260844
 AAAAAAAAOMPAAAAA | Central councils would not take procedures. Increased problems will not depend much interested, different elections. A                                                                                   | Music                                              | classical                                          |            3.75 |            5344.45 |     0.5303941149470914
 AAAAAAAAOOIBAAAA | Papers used to make also. Rather specific effects like then for the years. Books must know for example benefits. Duties should not compare square, small letters. Present links will hit with the incide | Music                                              | classical                                          |            1.23 | 12593.060000000001 |     1.2497609507387328
 AAAAAAAAPAEDAAAA | Perfect, soviet states return recently for a factors. Bills make lazily previous, new courses. Prominent, little lessons record rapidly on no metres                                                     | Music                                              | classical                                          |            4.53 | 13541.869999999999 |     1.3439227896937138
 AAAAAAAAPBDAAAAA | Eligible sciences contribute days; chief, acute features ou                                                                                                                                              | Music                                              | classical                                          |            2.06 |             524.23 |    0.05202565406706279
 AAAAAAAAPDDEAAAA | Banks must appeal alone lines. Casualties ought to smile only total sources. Only problems                                                                                                               | Music                                              | classical                                          |             4.1 | 3302.4599999999996 |     0.3277428638771382
 AAAAAAAAPDEDAAAA | So fresh artists would not devote arms. Though sudden partners may exist new, nuclear courses. Almost other records might learn only great problems. Anyway educational difficulties enable at least. R  | Music                                              | classical                                          |            2.34 |            3501.34 |     0.3474801205790772
 AAAAAAAAPDPBAAAA | Medium, safe systems should obey sincerely interested ears. National, absent achievements may not fail also behind a songs. Ar                                                                           | Music                                              | classical                                          |             1.3 |             889.56 |    0.08828174814851568
 AAAAAAAAPEGAAAAA | Below vital reasons could persuade. Permanently easy organisers could not use typically. Existing candidates should allow; characteristics break or                                                      | Music                                              | classical                                          |            4.25 |            4254.72 |    0.42224708786642007
 AAAAAAAAPGHDAAAA | Rights climb in a facilities. Female, useful cases tell all entirely equal indivi                                                                                                                        | Music                                              | classical                                          |            2.37 |             7973.4 |     0.7912964731860413
 AAAAAAAAPHBCAAAA | Good systems might not write young, true ears. Magnificent passages                                                                                                                                      | Music                                              | classical                                          |            6.68 |            2018.57 |    0.20032700251826666
 AAAAAAAAPKDAAAAA | Social others allow both procedures. Needs should bring about here black aspirations. Machines get. That key papers fill close representative, central committees. Great, other pp. cannot rai           | Music                                              | classical                                          |            6.07 |            5633.27 |     0.5590572006301867
 AAAAAAAAPNJDAAAA | Afraid benefits protect minor, vocational beans. Points could not know again new pairs. Fine, payable parties help too little hou                                                                        | Music                                              | classical                                          |           89.04 |            7926.53 |     0.7866449988215005
 AAAAAAAAAAMBAAAA | Industrial managers could bring for long dominant problems. Countries possess generally parents; objectives shall provide more often basic                                                               | Music                                              | country                                            |             1.2 |             834.63 |    0.06870463273108526
 AAAAAAAAABJDAAAA | Notably political children can support easy teeth. Atomic, other fears employ but already accurate men. Finally national possibilities might not present outside leav                                    | Music                                              | country                                            |            0.42 |            8194.85 |      0.674579345981254
 AAAAAAAAADEEAAAA | Good, moral problems cannot a                                                                                                                                                                            | Music                                              | country                                            |            6.34 | 11049.189999999999 |     0.9095414026885923
 AAAAAAAAAGMCAAAA | Finally new thoughts go exactly. Now able years decline as changing, entire knees. Considerable, forward reas                                                                                            | Music                                              | country                                            |            4.78 |            2188.63 |    0.18016249156420824
 AAAAAAAAAHEDAAAA | Children should evolve at a increases. Sufficient ideas might close children. Corporate parents use new moves. Young structures                                                                          | Music                                              | country                                            |            2.81 |            1999.23 |    0.16457156212329724
 AAAAAAAAAHNAAAAA | Arms trigger presumably. Really religious trousers put; directors might bring great democra                                                                                                              | Music                                              | country                                            |            5.81 |            2626.99 |    0.21624717915511504
 AAAAAAAAAHPAAAAA | Never original associations dress in                                                                                                                                                                     | Music                                              | country                                            |            1.44 |           18717.16 |     1.5407493183434093
 AAAAAAAAAIBCAAAA | Leading, small teams will conceive corporate, real others. Remarkable books change men. Only occasional cars make minutes. Nuclear periods present often                                                 | Music                                              | country                                            |           16.41 |            1118.84 |    0.09210008181451353
 AAAAAAAAAKMBAAAA | As technical contacts try. Famous relations regain exclusively politely happy feet. Birds will not read deeply; eventually british comput                                                                | Music                                              | country                                            |            1.79 |            4238.13 |    0.34887215306973673
 AAAAAAAAALHCAAAA | Boldly joint others need frequently best correct detectives. Subjective                                                                                                                                  | Music                                              | country                                            |             2.9 |            8579.06 |     0.7062065423935687
 AAAAAAAAAMFDAAAA | Free periods think new representatives. Again known pounds decide. Rules ought to place sure thousands.                                                                                                  | Music                                              | country                                            |            2.99 |            5480.99 |     0.4511812479215353
 AAAAAAAAAMMBAAAA | Windows could make for a bombs. Flats exclude a little studies. Relationships settle in a conditions. Pieces will construct almost in a parts; there chief police believe primarily spa                  | Music                                              | country                                            |            5.52 |              275.8 |    0.02270315913306892
 AAAAAAAAANJBAAAA | Changes might get then great appointments; now liberal comments must not report well interested artificial months. Always international effects depend as used, new                                      | Music                                              | country                                            |             0.8 |              685.7 |   0.056445091434174616
 AAAAAAAAAPKAAAAA | Then available rates appear political words. Communities tell ever in the events. Now superior services shall welco                                                                                      | Music                                              | country                                            |            2.34 |           11609.01 |     0.9556243705851648
 AAAAAAAABAMDAAAA | Countries must not lend; perfect, dear men care. Interior, long interests cut foods. Players know free relations. Animals might form. Personal women take yesterday dark, relevant                       | Music                                              | country                                            |            4.31 |            3049.04 |    0.25098926875668043
 AAAAAAAABAPDAAAA | Elsewhere full recommendations will make incidentally. Groups                                                                                                                                            | Music                                              | country                                            |            4.85 | 3076.7100000000005 |     0.2532669932425834
 AAAAAAAABEGCAAAA | Vital poems sustain so about a                                                                                                                                                                           | Music                                              | country                                            |            1.02 |            1786.91 |    0.14709391619460546
 AAAAAAAABELDAAAA | Warm s                                                                                                                                                                                                   | Music                                              | country                                            |            5.32 |            5903.22 |    0.48593815466829265
 AAAAAAAABEMCAAAA | Good interviews would not copy perfectly expected circumstances. Now leadi                                                                                                                               | Music                                              | country                                            |            9.89 |  8868.859999999999 |     0.7300621461526817
 AAAAAAAABFICAAAA | Economic, glad groups believe for example                                                                                                                                                                | Music                                              | country                                            |            1.19 |            3527.32 |     0.2903600698812787
 AAAAAAAABGIBAAAA | Also old-fashioned origins mean games. Old galleries ought to become key streets; uncertain lines pay too pretty big criticisms. At least long-term patients should not say co                           | Music                                              | country                                            |            2.43 |            8205.01 |     0.6754156915098689
 AAAAAAAABIICAAAA | Military, political options exist here letters. Full organisations see naturally in a individuals. Increased, blind move                                                                                 | Music                                              | country                                            |            4.56 |              333.2 |   0.027428182099849763
 AAAAAAAABJDAAAAA | Just only places could learn even popular studies. International, ot                                                                                                                                     | Music                                              | country                                            |            4.58 | 3164.8999999999996 |     0.2605265712119283
 AAAAAAAABJOBAAAA | Variations sit also; words resume just recent, competitive hours. Limitations ought to want deep indeed traditional enemies. Now speci                                                                   | Music                                              | country                                            |            9.27 |             260.47 |    0.02144123226755063
 AAAAAAAABLPBAAAA | Steps sit too prices. Steps visit great,                                                                                                                                                                 | Music                                              | country                                            |            0.86 |           25879.22 |     2.1303120010866565
 AAAAAAAABMKCAAAA | Countries must not use easier national hours. Figures remember currently raw positions; forms should                                                                                                     | Music                                              | country                                            |            1.29 |            1957.45 |    0.16113233808928848
 AAAAAAAABPIBAAAA | Compatible, adult numbers generate s                                                                                                                                                                     | Music                                              | country                                            |            6.02 |                    |                       
 AAAAAAAACABBAAAA | Pale, overseas bodies get. Great schools play between the cases. Underlying, pure homes shall n                                                                                                          | Music                                              | country                                            |            0.92 |            19970.3 |     1.6439046368206174
 AAAAAAAACAODAAAA | Exports might see so. Different problems rotate normally increasing needs. Very fresh representatives think roughly fun, steep eyes. Bad papers cannot say away political rules. Words expand stil       | Music                                              | country                                            |            4.24 |            2835.18 |     0.2333848539191238
 AAAAAAAACBGCAAAA | Problems see keen fans. Easy other eve                                                                                                                                                                   | Music                                              | country                                            |            5.34 |            7684.84 |     0.6325966114292001
 AAAAAAAACDHBAAAA | Apparent, upper days will not embody great twins. National, other contributions could not                                                                                                                | Music                                              | country                                            |            1.02 | 14264.439999999999 |      1.174212658680615
 AAAAAAAACEDEAAAA | More new principles join solicitors. More                                                                                                                                                                | Music                                              | country                                            |             7.4 |              404.4 |    0.03328918619801694
 AAAAAAAACFDBAAAA | New, special years keep about appropriate birds; good, free banks know rather similar children. Times might g                                                                                            | Music                                              | country                                            |           40.61 |              39.52 |  0.0032531865443759388
 AAAAAAAACGGDAAAA | Physical wings used to live women. Now big developments will sign scientifically home final police. Books must not read to the women; per annum equivalent accidents c                                   | Music                                              | country                                            |            1.18 |             105.45 |   0.008680377558310796
 AAAAAAAACHABAAAA | Local, fair tables shall live now also anxious clubs. International, rich millions used to highlight today popular, late children. Then excel                                                            | Music                                              | country                                            |            7.49 |            3080.14 |    0.25354934217596414
 AAAAAAAACHGCAAAA | Public auditors used to challenge. Old, responsible services may tell so past ways. Good women use away minor mo                                                                                         | Music                                              | country                                            |            8.58 |            3214.35 |    0.26459717026606266
 AAAAAAAACHHAAAAA | Economic, sure refugees go ever seconds. Anything but permanent programmes influence little senior, important objects. Quickly big traditions shall find then however leg                                | Music                                              | country                                            |            1.67 |            5079.65 |     0.4181439531917822
 AAAAAAAACLECAAAA | Processes emerge just; fixed, deep employees used to make drugs. Daily private answers say clearly in a products. High cars                                                                              | Music                                              | country                                            |            3.49 |           10156.02 |      0.836017905071177
 AAAAAAAACNCAAAAA | Other employers prepare impossible, enthusiastic users; early following resources adapt eyes. There positive officials                                                                                   | Music                                              | country                                            |           77.51 |           13260.85 |     1.0915996656626432
 AAAAAAAACOBDAAAA | Governors prepare girls. Other, new others would not visit really waters. Due, traditional problems should consider early confident years. Resources say early in a seats. Rapid, s                      | Music                                              | country                                            |            0.49 |            1860.92 |    0.15318623239271434
 AAAAAAAACOOCAAAA | Straight young variables can cut aspects. English, definite materials begin evidently days. Exclusively financial stations keep slightly direct pa                                                       | Music                                              | country                                            |            8.64 |  9575.060000000001 |     0.7881947457892783
 AAAAAAAACPCEAAAA | Correct, various years leave local residents. Men smell aspects. Professional efforts will not know by a forces. Adult, extern                                                                           | Music                                              | country                                            |           22.34 |            7457.13 |     0.6138520995865926
 AAAAAAAACPFBAAAA | Ministers will absorb quickly to the kids. Pictures might know married theories. Old networks might maintain more ladies. Processes used to remember later narrow effects. So great minute               | Music                                              | country                                            |            3.12 |            3234.34 |     0.2662426965571071
 AAAAAAAADBADAAAA | About model plants cope                                                                                                                                                                                  | Music                                              | country                                            |            6.32 |           15597.55 |     1.2839509054967337
 AAAAAAAADFBBAAAA | So good members would not believe so elderly years; slightly mathematical pupils may open shares. Togeth                                                                                                 | Music                                              | country                                            |            3.94 |              11.85 |  0.0009754620584730483
 AAAAAAAADGEDAAAA | Experiences say now for a programs. Likely cases su                                                                                                                                                      | Music                                              | country                                            |           78.11 | 14783.500000000002 |     1.2169403663659335
 AAAAAAAADHBCAAAA | Differences would know widely across a thousands. Firm, square sessions may not come almost happy films. Crucial dates say significantly                                                                 | Music                                              | country                                            |            1.75 | 2044.4199999999998 |    0.16829148874122102
 AAAAAAAADHOBAAAA | Full lights note once pale, heavy services. Available requirements see simply lo                                                                                                                         | Music                                              | country                                            |            4.16 |            3522.81 |     0.2899888180767459
 AAAAAAAADKFBAAAA | Again inc patients cannot move brilliantly activities. Later national patients must know more words; wines may expect over also inc women. Old, soviet brothers come already bad concepts. Units wi      | Music                                              | country                                            |            9.05 |             9693.1 |     0.7979115003362958
 AAAAAAAADKKCAAAA | Also                                                                                                                                                                                                     | Music                                              | country                                            |            8.93 |            8330.85 |     0.6857745223485396
 AAAAAAAADLCAAAAA | Clients cannot represent. Together strong heads record never modern generations; right old shareholde                                                                                                    | Music                                              | country                                            |            3.04 |           17164.92 |     1.4129728436055016
 AAAAAAAAEACCAAAA | Cognitive, other mammals appear long valid services. Square cells used to go trees. Representatives hope yet private polls; large years visit able, other seconds. Metropolitan, public lan              | Music                                              | country                                            |            4.64 |            7155.27 |     0.5890037470996159
 AAAAAAAAEAFBAAAA | Facilities begin consciously almost left ways. Times give with a heads. Clear methods stay; then personal males used to walk yet. Low existing options follow equal arrangements; particular             | Music                                              | country                                            |            4.49 |            5223.36 |    0.42997379727812496
 AAAAAAAAEBGCAAAA | Subjective houses used to like by now necessa                                                                                                                                                            | Music                                              | country                                            |            1.81 | 6617.0599999999995 |     0.5446996598008159
 AAAAAAAAECGBAAAA | Once white preferences will present in                                                                                                                                                                   | Music                                              | country                                            |            4.67 |           14878.58 |     1.2247671117262386
 AAAAAAAAECIAAAAA | Medical, increasing colours sleep in a troops. Available, confident years pursue as together political women. Rises will learn police. E                                                                 | Music                                              | country                                            |           44.27 |  900.6600000000001 |    0.07414005549234902
 AAAAAAAAECODAAAA | Liberal, socialist police will leave thus. Careful s                                                                                                                                                     | Music                                              | country                                            |               3 |            2133.72 |    0.17564243910591665
 AAAAAAAAEDFEAAAA | Classical, long applications should not                                                                                                                                                                  | Music                                              | country                                            |            2.31 |  9387.789999999999 |     0.7727791525664723
 AAAAAAAAEEODAAAA | Happy men help here early principles. Comme                                                                                                                                                              | Music                                              | country                                            |            3.11 |            7960.78 |     0.6553112950085294
 AAAAAAAAEHGDAAAA | Personnel imagine yesterday as major nations. Instructions ought to stop rich ears. French, standard banks will offer about words. Children create.                                                      | Music                                              | country                                            |               2 |             233.31 |   0.019205489693025057
 AAAAAAAAEJMDAAAA | Books take. All but formal brothers used to require front, wrong courses. Impl                                                                                                                           | Music                                              | country                                            |            4.25 |  8925.470000000001 |     0.7347221383155645
 AAAAAAAAEKFAAAAA | Weapons must think best; illegal schools would not make easily polite, important secrets. Major citizens sound scientific, administrative c                                                              | Music                                              | country                                            |            1.04 |           12021.42 |     0.9895729197442256
 AAAAAAAAENLDAAAA | Reasonably simple waters might keep again so welsh properties.                                                                                                                                           | Music                                              | country                                            |            2.72 |              112.1 |   0.009227788755681749
 AAAAAAAAFBBDAAAA | Institutions could spill already views. Tired                                                                                                                                                            | Music                                              | country                                            |            1.54 |             935.04 |    0.07697013022402018
 AAAAAAAAFDKBAAAA | Financial candidates dream main minutes. Sure relative magistrates may avoid. Blue numbers look at first amounts. Mad funds must p                                                                       | Music                                              | country                                            |            0.52 |           11678.78 |     0.9613676606965289
 AAAAAAAAFNGBAAAA | Principal shares provide good stages; gains could earn good members. Social, sexual patients should alleviate american hotels. Sure knees cover later guilty countries. Enough national initiatives co   | Music                                              | country                                            |            8.74 |            3028.66 |    0.24931163865105338
 AAAAAAAAFNHAAAAA | Teachers identify much                                                                                                                                                                                   | Music                                              | country                                            |             2.6 |             1134.9 |    0.09342210043553272
 AAAAAAAAFNKAAAAA | High, good pools happen swiftly social letters. Exactly black arts could ask; arts shal                                                                                                                  | Music                                              | country                                            |            1.46 | 1799.5400000000002 |    0.14813358588224385
 AAAAAAAAFNLCAAAA | Never bloody instruments jump long, administrative operations. Central words ought to use. Well different observers will bid once more right, private feelings. Other, wide arms                         | Music                                              | country                                            |            4.51 |            13853.5 |      1.140385116207289
 AAAAAAAAGAJCAAAA | Weak roles know a bit; again beautiful powers may say also tiny details. Monthly affairs get over plain normal details. Simple operations shall care still hot years. Organisms could                    | Music                                              | country                                            |            1.45 | 7230.8099999999995 |     0.5952220090318567
 AAAAAAAAGBOBAAAA | Open events take still monthly pr                                                                                                                                                                        | Music                                              | country                                            |            5.02 |            5303.95 |    0.43660776245047467
 AAAAAAAAGCIBAAAA | Too equal prices must appear. Traditional, other choices use thin odds; near apparent methods can save important, fundamental arran                                                                      | Music                                              | country                                            |            2.24 | 10766.119999999999 |     0.8862397955247134
 AAAAAAAAGCOBAAAA | Yet different points escape good, small leaves; then profitable claims put departments. Glorious, european colleagues must pres                                                                          | Music                                              | country                                            |            5.71 |           14625.95 |     1.2039712484492726
 AAAAAAAAGDJBAAAA | Carers ensure carefully alleged ideas. Just months used to pi                                                                                                                                            | Music                                              | country                                            |            9.03 |            3544.21 |    0.29175041200512764
 AAAAAAAAGFACAAAA | Prices allow then level months; silent ma                                                                                                                                                                | Music                                              | country                                            |            2.07 | 13981.650000000001 |     1.1509341004092573
 AAAAAAAAGGAEAAAA | Small rounds would hear less similar games. New prices cannot proceed yet little sequences. Even big problems arise now russian, coming cases; high, sor                                                 | Music                                              | country                                            |            0.16 |            1920.17 |     0.1580635426850796
 AAAAAAAAGIDDAAAA | Final, regional farmers would                                                                                                                                                                            | Music                                              | country                                            |            9.14 |             411.36 |    0.03386211581210744
 AAAAAAAAGIGDAAAA | Pictures walk marked, fine rights. New, creative m                                                                                                                                                       | Music                                              | country                                            |            4.15 | 11430.689999999999 |     0.9409455187482942
 AAAAAAAAGJBBAAAA | Usually previous references might al                                                                                                                                                                     | Music                                              | country                                            |            2.95 |             785.84 |    0.06468836320932154
 AAAAAAAAGJOCAAAA | More glad skills could go probably real small horses. Tremendous, interesting                                                                                                                            | Music                                              | country                                            |            5.48 | 483.40999999999997 |    0.03979308976257015
 AAAAAAAAGLMDAAAA | Sure forces accept in the losses. Further special opti                                                                                                                                                   | Music                                              | country                                            |            0.85 |  861.6700000000001 |    0.07093049720881617
 AAAAAAAAGNDDAAAA | Conservatives run too asleep numbers. Best valid benefits provide best individuals; necessarily political bill                                                                                           | Music                                              | country                                            |            5.42 | 5938.7300000000005 |    0.48886124814478027
 AAAAAAAAGNNAAAAA | Other, colourful actions cannot look natural sort                                                                                                                                                        | Music                                              | country                                            |            0.79 | 12394.550000000001 |     1.0202880385524997
 AAAAAAAAGPAEAAAA | Old, white parties feel right tales. Forward primitive                                                                                                                                                   | Music                                              | country                                            |            5.65 |             743.94 |   0.061239261078518105
 AAAAAAAAGPHAAAAA | Heavy, left things work sure increasing, necessary needs. Today happy calls may pay in a schools. Educational, psychiatric theories might receive by a sides. Concepts must come services. Ameri         | Music                                              | country                                            |            0.65 |              71.71 |   0.005902986009544497
 AAAAAAAAHGDDAAAA | Consist                                                                                                                                                                                                  | Music                                              | country                                            |           13.43 | 13022.130000000001 |     1.0719488384391254
 AAAAAAAAHHFAAAAA | Large, open managers think. True centuries would not love for a doctors. Superb, labour houses stress so active pounds. Formally certain subjects m                                                      | Music                                              | country                                            |            7.18 |              11.78 |  0.0009696998353428278
 AAAAAAAAHHGCAAAA | Friendly, reduced muscles go steady modern photographs. Aware cards used                                                                                                                                 | Music                                              | country                                            |             1.9 |             959.76 |    0.07900501816372092
 AAAAAAAAHJJDAAAA | Qualifications should live easily expensive, classical decades. Raw, light divis                                                                                                                         | Music                                              | country                                            |              71 |           10201.42 |     0.8397551183584915
 AAAAAAAAHLICAAAA | Practical women will mean with a authorities. Other, cultural sites change at least general, red events. Accounts discuss indeed early, good sites; double, early chil                                   | Music                                              | country                                            |            6.18 | 1957.9900000000002 |    0.16117678952486447
 AAAAAAAAHMDDAAAA | Libraries long later. Then easy men give rules. Authors know highly single, grateful teachers. Peculiar, brave forces should not join however workers. Basi                                              | Music                                              | country                                            |             4.9 |            3759.84 |    0.30950052877040557
 AAAAAAAAHNFDAAAA | Supreme, possible houses used to seal. Together female creditors may not proceed frequently. Real, other conditions count photographs; able, criti                                                       | Music                                              | country                                            |            5.55 |            4072.87 |    0.33526836743401894
 AAAAAAAAHOGBAAAA | Equally political levels wear more conversely famous reasons. Then delightful cases must run positive, obvious problems. Perfect, limited responsibilities might cut still with a flats. Members         | Music                                              | country                                            |            9.41 |            3558.79 |     0.2929506007656793
 AAAAAAAAHOKAAAAA | Universal expressions drink late special, medieval fingers. Christian, blue governors read very please local references. Special, like results must not afford most too potential directors. Go          | Music                                              | country                                            |            5.45 |            2050.35 |      0.168779631357824
 AAAAAAAAHPFBAAAA | So fixed changes peer. Mountains could last less american items. Policies underline great students. Services refle                                                                                       | Music                                              | country                                            |               2 |            1518.36 |    0.12498755874288081
 AAAAAAAAIAMAAAAA | Full, able parents see at least. Elsewhere required programmes escape up front sometimes linguistic ar                                                                                                   | Music                                              | country                                            |             4.6 |            9184.73 |     0.7560637664404355
 AAAAAAAAIANBAAAA | Inevitably literary sources will not lend already in a persons. Competent, wide years will not prevent independent voters. Substantial sounds                                                            | Music                                              | country                                            |            4.54 |            4600.96 |    0.37873940190313554
 AAAAAAAAIBACAAAA | Downwards original attitudes benefit thick moral experiences. Back, large hands could become as afterwards useful patients. Shots happen quic                                                            | Music                                              | country                                            |            1.15 |            6200.42 |     0.5104029077297433
 AAAAAAAAIBKAAAAA | Dark, high solicitors could not dance overall terms. Possible lawyers shall not seem. Sections get other laws. S                                                                                         | Music                                              | country                                            |            3.68 |            5844.92 |    0.48113904597555185
 AAAAAAAAIBOAAAAA | Serious arts ought to find as so-called                                                                                                                                                                  | Music                                              | country                                            |            7.42 |            1424.52 |    0.11726288704945374
 AAAAAAAAIGPDAAAA | European, new windows tackle at least small, due claims. Right players could cultivate well to a int                                                                                                     | Music                                              | country                                            |            3.76 |            5679.96 |    0.46755995558182073
 AAAAAAAAIJAAAAAA | Sure, e                                                                                                                                                                                                  | Music                                              | country                                            |            1.09 | 15363.429999999998 |     1.2646787386503444
 AAAAAAAAILAAAAAA | Respondents accept weeks. Original, other wome                                                                                                                                                           | Music                                              | country                                            |            3.98 |             1257.6 |     0.1035224544080764
 AAAAAAAAILCBAAAA | Other, annual birds meet at al                                                                                                                                                                           | Music                                              | country                                            |            2.55 |             761.49 |    0.06268393273473769
 AAAAAAAAILHCAAAA | Soft, only rights might say obviously valuable mont                                                                                                                                                      | Music                                              | country                                            |            4.69 | 3285.5899999999997 |     0.2704614670631614
 AAAAAAAAILPBAAAA | Famous, senior bills may install. Sacred, political thousands know neighbours. Public rec                                                                                                                | Music                                              | country                                            |            5.13 |            5633.92 |    0.46377005911160135
 AAAAAAAAIOCCAAAA | Recently american occasions used to care sure quite geographical combinations. Personal companies shall see for                                                                                          | Music                                              | country                                            |            7.36 |            4591.67 |      0.377974672576282
 AAAAAAAAIOOCAAAA | Lawyers can want ever. Almost high texts see t                                                                                                                                                           | Music                                              | country                                            |            2.76 |            8078.92 |      0.665036281302876
 AAAAAAAAIPFDAAAA | Poor regions tackle then regional letters. For instance working demands                                                                                                                                  | Music                                              | country                                            |            2.39 | 4426.9400000000005 |    0.36441451520140733
 AAAAAAAAJBFBAAAA | Distinct, christian principles limit more similar, english trials. Similar parents would curtail residential, welcome fruits. Reactions should read also loy                                             | Music                                              | country                                            |            8.19 |            1398.33 |    0.11510699242401837
 AAAAAAAAJBPDAAAA | Thin, only days would enter. Now original definitions shall hold well almost simple leaders. Black resources could use                                                                                   | Music                                              | country                                            |            4.84 | 10455.930000000002 |     0.8607057384852407
 AAAAAAAAJCCAAAAA | Particular buyer                                                                                                                                                                                         | Music                                              | country                                            |            9.71 |            8903.07 |     0.7328782269138938
 AAAAAAAAJFCDAAAA | Decisions may recall aside dry machines. Ideological tenants can enlist altogether small, other women. Almost c                                                                                          | Music                                              | country                                            |            4.18 |            7651.21 |     0.6298282748024955
 AAAAAAAAJGDBAAAA | United drivers may act even only foreign initiatives; senior, comfortable methods can go unexpected consequences. Unlikely affairs reach just independent limitations. Severe, po                        | Music                                              | country                                            |            1.34 |            4936.42 |    0.40635362149261817
 AAAAAAAAJGPBAAAA | Labour aspects shall wish. Political names participate sufficient, general results. Shadows show no doubt psychiatric, confidential accounts. Miles ought to appear forever broad, popula                | Music                                              | country                                            |            0.97 |            6282.68 |     0.5171743430824853
 AAAAAAAAJHGAAAAA | Contemporary cases must not take lat                                                                                                                                                                     | Music                                              | country                                            |           38.51 |            24005.2 |      1.976047409793858
 AAAAAAAAJJGBAAAA | Often hot child                                                                                                                                                                                          | Music                                              | country                                            |            0.49 | 4611.0599999999995 |    0.37957080838335305
 AAAAAAAAJJHDAAAA | Services may cause at a proceedings. Stones would look indeed sufficient hands. Then contemporary members could not live then with a boys. Traditional, red classes must press then violent application  | Music                                              | country                                            |             3.9 |            4706.45 |     0.3874230721603779
 AAAAAAAAJJLCAAAA | European areas claim greatly widely just friends; monetary fa                                                                                                                                            | Music                                              | country                                            |            6.75 |           13971.55 |     1.1501026939290395
 AAAAAAAAJMJBAAAA | Important, contemporary subjects might not include yet. Significant clothes surprise indeed years. Large, public years lend. Young, national persons produce quietly courses. Never cons                 | Music                                              | country                                            |            3.07 |            8595.46 |      0.707556548955506
 AAAAAAAAJPHDAAAA | Still likely lives return for example. Considerable games                                                                                                                                                | Music                                              | country                                            |            5.98 |            5939.88 |    0.48895591323906246
 AAAAAAAAKAFCAAAA | Too independent statements acc                                                                                                                                                                           | Music                                              | country                                            |            1.28 |             1094.4 |     0.0900882427673337
 AAAAAAAAKAFEAAAA | Subject rewards intimidate actions. Too powerful stations campaign to a parts; students throw at a doors. Further industrial relations may not tr                                                        | Music                                              | country                                            |            9.99 | 16405.649999999998 |     1.3504716556614653
 AAAAAAAAKBCEAAAA | Brilliantly supreme students used to tell about a provisions. Intense,                                                                                                                                   | Music                                              | country                                            |            7.94 |             3674.6 |     0.3024837873472627
 AAAAAAAAKCPBAAAA | Responsibilities                                                                                                                                                                                         | Music                                              | country                                            |            0.45 |  6155.639999999999 |     0.5067167312758679
 AAAAAAAAKDEDAAAA | Substantial, soft services run further extensive libraries; days could not increase enough remarkable, international proble                                                                              | Music                                              | country                                            |            4.51 | 10058.849999999999 |      0.828019116191698
 AAAAAAAAKEJCAAAA | Acute, english clients tell foreign, large boxes. Remarkably black stores form ever effects. Very fair goods give occasionally enough open months. Numbers slip                                          | Music                                              | country                                            |            1.15 |             3184.1 |     0.2621070666990745
 AAAAAAAAKHIDAAAA | Certain exercises meet really spiritual, monthly men; view                                                                                                                                               | Music                                              | country                                            |            3.16 |  6967.400000000001 |     0.5735387633928368
 AAAAAAAAKIMBAAAA | C                                                                                                                                                                                                        | Music                                              | country                                            |           85.54 |  9262.529999999999 |     0.7624680658623091
 AAAAAAAAKIMCAAAA | New, magnetic pounds like well important sports;                                                                                                                                                         | Music                                              | country                                            |            2.24 |            1467.64 |    0.12081241649766959
 AAAAAAAAKJDAAAAA | New figures can                                                                                                                                                                                          | Music                                              | country                                            |            9.02 |             925.56 |    0.07618976057724174
 AAAAAAAAKKHCAAAA | Others hold narrow weeks. Aware, unacceptable lips could not include rather references. Simply full workers might learn only at the customers. Rarely political losses im                                | Music                                              | country                                            |            0.23 |            5814.21 |     0.4786110763708508
 AAAAAAAAKLEEAAAA | Problems proceed so likely cases. Sources might not prove very lengths. New payments might not argue phys                                                                                                | Music                                              | country                                            |            0.64 | 3379.1299999999997 |     0.2781614435146018
 AAAAAAAAKLGCAAAA | Small issues should not store little                                                                                                                                                                     | Music                                              | country                                            |             5.9 |            6532.32 |     0.5377240771143176
 AAAAAAAAKNHBAAAA | Most late players imitate new, previous holidays. Empty                                                                                                                                                  | Music                                              | country                                            |            3.06 |            8119.49 |     0.6683759011942052
 AAAAAAAAKOICAAAA | Innocent concerns plan so fees. Years                                                                                                                                                                    | Music                                              | country                                            |            3.33 |  8109.259999999999 |       0.66753379344246
 AAAAAAAAKOLDAAAA | Notes claim sooner by a researchers. National answers ought to know simply files. Liberal departments will determine                                                                                     | Music                                              | country                                            |            3.95 |  8005.719999999999 |     0.6590106422581309
 AAAAAAAALBLCAAAA | Barely local times care. Just, net costs will settle usually personal, odd rates. Counties cannot show                                                                                                   | Music                                              | country                                            |               1 |            1912.17 |     0.1574050028987687
 AAAAAAAALCDAAAAA | Small degrees see just against a wages. Happy actions mean further particular shops. Now main connections can believe up to the prac                                                                     | Music                                              | country                                            |            2.73 |            2603.04 |    0.21427567566984673
 AAAAAAAALIMDAAAA | Wonderful, local prices ought to recognize again. Remaining, inc masters start towards a re                                                                                                              | Music                                              | country                                            |            0.82 |  6935.220000000001 |     0.5708897871024012
 AAAAAAAALJMCAAAA | Consistent, political wars care big, revolutionary interests; twin children must decide very by a policies. Successful players should absorb thus british interests. Surroundings                        | Music                                              | country                                            |            9.27 |           17593.32 |     1.4482376491624516
 AAAAAAAALKLCAAAA | Large pictures shall not deal p                                                                                                                                                                          | Music                                              | country                                            |            9.92 |           14051.91 |     1.1567177260825328
 AAAAAAAALLBCAAAA | Normal rooms bring somewhere interests; new, sensitive grounds could provide however; similar, domestic statements will respond communists; main services will help now sov                              | Music                                              | country                                            |            9.92 |             757.88 |    0.06238676665616488
 AAAAAAAALLLBAAAA | Guns dig pieces. Different facts say nearest a minutes. Various, social girls see wi                                                                                                                     | Music                                              | country                                            |            2.18 |             396.75 |   0.032659457527357126
 AAAAAAAALNABAAAA | Suitable, single amounts stay smart merchants; well normal residents cannot take at a fruits. Complex methods will serve as in the books. Meanwhile interesting payments miss as t                       | Music                                              | country                                            |             3.6 |           18847.16 |     1.5514505898709618
 AAAAAAAALOPDAAAA | Likely, desperate goods like then select, silent patients. Prime, adverse groups breathe once both available records; p                                                                                  | Music                                              | country                                            |            1.19 | 29046.719999999998 |     2.3910525977291357
 AAAAAAAALPBBAAAA | Primary, good standards apply efforts. Actual, bitter months recover now on no changes. Variables come new measures. Applications list long, specific minutes. Things overcome accidents. Available men  | Music                                              | country                                            |           55.71 | 11894.329999999998 |     0.9791111920639435
 AAAAAAAAMBEAAAAA | Historical articles may not wonder usually future women. Specialist                                                                                                                                      | Music                                              | country                                            |            1.07 | 18833.579999999998 |     1.5503327185836988
 AAAAAAAAMBGEAAAA | Then neat matters rest miles. Narrow, great models might not include there old winds. Very difficult doors become also old benefits. Theories believe here for example large units. Earnings             | Music                                              | country                                            |            1.18 |            2067.75 |    0.17021195539305026
 AAAAAAAAMBMAAAAA | Only other degrees provide so conditions. New brothers used to help apart by the officers. Small,                                                                                                        | Music                                              | country                                            |            1.12 |            9270.77 |     0.7631463618422094
 AAAAAAAAMBMBAAAA | Big companies act records. Royal women return broadly firms. Also beneficial oper                                                                                                                        | Music                                              | country                                            |            9.72 |             7328.1 |     0.6032306760081304
 AAAAAAAAMDBEAAAA | Concerned units could ring christian, false years. Still other forces want after the thousands; well basic players proceed databases. Shallow, alleged conditions agree                                  | Music                                              | country                                            |            2.08 |  5886.820000000001 |    0.48458814810635537
 AAAAAAAAMHADAAAA | Past beds must regard commercial, civil resources. Structures must not see then. Easy shoulders may want forward new, other discussions. Only good police will remember images. S                        | Music                                              | country                                            |            6.68 |            1376.28 |     0.1132918921379989
 AAAAAAAAMHFCAAAA | Too new fathers get personal heads. Modern, genuine tool                                                                                                                                                 | Music                                              | country                                            |           66.67 |  8440.970000000001 |     0.6948393225071096
 AAAAAAAAMIFAAAAA | Living figures mean in the parts. Cards cannot live guests. Nearly frequent books behave however new, dangerous workers. Wild jobs wou                                                                   | Music                                              | country                                            |            4.78 |            1263.41 |    0.10400071892788473
 AAAAAAAAMKNAAAAA | Old, explicit devices should turn appropriate, national pounds. Gardens must feel as skills. Already misleading potatoes pu                                                                              | Music                                              | country                                            |            2.91 |            9156.57 |     0.7537457063926211
 AAAAAAAAMLCBAAAA | Diseases find with the computers; remote bonds could get low bits.                                                                                                                                       | Music                                              | country                                            |            7.23 |                    |                       
 AAAAAAAAMLEBAAAA | Important feet should run on a businesses. Letters cannot realise. Able, new hours supply regular friends. Words might not cut events. New attacks should                                                | Music                                              | country                                            |            0.44 |             177.54 |   0.014614644207705063
 AAAAAAAAMLPAAAAA | Subjects expect small hours. Companies tell normally; at least low teams can sit probably. Views claim totally scottish, vulnerable groups. Lines prevent today changes. Hours can entail more ev        | Music                                              | country                                            |             5.1 | 17392.399999999998 |     1.4316984224292526
 AAAAAAAAMNBCAAAA | Large, human designs manage as with a others                                                                                                                                                             | Music                                              | country                                            |            7.97 |               2946 |     0.2425072763089958
 AAAAAAAAMNPAAAAA | Certainly digital sales would consider still unlike special workers. Basic, pure proceedings become. Groups may swing above coming words; potential, different children w                                | Music                                              | country                                            |            4.84 |             4347.9 |    0.35790814211265537
 AAAAAAAAMOFEAAAA | Even literary functions escape even also scottish facilities. Services can explain at a costs. Experiments doubt western, new males. F                                                                   | Music                                              | country                                            |            4.91 |              324.1 |   0.026679093092921095
 AAAAAAAAMOIBAAAA | Sick, other sections see then severely following police. Major forms could not form only frequent years. White, fine customs see to a effects. High, full days de                                        | Music                                              | country                                            |            9.61 | 332.47999999999996 |   0.027368913519081776
 AAAAAAAAMOOBAAAA | Economic factories should catch legal, political others                                                                                                                                                  | Music                                              | country                                            |            2.37 |            3993.09 |     0.3287010794150333
 AAAAAAAAMPDBAAAA | Present, white levels can find as important stations. Equations know ultimately more professional democrats. More extensive rates tell. Minds must avoid all uniquely common daughters. Rocks send       | Music                                              | country                                            |            6.95 |              61.74 |   0.005082280800854515
 AAAAAAAAMPFAAAAA | Almost free guests can think at all. Notes can lend thoroughly. Events inform about. Sure poor shows take fema                                                                                           | Music                                              | country                                            |           49.01 |            3732.62 |    0.30725984714748267
 AAAAAAAANBNBAAAA | Situations submit because of an youngsters. Even possible grants respond somewhat negative, likely times; public horses hide so significant, possible birds. Windows could not trade other, royal        | Music                                              | country                                            |            3.38 |             6336.4 |     0.5215964377475631
 AAAAAAAANCFCAAAA | Then blue services used to intervene large, historic missiles. Purely big combinations may not swing; black uni                                                                                          | Music                                              | country                                            |            6.63 |           17450.74 |     1.4365008238209254
 AAAAAAAANDHCAAAA | Rights help other companies. Prime                                                                                                                                                                       | Music                                              | country                                            |            7.22 |            4882.47 |     0.4019125938086839
 AAAAAAAANGHCAAAA | Bones may live as good, labour problems; only differences will work elsew                                                                                                                                | Music                                              | country                                            |            5.43 |  694.3299999999999 |    0.05715549122865752
 AAAAAAAANGJAAAAA | Dear, available orders attempt all right for every lawyers. Prices tie flexible branches. Long students cause very just other facts. Acute, expected yards cannot read too large methods. Troubles shal  | Music                                              | country                                            |            0.59 |            5172.41 |     0.4257797220140574
 AAAAAAAANPPDAAAA | Black decisions raise actually black devices. Other populations must move actua                                                                                                                          | Music                                              | country                                            |           78.55 |            8496.39 |     0.6994013568767783
 AAAAAAAAODDCAAAA | Alone good authorities make only outdoor services. Useful ideas believe against a circumstances. Gardens should reap. Other attitudes require also late                                                  | Music                                              | country                                            |            4.97 |            5180.17 |    0.42641850560677896
 AAAAAAAAODEEAAAA | Services save quiet, strong members. Over national problems estimate t                                                                                                                                   | Music                                              | country                                            |            9.71 |            2238.88 |     0.1842989445969737
 AAAAAAAAOFICAAAA | Perfect, expected crews renew. French, european sectors become yards. Criminal, good rounds want now united benefits. Further american eggs require only satisfactory restri                             | Music                                              | country                                            |            7.73 |            1643.72 |     0.1353068771943729
 AAAAAAAAOFKDAAAA | Annual, alone members ought to empty tomorrow different, brief banks. Parties used to feel wonderful,                                                                                                    | Music                                              | country                                            |            1.43 |            23078.7 |     1.8997802707917248
 AAAAAAAAOGIAAAAA | Metres must lobby. Typical cards can afford likely, normal months. Misl                                                                                                                                  | Music                                              | country                                            |           82.99 |             7102.9 |      0.584692781023478
 AAAAAAAAOHEAAAAA | Different services shall not initiate now sure wounds. New generations confront very univ                                                                                                                | Music                                              | country                                            |            3.51 |             3653.6 |     0.3007551204081966
 AAAAAAAAOHOCAAAA | Sadly local women add far on the men. Marine cases keep later; light personnel form later good trees. Strange policies would play. Final, electric days can get profoundly lik                           | Music                                              | country                                            |            0.19 | 5124.1900000000005 |    0.42181037345206834
 AAAAAAAAOIBDAAAA | Previous ideas satisfy just; political weeks allow more without a thousand                                                                                                                               | Music                                              | country                                            |            0.09 | 11564.720000000001 |      0.951978529693201
 AAAAAAAAOIEDAAAA | Full, hard pictures see little new, united courses. Important, tiny barriers would fill strange, poor police. States find developments. Federal places think always whole, special patients. In          | Music                                              | country                                            |            0.82 |            3566.53 |     0.2935877380089351
 AAAAAAAAOMIAAAAA | Even high patients encourage substantially in a tables. Too central teachers should get thick. Outwards original negotiations could risk principles.                                                     | Music                                              | country                                            |            9.22 |             1477.6 |    0.12163229853162669
 AAAAAAAAONFAAAAA | Much yellow things may get by a hands. Wide paintings need anywhere relevant, other periods. Unique, engl                                                                                                | Music                                              | country                                            |            4.68 |            1336.02 |     0.1099777906633892
 AAAAAAAAONFCAAAA | Very final problems make suddenly for the meals. Prime, modern incomes shall not wriggle also through a forests; designs may cal                                                                         | Music                                              | country                                            |            8.62 |             2756.6 |    0.22691634686808482
 AAAAAAAAONHAAAAA | Societies ought to knock regular types. All but local blocks ought to agree more terms. Armies might allow very. Whole, environmental contracts could not tell                                           | Music                                              | country                                            |            3.44 |            9638.76 |     0.7934383688377789
 AAAAAAAAOOFBAAAA | Now tough sons introduce again small crowds. Examples issue then for a s                                                                                                                                 | Music                                              | country                                            |           58.68 |            3386.04 |    0.27873025725502787
 AAAAAAAAOOFEAAAA | Versions say overall, e                                                                                                                                                                                  | Music                                              | country                                            |            2.12 |            2340.58 |    0.19267063163045126
 AAAAAAAAOOJAAAAA | Natural children take very. Existing, natural women would make open sexual rates. Afraid relations give white moments. Difficult, general years mean significant children. Years respond often n         | Music                                              | country                                            |            5.45 |           12083.62 |     0.9946930665827929
 AAAAAAAAOPPAAAAA | Welsh sales should hear new, previous walls.                                                                                                                                                             | Music                                              | country                                            |           55.21 |            1752.38 |    0.14425149384194097
 AAAAAAAAPACCAAAA | Families like of course available, only years; solidly ethnic beans show more today very reports; real events would depend thus secret occ                                                               | Music                                              | country                                            |            8.14 |           14727.43 |     1.2123248256386268
 AAAAAAAAPAGEAAAA | Actual, african spirits decide nowhere shares                                                                                                                                                            | Music                                              | country                                            |            1.75 | 3017.3700000000003 |    0.24838227437762214
 AAAAAAAAPICDAAAA | Hotly large-scale islands should not say deeply as magnetic descriptions. Different, different technologies reach. High programmes                                                                       | Music                                              | country                                            |           57.44 | 2021.6999999999998 |    0.16642123574809803
 AAAAAAAAPIFDAAAA | Available organisations s                                                                                                                                                                                | Music                                              | country                                            |            3.66 |              13288 |      1.093834585062436
 AAAAAAAAPJBAAAAA | Major others prove once only wrong shareholders; never p                                                                                                                                                 | Music                                              | country                                            |            4.21 |            4879.12 |     0.4016368302731662
 AAAAAAAAPKMAAAAA | Often criminal changes prevent as most pleasant hundreds. Low masses build perhaps both permanent comm                                                                                                   | Music                                              | country                                            |           83.44 |             227.16 |   0.018699237232298535
 AAAAAAAAPPPBAAAA | Decisions establish benefits. Colours should treat years. Never chief differences could cure quite clear front directions. Gastric horses shall not land never. Long, proper shares say h                | Music                                              | country                                            |           32.34 | 1200.8500000000001 |    0.09885093779893335
 AAAAAAAAAAMCAAAA | Forces die actually direct events; good, other instruments will join ironically reports. Years shall not dig occasionally in the ends; sil                                                               | Music                                              | pop                                                |            6.51 |            1477.92 |    0.11432917719636969
 AAAAAAAAABDAAAAA | Still contemporary rules lessen. Current, tiny others must not imagine very. Stations shall prove mu                                                                                                     | Music                                              | pop                                                |            1.86 |  5726.569999999999 |     0.4429969391153883
 AAAAAAAAACPDAAAA | Proud sanctions see in order trees; areas will drain about a figures. Goods used to teach further. Theories must prevent. Buildings would say together very newspapers. Aware, sympathetic women         | Music                                              | pop                                                |            1.76 |                396 |   0.030633832798637545
 AAAAAAAAADABAAAA | Services must go before likely opportunities. Photographs reveal for a incomes; most expensive practitioners cannot                                                                                      | Music                                              | pop                                                |            0.85 |            2975.95 |    0.23021402706339747
 AAAAAAAAAGCAAAAA | Home chinese systems see on board senior, various institutions. Bitter, certain americans would not escape complaints. Authorities believe according to a years.                                         | Music                                              | pop                                                |            4.55 |            2255.18 |    0.17445658346169546
 AAAAAAAAAHFBAAAA | Responsible, foreign villages must give suspicious materials. Actors know so spare consumers. Secondary proceedings should avoid clearly parents. Very toys see still rich shelves; members hide pu      | Music                                              | pop                                                |            7.25 |            4758.35 |    0.36809721792271966
 AAAAAAAAAIEBAAAA | Classical, thick ways explain partly reliable figures. Gradual companies might edit other hands. Possible wings say nat                                                                                  | Music                                              | pop                                                |            6.45 |            2606.98 |    0.20167118542775783
 AAAAAAAAAJCAAAAA | Proper, effective                                                                                                                                                                                        | Music                                              | pop                                                |            1.07 |            3485.12 |     0.2696024832403729
 AAAAAAAAAKCCAAAA | Even likely workers cannot eradicate other, international authoriti                                                                                                                                      | Music                                              | pop                                                |            5.23 |            3305.04 |     0.2556718251333561
 AAAAAAAAALAAAAAA | Years can assess so products. Pleasant, glad members should argue always on a prices; electoral goods find economic minerals. The                                                                        | Music                                              | pop                                                |           90.42 |  6270.780000000001 |    0.48509602534606155
 AAAAAAAAANADAAAA | Already atomic children worry names; also critical steps can play only too n                                                                                                                             | Music                                              | pop                                                |            8.76 |            2750.44 |    0.21276898758253698
 AAAAAAAAANNAAAAA | Also social law                                                                                                                                                                                          | Music                                              | pop                                                |            7.65 | 5973.9800000000005 |     0.4621361223798099
 AAAAAAAAAPBBAAAA | Very similar lines will say children. Guilty projects should welcome jolly to a years. Likely, tough societies include; friends will say now sid                                                         | Music                                              | pop                                                |            9.48 |            1114.45 |    0.08621180546071114
 AAAAAAAABAKCAAAA | Industrial, certain advantages shall not skip. Random, permanent parents keep ho                                                                                                                         | Music                                              | pop                                                |            0.94 |            9612.59 |     0.7436123101562002
 AAAAAAAABCAEAAAA | Courses shake once for the vegetables. Evident, ready doubts inspect as howev                                                                                                                            | Music                                              | pop                                                |            2.48 |           13757.63 |     1.0642649927412118
 AAAAAAAABDHCAAAA | Within spanish years read by a years; estimated windows keep completely different matters. Available authorit                                                                                            | Music                                              | pop                                                |            4.71 |            4242.63 |     0.3282020657739485
 AAAAAAAABDIBAAAA | Social, large hands require only elections. Distinct yards will give clothes. Rare, net farmers                                                                                                          | Music                                              | pop                                                |           38.72 |            4974.22 |     0.3847965247061587
 AAAAAAAABGAAAAAA | Uses pick discussions. Inc, important engineers must protect in a molecules; leaders must result on a travellers; pure, welsh ears oppose advantages; p                                                  | Music                                              | pop                                                |            2.34 |            1330.08 |    0.10289254628487834
 AAAAAAAABHEEAAAA | Options would reduce frequently more available forms. Continuous, small others incorporate both                                                                                                          | Music                                              | pop                                                |            2.52 | 11417.829999999998 |      0.883262361472898
 AAAAAAAABHGCAAAA | Emotional, friendly possibilities might not look suitably                                                                                                                                                | Music                                              | pop                                                |           64.49 | 1295.8000000000002 |    0.10024070843554175
 AAAAAAAABIOCAAAA | Probably foreign hands secure again considerable days. Further new counties must take utterly dangerous, dangerous holidays. Sacred businesses create now others. Later o                                | Music                                              | pop                                                |            1.06 |            3047.17 |    0.23572347547733424
 AAAAAAAABLEDAAAA | Surprised, classical speeches envisage mature glasses. Separate, ne                                                                                                                                      | Music                                              | pop                                                |            2.68 |            2007.87 |     0.1553251360136373
 AAAAAAAACBBAAAAA | Suitable, united applicants may use now in connection with a books. Catholic, western sentences will play attractive, soft females. Needs draw surely possibilities. Islands must us                     | Music                                              | pop                                                |             3.2 |            2286.37 |    0.17686938458540635
 AAAAAAAACBBEAAAA | Big, high men hear. Just, capable careers can assist instead conditions. Likely let                                                                                                                      | Music                                              | pop                                                |            6.88 | 4010.9799999999996 |     0.3102820471683818
 AAAAAAAACBGBAAAA | Junior opportunities stay waters. Electric markets see upright new, local windows. Different, different heads shall not move by a points. Likely, inland                                                 | Music                                              | pop                                                |            4.14 |            6822.24 |     0.5277559582630732
 AAAAAAAACBJBAAAA | Natural feet will not bear today; local, useful shares drive even initial reservations. New, differ                                                                                                      | Music                                              | pop                                                |            6.12 |            5911.71 |     0.4573190295303878
 AAAAAAAACBODAAAA | Else social assets push good, so-called ends. Anyway electric areas will thank as simply clear factories. Companies will pull meanwhil                                                                   | Music                                              | pop                                                |            2.72 | 1433.1000000000001 |    0.11086198430234208
 AAAAAAAACCMDAAAA | Somewhere english banks speak thus effective, necessary policies. Remarkable solicitors work general drinks. Arrangements explain specifically names. Simi                                               | Music                                              | pop                                                |            2.13 |             2063.1 |    0.15959762739108363
 AAAAAAAACDGDAAAA | National regulations used to create days. Narrow, increased categories must send old solutions. Internal years could offer                                                                               | Music                                              | pop                                                |            2.05 |            4697.48 |     0.3633884265023835
 AAAAAAAACEBDAAAA | Normal, ordinary schools may announce then territorial, possible years; as positive levels could not get parts. Basic, new refugees should not trace in the quarters. Close funds could not attempt.     | Music                                              | pop                                                |            4.15 | 5273.6900000000005 |     0.4079629739693102
 AAAAAAAACHJBAAAA | Services might go too. Differences ought to regulate. Very international factors find barely arms. Items enable particularly delegates. Years would define. Employe                                      | Music                                              | pop                                                |            5.33 | 1781.1399999999999 |    0.13778571957314464
 AAAAAAAACICBAAAA | Main, constant households should identify tonight. Innocent, positive reasons                                                                                                                            | Music                                              | pop                                                |            3.13 |            4113.32 |     0.3181988816345752
 AAAAAAAACIKDAAAA | Therefore new cars could keep so labour, general condit                                                                                                                                                  | Music                                              | pop                                                |            7.04 | 18202.190000000002 |     1.4080879924975565
 AAAAAAAACJJAAAAA | Rigid, heavy                                                                                                                                                                                             | Music                                              | pop                                                |            6.58 |            5882.69 |     0.4550740956217603
 AAAAAAAACJKBAAAA | Possible, young writers could ensure so straight ready times. Minds give then more national materials; imaginative circumstances shall get then regional, international conservativ                      | Music                                              | pop                                                |            1.77 |              850.8 |    0.06581632561889096
 AAAAAAAACKIAAAAA | Other, full-time birds fire again in the eyes. Contemp                                                                                                                                                   | Music                                              | pop                                                |            5.67 | 3877.7400000000002 |    0.29997484544593117
 AAAAAAAACLADAAAA | About just arrangements illustrate defensive, linguistic steps. Disciplinary employers must provide perhaps men. Sales                                                                                   | Music                                              | pop                                                |               9 |           15799.02 |     1.2221831743998246
 AAAAAAAACLGDAAAA | Highly obvious expectations make less. Again local eyes may attack more times. Mean, additional patients come pretty. However proposed observations collect walls; assumptio                             | Music                                              | pop                                                |            3.18 |            3143.29 |     0.2431591421657308
 AAAAAAAACMIBAAAA | Isolated, economic doctors press now in                                                                                                                                                                  | Music                                              | pop                                                |            1.99 |            2472.58 |    0.19127424823549297
 AAAAAAAACNEEAAAA | Physical systems hunt sensitive thanks. Soviet, commercial areas act nuclear, soviet bodies. Over here new                                                                                               | Music                                              | pop                                                |            4.04 |            2209.27 |      0.170905070169308
 AAAAAAAACOIBAAAA | Good mothers might deter there in a phrases. Ill, dead mechanisms might not get detailed skills. Thanks would go more important teachers. Also education                                                 | Music                                              | pop                                                |            2.86 | 17866.780000000002 |     1.3821412908334378
 AAAAAAAACONDAAAA | Models share before finally high                                                                                                                                                                         | Music                                              | pop                                                |            2.27 |            5715.27 |    0.44212279186633635
 AAAAAAAACPBBAAAA | Dark, sophisticated brothers balance by an women. Parents might mean; enough elegant rows take shoulders. Partners cannot ask yet recently regular attempts. Brief, english lands used to bite sure      | Music                                              | pop                                                |            2.88 |            2019.53 |    0.15622713220159717
 AAAAAAAACPFAAAAA | Best likely movements may step into the chips. Ready, sorry goods see levels; arrangements used to choose there alleged, strong pp.; s                                                                   | Music                                              | pop                                                |            9.94 |             723.86 |    0.05599648032732771
 AAAAAAAACPGDAAAA | Certain tiles might lack up to                                                                                                                                                                           | Music                                              | pop                                                |             2.3 |             386.28 |    0.02988191144812553
 AAAAAAAACPLBAAAA | Big rights must help much young, maximum conditions. Simply other quantities used to blame as successful improvements. Plans m                                                                           | Music                                              | pop                                                |            4.73 |             678.12 |   0.052458117922757806
 AAAAAAAADDABAAAA | Still economic effects cannot turn heavily for a members.                                                                                                                                                | Music                                              | pop                                                |            4.94 |            1983.79 |     0.1534623514333565
 AAAAAAAADDEDAAAA | There responsible standards might smell here autonomous rare beds. Ages can think already from a claims. Concerns ought to get leaves. Now e                                                             | Music                                              | pop                                                |            0.77 |           12889.12 |     0.9970786540443817
 AAAAAAAADFEBAAAA | Interests should see legally troubles. Rural, clear gover                                                                                                                                                | Music                                              | pop                                                |            2.55 |            2697.82 |    0.20869840101217257
 AAAAAAAADGMBAAAA | Writings will not touch still students. Semantic authorities try between a solutions; average, special han                                                                                               | Music                                              | pop                                                |            9.59 |            2508.94 |    0.19408699106518607
 AAAAAAAADIFAAAAA | Resources might give with a aims. Effects advise ideally busy principles; already fine conditions add about the                                                                                          | Music                                              | pop                                                |           83.64 |  6696.759999999999 |      0.518049055890414
 AAAAAAAADJBAAAAA | Mammals get inwards heads                                                                                                                                                                                | Music                                              | pop                                                |            0.94 |  6677.290000000001 |     0.5165428924444811
 AAAAAAAADJDEAAAA | Trends accept so representat                                                                                                                                                                             | Music                                              | pop                                                |            1.82 |             3285.7 |     0.2541757182486954
 AAAAAAAADNPAAAAA | Sorry lawyers used to comment poems. Formal things take dry, mathematical tracks; contents benefit much. Classical, personal heroes build old-fa                                                         | Music                                              | pop                                                |            0.11 |            4447.62 |     0.3440597157370614
 AAAAAAAADOHBAAAA | Free changes must face straight, formal lines.                                                                                                                                                           | Music                                              | pop                                                |            4.94 |            4860.02 |     0.3759622224192789
 AAAAAAAADOLAAAAA | About monetary benefits say near roots. Facilities concede quicker with a studies; ri                                                                                                                    | Music                                              | pop                                                |            8.48 | 1393.6999999999998 |    0.10781407265520489
 AAAAAAAAECHDAAAA | Private months ask then items. New rates get at the substances. Perfect, nice families must not ar                                                                                                       | Music                                              | pop                                                |            0.46 |            4009.51 |    0.31016833066784144
 AAAAAAAAEDBAAAAA | Very forms shall not detach overnight on a things. Subtle oth                                                                                                                                            | Music                                              | pop                                                |            0.98 | 25903.770000000004 |     2.0038680783696043
 AAAAAAAAEEACAAAA | Permanent, alone men could say already. Events find for                                                                                                                                                  | Music                                              | pop                                                |               8 | 6088.9800000000005 |    0.47103231119759603
 AAAAAAAAEEMCAAAA | Free police raise primarily. Diffe                                                                                                                                                                       | Music                                              | pop                                                |           27.96 |             169.87 |   0.013140831256324646
 AAAAAAAAEHEEAAAA | Odd, general memories might seem as for the boots. Opportunities instruct. Cruci                                                                                                                         | Music                                              | pop                                                |            9.36 |            1043.46 |    0.08072014942440993
 AAAAAAAAEHPDAAAA | Other, tired forces might like links. Now real depths answer large, social est                                                                                                                           | Music                                              | pop                                                |           34.98 |            11515.3 |     0.8908024616821992
 AAAAAAAAEJAAAAAA | Families used to defend.                                                                                                                                                                                 | Music                                              | pop                                                |            8.93 |            8822.58 |     0.6824985873045546
 AAAAAAAAEJECAAAA | Disciplinary owners move then tonight natural ag                                                                                                                                                         | Music                                              | pop                                                |            4.93 | 8112.4299999999985 |     0.6275626874006341
 AAAAAAAAEKAAAAAA | Sad, scottish tests receive once parents. Later new funds own good previously mental men. At first tight children could not want downstairs national courts. Dull, maximum factors res                   | Music                                              | pop                                                |            4.99 |           11380.08 |     0.8803420907957554
 AAAAAAAAEKKCAAAA | So-called words r                                                                                                                                                                                        | Music                                              | pop                                                |            4.28 |            5798.16 |    0.44853501004986934
 AAAAAAAAEMHCAAAA | Ancient, difficult costs should imply very in the scales. Complicated, previous systems suggest out of a countries. Sizes love now briti                                                                 | Music                                              | pop                                                |             4.8 |           18804.97 |     1.4547179463722097
 AAAAAAAAENFBAAAA | Past, complex trousers leave away cases. Personal, dangerous tools shall call only great spirits. Applications used to document; common, white hopes act to a clothes. New tonnes facilitate just le     | Music                                              | pop                                                |             0.2 |             408.24 |    0.03158069672150452
 AAAAAAAAEOBAAAAA | Political, little legs a                                                                                                                                                                                 | Music                                              | pop                                                |            0.65 |            1333.77 |    0.10317799790868383
 AAAAAAAAFCCBAAAA | Patients used                                                                                                                                                                                            | Music                                              | pop                                                |            2.29 |            4479.51 |     0.3465266675753153
 AAAAAAAAFDEEAAAA | Other, central reasons cannot go briskly secondary officials. Transactions would afford                                                                                                                  | Music                                              | pop                                                |            2.72 |            2713.04 |    0.20987579226266567
 AAAAAAAAFGFDAAAA | Democrats may campaign national, domestic requirements. Titles may undermine. Circumstances think ago either other efforts. Famous                                                                       | Music                                              | pop                                                |             7.2 |             4647.5 |    0.35952206548401006
 AAAAAAAAFHGBAAAA | Red, afraid forests ought to look serious, inc trees. Again local years win. Reliable, certain flowers might carry forward through a au                                                                  | Music                                              | pop                                                |            1.32 | 13506.460000000003 |     1.0448349427815307
 AAAAAAAAFHICAAAA | Opposite, sufficient lands can report alone new, long-term peasants. Rather productive bits ought to keep from a principles; successful lands expa                                                       | Music                                              | pop                                                |            1.34 |            11692.8 |     0.9045335357270431
 AAAAAAAAFHNDAAAA | Controls would get now old, wide interpretations. Bright, fine services follow ill arts. Better social children may b                                                                                    | Music                                              | pop                                                |            4.82 |  9637.439999999999 |     0.7455346605224782
 AAAAAAAAFJFDAAAA | International, clear ladies may survive for a animals.                                                                                                                                                   | Music                                              | pop                                                |            9.72 |           13095.68 |     1.0130577563243983
 AAAAAAAAFKBDAAAA | External readers marry once. Aspects should borrow amounts. Customers find just expressly difficult women; prices may find                                                                               | Music                                              | pop                                                |            0.28 |             290.94 |   0.022506584127362644
 AAAAAAAAFKEAAAAA | Around foreign trees make numbers. Faces pay useful peasants. Letters should regard rules. Interested units progress mainly. Children                                                                    | Music                                              | pop                                                |            3.67 |           10356.09 |     0.8011281048172785
 AAAAAAAAFNEAAAAA | Particularly political stations want free, german preparations. Faint, possible girls transfer financial appeals. Russian designs sit to a issues. Fair, interesting minutes would get internati         | Music                                              | pop                                                |            8.55 |            2096.97 |     0.1622177483933307
 AAAAAAAAFOADAAAA | Popular, p                                                                                                                                                                                               | Music                                              | pop                                                |           90.55 |           11956.56 |     0.9249375249668629
 AAAAAAAAFOKCAAAA | Possibilities might not know friends. Loose, dark answers hear. Trustees must bear hardly following, specific genes. Present, common issues improve to the acres. Bad reasons look                       | Music                                              | pop                                                |            4.08 |            9913.67 |     0.7669033060628007
 AAAAAAAAGBKDAAAA | Boring words shall protect also soon scientific companies; late fine participants must build proposals. Real, inc forces cou                                                                             | Music                                              | pop                                                |            1.87 |             5534.3 |    0.42812328499368624
 AAAAAAAAGBMBAAAA | Dead, united churches must follow just. Completely e                                                                                                                                                     | Music                                              | pop                                                |            3.45 |             1413.5 |    0.10934576429513679
 AAAAAAAAGCIDAAAA | Proud opponents shall say please satisfactory, original households. Real terms would cre                                                                                                                 | Music                                              | pop                                                |            4.68 |            1935.45 |      0.149722857803341
 AAAAAAAAGFCEAAAA | Big qualities burst then aims. Far novel c                                                                                                                                                               | Music                                              | pop                                                |            5.63 |               34.2 |    0.00264564919624597
 AAAAAAAAGHDEAAAA | Available, internal sessions give too grey babies. Electronic systems would not hear subject years. New workers free considerably appropriate, easy years; left countries see more obviously only form   | Music                                              | pop                                                |             2.1 | 5856.2300000000005 |    0.45302719861203317
 AAAAAAAAGHEAAAAA | Products say usually results. At once diverse boxes may accept frequently also economic sessions. Social clients sort earlier hot rights. Mice succeed naturall                                          | Music                                              | pop                                                |            2.56 |            5135.47 |    0.39727052859196754
 AAAAAAAAGIGCAAAA | Positions use yesterday from the pur                                                                                                                                                                     | Music                                              | pop                                                |            4.18 |            1969.02 |     0.1523197713564982
 AAAAAAAAGIODAAAA | Main students upgrade. Rewards offer almost reports. Abilities force never i                                                                                                                             | Music                                              | pop                                                |            2.24 |           22536.79 |     1.7434046885808248
 AAAAAAAAGJFCAAAA | National elements apply inevitably men. Tragic, essential letters sort also. Individual, easy activities must anticipate essentially sad views. Already following lives mean as sources. Nonethe         | Music                                              | pop                                                |             0.4 |             5600.1 |     0.4332134521607326
 AAAAAAAAGJODAAAA | Responsible, darling bases would not care. Refugees withdraw northwards video-taped eyes. Full sorts shall entertain from a homes. Feet tackle cars; clearly large idea                                  | Music                                              | pop                                                |           89.65 |            1024.92 |    0.07928592907065553
 AAAAAAAAGODDAAAA | Often fascinating rocks examine clear novels. New resources shake curious citizens. Now narrow errors must recapture. For instance poor companies would not see widely                                   | Music                                              | pop                                                |            3.22 |           10057.56 |     0.7780343722279419
 AAAAAAAAGOFBAAAA | Different services move in a emissions. Also whole goods can pay es                                                                                                                                      | Music                                              | pop                                                |            6.73 |               5156 |    0.39885869169135146
 AAAAAAAAGOHCAAAA | Funny troops would speed so blindly opening stands. British, happy stairs see t                                                                                                                          | Music                                              | pop                                                |           58.09 |            5439.95 |    0.42082454225491994
 AAAAAAAAGOODAAAA | Public themes reveal faintly deep soft achievements. Grand, unchanged patients take indeed words. Intense properties ensure male courses. Commercial, available countries s                              | Music                                              | pop                                                |            1.04 |             288.84 |   0.022344131983733504
 AAAAAAAAHCHDAAAA | Potential modules may cultivate sophisticated arguments; competitive, key police shall persist red places. Quite interestin                                                                              | Music                                              | pop                                                |            4.02 | 11998.310000000001 |     0.9281672282985376
 AAAAAAAAHEHBAAAA | Central, blue daughters will not take differences. Now nuclear careers illustrate finally old wor                                                                                                        | Music                                              | pop                                                |            2.23 |            2212.72 |    0.17117195583384157
 AAAAAAAAHEKBAAAA | Military boxes must think little years. Christian, above calculations must not look regularly difficult, profound y                                                                                      | Music                                              | pop                                                |            3.86 | 13276.080000000002 |     1.0270131690437778
 AAAAAAAAHGCEAAAA | Male, dead games should not ignore warmly around considerable computers. Goals would fit safe panels. Black, alone seats assume then social, other readers; members collapse                             | Music                                              | pop                                                |           12.62 |            6286.41 |    0.48630513344364407
 AAAAAAAAHNHBAAAA | Groups turn with a facts; rights ought to take fully activities. Huge experiments preven                                                                                                                 | Music                                              | pop                                                |            9.61 |           19769.49 |     1.5293314423594369
 AAAAAAAAHNKBAAAA | Minds learn really secrets. Merely european groups should interact wor                                                                                                                                   | Music                                              | pop                                                |            4.48 |            1583.52 |    0.12249819927600637
 AAAAAAAAHNLDAAAA | Independent, different attitudes ought to get by a windows. In addition useful times should not merit new, entire hours. Only new s                                                                      | Music                                              | pop                                                |           14.09 |            4257.02 |     0.3293152497486263
 AAAAAAAAIAECAAAA | Classical rates know initially consistent photographs. Hard, dynamic powers shall not talk more other, roman households. Eventuall                                                                       | Music                                              | pop                                                |            2.31 |           19746.25 |     1.5275336386366076
 AAAAAAAAIBEBAAAA | Laboratories remember single, other days. Here lar                                                                                                                                                       | Music                                              | pop                                                |            1.86 | 2026.9099999999999 |    0.15679803544920815
 AAAAAAAAIBEEAAAA | Companies threaten discreetl                                                                                                                                                                             | Music                                              | pop                                                |            2.07 |               50.6 |   0.003914323079825908
 AAAAAAAAIDOBAAAA | English, national years can benefit ever american ministers. Successful, c                                                                                                                               | Music                                              | pop                                                |            5.21 |  960.8599999999999 |    0.07433036510833047
 AAAAAAAAIECDAAAA | Currently sheer shares may go also never particular experiences. Areas seem just. Actual, foreign companies might remove really years. Broken                                                            | Music                                              | pop                                                |            2.89 |            1972.96 |    0.15262456252121193
 AAAAAAAAIEIDAAAA | Programmes would not wait. Miles give swiss types; less red eyes ought to resist                                                                                                                         | Music                                              | pop                                                |            2.14 |            2924.84 |    0.22626025132011876
 AAAAAAAAIFOCAAAA | Pale minutes must know in an relations; standard moments allow also. Local, apparent men ought to work as well private plants. Probably opposite changes pick in order. New                              | Music                                              | pop                                                |             2.6 |            10901.2 |     0.8432968133952212
 AAAAAAAAIGPAAAAA | Allegedly permanent workers shall last of course active cases; areas might flush just about a fingers. Other tears will promise jointly on behalf of a fragments. However objective months stay          | Music                                              | pop                                                |            9.11 |            1483.63 |    0.11477089231071369
 AAAAAAAAIGPCAAAA | Deep financial serv                                                                                                                                                                                      | Music                                              | pop                                                |            9.37 |            1790.75 |    0.13852913152565702
 AAAAAAAAIHOAAAAA | Traditional, long companies build thus in a plans. Hardly immense methods eat sure in a centres. Additional employers should provide quietly. Conservative blues might try long at an pp..               | Music                                              | pop                                                |            1.48 |            7892.05 |     0.6105144952992106
 AAAAAAAAIJNCAAAA | German years must respond about only read                                                                                                                                                                | Music                                              | pop                                                |            4.86 |            5446.66 |     0.4213436155328969
 AAAAAAAAIKOAAAAA | Normal, generous colours take throughout a heels. Metres deal virtually. Readers will hear parameters. As a whole southern buses marry shortly males                                                     | Music                                              | pop                                                |             3.7 |            6580.12 |     0.5090259996842699
 AAAAAAAAILDEAAAA | Significant weeks explain full, easy sales. Magic dreams s                                                                                                                                               | Music                                              | pop                                                |            8.42 |  9463.050000000001 |     0.7320441703665329
 AAAAAAAAIMMAAAAA | Far, other backs improve partly fit, confident rooms                                                                                                                                                     | Music                                              | pop                                                |             6.2 |            1112.76 |    0.08608107016417149
 AAAAAAAAIPPDAAAA | Long workers support acutely around important charges. Determined, poor stories know. Considerable funds might need good files; poor enterprises float as especially social groups. Gl                   | Music                                              | pop                                                |            5.38 |               3145 |    0.24329142462554312
 AAAAAAAAJCJCAAAA | Events might not remember years. Slow police should imagine only as divin                                                                                                                                | Music                                              | pop                                                |            0.49 |            2864.25 |    0.22157312018559996
 AAAAAAAAJGICAAAA | New, good accounts get as a laws; s                                                                                                                                                                      | Music                                              | pop                                                |            7.37 |            5834.51 |     0.4513469792979261
 AAAAAAAAJILAAAAA | Square, minor republics cut. Similar, easy rights can take les                                                                                                                                           | Music                                              | pop                                                |             4.3 |            6688.13 |     0.5173814549382619
 AAAAAAAAJJKAAAAA | Broken, simple children achieve nervously villages. Running sides sell often seemingly political muscles. Ready, happy statem                                                                            | Music                                              | pop                                                |           49.55 |            3532.74 |    0.27328627899257274
 AAAAAAAAJLEBAAAA | Things used to start particularly aware women. Foreign, kind hours must prepare unwittingly attractive, recent theories. Religious, rich studies get fore                                                | Music                                              | pop                                                |           38.61 |            3006.25 |    0.23255797942147505
 AAAAAAAAJMDBAAAA | Neutral agencies could receive on a minds. Examples must not see here really financial proposals. National, young w                                                                                      | Music                                              | pop                                                |            2.25 | 12501.189999999999 |     0.9670691016262616
 AAAAAAAAJNOBAAAA | Necessary towns would know long local, impossible words. Articles make internal reas                                                                                                                     | Music                                              | pop                                                |            6.98 |             310.35 |   0.024008106083477684
 AAAAAAAAKCABAAAA | Special, free structures shall raise also to a parts. Sophist                                                                                                                                            | Music                                              | pop                                                |            4.25 |            10230.8 |     0.7914359004957094
 AAAAAAAAKEEEAAAA | Constantly military properties should not explore so without a aspects. Still previous influences draw visibly familiar others. Pale agencies consult altogeth                                           | Music                                              | pop                                                |            4.61 |            1875.48 |     0.1450836887302746
 AAAAAAAAKHFBAAAA | A little heavy dates must kee                                                                                                                                                                            | Music                                              | pop                                                |            2.28 |              115.6 |   0.008942603715965908
 AAAAAAAAKHJCAAAA | Small, difficult nights would conclude with a processes; common, various towns should frustrate too for the costs. Old police hold mor                                                                   | Music                                              | pop                                                |           50.56 | 17142.899999999998 |     1.3261432633428372
 AAAAAAAAKIKDAAAA | Frantically white children could see less. Indeed                                                                                                                                                        | Music                                              | pop                                                |           89.69 |             8053.5 |     0.6230039708177461
 AAAAAAAAKJDEAAAA | Fairly russian polls might hear with a differences. Interests could not resume. Spanish requirements would not issue nevertheless out of a cars. Lonely bodies may exist red pie                         | Music                                              | pop                                                |            6.73 |            5212.29 |     0.4032131827222487
 AAAAAAAAKJNAAAAA | Afraid, following walls wear thoroughly distinct experts; experiences pay wag                                                                                                                            | Music                                              | pop                                                |             2.9 |             218.85 |   0.016929834111065217
 AAAAAAAAKLDEAAAA | Old days depend bel                                                                                                                                                                                      | Music                                              | pop                                                |            2.77 |            6304.43 |     0.4876991275523093
 AAAAAAAAKLFCAAAA | Apart northern men compose. Thick projects bear carelessly however new conditions. Titles could stress electronic reforms; other pounds provide then perhaps small schools. Urgent, late pp. used        | Music                                              | pop                                                |            1.17 |            5069.06 |    0.39213317294510514
 AAAAAAAAKLMBAAAA | Bottles will not involve indeed; tensions may not walk very wild funds. Continuous, different restrictio                                                                                                 | Music                                              | pop                                                |            3.51 |             454.48 |   0.035157738207890886
 AAAAAAAAKMJBAAAA | Clean, other thoughts say later futures. Cool areas look as a men                                                                                                                                        | Music                                              | pop                                                |           47.81 |  8946.880000000001 |     0.6921142070441271
 AAAAAAAAKNADAAAA | So contemporary improvements used to tell still for                                                                                                                                                      | Music                                              | pop                                                |           61.18 |           10964.85 |     0.8482206605104567
 AAAAAAAAKNCAAAAA | True, experimental attempts go so women. Then short members would pass suddenly with a stores. Lines e                                                                                                   | Music                                              | pop                                                |             4.4 |             355.06 |    0.02746678957950567
 AAAAAAAAKODBAAAA | Main, essential environments can allow fairly streets. All blue others will furnish therefore difficu                                                                                                    | Music                                              | pop                                                |            2.62 |             287.47 |   0.022238151299556405
 AAAAAAAAKONAAAAA | Subjects used to use straight with a children. Successful children might pick on the guns; as only cattle aim of course. Aloud german                                                                    | Music                                              | pop                                                |            0.12 |            2875.92 |    0.22247588995519618
 AAAAAAAAKPAEAAAA | Points might contact partly old rights. Distant models would come emotionally. Clear cars must not get slightly. Arts would lay at a chemicals. Thoroughly top words fi                                  | Music                                              | pop                                                |            3.71 |  5426.639999999999 |    0.41979490509696576
 AAAAAAAAKPEDAAAA | Residential, smart edges may get now little questions; public forces shall hear; parents used to touch nervously jewish partners. Painfully happy years see details. Demands make notable cases. Pu      | Music                                              | pop                                                |           15.93 |            8328.83 |     0.6443029940107988
 AAAAAAAALBABAAAA | Consistent words introduce in a processes. Separate, deaf places know eventually christian, permanent rates. Never horrible techniques inform similar ideas                                              | Music                                              | pop                                                |            1.25 |  6859.029999999999 |     0.5306019651031284
 AAAAAAAALIHCAAAA | Popular students should not come much families. Surely full characters foresee genetic banks; statistical prayers continue                                                                               | Music                                              | pop                                                |            1.29 |           10181.34 |     0.7876097657224251
 AAAAAAAALIKCAAAA | Sure results cure more important mines. More good children cannot share pro                                                                                                                              | Music                                              | pop                                                |            2.54 |             2473.2 |    0.19132221029694535
 AAAAAAAALJIAAAAA | Often public allowances may stroke together. Civil rules heal largely. Years used to know here prime products. Families                                                                                  | Music                                              | pop                                                |            2.56 |              43.55 |  0.0033689480262138007
 AAAAAAAALKDBAAAA | Darling, aware pupils would receive operations; managers can refer a bit awful, incredible conflicts. Recently following consequences will expect very pp.. Ultimate, quiet worker                       | Music                                              | pop                                                |            8.25 |            3787.77 |     0.2930149314638771
 AAAAAAAALOIBAAAA | Corners might not sing european provisions. Front, previous colours used to seem for a events. Priests produce great single, local years. Years meet for a women. Poor police feel to a explanation      | Music                                              | pop                                                |            7.17 |            18470.1 |     1.4288130181164527
 AAAAAAAAMANAAAAA | Passengers know technical, high buyers. Likely, busy vessels pull also physical, dull teeth. Prospects migh                                                                                              | Music                                              | pop                                                |            8.84 | 21158.769999999997 |     1.6368035919313837
 AAAAAAAAMCECAAAA | Strong issues ta                                                                                                                                                                                         | Music                                              | pop                                                |            6.69 |            4808.66 |     0.3719891071350919
 AAAAAAAAMCOBAAAA | Deep, only matters give incentives. Conditions sound actually joint friends. British, soviet schools realise more administrative police. New departments should                                          | Music                                              | pop                                                |            3.57 | 2928.2400000000002 |    0.22652326907647072
 AAAAAAAAMDACAAAA | Large, positive opportunities might not understand well all electrica                                                                                                                                    | Music                                              | pop                                                |           13.19 | 1928.3200000000002 |    0.14917129409663826
 AAAAAAAAMDFDAAAA | Able, beautiful children must lose years. Both common subjects give then prices; supporters will wait obviously public nights.                                                                           | Music                                              | pop                                                |            4.48 |  7066.580000000001 |     0.5466576519651417
 AAAAAAAAMDGCAAAA | Publicly                                                                                                                                                                                                 | Music                                              | pop                                                |           98.03 | 7176.7699999999995 |     0.5551817480158534
 AAAAAAAAMEBAAAAA | Intimate, major roots fit. Unlikely parents take alone formal developments. Phases should rescue then. Sophisticated instruments include mental computers. Below independent h                           | Music                                              | pop                                                |            7.14 |            8816.74 |     0.6820468156289383
 AAAAAAAAMEOCAAAA | Good heads bring more old services. Chains help gradually as other questions. H                                                                                                                          | Music                                              | pop                                                |            2.33 |               63.4 |   0.004904507574327324
 AAAAAAAAMFMDAAAA | Large decisions                                                                                                                                                                                          | Music                                              | pop                                                |            0.74 |            3764.39 |     0.2912062975981394
 AAAAAAAAMJKBAAAA | Democratic, commercial years ought to promote habits. Good years ought to look qui                                                                                                                       | Music                                              | pop                                                |            9.38 |            2974.59 |     0.2301088199608567
 AAAAAAAAMKECAAAA | Also political insects shall not look bad, other exercises. Particular, new committees will not kill then. Frantically national times return in a authorities. Small, conservati                         | Music                                              | pop                                                |            3.81 | 11623.530000000002 |     0.8991749357321906
 AAAAAAAAMMDBAAAA | Good affairs would prove. Senior schools might know always for a beans. Operations shall replace once more very various images. Particular pools would not mak                                           | Music                                              | pop                                                |             7.2 |             6441.8 |    0.49832581849056395
 AAAAAAAAMMFDAAAA | Little recommendations can rise. Perfectly other months would live                                                                                                                                       | Music                                              | pop                                                |             3.4 |           10052.09 |     0.7776112230728699
 AAAAAAAAMMNAAAAA | Fully independent goals used to discover officials. Only intense leaves explain as within                                                                                                                | Music                                              | pop                                                |             0.6 |            3047.81 |    0.23577298470205932
 AAAAAAAAMOFAAAAA | Less regional lights used to allow behi                                                                                                                                                                  | Music                                              | pop                                                |            2.58 |           11147.52 |     0.8623516762612828
 AAAAAAAAMOGDAAAA | Economic things own only left areas. Phrases would bear. Enough sorry resources can note ever responsible skills. For ins                                                                                | Music                                              | pop                                                |            7.21 |            4931.65 |     0.3815033876803051
 AAAAAAAAMOIDAAAA | Genuine, narrow concerns must not trust alre                                                                                                                                                             | Music                                              | pop                                                |            3.04 |           16716.68 |     1.2931716668392128
 AAAAAAAAMOJDAAAA | Wild, loose tourists recru                                                                                                                                                                               | Music                                              | pop                                                |            9.23 |  8005.009999999999 |     0.6192528734631856
 AAAAAAAAMOMAAAAA | Statistical, little consumers try both elements. Contemporary, fundamental lives would not sacrifice closely. Other clothes shall take despite a persons. Major moments should want fit familie          | Music                                              | pop                                                |            9.55 | 12568.449999999999 |     0.9722722117122122
 AAAAAAAAMPDEAAAA | Current, aware grounds frame widely as a st                                                                                                                                                              | Music                                              | pop                                                |            3.99 |               2595 |     0.2007444346274354
 AAAAAAAANAJAAAAA | Good tradition                                                                                                                                                                                           | Music                                              | pop                                                |            4.81 |            1279.56 |    0.09898441185814306
 AAAAAAAANBJCAAAA | Actual, medical words shall not become for example scottish, specific gardens. Also wonderful terms might not talk sincerely even low waves. Also asleep gains go chief, large c                         | Music                                              | pop                                                |           90.91 |            6428.93 |     0.4973302189246082
 AAAAAAAANDDAAAAA | Vulnerable countries cannot lose about. Once again social elections replace social, legislative periods. More hu                                                                                         | Music                                              | pop                                                |            2.96 |           13443.31 |     1.0399497747481112
 AAAAAAAANFEDAAAA | Temporary cells produce high arms. A bit heavy w                                                                                                                                                         | Music                                              | pop                                                |            6.72 |             2879.7 |     0.2227683038137286
 AAAAAAAANFICAAAA | Long, new children may know rather no                                                                                                                                                                    | Music                                              | pop                                                |             8.3 |           10729.51 |     0.8300151902810846
 AAAAAAAANHODAAAA | Labour, complete solicitors cannot say positive, happy animals. Deals join above industrial, new police; dangerously english pu                                                                          | Music                                              | pop                                                |             0.2 |            2324.52 |     0.1798205985280024
 AAAAAAAANIHAAAAA | Ther                                                                                                                                                                                                     | Music                                              | pop                                                |             4.8 |            3499.48 |    0.27071334647014167
 AAAAAAAANMFEAAAA | Otherwise used arms could not enter often great standards. Easier domestic generations drive indeed there national years. Ma                                                                             | Music                                              | pop                                                |             2.4 |            2078.81 |    0.16081292414175685
 AAAAAAAANNIDAAAA | Lives would vary already. Volumes shall not know also english attitudes. Specialist, deliberate si                                                                                                       | Music                                              | pop                                                |            2.42 |  9378.050000000001 |     0.7254687264577345
 AAAAAAAANPGAAAAA | States would vary only. Increasingly weekly terms might get. Streets might not represent. Almost popular looks might not protest real balls. Pink, free services contr                                   | Music                                              | pop                                                |           36.37 | 6086.1900000000005 |     0.4708164819210602
 AAAAAAAANPIBAAAA | Still occasional places could use at least with a vehicles. Perfect, serious enquiries could make to a researchers. Pp. might make there able, good levels. As wild yards would serve sure, reg          | Music                                              | pop                                                |            4.96 |            4689.23 |     0.3627502216524119
 AAAAAAAAOBHBAAAA | Childr                                                                                                                                                                                                   | Music                                              | pop                                                |            8.15 | 13777.159999999998 |     1.0657757976769624
 AAAAAAAAOCHCAAAA | Unlike, able sentences contribute too with the colleges; features                                                                                                                                        | Music                                              | pop                                                |           94.07 |           15677.98 |     1.2128197422736955
 AAAAAAAAODFDAAAA | Special, fair systems may discu                                                                                                                                                                          | Music                                              | pop                                                |            3.32 | 12007.810000000001 |     0.9289021308530504
 AAAAAAAAODIBAAAA | Together complete lists cannot give eyes. Wide parts go. In                                                                                                                                              | Music                                              | pop                                                |            0.14 |            6276.51 |     0.4855392876236781
 AAAAAAAAODMCAAAA | Forms should not calculate; still pe                                                                                                                                                                     | Music                                              | pop                                                |            6.72 | 1592.3200000000002 |    0.12317895111597611
 AAAAAAAAODOBAAAA | Fundamental, important schools may feel upwards at a relationships. Ridiculous controls should control often. Annual jobs must mean members. Flats escape together with a ty                             | Music                                              | pop                                                |            3.04 | 1455.1100000000001 |    0.11256463748390272
 AAAAAAAAOECDAAAA | Golden cases le                                                                                                                                                                                          | Music                                              | pop                                                |            3.18 |           12527.25 |     0.9690850553705358
 AAAAAAAAOFCCAAAA | Problems will cause clear bonds. Doors reject                                                                                                                                                            | Music                                              | pop                                                |            4.68 |            1142.64 |    0.08839253209352325
 AAAAAAAAOFFEAAAA | Applicants should not get never naked organisations. Angry, unlikely meetings miss right silent stands. Only following lines should                                                                      | Music                                              | pop                                                |             7.5 |           13571.76 |     1.0498864308667604
 AAAAAAAAOFGBAAAA | Difficult, head effects record british, financi                                                                                                                                                          | Music                                              | pop                                                |            4.36 |            3286.62 |     0.2542468877592377
 AAAAAAAAOGCAAAAA | Naval, different parties throw levels. Secure years will transform beautiful, international cases. Actual patie                                                                                          | Music                                              | pop                                                |            5.54 |            4381.66 |     0.3389571712638338
 AAAAAAAAOGCBAAAA | Men could apologise much feet. Fears could vote extraordinarily relevant heads. Everywhere social revenues used to see at least in a children; often good instructions will not get f                    | Music                                              | pop                                                |               7 |              32.56 |  0.0025187818078879756
 AAAAAAAAOGMAAAAA | Possible, useful conditions end reasonably sensitive, military unions; statements a                                                                                                                      | Music                                              | pop                                                |            3.59 |           16924.64 |     1.3092590705483154
 AAAAAAAAOHDCAAAA | Other, recent islands remove adequate countries. Plans get even clea                                                                                                                                     | Music                                              | pop                                                |             1.7 |            6377.41 |    0.49334472633424004
 AAAAAAAAOJHBAAAA | Currently available aspects guide indirectly important duties. Feet march hardly increasingly able children. Other, mental terms reduce responses;                                                       | Music                                              | pop                                                |            0.52 |            1081.53 |    0.08366517471391531
 AAAAAAAAOKBBAAAA | Never institutional members may provide at a conditions. Years can agree scarcely to a patients. Democrats expect nearly dishes; also electronic conditions say still video-taped solicit                | Music                                              | pop                                                |             5.7 |            5813.18 |    0.44969692966763586
 AAAAAAAAOLCBAAAA | Other sets tell anymore outcomes. Foreign, good interests should                                                                                                                                         | Music                                              | pop                                                |            3.56 |             889.09 |    0.06877836970439559
 AAAAAAAAOLHDAAAA | Ladie                                                                                                                                                                                                    | Music                                              | pop                                                |             8.8 |             227.52 |    0.01760052938976266
 AAAAAAAAOLMBAAAA | Super goods could split also; british years shall close available deca                                                                                                                                   | Music                                              | pop                                                |            9.46 |           10616.04 |     0.8212373594536568
 AAAAAAAAOMACAAAA | Healthy services used to flee here. Parties promote merely. Standards used to sustain later in a colleagues. Gentlemen cannot sell; communities question also in char                                    | Music                                              | pop                                                |             4.5 |            8715.09 |     0.6741833582956517
 AAAAAAAAOMDCAAAA | Modern, new days can bite. Eyes will not say local, established patients. Months c                                                                                                                       | Music                                              | pop                                                |            0.94 |            1541.98 |    0.11928474115869475
 AAAAAAAAONCDAAAA | Shoulders may take today royal situati                                                                                                                                                                   | Music                                              | pop                                                |            2.74 |             561.63 |     0.0434466654411586
 AAAAAAAAONMCAAAA | Politicians should retriev                                                                                                                                                                               | Music                                              | pop                                                |            1.63 |             220.39 |    0.01704896568305992
 AAAAAAAAOOGBAAAA | For example simple things ought to like mainly just gentle orders. Neither negative products must not push later for the managers. Comparatively final actions wonder nearly operations. Sim             | Music                                              | pop                                                |            2.26 | 3879.3500000000004 |    0.30009939208938025
 AAAAAAAAOOLCAAAA | Good regulations shall tell now rare, different rights. Fine, true politicians shall let ago little, met                                                                                                 | Music                                              | pop                                                |            2.36 |            8143.26 |     0.6299476395854373
 AAAAAAAAOPBCAAAA | Managers resume late women. So available difficulties listen in a clien                                                                                                                                  | Music                                              | pop                                                |            3.02 |            4992.18 |      0.386185877325006
 AAAAAAAAOPGCAAAA | Modern, true purposes operate in particular with a pictures. Representatives will promise always then young shares. Factors disa                                                                         | Music                                              | pop                                                |             8.2 |            6437.12 |     0.4979637822847619
 AAAAAAAAOPHBAAAA | Levels take more bare companies. Managers break unlikely, great pictures. Ways shall not set as evident teams; dead tests arrange in order open, mental conditions. Hungry co                            | Music                                              | pop                                                |            2.63 |            2096.67 |    0.16219454094424085
 AAAAAAAAOPJCAAAA | Lengthy members should not buy forward big children. Star, domina                                                                                                                                        | Music                                              | pop                                                |            3.82 |            1889.01 |    0.14613034468422806
 AAAAAAAAPBIBAAAA | Ready, alive daughters land technological, internal par                                                                                                                                                  | Music                                              | pop                                                |            5.14 |               5008 |     0.3874096834736788
 AAAAAAAAPFPCAAAA | Police shall not take tomorrow no longer extraordinary orders; only able firms tell clearly final years. We                                                                                              | Music                                              | pop                                                |            3.98 |             302.14 |    0.02337299556005138
 AAAAAAAAPHDAAAAA | Underlying, possible months shall not give much in a members. Other ministers frighten overwhelmingly necessary leaves; different, fundamental developments take again                                   | Music                                              | pop                                                |            2.85 |             291.41 |    0.02254294246427012
 AAAAAAAAPHMDAAAA | Female, socia                                                                                                                                                                                            | Music                                              | pop                                                |            0.63 | 26587.949999999997 |      2.056794986763977
 AAAAAAAAPIBEAAAA | More other obligations answer fast, f                                                                                                                                                                    | Music                                              | pop                                                |            3.04 |             998.62 |    0.07725140936710966
 AAAAAAAAPJCCAAAA | Elegant, disabled passengers shall promote yet similar prospects. Silver, natural children blame just narrow jobs. Practitioners draw; organisations return even custo                                   | Music                                              | pop                                                |            2.01 |            4325.19 |    0.33458875576348257
 AAAAAAAAPJKAAAAA | Most public letters find very. Obviously silver results ought to leave helplessly; ideal, different b                                                                                                    | Music                                              | pop                                                |            2.09 |             948.03 |    0.07333785986892008
 AAAAAAAAPLCAAAAA | Sizes might exercise centuries. So clear papers wear briskly only channels; small, sorry workers might not participate so far groups. A little early manufacturers might build also. Straig              | Music                                              | pop                                                |            1.21 |  4870.820000000001 |    0.37679769058651447
 AAAAAAAAPOJCAAAA | Just old activities will benefit of course total, tiny materials. There enthusiastic pra                                                                                                                 | Music                                              | pop                                                |            9.18 |           16192.76 |     1.2526421777486516
 AAAAAAAAPOOAAAAA | Political eyes should not defeat namely towards a banks. Yesterday economic friends can ensure by a values. Labour brothers see possibly. Emotional, particular events                                   | Music                                              | pop                                                |            2.42 | 1537.5700000000002 |    0.11894359165707358
 AAAAAAAAPPICAAAA | Companies could go in the animals. Languages look short authors. Adequate risks mig                                                                                                                      | Music                                              | pop                                                |            4.46 |           12794.77 |     0.9897799113056154
 AAAAAAAAPPNAAAAA | Better o                                                                                                                                                                                                 | Music                                              | pop                                                |             6.9 |  8561.730000000001 |     0.6623197103209066
 AAAAAAAAAACAAAAA | Crops may cut rules. Shadows increase please. S                                                                                                                                                          | Music                                              | rock                                               |            2.99 |            2190.91 |     0.1422676849892895
 AAAAAAAAACFDAAAA | Polls may write with a colleagues; massive, obvious negotiations might not leave more. Social effects ought to react white, new women; voluntary adv                                                     | Music                                              | rock                                               |             3.2 |               6817 |     0.4426648326823039
 AAAAAAAAADCCAAAA | Able, visual decades must eat always individuals; magnificent, chief proceedings prevent ruthlessly parts. Judicial things provide home strongly industrial standards; new, mass service                 | Music                                              | rock                                               |            0.39 |            13476.4 |     0.8750958414492885
 AAAAAAAAAFDDAAAA | Points used to join seldom concerned newspa                                                                                                                                                              | Music                                              | rock                                               |            9.36 |           18981.93 |      1.232599804523574
 AAAAAAAAAFECAAAA | Also social individuals might understand qualities. Now daily modules think here; there right farmers shall like probably nonetheless british answers. Similar, new topics surrender so                  | Music                                              | rock                                               |            5.44 |             343.39 |   0.022298177628689502
 AAAAAAAAAFHBAAAA | Religious, s                                                                                                                                                                                             | Music                                              | rock                                               |             4.9 |           15827.48 |     1.0277642344113995
 AAAAAAAAAGFDAAAA | Bars seek pretty recent banks. Retail, tall eyes will help especially entirely british types. Necessary libraries seem further together soviet employers. Clinical, medical o                            | Music                                              | rock                                               |            7.24 |            5809.32 |    0.37723069763795825
 AAAAAAAAAGHAAAAA | Panels defend shareholders. Others might not find largely internal areas. Answers draw somewhere then single constraints. Eventually main answers should like short                                      | Music                                              | rock                                               |            1.05 |            2529.43 |    0.16424962706932664
 AAAAAAAAAJEAAAAA | Statutory, legal years might keep around a employees. Decisions like hard giant, academic leads. Easily                                                                                                  | Music                                              | rock                                               |            4.87 |            7593.32 |     0.4930755064255819
 AAAAAAAAAJODAAAA | Extra attempts ought to feel deliberate                                                                                                                                                                  | Music                                              | rock                                               |            5.36 |            4876.04 |     0.3166277586551593
 AAAAAAAAAKAEAAAA | Steep numbers will entertain open, able men. Remarkable, different families shall not come especially extra waters. Governments mean walls. Here negative things make however certain, comparable        | Music                                              | rock                                               |            9.12 | 2463.0699999999997 |    0.15994051187249553
 AAAAAAAAAKIBAAAA | Terrible, respectable texts crack specifically present tools. Other purposes make now local, equivalent benefits. Overnight passive hours construct at least projects. Top, bold years might not face    | Music                                              | rock                                               |            8.15 |             7798.5 |     0.5063989581447773
 AAAAAAAAAMACAAAA | Communist, strange seasons shall harden through a women. Main runs shall accept unique assets. Substantial, conf                                                                                         | Music                                              | rock                                               |            5.08 |              827.2 |   0.053714588469238926
 AAAAAAAAAMHAAAAA | Universal, local sales might use eagerly logical scenes. Ne                                                                                                                                              | Music                                              | rock                                               |            5.93 |            1189.38 |     0.0772329028451927
 AAAAAAAAAOFAAAAA | Comparable, major activities join just at a movements. Completely happy attitudes may develop also; spots can                                                                                            | Music                                              | rock                                               |            0.13 |            9047.76 |     0.5875201945943438
 AAAAAAAAAOLDAAAA | Slowly upper friends enjoy final duties; funny, small steps cannot see then like a years. Large things should see gradually to the years; again crucial laws appoint especiall                           | Music                                              | rock                                               |            0.98 |            9054.61 |     0.5879650022962469
 AAAAAAAAAPIDAAAA | Now eastern relations provide actual proposals. Likely sentences shall                                                                                                                                   | Music                                              | rock                                               |            3.44 |           11377.21 |     0.7387840341853359
 AAAAAAAAAPPCAAAA | Great trees offer after a effects. Successive specimens manufacture well european benefits. Again indirect abilities strengthen accidentally lines. Answers seek instead combinations;                   | Music                                              | rock                                               |            3.46 |            3653.69 |    0.23725393465204736
 AAAAAAAABBFDAAAA | Women should know neither. Sufficient, national months might use from a servants. More economic numbers would give. Grateful, european females present subs                                              | Music                                              | rock                                               |            5.84 |            9807.53 |     0.6368561869556515
 AAAAAAAABDCEAAAA | Simple relations see lightly spirits; still low subjects may argue by a word                                                                                                                             | Music                                              | rock                                               |            8.33 | 2421.7599999999998 |    0.15725802922058033
 AAAAAAAABDPAAAAA | External, l                                                                                                                                                                                              | Music                                              | rock                                               |            1.13 |            9476.51 |      0.615361260607625
 AAAAAAAABGGDAAAA | Really extra markets ought to understand even sequences. True, ugly settings cannot broaden as therefore other owners. Incomes range. New, big stages remind more heavy, social consid                   | Music                                              | rock                                               |            3.88 |            4813.77 |    0.31258422937085145
 AAAAAAAABGKCAAAA | Now happy years shall produce finally w                                                                                                                                                                  | Music                                              | rock                                               |            1.08 |            6721.87 |     0.4364875251374795
 AAAAAAAABHMCAAAA | Strong, careful pupils break usually personal members; just opening ye                                                                                                                                   | Music                                              | rock                                               |             0.6 |            7409.34 |    0.48112868584220353
 AAAAAAAABICCAAAA | In order new meals could fight average conditions. Stores outline mistakes. Also civil prices could not understand about other, successful priorities. Then previous bands used to prevent. Intern       | Music                                              | rock                                               |            8.52 |            2709.89 |    0.17596787493581464
 AAAAAAAABIHDAAAA | Reports ought to know more severe, inner sales. Alone early others sweep anyway sure able groups; british, necessary year                                                                                | Music                                              | rock                                               |            0.89 |            2293.86 |     0.1489527876040237
 AAAAAAAABKBEAAAA | Free, reasonable others ought to marry days. Men could wish after a degrees. Popular                                                                                                                     | Music                                              | rock                                               |             4.6 |           10853.51 |     0.7047773490047986
 AAAAAAAABNCDAAAA | Really only properties pass suitable women. Certain schools perform there p                                                                                                                              | Music                                              | rock                                               |            4.47 |             641.86 |   0.041679455699789286
 AAAAAAAABOAEAAAA | Personally romantic minutes see hours. However loyal months assess daily things. Remains remain slow,                                                                                                    | Music                                              | rock                                               |            5.98 |  6893.030000000001 |     0.4476018734962742
 AAAAAAAABOCCAAAA | Far                                                                                                                                                                                                      | Music                                              | rock                                               |           87.52 |           13625.95 |     0.8848069351455828
 AAAAAAAACADDAAAA | Again huge contracts must remain more in a affairs. Forces teach slightly european settings. Popular, cold roles go therefore. Still c                                                                   | Music                                              | rock                                               |            3.81 |            2077.35 |    0.13489361745233738
 AAAAAAAACAJAAAAA | Asian deals must help used services. At present detailed women might want closely still technical tons. Studies sha                                                                                      | Music                                              | rock                                               |            5.72 |            7520.11 |     0.4883215835268476
 AAAAAAAACAJCAAAA | Fair main actors                                                                                                                                                                                         | Music                                              | rock                                               |            4.94 |           14061.86 |      0.913112938844357
 AAAAAAAACBDBAAAA | Excellent candidates can see necessarily actually labour deposits. Yo                                                                                                                                    | Music                                              | rock                                               |           24.81 | 2059.4300000000003 |     0.1337299745299864
 AAAAAAAACBOAAAAA | Small wages might support today large feet. Loyal cigarettes would receive best. Commercial environments would reverse jewish, local accounts. There grand da                                            | Music                                              | rock                                               |            3.61 |            8488.91 |     0.5512310290164495
 AAAAAAAACCPDAAAA | Main, low lessons shall write gastric things; often ex                                                                                                                                                   | Music                                              | rock                                               |            0.76 |             2322.3 |    0.15079955125980848
 AAAAAAAACEABAAAA | Very light eyes could not manage highly present, great laws. Various purposes wait eventually other needs. Urgently leading forces could utilise firmly above a girls. Willing remarks may il            | Music                                              | rock                                               |               1 |            1233.97 |    0.08012837371057394
 AAAAAAAACEGBAAAA | Subject sanctions could justify cruel circumstances. Future, applicable times wou                                                                                                                        | Music                                              | rock                                               |            0.88 |            8769.45 |      0.569448014810889
 AAAAAAAACGIAAAAA | Publishers may not join too. So other police correct greatly other risks. Contributions could                                                                                                            | Music                                              | rock                                               |            8.09 |            2743.88 |    0.17817503023328737
 AAAAAAAACGODAAAA | Obviously national parents take early features. Women help members. Efficient doors go in general large children; original, remote offi                                                                  | Music                                              | rock                                               |            2.56 |           17791.18 |     1.1552779401380007
 AAAAAAAACHDBAAAA | Also important centuries may see                                                                                                                                                                         | Music                                              | rock                                               |            2.08 |            5376.83 |     0.3491467731129811
 AAAAAAAACMFDAAAA | Cities need. Securities will not take especially distinct men. Very great states can drive further books. American participants may drink no doubt to a sets. Notes follo                                | Music                                              | rock                                               |            0.71 |            9942.66 |     0.6456309117378665
 AAAAAAAACMOAAAAA | Accountants beat into a lines. Problems would identify. Small girls should not ensure. Unlikely traditions go only adverse types. Now necessary arms reverse rough eyebr                                 | Music                                              | rock                                               |            8.33 |            2803.08 |    0.18201920774462554
 AAAAAAAACNDBAAAA | Old, sharp drivers could feel namely old, continuous computers. Also early options open really from a officers. Primary, limited subjects should get further for                                         | Music                                              | rock                                               |             5.2 |            6532.94 |    0.42421927417097405
 AAAAAAAACPFDAAAA | Corporate, progressive hundreds must not continue                                                                                                                                                        | Music                                              | rock                                               |            6.05 |           15326.46 |     0.9952302848044629
 AAAAAAAADBGAAAAA | Systems pay full, primary authorities. Dangerous units may not attend then rates. However specialist stages could present                                                                                | Music                                              | rock                                               |            5.14 |            2620.18 |     0.1701425174266567
 AAAAAAAADBPAAAAA | Slightly usual paintings mus                                                                                                                                                                             | Music                                              | rock                                               |            2.26 | 1710.3799999999999 |    0.11106426236220608
 AAAAAAAADCCAAAAA | Mutual technologies give human eyes; dramatic drivers shoul                                                                                                                                              | Music                                              | rock                                               |            0.11 |            6418.88 |     0.4168127389185546
 AAAAAAAADEJDAAAA | Articles might buy on the leaders. Instead sad men bring less other rights. Single studies bring so stages. Slow proteins must run                                                                       | Music                                              | rock                                               |            2.28 |            2767.98 |    0.17973997411881523
 AAAAAAAADEMDAAAA | Pa                                                                                                                                                                                                       | Music                                              | rock                                               |            0.42 |            8635.32 |     0.5607382254596087
 AAAAAAAADHADAAAA | Solar, blue facts carry indeed common banks; indeed social changes ought to take forward good social di                                                                                                  | Music                                              | rock                                               |             7.9 |            1271.52 |    0.08256669914217442
 AAAAAAAADHDDAAAA | Also true systems may not fight just minds. Only white months protect false, monthly changes; already usual artists should not break in a lines.                                                         | Music                                              | rock                                               |            7.12 |             4444.1 |    0.28857954861719626
 AAAAAAAADLMCAAAA | Final homes name only up a developments. Hard eligible interviews might not telephone. Difficult ideas should know at least shapes. Years plant very good instructions. Firms might set                  | Music                                              | rock                                               |            9.11 |            3115.71 |    0.20231997151776163
 AAAAAAAADMKDAAAA | Politically male doctors support too old, major men. Females give. Biological methods upset an                                                                                                           | Music                                              | rock                                               |           90.03 |           19548.61 |     1.2693974145256877
 AAAAAAAADNAAAAAA | Social, competitive obligations used to take so high, particular priests. General, democratic systems should recover degrees                                                                             | Music                                              | rock                                               |            5.15 | 10618.999999999998 |     0.6895493410962863
 AAAAAAAADOFDAAAA | Needs make central, clear resources. Frankly curious places would help features. Less poor months might not ensure far near a standards. Social fans would reach. Aggressive, important allies leave fo  | Music                                              | rock                                               |            4.55 |            7097.65 |     0.4608889613741461
 AAAAAAAAEAHCAAAA | Companies shall                                                                                                                                                                                          | Music                                              | rock                                               |               2 |            5338.72 |     0.3466720838400571
 AAAAAAAAEAMDAAAA | Weakly historical sheets should reach usually for the resources. Teams sign at least distinguished, weak courses; clients co                                                                             | Music                                              | rock                                               |            6.89 |            9786.11 |     0.6354652700250287
 AAAAAAAAEBOBAAAA | Subsequent, possible days must get eventually drawings. Members would not move ever. Cold, good needs                                                                                                    | Music                                              | rock                                               |            8.21 |  5355.110000000001 |    0.34773637555307796
 AAAAAAAAECACAAAA | Most blue bones test. Foundations wipe at a churches. As possible details stop. Others find great, de                                                                                                    | Music                                              | rock                                               |            5.37 |            7191.11 |     0.4669578267493094
 AAAAAAAAEDADAAAA | Fresh opportunities may say most free, certain losses. Particular computers used to retain books. Eyes might flush very for a lips. Local, content                                                       | Music                                              | rock                                               |            0.54 | 2764.2200000000003 |    0.17949581689850053
 AAAAAAAAEFJBAAAA | Items ought to reveal away in a homes. Particularly old clothes shut only failures. More different stars must leave hardly usual free advertisements. Countries find however separat                     | Music                                              | rock                                               |            3.79 |             682.16 |    0.04429635356646038
 AAAAAAAAEFLAAAAA | Rare bands turn legitimately. And so on black gifts would prevent now traditional, old views. Doubly wild consultants ought to meet ahead scientific physical companies. Mu                              | Music                                              | rock                                               |            4.95 |            5028.09 |    0.32650119092879054
 AAAAAAAAEFOAAAAA | Courses go pr                                                                                                                                                                                            | Music                                              | rock                                               |            6.52 | 5289.0199999999995 |     0.3434447929225992
 AAAAAAAAEGAEAAAA | Wonderful officers know indeed thus social rates; new, difficult words see on a prices. Upright natural organs offer for example; artificial, true items shall not read. Periods s                       | Music                                              | rock                                               |                 |            1293.17 |    0.08397255122191212
 AAAAAAAAEGNAAAAA | Minutes shall not compete often relevant examinations; above prime birds could not ride fairly in a effects. Together other comments might not see double, new changes. G                                | Music                                              | rock                                               |            4.55 |           10195.07 |     0.6620212638601108
 AAAAAAAAEHCAAAAA | German efforts can find more here natural powers. Well interior kids like to a heads. Months m                                                                                                           | Music                                              | rock                                               |            5.33 |             365.64 |   0.023742990966988058
 AAAAAAAAEHDCAAAA | Sports give of course nice, new ministers. Similarly normal persons cut in a results. Confidential, only lights compare in a aspects. Aspects will help national gen                                     | Music                                              | rock                                               |            3.38 |             740.35 |   0.048074946292554446
 AAAAAAAAEJHDAAAA | Particles shall see both holy eyes. Bright, old statements can light short                                                                                                                               | Music                                              | rock                                               |            4.72 |             9071.5 |     0.5890617617247351
 AAAAAAAAEJJDAAAA | Also available studies will not arrange seldom adjacent to a weaknesses. Rapidly senior services get occasionally perhaps immense powers                                                                 | Music                                              | rock                                               |            2.34 |            4735.78 |    0.30751991511224896
 AAAAAAAAEMDDAAAA | Alone, alo                                                                                                                                                                                               | Music                                              | rock                                               |           53.37 |                    |                       
 AAAAAAAAEOOCAAAA | Courses may not reflect so. Terms shall not use t                                                                                                                                                        | Music                                              | rock                                               |            1.46 |            5322.22 |    0.34560064922963346
 AAAAAAAAEPDEAAAA | High accidents cause international ages. Therefore recent leaders should not show curious gifts; cons                                                                                                    | Music                                              | rock                                               |           69.07 |            4190.37 |    0.27210348172611787
 AAAAAAAAEPLCAAAA | Available, british groups draw right new pains; somewhat ideal friends might fit even through the memories; days let mountains. Critical, informal parts                                                 | Music                                              | rock                                               |           13.15 |            5624.02 |    0.36519816228574603
 AAAAAAAAFDCAAAAA | Now full policies can remain almost; long-term practices gain more minutes. Reactions fly. Huge businessmen would not lead always financial, blank titles. Othe                                          | Music                                              | rock                                               |            2.57 | 15237.130000000001 |     0.9894296027590601
 AAAAAAAAFDCDAAAA | Future weeks                                                                                                                                                                                             | Music                                              | rock                                               |             1.5 | 10458.980000000001 |     0.6791583734381051
 AAAAAAAAFFGAAAAA | Children stick finally natio                                                                                                                                                                             | Music                                              | rock                                               |           29.24 |             7015.3 |     0.4555415286366681
 AAAAAAAAFGMCAAAA | Even top                                                                                                                                                                                                 | Music                                              | rock                                               |            4.95 |            1391.52 |     0.0903589508543464
 AAAAAAAAFHJBAAAA | Almost detailed kings shall overcome economically rich, great readers. Confident consultants may detect complete stories. White rights                                                                   | Music                                              | rock                                               |            4.38 |            5641.31 |    0.36632089588660816
 AAAAAAAAFHKDAAAA | Specific, new events hope unexpectedly average sources. Beliefs love then recent guns. Songs shall see also natural resources. Political fi                                                              | Music                                              | rock                                               |            2.23 |            11686.7 |     0.7588809007053368
 AAAAAAAAFIFEAAAA | Nevertheless lucky sites shall find late difficult b                                                                                                                                                     | Music                                              | rock                                               |           38.08 |            3148.76 |    0.20446608751015566
 AAAAAAAAFKABAAAA | About obvious improvements think for example visual officials. Progressive students come quite japanese, disabled points. Others must perform now though great places. Libera                            | Music                                              | rock                                               |            2.72 |            6719.95 |    0.43636284911008477
 AAAAAAAAGAABAAAA | Global, large-scale books remove children. Interested, small police feel much in a birds. Executive, realistic countries must not regret mine                                                            | Music                                              | rock                                               |            2.07 |            7941.26 |     0.5156691402650245
 AAAAAAAAGBGBAAAA | Players would get almost dangerous adults. Southern problems will calculate in order just wild vehicles. However reluctant circumstances will know. Seriously larg                                       | Music                                              | rock                                               |            2.87 |            2567.62 |     0.1667295111767254
 AAAAAAAAGCECAAAA | Eagerly proud institutions pay probably studies. Lonely, expensive degrees like already. High managers prepare for the skills. Difficult, li                                                             | Music                                              | rock                                               |            4.49 |            2982.18 |    0.19364914342504225
 AAAAAAAAGCHBAAAA | Things erect then with a police. Ob                                                                                                                                                                      | Music                                              | rock                                               |            5.05 | 3377.9700000000003 |     0.2193499376347135
 AAAAAAAAGDGCAAAA | All political parties assist offences. Only long teeth increase above for a words. Later fine observers could keep just after the prices. Various others set of course common, v                         | Music                                              | rock                                               |            1.67 |            1188.84 |    0.07719783771248791
 AAAAAAAAGGLDAAAA | Given documents would see seldom long, philosophical stories. Artificial officials might appear po                                                                                                       | Music                                              | rock                                               |            4.93 |            7426.28 |    0.48222869204223845
 AAAAAAAAGHOBAAAA | Pounds might not find committees. Ever european concentrations illustrate gently e                                                                                                                       | Music                                              | rock                                               |            0.63 |             3031.4 |    0.19684526533565144
 AAAAAAAAGJPBAAAA | Certainly political farmers want so on a potatoes. Unk                                                                                                                                                   | Music                                              | rock                                               |            9.81 |            2752.82 |    0.17875555298584417
 AAAAAAAAGKECAAAA | Political, local members can vote firstly with a years. Of course outdoor devices repeat else equal others. Ugly pictures may not agree d                                                                | Music                                              | rock                                               |            1.16 |  5866.200000000001 |     0.3809242249495279
 AAAAAAAAGMBAAAAA | Expensive, local tools might land anyway activities. Just conscious actions boil. Difficulties bring indeed actual feet. Only                                                                            | Music                                              | rock                                               |            6.72 |            3328.21 |    0.21611875059139954
 AAAAAAAAGMCCAAAA | New, new eyes should diver                                                                                                                                                                               | Music                                              | rock                                               |            0.37 |            4318.45 |     0.2804204117202428
 AAAAAAAAGMEBAAAA | Modern, national police will know so prime others. Righ                                                                                                                                                  | Music                                              | rock                                               |            4.96 |           10424.97 |     0.6769499194320137
 AAAAAAAAGNDAAAAA | Special, bad arts may not pay then firmly economic losses. Military, african gates ought to worry consciously positive others. Virtually appropriate centuries must call however there othe              | Music                                              | rock                                               |            5.21 | 2560.6800000000003 |    0.16627885928603814
 AAAAAAAAGNIBAAAA | Therefore economic researchers may relax representatives; tomorrow precise workers might take now. Years acquire therefore                                                                               | Music                                              | rock                                               |            1.62 |           14761.66 |     0.9585547534125066
 AAAAAAAAGOGCAAAA | Arms stay socia                                                                                                                                                                                          | Music                                              | rock                                               |            2.56 |           15101.25 |      0.980606176403644
 AAAAAAAAGPDBAAAA | Economic eyes say consistently early, distinct judge                                                                                                                                                     | Music                                              | rock                                               |            5.12 |           23596.56 |      1.532252792178076
 AAAAAAAAGPFDAAAA | Great applications will spend correctly. Environmental, historical materials used to play so                                                                                                             | Music                                              | rock                                               |            1.05 |              797.4 |    0.05177951262738288
 AAAAAAAAHACEAAAA | Unexpectedly great objectives choose hardly with no children.                                                                                                                                            | Music                                              | rock                                               |            4.79 |           23422.07 |     1.5209222088342687
 AAAAAAAAHAFEAAAA | Major clothes understand terribly new, advisory germans. Human years counteract for a managers; clients add ago personnel. Important, key calculations would not repeat here ho                          | Music                                              | rock                                               |            2.78 |            8608.26 |     0.5589810726985139
 AAAAAAAAHCBAAAAA | Units practise here in the pro                                                                                                                                                                           | Music                                              | rock                                               |            5.54 |            14276.1 |     0.9270247055678213
 AAAAAAAAHCKDAAAA | Leading, potential members could work heavy cattle. Feet might pay times. Capital, large reactions build so. Good, complete bishops raise in a deposits. Physical, vague keys help alone young change    | Music                                              | rock                                               |            0.77 |            6142.02 |    0.39883471550995514
 AAAAAAAAHCMBAAAA | Probably national operations build ever about social women. Actually probable requirements prevent more schemes. Yesterday deep chains back about relevant, specialist calls. Teachers seem muc          | Music                                              | rock                                               |            8.51 |            3373.52 |     0.2190609749670538
 AAAAAAAAHEBEAAAA | Usually different lines dare here offices. Secret, pol                                                                                                                                                   | Music                                              | rock                                               |            2.83 |           14570.59 |     0.9461475406238008
 AAAAAAAAHEODAAAA | Ancient, gay magazines find just free particles; sure friends would reduc                                                                                                                                | Music                                              | rock                                               |            4.66 | 5954.1900000000005 |     0.3866378935174779
 AAAAAAAAHFNDAAAA | Able poles opt really national stations. Northern, heavy m                                                                                                                                               | Music                                              | rock                                               |            8.29 |            2536.17 |      0.164687291873827
 AAAAAAAAHFPBAAAA | Then tough arms may bring quite; words sign more in a affairs. Groups find educational, religio                                                                                                          | Music                                              | rock                                               |            4.05 |            1703.79 |    0.11063633787234597
 AAAAAAAAHGMDAAAA | Formerly key definitions set internal machines. Pe                                                                                                                                                       | Music                                              | rock                                               |            8.76 |             6189.7 |    0.40193083685692477
 AAAAAAAAHHNBAAAA | Both gothic interests set separate, soviet plans. Huge, institutional pilots support very scotti                                                                                                         | Music                                              | rock                                               |            2.65 |            7473.56 |    0.48529883921683425
 AAAAAAAAHHOAAAAA | Models tell then subjects. Frequently little                                                                                                                                                             | Music                                              | rock                                               |            5.61 |  5382.700000000001 |     0.3495279440925682
 AAAAAAAAHHPCAAAA | Certainly pol                                                                                                                                                                                            | Music                                              | rock                                               |            1.66 |            4635.25 |    0.30099195624037683
 AAAAAAAAHJGDAAAA | National films must not drive; very, substantial groups should understand more relations. C                                                                                                              | Music                                              | rock                                               |            1.09 | 13388.320000000002 |     0.8693763286925544
 AAAAAAAAHKGCAAAA | Continuous women cannot form else economic players. Local dates will not know irish lives. Well-known, pale things make in relation to a pp.. Only, aware                                                | Music                                              | rock                                               |            1.89 |               3504 |    0.22753374999542214
 AAAAAAAAHKIDAAAA | Annual, pale studies might consider to a                                                                                                                                                                 | Music                                              | rock                                               |            5.79 | 3706.8999999999996 |    0.24070914893208625
 AAAAAAAAHMCBAAAA | Times cry really unable beliefs. At all educational stores will not drink maybe in a jobs. Most unaware relations could get unions. Isolated, ready months take loans. High members mi                   | Music                                              | rock                                               |            7.02 |             720.48 |   0.046784679279880635
 AAAAAAAAHMGAAAAA | Additional, additional directors will not come fairly entirely economic representatives. There social practices lead as because of a words; late interests would not ad                                  | Music                                              | rock                                               |            3.76 |               0.27 |  1.753256635238698e-05
 AAAAAAAAHNJCAAAA | However growing goods would boast of course on a players; new, moving standards might change nevertheless into a plants. British tactics must eat most g                                                 | Music                                              | rock                                               |            3.38 |           11996.02 |     0.7789667282020788
 AAAAAAAAHOLCAAAA | Other, real reasons might guarantee areas. Liter                                                                                                                                                         | Music                                              | rock                                               |            1.22 |            4391.54 |     0.2851665423672649
 AAAAAAAAIACBAAAA | Rocks may ask somewhat quite initial patterns. Personal, real talks relate very warm, interesting customs. Just                                                                                          | Music                                              | rock                                               |           66.68 |               4.27 | 0.00027727429009145334
 AAAAAAAAIACDAAAA | Best complicated changes speak really close, special units. Immediately continuous details give sensibly words. Weeks may not give both surprised                                                        | Music                                              | rock                                               |            4.81 |  6255.599999999999 |     0.4062100817555259
 AAAAAAAAIBCAAAAA | Local centuries continue wide advertisements. Active, powerful bodies get. Conditions consult previous expectations. Pages shall not                                                                     | Music                                              | rock                                               |            3.47 |            1227.59 |    0.07971408566121012
 AAAAAAAAIBGBAAAA | Precise pressures deter sound offenders. Left new words can mind other, interested sisters. Musicians discu                                                                                              | Music                                              | rock                                               |            1.25 |             193.44 |    0.01256110976002125
 AAAAAAAAIBICAAAA | Probably big differences resist. New, quiet lengths must direct originally hearts. Good variations produce then. Usually different characteristics                                                       | Music                                              | rock                                               |            1.92 |           14009.97 |     0.9097434393331519
 AAAAAAAAICBAAAAA | Big, unlikely plants dislodge fully rates. Almost free costs speed through a                                                                                                                             | Music                                              | rock                                               |           28.13 |            5429.32 |    0.35255523388274695
 AAAAAAAAICFCAAAA | Personal rooms must go sorry lives. British                                                                                                                                                              | Music                                              | rock                                               |            4.28 |            1843.06 |    0.11967989533863092
 AAAAAAAAIDGDAAAA | Professional, similar days could not discourage wide ministers. Whole schools create sometimes unhappy p                                                                                                 | Music                                              | rock                                               |            1.72 |            3669.19 |    0.23826043383153625
 AAAAAAAAIDOAAAAA | Proudly comprehensive children view how                                                                                                                                                                  | Music                                              | rock                                               |            5.09 |            4004.94 |     0.2600625047678841
 AAAAAAAAIEACAAAA | Appropriate sizes may retire still in the families. Indeed efficient purposes tell major, international parts; technologies could not exist here russian                                                 | Music                                              | rock                                               |            0.34 | 5910.9800000000005 |    0.38383203354678663
 AAAAAAAAIGBBAAAA | Users drive also small plans. Ho                                                                                                                                                                         | Music                                              | rock                                               |            1.36 |            7164.63 |    0.46523833653815677
 AAAAAAAAIGFBAAAA | Quietly civil politicians appear mo                                                                                                                                                                      | Music                                              | rock                                               |            6.78 |           11740.02 |     0.7623432578827785
 AAAAAAAAIGIBAAAA | Ashamed customs sign fresh, blue muscles. Here comparable towns would ensure. Private notes may believe various residents; further independent phenomena find national, other words. State               | Music                                              | rock                                               |            6.77 |            6065.53 |     0.3938678043977548
 AAAAAAAAIHJCAAAA | Really imaginative items could deserve very to a shapes. Weapons must not judge. Relevant, national types would use alone unacceptable, dark plants. Other services say dangerous, old liabi             | Music                                              | rock                                               |            2.17 |             1706.4 |    0.11080581934708572
 AAAAAAAAIIKCAAAA | Pa                                                                                                                                                                                                       | Music                                              | rock                                               |            3.99 | 275.79999999999995 |   0.017909191851808625
 AAAAAAAAIIMDAAAA | Definite, british characteristics embrace. Adult books behave seri                                                                                                                                       | Music                                              | rock                                               |            4.68 |  7273.069999999999 |     0.4722799346687228
 AAAAAAAAIJBEAAAA | Frequently other temperatures relate daily                                                                                                                                                               | Music                                              | rock                                               |            2.08 | 13135.630000000001 |     0.8529677946496481
 AAAAAAAAIJCBAAAA | Please clear parties promote such as the months. Possible, front residents incorporate still; difficult, wron                                                                                            | Music                                              | rock                                               |            0.43 |              18.28 |  0.0011870196774875334
 AAAAAAAAIJGCAAAA | Later high children rise best importa                                                                                                                                                                    | Music                                              | rock                                               |             3.8 |             843.54 |    0.05477563341071301
 AAAAAAAAIKOCAAAA | Concentrations offset police. Allegedly economic levels say about on a users. Obviously special chairs used to prove fields. Small, complex seasons think at least material, great children. Bl          | Music                                              | rock                                               |            2.17 |              605.4 |     0.0393119098879077
 AAAAAAAAILHAAAAA | Current, living girls turn basically remarkable votes. Operational, square officers push very common, new arms. Properties make sufficiently heavy, financial particles; worthwhile, individual          | Music                                              | rock                                               |             1.6 |             2229.4 |    0.14476704972596866
 AAAAAAAAIMKCAAAA | Equal, necessary pupils may not suggest now events; optimistic products used to fill markedly new claims. Difficult, new pas                                                                             | Music                                              | rock                                               |            1.79 |             1611.2 |    0.10462396632209593
 AAAAAAAAINACAAAA | Eventually related games sho                                                                                                                                                                             | Music                                              | rock                                               |             2.2 |            2450.36 |    0.15911518254531468
 AAAAAAAAINBDAAAA | Males could exist later daily extreme women. Happy suggestions might know somewha                                                                                                                        | Music                                              | rock                                               |           45.61 | 4450.4400000000005 |     0.2889912392493227
 AAAAAAAAIOICAAAA | Responsible, english houses used to uncover subjects. Studies will think easier still familiar odds. Advanced regions ma                                                                                 | Music                                              | rock                                               |            8.42 |           17229.59 |     1.1188108514793451
 AAAAAAAAIPOBAAAA | Very welsh things shall get. Blue farmers would show apparently for the buses. Limited groups used to close always clear talks; eyes might not                                                           | Music                                              | rock                                               |            3.26 |            1208.29 |    0.07846083184416913
 AAAAAAAAJAEDAAAA | Areas tie; entire rules know                                                                                                                                                                             | Music                                              | rock                                               |             2.5 |            2697.17 |    0.17514189625432441
 AAAAAAAAJBGAAAAA | Minutes detect away at a attacks. Enormous wages could                                                                                                                                                   | Music                                              | rock                                               |            8.46 |             634.48 |    0.04120023221949071
 AAAAAAAAJEGDAAAA | Convincing, traditional directors should not come. Women mean de                                                                                                                                         | Music                                              | rock                                               |            0.77 |              80.04 |   0.005197431892018719
 AAAAAAAAJFIDAAAA | Activities shall withdraw all                                                                                                                                                                            | Music                                              | rock                                               |             9.3 |            1994.72 |    0.12952800279419763
 AAAAAAAAJHKCAAAA | Children must not make clearly important standards. Significant numbers travel for a esta                                                                                                                | Music                                              | rock                                               |            2.98 |            8959.67 |     0.5818000324833003
 AAAAAAAAJIFAAAAA | Public weeks serve. Copies would not develop later. Only, liable matters must not double ready islands. A                                                                                                | Music                                              | rock                                               |            1.06 |            2271.48 |     0.1474995326597036
 AAAAAAAAJIJCAAAA | Goals know collections. Services worry then by a inhabitants. Big police used to impose tired                                                                                                            | Music                                              | rock                                               |            0.95 |            2633.42 |    0.17100226253223305
 AAAAAAAAJJOCAAAA | Tiny, possible heroes should jump in a resources; expected, brown indicators cannot take general w                                                                                                       | Music                                              | rock                                               |             3.2 |             5847.2 |    0.37969045176176724
 AAAAAAAAJPGBAAAA | Obvious, great sorts                                                                                                                                                                                     | Music                                              | rock                                               |            4.65 |            3401.91 |    0.22090449185129182
 AAAAAAAAKBBBAAAA | Royal hours assist examples. Difficult nations implement. Nervous professionals take similarly positive papers. At last adequate supporters make about the authorities; little, concerned birds          | Music                                              | rock                                               |            1.51 |            1236.96 |    0.08032253064906889
 AAAAAAAAKBECAAAA | Wide, inc workers w                                                                                                                                                                                      | Music                                              | rock                                               |            2.76 |           10339.07 |     0.6713719659147173
 AAAAAAAAKCEAAAAA | Front, free neighbours survive almost average hours; young p                                                                                                                                             | Music                                              | rock                                               |            6.38 |               1340 |    0.08701347745258724
 AAAAAAAAKCNBAAAA | N                                                                                                                                                                                                        | Music                                              | rock                                               |            8.95 |            2344.52 |    0.15224241653517898
 AAAAAAAAKDECAAAA | Readers manage wearily words. Hard, correct bodies say more. Usually elderly negotiations will return yet practical, inc secrets. Workers dance even conditions. Later clear groups disturb              | Music                                              | rock                                               |            0.12 |            1409.57 |    0.09153103538271895
 AAAAAAAAKDICAAAA | Kinds make vividly home deep boy                                                                                                                                                                         | Music                                              | rock                                               |           69.71 |            1056.24 |    0.06858739957053787
 AAAAAAAAKDKAAAAA | Positive members reach there profitable, universal boys; strong, beautiful eyes bring contemporary, available costs. Aspirations will not come even chapters. Official, compl                            | Music                                              | rock                                               |            1.75 |           11737.91 |     0.7622062441235061
 AAAAAAAAKDNDAAAA | Junior, fresh places enjoy to a years. Increasingly common ar                                                                                                                                            | Music                                              | rock                                               |             0.1 |            6479.27 |    0.42073418959270514
 AAAAAAAAKFHDAAAA | Concepts must travel away frequently to                                                                                                                                                                  | Music                                              | rock                                               |            1.79 |            8841.73 |     0.5741415477588538
 AAAAAAAAKGJBAAAA | Significant, northern claims woul                                                                                                                                                                        | Music                                              | rock                                               |            7.53 |            1520.32 |    0.09872263435874434
 AAAAAAAAKGNAAAAA | Late, accurate strangers                                                                                                                                                                                 | Music                                              | rock                                               |            2.83 |            2277.29 |    0.14787680751343463
 AAAAAAAAKJGAAAAA | Hitherto ultimate students could not get attractive materials. Anima                                                                                                                                     | Music                                              | rock                                               |           14.96 |            8032.23 |     0.5215763164171603
 AAAAAAAAKJMAAAAA | Waste, economic workers bind later for a ways. Successfully other needs could not issue on                                                                                                               | Music                                              | rock                                               |           19.31 |             211.52 |    0.01373514235132183
 AAAAAAAAKKMDAAAA | Unable,                                                                                                                                                                                                  | Music                                              | rock                                               |            1.14 |            6132.34 |    0.39820614053850656
 AAAAAAAAKLBBAAAA | Available, quiet parties fancy from time to time early, wide objects. Others shall                                                                                                                       | Music                                              | rock                                               |            0.31 |            8978.14 |     0.5829993898926653
 AAAAAAAAKMBCAAAA | Occasionally cultural studies ought to tell. Studies happen much off a directors. New trees incorporate only far associations. Independent, accessible dollars shall not wait directors. Public, happy   | Music                                              | rock                                               |            4.35 | 1824.6799999999998 |    0.11848638211804989
 AAAAAAAAKMECAAAA | Legs should not become well. Systems soften moreover questions; tiny, available scholars must see organiza                                                                                               | Music                                              | rock                                               |            0.54 | 2497.4500000000003 |    0.16217299198803284
 AAAAAAAAKNBCAAAA | Jewish, inc rights could see more so southern limits. Always formal ways can fear for the shares; sources retaliate                                                                                      | Music                                              | rock                                               |            3.32 |            9732.62 |     0.6319918738243281
 AAAAAAAAKOEDAAAA | Particular, warm neighbours build now in a industries. Pregnant, rich sources must not go                                                                                                                | Music                                              | rock                                               |            9.35 |            14871.6 |     0.9656937546894748
 AAAAAAAALAIAAAAA | Foreign, good years will no at first. Away serious effects may clear. Inherent notes happen soon; urgently basic photographs giv                                                                         | Music                                              | rock                                               |            5.92 |            7125.01 |    0.46266559476452135
 AAAAAAAALAMCAAAA | Occasionally due dimensions come dramatic, grey details. Blue, small products may not smash on a categories. Hardly whole depths cannot reduce very st                                                   | Music                                              | rock                                               |            7.49 |  8096.959999999999 |     0.5257795868615677
 AAAAAAAALBBAAAAA | Rights must follow classical, open problems. Physically reluctant months raise powers. After                                                                                                             | Music                                              | rock                                               |             1.2 |           13373.38 |     0.8684061933543888
 AAAAAAAALDACAAAA | Male, important authorities might finish top, wh                                                                                                                                                         | Music                                              | rock                                               |            8.17 |           20502.02 |     1.3313075037332034
 AAAAAAAALEBDAAAA | Real words learn capita                                                                                                                                                                                  | Music                                              | rock                                               |            0.43 |            1247.46 |    0.08100435267388394
 AAAAAAAALFDDAAAA | Fairly wet laws may survive to the eyes. Financial categories require significant circumstances. Ministers                                                                                               | Music                                              | rock                                               |            6.43 | 12823.750000000002 |     0.8327157324497133
 AAAAAAAALGOAAAAA | Personal authorities reduce                                                                                                                                                                              | Music                                              | rock                                               |            0.78 |            1420.26 |     0.0922251951394116
 AAAAAAAALIJDAAAA | Quickly public women play. Degrees may sell even immediate, new speeches. Other children might teach eastern r                                                                                           | Music                                              | rock                                               |            9.87 |           11510.01 |     0.7474074594134729
 AAAAAAAALNLCAAAA | Hot universities might receive anxious, short                                                                                                                                                            | Music                                              | rock                                               |           26.85 |            3390.82 |    0.22018435792222527
 AAAAAAAALPACAAAA | Major, regional songs assume. Useful, still consequences co-operate very domestic shares; satisfied hands take narrow keys. Additional, s                                                                | Music                                              | rock                                               |            2.14 |             4526.5 |      0.293930228126221
 AAAAAAAALPLAAAAA | British points go ready effects. Political waters help only firms; international benefits might make more indian women. Good, rigid universities mean solu                                               | Music                                              | rock                                               |            3.59 |            3690.73 |    0.23965914301387112
 AAAAAAAAMAKDAAAA | Good, obvious operations pull too concerned women. Federal, political members could borrow over in a children. Top, clear towns could make also also complete masses; only vital oper                    | Music                                              | rock                                               |            7.41 | 16285.939999999999 |     1.0575345320777525
 AAAAAAAAMDDCAAAA | Short-term, separate games escape. Patient, known stories enter actually. Employees date in particular. Drugs                                                                                            | Music                                              | rock                                               |            6.98 |           17251.44 |     1.1202296906452696
 AAAAAAAAMFMAAAAA | Often extra forces take then to a recommendations; as selective women apply from a purposes. True, insufficient women pull                                                                               | Music                                              | rock                                               |            9.73 |           12968.68 |     0.8421268244550888
 AAAAAAAAMIKBAAAA | Territorial, modern victims used to disturb probably particular details. Bold, legal scores see details; standards contemplate long old, hot roots. Officials shall not handle accor                     | Music                                              | rock                                               |             1.8 |              257.4 |   0.016714379922608918
 AAAAAAAAMKPDAAAA | Efforts must not classify; then political systems defend. Very sorry others promote commercial crowds; policies can happen over to a investors. About small pat                                          | Music                                              | rock                                               |            7.95 |           10613.64 |     0.6892012871864761
 AAAAAAAAMLCAAAAA | Necessary, free minutes can come less; future, g                                                                                                                                                         | Music                                              | rock                                               |            3.32 |  9174.390000000001 |     0.5957429682136134
 AAAAAAAAMMIAAAAA | Legal spaces shall not ascertain small attacks. Ever far workers would look abroad authorities; fundamental relationships would identify                                                                 | Music                                              | rock                                               |            0.48 |            4571.21 |    0.29683349124331443
 AAAAAAAAMNJAAAAA | British, cert                                                                                                                                                                                            | Music                                              | rock                                               |            6.65 | 16386.030000000002 |     1.0640339193600137
 AAAAAAAAMNMDAAAA | Able points would not get. Military cuts try                                                                                                                                                             | Music                                              | rock                                               |            4.62 |            3666.42 |    0.23808056268784694
 AAAAAAAANIEAAAAA | Whole buildings will materialise long behind a                                                                                                                                                           | Music                                              | rock                                               |            3.52 |            7180.33 |     0.4662578228038326
 AAAAAAAANJGDAAAA | Here systematic hundreds ought to cost in particular supplies. Av                                                                                                                                        | Music                                              | rock                                               |            6.55 |           29803.01 |      1.935271297503158
 AAAAAAAANKBEAAAA | Now intense rights could not change again. Changes try courts. Common, constant lives should adopt british, early things. Never                                                                          | Music                                              | rock                                               |            0.42 | 1737.4499999999998 |     0.1128220644776102
 AAAAAAAANKLAAAAA | Religious positions must make as more low communities. N                                                                                                                                                 | Music                                              | rock                                               |                 | 7013.8099999999995 |     0.4554447748445753
 AAAAAAAANKLDAAAA | Flat institutions build immediately fresh years. Soon different friends can arrive                                                                                                                       | Music                                              | rock                                               |           53.18 |            4518.22 |     0.2933925627580811
 AAAAAAAANLLCAAAA | Fine urban                                                                                                                                                                                               | Music                                              | rock                                               |            8.83 |  9468.220000000001 |     0.6148229458851758
 AAAAAAAANMAAAAAA | Public lists cannot come however dependent houses. Always poor projects stay also european businessmen. Also eastern shoulders may contain effectively premier, beautiful officers. Therefore impor      | Music                                              | rock                                               |            3.17 |            9405.32 |      0.610738507279379
 AAAAAAAANMADAAAA | Formal objecti                                                                                                                                                                                           | Music                                              | rock                                               |            4.79 |            9930.96 |     0.6448711671959296
 AAAAAAAANOFCAAAA | Applications will ignore just often smooth studies. Women put there established owners. European, fresh miners choose always more good sources. Only complex laws prepa                                  | Music                                              | rock                                               |            6.18 |  670.7900000000001 |    0.04355803771673209
 AAAAAAAANOJBAAAA | Lea                                                                                                                                                                                                      | Music                                              | rock                                               |            9.55 |             871.68 |    0.05660291643721734
 AAAAAAAANPCBAAAA | Then other faces must not get somewhere overseas economic mountains. Popular numbers ought to see as dramatic affairs. Conditions define besides. Elderly, following courses                             | Music                                              | rock                                               |            1.41 | 3529.5299999999997 |    0.22919155154718673
 AAAAAAAANPECAAAA | New families could not believe women; rich preparations find so                                                                                                                                          | Music                                              | rock                                               |            4.21 |            2048.46 |      0.133017632852632
 AAAAAAAAOBFCAAAA | Western,                                                                                                                                                                                                 | Music                                              | rock                                               |             2.3 |            1502.67 |    0.09757652400274572
 AAAAAAAAOBNDAAAA | Financial offences will lose above over the increases. Temporary, main cells might bury. Records exert industrial efforts; anything but previous seeds would manufacture even under the                  | Music                                              | rock                                               |            3.11 |            5775.75 |    0.37505081522147815
 AAAAAAAAOBPCAAAA | Cases could get. Just, deep incentives shall invoke. Especially swiss entries make always. Permanent, isolated charges might find both so confident time                                                 | Music                                              | rock                                               |            2.72 |  6432.150000000001 |    0.41767443208705896
 AAAAAAAAOCIBAAAA | Best static months identify popular, main years; present, european categories own then so complex friends. Even moral budgets extend                                                                     | Music                                              | rock                                               |            1.15 |           17976.62 |     1.1673195664505438
 AAAAAAAAOEKAAAAA | Others can clear also relations. Ago working women get perhaps military connections. Left, conscious questions read; young, special effects could not tell ahe                                           | Music                                              | rock                                               |            5.42 |            5062.43 |     0.3287310736270905
 AAAAAAAAOENDAAAA | Primitive, modern fans ought to improve on the firms. Levels observe quite now local decisions. Enou                                                                                                     | Music                                              | rock                                               |            2.03 |            3224.35 |    0.20937455673451466
 AAAAAAAAOGHBAAAA | Implications see also between a areas. Very young facilities go conventions. Years want especially natural feelings. Economies could not worry double forests. Walls slow simply direct mild woo         | Music                                              | rock                                               |            3.21 | 2956.1499999999996 |    0.19195887415781024
 AAAAAAAAOGJCAAAA | Days go interestingly steps. Full advisers would not see mainly available, mere fields. Mostly new pockets exercise central d                                                                            | Music                                              | rock                                               |            0.99 |           13861.23 |     0.9000849433359147
 AAAAAAAAOHABAAAA | Positive boys would share just rich games; busy, right buildings could make patients. Patient,                                                                                                           | Music                                              | rock                                               |            3.22 |             774.88 |    0.05031716672273194
 AAAAAAAAOHDEAAAA | Strategic, british things inclu                                                                                                                                                                          | Music                                              | rock                                               |            1.41 |           10292.81 |     0.6683680528796749
 AAAAAAAAOJECAAAA | Special animals matter only horses. Commercial, necessary sch                                                                                                                                            | Music                                              | rock                                               |            4.82 |           10418.48 |      0.676528488485247
 AAAAAAAAOLGAAAAA | Good, different origin                                                                                                                                                                                   | Music                                              | rock                                               |            2.79 |           19055.75 |     1.2373933380351785
 AAAAAAAAOLHCAAAA | Responsible orig                                                                                                                                                                                         | Music                                              | rock                                               |            2.67 |            6944.71 |     0.4509577365669829
 AAAAAAAAOLLBAAAA | Chief plans will know now subsequent, common children. Daughters of                                                                                                                                      | Music                                              | rock                                               |            1.25 |                106 |   0.006883155679085259
 AAAAAAAAOLNDAAAA | Times play services. Leaders join yet old students. More main books get in a photographs; much general centres                                                                                           | Music                                              | rock                                               |           60.16 | 15011.009999999998 |     0.9747464031160905
 AAAAAAAAOOPDAAAA | Dramatic parents damage conventional, important police. Surely posi                                                                                                                                      | Music                                              | rock                                               |            5.79 | 12251.949999999999 |     0.7955856530412135
 AAAAAAAAOPACAAAA | Able groups understand for a groups; ago due departments see yet concerned residents. Indeed large classes would think in the hearts. Subjects will accomplish more positive complain                    | Music                                              | rock                                               |            9.78 |           12291.66 |     0.7981642390036332
 AAAAAAAAOPCAAAAA | Clever, likely complaints shall go then; social materials u                                                                                                                                              | Music                                              | rock                                               |            2.47 | 20958.010000000002 |     1.3609174108851478
 AAAAAAAAOPCEAAAA | Likely recommendations make yesterday different, supreme changes. Public circumstances develop personally. Letters would think black, great levels. Forward prepar                                       | Music                                              | rock                                               |            6.93 |            16844.2 |     1.0937853857513955
 AAAAAAAAOPOBAAAA | Earlier private police ought to go transactions. Japanese companies cannot trigger forward happy owners; en route old ideas position commercial                                                          | Music                                              | rock                                               |            0.44 |           25860.57 |     1.6792672571686968
 AAAAAAAAPAICAAAA | Bad, dramatic hands ought to create also in a supporters. Labou                                                                                                                                          | Music                                              | rock                                               |            3.18 |             855.19 |    0.05553213118110304
 AAAAAAAAPALCAAAA | Interesting systems come then letters. Due, essential effects dry new, co                                                                                                                                | Music                                              | rock                                               |           13.23 |  6966.929999999999 |    0.45240060184235337
 AAAAAAAAPAPBAAAA | Secondly necessary sides know then good problems. Foods induce also with                                                                                                                                 | Music                                              | rock                                               |            4.38 |             4573.7 |      0.296995180466342
 AAAAAAAAPCEBAAAA | Modern forces ride activ                                                                                                                                                                                 | Music                                              | rock                                               |            5.07 |            5348.45 |     0.3473039055830524
 AAAAAAAAPDHDAAAA | United, internal magistrates would blame too coun                                                                                                                                                        | Music                                              | rock                                               |            9.15 |            3150.72 |     0.2045933609547878
 AAAAAAAAPGPBAAAA | Small, slow services must not please better after a words; troubles w                                                                                                                                    | Music                                              | rock                                               |            6.42 |            1590.15 |     0.1032570755009191
 AAAAAAAAPJKDAAAA | Contacts may keep into the wings. Extensive nurses                                                                                                                                                       | Music                                              | rock                                               |            9.47 |            10363.5 |     0.6729583384924536
 AAAAAAAAPOIAAAAA | Silently long employers enter for a issues. Soon smart                                                                                                                                                   | Music                                              | rock                                               |            16.8 |            7791.89 |     0.5059697349462985
 AAAAAAAAPPLCAAAA | Ethnic recommendations shall rent now consistent boots. Countries                                                                                                                                        | Music                                              | rock                                               |            2.94 | 1653.3200000000002 |    0.10735904667306832
 AAAAAAAAKDCEAAAA | Round, inc supporters see really in a coins. Heavy, inner problems will not happen in response to the r                                                                                                  | Music                                              |                                                    |                 |             572.96 |     6.0744398774001285
(2555 rows)

UPDATE time_statistics SET e_time = TRANSACTION_TIMESTAMP() WHERE template = '../query_postgresql/query98.tpl' AND stream = 5;
psql:/tmp/s1-basline/throughput/query_5.sql:520: NOTICE:  duration: 0.085 ms  plan:
Query Text: UPDATE time_statistics SET e_time = TRANSACTION_TIMESTAMP() WHERE template = '../query_postgresql/query98.tpl' AND stream = 5;
Update on time_statistics  (cost=0.00..15.87 rows=0 width=0) (actual time=0.084..0.084 rows=0 loops=1)
  ->  Seq Scan on time_statistics  (cost=0.00..15.87 rows=1 width=14) (actual time=0.044..0.069 rows=1 loops=1)
        Filter: ((template = '../query_postgresql/query98.tpl'::text) AND (stream = 5))
        Rows Removed by Filter: 557
UPDATE 1
LOAD 'auto_explain'; SET auto_explain.log_min_duration TO 0; SET auto_explain.log_analyze TO on; SET auto_explain.log_level TO notice; INSERT INTO time_statistics (template, s_time, stream, query, seed) VALUES ('query88.tpl', TRANSACTION_TIMESTAMP(), 5, 7, 1494428210);
LOAD
SET
SET
SET
psql:/tmp/s1-basline/throughput/query_5.sql:521: NOTICE:  duration: 0.009 ms  plan:
Query Text: INSERT INTO time_statistics (template, s_time, stream, query, seed) VALUES ('query88.tpl', TRANSACTION_TIMESTAMP(), 5, 7, 1494428210);
Insert on time_statistics  (cost=0.00..0.01 rows=0 width=0) (actual time=0.008..0.008 rows=0 loops=1)
  ->  Result  (cost=0.00..0.01 rows=1 width=64) (actual time=0.001..0.002 rows=1 loops=1)
INSERT 0 1
select  *
from
 (select count(*) h8_30_to_9
 from store_sales, household_demographics , time_dim, store
 where ss_sold_time_sk = time_dim.t_time_sk   
     and ss_hdemo_sk = household_demographics.hd_demo_sk 
     and ss_store_sk = s_store_sk
     and time_dim.t_hour = 8
     and time_dim.t_minute >= 30
     and ((household_demographics.hd_dep_count = 3 and household_demographics.hd_vehicle_count<=3+2) or
          (household_demographics.hd_dep_count = 4 and household_demographics.hd_vehicle_count<=4+2) or
          (household_demographics.hd_dep_count = 2 and household_demographics.hd_vehicle_count<=2+2)) 
     and store.s_store_name = 'ese') s1,
 (select count(*) h9_to_9_30 
 from store_sales, household_demographics , time_dim, store
 where ss_sold_time_sk = time_dim.t_time_sk
     and ss_hdemo_sk = household_demographics.hd_demo_sk
     and ss_store_sk = s_store_sk 
     and time_dim.t_hour = 9 
     and time_dim.t_minute < 30
     and ((household_demographics.hd_dep_count = 3 and household_demographics.hd_vehicle_count<=3+2) or
          (household_demographics.hd_dep_count = 4 and household_demographics.hd_vehicle_count<=4+2) or
          (household_demographics.hd_dep_count = 2 and household_demographics.hd_vehicle_count<=2+2))
     and store.s_store_name = 'ese') s2,
 (select count(*) h9_30_to_10 
 from store_sales, household_demographics , time_dim, store
 where ss_sold_time_sk = time_dim.t_time_sk
     and ss_hdemo_sk = household_demographics.hd_demo_sk
     and ss_store_sk = s_store_sk
     and time_dim.t_hour = 9
     and time_dim.t_minute >= 30
     and ((household_demographics.hd_dep_count = 3 and household_demographics.hd_vehicle_count<=3+2) or
          (household_demographics.hd_dep_count = 4 and household_demographics.hd_vehicle_count<=4+2) or
          (household_demographics.hd_dep_count = 2 and household_demographics.hd_vehicle_count<=2+2))
     and store.s_store_name = 'ese') s3,
 (select count(*) h10_to_10_30
 from store_sales, household_demographics , time_dim, store
 where ss_sold_time_sk = time_dim.t_time_sk
     and ss_hdemo_sk = household_demographics.hd_demo_sk
     and ss_store_sk = s_store_sk
     and time_dim.t_hour = 10 
     and time_dim.t_minute < 30
     and ((household_demographics.hd_dep_count = 3 and household_demographics.hd_vehicle_count<=3+2) or
          (household_demographics.hd_dep_count = 4 and household_demographics.hd_vehicle_count<=4+2) or
          (household_demographics.hd_dep_count = 2 and household_demographics.hd_vehicle_count<=2+2))
     and store.s_store_name = 'ese') s4,
 (select count(*) h10_30_to_11
 from store_sales, household_demographics , time_dim, store
 where ss_sold_time_sk = time_dim.t_time_sk
     and ss_hdemo_sk = household_demographics.hd_demo_sk
     and ss_store_sk = s_store_sk
     and time_dim.t_hour = 10 
     and time_dim.t_minute >= 30
     and ((household_demographics.hd_dep_count = 3 and household_demographics.hd_vehicle_count<=3+2) or
          (household_demographics.hd_dep_count = 4 and household_demographics.hd_vehicle_count<=4+2) or
          (household_demographics.hd_dep_count = 2 and household_demographics.hd_vehicle_count<=2+2))
     and store.s_store_name = 'ese') s5,
 (select count(*) h11_to_11_30
 from store_sales, household_demographics , time_dim, store
 where ss_sold_time_sk = time_dim.t_time_sk
     and ss_hdemo_sk = household_demographics.hd_demo_sk
     and ss_store_sk = s_store_sk 
     and time_dim.t_hour = 11
     and time_dim.t_minute < 30
     and ((household_demographics.hd_dep_count = 3 and household_demographics.hd_vehicle_count<=3+2) or
          (household_demographics.hd_dep_count = 4 and household_demographics.hd_vehicle_count<=4+2) or
          (household_demographics.hd_dep_count = 2 and household_demographics.hd_vehicle_count<=2+2))
     and store.s_store_name = 'ese') s6,
 (select count(*) h11_30_to_12
 from store_sales, household_demographics , time_dim, store
 where ss_sold_time_sk = time_dim.t_time_sk
     and ss_hdemo_sk = household_demographics.hd_demo_sk
     and ss_store_sk = s_store_sk
     and time_dim.t_hour = 11
     and time_dim.t_minute >= 30
     and ((household_demographics.hd_dep_count = 3 and household_demographics.hd_vehicle_count<=3+2) or
          (household_demographics.hd_dep_count = 4 and household_demographics.hd_vehicle_count<=4+2) or
          (household_demographics.hd_dep_count = 2 and household_demographics.hd_vehicle_count<=2+2))
     and store.s_store_name = 'ese') s7,
 (select count(*) h12_to_12_30
 from store_sales, household_demographics , time_dim, store
 where ss_sold_time_sk = time_dim.t_time_sk
     and ss_hdemo_sk = household_demographics.hd_demo_sk
     and ss_store_sk = s_store_sk
     and time_dim.t_hour = 12
     and time_dim.t_minute < 30
     and ((household_demographics.hd_dep_count = 3 and household_demographics.hd_vehicle_count<=3+2) or
          (household_demographics.hd_dep_count = 4 and household_demographics.hd_vehicle_count<=4+2) or
          (household_demographics.hd_dep_count = 2 and household_demographics.hd_vehicle_count<=2+2))
     and store.s_store_name = 'ese') s8
;
psql:/tmp/s1-basline/throughput/query_5.sql:612: NOTICE:  duration: 2100.312 ms  plan:
Query Text: select  *
from
 (select count(*) h8_30_to_9
 from store_sales, household_demographics , time_dim, store
 where ss_sold_time_sk = time_dim.t_time_sk   
     and ss_hdemo_sk = household_demographics.hd_demo_sk 
     and ss_store_sk = s_store_sk
     and time_dim.t_hour = 8
     and time_dim.t_minute >= 30
     and ((household_demographics.hd_dep_count = 3 and household_demographics.hd_vehicle_count<=3+2) or
          (household_demographics.hd_dep_count = 4 and household_demographics.hd_vehicle_count<=4+2) or
          (household_demographics.hd_dep_count = 2 and household_demographics.hd_vehicle_count<=2+2)) 
     and store.s_store_name = 'ese') s1,
 (select count(*) h9_to_9_30 
 from store_sales, household_demographics , time_dim, store
 where ss_sold_time_sk = time_dim.t_time_sk
     and ss_hdemo_sk = household_demographics.hd_demo_sk
     and ss_store_sk = s_store_sk 
     and time_dim.t_hour = 9 
     and time_dim.t_minute < 30
     and ((household_demographics.hd_dep_count = 3 and household_demographics.hd_vehicle_count<=3+2) or
          (household_demographics.hd_dep_count = 4 and household_demographics.hd_vehicle_count<=4+2) or
          (household_demographics.hd_dep_count = 2 and household_demographics.hd_vehicle_count<=2+2))
     and store.s_store_name = 'ese') s2,
 (select count(*) h9_30_to_10 
 from store_sales, household_demographics , time_dim, store
 where ss_sold_time_sk = time_dim.t_time_sk
     and ss_hdemo_sk = household_demographics.hd_demo_sk
     and ss_store_sk = s_store_sk
     and time_dim.t_hour = 9
     and time_dim.t_minute >= 30
     and ((household_demographics.hd_dep_count = 3 and household_demographics.hd_vehicle_count<=3+2) or
          (household_demographics.hd_dep_count = 4 and household_demographics.hd_vehicle_count<=4+2) or
          (household_demographics.hd_dep_count = 2 and household_demographics.hd_vehicle_count<=2+2))
     and store.s_store_name = 'ese') s3,
 (select count(*) h10_to_10_30
 from store_sales, household_demographics , time_dim, store
 where ss_sold_time_sk = time_dim.t_time_sk
     and ss_hdemo_sk = household_demographics.hd_demo_sk
     and ss_store_sk = s_store_sk
     and time_dim.t_hour = 10 
     and time_dim.t_minute < 30
     and ((household_demographics.hd_dep_count = 3 and household_demographics.hd_vehicle_count<=3+2) or
          (household_demographics.hd_dep_count = 4 and household_demographics.hd_vehicle_count<=4+2) or
          (household_demographics.hd_dep_count = 2 and household_demographics.hd_vehicle_count<=2+2))
     and store.s_store_name = 'ese') s4,
 (select count(*) h10_30_to_11
 from store_sales, household_demographics , time_dim, store
 where ss_sold_time_sk = time_dim.t_time_sk
     and ss_hdemo_sk = household_demographics.hd_demo_sk
     and ss_store_sk = s_store_sk
     and time_dim.t_hour = 10 
     and time_dim.t_minute >= 30
     and ((household_demographics.hd_dep_count = 3 and household_demographics.hd_vehicle_count<=3+2) or
          (household_demographics.hd_dep_count = 4 and household_demographics.hd_vehicle_count<=4+2) or
          (household_demographics.hd_dep_count = 2 and household_demographics.hd_vehicle_count<=2+2))
     and store.s_store_name = 'ese') s5,
 (select count(*) h11_to_11_30
 from store_sales, household_demographics , time_dim, store
 where ss_sold_time_sk = time_dim.t_time_sk
     and ss_hdemo_sk = household_demographics.hd_demo_sk
     and ss_store_sk = s_store_sk 
     and time_dim.t_hour = 11
     and time_dim.t_minute < 30
     and ((household_demographics.hd_dep_count = 3 and household_demographics.hd_vehicle_count<=3+2) or
          (household_demographics.hd_dep_count = 4 and household_demographics.hd_vehicle_count<=4+2) or
          (household_demographics.hd_dep_count = 2 and household_demographics.hd_vehicle_count<=2+2))
     and store.s_store_name = 'ese') s6,
 (select count(*) h11_30_to_12
 from store_sales, household_demographics , time_dim, store
 where ss_sold_time_sk = time_dim.t_time_sk
     and ss_hdemo_sk = household_demographics.hd_demo_sk
     and ss_store_sk = s_store_sk
     and time_dim.t_hour = 11
     and time_dim.t_minute >= 30
     and ((household_demographics.hd_dep_count = 3 and household_demographics.hd_vehicle_count<=3+2) or
          (household_demographics.hd_dep_count = 4 and household_demographics.hd_vehicle_count<=4+2) or
          (household_demographics.hd_dep_count = 2 and household_demographics.hd_vehicle_count<=2+2))
     and store.s_store_name = 'ese') s7,
 (select count(*) h12_to_12_30
 from store_sales, household_demographics , time_dim, store
 where ss_sold_time_sk = time_dim.t_time_sk
     and ss_hdemo_sk = household_demographics.hd_demo_sk
     and ss_store_sk = s_store_sk
     and time_dim.t_hour = 12
     and time_dim.t_minute < 30
     and ((household_demographics.hd_dep_count = 3 and household_demographics.hd_vehicle_count<=3+2) or
          (household_demographics.hd_dep_count = 4 and household_demographics.hd_vehicle_count<=4+2) or
          (household_demographics.hd_dep_count = 2 and household_demographics.hd_vehicle_count<=2+2))
     and store.s_store_name = 'ese') s8
;
Nested Loop  (cost=742234.38..742234.61 rows=1 width=64) (actual time=2026.879..2100.304 rows=1 loops=1)
  ->  Nested Loop  (cost=649452.19..649452.39 rows=1 width=56) (actual time=1772.724..1773.340 rows=1 loops=1)
        ->  Nested Loop  (cost=556671.19..556671.36 rows=1 width=48) (actual time=1521.542..1522.073 rows=1 loops=1)
              ->  Nested Loop  (cost=463889.13..463889.27 rows=1 width=40) (actual time=1268.899..1269.351 rows=1 loops=1)
                    ->  Nested Loop  (cost=371111.03..371111.14 rows=1 width=32) (actual time=1010.746..1011.123 rows=1 loops=1)
                          ->  Nested Loop  (cost=278331.91..278331.99 rows=1 width=24) (actual time=751.762..752.060 rows=1 loops=1)
                                ->  Nested Loop  (cost=185555.07..185555.12 rows=1 width=16) (actual time=499.740..499.958 rows=1 loops=1)
                                      ->  Finalize Aggregate  (cost=92777.14..92777.15 rows=1 width=8) (actual time=245.155..245.293 rows=1 loops=1)
                                            ->  Gather  (cost=92776.93..92777.14 rows=2 width=8) (actual time=245.015..245.288 rows=3 loops=1)
                                                  Workers Planned: 2
                                                  Workers Launched: 2
                                                  ->  Partial Aggregate  (cost=91776.93..91776.94 rows=1 width=8) (actual time=240.757..240.762 rows=1 loops=3)
                                                        ->  Hash Join  (cost=3030.80..91775.71 rows=486 width=0) (actual time=14.219..240.713 rows=817 loops=3)
                                                              Hash Cond: (store_sales.ss_store_sk = store.s_store_sk)
                                                              ->  Hash Join  (cost=3029.64..91753.08 rows=6117 width=8) (actual time=14.044..240.151 rows=5187 loops=3)
                                                                    Hash Cond: (store_sales.ss_hdemo_sk = household_demographics.hd_demo_sk)
                                                                    ->  Hash Join  (cost=2765.25..91426.51 rows=23678 width=16) (actual time=12.330..236.932 rows=17681 loops=3)
                                                                          Hash Cond: (store_sales.ss_sold_time_sk = time_dim.t_time_sk)
                                                                          ->  Parallel Seq Scan on store_sales  (cost=0.00..85499.45 rows=1204445 width=24) (actual time=0.014..121.097 rows=948150 loops=3)
                                                                          ->  Hash  (cost=2743.00..2743.00 rows=1780 width=8) (actual time=12.154..12.155 rows=1800 loops=3)
                                                                                Buckets: 2048  Batches: 1  Memory Usage: 87kB
                                                                                ->  Seq Scan on time_dim  (cost=0.00..2743.00 rows=1780 width=8) (actual time=4.421..11.941 rows=1800 loops=3)
                                                                                      Filter: ((t_minute >= 30) AND (t_hour = 8))
                                                                                      Rows Removed by Filter: 84600
                                                                    ->  Hash  (cost=240.00..240.00 rows=1951 width=8) (actual time=1.450..1.451 rows=2160 loops=3)
                                                                          Buckets: 4096 (originally 2048)  Batches: 1 (originally 1)  Memory Usage: 117kB
                                                                          ->  Seq Scan on household_demographics  (cost=0.00..240.00 rows=1951 width=8) (actual time=0.054..1.170 rows=2160 loops=3)
                                                                                Filter: (((hd_dep_count = 3) AND (hd_vehicle_count <= 5)) OR ((hd_dep_count = 4) AND (hd_vehicle_count <= 6)) OR ((hd_dep_count = 2) AND (hd_vehicle_count <= 4)))
                                                                                Rows Removed by Filter: 5040
                                                              ->  Hash  (cost=1.15..1.15 rows=1 width=8) (actual time=0.029..0.029 rows=1 loops=3)
                                                                    Buckets: 1024  Batches: 1  Memory Usage: 9kB
                                                                    ->  Seq Scan on store  (cost=0.00..1.15 rows=1 width=8) (actual time=0.024..0.025 rows=1 loops=3)
                                                                          Filter: ((s_store_name)::text = 'ese'::text)
                                                                          Rows Removed by Filter: 11
                                      ->  Finalize Aggregate  (cost=92777.92..92777.93 rows=1 width=8) (actual time=254.581..254.661 rows=1 loops=1)
                                            ->  Gather  (cost=92777.71..92777.92 rows=2 width=8) (actual time=254.433..254.657 rows=3 loops=1)
                                                  Workers Planned: 2
                                                  Workers Launched: 2
                                                  ->  Partial Aggregate  (cost=91777.71..91777.72 rows=1 width=8) (actual time=249.906..249.910 rows=1 loops=3)
                                                        ->  Hash Join  (cost=3030.96..91776.48 rows=490 width=0) (actual time=16.258..249.816 rows=1770 loops=3)
                                                              Hash Cond: (store_sales_1.ss_store_sk = store_1.s_store_sk)
                                                              ->  Hash Join  (cost=3029.80..91753.70 rows=6161 width=8) (actual time=14.575..248.852 rows=10418 loops=3)
                                                                    Hash Cond: (store_sales_1.ss_hdemo_sk = household_demographics_1.hd_demo_sk)
                                                                    ->  Hash Join  (cost=2765.41..91426.67 rows=23850 width=16) (actual time=12.537..243.971 rows=36133 loops=3)
                                                                          Hash Cond: (store_sales_1.ss_sold_time_sk = time_dim_1.t_time_sk)
                                                                          ->  Parallel Seq Scan on store_sales store_sales_1  (cost=0.00..85499.45 rows=1204445 width=24) (actual time=0.013..124.689 rows=948150 loops=3)
                                                                          ->  Hash  (cost=2743.00..2743.00 rows=1793 width=8) (actual time=12.420..12.421 rows=1800 loops=3)
                                                                                Buckets: 2048  Batches: 1  Memory Usage: 87kB
                                                                                ->  Seq Scan on time_dim time_dim_1  (cost=0.00..2743.00 rows=1793 width=8) (actual time=4.850..12.205 rows=1800 loops=3)
                                                                                      Filter: ((t_minute < 30) AND (t_hour = 9))
                                                                                      Rows Removed by Filter: 84600
                                                                    ->  Hash  (cost=240.00..240.00 rows=1951 width=8) (actual time=1.472..1.473 rows=2160 loops=3)
                                                                          Buckets: 4096 (originally 2048)  Batches: 1 (originally 1)  Memory Usage: 117kB
                                                                          ->  Seq Scan on household_demographics household_demographics_1  (cost=0.00..240.00 rows=1951 width=8) (actual time=0.053..1.201 rows=2160 loops=3)
                                                                                Filter: (((hd_dep_count = 3) AND (hd_vehicle_count <= 5)) OR ((hd_dep_count = 4) AND (hd_vehicle_count <= 6)) OR ((hd_dep_count = 2) AND (hd_vehicle_count <= 4)))
                                                                                Rows Removed by Filter: 5040
                                                              ->  Hash  (cost=1.15..1.15 rows=1 width=8) (actual time=0.031..0.032 rows=1 loops=3)
                                                                    Buckets: 1024  Batches: 1  Memory Usage: 9kB
                                                                    ->  Seq Scan on store store_1  (cost=0.00..1.15 rows=1 width=8) (actual time=0.027..0.028 rows=1 loops=3)
                                                                          Filter: ((s_store_name)::text = 'ese'::text)
                                                                          Rows Removed by Filter: 11
                                ->  Finalize Aggregate  (cost=92776.84..92776.85 rows=1 width=8) (actual time=252.019..252.098 rows=1 loops=1)
                                      ->  Gather  (cost=92776.63..92776.84 rows=2 width=8) (actual time=251.891..252.093 rows=3 loops=1)
                                            Workers Planned: 2
                                            Workers Launched: 2
                                            ->  Partial Aggregate  (cost=91776.63..91776.64 rows=1 width=8) (actual time=247.496..247.500 rows=1 loops=3)
                                                  ->  Hash Join  (cost=3030.74..91775.42 rows=485 width=0) (actual time=14.127..247.401 rows=1890 loops=3)
                                                        Hash Cond: (store_sales_2.ss_store_sk = store_2.s_store_sk)
                                                        ->  Hash Join  (cost=3029.57..91752.85 rows=6100 width=8) (actual time=13.672..246.437 rows=10604 loops=3)
                                                              Hash Cond: (store_sales_2.ss_hdemo_sk = household_demographics_2.hd_demo_sk)
                                                              ->  Hash Join  (cost=2765.19..91426.45 rows=23611 width=16) (actual time=12.205..241.571 rows=36569 loops=3)
                                                                    Hash Cond: (store_sales_2.ss_sold_time_sk = time_dim_2.t_time_sk)
                                                                    ->  Parallel Seq Scan on store_sales store_sales_2  (cost=0.00..85499.45 rows=1204445 width=24) (actual time=0.014..122.942 rows=948150 loops=3)
                                                                    ->  Hash  (cost=2743.00..2743.00 rows=1775 width=8) (actual time=12.148..12.149 rows=1800 loops=3)
                                                                          Buckets: 2048  Batches: 1  Memory Usage: 87kB
                                                                          ->  Seq Scan on time_dim time_dim_2  (cost=0.00..2743.00 rows=1775 width=8) (actual time=4.909..11.935 rows=1800 loops=3)
                                                                                Filter: ((t_minute >= 30) AND (t_hour = 9))
                                                                                Rows Removed by Filter: 84600
                                                              ->  Hash  (cost=240.00..240.00 rows=1951 width=8) (actual time=1.421..1.422 rows=2160 loops=3)
                                                                    Buckets: 4096 (originally 2048)  Batches: 1 (originally 1)  Memory Usage: 117kB
                                                                    ->  Seq Scan on household_demographics household_demographics_2  (cost=0.00..240.00 rows=1951 width=8) (actual time=0.050..1.149 rows=2160 loops=3)
                                                                          Filter: (((hd_dep_count = 3) AND (hd_vehicle_count <= 5)) OR ((hd_dep_count = 4) AND (hd_vehicle_count <= 6)) OR ((hd_dep_count = 2) AND (hd_vehicle_count <= 4)))
                                                                          Rows Removed by Filter: 5040
                                                        ->  Hash  (cost=1.15..1.15 rows=1 width=8) (actual time=0.029..0.029 rows=1 loops=3)
                                                              Buckets: 1024  Batches: 1  Memory Usage: 9kB
                                                              ->  Seq Scan on store store_2  (cost=0.00..1.15 rows=1 width=8) (actual time=0.024..0.025 rows=1 loops=3)
                                                                    Filter: ((s_store_name)::text = 'ese'::text)
                                                                    Rows Removed by Filter: 11
                          ->  Finalize Aggregate  (cost=92779.12..92779.13 rows=1 width=8) (actual time=258.981..259.059 rows=1 loops=1)
                                ->  Gather  (cost=92778.91..92779.12 rows=2 width=8) (actual time=258.838..259.055 rows=3 loops=1)
                                      Workers Planned: 2
                                      Workers Launched: 2
                                      ->  Partial Aggregate  (cost=91778.91..91778.92 rows=1 width=8) (actual time=254.600..254.604 rows=1 loops=3)
                                            ->  Hash Join  (cost=3031.21..91777.67 rows=495 width=0) (actual time=14.112..254.470 rows=2659 loops=3)
                                                  Hash Cond: (store_sales_3.ss_store_sk = store_3.s_store_sk)
                                                  ->  Hash Join  (cost=3030.05..91754.65 rows=6230 width=8) (actual time=13.830..253.090 rows=16052 loops=3)
                                                        Hash Cond: (store_sales_3.ss_hdemo_sk = household_demographics_3.hd_demo_sk)
                                                        ->  Hash Join  (cost=2765.66..91426.92 rows=24116 width=16) (actual time=12.334..246.639 rows=53710 loops=3)
                                                              Hash Cond: (store_sales_3.ss_sold_time_sk = time_dim_3.t_time_sk)
                                                              ->  Parallel Seq Scan on store_sales store_sales_3  (cost=0.00..85499.45 rows=1204445 width=24) (actual time=0.014..124.578 rows=948150 loops=3)
                                                              ->  Hash  (cost=2743.00..2743.00 rows=1813 width=8) (actual time=12.284..12.285 rows=1800 loops=3)
                                                                    Buckets: 2048  Batches: 1  Memory Usage: 87kB
                                                                    ->  Seq Scan on time_dim time_dim_3  (cost=0.00..2743.00 rows=1813 width=8) (actual time=5.325..12.074 rows=1800 loops=3)
                                                                          Filter: ((t_minute < 30) AND (t_hour = 10))
                                                                          Rows Removed by Filter: 84600
                                                        ->  Hash  (cost=240.00..240.00 rows=1951 width=8) (actual time=1.447..1.448 rows=2160 loops=3)
                                                              Buckets: 4096 (originally 2048)  Batches: 1 (originally 1)  Memory Usage: 117kB
                                                              ->  Seq Scan on household_demographics household_demographics_3  (cost=0.00..240.00 rows=1951 width=8) (actual time=0.052..1.174 rows=2160 loops=3)
                                                                    Filter: (((hd_dep_count = 3) AND (hd_vehicle_count <= 5)) OR ((hd_dep_count = 4) AND (hd_vehicle_count <= 6)) OR ((hd_dep_count = 2) AND (hd_vehicle_count <= 4)))
                                                                    Rows Removed by Filter: 5040
                                                  ->  Hash  (cost=1.15..1.15 rows=1 width=8) (actual time=0.029..0.030 rows=1 loops=3)
                                                        Buckets: 1024  Batches: 1  Memory Usage: 9kB
                                                        ->  Seq Scan on store store_3  (cost=0.00..1.15 rows=1 width=8) (actual time=0.025..0.027 rows=1 loops=3)
                                                              Filter: ((s_store_name)::text = 'ese'::text)
                                                              Rows Removed by Filter: 11
                    ->  Finalize Aggregate  (cost=92778.10..92778.11 rows=1 width=8) (actual time=258.149..258.224 rows=1 loops=1)
                          ->  Gather  (cost=92777.88..92778.09 rows=2 width=8) (actual time=258.006..258.219 rows=3 loops=1)
                                Workers Planned: 2
                                Workers Launched: 2
                                ->  Partial Aggregate  (cost=91777.88..91777.89 rows=1 width=8) (actual time=253.602..253.606 rows=1 loops=3)
                                      ->  Hash Join  (cost=3031.00..91776.66 rows=490 width=0) (actual time=14.944..253.473 rows=2621 loops=3)
                                            Hash Cond: (store_sales_4.ss_store_sk = store_4.s_store_sk)
                                            ->  Hash Join  (cost=3029.84..91753.84 rows=6172 width=8) (actual time=13.794..252.146 rows=15652 loops=3)
                                                  Hash Cond: (store_sales_4.ss_hdemo_sk = household_demographics_4.hd_demo_sk)
                                                  ->  Hash Join  (cost=2765.45..91426.71 rows=23890 width=16) (actual time=12.250..245.758 rows=53439 loops=3)
                                                        Hash Cond: (store_sales_4.ss_sold_time_sk = time_dim_4.t_time_sk)
                                                        ->  Parallel Seq Scan on store_sales store_sales_4  (cost=0.00..85499.45 rows=1204445 width=24) (actual time=0.017..124.139 rows=948150 loops=3)
                                                        ->  Hash  (cost=2743.00..2743.00 rows=1796 width=8) (actual time=12.163..12.164 rows=1800 loops=3)
                                                              Buckets: 2048  Batches: 1  Memory Usage: 87kB
                                                              ->  Seq Scan on time_dim time_dim_4  (cost=0.00..2743.00 rows=1796 width=8) (actual time=5.429..11.931 rows=1800 loops=3)
                                                                    Filter: ((t_minute >= 30) AND (t_hour = 10))
                                                                    Rows Removed by Filter: 84600
                                                  ->  Hash  (cost=240.00..240.00 rows=1951 width=8) (actual time=1.434..1.435 rows=2160 loops=3)
                                                        Buckets: 4096 (originally 2048)  Batches: 1 (originally 1)  Memory Usage: 117kB
                                                        ->  Seq Scan on household_demographics household_demographics_4  (cost=0.00..240.00 rows=1951 width=8) (actual time=0.051..1.144 rows=2160 loops=3)
                                                              Filter: (((hd_dep_count = 3) AND (hd_vehicle_count <= 5)) OR ((hd_dep_count = 4) AND (hd_vehicle_count <= 6)) OR ((hd_dep_count = 2) AND (hd_vehicle_count <= 4)))
                                                              Rows Removed by Filter: 5040
                                            ->  Hash  (cost=1.15..1.15 rows=1 width=8) (actual time=0.028..0.029 rows=1 loops=3)
                                                  Buckets: 1024  Batches: 1  Memory Usage: 9kB
                                                  ->  Seq Scan on store store_4  (cost=0.00..1.15 rows=1 width=8) (actual time=0.024..0.025 rows=1 loops=3)
                                                        Filter: ((s_store_name)::text = 'ese'::text)
                                                        Rows Removed by Filter: 11
              ->  Finalize Aggregate  (cost=92782.06..92782.07 rows=1 width=8) (actual time=252.640..252.718 rows=1 loops=1)
                    ->  Gather  (cost=92781.85..92782.06 rows=2 width=8) (actual time=252.492..252.714 rows=3 loops=1)
                          Workers Planned: 2
                          Workers Launched: 2
                          ->  Partial Aggregate  (cost=91781.85..91781.86 rows=1 width=8) (actual time=248.065..248.069 rows=1 loops=3)
                                ->  Hash Join  (cost=3031.82..91780.58 rows=508 width=0) (actual time=14.885..247.993 rows=1411 loops=3)
                                      Hash Cond: (store_sales_5.ss_store_sk = store_5.s_store_sk)
                                      ->  Hash Join  (cost=3030.66..91756.97 rows=6398 width=8) (actual time=14.283..247.150 rows=8995 loops=3)
                                            Hash Cond: (store_sales_5.ss_hdemo_sk = household_demographics_5.hd_demo_sk)
                                            ->  Hash Join  (cost=2766.28..91427.53 rows=24768 width=16) (actual time=12.482..242.736 rows=31048 loops=3)
                                                  Hash Cond: (store_sales_5.ss_sold_time_sk = time_dim_5.t_time_sk)
                                                  ->  Parallel Seq Scan on store_sales store_sales_5  (cost=0.00..85499.45 rows=1204445 width=24) (actual time=0.014..124.223 rows=948150 loops=3)
                                                  ->  Hash  (cost=2743.00..2743.00 rows=1862 width=8) (actual time=12.334..12.335 rows=1800 loops=3)
                                                        Buckets: 2048  Batches: 1  Memory Usage: 87kB
                                                        ->  Seq Scan on time_dim time_dim_5  (cost=0.00..2743.00 rows=1862 width=8) (actual time=5.818..12.120 rows=1800 loops=3)
                                                              Filter: ((t_minute < 30) AND (t_hour = 11))
                                                              Rows Removed by Filter: 84600
                                            ->  Hash  (cost=240.00..240.00 rows=1951 width=8) (actual time=1.447..1.447 rows=2160 loops=3)
                                                  Buckets: 4096 (originally 2048)  Batches: 1 (originally 1)  Memory Usage: 117kB
                                                  ->  Seq Scan on household_demographics household_demographics_5  (cost=0.00..240.00 rows=1951 width=8) (actual time=0.052..1.174 rows=2160 loops=3)
                                                        Filter: (((hd_dep_count = 3) AND (hd_vehicle_count <= 5)) OR ((hd_dep_count = 4) AND (hd_vehicle_count <= 6)) OR ((hd_dep_count = 2) AND (hd_vehicle_count <= 4)))
                                                        Rows Removed by Filter: 5040
                                      ->  Hash  (cost=1.15..1.15 rows=1 width=8) (actual time=0.029..0.029 rows=1 loops=3)
                                            Buckets: 1024  Batches: 1  Memory Usage: 9kB
                                            ->  Seq Scan on store store_5  (cost=0.00..1.15 rows=1 width=8) (actual time=0.025..0.026 rows=1 loops=3)
                                                  Filter: ((s_store_name)::text = 'ese'::text)
                                                  Rows Removed by Filter: 11
        ->  Finalize Aggregate  (cost=92780.99..92781.00 rows=1 width=8) (actual time=251.179..251.262 rows=1 loops=1)
              ->  Gather  (cost=92780.78..92780.99 rows=2 width=8) (actual time=251.046..251.258 rows=3 loops=1)
                    Workers Planned: 2
                    Workers Launched: 2
                    ->  Partial Aggregate  (cost=91780.78..91780.79 rows=1 width=8) (actual time=246.737..246.742 rows=1 loops=3)
                          ->  Hash Join  (cost=3031.60..91779.52 rows=503 width=0) (actual time=18.383..246.654 rows=1631 loops=3)
                                Hash Cond: (store_sales_6.ss_store_sk = store_6.s_store_sk)
                                ->  Hash Join  (cost=3030.44..91756.12 rows=6337 width=8) (actual time=14.047..245.778 rows=9198 loops=3)
                                      Hash Cond: (store_sales_6.ss_hdemo_sk = household_demographics_6.hd_demo_sk)
                                      ->  Hash Join  (cost=2766.05..91427.31 rows=24529 width=16) (actual time=12.447..241.318 rows=31069 loops=3)
                                            Hash Cond: (store_sales_6.ss_sold_time_sk = time_dim_6.t_time_sk)
                                            ->  Parallel Seq Scan on store_sales store_sales_6  (cost=0.00..85499.45 rows=1204445 width=24) (actual time=0.013..123.047 rows=948150 loops=3)
                                            ->  Hash  (cost=2743.00..2743.00 rows=1844 width=8) (actual time=12.369..12.370 rows=1800 loops=3)
                                                  Buckets: 2048  Batches: 1  Memory Usage: 87kB
                                                  ->  Seq Scan on time_dim time_dim_6  (cost=0.00..2743.00 rows=1844 width=8) (actual time=6.130..12.153 rows=1800 loops=3)
                                                        Filter: ((t_minute >= 30) AND (t_hour = 11))
                                                        Rows Removed by Filter: 84600
                                      ->  Hash  (cost=240.00..240.00 rows=1951 width=8) (actual time=1.462..1.462 rows=2160 loops=3)
                                            Buckets: 4096 (originally 2048)  Batches: 1 (originally 1)  Memory Usage: 117kB
                                            ->  Seq Scan on household_demographics household_demographics_6  (cost=0.00..240.00 rows=1951 width=8) (actual time=0.052..1.189 rows=2160 loops=3)
                                                  Filter: (((hd_dep_count = 3) AND (hd_vehicle_count <= 5)) OR ((hd_dep_count = 4) AND (hd_vehicle_count <= 6)) OR ((hd_dep_count = 2) AND (hd_vehicle_count <= 4)))
                                                  Rows Removed by Filter: 5040
                                ->  Hash  (cost=1.15..1.15 rows=1 width=8) (actual time=0.030..0.030 rows=1 loops=3)
                                      Buckets: 1024  Batches: 1  Memory Usage: 9kB
                                      ->  Seq Scan on store store_6  (cost=0.00..1.15 rows=1 width=8) (actual time=0.025..0.027 rows=1 loops=3)
                                            Filter: ((s_store_name)::text = 'ese'::text)
                                            Rows Removed by Filter: 11
  ->  Finalize Aggregate  (cost=92782.19..92782.20 rows=1 width=8) (actual time=254.151..326.959 rows=1 loops=1)
        ->  Gather  (cost=92781.98..92782.19 rows=2 width=8) (actual time=254.012..326.955 rows=3 loops=1)
              Workers Planned: 2
              Workers Launched: 2
              ->  Partial Aggregate  (cost=91781.98..91781.99 rows=1 width=8) (actual time=249.609..249.613 rows=1 loops=3)
                    ->  Hash Join  (cost=3031.85..91780.70 rows=509 width=0) (actual time=16.133..249.521 rows=1757 loops=3)
                          Hash Cond: (store_sales_7.ss_store_sk = store_7.s_store_sk)
                          ->  Hash Join  (cost=3030.69..91757.07 rows=6405 width=8) (actual time=14.281..248.562 rows=10373 loops=3)
                                Hash Cond: (store_sales_7.ss_hdemo_sk = household_demographics_7.hd_demo_sk)
                                ->  Hash Join  (cost=2766.30..91427.56 rows=24795 width=16) (actual time=12.653..243.645 rows=35961 loops=3)
                                      Hash Cond: (store_sales_7.ss_sold_time_sk = time_dim_7.t_time_sk)
                                      ->  Parallel Seq Scan on store_sales store_sales_7  (cost=0.00..85499.45 rows=1204445 width=24) (actual time=0.013..124.441 rows=948150 loops=3)
                                      ->  Hash  (cost=2743.00..2743.00 rows=1864 width=8) (actual time=12.593..12.593 rows=1800 loops=3)
                                            Buckets: 2048  Batches: 1  Memory Usage: 87kB
                                            ->  Seq Scan on time_dim time_dim_7  (cost=0.00..2743.00 rows=1864 width=8) (actual time=6.508..12.379 rows=1800 loops=3)
                                                  Filter: ((t_minute < 30) AND (t_hour = 12))
                                                  Rows Removed by Filter: 84600
                                ->  Hash  (cost=240.00..240.00 rows=1951 width=8) (actual time=1.481..1.482 rows=2160 loops=3)
                                      Buckets: 4096 (originally 2048)  Batches: 1 (originally 1)  Memory Usage: 117kB
                                      ->  Seq Scan on household_demographics household_demographics_7  (cost=0.00..240.00 rows=1951 width=8) (actual time=0.054..1.209 rows=2160 loops=3)
                                            Filter: (((hd_dep_count = 3) AND (hd_vehicle_count <= 5)) OR ((hd_dep_count = 4) AND (hd_vehicle_count <= 6)) OR ((hd_dep_count = 2) AND (hd_vehicle_count <= 4)))
                                            Rows Removed by Filter: 5040
                          ->  Hash  (cost=1.15..1.15 rows=1 width=8) (actual time=0.030..0.031 rows=1 loops=3)
                                Buckets: 1024  Batches: 1  Memory Usage: 9kB
                                ->  Seq Scan on store store_7  (cost=0.00..1.15 rows=1 width=8) (actual time=0.026..0.027 rows=1 loops=3)
                                      Filter: ((s_store_name)::text = 'ese'::text)
                                      Rows Removed by Filter: 11
 h8_30_to_9 | h9_to_9_30 | h9_30_to_10 | h10_to_10_30 | h10_30_to_11 | h11_to_11_30 | h11_30_to_12 | h12_to_12_30 
------------+------------+-------------+--------------+--------------+--------------+--------------+--------------
       2452 |       5311 |        5671 |         7976 |         7864 |         4232 |         4892 |         5270
(1 row)

UPDATE time_statistics SET e_time = TRANSACTION_TIMESTAMP() WHERE template = 'query88.tpl' AND stream = 5;
psql:/tmp/s1-basline/throughput/query_5.sql:614: NOTICE:  duration: 0.086 ms  plan:
Query Text: UPDATE time_statistics SET e_time = TRANSACTION_TIMESTAMP() WHERE template = 'query88.tpl' AND stream = 5;
Update on time_statistics  (cost=0.00..15.87 rows=0 width=0) (actual time=0.085..0.086 rows=0 loops=1)
  ->  Seq Scan on time_statistics  (cost=0.00..15.87 rows=1 width=14) (actual time=0.045..0.071 rows=1 loops=1)
        Filter: ((template = 'query88.tpl'::text) AND (stream = 5))
        Rows Removed by Filter: 558
UPDATE 1
LOAD 'auto_explain'; SET auto_explain.log_min_duration TO 0; SET auto_explain.log_analyze TO on; SET auto_explain.log_level TO notice; INSERT INTO time_statistics (template, s_time, stream, query, seed) VALUES ('../query_postgresql/query2.tpl', TRANSACTION_TIMESTAMP(), 5, 8, 2033673805);
LOAD
SET
SET
SET
psql:/tmp/s1-basline/throughput/query_5.sql:615: NOTICE:  duration: 0.023 ms  plan:
Query Text: INSERT INTO time_statistics (template, s_time, stream, query, seed) VALUES ('../query_postgresql/query2.tpl', TRANSACTION_TIMESTAMP(), 5, 8, 2033673805);
Insert on time_statistics  (cost=0.00..0.01 rows=0 width=0) (actual time=0.022..0.022 rows=0 loops=1)
  ->  Result  (cost=0.00..0.01 rows=1 width=64) (actual time=0.001..0.002 rows=1 loops=1)
INSERT 0 1
with wscs as
 (select sold_date_sk
        ,sales_price
  from (select ws_sold_date_sk sold_date_sk
              ,ws_ext_sales_price sales_price
        from web_sales 
        union all
        select cs_sold_date_sk sold_date_sk
              ,cs_ext_sales_price sales_price
        from catalog_sales) x),
 wswscs as 
 (select d_week_seq,
        sum(case when (d_day_name='Sunday') then sales_price else null end) sun_sales,
        sum(case when (d_day_name='Monday') then sales_price else null end) mon_sales,
        sum(case when (d_day_name='Tuesday') then sales_price else  null end) tue_sales,
        sum(case when (d_day_name='Wednesday') then sales_price else null end) wed_sales,
        sum(case when (d_day_name='Thursday') then sales_price else null end) thu_sales,
        sum(case when (d_day_name='Friday') then sales_price else null end) fri_sales,
        sum(case when (d_day_name='Saturday') then sales_price else null end) sat_sales
 from wscs
     ,date_dim
 where d_date_sk = sold_date_sk
 group by d_week_seq)
 select d_week_seq1
       ,round(cast(sun_sales1/sun_sales2 AS NUMERIC),2)
       ,round(cast(mon_sales1/mon_sales2 AS NUMERIC),2)
       ,round(cast(tue_sales1/tue_sales2 AS NUMERIC),2)
       ,round(cast(wed_sales1/wed_sales2 AS NUMERIC),2)
       ,round(cast(thu_sales1/thu_sales2 AS NUMERIC),2)
       ,round(cast(fri_sales1/fri_sales2 AS NUMERIC),2)
       ,round(cast(sat_sales1/sat_sales2 AS NUMERIC),2)
 from
 (select wswscs.d_week_seq d_week_seq1
        ,sun_sales sun_sales1
        ,mon_sales mon_sales1
        ,tue_sales tue_sales1
        ,wed_sales wed_sales1
        ,thu_sales thu_sales1
        ,fri_sales fri_sales1
        ,sat_sales sat_sales1
  from wswscs,date_dim 
  where date_dim.d_week_seq = wswscs.d_week_seq and
        d_year = 1999) y,
 (select wswscs.d_week_seq d_week_seq2
        ,sun_sales sun_sales2
        ,mon_sales mon_sales2
        ,tue_sales tue_sales2
        ,wed_sales wed_sales2
        ,thu_sales thu_sales2
        ,fri_sales fri_sales2
        ,sat_sales sat_sales2
  from wswscs
      ,date_dim 
  where date_dim.d_week_seq = wswscs.d_week_seq and
        d_year = 1999+1) z
 where d_week_seq1=d_week_seq2-53
 order by d_week_seq1;
psql:/tmp/s1-basline/throughput/query_5.sql:672: NOTICE:  duration: 743.936 ms  plan:
Query Text: with wscs as
 (select sold_date_sk
        ,sales_price
  from (select ws_sold_date_sk sold_date_sk
              ,ws_ext_sales_price sales_price
        from web_sales 
        union all
        select cs_sold_date_sk sold_date_sk
              ,cs_ext_sales_price sales_price
        from catalog_sales) x),
 wswscs as 
 (select d_week_seq,
        sum(case when (d_day_name='Sunday') then sales_price else null end) sun_sales,
        sum(case when (d_day_name='Monday') then sales_price else null end) mon_sales,
        sum(case when (d_day_name='Tuesday') then sales_price else  null end) tue_sales,
        sum(case when (d_day_name='Wednesday') then sales_price else null end) wed_sales,
        sum(case when (d_day_name='Thursday') then sales_price else null end) thu_sales,
        sum(case when (d_day_name='Friday') then sales_price else null end) fri_sales,
        sum(case when (d_day_name='Saturday') then sales_price else null end) sat_sales
 from wscs
     ,date_dim
 where d_date_sk = sold_date_sk
 group by d_week_seq)
 select d_week_seq1
       ,round(cast(sun_sales1/sun_sales2 AS NUMERIC),2)
       ,round(cast(mon_sales1/mon_sales2 AS NUMERIC),2)
       ,round(cast(tue_sales1/tue_sales2 AS NUMERIC),2)
       ,round(cast(wed_sales1/wed_sales2 AS NUMERIC),2)
       ,round(cast(thu_sales1/thu_sales2 AS NUMERIC),2)
       ,round(cast(fri_sales1/fri_sales2 AS NUMERIC),2)
       ,round(cast(sat_sales1/sat_sales2 AS NUMERIC),2)
 from
 (select wswscs.d_week_seq d_week_seq1
        ,sun_sales sun_sales1
        ,mon_sales mon_sales1
        ,tue_sales tue_sales1
        ,wed_sales wed_sales1
        ,thu_sales thu_sales1
        ,fri_sales fri_sales1
        ,sat_sales sat_sales1
  from wswscs,date_dim 
  where date_dim.d_week_seq = wswscs.d_week_seq and
        d_year = 1999) y,
 (select wswscs.d_week_seq d_week_seq2
        ,sun_sales sun_sales2
        ,mon_sales mon_sales2
        ,tue_sales tue_sales2
        ,wed_sales wed_sales2
        ,thu_sales thu_sales2
        ,fri_sales fri_sales2
        ,sat_sales sat_sales2
  from wswscs
      ,date_dim 
  where date_dim.d_week_seq = wswscs.d_week_seq and
        d_year = 1999+1) z
 where d_week_seq1=d_week_seq2-53
 order by d_week_seq1;
Sort  (cost=143069.69..143069.73 rows=13 width=228) (actual time=690.666..742.333 rows=2520 loops=1)
  Sort Key: wswscs.d_week_seq
  Sort Method: quicksort  Memory: 315kB
  CTE wswscs
    ->  Finalize GroupAggregate  (cost=134861.70..137814.49 rows=10421 width=60) (actual time=664.475..716.380 rows=263 loops=1)
          Group Key: date_dim_2.d_week_seq
          ->  Gather Merge  (cost=134861.70..137293.44 rows=20842 width=60) (actual time=664.469..716.169 rows=789 loops=1)
                Workers Planned: 2
                Workers Launched: 2
                ->  Sort  (cost=133861.68..133887.73 rows=10421 width=60) (actual time=659.802..659.817 rows=263 loops=3)
                      Sort Key: date_dim_2.d_week_seq
                      Sort Method: quicksort  Memory: 51kB
                      Worker 0:  Sort Method: quicksort  Memory: 51kB
                      Worker 1:  Sort Method: quicksort  Memory: 47kB
                      ->  Partial HashAggregate  (cost=133062.01..133166.22 rows=10421 width=60) (actual time=659.623..659.716 rows=263 loops=3)
                            Group Key: date_dim_2.d_week_seq
                            Batches: 1  Memory Usage: 465kB
                            Worker 0:  Batches: 1  Memory Usage: 465kB
                            Worker 1:  Batches: 1  Memory Usage: 465kB
                            ->  Hash Join  (cost=3048.60..99196.51 rows=903080 width=22) (actual time=29.418..420.921 rows=708517 loops=3)
                                  Hash Cond: (catalog_sales.cs_sold_date_sk = date_dim_2.d_date_sk)
                                  ->  Parallel Append  (cost=0.00..93777.19 rows=903079 width=16) (actual time=0.021..273.737 rows=710974 loops=3)
                                        ->  Parallel Seq Scan on catalog_sales  (cost=0.00..59490.16 rows=602016 width=16) (actual time=0.016..154.914 rows=473789 loops=3)
                                        ->  Parallel Seq Scan on web_sales  (cost=0.00..29771.63 rows=301063 width=16) (actual time=0.017..115.348 rows=355778 loops=2)
                                  ->  Hash  (cost=2135.49..2135.49 rows=73049 width=22) (actual time=28.984..28.985 rows=73049 loops=3)
                                        Buckets: 131072  Batches: 1  Memory Usage: 5019kB
                                        ->  Seq Scan on date_dim date_dim_2  (cost=0.00..2135.49 rows=73049 width=22) (actual time=0.021..17.433 rows=73049 loops=3)
  ->  Hash Join  (cost=5006.66..5254.97 rows=13 width=228) (actual time=680.693..690.234 rows=2520 loops=1)
        Hash Cond: (wswscs.d_week_seq = date_dim.d_week_seq)
        ->  CTE Scan on wswscs  (cost=0.00..208.42 rows=10421 width=60) (actual time=664.478..664.497 rows=263 loops=1)
        ->  Hash  (cost=5006.49..5006.49 rows=13 width=64) (actual time=16.171..16.173 rows=2520 loops=1)
              Buckets: 4096 (originally 1024)  Batches: 1 (originally 1)  Memory Usage: 278kB
              ->  Merge Join  (cost=5000.92..5006.49 rows=13 width=64) (actual time=15.278..15.709 rows=2520 loops=1)
                    Merge Cond: (((wswscs_1.d_week_seq - 53)) = date_dim.d_week_seq)
                    ->  Sort  (cost=2667.37..2668.28 rows=363 width=60) (actual time=8.949..8.964 rows=366 loops=1)
                          Sort Key: ((wswscs_1.d_week_seq - 53))
                          Sort Method: quicksort  Memory: 62kB
                          ->  Hash Join  (cost=2322.65..2651.94 rows=363 width=60) (actual time=8.590..8.884 rows=366 loops=1)
                                Hash Cond: (wswscs_1.d_week_seq = date_dim_1.d_week_seq)
                                ->  CTE Scan on wswscs wswscs_1  (cost=0.00..208.42 rows=10421 width=60) (actual time=0.001..0.418 rows=263 loops=1)
                                ->  Hash  (cost=2318.11..2318.11 rows=363 width=4) (actual time=8.398..8.398 rows=366 loops=1)
                                      Buckets: 1024  Batches: 1  Memory Usage: 21kB
                                      ->  Seq Scan on date_dim date_dim_1  (cost=0.00..2318.11 rows=363 width=4) (actual time=4.079..8.358 rows=366 loops=1)
                                            Filter: (d_year = 2000)
                                            Rows Removed by Filter: 72683
                    ->  Sort  (cost=2333.55..2334.45 rows=363 width=4) (actual time=6.323..6.420 rows=2521 loops=1)
                          Sort Key: date_dim.d_week_seq
                          Sort Method: quicksort  Memory: 25kB
                          ->  Seq Scan on date_dim  (cost=0.00..2318.11 rows=363 width=4) (actual time=3.078..6.303 rows=365 loops=1)
                                Filter: (d_year = 1999)
                                Rows Removed by Filter: 72684
 d_week_seq1 | round | round | round | round | round | round | round 
-------------+-------+-------+-------+-------+-------+-------+-------
        5166 |  1.13 |  1.19 |  3.07 |  3.81 |  4.35 |  2.04 |  2.20
        5166 |  1.13 |  1.19 |  3.07 |  3.81 |  4.35 |  2.04 |  2.20
        5166 |  1.13 |  1.19 |  3.07 |  3.81 |  4.35 |  2.04 |  2.20
        5166 |  1.13 |  1.19 |  3.07 |  3.81 |  4.35 |  2.04 |  2.20
        5166 |  1.13 |  1.19 |  3.07 |  3.81 |  4.35 |  2.04 |  2.20
        5166 |  1.13 |  1.19 |  3.07 |  3.81 |  4.35 |  2.04 |  2.20
        5166 |  1.13 |  1.19 |  3.07 |  3.81 |  4.35 |  2.04 |  2.20
        5166 |  1.13 |  1.19 |  3.07 |  3.81 |  4.35 |  2.04 |  2.20
        5166 |  1.13 |  1.19 |  3.07 |  3.81 |  4.35 |  2.04 |  2.20
        5166 |  1.13 |  1.19 |  3.07 |  3.81 |  4.35 |  2.04 |  2.20
        5166 |  1.13 |  1.19 |  3.07 |  3.81 |  4.35 |  2.04 |  2.20
        5166 |  1.13 |  1.19 |  3.07 |  3.81 |  4.35 |  2.04 |  2.20
        5166 |  1.13 |  1.19 |  3.07 |  3.81 |  4.35 |  2.04 |  2.20
        5166 |  1.13 |  1.19 |  3.07 |  3.81 |  4.35 |  2.04 |  2.20
        5166 |  1.13 |  1.19 |  3.07 |  3.81 |  4.35 |  2.04 |  2.20
        5166 |  1.13 |  1.19 |  3.07 |  3.81 |  4.35 |  2.04 |  2.20
        5166 |  1.13 |  1.19 |  3.07 |  3.81 |  4.35 |  2.04 |  2.20
        5166 |  1.13 |  1.19 |  3.07 |  3.81 |  4.35 |  2.04 |  2.20
        5166 |  1.13 |  1.19 |  3.07 |  3.81 |  4.35 |  2.04 |  2.20
        5166 |  1.13 |  1.19 |  3.07 |  3.81 |  4.35 |  2.04 |  2.20
        5166 |  1.13 |  1.19 |  3.07 |  3.81 |  4.35 |  2.04 |  2.20
        5166 |  1.13 |  1.19 |  3.07 |  3.81 |  4.35 |  2.04 |  2.20
        5166 |  1.13 |  1.19 |  3.07 |  3.81 |  4.35 |  2.04 |  2.20
        5166 |  1.13 |  1.19 |  3.07 |  3.81 |  4.35 |  2.04 |  2.20
        5166 |  1.13 |  1.19 |  3.07 |  3.81 |  4.35 |  2.04 |  2.20
        5166 |  1.13 |  1.19 |  3.07 |  3.81 |  4.35 |  2.04 |  2.20
        5166 |  1.13 |  1.19 |  3.07 |  3.81 |  4.35 |  2.04 |  2.20
        5166 |  1.13 |  1.19 |  3.07 |  3.81 |  4.35 |  2.04 |  2.20
        5167 |  1.28 |  0.92 |  1.19 |  1.08 |  1.33 |  0.97 |  0.79
        5167 |  1.28 |  0.92 |  1.19 |  1.08 |  1.33 |  0.97 |  0.79
        5167 |  1.28 |  0.92 |  1.19 |  1.08 |  1.33 |  0.97 |  0.79
        5167 |  1.28 |  0.92 |  1.19 |  1.08 |  1.33 |  0.97 |  0.79
        5167 |  1.28 |  0.92 |  1.19 |  1.08 |  1.33 |  0.97 |  0.79
        5167 |  1.28 |  0.92 |  1.19 |  1.08 |  1.33 |  0.97 |  0.79
        5167 |  1.28 |  0.92 |  1.19 |  1.08 |  1.33 |  0.97 |  0.79
        5167 |  1.28 |  0.92 |  1.19 |  1.08 |  1.33 |  0.97 |  0.79
        5167 |  1.28 |  0.92 |  1.19 |  1.08 |  1.33 |  0.97 |  0.79
        5167 |  1.28 |  0.92 |  1.19 |  1.08 |  1.33 |  0.97 |  0.79
        5167 |  1.28 |  0.92 |  1.19 |  1.08 |  1.33 |  0.97 |  0.79
        5167 |  1.28 |  0.92 |  1.19 |  1.08 |  1.33 |  0.97 |  0.79
        5167 |  1.28 |  0.92 |  1.19 |  1.08 |  1.33 |  0.97 |  0.79
        5167 |  1.28 |  0.92 |  1.19 |  1.08 |  1.33 |  0.97 |  0.79
        5167 |  1.28 |  0.92 |  1.19 |  1.08 |  1.33 |  0.97 |  0.79
        5167 |  1.28 |  0.92 |  1.19 |  1.08 |  1.33 |  0.97 |  0.79
        5167 |  1.28 |  0.92 |  1.19 |  1.08 |  1.33 |  0.97 |  0.79
        5167 |  1.28 |  0.92 |  1.19 |  1.08 |  1.33 |  0.97 |  0.79
        5167 |  1.28 |  0.92 |  1.19 |  1.08 |  1.33 |  0.97 |  0.79
        5167 |  1.28 |  0.92 |  1.19 |  1.08 |  1.33 |  0.97 |  0.79
        5167 |  1.28 |  0.92 |  1.19 |  1.08 |  1.33 |  0.97 |  0.79
        5167 |  1.28 |  0.92 |  1.19 |  1.08 |  1.33 |  0.97 |  0.79
        5167 |  1.28 |  0.92 |  1.19 |  1.08 |  1.33 |  0.97 |  0.79
        5167 |  1.28 |  0.92 |  1.19 |  1.08 |  1.33 |  0.97 |  0.79
        5167 |  1.28 |  0.92 |  1.19 |  1.08 |  1.33 |  0.97 |  0.79
        5167 |  1.28 |  0.92 |  1.19 |  1.08 |  1.33 |  0.97 |  0.79
        5167 |  1.28 |  0.92 |  1.19 |  1.08 |  1.33 |  0.97 |  0.79
        5167 |  1.28 |  0.92 |  1.19 |  1.08 |  1.33 |  0.97 |  0.79
        5167 |  1.28 |  0.92 |  1.19 |  1.08 |  1.33 |  0.97 |  0.79
        5167 |  1.28 |  0.92 |  1.19 |  1.08 |  1.33 |  0.97 |  0.79
        5167 |  1.28 |  0.92 |  1.19 |  1.08 |  1.33 |  0.97 |  0.79
        5167 |  1.28 |  0.92 |  1.19 |  1.08 |  1.33 |  0.97 |  0.79
        5167 |  1.28 |  0.92 |  1.19 |  1.08 |  1.33 |  0.97 |  0.79
        5167 |  1.28 |  0.92 |  1.19 |  1.08 |  1.33 |  0.97 |  0.79
        5167 |  1.28 |  0.92 |  1.19 |  1.08 |  1.33 |  0.97 |  0.79
        5167 |  1.28 |  0.92 |  1.19 |  1.08 |  1.33 |  0.97 |  0.79
        5167 |  1.28 |  0.92 |  1.19 |  1.08 |  1.33 |  0.97 |  0.79
        5167 |  1.28 |  0.92 |  1.19 |  1.08 |  1.33 |  0.97 |  0.79
        5167 |  1.28 |  0.92 |  1.19 |  1.08 |  1.33 |  0.97 |  0.79
        5167 |  1.28 |  0.92 |  1.19 |  1.08 |  1.33 |  0.97 |  0.79
        5167 |  1.28 |  0.92 |  1.19 |  1.08 |  1.33 |  0.97 |  0.79
        5167 |  1.28 |  0.92 |  1.19 |  1.08 |  1.33 |  0.97 |  0.79
        5167 |  1.28 |  0.92 |  1.19 |  1.08 |  1.33 |  0.97 |  0.79
        5167 |  1.28 |  0.92 |  1.19 |  1.08 |  1.33 |  0.97 |  0.79
        5167 |  1.28 |  0.92 |  1.19 |  1.08 |  1.33 |  0.97 |  0.79
        5167 |  1.28 |  0.92 |  1.19 |  1.08 |  1.33 |  0.97 |  0.79
        5167 |  1.28 |  0.92 |  1.19 |  1.08 |  1.33 |  0.97 |  0.79
        5167 |  1.28 |  0.92 |  1.19 |  1.08 |  1.33 |  0.97 |  0.79
        5167 |  1.28 |  0.92 |  1.19 |  1.08 |  1.33 |  0.97 |  0.79
        5168 |  1.05 |  0.86 |  0.96 |  0.90 |  0.78 |  0.76 |  0.87
        5168 |  1.05 |  0.86 |  0.96 |  0.90 |  0.78 |  0.76 |  0.87
        5168 |  1.05 |  0.86 |  0.96 |  0.90 |  0.78 |  0.76 |  0.87
        5168 |  1.05 |  0.86 |  0.96 |  0.90 |  0.78 |  0.76 |  0.87
        5168 |  1.05 |  0.86 |  0.96 |  0.90 |  0.78 |  0.76 |  0.87
        5168 |  1.05 |  0.86 |  0.96 |  0.90 |  0.78 |  0.76 |  0.87
        5168 |  1.05 |  0.86 |  0.96 |  0.90 |  0.78 |  0.76 |  0.87
        5168 |  1.05 |  0.86 |  0.96 |  0.90 |  0.78 |  0.76 |  0.87
        5168 |  1.05 |  0.86 |  0.96 |  0.90 |  0.78 |  0.76 |  0.87
        5168 |  1.05 |  0.86 |  0.96 |  0.90 |  0.78 |  0.76 |  0.87
        5168 |  1.05 |  0.86 |  0.96 |  0.90 |  0.78 |  0.76 |  0.87
        5168 |  1.05 |  0.86 |  0.96 |  0.90 |  0.78 |  0.76 |  0.87
        5168 |  1.05 |  0.86 |  0.96 |  0.90 |  0.78 |  0.76 |  0.87
        5168 |  1.05 |  0.86 |  0.96 |  0.90 |  0.78 |  0.76 |  0.87
        5168 |  1.05 |  0.86 |  0.96 |  0.90 |  0.78 |  0.76 |  0.87
        5168 |  1.05 |  0.86 |  0.96 |  0.90 |  0.78 |  0.76 |  0.87
        5168 |  1.05 |  0.86 |  0.96 |  0.90 |  0.78 |  0.76 |  0.87
        5168 |  1.05 |  0.86 |  0.96 |  0.90 |  0.78 |  0.76 |  0.87
        5168 |  1.05 |  0.86 |  0.96 |  0.90 |  0.78 |  0.76 |  0.87
        5168 |  1.05 |  0.86 |  0.96 |  0.90 |  0.78 |  0.76 |  0.87
        5168 |  1.05 |  0.86 |  0.96 |  0.90 |  0.78 |  0.76 |  0.87
        5168 |  1.05 |  0.86 |  0.96 |  0.90 |  0.78 |  0.76 |  0.87
        5168 |  1.05 |  0.86 |  0.96 |  0.90 |  0.78 |  0.76 |  0.87
        5168 |  1.05 |  0.86 |  0.96 |  0.90 |  0.78 |  0.76 |  0.87
        5168 |  1.05 |  0.86 |  0.96 |  0.90 |  0.78 |  0.76 |  0.87
        5168 |  1.05 |  0.86 |  0.96 |  0.90 |  0.78 |  0.76 |  0.87
        5168 |  1.05 |  0.86 |  0.96 |  0.90 |  0.78 |  0.76 |  0.87
        5168 |  1.05 |  0.86 |  0.96 |  0.90 |  0.78 |  0.76 |  0.87
        5168 |  1.05 |  0.86 |  0.96 |  0.90 |  0.78 |  0.76 |  0.87
        5168 |  1.05 |  0.86 |  0.96 |  0.90 |  0.78 |  0.76 |  0.87
        5168 |  1.05 |  0.86 |  0.96 |  0.90 |  0.78 |  0.76 |  0.87
        5168 |  1.05 |  0.86 |  0.96 |  0.90 |  0.78 |  0.76 |  0.87
        5168 |  1.05 |  0.86 |  0.96 |  0.90 |  0.78 |  0.76 |  0.87
        5168 |  1.05 |  0.86 |  0.96 |  0.90 |  0.78 |  0.76 |  0.87
        5168 |  1.05 |  0.86 |  0.96 |  0.90 |  0.78 |  0.76 |  0.87
        5168 |  1.05 |  0.86 |  0.96 |  0.90 |  0.78 |  0.76 |  0.87
        5168 |  1.05 |  0.86 |  0.96 |  0.90 |  0.78 |  0.76 |  0.87
        5168 |  1.05 |  0.86 |  0.96 |  0.90 |  0.78 |  0.76 |  0.87
        5168 |  1.05 |  0.86 |  0.96 |  0.90 |  0.78 |  0.76 |  0.87
        5168 |  1.05 |  0.86 |  0.96 |  0.90 |  0.78 |  0.76 |  0.87
        5168 |  1.05 |  0.86 |  0.96 |  0.90 |  0.78 |  0.76 |  0.87
        5168 |  1.05 |  0.86 |  0.96 |  0.90 |  0.78 |  0.76 |  0.87
        5168 |  1.05 |  0.86 |  0.96 |  0.90 |  0.78 |  0.76 |  0.87
        5168 |  1.05 |  0.86 |  0.96 |  0.90 |  0.78 |  0.76 |  0.87
        5168 |  1.05 |  0.86 |  0.96 |  0.90 |  0.78 |  0.76 |  0.87
        5168 |  1.05 |  0.86 |  0.96 |  0.90 |  0.78 |  0.76 |  0.87
        5168 |  1.05 |  0.86 |  0.96 |  0.90 |  0.78 |  0.76 |  0.87
        5168 |  1.05 |  0.86 |  0.96 |  0.90 |  0.78 |  0.76 |  0.87
        5168 |  1.05 |  0.86 |  0.96 |  0.90 |  0.78 |  0.76 |  0.87
        5169 |  1.30 |  1.17 |  0.85 |  0.98 |  1.09 |  0.94 |  1.02
        5169 |  1.30 |  1.17 |  0.85 |  0.98 |  1.09 |  0.94 |  1.02
        5169 |  1.30 |  1.17 |  0.85 |  0.98 |  1.09 |  0.94 |  1.02
        5169 |  1.30 |  1.17 |  0.85 |  0.98 |  1.09 |  0.94 |  1.02
        5169 |  1.30 |  1.17 |  0.85 |  0.98 |  1.09 |  0.94 |  1.02
        5169 |  1.30 |  1.17 |  0.85 |  0.98 |  1.09 |  0.94 |  1.02
        5169 |  1.30 |  1.17 |  0.85 |  0.98 |  1.09 |  0.94 |  1.02
        5169 |  1.30 |  1.17 |  0.85 |  0.98 |  1.09 |  0.94 |  1.02
        5169 |  1.30 |  1.17 |  0.85 |  0.98 |  1.09 |  0.94 |  1.02
        5169 |  1.30 |  1.17 |  0.85 |  0.98 |  1.09 |  0.94 |  1.02
        5169 |  1.30 |  1.17 |  0.85 |  0.98 |  1.09 |  0.94 |  1.02
        5169 |  1.30 |  1.17 |  0.85 |  0.98 |  1.09 |  0.94 |  1.02
        5169 |  1.30 |  1.17 |  0.85 |  0.98 |  1.09 |  0.94 |  1.02
        5169 |  1.30 |  1.17 |  0.85 |  0.98 |  1.09 |  0.94 |  1.02
        5169 |  1.30 |  1.17 |  0.85 |  0.98 |  1.09 |  0.94 |  1.02
        5169 |  1.30 |  1.17 |  0.85 |  0.98 |  1.09 |  0.94 |  1.02
        5169 |  1.30 |  1.17 |  0.85 |  0.98 |  1.09 |  0.94 |  1.02
        5169 |  1.30 |  1.17 |  0.85 |  0.98 |  1.09 |  0.94 |  1.02
        5169 |  1.30 |  1.17 |  0.85 |  0.98 |  1.09 |  0.94 |  1.02
        5169 |  1.30 |  1.17 |  0.85 |  0.98 |  1.09 |  0.94 |  1.02
        5169 |  1.30 |  1.17 |  0.85 |  0.98 |  1.09 |  0.94 |  1.02
        5169 |  1.30 |  1.17 |  0.85 |  0.98 |  1.09 |  0.94 |  1.02
        5169 |  1.30 |  1.17 |  0.85 |  0.98 |  1.09 |  0.94 |  1.02
        5169 |  1.30 |  1.17 |  0.85 |  0.98 |  1.09 |  0.94 |  1.02
        5169 |  1.30 |  1.17 |  0.85 |  0.98 |  1.09 |  0.94 |  1.02
        5169 |  1.30 |  1.17 |  0.85 |  0.98 |  1.09 |  0.94 |  1.02
        5169 |  1.30 |  1.17 |  0.85 |  0.98 |  1.09 |  0.94 |  1.02
        5169 |  1.30 |  1.17 |  0.85 |  0.98 |  1.09 |  0.94 |  1.02
        5169 |  1.30 |  1.17 |  0.85 |  0.98 |  1.09 |  0.94 |  1.02
        5169 |  1.30 |  1.17 |  0.85 |  0.98 |  1.09 |  0.94 |  1.02
        5169 |  1.30 |  1.17 |  0.85 |  0.98 |  1.09 |  0.94 |  1.02
        5169 |  1.30 |  1.17 |  0.85 |  0.98 |  1.09 |  0.94 |  1.02
        5169 |  1.30 |  1.17 |  0.85 |  0.98 |  1.09 |  0.94 |  1.02
        5169 |  1.30 |  1.17 |  0.85 |  0.98 |  1.09 |  0.94 |  1.02
        5169 |  1.30 |  1.17 |  0.85 |  0.98 |  1.09 |  0.94 |  1.02
        5169 |  1.30 |  1.17 |  0.85 |  0.98 |  1.09 |  0.94 |  1.02
        5169 |  1.30 |  1.17 |  0.85 |  0.98 |  1.09 |  0.94 |  1.02
        5169 |  1.30 |  1.17 |  0.85 |  0.98 |  1.09 |  0.94 |  1.02
        5169 |  1.30 |  1.17 |  0.85 |  0.98 |  1.09 |  0.94 |  1.02
        5169 |  1.30 |  1.17 |  0.85 |  0.98 |  1.09 |  0.94 |  1.02
        5169 |  1.30 |  1.17 |  0.85 |  0.98 |  1.09 |  0.94 |  1.02
        5169 |  1.30 |  1.17 |  0.85 |  0.98 |  1.09 |  0.94 |  1.02
        5169 |  1.30 |  1.17 |  0.85 |  0.98 |  1.09 |  0.94 |  1.02
        5169 |  1.30 |  1.17 |  0.85 |  0.98 |  1.09 |  0.94 |  1.02
        5169 |  1.30 |  1.17 |  0.85 |  0.98 |  1.09 |  0.94 |  1.02
        5169 |  1.30 |  1.17 |  0.85 |  0.98 |  1.09 |  0.94 |  1.02
        5169 |  1.30 |  1.17 |  0.85 |  0.98 |  1.09 |  0.94 |  1.02
        5169 |  1.30 |  1.17 |  0.85 |  0.98 |  1.09 |  0.94 |  1.02
        5169 |  1.30 |  1.17 |  0.85 |  0.98 |  1.09 |  0.94 |  1.02
        5170 |  1.02 |  0.89 |  0.93 |  1.01 |  0.84 |  0.97 |  0.84
        5170 |  1.02 |  0.89 |  0.93 |  1.01 |  0.84 |  0.97 |  0.84
        5170 |  1.02 |  0.89 |  0.93 |  1.01 |  0.84 |  0.97 |  0.84
        5170 |  1.02 |  0.89 |  0.93 |  1.01 |  0.84 |  0.97 |  0.84
        5170 |  1.02 |  0.89 |  0.93 |  1.01 |  0.84 |  0.97 |  0.84
        5170 |  1.02 |  0.89 |  0.93 |  1.01 |  0.84 |  0.97 |  0.84
        5170 |  1.02 |  0.89 |  0.93 |  1.01 |  0.84 |  0.97 |  0.84
        5170 |  1.02 |  0.89 |  0.93 |  1.01 |  0.84 |  0.97 |  0.84
        5170 |  1.02 |  0.89 |  0.93 |  1.01 |  0.84 |  0.97 |  0.84
        5170 |  1.02 |  0.89 |  0.93 |  1.01 |  0.84 |  0.97 |  0.84
        5170 |  1.02 |  0.89 |  0.93 |  1.01 |  0.84 |  0.97 |  0.84
        5170 |  1.02 |  0.89 |  0.93 |  1.01 |  0.84 |  0.97 |  0.84
        5170 |  1.02 |  0.89 |  0.93 |  1.01 |  0.84 |  0.97 |  0.84
        5170 |  1.02 |  0.89 |  0.93 |  1.01 |  0.84 |  0.97 |  0.84
        5170 |  1.02 |  0.89 |  0.93 |  1.01 |  0.84 |  0.97 |  0.84
        5170 |  1.02 |  0.89 |  0.93 |  1.01 |  0.84 |  0.97 |  0.84
        5170 |  1.02 |  0.89 |  0.93 |  1.01 |  0.84 |  0.97 |  0.84
        5170 |  1.02 |  0.89 |  0.93 |  1.01 |  0.84 |  0.97 |  0.84
        5170 |  1.02 |  0.89 |  0.93 |  1.01 |  0.84 |  0.97 |  0.84
        5170 |  1.02 |  0.89 |  0.93 |  1.01 |  0.84 |  0.97 |  0.84
        5170 |  1.02 |  0.89 |  0.93 |  1.01 |  0.84 |  0.97 |  0.84
        5170 |  1.02 |  0.89 |  0.93 |  1.01 |  0.84 |  0.97 |  0.84
        5170 |  1.02 |  0.89 |  0.93 |  1.01 |  0.84 |  0.97 |  0.84
        5170 |  1.02 |  0.89 |  0.93 |  1.01 |  0.84 |  0.97 |  0.84
        5170 |  1.02 |  0.89 |  0.93 |  1.01 |  0.84 |  0.97 |  0.84
        5170 |  1.02 |  0.89 |  0.93 |  1.01 |  0.84 |  0.97 |  0.84
        5170 |  1.02 |  0.89 |  0.93 |  1.01 |  0.84 |  0.97 |  0.84
        5170 |  1.02 |  0.89 |  0.93 |  1.01 |  0.84 |  0.97 |  0.84
        5170 |  1.02 |  0.89 |  0.93 |  1.01 |  0.84 |  0.97 |  0.84
        5170 |  1.02 |  0.89 |  0.93 |  1.01 |  0.84 |  0.97 |  0.84
        5170 |  1.02 |  0.89 |  0.93 |  1.01 |  0.84 |  0.97 |  0.84
        5170 |  1.02 |  0.89 |  0.93 |  1.01 |  0.84 |  0.97 |  0.84
        5170 |  1.02 |  0.89 |  0.93 |  1.01 |  0.84 |  0.97 |  0.84
        5170 |  1.02 |  0.89 |  0.93 |  1.01 |  0.84 |  0.97 |  0.84
        5170 |  1.02 |  0.89 |  0.93 |  1.01 |  0.84 |  0.97 |  0.84
        5170 |  1.02 |  0.89 |  0.93 |  1.01 |  0.84 |  0.97 |  0.84
        5170 |  1.02 |  0.89 |  0.93 |  1.01 |  0.84 |  0.97 |  0.84
        5170 |  1.02 |  0.89 |  0.93 |  1.01 |  0.84 |  0.97 |  0.84
        5170 |  1.02 |  0.89 |  0.93 |  1.01 |  0.84 |  0.97 |  0.84
        5170 |  1.02 |  0.89 |  0.93 |  1.01 |  0.84 |  0.97 |  0.84
        5170 |  1.02 |  0.89 |  0.93 |  1.01 |  0.84 |  0.97 |  0.84
        5170 |  1.02 |  0.89 |  0.93 |  1.01 |  0.84 |  0.97 |  0.84
        5170 |  1.02 |  0.89 |  0.93 |  1.01 |  0.84 |  0.97 |  0.84
        5170 |  1.02 |  0.89 |  0.93 |  1.01 |  0.84 |  0.97 |  0.84
        5170 |  1.02 |  0.89 |  0.93 |  1.01 |  0.84 |  0.97 |  0.84
        5170 |  1.02 |  0.89 |  0.93 |  1.01 |  0.84 |  0.97 |  0.84
        5170 |  1.02 |  0.89 |  0.93 |  1.01 |  0.84 |  0.97 |  0.84
        5170 |  1.02 |  0.89 |  0.93 |  1.01 |  0.84 |  0.97 |  0.84
        5170 |  1.02 |  0.89 |  0.93 |  1.01 |  0.84 |  0.97 |  0.84
        5171 |  1.04 |  0.99 |  0.81 |  0.90 |  1.20 |  0.94 |  0.92
        5171 |  1.04 |  0.99 |  0.81 |  0.90 |  1.20 |  0.94 |  0.92
        5171 |  1.04 |  0.99 |  0.81 |  0.90 |  1.20 |  0.94 |  0.92
        5171 |  1.04 |  0.99 |  0.81 |  0.90 |  1.20 |  0.94 |  0.92
        5171 |  1.04 |  0.99 |  0.81 |  0.90 |  1.20 |  0.94 |  0.92
        5171 |  1.04 |  0.99 |  0.81 |  0.90 |  1.20 |  0.94 |  0.92
        5171 |  1.04 |  0.99 |  0.81 |  0.90 |  1.20 |  0.94 |  0.92
        5171 |  1.04 |  0.99 |  0.81 |  0.90 |  1.20 |  0.94 |  0.92
        5171 |  1.04 |  0.99 |  0.81 |  0.90 |  1.20 |  0.94 |  0.92
        5171 |  1.04 |  0.99 |  0.81 |  0.90 |  1.20 |  0.94 |  0.92
        5171 |  1.04 |  0.99 |  0.81 |  0.90 |  1.20 |  0.94 |  0.92
        5171 |  1.04 |  0.99 |  0.81 |  0.90 |  1.20 |  0.94 |  0.92
        5171 |  1.04 |  0.99 |  0.81 |  0.90 |  1.20 |  0.94 |  0.92
        5171 |  1.04 |  0.99 |  0.81 |  0.90 |  1.20 |  0.94 |  0.92
        5171 |  1.04 |  0.99 |  0.81 |  0.90 |  1.20 |  0.94 |  0.92
        5171 |  1.04 |  0.99 |  0.81 |  0.90 |  1.20 |  0.94 |  0.92
        5171 |  1.04 |  0.99 |  0.81 |  0.90 |  1.20 |  0.94 |  0.92
        5171 |  1.04 |  0.99 |  0.81 |  0.90 |  1.20 |  0.94 |  0.92
        5171 |  1.04 |  0.99 |  0.81 |  0.90 |  1.20 |  0.94 |  0.92
        5171 |  1.04 |  0.99 |  0.81 |  0.90 |  1.20 |  0.94 |  0.92
        5171 |  1.04 |  0.99 |  0.81 |  0.90 |  1.20 |  0.94 |  0.92
        5171 |  1.04 |  0.99 |  0.81 |  0.90 |  1.20 |  0.94 |  0.92
        5171 |  1.04 |  0.99 |  0.81 |  0.90 |  1.20 |  0.94 |  0.92
        5171 |  1.04 |  0.99 |  0.81 |  0.90 |  1.20 |  0.94 |  0.92
        5171 |  1.04 |  0.99 |  0.81 |  0.90 |  1.20 |  0.94 |  0.92
        5171 |  1.04 |  0.99 |  0.81 |  0.90 |  1.20 |  0.94 |  0.92
        5171 |  1.04 |  0.99 |  0.81 |  0.90 |  1.20 |  0.94 |  0.92
        5171 |  1.04 |  0.99 |  0.81 |  0.90 |  1.20 |  0.94 |  0.92
        5171 |  1.04 |  0.99 |  0.81 |  0.90 |  1.20 |  0.94 |  0.92
        5171 |  1.04 |  0.99 |  0.81 |  0.90 |  1.20 |  0.94 |  0.92
        5171 |  1.04 |  0.99 |  0.81 |  0.90 |  1.20 |  0.94 |  0.92
        5171 |  1.04 |  0.99 |  0.81 |  0.90 |  1.20 |  0.94 |  0.92
        5171 |  1.04 |  0.99 |  0.81 |  0.90 |  1.20 |  0.94 |  0.92
        5171 |  1.04 |  0.99 |  0.81 |  0.90 |  1.20 |  0.94 |  0.92
        5171 |  1.04 |  0.99 |  0.81 |  0.90 |  1.20 |  0.94 |  0.92
        5171 |  1.04 |  0.99 |  0.81 |  0.90 |  1.20 |  0.94 |  0.92
        5171 |  1.04 |  0.99 |  0.81 |  0.90 |  1.20 |  0.94 |  0.92
        5171 |  1.04 |  0.99 |  0.81 |  0.90 |  1.20 |  0.94 |  0.92
        5171 |  1.04 |  0.99 |  0.81 |  0.90 |  1.20 |  0.94 |  0.92
        5171 |  1.04 |  0.99 |  0.81 |  0.90 |  1.20 |  0.94 |  0.92
        5171 |  1.04 |  0.99 |  0.81 |  0.90 |  1.20 |  0.94 |  0.92
        5171 |  1.04 |  0.99 |  0.81 |  0.90 |  1.20 |  0.94 |  0.92
        5171 |  1.04 |  0.99 |  0.81 |  0.90 |  1.20 |  0.94 |  0.92
        5171 |  1.04 |  0.99 |  0.81 |  0.90 |  1.20 |  0.94 |  0.92
        5171 |  1.04 |  0.99 |  0.81 |  0.90 |  1.20 |  0.94 |  0.92
        5171 |  1.04 |  0.99 |  0.81 |  0.90 |  1.20 |  0.94 |  0.92
        5171 |  1.04 |  0.99 |  0.81 |  0.90 |  1.20 |  0.94 |  0.92
        5171 |  1.04 |  0.99 |  0.81 |  0.90 |  1.20 |  0.94 |  0.92
        5171 |  1.04 |  0.99 |  0.81 |  0.90 |  1.20 |  0.94 |  0.92
        5172 |  1.18 |  0.80 |  0.85 |  1.20 |  1.20 |  0.87 |  0.85
        5172 |  1.18 |  0.80 |  0.85 |  1.20 |  1.20 |  0.87 |  0.85
        5172 |  1.18 |  0.80 |  0.85 |  1.20 |  1.20 |  0.87 |  0.85
        5172 |  1.18 |  0.80 |  0.85 |  1.20 |  1.20 |  0.87 |  0.85
        5172 |  1.18 |  0.80 |  0.85 |  1.20 |  1.20 |  0.87 |  0.85
        5172 |  1.18 |  0.80 |  0.85 |  1.20 |  1.20 |  0.87 |  0.85
        5172 |  1.18 |  0.80 |  0.85 |  1.20 |  1.20 |  0.87 |  0.85
        5172 |  1.18 |  0.80 |  0.85 |  1.20 |  1.20 |  0.87 |  0.85
        5172 |  1.18 |  0.80 |  0.85 |  1.20 |  1.20 |  0.87 |  0.85
        5172 |  1.18 |  0.80 |  0.85 |  1.20 |  1.20 |  0.87 |  0.85
        5172 |  1.18 |  0.80 |  0.85 |  1.20 |  1.20 |  0.87 |  0.85
        5172 |  1.18 |  0.80 |  0.85 |  1.20 |  1.20 |  0.87 |  0.85
        5172 |  1.18 |  0.80 |  0.85 |  1.20 |  1.20 |  0.87 |  0.85
        5172 |  1.18 |  0.80 |  0.85 |  1.20 |  1.20 |  0.87 |  0.85
        5172 |  1.18 |  0.80 |  0.85 |  1.20 |  1.20 |  0.87 |  0.85
        5172 |  1.18 |  0.80 |  0.85 |  1.20 |  1.20 |  0.87 |  0.85
        5172 |  1.18 |  0.80 |  0.85 |  1.20 |  1.20 |  0.87 |  0.85
        5172 |  1.18 |  0.80 |  0.85 |  1.20 |  1.20 |  0.87 |  0.85
        5172 |  1.18 |  0.80 |  0.85 |  1.20 |  1.20 |  0.87 |  0.85
        5172 |  1.18 |  0.80 |  0.85 |  1.20 |  1.20 |  0.87 |  0.85
        5172 |  1.18 |  0.80 |  0.85 |  1.20 |  1.20 |  0.87 |  0.85
        5172 |  1.18 |  0.80 |  0.85 |  1.20 |  1.20 |  0.87 |  0.85
        5172 |  1.18 |  0.80 |  0.85 |  1.20 |  1.20 |  0.87 |  0.85
        5172 |  1.18 |  0.80 |  0.85 |  1.20 |  1.20 |  0.87 |  0.85
        5172 |  1.18 |  0.80 |  0.85 |  1.20 |  1.20 |  0.87 |  0.85
        5172 |  1.18 |  0.80 |  0.85 |  1.20 |  1.20 |  0.87 |  0.85
        5172 |  1.18 |  0.80 |  0.85 |  1.20 |  1.20 |  0.87 |  0.85
        5172 |  1.18 |  0.80 |  0.85 |  1.20 |  1.20 |  0.87 |  0.85
        5172 |  1.18 |  0.80 |  0.85 |  1.20 |  1.20 |  0.87 |  0.85
        5172 |  1.18 |  0.80 |  0.85 |  1.20 |  1.20 |  0.87 |  0.85
        5172 |  1.18 |  0.80 |  0.85 |  1.20 |  1.20 |  0.87 |  0.85
        5172 |  1.18 |  0.80 |  0.85 |  1.20 |  1.20 |  0.87 |  0.85
        5172 |  1.18 |  0.80 |  0.85 |  1.20 |  1.20 |  0.87 |  0.85
        5172 |  1.18 |  0.80 |  0.85 |  1.20 |  1.20 |  0.87 |  0.85
        5172 |  1.18 |  0.80 |  0.85 |  1.20 |  1.20 |  0.87 |  0.85
        5172 |  1.18 |  0.80 |  0.85 |  1.20 |  1.20 |  0.87 |  0.85
        5172 |  1.18 |  0.80 |  0.85 |  1.20 |  1.20 |  0.87 |  0.85
        5172 |  1.18 |  0.80 |  0.85 |  1.20 |  1.20 |  0.87 |  0.85
        5172 |  1.18 |  0.80 |  0.85 |  1.20 |  1.20 |  0.87 |  0.85
        5172 |  1.18 |  0.80 |  0.85 |  1.20 |  1.20 |  0.87 |  0.85
        5172 |  1.18 |  0.80 |  0.85 |  1.20 |  1.20 |  0.87 |  0.85
        5172 |  1.18 |  0.80 |  0.85 |  1.20 |  1.20 |  0.87 |  0.85
        5172 |  1.18 |  0.80 |  0.85 |  1.20 |  1.20 |  0.87 |  0.85
        5172 |  1.18 |  0.80 |  0.85 |  1.20 |  1.20 |  0.87 |  0.85
        5172 |  1.18 |  0.80 |  0.85 |  1.20 |  1.20 |  0.87 |  0.85
        5172 |  1.18 |  0.80 |  0.85 |  1.20 |  1.20 |  0.87 |  0.85
        5172 |  1.18 |  0.80 |  0.85 |  1.20 |  1.20 |  0.87 |  0.85
        5172 |  1.18 |  0.80 |  0.85 |  1.20 |  1.20 |  0.87 |  0.85
        5172 |  1.18 |  0.80 |  0.85 |  1.20 |  1.20 |  0.87 |  0.85
        5173 |  1.07 |  1.12 |  1.08 |  1.01 |  0.82 |  1.06 |  0.81
        5173 |  1.07 |  1.12 |  1.08 |  1.01 |  0.82 |  1.06 |  0.81
        5173 |  1.07 |  1.12 |  1.08 |  1.01 |  0.82 |  1.06 |  0.81
        5173 |  1.07 |  1.12 |  1.08 |  1.01 |  0.82 |  1.06 |  0.81
        5173 |  1.07 |  1.12 |  1.08 |  1.01 |  0.82 |  1.06 |  0.81
        5173 |  1.07 |  1.12 |  1.08 |  1.01 |  0.82 |  1.06 |  0.81
        5173 |  1.07 |  1.12 |  1.08 |  1.01 |  0.82 |  1.06 |  0.81
        5173 |  1.07 |  1.12 |  1.08 |  1.01 |  0.82 |  1.06 |  0.81
        5173 |  1.07 |  1.12 |  1.08 |  1.01 |  0.82 |  1.06 |  0.81
        5173 |  1.07 |  1.12 |  1.08 |  1.01 |  0.82 |  1.06 |  0.81
        5173 |  1.07 |  1.12 |  1.08 |  1.01 |  0.82 |  1.06 |  0.81
        5173 |  1.07 |  1.12 |  1.08 |  1.01 |  0.82 |  1.06 |  0.81
        5173 |  1.07 |  1.12 |  1.08 |  1.01 |  0.82 |  1.06 |  0.81
        5173 |  1.07 |  1.12 |  1.08 |  1.01 |  0.82 |  1.06 |  0.81
        5173 |  1.07 |  1.12 |  1.08 |  1.01 |  0.82 |  1.06 |  0.81
        5173 |  1.07 |  1.12 |  1.08 |  1.01 |  0.82 |  1.06 |  0.81
        5173 |  1.07 |  1.12 |  1.08 |  1.01 |  0.82 |  1.06 |  0.81
        5173 |  1.07 |  1.12 |  1.08 |  1.01 |  0.82 |  1.06 |  0.81
        5173 |  1.07 |  1.12 |  1.08 |  1.01 |  0.82 |  1.06 |  0.81
        5173 |  1.07 |  1.12 |  1.08 |  1.01 |  0.82 |  1.06 |  0.81
        5173 |  1.07 |  1.12 |  1.08 |  1.01 |  0.82 |  1.06 |  0.81
        5173 |  1.07 |  1.12 |  1.08 |  1.01 |  0.82 |  1.06 |  0.81
        5173 |  1.07 |  1.12 |  1.08 |  1.01 |  0.82 |  1.06 |  0.81
        5173 |  1.07 |  1.12 |  1.08 |  1.01 |  0.82 |  1.06 |  0.81
        5173 |  1.07 |  1.12 |  1.08 |  1.01 |  0.82 |  1.06 |  0.81
        5173 |  1.07 |  1.12 |  1.08 |  1.01 |  0.82 |  1.06 |  0.81
        5173 |  1.07 |  1.12 |  1.08 |  1.01 |  0.82 |  1.06 |  0.81
        5173 |  1.07 |  1.12 |  1.08 |  1.01 |  0.82 |  1.06 |  0.81
        5173 |  1.07 |  1.12 |  1.08 |  1.01 |  0.82 |  1.06 |  0.81
        5173 |  1.07 |  1.12 |  1.08 |  1.01 |  0.82 |  1.06 |  0.81
        5173 |  1.07 |  1.12 |  1.08 |  1.01 |  0.82 |  1.06 |  0.81
        5173 |  1.07 |  1.12 |  1.08 |  1.01 |  0.82 |  1.06 |  0.81
        5173 |  1.07 |  1.12 |  1.08 |  1.01 |  0.82 |  1.06 |  0.81
        5173 |  1.07 |  1.12 |  1.08 |  1.01 |  0.82 |  1.06 |  0.81
        5173 |  1.07 |  1.12 |  1.08 |  1.01 |  0.82 |  1.06 |  0.81
        5173 |  1.07 |  1.12 |  1.08 |  1.01 |  0.82 |  1.06 |  0.81
        5173 |  1.07 |  1.12 |  1.08 |  1.01 |  0.82 |  1.06 |  0.81
        5173 |  1.07 |  1.12 |  1.08 |  1.01 |  0.82 |  1.06 |  0.81
        5173 |  1.07 |  1.12 |  1.08 |  1.01 |  0.82 |  1.06 |  0.81
        5173 |  1.07 |  1.12 |  1.08 |  1.01 |  0.82 |  1.06 |  0.81
        5173 |  1.07 |  1.12 |  1.08 |  1.01 |  0.82 |  1.06 |  0.81
        5173 |  1.07 |  1.12 |  1.08 |  1.01 |  0.82 |  1.06 |  0.81
        5173 |  1.07 |  1.12 |  1.08 |  1.01 |  0.82 |  1.06 |  0.81
        5173 |  1.07 |  1.12 |  1.08 |  1.01 |  0.82 |  1.06 |  0.81
        5173 |  1.07 |  1.12 |  1.08 |  1.01 |  0.82 |  1.06 |  0.81
        5173 |  1.07 |  1.12 |  1.08 |  1.01 |  0.82 |  1.06 |  0.81
        5173 |  1.07 |  1.12 |  1.08 |  1.01 |  0.82 |  1.06 |  0.81
        5173 |  1.07 |  1.12 |  1.08 |  1.01 |  0.82 |  1.06 |  0.81
        5173 |  1.07 |  1.12 |  1.08 |  1.01 |  0.82 |  1.06 |  0.81
        5174 |  0.96 |  0.43 |  1.13 |  1.19 |  0.77 |  1.29 |  0.98
        5174 |  0.96 |  0.43 |  1.13 |  1.19 |  0.77 |  1.29 |  0.98
        5174 |  0.96 |  0.43 |  1.13 |  1.19 |  0.77 |  1.29 |  0.98
        5174 |  0.96 |  0.43 |  1.13 |  1.19 |  0.77 |  1.29 |  0.98
        5174 |  0.96 |  0.43 |  1.13 |  1.19 |  0.77 |  1.29 |  0.98
        5174 |  0.96 |  0.43 |  1.13 |  1.19 |  0.77 |  1.29 |  0.98
        5174 |  0.96 |  0.43 |  1.13 |  1.19 |  0.77 |  1.29 |  0.98
        5174 |  0.96 |  0.43 |  1.13 |  1.19 |  0.77 |  1.29 |  0.98
        5174 |  0.96 |  0.43 |  1.13 |  1.19 |  0.77 |  1.29 |  0.98
        5174 |  0.96 |  0.43 |  1.13 |  1.19 |  0.77 |  1.29 |  0.98
        5174 |  0.96 |  0.43 |  1.13 |  1.19 |  0.77 |  1.29 |  0.98
        5174 |  0.96 |  0.43 |  1.13 |  1.19 |  0.77 |  1.29 |  0.98
        5174 |  0.96 |  0.43 |  1.13 |  1.19 |  0.77 |  1.29 |  0.98
        5174 |  0.96 |  0.43 |  1.13 |  1.19 |  0.77 |  1.29 |  0.98
        5174 |  0.96 |  0.43 |  1.13 |  1.19 |  0.77 |  1.29 |  0.98
        5174 |  0.96 |  0.43 |  1.13 |  1.19 |  0.77 |  1.29 |  0.98
        5174 |  0.96 |  0.43 |  1.13 |  1.19 |  0.77 |  1.29 |  0.98
        5174 |  0.96 |  0.43 |  1.13 |  1.19 |  0.77 |  1.29 |  0.98
        5174 |  0.96 |  0.43 |  1.13 |  1.19 |  0.77 |  1.29 |  0.98
        5174 |  0.96 |  0.43 |  1.13 |  1.19 |  0.77 |  1.29 |  0.98
        5174 |  0.96 |  0.43 |  1.13 |  1.19 |  0.77 |  1.29 |  0.98
        5174 |  0.96 |  0.43 |  1.13 |  1.19 |  0.77 |  1.29 |  0.98
        5174 |  0.96 |  0.43 |  1.13 |  1.19 |  0.77 |  1.29 |  0.98
        5174 |  0.96 |  0.43 |  1.13 |  1.19 |  0.77 |  1.29 |  0.98
        5174 |  0.96 |  0.43 |  1.13 |  1.19 |  0.77 |  1.29 |  0.98
        5174 |  0.96 |  0.43 |  1.13 |  1.19 |  0.77 |  1.29 |  0.98
        5174 |  0.96 |  0.43 |  1.13 |  1.19 |  0.77 |  1.29 |  0.98
        5174 |  0.96 |  0.43 |  1.13 |  1.19 |  0.77 |  1.29 |  0.98
        5174 |  0.96 |  0.43 |  1.13 |  1.19 |  0.77 |  1.29 |  0.98
        5174 |  0.96 |  0.43 |  1.13 |  1.19 |  0.77 |  1.29 |  0.98
        5174 |  0.96 |  0.43 |  1.13 |  1.19 |  0.77 |  1.29 |  0.98
        5174 |  0.96 |  0.43 |  1.13 |  1.19 |  0.77 |  1.29 |  0.98
        5174 |  0.96 |  0.43 |  1.13 |  1.19 |  0.77 |  1.29 |  0.98
        5174 |  0.96 |  0.43 |  1.13 |  1.19 |  0.77 |  1.29 |  0.98
        5174 |  0.96 |  0.43 |  1.13 |  1.19 |  0.77 |  1.29 |  0.98
        5174 |  0.96 |  0.43 |  1.13 |  1.19 |  0.77 |  1.29 |  0.98
        5174 |  0.96 |  0.43 |  1.13 |  1.19 |  0.77 |  1.29 |  0.98
        5174 |  0.96 |  0.43 |  1.13 |  1.19 |  0.77 |  1.29 |  0.98
        5174 |  0.96 |  0.43 |  1.13 |  1.19 |  0.77 |  1.29 |  0.98
        5174 |  0.96 |  0.43 |  1.13 |  1.19 |  0.77 |  1.29 |  0.98
        5174 |  0.96 |  0.43 |  1.13 |  1.19 |  0.77 |  1.29 |  0.98
        5174 |  0.96 |  0.43 |  1.13 |  1.19 |  0.77 |  1.29 |  0.98
        5174 |  0.96 |  0.43 |  1.13 |  1.19 |  0.77 |  1.29 |  0.98
        5174 |  0.96 |  0.43 |  1.13 |  1.19 |  0.77 |  1.29 |  0.98
        5174 |  0.96 |  0.43 |  1.13 |  1.19 |  0.77 |  1.29 |  0.98
        5174 |  0.96 |  0.43 |  1.13 |  1.19 |  0.77 |  1.29 |  0.98
        5174 |  0.96 |  0.43 |  1.13 |  1.19 |  0.77 |  1.29 |  0.98
        5174 |  0.96 |  0.43 |  1.13 |  1.19 |  0.77 |  1.29 |  0.98
        5174 |  0.96 |  0.43 |  1.13 |  1.19 |  0.77 |  1.29 |  0.98
        5175 |  1.21 |  1.03 |  0.55 |  1.17 |  1.03 |  1.00 |  0.93
        5175 |  1.21 |  1.03 |  0.55 |  1.17 |  1.03 |  1.00 |  0.93
        5175 |  1.21 |  1.03 |  0.55 |  1.17 |  1.03 |  1.00 |  0.93
        5175 |  1.21 |  1.03 |  0.55 |  1.17 |  1.03 |  1.00 |  0.93
        5175 |  1.21 |  1.03 |  0.55 |  1.17 |  1.03 |  1.00 |  0.93
        5175 |  1.21 |  1.03 |  0.55 |  1.17 |  1.03 |  1.00 |  0.93
        5175 |  1.21 |  1.03 |  0.55 |  1.17 |  1.03 |  1.00 |  0.93
        5175 |  1.21 |  1.03 |  0.55 |  1.17 |  1.03 |  1.00 |  0.93
        5175 |  1.21 |  1.03 |  0.55 |  1.17 |  1.03 |  1.00 |  0.93
        5175 |  1.21 |  1.03 |  0.55 |  1.17 |  1.03 |  1.00 |  0.93
        5175 |  1.21 |  1.03 |  0.55 |  1.17 |  1.03 |  1.00 |  0.93
        5175 |  1.21 |  1.03 |  0.55 |  1.17 |  1.03 |  1.00 |  0.93
        5175 |  1.21 |  1.03 |  0.55 |  1.17 |  1.03 |  1.00 |  0.93
        5175 |  1.21 |  1.03 |  0.55 |  1.17 |  1.03 |  1.00 |  0.93
        5175 |  1.21 |  1.03 |  0.55 |  1.17 |  1.03 |  1.00 |  0.93
        5175 |  1.21 |  1.03 |  0.55 |  1.17 |  1.03 |  1.00 |  0.93
        5175 |  1.21 |  1.03 |  0.55 |  1.17 |  1.03 |  1.00 |  0.93
        5175 |  1.21 |  1.03 |  0.55 |  1.17 |  1.03 |  1.00 |  0.93
        5175 |  1.21 |  1.03 |  0.55 |  1.17 |  1.03 |  1.00 |  0.93
        5175 |  1.21 |  1.03 |  0.55 |  1.17 |  1.03 |  1.00 |  0.93
        5175 |  1.21 |  1.03 |  0.55 |  1.17 |  1.03 |  1.00 |  0.93
        5175 |  1.21 |  1.03 |  0.55 |  1.17 |  1.03 |  1.00 |  0.93
        5175 |  1.21 |  1.03 |  0.55 |  1.17 |  1.03 |  1.00 |  0.93
        5175 |  1.21 |  1.03 |  0.55 |  1.17 |  1.03 |  1.00 |  0.93
        5175 |  1.21 |  1.03 |  0.55 |  1.17 |  1.03 |  1.00 |  0.93
        5175 |  1.21 |  1.03 |  0.55 |  1.17 |  1.03 |  1.00 |  0.93
        5175 |  1.21 |  1.03 |  0.55 |  1.17 |  1.03 |  1.00 |  0.93
        5175 |  1.21 |  1.03 |  0.55 |  1.17 |  1.03 |  1.00 |  0.93
        5175 |  1.21 |  1.03 |  0.55 |  1.17 |  1.03 |  1.00 |  0.93
        5175 |  1.21 |  1.03 |  0.55 |  1.17 |  1.03 |  1.00 |  0.93
        5175 |  1.21 |  1.03 |  0.55 |  1.17 |  1.03 |  1.00 |  0.93
        5175 |  1.21 |  1.03 |  0.55 |  1.17 |  1.03 |  1.00 |  0.93
        5175 |  1.21 |  1.03 |  0.55 |  1.17 |  1.03 |  1.00 |  0.93
        5175 |  1.21 |  1.03 |  0.55 |  1.17 |  1.03 |  1.00 |  0.93
        5175 |  1.21 |  1.03 |  0.55 |  1.17 |  1.03 |  1.00 |  0.93
        5175 |  1.21 |  1.03 |  0.55 |  1.17 |  1.03 |  1.00 |  0.93
        5175 |  1.21 |  1.03 |  0.55 |  1.17 |  1.03 |  1.00 |  0.93
        5175 |  1.21 |  1.03 |  0.55 |  1.17 |  1.03 |  1.00 |  0.93
        5175 |  1.21 |  1.03 |  0.55 |  1.17 |  1.03 |  1.00 |  0.93
        5175 |  1.21 |  1.03 |  0.55 |  1.17 |  1.03 |  1.00 |  0.93
        5175 |  1.21 |  1.03 |  0.55 |  1.17 |  1.03 |  1.00 |  0.93
        5175 |  1.21 |  1.03 |  0.55 |  1.17 |  1.03 |  1.00 |  0.93
        5175 |  1.21 |  1.03 |  0.55 |  1.17 |  1.03 |  1.00 |  0.93
        5175 |  1.21 |  1.03 |  0.55 |  1.17 |  1.03 |  1.00 |  0.93
        5175 |  1.21 |  1.03 |  0.55 |  1.17 |  1.03 |  1.00 |  0.93
        5175 |  1.21 |  1.03 |  0.55 |  1.17 |  1.03 |  1.00 |  0.93
        5175 |  1.21 |  1.03 |  0.55 |  1.17 |  1.03 |  1.00 |  0.93
        5175 |  1.21 |  1.03 |  0.55 |  1.17 |  1.03 |  1.00 |  0.93
        5175 |  1.21 |  1.03 |  0.55 |  1.17 |  1.03 |  1.00 |  0.93
        5176 |  0.93 |  0.92 |  1.24 |  0.96 |  0.85 |  1.00 |  0.95
        5176 |  0.93 |  0.92 |  1.24 |  0.96 |  0.85 |  1.00 |  0.95
        5176 |  0.93 |  0.92 |  1.24 |  0.96 |  0.85 |  1.00 |  0.95
        5176 |  0.93 |  0.92 |  1.24 |  0.96 |  0.85 |  1.00 |  0.95
        5176 |  0.93 |  0.92 |  1.24 |  0.96 |  0.85 |  1.00 |  0.95
        5176 |  0.93 |  0.92 |  1.24 |  0.96 |  0.85 |  1.00 |  0.95
        5176 |  0.93 |  0.92 |  1.24 |  0.96 |  0.85 |  1.00 |  0.95
        5176 |  0.93 |  0.92 |  1.24 |  0.96 |  0.85 |  1.00 |  0.95
        5176 |  0.93 |  0.92 |  1.24 |  0.96 |  0.85 |  1.00 |  0.95
        5176 |  0.93 |  0.92 |  1.24 |  0.96 |  0.85 |  1.00 |  0.95
        5176 |  0.93 |  0.92 |  1.24 |  0.96 |  0.85 |  1.00 |  0.95
        5176 |  0.93 |  0.92 |  1.24 |  0.96 |  0.85 |  1.00 |  0.95
        5176 |  0.93 |  0.92 |  1.24 |  0.96 |  0.85 |  1.00 |  0.95
        5176 |  0.93 |  0.92 |  1.24 |  0.96 |  0.85 |  1.00 |  0.95
        5176 |  0.93 |  0.92 |  1.24 |  0.96 |  0.85 |  1.00 |  0.95
        5176 |  0.93 |  0.92 |  1.24 |  0.96 |  0.85 |  1.00 |  0.95
        5176 |  0.93 |  0.92 |  1.24 |  0.96 |  0.85 |  1.00 |  0.95
        5176 |  0.93 |  0.92 |  1.24 |  0.96 |  0.85 |  1.00 |  0.95
        5176 |  0.93 |  0.92 |  1.24 |  0.96 |  0.85 |  1.00 |  0.95
        5176 |  0.93 |  0.92 |  1.24 |  0.96 |  0.85 |  1.00 |  0.95
        5176 |  0.93 |  0.92 |  1.24 |  0.96 |  0.85 |  1.00 |  0.95
        5176 |  0.93 |  0.92 |  1.24 |  0.96 |  0.85 |  1.00 |  0.95
        5176 |  0.93 |  0.92 |  1.24 |  0.96 |  0.85 |  1.00 |  0.95
        5176 |  0.93 |  0.92 |  1.24 |  0.96 |  0.85 |  1.00 |  0.95
        5176 |  0.93 |  0.92 |  1.24 |  0.96 |  0.85 |  1.00 |  0.95
        5176 |  0.93 |  0.92 |  1.24 |  0.96 |  0.85 |  1.00 |  0.95
        5176 |  0.93 |  0.92 |  1.24 |  0.96 |  0.85 |  1.00 |  0.95
        5176 |  0.93 |  0.92 |  1.24 |  0.96 |  0.85 |  1.00 |  0.95
        5176 |  0.93 |  0.92 |  1.24 |  0.96 |  0.85 |  1.00 |  0.95
        5176 |  0.93 |  0.92 |  1.24 |  0.96 |  0.85 |  1.00 |  0.95
        5176 |  0.93 |  0.92 |  1.24 |  0.96 |  0.85 |  1.00 |  0.95
        5176 |  0.93 |  0.92 |  1.24 |  0.96 |  0.85 |  1.00 |  0.95
        5176 |  0.93 |  0.92 |  1.24 |  0.96 |  0.85 |  1.00 |  0.95
        5176 |  0.93 |  0.92 |  1.24 |  0.96 |  0.85 |  1.00 |  0.95
        5176 |  0.93 |  0.92 |  1.24 |  0.96 |  0.85 |  1.00 |  0.95
        5176 |  0.93 |  0.92 |  1.24 |  0.96 |  0.85 |  1.00 |  0.95
        5176 |  0.93 |  0.92 |  1.24 |  0.96 |  0.85 |  1.00 |  0.95
        5176 |  0.93 |  0.92 |  1.24 |  0.96 |  0.85 |  1.00 |  0.95
        5176 |  0.93 |  0.92 |  1.24 |  0.96 |  0.85 |  1.00 |  0.95
        5176 |  0.93 |  0.92 |  1.24 |  0.96 |  0.85 |  1.00 |  0.95
        5176 |  0.93 |  0.92 |  1.24 |  0.96 |  0.85 |  1.00 |  0.95
        5176 |  0.93 |  0.92 |  1.24 |  0.96 |  0.85 |  1.00 |  0.95
        5176 |  0.93 |  0.92 |  1.24 |  0.96 |  0.85 |  1.00 |  0.95
        5176 |  0.93 |  0.92 |  1.24 |  0.96 |  0.85 |  1.00 |  0.95
        5176 |  0.93 |  0.92 |  1.24 |  0.96 |  0.85 |  1.00 |  0.95
        5176 |  0.93 |  0.92 |  1.24 |  0.96 |  0.85 |  1.00 |  0.95
        5176 |  0.93 |  0.92 |  1.24 |  0.96 |  0.85 |  1.00 |  0.95
        5176 |  0.93 |  0.92 |  1.24 |  0.96 |  0.85 |  1.00 |  0.95
        5176 |  0.93 |  0.92 |  1.24 |  0.96 |  0.85 |  1.00 |  0.95
        5177 |  0.99 |  1.19 |  0.93 |  0.92 |  1.06 |  1.23 |  1.10
        5177 |  0.99 |  1.19 |  0.93 |  0.92 |  1.06 |  1.23 |  1.10
        5177 |  0.99 |  1.19 |  0.93 |  0.92 |  1.06 |  1.23 |  1.10
        5177 |  0.99 |  1.19 |  0.93 |  0.92 |  1.06 |  1.23 |  1.10
        5177 |  0.99 |  1.19 |  0.93 |  0.92 |  1.06 |  1.23 |  1.10
        5177 |  0.99 |  1.19 |  0.93 |  0.92 |  1.06 |  1.23 |  1.10
        5177 |  0.99 |  1.19 |  0.93 |  0.92 |  1.06 |  1.23 |  1.10
        5177 |  0.99 |  1.19 |  0.93 |  0.92 |  1.06 |  1.23 |  1.10
        5177 |  0.99 |  1.19 |  0.93 |  0.92 |  1.06 |  1.23 |  1.10
        5177 |  0.99 |  1.19 |  0.93 |  0.92 |  1.06 |  1.23 |  1.10
        5177 |  0.99 |  1.19 |  0.93 |  0.92 |  1.06 |  1.23 |  1.10
        5177 |  0.99 |  1.19 |  0.93 |  0.92 |  1.06 |  1.23 |  1.10
        5177 |  0.99 |  1.19 |  0.93 |  0.92 |  1.06 |  1.23 |  1.10
        5177 |  0.99 |  1.19 |  0.93 |  0.92 |  1.06 |  1.23 |  1.10
        5177 |  0.99 |  1.19 |  0.93 |  0.92 |  1.06 |  1.23 |  1.10
        5177 |  0.99 |  1.19 |  0.93 |  0.92 |  1.06 |  1.23 |  1.10
        5177 |  0.99 |  1.19 |  0.93 |  0.92 |  1.06 |  1.23 |  1.10
        5177 |  0.99 |  1.19 |  0.93 |  0.92 |  1.06 |  1.23 |  1.10
        5177 |  0.99 |  1.19 |  0.93 |  0.92 |  1.06 |  1.23 |  1.10
        5177 |  0.99 |  1.19 |  0.93 |  0.92 |  1.06 |  1.23 |  1.10
        5177 |  0.99 |  1.19 |  0.93 |  0.92 |  1.06 |  1.23 |  1.10
        5177 |  0.99 |  1.19 |  0.93 |  0.92 |  1.06 |  1.23 |  1.10
        5177 |  0.99 |  1.19 |  0.93 |  0.92 |  1.06 |  1.23 |  1.10
        5177 |  0.99 |  1.19 |  0.93 |  0.92 |  1.06 |  1.23 |  1.10
        5177 |  0.99 |  1.19 |  0.93 |  0.92 |  1.06 |  1.23 |  1.10
        5177 |  0.99 |  1.19 |  0.93 |  0.92 |  1.06 |  1.23 |  1.10
        5177 |  0.99 |  1.19 |  0.93 |  0.92 |  1.06 |  1.23 |  1.10
        5177 |  0.99 |  1.19 |  0.93 |  0.92 |  1.06 |  1.23 |  1.10
        5177 |  0.99 |  1.19 |  0.93 |  0.92 |  1.06 |  1.23 |  1.10
        5177 |  0.99 |  1.19 |  0.93 |  0.92 |  1.06 |  1.23 |  1.10
        5177 |  0.99 |  1.19 |  0.93 |  0.92 |  1.06 |  1.23 |  1.10
        5177 |  0.99 |  1.19 |  0.93 |  0.92 |  1.06 |  1.23 |  1.10
        5177 |  0.99 |  1.19 |  0.93 |  0.92 |  1.06 |  1.23 |  1.10
        5177 |  0.99 |  1.19 |  0.93 |  0.92 |  1.06 |  1.23 |  1.10
        5177 |  0.99 |  1.19 |  0.93 |  0.92 |  1.06 |  1.23 |  1.10
        5177 |  0.99 |  1.19 |  0.93 |  0.92 |  1.06 |  1.23 |  1.10
        5177 |  0.99 |  1.19 |  0.93 |  0.92 |  1.06 |  1.23 |  1.10
        5177 |  0.99 |  1.19 |  0.93 |  0.92 |  1.06 |  1.23 |  1.10
        5177 |  0.99 |  1.19 |  0.93 |  0.92 |  1.06 |  1.23 |  1.10
        5177 |  0.99 |  1.19 |  0.93 |  0.92 |  1.06 |  1.23 |  1.10
        5177 |  0.99 |  1.19 |  0.93 |  0.92 |  1.06 |  1.23 |  1.10
        5177 |  0.99 |  1.19 |  0.93 |  0.92 |  1.06 |  1.23 |  1.10
        5177 |  0.99 |  1.19 |  0.93 |  0.92 |  1.06 |  1.23 |  1.10
        5177 |  0.99 |  1.19 |  0.93 |  0.92 |  1.06 |  1.23 |  1.10
        5177 |  0.99 |  1.19 |  0.93 |  0.92 |  1.06 |  1.23 |  1.10
        5177 |  0.99 |  1.19 |  0.93 |  0.92 |  1.06 |  1.23 |  1.10
        5177 |  0.99 |  1.19 |  0.93 |  0.92 |  1.06 |  1.23 |  1.10
        5177 |  0.99 |  1.19 |  0.93 |  0.92 |  1.06 |  1.23 |  1.10
        5177 |  0.99 |  1.19 |  0.93 |  0.92 |  1.06 |  1.23 |  1.10
        5178 |  1.15 |  0.82 |  1.21 |  1.04 |  1.31 |  1.00 |  1.05
        5178 |  1.15 |  0.82 |  1.21 |  1.04 |  1.31 |  1.00 |  1.05
        5178 |  1.15 |  0.82 |  1.21 |  1.04 |  1.31 |  1.00 |  1.05
        5178 |  1.15 |  0.82 |  1.21 |  1.04 |  1.31 |  1.00 |  1.05
        5178 |  1.15 |  0.82 |  1.21 |  1.04 |  1.31 |  1.00 |  1.05
        5178 |  1.15 |  0.82 |  1.21 |  1.04 |  1.31 |  1.00 |  1.05
        5178 |  1.15 |  0.82 |  1.21 |  1.04 |  1.31 |  1.00 |  1.05
        5178 |  1.15 |  0.82 |  1.21 |  1.04 |  1.31 |  1.00 |  1.05
        5178 |  1.15 |  0.82 |  1.21 |  1.04 |  1.31 |  1.00 |  1.05
        5178 |  1.15 |  0.82 |  1.21 |  1.04 |  1.31 |  1.00 |  1.05
        5178 |  1.15 |  0.82 |  1.21 |  1.04 |  1.31 |  1.00 |  1.05
        5178 |  1.15 |  0.82 |  1.21 |  1.04 |  1.31 |  1.00 |  1.05
        5178 |  1.15 |  0.82 |  1.21 |  1.04 |  1.31 |  1.00 |  1.05
        5178 |  1.15 |  0.82 |  1.21 |  1.04 |  1.31 |  1.00 |  1.05
        5178 |  1.15 |  0.82 |  1.21 |  1.04 |  1.31 |  1.00 |  1.05
        5178 |  1.15 |  0.82 |  1.21 |  1.04 |  1.31 |  1.00 |  1.05
        5178 |  1.15 |  0.82 |  1.21 |  1.04 |  1.31 |  1.00 |  1.05
        5178 |  1.15 |  0.82 |  1.21 |  1.04 |  1.31 |  1.00 |  1.05
        5178 |  1.15 |  0.82 |  1.21 |  1.04 |  1.31 |  1.00 |  1.05
        5178 |  1.15 |  0.82 |  1.21 |  1.04 |  1.31 |  1.00 |  1.05
        5178 |  1.15 |  0.82 |  1.21 |  1.04 |  1.31 |  1.00 |  1.05
        5178 |  1.15 |  0.82 |  1.21 |  1.04 |  1.31 |  1.00 |  1.05
        5178 |  1.15 |  0.82 |  1.21 |  1.04 |  1.31 |  1.00 |  1.05
        5178 |  1.15 |  0.82 |  1.21 |  1.04 |  1.31 |  1.00 |  1.05
        5178 |  1.15 |  0.82 |  1.21 |  1.04 |  1.31 |  1.00 |  1.05
        5178 |  1.15 |  0.82 |  1.21 |  1.04 |  1.31 |  1.00 |  1.05
        5178 |  1.15 |  0.82 |  1.21 |  1.04 |  1.31 |  1.00 |  1.05
        5178 |  1.15 |  0.82 |  1.21 |  1.04 |  1.31 |  1.00 |  1.05
        5178 |  1.15 |  0.82 |  1.21 |  1.04 |  1.31 |  1.00 |  1.05
        5178 |  1.15 |  0.82 |  1.21 |  1.04 |  1.31 |  1.00 |  1.05
        5178 |  1.15 |  0.82 |  1.21 |  1.04 |  1.31 |  1.00 |  1.05
        5178 |  1.15 |  0.82 |  1.21 |  1.04 |  1.31 |  1.00 |  1.05
        5178 |  1.15 |  0.82 |  1.21 |  1.04 |  1.31 |  1.00 |  1.05
        5178 |  1.15 |  0.82 |  1.21 |  1.04 |  1.31 |  1.00 |  1.05
        5178 |  1.15 |  0.82 |  1.21 |  1.04 |  1.31 |  1.00 |  1.05
        5178 |  1.15 |  0.82 |  1.21 |  1.04 |  1.31 |  1.00 |  1.05
        5178 |  1.15 |  0.82 |  1.21 |  1.04 |  1.31 |  1.00 |  1.05
        5178 |  1.15 |  0.82 |  1.21 |  1.04 |  1.31 |  1.00 |  1.05
        5178 |  1.15 |  0.82 |  1.21 |  1.04 |  1.31 |  1.00 |  1.05
        5178 |  1.15 |  0.82 |  1.21 |  1.04 |  1.31 |  1.00 |  1.05
        5178 |  1.15 |  0.82 |  1.21 |  1.04 |  1.31 |  1.00 |  1.05
        5178 |  1.15 |  0.82 |  1.21 |  1.04 |  1.31 |  1.00 |  1.05
        5178 |  1.15 |  0.82 |  1.21 |  1.04 |  1.31 |  1.00 |  1.05
        5178 |  1.15 |  0.82 |  1.21 |  1.04 |  1.31 |  1.00 |  1.05
        5178 |  1.15 |  0.82 |  1.21 |  1.04 |  1.31 |  1.00 |  1.05
        5178 |  1.15 |  0.82 |  1.21 |  1.04 |  1.31 |  1.00 |  1.05
        5178 |  1.15 |  0.82 |  1.21 |  1.04 |  1.31 |  1.00 |  1.05
        5178 |  1.15 |  0.82 |  1.21 |  1.04 |  1.31 |  1.00 |  1.05
        5178 |  1.15 |  0.82 |  1.21 |  1.04 |  1.31 |  1.00 |  1.05
        5179 |  1.15 |  0.86 |  0.91 |  1.47 |  1.01 |  1.39 |  0.95
        5179 |  1.15 |  0.86 |  0.91 |  1.47 |  1.01 |  1.39 |  0.95
        5179 |  1.15 |  0.86 |  0.91 |  1.47 |  1.01 |  1.39 |  0.95
        5179 |  1.15 |  0.86 |  0.91 |  1.47 |  1.01 |  1.39 |  0.95
        5179 |  1.15 |  0.86 |  0.91 |  1.47 |  1.01 |  1.39 |  0.95
        5179 |  1.15 |  0.86 |  0.91 |  1.47 |  1.01 |  1.39 |  0.95
        5179 |  1.15 |  0.86 |  0.91 |  1.47 |  1.01 |  1.39 |  0.95
        5179 |  1.15 |  0.86 |  0.91 |  1.47 |  1.01 |  1.39 |  0.95
        5179 |  1.15 |  0.86 |  0.91 |  1.47 |  1.01 |  1.39 |  0.95
        5179 |  1.15 |  0.86 |  0.91 |  1.47 |  1.01 |  1.39 |  0.95
        5179 |  1.15 |  0.86 |  0.91 |  1.47 |  1.01 |  1.39 |  0.95
        5179 |  1.15 |  0.86 |  0.91 |  1.47 |  1.01 |  1.39 |  0.95
        5179 |  1.15 |  0.86 |  0.91 |  1.47 |  1.01 |  1.39 |  0.95
        5179 |  1.15 |  0.86 |  0.91 |  1.47 |  1.01 |  1.39 |  0.95
        5179 |  1.15 |  0.86 |  0.91 |  1.47 |  1.01 |  1.39 |  0.95
        5179 |  1.15 |  0.86 |  0.91 |  1.47 |  1.01 |  1.39 |  0.95
        5179 |  1.15 |  0.86 |  0.91 |  1.47 |  1.01 |  1.39 |  0.95
        5179 |  1.15 |  0.86 |  0.91 |  1.47 |  1.01 |  1.39 |  0.95
        5179 |  1.15 |  0.86 |  0.91 |  1.47 |  1.01 |  1.39 |  0.95
        5179 |  1.15 |  0.86 |  0.91 |  1.47 |  1.01 |  1.39 |  0.95
        5179 |  1.15 |  0.86 |  0.91 |  1.47 |  1.01 |  1.39 |  0.95
        5179 |  1.15 |  0.86 |  0.91 |  1.47 |  1.01 |  1.39 |  0.95
        5179 |  1.15 |  0.86 |  0.91 |  1.47 |  1.01 |  1.39 |  0.95
        5179 |  1.15 |  0.86 |  0.91 |  1.47 |  1.01 |  1.39 |  0.95
        5179 |  1.15 |  0.86 |  0.91 |  1.47 |  1.01 |  1.39 |  0.95
        5179 |  1.15 |  0.86 |  0.91 |  1.47 |  1.01 |  1.39 |  0.95
        5179 |  1.15 |  0.86 |  0.91 |  1.47 |  1.01 |  1.39 |  0.95
        5179 |  1.15 |  0.86 |  0.91 |  1.47 |  1.01 |  1.39 |  0.95
        5179 |  1.15 |  0.86 |  0.91 |  1.47 |  1.01 |  1.39 |  0.95
        5179 |  1.15 |  0.86 |  0.91 |  1.47 |  1.01 |  1.39 |  0.95
        5179 |  1.15 |  0.86 |  0.91 |  1.47 |  1.01 |  1.39 |  0.95
        5179 |  1.15 |  0.86 |  0.91 |  1.47 |  1.01 |  1.39 |  0.95
        5179 |  1.15 |  0.86 |  0.91 |  1.47 |  1.01 |  1.39 |  0.95
        5179 |  1.15 |  0.86 |  0.91 |  1.47 |  1.01 |  1.39 |  0.95
        5179 |  1.15 |  0.86 |  0.91 |  1.47 |  1.01 |  1.39 |  0.95
        5179 |  1.15 |  0.86 |  0.91 |  1.47 |  1.01 |  1.39 |  0.95
        5179 |  1.15 |  0.86 |  0.91 |  1.47 |  1.01 |  1.39 |  0.95
        5179 |  1.15 |  0.86 |  0.91 |  1.47 |  1.01 |  1.39 |  0.95
        5179 |  1.15 |  0.86 |  0.91 |  1.47 |  1.01 |  1.39 |  0.95
        5179 |  1.15 |  0.86 |  0.91 |  1.47 |  1.01 |  1.39 |  0.95
        5179 |  1.15 |  0.86 |  0.91 |  1.47 |  1.01 |  1.39 |  0.95
        5179 |  1.15 |  0.86 |  0.91 |  1.47 |  1.01 |  1.39 |  0.95
        5179 |  1.15 |  0.86 |  0.91 |  1.47 |  1.01 |  1.39 |  0.95
        5179 |  1.15 |  0.86 |  0.91 |  1.47 |  1.01 |  1.39 |  0.95
        5179 |  1.15 |  0.86 |  0.91 |  1.47 |  1.01 |  1.39 |  0.95
        5179 |  1.15 |  0.86 |  0.91 |  1.47 |  1.01 |  1.39 |  0.95
        5179 |  1.15 |  0.86 |  0.91 |  1.47 |  1.01 |  1.39 |  0.95
        5179 |  1.15 |  0.86 |  0.91 |  1.47 |  1.01 |  1.39 |  0.95
        5179 |  1.15 |  0.86 |  0.91 |  1.47 |  1.01 |  1.39 |  0.95
        5180 |  1.17 |  1.25 |  0.93 |  1.27 |  1.02 |  0.91 |  1.36
        5180 |  1.17 |  1.25 |  0.93 |  1.27 |  1.02 |  0.91 |  1.36
        5180 |  1.17 |  1.25 |  0.93 |  1.27 |  1.02 |  0.91 |  1.36
        5180 |  1.17 |  1.25 |  0.93 |  1.27 |  1.02 |  0.91 |  1.36
        5180 |  1.17 |  1.25 |  0.93 |  1.27 |  1.02 |  0.91 |  1.36
        5180 |  1.17 |  1.25 |  0.93 |  1.27 |  1.02 |  0.91 |  1.36
        5180 |  1.17 |  1.25 |  0.93 |  1.27 |  1.02 |  0.91 |  1.36
        5180 |  1.17 |  1.25 |  0.93 |  1.27 |  1.02 |  0.91 |  1.36
        5180 |  1.17 |  1.25 |  0.93 |  1.27 |  1.02 |  0.91 |  1.36
        5180 |  1.17 |  1.25 |  0.93 |  1.27 |  1.02 |  0.91 |  1.36
        5180 |  1.17 |  1.25 |  0.93 |  1.27 |  1.02 |  0.91 |  1.36
        5180 |  1.17 |  1.25 |  0.93 |  1.27 |  1.02 |  0.91 |  1.36
        5180 |  1.17 |  1.25 |  0.93 |  1.27 |  1.02 |  0.91 |  1.36
        5180 |  1.17 |  1.25 |  0.93 |  1.27 |  1.02 |  0.91 |  1.36
        5180 |  1.17 |  1.25 |  0.93 |  1.27 |  1.02 |  0.91 |  1.36
        5180 |  1.17 |  1.25 |  0.93 |  1.27 |  1.02 |  0.91 |  1.36
        5180 |  1.17 |  1.25 |  0.93 |  1.27 |  1.02 |  0.91 |  1.36
        5180 |  1.17 |  1.25 |  0.93 |  1.27 |  1.02 |  0.91 |  1.36
        5180 |  1.17 |  1.25 |  0.93 |  1.27 |  1.02 |  0.91 |  1.36
        5180 |  1.17 |  1.25 |  0.93 |  1.27 |  1.02 |  0.91 |  1.36
        5180 |  1.17 |  1.25 |  0.93 |  1.27 |  1.02 |  0.91 |  1.36
        5180 |  1.17 |  1.25 |  0.93 |  1.27 |  1.02 |  0.91 |  1.36
        5180 |  1.17 |  1.25 |  0.93 |  1.27 |  1.02 |  0.91 |  1.36
        5180 |  1.17 |  1.25 |  0.93 |  1.27 |  1.02 |  0.91 |  1.36
        5180 |  1.17 |  1.25 |  0.93 |  1.27 |  1.02 |  0.91 |  1.36
        5180 |  1.17 |  1.25 |  0.93 |  1.27 |  1.02 |  0.91 |  1.36
        5180 |  1.17 |  1.25 |  0.93 |  1.27 |  1.02 |  0.91 |  1.36
        5180 |  1.17 |  1.25 |  0.93 |  1.27 |  1.02 |  0.91 |  1.36
        5180 |  1.17 |  1.25 |  0.93 |  1.27 |  1.02 |  0.91 |  1.36
        5180 |  1.17 |  1.25 |  0.93 |  1.27 |  1.02 |  0.91 |  1.36
        5180 |  1.17 |  1.25 |  0.93 |  1.27 |  1.02 |  0.91 |  1.36
        5180 |  1.17 |  1.25 |  0.93 |  1.27 |  1.02 |  0.91 |  1.36
        5180 |  1.17 |  1.25 |  0.93 |  1.27 |  1.02 |  0.91 |  1.36
        5180 |  1.17 |  1.25 |  0.93 |  1.27 |  1.02 |  0.91 |  1.36
        5180 |  1.17 |  1.25 |  0.93 |  1.27 |  1.02 |  0.91 |  1.36
        5180 |  1.17 |  1.25 |  0.93 |  1.27 |  1.02 |  0.91 |  1.36
        5180 |  1.17 |  1.25 |  0.93 |  1.27 |  1.02 |  0.91 |  1.36
        5180 |  1.17 |  1.25 |  0.93 |  1.27 |  1.02 |  0.91 |  1.36
        5180 |  1.17 |  1.25 |  0.93 |  1.27 |  1.02 |  0.91 |  1.36
        5180 |  1.17 |  1.25 |  0.93 |  1.27 |  1.02 |  0.91 |  1.36
        5180 |  1.17 |  1.25 |  0.93 |  1.27 |  1.02 |  0.91 |  1.36
        5180 |  1.17 |  1.25 |  0.93 |  1.27 |  1.02 |  0.91 |  1.36
        5180 |  1.17 |  1.25 |  0.93 |  1.27 |  1.02 |  0.91 |  1.36
        5180 |  1.17 |  1.25 |  0.93 |  1.27 |  1.02 |  0.91 |  1.36
        5180 |  1.17 |  1.25 |  0.93 |  1.27 |  1.02 |  0.91 |  1.36
        5180 |  1.17 |  1.25 |  0.93 |  1.27 |  1.02 |  0.91 |  1.36
        5180 |  1.17 |  1.25 |  0.93 |  1.27 |  1.02 |  0.91 |  1.36
        5180 |  1.17 |  1.25 |  0.93 |  1.27 |  1.02 |  0.91 |  1.36
        5180 |  1.17 |  1.25 |  0.93 |  1.27 |  1.02 |  0.91 |  1.36
        5181 |  1.10 |  0.80 |  1.04 |  0.97 |  1.05 |  0.74 |  0.97
        5181 |  1.10 |  0.80 |  1.04 |  0.97 |  1.05 |  0.74 |  0.97
        5181 |  1.10 |  0.80 |  1.04 |  0.97 |  1.05 |  0.74 |  0.97
        5181 |  1.10 |  0.80 |  1.04 |  0.97 |  1.05 |  0.74 |  0.97
        5181 |  1.10 |  0.80 |  1.04 |  0.97 |  1.05 |  0.74 |  0.97
        5181 |  1.10 |  0.80 |  1.04 |  0.97 |  1.05 |  0.74 |  0.97
        5181 |  1.10 |  0.80 |  1.04 |  0.97 |  1.05 |  0.74 |  0.97
        5181 |  1.10 |  0.80 |  1.04 |  0.97 |  1.05 |  0.74 |  0.97
        5181 |  1.10 |  0.80 |  1.04 |  0.97 |  1.05 |  0.74 |  0.97
        5181 |  1.10 |  0.80 |  1.04 |  0.97 |  1.05 |  0.74 |  0.97
        5181 |  1.10 |  0.80 |  1.04 |  0.97 |  1.05 |  0.74 |  0.97
        5181 |  1.10 |  0.80 |  1.04 |  0.97 |  1.05 |  0.74 |  0.97
        5181 |  1.10 |  0.80 |  1.04 |  0.97 |  1.05 |  0.74 |  0.97
        5181 |  1.10 |  0.80 |  1.04 |  0.97 |  1.05 |  0.74 |  0.97
        5181 |  1.10 |  0.80 |  1.04 |  0.97 |  1.05 |  0.74 |  0.97
        5181 |  1.10 |  0.80 |  1.04 |  0.97 |  1.05 |  0.74 |  0.97
        5181 |  1.10 |  0.80 |  1.04 |  0.97 |  1.05 |  0.74 |  0.97
        5181 |  1.10 |  0.80 |  1.04 |  0.97 |  1.05 |  0.74 |  0.97
        5181 |  1.10 |  0.80 |  1.04 |  0.97 |  1.05 |  0.74 |  0.97
        5181 |  1.10 |  0.80 |  1.04 |  0.97 |  1.05 |  0.74 |  0.97
        5181 |  1.10 |  0.80 |  1.04 |  0.97 |  1.05 |  0.74 |  0.97
        5181 |  1.10 |  0.80 |  1.04 |  0.97 |  1.05 |  0.74 |  0.97
        5181 |  1.10 |  0.80 |  1.04 |  0.97 |  1.05 |  0.74 |  0.97
        5181 |  1.10 |  0.80 |  1.04 |  0.97 |  1.05 |  0.74 |  0.97
        5181 |  1.10 |  0.80 |  1.04 |  0.97 |  1.05 |  0.74 |  0.97
        5181 |  1.10 |  0.80 |  1.04 |  0.97 |  1.05 |  0.74 |  0.97
        5181 |  1.10 |  0.80 |  1.04 |  0.97 |  1.05 |  0.74 |  0.97
        5181 |  1.10 |  0.80 |  1.04 |  0.97 |  1.05 |  0.74 |  0.97
        5181 |  1.10 |  0.80 |  1.04 |  0.97 |  1.05 |  0.74 |  0.97
        5181 |  1.10 |  0.80 |  1.04 |  0.97 |  1.05 |  0.74 |  0.97
        5181 |  1.10 |  0.80 |  1.04 |  0.97 |  1.05 |  0.74 |  0.97
        5181 |  1.10 |  0.80 |  1.04 |  0.97 |  1.05 |  0.74 |  0.97
        5181 |  1.10 |  0.80 |  1.04 |  0.97 |  1.05 |  0.74 |  0.97
        5181 |  1.10 |  0.80 |  1.04 |  0.97 |  1.05 |  0.74 |  0.97
        5181 |  1.10 |  0.80 |  1.04 |  0.97 |  1.05 |  0.74 |  0.97
        5181 |  1.10 |  0.80 |  1.04 |  0.97 |  1.05 |  0.74 |  0.97
        5181 |  1.10 |  0.80 |  1.04 |  0.97 |  1.05 |  0.74 |  0.97
        5181 |  1.10 |  0.80 |  1.04 |  0.97 |  1.05 |  0.74 |  0.97
        5181 |  1.10 |  0.80 |  1.04 |  0.97 |  1.05 |  0.74 |  0.97
        5181 |  1.10 |  0.80 |  1.04 |  0.97 |  1.05 |  0.74 |  0.97
        5181 |  1.10 |  0.80 |  1.04 |  0.97 |  1.05 |  0.74 |  0.97
        5181 |  1.10 |  0.80 |  1.04 |  0.97 |  1.05 |  0.74 |  0.97
        5181 |  1.10 |  0.80 |  1.04 |  0.97 |  1.05 |  0.74 |  0.97
        5181 |  1.10 |  0.80 |  1.04 |  0.97 |  1.05 |  0.74 |  0.97
        5181 |  1.10 |  0.80 |  1.04 |  0.97 |  1.05 |  0.74 |  0.97
        5181 |  1.10 |  0.80 |  1.04 |  0.97 |  1.05 |  0.74 |  0.97
        5181 |  1.10 |  0.80 |  1.04 |  0.97 |  1.05 |  0.74 |  0.97
        5181 |  1.10 |  0.80 |  1.04 |  0.97 |  1.05 |  0.74 |  0.97
        5181 |  1.10 |  0.80 |  1.04 |  0.97 |  1.05 |  0.74 |  0.97
        5182 |  1.19 |  1.02 |  0.89 |  1.01 |  0.80 |  1.14 |  0.86
        5182 |  1.19 |  1.02 |  0.89 |  1.01 |  0.80 |  1.14 |  0.86
        5182 |  1.19 |  1.02 |  0.89 |  1.01 |  0.80 |  1.14 |  0.86
        5182 |  1.19 |  1.02 |  0.89 |  1.01 |  0.80 |  1.14 |  0.86
        5182 |  1.19 |  1.02 |  0.89 |  1.01 |  0.80 |  1.14 |  0.86
        5182 |  1.19 |  1.02 |  0.89 |  1.01 |  0.80 |  1.14 |  0.86
        5182 |  1.19 |  1.02 |  0.89 |  1.01 |  0.80 |  1.14 |  0.86
        5182 |  1.19 |  1.02 |  0.89 |  1.01 |  0.80 |  1.14 |  0.86
        5182 |  1.19 |  1.02 |  0.89 |  1.01 |  0.80 |  1.14 |  0.86
        5182 |  1.19 |  1.02 |  0.89 |  1.01 |  0.80 |  1.14 |  0.86
        5182 |  1.19 |  1.02 |  0.89 |  1.01 |  0.80 |  1.14 |  0.86
        5182 |  1.19 |  1.02 |  0.89 |  1.01 |  0.80 |  1.14 |  0.86
        5182 |  1.19 |  1.02 |  0.89 |  1.01 |  0.80 |  1.14 |  0.86
        5182 |  1.19 |  1.02 |  0.89 |  1.01 |  0.80 |  1.14 |  0.86
        5182 |  1.19 |  1.02 |  0.89 |  1.01 |  0.80 |  1.14 |  0.86
        5182 |  1.19 |  1.02 |  0.89 |  1.01 |  0.80 |  1.14 |  0.86
        5182 |  1.19 |  1.02 |  0.89 |  1.01 |  0.80 |  1.14 |  0.86
        5182 |  1.19 |  1.02 |  0.89 |  1.01 |  0.80 |  1.14 |  0.86
        5182 |  1.19 |  1.02 |  0.89 |  1.01 |  0.80 |  1.14 |  0.86
        5182 |  1.19 |  1.02 |  0.89 |  1.01 |  0.80 |  1.14 |  0.86
        5182 |  1.19 |  1.02 |  0.89 |  1.01 |  0.80 |  1.14 |  0.86
        5182 |  1.19 |  1.02 |  0.89 |  1.01 |  0.80 |  1.14 |  0.86
        5182 |  1.19 |  1.02 |  0.89 |  1.01 |  0.80 |  1.14 |  0.86
        5182 |  1.19 |  1.02 |  0.89 |  1.01 |  0.80 |  1.14 |  0.86
        5182 |  1.19 |  1.02 |  0.89 |  1.01 |  0.80 |  1.14 |  0.86
        5182 |  1.19 |  1.02 |  0.89 |  1.01 |  0.80 |  1.14 |  0.86
        5182 |  1.19 |  1.02 |  0.89 |  1.01 |  0.80 |  1.14 |  0.86
        5182 |  1.19 |  1.02 |  0.89 |  1.01 |  0.80 |  1.14 |  0.86
        5182 |  1.19 |  1.02 |  0.89 |  1.01 |  0.80 |  1.14 |  0.86
        5182 |  1.19 |  1.02 |  0.89 |  1.01 |  0.80 |  1.14 |  0.86
        5182 |  1.19 |  1.02 |  0.89 |  1.01 |  0.80 |  1.14 |  0.86
        5182 |  1.19 |  1.02 |  0.89 |  1.01 |  0.80 |  1.14 |  0.86
        5182 |  1.19 |  1.02 |  0.89 |  1.01 |  0.80 |  1.14 |  0.86
        5182 |  1.19 |  1.02 |  0.89 |  1.01 |  0.80 |  1.14 |  0.86
        5182 |  1.19 |  1.02 |  0.89 |  1.01 |  0.80 |  1.14 |  0.86
        5182 |  1.19 |  1.02 |  0.89 |  1.01 |  0.80 |  1.14 |  0.86
        5182 |  1.19 |  1.02 |  0.89 |  1.01 |  0.80 |  1.14 |  0.86
        5182 |  1.19 |  1.02 |  0.89 |  1.01 |  0.80 |  1.14 |  0.86
        5182 |  1.19 |  1.02 |  0.89 |  1.01 |  0.80 |  1.14 |  0.86
        5182 |  1.19 |  1.02 |  0.89 |  1.01 |  0.80 |  1.14 |  0.86
        5182 |  1.19 |  1.02 |  0.89 |  1.01 |  0.80 |  1.14 |  0.86
        5182 |  1.19 |  1.02 |  0.89 |  1.01 |  0.80 |  1.14 |  0.86
        5182 |  1.19 |  1.02 |  0.89 |  1.01 |  0.80 |  1.14 |  0.86
        5182 |  1.19 |  1.02 |  0.89 |  1.01 |  0.80 |  1.14 |  0.86
        5182 |  1.19 |  1.02 |  0.89 |  1.01 |  0.80 |  1.14 |  0.86
        5182 |  1.19 |  1.02 |  0.89 |  1.01 |  0.80 |  1.14 |  0.86
        5182 |  1.19 |  1.02 |  0.89 |  1.01 |  0.80 |  1.14 |  0.86
        5182 |  1.19 |  1.02 |  0.89 |  1.01 |  0.80 |  1.14 |  0.86
        5182 |  1.19 |  1.02 |  0.89 |  1.01 |  0.80 |  1.14 |  0.86
        5183 |  0.72 |  1.01 |  1.26 |  1.25 |  1.28 |  0.81 |  0.87
        5183 |  0.72 |  1.01 |  1.26 |  1.25 |  1.28 |  0.81 |  0.87
        5183 |  0.72 |  1.01 |  1.26 |  1.25 |  1.28 |  0.81 |  0.87
        5183 |  0.72 |  1.01 |  1.26 |  1.25 |  1.28 |  0.81 |  0.87
        5183 |  0.72 |  1.01 |  1.26 |  1.25 |  1.28 |  0.81 |  0.87
        5183 |  0.72 |  1.01 |  1.26 |  1.25 |  1.28 |  0.81 |  0.87
        5183 |  0.72 |  1.01 |  1.26 |  1.25 |  1.28 |  0.81 |  0.87
        5183 |  0.72 |  1.01 |  1.26 |  1.25 |  1.28 |  0.81 |  0.87
        5183 |  0.72 |  1.01 |  1.26 |  1.25 |  1.28 |  0.81 |  0.87
        5183 |  0.72 |  1.01 |  1.26 |  1.25 |  1.28 |  0.81 |  0.87
        5183 |  0.72 |  1.01 |  1.26 |  1.25 |  1.28 |  0.81 |  0.87
        5183 |  0.72 |  1.01 |  1.26 |  1.25 |  1.28 |  0.81 |  0.87
        5183 |  0.72 |  1.01 |  1.26 |  1.25 |  1.28 |  0.81 |  0.87
        5183 |  0.72 |  1.01 |  1.26 |  1.25 |  1.28 |  0.81 |  0.87
        5183 |  0.72 |  1.01 |  1.26 |  1.25 |  1.28 |  0.81 |  0.87
        5183 |  0.72 |  1.01 |  1.26 |  1.25 |  1.28 |  0.81 |  0.87
        5183 |  0.72 |  1.01 |  1.26 |  1.25 |  1.28 |  0.81 |  0.87
        5183 |  0.72 |  1.01 |  1.26 |  1.25 |  1.28 |  0.81 |  0.87
        5183 |  0.72 |  1.01 |  1.26 |  1.25 |  1.28 |  0.81 |  0.87
        5183 |  0.72 |  1.01 |  1.26 |  1.25 |  1.28 |  0.81 |  0.87
        5183 |  0.72 |  1.01 |  1.26 |  1.25 |  1.28 |  0.81 |  0.87
        5183 |  0.72 |  1.01 |  1.26 |  1.25 |  1.28 |  0.81 |  0.87
        5183 |  0.72 |  1.01 |  1.26 |  1.25 |  1.28 |  0.81 |  0.87
        5183 |  0.72 |  1.01 |  1.26 |  1.25 |  1.28 |  0.81 |  0.87
        5183 |  0.72 |  1.01 |  1.26 |  1.25 |  1.28 |  0.81 |  0.87
        5183 |  0.72 |  1.01 |  1.26 |  1.25 |  1.28 |  0.81 |  0.87
        5183 |  0.72 |  1.01 |  1.26 |  1.25 |  1.28 |  0.81 |  0.87
        5183 |  0.72 |  1.01 |  1.26 |  1.25 |  1.28 |  0.81 |  0.87
        5183 |  0.72 |  1.01 |  1.26 |  1.25 |  1.28 |  0.81 |  0.87
        5183 |  0.72 |  1.01 |  1.26 |  1.25 |  1.28 |  0.81 |  0.87
        5183 |  0.72 |  1.01 |  1.26 |  1.25 |  1.28 |  0.81 |  0.87
        5183 |  0.72 |  1.01 |  1.26 |  1.25 |  1.28 |  0.81 |  0.87
        5183 |  0.72 |  1.01 |  1.26 |  1.25 |  1.28 |  0.81 |  0.87
        5183 |  0.72 |  1.01 |  1.26 |  1.25 |  1.28 |  0.81 |  0.87
        5183 |  0.72 |  1.01 |  1.26 |  1.25 |  1.28 |  0.81 |  0.87
        5183 |  0.72 |  1.01 |  1.26 |  1.25 |  1.28 |  0.81 |  0.87
        5183 |  0.72 |  1.01 |  1.26 |  1.25 |  1.28 |  0.81 |  0.87
        5183 |  0.72 |  1.01 |  1.26 |  1.25 |  1.28 |  0.81 |  0.87
        5183 |  0.72 |  1.01 |  1.26 |  1.25 |  1.28 |  0.81 |  0.87
        5183 |  0.72 |  1.01 |  1.26 |  1.25 |  1.28 |  0.81 |  0.87
        5183 |  0.72 |  1.01 |  1.26 |  1.25 |  1.28 |  0.81 |  0.87
        5183 |  0.72 |  1.01 |  1.26 |  1.25 |  1.28 |  0.81 |  0.87
        5183 |  0.72 |  1.01 |  1.26 |  1.25 |  1.28 |  0.81 |  0.87
        5183 |  0.72 |  1.01 |  1.26 |  1.25 |  1.28 |  0.81 |  0.87
        5183 |  0.72 |  1.01 |  1.26 |  1.25 |  1.28 |  0.81 |  0.87
        5183 |  0.72 |  1.01 |  1.26 |  1.25 |  1.28 |  0.81 |  0.87
        5183 |  0.72 |  1.01 |  1.26 |  1.25 |  1.28 |  0.81 |  0.87
        5183 |  0.72 |  1.01 |  1.26 |  1.25 |  1.28 |  0.81 |  0.87
        5183 |  0.72 |  1.01 |  1.26 |  1.25 |  1.28 |  0.81 |  0.87
        5184 |  1.01 |  1.10 |  0.89 |  1.05 |  0.92 |  0.74 |  0.87
        5184 |  1.01 |  1.10 |  0.89 |  1.05 |  0.92 |  0.74 |  0.87
        5184 |  1.01 |  1.10 |  0.89 |  1.05 |  0.92 |  0.74 |  0.87
        5184 |  1.01 |  1.10 |  0.89 |  1.05 |  0.92 |  0.74 |  0.87
        5184 |  1.01 |  1.10 |  0.89 |  1.05 |  0.92 |  0.74 |  0.87
        5184 |  1.01 |  1.10 |  0.89 |  1.05 |  0.92 |  0.74 |  0.87
        5184 |  1.01 |  1.10 |  0.89 |  1.05 |  0.92 |  0.74 |  0.87
        5184 |  1.01 |  1.10 |  0.89 |  1.05 |  0.92 |  0.74 |  0.87
        5184 |  1.01 |  1.10 |  0.89 |  1.05 |  0.92 |  0.74 |  0.87
        5184 |  1.01 |  1.10 |  0.89 |  1.05 |  0.92 |  0.74 |  0.87
        5184 |  1.01 |  1.10 |  0.89 |  1.05 |  0.92 |  0.74 |  0.87
        5184 |  1.01 |  1.10 |  0.89 |  1.05 |  0.92 |  0.74 |  0.87
        5184 |  1.01 |  1.10 |  0.89 |  1.05 |  0.92 |  0.74 |  0.87
        5184 |  1.01 |  1.10 |  0.89 |  1.05 |  0.92 |  0.74 |  0.87
        5184 |  1.01 |  1.10 |  0.89 |  1.05 |  0.92 |  0.74 |  0.87
        5184 |  1.01 |  1.10 |  0.89 |  1.05 |  0.92 |  0.74 |  0.87
        5184 |  1.01 |  1.10 |  0.89 |  1.05 |  0.92 |  0.74 |  0.87
        5184 |  1.01 |  1.10 |  0.89 |  1.05 |  0.92 |  0.74 |  0.87
        5184 |  1.01 |  1.10 |  0.89 |  1.05 |  0.92 |  0.74 |  0.87
        5184 |  1.01 |  1.10 |  0.89 |  1.05 |  0.92 |  0.74 |  0.87
        5184 |  1.01 |  1.10 |  0.89 |  1.05 |  0.92 |  0.74 |  0.87
        5184 |  1.01 |  1.10 |  0.89 |  1.05 |  0.92 |  0.74 |  0.87
        5184 |  1.01 |  1.10 |  0.89 |  1.05 |  0.92 |  0.74 |  0.87
        5184 |  1.01 |  1.10 |  0.89 |  1.05 |  0.92 |  0.74 |  0.87
        5184 |  1.01 |  1.10 |  0.89 |  1.05 |  0.92 |  0.74 |  0.87
        5184 |  1.01 |  1.10 |  0.89 |  1.05 |  0.92 |  0.74 |  0.87
        5184 |  1.01 |  1.10 |  0.89 |  1.05 |  0.92 |  0.74 |  0.87
        5184 |  1.01 |  1.10 |  0.89 |  1.05 |  0.92 |  0.74 |  0.87
        5184 |  1.01 |  1.10 |  0.89 |  1.05 |  0.92 |  0.74 |  0.87
        5184 |  1.01 |  1.10 |  0.89 |  1.05 |  0.92 |  0.74 |  0.87
        5184 |  1.01 |  1.10 |  0.89 |  1.05 |  0.92 |  0.74 |  0.87
        5184 |  1.01 |  1.10 |  0.89 |  1.05 |  0.92 |  0.74 |  0.87
        5184 |  1.01 |  1.10 |  0.89 |  1.05 |  0.92 |  0.74 |  0.87
        5184 |  1.01 |  1.10 |  0.89 |  1.05 |  0.92 |  0.74 |  0.87
        5184 |  1.01 |  1.10 |  0.89 |  1.05 |  0.92 |  0.74 |  0.87
        5184 |  1.01 |  1.10 |  0.89 |  1.05 |  0.92 |  0.74 |  0.87
        5184 |  1.01 |  1.10 |  0.89 |  1.05 |  0.92 |  0.74 |  0.87
        5184 |  1.01 |  1.10 |  0.89 |  1.05 |  0.92 |  0.74 |  0.87
        5184 |  1.01 |  1.10 |  0.89 |  1.05 |  0.92 |  0.74 |  0.87
        5184 |  1.01 |  1.10 |  0.89 |  1.05 |  0.92 |  0.74 |  0.87
        5184 |  1.01 |  1.10 |  0.89 |  1.05 |  0.92 |  0.74 |  0.87
        5184 |  1.01 |  1.10 |  0.89 |  1.05 |  0.92 |  0.74 |  0.87
        5184 |  1.01 |  1.10 |  0.89 |  1.05 |  0.92 |  0.74 |  0.87
        5184 |  1.01 |  1.10 |  0.89 |  1.05 |  0.92 |  0.74 |  0.87
        5184 |  1.01 |  1.10 |  0.89 |  1.05 |  0.92 |  0.74 |  0.87
        5184 |  1.01 |  1.10 |  0.89 |  1.05 |  0.92 |  0.74 |  0.87
        5184 |  1.01 |  1.10 |  0.89 |  1.05 |  0.92 |  0.74 |  0.87
        5184 |  1.01 |  1.10 |  0.89 |  1.05 |  0.92 |  0.74 |  0.87
        5184 |  1.01 |  1.10 |  0.89 |  1.05 |  0.92 |  0.74 |  0.87
        5185 |  1.23 |  1.01 |  0.88 |  0.83 |  1.02 |  0.97 |  0.85
        5185 |  1.23 |  1.01 |  0.88 |  0.83 |  1.02 |  0.97 |  0.85
        5185 |  1.23 |  1.01 |  0.88 |  0.83 |  1.02 |  0.97 |  0.85
        5185 |  1.23 |  1.01 |  0.88 |  0.83 |  1.02 |  0.97 |  0.85
        5185 |  1.23 |  1.01 |  0.88 |  0.83 |  1.02 |  0.97 |  0.85
        5185 |  1.23 |  1.01 |  0.88 |  0.83 |  1.02 |  0.97 |  0.85
        5185 |  1.23 |  1.01 |  0.88 |  0.83 |  1.02 |  0.97 |  0.85
        5185 |  1.23 |  1.01 |  0.88 |  0.83 |  1.02 |  0.97 |  0.85
        5185 |  1.23 |  1.01 |  0.88 |  0.83 |  1.02 |  0.97 |  0.85
        5185 |  1.23 |  1.01 |  0.88 |  0.83 |  1.02 |  0.97 |  0.85
        5185 |  1.23 |  1.01 |  0.88 |  0.83 |  1.02 |  0.97 |  0.85
        5185 |  1.23 |  1.01 |  0.88 |  0.83 |  1.02 |  0.97 |  0.85
        5185 |  1.23 |  1.01 |  0.88 |  0.83 |  1.02 |  0.97 |  0.85
        5185 |  1.23 |  1.01 |  0.88 |  0.83 |  1.02 |  0.97 |  0.85
        5185 |  1.23 |  1.01 |  0.88 |  0.83 |  1.02 |  0.97 |  0.85
        5185 |  1.23 |  1.01 |  0.88 |  0.83 |  1.02 |  0.97 |  0.85
        5185 |  1.23 |  1.01 |  0.88 |  0.83 |  1.02 |  0.97 |  0.85
        5185 |  1.23 |  1.01 |  0.88 |  0.83 |  1.02 |  0.97 |  0.85
        5185 |  1.23 |  1.01 |  0.88 |  0.83 |  1.02 |  0.97 |  0.85
        5185 |  1.23 |  1.01 |  0.88 |  0.83 |  1.02 |  0.97 |  0.85
        5185 |  1.23 |  1.01 |  0.88 |  0.83 |  1.02 |  0.97 |  0.85
        5185 |  1.23 |  1.01 |  0.88 |  0.83 |  1.02 |  0.97 |  0.85
        5185 |  1.23 |  1.01 |  0.88 |  0.83 |  1.02 |  0.97 |  0.85
        5185 |  1.23 |  1.01 |  0.88 |  0.83 |  1.02 |  0.97 |  0.85
        5185 |  1.23 |  1.01 |  0.88 |  0.83 |  1.02 |  0.97 |  0.85
        5185 |  1.23 |  1.01 |  0.88 |  0.83 |  1.02 |  0.97 |  0.85
        5185 |  1.23 |  1.01 |  0.88 |  0.83 |  1.02 |  0.97 |  0.85
        5185 |  1.23 |  1.01 |  0.88 |  0.83 |  1.02 |  0.97 |  0.85
        5185 |  1.23 |  1.01 |  0.88 |  0.83 |  1.02 |  0.97 |  0.85
        5185 |  1.23 |  1.01 |  0.88 |  0.83 |  1.02 |  0.97 |  0.85
        5185 |  1.23 |  1.01 |  0.88 |  0.83 |  1.02 |  0.97 |  0.85
        5185 |  1.23 |  1.01 |  0.88 |  0.83 |  1.02 |  0.97 |  0.85
        5185 |  1.23 |  1.01 |  0.88 |  0.83 |  1.02 |  0.97 |  0.85
        5185 |  1.23 |  1.01 |  0.88 |  0.83 |  1.02 |  0.97 |  0.85
        5185 |  1.23 |  1.01 |  0.88 |  0.83 |  1.02 |  0.97 |  0.85
        5185 |  1.23 |  1.01 |  0.88 |  0.83 |  1.02 |  0.97 |  0.85
        5185 |  1.23 |  1.01 |  0.88 |  0.83 |  1.02 |  0.97 |  0.85
        5185 |  1.23 |  1.01 |  0.88 |  0.83 |  1.02 |  0.97 |  0.85
        5185 |  1.23 |  1.01 |  0.88 |  0.83 |  1.02 |  0.97 |  0.85
        5185 |  1.23 |  1.01 |  0.88 |  0.83 |  1.02 |  0.97 |  0.85
        5185 |  1.23 |  1.01 |  0.88 |  0.83 |  1.02 |  0.97 |  0.85
        5185 |  1.23 |  1.01 |  0.88 |  0.83 |  1.02 |  0.97 |  0.85
        5185 |  1.23 |  1.01 |  0.88 |  0.83 |  1.02 |  0.97 |  0.85
        5185 |  1.23 |  1.01 |  0.88 |  0.83 |  1.02 |  0.97 |  0.85
        5185 |  1.23 |  1.01 |  0.88 |  0.83 |  1.02 |  0.97 |  0.85
        5185 |  1.23 |  1.01 |  0.88 |  0.83 |  1.02 |  0.97 |  0.85
        5185 |  1.23 |  1.01 |  0.88 |  0.83 |  1.02 |  0.97 |  0.85
        5185 |  1.23 |  1.01 |  0.88 |  0.83 |  1.02 |  0.97 |  0.85
        5185 |  1.23 |  1.01 |  0.88 |  0.83 |  1.02 |  0.97 |  0.85
        5186 |  1.18 |  0.90 |  1.03 |  0.99 |  0.96 |  0.98 |  1.07
        5186 |  1.18 |  0.90 |  1.03 |  0.99 |  0.96 |  0.98 |  1.07
        5186 |  1.18 |  0.90 |  1.03 |  0.99 |  0.96 |  0.98 |  1.07
        5186 |  1.18 |  0.90 |  1.03 |  0.99 |  0.96 |  0.98 |  1.07
        5186 |  1.18 |  0.90 |  1.03 |  0.99 |  0.96 |  0.98 |  1.07
        5186 |  1.18 |  0.90 |  1.03 |  0.99 |  0.96 |  0.98 |  1.07
        5186 |  1.18 |  0.90 |  1.03 |  0.99 |  0.96 |  0.98 |  1.07
        5186 |  1.18 |  0.90 |  1.03 |  0.99 |  0.96 |  0.98 |  1.07
        5186 |  1.18 |  0.90 |  1.03 |  0.99 |  0.96 |  0.98 |  1.07
        5186 |  1.18 |  0.90 |  1.03 |  0.99 |  0.96 |  0.98 |  1.07
        5186 |  1.18 |  0.90 |  1.03 |  0.99 |  0.96 |  0.98 |  1.07
        5186 |  1.18 |  0.90 |  1.03 |  0.99 |  0.96 |  0.98 |  1.07
        5186 |  1.18 |  0.90 |  1.03 |  0.99 |  0.96 |  0.98 |  1.07
        5186 |  1.18 |  0.90 |  1.03 |  0.99 |  0.96 |  0.98 |  1.07
        5186 |  1.18 |  0.90 |  1.03 |  0.99 |  0.96 |  0.98 |  1.07
        5186 |  1.18 |  0.90 |  1.03 |  0.99 |  0.96 |  0.98 |  1.07
        5186 |  1.18 |  0.90 |  1.03 |  0.99 |  0.96 |  0.98 |  1.07
        5186 |  1.18 |  0.90 |  1.03 |  0.99 |  0.96 |  0.98 |  1.07
        5186 |  1.18 |  0.90 |  1.03 |  0.99 |  0.96 |  0.98 |  1.07
        5186 |  1.18 |  0.90 |  1.03 |  0.99 |  0.96 |  0.98 |  1.07
        5186 |  1.18 |  0.90 |  1.03 |  0.99 |  0.96 |  0.98 |  1.07
        5186 |  1.18 |  0.90 |  1.03 |  0.99 |  0.96 |  0.98 |  1.07
        5186 |  1.18 |  0.90 |  1.03 |  0.99 |  0.96 |  0.98 |  1.07
        5186 |  1.18 |  0.90 |  1.03 |  0.99 |  0.96 |  0.98 |  1.07
        5186 |  1.18 |  0.90 |  1.03 |  0.99 |  0.96 |  0.98 |  1.07
        5186 |  1.18 |  0.90 |  1.03 |  0.99 |  0.96 |  0.98 |  1.07
        5186 |  1.18 |  0.90 |  1.03 |  0.99 |  0.96 |  0.98 |  1.07
        5186 |  1.18 |  0.90 |  1.03 |  0.99 |  0.96 |  0.98 |  1.07
        5186 |  1.18 |  0.90 |  1.03 |  0.99 |  0.96 |  0.98 |  1.07
        5186 |  1.18 |  0.90 |  1.03 |  0.99 |  0.96 |  0.98 |  1.07
        5186 |  1.18 |  0.90 |  1.03 |  0.99 |  0.96 |  0.98 |  1.07
        5186 |  1.18 |  0.90 |  1.03 |  0.99 |  0.96 |  0.98 |  1.07
        5186 |  1.18 |  0.90 |  1.03 |  0.99 |  0.96 |  0.98 |  1.07
        5186 |  1.18 |  0.90 |  1.03 |  0.99 |  0.96 |  0.98 |  1.07
        5186 |  1.18 |  0.90 |  1.03 |  0.99 |  0.96 |  0.98 |  1.07
        5186 |  1.18 |  0.90 |  1.03 |  0.99 |  0.96 |  0.98 |  1.07
        5186 |  1.18 |  0.90 |  1.03 |  0.99 |  0.96 |  0.98 |  1.07
        5186 |  1.18 |  0.90 |  1.03 |  0.99 |  0.96 |  0.98 |  1.07
        5186 |  1.18 |  0.90 |  1.03 |  0.99 |  0.96 |  0.98 |  1.07
        5186 |  1.18 |  0.90 |  1.03 |  0.99 |  0.96 |  0.98 |  1.07
        5186 |  1.18 |  0.90 |  1.03 |  0.99 |  0.96 |  0.98 |  1.07
        5186 |  1.18 |  0.90 |  1.03 |  0.99 |  0.96 |  0.98 |  1.07
        5186 |  1.18 |  0.90 |  1.03 |  0.99 |  0.96 |  0.98 |  1.07
        5186 |  1.18 |  0.90 |  1.03 |  0.99 |  0.96 |  0.98 |  1.07
        5186 |  1.18 |  0.90 |  1.03 |  0.99 |  0.96 |  0.98 |  1.07
        5186 |  1.18 |  0.90 |  1.03 |  0.99 |  0.96 |  0.98 |  1.07
        5186 |  1.18 |  0.90 |  1.03 |  0.99 |  0.96 |  0.98 |  1.07
        5186 |  1.18 |  0.90 |  1.03 |  0.99 |  0.96 |  0.98 |  1.07
        5186 |  1.18 |  0.90 |  1.03 |  0.99 |  0.96 |  0.98 |  1.07
        5187 |  0.81 |  1.08 |  0.79 |  0.96 |  0.92 |  1.28 |  1.13
        5187 |  0.81 |  1.08 |  0.79 |  0.96 |  0.92 |  1.28 |  1.13
        5187 |  0.81 |  1.08 |  0.79 |  0.96 |  0.92 |  1.28 |  1.13
        5187 |  0.81 |  1.08 |  0.79 |  0.96 |  0.92 |  1.28 |  1.13
        5187 |  0.81 |  1.08 |  0.79 |  0.96 |  0.92 |  1.28 |  1.13
        5187 |  0.81 |  1.08 |  0.79 |  0.96 |  0.92 |  1.28 |  1.13
        5187 |  0.81 |  1.08 |  0.79 |  0.96 |  0.92 |  1.28 |  1.13
        5187 |  0.81 |  1.08 |  0.79 |  0.96 |  0.92 |  1.28 |  1.13
        5187 |  0.81 |  1.08 |  0.79 |  0.96 |  0.92 |  1.28 |  1.13
        5187 |  0.81 |  1.08 |  0.79 |  0.96 |  0.92 |  1.28 |  1.13
        5187 |  0.81 |  1.08 |  0.79 |  0.96 |  0.92 |  1.28 |  1.13
        5187 |  0.81 |  1.08 |  0.79 |  0.96 |  0.92 |  1.28 |  1.13
        5187 |  0.81 |  1.08 |  0.79 |  0.96 |  0.92 |  1.28 |  1.13
        5187 |  0.81 |  1.08 |  0.79 |  0.96 |  0.92 |  1.28 |  1.13
        5187 |  0.81 |  1.08 |  0.79 |  0.96 |  0.92 |  1.28 |  1.13
        5187 |  0.81 |  1.08 |  0.79 |  0.96 |  0.92 |  1.28 |  1.13
        5187 |  0.81 |  1.08 |  0.79 |  0.96 |  0.92 |  1.28 |  1.13
        5187 |  0.81 |  1.08 |  0.79 |  0.96 |  0.92 |  1.28 |  1.13
        5187 |  0.81 |  1.08 |  0.79 |  0.96 |  0.92 |  1.28 |  1.13
        5187 |  0.81 |  1.08 |  0.79 |  0.96 |  0.92 |  1.28 |  1.13
        5187 |  0.81 |  1.08 |  0.79 |  0.96 |  0.92 |  1.28 |  1.13
        5187 |  0.81 |  1.08 |  0.79 |  0.96 |  0.92 |  1.28 |  1.13
        5187 |  0.81 |  1.08 |  0.79 |  0.96 |  0.92 |  1.28 |  1.13
        5187 |  0.81 |  1.08 |  0.79 |  0.96 |  0.92 |  1.28 |  1.13
        5187 |  0.81 |  1.08 |  0.79 |  0.96 |  0.92 |  1.28 |  1.13
        5187 |  0.81 |  1.08 |  0.79 |  0.96 |  0.92 |  1.28 |  1.13
        5187 |  0.81 |  1.08 |  0.79 |  0.96 |  0.92 |  1.28 |  1.13
        5187 |  0.81 |  1.08 |  0.79 |  0.96 |  0.92 |  1.28 |  1.13
        5187 |  0.81 |  1.08 |  0.79 |  0.96 |  0.92 |  1.28 |  1.13
        5187 |  0.81 |  1.08 |  0.79 |  0.96 |  0.92 |  1.28 |  1.13
        5187 |  0.81 |  1.08 |  0.79 |  0.96 |  0.92 |  1.28 |  1.13
        5187 |  0.81 |  1.08 |  0.79 |  0.96 |  0.92 |  1.28 |  1.13
        5187 |  0.81 |  1.08 |  0.79 |  0.96 |  0.92 |  1.28 |  1.13
        5187 |  0.81 |  1.08 |  0.79 |  0.96 |  0.92 |  1.28 |  1.13
        5187 |  0.81 |  1.08 |  0.79 |  0.96 |  0.92 |  1.28 |  1.13
        5187 |  0.81 |  1.08 |  0.79 |  0.96 |  0.92 |  1.28 |  1.13
        5187 |  0.81 |  1.08 |  0.79 |  0.96 |  0.92 |  1.28 |  1.13
        5187 |  0.81 |  1.08 |  0.79 |  0.96 |  0.92 |  1.28 |  1.13
        5187 |  0.81 |  1.08 |  0.79 |  0.96 |  0.92 |  1.28 |  1.13
        5187 |  0.81 |  1.08 |  0.79 |  0.96 |  0.92 |  1.28 |  1.13
        5187 |  0.81 |  1.08 |  0.79 |  0.96 |  0.92 |  1.28 |  1.13
        5187 |  0.81 |  1.08 |  0.79 |  0.96 |  0.92 |  1.28 |  1.13
        5187 |  0.81 |  1.08 |  0.79 |  0.96 |  0.92 |  1.28 |  1.13
        5187 |  0.81 |  1.08 |  0.79 |  0.96 |  0.92 |  1.28 |  1.13
        5187 |  0.81 |  1.08 |  0.79 |  0.96 |  0.92 |  1.28 |  1.13
        5187 |  0.81 |  1.08 |  0.79 |  0.96 |  0.92 |  1.28 |  1.13
        5187 |  0.81 |  1.08 |  0.79 |  0.96 |  0.92 |  1.28 |  1.13
        5187 |  0.81 |  1.08 |  0.79 |  0.96 |  0.92 |  1.28 |  1.13
        5187 |  0.81 |  1.08 |  0.79 |  0.96 |  0.92 |  1.28 |  1.13
        5188 |  0.90 |  1.06 |  1.01 |  0.91 |  1.21 |  1.40 |  1.11
        5188 |  0.90 |  1.06 |  1.01 |  0.91 |  1.21 |  1.40 |  1.11
        5188 |  0.90 |  1.06 |  1.01 |  0.91 |  1.21 |  1.40 |  1.11
        5188 |  0.90 |  1.06 |  1.01 |  0.91 |  1.21 |  1.40 |  1.11
        5188 |  0.90 |  1.06 |  1.01 |  0.91 |  1.21 |  1.40 |  1.11
        5188 |  0.90 |  1.06 |  1.01 |  0.91 |  1.21 |  1.40 |  1.11
        5188 |  0.90 |  1.06 |  1.01 |  0.91 |  1.21 |  1.40 |  1.11
        5188 |  0.90 |  1.06 |  1.01 |  0.91 |  1.21 |  1.40 |  1.11
        5188 |  0.90 |  1.06 |  1.01 |  0.91 |  1.21 |  1.40 |  1.11
        5188 |  0.90 |  1.06 |  1.01 |  0.91 |  1.21 |  1.40 |  1.11
        5188 |  0.90 |  1.06 |  1.01 |  0.91 |  1.21 |  1.40 |  1.11
        5188 |  0.90 |  1.06 |  1.01 |  0.91 |  1.21 |  1.40 |  1.11
        5188 |  0.90 |  1.06 |  1.01 |  0.91 |  1.21 |  1.40 |  1.11
        5188 |  0.90 |  1.06 |  1.01 |  0.91 |  1.21 |  1.40 |  1.11
        5188 |  0.90 |  1.06 |  1.01 |  0.91 |  1.21 |  1.40 |  1.11
        5188 |  0.90 |  1.06 |  1.01 |  0.91 |  1.21 |  1.40 |  1.11
        5188 |  0.90 |  1.06 |  1.01 |  0.91 |  1.21 |  1.40 |  1.11
        5188 |  0.90 |  1.06 |  1.01 |  0.91 |  1.21 |  1.40 |  1.11
        5188 |  0.90 |  1.06 |  1.01 |  0.91 |  1.21 |  1.40 |  1.11
        5188 |  0.90 |  1.06 |  1.01 |  0.91 |  1.21 |  1.40 |  1.11
        5188 |  0.90 |  1.06 |  1.01 |  0.91 |  1.21 |  1.40 |  1.11
        5188 |  0.90 |  1.06 |  1.01 |  0.91 |  1.21 |  1.40 |  1.11
        5188 |  0.90 |  1.06 |  1.01 |  0.91 |  1.21 |  1.40 |  1.11
        5188 |  0.90 |  1.06 |  1.01 |  0.91 |  1.21 |  1.40 |  1.11
        5188 |  0.90 |  1.06 |  1.01 |  0.91 |  1.21 |  1.40 |  1.11
        5188 |  0.90 |  1.06 |  1.01 |  0.91 |  1.21 |  1.40 |  1.11
        5188 |  0.90 |  1.06 |  1.01 |  0.91 |  1.21 |  1.40 |  1.11
        5188 |  0.90 |  1.06 |  1.01 |  0.91 |  1.21 |  1.40 |  1.11
        5188 |  0.90 |  1.06 |  1.01 |  0.91 |  1.21 |  1.40 |  1.11
        5188 |  0.90 |  1.06 |  1.01 |  0.91 |  1.21 |  1.40 |  1.11
        5188 |  0.90 |  1.06 |  1.01 |  0.91 |  1.21 |  1.40 |  1.11
        5188 |  0.90 |  1.06 |  1.01 |  0.91 |  1.21 |  1.40 |  1.11
        5188 |  0.90 |  1.06 |  1.01 |  0.91 |  1.21 |  1.40 |  1.11
        5188 |  0.90 |  1.06 |  1.01 |  0.91 |  1.21 |  1.40 |  1.11
        5188 |  0.90 |  1.06 |  1.01 |  0.91 |  1.21 |  1.40 |  1.11
        5188 |  0.90 |  1.06 |  1.01 |  0.91 |  1.21 |  1.40 |  1.11
        5188 |  0.90 |  1.06 |  1.01 |  0.91 |  1.21 |  1.40 |  1.11
        5188 |  0.90 |  1.06 |  1.01 |  0.91 |  1.21 |  1.40 |  1.11
        5188 |  0.90 |  1.06 |  1.01 |  0.91 |  1.21 |  1.40 |  1.11
        5188 |  0.90 |  1.06 |  1.01 |  0.91 |  1.21 |  1.40 |  1.11
        5188 |  0.90 |  1.06 |  1.01 |  0.91 |  1.21 |  1.40 |  1.11
        5188 |  0.90 |  1.06 |  1.01 |  0.91 |  1.21 |  1.40 |  1.11
        5188 |  0.90 |  1.06 |  1.01 |  0.91 |  1.21 |  1.40 |  1.11
        5188 |  0.90 |  1.06 |  1.01 |  0.91 |  1.21 |  1.40 |  1.11
        5188 |  0.90 |  1.06 |  1.01 |  0.91 |  1.21 |  1.40 |  1.11
        5188 |  0.90 |  1.06 |  1.01 |  0.91 |  1.21 |  1.40 |  1.11
        5188 |  0.90 |  1.06 |  1.01 |  0.91 |  1.21 |  1.40 |  1.11
        5188 |  0.90 |  1.06 |  1.01 |  0.91 |  1.21 |  1.40 |  1.11
        5188 |  0.90 |  1.06 |  1.01 |  0.91 |  1.21 |  1.40 |  1.11
        5189 |  1.02 |  0.71 |  1.06 |  0.94 |  1.03 |  0.72 |  1.10
        5189 |  1.02 |  0.71 |  1.06 |  0.94 |  1.03 |  0.72 |  1.10
        5189 |  1.02 |  0.71 |  1.06 |  0.94 |  1.03 |  0.72 |  1.10
        5189 |  1.02 |  0.71 |  1.06 |  0.94 |  1.03 |  0.72 |  1.10
        5189 |  1.02 |  0.71 |  1.06 |  0.94 |  1.03 |  0.72 |  1.10
        5189 |  1.02 |  0.71 |  1.06 |  0.94 |  1.03 |  0.72 |  1.10
        5189 |  1.02 |  0.71 |  1.06 |  0.94 |  1.03 |  0.72 |  1.10
        5189 |  1.02 |  0.71 |  1.06 |  0.94 |  1.03 |  0.72 |  1.10
        5189 |  1.02 |  0.71 |  1.06 |  0.94 |  1.03 |  0.72 |  1.10
        5189 |  1.02 |  0.71 |  1.06 |  0.94 |  1.03 |  0.72 |  1.10
        5189 |  1.02 |  0.71 |  1.06 |  0.94 |  1.03 |  0.72 |  1.10
        5189 |  1.02 |  0.71 |  1.06 |  0.94 |  1.03 |  0.72 |  1.10
        5189 |  1.02 |  0.71 |  1.06 |  0.94 |  1.03 |  0.72 |  1.10
        5189 |  1.02 |  0.71 |  1.06 |  0.94 |  1.03 |  0.72 |  1.10
        5189 |  1.02 |  0.71 |  1.06 |  0.94 |  1.03 |  0.72 |  1.10
        5189 |  1.02 |  0.71 |  1.06 |  0.94 |  1.03 |  0.72 |  1.10
        5189 |  1.02 |  0.71 |  1.06 |  0.94 |  1.03 |  0.72 |  1.10
        5189 |  1.02 |  0.71 |  1.06 |  0.94 |  1.03 |  0.72 |  1.10
        5189 |  1.02 |  0.71 |  1.06 |  0.94 |  1.03 |  0.72 |  1.10
        5189 |  1.02 |  0.71 |  1.06 |  0.94 |  1.03 |  0.72 |  1.10
        5189 |  1.02 |  0.71 |  1.06 |  0.94 |  1.03 |  0.72 |  1.10
        5189 |  1.02 |  0.71 |  1.06 |  0.94 |  1.03 |  0.72 |  1.10
        5189 |  1.02 |  0.71 |  1.06 |  0.94 |  1.03 |  0.72 |  1.10
        5189 |  1.02 |  0.71 |  1.06 |  0.94 |  1.03 |  0.72 |  1.10
        5189 |  1.02 |  0.71 |  1.06 |  0.94 |  1.03 |  0.72 |  1.10
        5189 |  1.02 |  0.71 |  1.06 |  0.94 |  1.03 |  0.72 |  1.10
        5189 |  1.02 |  0.71 |  1.06 |  0.94 |  1.03 |  0.72 |  1.10
        5189 |  1.02 |  0.71 |  1.06 |  0.94 |  1.03 |  0.72 |  1.10
        5189 |  1.02 |  0.71 |  1.06 |  0.94 |  1.03 |  0.72 |  1.10
        5189 |  1.02 |  0.71 |  1.06 |  0.94 |  1.03 |  0.72 |  1.10
        5189 |  1.02 |  0.71 |  1.06 |  0.94 |  1.03 |  0.72 |  1.10
        5189 |  1.02 |  0.71 |  1.06 |  0.94 |  1.03 |  0.72 |  1.10
        5189 |  1.02 |  0.71 |  1.06 |  0.94 |  1.03 |  0.72 |  1.10
        5189 |  1.02 |  0.71 |  1.06 |  0.94 |  1.03 |  0.72 |  1.10
        5189 |  1.02 |  0.71 |  1.06 |  0.94 |  1.03 |  0.72 |  1.10
        5189 |  1.02 |  0.71 |  1.06 |  0.94 |  1.03 |  0.72 |  1.10
        5189 |  1.02 |  0.71 |  1.06 |  0.94 |  1.03 |  0.72 |  1.10
        5189 |  1.02 |  0.71 |  1.06 |  0.94 |  1.03 |  0.72 |  1.10
        5189 |  1.02 |  0.71 |  1.06 |  0.94 |  1.03 |  0.72 |  1.10
        5189 |  1.02 |  0.71 |  1.06 |  0.94 |  1.03 |  0.72 |  1.10
        5189 |  1.02 |  0.71 |  1.06 |  0.94 |  1.03 |  0.72 |  1.10
        5189 |  1.02 |  0.71 |  1.06 |  0.94 |  1.03 |  0.72 |  1.10
        5189 |  1.02 |  0.71 |  1.06 |  0.94 |  1.03 |  0.72 |  1.10
        5189 |  1.02 |  0.71 |  1.06 |  0.94 |  1.03 |  0.72 |  1.10
        5189 |  1.02 |  0.71 |  1.06 |  0.94 |  1.03 |  0.72 |  1.10
        5189 |  1.02 |  0.71 |  1.06 |  0.94 |  1.03 |  0.72 |  1.10
        5189 |  1.02 |  0.71 |  1.06 |  0.94 |  1.03 |  0.72 |  1.10
        5189 |  1.02 |  0.71 |  1.06 |  0.94 |  1.03 |  0.72 |  1.10
        5189 |  1.02 |  0.71 |  1.06 |  0.94 |  1.03 |  0.72 |  1.10
        5190 |  0.99 |  1.07 |  0.91 |  0.80 |  1.07 |  1.05 |  0.98
        5190 |  0.99 |  1.07 |  0.91 |  0.80 |  1.07 |  1.05 |  0.98
        5190 |  0.99 |  1.07 |  0.91 |  0.80 |  1.07 |  1.05 |  0.98
        5190 |  0.99 |  1.07 |  0.91 |  0.80 |  1.07 |  1.05 |  0.98
        5190 |  0.99 |  1.07 |  0.91 |  0.80 |  1.07 |  1.05 |  0.98
        5190 |  0.99 |  1.07 |  0.91 |  0.80 |  1.07 |  1.05 |  0.98
        5190 |  0.99 |  1.07 |  0.91 |  0.80 |  1.07 |  1.05 |  0.98
        5190 |  0.99 |  1.07 |  0.91 |  0.80 |  1.07 |  1.05 |  0.98
        5190 |  0.99 |  1.07 |  0.91 |  0.80 |  1.07 |  1.05 |  0.98
        5190 |  0.99 |  1.07 |  0.91 |  0.80 |  1.07 |  1.05 |  0.98
        5190 |  0.99 |  1.07 |  0.91 |  0.80 |  1.07 |  1.05 |  0.98
        5190 |  0.99 |  1.07 |  0.91 |  0.80 |  1.07 |  1.05 |  0.98
        5190 |  0.99 |  1.07 |  0.91 |  0.80 |  1.07 |  1.05 |  0.98
        5190 |  0.99 |  1.07 |  0.91 |  0.80 |  1.07 |  1.05 |  0.98
        5190 |  0.99 |  1.07 |  0.91 |  0.80 |  1.07 |  1.05 |  0.98
        5190 |  0.99 |  1.07 |  0.91 |  0.80 |  1.07 |  1.05 |  0.98
        5190 |  0.99 |  1.07 |  0.91 |  0.80 |  1.07 |  1.05 |  0.98
        5190 |  0.99 |  1.07 |  0.91 |  0.80 |  1.07 |  1.05 |  0.98
        5190 |  0.99 |  1.07 |  0.91 |  0.80 |  1.07 |  1.05 |  0.98
        5190 |  0.99 |  1.07 |  0.91 |  0.80 |  1.07 |  1.05 |  0.98
        5190 |  0.99 |  1.07 |  0.91 |  0.80 |  1.07 |  1.05 |  0.98
        5190 |  0.99 |  1.07 |  0.91 |  0.80 |  1.07 |  1.05 |  0.98
        5190 |  0.99 |  1.07 |  0.91 |  0.80 |  1.07 |  1.05 |  0.98
        5190 |  0.99 |  1.07 |  0.91 |  0.80 |  1.07 |  1.05 |  0.98
        5190 |  0.99 |  1.07 |  0.91 |  0.80 |  1.07 |  1.05 |  0.98
        5190 |  0.99 |  1.07 |  0.91 |  0.80 |  1.07 |  1.05 |  0.98
        5190 |  0.99 |  1.07 |  0.91 |  0.80 |  1.07 |  1.05 |  0.98
        5190 |  0.99 |  1.07 |  0.91 |  0.80 |  1.07 |  1.05 |  0.98
        5190 |  0.99 |  1.07 |  0.91 |  0.80 |  1.07 |  1.05 |  0.98
        5190 |  0.99 |  1.07 |  0.91 |  0.80 |  1.07 |  1.05 |  0.98
        5190 |  0.99 |  1.07 |  0.91 |  0.80 |  1.07 |  1.05 |  0.98
        5190 |  0.99 |  1.07 |  0.91 |  0.80 |  1.07 |  1.05 |  0.98
        5190 |  0.99 |  1.07 |  0.91 |  0.80 |  1.07 |  1.05 |  0.98
        5190 |  0.99 |  1.07 |  0.91 |  0.80 |  1.07 |  1.05 |  0.98
        5190 |  0.99 |  1.07 |  0.91 |  0.80 |  1.07 |  1.05 |  0.98
        5190 |  0.99 |  1.07 |  0.91 |  0.80 |  1.07 |  1.05 |  0.98
        5190 |  0.99 |  1.07 |  0.91 |  0.80 |  1.07 |  1.05 |  0.98
        5190 |  0.99 |  1.07 |  0.91 |  0.80 |  1.07 |  1.05 |  0.98
        5190 |  0.99 |  1.07 |  0.91 |  0.80 |  1.07 |  1.05 |  0.98
        5190 |  0.99 |  1.07 |  0.91 |  0.80 |  1.07 |  1.05 |  0.98
        5190 |  0.99 |  1.07 |  0.91 |  0.80 |  1.07 |  1.05 |  0.98
        5190 |  0.99 |  1.07 |  0.91 |  0.80 |  1.07 |  1.05 |  0.98
        5190 |  0.99 |  1.07 |  0.91 |  0.80 |  1.07 |  1.05 |  0.98
        5190 |  0.99 |  1.07 |  0.91 |  0.80 |  1.07 |  1.05 |  0.98
        5190 |  0.99 |  1.07 |  0.91 |  0.80 |  1.07 |  1.05 |  0.98
        5190 |  0.99 |  1.07 |  0.91 |  0.80 |  1.07 |  1.05 |  0.98
        5190 |  0.99 |  1.07 |  0.91 |  0.80 |  1.07 |  1.05 |  0.98
        5190 |  0.99 |  1.07 |  0.91 |  0.80 |  1.07 |  1.05 |  0.98
        5190 |  0.99 |  1.07 |  0.91 |  0.80 |  1.07 |  1.05 |  0.98
        5191 |  1.00 |  0.98 |  1.06 |  0.93 |  0.90 |  1.05 |  0.86
        5191 |  1.00 |  0.98 |  1.06 |  0.93 |  0.90 |  1.05 |  0.86
        5191 |  1.00 |  0.98 |  1.06 |  0.93 |  0.90 |  1.05 |  0.86
        5191 |  1.00 |  0.98 |  1.06 |  0.93 |  0.90 |  1.05 |  0.86
        5191 |  1.00 |  0.98 |  1.06 |  0.93 |  0.90 |  1.05 |  0.86
        5191 |  1.00 |  0.98 |  1.06 |  0.93 |  0.90 |  1.05 |  0.86
        5191 |  1.00 |  0.98 |  1.06 |  0.93 |  0.90 |  1.05 |  0.86
        5191 |  1.00 |  0.98 |  1.06 |  0.93 |  0.90 |  1.05 |  0.86
        5191 |  1.00 |  0.98 |  1.06 |  0.93 |  0.90 |  1.05 |  0.86
        5191 |  1.00 |  0.98 |  1.06 |  0.93 |  0.90 |  1.05 |  0.86
        5191 |  1.00 |  0.98 |  1.06 |  0.93 |  0.90 |  1.05 |  0.86
        5191 |  1.00 |  0.98 |  1.06 |  0.93 |  0.90 |  1.05 |  0.86
        5191 |  1.00 |  0.98 |  1.06 |  0.93 |  0.90 |  1.05 |  0.86
        5191 |  1.00 |  0.98 |  1.06 |  0.93 |  0.90 |  1.05 |  0.86
        5191 |  1.00 |  0.98 |  1.06 |  0.93 |  0.90 |  1.05 |  0.86
        5191 |  1.00 |  0.98 |  1.06 |  0.93 |  0.90 |  1.05 |  0.86
        5191 |  1.00 |  0.98 |  1.06 |  0.93 |  0.90 |  1.05 |  0.86
        5191 |  1.00 |  0.98 |  1.06 |  0.93 |  0.90 |  1.05 |  0.86
        5191 |  1.00 |  0.98 |  1.06 |  0.93 |  0.90 |  1.05 |  0.86
        5191 |  1.00 |  0.98 |  1.06 |  0.93 |  0.90 |  1.05 |  0.86
        5191 |  1.00 |  0.98 |  1.06 |  0.93 |  0.90 |  1.05 |  0.86
        5191 |  1.00 |  0.98 |  1.06 |  0.93 |  0.90 |  1.05 |  0.86
        5191 |  1.00 |  0.98 |  1.06 |  0.93 |  0.90 |  1.05 |  0.86
        5191 |  1.00 |  0.98 |  1.06 |  0.93 |  0.90 |  1.05 |  0.86
        5191 |  1.00 |  0.98 |  1.06 |  0.93 |  0.90 |  1.05 |  0.86
        5191 |  1.00 |  0.98 |  1.06 |  0.93 |  0.90 |  1.05 |  0.86
        5191 |  1.00 |  0.98 |  1.06 |  0.93 |  0.90 |  1.05 |  0.86
        5191 |  1.00 |  0.98 |  1.06 |  0.93 |  0.90 |  1.05 |  0.86
        5191 |  1.00 |  0.98 |  1.06 |  0.93 |  0.90 |  1.05 |  0.86
        5191 |  1.00 |  0.98 |  1.06 |  0.93 |  0.90 |  1.05 |  0.86
        5191 |  1.00 |  0.98 |  1.06 |  0.93 |  0.90 |  1.05 |  0.86
        5191 |  1.00 |  0.98 |  1.06 |  0.93 |  0.90 |  1.05 |  0.86
        5191 |  1.00 |  0.98 |  1.06 |  0.93 |  0.90 |  1.05 |  0.86
        5191 |  1.00 |  0.98 |  1.06 |  0.93 |  0.90 |  1.05 |  0.86
        5191 |  1.00 |  0.98 |  1.06 |  0.93 |  0.90 |  1.05 |  0.86
        5191 |  1.00 |  0.98 |  1.06 |  0.93 |  0.90 |  1.05 |  0.86
        5191 |  1.00 |  0.98 |  1.06 |  0.93 |  0.90 |  1.05 |  0.86
        5191 |  1.00 |  0.98 |  1.06 |  0.93 |  0.90 |  1.05 |  0.86
        5191 |  1.00 |  0.98 |  1.06 |  0.93 |  0.90 |  1.05 |  0.86
        5191 |  1.00 |  0.98 |  1.06 |  0.93 |  0.90 |  1.05 |  0.86
        5191 |  1.00 |  0.98 |  1.06 |  0.93 |  0.90 |  1.05 |  0.86
        5191 |  1.00 |  0.98 |  1.06 |  0.93 |  0.90 |  1.05 |  0.86
        5191 |  1.00 |  0.98 |  1.06 |  0.93 |  0.90 |  1.05 |  0.86
        5191 |  1.00 |  0.98 |  1.06 |  0.93 |  0.90 |  1.05 |  0.86
        5191 |  1.00 |  0.98 |  1.06 |  0.93 |  0.90 |  1.05 |  0.86
        5191 |  1.00 |  0.98 |  1.06 |  0.93 |  0.90 |  1.05 |  0.86
        5191 |  1.00 |  0.98 |  1.06 |  0.93 |  0.90 |  1.05 |  0.86
        5191 |  1.00 |  0.98 |  1.06 |  0.93 |  0.90 |  1.05 |  0.86
        5191 |  1.00 |  0.98 |  1.06 |  0.93 |  0.90 |  1.05 |  0.86
        5192 |  0.91 |  0.88 |  1.20 |  0.79 |  0.94 |  1.00 |  1.31
        5192 |  0.91 |  0.88 |  1.20 |  0.79 |  0.94 |  1.00 |  1.31
        5192 |  0.91 |  0.88 |  1.20 |  0.79 |  0.94 |  1.00 |  1.31
        5192 |  0.91 |  0.88 |  1.20 |  0.79 |  0.94 |  1.00 |  1.31
        5192 |  0.91 |  0.88 |  1.20 |  0.79 |  0.94 |  1.00 |  1.31
        5192 |  0.91 |  0.88 |  1.20 |  0.79 |  0.94 |  1.00 |  1.31
        5192 |  0.91 |  0.88 |  1.20 |  0.79 |  0.94 |  1.00 |  1.31
        5192 |  0.91 |  0.88 |  1.20 |  0.79 |  0.94 |  1.00 |  1.31
        5192 |  0.91 |  0.88 |  1.20 |  0.79 |  0.94 |  1.00 |  1.31
        5192 |  0.91 |  0.88 |  1.20 |  0.79 |  0.94 |  1.00 |  1.31
        5192 |  0.91 |  0.88 |  1.20 |  0.79 |  0.94 |  1.00 |  1.31
        5192 |  0.91 |  0.88 |  1.20 |  0.79 |  0.94 |  1.00 |  1.31
        5192 |  0.91 |  0.88 |  1.20 |  0.79 |  0.94 |  1.00 |  1.31
        5192 |  0.91 |  0.88 |  1.20 |  0.79 |  0.94 |  1.00 |  1.31
        5192 |  0.91 |  0.88 |  1.20 |  0.79 |  0.94 |  1.00 |  1.31
        5192 |  0.91 |  0.88 |  1.20 |  0.79 |  0.94 |  1.00 |  1.31
        5192 |  0.91 |  0.88 |  1.20 |  0.79 |  0.94 |  1.00 |  1.31
        5192 |  0.91 |  0.88 |  1.20 |  0.79 |  0.94 |  1.00 |  1.31
        5192 |  0.91 |  0.88 |  1.20 |  0.79 |  0.94 |  1.00 |  1.31
        5192 |  0.91 |  0.88 |  1.20 |  0.79 |  0.94 |  1.00 |  1.31
        5192 |  0.91 |  0.88 |  1.20 |  0.79 |  0.94 |  1.00 |  1.31
        5192 |  0.91 |  0.88 |  1.20 |  0.79 |  0.94 |  1.00 |  1.31
        5192 |  0.91 |  0.88 |  1.20 |  0.79 |  0.94 |  1.00 |  1.31
        5192 |  0.91 |  0.88 |  1.20 |  0.79 |  0.94 |  1.00 |  1.31
        5192 |  0.91 |  0.88 |  1.20 |  0.79 |  0.94 |  1.00 |  1.31
        5192 |  0.91 |  0.88 |  1.20 |  0.79 |  0.94 |  1.00 |  1.31
        5192 |  0.91 |  0.88 |  1.20 |  0.79 |  0.94 |  1.00 |  1.31
        5192 |  0.91 |  0.88 |  1.20 |  0.79 |  0.94 |  1.00 |  1.31
        5192 |  0.91 |  0.88 |  1.20 |  0.79 |  0.94 |  1.00 |  1.31
        5192 |  0.91 |  0.88 |  1.20 |  0.79 |  0.94 |  1.00 |  1.31
        5192 |  0.91 |  0.88 |  1.20 |  0.79 |  0.94 |  1.00 |  1.31
        5192 |  0.91 |  0.88 |  1.20 |  0.79 |  0.94 |  1.00 |  1.31
        5192 |  0.91 |  0.88 |  1.20 |  0.79 |  0.94 |  1.00 |  1.31
        5192 |  0.91 |  0.88 |  1.20 |  0.79 |  0.94 |  1.00 |  1.31
        5192 |  0.91 |  0.88 |  1.20 |  0.79 |  0.94 |  1.00 |  1.31
        5192 |  0.91 |  0.88 |  1.20 |  0.79 |  0.94 |  1.00 |  1.31
        5192 |  0.91 |  0.88 |  1.20 |  0.79 |  0.94 |  1.00 |  1.31
        5192 |  0.91 |  0.88 |  1.20 |  0.79 |  0.94 |  1.00 |  1.31
        5192 |  0.91 |  0.88 |  1.20 |  0.79 |  0.94 |  1.00 |  1.31
        5192 |  0.91 |  0.88 |  1.20 |  0.79 |  0.94 |  1.00 |  1.31
        5192 |  0.91 |  0.88 |  1.20 |  0.79 |  0.94 |  1.00 |  1.31
        5192 |  0.91 |  0.88 |  1.20 |  0.79 |  0.94 |  1.00 |  1.31
        5192 |  0.91 |  0.88 |  1.20 |  0.79 |  0.94 |  1.00 |  1.31
        5192 |  0.91 |  0.88 |  1.20 |  0.79 |  0.94 |  1.00 |  1.31
        5192 |  0.91 |  0.88 |  1.20 |  0.79 |  0.94 |  1.00 |  1.31
        5192 |  0.91 |  0.88 |  1.20 |  0.79 |  0.94 |  1.00 |  1.31
        5192 |  0.91 |  0.88 |  1.20 |  0.79 |  0.94 |  1.00 |  1.31
        5192 |  0.91 |  0.88 |  1.20 |  0.79 |  0.94 |  1.00 |  1.31
        5192 |  0.91 |  0.88 |  1.20 |  0.79 |  0.94 |  1.00 |  1.31
        5193 |  0.96 |  1.04 |  1.06 |  0.89 |  1.16 |  0.95 |  0.77
        5193 |  0.96 |  1.04 |  1.06 |  0.89 |  1.16 |  0.95 |  0.77
        5193 |  0.96 |  1.04 |  1.06 |  0.89 |  1.16 |  0.95 |  0.77
        5193 |  0.96 |  1.04 |  1.06 |  0.89 |  1.16 |  0.95 |  0.77
        5193 |  0.96 |  1.04 |  1.06 |  0.89 |  1.16 |  0.95 |  0.77
        5193 |  0.96 |  1.04 |  1.06 |  0.89 |  1.16 |  0.95 |  0.77
        5193 |  0.96 |  1.04 |  1.06 |  0.89 |  1.16 |  0.95 |  0.77
        5193 |  0.96 |  1.04 |  1.06 |  0.89 |  1.16 |  0.95 |  0.77
        5193 |  0.96 |  1.04 |  1.06 |  0.89 |  1.16 |  0.95 |  0.77
        5193 |  0.96 |  1.04 |  1.06 |  0.89 |  1.16 |  0.95 |  0.77
        5193 |  0.96 |  1.04 |  1.06 |  0.89 |  1.16 |  0.95 |  0.77
        5193 |  0.96 |  1.04 |  1.06 |  0.89 |  1.16 |  0.95 |  0.77
        5193 |  0.96 |  1.04 |  1.06 |  0.89 |  1.16 |  0.95 |  0.77
        5193 |  0.96 |  1.04 |  1.06 |  0.89 |  1.16 |  0.95 |  0.77
        5193 |  0.96 |  1.04 |  1.06 |  0.89 |  1.16 |  0.95 |  0.77
        5193 |  0.96 |  1.04 |  1.06 |  0.89 |  1.16 |  0.95 |  0.77
        5193 |  0.96 |  1.04 |  1.06 |  0.89 |  1.16 |  0.95 |  0.77
        5193 |  0.96 |  1.04 |  1.06 |  0.89 |  1.16 |  0.95 |  0.77
        5193 |  0.96 |  1.04 |  1.06 |  0.89 |  1.16 |  0.95 |  0.77
        5193 |  0.96 |  1.04 |  1.06 |  0.89 |  1.16 |  0.95 |  0.77
        5193 |  0.96 |  1.04 |  1.06 |  0.89 |  1.16 |  0.95 |  0.77
        5193 |  0.96 |  1.04 |  1.06 |  0.89 |  1.16 |  0.95 |  0.77
        5193 |  0.96 |  1.04 |  1.06 |  0.89 |  1.16 |  0.95 |  0.77
        5193 |  0.96 |  1.04 |  1.06 |  0.89 |  1.16 |  0.95 |  0.77
        5193 |  0.96 |  1.04 |  1.06 |  0.89 |  1.16 |  0.95 |  0.77
        5193 |  0.96 |  1.04 |  1.06 |  0.89 |  1.16 |  0.95 |  0.77
        5193 |  0.96 |  1.04 |  1.06 |  0.89 |  1.16 |  0.95 |  0.77
        5193 |  0.96 |  1.04 |  1.06 |  0.89 |  1.16 |  0.95 |  0.77
        5193 |  0.96 |  1.04 |  1.06 |  0.89 |  1.16 |  0.95 |  0.77
        5193 |  0.96 |  1.04 |  1.06 |  0.89 |  1.16 |  0.95 |  0.77
        5193 |  0.96 |  1.04 |  1.06 |  0.89 |  1.16 |  0.95 |  0.77
        5193 |  0.96 |  1.04 |  1.06 |  0.89 |  1.16 |  0.95 |  0.77
        5193 |  0.96 |  1.04 |  1.06 |  0.89 |  1.16 |  0.95 |  0.77
        5193 |  0.96 |  1.04 |  1.06 |  0.89 |  1.16 |  0.95 |  0.77
        5193 |  0.96 |  1.04 |  1.06 |  0.89 |  1.16 |  0.95 |  0.77
        5193 |  0.96 |  1.04 |  1.06 |  0.89 |  1.16 |  0.95 |  0.77
        5193 |  0.96 |  1.04 |  1.06 |  0.89 |  1.16 |  0.95 |  0.77
        5193 |  0.96 |  1.04 |  1.06 |  0.89 |  1.16 |  0.95 |  0.77
        5193 |  0.96 |  1.04 |  1.06 |  0.89 |  1.16 |  0.95 |  0.77
        5193 |  0.96 |  1.04 |  1.06 |  0.89 |  1.16 |  0.95 |  0.77
        5193 |  0.96 |  1.04 |  1.06 |  0.89 |  1.16 |  0.95 |  0.77
        5193 |  0.96 |  1.04 |  1.06 |  0.89 |  1.16 |  0.95 |  0.77
        5193 |  0.96 |  1.04 |  1.06 |  0.89 |  1.16 |  0.95 |  0.77
        5193 |  0.96 |  1.04 |  1.06 |  0.89 |  1.16 |  0.95 |  0.77
        5193 |  0.96 |  1.04 |  1.06 |  0.89 |  1.16 |  0.95 |  0.77
        5193 |  0.96 |  1.04 |  1.06 |  0.89 |  1.16 |  0.95 |  0.77
        5193 |  0.96 |  1.04 |  1.06 |  0.89 |  1.16 |  0.95 |  0.77
        5193 |  0.96 |  1.04 |  1.06 |  0.89 |  1.16 |  0.95 |  0.77
        5193 |  0.96 |  1.04 |  1.06 |  0.89 |  1.16 |  0.95 |  0.77
        5194 |  0.95 |  1.01 |  1.27 |  1.20 |  0.87 |  0.70 |  1.04
        5194 |  0.95 |  1.01 |  1.27 |  1.20 |  0.87 |  0.70 |  1.04
        5194 |  0.95 |  1.01 |  1.27 |  1.20 |  0.87 |  0.70 |  1.04
        5194 |  0.95 |  1.01 |  1.27 |  1.20 |  0.87 |  0.70 |  1.04
        5194 |  0.95 |  1.01 |  1.27 |  1.20 |  0.87 |  0.70 |  1.04
        5194 |  0.95 |  1.01 |  1.27 |  1.20 |  0.87 |  0.70 |  1.04
        5194 |  0.95 |  1.01 |  1.27 |  1.20 |  0.87 |  0.70 |  1.04
        5194 |  0.95 |  1.01 |  1.27 |  1.20 |  0.87 |  0.70 |  1.04
        5194 |  0.95 |  1.01 |  1.27 |  1.20 |  0.87 |  0.70 |  1.04
        5194 |  0.95 |  1.01 |  1.27 |  1.20 |  0.87 |  0.70 |  1.04
        5194 |  0.95 |  1.01 |  1.27 |  1.20 |  0.87 |  0.70 |  1.04
        5194 |  0.95 |  1.01 |  1.27 |  1.20 |  0.87 |  0.70 |  1.04
        5194 |  0.95 |  1.01 |  1.27 |  1.20 |  0.87 |  0.70 |  1.04
        5194 |  0.95 |  1.01 |  1.27 |  1.20 |  0.87 |  0.70 |  1.04
        5194 |  0.95 |  1.01 |  1.27 |  1.20 |  0.87 |  0.70 |  1.04
        5194 |  0.95 |  1.01 |  1.27 |  1.20 |  0.87 |  0.70 |  1.04
        5194 |  0.95 |  1.01 |  1.27 |  1.20 |  0.87 |  0.70 |  1.04
        5194 |  0.95 |  1.01 |  1.27 |  1.20 |  0.87 |  0.70 |  1.04
        5194 |  0.95 |  1.01 |  1.27 |  1.20 |  0.87 |  0.70 |  1.04
        5194 |  0.95 |  1.01 |  1.27 |  1.20 |  0.87 |  0.70 |  1.04
        5194 |  0.95 |  1.01 |  1.27 |  1.20 |  0.87 |  0.70 |  1.04
        5194 |  0.95 |  1.01 |  1.27 |  1.20 |  0.87 |  0.70 |  1.04
        5194 |  0.95 |  1.01 |  1.27 |  1.20 |  0.87 |  0.70 |  1.04
        5194 |  0.95 |  1.01 |  1.27 |  1.20 |  0.87 |  0.70 |  1.04
        5194 |  0.95 |  1.01 |  1.27 |  1.20 |  0.87 |  0.70 |  1.04
        5194 |  0.95 |  1.01 |  1.27 |  1.20 |  0.87 |  0.70 |  1.04
        5194 |  0.95 |  1.01 |  1.27 |  1.20 |  0.87 |  0.70 |  1.04
        5194 |  0.95 |  1.01 |  1.27 |  1.20 |  0.87 |  0.70 |  1.04
        5194 |  0.95 |  1.01 |  1.27 |  1.20 |  0.87 |  0.70 |  1.04
        5194 |  0.95 |  1.01 |  1.27 |  1.20 |  0.87 |  0.70 |  1.04
        5194 |  0.95 |  1.01 |  1.27 |  1.20 |  0.87 |  0.70 |  1.04
        5194 |  0.95 |  1.01 |  1.27 |  1.20 |  0.87 |  0.70 |  1.04
        5194 |  0.95 |  1.01 |  1.27 |  1.20 |  0.87 |  0.70 |  1.04
        5194 |  0.95 |  1.01 |  1.27 |  1.20 |  0.87 |  0.70 |  1.04
        5194 |  0.95 |  1.01 |  1.27 |  1.20 |  0.87 |  0.70 |  1.04
        5194 |  0.95 |  1.01 |  1.27 |  1.20 |  0.87 |  0.70 |  1.04
        5194 |  0.95 |  1.01 |  1.27 |  1.20 |  0.87 |  0.70 |  1.04
        5194 |  0.95 |  1.01 |  1.27 |  1.20 |  0.87 |  0.70 |  1.04
        5194 |  0.95 |  1.01 |  1.27 |  1.20 |  0.87 |  0.70 |  1.04
        5194 |  0.95 |  1.01 |  1.27 |  1.20 |  0.87 |  0.70 |  1.04
        5194 |  0.95 |  1.01 |  1.27 |  1.20 |  0.87 |  0.70 |  1.04
        5194 |  0.95 |  1.01 |  1.27 |  1.20 |  0.87 |  0.70 |  1.04
        5194 |  0.95 |  1.01 |  1.27 |  1.20 |  0.87 |  0.70 |  1.04
        5194 |  0.95 |  1.01 |  1.27 |  1.20 |  0.87 |  0.70 |  1.04
        5194 |  0.95 |  1.01 |  1.27 |  1.20 |  0.87 |  0.70 |  1.04
        5194 |  0.95 |  1.01 |  1.27 |  1.20 |  0.87 |  0.70 |  1.04
        5194 |  0.95 |  1.01 |  1.27 |  1.20 |  0.87 |  0.70 |  1.04
        5194 |  0.95 |  1.01 |  1.27 |  1.20 |  0.87 |  0.70 |  1.04
        5194 |  0.95 |  1.01 |  1.27 |  1.20 |  0.87 |  0.70 |  1.04
        5195 |  0.87 |  1.29 |  1.17 |  1.05 |  0.82 |  1.27 |  1.19
        5195 |  0.87 |  1.29 |  1.17 |  1.05 |  0.82 |  1.27 |  1.19
        5195 |  0.87 |  1.29 |  1.17 |  1.05 |  0.82 |  1.27 |  1.19
        5195 |  0.87 |  1.29 |  1.17 |  1.05 |  0.82 |  1.27 |  1.19
        5195 |  0.87 |  1.29 |  1.17 |  1.05 |  0.82 |  1.27 |  1.19
        5195 |  0.87 |  1.29 |  1.17 |  1.05 |  0.82 |  1.27 |  1.19
        5195 |  0.87 |  1.29 |  1.17 |  1.05 |  0.82 |  1.27 |  1.19
        5195 |  0.87 |  1.29 |  1.17 |  1.05 |  0.82 |  1.27 |  1.19
        5195 |  0.87 |  1.29 |  1.17 |  1.05 |  0.82 |  1.27 |  1.19
        5195 |  0.87 |  1.29 |  1.17 |  1.05 |  0.82 |  1.27 |  1.19
        5195 |  0.87 |  1.29 |  1.17 |  1.05 |  0.82 |  1.27 |  1.19
        5195 |  0.87 |  1.29 |  1.17 |  1.05 |  0.82 |  1.27 |  1.19
        5195 |  0.87 |  1.29 |  1.17 |  1.05 |  0.82 |  1.27 |  1.19
        5195 |  0.87 |  1.29 |  1.17 |  1.05 |  0.82 |  1.27 |  1.19
        5195 |  0.87 |  1.29 |  1.17 |  1.05 |  0.82 |  1.27 |  1.19
        5195 |  0.87 |  1.29 |  1.17 |  1.05 |  0.82 |  1.27 |  1.19
        5195 |  0.87 |  1.29 |  1.17 |  1.05 |  0.82 |  1.27 |  1.19
        5195 |  0.87 |  1.29 |  1.17 |  1.05 |  0.82 |  1.27 |  1.19
        5195 |  0.87 |  1.29 |  1.17 |  1.05 |  0.82 |  1.27 |  1.19
        5195 |  0.87 |  1.29 |  1.17 |  1.05 |  0.82 |  1.27 |  1.19
        5195 |  0.87 |  1.29 |  1.17 |  1.05 |  0.82 |  1.27 |  1.19
        5195 |  0.87 |  1.29 |  1.17 |  1.05 |  0.82 |  1.27 |  1.19
        5195 |  0.87 |  1.29 |  1.17 |  1.05 |  0.82 |  1.27 |  1.19
        5195 |  0.87 |  1.29 |  1.17 |  1.05 |  0.82 |  1.27 |  1.19
        5195 |  0.87 |  1.29 |  1.17 |  1.05 |  0.82 |  1.27 |  1.19
        5195 |  0.87 |  1.29 |  1.17 |  1.05 |  0.82 |  1.27 |  1.19
        5195 |  0.87 |  1.29 |  1.17 |  1.05 |  0.82 |  1.27 |  1.19
        5195 |  0.87 |  1.29 |  1.17 |  1.05 |  0.82 |  1.27 |  1.19
        5195 |  0.87 |  1.29 |  1.17 |  1.05 |  0.82 |  1.27 |  1.19
        5195 |  0.87 |  1.29 |  1.17 |  1.05 |  0.82 |  1.27 |  1.19
        5195 |  0.87 |  1.29 |  1.17 |  1.05 |  0.82 |  1.27 |  1.19
        5195 |  0.87 |  1.29 |  1.17 |  1.05 |  0.82 |  1.27 |  1.19
        5195 |  0.87 |  1.29 |  1.17 |  1.05 |  0.82 |  1.27 |  1.19
        5195 |  0.87 |  1.29 |  1.17 |  1.05 |  0.82 |  1.27 |  1.19
        5195 |  0.87 |  1.29 |  1.17 |  1.05 |  0.82 |  1.27 |  1.19
        5195 |  0.87 |  1.29 |  1.17 |  1.05 |  0.82 |  1.27 |  1.19
        5195 |  0.87 |  1.29 |  1.17 |  1.05 |  0.82 |  1.27 |  1.19
        5195 |  0.87 |  1.29 |  1.17 |  1.05 |  0.82 |  1.27 |  1.19
        5195 |  0.87 |  1.29 |  1.17 |  1.05 |  0.82 |  1.27 |  1.19
        5195 |  0.87 |  1.29 |  1.17 |  1.05 |  0.82 |  1.27 |  1.19
        5195 |  0.87 |  1.29 |  1.17 |  1.05 |  0.82 |  1.27 |  1.19
        5195 |  0.87 |  1.29 |  1.17 |  1.05 |  0.82 |  1.27 |  1.19
        5195 |  0.87 |  1.29 |  1.17 |  1.05 |  0.82 |  1.27 |  1.19
        5195 |  0.87 |  1.29 |  1.17 |  1.05 |  0.82 |  1.27 |  1.19
        5195 |  0.87 |  1.29 |  1.17 |  1.05 |  0.82 |  1.27 |  1.19
        5195 |  0.87 |  1.29 |  1.17 |  1.05 |  0.82 |  1.27 |  1.19
        5195 |  0.87 |  1.29 |  1.17 |  1.05 |  0.82 |  1.27 |  1.19
        5195 |  0.87 |  1.29 |  1.17 |  1.05 |  0.82 |  1.27 |  1.19
        5195 |  0.87 |  1.29 |  1.17 |  1.05 |  0.82 |  1.27 |  1.19
        5196 |  0.35 |  0.75 |  0.72 |  0.42 |  0.40 |  0.44 |  0.52
        5196 |  0.35 |  0.75 |  0.72 |  0.42 |  0.40 |  0.44 |  0.52
        5196 |  0.35 |  0.75 |  0.72 |  0.42 |  0.40 |  0.44 |  0.52
        5196 |  0.35 |  0.75 |  0.72 |  0.42 |  0.40 |  0.44 |  0.52
        5196 |  0.35 |  0.75 |  0.72 |  0.42 |  0.40 |  0.44 |  0.52
        5196 |  0.35 |  0.75 |  0.72 |  0.42 |  0.40 |  0.44 |  0.52
        5196 |  0.35 |  0.75 |  0.72 |  0.42 |  0.40 |  0.44 |  0.52
        5196 |  0.35 |  0.75 |  0.72 |  0.42 |  0.40 |  0.44 |  0.52
        5196 |  0.35 |  0.75 |  0.72 |  0.42 |  0.40 |  0.44 |  0.52
        5196 |  0.35 |  0.75 |  0.72 |  0.42 |  0.40 |  0.44 |  0.52
        5196 |  0.35 |  0.75 |  0.72 |  0.42 |  0.40 |  0.44 |  0.52
        5196 |  0.35 |  0.75 |  0.72 |  0.42 |  0.40 |  0.44 |  0.52
        5196 |  0.35 |  0.75 |  0.72 |  0.42 |  0.40 |  0.44 |  0.52
        5196 |  0.35 |  0.75 |  0.72 |  0.42 |  0.40 |  0.44 |  0.52
        5196 |  0.35 |  0.75 |  0.72 |  0.42 |  0.40 |  0.44 |  0.52
        5196 |  0.35 |  0.75 |  0.72 |  0.42 |  0.40 |  0.44 |  0.52
        5196 |  0.35 |  0.75 |  0.72 |  0.42 |  0.40 |  0.44 |  0.52
        5196 |  0.35 |  0.75 |  0.72 |  0.42 |  0.40 |  0.44 |  0.52
        5196 |  0.35 |  0.75 |  0.72 |  0.42 |  0.40 |  0.44 |  0.52
        5196 |  0.35 |  0.75 |  0.72 |  0.42 |  0.40 |  0.44 |  0.52
        5196 |  0.35 |  0.75 |  0.72 |  0.42 |  0.40 |  0.44 |  0.52
        5196 |  0.35 |  0.75 |  0.72 |  0.42 |  0.40 |  0.44 |  0.52
        5196 |  0.35 |  0.75 |  0.72 |  0.42 |  0.40 |  0.44 |  0.52
        5196 |  0.35 |  0.75 |  0.72 |  0.42 |  0.40 |  0.44 |  0.52
        5196 |  0.35 |  0.75 |  0.72 |  0.42 |  0.40 |  0.44 |  0.52
        5196 |  0.35 |  0.75 |  0.72 |  0.42 |  0.40 |  0.44 |  0.52
        5196 |  0.35 |  0.75 |  0.72 |  0.42 |  0.40 |  0.44 |  0.52
        5196 |  0.35 |  0.75 |  0.72 |  0.42 |  0.40 |  0.44 |  0.52
        5196 |  0.35 |  0.75 |  0.72 |  0.42 |  0.40 |  0.44 |  0.52
        5196 |  0.35 |  0.75 |  0.72 |  0.42 |  0.40 |  0.44 |  0.52
        5196 |  0.35 |  0.75 |  0.72 |  0.42 |  0.40 |  0.44 |  0.52
        5196 |  0.35 |  0.75 |  0.72 |  0.42 |  0.40 |  0.44 |  0.52
        5196 |  0.35 |  0.75 |  0.72 |  0.42 |  0.40 |  0.44 |  0.52
        5196 |  0.35 |  0.75 |  0.72 |  0.42 |  0.40 |  0.44 |  0.52
        5196 |  0.35 |  0.75 |  0.72 |  0.42 |  0.40 |  0.44 |  0.52
        5196 |  0.35 |  0.75 |  0.72 |  0.42 |  0.40 |  0.44 |  0.52
        5196 |  0.35 |  0.75 |  0.72 |  0.42 |  0.40 |  0.44 |  0.52
        5196 |  0.35 |  0.75 |  0.72 |  0.42 |  0.40 |  0.44 |  0.52
        5196 |  0.35 |  0.75 |  0.72 |  0.42 |  0.40 |  0.44 |  0.52
        5196 |  0.35 |  0.75 |  0.72 |  0.42 |  0.40 |  0.44 |  0.52
        5196 |  0.35 |  0.75 |  0.72 |  0.42 |  0.40 |  0.44 |  0.52
        5196 |  0.35 |  0.75 |  0.72 |  0.42 |  0.40 |  0.44 |  0.52
        5196 |  0.35 |  0.75 |  0.72 |  0.42 |  0.40 |  0.44 |  0.52
        5196 |  0.35 |  0.75 |  0.72 |  0.42 |  0.40 |  0.44 |  0.52
        5196 |  0.35 |  0.75 |  0.72 |  0.42 |  0.40 |  0.44 |  0.52
        5196 |  0.35 |  0.75 |  0.72 |  0.42 |  0.40 |  0.44 |  0.52
        5196 |  0.35 |  0.75 |  0.72 |  0.42 |  0.40 |  0.44 |  0.52
        5196 |  0.35 |  0.75 |  0.72 |  0.42 |  0.40 |  0.44 |  0.52
        5196 |  0.35 |  0.75 |  0.72 |  0.42 |  0.40 |  0.44 |  0.52
        5197 |  0.88 |  1.01 |  0.95 |  0.94 |  1.05 |  1.09 |  1.07
        5197 |  0.88 |  1.01 |  0.95 |  0.94 |  1.05 |  1.09 |  1.07
        5197 |  0.88 |  1.01 |  0.95 |  0.94 |  1.05 |  1.09 |  1.07
        5197 |  0.88 |  1.01 |  0.95 |  0.94 |  1.05 |  1.09 |  1.07
        5197 |  0.88 |  1.01 |  0.95 |  0.94 |  1.05 |  1.09 |  1.07
        5197 |  0.88 |  1.01 |  0.95 |  0.94 |  1.05 |  1.09 |  1.07
        5197 |  0.88 |  1.01 |  0.95 |  0.94 |  1.05 |  1.09 |  1.07
        5197 |  0.88 |  1.01 |  0.95 |  0.94 |  1.05 |  1.09 |  1.07
        5197 |  0.88 |  1.01 |  0.95 |  0.94 |  1.05 |  1.09 |  1.07
        5197 |  0.88 |  1.01 |  0.95 |  0.94 |  1.05 |  1.09 |  1.07
        5197 |  0.88 |  1.01 |  0.95 |  0.94 |  1.05 |  1.09 |  1.07
        5197 |  0.88 |  1.01 |  0.95 |  0.94 |  1.05 |  1.09 |  1.07
        5197 |  0.88 |  1.01 |  0.95 |  0.94 |  1.05 |  1.09 |  1.07
        5197 |  0.88 |  1.01 |  0.95 |  0.94 |  1.05 |  1.09 |  1.07
        5197 |  0.88 |  1.01 |  0.95 |  0.94 |  1.05 |  1.09 |  1.07
        5197 |  0.88 |  1.01 |  0.95 |  0.94 |  1.05 |  1.09 |  1.07
        5197 |  0.88 |  1.01 |  0.95 |  0.94 |  1.05 |  1.09 |  1.07
        5197 |  0.88 |  1.01 |  0.95 |  0.94 |  1.05 |  1.09 |  1.07
        5197 |  0.88 |  1.01 |  0.95 |  0.94 |  1.05 |  1.09 |  1.07
        5197 |  0.88 |  1.01 |  0.95 |  0.94 |  1.05 |  1.09 |  1.07
        5197 |  0.88 |  1.01 |  0.95 |  0.94 |  1.05 |  1.09 |  1.07
        5197 |  0.88 |  1.01 |  0.95 |  0.94 |  1.05 |  1.09 |  1.07
        5197 |  0.88 |  1.01 |  0.95 |  0.94 |  1.05 |  1.09 |  1.07
        5197 |  0.88 |  1.01 |  0.95 |  0.94 |  1.05 |  1.09 |  1.07
        5197 |  0.88 |  1.01 |  0.95 |  0.94 |  1.05 |  1.09 |  1.07
        5197 |  0.88 |  1.01 |  0.95 |  0.94 |  1.05 |  1.09 |  1.07
        5197 |  0.88 |  1.01 |  0.95 |  0.94 |  1.05 |  1.09 |  1.07
        5197 |  0.88 |  1.01 |  0.95 |  0.94 |  1.05 |  1.09 |  1.07
        5197 |  0.88 |  1.01 |  0.95 |  0.94 |  1.05 |  1.09 |  1.07
        5197 |  0.88 |  1.01 |  0.95 |  0.94 |  1.05 |  1.09 |  1.07
        5197 |  0.88 |  1.01 |  0.95 |  0.94 |  1.05 |  1.09 |  1.07
        5197 |  0.88 |  1.01 |  0.95 |  0.94 |  1.05 |  1.09 |  1.07
        5197 |  0.88 |  1.01 |  0.95 |  0.94 |  1.05 |  1.09 |  1.07
        5197 |  0.88 |  1.01 |  0.95 |  0.94 |  1.05 |  1.09 |  1.07
        5197 |  0.88 |  1.01 |  0.95 |  0.94 |  1.05 |  1.09 |  1.07
        5197 |  0.88 |  1.01 |  0.95 |  0.94 |  1.05 |  1.09 |  1.07
        5197 |  0.88 |  1.01 |  0.95 |  0.94 |  1.05 |  1.09 |  1.07
        5197 |  0.88 |  1.01 |  0.95 |  0.94 |  1.05 |  1.09 |  1.07
        5197 |  0.88 |  1.01 |  0.95 |  0.94 |  1.05 |  1.09 |  1.07
        5197 |  0.88 |  1.01 |  0.95 |  0.94 |  1.05 |  1.09 |  1.07
        5197 |  0.88 |  1.01 |  0.95 |  0.94 |  1.05 |  1.09 |  1.07
        5197 |  0.88 |  1.01 |  0.95 |  0.94 |  1.05 |  1.09 |  1.07
        5197 |  0.88 |  1.01 |  0.95 |  0.94 |  1.05 |  1.09 |  1.07
        5197 |  0.88 |  1.01 |  0.95 |  0.94 |  1.05 |  1.09 |  1.07
        5197 |  0.88 |  1.01 |  0.95 |  0.94 |  1.05 |  1.09 |  1.07
        5197 |  0.88 |  1.01 |  0.95 |  0.94 |  1.05 |  1.09 |  1.07
        5197 |  0.88 |  1.01 |  0.95 |  0.94 |  1.05 |  1.09 |  1.07
        5197 |  0.88 |  1.01 |  0.95 |  0.94 |  1.05 |  1.09 |  1.07
        5197 |  0.88 |  1.01 |  0.95 |  0.94 |  1.05 |  1.09 |  1.07
        5198 |  1.03 |  1.10 |  1.13 |  0.87 |  0.91 |  0.95 |  0.91
        5198 |  1.03 |  1.10 |  1.13 |  0.87 |  0.91 |  0.95 |  0.91
        5198 |  1.03 |  1.10 |  1.13 |  0.87 |  0.91 |  0.95 |  0.91
        5198 |  1.03 |  1.10 |  1.13 |  0.87 |  0.91 |  0.95 |  0.91
        5198 |  1.03 |  1.10 |  1.13 |  0.87 |  0.91 |  0.95 |  0.91
        5198 |  1.03 |  1.10 |  1.13 |  0.87 |  0.91 |  0.95 |  0.91
        5198 |  1.03 |  1.10 |  1.13 |  0.87 |  0.91 |  0.95 |  0.91
        5198 |  1.03 |  1.10 |  1.13 |  0.87 |  0.91 |  0.95 |  0.91
        5198 |  1.03 |  1.10 |  1.13 |  0.87 |  0.91 |  0.95 |  0.91
        5198 |  1.03 |  1.10 |  1.13 |  0.87 |  0.91 |  0.95 |  0.91
        5198 |  1.03 |  1.10 |  1.13 |  0.87 |  0.91 |  0.95 |  0.91
        5198 |  1.03 |  1.10 |  1.13 |  0.87 |  0.91 |  0.95 |  0.91
        5198 |  1.03 |  1.10 |  1.13 |  0.87 |  0.91 |  0.95 |  0.91
        5198 |  1.03 |  1.10 |  1.13 |  0.87 |  0.91 |  0.95 |  0.91
        5198 |  1.03 |  1.10 |  1.13 |  0.87 |  0.91 |  0.95 |  0.91
        5198 |  1.03 |  1.10 |  1.13 |  0.87 |  0.91 |  0.95 |  0.91
        5198 |  1.03 |  1.10 |  1.13 |  0.87 |  0.91 |  0.95 |  0.91
        5198 |  1.03 |  1.10 |  1.13 |  0.87 |  0.91 |  0.95 |  0.91
        5198 |  1.03 |  1.10 |  1.13 |  0.87 |  0.91 |  0.95 |  0.91
        5198 |  1.03 |  1.10 |  1.13 |  0.87 |  0.91 |  0.95 |  0.91
        5198 |  1.03 |  1.10 |  1.13 |  0.87 |  0.91 |  0.95 |  0.91
        5198 |  1.03 |  1.10 |  1.13 |  0.87 |  0.91 |  0.95 |  0.91
        5198 |  1.03 |  1.10 |  1.13 |  0.87 |  0.91 |  0.95 |  0.91
        5198 |  1.03 |  1.10 |  1.13 |  0.87 |  0.91 |  0.95 |  0.91
        5198 |  1.03 |  1.10 |  1.13 |  0.87 |  0.91 |  0.95 |  0.91
        5198 |  1.03 |  1.10 |  1.13 |  0.87 |  0.91 |  0.95 |  0.91
        5198 |  1.03 |  1.10 |  1.13 |  0.87 |  0.91 |  0.95 |  0.91
        5198 |  1.03 |  1.10 |  1.13 |  0.87 |  0.91 |  0.95 |  0.91
        5198 |  1.03 |  1.10 |  1.13 |  0.87 |  0.91 |  0.95 |  0.91
        5198 |  1.03 |  1.10 |  1.13 |  0.87 |  0.91 |  0.95 |  0.91
        5198 |  1.03 |  1.10 |  1.13 |  0.87 |  0.91 |  0.95 |  0.91
        5198 |  1.03 |  1.10 |  1.13 |  0.87 |  0.91 |  0.95 |  0.91
        5198 |  1.03 |  1.10 |  1.13 |  0.87 |  0.91 |  0.95 |  0.91
        5198 |  1.03 |  1.10 |  1.13 |  0.87 |  0.91 |  0.95 |  0.91
        5198 |  1.03 |  1.10 |  1.13 |  0.87 |  0.91 |  0.95 |  0.91
        5198 |  1.03 |  1.10 |  1.13 |  0.87 |  0.91 |  0.95 |  0.91
        5198 |  1.03 |  1.10 |  1.13 |  0.87 |  0.91 |  0.95 |  0.91
        5198 |  1.03 |  1.10 |  1.13 |  0.87 |  0.91 |  0.95 |  0.91
        5198 |  1.03 |  1.10 |  1.13 |  0.87 |  0.91 |  0.95 |  0.91
        5198 |  1.03 |  1.10 |  1.13 |  0.87 |  0.91 |  0.95 |  0.91
        5198 |  1.03 |  1.10 |  1.13 |  0.87 |  0.91 |  0.95 |  0.91
        5198 |  1.03 |  1.10 |  1.13 |  0.87 |  0.91 |  0.95 |  0.91
        5198 |  1.03 |  1.10 |  1.13 |  0.87 |  0.91 |  0.95 |  0.91
        5198 |  1.03 |  1.10 |  1.13 |  0.87 |  0.91 |  0.95 |  0.91
        5198 |  1.03 |  1.10 |  1.13 |  0.87 |  0.91 |  0.95 |  0.91
        5198 |  1.03 |  1.10 |  1.13 |  0.87 |  0.91 |  0.95 |  0.91
        5198 |  1.03 |  1.10 |  1.13 |  0.87 |  0.91 |  0.95 |  0.91
        5198 |  1.03 |  1.10 |  1.13 |  0.87 |  0.91 |  0.95 |  0.91
        5198 |  1.03 |  1.10 |  1.13 |  0.87 |  0.91 |  0.95 |  0.91
        5199 |  1.04 |  0.93 |  1.19 |  1.08 |  0.94 |  0.95 |  0.94
        5199 |  1.04 |  0.93 |  1.19 |  1.08 |  0.94 |  0.95 |  0.94
        5199 |  1.04 |  0.93 |  1.19 |  1.08 |  0.94 |  0.95 |  0.94
        5199 |  1.04 |  0.93 |  1.19 |  1.08 |  0.94 |  0.95 |  0.94
        5199 |  1.04 |  0.93 |  1.19 |  1.08 |  0.94 |  0.95 |  0.94
        5199 |  1.04 |  0.93 |  1.19 |  1.08 |  0.94 |  0.95 |  0.94
        5199 |  1.04 |  0.93 |  1.19 |  1.08 |  0.94 |  0.95 |  0.94
        5199 |  1.04 |  0.93 |  1.19 |  1.08 |  0.94 |  0.95 |  0.94
        5199 |  1.04 |  0.93 |  1.19 |  1.08 |  0.94 |  0.95 |  0.94
        5199 |  1.04 |  0.93 |  1.19 |  1.08 |  0.94 |  0.95 |  0.94
        5199 |  1.04 |  0.93 |  1.19 |  1.08 |  0.94 |  0.95 |  0.94
        5199 |  1.04 |  0.93 |  1.19 |  1.08 |  0.94 |  0.95 |  0.94
        5199 |  1.04 |  0.93 |  1.19 |  1.08 |  0.94 |  0.95 |  0.94
        5199 |  1.04 |  0.93 |  1.19 |  1.08 |  0.94 |  0.95 |  0.94
        5199 |  1.04 |  0.93 |  1.19 |  1.08 |  0.94 |  0.95 |  0.94
        5199 |  1.04 |  0.93 |  1.19 |  1.08 |  0.94 |  0.95 |  0.94
        5199 |  1.04 |  0.93 |  1.19 |  1.08 |  0.94 |  0.95 |  0.94
        5199 |  1.04 |  0.93 |  1.19 |  1.08 |  0.94 |  0.95 |  0.94
        5199 |  1.04 |  0.93 |  1.19 |  1.08 |  0.94 |  0.95 |  0.94
        5199 |  1.04 |  0.93 |  1.19 |  1.08 |  0.94 |  0.95 |  0.94
        5199 |  1.04 |  0.93 |  1.19 |  1.08 |  0.94 |  0.95 |  0.94
        5199 |  1.04 |  0.93 |  1.19 |  1.08 |  0.94 |  0.95 |  0.94
        5199 |  1.04 |  0.93 |  1.19 |  1.08 |  0.94 |  0.95 |  0.94
        5199 |  1.04 |  0.93 |  1.19 |  1.08 |  0.94 |  0.95 |  0.94
        5199 |  1.04 |  0.93 |  1.19 |  1.08 |  0.94 |  0.95 |  0.94
        5199 |  1.04 |  0.93 |  1.19 |  1.08 |  0.94 |  0.95 |  0.94
        5199 |  1.04 |  0.93 |  1.19 |  1.08 |  0.94 |  0.95 |  0.94
        5199 |  1.04 |  0.93 |  1.19 |  1.08 |  0.94 |  0.95 |  0.94
        5199 |  1.04 |  0.93 |  1.19 |  1.08 |  0.94 |  0.95 |  0.94
        5199 |  1.04 |  0.93 |  1.19 |  1.08 |  0.94 |  0.95 |  0.94
        5199 |  1.04 |  0.93 |  1.19 |  1.08 |  0.94 |  0.95 |  0.94
        5199 |  1.04 |  0.93 |  1.19 |  1.08 |  0.94 |  0.95 |  0.94
        5199 |  1.04 |  0.93 |  1.19 |  1.08 |  0.94 |  0.95 |  0.94
        5199 |  1.04 |  0.93 |  1.19 |  1.08 |  0.94 |  0.95 |  0.94
        5199 |  1.04 |  0.93 |  1.19 |  1.08 |  0.94 |  0.95 |  0.94
        5199 |  1.04 |  0.93 |  1.19 |  1.08 |  0.94 |  0.95 |  0.94
        5199 |  1.04 |  0.93 |  1.19 |  1.08 |  0.94 |  0.95 |  0.94
        5199 |  1.04 |  0.93 |  1.19 |  1.08 |  0.94 |  0.95 |  0.94
        5199 |  1.04 |  0.93 |  1.19 |  1.08 |  0.94 |  0.95 |  0.94
        5199 |  1.04 |  0.93 |  1.19 |  1.08 |  0.94 |  0.95 |  0.94
        5199 |  1.04 |  0.93 |  1.19 |  1.08 |  0.94 |  0.95 |  0.94
        5199 |  1.04 |  0.93 |  1.19 |  1.08 |  0.94 |  0.95 |  0.94
        5199 |  1.04 |  0.93 |  1.19 |  1.08 |  0.94 |  0.95 |  0.94
        5199 |  1.04 |  0.93 |  1.19 |  1.08 |  0.94 |  0.95 |  0.94
        5199 |  1.04 |  0.93 |  1.19 |  1.08 |  0.94 |  0.95 |  0.94
        5199 |  1.04 |  0.93 |  1.19 |  1.08 |  0.94 |  0.95 |  0.94
        5199 |  1.04 |  0.93 |  1.19 |  1.08 |  0.94 |  0.95 |  0.94
        5199 |  1.04 |  0.93 |  1.19 |  1.08 |  0.94 |  0.95 |  0.94
        5199 |  1.04 |  0.93 |  1.19 |  1.08 |  0.94 |  0.95 |  0.94
        5200 |  0.98 |  0.96 |  0.95 |  1.21 |  0.91 |  0.94 |  1.09
        5200 |  0.98 |  0.96 |  0.95 |  1.21 |  0.91 |  0.94 |  1.09
        5200 |  0.98 |  0.96 |  0.95 |  1.21 |  0.91 |  0.94 |  1.09
        5200 |  0.98 |  0.96 |  0.95 |  1.21 |  0.91 |  0.94 |  1.09
        5200 |  0.98 |  0.96 |  0.95 |  1.21 |  0.91 |  0.94 |  1.09
        5200 |  0.98 |  0.96 |  0.95 |  1.21 |  0.91 |  0.94 |  1.09
        5200 |  0.98 |  0.96 |  0.95 |  1.21 |  0.91 |  0.94 |  1.09
        5200 |  0.98 |  0.96 |  0.95 |  1.21 |  0.91 |  0.94 |  1.09
        5200 |  0.98 |  0.96 |  0.95 |  1.21 |  0.91 |  0.94 |  1.09
        5200 |  0.98 |  0.96 |  0.95 |  1.21 |  0.91 |  0.94 |  1.09
        5200 |  0.98 |  0.96 |  0.95 |  1.21 |  0.91 |  0.94 |  1.09
        5200 |  0.98 |  0.96 |  0.95 |  1.21 |  0.91 |  0.94 |  1.09
        5200 |  0.98 |  0.96 |  0.95 |  1.21 |  0.91 |  0.94 |  1.09
        5200 |  0.98 |  0.96 |  0.95 |  1.21 |  0.91 |  0.94 |  1.09
        5200 |  0.98 |  0.96 |  0.95 |  1.21 |  0.91 |  0.94 |  1.09
        5200 |  0.98 |  0.96 |  0.95 |  1.21 |  0.91 |  0.94 |  1.09
        5200 |  0.98 |  0.96 |  0.95 |  1.21 |  0.91 |  0.94 |  1.09
        5200 |  0.98 |  0.96 |  0.95 |  1.21 |  0.91 |  0.94 |  1.09
        5200 |  0.98 |  0.96 |  0.95 |  1.21 |  0.91 |  0.94 |  1.09
        5200 |  0.98 |  0.96 |  0.95 |  1.21 |  0.91 |  0.94 |  1.09
        5200 |  0.98 |  0.96 |  0.95 |  1.21 |  0.91 |  0.94 |  1.09
        5200 |  0.98 |  0.96 |  0.95 |  1.21 |  0.91 |  0.94 |  1.09
        5200 |  0.98 |  0.96 |  0.95 |  1.21 |  0.91 |  0.94 |  1.09
        5200 |  0.98 |  0.96 |  0.95 |  1.21 |  0.91 |  0.94 |  1.09
        5200 |  0.98 |  0.96 |  0.95 |  1.21 |  0.91 |  0.94 |  1.09
        5200 |  0.98 |  0.96 |  0.95 |  1.21 |  0.91 |  0.94 |  1.09
        5200 |  0.98 |  0.96 |  0.95 |  1.21 |  0.91 |  0.94 |  1.09
        5200 |  0.98 |  0.96 |  0.95 |  1.21 |  0.91 |  0.94 |  1.09
        5200 |  0.98 |  0.96 |  0.95 |  1.21 |  0.91 |  0.94 |  1.09
        5200 |  0.98 |  0.96 |  0.95 |  1.21 |  0.91 |  0.94 |  1.09
        5200 |  0.98 |  0.96 |  0.95 |  1.21 |  0.91 |  0.94 |  1.09
        5200 |  0.98 |  0.96 |  0.95 |  1.21 |  0.91 |  0.94 |  1.09
        5200 |  0.98 |  0.96 |  0.95 |  1.21 |  0.91 |  0.94 |  1.09
        5200 |  0.98 |  0.96 |  0.95 |  1.21 |  0.91 |  0.94 |  1.09
        5200 |  0.98 |  0.96 |  0.95 |  1.21 |  0.91 |  0.94 |  1.09
        5200 |  0.98 |  0.96 |  0.95 |  1.21 |  0.91 |  0.94 |  1.09
        5200 |  0.98 |  0.96 |  0.95 |  1.21 |  0.91 |  0.94 |  1.09
        5200 |  0.98 |  0.96 |  0.95 |  1.21 |  0.91 |  0.94 |  1.09
        5200 |  0.98 |  0.96 |  0.95 |  1.21 |  0.91 |  0.94 |  1.09
        5200 |  0.98 |  0.96 |  0.95 |  1.21 |  0.91 |  0.94 |  1.09
        5200 |  0.98 |  0.96 |  0.95 |  1.21 |  0.91 |  0.94 |  1.09
        5200 |  0.98 |  0.96 |  0.95 |  1.21 |  0.91 |  0.94 |  1.09
        5200 |  0.98 |  0.96 |  0.95 |  1.21 |  0.91 |  0.94 |  1.09
        5200 |  0.98 |  0.96 |  0.95 |  1.21 |  0.91 |  0.94 |  1.09
        5200 |  0.98 |  0.96 |  0.95 |  1.21 |  0.91 |  0.94 |  1.09
        5200 |  0.98 |  0.96 |  0.95 |  1.21 |  0.91 |  0.94 |  1.09
        5200 |  0.98 |  0.96 |  0.95 |  1.21 |  0.91 |  0.94 |  1.09
        5200 |  0.98 |  0.96 |  0.95 |  1.21 |  0.91 |  0.94 |  1.09
        5200 |  0.98 |  0.96 |  0.95 |  1.21 |  0.91 |  0.94 |  1.09
        5201 |  0.99 |  0.84 |  0.90 |  1.02 |  0.99 |  1.08 |  1.08
        5201 |  0.99 |  0.84 |  0.90 |  1.02 |  0.99 |  1.08 |  1.08
        5201 |  0.99 |  0.84 |  0.90 |  1.02 |  0.99 |  1.08 |  1.08
        5201 |  0.99 |  0.84 |  0.90 |  1.02 |  0.99 |  1.08 |  1.08
        5201 |  0.99 |  0.84 |  0.90 |  1.02 |  0.99 |  1.08 |  1.08
        5201 |  0.99 |  0.84 |  0.90 |  1.02 |  0.99 |  1.08 |  1.08
        5201 |  0.99 |  0.84 |  0.90 |  1.02 |  0.99 |  1.08 |  1.08
        5201 |  0.99 |  0.84 |  0.90 |  1.02 |  0.99 |  1.08 |  1.08
        5201 |  0.99 |  0.84 |  0.90 |  1.02 |  0.99 |  1.08 |  1.08
        5201 |  0.99 |  0.84 |  0.90 |  1.02 |  0.99 |  1.08 |  1.08
        5201 |  0.99 |  0.84 |  0.90 |  1.02 |  0.99 |  1.08 |  1.08
        5201 |  0.99 |  0.84 |  0.90 |  1.02 |  0.99 |  1.08 |  1.08
        5201 |  0.99 |  0.84 |  0.90 |  1.02 |  0.99 |  1.08 |  1.08
        5201 |  0.99 |  0.84 |  0.90 |  1.02 |  0.99 |  1.08 |  1.08
        5201 |  0.99 |  0.84 |  0.90 |  1.02 |  0.99 |  1.08 |  1.08
        5201 |  0.99 |  0.84 |  0.90 |  1.02 |  0.99 |  1.08 |  1.08
        5201 |  0.99 |  0.84 |  0.90 |  1.02 |  0.99 |  1.08 |  1.08
        5201 |  0.99 |  0.84 |  0.90 |  1.02 |  0.99 |  1.08 |  1.08
        5201 |  0.99 |  0.84 |  0.90 |  1.02 |  0.99 |  1.08 |  1.08
        5201 |  0.99 |  0.84 |  0.90 |  1.02 |  0.99 |  1.08 |  1.08
        5201 |  0.99 |  0.84 |  0.90 |  1.02 |  0.99 |  1.08 |  1.08
        5201 |  0.99 |  0.84 |  0.90 |  1.02 |  0.99 |  1.08 |  1.08
        5201 |  0.99 |  0.84 |  0.90 |  1.02 |  0.99 |  1.08 |  1.08
        5201 |  0.99 |  0.84 |  0.90 |  1.02 |  0.99 |  1.08 |  1.08
        5201 |  0.99 |  0.84 |  0.90 |  1.02 |  0.99 |  1.08 |  1.08
        5201 |  0.99 |  0.84 |  0.90 |  1.02 |  0.99 |  1.08 |  1.08
        5201 |  0.99 |  0.84 |  0.90 |  1.02 |  0.99 |  1.08 |  1.08
        5201 |  0.99 |  0.84 |  0.90 |  1.02 |  0.99 |  1.08 |  1.08
        5201 |  0.99 |  0.84 |  0.90 |  1.02 |  0.99 |  1.08 |  1.08
        5201 |  0.99 |  0.84 |  0.90 |  1.02 |  0.99 |  1.08 |  1.08
        5201 |  0.99 |  0.84 |  0.90 |  1.02 |  0.99 |  1.08 |  1.08
        5201 |  0.99 |  0.84 |  0.90 |  1.02 |  0.99 |  1.08 |  1.08
        5201 |  0.99 |  0.84 |  0.90 |  1.02 |  0.99 |  1.08 |  1.08
        5201 |  0.99 |  0.84 |  0.90 |  1.02 |  0.99 |  1.08 |  1.08
        5201 |  0.99 |  0.84 |  0.90 |  1.02 |  0.99 |  1.08 |  1.08
        5201 |  0.99 |  0.84 |  0.90 |  1.02 |  0.99 |  1.08 |  1.08
        5201 |  0.99 |  0.84 |  0.90 |  1.02 |  0.99 |  1.08 |  1.08
        5201 |  0.99 |  0.84 |  0.90 |  1.02 |  0.99 |  1.08 |  1.08
        5201 |  0.99 |  0.84 |  0.90 |  1.02 |  0.99 |  1.08 |  1.08
        5201 |  0.99 |  0.84 |  0.90 |  1.02 |  0.99 |  1.08 |  1.08
        5201 |  0.99 |  0.84 |  0.90 |  1.02 |  0.99 |  1.08 |  1.08
        5201 |  0.99 |  0.84 |  0.90 |  1.02 |  0.99 |  1.08 |  1.08
        5201 |  0.99 |  0.84 |  0.90 |  1.02 |  0.99 |  1.08 |  1.08
        5201 |  0.99 |  0.84 |  0.90 |  1.02 |  0.99 |  1.08 |  1.08
        5201 |  0.99 |  0.84 |  0.90 |  1.02 |  0.99 |  1.08 |  1.08
        5201 |  0.99 |  0.84 |  0.90 |  1.02 |  0.99 |  1.08 |  1.08
        5201 |  0.99 |  0.84 |  0.90 |  1.02 |  0.99 |  1.08 |  1.08
        5201 |  0.99 |  0.84 |  0.90 |  1.02 |  0.99 |  1.08 |  1.08
        5201 |  0.99 |  0.84 |  0.90 |  1.02 |  0.99 |  1.08 |  1.08
        5202 |  0.92 |  0.92 |  0.97 |  1.08 |  1.06 |  1.10 |  0.98
        5202 |  0.92 |  0.92 |  0.97 |  1.08 |  1.06 |  1.10 |  0.98
        5202 |  0.92 |  0.92 |  0.97 |  1.08 |  1.06 |  1.10 |  0.98
        5202 |  0.92 |  0.92 |  0.97 |  1.08 |  1.06 |  1.10 |  0.98
        5202 |  0.92 |  0.92 |  0.97 |  1.08 |  1.06 |  1.10 |  0.98
        5202 |  0.92 |  0.92 |  0.97 |  1.08 |  1.06 |  1.10 |  0.98
        5202 |  0.92 |  0.92 |  0.97 |  1.08 |  1.06 |  1.10 |  0.98
        5202 |  0.92 |  0.92 |  0.97 |  1.08 |  1.06 |  1.10 |  0.98
        5202 |  0.92 |  0.92 |  0.97 |  1.08 |  1.06 |  1.10 |  0.98
        5202 |  0.92 |  0.92 |  0.97 |  1.08 |  1.06 |  1.10 |  0.98
        5202 |  0.92 |  0.92 |  0.97 |  1.08 |  1.06 |  1.10 |  0.98
        5202 |  0.92 |  0.92 |  0.97 |  1.08 |  1.06 |  1.10 |  0.98
        5202 |  0.92 |  0.92 |  0.97 |  1.08 |  1.06 |  1.10 |  0.98
        5202 |  0.92 |  0.92 |  0.97 |  1.08 |  1.06 |  1.10 |  0.98
        5202 |  0.92 |  0.92 |  0.97 |  1.08 |  1.06 |  1.10 |  0.98
        5202 |  0.92 |  0.92 |  0.97 |  1.08 |  1.06 |  1.10 |  0.98
        5202 |  0.92 |  0.92 |  0.97 |  1.08 |  1.06 |  1.10 |  0.98
        5202 |  0.92 |  0.92 |  0.97 |  1.08 |  1.06 |  1.10 |  0.98
        5202 |  0.92 |  0.92 |  0.97 |  1.08 |  1.06 |  1.10 |  0.98
        5202 |  0.92 |  0.92 |  0.97 |  1.08 |  1.06 |  1.10 |  0.98
        5202 |  0.92 |  0.92 |  0.97 |  1.08 |  1.06 |  1.10 |  0.98
        5202 |  0.92 |  0.92 |  0.97 |  1.08 |  1.06 |  1.10 |  0.98
        5202 |  0.92 |  0.92 |  0.97 |  1.08 |  1.06 |  1.10 |  0.98
        5202 |  0.92 |  0.92 |  0.97 |  1.08 |  1.06 |  1.10 |  0.98
        5202 |  0.92 |  0.92 |  0.97 |  1.08 |  1.06 |  1.10 |  0.98
        5202 |  0.92 |  0.92 |  0.97 |  1.08 |  1.06 |  1.10 |  0.98
        5202 |  0.92 |  0.92 |  0.97 |  1.08 |  1.06 |  1.10 |  0.98
        5202 |  0.92 |  0.92 |  0.97 |  1.08 |  1.06 |  1.10 |  0.98
        5202 |  0.92 |  0.92 |  0.97 |  1.08 |  1.06 |  1.10 |  0.98
        5202 |  0.92 |  0.92 |  0.97 |  1.08 |  1.06 |  1.10 |  0.98
        5202 |  0.92 |  0.92 |  0.97 |  1.08 |  1.06 |  1.10 |  0.98
        5202 |  0.92 |  0.92 |  0.97 |  1.08 |  1.06 |  1.10 |  0.98
        5202 |  0.92 |  0.92 |  0.97 |  1.08 |  1.06 |  1.10 |  0.98
        5202 |  0.92 |  0.92 |  0.97 |  1.08 |  1.06 |  1.10 |  0.98
        5202 |  0.92 |  0.92 |  0.97 |  1.08 |  1.06 |  1.10 |  0.98
        5202 |  0.92 |  0.92 |  0.97 |  1.08 |  1.06 |  1.10 |  0.98
        5202 |  0.92 |  0.92 |  0.97 |  1.08 |  1.06 |  1.10 |  0.98
        5202 |  0.92 |  0.92 |  0.97 |  1.08 |  1.06 |  1.10 |  0.98
        5202 |  0.92 |  0.92 |  0.97 |  1.08 |  1.06 |  1.10 |  0.98
        5202 |  0.92 |  0.92 |  0.97 |  1.08 |  1.06 |  1.10 |  0.98
        5202 |  0.92 |  0.92 |  0.97 |  1.08 |  1.06 |  1.10 |  0.98
        5202 |  0.92 |  0.92 |  0.97 |  1.08 |  1.06 |  1.10 |  0.98
        5202 |  0.92 |  0.92 |  0.97 |  1.08 |  1.06 |  1.10 |  0.98
        5202 |  0.92 |  0.92 |  0.97 |  1.08 |  1.06 |  1.10 |  0.98
        5202 |  0.92 |  0.92 |  0.97 |  1.08 |  1.06 |  1.10 |  0.98
        5202 |  0.92 |  0.92 |  0.97 |  1.08 |  1.06 |  1.10 |  0.98
        5202 |  0.92 |  0.92 |  0.97 |  1.08 |  1.06 |  1.10 |  0.98
        5202 |  0.92 |  0.92 |  0.97 |  1.08 |  1.06 |  1.10 |  0.98
        5202 |  0.92 |  0.92 |  0.97 |  1.08 |  1.06 |  1.10 |  0.98
        5203 |  0.93 |  0.86 |  0.97 |  1.04 |  1.07 |       |      
        5203 |  0.93 |  0.86 |  0.97 |  1.04 |  1.07 |       |      
        5203 |  0.93 |  0.86 |  0.97 |  1.04 |  1.07 |       |      
        5203 |  0.93 |  0.86 |  0.97 |  1.04 |  1.07 |       |      
        5203 |  0.93 |  0.86 |  0.97 |  1.04 |  1.07 |       |      
        5203 |  0.93 |  0.86 |  0.97 |  1.04 |  1.07 |       |      
        5203 |  0.93 |  0.86 |  0.97 |  1.04 |  1.07 |       |      
        5203 |  0.93 |  0.86 |  0.97 |  1.04 |  1.07 |       |      
        5203 |  0.93 |  0.86 |  0.97 |  1.04 |  1.07 |       |      
        5203 |  0.93 |  0.86 |  0.97 |  1.04 |  1.07 |       |      
        5203 |  0.93 |  0.86 |  0.97 |  1.04 |  1.07 |       |      
        5203 |  0.93 |  0.86 |  0.97 |  1.04 |  1.07 |       |      
        5203 |  0.93 |  0.86 |  0.97 |  1.04 |  1.07 |       |      
        5203 |  0.93 |  0.86 |  0.97 |  1.04 |  1.07 |       |      
        5203 |  0.93 |  0.86 |  0.97 |  1.04 |  1.07 |       |      
        5203 |  0.93 |  0.86 |  0.97 |  1.04 |  1.07 |       |      
        5203 |  0.93 |  0.86 |  0.97 |  1.04 |  1.07 |       |      
        5203 |  0.93 |  0.86 |  0.97 |  1.04 |  1.07 |       |      
        5203 |  0.93 |  0.86 |  0.97 |  1.04 |  1.07 |       |      
        5203 |  0.93 |  0.86 |  0.97 |  1.04 |  1.07 |       |      
        5203 |  0.93 |  0.86 |  0.97 |  1.04 |  1.07 |       |      
        5203 |  0.93 |  0.86 |  0.97 |  1.04 |  1.07 |       |      
        5203 |  0.93 |  0.86 |  0.97 |  1.04 |  1.07 |       |      
        5203 |  0.93 |  0.86 |  0.97 |  1.04 |  1.07 |       |      
        5203 |  0.93 |  0.86 |  0.97 |  1.04 |  1.07 |       |      
        5203 |  0.93 |  0.86 |  0.97 |  1.04 |  1.07 |       |      
        5203 |  0.93 |  0.86 |  0.97 |  1.04 |  1.07 |       |      
        5203 |  0.93 |  0.86 |  0.97 |  1.04 |  1.07 |       |      
        5203 |  0.93 |  0.86 |  0.97 |  1.04 |  1.07 |       |      
        5203 |  0.93 |  0.86 |  0.97 |  1.04 |  1.07 |       |      
        5203 |  0.93 |  0.86 |  0.97 |  1.04 |  1.07 |       |      
        5203 |  0.93 |  0.86 |  0.97 |  1.04 |  1.07 |       |      
        5203 |  0.93 |  0.86 |  0.97 |  1.04 |  1.07 |       |      
        5203 |  0.93 |  0.86 |  0.97 |  1.04 |  1.07 |       |      
        5203 |  0.93 |  0.86 |  0.97 |  1.04 |  1.07 |       |      
        5203 |  0.93 |  0.86 |  0.97 |  1.04 |  1.07 |       |      
        5203 |  0.93 |  0.86 |  0.97 |  1.04 |  1.07 |       |      
        5203 |  0.93 |  0.86 |  0.97 |  1.04 |  1.07 |       |      
        5203 |  0.93 |  0.86 |  0.97 |  1.04 |  1.07 |       |      
        5203 |  0.93 |  0.86 |  0.97 |  1.04 |  1.07 |       |      
        5203 |  0.93 |  0.86 |  0.97 |  1.04 |  1.07 |       |      
        5203 |  0.93 |  0.86 |  0.97 |  1.04 |  1.07 |       |      
        5203 |  0.93 |  0.86 |  0.97 |  1.04 |  1.07 |       |      
        5203 |  0.93 |  0.86 |  0.97 |  1.04 |  1.07 |       |      
        5203 |  0.93 |  0.86 |  0.97 |  1.04 |  1.07 |       |      
        5203 |  0.93 |  0.86 |  0.97 |  1.04 |  1.07 |       |      
        5203 |  0.93 |  0.86 |  0.97 |  1.04 |  1.07 |       |      
        5203 |  0.93 |  0.86 |  0.97 |  1.04 |  1.07 |       |      
        5203 |  0.93 |  0.86 |  0.97 |  1.04 |  1.07 |       |      
        5204 |  1.07 |  0.90 |  1.12 |  1.05 |  1.14 |  1.04 |  0.87
        5204 |  1.07 |  0.90 |  1.12 |  1.05 |  1.14 |  1.04 |  0.87
        5204 |  1.07 |  0.90 |  1.12 |  1.05 |  1.14 |  1.04 |  0.87
        5204 |  1.07 |  0.90 |  1.12 |  1.05 |  1.14 |  1.04 |  0.87
        5204 |  1.07 |  0.90 |  1.12 |  1.05 |  1.14 |  1.04 |  0.87
        5204 |  1.07 |  0.90 |  1.12 |  1.05 |  1.14 |  1.04 |  0.87
        5204 |  1.07 |  0.90 |  1.12 |  1.05 |  1.14 |  1.04 |  0.87
        5204 |  1.07 |  0.90 |  1.12 |  1.05 |  1.14 |  1.04 |  0.87
        5204 |  1.07 |  0.90 |  1.12 |  1.05 |  1.14 |  1.04 |  0.87
        5204 |  1.07 |  0.90 |  1.12 |  1.05 |  1.14 |  1.04 |  0.87
        5204 |  1.07 |  0.90 |  1.12 |  1.05 |  1.14 |  1.04 |  0.87
        5204 |  1.07 |  0.90 |  1.12 |  1.05 |  1.14 |  1.04 |  0.87
        5204 |  1.07 |  0.90 |  1.12 |  1.05 |  1.14 |  1.04 |  0.87
        5204 |  1.07 |  0.90 |  1.12 |  1.05 |  1.14 |  1.04 |  0.87
        5204 |  1.07 |  0.90 |  1.12 |  1.05 |  1.14 |  1.04 |  0.87
        5204 |  1.07 |  0.90 |  1.12 |  1.05 |  1.14 |  1.04 |  0.87
        5204 |  1.07 |  0.90 |  1.12 |  1.05 |  1.14 |  1.04 |  0.87
        5204 |  1.07 |  0.90 |  1.12 |  1.05 |  1.14 |  1.04 |  0.87
        5204 |  1.07 |  0.90 |  1.12 |  1.05 |  1.14 |  1.04 |  0.87
        5204 |  1.07 |  0.90 |  1.12 |  1.05 |  1.14 |  1.04 |  0.87
        5204 |  1.07 |  0.90 |  1.12 |  1.05 |  1.14 |  1.04 |  0.87
        5204 |  1.07 |  0.90 |  1.12 |  1.05 |  1.14 |  1.04 |  0.87
        5204 |  1.07 |  0.90 |  1.12 |  1.05 |  1.14 |  1.04 |  0.87
        5204 |  1.07 |  0.90 |  1.12 |  1.05 |  1.14 |  1.04 |  0.87
        5204 |  1.07 |  0.90 |  1.12 |  1.05 |  1.14 |  1.04 |  0.87
        5204 |  1.07 |  0.90 |  1.12 |  1.05 |  1.14 |  1.04 |  0.87
        5204 |  1.07 |  0.90 |  1.12 |  1.05 |  1.14 |  1.04 |  0.87
        5204 |  1.07 |  0.90 |  1.12 |  1.05 |  1.14 |  1.04 |  0.87
        5204 |  1.07 |  0.90 |  1.12 |  1.05 |  1.14 |  1.04 |  0.87
        5204 |  1.07 |  0.90 |  1.12 |  1.05 |  1.14 |  1.04 |  0.87
        5204 |  1.07 |  0.90 |  1.12 |  1.05 |  1.14 |  1.04 |  0.87
        5204 |  1.07 |  0.90 |  1.12 |  1.05 |  1.14 |  1.04 |  0.87
        5204 |  1.07 |  0.90 |  1.12 |  1.05 |  1.14 |  1.04 |  0.87
        5204 |  1.07 |  0.90 |  1.12 |  1.05 |  1.14 |  1.04 |  0.87
        5204 |  1.07 |  0.90 |  1.12 |  1.05 |  1.14 |  1.04 |  0.87
        5204 |  1.07 |  0.90 |  1.12 |  1.05 |  1.14 |  1.04 |  0.87
        5204 |  1.07 |  0.90 |  1.12 |  1.05 |  1.14 |  1.04 |  0.87
        5204 |  1.07 |  0.90 |  1.12 |  1.05 |  1.14 |  1.04 |  0.87
        5204 |  1.07 |  0.90 |  1.12 |  1.05 |  1.14 |  1.04 |  0.87
        5204 |  1.07 |  0.90 |  1.12 |  1.05 |  1.14 |  1.04 |  0.87
        5204 |  1.07 |  0.90 |  1.12 |  1.05 |  1.14 |  1.04 |  0.87
        5204 |  1.07 |  0.90 |  1.12 |  1.05 |  1.14 |  1.04 |  0.87
        5204 |  1.07 |  0.90 |  1.12 |  1.05 |  1.14 |  1.04 |  0.87
        5204 |  1.07 |  0.90 |  1.12 |  1.05 |  1.14 |  1.04 |  0.87
        5204 |  1.07 |  0.90 |  1.12 |  1.05 |  1.14 |  1.04 |  0.87
        5204 |  1.07 |  0.90 |  1.12 |  1.05 |  1.14 |  1.04 |  0.87
        5204 |  1.07 |  0.90 |  1.12 |  1.05 |  1.14 |  1.04 |  0.87
        5204 |  1.07 |  0.90 |  1.12 |  1.05 |  1.14 |  1.04 |  0.87
        5204 |  1.07 |  0.90 |  1.12 |  1.05 |  1.14 |  1.04 |  0.87
        5205 |  1.08 |  1.05 |  1.06 |  1.03 |  1.07 |  1.00 |  1.22
        5205 |  1.08 |  1.05 |  1.06 |  1.03 |  1.07 |  1.00 |  1.22
        5205 |  1.08 |  1.05 |  1.06 |  1.03 |  1.07 |  1.00 |  1.22
        5205 |  1.08 |  1.05 |  1.06 |  1.03 |  1.07 |  1.00 |  1.22
        5205 |  1.08 |  1.05 |  1.06 |  1.03 |  1.07 |  1.00 |  1.22
        5205 |  1.08 |  1.05 |  1.06 |  1.03 |  1.07 |  1.00 |  1.22
        5205 |  1.08 |  1.05 |  1.06 |  1.03 |  1.07 |  1.00 |  1.22
        5205 |  1.08 |  1.05 |  1.06 |  1.03 |  1.07 |  1.00 |  1.22
        5205 |  1.08 |  1.05 |  1.06 |  1.03 |  1.07 |  1.00 |  1.22
        5205 |  1.08 |  1.05 |  1.06 |  1.03 |  1.07 |  1.00 |  1.22
        5205 |  1.08 |  1.05 |  1.06 |  1.03 |  1.07 |  1.00 |  1.22
        5205 |  1.08 |  1.05 |  1.06 |  1.03 |  1.07 |  1.00 |  1.22
        5205 |  1.08 |  1.05 |  1.06 |  1.03 |  1.07 |  1.00 |  1.22
        5205 |  1.08 |  1.05 |  1.06 |  1.03 |  1.07 |  1.00 |  1.22
        5205 |  1.08 |  1.05 |  1.06 |  1.03 |  1.07 |  1.00 |  1.22
        5205 |  1.08 |  1.05 |  1.06 |  1.03 |  1.07 |  1.00 |  1.22
        5205 |  1.08 |  1.05 |  1.06 |  1.03 |  1.07 |  1.00 |  1.22
        5205 |  1.08 |  1.05 |  1.06 |  1.03 |  1.07 |  1.00 |  1.22
        5205 |  1.08 |  1.05 |  1.06 |  1.03 |  1.07 |  1.00 |  1.22
        5205 |  1.08 |  1.05 |  1.06 |  1.03 |  1.07 |  1.00 |  1.22
        5205 |  1.08 |  1.05 |  1.06 |  1.03 |  1.07 |  1.00 |  1.22
        5205 |  1.08 |  1.05 |  1.06 |  1.03 |  1.07 |  1.00 |  1.22
        5205 |  1.08 |  1.05 |  1.06 |  1.03 |  1.07 |  1.00 |  1.22
        5205 |  1.08 |  1.05 |  1.06 |  1.03 |  1.07 |  1.00 |  1.22
        5205 |  1.08 |  1.05 |  1.06 |  1.03 |  1.07 |  1.00 |  1.22
        5205 |  1.08 |  1.05 |  1.06 |  1.03 |  1.07 |  1.00 |  1.22
        5205 |  1.08 |  1.05 |  1.06 |  1.03 |  1.07 |  1.00 |  1.22
        5205 |  1.08 |  1.05 |  1.06 |  1.03 |  1.07 |  1.00 |  1.22
        5205 |  1.08 |  1.05 |  1.06 |  1.03 |  1.07 |  1.00 |  1.22
        5205 |  1.08 |  1.05 |  1.06 |  1.03 |  1.07 |  1.00 |  1.22
        5205 |  1.08 |  1.05 |  1.06 |  1.03 |  1.07 |  1.00 |  1.22
        5205 |  1.08 |  1.05 |  1.06 |  1.03 |  1.07 |  1.00 |  1.22
        5205 |  1.08 |  1.05 |  1.06 |  1.03 |  1.07 |  1.00 |  1.22
        5205 |  1.08 |  1.05 |  1.06 |  1.03 |  1.07 |  1.00 |  1.22
        5205 |  1.08 |  1.05 |  1.06 |  1.03 |  1.07 |  1.00 |  1.22
        5205 |  1.08 |  1.05 |  1.06 |  1.03 |  1.07 |  1.00 |  1.22
        5205 |  1.08 |  1.05 |  1.06 |  1.03 |  1.07 |  1.00 |  1.22
        5205 |  1.08 |  1.05 |  1.06 |  1.03 |  1.07 |  1.00 |  1.22
        5205 |  1.08 |  1.05 |  1.06 |  1.03 |  1.07 |  1.00 |  1.22
        5205 |  1.08 |  1.05 |  1.06 |  1.03 |  1.07 |  1.00 |  1.22
        5205 |  1.08 |  1.05 |  1.06 |  1.03 |  1.07 |  1.00 |  1.22
        5205 |  1.08 |  1.05 |  1.06 |  1.03 |  1.07 |  1.00 |  1.22
        5205 |  1.08 |  1.05 |  1.06 |  1.03 |  1.07 |  1.00 |  1.22
        5205 |  1.08 |  1.05 |  1.06 |  1.03 |  1.07 |  1.00 |  1.22
        5205 |  1.08 |  1.05 |  1.06 |  1.03 |  1.07 |  1.00 |  1.22
        5205 |  1.08 |  1.05 |  1.06 |  1.03 |  1.07 |  1.00 |  1.22
        5205 |  1.08 |  1.05 |  1.06 |  1.03 |  1.07 |  1.00 |  1.22
        5205 |  1.08 |  1.05 |  1.06 |  1.03 |  1.07 |  1.00 |  1.22
        5205 |  1.08 |  1.05 |  1.06 |  1.03 |  1.07 |  1.00 |  1.22
        5206 |  1.12 |  1.03 |  0.84 |  0.99 |  0.89 |  0.86 |  1.11
        5206 |  1.12 |  1.03 |  0.84 |  0.99 |  0.89 |  0.86 |  1.11
        5206 |  1.12 |  1.03 |  0.84 |  0.99 |  0.89 |  0.86 |  1.11
        5206 |  1.12 |  1.03 |  0.84 |  0.99 |  0.89 |  0.86 |  1.11
        5206 |  1.12 |  1.03 |  0.84 |  0.99 |  0.89 |  0.86 |  1.11
        5206 |  1.12 |  1.03 |  0.84 |  0.99 |  0.89 |  0.86 |  1.11
        5206 |  1.12 |  1.03 |  0.84 |  0.99 |  0.89 |  0.86 |  1.11
        5206 |  1.12 |  1.03 |  0.84 |  0.99 |  0.89 |  0.86 |  1.11
        5206 |  1.12 |  1.03 |  0.84 |  0.99 |  0.89 |  0.86 |  1.11
        5206 |  1.12 |  1.03 |  0.84 |  0.99 |  0.89 |  0.86 |  1.11
        5206 |  1.12 |  1.03 |  0.84 |  0.99 |  0.89 |  0.86 |  1.11
        5206 |  1.12 |  1.03 |  0.84 |  0.99 |  0.89 |  0.86 |  1.11
        5206 |  1.12 |  1.03 |  0.84 |  0.99 |  0.89 |  0.86 |  1.11
        5206 |  1.12 |  1.03 |  0.84 |  0.99 |  0.89 |  0.86 |  1.11
        5206 |  1.12 |  1.03 |  0.84 |  0.99 |  0.89 |  0.86 |  1.11
        5206 |  1.12 |  1.03 |  0.84 |  0.99 |  0.89 |  0.86 |  1.11
        5206 |  1.12 |  1.03 |  0.84 |  0.99 |  0.89 |  0.86 |  1.11
        5206 |  1.12 |  1.03 |  0.84 |  0.99 |  0.89 |  0.86 |  1.11
        5206 |  1.12 |  1.03 |  0.84 |  0.99 |  0.89 |  0.86 |  1.11
        5206 |  1.12 |  1.03 |  0.84 |  0.99 |  0.89 |  0.86 |  1.11
        5206 |  1.12 |  1.03 |  0.84 |  0.99 |  0.89 |  0.86 |  1.11
        5206 |  1.12 |  1.03 |  0.84 |  0.99 |  0.89 |  0.86 |  1.11
        5206 |  1.12 |  1.03 |  0.84 |  0.99 |  0.89 |  0.86 |  1.11
        5206 |  1.12 |  1.03 |  0.84 |  0.99 |  0.89 |  0.86 |  1.11
        5206 |  1.12 |  1.03 |  0.84 |  0.99 |  0.89 |  0.86 |  1.11
        5206 |  1.12 |  1.03 |  0.84 |  0.99 |  0.89 |  0.86 |  1.11
        5206 |  1.12 |  1.03 |  0.84 |  0.99 |  0.89 |  0.86 |  1.11
        5206 |  1.12 |  1.03 |  0.84 |  0.99 |  0.89 |  0.86 |  1.11
        5206 |  1.12 |  1.03 |  0.84 |  0.99 |  0.89 |  0.86 |  1.11
        5206 |  1.12 |  1.03 |  0.84 |  0.99 |  0.89 |  0.86 |  1.11
        5206 |  1.12 |  1.03 |  0.84 |  0.99 |  0.89 |  0.86 |  1.11
        5206 |  1.12 |  1.03 |  0.84 |  0.99 |  0.89 |  0.86 |  1.11
        5206 |  1.12 |  1.03 |  0.84 |  0.99 |  0.89 |  0.86 |  1.11
        5206 |  1.12 |  1.03 |  0.84 |  0.99 |  0.89 |  0.86 |  1.11
        5206 |  1.12 |  1.03 |  0.84 |  0.99 |  0.89 |  0.86 |  1.11
        5206 |  1.12 |  1.03 |  0.84 |  0.99 |  0.89 |  0.86 |  1.11
        5206 |  1.12 |  1.03 |  0.84 |  0.99 |  0.89 |  0.86 |  1.11
        5206 |  1.12 |  1.03 |  0.84 |  0.99 |  0.89 |  0.86 |  1.11
        5206 |  1.12 |  1.03 |  0.84 |  0.99 |  0.89 |  0.86 |  1.11
        5206 |  1.12 |  1.03 |  0.84 |  0.99 |  0.89 |  0.86 |  1.11
        5206 |  1.12 |  1.03 |  0.84 |  0.99 |  0.89 |  0.86 |  1.11
        5206 |  1.12 |  1.03 |  0.84 |  0.99 |  0.89 |  0.86 |  1.11
        5206 |  1.12 |  1.03 |  0.84 |  0.99 |  0.89 |  0.86 |  1.11
        5206 |  1.12 |  1.03 |  0.84 |  0.99 |  0.89 |  0.86 |  1.11
        5206 |  1.12 |  1.03 |  0.84 |  0.99 |  0.89 |  0.86 |  1.11
        5206 |  1.12 |  1.03 |  0.84 |  0.99 |  0.89 |  0.86 |  1.11
        5206 |  1.12 |  1.03 |  0.84 |  0.99 |  0.89 |  0.86 |  1.11
        5206 |  1.12 |  1.03 |  0.84 |  0.99 |  0.89 |  0.86 |  1.11
        5206 |  1.12 |  1.03 |  0.84 |  0.99 |  0.89 |  0.86 |  1.11
        5207 |  0.84 |  1.06 |  1.02 |  0.91 |  0.96 |  1.01 |  1.06
        5207 |  0.84 |  1.06 |  1.02 |  0.91 |  0.96 |  1.01 |  1.06
        5207 |  0.84 |  1.06 |  1.02 |  0.91 |  0.96 |  1.01 |  1.06
        5207 |  0.84 |  1.06 |  1.02 |  0.91 |  0.96 |  1.01 |  1.06
        5207 |  0.84 |  1.06 |  1.02 |  0.91 |  0.96 |  1.01 |  1.06
        5207 |  0.84 |  1.06 |  1.02 |  0.91 |  0.96 |  1.01 |  1.06
        5207 |  0.84 |  1.06 |  1.02 |  0.91 |  0.96 |  1.01 |  1.06
        5207 |  0.84 |  1.06 |  1.02 |  0.91 |  0.96 |  1.01 |  1.06
        5207 |  0.84 |  1.06 |  1.02 |  0.91 |  0.96 |  1.01 |  1.06
        5207 |  0.84 |  1.06 |  1.02 |  0.91 |  0.96 |  1.01 |  1.06
        5207 |  0.84 |  1.06 |  1.02 |  0.91 |  0.96 |  1.01 |  1.06
        5207 |  0.84 |  1.06 |  1.02 |  0.91 |  0.96 |  1.01 |  1.06
        5207 |  0.84 |  1.06 |  1.02 |  0.91 |  0.96 |  1.01 |  1.06
        5207 |  0.84 |  1.06 |  1.02 |  0.91 |  0.96 |  1.01 |  1.06
        5207 |  0.84 |  1.06 |  1.02 |  0.91 |  0.96 |  1.01 |  1.06
        5207 |  0.84 |  1.06 |  1.02 |  0.91 |  0.96 |  1.01 |  1.06
        5207 |  0.84 |  1.06 |  1.02 |  0.91 |  0.96 |  1.01 |  1.06
        5207 |  0.84 |  1.06 |  1.02 |  0.91 |  0.96 |  1.01 |  1.06
        5207 |  0.84 |  1.06 |  1.02 |  0.91 |  0.96 |  1.01 |  1.06
        5207 |  0.84 |  1.06 |  1.02 |  0.91 |  0.96 |  1.01 |  1.06
        5207 |  0.84 |  1.06 |  1.02 |  0.91 |  0.96 |  1.01 |  1.06
        5207 |  0.84 |  1.06 |  1.02 |  0.91 |  0.96 |  1.01 |  1.06
        5207 |  0.84 |  1.06 |  1.02 |  0.91 |  0.96 |  1.01 |  1.06
        5207 |  0.84 |  1.06 |  1.02 |  0.91 |  0.96 |  1.01 |  1.06
        5207 |  0.84 |  1.06 |  1.02 |  0.91 |  0.96 |  1.01 |  1.06
        5207 |  0.84 |  1.06 |  1.02 |  0.91 |  0.96 |  1.01 |  1.06
        5207 |  0.84 |  1.06 |  1.02 |  0.91 |  0.96 |  1.01 |  1.06
        5207 |  0.84 |  1.06 |  1.02 |  0.91 |  0.96 |  1.01 |  1.06
        5207 |  0.84 |  1.06 |  1.02 |  0.91 |  0.96 |  1.01 |  1.06
        5207 |  0.84 |  1.06 |  1.02 |  0.91 |  0.96 |  1.01 |  1.06
        5207 |  0.84 |  1.06 |  1.02 |  0.91 |  0.96 |  1.01 |  1.06
        5207 |  0.84 |  1.06 |  1.02 |  0.91 |  0.96 |  1.01 |  1.06
        5207 |  0.84 |  1.06 |  1.02 |  0.91 |  0.96 |  1.01 |  1.06
        5207 |  0.84 |  1.06 |  1.02 |  0.91 |  0.96 |  1.01 |  1.06
        5207 |  0.84 |  1.06 |  1.02 |  0.91 |  0.96 |  1.01 |  1.06
        5207 |  0.84 |  1.06 |  1.02 |  0.91 |  0.96 |  1.01 |  1.06
        5207 |  0.84 |  1.06 |  1.02 |  0.91 |  0.96 |  1.01 |  1.06
        5207 |  0.84 |  1.06 |  1.02 |  0.91 |  0.96 |  1.01 |  1.06
        5207 |  0.84 |  1.06 |  1.02 |  0.91 |  0.96 |  1.01 |  1.06
        5207 |  0.84 |  1.06 |  1.02 |  0.91 |  0.96 |  1.01 |  1.06
        5207 |  0.84 |  1.06 |  1.02 |  0.91 |  0.96 |  1.01 |  1.06
        5207 |  0.84 |  1.06 |  1.02 |  0.91 |  0.96 |  1.01 |  1.06
        5207 |  0.84 |  1.06 |  1.02 |  0.91 |  0.96 |  1.01 |  1.06
        5207 |  0.84 |  1.06 |  1.02 |  0.91 |  0.96 |  1.01 |  1.06
        5207 |  0.84 |  1.06 |  1.02 |  0.91 |  0.96 |  1.01 |  1.06
        5207 |  0.84 |  1.06 |  1.02 |  0.91 |  0.96 |  1.01 |  1.06
        5207 |  0.84 |  1.06 |  1.02 |  0.91 |  0.96 |  1.01 |  1.06
        5207 |  0.84 |  1.06 |  1.02 |  0.91 |  0.96 |  1.01 |  1.06
        5207 |  0.84 |  1.06 |  1.02 |  0.91 |  0.96 |  1.01 |  1.06
        5208 |  0.98 |  0.99 |  1.17 |  0.98 |  1.12 |  1.04 |  1.06
        5208 |  0.98 |  0.99 |  1.17 |  0.98 |  1.12 |  1.04 |  1.06
        5208 |  0.98 |  0.99 |  1.17 |  0.98 |  1.12 |  1.04 |  1.06
        5208 |  0.98 |  0.99 |  1.17 |  0.98 |  1.12 |  1.04 |  1.06
        5208 |  0.98 |  0.99 |  1.17 |  0.98 |  1.12 |  1.04 |  1.06
        5208 |  0.98 |  0.99 |  1.17 |  0.98 |  1.12 |  1.04 |  1.06
        5208 |  0.98 |  0.99 |  1.17 |  0.98 |  1.12 |  1.04 |  1.06
        5208 |  0.98 |  0.99 |  1.17 |  0.98 |  1.12 |  1.04 |  1.06
        5208 |  0.98 |  0.99 |  1.17 |  0.98 |  1.12 |  1.04 |  1.06
        5208 |  0.98 |  0.99 |  1.17 |  0.98 |  1.12 |  1.04 |  1.06
        5208 |  0.98 |  0.99 |  1.17 |  0.98 |  1.12 |  1.04 |  1.06
        5208 |  0.98 |  0.99 |  1.17 |  0.98 |  1.12 |  1.04 |  1.06
        5208 |  0.98 |  0.99 |  1.17 |  0.98 |  1.12 |  1.04 |  1.06
        5208 |  0.98 |  0.99 |  1.17 |  0.98 |  1.12 |  1.04 |  1.06
        5208 |  0.98 |  0.99 |  1.17 |  0.98 |  1.12 |  1.04 |  1.06
        5208 |  0.98 |  0.99 |  1.17 |  0.98 |  1.12 |  1.04 |  1.06
        5208 |  0.98 |  0.99 |  1.17 |  0.98 |  1.12 |  1.04 |  1.06
        5208 |  0.98 |  0.99 |  1.17 |  0.98 |  1.12 |  1.04 |  1.06
        5208 |  0.98 |  0.99 |  1.17 |  0.98 |  1.12 |  1.04 |  1.06
        5208 |  0.98 |  0.99 |  1.17 |  0.98 |  1.12 |  1.04 |  1.06
        5208 |  0.98 |  0.99 |  1.17 |  0.98 |  1.12 |  1.04 |  1.06
        5208 |  0.98 |  0.99 |  1.17 |  0.98 |  1.12 |  1.04 |  1.06
        5208 |  0.98 |  0.99 |  1.17 |  0.98 |  1.12 |  1.04 |  1.06
        5208 |  0.98 |  0.99 |  1.17 |  0.98 |  1.12 |  1.04 |  1.06
        5208 |  0.98 |  0.99 |  1.17 |  0.98 |  1.12 |  1.04 |  1.06
        5208 |  0.98 |  0.99 |  1.17 |  0.98 |  1.12 |  1.04 |  1.06
        5208 |  0.98 |  0.99 |  1.17 |  0.98 |  1.12 |  1.04 |  1.06
        5208 |  0.98 |  0.99 |  1.17 |  0.98 |  1.12 |  1.04 |  1.06
        5208 |  0.98 |  0.99 |  1.17 |  0.98 |  1.12 |  1.04 |  1.06
        5208 |  0.98 |  0.99 |  1.17 |  0.98 |  1.12 |  1.04 |  1.06
        5208 |  0.98 |  0.99 |  1.17 |  0.98 |  1.12 |  1.04 |  1.06
        5208 |  0.98 |  0.99 |  1.17 |  0.98 |  1.12 |  1.04 |  1.06
        5208 |  0.98 |  0.99 |  1.17 |  0.98 |  1.12 |  1.04 |  1.06
        5208 |  0.98 |  0.99 |  1.17 |  0.98 |  1.12 |  1.04 |  1.06
        5208 |  0.98 |  0.99 |  1.17 |  0.98 |  1.12 |  1.04 |  1.06
        5208 |  0.98 |  0.99 |  1.17 |  0.98 |  1.12 |  1.04 |  1.06
        5208 |  0.98 |  0.99 |  1.17 |  0.98 |  1.12 |  1.04 |  1.06
        5208 |  0.98 |  0.99 |  1.17 |  0.98 |  1.12 |  1.04 |  1.06
        5208 |  0.98 |  0.99 |  1.17 |  0.98 |  1.12 |  1.04 |  1.06
        5208 |  0.98 |  0.99 |  1.17 |  0.98 |  1.12 |  1.04 |  1.06
        5208 |  0.98 |  0.99 |  1.17 |  0.98 |  1.12 |  1.04 |  1.06
        5208 |  0.98 |  0.99 |  1.17 |  0.98 |  1.12 |  1.04 |  1.06
        5208 |  0.98 |  0.99 |  1.17 |  0.98 |  1.12 |  1.04 |  1.06
        5208 |  0.98 |  0.99 |  1.17 |  0.98 |  1.12 |  1.04 |  1.06
        5208 |  0.98 |  0.99 |  1.17 |  0.98 |  1.12 |  1.04 |  1.06
        5208 |  0.98 |  0.99 |  1.17 |  0.98 |  1.12 |  1.04 |  1.06
        5208 |  0.98 |  0.99 |  1.17 |  0.98 |  1.12 |  1.04 |  1.06
        5208 |  0.98 |  0.99 |  1.17 |  0.98 |  1.12 |  1.04 |  1.06
        5208 |  0.98 |  0.99 |  1.17 |  0.98 |  1.12 |  1.04 |  1.06
        5209 |  0.66 |  0.62 |  1.15 |  0.76 |  0.66 |  0.69 |  0.74
        5209 |  0.66 |  0.62 |  1.15 |  0.76 |  0.66 |  0.69 |  0.74
        5209 |  0.66 |  0.62 |  1.15 |  0.76 |  0.66 |  0.69 |  0.74
        5209 |  0.66 |  0.62 |  1.15 |  0.76 |  0.66 |  0.69 |  0.74
        5209 |  0.66 |  0.62 |  1.15 |  0.76 |  0.66 |  0.69 |  0.74
        5209 |  0.66 |  0.62 |  1.15 |  0.76 |  0.66 |  0.69 |  0.74
        5209 |  0.66 |  0.62 |  1.15 |  0.76 |  0.66 |  0.69 |  0.74
        5209 |  0.66 |  0.62 |  1.15 |  0.76 |  0.66 |  0.69 |  0.74
        5209 |  0.66 |  0.62 |  1.15 |  0.76 |  0.66 |  0.69 |  0.74
        5209 |  0.66 |  0.62 |  1.15 |  0.76 |  0.66 |  0.69 |  0.74
        5209 |  0.66 |  0.62 |  1.15 |  0.76 |  0.66 |  0.69 |  0.74
        5209 |  0.66 |  0.62 |  1.15 |  0.76 |  0.66 |  0.69 |  0.74
        5209 |  0.66 |  0.62 |  1.15 |  0.76 |  0.66 |  0.69 |  0.74
        5209 |  0.66 |  0.62 |  1.15 |  0.76 |  0.66 |  0.69 |  0.74
        5209 |  0.66 |  0.62 |  1.15 |  0.76 |  0.66 |  0.69 |  0.74
        5209 |  0.66 |  0.62 |  1.15 |  0.76 |  0.66 |  0.69 |  0.74
        5209 |  0.66 |  0.62 |  1.15 |  0.76 |  0.66 |  0.69 |  0.74
        5209 |  0.66 |  0.62 |  1.15 |  0.76 |  0.66 |  0.69 |  0.74
        5209 |  0.66 |  0.62 |  1.15 |  0.76 |  0.66 |  0.69 |  0.74
        5209 |  0.66 |  0.62 |  1.15 |  0.76 |  0.66 |  0.69 |  0.74
        5209 |  0.66 |  0.62 |  1.15 |  0.76 |  0.66 |  0.69 |  0.74
        5209 |  0.66 |  0.62 |  1.15 |  0.76 |  0.66 |  0.69 |  0.74
        5209 |  0.66 |  0.62 |  1.15 |  0.76 |  0.66 |  0.69 |  0.74
        5209 |  0.66 |  0.62 |  1.15 |  0.76 |  0.66 |  0.69 |  0.74
        5209 |  0.66 |  0.62 |  1.15 |  0.76 |  0.66 |  0.69 |  0.74
        5209 |  0.66 |  0.62 |  1.15 |  0.76 |  0.66 |  0.69 |  0.74
        5209 |  0.66 |  0.62 |  1.15 |  0.76 |  0.66 |  0.69 |  0.74
        5209 |  0.66 |  0.62 |  1.15 |  0.76 |  0.66 |  0.69 |  0.74
        5209 |  0.66 |  0.62 |  1.15 |  0.76 |  0.66 |  0.69 |  0.74
        5209 |  0.66 |  0.62 |  1.15 |  0.76 |  0.66 |  0.69 |  0.74
        5209 |  0.66 |  0.62 |  1.15 |  0.76 |  0.66 |  0.69 |  0.74
        5209 |  0.66 |  0.62 |  1.15 |  0.76 |  0.66 |  0.69 |  0.74
        5209 |  0.66 |  0.62 |  1.15 |  0.76 |  0.66 |  0.69 |  0.74
        5209 |  0.66 |  0.62 |  1.15 |  0.76 |  0.66 |  0.69 |  0.74
        5209 |  0.66 |  0.62 |  1.15 |  0.76 |  0.66 |  0.69 |  0.74
        5209 |  0.66 |  0.62 |  1.15 |  0.76 |  0.66 |  0.69 |  0.74
        5209 |  0.66 |  0.62 |  1.15 |  0.76 |  0.66 |  0.69 |  0.74
        5209 |  0.66 |  0.62 |  1.15 |  0.76 |  0.66 |  0.69 |  0.74
        5209 |  0.66 |  0.62 |  1.15 |  0.76 |  0.66 |  0.69 |  0.74
        5209 |  0.66 |  0.62 |  1.15 |  0.76 |  0.66 |  0.69 |  0.74
        5209 |  0.66 |  0.62 |  1.15 |  0.76 |  0.66 |  0.69 |  0.74
        5209 |  0.66 |  0.62 |  1.15 |  0.76 |  0.66 |  0.69 |  0.74
        5209 |  0.66 |  0.62 |  1.15 |  0.76 |  0.66 |  0.69 |  0.74
        5209 |  0.66 |  0.62 |  1.15 |  0.76 |  0.66 |  0.69 |  0.74
        5209 |  0.66 |  0.62 |  1.15 |  0.76 |  0.66 |  0.69 |  0.74
        5209 |  0.66 |  0.62 |  1.15 |  0.76 |  0.66 |  0.69 |  0.74
        5209 |  0.66 |  0.62 |  1.15 |  0.76 |  0.66 |  0.69 |  0.74
        5209 |  0.66 |  0.62 |  1.15 |  0.76 |  0.66 |  0.69 |  0.74
        5209 |  0.66 |  0.62 |  1.15 |  0.76 |  0.66 |  0.69 |  0.74
        5210 |  0.91 |  1.06 |  0.78 |  1.04 |  0.98 |  1.03 |  1.08
        5210 |  0.91 |  1.06 |  0.78 |  1.04 |  0.98 |  1.03 |  1.08
        5210 |  0.91 |  1.06 |  0.78 |  1.04 |  0.98 |  1.03 |  1.08
        5210 |  0.91 |  1.06 |  0.78 |  1.04 |  0.98 |  1.03 |  1.08
        5210 |  0.91 |  1.06 |  0.78 |  1.04 |  0.98 |  1.03 |  1.08
        5210 |  0.91 |  1.06 |  0.78 |  1.04 |  0.98 |  1.03 |  1.08
        5210 |  0.91 |  1.06 |  0.78 |  1.04 |  0.98 |  1.03 |  1.08
        5210 |  0.91 |  1.06 |  0.78 |  1.04 |  0.98 |  1.03 |  1.08
        5210 |  0.91 |  1.06 |  0.78 |  1.04 |  0.98 |  1.03 |  1.08
        5210 |  0.91 |  1.06 |  0.78 |  1.04 |  0.98 |  1.03 |  1.08
        5210 |  0.91 |  1.06 |  0.78 |  1.04 |  0.98 |  1.03 |  1.08
        5210 |  0.91 |  1.06 |  0.78 |  1.04 |  0.98 |  1.03 |  1.08
        5210 |  0.91 |  1.06 |  0.78 |  1.04 |  0.98 |  1.03 |  1.08
        5210 |  0.91 |  1.06 |  0.78 |  1.04 |  0.98 |  1.03 |  1.08
        5210 |  0.91 |  1.06 |  0.78 |  1.04 |  0.98 |  1.03 |  1.08
        5210 |  0.91 |  1.06 |  0.78 |  1.04 |  0.98 |  1.03 |  1.08
        5210 |  0.91 |  1.06 |  0.78 |  1.04 |  0.98 |  1.03 |  1.08
        5210 |  0.91 |  1.06 |  0.78 |  1.04 |  0.98 |  1.03 |  1.08
        5210 |  0.91 |  1.06 |  0.78 |  1.04 |  0.98 |  1.03 |  1.08
        5210 |  0.91 |  1.06 |  0.78 |  1.04 |  0.98 |  1.03 |  1.08
        5210 |  0.91 |  1.06 |  0.78 |  1.04 |  0.98 |  1.03 |  1.08
        5210 |  0.91 |  1.06 |  0.78 |  1.04 |  0.98 |  1.03 |  1.08
        5210 |  0.91 |  1.06 |  0.78 |  1.04 |  0.98 |  1.03 |  1.08
        5210 |  0.91 |  1.06 |  0.78 |  1.04 |  0.98 |  1.03 |  1.08
        5210 |  0.91 |  1.06 |  0.78 |  1.04 |  0.98 |  1.03 |  1.08
        5210 |  0.91 |  1.06 |  0.78 |  1.04 |  0.98 |  1.03 |  1.08
        5210 |  0.91 |  1.06 |  0.78 |  1.04 |  0.98 |  1.03 |  1.08
        5210 |  0.91 |  1.06 |  0.78 |  1.04 |  0.98 |  1.03 |  1.08
        5210 |  0.91 |  1.06 |  0.78 |  1.04 |  0.98 |  1.03 |  1.08
        5210 |  0.91 |  1.06 |  0.78 |  1.04 |  0.98 |  1.03 |  1.08
        5210 |  0.91 |  1.06 |  0.78 |  1.04 |  0.98 |  1.03 |  1.08
        5210 |  0.91 |  1.06 |  0.78 |  1.04 |  0.98 |  1.03 |  1.08
        5210 |  0.91 |  1.06 |  0.78 |  1.04 |  0.98 |  1.03 |  1.08
        5210 |  0.91 |  1.06 |  0.78 |  1.04 |  0.98 |  1.03 |  1.08
        5210 |  0.91 |  1.06 |  0.78 |  1.04 |  0.98 |  1.03 |  1.08
        5210 |  0.91 |  1.06 |  0.78 |  1.04 |  0.98 |  1.03 |  1.08
        5210 |  0.91 |  1.06 |  0.78 |  1.04 |  0.98 |  1.03 |  1.08
        5210 |  0.91 |  1.06 |  0.78 |  1.04 |  0.98 |  1.03 |  1.08
        5210 |  0.91 |  1.06 |  0.78 |  1.04 |  0.98 |  1.03 |  1.08
        5210 |  0.91 |  1.06 |  0.78 |  1.04 |  0.98 |  1.03 |  1.08
        5210 |  0.91 |  1.06 |  0.78 |  1.04 |  0.98 |  1.03 |  1.08
        5210 |  0.91 |  1.06 |  0.78 |  1.04 |  0.98 |  1.03 |  1.08
        5210 |  0.91 |  1.06 |  0.78 |  1.04 |  0.98 |  1.03 |  1.08
        5210 |  0.91 |  1.06 |  0.78 |  1.04 |  0.98 |  1.03 |  1.08
        5210 |  0.91 |  1.06 |  0.78 |  1.04 |  0.98 |  1.03 |  1.08
        5210 |  0.91 |  1.06 |  0.78 |  1.04 |  0.98 |  1.03 |  1.08
        5210 |  0.91 |  1.06 |  0.78 |  1.04 |  0.98 |  1.03 |  1.08
        5210 |  0.91 |  1.06 |  0.78 |  1.04 |  0.98 |  1.03 |  1.08
        5210 |  0.91 |  1.06 |  0.78 |  1.04 |  0.98 |  1.03 |  1.08
        5211 |  1.02 |  1.09 |  0.91 |  1.01 |  1.02 |  1.08 |  0.94
        5211 |  1.02 |  1.09 |  0.91 |  1.01 |  1.02 |  1.08 |  0.94
        5211 |  1.02 |  1.09 |  0.91 |  1.01 |  1.02 |  1.08 |  0.94
        5211 |  1.02 |  1.09 |  0.91 |  1.01 |  1.02 |  1.08 |  0.94
        5211 |  1.02 |  1.09 |  0.91 |  1.01 |  1.02 |  1.08 |  0.94
        5211 |  1.02 |  1.09 |  0.91 |  1.01 |  1.02 |  1.08 |  0.94
        5211 |  1.02 |  1.09 |  0.91 |  1.01 |  1.02 |  1.08 |  0.94
        5211 |  1.02 |  1.09 |  0.91 |  1.01 |  1.02 |  1.08 |  0.94
        5211 |  1.02 |  1.09 |  0.91 |  1.01 |  1.02 |  1.08 |  0.94
        5211 |  1.02 |  1.09 |  0.91 |  1.01 |  1.02 |  1.08 |  0.94
        5211 |  1.02 |  1.09 |  0.91 |  1.01 |  1.02 |  1.08 |  0.94
        5211 |  1.02 |  1.09 |  0.91 |  1.01 |  1.02 |  1.08 |  0.94
        5211 |  1.02 |  1.09 |  0.91 |  1.01 |  1.02 |  1.08 |  0.94
        5211 |  1.02 |  1.09 |  0.91 |  1.01 |  1.02 |  1.08 |  0.94
        5211 |  1.02 |  1.09 |  0.91 |  1.01 |  1.02 |  1.08 |  0.94
        5211 |  1.02 |  1.09 |  0.91 |  1.01 |  1.02 |  1.08 |  0.94
        5211 |  1.02 |  1.09 |  0.91 |  1.01 |  1.02 |  1.08 |  0.94
        5211 |  1.02 |  1.09 |  0.91 |  1.01 |  1.02 |  1.08 |  0.94
        5211 |  1.02 |  1.09 |  0.91 |  1.01 |  1.02 |  1.08 |  0.94
        5211 |  1.02 |  1.09 |  0.91 |  1.01 |  1.02 |  1.08 |  0.94
        5211 |  1.02 |  1.09 |  0.91 |  1.01 |  1.02 |  1.08 |  0.94
        5211 |  1.02 |  1.09 |  0.91 |  1.01 |  1.02 |  1.08 |  0.94
        5211 |  1.02 |  1.09 |  0.91 |  1.01 |  1.02 |  1.08 |  0.94
        5211 |  1.02 |  1.09 |  0.91 |  1.01 |  1.02 |  1.08 |  0.94
        5211 |  1.02 |  1.09 |  0.91 |  1.01 |  1.02 |  1.08 |  0.94
        5211 |  1.02 |  1.09 |  0.91 |  1.01 |  1.02 |  1.08 |  0.94
        5211 |  1.02 |  1.09 |  0.91 |  1.01 |  1.02 |  1.08 |  0.94
        5211 |  1.02 |  1.09 |  0.91 |  1.01 |  1.02 |  1.08 |  0.94
        5211 |  1.02 |  1.09 |  0.91 |  1.01 |  1.02 |  1.08 |  0.94
        5211 |  1.02 |  1.09 |  0.91 |  1.01 |  1.02 |  1.08 |  0.94
        5211 |  1.02 |  1.09 |  0.91 |  1.01 |  1.02 |  1.08 |  0.94
        5211 |  1.02 |  1.09 |  0.91 |  1.01 |  1.02 |  1.08 |  0.94
        5211 |  1.02 |  1.09 |  0.91 |  1.01 |  1.02 |  1.08 |  0.94
        5211 |  1.02 |  1.09 |  0.91 |  1.01 |  1.02 |  1.08 |  0.94
        5211 |  1.02 |  1.09 |  0.91 |  1.01 |  1.02 |  1.08 |  0.94
        5211 |  1.02 |  1.09 |  0.91 |  1.01 |  1.02 |  1.08 |  0.94
        5211 |  1.02 |  1.09 |  0.91 |  1.01 |  1.02 |  1.08 |  0.94
        5211 |  1.02 |  1.09 |  0.91 |  1.01 |  1.02 |  1.08 |  0.94
        5211 |  1.02 |  1.09 |  0.91 |  1.01 |  1.02 |  1.08 |  0.94
        5211 |  1.02 |  1.09 |  0.91 |  1.01 |  1.02 |  1.08 |  0.94
        5211 |  1.02 |  1.09 |  0.91 |  1.01 |  1.02 |  1.08 |  0.94
        5211 |  1.02 |  1.09 |  0.91 |  1.01 |  1.02 |  1.08 |  0.94
        5211 |  1.02 |  1.09 |  0.91 |  1.01 |  1.02 |  1.08 |  0.94
        5211 |  1.02 |  1.09 |  0.91 |  1.01 |  1.02 |  1.08 |  0.94
        5211 |  1.02 |  1.09 |  0.91 |  1.01 |  1.02 |  1.08 |  0.94
        5211 |  1.02 |  1.09 |  0.91 |  1.01 |  1.02 |  1.08 |  0.94
        5211 |  1.02 |  1.09 |  0.91 |  1.01 |  1.02 |  1.08 |  0.94
        5211 |  1.02 |  1.09 |  0.91 |  1.01 |  1.02 |  1.08 |  0.94
        5211 |  1.02 |  1.09 |  0.91 |  1.01 |  1.02 |  1.08 |  0.94
        5212 |  0.81 |  0.96 |  1.08 |  0.96 |  0.99 |  0.96 |  1.00
        5212 |  0.81 |  0.96 |  1.08 |  0.96 |  0.99 |  0.96 |  1.00
        5212 |  0.81 |  0.96 |  1.08 |  0.96 |  0.99 |  0.96 |  1.00
        5212 |  0.81 |  0.96 |  1.08 |  0.96 |  0.99 |  0.96 |  1.00
        5212 |  0.81 |  0.96 |  1.08 |  0.96 |  0.99 |  0.96 |  1.00
        5212 |  0.81 |  0.96 |  1.08 |  0.96 |  0.99 |  0.96 |  1.00
        5212 |  0.81 |  0.96 |  1.08 |  0.96 |  0.99 |  0.96 |  1.00
        5212 |  0.81 |  0.96 |  1.08 |  0.96 |  0.99 |  0.96 |  1.00
        5212 |  0.81 |  0.96 |  1.08 |  0.96 |  0.99 |  0.96 |  1.00
        5212 |  0.81 |  0.96 |  1.08 |  0.96 |  0.99 |  0.96 |  1.00
        5212 |  0.81 |  0.96 |  1.08 |  0.96 |  0.99 |  0.96 |  1.00
        5212 |  0.81 |  0.96 |  1.08 |  0.96 |  0.99 |  0.96 |  1.00
        5212 |  0.81 |  0.96 |  1.08 |  0.96 |  0.99 |  0.96 |  1.00
        5212 |  0.81 |  0.96 |  1.08 |  0.96 |  0.99 |  0.96 |  1.00
        5212 |  0.81 |  0.96 |  1.08 |  0.96 |  0.99 |  0.96 |  1.00
        5212 |  0.81 |  0.96 |  1.08 |  0.96 |  0.99 |  0.96 |  1.00
        5212 |  0.81 |  0.96 |  1.08 |  0.96 |  0.99 |  0.96 |  1.00
        5212 |  0.81 |  0.96 |  1.08 |  0.96 |  0.99 |  0.96 |  1.00
        5212 |  0.81 |  0.96 |  1.08 |  0.96 |  0.99 |  0.96 |  1.00
        5212 |  0.81 |  0.96 |  1.08 |  0.96 |  0.99 |  0.96 |  1.00
        5212 |  0.81 |  0.96 |  1.08 |  0.96 |  0.99 |  0.96 |  1.00
        5212 |  0.81 |  0.96 |  1.08 |  0.96 |  0.99 |  0.96 |  1.00
        5212 |  0.81 |  0.96 |  1.08 |  0.96 |  0.99 |  0.96 |  1.00
        5212 |  0.81 |  0.96 |  1.08 |  0.96 |  0.99 |  0.96 |  1.00
        5212 |  0.81 |  0.96 |  1.08 |  0.96 |  0.99 |  0.96 |  1.00
        5212 |  0.81 |  0.96 |  1.08 |  0.96 |  0.99 |  0.96 |  1.00
        5212 |  0.81 |  0.96 |  1.08 |  0.96 |  0.99 |  0.96 |  1.00
        5212 |  0.81 |  0.96 |  1.08 |  0.96 |  0.99 |  0.96 |  1.00
        5212 |  0.81 |  0.96 |  1.08 |  0.96 |  0.99 |  0.96 |  1.00
        5212 |  0.81 |  0.96 |  1.08 |  0.96 |  0.99 |  0.96 |  1.00
        5212 |  0.81 |  0.96 |  1.08 |  0.96 |  0.99 |  0.96 |  1.00
        5212 |  0.81 |  0.96 |  1.08 |  0.96 |  0.99 |  0.96 |  1.00
        5212 |  0.81 |  0.96 |  1.08 |  0.96 |  0.99 |  0.96 |  1.00
        5212 |  0.81 |  0.96 |  1.08 |  0.96 |  0.99 |  0.96 |  1.00
        5212 |  0.81 |  0.96 |  1.08 |  0.96 |  0.99 |  0.96 |  1.00
        5212 |  0.81 |  0.96 |  1.08 |  0.96 |  0.99 |  0.96 |  1.00
        5212 |  0.81 |  0.96 |  1.08 |  0.96 |  0.99 |  0.96 |  1.00
        5212 |  0.81 |  0.96 |  1.08 |  0.96 |  0.99 |  0.96 |  1.00
        5212 |  0.81 |  0.96 |  1.08 |  0.96 |  0.99 |  0.96 |  1.00
        5212 |  0.81 |  0.96 |  1.08 |  0.96 |  0.99 |  0.96 |  1.00
        5212 |  0.81 |  0.96 |  1.08 |  0.96 |  0.99 |  0.96 |  1.00
        5212 |  0.81 |  0.96 |  1.08 |  0.96 |  0.99 |  0.96 |  1.00
        5212 |  0.81 |  0.96 |  1.08 |  0.96 |  0.99 |  0.96 |  1.00
        5212 |  0.81 |  0.96 |  1.08 |  0.96 |  0.99 |  0.96 |  1.00
        5212 |  0.81 |  0.96 |  1.08 |  0.96 |  0.99 |  0.96 |  1.00
        5212 |  0.81 |  0.96 |  1.08 |  0.96 |  0.99 |  0.96 |  1.00
        5212 |  0.81 |  0.96 |  1.08 |  0.96 |  0.99 |  0.96 |  1.00
        5212 |  0.81 |  0.96 |  1.08 |  0.96 |  0.99 |  0.96 |  1.00
        5212 |  0.81 |  0.96 |  1.08 |  0.96 |  0.99 |  0.96 |  1.00
        5213 |  1.05 |  1.01 |  0.91 |  0.92 |  0.92 |  0.96 |  0.98
        5213 |  1.05 |  1.01 |  0.91 |  0.92 |  0.92 |  0.96 |  0.98
        5213 |  1.05 |  1.01 |  0.91 |  0.92 |  0.92 |  0.96 |  0.98
        5213 |  1.05 |  1.01 |  0.91 |  0.92 |  0.92 |  0.96 |  0.98
        5213 |  1.05 |  1.01 |  0.91 |  0.92 |  0.92 |  0.96 |  0.98
        5213 |  1.05 |  1.01 |  0.91 |  0.92 |  0.92 |  0.96 |  0.98
        5213 |  1.05 |  1.01 |  0.91 |  0.92 |  0.92 |  0.96 |  0.98
        5213 |  1.05 |  1.01 |  0.91 |  0.92 |  0.92 |  0.96 |  0.98
        5213 |  1.05 |  1.01 |  0.91 |  0.92 |  0.92 |  0.96 |  0.98
        5213 |  1.05 |  1.01 |  0.91 |  0.92 |  0.92 |  0.96 |  0.98
        5213 |  1.05 |  1.01 |  0.91 |  0.92 |  0.92 |  0.96 |  0.98
        5213 |  1.05 |  1.01 |  0.91 |  0.92 |  0.92 |  0.96 |  0.98
        5213 |  1.05 |  1.01 |  0.91 |  0.92 |  0.92 |  0.96 |  0.98
        5213 |  1.05 |  1.01 |  0.91 |  0.92 |  0.92 |  0.96 |  0.98
        5213 |  1.05 |  1.01 |  0.91 |  0.92 |  0.92 |  0.96 |  0.98
        5213 |  1.05 |  1.01 |  0.91 |  0.92 |  0.92 |  0.96 |  0.98
        5213 |  1.05 |  1.01 |  0.91 |  0.92 |  0.92 |  0.96 |  0.98
        5213 |  1.05 |  1.01 |  0.91 |  0.92 |  0.92 |  0.96 |  0.98
        5213 |  1.05 |  1.01 |  0.91 |  0.92 |  0.92 |  0.96 |  0.98
        5213 |  1.05 |  1.01 |  0.91 |  0.92 |  0.92 |  0.96 |  0.98
        5213 |  1.05 |  1.01 |  0.91 |  0.92 |  0.92 |  0.96 |  0.98
        5213 |  1.05 |  1.01 |  0.91 |  0.92 |  0.92 |  0.96 |  0.98
        5213 |  1.05 |  1.01 |  0.91 |  0.92 |  0.92 |  0.96 |  0.98
        5213 |  1.05 |  1.01 |  0.91 |  0.92 |  0.92 |  0.96 |  0.98
        5213 |  1.05 |  1.01 |  0.91 |  0.92 |  0.92 |  0.96 |  0.98
        5213 |  1.05 |  1.01 |  0.91 |  0.92 |  0.92 |  0.96 |  0.98
        5213 |  1.05 |  1.01 |  0.91 |  0.92 |  0.92 |  0.96 |  0.98
        5213 |  1.05 |  1.01 |  0.91 |  0.92 |  0.92 |  0.96 |  0.98
        5213 |  1.05 |  1.01 |  0.91 |  0.92 |  0.92 |  0.96 |  0.98
        5213 |  1.05 |  1.01 |  0.91 |  0.92 |  0.92 |  0.96 |  0.98
        5213 |  1.05 |  1.01 |  0.91 |  0.92 |  0.92 |  0.96 |  0.98
        5213 |  1.05 |  1.01 |  0.91 |  0.92 |  0.92 |  0.96 |  0.98
        5213 |  1.05 |  1.01 |  0.91 |  0.92 |  0.92 |  0.96 |  0.98
        5213 |  1.05 |  1.01 |  0.91 |  0.92 |  0.92 |  0.96 |  0.98
        5213 |  1.05 |  1.01 |  0.91 |  0.92 |  0.92 |  0.96 |  0.98
        5213 |  1.05 |  1.01 |  0.91 |  0.92 |  0.92 |  0.96 |  0.98
        5213 |  1.05 |  1.01 |  0.91 |  0.92 |  0.92 |  0.96 |  0.98
        5213 |  1.05 |  1.01 |  0.91 |  0.92 |  0.92 |  0.96 |  0.98
        5213 |  1.05 |  1.01 |  0.91 |  0.92 |  0.92 |  0.96 |  0.98
        5213 |  1.05 |  1.01 |  0.91 |  0.92 |  0.92 |  0.96 |  0.98
        5213 |  1.05 |  1.01 |  0.91 |  0.92 |  0.92 |  0.96 |  0.98
        5213 |  1.05 |  1.01 |  0.91 |  0.92 |  0.92 |  0.96 |  0.98
        5213 |  1.05 |  1.01 |  0.91 |  0.92 |  0.92 |  0.96 |  0.98
        5213 |  1.05 |  1.01 |  0.91 |  0.92 |  0.92 |  0.96 |  0.98
        5213 |  1.05 |  1.01 |  0.91 |  0.92 |  0.92 |  0.96 |  0.98
        5213 |  1.05 |  1.01 |  0.91 |  0.92 |  0.92 |  0.96 |  0.98
        5213 |  1.05 |  1.01 |  0.91 |  0.92 |  0.92 |  0.96 |  0.98
        5213 |  1.05 |  1.01 |  0.91 |  0.92 |  0.92 |  0.96 |  0.98
        5213 |  1.05 |  1.01 |  0.91 |  0.92 |  0.92 |  0.96 |  0.98
        5214 |  0.97 |  1.09 |  1.07 |  0.98 |  0.93 |  0.98 |  0.99
        5214 |  0.97 |  1.09 |  1.07 |  0.98 |  0.93 |  0.98 |  0.99
        5214 |  0.97 |  1.09 |  1.07 |  0.98 |  0.93 |  0.98 |  0.99
        5214 |  0.97 |  1.09 |  1.07 |  0.98 |  0.93 |  0.98 |  0.99
        5214 |  0.97 |  1.09 |  1.07 |  0.98 |  0.93 |  0.98 |  0.99
        5214 |  0.97 |  1.09 |  1.07 |  0.98 |  0.93 |  0.98 |  0.99
        5214 |  0.97 |  1.09 |  1.07 |  0.98 |  0.93 |  0.98 |  0.99
        5214 |  0.97 |  1.09 |  1.07 |  0.98 |  0.93 |  0.98 |  0.99
        5214 |  0.97 |  1.09 |  1.07 |  0.98 |  0.93 |  0.98 |  0.99
        5214 |  0.97 |  1.09 |  1.07 |  0.98 |  0.93 |  0.98 |  0.99
        5214 |  0.97 |  1.09 |  1.07 |  0.98 |  0.93 |  0.98 |  0.99
        5214 |  0.97 |  1.09 |  1.07 |  0.98 |  0.93 |  0.98 |  0.99
        5214 |  0.97 |  1.09 |  1.07 |  0.98 |  0.93 |  0.98 |  0.99
        5214 |  0.97 |  1.09 |  1.07 |  0.98 |  0.93 |  0.98 |  0.99
        5214 |  0.97 |  1.09 |  1.07 |  0.98 |  0.93 |  0.98 |  0.99
        5214 |  0.97 |  1.09 |  1.07 |  0.98 |  0.93 |  0.98 |  0.99
        5214 |  0.97 |  1.09 |  1.07 |  0.98 |  0.93 |  0.98 |  0.99
        5214 |  0.97 |  1.09 |  1.07 |  0.98 |  0.93 |  0.98 |  0.99
        5214 |  0.97 |  1.09 |  1.07 |  0.98 |  0.93 |  0.98 |  0.99
        5214 |  0.97 |  1.09 |  1.07 |  0.98 |  0.93 |  0.98 |  0.99
        5214 |  0.97 |  1.09 |  1.07 |  0.98 |  0.93 |  0.98 |  0.99
        5214 |  0.97 |  1.09 |  1.07 |  0.98 |  0.93 |  0.98 |  0.99
        5214 |  0.97 |  1.09 |  1.07 |  0.98 |  0.93 |  0.98 |  0.99
        5214 |  0.97 |  1.09 |  1.07 |  0.98 |  0.93 |  0.98 |  0.99
        5214 |  0.97 |  1.09 |  1.07 |  0.98 |  0.93 |  0.98 |  0.99
        5214 |  0.97 |  1.09 |  1.07 |  0.98 |  0.93 |  0.98 |  0.99
        5214 |  0.97 |  1.09 |  1.07 |  0.98 |  0.93 |  0.98 |  0.99
        5214 |  0.97 |  1.09 |  1.07 |  0.98 |  0.93 |  0.98 |  0.99
        5214 |  0.97 |  1.09 |  1.07 |  0.98 |  0.93 |  0.98 |  0.99
        5214 |  0.97 |  1.09 |  1.07 |  0.98 |  0.93 |  0.98 |  0.99
        5214 |  0.97 |  1.09 |  1.07 |  0.98 |  0.93 |  0.98 |  0.99
        5214 |  0.97 |  1.09 |  1.07 |  0.98 |  0.93 |  0.98 |  0.99
        5214 |  0.97 |  1.09 |  1.07 |  0.98 |  0.93 |  0.98 |  0.99
        5214 |  0.97 |  1.09 |  1.07 |  0.98 |  0.93 |  0.98 |  0.99
        5214 |  0.97 |  1.09 |  1.07 |  0.98 |  0.93 |  0.98 |  0.99
        5214 |  0.97 |  1.09 |  1.07 |  0.98 |  0.93 |  0.98 |  0.99
        5214 |  0.97 |  1.09 |  1.07 |  0.98 |  0.93 |  0.98 |  0.99
        5214 |  0.97 |  1.09 |  1.07 |  0.98 |  0.93 |  0.98 |  0.99
        5214 |  0.97 |  1.09 |  1.07 |  0.98 |  0.93 |  0.98 |  0.99
        5214 |  0.97 |  1.09 |  1.07 |  0.98 |  0.93 |  0.98 |  0.99
        5214 |  0.97 |  1.09 |  1.07 |  0.98 |  0.93 |  0.98 |  0.99
        5214 |  0.97 |  1.09 |  1.07 |  0.98 |  0.93 |  0.98 |  0.99
        5214 |  0.97 |  1.09 |  1.07 |  0.98 |  0.93 |  0.98 |  0.99
        5214 |  0.97 |  1.09 |  1.07 |  0.98 |  0.93 |  0.98 |  0.99
        5214 |  0.97 |  1.09 |  1.07 |  0.98 |  0.93 |  0.98 |  0.99
        5214 |  0.97 |  1.09 |  1.07 |  0.98 |  0.93 |  0.98 |  0.99
        5214 |  0.97 |  1.09 |  1.07 |  0.98 |  0.93 |  0.98 |  0.99
        5214 |  0.97 |  1.09 |  1.07 |  0.98 |  0.93 |  0.98 |  0.99
        5214 |  0.97 |  1.09 |  1.07 |  0.98 |  0.93 |  0.98 |  0.99
        5215 |       |  1.06 |  1.09 |  1.02 |  1.04 |  0.93 |      
        5215 |       |  1.06 |  1.09 |  1.02 |  1.04 |  0.93 |      
        5215 |       |  1.06 |  1.09 |  1.02 |  1.04 |  0.93 |      
        5215 |       |  1.06 |  1.09 |  1.02 |  1.04 |  0.93 |      
        5215 |       |  1.06 |  1.09 |  1.02 |  1.04 |  0.93 |      
        5215 |       |  1.06 |  1.09 |  1.02 |  1.04 |  0.93 |      
        5215 |       |  1.06 |  1.09 |  1.02 |  1.04 |  0.93 |      
        5215 |       |  1.06 |  1.09 |  1.02 |  1.04 |  0.93 |      
        5215 |       |  1.06 |  1.09 |  1.02 |  1.04 |  0.93 |      
        5215 |       |  1.06 |  1.09 |  1.02 |  1.04 |  0.93 |      
        5215 |       |  1.06 |  1.09 |  1.02 |  1.04 |  0.93 |      
        5215 |       |  1.06 |  1.09 |  1.02 |  1.04 |  0.93 |      
        5215 |       |  1.06 |  1.09 |  1.02 |  1.04 |  0.93 |      
        5215 |       |  1.06 |  1.09 |  1.02 |  1.04 |  0.93 |      
        5215 |       |  1.06 |  1.09 |  1.02 |  1.04 |  0.93 |      
        5215 |       |  1.06 |  1.09 |  1.02 |  1.04 |  0.93 |      
        5215 |       |  1.06 |  1.09 |  1.02 |  1.04 |  0.93 |      
        5215 |       |  1.06 |  1.09 |  1.02 |  1.04 |  0.93 |      
        5215 |       |  1.06 |  1.09 |  1.02 |  1.04 |  0.93 |      
        5215 |       |  1.06 |  1.09 |  1.02 |  1.04 |  0.93 |      
        5215 |       |  1.06 |  1.09 |  1.02 |  1.04 |  0.93 |      
        5215 |       |  1.06 |  1.09 |  1.02 |  1.04 |  0.93 |      
        5215 |       |  1.06 |  1.09 |  1.02 |  1.04 |  0.93 |      
        5215 |       |  1.06 |  1.09 |  1.02 |  1.04 |  0.93 |      
        5215 |       |  1.06 |  1.09 |  1.02 |  1.04 |  0.93 |      
        5215 |       |  1.06 |  1.09 |  1.02 |  1.04 |  0.93 |      
        5215 |       |  1.06 |  1.09 |  1.02 |  1.04 |  0.93 |      
        5215 |       |  1.06 |  1.09 |  1.02 |  1.04 |  0.93 |      
        5215 |       |  1.06 |  1.09 |  1.02 |  1.04 |  0.93 |      
        5215 |       |  1.06 |  1.09 |  1.02 |  1.04 |  0.93 |      
        5215 |       |  1.06 |  1.09 |  1.02 |  1.04 |  0.93 |      
        5215 |       |  1.06 |  1.09 |  1.02 |  1.04 |  0.93 |      
        5215 |       |  1.06 |  1.09 |  1.02 |  1.04 |  0.93 |      
        5215 |       |  1.06 |  1.09 |  1.02 |  1.04 |  0.93 |      
        5215 |       |  1.06 |  1.09 |  1.02 |  1.04 |  0.93 |      
        5215 |       |  1.06 |  1.09 |  1.02 |  1.04 |  0.93 |      
        5215 |       |  1.06 |  1.09 |  1.02 |  1.04 |  0.93 |      
        5215 |       |  1.06 |  1.09 |  1.02 |  1.04 |  0.93 |      
        5215 |       |  1.06 |  1.09 |  1.02 |  1.04 |  0.93 |      
        5215 |       |  1.06 |  1.09 |  1.02 |  1.04 |  0.93 |      
        5215 |       |  1.06 |  1.09 |  1.02 |  1.04 |  0.93 |      
        5215 |       |  1.06 |  1.09 |  1.02 |  1.04 |  0.93 |      
        5215 |       |  1.06 |  1.09 |  1.02 |  1.04 |  0.93 |      
        5215 |       |  1.06 |  1.09 |  1.02 |  1.04 |  0.93 |      
        5215 |       |  1.06 |  1.09 |  1.02 |  1.04 |  0.93 |      
        5215 |       |  1.06 |  1.09 |  1.02 |  1.04 |  0.93 |      
        5215 |       |  1.06 |  1.09 |  1.02 |  1.04 |  0.93 |      
        5215 |       |  1.06 |  1.09 |  1.02 |  1.04 |  0.93 |      
        5215 |       |  1.06 |  1.09 |  1.02 |  1.04 |  0.93 |      
        5216 |  0.96 |  1.01 |  1.13 |  0.95 |  1.12 |  0.92 |  1.03
        5216 |  0.96 |  1.01 |  1.13 |  0.95 |  1.12 |  0.92 |  1.03
        5216 |  0.96 |  1.01 |  1.13 |  0.95 |  1.12 |  0.92 |  1.03
        5216 |  0.96 |  1.01 |  1.13 |  0.95 |  1.12 |  0.92 |  1.03
        5216 |  0.96 |  1.01 |  1.13 |  0.95 |  1.12 |  0.92 |  1.03
        5216 |  0.96 |  1.01 |  1.13 |  0.95 |  1.12 |  0.92 |  1.03
        5216 |  0.96 |  1.01 |  1.13 |  0.95 |  1.12 |  0.92 |  1.03
        5216 |  0.96 |  1.01 |  1.13 |  0.95 |  1.12 |  0.92 |  1.03
        5216 |  0.96 |  1.01 |  1.13 |  0.95 |  1.12 |  0.92 |  1.03
        5216 |  0.96 |  1.01 |  1.13 |  0.95 |  1.12 |  0.92 |  1.03
        5216 |  0.96 |  1.01 |  1.13 |  0.95 |  1.12 |  0.92 |  1.03
        5216 |  0.96 |  1.01 |  1.13 |  0.95 |  1.12 |  0.92 |  1.03
        5216 |  0.96 |  1.01 |  1.13 |  0.95 |  1.12 |  0.92 |  1.03
        5216 |  0.96 |  1.01 |  1.13 |  0.95 |  1.12 |  0.92 |  1.03
        5216 |  0.96 |  1.01 |  1.13 |  0.95 |  1.12 |  0.92 |  1.03
        5216 |  0.96 |  1.01 |  1.13 |  0.95 |  1.12 |  0.92 |  1.03
        5216 |  0.96 |  1.01 |  1.13 |  0.95 |  1.12 |  0.92 |  1.03
        5216 |  0.96 |  1.01 |  1.13 |  0.95 |  1.12 |  0.92 |  1.03
        5216 |  0.96 |  1.01 |  1.13 |  0.95 |  1.12 |  0.92 |  1.03
        5216 |  0.96 |  1.01 |  1.13 |  0.95 |  1.12 |  0.92 |  1.03
        5216 |  0.96 |  1.01 |  1.13 |  0.95 |  1.12 |  0.92 |  1.03
        5216 |  0.96 |  1.01 |  1.13 |  0.95 |  1.12 |  0.92 |  1.03
        5216 |  0.96 |  1.01 |  1.13 |  0.95 |  1.12 |  0.92 |  1.03
        5216 |  0.96 |  1.01 |  1.13 |  0.95 |  1.12 |  0.92 |  1.03
        5216 |  0.96 |  1.01 |  1.13 |  0.95 |  1.12 |  0.92 |  1.03
        5216 |  0.96 |  1.01 |  1.13 |  0.95 |  1.12 |  0.92 |  1.03
        5216 |  0.96 |  1.01 |  1.13 |  0.95 |  1.12 |  0.92 |  1.03
        5216 |  0.96 |  1.01 |  1.13 |  0.95 |  1.12 |  0.92 |  1.03
        5216 |  0.96 |  1.01 |  1.13 |  0.95 |  1.12 |  0.92 |  1.03
        5216 |  0.96 |  1.01 |  1.13 |  0.95 |  1.12 |  0.92 |  1.03
        5216 |  0.96 |  1.01 |  1.13 |  0.95 |  1.12 |  0.92 |  1.03
        5216 |  0.96 |  1.01 |  1.13 |  0.95 |  1.12 |  0.92 |  1.03
        5216 |  0.96 |  1.01 |  1.13 |  0.95 |  1.12 |  0.92 |  1.03
        5216 |  0.96 |  1.01 |  1.13 |  0.95 |  1.12 |  0.92 |  1.03
        5216 |  0.96 |  1.01 |  1.13 |  0.95 |  1.12 |  0.92 |  1.03
        5216 |  0.96 |  1.01 |  1.13 |  0.95 |  1.12 |  0.92 |  1.03
        5216 |  0.96 |  1.01 |  1.13 |  0.95 |  1.12 |  0.92 |  1.03
        5216 |  0.96 |  1.01 |  1.13 |  0.95 |  1.12 |  0.92 |  1.03
        5216 |  0.96 |  1.01 |  1.13 |  0.95 |  1.12 |  0.92 |  1.03
        5216 |  0.96 |  1.01 |  1.13 |  0.95 |  1.12 |  0.92 |  1.03
        5216 |  0.96 |  1.01 |  1.13 |  0.95 |  1.12 |  0.92 |  1.03
        5216 |  0.96 |  1.01 |  1.13 |  0.95 |  1.12 |  0.92 |  1.03
        5216 |  0.96 |  1.01 |  1.13 |  0.95 |  1.12 |  0.92 |  1.03
        5216 |  0.96 |  1.01 |  1.13 |  0.95 |  1.12 |  0.92 |  1.03
        5216 |  0.96 |  1.01 |  1.13 |  0.95 |  1.12 |  0.92 |  1.03
        5216 |  0.96 |  1.01 |  1.13 |  0.95 |  1.12 |  0.92 |  1.03
        5216 |  0.96 |  1.01 |  1.13 |  0.95 |  1.12 |  0.92 |  1.03
        5216 |  0.96 |  1.01 |  1.13 |  0.95 |  1.12 |  0.92 |  1.03
        5216 |  0.96 |  1.01 |  1.13 |  0.95 |  1.12 |  0.92 |  1.03
        5217 |  0.95 |  2.41 |  1.09 |  1.00 |  1.04 |  0.92 |  1.20
        5217 |  0.95 |  2.41 |  1.09 |  1.00 |  1.04 |  0.92 |  1.20
        5217 |  0.95 |  2.41 |  1.09 |  1.00 |  1.04 |  0.92 |  1.20
        5217 |  0.95 |  2.41 |  1.09 |  1.00 |  1.04 |  0.92 |  1.20
        5217 |  0.95 |  2.41 |  1.09 |  1.00 |  1.04 |  0.92 |  1.20
        5217 |  0.95 |  2.41 |  1.09 |  1.00 |  1.04 |  0.92 |  1.20
        5217 |  0.95 |  2.41 |  1.09 |  1.00 |  1.04 |  0.92 |  1.20
        5217 |  0.95 |  2.41 |  1.09 |  1.00 |  1.04 |  0.92 |  1.20
        5217 |  0.95 |  2.41 |  1.09 |  1.00 |  1.04 |  0.92 |  1.20
        5217 |  0.95 |  2.41 |  1.09 |  1.00 |  1.04 |  0.92 |  1.20
        5217 |  0.95 |  2.41 |  1.09 |  1.00 |  1.04 |  0.92 |  1.20
        5217 |  0.95 |  2.41 |  1.09 |  1.00 |  1.04 |  0.92 |  1.20
        5217 |  0.95 |  2.41 |  1.09 |  1.00 |  1.04 |  0.92 |  1.20
        5217 |  0.95 |  2.41 |  1.09 |  1.00 |  1.04 |  0.92 |  1.20
        5217 |  0.95 |  2.41 |  1.09 |  1.00 |  1.04 |  0.92 |  1.20
        5217 |  0.95 |  2.41 |  1.09 |  1.00 |  1.04 |  0.92 |  1.20
        5217 |  0.95 |  2.41 |  1.09 |  1.00 |  1.04 |  0.92 |  1.20
        5217 |  0.95 |  2.41 |  1.09 |  1.00 |  1.04 |  0.92 |  1.20
        5217 |  0.95 |  2.41 |  1.09 |  1.00 |  1.04 |  0.92 |  1.20
        5217 |  0.95 |  2.41 |  1.09 |  1.00 |  1.04 |  0.92 |  1.20
        5217 |  0.95 |  2.41 |  1.09 |  1.00 |  1.04 |  0.92 |  1.20
        5217 |  0.95 |  2.41 |  1.09 |  1.00 |  1.04 |  0.92 |  1.20
        5217 |  0.95 |  2.41 |  1.09 |  1.00 |  1.04 |  0.92 |  1.20
        5217 |  0.95 |  2.41 |  1.09 |  1.00 |  1.04 |  0.92 |  1.20
        5217 |  0.95 |  2.41 |  1.09 |  1.00 |  1.04 |  0.92 |  1.20
        5217 |  0.95 |  2.41 |  1.09 |  1.00 |  1.04 |  0.92 |  1.20
        5217 |  0.95 |  2.41 |  1.09 |  1.00 |  1.04 |  0.92 |  1.20
        5217 |  0.95 |  2.41 |  1.09 |  1.00 |  1.04 |  0.92 |  1.20
        5217 |  0.95 |  2.41 |  1.09 |  1.00 |  1.04 |  0.92 |  1.20
        5217 |  0.95 |  2.41 |  1.09 |  1.00 |  1.04 |  0.92 |  1.20
        5217 |  0.95 |  2.41 |  1.09 |  1.00 |  1.04 |  0.92 |  1.20
        5217 |  0.95 |  2.41 |  1.09 |  1.00 |  1.04 |  0.92 |  1.20
        5217 |  0.95 |  2.41 |  1.09 |  1.00 |  1.04 |  0.92 |  1.20
        5217 |  0.95 |  2.41 |  1.09 |  1.00 |  1.04 |  0.92 |  1.20
        5217 |  0.95 |  2.41 |  1.09 |  1.00 |  1.04 |  0.92 |  1.20
        5217 |  0.95 |  2.41 |  1.09 |  1.00 |  1.04 |  0.92 |  1.20
        5217 |  0.95 |  2.41 |  1.09 |  1.00 |  1.04 |  0.92 |  1.20
        5217 |  0.95 |  2.41 |  1.09 |  1.00 |  1.04 |  0.92 |  1.20
        5217 |  0.95 |  2.41 |  1.09 |  1.00 |  1.04 |  0.92 |  1.20
        5217 |  0.95 |  2.41 |  1.09 |  1.00 |  1.04 |  0.92 |  1.20
        5217 |  0.95 |  2.41 |  1.09 |  1.00 |  1.04 |  0.92 |  1.20
        5217 |  0.95 |  2.41 |  1.09 |  1.00 |  1.04 |  0.92 |  1.20
(2520 rows)

UPDATE time_statistics SET e_time = TRANSACTION_TIMESTAMP() WHERE template = '../query_postgresql/query2.tpl' AND stream = 5;
psql:/tmp/s1-basline/throughput/query_5.sql:674: NOTICE:  duration: 0.080 ms  plan:
Query Text: UPDATE time_statistics SET e_time = TRANSACTION_TIMESTAMP() WHERE template = '../query_postgresql/query2.tpl' AND stream = 5;
Update on time_statistics  (cost=0.00..15.87 rows=0 width=0) (actual time=0.080..0.080 rows=0 loops=1)
  ->  Seq Scan on time_statistics  (cost=0.00..15.87 rows=1 width=14) (actual time=0.042..0.066 rows=1 loops=1)
        Filter: ((template = '../query_postgresql/query2.tpl'::text) AND (stream = 5))
        Rows Removed by Filter: 559
UPDATE 1
LOAD 'auto_explain'; SET auto_explain.log_min_duration TO 0; SET auto_explain.log_analyze TO on; SET auto_explain.log_level TO notice; INSERT INTO time_statistics (template, s_time, stream, query, seed) VALUES ('query19.tpl', TRANSACTION_TIMESTAMP(), 5, 9, 2045506264);
LOAD
SET
SET
SET
psql:/tmp/s1-basline/throughput/query_5.sql:675: NOTICE:  duration: 0.009 ms  plan:
Query Text: INSERT INTO time_statistics (template, s_time, stream, query, seed) VALUES ('query19.tpl', TRANSACTION_TIMESTAMP(), 5, 9, 2045506264);
Insert on time_statistics  (cost=0.00..0.01 rows=0 width=0) (actual time=0.008..0.009 rows=0 loops=1)
  ->  Result  (cost=0.00..0.01 rows=1 width=64) (actual time=0.001..0.001 rows=1 loops=1)
INSERT 0 1
select  i_brand_id brand_id, i_brand brand, i_manufact_id, i_manufact,
 	sum(ss_ext_sales_price) ext_price
 from date_dim, store_sales, item,customer,customer_address,store
 where d_date_sk = ss_sold_date_sk
   and ss_item_sk = i_item_sk
   and i_manager_id=41
   and d_moy=12
   and d_year=2002
   and ss_customer_sk = c_customer_sk 
   and c_current_addr_sk = ca_address_sk
   and substr(ca_zip,1,5) <> substr(s_zip,1,5) 
   and ss_store_sk = s_store_sk 
 group by i_brand
      ,i_brand_id
      ,i_manufact_id
      ,i_manufact
 order by ext_price desc
         ,i_brand
         ,i_brand_id
         ,i_manufact_id
         ,i_manufact
limit 100 ;
psql:/tmp/s1-basline/throughput/query_5.sql:697: NOTICE:  duration: 53.830 ms  plan:
Query Text: select  i_brand_id brand_id, i_brand brand, i_manufact_id, i_manufact,
 	sum(ss_ext_sales_price) ext_price
 from date_dim, store_sales, item,customer,customer_address,store
 where d_date_sk = ss_sold_date_sk
   and ss_item_sk = i_item_sk
   and i_manager_id=41
   and d_moy=12
   and d_year=2002
   and ss_customer_sk = c_customer_sk 
   and c_current_addr_sk = ca_address_sk
   and substr(ca_zip,1,5) <> substr(s_zip,1,5) 
   and ss_store_sk = s_store_sk 
 group by i_brand
      ,i_brand_id
      ,i_manufact_id
      ,i_manufact
 order by ext_price desc
         ,i_brand
         ,i_brand_id
         ,i_manufact_id
         ,i_manufact
limit 100 ;
Limit  (cost=30175.91..30175.93 rows=9 width=118) (actual time=53.767..53.777 rows=73 loops=1)
  ->  Sort  (cost=30175.91..30175.93 rows=9 width=118) (actual time=53.766..53.771 rows=73 loops=1)
        Sort Key: (sum(store_sales.ss_ext_sales_price)) DESC, item.i_brand, item.i_brand_id, item.i_manufact_id, item.i_manufact
        Sort Method: quicksort  Memory: 44kB
        ->  GroupAggregate  (cost=30175.54..30175.77 rows=9 width=118) (actual time=53.515..53.743 rows=73 loops=1)
              Group Key: item.i_brand, item.i_brand_id, item.i_manufact_id, item.i_manufact
              ->  Sort  (cost=30175.54..30175.56 rows=9 width=118) (actual time=53.505..53.533 rows=687 loops=1)
                    Sort Key: item.i_brand, item.i_brand_id, item.i_manufact_id, item.i_manufact
                    Sort Method: quicksort  Memory: 132kB
                    ->  Nested Loop  (cost=1.31..30175.40 rows=9 width=118) (actual time=1.124..52.813 rows=687 loops=1)
                          Join Filter: (substr((customer_address.ca_zip)::text, 1, 5) <> substr((store.s_zip)::text, 1, 5))
                          Rows Removed by Join Filter: 16
                          ->  Nested Loop  (cost=1.02..30171.96 rows=10 width=137) (actual time=1.116..50.738 rows=703 loops=1)
                                ->  Nested Loop  (cost=0.73..30168.84 rows=10 width=137) (actual time=1.104..48.620 rows=713 loops=1)
                                      Join Filter: (store_sales.ss_store_sk = store.s_store_sk)
                                      Rows Removed by Join Filter: 3283
                                      ->  Nested Loop  (cost=0.73..30165.87 rows=11 width=134) (actual time=1.081..48.110 rows=737 loops=1)
                                            ->  Nested Loop  (cost=0.43..28931.81 rows=26337 width=142) (actual time=0.028..38.261 rows=26276 loops=1)
                                                  ->  Seq Scan on item  (cost=0.00..1481.00 rows=164 width=118) (actual time=0.018..8.942 rows=164 loops=1)
                                                        Filter: (i_manager_id = 41)
                                                        Rows Removed by Filter: 17836
                                                  ->  Index Scan using pk_store_sales on store_sales  (cost=0.43..165.63 rows=175 width=40) (actual time=0.005..0.154 rows=160 loops=164)
                                                        Index Cond: (ss_item_sk = item.i_item_sk)
                                            ->  Memoize  (cost=0.30..0.33 rows=1 width=8) (actual time=0.000..0.000 rows=0 loops=26276)
                                                  Cache Key: store_sales.ss_sold_date_sk
                                                  Cache Mode: logical
                                                  Hits: 24471  Misses: 1805  Evictions: 0  Overflows: 0  Memory Usage: 129kB
                                                  ->  Index Scan using pk_date_dim on date_dim  (cost=0.29..0.32 rows=1 width=8) (actual time=0.001..0.001 rows=0 loops=1805)
                                                        Index Cond: (d_date_sk = store_sales.ss_sold_date_sk)
                                                        Filter: ((d_moy = 12) AND (d_year = 2002))
                                                        Rows Removed by Filter: 1
                                      ->  Materialize  (cost=0.00..1.18 rows=12 width=19) (actual time=0.000..0.000 rows=5 loops=737)
                                            ->  Seq Scan on store  (cost=0.00..1.12 rows=12 width=19) (actual time=0.002..0.006 rows=12 loops=1)
                                ->  Index Scan using pk_customer on customer  (cost=0.29..0.31 rows=1 width=16) (actual time=0.003..0.003 rows=1 loops=713)
                                      Index Cond: (c_customer_sk = store_sales.ss_customer_sk)
                          ->  Index Scan using pk_customer_address on customer_address  (cost=0.29..0.32 rows=1 width=19) (actual time=0.002..0.002 rows=1 loops=703)
                                Index Cond: (ca_address_sk = customer.c_current_addr_sk)
 brand_id |                       brand                        | i_manufact_id |                     i_manufact                     |     ext_price      
----------+----------------------------------------------------+---------------+----------------------------------------------------+--------------------
  8003003 | exportibrand #4                                    |           280 | bareingable                                        |  47161.51999999999
  1003002 | exportiamalg #2                                    |           593 | prin stanti                                        |            39908.7
 10007012 | edu packamalgamalg #14                             |           179 | n stationought                                     |            38936.1
  2002002 | amalgexporti #1                                    |           189 | n stableable                                       | 38015.350000000006
  8011007 | scholaramalgamalg #16                              |           403 | antiation                                          |           37430.33
  3002002 | edu packexporti #1                                 |           451 | ableeingcally                                      |           34065.84
  3001001 | amalgexporti #1                                    |           197 | ationn stought                                     |           31155.49
  6003003 | exporticorp #3                                     |           522 | baroughtanti                                       | 29848.820000000003
  3003001 | amalgamalgamalg #6                                 |           560 | barcallyanti                                       |            29455.1
  7001007 | maximaxi #4                                        |            22 | ableable                                           |           29255.42
  2001002 | amalgimporto #2                                    |           377 | callycallyable                                     |           28901.76
  3002002 | importoexporti #2                                  |           177 | ationationought                                    |           28545.06
  8004006 | edu packnameless #6                                |           282 | esecallyable                                       | 27739.239999999998
  1004002 | edu packamalg #2                                   |           122 | ableableought                                      |           26993.12
  4002002 | importoedu pack #2                                 |           704 | esebaration                                        |           26401.05
  5002002 | importoscholar #2                                  |           303 | pribarpri                                          | 25744.780000000002
  8012008 | importomaxi #8                                     |           656 | callyantically                                     |           25675.39
  7008001 | namelessbrand #1                                   |           894 | esen steing                                        |           25468.91
  5003002 | exportischolar #2                                  |            26 | callyable                                          |           24471.89
  2004001 | edu packcorp #6                                    |           272 | ableationable                                      |           24002.25
  1002002 | importoamalg #2                                    |           613 | prioughtcally                                      |           23928.44
  4002002 | importoedu pack #2                                 |            46 | oughtableable                                      |           23427.79
 10013011 | exportiamalgamalg #11                              |           215 | antioughtable                                      | 23414.070000000003
  1002002 | importoamalg #2                                    |            28 | eingable                                           |           23235.65
  4002001 | exportischolar #2                                  |            12 | ableought                                          | 22983.660000000003
 10016015 | corpamalgamalg #15                                 |           203 | pribarable                                         |           22303.19
  1002002 | importoamalg #2                                    |           327 | ationablepri                                       | 21872.359999999997
  8007008 | brandnameless #8                                   |           445 | antieseese                                         |           21851.63
  8003010 | edu packexporti #1                                 |           918 | eingoughtn st                                      |            21092.2
  3003002 | exportiexporti #2                                  |           204 | esebarable                                         |           20483.86
  3003002 | exportiexporti #2                                  |            13 | prioughtpri                                        |           20257.42
  5001002 | amalgscholar #2                                    |           328 | eingablepri                                        | 20174.680000000004
  7014006 | edu packnameless #6                                |            42 | eseableought                                       |           19913.58
  9007001 | brandmaxi #1                                       |           863 | pricallyeing                                       |           19852.39
  1001001 | amalgamalg #1                                      |           163 | pricallyought                                      | 18624.739999999998
  4003002 | namelessnameless #9                                |           321 | oughtablepri                                       |           18548.58
  4003001 | exportiedu pack #1                                 |           193 | prin stought                                       |           18229.97
  1003001 | importomaxi #7                                     |           685 | callyableable                                      |           17980.59
  3003001 | exportiexporti #1                                  |           767 | ationcallyation                                    |           17634.76
  4001001 | amalgexporti #1                                    |           136 | callypriought                                      |           16937.14
  2001001 | exportimaxi #4                                     |           133 | pripriought                                        |           16727.71
  7015010 | scholarnameless #10                                |           629 | n stbarpri                                         | 15179.879999999997
  3004002 | edu packexporti #2                                 |           152 | ableantiought                                      | 15107.669999999998
  3004002 | edu packexporti #2                                 |           217 | ationoughtable                                     |           14971.78
  2002001 | edu packimporto #2                                 |           227 | ationableable                                      |           14472.82
  2003002 | exportiimporto #2                                  |           138 | eingpriought                                       |            14422.2
  5004002 | edu packscholar #2                                 |           342 | antically                                          | 14140.049999999997
  3004001 | edu packexporti #1                                 |            82 | ableeing                                           | 12930.020000000002
  7012008 | importonameless #8                                 |           116 | callyoughtought                                    |            12268.5
  6004006 | edu packcorp #6                                    |           337 | ationpripri                                        |           12154.84
 10013002 | exportiamalgamalg #2                               |            48 | eingese                                            |            12145.2
  7016008 | corpnameless #8                                    |           241 | oughteseable                                       |           11522.25
  8004001 | edu packnameless #1                                |            85 | oughteingought                                     | 11330.880000000001
  9014009 | brandmaxi #10                                      |           256 | callyantiable                                      |           11177.92
 10006002 | corpunivamalg #2                                   |            37 | ationpri                                           |            11048.4
  3001002 | corpbrand #3                                       |            28 | eingable                                           |            10631.7
 10012006 | importoamalgamalg #6                               |           283 | prieingable                                        | 10626.109999999999
  3004001 | edu packexporti #1                                 |            47 | pricallyable                                       |           10302.03
  5002001 | amalgscholar #2                                    |           374 | eseationpri                                        |           10273.55
  5003002 | exportischolar #2                                  |           159 | n stantiought                                      |           10068.79
  5004002 | edu packscholar #2                                 |           340 | baresepri                                          |            9624.86
  5003002 | exportischolar #2                                  |           372 | ableationpri                                       |            9587.33
  1004001 | amalgamalg #2                                      |           947 | eseeingought                                       |             9169.4
 10007004 | brandunivamalg #4                                  |           128 | eingableought                                      |            8729.83
  2004001 | edu packexporti #2                                 |            58 | einganti                                           |            8572.66
  6014004 | edu packbrand #4                                   |           871 | oughtationeing                                     |            8368.31
  3002002 | importoexporti #2                                  |           142 | ableeseought                                       |            8339.06
  9002008 | importomaxi #8                                     |           141 | oughteseought                                      |            8285.42
  1003001 | exportiamalg #1                                    |           122 | ableableought                                      |  8263.220000000001
  9002008 | importomaxi #8                                     |           756 | callyantiation                                     |  7899.329999999999
  4003002 | exportiedu pack #2                                 |           840 | bareseeing                                         |  6856.199999999999
  5003002 | exportischolar #2                                  |           575 | prin stought                                       |            4770.13
  5001001 | amalgscholar #1                                    |           178 | esebarcally                                        | 3723.7200000000003
(73 rows)

UPDATE time_statistics SET e_time = TRANSACTION_TIMESTAMP() WHERE template = 'query19.tpl' AND stream = 5;
psql:/tmp/s1-basline/throughput/query_5.sql:699: NOTICE:  duration: 0.089 ms  plan:
Query Text: UPDATE time_statistics SET e_time = TRANSACTION_TIMESTAMP() WHERE template = 'query19.tpl' AND stream = 5;
Update on time_statistics  (cost=0.00..15.87 rows=0 width=0) (actual time=0.088..0.088 rows=0 loops=1)
  ->  Seq Scan on time_statistics  (cost=0.00..15.87 rows=1 width=14) (actual time=0.046..0.072 rows=1 loops=1)
        Filter: ((template = 'query19.tpl'::text) AND (stream = 5))
        Rows Removed by Filter: 560
UPDATE 1
LOAD 'auto_explain'; SET auto_explain.log_min_duration TO 0; SET auto_explain.log_analyze TO on; SET auto_explain.log_level TO notice; INSERT INTO time_statistics (template, s_time, stream, query, seed) VALUES ('query65.tpl', TRANSACTION_TIMESTAMP(), 5, 10, 1905557872);
LOAD
SET
SET
SET
psql:/tmp/s1-basline/throughput/query_5.sql:700: NOTICE:  duration: 0.008 ms  plan:
Query Text: INSERT INTO time_statistics (template, s_time, stream, query, seed) VALUES ('query65.tpl', TRANSACTION_TIMESTAMP(), 5, 10, 1905557872);
Insert on time_statistics  (cost=0.00..0.01 rows=0 width=0) (actual time=0.008..0.008 rows=0 loops=1)
  ->  Result  (cost=0.00..0.01 rows=1 width=64) (actual time=0.001..0.002 rows=1 loops=1)
INSERT 0 1
select 
	s_store_name,
	i_item_desc,
	sc.revenue,
	i_current_price,
	i_wholesale_cost,
	i_brand
 from store, item,
     (select ss_store_sk, avg(revenue) as ave
 	from
 	    (select  ss_store_sk, ss_item_sk, 
 		     sum(ss_sales_price) as revenue
 		from store_sales, date_dim
 		where ss_sold_date_sk = d_date_sk and d_month_seq between 1184 and 1184+11
 		group by ss_store_sk, ss_item_sk) sa
 	group by ss_store_sk) sb,
     (select  ss_store_sk, ss_item_sk, sum(ss_sales_price) as revenue
 	from store_sales, date_dim
 	where ss_sold_date_sk = d_date_sk and d_month_seq between 1184 and 1184+11
 	group by ss_store_sk, ss_item_sk) sc
 where sb.ss_store_sk = sc.ss_store_sk and 
       sc.revenue <= 0.1 * sb.ave and
       s_store_sk = sc.ss_store_sk and
       i_item_sk = sc.ss_item_sk
 order by s_store_name, i_item_desc
limit 100;
psql:/tmp/s1-basline/throughput/query_5.sql:726: NOTICE:  duration: 1048.885 ms  plan:
Query Text: select 
	s_store_name,
	i_item_desc,
	sc.revenue,
	i_current_price,
	i_wholesale_cost,
	i_brand
 from store, item,
     (select ss_store_sk, avg(revenue) as ave
 	from
 	    (select  ss_store_sk, ss_item_sk, 
 		     sum(ss_sales_price) as revenue
 		from store_sales, date_dim
 		where ss_sold_date_sk = d_date_sk and d_month_seq between 1184 and 1184+11
 		group by ss_store_sk, ss_item_sk) sa
 	group by ss_store_sk) sb,
     (select  ss_store_sk, ss_item_sk, sum(ss_sales_price) as revenue
 	from store_sales, date_dim
 	where ss_sold_date_sk = d_date_sk and d_month_seq between 1184 and 1184+11
 	group by ss_store_sk, ss_item_sk) sc
 where sb.ss_store_sk = sc.ss_store_sk and 
       sc.revenue <= 0.1 * sb.ave and
       s_store_sk = sc.ss_store_sk and
       i_item_sk = sc.ss_item_sk
 order by s_store_name, i_item_desc
limit 100;
Limit  (cost=189049.93..189050.18 rows=100 width=182) (actual time=970.897..1048.797 rows=100 loops=1)
  ->  Sort  (cost=189049.93..189050.64 rows=284 width=182) (actual time=970.896..1048.790 rows=100 loops=1)
        Sort Key: store.s_store_name, item.i_item_desc
        Sort Method: quicksort  Memory: 66kB
        ->  Nested Loop  (cost=185077.40..189039.08 rows=284 width=182) (actual time=802.240..1048.643 rows=131 loops=1)
              ->  Merge Join  (cost=185077.11..188923.82 rows=284 width=21) (actual time=802.218..1048.175 rows=131 loops=1)
                    Merge Cond: (store_sales.ss_store_sk = store_sales_1.ss_store_sk)
                    Join Filter: ((sum(store_sales.ss_sales_price)) <= ('0.1'::double precision * (avg((sum(store_sales_1.ss_sales_price))))))
                    Rows Removed by Join Filter: 53863
                    ->  Finalize GroupAggregate  (cost=92537.89..94254.67 rows=14215 width=24) (actual time=384.392..554.299 rows=53995 loops=1)
                          Group Key: store_sales.ss_store_sk, store_sales.ss_item_sk
                          ->  Gather Merge  (cost=92537.89..94023.67 rows=11846 width=24) (actual time=384.385..532.406 rows=155998 loops=1)
                                Workers Planned: 2
                                Workers Launched: 2
                                ->  Partial GroupAggregate  (cost=91537.87..91656.33 rows=5923 width=24) (actual time=359.192..404.398 rows=53051 loops=3)
                                      Group Key: store_sales.ss_store_sk, store_sales.ss_item_sk
                                      ->  Sort  (cost=91537.87..91552.67 rows=5923 width=24) (actual time=359.182..372.571 rows=180171 loops=3)
                                            Sort Key: store_sales.ss_store_sk, store_sales.ss_item_sk
                                            Sort Method: external merge  Disk: 6392kB
                                            Worker 0:  Sort Method: quicksort  Memory: 15491kB
                                            Worker 1:  Sort Method: quicksort  Memory: 15573kB
                                            ->  Hash Join  (cost=2505.43..91166.73 rows=5923 width=24) (actual time=13.330..260.259 rows=183215 loops=3)
                                                  Hash Cond: (store_sales.ss_sold_date_sk = date_dim.d_date_sk)
                                                  ->  Parallel Seq Scan on store_sales  (cost=0.00..85499.45 rows=1204445 width=32) (actual time=0.015..126.831 rows=948150 loops=3)
                                                  ->  Hash  (cost=2500.73..2500.73 rows=376 width=8) (actual time=13.267..13.268 rows=365 loops=3)
                                                        Buckets: 1024  Batches: 1  Memory Usage: 23kB
                                                        ->  Seq Scan on date_dim  (cost=0.00..2500.73 rows=376 width=8) (actual time=6.283..13.221 rows=365 loops=3)
                                                              Filter: ((d_month_seq >= 1184) AND (d_month_seq <= 1195))
                                                              Rows Removed by Filter: 72684
                    ->  Materialize  (cost=92539.22..94474.44 rows=12 width=29) (actual time=397.557..484.823 rows=44995 loops=1)
                          ->  Merge Join  (cost=92539.22..94474.41 rows=12 width=29) (actual time=397.554..482.886 rows=6 loops=1)
                                Merge Cond: (store.s_store_sk = store_sales_1.ss_store_sk)
                                ->  Sort  (cost=1.34..1.37 rows=12 width=13) (actual time=0.018..0.020 rows=11 loops=1)
                                      Sort Key: store.s_store_sk
                                      Sort Method: quicksort  Memory: 25kB
                                      ->  Seq Scan on store  (cost=0.00..1.12 rows=12 width=13) (actual time=0.008..0.010 rows=12 loops=1)
                                ->  GroupAggregate  (cost=92537.89..94470.39 rows=200 width=16) (actual time=397.533..482.859 rows=7 loops=1)
                                      Group Key: store_sales_1.ss_store_sk
                                      ->  Finalize GroupAggregate  (cost=92537.89..94254.67 rows=14215 width=24) (actual time=381.511..477.480 rows=60922 loops=1)
                                            Group Key: store_sales_1.ss_store_sk, store_sales_1.ss_item_sk
                                            ->  Gather Merge  (cost=92537.89..94023.67 rows=11846 width=24) (actual time=381.502..453.701 rows=166272 loops=1)
                                                  Workers Planned: 2
                                                  Workers Launched: 2
                                                  ->  Partial GroupAggregate  (cost=91537.87..91656.33 rows=5923 width=24) (actual time=358.890..403.789 rows=55424 loops=3)
                                                        Group Key: store_sales_1.ss_store_sk, store_sales_1.ss_item_sk
                                                        ->  Sort  (cost=91537.87..91552.67 rows=5923 width=24) (actual time=358.880..371.079 rows=183215 loops=3)
                                                              Sort Key: store_sales_1.ss_store_sk, store_sales_1.ss_item_sk
                                                              Sort Method: external merge  Disk: 6328kB
                                                              Worker 0:  Sort Method: quicksort  Memory: 15596kB
                                                              Worker 1:  Sort Method: quicksort  Memory: 15602kB
                                                              ->  Hash Join  (cost=2505.43..91166.73 rows=5923 width=24) (actual time=13.557..257.237 rows=183215 loops=3)
                                                                    Hash Cond: (store_sales_1.ss_sold_date_sk = date_dim_1.d_date_sk)
                                                                    ->  Parallel Seq Scan on store_sales store_sales_1  (cost=0.00..85499.45 rows=1204445 width=32) (actual time=0.015..123.794 rows=948150 loops=3)
                                                                    ->  Hash  (cost=2500.73..2500.73 rows=376 width=8) (actual time=13.493..13.494 rows=365 loops=3)
                                                                          Buckets: 1024  Batches: 1  Memory Usage: 23kB
                                                                          ->  Seq Scan on date_dim date_dim_1  (cost=0.00..2500.73 rows=376 width=8) (actual time=6.303..13.447 rows=365 loops=3)
                                                                                Filter: ((d_month_seq >= 1184) AND (d_month_seq <= 1195))
                                                                                Rows Removed by Filter: 72684
              ->  Index Scan using pk_item on item  (cost=0.29..0.41 rows=1 width=177) (actual time=0.003..0.003 rows=1 loops=131)
                    Index Cond: (i_item_sk = store_sales.ss_item_sk)
 s_store_name |                                                                                               i_item_desc                                                                                                |      revenue       | i_current_price | i_wholesale_cost |                      i_brand                       
--------------+----------------------------------------------------------------------------------------------------------------------------------------------------------------------------------------------------------+--------------------+-----------------+------------------+----------------------------------------------------
 able         | Days tell past others                                                                                                                                                                                    |              11.43 |            1.18 |             0.64 | scholarnameless #8                                
 able         | Dependent techniques develop more welsh, social pl                                                                                                                                                       |              36.31 |            1.79 |             0.91 | scholarbrand #4                                   
 able         | Deputies will ta                                                                                                                                                                                         |              21.61 |            9.97 |             4.48 | amalgamalg #1                                     
 able         | Expensive areas recognise ashamed years; runni                                                                                                                                                           | 25.980000000000004 |            7.53 |             3.99 | edu packimporto #2                                
 able         | I                                                                                                                                                                                                        | 35.089999999999996 |            3.63 |             1.63 | exportiamalg #2                                   
 able         | Irish readers must look temporarily minute, golden features. E                                                                                                                                           |              28.78 |            6.04 |             4.89 | exportiedu pack #1                                
 able         | Late required colleges might prove. Impossible, single visitors concentrate. Unusual, severe men put                                                                                                     |              32.97 |            0.85 |             0.68 | edu packexporti #1                                
 able         | Magistrates face. American forms ought to take still great, whole languages. All mean                                                                                                                    |              31.44 |            3.68 |             2.28 | importocorp #1                                    
 able         | More accur                                                                                                                                                                                               |              22.22 |            2.08 |             1.26 | maxinameless #3                                   
 able         | National flowers take as well liable characters; eyes resume also already obvious measurements. Human police look almost therefore similar comp                                                          | 24.029999999999998 |            0.89 |             0.56 | exportibrand #3                                   
 able         | Now heavy issues sue weapons. Changes stand still late railways. Conventions require increased, short stairs; liberal, certain hours can include just possible children. Right interests r               |               13.8 |            2.07 |             1.36 | brandmaxi #3                                      
 able         | Others could call publicly. Togethe                                                                                                                                                                      |              20.41 |            4.43 |             3.98 | exportiimporto #1                                 
 able         | Papers used to make also. Rather specific effects like then for the years. Books must know for example benefits. Duties should not compare square, small letters. Present links will hit with the incide |              20.78 |            1.23 |             0.57 | edu packscholar #1                                
 able         | Public systems obtain to a companies. Major foods will go systems; persistent, capitalist railways go as to a                                                                                            |              29.81 |            2.79 |             2.48 | importoamalg #1                                   
 able         | Reactions                                                                                                                                                                                                | 31.099999999999998 |            0.91 |              0.3 | amalgmaxi #2                                      
 able         | Reasonable boots cannot start possibly basic floors. Other, good suppliers must mean instead. Alone, little                                                                                              |              33.69 |            2.77 |              1.8 | importoamalg #2                                   
 able         | Social, usual directors                                                                                                                                                                                  |              20.71 |            8.45 |             6.92 | exportibrand #4                                   
 able         | Soviet conditions recruit then here young emissions. Personal, good songs hold past soviet, head days. Alone big grounds ought                                                                           |              32.78 |           56.52 |            20.91 | exportiimporto #2                                 
 able         | Thanks sleep only from a rights. Grossly good possibilities may treat later chief, practical services. Constitutional, early days will help long                                                         |               0.36 |            6.94 |             4.71 | amalgmaxi #7                                      
 able         | Western, possible men talk meanwhile like heads. Rights will not worry actually parts. Encouraging, conventional circumstances give quite. Members could not wriggle at a me                             |              34.93 |            0.94 |              0.4 | amalgedu pack #1                                  
 able         | Wives understand nicely small figures. Big facilities feel nevertheless rural, new eyes. Quite early prices can investigate changes; difficult engines can make golden lines. Faint                      | 31.950000000000003 |            4.96 |             1.53 | univunivamalg #11                                 
 able         |                                                                                                                                                                                                          |              34.03 |                 |                  | 
 ation        | Children run just others. Key, violent comparisons show usually at least fast applicants. Also upper pupils should allow aggressively funny unknown costs. Structures cannot devel                       |              16.75 |            3.39 |             1.59 | scholarunivamalg #5                               
 ation        | Conservatives run too asleep numbers. Best valid benefits provide best individuals; necessarily political bill                                                                                           | 28.869999999999997 |            5.42 |             4.71 | importoscholar #1                                 
 ation        | Criminal, different wings look hardly hard bodies. So strong bands must invest high parents. Ext                                                                                                         | 32.449999999999996 |            8.16 |             5.46 | corpamalgamalg #12                                
 ation        | Easy, emotional observers may market leading, extra pp.; sciences work as available years. Forthcoming accounts interpret about different equations; today assistant qualities a                         |               31.6 |            3.23 |             2.22 | exportiimporto #1                                 
 ation        | Full, criminal concerns catch often especially good lights. Altogether young books ought to like with a authorities. Well various sales ought                                                            | 12.329999999999998 |            0.14 |              0.1 | univunivamalg #2                                  
 ation        | However new dates say even attempts; here social gaps may work administrative groups. Central, powerful systems know only prime muscles. Just strong problems c                                          |              28.11 |            5.47 |             4.37 | edu packunivamalg #5                              
 ation        | Large, primitive years used to present scottish sessions. Waves must take pregnant subjects. Pre                                                                                                         | 31.199999999999996 |            1.17 |             0.65 | importoexporti #1                                 
 ation        | New, common environments enquire so by a ways. New, other quantities should like so meetings; british, regular ty                                                                                        |              27.02 |            0.14 |             0.04 | exportiedu pack #1                                
 ation        | New, convenient colonies may not affect areas; under above adults say locally for a waves. Single, late mi                                                                                               |              36.61 |             0.2 |             0.15 | importobrand #1                                   
 ation        | Possible, necessary merchants become annual, high papers. Sessions might not take. Nearly sacred arrangements should reside then r                                                                       |              16.39 |            1.12 |             0.78 | corpmaxi #10                                      
 ation        | Ready, ide                                                                                                                                                                                               |              32.91 |            8.83 |             4.15 | importoedu pack #2                                
 ation        | Social, competitive obligations used to take so high, particular priests. General, democratic systems should recover degrees                                                                             |               7.46 |            5.15 |             4.53 | amalgscholar #2                                   
 ation        | Social, possible papers may learn now interesting factors. Subjects visit ideal proport                                                                                                                  |              16.92 |             1.5 |             0.66 | edu packscholar #1                                
 ation        | White lakes hold pictures. Bad, old questions prefer for a sta                                                                                                                                           |              30.28 |            5.22 |             4.12 | edu packbrand #3                                  
 bar          | Additional, social benefits must explain sometime good authori                                                                                                                                           | 4.8500000000000005 |           84.31 |            61.54 | edu packbrand #2                                  
 bar          | Affairs shall not fill old, r                                                                                                                                                                            |              33.22 |            3.79 |             3.03 | namelesscorp #6                                   
 bar          | Arrangements could hurt particularly broken, rich designs. Ways mi                                                                                                                                       |              16.93 |            4.45 |             2.62 | amalgamalg #1                                     
 bar          | At least great offenders surrender usually drinks. Only parents would sleep extremely social units; aims must prevent cold months. Less economic police rule experiences. Yet                            |              36.67 |            3.14 |             2.32 | exporticorp #4                                    
 bar          | Endless, top feet might not take only military, old questions. Good, white toys would put so past, statutory characters. Given, critical quantities disrup                                               |              30.94 |            1.73 |             1.33 | scholarnameless #7                                
 bar          | Firm, bloody things answer instrum                                                                                                                                                                       | 28.869999999999997 |             3.9 |             2.06 | importoedu pack #2                                
 bar          | Flat, white families reca                                                                                                                                                                                | 30.599999999999998 |            3.17 |              1.9 | amalgunivamalg #2                                 
 bar          | Good, short nerves present immediate reports; academic colleges prove eastern men.                                                                                                                       |              23.93 |            1.93 |                1 | corpunivamalg #2                                  
 bar          | Great buses get local, key yards; top, systematic days account in a times. However bad views arrive other budgets. Pleasant, l                                                                           | 32.709999999999994 |           26.39 |            12.93 | amalgimporto #2                                   
 bar          | Married, annual times could come of course once mysterious trustees. Grand, different police require systems; t                                                                                          |              10.65 |            5.41 |             1.89 | importoamalg #2                                   
 bar          | More different patien                                                                                                                                                                                    |              34.13 |            4.09 |             3.06 | edu packamalgamalg #4                             
 bar          | Overal                                                                                                                                                                                                   |              25.55 |            9.25 |             6.93 | importoamalg #2                                   
 bar          | Practitioners argu                                                                                                                                                                                       | 33.699999999999996 |            0.96 |             0.67 | scholarbrand #1                                   
 bar          | Questions change otherwise sharp, important times. Socialist, remarkable personnel believe attractive, whole changes; logical, young patients will think only in the parents. Very me                    |              22.04 |            1.46 |             0.64 | importoedu pack #1                                
 bar          | Quickly trying proceedings treat often only methods. Just wrong proceedin                                                                                                                                | 28.589999999999996 |            2.29 |             0.77 | edu packnameless #3                               
 bar          | Royal tales must go effectively somewhere labour ideas. Weekly, actual ways lie lovely mil                                                                                                               |              30.85 |            1.64 |             0.98 | univunivamalg #2                                  
 bar          | Small, strong trees balance rates. Little educational cars shall select political years. Formal, elderly steps                                                                                           |              32.37 |            9.29 |             8.17 | amalgcorp #3                                      
 bar          | Sources may not examine. Seldom sound s                                                                                                                                                                  |              26.78 |            2.92 |             1.19 | amalgmaxi #9                                      
 bar          | Sources provide effective, unable institutions                                                                                                                                                           | 28.299999999999997 |            6.07 |             4.55 | scholaramalgamalg #9                              
 bar          | Spatial, good managers could fulfil much spare, implicit visitors. Also local pupils may not bring fundamentally. Constitutional, recent projects move in a con                                          | 29.740000000000002 |            7.56 |             4.08 | brandnameless #7                                  
 bar          | Thoughts may effect more boring relationships. Posts want by a parts; parts cannot read also positive reports. Literal                                                                                   |              14.74 |            0.36 |              0.2 | exporticorp #1                                    
 bar          | Tragic, difficult purposes portray red, single actors; light police take never from a weeks; chinese friends benefit later previous aims. Standards used to give remarkab                                |              30.44 |            5.52 |             3.97 | amalgimporto #1                                   
 bar          | Women activate common, essential schools. Human, small interactions estimate more moving pictures. Countries must not know often plans. Prime, internal eyes ought to suggest la                         |              34.72 |             9.4 |             7.14 | importoamalg #1                                   
 bar          | Years encounter soon specific, creative arrangements; cl                                                                                                                                                 |              10.63 |              91 |            44.59 | amalgedu pack #1                                  
 bar          | Young criteria join including a things. Too lovely visitors get sufficient, local notions. Quiet experiences offer looks. Emotions continue fast previous companies. Existing, relevant neighbours wo    |              18.97 |            33.2 |             16.6 | importoimporto #2                                 
 eing         | Able, appropriate agreements hire negative, black elements. Essen                                                                                                                                        |              32.57 |            1.03 |              0.4 | edu packimporto #1                                
 eing         | Actively able proteins shall not ensure over. Necessary, acute controls will stay free, convenient cours                                                                                                 |               5.75 |            3.39 |              2.1 | exportiedu pack #1                                
 eing         | Acute, english clients tell foreign, large boxes. Remarkably black stores form ever effects. Very fair goods give occasionally enough open months. Numbers slip                                          |                 30 |            1.15 |             0.54 | importoscholar #1                                 
 eing         | Away psychiatric bars help very conventional workers. Broad, christian activities might see overall easy, separate changes; corporate                                                                    |              21.59 |           28.33 |            14.44 | amalgmaxi #9                                      
 eing         | Conservative, thin shops provide too sorry,                                                                                                                                                              | 19.759999999999998 |               2 |             1.72 | edu packmaxi #3                                   
 eing         | Current, liberal directors give late. Never roman factors stem. Base buildings ought to establish again very small years. Substantially nuclear years hear ultimate dollars. True, chem                  |              26.13 |           20.85 |             6.46 | importoedu pack #1                                
 eing         | Finally active lengths come once more techniques; leaders shall not make all the same good pi                                                                                                            |              34.66 |            9.18 |             4.68 | univunivamalg #8                                  
 eing         | Full, national implications may give often to the patients                                                                                                                                               |              30.03 |            9.18 |             7.43 | edu packimporto #1                                
 eing         | Heroes shall protect hard, outside cuts. Rarely unlikely hours say complex months; difficult, fundamental sounds would try quite far political managers. Japanese m                                      |              27.75 |            4.81 |             3.79 | importobrand #5                                   
 eing         | Just commercial days might turn long precious, long spo                                                                                                                                                  |               24.8 |            4.32 |             2.54 | amalgexporti #1                                   
 eing         | Just subjective facilities draw just by a profits. T                                                                                                                                                     | 27.490000000000002 |            0.79 |             0.48 | importoimporto #1                                 
 eing         | Liberal, socialist police will leave thus. Careful s                                                                                                                                                     |              25.84 |               3 |             1.98 | importoscholar #1                                 
 eing         | Local, active circumstances may not cut. Distinctive groups might not sit too more spanish industries; social journalists release at first british, reasonable members. Methods would not cove           |              22.66 |             0.3 |             0.21 | importoimporto #1                                 
 eing         | Members would step too men. Only sets decline then with a recordings. Simple, attractive players mig                                                                                                     |              35.94 |            1.47 |             0.86 | edu packexporti #2                                
 eing         | Men greet mi                                                                                                                                                                                             |              34.78 |            6.44 |             2.25 | edu packexporti #1                                
 eing         | Men speak ethical concepts. Right good responsibilities become over less social occasions. Colours could not match charges. Current, wide attempts sing respectively. Me                                 | 15.959999999999999 |            8.83 |             3.88 | amalgamalg #1                                     
 eing         | Namely red stations make already under a clothes. Both dead clubs establish therefore cases. Quite right conflicts may miss notoriously worried, public languages. Nearly gre                            |               0.98 |            5.01 |              4.3 | scholarunivamalg #12                              
 eing         | National regulations used to create days. Narrow, increased categories must send old solutions. Internal years could offer                                                                               |              22.45 |            2.05 |                1 | exportischolar #1                                 
 eing         | Necessary rules must mention very at least right hours. Easy, remaining pupils must come fi                                                                                                              |              12.98 |            2.63 |              1.2 | importoamalg #1                                   
 eing         | Open events take still monthly pr                                                                                                                                                                        |               4.25 |            5.02 |              2.3 | importoscholar #1                                 
 eing         | Ready, social flowers act within a tories. Un                                                                                                                                                            |              36.21 |            3.45 |             2.76 | exportiamalg #1                                   
 eing         | Securities get emotional, good managers. French houses should give much dry times. Prospective, permanent eggs ought to ask as moral                                                                     |                 33 |            6.72 |             3.36 | amalgamalg #1                                     
 eing         | Sensitive, easy pupils might not look exactly millions. Most other thoughts ought to help. Foreign, right streets ought to fly however d                                                                 |              27.21 |            1.65 |             0.79 | exportibrand #5                                   
 eing         | Shallow girls solve further effective words. Small, prime gains constitute white paths. Different, secondary stairs used to know also from a programmes; tiny y                                          |              31.89 |            2.01 |             0.78 | importoamalg #1                                   
 eing         | Unemployed, central jobs hide german buildings. Tropical results start towards a eyes; schemes could say sure towns. Locations integrat                                                                  |              37.49 |           56.27 |            19.69 | brandmaxi #11                                     
 eing         | Very vast grounds should                                                                                                                                                                                 |              32.27 |            4.57 |             3.29 | exportiimporto #1                                 
 eing         | We                                                                                                                                                                                                       | 17.790000000000003 |            5.65 |             2.65 | univmaxi #5                                       
 ese          | Above personal columns dare merely                                                                                                                                                                       |               2.04 |            7.82 |             6.49 | amalgexporti #2                                   
 ese          | Abroad grey schools pray deliberately guests; intellectual, clear reports shall not lead old, weak details. Now academic things might shoulder only current,                                             |               10.5 |            3.22 |             2.44 | amalgedu pack #1                                  
 ese          | Administrative, obvious ideas deal short various, only measures. Young honours happen then on the ears. Lines cannot write for a woods. Strategic police us                                              |              15.15 |            6.05 |             4.96 | exportiedu pack #1                                
 ese          | Again certain charges pop after the others. Linguistic stories should cook general magazines; shoulders get wars. Concrete centres happen similarly in a plans. Social feet take prob                    |              30.04 |            0.23 |              0.1 | amalgcorp #1                                      
 ese          | As political years might not undertake moderately voluntary                                                                                                                                              |               3.57 |            1.16 |             0.37 | exportiedu pack #1                                
 ese          | Closer exc                                                                                                                                                                                               | 36.730000000000004 |            4.94 |             3.45 | exportiexporti #2                                 
 ese          | Conventional children wait prizes. Severely exclusive gods surprise already                                                                                                                              |               4.38 |             4.4 |             3.47 | exportiamalg #1                                   
 ese          | Ever adult tenants work later modern books. At least other women will get just to a members. More young years come at least sides. Poor, short cases raise small systems. Real thousands would see v     | 15.290000000000001 |            5.02 |             3.01 | exportiunivamalg #12                              
 ese          | Farmers define smart, civil practitioners. Green, royal walls shake sharply ago applicable conditions. Too right agencies go. Married, white houses could not turn too stars. Scientific, new h          |              36.78 |            0.56 |             0.41 | importoedu pack #2                                
 ese          | Forces die actually direct events; good, other instruments will join ironically reports. Years shall not dig occasionally in the ends; sil                                                               |               5.63 |            6.51 |             2.14 | exportischolar #1                                 
 ese          | Great, roman parties bring fully. Sudden, probable funds used to lead however managers. So entire practices protect full units. Complete references ought to cost halfw                                  |               4.74 |            2.89 |             2.48 | exportibrand #7                                   
 ese          | In particular social services carry necessary, angry eyes. Lights discuss early different regulations. Fields might not fit others.                                                                      |              29.11 |            3.59 |             1.14 | importobrand #5                                   
(100 rows)

UPDATE time_statistics SET e_time = TRANSACTION_TIMESTAMP() WHERE template = 'query65.tpl' AND stream = 5;
psql:/tmp/s1-basline/throughput/query_5.sql:728: NOTICE:  duration: 0.098 ms  plan:
Query Text: UPDATE time_statistics SET e_time = TRANSACTION_TIMESTAMP() WHERE template = 'query65.tpl' AND stream = 5;
Update on time_statistics  (cost=0.00..15.87 rows=0 width=0) (actual time=0.098..0.098 rows=0 loops=1)
  ->  Seq Scan on time_statistics  (cost=0.00..15.87 rows=1 width=14) (actual time=0.048..0.076 rows=1 loops=1)
        Filter: ((template = 'query65.tpl'::text) AND (stream = 5))
        Rows Removed by Filter: 561
UPDATE 1
LOAD 'auto_explain'; SET auto_explain.log_min_duration TO 0; SET auto_explain.log_analyze TO on; SET auto_explain.log_level TO notice; INSERT INTO time_statistics (template, s_time, stream, query, seed) VALUES ('query3.tpl', TRANSACTION_TIMESTAMP(), 5, 11, 1790661813);
LOAD
SET
SET
SET
psql:/tmp/s1-basline/throughput/query_5.sql:729: NOTICE:  duration: 0.008 ms  plan:
Query Text: INSERT INTO time_statistics (template, s_time, stream, query, seed) VALUES ('query3.tpl', TRANSACTION_TIMESTAMP(), 5, 11, 1790661813);
Insert on time_statistics  (cost=0.00..0.01 rows=0 width=0) (actual time=0.008..0.008 rows=0 loops=1)
  ->  Result  (cost=0.00..0.01 rows=1 width=64) (actual time=0.001..0.001 rows=1 loops=1)
INSERT 0 1
select  dt.d_year 
       ,item.i_brand_id brand_id 
       ,item.i_brand brand
       ,sum(ss_sales_price) sum_agg
 from  date_dim dt 
      ,store_sales
      ,item
 where dt.d_date_sk = store_sales.ss_sold_date_sk
   and store_sales.ss_item_sk = item.i_item_sk
   and item.i_manufact_id = 994
   and dt.d_moy=12
 group by dt.d_year
      ,item.i_brand
      ,item.i_brand_id
 order by dt.d_year
         ,sum_agg desc
         ,brand_id
 limit 100;
psql:/tmp/s1-basline/throughput/query_5.sql:747: NOTICE:  duration: 9.015 ms  plan:
Query Text: select  dt.d_year 
       ,item.i_brand_id brand_id 
       ,item.i_brand brand
       ,sum(ss_sales_price) sum_agg
 from  date_dim dt 
      ,store_sales
      ,item
 where dt.d_date_sk = store_sales.ss_sold_date_sk
   and store_sales.ss_item_sk = item.i_item_sk
   and item.i_manufact_id = 994
   and dt.d_moy=12
 group by dt.d_year
      ,item.i_brand
      ,item.i_brand_id
 order by dt.d_year
         ,sum_agg desc
         ,brand_id
 limit 100;
Limit  (cost=5260.98..5261.23 rows=100 width=67) (actual time=9.005..9.007 rows=12 loops=1)
  ->  Sort  (cost=5260.98..5261.50 rows=208 width=67) (actual time=9.004..9.006 rows=12 loops=1)
        Sort Key: dt.d_year, (sum(store_sales.ss_sales_price)) DESC, item.i_brand_id
        Sort Method: quicksort  Memory: 26kB
        ->  GroupAggregate  (cost=5248.35..5253.03 rows=208 width=67) (actual time=8.970..8.998 rows=12 loops=1)
              Group Key: dt.d_year, item.i_brand, item.i_brand_id
              ->  Sort  (cost=5248.35..5248.87 rows=208 width=67) (actual time=8.962..8.968 rows=131 loops=1)
                    Sort Key: dt.d_year, item.i_brand, item.i_brand_id
                    Sort Method: quicksort  Memory: 39kB
                    ->  Nested Loop  (cost=0.73..5240.34 rows=208 width=67) (actual time=0.115..8.915 rows=131 loops=1)
                          ->  Nested Loop  (cost=0.43..4605.24 rows=2569 width=71) (actual time=0.106..7.782 rows=801 loops=1)
                                ->  Seq Scan on item  (cost=0.00..1481.00 rows=16 width=63) (actual time=0.096..6.678 rows=4 loops=1)
                                      Filter: (i_manufact_id = 994)
                                      Rows Removed by Filter: 17996
                                ->  Index Scan using pk_store_sales on store_sales  (cost=0.43..193.51 rows=175 width=24) (actual time=0.007..0.246 rows=200 loops=4)
                                      Index Cond: (ss_item_sk = item.i_item_sk)
                          ->  Memoize  (cost=0.30..0.32 rows=1 width=12) (actual time=0.001..0.001 rows=0 loops=801)
                                Cache Key: store_sales.ss_sold_date_sk
                                Cache Mode: logical
                                Hits: 220  Misses: 581  Evictions: 0  Overflows: 0  Memory Usage: 45kB
                                ->  Index Scan using pk_date_dim on date_dim dt  (cost=0.29..0.31 rows=1 width=12) (actual time=0.001..0.001 rows=0 loops=581)
                                      Index Cond: (d_date_sk = store_sales.ss_sold_date_sk)
                                      Filter: (d_moy = 12)
                                      Rows Removed by Filter: 1
 d_year | brand_id |                       brand                        |      sum_agg       
--------+----------+----------------------------------------------------+--------------------
   1998 |  9014003 | edu packunivamalg #3                               | 311.74000000000007
   1998 |  3004001 | edu packexporti #1                                 | 299.59000000000003
   1998 |  9004008 | edu packmaxi #8                                    |             173.49
   1999 |  9004008 | edu packmaxi #8                                    |             504.86
   1999 |  9014003 | edu packunivamalg #3                               |             502.87
   1999 |  3004001 | edu packexporti #1                                 | 211.81000000000003
   2000 |  9004008 | edu packmaxi #8                                    |             373.24
   2000 |  9014003 | edu packunivamalg #3                               | 335.09000000000003
   2001 |  5003002 | exportischolar #2                                  | 404.33000000000004
   2001 |  9004008 | edu packmaxi #8                                    |             378.37
   2002 |  5003002 | exportischolar #2                                  |  494.8299999999999
   2002 |  9004008 | edu packmaxi #8                                    |             407.17
(12 rows)

UPDATE time_statistics SET e_time = TRANSACTION_TIMESTAMP() WHERE template = 'query3.tpl' AND stream = 5;
psql:/tmp/s1-basline/throughput/query_5.sql:749: NOTICE:  duration: 0.068 ms  plan:
Query Text: UPDATE time_statistics SET e_time = TRANSACTION_TIMESTAMP() WHERE template = 'query3.tpl' AND stream = 5;
Update on time_statistics  (cost=0.00..15.87 rows=0 width=0) (actual time=0.067..0.068 rows=0 loops=1)
  ->  Seq Scan on time_statistics  (cost=0.00..15.87 rows=1 width=14) (actual time=0.037..0.058 rows=1 loops=1)
        Filter: ((template = 'query3.tpl'::text) AND (stream = 5))
        Rows Removed by Filter: 562
UPDATE 1
LOAD 'auto_explain'; SET auto_explain.log_min_duration TO 0; SET auto_explain.log_analyze TO on; SET auto_explain.log_level TO notice; INSERT INTO time_statistics (template, s_time, stream, query, seed) VALUES ('query79.tpl', TRANSACTION_TIMESTAMP(), 5, 12, 331157737);
LOAD
SET
SET
SET
psql:/tmp/s1-basline/throughput/query_5.sql:750: NOTICE:  duration: 0.008 ms  plan:
Query Text: INSERT INTO time_statistics (template, s_time, stream, query, seed) VALUES ('query79.tpl', TRANSACTION_TIMESTAMP(), 5, 12, 331157737);
Insert on time_statistics  (cost=0.00..0.01 rows=0 width=0) (actual time=0.007..0.007 rows=0 loops=1)
  ->  Result  (cost=0.00..0.01 rows=1 width=64) (actual time=0.001..0.001 rows=1 loops=1)
INSERT 0 1
select 
  c_last_name,c_first_name,substr(s_city,1,30),ss_ticket_number,amt,profit
  from
   (select ss_ticket_number
          ,ss_customer_sk
          ,store.s_city
          ,sum(ss_coupon_amt) amt
          ,sum(ss_net_profit) profit
    from store_sales,date_dim,store,household_demographics
    where store_sales.ss_sold_date_sk = date_dim.d_date_sk
    and store_sales.ss_store_sk = store.s_store_sk  
    and store_sales.ss_hdemo_sk = household_demographics.hd_demo_sk
    and (household_demographics.hd_dep_count = 7 or household_demographics.hd_vehicle_count > 4)
    and date_dim.d_dow = 1
    and date_dim.d_year in (2000,2000+1,2000+2) 
    and store.s_number_employees between 200 and 295
    group by ss_ticket_number,ss_customer_sk,ss_addr_sk,store.s_city) ms,customer
    where ss_customer_sk = c_customer_sk
 order by c_last_name,c_first_name,substr(s_city,1,30), profit
limit 100;
psql:/tmp/s1-basline/throughput/query_5.sql:770: NOTICE:  duration: 153.521 ms  plan:
Query Text: select 
  c_last_name,c_first_name,substr(s_city,1,30),ss_ticket_number,amt,profit
  from
   (select ss_ticket_number
          ,ss_customer_sk
          ,store.s_city
          ,sum(ss_coupon_amt) amt
          ,sum(ss_net_profit) profit
    from store_sales,date_dim,store,household_demographics
    where store_sales.ss_sold_date_sk = date_dim.d_date_sk
    and store_sales.ss_store_sk = store.s_store_sk  
    and store_sales.ss_hdemo_sk = household_demographics.hd_demo_sk
    and (household_demographics.hd_dep_count = 7 or household_demographics.hd_vehicle_count > 4)
    and date_dim.d_dow = 1
    and date_dim.d_year in (2000,2000+1,2000+2) 
    and store.s_number_employees between 200 and 295
    group by ss_ticket_number,ss_customer_sk,ss_addr_sk,store.s_city) ms,customer
    where ss_customer_sk = c_customer_sk
 order by c_last_name,c_first_name,substr(s_city,1,30), profit
limit 100;
Limit  (cost=91480.57..91480.82 rows=100 width=108) (actual time=153.425..153.439 rows=100 loops=1)
  ->  Sort  (cost=91480.57..91481.90 rows=533 width=108) (actual time=153.424..153.431 rows=100 loops=1)
        Sort Key: customer.c_last_name, customer.c_first_name, (substr((store.s_city)::text, 1, 30)), (sum(store_sales.ss_net_profit))
        Sort Method: top-N heapsort  Memory: 49kB
        ->  Nested Loop  (cost=90458.84..91460.20 rows=533 width=108) (actual time=141.526..152.139 rows=2168 loops=1)
              ->  GroupAggregate  (cost=90458.55..90473.21 rows=533 width=47) (actual time=141.512..147.049 rows=2310 loops=1)
                    Group Key: store_sales.ss_ticket_number, store_sales.ss_customer_sk, store_sales.ss_addr_sk, store.s_city
                    ->  Sort  (cost=90458.55..90459.88 rows=533 width=47) (actual time=141.501..142.427 rows=23101 loops=1)
                          Sort Key: store_sales.ss_ticket_number, store_sales.ss_customer_sk, store_sales.ss_addr_sk, store.s_city
                          Sort Method: quicksort  Memory: 2811kB
                          ->  Hash Join  (cost=178.76..90434.41 rows=533 width=47) (actual time=5.414..134.050 rows=23101 loops=1)
                                Hash Cond: (store_sales.ss_store_sk = store.s_store_sk)
                                ->  Hash Join  (cost=177.43..90431.12 rows=559 width=48) (actual time=5.400..130.560 rows=23369 loops=1)
                                      Hash Cond: (store_sales.ss_hdemo_sk = household_demographics.hd_demo_sk)
                                      ->  Nested Loop  (cost=0.43..90238.73 rows=5860 width=56) (actual time=4.582..112.139 rows=235416 loops=1)
                                            ->  Seq Scan on date_dim  (cost=0.00..2592.05 rows=155 width=8) (actual time=4.574..9.410 rows=157 loops=1)
                                                  Filter: ((d_dow = 1) AND (d_year = ANY ('{2000,2001,2002}'::integer[])))
                                                  Rows Removed by Filter: 72892
                                            ->  Index Scan using i_ss_sold_date_sk on store_sales  (cost=0.43..550.31 rows=1515 width=64) (actual time=0.008..0.360 rows=1499 loops=157)
                                                  Index Cond: (ss_sold_date_sk = date_dim.d_date_sk)
                                      ->  Hash  (cost=168.00..168.00 rows=720 width=8) (actual time=0.741..0.741 rows=720 loops=1)
                                            Buckets: 1024  Batches: 1  Memory Usage: 37kB
                                            ->  Seq Scan on household_demographics  (cost=0.00..168.00 rows=720 width=8) (actual time=0.075..0.665 rows=720 loops=1)
                                                  Filter: ((hd_dep_count = 7) OR (hd_vehicle_count > 4))
                                                  Rows Removed by Filter: 6480
                                ->  Hash  (cost=1.18..1.18 rows=12 width=15) (actual time=0.011..0.011 rows=12 loops=1)
                                      Buckets: 1024  Batches: 1  Memory Usage: 9kB
                                      ->  Seq Scan on store  (cost=0.00..1.18 rows=12 width=15) (actual time=0.004..0.008 rows=12 loops=1)
                                            Filter: ((s_number_employees >= 200) AND (s_number_employees <= 295))
              ->  Index Scan using pk_customer on customer  (cost=0.29..1.84 rows=1 width=60) (actual time=0.002..0.002 rows=1 loops=2310)
                    Index Cond: (c_customer_sk = store_sales.ss_customer_sk)
          c_last_name           |     c_first_name     |  substr  | ss_ticket_number |        amt         |       profit        
--------------------------------+----------------------+----------+------------------+--------------------+---------------------
 Abrams                         | Edward               | Midway   |           198820 |             280.17 |           -13743.67
 Adam                           | Eula                 | Midway   |           135077 |             730.28 |   919.2999999999995
 Adams                          | April                | Midway   |           166060 | 109.00999999999999 | -6748.0199999999995
 Adams                          | Earl                 | Fairview |           204095 |             191.88 |            -4615.73
 Adams                          | James                | Midway   |            91281 |            2638.29 |            -5441.91
 Adams                          | Kevin                | Midway   |            61177 |                  0 | -10056.220000000001
 Adams                          | Robert               | Fairview |           199812 |            2380.95 |            -1721.86
 Adams                          | Rosemary             | Midway   |            80441 |              999.9 |            -6786.93
 Adams                          | Rosemary             | Midway   |            80441 |                  0 |             -361.36
 Adams                          |                      | Fairview |           106578 |  5760.030000000001 |           -11354.87
 Adamson                        | Bret                 | Fairview |            30936 |             602.22 | -7032.4800000000005
 Adkins                         | William              | Fairview |           168111 |            1458.21 | -10469.190000000002
 Aguilar                        | Jamie                | Midway   |             1017 |               8.44 |            -7914.02
 Aguilar                        | John                 | Fairview |            87754 |            1144.88 |            -5852.77
 Aguilar                        | Steven               | Fairview |            36801 |                  0 |            -3468.86
 Aguilera                       | Raymond              | Fairview |            54838 |            1428.13 |           -18263.59
 Ahrens                         | Leland               | Fairview |           202157 | 1142.8300000000002 |            -2897.55
 Alarcon                        | Curtis               | Midway   |           171874 |            2800.71 |  -7735.110000000001
 Alarcon                        | Rosemary             | Midway   |             1789 |              67.26 |           -10484.33
 Albert                         | James                | Midway   |            92442 |            1333.52 |            -11230.6
 Alexander                      | Daniel               | Fairview |             3251 | 1434.4099999999999 | -12984.019999999999
 Alexander                      | Jeffrey              | Midway   |            78450 |               5747 | -20132.949999999997
 Alexander                      | Jeffrey              | Midway   |           166324 |             484.73 | -12473.009999999998
 Alexander                      | Nicole               | Midway   |             3258 |             202.21 |           -10845.63
 Alford                         | Susan                | Midway   |           148174 |            1847.97 | -15867.619999999999
 Ali                            | Jason                | Midway   |           134749 |                  0 |  5485.8200000000015
 Alicea                         | Evelyn               | Fairview |           201502 |                  0 | -2705.5899999999997
 Allen                          | Betty                | Midway   |           157361 |              36.94 |  -6829.660000000001
 Allen                          | Darlene              | Fairview |            98144 |            2855.96 |   689.0799999999995
 Allen                          | Dawn                 | Midway   |           151908 |            3116.47 |            -15653.7
 Allen                          | Jeffrey              | Fairview |             3927 |            4058.54 |            -12840.6
 Allen                          | Johnny               | Midway   |            55391 | 6384.1900000000005 |           -10628.35
 Allen                          | Mark                 | Fairview |           237017 |            1637.22 |  -9597.980000000001
 Allen                          | Mike                 | Midway   |           164558 |            2461.49 | -3774.1400000000003
 Allen                          | Mildred              | Midway   |            75188 |  5074.549999999999 |           -18391.89
 Allen                          | Steven               | Midway   |           153776 |             528.21 |            -9308.23
 Allen                          | Vanessa              | Midway   |           150670 |             574.45 |  -6603.499999999999
 Alley                          | Brad                 | Fairview |            44071 |                  0 |           -10198.63
 Allison                        | Bryan                | Midway   |           200937 | 1333.1799999999998 | -10925.719999999998
 Allred                         | Marjorie             | Midway   |            72567 |            5719.53 |  -3274.259999999999
 Allred                         | Robert               | Midway   |           218278 |            2355.44 | -7598.4000000000015
 Alvarado                       | Lydia                | Midway   |           113345 | 1647.1200000000001 |               -1592
 Alvarez                        | Marie                | Midway   |            18863 |              17.85 |            -9777.96
 Alvarez                        |                      | Fairview |            12146 |                  0 |            -8488.97
 Anderson                       | Alan                 | Midway   |           160124 |            4461.04 |             -7337.1
 Anderson                       | Ashley               | Fairview |           194810 | 1882.6499999999999 | -13284.679999999998
 Anderson                       | David                | Midway   |           205601 |            4927.41 | -8080.5599999999995
 Anderson                       | David                | Midway   |           205601 |                    |             -153.27
 Anderson                       | Edward               | Midway   |           122612 |                  0 |              -357.1
 Anderson                       | Leah                 | Midway   |           227723 |             895.62 |  -5122.650000000001
 Anderson                       | William              | Midway   |           165043 |             250.71 |            -3816.13
 Andrade                        | Ryan                 | Midway   |            43793 | 1405.9099999999999 | -13836.890000000001
 Andrews                        | Fred                 | Midway   |            48025 |             1310.3 | -7004.8099999999995
 Andrews                        | Roger                | Fairview |           203640 |            4762.11 | -23271.170000000002
 Andrews                        |                      | Midway   |           212186 |           10150.91 |  -8413.730000000001
 Anthony                        | Dianna               | Midway   |           107268 |            5265.35 |           -10292.71
 Armstrong                      | Kathleen             | Fairview |           169429 |               5.58 | -12600.699999999999
 Armstrong                      | Ralph                | Midway   |           195018 |            5736.07 |            -9092.88
 Arnold                         | Jose                 | Midway   |            60966 |  81.53999999999999 |            -4319.91
 Arnold                         | Oma                  | Midway   |           113257 | 2626.6499999999996 |           -10786.28
 Arrington                      | Pamela               | Midway   |           222617 |           14528.82 |           -15418.94
 Artis                          | Linda                | Fairview |            72951 |            3234.61 |  -4232.879999999999
 Ashley                         | Monte                | Fairview |            78618 |             387.52 | -12820.369999999999
 Ashworth                       | Melvin               | Fairview |            97810 |            11102.7 |           -21675.02
 Atkinson                       | Kristen              | Midway   |            60376 |            1900.55 |            -8472.52
 Austin                         | Kathleen             | Midway   |            86179 |             2067.1 |             -2506.8
 Ayala                          | Elijah               | Midway   |           113999 |             464.51 |               -1366
 Ayala                          | Hugh                 | Fairview |           203499 | 3390.7599999999998 |           -12410.82
 Ayala                          | Maurice              | Midway   |            92861 |                404 | -10844.850000000002
 Ayala                          |                      | Midway   |            27002 |            1129.44 |           -16234.34
 Ayala                          |                      | Midway   |             9370 |            8270.47 | -12564.099999999999
 Ayers                          | Angelina             | Midway   |           159574 |  6827.139999999999 |            -8945.11
 Ayers                          | Angelina             | Midway   |           159574 |              214.5 |               -1782
 Ayers                          | Quentin              | Fairview |           112570 | 1368.1399999999999 |  -319.9399999999999
 Bailey                         | Brenda               | Midway   |           229658 |            4295.31 |           -12678.56
 Bailey                         | Raul                 | Midway   |            71676 |             115.57 |            -4841.12
 Bailey                         | Wallace              | Fairview |           125984 |              20.92 | -18036.829999999998
 Bain                           | Wendy                | Midway   |            65070 | 2010.8000000000002 |           -12179.82
 Baird                          | Margie               | Midway   |           126975 |                  0 |            -7658.98
 Baird                          | Timothy              | Midway   |           203281 |             7428.4 |            -8412.12
 Baker                          | Amanda               | Midway   |           148689 |              50.27 |            -4972.81
 Baker                          | Stanley              | Midway   |            97075 |            4324.08 |           -11753.82
 Banda                          | Jeremy               | Midway   |           216265 | 1986.3600000000001 |  -3444.170000000001
 Banda                          | Jeremy               | Midway   |           216265 |                    |                    
 Banks                          | Robert               | Fairview |            90708 |  7021.210000000001 | -19731.340000000004
 Banks                          | Robert               | Fairview |            90708 |                    |                    
 Barajas                        | Maynard              | Midway   |            93541 |             1300.7 | -10070.769999999999
 Barker                         | Irene                | Midway   |           135897 |            1966.25 |           -10351.48
 Barker                         |                      | Midway   |           142704 |            2654.09 |            -9137.58
 Barnard                        | Danielle             | Midway   |            17125 |            5238.73 | -11992.759999999998
 Barnes                         | Betty                | Midway   |           118623 |                  0 |  -249.0300000000002
 Barnes                         | Richard              | Midway   |            67086 | 1892.7800000000002 |  -4643.470000000001
 Barnes                         | Shanon               | Midway   |           167632 | 2424.8799999999997 |  -9036.470000000001
 Barnes                         |                      | Midway   |             6756 |             165.22 |  -9936.820000000002
 Barraza                        | Colin                | Midway   |           103012 |            5596.37 |           -17173.34
 Barrera                        | Rogelio              | Midway   |           209934 |            1155.46 |  -857.3000000000002
 Barry                          | Alex                 | Midway   |           195388 |            3092.09 |             -580.74
 Barry                          | Timothy              | Fairview |           121107 |             746.81 |           -12073.52
 Bassett                        | Sarah                | Midway   |            18845 |            3305.08 |             2322.54
 Batchelor                      | Lawrence             | Fairview |           180982 |            3129.22 |           -12589.18
(100 rows)

UPDATE time_statistics SET e_time = TRANSACTION_TIMESTAMP() WHERE template = 'query79.tpl' AND stream = 5;
psql:/tmp/s1-basline/throughput/query_5.sql:772: NOTICE:  duration: 0.090 ms  plan:
Query Text: UPDATE time_statistics SET e_time = TRANSACTION_TIMESTAMP() WHERE template = 'query79.tpl' AND stream = 5;
Update on time_statistics  (cost=0.00..15.87 rows=0 width=0) (actual time=0.089..0.089 rows=0 loops=1)
  ->  Seq Scan on time_statistics  (cost=0.00..15.87 rows=1 width=14) (actual time=0.047..0.074 rows=1 loops=1)
        Filter: ((template = 'query79.tpl'::text) AND (stream = 5))
        Rows Removed by Filter: 563
UPDATE 1
LOAD 'auto_explain'; SET auto_explain.log_min_duration TO 0; SET auto_explain.log_analyze TO on; SET auto_explain.log_level TO notice; INSERT INTO time_statistics (template, s_time, stream, query, seed) VALUES ('query13.tpl', TRANSACTION_TIMESTAMP(), 5, 13, 858209519);
LOAD
SET
SET
SET
psql:/tmp/s1-basline/throughput/query_5.sql:773: NOTICE:  duration: 0.009 ms  plan:
Query Text: INSERT INTO time_statistics (template, s_time, stream, query, seed) VALUES ('query13.tpl', TRANSACTION_TIMESTAMP(), 5, 13, 858209519);
Insert on time_statistics  (cost=0.00..0.01 rows=0 width=0) (actual time=0.009..0.009 rows=0 loops=1)
  ->  Result  (cost=0.00..0.01 rows=1 width=64) (actual time=0.002..0.002 rows=1 loops=1)
INSERT 0 1
select avg(ss_quantity)
       ,avg(ss_ext_sales_price)
       ,avg(ss_ext_wholesale_cost)
       ,sum(ss_ext_wholesale_cost)
 from store_sales
     ,store
     ,customer_demographics
     ,household_demographics
     ,customer_address
     ,date_dim
 where s_store_sk = ss_store_sk
 and  ss_sold_date_sk = d_date_sk and d_year = 2001
 and((ss_hdemo_sk=hd_demo_sk
  and cd_demo_sk = ss_cdemo_sk
  and cd_marital_status = 'U'
  and cd_education_status = '4 yr Degree'
  and ss_sales_price between 100.00 and 150.00
  and hd_dep_count = 3   
     )or
     (ss_hdemo_sk=hd_demo_sk
  and cd_demo_sk = ss_cdemo_sk
  and cd_marital_status = 'M'
  and cd_education_status = 'Secondary'
  and ss_sales_price between 50.00 and 100.00   
  and hd_dep_count = 1
     ) or 
     (ss_hdemo_sk=hd_demo_sk
  and cd_demo_sk = ss_cdemo_sk
  and cd_marital_status = 'W'
  and cd_education_status = 'Primary'
  and ss_sales_price between 150.00 and 200.00 
  and hd_dep_count = 1  
     ))
 and((ss_addr_sk = ca_address_sk
  and ca_country = 'United States'
  and ca_state in ('WI', 'AR', 'IA')
  and ss_net_profit between 100 and 200  
     ) or
     (ss_addr_sk = ca_address_sk
  and ca_country = 'United States'
  and ca_state in ('GA', 'VA', 'MO')
  and ss_net_profit between 150 and 300  
     ) or
     (ss_addr_sk = ca_address_sk
  and ca_country = 'United States'
  and ca_state in ('NE', 'ME', 'TN')
  and ss_net_profit between 50 and 250  
     ))
;
psql:/tmp/s1-basline/throughput/query_5.sql:822: NOTICE:  duration: 315.208 ms  plan:
Query Text: select avg(ss_quantity)
       ,avg(ss_ext_sales_price)
       ,avg(ss_ext_wholesale_cost)
       ,sum(ss_ext_wholesale_cost)
 from store_sales
     ,store
     ,customer_demographics
     ,household_demographics
     ,customer_address
     ,date_dim
 where s_store_sk = ss_store_sk
 and  ss_sold_date_sk = d_date_sk and d_year = 2001
 and((ss_hdemo_sk=hd_demo_sk
  and cd_demo_sk = ss_cdemo_sk
  and cd_marital_status = 'U'
  and cd_education_status = '4 yr Degree'
  and ss_sales_price between 100.00 and 150.00
  and hd_dep_count = 3   
     )or
     (ss_hdemo_sk=hd_demo_sk
  and cd_demo_sk = ss_cdemo_sk
  and cd_marital_status = 'M'
  and cd_education_status = 'Secondary'
  and ss_sales_price between 50.00 and 100.00   
  and hd_dep_count = 1
     ) or 
     (ss_hdemo_sk=hd_demo_sk
  and cd_demo_sk = ss_cdemo_sk
  and cd_marital_status = 'W'
  and cd_education_status = 'Primary'
  and ss_sales_price between 150.00 and 200.00 
  and hd_dep_count = 1  
     ))
 and((ss_addr_sk = ca_address_sk
  and ca_country = 'United States'
  and ca_state in ('WI', 'AR', 'IA')
  and ss_net_profit between 100 and 200  
     ) or
     (ss_addr_sk = ca_address_sk
  and ca_country = 'United States'
  and ca_state in ('GA', 'VA', 'MO')
  and ss_net_profit between 150 and 300  
     ) or
     (ss_addr_sk = ca_address_sk
  and ca_country = 'United States'
  and ca_state in ('NE', 'ME', 'TN')
  and ss_net_profit between 50 and 250  
     ))
;
Aggregate  (cost=110973.85..110973.86 rows=1 width=56) (actual time=315.197..315.199 rows=1 loops=1)
  ->  Nested Loop  (cost=1.15..110973.83 rows=1 width=20) (actual time=284.005..315.187 rows=7 loops=1)
        Join Filter: (store_sales.ss_store_sk = store.s_store_sk)
        Rows Removed by Join Filter: 25
        ->  Nested Loop  (cost=1.15..110972.56 rows=1 width=28) (actual time=283.994..315.167 rows=7 loops=1)
              Join Filter: ((store_sales.ss_hdemo_sk = household_demographics.hd_demo_sk) AND (((customer_demographics.cd_marital_status = 'U'::bpchar) AND (customer_demographics.cd_education_status = '4 yr Degree'::bpchar) AND (store_sales.ss_sales_price >= '100'::double precision) AND (store_sales.ss_sales_price <= '150'::double precision) AND (household_demographics.hd_dep_count = 3)) OR ((customer_demographics.cd_marital_status = 'M'::bpchar) AND (customer_demographics.cd_education_status = 'Secondary'::bpchar) AND (store_sales.ss_sales_price >= '50'::double precision) AND (store_sales.ss_sales_price <= '100'::double precision) AND (household_demographics.hd_dep_count = 1)) OR ((customer_demographics.cd_marital_status = 'W'::bpchar) AND (customer_demographics.cd_education_status = 'Primary'::bpchar) AND (store_sales.ss_sales_price >= '150'::double precision) AND (store_sales.ss_sales_price <= '200'::double precision) AND (household_demographics.hd_dep_count = 1))))
              Rows Removed by Join Filter: 334073
              ->  Seq Scan on household_demographics  (cost=0.00..186.00 rows=1951 width=12) (actual time=0.013..0.699 rows=1440 loops=1)
                    Filter: ((hd_dep_count = 3) OR (hd_dep_count = 1) OR (hd_dep_count = 1))
                    Rows Removed by Filter: 5760
              ->  Materialize  (cost=1.15..110479.28 rows=3 width=67) (actual time=0.003..0.199 rows=232 loops=1440)
                    ->  Nested Loop  (cost=1.15..110479.27 rows=3 width=67) (actual time=4.124..274.865 rows=232 loops=1)
                          ->  Nested Loop  (cost=0.72..110451.06 rows=37 width=52) (actual time=4.101..256.859 rows=2641 loops=1)
                                ->  Nested Loop  (cost=0.43..110280.31 rows=459 width=68) (actual time=4.079..217.196 rows=17325 loops=1)
                                      ->  Seq Scan on date_dim  (cost=0.00..2318.11 rows=363 width=8) (actual time=4.065..8.561 rows=365 loops=1)
                                            Filter: (d_year = 2001)
                                            Rows Removed by Filter: 72684
                                      ->  Index Scan using i_ss_sold_date_sk on store_sales  (cost=0.43..296.91 rows=51 width=76) (actual time=0.017..0.567 rows=47 loops=365)
                                            Index Cond: (ss_sold_date_sk = date_dim.d_date_sk)
                                            Filter: ((((ss_sales_price >= '100'::double precision) AND (ss_sales_price <= '150'::double precision)) OR ((ss_sales_price >= '50'::double precision) AND (ss_sales_price <= '100'::double precision)) OR ((ss_sales_price >= '150'::double precision) AND (ss_sales_price <= '200'::double precision))) AND (((ss_net_profit >= '100'::double precision) AND (ss_net_profit <= '200'::double precision)) OR ((ss_net_profit >= '150'::double precision) AND (ss_net_profit <= '300'::double precision)) OR ((ss_net_profit >= '50'::double precision) AND (ss_net_profit <= '250'::double precision))))
                                            Rows Removed by Filter: 1432
                                ->  Index Scan using pk_customer_address on customer_address  (cost=0.29..0.36 rows=1 width=11) (actual time=0.002..0.002 rows=0 loops=17325)
                                      Index Cond: (ca_address_sk = store_sales.ss_addr_sk)
                                      Filter: (((ca_country)::text = 'United States'::text) AND ((ca_state = ANY ('{WI,AR,IA}'::bpchar[])) OR (ca_state = ANY ('{GA,VA,MO}'::bpchar[])) OR (ca_state = ANY ('{NE,ME,TN}'::bpchar[]))) AND (((ca_state = ANY ('{WI,AR,IA}'::bpchar[])) AND (store_sales.ss_net_profit >= '100'::double precision) AND (store_sales.ss_net_profit <= '200'::double precision)) OR ((ca_state = ANY ('{GA,VA,MO}'::bpchar[])) AND (store_sales.ss_net_profit >= '150'::double precision) AND (store_sales.ss_net_profit <= '300'::double precision)) OR ((ca_state = ANY ('{NE,ME,TN}'::bpchar[])) AND (store_sales.ss_net_profit >= '50'::double precision) AND (store_sales.ss_net_profit <= '250'::double precision))))
                                      Rows Removed by Filter: 1
                          ->  Index Scan using pk_customer_demographics on customer_demographics  (cost=0.43..0.76 rows=1 width=31) (actual time=0.007..0.007 rows=0 loops=2641)
                                Index Cond: (cd_demo_sk = store_sales.ss_cdemo_sk)
                                Filter: (((cd_marital_status = 'U'::bpchar) AND (cd_education_status = '4 yr Degree'::bpchar)) OR ((cd_marital_status = 'M'::bpchar) AND (cd_education_status = 'Secondary'::bpchar)) OR ((cd_marital_status = 'W'::bpchar) AND (cd_education_status = 'Primary'::bpchar)))
                                Rows Removed by Filter: 1
        ->  Seq Scan on store  (cost=0.00..1.12 rows=12 width=8) (actual time=0.001..0.002 rows=5 loops=7)
         avg         |        avg        |        avg         |   sum    
---------------------+-------------------+--------------------+----------
 19.8571428571428571 | 1838.552857142857 | 1679.2014285714286 | 11754.41
(1 row)

UPDATE time_statistics SET e_time = TRANSACTION_TIMESTAMP() WHERE template = 'query13.tpl' AND stream = 5;
psql:/tmp/s1-basline/throughput/query_5.sql:824: NOTICE:  duration: 0.087 ms  plan:
Query Text: UPDATE time_statistics SET e_time = TRANSACTION_TIMESTAMP() WHERE template = 'query13.tpl' AND stream = 5;
Update on time_statistics  (cost=0.00..15.87 rows=0 width=0) (actual time=0.086..0.087 rows=0 loops=1)
  ->  Seq Scan on time_statistics  (cost=0.00..15.87 rows=1 width=14) (actual time=0.047..0.072 rows=1 loops=1)
        Filter: ((template = 'query13.tpl'::text) AND (stream = 5))
        Rows Removed by Filter: 564
UPDATE 1
LOAD 'auto_explain'; SET auto_explain.log_min_duration TO 0; SET auto_explain.log_analyze TO on; SET auto_explain.log_level TO notice; INSERT INTO time_statistics (template, s_time, stream, query, seed) VALUES ('../query_postgresql/query21.tpl', TRANSACTION_TIMESTAMP(), 5, 14, 1916995524);
LOAD
SET
SET
SET
psql:/tmp/s1-basline/throughput/query_5.sql:825: NOTICE:  duration: 0.008 ms  plan:
Query Text: INSERT INTO time_statistics (template, s_time, stream, query, seed) VALUES ('../query_postgresql/query21.tpl', TRANSACTION_TIMESTAMP(), 5, 14, 1916995524);
Insert on time_statistics  (cost=0.00..0.01 rows=0 width=0) (actual time=0.008..0.008 rows=0 loops=1)
  ->  Result  (cost=0.00..0.01 rows=1 width=64) (actual time=0.001..0.001 rows=1 loops=1)
INSERT 0 1
select  *
 from(select w_warehouse_name
            ,i_item_id
            ,sum(case when (cast(d_date as date) < cast ('1999-03-13' as date))
	                then inv_quantity_on_hand 
                      else 0 end) as inv_before
            ,sum(case when (cast(d_date as date) >= cast ('1999-03-13' as date))
                      then inv_quantity_on_hand 
                      else 0 end) as inv_after
   from inventory
       ,warehouse
       ,item
       ,date_dim
   where i_current_price between 0.99 and 1.49
     and i_item_sk          = inv_item_sk
     and inv_warehouse_sk   = w_warehouse_sk
     and inv_date_sk    = d_date_sk
     and d_date between (cast ('1999-03-13' as date) - INTERVAL '30 days')
                    and (cast ('1999-03-13' as date) + INTERVAL '30 days')
   group by w_warehouse_name, i_item_id) x
 where (case when inv_before > 0 
             then inv_after / inv_before 
             else null
             end) between 2.0/3.0 and 3.0/2.0
 order by w_warehouse_name
         ,i_item_id
 limit 100;
psql:/tmp/s1-basline/throughput/query_5.sql:852: NOTICE:  duration: 660.040 ms  plan:
Query Text: select  *
 from(select w_warehouse_name
            ,i_item_id
            ,sum(case when (cast(d_date as date) < cast ('1999-03-13' as date))
	                then inv_quantity_on_hand 
                      else 0 end) as inv_before
            ,sum(case when (cast(d_date as date) >= cast ('1999-03-13' as date))
                      then inv_quantity_on_hand 
                      else 0 end) as inv_after
   from inventory
       ,warehouse
       ,item
       ,date_dim
   where i_current_price between 0.99 and 1.49
     and i_item_sk          = inv_item_sk
     and inv_warehouse_sk   = w_warehouse_sk
     and inv_date_sk    = d_date_sk
     and d_date between (cast ('1999-03-13' as date) - INTERVAL '30 days')
                    and (cast ('1999-03-13' as date) + INTERVAL '30 days')
   group by w_warehouse_name, i_item_id) x
 where (case when inv_before > 0 
             then inv_after / inv_before 
             else null
             end) between 2.0/3.0 and 3.0/2.0
 order by w_warehouse_name
         ,i_item_id
 limit 100;
Limit  (cost=144786.23..144887.55 rows=69 width=47) (actual time=621.366..659.998 rows=100 loops=1)
  ->  Finalize GroupAggregate  (cost=144786.23..144886.86 rows=69 width=47) (actual time=621.365..659.990 rows=100 loops=1)
        Group Key: warehouse.w_warehouse_name, item.i_item_id
        Filter: (((CASE WHEN (sum(CASE WHEN (date_dim.d_date < '1999-03-13'::date) THEN inventory.inv_quantity_on_hand ELSE 0 END) > 0) THEN (sum(CASE WHEN (date_dim.d_date >= '1999-03-13'::date) THEN inventory.inv_quantity_on_hand ELSE 0 END) / sum(CASE WHEN (date_dim.d_date < '1999-03-13'::date) THEN inventory.inv_quantity_on_hand ELSE 0 END)) ELSE NULL::bigint END)::numeric >= 0.66666666666666666667) AND ((CASE WHEN (sum(CASE WHEN (date_dim.d_date < '1999-03-13'::date) THEN inventory.inv_quantity_on_hand ELSE 0 END) > 0) THEN (sum(CASE WHEN (date_dim.d_date >= '1999-03-13'::date) THEN inventory.inv_quantity_on_hand ELSE 0 END) / sum(CASE WHEN (date_dim.d_date < '1999-03-13'::date) THEN inventory.inv_quantity_on_hand ELSE 0 END)) ELSE NULL::bigint END)::numeric <= 1.5000000000000000))
        Rows Removed by Filter: 307
        ->  Gather Merge  (cost=144786.23..144862.23 rows=600 width=47) (actual time=621.333..659.614 rows=1505 loops=1)
              Workers Planned: 3
              Workers Launched: 3
              ->  Partial GroupAggregate  (cost=143786.19..143791.69 rows=200 width=47) (actual time=609.334..610.118 rows=944 loops=4)
                    Group Key: warehouse.w_warehouse_name, item.i_item_id
                    ->  Sort  (cost=143786.19..143786.69 rows=200 width=39) (actual time=609.323..609.421 rows=2294 loops=4)
                          Sort Key: warehouse.w_warehouse_name, item.i_item_id
                          Sort Method: quicksort  Memory: 770kB
                          Worker 0:  Sort Method: quicksort  Memory: 676kB
                          Worker 1:  Sort Method: quicksort  Memory: 657kB
                          Worker 2:  Sort Method: quicksort  Memory: 685kB
                          ->  Hash Join  (cost=6.88..143778.55 rows=200 width=39) (actual time=7.125..592.455 rows=6221 loops=4)
                                Hash Cond: (inventory.inv_warehouse_sk = warehouse.w_warehouse_sk)
                                ->  Nested Loop  (cost=5.76..143776.47 rows=200 width=33) (actual time=7.053..591.204 rows=6221 loops=4)
                                      ->  Hash Join  (cost=5.48..142775.40 rows=3228 width=24) (actual time=6.935..426.047 rows=101250 loops=4)
                                            Hash Cond: (inventory.inv_date_sk = date_dim.d_date_sk)
                                            ->  Parallel Seq Scan on inventory  (cost=0.00..132620.86 rows=3866086 width=28) (actual time=0.021..204.117 rows=2936250 loops=4)
                                            ->  Hash  (cost=4.71..4.71 rows=61 width=12) (actual time=0.118..0.119 rows=61 loops=4)
                                                  Buckets: 1024  Batches: 1  Memory Usage: 11kB
                                                  ->  Index Scan using i_d_date on date_dim  (cost=0.29..4.71 rows=61 width=12) (actual time=0.088..0.109 rows=61 loops=4)
                                                        Index Cond: ((d_date >= '1999-02-11 00:00:00'::timestamp without time zone) AND (d_date <= '1999-04-12 00:00:00'::timestamp without time zone))
                                      ->  Index Scan using pk_item on item  (cost=0.29..0.31 rows=1 width=25) (actual time=0.001..0.001 rows=0 loops=405000)
                                            Index Cond: (i_item_sk = inventory.inv_item_sk)
                                            Filter: ((i_current_price >= '0.99'::double precision) AND (i_current_price <= '1.49'::double precision))
                                            Rows Removed by Filter: 1
                                ->  Hash  (cost=1.05..1.05 rows=5 width=22) (actual time=0.032..0.033 rows=5 loops=4)
                                      Buckets: 1024  Batches: 1  Memory Usage: 9kB
                                      ->  Seq Scan on warehouse  (cost=0.00..1.05 rows=5 width=22) (actual time=0.026..0.027 rows=5 loops=4)
 w_warehouse_name |    i_item_id     | inv_before | inv_after 
------------------+------------------+------------+-----------
 Neither dea      | AAAAAAAAACHCAAAA |       1797 |      2130
 Neither dea      | AAAAAAAAAEGEAAAA |       1902 |      2210
 Neither dea      | AAAAAAAAAFPDAAAA |       2270 |      3222
 Neither dea      | AAAAAAAAAGHAAAAA |       2863 |      3023
 Neither dea      | AAAAAAAAAHJAAAAA |       1743 |      2606
 Neither dea      | AAAAAAAAAHMBAAAA |       1772 |      2376
 Neither dea      | AAAAAAAAAIBEAAAA |       2337 |      2568
 Neither dea      | AAAAAAAAAJLCAAAA |       2043 |      2943
 Neither dea      | AAAAAAAAAKHCAAAA |       2624 |      2789
 Neither dea      | AAAAAAAAALIAAAAA |       2698 |      3070
 Neither dea      | AAAAAAAAAMBEAAAA |       2120 |      2496
 Neither dea      | AAAAAAAAAMDEAAAA |       2524 |      2561
 Neither dea      | AAAAAAAAAMEEAAAA |       1010 |      1658
 Neither dea      | AAAAAAAAANBAAAAA |       1754 |      2543
 Neither dea      | AAAAAAAAAOGDAAAA |       2456 |      2628
 Neither dea      | AAAAAAAAAPNBAAAA |       1660 |      1864
 Neither dea      | AAAAAAAABBCDAAAA |       1816 |      1948
 Neither dea      | AAAAAAAABDPAAAAA |       2299 |      2632
 Neither dea      | AAAAAAAABFICAAAA |       1849 |      2234
 Neither dea      | AAAAAAAABHCDAAAA |       1472 |      1878
 Neither dea      | AAAAAAAABIOCAAAA |       2363 |      2399
 Neither dea      | AAAAAAAABLEAAAAA |       2350 |      2884
 Neither dea      | AAAAAAAABMKCAAAA |       1422 |      2800
 Neither dea      | AAAAAAAACFGDAAAA |       1066 |      1665
 Neither dea      | AAAAAAAACHFDAAAA |       2129 |      2205
 Neither dea      | AAAAAAAACHIDAAAA |       2293 |      3150
 Neither dea      | AAAAAAAACHKDAAAA |       1722 |      2359
 Neither dea      | AAAAAAAACLLCAAAA |       2545 |      2869
 Neither dea      | AAAAAAAACMJAAAAA |       1864 |      2167
 Neither dea      | AAAAAAAACMMCAAAA |       1401 |      1816
 Neither dea      | AAAAAAAACNACAAAA |       2085 |      2774
 Neither dea      | AAAAAAAACPECAAAA |       1457 |      1641
 Neither dea      | AAAAAAAACPJCAAAA |       1996 |      2098
 Neither dea      | AAAAAAAACPKBAAAA |       2517 |      2904
 Neither dea      | AAAAAAAACPODAAAA |       1668 |      2293
 Neither dea      | AAAAAAAADFODAAAA |       1761 |      3083
 Neither dea      | AAAAAAAADILAAAAA |       1744 |      2311
 Neither dea      | AAAAAAAADIPCAAAA |       1631 |      1688
 Neither dea      | AAAAAAAADKAAAAAA |       1651 |      2986
 Neither dea      | AAAAAAAADMGBAAAA |       1348 |      2335
 Neither dea      | AAAAAAAADMHAAAAA |       2169 |      2191
 Neither dea      | AAAAAAAAECBDAAAA |       1632 |      2110
 Neither dea      | AAAAAAAAECCDAAAA |       2695 |      3079
 Neither dea      | AAAAAAAAEFHBAAAA |       1471 |      1689
 Neither dea      | AAAAAAAAEILAAAAA |       2498 |      2907
 Neither dea      | AAAAAAAAEJNAAAAA |       1645 |      2775
 Neither dea      | AAAAAAAAEJNDAAAA |       2284 |      2510
 Neither dea      | AAAAAAAAEKCDAAAA |       1678 |      2460
 Neither dea      | AAAAAAAAEKDAAAAA |       1767 |      2029
 Neither dea      | AAAAAAAAEKIAAAAA |       2219 |      2884
 Neither dea      | AAAAAAAAELJBAAAA |       2190 |      2691
 Neither dea      | AAAAAAAAEMCBAAAA |       1980 |      2483
 Neither dea      | AAAAAAAAEOEEAAAA |       2136 |      2542
 Neither dea      | AAAAAAAAFAKBAAAA |       2852 |      3056
 Neither dea      | AAAAAAAAFGBEAAAA |       1522 |      1663
 Neither dea      | AAAAAAAAFGEBAAAA |       1824 |      2130
 Neither dea      | AAAAAAAAFIKCAAAA |       1658 |      2409
 Neither dea      | AAAAAAAAGADEAAAA |       1651 |      2601
 Neither dea      | AAAAAAAAGAJCAAAA |       1909 |      2373
 Neither dea      | AAAAAAAAGJBDAAAA |       1665 |      2522
 Neither dea      | AAAAAAAAGKADAAAA |       1607 |      1768
 Neither dea      | AAAAAAAAGKPAAAAA |       1381 |      1889
 Neither dea      | AAAAAAAAGMICAAAA |       2502 |      2772
 Neither dea      | AAAAAAAAGNDBAAAA |       1193 |      1754
 Neither dea      | AAAAAAAAGOEBAAAA |       2375 |      2737
 Neither dea      | AAAAAAAAGOIBAAAA |       1710 |      1812
 Neither dea      | AAAAAAAAGPBEAAAA |       1208 |      1238
 Neither dea      | AAAAAAAAHGGDAAAA |       1976 |      2264
 Neither dea      | AAAAAAAAHJGDAAAA |       2014 |      3286
 Neither dea      | AAAAAAAAHMAAAAAA |       2402 |      2893
 Neither dea      | AAAAAAAAHOLCAAAA |       2457 |      2459
 Neither dea      | AAAAAAAAIAMCAAAA |       1484 |      2495
 Neither dea      | AAAAAAAAIBACAAAA |       1401 |      1950
 Neither dea      | AAAAAAAAICHAAAAA |       1408 |      2304
 Neither dea      | AAAAAAAAIDCBAAAA |       1787 |      2144
 Neither dea      | AAAAAAAAIEEBAAAA |       1602 |      1956
 Neither dea      | AAAAAAAAIHLDAAAA |       2202 |      3180
 Neither dea      | AAAAAAAAIHPBAAAA |       2642 |      2653
 Neither dea      | AAAAAAAAIJADAAAA |       2442 |      2459
 Neither dea      | AAAAAAAAIKBAAAAA |       2024 |      2380
 Neither dea      | AAAAAAAAILFCAAAA |       2079 |      2265
 Neither dea      | AAAAAAAAIMEBAAAA |       2665 |      2670
 Neither dea      | AAAAAAAAIMPCAAAA |       1870 |      2482
 Neither dea      | AAAAAAAAIPADAAAA |       1335 |      2035
 Neither dea      | AAAAAAAAJBOBAAAA |       1690 |      3108
 Neither dea      | AAAAAAAAJDNAAAAA |       2848 |      3331
 Neither dea      | AAAAAAAAJGNDAAAA |       1239 |      1564
 Neither dea      | AAAAAAAAJLEEAAAA |       1216 |      1264
 Neither dea      | AAAAAAAAJLIDAAAA |       3133 |      3218
 Neither dea      | AAAAAAAAJMKDAAAA |       2079 |      3090
 Neither dea      | AAAAAAAAJMNAAAAA |       1298 |      1544
 Neither dea      | AAAAAAAAJNCEAAAA |       1539 |      1640
 Neither dea      | AAAAAAAAJOJCAAAA |       1944 |      2467
 Neither dea      | AAAAAAAAKAPBAAAA |       1557 |      1815
 Neither dea      | AAAAAAAAKDDDAAAA |       1325 |      1979
 Neither dea      | AAAAAAAAKDKDAAAA |       1892 |      2419
 Neither dea      | AAAAAAAAKGCCAAAA |       1759 |      2099
 Neither dea      | AAAAAAAAKONDAAAA |       1867 |      2130
 Neither dea      | AAAAAAAAKPBDAAAA |       1397 |      2569
 Neither dea      | AAAAAAAALBABAAAA |       3125 |      3180
(100 rows)

UPDATE time_statistics SET e_time = TRANSACTION_TIMESTAMP() WHERE template = '../query_postgresql/query21.tpl' AND stream = 5;
psql:/tmp/s1-basline/throughput/query_5.sql:854: NOTICE:  duration: 0.082 ms  plan:
Query Text: UPDATE time_statistics SET e_time = TRANSACTION_TIMESTAMP() WHERE template = '../query_postgresql/query21.tpl' AND stream = 5;
Update on time_statistics  (cost=0.00..15.87 rows=0 width=0) (actual time=0.082..0.082 rows=0 loops=1)
  ->  Seq Scan on time_statistics  (cost=0.00..15.87 rows=1 width=14) (actual time=0.043..0.067 rows=1 loops=1)
        Filter: ((template = '../query_postgresql/query21.tpl'::text) AND (stream = 5))
        Rows Removed by Filter: 565
UPDATE 1
LOAD 'auto_explain'; SET auto_explain.log_min_duration TO 0; SET auto_explain.log_analyze TO on; SET auto_explain.log_level TO notice; INSERT INTO time_statistics (template, s_time, stream, query, seed) VALUES ('query51.tpl', TRANSACTION_TIMESTAMP(), 5, 15, 246615927);
LOAD
SET
SET
SET
psql:/tmp/s1-basline/throughput/query_5.sql:855: NOTICE:  duration: 0.009 ms  plan:
Query Text: INSERT INTO time_statistics (template, s_time, stream, query, seed) VALUES ('query51.tpl', TRANSACTION_TIMESTAMP(), 5, 15, 246615927);
Insert on time_statistics  (cost=0.00..0.01 rows=0 width=0) (actual time=0.008..0.009 rows=0 loops=1)
  ->  Result  (cost=0.00..0.01 rows=1 width=64) (actual time=0.001..0.002 rows=1 loops=1)
INSERT 0 1
WITH web_v1 as (
select
  ws_item_sk item_sk, d_date,
  sum(sum(ws_sales_price))
      over (partition by ws_item_sk order by d_date rows between unbounded preceding and current row) cume_sales
from web_sales
    ,date_dim
where ws_sold_date_sk=d_date_sk
  and d_month_seq between 1181 and 1181+11
  and ws_item_sk is not NULL
group by ws_item_sk, d_date),
store_v1 as (
select
  ss_item_sk item_sk, d_date,
  sum(sum(ss_sales_price))
      over (partition by ss_item_sk order by d_date rows between unbounded preceding and current row) cume_sales
from store_sales
    ,date_dim
where ss_sold_date_sk=d_date_sk
  and d_month_seq between 1181 and 1181+11
  and ss_item_sk is not NULL
group by ss_item_sk, d_date)
 select  *
from (select item_sk
     ,d_date
     ,web_sales
     ,store_sales
     ,max(web_sales)
         over (partition by item_sk order by d_date rows between unbounded preceding and current row) web_cumulative
     ,max(store_sales)
         over (partition by item_sk order by d_date rows between unbounded preceding and current row) store_cumulative
     from (select case when web.item_sk is not null then web.item_sk else store.item_sk end item_sk
                 ,case when web.d_date is not null then web.d_date else store.d_date end d_date
                 ,web.cume_sales web_sales
                 ,store.cume_sales store_sales
           from web_v1 web full outer join store_v1 store on (web.item_sk = store.item_sk
                                                          and web.d_date = store.d_date)
          )x )y
where web_cumulative > store_cumulative
order by item_sk
        ,d_date
limit 100;
psql:/tmp/s1-basline/throughput/query_5.sql:897: NOTICE:  duration: 1418.202 ms  plan:
Query Text: WITH web_v1 as (
select
  ws_item_sk item_sk, d_date,
  sum(sum(ws_sales_price))
      over (partition by ws_item_sk order by d_date rows between unbounded preceding and current row) cume_sales
from web_sales
    ,date_dim
where ws_sold_date_sk=d_date_sk
  and d_month_seq between 1181 and 1181+11
  and ws_item_sk is not NULL
group by ws_item_sk, d_date),
store_v1 as (
select
  ss_item_sk item_sk, d_date,
  sum(sum(ss_sales_price))
      over (partition by ss_item_sk order by d_date rows between unbounded preceding and current row) cume_sales
from store_sales
    ,date_dim
where ss_sold_date_sk=d_date_sk
  and d_month_seq between 1181 and 1181+11
  and ss_item_sk is not NULL
group by ss_item_sk, d_date)
 select  *
from (select item_sk
     ,d_date
     ,web_sales
     ,store_sales
     ,max(web_sales)
         over (partition by item_sk order by d_date rows between unbounded preceding and current row) web_cumulative
     ,max(store_sales)
         over (partition by item_sk order by d_date rows between unbounded preceding and current row) store_cumulative
     from (select case when web.item_sk is not null then web.item_sk else store.item_sk end item_sk
                 ,case when web.d_date is not null then web.d_date else store.d_date end d_date
                 ,web.cume_sales web_sales
                 ,store.cume_sales store_sales
           from web_v1 web full outer join store_v1 store on (web.item_sk = store.item_sk
                                                          and web.d_date = store.d_date)
          )x )y
where web_cumulative > store_cumulative
order by item_sk
        ,d_date
limit 100;
Limit  (cost=130430.05..130440.55 rows=100 width=44) (actual time=1358.700..1418.134 rows=100 loops=1)
  ->  Subquery Scan on y  (cost=130430.05..130927.57 rows=4738 width=44) (actual time=1358.699..1418.125 rows=100 loops=1)
        Filter: (y.web_cumulative > y.store_cumulative)
        Rows Removed by Filter: 3778
        ->  WindowAgg  (cost=130430.05..130749.89 rows=14215 width=44) (actual time=1358.659..1417.942 rows=3878 loops=1)
              ->  Sort  (cost=130430.05..130465.59 rows=14215 width=28) (actual time=1358.647..1416.432 rows=3879 loops=1)
                    Sort Key: (CASE WHEN (web_sales.ws_item_sk IS NOT NULL) THEN web_sales.ws_item_sk ELSE store_sales.ss_item_sk END), (CASE WHEN (date_dim.d_date IS NOT NULL) THEN date_dim.d_date ELSE date_dim_1.d_date END)
                    Sort Method: external merge  Disk: 20304kB
                    ->  Merge Full Join  (cost=126687.45..129449.56 rows=14215 width=28) (actual time=494.272..1281.953 rows=603857 loops=1)
                          Merge Cond: ((web_sales.ws_item_sk = store_sales.ss_item_sk) AND (date_dim.d_date = date_dim_1.d_date))
                          ->  WindowAgg  (cost=34149.56..34663.90 rows=3719 width=20) (actual time=126.202..277.777 rows=141111 loops=1)
                                ->  Finalize GroupAggregate  (cost=34149.56..34598.82 rows=3719 width=20) (actual time=126.194..218.580 rows=141111 loops=1)
                                      Group Key: web_sales.ws_item_sk, date_dim.d_date
                                      ->  Gather Merge  (cost=34149.56..34538.38 rows=3100 width=20) (actual time=126.190..181.354 rows=143711 loops=1)
                                            Workers Planned: 2
                                            Workers Launched: 2
                                            ->  Partial GroupAggregate  (cost=33149.54..33180.54 rows=1550 width=20) (actual time=116.036..137.021 rows=47904 loops=3)
                                                  Group Key: web_sales.ws_item_sk, date_dim.d_date
                                                  ->  Sort  (cost=33149.54..33153.41 rows=1550 width=20) (actual time=116.028..120.562 rows=48472 loops=3)
                                                        Sort Key: web_sales.ws_item_sk, date_dim.d_date
                                                        Sort Method: quicksort  Memory: 7696kB
                                                        Worker 0:  Sort Method: quicksort  Memory: 3756kB
                                                        Worker 1:  Sort Method: quicksort  Memory: 3782kB
                                                        ->  Hash Join  (cost=2505.43..33067.40 rows=1550 width=20) (actual time=13.391..100.017 rows=48472 loops=3)
                                                              Hash Cond: (web_sales.ws_sold_date_sk = date_dim.d_date_sk)
                                                              ->  Parallel Seq Scan on web_sales  (cost=0.00..29771.63 rows=301063 width=24) (actual time=0.020..62.251 rows=237185 loops=3)
                                                                    Filter: (ws_item_sk IS NOT NULL)
                                                              ->  Hash  (cost=2500.73..2500.73 rows=376 width=12) (actual time=13.322..13.323 rows=365 loops=3)
                                                                    Buckets: 1024  Batches: 1  Memory Usage: 26kB
                                                                    ->  Seq Scan on date_dim  (cost=0.00..2500.73 rows=376 width=12) (actual time=6.165..13.271 rows=365 loops=3)
                                                                          Filter: ((d_month_seq >= 1181) AND (d_month_seq <= 1192))
                                                                          Rows Removed by Filter: 72684
                          ->  WindowAgg  (cost=92537.89..94503.43 rows=14215 width=20) (actual time=368.066..909.933 rows=489631 loops=1)
                                ->  Finalize GroupAggregate  (cost=92537.89..94254.67 rows=14215 width=20) (actual time=368.058..713.913 rows=489631 loops=1)
                                      Group Key: store_sales.ss_item_sk, date_dim_1.d_date
                                      ->  Gather Merge  (cost=92537.89..94023.67 rows=11846 width=20) (actual time=368.054..591.300 rows=524396 loops=1)
                                            Workers Planned: 2
                                            Workers Launched: 2
                                            ->  Partial GroupAggregate  (cost=91537.87..91656.33 rows=5923 width=20) (actual time=351.573..426.111 rows=174799 loops=3)
                                                  Group Key: store_sales.ss_item_sk, date_dim_1.d_date
                                                  ->  Sort  (cost=91537.87..91552.67 rows=5923 width=20) (actual time=351.564..364.825 rows=181151 loops=3)
                                                        Sort Key: store_sales.ss_item_sk, date_dim_1.d_date
                                                        Sort Method: external merge  Disk: 6648kB
                                                        Worker 0:  Sort Method: quicksort  Memory: 15162kB
                                                        Worker 1:  Sort Method: quicksort  Memory: 15116kB
                                                        ->  Hash Join  (cost=2505.43..91166.73 rows=5923 width=20) (actual time=13.493..276.244 rows=181151 loops=3)
                                                              Hash Cond: (store_sales.ss_sold_date_sk = date_dim_1.d_date_sk)
                                                              ->  Parallel Seq Scan on store_sales  (cost=0.00..85499.45 rows=1204445 width=24) (actual time=0.016..176.825 rows=948150 loops=3)
                                                                    Filter: (ss_item_sk IS NOT NULL)
                                                              ->  Hash  (cost=2500.73..2500.73 rows=376 width=12) (actual time=13.418..13.419 rows=365 loops=3)
                                                                    Buckets: 1024  Batches: 1  Memory Usage: 26kB
                                                                    ->  Seq Scan on date_dim date_dim_1  (cost=0.00..2500.73 rows=376 width=12) (actual time=6.353..13.369 rows=365 loops=3)
                                                                          Filter: ((d_month_seq >= 1181) AND (d_month_seq <= 1192))
                                                                          Rows Removed by Filter: 72684
 item_sk |   d_date   |     web_sales      |    store_sales     |   web_cumulative   |  store_cumulative  
---------+------------+--------------------+--------------------+--------------------+--------------------
       2 | 1998-06-06 |                    |              13.15 |              18.88 |              13.15
       4 | 1998-06-04 |                4.4 |                    |                4.4 |               1.16
       4 | 1998-09-06 |             407.87 |                    |             407.87 |             353.16
      13 | 1998-06-11 |                    |              25.31 |              62.88 |              25.31
      13 | 1998-06-16 |                    |              28.77 |              62.88 |              28.77
      13 | 1998-08-04 |              86.37 |                    |              86.37 |              85.75
      28 | 1998-06-19 |             165.15 |                    |             165.15 |             127.19
      28 | 1998-06-25 |             194.86 |                    |             194.86 |             127.19
      28 | 1998-07-31 |                    |             169.57 |             194.86 |             169.57
      28 | 1998-08-13 |                    |              190.7 |             194.86 |              190.7
      31 | 1998-06-07 |               99.7 |               5.46 |               99.7 |               5.46
      32 | 1998-06-30 | 177.26999999999998 |                    | 177.26999999999998 |             106.34
      32 | 1998-08-09 |                    |             108.89 | 177.26999999999998 |             108.89
      32 | 1998-08-27 |              316.5 |                    |              316.5 |             290.61
      34 | 1998-06-20 | 188.02999999999997 |                    | 188.02999999999997 |              109.7
      34 | 1998-07-14 | 245.71999999999997 |                    | 245.71999999999997 |              109.7
      34 | 1998-07-19 |                    |              109.7 | 245.71999999999997 |              109.7
      34 | 1998-08-13 |                    |             129.27 | 245.71999999999997 |             129.27
      34 | 1998-08-20 |             257.46 |                    |             257.46 |             129.27
      34 | 1998-08-22 |                    |             164.76 |             257.46 |             164.76
      34 | 1998-08-27 |                    | 245.39999999999998 |             257.46 | 245.39999999999998
      38 | 1998-06-08 |              90.37 |                  0 |              90.37 |                  0
      38 | 1998-06-22 |                    |              38.34 |              90.37 |              38.34
      38 | 1998-06-30 |                    |              54.81 |              90.37 |              54.81
      38 | 1998-07-19 |                    |              73.76 |              90.37 |              73.76
      38 | 1998-07-27 |             129.61 |                    |             129.61 |             123.84
      38 | 1998-07-31 |                    |             126.48 |             129.61 |             126.48
      44 | 1998-06-26 |              156.1 |                    |              156.1 |              85.58
      44 | 1998-06-29 |                    |             143.59 |              156.1 |             143.59
      44 | 1998-07-22 | 214.70999999999998 |                    | 214.70999999999998 | 186.54000000000002
      44 | 1998-08-07 | 318.65999999999997 |                    | 318.65999999999997 | 186.54000000000002
      44 | 1998-08-09 |                    | 198.73000000000002 | 318.65999999999997 | 198.73000000000002
      52 | 1998-06-07 |             166.36 |              36.58 |             166.36 |              36.58
      52 | 1998-06-20 |                    |              45.53 |             166.36 |              45.53
      67 | 1998-07-16 | 221.42000000000002 |                    | 221.42000000000002 |              54.49
      67 | 1998-07-19 |             356.54 |                    |             356.54 |              54.49
      67 | 1998-07-26 |                    |               76.9 |             356.54 |               76.9
      67 | 1998-07-30 |                    |             136.77 |             356.54 |             136.77
      67 | 1998-07-31 |                    |             153.15 |             356.54 |             153.15
      67 | 1998-08-04 |                    | 232.17000000000002 |             356.54 | 232.17000000000002
      67 | 1998-08-10 |                    |             241.37 |             356.54 |             241.37
      67 | 1998-08-11 |                    | 255.45000000000002 |             356.54 | 255.45000000000002
      67 | 1998-08-14 |                    |             268.38 |             356.54 |             268.38
      67 | 1998-08-18 |                    | 326.65999999999997 |             356.54 | 326.65999999999997
      67 | 1998-08-19 |             410.04 |                    |             410.04 | 326.65999999999997
      67 | 1998-08-25 |                    | 335.86999999999995 |             410.04 | 335.86999999999995
      67 | 1998-08-30 |                    | 401.54999999999995 |             410.04 | 401.54999999999995
      67 | 1998-09-06 |             441.98 |                    |             441.98 | 401.54999999999995
      67 | 1998-09-11 |             444.19 | 423.43999999999994 |             444.19 | 423.43999999999994
      67 | 1998-10-21 |             737.49 |                    |             737.49 |  717.4799999999999
      67 | 1998-10-30 |                    |  717.9099999999999 |             737.49 |  717.9099999999999
      67 | 1998-11-24 |  966.4300000000001 |                    |  966.4300000000001 |             901.64
      67 | 1998-11-25 | 1022.2800000000001 |                    | 1022.2800000000001 |             901.64
      67 | 1998-11-27 |                    |             903.64 | 1022.2800000000001 |             903.64
      68 | 1998-06-14 |               65.6 |                    |               65.6 |              41.33
      68 | 1998-06-17 | 138.07999999999998 |                    | 138.07999999999998 |              41.33
      68 | 1998-06-25 |                    |              41.33 | 138.07999999999998 |              41.33
      68 | 1998-07-02 |                    |              43.03 | 138.07999999999998 |              43.03
      68 | 1998-07-28 | 208.14999999999998 |                    | 208.14999999999998 |              43.03
      68 | 1998-08-03 |                    |             191.32 | 208.14999999999998 |             191.32
      68 | 1998-08-06 |             253.64 |                    |             253.64 |             191.32
      76 | 1998-07-09 |              14.94 |                    |              14.94 |              11.22
      82 | 1998-06-13 |                    |               25.6 |              34.18 |               25.6
      85 | 1998-06-17 | 169.95999999999998 |                    | 169.95999999999998 |              79.81
      85 | 1998-07-20 |                    | 115.92000000000002 | 169.95999999999998 | 115.92000000000002
      85 | 1998-07-23 |             183.48 |                    |             183.48 | 115.92000000000002
      85 | 1998-08-09 |                    | 155.70000000000002 |             183.48 | 155.70000000000002
      85 | 1998-08-12 |                    | 158.56000000000003 |             183.48 | 158.56000000000003
      92 | 1998-06-06 |              88.84 |                    |              88.84 |              36.67
     103 | 1998-06-24 |              96.44 |                    |              96.44 | 43.769999999999996
     103 | 1998-06-26 |                    |              66.83 |              96.44 |              66.83
     103 | 1998-06-28 |                    |              73.23 |              96.44 |              73.23
     103 | 1998-07-08 | 201.48000000000002 |             124.48 | 201.48000000000002 |             124.48
     103 | 1998-07-15 | 211.42000000000002 |             134.21 | 211.42000000000002 |             134.21
     103 | 1998-07-28 |                    |             187.69 | 211.42000000000002 |             187.69
     103 | 1998-08-20 |              346.8 |             305.25 |              346.8 |             305.25
     103 | 1998-08-21 |                    |             308.31 |              346.8 |             308.31
     103 | 1998-08-31 |             388.68 |                    |             388.68 |             308.31
     103 | 1998-09-05 |                    |             361.58 |             388.68 |             361.58
     103 | 1998-09-12 |             438.75 |                    |             438.75 |             410.34
     103 | 1998-09-13 |                    | 419.48999999999995 |             438.75 | 419.48999999999995
     104 | 1998-07-22 |             289.65 |                    |             289.65 | 190.09000000000003
     104 | 1998-07-23 |                    | 203.29000000000002 |             289.65 | 203.29000000000002
     104 | 1998-07-30 |                    |             277.14 |             289.65 |             277.14
     104 | 1998-08-04 |                    |             285.24 |             289.65 |             285.24
     109 | 1998-08-07 |             268.11 |             166.54 |             268.11 |             166.54
     109 | 1998-08-12 | 319.33000000000004 |                    | 319.33000000000004 |             166.54
     109 | 1998-08-18 |                    |             179.09 | 319.33000000000004 |             179.09
     109 | 1998-08-19 |                    |             203.33 | 319.33000000000004 |             203.33
     110 | 1998-06-16 |                    |               4.16 |               34.2 |               4.16
     110 | 1998-06-25 |                    |              32.85 |               34.2 |              32.85
     110 | 1998-07-12 |             148.86 |                    |             148.86 |             140.42
     112 | 1998-07-29 |             107.25 |                    |             107.25 |              65.89
     112 | 1998-07-31 |                    |              81.93 |             107.25 |              81.93
     112 | 1998-08-12 |             169.96 |                    |             169.96 |             158.27
     112 | 1998-08-23 |             304.06 | 229.42000000000002 |             304.06 | 229.42000000000002
     112 | 1998-08-24 |                    |             272.87 |             304.06 |             272.87
     116 | 1998-07-08 |              250.4 |                    |              250.4 |              40.52
     116 | 1998-07-09 |                    |              59.84 |              250.4 |              59.84
     116 | 1998-07-11 |             276.16 |                    |             276.16 |              59.84
(100 rows)

UPDATE time_statistics SET e_time = TRANSACTION_TIMESTAMP() WHERE template = 'query51.tpl' AND stream = 5;
psql:/tmp/s1-basline/throughput/query_5.sql:899: NOTICE:  duration: 0.096 ms  plan:
Query Text: UPDATE time_statistics SET e_time = TRANSACTION_TIMESTAMP() WHERE template = 'query51.tpl' AND stream = 5;
Update on time_statistics  (cost=0.00..15.87 rows=0 width=0) (actual time=0.095..0.096 rows=0 loops=1)
  ->  Seq Scan on time_statistics  (cost=0.00..15.87 rows=1 width=14) (actual time=0.053..0.081 rows=1 loops=1)
        Filter: ((template = 'query51.tpl'::text) AND (stream = 5))
        Rows Removed by Filter: 566
UPDATE 1
LOAD 'auto_explain'; SET auto_explain.log_min_duration TO 0; SET auto_explain.log_analyze TO on; SET auto_explain.log_level TO notice; INSERT INTO time_statistics (template, s_time, stream, query, seed) VALUES ('query6.tpl', TRANSACTION_TIMESTAMP(), 5, 16, 1199276312);
LOAD
SET
SET
SET
psql:/tmp/s1-basline/throughput/query_5.sql:900: NOTICE:  duration: 0.024 ms  plan:
Query Text: INSERT INTO time_statistics (template, s_time, stream, query, seed) VALUES ('query6.tpl', TRANSACTION_TIMESTAMP(), 5, 16, 1199276312);
Insert on time_statistics  (cost=0.00..0.01 rows=0 width=0) (actual time=0.023..0.023 rows=0 loops=1)
  ->  Result  (cost=0.00..0.01 rows=1 width=64) (actual time=0.001..0.002 rows=1 loops=1)
INSERT 0 1
select  a.ca_state state, count(*) cnt
 from customer_address a
     ,customer c
     ,store_sales s
     ,date_dim d
     ,item i
 where       a.ca_address_sk = c.c_current_addr_sk
 	and c.c_customer_sk = s.ss_customer_sk
 	and s.ss_sold_date_sk = d.d_date_sk
 	and s.ss_item_sk = i.i_item_sk
 	and d.d_month_seq = 
 	     (select distinct (d_month_seq)
 	      from date_dim
               where d_year = 2000
 	        and d_moy = 3 )
 	and i.i_current_price > 1.2 * 
             (select avg(j.i_current_price) 
 	     from item j 
 	     where j.i_category = i.i_category)
 group by a.ca_state
 having count(*) >= 10
 order by cnt, a.ca_state 
 limit 100;
psql:/tmp/s1-basline/throughput/query_5.sql:923: NOTICE:  duration: 108818.890 ms  plan:
Query Text: select  a.ca_state state, count(*) cnt
 from customer_address a
     ,customer c
     ,store_sales s
     ,date_dim d
     ,item i
 where       a.ca_address_sk = c.c_current_addr_sk
 	and c.c_customer_sk = s.ss_customer_sk
 	and s.ss_sold_date_sk = d.d_date_sk
 	and s.ss_item_sk = i.i_item_sk
 	and d.d_month_seq = 
 	     (select distinct (d_month_seq)
 	      from date_dim
               where d_year = 2000
 	        and d_moy = 3 )
 	and i.i_current_price > 1.2 * 
             (select avg(j.i_current_price) 
 	     from item j 
 	     where j.i_category = i.i_category)
 group by a.ca_state
 having count(*) >= 10
 order by cnt, a.ca_state 
 limit 100;
Limit  (cost=1653952.89..1653952.93 rows=17 width=11) (actual time=108818.865..108818.874 rows=43 loops=1)
  InitPlan 1 (returns $0)
    ->  Unique  (cost=2501.50..2501.66 rows=31 width=4) (actual time=8.586..8.591 rows=1 loops=1)
          ->  Sort  (cost=2501.50..2501.58 rows=31 width=4) (actual time=8.585..8.587 rows=31 loops=1)
                Sort Key: date_dim.d_month_seq
                Sort Method: quicksort  Memory: 25kB
                ->  Seq Scan on date_dim  (cost=0.00..2500.73 rows=31 width=4) (actual time=4.178..8.580 rows=31 loops=1)
                      Filter: ((d_year = 2000) AND (d_moy = 3))
                      Rows Removed by Filter: 73018
  ->  Sort  (cost=1651451.23..1651451.27 rows=17 width=11) (actual time=108818.864..108818.868 rows=43 loops=1)
        Sort Key: (count(*)), a.ca_state
        Sort Method: quicksort  Memory: 27kB
        ->  GroupAggregate  (cost=1651447.54..1651450.88 rows=17 width=11) (actual time=108818.517..108818.850 rows=43 loops=1)
              Group Key: a.ca_state
              Filter: (count(*) >= 10)
              Rows Removed by Filter: 7
              ->  Sort  (cost=1651447.54..1651448.44 rows=361 width=3) (actual time=108818.510..108818.602 rows=2396 loops=1)
                    Sort Key: a.ca_state
                    Sort Method: quicksort  Memory: 208kB
                    ->  Nested Loop  (cost=1.30..1651432.20 rows=361 width=3) (actual time=32.443..108816.927 rows=2396 loops=1)
                          ->  Nested Loop  (cost=1.01..1651316.14 rows=361 width=8) (actual time=32.434..108807.451 rows=2396 loops=1)
                                ->  Nested Loop  (cost=0.72..42182.87 rows=1083 width=16) (actual time=11.492..100.799 rows=26580 loops=1)
                                      ->  Nested Loop  (cost=0.43..41829.86 rows=1134 width=16) (actual time=11.485..33.527 rows=27244 loops=1)
                                            ->  Seq Scan on date_dim d  (cost=0.00..2318.11 rows=30 width=8) (actual time=11.467..15.226 rows=31 loops=1)
                                                  Filter: (d_month_seq = $0)
                                                  Rows Removed by Filter: 73018
                                            ->  Index Scan using i_ss_sold_date_sk on store_sales s  (cost=0.43..1301.91 rows=1515 width=24) (actual time=0.008..0.425 rows=879 loops=31)
                                                  Index Cond: (ss_sold_date_sk = d.d_date_sk)
                                      ->  Index Scan using pk_customer on customer c  (cost=0.29..0.31 rows=1 width=16) (actual time=0.002..0.002 rows=1 loops=27244)
                                            Index Cond: (c_customer_sk = s.ss_customer_sk)
                                ->  Index Scan using pk_item on item i  (cost=0.29..1485.81 rows=1 width=8) (actual time=4.089..4.089 rows=0 loops=26580)
                                      Index Cond: (i_item_sk = s.ss_item_sk)
                                      Filter: (i_current_price > ('1.2'::double precision * (SubPlan 2)))
                                      Rows Removed by Filter: 1
                                      SubPlan 2
                                        ->  Aggregate  (cost=1485.49..1485.50 rows=1 width=8) (actual time=4.087..4.087 rows=1 loops=26580)
                                              ->  Seq Scan on item j  (cost=0.00..1481.00 rows=1795 width=8) (actual time=0.009..3.976 rows=1792 loops=26580)
                                                    Filter: (i_category = i.i_category)
                                                    Rows Removed by Filter: 16208
                          ->  Index Scan using pk_customer_address on customer_address a  (cost=0.29..0.32 rows=1 width=11) (actual time=0.003..0.003 rows=1 loops=2396)
                                Index Cond: (ca_address_sk = c.c_current_addr_sk)
 state | cnt 
-------+-----
 AK    |  12
 ME    |  12
 VT    |  12
 NV    |  13
 WY    |  13
 NJ    |  14
 OR    |  20
 WA    |  25
 ID    |  30
 UT    |  30
 NM    |  33
 FL    |  34
 SC    |  34
 CA    |  35
 SD    |  35
 WV    |  35
 ND    |  39
 PA    |  43
 LA    |  44
 MT    |  44
 AL    |  47
 MI    |  53
 AR    |  55
 WI    |  55
 CO    |  56
 NY    |  57
 OK    |  57
 MS    |  62
 NC    |  66
 OH    |  67
 KS    |  72
 MO    |  72
       |  73
 MN    |  75
 NE    |  76
 IL    |  77
 TN    |  79
 IN    |  82
 IA    |  97
 KY    |  98
 GA    | 110
 VA    | 119
 TX    | 203
(43 rows)

UPDATE time_statistics SET e_time = TRANSACTION_TIMESTAMP() WHERE template = 'query6.tpl' AND stream = 5;
psql:/tmp/s1-basline/throughput/query_5.sql:925: NOTICE:  duration: 0.083 ms  plan:
Query Text: UPDATE time_statistics SET e_time = TRANSACTION_TIMESTAMP() WHERE template = 'query6.tpl' AND stream = 5;
Update on time_statistics  (cost=0.00..15.87 rows=0 width=0) (actual time=0.082..0.082 rows=0 loops=1)
  ->  Seq Scan on time_statistics  (cost=0.00..15.87 rows=1 width=14) (actual time=0.043..0.067 rows=1 loops=1)
        Filter: ((template = 'query6.tpl'::text) AND (stream = 5))
        Rows Removed by Filter: 567
UPDATE 1
LOAD 'auto_explain'; SET auto_explain.log_min_duration TO 0; SET auto_explain.log_analyze TO on; SET auto_explain.log_level TO notice; INSERT INTO time_statistics (template, s_time, stream, query, seed) VALUES ('../query_postgresql/query49.tpl', TRANSACTION_TIMESTAMP(), 5, 17, 972753697);
LOAD
SET
SET
SET
psql:/tmp/s1-basline/throughput/query_5.sql:926: NOTICE:  duration: 0.012 ms  plan:
Query Text: INSERT INTO time_statistics (template, s_time, stream, query, seed) VALUES ('../query_postgresql/query49.tpl', TRANSACTION_TIMESTAMP(), 5, 17, 972753697);
Insert on time_statistics  (cost=0.00..0.01 rows=0 width=0) (actual time=0.012..0.012 rows=0 loops=1)
  ->  Result  (cost=0.00..0.01 rows=1 width=64) (actual time=0.001..0.001 rows=1 loops=1)
INSERT 0 1
select  channel, item, return_ratio, return_rank, currency_rank from
 (select
 'web' as channel
 ,web.item
 ,web.return_ratio
 ,web.return_rank
 ,web.currency_rank
 from (
 	select 
 	 item
 	,return_ratio
 	,currency_ratio
 	,rank() over (order by return_ratio) as return_rank
 	,rank() over (order by currency_ratio) as currency_rank
 	from
 	(	select ws.ws_item_sk as item
 		,(cast(sum(coalesce(wr.wr_return_quantity,0)) as decimal(15,4))/
 		cast(sum(coalesce(ws.ws_quantity,0)) as decimal(15,4) )) as return_ratio
 		,(cast(sum(coalesce(wr.wr_return_amt,0)) as decimal(15,4))/
 		cast(sum(coalesce(ws.ws_net_paid,0)) as decimal(15,4) )) as currency_ratio
 		from 
 		 web_sales ws left outer join web_returns wr 
 			on (ws.ws_order_number = wr.wr_order_number and 
 			ws.ws_item_sk = wr.wr_item_sk)
                 ,date_dim
 		where 
 			wr.wr_return_amt > 10000 
 			and ws.ws_net_profit > 1
                         and ws.ws_net_paid > 0
                         and ws.ws_quantity > 0
                         and ws_sold_date_sk = d_date_sk
                         and d_year = 2000
                         and d_moy = 12
 		group by ws.ws_item_sk
 	) in_web
 ) web
 where 
 (
 web.return_rank <= 10
 or
 web.currency_rank <= 10
 )
 union
 select 
 'catalog' as channel
 ,catalog.item
 ,catalog.return_ratio
 ,catalog.return_rank
 ,catalog.currency_rank
 from (
 	select 
 	 item
 	,return_ratio
 	,currency_ratio
 	,rank() over (order by return_ratio) as return_rank
 	,rank() over (order by currency_ratio) as currency_rank
 	from
 	(	select 
 		cs.cs_item_sk as item
 		,(cast(sum(coalesce(cr.cr_return_quantity,0)) as decimal(15,4))/
 		cast(sum(coalesce(cs.cs_quantity,0)) as decimal(15,4) )) as return_ratio
 		,(cast(sum(coalesce(cr.cr_return_amount,0)) as decimal(15,4))/
 		cast(sum(coalesce(cs.cs_net_paid,0)) as decimal(15,4) )) as currency_ratio
 		from 
 		catalog_sales cs left outer join catalog_returns cr
 			on (cs.cs_order_number = cr.cr_order_number and 
 			cs.cs_item_sk = cr.cr_item_sk)
                ,date_dim
 		where 
 			cr.cr_return_amount > 10000 
 			and cs.cs_net_profit > 1
                         and cs.cs_net_paid > 0
                         and cs.cs_quantity > 0
                         and cs_sold_date_sk = d_date_sk
                         and d_year = 2000
                         and d_moy = 12
                 group by cs.cs_item_sk
 	) in_cat
 ) catalog
 where 
 (
 catalog.return_rank <= 10
 or
 catalog.currency_rank <=10
 )
 union
 select 
 'store' as channel
 ,store.item
 ,store.return_ratio
 ,store.return_rank
 ,store.currency_rank
 from (
 	select 
 	 item
 	,return_ratio
 	,currency_ratio
 	,rank() over (order by return_ratio) as return_rank
 	,rank() over (order by currency_ratio) as currency_rank
 	from
 	(	select sts.ss_item_sk as item
 		,(cast(sum(coalesce(sr.sr_return_quantity,0)) as decimal(15,4))/cast(sum(coalesce(sts.ss_quantity,0)) as decimal(15,4) )) as return_ratio
 		,(cast(sum(coalesce(sr.sr_return_amt,0)) as decimal(15,4))/cast(sum(coalesce(sts.ss_net_paid,0)) as decimal(15,4) )) as currency_ratio
 		from 
 		store_sales sts left outer join store_returns sr
 			on (sts.ss_ticket_number = sr.sr_ticket_number and sts.ss_item_sk = sr.sr_item_sk)
                ,date_dim
 		where 
 			sr.sr_return_amt > 10000 
 			and sts.ss_net_profit > 1
                         and sts.ss_net_paid > 0 
                         and sts.ss_quantity > 0
                         and ss_sold_date_sk = d_date_sk
                         and d_year = 2000
                         and d_moy = 12
 		group by sts.ss_item_sk
 	) in_store
 ) store
 where  (
 store.return_rank <= 10
 or 
 store.currency_rank <= 10
 )
 ) query49
 order by 1,4,5,2
 limit 100;
psql:/tmp/s1-basline/throughput/query_5.sql:1052: NOTICE:  duration: 113.367 ms  plan:
Query Text: select  channel, item, return_ratio, return_rank, currency_rank from
 (select
 'web' as channel
 ,web.item
 ,web.return_ratio
 ,web.return_rank
 ,web.currency_rank
 from (
 	select 
 	 item
 	,return_ratio
 	,currency_ratio
 	,rank() over (order by return_ratio) as return_rank
 	,rank() over (order by currency_ratio) as currency_rank
 	from
 	(	select ws.ws_item_sk as item
 		,(cast(sum(coalesce(wr.wr_return_quantity,0)) as decimal(15,4))/
 		cast(sum(coalesce(ws.ws_quantity,0)) as decimal(15,4) )) as return_ratio
 		,(cast(sum(coalesce(wr.wr_return_amt,0)) as decimal(15,4))/
 		cast(sum(coalesce(ws.ws_net_paid,0)) as decimal(15,4) )) as currency_ratio
 		from 
 		 web_sales ws left outer join web_returns wr 
 			on (ws.ws_order_number = wr.wr_order_number and 
 			ws.ws_item_sk = wr.wr_item_sk)
                 ,date_dim
 		where 
 			wr.wr_return_amt > 10000 
 			and ws.ws_net_profit > 1
                         and ws.ws_net_paid > 0
                         and ws.ws_quantity > 0
                         and ws_sold_date_sk = d_date_sk
                         and d_year = 2000
                         and d_moy = 12
 		group by ws.ws_item_sk
 	) in_web
 ) web
 where 
 (
 web.return_rank <= 10
 or
 web.currency_rank <= 10
 )
 union
 select 
 'catalog' as channel
 ,catalog.item
 ,catalog.return_ratio
 ,catalog.return_rank
 ,catalog.currency_rank
 from (
 	select 
 	 item
 	,return_ratio
 	,currency_ratio
 	,rank() over (order by return_ratio) as return_rank
 	,rank() over (order by currency_ratio) as currency_rank
 	from
 	(	select 
 		cs.cs_item_sk as item
 		,(cast(sum(coalesce(cr.cr_return_quantity,0)) as decimal(15,4))/
 		cast(sum(coalesce(cs.cs_quantity,0)) as decimal(15,4) )) as return_ratio
 		,(cast(sum(coalesce(cr.cr_return_amount,0)) as decimal(15,4))/
 		cast(sum(coalesce(cs.cs_net_paid,0)) as decimal(15,4) )) as currency_ratio
 		from 
 		catalog_sales cs left outer join catalog_returns cr
 			on (cs.cs_order_number = cr.cr_order_number and 
 			cs.cs_item_sk = cr.cr_item_sk)
                ,date_dim
 		where 
 			cr.cr_return_amount > 10000 
 			and cs.cs_net_profit > 1
                         and cs.cs_net_paid > 0
                         and cs.cs_quantity > 0
                         and cs_sold_date_sk = d_date_sk
                         and d_year = 2000
                         and d_moy = 12
                 group by cs.cs_item_sk
 	) in_cat
 ) catalog
 where 
 (
 catalog.return_rank <= 10
 or
 catalog.currency_rank <=10
 )
 union
 select 
 'store' as channel
 ,store.item
 ,store.return_ratio
 ,store.return_rank
 ,store.currency_rank
 from (
 	select 
 	 item
 	,return_ratio
 	,currency_ratio
 	,rank() over (order by return_ratio) as return_rank
 	,rank() over (order by currency_ratio) as currency_rank
 	from
 	(	select sts.ss_item_sk as item
 		,(cast(sum(coalesce(sr.sr_return_quantity,0)) as decimal(15,4))/cast(sum(coalesce(sts.ss_quantity,0)) as decimal(15,4) )) as return_ratio
 		,(cast(sum(coalesce(sr.sr_return_amt,0)) as decimal(15,4))/cast(sum(coalesce(sts.ss_net_paid,0)) as decimal(15,4) )) as currency_ratio
 		from 
 		store_sales sts left outer join store_returns sr
 			on (sts.ss_ticket_number = sr.sr_ticket_number and sts.ss_item_sk = sr.sr_item_sk)
                ,date_dim
 		where 
 			sr.sr_return_amt > 10000 
 			and sts.ss_net_profit > 1
                         and sts.ss_net_paid > 0 
                         and sts.ss_quantity > 0
                         and ss_sold_date_sk = d_date_sk
                         and d_year = 2000
                         and d_moy = 12
 		group by sts.ss_item_sk
 	) in_store
 ) store
 where  (
 store.return_rank <= 10
 or 
 store.currency_rank <= 10
 )
 ) query49
 order by 1,4,5,2
 limit 100;
Limit  (cost=22803.67..22803.68 rows=3 width=88) (actual time=113.329..113.345 rows=29 loops=1)
  ->  Sort  (cost=22803.67..22803.68 rows=3 width=88) (actual time=113.328..113.342 rows=29 loops=1)
        Sort Key: ('web'::text), web.return_rank, web.currency_rank, web.item
        Sort Method: quicksort  Memory: 27kB
        ->  HashAggregate  (cost=22803.59..22803.62 rows=3 width=88) (actual time=113.302..113.320 rows=29 loops=1)
              Group Key: ('web'::text), web.item, web.return_ratio, web.return_rank, web.currency_rank
              Batches: 1  Memory Usage: 32kB
              ->  Append  (cost=4475.69..22803.55 rows=3 width=88) (actual time=16.641..113.290 rows=29 loops=1)
                    ->  Subquery Scan on web  (cost=4475.69..4475.73 rows=1 width=88) (actual time=16.640..16.654 rows=11 loops=1)
                          Filter: ((web.return_rank <= 10) OR (web.currency_rank <= 10))
                          ->  WindowAgg  (cost=4475.69..4475.71 rows=1 width=88) (actual time=16.639..16.651 rows=11 loops=1)
                                ->  Sort  (cost=4475.69..4475.70 rows=1 width=80) (actual time=16.635..16.640 rows=11 loops=1)
                                      Sort Key: in_web.return_ratio
                                      Sort Method: quicksort  Memory: 25kB
                                      ->  WindowAgg  (cost=4475.66..4475.68 rows=1 width=80) (actual time=16.615..16.627 rows=11 loops=1)
                                            ->  Sort  (cost=4475.66..4475.67 rows=1 width=72) (actual time=16.604..16.608 rows=11 loops=1)
                                                  Sort Key: in_web.currency_ratio
                                                  Sort Method: quicksort  Memory: 25kB
                                                  ->  Subquery Scan on in_web  (cost=4475.59..4475.65 rows=1 width=72) (actual time=16.570..16.601 rows=11 loops=1)
                                                        ->  GroupAggregate  (cost=4475.59..4475.64 rows=1 width=72) (actual time=16.570..16.599 rows=11 loops=1)
                                                              Group Key: ws.ws_item_sk
                                                              ->  Sort  (cost=4475.59..4475.59 rows=1 width=32) (actual time=16.549..16.552 rows=11 loops=1)
                                                                    Sort Key: ws.ws_item_sk
                                                                    Sort Method: quicksort  Memory: 25kB
                                                                    ->  Nested Loop  (cost=0.72..4475.58 rows=1 width=32) (actual time=0.499..16.544 rows=11 loops=1)
                                                                          ->  Nested Loop  (cost=0.42..4475.26 rows=1 width=40) (actual time=0.046..15.683 rows=546 loops=1)
                                                                                ->  Seq Scan on web_returns wr  (cost=0.00..2802.96 rows=657 width=28) (actual time=0.032..12.864 rows=616 loops=1)
                                                                                      Filter: (wr_return_amt > '10000'::double precision)
                                                                                      Rows Removed by Filter: 70790
                                                                                ->  Index Scan using pk_web_sales on web_sales ws  (cost=0.42..2.55 rows=1 width=36) (actual time=0.004..0.004 rows=1 loops=616)
                                                                                      Index Cond: ((ws_item_sk = wr.wr_item_sk) AND (ws_order_number = wr.wr_order_number))
                                                                                      Filter: ((ws_net_profit > '1'::double precision) AND (ws_net_paid > '0'::double precision) AND (ws_quantity > 0))
                                                                                      Rows Removed by Filter: 0
                                                                          ->  Index Scan using pk_date_dim on date_dim  (cost=0.29..0.32 rows=1 width=8) (actual time=0.001..0.001 rows=0 loops=546)
                                                                                Index Cond: (d_date_sk = ws.ws_sold_date_sk)
                                                                                Filter: ((d_year = 2000) AND (d_moy = 12))
                                                                                Rows Removed by Filter: 1
                    ->  Subquery Scan on catalog  (cost=4371.12..4371.16 rows=1 width=88) (actual time=53.321..53.361 rows=12 loops=1)
                          Filter: ((catalog.return_rank <= 10) OR (catalog.currency_rank <= 10))
                          Rows Removed by Filter: 39
                          ->  WindowAgg  (cost=4371.12..4371.14 rows=1 width=88) (actual time=53.319..53.356 rows=51 loops=1)
                                ->  Sort  (cost=4371.12..4371.13 rows=1 width=80) (actual time=53.316..53.322 rows=51 loops=1)
                                      Sort Key: in_cat.return_ratio
                                      Sort Method: quicksort  Memory: 29kB
                                      ->  WindowAgg  (cost=4371.09..4371.11 rows=1 width=80) (actual time=53.262..53.300 rows=51 loops=1)
                                            ->  Sort  (cost=4371.09..4371.10 rows=1 width=72) (actual time=53.254..53.259 rows=51 loops=1)
                                                  Sort Key: in_cat.currency_ratio
                                                  Sort Method: quicksort  Memory: 28kB
                                                  ->  Subquery Scan on in_cat  (cost=4371.02..4371.08 rows=1 width=72) (actual time=53.102..53.231 rows=51 loops=1)
                                                        ->  GroupAggregate  (cost=4371.02..4371.07 rows=1 width=72) (actual time=53.101..53.226 rows=51 loops=1)
                                                              Group Key: cs.cs_item_sk
                                                              ->  Sort  (cost=4371.02..4371.03 rows=1 width=32) (actual time=53.079..53.084 rows=51 loops=1)
                                                                    Sort Key: cs.cs_item_sk
                                                                    Sort Method: quicksort  Memory: 28kB
                                                                    ->  Nested Loop  (cost=0.85..4371.01 rows=1 width=32) (actual time=4.403..53.047 rows=51 loops=1)
                                                                          ->  Nested Loop  (cost=0.43..4264.69 rows=235 width=28) (actual time=4.357..26.091 rows=17705 loops=1)
                                                                                ->  Seq Scan on date_dim date_dim_1  (cost=0.00..2500.73 rows=31 width=8) (actual time=4.323..8.847 rows=31 loops=1)
                                                                                      Filter: ((d_year = 2000) AND (d_moy = 12))
                                                                                      Rows Removed by Filter: 73018
                                                                                ->  Index Scan using i_cs_sold_date_sk on catalog_sales cs  (cost=0.43..53.87 rows=303 width=36) (actual time=0.006..0.511 rows=571 loops=31)
                                                                                      Index Cond: (cs_sold_date_sk = date_dim_1.d_date_sk)
                                                                                      Filter: ((cs_net_profit > '1'::double precision) AND (cs_net_paid > '0'::double precision) AND (cs_quantity > 0))
                                                                                      Rows Removed by Filter: 889
                                                                          ->  Index Scan using pk_catalog_returns on catalog_returns cr  (cost=0.42..0.45 rows=1 width=28) (actual time=0.001..0.001 rows=0 loops=17705)
                                                                                Index Cond: ((cr_item_sk = cs.cs_item_sk) AND (cr_order_number = cs.cs_order_number))
                                                                                Filter: (cr_return_amount > '10000'::double precision)
                                                                                Rows Removed by Filter: 0
                    ->  Subquery Scan on store  (cost=13956.59..13956.62 rows=1 width=88) (actual time=43.262..43.268 rows=6 loops=1)
                          Filter: ((store.return_rank <= 10) OR (store.currency_rank <= 10))
                          ->  WindowAgg  (cost=13956.59..13956.61 rows=1 width=88) (actual time=43.260..43.265 rows=6 loops=1)
                                ->  Sort  (cost=13956.59..13956.59 rows=1 width=80) (actual time=43.257..43.259 rows=6 loops=1)
                                      Sort Key: in_store.return_ratio
                                      Sort Method: quicksort  Memory: 25kB
                                      ->  WindowAgg  (cost=13956.56..13956.58 rows=1 width=80) (actual time=43.241..43.247 rows=6 loops=1)
                                            ->  Sort  (cost=13956.56..13956.56 rows=1 width=72) (actual time=43.230..43.232 rows=6 loops=1)
                                                  Sort Key: in_store.currency_ratio
                                                  Sort Method: quicksort  Memory: 25kB
                                                  ->  Subquery Scan on in_store  (cost=13956.49..13956.55 rows=1 width=72) (actual time=43.208..43.223 rows=6 loops=1)
                                                        ->  GroupAggregate  (cost=13956.49..13956.54 rows=1 width=72) (actual time=43.207..43.221 rows=6 loops=1)
                                                              Group Key: sts.ss_item_sk
                                                              ->  Sort  (cost=13956.49..13956.49 rows=1 width=32) (actual time=43.186..43.187 rows=6 loops=1)
                                                                    Sort Key: sts.ss_item_sk
                                                                    Sort Method: quicksort  Memory: 25kB
                                                                    ->  Nested Loop  (cost=0.72..13956.48 rows=1 width=32) (actual time=1.966..43.174 rows=6 loops=1)
                                                                          ->  Nested Loop  (cost=0.43..13956.16 rows=1 width=40) (actual time=0.114..42.554 rows=342 loops=1)
                                                                                ->  Seq Scan on store_returns sr  (cost=0.00..10158.16 rows=1466 width=28) (actual time=0.098..40.408 rows=436 loops=1)
                                                                                      Filter: (sr_return_amt > '10000'::double precision)
                                                                                      Rows Removed by Filter: 284584
                                                                                ->  Index Scan using pk_store_sales on store_sales sts  (cost=0.43..2.59 rows=1 width=36) (actual time=0.005..0.005 rows=1 loops=436)
                                                                                      Index Cond: ((ss_item_sk = sr.sr_item_sk) AND (ss_ticket_number = sr.sr_ticket_number))
                                                                                      Filter: ((ss_net_profit > '1'::double precision) AND (ss_net_paid > '0'::double precision) AND (ss_quantity > 0))
                                                                                      Rows Removed by Filter: 0
                                                                          ->  Index Scan using pk_date_dim on date_dim date_dim_2  (cost=0.29..0.32 rows=1 width=8) (actual time=0.002..0.002 rows=0 loops=342)
                                                                                Index Cond: (d_date_sk = sts.ss_sold_date_sk)
                                                                                Filter: ((d_year = 2000) AND (d_moy = 12))
                                                                                Rows Removed by Filter: 1
 channel | item  |      return_ratio      | return_rank | currency_rank 
---------+-------+------------------------+-------------+---------------
 catalog |  3829 | 0.46236559139784946237 |           1 |             1
 catalog | 16622 | 0.49425287356321839080 |           2 |             2
 catalog | 17515 | 0.49494949494949494949 |           3 |             3
 catalog | 11975 | 0.55670103092783505155 |           4 |             4
 catalog |  6451 | 0.57731958762886597938 |           5 |            50
 catalog | 12553 | 0.60606060606060606061 |           6 |             5
 catalog |  5203 | 0.64130434782608695652 |           7 |             6
 catalog | 14947 | 0.64367816091954022989 |           8 |             7
 catalog | 12404 | 0.70731707317073170732 |           9 |            29
 catalog | 15985 | 0.72222222222222222222 |          10 |             8
 catalog |  9497 | 0.73033707865168539326 |          11 |             9
 catalog | 13609 | 0.78125000000000000000 |          12 |            10
 store   | 12197 | 0.73913043478260869565 |           1 |             1
 store   | 10729 | 0.83157894736842105263 |           2 |             2
 store   | 14125 | 0.85714285714285714286 |           3 |             3
 store   |  6443 | 0.94565217391304347826 |           4 |             4
 store   |  3391 | 0.98837209302325581395 |           5 |             5
 store   |  5984 | 1.00000000000000000000 |           6 |             6
 web     |  1676 | 0.68478260869565217391 |           1 |             1
 web     |  5707 | 0.72000000000000000000 |           2 |            11
 web     |  7403 | 0.78461538461538461538 |           3 |             2
 web     |  9427 | 0.80434782608695652174 |           4 |             3
 web     |  3497 | 0.81250000000000000000 |           5 |             4
 web     |   145 | 0.89473684210526315789 |           6 |             5
 web     |  6467 | 0.94827586206896551724 |           7 |             6
 web     | 11981 | 0.95000000000000000000 |           8 |             7
 web     |   572 | 0.95505617977528089888 |           9 |             8
 web     |  1913 | 0.95588235294117647059 |          10 |             9
 web     | 12992 | 1.00000000000000000000 |          11 |            10
(29 rows)

UPDATE time_statistics SET e_time = TRANSACTION_TIMESTAMP() WHERE template = '../query_postgresql/query49.tpl' AND stream = 5;
psql:/tmp/s1-basline/throughput/query_5.sql:1054: NOTICE:  duration: 0.083 ms  plan:
Query Text: UPDATE time_statistics SET e_time = TRANSACTION_TIMESTAMP() WHERE template = '../query_postgresql/query49.tpl' AND stream = 5;
Update on time_statistics  (cost=0.00..15.87 rows=0 width=0) (actual time=0.082..0.082 rows=0 loops=1)
  ->  Seq Scan on time_statistics  (cost=0.00..15.87 rows=1 width=14) (actual time=0.052..0.069 rows=1 loops=1)
        Filter: ((template = '../query_postgresql/query49.tpl'::text) AND (stream = 5))
        Rows Removed by Filter: 568
UPDATE 1
LOAD 'auto_explain'; SET auto_explain.log_min_duration TO 0; SET auto_explain.log_analyze TO on; SET auto_explain.log_level TO notice; INSERT INTO time_statistics (template, s_time, stream, query, seed) VALUES ('query52.tpl', TRANSACTION_TIMESTAMP(), 5, 18, 1527865310);
LOAD
SET
SET
SET
psql:/tmp/s1-basline/throughput/query_5.sql:1055: NOTICE:  duration: 0.008 ms  plan:
Query Text: INSERT INTO time_statistics (template, s_time, stream, query, seed) VALUES ('query52.tpl', TRANSACTION_TIMESTAMP(), 5, 18, 1527865310);
Insert on time_statistics  (cost=0.00..0.01 rows=0 width=0) (actual time=0.008..0.008 rows=0 loops=1)
  ->  Result  (cost=0.00..0.01 rows=1 width=64) (actual time=0.001..0.002 rows=1 loops=1)
INSERT 0 1
select  dt.d_year
 	,item.i_brand_id brand_id
 	,item.i_brand brand
 	,sum(ss_ext_sales_price) ext_price
 from date_dim dt
     ,store_sales
     ,item
 where dt.d_date_sk = store_sales.ss_sold_date_sk
    and store_sales.ss_item_sk = item.i_item_sk
    and item.i_manager_id = 1
    and dt.d_moy=11
    and dt.d_year=2001
 group by dt.d_year
 	,item.i_brand
 	,item.i_brand_id
 order by dt.d_year
 	,ext_price desc
 	,brand_id
limit 100 ;
psql:/tmp/s1-basline/throughput/query_5.sql:1074: NOTICE:  duration: 170.124 ms  plan:
Query Text: select  dt.d_year
 	,item.i_brand_id brand_id
 	,item.i_brand brand
 	,sum(ss_ext_sales_price) ext_price
 from date_dim dt
     ,store_sales
     ,item
 where dt.d_date_sk = store_sales.ss_sold_date_sk
    and store_sales.ss_item_sk = item.i_item_sk
    and item.i_manager_id = 1
    and dt.d_moy=11
    and dt.d_year=2001
 group by dt.d_year
 	,item.i_brand
 	,item.i_brand_id
 order by dt.d_year
 	,ext_price desc
 	,brand_id
limit 100 ;
Limit  (cost=41326.90..41326.94 rows=19 width=67) (actual time=170.053..170.065 rows=100 loops=1)
  ->  Sort  (cost=41326.90..41326.94 rows=19 width=67) (actual time=170.053..170.058 rows=100 loops=1)
        Sort Key: (sum(store_sales.ss_ext_sales_price)) DESC, item.i_brand_id
        Sort Method: quicksort  Memory: 42kB
        ->  GroupAggregate  (cost=41326.07..41326.49 rows=19 width=67) (actual time=169.656..170.021 rows=123 loops=1)
              Group Key: dt.d_year, item.i_brand, item.i_brand_id
              ->  Sort  (cost=41326.07..41326.11 rows=19 width=67) (actual time=169.642..169.705 rows=1602 loops=1)
                    Sort Key: item.i_brand, item.i_brand_id
                    Sort Method: quicksort  Memory: 223kB
                    ->  Nested Loop  (cost=0.72..41325.66 rows=19 width=67) (actual time=4.201..167.953 rows=1602 loops=1)
                          ->  Nested Loop  (cost=0.43..40988.10 rows=1096 width=20) (actual time=4.158..46.238 rows=82447 loops=1)
                                ->  Seq Scan on date_dim dt  (cost=0.00..2500.73 rows=29 width=12) (actual time=4.148..8.646 rows=30 loops=1)
                                      Filter: ((d_moy = 11) AND (d_year = 2001))
                                      Rows Removed by Filter: 73019
                                ->  Index Scan using i_ss_sold_date_sk on store_sales  (cost=0.43..1312.00 rows=1515 width=24) (actual time=0.006..0.865 rows=2748 loops=30)
                                      Index Cond: (ss_sold_date_sk = dt.d_date_sk)
                          ->  Index Scan using pk_item on item  (cost=0.29..0.31 rows=1 width=63) (actual time=0.001..0.001 rows=0 loops=82447)
                                Index Cond: (i_item_sk = store_sales.ss_item_sk)
                                Filter: (i_manager_id = 1)
                                Rows Removed by Filter: 1
 d_year | brand_id |                       brand                        |     ext_price      
--------+----------+----------------------------------------------------+--------------------
   2001 |  3004002 | edu packexporti #2                                 | 118874.99000000002
   2001 |  4001002 | amalgedu pack #2                                   |  94809.91999999997
   2001 |  1003002 | exportiamalg #2                                    |           94784.69
   2001 |  1004002 | edu packamalg #2                                   |  90684.58999999998
   2001 |  1002002 | importoamalg #2                                    |           81681.09
   2001 |  3002002 | importoexporti #2                                  |  71505.43999999999
   2001 |  5004002 | edu packscholar #2                                 |  64237.31999999999
   2001 |  4003002 | exportiedu pack #2                                 |  60820.73999999999
   2001 |  4002002 | importoedu pack #2                                 |  53347.00000000001
   2001 |  3003002 | exportiexporti #2                                  |  50224.87999999998
   2001 |  2004002 | edu packimporto #2                                 |  48954.95000000001
   2001 |  5003002 | exportischolar #2                                  |              47539
   2001 |  6001004 | amalgcorp #4                                       |           46576.92
   2001 |  5001002 | amalgscholar #2                                    |           46100.14
   2001 |  1001002 | amalgamalg #2                                      |           45704.03
   2001 |  7003008 | exportibrand #8                                    |              43076
   2001 |  2003002 | exportiimporto #2                                  |           39999.68
   2001 |  7007010 | brandbrand #10                                     |              36926
   2001 |  2001001 | importoimporto #2                                  |           35043.46
   2001 |  6004008 | edu packcorp #8                                    |           34818.47
   2001 |  9016009 | importounivamalg #10                               |  33213.89000000001
   2001 |  2002002 | importoimporto #2                                  |           33009.68
   2001 |  9001005 | amalgedu pack #2                                   | 30892.800000000003
   2001 |  8012003 | amalgexporti #2                                    |           30881.29
   2001 |  5004001 | importounivamalg #5                                |           29961.75
   2001 |  7016004 | corpnameless #4                                    |           29422.88
   2001 |  7011003 | scholarunivamalg #6                                |           29317.79
   2001 |  9011003 | edu packamalg #2                                   |           27809.38
   2001 |  5002002 | importoscholar #2                                  |           27648.02
   2001 |  9014011 | amalgamalgamalg #9                                 |           27339.03
   2001 |  2001002 | amalgimporto #2                                    | 27300.510000000006
   2001 | 10011001 | namelessunivamalg #2                               |           26864.14
   2001 |  6008003 | edu packedu pack #2                                |           25974.32
   2001 |  2002001 | importounivamalg #10                               |           25748.47
   2001 |  7001007 | importomaxi #8                                     | 25584.640000000003
   2001 |  9012010 | importounivamalg #10                               |           25455.82
   2001 | 10002010 | importounivamalg #10                               | 25411.770000000004
   2001 |  9005002 | scholarmaxi #2                                     |           25372.71
   2001 |  4001001 | importounivamalg #12                               | 25349.489999999998
   2001 |  9004008 | edu packmaxi #8                                    |           25146.53
   2001 |  1001001 | importoimporto #2                                  |           24294.25
   2001 |  6014002 | edu packbrand #2                                   | 24264.959999999995
   2001 |  8003006 | exportinameless #6                                 |           24116.36
   2001 |  8003005 | importoexporti #2                                  | 23697.360000000004
   2001 |  1004001 | amalgimporto #2                                    | 23358.389999999996
   2001 | 10002012 | importounivamalg #12                               | 22728.189999999995
   2001 |  4004002 | edu packedu pack #2                                |           21968.65
   2001 |  6013004 | exportibrand #4                                    |           21643.44
   2001 |  6016008 | corpbrand #8                                       |            21564.7
   2001 |  7014008 | edu packnameless #8                                | 21370.879999999997
   2001 |  2003001 | amalgmaxi #6                                       |            21163.1
   2001 |  8006007 | namelessunivamalg #8                               | 21152.199999999997
   2001 |  8009010 | maxinameless #10                                   | 21133.430000000004
   2001 | 10004013 | edu packunivamalg #13                              | 20885.320000000003
   2001 |  4004001 | exportinameless #6                                 | 20689.569999999996
   2001 | 10006009 | amalgedu pack #2                                   | 20676.719999999994
   2001 | 10016001 | corpamalgamalg #1                                  |           20575.14
   2001 |  6014003 | brandbrand #8                                      | 20323.709999999995
   2001 |  5002001 | corpcorp #6                                        | 19705.309999999998
   2001 | 10009005 | maxiunivamalg #5                                   |           19250.53
   2001 |  4003001 | exportimaxi #6                                     | 18941.110000000004
   2001 |  6003007 | edu packscholar #2                                 | 18377.920000000002
   2001 |  6001001 | amalgnameless #2                                   | 18249.519999999997
   2001 |  2004001 | corpunivamalg #6                                   |           18099.68
   2001 |  7016001 | univnameless #2                                    | 17947.899999999998
   2001 |  9001005 | exportiexporti #2                                  |            17759.4
   2001 |  8015006 | scholarmaxi #6                                     |            17664.4
   2001 |  4002001 | amalgamalgamalg #10                                |           17553.93
   2001 | 10003012 | exportiamalg #2                                    |           17535.25
   2001 |  3002001 | univamalgamalg #10                                 |           17470.23
   2001 |  6001008 | amalgcorp #8                                       | 17227.510000000002
   2001 |  3002001 | exportiimporto #2                                  | 17042.070000000003
   2001 |  7002004 | importobrand #4                                    |           16429.52
   2001 |  2001001 | edu packmaxi #12                                   |           16024.82
   2001 |  8014008 | edu packmaxi #8                                    | 15921.820000000002
   2001 |  2002001 | edu packexporti #2                                 |           15714.62
   2001 | 10012001 | amalgamalg #2                                      | 15402.230000000001
   2001 |  6013003 | importoimporto #2                                  |              15259
   2001 |  8011001 | exportiamalg #2                                    | 15012.570000000002
   2001 |  6015006 | scholarbrand #6                                    | 14570.050000000001
   2001 |  9009006 | maximaxi #6                                        | 14173.150000000001
   2001 |  1004001 | scholaramalgamalg #11                              |           13983.15
   2001 |  7002006 | importobrand #6                                    | 13537.580000000002
   2001 |  3004001 | amalgexporti #2                                    |           13418.49
   2001 |  8002003 | edu packscholar #2                                 | 13373.689999999999
   2001 |  3003001 | namelesscorp #6                                    | 13285.390000000001
   2001 |  9014004 | edu packunivamalg #4                               | 13161.529999999999
   2001 | 10005016 | importoexporti #2                                  |           12986.54
   2001 |  6002005 | exportiedu pack #2                                 | 12949.480000000001
   2001 |  5004001 | edu packunivamalg #6                               | 12790.680000000002
   2001 |  1002001 | maxinameless #10                                   | 12689.080000000002
   2001 |  7002010 | importobrand #10                                   | 12663.490000000002
   2001 |  5004001 | edu packnameless #4                                | 12599.939999999999
   2001 |  8005002 | scholarnameless #2                                 |           12561.88
   2001 |  6009006 | maxicorp #6                                        |           12440.01
   2001 |  4001001 | exportiexporti #2                                  |           12183.58
   2001 |  4002001 | edu packedu pack #2                                |           12070.27
   2001 | 10001009 | amalgunivamalg #9                                  | 12050.629999999997
   2001 |  8003009 | importounivamalg #6                                | 11909.710000000003
   2001 |  8011004 | amalgmaxi #4                                       | 11691.509999999998
(100 rows)

UPDATE time_statistics SET e_time = TRANSACTION_TIMESTAMP() WHERE template = 'query52.tpl' AND stream = 5;
psql:/tmp/s1-basline/throughput/query_5.sql:1076: NOTICE:  duration: 0.088 ms  plan:
Query Text: UPDATE time_statistics SET e_time = TRANSACTION_TIMESTAMP() WHERE template = 'query52.tpl' AND stream = 5;
Update on time_statistics  (cost=0.00..15.87 rows=0 width=0) (actual time=0.088..0.088 rows=0 loops=1)
  ->  Seq Scan on time_statistics  (cost=0.00..15.87 rows=1 width=14) (actual time=0.055..0.074 rows=1 loops=1)
        Filter: ((template = 'query52.tpl'::text) AND (stream = 5))
        Rows Removed by Filter: 569
UPDATE 1
LOAD 'auto_explain'; SET auto_explain.log_min_duration TO 0; SET auto_explain.log_analyze TO on; SET auto_explain.log_level TO notice; INSERT INTO time_statistics (template, s_time, stream, query, seed) VALUES ('query7.tpl', TRANSACTION_TIMESTAMP(), 5, 19, 2131939605);
LOAD
SET
SET
SET
psql:/tmp/s1-basline/throughput/query_5.sql:1077: NOTICE:  duration: 0.008 ms  plan:
Query Text: INSERT INTO time_statistics (template, s_time, stream, query, seed) VALUES ('query7.tpl', TRANSACTION_TIMESTAMP(), 5, 19, 2131939605);
Insert on time_statistics  (cost=0.00..0.01 rows=0 width=0) (actual time=0.008..0.008 rows=0 loops=1)
  ->  Result  (cost=0.00..0.01 rows=1 width=64) (actual time=0.001..0.002 rows=1 loops=1)
INSERT 0 1
select  i_item_id, 
        avg(ss_quantity) agg1,
        avg(ss_list_price) agg2,
        avg(ss_coupon_amt) agg3,
        avg(ss_sales_price) agg4 
 from store_sales, customer_demographics, date_dim, item, promotion
 where ss_sold_date_sk = d_date_sk and
       ss_item_sk = i_item_sk and
       ss_cdemo_sk = cd_demo_sk and
       ss_promo_sk = p_promo_sk and
       cd_gender = 'M' and 
       cd_marital_status = 'D' and
       cd_education_status = 'Primary' and
       (p_channel_email = 'N' or p_channel_event = 'N') and
       d_year = 1999 
 group by i_item_id
 order by i_item_id
 limit 100;
psql:/tmp/s1-basline/throughput/query_5.sql:1095: NOTICE:  duration: 966.816 ms  plan:
Query Text: select  i_item_id, 
        avg(ss_quantity) agg1,
        avg(ss_list_price) agg2,
        avg(ss_coupon_amt) agg3,
        avg(ss_sales_price) agg4 
 from store_sales, customer_demographics, date_dim, item, promotion
 where ss_sold_date_sk = d_date_sk and
       ss_item_sk = i_item_sk and
       ss_cdemo_sk = cd_demo_sk and
       ss_promo_sk = p_promo_sk and
       cd_gender = 'M' and 
       cd_marital_status = 'D' and
       cd_education_status = 'Primary' and
       (p_channel_email = 'N' or p_channel_event = 'N') and
       d_year = 1999 
 group by i_item_id
 order by i_item_id
 limit 100;
Limit  (cost=3323.51..82321.98 rows=100 width=73) (actual time=664.196..966.740 rows=100 loops=1)
  ->  GroupAggregate  (cost=3323.51..144730.76 rows=179 width=73) (actual time=664.195..966.728 rows=100 loops=1)
        Group Key: item.i_item_id
        ->  Nested Loop  (cost=3323.51..144724.95 rows=179 width=45) (actual time=245.491..966.575 rows=152 loops=1)
              Join Filter: (store_sales.ss_item_sk = item.i_item_sk)
              Rows Removed by Join Filter: 3176544
              ->  Index Scan using i_i_item_id on item  (cost=0.29..1714.59 rows=18000 width=25) (actual time=0.007..0.306 rows=432 loops=1)
              ->  Materialize  (cost=3323.22..94680.81 rows=179 width=36) (actual time=0.025..1.775 rows=7353 loops=432)
                    ->  Nested Loop  (cost=3323.22..94679.91 rows=179 width=36) (actual time=10.630..652.528 rows=7365 loops=1)
                          ->  Gather  (cost=3323.08..94647.97 rows=188 width=44) (actual time=10.625..643.490 rows=7514 loops=1)
                                Workers Planned: 2
                                Workers Launched: 2
                                ->  Nested Loop  (cost=2323.08..93629.17 rows=78 width=44) (actual time=19.167..646.541 rows=2505 loops=3)
                                      ->  Hash Join  (cost=2322.65..90983.94 rows=5718 width=52) (actual time=13.742..277.487 rows=180942 loops=3)
                                            Hash Cond: (store_sales.ss_sold_date_sk = date_dim.d_date_sk)
                                            ->  Parallel Seq Scan on store_sales  (cost=0.00..85499.45 rows=1204445 width=60) (actual time=0.014..121.016 rows=948150 loops=3)
                                            ->  Hash  (cost=2318.11..2318.11 rows=363 width=8) (actual time=13.608..13.609 rows=365 loops=3)
                                                  Buckets: 1024  Batches: 1  Memory Usage: 23kB
                                                  ->  Seq Scan on date_dim  (cost=0.00..2318.11 rows=363 width=8) (actual time=6.629..13.558 rows=365 loops=3)
                                                        Filter: (d_year = 1999)
                                                        Rows Removed by Filter: 72684
                                      ->  Index Scan using pk_customer_demographics on customer_demographics  (cost=0.43..0.46 rows=1 width=8) (actual time=0.002..0.002 rows=0 loops=542826)
                                            Index Cond: (cd_demo_sk = store_sales.ss_cdemo_sk)
                                            Filter: ((cd_gender = 'M'::bpchar) AND (cd_marital_status = 'D'::bpchar) AND (cd_education_status = 'Primary'::bpchar))
                                            Rows Removed by Filter: 1
                          ->  Index Scan using pk_promotion on promotion  (cost=0.15..0.17 rows=1 width=8) (actual time=0.001..0.001 rows=1 loops=7514)
                                Index Cond: (p_promo_sk = store_sales.ss_promo_sk)
                                Filter: ((p_channel_email = 'N'::bpchar) OR (p_channel_event = 'N'::bpchar))
                                Rows Removed by Filter: 0
    i_item_id     |         agg1         |        agg2        |        agg3        |        agg4        
------------------+----------------------+--------------------+--------------------+--------------------
 AAAAAAAAAAABAAAA |  45.5000000000000000 |            111.365 |                  0 |               54.3
 AAAAAAAAAABDAAAA |  64.0000000000000000 | 48.019999999999996 |                  0 |             24.305
 AAAAAAAAAABEAAAA |  66.0000000000000000 |              65.79 |                  0 |               17.1
 AAAAAAAAAACCAAAA |  69.0000000000000000 |  90.80499999999999 |             160.56 |              60.85
 AAAAAAAAAACDAAAA |  47.0000000000000000 |             112.92 |            2028.25 |              88.07
 AAAAAAAAAADBAAAA |  40.0000000000000000 |              74.65 |                  0 |              28.36
 AAAAAAAAAAEBAAAA |   6.0000000000000000 |             139.84 |             663.23 |             118.86
 AAAAAAAAAAEDAAAA |  47.3333333333333333 |  55.11333333333334 | 30.313333333333333 |  33.70333333333333
 AAAAAAAAAAEEAAAA |  54.0000000000000000 |             74.225 |                  0 |               48.5
 AAAAAAAAAAFAAAAA |  37.0000000000000000 |              68.36 |               4.04 |               5.46
 AAAAAAAAAAFCAAAA |   2.0000000000000000 |             127.18 |               5.69 |               17.8
 AAAAAAAAAAFDAAAA |  54.0000000000000000 |              62.77 |                  0 |              12.55
 AAAAAAAAAAGBAAAA |  66.0000000000000000 |              62.92 |                  0 |                  0
 AAAAAAAAAAGEAAAA |  57.0000000000000000 |             90.495 |                  0 |  51.27499999999999
 AAAAAAAAAAHBAAAA |  43.0000000000000000 |              63.61 |                  0 |              60.35
 AAAAAAAAAAHDAAAA |  75.0000000000000000 |              144.2 |                  0 |             109.59
 AAAAAAAAAAIDAAAA |  14.0000000000000000 |              80.11 |                  0 |              37.65
 AAAAAAAAAAJBAAAA |  50.5000000000000000 |             95.065 |               2.07 |              53.05
 AAAAAAAAAAJCAAAA |  32.3333333333333333 | 47.946666666666665 |                  0 | 12.576666666666668
 AAAAAAAAAAKAAAAA |  62.5000000000000000 |            109.125 |             934.83 |              32.71
 AAAAAAAAAAKBAAAA |  12.0000000000000000 |              56.41 |                  0 |              32.15
 AAAAAAAAAALAAAAA |   2.0000000000000000 |             135.43 |                  0 |             106.98
 AAAAAAAAAALCAAAA |  95.0000000000000000 |               2.18 |             140.91 |               1.63
 AAAAAAAAAALDAAAA |   7.0000000000000000 |               29.1 |                  0 |               5.23
 AAAAAAAAAAMBAAAA |  94.0000000000000000 |              69.46 |                  0 |              53.48
 AAAAAAAAAANBAAAA |  42.0000000000000000 |              23.73 |                  0 |              20.17
 AAAAAAAAAAOAAAAA |  60.0000000000000000 |              19.65 |               59.4 |                5.5
 AAAAAAAAAAODAAAA |  45.0000000000000000 |  71.41666666666667 |             368.34 |  62.99666666666666
 AAAAAAAAAAPBAAAA |  69.5000000000000000 |            129.995 |            119.715 |              69.24
 AAAAAAAAAAPCAAAA |  26.0000000000000000 |              66.16 |                  0 |              39.69
 AAAAAAAAABAAAAAA |  13.0000000000000000 |              76.72 |                  0 |              25.31
 AAAAAAAAABABAAAA |  53.0000000000000000 |              92.34 |                  0 |              29.54
 AAAAAAAAABADAAAA |  26.5000000000000000 |             70.665 |                  0 | 39.900000000000006
 AAAAAAAAABBCAAAA |  54.0000000000000000 |              33.12 |                  0 |               14.9
 AAAAAAAAABBDAAAA |  49.0000000000000000 |                152 |                  0 |              74.48
 AAAAAAAAABCBAAAA |  21.5000000000000000 | 114.91499999999999 |             147.99 |             81.935
 AAAAAAAAABCEAAAA |  51.0000000000000000 |              38.52 |                  0 |               6.54
 AAAAAAAAABDAAAAA |  18.0000000000000000 |             147.31 |             579.34 |              33.88
 AAAAAAAAABDEAAAA |  91.0000000000000000 |             111.41 |            2067.88 |              56.81
 AAAAAAAAABEAAAAA |  26.5000000000000000 |  90.64999999999999 |                  0 |              44.75
 AAAAAAAAABECAAAA |  81.5000000000000000 |             128.87 |             867.47 |              90.83
 AAAAAAAAABFBAAAA |   4.0000000000000000 |              17.57 |                  0 |               2.28
 AAAAAAAAABFEAAAA |  38.0000000000000000 | 107.34333333333332 |                  0 | 62.833333333333336
 AAAAAAAAABGBAAAA |  48.5000000000000000 |  79.36500000000001 |             203.78 |             40.535
 AAAAAAAAABJBAAAA |  16.5000000000000000 |              91.52 |                  0 |             37.695
 AAAAAAAAABJDAAAA |  50.5000000000000000 |              95.34 |                  0 |             38.975
 AAAAAAAAABKCAAAA |  11.0000000000000000 |              93.68 |                  0 |              42.15
 AAAAAAAAABKDAAAA |  33.0000000000000000 |  74.71666666666667 | 56.580000000000005 |  55.31666666666666
 AAAAAAAAABMAAAAA |  41.0000000000000000 |              30.33 |                  0 |              22.74
 AAAAAAAAABNAAAAA |   7.0000000000000000 |              67.35 |                  0 |              64.65
 AAAAAAAAABNCAAAA |  98.0000000000000000 |             143.56 |                  0 |              94.74
 AAAAAAAAABOBAAAA |  85.0000000000000000 |             91.485 |                  0 |              48.02
 AAAAAAAAABOCAAAA |  59.3333333333333333 |  54.86333333333334 |             265.68 | 25.046666666666667
 AAAAAAAAABPAAAAA |  54.0000000000000000 |             158.25 |                  0 |             136.09
 AAAAAAAAABPBAAAA |  60.0000000000000000 |              77.75 |                  0 |              24.88
 AAAAAAAAABPDAAAA |  43.0000000000000000 |              39.07 |                  0 |                 25
 AAAAAAAAACACAAAA |  24.0000000000000000 |              90.58 |                  0 |              10.86
 AAAAAAAAACADAAAA |  60.5000000000000000 |             80.955 |                  0 |             56.805
 AAAAAAAAACBBAAAA |  67.0000000000000000 |              44.83 |              545.7 |              10.31
 AAAAAAAAACBCAAAA |  17.0000000000000000 |              99.56 |                  0 |               43.8
 AAAAAAAAACBEAAAA |                      |              79.89 |                    |                   
 AAAAAAAAACCBAAAA |  27.0000000000000000 |              94.32 |             101.84 |              37.72
 AAAAAAAAACCDAAAA |  80.0000000000000000 |              16.77 |                  0 |               0.33
 AAAAAAAAACDAAAAA |  62.0000000000000000 |             110.72 |             1035.9 |  94.04499999999999
 AAAAAAAAACDCAAAA |  81.0000000000000000 |             158.72 |                  0 |                  0
 AAAAAAAAACECAAAA |  27.5000000000000000 |              60.11 |                  0 |              23.72
 AAAAAAAAACEEAAAA |  29.0000000000000000 |             101.22 |                  0 |              76.92
 AAAAAAAAACFEAAAA |  34.0000000000000000 |             112.97 |                  0 |              65.52
 AAAAAAAAACGAAAAA |  52.5000000000000000 |             90.095 |                  0 |             58.485
 AAAAAAAAACGCAAAA |  24.0000000000000000 |              10.09 |                  0 |                0.7
 AAAAAAAAACGDAAAA |  47.0000000000000000 |              84.74 |                  0 |              38.98
 AAAAAAAAACHBAAAA |  29.0000000000000000 |               8.57 |                  0 |               5.22
 AAAAAAAAACIAAAAA |  94.0000000000000000 |               2.57 |              113.3 |               1.23
 AAAAAAAAACIDAAAA |  40.6666666666666667 |              95.11 | 47.373333333333335 | 33.410000000000004
 AAAAAAAAACJCAAAA |  36.6666666666666667 |                132 | 167.03666666666666 |              40.65
 AAAAAAAAACJDAAAA |  12.0000000000000000 |              89.82 |             890.79 |              78.14
 AAAAAAAAACLAAAAA |  44.0000000000000000 | 37.745000000000005 |                  0 |               3.94
 AAAAAAAAACMAAAAA |  84.5000000000000000 |             78.685 |                  0 |               8.63
 AAAAAAAAACMCAAAA |  90.0000000000000000 |              93.04 |            2561.98 |              33.49
 AAAAAAAAACMDAAAA |  17.0000000000000000 |              31.89 |                  0 |              28.06
 AAAAAAAAACNBAAAA |  76.0000000000000000 |              49.37 |            2581.06 |              39.49
 AAAAAAAAACPAAAAA |  23.0000000000000000 |            132.695 |                  0 |             26.235
 AAAAAAAAACPCAAAA |  41.0000000000000000 |             71.795 |              54.14 |             55.945
 AAAAAAAAADABAAAA |  72.0000000000000000 |             158.03 |                  0 |              67.95
 AAAAAAAAADBAAAAA |  74.0000000000000000 |              115.2 |            3026.99 |              77.18
 AAAAAAAAADBDAAAA |  66.5000000000000000 | 49.785000000000004 |             364.65 |              23.09
 AAAAAAAAADBEAAAA |  28.0000000000000000 |              60.64 |                  0 |                0.6
 AAAAAAAAADCAAAAA |  57.0000000000000000 |             12.205 |                  0 | 2.2800000000000002
 AAAAAAAAADDBAAAA |  25.5000000000000000 |              17.09 |              4.415 |               5.79
 AAAAAAAAADDCAAAA |  72.5000000000000000 |              55.57 |                  0 |              49.11
 AAAAAAAAADDEAAAA |  76.0000000000000000 |              65.34 |                  0 |              56.19
 AAAAAAAAADEBAAAA |  51.5000000000000000 |               9.58 |                  0 |              3.385
 AAAAAAAAADEEAAAA | 100.0000000000000000 |              83.76 |                  0 |              54.44
 AAAAAAAAADFAAAAA |  80.5000000000000000 |             109.23 |                  0 |  93.61500000000001
 AAAAAAAAADFCAAAA |  62.0000000000000000 |              93.36 |                  0 |              69.08
 AAAAAAAAADFDAAAA |  82.0000000000000000 |             118.48 |                  0 |             116.11
 AAAAAAAAADGEAAAA |  41.0000000000000000 |             109.68 |             640.95 |              27.52
 AAAAAAAAADICAAAA |  14.0000000000000000 |               39.8 |                  0 |              23.48
 AAAAAAAAADIDAAAA |  83.0000000000000000 |              76.02 |                  0 |              34.96
 AAAAAAAAADJBAAAA |  67.0000000000000000 |              61.63 |                  0 |              17.87
(100 rows)

UPDATE time_statistics SET e_time = TRANSACTION_TIMESTAMP() WHERE template = 'query7.tpl' AND stream = 5;
psql:/tmp/s1-basline/throughput/query_5.sql:1097: NOTICE:  duration: 0.083 ms  plan:
Query Text: UPDATE time_statistics SET e_time = TRANSACTION_TIMESTAMP() WHERE template = 'query7.tpl' AND stream = 5;
Update on time_statistics  (cost=0.00..15.87 rows=0 width=0) (actual time=0.082..0.082 rows=0 loops=1)
  ->  Seq Scan on time_statistics  (cost=0.00..15.87 rows=1 width=14) (actual time=0.050..0.068 rows=1 loops=1)
        Filter: ((template = 'query7.tpl'::text) AND (stream = 5))
        Rows Removed by Filter: 570
UPDATE 1
LOAD 'auto_explain'; SET auto_explain.log_min_duration TO 0; SET auto_explain.log_analyze TO on; SET auto_explain.log_level TO notice; INSERT INTO time_statistics (template, s_time, stream, query, seed) VALUES ('query56.tpl', TRANSACTION_TIMESTAMP(), 5, 20, 1388140281);
LOAD
SET
SET
SET
psql:/tmp/s1-basline/throughput/query_5.sql:1098: NOTICE:  duration: 0.009 ms  plan:
Query Text: INSERT INTO time_statistics (template, s_time, stream, query, seed) VALUES ('query56.tpl', TRANSACTION_TIMESTAMP(), 5, 20, 1388140281);
Insert on time_statistics  (cost=0.00..0.01 rows=0 width=0) (actual time=0.008..0.009 rows=0 loops=1)
  ->  Result  (cost=0.00..0.01 rows=1 width=64) (actual time=0.001..0.001 rows=1 loops=1)
INSERT 0 1
with ss as (
 select i_item_id,sum(ss_ext_sales_price) total_sales
 from
 	store_sales,
 	date_dim,
         customer_address,
         item
 where i_item_id in (select
     i_item_id
from item
where i_color in ('yellow','sandy','cyan'))
 and     ss_item_sk              = i_item_sk
 and     ss_sold_date_sk         = d_date_sk
 and     d_year                  = 1999
 and     d_moy                   = 2
 and     ss_addr_sk              = ca_address_sk
 and     ca_gmt_offset           = -5 
 group by i_item_id),
 cs as (
 select i_item_id,sum(cs_ext_sales_price) total_sales
 from
 	catalog_sales,
 	date_dim,
         customer_address,
         item
 where
         i_item_id               in (select
  i_item_id
from item
where i_color in ('yellow','sandy','cyan'))
 and     cs_item_sk              = i_item_sk
 and     cs_sold_date_sk         = d_date_sk
 and     d_year                  = 1999
 and     d_moy                   = 2
 and     cs_bill_addr_sk         = ca_address_sk
 and     ca_gmt_offset           = -5 
 group by i_item_id),
 ws as (
 select i_item_id,sum(ws_ext_sales_price) total_sales
 from
 	web_sales,
 	date_dim,
         customer_address,
         item
 where
         i_item_id               in (select
  i_item_id
from item
where i_color in ('yellow','sandy','cyan'))
 and     ws_item_sk              = i_item_sk
 and     ws_sold_date_sk         = d_date_sk
 and     d_year                  = 1999
 and     d_moy                   = 2
 and     ws_bill_addr_sk         = ca_address_sk
 and     ca_gmt_offset           = -5
 group by i_item_id)
  select  i_item_id ,sum(total_sales) total_sales
 from  (select * from ss 
        union all
        select * from cs 
        union all
        select * from ws) tmp1
 group by i_item_id
 order by total_sales,
          i_item_id
 limit 100;
psql:/tmp/s1-basline/throughput/query_5.sql:1164: NOTICE:  duration: 571.988 ms  plan:
Query Text: with ss as (
 select i_item_id,sum(ss_ext_sales_price) total_sales
 from
 	store_sales,
 	date_dim,
         customer_address,
         item
 where i_item_id in (select
     i_item_id
from item
where i_color in ('yellow','sandy','cyan'))
 and     ss_item_sk              = i_item_sk
 and     ss_sold_date_sk         = d_date_sk
 and     d_year                  = 1999
 and     d_moy                   = 2
 and     ss_addr_sk              = ca_address_sk
 and     ca_gmt_offset           = -5 
 group by i_item_id),
 cs as (
 select i_item_id,sum(cs_ext_sales_price) total_sales
 from
 	catalog_sales,
 	date_dim,
         customer_address,
         item
 where
         i_item_id               in (select
  i_item_id
from item
where i_color in ('yellow','sandy','cyan'))
 and     cs_item_sk              = i_item_sk
 and     cs_sold_date_sk         = d_date_sk
 and     d_year                  = 1999
 and     d_moy                   = 2
 and     cs_bill_addr_sk         = ca_address_sk
 and     ca_gmt_offset           = -5 
 group by i_item_id),
 ws as (
 select i_item_id,sum(ws_ext_sales_price) total_sales
 from
 	web_sales,
 	date_dim,
         customer_address,
         item
 where
         i_item_id               in (select
  i_item_id
from item
where i_color in ('yellow','sandy','cyan'))
 and     ws_item_sk              = i_item_sk
 and     ws_sold_date_sk         = d_date_sk
 and     d_year                  = 1999
 and     d_moy                   = 2
 and     ws_bill_addr_sk         = ca_address_sk
 and     ca_gmt_offset           = -5
 group by i_item_id)
  select  i_item_id ,sum(total_sales) total_sales
 from  (select * from ss 
        union all
        select * from cs 
        union all
        select * from ws) tmp1
 group by i_item_id
 order by total_sales,
          i_item_id
 limit 100;
Limit  (cost=24460.72..24460.87 rows=61 width=25) (actual time=470.381..571.957 rows=100 loops=1)
  ->  Sort  (cost=24460.72..24460.87 rows=61 width=25) (actual time=470.380..571.949 rows=100 loops=1)
        Sort Key: (sum((sum(store_sales.ss_ext_sales_price)))), item.i_item_id
        Sort Method: top-N heapsort  Memory: 37kB
        ->  Finalize GroupAggregate  (cost=24451.58..24458.91 rows=61 width=25) (actual time=469.370..571.816 rows=657 loops=1)
              Group Key: item.i_item_id
              ->  Gather Merge  (cost=24451.58..24458.04 rows=52 width=25) (actual time=469.366..571.591 rows=1034 loops=1)
                    Workers Planned: 2
                    Workers Launched: 2
                    ->  Partial GroupAggregate  (cost=23451.56..23452.01 rows=26 width=25) (actual time=245.436..245.567 rows=345 loops=3)
                          Group Key: item.i_item_id
                          ->  Sort  (cost=23451.56..23451.62 rows=26 width=25) (actual time=245.433..245.454 rows=345 loops=3)
                                Sort Key: item.i_item_id
                                Sort Method: quicksort  Memory: 47kB
                                Worker 0:  Sort Method: quicksort  Memory: 39kB
                                Worker 1:  Sort Method: quicksort  Memory: 61kB
                                ->  Parallel Append  (cost=10976.08..23450.95 rows=26 width=25) (actual time=245.112..245.287 rows=345 loops=3)
                                      ->  GroupAggregate  (cost=23449.88..23450.48 rows=34 width=25) (actual time=461.040..461.275 rows=513 loops=1)
                                            Group Key: item.i_item_id
                                            ->  Sort  (cost=23449.88..23449.97 rows=34 width=25) (actual time=461.025..461.058 rows=795 loops=1)
                                                  Sort Key: item.i_item_id
                                                  Worker 1:  Sort Method: quicksort  Memory: 80kB
                                                  ->  Nested Loop  (cost=4007.66..23449.02 rows=34 width=25) (actual time=42.923..459.384 rows=795 loops=1)
                                                        ->  Hash Join  (cost=4007.37..23418.59 rows=98 width=33) (actual time=34.010..451.628 rows=2135 loops=1)
                                                              Hash Cond: (store_sales.ss_sold_date_sk = date_dim.d_date_sk)
                                                              ->  Nested Loop  (cost=1506.29..20216.57 rows=267010 width=41) (actual time=20.099..420.654 rows=253175 loops=1)
                                                                    ->  Nested Loop  (cost=1505.86..2937.30 rows=1663 width=25) (actual time=20.006..26.344 rows=1879 loops=1)
                                                                          ->  HashAggregate  (cost=1505.57..1513.67 rows=810 width=17) (actual time=19.933..20.184 rows=800 loops=1)
                                                                                Group Key: item_1.i_item_id
                                                                                Worker 1:  Batches: 1  Memory Usage: 105kB
                                                                                ->  Seq Scan on item item_1  (cost=0.00..1503.50 rows=829 width=17) (actual time=0.040..19.693 rows=829 loops=1)
                                                                                      Filter: (i_color = ANY ('{yellow,sandy,cyan}'::bpchar[]))
                                                                                      Rows Removed by Filter: 17171
                                                                          ->  Index Scan using i_i_item_id on item  (cost=0.29..1.74 rows=2 width=25) (actual time=0.006..0.007 rows=2 loops=800)
                                                                                Index Cond: (i_item_id = item_1.i_item_id)
                                                                    ->  Index Scan using pk_store_sales on store_sales  (cost=0.43..8.64 rows=175 width=32) (actual time=0.006..0.190 rows=135 loops=1879)
                                                                          Index Cond: (ss_item_sk = item.i_item_sk)
                                                              ->  Hash  (cost=2500.73..2500.73 rows=28 width=8) (actual time=13.402..13.403 rows=28 loops=1)
                                                                    Buckets: 1024  Batches: 1  Memory Usage: 10kB
                                                                    ->  Seq Scan on date_dim  (cost=0.00..2500.73 rows=28 width=8) (actual time=6.345..13.387 rows=28 loops=1)
                                                                          Filter: ((d_year = 1999) AND (d_moy = 2))
                                                                          Rows Removed by Filter: 73021
                                                        ->  Index Scan using pk_customer_address on customer_address  (cost=0.29..0.31 rows=1 width=8) (actual time=0.003..0.003 rows=0 loops=2135)
                                                              Index Cond: (ca_address_sk = store_sales.ss_addr_sk)
                                                              Filter: (ca_gmt_offset = '-5'::double precision)
                                                              Rows Removed by Filter: 1
                                      ->  GroupAggregate  (cost=10976.08..10976.24 rows=9 width=25) (actual time=207.965..208.046 rows=202 loops=1)
                                            Group Key: item_2.i_item_id
                                            ->  Sort  (cost=10976.08..10976.11 rows=9 width=25) (actual time=207.952..207.963 rows=240 loops=1)
                                                  Sort Key: item_2.i_item_id
                                                  Worker 0:  Sort Method: quicksort  Memory: 41kB
                                                  ->  Nested Loop  (cost=1506.88..10975.94 rows=9 width=25) (actual time=23.971..207.499 rows=240 loops=1)
                                                        ->  Nested Loop  (cost=1506.59..10967.83 rows=26 width=33) (actual time=23.920..204.590 rows=570 loops=1)
                                                              ->  Nested Loop  (cost=1506.28..8720.98 rows=66742 width=41) (actual time=22.144..183.047 rows=63373 loops=1)
                                                                    ->  Nested Loop  (cost=1505.86..2937.30 rows=1663 width=25) (actual time=22.063..27.973 rows=1879 loops=1)
                                                                          ->  HashAggregate  (cost=1505.57..1513.67 rows=810 width=17) (actual time=21.993..22.223 rows=800 loops=1)
                                                                                Group Key: item_3.i_item_id
                                                                                Worker 0:  Batches: 1  Memory Usage: 105kB
                                                                                ->  Seq Scan on item item_3  (cost=0.00..1503.50 rows=829 width=17) (actual time=0.044..21.754 rows=829 loops=1)
                                                                                      Filter: (i_color = ANY ('{yellow,sandy,cyan}'::bpchar[]))
                                                                                      Rows Removed by Filter: 17171
                                                                          ->  Index Scan using i_i_item_id on item item_2  (cost=0.29..1.74 rows=2 width=25) (actual time=0.006..0.007 rows=2 loops=800)
                                                                                Index Cond: (i_item_id = item_3.i_item_id)
                                                                    ->  Index Scan using pk_web_sales on web_sales  (cost=0.42..3.04 rows=44 width=32) (actual time=0.006..0.077 rows=34 loops=1879)
                                                                          Index Cond: (ws_item_sk = item_2.i_item_sk)
                                                              ->  Memoize  (cost=0.30..0.33 rows=1 width=8) (actual time=0.000..0.000 rows=0 loops=63373)
                                                                    Cache Key: web_sales.ws_sold_date_sk
                                                                    Cache Mode: logical
                                                                    Worker 0:  Hits: 61566  Misses: 1807  Evictions: 0  Overflows: 0  Memory Usage: 129kB
                                                                    ->  Index Scan using pk_date_dim on date_dim date_dim_1  (cost=0.29..0.32 rows=1 width=8) (actual time=0.002..0.002 rows=0 loops=1807)
                                                                          Index Cond: (d_date_sk = web_sales.ws_sold_date_sk)
                                                                          Filter: ((d_year = 1999) AND (d_moy = 2))
                                                                          Rows Removed by Filter: 1
                                                        ->  Index Scan using pk_customer_address on customer_address customer_address_1  (cost=0.29..0.31 rows=1 width=8) (actual time=0.005..0.005 rows=0 loops=570)
                                                              Index Cond: (ca_address_sk = web_sales.ws_bill_addr_sk)
                                                              Filter: (ca_gmt_offset = '-5'::double precision)
                                                              Rows Removed by Filter: 1
                                      ->  GroupAggregate  (cost=4380.59..4380.90 rows=18 width=25) (actual time=66.329..66.459 rows=319 loops=1)
                                            Group Key: item_4.i_item_id
                                            ->  Sort  (cost=4380.59..4380.63 rows=18 width=25) (actual time=66.322..66.338 rows=410 loops=1)
                                                  Sort Key: item_4.i_item_id
                                                  Sort Method: quicksort  Memory: 53kB
                                                  ->  Nested Loop Semi Join  (cost=1.29..4380.21 rows=18 width=25) (actual time=4.448..65.522 rows=410 loops=1)
                                                        ->  Nested Loop  (cost=1.00..4297.99 rows=200 width=25) (actual time=4.232..40.262 rows=4788 loops=1)
                                                              ->  Nested Loop  (cost=0.72..4236.79 rows=200 width=16) (actual time=4.223..32.066 rows=4788 loops=1)
                                                                    ->  Nested Loop  (cost=0.43..4065.44 rows=551 width=24) (actual time=4.213..14.807 rows=12801 loops=1)
                                                                          ->  Seq Scan on date_dim date_dim_2  (cost=0.00..2500.73 rows=28 width=8) (actual time=4.193..9.211 rows=28 loops=1)
                                                                                Filter: ((d_year = 1999) AND (d_moy = 2))
                                                                                Rows Removed by Filter: 73021
                                                                          ->  Index Scan using i_cs_sold_date_sk on catalog_sales  (cost=0.43..48.03 rows=785 width=32) (actual time=0.004..0.112 rows=457 loops=28)
                                                                                Index Cond: (cs_sold_date_sk = date_dim_2.d_date_sk)
                                                                    ->  Index Scan using pk_customer_address on customer_address customer_address_2  (cost=0.29..0.31 rows=1 width=8) (actual time=0.001..0.001 rows=0 loops=12801)
                                                                          Index Cond: (ca_address_sk = catalog_sales.cs_bill_addr_sk)
                                                                          Filter: (ca_gmt_offset = '-5'::double precision)
                                                                          Rows Removed by Filter: 1
                                                              ->  Index Scan using pk_item on item item_4  (cost=0.29..0.31 rows=1 width=25) (actual time=0.001..0.001 rows=1 loops=4788)
                                                                    Index Cond: (i_item_sk = catalog_sales.cs_item_sk)
                                                        ->  Index Scan using i_i_item_id on item item_5  (cost=0.29..0.41 rows=1 width=17) (actual time=0.005..0.005 rows=0 loops=4788)
                                                              Index Cond: (i_item_id = item_4.i_item_id)
                                                              Filter: (i_color = ANY ('{yellow,sandy,cyan}'::bpchar[]))
                                                              Rows Removed by Filter: 2
    i_item_id     |    total_sales     
------------------+--------------------
 AAAAAAAAGLPDAAAA |                  0
 AAAAAAAAGPHBAAAA |                  0
 AAAAAAAAKKDCAAAA |                  0
 AAAAAAAAIDIDAAAA |              14.35
 AAAAAAAAGEIBAAAA |              24.41
 AAAAAAAAGKBAAAAA |              24.55
 AAAAAAAAGBICAAAA |              26.97
 AAAAAAAAMPJBAAAA |              28.22
 AAAAAAAAEGDAAAAA |              34.06
 AAAAAAAAGBAAAAAA |               37.4
 AAAAAAAAGDKAAAAA |               38.5
 AAAAAAAAANCCAAAA |               46.2
 AAAAAAAAMIKBAAAA |              48.24
 AAAAAAAAMFHBAAAA |              49.21
 AAAAAAAAHCKAAAAA |               49.5
 AAAAAAAAKGPAAAAA |              52.77
 AAAAAAAAIIPAAAAA |              55.77
 AAAAAAAAGHBCAAAA |              59.55
 AAAAAAAAMEMBAAAA |               61.8
 AAAAAAAANIEDAAAA |              67.35
 AAAAAAAAMKFEAAAA |              67.94
 AAAAAAAAMGODAAAA |              71.76
 AAAAAAAAEAIBAAAA |              76.16
 AAAAAAAAGPJCAAAA |               78.4
 AAAAAAAAEJNCAAAA |              82.77
 AAAAAAAADDKDAAAA |              94.94
 AAAAAAAAIEOCAAAA |             108.29
 AAAAAAAAOJADAAAA |              108.9
 AAAAAAAAOBCDAAAA |              109.9
 AAAAAAAAHIMBAAAA |             118.62
 AAAAAAAAKOGBAAAA |             122.28
 AAAAAAAANPNCAAAA |             136.62
 AAAAAAAABPOBAAAA |             137.02
 AAAAAAAAMKECAAAA |              144.9
 AAAAAAAACHKDAAAA |             145.74
 AAAAAAAAAKAAAAAA |                150
 AAAAAAAAEJBCAAAA |              151.5
 AAAAAAAAJBOBAAAA |              155.1
 AAAAAAAANAPAAAAA |                157
 AAAAAAAAABGEAAAA |             163.35
 AAAAAAAAAOIAAAAA |             168.35
 AAAAAAAAIJMCAAAA |             176.19
 AAAAAAAAEJLBAAAA |             178.35
 AAAAAAAALKEDAAAA |             186.93
 AAAAAAAAEHJDAAAA |             188.64
 AAAAAAAAKEEBAAAA |             192.76
 AAAAAAAAHCABAAAA |             196.38
 AAAAAAAAABNCAAAA |             209.88
 AAAAAAAAMFGAAAAA |             210.16
 AAAAAAAACAGDAAAA | 210.17999999999998
 AAAAAAAAABJDAAAA |             214.02
 AAAAAAAACLGAAAAA |              227.2
 AAAAAAAAMHJDAAAA |             227.22
 AAAAAAAAEGGDAAAA |             233.87
 AAAAAAAAMJEDAAAA |             238.28
 AAAAAAAAEJJDAAAA |              240.6
 AAAAAAAAOIADAAAA |             245.31
 AAAAAAAAEICCAAAA |             258.18
 AAAAAAAAEJOBAAAA |             261.44
 AAAAAAAAIDIAAAAA |              262.6
 AAAAAAAAJMKDAAAA |             268.96
 AAAAAAAAACCBAAAA |             288.08
 AAAAAAAAIELDAAAA |             294.65
 AAAAAAAAGCLAAAAA |              349.2
 AAAAAAAACKPCAAAA |             353.97
 AAAAAAAAOGLDAAAA |              368.1
 AAAAAAAACAEBAAAA |             381.61
 AAAAAAAACNODAAAA |             388.26
 AAAAAAAAEIFDAAAA |              391.5
 AAAAAAAAIIPBAAAA |              393.3
 AAAAAAAAEODEAAAA |             400.95
 AAAAAAAAKIFDAAAA |             401.94
 AAAAAAAAABGAAAAA |             403.78
 AAAAAAAAGAGBAAAA |              428.8
 AAAAAAAABDDDAAAA |             431.88
 AAAAAAAAIKCCAAAA |              435.4
 AAAAAAAAMKNDAAAA |             437.21
 AAAAAAAAGFGDAAAA |             462.63
 AAAAAAAAGJDEAAAA |             478.66
 AAAAAAAAGMCAAAAA |             479.87
 AAAAAAAACIDEAAAA |             485.76
 AAAAAAAAICJAAAAA |             503.52
 AAAAAAAAMFIDAAAA |             504.14
 AAAAAAAACPJCAAAA | 505.53000000000003
 AAAAAAAAOBEAAAAA |             515.28
 AAAAAAAAEFOCAAAA |              516.4
 AAAAAAAAELBEAAAA |             518.77
 AAAAAAAAEOFCAAAA |             520.78
 AAAAAAAABGCEAAAA |             541.28
 AAAAAAAAPEDAAAAA |              541.8
 AAAAAAAAKNOBAAAA |             547.95
 AAAAAAAAMALDAAAA |             554.28
 AAAAAAAAEKOBAAAA |             559.79
 AAAAAAAAFBLCAAAA |             576.18
 AAAAAAAAGCPCAAAA |             588.84
 AAAAAAAAOOLCAAAA |              596.4
 AAAAAAAACIOCAAAA |             599.94
 AAAAAAAACDEBAAAA |             603.72
 AAAAAAAAKPBAAAAA |  618.5699999999999
 AAAAAAAAKMGDAAAA |             619.49
(100 rows)

UPDATE time_statistics SET e_time = TRANSACTION_TIMESTAMP() WHERE template = 'query56.tpl' AND stream = 5;
psql:/tmp/s1-basline/throughput/query_5.sql:1166: NOTICE:  duration: 0.090 ms  plan:
Query Text: UPDATE time_statistics SET e_time = TRANSACTION_TIMESTAMP() WHERE template = 'query56.tpl' AND stream = 5;
Update on time_statistics  (cost=0.00..15.87 rows=0 width=0) (actual time=0.089..0.089 rows=0 loops=1)
  ->  Seq Scan on time_statistics  (cost=0.00..15.87 rows=1 width=14) (actual time=0.057..0.075 rows=1 loops=1)
        Filter: ((template = 'query56.tpl'::text) AND (stream = 5))
        Rows Removed by Filter: 571
UPDATE 1
LOAD 'auto_explain'; SET auto_explain.log_min_duration TO 0; SET auto_explain.log_analyze TO on; SET auto_explain.log_level TO notice; INSERT INTO time_statistics (template, s_time, stream, query, seed) VALUES ('../query_variants/query36a.tpl', TRANSACTION_TIMESTAMP(), 5, 21, 1460986522);
LOAD
SET
SET
SET
psql:/tmp/s1-basline/throughput/query_5.sql:1167: NOTICE:  duration: 0.026 ms  plan:
Query Text: INSERT INTO time_statistics (template, s_time, stream, query, seed) VALUES ('../query_variants/query36a.tpl', TRANSACTION_TIMESTAMP(), 5, 21, 1460986522);
Insert on time_statistics  (cost=0.00..0.01 rows=0 width=0) (actual time=0.025..0.025 rows=0 loops=1)
  ->  Result  (cost=0.00..0.01 rows=1 width=64) (actual time=0.001..0.002 rows=1 loops=1)
INSERT 0 1
with results as
 (select 
    sum(ss_net_profit) as ss_net_profit, sum(ss_ext_sales_price) as ss_ext_sales_price,
    sum(ss_net_profit)/sum(ss_ext_sales_price) as gross_margin
   ,i_category
   ,i_class
   ,0 as g_category, 0 as g_class
 from
    store_sales
   ,date_dim       d1
   ,item
   ,store
 where
    d1.d_year = 2000 
    and d1.d_date_sk = ss_sold_date_sk
    and i_item_sk  = ss_item_sk 
    and s_store_sk  = ss_store_sk
    and s_state in ('TN','TN','TN','TN',
                 'TN','TN','TN','TN')
 group by i_category,i_class)
 ,
 results_rollup as
 (select gross_margin ,i_category ,i_class,0 as t_category, 0 as t_class, 0 as lochierarchy from results
 union
 select sum(ss_net_profit)/sum(ss_ext_sales_price) as gross_margin,
   i_category, NULL AS i_class, 0 as t_category, 1 as t_class, 1 as lochierarchy from results group by i_category
 union
 select sum(ss_net_profit)/sum(ss_ext_sales_price) as gross_margin,
   NULL AS i_category ,NULL AS i_class, 1 as t_category, 1 as t_class, 2 as lochierarchy from results)
  select 
  gross_margin ,i_category ,i_class, lochierarchy,rank() over (
 	partition by lochierarchy, case when t_class = 0 then i_category end 
 	order by gross_margin asc) as rank_within_parent
 from results_rollup
 order by
   lochierarchy desc
  ,case when lochierarchy = 0 then i_category end
  ,rank_within_parent
  limit 100;
psql:/tmp/s1-basline/throughput/query_5.sql:1206: NOTICE:  duration: 1074.862 ms  plan:
Query Text: with results as
 (select 
    sum(ss_net_profit) as ss_net_profit, sum(ss_ext_sales_price) as ss_ext_sales_price,
    sum(ss_net_profit)/sum(ss_ext_sales_price) as gross_margin
   ,i_category
   ,i_class
   ,0 as g_category, 0 as g_class
 from
    store_sales
   ,date_dim       d1
   ,item
   ,store
 where
    d1.d_year = 2000 
    and d1.d_date_sk = ss_sold_date_sk
    and i_item_sk  = ss_item_sk 
    and s_store_sk  = ss_store_sk
    and s_state in ('TN','TN','TN','TN',
                 'TN','TN','TN','TN')
 group by i_category,i_class)
 ,
 results_rollup as
 (select gross_margin ,i_category ,i_class,0 as t_category, 0 as t_class, 0 as lochierarchy from results
 union
 select sum(ss_net_profit)/sum(ss_ext_sales_price) as gross_margin,
   i_category, NULL AS i_class, 0 as t_category, 1 as t_class, 1 as lochierarchy from results group by i_category
 union
 select sum(ss_net_profit)/sum(ss_ext_sales_price) as gross_margin,
   NULL AS i_category ,NULL AS i_class, 1 as t_category, 1 as t_class, 2 as lochierarchy from results)
  select 
  gross_margin ,i_category ,i_class, lochierarchy,rank() over (
 	partition by lochierarchy, case when t_class = 0 then i_category end 
 	order by gross_margin asc) as rank_within_parent
 from results_rollup
 order by
   lochierarchy desc
  ,case when lochierarchy = 0 then i_category end
  ,rank_within_parent
  limit 100;
Limit  (cost=94624.05..94624.30 rows=100 width=148) (actual time=1074.663..1074.795 rows=100 loops=1)
  CTE results
    ->  Finalize GroupAggregate  (cost=94009.35..94348.11 rows=990 width=134) (actual time=976.130..1074.073 rows=128 loops=1)
          Group Key: item.i_category, item.i_class
          ->  Gather Merge  (cost=94009.35..94315.94 rows=1980 width=118) (actual time=975.531..1073.933 rows=372 loops=1)
                Workers Planned: 2
                Workers Launched: 2
                ->  Partial GroupAggregate  (cost=93009.32..93087.37 rows=990 width=118) (actual time=870.164..954.887 rows=124 loops=3)
                      Group Key: item.i_category, item.i_class
                      ->  Sort  (cost=93009.32..93022.95 rows=5452 width=118) (actual time=869.420..906.844 rows=177864 loops=3)
                            Sort Key: item.i_category, item.i_class
                            Sort Method: external merge  Disk: 23592kB
                            Worker 0:  Sort Method: external merge  Disk: 22024kB
                            Worker 1:  Sort Method: external merge  Disk: 22056kB
                            ->  Nested Loop  (cost=2324.33..92670.96 rows=5452 width=118) (actual time=13.831..662.236 rows=177864 loops=3)
                                  ->  Hash Join  (cost=2324.04..91005.39 rows=5452 width=24) (actual time=13.780..317.754 rows=177864 loops=3)
                                        Hash Cond: (store_sales.ss_store_sk = store.s_store_sk)
                                        ->  Hash Join  (cost=2322.65..90983.94 rows=5718 width=32) (actual time=13.692..288.984 rows=182105 loops=3)
                                              Hash Cond: (store_sales.ss_sold_date_sk = d1.d_date_sk)
                                              ->  Parallel Seq Scan on store_sales  (cost=0.00..85499.45 rows=1204445 width=40) (actual time=0.014..128.911 rows=948150 loops=3)
                                              ->  Hash  (cost=2318.11..2318.11 rows=363 width=8) (actual time=13.659..13.661 rows=366 loops=3)
                                                    Buckets: 1024  Batches: 1  Memory Usage: 23kB
                                                    ->  Seq Scan on date_dim d1  (cost=0.00..2318.11 rows=363 width=8) (actual time=6.635..13.614 rows=366 loops=3)
                                                          Filter: (d_year = 2000)
                                                          Rows Removed by Filter: 72683
                                        ->  Hash  (cost=1.24..1.24 rows=12 width=8) (actual time=0.036..0.037 rows=12 loops=3)
                                              Buckets: 1024  Batches: 1  Memory Usage: 9kB
                                              ->  Seq Scan on store  (cost=0.00..1.24 rows=12 width=8) (actual time=0.027..0.032 rows=12 loops=3)
                                                    Filter: (s_state = ANY ('{TN,TN,TN,TN,TN,TN,TN,TN}'::bpchar[]))
                                  ->  Index Scan using pk_item on item  (cost=0.29..0.31 rows=1 width=110) (actual time=0.002..0.002 rows=1 loops=533592)
                                        Index Cond: (i_item_sk = store_sales.ss_item_sk)
  ->  Sort  (cost=275.93..278.91 rows=1191 width=148) (actual time=1074.662..1074.667 rows=100 loops=1)
        Sort Key: results_rollup.lochierarchy DESC, (CASE WHEN (results_rollup.lochierarchy = 0) THEN results_rollup.i_category ELSE NULL::bpchar END), (rank() OVER (?))
        Sort Method: quicksort  Memory: 58kB
        ->  WindowAgg  (cost=197.66..230.42 rows=1191 width=148) (actual time=1074.343..1074.441 rows=140 loops=1)
              ->  Sort  (cost=197.66..200.64 rows=1191 width=108) (actual time=1074.331..1074.338 rows=140 loops=1)
                    Sort Key: results_rollup.lochierarchy, (CASE WHEN (results_rollup.t_class = 0) THEN results_rollup.i_category ELSE NULL::bpchar END), results_rollup.gross_margin
                    Sort Method: quicksort  Memory: 49kB
                    ->  Subquery Scan on results_rollup  (cost=110.02..136.81 rows=1191 width=108) (actual time=1074.183..1074.225 rows=140 loops=1)
                          ->  HashAggregate  (cost=110.02..121.93 rows=1191 width=84) (actual time=1074.181..1074.210 rows=140 loops=1)
                                Group Key: results.gross_margin, results.i_category, results.i_class, (0), (0), (0)
                                Batches: 1  Memory Usage: 129kB
                                ->  Append  (cost=0.00..92.15 rows=1191 width=84) (actual time=976.134..1074.102 rows=140 loops=1)
                                      ->  CTE Scan on results  (cost=0.00..19.80 rows=990 width=428) (actual time=976.133..1074.014 rows=128 loops=1)
                                      ->  HashAggregate  (cost=27.23..29.73 rows=200 width=256) (actual time=0.051..0.053 rows=11 loops=1)
                                            Group Key: results_1.i_category
                                            Batches: 1  Memory Usage: 40kB
                                            ->  CTE Scan on results results_1  (cost=0.00..19.80 rows=990 width=220) (actual time=0.000..0.011 rows=128 loops=1)
                                      ->  Aggregate  (cost=24.75..24.76 rows=1 width=84) (actual time=0.020..0.021 rows=1 loops=1)
                                            ->  CTE Scan on results results_2  (cost=0.00..19.80 rows=990 width=16) (actual time=0.000..0.008 rows=128 loops=1)
     gross_margin     |                     i_category                     |                      i_class                       | lochierarchy | rank_within_parent 
----------------------+----------------------------------------------------+----------------------------------------------------+--------------+--------------------
  -0.3971684841617345 |                                                    |                                                    |            2 |                  1
 -0.43535350212020046 |                                                    |                                                    |            1 |                  1
  -0.4057369451713339 | Jewelry                                            |                                                    |            1 |                  2
  -0.3998721657193337 | Music                                              |                                                    |            1 |                  3
  -0.3990623609146799 | Men                                                |                                                    |            1 |                  4
  -0.3988480853807123 | Electronics                                        |                                                    |            1 |                  5
 -0.39874878323178164 | Children                                           |                                                    |            1 |                  6
 -0.39579138196163133 | Books                                              |                                                    |            1 |                  7
 -0.39433654022334197 | Shoes                                              |                                                    |            1 |                  8
 -0.39428558868586977 | Women                                              |                                                    |            1 |                  9
  -0.3929203986541696 | Home                                               |                                                    |            1 |                 10
  -0.3910129218685519 | Sports                                             |                                                    |            1 |                 11
  -0.4341477439405538 | Books                                              | arts                                               |            0 |                  1
  -0.4311152177224591 | Books                                              | reference                                          |            0 |                  2
  -0.4252689796195935 | Books                                              | sports                                             |            0 |                  3
 -0.42270849198806587 | Books                                              | mystery                                            |            0 |                  4
 -0.42138093093881884 | Books                                              | fiction                                            |            0 |                  5
   -0.396856651513417 | Books                                              | parenting                                          |            0 |                  6
  -0.3910391714258924 | Books                                              | business                                           |            0 |                  7
  -0.3888025993642929 | Books                                              | entertainments                                     |            0 |                  8
 -0.38786241176253694 | Books                                              | cooking                                            |            0 |                  9
  -0.3854554848735324 | Books                                              | self-help                                          |            0 |                 10
 -0.38522081523004387 | Books                                              | romance                                            |            0 |                 11
  -0.3834348543679855 | Books                                              | home repair                                        |            0 |                 12
  -0.3787755826350297 | Books                                              | computers                                          |            0 |                 13
  -0.3757503943985579 | Books                                              | travel                                             |            0 |                 14
  -0.3752081437903964 | Books                                              | science                                            |            0 |                 15
 -0.34718719827695593 | Books                                              | history                                            |            0 |                 16
   0.9545571798219836 | Books                                              |                                                    |            0 |                 17
  -0.5998839027581604 | Children                                           |                                                    |            0 |                  1
 -0.40026192527753873 | Children                                           | school-uniforms                                    |            0 |                  2
 -0.40021765303946943 | Children                                           | toddlers                                           |            0 |                  3
  -0.3976512341946643 | Children                                           | infants                                            |            0 |                  4
  -0.3961521086166888 | Children                                           | newborn                                            |            0 |                  5
   -0.459697155192992 | Electronics                                        | audio                                              |            0 |                  1
  -0.4459769555879975 | Electronics                                        | automotive                                         |            0 |                  2
  -0.4357228616049263 | Electronics                                        | cameras                                            |            0 |                  3
 -0.40814929485874973 | Electronics                                        | portable                                           |            0 |                  4
 -0.40483419715971664 | Electronics                                        | dvd/vcr players                                    |            0 |                  5
 -0.39641947635266656 | Electronics                                        | monitors                                           |            0 |                  6
 -0.39471938279291613 | Electronics                                        | karoke                                             |            0 |                  7
   -0.394611929295644 | Electronics                                        | scanners                                           |            0 |                  8
 -0.39321775311649737 | Electronics                                        | televisions                                        |            0 |                  9
  -0.3911252193829041 | Electronics                                        | wireless                                           |            0 |                 10
 -0.39106912385303105 | Electronics                                        | personal                                           |            0 |                 11
 -0.38935845190194335 | Electronics                                        | disk drives                                        |            0 |                 12
 -0.38653385614667474 | Electronics                                        | stereo                                             |            0 |                 13
   -0.375039052611195 | Electronics                                        | memory                                             |            0 |                 14
 -0.35030400262166694 | Electronics                                        | musical                                            |            0 |                 15
  -0.3402061011230082 | Electronics                                        | camcorders                                         |            0 |                 16
   0.9855138071525578 | Electronics                                        |                                                    |            0 |                 17
 -0.41819626955618905 | Home                                               | lighting                                           |            0 |                  1
  -0.4147215570611908 | Home                                               | glassware                                          |            0 |                  2
  -0.4138824434972496 | Home                                               | accent                                             |            0 |                  3
  -0.4102361063900113 | Home                                               | tables                                             |            0 |                  4
 -0.40937108542261297 | Home                                               | rugs                                               |            0 |                  5
  -0.4079227842493924 | Home                                               | mattresses                                         |            0 |                  6
 -0.40130469915687084 | Home                                               | wallpaper                                          |            0 |                  7
  -0.3996060642751663 | Home                                               | flatware                                           |            0 |                  8
  -0.3965392140359615 | Home                                               | kids                                               |            0 |                  9
  -0.3932160136827762 | Home                                               | furniture                                          |            0 |                 10
  -0.3830664405732349 | Home                                               | blinds/shades                                      |            0 |                 11
  -0.3821364497268139 | Home                                               | bathroom                                           |            0 |                 12
  -0.3715869404996896 | Home                                               | decor                                              |            0 |                 13
  -0.3707319475984487 | Home                                               | paint                                              |            0 |                 14
 -0.35817098362946975 | Home                                               | bedding                                            |            0 |                 15
  -0.3507932197288905 | Home                                               | curtains/drapes                                    |            0 |                 16
  -0.2949666719315811 | Home                                               |                                                    |            0 |                 17
 -0.42924905252760853 | Jewelry                                            | womens watch                                       |            0 |                  1
 -0.42173113488280556 | Jewelry                                            | gold                                               |            0 |                  2
 -0.42002246000136617 | Jewelry                                            | diamonds                                           |            0 |                  3
 -0.41645525649110965 | Jewelry                                            | birdal                                             |            0 |                  4
  -0.4146093538838412 | Jewelry                                            | mens watch                                         |            0 |                  5
 -0.41312974188941715 | Jewelry                                            | consignment                                        |            0 |                  6
 -0.41109843586087036 | Jewelry                                            | bracelets                                          |            0 |                  7
   -0.406186507498221 | Jewelry                                            | pendants                                           |            0 |                  8
   -0.401972984320542 | Jewelry                                            | jewelry boxes                                      |            0 |                  9
 -0.40173875279357185 | Jewelry                                            | semi-precious                                      |            0 |                 10
 -0.39775148172208086 | Jewelry                                            | loose stones                                       |            0 |                 11
  -0.3966196886944223 | Jewelry                                            | rings                                              |            0 |                 12
 -0.39657020335578774 | Jewelry                                            | estate                                             |            0 |                 13
  -0.3955588724320444 | Jewelry                                            | custom                                             |            0 |                 14
 -0.38419074126339053 | Jewelry                                            | costume                                            |            0 |                 15
 -0.37507461195518105 | Jewelry                                            | earings                                            |            0 |                 16
  -0.3260836454654256 | Jewelry                                            |                                                    |            0 |                 17
 -0.40778775295976594 | Men                                                | shirts                                             |            0 |                  1
  -0.4068788392030052 | Men                                                | sports-apparel                                     |            0 |                  2
  -0.3992062477027989 | Men                                                | accessories                                        |            0 |                  3
  -0.3836642043296013 | Men                                                | pants                                              |            0 |                  4
 -0.15313324630575834 | Men                                                |                                                    |            0 |                  5
  -0.4160245044053181 | Music                                              | classical                                          |            0 |                  1
 -0.39723290477116424 | Music                                              | rock                                               |            0 |                  2
 -0.39644540528675304 | Music                                              | pop                                                |            0 |                  3
  -0.3916140643506691 | Music                                              | country                                            |            0 |                  4
 -0.37357324316149637 | Music                                              |                                                    |            0 |                  5
 -0.40346334784242616 | Shoes                                              | womens                                             |            0 |                  1
  -0.3967603535604637 | Shoes                                              | kids                                               |            0 |                  2
 -0.39039098888407486 | Shoes                                              | athletic                                           |            0 |                  3
 -0.38697926812945554 | Shoes                                              | mens                                               |            0 |                  4
  -0.3105004169766002 | Shoes                                              |                                                    |            0 |                  5
(100 rows)

UPDATE time_statistics SET e_time = TRANSACTION_TIMESTAMP() WHERE template = '../query_variants/query36a.tpl' AND stream = 5;
psql:/tmp/s1-basline/throughput/query_5.sql:1208: NOTICE:  duration: 0.090 ms  plan:
Query Text: UPDATE time_statistics SET e_time = TRANSACTION_TIMESTAMP() WHERE template = '../query_variants/query36a.tpl' AND stream = 5;
Update on time_statistics  (cost=0.00..15.87 rows=0 width=0) (actual time=0.089..0.089 rows=0 loops=1)
  ->  Seq Scan on time_statistics  (cost=0.00..15.87 rows=1 width=14) (actual time=0.070..0.075 rows=1 loops=1)
        Filter: ((template = '../query_variants/query36a.tpl'::text) AND (stream = 5))
        Rows Removed by Filter: 572
UPDATE 1
LOAD 'auto_explain'; SET auto_explain.log_min_duration TO 0; SET auto_explain.log_analyze TO on; SET auto_explain.log_level TO notice; INSERT INTO time_statistics (template, s_time, stream, query, seed) VALUES ('../query_postgresql/query77.tpl', TRANSACTION_TIMESTAMP(), 5, 22, 1311806033);
LOAD
SET
SET
SET
psql:/tmp/s1-basline/throughput/query_5.sql:1209: NOTICE:  duration: 0.008 ms  plan:
Query Text: INSERT INTO time_statistics (template, s_time, stream, query, seed) VALUES ('../query_postgresql/query77.tpl', TRANSACTION_TIMESTAMP(), 5, 22, 1311806033);
Insert on time_statistics  (cost=0.00..0.01 rows=0 width=0) (actual time=0.008..0.008 rows=0 loops=1)
  ->  Result  (cost=0.00..0.01 rows=1 width=64) (actual time=0.001..0.001 rows=1 loops=1)
INSERT 0 1
with ss as
 (select s_store_sk,
         sum(ss_ext_sales_price) as sales,
         sum(ss_net_profit) as profit
 from store_sales,
      date_dim,
      store
 where ss_sold_date_sk = d_date_sk
       and d_date between cast('1999-08-20' as date) 
                  and (cast('1999-08-20' as date) + interval '30 days') 
       and ss_store_sk = s_store_sk
 group by s_store_sk)
 ,
 sr as
 (select s_store_sk,
         sum(sr_return_amt) as returns,
         sum(sr_net_loss) as profit_loss
 from store_returns,
      date_dim,
      store
 where sr_returned_date_sk = d_date_sk
       and d_date between cast('1999-08-20' as date)
                  and (cast('1999-08-20' as date) + interval '30 days')
       and sr_store_sk = s_store_sk
 group by s_store_sk), 
 cs as
 (select cs_call_center_sk,
        sum(cs_ext_sales_price) as sales,
        sum(cs_net_profit) as profit
 from catalog_sales,
      date_dim
 where cs_sold_date_sk = d_date_sk
       and d_date between cast('1999-08-20' as date)
                  and (cast('1999-08-20' as date) + interval '30 days')
 group by cs_call_center_sk 
 ), 
 cr as
 (select cr_call_center_sk,
         sum(cr_return_amount) as returns,
         sum(cr_net_loss) as profit_loss
 from catalog_returns,
      date_dim
 where cr_returned_date_sk = d_date_sk
       and d_date between cast('1999-08-20' as date)
                  and (cast('1999-08-20' as date) + interval '30 days')
 group by cr_call_center_sk
 ), 
 ws as
 ( select wp_web_page_sk,
        sum(ws_ext_sales_price) as sales,
        sum(ws_net_profit) as profit
 from web_sales,
      date_dim,
      web_page
 where ws_sold_date_sk = d_date_sk
       and d_date between cast('1999-08-20' as date)
                  and (cast('1999-08-20' as date) + interval '30 days')
       and ws_web_page_sk = wp_web_page_sk
 group by wp_web_page_sk), 
 wr as
 (select wp_web_page_sk,
        sum(wr_return_amt) as returns,
        sum(wr_net_loss) as profit_loss
 from web_returns,
      date_dim,
      web_page
 where wr_returned_date_sk = d_date_sk
       and d_date between cast('1999-08-20' as date)
                  and (cast('1999-08-20' as date) + interval '30 days')
       and wr_web_page_sk = wp_web_page_sk
 group by wp_web_page_sk)
  select  channel
        , id
        , sum(sales) as sales
        , sum(returns) as returns
        , sum(profit) as profit
 from 
 (select 'store channel' as channel
        , ss.s_store_sk as id
        , sales
        , coalesce(returns, 0) as returns
        , (profit - coalesce(profit_loss,0)) as profit
 from   ss left join sr
        on  ss.s_store_sk = sr.s_store_sk
 union all
 select 'catalog channel' as channel
        , cs_call_center_sk as id
        , sales
        , returns
        , (profit - profit_loss) as profit
 from  cs
       , cr
 union all
 select 'web channel' as channel
        , ws.wp_web_page_sk as id
        , sales
        , coalesce(returns, 0) as returns
        , (profit - coalesce(profit_loss,0)) as profit
 from   ws left join wr
        on  ws.wp_web_page_sk = wr.wp_web_page_sk
 ) x
 group by rollup (channel, id)
 order by channel
         ,id
 limit 100;
psql:/tmp/s1-basline/throughput/query_5.sql:1314: NOTICE:  duration: 217.678 ms  plan:
Query Text: with ss as
 (select s_store_sk,
         sum(ss_ext_sales_price) as sales,
         sum(ss_net_profit) as profit
 from store_sales,
      date_dim,
      store
 where ss_sold_date_sk = d_date_sk
       and d_date between cast('1999-08-20' as date) 
                  and (cast('1999-08-20' as date) + interval '30 days') 
       and ss_store_sk = s_store_sk
 group by s_store_sk)
 ,
 sr as
 (select s_store_sk,
         sum(sr_return_amt) as returns,
         sum(sr_net_loss) as profit_loss
 from store_returns,
      date_dim,
      store
 where sr_returned_date_sk = d_date_sk
       and d_date between cast('1999-08-20' as date)
                  and (cast('1999-08-20' as date) + interval '30 days')
       and sr_store_sk = s_store_sk
 group by s_store_sk), 
 cs as
 (select cs_call_center_sk,
        sum(cs_ext_sales_price) as sales,
        sum(cs_net_profit) as profit
 from catalog_sales,
      date_dim
 where cs_sold_date_sk = d_date_sk
       and d_date between cast('1999-08-20' as date)
                  and (cast('1999-08-20' as date) + interval '30 days')
 group by cs_call_center_sk 
 ), 
 cr as
 (select cr_call_center_sk,
         sum(cr_return_amount) as returns,
         sum(cr_net_loss) as profit_loss
 from catalog_returns,
      date_dim
 where cr_returned_date_sk = d_date_sk
       and d_date between cast('1999-08-20' as date)
                  and (cast('1999-08-20' as date) + interval '30 days')
 group by cr_call_center_sk
 ), 
 ws as
 ( select wp_web_page_sk,
        sum(ws_ext_sales_price) as sales,
        sum(ws_net_profit) as profit
 from web_sales,
      date_dim,
      web_page
 where ws_sold_date_sk = d_date_sk
       and d_date between cast('1999-08-20' as date)
                  and (cast('1999-08-20' as date) + interval '30 days')
       and ws_web_page_sk = wp_web_page_sk
 group by wp_web_page_sk), 
 wr as
 (select wp_web_page_sk,
        sum(wr_return_amt) as returns,
        sum(wr_net_loss) as profit_loss
 from web_returns,
      date_dim,
      web_page
 where wr_returned_date_sk = d_date_sk
       and d_date between cast('1999-08-20' as date)
                  and (cast('1999-08-20' as date) + interval '30 days')
       and wr_web_page_sk = wp_web_page_sk
 group by wp_web_page_sk)
  select  channel
        , id
        , sum(sales) as sales
        , sum(returns) as returns
        , sum(profit) as profit
 from 
 (select 'store channel' as channel
        , ss.s_store_sk as id
        , sales
        , coalesce(returns, 0) as returns
        , (profit - coalesce(profit_loss,0)) as profit
 from   ss left join sr
        on  ss.s_store_sk = sr.s_store_sk
 union all
 select 'catalog channel' as channel
        , cs_call_center_sk as id
        , sales
        , returns
        , (profit - profit_loss) as profit
 from  cs
       , cr
 union all
 select 'web channel' as channel
        , ws.wp_web_page_sk as id
        , sales
        , coalesce(returns, 0) as returns
        , (profit - coalesce(profit_loss,0)) as profit
 from   ws left join wr
        on  ws.wp_web_page_sk = wr.wp_web_page_sk
 ) x
 group by rollup (channel, id)
 order by channel
         ,id
 limit 100;
Limit  (cost=45533.60..45541.02 rows=100 width=64) (actual time=177.221..217.632 rows=44 loops=1)
  ->  GroupAggregate  (cost=45533.60..45549.70 rows=217 width=64) (actual time=177.220..217.625 rows=44 loops=1)
        Group Key: ('store channel'::text), store.s_store_sk
        Group Key: ('store channel'::text)
        Group Key: ()
        ->  Gather Merge  (cost=45533.60..45546.18 rows=108 width=64) (actual time=177.211..217.578 rows=52 loops=1)
              Workers Planned: 2
              Workers Launched: 2
              ->  Sort  (cost=44533.58..44533.69 rows=45 width=64) (actual time=74.120..74.128 rows=17 loops=3)
                    Sort Key: ('store channel'::text), store.s_store_sk
                    Sort Method: quicksort  Memory: 26kB
                    Worker 0:  Sort Method: quicksort  Memory: 27kB
                    Worker 1:  Sort Method: quicksort  Memory: 25kB
                    ->  Parallel Append  (cost=1.71..44532.34 rows=45 width=64) (actual time=49.667..74.091 rows=17 loops=3)
                          ->  Merge Left Join  (cost=1.71..44532.00 rows=12 width=64) (actual time=99.349..168.375 rows=6 loops=1)
                                Merge Cond: (store.s_store_sk = store_1.s_store_sk)
                                ->  GroupAggregate  (cost=0.86..40749.85 rows=12 width=24) (actual time=87.013..152.356 rows=6 loops=1)
                                      Group Key: store.s_store_sk
                                      ->  Nested Loop  (cost=0.86..40741.35 rows=1117 width=24) (actual time=0.672..148.021 rows=56882 loops=1)
                                            Join Filter: (store_sales.ss_store_sk = store.s_store_sk)
                                            Rows Removed by Join Filter: 641662
                                            ->  Index Only Scan using pk_store on store  (cost=0.14..3.62 rows=12 width=8) (actual time=0.079..0.088 rows=12 loops=1)
                                                  Heap Fetches: 12
                                            ->  Materialize  (cost=0.72..40529.71 rows=1172 width=24) (actual time=0.019..8.714 rows=58212 loops=12)
                                                  ->  Nested Loop  (cost=0.72..40523.85 rows=1172 width=24) (actual time=0.219..67.287 rows=58212 loops=1)
                                                        ->  Index Scan using i_d_date on date_dim  (cost=0.29..3.11 rows=31 width=8) (actual time=0.092..0.104 rows=31 loops=1)
                                                              Index Cond: ((d_date >= '1999-08-20'::date) AND (d_date <= '1999-09-19 00:00:00'::timestamp without time zone))
                                                        ->  Index Scan using i_ss_sold_date_sk on store_sales  (cost=0.43..1291.97 rows=1515 width=32) (actual time=0.079..1.777 rows=1878 loops=31)
                                                              Index Cond: (ss_sold_date_sk = date_dim.d_date_sk)
                                ->  GroupAggregate  (cost=0.85..3781.70 rows=12 width=24) (actual time=12.332..16.012 rows=6 loops=1)
                                      Group Key: store_1.s_store_sk
                                      ->  Nested Loop  (cost=0.85..3780.72 rows=114 width=24) (actual time=0.093..15.745 rows=3059 loops=1)
                                            Join Filter: (store_returns.sr_store_sk = store_1.s_store_sk)
                                            Rows Removed by Join Filter: 34309
                                            ->  Index Only Scan using pk_store on store store_1  (cost=0.14..3.62 rows=12 width=8) (actual time=0.006..0.009 rows=12 loops=1)
                                                  Heap Fetches: 12
                                            ->  Materialize  (cost=0.71..3756.16 rows=118 width=24) (actual time=0.004..1.101 rows=3114 loops=12)
                                                  ->  Nested Loop  (cost=0.71..3755.57 rows=118 width=24) (actual time=0.044..11.164 rows=3114 loops=1)
                                                        ->  Index Scan using i_d_date on date_dim date_dim_1  (cost=0.29..3.11 rows=31 width=8) (actual time=0.008..0.016 rows=31 loops=1)
                                                              Index Cond: ((d_date >= '1999-08-20'::date) AND (d_date <= '1999-09-19 00:00:00'::timestamp without time zone))
                                                        ->  Index Scan using i_sr_returned_date_sk on store_returns  (cost=0.42..119.65 rows=140 width=32) (actual time=0.006..0.341 rows=100 loops=31)
                                                              Index Cond: (sr_returned_date_sk = date_dim_1.d_date_sk)
                          ->  Merge Left Join  (cost=12375.43..12385.33 rows=60 width=64) (actual time=32.433..36.530 rows=30 loops=1)
                                Merge Cond: (web_page.wp_web_page_sk = web_page_1.wp_web_page_sk)
                                ->  GroupAggregate  (cost=11413.58..11421.39 rows=60 width=24) (actual time=27.813..31.752 rows=30 loops=1)
                                      Group Key: web_page.wp_web_page_sk
                                      ->  Merge Join  (cost=11413.58..11418.48 rows=307 width=24) (actual time=27.670..30.609 rows=15557 loops=1)
                                            Merge Cond: (web_sales.ws_web_page_sk = web_page.wp_web_page_sk)
                                            ->  Sort  (cost=11409.21..11409.98 rows=307 width=24) (actual time=27.602..28.587 rows=15558 loops=1)
                                                  Sort Key: web_sales.ws_web_page_sk
                                                  Worker 0:  Sort Method: quicksort  Memory: 1357kB
                                                  ->  Nested Loop  (cost=0.72..11396.53 rows=307 width=24) (actual time=0.185..24.590 rows=15559 loops=1)
                                                        ->  Index Scan using i_d_date on date_dim date_dim_2  (cost=0.29..3.11 rows=31 width=8) (actual time=0.096..0.117 rows=31 loops=1)
                                                              Index Cond: ((d_date >= '1999-08-20'::date) AND (d_date <= '1999-09-19 00:00:00'::timestamp without time zone))
                                                        ->  Index Scan using i_ws_sold_date_sk on web_sales  (cost=0.42..363.56 rows=397 width=32) (actual time=0.042..0.665 rows=502 loops=31)
                                                              Index Cond: (ws_sold_date_sk = date_dim_2.d_date_sk)
                                            ->  Sort  (cost=4.37..4.52 rows=60 width=8) (actual time=0.063..0.067 rows=58 loops=1)
                                                  Sort Key: web_page.wp_web_page_sk
                                                  Worker 0:  Sort Method: quicksort  Memory: 25kB
                                                  ->  Seq Scan on web_page  (cost=0.00..2.60 rows=60 width=8) (actual time=0.043..0.055 rows=60 loops=1)
                                ->  GroupAggregate  (cost=961.85..962.41 rows=28 width=24) (actual time=4.617..4.767 rows=30 loops=1)
                                      Group Key: web_page_1.wp_web_page_sk
                                      ->  Sort  (cost=961.85..961.92 rows=28 width=24) (actual time=4.610..4.654 rows=998 loops=1)
                                            Sort Key: web_page_1.wp_web_page_sk
                                            Worker 0:  Sort Method: quicksort  Memory: 87kB
                                            ->  Nested Loop  (cost=0.72..961.18 rows=28 width=24) (actual time=0.077..4.412 rows=998 loops=1)
                                                  ->  Nested Loop  (cost=0.58..956.61 rows=29 width=24) (actual time=0.043..3.453 rows=1023 loops=1)
                                                        ->  Index Scan using i_d_date on date_dim date_dim_3  (cost=0.29..3.11 rows=31 width=8) (actual time=0.008..0.014 rows=31 loops=1)
                                                              Index Cond: ((d_date >= '1999-08-20'::date) AND (d_date <= '1999-09-19 00:00:00'::timestamp without time zone))
                                                        ->  Index Scan using i_wr_returned_date_sk on web_returns  (cost=0.29..30.43 rows=33 width=32) (actual time=0.008..0.104 rows=33 loops=31)
                                                              Index Cond: (wr_returned_date_sk = date_dim_3.d_date_sk)
                                                  ->  Index Only Scan using pk_web_page on web_page web_page_1  (cost=0.14..0.16 rows=1 width=8) (actual time=0.001..0.001 rows=1 loops=1023)
                                                        Index Cond: (wp_web_page_sk = web_returns.wr_web_page_sk)
                                                        Heap Fetches: 998
                          ->  Nested Loop  (cost=1977.27..1978.68 rows=36 width=64) (actual time=17.215..17.346 rows=16 loops=1)
                                ->  HashAggregate  (cost=1738.55..1738.61 rows=6 width=24) (actual time=15.877..15.879 rows=4 loops=1)
                                      Group Key: catalog_sales.cs_call_center_sk
                                      Batches: 1  Memory Usage: 24kB
                                      ->  Nested Loop  (cost=0.72..1733.97 rows=610 width=24) (actual time=0.021..11.937 rows=29682 loops=1)
                                            ->  Index Scan using i_d_date on date_dim date_dim_4  (cost=0.29..3.11 rows=31 width=8) (actual time=0.011..0.018 rows=31 loops=1)
                                                  Index Cond: ((d_date >= '1999-08-20'::date) AND (d_date <= '1999-09-19 00:00:00'::timestamp without time zone))
                                            ->  Index Scan using i_cs_sold_date_sk on catalog_sales  (cost=0.43..47.98 rows=785 width=32) (actual time=0.005..0.161 rows=957 loops=31)
                                                  Index Cond: (cs_sold_date_sk = date_dim_4.d_date_sk)
                                ->  Materialize  (cost=238.72..239.49 rows=6 width=16) (actual time=0.334..0.366 rows=4 loops=4)
                                      ->  Subquery Scan on cr  (cost=238.72..239.46 rows=6 width=16) (actual time=1.335..1.459 rows=4 loops=1)
                                            ->  GroupAggregate  (cost=238.72..239.40 rows=6 width=24) (actual time=1.334..1.458 rows=4 loops=1)
                                                  Group Key: catalog_returns.cr_call_center_sk
                                                  ->  Sort  (cost=238.72..238.87 rows=62 width=24) (actual time=1.272..1.324 rows=1379 loops=1)
                                                        Sort Key: catalog_returns.cr_call_center_sk
                                                        Sort Method: quicksort  Memory: 134kB
                                                        ->  Nested Loop  (cost=0.59..236.87 rows=62 width=24) (actual time=0.013..1.096 rows=1379 loops=1)
                                                              ->  Index Scan using i_d_date on date_dim date_dim_5  (cost=0.29..3.11 rows=31 width=8) (actual time=0.005..0.009 rows=31 loops=1)
                                                                    Index Cond: ((d_date >= '1999-08-20'::date) AND (d_date <= '1999-09-19 00:00:00'::timestamp without time zone))
                                                              ->  Index Scan using i_cr_returned_date_sk on catalog_returns  (cost=0.29..6.82 rows=72 width=32) (actual time=0.003..0.027 rows=44 loops=31)
                                                                    Index Cond: (cr_returned_date_sk = date_dim_5.d_date_sk)
     channel     | id |       sales        |      returns       |       profit        
-----------------+----+--------------------+--------------------+---------------------
 catalog channel |  1 | 100394201.88000001 | 1796328.2799999993 | -10737176.299999986
 catalog channel |  2 |  101219487.9200002 | 1796328.2799999996 | -11815999.220000044
 catalog channel |  4 |  98424668.24000034 | 1796328.2799999998 | -10607180.539999986
 catalog channel |    |  227255.8400000001 | 1796328.2799999996 | -1183266.6199999994
 catalog channel |    |  300265613.8800004 |  7185313.119999998 | -34343622.680000015
 store channel   |  1 | 18837816.490000017 |  403990.6500000004 |   -8393124.88999998
 store channel   |  2 |  17009667.22000002 |  555780.9300000002 |  -7694386.110000016
 store channel   |  4 |  19128994.30000006 |  491993.6699999994 |  -8267540.550000017
 store channel   |  7 | 16541704.289999938 |  535540.6200000003 |  -7675256.709999983
 store channel   |  8 | 19183525.639999926 |  466627.0599999998 |   -8626609.08000003
 store channel   | 10 | 16898412.260000024 |  507253.5900000002 |  -7736560.900000004
 store channel   |    | 107600120.19999997 | 2961186.5200000005 |  -48393478.24000003
 web channel     |  1 | 1167859.5200000014 | 29977.550000000003 | -135255.12000000002
 web channel     |  2 | 1295191.2999999996 |  60375.11999999999 | -233142.10000000036
 web channel     |  4 |  1398425.280000001 | 13575.580000000002 | -191253.34000000008
 web channel     |  7 | 1415170.9100000018 | 29207.519999999993 |  -84185.33000000003
 web channel     |  8 | 1289805.4900000007 |           46128.61 | -145210.90999999997
 web channel     | 10 | 1380607.1000000022 |  49699.11999999999 | -230964.66000000024
 web channel     | 13 | 1148593.2899999996 | 15221.280000000002 | -189855.20999999988
 web channel     | 14 | 1348713.7200000007 | 53890.579999999994 | -144186.61000000004
 web channel     | 16 |         1167094.92 |            75909.2 |          -177022.06
 web channel     | 19 |         1320984.71 | 23018.769999999997 |  -204130.5799999999
 web channel     | 20 |  1300796.409999999 |           32921.84 |  -178713.2299999999
 web channel     | 22 | 1252350.9400000002 |  46172.30000000001 | -171351.01000000004
 web channel     | 25 | 1220549.3599999996 |  34813.16999999999 |          -207242.03
 web channel     | 26 |         1575263.34 |           40859.83 | -121351.45000000014
 web channel     | 28 | 1344236.6600000013 |  57727.71000000002 | -173588.23000000004
 web channel     | 31 |         1382474.56 | 49254.499999999985 |          -177083.56
 web channel     | 32 | 1225326.6300000006 |            22366.7 | -228959.11999999994
 web channel     | 34 | 1272520.9800000004 |  67895.95000000001 | -147976.77999999997
 web channel     | 37 |  1272255.490000001 |           33505.65 | -129049.86999999998
 web channel     | 38 | 1211296.3199999996 |  58743.04999999999 | -199055.77000000005
 web channel     | 40 | 1355424.4700000014 |  55191.81000000001 | -116395.61999999997
 web channel     | 43 | 1334124.6899999995 |           33462.28 |  -99355.18999999999
 web channel     | 44 | 1354248.3200000008 |  49351.05999999999 |          -159144.37
 web channel     | 46 |  1436487.740000001 | 27787.790000000008 | -114210.11999999997
 web channel     | 49 | 1365470.8600000015 | 42618.090000000004 | -107906.18000000005
 web channel     | 50 | 1235462.5699999991 |  46355.55000000001 | -275429.70999999973
 web channel     | 52 | 1287353.8799999997 | 31785.000000000004 |  -91461.06999999995
 web channel     | 55 | 1266595.4600000007 | 39708.060000000005 |  -172406.9699999999
 web channel     | 56 | 1280028.2900000014 |  55702.41999999999 | -117090.03999999992
 web channel     | 58 | 1213255.3200000012 | 26608.690000000002 | -200870.47999999984
 web channel     |    | 39117968.530000016 | 1249834.7799999998 |  -4923846.720000001
                 |    |  446983702.6100006 | 11396334.419999998 |  -87660947.64000008
(44 rows)

UPDATE time_statistics SET e_time = TRANSACTION_TIMESTAMP() WHERE template = '../query_postgresql/query77.tpl' AND stream = 5;
psql:/tmp/s1-basline/throughput/query_5.sql:1316: NOTICE:  duration: 0.079 ms  plan:
Query Text: UPDATE time_statistics SET e_time = TRANSACTION_TIMESTAMP() WHERE template = '../query_postgresql/query77.tpl' AND stream = 5;
Update on time_statistics  (cost=0.00..15.87 rows=0 width=0) (actual time=0.078..0.078 rows=0 loops=1)
  ->  Seq Scan on time_statistics  (cost=0.00..15.87 rows=1 width=14) (actual time=0.062..0.067 rows=1 loops=1)
        Filter: ((template = '../query_postgresql/query77.tpl'::text) AND (stream = 5))
        Rows Removed by Filter: 573
UPDATE 1
LOAD 'auto_explain'; SET auto_explain.log_min_duration TO 0; SET auto_explain.log_analyze TO on; SET auto_explain.log_level TO notice; INSERT INTO time_statistics (template, s_time, stream, query, seed) VALUES ('query90.tpl', TRANSACTION_TIMESTAMP(), 5, 23, 477500269);
LOAD
SET
SET
SET
psql:/tmp/s1-basline/throughput/query_5.sql:1317: NOTICE:  duration: 0.008 ms  plan:
Query Text: INSERT INTO time_statistics (template, s_time, stream, query, seed) VALUES ('query90.tpl', TRANSACTION_TIMESTAMP(), 5, 23, 477500269);
Insert on time_statistics  (cost=0.00..0.01 rows=0 width=0) (actual time=0.008..0.008 rows=0 loops=1)
  ->  Result  (cost=0.00..0.01 rows=1 width=64) (actual time=0.001..0.001 rows=1 loops=1)
INSERT 0 1
select  cast(amc as decimal(15,4))/cast(pmc as decimal(15,4)) am_pm_ratio
 from ( select count(*) amc
       from web_sales, household_demographics , time_dim, web_page
       where ws_sold_time_sk = time_dim.t_time_sk
         and ws_ship_hdemo_sk = household_demographics.hd_demo_sk
         and ws_web_page_sk = web_page.wp_web_page_sk
         and time_dim.t_hour between 7 and 7+1
         and household_demographics.hd_dep_count = 9
         and web_page.wp_char_count between 5000 and 5200) at,
      ( select count(*) pmc
       from web_sales, household_demographics , time_dim, web_page
       where ws_sold_time_sk = time_dim.t_time_sk
         and ws_ship_hdemo_sk = household_demographics.hd_demo_sk
         and ws_web_page_sk = web_page.wp_web_page_sk
         and time_dim.t_hour between 21 and 21+1
         and household_demographics.hd_dep_count = 9
         and web_page.wp_char_count between 5000 and 5200) pt
 order by am_pm_ratio
 limit 100;
psql:/tmp/s1-basline/throughput/query_5.sql:1336: ERROR:  division by zero
UPDATE time_statistics SET e_time = TRANSACTION_TIMESTAMP() WHERE template = 'query90.tpl' AND stream = 5;
psql:/tmp/s1-basline/throughput/query_5.sql:1338: NOTICE:  duration: 0.096 ms  plan:
Query Text: UPDATE time_statistics SET e_time = TRANSACTION_TIMESTAMP() WHERE template = 'query90.tpl' AND stream = 5;
Update on time_statistics  (cost=0.00..15.87 rows=0 width=0) (actual time=0.095..0.096 rows=0 loops=1)
  ->  Seq Scan on time_statistics  (cost=0.00..15.87 rows=1 width=14) (actual time=0.075..0.081 rows=1 loops=1)
        Filter: ((template = 'query90.tpl'::text) AND (stream = 5))
        Rows Removed by Filter: 574
UPDATE 1
LOAD 'auto_explain'; SET auto_explain.log_min_duration TO 0; SET auto_explain.log_analyze TO on; SET auto_explain.log_level TO notice; INSERT INTO time_statistics (template, s_time, stream, query, seed) VALUES ('query76.tpl', TRANSACTION_TIMESTAMP(), 5, 24, 1301289269);
LOAD
SET
SET
SET
psql:/tmp/s1-basline/throughput/query_5.sql:1339: NOTICE:  duration: 0.009 ms  plan:
Query Text: INSERT INTO time_statistics (template, s_time, stream, query, seed) VALUES ('query76.tpl', TRANSACTION_TIMESTAMP(), 5, 24, 1301289269);
Insert on time_statistics  (cost=0.00..0.01 rows=0 width=0) (actual time=0.009..0.009 rows=0 loops=1)
  ->  Result  (cost=0.00..0.01 rows=1 width=64) (actual time=0.001..0.001 rows=1 loops=1)
INSERT 0 1
select  channel, col_name, d_year, d_qoy, i_category, COUNT(*) sales_cnt, SUM(ext_sales_price) sales_amt FROM (
        SELECT 'store' as channel, 'ss_store_sk' col_name, d_year, d_qoy, i_category, ss_ext_sales_price ext_sales_price
         FROM store_sales, item, date_dim
         WHERE ss_store_sk IS NULL
           AND ss_sold_date_sk=d_date_sk
           AND ss_item_sk=i_item_sk
        UNION ALL
        SELECT 'web' as channel, 'ws_web_site_sk' col_name, d_year, d_qoy, i_category, ws_ext_sales_price ext_sales_price
         FROM web_sales, item, date_dim
         WHERE ws_web_site_sk IS NULL
           AND ws_sold_date_sk=d_date_sk
           AND ws_item_sk=i_item_sk
        UNION ALL
        SELECT 'catalog' as channel, 'cs_promo_sk' col_name, d_year, d_qoy, i_category, cs_ext_sales_price ext_sales_price
         FROM catalog_sales, item, date_dim
         WHERE cs_promo_sk IS NULL
           AND cs_sold_date_sk=d_date_sk
           AND cs_item_sk=i_item_sk) foo
GROUP BY channel, col_name, d_year, d_qoy, i_category
ORDER BY channel, col_name, d_year, d_qoy, i_category
limit 100;
psql:/tmp/s1-basline/throughput/query_5.sql:1360: NOTICE:  duration: 488.058 ms  plan:
Query Text: select  channel, col_name, d_year, d_qoy, i_category, COUNT(*) sales_cnt, SUM(ext_sales_price) sales_amt FROM (
        SELECT 'store' as channel, 'ss_store_sk' col_name, d_year, d_qoy, i_category, ss_ext_sales_price ext_sales_price
         FROM store_sales, item, date_dim
         WHERE ss_store_sk IS NULL
           AND ss_sold_date_sk=d_date_sk
           AND ss_item_sk=i_item_sk
        UNION ALL
        SELECT 'web' as channel, 'ws_web_site_sk' col_name, d_year, d_qoy, i_category, ws_ext_sales_price ext_sales_price
         FROM web_sales, item, date_dim
         WHERE ws_web_site_sk IS NULL
           AND ws_sold_date_sk=d_date_sk
           AND ws_item_sk=i_item_sk
        UNION ALL
        SELECT 'catalog' as channel, 'cs_promo_sk' col_name, d_year, d_qoy, i_category, cs_ext_sales_price ext_sales_price
         FROM catalog_sales, item, date_dim
         WHERE cs_promo_sk IS NULL
           AND cs_sold_date_sk=d_date_sk
           AND cs_item_sk=i_item_sk) foo
GROUP BY channel, col_name, d_year, d_qoy, i_category
ORDER BY channel, col_name, d_year, d_qoy, i_category
limit 100;
Limit  (cost=185241.10..185268.93 rows=100 width=139) (actual time=389.055..487.983 rows=100 loops=1)
  ->  Finalize GroupAggregate  (cost=185241.10..189031.39 rows=13617 width=139) (actual time=389.054..487.974 rows=100 loops=1)
        Group Key: ('store'::text), ('ss_store_sk'::text), date_dim.d_year, date_dim.d_qoy, item.i_category
        ->  Gather Merge  (cost=185241.10..188418.62 rows=27234 width=139) (actual time=389.047..487.904 rows=158 loops=1)
              Workers Planned: 2
              Workers Launched: 2
              ->  Sort  (cost=184241.08..184275.12 rows=13617 width=139) (actual time=383.736..383.752 rows=236 loops=3)
                    Sort Key: ('store'::text), ('ss_store_sk'::text), date_dim.d_year, date_dim.d_qoy, item.i_category
                    Sort Method: quicksort  Memory: 86kB
                    Worker 0:  Sort Method: quicksort  Memory: 54kB
                    Worker 1:  Sort Method: quicksort  Memory: 80kB
                    ->  Partial HashAggregate  (cost=183169.89..183306.06 rows=13617 width=139) (actual time=382.860..382.970 rows=374 loops=3)
                          Group Key: ('store'::text), ('ss_store_sk'::text), date_dim.d_year, date_dim.d_qoy, item.i_category
                          Batches: 1  Memory Usage: 529kB
                          Worker 0:  Batches: 1  Memory Usage: 465kB
                          Worker 1:  Batches: 1  Memory Usage: 529kB
                          ->  Parallel Append  (cost=0.59..182176.99 rows=56737 width=131) (actual time=6.812..370.777 rows=22488 loops=3)
                                ->  Hash Join  (cost=1661.30..89291.29 rows=53545 width=131) (actual time=13.840..209.624 rows=21291 loops=3)
                                      Hash Cond: (store_sales.ss_item_sk = item.i_item_sk)
                                      ->  Nested Loop  (cost=0.30..87489.70 rows=53545 width=24) (actual time=0.057..188.017 rows=21291 loops=3)
                                            ->  Parallel Seq Scan on store_sales  (cost=0.00..85499.45 rows=56047 width=24) (actual time=0.011..168.206 rows=43029 loops=3)
                                                  Filter: (ss_store_sk IS NULL)
                                                  Rows Removed by Filter: 905121
                                            ->  Memoize  (cost=0.30..0.33 rows=1 width=16) (actual time=0.000..0.000 rows=0 loops=129087)
                                                  Cache Key: store_sales.ss_sold_date_sk
                                                  Cache Mode: logical
                                                  Hits: 32357  Misses: 1791  Evictions: 0  Overflows: 0  Memory Usage: 210kB
                                                  Worker 0:  Hits: 65131  Misses: 1800  Evictions: 0  Overflows: 0  Memory Usage: 211kB
                                                  Worker 1:  Hits: 26228  Misses: 1780  Evictions: 0  Overflows: 0  Memory Usage: 209kB
                                                  ->  Index Scan using pk_date_dim on date_dim  (cost=0.29..0.32 rows=1 width=16) (actual time=0.002..0.002 rows=1 loops=5371)
                                                        Index Cond: (d_date_sk = store_sales.ss_sold_date_sk)
                                      ->  Hash  (cost=1436.00..1436.00 rows=18000 width=59) (actual time=13.651..13.652 rows=18000 loops=3)
                                            Buckets: 32768  Batches: 1  Memory Usage: 1941kB
                                            ->  Seq Scan on item  (cost=0.00..1436.00 rows=18000 width=59) (actual time=0.022..9.967 rows=18000 loops=3)
                                ->  Nested Loop  (cost=0.59..62096.78 rows=3152 width=131) (actual time=0.177..181.847 rows=1743 loops=2)
                                      ->  Nested Loop  (cost=0.30..60541.69 rows=3152 width=24) (actual time=0.135..174.676 rows=1743 loops=2)
                                            ->  Parallel Seq Scan on catalog_sales  (cost=0.00..59490.16 rows=3170 width=24) (actual time=0.082..171.134 rows=3556 loops=2)
                                                  Filter: (cs_promo_sk IS NULL)
                                                  Rows Removed by Filter: 707128
                                            ->  Memoize  (cost=0.30..0.55 rows=1 width=16) (actual time=0.001..0.001 rows=0 loops=7111)
                                                  Cache Key: catalog_sales.cs_sold_date_sk
                                                  Cache Mode: logical
                                                  Hits: 2544  Misses: 805  Evictions: 0  Overflows: 0  Memory Usage: 95kB
                                                  Worker 1:  Hits: 2841  Misses: 921  Evictions: 0  Overflows: 0  Memory Usage: 108kB
                                                  ->  Index Scan using pk_date_dim on date_dim date_dim_1  (cost=0.29..0.54 rows=1 width=16) (actual time=0.002..0.002 rows=1 loops=1726)
                                                        Index Cond: (d_date_sk = catalog_sales.cs_sold_date_sk)
                                      ->  Index Scan using pk_item on item item_1  (cost=0.29..0.49 rows=1 width=59) (actual time=0.004..0.004 rows=1 loops=3486)
                                            Index Cond: (i_item_sk = catalog_sales.cs_item_sk)
                                ->  Nested Loop  (cost=0.58..29937.86 rows=40 width=131) (actual time=0.477..115.101 rows=104 loops=1)
                                      ->  Nested Loop  (cost=0.29..29848.00 rows=40 width=67) (actual time=0.352..114.722 rows=177 loops=1)
                                            ->  Parallel Seq Scan on web_sales  (cost=0.00..29771.63 rows=40 width=24) (actual time=0.343..113.944 rows=177 loops=1)
                                                  Filter: (ws_web_site_sk IS NULL)
                                                  Rows Removed by Filter: 711378
                                            ->  Index Scan using pk_item on item item_2  (cost=0.29..1.91 rows=1 width=59) (actual time=0.004..0.004 rows=1 loops=177)
                                                  Index Cond: (i_item_sk = web_sales.ws_item_sk)
                                      ->  Index Scan using pk_date_dim on date_dim date_dim_2  (cost=0.29..2.25 rows=1 width=16) (actual time=0.002..0.002 rows=1 loops=177)
                                            Index Cond: (d_date_sk = web_sales.ws_sold_date_sk)
 channel |  col_name   | d_year | d_qoy |                     i_category                     | sales_cnt |     sales_amt      
---------+-------------+--------+-------+----------------------------------------------------+-----------+--------------------
 catalog | cs_promo_sk |   1998 |     1 | Books                                              |        16 |           15724.13
 catalog | cs_promo_sk |   1998 |     1 | Children                                           |        11 |           15009.83
 catalog | cs_promo_sk |   1998 |     1 | Electronics                                        |         7 |           20148.05
 catalog | cs_promo_sk |   1998 |     1 | Home                                               |        10 |           16801.31
 catalog | cs_promo_sk |   1998 |     1 | Jewelry                                            |        12 |            8309.17
 catalog | cs_promo_sk |   1998 |     1 | Men                                                |         7 |            9348.35
 catalog | cs_promo_sk |   1998 |     1 | Music                                              |        15 |            8726.51
 catalog | cs_promo_sk |   1998 |     1 | Shoes                                              |        15 |           14744.27
 catalog | cs_promo_sk |   1998 |     1 | Sports                                             |        15 |           23642.78
 catalog | cs_promo_sk |   1998 |     1 | Women                                              |         9 | 1689.1800000000003
 catalog | cs_promo_sk |   1998 |     2 | Books                                              |        12 |            14080.6
 catalog | cs_promo_sk |   1998 |     2 | Children                                           |         7 | 3687.9500000000003
 catalog | cs_promo_sk |   1998 |     2 | Electronics                                        |         7 |            4419.54
 catalog | cs_promo_sk |   1998 |     2 | Home                                               |        10 |            3768.24
 catalog | cs_promo_sk |   1998 |     2 | Jewelry                                            |        13 |           10700.62
 catalog | cs_promo_sk |   1998 |     2 | Men                                                |         9 |           27867.15
 catalog | cs_promo_sk |   1998 |     2 | Music                                              |        10 |            3170.25
 catalog | cs_promo_sk |   1998 |     2 | Shoes                                              |        10 | 10969.430000000002
 catalog | cs_promo_sk |   1998 |     2 | Sports                                             |        10 |            3850.33
 catalog | cs_promo_sk |   1998 |     2 | Women                                              |        10 |            9808.08
 catalog | cs_promo_sk |   1998 |     3 | Books                                              |        24 |           26157.92
 catalog | cs_promo_sk |   1998 |     3 | Children                                           |        20 |           37707.83
 catalog | cs_promo_sk |   1998 |     3 | Electronics                                        |        31 | 20332.489999999998
 catalog | cs_promo_sk |   1998 |     3 | Home                                               |        17 |           21975.12
 catalog | cs_promo_sk |   1998 |     3 | Jewelry                                            |        15 | 2321.4100000000003
 catalog | cs_promo_sk |   1998 |     3 | Men                                                |        19 |           24669.84
 catalog | cs_promo_sk |   1998 |     3 | Music                                              |        17 | 18935.109999999997
 catalog | cs_promo_sk |   1998 |     3 | Shoes                                              |        12 | 37343.469999999994
 catalog | cs_promo_sk |   1998 |     3 | Sports                                             |        13 |  8862.880000000001
 catalog | cs_promo_sk |   1998 |     3 | Women                                              |        18 | 31186.289999999994
 catalog | cs_promo_sk |   1998 |     3 |                                                    |         1 |                   
 catalog | cs_promo_sk |   1998 |     4 | Books                                              |        28 |           36746.07
 catalog | cs_promo_sk |   1998 |     4 | Children                                           |        35 |  49282.75999999999
 catalog | cs_promo_sk |   1998 |     4 | Electronics                                        |        37 |           49642.78
 catalog | cs_promo_sk |   1998 |     4 | Home                                               |        22 |  35445.83000000001
 catalog | cs_promo_sk |   1998 |     4 | Jewelry                                            |        34 |  66679.26999999999
 catalog | cs_promo_sk |   1998 |     4 | Men                                                |        34 |           25733.88
 catalog | cs_promo_sk |   1998 |     4 | Music                                              |        29 |            8615.99
 catalog | cs_promo_sk |   1998 |     4 | Shoes                                              |        45 |           50363.68
 catalog | cs_promo_sk |   1998 |     4 | Sports                                             |        29 |  46339.44000000001
 catalog | cs_promo_sk |   1998 |     4 | Women                                              |        25 |           45732.75
 catalog | cs_promo_sk |   1999 |     1 | Books                                              |         8 |            6016.98
 catalog | cs_promo_sk |   1999 |     1 | Children                                           |        11 |            22390.5
 catalog | cs_promo_sk |   1999 |     1 | Electronics                                        |         8 |           16018.14
 catalog | cs_promo_sk |   1999 |     1 | Home                                               |         5 |           18233.66
 catalog | cs_promo_sk |   1999 |     1 | Jewelry                                            |        13 |            7463.59
 catalog | cs_promo_sk |   1999 |     1 | Men                                                |        12 |  6018.040000000001
 catalog | cs_promo_sk |   1999 |     1 | Music                                              |         7 |            2811.53
 catalog | cs_promo_sk |   1999 |     1 | Shoes                                              |         9 |           16008.49
 catalog | cs_promo_sk |   1999 |     1 | Sports                                             |         9 |  6378.349999999999
 catalog | cs_promo_sk |   1999 |     1 | Women                                              |        12 |  5683.110000000001
 catalog | cs_promo_sk |   1999 |     2 | Books                                              |        10 |            12544.1
 catalog | cs_promo_sk |   1999 |     2 | Children                                           |         4 | 13977.519999999999
 catalog | cs_promo_sk |   1999 |     2 | Electronics                                        |         7 |             6180.5
 catalog | cs_promo_sk |   1999 |     2 | Home                                               |        14 |           13503.56
 catalog | cs_promo_sk |   1999 |     2 | Jewelry                                            |        11 |           14488.78
 catalog | cs_promo_sk |   1999 |     2 | Men                                                |        14 |           11157.43
 catalog | cs_promo_sk |   1999 |     2 | Music                                              |        11 |           13294.09
 catalog | cs_promo_sk |   1999 |     2 | Shoes                                              |        11 |           11880.84
 catalog | cs_promo_sk |   1999 |     2 | Sports                                             |         5 |            8887.12
 catalog | cs_promo_sk |   1999 |     2 | Women                                              |        15 |            8589.38
 catalog | cs_promo_sk |   1999 |     3 | Books                                              |        19 |           14316.88
 catalog | cs_promo_sk |   1999 |     3 | Children                                           |        12 |           41638.17
 catalog | cs_promo_sk |   1999 |     3 | Electronics                                        |        24 | 61906.759999999995
 catalog | cs_promo_sk |   1999 |     3 | Home                                               |        20 | 28787.630000000005
 catalog | cs_promo_sk |   1999 |     3 | Jewelry                                            |        18 |            9972.98
 catalog | cs_promo_sk |   1999 |     3 | Men                                                |        15 |           19207.55
 catalog | cs_promo_sk |   1999 |     3 | Music                                              |        21 |           12725.76
 catalog | cs_promo_sk |   1999 |     3 | Shoes                                              |        25 |           31022.68
 catalog | cs_promo_sk |   1999 |     3 | Sports                                             |        12 |           18326.42
 catalog | cs_promo_sk |   1999 |     3 | Women                                              |        12 |            3267.28
 catalog | cs_promo_sk |   1999 |     3 |                                                    |         1 |                   
 catalog | cs_promo_sk |   1999 |     4 | Books                                              |        31 | 55840.920000000006
 catalog | cs_promo_sk |   1999 |     4 | Children                                           |        30 |           17631.09
 catalog | cs_promo_sk |   1999 |     4 | Electronics                                        |        32 |           43732.84
 catalog | cs_promo_sk |   1999 |     4 | Home                                               |        33 |           41697.85
 catalog | cs_promo_sk |   1999 |     4 | Jewelry                                            |        31 |           40845.63
 catalog | cs_promo_sk |   1999 |     4 | Men                                                |        29 |           19772.87
 catalog | cs_promo_sk |   1999 |     4 | Music                                              |        25 |           27078.47
 catalog | cs_promo_sk |   1999 |     4 | Shoes                                              |        18 | 17884.620000000003
 catalog | cs_promo_sk |   1999 |     4 | Sports                                             |        35 |  56195.17999999999
 catalog | cs_promo_sk |   1999 |     4 | Women                                              |        18 |           24894.11
 catalog | cs_promo_sk |   1999 |     4 |                                                    |         1 |                   
 catalog | cs_promo_sk |   2000 |     1 | Books                                              |         9 |           15720.78
 catalog | cs_promo_sk |   2000 |     1 | Children                                           |         9 |  7760.619999999999
 catalog | cs_promo_sk |   2000 |     1 | Electronics                                        |         4 |            2293.31
 catalog | cs_promo_sk |   2000 |     1 | Home                                               |         9 | 11732.509999999998
 catalog | cs_promo_sk |   2000 |     1 | Jewelry                                            |        11 |  7008.450000000001
 catalog | cs_promo_sk |   2000 |     1 | Men                                                |         6 |           30642.46
 catalog | cs_promo_sk |   2000 |     1 | Music                                              |        13 |            4322.82
 catalog | cs_promo_sk |   2000 |     1 | Shoes                                              |         8 |            3708.38
 catalog | cs_promo_sk |   2000 |     1 | Sports                                             |         8 | 28282.079999999998
 catalog | cs_promo_sk |   2000 |     1 | Women                                              |         6 |            6956.82
 catalog | cs_promo_sk |   2000 |     2 | Books                                              |         8 |           11628.89
 catalog | cs_promo_sk |   2000 |     2 | Children                                           |         9 |           12718.18
 catalog | cs_promo_sk |   2000 |     2 | Electronics                                        |        13 |           16458.82
 catalog | cs_promo_sk |   2000 |     2 | Home                                               |        10 |  5807.969999999999
 catalog | cs_promo_sk |   2000 |     2 | Jewelry                                            |         9 | 16951.940000000002
 catalog | cs_promo_sk |   2000 |     2 | Men                                                |        10 |            2674.53
 catalog | cs_promo_sk |   2000 |     2 | Music                                              |         8 | 11231.619999999999
(100 rows)

UPDATE time_statistics SET e_time = TRANSACTION_TIMESTAMP() WHERE template = 'query76.tpl' AND stream = 5;
psql:/tmp/s1-basline/throughput/query_5.sql:1362: NOTICE:  duration: 0.093 ms  plan:
Query Text: UPDATE time_statistics SET e_time = TRANSACTION_TIMESTAMP() WHERE template = 'query76.tpl' AND stream = 5;
Update on time_statistics  (cost=0.00..15.87 rows=0 width=0) (actual time=0.093..0.093 rows=0 loops=1)
  ->  Seq Scan on time_statistics  (cost=0.00..15.87 rows=1 width=14) (actual time=0.072..0.078 rows=1 loops=1)
        Filter: ((template = 'query76.tpl'::text) AND (stream = 5))
        Rows Removed by Filter: 575
UPDATE 1
LOAD 'auto_explain'; SET auto_explain.log_min_duration TO 0; SET auto_explain.log_analyze TO on; SET auto_explain.log_level TO notice; INSERT INTO time_statistics (template, s_time, stream, query, seed) VALUES ('query58.tpl', TRANSACTION_TIMESTAMP(), 5, 25, 383750317);
LOAD
SET
SET
SET
psql:/tmp/s1-basline/throughput/query_5.sql:1363: NOTICE:  duration: 0.009 ms  plan:
Query Text: INSERT INTO time_statistics (template, s_time, stream, query, seed) VALUES ('query58.tpl', TRANSACTION_TIMESTAMP(), 5, 25, 383750317);
Insert on time_statistics  (cost=0.00..0.01 rows=0 width=0) (actual time=0.008..0.008 rows=0 loops=1)
  ->  Result  (cost=0.00..0.01 rows=1 width=64) (actual time=0.001..0.001 rows=1 loops=1)
INSERT 0 1
with ss_items as
 (select i_item_id item_id
        ,sum(ss_ext_sales_price) ss_item_rev 
 from store_sales
     ,item
     ,date_dim
 where ss_item_sk = i_item_sk
   and d_date in (select d_date
                  from date_dim
                  where d_week_seq = (select d_week_seq 
                                      from date_dim
                                      where d_date = '1998-06-05'))
   and ss_sold_date_sk   = d_date_sk
 group by i_item_id),
 cs_items as
 (select i_item_id item_id
        ,sum(cs_ext_sales_price) cs_item_rev
  from catalog_sales
      ,item
      ,date_dim
 where cs_item_sk = i_item_sk
  and  d_date in (select d_date
                  from date_dim
                  where d_week_seq = (select d_week_seq 
                                      from date_dim
                                      where d_date = '1998-06-05'))
  and  cs_sold_date_sk = d_date_sk
 group by i_item_id),
 ws_items as
 (select i_item_id item_id
        ,sum(ws_ext_sales_price) ws_item_rev
  from web_sales
      ,item
      ,date_dim
 where ws_item_sk = i_item_sk
  and  d_date in (select d_date
                  from date_dim
                  where d_week_seq =(select d_week_seq 
                                     from date_dim
                                     where d_date = '1998-06-05'))
  and ws_sold_date_sk   = d_date_sk
 group by i_item_id)
  select  ss_items.item_id
       ,ss_item_rev
       ,ss_item_rev/((ss_item_rev+cs_item_rev+ws_item_rev)/3) * 100 ss_dev
       ,cs_item_rev
       ,cs_item_rev/((ss_item_rev+cs_item_rev+ws_item_rev)/3) * 100 cs_dev
       ,ws_item_rev
       ,ws_item_rev/((ss_item_rev+cs_item_rev+ws_item_rev)/3) * 100 ws_dev
       ,(ss_item_rev+cs_item_rev+ws_item_rev)/3 average
 from ss_items,cs_items,ws_items
 where ss_items.item_id=cs_items.item_id
   and ss_items.item_id=ws_items.item_id 
   and ss_item_rev between 0.9 * cs_item_rev and 1.1 * cs_item_rev
   and ss_item_rev between 0.9 * ws_item_rev and 1.1 * ws_item_rev
   and cs_item_rev between 0.9 * ss_item_rev and 1.1 * ss_item_rev
   and cs_item_rev between 0.9 * ws_item_rev and 1.1 * ws_item_rev
   and ws_item_rev between 0.9 * ss_item_rev and 1.1 * ss_item_rev
   and ws_item_rev between 0.9 * cs_item_rev and 1.1 * cs_item_rev
 order by item_id
         ,ss_item_rev
 limit 100;
psql:/tmp/s1-basline/throughput/query_5.sql:1425: NOTICE:  duration: 78.740 ms  plan:
Query Text: with ss_items as
 (select i_item_id item_id
        ,sum(ss_ext_sales_price) ss_item_rev 
 from store_sales
     ,item
     ,date_dim
 where ss_item_sk = i_item_sk
   and d_date in (select d_date
                  from date_dim
                  where d_week_seq = (select d_week_seq 
                                      from date_dim
                                      where d_date = '1998-06-05'))
   and ss_sold_date_sk   = d_date_sk
 group by i_item_id),
 cs_items as
 (select i_item_id item_id
        ,sum(cs_ext_sales_price) cs_item_rev
  from catalog_sales
      ,item
      ,date_dim
 where cs_item_sk = i_item_sk
  and  d_date in (select d_date
                  from date_dim
                  where d_week_seq = (select d_week_seq 
                                      from date_dim
                                      where d_date = '1998-06-05'))
  and  cs_sold_date_sk = d_date_sk
 group by i_item_id),
 ws_items as
 (select i_item_id item_id
        ,sum(ws_ext_sales_price) ws_item_rev
  from web_sales
      ,item
      ,date_dim
 where ws_item_sk = i_item_sk
  and  d_date in (select d_date
                  from date_dim
                  where d_week_seq =(select d_week_seq 
                                     from date_dim
                                     where d_date = '1998-06-05'))
  and ws_sold_date_sk   = d_date_sk
 group by i_item_id)
  select  ss_items.item_id
       ,ss_item_rev
       ,ss_item_rev/((ss_item_rev+cs_item_rev+ws_item_rev)/3) * 100 ss_dev
       ,cs_item_rev
       ,cs_item_rev/((ss_item_rev+cs_item_rev+ws_item_rev)/3) * 100 cs_dev
       ,ws_item_rev
       ,ws_item_rev/((ss_item_rev+cs_item_rev+ws_item_rev)/3) * 100 ws_dev
       ,(ss_item_rev+cs_item_rev+ws_item_rev)/3 average
 from ss_items,cs_items,ws_items
 where ss_items.item_id=cs_items.item_id
   and ss_items.item_id=ws_items.item_id 
   and ss_item_rev between 0.9 * cs_item_rev and 1.1 * cs_item_rev
   and ss_item_rev between 0.9 * ws_item_rev and 1.1 * ws_item_rev
   and cs_item_rev between 0.9 * ss_item_rev and 1.1 * ss_item_rev
   and cs_item_rev between 0.9 * ws_item_rev and 1.1 * ws_item_rev
   and ws_item_rev between 0.9 * ss_item_rev and 1.1 * ss_item_rev
   and ws_item_rev between 0.9 * cs_item_rev and 1.1 * cs_item_rev
 order by item_id
         ,ss_item_rev
 limit 100;
Limit  (cost=7738.42..7738.43 rows=1 width=73) (actual time=78.720..78.730 rows=1 loops=1)
  ->  Sort  (cost=7738.42..7738.43 rows=1 width=73) (actual time=78.720..78.729 rows=1 loops=1)
        Sort Key: item.i_item_id, (sum(store_sales.ss_ext_sales_price))
        Sort Method: quicksort  Memory: 25kB
        ->  Merge Join  (cost=7721.91..7738.41 rows=1 width=73) (actual time=77.474..78.724 rows=1 loops=1)
              Merge Cond: (item.i_item_id = item_1.i_item_id)
              Join Filter: (((sum(store_sales.ss_ext_sales_price)) >= ('0.9'::double precision * (sum(catalog_sales.cs_ext_sales_price)))) AND ((sum(store_sales.ss_ext_sales_price)) <= ('1.1'::double precision * (sum(catalog_sales.cs_ext_sales_price)))) AND ((sum(catalog_sales.cs_ext_sales_price)) >= ('0.9'::double precision * (sum(store_sales.ss_ext_sales_price)))) AND ((sum(catalog_sales.cs_ext_sales_price)) <= ('1.1'::double precision * (sum(store_sales.ss_ext_sales_price)))) AND ((sum(store_sales.ss_ext_sales_price)) >= ('0.9'::double precision * (sum(web_sales.ws_ext_sales_price)))) AND ((sum(store_sales.ss_ext_sales_price)) <= ('1.1'::double precision * (sum(web_sales.ws_ext_sales_price)))) AND ((sum(web_sales.ws_ext_sales_price)) >= ('0.9'::double precision * (sum(store_sales.ss_ext_sales_price)))) AND ((sum(web_sales.ws_ext_sales_price)) <= ('1.1'::double precision * (sum(store_sales.ss_ext_sales_price)))))
              Rows Removed by Join Filter: 8
              ->  GroupAggregate  (cost=2732.63..2737.27 rows=265 width=25) (actual time=36.490..38.596 rows=4338 loops=1)
                    Group Key: item.i_item_id
                    InitPlan 1 (returns $0)
                      ->  Index Scan using i_d_date on date_dim date_dim_6  (cost=0.29..2.51 rows=1 width=4) (actual time=0.007..0.008 rows=1 loops=1)
                            Index Cond: (d_date = '1998-06-05'::date)
                    ->  Sort  (cost=2730.12..2730.78 rows=265 width=25) (actual time=36.486..36.909 rows=5811 loops=1)
                          Sort Key: item.i_item_id
                          Sort Method: quicksort  Memory: 619kB
                          ->  Nested Loop  (cost=2319.14..2719.45 rows=265 width=25) (actual time=7.707..19.629 rows=6087 loops=1)
                                ->  Nested Loop  (cost=2318.85..2638.50 rows=265 width=16) (actual time=7.701..10.521 rows=6087 loops=1)
                                      ->  Nested Loop  (cost=2318.42..2335.84 rows=7 width=8) (actual time=7.694..7.709 rows=7 loops=1)
                                            ->  HashAggregate  (cost=2318.13..2318.20 rows=7 width=4) (actual time=7.689..7.692 rows=7 loops=1)
                                                  Group Key: date_dim_1.d_date
                                                  Batches: 1  Memory Usage: 24kB
                                                  ->  Seq Scan on date_dim date_dim_1  (cost=0.00..2318.11 rows=7 width=4) (actual time=3.629..7.685 rows=7 loops=1)
                                                        Filter: (d_week_seq = $0)
                                                        Rows Removed by Filter: 73042
                                            ->  Index Scan using i_d_date on date_dim  (cost=0.29..2.51 rows=1 width=12) (actual time=0.002..0.002 rows=1 loops=7)
                                                  Index Cond: (d_date = date_dim_1.d_date)
                                      ->  Index Scan using i_ss_sold_date_sk on store_sales  (cost=0.43..28.09 rows=1515 width=24) (actual time=0.006..0.276 rows=870 loops=7)
                                            Index Cond: (ss_sold_date_sk = date_dim.d_date_sk)
                                ->  Index Scan using pk_item on item  (cost=0.29..0.31 rows=1 width=25) (actual time=0.001..0.001 rows=1 loops=6087)
                                      Index Cond: (i_item_sk = store_sales.ss_item_sk)
              ->  Materialize  (cost=4989.28..4997.74 rows=1 width=50) (actual time=35.493..38.869 rows=20 loops=1)
                    ->  Merge Join  (cost=4989.28..4997.74 rows=1 width=50) (actual time=35.491..38.862 rows=20 loops=1)
                          Merge Cond: (item_1.i_item_id = item_2.i_item_id)
                          Join Filter: (((sum(catalog_sales.cs_ext_sales_price)) >= ('0.9'::double precision * (sum(web_sales.ws_ext_sales_price)))) AND ((sum(catalog_sales.cs_ext_sales_price)) <= ('1.1'::double precision * (sum(web_sales.ws_ext_sales_price)))) AND ((sum(web_sales.ws_ext_sales_price)) >= ('0.9'::double precision * (sum(catalog_sales.cs_ext_sales_price)))) AND ((sum(web_sales.ws_ext_sales_price)) <= ('1.1'::double precision * (sum(catalog_sales.cs_ext_sales_price)))))
                          Rows Removed by Join Filter: 440
                          ->  GroupAggregate  (cost=2545.36..2547.77 rows=138 width=25) (actual time=20.981..22.105 rows=2666 loops=1)
                                Group Key: item_1.i_item_id
                                InitPlan 2 (returns $1)
                                  ->  Index Scan using i_d_date on date_dim date_dim_7  (cost=0.29..2.51 rows=1 width=4) (actual time=0.003..0.003 rows=1 loops=1)
                                        Index Cond: (d_date = '1998-06-05'::date)
                                ->  Sort  (cost=2542.85..2543.19 rows=138 width=25) (actual time=20.979..21.143 rows=3149 loops=1)
                                      Sort Key: item_1.i_item_id
                                      Sort Method: quicksort  Memory: 318kB
                                      ->  Nested Loop  (cost=2319.14..2537.94 rows=138 width=25) (actual time=7.134..12.798 rows=3149 loops=1)
                                            ->  Nested Loop  (cost=2318.85..2495.72 rows=138 width=16) (actual time=7.129..8.395 rows=3149 loops=1)
                                                  ->  Nested Loop  (cost=2318.42..2335.84 rows=7 width=8) (actual time=7.117..7.131 rows=7 loops=1)
                                                        ->  HashAggregate  (cost=2318.13..2318.20 rows=7 width=4) (actual time=7.112..7.114 rows=7 loops=1)
                                                              Group Key: date_dim_3.d_date
                                                              Batches: 1  Memory Usage: 24kB
                                                              ->  Seq Scan on date_dim date_dim_3  (cost=0.00..2318.11 rows=7 width=4) (actual time=3.496..7.109 rows=7 loops=1)
                                                                    Filter: (d_week_seq = $1)
                                                                    Rows Removed by Filter: 73042
                                                        ->  Index Scan using i_d_date on date_dim date_dim_2  (cost=0.29..2.51 rows=1 width=12) (actual time=0.001..0.002 rows=1 loops=7)
                                                              Index Cond: (d_date = date_dim_3.d_date)
                                                  ->  Index Scan using i_cs_sold_date_sk on catalog_sales  (cost=0.43..14.99 rows=785 width=24) (actual time=0.005..0.109 rows=450 loops=7)
                                                        Index Cond: (cs_sold_date_sk = date_dim_2.d_date_sk)
                                            ->  Index Scan using pk_item on item item_1  (cost=0.29..0.31 rows=1 width=25) (actual time=0.001..0.001 rows=1 loops=3149)
                                                  Index Cond: (i_item_sk = catalog_sales.cs_item_sk)
                          ->  Materialize  (cost=2443.93..2446.00 rows=69 width=25) (actual time=14.293..15.260 rows=1632 loops=1)
                                ->  GroupAggregate  (cost=2443.93..2445.13 rows=69 width=25) (actual time=14.291..14.958 rows=1632 loops=1)
                                      Group Key: item_2.i_item_id
                                      InitPlan 3 (returns $2)
                                        ->  Index Scan using i_d_date on date_dim date_dim_8  (cost=0.29..2.51 rows=1 width=4) (actual time=0.003..0.003 rows=1 loops=1)
                                              Index Cond: (d_date = '1998-06-05'::date)
                                      ->  Sort  (cost=2441.42..2441.59 rows=69 width=25) (actual time=14.288..14.368 rows=1839 loops=1)
                                            Sort Key: item_2.i_item_id
                                            Sort Method: quicksort  Memory: 178kB
                                            ->  Nested Loop  (cost=2319.14..2439.31 rows=69 width=25) (actual time=6.400..9.949 rows=1839 loops=1)
                                                  ->  Nested Loop  (cost=2318.85..2418.13 rows=69 width=16) (actual time=6.395..7.300 rows=1839 loops=1)
                                                        ->  Nested Loop  (cost=2318.42..2335.84 rows=7 width=8) (actual time=6.385..6.398 rows=7 loops=1)
                                                              ->  HashAggregate  (cost=2318.13..2318.20 rows=7 width=4) (actual time=6.380..6.381 rows=7 loops=1)
                                                                    Group Key: date_dim_5.d_date
                                                                    Batches: 1  Memory Usage: 24kB
                                                                    ->  Seq Scan on date_dim date_dim_5  (cost=0.00..2318.11 rows=7 width=4) (actual time=3.144..6.376 rows=7 loops=1)
                                                                          Filter: (d_week_seq = $2)
                                                                          Rows Removed by Filter: 73042
                                                              ->  Index Scan using i_d_date on date_dim date_dim_4  (cost=0.29..2.51 rows=1 width=12) (actual time=0.001..0.002 rows=1 loops=7)
                                                                    Index Cond: (d_date = date_dim_5.d_date)
                                                        ->  Index Scan using i_ws_sold_date_sk on web_sales  (cost=0.42..7.79 rows=397 width=24) (actual time=0.004..0.087 rows=263 loops=7)
                                                              Index Cond: (ws_sold_date_sk = date_dim_4.d_date_sk)
                                                  ->  Index Scan using pk_item on item item_2  (cost=0.29..0.31 rows=1 width=25) (actual time=0.001..0.001 rows=1 loops=1839)
                                                        Index Cond: (i_item_sk = web_sales.ws_item_sk)
     item_id      | ss_item_rev |       ss_dev       |    cs_item_rev     |       cs_dev       | ws_item_rev |      ws_dev       |      average       
------------------+-------------+--------------------+--------------------+--------------------+-------------+-------------------+--------------------
 AAAAAAAAMIKCAAAA |     1086.96 | 101.00294254297661 | 1086.0900000000001 | 100.92210004646121 |     1055.45 | 98.07495741056218 | 1076.1666666666667
(1 row)

UPDATE time_statistics SET e_time = TRANSACTION_TIMESTAMP() WHERE template = 'query58.tpl' AND stream = 5;
psql:/tmp/s1-basline/throughput/query_5.sql:1427: NOTICE:  duration: 0.089 ms  plan:
Query Text: UPDATE time_statistics SET e_time = TRANSACTION_TIMESTAMP() WHERE template = 'query58.tpl' AND stream = 5;
Update on time_statistics  (cost=0.00..15.87 rows=0 width=0) (actual time=0.088..0.089 rows=0 loops=1)
  ->  Seq Scan on time_statistics  (cost=0.00..15.87 rows=1 width=14) (actual time=0.069..0.075 rows=1 loops=1)
        Filter: ((template = 'query58.tpl'::text) AND (stream = 5))
        Rows Removed by Filter: 576
UPDATE 1
LOAD 'auto_explain'; SET auto_explain.log_min_duration TO 0; SET auto_explain.log_analyze TO on; SET auto_explain.log_level TO notice; INSERT INTO time_statistics (template, s_time, stream, query, seed) VALUES ('query71.tpl', TRANSACTION_TIMESTAMP(), 5, 26, 1927192384);
LOAD
SET
SET
SET
psql:/tmp/s1-basline/throughput/query_5.sql:1428: NOTICE:  duration: 0.025 ms  plan:
Query Text: INSERT INTO time_statistics (template, s_time, stream, query, seed) VALUES ('query71.tpl', TRANSACTION_TIMESTAMP(), 5, 26, 1927192384);
Insert on time_statistics  (cost=0.00..0.01 rows=0 width=0) (actual time=0.025..0.025 rows=0 loops=1)
  ->  Result  (cost=0.00..0.01 rows=1 width=64) (actual time=0.001..0.002 rows=1 loops=1)
INSERT 0 1
select i_brand_id brand_id, i_brand brand,t_hour,t_minute,
 	sum(ext_price) ext_price
 from item, (select ws_ext_sales_price as ext_price, 
                        ws_sold_date_sk as sold_date_sk,
                        ws_item_sk as sold_item_sk,
                        ws_sold_time_sk as time_sk  
                 from web_sales,date_dim
                 where d_date_sk = ws_sold_date_sk
                   and d_moy=11
                   and d_year=2002
                 union all
                 select cs_ext_sales_price as ext_price,
                        cs_sold_date_sk as sold_date_sk,
                        cs_item_sk as sold_item_sk,
                        cs_sold_time_sk as time_sk
                 from catalog_sales,date_dim
                 where d_date_sk = cs_sold_date_sk
                   and d_moy=11
                   and d_year=2002
                 union all
                 select ss_ext_sales_price as ext_price,
                        ss_sold_date_sk as sold_date_sk,
                        ss_item_sk as sold_item_sk,
                        ss_sold_time_sk as time_sk
                 from store_sales,date_dim
                 where d_date_sk = ss_sold_date_sk
                   and d_moy=11
                   and d_year=2002
                 ) tmp,time_dim
 where
   sold_item_sk = i_item_sk
   and i_manager_id=1
   and time_sk = t_time_sk
   and (t_meal_time = 'breakfast' or t_meal_time = 'dinner')
 group by i_brand, i_brand_id,t_hour,t_minute
 order by ext_price desc, i_brand_id
 ;
psql:/tmp/s1-basline/throughput/query_5.sql:1465: NOTICE:  duration: 338.458 ms  plan:
Query Text: select i_brand_id brand_id, i_brand brand,t_hour,t_minute,
 	sum(ext_price) ext_price
 from item, (select ws_ext_sales_price as ext_price, 
                        ws_sold_date_sk as sold_date_sk,
                        ws_item_sk as sold_item_sk,
                        ws_sold_time_sk as time_sk  
                 from web_sales,date_dim
                 where d_date_sk = ws_sold_date_sk
                   and d_moy=11
                   and d_year=2002
                 union all
                 select cs_ext_sales_price as ext_price,
                        cs_sold_date_sk as sold_date_sk,
                        cs_item_sk as sold_item_sk,
                        cs_sold_time_sk as time_sk
                 from catalog_sales,date_dim
                 where d_date_sk = cs_sold_date_sk
                   and d_moy=11
                   and d_year=2002
                 union all
                 select ss_ext_sales_price as ext_price,
                        ss_sold_date_sk as sold_date_sk,
                        ss_item_sk as sold_item_sk,
                        ss_sold_time_sk as time_sk
                 from store_sales,date_dim
                 where d_date_sk = ss_sold_date_sk
                   and d_moy=11
                   and d_year=2002
                 ) tmp,time_dim
 where
   sold_item_sk = i_item_sk
   and i_manager_id=1
   and time_sk = t_time_sk
   and (t_meal_time = 'breakfast' or t_meal_time = 'dinner')
 group by i_brand, i_brand_id,t_hour,t_minute
 order by ext_price desc, i_brand_id
 ;
Sort  (cost=42796.52..42796.54 rows=9 width=71) (actual time=294.611..338.003 rows=1017 loops=1)
  Sort Key: (sum("*SELECT* 3".ext_price)) DESC, item.i_brand_id
  Sort Method: quicksort  Memory: 136kB
  ->  GroupAggregate  (cost=42796.15..42796.38 rows=9 width=71) (actual time=293.911..337.680 rows=1017 loops=1)
        Group Key: item.i_brand, item.i_brand_id, time_dim.t_hour, time_dim.t_minute
        ->  Sort  (cost=42796.15..42796.17 rows=9 width=71) (actual time=293.903..337.297 rows=1045 loops=1)
              Sort Key: item.i_brand, item.i_brand_id, time_dim.t_hour, time_dim.t_minute
              Sort Method: quicksort  Memory: 163kB
              ->  Gather  (cost=1001.00..42796.01 rows=9 width=71) (actual time=4.962..335.608 rows=1045 loops=1)
                    Workers Planned: 2
                    Workers Launched: 2
                    ->  Nested Loop  (cost=1.00..41795.11 rows=4 width=71) (actual time=8.154..171.347 rows=348 loops=3)
                          ->  Nested Loop  (cost=0.71..41779.80 rows=14 width=71) (actual time=7.667..167.527 rows=873 loops=3)
                                ->  Parallel Append  (cost=0.42..41003.13 rows=815 width=24) (actual time=7.238..65.632 rows=52888 loops=3)
                                      ->  Subquery Scan on "*SELECT* 3"  (cost=0.43..40999.06 rows=1096 width=24) (actual time=8.883..110.399 rows=89671 loops=1)
                                            ->  Nested Loop  (cost=0.43..40988.10 rows=1096 width=32) (actual time=8.882..103.506 rows=89671 loops=1)
                                                  ->  Seq Scan on date_dim  (cost=0.00..2500.73 rows=29 width=8) (actual time=8.788..14.624 rows=30 loops=1)
                                                        Filter: ((d_moy = 11) AND (d_year = 2002))
                                                        Rows Removed by Filter: 73019
                                                  ->  Index Scan using i_ss_sold_date_sk on store_sales  (cost=0.43..1312.00 rows=1515 width=32) (actual time=0.013..2.437 rows=2989 loops=30)
                                                        Index Cond: (ss_sold_date_sk = date_dim.d_date_sk)
                                      ->  Subquery Scan on "*SELECT* 1"  (cost=0.42..13286.93 rows=287 width=24) (actual time=8.674..44.861 rows=22246 loops=1)
                                            ->  Nested Loop  (cost=0.42..13284.06 rows=287 width=32) (actual time=8.673..43.090 rows=22246 loops=1)
                                                  ->  Seq Scan on date_dim date_dim_1  (cost=0.00..2500.73 rows=29 width=8) (actual time=8.578..14.633 rows=30 loops=1)
                                                        Filter: ((d_moy = 11) AND (d_year = 2002))
                                                        Rows Removed by Filter: 73019
                                                  ->  Index Scan using i_ws_sold_date_sk on web_sales  (cost=0.42..367.87 rows=397 width=32) (actual time=0.014..0.804 rows=742 loops=30)
                                                        Index Cond: (ws_sold_date_sk = date_dim_1.d_date_sk)
                                      ->  Subquery Scan on "*SELECT* 2"  (cost=0.43..4126.16 rows=570 width=24) (actual time=4.156..31.987 rows=46746 loops=1)
                                            ->  Nested Loop  (cost=0.43..4120.46 rows=570 width=32) (actual time=4.156..28.387 rows=46746 loops=1)
                                                  ->  Seq Scan on date_dim date_dim_2  (cost=0.00..2500.73 rows=29 width=8) (actual time=4.147..9.257 rows=30 loops=1)
                                                        Filter: ((d_moy = 11) AND (d_year = 2002))
                                                        Rows Removed by Filter: 73019
                                                  ->  Index Scan using i_cs_sold_date_sk on catalog_sales  (cost=0.43..48.00 rows=785 width=32) (actual time=0.005..0.386 rows=1558 loops=30)
                                                        Index Cond: (cs_sold_date_sk = date_dim_2.d_date_sk)
                                ->  Index Scan using pk_item on item  (cost=0.29..0.95 rows=1 width=63) (actual time=0.002..0.002 rows=0 loops=158663)
                                      Index Cond: (i_item_sk = "*SELECT* 3".sold_item_sk)
                                      Filter: (i_manager_id = 1)
                                      Rows Removed by Filter: 1
                          ->  Index Scan using pk_time_dim on time_dim  (cost=0.29..1.09 rows=1 width=16) (actual time=0.004..0.004 rows=0 loops=2620)
                                Index Cond: (t_time_sk = "*SELECT* 3".time_sk)
                                Filter: ((t_meal_time = 'breakfast'::bpchar) OR (t_meal_time = 'dinner'::bpchar))
                                Rows Removed by Filter: 1
 brand_id |                       brand                        | t_hour | t_minute |     ext_price      
----------+----------------------------------------------------+--------+----------+--------------------
  1003002 | exportiamalg #2                                    |     19 |       53 |                   
  1004002 | edu packamalg #2                                   |     18 |       48 |                   
  2004002 | edu packimporto #2                                 |      9 |       34 |                   
  3003002 | exportiexporti #2                                  |     17 |       14 |                   
  1004002 | importoamalg #1                                    |     18 |       38 |            22926.6
 10008007 | amalgbrand #1                                      |     17 |       43 |           18078.06
  2004001 | amalgscholar #1                                    |     19 |       20 |            17595.9
  1002002 | importoamalg #2                                    |     18 |       43 |           15475.22
  6005001 | amalgnameless #10                                  |     17 |       22 |           14438.83
  4002001 | exportiimporto #2                                  |      8 |       25 |           13573.53
  9014004 | edu packunivamalg #4                               |      9 |       41 |            13134.7
  5004002 | edu packscholar #2                                 |     17 |        5 |           12839.04
  5004002 | edu packscholar #2                                 |     18 |       38 |           12674.52
  1003001 | namelessunivamalg #1                               |      8 |       47 |           12514.59
 10006001 | corpunivamalg #1                                   |     18 |       41 |           12070.62
  8012003 | amalgexporti #2                                    |     19 |        5 |           11950.03
  4002002 | importoedu pack #2                                 |     19 |       18 |            11504.1
  8013005 | exportimaxi #5                                     |     18 |       28 |           11171.16
  9014004 | edu packunivamalg #4                               |     19 |       57 |           11159.71
  9005002 | scholarmaxi #2                                     |     19 |       15 |            10870.4
  1003002 | exportiamalg #2                                    |     19 |       13 |           10807.94
  5003001 | scholarnameless #7                                 |     17 |       41 |           10572.59
 10006014 | amalgscholar #2                                    |     19 |       57 |            10472.8
  9016009 | importounivamalg #10                               |     18 |       24 |           10421.24
  6006002 | corpcorp #2                                        |      8 |       54 |            10382.4
  7001007 | importomaxi #8                                     |     18 |        0 |            10354.6
  2001001 | importoimporto #2                                  |     19 |       56 |           10303.66
  1003001 | exportiamalg #1                                    |      8 |       56 |           10255.36
  6001002 | exportischolar #1                                  |     17 |       33 |           10172.08
  4001001 | importounivamalg #12                               |      8 |       57 |           10077.03
  6016008 | corpbrand #8                                       |      9 |       56 |            9959.52
  1003002 | exportiamalg #2                                    |     19 |       32 |            9807.49
  1003002 | exportiamalg #2                                    |     19 |       12 |  9751.529999999999
  7016001 | univnameless #2                                    |     19 |       33 |            9615.32
 10002010 | importounivamalg #10                               |     18 |        5 |             9535.4
  7006001 | corpbrand #1                                       |      7 |       26 |             9366.4
 10006001 | corpunivamalg #1                                   |      8 |        4 |            9338.88
  1003002 | exportiamalg #2                                    |      9 |       35 |            9268.35
  4004001 | maxiunivamalg #4                                   |      9 |       18 |            9268.02
  8012001 | importomaxi #1                                     |      9 |       12 |             9164.5
  2003002 | exportiimporto #2                                  |     17 |       33 |            8828.05
  8008009 | namelessnameless #9                                |     19 |       48 |            8705.04
  9005008 | scholarmaxi #8                                     |     17 |       49 |            8688.05
  4001002 | amalgedu pack #2                                   |     18 |       22 |            8617.64
  3003001 | namelesscorp #6                                    |     18 |       31 |            8572.08
 10004013 | edu packunivamalg #13                              |     18 |       28 |             8524.8
  5001001 | amalgscholar #1                                    |     17 |       18 |               8333
  9012002 | importounivamalg #2                                |      9 |       56 |            8226.96
  3003001 | namelesscorp #6                                    |     18 |       18 |            8224.56
  7006004 | corpbrand #4                                       |     17 |       36 |               8203
  9005002 | scholarmaxi #2                                     |     17 |       38 |            8093.82
  4003002 | exportiedu pack #2                                 |     17 |       31 |            8082.24
  1004001 | amalgscholar #1                                    |      6 |        2 |             8036.7
  1003001 | exportiamalg #1                                    |     18 |       56 |            7605.78
  2001002 | amalgimporto #2                                    |     17 |       53 |            7550.55
  8003006 | exportinameless #6                                 |      8 |       44 |            7531.35
  8008009 | namelessnameless #9                                |     19 |       22 |            7496.47
  1004002 | importoamalg #1                                    |     18 |       40 |             7491.2
  1002002 | importoamalg #2                                    |      9 |       49 |            7462.93
  5004002 | edu packscholar #2                                 |      8 |       22 |            7458.48
  1003001 | exportiamalg #1                                    |     19 |        2 |            7426.08
  1002001 | importoamalg #1                                    |      9 |       34 |            7379.38
  3002002 | importoexporti #2                                  |      9 |        2 |            7335.86
  2003002 | exportiimporto #2                                  |     19 |       36 |             7298.2
  2004002 | edu packimporto #2                                 |     19 |       34 |             7272.2
  1004001 | amalgscholar #1                                    |     19 |       15 |            7197.66
 10007003 | brandunivamalg #3                                  |      8 |        3 |            7185.28
  3002002 | importoexporti #2                                  |     19 |       14 |               7123
  6016008 | corpbrand #8                                       |     19 |       42 |            7089.48
  8015006 | scholarmaxi #6                                     |      9 |       14 |            7086.82
  7002006 | importobrand #6                                    |     17 |       11 |             7075.5
  8005002 | scholarnameless #2                                 |      8 |       59 |            7052.72
  9004008 | edu packmaxi #8                                    |     18 |       55 |            6974.88
  2004002 | edu packimporto #2                                 |      9 |       20 |            6914.97
  6006002 | corpcorp #2                                        |      9 |       25 |            6886.36
  1004001 | amalgimporto #2                                    |     17 |       53 |            6862.56
  8013005 | exportimaxi #5                                     |     19 |       26 |               6813
  7002010 | importobrand #10                                   |     18 |       49 |            6744.75
  8012003 | amalgexporti #2                                    |     18 |       12 |               6713
  7007010 | brandbrand #10                                     |     18 |       28 |            6632.82
  6001004 | amalgcorp #4                                       |      7 |       17 |            6507.68
  2004001 | edu packimporto #1                                 |     17 |       45 |            6475.59
  1004002 | edu packamalg #2                                   |     18 |       14 |            6468.88
  1004002 | importoamalg #1                                    |      8 |        6 |            6330.28
  2003001 | edu packexporti #1                                 |     17 |       55 |            6327.95
  7003008 | exportibrand #8                                    |     17 |       40 |            6326.59
  5002001 | corpcorp #6                                        |      7 |       26 |            6298.53
  8006001 | corpnameless #1                                    |     18 |       53 |            6266.44
  3002002 | importoexporti #2                                  |      7 |       32 |            6202.38
  6001004 | amalgcorp #4                                       |     17 |       17 |            6193.33
  4001002 | amalgedu pack #2                                   |      8 |       26 |            6191.01
 10006014 | amalgscholar #2                                    |     19 |       27 |             6174.4
 10011001 | namelessunivamalg #2                               |     19 |       53 |             6171.3
  7001007 | importomaxi #8                                     |      8 |       49 |            6147.12
  9003011 | amalgscholar #1                                    |     17 |       53 |             6123.8
  2001002 | amalgimporto #2                                    |     18 |       19 |            6099.84
 10003012 | exportiamalg #2                                    |     17 |       21 |            6086.96
 10003012 | exportiamalg #2                                    |      9 |       13 |            6079.05
  1003001 | namelessunivamalg #1                               |     17 |       46 |            6069.12
  8009010 | maxinameless #10                                   |     19 |       14 |            6025.78
  5003001 | scholarnameless #7                                 |      9 |       36 |            6002.53
  3004002 | edu packexporti #2                                 |      9 |       32 |            5998.72
  2004002 | edu packimporto #2                                 |      8 |       17 |            5976.82
  6015006 | scholarbrand #6                                    |      8 |       52 |            5892.72
  4002001 | exportiimporto #2                                  |     17 |       39 |            5867.46
  2004002 | edu packimporto #2                                 |     19 |       39 |             5791.2
  4004001 | maxiunivamalg #4                                   |     17 |       59 |             5768.3
  4002001 | exportiimporto #2                                  |     17 |       45 |             5762.4
  6004006 | exportiexporti #1                                  |     17 |       13 |            5757.56
  5001002 | amalgscholar #2                                    |     17 |        9 |            5744.75
  3002002 | importoexporti #2                                  |     19 |       27 |            5717.76
  2002001 | importoimporto #1                                  |     17 |       20 |            5712.21
  6013008 | exportibrand #8                                    |     17 |       35 |             5695.2
  8006001 | corpnameless #1                                    |     17 |       22 |            5631.01
  6009006 | maxicorp #6                                        |     19 |       10 |            5629.48
  9014004 | edu packunivamalg #4                               |     18 |        9 |            5599.44
  9005002 | scholarmaxi #2                                     |      9 |       18 |            5574.91
  3002002 | importoexporti #2                                  |     19 |       10 |            5556.52
  9012002 | importounivamalg #2                                |     17 |        0 |            5543.23
  4002002 | importoedu pack #2                                 |     19 |       21 |             5521.2
  6015006 | scholarbrand #6                                    |     19 |       25 |             5501.2
  6005001 | amalgnameless #10                                  |      7 |       52 |            5492.52
  1003001 | exportiamalg #1                                    |     18 |        0 |            5491.85
  8002010 | importonameless #10                                |     19 |        3 |            5471.43
  6015006 | scholarbrand #6                                    |     19 |       27 |            5452.09
  7007010 | brandbrand #10                                     |     19 |       22 |            5443.64
  5001002 | amalgscholar #2                                    |      9 |       18 |            5425.28
  9014009 | importoedu pack #2                                 |      8 |       27 |            5398.06
  7007010 | brandbrand #10                                     |      6 |       19 |            5365.02
  6015006 | scholarbrand #6                                    |     17 |       21 |             5356.8
  2003002 | exportiimporto #2                                  |      9 |       29 |            5290.11
  9014009 | importoedu pack #2                                 |     17 |       31 |            5275.44
  4002002 | importoedu pack #2                                 |     19 |       48 |            5214.78
  3002002 | importoexporti #2                                  |     17 |       35 |            5189.08
  4003002 | exportiedu pack #2                                 |     19 |        3 |             5175.5
  3004002 | edu packexporti #2                                 |      8 |       20 |            5128.86
  2003002 | exportiimporto #2                                  |     18 |       56 |            5118.12
  1004001 | amalgimporto #2                                    |     18 |       25 |            5109.75
 10012005 | importoamalgamalg #5                               |     18 |        2 |            5102.05
  3002002 | importoexporti #2                                  |     19 |       38 |            5098.38
  9016009 | importounivamalg #10                               |     18 |       44 |             5088.8
  5002001 | exportiunivamalg #10                               |     18 |       39 |             5068.8
  2002001 | importounivamalg #10                               |     17 |        1 |            5056.42
  6008003 | edu packedu pack #2                                |     19 |       56 |            4986.86
  7016004 | corpnameless #4                                    |      9 |       35 |            4964.14
  2003002 | exportiimporto #2                                  |     18 |       44 |             4949.3
  6004006 | exportiexporti #1                                  |     17 |        4 |            4945.05
  2001002 | amalgimporto #2                                    |     18 |       32 |             4916.6
  3004001 | edu packexporti #1                                 |     19 |       24 |            4895.22
  9011003 | edu packamalg #2                                   |      6 |       53 |            4881.03
  6001002 | exportischolar #1                                  |      9 |       13 |             4873.2
  2001001 | importoimporto #2                                  |      9 |       56 |            4869.12
  2004002 | edu packimporto #2                                 |     17 |       25 |            4865.28
  1003002 | exportiamalg #2                                    |      9 |        9 |             4826.8
  3002002 | importoscholar #1                                  |     17 |        5 |            4799.48
  3004002 | edu packexporti #2                                 |     18 |       41 |            4797.56
  3004001 | edu packexporti #1                                 |     17 |       45 |            4786.32
  4002001 | exportiimporto #2                                  |      6 |        4 |            4706.35
  6001002 | exportischolar #1                                  |     17 |       51 |            4634.72
  4002002 | importoedu pack #2                                 |     17 |       36 |            4634.04
 10009013 | maxiunivamalg #13                                  |     17 |       36 |            4536.95
  5003001 | scholarnameless #7                                 |     18 |       56 |            4525.29
  3004001 | edu packexporti #1                                 |     19 |       48 |            4518.64
  8005002 | scholarnameless #2                                 |     19 |       29 |            4517.92
 10006014 | amalgscholar #2                                    |     17 |       43 |            4514.51
  8005002 | scholarnameless #2                                 |      9 |       11 |            4510.81
 10002010 | importounivamalg #10                               |     18 |       33 |            4491.06
 10013002 | exportiamalgamalg #2                               |     17 |       53 |            4471.68
  1003001 | exportiamalg #1                                    |      9 |       40 |            4457.18
 10006001 | corpunivamalg #1                                   |      7 |        7 |            4417.82
  7016001 | univnameless #2                                    |     18 |       48 |            4410.94
  8008009 | namelessnameless #9                                |     18 |       20 |            4402.66
  9009006 | namelessunivamalg #7                               |     18 |       16 |            4395.61
  5002001 | exportiunivamalg #10                               |      8 |       25 |            4364.24
 10006012 | corpunivamalg #12                                  |     17 |        6 |            4324.48
  6016008 | corpbrand #8                                       |      8 |       16 |            4305.51
  3002002 | importoexporti #2                                  |      8 |       24 |            4289.96
  1004002 | edu packamalg #2                                   |      9 |        1 |             4280.5
  5001002 | amalgscholar #2                                    |     18 |        4 |            4236.58
  7001007 | importomaxi #8                                     |      9 |       55 |            4230.52
  8003005 | importoexporti #2                                  |      7 |       18 |            4210.38
  1003001 | namelessunivamalg #1                               |     17 |       39 |             4204.2
  2001001 | importoimporto #2                                  |     17 |       22 |            4178.97
  6009006 | maxicorp #6                                        |     19 |       38 |               4129
  1004002 | edu packamalg #2                                   |     19 |       33 |               4117
  1003002 | exportiamalg #2                                    |     17 |       22 |             4105.5
  2003002 | exportiimporto #2                                  |     18 |       41 |            4095.65
  3004002 | edu packexporti #2                                 |     17 |       15 |            4083.54
  2003001 | maxiunivamalg #8                                   |     18 |       27 |            4070.43
  6008007 | brandnameless #3                                   |     19 |       42 |            4051.21
  6006002 | corpcorp #2                                        |     19 |       45 |            4018.56
  8012003 | amalgexporti #2                                    |      9 |       42 |             3984.8
  7006004 | corpbrand #4                                       |      9 |       46 |            3979.55
  9016009 | importounivamalg #10                               |     19 |       32 |            3972.22
  5001002 | amalgscholar #2                                    |     18 |       13 |             3971.8
  1003002 | exportiamalg #2                                    |     19 |        7 |            3970.54
  2002002 | importoimporto #2                                  |      9 |       49 |            3962.44
  6001002 | exportischolar #1                                  |     17 |       25 |             3955.8
  2004002 | edu packimporto #2                                 |      8 |       14 |            3945.06
  4001001 | amalgedu pack #1                                   |      7 |       14 |               3939
  4001002 | amalgedu pack #2                                   |     17 |       29 |            3936.82
  2004002 | edu packimporto #2                                 |      9 |       11 |             3932.5
  2004002 | edu packimporto #2                                 |      9 |       42 |            3921.56
  8003005 | importoexporti #2                                  |     19 |       56 |            3912.72
  2002001 | edu packunivamalg #15                              |      8 |       57 |            3893.25
  6006002 | corpcorp #2                                        |     19 |       17 |            3891.42
 10004013 | edu packunivamalg #13                              |     19 |       14 |             3888.5
  6009006 | maxicorp #6                                        |     19 |       50 |             3864.6
  3002002 | importoexporti #2                                  |      8 |       19 |            3861.52
  6008007 | brandnameless #3                                   |     19 |       33 |            3845.28
  5004002 | edu packscholar #2                                 |     18 |       17 |            3818.24
  9004008 | edu packmaxi #8                                    |     19 |       56 |            3809.19
  6009003 | amalgnameless #1                                   |      9 |       54 |            3808.17
 10004013 | edu packunivamalg #13                              |     19 |       22 |            3793.47
  8011004 | amalgmaxi #4                                       |      7 |       34 |            3780.48
  3004002 | edu packexporti #2                                 |      9 |       20 |            3760.68
  8002003 | edu packscholar #2                                 |     18 |       32 |            3749.76
 10006012 | corpunivamalg #12                                  |     19 |       39 |            3747.64
  7002006 | importobrand #6                                    |      6 |       25 |            3736.12
 10009013 | maxiunivamalg #13                                  |     17 |       43 |             3729.6
  5004002 | edu packscholar #2                                 |     18 |       27 |            3726.43
  3004002 | edu packexporti #2                                 |      9 |        0 |            3690.96
  5001002 | amalgscholar #2                                    |     19 |       39 |            3690.72
  6016008 | corpbrand #8                                       |     17 |       10 |            3688.23
  1004001 | edu packamalg #2                                   |     17 |       43 |            3666.18
  1004001 | edu packamalg #2                                   |     18 |       32 |            3659.04
  4004001 | exportinameless #6                                 |     17 |       31 |            3654.24
  4002001 | exportiimporto #2                                  |     19 |        2 |            3622.08
  2002001 | importounivamalg #10                               |     17 |       35 |             3621.6
  1003001 | namelessunivamalg #1                               |     18 |       45 |            3591.54
  1004002 | edu packamalg #2                                   |     19 |       32 |            3575.04
  3002002 | importoexporti #2                                  |     18 |       11 |            3563.16
  2001002 | amalgimporto #2                                    |      9 |        4 |            3559.36
  4004001 | exportinameless #6                                 |     19 |        2 |            3549.36
  5002001 | exportiunivamalg #10                               |      9 |       52 |               3528
 10003012 | exportiamalg #2                                    |     17 |       10 |            3513.25
  7016004 | corpnameless #4                                    |      9 |       37 |            3487.05
 10004017 | univmaxi #7                                        |      9 |       40 |             3404.7
  6004006 | exportiexporti #1                                  |      8 |       35 |             3401.7
  7002006 | importobrand #6                                    |     17 |       29 |               3395
  5001002 | amalgscholar #2                                    |     18 |        0 |             3372.8
  7006004 | corpbrand #4                                       |     19 |       26 |            3371.55
  8013005 | exportimaxi #5                                     |     17 |       27 |            3362.25
  3002002 | importoexporti #2                                  |     18 |       54 |            3352.62
  2003001 | edu packexporti #1                                 |      7 |       10 |            3352.32
  9005002 | scholarmaxi #2                                     |     19 |       12 |            3348.48
  2002002 | brandbrand #7                                      |      9 |       58 |            3342.57
  1004002 | edu packamalg #2                                   |     17 |       10 |            3328.78
  8003006 | exportinameless #6                                 |      9 |       39 |               3318
  5001002 | amalgscholar #2                                    |      7 |       21 |            3312.25
  4003002 | exportiedu pack #2                                 |     18 |        3 |            3294.83
  2002002 | brandbrand #7                                      |     17 |       57 |             3275.9
  8012003 | amalgexporti #2                                    |     19 |       25 |            3270.96
  1004002 | importoamalg #1                                    |     19 |       22 |            3264.24
  7002006 | importobrand #6                                    |     19 |        4 |            3255.93
 10004017 | univmaxi #7                                        |     18 |       41 |            3253.38
  4001001 | importounivamalg #12                               |      8 |       10 |            3253.25
  8011004 | amalgmaxi #4                                       |      8 |       36 |            3247.95
  8002003 | edu packscholar #2                                 |      9 |       23 |            3194.73
  4001002 | amalgedu pack #2                                   |     17 |       39 |            3185.82
  8015006 | scholarmaxi #6                                     |     17 |       36 |            3182.76
  6001002 | exportischolar #1                                  |     18 |       12 |            3181.62
  3004002 | edu packexporti #2                                 |     18 |       26 |             3179.4
  4001002 | amalgedu pack #2                                   |     18 |       38 |            3178.11
  5004002 | edu packscholar #2                                 |     19 |       55 |            3165.62
  1003001 | namelessunivamalg #1                               |      6 |       11 |            3152.96
  8002010 | importonameless #10                                |     18 |        8 |            3139.82
  1002002 | importoamalg #2                                    |     17 |       26 |               3132
  1001001 | amalgedu pack #1                                   |     19 |       37 |            3125.85
  5002002 | importoscholar #2                                  |     17 |        6 |             3105.2
  3003001 | namelesscorp #6                                    |      7 |       24 |             3104.4
  2002002 | brandbrand #7                                      |     17 |       39 |            3103.45
  8006001 | corpnameless #1                                    |     19 |       47 |            3096.04
  4002002 | importoedu pack #2                                 |      7 |       55 |            3067.68
  3002002 | importoexporti #2                                  |     19 |       18 |            3062.88
  7003008 | exportibrand #8                                    |     19 |       38 |            3049.94
  4004001 | exportinameless #6                                 |     17 |       23 |            2991.45
  2003001 | maxiunivamalg #8                                   |      8 |        8 |             2969.1
  6009006 | maxicorp #6                                        |      7 |       51 |            2961.75
  9004008 | edu packmaxi #8                                    |     19 |       24 |               2958
  7016004 | corpnameless #4                                    |     18 |       55 |            2943.48
  1001001 | importoimporto #2                                  |     17 |       10 |            2934.22
  4001002 | amalgedu pack #2                                   |     17 |       12 |             2928.5
  9005008 | scholarmaxi #8                                     |      8 |       24 |             2900.2
  1003002 | exportiamalg #2                                    |     18 |        1 |            2889.25
  7016004 | corpnameless #4                                    |      9 |       38 |            2885.58
  7016001 | univnameless #2                                    |     19 |       44 |            2881.56
  1002002 | importoamalg #2                                    |      9 |       42 |             2870.4
  4001002 | amalgedu pack #2                                   |      9 |       12 |            2849.28
  1002002 | importoamalg #2                                    |      8 |       50 |            2848.32
  3003002 | exportiexporti #2                                  |     19 |       56 |            2845.44
  1003002 | exportiamalg #2                                    |      9 |       58 |            2840.22
  3004002 | edu packexporti #2                                 |     18 |       18 |             2831.4
  9014009 | importoedu pack #2                                 |     17 |        6 |            2827.71
  1002002 | importoamalg #2                                    |     17 |       53 |            2821.64
  2001001 | importoimporto #2                                  |      8 |       30 |            2821.41
  3004002 | edu packexporti #2                                 |     18 |        6 |            2813.83
  4004001 | maxiunivamalg #4                                   |      9 |       53 |            2809.68
 10002012 | importounivamalg #12                               |      8 |       26 |            2809.62
  6013008 | exportibrand #8                                    |      9 |       42 |            2781.46
  2003002 | exportiimporto #2                                  |     17 |       55 |             2779.7
  6016008 | corpbrand #8                                       |      7 |        8 |             2778.4
  1003002 | exportiamalg #2                                    |      7 |       48 |               2772
  6002005 | exportiedu pack #2                                 |      9 |       33 |            2761.11
  1004002 | edu packamalg #2                                   |      9 |       20 |            2745.12
  7002010 | importobrand #10                                   |      6 |       45 |            2741.69
  1004002 | edu packamalg #2                                   |     17 |       35 |            2722.34
  2004001 | amalgscholar #1                                    |     17 |       13 |             2717.4
  2003002 | exportiimporto #2                                  |     17 |       45 |            2715.39
  2004002 | edu packimporto #2                                 |     17 |       46 |            2712.05
  2004002 | edu packimporto #2                                 |      9 |        2 |            2706.72
  5004001 | importounivamalg #5                                |     18 |       55 |             2688.4
  9016007 | corpunivamalg #7                                   |     18 |       12 |               2685
  8005002 | scholarnameless #2                                 |     19 |       26 |            2684.36
  5002002 | importoscholar #2                                  |     17 |       26 |            2683.28
 10013002 | exportiamalgamalg #2                               |     17 |       35 | 2677.2599999999998
  1003002 | exportiamalg #2                                    |      8 |       29 |            2670.99
  1004002 | edu packamalg #2                                   |      6 |       34 |            2669.85
  1004002 | edu packamalg #2                                   |      9 |       58 |            2658.95
  9005002 | scholarmaxi #2                                     |     17 |       28 |             2656.2
 10002012 | importounivamalg #12                               |     19 |       30 |            2640.05
 10011001 | namelessunivamalg #2                               |     19 |       14 |            2609.52
  2004002 | edu packimporto #2                                 |      8 |       11 |            2591.04
  6009003 | amalgnameless #1                                   |      8 |       20 |             2585.2
  2002001 | edu packunivamalg #15                              |     17 |        8 |            2574.72
 10007003 | brandunivamalg #3                                  |     18 |       12 |             2566.8
  1003001 | namelessunivamalg #1                               |     19 |       23 |            2548.48
  9009006 | namelessunivamalg #7                               |     19 |        6 |            2533.08
  1003001 | exportiamalg #1                                    |      9 |       23 |            2531.34
  2004002 | edu packimporto #2                                 |     19 |       47 |            2521.26
  8003006 | exportinameless #6                                 |     17 |       43 |            2517.06
 10011001 | namelessunivamalg #2                               |     18 |       34 |            2511.39
  9003011 | amalgscholar #1                                    |     17 |       37 |            2505.91
  1003002 | exportiamalg #2                                    |      8 |       23 |            2503.08
  7002006 | importobrand #6                                    |     17 |       25 |            2493.57
  2002002 | brandbrand #7                                      |      9 |       11 |             2490.9
  6016008 | corpbrand #8                                       |     19 |       37 |             2484.9
  3004002 | edu packexporti #2                                 |     17 |       16 |             2475.7
  8011004 | amalgmaxi #4                                       |      9 |       35 |             2469.6
  2001001 | importoimporto #2                                  |     18 |        2 |            2442.56
  2004002 | edu packimporto #2                                 |      8 |       29 |               2436
  1004002 | edu packamalg #2                                   |     19 |        0 |            2434.78
  5002002 | importoscholar #2                                  |     19 |       44 |             2413.2
  3002002 | importoexporti #2                                  |      9 |       49 |            2409.98
  8005002 | scholarnameless #2                                 |     17 |        7 |            2403.15
  9016009 | importounivamalg #10                               |     19 |       58 |            2394.47
  2004002 | edu packimporto #2                                 |      6 |       47 |            2388.72
 10002012 | importounivamalg #12                               |     17 |       10 |            2383.15
 10002010 | importounivamalg #10                               |     18 |       14 |             2370.5
  3004002 | edu packexporti #2                                 |     19 |       16 |            2362.42
  8006001 | corpnameless #1                                    |      6 |       50 |             2354.1
  1004002 | importoamalg #1                                    |     19 |       39 |            2352.35
  3002002 | importoexporti #2                                  |      8 |       15 |            2352.06
  7003008 | exportibrand #8                                    |     17 |       58 |             2347.2
  1003002 | exportiamalg #2                                    |     17 |       47 |            2332.43
  6001004 | amalgcorp #4                                       |     17 |       36 |             2331.9
  5002001 | exportiunivamalg #10                               |     17 |       45 |            2322.74
  2004002 | edu packimporto #2                                 |     19 |       38 |            2318.68
  6016008 | corpbrand #8                                       |      6 |       42 |            2313.82
  7002010 | importobrand #10                                   |     19 |       41 |            2301.75
  4002002 | importoedu pack #2                                 |      9 |       11 |             2301.6
  4001001 | amalgedu pack #1                                   |     19 |       57 |            2300.65
  1004001 | edu packamalg #2                                   |     19 |       24 |            2273.67
  5001002 | amalgscholar #2                                    |     19 |       10 |            2269.16
  5002002 | importoscholar #2                                  |      8 |       35 |            2263.04
  5001002 | amalgscholar #2                                    |      8 |       45 |            2261.82
  4001002 | amalgedu pack #2                                   |     17 |        9 |            2244.09
  1003001 | exportiamalg #1                                    |     18 |       14 |             2224.8
  2001001 | importoimporto #2                                  |      8 |       42 |            2206.08
  7002006 | importobrand #6                                    |      9 |       33 |            2203.03
  1004002 | importoamalg #1                                    |     18 |       18 |            2187.36
  3002002 | importoexporti #2                                  |     18 |       36 |             2179.8
  8008009 | namelessnameless #9                                |     18 |       28 |             2179.2
  1003002 | exportiamalg #2                                    |     17 |       14 |            2178.55
  4002002 | importoedu pack #2                                 |      8 |       52 |             2150.4
  1002002 | importoamalg #2                                    |      8 |       11 |            2147.84
  3004002 | edu packexporti #2                                 |      9 |       24 |            2139.84
  9009006 | namelessunivamalg #7                               |      9 |       34 |            2130.75
  1003002 | exportiamalg #2                                    |      8 |       45 |            2095.92
  6009006 | maxicorp #6                                        |     17 |       49 |             2077.4
  4002002 | importoedu pack #2                                 |     19 |       47 |            2076.44
  3002002 | importoexporti #2                                  |      9 |       38 |            2067.12
  4003002 | exportiedu pack #2                                 |     17 |        2 |            2064.96
  6006002 | corpcorp #2                                        |     18 |       57 |            2058.96
  7016004 | corpnameless #4                                    |     19 |       30 |            2052.02
  1004002 | edu packamalg #2                                   |     17 |        4 |            2050.71
  4004001 | exportinameless #6                                 |      7 |        8 |             2042.1
  2001001 | importoimporto #2                                  |     17 |       41 |             2032.8
  7007010 | brandbrand #10                                     |      8 |       11 |            2024.88
  8003006 | exportinameless #6                                 |     18 |        5 |             2023.9
  3003002 | exportiexporti #2                                  |      8 |       44 |            2017.92
  3002002 | importoexporti #2                                  |      7 |       48 |            2017.11
  2004002 | edu packimporto #2                                 |     17 |       43 |             2014.5
 10005016 | importoexporti #2                                  |      9 |        2 |            2007.85
  1004002 | edu packamalg #2                                   |     17 |        1 |            2005.15
  8011004 | amalgmaxi #4                                       |      8 |        0 |            2001.36
  5003001 | scholarnameless #7                                 |     18 |       53 |            1998.36
  1003001 | exportiamalg #1                                    |     17 |       28 |             1992.6
 10004013 | edu packunivamalg #13                              |      9 |        5 |             1990.5
  3004002 | edu packexporti #2                                 |     17 |       36 |            1979.77
  2003001 | exportiimporto #1                                  |     18 |       37 |            1976.85
  1003002 | exportiamalg #2                                    |     19 |        8 |            1976.56
  9012010 | importounivamalg #10                               |      9 |       57 |            1973.06
  9014009 | importoedu pack #2                                 |     17 |       33 |            1971.06
  7002006 | importobrand #6                                    |      8 |       35 |            1959.94
  4002001 | exportiimporto #2                                  |     19 |        8 |            1958.52
  6001002 | exportischolar #1                                  |     18 |       27 |            1947.68
  7016004 | corpnameless #4                                    |     17 |       32 |            1941.88
  8002003 | edu packscholar #2                                 |     17 |       53 |             1929.3
 10006012 | corpunivamalg #12                                  |      9 |       25 |            1922.62
  5002001 | corpcorp #6                                        |     18 |       19 |            1920.04
  6009006 | maxicorp #6                                        |     19 |       25 |             1917.5
 10007003 | brandunivamalg #3                                  |      9 |       58 |             1909.8
  5002001 | exportiunivamalg #10                               |     17 |        8 |            1897.27
  3004002 | edu packexporti #2                                 |      9 |        4 |            1892.88
  9003011 | amalgscholar #1                                    |     17 |       18 |            1892.86
  1002002 | importoamalg #2                                    |     18 |        7 |            1891.41
  9012010 | importounivamalg #10                               |     19 |       14 |             1890.6
 10008007 | amalgbrand #1                                      |      9 |       26 |               1890
 10009013 | maxiunivamalg #13                                  |      9 |       53 |            1887.08
  3004001 | edu packexporti #1                                 |     17 |       36 |            1884.96
  8012003 | amalgexporti #2                                    |     18 |        2 |            1884.36
  1004002 | edu packamalg #2                                   |     19 |       21 |            1877.68
  1004002 | edu packamalg #2                                   |     18 |       36 |            1875.25
  9005008 | scholarmaxi #8                                     |     17 |       59 |            1874.46
  2003001 | maxiunivamalg #8                                   |     19 |       18 |            1872.75
 10013002 | exportiamalgamalg #2                               |     17 |       12 |            1843.95
 10012005 | importoamalgamalg #5                               |     19 |       46 |            1837.88
 10002010 | importounivamalg #10                               |      6 |       32 |            1831.83
 10011001 | namelessunivamalg #2                               |     18 |       40 |            1830.39
  6001002 | exportischolar #1                                  |      9 |       43 |            1822.48
  2004002 | edu packimporto #2                                 |     17 |        0 |            1811.48
  2001001 | importoimporto #2                                  |     18 |       14 |            1805.65
  2004002 | edu packimporto #2                                 |      9 |       44 |             1795.5
  9016009 | importounivamalg #10                               |      9 |       43 |            1786.08
  3004002 | edu packexporti #2                                 |      6 |       54 |            1785.24
  2001002 | amalgimporto #2                                    |      7 |       27 |            1781.25
  8013005 | exportimaxi #5                                     |     19 |       20 |               1769
  5001002 | amalgscholar #2                                    |     17 |       37 |            1765.46
  3002002 | importoexporti #2                                  |     19 |       15 |             1761.5
  3002002 | importoexporti #2                                  |      8 |        2 |            1754.08
  9005002 | scholarmaxi #2                                     |      6 |       16 |            1750.04
  8015006 | scholarmaxi #6                                     |      9 |        3 |            1747.77
 10006014 | amalgscholar #2                                    |     19 |       12 |             1747.2
  2001001 | importoimporto #2                                  |     18 |       28 |            1746.77
  4002001 | exportiimporto #2                                  |      8 |       34 |            1745.93
  9014004 | edu packunivamalg #4                               |     17 |       36 |            1737.34
  3003002 | exportiexporti #2                                  |      9 |       46 |            1730.43
  6006002 | corpcorp #2                                        |      9 |       33 |            1726.45
  3004002 | edu packexporti #2                                 |      8 |        3 |            1723.12
  4004001 | exportinameless #6                                 |     19 |       31 |            1718.92
  5001002 | amalgscholar #2                                    |      9 |       34 |            1714.62
  7002006 | importobrand #6                                    |     17 |       36 |            1710.18
  3002002 | importoexporti #2                                  |      7 |       36 |            1704.08
  1002002 | importoamalg #2                                    |     18 |       38 |            1692.94
  1004002 | importoamalg #1                                    |     19 |       47 |            1688.38
  8015006 | scholarmaxi #6                                     |     17 |        1 |            1676.24
  3004002 | edu packexporti #2                                 |      7 |        6 |            1670.18
  1004002 | edu packamalg #2                                   |     18 |       46 |            1667.52
  6009003 | amalgnameless #1                                   |      9 |       24 |            1658.37
  8006001 | corpnameless #1                                    |     17 |       14 |            1658.19
 10012005 | importoamalgamalg #5                               |      8 |       27 |            1657.24
  1002002 | importoamalg #2                                    |     19 |       35 |             1657.2
  8002003 | edu packscholar #2                                 |     17 |       40 |            1643.58
  7001007 | importomaxi #8                                     |     17 |        2 |            1643.07
  9007001 | brandmaxi #1                                       |     18 |       49 |            1642.21
 10012005 | importoamalgamalg #5                               |     18 |       34 |            1635.52
  2002001 | edu packunivamalg #15                              |      9 |       35 |            1630.16
  6008003 | edu packedu pack #2                                |     17 |       52 |            1628.12
 10011001 | namelessunivamalg #2                               |     18 |        0 |             1621.5
 10006001 | corpunivamalg #1                                   |      9 |       24 |            1615.95
  6001002 | exportischolar #1                                  |     19 |       12 |            1609.44
  5003001 | scholarnameless #7                                 |     18 |       51 |             1606.5
  2002001 | importoimporto #1                                  |     19 |       57 |            1603.84
  9014004 | edu packunivamalg #4                               |      9 |       30 |             1591.6
  2003002 | exportiimporto #2                                  |     17 |       43 |             1587.6
  1003002 | exportiamalg #2                                    |      8 |       39 |            1586.77
  5004002 | edu packscholar #2                                 |      9 |       18 |            1563.12
  8009010 | maxinameless #10                                   |      8 |       19 |            1558.02
  8013005 | exportimaxi #5                                     |      9 |       30 |            1557.33
  1004001 | amalgscholar #1                                    |     19 |        7 |            1555.72
  1004002 | importoamalg #1                                    |      8 |       22 |            1548.48
  2004002 | edu packimporto #2                                 |      9 |       18 |            1546.11
  8012003 | amalgexporti #2                                    |     19 |        4 |            1539.35
  2003002 | exportiimporto #2                                  |      7 |       57 |            1532.55
  1002001 | importoamalg #1                                    |     17 |       12 |             1525.8
  7002006 | importobrand #6                                    |     17 |       17 |            1522.18
 10009013 | maxiunivamalg #13                                  |      9 |       57 |            1520.55
  9004008 | edu packmaxi #8                                    |     17 |        5 |            1507.98
 10006012 | corpunivamalg #12                                  |     18 |       30 |            1507.88
  8016007 | corpmaxi #7                                        |     18 |       56 |             1502.6
  9016009 | importounivamalg #10                               |     17 |       21 |             1495.9
  6005001 | amalgnameless #10                                  |      8 |       20 |            1494.22
  6001004 | amalgcorp #4                                       |      8 |       35 |            1486.56
  5001002 | amalgscholar #2                                    |     18 |        7 |             1486.1
  1003002 | exportiamalg #2                                    |     19 |       10 |            1466.19
 10005016 | importoexporti #2                                  |     19 |       36 |            1461.86
  4003002 | exportiedu pack #2                                 |     18 |       59 |            1460.88
  3004002 | edu packexporti #2                                 |      9 |       51 |            1455.22
  4002002 | importoedu pack #2                                 |      9 |       53 |            1448.56
  4001002 | amalgedu pack #2                                   |     18 |       47 |             1447.6
  8008009 | namelessnameless #9                                |      8 |       23 |            1429.26
  2002002 | importoimporto #2                                  |     19 |       19 |            1426.45
  8012001 | importomaxi #1                                     |     18 |       38 |             1416.2
  9004008 | edu packmaxi #8                                    |     17 |        3 |            1399.83
  6005001 | amalgnameless #10                                  |      7 |       42 |               1398
  3004002 | edu packexporti #2                                 |     19 |        3 |            1394.12
 10006012 | corpunivamalg #12                                  |     18 |       10 |             1388.4
  8003005 | importoexporti #2                                  |     18 |        4 |            1386.77
  9009006 | namelessunivamalg #7                               |     19 |       46 |            1385.67
  5002002 | importoscholar #2                                  |     19 |       27 |             1377.5
 10009013 | maxiunivamalg #13                                  |     17 |       44 |            1370.04
 10009013 | maxiunivamalg #13                                  |      9 |       39 |             1359.6
 10005016 | importoexporti #2                                  |     18 |       57 |            1355.34
  7002006 | importobrand #6                                    |      9 |       37 |            1342.92
  8015006 | scholarmaxi #6                                     |     19 |       17 |            1340.64
  1004002 | importoamalg #1                                    |     18 |        3 |             1338.7
  9007001 | brandmaxi #1                                       |     19 |       38 |            1320.15
 10003012 | exportiamalg #2                                    |     17 |       26 |            1315.38
  4001002 | amalgedu pack #2                                   |     19 |       25 |            1307.25
  7007010 | brandbrand #10                                     |     19 |        0 |            1291.36
  2004002 | edu packimporto #2                                 |      8 |       42 |            1290.96
  8013005 | exportimaxi #5                                     |      9 |       20 |               1276
  8008009 | namelessnameless #9                                |     19 |       43 |            1254.19
  9014009 | importoedu pack #2                                 |     17 |        0 |            1249.03
  1004001 | amalgscholar #1                                    |     19 |       14 |            1247.52
  9003011 | amalgscholar #1                                    |      8 |       51 |             1246.3
 10012005 | importoamalgamalg #5                               |      9 |       52 |               1242
  7016001 | univnameless #2                                    |     17 |       51 |            1239.28
  6009003 | amalgnameless #1                                   |     19 |       50 |            1225.68
  5002001 | exportiunivamalg #10                               |     19 |       46 |             1221.2
 10006012 | corpunivamalg #12                                  |     19 |       33 |            1220.37
  1003001 | exportiamalg #1                                    |     19 |        8 |            1217.92
  8011004 | amalgmaxi #4                                       |     17 |       39 |            1217.28
  8006001 | corpnameless #1                                    |     18 |       12 |             1212.2
  8016007 | corpmaxi #7                                        |      9 |       40 |            1208.88
  8012001 | importomaxi #1                                     |     19 |        7 |            1208.16
 10004013 | edu packunivamalg #13                              |     19 |       44 |            1207.92
 10004017 | univmaxi #7                                        |      8 |       46 |            1181.72
 10009013 | maxiunivamalg #13                                  |     18 |       39 |            1181.25
  5001002 | amalgscholar #2                                    |     18 |       59 |            1176.45
  1001001 | importoimporto #2                                  |     18 |       20 |            1164.67
  2001001 | importoimporto #2                                  |      8 |       59 |            1163.47
  4001002 | amalgedu pack #2                                   |     18 |       36 |             1163.2
  3004001 | edu packexporti #1                                 |     19 |       12 |             1162.8
  8009010 | maxinameless #10                                   |     17 |       51 |            1154.64
  6005001 | amalgnameless #10                                  |      8 |       15 |            1144.94
  7002006 | importobrand #6                                    |     18 |        1 |            1140.97
  1002002 | importoamalg #2                                    |     18 |       45 |             1139.5
  6005001 | amalgnameless #10                                  |     18 |       10 |            1137.65
  1001002 | amalgamalg #2                                      |      9 |       21 |            1132.98
  2003001 | edu packexporti #1                                 |      6 |       33 |            1123.44
 10002012 | importounivamalg #12                               |      9 |       42 |            1121.12
  1004002 | edu packamalg #2                                   |      9 |        8 |            1118.91
  2004002 | edu packimporto #2                                 |     17 |        9 |               1110
  3004002 | edu packexporti #2                                 |     18 |       45 |            1104.09
  2002002 | importoimporto #2                                  |     18 |       45 |             1103.9
  8012003 | amalgexporti #2                                    |     18 |       36 |             1102.2
  7007010 | brandbrand #10                                     |     18 |       22 |             1101.5
  4001002 | amalgedu pack #2                                   |      9 |       19 |            1092.14
  2004002 | edu packimporto #2                                 |      9 |       26 |             1079.7
  8015006 | scholarmaxi #6                                     |     17 |       46 |             1076.7
  2002001 | importoimporto #1                                  |     17 |       24 |             1074.4
  3002002 | importoexporti #2                                  |     18 |       52 |             1070.3
  5002001 | corpcorp #6                                        |     19 |       57 |             1065.6
  7002010 | importobrand #10                                   |     19 |       21 |             1065.6
  2003002 | exportiimporto #2                                  |     17 |       25 |            1057.32
  7016004 | corpnameless #4                                    |     18 |        9 |            1053.45
  9003011 | amalgscholar #1                                    |     17 |       48 |            1038.24
  3002002 | importoexporti #2                                  |      9 |       41 |            1033.76
  7001007 | importomaxi #8                                     |     17 |       35 |            1033.56
 10005016 | importoexporti #2                                  |     17 |       34 |            1024.88
  1003001 | namelessunivamalg #1                               |     18 |       44 |             1019.7
 10006012 | corpunivamalg #12                                  |     17 |       52 |            1016.52
 10002012 | importounivamalg #12                               |     19 |       48 |            1015.41
 10003012 | exportiamalg #2                                    |     19 |        6 |            1009.78
  4002002 | importoedu pack #2                                 |     19 |       36 |             1001.7
  1001001 | importoimporto #2                                  |     17 |       21 |             984.34
  4002002 | importoedu pack #2                                 |     17 |       39 |             983.25
  2003001 | maxiunivamalg #8                                   |     17 |        8 |                983
  2002001 | importoimporto #1                                  |     17 |       42 |              973.8
  5003001 | scholarnameless #7                                 |      9 |       13 |             969.38
  2003002 | exportiimporto #2                                  |     17 |       32 |             962.64
  1002002 | importoamalg #2                                    |     19 |        2 |              961.8
 10008007 | amalgbrand #1                                      |      9 |        2 |             959.27
  8012001 | importomaxi #1                                     |     19 |       53 |             953.19
  2004001 | edu packimporto #1                                 |     18 |        9 |             952.36
  9004008 | edu packmaxi #8                                    |     18 |       54 |             949.75
 10008007 | amalgbrand #1                                      |     19 |        6 |             949.44
 10007003 | brandunivamalg #3                                  |     19 |       53 |              947.5
  8008009 | namelessnameless #9                                |     19 |       34 |             945.88
  4001002 | amalgedu pack #2                                   |      8 |       20 |             942.48
  9011003 | edu packamalg #2                                   |     18 |       55 |             938.39
  8012001 | importomaxi #1                                     |     17 |        0 |              930.6
  6001002 | exportischolar #1                                  |      9 |       38 |             927.83
  2003002 | exportiimporto #2                                  |      9 |       39 |             922.32
  7006001 | corpbrand #1                                       |      9 |       35 |             921.44
  2004002 | edu packimporto #2                                 |      8 |        7 |             917.85
  5001002 | amalgscholar #2                                    |      8 |       20 |             910.37
  2003001 | exportiimporto #1                                  |      9 |       50 |                906
  1002001 | importoamalg #1                                    |     17 |       52 |              901.2
 10005016 | importoexporti #2                                  |      9 |       35 |             899.64
  4001002 | amalgedu pack #2                                   |     18 |       45 |              893.1
  5004001 | importounivamalg #5                                |     19 |       19 |             891.36
  9003011 | amalgscholar #1                                    |     17 |       26 |             883.47
  5003001 | scholarnameless #7                                 |      9 |       35 |             879.36
  2002001 | importoimporto #1                                  |      9 |       55 |             877.89
  7002006 | importobrand #6                                    |      9 |        2 |             871.64
  1004002 | edu packamalg #2                                   |      8 |       53 |              870.6
  9012010 | importounivamalg #10                               |      9 |        5 |             869.82
 10006014 | amalgscholar #2                                    |      9 |       44 |             857.46
  9012002 | importounivamalg #2                                |     19 |       50 |             847.56
 10002010 | importounivamalg #10                               |     19 |       36 |             840.62
  5002001 | exportiunivamalg #10                               |     19 |       13 |             840.54
  7007010 | brandbrand #10                                     |     19 |       24 |             840.14
  9005002 | scholarmaxi #2                                     |      6 |       27 |             839.52
  2003001 | edu packexporti #1                                 |     19 |       43 |             836.88
  9003011 | amalgscholar #1                                    |     17 |       33 |             830.88
  3002002 | importoexporti #2                                  |      9 |       14 |             827.86
  8003005 | importoexporti #2                                  |      8 |        6 |             823.04
  6001002 | exportischolar #1                                  |     17 |       18 |             823.02
  5003001 | scholarnameless #7                                 |     17 |       22 |              822.8
  2001002 | amalgimporto #2                                    |      9 |       43 |              821.8
  6008007 | brandnameless #3                                   |     17 |       28 |             817.92
 10005016 | importoexporti #2                                  |      9 |       56 |             816.04
  4003002 | exportiedu pack #2                                 |     17 |       10 |             813.77
  2002002 | importoimporto #2                                  |     18 |        1 |              811.8
  8012003 | amalgexporti #2                                    |      7 |       11 |             811.49
  3002002 | importoexporti #2                                  |     19 |        8 |             808.28
  6013008 | exportibrand #8                                    |     17 |       56 |             807.84
  2001002 | amalgimporto #2                                    |      8 |       31 |                807
  4003002 | exportiedu pack #2                                 |     19 |        4 |             806.82
  5001002 | amalgscholar #2                                    |     17 |       42 |             796.05
  8002010 | importonameless #10                                |     17 |       45 |             792.88
 10002010 | importounivamalg #10                               |     17 |       31 |              792.8
  2004002 | edu packimporto #2                                 |     18 |        3 |             784.29
  4002001 | exportiimporto #2                                  |     19 |       47 |             773.01
  3004002 | edu packexporti #2                                 |      9 |        7 |              768.6
 10004013 | edu packunivamalg #13                              |     17 |       25 |             768.24
  2003002 | exportiimporto #2                                  |      9 |       38 |             759.78
  1004001 | amalgimporto #2                                    |     19 |       24 |              752.8
  8015006 | scholarmaxi #6                                     |     17 |       51 |             751.06
  6006002 | corpcorp #2                                        |     18 |       51 |             749.52
  9007001 | brandmaxi #1                                       |      8 |       44 |             748.68
  4001002 | amalgedu pack #2                                   |      9 |       47 |             747.24
  7001007 | importomaxi #8                                     |     17 |       19 |             745.33
  4001002 | amalgedu pack #2                                   |      7 |       52 |              745.2
  1003002 | exportiamalg #2                                    |      6 |       59 |             742.05
  4003002 | exportiedu pack #2                                 |     17 |       57 |              741.6
  2003001 | edu packexporti #1                                 |     19 |       36 |             738.01
  3004002 | edu packexporti #2                                 |     19 |       43 |             733.95
  3002002 | importoexporti #2                                  |      6 |       42 |             733.59
  4001002 | amalgedu pack #2                                   |      9 |       45 |             725.16
  9012010 | importounivamalg #10                               |     17 |       51 |             723.33
  8015006 | scholarmaxi #6                                     |     17 |       23 |             722.67
  2003001 | edu packexporti #1                                 |     17 |       14 |             721.92
  2001002 | amalgimporto #2                                    |     17 |       21 |             716.24
 10012005 | importoamalgamalg #5                               |     19 |       45 |              713.4
  1004002 | edu packamalg #2                                   |      7 |       26 |             712.46
  4001002 | amalgedu pack #2                                   |      9 |       54 |             711.76
  1004002 | edu packamalg #2                                   |     17 |       40 |              708.2
  4003002 | exportiedu pack #2                                 |      8 |       36 |              705.6
  3004001 | edu packexporti #1                                 |      9 |       49 |             700.32
  2004002 | edu packimporto #2                                 |      9 |       10 |             697.76
  6009006 | maxicorp #6                                        |      9 |       10 |             697.76
  1001001 | amalgedu pack #1                                   |     17 |        5 |             695.52
  9005002 | scholarmaxi #2                                     |     19 |       31 |             694.62
  5003001 | scholarnameless #7                                 |     17 |       55 |             694.26
  1003002 | exportiamalg #2                                    |     17 |       18 |              693.6
  3004001 | edu packexporti #1                                 |     17 |       29 |             690.93
  6001002 | exportischolar #1                                  |     18 |       18 |             690.12
  4002002 | importoedu pack #2                                 |      9 |       34 |             680.16
  4002002 | importoedu pack #2                                 |      9 |       19 |                674
  3004002 | edu packexporti #2                                 |      8 |       38 |             669.13
  4004001 | exportinameless #6                                 |     19 |        7 |             666.06
  2004002 | edu packimporto #2                                 |     18 |       33 |             665.28
  3002002 | importoexporti #2                                  |     17 |       51 |  665.0600000000001
  8006001 | corpnameless #1                                    |     19 |       56 |             661.76
  4002002 | importoedu pack #2                                 |     17 |       55 |             658.58
  2004001 | amalgscholar #1                                    |     17 |       12 |             658.56
  2002001 | edu packunivamalg #15                              |     18 |       38 |             652.68
  8016007 | corpmaxi #7                                        |      9 |       37 |             648.12
  6004006 | exportiexporti #1                                  |      7 |       14 |             647.78
  5002001 | corpcorp #6                                        |     17 |        7 |             635.18
  6004006 | exportiexporti #1                                  |     18 |        8 |             632.32
  2003002 | exportiimporto #2                                  |      8 |       26 |             627.67
  4001001 | amalgedu pack #1                                   |      8 |       32 |             625.66
 10003012 | exportiamalg #2                                    |     18 |       26 |              624.8
  7007010 | brandbrand #10                                     |      8 |       34 |             621.18
  6013008 | exportibrand #8                                    |     17 |       12 |             619.74
  9005002 | scholarmaxi #2                                     |     19 |       39 |             619.36
  7007010 | brandbrand #10                                     |     18 |       41 |              612.3
 10008007 | amalgbrand #1                                      |     17 |       13 |             611.03
  9012010 | importounivamalg #10                               |     18 |       28 |              607.2
  3003002 | exportiexporti #2                                  |      9 |       14 |             597.76
  4001001 | importounivamalg #12                               |      7 |       12 |             589.76
  9009006 | namelessunivamalg #7                               |     17 |       13 |             589.44
 10002010 | importounivamalg #10                               |     17 |       50 |             586.95
  4004001 | exportinameless #6                                 |      6 |       44 |             580.26
  9011003 | edu packamalg #2                                   |     18 |       17 |             579.69
  3004002 | edu packexporti #2                                 |     17 |       29 |             572.28
  5001001 | amalgscholar #1                                    |     18 |        8 |             569.13
  2001002 | amalgimporto #2                                    |      7 |       13 |             568.14
  9005002 | scholarmaxi #2                                     |      9 |       34 |             567.54
  9007001 | brandmaxi #1                                       |     19 |       41 |             566.16
  9005008 | scholarmaxi #8                                     |     19 |       45 |             565.11
  3003001 | namelesscorp #6                                    |      8 |       15 |             564.98
  6004006 | exportiexporti #1                                  |     19 |       45 |              564.3
  8008009 | namelessnameless #9                                |     19 |       14 |             561.06
  4002002 | importoedu pack #2                                 |     19 |       42 |             556.37
  2001001 | importoimporto #2                                  |     18 |       15 |              554.4
  3002002 | importoexporti #2                                  |     18 |       45 |             551.93
  6013008 | exportibrand #8                                    |     17 |       29 |              551.3
  1004001 | amalgimporto #2                                    |      8 |       15 |              545.3
  8013005 | exportimaxi #5                                     |     19 |       14 |             538.74
  4002002 | importoedu pack #2                                 |     19 |       52 |             536.82
  2001001 | importoimporto #2                                  |      9 |       43 |              536.8
  2004002 | edu packimporto #2                                 |     19 |       27 |             534.86
  9007001 | brandmaxi #1                                       |     18 |        0 |                528
  1002001 | importoamalg #1                                    |     19 |       31 |              525.9
  6008003 | edu packedu pack #2                                |     18 |       13 |             521.12
  9005008 | scholarmaxi #8                                     |     17 |       32 |             517.31
  4001002 | amalgedu pack #2                                   |      6 |       33 |             515.84
  1003001 | exportiamalg #1                                    |     19 |       14 |              514.8
  2002002 | importoimporto #2                                  |      9 |        6 |             512.72
  6008007 | brandnameless #3                                   |      9 |       28 |             511.53
  2002001 | importoimporto #1                                  |     19 |       38 |             509.76
  4001002 | amalgedu pack #2                                   |      9 |       41 |              508.2
  5002002 | importoscholar #2                                  |     19 |        3 |                504
  2004002 | edu packimporto #2                                 |     18 |       20 |             502.39
  8003006 | exportinameless #6                                 |     17 |       58 |             500.75
  8005002 | scholarnameless #2                                 |     17 |       29 |                496
  7006004 | corpbrand #4                                       |      7 |       45 |             494.55
  5002001 | corpcorp #6                                        |      7 |       11 |              492.8
  1001001 | amalgedu pack #1                                   |     17 |        0 |             490.25
  5004002 | edu packscholar #2                                 |     17 |       46 |             488.84
  8015006 | scholarmaxi #6                                     |     18 |       34 |             487.83
  4004001 | exportinameless #6                                 |     18 |       58 |             486.54
 10004013 | edu packunivamalg #13                              |     17 |       51 |             485.76
 10006001 | corpunivamalg #1                                   |     19 |       39 |             481.44
 10013002 | exportiamalgamalg #2                               |      7 |       39 |             479.52
  5004002 | edu packscholar #2                                 |     19 |       25 |             476.96
  2002001 | importounivamalg #10                               |      8 |       49 |             476.37
  7002006 | importobrand #6                                    |      7 |        6 |             474.72
  2002001 | importoimporto #1                                  |     17 |       41 |             473.97
  2003002 | exportiimporto #2                                  |      6 |       49 |              471.1
  8012001 | importomaxi #1                                     |      9 |       45 |             463.68
 10003012 | exportiamalg #2                                    |      7 |       37 |             462.52
  6009006 | maxicorp #6                                        |     18 |       21 |             461.97
 10006014 | amalgscholar #2                                    |     17 |        6 |             457.24
  9016009 | importounivamalg #10                               |     17 |       25 |             454.88
  4002002 | importoedu pack #2                                 |     17 |       45 |             454.74
  9012002 | importounivamalg #2                                |     17 |       39 |             453.72
  1004001 | amalgimporto #2                                    |      9 |       25 |             453.24
 10004017 | univmaxi #7                                        |      8 |       48 |             453.18
  6009003 | amalgnameless #1                                   |     19 |       48 |             452.55
 10009013 | maxiunivamalg #13                                  |     17 |        9 |                448
  3002002 | importoexporti #2                                  |     17 |       59 |             447.39
  7006004 | corpbrand #4                                       |     19 |       10 |             445.74
  5004001 | importounivamalg #5                                |     19 |       55 |                441
  1003002 | exportiamalg #2                                    |     18 |       25 |             436.32
 10004013 | edu packunivamalg #13                              |      7 |        3 |             432.39
  2002001 | importounivamalg #10                               |     19 |        7 |              431.8
  2001002 | amalgimporto #2                                    |     19 |       25 |                425
  5001002 | amalgscholar #2                                    |     18 |       29 |              420.6
  3002002 | importoexporti #2                                  |     19 |       48 |             420.48
  5001002 | amalgscholar #2                                    |     19 |       12 |             419.76
  4002002 | importoedu pack #2                                 |     18 |        1 |             419.34
  8009010 | maxinameless #10                                   |      9 |       49 |             415.53
  8002010 | importonameless #10                                |     19 |       49 |              409.6
  6013008 | exportibrand #8                                    |     18 |       56 |                406
  6006002 | corpcorp #2                                        |     19 |       41 |             402.79
  6006002 | corpcorp #2                                        |     19 |       40 |             400.71
  3003001 | namelesscorp #6                                    |      8 |       46 |             394.88
  6002005 | exportiedu pack #2                                 |     18 |       57 |             394.38
  3002002 | importoexporti #2                                  |     17 |       26 |             393.68
  4001002 | amalgedu pack #2                                   |      9 |       27 |              392.4
  6016008 | corpbrand #8                                       |     17 |       46 |             392.04
  2004002 | edu packimporto #2                                 |      6 |       11 |             391.46
  5001001 | amalgscholar #1                                    |     17 |       56 |             387.59
  7002010 | importobrand #10                                   |     18 |       25 |             385.86
  8015006 | scholarmaxi #6                                     |     19 |        3 |             385.28
  1001002 | amalgamalg #2                                      |      9 |        0 |              384.3
  4001002 | amalgedu pack #2                                   |     19 |        9 |             379.75
 10006001 | corpunivamalg #1                                   |      9 |       17 |             374.96
  9014004 | edu packunivamalg #4                               |     18 |        5 |             373.45
  9005008 | scholarmaxi #8                                     |     19 |       23 |             368.95
  7006004 | corpbrand #4                                       |      8 |       58 |             368.61
  5004001 | importounivamalg #5                                |     17 |       26 |              358.4
  9005008 | scholarmaxi #8                                     |      9 |       46 |             358.11
  3002002 | importoexporti #2                                  |     17 |       10 |             356.49
  8006001 | corpnameless #1                                    |      9 |       31 |             355.74
  3003001 | namelesscorp #6                                    |      9 |       17 |             355.12
  2001001 | importoimporto #2                                  |     17 |       28 |             352.92
  9005008 | scholarmaxi #8                                     |     17 |        7 |             350.35
  4002002 | importoedu pack #2                                 |     17 |       13 |             349.83
  9004008 | edu packmaxi #8                                    |     17 |       31 |              349.7
  2004001 | amalgscholar #1                                    |      9 |       12 |             348.39
 10013002 | exportiamalgamalg #2                               |     19 |       58 |             346.23
  9005008 | scholarmaxi #8                                     |     19 |       27 |             345.28
  4003002 | exportiedu pack #2                                 |     17 |       43 |             344.96
  9004008 | edu packmaxi #8                                    |     19 |       10 |                344
  7002010 | importobrand #10                                   |     17 |       58 |              336.6
  4004001 | maxiunivamalg #4                                   |     18 |       58 |              333.5
  3003002 | exportiexporti #2                                  |     18 |       12 |             332.99
  9016009 | importounivamalg #10                               |      6 |       49 |                332
  8013005 | exportimaxi #5                                     |      8 |       15 |                330
  7006001 | corpbrand #1                                       |     17 |        4 |             329.68
  6001004 | amalgcorp #4                                       |     19 |       58 |             328.44
  9009006 | namelessunivamalg #7                               |     18 |       42 |             325.13
  2004002 | edu packimporto #2                                 |      9 |       37 |             324.36
  8016007 | corpmaxi #7                                        |      8 |       38 |             319.13
  5002001 | exportiunivamalg #10                               |     18 |       16 |             314.93
  1004001 | amalgscholar #1                                    |     18 |       13 |              314.2
  2001001 | importoimporto #2                                  |      9 |       13 |             312.72
  2003001 | exportiimporto #1                                  |     18 |       28 |             311.85
  2003002 | exportiimporto #2                                  |     17 |       51 |             309.32
  4002002 | importoedu pack #2                                 |      8 |       43 |             300.78
  6002005 | exportiedu pack #2                                 |      6 |       27 |             300.09
 10006014 | amalgscholar #2                                    |      9 |       31 |             298.48
  9014009 | importoedu pack #2                                 |     18 |       51 |             298.45
  6015006 | scholarbrand #6                                    |     18 |       52 |              297.9
  9012002 | importounivamalg #2                                |     18 |       50 |             296.96
 10002012 | importounivamalg #12                               |      8 |       16 |              291.2
  6016008 | corpbrand #8                                       |     17 |       29 |             287.28
  4001002 | amalgedu pack #2                                   |      8 |       24 |              286.4
  7006001 | corpbrand #1                                       |     17 |       38 |             285.78
  1001001 | importoimporto #2                                  |     17 |       26 |              285.3
  1003002 | exportiamalg #2                                    |     19 |       44 |             284.92
  2004002 | edu packimporto #2                                 |     19 |       45 |              282.1
  5002001 | corpcorp #6                                        |      8 |       12 |             280.33
  7007010 | brandbrand #10                                     |      9 |        1 |             277.56
  3002002 | importoexporti #2                                  |     17 |       11 |             277.28
  5001002 | amalgscholar #2                                    |     19 |       58 |             276.96
  2003002 | exportiimporto #2                                  |      9 |       43 |              276.3
 10006014 | amalgscholar #2                                    |      9 |       18 |             276.25
  1004002 | edu packamalg #2                                   |     19 |       56 |             275.31
  7006001 | corpbrand #1                                       |     18 |        6 |              274.7
  7001007 | importomaxi #8                                     |     17 |       26 |             274.43
  3004001 | edu packexporti #1                                 |     17 |       18 |              271.7
  7003008 | exportibrand #8                                    |      7 |       23 |             265.28
 10006001 | corpunivamalg #1                                   |     17 |       18 |             262.08
  3004002 | edu packexporti #2                                 |     18 |       53 |             260.49
  2003001 | exportiimporto #1                                  |     18 |       30 |             260.26
  9014009 | importoedu pack #2                                 |     17 |       36 |             254.64
  3002002 | importoscholar #1                                  |     18 |       50 |              250.2
  2004002 | edu packimporto #2                                 |     19 |       23 |             249.92
  5002001 | exportiunivamalg #10                               |     19 |        7 |              249.9
  2004001 | amalgscholar #1                                    |     17 |       55 |             247.47
  6009006 | maxicorp #6                                        |      8 |       21 |              244.8
 10002010 | importounivamalg #10                               |     18 |       25 |             244.56
  8013005 | exportimaxi #5                                     |      9 |       33 |             239.16
  9011003 | edu packamalg #2                                   |     18 |       14 |             237.05
  6005001 | amalgnameless #10                                  |     17 |       49 |             236.72
  1003001 | namelessunivamalg #1                               |      9 |       28 |             236.35
  5004002 | edu packscholar #2                                 |      8 |       40 |             235.98
  4001002 | amalgedu pack #2                                   |     17 |       48 |              235.2
  2002002 | importoimporto #2                                  |     17 |       18 |             234.36
  5001001 | amalgscholar #1                                    |      7 |       50 |             232.75
 10008007 | amalgbrand #1                                      |      8 |       22 |              230.4
  4002002 | importoedu pack #2                                 |      9 |       55 |             227.97
  8006001 | corpnameless #1                                    |     18 |       41 |             225.33
  8008009 | namelessnameless #9                                |     17 |       23 |              223.2
  5002001 | exportiunivamalg #10                               |     18 |       38 |              221.9
  4004001 | maxiunivamalg #4                                   |     17 |       57 |             220.16
  3002002 | importoexporti #2                                  |     19 |        4 |                219
 10006012 | corpunivamalg #12                                  |      9 |       15 |             204.56
  8015006 | scholarmaxi #6                                     |     17 |       19 |                203
  6009006 | maxicorp #6                                        |     17 |       17 |             202.59
  9012002 | importounivamalg #2                                |     18 |       14 |             197.96
  3004001 | edu packexporti #1                                 |      9 |       32 |             195.36
  4002002 | importoedu pack #2                                 |      7 |       26 |             195.16
  6002005 | exportiedu pack #2                                 |      9 |       36 |              193.2
  4001002 | amalgedu pack #2                                   |     17 |       10 |              192.4
  2002001 | edu packunivamalg #15                              |      7 |       15 |             192.36
  1004002 | edu packamalg #2                                   |     17 |       46 |             190.99
  2003001 | edu packexporti #1                                 |     17 |       19 |             189.43
  6005001 | amalgnameless #10                                  |      9 |        0 |              187.8
  5001002 | amalgscholar #2                                    |     19 |       47 |              186.2
  2004002 | edu packimporto #2                                 |     18 |       49 |              181.8
  9005002 | scholarmaxi #2                                     |     17 |        9 |             177.48
  7016001 | univnameless #2                                    |     19 |        5 |             174.58
  8009010 | maxinameless #10                                   |     17 |       27 |              171.2
  1003002 | exportiamalg #2                                    |     18 |       52 |             169.19
  1002001 | importoamalg #1                                    |     18 |       15 |                165
  7003008 | exportibrand #8                                    |      8 |       44 |                165
  4001001 | importounivamalg #12                               |     18 |       45 |              159.6
  6015006 | scholarbrand #6                                    |     18 |       10 |              158.4
  1002002 | importoamalg #2                                    |      9 |       26 |             158.06
  5001002 | amalgscholar #2                                    |     17 |        4 |              157.8
  6001002 | exportischolar #1                                  |      7 |       28 |             152.88
  4001002 | amalgedu pack #2                                   |     17 |        8 | 152.70999999999998
  8005002 | scholarnameless #2                                 |      9 |       47 |             151.32
  2002001 | edu packunivamalg #15                              |     19 |       28 |             150.84
  8003005 | importoexporti #2                                  |     17 |       44 |             150.08
  4004001 | exportinameless #6                                 |      9 |       29 |             149.06
  2001002 | amalgimporto #2                                    |      9 |       10 |             146.75
  1003002 | exportiamalg #2                                    |     19 |       28 |              146.4
 10013002 | exportiamalgamalg #2                               |      9 |       52 |             142.24
  9011003 | edu packamalg #2                                   |     19 |       56 |             136.89
  8012003 | amalgexporti #2                                    |     19 |       38 |             136.37
  5004001 | importounivamalg #5                                |      8 |        7 |             136.18
  1002001 | importoamalg #1                                    |      9 |       30 |              135.8
  8002010 | importonameless #10                                |     19 |       38 |                135
  8003006 | exportinameless #6                                 |      9 |       37 |              134.7
 10008007 | amalgbrand #1                                      |     19 |       27 |             132.24
  1004001 | amalgscholar #1                                    |      7 |       14 |             131.58
  2001001 | importoimporto #2                                  |     17 |       39 |             131.52
  2003002 | exportiimporto #2                                  |     17 |       53 |              130.2
  8012001 | importomaxi #1                                     |      9 |       57 |              128.4
  6005001 | amalgnameless #10                                  |      9 |       24 |             124.74
  2002001 | importounivamalg #10                               |     19 |       48 |             123.96
  5001002 | amalgscholar #2                                    |      9 |       42 |              120.8
  1003001 | namelessunivamalg #1                               |     17 |        4 |             118.02
  2001002 | amalgimporto #2                                    |     18 |       22 |             111.96
  4001002 | amalgedu pack #2                                   |     19 |       15 |              111.5
 10007003 | brandunivamalg #3                                  |      8 |       56 |             111.02
  8003006 | exportinameless #6                                 |     18 |       48 |             110.49
  2001002 | amalgimporto #2                                    |     19 |       50 |              109.2
  4001002 | amalgedu pack #2                                   |     18 |        6 |             108.81
  8008009 | namelessnameless #9                                |     18 |       13 |             104.84
  6009006 | maxicorp #6                                        |      8 |       39 |              102.9
  6009003 | amalgnameless #1                                   |     19 |       27 |             102.85
  1002002 | importoamalg #2                                    |     19 |       39 |              100.8
 10013002 | exportiamalgamalg #2                               |      8 |       25 |              99.75
  1001001 | importoimporto #2                                  |     18 |       49 |              99.68
 10008007 | amalgbrand #1                                      |     19 |       15 |              98.04
  3004002 | edu packexporti #2                                 |     18 |       37 |              97.03
  1003002 | exportiamalg #2                                    |      9 |       37 |               96.2
  9009006 | namelessunivamalg #7                               |     17 |       22 |               91.7
  6009006 | maxicorp #6                                        |      9 |        9 |              91.56
  8012003 | amalgexporti #2                                    |      8 |       43 |              89.52
  9012010 | importounivamalg #10                               |     19 |       44 |              88.89
  7001007 | importomaxi #8                                     |     18 |       55 |                 88
  5002001 | corpcorp #6                                        |     19 |       12 |              87.36
  3004001 | edu packexporti #1                                 |     18 |       24 |              87.12
  2002002 | brandbrand #7                                      |     18 |       36 |              86.25
  1004002 | importoamalg #1                                    |      6 |       52 |              82.08
  1004002 | edu packamalg #2                                   |     17 |       58 |              81.27
  3004002 | edu packexporti #2                                 |      8 |       33 |              81.27
  6008003 | edu packedu pack #2                                |     19 |        8 |              80.15
  4002002 | importoedu pack #2                                 |     18 |       11 |              79.44
  9009006 | namelessunivamalg #7                               |     18 |        0 |              78.03
  9005002 | scholarmaxi #2                                     |     19 |       47 |              77.22
  9014009 | importoedu pack #2                                 |      9 |       42 |              76.35
  4003002 | exportiedu pack #2                                 |     17 |       14 |               74.7
  4002002 | importoedu pack #2                                 |     17 |       48 |              74.39
  1001002 | amalgamalg #2                                      |     17 |       14 |               71.7
  9005008 | scholarmaxi #8                                     |     19 |       38 |               70.4
  1003002 | exportiamalg #2                                    |      9 |        6 |              69.46
  1002002 | importoamalg #2                                    |     17 |       38 |              69.36
  8016007 | corpmaxi #7                                        |     18 |       14 |              68.53
  5003001 | scholarnameless #7                                 |      8 |       29 |               68.4
  5002001 | exportiunivamalg #10                               |     18 |       53 |              67.58
  2004002 | edu packimporto #2                                 |      9 |       39 |              66.85
  7001007 | importomaxi #8                                     |     17 |        5 |               66.5
  9005002 | scholarmaxi #2                                     |     18 |       12 |                 62
  6002005 | exportiedu pack #2                                 |      8 |       26 |              61.64
  2002002 | brandbrand #7                                      |     18 |       21 |              61.56
  3004001 | edu packexporti #1                                 |     17 |       54 |              59.64
  2003001 | exportiimporto #1                                  |      6 |       54 |              58.56
  6009006 | maxicorp #6                                        |      9 |       17 |               58.2
 10006012 | corpunivamalg #12                                  |     19 |       43 |              55.44
  1004001 | edu packamalg #2                                   |     17 |        1 |               52.8
  7006004 | corpbrand #4                                       |      8 |       50 |              52.77
  4001001 | amalgedu pack #1                                   |      9 |       27 |              50.31
  8006001 | corpnameless #1                                    |     17 |       11 |              49.02
  7002006 | importobrand #6                                    |     17 |       21 |              48.36
  7003008 | exportibrand #8                                    |     19 |       56 |              44.77
  2004002 | edu packimporto #2                                 |     19 |       24 |              43.54
 10006012 | corpunivamalg #12                                  |      7 |       13 |               43.4
  3004002 | edu packexporti #2                                 |      8 |       52 |              43.02
  1004002 | importoamalg #1                                    |      9 |       43 |              42.18
  3002002 | importoscholar #1                                  |     18 |       36 |               37.5
  2004001 | amalgscholar #1                                    |     18 |        0 |              35.61
  6002005 | exportiedu pack #2                                 |     18 |       42 |              34.95
  8003006 | exportinameless #6                                 |     17 |       32 |              34.13
 10008007 | amalgbrand #1                                      |     18 |       19 |                 34
  2001002 | amalgimporto #2                                    |     17 |       49 |              32.16
  9016009 | importounivamalg #10                               |      8 |       42 |               30.6
  1001001 | amalgedu pack #1                                   |      9 |       34 |              28.67
  2002002 | importoimporto #2                                  |     17 |        1 |              28.28
  7006004 | corpbrand #4                                       |     18 |        3 |                 27
  1003002 | exportiamalg #2                                    |      6 |       44 |              25.12
  2002001 | importoimporto #1                                  |     18 |       59 |              24.43
 10003012 | exportiamalg #2                                    |     18 |       50 |              23.76
  9011003 | edu packamalg #2                                   |     17 |       49 |              22.54
  6008007 | brandnameless #3                                   |      9 |       23 |               21.6
  1002002 | importoamalg #2                                    |     18 |       15 |              19.52
  4001002 | amalgedu pack #2                                   |      8 |       53 |              18.92
  1004002 | edu packamalg #2                                   |     17 |       54 |              18.48
  1001001 | amalgedu pack #1                                   |      6 |        9 |              16.36
  4001001 | amalgedu pack #1                                   |      9 |       15 |              14.04
  9011003 | edu packamalg #2                                   |     19 |       20 |                 14
  1004001 | amalgscholar #1                                    |      9 |       27 |              13.63
  4001002 | amalgedu pack #2                                   |     19 |       58 |               12.8
  6006002 | corpcorp #2                                        |     17 |       36 |              12.32
  6015006 | scholarbrand #6                                    |      8 |       41 |               11.2
  9005002 | scholarmaxi #2                                     |      6 |       13 |              10.16
  7006004 | corpbrand #4                                       |      9 |       25 |                 10
  8012003 | amalgexporti #2                                    |     19 |       43 |               8.73
  4002002 | importoedu pack #2                                 |      9 |       13 |               8.58
  2002001 | importoimporto #1                                  |     19 |       12 |               8.06
  3002002 | importoexporti #2                                  |     19 |       20 |                7.2
  4001001 | importounivamalg #12                               |     18 |       56 |                6.4
  7007010 | brandbrand #10                                     |     19 |       39 |               2.54
  4001002 | amalgedu pack #2                                   |     19 |        6 |                2.3
  5002001 | corpcorp #6                                        |      9 |       55 |               2.29
 10013002 | exportiamalgamalg #2                               |     18 |        3 |               0.99
  7016001 | univnameless #2                                    |     17 |       53 |               0.96
  2004002 | edu packimporto #2                                 |     17 |       37 |               0.63
  1004002 | importoamalg #1                                    |     17 |       15 |                  0
  3004002 | edu packexporti #2                                 |     18 |       55 |                  0
  4001001 | amalgedu pack #1                                   |     18 |       48 |                  0
  8002010 | importonameless #10                                |     19 |        7 |                  0
 10004013 | edu packunivamalg #13                              |     18 |       16 |                  0
 10007003 | brandunivamalg #3                                  |     19 |       28 |                  0
(1017 rows)

UPDATE time_statistics SET e_time = TRANSACTION_TIMESTAMP() WHERE template = 'query71.tpl' AND stream = 5;
psql:/tmp/s1-basline/throughput/query_5.sql:1467: NOTICE:  duration: 0.128 ms  plan:
Query Text: UPDATE time_statistics SET e_time = TRANSACTION_TIMESTAMP() WHERE template = 'query71.tpl' AND stream = 5;
Update on time_statistics  (cost=0.00..15.87 rows=0 width=0) (actual time=0.127..0.127 rows=0 loops=1)
  ->  Seq Scan on time_statistics  (cost=0.00..15.87 rows=1 width=14) (actual time=0.107..0.112 rows=1 loops=1)
        Filter: ((template = 'query71.tpl'::text) AND (stream = 5))
        Rows Removed by Filter: 577
UPDATE 1
LOAD 'auto_explain'; SET auto_explain.log_min_duration TO 0; SET auto_explain.log_analyze TO on; SET auto_explain.log_level TO notice; INSERT INTO time_statistics (template, s_time, stream, query, seed) VALUES ('../query_postgresql/query80.tpl', TRANSACTION_TIMESTAMP(), 5, 27, 1111785535);
LOAD
SET
SET
SET
psql:/tmp/s1-basline/throughput/query_5.sql:1468: NOTICE:  duration: 0.009 ms  plan:
Query Text: INSERT INTO time_statistics (template, s_time, stream, query, seed) VALUES ('../query_postgresql/query80.tpl', TRANSACTION_TIMESTAMP(), 5, 27, 1111785535);
Insert on time_statistics  (cost=0.00..0.01 rows=0 width=0) (actual time=0.008..0.009 rows=0 loops=1)
  ->  Result  (cost=0.00..0.01 rows=1 width=64) (actual time=0.001..0.001 rows=1 loops=1)
INSERT 0 1
with ssr as
 (select  s_store_id as store_id,
          sum(ss_ext_sales_price) as sales,
          sum(coalesce(sr_return_amt, 0)) as returns,
          sum(ss_net_profit - coalesce(sr_net_loss, 0)) as profit
  from store_sales left outer join store_returns on
         (ss_item_sk = sr_item_sk and ss_ticket_number = sr_ticket_number),
     date_dim,
     store,
     item,
     promotion
 where ss_sold_date_sk = d_date_sk
       and d_date between cast('2002-08-02' as date) 
                  and (cast('2002-08-02' as date) + interval '30 days')
       and ss_store_sk = s_store_sk
       and ss_item_sk = i_item_sk
       and i_current_price > 50
       and ss_promo_sk = p_promo_sk
       and p_channel_tv = 'N'
 group by s_store_id)
 ,
 csr as
 (select  cp_catalog_page_id as catalog_page_id,
          sum(cs_ext_sales_price) as sales,
          sum(coalesce(cr_return_amount, 0)) as returns,
          sum(cs_net_profit - coalesce(cr_net_loss, 0)) as profit
  from catalog_sales left outer join catalog_returns on
         (cs_item_sk = cr_item_sk and cs_order_number = cr_order_number),
     date_dim,
     catalog_page,
     item,
     promotion
 where cs_sold_date_sk = d_date_sk
       and d_date between cast('2002-08-02' as date)
                  and (cast('2002-08-02' as date) +  interval '30 days')
        and cs_catalog_page_sk = cp_catalog_page_sk
       and cs_item_sk = i_item_sk
       and i_current_price > 50
       and cs_promo_sk = p_promo_sk
       and p_channel_tv = 'N'
group by cp_catalog_page_id)
 ,
 wsr as
 (select  web_site_id,
          sum(ws_ext_sales_price) as sales,
          sum(coalesce(wr_return_amt, 0)) as returns,
          sum(ws_net_profit - coalesce(wr_net_loss, 0)) as profit
  from web_sales left outer join web_returns on
         (ws_item_sk = wr_item_sk and ws_order_number = wr_order_number),
     date_dim,
     web_site,
     item,
     promotion
 where ws_sold_date_sk = d_date_sk
       and d_date between cast('2002-08-02' as date)
                  and (cast('2002-08-02' as date) + interval '30 days')
        and ws_web_site_sk = web_site_sk
       and ws_item_sk = i_item_sk
       and i_current_price > 50
       and ws_promo_sk = p_promo_sk
       and p_channel_tv = 'N'
group by web_site_id)
  select  channel
        , id
        , sum(sales) as sales
        , sum(returns) as returns
        , sum(profit) as profit
 from 
 (select 'store channel' as channel
        , 'store' || store_id as id
        , sales
        , returns
        , profit
 from   ssr
 union all
 select 'catalog channel' as channel
        , 'catalog_page' || catalog_page_id as id
        , sales
        , returns
        , profit
 from  csr
 union all
 select 'web channel' as channel
        , 'web_site' || web_site_id as id
        , sales
        , returns
        , profit
 from   wsr
 ) x
 group by rollup (channel, id)
 order by channel
         ,id
 limit 100;
psql:/tmp/s1-basline/throughput/query_5.sql:1561: NOTICE:  duration: 263.162 ms  plan:
Query Text: with ssr as
 (select  s_store_id as store_id,
          sum(ss_ext_sales_price) as sales,
          sum(coalesce(sr_return_amt, 0)) as returns,
          sum(ss_net_profit - coalesce(sr_net_loss, 0)) as profit
  from store_sales left outer join store_returns on
         (ss_item_sk = sr_item_sk and ss_ticket_number = sr_ticket_number),
     date_dim,
     store,
     item,
     promotion
 where ss_sold_date_sk = d_date_sk
       and d_date between cast('2002-08-02' as date) 
                  and (cast('2002-08-02' as date) + interval '30 days')
       and ss_store_sk = s_store_sk
       and ss_item_sk = i_item_sk
       and i_current_price > 50
       and ss_promo_sk = p_promo_sk
       and p_channel_tv = 'N'
 group by s_store_id)
 ,
 csr as
 (select  cp_catalog_page_id as catalog_page_id,
          sum(cs_ext_sales_price) as sales,
          sum(coalesce(cr_return_amount, 0)) as returns,
          sum(cs_net_profit - coalesce(cr_net_loss, 0)) as profit
  from catalog_sales left outer join catalog_returns on
         (cs_item_sk = cr_item_sk and cs_order_number = cr_order_number),
     date_dim,
     catalog_page,
     item,
     promotion
 where cs_sold_date_sk = d_date_sk
       and d_date between cast('2002-08-02' as date)
                  and (cast('2002-08-02' as date) +  interval '30 days')
        and cs_catalog_page_sk = cp_catalog_page_sk
       and cs_item_sk = i_item_sk
       and i_current_price > 50
       and cs_promo_sk = p_promo_sk
       and p_channel_tv = 'N'
group by cp_catalog_page_id)
 ,
 wsr as
 (select  web_site_id,
          sum(ws_ext_sales_price) as sales,
          sum(coalesce(wr_return_amt, 0)) as returns,
          sum(ws_net_profit - coalesce(wr_net_loss, 0)) as profit
  from web_sales left outer join web_returns on
         (ws_item_sk = wr_item_sk and ws_order_number = wr_order_number),
     date_dim,
     web_site,
     item,
     promotion
 where ws_sold_date_sk = d_date_sk
       and d_date between cast('2002-08-02' as date)
                  and (cast('2002-08-02' as date) + interval '30 days')
        and ws_web_site_sk = web_site_sk
       and ws_item_sk = i_item_sk
       and i_current_price > 50
       and ws_promo_sk = p_promo_sk
       and p_channel_tv = 'N'
group by web_site_id)
  select  channel
        , id
        , sum(sales) as sales
        , sum(returns) as returns
        , sum(profit) as profit
 from 
 (select 'store channel' as channel
        , 'store' || store_id as id
        , sales
        , returns
        , profit
 from   ssr
 union all
 select 'catalog channel' as channel
        , 'catalog_page' || catalog_page_id as id
        , sales
        , returns
        , profit
 from  csr
 union all
 select 'web channel' as channel
        , 'web_site' || web_site_id as id
        , sales
        , returns
        , profit
 from   wsr
 ) x
 group by rollup (channel, id)
 order by channel
         ,id
 limit 100;
Limit  (cost=44219.16..44226.55 rows=100 width=88) (actual time=224.787..263.097 rows=100 loops=1)
  ->  GroupAggregate  (cost=44219.16..44227.36 rows=111 width=88) (actual time=224.786..263.090 rows=100 loops=1)
        Group Key: ('store channel'::text), (('store'::text || (ssr.store_id)::text))
        Group Key: ('store channel'::text)
        Group Key: ()
        ->  Gather Merge  (cost=44219.16..44225.57 rows=55 width=88) (actual time=224.780..263.039 rows=101 loops=1)
              Workers Planned: 2
              Workers Launched: 2
              ->  Sort  (cost=43219.14..43219.19 rows=22 width=88) (actual time=129.738..129.748 rows=41 loops=3)
                    Sort Key: ('store channel'::text), (('store'::text || (ssr.store_id)::text))
                    Sort Method: quicksort  Memory: 63kB
                    Worker 0:  Sort Method: quicksort  Memory: 26kB
                    Worker 1:  Sort Method: quicksort  Memory: 25kB
                    ->  Parallel Append  (cost=1.57..43218.65 rows=22 width=88) (actual time=115.502..129.615 rows=123 loops=3)
                          ->  Subquery Scan on ssr  (cost=1.57..43218.54 rows=6 width=88) (actual time=174.984..216.578 rows=6 loops=1)
                                ->  GroupAggregate  (cost=1.57..43218.45 rows=6 width=41) (actual time=174.980..216.571 rows=6 loops=1)
                                      Group Key: store.s_store_id
                                      ->  Nested Loop Left Join  (cost=1.57..43217.64 rows=60 width=49) (actual time=1.739..216.062 rows=2897 loops=1)
                                            ->  Nested Loop  (cost=1.14..43190.91 rows=60 width=49) (actual time=1.659..207.212 rows=2897 loops=1)
                                                  Join Filter: (store_sales.ss_promo_sk = promotion.p_promo_sk)
                                                  Rows Removed by Join Filter: 444963
                                                  ->  Nested Loop  (cost=1.14..42896.80 rows=63 width=57) (actual time=1.450..167.162 rows=2955 loops=1)
                                                        Join Filter: (store_sales.ss_store_sk = store.s_store_sk)
                                                        Rows Removed by Join Filter: 33405
                                                        ->  Index Scan using i_s_store_id on store  (cost=0.14..3.62 rows=12 width=25) (actual time=0.069..0.074 rows=12 loops=1)
                                                        ->  Materialize  (cost=1.01..42881.47 rows=66 width=48) (actual time=0.115..13.692 rows=3030 loops=12)
                                                              ->  Nested Loop  (cost=1.01..42881.14 rows=66 width=48) (actual time=1.375..161.927 rows=3030 loops=1)
                                                                    ->  Nested Loop  (cost=0.72..42496.76 rows=1248 width=48) (actual time=0.215..62.627 rows=56272 loops=1)
                                                                          ->  Index Scan using i_d_date on date_dim  (cost=0.29..3.15 rows=33 width=8) (actual time=0.097..0.109 rows=31 loops=1)
                                                                                Index Cond: ((d_date >= '2002-08-02'::date) AND (d_date <= '2002-09-01 00:00:00'::timestamp without time zone))
                                                                          ->  Index Scan using i_ss_sold_date_sk on store_sales  (cost=0.43..1272.54 rows=1515 width=56) (actual time=0.079..1.692 rows=1815 loops=31)
                                                                                Index Cond: (ss_sold_date_sk = date_dim.d_date_sk)
                                                                    ->  Index Scan using pk_item on item  (cost=0.29..0.31 rows=1 width=8) (actual time=0.002..0.002 rows=0 loops=56272)
                                                                          Index Cond: (i_item_sk = store_sales.ss_item_sk)
                                                                          Filter: (i_current_price > '50'::double precision)
                                                                          Rows Removed by Filter: 1
                                                  ->  Materialize  (cost=0.00..13.24 rows=298 width=8) (actual time=0.000..0.005 rows=152 loops=2955)
                                                        ->  Seq Scan on promotion  (cost=0.00..11.75 rows=298 width=8) (actual time=0.022..0.155 rows=298 loops=1)
                                                              Filter: (p_channel_tv = 'N'::bpchar)
                                                              Rows Removed by Filter: 2
                                            ->  Index Scan using pk_store_returns on store_returns  (cost=0.42..0.45 rows=1 width=32) (actual time=0.003..0.003 rows=0 loops=2897)
                                                  Index Cond: ((sr_item_sk = store_sales.ss_item_sk) AND (sr_ticket_number = store_sales.ss_ticket_number))
                          ->  Subquery Scan on wsr  (cost=12197.37..12198.00 rows=15 width=88) (actual time=94.376..94.554 rows=15 loops=1)
                                ->  GroupAggregate  (cost=12197.37..12197.78 rows=15 width=41) (actual time=94.372..94.546 rows=15 loops=1)
                                      Group Key: web_site.web_site_id
                                      ->  Sort  (cost=12197.37..12197.41 rows=17 width=49) (actual time=94.352..94.387 rows=880 loops=1)
                                            Sort Key: web_site.web_site_id
                                            Worker 0:  Sort Method: quicksort  Memory: 95kB
                                            ->  Nested Loop  (cost=1.42..12197.02 rows=17 width=49) (actual time=46.609..93.780 rows=880 loops=1)
                                                  Join Filter: (web_sales.ws_promo_sk = promotion_1.p_promo_sk)
                                                  Rows Removed by Join Filter: 263744
                                                  ->  Seq Scan on promotion promotion_1  (cost=0.00..11.75 rows=298 width=8) (actual time=0.032..0.136 rows=298 loops=1)
                                                        Filter: (p_channel_tv = 'N'::bpchar)
                                                        Rows Removed by Filter: 2
                                                  ->  Materialize  (cost=1.42..12109.33 rows=17 width=57) (actual time=0.001..0.258 rows=888 loops=298)
                                                        ->  Nested Loop  (cost=1.42..12109.24 rows=17 width=57) (actual time=0.353..67.365 rows=888 loops=1)
                                                              Join Filter: (web_sales.ws_web_site_sk = web_site.web_site_sk)
                                                              Rows Removed by Join Filter: 12354
                                                              ->  Nested Loop Left Join  (cost=1.42..12099.64 rows=17 width=48) (actual time=0.319..65.889 rows=889 loops=1)
                                                                    ->  Nested Loop  (cost=1.00..12092.14 rows=17 width=48) (actual time=0.256..62.024 rows=889 loops=1)
                                                                          ->  Nested Loop  (cost=0.72..11991.25 rows=326 width=48) (actual time=0.175..21.851 rows=15464 loops=1)
                                                                                ->  Index Scan using i_d_date on date_dim date_dim_1  (cost=0.29..3.15 rows=33 width=8) (actual time=0.078..0.099 rows=31 loops=1)
                                                                                      Index Cond: ((d_date >= '2002-08-02'::date) AND (d_date <= '2002-09-01 00:00:00'::timestamp without time zone))
                                                                                ->  Index Scan using i_ws_sold_date_sk on web_sales  (cost=0.42..359.31 rows=397 width=56) (actual time=0.014..0.585 rows=499 loops=31)
                                                                                      Index Cond: (ws_sold_date_sk = date_dim_1.d_date_sk)
                                                                          ->  Index Scan using pk_item on item item_1  (cost=0.29..0.31 rows=1 width=8) (actual time=0.002..0.002 rows=0 loops=15464)
                                                                                Index Cond: (i_item_sk = web_sales.ws_item_sk)
                                                                                Filter: (i_current_price > '50'::double precision)
                                                                                Rows Removed by Filter: 1
                                                                    ->  Index Scan using pk_web_returns on web_returns  (cost=0.42..0.44 rows=1 width=32) (actual time=0.004..0.004 rows=0 loops=889)
                                                                          Index Cond: ((wr_item_sk = web_sales.ws_item_sk) AND (wr_order_number = web_sales.ws_order_number))
                                                              ->  Materialize  (cost=0.00..2.45 rows=30 width=25) (actual time=0.000..0.001 rows=15 loops=889)
                                                                    ->  Seq Scan on web_site  (cost=0.00..2.30 rows=30 width=25) (actual time=0.027..0.041 rows=30 loops=1)
                          ->  Subquery Scan on csr  (cost=2077.30..2078.66 rows=34 width=88) (actual time=77.144..77.667 rows=348 loops=1)
                                ->  GroupAggregate  (cost=2077.30..2078.15 rows=34 width=41) (actual time=77.141..77.574 rows=348 loops=1)
                                      Group Key: catalog_page.cp_catalog_page_id
                                      ->  Sort  (cost=2077.30..2077.39 rows=34 width=49) (actual time=77.131..77.196 rows=1638 loops=1)
                                            Sort Key: catalog_page.cp_catalog_page_id
                                            Sort Method: quicksort  Memory: 179kB
                                            ->  Nested Loop  (cost=1.86..2076.44 rows=34 width=49) (actual time=0.184..74.369 rows=1638 loops=1)
                                                  ->  Nested Loop  (cost=1.71..2070.74 rows=34 width=57) (actual time=0.146..72.199 rows=1655 loops=1)
                                                        ->  Nested Loop Left Join  (cost=1.43..2060.45 rows=34 width=48) (actual time=0.132..69.845 rows=1658 loops=1)
                                                              ->  Nested Loop  (cost=1.01..2045.36 rows=34 width=48) (actual time=0.126..66.214 rows=1658 loops=1)
                                                                    ->  Nested Loop  (cost=0.72..1845.15 rows=649 width=48) (actual time=0.018..13.428 rows=29974 loops=1)
                                                                          ->  Index Scan using i_d_date on date_dim date_dim_2  (cost=0.29..3.15 rows=33 width=8) (actual time=0.010..0.024 rows=31 loops=1)
                                                                                Index Cond: ((d_date >= '2002-08-02'::date) AND (d_date <= '2002-09-01 00:00:00'::timestamp without time zone))
                                                                          ->  Index Scan using i_cs_sold_date_sk on catalog_sales  (cost=0.43..47.97 rows=785 width=56) (actual time=0.005..0.245 rows=967 loops=31)
                                                                                Index Cond: (cs_sold_date_sk = date_dim_2.d_date_sk)
                                                                    ->  Index Scan using pk_item on item item_2  (cost=0.29..0.31 rows=1 width=8) (actual time=0.002..0.002 rows=0 loops=29974)
                                                                          Index Cond: (i_item_sk = catalog_sales.cs_item_sk)
                                                                          Filter: (i_current_price > '50'::double precision)
                                                                          Rows Removed by Filter: 1
                                                              ->  Index Scan using pk_catalog_returns on catalog_returns  (cost=0.42..0.44 rows=1 width=32) (actual time=0.002..0.002 rows=0 loops=1658)
                                                                    Index Cond: ((cr_item_sk = catalog_sales.cs_item_sk) AND (cr_order_number = catalog_sales.cs_order_number))
                                                        ->  Index Scan using pk_catalog_page on catalog_page  (cost=0.29..0.30 rows=1 width=25) (actual time=0.001..0.001 rows=1 loops=1658)
                                                              Index Cond: (cp_catalog_page_sk = catalog_sales.cs_catalog_page_sk)
                                                  ->  Index Scan using pk_promotion on promotion promotion_2  (cost=0.15..0.17 rows=1 width=8) (actual time=0.001..0.001 rows=1 loops=1655)
                                                        Index Cond: (p_promo_sk = catalog_sales.cs_promo_sk)
                                                        Filter: (p_channel_tv = 'N'::bpchar)
                                                        Rows Removed by Filter: 0
     channel     |              id              |       sales        | returns |       profit        
-----------------+------------------------------+--------------------+---------+---------------------
 catalog channel | catalog_pageAAAAAAAAAAPBAAAA |           18678.27 |       0 |  -533.3700000000003
 catalog channel | catalog_pageAAAAAAAAABBCAAAA |             137.02 |       0 |             -534.04
 catalog channel | catalog_pageAAAAAAAAABPBAAAA |           12260.92 | 4506.03 |  1235.1399999999999
 catalog channel | catalog_pageAAAAAAAAACPBAAAA |  9156.320000000002 | 4524.16 |            -4111.28
 catalog channel | catalog_pageAAAAAAAAADPBAAAA |            23414.4 |  2510.3 |            -4924.22
 catalog channel | catalog_pageAAAAAAAAAEPBAAAA |           16664.06 |       0 |  -7446.049999999999
 catalog channel | catalog_pageAAAAAAAAAFPBAAAA |             5862.1 |   62.04 | -1676.1399999999999
 catalog channel | catalog_pageAAAAAAAAAGBCAAAA |            4642.19 |       0 |  -394.9100000000001
 catalog channel | catalog_pageAAAAAAAAAGPBAAAA |           22204.44 | 3224.26 |  2380.1099999999997
 catalog channel | catalog_pageAAAAAAAAAHBCAAAA |            1007.76 |   296.4 |  -827.5999999999999
 catalog channel | catalog_pageAAAAAAAAAHPBAAAA |            4105.79 |  142.69 |            -5343.34
 catalog channel | catalog_pageAAAAAAAAAIBCAAAA |            1263.68 | 1204.56 |  -631.8399999999999
 catalog channel | catalog_pageAAAAAAAAAJBCAAAA |            10829.7 |       0 |   6576.970000000001
 catalog channel | catalog_pageAAAAAAAAAJPBAAAA |           21292.73 |  159.21 |  5481.7300000000005
 catalog channel | catalog_pageAAAAAAAAAKBCAAAA |            5976.48 |       0 |             1465.92
 catalog channel | catalog_pageAAAAAAAAAKPBAAAA |           16173.66 |       0 |             1356.25
 catalog channel | catalog_pageAAAAAAAAALBCAAAA |           11101.11 |       0 |   33.23999999999978
 catalog channel | catalog_pageAAAAAAAAAMBCAAAA |           10371.08 |       0 |            -1137.54
 catalog channel | catalog_pageAAAAAAAAANOBAAAA | 4315.3099999999995 |       0 | -12705.769999999999
 catalog channel | catalog_pageAAAAAAAAAOOBAAAA |  5792.969999999999 |       0 |  -7938.620000000001
 catalog channel | catalog_pageAAAAAAAAAPACAAAA |             2876.3 |       0 |              707.07
 catalog channel | catalog_pageAAAAAAAAAPOBAAAA |            17869.6 |  1887.6 |            -3250.29
 catalog channel | catalog_pageAAAAAAAABAPBAAAA |           18794.44 |   48.33 |  -3997.510000000001
 catalog channel | catalog_pageAAAAAAAABBPBAAAA |           21242.26 |       0 |  -6731.179999999999
 catalog channel | catalog_pageAAAAAAAABCBCAAAA |            1821.75 |       0 |              929.75
 catalog channel | catalog_pageAAAAAAAABCPBAAAA |            1427.32 |       0 |             -1728.4
 catalog channel | catalog_pageAAAAAAAABDPBAAAA |           12399.57 |       0 |            -13073.5
 catalog channel | catalog_pageAAAAAAAABEPBAAAA |             418.32 |       0 |            -4561.81
 catalog channel | catalog_pageAAAAAAAABFPBAAAA |           10842.04 |       0 |            -4889.22
 catalog channel | catalog_pageAAAAAAAABGBCAAAA | 5963.8099999999995 |       0 |  -7623.349999999999
 catalog channel | catalog_pageAAAAAAAABGPBAAAA | 3485.2999999999997 |       0 | -1362.7300000000002
 catalog channel | catalog_pageAAAAAAAABHBCAAAA |                157 |       0 |               -1102
 catalog channel | catalog_pageAAAAAAAABHPBAAAA | 3010.5699999999997 |       0 | -335.63000000000005
 catalog channel | catalog_pageAAAAAAAABIBCAAAA |             8316.3 |       0 |            -4236.26
 catalog channel | catalog_pageAAAAAAAABIPBAAAA | 26194.899999999998 |       0 |             6146.51
 catalog channel | catalog_pageAAAAAAAABJBCAAAA |            6540.29 |       0 | -1866.0700000000002
 catalog channel | catalog_pageAAAAAAAABJPBAAAA |            6563.79 |  203.54 |            -1543.27
 catalog channel | catalog_pageAAAAAAAABKBCAAAA |            3709.83 |       0 |            -4158.85
 catalog channel | catalog_pageAAAAAAAABKPBAAAA |  7711.339999999999 |     572 | -1822.9699999999996
 catalog channel | catalog_pageAAAAAAAABLBCAAAA |            4191.71 |       0 |            -3565.92
 catalog channel | catalog_pageAAAAAAAABNOBAAAA |           16947.44 |  945.62 |  1054.8699999999997
 catalog channel | catalog_pageAAAAAAAABOOBAAAA |              35782 |       0 |            10553.36
 catalog channel | catalog_pageAAAAAAAABPOBAAAA | 37895.939999999995 |       0 |             8964.32
 catalog channel | catalog_pageAAAAAAAACAPBAAAA |           30886.68 |  659.75 |             4140.64
 catalog channel | catalog_pageAAAAAAAACBPBAAAA | 21889.420000000006 |   88.56 |           -19761.05
 catalog channel | catalog_pageAAAAAAAACCPBAAAA |           30405.71 | 8098.07 |             -6368.1
 catalog channel | catalog_pageAAAAAAAACDPBAAAA |            5028.27 |  420.64 |  -7339.240000000001
 catalog channel | catalog_pageAAAAAAAACEBCAAAA |            8300.76 |       0 |             3996.36
 catalog channel | catalog_pageAAAAAAAACEPBAAAA |  8221.919999999998 |       0 |            -2204.83
 catalog channel | catalog_pageAAAAAAAACFPBAAAA |            3112.92 |       0 |               86.12
 catalog channel | catalog_pageAAAAAAAACGBCAAAA |             765.58 |       0 |             -845.75
 catalog channel | catalog_pageAAAAAAAACGPBAAAA | 28544.289999999997 |   73.44 |            -2430.12
 catalog channel | catalog_pageAAAAAAAACHBCAAAA |           14800.68 |       0 |  -6020.150000000001
 catalog channel | catalog_pageAAAAAAAACHPBAAAA |            2846.45 |       0 |            -5222.34
 catalog channel | catalog_pageAAAAAAAACIBCAAAA |            3389.12 |       0 |             1225.36
 catalog channel | catalog_pageAAAAAAAACIPBAAAA |           16843.03 |       0 |             6896.99
 catalog channel | catalog_pageAAAAAAAACJBCAAAA |            2994.65 |  1809.6 |  392.74999999999994
 catalog channel | catalog_pageAAAAAAAACJPBAAAA |            3599.12 |       0 |            -4925.72
 catalog channel | catalog_pageAAAAAAAACKBCAAAA | 14030.060000000001 |       0 |             4196.36
 catalog channel | catalog_pageAAAAAAAACKPBAAAA |           12444.56 |       0 |              613.48
 catalog channel | catalog_pageAAAAAAAACLBCAAAA |           17734.45 |       0 |   4782.610000000001
 catalog channel | catalog_pageAAAAAAAACNOBAAAA | 17739.010000000002 | 2149.98 |            -5162.65
 catalog channel | catalog_pageAAAAAAAACOOBAAAA |           39878.33 |       0 |             5884.48
 catalog channel | catalog_pageAAAAAAAACPACAAAA |            4136.94 |       0 |            -2956.67
 catalog channel | catalog_pageAAAAAAAACPOBAAAA | 23252.780000000002 |       0 | -5869.3099999999995
 catalog channel | catalog_pageAAAAAAAADAPBAAAA |           20222.47 |       0 | -16404.449999999997
 catalog channel | catalog_pageAAAAAAAADBPBAAAA |              13384 |       0 | -2624.8900000000003
 catalog channel | catalog_pageAAAAAAAADCBCAAAA |              16.83 |       0 |              -124.1
 catalog channel | catalog_pageAAAAAAAADCPBAAAA | 15948.989999999998 |   29.73 |  -69.24000000000001
 catalog channel | catalog_pageAAAAAAAADDPBAAAA |           15860.01 |       0 |  1487.3199999999997
 catalog channel | catalog_pageAAAAAAAADEPBAAAA |           16376.15 |       0 |            -3231.38
 catalog channel | catalog_pageAAAAAAAADFPBAAAA |            7260.37 |       0 |  273.30999999999995
 catalog channel | catalog_pageAAAAAAAADGBCAAAA |            5144.79 |  376.74 |            -3524.74
 catalog channel | catalog_pageAAAAAAAADGPBAAAA |           13046.11 |   842.1 |    -5.3900000000001
 catalog channel | catalog_pageAAAAAAAADHPBAAAA | 10426.650000000001 |       0 |   762.7399999999999
 catalog channel | catalog_pageAAAAAAAADIBCAAAA |           22272.53 |       0 |             5555.84
 catalog channel | catalog_pageAAAAAAAADIPBAAAA | 3884.7299999999996 |       0 | -1229.3600000000001
 catalog channel | catalog_pageAAAAAAAADJBCAAAA |             660.91 |       0 |  301.53999999999996
 catalog channel | catalog_pageAAAAAAAADJPBAAAA | 13542.119999999999 |       0 |            -10348.3
 catalog channel | catalog_pageAAAAAAAADKBCAAAA | 2352.3599999999997 |       0 | -2400.5299999999997
 catalog channel | catalog_pageAAAAAAAADKPBAAAA | 10867.359999999999 |       0 |             2192.13
 catalog channel | catalog_pageAAAAAAAADLBCAAAA |           32409.46 |       0 |            10538.05
 catalog channel | catalog_pageAAAAAAAADNOBAAAA | 16918.760000000002 |   48.93 |            -5507.41
 catalog channel | catalog_pageAAAAAAAADOOBAAAA | 20422.539999999997 |  906.36 |            -6493.83
 catalog channel | catalog_pageAAAAAAAADPACAAAA |              53.32 |       0 |               -95.3
 catalog channel | catalog_pageAAAAAAAADPOBAAAA |              21667 |       0 |             4395.43
 catalog channel | catalog_pageAAAAAAAAEABCAAAA |             546.75 |       0 |             -376.65
 catalog channel | catalog_pageAAAAAAAAEAPBAAAA |              96.31 |       0 | -53.870000000000005
 catalog channel | catalog_pageAAAAAAAAEBPBAAAA |           23003.71 |   92.93 |  -6053.489999999999
 catalog channel | catalog_pageAAAAAAAAECPBAAAA |           44325.51 |       0 |  10498.609999999999
 catalog channel | catalog_pageAAAAAAAAEDPBAAAA | 29739.010000000002 |  115.23 | -6271.7300000000005
 catalog channel | catalog_pageAAAAAAAAEEPBAAAA |           14052.64 |  291.48 |            -9368.26
 catalog channel | catalog_pageAAAAAAAAEFPBAAAA |            7502.65 |       0 |            -9787.45
 catalog channel | catalog_pageAAAAAAAAEGBCAAAA |            9844.76 |       0 |  -7592.250000000001
 catalog channel | catalog_pageAAAAAAAAEGPBAAAA |           14426.25 |       0 | -3981.5399999999995
 catalog channel | catalog_pageAAAAAAAAEHBCAAAA |           16160.43 |       0 |  3300.4900000000002
 catalog channel | catalog_pageAAAAAAAAEHPBAAAA |             5163.9 |       0 |           -10014.32
 catalog channel | catalog_pageAAAAAAAAEIBCAAAA |            7473.75 |       0 |             -668.48
 catalog channel | catalog_pageAAAAAAAAEIPBAAAA |             5061.3 |       0 | -2631.3100000000004
 catalog channel | catalog_pageAAAAAAAAEJBCAAAA |           14135.41 |       0 | -1962.6800000000005
(100 rows)

UPDATE time_statistics SET e_time = TRANSACTION_TIMESTAMP() WHERE template = '../query_postgresql/query80.tpl' AND stream = 5;
psql:/tmp/s1-basline/throughput/query_5.sql:1563: NOTICE:  duration: 0.082 ms  plan:
Query Text: UPDATE time_statistics SET e_time = TRANSACTION_TIMESTAMP() WHERE template = '../query_postgresql/query80.tpl' AND stream = 5;
Update on time_statistics  (cost=0.00..15.87 rows=0 width=0) (actual time=0.082..0.082 rows=0 loops=1)
  ->  Seq Scan on time_statistics  (cost=0.00..15.87 rows=1 width=14) (actual time=0.063..0.069 rows=1 loops=1)
        Filter: ((template = '../query_postgresql/query80.tpl'::text) AND (stream = 5))
        Rows Removed by Filter: 578
UPDATE 1
LOAD 'auto_explain'; SET auto_explain.log_min_duration TO 0; SET auto_explain.log_analyze TO on; SET auto_explain.log_level TO notice; INSERT INTO time_statistics (template, s_time, stream, query, seed) VALUES ('query69.tpl', TRANSACTION_TIMESTAMP(), 5, 28, 1562964639);
LOAD
SET
SET
SET
psql:/tmp/s1-basline/throughput/query_5.sql:1564: NOTICE:  duration: 0.008 ms  plan:
Query Text: INSERT INTO time_statistics (template, s_time, stream, query, seed) VALUES ('query69.tpl', TRANSACTION_TIMESTAMP(), 5, 28, 1562964639);
Insert on time_statistics  (cost=0.00..0.01 rows=0 width=0) (actual time=0.007..0.008 rows=0 loops=1)
  ->  Result  (cost=0.00..0.01 rows=1 width=64) (actual time=0.001..0.001 rows=1 loops=1)
INSERT 0 1
select  
  cd_gender,
  cd_marital_status,
  cd_education_status,
  count(*) cnt1,
  cd_purchase_estimate,
  count(*) cnt2,
  cd_credit_rating,
  count(*) cnt3
 from
  customer c,customer_address ca,customer_demographics
 where
  c.c_current_addr_sk = ca.ca_address_sk and
  ca_state in ('MO','TX','SD') and
  cd_demo_sk = c.c_current_cdemo_sk and 
  exists (select *
          from store_sales,date_dim
          where c.c_customer_sk = ss_customer_sk and
                ss_sold_date_sk = d_date_sk and
                d_year = 1999 and
                d_moy between 4 and 4+2) and
   (not exists (select *
            from web_sales,date_dim
            where c.c_customer_sk = ws_bill_customer_sk and
                  ws_sold_date_sk = d_date_sk and
                  d_year = 1999 and
                  d_moy between 4 and 4+2) and
    not exists (select * 
            from catalog_sales,date_dim
            where c.c_customer_sk = cs_ship_customer_sk and
                  cs_sold_date_sk = d_date_sk and
                  d_year = 1999 and
                  d_moy between 4 and 4+2))
 group by cd_gender,
          cd_marital_status,
          cd_education_status,
          cd_purchase_estimate,
          cd_credit_rating
 order by cd_gender,
          cd_marital_status,
          cd_education_status,
          cd_purchase_estimate,
          cd_credit_rating
 limit 100;
psql:/tmp/s1-basline/throughput/query_5.sql:1608: NOTICE:  duration: 121.593 ms  plan:
Query Text: select  
  cd_gender,
  cd_marital_status,
  cd_education_status,
  count(*) cnt1,
  cd_purchase_estimate,
  count(*) cnt2,
  cd_credit_rating,
  count(*) cnt3
 from
  customer c,customer_address ca,customer_demographics
 where
  c.c_current_addr_sk = ca.ca_address_sk and
  ca_state in ('MO','TX','SD') and
  cd_demo_sk = c.c_current_cdemo_sk and 
  exists (select *
          from store_sales,date_dim
          where c.c_customer_sk = ss_customer_sk and
                ss_sold_date_sk = d_date_sk and
                d_year = 1999 and
                d_moy between 4 and 4+2) and
   (not exists (select *
            from web_sales,date_dim
            where c.c_customer_sk = ws_bill_customer_sk and
                  ws_sold_date_sk = d_date_sk and
                  d_year = 1999 and
                  d_moy between 4 and 4+2) and
    not exists (select * 
            from catalog_sales,date_dim
            where c.c_customer_sk = cs_ship_customer_sk and
                  cs_sold_date_sk = d_date_sk and
                  d_year = 1999 and
                  d_moy between 4 and 4+2))
 group by cd_gender,
          cd_marital_status,
          cd_education_status,
          cd_purchase_estimate,
          cd_credit_rating
 order by cd_gender,
          cd_marital_status,
          cd_education_status,
          cd_purchase_estimate,
          cd_credit_rating
 limit 100;
Limit  (cost=122230.21..122232.96 rows=100 width=64) (actual time=121.477..121.539 rows=100 loops=1)
  ->  GroupAggregate  (cost=122230.21..122241.43 rows=408 width=64) (actual time=121.476..121.532 rows=100 loops=1)
        Group Key: customer_demographics.cd_gender, customer_demographics.cd_marital_status, customer_demographics.cd_education_status, customer_demographics.cd_purchase_estimate, customer_demographics.cd_credit_rating
        ->  Sort  (cost=122230.21..122231.23 rows=408 width=40) (actual time=121.469..121.479 rows=107 loops=1)
              Sort Key: customer_demographics.cd_gender, customer_demographics.cd_marital_status, customer_demographics.cd_education_status, customer_demographics.cd_purchase_estimate, customer_demographics.cd_credit_rating
              Sort Method: quicksort  Memory: 97kB
              ->  Hash Anti Join  (cost=119519.48..122212.52 rows=408 width=40) (actual time=89.467..119.990 rows=841 loops=1)
                    Hash Cond: (c.c_customer_sk = catalog_sales.cs_ship_customer_sk)
                    ->  Nested Loop  (cost=111839.34..114527.14 rows=415 width=48) (actual time=64.196..94.561 rows=883 loops=1)
                          ->  Hash Anti Join  (cost=111838.92..114210.06 rows=430 width=16) (actual time=64.185..91.120 rows=914 loops=1)
                                Hash Cond: (c.c_customer_sk = web_sales.ws_bill_customer_sk)
                                ->  Nested Loop  (cost=84460.42..86826.08 rows=434 width=16) (actual time=45.245..71.925 rows=925 loops=1)
                                      ->  Nested Loop  (cost=84460.13..85769.94 rows=3247 width=24) (actual time=45.225..59.373 rows=6749 loops=1)
                                            ->  HashAggregate  (cost=84459.84..84493.86 rows=3402 width=8) (actual time=45.215..46.363 rows=6750 loops=1)
                                                  Group Key: store_sales.ss_customer_sk
                                                  Batches: 1  Memory Usage: 913kB
                                                  ->  Nested Loop  (cost=0.43..84451.33 rows=3402 width=8) (actual time=4.268..35.026 rows=79807 loops=1)
                                                        ->  Seq Scan on date_dim  (cost=0.00..2683.36 rows=90 width=8) (actual time=4.259..8.848 rows=91 loops=1)
                                                              Filter: ((d_moy >= 4) AND (d_moy <= 6) AND (d_year = 1999))
                                                              Rows Removed by Filter: 72958
                                                        ->  Index Scan using i_ss_sold_date_sk on store_sales  (cost=0.43..893.38 rows=1515 width=16) (actual time=0.005..0.203 rows=877 loops=91)
                                                              Index Cond: (ss_sold_date_sk = date_dim.d_date_sk)
                                            ->  Index Scan using pk_customer on customer c  (cost=0.29..0.38 rows=1 width=24) (actual time=0.002..0.002 rows=1 loops=6750)
                                                  Index Cond: (c_customer_sk = store_sales.ss_customer_sk)
                                      ->  Index Scan using pk_customer_address on customer_address ca  (cost=0.29..0.33 rows=1 width=8) (actual time=0.002..0.002 rows=0 loops=6749)
                                            Index Cond: (ca_address_sk = c.c_current_addr_sk)
                                            Filter: (ca_state = ANY ('{MO,TX,SD}'::bpchar[]))
                                            Rows Removed by Filter: 1
                                ->  Hash  (cost=27367.37..27367.37 rows=890 width=8) (actual time=18.932..18.933 rows=20915 loops=1)
                                      Buckets: 32768 (originally 1024)  Batches: 1 (originally 1)  Memory Usage: 1073kB
                                      ->  Nested Loop  (cost=0.42..27367.37 rows=890 width=8) (actual time=4.495..16.624 rows=20921 loops=1)
                                            ->  Seq Scan on date_dim date_dim_1  (cost=0.00..2683.36 rows=90 width=8) (actual time=4.485..9.073 rows=91 loops=1)
                                                  Filter: ((d_moy >= 4) AND (d_moy <= 6) AND (d_year = 1999))
                                                  Rows Removed by Filter: 72958
                                            ->  Index Scan using i_ws_sold_date_sk on web_sales  (cost=0.42..270.30 rows=397 width=16) (actual time=0.003..0.058 rows=230 loops=91)
                                                  Index Cond: (ws_sold_date_sk = date_dim_1.d_date_sk)
                          ->  Index Scan using pk_customer_demographics on customer_demographics  (cost=0.43..0.74 rows=1 width=48) (actual time=0.003..0.003 rows=1 loops=914)
                                Index Cond: (cd_demo_sk = c.c_current_cdemo_sk)
                    ->  Hash  (cost=7658.01..7658.01 rows=1770 width=8) (actual time=25.263..25.265 rows=41126 loops=1)
                          Buckets: 65536 (originally 2048)  Batches: 1 (originally 1)  Memory Usage: 2119kB
                          ->  Nested Loop  (cost=0.43..7658.01 rows=1770 width=8) (actual time=4.178..20.715 rows=41226 loops=1)
                                ->  Seq Scan on date_dim date_dim_2  (cost=0.00..2683.36 rows=90 width=8) (actual time=4.166..8.904 rows=91 loops=1)
                                      Filter: ((d_moy >= 4) AND (d_moy <= 6) AND (d_year = 1999))
                                      Rows Removed by Filter: 72958
                                ->  Index Scan using i_cs_sold_date_sk on catalog_sales  (cost=0.43..47.42 rows=785 width=16) (actual time=0.003..0.074 rows=453 loops=91)
                                      Index Cond: (cs_sold_date_sk = date_dim_2.d_date_sk)
 cd_gender | cd_marital_status | cd_education_status  | cnt1 | cd_purchase_estimate | cnt2 | cd_credit_rating | cnt3 
-----------+-------------------+----------------------+------+----------------------+------+------------------+------
 F         | D                 | 2 yr Degree          |    1 |                 1000 |    1 | Unknown          |    1
 F         | D                 | 2 yr Degree          |    1 |                 3500 |    1 | Low Risk         |    1
 F         | D                 | 2 yr Degree          |    1 |                 4000 |    1 | Low Risk         |    1
 F         | D                 | 2 yr Degree          |    1 |                 5500 |    1 | Unknown          |    1
 F         | D                 | 2 yr Degree          |    1 |                 6500 |    1 | Good             |    1
 F         | D                 | 2 yr Degree          |    1 |                 6500 |    1 | Low Risk         |    1
 F         | D                 | 2 yr Degree          |    1 |                 7500 |    1 | Good             |    1
 F         | D                 | 2 yr Degree          |    1 |                 7500 |    1 | High Risk        |    1
 F         | D                 | 2 yr Degree          |    1 |                 8000 |    1 | High Risk        |    1
 F         | D                 | 2 yr Degree          |    1 |                 8500 |    1 | Good             |    1
 F         | D                 | 2 yr Degree          |    1 |                 8500 |    1 | Low Risk         |    1
 F         | D                 | 2 yr Degree          |    1 |                 9500 |    1 | Low Risk         |    1
 F         | D                 | 2 yr Degree          |    1 |                 9500 |    1 | Unknown          |    1
 F         | D                 | 2 yr Degree          |    1 |                10000 |    1 | Low Risk         |    1
 F         | D                 | 4 yr Degree          |    1 |                  500 |    1 | Unknown          |    1
 F         | D                 | 4 yr Degree          |    1 |                 1000 |    1 | Low Risk         |    1
 F         | D                 | 4 yr Degree          |    1 |                 1000 |    1 | Unknown          |    1
 F         | D                 | 4 yr Degree          |    1 |                 1500 |    1 | High Risk        |    1
 F         | D                 | 4 yr Degree          |    1 |                 1500 |    1 | Unknown          |    1
 F         | D                 | 4 yr Degree          |    1 |                 4500 |    1 | High Risk        |    1
 F         | D                 | 4 yr Degree          |    1 |                 4500 |    1 | Low Risk         |    1
 F         | D                 | 4 yr Degree          |    1 |                 4500 |    1 | Unknown          |    1
 F         | D                 | 4 yr Degree          |    1 |                 5500 |    1 | Low Risk         |    1
 F         | D                 | 4 yr Degree          |    2 |                 7000 |    2 | Low Risk         |    2
 F         | D                 | 4 yr Degree          |    1 |                 7500 |    1 | High Risk        |    1
 F         | D                 | 4 yr Degree          |    1 |                 7500 |    1 | Low Risk         |    1
 F         | D                 | 4 yr Degree          |    1 |                 8500 |    1 | Unknown          |    1
 F         | D                 | Advanced Degree      |    1 |                 3000 |    1 | High Risk        |    1
 F         | D                 | Advanced Degree      |    1 |                 4000 |    1 | Good             |    1
 F         | D                 | Advanced Degree      |    1 |                 5000 |    1 | Good             |    1
 F         | D                 | Advanced Degree      |    1 |                 5500 |    1 | High Risk        |    1
 F         | D                 | Advanced Degree      |    1 |                 7000 |    1 | Low Risk         |    1
 F         | D                 | Advanced Degree      |    1 |                 8500 |    1 | Good             |    1
 F         | D                 | Advanced Degree      |    2 |                 8500 |    2 | Unknown          |    2
 F         | D                 | Advanced Degree      |    1 |                 9500 |    1 | Unknown          |    1
 F         | D                 | Advanced Degree      |    2 |                10000 |    2 | Good             |    2
 F         | D                 | Advanced Degree      |    1 |                10000 |    1 | High Risk        |    1
 F         | D                 | College              |    1 |                 1000 |    1 | High Risk        |    1
 F         | D                 | College              |    1 |                 1500 |    1 | Low Risk         |    1
 F         | D                 | College              |    1 |                 2000 |    1 | High Risk        |    1
 F         | D                 | College              |    1 |                 2000 |    1 | Low Risk         |    1
 F         | D                 | College              |    1 |                 3000 |    1 | Low Risk         |    1
 F         | D                 | College              |    1 |                 3500 |    1 | Unknown          |    1
 F         | D                 | College              |    1 |                 4500 |    1 | Low Risk         |    1
 F         | D                 | College              |    1 |                 5000 |    1 | High Risk        |    1
 F         | D                 | College              |    1 |                 5000 |    1 | Low Risk         |    1
 F         | D                 | College              |    1 |                 5000 |    1 | Unknown          |    1
 F         | D                 | College              |    1 |                 7000 |    1 | Good             |    1
 F         | D                 | College              |    1 |                 7000 |    1 | Unknown          |    1
 F         | D                 | College              |    1 |                 8000 |    1 | Good             |    1
 F         | D                 | College              |    1 |                 8500 |    1 | High Risk        |    1
 F         | D                 | College              |    1 |                 9500 |    1 | Unknown          |    1
 F         | D                 | College              |    1 |                10000 |    1 | Unknown          |    1
 F         | D                 | Primary              |    1 |                 1500 |    1 | Good             |    1
 F         | D                 | Primary              |    1 |                 2000 |    1 | Low Risk         |    1
 F         | D                 | Primary              |    1 |                 2500 |    1 | Good             |    1
 F         | D                 | Primary              |    1 |                 4500 |    1 | Low Risk         |    1
 F         | D                 | Primary              |    1 |                 5000 |    1 | High Risk        |    1
 F         | D                 | Primary              |    1 |                 5000 |    1 | Low Risk         |    1
 F         | D                 | Primary              |    1 |                 5500 |    1 | Good             |    1
 F         | D                 | Primary              |    1 |                 6000 |    1 | High Risk        |    1
 F         | D                 | Primary              |    1 |                 6500 |    1 | Unknown          |    1
 F         | D                 | Primary              |    1 |                 7000 |    1 | High Risk        |    1
 F         | D                 | Primary              |    1 |                 9500 |    1 | Unknown          |    1
 F         | D                 | Secondary            |    1 |                  500 |    1 | Good             |    1
 F         | D                 | Secondary            |    1 |                 1000 |    1 | High Risk        |    1
 F         | D                 | Secondary            |    1 |                 1500 |    1 | High Risk        |    1
 F         | D                 | Secondary            |    1 |                 2000 |    1 | Low Risk         |    1
 F         | D                 | Secondary            |    1 |                 2000 |    1 | Unknown          |    1
 F         | D                 | Secondary            |    1 |                 2500 |    1 | Low Risk         |    1
 F         | D                 | Secondary            |    1 |                 4000 |    1 | Good             |    1
 F         | D                 | Secondary            |    2 |                 4500 |    2 | Low Risk         |    2
 F         | D                 | Secondary            |    1 |                 5000 |    1 | High Risk        |    1
 F         | D                 | Secondary            |    1 |                 5500 |    1 | Unknown          |    1
 F         | D                 | Secondary            |    1 |                 6500 |    1 | Low Risk         |    1
 F         | D                 | Secondary            |    1 |                 7500 |    1 | Low Risk         |    1
 F         | D                 | Secondary            |    1 |                 8000 |    1 | High Risk        |    1
 F         | D                 | Secondary            |    1 |                 9000 |    1 | Good             |    1
 F         | D                 | Unknown              |    2 |                  500 |    2 | Low Risk         |    2
 F         | D                 | Unknown              |    1 |                 2500 |    1 | Good             |    1
 F         | D                 | Unknown              |    1 |                 3500 |    1 | Good             |    1
 F         | D                 | Unknown              |    1 |                 3500 |    1 | High Risk        |    1
 F         | D                 | Unknown              |    1 |                 8500 |    1 | Low Risk         |    1
 F         | D                 | Unknown              |    1 |                 9000 |    1 | Low Risk         |    1
 F         | D                 | Unknown              |    1 |                10000 |    1 | Low Risk         |    1
 F         | M                 | 2 yr Degree          |    1 |                 3500 |    1 | High Risk        |    1
 F         | M                 | 2 yr Degree          |    1 |                 3500 |    1 | Unknown          |    1
 F         | M                 | 2 yr Degree          |    2 |                 4500 |    2 | Good             |    2
 F         | M                 | 2 yr Degree          |    1 |                 4500 |    1 | Low Risk         |    1
 F         | M                 | 2 yr Degree          |    1 |                 6000 |    1 | Low Risk         |    1
 F         | M                 | 2 yr Degree          |    1 |                 7000 |    1 | High Risk        |    1
 F         | M                 | 2 yr Degree          |    1 |                 7000 |    1 | Unknown          |    1
 F         | M                 | 2 yr Degree          |    1 |                 8000 |    1 | High Risk        |    1
 F         | M                 | 2 yr Degree          |    1 |                 9500 |    1 | Low Risk         |    1
 F         | M                 | 2 yr Degree          |    1 |                 9500 |    1 | Unknown          |    1
 F         | M                 | 2 yr Degree          |    1 |                10000 |    1 | Good             |    1
 F         | M                 | 2 yr Degree          |    1 |                10000 |    1 | Low Risk         |    1
 F         | M                 | 4 yr Degree          |    1 |                  500 |    1 | High Risk        |    1
 F         | M                 | 4 yr Degree          |    1 |                  500 |    1 | Unknown          |    1
 F         | M                 | 4 yr Degree          |    1 |                 1000 |    1 | Good             |    1
(100 rows)

UPDATE time_statistics SET e_time = TRANSACTION_TIMESTAMP() WHERE template = 'query69.tpl' AND stream = 5;
psql:/tmp/s1-basline/throughput/query_5.sql:1610: NOTICE:  duration: 0.092 ms  plan:
Query Text: UPDATE time_statistics SET e_time = TRANSACTION_TIMESTAMP() WHERE template = 'query69.tpl' AND stream = 5;
Update on time_statistics  (cost=0.00..15.87 rows=0 width=0) (actual time=0.091..0.091 rows=0 loops=1)
  ->  Seq Scan on time_statistics  (cost=0.00..15.87 rows=1 width=14) (actual time=0.070..0.076 rows=1 loops=1)
        Filter: ((template = 'query69.tpl'::text) AND (stream = 5))
        Rows Removed by Filter: 579
UPDATE 1
LOAD 'auto_explain'; SET auto_explain.log_min_duration TO 0; SET auto_explain.log_analyze TO on; SET auto_explain.log_level TO notice; INSERT INTO time_statistics (template, s_time, stream, query, seed) VALUES ('query54.tpl', TRANSACTION_TIMESTAMP(), 5, 29, 1866241223);
LOAD
SET
SET
SET
psql:/tmp/s1-basline/throughput/query_5.sql:1611: NOTICE:  duration: 0.009 ms  plan:
Query Text: INSERT INTO time_statistics (template, s_time, stream, query, seed) VALUES ('query54.tpl', TRANSACTION_TIMESTAMP(), 5, 29, 1866241223);
Insert on time_statistics  (cost=0.00..0.01 rows=0 width=0) (actual time=0.008..0.009 rows=0 loops=1)
  ->  Result  (cost=0.00..0.01 rows=1 width=64) (actual time=0.002..0.002 rows=1 loops=1)
INSERT 0 1
with my_customers as (
 select distinct c_customer_sk
        , c_current_addr_sk
 from   
        ( select cs_sold_date_sk sold_date_sk,
                 cs_bill_customer_sk customer_sk,
                 cs_item_sk item_sk
          from   catalog_sales
          union all
          select ws_sold_date_sk sold_date_sk,
                 ws_bill_customer_sk customer_sk,
                 ws_item_sk item_sk
          from   web_sales
         ) cs_or_ws_sales,
         item,
         date_dim,
         customer
 where   sold_date_sk = d_date_sk
         and item_sk = i_item_sk
         and i_category = 'Electronics'
         and i_class = 'portable'
         and c_customer_sk = cs_or_ws_sales.customer_sk
         and d_moy = 4
         and d_year = 2001
 )
 , my_revenue as (
 select c_customer_sk,
        sum(ss_ext_sales_price) as revenue
 from   my_customers,
        store_sales,
        customer_address,
        store,
        date_dim
 where  c_current_addr_sk = ca_address_sk
        and ca_county = s_county
        and ca_state = s_state
        and ss_sold_date_sk = d_date_sk
        and c_customer_sk = ss_customer_sk
        and d_month_seq between (select distinct d_month_seq+1
                                 from   date_dim where d_year = 2001 and d_moy = 4)
                           and  (select distinct d_month_seq+3
                                 from   date_dim where d_year = 2001 and d_moy = 4)
 group by c_customer_sk
 )
 , segments as
 (select cast((revenue/50) as int) as segment
  from   my_revenue
 )
  select  segment, count(*) as num_customers, segment*50 as segment_base
 from segments
 group by segment
 order by segment, num_customers
 limit 100;
psql:/tmp/s1-basline/throughput/query_5.sql:1664: NOTICE:  duration: 180.755 ms  plan:
Query Text: with my_customers as (
 select distinct c_customer_sk
        , c_current_addr_sk
 from   
        ( select cs_sold_date_sk sold_date_sk,
                 cs_bill_customer_sk customer_sk,
                 cs_item_sk item_sk
          from   catalog_sales
          union all
          select ws_sold_date_sk sold_date_sk,
                 ws_bill_customer_sk customer_sk,
                 ws_item_sk item_sk
          from   web_sales
         ) cs_or_ws_sales,
         item,
         date_dim,
         customer
 where   sold_date_sk = d_date_sk
         and item_sk = i_item_sk
         and i_category = 'Electronics'
         and i_class = 'portable'
         and c_customer_sk = cs_or_ws_sales.customer_sk
         and d_moy = 4
         and d_year = 2001
 )
 , my_revenue as (
 select c_customer_sk,
        sum(ss_ext_sales_price) as revenue
 from   my_customers,
        store_sales,
        customer_address,
        store,
        date_dim
 where  c_current_addr_sk = ca_address_sk
        and ca_county = s_county
        and ca_state = s_state
        and ss_sold_date_sk = d_date_sk
        and c_customer_sk = ss_customer_sk
        and d_month_seq between (select distinct d_month_seq+1
                                 from   date_dim where d_year = 2001 and d_moy = 4)
                           and  (select distinct d_month_seq+3
                                 from   date_dim where d_year = 2001 and d_moy = 4)
 group by c_customer_sk
 )
 , segments as
 (select cast((revenue/50) as int) as segment
  from   my_revenue
 )
  select  segment, count(*) as num_customers, segment*50 as segment_base
 from segments
 group by segment
 order by segment, num_customers
 limit 100;
Limit  (cost=99633.56..99633.56 rows=1 width=16) (actual time=126.631..180.752 rows=0 loops=1)
  ->  Sort  (cost=99633.56..99633.56 rows=1 width=16) (actual time=126.630..180.751 rows=0 loops=1)
        Sort Key: (((my_revenue.revenue / '50'::double precision))::integer), (count(*))
        Sort Method: quicksort  Memory: 25kB
        ->  GroupAggregate  (cost=99633.51..99633.55 rows=1 width=16) (actual time=126.627..180.748 rows=0 loops=1)
              Group Key: (((my_revenue.revenue / '50'::double precision))::integer)
              ->  Sort  (cost=99633.51..99633.52 rows=1 width=12) (actual time=126.627..180.747 rows=0 loops=1)
                    Sort Key: (((my_revenue.revenue / '50'::double precision))::integer)
                    Sort Method: quicksort  Memory: 25kB
                    ->  Subquery Scan on my_revenue  (cost=99633.47..99633.50 rows=1 width=12) (actual time=126.626..180.746 rows=0 loops=1)
                          ->  GroupAggregate  (cost=99633.47..99633.49 rows=1 width=16) (actual time=126.625..180.745 rows=0 loops=1)
                                Group Key: customer.c_customer_sk
                                InitPlan 1 (returns $0)
                                  ->  Unique  (cost=2501.55..2501.70 rows=30 width=4) (never executed)
                                        ->  Sort  (cost=2501.55..2501.62 rows=30 width=4) (never executed)
                                              Sort Key: ((date_dim_2.d_month_seq + 1))
                                              ->  Seq Scan on date_dim date_dim_2  (cost=0.00..2500.81 rows=30 width=4) (never executed)
                                                    Filter: ((d_year = 2001) AND (d_moy = 4))
                                InitPlan 2 (returns $1)
                                  ->  Unique  (cost=2501.55..2501.70 rows=30 width=4) (never executed)
                                        ->  Sort  (cost=2501.55..2501.62 rows=30 width=4) (never executed)
                                              Sort Key: ((date_dim_3.d_month_seq + 3))
                                              ->  Seq Scan on date_dim date_dim_3  (cost=0.00..2500.81 rows=30 width=4) (never executed)
                                                    Filter: ((d_year = 2001) AND (d_moy = 4))
                                ->  Sort  (cost=94630.08..94630.08 rows=1 width=16) (actual time=126.624..180.742 rows=0 loops=1)
                                      Sort Key: customer.c_customer_sk
                                      Sort Method: quicksort  Memory: 25kB
                                      ->  Nested Loop  (cost=4613.62..94630.07 rows=1 width=16) (actual time=126.623..180.740 rows=0 loops=1)
                                            ->  Gather  (cost=4613.33..94629.75 rows=1 width=24) (actual time=126.623..180.740 rows=0 loops=1)
                                                  Workers Planned: 2
                                                  Workers Launched: 2
                                                  ->  Hash Join  (cost=3613.33..93629.65 rows=1 width=24) (actual time=93.698..93.702 rows=0 loops=3)
                                                        Hash Cond: (store_sales.ss_customer_sk = customer.c_customer_sk)
                                                        ->  Parallel Seq Scan on store_sales  (cost=0.00..85499.45 rows=1204445 width=24) (actual time=0.015..0.015 rows=1 loops=3)
                                                        ->  Hash  (cost=3613.31..3613.31 rows=1 width=8) (actual time=93.600..93.603 rows=0 loops=3)
                                                              Buckets: 1024  Batches: 1  Memory Usage: 8kB
                                                              ->  Nested Loop  (cost=3609.78..3613.31 rows=1 width=8) (actual time=93.600..93.602 rows=0 loops=3)
                                                                    Join Filter: (((customer_address.ca_county)::text = (store.s_county)::text) AND (customer_address.ca_state = store.s_state))
                                                                    Rows Removed by Join Filter: 1440
                                                                    ->  Nested Loop  (cost=3609.78..3612.01 rows=1 width=25) (actual time=92.298..93.104 rows=120 loops=3)
                                                                          ->  Unique  (cost=3609.49..3609.50 rows=1 width=16) (actual time=92.258..92.284 rows=120 loops=3)
                                                                                ->  Sort  (cost=3609.49..3609.49 rows=1 width=16) (actual time=92.256..92.265 rows=128 loops=3)
                                                                                      Sort Key: customer.c_customer_sk, customer.c_current_addr_sk
                                                                                      Sort Method: quicksort  Memory: 32kB
                                                                                      Worker 0:  Sort Method: quicksort  Memory: 32kB
                                                                                      Worker 1:  Sort Method: quicksort  Memory: 32kB
                                                                                      ->  Nested Loop  (cost=1.01..3609.48 rows=1 width=16) (actual time=3.839..92.202 rows=128 loops=3)
                                                                                            ->  Nested Loop  (cost=0.72..3609.16 rows=1 width=8) (actual time=3.796..91.186 rows=129 loops=3)
                                                                                                  ->  Nested Loop  (cost=0.43..3190.72 rows=1325 width=16) (actual time=0.291..70.744 rows=12529 loops=3)
                                                                                                        ->  Seq Scan on item  (cost=0.00..1526.00 rows=11 width=8) (actual time=0.216..11.766 rows=107 loops=3)
                                                                                                              Filter: ((i_category = 'Electronics'::bpchar) AND (i_class = 'portable'::bpchar))
                                                                                                              Rows Removed by Filter: 17893
                                                                                                        ->  Append  (cost=0.43..150.02 rows=132 width=24) (actual time=0.016..0.541 rows=117 loops=321)
                                                                                                              ->  Index Scan using pk_catalog_sales on catalog_sales  (cost=0.43..99.06 rows=88 width=24) (actual time=0.015..0.355 rows=77 loops=321)
                                                                                                                    Index Cond: (cs_item_sk = item.i_item_sk)
                                                                                                              ->  Index Scan using pk_web_sales on web_sales  (cost=0.42..50.29 rows=44 width=24) (actual time=0.013..0.177 rows=40 loops=321)
                                                                                                                    Index Cond: (ws_item_sk = item.i_item_sk)
                                                                                                  ->  Index Scan using pk_date_dim on date_dim date_dim_1  (cost=0.29..0.32 rows=1 width=8) (actual time=0.001..0.001 rows=0 loops=37587)
                                                                                                        Index Cond: (d_date_sk = catalog_sales.cs_sold_date_sk)
                                                                                                        Filter: ((d_moy = 4) AND (d_year = 2001))
                                                                                                        Rows Removed by Filter: 1
                                                                                            ->  Index Scan using pk_customer on customer  (cost=0.29..0.31 rows=1 width=16) (actual time=0.007..0.007 rows=1 loops=387)
                                                                                                  Index Cond: (c_customer_sk = catalog_sales.cs_bill_customer_sk)
                                                                          ->  Index Scan using pk_customer_address on customer_address  (cost=0.29..2.51 rows=1 width=25) (actual time=0.006..0.006 rows=1 loops=360)
                                                                                Index Cond: (ca_address_sk = customer.c_current_addr_sk)
                                                                    ->  Seq Scan on store  (cost=0.00..1.12 rows=12 width=21) (actual time=0.001..0.001 rows=12 loops=360)
                                            ->  Index Scan using pk_date_dim on date_dim  (cost=0.29..0.32 rows=1 width=8) (never executed)
                                                  Index Cond: (d_date_sk = store_sales.ss_sold_date_sk)
                                                  Filter: ((d_month_seq >= $0) AND (d_month_seq <= $1))
 segment | num_customers | segment_base 
---------+---------------+--------------
(0 rows)

UPDATE time_statistics SET e_time = TRANSACTION_TIMESTAMP() WHERE template = 'query54.tpl' AND stream = 5;
psql:/tmp/s1-basline/throughput/query_5.sql:1666: NOTICE:  duration: 0.091 ms  plan:
Query Text: UPDATE time_statistics SET e_time = TRANSACTION_TIMESTAMP() WHERE template = 'query54.tpl' AND stream = 5;
Update on time_statistics  (cost=0.00..16.72 rows=0 width=0) (actual time=0.090..0.090 rows=0 loops=1)
  ->  Seq Scan on time_statistics  (cost=0.00..16.72 rows=1 width=14) (actual time=0.066..0.072 rows=1 loops=1)
        Filter: ((template = 'query54.tpl'::text) AND (stream = 5))
        Rows Removed by Filter: 580
UPDATE 1
LOAD 'auto_explain'; SET auto_explain.log_min_duration TO 0; SET auto_explain.log_analyze TO on; SET auto_explain.log_level TO notice; INSERT INTO time_statistics (template, s_time, stream, query, seed) VALUES ('../query_postgresql/query92.tpl', TRANSACTION_TIMESTAMP(), 5, 30, 1285414679);
LOAD
SET
SET
SET
psql:/tmp/s1-basline/throughput/query_5.sql:1667: NOTICE:  duration: 0.020 ms  plan:
Query Text: INSERT INTO time_statistics (template, s_time, stream, query, seed) VALUES ('../query_postgresql/query92.tpl', TRANSACTION_TIMESTAMP(), 5, 30, 1285414679);
Insert on time_statistics  (cost=0.00..0.01 rows=0 width=0) (actual time=0.019..0.020 rows=0 loops=1)
  ->  Result  (cost=0.00..0.01 rows=1 width=64) (actual time=0.001..0.001 rows=1 loops=1)
INSERT 0 1
select  
   sum(ws_ext_discount_amt)  as "Excess Discount Amount" 
from 
    web_sales 
   ,item 
   ,date_dim
where
i_manufact_id = 680
and i_item_sk = ws_item_sk 
and d_date between '1999-01-31' and 
        (cast('1999-01-31' as date) + interval '90 days')
and d_date_sk = ws_sold_date_sk 
and ws_ext_discount_amt  
     > ( 
         SELECT 
            1.3 * avg(ws_ext_discount_amt) 
         FROM 
            web_sales 
           ,date_dim
         WHERE 
              ws_item_sk = i_item_sk 
          and d_date between '1999-01-31' and
                             (cast('1999-01-31' as date) + interval '90 days')
          and d_date_sk = ws_sold_date_sk 
      ) 
order by sum(ws_ext_discount_amt)
limit 100;
psql:/tmp/s1-basline/throughput/query_5.sql:1694: NOTICE:  duration: 18.940 ms  plan:
Query Text: select  
   sum(ws_ext_discount_amt)  as "Excess Discount Amount" 
from 
    web_sales 
   ,item 
   ,date_dim
where
i_manufact_id = 680
and i_item_sk = ws_item_sk 
and d_date between '1999-01-31' and 
        (cast('1999-01-31' as date) + interval '90 days')
and d_date_sk = ws_sold_date_sk 
and ws_ext_discount_amt  
     > ( 
         SELECT 
            1.3 * avg(ws_ext_discount_amt) 
         FROM 
            web_sales 
           ,date_dim
         WHERE 
              ws_item_sk = i_item_sk 
          and d_date between '1999-01-31' and
                             (cast('1999-01-31' as date) + interval '90 days')
          and d_date_sk = ws_sold_date_sk 
      ) 
order by sum(ws_ext_discount_amt)
limit 100;
Limit  (cost=26172.87..26172.87 rows=1 width=8) (actual time=18.935..18.937 rows=1 loops=1)
  ->  Sort  (cost=26172.87..26172.87 rows=1 width=8) (actual time=18.934..18.936 rows=1 loops=1)
        Sort Key: (sum(web_sales.ws_ext_discount_amt))
        Sort Method: quicksort  Memory: 25kB
        ->  Aggregate  (cost=26172.85..26172.86 rows=1 width=8) (actual time=18.930..18.932 rows=1 loops=1)
              ->  Hash Join  (cost=1481.92..26172.84 rows=1 width=8) (actual time=18.929..18.931 rows=0 loops=1)
                    Hash Cond: (web_sales.ws_item_sk = item.i_item_sk)
                    Join Filter: (web_sales.ws_ext_discount_amt > (SubPlan 1))
                    Rows Removed by Join Filter: 1
                    ->  Nested Loop  (cost=0.72..24689.31 rows=890 width=16) (actual time=0.017..10.371 rows=21488 loops=1)
                          ->  Index Scan using i_d_date on date_dim  (cost=0.29..5.29 rows=90 width=8) (actual time=0.009..0.021 rows=91 loops=1)
                                Index Cond: ((d_date >= '1999-01-31'::date) AND (d_date <= '1999-05-01 00:00:00'::timestamp without time zone))
                          ->  Index Scan using i_ws_sold_date_sk on web_sales  (cost=0.42..270.30 rows=397 width=24) (actual time=0.003..0.060 rows=236 loops=91)
                                Index Cond: (ws_sold_date_sk = date_dim.d_date_sk)
                    ->  Hash  (cost=1481.00..1481.00 rows=16 width=8) (actual time=7.145..7.145 rows=3 loops=1)
                          Buckets: 1024  Batches: 1  Memory Usage: 9kB
                          ->  Seq Scan on item  (cost=0.00..1481.00 rows=16 width=8) (actual time=1.391..7.143 rows=3 loops=1)
                                Filter: (i_manufact_id = 680)
                                Rows Removed by Filter: 17997
                    SubPlan 1
                      ->  Aggregate  (cost=57.23..57.24 rows=1 width=8) (actual time=0.081..0.082 rows=1 loops=1)
                            ->  Hash Join  (cost=6.84..57.23 rows=1 width=8) (actual time=0.071..0.079 rows=1 loops=1)
                                  Hash Cond: (web_sales_1.ws_sold_date_sk = date_dim_1.d_date_sk)
                                  ->  Index Scan using pk_web_sales on web_sales web_sales_1  (cost=0.42..50.69 rows=44 width=16) (actual time=0.007..0.043 rows=35 loops=1)
                                        Index Cond: (ws_item_sk = item.i_item_sk)
                                  ->  Hash  (cost=5.29..5.29 rows=90 width=8) (actual time=0.030..0.030 rows=91 loops=1)
                                        Buckets: 1024  Batches: 1  Memory Usage: 12kB
                                        ->  Index Scan using i_d_date on date_dim date_dim_1  (cost=0.29..5.29 rows=90 width=8) (actual time=0.005..0.019 rows=91 loops=1)
                                              Index Cond: ((d_date >= '1999-01-31'::date) AND (d_date <= '1999-05-01 00:00:00'::timestamp without time zone))
 Excess Discount Amount 
------------------------
                       
(1 row)

UPDATE time_statistics SET e_time = TRANSACTION_TIMESTAMP() WHERE template = '../query_postgresql/query92.tpl' AND stream = 5;
psql:/tmp/s1-basline/throughput/query_5.sql:1696: NOTICE:  duration: 0.082 ms  plan:
Query Text: UPDATE time_statistics SET e_time = TRANSACTION_TIMESTAMP() WHERE template = '../query_postgresql/query92.tpl' AND stream = 5;
Update on time_statistics  (cost=0.00..16.72 rows=0 width=0) (actual time=0.081..0.081 rows=0 loops=1)
  ->  Seq Scan on time_statistics  (cost=0.00..16.72 rows=1 width=14) (actual time=0.067..0.067 rows=1 loops=1)
        Filter: ((template = '../query_postgresql/query92.tpl'::text) AND (stream = 5))
        Rows Removed by Filter: 581
UPDATE 1
LOAD 'auto_explain'; SET auto_explain.log_min_duration TO 0; SET auto_explain.log_analyze TO on; SET auto_explain.log_level TO notice; INSERT INTO time_statistics (template, s_time, stream, query, seed) VALUES ('query61.tpl', TRANSACTION_TIMESTAMP(), 5, 31, 214078818);
LOAD
SET
SET
SET
psql:/tmp/s1-basline/throughput/query_5.sql:1697: NOTICE:  duration: 0.008 ms  plan:
Query Text: INSERT INTO time_statistics (template, s_time, stream, query, seed) VALUES ('query61.tpl', TRANSACTION_TIMESTAMP(), 5, 31, 214078818);
Insert on time_statistics  (cost=0.00..0.01 rows=0 width=0) (actual time=0.008..0.008 rows=0 loops=1)
  ->  Result  (cost=0.00..0.01 rows=1 width=64) (actual time=0.001..0.001 rows=1 loops=1)
INSERT 0 1
select  promotions,total,cast(promotions as decimal(15,4))/cast(total as decimal(15,4))*100
from
  (select sum(ss_ext_sales_price) promotions
   from  store_sales
        ,store
        ,promotion
        ,date_dim
        ,customer
        ,customer_address 
        ,item
   where ss_sold_date_sk = d_date_sk
   and   ss_store_sk = s_store_sk
   and   ss_promo_sk = p_promo_sk
   and   ss_customer_sk= c_customer_sk
   and   ca_address_sk = c_current_addr_sk
   and   ss_item_sk = i_item_sk 
   and   ca_gmt_offset = -6
   and   i_category = 'Jewelry'
   and   (p_channel_dmail = 'Y' or p_channel_email = 'Y' or p_channel_tv = 'Y')
   and   s_gmt_offset = -6
   and   d_year = 2001
   and   d_moy  = 12) promotional_sales,
  (select sum(ss_ext_sales_price) total
   from  store_sales
        ,store
        ,date_dim
        ,customer
        ,customer_address
        ,item
   where ss_sold_date_sk = d_date_sk
   and   ss_store_sk = s_store_sk
   and   ss_customer_sk= c_customer_sk
   and   ca_address_sk = c_current_addr_sk
   and   ss_item_sk = i_item_sk
   and   ca_gmt_offset = -6
   and   i_category = 'Jewelry'
   and   s_gmt_offset = -6
   and   d_year = 2001
   and   d_moy  = 12) all_sales
order by promotions, total
limit 100;
psql:/tmp/s1-basline/throughput/query_5.sql:1738: NOTICE:  duration: 0.119 ms  plan:
Query Text: select  promotions,total,cast(promotions as decimal(15,4))/cast(total as decimal(15,4))*100
from
  (select sum(ss_ext_sales_price) promotions
   from  store_sales
        ,store
        ,promotion
        ,date_dim
        ,customer
        ,customer_address 
        ,item
   where ss_sold_date_sk = d_date_sk
   and   ss_store_sk = s_store_sk
   and   ss_promo_sk = p_promo_sk
   and   ss_customer_sk= c_customer_sk
   and   ca_address_sk = c_current_addr_sk
   and   ss_item_sk = i_item_sk 
   and   ca_gmt_offset = -6
   and   i_category = 'Jewelry'
   and   (p_channel_dmail = 'Y' or p_channel_email = 'Y' or p_channel_tv = 'Y')
   and   s_gmt_offset = -6
   and   d_year = 2001
   and   d_moy  = 12) promotional_sales,
  (select sum(ss_ext_sales_price) total
   from  store_sales
        ,store
        ,date_dim
        ,customer
        ,customer_address
        ,item
   where ss_sold_date_sk = d_date_sk
   and   ss_store_sk = s_store_sk
   and   ss_customer_sk= c_customer_sk
   and   ca_address_sk = c_current_addr_sk
   and   ss_item_sk = i_item_sk
   and   ca_gmt_offset = -6
   and   i_category = 'Jewelry'
   and   s_gmt_offset = -6
   and   d_year = 2001
   and   d_moy  = 12) all_sales
order by promotions, total
limit 100;
Limit  (cost=86164.72..86164.72 rows=1 width=48) (actual time=0.115..0.117 rows=1 loops=1)
  ->  Sort  (cost=86164.72..86164.72 rows=1 width=48) (actual time=0.115..0.117 rows=1 loops=1)
        Sort Key: (sum(store_sales.ss_ext_sales_price)), (sum(store_sales_1.ss_ext_sales_price))
        Sort Method: quicksort  Memory: 25kB
        ->  Nested Loop  (cost=86164.64..86164.71 rows=1 width=48) (actual time=0.111..0.113 rows=1 loops=1)
              ->  Aggregate  (cost=43093.00..43093.01 rows=1 width=8) (actual time=0.106..0.107 rows=1 loops=1)
                    ->  Nested Loop  (cost=1.30..43092.99 rows=2 width=8) (actual time=0.105..0.106 rows=0 loops=1)
                          Join Filter: (store_sales.ss_promo_sk = promotion.p_promo_sk)
                          ->  Seq Scan on promotion  (cost=0.00..13.25 rows=135 width=8) (actual time=0.006..0.082 rows=135 loops=1)
                                Filter: ((p_channel_dmail = 'Y'::bpchar) OR (p_channel_email = 'Y'::bpchar) OR (p_channel_tv = 'Y'::bpchar))
                                Rows Removed by Filter: 165
                          ->  Materialize  (cost=1.30..43071.65 rows=4 width=16) (actual time=0.000..0.000 rows=0 loops=135)
                                ->  Nested Loop  (cost=1.30..43071.63 rows=4 width=16) (actual time=0.005..0.006 rows=0 loops=1)
                                      ->  Nested Loop  (cost=1.01..43068.72 rows=9 width=24) (actual time=0.005..0.006 rows=0 loops=1)
                                            ->  Nested Loop  (cost=0.72..43065.92 rows=9 width=24) (actual time=0.005..0.006 rows=0 loops=1)
                                                  ->  Nested Loop  (cost=0.43..43037.27 rows=93 width=32) (actual time=0.005..0.005 rows=0 loops=1)
                                                        Join Filter: (store_sales.ss_store_sk = store.s_store_sk)
                                                        ->  Seq Scan on store  (cost=0.00..1.15 rows=1 width=8) (actual time=0.005..0.005 rows=0 loops=1)
                                                              Filter: (s_gmt_offset = '-6'::double precision)
                                                              Rows Removed by Filter: 12
                                                        ->  Nested Loop  (cost=0.43..43021.47 rows=1172 width=40) (never executed)
                                                              ->  Seq Scan on date_dim  (cost=0.00..2500.73 rows=31 width=8) (never executed)
                                                                    Filter: ((d_year = 2001) AND (d_moy = 12))
                                                              ->  Index Scan using i_ss_sold_date_sk on store_sales  (cost=0.43..1291.97 rows=1515 width=48) (never executed)
                                                                    Index Cond: (ss_sold_date_sk = date_dim.d_date_sk)
                                                  ->  Index Scan using pk_item on item  (cost=0.29..0.31 rows=1 width=8) (never executed)
                                                        Index Cond: (i_item_sk = store_sales.ss_item_sk)
                                                        Filter: (i_category = 'Jewelry'::bpchar)
                                            ->  Index Scan using pk_customer on customer  (cost=0.29..0.31 rows=1 width=16) (never executed)
                                                  Index Cond: (c_customer_sk = store_sales.ss_customer_sk)
                                      ->  Index Scan using pk_customer_address on customer_address  (cost=0.29..0.32 rows=1 width=8) (never executed)
                                            Index Cond: (ca_address_sk = customer.c_current_addr_sk)
                                            Filter: (ca_gmt_offset = '-6'::double precision)
              ->  Aggregate  (cost=43071.64..43071.65 rows=1 width=8) (actual time=0.004..0.005 rows=1 loops=1)
                    ->  Nested Loop  (cost=1.30..43071.63 rows=4 width=8) (actual time=0.004..0.004 rows=0 loops=1)
                          ->  Nested Loop  (cost=1.01..43068.72 rows=9 width=16) (actual time=0.004..0.004 rows=0 loops=1)
                                ->  Nested Loop  (cost=0.72..43065.92 rows=9 width=16) (actual time=0.004..0.004 rows=0 loops=1)
                                      ->  Nested Loop  (cost=0.43..43037.27 rows=93 width=24) (actual time=0.003..0.004 rows=0 loops=1)
                                            Join Filter: (store_sales_1.ss_store_sk = store_1.s_store_sk)
                                            ->  Seq Scan on store store_1  (cost=0.00..1.15 rows=1 width=8) (actual time=0.003..0.003 rows=0 loops=1)
                                                  Filter: (s_gmt_offset = '-6'::double precision)
                                                  Rows Removed by Filter: 12
                                            ->  Nested Loop  (cost=0.43..43021.47 rows=1172 width=32) (never executed)
                                                  ->  Seq Scan on date_dim date_dim_1  (cost=0.00..2500.73 rows=31 width=8) (never executed)
                                                        Filter: ((d_year = 2001) AND (d_moy = 12))
                                                  ->  Index Scan using i_ss_sold_date_sk on store_sales store_sales_1  (cost=0.43..1291.97 rows=1515 width=40) (never executed)
                                                        Index Cond: (ss_sold_date_sk = date_dim_1.d_date_sk)
                                      ->  Index Scan using pk_item on item item_1  (cost=0.29..0.31 rows=1 width=8) (never executed)
                                            Index Cond: (i_item_sk = store_sales_1.ss_item_sk)
                                            Filter: (i_category = 'Jewelry'::bpchar)
                                ->  Index Scan using pk_customer on customer customer_1  (cost=0.29..0.31 rows=1 width=16) (never executed)
                                      Index Cond: (c_customer_sk = store_sales_1.ss_customer_sk)
                          ->  Index Scan using pk_customer_address on customer_address customer_address_1  (cost=0.29..0.32 rows=1 width=8) (never executed)
                                Index Cond: (ca_address_sk = customer_1.c_current_addr_sk)
                                Filter: (ca_gmt_offset = '-6'::double precision)
 promotions | total | ?column? 
------------+-------+----------
            |       |         
(1 row)

UPDATE time_statistics SET e_time = TRANSACTION_TIMESTAMP() WHERE template = 'query61.tpl' AND stream = 5;
psql:/tmp/s1-basline/throughput/query_5.sql:1740: NOTICE:  duration: 0.067 ms  plan:
Query Text: UPDATE time_statistics SET e_time = TRANSACTION_TIMESTAMP() WHERE template = 'query61.tpl' AND stream = 5;
Update on time_statistics  (cost=0.00..16.72 rows=0 width=0) (actual time=0.066..0.066 rows=0 loops=1)
  ->  Seq Scan on time_statistics  (cost=0.00..16.72 rows=1 width=14) (actual time=0.060..0.060 rows=1 loops=1)
        Filter: ((template = 'query61.tpl'::text) AND (stream = 5))
        Rows Removed by Filter: 582
UPDATE 1
LOAD 'auto_explain'; SET auto_explain.log_min_duration TO 0; SET auto_explain.log_analyze TO on; SET auto_explain.log_level TO notice; INSERT INTO time_statistics (template, s_time, stream, query, seed) VALUES ('query53.tpl', TRANSACTION_TIMESTAMP(), 5, 32, 987585401);
LOAD
SET
SET
SET
psql:/tmp/s1-basline/throughput/query_5.sql:1741: NOTICE:  duration: 0.007 ms  plan:
Query Text: INSERT INTO time_statistics (template, s_time, stream, query, seed) VALUES ('query53.tpl', TRANSACTION_TIMESTAMP(), 5, 32, 987585401);
Insert on time_statistics  (cost=0.00..0.01 rows=0 width=0) (actual time=0.007..0.007 rows=0 loops=1)
  ->  Result  (cost=0.00..0.01 rows=1 width=64) (actual time=0.001..0.001 rows=1 loops=1)
INSERT 0 1
select  * from 
(select i_manufact_id,
sum(ss_sales_price) sum_sales,
avg(sum(ss_sales_price)) over (partition by i_manufact_id) avg_quarterly_sales
from item, store_sales, date_dim, store
where ss_item_sk = i_item_sk and
ss_sold_date_sk = d_date_sk and
ss_store_sk = s_store_sk and
d_month_seq in (1181,1181+1,1181+2,1181+3,1181+4,1181+5,1181+6,1181+7,1181+8,1181+9,1181+10,1181+11) and
((i_category in ('Books','Children','Electronics') and
i_class in ('personal','portable','reference','self-help') and
i_brand in ('scholaramalgamalg #14','scholaramalgamalg #7',
		'exportiunivamalg #9','scholaramalgamalg #9'))
or(i_category in ('Women','Music','Men') and
i_class in ('accessories','classical','fragrances','pants') and
i_brand in ('amalgimporto #1','edu packscholar #1','exportiimporto #1',
		'importoamalg #1')))
group by i_manufact_id, d_qoy ) tmp1
where case when avg_quarterly_sales > 0 
	then abs (sum_sales - avg_quarterly_sales)/ avg_quarterly_sales 
	else null end > 0.1
order by avg_quarterly_sales,
	 sum_sales,
	 i_manufact_id
limit 100;
psql:/tmp/s1-basline/throughput/query_5.sql:1766: NOTICE:  duration: 209.551 ms  plan:
Query Text: select  * from 
(select i_manufact_id,
sum(ss_sales_price) sum_sales,
avg(sum(ss_sales_price)) over (partition by i_manufact_id) avg_quarterly_sales
from item, store_sales, date_dim, store
where ss_item_sk = i_item_sk and
ss_sold_date_sk = d_date_sk and
ss_store_sk = s_store_sk and
d_month_seq in (1181,1181+1,1181+2,1181+3,1181+4,1181+5,1181+6,1181+7,1181+8,1181+9,1181+10,1181+11) and
((i_category in ('Books','Children','Electronics') and
i_class in ('personal','portable','reference','self-help') and
i_brand in ('scholaramalgamalg #14','scholaramalgamalg #7',
		'exportiunivamalg #9','scholaramalgamalg #9'))
or(i_category in ('Women','Music','Men') and
i_class in ('accessories','classical','fragrances','pants') and
i_brand in ('amalgimporto #1','edu packscholar #1','exportiimporto #1',
		'importoamalg #1')))
group by i_manufact_id, d_qoy ) tmp1
where case when avg_quarterly_sales > 0 
	then abs (sum_sales - avg_quarterly_sales)/ avg_quarterly_sales 
	else null end > 0.1
order by avg_quarterly_sales,
	 sum_sales,
	 i_manufact_id
limit 100;
Limit  (cost=7691.86..7691.87 rows=6 width=20) (actual time=209.498..209.510 rows=100 loops=1)
  ->  Sort  (cost=7691.86..7691.87 rows=6 width=20) (actual time=209.498..209.503 rows=100 loops=1)
        Sort Key: tmp1.avg_quarterly_sales, tmp1.sum_sales, tmp1.i_manufact_id
        Sort Method: top-N heapsort  Memory: 39kB
        ->  Subquery Scan on tmp1  (cost=7690.69..7691.78 rows=6 width=20) (actual time=203.157..209.260 rows=1460 loops=1)
              Filter: (CASE WHEN (tmp1.avg_quarterly_sales > '0'::double precision) THEN (abs((tmp1.sum_sales - tmp1.avg_quarterly_sales)) / tmp1.avg_quarterly_sales) ELSE NULL::double precision END > '0.1'::double precision)
              Rows Removed by Filter: 196
              ->  WindowAgg  (cost=7690.69..7691.35 rows=19 width=24) (actual time=203.154..209.062 rows=1656 loops=1)
                    ->  GroupAggregate  (cost=7690.69..7691.07 rows=19 width=16) (actual time=203.127..208.292 rows=1656 loops=1)
                          Group Key: item.i_manufact_id, date_dim.d_qoy
                          ->  Sort  (cost=7690.69..7690.74 rows=19 width=16) (actual time=203.118..204.512 rows=35955 loops=1)
                                Sort Key: item.i_manufact_id, date_dim.d_qoy
                                Sort Method: quicksort  Memory: 3499kB
                                ->  Nested Loop  (cost=0.76..7690.28 rows=19 width=16) (actual time=0.066..195.431 rows=35955 loops=1)
                                      Join Filter: (store_sales.ss_store_sk = store.s_store_sk)
                                      Rows Removed by Join Filter: 164797
                                      ->  Nested Loop  (cost=0.76..7685.84 rows=20 width=24) (actual time=0.061..172.653 rows=36842 loops=1)
                                            ->  Nested Loop  (cost=0.43..6951.24 rows=4175 width=28) (actual time=0.032..135.703 rows=116106 loops=1)
                                                  ->  Seq Scan on item  (cost=0.00..1931.00 rows=26 width=12) (actual time=0.023..16.062 rows=900 loops=1)
                                                        Filter: (((i_category = ANY ('{Books,Children,Electronics}'::bpchar[])) AND (i_class = ANY ('{personal,portable,reference,self-help}'::bpchar[])) AND (i_brand = ANY ('{"scholaramalgamalg #14","scholaramalgamalg #7","exportiunivamalg #9","scholaramalgamalg #9"}'::bpchar[]))) OR ((i_category = ANY ('{Women,Music,Men}'::bpchar[])) AND (i_class = ANY ('{accessories,classical,fragrances,pants}'::bpchar[])) AND (i_brand = ANY ('{"amalgimporto #1","edu packscholar #1","exportiimporto #1","importoamalg #1"}'::bpchar[]))))
                                                        Rows Removed by Filter: 17100
                                                  ->  Index Scan using pk_store_sales on store_sales  (cost=0.43..191.34 rows=175 width=32) (actual time=0.005..0.114 rows=129 loops=900)
                                                        Index Cond: (ss_item_sk = item.i_item_sk)
                                            ->  Memoize  (cost=0.33..0.36 rows=1 width=12) (actual time=0.000..0.000 rows=0 loops=116106)
                                                  Cache Key: store_sales.ss_sold_date_sk
                                                  Cache Mode: logical
                                                  Hits: 114391  Misses: 1715  Evictions: 0  Overflows: 0  Memory Usage: 138kB
                                                  ->  Index Scan using pk_date_dim on date_dim  (cost=0.32..0.35 rows=1 width=12) (actual time=0.001..0.001 rows=0 loops=1715)
                                                        Index Cond: (d_date_sk = store_sales.ss_sold_date_sk)
                                                        Filter: (d_month_seq = ANY ('{1181,1182,1183,1184,1185,1186,1187,1188,1189,1190,1191,1192}'::integer[]))
                                                        Rows Removed by Filter: 1
                                      ->  Materialize  (cost=0.00..1.18 rows=12 width=8) (actual time=0.000..0.000 rows=5 loops=36842)
                                            ->  Seq Scan on store  (cost=0.00..1.12 rows=12 width=8) (actual time=0.001..0.002 rows=12 loops=1)
 i_manufact_id |     sum_sales      | avg_quarterly_sales 
---------------+--------------------+---------------------
           348 |  79.27000000000001 |  278.82000000000005
           348 |              88.06 |  278.82000000000005
           348 |             151.11 |  278.82000000000005
           348 |             796.84 |  278.82000000000005
           196 |             117.22 |  293.71999999999997
           196 |             230.51 |  293.71999999999997
           196 |  388.1499999999999 |  293.71999999999997
           196 | 438.99999999999994 |  293.71999999999997
           425 |              131.4 |   321.3475000000001
           425 | 152.20999999999998 |   321.3475000000001
           425 | 365.74000000000007 |   321.3475000000001
           425 |  636.0400000000001 |   321.3475000000001
           770 |             210.81 |            344.0325
           770 |              268.6 |            344.0325
           770 |  525.5400000000001 |            344.0325
           987 |               5.26 |   345.3900000000001
           987 |             248.03 |   345.3900000000001
           987 | 408.53000000000003 |   345.3900000000001
           987 |  719.7400000000002 |   345.3900000000001
           895 | 13.659999999999998 |            376.9075
           895 | 205.64999999999998 |            376.9075
           895 | 208.17000000000002 |            376.9075
           895 |            1080.15 |            376.9075
           162 | 202.90999999999997 |            378.0725
           162 |             466.01 |            378.0725
           162 | 500.95000000000005 |            378.0725
           455 | 194.59000000000003 |  383.87750000000005
           455 |             217.76 |  383.87750000000005
           455 |             528.99 |  383.87750000000005
           455 |  594.1700000000001 |  383.87750000000005
           417 | 191.35000000000002 |            386.6875
           417 | 216.35000000000002 |            386.6875
           417 |  304.3999999999999 |            386.6875
           417 |             834.65 |            386.6875
           297 | 284.30999999999995 |            387.1425
           297 |             454.22 |            387.1425
           297 |  455.2799999999999 |            387.1425
           481 |             124.38 |  397.83750000000003
           481 |             486.38 |  397.83750000000003
           481 |  545.8700000000001 |  397.83750000000003
           637 | 250.26999999999998 |  398.40749999999997
           637 |             262.43 |  398.40749999999997
           637 |             512.31 |  398.40749999999997
           637 |  568.6199999999999 |  398.40749999999997
           300 |             178.47 |            402.4325
           300 |             361.39 |            402.4325
           300 |             658.38 |            402.4325
           697 |             239.81 |  403.98249999999996
           697 | 309.29999999999995 |  403.98249999999996
           697 |              327.5 |  403.98249999999996
           697 |  739.3199999999998 |  403.98249999999996
           403 |              210.3 |              407.99
           403 |             229.15 |              407.99
           403 |  820.8499999999999 |              407.99
           969 | 176.18000000000004 |  408.85249999999996
           969 |              324.2 |  408.85249999999996
           969 |             335.96 |  408.85249999999996
           969 |  799.0699999999999 |  408.85249999999996
           185 | 253.80999999999997 |   411.4724999999999
           185 | 301.54999999999995 |   411.4724999999999
           185 |  651.6399999999999 |   411.4724999999999
           726 |              80.11 |  414.31499999999994
           726 | 334.21999999999997 |  414.31499999999994
           726 |  847.6599999999999 |  414.31499999999994
           134 |             144.38 |   415.6650000000001
           134 |                358 |   415.6650000000001
           134 |             490.99 |   415.6650000000001
           134 |  669.2900000000002 |   415.6650000000001
           312 |             128.91 |              416.33
           312 | 257.01000000000005 |              416.33
           312 |  541.8199999999999 |              416.33
           312 |  737.5799999999999 |              416.33
           354 |             113.39 |  419.47749999999996
           354 | 162.39999999999998 |  419.47749999999996
           354 |             619.37 |  419.47749999999996
           354 |  782.7499999999999 |  419.47749999999996
           211 |  74.24000000000001 |            428.1975
           211 |             270.15 |            428.1975
           211 |  622.2099999999999 |            428.1975
           211 |  746.1899999999999 |            428.1975
            88 |             105.09 |   428.5124999999999
            88 | 192.02999999999997 |   428.5124999999999
            88 |             321.43 |   428.5124999999999
            88 | 1095.4999999999995 |   428.5124999999999
           869 | 194.83999999999997 |              428.67
           869 | 227.67000000000002 |              428.67
           869 |             481.08 |              428.67
           869 |  811.0900000000001 |              428.67
           899 |             188.43 |            428.9575
           899 |             384.28 |            428.9575
           899 |             727.72 |            428.9575
           684 |              38.81 |  429.44250000000005
           684 |             294.44 |  429.44250000000005
           684 |             612.06 |  429.44250000000005
           684 |  772.4600000000003 |  429.44250000000005
           125 |             324.38 |            430.0325
           125 | 334.37999999999994 |            430.0325
           125 |  612.7200000000001 |            430.0325
            21 | 238.04999999999998 |            431.0575
            21 |             315.55 |            431.0575
(100 rows)

UPDATE time_statistics SET e_time = TRANSACTION_TIMESTAMP() WHERE template = 'query53.tpl' AND stream = 5;
psql:/tmp/s1-basline/throughput/query_5.sql:1768: NOTICE:  duration: 0.088 ms  plan:
Query Text: UPDATE time_statistics SET e_time = TRANSACTION_TIMESTAMP() WHERE template = 'query53.tpl' AND stream = 5;
Update on time_statistics  (cost=0.00..16.72 rows=0 width=0) (actual time=0.087..0.087 rows=0 loops=1)
  ->  Seq Scan on time_statistics  (cost=0.00..16.72 rows=1 width=14) (actual time=0.072..0.073 rows=1 loops=1)
        Filter: ((template = 'query53.tpl'::text) AND (stream = 5))
        Rows Removed by Filter: 583
UPDATE 1
LOAD 'auto_explain'; SET auto_explain.log_min_duration TO 0; SET auto_explain.log_analyze TO on; SET auto_explain.log_level TO notice; INSERT INTO time_statistics (template, s_time, stream, query, seed) VALUES ('query87.tpl', TRANSACTION_TIMESTAMP(), 5, 33, 446726944);
LOAD
SET
SET
SET
psql:/tmp/s1-basline/throughput/query_5.sql:1769: NOTICE:  duration: 0.009 ms  plan:
Query Text: INSERT INTO time_statistics (template, s_time, stream, query, seed) VALUES ('query87.tpl', TRANSACTION_TIMESTAMP(), 5, 33, 446726944);
Insert on time_statistics  (cost=0.00..0.01 rows=0 width=0) (actual time=0.008..0.008 rows=0 loops=1)
  ->  Result  (cost=0.00..0.01 rows=1 width=64) (actual time=0.001..0.002 rows=1 loops=1)
INSERT 0 1
select count(*) 
from ((select distinct c_last_name, c_first_name, d_date
       from store_sales, date_dim, customer
       where store_sales.ss_sold_date_sk = date_dim.d_date_sk
         and store_sales.ss_customer_sk = customer.c_customer_sk
         and d_month_seq between 1196 and 1196+11)
       except
      (select distinct c_last_name, c_first_name, d_date
       from catalog_sales, date_dim, customer
       where catalog_sales.cs_sold_date_sk = date_dim.d_date_sk
         and catalog_sales.cs_bill_customer_sk = customer.c_customer_sk
         and d_month_seq between 1196 and 1196+11)
       except
      (select distinct c_last_name, c_first_name, d_date
       from web_sales, date_dim, customer
       where web_sales.ws_sold_date_sk = date_dim.d_date_sk
         and web_sales.ws_bill_customer_sk = customer.c_customer_sk
         and d_month_seq between 1196 and 1196+11)
) cool_cust
;
psql:/tmp/s1-basline/throughput/query_5.sql:1789: NOTICE:  duration: 2190.817 ms  plan:
Query Text: select count(*) 
from ((select distinct c_last_name, c_first_name, d_date
       from store_sales, date_dim, customer
       where store_sales.ss_sold_date_sk = date_dim.d_date_sk
         and store_sales.ss_customer_sk = customer.c_customer_sk
         and d_month_seq between 1196 and 1196+11)
       except
      (select distinct c_last_name, c_first_name, d_date
       from catalog_sales, date_dim, customer
       where catalog_sales.cs_sold_date_sk = date_dim.d_date_sk
         and catalog_sales.cs_bill_customer_sk = customer.c_customer_sk
         and d_month_seq between 1196 and 1196+11)
       except
      (select distinct c_last_name, c_first_name, d_date
       from web_sales, date_dim, customer
       where web_sales.ws_sold_date_sk = date_dim.d_date_sk
         and web_sales.ws_bill_customer_sk = customer.c_customer_sk
         and d_month_seq between 1196 and 1196+11)
) cool_cust
;
Aggregate  (cost=154947.29..154947.30 rows=1 width=8) (actual time=2155.351..2190.808 rows=1 loops=1)
  ->  Subquery Scan on cool_cust  (cost=94196.09..154915.89 rows=12558 width=0) (actual time=2147.111..2188.978 rows=46558 loops=1)
        ->  HashSetOp Except  (cost=94196.09..154790.31 rows=12558 width=216) (actual time=2147.110..2184.701 rows=46558 loops=1)
              ->  Append  (cost=94196.09..154670.32 rows=15999 width=216) (actual time=1783.417..2167.429 rows=58456 loops=1)
                    ->  Result  (cost=94196.09..119535.10 rows=12558 width=216) (actual time=1783.417..1794.571 rows=46621 loops=1)
                          ->  HashSetOp Except  (cost=94196.09..119409.52 rows=12558 width=216) (actual time=1783.416..1789.840 rows=46621 loops=1)
                                ->  Append  (cost=94196.09..119264.29 rows=19364 width=216) (actual time=877.872..1761.085 rows=78097 loops=1)
                                      ->  Subquery Scan on "*SELECT* 1"  (cost=94196.09..95878.44 rows=12558 width=60) (actual time=877.871..1175.011 rows=46948 loops=1)
                                            ->  Unique  (cost=94196.09..95752.86 rows=12558 width=56) (actual time=877.869..1169.989 rows=46948 loops=1)
                                                  ->  Gather Merge  (cost=94196.09..95658.68 rows=12558 width=56) (actual time=877.868..1088.424 rows=531811 loops=1)
                                                        Workers Planned: 2
                                                        Workers Launched: 2
                                                        ->  Sort  (cost=93196.07..93209.15 rows=5232 width=56) (actual time=832.313..874.123 rows=177270 loops=3)
                                                              Sort Key: customer.c_last_name, customer.c_first_name, date_dim.d_date
                                                              Sort Method: external merge  Disk: 12968kB
                                                              Worker 0:  Sort Method: external merge  Disk: 10232kB
                                                              Worker 1:  Sort Method: external merge  Disk: 10280kB
                                                              ->  Nested Loop  (cost=2505.38..92872.91 rows=5232 width=56) (actual time=13.252..538.359 rows=177270 loops=3)
                                                                    ->  Hash Join  (cost=2505.08..91166.38 rows=5482 width=12) (actual time=13.202..259.923 rows=181606 loops=3)
                                                                          Hash Cond: (store_sales.ss_sold_date_sk = date_dim.d_date_sk)
                                                                          ->  Parallel Seq Scan on store_sales  (cost=0.00..85499.45 rows=1204445 width=16) (actual time=0.014..124.073 rows=948150 loops=3)
                                                                          ->  Hash  (cost=2500.73..2500.73 rows=348 width=12) (actual time=13.078..13.079 rows=366 loops=3)
                                                                                Buckets: 1024  Batches: 1  Memory Usage: 26kB
                                                                                ->  Seq Scan on date_dim  (cost=0.00..2500.73 rows=348 width=12) (actual time=6.049..13.029 rows=366 loops=3)
                                                                                      Filter: ((d_month_seq >= 1196) AND (d_month_seq <= 1207))
                                                                                      Rows Removed by Filter: 72683
                                                                    ->  Index Scan using pk_customer on customer  (cost=0.29..0.31 rows=1 width=60) (actual time=0.001..0.001 rows=1 loops=544818)
                                                                          Index Cond: (c_customer_sk = store_sales.ss_customer_sk)
                                      ->  Subquery Scan on "*SELECT* 2"  (cost=23152.91..23289.03 rows=6806 width=60) (actual time=572.511..581.432 rows=31149 loops=1)
                                            ->  HashAggregate  (cost=23152.91..23220.97 rows=6806 width=56) (actual time=572.510..579.061 rows=31149 loops=1)
                                                  Group Key: customer_1.c_last_name, customer_1.c_first_name, date_dim_1.d_date
                                                  Batches: 1  Memory Usage: 6673kB
                                                  ->  Nested Loop  (cost=0.72..23101.86 rows=6806 width=56) (actual time=3.675..466.460 rows=281005 loops=1)
                                                        ->  Nested Loop  (cost=0.43..20963.08 rows=6842 width=12) (actual time=3.664..100.056 rows=281715 loops=1)
                                                              ->  Seq Scan on date_dim date_dim_1  (cost=0.00..2500.73 rows=348 width=12) (actual time=3.639..7.840 rows=366 loops=1)
                                                                    Filter: ((d_month_seq >= 1196) AND (d_month_seq <= 1207))
                                                                    Rows Removed by Filter: 72683
                                                              ->  Index Scan using i_cs_sold_date_sk on catalog_sales  (cost=0.43..45.20 rows=785 width=16) (actual time=0.004..0.175 rows=770 loops=366)
                                                                    Index Cond: (cs_sold_date_sk = date_dim_1.d_date_sk)
                                                        ->  Index Scan using pk_customer on customer customer_1  (cost=0.29..0.31 rows=1 width=60) (actual time=0.001..0.001 rows=1 loops=281715)
                                                              Index Cond: (c_customer_sk = catalog_sales.cs_bill_customer_sk)
                    ->  Subquery Scan on "*SELECT* 3"  (cost=34594.24..35055.22 rows=3441 width=60) (actual time=260.409..369.429 rows=11835 loops=1)
                          ->  Unique  (cost=34594.24..35020.81 rows=3441 width=56) (actual time=260.407..368.168 rows=11835 loops=1)
                                ->  Gather Merge  (cost=34594.24..34995.01 rows=3441 width=56) (actual time=260.406..345.750 rows=142601 loops=1)
                                      Workers Planned: 2
                                      Workers Launched: 2
                                      ->  Sort  (cost=33594.22..33597.81 rows=1434 width=56) (actual time=235.142..239.927 rows=47534 loops=3)
                                            Sort Key: customer_2.c_last_name, customer_2.c_first_name, date_dim_2.d_date
                                            Sort Method: quicksort  Memory: 7328kB
                                            Worker 0:  Sort Method: quicksort  Memory: 5232kB
                                            Worker 1:  Sort Method: quicksort  Memory: 5196kB
                                            ->  Nested Loop  (cost=2505.38..33519.04 rows=1434 width=56) (actual time=13.442..169.272 rows=47534 loops=3)
                                                  ->  Hash Join  (cost=2505.08..33067.05 rows=1434 width=12) (actual time=13.392..91.627 rows=47542 loops=3)
                                                        Hash Cond: (web_sales.ws_sold_date_sk = date_dim_2.d_date_sk)
                                                        ->  Parallel Seq Scan on web_sales  (cost=0.00..29771.63 rows=301063 width=16) (actual time=0.017..44.787 rows=237185 loops=3)
                                                        ->  Hash  (cost=2500.73..2500.73 rows=348 width=12) (actual time=13.271..13.272 rows=366 loops=3)
                                                              Buckets: 1024  Batches: 1  Memory Usage: 26kB
                                                              ->  Seq Scan on date_dim date_dim_2  (cost=0.00..2500.73 rows=348 width=12) (actual time=6.316..13.221 rows=366 loops=3)
                                                                    Filter: ((d_month_seq >= 1196) AND (d_month_seq <= 1207))
                                                                    Rows Removed by Filter: 72683
                                                  ->  Index Scan using pk_customer on customer customer_2  (cost=0.29..0.32 rows=1 width=60) (actual time=0.001..0.001 rows=1 loops=142627)
                                                        Index Cond: (c_customer_sk = web_sales.ws_bill_customer_sk)
 count 
-------
 46558
(1 row)

UPDATE time_statistics SET e_time = TRANSACTION_TIMESTAMP() WHERE template = 'query87.tpl' AND stream = 5;
psql:/tmp/s1-basline/throughput/query_5.sql:1791: NOTICE:  duration: 0.099 ms  plan:
Query Text: UPDATE time_statistics SET e_time = TRANSACTION_TIMESTAMP() WHERE template = 'query87.tpl' AND stream = 5;
Update on time_statistics  (cost=0.00..16.72 rows=0 width=0) (actual time=0.099..0.099 rows=0 loops=1)
  ->  Seq Scan on time_statistics  (cost=0.00..16.72 rows=1 width=14) (actual time=0.083..0.083 rows=1 loops=1)
        Filter: ((template = 'query87.tpl'::text) AND (stream = 5))
        Rows Removed by Filter: 584
UPDATE 1
LOAD 'auto_explain'; SET auto_explain.log_min_duration TO 0; SET auto_explain.log_analyze TO on; SET auto_explain.log_level TO notice; INSERT INTO time_statistics (template, s_time, stream, query, seed) VALUES ('query68.tpl', TRANSACTION_TIMESTAMP(), 5, 34, 1787696007);
LOAD
SET
SET
SET
psql:/tmp/s1-basline/throughput/query_5.sql:1792: NOTICE:  duration: 0.010 ms  plan:
Query Text: INSERT INTO time_statistics (template, s_time, stream, query, seed) VALUES ('query68.tpl', TRANSACTION_TIMESTAMP(), 5, 34, 1787696007);
Insert on time_statistics  (cost=0.00..0.01 rows=0 width=0) (actual time=0.009..0.009 rows=0 loops=1)
  ->  Result  (cost=0.00..0.01 rows=1 width=64) (actual time=0.002..0.002 rows=1 loops=1)
INSERT 0 1
select  c_last_name
       ,c_first_name
       ,ca_city
       ,bought_city
       ,ss_ticket_number
       ,extended_price
       ,extended_tax
       ,list_price
 from (select ss_ticket_number
             ,ss_customer_sk
             ,ca_city bought_city
             ,sum(ss_ext_sales_price) extended_price 
             ,sum(ss_ext_list_price) list_price
             ,sum(ss_ext_tax) extended_tax 
       from store_sales
           ,date_dim
           ,store
           ,household_demographics
           ,customer_address 
       where store_sales.ss_sold_date_sk = date_dim.d_date_sk
         and store_sales.ss_store_sk = store.s_store_sk  
        and store_sales.ss_hdemo_sk = household_demographics.hd_demo_sk
        and store_sales.ss_addr_sk = customer_address.ca_address_sk
        and date_dim.d_dom between 1 and 2 
        and (household_demographics.hd_dep_count = 7 or
             household_demographics.hd_vehicle_count= -1)
        and date_dim.d_year in (1998,1998+1,1998+2)
        and store.s_city in ('Midway','Fairview')
       group by ss_ticket_number
               ,ss_customer_sk
               ,ss_addr_sk,ca_city) dn
      ,customer
      ,customer_address current_addr
 where ss_customer_sk = c_customer_sk
   and customer.c_current_addr_sk = current_addr.ca_address_sk
   and current_addr.ca_city <> bought_city
 order by c_last_name
         ,ss_ticket_number
 limit 100;
psql:/tmp/s1-basline/throughput/query_5.sql:1831: NOTICE:  duration: 261.013 ms  plan:
Query Text: select  c_last_name
       ,c_first_name
       ,ca_city
       ,bought_city
       ,ss_ticket_number
       ,extended_price
       ,extended_tax
       ,list_price
 from (select ss_ticket_number
             ,ss_customer_sk
             ,ca_city bought_city
             ,sum(ss_ext_sales_price) extended_price 
             ,sum(ss_ext_list_price) list_price
             ,sum(ss_ext_tax) extended_tax 
       from store_sales
           ,date_dim
           ,store
           ,household_demographics
           ,customer_address 
       where store_sales.ss_sold_date_sk = date_dim.d_date_sk
         and store_sales.ss_store_sk = store.s_store_sk  
        and store_sales.ss_hdemo_sk = household_demographics.hd_demo_sk
        and store_sales.ss_addr_sk = customer_address.ca_address_sk
        and date_dim.d_dom between 1 and 2 
        and (household_demographics.hd_dep_count = 7 or
             household_demographics.hd_vehicle_count= -1)
        and date_dim.d_year in (1998,1998+1,1998+2)
        and store.s_city in ('Midway','Fairview')
       group by ss_ticket_number
               ,ss_customer_sk
               ,ss_addr_sk,ca_city) dn
      ,customer
      ,customer_address current_addr
 where ss_customer_sk = c_customer_sk
   and customer.c_current_addr_sk = current_addr.ca_address_sk
   and current_addr.ca_city <> bought_city
 order by c_last_name
         ,ss_ticket_number
 limit 100;
Limit  (cost=77271.87..77272.12 rows=100 width=102) (actual time=260.905..260.918 rows=100 loops=1)
  ->  Sort  (cost=77271.87..77273.34 rows=589 width=102) (actual time=260.905..260.910 rows=100 loops=1)
        Sort Key: customer.c_last_name, store_sales.ss_ticket_number
        Sort Method: top-N heapsort  Memory: 48kB
        ->  Nested Loop  (cost=75978.47..77249.36 rows=589 width=102) (actual time=243.902..259.555 rows=2125 loops=1)
              Join Filter: ((current_addr.ca_city)::text <> (customer_address.ca_city)::text)
              Rows Removed by Join Filter: 151
              ->  Nested Loop  (cost=75978.18..77052.29 rows=590 width=101) (actual time=243.897..255.516 rows=2276 loops=1)
                    ->  GroupAggregate  (cost=75977.89..75995.59 rows=590 width=57) (actual time=243.885..250.375 rows=2352 loops=1)
                          Group Key: store_sales.ss_ticket_number, store_sales.ss_customer_sk, store_sales.ss_addr_sk, customer_address.ca_city
                          ->  Sort  (cost=75977.89..75979.36 rows=590 width=57) (actual time=243.873..244.924 rows=25128 loops=1)
                                Sort Key: store_sales.ss_ticket_number, store_sales.ss_customer_sk, store_sales.ss_addr_sk, customer_address.ca_city
                                Sort Method: quicksort  Memory: 3252kB
                                ->  Nested Loop  (cost=1.00..75950.74 rows=590 width=57) (actual time=4.746..233.156 rows=25128 loops=1)
                                      ->  Nested Loop  (cost=0.71..75760.40 rows=618 width=48) (actual time=4.741..200.936 rows=25271 loops=1)
                                            Join Filter: (store_sales.ss_store_sk = store.s_store_sk)
                                            Rows Removed by Join Filter: 111706
                                            ->  Nested Loop  (cost=0.71..75650.32 rows=649 width=56) (actual time=4.731..185.243 rows=25550 loops=1)
                                                  ->  Nested Loop  (cost=0.43..74820.03 rows=2722 width=64) (actual time=4.678..61.112 rows=105280 loops=1)
                                                        ->  Seq Scan on date_dim  (cost=0.00..2774.67 rows=72 width=8) (actual time=4.667..9.963 rows=72 loops=1)
                                                              Filter: ((d_dom >= 1) AND (d_dom <= 2) AND (d_year = ANY ('{1998,1999,2000}'::integer[])))
                                                              Rows Removed by Filter: 72977
                                                        ->  Index Scan using i_ss_sold_date_sk on store_sales  (cost=0.43..985.48 rows=1515 width=72) (actual time=0.005..0.436 rows=1462 loops=72)
                                                              Index Cond: (ss_sold_date_sk = date_dim.d_date_sk)
                                                  ->  Index Scan using pk_household_demographics on household_demographics  (cost=0.28..0.31 rows=1 width=8) (actual time=0.001..0.001 rows=0 loops=105280)
                                                        Index Cond: (hd_demo_sk = store_sales.ss_hdemo_sk)
                                                        Filter: ((hd_dep_count = 7) OR (hd_vehicle_count = '-1'::integer))
                                                        Rows Removed by Filter: 1
                                            ->  Materialize  (cost=0.00..1.21 rows=12 width=8) (actual time=0.000..0.000 rows=5 loops=25550)
                                                  ->  Seq Scan on store  (cost=0.00..1.15 rows=12 width=8) (actual time=0.003..0.007 rows=12 loops=1)
                                                        Filter: ((s_city)::text = ANY ('{Midway,Fairview}'::text[]))
                                      ->  Index Scan using pk_customer_address on customer_address  (cost=0.29..0.31 rows=1 width=17) (actual time=0.001..0.001 rows=1 loops=25271)
                                            Index Cond: (ca_address_sk = store_sales.ss_addr_sk)
                    ->  Index Scan using pk_customer on customer  (cost=0.29..1.78 rows=1 width=68) (actual time=0.002..0.002 rows=1 loops=2352)
                          Index Cond: (c_customer_sk = store_sales.ss_customer_sk)
              ->  Index Scan using pk_customer_address on customer_address current_addr  (cost=0.29..0.32 rows=1 width=17) (actual time=0.001..0.001 rows=1 loops=2276)
                    Index Cond: (ca_address_sk = customer.c_current_addr_sk)
          c_last_name           |     c_first_name     |     ca_city     |   bought_city   | ss_ticket_number |   extended_price   |    extended_tax    |     list_price     
--------------------------------+----------------------+-----------------+-----------------+------------------+--------------------+--------------------+--------------------
 Abel                           | Cindy                | White Oak       | Springfield     |            80951 | 25343.059999999998 |             996.52 |           44247.31
 Ackerman                       | Geneva               | Antioch         | Brownsville     |            48685 | 13325.689999999999 |  757.3600000000001 |           24645.64
 Ackerman                       | William              | Brownsville     | Hamilton        |           206199 |           38017.14 |            1149.73 |           54706.53
 Acosta                         | Dennis               | Mount Olive     | Bethel          |            63631 |            4058.49 |             197.18 | 20959.640000000003
 Acosta                         | Leona                | Spring Hill     | Highland        |           159313 | 18622.340000000004 |             782.96 |           34732.21
 Acosta                         | Dorothy              | Greenville      | Jackson         |           215205 | 13260.909999999996 |  518.3299999999999 | 28978.809999999998
 Adams                          | Lois                 | Dallas          | Mount Vernon    |            94679 |  46548.26000000001 |             1331.3 |           54755.43
 Adams                          | Willie               | Georgetown      | Oakland         |           165262 |           21759.23 |            1039.96 |           47563.74
 Adams                          | Kathryne             | Jamestown       | Pleasant Valley |           167849 |           26634.93 |  824.5100000000001 |           45171.87
 Adkins                         | Charles              | Deerfield       | Pleasant Valley |            89895 | 19791.079999999998 | 1016.6400000000001 |           37146.51
 Adkins                         | Philip               | Green Acres     | Red Hill        |           206163 | 15331.830000000002 | 397.53000000000003 |           33284.58
 Adkins                         | Starla               | Saratoga        | Plainview       |           230743 |            42001.5 |            2349.92 |  55944.01000000001
 Aguiar                         | Delores              | Walnut Grove    | Greenfield      |            32449 | 33173.270000000004 |            1700.79 |           59107.01
 Aguilera                       | Larry                | Unionville      | Pleasant Grove  |            31877 |             7694.8 |             255.71 |           17529.22
 Ainsworth                      | James                | Kingston        | Buena Vista     |           156927 | 12400.139999999998 | 110.54999999999998 |           34658.43
 Akers                          | Harriett             | Antioch         | Highland Park   |           109389 |           23967.71 |  754.9100000000001 |           40442.85
 Akins                          | Sara                 | Friendship      | Shady Grove     |           173001 | 20909.370000000003 |  728.3899999999999 |           40559.07
 Albert                         | Howard               | Silver Creek    | Pine Grove      |            51237 | 28586.850000000002 | 1300.6099999999997 |           51607.78
 Albrecht                       | John                 | Walnut Grove    | Spring Hill     |           180120 |             9607.4 |             342.85 |           28292.46
 Albrecht                       | Irene                | Plainville      | Warwick         |           182372 | 20464.760000000002 |  857.0400000000001 |           38466.08
 Albright                       | Jose                 | Deerfield       | New Hope        |           165370 |           18524.87 |  890.4100000000001 |           41683.53
 Albright                       | Charles              | Mountain View   | Rock Creek      |           182707 | 20731.210000000003 |             785.87 | 41753.049999999996
 Alexander                      | Nathan               | Five Points     | Forest Hills    |            41190 |           13103.44 | 454.29999999999995 |           36887.03
 Alexander                      | Beulah               | Glenwood        | Franklin        |           110681 | 11435.929999999998 | 255.62999999999997 | 26306.269999999997
 Alford                         | Brandon              | Greenville      | Newtown         |            58807 |           10730.23 |             623.99 | 27221.620000000003
 Alford                         | Rita                 | Riceville       | Springdale      |           153894 |           16079.15 |             621.86 | 39130.840000000004
 Ali                            | Jeffery              | Greenville      | Green Acres     |           104851 | 21927.940000000002 | 402.92999999999995 | 45071.409999999996
 Allen                          | Raymond              | Arlington       | Fairfield       |            10999 | 15892.620000000003 |  824.5999999999999 |           37855.72
 Allen                          |                      | Scottsville     | Plainview       |            16781 |            16189.1 |             328.69 | 27384.530000000002
 Allen                          | Adam                 | Providence      | Price           |            30034 |           19730.49 |             400.75 |           28401.72
 Allen                          | Gregory              | Oakwood         | Huntsville      |            35885 | 22952.599999999995 |            1008.24 |            30983.8
 Allen                          | Thaddeus             | Glenwood        | Pleasant Valley |            43938 |           18235.93 |             845.06 | 43608.899999999994
 Allen                          | Barbara              | Lakeview        | Ellsworth       |            89456 |            9207.63 |             463.01 |           27180.21
 Allen                          | Miguel               | Edgewood        | Union           |           185470 |           31886.04 |            1349.09 |           60241.07
 Allen                          | Hilda                | Newport         | Hamilton        |           217849 | 17957.829999999998 |             619.25 |           28876.42
 Almond                         | Dorothy              | Union           | Green Acres     |           176378 |           17723.86 |             787.55 |           30183.05
 Alonso                         | James                | Forest Hills    | Waterloo        |           167219 | 13772.090000000002 | 294.98999999999995 |           19867.74
 Amos                           | Amanda               | Pleasant Hill   | Highland Park   |           237872 |           22589.27 |            1132.16 |  50561.18000000001
 Anderson                       | Verna                | Riverview       | Centerville     |            11326 |           16325.68 |             541.88 |           33029.35
 Anderson                       | Kenneth              | Georgetown      | Unionville      |            21198 | 34393.130000000005 | 1089.2599999999998 |           66665.57
 Anderson                       | Gary                 | Mount Vernon    | Kingston        |            22254 | 17397.190000000002 |  620.4000000000001 |              37611
 Anderson                       | Richard              | Enterprise      | Mount Vernon    |            60833 |           50055.62 | 2756.1000000000004 |           78654.86
 Anderson                       | Karen                | Shady Grove     | Madison         |            85666 | 23947.340000000004 |            1287.37 |           36833.33
 Anderson                       | Pamela               | Lakeside        | Shady Grove     |           120956 | 12244.369999999999 |  646.7599999999999 | 27365.109999999997
 Anderson                       | James                | Stringtown      | Crossroads      |           137541 |           28811.54 |  922.0999999999999 | 43887.380000000005
 Anderson                       | David                | Providence      | Lakeview        |           139017 |           13680.78 |  638.6500000000001 |           35213.35
 Anderson                       | Edward               | Pine Grove      | Newport         |           151720 |  7744.590000000001 |             217.82 |           24480.18
 Anderson                       | Norman               | Bridgeport      | Glendale        |           157666 |           13270.68 |             451.56 |           30527.13
 Andrew                         | Christopher          | Mount Pleasant  | Farmington      |            93220 |           20643.04 |             703.55 |           32699.61
 Andrews                        | Kevin                | Denmark         | Enterprise      |           222329 | 25868.559999999998 |            1431.81 | 38135.219999999994
 Anthony                        | Arthur               | Pine Grove      | Willow          |           118804 |           41731.71 | 1545.9399999999998 |  56735.31000000001
 Armenta                        | Earl                 | Mount Vernon    | Oakdale         |           102728 |           22387.27 |             840.02 |           61872.17
 Armstrong                      | Sandra               | Blue Springs    | Shady Grove     |           134809 | 11120.609999999999 | 338.03999999999996 |           24870.56
 Arnold                         | Lloyd                | Salem           | Lakeview        |           179898 |           19173.28 |  856.2900000000001 | 36044.219999999994
 Arroyo                         | James                | Rosewood        | Newport         |           226948 | 31472.050000000003 | 1851.0500000000002 | 52992.899999999994
 Arthur                         | Kelly                | Bridgeport      | Bethel          |            41195 |           21404.84 |            1257.79 |           40189.31
 Arthur                         | Eliseo               | Riverview       | Red Hill        |           145882 |           13616.35 |             303.12 | 23186.729999999996
 Ashley                         | James                | Clinton         | Oak Hill        |            46292 |           47344.65 | 2609.2599999999998 | 63476.579999999994
 Ashley                         | James                | Clinton         | Valley View     |           231005 |           17779.05 |              713.8 |           33998.09
 Atchison                       | Betty                | Farmington      | Carpenter       |            32898 |           20199.21 |             683.57 | 39007.420000000006
 Augustine                      | Pamela               | Spring Valley   | Sheffield       |           164516 |            4792.02 |             337.21 |           14699.33
 Avalos                         | Gregory              | Jamestown       | Farmington      |           194652 |  7635.030000000001 |             303.32 | 25826.989999999998
 Avila                          | Randolph             | Liberty         | Lincoln         |           122684 |           26222.08 |            1040.15 |           34107.97
 Ayers                          | Jonathon             | Florence        | Franklin        |            14093 | 22755.160000000003 |  799.2499999999998 | 35955.549999999996
 Babb                           | Robert               | Springfield     | Oak Ridge       |           220503 |           29888.41 |             895.87 |  55182.24999999999
 Bacon                          | Bradley              | Lakeview        | Newport         |           193712 | 29270.929999999997 | 1640.5700000000002 |           60155.36
 Baez                           | Alexander            | Little River    | Five Points     |            54358 | 11729.669999999998 |             141.78 |           25109.06
 Bailey                         | Michael              | Greenfield      | Bunker Hill     |            15497 | 27088.029999999995 |            1299.72 |  52143.28999999999
 Bailey                         |                      | Oak Hill        | Lincoln         |           168409 | 10135.539999999999 | 448.59000000000003 |           25604.65
 Bailey                         | Michael              | Greenfield      | Mount Pleasant  |           174354 | 16118.599999999999 |             882.44 | 31057.090000000004
 Bailey                         | Brandon              | Barnes          | Springfield     |           180215 | 30306.910000000003 |  715.0200000000001 |           61444.12
 Baird                          | Rosa                 | Bethel          | Collinsville    |           151996 |           20267.43 |            1155.19 | 38703.899999999994
 Baker                          | Melvin               | Five Forks      | Oakdale         |            53499 | 25402.070000000003 |  915.7600000000001 |           44521.12
 Baker                          | Elizabeth            | Greenville      | Florence        |            71880 |           10587.76 |                518 |            35723.1
 Baker                          | Bobby                | Bridgeport      | Woodland        |            83204 |           19641.59 |  673.9100000000001 |  48902.36000000001
 Baker                          | Kevin                | Langdon         | Valley View     |            90962 |           21250.28 |             913.37 |           63271.93
 Baker                          | Stanley              | Fairview        | Cedar Grove     |            97075 | 22307.170000000002 | 1220.6299999999999 | 43717.350000000006
 Baker                          | Keisha               | Walnut Grove    | Stringtown      |           116571 | 34160.170000000006 |            1206.66 |           56349.53
 Baker                          | Melvin               | Five Forks      | Lebanon         |           158006 | 16734.939999999995 |  861.1599999999997 |            31206.8
 Baker                          | Elizabeth            | Mount Pleasant  | Jamestown       |           186681 | 15709.050000000001 |  829.8500000000001 | 29785.539999999997
 Ball                           | Christine            | Oak Grove       | Springdale      |            14638 | 14808.630000000001 |  822.8799999999999 | 30148.210000000006
 Ball                           | Robert               | Pleasant Valley | Oakland         |           128427 |           39063.82 | 1030.1599999999999 |           62701.32
 Ball                           | Lawrence             | Antioch         | Tracy           |           131282 | 23426.449999999997 | 1635.1499999999996 |  36208.67999999999
 Ballard                        | James                | Kingston        | Harmony         |           137490 |           21823.43 |            1066.52 |           45798.32
 Banks                          | Michael              | Centerville     | Newport         |            31507 | 16366.680000000002 |  780.6699999999998 |           31267.99
 Barden                         | Timothy              | Pleasant Valley | Oakland         |           235230 |           15692.28 |             745.75 |           29768.89
 Barker                         | Raymond              | Mountain View   | Glenwood        |           228304 | 23277.480000000003 |             575.65 |           52370.61
 Barnes                         | Susan                | Centerville     | Bridgeport      |            15363 | 32734.820000000003 | 1894.0700000000002 |           55926.88
 Barnes                         | Pam                  | White Oak       | Deerfield       |           193097 |           20471.49 |  836.2900000000001 |  56888.01000000001
 Barnes                         | Stewart              | Farmington      | Pine Grove      |           238864 |           27030.97 |            1423.39 |           68084.04
 Barnett                        | April                | Union Hill      | Clinton         |           230011 |  6765.719999999999 | 138.01000000000002 |           13039.96
 Barnhart                       | Jeannie              | Mountain View   | Wright          |           146891 | 27935.900000000005 |  765.9999999999999 |           59458.28
 Barr                           | Audrea               | Springdale      | Brownsville     |            62154 |            9589.45 |             510.19 | 25247.539999999997
 Barrera                        | Rogelio              | Wildwood        | Oakwood         |           209934 |           10081.97 |             606.56 |           16489.03
 Barrett                        | Calvin               | Oak Ridge       | Lakewood        |             3205 |           30121.43 | 1333.0099999999998 |            65203.5
 Barrett                        | Winston              | Mount Pleasant  | Lakeview        |            13737 |           20913.91 |            1490.61 |           33125.34
 Barrett                        | Paul                 | Glenwood        | Jamestown       |            83680 |           41519.06 | 2678.3000000000006 |  57669.64000000001
 Barrios                        | David                | Hillcrest       | Valley View     |           139085 |            8602.22 |              274.6 |           32071.52
 Barron                         | Salvatore            | Lincoln         | Greenville      |           179474 |            7257.15 |              233.6 | 15317.830000000002
 Bartlett                       | Charles              | Church Hill     | Greenwood       |           233531 | 24646.949999999997 |            1086.89 |  38750.83000000001
(100 rows)

UPDATE time_statistics SET e_time = TRANSACTION_TIMESTAMP() WHERE template = 'query68.tpl' AND stream = 5;
psql:/tmp/s1-basline/throughput/query_5.sql:1833: NOTICE:  duration: 0.089 ms  plan:
Query Text: UPDATE time_statistics SET e_time = TRANSACTION_TIMESTAMP() WHERE template = 'query68.tpl' AND stream = 5;
Update on time_statistics  (cost=0.00..16.72 rows=0 width=0) (actual time=0.088..0.088 rows=0 loops=1)
  ->  Seq Scan on time_statistics  (cost=0.00..16.72 rows=1 width=14) (actual time=0.074..0.074 rows=1 loops=1)
        Filter: ((template = 'query68.tpl'::text) AND (stream = 5))
        Rows Removed by Filter: 585
UPDATE 1
LOAD 'auto_explain'; SET auto_explain.log_min_duration TO 0; SET auto_explain.log_analyze TO on; SET auto_explain.log_level TO notice; INSERT INTO time_statistics (template, s_time, stream, query, seed) VALUES ('query85.tpl', TRANSACTION_TIMESTAMP(), 5, 35, 123931519);
LOAD
SET
SET
SET
psql:/tmp/s1-basline/throughput/query_5.sql:1834: NOTICE:  duration: 0.010 ms  plan:
Query Text: INSERT INTO time_statistics (template, s_time, stream, query, seed) VALUES ('query85.tpl', TRANSACTION_TIMESTAMP(), 5, 35, 123931519);
Insert on time_statistics  (cost=0.00..0.01 rows=0 width=0) (actual time=0.009..0.010 rows=0 loops=1)
  ->  Result  (cost=0.00..0.01 rows=1 width=64) (actual time=0.001..0.002 rows=1 loops=1)
INSERT 0 1
select  substr(r_reason_desc,1,20)
       ,avg(ws_quantity)
       ,avg(wr_refunded_cash)
       ,avg(wr_fee)
 from web_sales, web_returns, web_page, customer_demographics cd1,
      customer_demographics cd2, customer_address, date_dim, reason 
 where ws_web_page_sk = wp_web_page_sk
   and ws_item_sk = wr_item_sk
   and ws_order_number = wr_order_number
   and ws_sold_date_sk = d_date_sk and d_year = 2000
   and cd1.cd_demo_sk = wr_refunded_cdemo_sk 
   and cd2.cd_demo_sk = wr_returning_cdemo_sk
   and ca_address_sk = wr_refunded_addr_sk
   and r_reason_sk = wr_reason_sk
   and
   (
    (
     cd1.cd_marital_status = 'W'
     and
     cd1.cd_marital_status = cd2.cd_marital_status
     and
     cd1.cd_education_status = 'Unknown'
     and 
     cd1.cd_education_status = cd2.cd_education_status
     and
     ws_sales_price between 100.00 and 150.00
    )
   or
    (
     cd1.cd_marital_status = 'S'
     and
     cd1.cd_marital_status = cd2.cd_marital_status
     and
     cd1.cd_education_status = 'Advanced Degree' 
     and
     cd1.cd_education_status = cd2.cd_education_status
     and
     ws_sales_price between 50.00 and 100.00
    )
   or
    (
     cd1.cd_marital_status = 'U'
     and
     cd1.cd_marital_status = cd2.cd_marital_status
     and
     cd1.cd_education_status = 'Secondary'
     and
     cd1.cd_education_status = cd2.cd_education_status
     and
     ws_sales_price between 150.00 and 200.00
    )
   )
   and
   (
    (
     ca_country = 'United States'
     and
     ca_state in ('IN', 'NC', 'TX')
     and ws_net_profit between 100 and 200  
    )
    or
    (
     ca_country = 'United States'
     and
     ca_state in ('KY', 'MI', 'WV')
     and ws_net_profit between 150 and 300  
    )
    or
    (
     ca_country = 'United States'
     and
     ca_state in ('CA', 'TN', 'SD')
     and ws_net_profit between 50 and 250  
    )
   )
group by r_reason_desc
order by substr(r_reason_desc,1,20)
        ,avg(ws_quantity)
        ,avg(wr_refunded_cash)
        ,avg(wr_fee)
limit 100;
psql:/tmp/s1-basline/throughput/query_5.sql:1915: NOTICE:  duration: 122.186 ms  plan:
Query Text: select  substr(r_reason_desc,1,20)
       ,avg(ws_quantity)
       ,avg(wr_refunded_cash)
       ,avg(wr_fee)
 from web_sales, web_returns, web_page, customer_demographics cd1,
      customer_demographics cd2, customer_address, date_dim, reason 
 where ws_web_page_sk = wp_web_page_sk
   and ws_item_sk = wr_item_sk
   and ws_order_number = wr_order_number
   and ws_sold_date_sk = d_date_sk and d_year = 2000
   and cd1.cd_demo_sk = wr_refunded_cdemo_sk 
   and cd2.cd_demo_sk = wr_returning_cdemo_sk
   and ca_address_sk = wr_refunded_addr_sk
   and r_reason_sk = wr_reason_sk
   and
   (
    (
     cd1.cd_marital_status = 'W'
     and
     cd1.cd_marital_status = cd2.cd_marital_status
     and
     cd1.cd_education_status = 'Unknown'
     and 
     cd1.cd_education_status = cd2.cd_education_status
     and
     ws_sales_price between 100.00 and 150.00
    )
   or
    (
     cd1.cd_marital_status = 'S'
     and
     cd1.cd_marital_status = cd2.cd_marital_status
     and
     cd1.cd_education_status = 'Advanced Degree' 
     and
     cd1.cd_education_status = cd2.cd_education_status
     and
     ws_sales_price between 50.00 and 100.00
    )
   or
    (
     cd1.cd_marital_status = 'U'
     and
     cd1.cd_marital_status = cd2.cd_marital_status
     and
     cd1.cd_education_status = 'Secondary'
     and
     cd1.cd_education_status = cd2.cd_education_status
     and
     ws_sales_price between 150.00 and 200.00
    )
   )
   and
   (
    (
     ca_country = 'United States'
     and
     ca_state in ('IN', 'NC', 'TX')
     and ws_net_profit between 100 and 200  
    )
    or
    (
     ca_country = 'United States'
     and
     ca_state in ('KY', 'MI', 'WV')
     and ws_net_profit between 150 and 300  
    )
    or
    (
     ca_country = 'United States'
     and
     ca_state in ('CA', 'TN', 'SD')
     and ws_net_profit between 50 and 250  
    )
   )
group by r_reason_desc
order by substr(r_reason_desc,1,20)
        ,avg(ws_quantity)
        ,avg(wr_refunded_cash)
        ,avg(wr_fee)
limit 100;
Limit  (cost=20703.21..20703.22 rows=1 width=181) (actual time=122.171..122.175 rows=2 loops=1)
  ->  Sort  (cost=20703.21..20703.22 rows=1 width=181) (actual time=122.170..122.174 rows=2 loops=1)
        Sort Key: (substr((reason.r_reason_desc)::text, 1, 20)), (avg(web_sales.ws_quantity)), (avg(web_returns.wr_refunded_cash)), (avg(web_returns.wr_fee))
        Sort Method: quicksort  Memory: 25kB
        ->  GroupAggregate  (cost=20703.16..20703.20 rows=1 width=181) (actual time=122.160..122.166 rows=2 loops=1)
              Group Key: reason.r_reason_desc
              ->  Sort  (cost=20703.16..20703.17 rows=1 width=121) (actual time=122.144..122.148 rows=3 loops=1)
                    Sort Key: reason.r_reason_desc
                    Sort Method: quicksort  Memory: 25kB
                    ->  Nested Loop  (cost=2494.82..20703.15 rows=1 width=121) (actual time=54.545..122.134 rows=3 loops=1)
                          ->  Nested Loop  (cost=2494.53..20702.79 rows=1 width=129) (actual time=31.713..122.069 rows=11 loops=1)
                                Join Filter: (web_sales.ws_web_page_sk = web_page.wp_web_page_sk)
                                Rows Removed by Join Filter: 403
                                ->  Nested Loop  (cost=2494.53..20699.44 rows=1 width=137) (actual time=31.700..121.965 rows=11 loops=1)
                                      Join Filter: ((((customer_address.ca_state = ANY ('{IN,NC,TX}'::bpchar[])) AND (web_sales.ws_net_profit >= '100'::double precision) AND (web_sales.ws_net_profit <= '200'::double precision)) OR ((customer_address.ca_state = ANY ('{KY,MI,WV}'::bpchar[])) AND (web_sales.ws_net_profit >= '150'::double precision) AND (web_sales.ws_net_profit <= '300'::double precision)) OR ((customer_address.ca_state = ANY ('{CA,TN,SD}'::bpchar[])) AND (web_sales.ws_net_profit >= '50'::double precision) AND (web_sales.ws_net_profit <= '250'::double precision))) AND (((cd1.cd_marital_status = 'W'::bpchar) AND (cd1.cd_education_status = 'Unknown'::bpchar) AND (web_sales.ws_sales_price >= '100'::double precision) AND (web_sales.ws_sales_price <= '150'::double precision)) OR ((cd1.cd_marital_status = 'S'::bpchar) AND (cd1.cd_education_status = 'Advanced Degree'::bpchar) AND (web_sales.ws_sales_price >= '50'::double precision) AND (web_sales.ws_sales_price <= '100'::double precision)) OR ((cd1.cd_marital_status = 'U'::bpchar) AND (cd1.cd_education_status = 'Secondary'::bpchar) AND (web_sales.ws_sales_price >= '150'::double precision) AND (web_sales.ws_sales_price <= '200'::double precision))))
                                      Rows Removed by Join Filter: 41
                                      ->  Nested Loop  (cost=2494.10..20664.41 rows=35 width=159) (actual time=25.318..115.537 rows=1516 loops=1)
                                            Join Filter: ((cd1.cd_marital_status = cd2.cd_marital_status) AND (cd1.cd_education_status = cd2.cd_education_status))
                                            ->  Nested Loop  (cost=2493.68..19550.89 rows=1287 width=167) (actual time=25.310..112.945 rows=1525 loops=1)
                                                  ->  Hash Join  (cost=2493.25..5355.56 rows=16407 width=152) (actual time=24.952..51.222 rows=18564 loops=1)
                                                        Hash Cond: (web_returns.wr_reason_sk = reason.r_reason_sk)
                                                        ->  Hash Join  (cost=2491.46..5303.46 rows=17181 width=59) (actual time=24.932..47.887 rows=19055 loops=1)
                                                              Hash Cond: (web_returns.wr_refunded_addr_sk = customer_address.ca_address_sk)
                                                              ->  Seq Scan on web_returns  (cost=0.00..2622.57 rows=72157 width=64) (actual time=0.002..6.270 rows=71406 loops=1)
                                                              ->  Hash  (cost=2335.50..2335.50 rows=12477 width=11) (actual time=24.920..24.921 rows=14060 loops=1)
                                                                    Buckets: 16384  Batches: 1  Memory Usage: 719kB
                                                                    ->  Seq Scan on customer_address  (cost=0.00..2335.50 rows=12477 width=11) (actual time=0.007..22.972 rows=14060 loops=1)
                                                                          Filter: (((ca_country)::text = 'United States'::text) AND ((ca_state = ANY ('{IN,NC,TX}'::bpchar[])) OR (ca_state = ANY ('{KY,MI,WV}'::bpchar[])) OR (ca_state = ANY ('{CA,TN,SD}'::bpchar[]))))
                                                                          Rows Removed by Filter: 35940
                                                        ->  Hash  (cost=1.35..1.35 rows=35 width=109) (actual time=0.015..0.015 rows=35 loops=1)
                                                              Buckets: 1024  Batches: 1  Memory Usage: 13kB
                                                              ->  Seq Scan on reason  (cost=0.00..1.35 rows=35 width=109) (actual time=0.004..0.008 rows=35 loops=1)
                                                  ->  Index Scan using pk_customer_demographics on customer_demographics cd1  (cost=0.43..0.87 rows=1 width=31) (actual time=0.003..0.003 rows=0 loops=18564)
                                                        Index Cond: (cd_demo_sk = web_returns.wr_refunded_cdemo_sk)
                                                        Filter: (((cd_marital_status = 'W'::bpchar) AND (cd_education_status = 'Unknown'::bpchar)) OR ((cd_marital_status = 'S'::bpchar) AND (cd_education_status = 'Advanced Degree'::bpchar)) OR ((cd_marital_status = 'U'::bpchar) AND (cd_education_status = 'Secondary'::bpchar)))
                                                        Rows Removed by Filter: 1
                                            ->  Index Scan using pk_customer_demographics on customer_demographics cd2  (cost=0.43..0.85 rows=1 width=31) (actual time=0.001..0.001 rows=1 loops=1525)
                                                  Index Cond: (cd_demo_sk = web_returns.wr_returning_cdemo_sk)
                                      ->  Index Scan using pk_web_sales on web_sales  (cost=0.42..0.93 rows=1 width=52) (actual time=0.004..0.004 rows=0 loops=1516)
                                            Index Cond: ((ws_item_sk = web_returns.wr_item_sk) AND (ws_order_number = web_returns.wr_order_number))
                                            Filter: ((((ws_sales_price >= '100'::double precision) AND (ws_sales_price <= '150'::double precision)) OR ((ws_sales_price >= '50'::double precision) AND (ws_sales_price <= '100'::double precision)) OR ((ws_sales_price >= '150'::double precision) AND (ws_sales_price <= '200'::double precision))) AND (((ws_net_profit >= '100'::double precision) AND (ws_net_profit <= '200'::double precision)) OR ((ws_net_profit >= '150'::double precision) AND (ws_net_profit <= '300'::double precision)) OR ((ws_net_profit >= '50'::double precision) AND (ws_net_profit <= '250'::double precision))))
                                            Rows Removed by Filter: 1
                                ->  Seq Scan on web_page  (cost=0.00..2.60 rows=60 width=8) (actual time=0.002..0.005 rows=38 loops=11)
                          ->  Index Scan using pk_date_dim on date_dim  (cost=0.29..0.36 rows=1 width=8) (actual time=0.005..0.005 rows=0 loops=11)
                                Index Cond: (d_date_sk = web_sales.ws_sold_date_sk)
                                Filter: (d_year = 2000)
                                Rows Removed by Filter: 1
  substr   |         avg         |  avg   |  avg   
-----------+---------------------+--------+--------
 reason 23 | 19.5000000000000000 | 281.76 | 69.965
 reason 29 | 12.0000000000000000 |  36.87 |  73.43
(2 rows)

UPDATE time_statistics SET e_time = TRANSACTION_TIMESTAMP() WHERE template = 'query85.tpl' AND stream = 5;
psql:/tmp/s1-basline/throughput/query_5.sql:1917: NOTICE:  duration: 0.090 ms  plan:
Query Text: UPDATE time_statistics SET e_time = TRANSACTION_TIMESTAMP() WHERE template = 'query85.tpl' AND stream = 5;
Update on time_statistics  (cost=0.00..16.72 rows=0 width=0) (actual time=0.089..0.089 rows=0 loops=1)
  ->  Seq Scan on time_statistics  (cost=0.00..16.72 rows=1 width=14) (actual time=0.074..0.074 rows=1 loops=1)
        Filter: ((template = 'query85.tpl'::text) AND (stream = 5))
        Rows Removed by Filter: 586
UPDATE 1
LOAD 'auto_explain'; SET auto_explain.log_min_duration TO 0; SET auto_explain.log_analyze TO on; SET auto_explain.log_level TO notice; INSERT INTO time_statistics (template, s_time, stream, query, seed) VALUES ('query28.tpl', TRANSACTION_TIMESTAMP(), 5, 36, 676432099);
LOAD
SET
SET
SET
psql:/tmp/s1-basline/throughput/query_5.sql:1918: NOTICE:  duration: 0.009 ms  plan:
Query Text: INSERT INTO time_statistics (template, s_time, stream, query, seed) VALUES ('query28.tpl', TRANSACTION_TIMESTAMP(), 5, 36, 676432099);
Insert on time_statistics  (cost=0.00..0.01 rows=0 width=0) (actual time=0.008..0.008 rows=0 loops=1)
  ->  Result  (cost=0.00..0.01 rows=1 width=64) (actual time=0.001..0.001 rows=1 loops=1)
INSERT 0 1
select  *
from (select avg(ss_list_price) B1_LP
            ,count(ss_list_price) B1_CNT
            ,count(distinct ss_list_price) B1_CNTD
      from store_sales
      where ss_quantity between 0 and 5
        and (ss_list_price between 174 and 174+10 
             or ss_coupon_amt between 13152 and 13152+1000
             or ss_wholesale_cost between 18 and 18+20)) B1,
     (select avg(ss_list_price) B2_LP
            ,count(ss_list_price) B2_CNT
            ,count(distinct ss_list_price) B2_CNTD
      from store_sales
      where ss_quantity between 6 and 10
        and (ss_list_price between 43 and 43+10
          or ss_coupon_amt between 5393 and 5393+1000
          or ss_wholesale_cost between 28 and 28+20)) B2,
     (select avg(ss_list_price) B3_LP
            ,count(ss_list_price) B3_CNT
            ,count(distinct ss_list_price) B3_CNTD
      from store_sales
      where ss_quantity between 11 and 15
        and (ss_list_price between 83 and 83+10
          or ss_coupon_amt between 275 and 275+1000
          or ss_wholesale_cost between 33 and 33+20)) B3,
     (select avg(ss_list_price) B4_LP
            ,count(ss_list_price) B4_CNT
            ,count(distinct ss_list_price) B4_CNTD
      from store_sales
      where ss_quantity between 16 and 20
        and (ss_list_price between 136 and 136+10
          or ss_coupon_amt between 9603 and 9603+1000
          or ss_wholesale_cost between 7 and 7+20)) B4,
     (select avg(ss_list_price) B5_LP
            ,count(ss_list_price) B5_CNT
            ,count(distinct ss_list_price) B5_CNTD
      from store_sales
      where ss_quantity between 21 and 25
        and (ss_list_price between 4 and 4+10
          or ss_coupon_amt between 1218 and 1218+1000
          or ss_wholesale_cost between 40 and 40+20)) B5,
     (select avg(ss_list_price) B6_LP
            ,count(ss_list_price) B6_CNT
            ,count(distinct ss_list_price) B6_CNTD
      from store_sales
      where ss_quantity between 26 and 30
        and (ss_list_price between 120 and 120+10
          or ss_coupon_amt between 3604 and 3604+1000
          or ss_wholesale_cost between 26 and 26+20)) B6
limit 100;
psql:/tmp/s1-basline/throughput/query_5.sql:1968: NOTICE:  duration: 1568.428 ms  plan:
Query Text: select  *
from (select avg(ss_list_price) B1_LP
            ,count(ss_list_price) B1_CNT
            ,count(distinct ss_list_price) B1_CNTD
      from store_sales
      where ss_quantity between 0 and 5
        and (ss_list_price between 174 and 174+10 
             or ss_coupon_amt between 13152 and 13152+1000
             or ss_wholesale_cost between 18 and 18+20)) B1,
     (select avg(ss_list_price) B2_LP
            ,count(ss_list_price) B2_CNT
            ,count(distinct ss_list_price) B2_CNTD
      from store_sales
      where ss_quantity between 6 and 10
        and (ss_list_price between 43 and 43+10
          or ss_coupon_amt between 5393 and 5393+1000
          or ss_wholesale_cost between 28 and 28+20)) B2,
     (select avg(ss_list_price) B3_LP
            ,count(ss_list_price) B3_CNT
            ,count(distinct ss_list_price) B3_CNTD
      from store_sales
      where ss_quantity between 11 and 15
        and (ss_list_price between 83 and 83+10
          or ss_coupon_amt between 275 and 275+1000
          or ss_wholesale_cost between 33 and 33+20)) B3,
     (select avg(ss_list_price) B4_LP
            ,count(ss_list_price) B4_CNT
            ,count(distinct ss_list_price) B4_CNTD
      from store_sales
      where ss_quantity between 16 and 20
        and (ss_list_price between 136 and 136+10
          or ss_coupon_amt between 9603 and 9603+1000
          or ss_wholesale_cost between 7 and 7+20)) B4,
     (select avg(ss_list_price) B5_LP
            ,count(ss_list_price) B5_CNT
            ,count(distinct ss_list_price) B5_CNTD
      from store_sales
      where ss_quantity between 21 and 25
        and (ss_list_price between 4 and 4+10
          or ss_coupon_amt between 1218 and 1218+1000
          or ss_wholesale_cost between 40 and 40+20)) B5,
     (select avg(ss_list_price) B6_LP
            ,count(ss_list_price) B6_CNT
            ,count(distinct ss_list_price) B6_CNTD
      from store_sales
      where ss_quantity between 26 and 30
        and (ss_list_price between 120 and 120+10
          or ss_coupon_amt between 3604 and 3604+1000
          or ss_wholesale_cost between 26 and 26+20)) B6
limit 100;
Limit  (cost=685407.26..685407.43 rows=1 width=144) (actual time=1501.358..1568.415 rows=1 loops=1)
  ->  Nested Loop  (cost=685407.26..685407.43 rows=1 width=144) (actual time=1501.357..1568.414 rows=1 loops=1)
        ->  Nested Loop  (cost=571315.06..571315.20 rows=1 width=120) (actual time=1251.985..1252.446 rows=1 loops=1)
              ->  Nested Loop  (cost=456713.64..456713.75 rows=1 width=96) (actual time=997.701..998.089 rows=1 loops=1)
                    ->  Nested Loop  (cost=342769.79..342769.87 rows=1 width=72) (actual time=749.798..750.113 rows=1 loops=1)
                          ->  Nested Loop  (cost=227731.92..227731.97 rows=1 width=48) (actual time=495.584..495.826 rows=1 loops=1)
                                ->  Aggregate  (cost=113403.34..113403.35 rows=1 width=24) (actual time=246.274..246.425 rows=1 loops=1)
                                      ->  Gather  (cost=1000.00..113206.94 rows=26186 width=8) (actual time=0.272..239.925 rows=28007 loops=1)
                                            Workers Planned: 2
                                            Workers Launched: 2
                                            ->  Parallel Seq Scan on store_sales  (cost=0.00..109588.34 rows=10911 width=8) (actual time=0.112..236.316 rows=9336 loops=3)
                                                  Filter: ((ss_quantity >= 0) AND (ss_quantity <= 5) AND (((ss_list_price >= '174'::double precision) AND (ss_list_price <= '184'::double precision)) OR ((ss_coupon_amt >= '13152'::double precision) AND (ss_coupon_amt <= '14152'::double precision)) OR ((ss_wholesale_cost >= '18'::double precision) AND (ss_wholesale_cost <= '38'::double precision))))
                                                  Rows Removed by Filter: 938814
                                ->  Aggregate  (cost=114328.59..114328.60 rows=1 width=24) (actual time=249.306..249.396 rows=1 loops=1)
                                      ->  Gather  (cost=1000.00..114067.64 rows=34793 width=8) (actual time=0.297..242.612 rows=29176 loops=1)
                                            Workers Planned: 2
                                            Workers Launched: 2
                                            ->  Parallel Seq Scan on store_sales store_sales_1  (cost=0.00..109588.34 rows=14497 width=8) (actual time=0.052..239.235 rows=9725 loops=3)
                                                  Filter: ((ss_quantity >= 6) AND (ss_quantity <= 10) AND (((ss_list_price >= '43'::double precision) AND (ss_list_price <= '53'::double precision)) OR ((ss_coupon_amt >= '5393'::double precision) AND (ss_coupon_amt <= '6393'::double precision)) OR ((ss_wholesale_cost >= '28'::double precision) AND (ss_wholesale_cost <= '48'::double precision))))
                                                  Rows Removed by Filter: 938425
                          ->  Aggregate  (cost=115037.87..115037.88 rows=1 width=24) (actual time=254.211..254.283 rows=1 loops=1)
                                ->  Gather  (cost=1000.00..114727.44 rows=41391 width=8) (actual time=0.309..244.958 rows=39248 loops=1)
                                      Workers Planned: 2
                                      Workers Launched: 2
                                      ->  Parallel Seq Scan on store_sales store_sales_2  (cost=0.00..109588.34 rows=17246 width=8) (actual time=0.031..241.510 rows=13083 loops=3)
                                            Filter: ((ss_quantity >= 11) AND (ss_quantity <= 15) AND (((ss_list_price >= '83'::double precision) AND (ss_list_price <= '93'::double precision)) OR ((ss_coupon_amt >= '275'::double precision) AND (ss_coupon_amt <= '1275'::double precision)) OR ((ss_wholesale_cost >= '33'::double precision) AND (ss_wholesale_cost <= '53'::double precision))))
                                            Rows Removed by Filter: 935067
                    ->  Aggregate  (cost=113943.84..113943.85 rows=1 width=24) (actual time=247.899..247.971 rows=1 loops=1)
                          ->  Gather  (cost=1000.00..113709.74 rows=31214 width=8) (actual time=0.311..240.778 rows=31556 loops=1)
                                Workers Planned: 2
                                Workers Launched: 2
                                ->  Parallel Seq Scan on store_sales store_sales_3  (cost=0.00..109588.34 rows=13006 width=8) (actual time=0.066..237.242 rows=10519 loops=3)
                                      Filter: ((ss_quantity >= 16) AND (ss_quantity <= 20) AND (((ss_list_price >= '136'::double precision) AND (ss_list_price <= '146'::double precision)) OR ((ss_coupon_amt >= '9603'::double precision) AND (ss_coupon_amt <= '10603'::double precision)) OR ((ss_wholesale_cost >= '7'::double precision) AND (ss_wholesale_cost <= '27'::double precision))))
                                      Rows Removed by Filter: 937631
              ->  Aggregate  (cost=114601.42..114601.43 rows=1 width=24) (actual time=254.281..254.352 rows=1 loops=1)
                    ->  Gather  (cost=1000.00..114321.44 rows=37331 width=8) (actual time=0.317..245.401 rows=37902 loops=1)
                          Workers Planned: 2
                          Workers Launched: 2
                          ->  Parallel Seq Scan on store_sales store_sales_4  (cost=0.00..109588.34 rows=15555 width=8) (actual time=0.050..241.983 rows=12634 loops=3)
                                Filter: ((ss_quantity >= 21) AND (ss_quantity <= 25) AND (((ss_list_price >= '4'::double precision) AND (ss_list_price <= '14'::double precision)) OR ((ss_coupon_amt >= '1218'::double precision) AND (ss_coupon_amt <= '2218'::double precision)) OR ((ss_wholesale_cost >= '40'::double precision) AND (ss_wholesale_cost <= '60'::double precision))))
                                Rows Removed by Filter: 935516
        ->  Aggregate  (cost=114092.19..114092.20 rows=1 width=24) (actual time=249.368..315.963 rows=1 loops=1)
              ->  Gather  (cost=1000.00..113847.74 rows=32594 width=8) (actual time=0.297..308.242 rows=33303 loops=1)
                    Workers Planned: 2
                    Workers Launched: 2
                    ->  Parallel Seq Scan on store_sales store_sales_5  (cost=0.00..109588.34 rows=13581 width=8) (actual time=0.036..238.209 rows=11101 loops=3)
                          Filter: ((ss_quantity >= 26) AND (ss_quantity <= 30) AND (((ss_list_price >= '120'::double precision) AND (ss_list_price <= '130'::double precision)) OR ((ss_coupon_amt >= '3604'::double precision) AND (ss_coupon_amt <= '4604'::double precision)) OR ((ss_wholesale_cost >= '26'::double precision) AND (ss_wholesale_cost <= '46'::double precision))))
                          Rows Removed by Filter: 937049
       b1_lp        | b1_cnt | b1_cntd |       b2_lp        | b2_cnt | b2_cntd |       b3_lp       | b3_cnt | b3_cntd |       b4_lp       | b4_cnt | b4_cntd |       b5_lp       | b5_cnt | b5_cntd |       b6_lp       | b6_cnt | b6_cntd 
--------------------+--------+---------+--------------------+--------+---------+-------------------+--------+---------+-------------------+--------+---------+-------------------+--------+---------+-------------------+--------+---------
 49.706707308248895 |  27640 |    5927 | 56.164563695592186 |  28856 |    5891 | 75.78449391044627 |  38837 |    9608 | 42.73227456258395 |  31206 |    5251 | 60.50682421823075 |  37575 |    8900 | 67.63138074298708 |  32975 |    6827
(1 row)

UPDATE time_statistics SET e_time = TRANSACTION_TIMESTAMP() WHERE template = 'query28.tpl' AND stream = 5;
psql:/tmp/s1-basline/throughput/query_5.sql:1970: NOTICE:  duration: 0.092 ms  plan:
Query Text: UPDATE time_statistics SET e_time = TRANSACTION_TIMESTAMP() WHERE template = 'query28.tpl' AND stream = 5;
Update on time_statistics  (cost=0.00..16.72 rows=0 width=0) (actual time=0.091..0.091 rows=0 loops=1)
  ->  Seq Scan on time_statistics  (cost=0.00..16.72 rows=1 width=14) (actual time=0.076..0.076 rows=1 loops=1)
        Filter: ((template = 'query28.tpl'::text) AND (stream = 5))
        Rows Removed by Filter: 587
UPDATE 1
LOAD 'auto_explain'; SET auto_explain.log_min_duration TO 0; SET auto_explain.log_analyze TO on; SET auto_explain.log_level TO notice; INSERT INTO time_statistics (template, s_time, stream, query, seed) VALUES ('query42.tpl', TRANSACTION_TIMESTAMP(), 5, 37, 282392497);
LOAD
SET
SET
SET
psql:/tmp/s1-basline/throughput/query_5.sql:1971: NOTICE:  duration: 0.008 ms  plan:
Query Text: INSERT INTO time_statistics (template, s_time, stream, query, seed) VALUES ('query42.tpl', TRANSACTION_TIMESTAMP(), 5, 37, 282392497);
Insert on time_statistics  (cost=0.00..0.01 rows=0 width=0) (actual time=0.008..0.008 rows=0 loops=1)
  ->  Result  (cost=0.00..0.01 rows=1 width=64) (actual time=0.001..0.001 rows=1 loops=1)
INSERT 0 1
select  dt.d_year
 	,item.i_category_id
 	,item.i_category
 	,sum(ss_ext_sales_price)
 from 	date_dim dt
 	,store_sales
 	,item
 where dt.d_date_sk = store_sales.ss_sold_date_sk
 	and store_sales.ss_item_sk = item.i_item_sk
 	and item.i_manager_id = 1  	
 	and dt.d_moy=12
 	and dt.d_year=1998
 group by 	dt.d_year
 		,item.i_category_id
 		,item.i_category
 order by       sum(ss_ext_sales_price) desc,dt.d_year
 		,item.i_category_id
 		,item.i_category
limit 100 ;
psql:/tmp/s1-basline/throughput/query_5.sql:1990: NOTICE:  duration: 189.468 ms  plan:
Query Text: select  dt.d_year
 	,item.i_category_id
 	,item.i_category
 	,sum(ss_ext_sales_price)
 from 	date_dim dt
 	,store_sales
 	,item
 where dt.d_date_sk = store_sales.ss_sold_date_sk
 	and store_sales.ss_item_sk = item.i_item_sk
 	and item.i_manager_id = 1  	
 	and dt.d_moy=12
 	and dt.d_year=1998
 group by 	dt.d_year
 		,item.i_category_id
 		,item.i_category
 order by       sum(ss_ext_sales_price) desc,dt.d_year
 		,item.i_category_id
 		,item.i_category
limit 100 ;
Limit  (cost=43383.76..43383.81 rows=20 width=67) (actual time=189.451..189.455 rows=10 loops=1)
  ->  Sort  (cost=43383.76..43383.81 rows=20 width=67) (actual time=189.451..189.453 rows=10 loops=1)
        Sort Key: (sum(store_sales.ss_ext_sales_price)) DESC, item.i_category_id, item.i_category
        Sort Method: quicksort  Memory: 26kB
        ->  GroupAggregate  (cost=43382.88..43383.33 rows=20 width=67) (actual time=189.125..189.444 rows=10 loops=1)
              Group Key: dt.d_year, item.i_category_id, item.i_category
              ->  Sort  (cost=43382.88..43382.93 rows=20 width=67) (actual time=189.074..189.133 rows=1546 loops=1)
                    Sort Key: item.i_category_id, item.i_category
                    Sort Method: quicksort  Memory: 217kB
                    ->  Nested Loop  (cost=0.72..43382.44 rows=20 width=67) (actual time=4.864..188.653 rows=1546 loops=1)
                          ->  Nested Loop  (cost=0.43..43021.47 rows=1172 width=20) (actual time=4.132..51.543 rows=92473 loops=1)
                                ->  Seq Scan on date_dim dt  (cost=0.00..2500.73 rows=31 width=12) (actual time=4.122..8.778 rows=31 loops=1)
                                      Filter: ((d_moy = 12) AND (d_year = 1998))
                                      Rows Removed by Filter: 73018
                                ->  Index Scan using i_ss_sold_date_sk on store_sales  (cost=0.43..1291.97 rows=1515 width=24) (actual time=0.005..0.944 rows=2983 loops=31)
                                      Index Cond: (ss_sold_date_sk = dt.d_date_sk)
                          ->  Index Scan using pk_item on item  (cost=0.29..0.31 rows=1 width=63) (actual time=0.001..0.001 rows=0 loops=92473)
                                Index Cond: (i_item_sk = store_sales.ss_item_sk)
                                Filter: (i_manager_id = 1)
                                Rows Removed by Filter: 1
 d_year | i_category_id |                     i_category                     |        sum         
--------+---------------+----------------------------------------------------+--------------------
   1998 |             3 | Children                                           |          370483.26
   1998 |             6 | Jewelry                                            | 355741.23000000004
   1998 |             1 | Women                                              |          338898.41
   1998 |             4 | Shoes                                              | 315600.25000000006
   1998 |             8 | Sports                                             |          309507.18
   1998 |             2 | Men                                                |  297811.6500000001
   1998 |             5 | Music                                              | 287880.18000000005
   1998 |            10 | Electronics                                        | 266310.76999999996
   1998 |             7 | Home                                               | 185297.28999999983
   1998 |             9 | Books                                              |          146673.85
(10 rows)

UPDATE time_statistics SET e_time = TRANSACTION_TIMESTAMP() WHERE template = 'query42.tpl' AND stream = 5;
psql:/tmp/s1-basline/throughput/query_5.sql:1992: NOTICE:  duration: 0.089 ms  plan:
Query Text: UPDATE time_statistics SET e_time = TRANSACTION_TIMESTAMP() WHERE template = 'query42.tpl' AND stream = 5;
Update on time_statistics  (cost=0.00..16.72 rows=0 width=0) (actual time=0.089..0.089 rows=0 loops=1)
  ->  Seq Scan on time_statistics  (cost=0.00..16.72 rows=1 width=14) (actual time=0.074..0.074 rows=1 loops=1)
        Filter: ((template = 'query42.tpl'::text) AND (stream = 5))
        Rows Removed by Filter: 588
UPDATE 1
LOAD 'auto_explain'; SET auto_explain.log_min_duration TO 0; SET auto_explain.log_analyze TO on; SET auto_explain.log_level TO notice; INSERT INTO time_statistics (template, s_time, stream, query, seed) VALUES ('query67.tpl', TRANSACTION_TIMESTAMP(), 5, 38, 231837209);
LOAD
SET
SET
SET
psql:/tmp/s1-basline/throughput/query_5.sql:1993: NOTICE:  duration: 0.009 ms  plan:
Query Text: INSERT INTO time_statistics (template, s_time, stream, query, seed) VALUES ('query67.tpl', TRANSACTION_TIMESTAMP(), 5, 38, 231837209);
Insert on time_statistics  (cost=0.00..0.01 rows=0 width=0) (actual time=0.009..0.009 rows=0 loops=1)
  ->  Result  (cost=0.00..0.01 rows=1 width=64) (actual time=0.002..0.002 rows=1 loops=1)
INSERT 0 1
select  *
from (select i_category
            ,i_class
            ,i_brand
            ,i_product_name
            ,d_year
            ,d_qoy
            ,d_moy
            ,s_store_id
            ,sumsales
            ,rank() over (partition by i_category order by sumsales desc) rk
      from (select i_category
                  ,i_class
                  ,i_brand
                  ,i_product_name
                  ,d_year
                  ,d_qoy
                  ,d_moy
                  ,s_store_id
                  ,sum(coalesce(ss_sales_price*ss_quantity,0)) sumsales
            from store_sales
                ,date_dim
                ,store
                ,item
       where  ss_sold_date_sk=d_date_sk
          and ss_item_sk=i_item_sk
          and ss_store_sk = s_store_sk
          and d_month_seq between 1206 and 1206+11
       group by  rollup(i_category, i_class, i_brand, i_product_name, d_year, d_qoy, d_moy,s_store_id))dw1) dw2
where rk <= 100
order by i_category
        ,i_class
        ,i_brand
        ,i_product_name
        ,d_year
        ,d_qoy
        ,d_moy
        ,s_store_id
        ,sumsales
        ,rk
limit 100;
psql:/tmp/s1-basline/throughput/query_5.sql:2034: NOTICE:  duration: 2053.790 ms  plan:
Query Text: select  *
from (select i_category
            ,i_class
            ,i_brand
            ,i_product_name
            ,d_year
            ,d_qoy
            ,d_moy
            ,s_store_id
            ,sumsales
            ,rank() over (partition by i_category order by sumsales desc) rk
      from (select i_category
                  ,i_class
                  ,i_brand
                  ,i_product_name
                  ,d_year
                  ,d_qoy
                  ,d_moy
                  ,s_store_id
                  ,sum(coalesce(ss_sales_price*ss_quantity,0)) sumsales
            from store_sales
                ,date_dim
                ,store
                ,item
       where  ss_sold_date_sk=d_date_sk
          and ss_item_sk=i_item_sk
          and ss_store_sk = s_store_sk
          and d_month_seq between 1206 and 1206+11
       group by  rollup(i_category, i_class, i_brand, i_product_name, d_year, d_qoy, d_moy,s_store_id))dw1) dw2
where rk <= 100
order by i_category
        ,i_class
        ,i_brand
        ,i_product_name
        ,d_year
        ,d_qoy
        ,d_moy
        ,s_store_id
        ,sumsales
        ,rk
limit 100;
Limit  (cost=94213.78..94236.32 rows=100 width=249) (actual time=1968.947..2053.714 rows=100 loops=1)
  ->  Incremental Sort  (cost=94213.78..108984.36 rows=65521 width=249) (actual time=1968.946..2053.707 rows=100 loops=1)
        Sort Key: dw1.i_category, dw1.i_class, dw1.i_brand, dw1.i_product_name, dw1.d_year, dw1.d_qoy, dw1.d_moy, dw1.s_store_id, dw1.sumsales, (rank() OVER (?))
        Presorted Key: dw1.i_category
        Full-sort Groups: 1  Sort Method: quicksort  Average Memory: 42kB  Peak Memory: 42kB
        Pre-sorted Groups: 1  Sort Method: quicksort  Average Memory: 51kB  Peak Memory: 51kB
        ->  WindowAgg  (cost=94144.10..103667.98 rows=65521 width=249) (actual time=1816.958..2053.396 rows=101 loops=1)
              Run Condition: (rank() OVER (?) <= 100)
              ->  Incremental Sort  (cost=94144.10..102521.37 rows=65521 width=241) (actual time=1816.946..2045.638 rows=55589 loops=1)
                    Sort Key: dw1.i_category, dw1.sumsales DESC
                    Presorted Key: dw1.i_category
                    Full-sort Groups: 2  Sort Method: quicksort  Average Memory: 42kB  Peak Memory: 42kB
                    Pre-sorted Groups: 2  Sort Method: external merge  Average Disk: 13848kB  Peak Disk: 13848kB
                    ->  Subquery Scan on dw1  (cost=94106.55..97222.89 rows=65521 width=241) (actual time=1653.497..1959.618 rows=108548 loops=1)
                          ->  GroupAggregate  (cost=94106.55..96567.68 rows=65521 width=241) (actual time=1653.495..1949.974 rows=108548 loops=1)
                                Group Key: item.i_category, item.i_class, item.i_brand, item.i_product_name, date_dim.d_year, date_dim.d_qoy, date_dim.d_moy, store.s_store_id
                                Group Key: item.i_category, item.i_class, item.i_brand, item.i_product_name, date_dim.d_year, date_dim.d_qoy, date_dim.d_moy
                                Group Key: item.i_category, item.i_class, item.i_brand, item.i_product_name, date_dim.d_year, date_dim.d_qoy
                                Group Key: item.i_category, item.i_class, item.i_brand, item.i_product_name, date_dim.d_year
                                Group Key: item.i_category, item.i_class, item.i_brand, item.i_product_name
                                Group Key: item.i_category, item.i_class, item.i_brand
                                Group Key: item.i_category, item.i_class
                                Group Key: item.i_category
                                Group Key: ()
                                ->  Gather Merge  (cost=94106.55..95567.51 rows=12544 width=245) (actual time=1653.481..1864.321 rows=107765 loops=1)
                                      Workers Planned: 2
                                      Workers Launched: 2
                                      ->  Sort  (cost=93106.53..93119.60 rows=5227 width=245) (actual time=1515.759..1556.535 rows=36062 loops=3)
                                            Sort Key: item.i_category, item.i_class, item.i_brand, item.i_product_name, date_dim.d_year, date_dim.d_qoy, date_dim.d_moy, store.s_store_id
                                            Sort Method: external merge  Disk: 51760kB
                                            Worker 0:  Sort Method: external merge  Disk: 41568kB
                                            Worker 1:  Sort Method: external merge  Disk: 41064kB
                                            ->  Nested Loop  (cost=2506.64..92783.71 rows=5227 width=245) (actual time=14.480..663.354 rows=175056 loops=3)
                                                  ->  Hash Join  (cost=2506.35..91186.89 rows=5227 width=49) (actual time=14.418..316.905 rows=175056 loops=3)
                                                        Hash Cond: (store_sales.ss_store_sk = store.s_store_sk)
                                                        ->  Hash Join  (cost=2505.08..91166.38 rows=5482 width=40) (actual time=14.284..287.636 rows=179255 loops=3)
                                                              Hash Cond: (store_sales.ss_sold_date_sk = date_dim.d_date_sk)
                                                              ->  Parallel Seq Scan on store_sales  (cost=0.00..85499.45 rows=1204445 width=36) (actual time=0.015..131.283 rows=948150 loops=3)
                                                              ->  Hash  (cost=2500.73..2500.73 rows=348 width=20) (actual time=14.230..14.231 rows=365 loops=3)
                                                                    Buckets: 1024  Batches: 1  Memory Usage: 28kB
                                                                    ->  Seq Scan on date_dim  (cost=0.00..2500.73 rows=348 width=20) (actual time=6.447..14.170 rows=365 loops=3)
                                                                          Filter: ((d_month_seq >= 1206) AND (d_month_seq <= 1217))
                                                                          Rows Removed by Filter: 72684
                                                        ->  Hash  (cost=1.12..1.12 rows=12 width=25) (actual time=0.030..0.031 rows=12 loops=3)
                                                              Buckets: 1024  Batches: 1  Memory Usage: 9kB
                                                              ->  Seq Scan on store  (cost=0.00..1.12 rows=12 width=25) (actual time=0.025..0.026 rows=12 loops=3)
                                                  ->  Index Scan using pk_item on item  (cost=0.29..0.31 rows=1 width=212) (actual time=0.002..0.002 rows=1 loops=525169)
                                                        Index Cond: (i_item_sk = store_sales.ss_item_sk)
                     i_category                     |                      i_class                       |                      i_brand                       | i_product_name | d_year | d_qoy | d_moy | s_store_id |      sumsales      | rk  
----------------------------------------------------+----------------------------------------------------+----------------------------------------------------+----------------+--------+-------+-------+------------+--------------------+-----
 Books                                              | arts                                               | amalgmaxi #12                                      |                |        |       |       |            |         1577220.85 |  22
 Books                                              | arts                                               | amalgmaxi #2                                       |                |        |       |       |            | 1534717.0500000005 |  24
 Books                                              | arts                                               | amalgmaxi #6                                       |                |        |       |       |            | 1600159.5800000008 |  21
 Books                                              | arts                                               | amalgmaxi #8                                       |                |        |       |       |            |         1267299.68 |  36
 Books                                              | arts                                               | amalgmaxi #9                                       |                |        |       |       |            |  875858.5700000004 |  72
 Books                                              | arts                                               |                                                    |                |        |       |       |            |  8352650.660000014 |   2
 Books                                              | business                                           | importomaxi #12                                    |                |        |       |       |            |  784668.8500000006 |  82
 Books                                              | business                                           | importomaxi #2                                     |                |        |       |       |            | 1459322.1300000004 |  28
 Books                                              | business                                           | importomaxi #6                                     |                |        |       |       |            | 1064505.8399999992 |  50
 Books                                              | business                                           | importomaxi #8                                     |                |        |       |       |            |  972368.7000000004 |  61
 Books                                              | business                                           | importomaxi #9                                     |                |        |       |       |            |          585043.56 |  96
 Books                                              | business                                           |                                                    |                |        |       |       |            |   5974029.67000001 |  10
 Books                                              | computers                                          | exportimaxi #12                                    |                |        |       |       |            |  847238.1999999993 |  75
 Books                                              | computers                                          | exportimaxi #2                                     |                |        |       |       |            | 1318808.5900000015 |  32
 Books                                              | computers                                          | exportimaxi #3                                     |                |        |       |       |            |  1106098.679999999 |  47
 Books                                              | computers                                          | exportimaxi #6                                     |                |        |       |       |            |  948116.0699999993 |  63
 Books                                              | computers                                          | exportimaxi #8                                     |                |        |       |       |            |  1032261.159999999 |  54
 Books                                              | computers                                          | exportimaxi #9                                     |                |        |       |       |            |          787906.83 |  81
 Books                                              | computers                                          |                                                    |                |        |       |       |            |  6572849.960000001 |   8
 Books                                              | cooking                                            | amalgunivamalg #12                                 |                |        |       |       |            |  572200.2200000003 |  99
 Books                                              | cooking                                            | amalgunivamalg #2                                  |                |        |       |       |            |  674693.0099999998 |  91
 Books                                              | cooking                                            | amalgunivamalg #3                                  |                |        |       |       |            |  853817.9800000001 |  74
 Books                                              | cooking                                            | amalgunivamalg #6                                  |                |        |       |       |            | 1031992.0000000006 |  55
 Books                                              | cooking                                            | amalgunivamalg #8                                  |                |        |       |       |            | 1285796.9900000016 |  33
 Books                                              | cooking                                            | amalgunivamalg #9                                  |                |        |       |       |            |          646843.46 |  93
 Books                                              | cooking                                            |                                                    |                |        |       |       |            | 5757613.1299999915 |  16
 Books                                              | entertainments                                     | edu packmaxi #12                                   |                |        |       |       |            | 1022146.8000000005 |  56
 Books                                              | entertainments                                     | edu packmaxi #2                                    |                |        |       |       |            | 1140547.5099999995 |  44
 Books                                              | entertainments                                     | edu packmaxi #6                                    |                |        |       |       |            |  939178.3999999994 |  65
 Books                                              | entertainments                                     | edu packmaxi #8                                    |                |        |       |       |            | 2262188.1300000036 |  18
 Books                                              | entertainments                                     | edu packmaxi #9                                    |                |        |       |       |            |  576083.4400000001 |  98
 Books                                              | entertainments                                     |                                                    |                |        |       |       |            |  7167754.990000017 |   6
 Books                                              | fiction                                            | scholarunivamalg #12                               |                |        |       |       |            | 1000071.8299999997 |  58
 Books                                              | fiction                                            | scholarunivamalg #2                                |                |        |       |       |            | 1552202.7599999995 |  23
 Books                                              | fiction                                            | scholarunivamalg #3                                |                |        |       |       |            |          743252.31 |  85
 Books                                              | fiction                                            | scholarunivamalg #6                                |                |        |       |       |            | 1275411.0600000022 |  35
 Books                                              | fiction                                            | scholarunivamalg #8                                |                |        |       |       |            | 1398158.1300000022 |  29
 Books                                              | fiction                                            | scholarunivamalg #9                                |                |        |       |       |            |  742611.5599999997 |  86
 Books                                              | fiction                                            |                                                    |                |        |       |       |            |  7496472.129999982 |   3
 Books                                              | history                                            | scholarmaxi #12                                    |                |        |       |       |            |          720957.45 |  88
 Books                                              | history                                            | scholarmaxi #2                                     |                |        |       |       |            | 1897499.2800000007 |  19
 Books                                              | history                                            | scholarmaxi #3                                     |                |        |       |       |            |         1094754.29 |  48
 Books                                              | history                                            | scholarmaxi #8                                     |                |        |       |       |            |  898619.2199999989 |  69
 Books                                              | history                                            | scholarmaxi #9                                     |                |        |       |       |            | 1002771.5199999998 |  57
 Books                                              | history                                            |                                                    |                |        |       |       |            |  7083626.999999989 |   7
 Books                                              | home repair                                        | importounivamalg #10                               |                |        |       |       |            |  570419.0299999998 | 100
 Books                                              | home repair                                        | importounivamalg #12                               |                |        |       |       |            | 1727842.7799999972 |  20
 Books                                              | home repair                                        | importounivamalg #2                                |                |        |       |       |            | 1262326.3499999999 |  38
 Books                                              | home repair                                        | importounivamalg #3                                |                |        |       |       |            |  790297.0499999998 |  80
 Books                                              | home repair                                        | importounivamalg #6                                |                |        |       |       |            | 1148761.8899999987 |  42
 Books                                              | home repair                                        | importounivamalg #9                                |                |        |       |       |            |  994715.0499999995 |  59
 Books                                              | home repair                                        |                                                    |                |        |       |       |            | 7327551.8699999945 |   4
 Books                                              | mystery                                            | corpunivamalg #12                                  |                |        |       |       |            | 1523771.3500000017 |  25
 Books                                              | mystery                                            | corpunivamalg #6                                   |                |        |       |       |            |  925568.5500000004 |  67
 Books                                              | mystery                                            | corpunivamalg #8                                   |                |        |       |       |            | 1468963.1900000002 |  26
 Books                                              | mystery                                            |                                                    |                |        |       |       |            |  5806455.640000003 |  13
 Books                                              | parenting                                          | corpmaxi #12                                       |                |        |       |       |            | 1284251.7199999988 |  34
 Books                                              | parenting                                          | corpmaxi #2                                        |                |        |       |       |            |  809517.1799999996 |  77
 Books                                              | parenting                                          | corpmaxi #3                                        |                |        |       |       |            |  701823.7499999999 |  90
 Books                                              | parenting                                          | corpmaxi #6                                        |                |        |       |       |            |         1223316.12 |  39
 Books                                              | parenting                                          | corpmaxi #8                                        |                |        |       |       |            |  940129.3999999998 |  64
 Books                                              | parenting                                          |                                                    |                |        |       |       |            |  5890533.809999995 |  12
 Books                                              | reference                                          | brandmaxi #12                                      |                |        |       |       |            | 1071324.8699999987 |  49
 Books                                              | reference                                          | brandmaxi #2                                       |                |        |       |       |            |  717607.6500000001 |  89
 Books                                              | reference                                          | brandmaxi #3                                       |                |        |       |       |            |  920380.2499999998 |  68
 Books                                              | reference                                          | brandmaxi #8                                       |                |        |       |       |            |  987684.7999999999 |  60
 Books                                              | reference                                          | brandmaxi #9                                       |                |        |       |       |            |  796139.3900000001 |  78
 Books                                              | reference                                          |                                                    |                |        |       |       |            |  5789326.410000009 |  15
 Books                                              | romance                                            | namelessmaxi #12                                   |                |        |       |       |            | 1206581.8499999999 |  40
 Books                                              | romance                                            | namelessmaxi #2                                    |                |        |       |       |            |          795577.61 |  79
 Books                                              | romance                                            | namelessmaxi #3                                    |                |        |       |       |            |          612847.63 |  95
 Books                                              | romance                                            | namelessmaxi #6                                    |                |        |       |       |            |         1129415.46 |  45
 Books                                              | romance                                            | namelessmaxi #8                                    |                |        |       |       |            |  969462.8000000011 |  62
 Books                                              | romance                                            |                                                    |                |        |       |       |            |  5792318.829999991 |  14
 Books                                              | science                                            | maximaxi #12                                       |                |        |       |       |            | 1359419.7400000019 |  31
 Books                                              | science                                            | maximaxi #2                                        |                |        |       |       |            |  893890.3399999994 |  70
 Books                                              | science                                            | maximaxi #6                                        |                |        |       |       |            |  937152.3900000011 |  66
 Books                                              | science                                            | maximaxi #8                                        |                |        |       |       |            |  741627.5599999996 |  87
 Books                                              | science                                            | maximaxi #9                                        |                |        |       |       |            |  582611.1099999996 |  97
 Books                                              | science                                            |                                                    |                |        |       |       |            |  5614349.870000001 |  17
 Books                                              | self-help                                          | exportiunivamalg #12                               |                |        |       |       |            |  644672.1400000001 |  94
 Books                                              | self-help                                          | exportiunivamalg #2                                |                |        |       |       |            |  893493.4099999997 |  71
 Books                                              | self-help                                          | exportiunivamalg #3                                |                |        |       |       |            | 1064125.6100000006 |  51
 Books                                              | self-help                                          | exportiunivamalg #6                                |                |        |       |       |            |  833427.2900000005 |  76
 Books                                              | self-help                                          | exportiunivamalg #8                                |                |        |       |       |            | 1116781.1299999997 |  46
 Books                                              | self-help                                          |                                                    |                |        |       |       |            |  5934753.679999986 |  11
 Books                                              | sports                                             | edu packunivamalg #12                              |                |        |       |       |            |  764267.8599999999 |  83
 Books                                              | sports                                             | edu packunivamalg #3                               |                |        |       |       |            |  758078.9199999999 |  84
 Books                                              | sports                                             | edu packunivamalg #6                               |                |        |       |       |            | 1467331.4099999985 |  27
 Books                                              | sports                                             | edu packunivamalg #8                               |                |        |       |       |            |  1179029.359999999 |  41
 Books                                              | sports                                             | edu packunivamalg #9                               |                |        |       |       |            | 1046910.8099999999 |  53
 Books                                              | sports                                             |                                                    |                |        |       |       |            |  6530191.930000008 |   9
 Books                                              | travel                                             | univunivamalg #10                                  |                |        |       |       |            |  657399.4400000001 |  92
 Books                                              | travel                                             | univunivamalg #12                                  |                |        |       |       |            | 1061069.5500000005 |  52
 Books                                              | travel                                             | univunivamalg #2                                   |                |        |       |       |            | 1141793.5999999992 |  43
 Books                                              | travel                                             | univunivamalg #3                                   |                |        |       |       |            |  870626.5599999999 |  73
 Books                                              | travel                                             | univunivamalg #6                                   |                |        |       |       |            | 1363119.6599999992 |  30
 Books                                              | travel                                             | univunivamalg #8                                   |                |        |       |       |            | 1262983.3600000003 |  37
 Books                                              | travel                                             |                                                    |                |        |       |       |            |  7203640.679999995 |   5
 Books                                              |                                                    |                                                    |                |        |       |       |            | 104297880.59000018 |   1
(100 rows)

UPDATE time_statistics SET e_time = TRANSACTION_TIMESTAMP() WHERE template = 'query67.tpl' AND stream = 5;
psql:/tmp/s1-basline/throughput/query_5.sql:2036: NOTICE:  duration: 0.099 ms  plan:
Query Text: UPDATE time_statistics SET e_time = TRANSACTION_TIMESTAMP() WHERE template = 'query67.tpl' AND stream = 5;
Update on time_statistics  (cost=0.00..16.72 rows=0 width=0) (actual time=0.098..0.098 rows=0 loops=1)
  ->  Seq Scan on time_statistics  (cost=0.00..16.72 rows=1 width=14) (actual time=0.083..0.084 rows=1 loops=1)
        Filter: ((template = 'query67.tpl'::text) AND (stream = 5))
        Rows Removed by Filter: 589
UPDATE 1
LOAD 'auto_explain'; SET auto_explain.log_min_duration TO 0; SET auto_explain.log_analyze TO on; SET auto_explain.log_level TO notice; INSERT INTO time_statistics (template, s_time, stream, query, seed) VALUES ('query50.tpl', TRANSACTION_TIMESTAMP(), 5, 39, 1462747650);
LOAD
SET
SET
SET
psql:/tmp/s1-basline/throughput/query_5.sql:2037: NOTICE:  duration: 0.009 ms  plan:
Query Text: INSERT INTO time_statistics (template, s_time, stream, query, seed) VALUES ('query50.tpl', TRANSACTION_TIMESTAMP(), 5, 39, 1462747650);
Insert on time_statistics  (cost=0.00..0.01 rows=0 width=0) (actual time=0.009..0.009 rows=0 loops=1)
  ->  Result  (cost=0.00..0.01 rows=1 width=64) (actual time=0.001..0.002 rows=1 loops=1)
INSERT 0 1
select  
   s_store_name
  ,s_company_id
  ,s_street_number
  ,s_street_name
  ,s_street_type
  ,s_suite_number
  ,s_city
  ,s_county
  ,s_state
  ,s_zip
  ,sum(case when (sr_returned_date_sk - ss_sold_date_sk <= 30 ) then 1 else 0 end)  as "30 days" 
  ,sum(case when (sr_returned_date_sk - ss_sold_date_sk > 30) and 
                 (sr_returned_date_sk - ss_sold_date_sk <= 60) then 1 else 0 end )  as "31-60 days" 
  ,sum(case when (sr_returned_date_sk - ss_sold_date_sk > 60) and 
                 (sr_returned_date_sk - ss_sold_date_sk <= 90) then 1 else 0 end)  as "61-90 days" 
  ,sum(case when (sr_returned_date_sk - ss_sold_date_sk > 90) and
                 (sr_returned_date_sk - ss_sold_date_sk <= 120) then 1 else 0 end)  as "91-120 days" 
  ,sum(case when (sr_returned_date_sk - ss_sold_date_sk  > 120) then 1 else 0 end)  as ">120 days" 
from
   store_sales
  ,store_returns
  ,store
  ,date_dim d1
  ,date_dim d2
where
    d2.d_year = 1998
and d2.d_moy  = 8
and ss_ticket_number = sr_ticket_number
and ss_item_sk = sr_item_sk
and ss_sold_date_sk   = d1.d_date_sk
and sr_returned_date_sk   = d2.d_date_sk
and ss_customer_sk = sr_customer_sk
and ss_store_sk = s_store_sk
group by
   s_store_name
  ,s_company_id
  ,s_street_number
  ,s_street_name
  ,s_street_type
  ,s_suite_number
  ,s_city
  ,s_county
  ,s_state
  ,s_zip
order by s_store_name
        ,s_company_id
        ,s_street_number
        ,s_street_name
        ,s_street_type
        ,s_suite_number
        ,s_city
        ,s_county
        ,s_state
        ,s_zip
limit 100;
psql:/tmp/s1-basline/throughput/query_5.sql:2093: NOTICE:  duration: 31.400 ms  plan:
Query Text: select  
   s_store_name
  ,s_company_id
  ,s_street_number
  ,s_street_name
  ,s_street_type
  ,s_suite_number
  ,s_city
  ,s_county
  ,s_state
  ,s_zip
  ,sum(case when (sr_returned_date_sk - ss_sold_date_sk <= 30 ) then 1 else 0 end)  as "30 days" 
  ,sum(case when (sr_returned_date_sk - ss_sold_date_sk > 30) and 
                 (sr_returned_date_sk - ss_sold_date_sk <= 60) then 1 else 0 end )  as "31-60 days" 
  ,sum(case when (sr_returned_date_sk - ss_sold_date_sk > 60) and 
                 (sr_returned_date_sk - ss_sold_date_sk <= 90) then 1 else 0 end)  as "61-90 days" 
  ,sum(case when (sr_returned_date_sk - ss_sold_date_sk > 90) and
                 (sr_returned_date_sk - ss_sold_date_sk <= 120) then 1 else 0 end)  as "91-120 days" 
  ,sum(case when (sr_returned_date_sk - ss_sold_date_sk  > 120) then 1 else 0 end)  as ">120 days" 
from
   store_sales
  ,store_returns
  ,store
  ,date_dim d1
  ,date_dim d2
where
    d2.d_year = 1998
and d2.d_moy  = 8
and ss_ticket_number = sr_ticket_number
and ss_item_sk = sr_item_sk
and ss_sold_date_sk   = d1.d_date_sk
and sr_returned_date_sk   = d2.d_date_sk
and ss_customer_sk = sr_customer_sk
and ss_store_sk = s_store_sk
group by
   s_store_name
  ,s_company_id
  ,s_street_number
  ,s_street_name
  ,s_street_type
  ,s_suite_number
  ,s_city
  ,s_county
  ,s_state
  ,s_zip
order by s_store_name
        ,s_company_id
        ,s_street_number
        ,s_street_name
        ,s_street_type
        ,s_suite_number
        ,s_city
        ,s_county
        ,s_state
        ,s_zip
limit 100;
Limit  (cost=6348.46..6348.55 rows=1 width=126) (actual time=30.403..31.384 rows=6 loops=1)
  ->  GroupAggregate  (cost=6348.46..6348.55 rows=1 width=126) (actual time=30.402..31.382 rows=6 loops=1)
        Group Key: store.s_store_name, store.s_company_id, store.s_street_number, store.s_street_name, store.s_street_type, store.s_suite_number, store.s_city, store.s_county, store.s_state, store.s_zip
        ->  Sort  (cost=6348.46..6348.46 rows=1 width=102) (actual time=30.176..30.255 rows=1839 loops=1)
              Sort Key: store.s_store_name, store.s_company_id, store.s_street_number, store.s_street_name, store.s_street_type, store.s_suite_number, store.s_city, store.s_county, store.s_state, store.s_zip
              Sort Method: quicksort  Memory: 317kB
              ->  Nested Loop  (cost=1.15..6348.45 rows=1 width=102) (actual time=4.225..28.086 rows=1839 loops=1)
                    ->  Nested Loop  (cost=0.85..6348.14 rows=1 width=102) (actual time=4.218..26.050 rows=1862 loops=1)
                          Join Filter: (store_sales.ss_store_sk = store.s_store_sk)
                          Rows Removed by Join Filter: 8855
                          ->  Nested Loop  (cost=0.85..6346.87 rows=1 width=24) (actual time=4.202..22.788 rows=1918 loops=1)
                                ->  Nested Loop  (cost=0.42..6253.19 rows=118 width=32) (actual time=4.192..11.944 rows=2678 loops=1)
                                      ->  Seq Scan on date_dim d2  (cost=0.00..2500.73 rows=31 width=8) (actual time=4.183..8.976 rows=31 loops=1)
                                            Filter: ((d_year = 1998) AND (d_moy = 8))
                                            Rows Removed by Filter: 73018
                                      ->  Index Scan using i_sr_returned_date_sk on store_returns  (cost=0.42..119.65 rows=140 width=32) (actual time=0.003..0.084 rows=86 loops=31)
                                            Index Cond: (sr_returned_date_sk = d2.d_date_sk)
                                ->  Index Scan using pk_store_sales on store_sales  (cost=0.43..0.78 rows=1 width=40) (actual time=0.004..0.004 rows=1 loops=2678)
                                      Index Cond: ((ss_item_sk = store_returns.sr_item_sk) AND (ss_ticket_number = store_returns.sr_ticket_number))
                                      Filter: (store_returns.sr_customer_sk = ss_customer_sk)
                                      Rows Removed by Filter: 0
                          ->  Seq Scan on store  (cost=0.00..1.12 rows=12 width=94) (actual time=0.000..0.001 rows=6 loops=1918)
                    ->  Index Only Scan using pk_date_dim on date_dim d1  (cost=0.29..0.31 rows=1 width=8) (actual time=0.001..0.001 rows=1 loops=1862)
                          Index Cond: (d_date_sk = store_sales.ss_sold_date_sk)
                          Heap Fetches: 0
 s_store_name | s_company_id | s_street_number | s_street_name |  s_street_type  | s_suite_number |  s_city  |     s_county      | s_state |   s_zip    | 30 days | 31-60 days | 61-90 days | 91-120 days | >120 days 
--------------+--------------+-----------------+---------------+-----------------+----------------+----------+-------------------+---------+------------+---------+------------+------------+-------------+-----------
 able         |            1 | 495             | Smith         | Dr.             | Suite M        | Fairview | Williamson County | TN      | 35709      |      70 |         46 |         51 |          57 |       105
 ation        |            1 | 424             | Lincoln       | Ln              | Suite 480      | Midway   | Williamson County | TN      | 31904      |      63 |         54 |         49 |          47 |        97
 bar          |            1 | 593             | Ridge         | Dr.             | Suite 190      | Midway   | Williamson County | TN      | 31904      |      69 |         50 |         48 |          59 |       106
 eing         |            1 | 333             | Highland 10th | Way             | Suite S        | Fairview | Williamson County | TN      | 35709      |      65 |         48 |         44 |          41 |        98
 ese          |            1 | 245             | College       | Wy              | Suite 140      | Midway   | Williamson County | TN      | 31904      |      45 |         53 |         37 |          44 |       106
 ought        |            1 | 849             | Elm           | Parkway         | Suite Y        | Midway   | Williamson County | TN      | 31904      |      70 |         49 |         47 |          41 |        80
(6 rows)

UPDATE time_statistics SET e_time = TRANSACTION_TIMESTAMP() WHERE template = 'query50.tpl' AND stream = 5;
psql:/tmp/s1-basline/throughput/query_5.sql:2095: NOTICE:  duration: 0.090 ms  plan:
Query Text: UPDATE time_statistics SET e_time = TRANSACTION_TIMESTAMP() WHERE template = 'query50.tpl' AND stream = 5;
Update on time_statistics  (cost=0.00..16.72 rows=0 width=0) (actual time=0.090..0.090 rows=0 loops=1)
  ->  Seq Scan on time_statistics  (cost=0.00..16.72 rows=1 width=14) (actual time=0.075..0.075 rows=1 loops=1)
        Filter: ((template = 'query50.tpl'::text) AND (stream = 5))
        Rows Removed by Filter: 590
UPDATE 1
LOAD 'auto_explain'; SET auto_explain.log_min_duration TO 0; SET auto_explain.log_analyze TO on; SET auto_explain.log_level TO notice; INSERT INTO time_statistics (template, s_time, stream, query, seed) VALUES ('query30.tpl', TRANSACTION_TIMESTAMP(), 5, 40, 1057881120);
LOAD
SET
SET
SET
psql:/tmp/s1-basline/throughput/query_5.sql:2096: NOTICE:  duration: 0.009 ms  plan:
Query Text: INSERT INTO time_statistics (template, s_time, stream, query, seed) VALUES ('query30.tpl', TRANSACTION_TIMESTAMP(), 5, 40, 1057881120);
Insert on time_statistics  (cost=0.00..0.01 rows=0 width=0) (actual time=0.008..0.008 rows=0 loops=1)
  ->  Result  (cost=0.00..0.01 rows=1 width=64) (actual time=0.001..0.002 rows=1 loops=1)
INSERT 0 1
with customer_total_return as
 (select wr_returning_customer_sk as ctr_customer_sk
        ,ca_state as ctr_state, 
 	sum(wr_return_amt) as ctr_total_return
 from web_returns
     ,date_dim
     ,customer_address
 where wr_returned_date_sk = d_date_sk 
   and d_year =2001
   and wr_returning_addr_sk = ca_address_sk 
 group by wr_returning_customer_sk
         ,ca_state)
  select  c_customer_id,c_salutation,c_first_name,c_last_name,c_preferred_cust_flag
       ,c_birth_day,c_birth_month,c_birth_year,c_birth_country,c_login,c_email_address
       ,c_last_review_date_sk,ctr_total_return
 from customer_total_return ctr1
     ,customer_address
     ,customer
 where ctr1.ctr_total_return > (select avg(ctr_total_return)*1.2
 			  from customer_total_return ctr2 
                  	  where ctr1.ctr_state = ctr2.ctr_state)
       and ca_address_sk = c_current_addr_sk
       and ca_state = 'CO'
       and ctr1.ctr_customer_sk = c_customer_sk
 order by c_customer_id,c_salutation,c_first_name,c_last_name,c_preferred_cust_flag
                  ,c_birth_day,c_birth_month,c_birth_year,c_birth_country,c_login,c_email_address
                  ,c_last_review_date_sk,ctr_total_return
limit 100;
psql:/tmp/s1-basline/throughput/query_5.sql:2124: NOTICE:  duration: 14997.338 ms  plan:
Query Text: with customer_total_return as
 (select wr_returning_customer_sk as ctr_customer_sk
        ,ca_state as ctr_state, 
 	sum(wr_return_amt) as ctr_total_return
 from web_returns
     ,date_dim
     ,customer_address
 where wr_returned_date_sk = d_date_sk 
   and d_year =2001
   and wr_returning_addr_sk = ca_address_sk 
 group by wr_returning_customer_sk
         ,ca_state)
  select  c_customer_id,c_salutation,c_first_name,c_last_name,c_preferred_cust_flag
       ,c_birth_day,c_birth_month,c_birth_year,c_birth_country,c_login,c_email_address
       ,c_last_review_date_sk,ctr_total_return
 from customer_total_return ctr1
     ,customer_address
     ,customer
 where ctr1.ctr_total_return > (select avg(ctr_total_return)*1.2
 			  from customer_total_return ctr2 
                  	  where ctr1.ctr_state = ctr2.ctr_state)
       and ca_address_sk = c_current_addr_sk
       and ca_state = 'CO'
       and ctr1.ctr_customer_sk = c_customer_sk
 order by c_customer_id,c_salutation,c_first_name,c_last_name,c_preferred_cust_flag
                  ,c_birth_day,c_birth_month,c_birth_year,c_birth_country,c_login,c_email_address
                  ,c_last_review_date_sk,ctr_total_return
limit 100;
Limit  (cost=7757.22..7757.23 rows=2 width=226) (actual time=14997.253..14997.263 rows=60 loops=1)
  CTE customer_total_return
    ->  GroupAggregate  (cost=5043.97..5050.51 rows=327 width=19) (actual time=40.145..45.072 rows=12673 loops=1)
          Group Key: web_returns.wr_returning_customer_sk, customer_address_1.ca_state
          ->  Sort  (cost=5043.97..5044.78 rows=327 width=19) (actual time=40.138..40.859 rows=12841 loops=1)
                Sort Key: web_returns.wr_returning_customer_sk, customer_address_1.ca_state
                Sort Method: quicksort  Memory: 1182kB
                ->  Nested Loop  (cost=0.58..5030.31 rows=327 width=19) (actual time=3.938..36.868 rows=12841 loops=1)
                      ->  Nested Loop  (cost=0.29..4918.50 rows=342 width=24) (actual time=3.933..16.991 rows=13133 loops=1)
                            ->  Seq Scan on date_dim  (cost=0.00..2318.11 rows=363 width=8) (actual time=3.926..8.334 rows=365 loops=1)
                                  Filter: (d_year = 2001)
                                  Rows Removed by Filter: 72684
                            ->  Index Scan using i_wr_returned_date_sk on web_returns  (cost=0.29..6.83 rows=33 width=32) (actual time=0.002..0.018 rows=36 loops=365)
                                  Index Cond: (wr_returned_date_sk = date_dim.d_date_sk)
                      ->  Index Scan using pk_customer_address on customer_address customer_address_1  (cost=0.29..0.33 rows=1 width=11) (actual time=0.001..0.001 rows=1 loops=13133)
                            Index Cond: (ca_address_sk = web_returns.wr_returning_addr_sk)
  ->  Sort  (cost=2706.72..2706.72 rows=2 width=226) (actual time=14997.252..14997.255 rows=60 loops=1)
        Sort Key: customer.c_customer_id, customer.c_salutation, customer.c_first_name, customer.c_last_name, customer.c_preferred_cust_flag, customer.c_birth_day, customer.c_birth_month, customer.c_birth_year, customer.c_birth_country, customer.c_login, customer.c_email_address, customer.c_last_review_date_sk, ctr1.ctr_total_return
        Sort Method: quicksort  Memory: 40kB
        ->  Nested Loop  (cost=0.58..2706.71 rows=2 width=226) (actual time=48.659..14997.129 rows=60 loops=1)
              ->  Nested Loop  (cost=0.29..2671.39 rows=109 width=234) (actual time=48.654..14990.513 rows=3171 loops=1)
                    ->  CTE Scan on customer_total_return ctr1  (cost=0.00..2419.80 rows=109 width=16) (actual time=48.640..14980.865 rows=3188 loops=1)
                          Filter: (ctr_total_return > (SubPlan 2))
                          Rows Removed by Filter: 9485
                          SubPlan 2
                            ->  Aggregate  (cost=7.37..7.38 rows=1 width=8) (actual time=1.178..1.178 rows=1 loops=12673)
                                  ->  CTE Scan on customer_total_return ctr2  (cost=0.00..7.36 rows=2 width=8) (actual time=0.029..1.150 rows=372 loops=12673)
                                        Filter: (ctr1.ctr_state = ctr_state)
                                        Rows Removed by Filter: 12301
                    ->  Index Scan using pk_customer on customer  (cost=0.29..2.31 rows=1 width=234) (actual time=0.002..0.002 rows=1 loops=3188)
                          Index Cond: (c_customer_sk = ctr1.ctr_customer_sk)
              ->  Index Scan using pk_customer_address on customer_address  (cost=0.29..0.32 rows=1 width=8) (actual time=0.002..0.002 rows=0 loops=3171)
                    Index Cond: (ca_address_sk = customer.c_current_addr_sk)
                    Filter: (ca_state = 'CO'::bpchar)
                    Rows Removed by Filter: 1
  c_customer_id   | c_salutation |     c_first_name     |          c_last_name           | c_preferred_cust_flag | c_birth_day | c_birth_month | c_birth_year |   c_birth_country   | c_login |                  c_email_address                   | c_last_review_date_sk |  ctr_total_return  
------------------+--------------+----------------------+--------------------------------+-----------------------+-------------+---------------+--------------+---------------------+---------+----------------------------------------------------+-----------------------+--------------------
 AAAAAAAAAKHLAAAA | Ms.          | Shizuko              | Garcia                         | N                     |          27 |             5 |         1925 | AZERBAIJAN          |         | Shizuko.Garcia@PFbDEdE.com                         |               2452427 |             4500.8
 AAAAAAAAANNFAAAA | Mrs.         | Rosalie              | Galloway                       | N                     |          25 |             2 |         1971 | PUERTO RICO         |         | Rosalie.Galloway@crUTE733dEAyg0to.edu              |               2452634 |            3029.48
 AAAAAAAABAEIAAAA | Dr.          | Francis              | Moser                          | Y                     |           7 |             6 |         1974 | BRUNEI DARUSSALAM   |         | Francis.Moser@SYL6RytJE.edu                        |               2452322 |            2037.85
 AAAAAAAABENHAAAA | Dr.          | John                 | Pettigrew                      | N                     |           4 |             6 |         1945 | BAHRAIN             |         | John.Pettigrew@HOZXUGlxMa.edu                      |               2452593 |            5115.24
 AAAAAAAABGAHAAAA | Sir          | Timothy              | Lewis                          | N                     |          14 |             7 |         1986 | MALTA               |         | Timothy.Lewis@nG4l65.edu                           |               2452480 |            1925.28
 AAAAAAAABIPNAAAA | Mrs.         | Beth                 | Smith                          | Y                     |          16 |             6 |         1980 | GRENADA             |         | Beth.Smith@3xo6xkZxqA.com                          |               2452419 |            4515.15
 AAAAAAAACAKIAAAA | Dr.          | Robert               | Parker                         | Y                     |          25 |             6 |         1964 | AUSTRALIA           |         | Robert.Parker@YO.org                               |               2452499 |             5260.6
 AAAAAAAACDJEAAAA | Dr.          | Cary                 | Vickers                        | Y                     |           6 |            12 |         1983 | INDIA               |         | Cary.Vickers@OFC8MdUIBQT.edu                       |               2452345 |            4301.25
 AAAAAAAACDOHAAAA | Dr.          | Douglas              | Brill                          | N                     |          17 |            10 |         1926 | AFGHANISTAN         |         | Douglas.Brill@Ylg7ktly6z.org                       |               2452291 |            3919.35
 AAAAAAAACIFEAAAA | Sir          | Robert               | Martin                         | Y                     |           9 |             6 |         1978 | SEYCHELLES          |         | Robert.Martin@bfJsPtaePquLedGi8.edu                |               2452573 |            6544.69
 AAAAAAAACKGIAAAA | Sir          | Donald               | Gordon                         | N                     |          20 |             1 |         1976 | MONTENEGRO          |         | Donald.Gordon@8BZAch.org                           |               2452563 |             4551.3
 AAAAAAAACKOPAAAA | Dr.          | David                | Beckwith                       | N                     |          13 |             1 |         1986 | AZERBAIJAN          |         | David.Beckwith@1hZZ7Ik.edu                         |               2452317 |            3597.66
 AAAAAAAACPHGBAAA | Mrs.         | Roberta              | Mclean                         | N                     |          28 |             5 |         1924 | UKRAINE             |         | Roberta.Mclean@SQCBUS0K8Q2.edu                     |               2452513 |            3492.79
 AAAAAAAACPNGAAAA | Sir          | Ronnie               | Houston                        | N                     |          20 |             5 |         1933 | BERMUDA             |         | Ronnie.Houston@Usl.com                             |               2452300 |            5981.43
 AAAAAAAADCHBBAAA | Ms.          | Evelin               |                                |                       |             |               |         1976 |                     |         |                                                    |               2452471 |           10519.08
 AAAAAAAADMJJAAAA | Dr.          | Helena               |                                |                       |             |             5 |              |                     |         | Helena.Gibson@f.com                                |                       |            4265.36
 AAAAAAAADNNJAAAA | Sir          | Earl                 | Jefferies                      | Y                     |          30 |            11 |         1961 | UNITED KINGDOM      |         | Earl.Jefferies@Pbm2kCoCMs.org                      |               2452489 |            2681.63
 AAAAAAAAEBGIBAAA | Mr.          | William              | Johnson                        | N                     |          30 |            10 |         1953 | AUSTRALIA           |         | William.Johnson@9bNQZTjaiHtX.com                   |               2452623 |            1764.84
 AAAAAAAAEBOHAAAA | Dr.          | Walter               | Wilhite                        | N                     |          16 |            11 |         1961 | ALBANIA             |         | Walter.Wilhite@yeB36.com                           |               2452418 |            3157.56
 AAAAAAAAEDCFAAAA | Mr.          | Marcus               | Jones                          | N                     |          25 |             5 |         1936 | LATVIA              |         | Marcus.Jones@yDZ255TUl1.org                        |               2452357 |            1576.08
 AAAAAAAAEJCCBAAA | Dr.          | Reynaldo             | Peterson                       | N                     |          14 |             5 |         1941 | TURKMENISTAN        |         | Reynaldo.Peterson@JkY4.edu                         |               2452596 |            7904.13
 AAAAAAAAELAAAAAA | Sir          | Jeremy               | North                          | Y                     |          15 |             3 |         1971 | INDONESIA           |         | Jeremy.North@1MI.com                               |               2452397 |            3328.65
 AAAAAAAAENJHBAAA | Ms.          | Kathleen             | Newton                         | N                     |          18 |             4 |         1987 | TRINIDAD AND TOBAGO |         | Kathleen.Newton@cRbX2HSkRcqfSoX.com                |               2452284 |            2341.17
 AAAAAAAAFDCIBAAA | Dr.          | William              | Sykes                          | Y                     |           9 |            11 |         1989 | EQUATORIAL GUINEA   |         | William.Sykes@Vqa9O.edu                            |               2452612 |            2441.25
 AAAAAAAAFFOMAAAA | Sir          | Stephen              | Miller                         | N                     |           4 |             6 |         1967 | BELGIUM             |         | Stephen.Miller@386V8XVY4TUXbnm1c.com               |               2452410 |            2313.99
 AAAAAAAAFGMDAAAA | Dr.          | Pamela               | Anderson                       | Y                     |           7 |             7 |         1959 | BAHAMAS             |         | Pamela.Anderson@iJpTnAIR41h0bs6noSP.edu            |               2452607 |            8974.98
 AAAAAAAAFJLKAAAA | Sir          | Jimmie               | Crowder                        | N                     |          23 |            10 |         1990 | ERITREA             |         | Jimmie.Crowder@cyQnQl8.edu                         |               2452337 |             2677.2
 AAAAAAAAFKJGAAAA | Dr.          | William              | Larson                         | N                     |          29 |            12 |         1961 | CAPE VERDE          |         | William.Larson@dSFP.edu                            |               2452413 |             1860.6
 AAAAAAAAGAAAAAAA | Sir          | Clarence             | Swanson                        | N                     |           4 |             1 |         1987 | BOLIVIA             |         | Clarence.Swanson@7j1gygvX7KgPG1.edu                |               2452340 |           13912.45
 AAAAAAAAGDHDAAAA |              | Douglas              |                                | N                     |          13 |               |              | MAYOTTE             |         |                                                    |               2452584 |             3124.8
 AAAAAAAAGDKEBAAA | Sir          | Matthew              | Finn                           | N                     |          26 |            11 |         1977 | GUATEMALA           |         | Matthew.Finn@FUo1L77acXFC.com                      |               2452604 |            4876.11
 AAAAAAAAGHCAAAAA | Miss         | Constance            | Hill                           | Y                     |          14 |             5 |         1990 | BELIZE              |         | Constance.Hill@iA7V1JXh0tr.com                     |               2452546 |             6282.8
 AAAAAAAAGLPDBAAA | Mrs.         | Lois                 | Carney                         | N                     |          17 |            11 |         1929 | QATAR               |         | Lois.Carney@zpC.org                                |               2452371 |            6540.48
 AAAAAAAAGNGAAAAA | Mrs.         | Viola                | Jones                          | Y                     |          23 |             6 |         1973 | GIBRALTAR           |         | Viola.Jones@i7Pzt6Ojsr9Fq2ajL.org                  |               2452552 |            5089.58
 AAAAAAAAGOFEBAAA | Mr.          | Thomas               | Joseph                         | Y                     |           1 |             7 |         1929 | BULGARIA            |         | Thomas.Joseph@58c7.com                             |               2452374 |            3183.33
 AAAAAAAAGOHHAAAA | Dr.          | Sandra               | Garcia                         | N                     |          23 |             6 |         1989 | RWANDA              |         | Sandra.Garcia@rzMo.edu                             |               2452645 |            6461.12
 AAAAAAAAGPNGAAAA | Dr.          | Alicia               | Carper                         | Y                     |           1 |             7 |         1930 | NICARAGUA           |         | Alicia.Carper@ueH3IBy9RO5cs.edu                    |               2452361 |            4576.37
 AAAAAAAAHAHOAAAA | Mr.          | Tommy                | Stanton                        | N                     |           8 |             9 |         1959 | BAHAMAS             |         | Tommy.Stanton@Ie9u.com                             |               2452500 |            4336.49
 AAAAAAAAHCCHAAAA |              | George               |                                |                       |          12 |               |         1983 |                     |         | George.Graves@LCd8.org                             |               2452508 | 3934.5699999999997
 AAAAAAAAHNNIAAAA | Mrs.         | Betty                | Nelson                         | N                     |          29 |             9 |         1950 | SAINT HELENA        |         | Betty.Nelson@sUupkd.com                            |               2452302 |            2919.91
 AAAAAAAAHONHBAAA | Dr.          | Jennifer             | Burton                         | N                     |          24 |             9 |         1933 | MONTENEGRO          |         | Jennifer.Burton@tCztFS.org                         |               2452368 |            4208.08
 AAAAAAAAHOPOAAAA | Dr.          | Donald               | Mcclure                        | N                     |           9 |            11 |         1925 | WALLIS AND FUTUNA   |         | Donald.Mcclure@nu5lpbfuUFIOz.org                   |               2452529 |            1870.02
 AAAAAAAAIFGGAAAA | Sir          | Kenneth              | Wilson                         | Y                     |          27 |            11 |         1964 | MALI                |         | Kenneth.Wilson@G7yylNDPbcaYX4R.edu                 |               2452465 |            2927.36
 AAAAAAAAIHPPAAAA | Mr.          | Ira                  | Nielsen                        | Y                     |          21 |             5 |         1970 | WALLIS AND FUTUNA   |         | Ira.Nielsen@dxj4XtmmGobYVLMBY3.org                 |               2452634 |             4430.7
 AAAAAAAAJLFPAAAA | Mrs.         | Ariel                | Pierce                         | Y                     |          14 |            10 |         1981 | LUXEMBOURG          |         | Ariel.Pierce@KCCH3K3.com                           |               2452433 |             2022.8
 AAAAAAAAKGICBAAA | Mrs.         | Linda                | Martinez                       | Y                     |          27 |             3 |         1949 | MALDIVES            |         | Linda.Martinez@83m9O9NGDsRt.com                    |               2452374 |             2858.1
 AAAAAAAAKKNGAAAA | Ms.          | Gloria               | Adams                          | Y                     |          23 |             8 |         1967 | ANGOLA              |         | Gloria.Adams@l0qrF1Dvfz.org                        |               2452285 |            1840.54
 AAAAAAAAKKPIAAAA | Ms.          | Sue                  | Edwards                        |                       |          24 |               |         1954 | MONGOLIA            |         | Sue.Edwards@g0Obn1ZVyBA.edu                        |               2452601 |            3392.25
 AAAAAAAALBFHAAAA | Dr.          | Martha               | Carpenter                      | N                     |          20 |             3 |         1927 | TURKMENISTAN        |         | Martha.Carpenter@YFoNCNPXKi85ePHku.edu             |               2452367 |            2904.44
 AAAAAAAALFNEAAAA | Sir          | Robert               | Hamilton                       | N                     |          17 |             5 |         1981 | BERMUDA             |         | Robert.Hamilton@e86emNpso8.org                     |               2452564 |             3302.4
 AAAAAAAALJFLAAAA | Mr.          | Timothy              | Berman                         | N                     |          18 |             1 |         1985 | NORFOLK ISLAND      |         | Timothy.Berman@sVehq.edu                           |               2452493 |             1744.2
 AAAAAAAALMNCBAAA | Sir          | Dalton               | Richardson                     | Y                     |           5 |            11 |         1944 | HUNGARY             |         | Dalton.Richardson@2spqnN83Z4.org                   |               2452447 |            1467.62
 AAAAAAAALPCPAAAA |              |                      | Stephens                       | Y                     |          21 |             7 |              | GAMBIA              |         | Sheri.Stephens@yVcdH65h5sVMHR1O.edu                |               2452393 |            2905.94
 AAAAAAAAMDANAAAA | Sir          | Henry                | Jernigan                       | Y                     |          16 |             1 |         1957 | ECUADOR             |         | Henry.Jernigan@fKDFsI5sH.org                       |               2452625 |             3522.6
 AAAAAAAAMJOJAAAA | Mr.          | Max                  | Mcallister                     | Y                     |          24 |             9 |         1937 | TIMOR-LESTE         |         | Max.Mcallister@ZOjCVNj4UV3QP.com                   |               2452430 |            2103.15
 AAAAAAAAMNEDBAAA | Mrs.         | Sheila               | Martin                         | Y                     |          22 |             6 |         1926 | VANUATU             |         | Sheila.Martin@k1Kii4Aoye7tO3V9.com                 |               2452289 |             1360.4
 AAAAAAAANHIEAAAA | Miss         | Diane                | Olson                          | Y                     |           7 |            11 |         1929 | NEPAL               |         | Diane.Olson@uDqo.edu                               |               2452380 |            2657.55
 AAAAAAAANJJEBAAA | Sir          | Richard              | Jones                          | Y                     |          20 |             3 |         1939 | PAPUA NEW GUINEA    |         | Richard.Jones@XgfaR4IItj.org                       |               2452405 |            3648.84
 AAAAAAAANOBNAAAA | Dr.          | Marc                 | Pennington                     | N                     |          20 |             4 |         1940 | LIECHTENSTEIN       |         | Marc.Pennington@pVQmgz4r.com                       |               2452615 |            3982.72
 AAAAAAAAPMFIBAAA | Sir          | Jose                 | Beaulieu                       | Y                     |          25 |             9 |         1974 | ANDORRA             |         | Jose.Beaulieu@PfJSOB2n.org                         |               2452595 |            2676.48
(60 rows)

UPDATE time_statistics SET e_time = TRANSACTION_TIMESTAMP() WHERE template = 'query30.tpl' AND stream = 5;
psql:/tmp/s1-basline/throughput/query_5.sql:2126: NOTICE:  duration: 0.090 ms  plan:
Query Text: UPDATE time_statistics SET e_time = TRANSACTION_TIMESTAMP() WHERE template = 'query30.tpl' AND stream = 5;
Update on time_statistics  (cost=0.00..16.72 rows=0 width=0) (actual time=0.089..0.089 rows=0 loops=1)
  ->  Seq Scan on time_statistics  (cost=0.00..16.72 rows=1 width=14) (actual time=0.074..0.074 rows=1 loops=1)
        Filter: ((template = 'query30.tpl'::text) AND (stream = 5))
        Rows Removed by Filter: 591
UPDATE 1
LOAD 'auto_explain'; SET auto_explain.log_min_duration TO 0; SET auto_explain.log_analyze TO on; SET auto_explain.log_level TO notice; INSERT INTO time_statistics (template, s_time, stream, query, seed) VALUES ('query48.tpl', TRANSACTION_TIMESTAMP(), 5, 41, 738993271);
LOAD
SET
SET
SET
psql:/tmp/s1-basline/throughput/query_5.sql:2127: NOTICE:  duration: 0.009 ms  plan:
Query Text: INSERT INTO time_statistics (template, s_time, stream, query, seed) VALUES ('query48.tpl', TRANSACTION_TIMESTAMP(), 5, 41, 738993271);
Insert on time_statistics  (cost=0.00..0.01 rows=0 width=0) (actual time=0.009..0.009 rows=0 loops=1)
  ->  Result  (cost=0.00..0.01 rows=1 width=64) (actual time=0.001..0.001 rows=1 loops=1)
INSERT 0 1
select sum (ss_quantity)
 from store_sales, store, customer_demographics, customer_address, date_dim
 where s_store_sk = ss_store_sk
 and  ss_sold_date_sk = d_date_sk and d_year = 2000
 and  
 (
  (
   cd_demo_sk = ss_cdemo_sk
   and 
   cd_marital_status = 'D'
   and 
   cd_education_status = 'Primary'
   and 
   ss_sales_price between 100.00 and 150.00  
   )
 or
  (
  cd_demo_sk = ss_cdemo_sk
   and 
   cd_marital_status = 'U'
   and 
   cd_education_status = '4 yr Degree'
   and 
   ss_sales_price between 50.00 and 100.00   
  )
 or 
 (
  cd_demo_sk = ss_cdemo_sk
  and 
   cd_marital_status = 'S'
   and 
   cd_education_status = 'Unknown'
   and 
   ss_sales_price between 150.00 and 200.00  
 )
 )
 and
 (
  (
  ss_addr_sk = ca_address_sk
  and
  ca_country = 'United States'
  and
  ca_state in ('TX', 'ND', 'MI')
  and ss_net_profit between 0 and 2000  
  )
 or
  (ss_addr_sk = ca_address_sk
  and
  ca_country = 'United States'
  and
  ca_state in ('WI', 'OK', 'CO')
  and ss_net_profit between 150 and 3000 
  )
 or
  (ss_addr_sk = ca_address_sk
  and
  ca_country = 'United States'
  and
  ca_state in ('NV', 'KY', 'WV')
  and ss_net_profit between 50 and 25000 
  )
 )
;
psql:/tmp/s1-basline/throughput/query_5.sql:2191: NOTICE:  duration: 456.811 ms  plan:
Query Text: select sum (ss_quantity)
 from store_sales, store, customer_demographics, customer_address, date_dim
 where s_store_sk = ss_store_sk
 and  ss_sold_date_sk = d_date_sk and d_year = 2000
 and  
 (
  (
   cd_demo_sk = ss_cdemo_sk
   and 
   cd_marital_status = 'D'
   and 
   cd_education_status = 'Primary'
   and 
   ss_sales_price between 100.00 and 150.00  
   )
 or
  (
  cd_demo_sk = ss_cdemo_sk
   and 
   cd_marital_status = 'U'
   and 
   cd_education_status = '4 yr Degree'
   and 
   ss_sales_price between 50.00 and 100.00   
  )
 or 
 (
  cd_demo_sk = ss_cdemo_sk
  and 
   cd_marital_status = 'S'
   and 
   cd_education_status = 'Unknown'
   and 
   ss_sales_price between 150.00 and 200.00  
 )
 )
 and
 (
  (
  ss_addr_sk = ca_address_sk
  and
  ca_country = 'United States'
  and
  ca_state in ('TX', 'ND', 'MI')
  and ss_net_profit between 0 and 2000  
  )
 or
  (ss_addr_sk = ca_address_sk
  and
  ca_country = 'United States'
  and
  ca_state in ('WI', 'OK', 'CO')
  and ss_net_profit between 150 and 3000 
  )
 or
  (ss_addr_sk = ca_address_sk
  and
  ca_country = 'United States'
  and
  ca_state in ('NV', 'KY', 'WV')
  and ss_net_profit between 50 and 25000 
  )
 )
;
Aggregate  (cost=111554.31..111554.32 rows=1 width=8) (actual time=456.801..456.803 rows=1 loops=1)
  ->  Nested Loop  (cost=1.15..111554.30 rows=5 width=4) (actual time=13.715..456.772 rows=460 loops=1)
        Join Filter: (store_sales.ss_store_sk = store.s_store_sk)
        Rows Removed by Join Filter: 5060
        ->  Seq Scan on store  (cost=0.00..1.12 rows=12 width=8) (actual time=0.003..0.004 rows=12 loops=1)
        ->  Materialize  (cost=1.15..111552.29 rows=5 width=12) (actual time=0.470..38.031 rows=460 loops=12)
              ->  Nested Loop  (cost=1.15..111552.27 rows=5 width=12) (actual time=5.643..456.068 rows=460 loops=1)
                    ->  Nested Loop  (cost=0.72..111455.80 rows=167 width=28) (actual time=4.054..406.437 rows=17185 loops=1)
                          ->  Nested Loop  (cost=0.43..110810.29 rows=1787 width=44) (actual time=4.021..240.439 rows=87679 loops=1)
                                ->  Seq Scan on date_dim  (cost=0.00..2318.11 rows=363 width=8) (actual time=4.005..8.557 rows=366 loops=1)
                                      Filter: (d_year = 2000)
                                      Rows Removed by Filter: 72683
                                ->  Index Scan using i_ss_sold_date_sk on store_sales  (cost=0.43..296.91 rows=197 width=52) (actual time=0.013..0.613 rows=240 loops=366)
                                      Index Cond: (ss_sold_date_sk = date_dim.d_date_sk)
                                      Filter: ((((ss_sales_price >= '100'::double precision) AND (ss_sales_price <= '150'::double precision)) OR ((ss_sales_price >= '50'::double precision) AND (ss_sales_price <= '100'::double precision)) OR ((ss_sales_price >= '150'::double precision) AND (ss_sales_price <= '200'::double precision))) AND (((ss_net_profit >= '0'::double precision) AND (ss_net_profit <= '2000'::double precision)) OR ((ss_net_profit >= '150'::double precision) AND (ss_net_profit <= '3000'::double precision)) OR ((ss_net_profit >= '50'::double precision) AND (ss_net_profit <= '25000'::double precision))))
                                      Rows Removed by Filter: 1253
                          ->  Index Scan using pk_customer_address on customer_address  (cost=0.29..0.35 rows=1 width=11) (actual time=0.002..0.002 rows=0 loops=87679)
                                Index Cond: (ca_address_sk = store_sales.ss_addr_sk)
                                Filter: (((ca_country)::text = 'United States'::text) AND ((ca_state = ANY ('{TX,ND,MI}'::bpchar[])) OR (ca_state = ANY ('{WI,OK,CO}'::bpchar[])) OR (ca_state = ANY ('{NV,KY,WV}'::bpchar[]))) AND (((ca_state = ANY ('{TX,ND,MI}'::bpchar[])) AND (store_sales.ss_net_profit >= '0'::double precision) AND (store_sales.ss_net_profit <= '2000'::double precision)) OR ((ca_state = ANY ('{WI,OK,CO}'::bpchar[])) AND (store_sales.ss_net_profit >= '150'::double precision) AND (store_sales.ss_net_profit <= '3000'::double precision)) OR ((ca_state = ANY ('{NV,KY,WV}'::bpchar[])) AND (store_sales.ss_net_profit >= '50'::double precision) AND (store_sales.ss_net_profit <= '25000'::double precision))))
                                Rows Removed by Filter: 1
                    ->  Index Scan using pk_customer_demographics on customer_demographics  (cost=0.43..0.57 rows=1 width=31) (actual time=0.003..0.003 rows=0 loops=17185)
                          Index Cond: (cd_demo_sk = store_sales.ss_cdemo_sk)
                          Filter: ((((cd_marital_status = 'D'::bpchar) AND (cd_education_status = 'Primary'::bpchar)) OR ((cd_marital_status = 'U'::bpchar) AND (cd_education_status = '4 yr Degree'::bpchar)) OR ((cd_marital_status = 'S'::bpchar) AND (cd_education_status = 'Unknown'::bpchar))) AND (((cd_marital_status = 'D'::bpchar) AND (cd_education_status = 'Primary'::bpchar) AND (store_sales.ss_sales_price >= '100'::double precision) AND (store_sales.ss_sales_price <= '150'::double precision)) OR ((cd_marital_status = 'U'::bpchar) AND (cd_education_status = '4 yr Degree'::bpchar) AND (store_sales.ss_sales_price >= '50'::double precision) AND (store_sales.ss_sales_price <= '100'::double precision)) OR ((cd_marital_status = 'S'::bpchar) AND (cd_education_status = 'Unknown'::bpchar) AND (store_sales.ss_sales_price >= '150'::double precision) AND (store_sales.ss_sales_price <= '200'::double precision))))
                          Rows Removed by Filter: 1
  sum  
-------
 22307
(1 row)

UPDATE time_statistics SET e_time = TRANSACTION_TIMESTAMP() WHERE template = 'query48.tpl' AND stream = 5;
psql:/tmp/s1-basline/throughput/query_5.sql:2193: NOTICE:  duration: 0.089 ms  plan:
Query Text: UPDATE time_statistics SET e_time = TRANSACTION_TIMESTAMP() WHERE template = 'query48.tpl' AND stream = 5;
Update on time_statistics  (cost=0.00..16.72 rows=0 width=0) (actual time=0.088..0.088 rows=0 loops=1)
  ->  Seq Scan on time_statistics  (cost=0.00..16.72 rows=1 width=14) (actual time=0.072..0.073 rows=1 loops=1)
        Filter: ((template = 'query48.tpl'::text) AND (stream = 5))
        Rows Removed by Filter: 592
UPDATE 1
LOAD 'auto_explain'; SET auto_explain.log_min_duration TO 0; SET auto_explain.log_analyze TO on; SET auto_explain.log_level TO notice; INSERT INTO time_statistics (template, s_time, stream, query, seed) VALUES ('query22.tpl', TRANSACTION_TIMESTAMP(), 5, 42, 1361975096);
LOAD
SET
SET
SET
psql:/tmp/s1-basline/throughput/query_5.sql:2194: NOTICE:  duration: 0.009 ms  plan:
Query Text: INSERT INTO time_statistics (template, s_time, stream, query, seed) VALUES ('query22.tpl', TRANSACTION_TIMESTAMP(), 5, 42, 1361975096);
Insert on time_statistics  (cost=0.00..0.01 rows=0 width=0) (actual time=0.009..0.009 rows=0 loops=1)
  ->  Result  (cost=0.00..0.01 rows=1 width=64) (actual time=0.001..0.001 rows=1 loops=1)
INSERT 0 1
select  i_product_name
             ,i_brand
             ,i_class
             ,i_category
             ,avg(inv_quantity_on_hand) qoh
       from inventory
           ,date_dim
           ,item
       where inv_date_sk=d_date_sk
              and inv_item_sk=i_item_sk
              and d_month_seq between 1182 and 1182 + 11
       group by rollup(i_product_name
                       ,i_brand
                       ,i_class
                       ,i_category)
order by qoh, i_product_name, i_brand, i_class, i_category
limit 100;
psql:/tmp/s1-basline/throughput/query_5.sql:2211: NOTICE:  duration: 4797.956 ms  plan:
Query Text: select  i_product_name
             ,i_brand
             ,i_class
             ,i_category
             ,avg(inv_quantity_on_hand) qoh
       from inventory
           ,date_dim
           ,item
       where inv_date_sk=d_date_sk
              and inv_item_sk=i_item_sk
              and d_month_seq between 1182 and 1182 + 11
       group by rollup(i_product_name
                       ,i_brand
                       ,i_class
                       ,i_category)
order by qoh, i_product_name, i_brand, i_class, i_category
limit 100;
Limit  (cost=160114.17..160114.42 rows=100 width=236) (actual time=4796.948..4797.893 rows=100 loops=1)
  ->  Sort  (cost=160114.17..160293.75 rows=71833 width=236) (actual time=4796.947..4797.885 rows=100 loops=1)
        Sort Key: (avg(inventory.inv_quantity_on_hand)), item.i_product_name, item.i_brand, item.i_class, item.i_category
        Sort Method: top-N heapsort  Memory: 63kB
        ->  MixedAggregate  (cost=5166.43..157368.76 rows=71833 width=236) (actual time=4758.642..4784.421 rows=59937 loops=1)
              Hash Key: item.i_product_name, item.i_brand, item.i_class, item.i_category
              Hash Key: item.i_product_name, item.i_brand, item.i_class
              Hash Key: item.i_product_name, item.i_brand
              Hash Key: item.i_product_name
              Group Key: ()
              Batches: 1  Memory Usage: 22577kB
              ->  Gather  (cost=5166.43..154157.51 rows=61689 width=208) (actual time=23.826..263.427 rows=2340000 loops=1)
                    Workers Planned: 3
                    Workers Launched: 3
                    ->  Hash Join  (cost=4166.43..146988.61 rows=19900 width=208) (actual time=36.866..673.698 rows=585000 loops=4)
                          Hash Cond: (inventory.inv_item_sk = item.i_item_sk)
                          ->  Hash Join  (cost=2505.43..145275.36 rows=19900 width=12) (actual time=12.319..488.778 rows=585000 loops=4)
                                Hash Cond: (inventory.inv_date_sk = date_dim.d_date_sk)
                                ->  Parallel Seq Scan on inventory  (cost=0.00..132620.86 rows=3866086 width=20) (actual time=0.016..203.086 rows=2936250 loops=4)
                                ->  Hash  (cost=2500.73..2500.73 rows=376 width=8) (actual time=12.142..12.143 rows=365 loops=4)
                                      Buckets: 1024  Batches: 1  Memory Usage: 23kB
                                      ->  Seq Scan on date_dim  (cost=0.00..2500.73 rows=376 width=8) (actual time=5.534..12.091 rows=365 loops=4)
                                            Filter: ((d_month_seq >= 1182) AND (d_month_seq <= 1193))
                                            Rows Removed by Filter: 72684
                          ->  Hash  (cost=1436.00..1436.00 rows=18000 width=212) (actual time=24.238..24.238 rows=18000 loops=4)
                                Buckets: 32768  Batches: 1  Memory Usage: 4606kB
                                ->  Seq Scan on item  (cost=0.00..1436.00 rows=18000 width=212) (actual time=0.028..18.301 rows=18000 loops=4)
                   i_product_name                   |                      i_brand                       |                      i_class                       |                     i_category                     |         qoh         
----------------------------------------------------+----------------------------------------------------+----------------------------------------------------+----------------------------------------------------+---------------------
 ationcallyesebarought                              | maximaxi #4                                        | science                                            | Books                                              | 32.4000000000000000
 ationcallyesebarought                              | maximaxi #4                                        | science                                            |                                                    | 32.4000000000000000
 ationcallyesebarought                              | maximaxi #4                                        |                                                    |                                                    | 32.4000000000000000
 ationcallyesebarought                              |                                                    |                                                    |                                                    | 32.4000000000000000
 barationesecallyought                              | importoamalg #1                                    | fragrances                                         | Women                                              | 48.4000000000000000
 barationesecallyought                              | importoamalg #1                                    | fragrances                                         |                                                    | 48.4000000000000000
 barationesecallyought                              | importoamalg #1                                    |                                                    |                                                    | 48.4000000000000000
 barationesecallyought                              |                                                    |                                                    |                                                    | 48.4000000000000000
 callyeingn stese                                   | edu packamalg #1                                   | swimwear                                           | Women                                              | 49.0000000000000000
 callyeingn stese                                   | edu packamalg #1                                   | swimwear                                           |                                                    | 49.0000000000000000
 callyeingn stese                                   | edu packamalg #1                                   |                                                    |                                                    | 49.0000000000000000
 callyeingn stese                                   |                                                    |                                                    |                                                    | 49.0000000000000000
 prieseprieing                                      | exportiedu pack #2                                 | kids                                               | Shoes                                              | 49.7000000000000000
 prieseprieing                                      | exportiedu pack #2                                 | kids                                               |                                                    | 49.7000000000000000
 prieseprieing                                      | exportiedu pack #2                                 |                                                    |                                                    | 49.7000000000000000
 prieseprieing                                      |                                                    |                                                    |                                                    | 49.7000000000000000
 bareseeingcally                                    | importoexporti #1                                  | infants                                            | Children                                           | 52.8000000000000000
 bareseeingcally                                    | importoexporti #1                                  | infants                                            |                                                    | 52.8000000000000000
 bareseeingcally                                    | importoexporti #1                                  |                                                    |                                                    | 52.8000000000000000
 bareseeingcally                                    |                                                    |                                                    |                                                    | 52.8000000000000000
 barbarprin st                                      | edu packamalg #1                                   | swimwear                                           | Women                                              | 52.9000000000000000
 barbarprin st                                      | edu packamalg #1                                   | swimwear                                           |                                                    | 52.9000000000000000
 barbarprin st                                      | edu packamalg #1                                   |                                                    |                                                    | 52.9000000000000000
 barbarprin st                                      |                                                    |                                                    |                                                    | 52.9000000000000000
 oughtn stn stable                                  | maxibrand #2                                       | mattresses                                         | Home                                               | 53.1000000000000000
 oughtn stn stable                                  | maxibrand #2                                       | mattresses                                         |                                                    | 53.1000000000000000
 oughtn stn stable                                  | maxibrand #2                                       |                                                    |                                                    | 53.1000000000000000
 oughtn stn stable                                  |                                                    |                                                    |                                                    | 53.1000000000000000
 bareingbarese                                      | corpunivamalg #1                                   | mystery                                            | Books                                              | 53.6000000000000000
 bareingbarese                                      | corpunivamalg #1                                   | mystery                                            |                                                    | 53.6000000000000000
 bareingbarese                                      | corpunivamalg #1                                   |                                                    |                                                    | 53.6000000000000000
 bareingbarese                                      |                                                    |                                                    |                                                    | 53.6000000000000000
 ablecallybarbarought                               | amalgimporto #1                                    | accessories                                        | Men                                                | 55.8000000000000000
 ablecallybarbarought                               | amalgimporto #1                                    | accessories                                        |                                                    | 55.8000000000000000
 ablecallybarbarought                               | amalgimporto #1                                    |                                                    |                                                    | 55.8000000000000000
 ablecallybarbarought                               |                                                    |                                                    |                                                    | 55.8000000000000000
 ationcallyeseought                                 | corpmaxi #4                                        | parenting                                          | Books                                              | 57.0000000000000000
 ationcallyeseought                                 | corpmaxi #4                                        | parenting                                          |                                                    | 57.0000000000000000
 ationcallyeseought                                 | corpmaxi #4                                        |                                                    |                                                    | 57.0000000000000000
 ationcallyeseought                                 |                                                    |                                                    |                                                    | 57.0000000000000000
 oughtcallyeseought                                 | brandunivamalg #17                                 | personal                                           | Electronics                                        | 57.2000000000000000
 oughtcallyeseought                                 | brandunivamalg #17                                 | personal                                           |                                                    | 57.2000000000000000
 oughtcallyeseought                                 | brandunivamalg #17                                 |                                                    |                                                    | 57.2000000000000000
 oughtcallyeseought                                 |                                                    |                                                    |                                                    | 57.2000000000000000
 barprin stableought                                | exportiedu pack #1                                 | kids                                               | Shoes                                              | 57.6000000000000000
 barprin stableought                                | exportiedu pack #1                                 | kids                                               |                                                    | 57.6000000000000000
 barprin stableought                                | exportiedu pack #1                                 |                                                    |                                                    | 57.6000000000000000
 barprin stableought                                |                                                    |                                                    |                                                    | 57.6000000000000000
 barationableableought                              | importoamalg #1                                    | fragrances                                         | Women                                              | 57.7000000000000000
 barationableableought                              | importoamalg #1                                    | fragrances                                         |                                                    | 57.7000000000000000
 barationableableought                              | importoamalg #1                                    |                                                    |                                                    | 57.7000000000000000
 barationableableought                              |                                                    |                                                    |                                                    | 57.7000000000000000
 oughtcallyn stable                                 | importonameless #2                                 | paint                                              | Home                                               | 58.5000000000000000
 oughtcallyn stable                                 | importonameless #2                                 | paint                                              |                                                    | 58.5000000000000000
 oughtcallyn stable                                 | importonameless #2                                 |                                                    |                                                    | 58.5000000000000000
 oughtcallyn stable                                 |                                                    |                                                    |                                                    | 58.5000000000000000
 n stbareingcallyought                              | edu packbrand #2                                   | estate                                             | Jewelry                                            | 59.1000000000000000
 n stbareingcallyought                              | edu packbrand #2                                   | estate                                             |                                                    | 59.1000000000000000
 n stbareingcallyought                              | edu packbrand #2                                   |                                                    |                                                    | 59.1000000000000000
 n stbareingcallyought                              |                                                    |                                                    |                                                    | 59.1000000000000000
 ationbaresecallyought                              | amalgnameless #8                                   | athletic shoes                                     | Sports                                             | 59.3000000000000000
 ationbaresecallyought                              | amalgnameless #8                                   | athletic shoes                                     |                                                    | 59.3000000000000000
 ationbaresecallyought                              | amalgnameless #8                                   |                                                    |                                                    | 59.3000000000000000
 ationbaresecallyought                              |                                                    |                                                    |                                                    | 59.3000000000000000
 eingoughtantipriought                              | edu packmaxi #7                                    | entertainments                                     | Books                                              | 59.3000000000000000
 eingoughtantipriought                              | edu packmaxi #7                                    | entertainments                                     |                                                    | 59.3000000000000000
 eingoughtantipriought                              | edu packmaxi #7                                    |                                                    |                                                    | 59.3000000000000000
 eingoughtantipriought                              |                                                    |                                                    |                                                    | 59.3000000000000000
 ationable                                          | corpmaxi #4                                        | parenting                                          | Books                                              | 61.0000000000000000
 ationable                                          | corpmaxi #4                                        | parenting                                          |                                                    | 61.0000000000000000
 ationable                                          | corpmaxi #4                                        |                                                    |                                                    | 61.0000000000000000
 ationable                                          |                                                    |                                                    |                                                    | 61.0000000000000000
 antin stantiationought                             | exportiexporti #2                                  | toddlers                                           | Children                                           | 61.4000000000000000
 antin stantiationought                             | exportiexporti #2                                  | toddlers                                           |                                                    | 61.4000000000000000
 antin stantiationought                             | exportiexporti #2                                  |                                                    |                                                    | 61.4000000000000000
 antin stantiationought                             |                                                    |                                                    |                                                    | 61.4000000000000000
 eingn stcallyese                                   | univamalgamalg #7                                  | memory                                             | Electronics                                        | 61.5000000000000000
 eingn stcallyese                                   | univamalgamalg #7                                  | memory                                             |                                                    | 61.5000000000000000
 eingn stcallyese                                   | univamalgamalg #7                                  |                                                    |                                                    | 61.5000000000000000
 eingn stcallyese                                   |                                                    |                                                    |                                                    | 61.5000000000000000
 eingn stableanti                                   | amalgimporto #1                                    | accessories                                        | Men                                                | 62.7000000000000000
 eingn stableanti                                   | amalgimporto #1                                    | accessories                                        |                                                    | 62.7000000000000000
 eingn stableanti                                   | amalgimporto #1                                    |                                                    |                                                    | 62.7000000000000000
 eingn stableanti                                   |                                                    |                                                    |                                                    | 62.7000000000000000
 ableesen stcally                                   | importoscholar #1                                  | country                                            | Music                                              | 63.1000000000000000
 ableesen stcally                                   | importoscholar #1                                  | country                                            |                                                    | 63.1000000000000000
 ableesen stcally                                   | importoscholar #1                                  |                                                    |                                                    | 63.1000000000000000
 ableesen stcally                                   |                                                    |                                                    |                                                    | 63.1000000000000000
 ationationpribarought                              | brandmaxi #10                                      | reference                                          | Books                                              | 63.3000000000000000
 ationationpribarought                              | brandmaxi #10                                      | reference                                          |                                                    | 63.3000000000000000
 ationationpribarought                              | brandmaxi #10                                      |                                                    |                                                    | 63.3000000000000000
 ationationpribarought                              |                                                    |                                                    |                                                    | 63.3000000000000000
 callyeingoughtn st                                 | amalgmaxi #7                                       | arts                                               | Books                                              | 63.7000000000000000
 callyeingoughtn st                                 | amalgmaxi #7                                       | arts                                               |                                                    | 63.7000000000000000
 callyeingoughtn st                                 | amalgmaxi #7                                       |                                                    |                                                    | 63.7000000000000000
 callyeingoughtn st                                 |                                                    |                                                    |                                                    | 63.7000000000000000
 esepriantically                                    | scholarnameless #5                                 | fitness                                            | Sports                                             | 64.3000000000000000
 esepriantically                                    | scholarnameless #5                                 | fitness                                            |                                                    | 64.3000000000000000
 esepriantically                                    | scholarnameless #5                                 |                                                    |                                                    | 64.3000000000000000
 esepriantically                                    |                                                    |                                                    |                                                    | 64.3000000000000000
(100 rows)

UPDATE time_statistics SET e_time = TRANSACTION_TIMESTAMP() WHERE template = 'query22.tpl' AND stream = 5;
psql:/tmp/s1-basline/throughput/query_5.sql:2213: NOTICE:  duration: 0.098 ms  plan:
Query Text: UPDATE time_statistics SET e_time = TRANSACTION_TIMESTAMP() WHERE template = 'query22.tpl' AND stream = 5;
Update on time_statistics  (cost=0.00..16.72 rows=0 width=0) (actual time=0.097..0.097 rows=0 loops=1)
  ->  Seq Scan on time_statistics  (cost=0.00..16.72 rows=1 width=14) (actual time=0.081..0.082 rows=1 loops=1)
        Filter: ((template = 'query22.tpl'::text) AND (stream = 5))
        Rows Removed by Filter: 593
UPDATE 1
LOAD 'auto_explain'; SET auto_explain.log_min_duration TO 0; SET auto_explain.log_analyze TO on; SET auto_explain.log_level TO notice; INSERT INTO time_statistics (template, s_time, stream, query, seed) VALUES ('query11.tpl', TRANSACTION_TIMESTAMP(), 5, 43, 1361325327);
LOAD
SET
SET
SET
psql:/tmp/s1-basline/throughput/query_5.sql:2214: NOTICE:  duration: 0.009 ms  plan:
Query Text: INSERT INTO time_statistics (template, s_time, stream, query, seed) VALUES ('query11.tpl', TRANSACTION_TIMESTAMP(), 5, 43, 1361325327);
Insert on time_statistics  (cost=0.00..0.01 rows=0 width=0) (actual time=0.008..0.009 rows=0 loops=1)
  ->  Result  (cost=0.00..0.01 rows=1 width=64) (actual time=0.001..0.001 rows=1 loops=1)
INSERT 0 1
with year_total as (
 select c_customer_id customer_id
       ,c_first_name customer_first_name
       ,c_last_name customer_last_name
       ,c_preferred_cust_flag customer_preferred_cust_flag
       ,c_birth_country customer_birth_country
       ,c_login customer_login
       ,c_email_address customer_email_address
       ,d_year dyear
       ,sum(ss_ext_list_price-ss_ext_discount_amt) year_total
       ,'s' sale_type
 from customer
     ,store_sales
     ,date_dim
 where c_customer_sk = ss_customer_sk
   and ss_sold_date_sk = d_date_sk
 group by c_customer_id
         ,c_first_name
         ,c_last_name
         ,c_preferred_cust_flag 
         ,c_birth_country
         ,c_login
         ,c_email_address
         ,d_year 
 union all
 select c_customer_id customer_id
       ,c_first_name customer_first_name
       ,c_last_name customer_last_name
       ,c_preferred_cust_flag customer_preferred_cust_flag
       ,c_birth_country customer_birth_country
       ,c_login customer_login
       ,c_email_address customer_email_address
       ,d_year dyear
       ,sum(ws_ext_list_price-ws_ext_discount_amt) year_total
       ,'w' sale_type
 from customer
     ,web_sales
     ,date_dim
 where c_customer_sk = ws_bill_customer_sk
   and ws_sold_date_sk = d_date_sk
 group by c_customer_id
         ,c_first_name
         ,c_last_name
         ,c_preferred_cust_flag 
         ,c_birth_country
         ,c_login
         ,c_email_address
         ,d_year
         )
  select  
                  t_s_secyear.customer_id
                 ,t_s_secyear.customer_first_name
                 ,t_s_secyear.customer_last_name
                 ,t_s_secyear.customer_email_address
 from year_total t_s_firstyear
     ,year_total t_s_secyear
     ,year_total t_w_firstyear
     ,year_total t_w_secyear
 where t_s_secyear.customer_id = t_s_firstyear.customer_id
         and t_s_firstyear.customer_id = t_w_secyear.customer_id
         and t_s_firstyear.customer_id = t_w_firstyear.customer_id
         and t_s_firstyear.sale_type = 's'
         and t_w_firstyear.sale_type = 'w'
         and t_s_secyear.sale_type = 's'
         and t_w_secyear.sale_type = 'w'
         and t_s_firstyear.dyear = 2001
         and t_s_secyear.dyear = 2001+1
         and t_w_firstyear.dyear = 2001
         and t_w_secyear.dyear = 2001+1
         and t_s_firstyear.year_total > 0
         and t_w_firstyear.year_total > 0
         and case when t_w_firstyear.year_total > 0 then t_w_secyear.year_total / t_w_firstyear.year_total else 0.0 end
             > case when t_s_firstyear.year_total > 0 then t_s_secyear.year_total / t_s_firstyear.year_total else 0.0 end
 order by t_s_secyear.customer_id
         ,t_s_secyear.customer_first_name
         ,t_s_secyear.customer_last_name
         ,t_s_secyear.customer_email_address
limit 100;
psql:/tmp/s1-basline/throughput/query_5.sql:2292: NOTICE:  duration: 2058158.027 ms  plan:
Query Text: with year_total as (
 select c_customer_id customer_id
       ,c_first_name customer_first_name
       ,c_last_name customer_last_name
       ,c_preferred_cust_flag customer_preferred_cust_flag
       ,c_birth_country customer_birth_country
       ,c_login customer_login
       ,c_email_address customer_email_address
       ,d_year dyear
       ,sum(ss_ext_list_price-ss_ext_discount_amt) year_total
       ,'s' sale_type
 from customer
     ,store_sales
     ,date_dim
 where c_customer_sk = ss_customer_sk
   and ss_sold_date_sk = d_date_sk
 group by c_customer_id
         ,c_first_name
         ,c_last_name
         ,c_preferred_cust_flag 
         ,c_birth_country
         ,c_login
         ,c_email_address
         ,d_year 
 union all
 select c_customer_id customer_id
       ,c_first_name customer_first_name
       ,c_last_name customer_last_name
       ,c_preferred_cust_flag customer_preferred_cust_flag
       ,c_birth_country customer_birth_country
       ,c_login customer_login
       ,c_email_address customer_email_address
       ,d_year dyear
       ,sum(ws_ext_list_price-ws_ext_discount_amt) year_total
       ,'w' sale_type
 from customer
     ,web_sales
     ,date_dim
 where c_customer_sk = ws_bill_customer_sk
   and ws_sold_date_sk = d_date_sk
 group by c_customer_id
         ,c_first_name
         ,c_last_name
         ,c_preferred_cust_flag 
         ,c_birth_country
         ,c_login
         ,c_email_address
         ,d_year
         )
  select  
                  t_s_secyear.customer_id
                 ,t_s_secyear.customer_first_name
                 ,t_s_secyear.customer_last_name
                 ,t_s_secyear.customer_email_address
 from year_total t_s_firstyear
     ,year_total t_s_secyear
     ,year_total t_w_firstyear
     ,year_total t_w_secyear
 where t_s_secyear.customer_id = t_s_firstyear.customer_id
         and t_s_firstyear.customer_id = t_w_secyear.customer_id
         and t_s_firstyear.customer_id = t_w_firstyear.customer_id
         and t_s_firstyear.sale_type = 's'
         and t_w_firstyear.sale_type = 'w'
         and t_s_secyear.sale_type = 's'
         and t_w_secyear.sale_type = 'w'
         and t_s_firstyear.dyear = 2001
         and t_s_secyear.dyear = 2001+1
         and t_w_firstyear.dyear = 2001
         and t_w_secyear.dyear = 2001+1
         and t_s_firstyear.year_total > 0
         and t_w_firstyear.year_total > 0
         and case when t_w_firstyear.year_total > 0 then t_w_secyear.year_total / t_w_firstyear.year_total else 0.0 end
             > case when t_s_firstyear.year_total > 0 then t_s_secyear.year_total / t_s_firstyear.year_total else 0.0 end
 order by t_s_secyear.customer_id
         ,t_s_secyear.customer_first_name
         ,t_s_secyear.customer_last_name
         ,t_s_secyear.customer_email_address
limit 100;
Limit  (cost=1159098.79..1159098.80 rows=1 width=480) (actual time=2058157.962..2058157.981 rows=91 loops=1)
  CTE year_total
    ->  Append  (cost=408517.15..806440.71 rows=3358371 width=231) (actual time=3575.815..5238.810 rows=244732 loops=1)
          ->  HashAggregate  (cost=408517.15..584187.44 rows=2636084 width=231) (actual time=3575.814..4223.405 rows=188832 loops=1)
                Group Key: customer.c_customer_id, customer.c_first_name, customer.c_last_name, customer.c_preferred_cust_flag, customer.c_birth_country, customer.c_login, customer.c_email_address, date_dim.d_year
                Planned Partitions: 32  Batches: 33  Memory Usage: 33049kB  Disk Usage: 217120kB
                ->  Hash Join  (cost=8459.60..125652.99 rows=2636084 width=207) (actual time=80.886..1723.783 rows=2651152 loops=1)
                      Hash Cond: (store_sales.ss_sold_date_sk = date_dim.d_date_sk)
                      ->  Hash Join  (cost=5411.00..115360.98 rows=2759238 width=211) (actual time=62.377..1262.020 rows=2716019 loops=1)
                            Hash Cond: (store_sales.ss_customer_sk = customer.c_customer_sk)
                            ->  Seq Scan on store_sales  (cost=0.00..102361.67 rows=2890667 width=32) (actual time=0.004..223.676 rows=2844450 loops=1)
                            ->  Hash  (cost=4161.00..4161.00 rows=100000 width=195) (actual time=61.798..61.799 rows=100000 loops=1)
                                  Buckets: 131072  Batches: 1  Memory Usage: 17780kB
                                  ->  Seq Scan on customer  (cost=0.00..4161.00 rows=100000 width=195) (actual time=0.004..29.324 rows=100000 loops=1)
                      ->  Hash  (cost=2135.49..2135.49 rows=73049 width=12) (actual time=18.444..18.445 rows=73049 loops=1)
                            Buckets: 131072  Batches: 1  Memory Usage: 4449kB
                            ->  Seq Scan on date_dim  (cost=0.00..2135.49 rows=73049 width=12) (actual time=0.005..9.613 rows=73049 loops=1)
          ->  HashAggregate  (cost=123744.05..171877.70 rows=722287 width=231) (actual time=984.586..1001.046 rows=55900 loops=1)
                Group Key: customer_1.c_customer_id, customer_1.c_first_name, customer_1.c_last_name, customer_1.c_preferred_cust_flag, customer_1.c_birth_country, customer_1.c_login, customer_1.c_email_address, date_dim_1.d_year
                Planned Partitions: 16  Batches: 1  Memory Usage: 19481kB
                ->  Hash Join  (cost=8459.60..46239.27 rows=722287 width=207) (actual time=72.241..521.095 rows=711274 loops=1)
                      Hash Cond: (web_sales.ws_sold_date_sk = date_dim_1.d_date_sk)
                      ->  Hash Join  (cost=5411.00..41294.30 rows=722383 width=211) (actual time=53.192..383.646 rows=711350 loops=1)
                            Hash Cond: (web_sales.ws_bill_customer_sk = customer_1.c_customer_sk)
                            ->  Seq Scan on web_sales  (cost=0.00..33986.52 rows=722552 width=32) (actual time=0.005..63.610 rows=711555 loops=1)
                            ->  Hash  (cost=4161.00..4161.00 rows=100000 width=195) (actual time=53.108..53.109 rows=100000 loops=1)
                                  Buckets: 131072  Batches: 1  Memory Usage: 17780kB
                                  ->  Seq Scan on customer customer_1  (cost=0.00..4161.00 rows=100000 width=195) (actual time=0.004..30.406 rows=100000 loops=1)
                      ->  Hash  (cost=2135.49..2135.49 rows=73049 width=12) (actual time=18.968..18.968 rows=73049 loops=1)
                            Buckets: 131072  Batches: 1  Memory Usage: 4449kB
                            ->  Seq Scan on date_dim date_dim_1  (cost=0.00..2135.49 rows=73049 width=12) (actual time=0.017..10.096 rows=73049 loops=1)
  ->  Sort  (cost=352658.09..352658.09 rows=1 width=480) (actual time=2058157.961..2058157.966 rows=91 loops=1)
        Sort Key: t_s_secyear.customer_id, t_s_secyear.customer_first_name, t_s_secyear.customer_last_name, t_s_secyear.customer_email_address
        Sort Method: quicksort  Memory: 48kB
        ->  Nested Loop  (cost=0.00..352658.08 rows=1 width=480) (actual time=58567.638..2058157.721 rows=91 loops=1)
              Join Filter: ((t_s_secyear.customer_id = t_w_secyear.customer_id) AND (CASE WHEN (t_w_firstyear.year_total > '0'::double precision) THEN (t_w_secyear.year_total / t_w_firstyear.year_total) ELSE '0'::double precision END > CASE WHEN (t_s_firstyear.year_total > '0'::double precision) THEN (t_s_secyear.year_total / t_s_firstyear.year_total) ELSE '0'::double precision END))
              Rows Removed by Join Filter: 17146029
              ->  Nested Loop  (cost=0.00..268693.76 rows=2 width=640) (actual time=6736.279..1988401.121 rows=1544 loops=1)
                    Join Filter: (t_s_firstyear.customer_id = t_s_secyear.customer_id)
                    Rows Removed by Join Filter: 161957656
                    ->  Nested Loop  (cost=0.00..184727.77 rows=4 width=152) (actual time=5493.519..1775425.032 rows=4296 loops=1)
                          Join Filter: (t_s_firstyear.customer_id = t_w_firstyear.customer_id)
                          Rows Removed by Join Filter: 419048712
                          ->  CTE Scan on year_total t_s_firstyear  (cost=0.00..92355.20 rows=28 width=76) (actual time=3575.823..3686.293 rows=37644 loops=1)
                                Filter: ((year_total > '0'::double precision) AND (sale_type = 's'::text) AND (dyear = 2001))
                                Rows Removed by Filter: 207088
                          ->  CTE Scan on year_total t_w_firstyear  (cost=0.00..92355.20 rows=28 width=76) (actual time=34.996..46.266 rows=11132 loops=37644)
                                Filter: ((year_total > '0'::double precision) AND (sale_type = 'w'::text) AND (dyear = 2001))
                                Rows Removed by Filter: 233600
                    ->  CTE Scan on year_total t_s_secyear  (cost=0.00..83959.28 rows=84 width=488) (actual time=0.003..46.806 rows=37700 loops=4296)
                          Filter: ((sale_type = 's'::text) AND (dyear = 2002))
                          Rows Removed by Filter: 207032
              ->  CTE Scan on year_total t_w_secyear  (cost=0.00..83959.28 rows=84 width=76) (actual time=33.456..44.365 rows=11105 loops=1544)
                    Filter: ((sale_type = 'w'::text) AND (dyear = 2002))
                    Rows Removed by Filter: 233627
   customer_id    | customer_first_name  |       customer_last_name       |               customer_email_address               
------------------+----------------------+--------------------------------+----------------------------------------------------
 AAAAAAAAABKDBAAA | Julie                | Ramos                          | Julie.Ramos@kjNpskeO.org                          
 AAAAAAAAACLIAAAA | Margie               | Bean                           | Margie.Bean@p.edu                                 
 AAAAAAAAAFBDAAAA | Dawn                 | Tyler                          | Dawn.Tyler@v2spal3t66Jy.edu                       
 AAAAAAAAAIFDBAAA | Rosalina             | Graham                         | Rosalina.Graham@Oexm6MiQidt5hjyCJ.com             
 AAAAAAAAAIKIAAAA | Sandra               | Young                          | Sandra.Young@Me0RJdXRbsKVh.com                    
 AAAAAAAAAKFEAAAA | Karl                 | Jones                          | Karl.Jones@VK3lu.com                              
 AAAAAAAAANMEBAAA | Margaret             | Leon                           | Margaret.Leon@Lf.edu                              
 AAAAAAAAAPLCBAAA | Debbie               | Perryman                       | Debbie.Perryman@IIiXzn.com                        
 AAAAAAAABHHCAAAA | Dan                  | Rogers                         | Dan.Rogers@L8uAbZqIZ.org                          
 AAAAAAAACANDBAAA | Lee                  | Ellis                          | Lee.Ellis@fQa.com                                 
 AAAAAAAACBPBAAAA | Kenneth              | Laird                          | Kenneth.Laird@5snrhaopHZblX.com                   
 AAAAAAAACJCHAAAA | Dalila               | Love                           | Dalila.Love@X.com                                 
 AAAAAAAACLGHAAAA | Nicole               | Moss                           | Nicole.Moss@tE3CCcJNA8YUMzi.org                   
 AAAAAAAACNEKAAAA | Robert               | Thomas                         | Robert.Thomas@Yunit7qaLt.org                      
 AAAAAAAADBFIAAAA | Cinderella           | Crutchfield                    | Cinderella.Crutchfield@LFapJqo7rUX.com            
 AAAAAAAADGFGBAAA | Christopher          | Peterson                       | Christopher.Peterson@sdpg2dLRY.edu                
 AAAAAAAADHHOAAAA | Gary                 | Bryan                          | Gary.Bryan@pZpl12jpam.edu                         
 AAAAAAAADIOGBAAA | Nathan               | Smith                          | Nathan.Smith@qjjLGgAEUOh.edu                      
 AAAAAAAADKMAAAAA | Grace                | Baines                         | Grace.Baines@5squ371Q90Dl.edu                     
 AAAAAAAADOJAAAAA | Carl                 | Graves                         | Carl.Graves@C.edu                                 
 AAAAAAAADOLGBAAA | Heather              | Santana                        | Heather.Santana@i2xkNQVUy6.com                    
 AAAAAAAADPNDBAAA | Ann                  | Miller                         | Ann.Miller@8uQRI4mx7uU.com                        
 AAAAAAAAEEBDAAAA |                      | Markham                        | Ian.Markham@xqlLMt.edu                            
 AAAAAAAAEEMGAAAA | Linda                | Brown                          | Linda.Brown@02R01.com                             
 AAAAAAAAEENPAAAA | Aaron                | White                          | Aaron.White@uc57.com                              
 AAAAAAAAEHLHAAAA | Helen                | Mckee                          | Helen.Mckee@uZIDbBta1HJrdt.com                    
 AAAAAAAAEKDHAAAA |                      |                                | 
 AAAAAAAAEMNCAAAA | Bryan                | Holloway                       | Bryan.Holloway@tX.org                             
 AAAAAAAAFBCIBAAA | Paulette             | Johnson                        | Paulette.Johnson@OQU.org                          
 AAAAAAAAFDGBBAAA | Shanta               | Serrano                        | Shanta.Serrano@4T.edu                             
 AAAAAAAAFDJGAAAA | Denise               | Aragon                         | Denise.Aragon@ZXi0DEi.edu                         
 AAAAAAAAFENDAAAA | Ethel                | Crider                         | Ethel.Crider@bsNfjjU5KLai.edu                     
 AAAAAAAAFIGPAAAA | Thomas               | Wallace                        | Thomas.Wallace@KZuPeBukG2GTLc.org                 
 AAAAAAAAFJGAAAAA | Lucy                 | Walker                         | Lucy.Walker@ypzZvDdSy0a.com                       
 AAAAAAAAFJOAAAAA | Travis               | Reilly                         | Travis.Reilly@vR8FJz.org                          
 AAAAAAAAFKGHAAAA | Betty                | Nagle                          | Betty.Nagle@YXrNYEZ1t.org                         
 AAAAAAAAFLACAAAA | Tomas                | Hedgepeth                      | Tomas.Hedgepeth@VPfg53H4b8So7.edu                 
 AAAAAAAAFLNFBAAA | Gregory              | Cabrera                        | Gregory.Cabrera@xq.edu                            
 AAAAAAAAFMBBBAAA |                      |                                | 
 AAAAAAAAGNNAAAAA | Mauro                | Kelly                          | Mauro.Kelly@Ah9O54904tjyI3m8Kx.org                
 AAAAAAAAGPNFAAAA | Steve                | Patrick                        | Steve.Patrick@p026jxm2.com                        
 AAAAAAAAHAAJAAAA | Soledad              | Harris                         | Soledad.Harris@zbgRiUZN.org                       
 AAAAAAAAHBLHAAAA | Gloria               | Reed                           | Gloria.Reed@vpuSrl.edu                            
 AAAAAAAAHCHNAAAA | Paul                 | Hardy                          | Paul.Hardy@JZid2ch79o89iV5.com                    
 AAAAAAAAHCKMAAAA | Fred                 | Green                          | Fred.Green@dYnI7JzcbuEKtaN8.com                   
 AAAAAAAAHGKBAAAA | Amber                | Tapp                           | Amber.Tapp@IjZHHxrU.edu                           
 AAAAAAAAHIAEBAAA | Brenda               | Baumann                        | Brenda.Baumann@2tFQF.org                          
 AAAAAAAAHJCKAAAA | Norma                | Adams                          | Norma.Adams@7cB8LKsKYR.org                        
 AAAAAAAAHJFCAAAA | Emma                 | Trujillo                       | Emma.Trujillo@NnBUjLFeleAF6.com                   
 AAAAAAAAHNEBAAAA | Donald               | Hunter                         | Donald.Hunter@pE2Zx7LQNTImHeRn.edu                
 AAAAAAAAHOOOAAAA | Bobby                | Simmons                        | Bobby.Simmons@bSh.edu                             
 AAAAAAAAIMLCBAAA | Willie               |                                | Willie.Briggs@ZNEyYBBncpZ.edu                     
 AAAAAAAAIPGBBAAA | Irene                | Flores                         | Irene.Flores@EExlfdXueHhip.org                    
 AAAAAAAAJECLAAAA | Francisco            | Barnes                         | Francisco.Barnes@To7Gt0txb1FU.edu                 
 AAAAAAAAJNDIBAAA | Carlos               | Terrell                        | Carlos.Terrell@F5mJ.edu                           
 AAAAAAAAJNMCAAAA | Heather              | Mack                           | Heather.Mack@lm8eiJ4tzdMeM.edu                    
 AAAAAAAAJNPPAAAA | Roy                  | Williams                       | Roy.Williams@cjCiM2of5.com                        
 AAAAAAAAJOHDBAAA | Noreen               | Hundley                        | Noreen.Hundley@Bp.edu                             
 AAAAAAAAKFDBAAAA | Willie               | Robinson                       | Willie.Robinson@YgMZgb8kBqGI8.edu                 
 AAAAAAAAKFMAAAAA | Edwin                | Washington                     | Edwin.Washington@rOx0lqsruFrr2sH0.org             
 AAAAAAAAKGOBAAAA | Margaret             | Layne                          | Margaret.Layne@4vVssnXZDX.edu                     
 AAAAAAAAKKFLAAAA | Velma                | Hurst                          | 
 AAAAAAAAKMPABAAA | Rodney               | Walters                        | Rodney.Walters@Jfiy.com                           
 AAAAAAAAKNOKAAAA | Lindy                | Broadway                       | Lindy.Broadway@VTtA1zqeb2Pf6e.edu                 
 AAAAAAAAKPHHAAAA | Thomas               | Wilson                         | Thomas.Wilson@gumQOKyLMC.org                      
 AAAAAAAALACLAAAA | Lonnie               | Doherty                        | Lonnie.Doherty@V.edu                              
 AAAAAAAALALBAAAA | Norma                | Smith                          | Norma.Smith@n0xo1Q.edu                            
 AAAAAAAALEODAAAA | Larry                | Trent                          | Larry.Trent@VcsM.edu                              
 AAAAAAAALJPCAAAA | Glen                 | Moon                           | Glen.Moon@VhMcC7gVio689.com                       
 AAAAAAAALKDBAAAA | Erica                | Hardin                         | Erica.Hardin@d1JV4IT7KzvxP5.org                   
 AAAAAAAALKOGAAAA | David                | Trice                          | David.Trice@cqUbLA34S9b7XC.org                    
 AAAAAAAALNEKAAAA | Regina               | Ramsey                         | Regina.Ramsey@Bm5EaCRnOfh.edu                     
 AAAAAAAAMIFCBAAA | William              | Funk                           | William.Funk@o.org                                
 AAAAAAAAMLCPAAAA | Arthur               | Smith                          | Arthur.Smith@kjl2ma13xaTyu.org                    
 AAAAAAAANEBDBAAA | Jessica              | Hernandez                      | Jessica.Hernandez@mxRvHsstZDV.edu                 
 AAAAAAAANENDAAAA | Josephine            | Couch                          | Josephine.Couch@36DlVs35ePFiHOM.org               
 AAAAAAAANLBBBAAA | Kelli                | Acevedo                        | Kelli.Acevedo@rgjOUUFJuNaEhApM.com                
 AAAAAAAANPJEAAAA | Ronda                | Venable                        | Ronda.Venable@NISBNrda.edu                        
 AAAAAAAAOEDAAAAA | Jose                 | Thompson                       | Jose.Thompson@KqhjD7Gm1If.org                     
 AAAAAAAAOHCIAAAA | William              | Ward                           | William.Ward@uFDX2LOVZc.com                       
 AAAAAAAAOHOHBAAA | George               | Phillips                       | George.Phillips@75V8pZZ.org                       
 AAAAAAAAOJJBAAAA | Rufus                | Hart                           | Rufus.Hart@52fhe6XIvEm.com                        
 AAAAAAAAOJKABAAA | Jose                 | Tillman                        | Jose.Tillman@f.com                                
 AAAAAAAAOJLJAAAA | Daniel               | Brown                          | Daniel.Brown@9gszlubIbbdjVj.com                   
 AAAAAAAAOKHCAAAA | Mathew               | Overton                        | Mathew.Overton@SenyAa3G07C.org                    
 AAAAAAAAOKKDBAAA | Mark                 | Sanchez                        | Mark.Sanchez@F7VuJcTy3L.com                       
 AAAAAAAAOMFCBAAA | Joanna               | Rowe                           | Joanna.Rowe@5Iblb.com                             
 AAAAAAAAPFJOAAAA | Alicia               | Weis                           | Alicia.Weis@AE2msqoU2v81U3m.edu                   
 AAAAAAAAPIJAAAAA | Michael              | Hughes                         | Michael.Hughes@gCZKnDGzR8tx8.edu                  
 AAAAAAAAPKAMAAAA | Rocky                | Branson                        | Rocky.Branson@DgRcjx.com                          
 AAAAAAAAPOKBAAAA | Russell              | Patterson                      | Russell.Patterson@uU1pC4fybO.com                  
(91 rows)

UPDATE time_statistics SET e_time = TRANSACTION_TIMESTAMP() WHERE template = 'query11.tpl' AND stream = 5;
psql:/tmp/s1-basline/throughput/query_5.sql:2294: NOTICE:  duration: 0.441 ms  plan:
Query Text: UPDATE time_statistics SET e_time = TRANSACTION_TIMESTAMP() WHERE template = 'query11.tpl' AND stream = 5;
Update on time_statistics  (cost=0.00..16.72 rows=0 width=0) (actual time=0.440..0.441 rows=0 loops=1)
  ->  Seq Scan on time_statistics  (cost=0.00..16.72 rows=1 width=14) (actual time=0.182..0.184 rows=1 loops=1)
        Filter: ((template = 'query11.tpl'::text) AND (stream = 5))
        Rows Removed by Filter: 633
UPDATE 1
LOAD 'auto_explain'; SET auto_explain.log_min_duration TO 0; SET auto_explain.log_analyze TO on; SET auto_explain.log_level TO notice; INSERT INTO time_statistics (template, s_time, stream, query, seed) VALUES ('../query_postgresql/query94.tpl', TRANSACTION_TIMESTAMP(), 5, 44, 687396557);
LOAD
SET
SET
SET
psql:/tmp/s1-basline/throughput/query_5.sql:2295: NOTICE:  duration: 0.009 ms  plan:
Query Text: INSERT INTO time_statistics (template, s_time, stream, query, seed) VALUES ('../query_postgresql/query94.tpl', TRANSACTION_TIMESTAMP(), 5, 44, 687396557);
Insert on time_statistics  (cost=0.00..0.01 rows=0 width=0) (actual time=0.008..0.008 rows=0 loops=1)
  ->  Result  (cost=0.00..0.01 rows=1 width=64) (actual time=0.001..0.002 rows=1 loops=1)
INSERT 0 1
select  
   count(distinct ws_order_number) as "order count"
  ,sum(ws_ext_ship_cost) as "total shipping cost"
  ,sum(ws_net_profit) as "total net profit"
from
   web_sales ws1
  ,date_dim
  ,customer_address
  ,web_site
where
    d_date between '2000-3-01' and 
           (cast('2000-3-01' as date) + interval '60 days')
and ws1.ws_ship_date_sk = d_date_sk
and ws1.ws_ship_addr_sk = ca_address_sk
and ca_state = 'PA'
and ws1.ws_web_site_sk = web_site_sk
and web_company_name = 'pri'
and exists (select *
            from web_sales ws2
            where ws1.ws_order_number = ws2.ws_order_number
              and ws1.ws_warehouse_sk <> ws2.ws_warehouse_sk)
and not exists(select *
               from web_returns wr1
               where ws1.ws_order_number = wr1.wr_order_number)
order by count(distinct ws_order_number)
limit 100;
psql:/tmp/s1-basline/throughput/query_5.sql:2321: NOTICE:  duration: 153.308 ms  plan:
Query Text: select  
   count(distinct ws_order_number) as "order count"
  ,sum(ws_ext_ship_cost) as "total shipping cost"
  ,sum(ws_net_profit) as "total net profit"
from
   web_sales ws1
  ,date_dim
  ,customer_address
  ,web_site
where
    d_date between '2000-3-01' and 
           (cast('2000-3-01' as date) + interval '60 days')
and ws1.ws_ship_date_sk = d_date_sk
and ws1.ws_ship_addr_sk = ca_address_sk
and ca_state = 'PA'
and ws1.ws_web_site_sk = web_site_sk
and web_company_name = 'pri'
and exists (select *
            from web_sales ws2
            where ws1.ws_order_number = ws2.ws_order_number
              and ws1.ws_warehouse_sk <> ws2.ws_warehouse_sk)
and not exists(select *
               from web_returns wr1
               where ws1.ws_order_number = wr1.wr_order_number)
order by count(distinct ws_order_number)
limit 100;
Limit  (cost=37653.69..37653.70 rows=1 width=24) (actual time=122.263..153.298 rows=1 loops=1)
  ->  Sort  (cost=37653.69..37653.70 rows=1 width=24) (actual time=122.262..153.296 rows=1 loops=1)
        Sort Key: (count(DISTINCT ws1.ws_order_number))
        Sort Method: quicksort  Memory: 25kB
        ->  Aggregate  (cost=37653.67..37653.68 rows=1 width=24) (actual time=122.257..153.291 rows=1 loops=1)
              ->  Nested Loop Semi Join  (cost=1009.03..37653.67 rows=1 width=24) (actual time=10.357..153.266 rows=25 loops=1)
                    ->  Gather  (cost=1008.61..32233.89 rows=1 width=32) (actual time=7.687..129.258 rows=25 loops=1)
                          Workers Planned: 2
                          Workers Launched: 2
                          ->  Nested Loop Anti Join  (cost=8.61..31233.79 rows=1 width=32) (actual time=20.409..103.267 rows=8 loops=3)
                                ->  Nested Loop  (cost=8.19..30593.36 rows=2 width=32) (actual time=3.690..84.222 rows=30 loops=3)
                                      ->  Hash Join  (cost=7.90..30570.59 rows=73 width=40) (actual time=0.276..78.502 rows=1747 loops=3)
                                            Hash Cond: (ws1.ws_web_site_sk = web_site.web_site_sk)
                                            ->  Hash Join  (cost=5.41..30567.38 rows=243 width=48) (actual time=0.118..77.670 rows=7527 loops=3)
                                                  Hash Cond: (ws1.ws_ship_date_sk = date_dim.d_date_sk)
                                                  ->  Parallel Seq Scan on web_sales ws1  (cost=0.00..29771.63 rows=301063 width=56) (actual time=0.016..46.881 rows=237185 loops=3)
                                                  ->  Hash  (cost=4.67..4.67 rows=59 width=8) (actual time=0.082..0.083 rows=61 loops=3)
                                                        Buckets: 1024  Batches: 1  Memory Usage: 11kB
                                                        ->  Index Scan using i_d_date on date_dim  (cost=0.29..4.67 rows=59 width=8) (actual time=0.059..0.073 rows=61 loops=3)
                                                              Index Cond: ((d_date >= '2000-03-01'::date) AND (d_date <= '2000-04-30 00:00:00'::timestamp without time zone))
                                            ->  Hash  (cost=2.38..2.38 rows=9 width=8) (actual time=0.047..0.048 rows=9 loops=3)
                                                  Buckets: 1024  Batches: 1  Memory Usage: 9kB
                                                  ->  Seq Scan on web_site  (cost=0.00..2.38 rows=9 width=8) (actual time=0.026..0.042 rows=9 loops=3)
                                                        Filter: (web_company_name = 'pri'::bpchar)
                                                        Rows Removed by Filter: 21
                                      ->  Index Scan using pk_customer_address on customer_address  (cost=0.29..0.31 rows=1 width=8) (actual time=0.003..0.003 rows=0 loops=5240)
                                            Index Cond: (ca_address_sk = ws1.ws_ship_addr_sk)
                                            Filter: (ca_state = 'PA'::bpchar)
                                            Rows Removed by Filter: 1
                                ->  Index Only Scan using pk_web_returns on web_returns wr1  (cost=0.42..541.62 rows=2 width=8) (actual time=0.627..0.627 rows=1 loops=91)
                                      Index Cond: (wr_order_number = ws1.ws_order_number)
                                      Heap Fetches: 14
                    ->  Index Scan using pk_web_sales on web_sales ws2  (cost=0.42..5419.76 rows=10 width=16) (actual time=0.959..0.959 rows=1 loops=25)
                          Index Cond: (ws_order_number = ws1.ws_order_number)
                          Filter: (ws1.ws_warehouse_sk <> ws_warehouse_sk)
                          Rows Removed by Filter: 0
 order count | total shipping cost |  total net profit   
-------------+---------------------+---------------------
          17 |  37640.899999999994 | -13545.720000000005
(1 row)

UPDATE time_statistics SET e_time = TRANSACTION_TIMESTAMP() WHERE template = '../query_postgresql/query94.tpl' AND stream = 5;
psql:/tmp/s1-basline/throughput/query_5.sql:2323: NOTICE:  duration: 0.081 ms  plan:
Query Text: UPDATE time_statistics SET e_time = TRANSACTION_TIMESTAMP() WHERE template = '../query_postgresql/query94.tpl' AND stream = 5;
Update on time_statistics  (cost=0.00..18.53 rows=0 width=0) (actual time=0.080..0.081 rows=0 loops=1)
  ->  Seq Scan on time_statistics  (cost=0.00..18.53 rows=1 width=14) (actual time=0.069..0.069 rows=1 loops=1)
        Filter: ((template = '../query_postgresql/query94.tpl'::text) AND (stream = 5))
        Rows Removed by Filter: 634
UPDATE 1
LOAD 'auto_explain'; SET auto_explain.log_min_duration TO 0; SET auto_explain.log_analyze TO on; SET auto_explain.log_level TO notice; INSERT INTO time_statistics (template, s_time, stream, query, seed) VALUES ('query93.tpl', TRANSACTION_TIMESTAMP(), 5, 45, 1759396286);
LOAD
SET
SET
SET
psql:/tmp/s1-basline/throughput/query_5.sql:2324: NOTICE:  duration: 0.056 ms  plan:
Query Text: INSERT INTO time_statistics (template, s_time, stream, query, seed) VALUES ('query93.tpl', TRANSACTION_TIMESTAMP(), 5, 45, 1759396286);
Insert on time_statistics  (cost=0.00..0.01 rows=0 width=0) (actual time=0.055..0.056 rows=0 loops=1)
  ->  Result  (cost=0.00..0.01 rows=1 width=64) (actual time=0.001..0.001 rows=1 loops=1)
INSERT 0 1
select  ss_customer_sk
            ,sum(act_sales) sumsales
      from (select ss_item_sk
                  ,ss_ticket_number
                  ,ss_customer_sk
                  ,case when sr_return_quantity is not null then (ss_quantity-sr_return_quantity)*ss_sales_price
                                                            else (ss_quantity*ss_sales_price) end act_sales
            from store_sales left outer join store_returns on (sr_item_sk = ss_item_sk
                                                               and sr_ticket_number = ss_ticket_number)
                ,reason
            where sr_reason_sk = r_reason_sk
              and r_reason_desc = 'No service location in my area') t
      group by ss_customer_sk
      order by sumsales, ss_customer_sk
limit 100;
psql:/tmp/s1-basline/throughput/query_5.sql:2339: NOTICE:  duration: 93.905 ms  plan:
Query Text: select  ss_customer_sk
            ,sum(act_sales) sumsales
      from (select ss_item_sk
                  ,ss_ticket_number
                  ,ss_customer_sk
                  ,case when sr_return_quantity is not null then (ss_quantity-sr_return_quantity)*ss_sales_price
                                                            else (ss_quantity*ss_sales_price) end act_sales
            from store_sales left outer join store_returns on (sr_item_sk = ss_item_sk
                                                               and sr_ticket_number = ss_ticket_number)
                ,reason
            where sr_reason_sk = r_reason_sk
              and r_reason_desc = 'No service location in my area') t
      group by ss_customer_sk
      order by sumsales, ss_customer_sk
limit 100;
Limit  (cost=16508.43..16508.46 rows=10 width=16) (actual time=93.864..93.878 rows=100 loops=1)
  ->  Sort  (cost=16508.43..16508.46 rows=10 width=16) (actual time=93.864..93.871 rows=100 loops=1)
        Sort Key: (sum(CASE WHEN (store_returns.sr_return_quantity IS NOT NULL) THEN (((store_sales.ss_quantity - store_returns.sr_return_quantity))::double precision * store_sales.ss_sales_price) ELSE ((store_sales.ss_quantity)::double precision * store_sales.ss_sales_price) END)), store_sales.ss_customer_sk
        Sort Method: top-N heapsort  Memory: 32kB
        ->  GroupAggregate  (cost=16507.97..16508.27 rows=10 width=16) (actual time=89.990..93.069 rows=6868 loops=1)
              Group Key: store_sales.ss_customer_sk
              ->  Sort  (cost=16507.97..16507.99 rows=10 width=24) (actual time=89.982..90.593 rows=7574 loops=1)
                    Sort Key: store_sales.ss_customer_sk
                    Sort Method: quicksort  Memory: 660kB
                    ->  Nested Loop  (cost=1.88..16507.80 rows=10 width=24) (actual time=0.062..88.311 rows=7574 loops=1)
                          ->  Hash Join  (cost=1.45..10284.28 rows=7965 width=20) (actual time=0.054..57.947 rows=7709 loops=1)
                                Hash Cond: (store_returns.sr_reason_sk = reason.r_reason_sk)
                                ->  Seq Scan on store_returns  (cost=0.00..9436.93 rows=288493 width=28) (actual time=0.005..24.361 rows=285020 loops=1)
                                ->  Hash  (cost=1.44..1.44 rows=1 width=8) (actual time=0.009..0.010 rows=1 loops=1)
                                      Buckets: 1024  Batches: 1  Memory Usage: 9kB
                                      ->  Seq Scan on reason  (cost=0.00..1.44 rows=1 width=8) (actual time=0.004..0.008 rows=1 loops=1)
                                            Filter: (r_reason_desc = 'No service location in my area'::bpchar)
                                            Rows Removed by Filter: 34
                          ->  Index Scan using pk_store_sales on store_sales  (cost=0.43..0.78 rows=1 width=36) (actual time=0.004..0.004 rows=1 loops=7709)
                                Index Cond: ((ss_item_sk = store_returns.sr_item_sk) AND (ss_ticket_number = store_returns.sr_ticket_number))
 ss_customer_sk | sumsales 
----------------+----------
             50 |        0
            225 |        0
            652 |        0
            832 |        0
            999 |        0
           1016 |        0
           1232 |        0
           1269 |        0
           1395 |        0
           1485 |        0
           1651 |        0
           1800 |        0
           2113 |        0
           2248 |        0
           2283 |        0
           2310 |        0
           3264 |        0
           3337 |        0
           3553 |        0
           3576 |        0
           3747 |        0
           3786 |        0
           3849 |        0
           3893 |        0
           4400 |        0
           4627 |        0
           5122 |        0
           5234 |        0
           5677 |        0
           6013 |        0
           6838 |        0
           7364 |        0
           7525 |        0
           7618 |        0
           8062 |        0
           8998 |        0
           9312 |        0
           9650 |        0
           9671 |        0
           9695 |        0
           9729 |        0
          10270 |        0
          10419 |        0
          10655 |        0
          10675 |        0
          10990 |        0
          11782 |        0
          12372 |        0
          12378 |        0
          12668 |        0
          12705 |        0
          12786 |        0
          12931 |        0
          13066 |        0
          13302 |        0
          13333 |        0
          13468 |        0
          13977 |        0
          14421 |        0
          14465 |        0
          14682 |        0
          14959 |        0
          15289 |        0
          15366 |        0
          15579 |        0
          15669 |        0
          15679 |        0
          16406 |        0
          16411 |        0
          16700 |        0
          17003 |        0
          17060 |        0
          17382 |        0
          17630 |        0
          18654 |        0
          18659 |        0
          18899 |        0
          19618 |        0
          19656 |        0
          19957 |        0
          20330 |        0
          20533 |        0
          20616 |        0
          20885 |        0
          21198 |        0
          21493 |        0
          21803 |        0
          21879 |        0
          22225 |        0
          22713 |        0
          22725 |        0
          22995 |        0
          23461 |        0
          23657 |        0
          23764 |        0
          23852 |        0
          23992 |        0
          23998 |        0
          24131 |        0
          24297 |        0
(100 rows)

UPDATE time_statistics SET e_time = TRANSACTION_TIMESTAMP() WHERE template = 'query93.tpl' AND stream = 5;
psql:/tmp/s1-basline/throughput/query_5.sql:2341: NOTICE:  duration: 0.099 ms  plan:
Query Text: UPDATE time_statistics SET e_time = TRANSACTION_TIMESTAMP() WHERE template = 'query93.tpl' AND stream = 5;
Update on time_statistics  (cost=0.00..20.59 rows=0 width=0) (actual time=0.098..0.099 rows=0 loops=1)
  ->  Seq Scan on time_statistics  (cost=0.00..20.59 rows=1 width=14) (actual time=0.083..0.083 rows=1 loops=1)
        Filter: ((template = 'query93.tpl'::text) AND (stream = 5))
        Rows Removed by Filter: 635
UPDATE 1
LOAD 'auto_explain'; SET auto_explain.log_min_duration TO 0; SET auto_explain.log_analyze TO on; SET auto_explain.log_level TO notice; INSERT INTO time_statistics (template, s_time, stream, query, seed) VALUES ('query18.tpl', TRANSACTION_TIMESTAMP(), 5, 46, 1820818060);
LOAD
SET
SET
SET
psql:/tmp/s1-basline/throughput/query_5.sql:2342: NOTICE:  duration: 0.009 ms  plan:
Query Text: INSERT INTO time_statistics (template, s_time, stream, query, seed) VALUES ('query18.tpl', TRANSACTION_TIMESTAMP(), 5, 46, 1820818060);
Insert on time_statistics  (cost=0.00..0.01 rows=0 width=0) (actual time=0.008..0.009 rows=0 loops=1)
  ->  Result  (cost=0.00..0.01 rows=1 width=64) (actual time=0.001..0.002 rows=1 loops=1)
INSERT 0 1
select  i_item_id,
        ca_country,
        ca_state, 
        ca_county,
        avg( cast(cs_quantity as decimal(12,2))) agg1,
        avg( cast(cs_list_price as decimal(12,2))) agg2,
        avg( cast(cs_coupon_amt as decimal(12,2))) agg3,
        avg( cast(cs_sales_price as decimal(12,2))) agg4,
        avg( cast(cs_net_profit as decimal(12,2))) agg5,
        avg( cast(c_birth_year as decimal(12,2))) agg6,
        avg( cast(cd1.cd_dep_count as decimal(12,2))) agg7
 from catalog_sales, customer_demographics cd1, 
      customer_demographics cd2, customer, customer_address, date_dim, item
 where cs_sold_date_sk = d_date_sk and
       cs_item_sk = i_item_sk and
       cs_bill_cdemo_sk = cd1.cd_demo_sk and
       cs_bill_customer_sk = c_customer_sk and
       cd1.cd_gender = 'F' and 
       cd1.cd_education_status = 'Secondary' and
       c_current_cdemo_sk = cd2.cd_demo_sk and
       c_current_addr_sk = ca_address_sk and
       c_birth_month in (4,7,11,10,9,6) and
       d_year = 1998 and
       ca_state in ('AR','OK','TX'
                   ,'MI','MN','VA','IA')
 group by rollup (i_item_id, ca_country, ca_state, ca_county)
 order by ca_country,
        ca_state, 
        ca_county,
	i_item_id
 limit 100;
psql:/tmp/s1-basline/throughput/query_5.sql:2373: NOTICE:  duration: 743.470 ms  plan:
Query Text: select  i_item_id,
        ca_country,
        ca_state, 
        ca_county,
        avg( cast(cs_quantity as decimal(12,2))) agg1,
        avg( cast(cs_list_price as decimal(12,2))) agg2,
        avg( cast(cs_coupon_amt as decimal(12,2))) agg3,
        avg( cast(cs_sales_price as decimal(12,2))) agg4,
        avg( cast(cs_net_profit as decimal(12,2))) agg5,
        avg( cast(c_birth_year as decimal(12,2))) agg6,
        avg( cast(cd1.cd_dep_count as decimal(12,2))) agg7
 from catalog_sales, customer_demographics cd1, 
      customer_demographics cd2, customer, customer_address, date_dim, item
 where cs_sold_date_sk = d_date_sk and
       cs_item_sk = i_item_sk and
       cs_bill_cdemo_sk = cd1.cd_demo_sk and
       cs_bill_customer_sk = c_customer_sk and
       cd1.cd_gender = 'F' and 
       cd1.cd_education_status = 'Secondary' and
       c_current_cdemo_sk = cd2.cd_demo_sk and
       c_current_addr_sk = ca_address_sk and
       c_birth_month in (4,7,11,10,9,6) and
       d_year = 1998 and
       ca_state in ('AR','OK','TX'
                   ,'MI','MN','VA','IA')
 group by rollup (i_item_id, ca_country, ca_state, ca_county)
 order by ca_country,
        ca_state, 
        ca_county,
	i_item_id
 limit 100;
Limit  (cost=25197.97..25198.22 rows=100 width=272) (actual time=743.344..743.356 rows=100 loops=1)
  ->  Sort  (cost=25197.97..25198.54 rows=229 width=272) (actual time=743.343..743.349 rows=100 loops=1)
        Sort Key: customer_address.ca_country, customer_address.ca_state, customer_address.ca_county, item.i_item_id
        Sort Method: top-N heapsort  Memory: 47kB
        ->  GroupAggregate  (cost=25179.22..25189.22 rows=229 width=272) (actual time=712.222..739.324 rows=8393 loops=1)
              Group Key: item.i_item_id, customer_address.ca_country, customer_address.ca_state, customer_address.ca_county
              Group Key: item.i_item_id, customer_address.ca_country, customer_address.ca_state
              Group Key: item.i_item_id, customer_address.ca_country
              Group Key: item.i_item_id
              Group Key: ()
              ->  Sort  (cost=25179.22..25179.36 rows=57 width=92) (actual time=712.184..712.294 rows=2236 loops=1)
                    Sort Key: item.i_item_id, customer_address.ca_country, customer_address.ca_state, customer_address.ca_county
                    Sort Method: quicksort  Memory: 394kB
                    ->  Nested Loop  (cost=2.15..25177.55 rows=57 width=92) (actual time=4.181..705.641 rows=2236 loops=1)
                          ->  Nested Loop  (cost=1.86..25160.11 rows=57 width=83) (actual time=4.176..699.978 rows=2236 loops=1)
                                ->  Nested Loop  (cost=1.44..25127.40 rows=59 width=91) (actual time=4.170..696.424 rows=2313 loops=1)
                                      ->  Nested Loop  (cost=1.15..25046.18 rows=235 width=68) (actual time=4.164..679.728 rows=9229 loops=1)
                                            ->  Nested Loop  (cost=0.85..24888.06 rows=494 width=56) (actual time=4.158..646.659 rows=19540 loops=1)
                                                  ->  Nested Loop  (cost=0.43..21531.98 rows=7137 width=60) (actual time=3.921..131.795 rows=282616 loops=1)
                                                        ->  Seq Scan on date_dim  (cost=0.00..2318.11 rows=363 width=8) (actual time=3.914..8.540 rows=365 loops=1)
                                                              Filter: (d_year = 1998)
                                                              Rows Removed by Filter: 72684
                                                        ->  Index Scan using i_cs_sold_date_sk on catalog_sales  (cost=0.43..45.08 rows=785 width=68) (actual time=0.004..0.182 rows=774 loops=365)
                                                              Index Cond: (cs_sold_date_sk = date_dim.d_date_sk)
                                                  ->  Index Scan using pk_customer_demographics on customer_demographics cd1  (cost=0.43..0.47 rows=1 width=12) (actual time=0.002..0.002 rows=0 loops=282616)
                                                        Index Cond: (cd_demo_sk = catalog_sales.cs_bill_cdemo_sk)
                                                        Filter: ((cd_gender = 'F'::bpchar) AND (cd_education_status = 'Secondary'::bpchar))
                                                        Rows Removed by Filter: 1
                                            ->  Index Scan using pk_customer on customer  (cost=0.29..0.32 rows=1 width=28) (actual time=0.001..0.001 rows=0 loops=19540)
                                                  Index Cond: (c_customer_sk = catalog_sales.cs_bill_customer_sk)
                                                  Filter: (c_birth_month = ANY ('{4,7,11,10,9,6}'::integer[]))
                                                  Rows Removed by Filter: 1
                                      ->  Index Scan using pk_customer_address on customer_address  (cost=0.29..0.35 rows=1 width=39) (actual time=0.002..0.002 rows=0 loops=9229)
                                            Index Cond: (ca_address_sk = customer.c_current_addr_sk)
                                            Filter: (ca_state = ANY ('{AR,OK,TX,MI,MN,VA,IA}'::bpchar[]))
                                            Rows Removed by Filter: 1
                                ->  Index Only Scan using pk_customer_demographics on customer_demographics cd2  (cost=0.43..0.55 rows=1 width=8) (actual time=0.001..0.001 rows=1 loops=2313)
                                      Index Cond: (cd_demo_sk = customer.c_current_cdemo_sk)
                                      Heap Fetches: 0
                          ->  Index Scan using pk_item on item  (cost=0.29..0.31 rows=1 width=25) (actual time=0.002..0.002 rows=1 loops=2236)
                                Index Cond: (i_item_sk = catalog_sales.cs_item_sk)
    i_item_id     |  ca_country   | ca_state |    ca_county     |         agg1         |         agg2         |          agg3          |          agg4          |          agg5          |         agg6          |          agg7          
------------------+---------------+----------+------------------+----------------------+----------------------+------------------------+------------------------+------------------------+-----------------------+------------------------
 AAAAAAAAAFAAAAAA | United States | AR       | Ashley County    |  46.0000000000000000 | 151.4200000000000000 | 0.00000000000000000000 | 0.00000000000000000000 | -3685.5200000000000000 | 1982.0000000000000000 |     3.0000000000000000
 AAAAAAAAAJABAAAA | United States | AR       | Ashley County    |  42.0000000000000000 | 141.1700000000000000 |   675.9000000000000000 |    16.9400000000000000 | -2082.0600000000000000 | 1982.0000000000000000 |     3.0000000000000000
 AAAAAAAACGMAAAAA | United States | AR       | Ashley County    |  60.0000000000000000 |  59.7000000000000000 | 0.00000000000000000000 |    49.5500000000000000 |  1631.4000000000000000 | 1982.0000000000000000 |     3.0000000000000000
 AAAAAAAACIIBAAAA | United States | AR       | Ashley County    |  22.0000000000000000 | 197.3700000000000000 | 0.00000000000000000000 |    51.3100000000000000 |  -416.4600000000000000 | 1982.0000000000000000 |     3.0000000000000000
 AAAAAAAAFNLCAAAA | United States | AR       | Ashley County    |  20.0000000000000000 | 148.0300000000000000 |   132.6000000000000000 |    23.6800000000000000 | -1360.6000000000000000 | 1982.0000000000000000 |     3.0000000000000000
 AAAAAAAAIGPDAAAA | United States | AR       | Ashley County    |  75.0000000000000000 | 146.0800000000000000 | 0.00000000000000000000 |    70.1100000000000000 |   410.2500000000000000 | 1982.0000000000000000 |     3.0000000000000000
 AAAAAAAAIJDCAAAA | United States | AR       | Ashley County    |  36.0000000000000000 | 146.5800000000000000 | 0.00000000000000000000 |     2.9300000000000000 | -3299.0400000000000000 | 1982.0000000000000000 |     3.0000000000000000
 AAAAAAAAINLDAAAA | United States | AR       | Ashley County    |  17.0000000000000000 |  77.4900000000000000 | 0.00000000000000000000 |    71.2900000000000000 |   511.1900000000000000 | 1982.0000000000000000 |     3.0000000000000000
 AAAAAAAAKGMAAAAA | United States | AR       | Ashley County    |  15.0000000000000000 |  17.9000000000000000 | 0.00000000000000000000 | 0.71000000000000000000 |  -242.7000000000000000 | 1982.0000000000000000 |     3.0000000000000000
 AAAAAAAAKOBEAAAA | United States | AR       | Ashley County    |  46.0000000000000000 |  87.8100000000000000 | 0.00000000000000000000 |    66.7300000000000000 |   412.1600000000000000 | 1982.0000000000000000 |     3.0000000000000000
 AAAAAAAAODADAAAA | United States | AR       | Ashley County    |  34.0000000000000000 | 122.1100000000000000 |  1228.8100000000000000 |    48.8400000000000000 | -1753.4300000000000000 | 1982.0000000000000000 |     3.0000000000000000
 AAAAAAAAPAGBAAAA | United States | AR       | Ashley County    |  97.0000000000000000 | 145.7500000000000000 | 0.00000000000000000000 |    93.2800000000000000 |  2283.3800000000000000 | 1982.0000000000000000 |     3.0000000000000000
 AAAAAAAAAHNAAAAA | United States | AR       | Chicot County    |  98.0000000000000000 |  62.5800000000000000 | 0.00000000000000000000 |    51.3100000000000000 |  2494.1000000000000000 | 1951.0000000000000000 |     4.0000000000000000
 AAAAAAAAANHDAAAA | United States | AR       | Chicot County    |  43.0000000000000000 | 136.4600000000000000 | 0.00000000000000000000 | 0.00000000000000000000 | -2862.5100000000000000 | 1951.0000000000000000 |     4.0000000000000000
 AAAAAAAACLLBAAAA | United States | AR       | Chicot County    |   3.0000000000000000 | 111.4400000000000000 | 0.00000000000000000000 |    79.1200000000000000 |    49.5300000000000000 | 1951.0000000000000000 |     4.0000000000000000
 AAAAAAAADLCAAAAA | United States | AR       | Chicot County    |  50.0000000000000000 |  44.1600000000000000 | 0.00000000000000000000 |    34.4400000000000000 |  -215.0000000000000000 | 1951.0000000000000000 |     4.0000000000000000
 AAAAAAAAFFGDAAAA | United States | AR       | Chicot County    |  25.0000000000000000 | 108.4500000000000000 | 0.00000000000000000000 |    66.1500000000000000 |   356.5000000000000000 | 1951.0000000000000000 |     4.0000000000000000
 AAAAAAAAGKOCAAAA | United States | AR       | Chicot County    |  14.0000000000000000 | 194.5700000000000000 | 0.00000000000000000000 |   184.8400000000000000 |  1544.0600000000000000 | 1951.0000000000000000 |     4.0000000000000000
 AAAAAAAAGNEAAAAA | United States | AR       | Chicot County    |   6.0000000000000000 |  75.4200000000000000 | 0.00000000000000000000 |    12.0600000000000000 |   -99.0600000000000000 | 1951.0000000000000000 |     4.0000000000000000
 AAAAAAAAGPIAAAAA | United States | AR       | Chicot County    |  25.0000000000000000 |  25.6700000000000000 | 0.00000000000000000000 |     3.3300000000000000 |  -197.0000000000000000 | 1951.0000000000000000 |     4.0000000000000000
 AAAAAAAAILHCAAAA | United States | AR       | Chicot County    |  62.0000000000000000 | 115.0100000000000000 | 0.00000000000000000000 |    58.6500000000000000 |  -738.4200000000000000 | 1951.0000000000000000 |     4.0000000000000000
 AAAAAAAAILNDAAAA | United States | AR       | Chicot County    |  39.0000000000000000 | 164.0500000000000000 | 0.00000000000000000000 |    16.4000000000000000 | -2392.6500000000000000 | 1951.0000000000000000 |     4.0000000000000000
 AAAAAAAAAKGDAAAA | United States | AR       | Clay County      |  32.0000000000000000 | 123.9200000000000000 |   285.5000000000000000 |    89.2200000000000000 |  -602.9400000000000000 | 1948.0000000000000000 |     5.0000000000000000
 AAAAAAAAGEHDAAAA | United States | AR       | Clay County      |  32.0000000000000000 | 107.1300000000000000 | 0.00000000000000000000 |     5.3500000000000000 | -2368.3200000000000000 | 1948.0000000000000000 |     5.0000000000000000
 AAAAAAAAGHDAAAAA | United States | AR       | Clay County      |  32.0000000000000000 | 151.5500000000000000 | 0.00000000000000000000 |   137.9100000000000000 |  2286.0800000000000000 | 1948.0000000000000000 |     5.0000000000000000
 AAAAAAAAHCCCAAAA | United States | AR       | Clay County      |  19.0000000000000000 | 257.1800000000000000 | 0.00000000000000000000 |   144.0200000000000000 |   892.4300000000000000 | 1948.0000000000000000 |     5.0000000000000000
 AAAAAAAAIMIDAAAA | United States | AR       | Clay County      |  13.0000000000000000 | 154.1000000000000000 |  1567.7100000000000000 |   132.5200000000000000 |  -712.1800000000000000 | 1948.0000000000000000 |     5.0000000000000000
 AAAAAAAAJGAEAAAA | United States | AR       | Clay County      |  32.0000000000000000 | 126.6800000000000000 | 0.00000000000000000000 |    44.3300000000000000 |  -966.0800000000000000 | 1948.0000000000000000 |     5.0000000000000000
 AAAAAAAAMOLDAAAA | United States | AR       | Clay County      |  59.0000000000000000 |  97.9600000000000000 | 0.00000000000000000000 |    69.5500000000000000 |  -753.4300000000000000 | 1948.0000000000000000 |     5.0000000000000000
 AAAAAAAANHFDAAAA | United States | AR       | Clay County      |  70.0000000000000000 | 245.1500000000000000 |  5662.8800000000000000 |   183.8600000000000000 |   530.0200000000000000 | 1948.0000000000000000 |     5.0000000000000000
 AAAAAAAAOKPCAAAA | United States | AR       | Clay County      |  30.0000000000000000 |  24.6400000000000000 | 0.00000000000000000000 |    19.4600000000000000 |  -107.1000000000000000 | 1948.0000000000000000 |     5.0000000000000000
 AAAAAAAAONEDAAAA | United States | AR       | Clay County      |  22.0000000000000000 | 195.6700000000000000 | 0.00000000000000000000 |    25.4300000000000000 | -1603.8000000000000000 | 1948.0000000000000000 |     5.0000000000000000
 AAAAAAAABJGAAAAA | United States | AR       | Cleburne County  |  24.0000000000000000 |  60.0700000000000000 | 0.00000000000000000000 |    15.0100000000000000 |  -748.8000000000000000 | 1928.0000000000000000 | 0.00000000000000000000
 AAAAAAAABMADAAAA | United States | AR       | Cleburne County  |  65.0000000000000000 |  89.4600000000000000 | 0.00000000000000000000 |    55.4600000000000000 |  1599.6500000000000000 | 1928.0000000000000000 | 0.00000000000000000000
 AAAAAAAABPKCAAAA | United States | AR       | Cleburne County  |  16.0000000000000000 |  58.7400000000000000 | 0.00000000000000000000 |    25.8400000000000000 |  -363.3600000000000000 | 1928.0000000000000000 | 0.00000000000000000000
 AAAAAAAACHLDAAAA | United States | AR       | Cleburne County  |  83.0000000000000000 |  16.5400000000000000 | 0.00000000000000000000 |     2.3100000000000000 |  -491.3600000000000000 | 1928.0000000000000000 | 0.00000000000000000000
 AAAAAAAAFCECAAAA | United States | AR       | Cleburne County  |  22.0000000000000000 | 183.0700000000000000 | 0.00000000000000000000 |   129.9700000000000000 |  1498.6400000000000000 | 1928.0000000000000000 | 0.00000000000000000000
 AAAAAAAAFKDEAAAA | United States | AR       | Cleburne County  |  62.0000000000000000 | 125.2800000000000000 | 0.00000000000000000000 |    95.2100000000000000 |  2745.3600000000000000 | 1928.0000000000000000 | 0.00000000000000000000
 AAAAAAAAGAEBAAAA | United States | AR       | Cleburne County  |  66.0000000000000000 |  15.9600000000000000 | 0.00000000000000000000 |    12.1200000000000000 |   254.1000000000000000 | 1928.0000000000000000 | 0.00000000000000000000
 AAAAAAAAINJCAAAA | United States | AR       | Cleburne County  |  92.0000000000000000 | 201.8200000000000000 | 0.00000000000000000000 |   125.1200000000000000 |  3258.6400000000000000 | 1928.0000000000000000 | 0.00000000000000000000
 AAAAAAAAJNPDAAAA | United States | AR       | Cleburne County  |  54.0000000000000000 |  96.1700000000000000 | 0.00000000000000000000 |    51.9300000000000000 | -1751.2200000000000000 | 1928.0000000000000000 | 0.00000000000000000000
 AAAAAAAAOHBEAAAA | United States | AR       | Cleburne County  |   3.0000000000000000 |  81.8200000000000000 | 0.00000000000000000000 |    21.2700000000000000 |   -23.5500000000000000 | 1928.0000000000000000 | 0.00000000000000000000
 AAAAAAAAOLDEAAAA | United States | AR       | Cleburne County  |  37.0000000000000000 |  88.4200000000000000 | 0.00000000000000000000 |    53.0500000000000000 | -1213.6000000000000000 | 1928.0000000000000000 | 0.00000000000000000000
 AAAAAAAACDLBAAAA | United States | AR       | Cleveland County |  88.0000000000000000 | 199.0800000000000000 | 0.00000000000000000000 |    87.5900000000000000 |   969.7600000000000000 | 1945.0000000000000000 |     2.0000000000000000
 AAAAAAAAGOJAAAAA | United States | AR       | Cleveland County |  30.0000000000000000 | 175.9100000000000000 | 0.00000000000000000000 |   133.6900000000000000 |  2227.8000000000000000 | 1945.0000000000000000 |     2.0000000000000000
 AAAAAAAAIFECAAAA | United States | AR       | Cleveland County |  34.0000000000000000 |   3.9200000000000000 | 0.00000000000000000000 |     2.2300000000000000 |   -25.1600000000000000 | 1945.0000000000000000 |     2.0000000000000000
 AAAAAAAAKPPDAAAA | United States | AR       | Cleveland County |  71.0000000000000000 |  73.1000000000000000 | 0.00000000000000000000 |    15.3500000000000000 |  -854.1300000000000000 | 1945.0000000000000000 |     2.0000000000000000
 AAAAAAAACCFEAAAA | United States | AR       | Conway County    |  27.0000000000000000 |  81.8900000000000000 | 0.00000000000000000000 |    74.5100000000000000 | 1.62000000000000000000 | 1957.0000000000000000 |     2.0000000000000000
 AAAAAAAADPMBAAAA | United States | AR       | Conway County    |  21.0000000000000000 |  84.8500000000000000 |   342.9800000000000000 |    65.3300000000000000 |  -735.2600000000000000 | 1957.0000000000000000 |     2.0000000000000000
 AAAAAAAAEDNAAAAA | United States | AR       | Conway County    |   3.0000000000000000 | 229.5500000000000000 | 0.00000000000000000000 |    27.5400000000000000 |  -211.6800000000000000 | 1957.0000000000000000 |     2.0000000000000000
 AAAAAAAAEGLCAAAA | United States | AR       | Conway County    |  28.0000000000000000 | 147.9200000000000000 |   452.2700000000000000 |   124.2500000000000000 |  1082.1300000000000000 | 1988.0000000000000000 |     4.0000000000000000
 AAAAAAAAFLFBAAAA | United States | AR       | Conway County    |  36.0000000000000000 | 124.4800000000000000 | 0.00000000000000000000 |    59.7500000000000000 |   544.6800000000000000 | 1957.0000000000000000 |     2.0000000000000000
 AAAAAAAAGIGDAAAA | United States | AR       | Conway County    |  76.0000000000000000 |  35.7100000000000000 | 0.00000000000000000000 |    21.0600000000000000 |   125.4000000000000000 | 1957.0000000000000000 |     2.0000000000000000
 AAAAAAAAHLCCAAAA | United States | AR       | Conway County    |  78.0000000000000000 |  71.9000000000000000 | 0.00000000000000000000 |    56.0800000000000000 | -1018.6800000000000000 | 1957.0000000000000000 |     2.0000000000000000
 AAAAAAAAIEKBAAAA | United States | AR       | Conway County    |  41.0000000000000000 |  72.6400000000000000 |  1489.1200000000000000 |    72.6400000000000000 |  -653.5400000000000000 | 1957.0000000000000000 |     2.0000000000000000
 AAAAAAAAJDAEAAAA | United States | AR       | Conway County    |  77.0000000000000000 | 175.4700000000000000 |    48.6000000000000000 |     5.2600000000000000 | -4781.0200000000000000 | 1988.0000000000000000 |     4.0000000000000000
 AAAAAAAAMHDBAAAA | United States | AR       | Conway County    |  59.0000000000000000 | 248.0000000000000000 | 0.00000000000000000000 |   168.6400000000000000 |  4686.3700000000000000 | 1957.0000000000000000 |     2.0000000000000000
 AAAAAAAAMJDBAAAA | United States | AR       | Conway County    |  59.0000000000000000 | 154.3900000000000000 | 0.00000000000000000000 |    91.0900000000000000 |  1077.3400000000000000 | 1957.0000000000000000 |     2.0000000000000000
 AAAAAAAANAGDAAAA | United States | AR       | Conway County    |  28.0000000000000000 | 193.2800000000000000 |   208.2600000000000000 |     9.6600000000000000 | -1766.1800000000000000 | 1957.0000000000000000 |     2.0000000000000000
 AAAAAAAAODDAAAAA | United States | AR       | Conway County    |  48.0000000000000000 | 215.7300000000000000 | 0.00000000000000000000 |   131.5900000000000000 |  2157.6000000000000000 | 1957.0000000000000000 |     2.0000000000000000
 AAAAAAAAOFAAAAAA | United States | AR       | Conway County    |   2.0000000000000000 | 121.8500000000000000 | 0.00000000000000000000 |     8.5200000000000000 |  -152.2000000000000000 | 1957.0000000000000000 |     2.0000000000000000
 AAAAAAAAPHHCAAAA | United States | AR       | Conway County    |   7.0000000000000000 |  62.2200000000000000 | 0.00000000000000000000 |    51.6400000000000000 |   -65.5200000000000000 | 1957.0000000000000000 |     2.0000000000000000
 AAAAAAAAPNCEAAAA | United States | AR       | Conway County    |  66.0000000000000000 |  20.9700000000000000 |   332.0000000000000000 |     5.2400000000000000 |  -601.2800000000000000 | 1988.0000000000000000 |     4.0000000000000000
 AAAAAAAAPNFEAAAA | United States | AR       | Conway County    |  60.0000000000000000 | 122.5200000000000000 | 0.00000000000000000000 |    15.9200000000000000 | -3668.4000000000000000 | 1988.0000000000000000 |     4.0000000000000000
 AAAAAAAACDADAAAA | United States | AR       | Izard County     |  74.0000000000000000 |  45.1200000000000000 |   180.2600000000000000 |     8.1200000000000000 |  -988.3400000000000000 | 1930.0000000000000000 |     5.0000000000000000
 AAAAAAAACGJAAAAA | United States | AR       | Izard County     |  62.0000000000000000 | 268.9100000000000000 | 0.00000000000000000000 |   207.0600000000000000 |  7068.6200000000000000 | 1930.0000000000000000 |     5.0000000000000000
 AAAAAAAACHLDAAAA | United States | AR       | Izard County     |  35.0000000000000000 |  44.2600000000000000 | 0.00000000000000000000 |    26.5500000000000000 |  -281.0500000000000000 | 1930.0000000000000000 |     5.0000000000000000
 AAAAAAAADBCBAAAA | United States | AR       | Izard County     |  51.0000000000000000 |  30.4000000000000000 |   739.8400000000000000 |    18.8400000000000000 |  -971.8900000000000000 | 1930.0000000000000000 |     5.0000000000000000
 AAAAAAAADGKAAAAA | United States | AR       | Izard County     |  37.0000000000000000 |  26.9600000000000000 | 0.00000000000000000000 |    15.3600000000000000 |   104.3400000000000000 | 1930.0000000000000000 |     5.0000000000000000
 AAAAAAAAGAEBAAAA | United States | AR       | Izard County     |  71.0000000000000000 | 109.3800000000000000 | 0.00000000000000000000 |    91.8700000000000000 |  2159.8200000000000000 | 1930.0000000000000000 |     5.0000000000000000
 AAAAAAAAGBBAAAAA | United States | AR       | Izard County     |  13.0000000000000000 |  83.6000000000000000 |   437.8100000000000000 |    42.6300000000000000 |  -542.3300000000000000 | 1930.0000000000000000 |     5.0000000000000000
 AAAAAAAAGFBCAAAA | United States | AR       | Izard County     |  63.0000000000000000 |  68.9300000000000000 | 0.00000000000000000000 |    38.6000000000000000 |   780.5700000000000000 | 1930.0000000000000000 |     5.0000000000000000
 AAAAAAAAHGHCAAAA | United States | AR       | Izard County     |  67.0000000000000000 |  45.3800000000000000 | 0.00000000000000000000 | 0.00000000000000000000 | -2555.3800000000000000 | 1930.0000000000000000 |     5.0000000000000000
 AAAAAAAAHMKCAAAA | United States | AR       | Izard County     |  74.0000000000000000 |   6.0700000000000000 | 0.00000000000000000000 |     4.4900000000000000 |    32.5600000000000000 | 1930.0000000000000000 |     5.0000000000000000
 AAAAAAAANKIDAAAA | United States | AR       | Izard County     |  48.0000000000000000 | 125.1700000000000000 | 0.00000000000000000000 |    17.5200000000000000 | -3450.7200000000000000 | 1930.0000000000000000 |     5.0000000000000000
 AAAAAAAANONDAAAA | United States | AR       | Izard County     |  32.0000000000000000 |  12.1000000000000000 | 0.00000000000000000000 |    11.3700000000000000 |     5.1200000000000000 | 1930.0000000000000000 |     5.0000000000000000
 AAAAAAAAOKEEAAAA | United States | AR       | Izard County     |  67.0000000000000000 |  11.3200000000000000 | 0.00000000000000000000 | 1.47000000000000000000 |  -268.0000000000000000 | 1930.0000000000000000 |     5.0000000000000000
 AAAAAAAAOOKAAAAA | United States | AR       | Izard County     |  47.0000000000000000 | 205.1300000000000000 | 0.00000000000000000000 |   133.3300000000000000 |  2798.3800000000000000 | 1930.0000000000000000 |     5.0000000000000000
 AAAAAAAADIHBAAAA | United States | AR       | Lonoke County    |  32.0000000000000000 |   7.5500000000000000 | 0.00000000000000000000 |     6.6400000000000000 |    72.0000000000000000 | 1956.0000000000000000 |     2.0000000000000000
 AAAAAAAADMHAAAAA | United States | AR       | Lonoke County    |  87.0000000000000000 |  82.5200000000000000 | 0.00000000000000000000 |    53.6300000000000000 |  1946.1900000000000000 | 1971.0000000000000000 |     4.0000000000000000
 AAAAAAAAKIICAAAA | United States | AR       | Lonoke County    |  92.0000000000000000 |  69.5100000000000000 |   546.4200000000000000 |    10.4200000000000000 | -2677.1400000000000000 | 1971.0000000000000000 |     4.0000000000000000
 AAAAAAAAMIFDAAAA | United States | AR       | Lonoke County    |  17.0000000000000000 | 161.6800000000000000 | 0.00000000000000000000 |    74.3700000000000000 |    79.5600000000000000 | 1971.0000000000000000 |     4.0000000000000000
 AAAAAAAAMMBEAAAA | United States | AR       | Lonoke County    |  36.0000000000000000 |  11.9000000000000000 | 0.00000000000000000000 |     6.6600000000000000 |    16.5600000000000000 | 1956.0000000000000000 |     2.0000000000000000
 AAAAAAAAMNOBAAAA | United States | AR       | Lonoke County    |  21.0000000000000000 |  91.5200000000000000 |   320.1200000000000000 |    31.1100000000000000 |  -758.8100000000000000 | 1971.0000000000000000 |     4.0000000000000000
 AAAAAAAANNBEAAAA | United States | AR       | Lonoke County    |  50.0000000000000000 |  75.9300000000000000 | 0.00000000000000000000 |     3.7900000000000000 | -1980.0000000000000000 | 1956.0000000000000000 |     2.0000000000000000
 AAAAAAAAOGADAAAA | United States | AR       | Lonoke County    |  54.0000000000000000 |  22.4300000000000000 | 0.00000000000000000000 |     2.2400000000000000 |  -738.1800000000000000 | 1956.0000000000000000 |     2.0000000000000000
 AAAAAAAAOPOAAAAA | United States | AR       | Lonoke County    |  41.0000000000000000 | 163.4800000000000000 | 0.00000000000000000000 |    17.9800000000000000 | -2614.1600000000000000 | 1971.0000000000000000 |     4.0000000000000000
 AAAAAAAAAGKDAAAA | United States | AR       | Madison County   |  56.0000000000000000 |  26.0100000000000000 | 0.00000000000000000000 |     3.1200000000000000 |  -315.8400000000000000 | 1977.0000000000000000 |     4.0000000000000000
 AAAAAAAAAKABAAAA | United States | AR       | Madison County   |  45.0000000000000000 | 161.8800000000000000 |  2891.1300000000000000 |   101.9800000000000000 | -2562.1800000000000000 | 1937.0000000000000000 | 1.00000000000000000000
 AAAAAAAABMCBAAAA | United States | AR       | Madison County   | 100.0000000000000000 |   5.8100000000000000 | 0.00000000000000000000 |     3.1900000000000000 |  -251.0000000000000000 | 1977.0000000000000000 |     4.0000000000000000
 AAAAAAAACGDCAAAA | United States | AR       | Madison County   |  70.0000000000000000 |  38.7800000000000000 |    17.9000000000000000 |    12.7900000000000000 | -1195.3000000000000000 | 1937.0000000000000000 | 1.00000000000000000000
 AAAAAAAACJBEAAAA | United States | AR       | Madison County   |  55.0000000000000000 |  50.3200000000000000 | 0.00000000000000000000 |    33.2100000000000000 |   354.2000000000000000 | 1937.0000000000000000 | 1.00000000000000000000
 AAAAAAAACJJDAAAA | United States | AR       | Madison County   |  94.0000000000000000 |  37.8600000000000000 |  1245.5000000000000000 |    13.2500000000000000 | -2157.3000000000000000 | 1937.0000000000000000 | 1.00000000000000000000
 AAAAAAAACKKAAAAA | United States | AR       | Madison County   |  60.0000000000000000 |  10.4100000000000000 |   218.6100000000000000 |    10.4100000000000000 |   -93.8100000000000000 | 1937.0000000000000000 | 1.00000000000000000000
 AAAAAAAADGKDAAAA | United States | AR       | Madison County   |  64.0000000000000000 |  79.2900000000000000 | 0.00000000000000000000 |    70.5600000000000000 |   551.0400000000000000 | 1937.0000000000000000 | 1.00000000000000000000
 AAAAAAAAEHEBAAAA | United States | AR       | Madison County   |  62.0000000000000000 |  81.9800000000000000 | 0.00000000000000000000 |     6.5500000000000000 | -1504.7400000000000000 | 1977.0000000000000000 |     4.0000000000000000
 AAAAAAAAEHHBAAAA | United States | AR       | Madison County   |  83.0000000000000000 | 131.6600000000000000 | 0.00000000000000000000 |    35.5400000000000000 | -3022.0300000000000000 | 1937.0000000000000000 | 1.00000000000000000000
 AAAAAAAAEMFCAAAA | United States | AR       | Madison County   |  67.0000000000000000 | 171.4100000000000000 | 0.00000000000000000000 |    27.4200000000000000 | -4144.6200000000000000 | 1937.0000000000000000 | 1.00000000000000000000
 AAAAAAAAFGLAAAAA | United States | AR       | Madison County   |   9.0000000000000000 | 128.6000000000000000 |    36.7700000000000000 |     7.7100000000000000 |  -526.5500000000000000 | 1937.0000000000000000 | 1.00000000000000000000
 AAAAAAAAGBDBAAAA | United States | AR       | Madison County   |  51.0000000000000000 | 159.0200000000000000 | 0.00000000000000000000 |   127.2100000000000000 |  2607.1200000000000000 | 1937.0000000000000000 | 1.00000000000000000000
(100 rows)

UPDATE time_statistics SET e_time = TRANSACTION_TIMESTAMP() WHERE template = 'query18.tpl' AND stream = 5;
psql:/tmp/s1-basline/throughput/query_5.sql:2375: NOTICE:  duration: 0.099 ms  plan:
Query Text: UPDATE time_statistics SET e_time = TRANSACTION_TIMESTAMP() WHERE template = 'query18.tpl' AND stream = 5;
Update on time_statistics  (cost=0.00..20.59 rows=0 width=0) (actual time=0.099..0.099 rows=0 loops=1)
  ->  Seq Scan on time_statistics  (cost=0.00..20.59 rows=1 width=14) (actual time=0.084..0.084 rows=1 loops=1)
        Filter: ((template = 'query18.tpl'::text) AND (stream = 5))
        Rows Removed by Filter: 636
UPDATE 1
LOAD 'auto_explain'; SET auto_explain.log_min_duration TO 0; SET auto_explain.log_analyze TO on; SET auto_explain.log_level TO notice; INSERT INTO time_statistics (template, s_time, stream, query, seed) VALUES ('query33.tpl', TRANSACTION_TIMESTAMP(), 5, 47, 918261859);
LOAD
SET
SET
SET
psql:/tmp/s1-basline/throughput/query_5.sql:2376: NOTICE:  duration: 0.009 ms  plan:
Query Text: INSERT INTO time_statistics (template, s_time, stream, query, seed) VALUES ('query33.tpl', TRANSACTION_TIMESTAMP(), 5, 47, 918261859);
Insert on time_statistics  (cost=0.00..0.01 rows=0 width=0) (actual time=0.008..0.008 rows=0 loops=1)
  ->  Result  (cost=0.00..0.01 rows=1 width=64) (actual time=0.001..0.001 rows=1 loops=1)
INSERT 0 1
with ss as (
 select
          i_manufact_id,sum(ss_ext_sales_price) total_sales
 from
 	store_sales,
 	date_dim,
         customer_address,
         item
 where
         i_manufact_id in (select
  i_manufact_id
from
 item
where i_category in ('Books'))
 and     ss_item_sk              = i_item_sk
 and     ss_sold_date_sk         = d_date_sk
 and     d_year                  = 2002
 and     d_moy                   = 4
 and     ss_addr_sk              = ca_address_sk
 and     ca_gmt_offset           = -5 
 group by i_manufact_id),
 cs as (
 select
          i_manufact_id,sum(cs_ext_sales_price) total_sales
 from
 	catalog_sales,
 	date_dim,
         customer_address,
         item
 where
         i_manufact_id               in (select
  i_manufact_id
from
 item
where i_category in ('Books'))
 and     cs_item_sk              = i_item_sk
 and     cs_sold_date_sk         = d_date_sk
 and     d_year                  = 2002
 and     d_moy                   = 4
 and     cs_bill_addr_sk         = ca_address_sk
 and     ca_gmt_offset           = -5 
 group by i_manufact_id),
 ws as (
 select
          i_manufact_id,sum(ws_ext_sales_price) total_sales
 from
 	web_sales,
 	date_dim,
         customer_address,
         item
 where
         i_manufact_id               in (select
  i_manufact_id
from
 item
where i_category in ('Books'))
 and     ws_item_sk              = i_item_sk
 and     ws_sold_date_sk         = d_date_sk
 and     d_year                  = 2002
 and     d_moy                   = 4
 and     ws_bill_addr_sk         = ca_address_sk
 and     ca_gmt_offset           = -5
 group by i_manufact_id)
  select  i_manufact_id ,sum(total_sales) total_sales
 from  (select * from ss 
        union all
        select * from cs 
        union all
        select * from ws) tmp1
 group by i_manufact_id
 order by total_sales
limit 100;
psql:/tmp/s1-basline/throughput/query_5.sql:2448: NOTICE:  duration: 149.800 ms  plan:
Query Text: with ss as (
 select
          i_manufact_id,sum(ss_ext_sales_price) total_sales
 from
 	store_sales,
 	date_dim,
         customer_address,
         item
 where
         i_manufact_id in (select
  i_manufact_id
from
 item
where i_category in ('Books'))
 and     ss_item_sk              = i_item_sk
 and     ss_sold_date_sk         = d_date_sk
 and     d_year                  = 2002
 and     d_moy                   = 4
 and     ss_addr_sk              = ca_address_sk
 and     ca_gmt_offset           = -5 
 group by i_manufact_id),
 cs as (
 select
          i_manufact_id,sum(cs_ext_sales_price) total_sales
 from
 	catalog_sales,
 	date_dim,
         customer_address,
         item
 where
         i_manufact_id               in (select
  i_manufact_id
from
 item
where i_category in ('Books'))
 and     cs_item_sk              = i_item_sk
 and     cs_sold_date_sk         = d_date_sk
 and     d_year                  = 2002
 and     d_moy                   = 4
 and     cs_bill_addr_sk         = ca_address_sk
 and     ca_gmt_offset           = -5 
 group by i_manufact_id),
 ws as (
 select
          i_manufact_id,sum(ws_ext_sales_price) total_sales
 from
 	web_sales,
 	date_dim,
         customer_address,
         item
 where
         i_manufact_id               in (select
  i_manufact_id
from
 item
where i_category in ('Books'))
 and     ws_item_sk              = i_item_sk
 and     ws_sold_date_sk         = d_date_sk
 and     d_year                  = 2002
 and     d_moy                   = 4
 and     ws_bill_addr_sk         = ca_address_sk
 and     ca_gmt_offset           = -5
 group by i_manufact_id)
  select  i_manufact_id ,sum(total_sales) total_sales
 from  (select * from ss 
        union all
        select * from cs 
        union all
        select * from ws) tmp1
 group by i_manufact_id
 order by total_sales
limit 100;
Limit  (cost=45099.53..45099.78 rows=100 width=12) (actual time=123.884..149.768 rows=100 loops=1)
  ->  Sort  (cost=45099.53..45100.03 rows=200 width=12) (actual time=123.883..149.761 rows=100 loops=1)
        Sort Key: (sum((sum(store_sales.ss_ext_sales_price))))
        Sort Method: top-N heapsort  Memory: 33kB
        ->  Finalize GroupAggregate  (cost=45037.48..45091.89 rows=200 width=12) (actual time=123.034..149.620 rows=718 loops=1)
              Group Key: item.i_manufact_id
              ->  Gather Merge  (cost=45037.48..45087.89 rows=400 width=12) (actual time=123.030..149.358 rows=1986 loops=1)
                    Workers Planned: 2
                    Workers Launched: 2
                    ->  Partial GroupAggregate  (cost=44037.45..44041.70 rows=200 width=12) (actual time=75.727..75.937 rows=662 loops=3)
                          Group Key: item.i_manufact_id
                          ->  Sort  (cost=44037.45..44038.20 rows=299 width=12) (actual time=75.724..75.759 rows=662 loops=3)
                                Sort Key: item.i_manufact_id
                                Sort Method: quicksort  Memory: 62kB
                                Worker 0:  Sort Method: quicksort  Memory: 58kB
                                Worker 1:  Sort Method: quicksort  Memory: 63kB
                                ->  Parallel Append  (cost=15227.38..44025.16 rows=299 width=12) (actual time=74.722..75.637 rows=662 loops=3)
                                      ->  GroupAggregate  (cost=44012.80..44019.71 rows=395 width=12) (actual time=114.465..115.920 rows=702 loops=1)
                                            Group Key: item.i_manufact_id
                                            ->  Sort  (cost=44012.80..44013.79 rows=395 width=12) (actual time=114.453..115.062 rows=7604 loops=1)
                                                  Sort Key: item.i_manufact_id
                                                  Worker 1:  Sort Method: quicksort  Memory: 608kB
                                                  ->  Hash Join  (cost=1505.79..43995.77 rows=395 width=12) (actual time=24.421..112.586 rows=7604 loops=1)
                                                        Hash Cond: (item.i_manufact_id = item_1.i_manufact_id)
                                                        ->  Nested Loop  (cost=1.01..42485.55 rows=396 width=12) (actual time=8.158..94.720 rows=8723 loops=1)
                                                              ->  Nested Loop  (cost=0.72..42364.57 rows=396 width=16) (actual time=8.101..79.159 rows=8723 loops=1)
                                                                    ->  Nested Loop  (cost=0.43..42012.49 rows=1134 width=24) (actual time=7.967..42.423 rows=25489 loops=1)
                                                                          ->  Seq Scan on date_dim  (cost=0.00..2500.73 rows=30 width=8) (actual time=7.868..14.266 rows=30 loops=1)
                                                                                Filter: ((d_year = 2002) AND (d_moy = 4))
                                                                                Rows Removed by Filter: 73019
                                                                          ->  Index Scan using i_ss_sold_date_sk on store_sales  (cost=0.43..1301.91 rows=1515 width=32) (actual time=0.016..0.791 rows=850 loops=30)
                                                                                Index Cond: (ss_sold_date_sk = date_dim.d_date_sk)
                                                                    ->  Index Scan using pk_customer_address on customer_address  (cost=0.29..0.31 rows=1 width=8) (actual time=0.001..0.001 rows=0 loops=25489)
                                                                          Index Cond: (ca_address_sk = store_sales.ss_addr_sk)
                                                                          Filter: (ca_gmt_offset = '-5'::double precision)
                                                                          Rows Removed by Filter: 1
                                                              ->  Index Scan using pk_item on item  (cost=0.29..0.31 rows=1 width=12) (actual time=0.001..0.001 rows=1 loops=8723)
                                                                    Index Cond: (i_item_sk = store_sales.ss_item_sk)
                                                        ->  Hash  (cost=1494.13..1494.13 rows=852 width=4) (actual time=16.223..16.224 rows=726 loops=1)
                                                              Buckets: 1024  Batches: 1  Memory Usage: 34kB
                                                              ->  HashAggregate  (cost=1485.61..1494.13 rows=852 width=4) (actual time=16.060..16.122 rows=726 loops=1)
                                                                    Group Key: item_1.i_manufact_id
                                                                    Worker 1:  Batches: 1  Memory Usage: 105kB
                                                                    ->  Seq Scan on item item_1  (cost=0.00..1481.00 rows=1844 width=4) (actual time=0.029..15.683 rows=1844 loops=1)
                                                                          Filter: (i_category = 'Books'::bpchar)
                                                                          Rows Removed by Filter: 16156
                                      ->  GroupAggregate  (cost=15227.38..15229.29 rows=109 width=12) (actual time=57.154..57.584 rows=606 loops=1)
                                            Group Key: item_2.i_manufact_id
                                            ->  Sort  (cost=15227.38..15227.65 rows=109 width=12) (actual time=57.147..57.255 rows=2019 loops=1)
                                                  Sort Key: item_2.i_manufact_id
                                                  Worker 0:  Sort Method: quicksort  Memory: 159kB
                                                  ->  Hash Join  (cost=1505.78..15223.69 rows=109 width=12) (actual time=23.715..56.639 rows=2019 loops=1)
                                                        Hash Cond: (item_2.i_manufact_id = item_3.i_manufact_id)
                                                        ->  Nested Loop  (cost=1.00..13717.41 rows=109 width=12) (actual time=8.212..40.709 rows=2336 loops=1)
                                                              ->  Nested Loop  (cost=0.71..13683.95 rows=109 width=16) (actual time=8.154..35.647 rows=2336 loops=1)
                                                                    ->  Nested Loop  (cost=0.42..13591.31 rows=297 width=24) (actual time=7.965..23.619 rows=6720 loops=1)
                                                                          ->  Seq Scan on date_dim date_dim_1  (cost=0.00..2500.73 rows=30 width=8) (actual time=7.875..14.461 rows=30 loops=1)
                                                                                Filter: ((d_year = 2002) AND (d_moy = 4))
                                                                                Rows Removed by Filter: 73019
                                                                          ->  Index Scan using i_ws_sold_date_sk on web_sales  (cost=0.42..365.72 rows=397 width=32) (actual time=0.015..0.264 rows=224 loops=30)
                                                                                Index Cond: (ws_sold_date_sk = date_dim_1.d_date_sk)
                                                                    ->  Index Scan using pk_customer_address on customer_address customer_address_1  (cost=0.29..0.31 rows=1 width=8) (actual time=0.002..0.002 rows=0 loops=6720)
                                                                          Index Cond: (ca_address_sk = web_sales.ws_bill_addr_sk)
                                                                          Filter: (ca_gmt_offset = '-5'::double precision)
                                                                          Rows Removed by Filter: 1
                                                              ->  Index Scan using pk_item on item item_2  (cost=0.29..0.31 rows=1 width=12) (actual time=0.002..0.002 rows=1 loops=2336)
                                                                    Index Cond: (i_item_sk = web_sales.ws_item_sk)
                                                        ->  Hash  (cost=1494.13..1494.13 rows=852 width=4) (actual time=15.470..15.471 rows=726 loops=1)
                                                              Buckets: 1024  Batches: 1  Memory Usage: 34kB
                                                              ->  HashAggregate  (cost=1485.61..1494.13 rows=852 width=4) (actual time=15.305..15.369 rows=726 loops=1)
                                                                    Group Key: item_3.i_manufact_id
                                                                    Worker 0:  Batches: 1  Memory Usage: 105kB
                                                                    ->  Seq Scan on item item_3  (cost=0.00..1481.00 rows=1844 width=4) (actual time=0.031..14.927 rows=1844 loops=1)
                                                                          Filter: (i_category = 'Books'::bpchar)
                                                                          Rows Removed by Filter: 16156
                                      ->  GroupAggregate  (cost=5941.85..5945.59 rows=214 width=12) (actual time=52.545..53.265 rows=678 loops=1)
                                            Group Key: item_4.i_manufact_id
                                            ->  Sort  (cost=5941.85..5942.38 rows=214 width=12) (actual time=52.536..52.761 rows=4227 loops=1)
                                                  Sort Key: item_4.i_manufact_id
                                                  Sort Method: quicksort  Memory: 424kB
                                                  ->  Hash Join  (cost=1505.79..5933.56 rows=214 width=12) (actual time=12.513..51.482 rows=4227 loops=1)
                                                        Hash Cond: (item_4.i_manufact_id = item_5.i_manufact_id)
                                                        ->  Nested Loop  (cost=1.00..4425.84 rows=215 width=12) (actual time=4.386..42.509 rows=4843 loops=1)
                                                              ->  Nested Loop  (cost=0.72..4360.05 rows=215 width=16) (actual time=4.378..34.356 rows=4843 loops=1)
                                                                    ->  Nested Loop  (cost=0.43..4176.58 rows=590 width=24) (actual time=4.332..14.642 rows=13707 loops=1)
                                                                          ->  Seq Scan on date_dim date_dim_2  (cost=0.00..2500.73 rows=30 width=8) (actual time=4.321..8.876 rows=30 loops=1)
                                                                                Filter: ((d_year = 2002) AND (d_moy = 4))
                                                                                Rows Removed by Filter: 73019
                                                                          ->  Index Scan using i_cs_sold_date_sk on catalog_sales  (cost=0.43..48.01 rows=785 width=32) (actual time=0.004..0.111 rows=457 loops=30)
                                                                                Index Cond: (cs_sold_date_sk = date_dim_2.d_date_sk)
                                                                    ->  Index Scan using pk_customer_address on customer_address customer_address_2  (cost=0.29..0.31 rows=1 width=8) (actual time=0.001..0.001 rows=0 loops=13707)
                                                                          Index Cond: (ca_address_sk = catalog_sales.cs_bill_addr_sk)
                                                                          Filter: (ca_gmt_offset = '-5'::double precision)
                                                                          Rows Removed by Filter: 1
                                                              ->  Index Scan using pk_item on item item_4  (cost=0.29..0.31 rows=1 width=12) (actual time=0.001..0.001 rows=1 loops=4843)
                                                                    Index Cond: (i_item_sk = catalog_sales.cs_item_sk)
                                                        ->  Hash  (cost=1494.13..1494.13 rows=852 width=4) (actual time=8.115..8.116 rows=726 loops=1)
                                                              Buckets: 1024  Batches: 1  Memory Usage: 34kB
                                                              ->  HashAggregate  (cost=1485.61..1494.13 rows=852 width=4) (actual time=7.963..8.026 rows=726 loops=1)
                                                                    Group Key: item_5.i_manufact_id
                                                                    Batches: 1  Memory Usage: 105kB
                                                                    ->  Seq Scan on item item_5  (cost=0.00..1481.00 rows=1844 width=4) (actual time=0.005..7.637 rows=1844 loops=1)
                                                                          Filter: (i_category = 'Books'::bpchar)
                                                                          Rows Removed by Filter: 16156
 i_manufact_id |    total_sales     
---------------+--------------------
           722 |                120
           863 |             150.36
           892 |             168.32
           806 |             255.04
           754 |             293.55
           807 |  570.7900000000001
           853 |             743.87
           684 |             988.52
           669 |              995.6
           877 |            1129.85
           730 |            2002.64
           865 | 2041.9499999999998
           697 |             2307.5
           422 |               2331
           911 |            2479.62
           888 | 2640.4399999999996
           862 |            2842.33
           979 |            2844.44
           755 |            2905.27
           831 |            2906.54
           849 |            2932.12
           882 | 3141.4700000000003
           851 |            3254.37
           773 | 3476.5099999999998
           994 |            3557.68
           950 |            3565.29
           867 | 3619.7799999999997
           803 |            3701.94
           713 |            3777.42
           751 |             3866.4
           914 |            3981.84
           804 |            4359.66
           858 |            4453.63
           582 |  4511.620000000001
           905 |  4623.030000000001
           993 |            4762.77
           871 |            4779.66
           701 |            4825.49
           845 |            4838.83
           389 |            5142.23
           623 |  5199.799999999999
           725 |            5277.69
           776 |            5399.57
           562 | 5569.7300000000005
           927 |             5599.4
           604 |               5856
           864 |  5909.400000000001
           843 |            6106.59
           846 |            6126.52
           719 |             6294.5
           749 |             6422.5
           355 |  6561.210000000001
           860 |            6748.43
           534 | 6809.3099999999995
           926 |            6947.71
           775 |  7014.049999999999
           937 |            7286.75
           734 |            7305.76
           824 |  7673.009999999999
           453 |  7789.589999999999
           625 |            7822.97
           783 |            7921.14
           340 |  7997.109999999999
           827 |            8128.89
           640 |            8410.37
           698 |            8575.04
           760 |            8602.17
           838 |            8736.45
           812 |             9003.9
           986 |             9155.9
           686 |            9256.94
           902 |  9297.960000000001
           985 |            9306.64
           785 |            9403.58
           559 |            9457.33
           916 |            9476.33
           677 |            9725.09
           800 |  9745.369999999999
           809 |           10147.23
           894 |           10157.68
           679 | 10260.160000000002
           948 | 10382.380000000001
           671 | 11104.660000000002
           820 |           11105.86
           768 | 11135.650000000001
           689 |           11247.27
           411 |           11336.05
           563 |           11374.66
           498 | 11401.249999999998
           924 |           11476.22
           859 | 11567.470000000001
           710 |           11670.28
           998 |            11780.6
           685 |            11931.8
           434 |           12249.95
           954 |           12602.22
           943 | 12757.400000000001
           174 | 12819.900000000001
           972 |           13031.97
           878 |           13045.56
(100 rows)

UPDATE time_statistics SET e_time = TRANSACTION_TIMESTAMP() WHERE template = 'query33.tpl' AND stream = 5;
psql:/tmp/s1-basline/throughput/query_5.sql:2450: NOTICE:  duration: 0.098 ms  plan:
Query Text: UPDATE time_statistics SET e_time = TRANSACTION_TIMESTAMP() WHERE template = 'query33.tpl' AND stream = 5;
Update on time_statistics  (cost=0.00..20.59 rows=0 width=0) (actual time=0.098..0.098 rows=0 loops=1)
  ->  Seq Scan on time_statistics  (cost=0.00..20.59 rows=1 width=14) (actual time=0.084..0.084 rows=1 loops=1)
        Filter: ((template = 'query33.tpl'::text) AND (stream = 5))
        Rows Removed by Filter: 637
UPDATE 1
LOAD 'auto_explain'; SET auto_explain.log_min_duration TO 0; SET auto_explain.log_analyze TO on; SET auto_explain.log_level TO notice; INSERT INTO time_statistics (template, s_time, stream, query, seed) VALUES ('query63.tpl', TRANSACTION_TIMESTAMP(), 5, 48, 1409576871);
LOAD
SET
SET
SET
psql:/tmp/s1-basline/throughput/query_5.sql:2451: NOTICE:  duration: 0.008 ms  plan:
Query Text: INSERT INTO time_statistics (template, s_time, stream, query, seed) VALUES ('query63.tpl', TRANSACTION_TIMESTAMP(), 5, 48, 1409576871);
Insert on time_statistics  (cost=0.00..0.01 rows=0 width=0) (actual time=0.007..0.007 rows=0 loops=1)
  ->  Result  (cost=0.00..0.01 rows=1 width=64) (actual time=0.001..0.001 rows=1 loops=1)
INSERT 0 1
select  * 
from (select i_manager_id
             ,sum(ss_sales_price) sum_sales
             ,avg(sum(ss_sales_price)) over (partition by i_manager_id) avg_monthly_sales
      from item
          ,store_sales
          ,date_dim
          ,store
      where ss_item_sk = i_item_sk
        and ss_sold_date_sk = d_date_sk
        and ss_store_sk = s_store_sk
        and d_month_seq in (1221,1221+1,1221+2,1221+3,1221+4,1221+5,1221+6,1221+7,1221+8,1221+9,1221+10,1221+11)
        and ((    i_category in ('Books','Children','Electronics')
              and i_class in ('personal','portable','reference','self-help')
              and i_brand in ('scholaramalgamalg #14','scholaramalgamalg #7',
		                  'exportiunivamalg #9','scholaramalgamalg #9'))
           or(    i_category in ('Women','Music','Men')
              and i_class in ('accessories','classical','fragrances','pants')
              and i_brand in ('amalgimporto #1','edu packscholar #1','exportiimporto #1',
		                 'importoamalg #1')))
group by i_manager_id, d_moy) tmp1
where case when avg_monthly_sales > 0 then abs (sum_sales - avg_monthly_sales) / avg_monthly_sales else null end > 0.1
order by i_manager_id
        ,avg_monthly_sales
        ,sum_sales
limit 100;
psql:/tmp/s1-basline/throughput/query_5.sql:2477: NOTICE:  duration: 179.724 ms  plan:
Query Text: select  * 
from (select i_manager_id
             ,sum(ss_sales_price) sum_sales
             ,avg(sum(ss_sales_price)) over (partition by i_manager_id) avg_monthly_sales
      from item
          ,store_sales
          ,date_dim
          ,store
      where ss_item_sk = i_item_sk
        and ss_sold_date_sk = d_date_sk
        and ss_store_sk = s_store_sk
        and d_month_seq in (1221,1221+1,1221+2,1221+3,1221+4,1221+5,1221+6,1221+7,1221+8,1221+9,1221+10,1221+11)
        and ((    i_category in ('Books','Children','Electronics')
              and i_class in ('personal','portable','reference','self-help')
              and i_brand in ('scholaramalgamalg #14','scholaramalgamalg #7',
		                  'exportiunivamalg #9','scholaramalgamalg #9'))
           or(    i_category in ('Women','Music','Men')
              and i_class in ('accessories','classical','fragrances','pants')
              and i_brand in ('amalgimporto #1','edu packscholar #1','exportiimporto #1',
		                 'importoamalg #1')))
group by i_manager_id, d_moy) tmp1
where case when avg_monthly_sales > 0 then abs (sum_sales - avg_monthly_sales) / avg_monthly_sales else null end > 0.1
order by i_manager_id
        ,avg_monthly_sales
        ,sum_sales
limit 100;
Limit  (cost=7691.86..7691.87 rows=6 width=20) (actual time=179.669..179.681 rows=100 loops=1)
  ->  Sort  (cost=7691.86..7691.87 rows=6 width=20) (actual time=179.668..179.674 rows=100 loops=1)
        Sort Key: tmp1.i_manager_id, tmp1.avg_monthly_sales, tmp1.sum_sales
        Sort Method: top-N heapsort  Memory: 32kB
        ->  Subquery Scan on tmp1  (cost=7690.69..7691.78 rows=6 width=20) (actual time=177.753..179.571 rows=636 loops=1)
              Filter: (CASE WHEN (tmp1.avg_monthly_sales > '0'::double precision) THEN (abs((tmp1.sum_sales - tmp1.avg_monthly_sales)) / tmp1.avg_monthly_sales) ELSE NULL::double precision END > '0.1'::double precision)
              Rows Removed by Filter: 106
              ->  WindowAgg  (cost=7690.69..7691.35 rows=19 width=24) (actual time=177.752..179.484 rows=742 loops=1)
                    ->  GroupAggregate  (cost=7690.69..7691.07 rows=19 width=16) (actual time=177.722..179.175 rows=742 loops=1)
                          Group Key: item.i_manager_id, date_dim.d_moy
                          ->  Sort  (cost=7690.69..7690.74 rows=19 width=16) (actual time=177.712..178.085 rows=9639 loops=1)
                                Sort Key: item.i_manager_id, date_dim.d_moy
                                Sort Method: quicksort  Memory: 911kB
                                ->  Nested Loop  (cost=0.76..7690.28 rows=19 width=16) (actual time=1.689..175.420 rows=9639 loops=1)
                                      Join Filter: (store_sales.ss_store_sk = store.s_store_sk)
                                      Rows Removed by Join Filter: 43661
                                      ->  Nested Loop  (cost=0.76..7685.84 rows=20 width=24) (actual time=1.684..169.377 rows=9846 loops=1)
                                            ->  Nested Loop  (cost=0.43..6951.24 rows=4175 width=28) (actual time=0.033..133.884 rows=116106 loops=1)
                                                  ->  Seq Scan on item  (cost=0.00..1931.00 rows=26 width=12) (actual time=0.023..15.693 rows=900 loops=1)
                                                        Filter: (((i_category = ANY ('{Books,Children,Electronics}'::bpchar[])) AND (i_class = ANY ('{personal,portable,reference,self-help}'::bpchar[])) AND (i_brand = ANY ('{"scholaramalgamalg #14","scholaramalgamalg #7","exportiunivamalg #9","scholaramalgamalg #9"}'::bpchar[]))) OR ((i_category = ANY ('{Women,Music,Men}'::bpchar[])) AND (i_class = ANY ('{accessories,classical,fragrances,pants}'::bpchar[])) AND (i_brand = ANY ('{"amalgimporto #1","edu packscholar #1","exportiimporto #1","importoamalg #1"}'::bpchar[]))))
                                                        Rows Removed by Filter: 17100
                                                  ->  Index Scan using pk_store_sales on store_sales  (cost=0.43..191.34 rows=175 width=32) (actual time=0.005..0.113 rows=129 loops=900)
                                                        Index Cond: (ss_item_sk = item.i_item_sk)
                                            ->  Memoize  (cost=0.33..0.36 rows=1 width=12) (actual time=0.000..0.000 rows=0 loops=116106)
                                                  Cache Key: store_sales.ss_sold_date_sk
                                                  Cache Mode: logical
                                                  Hits: 114391  Misses: 1715  Evictions: 0  Overflows: 0  Memory Usage: 138kB
                                                  ->  Index Scan using pk_date_dim on date_dim  (cost=0.32..0.35 rows=1 width=12) (actual time=0.001..0.001 rows=0 loops=1715)
                                                        Index Cond: (d_date_sk = store_sales.ss_sold_date_sk)
                                                        Filter: (d_month_seq = ANY ('{1221,1222,1223,1224,1225,1226,1227,1228,1229,1230,1231,1232}'::integer[]))
                                                        Rows Removed by Filter: 1
                                      ->  Materialize  (cost=0.00..1.18 rows=12 width=8) (actual time=0.000..0.000 rows=5 loops=9846)
                                            ->  Seq Scan on store  (cost=0.00..1.12 rows=12 width=8) (actual time=0.002..0.003 rows=12 loops=1)
 i_manager_id |     sum_sales      | avg_monthly_sales  
--------------+--------------------+--------------------
            1 |              89.06 | 484.34999999999997
            1 | 237.67000000000002 | 484.34999999999997
            1 | 384.56000000000006 | 484.34999999999997
            1 |             397.18 | 484.34999999999997
            1 |             406.61 | 484.34999999999997
            1 |  702.4999999999999 | 484.34999999999997
            1 |            1252.85 | 484.34999999999997
            2 | 422.50000000000006 | 1024.5666666666666
            2 |  555.9600000000002 | 1024.5666666666666
            2 |             562.07 | 1024.5666666666666
            2 |  757.2099999999999 | 1024.5666666666666
            2 | 1163.8300000000002 | 1024.5666666666666
            2 |            1556.55 | 1024.5666666666666
            2 | 2171.5200000000004 | 1024.5666666666666
            3 |             123.86 | 457.68888888888887
            3 |             201.13 | 457.68888888888887
            3 |             313.45 | 457.68888888888887
            3 |              313.9 | 457.68888888888887
            3 | 316.38000000000005 | 457.68888888888887
            3 |  547.2800000000001 | 457.68888888888887
            3 |  894.8499999999999 | 457.68888888888887
            3 |             945.07 | 457.68888888888887
            4 |             120.83 | 409.38499999999993
            4 |             219.69 | 409.38499999999993
            4 | 344.52000000000004 | 409.38499999999993
            4 |             366.17 | 409.38499999999993
            4 |  528.8300000000002 | 409.38499999999993
            4 |             529.53 | 409.38499999999993
            4 |             552.92 | 409.38499999999993
            4 |             613.87 | 409.38499999999993
            5 | 438.56999999999994 |  738.1155555555555
            5 |             458.39 |  738.1155555555555
            5 | 500.19000000000005 |  738.1155555555555
            5 |             523.28 |  738.1155555555555
            5 |             651.98 |  738.1155555555555
            5 |             877.62 |  738.1155555555555
            5 |             1240.2 |  738.1155555555555
            5 |            1254.86 |  738.1155555555555
            6 |             400.27 |              737.2
            6 |             413.02 |              737.2
            6 |  434.3699999999999 |              737.2
            6 |  524.6500000000001 |              737.2
            6 |             529.05 |              737.2
            6 |  917.5600000000001 |              737.2
            6 |             1209.2 |              737.2
            6 | 1469.7799999999997 |              737.2
            7 |             502.06 |  893.3677777777777
            7 |  549.4599999999999 |  893.3677777777777
            7 |              579.5 |  893.3677777777777
            7 |  714.1200000000001 |  893.3677777777777
            7 |              768.3 |  893.3677777777777
            7 |            1022.75 |  893.3677777777777
            7 |            1196.83 |  893.3677777777777
            7 | 1727.8099999999997 |  893.3677777777777
            8 | 148.09999999999997 |  695.9316666666667
            8 |             218.23 |  695.9316666666667
            8 |             235.36 |  695.9316666666667
            8 | 389.74000000000007 |  695.9316666666667
            8 |             406.74 |  695.9316666666667
            8 |             432.49 |  695.9316666666667
            8 |             477.38 |  695.9316666666667
            8 |  837.4700000000001 |  695.9316666666667
            8 | 1533.9700000000003 |  695.9316666666667
            8 | 2234.4300000000003 |  695.9316666666667
            9 |  355.0199999999999 |  548.9433333333333
            9 | 450.51000000000005 |  548.9433333333333
            9 |             480.49 |  548.9433333333333
            9 |             612.88 |  548.9433333333333
            9 |  738.7999999999998 |  548.9433333333333
            9 |                765 |  548.9433333333333
           10 |             431.18 |  817.8666666666666
           10 | 504.68000000000006 |  817.8666666666666
           10 |  539.6899999999999 |  817.8666666666666
           10 |             600.64 |  817.8666666666666
           10 |             622.16 |  817.8666666666666
           10 | 1394.0600000000004 |  817.8666666666666
           10 | 1651.7999999999995 |  817.8666666666666
           11 |              22.82 |  393.2966666666667
           11 | 190.76000000000002 |  393.2966666666667
           11 | 241.20000000000002 |  393.2966666666667
           11 |              330.5 |  393.2966666666667
           11 | 435.90999999999997 |  393.2966666666667
           11 |             514.45 |  393.2966666666667
           11 |  944.6300000000002 |  393.2966666666667
           12 |             169.07 | 403.39222222222224
           12 |             195.12 | 403.39222222222224
           12 |             236.98 | 403.39222222222224
           12 |             314.86 | 403.39222222222224
           12 | 352.75999999999993 | 403.39222222222224
           12 |             461.93 | 403.39222222222224
           12 |             493.68 | 403.39222222222224
           12 |  984.6700000000001 | 403.39222222222224
           13 |              430.5 |  983.5644444444442
           13 | 446.50999999999993 |  983.5644444444442
           13 |             750.98 |  983.5644444444442
           13 |             882.33 |  983.5644444444442
           13 |            1094.83 |  983.5644444444442
           13 | 1121.4599999999998 |  983.5644444444442
           13 |             1516.3 |  983.5644444444442
           13 | 1666.7699999999998 |  983.5644444444442
(100 rows)

UPDATE time_statistics SET e_time = TRANSACTION_TIMESTAMP() WHERE template = 'query63.tpl' AND stream = 5;
psql:/tmp/s1-basline/throughput/query_5.sql:2479: NOTICE:  duration: 0.094 ms  plan:
Query Text: UPDATE time_statistics SET e_time = TRANSACTION_TIMESTAMP() WHERE template = 'query63.tpl' AND stream = 5;
Update on time_statistics  (cost=0.00..20.59 rows=0 width=0) (actual time=0.093..0.093 rows=0 loops=1)
  ->  Seq Scan on time_statistics  (cost=0.00..20.59 rows=1 width=14) (actual time=0.078..0.079 rows=1 loops=1)
        Filter: ((template = 'query63.tpl'::text) AND (stream = 5))
        Rows Removed by Filter: 638
UPDATE 1
LOAD 'auto_explain'; SET auto_explain.log_min_duration TO 0; SET auto_explain.log_analyze TO on; SET auto_explain.log_level TO notice; INSERT INTO time_statistics (template, s_time, stream, query, seed) VALUES ('query8.tpl', TRANSACTION_TIMESTAMP(), 5, 49, 1308890641);
LOAD
SET
SET
SET
psql:/tmp/s1-basline/throughput/query_5.sql:2480: NOTICE:  duration: 0.009 ms  plan:
Query Text: INSERT INTO time_statistics (template, s_time, stream, query, seed) VALUES ('query8.tpl', TRANSACTION_TIMESTAMP(), 5, 49, 1308890641);
Insert on time_statistics  (cost=0.00..0.01 rows=0 width=0) (actual time=0.009..0.009 rows=0 loops=1)
  ->  Result  (cost=0.00..0.01 rows=1 width=64) (actual time=0.001..0.001 rows=1 loops=1)
INSERT 0 1
select  s_store_name
      ,sum(ss_net_profit)
 from store_sales
     ,date_dim
     ,store,
     (select ca_zip
     from (
      SELECT substr(ca_zip,1,5) ca_zip
      FROM customer_address
      WHERE substr(ca_zip,1,5) IN (
                          '11528','74590','12528','72152','21672','17190',
                          '51572','93349','16067','69414','68279',
                          '32852','15229','15321','45790','80095',
                          '21094','76691','67215','95984','20384',
                          '98709','43028','82499','21719','70063',
                          '60406','33722','22557','91735','67234',
                          '10226','60613','74239','67692','61508',
                          '66499','29434','93504','48222','18452',
                          '85275','77087','41286','95311','22327',
                          '24023','73936','33755','91450','24363',
                          '81865','63262','83915','12849','77138',
                          '28959','45898','43747','28214','27654',
                          '51555','19698','58111','28962','41822',
                          '30090','45257','72404','44916','20797',
                          '13164','36425','26731','40334','71426',
                          '43568','35433','20135','42278','12210',
                          '27889','75808','57254','54612','70898',
                          '69958','96323','53703','89964','96256',
                          '46883','96092','68898','63078','79289',
                          '37786','49700','31802','61928','87965',
                          '87493','76160','33185','48499','62319',
                          '86654','76723','52140','54837','19003',
                          '52645','83161','99363','41889','31814',
                          '50583','41059','43008','15593','28167',
                          '20903','85137','67621','62172','46629',
                          '98052','41424','74699','40972','41980',
                          '86594','70183','98674','95506','90377',
                          '15727','63677','31210','75235','91793',
                          '68362','51386','41599','35008','78347',
                          '58546','55162','95772','80295','80755',
                          '63469','53924','61523','43949','84976',
                          '67291','33972','91754','23428','60194',
                          '71561','27518','49251','65881','29719',
                          '87455','47699','42698','81791','57357',
                          '70243','24700','17788','93033','55818',
                          '47878','18594','47207','14235','74114',
                          '91082','35448','29357','71491','97443',
                          '25014','80034','71928','90636','14062',
                          '30897','40340','24731','25864','18630',
                          '95206','87321','60930','36696','26108',
                          '16224','94672','75490','20425','31889',
                          '65203','53462','85403','67674','25743',
                          '53582','44148','68968','84396','47322',
                          '30465','12068','93682','40871','97774',
                          '95634','21905','74734','23146','66653',
                          '28286','75326','60033','64780','33052',
                          '51903','48505','24057','58181','55453',
                          '84757','11235','66024','11391','51805',
                          '60199','59756','81120','13205','34586',
                          '84701','20276','32092','89029','93716',
                          '90241','89217','39414','84196','47844',
                          '20946','35890','80840','81582','48949',
                          '77741','58193','45440','47986','95990',
                          '27092','13983','34074','96825','32709',
                          '31187','13241','45923','56986','27096',
                          '32586','74575','31735','10682','43572',
                          '44864','82994','58340','52093','60483',
                          '59205','92077','48261','94384','43360',
                          '27384','34045','94009','29577','34742',
                          '20334','90134','93086','47211','50333',
                          '32109','11040','84749','19343','85365',
                          '52111','52648','99635','96416','34483',
                          '90151','24877','14655','72495','39502',
                          '59239','12532','86915','63005','37853',
                          '52441','36983','79970','81395','92273',
                          '58137','24698','17384','72713','70634',
                          '77108','54834','99409','25526','37245',
                          '70128','79141','15794','30572','35210',
                          '76222','97389','36136','81611','84888',
                          '49260','45504','42699','35615','25834',
                          '35485','25519','10845','16502','75975',
                          '23264','16058','53088','61512','19099',
                          '50619','64764','14204','63923','39470',
                          '30826','20324','26669','44632','31521',
                          '57071','87692','42061','20958','82438',
                          '70950','39097','32579','68659','93343',
                          '44741','75139','50766','77732','56329',
                          '55664','69356','43699','24754','14983',
                          '44652','49561','75162','78626','12673',
                          '80537','76321','49398','23154')
     intersect
      select ca_zip
      from (SELECT substr(ca_zip,1,5) ca_zip,count(*) cnt
            FROM customer_address, customer
            WHERE ca_address_sk = c_current_addr_sk and
                  c_preferred_cust_flag='Y'
            group by ca_zip
            having count(*) > 10)A1)A2) V1
 where ss_store_sk = s_store_sk
  and ss_sold_date_sk = d_date_sk
  and d_qoy = 1 and d_year = 1999
  and (substr(s_zip,1,2) = substr(V1.ca_zip,1,2))
 group by s_store_name
 order by s_store_name
 limit 100;
psql:/tmp/s1-basline/throughput/query_5.sql:2585: NOTICE:  duration: 233.578 ms  plan:
Query Text: select  s_store_name
      ,sum(ss_net_profit)
 from store_sales
     ,date_dim
     ,store,
     (select ca_zip
     from (
      SELECT substr(ca_zip,1,5) ca_zip
      FROM customer_address
      WHERE substr(ca_zip,1,5) IN (
                          '11528','74590','12528','72152','21672','17190',
                          '51572','93349','16067','69414','68279',
                          '32852','15229','15321','45790','80095',
                          '21094','76691','67215','95984','20384',
                          '98709','43028','82499','21719','70063',
                          '60406','33722','22557','91735','67234',
                          '10226','60613','74239','67692','61508',
                          '66499','29434','93504','48222','18452',
                          '85275','77087','41286','95311','22327',
                          '24023','73936','33755','91450','24363',
                          '81865','63262','83915','12849','77138',
                          '28959','45898','43747','28214','27654',
                          '51555','19698','58111','28962','41822',
                          '30090','45257','72404','44916','20797',
                          '13164','36425','26731','40334','71426',
                          '43568','35433','20135','42278','12210',
                          '27889','75808','57254','54612','70898',
                          '69958','96323','53703','89964','96256',
                          '46883','96092','68898','63078','79289',
                          '37786','49700','31802','61928','87965',
                          '87493','76160','33185','48499','62319',
                          '86654','76723','52140','54837','19003',
                          '52645','83161','99363','41889','31814',
                          '50583','41059','43008','15593','28167',
                          '20903','85137','67621','62172','46629',
                          '98052','41424','74699','40972','41980',
                          '86594','70183','98674','95506','90377',
                          '15727','63677','31210','75235','91793',
                          '68362','51386','41599','35008','78347',
                          '58546','55162','95772','80295','80755',
                          '63469','53924','61523','43949','84976',
                          '67291','33972','91754','23428','60194',
                          '71561','27518','49251','65881','29719',
                          '87455','47699','42698','81791','57357',
                          '70243','24700','17788','93033','55818',
                          '47878','18594','47207','14235','74114',
                          '91082','35448','29357','71491','97443',
                          '25014','80034','71928','90636','14062',
                          '30897','40340','24731','25864','18630',
                          '95206','87321','60930','36696','26108',
                          '16224','94672','75490','20425','31889',
                          '65203','53462','85403','67674','25743',
                          '53582','44148','68968','84396','47322',
                          '30465','12068','93682','40871','97774',
                          '95634','21905','74734','23146','66653',
                          '28286','75326','60033','64780','33052',
                          '51903','48505','24057','58181','55453',
                          '84757','11235','66024','11391','51805',
                          '60199','59756','81120','13205','34586',
                          '84701','20276','32092','89029','93716',
                          '90241','89217','39414','84196','47844',
                          '20946','35890','80840','81582','48949',
                          '77741','58193','45440','47986','95990',
                          '27092','13983','34074','96825','32709',
                          '31187','13241','45923','56986','27096',
                          '32586','74575','31735','10682','43572',
                          '44864','82994','58340','52093','60483',
                          '59205','92077','48261','94384','43360',
                          '27384','34045','94009','29577','34742',
                          '20334','90134','93086','47211','50333',
                          '32109','11040','84749','19343','85365',
                          '52111','52648','99635','96416','34483',
                          '90151','24877','14655','72495','39502',
                          '59239','12532','86915','63005','37853',
                          '52441','36983','79970','81395','92273',
                          '58137','24698','17384','72713','70634',
                          '77108','54834','99409','25526','37245',
                          '70128','79141','15794','30572','35210',
                          '76222','97389','36136','81611','84888',
                          '49260','45504','42699','35615','25834',
                          '35485','25519','10845','16502','75975',
                          '23264','16058','53088','61512','19099',
                          '50619','64764','14204','63923','39470',
                          '30826','20324','26669','44632','31521',
                          '57071','87692','42061','20958','82438',
                          '70950','39097','32579','68659','93343',
                          '44741','75139','50766','77732','56329',
                          '55664','69356','43699','24754','14983',
                          '44652','49561','75162','78626','12673',
                          '80537','76321','49398','23154')
     intersect
      select ca_zip
      from (SELECT substr(ca_zip,1,5) ca_zip,count(*) cnt
            FROM customer_address, customer
            WHERE ca_address_sk = c_current_addr_sk and
                  c_preferred_cust_flag='Y'
            group by ca_zip
            having count(*) > 10)A1)A2) V1
 where ss_store_sk = s_store_sk
  and ss_sold_date_sk = d_date_sk
  and d_qoy = 1 and d_year = 1999
  and (substr(s_zip,1,2) = substr(V1.ca_zip,1,2))
 group by s_store_name
 order by s_store_name
 limit 100;
Limit  (cost=95869.75..95894.44 rows=9 width=13) (actual time=227.218..233.569 rows=4 loops=1)
  ->  GroupAggregate  (cost=95869.75..95894.44 rows=9 width=13) (actual time=227.217..233.567 rows=4 loops=1)
        Group Key: store.s_store_name
        ->  Sort  (cost=95869.75..95877.95 rows=3280 width=13) (actual time=224.994..227.138 rows=55380 loops=1)
              Sort Key: store.s_store_name
              Sort Method: quicksort  Memory: 4560kB
              ->  Nested Loop  (cost=7043.81..95678.21 rows=3280 width=13) (actual time=77.694..213.650 rows=55380 loops=1)
                    Join Filter: (store_sales.ss_store_sk = store.s_store_sk)
                    Rows Removed by Join Filter: 789260
                    ->  Nested Loop  (cost=0.43..84758.50 rows=3440 width=16) (actual time=4.389..46.282 rows=84464 loops=1)
                          ->  Seq Scan on date_dim  (cost=0.00..2500.73 rows=91 width=8) (actual time=4.379..9.787 rows=91 loops=1)
                                Filter: ((d_qoy = 1) AND (d_year = 1999))
                                Rows Removed by Filter: 72958
                          ->  Index Scan using i_ss_sold_date_sk on store_sales  (cost=0.43..888.78 rows=1515 width=24) (actual time=0.005..0.232 rows=928 loops=91)
                                Index Cond: (ss_sold_date_sk = date_dim.d_date_sk)
                    ->  Materialize  (cost=7043.38..10300.54 rows=12 width=13) (actual time=0.001..0.001 rows=10 loops=84464)
                          ->  Nested Loop  (cost=7043.38..10300.48 rows=12 width=13) (actual time=73.289..73.322 rows=10 loops=1)
                                Join Filter: (substr((store.s_zip)::text, 1, 2) = substr(a2.ca_zip, 1, 2))
                                Rows Removed by Join Filter: 26
                                ->  Index Scan using pk_store on store  (cost=0.14..3.62 rows=12 width=24) (actual time=0.001..0.008 rows=12 loops=1)
                                ->  Materialize  (cost=7043.25..10243.36 rows=200 width=32) (actual time=6.107..6.108 rows=3 loops=12)
                                      ->  Subquery Scan on a2  (cost=7043.25..10242.36 rows=200 width=32) (actual time=73.277..73.287 rows=3 loops=1)
                                            ->  HashSetOp Intersect  (cost=7043.25..10240.36 rows=200 width=36) (actual time=73.276..73.285 rows=3 loops=1)
                                                  ->  Append  (cost=7043.25..10129.53 rows=44333 width=36) (actual time=54.530..72.973 rows=1098 loops=1)
                                                        ->  Subquery Scan on "*SELECT* 2"  (cost=7043.25..7109.86 rows=1066 width=36) (actual time=54.529..55.203 rows=951 loops=1)
                                                              ->  Subquery Scan on a1  (cost=7043.25..7099.20 rows=1066 width=32) (actual time=54.528..55.132 rows=951 loops=1)
                                                                    ->  HashAggregate  (cost=7043.25..7088.54 rows=1066 width=51) (actual time=54.528..55.060 rows=951 loops=1)
                                                                          Group Key: customer_address.ca_zip
                                                                          Filter: (count(*) > 10)
                                                                          Batches: 1  Memory Usage: 369kB
                                                                          Rows Removed by Filter: 2220
                                                                          ->  Hash Join  (cost=2273.00..6807.68 rows=47113 width=11) (actual time=14.998..45.685 rows=47301 loops=1)
                                                                                Hash Cond: (customer.c_current_addr_sk = customer_address.ca_address_sk)
                                                                                ->  Seq Scan on customer  (cost=0.00..4411.00 rows=47113 width=8) (actual time=0.005..22.096 rows=47301 loops=1)
                                                                                      Filter: (c_preferred_cust_flag = 'Y'::bpchar)
                                                                                      Rows Removed by Filter: 52699
                                                                                ->  Hash  (cost=1648.00..1648.00 rows=50000 width=19) (actual time=14.970..14.971 rows=50000 loops=1)
                                                                                      Buckets: 65536  Batches: 1  Memory Usage: 3223kB
                                                                                      ->  Seq Scan on customer_address  (cost=0.00..1648.00 rows=50000 width=19) (actual time=0.003..7.931 rows=50000 loops=1)
                                                        ->  Subquery Scan on "*SELECT* 1"  (cost=1.00..2798.01 rows=43267 width=36) (actual time=0.565..17.700 rows=147 loops=1)
                                                              ->  Seq Scan on customer_address customer_address_1  (cost=1.00..2365.34 rows=43267 width=32) (actual time=0.565..17.685 rows=147 loops=1)
                                                                    Filter: (substr((ca_zip)::text, 1, 5) = ANY ('{11528,74590,12528,72152,21672,17190,51572,93349,16067,69414,68279,32852,15229,15321,45790,80095,21094,76691,67215,95984,20384,98709,43028,82499,21719,70063,60406,33722,22557,91735,67234,10226,60613,74239,67692,61508,66499,29434,93504,48222,18452,85275,77087,41286,95311,22327,24023,73936,33755,91450,24363,81865,63262,83915,12849,77138,28959,45898,43747,28214,27654,51555,19698,58111,28962,41822,30090,45257,72404,44916,20797,13164,36425,26731,40334,71426,43568,35433,20135,42278,12210,27889,75808,57254,54612,70898,69958,96323,53703,89964,96256,46883,96092,68898,63078,79289,37786,49700,31802,61928,87965,87493,76160,33185,48499,62319,86654,76723,52140,54837,19003,52645,83161,99363,41889,31814,50583,41059,43008,15593,28167,20903,85137,67621,62172,46629,98052,41424,74699,40972,41980,86594,70183,98674,95506,90377,15727,63677,31210,75235,91793,68362,51386,41599,35008,78347,58546,55162,95772,80295,80755,63469,53924,61523,43949,84976,67291,33972,91754,23428,60194,71561,27518,49251,65881,29719,87455,47699,42698,81791,57357,70243,24700,17788,93033,55818,47878,18594,47207,14235,74114,91082,35448,29357,71491,97443,25014,80034,71928,90636,14062,30897,40340,24731,25864,18630,95206,87321,60930,36696,26108,16224,94672,75490,20425,31889,65203,53462,85403,67674,25743,53582,44148,68968,84396,47322,30465,12068,93682,40871,97774,95634,21905,74734,23146,66653,28286,75326,60033,64780,33052,51903,48505,24057,58181,55453,84757,11235,66024,11391,51805,60199,59756,81120,13205,34586,84701,20276,32092,89029,93716,90241,89217,39414,84196,47844,20946,35890,80840,81582,48949,77741,58193,45440,47986,95990,27092,13983,34074,96825,32709,31187,13241,45923,56986,27096,32586,74575,31735,10682,43572,44864,82994,58340,52093,60483,59205,92077,48261,94384,43360,27384,34045,94009,29577,34742,20334,90134,93086,47211,50333,32109,11040,84749,19343,85365,52111,52648,99635,96416,34483,90151,24877,14655,72495,39502,59239,12532,86915,63005,37853,52441,36983,79970,81395,92273,58137,24698,17384,72713,70634,77108,54834,99409,25526,37245,70128,79141,15794,30572,35210,76222,97389,36136,81611,84888,49260,45504,42699,35615,25834,35485,25519,10845,16502,75975,23264,16058,53088,61512,19099,50619,64764,14204,63923,39470,30826,20324,26669,44632,31521,57071,87692,42061,20958,82438,70950,39097,32579,68659,93343,44741,75139,50766,77732,56329,55664,69356,43699,24754,14983,44652,49561,75162,78626,12673,80537,76321,49398,23154}'::text[]))
                                                                    Rows Removed by Filter: 49853
 s_store_name |         sum         
--------------+---------------------
 ation        | -11793247.729999961
 bar          | -11501369.110000027
 ese          | -10865330.280000014
 ought        | -11404498.439999955
(4 rows)

UPDATE time_statistics SET e_time = TRANSACTION_TIMESTAMP() WHERE template = 'query8.tpl' AND stream = 5;
psql:/tmp/s1-basline/throughput/query_5.sql:2587: NOTICE:  duration: 0.089 ms  plan:
Query Text: UPDATE time_statistics SET e_time = TRANSACTION_TIMESTAMP() WHERE template = 'query8.tpl' AND stream = 5;
Update on time_statistics  (cost=0.00..20.59 rows=0 width=0) (actual time=0.088..0.088 rows=0 loops=1)
  ->  Seq Scan on time_statistics  (cost=0.00..20.59 rows=1 width=14) (actual time=0.074..0.074 rows=1 loops=1)
        Filter: ((template = 'query8.tpl'::text) AND (stream = 5))
        Rows Removed by Filter: 639
UPDATE 1
LOAD 'auto_explain'; SET auto_explain.log_min_duration TO 0; SET auto_explain.log_analyze TO on; SET auto_explain.log_level TO notice; INSERT INTO time_statistics (template, s_time, stream, query, seed) VALUES ('query97.tpl', TRANSACTION_TIMESTAMP(), 5, 50, 1850007066);
LOAD
SET
SET
SET
psql:/tmp/s1-basline/throughput/query_5.sql:2588: NOTICE:  duration: 0.009 ms  plan:
Query Text: INSERT INTO time_statistics (template, s_time, stream, query, seed) VALUES ('query97.tpl', TRANSACTION_TIMESTAMP(), 5, 50, 1850007066);
Insert on time_statistics  (cost=0.00..0.01 rows=0 width=0) (actual time=0.008..0.008 rows=0 loops=1)
  ->  Result  (cost=0.00..0.01 rows=1 width=64) (actual time=0.001..0.001 rows=1 loops=1)
INSERT 0 1
with ssci as (
select ss_customer_sk customer_sk
      ,ss_item_sk item_sk
from store_sales,date_dim
where ss_sold_date_sk = d_date_sk
  and d_month_seq between 1188 and 1188 + 11
group by ss_customer_sk
        ,ss_item_sk),
csci as(
 select cs_bill_customer_sk customer_sk
      ,cs_item_sk item_sk
from catalog_sales,date_dim
where cs_sold_date_sk = d_date_sk
  and d_month_seq between 1188 and 1188 + 11
group by cs_bill_customer_sk
        ,cs_item_sk)
 select  sum(case when ssci.customer_sk is not null and csci.customer_sk is null then 1 else 0 end) store_only
      ,sum(case when ssci.customer_sk is null and csci.customer_sk is not null then 1 else 0 end) catalog_only
      ,sum(case when ssci.customer_sk is not null and csci.customer_sk is not null then 1 else 0 end) store_and_catalog
from ssci full outer join csci on (ssci.customer_sk=csci.customer_sk
                               and ssci.item_sk = csci.item_sk)
limit 100;
psql:/tmp/s1-basline/throughput/query_5.sql:2610: NOTICE:  duration: 948.881 ms  plan:
Query Text: with ssci as (
select ss_customer_sk customer_sk
      ,ss_item_sk item_sk
from store_sales,date_dim
where ss_sold_date_sk = d_date_sk
  and d_month_seq between 1188 and 1188 + 11
group by ss_customer_sk
        ,ss_item_sk),
csci as(
 select cs_bill_customer_sk customer_sk
      ,cs_item_sk item_sk
from catalog_sales,date_dim
where cs_sold_date_sk = d_date_sk
  and d_month_seq between 1188 and 1188 + 11
group by cs_bill_customer_sk
        ,cs_item_sk)
 select  sum(case when ssci.customer_sk is not null and csci.customer_sk is null then 1 else 0 end) store_only
      ,sum(case when ssci.customer_sk is null and csci.customer_sk is not null then 1 else 0 end) catalog_only
      ,sum(case when ssci.customer_sk is not null and csci.customer_sk is not null then 1 else 0 end) store_and_catalog
from ssci full outer join csci on (ssci.customer_sk=csci.customer_sk
                               and ssci.item_sk = csci.item_sk)
limit 100;
Limit  (cost=116426.45..116426.46 rows=1 width=24) (actual time=928.869..948.871 rows=1 loops=1)
  ->  Aggregate  (cost=116426.45..116426.46 rows=1 width=24) (actual time=928.868..948.870 rows=1 loops=1)
        ->  Hash Full Join  (cost=114679.93..116322.68 rows=13837 width=16) (actual time=580.095..879.474 rows=815450 loops=1)
              Hash Cond: ((store_sales.ss_customer_sk = catalog_sales.cs_bill_customer_sk) AND (store_sales.ss_item_sk = catalog_sales.cs_item_sk))
              ->  Group  (cost=92526.74..93958.48 rows=13837 width=16) (actual time=316.549..502.273 rows=536645 loops=1)
                    Group Key: store_sales.ss_customer_sk, store_sales.ss_item_sk
                    ->  Gather Merge  (cost=92526.74..93900.83 rows=11530 width=16) (actual time=316.548..445.899 rows=540143 loops=1)
                          Workers Planned: 2
                          Workers Launched: 2
                          ->  Group  (cost=91526.72..91569.95 rows=5765 width=16) (actual time=306.333..346.790 rows=180048 loops=3)
                                Group Key: store_sales.ss_customer_sk, store_sales.ss_item_sk
                                ->  Sort  (cost=91526.72..91541.13 rows=5765 width=16) (actual time=306.330..316.527 rows=180942 loops=3)
                                      Sort Key: store_sales.ss_customer_sk, store_sales.ss_item_sk
                                      Sort Method: external merge  Disk: 5320kB
                                      Worker 0:  Sort Method: quicksort  Memory: 13963kB
                                      Worker 1:  Sort Method: quicksort  Memory: 14017kB
                                      ->  Hash Join  (cost=2505.31..91166.60 rows=5765 width=16) (actual time=12.587..247.726 rows=180942 loops=3)
                                            Hash Cond: (store_sales.ss_sold_date_sk = date_dim.d_date_sk)
                                            ->  Parallel Seq Scan on store_sales  (cost=0.00..85499.45 rows=1204445 width=24) (actual time=0.015..122.901 rows=948150 loops=3)
                                            ->  Hash  (cost=2500.73..2500.73 rows=366 width=8) (actual time=12.510..12.511 rows=365 loops=3)
                                                  Buckets: 1024  Batches: 1  Memory Usage: 23kB
                                                  ->  Seq Scan on date_dim  (cost=0.00..2500.73 rows=366 width=8) (actual time=5.883..12.458 rows=365 loops=3)
                                                        Filter: ((d_month_seq >= 1188) AND (d_month_seq <= 1199))
                                                        Rows Removed by Filter: 72684
              ->  Hash  (cost=22045.25..22045.25 rows=7196 width=16) (actual time=263.537..263.538 rows=278965 loops=1)
                    Buckets: 524288 (originally 8192)  Batches: 1 (originally 1)  Memory Usage: 17168kB
                    ->  HashAggregate  (cost=21901.33..21973.29 rows=7196 width=16) (actual time=169.667..220.434 rows=278965 loops=1)
                          Group Key: catalog_sales.cs_bill_customer_sk, catalog_sales.cs_item_sk
                          Batches: 1  Memory Usage: 25617kB
                          ->  Nested Loop  (cost=0.43..21865.35 rows=7196 width=16) (actual time=3.452..101.213 rows=279031 loops=1)
                                ->  Seq Scan on date_dim date_dim_1  (cost=0.00..2500.73 rows=366 width=8) (actual time=3.439..7.808 rows=365 loops=1)
                                      Filter: ((d_month_seq >= 1188) AND (d_month_seq <= 1199))
                                      Rows Removed by Filter: 72684
                                ->  Index Scan using i_cs_sold_date_sk on catalog_sales  (cost=0.43..45.06 rows=785 width=24) (actual time=0.004..0.130 rows=764 loops=365)
                                      Index Cond: (cs_sold_date_sk = date_dim_1.d_date_sk)
 store_only | catalog_only | store_and_catalog 
------------+--------------+-------------------
     529633 |       278152 |               160
(1 row)

UPDATE time_statistics SET e_time = TRANSACTION_TIMESTAMP() WHERE template = 'query97.tpl' AND stream = 5;
psql:/tmp/s1-basline/throughput/query_5.sql:2612: NOTICE:  duration: 0.107 ms  plan:
Query Text: UPDATE time_statistics SET e_time = TRANSACTION_TIMESTAMP() WHERE template = 'query97.tpl' AND stream = 5;
Update on time_statistics  (cost=0.00..20.59 rows=0 width=0) (actual time=0.106..0.107 rows=0 loops=1)
  ->  Seq Scan on time_statistics  (cost=0.00..20.59 rows=1 width=14) (actual time=0.091..0.091 rows=1 loops=1)
        Filter: ((template = 'query97.tpl'::text) AND (stream = 5))
        Rows Removed by Filter: 640
UPDATE 1
LOAD 'auto_explain'; SET auto_explain.log_min_duration TO 0; SET auto_explain.log_analyze TO on; SET auto_explain.log_level TO notice; INSERT INTO time_statistics (template, s_time, stream, query, seed) VALUES ('query45.tpl', TRANSACTION_TIMESTAMP(), 5, 51, 360816123);
LOAD
SET
SET
SET
psql:/tmp/s1-basline/throughput/query_5.sql:2613: NOTICE:  duration: 0.008 ms  plan:
Query Text: INSERT INTO time_statistics (template, s_time, stream, query, seed) VALUES ('query45.tpl', TRANSACTION_TIMESTAMP(), 5, 51, 360816123);
Insert on time_statistics  (cost=0.00..0.01 rows=0 width=0) (actual time=0.008..0.008 rows=0 loops=1)
  ->  Result  (cost=0.00..0.01 rows=1 width=64) (actual time=0.001..0.002 rows=1 loops=1)
INSERT 0 1
select  ca_zip, ca_city, sum(ws_sales_price)
 from web_sales, customer, customer_address, date_dim, item
 where ws_bill_customer_sk = c_customer_sk
 	and c_current_addr_sk = ca_address_sk 
 	and ws_item_sk = i_item_sk 
 	and ( substr(ca_zip,1,5) in ('85669', '86197','88274','83405','86475', '85392', '85460', '80348', '81792')
 	      or 
 	      i_item_id in (select i_item_id
                             from item
                             where i_item_sk in (2, 3, 5, 7, 11, 13, 17, 19, 23, 29)
                             )
 	    )
 	and ws_sold_date_sk = d_date_sk
 	and d_qoy = 1 and d_year = 1998
 group by ca_zip, ca_city
 order by ca_zip, ca_city
 limit 100;
psql:/tmp/s1-basline/throughput/query_5.sql:2630: NOTICE:  duration: 111.656 ms  plan:
Query Text: select  ca_zip, ca_city, sum(ws_sales_price)
 from web_sales, customer, customer_address, date_dim, item
 where ws_bill_customer_sk = c_customer_sk
 	and c_current_addr_sk = ca_address_sk 
 	and ws_item_sk = i_item_sk 
 	and ( substr(ca_zip,1,5) in ('85669', '86197','88274','83405','86475', '85392', '85460', '80348', '81792')
 	      or 
 	      i_item_id in (select i_item_id
                             from item
                             where i_item_sk in (2, 3, 5, 7, 11, 13, 17, 19, 23, 29)
                             )
 	    )
 	and ws_sold_date_sk = d_date_sk
 	and d_qoy = 1 and d_year = 1998
 group by ca_zip, ca_city
 order by ca_zip, ca_city
 limit 100;
Limit  (cost=28257.93..28259.93 rows=100 width=28) (actual time=111.634..111.644 rows=15 loops=1)
  ->  GroupAggregate  (cost=28257.93..28267.33 rows=470 width=28) (actual time=111.633..111.642 rows=15 loops=1)
        Group Key: customer_address.ca_zip, customer_address.ca_city
        ->  Sort  (cost=28257.93..28259.10 rows=470 width=28) (actual time=111.626..111.628 rows=15 loops=1)
              Sort Key: customer_address.ca_zip, customer_address.ca_city
              Sort Method: quicksort  Memory: 26kB
              ->  Nested Loop  (cost=16.50..28237.07 rows=470 width=28) (actual time=6.375..111.607 rows=15 loops=1)
                    Join Filter: ((substr((customer_address.ca_zip)::text, 1, 5) = ANY ('{85669,86197,88274,83405,86475,85392,85460,80348,81792}'::text[])) OR (hashed SubPlan 1))
                    Rows Removed by Join Filter: 20199
                    ->  Nested Loop  (cost=1.01..27925.33 rows=900 width=36) (actual time=4.589..73.147 rows=20214 loops=1)
                          ->  Nested Loop  (cost=0.72..27635.96 rows=900 width=24) (actual time=4.584..47.473 rows=20214 loops=1)
                                ->  Nested Loop  (cost=0.42..27352.29 rows=900 width=24) (actual time=4.578..20.661 rows=20216 loops=1)
                                      ->  Seq Scan on date_dim  (cost=0.00..2500.73 rows=91 width=8) (actual time=4.568..9.921 rows=91 loops=1)
                                            Filter: ((d_qoy = 1) AND (d_year = 1998))
                                            Rows Removed by Filter: 72958
                                      ->  Index Scan using i_ws_sold_date_sk on web_sales  (cost=0.42..269.12 rows=397 width=32) (actual time=0.003..0.073 rows=222 loops=91)
                                            Index Cond: (ws_sold_date_sk = date_dim.d_date_sk)
                                ->  Index Scan using pk_customer on customer  (cost=0.29..0.32 rows=1 width=16) (actual time=0.001..0.001 rows=1 loops=20216)
                                      Index Cond: (c_customer_sk = web_sales.ws_bill_customer_sk)
                          ->  Index Scan using pk_customer_address on customer_address  (cost=0.29..0.32 rows=1 width=28) (actual time=0.001..0.001 rows=1 loops=20214)
                                Index Cond: (ca_address_sk = customer.c_current_addr_sk)
                    ->  Index Scan using pk_item on item  (cost=0.29..0.31 rows=1 width=25) (actual time=0.001..0.001 rows=1 loops=20214)
                          Index Cond: (i_item_sk = web_sales.ws_item_sk)
                    SubPlan 1
                      ->  Index Scan using pk_item on item item_1  (cost=0.29..15.16 rows=10 width=17) (actual time=0.018..0.028 rows=10 loops=1)
                            Index Cond: (i_item_sk = ANY ('{2,3,5,7,11,13,17,19,23,29}'::bigint[]))
   ca_zip   |   ca_city   |  sum   
------------+-------------+--------
 22293      | Five Forks  |  36.25
 24098      | Woodlawn    |  32.54
 24536      | Friendship  |  47.87
 28721      | Union       |  94.03
 32808      | Hamilton    |  30.62
 38014      | Clifton     |   25.3
 46668      | White Oak   |  53.41
 49310      | Brownsville |  30.01
 58252      | Maple Grove |  23.28
 58371      |             |  64.44
 78722      | Argyle      |  80.66
 80162      | Stringtown  |  39.87
 86971      | Wilson      |   6.42
 88059      | Mount Olive |   1.18
 89843      | Oakland     | 127.65
(15 rows)

UPDATE time_statistics SET e_time = TRANSACTION_TIMESTAMP() WHERE template = 'query45.tpl' AND stream = 5;
psql:/tmp/s1-basline/throughput/query_5.sql:2632: NOTICE:  duration: 0.097 ms  plan:
Query Text: UPDATE time_statistics SET e_time = TRANSACTION_TIMESTAMP() WHERE template = 'query45.tpl' AND stream = 5;
Update on time_statistics  (cost=0.00..20.59 rows=0 width=0) (actual time=0.097..0.097 rows=0 loops=1)
  ->  Seq Scan on time_statistics  (cost=0.00..20.59 rows=1 width=14) (actual time=0.082..0.082 rows=1 loops=1)
        Filter: ((template = 'query45.tpl'::text) AND (stream = 5))
        Rows Removed by Filter: 641
UPDATE 1
LOAD 'auto_explain'; SET auto_explain.log_min_duration TO 0; SET auto_explain.log_analyze TO on; SET auto_explain.log_level TO notice; INSERT INTO time_statistics (template, s_time, stream, query, seed) VALUES ('query62.tpl', TRANSACTION_TIMESTAMP(), 5, 52, 1890243780);
LOAD
SET
SET
SET
psql:/tmp/s1-basline/throughput/query_5.sql:2633: NOTICE:  duration: 0.009 ms  plan:
Query Text: INSERT INTO time_statistics (template, s_time, stream, query, seed) VALUES ('query62.tpl', TRANSACTION_TIMESTAMP(), 5, 52, 1890243780);
Insert on time_statistics  (cost=0.00..0.01 rows=0 width=0) (actual time=0.008..0.008 rows=0 loops=1)
  ->  Result  (cost=0.00..0.01 rows=1 width=64) (actual time=0.001..0.001 rows=1 loops=1)
INSERT 0 1
select  
   substr(w_warehouse_name,1,20)
  ,sm_type
  ,web_name
  ,sum(case when (ws_ship_date_sk - ws_sold_date_sk <= 30 ) then 1 else 0 end)  as "30 days" 
  ,sum(case when (ws_ship_date_sk - ws_sold_date_sk > 30) and 
                 (ws_ship_date_sk - ws_sold_date_sk <= 60) then 1 else 0 end )  as "31-60 days" 
  ,sum(case when (ws_ship_date_sk - ws_sold_date_sk > 60) and 
                 (ws_ship_date_sk - ws_sold_date_sk <= 90) then 1 else 0 end)  as "61-90 days" 
  ,sum(case when (ws_ship_date_sk - ws_sold_date_sk > 90) and
                 (ws_ship_date_sk - ws_sold_date_sk <= 120) then 1 else 0 end)  as "91-120 days" 
  ,sum(case when (ws_ship_date_sk - ws_sold_date_sk  > 120) then 1 else 0 end)  as ">120 days" 
from
   web_sales
  ,warehouse
  ,ship_mode
  ,web_site
  ,date_dim
where
    d_month_seq between 1209 and 1209 + 11
and ws_ship_date_sk   = d_date_sk
and ws_warehouse_sk   = w_warehouse_sk
and ws_ship_mode_sk   = sm_ship_mode_sk
and ws_web_site_sk    = web_site_sk
group by
   substr(w_warehouse_name,1,20)
  ,sm_type
  ,web_name
order by substr(w_warehouse_name,1,20)
        ,sm_type
       ,web_name
limit 100;
psql:/tmp/s1-basline/throughput/query_5.sql:2665: NOTICE:  duration: 224.539 ms  plan:
Query Text: select  
   substr(w_warehouse_name,1,20)
  ,sm_type
  ,web_name
  ,sum(case when (ws_ship_date_sk - ws_sold_date_sk <= 30 ) then 1 else 0 end)  as "30 days" 
  ,sum(case when (ws_ship_date_sk - ws_sold_date_sk > 30) and 
                 (ws_ship_date_sk - ws_sold_date_sk <= 60) then 1 else 0 end )  as "31-60 days" 
  ,sum(case when (ws_ship_date_sk - ws_sold_date_sk > 60) and 
                 (ws_ship_date_sk - ws_sold_date_sk <= 90) then 1 else 0 end)  as "61-90 days" 
  ,sum(case when (ws_ship_date_sk - ws_sold_date_sk > 90) and
                 (ws_ship_date_sk - ws_sold_date_sk <= 120) then 1 else 0 end)  as "91-120 days" 
  ,sum(case when (ws_ship_date_sk - ws_sold_date_sk  > 120) then 1 else 0 end)  as ">120 days" 
from
   web_sales
  ,warehouse
  ,ship_mode
  ,web_site
  ,date_dim
where
    d_month_seq between 1209 and 1209 + 11
and ws_ship_date_sk   = d_date_sk
and ws_warehouse_sk   = w_warehouse_sk
and ws_ship_mode_sk   = sm_ship_mode_sk
and ws_web_site_sk    = web_site_sk
group by
   substr(w_warehouse_name,1,20)
  ,sm_type
  ,web_name
order by substr(w_warehouse_name,1,20)
        ,sm_type
       ,web_name
limit 100;
Limit  (cost=34166.90..34256.24 rows=100 width=110) (actual time=192.154..224.457 rows=100 loops=1)
  ->  Finalize GroupAggregate  (cost=34166.90..34300.91 rows=150 width=110) (actual time=192.153..224.447 rows=100 loops=1)
        Group Key: (substr((warehouse.w_warehouse_name)::text, 1, 20)), ship_mode.sm_type, web_site.web_name
        ->  Gather Merge  (cost=34166.90..34293.03 rows=300 width=110) (actual time=191.912..224.329 rows=301 loops=1)
              Workers Planned: 2
              Workers Launched: 2
              ->  Partial GroupAggregate  (cost=33166.88..33258.38 rows=150 width=110) (actual time=172.513..189.126 rows=134 loops=3)
                    Group Key: (substr((warehouse.w_warehouse_name)::text, 1, 20)), ship_mode.sm_type, web_site.web_name
                    ->  Sort  (cost=33166.88..33170.46 rows=1434 width=86) (actual time=172.334..174.136 rows=39981 loops=3)
                          Sort Key: (substr((warehouse.w_warehouse_name)::text, 1, 20)), ship_mode.sm_type, web_site.web_name
                          Sort Method: quicksort  Memory: 8771kB
                          Worker 0:  Sort Method: quicksort  Memory: 5725kB
                          Worker 1:  Sort Method: quicksort  Memory: 5756kB
                          ->  Hash Join  (cost=2510.32..33091.70 rows=1434 width=86) (actual time=12.406..123.471 rows=47003 loops=3)
                                Hash Cond: (web_sales.ws_web_site_sk = web_site.web_site_sk)
                                ->  Hash Join  (cost=2507.65..33081.14 rows=1434 width=69) (actual time=12.319..110.054 rows=47004 loops=3)
                                      Hash Cond: (web_sales.ws_ship_mode_sk = ship_mode.sm_ship_mode_sk)
                                      ->  Hash Join  (cost=2506.20..33075.12 rows=1434 width=46) (actual time=12.280..102.945 rows=47007 loops=3)
                                            Hash Cond: (web_sales.ws_warehouse_sk = warehouse.w_warehouse_sk)
                                            ->  Hash Join  (cost=2505.08..33067.05 rows=1434 width=40) (actual time=12.255..94.984 rows=47012 loops=3)
                                                  Hash Cond: (web_sales.ws_ship_date_sk = date_dim.d_date_sk)
                                                  ->  Parallel Seq Scan on web_sales  (cost=0.00..29771.63 rows=301063 width=40) (actual time=0.014..44.569 rows=237185 loops=3)
                                                  ->  Hash  (cost=2500.73..2500.73 rows=348 width=8) (actual time=12.206..12.207 rows=365 loops=3)
                                                        Buckets: 1024  Batches: 1  Memory Usage: 23kB
                                                        ->  Seq Scan on date_dim  (cost=0.00..2500.73 rows=348 width=8) (actual time=5.904..12.158 rows=365 loops=3)
                                                              Filter: ((d_month_seq >= 1209) AND (d_month_seq <= 1220))
                                                              Rows Removed by Filter: 72684
                                            ->  Hash  (cost=1.05..1.05 rows=5 width=22) (actual time=0.016..0.016 rows=5 loops=3)
                                                  Buckets: 1024  Batches: 1  Memory Usage: 9kB
                                                  ->  Seq Scan on warehouse  (cost=0.00..1.05 rows=5 width=22) (actual time=0.012..0.013 rows=5 loops=3)
                                      ->  Hash  (cost=1.20..1.20 rows=20 width=39) (actual time=0.027..0.027 rows=20 loops=3)
                                            Buckets: 1024  Batches: 1  Memory Usage: 10kB
                                            ->  Seq Scan on ship_mode  (cost=0.00..1.20 rows=20 width=39) (actual time=0.019..0.021 rows=20 loops=3)
                                ->  Hash  (cost=2.30..2.30 rows=30 width=15) (actual time=0.043..0.043 rows=30 loops=3)
                                      Buckets: 1024  Batches: 1  Memory Usage: 10kB
                                      ->  Seq Scan on web_site  (cost=0.00..2.30 rows=30 width=15) (actual time=0.023..0.036 rows=30 loops=3)
       substr        |            sm_type             | web_name | 30 days | 31-60 days | 61-90 days | 91-120 days | >120 days 
---------------------+--------------------------------+----------+---------+------------+------------+-------------+-----------
 Neither dea         | EXPRESS                        | site_0   |     283 |        295 |        258 |         338 |         0
 Neither dea         | EXPRESS                        | site_1   |     317 |        307 |        281 |         306 |         0
 Neither dea         | EXPRESS                        | site_2   |     275 |        315 |        297 |         279 |         0
 Neither dea         | EXPRESS                        | site_3   |     268 |        276 |        282 |         274 |         0
 Neither dea         | EXPRESS                        | site_4   |     239 |        246 |        243 |         261 |         0
 Neither dea         | LIBRARY                        | site_0   |     154 |        159 |        186 |         157 |         0
 Neither dea         | LIBRARY                        | site_1   |     208 |        193 |        201 |         186 |         0
 Neither dea         | LIBRARY                        | site_2   |     236 |        237 |        224 |         222 |         0
 Neither dea         | LIBRARY                        | site_3   |     233 |        245 |        246 |         263 |         0
 Neither dea         | LIBRARY                        | site_4   |     199 |        220 |        205 |         193 |         0
 Neither dea         | NEXT DAY                       | site_0   |     298 |        287 |        309 |         275 |         0
 Neither dea         | NEXT DAY                       | site_1   |     285 |        298 |        281 |         291 |         0
 Neither dea         | NEXT DAY                       | site_2   |     273 |        273 |        301 |         272 |         0
 Neither dea         | NEXT DAY                       | site_3   |     257 |        258 |        268 |         241 |         0
 Neither dea         | NEXT DAY                       | site_4   |     263 |        312 |        270 |         286 |         0
 Neither dea         | OVERNIGHT                      | site_0   |     241 |        249 |        214 |         238 |         0
 Neither dea         | OVERNIGHT                      | site_1   |     216 |        245 |        193 |         175 |         0
 Neither dea         | OVERNIGHT                      | site_2   |     175 |        164 |        173 |         188 |         0
 Neither dea         | OVERNIGHT                      | site_3   |     207 |        193 |        204 |         202 |         0
 Neither dea         | OVERNIGHT                      | site_4   |     263 |        231 |        213 |         220 |         0
 Neither dea         | REGULAR                        | site_0   |     214 |        232 |        205 |         214 |         0
 Neither dea         | REGULAR                        | site_1   |     225 |        220 |        274 |         228 |         0
 Neither dea         | REGULAR                        | site_2   |     248 |        234 |        247 |         250 |         0
 Neither dea         | REGULAR                        | site_3   |     200 |        207 |        195 |         208 |         0
 Neither dea         | REGULAR                        | site_4   |     181 |        165 |        160 |         170 |         0
 Neither dea         | TWO DAY                        | site_0   |     199 |        229 |        180 |         225 |         0
 Neither dea         | TWO DAY                        | site_1   |     198 |        183 |        185 |         169 |         0
 Neither dea         | TWO DAY                        | site_2   |     205 |        201 |        216 |         214 |         0
 Neither dea         | TWO DAY                        | site_3   |     227 |        250 |        239 |         205 |         0
 Neither dea         | TWO DAY                        | site_4   |     243 |        255 |        244 |         199 |         0
 Parties use         | EXPRESS                        | site_0   |     303 |        268 |        289 |         273 |         0
 Parties use         | EXPRESS                        | site_1   |     280 |        258 |        302 |         268 |         0
 Parties use         | EXPRESS                        | site_2   |     287 |        265 |        280 |         280 |         0
 Parties use         | EXPRESS                        | site_3   |     272 |        255 |        263 |         265 |         0
 Parties use         | EXPRESS                        | site_4   |     344 |        298 |        294 |         298 |         0
 Parties use         | LIBRARY                        | site_0   |     199 |        219 |        219 |         207 |         0
 Parties use         | LIBRARY                        | site_1   |     244 |        261 |        229 |         235 |         0
 Parties use         | LIBRARY                        | site_2   |     259 |        223 |        237 |         221 |         0
 Parties use         | LIBRARY                        | site_3   |     219 |        206 |        229 |         203 |         0
 Parties use         | LIBRARY                        | site_4   |     202 |        189 |        155 |         188 |         0
 Parties use         | NEXT DAY                       | site_0   |     288 |        287 |        266 |         337 |         0
 Parties use         | NEXT DAY                       | site_1   |     263 |        240 |        265 |         244 |         0
 Parties use         | NEXT DAY                       | site_2   |     274 |        274 |        266 |         232 |         0
 Parties use         | NEXT DAY                       | site_3   |     293 |        297 |        334 |         292 |         0
 Parties use         | NEXT DAY                       | site_4   |     317 |        290 |        298 |         303 |         0
 Parties use         | OVERNIGHT                      | site_0   |     222 |        221 |        193 |         220 |         0
 Parties use         | OVERNIGHT                      | site_1   |     183 |        166 |        184 |         203 |         0
 Parties use         | OVERNIGHT                      | site_2   |     209 |        211 |        190 |         212 |         0
 Parties use         | OVERNIGHT                      | site_3   |     224 |        259 |        219 |         216 |         0
 Parties use         | OVERNIGHT                      | site_4   |     250 |        200 |        236 |         232 |         0
 Parties use         | REGULAR                        | site_0   |     241 |        226 |        226 |         256 |         0
 Parties use         | REGULAR                        | site_1   |     221 |        251 |        236 |         215 |         0
 Parties use         | REGULAR                        | site_2   |     199 |        209 |        204 |         188 |         0
 Parties use         | REGULAR                        | site_3   |     175 |        190 |        154 |         178 |         0
 Parties use         | REGULAR                        | site_4   |     206 |        196 |        216 |         192 |         0
 Parties use         | TWO DAY                        | site_0   |     185 |        193 |        194 |         164 |         0
 Parties use         | TWO DAY                        | site_1   |     197 |        226 |        174 |         207 |         0
 Parties use         | TWO DAY                        | site_2   |     231 |        223 |        216 |         230 |         0
 Parties use         | TWO DAY                        | site_3   |     235 |        252 |        244 |         255 |         0
 Parties use         | TWO DAY                        | site_4   |     167 |        208 |        196 |         232 |         0
 Persons make more e | EXPRESS                        | site_0   |     264 |        257 |        256 |         278 |         0
 Persons make more e | EXPRESS                        | site_1   |     286 |        305 |        292 |         265 |         0
 Persons make more e | EXPRESS                        | site_2   |     301 |        287 |        273 |         256 |         0
 Persons make more e | EXPRESS                        | site_3   |     261 |        286 |        306 |         265 |         0
 Persons make more e | EXPRESS                        | site_4   |     290 |        242 |        256 |         267 |         0
 Persons make more e | LIBRARY                        | site_0   |     195 |        198 |        212 |         222 |         0
 Persons make more e | LIBRARY                        | site_1   |     166 |        195 |        188 |         162 |         0
 Persons make more e | LIBRARY                        | site_2   |     206 |        204 |        168 |         162 |         0
 Persons make more e | LIBRARY                        | site_3   |     212 |        246 |        233 |         245 |         0
 Persons make more e | LIBRARY                        | site_4   |     244 |        244 |        241 |         236 |         0
 Persons make more e | NEXT DAY                       | site_0   |     290 |        251 |        253 |         296 |         0
 Persons make more e | NEXT DAY                       | site_1   |     304 |        318 |        281 |         289 |         0
 Persons make more e | NEXT DAY                       | site_2   |     313 |        299 |        280 |         290 |         0
 Persons make more e | NEXT DAY                       | site_3   |     272 |        255 |        272 |         278 |         0
 Persons make more e | NEXT DAY                       | site_4   |     259 |        267 |        261 |         284 |         0
 Persons make more e | OVERNIGHT                      | site_0   |     210 |        237 |        253 |         248 |         0
 Persons make more e | OVERNIGHT                      | site_1   |     253 |        267 |        230 |         220 |         0
 Persons make more e | OVERNIGHT                      | site_2   |     214 |        206 |        217 |         202 |         0
 Persons make more e | OVERNIGHT                      | site_3   |     176 |        186 |        181 |         169 |         0
 Persons make more e | OVERNIGHT                      | site_4   |     215 |        196 |        194 |         207 |         0
 Persons make more e | REGULAR                        | site_0   |     157 |        205 |        169 |         180 |         0
 Persons make more e | REGULAR                        | site_1   |     233 |        180 |        179 |         210 |         0
 Persons make more e | REGULAR                        | site_2   |     240 |        265 |        242 |         236 |         0
 Persons make more e | REGULAR                        | site_3   |     269 |        221 |        250 |         239 |         0
 Persons make more e | REGULAR                        | site_4   |     208 |        211 |        227 |         180 |         0
 Persons make more e | TWO DAY                        | site_0   |     227 |        257 |        227 |         216 |         0
 Persons make more e | TWO DAY                        | site_1   |     229 |        208 |        195 |         175 |         0
 Persons make more e | TWO DAY                        | site_2   |     161 |        184 |        173 |         207 |         0
 Persons make more e | TWO DAY                        | site_3   |     219 |        219 |        216 |         185 |         0
 Persons make more e | TWO DAY                        | site_4   |     244 |        254 |        236 |         239 |         0
 Single, simple r    | EXPRESS                        | site_0   |     281 |        279 |        237 |         284 |         0
 Single, simple r    | EXPRESS                        | site_1   |     267 |        266 |        289 |         255 |         0
 Single, simple r    | EXPRESS                        | site_2   |     299 |        306 |        289 |         293 |         0
 Single, simple r    | EXPRESS                        | site_3   |     313 |        295 |        318 |         276 |         0
 Single, simple r    | EXPRESS                        | site_4   |     288 |        313 |        288 |         274 |         0
 Single, simple r    | LIBRARY                        | site_0   |     212 |        234 |        242 |         204 |         0
 Single, simple r    | LIBRARY                        | site_1   |     201 |        193 |        178 |         191 |         0
 Single, simple r    | LIBRARY                        | site_2   |     193 |        170 |        205 |         182 |         0
 Single, simple r    | LIBRARY                        | site_3   |     196 |        233 |        214 |         212 |         0
 Single, simple r    | LIBRARY                        | site_4   |     249 |        220 |        224 |         222 |         0
(100 rows)

UPDATE time_statistics SET e_time = TRANSACTION_TIMESTAMP() WHERE template = 'query62.tpl' AND stream = 5;
psql:/tmp/s1-basline/throughput/query_5.sql:2667: NOTICE:  duration: 0.096 ms  plan:
Query Text: UPDATE time_statistics SET e_time = TRANSACTION_TIMESTAMP() WHERE template = 'query62.tpl' AND stream = 5;
Update on time_statistics  (cost=0.00..20.59 rows=0 width=0) (actual time=0.095..0.095 rows=0 loops=1)
  ->  Seq Scan on time_statistics  (cost=0.00..20.59 rows=1 width=14) (actual time=0.081..0.081 rows=1 loops=1)
        Filter: ((template = 'query62.tpl'::text) AND (stream = 5))
        Rows Removed by Filter: 642
UPDATE 1
LOAD 'auto_explain'; SET auto_explain.log_min_duration TO 0; SET auto_explain.log_analyze TO on; SET auto_explain.log_level TO notice; INSERT INTO time_statistics (template, s_time, stream, query, seed) VALUES ('query81.tpl', TRANSACTION_TIMESTAMP(), 5, 53, 1873846425);
LOAD
SET
SET
SET
psql:/tmp/s1-basline/throughput/query_5.sql:2668: NOTICE:  duration: 0.009 ms  plan:
Query Text: INSERT INTO time_statistics (template, s_time, stream, query, seed) VALUES ('query81.tpl', TRANSACTION_TIMESTAMP(), 5, 53, 1873846425);
Insert on time_statistics  (cost=0.00..0.01 rows=0 width=0) (actual time=0.008..0.008 rows=0 loops=1)
  ->  Result  (cost=0.00..0.01 rows=1 width=64) (actual time=0.001..0.001 rows=1 loops=1)
INSERT 0 1
with customer_total_return as
 (select cr_returning_customer_sk as ctr_customer_sk
        ,ca_state as ctr_state, 
 	sum(cr_return_amt_inc_tax) as ctr_total_return
 from catalog_returns
     ,date_dim
     ,customer_address
 where cr_returned_date_sk = d_date_sk 
   and d_year =2002
   and cr_returning_addr_sk = ca_address_sk 
 group by cr_returning_customer_sk
         ,ca_state )
  select  c_customer_id,c_salutation,c_first_name,c_last_name,ca_street_number,ca_street_name
                   ,ca_street_type,ca_suite_number,ca_city,ca_county,ca_state,ca_zip,ca_country,ca_gmt_offset
                  ,ca_location_type,ctr_total_return
 from customer_total_return ctr1
     ,customer_address
     ,customer
 where ctr1.ctr_total_return > (select avg(ctr_total_return)*1.2
 			  from customer_total_return ctr2 
                  	  where ctr1.ctr_state = ctr2.ctr_state)
       and ca_address_sk = c_current_addr_sk
       and ca_state = 'ME'
       and ctr1.ctr_customer_sk = c_customer_sk
 order by c_customer_id,c_salutation,c_first_name,c_last_name,ca_street_number,ca_street_name
                   ,ca_street_type,ca_suite_number,ca_city,ca_county,ca_state,ca_zip,ca_country,ca_gmt_offset
                  ,ca_location_type,ctr_total_return
 limit 100;
psql:/tmp/s1-basline/throughput/query_5.sql:2696: NOTICE:  duration: 70576.580 ms  plan:
Query Text: with customer_total_return as
 (select cr_returning_customer_sk as ctr_customer_sk
        ,ca_state as ctr_state, 
 	sum(cr_return_amt_inc_tax) as ctr_total_return
 from catalog_returns
     ,date_dim
     ,customer_address
 where cr_returned_date_sk = d_date_sk 
   and d_year =2002
   and cr_returning_addr_sk = ca_address_sk 
 group by cr_returning_customer_sk
         ,ca_state )
  select  c_customer_id,c_salutation,c_first_name,c_last_name,ca_street_number,ca_street_name
                   ,ca_street_type,ca_suite_number,ca_city,ca_county,ca_state,ca_zip,ca_country,ca_gmt_offset
                  ,ca_location_type,ctr_total_return
 from customer_total_return ctr1
     ,customer_address
     ,customer
 where ctr1.ctr_total_return > (select avg(ctr_total_return)*1.2
 			  from customer_total_return ctr2 
                  	  where ctr1.ctr_state = ctr2.ctr_state)
       and ca_address_sk = c_current_addr_sk
       and ca_state = 'ME'
       and ctr1.ctr_customer_sk = c_customer_sk
 order by c_customer_id,c_salutation,c_first_name,c_last_name,ca_street_number,ca_street_name
                   ,ca_street_type,ca_suite_number,ca_city,ca_county,ca_state,ca_zip,ca_country,ca_gmt_offset
                  ,ca_location_type,ctr_total_return
 limit 100;
Limit  (cost=16474.76..16474.77 rows=1 width=215) (actual time=70576.539..70576.546 rows=24 loops=1)
  CTE customer_total_return
    ->  GroupAggregate  (cost=4669.41..4683.51 rows=705 width=19) (actual time=74.419..85.588 rows=27514 loops=1)
          Group Key: catalog_returns.cr_returning_customer_sk, customer_address_1.ca_state
          ->  Sort  (cost=4669.41..4671.17 rows=705 width=19) (actual time=74.412..76.179 rows=27958 loops=1)
                Sort Key: catalog_returns.cr_returning_customer_sk, customer_address_1.ca_state
                Sort Method: quicksort  Memory: 2505kB
                ->  Nested Loop  (cost=0.58..4636.06 rows=705 width=19) (actual time=4.065..67.354 rows=27958 loops=1)
                      ->  Nested Loop  (cost=0.29..4407.70 rows=720 width=24) (actual time=4.059..25.385 rows=28519 loops=1)
                            ->  Seq Scan on date_dim  (cost=0.00..2318.11 rows=363 width=8) (actual time=4.040..8.464 rows=365 loops=1)
                                  Filter: (d_year = 2002)
                                  Rows Removed by Filter: 72684
                            ->  Index Scan using i_cr_returned_date_sk on catalog_returns  (cost=0.29..5.04 rows=72 width=32) (actual time=0.002..0.034 rows=78 loops=365)
                                  Index Cond: (cr_returned_date_sk = date_dim.d_date_sk)
                      ->  Index Scan using pk_customer_address on customer_address customer_address_1  (cost=0.29..0.32 rows=1 width=11) (actual time=0.001..0.001 rows=1 loops=28519)
                            Index Cond: (ca_address_sk = catalog_returns.cr_returning_addr_sk)
  ->  Sort  (cost=11791.25..11791.26 rows=1 width=215) (actual time=70576.538..70576.540 rows=24 loops=1)
        Sort Key: customer.c_customer_id, customer.c_salutation, customer.c_first_name, customer.c_last_name, customer_address.ca_street_number, customer_address.ca_street_name, customer_address.ca_street_type, customer_address.ca_suite_number, customer_address.ca_city, customer_address.ca_county, customer_address.ca_zip, customer_address.ca_country, customer_address.ca_gmt_offset, customer_address.ca_location_type, ctr1.ctr_total_return
        Sort Method: quicksort  Memory: 31kB
        ->  Nested Loop  (cost=0.58..11791.24 rows=1 width=215) (actual time=1967.184..70576.484 rows=24 loops=1)
              ->  Nested Loop  (cost=0.29..11715.10 rows=235 width=96) (actual time=103.504..70560.914 rows=6797 loops=1)
                    ->  CTE Scan on customer_total_return ctr1  (cost=0.00..11216.55 rows=235 width=16) (actual time=103.493..70541.855 rows=6822 loops=1)
                          Filter: (ctr_total_return > (SubPlan 2))
                          Rows Removed by Filter: 20692
                          SubPlan 2
                            ->  Aggregate  (cost=15.87..15.89 rows=1 width=8) (actual time=2.561..2.561 rows=1 loops=27514)
                                  ->  CTE Scan on customer_total_return ctr2  (cost=0.00..15.86 rows=4 width=8) (actual time=0.059..2.500 rows=792 loops=27514)
                                        Filter: (ctr1.ctr_state = ctr_state)
                                        Rows Removed by Filter: 26722
                    ->  Index Scan using pk_customer on customer  (cost=0.29..2.12 rows=1 width=96) (actual time=0.002..0.002 rows=1 loops=6822)
                          Index Cond: (c_customer_sk = ctr1.ctr_customer_sk)
              ->  Index Scan using pk_customer_address on customer_address  (cost=0.29..0.32 rows=1 width=135) (actual time=0.002..0.002 rows=0 loops=6797)
                    Index Cond: (ca_address_sk = customer.c_current_addr_sk)
                    Filter: (ca_state = 'ME'::bpchar)
                    Rows Removed by Filter: 1
  c_customer_id   | c_salutation |     c_first_name     |          c_last_name           | ca_street_number |  ca_street_name   | ca_street_type  | ca_suite_number |    ca_city    |      ca_county      | ca_state |   ca_zip   |  ca_country   | ca_gmt_offset |   ca_location_type   | ctr_total_return 
------------------+--------------+----------------------+--------------------------------+------------------+-------------------+-----------------+-----------------+---------------+---------------------+----------+------------+---------------+---------------+----------------------+------------------
 AAAAAAAAAEBPAAAA | Mrs.         | Christine            | Peel                           | 393              | Center            | ST              | Suite V         | Kingston      | Waldo County        | ME       | 05575      | United States |            -5 | single family        |          4329.66
 AAAAAAAABECLAAAA | Mrs.         | Priscilla            | Bowman                         | 599              | Forest Hill       | Drive           | Suite B         | Forest Hills  | Androscoggin County | ME       | 09837      | United States |            -5 | apartment            |          2103.14
 AAAAAAAACBOEAAAA | Mrs.         | Opal                 | Mann                           | 830              | Maple             | Boulevard       | Suite 450       | Woodland      | Kennebec County     | ME       | 05454      | United States |            -5 | single family        |          5679.02
 AAAAAAAACIGDAAAA | Mr.          | Pasquale             | Villalobos                     | 961              | Railroad          | Way             | Suite S         | Jamestown     | Lincoln County      | ME       | 07467      | United States |            -5 | single family        |          3597.87
 AAAAAAAADOKAAAAA | Mr.          | Raymond              | Palmer                         | 658              | Meadow            | Wy              | Suite J         | New Hope      | Franklin County     | ME       | 09431      | United States |            -5 | apartment            |          3042.49
 AAAAAAAAFMLHAAAA | Dr.          | Charles              | Horton                         | 472              | Lakeview Railroad | RD              | Suite H         | Red Hill      | Waldo County        | ME       | 04938      | United States |            -5 | single family        |          1665.77
 AAAAAAAAFPPOAAAA | Dr.          | Juana                |                                | 282              | Church            | Street          | Suite 350       | Forest Hills  | Waldo County        | ME       | 09837      | United States |            -5 | condo                |          5883.36
 AAAAAAAAGCGOAAAA | Sir          | Neil                 | Fields                         | 45               | Wilson Pine       | Circle          | Suite W         | Maple Grove   | Piscataquis County  | ME       | 08852      | United States |            -5 | single family        |          4888.52
 AAAAAAAAGDGOAAAA | Dr.          | Ryan                 | Slaton                         | 61               | Smith             | RD              | Suite W         | Burns         | Piscataquis County  | ME       | 05872      | United States |            -5 | apartment            |          2997.27
 AAAAAAAAGHDKAAAA | Dr.          | Kimberly             | Huffman                        | 86               | Elevnth           | RD              | Suite 280       | Glendale      | Androscoggin County | ME       | 04551      | United States |            -5 | single family        |          4304.72
 AAAAAAAAGPGCBAAA | Ms.          | Diane                | Adam                           | 925              | Adams Oak         | Pkwy            | Suite G         | Wyoming       | Kennebec County     | ME       | 00816      | United States |            -5 | condo                |         10278.45
 AAAAAAAAHMGEBAAA | Dr.          | Marianne             | Powell                         | 106              | Johnson           | ST              | Suite 310       | Hopewell      | Hancock County      | ME       | 01187      | United States |            -5 | single family        |          3734.38
 AAAAAAAAHMGFBAAA | Mr.          | Steven               | Rogers                         | 830              | Maple             | Boulevard       | Suite 450       | Woodland      | Kennebec County     | ME       | 05454      | United States |            -5 | single family        |          1633.99
 AAAAAAAAIPBBBAAA | Sir          | Randy                | Martinez                       | 562              | View North        | Blvd            | Suite 380       | Spring Valley | Hancock County      | ME       | 06660      | United States |            -5 | single family        |          3111.02
 AAAAAAAAJHJFAAAA | Mr.          | Mario                | Wheeler                        | 311              | Lake              | Road            | Suite 230       | Fairfield     | Oxford County       | ME       | 06792      | United States |            -5 | apartment            |           2690.3
 AAAAAAAALKOCBAAA | Dr.          | Nola                 | Hubbard                        | 619              | River Laurel      | Parkway         | Suite I         | Five Points   | York County         | ME       | 06698      | United States |            -5 | single family        |          2894.06
 AAAAAAAANDCMAAAA | Mr.          | Edwin                | Akins                          | 28               | River Highland    | Street          | Suite 380       | Midway        | Androscoggin County | ME       | 02504      | United States |            -5 | single family        |          6028.07
 AAAAAAAAOCEEAAAA | Sir          | William              | Hathaway                       | 285              | Hillcrest Hill    | Way             | Suite 140       | Stratford     | Penobscot County    | ME       | 07268      | United States |            -5 | apartment            |          2293.54
 AAAAAAAAOJIMAAAA | Miss         | Donna                | Somers                         | 253              | Dogwood Laurel    | Way             | Suite O         | Buena Vista   | Hancock County      | ME       | 06352      | United States |            -5 | condo                |          7093.73
 AAAAAAAAONNDAAAA | Ms.          | Deborah              | Wilson                         | 916              | River             | Circle          | Suite G         | Plainview     | Hancock County      | ME       | 04283      | United States |            -5 | condo                |          2796.67
 AAAAAAAAOPLHAAAA | Miss         | Joleen               | Humphries                      | 542              | 14th 2nd          | Wy              | Suite 220       | Highland      | Aroostook County    | ME       | 09454      | United States |            -5 | apartment            |          4024.04
 AAAAAAAAOPLHAAAA | Miss         | Joleen               | Humphries                      | 542              | 14th 2nd          | Wy              | Suite 220       | Highland      | Aroostook County    | ME       | 09454      | United States |            -5 | apartment            |         14062.13
 AAAAAAAAPBPMAAAA | Dr.          | Barry                | Park                           | 256              | Jackson Laurel    | Way             | Suite U         | Brownsville   | Waldo County        | ME       | 09910      | United States |            -5 | apartment            |          2138.28
 AAAAAAAAPLCHAAAA | Mrs.         | Asia                 | Fox                            | 874              | 4th 11th          | Parkway         | Suite 120       | Georgetown    | Sagadahoc County    | ME       | 07657      | United States |            -5 | apartment            |          2402.47
(24 rows)

UPDATE time_statistics SET e_time = TRANSACTION_TIMESTAMP() WHERE template = 'query81.tpl' AND stream = 5;
psql:/tmp/s1-basline/throughput/query_5.sql:2698: NOTICE:  duration: 0.097 ms  plan:
Query Text: UPDATE time_statistics SET e_time = TRANSACTION_TIMESTAMP() WHERE template = 'query81.tpl' AND stream = 5;
Update on time_statistics  (cost=0.00..20.59 rows=0 width=0) (actual time=0.097..0.097 rows=0 loops=1)
  ->  Seq Scan on time_statistics  (cost=0.00..20.59 rows=1 width=14) (actual time=0.081..0.081 rows=1 loops=1)
        Filter: ((template = 'query81.tpl'::text) AND (stream = 5))
        Rows Removed by Filter: 643
UPDATE 1
LOAD 'auto_explain'; SET auto_explain.log_min_duration TO 0; SET auto_explain.log_analyze TO on; SET auto_explain.log_level TO notice; INSERT INTO time_statistics (template, s_time, stream, query, seed) VALUES ('query35.tpl', TRANSACTION_TIMESTAMP(), 5, 54, 65570880);
LOAD
SET
SET
SET
psql:/tmp/s1-basline/throughput/query_5.sql:2699: NOTICE:  duration: 0.009 ms  plan:
Query Text: INSERT INTO time_statistics (template, s_time, stream, query, seed) VALUES ('query35.tpl', TRANSACTION_TIMESTAMP(), 5, 54, 65570880);
Insert on time_statistics  (cost=0.00..0.01 rows=0 width=0) (actual time=0.008..0.008 rows=0 loops=1)
  ->  Result  (cost=0.00..0.01 rows=1 width=64) (actual time=0.001..0.001 rows=1 loops=1)
INSERT 0 1
select   
  ca_state,
  cd_gender,
  cd_marital_status,
  cd_dep_count,
  count(*) cnt1,
  avg(cd_dep_count),
  max(cd_dep_count),
  sum(cd_dep_count),
  cd_dep_employed_count,
  count(*) cnt2,
  avg(cd_dep_employed_count),
  max(cd_dep_employed_count),
  sum(cd_dep_employed_count),
  cd_dep_college_count,
  count(*) cnt3,
  avg(cd_dep_college_count),
  max(cd_dep_college_count),
  sum(cd_dep_college_count)
 from
  customer c,customer_address ca,customer_demographics
 where
  c.c_current_addr_sk = ca.ca_address_sk and
  cd_demo_sk = c.c_current_cdemo_sk and 
  exists (select *
          from store_sales,date_dim
          where c.c_customer_sk = ss_customer_sk and
                ss_sold_date_sk = d_date_sk and
                d_year = 1999 and
                d_qoy < 4) and
   (exists (select *
            from web_sales,date_dim
            where c.c_customer_sk = ws_bill_customer_sk and
                  ws_sold_date_sk = d_date_sk and
                  d_year = 1999 and
                  d_qoy < 4) or 
    exists (select * 
            from catalog_sales,date_dim
            where c.c_customer_sk = cs_ship_customer_sk and
                  cs_sold_date_sk = d_date_sk and
                  d_year = 1999 and
                  d_qoy < 4))
 group by ca_state,
          cd_gender,
          cd_marital_status,
          cd_dep_count,
          cd_dep_employed_count,
          cd_dep_college_count
 order by ca_state,
          cd_gender,
          cd_marital_status,
          cd_dep_count,
          cd_dep_employed_count,
          cd_dep_college_count
 limit 100;
psql:/tmp/s1-basline/throughput/query_5.sql:2754: NOTICE:  duration: 539.249 ms  plan:
Query Text: select   
  ca_state,
  cd_gender,
  cd_marital_status,
  cd_dep_count,
  count(*) cnt1,
  avg(cd_dep_count),
  max(cd_dep_count),
  sum(cd_dep_count),
  cd_dep_employed_count,
  count(*) cnt2,
  avg(cd_dep_employed_count),
  max(cd_dep_employed_count),
  sum(cd_dep_employed_count),
  cd_dep_college_count,
  count(*) cnt3,
  avg(cd_dep_college_count),
  max(cd_dep_college_count),
  sum(cd_dep_college_count)
 from
  customer c,customer_address ca,customer_demographics
 where
  c.c_current_addr_sk = ca.ca_address_sk and
  cd_demo_sk = c.c_current_cdemo_sk and 
  exists (select *
          from store_sales,date_dim
          where c.c_customer_sk = ss_customer_sk and
                ss_sold_date_sk = d_date_sk and
                d_year = 1999 and
                d_qoy < 4) and
   (exists (select *
            from web_sales,date_dim
            where c.c_customer_sk = ws_bill_customer_sk and
                  ws_sold_date_sk = d_date_sk and
                  d_year = 1999 and
                  d_qoy < 4) or 
    exists (select * 
            from catalog_sales,date_dim
            where c.c_customer_sk = cs_ship_customer_sk and
                  cs_sold_date_sk = d_date_sk and
                  d_year = 1999 and
                  d_qoy < 4))
 group by ca_state,
          cd_gender,
          cd_marital_status,
          cd_dep_count,
          cd_dep_employed_count,
          cd_dep_college_count
 order by ca_state,
          cd_gender,
          cd_marital_status,
          cd_dep_count,
          cd_dep_employed_count,
          cd_dep_college_count
 limit 100;
Limit  (cost=477797570.61..477797576.61 rows=100 width=175) (actual time=538.759..539.122 rows=100 loops=1)
  ->  GroupAggregate  (cost=477797570.61..477797998.65 rows=7134 width=175) (actual time=538.758..539.115 rows=100 loops=1)
        Group Key: ca.ca_state, customer_demographics.cd_gender, customer_demographics.cd_marital_status, customer_demographics.cd_dep_count, customer_demographics.cd_dep_employed_count, customer_demographics.cd_dep_college_count
        ->  Sort  (cost=477797570.61..477797588.45 rows=7134 width=19) (actual time=538.744..538.971 rows=102 loops=1)
              Sort Key: ca.ca_state, customer_demographics.cd_gender, customer_demographics.cd_marital_status, customer_demographics.cd_dep_count, customer_demographics.cd_dep_employed_count, customer_demographics.cd_dep_college_count
              Sort Method: quicksort  Memory: 495kB
              ->  Nested Loop  (cost=93224.35..477797114.02 rows=7134 width=19) (actual time=451.858..530.141 rows=4855 loops=1)
                    ->  Nested Loop  (cost=93224.06..477794787.01 rows=7134 width=24) (actual time=451.851..520.864 rows=4855 loops=1)
                          ->  Nested Loop  (cost=93223.63..477788618.38 rows=7389 width=16) (actual time=451.840..503.351 rows=5033 loops=1)
                                ->  HashAggregate  (cost=93223.34..93326.55 rows=10321 width=8) (actual time=278.602..283.080 rows=23591 loops=1)
                                      Group Key: store_sales.ss_customer_sk
                                      Batches: 1  Memory Usage: 2833kB
                                      ->  Gather  (cost=3504.15..93197.54 rows=10321 width=8) (actual time=10.007..238.413 rows=307589 loops=1)
                                            Workers Planned: 2
                                            Workers Launched: 2
                                            ->  Hash Join  (cost=2504.15..91165.44 rows=4300 width=8) (actual time=14.845..245.892 rows=102530 loops=3)
                                                  Hash Cond: (store_sales.ss_sold_date_sk = date_dim.d_date_sk)
                                                  ->  Parallel Seq Scan on store_sales  (cost=0.00..85499.45 rows=1204445 width=16) (actual time=0.014..125.319 rows=948150 loops=3)
                                                  ->  Hash  (cost=2500.73..2500.73 rows=273 width=8) (actual time=14.711..14.711 rows=274 loops=3)
                                                        Buckets: 1024  Batches: 1  Memory Usage: 19kB
                                                        ->  Seq Scan on date_dim  (cost=0.00..2500.73 rows=273 width=8) (actual time=7.026..14.677 rows=274 loops=3)
                                                              Filter: ((d_qoy < 4) AND (d_year = 1999))
                                                              Rows Removed by Filter: 72775
                                ->  Index Scan using pk_customer on customer c  (cost=0.29..50020.18 rows=1 width=24) (actual time=0.009..0.009 rows=0 loops=23591)
                                      Index Cond: (c_customer_sk = store_sales.ss_customer_sk)
                                      Filter: ((hashed SubPlan 2) OR (hashed SubPlan 4))
                                      Rows Removed by Filter: 1
                                      SubPlan 2
                                        ->  Gather  (cost=3504.15..34336.12 rows=2700 width=8) (actual time=9.773..88.253 rows=80914 loops=1)
                                              Workers Planned: 2
                                              Workers Launched: 2
                                              ->  Hash Join  (cost=2504.15..33066.12 rows=1125 width=8) (actual time=14.648..86.718 rows=26971 loops=3)
                                                    Hash Cond: (web_sales.ws_sold_date_sk = date_dim_1.d_date_sk)
                                                    ->  Parallel Seq Scan on web_sales  (cost=0.00..29771.63 rows=301063 width=16) (actual time=0.016..43.623 rows=237185 loops=3)
                                                    ->  Hash  (cost=2500.73..2500.73 rows=273 width=8) (actual time=14.481..14.482 rows=274 loops=3)
                                                          Buckets: 1024  Batches: 1  Memory Usage: 19kB
                                                          ->  Seq Scan on date_dim date_dim_1  (cost=0.00..2500.73 rows=273 width=8) (actual time=7.018..14.447 rows=274 loops=3)
                                                                Filter: ((d_qoy < 4) AND (d_year = 1999))
                                                                Rows Removed by Filter: 72775
                                      SubPlan 4
                                        ->  Nested Loop  (cost=0.43..17151.56 rows=5368 width=8) (actual time=4.678..56.119 rows=156861 loops=1)
                                              ->  Seq Scan on date_dim date_dim_2  (cost=0.00..2500.73 rows=273 width=8) (actual time=4.659..10.241 rows=274 loops=1)
                                                    Filter: ((d_qoy < 4) AND (d_year = 1999))
                                                    Rows Removed by Filter: 72775
                                              ->  Index Scan using i_cs_sold_date_sk on catalog_sales  (cost=0.43..45.82 rows=785 width=16) (actual time=0.003..0.095 rows=572 loops=274)
                                                    Index Cond: (cs_sold_date_sk = date_dim_2.d_date_sk)
                          ->  Index Scan using pk_customer_demographics on customer_demographics  (cost=0.43..0.83 rows=1 width=24) (actual time=0.003..0.003 rows=1 loops=5033)
                                Index Cond: (cd_demo_sk = c.c_current_cdemo_sk)
                    ->  Index Scan using pk_customer_address on customer_address ca  (cost=0.29..0.33 rows=1 width=11) (actual time=0.002..0.002 rows=1 loops=4855)
                          Index Cond: (ca_address_sk = c.c_current_addr_sk)
 ca_state | cd_gender | cd_marital_status | cd_dep_count | cnt1 |          avg           | max | sum | cd_dep_employed_count | cnt2 |          avg           | max | sum | cd_dep_college_count | cnt3 |          avg           | max | sum 
----------+-----------+-------------------+--------------+------+------------------------+-----+-----+-----------------------+------+------------------------+-----+-----+----------------------+------+------------------------+-----+-----
 AK       | F         | D                 |            4 |    1 |     4.0000000000000000 |   4 |   4 |                     2 |    1 |     2.0000000000000000 |   2 |   2 |                    3 |    1 |     3.0000000000000000 |   3 |   3
 AK       | F         | M                 |            2 |    1 |     2.0000000000000000 |   2 |   2 |                     1 |    1 | 1.00000000000000000000 |   1 |   1 |                    4 |    1 |     4.0000000000000000 |   4 |   4
 AK       | F         | M                 |            2 |    1 |     2.0000000000000000 |   2 |   2 |                     2 |    1 |     2.0000000000000000 |   2 |   2 |                    4 |    1 |     4.0000000000000000 |   4 |   4
 AK       | F         | M                 |            3 |    1 |     3.0000000000000000 |   3 |   3 |                     5 |    1 |     5.0000000000000000 |   5 |   5 |                    6 |    1 |     6.0000000000000000 |   6 |   6
 AK       | F         | M                 |            5 |    1 |     5.0000000000000000 |   5 |   5 |                     2 |    1 |     2.0000000000000000 |   2 |   2 |                    0 |    1 | 0.00000000000000000000 |   0 |   0
 AK       | F         | M                 |            5 |    1 |     5.0000000000000000 |   5 |   5 |                     2 |    1 |     2.0000000000000000 |   2 |   2 |                    5 |    1 |     5.0000000000000000 |   5 |   5
 AK       | F         | M                 |            5 |    1 |     5.0000000000000000 |   5 |   5 |                     4 |    1 |     4.0000000000000000 |   4 |   4 |                    3 |    1 |     3.0000000000000000 |   3 |   3
 AK       | F         | S                 |            0 |    1 | 0.00000000000000000000 |   0 |   0 |                     1 |    1 | 1.00000000000000000000 |   1 |   1 |                    2 |    1 |     2.0000000000000000 |   2 |   2
 AK       | F         | S                 |            0 |    1 | 0.00000000000000000000 |   0 |   0 |                     2 |    1 |     2.0000000000000000 |   2 |   2 |                    6 |    1 |     6.0000000000000000 |   6 |   6
 AK       | F         | S                 |            0 |    1 | 0.00000000000000000000 |   0 |   0 |                     4 |    1 |     4.0000000000000000 |   4 |   4 |                    2 |    1 |     2.0000000000000000 |   2 |   2
 AK       | F         | S                 |            3 |    1 |     3.0000000000000000 |   3 |   3 |                     4 |    1 |     4.0000000000000000 |   4 |   4 |                    6 |    1 |     6.0000000000000000 |   6 |   6
 AK       | F         | S                 |            6 |    1 |     6.0000000000000000 |   6 |   6 |                     6 |    1 |     6.0000000000000000 |   6 |   6 |                    6 |    1 |     6.0000000000000000 |   6 |   6
 AK       | F         | U                 |            4 |    1 |     4.0000000000000000 |   4 |   4 |                     5 |    1 |     5.0000000000000000 |   5 |   5 |                    2 |    1 |     2.0000000000000000 |   2 |   2
 AK       | F         | W                 |            3 |    1 |     3.0000000000000000 |   3 |   3 |                     0 |    1 | 0.00000000000000000000 |   0 |   0 |                    0 |    1 | 0.00000000000000000000 |   0 |   0
 AK       | F         | W                 |            5 |    1 |     5.0000000000000000 |   5 |   5 |                     4 |    1 |     4.0000000000000000 |   4 |   4 |                    6 |    1 |     6.0000000000000000 |   6 |   6
 AK       | M         | D                 |            3 |    1 |     3.0000000000000000 |   3 |   3 |                     4 |    1 |     4.0000000000000000 |   4 |   4 |                    0 |    1 | 0.00000000000000000000 |   0 |   0
 AK       | M         | D                 |            5 |    1 |     5.0000000000000000 |   5 |   5 |                     4 |    1 |     4.0000000000000000 |   4 |   4 |                    4 |    1 |     4.0000000000000000 |   4 |   4
 AK       | M         | M                 |            0 |    1 | 0.00000000000000000000 |   0 |   0 |                     4 |    1 |     4.0000000000000000 |   4 |   4 |                    1 |    1 | 1.00000000000000000000 |   1 |   1
 AK       | M         | M                 |            2 |    1 |     2.0000000000000000 |   2 |   2 |                     1 |    1 | 1.00000000000000000000 |   1 |   1 |                    2 |    1 |     2.0000000000000000 |   2 |   2
 AK       | M         | M                 |            3 |    1 |     3.0000000000000000 |   3 |   3 |                     4 |    1 |     4.0000000000000000 |   4 |   4 |                    2 |    1 |     2.0000000000000000 |   2 |   2
 AK       | M         | M                 |            3 |    1 |     3.0000000000000000 |   3 |   3 |                     4 |    1 |     4.0000000000000000 |   4 |   4 |                    6 |    1 |     6.0000000000000000 |   6 |   6
 AK       | M         | M                 |            6 |    1 |     6.0000000000000000 |   6 |   6 |                     4 |    1 |     4.0000000000000000 |   4 |   4 |                    3 |    1 |     3.0000000000000000 |   3 |   3
 AK       | M         | S                 |            0 |    1 | 0.00000000000000000000 |   0 |   0 |                     0 |    1 | 0.00000000000000000000 |   0 |   0 |                    5 |    1 |     5.0000000000000000 |   5 |   5
 AK       | M         | S                 |            2 |    1 |     2.0000000000000000 |   2 |   2 |                     2 |    1 |     2.0000000000000000 |   2 |   2 |                    5 |    1 |     5.0000000000000000 |   5 |   5
 AK       | M         | S                 |            2 |    1 |     2.0000000000000000 |   2 |   2 |                     2 |    1 |     2.0000000000000000 |   2 |   2 |                    6 |    1 |     6.0000000000000000 |   6 |   6
 AK       | M         | S                 |            2 |    1 |     2.0000000000000000 |   2 |   2 |                     6 |    1 |     6.0000000000000000 |   6 |   6 |                    3 |    1 |     3.0000000000000000 |   3 |   3
 AK       | M         | S                 |            4 |    1 |     4.0000000000000000 |   4 |   4 |                     0 |    1 | 0.00000000000000000000 |   0 |   0 |                    6 |    1 |     6.0000000000000000 |   6 |   6
 AK       | M         | S                 |            6 |    1 |     6.0000000000000000 |   6 |   6 |                     0 |    1 | 0.00000000000000000000 |   0 |   0 |                    3 |    1 |     3.0000000000000000 |   3 |   3
 AK       | M         | U                 |            5 |    1 |     5.0000000000000000 |   5 |   5 |                     1 |    1 | 1.00000000000000000000 |   1 |   1 |                    6 |    1 |     6.0000000000000000 |   6 |   6
 AK       | M         | W                 |            1 |    1 | 1.00000000000000000000 |   1 |   1 |                     0 |    1 | 0.00000000000000000000 |   0 |   0 |                    3 |    1 |     3.0000000000000000 |   3 |   3
 AK       | M         | W                 |            6 |    1 |     6.0000000000000000 |   6 |   6 |                     0 |    1 | 0.00000000000000000000 |   0 |   0 |                    6 |    1 |     6.0000000000000000 |   6 |   6
 AL       | F         | D                 |            2 |    1 |     2.0000000000000000 |   2 |   2 |                     6 |    1 |     6.0000000000000000 |   6 |   6 |                    4 |    1 |     4.0000000000000000 |   4 |   4
 AL       | F         | D                 |            3 |    1 |     3.0000000000000000 |   3 |   3 |                     3 |    1 |     3.0000000000000000 |   3 |   3 |                    2 |    1 |     2.0000000000000000 |   2 |   2
 AL       | F         | D                 |            3 |    1 |     3.0000000000000000 |   3 |   3 |                     4 |    1 |     4.0000000000000000 |   4 |   4 |                    3 |    1 |     3.0000000000000000 |   3 |   3
 AL       | F         | D                 |            4 |    1 |     4.0000000000000000 |   4 |   4 |                     2 |    1 |     2.0000000000000000 |   2 |   2 |                    1 |    1 | 1.00000000000000000000 |   1 |   1
 AL       | F         | D                 |            4 |    1 |     4.0000000000000000 |   4 |   4 |                     6 |    1 |     6.0000000000000000 |   6 |   6 |                    4 |    1 |     4.0000000000000000 |   4 |   4
 AL       | F         | D                 |            5 |    1 |     5.0000000000000000 |   5 |   5 |                     3 |    1 |     3.0000000000000000 |   3 |   3 |                    0 |    1 | 0.00000000000000000000 |   0 |   0
 AL       | F         | D                 |            6 |    1 |     6.0000000000000000 |   6 |   6 |                     1 |    1 | 1.00000000000000000000 |   1 |   1 |                    1 |    1 | 1.00000000000000000000 |   1 |   1
 AL       | F         | D                 |            6 |    1 |     6.0000000000000000 |   6 |   6 |                     6 |    1 |     6.0000000000000000 |   6 |   6 |                    2 |    1 |     2.0000000000000000 |   2 |   2
 AL       | F         | M                 |            0 |    1 | 0.00000000000000000000 |   0 |   0 |                     1 |    1 | 1.00000000000000000000 |   1 |   1 |                    1 |    1 | 1.00000000000000000000 |   1 |   1
 AL       | F         | M                 |            0 |    1 | 0.00000000000000000000 |   0 |   0 |                     6 |    1 |     6.0000000000000000 |   6 |   6 |                    4 |    1 |     4.0000000000000000 |   4 |   4
 AL       | F         | M                 |            1 |    1 | 1.00000000000000000000 |   1 |   1 |                     2 |    1 |     2.0000000000000000 |   2 |   2 |                    2 |    1 |     2.0000000000000000 |   2 |   2
 AL       | F         | M                 |            3 |    1 |     3.0000000000000000 |   3 |   3 |                     4 |    1 |     4.0000000000000000 |   4 |   4 |                    5 |    1 |     5.0000000000000000 |   5 |   5
 AL       | F         | M                 |            4 |    1 |     4.0000000000000000 |   4 |   4 |                     1 |    1 | 1.00000000000000000000 |   1 |   1 |                    0 |    1 | 0.00000000000000000000 |   0 |   0
 AL       | F         | M                 |            4 |    1 |     4.0000000000000000 |   4 |   4 |                     6 |    1 |     6.0000000000000000 |   6 |   6 |                    1 |    1 | 1.00000000000000000000 |   1 |   1
 AL       | F         | M                 |            5 |    1 |     5.0000000000000000 |   5 |   5 |                     2 |    1 |     2.0000000000000000 |   2 |   2 |                    0 |    1 | 0.00000000000000000000 |   0 |   0
 AL       | F         | M                 |            5 |    1 |     5.0000000000000000 |   5 |   5 |                     5 |    1 |     5.0000000000000000 |   5 |   5 |                    0 |    1 | 0.00000000000000000000 |   0 |   0
 AL       | F         | M                 |            6 |    1 |     6.0000000000000000 |   6 |   6 |                     2 |    1 |     2.0000000000000000 |   2 |   2 |                    4 |    1 |     4.0000000000000000 |   4 |   4
 AL       | F         | S                 |            0 |    1 | 0.00000000000000000000 |   0 |   0 |                     0 |    1 | 0.00000000000000000000 |   0 |   0 |                    0 |    1 | 0.00000000000000000000 |   0 |   0
 AL       | F         | S                 |            0 |    1 | 0.00000000000000000000 |   0 |   0 |                     1 |    1 | 1.00000000000000000000 |   1 |   1 |                    5 |    1 |     5.0000000000000000 |   5 |   5
 AL       | F         | S                 |            0 |    1 | 0.00000000000000000000 |   0 |   0 |                     3 |    1 |     3.0000000000000000 |   3 |   3 |                    3 |    1 |     3.0000000000000000 |   3 |   3
 AL       | F         | S                 |            1 |    1 | 1.00000000000000000000 |   1 |   1 |                     6 |    1 |     6.0000000000000000 |   6 |   6 |                    4 |    1 |     4.0000000000000000 |   4 |   4
 AL       | F         | S                 |            2 |    1 |     2.0000000000000000 |   2 |   2 |                     1 |    1 | 1.00000000000000000000 |   1 |   1 |                    6 |    1 |     6.0000000000000000 |   6 |   6
 AL       | F         | S                 |            2 |    1 |     2.0000000000000000 |   2 |   2 |                     5 |    1 |     5.0000000000000000 |   5 |   5 |                    3 |    1 |     3.0000000000000000 |   3 |   3
 AL       | F         | S                 |            3 |    1 |     3.0000000000000000 |   3 |   3 |                     4 |    1 |     4.0000000000000000 |   4 |   4 |                    2 |    1 |     2.0000000000000000 |   2 |   2
 AL       | F         | S                 |            3 |    1 |     3.0000000000000000 |   3 |   3 |                     5 |    1 |     5.0000000000000000 |   5 |   5 |                    0 |    1 | 0.00000000000000000000 |   0 |   0
 AL       | F         | S                 |            6 |    1 |     6.0000000000000000 |   6 |   6 |                     6 |    1 |     6.0000000000000000 |   6 |   6 |                    3 |    1 |     3.0000000000000000 |   3 |   3
 AL       | F         | U                 |            0 |    1 | 0.00000000000000000000 |   0 |   0 |                     2 |    1 |     2.0000000000000000 |   2 |   2 |                    6 |    1 |     6.0000000000000000 |   6 |   6
 AL       | F         | U                 |            1 |    1 | 1.00000000000000000000 |   1 |   1 |                     6 |    1 |     6.0000000000000000 |   6 |   6 |                    1 |    1 | 1.00000000000000000000 |   1 |   1
 AL       | F         | U                 |            2 |    1 |     2.0000000000000000 |   2 |   2 |                     4 |    1 |     4.0000000000000000 |   4 |   4 |                    1 |    1 | 1.00000000000000000000 |   1 |   1
 AL       | F         | U                 |            2 |    1 |     2.0000000000000000 |   2 |   2 |                     4 |    1 |     4.0000000000000000 |   4 |   4 |                    6 |    1 |     6.0000000000000000 |   6 |   6
 AL       | F         | U                 |            3 |    1 |     3.0000000000000000 |   3 |   3 |                     3 |    1 |     3.0000000000000000 |   3 |   3 |                    1 |    1 | 1.00000000000000000000 |   1 |   1
 AL       | F         | U                 |            4 |    1 |     4.0000000000000000 |   4 |   4 |                     4 |    1 |     4.0000000000000000 |   4 |   4 |                    3 |    1 |     3.0000000000000000 |   3 |   3
 AL       | F         | U                 |            4 |    1 |     4.0000000000000000 |   4 |   4 |                     4 |    1 |     4.0000000000000000 |   4 |   4 |                    6 |    1 |     6.0000000000000000 |   6 |   6
 AL       | F         | U                 |            5 |    1 |     5.0000000000000000 |   5 |   5 |                     0 |    1 | 0.00000000000000000000 |   0 |   0 |                    1 |    1 | 1.00000000000000000000 |   1 |   1
 AL       | F         | U                 |            5 |    1 |     5.0000000000000000 |   5 |   5 |                     3 |    1 |     3.0000000000000000 |   3 |   3 |                    5 |    1 |     5.0000000000000000 |   5 |   5
 AL       | F         | U                 |            6 |    1 |     6.0000000000000000 |   6 |   6 |                     1 |    1 | 1.00000000000000000000 |   1 |   1 |                    2 |    1 |     2.0000000000000000 |   2 |   2
 AL       | F         | W                 |            3 |    1 |     3.0000000000000000 |   3 |   3 |                     2 |    1 |     2.0000000000000000 |   2 |   2 |                    1 |    1 | 1.00000000000000000000 |   1 |   1
 AL       | F         | W                 |            4 |    1 |     4.0000000000000000 |   4 |   4 |                     1 |    1 | 1.00000000000000000000 |   1 |   1 |                    1 |    1 | 1.00000000000000000000 |   1 |   1
 AL       | F         | W                 |            4 |    1 |     4.0000000000000000 |   4 |   4 |                     5 |    1 |     5.0000000000000000 |   5 |   5 |                    2 |    1 |     2.0000000000000000 |   2 |   2
 AL       | F         | W                 |            5 |    1 |     5.0000000000000000 |   5 |   5 |                     0 |    1 | 0.00000000000000000000 |   0 |   0 |                    5 |    1 |     5.0000000000000000 |   5 |   5
 AL       | F         | W                 |            5 |    1 |     5.0000000000000000 |   5 |   5 |                     1 |    1 | 1.00000000000000000000 |   1 |   1 |                    3 |    1 |     3.0000000000000000 |   3 |   3
 AL       | F         | W                 |            5 |    1 |     5.0000000000000000 |   5 |   5 |                     1 |    1 | 1.00000000000000000000 |   1 |   1 |                    5 |    1 |     5.0000000000000000 |   5 |   5
 AL       | F         | W                 |            5 |    1 |     5.0000000000000000 |   5 |   5 |                     6 |    1 |     6.0000000000000000 |   6 |   6 |                    4 |    1 |     4.0000000000000000 |   4 |   4
 AL       | M         | D                 |            0 |    1 | 0.00000000000000000000 |   0 |   0 |                     1 |    1 | 1.00000000000000000000 |   1 |   1 |                    6 |    1 |     6.0000000000000000 |   6 |   6
 AL       | M         | D                 |            1 |    1 | 1.00000000000000000000 |   1 |   1 |                     5 |    1 |     5.0000000000000000 |   5 |   5 |                    0 |    1 | 0.00000000000000000000 |   0 |   0
 AL       | M         | D                 |            2 |    1 |     2.0000000000000000 |   2 |   2 |                     2 |    1 |     2.0000000000000000 |   2 |   2 |                    4 |    1 |     4.0000000000000000 |   4 |   4
 AL       | M         | D                 |            2 |    1 |     2.0000000000000000 |   2 |   2 |                     4 |    1 |     4.0000000000000000 |   4 |   4 |                    0 |    1 | 0.00000000000000000000 |   0 |   0
 AL       | M         | D                 |            2 |    1 |     2.0000000000000000 |   2 |   2 |                     5 |    1 |     5.0000000000000000 |   5 |   5 |                    2 |    1 |     2.0000000000000000 |   2 |   2
 AL       | M         | D                 |            3 |    1 |     3.0000000000000000 |   3 |   3 |                     1 |    1 | 1.00000000000000000000 |   1 |   1 |                    5 |    1 |     5.0000000000000000 |   5 |   5
 AL       | M         | D                 |            3 |    1 |     3.0000000000000000 |   3 |   3 |                     4 |    1 |     4.0000000000000000 |   4 |   4 |                    4 |    1 |     4.0000000000000000 |   4 |   4
 AL       | M         | D                 |            5 |    1 |     5.0000000000000000 |   5 |   5 |                     4 |    1 |     4.0000000000000000 |   4 |   4 |                    3 |    1 |     3.0000000000000000 |   3 |   3
 AL       | M         | D                 |            5 |    1 |     5.0000000000000000 |   5 |   5 |                     6 |    1 |     6.0000000000000000 |   6 |   6 |                    6 |    1 |     6.0000000000000000 |   6 |   6
 AL       | M         | D                 |            6 |    1 |     6.0000000000000000 |   6 |   6 |                     0 |    1 | 0.00000000000000000000 |   0 |   0 |                    5 |    1 |     5.0000000000000000 |   5 |   5
 AL       | M         | D                 |            6 |    1 |     6.0000000000000000 |   6 |   6 |                     1 |    1 | 1.00000000000000000000 |   1 |   1 |                    3 |    1 |     3.0000000000000000 |   3 |   3
 AL       | M         | D                 |            6 |    1 |     6.0000000000000000 |   6 |   6 |                     5 |    1 |     5.0000000000000000 |   5 |   5 |                    6 |    1 |     6.0000000000000000 |   6 |   6
 AL       | M         | M                 |            0 |    1 | 0.00000000000000000000 |   0 |   0 |                     1 |    1 | 1.00000000000000000000 |   1 |   1 |                    3 |    1 |     3.0000000000000000 |   3 |   3
 AL       | M         | M                 |            1 |    1 | 1.00000000000000000000 |   1 |   1 |                     0 |    1 | 0.00000000000000000000 |   0 |   0 |                    2 |    1 |     2.0000000000000000 |   2 |   2
 AL       | M         | M                 |            1 |    1 | 1.00000000000000000000 |   1 |   1 |                     2 |    1 |     2.0000000000000000 |   2 |   2 |                    5 |    1 |     5.0000000000000000 |   5 |   5
 AL       | M         | M                 |            1 |    1 | 1.00000000000000000000 |   1 |   1 |                     6 |    1 |     6.0000000000000000 |   6 |   6 |                    5 |    1 |     5.0000000000000000 |   5 |   5
 AL       | M         | M                 |            4 |    1 |     4.0000000000000000 |   4 |   4 |                     2 |    1 |     2.0000000000000000 |   2 |   2 |                    1 |    1 | 1.00000000000000000000 |   1 |   1
 AL       | M         | M                 |            5 |    1 |     5.0000000000000000 |   5 |   5 |                     6 |    1 |     6.0000000000000000 |   6 |   6 |                    4 |    1 |     4.0000000000000000 |   4 |   4
 AL       | M         | M                 |            6 |    1 |     6.0000000000000000 |   6 |   6 |                     3 |    1 |     3.0000000000000000 |   3 |   3 |                    2 |    1 |     2.0000000000000000 |   2 |   2
 AL       | M         | S                 |            1 |    1 | 1.00000000000000000000 |   1 |   1 |                     2 |    1 |     2.0000000000000000 |   2 |   2 |                    0 |    1 | 0.00000000000000000000 |   0 |   0
 AL       | M         | S                 |            1 |    1 | 1.00000000000000000000 |   1 |   1 |                     2 |    1 |     2.0000000000000000 |   2 |   2 |                    3 |    1 |     3.0000000000000000 |   3 |   3
 AL       | M         | S                 |            3 |    1 |     3.0000000000000000 |   3 |   3 |                     5 |    1 |     5.0000000000000000 |   5 |   5 |                    6 |    1 |     6.0000000000000000 |   6 |   6
 AL       | M         | S                 |            3 |    1 |     3.0000000000000000 |   3 |   3 |                     6 |    1 |     6.0000000000000000 |   6 |   6 |                    3 |    1 |     3.0000000000000000 |   3 |   3
 AL       | M         | S                 |            5 |    2 |     5.0000000000000000 |   5 |  10 |                     4 |    2 |     4.0000000000000000 |   4 |   8 |                    5 |    2 |     5.0000000000000000 |   5 |  10
 AL       | M         | S                 |            5 |    1 |     5.0000000000000000 |   5 |   5 |                     5 |    1 |     5.0000000000000000 |   5 |   5 |                    0 |    1 | 0.00000000000000000000 |   0 |   0
 AL       | M         | S                 |            5 |    1 |     5.0000000000000000 |   5 |   5 |                     5 |    1 |     5.0000000000000000 |   5 |   5 |                    4 |    1 |     4.0000000000000000 |   4 |   4
(100 rows)

UPDATE time_statistics SET e_time = TRANSACTION_TIMESTAMP() WHERE template = 'query35.tpl' AND stream = 5;
psql:/tmp/s1-basline/throughput/query_5.sql:2756: NOTICE:  duration: 0.098 ms  plan:
Query Text: UPDATE time_statistics SET e_time = TRANSACTION_TIMESTAMP() WHERE template = 'query35.tpl' AND stream = 5;
Update on time_statistics  (cost=0.00..20.59 rows=0 width=0) (actual time=0.097..0.097 rows=0 loops=1)
  ->  Seq Scan on time_statistics  (cost=0.00..20.59 rows=1 width=14) (actual time=0.083..0.083 rows=1 loops=1)
        Filter: ((template = 'query35.tpl'::text) AND (stream = 5))
        Rows Removed by Filter: 644
UPDATE 1
LOAD 'auto_explain'; SET auto_explain.log_min_duration TO 0; SET auto_explain.log_analyze TO on; SET auto_explain.log_level TO notice; INSERT INTO time_statistics (template, s_time, stream, query, seed) VALUES ('query78.tpl', TRANSACTION_TIMESTAMP(), 5, 55, 1120559064);
LOAD
SET
SET
SET
psql:/tmp/s1-basline/throughput/query_5.sql:2757: NOTICE:  duration: 0.008 ms  plan:
Query Text: INSERT INTO time_statistics (template, s_time, stream, query, seed) VALUES ('query78.tpl', TRANSACTION_TIMESTAMP(), 5, 55, 1120559064);
Insert on time_statistics  (cost=0.00..0.01 rows=0 width=0) (actual time=0.008..0.008 rows=0 loops=1)
  ->  Result  (cost=0.00..0.01 rows=1 width=64) (actual time=0.001..0.001 rows=1 loops=1)
INSERT 0 1
with ws as
  (select d_year AS ws_sold_year, ws_item_sk,
    ws_bill_customer_sk ws_customer_sk,
    sum(ws_quantity) ws_qty,
    sum(ws_wholesale_cost) ws_wc,
    sum(ws_sales_price) ws_sp
   from web_sales
   left join web_returns on wr_order_number=ws_order_number and ws_item_sk=wr_item_sk
   join date_dim on ws_sold_date_sk = d_date_sk
   where wr_order_number is null
   group by d_year, ws_item_sk, ws_bill_customer_sk
   ),
cs as
  (select d_year AS cs_sold_year, cs_item_sk,
    cs_bill_customer_sk cs_customer_sk,
    sum(cs_quantity) cs_qty,
    sum(cs_wholesale_cost) cs_wc,
    sum(cs_sales_price) cs_sp
   from catalog_sales
   left join catalog_returns on cr_order_number=cs_order_number and cs_item_sk=cr_item_sk
   join date_dim on cs_sold_date_sk = d_date_sk
   where cr_order_number is null
   group by d_year, cs_item_sk, cs_bill_customer_sk
   ),
ss as
  (select d_year AS ss_sold_year, ss_item_sk,
    ss_customer_sk,
    sum(ss_quantity) ss_qty,
    sum(ss_wholesale_cost) ss_wc,
    sum(ss_sales_price) ss_sp
   from store_sales
   left join store_returns on sr_ticket_number=ss_ticket_number and ss_item_sk=sr_item_sk
   join date_dim on ss_sold_date_sk = d_date_sk
   where sr_ticket_number is null
   group by d_year, ss_item_sk, ss_customer_sk
   )
 select 
ss_item_sk,
round(ss_qty/(coalesce(ws_qty,0)+coalesce(cs_qty,0)),2) ratio,
ss_qty store_qty, ss_wc store_wholesale_cost, ss_sp store_sales_price,
coalesce(ws_qty,0)+coalesce(cs_qty,0) other_chan_qty,
coalesce(ws_wc,0)+coalesce(cs_wc,0) other_chan_wholesale_cost,
coalesce(ws_sp,0)+coalesce(cs_sp,0) other_chan_sales_price
from ss
left join ws on (ws_sold_year=ss_sold_year and ws_item_sk=ss_item_sk and ws_customer_sk=ss_customer_sk)
left join cs on (cs_sold_year=ss_sold_year and cs_item_sk=ss_item_sk and cs_customer_sk=ss_customer_sk)
where (coalesce(ws_qty,0)>0 or coalesce(cs_qty, 0)>0) and ss_sold_year=2002
order by 
  ss_item_sk,
  ss_qty desc, ss_wc desc, ss_sp desc,
  other_chan_qty,
  other_chan_wholesale_cost,
  other_chan_sales_price,
  ratio
limit 100;
psql:/tmp/s1-basline/throughput/query_5.sql:2812: NOTICE:  duration: 2582.817 ms  plan:
Query Text: with ws as
  (select d_year AS ws_sold_year, ws_item_sk,
    ws_bill_customer_sk ws_customer_sk,
    sum(ws_quantity) ws_qty,
    sum(ws_wholesale_cost) ws_wc,
    sum(ws_sales_price) ws_sp
   from web_sales
   left join web_returns on wr_order_number=ws_order_number and ws_item_sk=wr_item_sk
   join date_dim on ws_sold_date_sk = d_date_sk
   where wr_order_number is null
   group by d_year, ws_item_sk, ws_bill_customer_sk
   ),
cs as
  (select d_year AS cs_sold_year, cs_item_sk,
    cs_bill_customer_sk cs_customer_sk,
    sum(cs_quantity) cs_qty,
    sum(cs_wholesale_cost) cs_wc,
    sum(cs_sales_price) cs_sp
   from catalog_sales
   left join catalog_returns on cr_order_number=cs_order_number and cs_item_sk=cr_item_sk
   join date_dim on cs_sold_date_sk = d_date_sk
   where cr_order_number is null
   group by d_year, cs_item_sk, cs_bill_customer_sk
   ),
ss as
  (select d_year AS ss_sold_year, ss_item_sk,
    ss_customer_sk,
    sum(ss_quantity) ss_qty,
    sum(ss_wholesale_cost) ss_wc,
    sum(ss_sales_price) ss_sp
   from store_sales
   left join store_returns on sr_ticket_number=ss_ticket_number and ss_item_sk=sr_item_sk
   join date_dim on ss_sold_date_sk = d_date_sk
   where sr_ticket_number is null
   group by d_year, ss_item_sk, ss_customer_sk
   )
 select 
ss_item_sk,
round(ss_qty/(coalesce(ws_qty,0)+coalesce(cs_qty,0)),2) ratio,
ss_qty store_qty, ss_wc store_wholesale_cost, ss_sp store_sales_price,
coalesce(ws_qty,0)+coalesce(cs_qty,0) other_chan_qty,
coalesce(ws_wc,0)+coalesce(cs_wc,0) other_chan_wholesale_cost,
coalesce(ws_sp,0)+coalesce(cs_sp,0) other_chan_sales_price
from ss
left join ws on (ws_sold_year=ss_sold_year and ws_item_sk=ss_item_sk and ws_customer_sk=ss_customer_sk)
left join cs on (cs_sold_year=ss_sold_year and cs_item_sk=ss_item_sk and cs_customer_sk=ss_customer_sk)
where (coalesce(ws_qty,0)>0 or coalesce(cs_qty, 0)>0) and ss_sold_year=2002
order by 
  ss_item_sk,
  ss_qty desc, ss_wc desc, ss_sp desc,
  other_chan_qty,
  other_chan_wholesale_cost,
  other_chan_sales_price,
  ratio
limit 100;
Limit  (cost=154252.44..154252.69 rows=100 width=88) (actual time=2504.952..2582.730 rows=100 loops=1)
  ->  Sort  (cost=154252.44..154252.82 rows=151 width=88) (actual time=2504.951..2582.723 rows=100 loops=1)
        Sort Key: store_sales.ss_item_sk, (sum(store_sales.ss_quantity)) DESC, (sum(store_sales.ss_wholesale_cost)) DESC, (sum(store_sales.ss_sales_price)) DESC, ((COALESCE((sum(web_sales.ws_quantity)), '0'::bigint) + COALESCE((sum(catalog_sales.cs_quantity)), '0'::bigint))), ((COALESCE((sum(web_sales.ws_wholesale_cost)), '0'::double precision) + COALESCE((sum(catalog_sales.cs_wholesale_cost)), '0'::double precision))), ((COALESCE((sum(web_sales.ws_sales_price)), '0'::double precision) + COALESCE((sum(catalog_sales.cs_sales_price)), '0'::double precision))), (round((((sum(store_sales.ss_quantity)) / (COALESCE((sum(web_sales.ws_quantity)), '0'::bigint) + COALESCE((sum(catalog_sales.cs_quantity)), '0'::bigint))))::numeric, 2))
        Sort Method: quicksort  Memory: 51kB
        ->  Merge Left Join  (cost=153943.75..154246.98 rows=151 width=88) (actual time=1662.286..2582.662 rows=188 loops=1)
              Merge Cond: ((store_sales.ss_item_sk = catalog_sales.cs_item_sk) AND (store_sales.ss_customer_sk = catalog_sales.cs_bill_customer_sk))
              Join Filter: (date_dim_2.d_year = date_dim.d_year)
              Filter: ((COALESCE((sum(web_sales.ws_quantity)), '0'::bigint) > 0) OR (COALESCE((sum(catalog_sales.cs_quantity)), '0'::bigint) > 0))
              Rows Removed by Filter: 484127
              ->  Merge Left Join  (cost=129153.59..129404.99 rows=271 width=68) (actual time=986.514..1622.563 rows=484315 loops=1)
                    Merge Cond: ((store_sales.ss_item_sk = web_sales.ws_item_sk) AND (store_sales.ss_customer_sk = web_sales.ws_bill_customer_sk))
                    Join Filter: (date_dim_1.d_year = date_dim.d_year)
                    ->  Finalize GroupAggregate  (cost=94577.11..94612.40 rows=271 width=44) (actual time=773.424..1200.429 rows=484315 loops=1)
                          Group Key: date_dim.d_year, store_sales.ss_item_sk, store_sales.ss_customer_sk
                          ->  Gather Merge  (cost=94577.11..94606.30 rows=226 width=44) (actual time=773.420..1036.763 rows=487251 loops=1)
                                Workers Planned: 2
                                Workers Launched: 2
                                ->  Partial GroupAggregate  (cost=93577.08..93580.19 rows=113 width=44) (actual time=764.308..854.469 rows=162417 loops=3)
                                      Group Key: date_dim.d_year, store_sales.ss_item_sk, store_sales.ss_customer_sk
                                      ->  Sort  (cost=93577.08..93577.37 rows=113 width=40) (actual time=764.298..779.562 rows=163145 loops=3)
                                            Sort Key: store_sales.ss_item_sk, store_sales.ss_customer_sk
                                            Sort Method: external merge  Disk: 10512kB
                                            Worker 0:  Sort Method: external merge  Disk: 8464kB
                                            Worker 1:  Sort Method: external merge  Disk: 8456kB
                                            ->  Nested Loop Anti Join  (cost=2323.07..93573.23 rows=113 width=40) (actual time=14.462..668.307 rows=163145 loops=3)
                                                  ->  Hash Join  (cost=2322.65..90983.94 rows=5718 width=48) (actual time=14.412..282.761 rows=181144 loops=3)
                                                        Hash Cond: (store_sales.ss_sold_date_sk = date_dim.d_date_sk)
                                                        ->  Parallel Seq Scan on store_sales  (cost=0.00..85499.45 rows=1204445 width=52) (actual time=0.015..127.839 rows=948150 loops=3)
                                                        ->  Hash  (cost=2318.11..2318.11 rows=363 width=12) (actual time=14.356..14.357 rows=365 loops=3)
                                                              Buckets: 1024  Batches: 1  Memory Usage: 26kB
                                                              ->  Seq Scan on date_dim  (cost=0.00..2318.11 rows=363 width=12) (actual time=7.147..14.307 rows=365 loops=3)
                                                                    Filter: (d_year = 2002)
                                                                    Rows Removed by Filter: 72684
                                                  ->  Index Only Scan using pk_store_returns on store_returns  (cost=0.42..0.44 rows=1 width=16) (actual time=0.002..0.002 rows=0 loops=543433)
                                                        Index Cond: ((sr_item_sk = store_sales.ss_item_sk) AND (sr_ticket_number = store_sales.ss_ticket_number))
                                                        Heap Fetches: 21611
                    ->  Materialize  (cost=34576.48..34781.22 rows=1436 width=44) (actual time=213.086..341.938 rows=126843 loops=1)
                          ->  Finalize GroupAggregate  (cost=34576.48..34763.27 rows=1436 width=44) (actual time=213.083..308.316 rows=126843 loops=1)
                                Group Key: date_dim_1.d_year, web_sales.ws_item_sk, web_sales.ws_bill_customer_sk
                                ->  Gather Merge  (cost=34576.48..34730.97 rows=1196 width=44) (actual time=213.077..265.002 rows=126843 loops=1)
                                      Workers Planned: 2
                                      Workers Launched: 2
                                      ->  Partial GroupAggregate  (cost=33576.46..33592.90 rows=598 width=44) (actual time=206.027..229.102 rows=42281 loops=3)
                                            Group Key: date_dim_1.d_year, web_sales.ws_item_sk, web_sales.ws_bill_customer_sk
                                            ->  Sort  (cost=33576.46..33577.95 rows=598 width=40) (actual time=206.015..209.838 rows=42282 loops=3)
                                                  Sort Key: web_sales.ws_item_sk, web_sales.ws_bill_customer_sk
                                                  Sort Method: quicksort  Memory: 6144kB
                                                  Worker 0:  Sort Method: quicksort  Memory: 4680kB
                                                  Worker 1:  Sort Method: quicksort  Memory: 4685kB
                                                  ->  Nested Loop Anti Join  (cost=2323.07..33548.88 rows=598 width=40) (actual time=14.088..187.774 rows=42282 loops=3)
                                                        ->  Hash Join  (cost=2322.65..32884.62 rows=1496 width=48) (actual time=14.034..97.728 rows=46977 loops=3)
                                                              Hash Cond: (web_sales.ws_sold_date_sk = date_dim_1.d_date_sk)
                                                              ->  Parallel Seq Scan on web_sales  (cost=0.00..29771.63 rows=301063 width=52) (actual time=0.018..45.770 rows=237185 loops=3)
                                                              ->  Hash  (cost=2318.11..2318.11 rows=363 width=12) (actual time=13.958..13.958 rows=365 loops=3)
                                                                    Buckets: 1024  Batches: 1  Memory Usage: 26kB
                                                                    ->  Seq Scan on date_dim date_dim_1  (cost=0.00..2318.11 rows=363 width=12) (actual time=6.985..13.901 rows=365 loops=3)
                                                                          Filter: (d_year = 2002)
                                                                          Rows Removed by Filter: 72684
                                                        ->  Index Only Scan using pk_web_returns on web_returns  (cost=0.42..0.44 rows=1 width=16) (actual time=0.002..0.002 rows=0 loops=140930)
                                                              Index Cond: ((wr_item_sk = web_sales.ws_item_sk) AND (wr_order_number = web_sales.ws_order_number))
                                                              Heap Fetches: 4415
              ->  Materialize  (cost=24790.16..24832.56 rows=1060 width=44) (actual time=672.610..873.644 rows=255906 loops=1)
                    ->  GroupAggregate  (cost=24790.16..24819.31 rows=1060 width=44) (actual time=672.607..809.105 rows=255906 loops=1)
                          Group Key: date_dim_2.d_year, catalog_sales.cs_item_sk, catalog_sales.cs_bill_customer_sk
                          ->  Sort  (cost=24790.16..24792.81 rows=1060 width=40) (actual time=672.596..700.555 rows=255980 loops=1)
                                Sort Key: catalog_sales.cs_item_sk, catalog_sales.cs_bill_customer_sk
                                Sort Method: external merge  Disk: 14512kB
                                ->  Nested Loop Anti Join  (cost=0.85..24736.90 rows=1060 width=40) (actual time=4.108..529.920 rows=255980 loops=1)
                                      ->  Nested Loop  (cost=0.43..21531.98 rows=7137 width=48) (actual time=4.098..115.977 rows=284026 loops=1)
                                            ->  Seq Scan on date_dim date_dim_2  (cost=0.00..2318.11 rows=363 width=12) (actual time=4.080..8.395 rows=365 loops=1)
                                                  Filter: (d_year = 2002)
                                                  Rows Removed by Filter: 72684
                                            ->  Index Scan using i_cs_sold_date_sk on catalog_sales  (cost=0.43..45.08 rows=785 width=52) (actual time=0.004..0.151 rows=778 loops=365)
                                                  Index Cond: (cs_sold_date_sk = date_dim_2.d_date_sk)
                                      ->  Index Only Scan using pk_catalog_returns on catalog_returns  (cost=0.42..0.44 rows=1 width=16) (actual time=0.001..0.001 rows=0 loops=284026)
                                            Index Cond: ((cr_item_sk = catalog_sales.cs_item_sk) AND (cr_order_number = catalog_sales.cs_order_number))
                                            Heap Fetches: 1942
 ss_item_sk | ratio | store_qty | store_wholesale_cost | store_sales_price | other_chan_qty | other_chan_wholesale_cost | other_chan_sales_price 
------------+-------+-----------+----------------------+-------------------+----------------+---------------------------+------------------------
         66 |  0.00 |        13 |                97.01 |            137.94 |             90 |                     36.56 |                  32.69
        159 |  0.00 |        27 |                 98.2 |              95.4 |             41 |                      18.6 |                  24.38
        195 |  0.00 |        47 |                40.02 |             25.71 |             99 |                     23.57 |                    1.9
        324 |  3.00 |        35 |                      |             67.96 |              9 |                     60.96 |                  88.87
        402 |  0.00 |         3 |                38.43 |             33.05 |             13 |                     49.03 |                  49.96
        696 |  0.00 |         3 |                 9.61 |              3.08 |             60 |                     28.25 |                   43.5
        738 |  0.00 |        39 |                58.31 |              5.49 |             42 |                     41.59 |                  34.37
        861 |  1.00 |        76 |                 50.7 |             50.91 |             53 |                      1.42 |                      2
       1020 |  1.00 |        85 |                93.24 |             85.43 |             50 |                     78.09 |                  12.62
       1051 |  1.00 |        98 |                 1.81 |              1.12 |             76 |                     78.53 |                  93.45
       1147 |  1.00 |        24 |                94.21 |            134.32 |             16 |                     41.19 |                   38.2
       1218 |  0.00 |        42 |                99.56 |            117.08 |             87 |                     29.72 |                  29.81
       1413 |  5.00 |        51 |                64.84 |              6.18 |              9 |                      61.9 |                  11.19
       1443 |  2.00 |        46 |                79.36 |             94.99 |             18 |                      2.61 |                   0.27
       1615 |  0.00 |        13 |                94.37 |             81.79 |             98 |                     44.81 |                  51.37
       1663 |  0.00 |        40 |                 26.8 |             13.66 |             90 |                      2.71 |                    1.8
       1701 |  1.00 |        54 |                17.17 |              9.08 |             49 |                     55.98 |                  21.85
       2022 |  0.00 |        25 |                43.04 |             10.12 |             57 |                     93.15 |                  40.85
       2053 |  0.00 |        25 |                79.31 |              8.49 |             99 |                     11.75 |                  12.62
       2073 |  1.00 |        95 |                80.08 |             63.56 |             58 |                      4.69 |                   5.31
       2091 | 17.00 |        51 |                21.08 |             17.69 |              3 |                     66.41 |                  73.18
       2133 |  0.00 |        79 |                80.29 |             61.27 |             81 |                     80.38 |                  51.09
       2148 |  0.00 |        61 |                86.51 |             84.29 |             90 |                     91.81 |                 135.36
       2227 |  1.00 |        70 |                 78.8 |             13.68 |             61 |                     21.81 |                  22.11
       2305 |  0.00 |        72 |                54.07 |              47.1 |            100 |                     27.24 |                   8.26
       2587 |  0.00 |         4 |                15.99 |              1.81 |             54 |                     69.03 |                  12.01
       2599 |  1.00 |        96 |                 1.56 |              2.79 |             64 |                     19.19 |                   3.39
       2685 |  0.00 |        21 |                67.02 |             81.02 |             89 |                     59.97 |                  35.14
       2701 |  0.00 |         3 |                55.88 |             58.56 |             87 |                     38.08 |                  97.14
       2803 |  1.00 |        57 |                 91.5 |             73.73 |             54 |                     32.14 |                  14.35
       2905 |  2.00 |       100 |                97.95 |             52.65 |             50 |                     85.13 |                 101.25
       3397 |  0.00 |         4 |                57.44 |                 0 |             97 |                     62.84 |                  79.85
       3483 |  2.00 |        96 |                43.53 |             34.41 |             46 |                     18.74 |                   8.99
       3535 |  0.00 |         6 |                 59.6 |             58.89 |             67 |                     71.92 |                  93.05
       3537 |  0.00 |        46 |                46.21 |             47.81 |             95 |                     56.41 |                  77.64
       3745 |  1.00 |        82 |                47.09 |             48.73 |             44 |                      8.09 |                   7.41
       3759 |  2.00 |        49 |                53.25 |             11.24 |             20 |                     47.37 |                  84.97
       3861 |  0.00 |         8 |                28.53 |             30.19 |             72 |                       9.4 |                  15.57
       3936 |  1.00 |        85 |                63.93 |             29.04 |             64 |                     67.22 |                  56.76
       3945 |  2.00 |        52 |                67.47 |             76.26 |             22 |                     80.81 |                  16.16
       4206 |  0.00 |        29 |                38.61 |             10.68 |             68 |                     31.73 |                   3.64
       4249 |  3.00 |        31 |                 78.4 |            134.27 |              9 |                     64.25 |                  77.02
       4458 |  3.00 |        93 |                87.27 |             51.83 |             27 |                     31.16 |                  61.83
       4560 |  0.00 |        60 |                95.22 |             53.98 |             68 |                       5.4 |                    3.5
       4614 |  1.00 |        49 |                 55.3 |             25.16 |             32 |                     21.54 |                    7.1
       5053 |  1.00 |        74 |                31.43 |             34.19 |             44 |                      80.2 |                  55.81
       5121 |  5.00 |        83 |                44.91 |             61.01 |             14 |                     58.22 |                 103.63
       5136 |  1.00 |        56 |                26.17 |             17.04 |             47 |                     41.77 |                   1.06
       5323 |  9.00 |        38 |                20.01 |              5.26 |              4 |                     88.39 |                 130.29
       5352 |  1.00 |        15 |                93.14 |             89.59 |             14 |                     94.83 |                   59.4
       5526 |  0.00 |         8 |                79.63 |             64.83 |             79 |                     23.44 |                   1.39
       5868 |  0.00 |        19 |                75.13 |             104.3 |             37 |                     17.65 |                  28.19
       5869 |  1.00 |        63 |                58.53 |             47.85 |             61 |                     62.14 |                  73.91
       5875 |  0.00 |        20 |                29.66 |             20.64 |             83 |                     25.25 |                  30.99
       5953 |  1.00 |        95 |                25.33 |             18.42 |             85 |                     83.75 |                 155.57
       6147 |  1.00 |        69 |                 28.5 |             15.04 |             45 |                     16.23 |                   12.3
       6271 |  1.00 |        96 |                14.36 |              0.47 |             83 |                     66.35 |                  63.53
       6307 |  1.00 |        61 |                96.94 |             63.86 |             36 |                     69.91 |                  13.33
       6318 |  1.00 |        51 |                55.15 |             56.72 |             46 |                     49.04 |                  54.84
       6439 |  0.00 |         9 |                45.46 |                67 |             98 |                     81.96 |                 104.02
       6447 |  1.00 |        47 |                29.64 |              2.03 |             28 |                     39.44 |                  72.92
       6469 |       |           |                      |             49.55 |             16 |                     64.78 |                 135.09
       6498 |  1.00 |        83 |                24.44 |             22.58 |             75 |                     18.89 |                  12.01
       6543 |  3.00 |        72 |                96.88 |            112.99 |             19 |                     27.66 |                  56.23
       6585 |  0.00 |        59 |                24.03 |             25.37 |             72 |                     31.79 |                  18.22
       6933 |  0.00 |        22 |                99.27 |            113.56 |             26 |                     57.19 |                  29.98
       6936 |  0.00 |        76 |                54.97 |              71.1 |             94 |                     88.95 |                 139.33
       6972 |  5.00 |       100 |                95.97 |              98.7 |             18 |                     23.51 |                  65.19
       7230 |  0.00 |        43 |                53.97 |             18.84 |             77 |                     11.31 |                  12.75
       7263 | 11.00 |        71 |                41.36 |             34.24 |              6 |                     63.76 |                  65.03
       7305 |  1.00 |        32 |                80.08 |             30.81 |             18 |                     97.35 |                 103.77
       7350 |  2.00 |        52 |                49.54 |             33.22 |             24 |                     36.42 |                  18.26
       7404 | 20.00 |        20 |                29.05 |               0.9 |              1 |                      8.82 |                      0
       7455 |  0.00 |        55 |                 43.8 |              3.02 |             59 |                     70.88 |                  54.47
       7491 |  1.00 |        52 |                79.36 |             51.16 |             36 |                     86.29 |                  49.18
       7644 |  0.00 |         6 |                66.47 |              75.6 |             82 |                     29.59 |                   1.85
       7741 |  1.00 |        70 |                 8.75 |              5.95 |             65 |                     72.06 |                  43.58
       7791 |  1.00 |        91 |                52.36 |             46.99 |             54 |                     30.31 |                  79.74
       7825 |  0.00 |        82 |                 34.3 |             17.37 |             98 |                     33.88 |                  21.01
       7953 |  0.00 |        39 |                29.99 |             32.35 |             65 |                     66.23 |                   9.69
       7977 |  1.00 |        58 |                41.07 |             37.31 |             45 |                     25.74 |                     14
       8017 |  2.00 |        92 |                73.17 |             64.18 |             45 |                     20.67 |                  25.34
       8017 |  0.00 |        32 |                57.79 |              5.61 |             90 |                      79.5 |                  88.19
       8124 |  2.00 |        98 |                80.38 |             95.29 |             44 |                      1.17 |                   0.11
       8448 | 12.00 |        77 |                55.53 |            104.99 |              6 |                     97.34 |                 202.46
       8583 |  1.00 |        26 |                55.73 |              10.6 |             26 |                     43.17 |                  14.66
       8605 |  2.00 |        98 |                   35 |             15.08 |             38 |                     82.81 |                  98.45
       8605 |  4.00 |        56 |                96.26 |            110.88 |             12 |                     55.43 |                   83.9
       8610 |  0.00 |        32 |                 1.34 |              0.07 |             56 |                     12.86 |                   9.89
       8664 |  0.00 |         5 |                51.97 |             12.99 |             46 |                     13.27 |                   2.69
       8709 |  1.00 |        77 |                54.48 |             36.77 |             68 |                     87.91 |                   97.5
       8709 |  0.00 |        14 |                 19.7 |             11.15 |             96 |                     11.28 |                  21.15
       8763 |  1.00 |        67 |                83.95 |             69.81 |             57 |                     14.83 |                  28.29
       8775 |  0.00 |        83 |                41.74 |             13.48 |             86 |                      68.4 |                    7.9
       8880 |  0.00 |        11 |                80.63 |              2.03 |             38 |                     45.46 |                  70.36
       8893 |  0.00 |         8 |                97.29 |              60.6 |             71 |                     13.35 |                   3.17
       9114 | 13.00 |        39 |                29.76 |             21.21 |              3 |                     60.54 |                 161.22
       9198 |  3.00 |        33 |                32.54 |             42.27 |             10 |                     10.05 |                   9.31
       9300 |  0.00 |        32 |                55.51 |              64.3 |             37 |                     59.57 |                 113.65
       9324 |  1.00 |        61 |                 2.53 |              1.22 |             35 |                     84.73 |                  54.08
(100 rows)

UPDATE time_statistics SET e_time = TRANSACTION_TIMESTAMP() WHERE template = 'query78.tpl' AND stream = 5;
psql:/tmp/s1-basline/throughput/query_5.sql:2814: NOTICE:  duration: 0.105 ms  plan:
Query Text: UPDATE time_statistics SET e_time = TRANSACTION_TIMESTAMP() WHERE template = 'query78.tpl' AND stream = 5;
Update on time_statistics  (cost=0.00..20.59 rows=0 width=0) (actual time=0.105..0.105 rows=0 loops=1)
  ->  Seq Scan on time_statistics  (cost=0.00..20.59 rows=1 width=14) (actual time=0.091..0.091 rows=1 loops=1)
        Filter: ((template = 'query78.tpl'::text) AND (stream = 5))
        Rows Removed by Filter: 645
UPDATE 1
LOAD 'auto_explain'; SET auto_explain.log_min_duration TO 0; SET auto_explain.log_analyze TO on; SET auto_explain.log_level TO notice; INSERT INTO time_statistics (template, s_time, stream, query, seed) VALUES ('query57.tpl', TRANSACTION_TIMESTAMP(), 5, 56, 1141638498);
LOAD
SET
SET
SET
psql:/tmp/s1-basline/throughput/query_5.sql:2815: NOTICE:  duration: 0.008 ms  plan:
Query Text: INSERT INTO time_statistics (template, s_time, stream, query, seed) VALUES ('query57.tpl', TRANSACTION_TIMESTAMP(), 5, 56, 1141638498);
Insert on time_statistics  (cost=0.00..0.01 rows=0 width=0) (actual time=0.007..0.008 rows=0 loops=1)
  ->  Result  (cost=0.00..0.01 rows=1 width=64) (actual time=0.001..0.001 rows=1 loops=1)
INSERT 0 1
with v1 as(
 select i_category, i_brand,
        cc_name,
        d_year, d_moy,
        sum(cs_sales_price) sum_sales,
        avg(sum(cs_sales_price)) over
          (partition by i_category, i_brand,
                     cc_name, d_year)
          avg_monthly_sales,
        rank() over
          (partition by i_category, i_brand,
                     cc_name
           order by d_year, d_moy) rn
 from item, catalog_sales, date_dim, call_center
 where cs_item_sk = i_item_sk and
       cs_sold_date_sk = d_date_sk and
       cc_call_center_sk= cs_call_center_sk and
       (
         d_year = 1999 or
         ( d_year = 1999-1 and d_moy =12) or
         ( d_year = 1999+1 and d_moy =1)
       )
 group by i_category, i_brand,
          cc_name , d_year, d_moy),
 v2 as(
 select v1.cc_name
        ,v1.d_year
        ,v1.avg_monthly_sales
        ,v1.sum_sales, v1_lag.sum_sales psum, v1_lead.sum_sales nsum
 from v1, v1 v1_lag, v1 v1_lead
 where v1.i_category = v1_lag.i_category and
       v1.i_category = v1_lead.i_category and
       v1.i_brand = v1_lag.i_brand and
       v1.i_brand = v1_lead.i_brand and
       v1. cc_name = v1_lag. cc_name and
       v1. cc_name = v1_lead. cc_name and
       v1.rn = v1_lag.rn + 1 and
       v1.rn = v1_lead.rn - 1)
  select  *
 from v2
 where  d_year = 1999 and
        avg_monthly_sales > 0 and
        case when avg_monthly_sales > 0 then abs(sum_sales - avg_monthly_sales) / avg_monthly_sales else null end > 0.1
 order by sum_sales - avg_monthly_sales, sum_sales
 limit 100;
psql:/tmp/s1-basline/throughput/query_5.sql:2860: NOTICE:  duration: 1570.875 ms  plan:
Query Text: with v1 as(
 select i_category, i_brand,
        cc_name,
        d_year, d_moy,
        sum(cs_sales_price) sum_sales,
        avg(sum(cs_sales_price)) over
          (partition by i_category, i_brand,
                     cc_name, d_year)
          avg_monthly_sales,
        rank() over
          (partition by i_category, i_brand,
                     cc_name
           order by d_year, d_moy) rn
 from item, catalog_sales, date_dim, call_center
 where cs_item_sk = i_item_sk and
       cs_sold_date_sk = d_date_sk and
       cc_call_center_sk= cs_call_center_sk and
       (
         d_year = 1999 or
         ( d_year = 1999-1 and d_moy =12) or
         ( d_year = 1999+1 and d_moy =1)
       )
 group by i_category, i_brand,
          cc_name , d_year, d_moy),
 v2 as(
 select v1.cc_name
        ,v1.d_year
        ,v1.avg_monthly_sales
        ,v1.sum_sales, v1_lag.sum_sales psum, v1_lead.sum_sales nsum
 from v1, v1 v1_lag, v1 v1_lead
 where v1.i_category = v1_lag.i_category and
       v1.i_category = v1_lead.i_category and
       v1.i_brand = v1_lag.i_brand and
       v1.i_brand = v1_lead.i_brand and
       v1. cc_name = v1_lag. cc_name and
       v1. cc_name = v1_lead. cc_name and
       v1.rn = v1_lag.rn + 1 and
       v1.rn = v1_lead.rn - 1)
  select  *
 from v2
 where  d_year = 1999 and
        avg_monthly_sales > 0 and
        case when avg_monthly_sales > 0 then abs(sum_sales - avg_monthly_sales) / avg_monthly_sales else null end > 0.1
 order by sum_sales - avg_monthly_sales, sum_sales
 limit 100;
Limit  (cost=29083.79..29083.80 rows=1 width=162) (actual time=1570.775..1570.793 rows=100 loops=1)
  CTE v1
    ->  WindowAgg  (cost=27549.43..28171.41 rows=8293 width=146) (actual time=1137.257..1481.475 rows=32248 loops=1)
          ->  WindowAgg  (cost=27549.43..27984.82 rows=8293 width=138) (actual time=1137.240..1456.347 rows=32248 loops=1)
                ->  GroupAggregate  (cost=27549.43..27777.49 rows=8293 width=130) (actual time=1137.227..1424.311 rows=32248 loops=1)
                      Group Key: item.i_category, item.i_brand, call_center.cc_name, date_dim.d_year, date_dim.d_moy
                      ->  Sort  (cost=27549.43..27570.17 rows=8293 width=130) (actual time=1137.197..1309.664 rows=340491 loops=1)
                            Sort Key: item.i_category, item.i_brand, call_center.cc_name, date_dim.d_year, date_dim.d_moy
                            Sort Method: external merge  Disk: 47680kB
                            ->  Hash Join  (cost=1662.56..27009.66 rows=8293 width=130) (actual time=15.251..271.691 rows=340491 loops=1)
                                  Hash Cond: (catalog_sales.cs_call_center_sk = call_center.cc_call_center_sk)
                                  ->  Hash Join  (cost=1661.43..26971.26 rows=8337 width=126) (actual time=15.238..219.528 rows=342245 loops=1)
                                        Hash Cond: (catalog_sales.cs_item_sk = item.i_item_sk)
                                        ->  Nested Loop  (cost=0.43..25288.38 rows=8337 width=32) (actual time=5.086..140.696 rows=342245 loops=1)
                                              ->  Seq Scan on date_dim  (cost=0.00..3048.60 rows=424 width=16) (actual time=5.027..10.596 rows=427 loops=1)
                                                    Filter: ((d_year = 1999) OR ((d_year = 1998) AND (d_moy = 12)) OR ((d_year = 2000) AND (d_moy = 1)))
                                                    Rows Removed by Filter: 72622
                                              ->  Index Scan using i_cs_sold_date_sk on catalog_sales  (cost=0.43..44.60 rows=785 width=32) (actual time=0.004..0.140 rows=802 loops=427)
                                                    Index Cond: (cs_sold_date_sk = date_dim.d_date_sk)
                                        ->  Hash  (cost=1436.00..1436.00 rows=18000 width=110) (actual time=10.130..10.131 rows=18000 loops=1)
                                              Buckets: 32768  Batches: 1  Memory Usage: 2783kB
                                              ->  Seq Scan on item  (cost=0.00..1436.00 rows=18000 width=110) (actual time=0.003..6.761 rows=18000 loops=1)
                                  ->  Hash  (cost=1.06..1.06 rows=6 width=20) (actual time=0.008..0.009 rows=6 loops=1)
                                        Buckets: 1024  Batches: 1  Memory Usage: 9kB
                                        ->  Seq Scan on call_center  (cost=0.00..1.06 rows=6 width=20) (actual time=0.004..0.005 rows=6 loops=1)
  ->  Sort  (cost=912.38..912.39 rows=1 width=162) (actual time=1570.774..1570.780 rows=100 loops=1)
        Sort Key: ((v1.sum_sales - v1.avg_monthly_sales)), v1.sum_sales
        Sort Method: top-N heapsort  Memory: 49kB
        ->  Hash Join  (cost=611.74..912.37 rows=1 width=162) (actual time=1543.925..1565.696 rows=24406 loops=1)
              Hash Cond: ((v1_lead.i_category = v1.i_category) AND (v1_lead.i_brand = v1.i_brand) AND ((v1_lead.cc_name)::text = (v1.cc_name)::text) AND ((v1_lead.rn - 1) = v1.rn))
              ->  CTE Scan on v1 v1_lead  (cost=0.00..165.86 rows=8293 width=542) (actual time=1137.259..1140.022 rows=32248 loops=1)
              ->  Hash  (cost=611.72..611.72 rows=1 width=1096) (actual time=406.647..406.649 rows=24833 loops=1)
                    Buckets: 32768 (originally 1024)  Batches: 1 (originally 1)  Memory Usage: 7887kB
                    ->  Hash Join  (cost=311.09..611.72 rows=1 width=1096) (actual time=372.869..395.171 rows=24833 loops=1)
                          Hash Cond: ((v1_lag.i_category = v1.i_category) AND (v1_lag.i_brand = v1.i_brand) AND ((v1_lag.cc_name)::text = (v1.cc_name)::text) AND ((v1_lag.rn + 1) = v1.rn))
                          ->  CTE Scan on v1 v1_lag  (cost=0.00..165.86 rows=8293 width=542) (actual time=0.001..2.825 rows=32248 loops=1)
                          ->  Hash  (cost=310.99..310.99 rows=5 width=554) (actual time=372.860..372.860 rows=24866 loops=1)
                                Buckets: 32768 (originally 1024)  Batches: 1 (originally 1)  Memory Usage: 4660kB
                                ->  CTE Scan on v1  (cost=0.00..310.99 rows=5 width=554) (actual time=0.138..361.333 rows=25124 loops=1)
                                      Filter: ((avg_monthly_sales > '0'::double precision) AND (d_year = 1999) AND (CASE WHEN (avg_monthly_sales > '0'::double precision) THEN (abs((sum_sales - avg_monthly_sales)) / avg_monthly_sales) ELSE NULL::double precision END > '0.1'::double precision))
                                      Rows Removed by Filter: 7124
    cc_name    | d_year | avg_monthly_sales  |     sum_sales      |        psum        |        nsum        
---------------+--------+--------------------+--------------------+--------------------+--------------------
 NY Metro      |   1999 |  7291.776666666666 |            2455.45 | 3718.6099999999997 |            4117.59
 NY Metro      |   1999 |  7567.333333333333 |  3145.260000000001 |            5221.33 |  4117.589999999998
 NY Metro      |   1999 |  7073.361666666668 | 2700.6599999999994 | 3250.4700000000016 |  3972.750000000001
 North Midwest |   1999 |  6278.779166666667 | 2256.1499999999996 |  4225.360000000001 | 3651.7299999999996
 North Midwest |   1999 |  6668.065000000001 | 2720.2800000000007 | 3768.6399999999985 |  4175.900000000001
 Mid Atlantic  |   1999 |  6368.448333333333 | 2446.9000000000005 |  4015.320000000001 |  4482.149999999999
 NY Metro      |   1999 | 6600.2074999999995 |  2735.039999999999 |            3560.62 | 3564.6500000000005
 Mid Atlantic  |   1999 | 7203.2074999999995 | 3339.1400000000003 | 5351.7300000000005 |            4722.79
 North Midwest |   1999 |          7330.3125 | 3475.7400000000007 |  4346.379999999998 |             3735.4
 Mid Atlantic  |   1999 |  6980.410000000001 | 3128.5800000000004 |            3860.03 |  4070.339999999999
 Mid Atlantic  |   1999 |  6691.298333333332 | 2863.5600000000004 |            5142.87 |             3352.8
 North Midwest |   1999 |  6991.575833333333 |  3166.659999999999 |            3917.89 |  7802.890000000004
 NY Metro      |   1999 |  7073.361666666668 | 3250.4700000000016 |  5062.689999999999 | 2700.6599999999994
 North Midwest |   1999 |  6950.946666666667 |  3157.739999999999 | 3575.9399999999987 |  3737.679999999999
 North Midwest |   1999 |           6801.375 | 3033.9200000000005 |  4609.689999999999 |  4183.969999999999
 NY Metro      |   1999 |  6733.381666666665 | 2976.5200000000004 |            3447.76 |  4208.230000000001
 North Midwest |   1999 |  7063.599166666667 | 3323.0099999999998 | 4016.9800000000014 |  5409.439999999998
 NY Metro      |   1999 |          6119.7175 | 2387.2099999999996 |             3777.9 |  3540.559999999999
 NY Metro      |   1999 |   6947.45333333333 |            3218.57 |            14321.8 | 3229.3599999999997
 Mid Atlantic  |   1999 |  5859.874166666666 | 2140.1199999999994 |  3338.049999999999 |            8242.55
 NY Metro      |   1999 |   6947.45333333333 | 3229.3599999999997 |            3218.57 |  4088.659999999998
 NY Metro      |   1999 |  6643.851666666665 | 2951.2999999999997 |  3361.989999999999 | 2952.4600000000005
 NY Metro      |   1999 |  6643.851666666665 | 2952.4600000000005 | 2951.2999999999997 | 3191.9499999999994
 North Midwest |   1999 |  6991.575833333333 |  3340.349999999999 |  5260.300000000001 |             4127.7
 NY Metro      |   1999 |  6080.169166666666 |            2429.23 | 4093.4399999999987 | 3340.3500000000004
 NY Metro      |   1999 |  6312.827499999999 | 2688.2799999999997 | 3974.2999999999993 |  4289.520000000001
 North Midwest |   1999 |  7105.865833333332 |            3488.36 | 4014.9099999999994 |  4667.469999999999
 Mid Atlantic  |   1999 |  6637.634166666667 | 3024.7799999999984 | 3847.7300000000005 | 3829.5099999999998
 Mid Atlantic  |   1999 |  6767.732500000001 |  3155.269999999998 |  4427.449999999999 |  3886.899999999999
 North Midwest |   1999 |  6261.065833333334 | 2664.3399999999992 | 2736.4100000000003 |            8883.35
 North Midwest |   1999 |          7330.3125 |             3735.4 | 3475.7400000000007 |            4720.65
 NY Metro      |   1999 |  7291.776666666666 | 3718.6099999999997 | 3749.2900000000004 |            2455.45
 North Midwest |   1999 |               6298 |  2745.009999999999 |  11557.87000000001 | 3063.5800000000013
 NY Metro      |   1999 |  7291.776666666666 | 3749.2900000000004 |  5037.039999999998 | 3718.6099999999997
 NY Metro      |   1999 |  6713.895833333332 | 3177.0199999999986 |            3587.15 |            3934.84
 North Midwest |   1999 |  6261.065833333334 | 2736.4100000000003 |            4290.02 | 2664.3399999999992
 North Midwest |   1999 |          7330.3125 | 3807.4000000000005 |  5022.889999999999 |  4587.719999999998
 Mid Atlantic  |   1999 | 7203.2074999999995 |  3713.040000000002 | 4700.5599999999995 |  5153.069999999997
 North Midwest |   1999 |  5890.309999999998 |            2400.59 | 3384.2199999999984 | 3531.5000000000005
 North Midwest |   1999 |  5513.934166666667 | 2024.8500000000004 |           11426.37 | 2915.8399999999992
 Mid Atlantic  |   1999 | 5974.8341666666665 | 2496.8400000000006 | 3989.9100000000003 | 3410.7400000000007
 NY Metro      |   1999 |  6831.926666666666 | 3355.6599999999985 |  4323.990000000001 | 3430.2299999999996
 Mid Atlantic  |   1999 |  7325.469166666665 | 3852.3900000000003 | 4909.5300000000025 | 3974.4600000000005
 Mid Atlantic  |   1999 |  6865.099999999999 | 3394.3900000000003 |            3835.32 | 3712.4200000000005
 NY Metro      |   1999 |  6874.206666666668 |             3418.9 | 3529.8599999999988 |  4382.639999999999
 NY Metro      |   1999 |  6643.851666666665 | 3191.9499999999994 | 2952.4600000000005 | 3444.5699999999993
 North Midwest |   1999 | 7285.1691666666675 | 3833.3099999999995 | 3894.3599999999997 |            4801.83
 NY Metro      |   1999 |  7567.333333333333 |  4117.589999999998 |  3145.260000000001 | 4892.4400000000005
 North Midwest |   1999 |  7105.865833333332 |             3658.8 | 15628.160000000002 | 4014.9099999999994
 Mid Atlantic  |   1999 |  6236.202499999999 | 2792.9599999999996 | 3426.1900000000005 |            4715.62
 NY Metro      |   1999 |  6733.381666666665 | 3308.0800000000004 |  4260.480000000001 |            8096.55
 NY Metro      |   1999 |  6292.948333333334 |  2868.739999999999 | 3524.6300000000006 | 3212.3800000000015
 Mid Atlantic  |   1999 |  6368.448333333333 | 2946.1299999999997 |            4650.16 |  4308.709999999998
 NY Metro      |   1999 |  7073.361666666668 |  3661.439999999999 |  3972.750000000001 |  4777.560000000002
 NY Metro      |   1999 |  6360.689166666667 |            2949.38 | 3125.9400000000005 | 3010.9199999999996
 North Midwest |   1999 |  6343.160833333332 | 2935.0299999999997 |  4461.380000000001 |  4294.490000000001
 NY Metro      |   1999 |  6831.926666666666 | 3430.2299999999996 | 3355.6599999999985 | 3472.8000000000006
 North Midwest |   1999 |           6801.375 | 3408.3599999999997 |  5385.159999999999 |            4652.37
 North Midwest |   1999 | 7285.1691666666675 | 3894.3599999999997 |  4877.569999999999 | 3833.3099999999995
 Mid Atlantic  |   1999 |  6767.732500000001 |  3379.210000000001 |  5019.649999999999 |  5438.340000000001
 NY Metro      |   1999 |  6535.910000000001 | 3151.0599999999995 |  4875.290000000002 |            3333.14
 North Midwest |   1999 |  6950.946666666667 | 3575.9399999999987 |            5520.13 |  3157.739999999999
 North Midwest |   1999 |  7105.865833333332 |            3731.48 |  3904.110000000001 |  9956.500000000005
 Mid Atlantic  |   1999 |  5459.943333333334 |            2085.86 | 10864.219999999994 |            3046.35
 NY Metro      |   1999 |  6831.926666666666 | 3472.8000000000006 | 3430.2299999999996 | 3626.7400000000016
 NY Metro      |   1999 |  7567.333333333333 | 4209.9800000000005 |            4303.45 | 5085.1900000000005
 Mid Atlantic  |   1999 |  7325.469166666665 | 3974.4600000000005 | 3852.3900000000003 |  5330.549999999998
 Mid Atlantic  |   1999 | 5974.8341666666665 |  2624.210000000001 | 3721.9799999999996 | 3989.9100000000003
 NY Metro      |   1999 |  6360.689166666667 | 3010.9199999999996 |            2949.38 | 3012.5399999999986
 NY Metro      |   1999 |  6360.689166666667 | 3012.5399999999986 | 3010.9199999999996 |  5474.470000000001
 NY Metro      |   1999 |  6874.206666666668 | 3529.8599999999988 |            4629.06 |             3418.9
 Mid Atlantic  |   1999 |  6691.298333333332 |             3352.8 | 2863.5600000000004 |  4348.769999999999
 NY Metro      |   1999 |  5622.262499999998 | 2314.3400000000006 |  3610.999999999999 |  2601.400000000001
 NY Metro      |   1999 |  6874.206666666668 |  3574.909999999999 |  4539.250000000002 |  9345.270000000002
 Mid Atlantic  |   1999 |  6980.410000000001 |  3683.700000000001 |            4925.01 |  9864.790000000005
 NY Metro      |   1999 |  6733.381666666665 |            3447.76 |  3733.640000000002 | 2976.5200000000004
 NY Metro      |   1999 |  5696.628333333334 | 2411.8699999999994 |  2810.140000000001 |  3451.589999999999
 North Midwest |   1999 |  6630.089166666666 |             3347.9 | 3499.9199999999987 | 4412.7300000000005
 NY Metro      |   1999 |  6643.851666666665 |  3361.989999999999 |             4564.5 | 2951.2999999999997
 NY Metro      |   1999 |  7567.333333333333 |            4303.45 | 4892.4400000000005 | 4209.9800000000005
 North Midwest |   1999 |  6238.117499999999 |            2978.29 |  4560.589999999999 |  3645.499999999999
 Mid Atlantic  |   1999 |  6429.956666666665 | 3187.8199999999997 |            4526.08 | 3573.4999999999995
 NY Metro      |   1999 |  6360.689166666667 | 3125.9400000000005 | 4082.2599999999993 |            2949.38
 North Midwest |   1999 |               6298 | 3063.5800000000013 |  2745.009999999999 |  3115.540000000001
 Mid Atlantic  |   1999 |  6429.956666666665 |            3195.63 | 13442.850000000006 |            4526.08
 North Midwest |   1999 | 5909.1641666666665 | 2693.4000000000005 |  3255.309999999999 |             2823.6
 North Midwest |   1999 |           6801.375 | 3586.8899999999994 |  4183.969999999999 |  5385.159999999999
 North Midwest |   1999 |  6950.946666666667 |  3737.679999999999 |  3157.739999999999 | 4240.2300000000005
 Mid Atlantic  |   1999 |  6501.143333333334 | 3292.3100000000004 |  4108.709999999999 | 10340.720000000003
 NY Metro      |   1999 |  6831.926666666666 | 3626.7400000000016 | 3472.8000000000006 |  4949.529999999998
 NY Metro      |   1999 |  5864.514166666665 | 2661.6000000000004 | 3972.4300000000003 |  4173.219999999999
 NY Metro      |   1999 |  6535.910000000001 |            3333.14 | 3151.0599999999995 |            4332.93
 North Midwest |   1999 |  7105.865833333332 |  3904.110000000001 |            4177.77 |            3731.48
 NY Metro      |   1999 |  6643.851666666665 | 3444.5699999999993 | 3191.9499999999994 | 3561.5399999999995
 Mid Atlantic  |   1999 |  6227.787499999999 | 3036.3999999999983 |            3749.89 |  4893.629999999999
 North Midwest |   1999 |               6298 |  3115.540000000001 | 3063.5800000000013 |  4545.960000000001
 North Midwest |   1999 | 7285.1691666666675 | 4104.9400000000005 |            4801.83 |  5477.940000000003
 North Midwest |   1999 |  6630.089166666666 | 3450.8099999999995 |  3859.040000000001 |  3832.670000000001
 NY Metro      |   1999 |  7291.776666666666 |            4117.59 |            2455.45 |  4172.560000000001
 NY Metro      |   1999 |  6874.206666666668 |  3700.979999999999 | 15250.110000000017 |            4629.06
(100 rows)

UPDATE time_statistics SET e_time = TRANSACTION_TIMESTAMP() WHERE template = 'query57.tpl' AND stream = 5;
psql:/tmp/s1-basline/throughput/query_5.sql:2862: NOTICE:  duration: 0.104 ms  plan:
Query Text: UPDATE time_statistics SET e_time = TRANSACTION_TIMESTAMP() WHERE template = 'query57.tpl' AND stream = 5;
Update on time_statistics  (cost=0.00..20.59 rows=0 width=0) (actual time=0.103..0.104 rows=0 loops=1)
  ->  Seq Scan on time_statistics  (cost=0.00..20.59 rows=1 width=14) (actual time=0.089..0.089 rows=1 loops=1)
        Filter: ((template = 'query57.tpl'::text) AND (stream = 5))
        Rows Removed by Filter: 646
UPDATE 1
LOAD 'auto_explain'; SET auto_explain.log_min_duration TO 0; SET auto_explain.log_analyze TO on; SET auto_explain.log_level TO notice; INSERT INTO time_statistics (template, s_time, stream, query, seed) VALUES ('query46.tpl', TRANSACTION_TIMESTAMP(), 5, 57, 1509333704);
LOAD
SET
SET
SET
psql:/tmp/s1-basline/throughput/query_5.sql:2863: NOTICE:  duration: 0.008 ms  plan:
Query Text: INSERT INTO time_statistics (template, s_time, stream, query, seed) VALUES ('query46.tpl', TRANSACTION_TIMESTAMP(), 5, 57, 1509333704);
Insert on time_statistics  (cost=0.00..0.01 rows=0 width=0) (actual time=0.008..0.008 rows=0 loops=1)
  ->  Result  (cost=0.00..0.01 rows=1 width=64) (actual time=0.001..0.001 rows=1 loops=1)
INSERT 0 1
select  c_last_name
       ,c_first_name
       ,ca_city
       ,bought_city
       ,ss_ticket_number
       ,amt,profit 
 from
   (select ss_ticket_number
          ,ss_customer_sk
          ,ca_city bought_city
          ,sum(ss_coupon_amt) amt
          ,sum(ss_net_profit) profit
    from store_sales,date_dim,store,household_demographics,customer_address 
    where store_sales.ss_sold_date_sk = date_dim.d_date_sk
    and store_sales.ss_store_sk = store.s_store_sk  
    and store_sales.ss_hdemo_sk = household_demographics.hd_demo_sk
    and store_sales.ss_addr_sk = customer_address.ca_address_sk
    and (household_demographics.hd_dep_count = 4 or
         household_demographics.hd_vehicle_count= 4)
    and date_dim.d_dow in (6,0)
    and date_dim.d_year in (1998,1998+1,1998+2) 
    and store.s_city in ('Midway','Fairview','Fairview','Midway','Midway') 
    group by ss_ticket_number,ss_customer_sk,ss_addr_sk,ca_city) dn,customer,customer_address current_addr
    where ss_customer_sk = c_customer_sk
      and customer.c_current_addr_sk = current_addr.ca_address_sk
      and current_addr.ca_city <> bought_city
  order by c_last_name
          ,c_first_name
          ,ca_city
          ,bought_city
          ,ss_ticket_number
  limit 100;
psql:/tmp/s1-basline/throughput/query_5.sql:2895: NOTICE:  duration: 487.688 ms  plan:
Query Text: select  c_last_name
       ,c_first_name
       ,ca_city
       ,bought_city
       ,ss_ticket_number
       ,amt,profit 
 from
   (select ss_ticket_number
          ,ss_customer_sk
          ,ca_city bought_city
          ,sum(ss_coupon_amt) amt
          ,sum(ss_net_profit) profit
    from store_sales,date_dim,store,household_demographics,customer_address 
    where store_sales.ss_sold_date_sk = date_dim.d_date_sk
    and store_sales.ss_store_sk = store.s_store_sk  
    and store_sales.ss_hdemo_sk = household_demographics.hd_demo_sk
    and store_sales.ss_addr_sk = customer_address.ca_address_sk
    and (household_demographics.hd_dep_count = 4 or
         household_demographics.hd_vehicle_count= 4)
    and date_dim.d_dow in (6,0)
    and date_dim.d_year in (1998,1998+1,1998+2) 
    and store.s_city in ('Midway','Fairview','Fairview','Midway','Midway') 
    group by ss_ticket_number,ss_customer_sk,ss_addr_sk,ca_city) dn,customer,customer_address current_addr
    where ss_customer_sk = c_customer_sk
      and customer.c_current_addr_sk = current_addr.ca_address_sk
      and current_addr.ca_city <> bought_city
  order by c_last_name
          ,c_first_name
          ,ca_city
          ,bought_city
          ,ss_ticket_number
  limit 100;
Limit  (cost=97220.65..97220.90 rows=100 width=94) (actual time=423.350..487.596 rows=100 loops=1)
  ->  Sort  (cost=97220.65..97226.99 rows=2538 width=94) (actual time=423.350..487.589 rows=100 loops=1)
        Sort Key: customer.c_last_name, customer.c_first_name, current_addr.ca_city, customer_address.ca_city, store_sales.ss_ticket_number
        Sort Method: top-N heapsort  Memory: 48kB
        ->  Nested Loop  (cost=92861.64..97123.65 rows=2538 width=94) (actual time=365.816..483.283 rows=9249 loops=1)
              Join Filter: ((current_addr.ca_city)::text <> (customer_address.ca_city)::text)
              Rows Removed by Join Filter: 660
              ->  Nested Loop  (cost=92861.35..96274.58 rows=2542 width=93) (actual time=365.810..466.538 rows=9909 loops=1)
                    ->  Finalize GroupAggregate  (cost=92861.06..93191.84 rows=2542 width=49) (actual time=365.798..447.057 rows=10234 loops=1)
                          Group Key: store_sales.ss_ticket_number, store_sales.ss_customer_sk, store_sales.ss_addr_sk, customer_address.ca_city
                          ->  Gather Merge  (cost=92861.06..93134.65 rows=2118 width=49) (actual time=365.790..442.510 rows=10288 loops=1)
                                Workers Planned: 2
                                Workers Launched: 2
                                ->  Partial GroupAggregate  (cost=91861.04..91890.16 rows=1059 width=49) (actual time=360.045..368.703 rows=3429 loops=3)
                                      Group Key: store_sales.ss_ticket_number, store_sales.ss_customer_sk, store_sales.ss_addr_sk, customer_address.ca_city
                                      ->  Sort  (cost=91861.04..91863.68 rows=1059 width=49) (actual time=360.032..361.482 rows=36284 loops=3)
                                            Sort Key: store_sales.ss_ticket_number, store_sales.ss_customer_sk, store_sales.ss_addr_sk, customer_address.ca_city
                                            Sort Method: quicksort  Memory: 5673kB
                                            Worker 0:  Sort Method: quicksort  Memory: 3622kB
                                            Worker 1:  Sort Method: quicksort  Memory: 3705kB
                                            ->  Nested Loop  (cost=2788.06..91807.83 rows=1059 width=49) (actual time=17.559..343.741 rows=36284 loops=3)
                                                  ->  Hash Join  (cost=2787.77..91465.97 rows=1110 width=40) (actual time=17.512..289.266 rows=36507 loops=3)
                                                        Hash Cond: (store_sales.ss_store_sk = store.s_store_sk)
                                                        ->  Hash Join  (cost=2786.42..91460.54 rows=1164 width=48) (actual time=17.442..283.379 rows=36960 loops=3)
                                                              Hash Cond: (store_sales.ss_hdemo_sk = household_demographics.hd_demo_sk)
                                                              ->  Hash Join  (cost=2595.92..91257.21 rows=4883 width=56) (actual time=16.063..267.766 rows=151596 loops=3)
                                                                    Hash Cond: (store_sales.ss_sold_date_sk = date_dim.d_date_sk)
                                                                    ->  Parallel Seq Scan on store_sales  (cost=0.00..85499.45 rows=1204445 width=64) (actual time=0.014..126.506 rows=948150 loops=3)
                                                                    ->  Hash  (cost=2592.05..2592.05 rows=310 width=8) (actual time=16.014..16.015 rows=314 loops=3)
                                                                          Buckets: 1024  Batches: 1  Memory Usage: 21kB
                                                                          ->  Seq Scan on date_dim  (cost=0.00..2592.05 rows=310 width=8) (actual time=7.495..15.973 rows=314 loops=3)
                                                                                Filter: ((d_dow = ANY ('{6,0}'::integer[])) AND (d_year = ANY ('{1998,1999,2000}'::integer[])))
                                                                                Rows Removed by Filter: 72735
                                                              ->  Hash  (cost=168.00..168.00 rows=1800 width=8) (actual time=1.323..1.324 rows=1800 loops=3)
                                                                    Buckets: 2048  Batches: 1  Memory Usage: 87kB
                                                                    ->  Seq Scan on household_demographics  (cost=0.00..168.00 rows=1800 width=8) (actual time=0.089..1.116 rows=1800 loops=3)
                                                                          Filter: ((hd_dep_count = 4) OR (hd_vehicle_count = 4))
                                                                          Rows Removed by Filter: 5400
                                                        ->  Hash  (cost=1.20..1.20 rows=12 width=8) (actual time=0.038..0.039 rows=12 loops=3)
                                                              Buckets: 1024  Batches: 1  Memory Usage: 9kB
                                                              ->  Seq Scan on store  (cost=0.00..1.20 rows=12 width=8) (actual time=0.029..0.034 rows=12 loops=3)
                                                                    Filter: ((s_city)::text = ANY ('{Midway,Fairview,Fairview,Midway,Midway}'::text[]))
                                                  ->  Index Scan using pk_customer_address on customer_address  (cost=0.29..0.31 rows=1 width=17) (actual time=0.001..0.001 rows=1 loops=109521)
                                                        Index Cond: (ca_address_sk = store_sales.ss_addr_sk)
                    ->  Index Scan using pk_customer on customer  (cost=0.29..1.20 rows=1 width=68) (actual time=0.002..0.002 rows=1 loops=10234)
                          Index Cond: (c_customer_sk = store_sales.ss_customer_sk)
              ->  Index Scan using pk_customer_address on customer_address current_addr  (cost=0.29..0.32 rows=1 width=17) (actual time=0.001..0.001 rows=1 loops=9909)
                    Index Cond: (ca_address_sk = customer.c_current_addr_sk)
          c_last_name           |     c_first_name     |     ca_city     |   bought_city   | ss_ticket_number |        amt         |       profit        
--------------------------------+----------------------+-----------------+-----------------+------------------+--------------------+---------------------
 Abbott                         | Blanca               | Kingston        | Springdale      |             5963 |             545.86 |           -13765.19
 Abbott                         | Bonnie               | White Oak       | Buena Vista     |           168564 |             614.25 |            -5880.07
 Abbott                         | Brenda               | Five Points     | Friendship      |           208043 |            3026.66 |  -5857.669999999999
 Abbott                         | Michelle             | Maple Grove     | Union           |            94430 |              74.22 |  -6974.099999999999
 Abraham                        | Clarence             | Greenfield      | Harmony         |            94169 |            1582.87 |            -6920.49
 Abraham                        | Deborah              | Mount Olive     | Riverview       |             2033 |                  0 |  -8671.539999999997
 Abrams                         | Ryan                 | Crossroads      | Springfield     |           216156 | 1854.1899999999998 | -11055.559999999998
 Abrams                         | Tammy                | Woodlawn        | Concord         |           183046 |            3250.65 | -12357.209999999997
 Abreu                          | William              | Highland Park   | Buena Vista     |           126279 |             468.25 |            -5057.77
 Acevedo                        | Allen                | Fairfield       | Wildwood        |            78353 |            1720.93 |             -7752.9
 Acevedo                        | Paula                | Spring Hill     | Oak Ridge       |            75470 |             247.27 | -7216.9400000000005
 Acevedo                        | Timothy              | Jamestown       | Pleasant Grove  |            24306 |                  0 |  -4996.669999999998
 Acosta                         | Amanda               | Morris          | Salem           |           125889 |            3355.85 |  2035.8500000000008
 Acosta                         | Leona                | Spring Hill     | Red Hill        |           178039 |            2613.96 |            -6464.99
 Acosta                         | Michael              | Green Acres     | Somerville      |            45015 |            5058.65 | -12227.060000000001
 Acosta                         | Michael              | Stringtown      | Hopewell        |           165584 |           13100.97 | -22543.909999999996
 Adam                           | Adam                 | Mount Pleasant  | Edgewood        |           107408 |            2826.04 |  -6587.819999999999
 Adam                           | Elizabeth            | Springfield     | Pleasant Valley |            12629 | 1103.3700000000001 | -12947.439999999997
 Adam                           | Jeanne               | Highland Park   | Florence        |           191594 |            1510.56 |            -21660.2
 Adam                           | Julia                | Arlington       | Empire          |           107710 |            1284.52 |            -6602.84
 Adams                          | Carolyn              | Granville       | Antioch         |            84247 |             326.17 |            -3828.45
 Adams                          | Chris                | Woodlawn        | Hopewell        |           110091 |              97.61 |            -2711.54
 Adams                          | Christina            | Brownsville     | Oakwood         |           116353 |             551.96 |           -10201.75
 Adams                          | Debbie               | Summit          | Riverdale       |           132905 |              84.07 | -17044.079999999998
 Adams                          | Emily                | Riley           | Wildwood        |            74142 |            3030.08 |           -10814.42
 Adams                          | Fannie               | Greenwood       | Mount Vernon    |             7164 |  96.42999999999999 |  -4484.490000000001
 Adams                          | Gregory              | Harmony         | Oak Hill        |           169864 |             372.64 |           -14513.15
 Adams                          | Heather              | Stringtown      | Mount Olive     |            35016 |             905.25 |            -6995.07
 Adams                          | Heidi                | Riverside       | Highland        |            46941 |            3190.59 | -10471.559999999998
 Adams                          | Hilary               | Mount Pleasant  | Midway          |           121817 |             130.29 |            -8507.84
 Adams                          | Jenny                | Harmony         | Lakewood        |           106352 |              73.59 |            -5197.09
 Adams                          | Jose                 | Forest Hills    | Greenville      |           186482 |                  0 |           -10781.89
 Adams                          | Kati                 | Cedar Grove     | Saint Clair     |           132702 |            4774.33 |           -12335.28
 Adams                          | Lawrence             | Kingston        | Valley View     |            60819 |            1511.19 |            -4764.51
 Adams                          | Lisa                 | Pleasant Hill   | Spring Valley   |           118935 |             565.53 |  -8145.099999999999
 Adams                          | Mark                 | Franklin        | Clinton         |           226367 |            4794.58 |           -11398.99
 Adams                          | Miranda              | Harmony         | Lakeview        |            58510 |                  0 |            -3502.37
 Adams                          | Miranda              | Harmony         | Lakeview        |           114859 |            1176.75 |            -8992.55
 Adams                          | Peggie               | Five Forks      | Maple Grove     |           174399 |               72.7 |            -3061.65
 Adams                          | Raquel               | Georgetown      | Wilson          |           236620 |            2755.92 | -13920.890000000001
 Adams                          | Richard              | Georgetown      | Delmar          |           227058 |             703.59 |            -5021.23
 Adams                          | Richard              | Spring Valley   | Crossroads      |            96064 |             163.28 | -10966.249999999998
 Adams                          | Roland               | Flatwoods       | Woodville       |            83315 |            1791.71 |            -7953.17
 Adams                          | Sandra               | Jamestown       | Friendship      |            42862 | 1259.5500000000002 |  -7650.380000000001
 Adams                          | Thomas               | Arlington       | Shiloh          |           177445 |                  0 |             5955.06
 Adams                          |                      | Jamestown       | Highland        |            33559 |             628.38 | -1454.7099999999994
 Adkins                         | John                 | Lebanon         | Unionville      |           180170 |             339.96 | -14778.099999999999
 Adkins                         | John                 | Shady Grove     | Wildwood        |             9331 |            1355.16 |           -11690.06
 Adkins                         | Juan                 | Oak Ridge       | Bridgeport      |            90204 |             259.94 | -10264.460000000001
 Adkins                         | Starla               | Saratoga        | Harmony         |            25099 |             173.37 |            -9501.92
 Adkins                         | Travis               | Arlington       | Hopewell        |           112095 |            8840.74 |  -8030.630000000001
 Adkins                         |                      | Sulphur Springs | Antioch         |           128720 | 1520.4199999999998 |  -7200.569999999999
 Adler                          | Frank                | Kingston        | Shady Grove     |           227730 |             891.28 |            -8253.74
 Adler                          | Shannon              | Golden          | Antioch         |           132478 |               10.5 |               -8734
 Agee                           | Clarence             | Kingston        | Deerfield       |           214395 |             417.96 |            -7837.34
 Agee                           | Clarence             | Kingston        | Providence      |            51800 |            1481.93 |   165.4299999999996
 Aguayo                         | Brian                | Liberty         | Pleasant Grove  |           192734 | 1804.3899999999999 |            -6468.48
 Aguiar                         | Deanna               | Bethel          | Oakwood         |           122962 | 3649.7000000000003 |           -12600.81
 Aguilar                        | Christopher          | Union           | Empire          |            89728 |            1077.72 |            -4807.13
 Aguilar                        | Rhonda               | Lakeside        | Shiloh          |           217097 |            4454.07 |           -20916.49
 Aguilar                        | Ruben                | Hillcrest       | Maple Grove     |           128029 |            5937.14 |           -17208.07
 Aguilar                        | Steven               | Lebanon         | Antioch         |           175574 | 3331.0600000000004 | -15954.980000000001
 Aguilar                        | Virgil               | Edgewood        | Riverdale       |           238158 |             254.42 | -1770.9899999999998
 Aguirre                        | Beth                 | Woodlawn        | New London      |           222092 |             438.74 |  -7368.139999999999
 Aguirre                        | Harry                | Ridgeville      | Springfield     |           197304 |             508.53 |            -2586.53
 Aguirre                        | Marcella             | Marion          | Fairview        |           198960 | 502.49999999999994 |           -19790.19
 Aguirre                        | Ruth                 | Glenwood        | Lakeview        |           150272 |            1650.53 |           -16789.45
 Ahrens                         | Sonya                | Oak Ridge       | Farmington      |           118662 |              68.92 |            -4548.48
 Aiello                         | Gina                 | Macedonia       | Murray          |           124210 |             773.16 | -14279.439999999999
 Akers                          | Diane                | Cedar Grove     | White Oak       |            57940 |             995.69 |            -3253.86
 Akers                          | Harriett             | Antioch         | Kingston        |           212353 |            2415.17 |           -12122.86
 Akers                          | Lilian               | Lebanon         | Belmont         |           223270 |            3991.38 |            -4221.59
 Akers                          | Lilian               | Lebanon         | Clinton         |              178 |            9660.18 |           -11778.11
 Akin                           | Doris                | Kingston        | Bethel          |            93447 |             679.86 |            -9542.76
 Akins                          | Forrest              | Highland        | Arlington       |           210947 |            1142.46 |             -3002.3
 Akins                          | Ralph                | Ridgeville      | Summit          |            28971 |                  0 |             3512.11
 Akins                          | Ramiro               | Maple Grove     | Enterprise      |            68011 |            2016.69 |            -3479.04
 Akins                          | Sara                 | Friendship      | Oakland         |           195148 |            3777.36 | -10300.470000000001
 Akins                          |                      | Woodlawn        | Lebanon         |           132326 | 5641.4400000000005 | -16177.099999999999
 Alba                           | Shenna               | Pleasant Valley | Springfield     |           108023 |                5.1 |            -3699.95
 Albers                         | Michelle             | Mount Zion      | Cedar Grove     |           197736 |             4340.1 |            -7582.12
 Albers                         | Stevie               | Fruitland       | Maple Grove     |           167448 |                  0 |            -8453.68
 Albert                         | Ashley               | Spring Valley   | Woodville       |           212269 |            1598.81 |           -15269.91
 Albrecht                       | Faye                 | Red Hill        | Florence        |           219263 |            1968.84 |            -8496.31
 Albrecht                       | Marilyn              | Ashland         | Mount Pleasant  |            49580 |            2968.56 |            -9361.92
 Albright                       | Charles              | Mountain View   | Rock Creek      |           182707 |             4571.6 | -10358.310000000001
 Albright                       | Joseph               | Highland Park   | Clearview       |           226274 | 3011.4100000000003 |           -14566.87
 Aldridge                       | Ashley               | Hopewell        | Jackson         |           132145 |             326.06 | -4603.1900000000005
 Aldridge                       | Ellsworth            | Greenfield      | Oakdale         |           191134 |  7611.469999999999 |            -8859.82
 Aldridge                       | Frieda               | Edgewood        | Macedonia       |           233555 |            1715.71 |           -10330.55
 Aldridge                       | Shawn                | Forest Hills    | Springdale      |            89241 |            9350.44 |           -17881.38
 Aleman                         | Florence             | Riverside       | Georgetown      |            23993 |  6812.220000000001 |           -15867.75
 Aleman                         | Florence             | Riverside       | Georgetown      |           100739 | 1788.6499999999999 | -10156.759999999998
 Aleman                         | Victoria             | Belmont         | Riverdale       |           224106 | 1515.3600000000001 |            -7466.62
 Alexander                      | Carole               | Ferguson        | Pleasant Grove  |            82928 |  8313.989999999998 | -15351.849999999999
 Alexander                      | Domenica             | Franklin        | Shiloh          |            62388 |            8634.59 | -24359.669999999995
 Alexander                      | James                | Friendship      | Mountain View   |           174669 |            3540.25 |  -7587.900000000001
 Alexander                      | Les                  | Arlington       | Greenville      |            99279 |            1901.01 |            -7920.98
 Alexander                      | Lisa                 | Brownsville     | Gary            |           142322 |             189.95 |            -8533.54
 Alexander                      | Mable                | Enterprise      | Ashley          |            47234 | 2344.4500000000003 |           -11983.66
(100 rows)

UPDATE time_statistics SET e_time = TRANSACTION_TIMESTAMP() WHERE template = 'query46.tpl' AND stream = 5;
psql:/tmp/s1-basline/throughput/query_5.sql:2897: NOTICE:  duration: 0.100 ms  plan:
Query Text: UPDATE time_statistics SET e_time = TRANSACTION_TIMESTAMP() WHERE template = 'query46.tpl' AND stream = 5;
Update on time_statistics  (cost=0.00..20.59 rows=0 width=0) (actual time=0.099..0.100 rows=0 loops=1)
  ->  Seq Scan on time_statistics  (cost=0.00..20.59 rows=1 width=14) (actual time=0.085..0.085 rows=1 loops=1)
        Filter: ((template = 'query46.tpl'::text) AND (stream = 5))
        Rows Removed by Filter: 647
UPDATE 1
LOAD 'auto_explain'; SET auto_explain.log_min_duration TO 0; SET auto_explain.log_analyze TO on; SET auto_explain.log_level TO notice; INSERT INTO time_statistics (template, s_time, stream, query, seed) VALUES ('../query_postgresql/query32.tpl', TRANSACTION_TIMESTAMP(), 5, 58, 1526308779);
LOAD
SET
SET
SET
psql:/tmp/s1-basline/throughput/query_5.sql:2898: NOTICE:  duration: 0.008 ms  plan:
Query Text: INSERT INTO time_statistics (template, s_time, stream, query, seed) VALUES ('../query_postgresql/query32.tpl', TRANSACTION_TIMESTAMP(), 5, 58, 1526308779);
Insert on time_statistics  (cost=0.00..0.01 rows=0 width=0) (actual time=0.008..0.008 rows=0 loops=1)
  ->  Result  (cost=0.00..0.01 rows=1 width=64) (actual time=0.001..0.001 rows=1 loops=1)
INSERT 0 1
select  sum(cs_ext_discount_amt)  as "excess discount amount" 
from 
   catalog_sales 
   ,item 
   ,date_dim
where
i_manufact_id = 780
and i_item_sk = cs_item_sk 
and d_date between '2002-01-24' and 
        (cast('2002-01-24' as date) + interval '90 days')
and d_date_sk = cs_sold_date_sk 
and cs_ext_discount_amt  
     > ( 
         select 
            1.3 * avg(cs_ext_discount_amt) 
         from 
            catalog_sales 
           ,date_dim
         where 
              cs_item_sk = i_item_sk 
          and d_date between '2002-01-24' and
                             (cast('2002-01-24' as date) + interval '90 days')
          and d_date_sk = cs_sold_date_sk 
      ) 
limit 100;
psql:/tmp/s1-basline/throughput/query_5.sql:2923: NOTICE:  duration: 23.948 ms  plan:
Query Text: select  sum(cs_ext_discount_amt)  as "excess discount amount" 
from 
   catalog_sales 
   ,item 
   ,date_dim
where
i_manufact_id = 780
and i_item_sk = cs_item_sk 
and d_date between '2002-01-24' and 
        (cast('2002-01-24' as date) + interval '90 days')
and d_date_sk = cs_sold_date_sk 
and cs_ext_discount_amt  
     > ( 
         select 
            1.3 * avg(cs_ext_discount_amt) 
         from 
            catalog_sales 
           ,date_dim
         where 
              cs_item_sk = i_item_sk 
          and d_date between '2002-01-24' and
                             (cast('2002-01-24' as date) + interval '90 days')
          and d_date_sk = cs_sold_date_sk 
      ) 
limit 100;
Limit  (cost=6793.02..6793.03 rows=1 width=8) (actual time=23.940..23.944 rows=1 loops=1)
  ->  Aggregate  (cost=6793.02..6793.03 rows=1 width=8) (actual time=23.939..23.942 rows=1 loops=1)
        ->  Hash Join  (cost=1481.92..6793.02 rows=1 width=8) (actual time=23.937..23.939 rows=0 loops=1)
              Hash Cond: (catalog_sales.cs_item_sk = item.i_item_sk)
              Join Filter: (catalog_sales.cs_ext_discount_amt > (SubPlan 1))
              ->  Nested Loop  (cost=0.72..5306.86 rows=1888 width=16) (actual time=0.018..14.707 rows=41283 loops=1)
                    ->  Index Scan using i_d_date on date_dim  (cost=0.29..5.41 rows=96 width=8) (actual time=0.009..0.032 rows=91 loops=1)
                          Index Cond: ((d_date >= '2002-01-24'::date) AND (d_date <= '2002-04-24 00:00:00'::timestamp without time zone))
                    ->  Index Scan using i_cs_sold_date_sk on catalog_sales  (cost=0.43..47.37 rows=785 width=24) (actual time=0.003..0.077 rows=454 loops=91)
                          Index Cond: (cs_sold_date_sk = date_dim.d_date_sk)
              ->  Hash  (cost=1481.00..1481.00 rows=16 width=8) (actual time=6.650..6.650 rows=4 loops=1)
                    Buckets: 1024  Batches: 1  Memory Usage: 9kB
                    ->  Seq Scan on item  (cost=0.00..1481.00 rows=16 width=8) (actual time=3.186..6.648 rows=4 loops=1)
                          Filter: (i_manufact_id = 780)
                          Rows Removed by Filter: 17996
              SubPlan 1
                ->  Aggregate  (cost=106.71..106.73 rows=1 width=8) (never executed)
                      ->  Hash Join  (cost=7.04..106.71 rows=1 width=8) (never executed)
                            Hash Cond: (catalog_sales_1.cs_sold_date_sk = date_dim_1.d_date_sk)
                            ->  Index Scan using pk_catalog_sales on catalog_sales catalog_sales_1  (cost=0.43..99.86 rows=88 width=16) (never executed)
                                  Index Cond: (cs_item_sk = item.i_item_sk)
                            ->  Hash  (cost=5.41..5.41 rows=96 width=8) (never executed)
                                  ->  Index Scan using i_d_date on date_dim date_dim_1  (cost=0.29..5.41 rows=96 width=8) (never executed)
                                        Index Cond: ((d_date >= '2002-01-24'::date) AND (d_date <= '2002-04-24 00:00:00'::timestamp without time zone))
 excess discount amount 
------------------------
                       
(1 row)

UPDATE time_statistics SET e_time = TRANSACTION_TIMESTAMP() WHERE template = '../query_postgresql/query32.tpl' AND stream = 5;
psql:/tmp/s1-basline/throughput/query_5.sql:2925: NOTICE:  duration: 0.091 ms  plan:
Query Text: UPDATE time_statistics SET e_time = TRANSACTION_TIMESTAMP() WHERE template = '../query_postgresql/query32.tpl' AND stream = 5;
Update on time_statistics  (cost=0.00..20.59 rows=0 width=0) (actual time=0.091..0.091 rows=0 loops=1)
  ->  Seq Scan on time_statistics  (cost=0.00..20.59 rows=1 width=14) (actual time=0.076..0.076 rows=1 loops=1)
        Filter: ((template = '../query_postgresql/query32.tpl'::text) AND (stream = 5))
        Rows Removed by Filter: 648
UPDATE 1
LOAD 'auto_explain'; SET auto_explain.log_min_duration TO 0; SET auto_explain.log_analyze TO on; SET auto_explain.log_level TO notice; INSERT INTO time_statistics (template, s_time, stream, query, seed) VALUES ('query24.tpl', TRANSACTION_TIMESTAMP(), 5, 59, 1636186499);
LOAD
SET
SET
SET
psql:/tmp/s1-basline/throughput/query_5.sql:2926: NOTICE:  duration: 0.008 ms  plan:
Query Text: INSERT INTO time_statistics (template, s_time, stream, query, seed) VALUES ('query24.tpl', TRANSACTION_TIMESTAMP(), 5, 59, 1636186499);
Insert on time_statistics  (cost=0.00..0.01 rows=0 width=0) (actual time=0.008..0.008 rows=0 loops=1)
  ->  Result  (cost=0.00..0.01 rows=1 width=64) (actual time=0.001..0.001 rows=1 loops=1)
INSERT 0 1
with ssales as
(select c_last_name
      ,c_first_name
      ,s_store_name
      ,ca_state
      ,s_state
      ,i_color
      ,i_current_price
      ,i_manager_id
      ,i_units
      ,i_size
      ,sum(ss_net_profit) netpaid
from store_sales
    ,store_returns
    ,store
    ,item
    ,customer
    ,customer_address
where ss_ticket_number = sr_ticket_number
  and ss_item_sk = sr_item_sk
  and ss_customer_sk = c_customer_sk
  and ss_item_sk = i_item_sk
  and ss_store_sk = s_store_sk
  and c_current_addr_sk = ca_address_sk
  and c_birth_country <> upper(ca_country)
  and s_zip = ca_zip
and s_market_id=10
group by c_last_name
        ,c_first_name
        ,s_store_name
        ,ca_state
        ,s_state
        ,i_color
        ,i_current_price
        ,i_manager_id
        ,i_units
        ,i_size)
select c_last_name
      ,c_first_name
      ,s_store_name
      ,sum(netpaid) paid
from ssales
where i_color = 'snow'
group by c_last_name
        ,c_first_name
        ,s_store_name
having sum(netpaid) > (select 0.05*avg(netpaid)
                                 from ssales)
order by c_last_name
        ,c_first_name
        ,s_store_name
;
psql:/tmp/s1-basline/throughput/query_5.sql:2978: NOTICE:  duration: 579.764 ms  plan:
Query Text: with ssales as
(select c_last_name
      ,c_first_name
      ,s_store_name
      ,ca_state
      ,s_state
      ,i_color
      ,i_current_price
      ,i_manager_id
      ,i_units
      ,i_size
      ,sum(ss_net_profit) netpaid
from store_sales
    ,store_returns
    ,store
    ,item
    ,customer
    ,customer_address
where ss_ticket_number = sr_ticket_number
  and ss_item_sk = sr_item_sk
  and ss_customer_sk = c_customer_sk
  and ss_item_sk = i_item_sk
  and ss_store_sk = s_store_sk
  and c_current_addr_sk = ca_address_sk
  and c_birth_country <> upper(ca_country)
  and s_zip = ca_zip
and s_market_id=10
group by c_last_name
        ,c_first_name
        ,s_store_name
        ,ca_state
        ,s_state
        ,i_color
        ,i_current_price
        ,i_manager_id
        ,i_units
        ,i_size)
select c_last_name
      ,c_first_name
      ,s_store_name
      ,sum(netpaid) paid
from ssales
where i_color = 'snow'
group by c_last_name
        ,c_first_name
        ,s_store_name
having sum(netpaid) > (select 0.05*avg(netpaid)
                                 from ssales)
order by c_last_name
        ,c_first_name
        ,s_store_name
;
GroupAggregate  (cost=98962.03..98962.06 rows=1 width=334) (actual time=496.446..579.754 rows=1 loops=1)
  Group Key: ssales.c_last_name, ssales.c_first_name, ssales.s_store_name
  Filter: (sum(ssales.netpaid) > $6)
  CTE ssales
    ->  GroupAggregate  (cost=98961.92..98961.96 rows=1 width=136) (actual time=496.358..579.701 rows=49 loops=1)
          Group Key: customer.c_last_name, customer.c_first_name, store.s_store_name, customer_address.ca_state, store.s_state, item.i_color, item.i_current_price, item.i_manager_id, item.i_units, item.i_size
          ->  Sort  (cost=98961.92..98961.93 rows=1 width=136) (actual time=496.350..579.659 rows=49 loops=1)
                Sort Key: customer.c_last_name, customer.c_first_name, store.s_store_name, customer_address.ca_state, store.s_state, item.i_color, item.i_current_price, item.i_manager_id, item.i_units, item.i_size
                Sort Method: quicksort  Memory: 33kB
                ->  Nested Loop  (cost=8216.48..98961.91 rows=1 width=136) (actual time=211.602..579.569 rows=49 loops=1)
                      ->  Gather  (cost=8216.19..98961.61 rows=1 width=87) (actual time=211.591..579.360 rows=49 loops=1)
                            Workers Planned: 2
                            Workers Launched: 2
                            ->  Nested Loop  (cost=7216.19..97961.51 rows=1 width=87) (actual time=159.607..489.037 rows=16 loops=3)
                                  Join Filter: (store.s_zip = customer_address.ca_zip)
                                  Rows Removed by Join Filter: 13658
                                  ->  Nested Loop  (cost=7215.90..97953.71 rows=23 width=112) (actual time=85.957..449.087 rows=14664 loops=3)
                                        ->  Parallel Hash Join  (cost=7215.61..97946.24 rows=24 width=51) (actual time=85.911..408.661 rows=15006 loops=3)
                                              Hash Cond: ((store_sales.ss_ticket_number = store_returns.sr_ticket_number) AND (store_sales.ss_item_sk = store_returns.sr_item_sk))
                                              ->  Hash Join  (cost=1.17..89726.95 rows=191400 width=51) (actual time=0.073..278.214 rows=150742 loops=3)
                                                    Hash Cond: (store_sales.ss_store_sk = store.s_store_sk)
                                                    ->  Parallel Seq Scan on store_sales  (cost=0.00..85499.45 rows=1204445 width=40) (actual time=0.011..122.349 rows=948150 loops=3)
                                                    ->  Hash  (cost=1.15..1.15 rows=2 width=27) (actual time=0.039..0.039 rows=2 loops=3)
                                                          Buckets: 1024  Batches: 1  Memory Usage: 9kB
                                                          ->  Seq Scan on store  (cost=0.00..1.15 rows=2 width=27) (actual time=0.029..0.032 rows=2 loops=3)
                                                                Filter: (s_market_id = 10)
                                                                Rows Removed by Filter: 10
                                              ->  Parallel Hash  (cost=4668.91..4668.91 rows=169702 width=16) (actual time=84.393..84.394 rows=95007 loops=3)
                                                    Buckets: 524288  Batches: 1  Memory Usage: 17504kB
                                                    ->  Parallel Index Only Scan using pk_store_returns on store_returns  (cost=0.42..4668.91 rows=169702 width=16) (actual time=0.063..49.890 rows=95007 loops=3)
                                                          Heap Fetches: 116489
                                        ->  Index Scan using pk_customer on customer  (cost=0.29..0.31 rows=1 width=77) (actual time=0.002..0.002 rows=1 loops=45017)
                                              Index Cond: (c_customer_sk = store_sales.ss_customer_sk)
                                  ->  Index Scan using pk_customer_address on customer_address  (cost=0.29..0.33 rows=1 width=36) (actual time=0.002..0.002 rows=1 loops=43993)
                                        Index Cond: (ca_address_sk = customer.c_current_addr_sk)
                                        Filter: ((customer.c_birth_country)::text <> upper((ca_country)::text))
                                        Rows Removed by Filter: 0
                      ->  Index Scan using pk_item on item  (cost=0.29..0.31 rows=1 width=73) (actual time=0.003..0.003 rows=1 loops=49)
                            Index Cond: (i_item_sk = store_sales.ss_item_sk)
  InitPlan 2 (returns $6)
    ->  Aggregate  (cost=0.02..0.04 rows=1 width=8) (actual time=0.013..0.013 rows=1 loops=1)
          ->  CTE Scan on ssales ssales_1  (cost=0.00..0.02 rows=1 width=8) (actual time=0.000..0.003 rows=49 loops=1)
  ->  Sort  (cost=0.03..0.04 rows=1 width=334) (actual time=496.430..496.430 rows=1 loops=1)
        Sort Key: ssales.c_last_name, ssales.c_first_name, ssales.s_store_name
        Sort Method: quicksort  Memory: 25kB
        ->  CTE Scan on ssales  (cost=0.00..0.02 rows=1 width=334) (actual time=496.395..496.423 rows=1 loops=1)
              Filter: (i_color = 'snow'::bpchar)
              Rows Removed by Filter: 48
          c_last_name           |     c_first_name     | s_store_name |  paid  
--------------------------------+----------------------+--------------+--------
 Marsh                          | Melinda              | ation        | -24.32
(1 row)

with ssales as
(select c_last_name
      ,c_first_name
      ,s_store_name
      ,ca_state
      ,s_state
      ,i_color
      ,i_current_price
      ,i_manager_id
      ,i_units
      ,i_size
      ,sum(ss_net_profit) netpaid
from store_sales
    ,store_returns
    ,store
    ,item
    ,customer
    ,customer_address
where ss_ticket_number = sr_ticket_number
  and ss_item_sk = sr_item_sk
  and ss_customer_sk = c_customer_sk
  and ss_item_sk = i_item_sk
  and ss_store_sk = s_store_sk
  and c_current_addr_sk = ca_address_sk
  and c_birth_country <> upper(ca_country)
  and s_zip = ca_zip
  and s_market_id = 10
group by c_last_name
        ,c_first_name
        ,s_store_name
        ,ca_state
        ,s_state
        ,i_color
        ,i_current_price
        ,i_manager_id
        ,i_units
        ,i_size)
select c_last_name
      ,c_first_name
      ,s_store_name
      ,sum(netpaid) paid
from ssales
where i_color = 'deep'
group by c_last_name
        ,c_first_name
        ,s_store_name
having sum(netpaid) > (select 0.05*avg(netpaid)
                           from ssales)
order by c_last_name
        ,c_first_name
        ,s_store_name
;
psql:/tmp/s1-basline/throughput/query_5.sql:3030: NOTICE:  duration: 594.187 ms  plan:
Query Text: with ssales as
(select c_last_name
      ,c_first_name
      ,s_store_name
      ,ca_state
      ,s_state
      ,i_color
      ,i_current_price
      ,i_manager_id
      ,i_units
      ,i_size
      ,sum(ss_net_profit) netpaid
from store_sales
    ,store_returns
    ,store
    ,item
    ,customer
    ,customer_address
where ss_ticket_number = sr_ticket_number
  and ss_item_sk = sr_item_sk
  and ss_customer_sk = c_customer_sk
  and ss_item_sk = i_item_sk
  and ss_store_sk = s_store_sk
  and c_current_addr_sk = ca_address_sk
  and c_birth_country <> upper(ca_country)
  and s_zip = ca_zip
  and s_market_id = 10
group by c_last_name
        ,c_first_name
        ,s_store_name
        ,ca_state
        ,s_state
        ,i_color
        ,i_current_price
        ,i_manager_id
        ,i_units
        ,i_size)
select c_last_name
      ,c_first_name
      ,s_store_name
      ,sum(netpaid) paid
from ssales
where i_color = 'deep'
group by c_last_name
        ,c_first_name
        ,s_store_name
having sum(netpaid) > (select 0.05*avg(netpaid)
                           from ssales)
order by c_last_name
        ,c_first_name
        ,s_store_name
;
GroupAggregate  (cost=98962.03..98962.06 rows=1 width=334) (actual time=511.084..594.184 rows=0 loops=1)
  Group Key: ssales.c_last_name, ssales.c_first_name, ssales.s_store_name
  Filter: (sum(ssales.netpaid) > $6)
  CTE ssales
    ->  GroupAggregate  (cost=98961.92..98961.96 rows=1 width=136) (actual time=511.014..594.148 rows=49 loops=1)
          Group Key: customer.c_last_name, customer.c_first_name, store.s_store_name, customer_address.ca_state, store.s_state, item.i_color, item.i_current_price, item.i_manager_id, item.i_units, item.i_size
          ->  Sort  (cost=98961.92..98961.93 rows=1 width=136) (actual time=511.006..594.107 rows=49 loops=1)
                Sort Key: customer.c_last_name, customer.c_first_name, store.s_store_name, customer_address.ca_state, store.s_state, item.i_color, item.i_current_price, item.i_manager_id, item.i_units, item.i_size
                Sort Method: quicksort  Memory: 33kB
                ->  Nested Loop  (cost=8216.48..98961.91 rows=1 width=136) (actual time=150.912..594.011 rows=49 loops=1)
                      ->  Gather  (cost=8216.19..98961.61 rows=1 width=87) (actual time=150.902..593.774 rows=49 loops=1)
                            Workers Planned: 2
                            Workers Launched: 2
                            ->  Nested Loop  (cost=7216.19..97961.51 rows=1 width=87) (actual time=128.123..488.840 rows=16 loops=3)
                                  Join Filter: (store.s_zip = customer_address.ca_zip)
                                  Rows Removed by Join Filter: 13658
                                  ->  Nested Loop  (cost=7215.90..97953.71 rows=23 width=112) (actual time=83.069..448.983 rows=14664 loops=3)
                                        ->  Parallel Hash Join  (cost=7215.61..97946.24 rows=24 width=51) (actual time=83.016..408.299 rows=15006 loops=3)
                                              Hash Cond: ((store_sales.ss_ticket_number = store_returns.sr_ticket_number) AND (store_sales.ss_item_sk = store_returns.sr_item_sk))
                                              ->  Hash Join  (cost=1.17..89726.95 rows=191400 width=51) (actual time=0.074..280.915 rows=150742 loops=3)
                                                    Hash Cond: (store_sales.ss_store_sk = store.s_store_sk)
                                                    ->  Parallel Seq Scan on store_sales  (cost=0.00..85499.45 rows=1204445 width=40) (actual time=0.011..125.379 rows=948150 loops=3)
                                                    ->  Hash  (cost=1.15..1.15 rows=2 width=27) (actual time=0.040..0.041 rows=2 loops=3)
                                                          Buckets: 1024  Batches: 1  Memory Usage: 9kB
                                                          ->  Seq Scan on store  (cost=0.00..1.15 rows=2 width=27) (actual time=0.030..0.033 rows=2 loops=3)
                                                                Filter: (s_market_id = 10)
                                                                Rows Removed by Filter: 10
                                              ->  Parallel Hash  (cost=4668.91..4668.91 rows=169702 width=16) (actual time=81.541..81.541 rows=95007 loops=3)
                                                    Buckets: 524288  Batches: 1  Memory Usage: 17504kB
                                                    ->  Parallel Index Only Scan using pk_store_returns on store_returns  (cost=0.42..4668.91 rows=169702 width=16) (actual time=0.051..49.508 rows=95007 loops=3)
                                                          Heap Fetches: 116489
                                        ->  Index Scan using pk_customer on customer  (cost=0.29..0.31 rows=1 width=77) (actual time=0.002..0.002 rows=1 loops=45017)
                                              Index Cond: (c_customer_sk = store_sales.ss_customer_sk)
                                  ->  Index Scan using pk_customer_address on customer_address  (cost=0.29..0.33 rows=1 width=36) (actual time=0.002..0.002 rows=1 loops=43993)
                                        Index Cond: (ca_address_sk = customer.c_current_addr_sk)
                                        Filter: ((customer.c_birth_country)::text <> upper((ca_country)::text))
                                        Rows Removed by Filter: 0
                      ->  Index Scan using pk_item on item  (cost=0.29..0.31 rows=1 width=73) (actual time=0.004..0.004 rows=1 loops=49)
                            Index Cond: (i_item_sk = store_sales.ss_item_sk)
  InitPlan 2 (returns $6)
    ->  Aggregate  (cost=0.02..0.04 rows=1 width=8) (never executed)
          ->  CTE Scan on ssales ssales_1  (cost=0.00..0.02 rows=1 width=8) (never executed)
  ->  Sort  (cost=0.03..0.04 rows=1 width=334) (actual time=511.083..511.083 rows=0 loops=1)
        Sort Key: ssales.c_last_name, ssales.c_first_name, ssales.s_store_name
        Sort Method: quicksort  Memory: 25kB
        ->  CTE Scan on ssales  (cost=0.00..0.02 rows=1 width=334) (actual time=511.078..511.079 rows=0 loops=1)
              Filter: (i_color = 'deep'::bpchar)
              Rows Removed by Filter: 49
 c_last_name | c_first_name | s_store_name | paid 
-------------+--------------+--------------+------
(0 rows)

UPDATE time_statistics SET e_time = TRANSACTION_TIMESTAMP() WHERE template = 'query24.tpl' AND stream = 5;
psql:/tmp/s1-basline/throughput/query_5.sql:3032: NOTICE:  duration: 0.099 ms  plan:
Query Text: UPDATE time_statistics SET e_time = TRANSACTION_TIMESTAMP() WHERE template = 'query24.tpl' AND stream = 5;
Update on time_statistics  (cost=0.00..20.59 rows=0 width=0) (actual time=0.099..0.099 rows=0 loops=1)
  ->  Seq Scan on time_statistics  (cost=0.00..20.59 rows=1 width=14) (actual time=0.084..0.084 rows=1 loops=1)
        Filter: ((template = 'query24.tpl'::text) AND (stream = 5))
        Rows Removed by Filter: 649
UPDATE 1
LOAD 'auto_explain'; SET auto_explain.log_min_duration TO 0; SET auto_explain.log_analyze TO on; SET auto_explain.log_level TO notice; INSERT INTO time_statistics (template, s_time, stream, query, seed) VALUES ('query38.tpl', TRANSACTION_TIMESTAMP(), 5, 60, 858388858);
LOAD
SET
SET
SET
psql:/tmp/s1-basline/throughput/query_5.sql:3033: NOTICE:  duration: 0.009 ms  plan:
Query Text: INSERT INTO time_statistics (template, s_time, stream, query, seed) VALUES ('query38.tpl', TRANSACTION_TIMESTAMP(), 5, 60, 858388858);
Insert on time_statistics  (cost=0.00..0.01 rows=0 width=0) (actual time=0.008..0.008 rows=0 loops=1)
  ->  Result  (cost=0.00..0.01 rows=1 width=64) (actual time=0.002..0.002 rows=1 loops=1)
INSERT 0 1
select  count(*) from (
    select distinct c_last_name, c_first_name, d_date
    from store_sales, date_dim, customer
          where store_sales.ss_sold_date_sk = date_dim.d_date_sk
      and store_sales.ss_customer_sk = customer.c_customer_sk
      and d_month_seq between 1223 and 1223 + 11
  intersect
    select distinct c_last_name, c_first_name, d_date
    from catalog_sales, date_dim, customer
          where catalog_sales.cs_sold_date_sk = date_dim.d_date_sk
      and catalog_sales.cs_bill_customer_sk = customer.c_customer_sk
      and d_month_seq between 1223 and 1223 + 11
  intersect
    select distinct c_last_name, c_first_name, d_date
    from web_sales, date_dim, customer
          where web_sales.ws_sold_date_sk = date_dim.d_date_sk
      and web_sales.ws_bill_customer_sk = customer.c_customer_sk
      and d_month_seq between 1223 and 1223 + 11
) hot_cust
limit 100;
psql:/tmp/s1-basline/throughput/query_5.sql:3053: NOTICE:  duration: 2192.894 ms  plan:
Query Text: select  count(*) from (
    select distinct c_last_name, c_first_name, d_date
    from store_sales, date_dim, customer
          where store_sales.ss_sold_date_sk = date_dim.d_date_sk
      and store_sales.ss_customer_sk = customer.c_customer_sk
      and d_month_seq between 1223 and 1223 + 11
  intersect
    select distinct c_last_name, c_first_name, d_date
    from catalog_sales, date_dim, customer
          where catalog_sales.cs_sold_date_sk = date_dim.d_date_sk
      and catalog_sales.cs_bill_customer_sk = customer.c_customer_sk
      and d_month_seq between 1223 and 1223 + 11
  intersect
    select distinct c_last_name, c_first_name, d_date
    from web_sales, date_dim, customer
          where web_sales.ws_sold_date_sk = date_dim.d_date_sk
      and web_sales.ws_bill_customer_sk = customer.c_customer_sk
      and d_month_seq between 1223 and 1223 + 11
) hot_cust
limit 100;
Limit  (cost=155639.21..155639.22 rows=1 width=8) (actual time=2115.168..2192.886 rows=1 loops=1)
  ->  Aggregate  (cost=155639.21..155639.22 rows=1 width=8) (actual time=2115.167..2192.884 rows=1 loops=1)
        ->  Subquery Scan on hot_cust  (cost=34614.60..155630.29 rows=3569 width=0) (actual time=2114.585..2192.874 rows=105 loops=1)
              ->  HashSetOp Intersect  (cost=34614.60..155594.60 rows=3569 width=216) (actual time=2114.583..2192.863 rows=105 loops=1)
                    ->  Append  (cost=34614.60..155514.88 rows=10629 width=216) (actual time=259.603..2188.162 rows=12057 loops=1)
                          ->  Subquery Scan on "*SELECT* 3"  (cost=34614.60..35092.72 rows=3569 width=60) (actual time=259.602..333.518 rows=11768 loops=1)
                                ->  Unique  (cost=34614.60..35057.03 rows=3569 width=56) (actual time=259.601..332.240 rows=11768 loops=1)
                                      ->  Gather Merge  (cost=34614.60..35030.26 rows=3569 width=56) (actual time=259.600..309.800 rows=141901 loops=1)
                                            Workers Planned: 2
                                            Workers Launched: 2
                                            ->  Sort  (cost=33614.57..33618.29 rows=1487 width=56) (actual time=233.545..238.188 rows=47300 loops=3)
                                                  Sort Key: customer.c_last_name, customer.c_first_name, date_dim.d_date
                                                  Sort Method: quicksort  Memory: 7331kB
                                                  Worker 0:  Sort Method: quicksort  Memory: 5202kB
                                                  Worker 1:  Sort Method: quicksort  Memory: 5157kB
                                                  ->  Nested Loop  (cost=2505.54..33536.22 rows=1487 width=56) (actual time=13.049..168.445 rows=47300 loops=3)
                                                        ->  Hash Join  (cost=2505.25..33067.22 rows=1488 width=12) (actual time=13.009..91.781 rows=47308 loops=3)
                                                              Hash Cond: (web_sales.ws_sold_date_sk = date_dim.d_date_sk)
                                                              ->  Parallel Seq Scan on web_sales  (cost=0.00..29771.63 rows=301063 width=16) (actual time=0.017..45.272 rows=237185 loops=3)
                                                              ->  Hash  (cost=2500.73..2500.73 rows=361 width=12) (actual time=12.886..12.887 rows=365 loops=3)
                                                                    Buckets: 1024  Batches: 1  Memory Usage: 26kB
                                                                    ->  Seq Scan on date_dim  (cost=0.00..2500.73 rows=361 width=12) (actual time=6.163..12.837 rows=365 loops=3)
                                                                          Filter: ((d_month_seq >= 1223) AND (d_month_seq <= 1234))
                                                                          Rows Removed by Filter: 72684
                                                        ->  Index Scan using pk_customer on customer  (cost=0.29..0.32 rows=1 width=60) (actual time=0.001..0.001 rows=1 loops=141925)
                                                              Index Cond: (c_customer_sk = web_sales.ws_bill_customer_sk)
                          ->  Result  (cost=23887.33..120369.02 rows=7060 width=216) (actual time=1775.342..1853.924 rows=289 loops=1)
                                ->  HashSetOp Intersect  (cost=23887.33..120298.42 rows=7060 width=216) (actual time=1775.341..1853.890 rows=289 loops=1)
                                      ->  Append  (cost=23887.33..120147.76 rows=20087 width=216) (actual time=583.480..1833.092 rows=78186 loops=1)
                                            ->  Subquery Scan on "*SELECT* 2"  (cost=23887.33..24028.53 rows=7060 width=60) (actual time=583.479..592.496 rows=31340 loops=1)
                                                  ->  HashAggregate  (cost=23887.33..23957.93 rows=7060 width=56) (actual time=583.478..590.167 rows=31340 loops=1)
                                                        Group Key: customer_1.c_last_name, customer_1.c_first_name, date_dim_1.d_date
                                                        Batches: 1  Memory Usage: 6673kB
                                                        ->  Nested Loop  (cost=0.72..23834.38 rows=7060 width=56) (actual time=3.804..471.986 rows=283255 loops=1)
                                                              ->  Nested Loop  (cost=0.43..21615.57 rows=7098 width=12) (actual time=3.794..101.306 rows=284032 loops=1)
                                                                    ->  Seq Scan on date_dim date_dim_1  (cost=0.00..2500.73 rows=361 width=12) (actual time=3.759..8.117 rows=365 loops=1)
                                                                          Filter: ((d_month_seq >= 1223) AND (d_month_seq <= 1234))
                                                                          Rows Removed by Filter: 72684
                                                                    ->  Index Scan using i_cs_sold_date_sk on catalog_sales  (cost=0.43..45.10 rows=785 width=16) (actual time=0.004..0.176 rows=778 loops=365)
                                                                          Index Cond: (cs_sold_date_sk = date_dim_1.d_date_sk)
                                                              ->  Index Scan using pk_customer on customer customer_1  (cost=0.29..0.31 rows=1 width=60) (actual time=0.001..0.001 rows=1 loops=284032)
                                                                    Index Cond: (c_customer_sk = catalog_sales.cs_bill_customer_sk)
                                            ->  Subquery Scan on "*SELECT* 1"  (cost=94273.62..96018.80 rows=13027 width=60) (actual time=866.252..1235.951 rows=46846 loops=1)
                                                  ->  Unique  (cost=94273.62..95888.53 rows=13027 width=56) (actual time=866.250..1230.964 rows=46846 loops=1)
                                                        ->  Gather Merge  (cost=94273.62..95790.83 rows=13027 width=56) (actual time=866.248..1149.877 rows=531125 loops=1)
                                                              Workers Planned: 2
                                                              Workers Launched: 2
                                                              ->  Sort  (cost=93273.59..93287.16 rows=5428 width=56) (actual time=825.799..866.721 rows=177042 loops=3)
                                                                    Sort Key: customer_2.c_last_name, customer_2.c_first_name, date_dim_2.d_date
                                                                    Sort Method: external merge  Disk: 12784kB
                                                                    Worker 0:  Sort Method: external merge  Disk: 10320kB
                                                                    Worker 1:  Sort Method: external merge  Disk: 10336kB
                                                                    ->  Nested Loop  (cost=2505.54..92936.89 rows=5428 width=56) (actual time=13.043..534.251 rows=177042 loops=3)
                                                                          ->  Hash Join  (cost=2505.25..91166.54 rows=5687 width=12) (actual time=12.985..262.416 rows=181247 loops=3)
                                                                                Hash Cond: (store_sales.ss_sold_date_sk = date_dim_2.d_date_sk)
                                                                                ->  Parallel Seq Scan on store_sales  (cost=0.00..85499.45 rows=1204445 width=16) (actual time=0.015..126.035 rows=948150 loops=3)
                                                                                ->  Hash  (cost=2500.73..2500.73 rows=361 width=12) (actual time=12.871..12.872 rows=365 loops=3)
                                                                                      Buckets: 1024  Batches: 1  Memory Usage: 26kB
                                                                                      ->  Seq Scan on date_dim date_dim_2  (cost=0.00..2500.73 rows=361 width=12) (actual time=6.143..12.819 rows=365 loops=3)
                                                                                            Filter: ((d_month_seq >= 1223) AND (d_month_seq <= 1234))
                                                                                            Rows Removed by Filter: 72684
                                                                          ->  Index Scan using pk_customer on customer customer_2  (cost=0.29..0.31 rows=1 width=60) (actual time=0.001..0.001 rows=1 loops=543742)
                                                                                Index Cond: (c_customer_sk = store_sales.ss_customer_sk)
 count 
-------
   105
(1 row)

UPDATE time_statistics SET e_time = TRANSACTION_TIMESTAMP() WHERE template = 'query38.tpl' AND stream = 5;
psql:/tmp/s1-basline/throughput/query_5.sql:3055: NOTICE:  duration: 0.104 ms  plan:
Query Text: UPDATE time_statistics SET e_time = TRANSACTION_TIMESTAMP() WHERE template = 'query38.tpl' AND stream = 5;
Update on time_statistics  (cost=0.00..20.59 rows=0 width=0) (actual time=0.104..0.104 rows=0 loops=1)
  ->  Seq Scan on time_statistics  (cost=0.00..20.59 rows=1 width=14) (actual time=0.089..0.089 rows=1 loops=1)
        Filter: ((template = 'query38.tpl'::text) AND (stream = 5))
        Rows Removed by Filter: 650
UPDATE 1
LOAD 'auto_explain'; SET auto_explain.log_min_duration TO 0; SET auto_explain.log_analyze TO on; SET auto_explain.log_level TO notice; INSERT INTO time_statistics (template, s_time, stream, query, seed) VALUES ('query55.tpl', TRANSACTION_TIMESTAMP(), 5, 61, 1326536351);
LOAD
SET
SET
SET
psql:/tmp/s1-basline/throughput/query_5.sql:3056: NOTICE:  duration: 0.009 ms  plan:
Query Text: INSERT INTO time_statistics (template, s_time, stream, query, seed) VALUES ('query55.tpl', TRANSACTION_TIMESTAMP(), 5, 61, 1326536351);
Insert on time_statistics  (cost=0.00..0.01 rows=0 width=0) (actual time=0.008..0.008 rows=0 loops=1)
  ->  Result  (cost=0.00..0.01 rows=1 width=64) (actual time=0.001..0.001 rows=1 loops=1)
INSERT 0 1
select  i_brand_id brand_id, i_brand brand,
 	sum(ss_ext_sales_price) ext_price
 from date_dim, store_sales, item
 where d_date_sk = ss_sold_date_sk
 	and ss_item_sk = i_item_sk
 	and i_manager_id=61
 	and d_moy=12
 	and d_year=1999
 group by i_brand, i_brand_id
 order by ext_price desc, i_brand_id
limit 100 ;
psql:/tmp/s1-basline/throughput/query_5.sql:3067: NOTICE:  duration: 48.169 ms  plan:
Query Text: select  i_brand_id brand_id, i_brand brand,
 	sum(ss_ext_sales_price) ext_price
 from date_dim, store_sales, item
 where d_date_sk = ss_sold_date_sk
 	and ss_item_sk = i_item_sk
 	and i_manager_id=61
 	and d_moy=12
 	and d_year=1999
 group by i_brand, i_brand_id
 order by ext_price desc, i_brand_id
limit 100 ;
Limit  (cost=30020.83..30020.85 rows=11 width=63) (actual time=48.132..48.141 rows=66 loops=1)
  ->  Sort  (cost=30020.83..30020.85 rows=11 width=63) (actual time=48.131..48.135 rows=66 loops=1)
        Sort Key: (sum(store_sales.ss_ext_sales_price)) DESC, item.i_brand_id
        Sort Method: quicksort  Memory: 34kB
        ->  GroupAggregate  (cost=30020.42..30020.64 rows=11 width=63) (actual time=47.928..48.113 rows=66 loops=1)
              Group Key: item.i_brand, item.i_brand_id
              ->  Sort  (cost=30020.42..30020.44 rows=11 width=63) (actual time=47.917..47.949 rows=830 loops=1)
                    Sort Key: item.i_brand, item.i_brand_id
                    Sort Method: quicksort  Memory: 109kB
                    ->  Nested Loop  (cost=0.73..30020.23 rows=11 width=63) (actual time=0.170..47.253 rows=830 loops=1)
                          ->  Nested Loop  (cost=0.43..28790.17 rows=26177 width=71) (actual time=0.071..37.506 rows=25465 loops=1)
                                ->  Seq Scan on item  (cost=0.00..1481.00 rows=163 width=63) (actual time=0.060..9.305 rows=163 loops=1)
                                      Filter: (i_manager_id = 61)
                                      Rows Removed by Filter: 17837
                                ->  Index Scan using pk_store_sales on store_sales  (cost=0.43..165.79 rows=175 width=24) (actual time=0.005..0.149 rows=156 loops=163)
                                      Index Cond: (ss_item_sk = item.i_item_sk)
                          ->  Memoize  (cost=0.30..0.33 rows=1 width=8) (actual time=0.000..0.000 rows=0 loops=25465)
                                Cache Key: store_sales.ss_sold_date_sk
                                Cache Mode: logical
                                Hits: 23660  Misses: 1805  Evictions: 0  Overflows: 0  Memory Usage: 129kB
                                ->  Index Scan using pk_date_dim on date_dim  (cost=0.29..0.32 rows=1 width=8) (actual time=0.001..0.001 rows=0 loops=1805)
                                      Index Cond: (d_date_sk = store_sales.ss_sold_date_sk)
                                      Filter: ((d_moy = 12) AND (d_year = 1999))
                                      Rows Removed by Filter: 1
 brand_id |                       brand                        |     ext_price      
----------+----------------------------------------------------+--------------------
  5002001 | importoscholar #1                                  |           51068.47
  5004001 | edu packscholar #1                                 | 50703.729999999996
  1004001 | edu packamalg #1                                   |  49060.90999999999
  3003002 | exportiexporti #2                                  |           48667.19
  9005002 | scholarmaxi #2                                     |           46034.17
  3001001 | amalgexporti #1                                    |  45989.94999999999
  2002001 | importoimporto #1                                  |           43366.65
  1002001 | importoamalg #1                                    |           41553.03
  5003001 | exportischolar #1                                  |           40704.66
  8004003 | edu packnameless #3                                | 39848.439999999995
 10006001 | corpunivamalg #1                                   |           37253.43
  4004001 | edu packedu pack #1                                |            37051.7
 10008014 | namelessunivamalg #14                              | 36919.439999999995
  5001001 | amalgscholar #1                                    |           36693.91
  3004001 | edu packexporti #1                                 | 36229.909999999996
  3002001 | importoexporti #1                                  | 33002.060000000005
  9008009 | namelessmaxi #9                                    | 31272.629999999997
  4004002 | edu packedu pack #2                                |           31242.68
  9006003 | corpmaxi #3                                        |           31164.77
  8005009 | scholarnameless #9                                 |           29983.86
  5001002 | amalgscholar #2                                    |            28654.8
 10014003 | edu packamalgamalg #3                              | 28173.980000000003
  2002002 | importoimporto #2                                  | 27269.609999999993
  9003003 | exportimaxi #3                                     | 27111.750000000004
  2003001 | exportiimporto #1                                  | 26598.699999999993
  1001001 | amalgamalg #1                                      | 25814.869999999995
  8001001 | amalgnameless #1                                   | 24730.789999999997
  7004005 | edu packbrand #5                                   |           23065.02
  1003002 | exportiamalg #2                                    | 21900.649999999998
  9009008 | maximaxi #8                                        |           21690.26
  2001002 | amalgimporto #2                                    |           20518.07
  6011001 | amalgbrand #1                                      |           20160.87
  2001001 | amalgimporto #1                                    |           19326.36
  4001001 | amalgedu pack #1                                   |           19224.46
  9011005 | amalgunivamalg #5                                  |           18485.55
  7008004 | namelessbrand #4                                   |           18267.19
  4003001 | exportiedu pack #1                                 | 18235.399999999998
  6014003 | edu packbrand #3                                   |           18107.25
  2003002 | exportiimporto #2                                  |           17590.32
  8006006 | corpnameless #6                                    |              17369
  6006005 | corpcorp #5                                        |            16237.9
 10006012 | corpunivamalg #12                                  | 14751.259999999998
  6015006 | scholarbrand #6                                    | 14378.850000000002
  1001002 | amalgamalg #2                                      |           13884.15
  7007007 | brandbrand #7                                      | 13841.269999999999
  5002002 | importoscholar #2                                  |            13718.2
 10014001 | edu packamalgamalg #1                              |           13543.41
  7014009 | edu packnameless #9                                | 13410.039999999999
  4001002 | amalgedu pack #2                                   | 13121.990000000002
  3002002 | importoexporti #2                                  | 13014.060000000001
  6007007 | brandcorp #7                                       |           12969.27
  3001002 | amalgexporti #2                                    |           12097.32
  8010007 | univmaxi #7                                        | 10857.069999999998
  5004002 | edu packscholar #2                                 | 10745.279999999999
  2004001 | edu packimporto #1                                 |           10374.42
  9005011 | scholarmaxi #11                                    |            9300.34
  9010005 | univunivamalg #5                                   |            8854.79
  2004002 | edu packimporto #2                                 |            8821.91
  7015006 | scholarnameless #6                                 |            8427.17
  8011001 | amalgmaxi #1                                       |  8224.970000000001
  6015002 | scholarbrand #2                                    |            7812.08
  7006006 | corpbrand #6                                       |             7736.1
  9016005 | corpunivamalg #5                                   |  7688.470000000001
  6009007 | maxicorp #7                                        |  7246.500000000001
 10012014 | importoamalgamalg #14                              |            7010.32
  6014001 | edu packbrand #1                                   |            5511.34
(66 rows)

UPDATE time_statistics SET e_time = TRANSACTION_TIMESTAMP() WHERE template = 'query55.tpl' AND stream = 5;
psql:/tmp/s1-basline/throughput/query_5.sql:3069: NOTICE:  duration: 0.096 ms  plan:
Query Text: UPDATE time_statistics SET e_time = TRANSACTION_TIMESTAMP() WHERE template = 'query55.tpl' AND stream = 5;
Update on time_statistics  (cost=0.00..20.59 rows=0 width=0) (actual time=0.096..0.096 rows=0 loops=1)
  ->  Seq Scan on time_statistics  (cost=0.00..20.59 rows=1 width=14) (actual time=0.080..0.081 rows=1 loops=1)
        Filter: ((template = 'query55.tpl'::text) AND (stream = 5))
        Rows Removed by Filter: 651
UPDATE 1
LOAD 'auto_explain'; SET auto_explain.log_min_duration TO 0; SET auto_explain.log_analyze TO on; SET auto_explain.log_level TO notice; INSERT INTO time_statistics (template, s_time, stream, query, seed) VALUES ('query74.tpl', TRANSACTION_TIMESTAMP(), 5, 62, 105419201);
LOAD
SET
SET
SET
psql:/tmp/s1-basline/throughput/query_5.sql:3070: NOTICE:  duration: 0.009 ms  plan:
Query Text: INSERT INTO time_statistics (template, s_time, stream, query, seed) VALUES ('query74.tpl', TRANSACTION_TIMESTAMP(), 5, 62, 105419201);
Insert on time_statistics  (cost=0.00..0.01 rows=0 width=0) (actual time=0.008..0.008 rows=0 loops=1)
  ->  Result  (cost=0.00..0.01 rows=1 width=64) (actual time=0.001..0.001 rows=1 loops=1)
INSERT 0 1
with year_total as (
 select c_customer_id customer_id
       ,c_first_name customer_first_name
       ,c_last_name customer_last_name
       ,d_year as year
       ,sum(ss_net_paid) year_total
       ,'s' sale_type
 from customer
     ,store_sales
     ,date_dim
 where c_customer_sk = ss_customer_sk
   and ss_sold_date_sk = d_date_sk
   and d_year in (1999,1999+1)
 group by c_customer_id
         ,c_first_name
         ,c_last_name
         ,d_year
 union all
 select c_customer_id customer_id
       ,c_first_name customer_first_name
       ,c_last_name customer_last_name
       ,d_year as year
       ,sum(ws_net_paid) year_total
       ,'w' sale_type
 from customer
     ,web_sales
     ,date_dim
 where c_customer_sk = ws_bill_customer_sk
   and ws_sold_date_sk = d_date_sk
   and d_year in (1999,1999+1)
 group by c_customer_id
         ,c_first_name
         ,c_last_name
         ,d_year
         )
  select 
        t_s_secyear.customer_id, t_s_secyear.customer_first_name, t_s_secyear.customer_last_name
 from year_total t_s_firstyear
     ,year_total t_s_secyear
     ,year_total t_w_firstyear
     ,year_total t_w_secyear
 where t_s_secyear.customer_id = t_s_firstyear.customer_id
         and t_s_firstyear.customer_id = t_w_secyear.customer_id
         and t_s_firstyear.customer_id = t_w_firstyear.customer_id
         and t_s_firstyear.sale_type = 's'
         and t_w_firstyear.sale_type = 'w'
         and t_s_secyear.sale_type = 's'
         and t_w_secyear.sale_type = 'w'
         and t_s_firstyear.year = 1999
         and t_s_secyear.year = 1999+1
         and t_w_firstyear.year = 1999
         and t_w_secyear.year = 1999+1
         and t_s_firstyear.year_total > 0
         and t_w_firstyear.year_total > 0
         and case when t_w_firstyear.year_total > 0 then t_w_secyear.year_total / t_w_firstyear.year_total else null end
           > case when t_s_firstyear.year_total > 0 then t_s_secyear.year_total / t_s_firstyear.year_total else null end
 order by 1,2,3
limit 100;
psql:/tmp/s1-basline/throughput/query_5.sql:3128: NOTICE:  duration: 788775.615 ms  plan:
Query Text: with year_total as (
 select c_customer_id customer_id
       ,c_first_name customer_first_name
       ,c_last_name customer_last_name
       ,d_year as year
       ,sum(ss_net_paid) year_total
       ,'s' sale_type
 from customer
     ,store_sales
     ,date_dim
 where c_customer_sk = ss_customer_sk
   and ss_sold_date_sk = d_date_sk
   and d_year in (1999,1999+1)
 group by c_customer_id
         ,c_first_name
         ,c_last_name
         ,d_year
 union all
 select c_customer_id customer_id
       ,c_first_name customer_first_name
       ,c_last_name customer_last_name
       ,d_year as year
       ,sum(ws_net_paid) year_total
       ,'w' sale_type
 from customer
     ,web_sales
     ,date_dim
 where c_customer_sk = ws_bill_customer_sk
   and ws_sold_date_sk = d_date_sk
   and d_year in (1999,1999+1)
 group by c_customer_id
         ,c_first_name
         ,c_last_name
         ,d_year
         )
  select 
        t_s_secyear.customer_id, t_s_secyear.customer_first_name, t_s_secyear.customer_last_name
 from year_total t_s_firstyear
     ,year_total t_s_secyear
     ,year_total t_w_firstyear
     ,year_total t_w_secyear
 where t_s_secyear.customer_id = t_s_firstyear.customer_id
         and t_s_firstyear.customer_id = t_w_secyear.customer_id
         and t_s_firstyear.customer_id = t_w_firstyear.customer_id
         and t_s_firstyear.sale_type = 's'
         and t_w_firstyear.sale_type = 'w'
         and t_s_secyear.sale_type = 's'
         and t_w_secyear.sale_type = 'w'
         and t_s_firstyear.year = 1999
         and t_s_secyear.year = 1999+1
         and t_w_firstyear.year = 1999
         and t_w_secyear.year = 1999+1
         and t_s_firstyear.year_total > 0
         and t_w_firstyear.year_total > 0
         and case when t_w_firstyear.year_total > 0 then t_w_secyear.year_total / t_w_firstyear.year_total else null end
           > case when t_s_firstyear.year_total > 0 then t_s_secyear.year_total / t_s_firstyear.year_total else null end
 order by 1,2,3
limit 100;
Limit  (cost=139511.58..139511.58 rows=1 width=276) (actual time=788775.351..788775.587 rows=81 loops=1)
  CTE year_total
    ->  Append  (cost=96274.54..136011.66 rows=33332 width=113) (actual time=1782.387..2809.264 rows=97988 loops=1)
          ->  Finalize GroupAggregate  (cost=96274.54..99597.71 rows=26163 width=113) (actual time=1782.387..2203.242 rows=75640 loops=1)
                Group Key: customer.c_customer_id, customer.c_first_name, customer.c_last_name, date_dim.d_year
                ->  Gather Merge  (cost=96274.54..99063.56 rows=21802 width=81) (actual time=1782.368..2169.413 rows=88699 loops=1)
                      Workers Planned: 2
                      Workers Launched: 2
                      ->  Partial GroupAggregate  (cost=95274.52..95547.04 rows=10901 width=81) (actual time=1704.490..2000.306 rows=29566 loops=3)
                            Group Key: customer.c_customer_id, customer.c_first_name, customer.c_last_name, date_dim.d_year
                            ->  Sort  (cost=95274.52..95301.77 rows=10901 width=81) (actual time=1704.467..1905.745 rows=354465 loops=3)
                                  Sort Key: customer.c_customer_id, customer.c_first_name, customer.c_last_name, date_dim.d_year
                                  Sort Method: external merge  Disk: 36752kB
                                  Worker 0:  Sort Method: external merge  Disk: 31352kB
                                  Worker 1:  Sort Method: external merge  Disk: 31736kB
                                  ->  Nested Loop  (cost=2327.47..94543.49 rows=10901 width=81) (actual time=16.041..893.755 rows=354465 loops=3)
                                        ->  Hash Join  (cost=2327.18..90988.47 rows=11420 width=20) (actual time=15.994..336.897 rows=363047 loops=3)
                                              Hash Cond: (store_sales.ss_sold_date_sk = date_dim.d_date_sk)
                                              ->  Parallel Seq Scan on store_sales  (cost=0.00..85499.45 rows=1204445 width=24) (actual time=0.015..126.008 rows=948150 loops=3)
                                              ->  Hash  (cost=2318.11..2318.11 rows=725 width=12) (actual time=15.933..15.934 rows=731 loops=3)
                                                    Buckets: 1024  Batches: 1  Memory Usage: 43kB
                                                    ->  Seq Scan on date_dim  (cost=0.00..2318.11 rows=725 width=12) (actual time=7.637..15.833 rows=731 loops=3)
                                                          Filter: (d_year = ANY ('{1999,2000}'::integer[]))
                                                          Rows Removed by Filter: 72318
                                        ->  Index Scan using pk_customer on customer  (cost=0.29..0.31 rows=1 width=77) (actual time=0.001..0.001 rows=1 loops=1089141)
                                              Index Cond: (c_customer_sk = store_sales.ss_customer_sk)
          ->  Finalize GroupAggregate  (cost=35003.38..35913.96 rows=7169 width=113) (actual time=529.781..600.209 rows=22348 loops=1)
                Group Key: customer_1.c_customer_id, customer_1.c_first_name, customer_1.c_last_name, date_dim_1.d_year
                ->  Gather Merge  (cost=35003.38..35767.60 rows=5974 width=81) (actual time=529.771..590.593 rows=24093 loops=1)
                      Workers Planned: 2
                      Workers Launched: 2
                      ->  Partial GroupAggregate  (cost=34003.35..34078.03 rows=2987 width=81) (actual time=483.129..515.438 rows=8031 loops=3)
                            Group Key: customer_1.c_customer_id, customer_1.c_first_name, customer_1.c_last_name, date_dim_1.d_year
                            ->  Sort  (cost=34003.35..34010.82 rows=2987 width=81) (actual time=483.114..490.208 rows=94960 loops=3)
                                  Sort Key: customer_1.c_customer_id, customer_1.c_first_name, customer_1.c_last_name, date_dim_1.d_year
                                  Sort Method: external merge  Disk: 10520kB
                                  Worker 0:  Sort Method: quicksort  Memory: 13235kB
                                  Worker 1:  Sort Method: quicksort  Memory: 13300kB
                                  ->  Nested Loop  (cost=2327.47..33830.93 rows=2987 width=81) (actual time=15.883..273.363 rows=94960 loops=3)
                                        ->  Hash Join  (cost=2327.18..32889.14 rows=2988 width=20) (actual time=15.837..117.811 rows=94976 loops=3)
                                              Hash Cond: (web_sales.ws_sold_date_sk = date_dim_1.d_date_sk)
                                              ->  Parallel Seq Scan on web_sales  (cost=0.00..29771.63 rows=301063 width=24) (actual time=0.019..47.502 rows=237185 loops=3)
                                              ->  Hash  (cost=2318.11..2318.11 rows=725 width=12) (actual time=15.765..15.766 rows=731 loops=3)
                                                    Buckets: 1024  Batches: 1  Memory Usage: 43kB
                                                    ->  Seq Scan on date_dim date_dim_1  (cost=0.00..2318.11 rows=725 width=12) (actual time=7.654..15.664 rows=731 loops=3)
                                                          Filter: (d_year = ANY ('{1999,2000}'::integer[]))
                                                          Rows Removed by Filter: 72318
                                        ->  Index Scan using pk_customer on customer customer_1  (cost=0.29..0.32 rows=1 width=77) (actual time=0.001..0.001 rows=1 loops=284929)
                                              Index Cond: (c_customer_sk = web_sales.ws_bill_customer_sk)
  ->  Sort  (cost=3499.92..3499.93 rows=1 width=276) (actual time=788775.350..788775.355 rows=81 loops=1)
        Sort Key: t_s_secyear.customer_id, t_s_secyear.customer_first_name, t_s_secyear.customer_last_name
        Sort Method: quicksort  Memory: 36kB
        ->  Nested Loop  (cost=0.00..3499.91 rows=1 width=276) (actual time=10130.369..788775.201 rows=81 loops=1)
              Join Filter: ((t_s_secyear.customer_id = t_w_secyear.customer_id) AND (CASE WHEN (t_w_firstyear.year_total > '0'::double precision) THEN (t_w_secyear.year_total / t_w_firstyear.year_total) ELSE NULL::double precision END > CASE WHEN (t_s_firstyear.year_total > '0'::double precision) THEN (t_s_secyear.year_total / t_s_firstyear.year_total) ELSE NULL::double precision END))
              Rows Removed by Join Filter: 18021843
              ->  Nested Loop  (cost=0.00..2666.59 rows=1 width=436) (actual time=3514.060..769303.843 rows=1614 loops=1)
                    Join Filter: (t_s_secyear.customer_id = t_w_firstyear.customer_id)
                    Rows Removed by Join Filter: 159856258
                    ->  Nested Loop  (cost=0.00..1749.94 rows=1 width=360) (actual time=2855.258..584552.799 rows=14296 loops=1)
                          Join Filter: (t_s_firstyear.customer_id = t_s_secyear.customer_id)
                          Rows Removed by Join Filter: 1430336660
                          ->  CTE Scan on year_total t_s_firstyear  (cost=0.00..916.63 rows=1 width=76) (actual time=1782.397..1800.245 rows=37782 loops=1)
                                Filter: ((year_total > '0'::double precision) AND (sale_type = 's'::text) AND (year = 1999))
                                Rows Removed by Filter: 60206
                          ->  CTE Scan on year_total t_s_secyear  (cost=0.00..833.30 rows=1 width=284) (actual time=0.000..12.859 rows=37858 loops=37782)
                                Filter: ((sale_type = 's'::text) AND (year = 2000))
                                Rows Removed by Filter: 60130
                    ->  CTE Scan on year_total t_w_firstyear  (cost=0.00..916.63 rows=1 width=76) (actual time=8.930..12.181 rows=11182 loops=14296)
                          Filter: ((year_total > '0'::double precision) AND (sale_type = 'w'::text) AND (year = 1999))
                          Rows Removed by Filter: 86806
              ->  CTE Scan on year_total t_w_secyear  (cost=0.00..833.30 rows=1 width=76) (actual time=8.243..11.321 rows=11166 loops=1614)
                    Filter: ((sale_type = 'w'::text) AND (year = 2000))
                    Rows Removed by Filter: 86822
   customer_id    | customer_first_name  |       customer_last_name       
------------------+----------------------+--------------------------------
 AAAAAAAAACFHAAAA | Joseph               | Landry                        
 AAAAAAAAAEPBBAAA | Joseph               | Mackie                        
 AAAAAAAAAGIFBAAA | Charles              | Conklin                       
 AAAAAAAAAHMABAAA | James                | Stock                         
 AAAAAAAAAHOGBAAA | Ralph                | Richardson                    
 AAAAAAAABCCEAAAA | Sarah                | Warren                        
 AAAAAAAABCCNAAAA | James                | Anderson                      
 AAAAAAAABLHEBAAA | Johanna              | Longo                         
 AAAAAAAACDCGBAAA | Robert               | Ng                            
 AAAAAAAACJGNAAAA | Ella                 | Wong                          
 AAAAAAAADBKIAAAA | Maxine               | Black                         
 AAAAAAAADGELAAAA | Wayne                | Zeigler                       
 AAAAAAAADKBFBAAA | Laura                | Stephens                      
 AAAAAAAAECBFBAAA | Donald               | Calvert                       
 AAAAAAAAECJAAAAA |                      | Williams                      
 AAAAAAAAEEADAAAA | Debra                | Curtis                        
 AAAAAAAAEKBGAAAA | Alvin                | Spann                         
 AAAAAAAAENDIAAAA | Linda                | Martinez                      
 AAAAAAAAEPHJAAAA | Nadine               | Chambers                      
 AAAAAAAAFCALAAAA | Karla                | Flores                        
 AAAAAAAAFDNDAAAA | Ernest               | Bryant                        
 AAAAAAAAFMOLAAAA | Emily                | Gaines                        
 AAAAAAAAFMPGBAAA | Joseph               | Brown                         
 AAAAAAAAFOGCAAAA | Juan                 | Mcrae                         
 AAAAAAAAGHGJAAAA | Michael              | Andrews                       
 AAAAAAAAGJAGAAAA | Russell              | Carroll                       
 AAAAAAAAHFMHBAAA | Grace                | Hutchinson                    
 AAAAAAAAHGALAAAA | Jason                | Maloney                       
 AAAAAAAAHJMFBAAA | Brian                | Hofmann                       
 AAAAAAAAHMDBBAAA | Ronald               | Mcgowan                       
 AAAAAAAAIBEDBAAA | Dorothy              | West                          
 AAAAAAAAICJIAAAA | Brandon              | Fitzgerald                    
 AAAAAAAAIDDOAAAA | James                | Bartholomew                   
 AAAAAAAAIKFHAAAA | Brian                | Shaffer                       
 AAAAAAAAJDDDAAAA | Edna                 | Cole                          
 AAAAAAAAJGMDBAAA | Carmella             | Spicer                        
 AAAAAAAAJKOJAAAA | Julie                | Sheridan                      
 AAAAAAAAJNAHBAAA | Virginia             | Smith                         
 AAAAAAAAKGLCAAAA | Gregory              | King                          
 AAAAAAAAKJDCAAAA | Agustin              | Martinez                      
 AAAAAAAAKPJBAAAA | Manuel               | Davis                         
 AAAAAAAALBIIAAAA | Richard              | Lang                          
 AAAAAAAALBMKAAAA | Elaine               | Russell                       
 AAAAAAAALCIDAAAA | Justin               | Smith                         
 AAAAAAAALIOBAAAA | Brandy               | John                          
 AAAAAAAALKCFBAAA | Janel                | Thompson                      
 AAAAAAAALMNOAAAA | David                | Prather                       
 AAAAAAAALMOMAAAA | Melanie              | Maestas                       
 AAAAAAAALOAOAAAA | Edward               | Wilson                        
 AAAAAAAALPKLAAAA | John                 | Mathias                       
 AAAAAAAALPNGBAAA | Maxine               | Pitts                         
 AAAAAAAAMAFKAAAA | Flora                | Greene                        
 AAAAAAAAMANJAAAA | Richard              | Gutierrez                     
 AAAAAAAAMCCMAAAA | Maureen              | Brooks                        
 AAAAAAAAMCGLAAAA | Erika                | Rollins                       
 AAAAAAAAMDCFAAAA | Angelina             | Adler                         
 AAAAAAAAMDEBAAAA | Virginia             | Mckenzie                      
 AAAAAAAAMIKNAAAA | Lucille              | Ellis                         
 AAAAAAAAMLOLAAAA | James                | Owen                          
 AAAAAAAANCCHAAAA | Jeffrey              | Hood                          
 AAAAAAAANCCHBAAA | Robyn                | Mitchell                      
 AAAAAAAANGGFBAAA | Norma                | Sherry                        
 AAAAAAAANHAJAAAA | Joseph               | Yazzie                        
 AAAAAAAANIFHAAAA | Wayne                | Reynolds                      
 AAAAAAAANJFGBAAA | Barbara              | James                         
 AAAAAAAANLEBAAAA |                      | 
 AAAAAAAANLJCAAAA | Deborah              | Harrell                       
 AAAAAAAAOBFBAAAA | Leo                  | Alvarado                      
 AAAAAAAAOCBFBAAA |                      | Clark                         
 AAAAAAAAODOFAAAA | Joshua               | Kern                          
 AAAAAAAAOFCAAAAA | Dorothy              | Washington                    
 AAAAAAAAOJLIAAAA | Jose                 | Macias                        
 AAAAAAAAOKEHBAAA | Theresa              | Dunn                          
 AAAAAAAAOKHABAAA | Robert               | Lozano                        
 AAAAAAAAOKLGAAAA | Helen                | Holloway                      
 AAAAAAAAOLBIAAAA | Jacquelyn            | Mcgrath                       
 AAAAAAAAONOJAAAA | James                | 
 AAAAAAAAPAHCBAAA | Chad                 | Curtis                        
 AAAAAAAAPCODAAAA | William              | Chavez                        
 AAAAAAAAPOBHAAAA | David                | Finney                        
 AAAAAAAAPPPDAAAA | Martin               | Hudson                        
(81 rows)

UPDATE time_statistics SET e_time = TRANSACTION_TIMESTAMP() WHERE template = 'query74.tpl' AND stream = 5;
psql:/tmp/s1-basline/throughput/query_5.sql:3130: NOTICE:  duration: 0.130 ms  plan:
Query Text: UPDATE time_statistics SET e_time = TRANSACTION_TIMESTAMP() WHERE template = 'query74.tpl' AND stream = 5;
Update on time_statistics  (cost=0.00..21.46 rows=0 width=0) (actual time=0.129..0.129 rows=0 loops=1)
  ->  Seq Scan on time_statistics  (cost=0.00..21.46 rows=1 width=14) (actual time=0.083..0.096 rows=1 loops=1)
        Filter: ((template = 'query74.tpl'::text) AND (stream = 5))
        Rows Removed by Filter: 729
UPDATE 1
LOAD 'auto_explain'; SET auto_explain.log_min_duration TO 0; SET auto_explain.log_analyze TO on; SET auto_explain.log_level TO notice; INSERT INTO time_statistics (template, s_time, stream, query, seed) VALUES ('query84.tpl', TRANSACTION_TIMESTAMP(), 5, 63, 1132496673);
LOAD
SET
SET
SET
psql:/tmp/s1-basline/throughput/query_5.sql:3131: NOTICE:  duration: 0.008 ms  plan:
Query Text: INSERT INTO time_statistics (template, s_time, stream, query, seed) VALUES ('query84.tpl', TRANSACTION_TIMESTAMP(), 5, 63, 1132496673);
Insert on time_statistics  (cost=0.00..0.01 rows=0 width=0) (actual time=0.007..0.008 rows=0 loops=1)
  ->  Result  (cost=0.00..0.01 rows=1 width=64) (actual time=0.001..0.002 rows=1 loops=1)
INSERT 0 1
select  c_customer_id as customer_id
       , coalesce(c_last_name,'') || ', ' || coalesce(c_first_name,'') as customername
 from customer
     ,customer_address
     ,customer_demographics
     ,household_demographics
     ,income_band
     ,store_returns
 where ca_city	        =  'Woodville'
   and c_current_addr_sk = ca_address_sk
   and ib_lower_bound   >=  30911
   and ib_upper_bound   <=  30911 + 50000
   and ib_income_band_sk = hd_income_band_sk
   and cd_demo_sk = c_current_cdemo_sk
   and hd_demo_sk = c_current_hdemo_sk
   and sr_cdemo_sk = cd_demo_sk
 order by c_customer_id
 limit 100;
psql:/tmp/s1-basline/throughput/query_5.sql:3149: NOTICE:  duration: 84.177 ms  plan:
Query Text: select  c_customer_id as customer_id
       , coalesce(c_last_name,'') || ', ' || coalesce(c_first_name,'') as customername
 from customer
     ,customer_address
     ,customer_demographics
     ,household_demographics
     ,income_band
     ,store_returns
 where ca_city	        =  'Woodville'
   and c_current_addr_sk = ca_address_sk
   and ib_lower_bound   >=  30911
   and ib_upper_bound   <=  30911 + 50000
   and ib_income_band_sk = hd_income_band_sk
   and cd_demo_sk = c_current_cdemo_sk
   and hd_demo_sk = c_current_hdemo_sk
   and sr_cdemo_sk = cd_demo_sk
 order by c_customer_id
 limit 100;
Limit  (cost=17243.92..17244.02 rows=41 width=49) (actual time=84.159..84.166 rows=19 loops=1)
  ->  Sort  (cost=17243.92..17244.02 rows=41 width=49) (actual time=84.158..84.163 rows=19 loops=1)
        Sort Key: customer.c_customer_id
        Sort Method: quicksort  Memory: 26kB
        ->  Nested Loop  (cost=6213.47..17242.82 rows=41 width=49) (actual time=28.341..84.134 rows=19 loops=1)
              Join Filter: (household_demographics.hd_income_band_sk = income_band.ib_income_band_sk)
              Rows Removed by Join Filter: 452
              ->  Nested Loop  (cost=6213.47..17229.28 rows=117 width=77) (actual time=28.327..84.035 rows=124 loops=1)
                    ->  Nested Loop  (cost=6213.19..17192.87 rows=121 width=77) (actual time=28.318..83.730 rows=128 loops=1)
                          Join Filter: (customer.c_current_cdemo_sk = customer_demographics.cd_demo_sk)
                          ->  Hash Join  (cost=6212.76..16741.04 rows=950 width=93) (actual time=28.295..83.249 rows=128 loops=1)
                                Hash Cond: (store_returns.sr_cdemo_sk = customer.c_current_cdemo_sk)
                                ->  Seq Scan on store_returns  (cost=0.00..9436.93 rows=288493 width=8) (actual time=0.005..24.477 rows=285020 loops=1)
                                ->  Hash  (cost=6201.93..6201.93 rows=866 width=85) (actual time=27.782..27.785 rows=838 loops=1)
                                      Buckets: 1024  Batches: 1  Memory Usage: 106kB
                                      ->  Hash Join  (cost=1778.41..6201.93 rows=866 width=85) (actual time=6.769..27.604 rows=867 loops=1)
                                            Hash Cond: (customer.c_current_addr_sk = customer_address.ca_address_sk)
                                            ->  Seq Scan on customer  (cost=0.00..4161.00 rows=100000 width=93) (actual time=0.002..7.765 rows=100000 loops=1)
                                            ->  Hash  (cost=1773.00..1773.00 rows=433 width=8) (actual time=6.709..6.710 rows=429 loops=1)
                                                  Buckets: 1024  Batches: 1  Memory Usage: 25kB
                                                  ->  Seq Scan on customer_address  (cost=0.00..1773.00 rows=433 width=8) (actual time=0.012..6.653 rows=429 loops=1)
                                                        Filter: ((ca_city)::text = 'Woodville'::text)
                                                        Rows Removed by Filter: 49571
                          ->  Index Only Scan using pk_customer_demographics on customer_demographics  (cost=0.43..0.46 rows=1 width=8) (actual time=0.003..0.003 rows=1 loops=128)
                                Index Cond: (cd_demo_sk = store_returns.sr_cdemo_sk)
                                Heap Fetches: 0
                    ->  Index Scan using pk_household_demographics on household_demographics  (cost=0.28..0.30 rows=1 width=16) (actual time=0.002..0.002 rows=1 loops=128)
                          Index Cond: (hd_demo_sk = customer.c_current_hdemo_sk)
              ->  Materialize  (cost=0.00..1.33 rows=7 width=8) (actual time=0.000..0.000 rows=4 loops=124)
                    ->  Seq Scan on income_band  (cost=0.00..1.30 rows=7 width=8) (actual time=0.007..0.009 rows=4 loops=1)
                          Filter: ((ib_lower_bound >= 30911) AND (ib_upper_bound <= 80911))
                          Rows Removed by Filter: 16
   customer_id    |    customername    
------------------+--------------------
 AAAAAAAAAIJGBAAA | Evans, James
 AAAAAAAABJJFAAAA | Blanchard, Madlyn
 AAAAAAAABMCKAAAA | Johnson, Keith
 AAAAAAAADKLOAAAA | Peter, Kathleen
 AAAAAAAADNEGBAAA | Holcomb, Caroline
 AAAAAAAAECLLAAAA | Adams, Deborah
 AAAAAAAAFAOIAAAA | Riddle, Michael
 AAAAAAAAFNDGAAAA | Ennis, Jimmy
 AAAAAAAAFOOGAAAA | Noel, Susan
 AAAAAAAAGJDGAAAA | Hernandez, Gerald
 AAAAAAAAGJDGAAAA | Hernandez, Gerald
 AAAAAAAAHJOBBAAA | Gonzalez, Michael
 AAAAAAAAKKOFAAAA | Burchfield, Herman
 AAAAAAAALOJDBAAA | Campbell, Amanda
 AAAAAAAAMAOGBAAA | Childers, Silvia
 AAAAAAAAMAOGBAAA | Childers, Silvia
 AAAAAAAAMAOGBAAA | Childers, Silvia
 AAAAAAAANLJGAAAA | Medina, Sean
 AAAAAAAANMNPAAAA | , Vanessa
(19 rows)

UPDATE time_statistics SET e_time = TRANSACTION_TIMESTAMP() WHERE template = 'query84.tpl' AND stream = 5;
psql:/tmp/s1-basline/throughput/query_5.sql:3151: NOTICE:  duration: 0.108 ms  plan:
Query Text: UPDATE time_statistics SET e_time = TRANSACTION_TIMESTAMP() WHERE template = 'query84.tpl' AND stream = 5;
Update on time_statistics  (cost=0.00..21.46 rows=0 width=0) (actual time=0.108..0.108 rows=0 loops=1)
  ->  Seq Scan on time_statistics  (cost=0.00..21.46 rows=1 width=14) (actual time=0.093..0.093 rows=1 loops=1)
        Filter: ((template = 'query84.tpl'::text) AND (stream = 5))
        Rows Removed by Filter: 730
UPDATE 1
LOAD 'auto_explain'; SET auto_explain.log_min_duration TO 0; SET auto_explain.log_analyze TO on; SET auto_explain.log_level TO notice; INSERT INTO time_statistics (template, s_time, stream, query, seed) VALUES ('query89.tpl', TRANSACTION_TIMESTAMP(), 5, 64, 1188580803);
LOAD
SET
SET
SET
psql:/tmp/s1-basline/throughput/query_5.sql:3152: NOTICE:  duration: 0.009 ms  plan:
Query Text: INSERT INTO time_statistics (template, s_time, stream, query, seed) VALUES ('query89.tpl', TRANSACTION_TIMESTAMP(), 5, 64, 1188580803);
Insert on time_statistics  (cost=0.00..0.01 rows=0 width=0) (actual time=0.008..0.008 rows=0 loops=1)
  ->  Result  (cost=0.00..0.01 rows=1 width=64) (actual time=0.001..0.001 rows=1 loops=1)
INSERT 0 1
select  *
from(
select i_category, i_class, i_brand,
       s_store_name, s_company_name,
       d_moy,
       sum(ss_sales_price) sum_sales,
       avg(sum(ss_sales_price)) over
         (partition by i_category, i_brand, s_store_name, s_company_name)
         avg_monthly_sales
from item, store_sales, date_dim, store
where ss_item_sk = i_item_sk and
      ss_sold_date_sk = d_date_sk and
      ss_store_sk = s_store_sk and
      d_year in (2001) and
        ((i_category in ('Sports','Men','Shoes') and
          i_class in ('baseball','pants','kids')
         )
      or (i_category in ('Electronics','Books','Jewelry') and
          i_class in ('automotive','reference','gold') 
        ))
group by i_category, i_class, i_brand,
         s_store_name, s_company_name, d_moy) tmp1
where case when (avg_monthly_sales <> 0) then (abs(sum_sales - avg_monthly_sales) / avg_monthly_sales) else null end > 0.1
order by sum_sales - avg_monthly_sales, s_store_name
limit 100;
psql:/tmp/s1-basline/throughput/query_5.sql:3177: NOTICE:  duration: 434.521 ms  plan:
Query Text: select  *
from(
select i_category, i_class, i_brand,
       s_store_name, s_company_name,
       d_moy,
       sum(ss_sales_price) sum_sales,
       avg(sum(ss_sales_price)) over
         (partition by i_category, i_brand, s_store_name, s_company_name)
         avg_monthly_sales
from item, store_sales, date_dim, store
where ss_item_sk = i_item_sk and
      ss_sold_date_sk = d_date_sk and
      ss_store_sk = s_store_sk and
      d_year in (2001) and
        ((i_category in ('Sports','Men','Shoes') and
          i_class in ('baseball','pants','kids')
         )
      or (i_category in ('Electronics','Books','Jewelry') and
          i_class in ('automotive','reference','gold') 
        ))
group by i_category, i_class, i_brand,
         s_store_name, s_company_name, d_moy) tmp1
where case when (avg_monthly_sales <> 0) then (abs(sum_sales - avg_monthly_sales) / avg_monthly_sales) else null end > 0.1
order by sum_sales - avg_monthly_sales, s_store_name
limit 100;
Limit  (cost=62047.99..62048.24 rows=100 width=194) (actual time=434.416..434.430 rows=100 loops=1)
  ->  Sort  (cost=62047.99..62048.25 rows=106 width=194) (actual time=434.416..434.422 rows=100 loops=1)
        Sort Key: ((tmp1.sum_sales - tmp1.avg_monthly_sales)), tmp1.s_store_name
        Sort Method: top-N heapsort  Memory: 70kB
        ->  Subquery Scan on tmp1  (cost=62004.85..62044.42 rows=106 width=194) (actual time=414.486..433.816 rows=2024 loops=1)
              Filter: (CASE WHEN (tmp1.avg_monthly_sales <> '0'::double precision) THEN (abs((tmp1.sum_sales - tmp1.avg_monthly_sales)) / tmp1.avg_monthly_sales) ELSE NULL::double precision END > '0.1'::double precision)
              Rows Removed by Filter: 216
              ->  WindowAgg  (cost=62004.85..62037.03 rows=317 width=186) (actual time=414.483..433.506 rows=2240 loops=1)
                    ->  Incremental Sort  (cost=62004.85..62029.89 rows=317 width=178) (actual time=414.468..432.036 rows=2240 loops=1)
                          Sort Key: item.i_category, item.i_brand, store.s_store_name, store.s_company_name
                          Presorted Key: item.i_category
                          Full-sort Groups: 6  Sort Method: quicksort  Average Memory: 39kB  Peak Memory: 39kB
                          Pre-sorted Groups: 6  Sort Method: quicksort  Average Memory: 226kB  Peak Memory: 249kB
                          ->  GroupAggregate  (cost=62002.58..62012.09 rows=317 width=178) (actual time=412.776..430.765 rows=2240 loops=1)
                                Group Key: item.i_category, item.i_class, item.i_brand, store.s_store_name, store.s_company_name, date_dim.d_moy
                                ->  Sort  (cost=62002.58..62003.37 rows=317 width=178) (actual time=412.766..414.379 rows=38332 loops=1)
                                      Sort Key: item.i_category, item.i_class, item.i_brand, store.s_store_name, store.s_company_name, date_dim.d_moy
                                      Sort Method: quicksort  Memory: 9918kB
                                      ->  Nested Loop  (cost=0.73..61989.41 rows=317 width=178) (actual time=0.056..322.141 rows=38332 loops=1)
                                            Join Filter: (store_sales.ss_store_sk = store.s_store_sk)
                                            Rows Removed by Join Filter: 178129
                                            ->  Nested Loop  (cost=0.73..61932.46 rows=332 width=173) (actual time=0.049..295.445 rows=39276 loops=1)
                                                  ->  Nested Loop  (cost=0.43..59614.94 rows=69858 width=177) (actual time=0.021..230.756 rows=211878 loops=1)
                                                        ->  Seq Scan on item  (cost=0.00..1706.00 rows=435 width=161) (actual time=0.011..14.802 rows=1338 loops=1)
                                                              Filter: (((i_category = ANY ('{Sports,Men,Shoes}'::bpchar[])) AND (i_class = ANY ('{baseball,pants,kids}'::bpchar[]))) OR ((i_category = ANY ('{Electronics,Books,Jewelry}'::bpchar[])) AND (i_class = ANY ('{automotive,reference,gold}'::bpchar[]))))
                                                              Rows Removed by Filter: 16662
                                                        ->  Index Scan using pk_store_sales on store_sales  (cost=0.43..131.37 rows=175 width=32) (actual time=0.005..0.138 rows=158 loops=1338)
                                                              Index Cond: (ss_item_sk = item.i_item_sk)
                                                  ->  Memoize  (cost=0.30..0.32 rows=1 width=12) (actual time=0.000..0.000 rows=0 loops=211878)
                                                        Cache Key: store_sales.ss_sold_date_sk
                                                        Cache Mode: logical
                                                        Hits: 210072  Misses: 1806  Evictions: 0  Overflows: 0  Memory Usage: 144kB
                                                        ->  Index Scan using pk_date_dim on date_dim  (cost=0.29..0.31 rows=1 width=12) (actual time=0.001..0.001 rows=0 loops=1806)
                                                              Index Cond: (d_date_sk = store_sales.ss_sold_date_sk)
                                                              Filter: (d_year = 2001)
                                                              Rows Removed by Filter: 1
                                            ->  Materialize  (cost=0.00..1.18 rows=12 width=21) (actual time=0.000..0.000 rows=6 loops=39276)
                                                  ->  Seq Scan on store  (cost=0.00..1.12 rows=12 width=21) (actual time=0.002..0.005 rows=12 loops=1)
                     i_category                     |                      i_class                       |                      i_brand                       | s_store_name | s_company_name | d_moy |     sum_sales      | avg_monthly_sales  
----------------------------------------------------+----------------------------------------------------+----------------------------------------------------+--------------+----------------+-------+--------------------+--------------------
 Shoes                                              | kids                                               | exportiedu pack #2                                 | ation        | Unknown        |     2 |            2400.21 |  6540.628333333331
 Shoes                                              | kids                                               | exportiedu pack #2                                 | ese          | Unknown        |     4 |            3006.78 |  6729.629166666665
 Shoes                                              | kids                                               | exportiedu pack #2                                 | ation        | Unknown        |     4 |  3048.719999999999 |  6540.628333333331
 Shoes                                              | kids                                               | exportiedu pack #2                                 | ought        | Unknown        |     2 |            3209.42 |          6675.0025
 Shoes                                              | kids                                               | exportiedu pack #2                                 | able         | Unknown        |     4 | 3037.4500000000016 |  6479.116666666665
 Shoes                                              | kids                                               | exportiedu pack #2                                 | bar          | Unknown        |     6 |            3195.71 |  6632.439166666666
 Men                                                | pants                                              | exportiimporto #2                                  | bar          | Unknown        |     2 | 3311.5400000000004 |  6745.748333333333
 Men                                                | pants                                              | exportiimporto #2                                  | bar          | Unknown        |     3 | 3335.8699999999994 |  6745.748333333333
 Men                                                | pants                                              | exportiimporto #2                                  | eing         | Unknown        |     5 | 2793.8300000000004 |          6179.9925
 Shoes                                              | kids                                               | exportiedu pack #2                                 | ation        | Unknown        |     3 | 3185.0699999999997 |  6540.628333333331
 Shoes                                              | kids                                               | exportiedu pack #2                                 | eing         | Unknown        |     4 |            3380.72 |  6667.448333333336
 Men                                                | pants                                              | exportiimporto #2                                  | bar          | Unknown        |     5 | 3507.5900000000006 |  6745.748333333333
 Shoes                                              | kids                                               | exportiedu pack #2                                 | eing         | Unknown        |     3 |  3433.080000000001 |  6667.448333333336
 Shoes                                              | kids                                               | exportiedu pack #2                                 | eing         | Unknown        |     1 | 3463.8399999999992 |  6667.448333333336
 Men                                                | pants                                              | exportiimporto #2                                  | ese          | Unknown        |     5 |  3066.230000000001 |  6242.775833333332
 Shoes                                              | kids                                               | exportiedu pack #2                                 | able         | Unknown        |     1 |  3327.849999999999 |  6479.116666666665
 Men                                                | pants                                              | exportiimporto #2                                  | ation        | Unknown        |     2 | 3273.5499999999993 |  6418.822499999999
 Shoes                                              | kids                                               | exportiedu pack #2                                 | eing         | Unknown        |     2 | 3528.8100000000013 |  6667.448333333336
 Men                                                | pants                                              | exportiimporto #2                                  | able         | Unknown        |     6 | 3214.9800000000014 |  6322.320833333332
 Men                                                | pants                                              | exportiimporto #2                                  | eing         | Unknown        |     3 |            3084.23 |          6179.9925
 Men                                                | pants                                              | exportiimporto #2                                  | eing         | Unknown        |     2 |            3107.53 |          6179.9925
 Shoes                                              | kids                                               | exportiedu pack #2                                 | bar          | Unknown        |     3 | 3563.0999999999995 |  6632.439166666666
 Shoes                                              | kids                                               | exportiedu pack #2                                 | able         | Unknown        |     3 | 3427.7799999999993 |  6479.116666666665
 Shoes                                              | kids                                               | exportiedu pack #2                                 | ought        | Unknown        |     6 | 3666.1699999999996 |          6675.0025
 Shoes                                              | kids                                               | exportiedu pack #2                                 | ese          | Unknown        |     6 |  3753.080000000001 |  6729.629166666665
 Shoes                                              | kids                                               | exportiedu pack #2                                 | eing         | Unknown        |     5 |  3716.440000000001 |  6667.448333333336
 Men                                                | pants                                              | exportiimporto #2                                  | ese          | Unknown        |     2 |             3295.9 |  6242.775833333332
 Shoes                                              | kids                                               | exportiedu pack #2                                 | ese          | Unknown        |     7 | 3794.0999999999985 |  6729.629166666665
 Men                                                | pants                                              | exportiimporto #2                                  | able         | Unknown        |     7 |            3400.13 |  6322.320833333332
 Men                                                | pants                                              | exportiimporto #2                                  | ation        | Unknown        |     3 |            3507.58 |  6418.822499999999
 Men                                                | pants                                              | exportiimporto #2                                  | ation        | Unknown        |     5 | 3511.8599999999988 |  6418.822499999999
 Shoes                                              | kids                                               | exportiedu pack #2                                 | able         | Unknown        |     7 | 3596.9899999999993 |  6479.116666666665
 Shoes                                              | kids                                               | exportiedu pack #2                                 | ese          | Unknown        |     2 | 3856.9199999999987 |  6729.629166666665
 Men                                                | pants                                              | exportiimporto #2                                  | ought        | Unknown        |     6 | 3485.1400000000003 |  6348.226666666668
 Shoes                                              | kids                                               | exportiedu pack #2                                 | ation        | Unknown        |     7 |  3686.129999999999 |  6540.628333333331
 Men                                                | pants                                              | exportiimporto #2                                  | able         | Unknown        |     2 |  3486.210000000001 |  6322.320833333332
 Shoes                                              | kids                                               | exportiedu pack #2                                 | able         | Unknown        |     5 | 3677.9199999999987 |  6479.116666666665
 Men                                                | pants                                              | exportiimporto #2                                  | able         | Unknown        |     5 |            3528.01 |  6322.320833333332
 Shoes                                              | kids                                               | exportiedu pack #2                                 | ought        | Unknown        |     3 | 3882.5699999999997 |          6675.0025
 Men                                                | pants                                              | exportiimporto #2                                  | ation        | Unknown        |     4 |  3636.709999999998 |  6418.822499999999
 Shoes                                              | kids                                               | exportiedu pack #2                                 | eing         | Unknown        |     6 |  3925.890000000001 |  6667.448333333336
 Men                                                | pants                                              | exportiimporto #2                                  | ought        | Unknown        |     2 | 3627.7399999999984 |  6348.226666666668
 Shoes                                              | kids                                               | exportiedu pack #2                                 | ought        | Unknown        |     7 | 3968.5800000000004 |          6675.0025
 Shoes                                              | kids                                               | exportiedu pack #2                                 | bar          | Unknown        |     7 | 3933.2200000000016 |  6632.439166666666
 Shoes                                              | kids                                               | exportiedu pack #2                                 | eing         | Unknown        |     7 | 3969.0699999999993 |  6667.448333333336
 Shoes                                              | kids                                               | exportiedu pack #2                                 | ought        | Unknown        |     4 | 4020.1400000000003 |          6675.0025
 Shoes                                              | kids                                               | exportiedu pack #2                                 | able         | Unknown        |     2 | 3846.2199999999993 |  6479.116666666665
 Shoes                                              | kids                                               | exportiedu pack #2                                 | ation        | Unknown        |     1 | 3916.6999999999994 |  6540.628333333331
 Shoes                                              | kids                                               | exportiedu pack #2                                 | ought        | Unknown        |     5 |            4054.99 |          6675.0025
 Men                                                | pants                                              | exportiimporto #2                                  | ese          | Unknown        |     4 |            3628.74 |  6242.775833333332
 Shoes                                              | kids                                               | exportiedu pack #2                                 | ought        | Unknown        |     1 |            4062.69 |          6675.0025
 Men                                                | pants                                              | exportiimporto #2                                  | ought        | Unknown        |     7 |  3738.880000000001 |  6348.226666666668
 Men                                                | pants                                              | exportiimporto #2                                  | ation        | Unknown        |     1 |  3820.639999999999 |  6418.822499999999
 Shoes                                              | kids                                               | exportiedu pack #2                                 | bar          | Unknown        |     2 |            4040.06 |  6632.439166666666
 Men                                                | pants                                              | exportiimporto #2                                  | ese          | Unknown        |     7 | 3655.0299999999997 |  6242.775833333332
 Men                                                | pants                                              | exportiimporto #2                                  | ese          | Unknown        |     3 | 3659.8900000000003 |  6242.775833333332
 Men                                                | pants                                              | exportiimporto #2                                  | bar          | Unknown        |     4 |  4166.320000000001 |  6745.748333333333
 Men                                                | pants                                              | exportiimporto #2                                  | ought        | Unknown        |     4 | 3789.3300000000004 |  6348.226666666668
 Shoes                                              | kids                                               | exportiedu pack #2                                 | ese          | Unknown        |     5 |  4176.909999999998 |  6729.629166666665
 Men                                                | pants                                              | exportiimporto #2                                  | bar          | Unknown        |     7 |  4210.250000000001 |  6745.748333333333
 Men                                                | pants                                              | exportiimporto #2                                  | ese          | Unknown        |     6 |            3709.35 |  6242.775833333332
 Men                                                | pants                                              | exportiimporto #2                                  | eing         | Unknown        |     6 |            3652.98 |          6179.9925
 Men                                                | pants                                              | exportiimporto #2                                  | able         | Unknown        |     4 | 3815.9399999999987 |  6322.320833333332
 Men                                                | pants                                              | exportiimporto #2                                  | ation        | Unknown        |     7 | 3929.3499999999995 |  6418.822499999999
 Men                                                | pants                                              | exportiimporto #2                                  | eing         | Unknown        |     4 |  3707.219999999999 |          6179.9925
 Shoes                                              | kids                                               | exportiedu pack #2                                 | able         | Unknown        |     6 | 4125.2199999999975 |  6479.116666666665
 Shoes                                              | kids                                               | exportiedu pack #2                                 | bar          | Unknown        |     4 |  4283.490000000002 |  6632.439166666666
 Shoes                                              | kids                                               | exportiedu pack #2                                 | bar          | Unknown        |     5 |            4300.91 |  6632.439166666666
 Men                                                | pants                                              | exportiimporto #2                                  | ought        | Unknown        |     5 |  4033.129999999999 |  6348.226666666668
 Men                                                | pants                                              | exportiimporto #2                                  | able         | Unknown        |     1 |  4019.350000000001 |  6322.320833333332
 Men                                                | pants                                              | exportiimporto #2                                  | bar          | Unknown        |     6 |  4446.179999999999 |  6745.748333333333
 Men                                                | pants                                              | exportiimporto #2                                  | ation        | Unknown        |     6 |            4131.32 |  6418.822499999999
 Men                                                | pants                                              | exportiimporto #2                                  | ese          | Unknown        |     1 | 4035.7699999999986 |  6242.775833333332
 Men                                                | pants                                              | exportiimporto #2                                  | able         | Unknown        |     3 |  4152.710000000002 |  6322.320833333332
 Men                                                | pants                                              | exportiimporto #2                                  | ought        | Unknown        |     3 |  4222.889999999999 |  6348.226666666668
 Men                                                | pants                                              | exportiimporto #2                                  | eing         | Unknown        |     7 | 4076.8499999999995 |          6179.9925
 Shoes                                              | kids                                               | exportiedu pack #2                                 | ation        | Unknown        |     6 | 4537.0599999999995 |  6540.628333333331
 Shoes                                              | kids                                               | exportiedu pack #2                                 | ese          | Unknown        |     1 |  4732.239999999998 |  6729.629166666665
 Shoes                                              | kids                                               | exportiedu pack #2                                 | ation        | Unknown        |     5 |  4595.629999999997 |  6540.628333333331
 Men                                                | pants                                              | exportiimporto #2                                  | bar          | Unknown        |     1 |            4915.22 |  6745.748333333333
 Shoes                                              | kids                                               | exportiedu pack #2                                 | bar          | Unknown        |     1 |  4929.769999999997 |  6632.439166666666
 Men                                                | pants                                              | exportiimporto #2                                  | eing         | Unknown        |     1 |  4564.969999999999 |          6179.9925
 Shoes                                              | kids                                               | exportiedu pack #2                                 | ese          | Unknown        |     3 |  5364.570000000002 |  6729.629166666665
 Men                                                | pants                                              | exportiimporto #2                                  | ought        | Unknown        |     1 |            5245.83 |  6348.226666666668
 Books                                              | reference                                          | brandmaxi #4                                       | bar          | Unknown        |     2 |              43.79 |  550.8108333333333
 Books                                              | reference                                          | brandmaxi #4                                       | ese          | Unknown        |     1 |              45.44 |  531.1391666666667
 Books                                              | reference                                          | brandmaxi #4                                       | eing         | Unknown        |     1 |              10.07 |  444.2858333333333
 Books                                              | reference                                          | brandmaxi #4                                       | able         | Unknown        |     3 |              28.72 | 452.15000000000003
 Jewelry                                            | gold                                               | exporticorp #6                                     | ation        | Unknown        |     3 |              39.93 |           439.8725
 Sports                                             | baseball                                           | importonameless #6                                 | ese          | Unknown        |     5 |  70.22999999999999 |           460.7725
 Sports                                             | baseball                                           | importonameless #10                                | bar          | Unknown        |     1 |              62.07 |  446.7516666666667
 Jewelry                                            | gold                                               | exporticorp #4                                     | eing         | Unknown        |     2 |              38.54 | 420.31916666666666
 Sports                                             | baseball                                           | importonameless #6                                 | ese          | Unknown        |     6 |  86.35000000000001 |           460.7725
 Sports                                             | baseball                                           | importonameless #6                                 | ation        | Unknown        |     3 |               59.8 |  430.7891666666667
 Jewelry                                            | gold                                               | exporticorp #4                                     | ought        | Unknown        |     6 |              32.31 | 402.59083333333325
 Jewelry                                            | gold                                               | exporticorp #2                                     | ese          | Unknown        |     4 |              65.35 |  433.7416666666666
 Sports                                             | baseball                                           | importonameless #6                                 | eing         | Unknown        |     2 |              93.63 |  454.4533333333334
 Jewelry                                            | gold                                               | exporticorp #2                                     | ation        | Unknown        |     2 | 109.27000000000001 | 469.93499999999995
 Jewelry                                            | gold                                               | exporticorp #8                                     | eing         | Unknown        |     3 |               4.75 |  362.5508333333333
 Jewelry                                            | gold                                               | exporticorp #2                                     | ese          | Unknown        |     3 |  77.13000000000001 |  433.7416666666666
(100 rows)

UPDATE time_statistics SET e_time = TRANSACTION_TIMESTAMP() WHERE template = 'query89.tpl' AND stream = 5;
psql:/tmp/s1-basline/throughput/query_5.sql:3179: NOTICE:  duration: 0.107 ms  plan:
Query Text: UPDATE time_statistics SET e_time = TRANSACTION_TIMESTAMP() WHERE template = 'query89.tpl' AND stream = 5;
Update on time_statistics  (cost=0.00..21.46 rows=0 width=0) (actual time=0.106..0.106 rows=0 loops=1)
  ->  Seq Scan on time_statistics  (cost=0.00..21.46 rows=1 width=14) (actual time=0.091..0.091 rows=1 loops=1)
        Filter: ((template = 'query89.tpl'::text) AND (stream = 5))
        Rows Removed by Filter: 731
UPDATE 1
LOAD 'auto_explain'; SET auto_explain.log_min_duration TO 0; SET auto_explain.log_analyze TO on; SET auto_explain.log_level TO notice; INSERT INTO time_statistics (template, s_time, stream, query, seed) VALUES ('query83.tpl', TRANSACTION_TIMESTAMP(), 5, 65, 209657300);
LOAD
SET
SET
SET
psql:/tmp/s1-basline/throughput/query_5.sql:3180: NOTICE:  duration: 0.008 ms  plan:
Query Text: INSERT INTO time_statistics (template, s_time, stream, query, seed) VALUES ('query83.tpl', TRANSACTION_TIMESTAMP(), 5, 65, 209657300);
Insert on time_statistics  (cost=0.00..0.01 rows=0 width=0) (actual time=0.008..0.008 rows=0 loops=1)
  ->  Result  (cost=0.00..0.01 rows=1 width=64) (actual time=0.001..0.001 rows=1 loops=1)
INSERT 0 1
with sr_items as
 (select i_item_id item_id,
        sum(sr_return_quantity) sr_item_qty
 from store_returns,
      item,
      date_dim
 where sr_item_sk = i_item_sk
 and   d_date    in 
	(select d_date
	from date_dim
	where d_week_seq in 
		(select d_week_seq
		from date_dim
	  where d_date in ('2000-01-08','2000-08-13','2000-11-08')))
 and   sr_returned_date_sk   = d_date_sk
 group by i_item_id),
 cr_items as
 (select i_item_id item_id,
        sum(cr_return_quantity) cr_item_qty
 from catalog_returns,
      item,
      date_dim
 where cr_item_sk = i_item_sk
 and   d_date    in 
	(select d_date
	from date_dim
	where d_week_seq in 
		(select d_week_seq
		from date_dim
	  where d_date in ('2000-01-08','2000-08-13','2000-11-08')))
 and   cr_returned_date_sk   = d_date_sk
 group by i_item_id),
 wr_items as
 (select i_item_id item_id,
        sum(wr_return_quantity) wr_item_qty
 from web_returns,
      item,
      date_dim
 where wr_item_sk = i_item_sk
 and   d_date    in 
	(select d_date
	from date_dim
	where d_week_seq in 
		(select d_week_seq
		from date_dim
		where d_date in ('2000-01-08','2000-08-13','2000-11-08')))
 and   wr_returned_date_sk   = d_date_sk
 group by i_item_id)
  select  sr_items.item_id
       ,sr_item_qty
       ,sr_item_qty/(sr_item_qty+cr_item_qty+wr_item_qty)/3.0 * 100 sr_dev
       ,cr_item_qty
       ,cr_item_qty/(sr_item_qty+cr_item_qty+wr_item_qty)/3.0 * 100 cr_dev
       ,wr_item_qty
       ,wr_item_qty/(sr_item_qty+cr_item_qty+wr_item_qty)/3.0 * 100 wr_dev
       ,(sr_item_qty+cr_item_qty+wr_item_qty)/3.0 average
 from sr_items
     ,cr_items
     ,wr_items
 where sr_items.item_id=cr_items.item_id
   and sr_items.item_id=wr_items.item_id 
 order by sr_items.item_id
         ,sr_item_qty
 limit 100;
psql:/tmp/s1-basline/throughput/query_5.sql:3244: NOTICE:  duration: 63.122 ms  plan:
Query Text: with sr_items as
 (select i_item_id item_id,
        sum(sr_return_quantity) sr_item_qty
 from store_returns,
      item,
      date_dim
 where sr_item_sk = i_item_sk
 and   d_date    in 
	(select d_date
	from date_dim
	where d_week_seq in 
		(select d_week_seq
		from date_dim
	  where d_date in ('2000-01-08','2000-08-13','2000-11-08')))
 and   sr_returned_date_sk   = d_date_sk
 group by i_item_id),
 cr_items as
 (select i_item_id item_id,
        sum(cr_return_quantity) cr_item_qty
 from catalog_returns,
      item,
      date_dim
 where cr_item_sk = i_item_sk
 and   d_date    in 
	(select d_date
	from date_dim
	where d_week_seq in 
		(select d_week_seq
		from date_dim
	  where d_date in ('2000-01-08','2000-08-13','2000-11-08')))
 and   cr_returned_date_sk   = d_date_sk
 group by i_item_id),
 wr_items as
 (select i_item_id item_id,
        sum(wr_return_quantity) wr_item_qty
 from web_returns,
      item,
      date_dim
 where wr_item_sk = i_item_sk
 and   d_date    in 
	(select d_date
	from date_dim
	where d_week_seq in 
		(select d_week_seq
		from date_dim
		where d_date in ('2000-01-08','2000-08-13','2000-11-08')))
 and   wr_returned_date_sk   = d_date_sk
 group by i_item_id)
  select  sr_items.item_id
       ,sr_item_qty
       ,sr_item_qty/(sr_item_qty+cr_item_qty+wr_item_qty)/3.0 * 100 sr_dev
       ,cr_item_qty
       ,cr_item_qty/(sr_item_qty+cr_item_qty+wr_item_qty)/3.0 * 100 cr_dev
       ,wr_item_qty
       ,wr_item_qty/(sr_item_qty+cr_item_qty+wr_item_qty)/3.0 * 100 wr_dev
       ,(sr_item_qty+cr_item_qty+wr_item_qty)/3.0 average
 from sr_items
     ,cr_items
     ,wr_items
 where sr_items.item_id=cr_items.item_id
   and sr_items.item_id=wr_items.item_id 
 order by sr_items.item_id
         ,sr_item_qty
 limit 100;
Limit  (cost=7241.92..7241.95 rows=10 width=169) (actual time=63.093..63.104 rows=16 loops=1)
  ->  Sort  (cost=7241.92..7241.95 rows=10 width=169) (actual time=63.092..63.102 rows=16 loops=1)
        Sort Key: item.i_item_id, (sum(store_returns.sr_return_quantity))
        Sort Method: quicksort  Memory: 27kB
        ->  Merge Join  (cost=7236.60..7241.76 rows=10 width=169) (actual time=61.149..63.090 rows=16 loops=1)
              Merge Cond: (item.i_item_id = item_2.i_item_id)
              ->  Merge Join  (cost=4832.69..4835.89 rows=20 width=50) (actual time=42.789..44.833 rows=156 loops=1)
                    Merge Cond: (item.i_item_id = item_1.i_item_id)
                    ->  GroupAggregate  (cost=2459.57..2460.97 rows=80 width=25) (actual time=27.425..28.363 rows=2255 loops=1)
                          Group Key: item.i_item_id
                          ->  Sort  (cost=2459.57..2459.77 rows=80 width=21) (actual time=27.420..27.577 rows=2603 loops=1)
                                Sort Key: item.i_item_id
                                Sort Method: quicksort  Memory: 260kB
                                ->  Nested Loop  (cost=2333.94..2457.04 rows=80 width=21) (actual time=13.489..20.727 rows=2608 loops=1)
                                      ->  Nested Loop  (cost=2333.65..2432.24 rows=80 width=12) (actual time=13.483..16.351 rows=2608 loops=1)
                                            ->  Nested Loop  (cost=2333.23..2340.37 rows=21 width=8) (actual time=13.476..13.522 rows=21 loops=1)
                                                  ->  HashAggregate  (cost=2332.93..2333.14 rows=21 width=4) (actual time=13.469..13.476 rows=21 loops=1)
                                                        Group Key: date_dim_1.d_date
                                                        Batches: 1  Memory Usage: 24kB
                                                        ->  Hash Join  (cost=5.41..2332.88 rows=21 width=4) (actual time=6.648..13.468 rows=21 loops=1)
                                                              Hash Cond: (date_dim_1.d_week_seq = date_dim_2.d_week_seq)
                                                              ->  Seq Scan on date_dim date_dim_1  (cost=0.00..2135.49 rows=73049 width=8) (actual time=0.004..4.946 rows=73049 loops=1)
                                                              ->  Hash  (cost=5.37..5.37 rows=3 width=4) (actual time=0.031..0.032 rows=3 loops=1)
                                                                    Buckets: 1024  Batches: 1  Memory Usage: 9kB
                                                                    ->  HashAggregate  (cost=5.34..5.37 rows=3 width=4) (actual time=0.029..0.030 rows=3 loops=1)
                                                                          Group Key: date_dim_2.d_week_seq
                                                                          Batches: 1  Memory Usage: 24kB
                                                                          ->  Index Scan using i_d_date on date_dim date_dim_2  (cost=0.29..5.33 rows=3 width=4) (actual time=0.019..0.026 rows=3 loops=1)
                                                                                Index Cond: (d_date = ANY ('{2000-01-08,2000-08-13,2000-11-08}'::date[]))
                                                  ->  Index Scan using i_d_date on date_dim  (cost=0.29..0.33 rows=1 width=12) (actual time=0.002..0.002 rows=1 loops=21)
                                                        Index Cond: (d_date = date_dim_1.d_date)
                                            ->  Index Scan using i_sr_returned_date_sk on store_returns  (cost=0.42..2.97 rows=140 width=20) (actual time=0.003..0.118 rows=124 loops=21)
                                                  Index Cond: (sr_returned_date_sk = date_dim.d_date_sk)
                                      ->  Index Scan using pk_item on item  (cost=0.29..0.31 rows=1 width=25) (actual time=0.001..0.001 rows=1 loops=2608)
                                            Index Cond: (i_item_sk = store_returns.sr_item_sk)
                    ->  GroupAggregate  (cost=2373.12..2373.47 rows=20 width=25) (actual time=15.356..15.585 rows=589 loops=1)
                          Group Key: item_1.i_item_id
                          ->  Sort  (cost=2373.12..2373.17 rows=20 width=21) (actual time=15.353..15.383 rows=601 loops=1)
                                Sort Key: item_1.i_item_id
                                Sort Method: quicksort  Memory: 62kB
                                ->  Nested Loop  (cost=2333.81..2372.69 rows=20 width=21) (actual time=12.366..14.044 rows=601 loops=1)
                                      ->  Nested Loop  (cost=2333.52..2366.19 rows=20 width=12) (actual time=12.362..13.089 rows=601 loops=1)
                                            ->  Nested Loop  (cost=2333.23..2340.37 rows=21 width=8) (actual time=12.355..12.390 rows=21 loops=1)
                                                  ->  HashAggregate  (cost=2332.93..2333.14 rows=21 width=4) (actual time=12.349..12.353 rows=21 loops=1)
                                                        Group Key: date_dim_4.d_date
                                                        Batches: 1  Memory Usage: 24kB
                                                        ->  Hash Join  (cost=5.41..2332.88 rows=21 width=4) (actual time=6.165..12.345 rows=21 loops=1)
                                                              Hash Cond: (date_dim_4.d_week_seq = date_dim_5.d_week_seq)
                                                              ->  Seq Scan on date_dim date_dim_4  (cost=0.00..2135.49 rows=73049 width=8) (actual time=0.004..4.444 rows=73049 loops=1)
                                                              ->  Hash  (cost=5.37..5.37 rows=3 width=4) (actual time=0.011..0.012 rows=3 loops=1)
                                                                    Buckets: 1024  Batches: 1  Memory Usage: 9kB
                                                                    ->  HashAggregate  (cost=5.34..5.37 rows=3 width=4) (actual time=0.010..0.010 rows=3 loops=1)
                                                                          Group Key: date_dim_5.d_week_seq
                                                                          Batches: 1  Memory Usage: 24kB
                                                                          ->  Index Scan using i_d_date on date_dim date_dim_5  (cost=0.29..5.33 rows=3 width=4) (actual time=0.004..0.007 rows=3 loops=1)
                                                                                Index Cond: (d_date = ANY ('{2000-01-08,2000-08-13,2000-11-08}'::date[]))
                                                  ->  Index Scan using i_d_date on date_dim date_dim_3  (cost=0.29..0.33 rows=1 width=12) (actual time=0.001..0.001 rows=1 loops=21)
                                                        Index Cond: (d_date = date_dim_4.d_date)
                                            ->  Index Scan using i_wr_returned_date_sk on web_returns  (cost=0.29..0.90 rows=33 width=20) (actual time=0.006..0.029 rows=29 loops=21)
                                                  Index Cond: (wr_returned_date_sk = date_dim_3.d_date_sk)
                                      ->  Index Scan using pk_item on item item_1  (cost=0.29..0.32 rows=1 width=25) (actual time=0.001..0.001 rows=1 loops=601)
                                            Index Cond: (i_item_sk = web_returns.wr_item_sk)
              ->  GroupAggregate  (cost=2403.91..2404.65 rows=42 width=25) (actual time=17.457..17.866 rows=1089 loops=1)
                    Group Key: item_2.i_item_id
                    ->  Sort  (cost=2403.91..2404.02 rows=42 width=21) (actual time=17.454..17.501 rows=1159 loops=1)
                          Sort Key: item_2.i_item_id
                          Sort Method: quicksort  Memory: 121kB
                          ->  Nested Loop  (cost=2333.81..2402.78 rows=42 width=21) (actual time=11.545..14.655 rows=1167 loops=1)
                                ->  Nested Loop  (cost=2333.52..2389.55 rows=42 width=12) (actual time=11.541..12.764 rows=1167 loops=1)
                                      ->  Nested Loop  (cost=2333.23..2340.37 rows=21 width=8) (actual time=11.533..11.571 rows=21 loops=1)
                                            ->  HashAggregate  (cost=2332.93..2333.14 rows=21 width=4) (actual time=11.529..11.533 rows=21 loops=1)
                                                  Group Key: date_dim_7.d_date
                                                  Batches: 1  Memory Usage: 24kB
                                                  ->  Hash Join  (cost=5.41..2332.88 rows=21 width=4) (actual time=5.813..11.524 rows=21 loops=1)
                                                        Hash Cond: (date_dim_7.d_week_seq = date_dim_8.d_week_seq)
                                                        ->  Seq Scan on date_dim date_dim_7  (cost=0.00..2135.49 rows=73049 width=8) (actual time=0.002..4.457 rows=73049 loops=1)
                                                        ->  Hash  (cost=5.37..5.37 rows=3 width=4) (actual time=0.011..0.011 rows=3 loops=1)
                                                              Buckets: 1024  Batches: 1  Memory Usage: 9kB
                                                              ->  HashAggregate  (cost=5.34..5.37 rows=3 width=4) (actual time=0.009..0.010 rows=3 loops=1)
                                                                    Group Key: date_dim_8.d_week_seq
                                                                    Batches: 1  Memory Usage: 24kB
                                                                    ->  Index Scan using i_d_date on date_dim date_dim_8  (cost=0.29..5.33 rows=3 width=4) (actual time=0.004..0.007 rows=3 loops=1)
                                                                          Index Cond: (d_date = ANY ('{2000-01-08,2000-08-13,2000-11-08}'::date[]))
                                            ->  Index Scan using i_d_date on date_dim date_dim_6  (cost=0.29..0.33 rows=1 width=12) (actual time=0.001..0.001 rows=1 loops=21)
                                                  Index Cond: (d_date = date_dim_7.d_date)
                                      ->  Index Scan using i_cr_returned_date_sk on catalog_returns  (cost=0.29..1.62 rows=72 width=20) (actual time=0.004..0.048 rows=56 loops=21)
                                            Index Cond: (cr_returned_date_sk = date_dim_6.d_date_sk)
                                ->  Index Scan using pk_item on item item_2  (cost=0.29..0.31 rows=1 width=25) (actual time=0.001..0.001 rows=1 loops=1167)
                                      Index Cond: (i_item_sk = catalog_returns.cr_item_sk)
     item_id      | sr_item_qty |         sr_dev         | cr_item_qty |         cr_dev         | wr_item_qty |         wr_dev         |       average       
------------------+-------------+------------------------+-------------+------------------------+-------------+------------------------+---------------------
 AAAAAAAAELLAAAAA |          22 | 0.00000000000000000000 |          79 | 0.00000000000000000000 |          25 | 0.00000000000000000000 | 42.0000000000000000
 AAAAAAAAEPOBAAAA |          29 | 0.00000000000000000000 |          28 | 0.00000000000000000000 |          38 | 0.00000000000000000000 | 31.6666666666666667
 AAAAAAAAFHPBAAAA |           1 | 0.00000000000000000000 |          32 | 0.00000000000000000000 |          39 | 0.00000000000000000000 | 24.0000000000000000
 AAAAAAAAGHEAAAAA |          91 | 0.00000000000000000000 |         114 | 0.00000000000000000000 |           3 | 0.00000000000000000000 | 69.3333333333333333
 AAAAAAAAHJMDAAAA |          12 | 0.00000000000000000000 |          30 | 0.00000000000000000000 |          42 | 0.00000000000000000000 | 28.0000000000000000
 AAAAAAAAIADDAAAA |          72 | 0.00000000000000000000 |          11 | 0.00000000000000000000 |          30 | 0.00000000000000000000 | 37.6666666666666667
 AAAAAAAAIEOCAAAA |          37 | 0.00000000000000000000 |          38 | 0.00000000000000000000 |          15 | 0.00000000000000000000 | 30.0000000000000000
 AAAAAAAAJOHBAAAA |          31 | 0.00000000000000000000 |          63 | 0.00000000000000000000 |           6 | 0.00000000000000000000 | 33.3333333333333333
 AAAAAAAAMAIAAAAA |           1 | 0.00000000000000000000 |          43 | 0.00000000000000000000 |           4 | 0.00000000000000000000 | 16.0000000000000000
 AAAAAAAAMAJBAAAA |          71 | 0.00000000000000000000 |          40 | 0.00000000000000000000 |          55 | 0.00000000000000000000 | 55.3333333333333333
 AAAAAAAAMHPDAAAA |          39 | 0.00000000000000000000 |          54 | 0.00000000000000000000 |          23 | 0.00000000000000000000 | 38.6666666666666667
 AAAAAAAAMJFAAAAA |           1 | 0.00000000000000000000 |          15 | 0.00000000000000000000 |          35 | 0.00000000000000000000 | 17.0000000000000000
 AAAAAAAAMMOAAAAA |          20 | 0.00000000000000000000 |          22 | 0.00000000000000000000 |          52 | 0.00000000000000000000 | 31.3333333333333333
 AAAAAAAANIOCAAAA |           4 | 0.00000000000000000000 |          25 | 0.00000000000000000000 |          50 | 0.00000000000000000000 | 26.3333333333333333
 AAAAAAAAPBGDAAAA |           1 | 0.00000000000000000000 |           1 | 0.00000000000000000000 |           3 | 0.00000000000000000000 |  1.6666666666666667
 AAAAAAAAPNCEAAAA |          19 | 0.00000000000000000000 |           9 | 0.00000000000000000000 |           8 | 0.00000000000000000000 | 12.0000000000000000
(16 rows)

UPDATE time_statistics SET e_time = TRANSACTION_TIMESTAMP() WHERE template = 'query83.tpl' AND stream = 5;
psql:/tmp/s1-basline/throughput/query_5.sql:3246: NOTICE:  duration: 0.103 ms  plan:
Query Text: UPDATE time_statistics SET e_time = TRANSACTION_TIMESTAMP() WHERE template = 'query83.tpl' AND stream = 5;
Update on time_statistics  (cost=0.00..21.46 rows=0 width=0) (actual time=0.103..0.103 rows=0 loops=1)
  ->  Seq Scan on time_statistics  (cost=0.00..21.46 rows=1 width=14) (actual time=0.088..0.089 rows=1 loops=1)
        Filter: ((template = 'query83.tpl'::text) AND (stream = 5))
        Rows Removed by Filter: 732
UPDATE 1
LOAD 'auto_explain'; SET auto_explain.log_min_duration TO 0; SET auto_explain.log_analyze TO on; SET auto_explain.log_level TO notice; INSERT INTO time_statistics (template, s_time, stream, query, seed) VALUES ('query31.tpl', TRANSACTION_TIMESTAMP(), 5, 66, 1095363221);
LOAD
SET
SET
SET
psql:/tmp/s1-basline/throughput/query_5.sql:3247: NOTICE:  duration: 0.008 ms  plan:
Query Text: INSERT INTO time_statistics (template, s_time, stream, query, seed) VALUES ('query31.tpl', TRANSACTION_TIMESTAMP(), 5, 66, 1095363221);
Insert on time_statistics  (cost=0.00..0.01 rows=0 width=0) (actual time=0.008..0.008 rows=0 loops=1)
  ->  Result  (cost=0.00..0.01 rows=1 width=64) (actual time=0.001..0.001 rows=1 loops=1)
INSERT 0 1
with ss as
 (select ca_county,d_qoy, d_year,sum(ss_ext_sales_price) as store_sales
 from store_sales,date_dim,customer_address
 where ss_sold_date_sk = d_date_sk
  and ss_addr_sk=ca_address_sk
 group by ca_county,d_qoy, d_year),
 ws as
 (select ca_county,d_qoy, d_year,sum(ws_ext_sales_price) as web_sales
 from web_sales,date_dim,customer_address
 where ws_sold_date_sk = d_date_sk
  and ws_bill_addr_sk=ca_address_sk
 group by ca_county,d_qoy, d_year)
 select 
        ss1.ca_county
       ,ss1.d_year
       ,ws2.web_sales/ws1.web_sales web_q1_q2_increase
       ,ss2.store_sales/ss1.store_sales store_q1_q2_increase
       ,ws3.web_sales/ws2.web_sales web_q2_q3_increase
       ,ss3.store_sales/ss2.store_sales store_q2_q3_increase
 from
        ss ss1
       ,ss ss2
       ,ss ss3
       ,ws ws1
       ,ws ws2
       ,ws ws3
 where
    ss1.d_qoy = 1
    and ss1.d_year = 1999
    and ss1.ca_county = ss2.ca_county
    and ss2.d_qoy = 2
    and ss2.d_year = 1999
 and ss2.ca_county = ss3.ca_county
    and ss3.d_qoy = 3
    and ss3.d_year = 1999
    and ss1.ca_county = ws1.ca_county
    and ws1.d_qoy = 1
    and ws1.d_year = 1999
    and ws1.ca_county = ws2.ca_county
    and ws2.d_qoy = 2
    and ws2.d_year = 1999
    and ws1.ca_county = ws3.ca_county
    and ws3.d_qoy = 3
    and ws3.d_year =1999
    and case when ws1.web_sales > 0 then ws2.web_sales/ws1.web_sales else null end 
       > case when ss1.store_sales > 0 then ss2.store_sales/ss1.store_sales else null end
    and case when ws2.web_sales > 0 then ws3.web_sales/ws2.web_sales else null end
       > case when ss2.store_sales > 0 then ss3.store_sales/ss2.store_sales else null end
 order by ss1.ca_county;
psql:/tmp/s1-basline/throughput/query_5.sql:3296: NOTICE:  duration: 9452.228 ms  plan:
Query Text: with ss as
 (select ca_county,d_qoy, d_year,sum(ss_ext_sales_price) as store_sales
 from store_sales,date_dim,customer_address
 where ss_sold_date_sk = d_date_sk
  and ss_addr_sk=ca_address_sk
 group by ca_county,d_qoy, d_year),
 ws as
 (select ca_county,d_qoy, d_year,sum(ws_ext_sales_price) as web_sales
 from web_sales,date_dim,customer_address
 where ws_sold_date_sk = d_date_sk
  and ws_bill_addr_sk=ca_address_sk
 group by ca_county,d_qoy, d_year)
 select 
        ss1.ca_county
       ,ss1.d_year
       ,ws2.web_sales/ws1.web_sales web_q1_q2_increase
       ,ss2.store_sales/ss1.store_sales store_q1_q2_increase
       ,ws3.web_sales/ws2.web_sales web_q2_q3_increase
       ,ss3.store_sales/ss2.store_sales store_q2_q3_increase
 from
        ss ss1
       ,ss ss2
       ,ss ss3
       ,ws ws1
       ,ws ws2
       ,ws ws3
 where
    ss1.d_qoy = 1
    and ss1.d_year = 1999
    and ss1.ca_county = ss2.ca_county
    and ss2.d_qoy = 2
    and ss2.d_year = 1999
 and ss2.ca_county = ss3.ca_county
    and ss3.d_qoy = 3
    and ss3.d_year = 1999
    and ss1.ca_county = ws1.ca_county
    and ws1.d_qoy = 1
    and ws1.d_year = 1999
    and ws1.ca_county = ws2.ca_county
    and ws2.d_qoy = 2
    and ws2.d_year = 1999
    and ws1.ca_county = ws3.ca_county
    and ws3.d_qoy = 3
    and ws3.d_year =1999
    and case when ws1.web_sales > 0 then ws2.web_sales/ws1.web_sales else null end 
       > case when ss1.store_sales > 0 then ss2.store_sales/ss1.store_sales else null end
    and case when ws2.web_sales > 0 then ws3.web_sales/ws2.web_sales else null end
       > case when ss2.store_sales > 0 then ss3.store_sales/ss2.store_sales else null end
 order by ss1.ca_county;
Nested Loop  (cost=420977.95..550351.43 rows=1 width=114) (actual time=2894.914..9452.175 rows=43 loops=1)
  Join Filter: (((ss1.ca_county)::text = (ws2.ca_county)::text) AND (CASE WHEN (ws1.web_sales > '0'::double precision) THEN (ws2.web_sales / ws1.web_sales) ELSE NULL::double precision END > CASE WHEN (ss1.store_sales > '0'::double precision) THEN (ss2.store_sales / ss1.store_sales) ELSE NULL::double precision END) AND (CASE WHEN (ws2.web_sales > '0'::double precision) THEN (ws3.web_sales / ws2.web_sales) ELSE NULL::double precision END > CASE WHEN (ss2.store_sales > '0'::double precision) THEN (ss3.store_sales / ss2.store_sales) ELSE NULL::double precision END))
  Rows Removed by Join Filter: 564191
  CTE ss
    ->  HashAggregate  (cost=241250.83..292135.40 rows=1484184 width=30) (actual time=2050.781..2058.260 rows=35194 loops=1)
          Group Key: customer_address.ca_county, date_dim.d_qoy, date_dim.d_year
          Planned Partitions: 8  Batches: 1  Memory Usage: 10257kB
          ->  Hash Join  (cost=5321.60..122515.79 rows=2636268 width=30) (actual time=39.004..1455.950 rows=2651057 loops=1)
                Hash Cond: (store_sales.ss_sold_date_sk = date_dim.d_date_sk)
                ->  Hash Join  (cost=2273.00..112223.28 rows=2759431 width=30) (actual time=15.156..1026.778 rows=2716148 loops=1)
                      Hash Cond: (store_sales.ss_addr_sk = customer_address.ca_address_sk)
                      ->  Seq Scan on store_sales  (cost=0.00..102361.67 rows=2890667 width=24) (actual time=0.006..221.719 rows=2844450 loops=1)
                      ->  Hash  (cost=1648.00..1648.00 rows=50000 width=22) (actual time=14.875..14.877 rows=50000 loops=1)
                            Buckets: 65536  Batches: 1  Memory Usage: 3298kB
                            ->  Seq Scan on customer_address  (cost=0.00..1648.00 rows=50000 width=22) (actual time=0.004..7.129 rows=50000 loops=1)
                ->  Hash  (cost=2135.49..2135.49 rows=73049 width=16) (actual time=23.308..23.309 rows=73049 loops=1)
                      Buckets: 131072  Batches: 1  Memory Usage: 4449kB
                      ->  Seq Scan on date_dim  (cost=0.00..2135.49 rows=73049 width=16) (actual time=0.008..11.928 rows=73049 loops=1)
  CTE ws
    ->  HashAggregate  (cost=75631.33..92728.65 rows=722263 width=30) (actual time=593.930..598.925 rows=23264 loops=1)
          Group Key: customer_address_1.ca_county, date_dim_1.d_qoy, date_dim_1.d_year
          Planned Partitions: 4  Batches: 1  Memory Usage: 9233kB
          ->  Hash Join  (cost=5321.60..43101.28 rows=722263 width=30) (actual time=34.362..432.672 rows=711294 loops=1)
                Hash Cond: (web_sales.ws_sold_date_sk = date_dim_1.d_date_sk)
                ->  Hash Join  (cost=2273.00..38156.37 rows=722359 width=30) (actual time=14.780..301.796 rows=711370 loops=1)
                      Hash Cond: (web_sales.ws_bill_addr_sk = customer_address_1.ca_address_sk)
                      ->  Seq Scan on web_sales  (cost=0.00..33986.52 rows=722552 width=24) (actual time=0.004..62.969 rows=711555 loops=1)
                      ->  Hash  (cost=1648.00..1648.00 rows=50000 width=22) (actual time=14.739..14.740 rows=50000 loops=1)
                            Buckets: 65536  Batches: 1  Memory Usage: 3298kB
                            ->  Seq Scan on customer_address customer_address_1  (cost=0.00..1648.00 rows=50000 width=22) (actual time=0.004..7.149 rows=50000 loops=1)
                ->  Hash  (cost=2135.49..2135.49 rows=73049 width=16) (actual time=19.515..19.515 rows=73049 loops=1)
                      Buckets: 131072  Batches: 1  Memory Usage: 4449kB
                      ->  Seq Scan on date_dim date_dim_1  (cost=0.00..2135.49 rows=73049 width=16) (actual time=0.008..10.160 rows=73049 loops=1)
  ->  Nested Loop  (cost=36113.90..147430.12 rows=1 width=434) (actual time=2679.309..8319.538 rows=618 loops=1)
        Join Filter: ((ss1.ca_county)::text = (ss3.ca_county)::text)
        Rows Removed by Join Filter: 1128757
        ->  Nested Loop  (cost=36113.90..110325.06 rows=1 width=348) (actual time=2673.113..6570.099 rows=625 loops=1)
              Join Filter: ((ss1.ca_county)::text = (ss2.ca_county)::text)
              Rows Removed by Join Filter: 1104441
              ->  Nested Loop  (cost=36113.90..73220.00 rows=1 width=262) (actual time=2661.083..4691.815 rows=673 loops=1)
                    Join Filter: ((ws1.ca_county)::text = (ss1.ca_county)::text)
                    Rows Removed by Join Filter: 1201676
                    ->  Merge Join  (cost=36113.90..36114.10 rows=2 width=172) (actual time=609.875..610.919 rows=723 loops=1)
                          Merge Cond: ((ws1.ca_county)::text = (ws3.ca_county)::text)
                          ->  Sort  (cost=18056.95..18057.00 rows=18 width=86) (actual time=606.824..606.905 rows=955 loops=1)
                                Sort Key: ws1.ca_county
                                Sort Method: quicksort  Memory: 86kB
                                ->  CTE Scan on ws ws1  (cost=0.00..18056.58 rows=18 width=86) (actual time=593.934..605.937 rows=956 loops=1)
                                      Filter: ((d_qoy = 1) AND (d_year = 1999))
                                      Rows Removed by Filter: 22308
                          ->  Sort  (cost=18056.95..18057.00 rows=18 width=86) (actual time=3.047..3.216 rows=1269 loops=1)
                                Sort Key: ws3.ca_county
                                Sort Method: quicksort  Memory: 130kB
                                ->  CTE Scan on ws ws3  (cost=0.00..18056.58 rows=18 width=86) (actual time=0.003..1.816 rows=1269 loops=1)
                                      Filter: ((d_year = 1999) AND (d_qoy = 3))
                                      Rows Removed by Filter: 21995
                    ->  CTE Scan on ss ss1  (cost=0.00..37104.60 rows=37 width=90) (actual time=2.837..5.547 rows=1663 loops=723)
                          Filter: ((d_qoy = 1) AND (d_year = 1999))
                          Rows Removed by Filter: 33531
              ->  CTE Scan on ss ss2  (cost=0.00..37104.60 rows=37 width=86) (actual time=0.002..2.693 rows=1642 loops=673)
                    Filter: ((d_year = 1999) AND (d_qoy = 2))
                    Rows Removed by Filter: 33552
        ->  CTE Scan on ss ss3  (cost=0.00..37104.60 rows=37 width=86) (actual time=0.001..2.693 rows=1807 loops=625)
              Filter: ((d_year = 1999) AND (d_qoy = 3))
              Rows Removed by Filter: 33387
  ->  CTE Scan on ws ws2  (cost=0.00..18056.58 rows=18 width=86) (actual time=0.000..1.765 rows=913 loops=618)
        Filter: ((d_year = 1999) AND (d_qoy = 2))
        Rows Removed by Filter: 22351
     ca_county     | d_year | web_q1_q2_increase | store_q1_q2_increase | web_q2_q3_increase | store_q2_q3_increase 
-------------------+--------+--------------------+----------------------+--------------------+----------------------
 Ascension Parish  |   1999 | 1.9619159038705474 |   0.5426225870497754 | 2.5202399648767955 |   1.7200822266124192
 Bacon County      |   1999 | 0.8498606141975199 |   0.8098845126176099 | 1.6810649448590662 |   0.8068854414576668
 Baker County      |   1999 | 1.8224335103042864 |   1.2078109784399202 |  3.463561031001142 |   1.9609082376499298
 Barbour County    |   1999 |  2.741646962103853 |   1.6993916429426414 | 1.5052818546863256 |   1.3493533039715424
 Benson County     |   1999 | 1.5028691700065726 |   1.3379677229339861 | 2.3382619142296988 |    1.979412345188605
 Butte County      |   1999 | 1.4295142443013278 |   1.3763046314965641 |  4.757982016838007 |    1.189282605721461
 Cambria County    |   1999 | 1.2388258926741276 |   0.6856598383024859 |   2.68170681181309 |   0.9402459806689054
 Caroline County   |   1999 |  5.737858604012175 |    0.850641116190672 | 1.7935874848002293 |   1.1302691020872606
 Cheyenne County   |   1999 |  3.977751666709239 |   0.8939391629790049 | 1.2433732006207525 |   0.5624599890111551
 Clay County       |   1999 | 0.9189842028982105 |   0.7730270003925825 |  2.315855161327583 |     1.73978034227141
 Custer County     |   1999 | 0.8324158621392006 |   0.6317481800031943 |  2.955812125771186 |    2.409486742838964
 Door County       |   1999 | 0.4223529958538421 |   0.2902556428319241 |  8.304768700494769 |    5.150095317038398
 Eddy County       |   1999 |  0.832109103984669 |   0.7743122450978173 |  4.528270098053298 |    1.532392782646638
 Florence County   |   1999 | 2.3299294282202347 |   0.9127242762695589 | 2.0224999897671507 |   1.1024286529067788
 Harrison County   |   1999 | 1.2880247196987555 |   0.8386844690094724 |  3.194694013325235 |   1.5690789385662796
 Henderson County  |   1999 |  1.058634160024798 |   0.6598954245773494 | 2.3225376614841804 |    2.036245301921639
 Iron County       |   1999 | 0.9454306860399279 |   0.9329391088540843 | 2.8177723635837477 |   1.1519844992169737
 Jackson County    |   1999 | 1.3730945153228145 |   1.0498820643463318 | 1.9666932549400247 |   1.8027848905291437
 Jefferson County  |   1999 | 0.8536212210208821 |   0.8505210948075618 | 2.4800540510592635 |    2.306894740267328
 Jones County      |   1999 |   1.22619378260127 |   0.5244286332524706 |   5.25399313126908 |   0.9830385528967173
 Lamar County      |   1999 | 0.7504968036701142 |   0.5356125934284411 |  3.234575984408971 |   2.5012277844252204
 Leelanau County   |   1999 | 0.8736552507952793 |    0.442813391695051 |  2.069424146456949 |   0.6446397695582423
 Lincoln County    |   1999 | 0.9410988696090621 |   0.7758340280678899 |  1.996193424101167 |   1.9254381075439146
 Lyon County       |   1999 |  2.937371000503804 |   1.3859744645888943 | 1.2521142113524077 |   1.1672371815733154
 Mineral County    |   1999 | 1.5962992152205036 |   0.5329548766791263 |  3.241514786974391 |    2.007603111860464
 Montour County    |   1999 | 1.0588280523647904 |   0.7332259161957324 |  5.322395820095636 |   1.8769955078065272
 Morton County     |   1999 | 1.1034985448374701 |   0.6940909310136745 | 2.3408956831723557 |    1.392965559529676
 New Castle County |   1999 | 1.6798445358939187 |   1.0282676209122577 | 1.0386259128544104 |   0.6646037740358761
 Newton County     |   1999 | 1.7587368696874572 |   0.6481182479945495 |  2.773646154630845 |   1.2595318146586003
 Oakland County    |   1999 |  1.218968304518776 |   1.1803846764565213 | 0.4076100230990935 |   0.3504168752620448
 Perquimans County |   1999 | 1.5625048613863326 |   0.5614897543881371 | 0.5246074541300325 |  0.11000577199953306
 Polk County       |   1999 | 0.9237051520996803 |   0.7262159209006563 | 1.7935292288140177 |    1.273495344189111
 Richland County   |   1999 | 2.4968009473867783 |   1.2106440153886313 |  4.332996666740843 |    1.859773292865678
 Robertson County  |   1999 | 1.2995166249153303 |   1.2506680793886504 | 1.4934668696077797 |   1.4575251048315812
 Schley County     |   1999 | 1.7591676476150342 |   1.1005839802065966 | 1.0576091863709856 |   0.9326303482492806
 Scott County      |   1999 | 2.2259335079576945 |   1.2406726033293825 | 1.3572207939722016 |   1.1539680450849013
 Somerset County   |   1999 | 1.1266630652223877 |   1.0741789499590477 | 2.7837557336554974 |   1.3714393026822251
 Tyler County      |   1999 |  1.984370418918836 |   0.8584800750981479 | 1.0227383993179426 |   0.3742977616883373
 Union County      |   1999 | 1.1994565662753582 |   0.9887744744537444 | 1.7602810946883216 |   1.0825575938357401
 Upshur County     |   1999 | 1.2071287590718567 |   1.0584020817338287 |  2.017732361878468 |   1.8718169098635582
 Waseca County     |   1999 | 0.6548741653765809 |  0.33661180354493775 |  3.399821294828855 |   2.3776117794483884
 White County      |   1999 | 1.2693538694493385 |   0.9624339225552336 | 1.2488630169644703 |   1.1223608621942895
 Wright County     |   1999 | 2.5457800119392084 |   1.7304594267639524 | 3.0141881503872185 |   1.1412145612386961
(43 rows)

UPDATE time_statistics SET e_time = TRANSACTION_TIMESTAMP() WHERE template = 'query31.tpl' AND stream = 5;
psql:/tmp/s1-basline/throughput/query_5.sql:3298: NOTICE:  duration: 0.114 ms  plan:
Query Text: UPDATE time_statistics SET e_time = TRANSACTION_TIMESTAMP() WHERE template = 'query31.tpl' AND stream = 5;
Update on time_statistics  (cost=0.00..21.46 rows=0 width=0) (actual time=0.113..0.113 rows=0 loops=1)
  ->  Seq Scan on time_statistics  (cost=0.00..21.46 rows=1 width=14) (actual time=0.099..0.099 rows=1 loops=1)
        Filter: ((template = 'query31.tpl'::text) AND (stream = 5))
        Rows Removed by Filter: 733
UPDATE 1
LOAD 'auto_explain'; SET auto_explain.log_min_duration TO 0; SET auto_explain.log_analyze TO on; SET auto_explain.log_level TO notice; INSERT INTO time_statistics (template, s_time, stream, query, seed) VALUES ('query26.tpl', TRANSACTION_TIMESTAMP(), 5, 67, 1751797623);
LOAD
SET
SET
SET
psql:/tmp/s1-basline/throughput/query_5.sql:3299: NOTICE:  duration: 0.009 ms  plan:
Query Text: INSERT INTO time_statistics (template, s_time, stream, query, seed) VALUES ('query26.tpl', TRANSACTION_TIMESTAMP(), 5, 67, 1751797623);
Insert on time_statistics  (cost=0.00..0.01 rows=0 width=0) (actual time=0.008..0.008 rows=0 loops=1)
  ->  Result  (cost=0.00..0.01 rows=1 width=64) (actual time=0.001..0.002 rows=1 loops=1)
INSERT 0 1
select  i_item_id, 
        avg(cs_quantity) agg1,
        avg(cs_list_price) agg2,
        avg(cs_coupon_amt) agg3,
        avg(cs_sales_price) agg4 
 from catalog_sales, customer_demographics, date_dim, item, promotion
 where cs_sold_date_sk = d_date_sk and
       cs_item_sk = i_item_sk and
       cs_bill_cdemo_sk = cd_demo_sk and
       cs_promo_sk = p_promo_sk and
       cd_gender = 'M' and 
       cd_marital_status = 'M' and
       cd_education_status = '2 yr Degree' and
       (p_channel_email = 'N' or p_channel_event = 'N') and
       d_year = 2001 
 group by i_item_id
 order by i_item_id
 limit 100;
psql:/tmp/s1-basline/throughput/query_5.sql:3317: NOTICE:  duration: 639.290 ms  plan:
Query Text: select  i_item_id, 
        avg(cs_quantity) agg1,
        avg(cs_list_price) agg2,
        avg(cs_coupon_amt) agg3,
        avg(cs_sales_price) agg4 
 from catalog_sales, customer_demographics, date_dim, item, promotion
 where cs_sold_date_sk = d_date_sk and
       cs_item_sk = i_item_sk and
       cs_bill_cdemo_sk = cd_demo_sk and
       cs_promo_sk = p_promo_sk and
       cd_gender = 'M' and 
       cd_marital_status = 'M' and
       cd_education_status = '2 yr Degree' and
       (p_channel_email = 'N' or p_channel_event = 'N') and
       d_year = 2001 
 group by i_item_id
 order by i_item_id
 limit 100;
Limit  (cost=24958.54..24962.04 rows=100 width=73) (actual time=639.126..639.231 rows=100 loops=1)
  ->  GroupAggregate  (cost=24958.54..24962.15 rows=103 width=73) (actual time=639.125..639.224 rows=100 loops=1)
        Group Key: item.i_item_id
        ->  Sort  (cost=24958.54..24958.80 rows=103 width=45) (actual time=639.112..639.119 rows=130 loops=1)
              Sort Key: item.i_item_id
              Sort Method: quicksort  Memory: 552kB
              ->  Nested Loop  (cost=1.29..24955.10 rows=103 width=45) (actual time=4.364..627.447 rows=4187 loops=1)
                    ->  Nested Loop  (cost=1.00..24923.58 rows=103 width=36) (actual time=4.359..618.369 rows=4187 loops=1)
                          ->  Nested Loop  (cost=0.85..24905.90 rows=104 width=44) (actual time=4.356..613.202 rows=4224 loops=1)
                                ->  Nested Loop  (cost=0.43..21531.98 rows=7137 width=52) (actual time=4.130..125.367 rows=279955 loops=1)
                                      ->  Seq Scan on date_dim  (cost=0.00..2318.11 rows=363 width=8) (actual time=4.117..8.547 rows=365 loops=1)
                                            Filter: (d_year = 2001)
                                            Rows Removed by Filter: 72684
                                      ->  Index Scan using i_cs_sold_date_sk on catalog_sales  (cost=0.43..45.08 rows=785 width=60) (actual time=0.004..0.175 rows=767 loops=365)
                                            Index Cond: (cs_sold_date_sk = date_dim.d_date_sk)
                                ->  Index Scan using pk_customer_demographics on customer_demographics  (cost=0.43..0.47 rows=1 width=8) (actual time=0.002..0.002 rows=0 loops=279955)
                                      Index Cond: (cd_demo_sk = catalog_sales.cs_bill_cdemo_sk)
                                      Filter: ((cd_gender = 'M'::bpchar) AND (cd_marital_status = 'M'::bpchar) AND (cd_education_status = '2 yr Degree'::bpchar))
                                      Rows Removed by Filter: 1
                          ->  Index Scan using pk_promotion on promotion  (cost=0.15..0.17 rows=1 width=8) (actual time=0.001..0.001 rows=1 loops=4224)
                                Index Cond: (p_promo_sk = catalog_sales.cs_promo_sk)
                                Filter: ((p_channel_email = 'N'::bpchar) OR (p_channel_event = 'N'::bpchar))
                                Rows Removed by Filter: 0
                    ->  Index Scan using pk_item on item  (cost=0.29..0.31 rows=1 width=25) (actual time=0.002..0.002 rows=1 loops=4187)
                          Index Cond: (i_item_sk = catalog_sales.cs_item_sk)
    i_item_id     |         agg1         |        agg2        |        agg3        |        agg4        
------------------+----------------------+--------------------+--------------------+--------------------
 AAAAAAAAAAAEAAAA |  87.0000000000000000 |               96.2 |                  0 |               0.96
 AAAAAAAAAACDAAAA |  54.0000000000000000 |              57.68 |             106.49 |               5.19
 AAAAAAAAAADBAAAA |  52.0000000000000000 |             95.295 |            838.575 |             46.045
 AAAAAAAAAAEAAAAA |   2.0000000000000000 |             170.67 |                  0 |              54.61
 AAAAAAAAAAEBAAAA |  12.0000000000000000 |                173 |                  0 |             169.54
 AAAAAAAAAAEDAAAA |  29.0000000000000000 |               3.65 |                  0 |               0.29
 AAAAAAAAAAFAAAAA |  80.0000000000000000 |              26.72 |                  0 |               8.55
 AAAAAAAAAAFCAAAA |  39.5000000000000000 |            116.985 |                  0 |             25.125
 AAAAAAAAAAGCAAAA |  59.0000000000000000 |              127.9 |                  0 |              95.92
 AAAAAAAAAAGEAAAA |  94.0000000000000000 |              27.73 |                  0 |               21.9
 AAAAAAAAAAHBAAAA |   9.0000000000000000 |             135.41 |                  0 |              88.01
 AAAAAAAAAAIAAAAA |  89.0000000000000000 |             162.83 |                  0 |              96.06
 AAAAAAAAAAICAAAA |  14.0000000000000000 |              100.1 |                  0 |              32.03
 AAAAAAAAAAJBAAAA |  49.0000000000000000 |              53.55 |                  0 |              31.05
 AAAAAAAAAAKAAAAA |  43.0000000000000000 |              18.98 |                  0 |               9.67
 AAAAAAAAAALAAAAA |  22.0000000000000000 |             127.44 |                  0 |              20.39
 AAAAAAAAAALCAAAA |  64.5000000000000000 | 136.70999999999998 |                  0 |              69.07
 AAAAAAAAAALDAAAA |  13.0000000000000000 |              72.68 |                  0 |               7.99
 AAAAAAAAAAMCAAAA |  66.0000000000000000 | 139.71333333333334 |                  0 |  92.00333333333334
 AAAAAAAAAAOCAAAA |  78.5000000000000000 |             36.545 |                  0 |               24.4
 AAAAAAAAAAODAAAA |  67.0000000000000000 |             124.09 |             4302.4 |              85.62
 AAAAAAAAAAPCAAAA |  62.0000000000000000 |             151.45 |                  0 |              86.32
 AAAAAAAAABBCAAAA |  43.0000000000000000 |             230.49 |                  0 |              69.14
 AAAAAAAAABCBAAAA |  72.0000000000000000 |               5.96 |                  0 |               3.87
 AAAAAAAAABCCAAAA |   5.0000000000000000 |              74.67 |                  0 |              67.94
 AAAAAAAAABCEAAAA |  69.0000000000000000 |              45.51 |              39.55 |              19.11
 AAAAAAAAABDAAAAA |  59.0000000000000000 |             81.685 |             75.745 |              24.96
 AAAAAAAAABDBAAAA |  36.3333333333333333 |  67.81333333333333 | 38.276666666666664 | 12.003333333333336
 AAAAAAAAABEAAAAA |  42.0000000000000000 |              59.37 |                  0 |              58.18
 AAAAAAAAABECAAAA | 100.0000000000000000 |               35.5 |             3036.2 |               32.3
 AAAAAAAAABFCAAAA |  78.0000000000000000 |              192.9 |                  0 |             162.03
 AAAAAAAAABGDAAAA |  91.0000000000000000 |              22.88 |                  0 |              12.58
 AAAAAAAAABJAAAAA |  51.0000000000000000 |               4.62 |                  0 |               3.97
 AAAAAAAAABKCAAAA |  23.0000000000000000 |              45.46 |                  0 |               7.72
 AAAAAAAAABKDAAAA |  93.0000000000000000 |              72.75 |                  0 |              72.75
 AAAAAAAAABNDAAAA |  17.0000000000000000 |             145.21 |                  0 |              11.61
 AAAAAAAAABPAAAAA |  27.0000000000000000 |             154.49 |                  0 |             117.41
 AAAAAAAAABPBAAAA |  15.0000000000000000 |             177.35 |             610.76 |              72.71
 AAAAAAAAACADAAAA |  46.0000000000000000 |              81.78 |                  0 |               50.7
 AAAAAAAAACCAAAAA |  42.0000000000000000 |              111.5 |                  0 |              82.51
 AAAAAAAAACDAAAAA |  32.0000000000000000 |             120.03 |                  0 |              78.01
 AAAAAAAAACDCAAAA |  61.0000000000000000 |              60.51 |                  0 |              11.49
 AAAAAAAAACDDAAAA |  67.0000000000000000 |              78.91 |             127.94 |               8.68
 AAAAAAAAACFBAAAA |  93.0000000000000000 |             135.79 |                  0 |               1.35
 AAAAAAAAACFDAAAA |  18.0000000000000000 |               8.06 |                  0 |               5.15
 AAAAAAAAACGDAAAA |  60.0000000000000000 |              93.53 |              65.08 |              54.24
 AAAAAAAAACHBAAAA |  30.0000000000000000 |              167.2 |                  0 |               23.4
 AAAAAAAAACJAAAAA |  20.5000000000000000 | 107.79499999999999 |             79.295 |              68.34
 AAAAAAAAACJDAAAA |  23.0000000000000000 |             268.82 |                  0 |               5.37
 AAAAAAAAACLDAAAA |  91.0000000000000000 |             215.99 |                  0 |             213.83
 AAAAAAAAACMAAAAA |  41.0000000000000000 |             107.31 |                  0 |              15.02
 AAAAAAAAACPAAAAA |  55.0000000000000000 |              61.75 |                  0 |               9.88
 AAAAAAAAADABAAAA |  74.0000000000000000 |              69.06 |                  0 |              38.67
 AAAAAAAAADAEAAAA |  44.0000000000000000 |             173.73 |                  0 |              29.53
 AAAAAAAAADCAAAAA |  44.0000000000000000 |              23.78 |             134.93 |               4.51
 AAAAAAAAADDCAAAA |  10.0000000000000000 |             121.23 |                  0 |             103.04
 AAAAAAAAADEBAAAA |  20.0000000000000000 |               46.9 |                  0 |              42.67
 AAAAAAAAADFCAAAA |  46.0000000000000000 |             153.24 |                  0 |             117.99
 AAAAAAAAADGBAAAA |  14.0000000000000000 |              88.91 |              74.88 |              12.44
 AAAAAAAAADGEAAAA |  39.0000000000000000 |               5.68 |              26.67 |                0.9
 AAAAAAAAADHBAAAA |  68.0000000000000000 |             163.29 |                  0 |             111.03
 AAAAAAAAADIAAAAA |  60.0000000000000000 |              72.53 |                  0 |  55.31999999999999
 AAAAAAAAADIDAAAA |   6.0000000000000000 |               26.1 |              57.24 |                 18
 AAAAAAAAADJBAAAA |  53.6666666666666667 | 151.50666666666666 |             525.85 |  26.91333333333333
 AAAAAAAAADLDAAAA |  98.0000000000000000 |             144.85 |                  0 |              62.28
 AAAAAAAAADMCAAAA |  31.0000000000000000 |              72.93 |                  0 |              38.65
 AAAAAAAAADOCAAAA |  11.0000000000000000 |             168.88 |                  0 |             148.61
 AAAAAAAAAEAAAAAA |  63.0000000000000000 |              50.38 |                  0 |              29.72
 AAAAAAAAAEADAAAA |  48.0000000000000000 |              47.98 |                  0 |              15.35
 AAAAAAAAAEBAAAAA |  48.0000000000000000 |  66.89666666666666 |                  0 |              25.89
 AAAAAAAAAEDDAAAA |  64.0000000000000000 |              35.14 |                  0 |              33.38
 AAAAAAAAAEDEAAAA |  37.5000000000000000 |            104.035 |             297.47 |              97.07
 AAAAAAAAAEGBAAAA |  58.5000000000000000 |              77.92 |           1706.805 |             39.825
 AAAAAAAAAEGDAAAA |  61.0000000000000000 |              64.99 |                  0 |              36.39
 AAAAAAAAAEGEAAAA |  32.0000000000000000 |              60.27 |                  0 |              40.38
 AAAAAAAAAEHAAAAA |  61.0000000000000000 | 36.803333333333335 | 235.73333333333332 |  8.663333333333334
 AAAAAAAAAEJAAAAA |   4.0000000000000000 |              32.83 |                  0 |               7.87
 AAAAAAAAAEJDAAAA |  35.5000000000000000 |            116.915 |           1427.495 |             86.585
 AAAAAAAAAEKDAAAA |  64.0000000000000000 |             106.77 |            1037.83 |              52.31
 AAAAAAAAAEMBAAAA |  66.0000000000000000 |              55.34 |                  0 |              39.84
 AAAAAAAAAENDAAAA |  93.0000000000000000 |               9.46 |                  0 |               0.09
 AAAAAAAAAEPBAAAA |   5.0000000000000000 |              28.67 |              64.31 |              19.49
 AAAAAAAAAEPDAAAA |  73.0000000000000000 |              104.2 |                  0 |              16.67
 AAAAAAAAAFBBAAAA |  64.0000000000000000 |             38.835 |                  0 |             15.555
 AAAAAAAAAFCAAAAA |  55.3333333333333333 |  92.04333333333334 |  7.096666666666667 | 15.666666666666666
 AAAAAAAAAFCDAAAA |  84.0000000000000000 |              194.3 |                  0 |               3.88
 AAAAAAAAAFDCAAAA |  53.0000000000000000 | 121.97999999999999 |                  0 |              65.63
 AAAAAAAAAFDDAAAA |  53.0000000000000000 |             190.75 |            2887.34 |             129.71
 AAAAAAAAAFFAAAAA |  49.0000000000000000 |             159.24 |                  0 |              71.65
 AAAAAAAAAFFBAAAA |  45.0000000000000000 |              49.65 |                  0 |               27.3
 AAAAAAAAAFIDAAAA |  67.0000000000000000 |             111.87 |                  0 |              21.25
 AAAAAAAAAFJCAAAA |  24.0000000000000000 |             175.16 |                  0 |             101.59
 AAAAAAAAAFKCAAAA |  89.0000000000000000 |               27.1 |             640.88 |               7.58
 AAAAAAAAAFLAAAAA |  80.0000000000000000 |              67.73 |                  0 |              10.83
 AAAAAAAAAFMDAAAA |  73.0000000000000000 |              25.04 |                  0 |              18.52
 AAAAAAAAAFNCAAAA |   5.0000000000000000 |              36.83 |                  0 |               4.05
 AAAAAAAAAFOAAAAA |  55.0000000000000000 |             206.27 |                  0 |             127.88
 AAAAAAAAAFOBAAAA |  96.0000000000000000 |              89.87 |                  0 |              79.98
 AAAAAAAAAFPAAAAA |   8.0000000000000000 |             124.39 |                  0 |              77.12
 AAAAAAAAAFPDAAAA |  76.7500000000000000 |             135.22 |           716.0825 | 38.120000000000005
(100 rows)

UPDATE time_statistics SET e_time = TRANSACTION_TIMESTAMP() WHERE template = 'query26.tpl' AND stream = 5;
psql:/tmp/s1-basline/throughput/query_5.sql:3319: NOTICE:  duration: 0.111 ms  plan:
Query Text: UPDATE time_statistics SET e_time = TRANSACTION_TIMESTAMP() WHERE template = 'query26.tpl' AND stream = 5;
Update on time_statistics  (cost=0.00..21.46 rows=0 width=0) (actual time=0.111..0.111 rows=0 loops=1)
  ->  Seq Scan on time_statistics  (cost=0.00..21.46 rows=1 width=14) (actual time=0.095..0.095 rows=1 loops=1)
        Filter: ((template = 'query26.tpl'::text) AND (stream = 5))
        Rows Removed by Filter: 734
UPDATE 1
LOAD 'auto_explain'; SET auto_explain.log_min_duration TO 0; SET auto_explain.log_analyze TO on; SET auto_explain.log_level TO notice; INSERT INTO time_statistics (template, s_time, stream, query, seed) VALUES ('../query_postgresql/query40.tpl', TRANSACTION_TIMESTAMP(), 5, 68, 1296814279);
LOAD
SET
SET
SET
psql:/tmp/s1-basline/throughput/query_5.sql:3320: NOTICE:  duration: 0.009 ms  plan:
Query Text: INSERT INTO time_statistics (template, s_time, stream, query, seed) VALUES ('../query_postgresql/query40.tpl', TRANSACTION_TIMESTAMP(), 5, 68, 1296814279);
Insert on time_statistics  (cost=0.00..0.01 rows=0 width=0) (actual time=0.008..0.008 rows=0 loops=1)
  ->  Result  (cost=0.00..0.01 rows=1 width=64) (actual time=0.002..0.002 rows=1 loops=1)
INSERT 0 1
select  
   w_state
  ,i_item_id
  ,sum(case when (cast(d_date as date) < cast ('1999-02-03' as date)) 
 		then cs_sales_price - coalesce(cr_refunded_cash,0) else 0 end) as sales_before
  ,sum(case when (cast(d_date as date) >= cast ('1999-02-03' as date)) 
 		then cs_sales_price - coalesce(cr_refunded_cash,0) else 0 end) as sales_after
 from
   catalog_sales left outer join catalog_returns on
       (cs_order_number = cr_order_number 
        and cs_item_sk = cr_item_sk)
  ,warehouse 
  ,item
  ,date_dim
 where
     i_current_price between 0.99 and 1.49
 and i_item_sk          = cs_item_sk
 and cs_warehouse_sk    = w_warehouse_sk 
 and cs_sold_date_sk    = d_date_sk
 and d_date between (cast ('1999-02-03' as date) - interval '30 days')
                and (cast ('1999-02-03' as date) + interval '30 days') 
 group by
    w_state,i_item_id
 order by w_state,i_item_id
limit 100;
psql:/tmp/s1-basline/throughput/query_5.sql:3345: NOTICE:  duration: 59.528 ms  plan:
Query Text: select  
   w_state
  ,i_item_id
  ,sum(case when (cast(d_date as date) < cast ('1999-02-03' as date)) 
 		then cs_sales_price - coalesce(cr_refunded_cash,0) else 0 end) as sales_before
  ,sum(case when (cast(d_date as date) >= cast ('1999-02-03' as date)) 
 		then cs_sales_price - coalesce(cr_refunded_cash,0) else 0 end) as sales_after
 from
   catalog_sales left outer join catalog_returns on
       (cs_order_number = cr_order_number 
        and cs_item_sk = cr_item_sk)
  ,warehouse 
  ,item
  ,date_dim
 where
     i_current_price between 0.99 and 1.49
 and i_item_sk          = cs_item_sk
 and cs_warehouse_sk    = w_warehouse_sk 
 and cs_sold_date_sk    = d_date_sk
 and d_date between (cast ('1999-02-03' as date) - interval '30 days')
                and (cast ('1999-02-03' as date) + interval '30 days') 
 group by
    w_state,i_item_id
 order by w_state,i_item_id
limit 100;
Limit  (cost=3807.67..3810.08 rows=74 width=36) (actual time=59.367..59.484 rows=100 loops=1)
  ->  GroupAggregate  (cost=3807.67..3810.08 rows=74 width=36) (actual time=59.366..59.476 rows=100 loops=1)
        Group Key: warehouse.w_state, item.i_item_id
        ->  Sort  (cost=3807.67..3807.86 rows=74 width=40) (actual time=59.357..59.371 rows=311 loops=1)
              Sort Key: warehouse.w_state, item.i_item_id
              Sort Method: quicksort  Memory: 169kB
              ->  Nested Loop  (cost=1.43..3805.37 rows=74 width=40) (actual time=0.074..55.240 rows=1696 loops=1)
                    Join Filter: (catalog_sales.cs_warehouse_sk = warehouse.w_warehouse_sk)
                    Rows Removed by Join Filter: 3397
                    ->  Nested Loop Left Join  (cost=1.43..3799.51 rows=74 width=45) (actual time=0.069..54.484 rows=1697 loops=1)
                          ->  Nested Loop  (cost=1.01..3766.67 rows=74 width=53) (actual time=0.064..51.124 rows=1697 loops=1)
                                ->  Nested Loop  (cost=0.72..3393.79 rows=1199 width=36) (actual time=0.019..11.382 rows=27443 loops=1)
                                      ->  Index Scan using i_d_date on date_dim  (cost=0.29..4.71 rows=61 width=12) (actual time=0.010..0.031 rows=61 loops=1)
                                            Index Cond: ((d_date >= '1999-01-04 00:00:00'::timestamp without time zone) AND (d_date <= '1999-03-05 00:00:00'::timestamp without time zone))
                                      ->  Index Scan using i_cs_sold_date_sk on catalog_sales  (cost=0.43..47.71 rows=785 width=40) (actual time=0.004..0.115 rows=450 loops=61)
                                            Index Cond: (cs_sold_date_sk = date_dim.d_date_sk)
                                ->  Index Scan using pk_item on item  (cost=0.29..0.31 rows=1 width=25) (actual time=0.001..0.001 rows=0 loops=27443)
                                      Index Cond: (i_item_sk = catalog_sales.cs_item_sk)
                                      Filter: ((i_current_price >= '0.99'::double precision) AND (i_current_price <= '1.49'::double precision))
                                      Rows Removed by Filter: 1
                          ->  Index Scan using pk_catalog_returns on catalog_returns  (cost=0.42..0.44 rows=1 width=24) (actual time=0.002..0.002 rows=0 loops=1697)
                                Index Cond: ((cr_item_sk = catalog_sales.cs_item_sk) AND (cr_order_number = catalog_sales.cs_order_number))
                    ->  Materialize  (cost=0.00..1.07 rows=5 width=11) (actual time=0.000..0.000 rows=3 loops=1697)
                          ->  Seq Scan on warehouse  (cost=0.00..1.05 rows=5 width=11) (actual time=0.002..0.004 rows=5 loops=1)
 w_state |    i_item_id     |    sales_before     |     sales_after     
---------+------------------+---------------------+---------------------
 TN      | AAAAAAAAAACDAAAA |               17.68 |  140.60999999999999
 TN      | AAAAAAAAAAMBAAAA |               60.23 |               75.48
 TN      | AAAAAAAAABCEAAAA |              128.11 |               55.98
 TN      | AAAAAAAAABGDAAAA |               36.59 |                66.3
 TN      | AAAAAAAAABHAAAAA |               47.49 |                   0
 TN      | AAAAAAAAACHCAAAA |                   0 |  247.26999999999998
 TN      | AAAAAAAAACMDAAAA |            -2542.52 |  245.76999999999998
 TN      | AAAAAAAAAEGEAAAA |               91.84 |  50.720000000000006
 TN      | AAAAAAAAAFBEAAAA |               37.28 |  -78.34000000000002
 TN      | AAAAAAAAAFOBAAAA |               14.42 |               119.3
 TN      | AAAAAAAAAFPDAAAA |               21.86 |               74.56
 TN      | AAAAAAAAAGDBAAAA |              118.37 |               52.53
 TN      | AAAAAAAAAGHAAAAA |                 0.9 |               114.1
 TN      | AAAAAAAAAGOAAAAA |   66.72999999999999 |               46.88
 TN      | AAAAAAAAAHBAAAAA |               23.69 |              136.66
 TN      | AAAAAAAAAHGAAAAA |                   0 |               32.47
 TN      | AAAAAAAAAHJAAAAA |               174.7 |              148.62
 TN      | AAAAAAAAAHPAAAAA |                   0 |               79.45
 TN      | AAAAAAAAAIBEAAAA |  23.240000000000002 |              187.73
 TN      | AAAAAAAAAICDAAAA |  23.520000000000003 |                   0
 TN      | AAAAAAAAAIDAAAAA |               243.3 |  202.15999999999997
 TN      | AAAAAAAAAIGAAAAA |                5.54 |               70.01
 TN      | AAAAAAAAAJCAAAAA |               46.91 |  209.67999999999998
 TN      | AAAAAAAAAJDEAAAA |                4.84 |              150.75
 TN      | AAAAAAAAAJIDAAAA |                   0 |               48.01
 TN      | AAAAAAAAAJKDAAAA |              122.45 |            -1028.37
 TN      | AAAAAAAAAKHCAAAA |              195.81 |               92.74
 TN      | AAAAAAAAAKLCAAAA |              330.36 | -292.21000000000004
 TN      | AAAAAAAAALBBAAAA |                   0 |               64.86
 TN      | AAAAAAAAALIAAAAA |               12.21 |              118.68
 TN      | AAAAAAAAALLDAAAA |               26.83 |               36.78
 TN      | AAAAAAAAAMBEAAAA |              283.25 |               48.54
 TN      | AAAAAAAAAMDEAAAA |               85.28 |              128.31
 TN      | AAAAAAAAAMEBAAAA |               43.73 |                   0
 TN      | AAAAAAAAAMEEAAAA |              -14.21 |             -521.23
 TN      | AAAAAAAAANBAAAAA |               58.69 |               33.64
 TN      | AAAAAAAAANKAAAAA |              251.91 |                   0
 TN      | AAAAAAAAAOBBAAAA |               32.25 |               10.31
 TN      | AAAAAAAAAOGDAAAA |               23.38 |               25.04
 TN      | AAAAAAAAAOJCAAAA |               17.19 |               11.93
 TN      | AAAAAAAAAOKCAAAA |                   0 |              127.32
 TN      | AAAAAAAAAOOAAAAA |                6.88 |              192.51
 TN      | AAAAAAAAAPBEAAAA |               209.9 |              215.56
 TN      | AAAAAAAAAPNBAAAA |                   0 |                5.09
 TN      | AAAAAAAABBBBAAAA |                   0 |               63.23
 TN      | AAAAAAAABBCDAAAA |               16.21 |  309.90999999999997
 TN      | AAAAAAAABBOAAAAA |                   0 |            -2623.66
 TN      | AAAAAAAABBPCAAAA |                   0 |              140.07
 TN      | AAAAAAAABCBDAAAA |               12.05 |               81.84
 TN      | AAAAAAAABCEAAAAA |                4.47 |               38.76
 TN      | AAAAAAAABCKAAAAA |               18.18 |                   0
 TN      | AAAAAAAABDOBAAAA |               91.93 |              121.06
 TN      | AAAAAAAABDPAAAAA |                 133 |              140.45
 TN      | AAAAAAAABDPDAAAA |              450.69 |              143.24
 TN      | AAAAAAAABEGCAAAA |                89.4 |                0.27
 TN      | AAAAAAAABFICAAAA |             -670.82 |                   0
 TN      | AAAAAAAABFKAAAAA |                   0 |               37.78
 TN      | AAAAAAAABGKCAAAA |               66.62 |                   0
 TN      | AAAAAAAABHCDAAAA |              137.63 |                   0
 TN      | AAAAAAAABHFAAAAA |                   0 |              159.87
 TN      | AAAAAAAABIKDAAAA |                   0 |               29.68
 TN      | AAAAAAAABIOCAAAA |  208.78000000000003 |  116.50999999999999
 TN      | AAAAAAAABJPDAAAA |               11.24 |  264.40000000000003
 TN      | AAAAAAAABKGCAAAA |              175.23 |              121.67
 TN      | AAAAAAAABKNBAAAA |              -48.22 |               48.51
 TN      | AAAAAAAABLEAAAAA |                60.4 |                   0
 TN      | AAAAAAAABLKAAAAA |                7.91 |               136.4
 TN      | AAAAAAAABMBCAAAA |                9.35 |               10.72
 TN      | AAAAAAAABMECAAAA |            -4139.09 |               72.13
 TN      | AAAAAAAABMKCAAAA |               40.61 |                   0
 TN      | AAAAAAAABNFAAAAA |               23.55 |               59.15
 TN      | AAAAAAAACAFDAAAA |            -1910.67 |               94.07
 TN      | AAAAAAAACBCAAAAA |               15.05 |  20.459999999999997
 TN      | AAAAAAAACBEAAAAA |               52.07 |              109.99
 TN      | AAAAAAAACCAAAAAA |               52.15 |               360.6
 TN      | AAAAAAAACCCBAAAA |                   0 |               71.37
 TN      | AAAAAAAACCHCAAAA |  185.32000000000002 |                7.54
 TN      | AAAAAAAACCKCAAAA |                7.63 |              178.54
 TN      | AAAAAAAACDBEAAAA |              156.39 |               16.43
 TN      | AAAAAAAACDGAAAAA |               59.72 |                   0
 TN      | AAAAAAAACDHBAAAA |             -412.86 |               42.05
 TN      | AAAAAAAACDJDAAAA |               26.81 |                92.7
 TN      | AAAAAAAACDPDAAAA |                18.5 |               24.96
 TN      | AAAAAAAACEABAAAA |                   0 |             -191.69
 TN      | AAAAAAAACECCAAAA |              192.57 |                   0
 TN      | AAAAAAAACECDAAAA |                   0 |               77.42
 TN      | AAAAAAAACEEAAAAA |                96.9 |               22.78
 TN      | AAAAAAAACEIDAAAA |              270.79 |                8.15
 TN      | AAAAAAAACFGDAAAA |             -742.12 |                34.1
 TN      | AAAAAAAACGBEAAAA |                   0 |             -511.93
 TN      | AAAAAAAACGGDAAAA |             -264.17 |               12.32
 TN      | AAAAAAAACHFDAAAA | -1049.1000000000001 | -0.2599999999999909
 TN      | AAAAAAAACHIDAAAA |              173.73 |               86.59
 TN      | AAAAAAAACHKDAAAA |                95.9 |                   0
 TN      | AAAAAAAACIFBAAAA |               94.29 |               -2.04
 TN      | AAAAAAAACIIBAAAA |               50.91 |               57.26
 TN      | AAAAAAAACIKAAAAA |               55.58 |                8.55
 TN      | AAAAAAAACJFBAAAA | -23.879999999999995 |                   0
 TN      | AAAAAAAACKABAAAA |  51.190000000000005 |               25.29
 TN      | AAAAAAAACKFAAAAA | -458.12000000000006 |                   0
(100 rows)

UPDATE time_statistics SET e_time = TRANSACTION_TIMESTAMP() WHERE template = '../query_postgresql/query40.tpl' AND stream = 5;
psql:/tmp/s1-basline/throughput/query_5.sql:3347: NOTICE:  duration: 0.097 ms  plan:
Query Text: UPDATE time_statistics SET e_time = TRANSACTION_TIMESTAMP() WHERE template = '../query_postgresql/query40.tpl' AND stream = 5;
Update on time_statistics  (cost=0.00..21.46 rows=0 width=0) (actual time=0.097..0.097 rows=0 loops=1)
  ->  Seq Scan on time_statistics  (cost=0.00..21.46 rows=1 width=14) (actual time=0.085..0.085 rows=1 loops=1)
        Filter: ((template = '../query_postgresql/query40.tpl'::text) AND (stream = 5))
        Rows Removed by Filter: 735
UPDATE 1
LOAD 'auto_explain'; SET auto_explain.log_min_duration TO 0; SET auto_explain.log_analyze TO on; SET auto_explain.log_level TO notice; INSERT INTO time_statistics (template, s_time, stream, query, seed) VALUES ('../query_postgresql/query14.tpl', TRANSACTION_TIMESTAMP(), 5, 69, 1915845064);
LOAD
SET
SET
SET
psql:/tmp/s1-basline/throughput/query_5.sql:3348: NOTICE:  duration: 0.008 ms  plan:
Query Text: INSERT INTO time_statistics (template, s_time, stream, query, seed) VALUES ('../query_postgresql/query14.tpl', TRANSACTION_TIMESTAMP(), 5, 69, 1915845064);
Insert on time_statistics  (cost=0.00..0.01 rows=0 width=0) (actual time=0.008..0.008 rows=0 loops=1)
  ->  Result  (cost=0.00..0.01 rows=1 width=64) (actual time=0.001..0.001 rows=1 loops=1)
INSERT 0 1
with  cross_items as
 (select i_item_sk ss_item_sk
 from item,
 (select iss.i_brand_id brand_id
     ,iss.i_class_id class_id
     ,iss.i_category_id category_id
 from store_sales
     ,item iss
     ,date_dim d1
 where ss_item_sk = iss.i_item_sk
   and ss_sold_date_sk = d1.d_date_sk
   and d1.d_year between 1999 AND 1999 + 2
 intersect 
 select ics.i_brand_id
     ,ics.i_class_id
     ,ics.i_category_id
 from catalog_sales
     ,item ics
     ,date_dim d2
 where cs_item_sk = ics.i_item_sk
   and cs_sold_date_sk = d2.d_date_sk
   and d2.d_year between 1999 AND 1999 + 2
 intersect
 select iws.i_brand_id
     ,iws.i_class_id
     ,iws.i_category_id
 from web_sales
     ,item iws
     ,date_dim d3
 where ws_item_sk = iws.i_item_sk
   and ws_sold_date_sk = d3.d_date_sk
   and d3.d_year between 1999 AND 1999 + 2) x
 where i_brand_id = brand_id
      and i_class_id = class_id
      and i_category_id = category_id
),
 avg_sales as
 (select avg(quantity*list_price) average_sales
  from (select ss_quantity quantity
             ,ss_list_price list_price
       from store_sales
           ,date_dim
       where ss_sold_date_sk = d_date_sk
         and d_year between 1999 and 1999 + 2
       union all 
       select cs_quantity quantity 
             ,cs_list_price list_price
       from catalog_sales
           ,date_dim
       where cs_sold_date_sk = d_date_sk
         and d_year between 1999 and 1999 + 2 
       union all
       select ws_quantity quantity
             ,ws_list_price list_price
       from web_sales
           ,date_dim
       where ws_sold_date_sk = d_date_sk
         and d_year between 1999 and 1999 + 2) x)
  select  channel, i_brand_id,i_class_id,i_category_id,sum(sales), sum(number_sales)
 from(
       select 'store' channel, i_brand_id,i_class_id
             ,i_category_id,sum(ss_quantity*ss_list_price) sales
             , count(*) number_sales
       from store_sales
           ,item
           ,date_dim
       where ss_item_sk in (select ss_item_sk from cross_items)
         and ss_item_sk = i_item_sk
         and ss_sold_date_sk = d_date_sk
         and d_year = 1999+2 
         and d_moy = 11
       group by i_brand_id,i_class_id,i_category_id
       having sum(ss_quantity*ss_list_price) > (select average_sales from avg_sales)
       union all
       select 'catalog' channel, i_brand_id,i_class_id,i_category_id, sum(cs_quantity*cs_list_price) sales, count(*) number_sales
       from catalog_sales
           ,item
           ,date_dim
       where cs_item_sk in (select ss_item_sk from cross_items)
         and cs_item_sk = i_item_sk
         and cs_sold_date_sk = d_date_sk
         and d_year = 1999+2 
         and d_moy = 11
       group by i_brand_id,i_class_id,i_category_id
       having sum(cs_quantity*cs_list_price) > (select average_sales from avg_sales)
       union all
       select 'web' channel, i_brand_id,i_class_id,i_category_id, sum(ws_quantity*ws_list_price) sales , count(*) number_sales
       from web_sales
           ,item
           ,date_dim
       where ws_item_sk in (select ss_item_sk from cross_items)
         and ws_item_sk = i_item_sk
         and ws_sold_date_sk = d_date_sk
         and d_year = 1999+2
         and d_moy = 11
       group by i_brand_id,i_class_id,i_category_id
       having sum(ws_quantity*ws_list_price) > (select average_sales from avg_sales)
 ) x
 group by rollup (channel, i_brand_id,i_class_id,i_category_id)
 order by channel,i_brand_id,i_class_id,i_category_id
 limit 100;
psql:/tmp/s1-basline/throughput/query_5.sql:3449: NOTICE:  duration: 13499.104 ms  plan:
Query Text: with  cross_items as
 (select i_item_sk ss_item_sk
 from item,
 (select iss.i_brand_id brand_id
     ,iss.i_class_id class_id
     ,iss.i_category_id category_id
 from store_sales
     ,item iss
     ,date_dim d1
 where ss_item_sk = iss.i_item_sk
   and ss_sold_date_sk = d1.d_date_sk
   and d1.d_year between 1999 AND 1999 + 2
 intersect 
 select ics.i_brand_id
     ,ics.i_class_id
     ,ics.i_category_id
 from catalog_sales
     ,item ics
     ,date_dim d2
 where cs_item_sk = ics.i_item_sk
   and cs_sold_date_sk = d2.d_date_sk
   and d2.d_year between 1999 AND 1999 + 2
 intersect
 select iws.i_brand_id
     ,iws.i_class_id
     ,iws.i_category_id
 from web_sales
     ,item iws
     ,date_dim d3
 where ws_item_sk = iws.i_item_sk
   and ws_sold_date_sk = d3.d_date_sk
   and d3.d_year between 1999 AND 1999 + 2) x
 where i_brand_id = brand_id
      and i_class_id = class_id
      and i_category_id = category_id
),
 avg_sales as
 (select avg(quantity*list_price) average_sales
  from (select ss_quantity quantity
             ,ss_list_price list_price
       from store_sales
           ,date_dim
       where ss_sold_date_sk = d_date_sk
         and d_year between 1999 and 1999 + 2
       union all 
       select cs_quantity quantity 
             ,cs_list_price list_price
       from catalog_sales
           ,date_dim
       where cs_sold_date_sk = d_date_sk
         and d_year between 1999 and 1999 + 2 
       union all
       select ws_quantity quantity
             ,ws_list_price list_price
       from web_sales
           ,date_dim
       where ws_sold_date_sk = d_date_sk
         and d_year between 1999 and 1999 + 2) x)
  select  channel, i_brand_id,i_class_id,i_category_id,sum(sales), sum(number_sales)
 from(
       select 'store' channel, i_brand_id,i_class_id
             ,i_category_id,sum(ss_quantity*ss_list_price) sales
             , count(*) number_sales
       from store_sales
           ,item
           ,date_dim
       where ss_item_sk in (select ss_item_sk from cross_items)
         and ss_item_sk = i_item_sk
         and ss_sold_date_sk = d_date_sk
         and d_year = 1999+2 
         and d_moy = 11
       group by i_brand_id,i_class_id,i_category_id
       having sum(ss_quantity*ss_list_price) > (select average_sales from avg_sales)
       union all
       select 'catalog' channel, i_brand_id,i_class_id,i_category_id, sum(cs_quantity*cs_list_price) sales, count(*) number_sales
       from catalog_sales
           ,item
           ,date_dim
       where cs_item_sk in (select ss_item_sk from cross_items)
         and cs_item_sk = i_item_sk
         and cs_sold_date_sk = d_date_sk
         and d_year = 1999+2 
         and d_moy = 11
       group by i_brand_id,i_class_id,i_category_id
       having sum(cs_quantity*cs_list_price) > (select average_sales from avg_sales)
       union all
       select 'web' channel, i_brand_id,i_class_id,i_category_id, sum(ws_quantity*ws_list_price) sales , count(*) number_sales
       from web_sales
           ,item
           ,date_dim
       where ws_item_sk in (select ss_item_sk from cross_items)
         and ws_item_sk = i_item_sk
         and ws_sold_date_sk = d_date_sk
         and d_year = 1999+2
         and d_moy = 11
       group by i_brand_id,i_class_id,i_category_id
       having sum(ws_quantity*ws_list_price) > (select average_sales from avg_sales)
 ) x
 group by rollup (channel, i_brand_id,i_class_id,i_category_id)
 order by channel,i_brand_id,i_class_id,i_category_id
 limit 100;
Limit  (cost=374702.70..374702.92 rows=13 width=84) (actual time=13498.639..13499.048 rows=100 loops=1)
  CTE cross_items
    ->  Hash Join  (cost=192433.57..194011.32 rows=1 width=8) (actual time=1811.296..1819.993 rows=16449 loops=1)
          Hash Cond: ((item_3.i_brand_id = x_1.brand_id) AND (item_3.i_class_id = x_1.class_id) AND (item_3.i_category_id = x_1.category_id))
          ->  Seq Scan on item item_3  (cost=0.00..1436.00 rows=18000 width=20) (actual time=0.003..1.564 rows=18000 loops=1)
          ->  Hash  (cost=192402.07..192402.07 rows=1800 width=12) (actual time=1811.288..1811.530 rows=4008 loops=1)
                Buckets: 4096 (originally 2048)  Batches: 1 (originally 1)  Memory Usage: 205kB
                ->  Subquery Scan on x_1  (cost=5175.25..192402.07 rows=1800 width=12) (actual time=1810.145..1810.937 rows=4058 loops=1)
                      ->  HashSetOp Intersect  (cost=5175.25..192384.07 rows=1800 width=16) (actual time=1810.143..1810.571 rows=4058 loops=1)
                            ->  Append  (cost=5175.25..192290.39 rows=12491 width=16) (actual time=1339.952..1748.865 rows=430847 loops=1)
                                  ->  Result  (cost=5175.25..155608.09 rows=1800 width=16) (actual time=1339.951..1340.753 rows=4483 loops=1)
                                        ->  HashSetOp Intersect  (cost=5175.25..155590.09 rows=1800 width=16) (actual time=1339.950..1340.348 rows=4483 loops=1)
                                              ->  Append  (cost=5175.25..155124.18 rows=62122 width=16) (actual time=17.423..1004.100 rows=2473407 loops=1)
                                                    ->  Subquery Scan on "*SELECT* 1"  (cost=5175.25..98376.73 rows=40868 width=16) (actual time=17.422..366.803 rows=1629317 loops=1)
                                                          ->  Gather  (cost=5175.25..97968.05 rows=40868 width=12) (actual time=17.422..218.359 rows=1629317 loops=1)
                                                                Workers Planned: 2
                                                                Workers Launched: 2
                                                                ->  Hash Join  (cost=4175.25..92881.25 rows=17028 width=12) (actual time=28.065..425.434 rows=543106 loops=3)
                                                                      Hash Cond: (store_sales_1.ss_item_sk = iss.i_item_sk)
                                                                      ->  Hash Join  (cost=2514.25..91175.54 rows=17028 width=8) (actual time=12.230..296.712 rows=543106 loops=3)
                                                                            Hash Cond: (store_sales_1.ss_sold_date_sk = d1.d_date_sk)
                                                                            ->  Parallel Seq Scan on store_sales store_sales_1  (cost=0.00..85499.45 rows=1204445 width=16) (actual time=0.010..130.847 rows=948150 loops=3)
                                                                            ->  Hash  (cost=2500.73..2500.73 rows=1081 width=8) (actual time=12.201..12.202 rows=1096 loops=3)
                                                                                  Buckets: 2048  Batches: 1  Memory Usage: 59kB
                                                                                  ->  Seq Scan on date_dim d1  (cost=0.00..2500.73 rows=1081 width=8) (actual time=5.612..12.056 rows=1096 loops=3)
                                                                                        Filter: ((d_year >= 1999) AND (d_year <= 2001))
                                                                                        Rows Removed by Filter: 71953
                                                                      ->  Hash  (cost=1436.00..1436.00 rows=18000 width=20) (actual time=15.570..15.571 rows=18000 loops=3)
                                                                            Buckets: 32768  Batches: 1  Memory Usage: 1240kB
                                                                            ->  Seq Scan on item iss  (cost=0.00..1436.00 rows=18000 width=20) (actual time=0.025..12.598 rows=18000 loops=3)
                                                    ->  Subquery Scan on "*SELECT* 2"  (cost=1661.43..56436.84 rows=21254 width=16) (actual time=13.157..492.657 rows=844090 loops=1)
                                                          ->  Hash Join  (cost=1661.43..56224.30 rows=21254 width=12) (actual time=13.156..427.017 rows=844090 loops=1)
                                                                Hash Cond: (catalog_sales_1.cs_item_sk = ics.i_item_sk)
                                                                ->  Nested Loop  (cost=0.43..54507.50 rows=21254 width=8) (actual time=3.978..278.850 rows=844090 loops=1)
                                                                      ->  Seq Scan on date_dim d2  (cost=0.00..2500.73 rows=1081 width=8) (actual time=3.955..9.055 rows=1096 loops=1)
                                                                            Filter: ((d_year >= 1999) AND (d_year <= 2001))
                                                                            Rows Removed by Filter: 71953
                                                                      ->  Index Scan using i_cs_sold_date_sk on catalog_sales catalog_sales_1  (cost=0.43..40.26 rows=785 width=16) (actual time=0.004..0.130 rows=770 loops=1096)
                                                                            Index Cond: (cs_sold_date_sk = d2.d_date_sk)
                                                                ->  Hash  (cost=1436.00..1436.00 rows=18000 width=20) (actual time=9.156..9.156 rows=18000 loops=1)
                                                                      Buckets: 32768  Batches: 1  Memory Usage: 1240kB
                                                                      ->  Seq Scan on item ics  (cost=0.00..1436.00 rows=18000 width=20) (actual time=0.004..6.591 rows=18000 loops=1)
                                  ->  Subquery Scan on "*SELECT* 3"  (cost=3514.53..36619.84 rows=10691 width=16) (actual time=8.850..382.771 rows=426364 loops=1)
                                        ->  Gather  (cost=3514.53..36512.93 rows=10691 width=12) (actual time=8.849..343.850 rows=426364 loops=1)
                                              Workers Planned: 2
                                              Workers Launched: 2
                                              ->  Nested Loop  (cost=2514.53..34443.83 rows=4455 width=12) (actual time=13.749..395.508 rows=142121 loops=3)
                                                    ->  Hash Join  (cost=2514.25..33076.22 rows=4455 width=8) (actual time=13.701..114.751 rows=142121 loops=3)
                                                          Hash Cond: (web_sales_1.ws_sold_date_sk = d3.d_date_sk)
                                                          ->  Parallel Seq Scan on web_sales web_sales_1  (cost=0.00..29771.63 rows=301063 width=16) (actual time=0.016..49.467 rows=237185 loops=3)
                                                          ->  Hash  (cost=2500.73..2500.73 rows=1081 width=8) (actual time=13.570..13.571 rows=1096 loops=3)
                                                                Buckets: 2048  Batches: 1  Memory Usage: 59kB
                                                                ->  Seq Scan on date_dim d3  (cost=0.00..2500.73 rows=1081 width=8) (actual time=6.438..13.436 rows=1096 loops=3)
                                                                      Filter: ((d_year >= 1999) AND (d_year <= 2001))
                                                                      Rows Removed by Filter: 71953
                                                    ->  Index Scan using pk_item on item iws  (cost=0.29..0.31 rows=1 width=20) (actual time=0.002..0.002 rows=1 loops=426364)
                                                          Index Cond: (i_item_sk = web_sales_1.ws_item_sk)
  CTE avg_sales
    ->  Finalize Aggregate  (cost=180566.08..180566.09 rows=1 width=8) (actual time=626.305..626.393 rows=1 loops=1)
          ->  Gather  (cost=180565.86..180566.07 rows=2 width=32) (actual time=626.193..626.386 rows=3 loops=1)
                Workers Planned: 2
                Workers Launched: 2
                ->  Partial Aggregate  (cost=179565.86..179565.87 rows=1 width=32) (actual time=621.653..621.657 rows=1 loops=3)
                      ->  Parallel Append  (cost=0.43..179338.32 rows=30339 width=12) (actual time=11.208..553.253 rows=966590 loops=3)
                            ->  Nested Loop  (cost=0.43..54507.50 rows=21254 width=12) (actual time=8.334..404.253 rows=844090 loops=1)
                                  ->  Seq Scan on date_dim date_dim_3  (cost=0.00..2500.73 rows=1081 width=8) (actual time=8.252..13.765 rows=1096 loops=1)
                                        Filter: ((d_year >= 1999) AND (d_year <= 2001))
                                        Rows Removed by Filter: 71953
                                  ->  Index Scan using i_cs_sold_date_sk on catalog_sales catalog_sales_2  (cost=0.43..40.26 rows=785 width=20) (actual time=0.004..0.214 rows=770 loops=1096)
                                        Index Cond: (cs_sold_date_sk = date_dim_3.d_date_sk)
                            ->  Hash Join  (cost=2514.25..91175.54 rows=17028 width=12) (actual time=10.905..289.168 rows=543106 loops=3)
                                  Hash Cond: (store_sales_2.ss_sold_date_sk = date_dim_4.d_date_sk)
                                  ->  Parallel Seq Scan on store_sales store_sales_2  (cost=0.00..85499.45 rows=1204445 width=20) (actual time=0.009..109.431 rows=948150 loops=3)
                                  ->  Hash  (cost=2500.73..2500.73 rows=1081 width=8) (actual time=10.798..10.798 rows=1096 loops=3)
                                        Buckets: 2048  Batches: 1  Memory Usage: 59kB
                                        ->  Seq Scan on date_dim date_dim_4  (cost=0.00..2500.73 rows=1081 width=8) (actual time=5.009..10.658 rows=1096 loops=3)
                                              Filter: ((d_year >= 1999) AND (d_year <= 2001))
                                              Rows Removed by Filter: 71953
                            ->  Hash Join  (cost=2514.25..33076.22 rows=4455 width=12) (actual time=8.800..217.412 rows=426364 loops=1)
                                  Hash Cond: (web_sales_2.ws_sold_date_sk = date_dim_5.d_date_sk)
                                  ->  Parallel Seq Scan on web_sales web_sales_2  (cost=0.00..29771.63 rows=301063 width=20) (actual time=0.003..62.097 rows=711555 loops=1)
                                  ->  Hash  (cost=2500.73..2500.73 rows=1081 width=8) (actual time=8.787..8.788 rows=1096 loops=1)
                                        Buckets: 2048  Batches: 1  Memory Usage: 59kB
                                        ->  Seq Scan on date_dim date_dim_5  (cost=0.00..2500.73 rows=1081 width=8) (actual time=4.005..8.663 rows=1096 loops=1)
                                              Filter: ((d_year >= 1999) AND (d_year <= 2001))
                                              Rows Removed by Filter: 71953
  ->  GroupAggregate  (cost=125.30..125.51 rows=13 width=84) (actual time=13498.638..13498.708 rows=100 loops=1)
        Group Key: ('store'::text), item.i_brand_id, item.i_class_id, item.i_category_id
        Group Key: ('store'::text), item.i_brand_id, item.i_class_id
        Group Key: ('store'::text), item.i_brand_id
        Group Key: ('store'::text)
        Group Key: ()
        ->  Sort  (cost=125.30..125.30 rows=3 width=60) (actual time=13498.631..13498.644 rows=68 loops=1)
              Sort Key: ('store'::text), item.i_brand_id, item.i_class_id, item.i_category_id
              Sort Method: quicksort  Memory: 1116kB
              ->  Append  (cost=68.19..125.27 rows=3 width=60) (actual time=8652.978..13490.684 rows=9635 loops=1)
                    ->  GroupAggregate  (cost=68.19..68.23 rows=1 width=60) (actual time=8652.977..8669.047 rows=3502 loops=1)
                          Group Key: item.i_brand_id, item.i_class_id, item.i_category_id
                          Filter: (sum(((store_sales.ss_quantity)::double precision * store_sales.ss_list_price)) > $8)
                          Rows Removed by Filter: 21
                          InitPlan 3 (returns $8)
                            ->  CTE Scan on avg_sales  (cost=0.00..0.02 rows=1 width=8) (actual time=626.308..626.309 rows=1 loops=1)
                          ->  Sort  (cost=68.17..68.18 rows=1 width=24) (actual time=8026.653..8030.934 rows=82084 loops=1)
                                Sort Key: item.i_brand_id, item.i_class_id, item.i_category_id
                                Sort Method: quicksort  Memory: 8187kB
                                ->  Nested Loop  (cost=1.03..68.16 rows=1 width=24) (actual time=1826.146..8002.692 rows=82084 loops=1)
                                      ->  Nested Loop  (cost=0.74..12.93 rows=175 width=32) (actual time=1826.091..4640.045 rows=2736448 loops=1)
                                            ->  Nested Loop  (cost=0.31..2.54 rows=1 width=28) (actual time=1826.079..1873.615 rows=16449 loops=1)
                                                  ->  HashAggregate  (cost=0.02..0.03 rows=1 width=8) (actual time=1826.072..1830.307 rows=16449 loops=1)
                                                        Group Key: cross_items.ss_item_sk
                                                        Batches: 1  Memory Usage: 1833kB
                                                        ->  CTE Scan on cross_items  (cost=0.00..0.02 rows=1 width=8) (actual time=1811.298..1822.446 rows=16449 loops=1)
                                                  ->  Index Scan using pk_item on item  (cost=0.29..2.51 rows=1 width=20) (actual time=0.002..0.002 rows=1 loops=16449)
                                                        Index Cond: (i_item_sk = cross_items.ss_item_sk)
                                            ->  Index Scan using pk_store_sales on store_sales  (cost=0.43..8.64 rows=175 width=28) (actual time=0.005..0.144 rows=166 loops=16449)
                                                  Index Cond: (ss_item_sk = item.i_item_sk)
                                      ->  Index Scan using pk_date_dim on date_dim  (cost=0.29..0.32 rows=1 width=8) (actual time=0.001..0.001 rows=0 loops=2736448)
                                            Index Cond: (d_date_sk = store_sales.ss_sold_date_sk)
                                            Filter: ((d_year = 2001) AND (d_moy = 11))
                                            Rows Removed by Filter: 1
                    ->  GroupAggregate  (cost=36.92..36.95 rows=1 width=60) (actual time=3198.242..3206.628 rows=3365 loops=1)
                          Group Key: item_1.i_brand_id, item_1.i_class_id, item_1.i_category_id
                          Filter: (sum(((catalog_sales.cs_quantity)::double precision * catalog_sales.cs_list_price)) > $9)
                          Rows Removed by Filter: 134
                          InitPlan 4 (returns $9)
                            ->  CTE Scan on avg_sales avg_sales_1  (cost=0.00..0.02 rows=1 width=8) (actual time=0.001..0.002 rows=1 loops=1)
                          ->  Sort  (cost=36.90..36.90 rows=1 width=24) (actual time=3198.229..3199.994 rows=43020 loops=1)
                                Sort Key: item_1.i_brand_id, item_1.i_class_id, item_1.i_category_id
                                Sort Method: quicksort  Memory: 4224kB
                                ->  Nested Loop  (cost=1.03..36.89 rows=1 width=24) (actual time=4.797..3185.509 rows=43020 loops=1)
                                      ->  Nested Loop  (cost=0.74..9.06 rows=88 width=32) (actual time=4.407..1470.734 rows=1367401 loops=1)
                                            ->  Nested Loop  (cost=0.31..2.54 rows=1 width=28) (actual time=4.393..47.016 rows=16449 loops=1)
                                                  ->  HashAggregate  (cost=0.02..0.03 rows=1 width=8) (actual time=4.373..8.545 rows=16449 loops=1)
                                                        Group Key: cross_items_1.ss_item_sk
                                                        Batches: 1  Memory Usage: 1833kB
                                                        ->  CTE Scan on cross_items cross_items_1  (cost=0.00..0.02 rows=1 width=8) (actual time=0.001..0.994 rows=16449 loops=1)
                                                  ->  Index Scan using pk_item on item item_1  (cost=0.29..2.51 rows=1 width=20) (actual time=0.002..0.002 rows=1 loops=16449)
                                                        Index Cond: (i_item_sk = cross_items_1.ss_item_sk)
                                            ->  Index Scan using pk_catalog_sales on catalog_sales  (cost=0.43..5.64 rows=88 width=28) (actual time=0.004..0.074 rows=83 loops=16449)
                                                  Index Cond: (cs_item_sk = item_1.i_item_sk)
                                      ->  Index Scan using pk_date_dim on date_dim date_dim_1  (cost=0.29..0.32 rows=1 width=8) (actual time=0.001..0.001 rows=0 loops=1367401)
                                            Index Cond: (d_date_sk = catalog_sales.cs_sold_date_sk)
                                            Filter: ((d_year = 2001) AND (d_moy = 11))
                                            Rows Removed by Filter: 1
                    ->  GroupAggregate  (cost=20.01..20.05 rows=1 width=60) (actual time=1609.831..1614.439 rows=2768 loops=1)
                          Group Key: item_2.i_brand_id, item_2.i_class_id, item_2.i_category_id
                          Filter: (sum(((web_sales.ws_quantity)::double precision * web_sales.ws_list_price)) > $10)
                          Rows Removed by Filter: 510
                          InitPlan 5 (returns $10)
                            ->  CTE Scan on avg_sales avg_sales_2  (cost=0.00..0.02 rows=1 width=8) (actual time=0.001..0.002 rows=1 loops=1)
                          ->  Sort  (cost=19.99..20.00 rows=1 width=24) (actual time=1609.816..1610.676 rows=21235 loops=1)
                                Sort Key: item_2.i_brand_id, item_2.i_class_id, item_2.i_category_id
                                Sort Method: quicksort  Memory: 2096kB
                                ->  Nested Loop  (cost=1.03..19.98 rows=1 width=24) (actual time=4.484..1603.298 rows=21235 loops=1)
                                      ->  Nested Loop  (cost=0.73..6.02 rows=44 width=32) (actual time=4.423..727.495 rows=684688 loops=1)
                                            ->  Nested Loop  (cost=0.31..2.54 rows=1 width=28) (actual time=4.414..43.844 rows=16449 loops=1)
                                                  ->  HashAggregate  (cost=0.02..0.03 rows=1 width=8) (actual time=4.406..8.530 rows=16449 loops=1)
                                                        Group Key: cross_items_2.ss_item_sk
                                                        Batches: 1  Memory Usage: 1833kB
                                                        ->  CTE Scan on cross_items cross_items_2  (cost=0.00..0.02 rows=1 width=8) (actual time=0.001..1.023 rows=16449 loops=1)
                                                  ->  Index Scan using pk_item on item item_2  (cost=0.29..2.51 rows=1 width=20) (actual time=0.002..0.002 rows=1 loops=16449)
                                                        Index Cond: (i_item_sk = cross_items_2.ss_item_sk)
                                            ->  Index Scan using pk_web_sales on web_sales  (cost=0.42..3.04 rows=44 width=28) (actual time=0.004..0.035 rows=42 loops=16449)
                                                  Index Cond: (ws_item_sk = item_2.i_item_sk)
                                      ->  Index Scan using pk_date_dim on date_dim date_dim_2  (cost=0.29..0.32 rows=1 width=8) (actual time=0.001..0.001 rows=0 loops=684688)
                                            Index Cond: (d_date_sk = web_sales.ws_sold_date_sk)
                                            Filter: ((d_year = 2001) AND (d_moy = 11))
                                            Rows Removed by Filter: 1
 channel | i_brand_id | i_class_id | i_category_id |        sum         | sum 
---------+------------+------------+---------------+--------------------+-----
 catalog |    1001001 |          1 |             1 |           41368.28 |   8
 catalog |    1001001 |          1 |             2 | 149564.34999999998 |  38
 catalog |    1001001 |          1 |             3 | 130767.94999999998 |  25
 catalog |    1001001 |          1 |             4 |  55946.44000000001 |  15
 catalog |    1001001 |          1 |             6 |          110916.49 |  16
 catalog |    1001001 |          1 |             7 | 123134.53000000003 |  22
 catalog |    1001001 |          1 |             8 |          177819.48 |  30
 catalog |    1001001 |          1 |             9 |  77298.39000000001 |  17
 catalog |    1001001 |          1 |            10 |          120490.42 |  25
 catalog |    1001001 |          1 |               |  987306.3300000001 | 196
 catalog |    1001001 |          2 |             1 |           57759.35 |   8
 catalog |    1001001 |          2 |             2 | 10663.050000000001 |   3
 catalog |    1001001 |          2 |             3 |            38594.6 |   7
 catalog |    1001001 |          2 |             7 |            9970.27 |   3
 catalog |    1001001 |          2 |            10 |           29966.59 |   6
 catalog |    1001001 |          2 |               | 146953.86000000002 |  27
 catalog |    1001001 |          3 |             1 |           41157.47 |   5
 catalog |    1001001 |          3 |             4 |  61206.37999999999 |   8
 catalog |    1001001 |          3 |             5 |           14732.52 |   3
 catalog |    1001001 |          3 |             7 | 16415.390000000003 |   9
 catalog |    1001001 |          3 |             8 |  67520.26999999999 |   8
 catalog |    1001001 |          3 |               |          201032.03 |  33
 catalog |    1001001 |          4 |             1 | 54791.659999999996 |  11
 catalog |    1001001 |          4 |             2 | 46175.170000000006 |   7
 catalog |    1001001 |          4 |             3 |           13116.69 |   4
 catalog |    1001001 |          4 |             4 |  98316.04000000001 |  11
 catalog |    1001001 |          4 |             5 | 29991.090000000004 |   7
 catalog |    1001001 |          4 |               |          242390.65 |  40
 catalog |    1001001 |          5 |            10 |           75116.97 |  10
 catalog |    1001001 |          5 |               |           75116.97 |  10
 catalog |    1001001 |          7 |             6 |  72896.84000000001 |  13
 catalog |    1001001 |          7 |             8 |            8705.32 |   3
 catalog |    1001001 |          7 |               |           81602.16 |  16
 catalog |    1001001 |          8 |             7 |            59713.5 |   7
 catalog |    1001001 |          8 |               |            59713.5 |   7
 catalog |    1001001 |          9 |             7 |           21100.56 |   4
 catalog |    1001001 |          9 |               |           21100.56 |   4
 catalog |    1001001 |         10 |             6 | 27055.659999999996 |   7
 catalog |    1001001 |         10 |               | 27055.659999999996 |   7
 catalog |    1001001 |         11 |             9 |           25218.97 |   6
 catalog |    1001001 |         11 |               |           25218.97 |   6
 catalog |    1001001 |         13 |            10 | 38289.469999999994 |   9
 catalog |    1001001 |         13 |               | 38289.469999999994 |   9
 catalog |    1001001 |         14 |             7 |           13856.76 |   4
 catalog |    1001001 |         14 |               |           13856.76 |   4
 catalog |    1001001 |         15 |             7 |           25481.15 |   7
 catalog |    1001001 |         15 |               |           25481.15 |   7
 catalog |    1001001 |            |               | 1945118.0699999998 | 366
 catalog |    1001002 |          1 |             1 | 2966150.9699999983 | 578
 catalog |    1001002 |          1 |               | 2966150.9699999983 | 578
 catalog |    1001002 |          2 |             1 |  68525.34999999999 |  16
 catalog |    1001002 |          2 |               |  68525.34999999999 |  16
 catalog |    1001002 |          3 |             1 | 186387.55999999997 |  34
 catalog |    1001002 |          3 |               | 186387.55999999997 |  34
 catalog |    1001002 |          4 |             1 |           50599.59 |   9
 catalog |    1001002 |          4 |               |           50599.59 |   9
 catalog |    1001002 |          5 |             1 | 11232.919999999998 |   5
 catalog |    1001002 |          5 |               | 11232.919999999998 |   5
 catalog |    1001002 |          6 |             1 | 13373.079999999998 |   4
 catalog |    1001002 |          6 |               | 13373.079999999998 |   4
 catalog |    1001002 |          7 |             1 |  53913.80999999999 |  11
 catalog |    1001002 |          7 |               |  53913.80999999999 |  11
 catalog |    1001002 |          8 |             1 | 25859.920000000002 |   5
 catalog |    1001002 |          8 |               | 25859.920000000002 |   5
 catalog |    1001002 |         10 |             1 | 12827.380000000001 |   4
 catalog |    1001002 |         10 |               | 12827.380000000001 |   4
 catalog |    1001002 |         11 |             1 |           71522.83 |  15
 catalog |    1001002 |         11 |               |           71522.83 |  15
 catalog |    1001002 |         12 |             1 |           25125.51 |   4
 catalog |    1001002 |         12 |               |           25125.51 |   4
 catalog |    1001002 |         13 |             1 |            5487.01 |   3
 catalog |    1001002 |         13 |               |            5487.01 |   3
 catalog |    1001002 |         14 |             1 |           44120.95 |   9
 catalog |    1001002 |         14 |               |           44120.95 |   9
 catalog |    1001002 |         15 |             1 |           33689.36 |   7
 catalog |    1001002 |         15 |               |           33689.36 |   7
 catalog |    1001002 |         16 |             1 |            35831.6 |   6
 catalog |    1001002 |         16 |               |            35831.6 |   6
 catalog |    1001002 |            |               |  3604647.839999998 | 710
 catalog |    1002001 |          1 |             1 | 50801.299999999996 |   6
 catalog |    1002001 |          1 |             2 |           18016.71 |   5
 catalog |    1002001 |          1 |             3 |           21778.14 |   4
 catalog |    1002001 |          1 |             4 |  74181.29000000001 |  12
 catalog |    1002001 |          1 |               |          164777.44 |  27
 catalog |    1002001 |          2 |             1 | 116551.54999999999 |  28
 catalog |    1002001 |          2 |             2 | 11176.380000000001 |   2
 catalog |    1002001 |          2 |             3 |  77315.60999999999 |  23
 catalog |    1002001 |          2 |             4 |          105571.75 |  33
 catalog |    1002001 |          2 |             5 |          130659.08 |  26
 catalog |    1002001 |          2 |             6 |  97603.31999999999 |  21
 catalog |    1002001 |          2 |             7 |  62985.02000000001 |  12
 catalog |    1002001 |          2 |             8 | 23593.110000000004 |  10
 catalog |    1002001 |          2 |             9 |           78037.83 |  15
 catalog |    1002001 |          2 |            10 |           63468.72 |  18
 catalog |    1002001 |          2 |               |  766962.3699999999 | 188
 catalog |    1002001 |          3 |             3 |           33797.97 |   7
 catalog |    1002001 |          3 |             4 |  77317.54000000001 |  13
 catalog |    1002001 |          3 |            10 |           29962.49 |   5
 catalog |    1002001 |          3 |               |             141078 |  25
 catalog |    1002001 |          4 |             2 |           30428.66 |   8
(100 rows)

with  cross_items as
 (select i_item_sk ss_item_sk
 from item,
 (select iss.i_brand_id brand_id
     ,iss.i_class_id class_id
     ,iss.i_category_id category_id
 from store_sales
     ,item iss
     ,date_dim d1
 where ss_item_sk = iss.i_item_sk
   and ss_sold_date_sk = d1.d_date_sk
   and d1.d_year between 1999 AND 1999 + 2
 intersect
 select ics.i_brand_id
     ,ics.i_class_id
     ,ics.i_category_id
 from catalog_sales
     ,item ics
     ,date_dim d2
 where cs_item_sk = ics.i_item_sk
   and cs_sold_date_sk = d2.d_date_sk
   and d2.d_year between 1999 AND 1999 + 2
 intersect
 select iws.i_brand_id
     ,iws.i_class_id
     ,iws.i_category_id
 from web_sales
     ,item iws
     ,date_dim d3
 where ws_item_sk = iws.i_item_sk
   and ws_sold_date_sk = d3.d_date_sk
   and d3.d_year between 1999 AND 1999 + 2) x
 where i_brand_id = brand_id
      and i_class_id = class_id
      and i_category_id = category_id
),
 avg_sales as
(select avg(quantity*list_price) average_sales
  from (select ss_quantity quantity
             ,ss_list_price list_price
       from store_sales
           ,date_dim
       where ss_sold_date_sk = d_date_sk
         and d_year between 1999 and 1999 + 2
       union all
       select cs_quantity quantity
             ,cs_list_price list_price
       from catalog_sales
           ,date_dim
       where cs_sold_date_sk = d_date_sk
         and d_year between 1999 and 1999 + 2
       union all
       select ws_quantity quantity
             ,ws_list_price list_price
       from web_sales
           ,date_dim
       where ws_sold_date_sk = d_date_sk
         and d_year between 1999 and 1999 + 2) x)
  select  this_year.channel ty_channel
                           ,this_year.i_brand_id ty_brand
                           ,this_year.i_class_id ty_class
                           ,this_year.i_category_id ty_category
                           ,this_year.sales ty_sales
                           ,this_year.number_sales ty_number_sales
                           ,last_year.channel ly_channel
                           ,last_year.i_brand_id ly_brand
                           ,last_year.i_class_id ly_class
                           ,last_year.i_category_id ly_category
                           ,last_year.sales ly_sales
                           ,last_year.number_sales ly_number_sales 
 from
 (select 'store' channel, i_brand_id,i_class_id,i_category_id
        ,sum(ss_quantity*ss_list_price) sales, count(*) number_sales
 from store_sales 
     ,item
     ,date_dim
 where ss_item_sk in (select ss_item_sk from cross_items)
   and ss_item_sk = i_item_sk
   and ss_sold_date_sk = d_date_sk
   and d_week_seq = (select d_week_seq
                     from date_dim
                     where d_year = 1999 + 1
                       and d_moy = 12
                       and d_dom = 23)
 group by i_brand_id,i_class_id,i_category_id
 having sum(ss_quantity*ss_list_price) > (select average_sales from avg_sales)) this_year,
 (select 'store' channel, i_brand_id,i_class_id
        ,i_category_id, sum(ss_quantity*ss_list_price) sales, count(*) number_sales
 from store_sales
     ,item
     ,date_dim
 where ss_item_sk in (select ss_item_sk from cross_items)
   and ss_item_sk = i_item_sk
   and ss_sold_date_sk = d_date_sk
   and d_week_seq = (select d_week_seq
                     from date_dim
                     where d_year = 1999
                       and d_moy = 12
                       and d_dom = 23)
 group by i_brand_id,i_class_id,i_category_id
 having sum(ss_quantity*ss_list_price) > (select average_sales from avg_sales)) last_year
 where this_year.i_brand_id= last_year.i_brand_id
   and this_year.i_class_id = last_year.i_class_id
   and this_year.i_category_id = last_year.i_category_id
 order by this_year.channel, this_year.i_brand_id, this_year.i_class_id, this_year.i_category_id
 limit 100;
psql:/tmp/s1-basline/throughput/query_5.sql:3555: NOTICE:  duration: 20753.242 ms  plan:
Query Text: with  cross_items as
 (select i_item_sk ss_item_sk
 from item,
 (select iss.i_brand_id brand_id
     ,iss.i_class_id class_id
     ,iss.i_category_id category_id
 from store_sales
     ,item iss
     ,date_dim d1
 where ss_item_sk = iss.i_item_sk
   and ss_sold_date_sk = d1.d_date_sk
   and d1.d_year between 1999 AND 1999 + 2
 intersect
 select ics.i_brand_id
     ,ics.i_class_id
     ,ics.i_category_id
 from catalog_sales
     ,item ics
     ,date_dim d2
 where cs_item_sk = ics.i_item_sk
   and cs_sold_date_sk = d2.d_date_sk
   and d2.d_year between 1999 AND 1999 + 2
 intersect
 select iws.i_brand_id
     ,iws.i_class_id
     ,iws.i_category_id
 from web_sales
     ,item iws
     ,date_dim d3
 where ws_item_sk = iws.i_item_sk
   and ws_sold_date_sk = d3.d_date_sk
   and d3.d_year between 1999 AND 1999 + 2) x
 where i_brand_id = brand_id
      and i_class_id = class_id
      and i_category_id = category_id
),
 avg_sales as
(select avg(quantity*list_price) average_sales
  from (select ss_quantity quantity
             ,ss_list_price list_price
       from store_sales
           ,date_dim
       where ss_sold_date_sk = d_date_sk
         and d_year between 1999 and 1999 + 2
       union all
       select cs_quantity quantity
             ,cs_list_price list_price
       from catalog_sales
           ,date_dim
       where cs_sold_date_sk = d_date_sk
         and d_year between 1999 and 1999 + 2
       union all
       select ws_quantity quantity
             ,ws_list_price list_price
       from web_sales
           ,date_dim
       where ws_sold_date_sk = d_date_sk
         and d_year between 1999 and 1999 + 2) x)
  select  this_year.channel ty_channel
                           ,this_year.i_brand_id ty_brand
                           ,this_year.i_class_id ty_class
                           ,this_year.i_category_id ty_category
                           ,this_year.sales ty_sales
                           ,this_year.number_sales ty_number_sales
                           ,last_year.channel ly_channel
                           ,last_year.i_brand_id ly_brand
                           ,last_year.i_class_id ly_class
                           ,last_year.i_category_id ly_category
                           ,last_year.sales ly_sales
                           ,last_year.number_sales ly_number_sales 
 from
 (select 'store' channel, i_brand_id,i_class_id,i_category_id
        ,sum(ss_quantity*ss_list_price) sales, count(*) number_sales
 from store_sales 
     ,item
     ,date_dim
 where ss_item_sk in (select ss_item_sk from cross_items)
   and ss_item_sk = i_item_sk
   and ss_sold_date_sk = d_date_sk
   and d_week_seq = (select d_week_seq
                     from date_dim
                     where d_year = 1999 + 1
                       and d_moy = 12
                       and d_dom = 23)
 group by i_brand_id,i_class_id,i_category_id
 having sum(ss_quantity*ss_list_price) > (select average_sales from avg_sales)) this_year,
 (select 'store' channel, i_brand_id,i_class_id
        ,i_category_id, sum(ss_quantity*ss_list_price) sales, count(*) number_sales
 from store_sales
     ,item
     ,date_dim
 where ss_item_sk in (select ss_item_sk from cross_items)
   and ss_item_sk = i_item_sk
   and ss_sold_date_sk = d_date_sk
   and d_week_seq = (select d_week_seq
                     from date_dim
                     where d_year = 1999
                       and d_moy = 12
                       and d_dom = 23)
 group by i_brand_id,i_class_id,i_category_id
 having sum(ss_quantity*ss_list_price) > (select average_sales from avg_sales)) last_year
 where this_year.i_brand_id= last_year.i_brand_id
   and this_year.i_class_id = last_year.i_class_id
   and this_year.i_category_id = last_year.i_category_id
 order by this_year.channel, this_year.i_brand_id, this_year.i_class_id, this_year.i_category_id
 limit 100;
Limit  (cost=380079.75..380079.76 rows=1 width=120) (actual time=20752.733..20753.126 rows=100 loops=1)
  CTE cross_items
    ->  Hash Join  (cost=192433.57..194011.32 rows=1 width=8) (actual time=1812.741..1821.542 rows=16449 loops=1)
          Hash Cond: ((item_2.i_brand_id = x.brand_id) AND (item_2.i_class_id = x.class_id) AND (item_2.i_category_id = x.category_id))
          ->  Seq Scan on item item_2  (cost=0.00..1436.00 rows=18000 width=20) (actual time=0.004..1.567 rows=18000 loops=1)
          ->  Hash  (cost=192402.07..192402.07 rows=1800 width=12) (actual time=1812.732..1813.017 rows=4008 loops=1)
                Buckets: 4096 (originally 2048)  Batches: 1 (originally 1)  Memory Usage: 205kB
                ->  Subquery Scan on x  (cost=5175.25..192402.07 rows=1800 width=12) (actual time=1811.584..1812.419 rows=4058 loops=1)
                      ->  HashSetOp Intersect  (cost=5175.25..192384.07 rows=1800 width=16) (actual time=1811.583..1812.052 rows=4058 loops=1)
                            ->  Append  (cost=5175.25..192290.39 rows=12491 width=16) (actual time=1349.895..1750.177 rows=430847 loops=1)
                                  ->  Result  (cost=5175.25..155608.09 rows=1800 width=16) (actual time=1349.895..1350.747 rows=4483 loops=1)
                                        ->  HashSetOp Intersect  (cost=5175.25..155590.09 rows=1800 width=16) (actual time=1349.893..1350.317 rows=4483 loops=1)
                                              ->  Append  (cost=5175.25..155124.18 rows=62122 width=16) (actual time=18.501..1007.516 rows=2473407 loops=1)
                                                    ->  Subquery Scan on "*SELECT* 1"  (cost=5175.25..98376.73 rows=40868 width=16) (actual time=18.501..364.128 rows=1629317 loops=1)
                                                          ->  Gather  (cost=5175.25..97968.05 rows=40868 width=12) (actual time=18.500..215.150 rows=1629317 loops=1)
                                                                Workers Planned: 2
                                                                Workers Launched: 2
                                                                ->  Hash Join  (cost=4175.25..92881.25 rows=17028 width=12) (actual time=28.493..426.099 rows=543106 loops=3)
                                                                      Hash Cond: (store_sales_2.ss_item_sk = iss.i_item_sk)
                                                                      ->  Hash Join  (cost=2514.25..91175.54 rows=17028 width=8) (actual time=12.419..296.132 rows=543106 loops=3)
                                                                            Hash Cond: (store_sales_2.ss_sold_date_sk = d1.d_date_sk)
                                                                            ->  Parallel Seq Scan on store_sales store_sales_2  (cost=0.00..85499.45 rows=1204445 width=16) (actual time=0.010..131.401 rows=948150 loops=3)
                                                                            ->  Hash  (cost=2500.73..2500.73 rows=1081 width=8) (actual time=12.393..12.394 rows=1096 loops=3)
                                                                                  Buckets: 2048  Batches: 1  Memory Usage: 59kB
                                                                                  ->  Seq Scan on date_dim d1  (cost=0.00..2500.73 rows=1081 width=8) (actual time=5.623..12.262 rows=1096 loops=3)
                                                                                        Filter: ((d_year >= 1999) AND (d_year <= 2001))
                                                                                        Rows Removed by Filter: 71953
                                                                      ->  Hash  (cost=1436.00..1436.00 rows=18000 width=20) (actual time=15.808..15.808 rows=18000 loops=3)
                                                                            Buckets: 32768  Batches: 1  Memory Usage: 1240kB
                                                                            ->  Seq Scan on item iss  (cost=0.00..1436.00 rows=18000 width=20) (actual time=0.024..12.838 rows=18000 loops=3)
                                                    ->  Subquery Scan on "*SELECT* 2"  (cost=1661.43..56436.84 rows=21254 width=16) (actual time=13.274..498.539 rows=844090 loops=1)
                                                          ->  Hash Join  (cost=1661.43..56224.30 rows=21254 width=12) (actual time=13.273..431.777 rows=844090 loops=1)
                                                                Hash Cond: (catalog_sales.cs_item_sk = ics.i_item_sk)
                                                                ->  Nested Loop  (cost=0.43..54507.50 rows=21254 width=8) (actual time=4.216..282.802 rows=844090 loops=1)
                                                                      ->  Seq Scan on date_dim d2  (cost=0.00..2500.73 rows=1081 width=8) (actual time=4.194..9.246 rows=1096 loops=1)
                                                                            Filter: ((d_year >= 1999) AND (d_year <= 2001))
                                                                            Rows Removed by Filter: 71953
                                                                      ->  Index Scan using i_cs_sold_date_sk on catalog_sales  (cost=0.43..40.26 rows=785 width=16) (actual time=0.004..0.130 rows=770 loops=1096)
                                                                            Index Cond: (cs_sold_date_sk = d2.d_date_sk)
                                                                ->  Hash  (cost=1436.00..1436.00 rows=18000 width=20) (actual time=9.034..9.034 rows=18000 loops=1)
                                                                      Buckets: 32768  Batches: 1  Memory Usage: 1240kB
                                                                      ->  Seq Scan on item ics  (cost=0.00..1436.00 rows=18000 width=20) (actual time=0.004..6.527 rows=18000 loops=1)
                                  ->  Subquery Scan on "*SELECT* 3"  (cost=3514.53..36619.84 rows=10691 width=16) (actual time=8.372..373.828 rows=426364 loops=1)
                                        ->  Gather  (cost=3514.53..36512.93 rows=10691 width=12) (actual time=8.371..334.829 rows=426364 loops=1)
                                              Workers Planned: 2
                                              Workers Launched: 2
                                              ->  Nested Loop  (cost=2514.53..34443.83 rows=4455 width=12) (actual time=13.621..387.034 rows=142121 loops=3)
                                                    ->  Hash Join  (cost=2514.25..33076.22 rows=4455 width=8) (actual time=13.567..115.008 rows=142121 loops=3)
                                                          Hash Cond: (web_sales.ws_sold_date_sk = d3.d_date_sk)
                                                          ->  Parallel Seq Scan on web_sales  (cost=0.00..29771.63 rows=301063 width=16) (actual time=0.015..49.792 rows=237185 loops=3)
                                                          ->  Hash  (cost=2500.73..2500.73 rows=1081 width=8) (actual time=13.440..13.441 rows=1096 loops=3)
                                                                Buckets: 2048  Batches: 1  Memory Usage: 59kB
                                                                ->  Seq Scan on date_dim d3  (cost=0.00..2500.73 rows=1081 width=8) (actual time=6.476..13.303 rows=1096 loops=3)
                                                                      Filter: ((d_year >= 1999) AND (d_year <= 2001))
                                                                      Rows Removed by Filter: 71953
                                                    ->  Index Scan using pk_item on item iws  (cost=0.29..0.31 rows=1 width=20) (actual time=0.002..0.002 rows=1 loops=426364)
                                                          Index Cond: (i_item_sk = web_sales.ws_item_sk)
  CTE avg_sales
    ->  Finalize Aggregate  (cost=180566.08..180566.09 rows=1 width=8) (actual time=625.541..625.629 rows=1 loops=1)
          ->  Gather  (cost=180565.86..180566.07 rows=2 width=32) (actual time=625.425..625.621 rows=3 loops=1)
                Workers Planned: 2
                Workers Launched: 2
                ->  Partial Aggregate  (cost=179565.86..179565.87 rows=1 width=32) (actual time=620.819..620.824 rows=1 loops=3)
                      ->  Parallel Append  (cost=0.43..179338.32 rows=30339 width=12) (actual time=10.968..552.391 rows=966590 loops=3)
                            ->  Nested Loop  (cost=0.43..54507.50 rows=21254 width=12) (actual time=7.818..401.973 rows=844090 loops=1)
                                  ->  Seq Scan on date_dim date_dim_2  (cost=0.00..2500.73 rows=1081 width=8) (actual time=7.735..13.135 rows=1096 loops=1)
                                        Filter: ((d_year >= 1999) AND (d_year <= 2001))
                                        Rows Removed by Filter: 71953
                                  ->  Index Scan using i_cs_sold_date_sk on catalog_sales catalog_sales_1  (cost=0.43..40.26 rows=785 width=20) (actual time=0.004..0.213 rows=770 loops=1096)
                                        Index Cond: (cs_sold_date_sk = date_dim_2.d_date_sk)
                            ->  Hash Join  (cost=2514.25..91175.54 rows=17028 width=12) (actual time=10.973..289.406 rows=543106 loops=3)
                                  Hash Cond: (store_sales_3.ss_sold_date_sk = date_dim_3.d_date_sk)
                                  ->  Parallel Seq Scan on store_sales store_sales_3  (cost=0.00..85499.45 rows=1204445 width=20) (actual time=0.009..109.954 rows=948150 loops=3)
                                  ->  Hash  (cost=2500.73..2500.73 rows=1081 width=8) (actual time=10.868..10.869 rows=1096 loops=3)
                                        Buckets: 2048  Batches: 1  Memory Usage: 59kB
                                        ->  Seq Scan on date_dim date_dim_3  (cost=0.00..2500.73 rows=1081 width=8) (actual time=5.124..10.736 rows=1096 loops=3)
                                              Filter: ((d_year >= 1999) AND (d_year <= 2001))
                                              Rows Removed by Filter: 71953
                            ->  Hash Join  (cost=2514.25..33076.22 rows=4455 width=12) (actual time=8.662..216.777 rows=426364 loops=1)
                                  Hash Cond: (web_sales_1.ws_sold_date_sk = date_dim_4.d_date_sk)
                                  ->  Parallel Seq Scan on web_sales web_sales_1  (cost=0.00..29771.63 rows=301063 width=20) (actual time=0.003..62.135 rows=711555 loops=1)
                                  ->  Hash  (cost=2500.73..2500.73 rows=1081 width=8) (actual time=8.648..8.649 rows=1096 loops=1)
                                        Buckets: 2048  Batches: 1  Memory Usage: 59kB
                                        ->  Seq Scan on date_dim date_dim_4  (cost=0.00..2500.73 rows=1081 width=8) (actual time=3.943..8.524 rows=1096 loops=1)
                                              Filter: ((d_year >= 1999) AND (d_year <= 2001))
                                              Rows Removed by Filter: 71953
  ->  Sort  (cost=5502.35..5502.35 rows=1 width=120) (actual time=20752.732..20752.743 rows=100 loops=1)
        Sort Key: ('store'::text), item.i_brand_id, item.i_class_id, item.i_category_id
        Sort Method: top-N heapsort  Memory: 39kB
        ->  Nested Loop  (cost=5502.23..5502.34 rows=1 width=120) (actual time=14742.308..20752.359 rows=725 loops=1)
              Join Filter: ((item.i_brand_id = item_1.i_brand_id) AND (item.i_class_id = item_1.i_class_id) AND (item.i_category_id = item_1.i_category_id))
              Rows Removed by Join Filter: 1181872
              ->  GroupAggregate  (cost=2751.11..2751.15 rows=1 width=60) (actual time=8592.545..8597.699 rows=1844 loops=1)
                    Group Key: item.i_brand_id, item.i_class_id, item.i_category_id
                    Filter: (sum(((store_sales.ss_quantity)::double precision * store_sales.ss_list_price)) > $9)
                    Rows Removed by Filter: 454
                    InitPlan 3 (returns $8)
                      ->  Seq Scan on date_dim date_dim_5  (cost=0.00..2683.36 rows=1 width=4) (actual time=4.285..8.978 rows=1 loops=1)
                            Filter: ((d_year = 2000) AND (d_moy = 12) AND (d_dom = 23))
                            Rows Removed by Filter: 73048
                    InitPlan 4 (returns $9)
                      ->  CTE Scan on avg_sales  (cost=0.00..0.02 rows=1 width=8) (actual time=625.544..625.545 rows=1 loops=1)
                    ->  Sort  (cost=67.74..67.74 rows=1 width=24) (actual time=7966.960..7968.436 rows=20461 loops=1)
                          Sort Key: item.i_brand_id, item.i_class_id, item.i_category_id
                          Sort Method: quicksort  Memory: 2044kB
                          ->  Nested Loop  (cost=1.03..67.73 rows=1 width=24) (actual time=1836.541..7960.330 rows=20461 loops=1)
                                ->  Nested Loop  (cost=0.74..12.93 rows=175 width=32) (actual time=1827.494..4620.660 rows=2736448 loops=1)
                                      ->  Nested Loop  (cost=0.31..2.54 rows=1 width=28) (actual time=1827.482..1874.750 rows=16449 loops=1)
                                            ->  HashAggregate  (cost=0.02..0.03 rows=1 width=8) (actual time=1827.475..1831.685 rows=16449 loops=1)
                                                  Group Key: cross_items.ss_item_sk
                                                  Batches: 1  Memory Usage: 1833kB
                                                  ->  CTE Scan on cross_items  (cost=0.00..0.02 rows=1 width=8) (actual time=1812.744..1823.894 rows=16449 loops=1)
                                            ->  Index Scan using pk_item on item  (cost=0.29..2.51 rows=1 width=20) (actual time=0.002..0.002 rows=1 loops=16449)
                                                  Index Cond: (i_item_sk = cross_items.ss_item_sk)
                                      ->  Index Scan using pk_store_sales on store_sales  (cost=0.43..8.64 rows=175 width=28) (actual time=0.005..0.143 rows=166 loops=16449)
                                            Index Cond: (ss_item_sk = item.i_item_sk)
                                ->  Index Scan using pk_date_dim on date_dim  (cost=0.29..0.31 rows=1 width=8) (actual time=0.001..0.001 rows=0 loops=2736448)
                                      Index Cond: (d_date_sk = store_sales.ss_sold_date_sk)
                                      Filter: (d_week_seq = $8)
                                      Rows Removed by Filter: 1
              ->  GroupAggregate  (cost=2751.11..2751.15 rows=1 width=60) (actual time=3.392..6.563 rows=641 loops=1844)
                    Group Key: item_1.i_brand_id, item_1.i_class_id, item_1.i_category_id
                    Filter: (sum(((store_sales_1.ss_quantity)::double precision * store_sales_1.ss_list_price)) > $11)
                    Rows Removed by Filter: 18
                    InitPlan 5 (returns $10)
                      ->  Seq Scan on date_dim date_dim_6  (cost=0.00..2683.36 rows=1 width=4) (actual time=4.332..9.081 rows=1 loops=1)
                            Filter: ((d_year = 1999) AND (d_moy = 12) AND (d_dom = 23))
                            Rows Removed by Filter: 73048
                    InitPlan 6 (returns $11)
                      ->  CTE Scan on avg_sales avg_sales_1  (cost=0.00..0.02 rows=1 width=8) (actual time=0.001..0.001 rows=1 loops=1)
                    ->  Sort  (cost=67.74..67.74 rows=1 width=24) (actual time=3.335..4.065 rows=17907 loops=1844)
                          Sort Key: item_1.i_brand_id, item_1.i_class_id, item_1.i_category_id
                          Sort Method: quicksort  Memory: 2015kB
                          ->  Nested Loop  (cost=1.03..67.73 rows=1 width=24) (actual time=14.601..6143.820 rows=20002 loops=1)
                                ->  Nested Loop  (cost=0.74..12.93 rows=175 width=32) (actual time=4.332..2797.104 rows=2736448 loops=1)
                                      ->  Nested Loop  (cost=0.31..2.54 rows=1 width=28) (actual time=4.320..50.845 rows=16449 loops=1)
                                            ->  HashAggregate  (cost=0.02..0.03 rows=1 width=8) (actual time=4.302..8.518 rows=16449 loops=1)
                                                  Group Key: cross_items_1.ss_item_sk
                                                  Batches: 1  Memory Usage: 1833kB
                                                  ->  CTE Scan on cross_items cross_items_1  (cost=0.00..0.02 rows=1 width=8) (actual time=0.001..0.994 rows=16449 loops=1)
                                            ->  Index Scan using pk_item on item item_1  (cost=0.29..2.51 rows=1 width=20) (actual time=0.002..0.002 rows=1 loops=16449)
                                                  Index Cond: (i_item_sk = cross_items_1.ss_item_sk)
                                      ->  Index Scan using pk_store_sales on store_sales store_sales_1  (cost=0.43..8.64 rows=175 width=28) (actual time=0.005..0.143 rows=166 loops=16449)
                                            Index Cond: (ss_item_sk = item_1.i_item_sk)
                                ->  Index Scan using pk_date_dim on date_dim date_dim_1  (cost=0.29..0.31 rows=1 width=8) (actual time=0.001..0.001 rows=0 loops=2736448)
                                      Index Cond: (d_date_sk = store_sales_1.ss_sold_date_sk)
                                      Filter: (d_week_seq = $10)
                                      Rows Removed by Filter: 1
 ty_channel | ty_brand | ty_class | ty_category |      ty_sales      | ty_number_sales | ly_channel | ly_brand | ly_class | ly_category |      ly_sales      | ly_number_sales 
------------+----------+----------+-------------+--------------------+-----------------+------------+----------+----------+-------------+--------------------+-----------------
 store      |  1001001 |        1 |           1 |  694447.8199999998 |             170 | store      |  1001001 |        1 |           1 |  1202014.089999999 |             337
 store      |  1001002 |        1 |           1 |  864521.3700000002 |             216 | store      |  1001002 |        1 |           1 |  728361.2100000002 |             169
 store      |  1002001 |        2 |           1 |  598825.4700000001 |             172 | store      |  1002001 |        2 |           1 | 1001370.5600000002 |             294
 store      |  1002002 |        2 |           1 |  919617.7800000003 |             254 | store      |  1002002 |        2 |           1 |  724672.3300000005 |             202
 store      |  1003001 |        3 |           1 |  774056.0200000003 |             197 | store      |  1003001 |        3 |           1 |         1130482.56 |             326
 store      |  1003002 |        3 |           1 |  817438.0800000003 |             228 | store      |  1003002 |        3 |           1 |  545540.6199999998 |             147
 store      |  1004001 |        4 |           1 |  646480.7099999996 |             170 | store      |  1004001 |        4 |           1 | 1172371.3499999992 |             336
 store      |  1004002 |        4 |           1 | 1054436.4600000004 |             266 | store      |  1004002 |        4 |           1 |  694040.4199999998 |             194
 store      |  2001001 |        1 |           2 |  801510.5799999998 |             217 | store      |  2001001 |        1 |           2 |  1470113.039999999 |             367
 store      |  2001002 |        1 |           2 |          775533.87 |             203 | store      |  2001002 |        1 |           2 |  559324.8899999999 |             154
 store      |  2002001 |        2 |           2 |          653762.35 |             179 | store      |  2002001 |        2 |           2 | 1471763.8500000008 |             393
 store      |  2002002 |        2 |           2 |  726765.4799999999 |             198 | store      |  2002002 |        2 |           2 |  590419.7500000001 |             148
 store      |  2003001 |        3 |           2 |  698296.5800000002 |             181 | store      |  2003001 |        3 |           2 |  1423528.229999999 |             390
 store      |  2003002 |        3 |           2 |          768644.79 |             224 | store      |  2003002 |        3 |           2 |          613728.72 |             182
 store      |  2004001 |        4 |           2 |  660823.0899999996 |             155 | store      |  2004001 |        4 |           2 | 1067485.1600000001 |             290
 store      |  2004002 |        4 |           2 |          738417.95 |             196 | store      |  2004002 |        4 |           2 |          513406.45 |             128
 store      |  3001001 |        1 |           3 |  729129.0800000001 |             188 | store      |  3001001 |        1 |           3 | 1286407.0499999996 |             338
 store      |  3001002 |        1 |           3 |  714207.3699999996 |             210 | store      |  3001002 |        1 |           3 |  614492.3300000002 |             158
 store      |  3002001 |        2 |           3 | 517968.43999999994 |             154 | store      |  3002001 |        2 |           3 | 1471139.5799999998 |             349
 store      |  3002002 |        2 |           3 |  970958.7400000001 |             234 | store      |  3002002 |        2 |           3 |          555971.12 |             169
 store      |  3003001 |        3 |           3 |          693986.12 |             189 | store      |  3003001 |        3 |           3 | 1239870.4900000005 |             343
 store      |  3003002 |        3 |           3 |  834095.3999999999 |             233 | store      |  3003002 |        3 |           3 |          529140.39 |             158
 store      |  3004001 |        4 |           3 |  658857.3800000001 |             164 | store      |  3004001 |        4 |           3 | 1157671.3400000005 |             306
 store      |  3004002 |        4 |           3 |  630681.4499999998 |             184 | store      |  3004002 |        4 |           3 |  482689.6500000001 |             130
 store      |  4001001 |        1 |           4 |          585194.33 |             159 | store      |  4001001 |        1 |           4 | 1271324.9499999997 |             324
 store      |  4001002 |        1 |           4 |          855512.26 |             225 | store      |  4001002 |        1 |           4 |  647053.0900000001 |             159
 store      |  4002001 |        2 |           4 |  775721.8100000004 |             199 | store      |  4002001 |        2 |           4 | 1444842.2699999998 |             370
 store      |  4002002 |        2 |           4 |  741895.6200000001 |             210 | store      |  4002002 |        2 |           4 | 476682.47000000003 |             136
 store      |  4003001 |        3 |           4 |  722740.3600000003 |             193 | store      |  4003001 |        3 |           4 | 1212432.5500000007 |             371
 store      |  4003002 |        3 |           4 |  700451.8899999994 |             192 | store      |  4003002 |        3 |           4 |  728617.6099999999 |             177
 store      |  4004001 |        4 |           4 |  471550.4899999998 |             131 | store      |  4004001 |        4 |           4 | 1001974.4100000005 |             299
 store      |  4004002 |        4 |           4 |  805760.5299999999 |             209 | store      |  4004002 |        4 |           4 |  523232.7800000002 |             157
 store      |  5001001 |        1 |           5 |  427843.4199999999 |             115 | store      |  5001001 |        1 |           5 | 1165564.0200000014 |             331
 store      |  5001002 |        1 |           5 |         1004422.26 |             247 | store      |  5001002 |        1 |           5 |  832347.9899999996 |             213
 store      |  5002001 |        2 |           5 |  694553.4999999995 |             171 | store      |  5002001 |        2 |           5 | 1004087.3899999997 |             288
 store      |  5002002 |        2 |           5 | 1022864.1600000004 |             249 | store      |  5002002 |        2 |           5 |          670122.79 |             166
 store      |  5003001 |        3 |           5 |  796515.5899999997 |             198 | store      |  5003001 |        3 |           5 |         1259089.74 |             336
 store      |  5003002 |        3 |           5 | 1009199.5500000002 |             245 | store      |  5003002 |        3 |           5 |          525884.27 |             157
 store      |  5004001 |        4 |           5 |          586422.92 |             162 | store      |  5004001 |        4 |           5 |         1249567.15 |             318
 store      |  5004002 |        4 |           5 |          668947.95 |             190 | store      |  5004002 |        4 |           5 |  585723.4199999999 |             144
 store      |  6001001 |        1 |           6 | 28030.329999999998 |               8 | store      |  6001001 |        1 |           6 |           93976.65 |              21
 store      |  6001002 |        1 |           6 | 48182.329999999994 |              17 | store      |  6001002 |        1 |           6 |           40365.38 |              11
 store      |  6001003 |        1 |           6 |  51765.22999999998 |              19 | store      |  6001003 |        1 |           6 |          210826.59 |              45
 store      |  6001004 |        1 |           6 |           84996.96 |              17 | store      |  6001004 |        1 |           6 | 55859.850000000006 |              17
 store      |  6001005 |        1 |           6 | 26181.019999999997 |              10 | store      |  6001005 |        1 |           6 |  93029.48999999999 |              27
 store      |  6001006 |        1 |           6 |           44187.19 |               8 | store      |  6001006 |        1 |           6 |            16306.2 |               5
 store      |  6001007 |        1 |           6 |           95096.33 |              23 | store      |  6001007 |        1 |           6 |          116765.85 |              28
 store      |  6001008 |        1 |           6 | 18319.589999999997 |              11 | store      |  6001008 |        1 |           6 |  7479.700000000001 |               6
 store      |  6002001 |        2 |           6 |           11641.22 |               5 | store      |  6002001 |        2 |           6 |           69391.46 |              24
 store      |  6002002 |        2 |           6 |  73654.54999999999 |              24 | store      |  6002002 |        2 |           6 |           81211.47 |              17
 store      |  6002003 |        2 |           6 |            9304.28 |               8 | store      |  6002003 |        2 |           6 |          127074.85 |              28
 store      |  6002004 |        2 |           6 |           49802.61 |              12 | store      |  6002004 |        2 |           6 |  79525.48000000001 |              20
 store      |  6002005 |        2 |           6 |  46310.72999999999 |              19 | store      |  6002005 |        2 |           6 |           48909.86 |              21
 store      |  6002006 |        2 |           6 |  89843.57999999999 |              29 | store      |  6002006 |        2 |           6 |           35875.89 |              13
 store      |  6002007 |        2 |           6 |  50284.40999999999 |              19 | store      |  6002007 |        2 |           6 |          112519.09 |              33
 store      |  6002008 |        2 |           6 |            11497.3 |               4 | store      |  6002008 |        2 |           6 | 23546.190000000002 |               6
 store      |  6003002 |        3 |           6 |  62726.89000000001 |              15 | store      |  6003002 |        3 |           6 | 32232.510000000002 |              12
 store      |  6003003 |        3 |           6 |            6775.65 |               2 | store      |  6003003 |        3 |           6 | 110994.22999999998 |              25
 store      |  6003004 |        3 |           6 |  58917.09000000001 |              16 | store      |  6003004 |        3 |           6 |           11656.12 |               6
 store      |  6003005 |        3 |           6 |           86382.02 |              24 | store      |  6003005 |        3 |           6 |          111435.59 |              38
 store      |  6003006 |        3 |           6 |           30509.93 |               5 | store      |  6003006 |        3 |           6 | 19620.059999999998 |               5
 store      |  6003007 |        3 |           6 |           62813.84 |              12 | store      |  6003007 |        3 |           6 | 118821.86999999998 |              29
 store      |  6003008 |        3 |           6 | 19023.850000000002 |               8 | store      |  6003008 |        3 |           6 |  52112.35999999999 |               8
 store      |  6004001 |        4 |           6 |           35804.96 |              17 | store      |  6004001 |        4 |           6 |          102240.44 |              27
 store      |  6004002 |        4 |           6 |           16172.19 |               5 | store      |  6004002 |        4 |           6 |           20782.51 |               6
 store      |  6004003 |        4 |           6 |           17478.12 |               3 | store      |  6004003 |        4 |           6 |  71353.84999999999 |              28
 store      |  6004004 |        4 |           6 | 113381.14000000001 |              34 | store      |  6004004 |        4 |           6 |  42143.19999999999 |              24
 store      |  6004005 |        4 |           6 | 37560.829999999994 |               7 | store      |  6004005 |        4 |           6 | 64269.369999999995 |              20
 store      |  6004006 |        4 |           6 |  45878.87000000001 |              13 | store      |  6004006 |        4 |           6 |           11736.72 |               5
 store      |  6004007 |        4 |           6 |            8334.92 |               3 | store      |  6004007 |        4 |           6 | 44622.030000000006 |              10
 store      |  6004008 |        4 |           6 | 47161.270000000004 |               8 | store      |  6004008 |        4 |           6 |           11434.31 |               5
 store      |  6005001 |        5 |           6 |  36855.01999999999 |              14 | store      |  6005001 |        5 |           6 |           95449.66 |              32
 store      |  6005003 |        5 |           6 |           21531.23 |               8 | store      |  6005003 |        5 |           6 | 116050.73999999999 |              27
 store      |  6005005 |        5 |           6 | 16335.779999999999 |               4 | store      |  6005005 |        5 |           6 | 54496.369999999995 |              16
 store      |  6005006 |        5 |           6 | 30479.450000000004 |              10 | store      |  6005006 |        5 |           6 |           39834.82 |              14
 store      |  6005007 |        5 |           6 |            46937.6 |               6 | store      |  6005007 |        5 |           6 |           38559.83 |              13
 store      |  6005008 |        5 |           6 |           31911.66 |              10 | store      |  6005008 |        5 |           6 | 19640.030000000002 |               6
 store      |  6006001 |        6 |           6 |           43003.24 |              10 | store      |  6006001 |        6 |           6 | 20166.690000000002 |              12
 store      |  6006002 |        6 |           6 | 19832.019999999997 |               8 | store      |  6006002 |        6 |           6 |           33555.48 |              14
 store      |  6006003 |        6 |           6 |            68019.5 |              16 | store      |  6006003 |        6 |           6 |           90328.34 |              19
 store      |  6006004 |        6 |           6 | 31067.389999999996 |               8 | store      |  6006004 |        6 |           6 |           27518.37 |              10
 store      |  6006005 |        6 |           6 |           89524.01 |              20 | store      |  6006005 |        6 |           6 | 123016.76999999999 |              33
 store      |  6006006 |        6 |           6 | 35794.909999999996 |              11 | store      |  6006006 |        6 |           6 | 31500.219999999998 |               7
 store      |  6006007 |        6 |           6 |            27613.3 |               9 | store      |  6006007 |        6 |           6 | 25524.980000000003 |              11
 store      |  6006008 |        6 |           6 | 112503.95999999999 |              21 | store      |  6006008 |        6 |           6 |  59851.15999999999 |              18
 store      |  6007001 |        7 |           6 |           29792.06 |              10 | store      |  6007001 |        7 |           6 |           55876.39 |              14
 store      |  6007002 |        7 |           6 |           25208.72 |               9 | store      |  6007002 |        7 |           6 |            14630.7 |               9
 store      |  6007003 |        7 |           6 |           35356.67 |               8 | store      |  6007003 |        7 |           6 |           76102.91 |              18
 store      |  6007004 |        7 |           6 |           60948.86 |              12 | store      |  6007004 |        7 |           6 |           41475.31 |               8
 store      |  6007005 |        7 |           6 |           25153.09 |               7 | store      |  6007005 |        7 |           6 | 128595.65999999997 |              31
 store      |  6007006 |        7 |           6 |  52779.34999999999 |              17 | store      |  6007006 |        7 |           6 |           51796.63 |              13
 store      |  6007007 |        7 |           6 |  63290.00000000002 |              16 | store      |  6007007 |        7 |           6 | 126727.01000000001 |              29
 store      |  6007008 |        7 |           6 |           56359.64 |              15 | store      |  6007008 |        7 |           6 |           68297.45 |              13
 store      |  6008001 |        8 |           6 | 28303.309999999998 |               6 | store      |  6008001 |        8 |           6 |           17446.12 |               9
 store      |  6008002 |        8 |           6 |            72311.9 |              20 | store      |  6008002 |        8 |           6 |           82683.76 |              17
 store      |  6008003 |        8 |           6 |           24967.11 |              10 | store      |  6008003 |        8 |           6 |          129076.49 |              35
 store      |  6008004 |        8 |           6 |           68836.26 |              18 | store      |  6008004 |        8 |           6 |  71642.93000000001 |              15
 store      |  6008005 |        8 |           6 |           29235.48 |               6 | store      |  6008005 |        8 |           6 |           103756.1 |              29
 store      |  6008006 |        8 |           6 |           31344.46 |               8 | store      |  6008006 |        8 |           6 |           16202.71 |               5
 store      |  6008007 |        8 |           6 | 24360.399999999998 |               9 | store      |  6008007 |        8 |           6 |  77919.40999999999 |              15
(100 rows)

UPDATE time_statistics SET e_time = TRANSACTION_TIMESTAMP() WHERE template = '../query_postgresql/query14.tpl' AND stream = 5;
psql:/tmp/s1-basline/throughput/query_5.sql:3557: NOTICE:  duration: 0.119 ms  plan:
Query Text: UPDATE time_statistics SET e_time = TRANSACTION_TIMESTAMP() WHERE template = '../query_postgresql/query14.tpl' AND stream = 5;
Update on time_statistics  (cost=0.00..21.46 rows=0 width=0) (actual time=0.118..0.118 rows=0 loops=1)
  ->  Seq Scan on time_statistics  (cost=0.00..21.46 rows=1 width=14) (actual time=0.102..0.102 rows=1 loops=1)
        Filter: ((template = '../query_postgresql/query14.tpl'::text) AND (stream = 5))
        Rows Removed by Filter: 736
UPDATE 1
LOAD 'auto_explain'; SET auto_explain.log_min_duration TO 0; SET auto_explain.log_analyze TO on; SET auto_explain.log_level TO notice; INSERT INTO time_statistics (template, s_time, stream, query, seed) VALUES ('../query_postgresql/query23.tpl', TRANSACTION_TIMESTAMP(), 5, 70, 1845727950);
LOAD
SET
SET
SET
psql:/tmp/s1-basline/throughput/query_5.sql:3558: NOTICE:  duration: 0.009 ms  plan:
Query Text: INSERT INTO time_statistics (template, s_time, stream, query, seed) VALUES ('../query_postgresql/query23.tpl', TRANSACTION_TIMESTAMP(), 5, 70, 1845727950);
Insert on time_statistics  (cost=0.00..0.01 rows=0 width=0) (actual time=0.008..0.009 rows=0 loops=1)
  ->  Result  (cost=0.00..0.01 rows=1 width=64) (actual time=0.001..0.002 rows=1 loops=1)
INSERT 0 1
with frequent_ss_items as 
 (select substr(i_item_desc,1,30) itemdesc,i_item_sk item_sk,d_date solddate,count(*) cnt
  from store_sales
      ,date_dim 
      ,item
  where ss_sold_date_sk = d_date_sk
    and ss_item_sk = i_item_sk 
    and d_year in (1998,1998+1,1998+2,1998+3)
  group by substr(i_item_desc,1,30),i_item_sk,d_date
  having count(*) >4),
 max_store_sales as
 (select max(csales) tpcds_cmax 
  from (select c_customer_sk,sum(ss_quantity*ss_sales_price) csales
        from store_sales
            ,customer
            ,date_dim 
        where ss_customer_sk = c_customer_sk
         and ss_sold_date_sk = d_date_sk
         and d_year in (1998,1998+1,1998+2,1998+3) 
        group by c_customer_sk) x),
 best_ss_customer as
 (select c_customer_sk,sum(ss_quantity*ss_sales_price) ssales
  from store_sales
      ,customer
  where ss_customer_sk = c_customer_sk
  group by c_customer_sk
  having sum(ss_quantity*ss_sales_price) > (95/100.0) * (select
  *
from
 max_store_sales))
  select  sum(sales)
 from (select cs_quantity*cs_list_price sales
       from catalog_sales
           ,date_dim 
       where d_year = 1998 
         and d_moy = 6 
         and cs_sold_date_sk = d_date_sk 
         and cs_item_sk in (select item_sk from frequent_ss_items)
         and cs_bill_customer_sk in (select c_customer_sk from best_ss_customer)
      union all
      select ws_quantity*ws_list_price sales
       from web_sales 
           ,date_dim 
       where d_year = 1998 
         and d_moy = 6 
         and ws_sold_date_sk = d_date_sk 
         and ws_item_sk in (select item_sk from frequent_ss_items)
         and ws_bill_customer_sk in (select c_customer_sk from best_ss_customer)) y 
 limit 100;
psql:/tmp/s1-basline/throughput/query_5.sql:3607: NOTICE:  duration: 4598.057 ms  plan:
Query Text: with frequent_ss_items as 
 (select substr(i_item_desc,1,30) itemdesc,i_item_sk item_sk,d_date solddate,count(*) cnt
  from store_sales
      ,date_dim 
      ,item
  where ss_sold_date_sk = d_date_sk
    and ss_item_sk = i_item_sk 
    and d_year in (1998,1998+1,1998+2,1998+3)
  group by substr(i_item_desc,1,30),i_item_sk,d_date
  having count(*) >4),
 max_store_sales as
 (select max(csales) tpcds_cmax 
  from (select c_customer_sk,sum(ss_quantity*ss_sales_price) csales
        from store_sales
            ,customer
            ,date_dim 
        where ss_customer_sk = c_customer_sk
         and ss_sold_date_sk = d_date_sk
         and d_year in (1998,1998+1,1998+2,1998+3) 
        group by c_customer_sk) x),
 best_ss_customer as
 (select c_customer_sk,sum(ss_quantity*ss_sales_price) ssales
  from store_sales
      ,customer
  where ss_customer_sk = c_customer_sk
  group by c_customer_sk
  having sum(ss_quantity*ss_sales_price) > (95/100.0) * (select
  *
from
 max_store_sales))
  select  sum(sales)
 from (select cs_quantity*cs_list_price sales
       from catalog_sales
           ,date_dim 
       where d_year = 1998 
         and d_moy = 6 
         and cs_sold_date_sk = d_date_sk 
         and cs_item_sk in (select item_sk from frequent_ss_items)
         and cs_bill_customer_sk in (select c_customer_sk from best_ss_customer)
      union all
      select ws_quantity*ws_list_price sales
       from web_sales 
           ,date_dim 
       where d_year = 1998 
         and d_moy = 6 
         and ws_sold_date_sk = d_date_sk 
         and ws_item_sk in (select item_sk from frequent_ss_items)
         and ws_bill_customer_sk in (select c_customer_sk from best_ss_customer)) y 
 limit 100;
Limit  (cost=349803.64..349803.65 rows=1 width=8) (actual time=4575.326..4598.051 rows=1 loops=1)
  CTE frequent_ss_items
    ->  Finalize HashAggregate  (cost=99501.14..100232.55 rows=18285 width=52) (actual time=2101.930..3079.443 rows=121 loops=1)
          Group Key: (substr((item.i_item_desc)::text, 1, 30)), item.i_item_sk, date_dim_2.d_date
          Filter: (count(*) > 4)
          Batches: 21  Memory Usage: 34865kB  Disk Usage: 137992kB
          Rows Removed by Filter: 1949613
          ->  Gather  (cost=94186.89..99044.00 rows=45714 width=52) (actual time=965.452..1405.613 rows=2090272 loops=1)
                Workers Planned: 2
                Workers Launched: 2
                ->  Partial HashAggregate  (cost=93186.89..93472.60 rows=22857 width=52) (actual time=960.875..1280.736 rows=696757 loops=3)
                      Group Key: substr((item.i_item_desc)::text, 1, 30), item.i_item_sk, date_dim_2.d_date
                      Batches: 5  Memory Usage: 35889kB  Disk Usage: 36040kB
                      Worker 0:  Batches: 5  Memory Usage: 33841kB  Disk Usage: 31704kB
                      Worker 1:  Batches: 5  Memory Usage: 33841kB  Disk Usage: 31720kB
                      ->  Hash Join  (cost=4179.87..92958.32 rows=22857 width=44) (actual time=29.621..699.249 rows=721758 loops=3)
                            Hash Cond: (store_sales.ss_item_sk = item.i_item_sk)
                            ->  Hash Join  (cost=2518.87..91180.16 rows=22857 width=12) (actual time=14.378..329.907 rows=721758 loops=3)
                                  Hash Cond: (store_sales.ss_sold_date_sk = date_dim_2.d_date_sk)
                                  ->  Parallel Seq Scan on store_sales  (cost=0.00..85499.45 rows=1204445 width=16) (actual time=0.011..126.768 rows=948150 loops=3)
                                  ->  Hash  (cost=2500.73..2500.73 rows=1451 width=12) (actual time=14.350..14.352 rows=1461 loops=3)
                                        Buckets: 2048  Batches: 1  Memory Usage: 85kB
                                        ->  Seq Scan on date_dim date_dim_2  (cost=0.00..2500.73 rows=1451 width=12) (actual time=6.637..14.141 rows=1461 loops=3)
                                              Filter: (d_year = ANY ('{1998,1999,2000,2001}'::integer[]))
                                              Rows Removed by Filter: 71588
                            ->  Hash  (cost=1436.00..1436.00 rows=18000 width=110) (actual time=15.126..15.127 rows=18000 loops=3)
                                  Buckets: 32768  Batches: 1  Memory Usage: 2822kB
                                  ->  Seq Scan on item  (cost=0.00..1436.00 rows=18000 width=110) (actual time=0.025..11.113 rows=18000 loops=3)
  CTE best_ss_customer
    ->  Finalize HashAggregate  (cost=229238.16..230738.16 rows=33333 width=16) (actual time=1457.858..1488.922 rows=11 loops=1)
          Group Key: customer_1.c_customer_sk
          Filter: (sum(((store_sales_2.ss_quantity)::double precision * store_sales_2.ss_sales_price)) > ('0.95'::double precision * $3))
          Batches: 1  Memory Usage: 10257kB
          Rows Removed by Filter: 90680
          InitPlan 2 (returns $3)
            ->  Aggregate  (cost=103055.89..103055.90 rows=1 width=8) (actual time=844.777..867.270 rows=1 loops=1)
                  ->  Finalize GroupAggregate  (cost=93835.38..102401.36 rows=52362 width=16) (actual time=523.436..863.390 rows=84732 loops=1)
                        Group Key: customer.c_customer_sk
                        ->  Gather Merge  (cost=93835.38..101659.56 rows=43636 width=16) (actual time=523.432..839.316 rows=140445 loops=1)
                              Workers Planned: 2
                              Workers Launched: 2
                              ->  Partial GroupAggregate  (cost=92835.35..95622.86 rows=21818 width=16) (actual time=516.715..753.283 rows=46815 loops=3)
                                    Group Key: customer.c_customer_sk
                                    ->  Merge Join  (cost=92835.35..95186.50 rows=21818 width=20) (actual time=516.698..689.382 rows=704791 loops=3)
                                          Merge Cond: (store_sales_1.ss_customer_sk = customer.c_customer_sk)
                                          ->  Sort  (cost=92835.05..92892.19 rows=22857 width=20) (actual time=516.645..583.578 rows=704792 loops=3)
                                                Sort Key: store_sales_1.ss_customer_sk
                                                Sort Method: external merge  Disk: 27752kB
                                                Worker 0:  Sort Method: external merge  Disk: 21568kB
                                                Worker 1:  Sort Method: external merge  Disk: 21536kB
                                                ->  Hash Join  (cost=2518.87..91180.16 rows=22857 width=20) (actual time=16.829..343.152 rows=721758 loops=3)
                                                      Hash Cond: (store_sales_1.ss_sold_date_sk = date_dim_3.d_date_sk)
                                                      ->  Parallel Seq Scan on store_sales store_sales_1  (cost=0.00..85499.45 rows=1204445 width=28) (actual time=0.018..127.164 rows=948150 loops=3)
                                                      ->  Hash  (cost=2500.73..2500.73 rows=1451 width=8) (actual time=16.771..16.772 rows=1461 loops=3)
                                                            Buckets: 2048  Batches: 1  Memory Usage: 74kB
                                                            ->  Seq Scan on date_dim date_dim_3  (cost=0.00..2500.73 rows=1451 width=8) (actual time=7.969..16.591 rows=1461 loops=3)
                                                                  Filter: (d_year = ANY ('{1998,1999,2000,2001}'::integer[]))
                                                                  Rows Removed by Filter: 71588
                                          ->  Index Only Scan using pk_customer on customer  (cost=0.29..1774.19 rows=100000 width=8) (actual time=0.046..9.721 rows=99998 loops=3)
                                                Heap Fetches: 0
          ->  Gather  (cost=104182.25..125182.25 rows=200000 width=16) (actual time=557.481..578.084 rows=165160 loops=1)
                Workers Planned: 2
                Workers Launched: 2
                ->  Partial HashAggregate  (cost=103182.25..104182.25 rows=100000 width=16) (actual time=552.178..563.486 rows=55053 loops=3)
                      Group Key: customer_1.c_customer_sk
                      Batches: 1  Memory Usage: 8209kB
                      Worker 0:  Batches: 1  Memory Usage: 7185kB
                      Worker 1:  Batches: 1  Memory Usage: 8209kB
                      ->  Hash Join  (cost=3024.19..91685.43 rows=1149682 width=20) (actual time=22.690..407.203 rows=905340 loops=3)
                            Hash Cond: (store_sales_2.ss_customer_sk = customer_1.c_customer_sk)
                            ->  Parallel Seq Scan on store_sales store_sales_2  (cost=0.00..85499.45 rows=1204445 width=20) (actual time=0.014..132.094 rows=948150 loops=3)
                            ->  Hash  (cost=1774.19..1774.19 rows=100000 width=8) (actual time=22.277..22.278 rows=100000 loops=3)
                                  Buckets: 131072  Batches: 1  Memory Usage: 4931kB
                                  ->  Index Only Scan using pk_customer on customer customer_1  (cost=0.29..1774.19 rows=100000 width=8) (actual time=0.065..10.231 rows=100000 loops=3)
                                        Heap Fetches: 0
  ->  Aggregate  (cost=18832.93..18832.94 rows=1 width=8) (actual time=4575.325..4575.332 rows=1 loops=1)
        ->  Append  (cost=1170.83..18832.37 rows=221 width=8) (actual time=4575.323..4575.330 rows=0 loops=1)
              ->  Hash Join  (cost=1170.83..5354.92 rows=147 width=8) (actual time=4560.309..4560.313 rows=0 loops=1)
                    Hash Cond: (catalog_sales.cs_item_sk = frequent_ss_items.item_sk)
                    ->  Hash Join  (cost=754.92..4935.88 rows=293 width=20) (actual time=1480.805..1480.807 rows=0 loops=1)
                          Hash Cond: (catalog_sales.cs_bill_customer_sk = best_ss_customer.c_customer_sk)
                          ->  Nested Loop  (cost=0.43..4176.58 rows=590 width=28) (actual time=4.395..13.644 rows=12669 loops=1)
                                ->  Seq Scan on date_dim  (cost=0.00..2500.73 rows=30 width=8) (actual time=4.370..8.988 rows=30 loops=1)
                                      Filter: ((d_year = 1998) AND (d_moy = 6))
                                      Rows Removed by Filter: 73019
                                ->  Index Scan using i_cs_sold_date_sk on catalog_sales  (cost=0.43..48.01 rows=785 width=36) (actual time=0.004..0.073 rows=422 loops=30)
                                      Index Cond: (cs_sold_date_sk = date_dim.d_date_sk)
                          ->  Hash  (cost=751.99..751.99 rows=200 width=8) (actual time=1466.371..1466.372 rows=11 loops=1)
                                Buckets: 1024  Batches: 1  Memory Usage: 9kB
                                ->  HashAggregate  (cost=749.99..751.99 rows=200 width=8) (actual time=1466.363..1466.366 rows=11 loops=1)
                                      Group Key: best_ss_customer.c_customer_sk
                                      Batches: 1  Memory Usage: 40kB
                                      ->  CTE Scan on best_ss_customer  (cost=0.00..666.66 rows=33333 width=8) (actual time=1457.862..1466.356 rows=11 loops=1)
                    ->  Hash  (cost=413.41..413.41 rows=200 width=8) (actual time=3079.501..3079.502 rows=121 loops=1)
                          Buckets: 1024  Batches: 1  Memory Usage: 13kB
                          ->  HashAggregate  (cost=411.41..413.41 rows=200 width=8) (actual time=3079.464..3079.479 rows=121 loops=1)
                                Group Key: frequent_ss_items.item_sk
                                Batches: 1  Memory Usage: 40kB
                                ->  CTE Scan on frequent_ss_items  (cost=0.00..365.70 rows=18285 width=8) (actual time=2101.933..3079.391 rows=121 loops=1)
              ->  Hash Join  (cost=3667.44..13474.14 rows=74 width=8) (actual time=15.011..15.013 rows=0 loops=1)
                    Hash Cond: (web_sales.ws_bill_customer_sk = best_ss_customer_1.c_customer_sk)
                    ->  Hash Join  (cost=2912.95..12718.06 rows=148 width=20) (actual time=7.636..14.988 rows=72 loops=1)
                          Hash Cond: (web_sales.ws_sold_date_sk = date_dim_1.d_date_sk)
                          ->  Nested Loop  (cost=411.84..9268.55 rows=361276 width=28) (actual time=0.050..7.101 rows=5818 loops=1)
                                ->  HashAggregate  (cost=411.41..413.41 rows=200 width=8) (actual time=0.036..0.054 rows=121 loops=1)
                                      Group Key: frequent_ss_items_1.item_sk
                                      Batches: 1  Memory Usage: 40kB
                                      ->  CTE Scan on frequent_ss_items frequent_ss_items_1  (cost=0.00..365.70 rows=18285 width=8) (actual time=0.001..0.011 rows=121 loops=1)
                                ->  Index Scan using pk_web_sales on web_sales  (cost=0.42..43.84 rows=44 width=36) (actual time=0.004..0.051 rows=48 loops=121)
                                      Index Cond: (ws_item_sk = frequent_ss_items_1.item_sk)
                          ->  Hash  (cost=2500.73..2500.73 rows=30 width=8) (actual time=7.498..7.498 rows=30 loops=1)
                                Buckets: 1024  Batches: 1  Memory Usage: 10kB
                                ->  Seq Scan on date_dim date_dim_1  (cost=0.00..2500.73 rows=30 width=8) (actual time=4.035..7.494 rows=30 loops=1)
                                      Filter: ((d_year = 1998) AND (d_moy = 6))
                                      Rows Removed by Filter: 73019
                    ->  Hash  (cost=751.99..751.99 rows=200 width=8) (actual time=0.010..0.011 rows=11 loops=1)
                          Buckets: 1024  Batches: 1  Memory Usage: 9kB
                          ->  HashAggregate  (cost=749.99..751.99 rows=200 width=8) (actual time=0.007..0.009 rows=11 loops=1)
                                Group Key: best_ss_customer_1.c_customer_sk
                                Batches: 1  Memory Usage: 40kB
                                ->  CTE Scan on best_ss_customer best_ss_customer_1  (cost=0.00..666.66 rows=33333 width=8) (actual time=0.001..0.002 rows=11 loops=1)
 sum 
-----
    
(1 row)

with frequent_ss_items as
 (select substr(i_item_desc,1,30) itemdesc,i_item_sk item_sk,d_date solddate,count(*) cnt
  from store_sales
      ,date_dim
      ,item
  where ss_sold_date_sk = d_date_sk
    and ss_item_sk = i_item_sk
    and d_year in (1998,1998 + 1,1998 + 2,1998 + 3)
  group by substr(i_item_desc,1,30),i_item_sk,d_date
  having count(*) >4),
 max_store_sales as
 (select max(csales) tpcds_cmax
  from (select c_customer_sk,sum(ss_quantity*ss_sales_price) csales
        from store_sales
            ,customer
            ,date_dim 
        where ss_customer_sk = c_customer_sk
         and ss_sold_date_sk = d_date_sk
         and d_year in (1998,1998+1,1998+2,1998+3)
        group by c_customer_sk) x),
 best_ss_customer as
 (select c_customer_sk,sum(ss_quantity*ss_sales_price) ssales
  from store_sales
      ,customer
  where ss_customer_sk = c_customer_sk
  group by c_customer_sk
  having sum(ss_quantity*ss_sales_price) > (95/100.0) * (select
  *
 from max_store_sales))
  select  c_last_name,c_first_name,sales
 from (select c_last_name,c_first_name,sum(cs_quantity*cs_list_price) sales
        from catalog_sales
            ,customer
            ,date_dim 
        where d_year = 1998 
         and d_moy = 6 
         and cs_sold_date_sk = d_date_sk 
         and cs_item_sk in (select item_sk from frequent_ss_items)
         and cs_bill_customer_sk in (select c_customer_sk from best_ss_customer)
         and cs_bill_customer_sk = c_customer_sk 
       group by c_last_name,c_first_name
      union all
      select c_last_name,c_first_name,sum(ws_quantity*ws_list_price) sales
       from web_sales
           ,customer
           ,date_dim 
       where d_year = 1998 
         and d_moy = 6 
         and ws_sold_date_sk = d_date_sk 
         and ws_item_sk in (select item_sk from frequent_ss_items)
         and ws_bill_customer_sk in (select c_customer_sk from best_ss_customer)
         and ws_bill_customer_sk = c_customer_sk
       group by c_last_name,c_first_name) y 
     order by c_last_name,c_first_name,sales
  limit 100;
psql:/tmp/s1-basline/throughput/query_5.sql:3662: NOTICE:  duration: 4599.899 ms  plan:
Query Text: with frequent_ss_items as
 (select substr(i_item_desc,1,30) itemdesc,i_item_sk item_sk,d_date solddate,count(*) cnt
  from store_sales
      ,date_dim
      ,item
  where ss_sold_date_sk = d_date_sk
    and ss_item_sk = i_item_sk
    and d_year in (1998,1998 + 1,1998 + 2,1998 + 3)
  group by substr(i_item_desc,1,30),i_item_sk,d_date
  having count(*) >4),
 max_store_sales as
 (select max(csales) tpcds_cmax
  from (select c_customer_sk,sum(ss_quantity*ss_sales_price) csales
        from store_sales
            ,customer
            ,date_dim 
        where ss_customer_sk = c_customer_sk
         and ss_sold_date_sk = d_date_sk
         and d_year in (1998,1998+1,1998+2,1998+3)
        group by c_customer_sk) x),
 best_ss_customer as
 (select c_customer_sk,sum(ss_quantity*ss_sales_price) ssales
  from store_sales
      ,customer
  where ss_customer_sk = c_customer_sk
  group by c_customer_sk
  having sum(ss_quantity*ss_sales_price) > (95/100.0) * (select
  *
 from max_store_sales))
  select  c_last_name,c_first_name,sales
 from (select c_last_name,c_first_name,sum(cs_quantity*cs_list_price) sales
        from catalog_sales
            ,customer
            ,date_dim 
        where d_year = 1998 
         and d_moy = 6 
         and cs_sold_date_sk = d_date_sk 
         and cs_item_sk in (select item_sk from frequent_ss_items)
         and cs_bill_customer_sk in (select c_customer_sk from best_ss_customer)
         and cs_bill_customer_sk = c_customer_sk 
       group by c_last_name,c_first_name
      union all
      select c_last_name,c_first_name,sum(ws_quantity*ws_list_price) sales
       from web_sales
           ,customer
           ,date_dim 
       where d_year = 1998 
         and d_moy = 6 
         and ws_sold_date_sk = d_date_sk 
         and ws_item_sk in (select item_sk from frequent_ss_items)
         and ws_bill_customer_sk in (select c_customer_sk from best_ss_customer)
         and ws_bill_customer_sk = c_customer_sk
       group by c_last_name,c_first_name) y 
     order by c_last_name,c_first_name,sales
  limit 100;
Limit  (cost=349892.70..349892.95 rows=100 width=60) (actual time=4562.675..4599.895 rows=0 loops=1)
  CTE frequent_ss_items
    ->  Finalize HashAggregate  (cost=99501.14..100232.55 rows=18285 width=52) (actual time=2106.350..3070.804 rows=121 loops=1)
          Group Key: (substr((item.i_item_desc)::text, 1, 30)), item.i_item_sk, date_dim_2.d_date
          Filter: (count(*) > 4)
          Batches: 21  Memory Usage: 32825kB  Disk Usage: 138264kB
          Rows Removed by Filter: 1949613
          ->  Gather  (cost=94186.89..99044.00 rows=45714 width=52) (actual time=968.977..1410.214 rows=2088992 loops=1)
                Workers Planned: 2
                Workers Launched: 2
                ->  Partial HashAggregate  (cost=93186.89..93472.60 rows=22857 width=52) (actual time=964.479..1279.886 rows=696331 loops=3)
                      Group Key: substr((item.i_item_desc)::text, 1, 30), item.i_item_sk, date_dim_2.d_date
                      Batches: 5  Memory Usage: 35889kB  Disk Usage: 36088kB
                      Worker 0:  Batches: 5  Memory Usage: 33841kB  Disk Usage: 31624kB
                      Worker 1:  Batches: 5  Memory Usage: 34865kB  Disk Usage: 30504kB
                      ->  Hash Join  (cost=4179.87..92958.32 rows=22857 width=44) (actual time=29.923..703.117 rows=721758 loops=3)
                            Hash Cond: (store_sales.ss_item_sk = item.i_item_sk)
                            ->  Hash Join  (cost=2518.87..91180.16 rows=22857 width=12) (actual time=14.652..331.062 rows=721758 loops=3)
                                  Hash Cond: (store_sales.ss_sold_date_sk = date_dim_2.d_date_sk)
                                  ->  Parallel Seq Scan on store_sales  (cost=0.00..85499.45 rows=1204445 width=16) (actual time=0.011..128.567 rows=948150 loops=3)
                                  ->  Hash  (cost=2500.73..2500.73 rows=1451 width=12) (actual time=14.624..14.626 rows=1461 loops=3)
                                        Buckets: 2048  Batches: 1  Memory Usage: 85kB
                                        ->  Seq Scan on date_dim date_dim_2  (cost=0.00..2500.73 rows=1451 width=12) (actual time=6.817..14.430 rows=1461 loops=3)
                                              Filter: (d_year = ANY ('{1998,1999,2000,2001}'::integer[]))
                                              Rows Removed by Filter: 71588
                            ->  Hash  (cost=1436.00..1436.00 rows=18000 width=110) (actual time=15.154..15.155 rows=18000 loops=3)
                                  Buckets: 32768  Batches: 1  Memory Usage: 2822kB
                                  ->  Seq Scan on item  (cost=0.00..1436.00 rows=18000 width=110) (actual time=0.025..11.382 rows=18000 loops=3)
  CTE best_ss_customer
    ->  Finalize HashAggregate  (cost=229238.16..230738.16 rows=33333 width=16) (actual time=1453.402..1499.159 rows=11 loops=1)
          Group Key: customer_3.c_customer_sk
          Filter: (sum(((store_sales_2.ss_quantity)::double precision * store_sales_2.ss_sales_price)) > ('0.95'::double precision * $3))
          Batches: 1  Memory Usage: 10257kB
          Rows Removed by Filter: 90680
          InitPlan 2 (returns $3)
            ->  Aggregate  (cost=103055.89..103055.90 rows=1 width=8) (actual time=838.943..875.914 rows=1 loops=1)
                  ->  Finalize GroupAggregate  (cost=93835.38..102401.36 rows=52362 width=16) (actual time=519.388..871.991 rows=84732 loops=1)
                        Group Key: customer_2.c_customer_sk
                        ->  Gather Merge  (cost=93835.38..101659.56 rows=43636 width=16) (actual time=519.379..847.923 rows=140528 loops=1)
                              Workers Planned: 2
                              Workers Launched: 2
                              ->  Partial GroupAggregate  (cost=92835.35..95622.86 rows=21818 width=16) (actual time=512.641..748.828 rows=46843 loops=3)
                                    Group Key: customer_2.c_customer_sk
                                    ->  Merge Join  (cost=92835.35..95186.50 rows=21818 width=20) (actual time=512.624..684.574 rows=704791 loops=3)
                                          Merge Cond: (store_sales_1.ss_customer_sk = customer_2.c_customer_sk)
                                          ->  Sort  (cost=92835.05..92892.19 rows=22857 width=20) (actual time=512.567..578.946 rows=704792 loops=3)
                                                Sort Key: store_sales_1.ss_customer_sk
                                                Sort Method: external merge  Disk: 27568kB
                                                Worker 0:  Sort Method: external merge  Disk: 21632kB
                                                Worker 1:  Sort Method: external merge  Disk: 21656kB
                                                ->  Hash Join  (cost=2518.87..91180.16 rows=22857 width=20) (actual time=16.233..344.283 rows=721758 loops=3)
                                                      Hash Cond: (store_sales_1.ss_sold_date_sk = date_dim_3.d_date_sk)
                                                      ->  Parallel Seq Scan on store_sales store_sales_1  (cost=0.00..85499.45 rows=1204445 width=28) (actual time=0.016..128.092 rows=948150 loops=3)
                                                      ->  Hash  (cost=2500.73..2500.73 rows=1451 width=8) (actual time=16.176..16.178 rows=1461 loops=3)
                                                            Buckets: 2048  Batches: 1  Memory Usage: 74kB
                                                            ->  Seq Scan on date_dim date_dim_3  (cost=0.00..2500.73 rows=1451 width=8) (actual time=7.743..15.998 rows=1461 loops=3)
                                                                  Filter: (d_year = ANY ('{1998,1999,2000,2001}'::integer[]))
                                                                  Rows Removed by Filter: 71588
                                          ->  Index Only Scan using pk_customer on customer customer_2  (cost=0.29..1774.19 rows=100000 width=8) (actual time=0.050..9.856 rows=99998 loops=3)
                                                Heap Fetches: 0
          ->  Gather  (cost=104182.25..125182.25 rows=200000 width=16) (actual time=558.775..579.549 rows=165127 loops=1)
                Workers Planned: 2
                Workers Launched: 2
                ->  Partial HashAggregate  (cost=103182.25..104182.25 rows=100000 width=16) (actual time=553.535..564.935 rows=55042 loops=3)
                      Group Key: customer_3.c_customer_sk
                      Batches: 1  Memory Usage: 8209kB
                      Worker 0:  Batches: 1  Memory Usage: 8209kB
                      Worker 1:  Batches: 1  Memory Usage: 7185kB
                      ->  Hash Join  (cost=3024.19..91685.43 rows=1149682 width=20) (actual time=22.905..408.481 rows=905340 loops=3)
                            Hash Cond: (store_sales_2.ss_customer_sk = customer_3.c_customer_sk)
                            ->  Parallel Seq Scan on store_sales store_sales_2  (cost=0.00..85499.45 rows=1204445 width=20) (actual time=0.013..129.644 rows=948150 loops=3)
                            ->  Hash  (cost=1774.19..1774.19 rows=100000 width=8) (actual time=22.504..22.504 rows=100000 loops=3)
                                  Buckets: 131072  Batches: 1  Memory Usage: 4931kB
                                  ->  Index Only Scan using pk_customer on customer customer_3  (cost=0.29..1774.19 rows=100000 width=8) (actual time=0.062..10.343 rows=100000 loops=3)
                                        Heap Fetches: 0
  ->  Sort  (cost=18921.98..18922.53 rows=220 width=60) (actual time=4562.674..4562.681 rows=0 loops=1)
        Sort Key: customer.c_last_name, customer.c_first_name, (sum(((catalog_sales.cs_quantity)::double precision * catalog_sales.cs_list_price)))
        Sort Method: quicksort  Memory: 25kB
        ->  Append  (cost=5405.39..18913.58 rows=220 width=60) (actual time=4562.669..4562.676 rows=0 loops=1)
              ->  GroupAggregate  (cost=5405.39..5409.04 rows=146 width=60) (actual time=4547.539..4547.543 rows=0 loops=1)
                    Group Key: customer.c_last_name, customer.c_first_name
                    ->  Sort  (cost=5405.39..5405.75 rows=146 width=64) (actual time=4547.538..4547.542 rows=0 loops=1)
                          Sort Key: customer.c_last_name, customer.c_first_name
                          Sort Method: quicksort  Memory: 25kB
                          ->  Nested Loop  (cost=1171.12..5400.14 rows=146 width=64) (actual time=4547.535..4547.539 rows=0 loops=1)
                                ->  Hash Join  (cost=1170.83..5354.19 rows=147 width=28) (actual time=4547.534..4547.538 rows=0 loops=1)
                                      Hash Cond: (catalog_sales.cs_item_sk = frequent_ss_items.item_sk)
                                      ->  Hash Join  (cost=754.92..4935.88 rows=293 width=36) (actual time=1476.681..1476.683 rows=0 loops=1)
                                            Hash Cond: (catalog_sales.cs_bill_customer_sk = best_ss_customer.c_customer_sk)
                                            ->  Nested Loop  (cost=0.43..4176.58 rows=590 width=28) (actual time=4.475..13.756 rows=12669 loops=1)
                                                  ->  Seq Scan on date_dim  (cost=0.00..2500.73 rows=30 width=8) (actual time=4.453..9.094 rows=30 loops=1)
                                                        Filter: ((d_year = 1998) AND (d_moy = 6))
                                                        Rows Removed by Filter: 73019
                                                  ->  Index Scan using i_cs_sold_date_sk on catalog_sales  (cost=0.43..48.01 rows=785 width=36) (actual time=0.004..0.074 rows=422 loops=30)
                                                        Index Cond: (cs_sold_date_sk = date_dim.d_date_sk)
                                            ->  Hash  (cost=751.99..751.99 rows=200 width=8) (actual time=1462.132..1462.133 rows=11 loops=1)
                                                  Buckets: 1024  Batches: 1  Memory Usage: 9kB
                                                  ->  HashAggregate  (cost=749.99..751.99 rows=200 width=8) (actual time=1462.125..1462.127 rows=11 loops=1)
                                                        Group Key: best_ss_customer.c_customer_sk
                                                        Batches: 1  Memory Usage: 40kB
                                                        ->  CTE Scan on best_ss_customer  (cost=0.00..666.66 rows=33333 width=8) (actual time=1453.406..1462.117 rows=11 loops=1)
                                      ->  Hash  (cost=413.41..413.41 rows=200 width=8) (actual time=3070.849..3070.850 rows=121 loops=1)
                                            Buckets: 1024  Batches: 1  Memory Usage: 13kB
                                            ->  HashAggregate  (cost=411.41..413.41 rows=200 width=8) (actual time=3070.808..3070.826 rows=121 loops=1)
                                                  Group Key: frequent_ss_items.item_sk
                                                  Batches: 1  Memory Usage: 40kB
                                                  ->  CTE Scan on frequent_ss_items  (cost=0.00..365.70 rows=18285 width=8) (actual time=2106.354..3070.733 rows=121 loops=1)
                                ->  Index Scan using pk_customer on customer  (cost=0.29..0.31 rows=1 width=60) (never executed)
                                      Index Cond: (c_customer_sk = catalog_sales.cs_bill_customer_sk)
              ->  GroupAggregate  (cost=13499.39..13501.24 rows=74 width=60) (actual time=15.126..15.128 rows=0 loops=1)
                    Group Key: customer_1.c_last_name, customer_1.c_first_name
                    ->  Sort  (cost=13499.39..13499.58 rows=74 width=64) (actual time=15.125..15.127 rows=0 loops=1)
                          Sort Key: customer_1.c_last_name, customer_1.c_first_name
                          Sort Method: quicksort  Memory: 25kB
                          ->  Nested Loop  (cost=3667.73..13497.09 rows=74 width=64) (actual time=15.116..15.117 rows=0 loops=1)
                                ->  Hash Join  (cost=3667.44..13473.77 rows=74 width=28) (actual time=15.115..15.117 rows=0 loops=1)
                                      Hash Cond: (web_sales.ws_bill_customer_sk = best_ss_customer_1.c_customer_sk)
                                      ->  Hash Join  (cost=2912.95..12718.06 rows=148 width=20) (actual time=7.807..15.092 rows=72 loops=1)
                                            Hash Cond: (web_sales.ws_sold_date_sk = date_dim_1.d_date_sk)
                                            ->  Nested Loop  (cost=411.84..9268.55 rows=361276 width=28) (actual time=0.057..7.049 rows=5818 loops=1)
                                                  ->  HashAggregate  (cost=411.41..413.41 rows=200 width=8) (actual time=0.042..0.059 rows=121 loops=1)
                                                        Group Key: frequent_ss_items_1.item_sk
                                                        Batches: 1  Memory Usage: 40kB
                                                        ->  CTE Scan on frequent_ss_items frequent_ss_items_1  (cost=0.00..365.70 rows=18285 width=8) (actual time=0.001..0.012 rows=121 loops=1)
                                                  ->  Index Scan using pk_web_sales on web_sales  (cost=0.42..43.84 rows=44 width=36) (actual time=0.004..0.051 rows=48 loops=121)
                                                        Index Cond: (ws_item_sk = frequent_ss_items_1.item_sk)
                                            ->  Hash  (cost=2500.73..2500.73 rows=30 width=8) (actual time=7.661..7.661 rows=30 loops=1)
                                                  Buckets: 1024  Batches: 1  Memory Usage: 10kB
                                                  ->  Seq Scan on date_dim date_dim_1  (cost=0.00..2500.73 rows=30 width=8) (actual time=4.217..7.657 rows=30 loops=1)
                                                        Filter: ((d_year = 1998) AND (d_moy = 6))
                                                        Rows Removed by Filter: 73019
                                      ->  Hash  (cost=751.99..751.99 rows=200 width=8) (actual time=0.011..0.012 rows=11 loops=1)
                                            Buckets: 1024  Batches: 1  Memory Usage: 9kB
                                            ->  HashAggregate  (cost=749.99..751.99 rows=200 width=8) (actual time=0.007..0.009 rows=11 loops=1)
                                                  Group Key: best_ss_customer_1.c_customer_sk
                                                  Batches: 1  Memory Usage: 40kB
                                                  ->  CTE Scan on best_ss_customer best_ss_customer_1  (cost=0.00..666.66 rows=33333 width=8) (actual time=0.001..0.002 rows=11 loops=1)
                                ->  Index Scan using pk_customer on customer customer_1  (cost=0.29..0.32 rows=1 width=60) (never executed)
                                      Index Cond: (c_customer_sk = web_sales.ws_bill_customer_sk)
 c_last_name | c_first_name | sales 
-------------+--------------+-------
(0 rows)

UPDATE time_statistics SET e_time = TRANSACTION_TIMESTAMP() WHERE template = '../query_postgresql/query23.tpl' AND stream = 5;
psql:/tmp/s1-basline/throughput/query_5.sql:3664: NOTICE:  duration: 0.101 ms  plan:
Query Text: UPDATE time_statistics SET e_time = TRANSACTION_TIMESTAMP() WHERE template = '../query_postgresql/query23.tpl' AND stream = 5;
Update on time_statistics  (cost=0.00..22.07 rows=0 width=0) (actual time=0.100..0.100 rows=0 loops=1)
  ->  Seq Scan on time_statistics  (cost=0.00..22.07 rows=1 width=14) (actual time=0.085..0.085 rows=1 loops=1)
        Filter: ((template = '../query_postgresql/query23.tpl'::text) AND (stream = 5))
        Rows Removed by Filter: 737
UPDATE 1
LOAD 'auto_explain'; SET auto_explain.log_min_duration TO 0; SET auto_explain.log_analyze TO on; SET auto_explain.log_level TO notice; INSERT INTO time_statistics (template, s_time, stream, query, seed) VALUES ('query96.tpl', TRANSACTION_TIMESTAMP(), 5, 71, 122450666);
LOAD
SET
SET
SET
psql:/tmp/s1-basline/throughput/query_5.sql:3665: NOTICE:  duration: 0.028 ms  plan:
Query Text: INSERT INTO time_statistics (template, s_time, stream, query, seed) VALUES ('query96.tpl', TRANSACTION_TIMESTAMP(), 5, 71, 122450666);
Insert on time_statistics  (cost=0.00..0.01 rows=0 width=0) (actual time=0.028..0.028 rows=0 loops=1)
  ->  Result  (cost=0.00..0.01 rows=1 width=64) (actual time=0.001..0.002 rows=1 loops=1)
INSERT 0 1
select  count(*) 
from store_sales
    ,household_demographics 
    ,time_dim, store
where ss_sold_time_sk = time_dim.t_time_sk   
    and ss_hdemo_sk = household_demographics.hd_demo_sk 
    and ss_store_sk = s_store_sk
    and time_dim.t_hour = 16
    and time_dim.t_minute >= 30
    and household_demographics.hd_dep_count = 5
    and store.s_store_name = 'ese'
order by count(*)
limit 100;
psql:/tmp/s1-basline/throughput/query_5.sql:3678: NOTICE:  duration: 317.170 ms  plan:
Query Text: select  count(*) 
from store_sales
    ,household_demographics 
    ,time_dim, store
where ss_sold_time_sk = time_dim.t_time_sk   
    and ss_hdemo_sk = household_demographics.hd_demo_sk 
    and ss_store_sk = s_store_sk
    and time_dim.t_hour = 16
    and time_dim.t_minute >= 30
    and household_demographics.hd_dep_count = 5
    and store.s_store_name = 'ese'
order by count(*)
limit 100;
Limit  (cost=92660.38..92660.38 rows=1 width=8) (actual time=245.356..317.162 rows=1 loops=1)
  ->  Sort  (cost=92660.38..92660.38 rows=1 width=8) (actual time=245.355..317.161 rows=1 loops=1)
        Sort Key: (count(*))
        Sort Method: quicksort  Memory: 25kB
        ->  Finalize Aggregate  (cost=92660.36..92660.37 rows=1 width=8) (actual time=245.351..317.155 rows=1 loops=1)
              ->  Gather  (cost=92660.14..92660.35 rows=2 width=8) (actual time=245.236..317.151 rows=3 loops=1)
                    Workers Planned: 2
                    Workers Launched: 2
                    ->  Partial Aggregate  (cost=91660.14..91660.15 rows=1 width=8) (actual time=241.147..241.151 rows=1 loops=3)
                          ->  Hash Join  (cost=2926.11..91659.68 rows=185 width=0) (actual time=24.007..241.128 rows=278 loops=3)
                                Hash Cond: (store_sales.ss_store_sk = store.s_store_sk)
                                ->  Hash Join  (cost=2924.95..91650.35 rows=2328 width=8) (actual time=16.611..240.797 rows=1859 loops=3)
                                      Hash Cond: (store_sales.ss_hdemo_sk = household_demographics.hd_demo_sk)
                                      ->  Hash Join  (cost=2765.95..91427.21 rows=24422 width=16) (actual time=12.313..238.353 rows=18118 loops=3)
                                            Hash Cond: (store_sales.ss_sold_time_sk = time_dim.t_time_sk)
                                            ->  Parallel Seq Scan on store_sales  (cost=0.00..85499.45 rows=1204445 width=24) (actual time=0.014..122.482 rows=948150 loops=3)
                                            ->  Hash  (cost=2743.00..2743.00 rows=1836 width=8) (actual time=12.126..12.127 rows=1800 loops=3)
                                                  Buckets: 2048  Batches: 1  Memory Usage: 87kB
                                                  ->  Seq Scan on time_dim  (cost=0.00..2743.00 rows=1836 width=8) (actual time=8.375..11.902 rows=1800 loops=3)
                                                        Filter: ((t_minute >= 30) AND (t_hour = 16))
                                                        Rows Removed by Filter: 84600
                                      ->  Hash  (cost=150.00..150.00 rows=720 width=8) (actual time=1.045..1.046 rows=720 loops=3)
                                            Buckets: 1024  Batches: 1  Memory Usage: 37kB
                                            ->  Seq Scan on household_demographics  (cost=0.00..150.00 rows=720 width=8) (actual time=0.098..0.962 rows=720 loops=3)
                                                  Filter: (hd_dep_count = 5)
                                                  Rows Removed by Filter: 6480
                                ->  Hash  (cost=1.15..1.15 rows=1 width=8) (actual time=0.029..0.029 rows=1 loops=3)
                                      Buckets: 1024  Batches: 1  Memory Usage: 9kB
                                      ->  Seq Scan on store  (cost=0.00..1.15 rows=1 width=8) (actual time=0.025..0.026 rows=1 loops=3)
                                            Filter: ((s_store_name)::text = 'ese'::text)
                                            Rows Removed by Filter: 11
 count 
-------
   834
(1 row)

UPDATE time_statistics SET e_time = TRANSACTION_TIMESTAMP() WHERE template = 'query96.tpl' AND stream = 5;
psql:/tmp/s1-basline/throughput/query_5.sql:3680: NOTICE:  duration: 0.105 ms  plan:
Query Text: UPDATE time_statistics SET e_time = TRANSACTION_TIMESTAMP() WHERE template = 'query96.tpl' AND stream = 5;
Update on time_statistics  (cost=0.00..22.07 rows=0 width=0) (actual time=0.105..0.105 rows=0 loops=1)
  ->  Seq Scan on time_statistics  (cost=0.00..22.07 rows=1 width=14) (actual time=0.017..0.090 rows=1 loops=1)
        Filter: ((template = 'query96.tpl'::text) AND (stream = 5))
        Rows Removed by Filter: 738
UPDATE 1
LOAD 'auto_explain'; SET auto_explain.log_min_duration TO 0; SET auto_explain.log_analyze TO on; SET auto_explain.log_level TO notice; INSERT INTO time_statistics (template, s_time, stream, query, seed) VALUES ('query1.tpl', TRANSACTION_TIMESTAMP(), 5, 72, 2009886640);
LOAD
SET
SET
SET
psql:/tmp/s1-basline/throughput/query_5.sql:3681: NOTICE:  duration: 0.010 ms  plan:
Query Text: INSERT INTO time_statistics (template, s_time, stream, query, seed) VALUES ('query1.tpl', TRANSACTION_TIMESTAMP(), 5, 72, 2009886640);
Insert on time_statistics  (cost=0.00..0.01 rows=0 width=0) (actual time=0.009..0.009 rows=0 loops=1)
  ->  Result  (cost=0.00..0.01 rows=1 width=64) (actual time=0.002..0.002 rows=1 loops=1)
INSERT 0 1
with customer_total_return as
(select sr_customer_sk as ctr_customer_sk
,sr_store_sk as ctr_store_sk
,sum(SR_FEE) as ctr_total_return
from store_returns
,date_dim
where sr_returned_date_sk = d_date_sk
and d_year =1999
group by sr_customer_sk
,sr_store_sk)
 select  c_customer_id
from customer_total_return ctr1
,store
,customer
where ctr1.ctr_total_return > (select avg(ctr_total_return)*1.2
from customer_total_return ctr2
where ctr1.ctr_store_sk = ctr2.ctr_store_sk)
and s_store_sk = ctr1.ctr_store_sk
and s_state = 'TN'
and ctr1.ctr_customer_sk = c_customer_sk
order by c_customer_id
limit 100;
psql:/tmp/s1-basline/throughput/query_5.sql:3703: NOTICE:  duration: 202216.617 ms  plan:
Query Text: with customer_total_return as
(select sr_customer_sk as ctr_customer_sk
,sr_store_sk as ctr_store_sk
,sum(SR_FEE) as ctr_total_return
from store_returns
,date_dim
where sr_returned_date_sk = d_date_sk
and d_year =1999
group by sr_customer_sk
,sr_store_sk)
 select  c_customer_id
from customer_total_return ctr1
,store
,customer
where ctr1.ctr_total_return > (select avg(ctr_total_return)*1.2
from customer_total_return ctr2
where ctr1.ctr_store_sk = ctr2.ctr_store_sk)
and s_store_sk = ctr1.ctr_store_sk
and s_state = 'TN'
and ctr1.ctr_customer_sk = c_customer_sk
order by c_customer_id
limit 100;
Limit  (cost=54658.63..54658.70 rows=28 width=17) (actual time=202216.586..202216.600 rows=100 loops=1)
  CTE customer_total_return
    ->  GroupAggregate  (cost=11381.43..11409.09 rows=1383 width=24) (actual time=59.410..77.281 rows=49801 loops=1)
          Group Key: store_returns.sr_customer_sk, store_returns.sr_store_sk
          ->  Sort  (cost=11381.43..11384.89 rows=1383 width=24) (actual time=59.402..62.095 rows=55122 loops=1)
                Sort Key: store_returns.sr_customer_sk, store_returns.sr_store_sk
                Sort Method: quicksort  Memory: 4958kB
                ->  Nested Loop  (cost=0.42..11309.28 rows=1383 width=24) (actual time=3.912..46.017 rows=55122 loops=1)
                      ->  Seq Scan on date_dim  (cost=0.00..2318.11 rows=363 width=8) (actual time=3.902..8.222 rows=365 loops=1)
                            Filter: (d_year = 1999)
                            Rows Removed by Filter: 72684
                      ->  Index Scan using i_sr_returned_date_sk on store_returns  (cost=0.42..23.37 rows=140 width=32) (actual time=0.002..0.083 rows=151 loops=365)
                            Index Cond: (sr_returned_date_sk = date_dim.d_date_sk)
  ->  Sort  (cost=43249.54..43249.61 rows=28 width=17) (actual time=202216.585..202216.590 rows=100 loops=1)
        Sort Key: customer.c_customer_id
        Sort Method: top-N heapsort  Memory: 38kB
        ->  Nested Loop  (cost=0.29..43248.87 rows=28 width=17) (actual time=96.525..202205.624 rows=18735 loops=1)
              ->  Nested Loop  (cost=0.00..43195.42 rows=28 width=8) (actual time=96.513..202162.140 rows=18741 loops=1)
                    Join Filter: (ctr1.ctr_store_sk = store.s_store_sk)
                    Rows Removed by Join Filter: 81476
                    ->  CTE Scan on customer_total_return ctr1  (cost=0.00..43111.57 rows=461 width=16) (actual time=96.501..202148.233 rows=18741 loops=1)
                          Filter: (ctr_total_return > (SubPlan 2))
                          Rows Removed by Filter: 31060
                          SubPlan 2
                            ->  Aggregate  (cost=31.14..31.15 rows=1 width=8) (actual time=4.057..4.057 rows=1 loops=49801)
                                  ->  CTE Scan on customer_total_return ctr2  (cost=0.00..31.12 rows=7 width=8) (actual time=0.030..3.466 rows=8137 loops=49801)
                                        Filter: (ctr1.ctr_store_sk = ctr_store_sk)
                                        Rows Removed by Filter: 41664
                    ->  Materialize  (cost=0.00..1.21 rows=12 width=8) (actual time=0.000..0.000 rows=5 loops=18741)
                          ->  Seq Scan on store  (cost=0.00..1.15 rows=12 width=8) (actual time=0.009..0.012 rows=10 loops=1)
                                Filter: (s_state = 'TN'::bpchar)
              ->  Index Scan using pk_customer on customer  (cost=0.29..1.91 rows=1 width=25) (actual time=0.002..0.002 rows=1 loops=18741)
                    Index Cond: (c_customer_sk = ctr1.ctr_customer_sk)
  c_customer_id   
------------------
 AAAAAAAAAAADAAAA
 AAAAAAAAAAANAAAA
 AAAAAAAAAAANAAAA
 AAAAAAAAAABBBAAA
 AAAAAAAAAABCBAAA
 AAAAAAAAAABDAAAA
 AAAAAAAAAABPAAAA
 AAAAAAAAAABPAAAA
 AAAAAAAAAACABAAA
 AAAAAAAAAACGAAAA
 AAAAAAAAAACJAAAA
 AAAAAAAAAACMAAAA
 AAAAAAAAAADBAAAA
 AAAAAAAAAADBBAAA
 AAAAAAAAAADBBAAA
 AAAAAAAAAADFBAAA
 AAAAAAAAAADHBAAA
 AAAAAAAAAADPAAAA
 AAAAAAAAAAECAAAA
 AAAAAAAAAAEDAAAA
 AAAAAAAAAAEGAAAA
 AAAAAAAAAAEGBAAA
 AAAAAAAAAAEIBAAA
 AAAAAAAAAAEKAAAA
 AAAAAAAAAAENAAAA
 AAAAAAAAAAENAAAA
 AAAAAAAAAAEOAAAA
 AAAAAAAAAAEOAAAA
 AAAAAAAAAAEPAAAA
 AAAAAAAAAAEPAAAA
 AAAAAAAAAAFEAAAA
 AAAAAAAAAAFGBAAA
 AAAAAAAAAAFJAAAA
 AAAAAAAAAAGDBAAA
 AAAAAAAAAAGDBAAA
 AAAAAAAAAAGFBAAA
 AAAAAAAAAAGIAAAA
 AAAAAAAAAAGMAAAA
 AAAAAAAAAAHEAAAA
 AAAAAAAAAAHFAAAA
 AAAAAAAAAAHGAAAA
 AAAAAAAAAAIDBAAA
 AAAAAAAAAAIJAAAA
 AAAAAAAAAAIKAAAA
 AAAAAAAAAAJBBAAA
 AAAAAAAAAAJBBAAA
 AAAAAAAAAAJLAAAA
 AAAAAAAAAAJPAAAA
 AAAAAAAAAAKAAAAA
 AAAAAAAAAAKCAAAA
 AAAAAAAAAAKKAAAA
 AAAAAAAAAALAAAAA
 AAAAAAAAAALDBAAA
 AAAAAAAAAALJAAAA
 AAAAAAAAAAMABAAA
 AAAAAAAAAAMPAAAA
 AAAAAAAAAANFBAAA
 AAAAAAAAAAOCAAAA
 AAAAAAAAAAOHBAAA
 AAAAAAAAAAOLAAAA
 AAAAAAAAAAPHAAAA
 AAAAAAAAAAPHBAAA
 AAAAAAAAABAEAAAA
 AAAAAAAAABAFAAAA
 AAAAAAAAABAGAAAA
 AAAAAAAAABAIBAAA
 AAAAAAAAABBDAAAA
 AAAAAAAAABBGAAAA
 AAAAAAAAABBJAAAA
 AAAAAAAAABBPAAAA
 AAAAAAAAABCFAAAA
 AAAAAAAAABCFAAAA
 AAAAAAAAABCGBAAA
 AAAAAAAAABCJAAAA
 AAAAAAAAABCMAAAA
 AAAAAAAAABCNAAAA
 AAAAAAAAABCPAAAA
 AAAAAAAAABDAAAAA
 AAAAAAAAABDABAAA
 AAAAAAAAABDMAAAA
 AAAAAAAAABDNAAAA
 AAAAAAAAABDOAAAA
 AAAAAAAAABEHAAAA
 AAAAAAAAABFCBAAA
 AAAAAAAAABFHAAAA
 AAAAAAAAABGEAAAA
 AAAAAAAAABGNAAAA
 AAAAAAAAABHCAAAA
 AAAAAAAAABHCBAAA
 AAAAAAAAABHCBAAA
 AAAAAAAAABHCBAAA
 AAAAAAAAABIAAAAA
 AAAAAAAAABIDAAAA
 AAAAAAAAABIDAAAA
 AAAAAAAAABIEBAAA
 AAAAAAAAABIFAAAA
 AAAAAAAAABIHBAAA
 AAAAAAAAABJEAAAA
 AAAAAAAAABJHAAAA
 AAAAAAAAABJHAAAA
(100 rows)

UPDATE time_statistics SET e_time = TRANSACTION_TIMESTAMP() WHERE template = 'query1.tpl' AND stream = 5;
psql:/tmp/s1-basline/throughput/query_5.sql:3705: NOTICE:  duration: 0.121 ms  plan:
Query Text: UPDATE time_statistics SET e_time = TRANSACTION_TIMESTAMP() WHERE template = 'query1.tpl' AND stream = 5;
Update on time_statistics  (cost=0.00..22.34 rows=0 width=0) (actual time=0.120..0.120 rows=0 loops=1)
  ->  Seq Scan on time_statistics  (cost=0.00..22.34 rows=1 width=14) (actual time=0.014..0.084 rows=1 loops=1)
        Filter: ((template = 'query1.tpl'::text) AND (stream = 5))
        Rows Removed by Filter: 760
UPDATE 1
LOAD 'auto_explain'; SET auto_explain.log_min_duration TO 0; SET auto_explain.log_analyze TO on; SET auto_explain.log_level TO notice; INSERT INTO time_statistics (template, s_time, stream, query, seed) VALUES ('../query_postgresql/query95.tpl', TRANSACTION_TIMESTAMP(), 5, 73, 413804546);
LOAD
SET
SET
SET
psql:/tmp/s1-basline/throughput/query_5.sql:3706: NOTICE:  duration: 0.008 ms  plan:
Query Text: INSERT INTO time_statistics (template, s_time, stream, query, seed) VALUES ('../query_postgresql/query95.tpl', TRANSACTION_TIMESTAMP(), 5, 73, 413804546);
Insert on time_statistics  (cost=0.00..0.01 rows=0 width=0) (actual time=0.008..0.008 rows=0 loops=1)
  ->  Result  (cost=0.00..0.01 rows=1 width=64) (actual time=0.001..0.002 rows=1 loops=1)
INSERT 0 1
with ws_wh as
(select ws1.ws_order_number,ws1.ws_warehouse_sk wh1,ws2.ws_warehouse_sk wh2
 from web_sales ws1,web_sales ws2
 where ws1.ws_order_number = ws2.ws_order_number
   and ws1.ws_warehouse_sk <> ws2.ws_warehouse_sk)
 select  
   count(distinct ws_order_number) as "order count"
  ,sum(ws_ext_ship_cost) as "total shipping cost"
  ,sum(ws_net_profit) as "total net profit"
from
   web_sales ws1
  ,date_dim
  ,customer_address
  ,web_site
where
    d_date between '2001-5-01' and 
           (cast('2001-5-01' as date) + interval '60 days')
and ws1.ws_ship_date_sk = d_date_sk
and ws1.ws_ship_addr_sk = ca_address_sk
and ca_state = 'PA'
and ws1.ws_web_site_sk = web_site_sk
and web_company_name = 'pri'
and ws1.ws_order_number in (select ws_order_number
                            from ws_wh)
and ws1.ws_order_number in (select wr_order_number
                            from web_returns,ws_wh
                            where wr_order_number = ws_wh.ws_order_number)
order by count(distinct ws_order_number)
limit 100;
psql:/tmp/s1-basline/throughput/query_5.sql:3735: NOTICE:  duration: 34323.735 ms  plan:
Query Text: with ws_wh as
(select ws1.ws_order_number,ws1.ws_warehouse_sk wh1,ws2.ws_warehouse_sk wh2
 from web_sales ws1,web_sales ws2
 where ws1.ws_order_number = ws2.ws_order_number
   and ws1.ws_warehouse_sk <> ws2.ws_warehouse_sk)
 select  
   count(distinct ws_order_number) as "order count"
  ,sum(ws_ext_ship_cost) as "total shipping cost"
  ,sum(ws_net_profit) as "total net profit"
from
   web_sales ws1
  ,date_dim
  ,customer_address
  ,web_site
where
    d_date between '2001-5-01' and 
           (cast('2001-5-01' as date) + interval '60 days')
and ws1.ws_ship_date_sk = d_date_sk
and ws1.ws_ship_addr_sk = ca_address_sk
and ca_state = 'PA'
and ws1.ws_web_site_sk = web_site_sk
and web_company_name = 'pri'
and ws1.ws_order_number in (select ws_order_number
                            from ws_wh)
and ws1.ws_order_number in (select wr_order_number
                            from web_returns,ws_wh
                            where wr_order_number = ws_wh.ws_order_number)
order by count(distinct ws_order_number)
limit 100;
Limit  (cost=703130.87..703130.87 rows=1 width=24) (actual time=34323.612..34323.727 rows=1 loops=1)
  CTE ws_wh
    ->  Hash Join  (cost=46547.42..336545.93 rows=7210098 width=24) (actual time=262.152..1439.160 rows=6627112 loops=1)
          Hash Cond: (ws1_1.ws_order_number = ws2.ws_order_number)
          Join Filter: (ws1_1.ws_warehouse_sk <> ws2.ws_warehouse_sk)
          Rows Removed by Join Filter: 2373497
          ->  Seq Scan on web_sales ws1_1  (cost=0.00..33986.52 rows=722552 width=16) (actual time=0.002..151.624 rows=711555 loops=1)
          ->  Hash  (cost=33986.52..33986.52 rows=722552 width=16) (actual time=261.596..261.596 rows=711555 loops=1)
                Buckets: 1048576  Batches: 2  Memory Usage: 24895kB
                ->  Seq Scan on web_sales ws2  (cost=0.00..33986.52 rows=722552 width=16) (actual time=0.001..156.458 rows=711555 loops=1)
  ->  Sort  (cost=366584.93..366584.94 rows=1 width=24) (actual time=34323.611..34323.723 rows=1 loops=1)
        Sort Key: (count(DISTINCT ws1.ws_order_number))
        Sort Method: quicksort  Memory: 25kB
        ->  Aggregate  (cost=366584.91..366584.92 rows=1 width=24) (actual time=34323.606..34323.718 rows=1 loops=1)
              ->  Nested Loop Semi Join  (cost=163779.05..366584.91 rows=1 width=24) (actual time=4236.855..34323.674 rows=54 loops=1)
                    Join Filter: (ws1.ws_order_number = web_returns.wr_order_number)
                    ->  Nested Loop  (cost=163237.40..193879.38 rows=2 width=32) (actual time=4074.573..4074.937 rows=63 loops=1)
                          Join Filter: (ws1.ws_web_site_sk = web_site.web_site_sk)
                          Rows Removed by Join Filter: 2565
                          ->  Seq Scan on web_site  (cost=0.00..2.38 rows=9 width=8) (actual time=0.007..0.031 rows=9 loops=1)
                                Filter: (web_company_name = 'pri'::bpchar)
                                Rows Removed by Filter: 21
                          ->  Materialize  (cost=163237.40..193876.21 rows=6 width=40) (actual time=452.700..452.746 rows=292 loops=9)
                                ->  Hash Join  (cost=163237.40..193876.18 rows=6 width=40) (actual time=4074.296..4074.552 rows=292 loops=1)
                                      Hash Cond: (ws1.ws_order_number = ws_wh.ws_order_number)
                                      ->  Gather  (cost=1005.70..31644.38 rows=12 width=32) (actual time=3.309..3.503 rows=292 loops=1)
                                            Workers Planned: 2
                                            Workers Launched: 2
                                            ->  Nested Loop  (cost=5.70..30643.18 rows=5 width=32) (actual time=6.922..99.451 rows=97 loops=3)
                                                  ->  Hash Join  (cost=5.41..30567.38 rows=243 width=40) (actual time=0.489..89.934 rows=4625 loops=3)
                                                        Hash Cond: (ws1.ws_ship_date_sk = date_dim.d_date_sk)
                                                        ->  Parallel Seq Scan on web_sales ws1  (cost=0.00..29771.63 rows=301063 width=48) (actual time=0.013..58.457 rows=237185 loops=3)
                                                        ->  Hash  (cost=4.67..4.67 rows=59 width=8) (actual time=0.087..0.088 rows=61 loops=3)
                                                              Buckets: 1024  Batches: 1  Memory Usage: 11kB
                                                              ->  Index Scan using i_d_date on date_dim  (cost=0.29..4.67 rows=59 width=8) (actual time=0.062..0.077 rows=61 loops=3)
                                                                    Index Cond: ((d_date >= '2001-05-01'::date) AND (d_date <= '2001-06-30 00:00:00'::timestamp without time zone))
                                                  ->  Index Scan using pk_customer_address on customer_address  (cost=0.29..0.31 rows=1 width=8) (actual time=0.002..0.002 rows=0 loops=13874)
                                                        Index Cond: (ca_address_sk = ws1.ws_ship_addr_sk)
                                                        Filter: (ca_state = 'PA'::bpchar)
                                                        Rows Removed by Filter: 1
                                      ->  Hash  (cost=162229.20..162229.20 rows=200 width=8) (actual time=4070.983..4070.984 rows=59084 loops=1)
                                            Buckets: 65536 (originally 1024)  Batches: 1 (originally 1)  Memory Usage: 2820kB
                                            ->  HashAggregate  (cost=162227.20..162229.20 rows=200 width=8) (actual time=4056.512..4064.451 rows=59084 loops=1)
                                                  Group Key: ws_wh.ws_order_number
                                                  Batches: 1  Memory Usage: 6177kB
                                                  ->  CTE Scan on ws_wh  (cost=0.00..144201.96 rows=7210098 width=8) (actual time=262.155..3296.497 rows=6627112 loops=1)
                    ->  Hash Join  (cost=541.64..171786.29 rows=386 width=16) (actual time=480.137..480.137 rows=1 loops=63)
                          Hash Cond: (ws_wh_1.ws_order_number = web_returns.wr_order_number)
                          Join Filter: (ws_wh.ws_order_number = ws_wh_1.ws_order_number)
                          ->  CTE Scan on ws_wh ws_wh_1  (cost=0.00..144201.96 rows=7210098 width=8) (actual time=0.003..300.724 rows=3463466 loops=55)
                          ->  Hash  (cost=541.62..541.62 rows=2 width=8) (actual time=0.994..0.994 rows=2 loops=63)
                                Buckets: 1024  Batches: 1  Memory Usage: 9kB
                                ->  Index Only Scan using pk_web_returns on web_returns  (cost=0.42..541.62 rows=2 width=8) (actual time=0.434..0.993 rows=2 loops=63)
                                      Index Cond: (wr_order_number = ws_wh.ws_order_number)
                                      Heap Fetches: 20
 order count | total shipping cost |  total net profit  
-------------+---------------------+--------------------
          30 |            81658.52 | -16572.83000000001
(1 row)

UPDATE time_statistics SET e_time = TRANSACTION_TIMESTAMP() WHERE template = '../query_postgresql/query95.tpl' AND stream = 5;
psql:/tmp/s1-basline/throughput/query_5.sql:3737: NOTICE:  duration: 0.103 ms  plan:
Query Text: UPDATE time_statistics SET e_time = TRANSACTION_TIMESTAMP() WHERE template = '../query_postgresql/query95.tpl' AND stream = 5;
Update on time_statistics  (cost=0.00..22.34 rows=0 width=0) (actual time=0.102..0.102 rows=0 loops=1)
  ->  Seq Scan on time_statistics  (cost=0.00..22.34 rows=1 width=14) (actual time=0.075..0.088 rows=1 loops=1)
        Filter: ((template = '../query_postgresql/query95.tpl'::text) AND (stream = 5))
        Rows Removed by Filter: 761
UPDATE 1
LOAD 'auto_explain'; SET auto_explain.log_min_duration TO 0; SET auto_explain.log_analyze TO on; SET auto_explain.log_level TO notice; INSERT INTO time_statistics (template, s_time, stream, query, seed) VALUES ('query27.tpl', TRANSACTION_TIMESTAMP(), 5, 74, 1720170692);
LOAD
SET
SET
SET
psql:/tmp/s1-basline/throughput/query_5.sql:3738: NOTICE:  duration: 0.009 ms  plan:
Query Text: INSERT INTO time_statistics (template, s_time, stream, query, seed) VALUES ('query27.tpl', TRANSACTION_TIMESTAMP(), 5, 74, 1720170692);
Insert on time_statistics  (cost=0.00..0.01 rows=0 width=0) (actual time=0.008..0.008 rows=0 loops=1)
  ->  Result  (cost=0.00..0.01 rows=1 width=64) (actual time=0.001..0.002 rows=1 loops=1)
INSERT 0 1
select  i_item_id,
        s_state, grouping(s_state) g_state,
        avg(ss_quantity) agg1,
        avg(ss_list_price) agg2,
        avg(ss_coupon_amt) agg3,
        avg(ss_sales_price) agg4
 from store_sales, customer_demographics, date_dim, store, item
 where ss_sold_date_sk = d_date_sk and
       ss_item_sk = i_item_sk and
       ss_store_sk = s_store_sk and
       ss_cdemo_sk = cd_demo_sk and
       cd_gender = 'M' and
       cd_marital_status = 'U' and
       cd_education_status = 'College' and
       d_year = 2000 and
       s_state in ('TN','TN', 'TN', 'TN', 'TN', 'TN')
 group by rollup (i_item_id, s_state)
 order by i_item_id
         ,s_state
 limit 100;
psql:/tmp/s1-basline/throughput/query_5.sql:3758: NOTICE:  duration: 879.097 ms  plan:
Query Text: select  i_item_id,
        s_state, grouping(s_state) g_state,
        avg(ss_quantity) agg1,
        avg(ss_list_price) agg2,
        avg(ss_coupon_amt) agg3,
        avg(ss_sales_price) agg4
 from store_sales, customer_demographics, date_dim, store, item
 where ss_sold_date_sk = d_date_sk and
       ss_item_sk = i_item_sk and
       ss_store_sk = s_store_sk and
       ss_cdemo_sk = cd_demo_sk and
       cd_gender = 'M' and
       cd_marital_status = 'U' and
       cd_education_status = 'College' and
       d_year = 2000 and
       s_state in ('TN','TN', 'TN', 'TN', 'TN', 'TN')
 group by rollup (i_item_id, s_state)
 order by i_item_id
         ,s_state
 limit 100;
Limit  (cost=4107.59..42999.55 rows=100 width=80) (actual time=744.079..879.008 rows=100 loops=1)
  ->  GroupAggregate  (cost=4107.59..145285.39 rows=363 width=80) (actual time=744.079..879.000 rows=100 loops=1)
        Group Key: item.i_item_id, store.s_state
        Group Key: item.i_item_id
        Group Key: ()
        ->  Incremental Sort  (cost=4107.59..145274.51 rows=181 width=48) (actual time=744.065..878.896 rows=72 loops=1)
              Sort Key: item.i_item_id, store.s_state
              Presorted Key: item.i_item_id
              Full-sort Groups: 3  Sort Method: quicksort  Average Memory: 27kB  Peak Memory: 27kB
              ->  Nested Loop  (cost=3323.36..145266.37 rows=181 width=48) (actual time=659.082..878.831 rows=99 loops=1)
                    Join Filter: (store_sales.ss_item_sk = item.i_item_sk)
                    Rows Removed by Join Filter: 2192286
                    ->  Index Scan using i_i_item_id on item  (cost=0.29..1714.59 rows=18000 width=25) (actual time=0.008..0.213 rows=299 loops=1)
                    ->  Materialize  (cost=3323.08..94682.23 rows=181 width=39) (actual time=0.038..2.466 rows=7332 loops=299)
                          ->  Nested Loop  (cost=3323.08..94681.33 rows=181 width=39) (actual time=11.383..656.552 rows=7346 loops=1)
                                Join Filter: (store_sales.ss_store_sk = store.s_store_sk)
                                Rows Removed by Join Filter: 33151
                                ->  Gather  (cost=3323.08..94648.17 rows=190 width=44) (actual time=11.368..651.350 rows=7435 loops=1)
                                      Workers Planned: 2
                                      Workers Launched: 2
                                      ->  Nested Loop  (cost=2323.08..93629.17 rows=79 width=44) (actual time=15.999..651.964 rows=2478 loops=3)
                                            ->  Hash Join  (cost=2322.65..90983.94 rows=5718 width=52) (actual time=13.861..278.654 rows=182105 loops=3)
                                                  Hash Cond: (store_sales.ss_sold_date_sk = date_dim.d_date_sk)
                                                  ->  Parallel Seq Scan on store_sales  (cost=0.00..85499.45 rows=1204445 width=60) (actual time=0.015..121.468 rows=948150 loops=3)
                                                  ->  Hash  (cost=2318.11..2318.11 rows=363 width=8) (actual time=13.720..13.720 rows=366 loops=3)
                                                        Buckets: 1024  Batches: 1  Memory Usage: 23kB
                                                        ->  Seq Scan on date_dim  (cost=0.00..2318.11 rows=363 width=8) (actual time=6.856..13.674 rows=366 loops=3)
                                                              Filter: (d_year = 2000)
                                                              Rows Removed by Filter: 72683
                                            ->  Index Scan using pk_customer_demographics on customer_demographics  (cost=0.43..0.46 rows=1 width=8) (actual time=0.002..0.002 rows=0 loops=546315)
                                                  Index Cond: (cd_demo_sk = store_sales.ss_cdemo_sk)
                                                  Filter: ((cd_gender = 'M'::bpchar) AND (cd_marital_status = 'U'::bpchar) AND (cd_education_status = 'College'::bpchar))
                                                  Rows Removed by Filter: 1
                                ->  Materialize  (cost=0.00..1.27 rows=12 width=11) (actual time=0.000..0.000 rows=5 loops=7435)
                                      ->  Seq Scan on store  (cost=0.00..1.21 rows=12 width=11) (actual time=0.007..0.014 rows=12 loops=1)
                                            Filter: (s_state = ANY ('{TN,TN,TN,TN,TN,TN}'::bpchar[]))
    i_item_id     | s_state | g_state |        agg1         |        agg2        |       agg3        |        agg4        
------------------+---------+---------+---------------------+--------------------+-------------------+--------------------
 AAAAAAAAAAABAAAA | TN      |       0 | 91.0000000000000000 | 60.370000000000005 |          2076.955 | 40.675000000000004
 AAAAAAAAAAABAAAA |         |       1 | 91.0000000000000000 | 60.370000000000005 |          2076.955 | 40.675000000000004
 AAAAAAAAAAACAAAA | TN      |       0 | 33.0000000000000000 |              31.36 |                 0 | 30.154999999999998
 AAAAAAAAAAACAAAA |         |       1 | 33.0000000000000000 |              31.36 |                 0 | 30.154999999999998
 AAAAAAAAAABBAAAA | TN      |       0 | 96.0000000000000000 |              87.55 |                 0 |              39.39
 AAAAAAAAAABBAAAA |         |       1 | 96.0000000000000000 |              87.55 |                 0 |              39.39
 AAAAAAAAAABDAAAA | TN      |       0 | 36.3333333333333333 | 63.779999999999994 |                 0 | 11.036666666666667
 AAAAAAAAAABDAAAA |         |       1 | 36.3333333333333333 | 63.779999999999994 |                 0 | 11.036666666666667
 AAAAAAAAAACCAAAA | TN      |       0 | 73.0000000000000000 |              78.25 |           2056.41 |              56.34
 AAAAAAAAAACCAAAA |         |       1 | 73.0000000000000000 |              78.25 |           2056.41 |              56.34
 AAAAAAAAAADCAAAA | TN      |       0 | 45.0000000000000000 |               6.07 |                 0 |                3.7
 AAAAAAAAAADCAAAA |         |       1 | 45.0000000000000000 |               6.07 |                 0 |                3.7
 AAAAAAAAAADEAAAA | TN      |       0 | 41.0000000000000000 |             181.86 |                 0 |             170.94
 AAAAAAAAAADEAAAA |         |       1 | 41.0000000000000000 |             181.86 |                 0 |             170.94
 AAAAAAAAAAEBAAAA | TN      |       0 | 32.0000000000000000 |                 11 |              2.32 |               2.42
 AAAAAAAAAAEBAAAA |         |       1 | 32.0000000000000000 |                 11 |              2.32 |               2.42
 AAAAAAAAAAEEAAAA | TN      |       0 | 56.0000000000000000 |               40.6 |            282.07 |              29.63
 AAAAAAAAAAEEAAAA |         |       1 | 56.0000000000000000 |               40.6 |            282.07 |              29.63
 AAAAAAAAAAFCAAAA | TN      |       0 | 13.0000000000000000 |              92.45 |                 0 |              67.48
 AAAAAAAAAAFCAAAA |         |       1 | 13.0000000000000000 |              92.45 |                 0 |              67.48
 AAAAAAAAAAHAAAAA | TN      |       0 | 95.0000000000000000 |                7.1 |                 0 |                1.7
 AAAAAAAAAAHAAAAA |         |       1 | 95.0000000000000000 |                7.1 |                 0 |                1.7
 AAAAAAAAAAIAAAAA | TN      |       0 | 52.5000000000000000 |             62.095 |                 0 | 34.160000000000004
 AAAAAAAAAAIAAAAA |         |       1 | 52.5000000000000000 |             62.095 |                 0 | 34.160000000000004
 AAAAAAAAAAIDAAAA | TN      |       0 | 88.0000000000000000 |              48.75 |                 0 |              19.01
 AAAAAAAAAAIDAAAA |         |       1 | 88.0000000000000000 |              48.75 |                 0 |              19.01
 AAAAAAAAAAJBAAAA | TN      |       0 | 97.0000000000000000 |               53.7 |           2887.51 |              38.66
 AAAAAAAAAAJBAAAA |         |       1 | 97.0000000000000000 |               53.7 |           2887.51 |              38.66
 AAAAAAAAAAKBAAAA | TN      |       0 | 29.0000000000000000 |              49.01 |                 0 |               39.2
 AAAAAAAAAAKBAAAA |         |       1 | 29.0000000000000000 |              49.01 |                 0 |               39.2
 AAAAAAAAAAKDAAAA | TN      |       0 | 53.0000000000000000 |            122.025 |           1772.73 |  73.13499999999999
 AAAAAAAAAAKDAAAA |         |       1 | 53.0000000000000000 |            122.025 |           1772.73 |  73.13499999999999
 AAAAAAAAAALAAAAA | TN      |       0 | 49.0000000000000000 |             174.56 |                 0 |             146.63
 AAAAAAAAAALAAAAA |         |       1 | 49.0000000000000000 |             174.56 |                 0 |             146.63
 AAAAAAAAAALCAAAA | TN      |       0 | 84.0000000000000000 |             143.35 |                 0 |              96.04
 AAAAAAAAAALCAAAA |         |       1 | 84.0000000000000000 |             143.35 |                 0 |              96.04
 AAAAAAAAAAMBAAAA | TN      |       0 | 65.0000000000000000 |             70.975 |           297.325 | 22.493333333333336
 AAAAAAAAAAMBAAAA |         |       1 | 65.0000000000000000 |             70.975 |           297.325 | 22.493333333333336
 AAAAAAAAAAMCAAAA | TN      |       0 | 56.0000000000000000 |              65.16 |                 0 |              26.71
 AAAAAAAAAAMCAAAA |         |       1 | 56.0000000000000000 |              65.16 |                 0 |              26.71
 AAAAAAAAAANDAAAA | TN      |       0 | 52.0000000000000000 |               73.2 |            27.215 |             22.695
 AAAAAAAAAANDAAAA |         |       1 | 52.0000000000000000 |               73.2 |            27.215 |             22.695
 AAAAAAAAAAPBAAAA | TN      |       0 | 56.0000000000000000 |  81.50333333333333 | 60.56666666666666 |  65.06333333333333
 AAAAAAAAAAPBAAAA |         |       1 | 56.0000000000000000 |  81.50333333333333 | 60.56666666666666 |  65.06333333333333
 AAAAAAAAAAPCAAAA | TN      |       0 |  8.0000000000000000 |              61.32 |                 0 |              44.76
 AAAAAAAAAAPCAAAA |         |       1 |  8.0000000000000000 |              61.32 |                 0 |              44.76
 AAAAAAAAABBAAAAA | TN      |       0 | 59.0000000000000000 |              23.39 |                 0 |               3.74
 AAAAAAAAABBAAAAA |         |       1 | 59.0000000000000000 |              23.39 |                 0 |               3.74
 AAAAAAAAABBDAAAA | TN      |       0 | 94.0000000000000000 |               1.67 |                 0 |               1.06
 AAAAAAAAABBDAAAA |         |       1 | 94.0000000000000000 |               1.67 |                 0 |               1.06
 AAAAAAAAABCBAAAA | TN      |       0 | 60.5000000000000000 | 35.550000000000004 |            26.815 |              10.92
 AAAAAAAAABCBAAAA |         |       1 | 60.5000000000000000 | 35.550000000000004 |            26.815 |              10.92
 AAAAAAAAABCEAAAA | TN      |       0 | 33.5000000000000000 |               78.3 |            539.24 |              59.45
 AAAAAAAAABCEAAAA |         |       1 | 33.5000000000000000 |               78.3 |            539.24 |              59.45
 AAAAAAAAABDAAAAA | TN      |       0 | 39.0000000000000000 |             164.92 |                 0 |              77.51
 AAAAAAAAABDAAAAA |         |       1 | 39.0000000000000000 |             164.92 |                 0 |              77.51
 AAAAAAAAABDBAAAA | TN      |       0 | 33.0000000000000000 |             118.35 |                 0 | 27.439999999999998
 AAAAAAAAABDBAAAA |         |       1 | 33.0000000000000000 |             118.35 |                 0 | 27.439999999999998
 AAAAAAAAABDDAAAA | TN      |       0 | 63.0000000000000000 |              56.57 |           2010.96 |                 56
 AAAAAAAAABDDAAAA |         |       1 | 63.0000000000000000 |              56.57 |           2010.96 |                 56
 AAAAAAAAABECAAAA | TN      |       0 |  3.0000000000000000 |              57.38 |                 0 |              44.75
 AAAAAAAAABECAAAA |         |       1 |  3.0000000000000000 |              57.38 |                 0 |              44.75
 AAAAAAAAABEDAAAA | TN      |       0 | 12.0000000000000000 |              94.99 |                 0 |              40.84
 AAAAAAAAABEDAAAA |         |       1 | 12.0000000000000000 |              94.99 |                 0 |              40.84
 AAAAAAAAABFBAAAA | TN      |       0 | 83.0000000000000000 |               8.48 |                 0 |               3.81
 AAAAAAAAABFBAAAA |         |       1 | 83.0000000000000000 |               8.48 |                 0 |               3.81
 AAAAAAAAABFCAAAA | TN      |       0 |  4.0000000000000000 |              95.56 |                 0 |              54.46
 AAAAAAAAABFCAAAA |         |       1 |  4.0000000000000000 |              95.56 |                 0 |              54.46
 AAAAAAAAABFEAAAA | TN      |       0 | 90.0000000000000000 |              88.41 |                 0 |              37.13
 AAAAAAAAABFEAAAA |         |       1 | 90.0000000000000000 |              88.41 |                 0 |              37.13
 AAAAAAAAABGBAAAA | TN      |       0 | 19.0000000000000000 |             133.51 |                 0 |             125.49
 AAAAAAAAABGBAAAA |         |       1 | 19.0000000000000000 |             133.51 |                 0 |             125.49
 AAAAAAAAABGDAAAA | TN      |       0 | 31.0000000000000000 |             129.63 |                 0 |                 35
 AAAAAAAAABGDAAAA |         |       1 | 31.0000000000000000 |             129.63 |                 0 |                 35
 AAAAAAAAABGEAAAA | TN      |       0 | 58.0000000000000000 | 111.79499999999999 |                 0 |              47.61
 AAAAAAAAABGEAAAA |         |       1 | 58.0000000000000000 | 111.79499999999999 |                 0 |              47.61
 AAAAAAAAABICAAAA | TN      |       0 | 37.0000000000000000 |              66.89 |                 0 |              54.84
 AAAAAAAAABICAAAA |         |       1 | 37.0000000000000000 |              66.89 |                 0 |              54.84
 AAAAAAAAABJAAAAA | TN      |       0 | 48.6666666666666667 |  89.26333333333334 |            169.38 | 25.570000000000004
 AAAAAAAAABJAAAAA |         |       1 | 48.6666666666666667 |  89.26333333333334 |            169.38 | 25.570000000000004
 AAAAAAAAABJBAAAA | TN      |       0 | 38.0000000000000000 |              53.02 |                 0 |              48.24
 AAAAAAAAABJBAAAA |         |       1 | 38.0000000000000000 |              53.02 |                 0 |              48.24
 AAAAAAAAABKCAAAA | TN      |       0 | 79.0000000000000000 |              85.25 |                 0 |              51.15
 AAAAAAAAABKCAAAA |         |       1 | 79.0000000000000000 |              85.25 |                 0 |              51.15
 AAAAAAAAABKDAAAA | TN      |       0 | 62.0000000000000000 |             129.32 |                 0 |  70.57499999999999
 AAAAAAAAABKDAAAA |         |       1 | 62.0000000000000000 |             129.32 |                 0 |  70.57499999999999
 AAAAAAAAABMBAAAA | TN      |       0 | 49.0000000000000000 |               44.7 |                 0 |               44.7
 AAAAAAAAABMBAAAA |         |       1 | 49.0000000000000000 |               44.7 |                 0 |               44.7
 AAAAAAAAABNAAAAA | TN      |       0 | 95.0000000000000000 |              36.57 |                 0 |              12.79
 AAAAAAAAABNAAAAA |         |       1 | 95.0000000000000000 |              36.57 |                 0 |              12.79
 AAAAAAAAABNCAAAA | TN      |       0 | 88.0000000000000000 |              63.75 |                 0 |               10.2
 AAAAAAAAABNCAAAA |         |       1 | 88.0000000000000000 |              63.75 |                 0 |               10.2
 AAAAAAAAABNDAAAA | TN      |       0 | 42.5000000000000000 |              70.06 |                 0 |             56.225
 AAAAAAAAABNDAAAA |         |       1 | 42.5000000000000000 |              70.06 |                 0 |             56.225
 AAAAAAAAABOBAAAA | TN      |       0 | 96.0000000000000000 |                6.2 |                 0 |               0.68
 AAAAAAAAABOBAAAA |         |       1 | 96.0000000000000000 |                6.2 |                 0 |               0.68
 AAAAAAAAABPAAAAA | TN      |       0 | 41.3333333333333333 |  90.12333333333333 |                 0 |  81.02666666666667
 AAAAAAAAABPAAAAA |         |       1 | 41.3333333333333333 |  90.12333333333333 |                 0 |  81.02666666666667
 AAAAAAAAABPBAAAA | TN      |       0 |  5.0000000000000000 |              51.33 |                 0 |               3.59
 AAAAAAAAABPBAAAA |         |       1 |  5.0000000000000000 |              51.33 |                 0 |               3.59
(100 rows)

UPDATE time_statistics SET e_time = TRANSACTION_TIMESTAMP() WHERE template = 'query27.tpl' AND stream = 5;
psql:/tmp/s1-basline/throughput/query_5.sql:3760: NOTICE:  duration: 0.105 ms  plan:
Query Text: UPDATE time_statistics SET e_time = TRANSACTION_TIMESTAMP() WHERE template = 'query27.tpl' AND stream = 5;
Update on time_statistics  (cost=0.00..22.34 rows=0 width=0) (actual time=0.105..0.105 rows=0 loops=1)
  ->  Seq Scan on time_statistics  (cost=0.00..22.34 rows=1 width=14) (actual time=0.078..0.091 rows=1 loops=1)
        Filter: ((template = 'query27.tpl'::text) AND (stream = 5))
        Rows Removed by Filter: 762
UPDATE 1
LOAD 'auto_explain'; SET auto_explain.log_min_duration TO 0; SET auto_explain.log_analyze TO on; SET auto_explain.log_level TO notice; INSERT INTO time_statistics (template, s_time, stream, query, seed) VALUES ('query44.tpl', TRANSACTION_TIMESTAMP(), 5, 75, 116779452);
LOAD
SET
SET
SET
psql:/tmp/s1-basline/throughput/query_5.sql:3761: NOTICE:  duration: 0.008 ms  plan:
Query Text: INSERT INTO time_statistics (template, s_time, stream, query, seed) VALUES ('query44.tpl', TRANSACTION_TIMESTAMP(), 5, 75, 116779452);
Insert on time_statistics  (cost=0.00..0.01 rows=0 width=0) (actual time=0.008..0.008 rows=0 loops=1)
  ->  Result  (cost=0.00..0.01 rows=1 width=64) (actual time=0.001..0.001 rows=1 loops=1)
INSERT 0 1
select  asceding.rnk, i1.i_product_name best_performing, i2.i_product_name worst_performing
from(select *
     from (select item_sk,rank() over (order by rank_col asc) rnk
           from (select ss_item_sk item_sk,avg(ss_net_profit) rank_col 
                 from store_sales ss1
                 where ss_store_sk = 5
                 group by ss_item_sk
                 having avg(ss_net_profit) > 0.9*(select avg(ss_net_profit) rank_col
                                                  from store_sales
                                                  where ss_store_sk = 5
                                                    and ss_hdemo_sk is null
                                                  group by ss_store_sk))V1)V11
     where rnk  < 11) asceding,
    (select *
     from (select item_sk,rank() over (order by rank_col desc) rnk
           from (select ss_item_sk item_sk,avg(ss_net_profit) rank_col
                 from store_sales ss1
                 where ss_store_sk = 5
                 group by ss_item_sk
                 having avg(ss_net_profit) > 0.9*(select avg(ss_net_profit) rank_col
                                                  from store_sales
                                                  where ss_store_sk = 5
                                                    and ss_hdemo_sk is null
                                                  group by ss_store_sk))V2)V21
     where rnk  < 11) descending,
item i1,
item i2
where asceding.rnk = descending.rnk 
  and i1.i_item_sk=asceding.item_sk
  and i2.i_item_sk=descending.item_sk
order by asceding.rnk
limit 100;
psql:/tmp/s1-basline/throughput/query_5.sql:3793: NOTICE:  duration: 244.852 ms  plan:
Query Text: select  asceding.rnk, i1.i_product_name best_performing, i2.i_product_name worst_performing
from(select *
     from (select item_sk,rank() over (order by rank_col asc) rnk
           from (select ss_item_sk item_sk,avg(ss_net_profit) rank_col 
                 from store_sales ss1
                 where ss_store_sk = 5
                 group by ss_item_sk
                 having avg(ss_net_profit) > 0.9*(select avg(ss_net_profit) rank_col
                                                  from store_sales
                                                  where ss_store_sk = 5
                                                    and ss_hdemo_sk is null
                                                  group by ss_store_sk))V1)V11
     where rnk  < 11) asceding,
    (select *
     from (select item_sk,rank() over (order by rank_col desc) rnk
           from (select ss_item_sk item_sk,avg(ss_net_profit) rank_col
                 from store_sales ss1
                 where ss_store_sk = 5
                 group by ss_item_sk
                 having avg(ss_net_profit) > 0.9*(select avg(ss_net_profit) rank_col
                                                  from store_sales
                                                  where ss_store_sk = 5
                                                    and ss_hdemo_sk is null
                                                  group by ss_store_sk))V2)V21
     where rnk  < 11) descending,
item i1,
item i2
where asceding.rnk = descending.rnk 
  and i1.i_item_sk=asceding.item_sk
  and i2.i_item_sk=descending.item_sk
order by asceding.rnk
limit 100;
Limit  (cost=358042.86..361364.88 rows=1 width=110) (actual time=179.458..244.849 rows=0 loops=1)
  ->  Nested Loop  (cost=358042.86..361364.88 rows=1 width=110) (actual time=179.457..244.848 rows=0 loops=1)
        Join Filter: (v21.item_sk = i2.i_item_sk)
        ->  Nested Loop  (cost=358042.86..359703.88 rows=1 width=67) (actual time=179.457..244.847 rows=0 loops=1)
              Join Filter: (v11.item_sk = i1.i_item_sk)
              ->  Merge Join  (cost=358042.86..358042.88 rows=1 width=24) (actual time=179.456..244.847 rows=0 loops=1)
                    Merge Cond: (v11.rnk = v21.rnk)
                    ->  Sort  (cost=179021.43..179021.43 rows=1 width=16) (actual time=179.455..244.843 rows=0 loops=1)
                          Sort Key: v11.rnk
                          Sort Method: quicksort  Memory: 25kB
                          ->  Subquery Scan on v11  (cost=179021.39..179021.42 rows=1 width=16) (actual time=179.453..244.841 rows=0 loops=1)
                                ->  WindowAgg  (cost=179021.39..179021.41 rows=1 width=24) (actual time=179.452..244.839 rows=0 loops=1)
                                      Run Condition: (rank() OVER (?) < 11)
                                      ->  Sort  (cost=179021.39..179021.39 rows=1 width=16) (actual time=179.450..244.837 rows=0 loops=1)
                                            Sort Key: v1.rank_col
                                            Sort Method: quicksort  Memory: 25kB
                                            ->  Subquery Scan on v1  (cost=179021.34..179021.38 rows=1 width=16) (actual time=179.448..244.835 rows=0 loops=1)
                                                  ->  GroupAggregate  (cost=179021.34..179021.37 rows=1 width=16) (actual time=179.448..244.834 rows=0 loops=1)
                                                        Group Key: ss1.ss_item_sk
                                                        Filter: (avg(ss1.ss_net_profit) > ('0.9'::double precision * $1))
                                                        InitPlan 1 (returns $1)
                                                          ->  GroupAggregate  (cost=1000.00..89510.67 rows=1 width=16) (never executed)
                                                                Group Key: store_sales.ss_store_sk
                                                                ->  Gather  (cost=1000.00..89510.66 rows=1 width=16) (never executed)
                                                                      Workers Planned: 2
                                                                      Workers Launched: 0
                                                                      ->  Parallel Seq Scan on store_sales  (cost=0.00..88510.56 rows=1 width=16) (never executed)
                                                                            Filter: ((ss_hdemo_sk IS NULL) AND (ss_store_sk = 5))
                                                        ->  Sort  (cost=89510.67..89510.67 rows=1 width=16) (actual time=179.447..244.832 rows=0 loops=1)
                                                              Sort Key: ss1.ss_item_sk
                                                              Sort Method: quicksort  Memory: 25kB
                                                              ->  Gather  (cost=1000.00..89510.66 rows=1 width=16) (actual time=179.444..244.829 rows=0 loops=1)
                                                                    Workers Planned: 2
                                                                    Workers Launched: 2
                                                                    ->  Parallel Seq Scan on store_sales ss1  (cost=0.00..88510.56 rows=1 width=16) (actual time=175.484..175.485 rows=0 loops=3)
                                                                          Filter: (ss_store_sk = 5)
                                                                          Rows Removed by Filter: 948150
                    ->  Sort  (cost=179021.43..179021.43 rows=1 width=16) (never executed)
                          Sort Key: v21.rnk
                          ->  Subquery Scan on v21  (cost=179021.39..179021.42 rows=1 width=16) (never executed)
                                ->  WindowAgg  (cost=179021.39..179021.41 rows=1 width=24) (never executed)
                                      Run Condition: (rank() OVER (?) < 11)
                                      ->  Sort  (cost=179021.39..179021.39 rows=1 width=16) (never executed)
                                            Sort Key: v2.rank_col DESC
                                            ->  Subquery Scan on v2  (cost=179021.34..179021.38 rows=1 width=16) (never executed)
                                                  ->  GroupAggregate  (cost=179021.34..179021.37 rows=1 width=16) (never executed)
                                                        Group Key: ss1_1.ss_item_sk
                                                        Filter: (avg(ss1_1.ss_net_profit) > ('0.9'::double precision * $3))
                                                        InitPlan 2 (returns $3)
                                                          ->  GroupAggregate  (cost=1000.00..89510.67 rows=1 width=16) (never executed)
                                                                Group Key: store_sales_1.ss_store_sk
                                                                ->  Gather  (cost=1000.00..89510.66 rows=1 width=16) (never executed)
                                                                      Workers Planned: 2
                                                                      Workers Launched: 0
                                                                      ->  Parallel Seq Scan on store_sales store_sales_1  (cost=0.00..88510.56 rows=1 width=16) (never executed)
                                                                            Filter: ((ss_hdemo_sk IS NULL) AND (ss_store_sk = 5))
                                                        ->  Sort  (cost=89510.67..89510.67 rows=1 width=16) (never executed)
                                                              Sort Key: ss1_1.ss_item_sk
                                                              ->  Gather  (cost=1000.00..89510.66 rows=1 width=16) (never executed)
                                                                    Workers Planned: 2
                                                                    Workers Launched: 0
                                                                    ->  Parallel Seq Scan on store_sales ss1_1  (cost=0.00..88510.56 rows=1 width=16) (never executed)
                                                                          Filter: (ss_store_sk = 5)
              ->  Seq Scan on item i1  (cost=0.00..1436.00 rows=18000 width=59) (never executed)
        ->  Seq Scan on item i2  (cost=0.00..1436.00 rows=18000 width=59) (never executed)
 rnk | best_performing | worst_performing 
-----+-----------------+------------------
(0 rows)

UPDATE time_statistics SET e_time = TRANSACTION_TIMESTAMP() WHERE template = 'query44.tpl' AND stream = 5;
psql:/tmp/s1-basline/throughput/query_5.sql:3795: NOTICE:  duration: 0.110 ms  plan:
Query Text: UPDATE time_statistics SET e_time = TRANSACTION_TIMESTAMP() WHERE template = 'query44.tpl' AND stream = 5;
Update on time_statistics  (cost=0.00..22.34 rows=0 width=0) (actual time=0.109..0.109 rows=0 loops=1)
  ->  Seq Scan on time_statistics  (cost=0.00..22.34 rows=1 width=14) (actual time=0.081..0.094 rows=1 loops=1)
        Filter: ((template = 'query44.tpl'::text) AND (stream = 5))
        Rows Removed by Filter: 763
UPDATE 1
LOAD 'auto_explain'; SET auto_explain.log_min_duration TO 0; SET auto_explain.log_analyze TO on; SET auto_explain.log_level TO notice; INSERT INTO time_statistics (template, s_time, stream, query, seed) VALUES ('../query_postgresql/query16.tpl', TRANSACTION_TIMESTAMP(), 5, 76, 141192999);
LOAD
SET
SET
SET
psql:/tmp/s1-basline/throughput/query_5.sql:3796: NOTICE:  duration: 0.008 ms  plan:
Query Text: INSERT INTO time_statistics (template, s_time, stream, query, seed) VALUES ('../query_postgresql/query16.tpl', TRANSACTION_TIMESTAMP(), 5, 76, 141192999);
Insert on time_statistics  (cost=0.00..0.01 rows=0 width=0) (actual time=0.007..0.007 rows=0 loops=1)
  ->  Result  (cost=0.00..0.01 rows=1 width=64) (actual time=0.001..0.002 rows=1 loops=1)
INSERT 0 1
select  
   count(distinct cs_order_number) as "order count"
  ,sum(cs_ext_ship_cost) as "total shipping cost"
  ,sum(cs_net_profit) as "total net profit"
from
   catalog_sales cs1
  ,date_dim
  ,customer_address
  ,call_center
where
    d_date between '2002-5-01' and 
           (cast('2002-5-01' as date) + interval '60 days')
and cs1.cs_ship_date_sk = d_date_sk
and cs1.cs_ship_addr_sk = ca_address_sk
and ca_state = 'CA'
and cs1.cs_call_center_sk = cc_call_center_sk
and cc_county in ('Williamson County','Williamson County','Williamson County','Williamson County',
                  'Williamson County'
)
and exists (select *
            from catalog_sales cs2
            where cs1.cs_order_number = cs2.cs_order_number
              and cs1.cs_warehouse_sk <> cs2.cs_warehouse_sk)
and not exists(select *
               from catalog_returns cr1
               where cs1.cs_order_number = cr1.cr_order_number)
order by count(distinct cs_order_number)
limit 100;
psql:/tmp/s1-basline/throughput/query_5.sql:3824: NOTICE:  duration: 433.960 ms  plan:
Query Text: select  
   count(distinct cs_order_number) as "order count"
  ,sum(cs_ext_ship_cost) as "total shipping cost"
  ,sum(cs_net_profit) as "total net profit"
from
   catalog_sales cs1
  ,date_dim
  ,customer_address
  ,call_center
where
    d_date between '2002-5-01' and 
           (cast('2002-5-01' as date) + interval '60 days')
and cs1.cs_ship_date_sk = d_date_sk
and cs1.cs_ship_addr_sk = ca_address_sk
and ca_state = 'CA'
and cs1.cs_call_center_sk = cc_call_center_sk
and cc_county in ('Williamson County','Williamson County','Williamson County','Williamson County',
                  'Williamson County'
)
and exists (select *
            from catalog_sales cs2
            where cs1.cs_order_number = cs2.cs_order_number
              and cs1.cs_warehouse_sk <> cs2.cs_warehouse_sk)
and not exists(select *
               from catalog_returns cr1
               where cs1.cs_order_number = cr1.cr_order_number)
order by count(distinct cs_order_number)
limit 100;
Limit  (cost=76364.92..76364.92 rows=1 width=24) (actual time=370.343..433.950 rows=1 loops=1)
  ->  Sort  (cost=76364.92..76364.92 rows=1 width=24) (actual time=370.342..433.949 rows=1 loops=1)
        Sort Key: (count(DISTINCT cs1.cs_order_number))
        Sort Method: quicksort  Memory: 25kB
        ->  Aggregate  (cost=76364.90..76364.91 rows=1 width=24) (actual time=370.337..433.944 rows=1 loops=1)
              ->  Nested Loop  (cost=4433.60..76364.87 rows=3 width=24) (actual time=159.683..433.887 rows=176 loops=1)
                    Join Filter: (cs1.cs_call_center_sk = call_center.cc_call_center_sk)
                    Rows Removed by Join Filter: 880
                    ->  Seq Scan on call_center  (cost=0.00..1.10 rows=6 width=8) (actual time=0.004..0.011 rows=6 loops=1)
                          Filter: ((cc_county)::text = ANY ('{"Williamson County","Williamson County","Williamson County","Williamson County","Williamson County"}'::text[]))
                    ->  Materialize  (cost=4433.60..76363.51 rows=3 width=32) (actual time=25.247..72.297 rows=176 loops=6)
                          ->  Gather  (cost=4433.60..76363.50 rows=3 width=32) (actual time=151.481..433.694 rows=176 loops=1)
                                Workers Planned: 2
                                Workers Launched: 2
                                ->  Nested Loop Semi Join  (cost=3433.60..75363.20 rows=1 width=32) (actual time=148.448..364.403 rows=59 loops=3)
                                      ->  Nested Loop  (cost=3433.17..64526.21 rows=1 width=40) (actual time=146.440..181.475 rows=59 loops=3)
                                            ->  Parallel Hash Anti Join  (cost=3432.88..64506.00 rows=65 width=48) (actual time=144.253..174.410 rows=3406 loops=3)
                                                  Hash Cond: (cs1.cs_order_number = cr1.cr_order_number)
                                                  ->  Hash Join  (cost=5.60..61076.15 rows=533 width=48) (actual time=110.239..138.294 rows=9288 loops=3)
                                                        Hash Cond: (cs1.cs_ship_date_sk = date_dim.d_date_sk)
                                                        ->  Parallel Seq Scan on catalog_sales cs1  (cost=0.00..59490.16 rows=602016 width=56) (actual time=0.010..77.867 rows=473789 loops=3)
                                                        ->  Hash  (cost=4.79..4.79 rows=65 width=8) (actual time=0.073..0.074 rows=61 loops=3)
                                                              Buckets: 1024  Batches: 1  Memory Usage: 11kB
                                                              ->  Index Scan using i_d_date on date_dim  (cost=0.29..4.79 rows=65 width=8) (actual time=0.050..0.064 rows=61 loops=3)
                                                                    Index Cond: ((d_date >= '2002-05-01'::date) AND (d_date <= '2002-06-30 00:00:00'::timestamp without time zone))
                                                  ->  Parallel Hash  (cost=2361.29..2361.29 rows=85279 width=8) (actual time=33.127..33.128 rows=47785 loops=3)
                                                        Buckets: 262144  Batches: 1  Memory Usage: 7680kB
                                                        ->  Parallel Index Only Scan using pk_catalog_returns on catalog_returns cr1  (cost=0.42..2361.29 rows=85279 width=8) (actual time=0.043..19.924 rows=47785 loops=3)
                                                              Heap Fetches: 37989
                                            ->  Index Scan using pk_customer_address on customer_address  (cost=0.29..0.31 rows=1 width=8) (actual time=0.002..0.002 rows=0 loops=10217)
                                                  Index Cond: (ca_address_sk = cs1.cs_ship_addr_sk)
                                                  Filter: (ca_state = 'CA'::bpchar)
                                                  Rows Removed by Filter: 1
                                      ->  Index Scan using pk_catalog_sales on catalog_sales cs2  (cost=0.43..10836.97 rows=13 width=16) (actual time=3.117..3.117 rows=1 loops=176)
                                            Index Cond: (cs_order_number = cs1.cs_order_number)
                                            Filter: (cs1.cs_warehouse_sk <> cs_warehouse_sk)
                                            Rows Removed by Filter: 0
 order count | total shipping cost |  total net profit  
-------------+---------------------+--------------------
          49 |           191793.46 | -61051.32000000001
(1 row)

UPDATE time_statistics SET e_time = TRANSACTION_TIMESTAMP() WHERE template = '../query_postgresql/query16.tpl' AND stream = 5;
psql:/tmp/s1-basline/throughput/query_5.sql:3826: NOTICE:  duration: 0.109 ms  plan:
Query Text: UPDATE time_statistics SET e_time = TRANSACTION_TIMESTAMP() WHERE template = '../query_postgresql/query16.tpl' AND stream = 5;
Update on time_statistics  (cost=0.00..22.34 rows=0 width=0) (actual time=0.108..0.108 rows=0 loops=1)
  ->  Seq Scan on time_statistics  (cost=0.00..22.34 rows=1 width=14) (actual time=0.082..0.093 rows=1 loops=1)
        Filter: ((template = '../query_postgresql/query16.tpl'::text) AND (stream = 5))
        Rows Removed by Filter: 764
UPDATE 1
LOAD 'auto_explain'; SET auto_explain.log_min_duration TO 0; SET auto_explain.log_analyze TO on; SET auto_explain.log_level TO notice; INSERT INTO time_statistics (template, s_time, stream, query, seed) VALUES ('query64.tpl', TRANSACTION_TIMESTAMP(), 5, 77, 703067627);
LOAD
SET
SET
SET
psql:/tmp/s1-basline/throughput/query_5.sql:3827: NOTICE:  duration: 0.008 ms  plan:
Query Text: INSERT INTO time_statistics (template, s_time, stream, query, seed) VALUES ('query64.tpl', TRANSACTION_TIMESTAMP(), 5, 77, 703067627);
Insert on time_statistics  (cost=0.00..0.01 rows=0 width=0) (actual time=0.008..0.008 rows=0 loops=1)
  ->  Result  (cost=0.00..0.01 rows=1 width=64) (actual time=0.001..0.001 rows=1 loops=1)
INSERT 0 1
with cs_ui as
 (select cs_item_sk
        ,sum(cs_ext_list_price) as sale,sum(cr_refunded_cash+cr_reversed_charge+cr_store_credit) as refund
  from catalog_sales
      ,catalog_returns
  where cs_item_sk = cr_item_sk
    and cs_order_number = cr_order_number
  group by cs_item_sk
  having sum(cs_ext_list_price)>2*sum(cr_refunded_cash+cr_reversed_charge+cr_store_credit)),
cross_sales as
 (select i_product_name product_name
     ,i_item_sk item_sk
     ,s_store_name store_name
     ,s_zip store_zip
     ,ad1.ca_street_number b_street_number
     ,ad1.ca_street_name b_street_name
     ,ad1.ca_city b_city
     ,ad1.ca_zip b_zip
     ,ad2.ca_street_number c_street_number
     ,ad2.ca_street_name c_street_name
     ,ad2.ca_city c_city
     ,ad2.ca_zip c_zip
     ,d1.d_year as syear
     ,d2.d_year as fsyear
     ,d3.d_year s2year
     ,count(*) cnt
     ,sum(ss_wholesale_cost) s1
     ,sum(ss_list_price) s2
     ,sum(ss_coupon_amt) s3
  FROM   store_sales
        ,store_returns
        ,cs_ui
        ,date_dim d1
        ,date_dim d2
        ,date_dim d3
        ,store
        ,customer
        ,customer_demographics cd1
        ,customer_demographics cd2
        ,promotion
        ,household_demographics hd1
        ,household_demographics hd2
        ,customer_address ad1
        ,customer_address ad2
        ,income_band ib1
        ,income_band ib2
        ,item
  WHERE  ss_store_sk = s_store_sk AND
         ss_sold_date_sk = d1.d_date_sk AND
         ss_customer_sk = c_customer_sk AND
         ss_cdemo_sk= cd1.cd_demo_sk AND
         ss_hdemo_sk = hd1.hd_demo_sk AND
         ss_addr_sk = ad1.ca_address_sk and
         ss_item_sk = i_item_sk and
         ss_item_sk = sr_item_sk and
         ss_ticket_number = sr_ticket_number and
         ss_item_sk = cs_ui.cs_item_sk and
         c_current_cdemo_sk = cd2.cd_demo_sk AND
         c_current_hdemo_sk = hd2.hd_demo_sk AND
         c_current_addr_sk = ad2.ca_address_sk and
         c_first_sales_date_sk = d2.d_date_sk and
         c_first_shipto_date_sk = d3.d_date_sk and
         ss_promo_sk = p_promo_sk and
         hd1.hd_income_band_sk = ib1.ib_income_band_sk and
         hd2.hd_income_band_sk = ib2.ib_income_band_sk and
         cd1.cd_marital_status <> cd2.cd_marital_status and
         i_color in ('spring','steel','burnished','chiffon','royal','rose') and
         i_current_price between 65 and 65 + 10 and
         i_current_price between 65 + 1 and 65 + 15
group by i_product_name
       ,i_item_sk
       ,s_store_name
       ,s_zip
       ,ad1.ca_street_number
       ,ad1.ca_street_name
       ,ad1.ca_city
       ,ad1.ca_zip
       ,ad2.ca_street_number
       ,ad2.ca_street_name
       ,ad2.ca_city
       ,ad2.ca_zip
       ,d1.d_year
       ,d2.d_year
       ,d3.d_year
)
select cs1.product_name
     ,cs1.store_name
     ,cs1.store_zip
     ,cs1.b_street_number
     ,cs1.b_street_name
     ,cs1.b_city
     ,cs1.b_zip
     ,cs1.c_street_number
     ,cs1.c_street_name
     ,cs1.c_city
     ,cs1.c_zip
     ,cs1.syear
     ,cs1.cnt
     ,cs1.s1 as s11
     ,cs1.s2 as s21
     ,cs1.s3 as s31
     ,cs2.s1 as s12
     ,cs2.s2 as s22
     ,cs2.s3 as s32
     ,cs2.syear
     ,cs2.cnt
from cross_sales cs1,cross_sales cs2
where cs1.item_sk=cs2.item_sk and
     cs1.syear = 2001 and
     cs2.syear = 2001 + 1 and
     cs2.cnt <= cs1.cnt and
     cs1.store_name = cs2.store_name and
     cs1.store_zip = cs2.store_zip
order by cs1.product_name
       ,cs1.store_name
       ,cs2.cnt
       ,cs1.s1
       ,cs2.s1;
psql:/tmp/s1-basline/throughput/query_5.sql:3945: NOTICE:  duration: 453.170 ms  plan:
Query Text: with cs_ui as
 (select cs_item_sk
        ,sum(cs_ext_list_price) as sale,sum(cr_refunded_cash+cr_reversed_charge+cr_store_credit) as refund
  from catalog_sales
      ,catalog_returns
  where cs_item_sk = cr_item_sk
    and cs_order_number = cr_order_number
  group by cs_item_sk
  having sum(cs_ext_list_price)>2*sum(cr_refunded_cash+cr_reversed_charge+cr_store_credit)),
cross_sales as
 (select i_product_name product_name
     ,i_item_sk item_sk
     ,s_store_name store_name
     ,s_zip store_zip
     ,ad1.ca_street_number b_street_number
     ,ad1.ca_street_name b_street_name
     ,ad1.ca_city b_city
     ,ad1.ca_zip b_zip
     ,ad2.ca_street_number c_street_number
     ,ad2.ca_street_name c_street_name
     ,ad2.ca_city c_city
     ,ad2.ca_zip c_zip
     ,d1.d_year as syear
     ,d2.d_year as fsyear
     ,d3.d_year s2year
     ,count(*) cnt
     ,sum(ss_wholesale_cost) s1
     ,sum(ss_list_price) s2
     ,sum(ss_coupon_amt) s3
  FROM   store_sales
        ,store_returns
        ,cs_ui
        ,date_dim d1
        ,date_dim d2
        ,date_dim d3
        ,store
        ,customer
        ,customer_demographics cd1
        ,customer_demographics cd2
        ,promotion
        ,household_demographics hd1
        ,household_demographics hd2
        ,customer_address ad1
        ,customer_address ad2
        ,income_band ib1
        ,income_band ib2
        ,item
  WHERE  ss_store_sk = s_store_sk AND
         ss_sold_date_sk = d1.d_date_sk AND
         ss_customer_sk = c_customer_sk AND
         ss_cdemo_sk= cd1.cd_demo_sk AND
         ss_hdemo_sk = hd1.hd_demo_sk AND
         ss_addr_sk = ad1.ca_address_sk and
         ss_item_sk = i_item_sk and
         ss_item_sk = sr_item_sk and
         ss_ticket_number = sr_ticket_number and
         ss_item_sk = cs_ui.cs_item_sk and
         c_current_cdemo_sk = cd2.cd_demo_sk AND
         c_current_hdemo_sk = hd2.hd_demo_sk AND
         c_current_addr_sk = ad2.ca_address_sk and
         c_first_sales_date_sk = d2.d_date_sk and
         c_first_shipto_date_sk = d3.d_date_sk and
         ss_promo_sk = p_promo_sk and
         hd1.hd_income_band_sk = ib1.ib_income_band_sk and
         hd2.hd_income_band_sk = ib2.ib_income_band_sk and
         cd1.cd_marital_status <> cd2.cd_marital_status and
         i_color in ('spring','steel','burnished','chiffon','royal','rose') and
         i_current_price between 65 and 65 + 10 and
         i_current_price between 65 + 1 and 65 + 15
group by i_product_name
       ,i_item_sk
       ,s_store_name
       ,s_zip
       ,ad1.ca_street_number
       ,ad1.ca_street_name
       ,ad1.ca_city
       ,ad1.ca_zip
       ,ad2.ca_street_number
       ,ad2.ca_street_name
       ,ad2.ca_city
       ,ad2.ca_zip
       ,d1.d_year
       ,d2.d_year
       ,d3.d_year
)
select cs1.product_name
     ,cs1.store_name
     ,cs1.store_zip
     ,cs1.b_street_number
     ,cs1.b_street_name
     ,cs1.b_city
     ,cs1.b_zip
     ,cs1.c_street_number
     ,cs1.c_street_name
     ,cs1.c_city
     ,cs1.c_zip
     ,cs1.syear
     ,cs1.cnt
     ,cs1.s1 as s11
     ,cs1.s2 as s21
     ,cs1.s3 as s31
     ,cs2.s1 as s12
     ,cs2.s2 as s22
     ,cs2.s3 as s32
     ,cs2.syear
     ,cs2.cnt
from cross_sales cs1,cross_sales cs2
where cs1.item_sk=cs2.item_sk and
     cs1.syear = 2001 and
     cs2.syear = 2001 + 1 and
     cs2.cnt <= cs1.cnt and
     cs1.store_name = cs2.store_name and
     cs1.store_zip = cs2.store_zip
order by cs1.product_name
       ,cs1.store_name
       ,cs2.cnt
       ,cs1.s1
       ,cs2.s1;
Sort  (cost=71756.05..71756.06 rows=1 width=1166) (actual time=391.436..453.129 rows=20 loops=1)
  Sort Key: cs1.product_name, cs1.store_name, cs2.cnt, cs1.s1, cs2.s1
  Sort Method: quicksort  Memory: 30kB
  CTE cross_sales
    ->  GroupAggregate  (cost=71755.91..71755.98 rows=1 width=199) (actual time=390.651..452.459 rows=126 loops=1)
          Group Key: item.i_product_name, item.i_item_sk, store.s_store_name, store.s_zip, ad1.ca_street_number, ad1.ca_street_name, ad1.ca_city, ad1.ca_zip, ad2.ca_street_number, ad2.ca_street_name, ad2.ca_city, ad2.ca_zip, d1.d_year, d2.d_year, d3.d_year
          ->  Sort  (cost=71755.91..71755.92 rows=1 width=191) (actual time=390.644..452.340 rows=126 loops=1)
                Sort Key: item.i_product_name, item.i_item_sk, store.s_store_name, store.s_zip, ad1.ca_street_number, ad1.ca_street_name, ad1.ca_city, ad1.ca_zip, ad2.ca_street_number, ad2.ca_street_name, ad2.ca_city, ad2.ca_zip, d1.d_year, d2.d_year, d3.d_year
                Sort Method: quicksort  Memory: 54kB
                ->  Nested Loop  (cost=71620.75..71755.90 rows=1 width=191) (actual time=333.256..452.107 rows=126 loops=1)
                      ->  Nested Loop  (cost=71620.61..71755.75 rows=1 width=199) (actual time=333.252..451.959 rows=126 loops=1)
                            ->  Nested Loop  (cost=71620.32..71755.43 rows=1 width=167) (actual time=333.247..451.550 rows=126 loops=1)
                                  ->  Nested Loop  (cost=71620.17..71755.26 rows=1 width=175) (actual time=333.240..451.339 rows=126 loops=1)
                                        Join Filter: (cd1.cd_marital_status <> cd2.cd_marital_status)
                                        Rows Removed by Join Filter: 26
                                        ->  Nested Loop  (cost=71619.75..71754.51 rows=1 width=185) (actual time=333.232..450.626 rows=154 loops=1)
                                              ->  Nested Loop  (cost=71619.61..71754.35 rows=1 width=193) (actual time=333.225..450.420 rows=154 loops=1)
                                                    ->  Nested Loop  (cost=71619.32..71754.03 rows=1 width=197) (actual time=333.220..450.139 rows=155 loops=1)
                                                          ->  Nested Loop  (cost=71619.03..71753.73 rows=1 width=197) (actual time=333.214..449.817 rows=160 loops=1)
                                                                ->  Nested Loop  (cost=71618.74..71753.40 rows=1 width=201) (actual time=333.206..449.480 rows=171 loops=1)
                                                                      ->  Nested Loop  (cost=71618.45..71753.09 rows=1 width=169) (actual time=333.196..448.840 rows=171 loops=1)
                                                                            ->  Nested Loop  (cost=71618.31..71752.93 rows=1 width=161) (actual time=333.189..448.599 rows=171 loops=1)
                                                                                  ->  Nested Loop  (cost=71617.89..71752.48 rows=1 width=167) (actual time=333.178..447.818 rows=172 loops=1)
                                                                                        ->  Nested Loop  (cost=71617.59..71752.17 rows=1 width=171) (actual time=333.168..447.485 rows=173 loops=1)
                                                                                              ->  Nested Loop  (cost=71617.30..71751.86 rows=1 width=139) (actual time=333.158..446.928 rows=177 loops=1)
                                                                                                    ->  Nested Loop  (cost=71617.02..71751.56 rows=1 width=139) (actual time=333.149..446.550 rows=178 loops=1)
                                                                                                          Join Filter: (item.i_item_sk = store_sales.ss_item_sk)
                                                                                                          ->  Nested Loop  (cost=71616.59..71738.86 rows=16 width=83) (actual time=333.136..445.896 rows=180 loops=1)
                                                                                                                ->  Nested Loop  (cost=71616.17..71736.72 rows=1 width=67) (actual time=333.122..445.679 rows=14 loops=1)
                                                                                                                      ->  Finalize GroupAggregate  (cost=71615.88..71633.99 rows=47 width=24) (actual time=319.379..415.737 rows=17112 loops=1)
                                                                                                                            Group Key: catalog_sales.cs_item_sk
                                                                                                                            Filter: (sum(catalog_sales.cs_ext_list_price) > ('2'::double precision * sum(((catalog_returns.cr_refunded_cash + catalog_returns.cr_reversed_charge) + catalog_returns.cr_store_credit))))
                                                                                                                            Rows Removed by Filter: 751
                                                                                                                            ->  Gather Merge  (cost=71615.88..71630.98 rows=118 width=24) (actual time=319.372..407.042 rows=46340 loops=1)
                                                                                                                                  Workers Planned: 2
                                                                                                                                  Workers Launched: 2
                                                                                                                                  ->  Partial GroupAggregate  (cost=70615.86..70617.33 rows=59 width=24) (actual time=313.599..329.184 rows=15447 loops=3)
                                                                                                                                        Group Key: catalog_sales.cs_item_sk
                                                                                                                                        ->  Sort  (cost=70615.86..70616.00 rows=59 width=40) (actual time=313.587..318.371 rows=46969 loops=3)
                                                                                                                                              Sort Key: catalog_sales.cs_item_sk
                                                                                                                                              Sort Method: quicksort  Memory: 6604kB
                                                                                                                                              Worker 0:  Sort Method: quicksort  Memory: 4453kB
                                                                                                                                              Worker 1:  Sort Method: quicksort  Memory: 4490kB
                                                                                                                                              ->  Hash Join  (cost=7963.38..70614.12 rows=59 width=40) (actual time=82.917..301.170 rows=46969 loops=3)
                                                                                                                                                    Hash Cond: ((catalog_sales.cs_item_sk = catalog_returns.cr_item_sk) AND (catalog_sales.cs_order_number = catalog_returns.cr_order_number))
                                                                                                                                                    ->  Parallel Seq Scan on catalog_sales  (cost=0.00..59490.16 rows=602016 width=24) (actual time=0.015..74.725 rows=473789 loops=3)
                                                                                                                                                    ->  Hash  (cost=5788.75..5788.75 rows=144975 width=40) (actual time=82.113..82.114 rows=143354 loops=3)
                                                                                                                                                          Buckets: 262144  Batches: 1  Memory Usage: 12062kB
                                                                                                                                                          ->  Seq Scan on catalog_returns  (cost=0.00..5788.75 rows=144975 width=40) (actual time=0.022..52.812 rows=143354 loops=3)
                                                                                                                      ->  Index Scan using pk_item on item  (cost=0.29..2.17 rows=1 width=59) (actual time=0.002..0.002 rows=0 loops=17112)
                                                                                                                            Index Cond: (i_item_sk = catalog_sales.cs_item_sk)
                                                                                                                            Filter: ((i_current_price >= '65'::double precision) AND (i_current_price <= '75'::double precision) AND (i_current_price >= '66'::double precision) AND (i_current_price <= '80'::double precision) AND (i_color = ANY ('{spring,steel,burnished,chiffon,royal,rose}'::bpchar[])))
                                                                                                                            Rows Removed by Filter: 1
                                                                                                                ->  Index Only Scan using pk_store_returns on store_returns  (cost=0.42..1.96 rows=18 width=16) (actual time=0.005..0.014 rows=13 loops=14)
                                                                                                                      Index Cond: (sr_item_sk = item.i_item_sk)
                                                                                                                      Heap Fetches: 78
                                                                                                          ->  Index Scan using pk_store_sales on store_sales  (cost=0.43..0.78 rows=1 width=96) (actual time=0.003..0.003 rows=1 loops=180)
                                                                                                                Index Cond: ((ss_item_sk = store_returns.sr_item_sk) AND (ss_ticket_number = store_returns.sr_ticket_number))
                                                                                                    ->  Index Scan using pk_household_demographics on household_demographics hd1  (cost=0.28..0.30 rows=1 width=16) (actual time=0.002..0.002 rows=1 loops=178)
                                                                                                          Index Cond: (hd_demo_sk = store_sales.ss_hdemo_sk)
                                                                                              ->  Index Scan using pk_customer_address on customer_address ad1  (cost=0.29..0.31 rows=1 width=48) (actual time=0.003..0.003 rows=1 loops=177)
                                                                                                    Index Cond: (ca_address_sk = store_sales.ss_addr_sk)
                                                                                        ->  Index Scan using pk_date_dim on date_dim d1  (cost=0.29..0.31 rows=1 width=12) (actual time=0.001..0.001 rows=1 loops=173)
                                                                                              Index Cond: (d_date_sk = store_sales.ss_sold_date_sk)
                                                                                  ->  Index Scan using pk_customer_demographics on customer_demographics cd1  (cost=0.43..0.46 rows=1 width=10) (actual time=0.004..0.004 rows=1 loops=172)
                                                                                        Index Cond: (cd_demo_sk = store_sales.ss_cdemo_sk)
                                                                            ->  Index Scan using pk_store on store  (cost=0.14..0.15 rows=1 width=24) (actual time=0.001..0.001 rows=1 loops=171)
                                                                                  Index Cond: (s_store_sk = store_sales.ss_store_sk)
                                                                      ->  Index Scan using pk_customer on customer  (cost=0.29..0.31 rows=1 width=48) (actual time=0.003..0.003 rows=1 loops=171)
                                                                            Index Cond: (c_customer_sk = store_sales.ss_customer_sk)
                                                                ->  Index Scan using pk_date_dim on date_dim d3  (cost=0.29..0.33 rows=1 width=12) (actual time=0.001..0.001 rows=1 loops=171)
                                                                      Index Cond: (d_date_sk = customer.c_first_shipto_date_sk)
                                                          ->  Index Scan using pk_household_demographics on household_demographics hd2  (cost=0.28..0.30 rows=1 width=16) (actual time=0.002..0.002 rows=1 loops=160)
                                                                Index Cond: (hd_demo_sk = customer.c_current_hdemo_sk)
                                                    ->  Index Scan using pk_date_dim on date_dim d2  (cost=0.29..0.33 rows=1 width=12) (actual time=0.001..0.001 rows=1 loops=155)
                                                          Index Cond: (d_date_sk = customer.c_first_sales_date_sk)
                                              ->  Index Only Scan using pk_income_band on income_band ib2  (cost=0.14..0.16 rows=1 width=8) (actual time=0.001..0.001 rows=1 loops=154)
                                                    Index Cond: (ib_income_band_sk = hd2.hd_income_band_sk)
                                                    Heap Fetches: 154
                                        ->  Index Scan using pk_customer_demographics on customer_demographics cd2  (cost=0.43..0.74 rows=1 width=10) (actual time=0.004..0.004 rows=1 loops=154)
                                              Index Cond: (cd_demo_sk = customer.c_current_cdemo_sk)
                                  ->  Index Only Scan using pk_promotion on promotion  (cost=0.15..0.17 rows=1 width=8) (actual time=0.001..0.001 rows=1 loops=126)
                                        Index Cond: (p_promo_sk = store_sales.ss_promo_sk)
                                        Heap Fetches: 126
                            ->  Index Scan using pk_customer_address on customer_address ad2  (cost=0.29..0.32 rows=1 width=48) (actual time=0.003..0.003 rows=1 loops=126)
                                  Index Cond: (ca_address_sk = customer.c_current_addr_sk)
                      ->  Index Only Scan using pk_income_band on income_band ib1  (cost=0.14..0.16 rows=1 width=8) (actual time=0.001..0.001 rows=1 loops=126)
                            Index Cond: (ib_income_band_sk = hd1.hd_income_band_sk)
                            Heap Fetches: 126
  ->  Nested Loop  (cost=0.00..0.07 rows=1 width=1166) (actual time=390.673..391.406 rows=20 loops=1)
        Join Filter: ((cs2.cnt <= cs1.cnt) AND (cs1.item_sk = cs2.item_sk) AND ((cs1.store_name)::text = (cs2.store_name)::text) AND (cs1.store_zip = cs2.store_zip))
        Rows Removed by Join Filter: 1245
        ->  CTE Scan on cross_sales cs1  (cost=0.00..0.02 rows=1 width=1138) (actual time=390.665..390.682 rows=23 loops=1)
              Filter: (syear = 2001)
              Rows Removed by Filter: 103
        ->  CTE Scan on cross_sales cs2  (cost=0.00..0.02 rows=1 width=206) (actual time=0.000..0.026 rows=55 loops=23)
              Filter: (syear = 2002)
              Rows Removed by Filter: 71
                    product_name                    | store_name | store_zip  | b_street_number | b_street_name  |    b_city     |   b_zip    | c_street_number |  c_street_name   |    c_city     |   c_zip    | syear | cnt |  s11  |  s21   |   s31   |  s12  |  s22   | s32 | syear | cnt 
----------------------------------------------------+------------+------------+-----------------+----------------+---------------+------------+-----------------+------------------+---------------+------------+-------+-----+-------+--------+---------+-------+--------+-----+-------+-----
 ationantin stbarought                              | able       | 35709      | 303             | 9th            | Deerfield     | 69840      | 556             | 9th Main         | Florence      | 23394      |  2001 |   1 |  1.04 |   1.97 |    6.61 | 88.94 | 136.96 |   0 |  2002 |   1
 ationantin stbarought                              | ese        | 31904      | 548             | 7th South      | Hamilton      | 82808      | 90              | Meadow           | Oak Grove     | 38370      |  2001 |   1 | 39.61 |  47.13 | 2594.93 | 20.14 |   28.8 |   0 |  2002 |   1
 ationantin stbarought                              | ese        | 31904      | 712             | Locust         | Five Forks    | 02893      | 588             | Hillcrest Poplar | Liberty       | 83451      |  2001 |   1 | 44.46 |  55.13 |       0 | 20.14 |   28.8 |   0 |  2002 |   1
 ationantin stbarought                              | ought      | 31904      | 117             | 8th            | Pleasant Hill | 63604      | 203             | Willow           | Ridgeville    | 59306      |  2001 |   1 | 33.93 |  63.78 |       0 | 18.15 |  18.15 |   0 |  2002 |   1
 ationantin stbarought                              | ought      | 31904      | 117             | 8th            | Pleasant Hill | 63604      | 203             | Willow           | Ridgeville    | 59306      |  2001 |   1 | 33.93 |  63.78 |       0 | 52.67 |  97.43 |   0 |  2002 |   1
 ationbarablecallyought                             | ation      | 31904      | 522             | Spruce Meadow  | Forest Hills  | 39237      | 213             | Wilson Mill      | Mount Olive   | 38059      |  2001 |   1 | 82.32 | 154.76 |       0 |  76.8 | 111.36 |   0 |  2002 |   1
 ationbarablecallyought                             | bar        | 31904      | 108             | Locust Hill    | Shady Grove   | 22812      | 236             | Adams            | Bridgeport    | 25817      |  2001 |   1 | 45.79 |  50.82 |       0 | 36.71 |  66.81 |   0 |  2002 |   1
 ationbarablecallyought                             | eing       | 35709      | 840             | Lincoln        | Spring Valley | 36060      | 174             | Twelfth          | Five Forks    | 32293      |  2001 |   1 | 86.55 | 124.63 |       0 | 31.82 |  52.82 |   0 |  2002 |   1
 ationbarablecallyought                             | eing       | 35709      | 840             | Lincoln        | Spring Valley | 36060      | 174             | Twelfth          | Five Forks    | 32293      |  2001 |   1 | 86.55 | 124.63 |       0 | 64.38 |  85.62 |   0 |  2002 |   1
 ationbarablecallyought                             | eing       | 35709      | 840             | Lincoln        | Spring Valley | 36060      | 174             | Twelfth          | Five Forks    | 32293      |  2001 |   1 | 86.55 | 124.63 |       0 | 83.02 | 103.77 |   0 |  2002 |   1
 ationprieingpri                                    | ation      | 31904      | 647             | Meadow Spring  | Antioch       | 88605      | 957             | 8th              | Ludlow        | 55566      |  2001 |   1 | 19.98 |  22.17 |       0 | 17.26 |  19.33 |   0 |  2002 |   1
 ationprieingpri                                    | ation      | 31904      | 647             | Meadow Spring  | Antioch       | 88605      | 957             | 8th              | Ludlow        | 55566      |  2001 |   1 | 19.98 |  22.17 |       0 | 19.61 |  22.94 |   0 |  2002 |   1
 ationprieingpri                                    | ation      | 31904      | 647             | Meadow Spring  | Antioch       | 88605      | 957             | 8th              | Ludlow        | 55566      |  2001 |   1 | 19.98 |  22.17 |       0 | 47.43 |  54.07 |   0 |  2002 |   1
 ationprieingpri                                    | ation      | 31904      | 690             | East           | Woodlawn      | 34098      | 304             | Highland 1st     | Mount Zion    | 38054      |  2001 |   1 |  91.5 | 156.46 |       0 | 17.26 |  19.33 |   0 |  2002 |   1
 ationprieingpri                                    | ation      | 31904      | 690             | East           | Woodlawn      | 34098      | 304             | Highland 1st     | Mount Zion    | 38054      |  2001 |   1 |  91.5 | 156.46 |       0 | 19.61 |  22.94 |   0 |  2002 |   1
 ationprieingpri                                    | ation      | 31904      | 690             | East           | Woodlawn      | 34098      | 304             | Highland 1st     | Mount Zion    | 38054      |  2001 |   1 |  91.5 | 156.46 |       0 | 47.43 |  54.07 |   0 |  2002 |   1
 ationprieingpri                                    | ese        | 31904      | 394             | Spring 13th    | Providence    | 66614      | 545             | View Jefferson   | Woodbine      | 34253      |  2001 |   1 | 80.02 |  89.62 |       0 | 13.94 |  18.26 |   0 |  2002 |   1
 oughtprieingantiought                              | bar        | 31904      | 366             | Miller         | Mount Vernon  | 58482      | 699             | 11th Oak         | Greenville    | 91387      |  2001 |   1 | 67.41 | 100.44 |       0 | 10.22 |  16.24 |   0 |  2002 |   1
 oughtprieingantiought                              | bar        | 31904      | 469             | Johnson        | Morris        | 36696      | 221             | 7th              | Pleasant Hill | 63604      |  2001 |   1 | 84.32 | 109.61 |       0 | 10.22 |  16.24 |   0 |  2002 |   1
 prieseationation                                   | bar        | 31904      | 611             | Broadway Maple | Liberty       | 53451      | 838             |                  | Mount Vernon  | 38482      |  2001 |   1 | 81.75 |  85.02 | 2919.18 | 89.79 | 148.15 |   0 |  2002 |   1
(20 rows)

UPDATE time_statistics SET e_time = TRANSACTION_TIMESTAMP() WHERE template = 'query64.tpl' AND stream = 5;
psql:/tmp/s1-basline/throughput/query_5.sql:3947: NOTICE:  duration: 0.128 ms  plan:
Query Text: UPDATE time_statistics SET e_time = TRANSACTION_TIMESTAMP() WHERE template = 'query64.tpl' AND stream = 5;
Update on time_statistics  (cost=0.00..22.34 rows=0 width=0) (actual time=0.128..0.128 rows=0 loops=1)
  ->  Seq Scan on time_statistics  (cost=0.00..22.34 rows=1 width=14) (actual time=0.099..0.113 rows=1 loops=1)
        Filter: ((template = 'query64.tpl'::text) AND (stream = 5))
        Rows Removed by Filter: 765
UPDATE 1
LOAD 'auto_explain'; SET auto_explain.log_min_duration TO 0; SET auto_explain.log_analyze TO on; SET auto_explain.log_level TO notice; INSERT INTO time_statistics (template, s_time, stream, query, seed) VALUES ('../query_postgresql/query20.tpl', TRANSACTION_TIMESTAMP(), 5, 78, 289407563);
LOAD
SET
SET
SET
psql:/tmp/s1-basline/throughput/query_5.sql:3948: NOTICE:  duration: 0.008 ms  plan:
Query Text: INSERT INTO time_statistics (template, s_time, stream, query, seed) VALUES ('../query_postgresql/query20.tpl', TRANSACTION_TIMESTAMP(), 5, 78, 289407563);
Insert on time_statistics  (cost=0.00..0.01 rows=0 width=0) (actual time=0.008..0.008 rows=0 loops=1)
  ->  Result  (cost=0.00..0.01 rows=1 width=64) (actual time=0.002..0.002 rows=1 loops=1)
INSERT 0 1
select  i_item_id
       ,i_item_desc 
       ,i_category 
       ,i_class 
       ,i_current_price
       ,sum(cs_ext_sales_price) as itemrevenue 
       ,sum(cs_ext_sales_price)*100/sum(sum(cs_ext_sales_price)) over
           (partition by i_class) as revenueratio
 from	catalog_sales
     ,item 
     ,date_dim
 where cs_item_sk = i_item_sk 
   and i_category in ('Music', 'Shoes', 'Children')
   and cs_sold_date_sk = d_date_sk
 and d_date between cast('1998-05-25' as date) 
 				and (cast('1998-05-25' as date) + INTERVAL '30 days')
 group by i_item_id
         ,i_item_desc 
         ,i_category
         ,i_class
         ,i_current_price
 order by i_category
         ,i_class
         ,i_item_id
         ,i_item_desc
         ,revenueratio
limit 100;
psql:/tmp/s1-basline/throughput/query_5.sql:3975: NOTICE:  duration: 44.345 ms  plan:
Query Text: select  i_item_id
       ,i_item_desc 
       ,i_category 
       ,i_class 
       ,i_current_price
       ,sum(cs_ext_sales_price) as itemrevenue 
       ,sum(cs_ext_sales_price)*100/sum(sum(cs_ext_sales_price)) over
           (partition by i_class) as revenueratio
 from	catalog_sales
     ,item 
     ,date_dim
 where cs_item_sk = i_item_sk 
   and i_category in ('Music', 'Shoes', 'Children')
   and cs_sold_date_sk = d_date_sk
 and d_date between cast('1998-05-25' as date) 
 				and (cast('1998-05-25' as date) + INTERVAL '30 days')
 group by i_item_id
         ,i_item_desc 
         ,i_category
         ,i_class
         ,i_current_price
 order by i_category
         ,i_class
         ,i_item_id
         ,i_item_desc
         ,revenueratio
limit 100;
Limit  (cost=1952.33..1952.58 rows=100 width=245) (actual time=44.249..44.261 rows=100 loops=1)
  ->  Sort  (cost=1952.33..1952.78 rows=181 width=245) (actual time=44.249..44.254 rows=100 loops=1)
        Sort Key: item.i_category, item.i_class, item.i_item_id, item.i_item_desc, ((((sum(catalog_sales.cs_ext_sales_price)) * '100'::double precision) / sum((sum(catalog_sales.cs_ext_sales_price))) OVER (?)))
        Sort Method: top-N heapsort  Memory: 98kB
        ->  WindowAgg  (cost=1941.47..1945.54 rows=181 width=245) (actual time=41.224..42.274 rows=2050 loops=1)
              ->  Sort  (cost=1941.47..1941.92 rows=181 width=237) (actual time=41.164..41.251 rows=2050 loops=1)
                    Sort Key: item.i_class
                    Sort Method: quicksort  Memory: 661kB
                    ->  GroupAggregate  (cost=1929.70..1934.68 rows=181 width=237) (actual time=38.366..40.220 rows=2050 loops=1)
                          Group Key: item.i_item_id, item.i_item_desc, item.i_category, item.i_class, item.i_current_price
                          ->  Sort  (cost=1929.70..1930.16 rows=181 width=237) (actual time=38.359..38.535 rows=3821 loops=1)
                                Sort Key: item.i_item_id, item.i_item_desc, item.i_category, item.i_class, item.i_current_price
                                Sort Method: quicksort  Memory: 1150kB
                                ->  Nested Loop  (cost=1.01..1922.92 rows=181 width=237) (actual time=0.024..27.858 rows=3821 loops=1)
                                      ->  Nested Loop  (cost=0.72..1733.97 rows=610 width=16) (actual time=0.015..5.278 rows=13139 loops=1)
                                            ->  Index Scan using i_d_date on date_dim  (cost=0.29..3.11 rows=31 width=8) (actual time=0.007..0.016 rows=31 loops=1)
                                                  Index Cond: ((d_date >= '1998-05-25'::date) AND (d_date <= '1998-06-24 00:00:00'::timestamp without time zone))
                                            ->  Index Scan using i_cs_sold_date_sk on catalog_sales  (cost=0.43..47.98 rows=785 width=24) (actual time=0.003..0.103 rows=424 loops=31)
                                                  Index Cond: (cs_sold_date_sk = date_dim.d_date_sk)
                                      ->  Index Scan using pk_item on item  (cost=0.29..0.31 rows=1 width=237) (actual time=0.002..0.002 rows=0 loops=13139)
                                            Index Cond: (i_item_sk = catalog_sales.cs_item_sk)
                                            Filter: (i_category = ANY ('{Music,Shoes,Children}'::bpchar[]))
                                            Rows Removed by Filter: 1
    i_item_id     |                                                                                               i_item_desc                                                                                                |                     i_category                     |                      i_class                       | i_current_price |    itemrevenue     |     revenueratio     
------------------+----------------------------------------------------------------------------------------------------------------------------------------------------------------------------------------------------------+----------------------------------------------------+----------------------------------------------------+-----------------+--------------------+----------------------
 AAAAAAAAAALCAAAA | Continually old goo                                                                                                                                                                                      | Children                                           | infants                                            |           68.02 |              15.47 |  0.00178734912670607
 AAAAAAAAABCEAAAA | Perhaps royal police want up the options. Also formal boards stop ago huge adults. Days state very commercial records. Foreign, remaini                                                                  | Children                                           | infants                                            |            0.99 |            3658.07 |   0.4226404796334631
 AAAAAAAAACKBAAAA | Today general yards will make only; leading, historical years walk here. Loca                                                                                                                            | Children                                           | infants                                            |             9.5 |            6202.77 |   0.7166461242830388
 AAAAAAAAACMCAAAA | Other families must decide top, racial benefits. Women cannot go acc                                                                                                                                     | Children                                           | infants                                            |           29.91 |            4022.59 |  0.46475583216525984
 AAAAAAAAACPAAAAA | Sessions w                                                                                                                                                                                               | Children                                           | infants                                            |           95.22 |           11945.31 |   1.3801189008877366
 AAAAAAAAADBEAAAA | Right ways may train chief, good programmes; new effects will not mean then in a reasons. Usually social differences can imply lips. Seconds spend. Complex, full memories boost perhaps on the          | Children                                           | infants                                            |            9.07 |            6640.28 |    0.767194483457258
 AAAAAAAAADLCAAAA | Lives shall resume groups. Efforts stick so essential consumers; minute prices c                                                                                                                         | Children                                           | infants                                            |            6.06 |            8505.09 |   0.9826480403397886
 AAAAAAAAAEDDAAAA | Feet might commence more. Hot hours detect then days; full,                                                                                                                                              | Children                                           | infants                                            |            3.85 |             9333.1 |   1.0783133894285988
 AAAAAAAAAELBAAAA | Words                                                                                                                                                                                                    | Children                                           | infants                                            |           69.13 |  4859.139999999999 |   0.5614078626724326
 AAAAAAAAAENDAAAA | Rapid books will think never real, clear tiles. Exchanges know so even alive changes. Authorities gain also global services. Members may not cause from the son                                          | Children                                           | infants                                            |           76.71 |  9570.050000000001 |    1.105689755011857
 AAAAAAAAAIADAAAA | Left, public hours go then powerful buildings. Me                                                                                                                                                        | Children                                           | infants                                            |            82.5 |              56.43 | 0.006519722767939465
 AAAAAAAAAKAAAAAA | Rough minutes could not want. Weeks may not hear better eco                                                                                                                                              | Children                                           | infants                                            |            6.71 |           13461.11 |   1.5552490758238102
 AAAAAAAAAKJAAAAA | Easy, fixed territories comp                                                                                                                                                                             | Children                                           | infants                                            |            0.61 |            1742.58 |  0.20133153466163306
 AAAAAAAAAMHBAAAA | Fat, sensible police make black suppliers. British, dangerous authorities make smoothly c                                                                                                                | Children                                           | infants                                            |           71.57 |           10781.78 |    1.245688756776792
 AAAAAAAAAMIDAAAA | S                                                                                                                                                                                                        | Children                                           | infants                                            |            1.96 | 6020.4800000000005 |   0.6955849819231649
 AAAAAAAAAMKDAAAA | Good, specialist levels receive great advances. Parts would not return more in a expenses. Officials should know always complex, old year                                                                | Children                                           | infants                                            |            2.07 | 12806.480000000001 |   1.4796154391841472
 AAAAAAAAANMBAAAA | Similar others may not hook e                                                                                                                                                                            | Children                                           | infants                                            |            5.83 |            1074.77 |  0.12417512740206095
 AAAAAAAAAOGAAAAA | Categories collect there in a effects.                                                                                                                                                                   | Children                                           | infants                                            |            4.96 |  6559.320000000001 |   0.7578406511820078
 AAAAAAAAAOMDAAAA | Modern trials lend more supporters. There practical funds replace very strictly great parents. Days m                                                                                                    | Children                                           | infants                                            |           55.71 |             2042.9 |   0.2360294460858326
 AAAAAAAABBLAAAAA | Other cities talk only from a agents.                                                                                                                                                                    | Children                                           | infants                                            |            2.85 | 24099.649999999998 |   2.7843883892321872
 AAAAAAAABEIAAAAA | Experimental, poor points will not position secondly. Unique limits can collect to a values; benefits stop well new, italian characteristics. Firmly possible others rescue at least further ti          | Children                                           | infants                                            |            2.97 |              594.9 |  0.06873264353441765
 AAAAAAAABINDAAAA | Principles want almost away inc effects. Large, domestic eyes think scenes. Indeed super approaches travel more resou                                                                                    | Children                                           | infants                                            |            1.85 |            3488.16 |   0.4030096787208174
 AAAAAAAABJNCAAAA | Too particular girls would result normally kilometres. Categories remember eventually recent years; presidenti                                                                                           | Children                                           | infants                                            |           16.45 |             776.86 |  0.08975565886056093
 AAAAAAAABLDBAAAA | Voluntary friends accept also normal criteria. Befo                                                                                                                                                      | Children                                           | infants                                            |             9.9 |  9587.619999999999 |   1.1077197307168487
 AAAAAAAABOHAAAAA | Remaining, negative metals must not convey quiet citizens. Criminal, existing groups must interpret numerous, social rights                                                                              | Children                                           | infants                                            |            8.81 |              697.4 |  0.08057513128408618
 AAAAAAAACCDBAAAA | Central fields give obviously trees; representatives keep well ordinary, popular years. Tons mix partly light visitors. New, bad activities should experience to the times. Trousers                     | Children                                           | infants                                            |            3.45 |            6749.04 |   0.7797602294831503
 AAAAAAAACEHBAAAA | American buildings develop just from a states. Persistent, regional                                                                                                                                      | Children                                           | infants                                            |            8.54 |            8060.18 |   0.9312447113182761
 AAAAAAAACFBDAAAA | Scenes will not say also. Of course wild vessels might not provide dra                                                                                                                                   | Children                                           | infants                                            |            6.44 |              43.84 | 0.005065118662882618
 AAAAAAAACFJBAAAA | Likely numbers will not explain married orders. Days must match intensely next to a tenants. Offenders will want internal direction                                                                      | Children                                           | infants                                            |            4.89 |            5609.58 |   0.6481110481052254
 AAAAAAAACFNDAAAA | Peaceful, normal damages blame small clothes. Different kilometres believe for a scho                                                                                                                    | Children                                           | infants                                            |            2.82 |           13024.59 |    1.504815097750783
 AAAAAAAACHACAAAA | Arbitrary houses make like a creatures. Uniquely new minutes must not make rough, historic genes. Normally international sectors can d                                                                   | Children                                           | infants                                            |            2.23 |             5117.7 |   0.5912809712827185
 AAAAAAAACIFEAAAA | Hot, local books describe today magnetic, japanese animals. Local names give very; mistakes help suddenly often high months.                                                                             | Children                                           | infants                                            |            2.59 |           11529.18 |   1.3320407113533994
 AAAAAAAACKAEAAAA | Frequent, possible days see. Losses can see now. Important officers train finally practitioners. National minutes take precisely hostile reports. Instead close newspa                                   | Children                                           | infants                                            |            0.94 |            3813.83 |   0.4406364395543252
 AAAAAAAACKODAAAA | Probably new weapons would need now deposits. Cities will help thoroughly over the agencies. Coastal, current years can bring eagerly prime women; times should turn figures. Industrial, partic         | Children                                           | infants                                            |            5.82 |             1457.7 |  0.16841750627016408
 AAAAAAAACLAEAAAA | Actually red others can neg                                                                                                                                                                              | Children                                           | infants                                            |            0.78 |            4838.26 |   0.5589954612654757
 AAAAAAAACLGBAAAA | Never absolute lads like however interesting numbers. Others may not make shortly blue banks;                                                                                                            | Children                                           | infants                                            |            1.58 |            1711.34 |   0.1977221754684658
 AAAAAAAACLLBAAAA | Written shares think words. Major races eat also. Officials go now in a projects. Actual, new members survive to a letters. Running, major jobs ought to th                                              | Children                                           | infants                                            |           32.59 |            2508.24 |  0.28979318510466917
 AAAAAAAACMBCAAAA | Later different wages participate for sure. Events focus truly fresh questions. Buildings produce libraries. Well radical duties consist also. D                                                         | Children                                           | infants                                            |            0.74 |             2623.4 |   0.3030983645120041
 AAAAAAAADANDAAAA | Likely years will consider                                                                                                                                                                               | Children                                           | infants                                            |            4.75 |            5393.68 |   0.6231667251281187
 AAAAAAAADFOAAAAA | Constitutional appeals end small, due knees. Conclusions take ever. E                                                                                                                                    | Children                                           | infants                                            |            8.53 |             153.68 | 0.017755644071893267
 AAAAAAAADGICAAAA | Aware, historical cases clear still. Quite large banks add no. So long weapons will not ensure perfectly however massive teeth. Familiar years reckon too ameri                                          | Children                                           | infants                                            |            3.77 |           11183.82 |   1.2921390375072968
 AAAAAAAADHHCAAAA | Past, important feet must meet at all useful bills. Items apply preferably teachers. Else real differences practice agreements; sophisticated events shall                                               | Children                                           | infants                                            |             4.3 |            1238.28 |   0.1430664949332639
 AAAAAAAADIFDAAAA | Immediate, good circumstances shall stay slightly writers. Low acres would not remember almost practices. Co                                                                                             | Children                                           | infants                                            |            7.08 |             2254.2 |   0.2604423013200273
 AAAAAAAADJEDAAAA | All black photographs want quite. Profitable movements betray just in a conditions. Used, other passen                                                                                                   | Children                                           | infants                                            |            7.55 |               4712 |   0.5444078270872011
 AAAAAAAADMDBAAAA | There avail                                                                                                                                                                                              | Children                                           | infants                                            |            3.54 |            9704.75 |    1.121252516961909
 AAAAAAAADNADAAAA | Communists complain very powerful, various police. British parents could not see as. Readers sho                                                                                                         | Children                                           | infants                                            |             3.7 |           19433.77 |    2.245309103950008
 AAAAAAAADNJDAAAA | Brave, considerable children may not run now. Scientific industr                                                                                                                                         | Children                                           | infants                                            |           38.92 |            2290.37 |   0.2646212552898372
 AAAAAAAAEAABAAAA | Towns pay with a years. Both rough companies rotate just fields. For example conventi                                                                                                                    | Children                                           | infants                                            |            0.69 | 10868.330000000002 |   1.2556884378961464
 AAAAAAAAEBJAAAAA | Bad, smooth months show in a interviews. In full functional tactics ma                                                                                                                                   | Children                                           | infants                                            |            1.54 |            6322.81 |   0.7305151216437238
 AAAAAAAAECNBAAAA | Stories happen elements; now hi                                                                                                                                                                          | Children                                           | infants                                            |             0.4 |            7153.38 |    0.826476244085111
 AAAAAAAAEDABAAAA | Public, everyday brothers take on a cards. Aga                                                                                                                                                           | Children                                           | infants                                            |             3.8 | 2103.4300000000003 |  0.24302286836375883
 AAAAAAAAEDOCAAAA | Very medical stars visit opponents. Then political duties think later wishes. Effective cameras claim stairs. Able sites say. Places should feel on a minutes. Things tell posts. Onl                    | Children                                           | infants                                            |            4.13 |            3500.64 |   0.4044515738146307
 AAAAAAAAEECEAAAA | Then slow years fix in a problems. Journals                                                                                                                                                              | Children                                           | infants                                            |            1.74 |             639.54 |  0.07389019136998061
 AAAAAAAAEENCAAAA | Informal, accurate women must predict very alone words. At last ultimate readers shoot yet years; other modules set unusually i                                                                          | Children                                           | infants                                            |            4.49 |            1594.91 |  0.18427026474950084
 AAAAAAAAEGECAAAA | Junior others must not find later. Important, corporate frames can exhibit forests; mor                                                                                                                  | Children                                           | infants                                            |            6.39 |            5817.46 |   0.6721287686262116
 AAAAAAAAEIBDAAAA | Less identical families shall not want again objects. More real holidays would not understand probably small, polite representations. Spatial rates should see and so on. Natural, critical details sh   | Children                                           | infants                                            |            1.68 |            1827.12 |  0.21109898748462796
 AAAAAAAAEJLBAAAA | Changing, only birds may investigate well bodies. Grounds hear at least federal words. Insufficient businesses discuss cells. Much efficient offices understand with a cheeks. Cons                      | Children                                           | infants                                            |            5.45 |            3646.26 |   0.4212759939717695
 AAAAAAAAELACAAAA | So free steps must not respond straight direct secondary areas; only offic                                                                                                                               | Children                                           | infants                                            |             2.9 |            1646.66 |   0.1902492768572603
 AAAAAAAAELODAAAA | About random sides go flat schools; pleased times can make by a areas. New chemi                                                                                                                         | Children                                           | infants                                            |            0.09 |            2965.43 |   0.3426153019268249
 AAAAAAAAEMBCAAAA | Free implications see so military, dark room                                                                                                                                                             | Children                                           | infants                                            |             3.4 |            1729.38 |  0.19980645331240746
 AAAAAAAAEMPAAAAA | General, import                                                                                                                                                                                          | Children                                           | infants                                            |             5.8 |               9246 |   1.0682501632530268
 AAAAAAAAEOIDAAAA | Years must articulate; states can set however with the criticisms. At first big troops may help sensibly. As final grounds can enter easily british final charges. Small, very pounds m                  | Children                                           | infants                                            |            2.04 |            2775.62 |  0.32068532534375577
 AAAAAAAAEPCBAAAA | Physical cases might meet suddenly companies. Demanding, other areas may help even pressures. Aside local companies get both like a                                                                      | Children                                           | infants                                            |            3.45 |             517.04 |  0.05973697430330358
 AAAAAAAAEPMDAAAA | Chemical historians say                                                                                                                                                                                  | Children                                           | infants                                            |            4.88 |            3301.03 |   0.3813893398662274
 AAAAAAAAFEABAAAA | Profits can pass about groups. Poor, western offices could not give safely clean similar layers.                                                                                                         | Children                                           | infants                                            |            6.74 |            2668.38 |  0.30829519474595624
 AAAAAAAAFEHAAAAA | Significant animals may not enforce wide left games. Straight minimal stars should support important                                                                                                     | Children                                           | infants                                            |           78.71 |            4795.78 |   0.5540874721961497
 AAAAAAAAFGCDAAAA | European clients should specify official dogs. Things shall own more to a categories. Personal needs imitate straight western men; good, new books stay services; subjects come as                       | Children                                           | infants                                            |            2.92 |             629.31 |  0.07270825332433076
 AAAAAAAAFGEBAAAA | Officially yellow words shall understand high national clean options. Just military lips look civil mothers. Serious, constitutional years would mak                                                     | Children                                           | infants                                            |             1.1 |            3416.61 |   0.3947430445892195
 AAAAAAAAFHEAAAAA | Young plans will notice territorial, busy lips. Twice new cities might not adopt years. Events leave true, eastern servants. Belief                                                                      | Children                                           | infants                                            |            2.88 |             4163.3 |   0.4810129682750731
 AAAAAAAAFIOBAAAA | Years analyse quite after a prices. Even single funds used to pay in order hands. Subtle, french periods work both new times. Very old hands would fo                                                    | Children                                           | infants                                            |           48.42 |            2283.45 |  0.26382174294615224
 AAAAAAAAFKCCAAAA | Then original memories shall not think special, grey workers.                                                                                                                                            | Children                                           | infants                                            |            7.09 |           10929.01 |     1.26269919064395
 AAAAAAAAFMHBAAAA | Ever good eyes might enlarge long particular civil troops. Members put too biological arms. Now silly responsibilities realise                                                                           | Children                                           | infants                                            |            7.39 |            1489.86 |  0.17213315901191373
 AAAAAAAAFMKBAAAA | Safe eyes consider quickly. European, living shoes help probably interested influences. Relations result never eyes. Current, loca                                                                       | Children                                           | infants                                            |            7.03 |            3791.88 |   0.4381004141289084
 AAAAAAAAFNICAAAA | Real, right books ought to look industrial properties. Enterprises used to keep again between a authors. Nearby, established officials s                                                                 | Children                                           | infants                                            |            2.32 |            3230.18 |  0.37320358126072484
 AAAAAAAAGAACAAAA | Public, long jobs can recommend right from a colleagues. Recent, serious things solve patient, classical conditions. Physical, little problems agree protests; politically legal benefits make. Men cont | Children                                           | infants                                            |            4.71 |            4033.99 |   0.4660729478759547
 AAAAAAAAGAOAAAAA | Individual citizens can reduce quite other children. Increased others seek movements. Parents see more. Large others explain only between a hands; often straight accounts can justify more j            | Children                                           | infants                                            |            2.46 |            4874.94 |   0.5632333388328693
 AAAAAAAAGBPBAAAA | Parties ought to                                                                                                                                                                                         | Children                                           | infants                                            |            2.53 |             484.68 |  0.05599821426838384
 AAAAAAAAGDHBAAAA | Able, solar arms can obtain. Personal, strong terms resort however disastrous weaknesses; periods could hit elements.                                                                                    | Children                                           | infants                                            |            6.41 | 19854.440000000002 |    2.293911829039306
 AAAAAAAAGGABAAAA | Existing services ought to take particular practitio                                                                                                                                                     | Children                                           | infants                                            |            0.87 |            6158.04 |   0.7114781781655493
 AAAAAAAAGGGBAAAA | Monthly positions play effectively high areas. Usually single days die old, british terms. Heads shall impair equally th                                                                                 | Children                                           | infants                                            |             6.9 |              762.2 |   0.0880618942711937
 AAAAAAAAGIFAAAAA | Even local studies used to rise before a topics; important cases shall let on the tickets. Minor, alone memories transmit. Most innocent users become in particular as                                   | Children                                           | infants                                            |            1.72 |            6658.49 |   0.7692984025003943
 AAAAAAAAGIOBAAAA | Therefore maximum officers should adopt thus by a examples. Homes provide                                                                                                                                | Children                                           | infants                                            |            2.45 |             785.12 |  0.09070999006848543
 AAAAAAAAGJEAAAAA | Magazines tell furthermore long total historians. Northern tanks take only immen                                                                                                                         | Children                                           | infants                                            |            3.85 |              176.4 | 0.020380632576014916
 AAAAAAAAGMPBAAAA | Other jobs ough                                                                                                                                                                                          | Children                                           | infants                                            |            2.44 |             898.24 |  0.10377947508548548
 AAAAAAAAGNPAAAAA | Other, expensive pieces should carry predominantly dangerous gentlemen. However just problems could encourage other ha                                                                                   | Children                                           | infants                                            |            2.41 |  5950.139999999999 |    0.687458146915246
 AAAAAAAAGNPDAAAA | Scottish friends take again by a initiatives. Sides might get in order slow, fine relations. However total men stare there likely seats. Hard regional limits loosen ever relationships; full            | Children                                           | infants                                            |            1.88 |  4532.549999999999 |   0.5236748082903424
 AAAAAAAAGOCDAAAA | Excessive employees can confront there in a                                                                                                                                                              | Children                                           | infants                                            |            6.71 |            2978.68 |    0.344146160099343
 AAAAAAAAGPHBAAAA | Far welsh novels ought to observe so out of a women. Individual elements come never germa                                                                                                                | Children                                           | infants                                            |            6.24 | 11377.279999999999 |   1.3144907221907198
 AAAAAAAAGPKDAAAA | English, standard troops meet then by the sectors; approp                                                                                                                                                | Children                                           | infants                                            |            3.39 | 238.52999999999997 | 0.027558913199301798
 AAAAAAAAHBEBAAAA | Plans know countries. Other, nuclear detectives must back very cold changes; serious votes leave. Red hands realise slow new arts. Foreign keys must not take for a occasions. Large, able times ho      | Children                                           | infants                                            |            1.56 | 15381.060000000001 |   1.7770733134333334
 AAAAAAAAHEACAAAA | True, fine consequences look certainly pub                                                                                                                                                               | Children                                           | infants                                            |            0.45 |            2184.04 |  0.25233626287596156
 AAAAAAAAHGBCAAAA | Military, able kids order again similar times. No doubt available divisions read mor                                                                                                                     | Children                                           | infants                                            |            2.41 |           10684.16 |   1.2344100869804735
 AAAAAAAAHHCAAAAA | Financial, sad women seek national films. Free, inevitable years might take friends; seeds answer quiet laws. Large officers could levy european, regular children. Wet, high yards play d               | Children                                           | infants                                            |            7.39 |              671.6 |  0.07759429046514522
 AAAAAAAAHHEEAAAA | Outside men make unreasonably. Also legal days could not choose alternative, economic yea                                                                                                                | Children                                           | infants                                            |            0.89 | 11145.539999999999 |   1.2877163015945425
 AAAAAAAAHJMDAAAA | New powers exclude of course. Specific, primary women sit simply in a experiences. Similar, irrelevant things produce in a demands. Little, open relations understand too well similar club              | Children                                           | infants                                            |           59.51 |            1439.14 |   0.1662731494639802
 AAAAAAAAHJPDAAAA | Social men will not work then to a women. Specifically dark suggestions learn by now white years. Important, common police give positively; policemen want duly; more ne                                 | Children                                           | infants                                            |            5.31 |            1395.24 |  0.16120109861314655
 AAAAAAAAHKBBAAAA | Local prices walk nowhere only other others. Applications support features. Right, heavy troops can like significantly currently unlikely cars; active su                                                | Children                                           | infants                                            |            8.77 |            1663.74 |  0.19222263969398556
 AAAAAAAAHNIAAAAA | Complex groups should look here indeed free thousands; industrial, main friends will happen direct expectations. Personal, mon                                                                           | Children                                           | infants                                            |           14.45 |            7269.64 |   0.8399085136048814
 AAAAAAAAHPADAAAA | Questions ought to tell. Far pleasant glasses shall form indirectly in a eyes; doctors can add home necessary, important contra                                                                          | Children                                           | infants                                            |            4.25 |  8919.279999999999 |   1.0305020891303758
 AAAAAAAAIAIBAAAA | Able, irish incom                                                                                                                                                                                        | Children                                           | infants                                            |            4.37 |              70.65 | 0.008162651312332505
(100 rows)

UPDATE time_statistics SET e_time = TRANSACTION_TIMESTAMP() WHERE template = '../query_postgresql/query20.tpl' AND stream = 5;
psql:/tmp/s1-basline/throughput/query_5.sql:3977: NOTICE:  duration: 0.100 ms  plan:
Query Text: UPDATE time_statistics SET e_time = TRANSACTION_TIMESTAMP() WHERE template = '../query_postgresql/query20.tpl' AND stream = 5;
Update on time_statistics  (cost=0.00..22.34 rows=0 width=0) (actual time=0.099..0.099 rows=0 loops=1)
  ->  Seq Scan on time_statistics  (cost=0.00..22.34 rows=1 width=14) (actual time=0.077..0.089 rows=1 loops=1)
        Filter: ((template = '../query_postgresql/query20.tpl'::text) AND (stream = 5))
        Rows Removed by Filter: 766
UPDATE 1
LOAD 'auto_explain'; SET auto_explain.log_min_duration TO 0; SET auto_explain.log_analyze TO on; SET auto_explain.log_level TO notice; INSERT INTO time_statistics (template, s_time, stream, query, seed) VALUES ('query43.tpl', TRANSACTION_TIMESTAMP(), 5, 79, 1522402777);
LOAD
SET
SET
SET
psql:/tmp/s1-basline/throughput/query_5.sql:3978: NOTICE:  duration: 0.008 ms  plan:
Query Text: INSERT INTO time_statistics (template, s_time, stream, query, seed) VALUES ('query43.tpl', TRANSACTION_TIMESTAMP(), 5, 79, 1522402777);
Insert on time_statistics  (cost=0.00..0.01 rows=0 width=0) (actual time=0.007..0.007 rows=0 loops=1)
  ->  Result  (cost=0.00..0.01 rows=1 width=64) (actual time=0.001..0.001 rows=1 loops=1)
INSERT 0 1
select  s_store_name, s_store_id,
        sum(case when (d_day_name='Sunday') then ss_sales_price else null end) sun_sales,
        sum(case when (d_day_name='Monday') then ss_sales_price else null end) mon_sales,
        sum(case when (d_day_name='Tuesday') then ss_sales_price else  null end) tue_sales,
        sum(case when (d_day_name='Wednesday') then ss_sales_price else null end) wed_sales,
        sum(case when (d_day_name='Thursday') then ss_sales_price else null end) thu_sales,
        sum(case when (d_day_name='Friday') then ss_sales_price else null end) fri_sales,
        sum(case when (d_day_name='Saturday') then ss_sales_price else null end) sat_sales
 from date_dim, store_sales, store
 where d_date_sk = ss_sold_date_sk and
       s_store_sk = ss_store_sk and
       s_gmt_offset = -5 and
       d_year = 1999 
 group by s_store_name, s_store_id
 order by s_store_name, s_store_id,sun_sales,mon_sales,tue_sales,wed_sales,thu_sales,fri_sales,sat_sales
 limit 100;
psql:/tmp/s1-basline/throughput/query_5.sql:3994: NOTICE:  duration: 530.243 ms  plan:
Query Text: select  s_store_name, s_store_id,
        sum(case when (d_day_name='Sunday') then ss_sales_price else null end) sun_sales,
        sum(case when (d_day_name='Monday') then ss_sales_price else null end) mon_sales,
        sum(case when (d_day_name='Tuesday') then ss_sales_price else  null end) tue_sales,
        sum(case when (d_day_name='Wednesday') then ss_sales_price else null end) wed_sales,
        sum(case when (d_day_name='Thursday') then ss_sales_price else null end) thu_sales,
        sum(case when (d_day_name='Friday') then ss_sales_price else null end) fri_sales,
        sum(case when (d_day_name='Saturday') then ss_sales_price else null end) sat_sales
 from date_dim, store_sales, store
 where d_date_sk = ss_sold_date_sk and
       s_store_sk = ss_store_sk and
       s_gmt_offset = -5 and
       d_year = 1999 
 group by s_store_name, s_store_id
 order by s_store_name, s_store_id,sun_sales,mon_sales,tue_sales,wed_sales,thu_sales,fri_sales,sat_sales
 limit 100;
Limit  (cost=92578.21..92578.23 rows=9 width=78) (actual time=530.111..530.228 rows=6 loops=1)
  ->  Sort  (cost=92578.21..92578.23 rows=9 width=78) (actual time=530.110..530.226 rows=6 loops=1)
        Sort Key: store.s_store_name, store.s_store_id, (sum(CASE WHEN (date_dim.d_day_name = 'Sunday'::bpchar) THEN store_sales.ss_sales_price ELSE NULL::double precision END)), (sum(CASE WHEN (date_dim.d_day_name = 'Monday'::bpchar) THEN store_sales.ss_sales_price ELSE NULL::double precision END)), (sum(CASE WHEN (date_dim.d_day_name = 'Tuesday'::bpchar) THEN store_sales.ss_sales_price ELSE NULL::double precision END)), (sum(CASE WHEN (date_dim.d_day_name = 'Wednesday'::bpchar) THEN store_sales.ss_sales_price ELSE NULL::double precision END)), (sum(CASE WHEN (date_dim.d_day_name = 'Thursday'::bpchar) THEN store_sales.ss_sales_price ELSE NULL::double precision END)), (sum(CASE WHEN (date_dim.d_day_name = 'Friday'::bpchar) THEN store_sales.ss_sales_price ELSE NULL::double precision END)), (sum(CASE WHEN (date_dim.d_day_name = 'Saturday'::bpchar) THEN store_sales.ss_sales_price ELSE NULL::double precision END))
        Sort Method: quicksort  Memory: 25kB
        ->  Finalize GroupAggregate  (cost=92343.69..92578.07 rows=9 width=78) (actual time=459.730..530.219 rows=6 loops=1)
              Group Key: store.s_store_name, store.s_store_id
              ->  Gather Merge  (cost=92343.69..92577.57 rows=18 width=78) (actual time=442.783..530.204 rows=18 loops=1)
                    Workers Planned: 2
                    Workers Launched: 2
                    ->  Partial GroupAggregate  (cost=91343.67..91575.47 rows=9 width=78) (actual time=370.968..442.383 rows=6 loops=3)
                          Group Key: store.s_store_name, store.s_store_id
                          ->  Sort  (cost=91343.67..91357.30 rows=5452 width=40) (actual time=356.644..376.564 rows=176595 loops=3)
                                Sort Key: store.s_store_name, store.s_store_id
                                Sort Method: external merge  Disk: 11048kB
                                Worker 0:  Sort Method: external merge  Disk: 8104kB
                                Worker 1:  Sort Method: external merge  Disk: 8104kB
                                ->  Hash Join  (cost=2323.95..91005.30 rows=5452 width=40) (actual time=13.865..289.464 rows=176595 loops=3)
                                      Hash Cond: (store_sales.ss_store_sk = store.s_store_sk)
                                      ->  Hash Join  (cost=2322.65..90983.94 rows=5718 width=26) (actual time=13.788..261.750 rows=180942 loops=3)
                                            Hash Cond: (store_sales.ss_sold_date_sk = date_dim.d_date_sk)
                                            ->  Parallel Seq Scan on store_sales  (cost=0.00..85499.45 rows=1204445 width=24) (actual time=0.014..125.074 rows=948150 loops=3)
                                            ->  Hash  (cost=2318.11..2318.11 rows=363 width=18) (actual time=13.753..13.754 rows=365 loops=3)
                                                  Buckets: 1024  Batches: 1  Memory Usage: 28kB
                                                  ->  Seq Scan on date_dim  (cost=0.00..2318.11 rows=363 width=18) (actual time=6.633..13.695 rows=365 loops=3)
                                                        Filter: (d_year = 1999)
                                                        Rows Removed by Filter: 72684
                                      ->  Hash  (cost=1.15..1.15 rows=12 width=30) (actual time=0.038..0.039 rows=12 loops=3)
                                            Buckets: 1024  Batches: 1  Memory Usage: 9kB
                                            ->  Seq Scan on store  (cost=0.00..1.15 rows=12 width=30) (actual time=0.029..0.033 rows=12 loops=3)
                                                  Filter: (s_gmt_offset = '-5'::double precision)
 s_store_name |    s_store_id    |     sun_sales      |     mon_sales      |     tue_sales      |     wed_sales      |     thu_sales      |     fri_sales      |     sat_sales      
--------------+------------------+--------------------+--------------------+--------------------+--------------------+--------------------+--------------------+--------------------
 able         | AAAAAAAACAAAAAAA | 471323.78999999946 | 448657.06000000075 |  517798.8599999998 | 477518.71999999916 | 457045.41999999963 | 468654.71000000037 |  454315.2199999997
 ation        | AAAAAAAAHAAAAAAA |  459578.9300000006 |  477055.0700000003 | 451777.36999999976 |  448008.4199999999 | 476604.01999999996 |  493329.9199999999 | 452695.81999999937
 bar          | AAAAAAAAKAAAAAAA |  463400.3699999999 | 468041.84000000026 |  462417.9099999992 |  497279.3700000001 | 503198.33000000066 | 458971.68000000063 |  462255.6999999994
 eing         | AAAAAAAAIAAAAAAA | 446834.21000000066 | 471486.88000000047 |  461335.9699999992 |  497054.4500000003 | 494241.75000000006 | 479382.43000000017 |  465099.4299999996
 ese          | AAAAAAAAEAAAAAAA |  448428.3199999995 | 473274.68000000005 | 452929.55999999936 | 472837.58999999997 |  490914.4800000009 | 479419.83999999973 | 475171.41000000027
 ought        | AAAAAAAABAAAAAAA |  450342.1099999997 |  472476.9800000005 | 481008.44999999925 | 500758.38000000094 | 473216.50999999966 | 502385.82000000065 |  451867.8400000001
(6 rows)

UPDATE time_statistics SET e_time = TRANSACTION_TIMESTAMP() WHERE template = 'query43.tpl' AND stream = 5;
psql:/tmp/s1-basline/throughput/query_5.sql:3996: NOTICE:  duration: 0.122 ms  plan:
Query Text: UPDATE time_statistics SET e_time = TRANSACTION_TIMESTAMP() WHERE template = 'query43.tpl' AND stream = 5;
Update on time_statistics  (cost=0.00..22.34 rows=0 width=0) (actual time=0.121..0.121 rows=0 loops=1)
  ->  Seq Scan on time_statistics  (cost=0.00..22.34 rows=1 width=14) (actual time=0.090..0.106 rows=1 loops=1)
        Filter: ((template = 'query43.tpl'::text) AND (stream = 5))
        Rows Removed by Filter: 767
UPDATE 1
LOAD 'auto_explain'; SET auto_explain.log_min_duration TO 0; SET auto_explain.log_analyze TO on; SET auto_explain.log_level TO notice; INSERT INTO time_statistics (template, s_time, stream, query, seed) VALUES ('../query_postgresql/query5.tpl', TRANSACTION_TIMESTAMP(), 5, 80, 2039237502);
LOAD
SET
SET
SET
psql:/tmp/s1-basline/throughput/query_5.sql:3997: NOTICE:  duration: 0.009 ms  plan:
Query Text: INSERT INTO time_statistics (template, s_time, stream, query, seed) VALUES ('../query_postgresql/query5.tpl', TRANSACTION_TIMESTAMP(), 5, 80, 2039237502);
Insert on time_statistics  (cost=0.00..0.01 rows=0 width=0) (actual time=0.008..0.008 rows=0 loops=1)
  ->  Result  (cost=0.00..0.01 rows=1 width=64) (actual time=0.001..0.001 rows=1 loops=1)
INSERT 0 1
with ssr as
 (select s_store_id,
        sum(sales_price) as sales,
        sum(profit) as profit,
        sum(return_amt) as returns,
        sum(net_loss) as profit_loss
 from
  ( select  ss_store_sk as store_sk,
            ss_sold_date_sk  as date_sk,
            ss_ext_sales_price as sales_price,
            ss_net_profit as profit,
            cast(0 as decimal(7,2)) as return_amt,
            cast(0 as decimal(7,2)) as net_loss
    from store_sales
    union all
    select sr_store_sk as store_sk,
           sr_returned_date_sk as date_sk,
           cast(0 as decimal(7,2)) as sales_price,
           cast(0 as decimal(7,2)) as profit,
           sr_return_amt as return_amt,
           sr_net_loss as net_loss
    from store_returns
   ) salesreturns,
     date_dim,
     store
 where date_sk = d_date_sk
       and d_date between cast('1999-08-08' as date) 
                  and (cast('1999-08-08' as date) + interval '14 days')
       and store_sk = s_store_sk
 group by s_store_id)
 ,
 csr as
 (select cp_catalog_page_id,
        sum(sales_price) as sales,
        sum(profit) as profit,
        sum(return_amt) as returns,
        sum(net_loss) as profit_loss
 from
  ( select  cs_catalog_page_sk as page_sk,
            cs_sold_date_sk  as date_sk,
            cs_ext_sales_price as sales_price,
            cs_net_profit as profit,
            cast(0 as decimal(7,2)) as return_amt,
            cast(0 as decimal(7,2)) as net_loss
    from catalog_sales
    union all
    select cr_catalog_page_sk as page_sk,
           cr_returned_date_sk as date_sk,
           cast(0 as decimal(7,2)) as sales_price,
           cast(0 as decimal(7,2)) as profit,
           cr_return_amount as return_amt,
           cr_net_loss as net_loss
    from catalog_returns
   ) salesreturns,
     date_dim,
     catalog_page
 where date_sk = d_date_sk
       and d_date between cast('1999-08-08' as date)
                  and (cast('1999-08-08' as date) + interval '14 days')
       and page_sk = cp_catalog_page_sk
 group by cp_catalog_page_id)
 ,
 wsr as
 (select web_site_id,
        sum(sales_price) as sales,
        sum(profit) as profit,
        sum(return_amt) as returns,
        sum(net_loss) as profit_loss
 from
  ( select  ws_web_site_sk as wsr_web_site_sk,
            ws_sold_date_sk  as date_sk,
            ws_ext_sales_price as sales_price,
            ws_net_profit as profit,
            cast(0 as decimal(7,2)) as return_amt,
            cast(0 as decimal(7,2)) as net_loss
    from web_sales
    union all
    select ws_web_site_sk as wsr_web_site_sk,
           wr_returned_date_sk as date_sk,
           cast(0 as decimal(7,2)) as sales_price,
           cast(0 as decimal(7,2)) as profit,
           wr_return_amt as return_amt,
           wr_net_loss as net_loss
    from web_returns left outer join web_sales on
         ( wr_item_sk = ws_item_sk
           and wr_order_number = ws_order_number)
   ) salesreturns,
     date_dim,
     web_site
 where date_sk = d_date_sk
       and d_date between cast('1999-08-08' as date)
                  and (cast('1999-08-08' as date) + interval '14 days')
       and wsr_web_site_sk = web_site_sk
 group by web_site_id)
  select  channel
        , id
        , sum(sales) as sales
        , sum(returns) as returns
        , sum(profit) as profit
 from 
 (select 'store channel' as channel
        , 'store' || s_store_id as id
        , sales
        , returns
        , (profit - profit_loss) as profit
 from   ssr
 union all
 select 'catalog channel' as channel
        , 'catalog_page' || cp_catalog_page_id as id
        , sales
        , returns
        , (profit - profit_loss) as profit
 from  csr
 union all
 select 'web channel' as channel
        , 'web_site' || web_site_id as id
        , sales
        , returns
        , (profit - profit_loss) as profit
 from   wsr
 ) x
 group by rollup (channel, id)
 order by channel
         ,id
 limit 100;
psql:/tmp/s1-basline/throughput/query_5.sql:4122: NOTICE:  duration: 2489.999 ms  plan:
Query Text: with ssr as
 (select s_store_id,
        sum(sales_price) as sales,
        sum(profit) as profit,
        sum(return_amt) as returns,
        sum(net_loss) as profit_loss
 from
  ( select  ss_store_sk as store_sk,
            ss_sold_date_sk  as date_sk,
            ss_ext_sales_price as sales_price,
            ss_net_profit as profit,
            cast(0 as decimal(7,2)) as return_amt,
            cast(0 as decimal(7,2)) as net_loss
    from store_sales
    union all
    select sr_store_sk as store_sk,
           sr_returned_date_sk as date_sk,
           cast(0 as decimal(7,2)) as sales_price,
           cast(0 as decimal(7,2)) as profit,
           sr_return_amt as return_amt,
           sr_net_loss as net_loss
    from store_returns
   ) salesreturns,
     date_dim,
     store
 where date_sk = d_date_sk
       and d_date between cast('1999-08-08' as date) 
                  and (cast('1999-08-08' as date) + interval '14 days')
       and store_sk = s_store_sk
 group by s_store_id)
 ,
 csr as
 (select cp_catalog_page_id,
        sum(sales_price) as sales,
        sum(profit) as profit,
        sum(return_amt) as returns,
        sum(net_loss) as profit_loss
 from
  ( select  cs_catalog_page_sk as page_sk,
            cs_sold_date_sk  as date_sk,
            cs_ext_sales_price as sales_price,
            cs_net_profit as profit,
            cast(0 as decimal(7,2)) as return_amt,
            cast(0 as decimal(7,2)) as net_loss
    from catalog_sales
    union all
    select cr_catalog_page_sk as page_sk,
           cr_returned_date_sk as date_sk,
           cast(0 as decimal(7,2)) as sales_price,
           cast(0 as decimal(7,2)) as profit,
           cr_return_amount as return_amt,
           cr_net_loss as net_loss
    from catalog_returns
   ) salesreturns,
     date_dim,
     catalog_page
 where date_sk = d_date_sk
       and d_date between cast('1999-08-08' as date)
                  and (cast('1999-08-08' as date) + interval '14 days')
       and page_sk = cp_catalog_page_sk
 group by cp_catalog_page_id)
 ,
 wsr as
 (select web_site_id,
        sum(sales_price) as sales,
        sum(profit) as profit,
        sum(return_amt) as returns,
        sum(net_loss) as profit_loss
 from
  ( select  ws_web_site_sk as wsr_web_site_sk,
            ws_sold_date_sk  as date_sk,
            ws_ext_sales_price as sales_price,
            ws_net_profit as profit,
            cast(0 as decimal(7,2)) as return_amt,
            cast(0 as decimal(7,2)) as net_loss
    from web_sales
    union all
    select ws_web_site_sk as wsr_web_site_sk,
           wr_returned_date_sk as date_sk,
           cast(0 as decimal(7,2)) as sales_price,
           cast(0 as decimal(7,2)) as profit,
           wr_return_amt as return_amt,
           wr_net_loss as net_loss
    from web_returns left outer join web_sales on
         ( wr_item_sk = ws_item_sk
           and wr_order_number = ws_order_number)
   ) salesreturns,
     date_dim,
     web_site
 where date_sk = d_date_sk
       and d_date between cast('1999-08-08' as date)
                  and (cast('1999-08-08' as date) + interval '14 days')
       and wsr_web_site_sk = web_site_sk
 group by web_site_id)
  select  channel
        , id
        , sum(sales) as sales
        , sum(returns) as returns
        , sum(profit) as profit
 from 
 (select 'store channel' as channel
        , 'store' || s_store_id as id
        , sales
        , returns
        , (profit - profit_loss) as profit
 from   ssr
 union all
 select 'catalog channel' as channel
        , 'catalog_page' || cp_catalog_page_id as id
        , sales
        , returns
        , (profit - profit_loss) as profit
 from  csr
 union all
 select 'web channel' as channel
        , 'web_site' || web_site_id as id
        , sales
        , returns
        , (profit - profit_loss) as profit
 from   wsr
 ) x
 group by rollup (channel, id)
 order by channel
         ,id
 limit 100;
Limit  (cost=224893.68..224905.84 rows=100 width=88) (actual time=2389.811..2489.928 rows=100 loops=1)
  ->  GroupAggregate  (cost=224893.68..224942.44 rows=401 width=88) (actual time=2389.810..2489.920 rows=100 loops=1)
        Group Key: ('store channel'::text), (('store'::text || (ssr.s_store_id)::text))
        Group Key: ('store channel'::text)
        Group Key: ()
        ->  Gather Merge  (cost=224893.68..224934.09 rows=347 width=88) (actual time=2389.804..2489.867 rows=101 loops=1)
              Workers Planned: 2
              Workers Launched: 2
              ->  Sort  (cost=223893.66..223894.02 rows=144 width=88) (actual time=1484.439..1484.457 rows=217 loops=3)
                    Sort Key: ('store channel'::text), (('store'::text || (ssr.s_store_id)::text))
                    Sort Method: quicksort  Memory: 26kB
                    Worker 0:  Sort Method: quicksort  Memory: 95kB
                    Worker 1:  Sort Method: quicksort  Memory: 25kB
                    ->  Parallel Append  (cost=3.11..223888.50 rows=144 width=88) (actual time=1469.603..1484.281 rows=221 loops=3)
                          ->  Subquery Scan on ssr  (cost=3.11..215645.60 rows=6 width=88) (actual time=2342.604..2381.307 rows=6 loops=1)
                                ->  GroupAggregate  (cost=3.11..215645.50 rows=6 width=49) (actual time=2342.600..2381.300 rows=6 loops=1)
                                      Group Key: store.s_store_id
                                      ->  Nested Loop  (cost=3.11..215644.95 rows=39 width=49) (actual time=13.731..2377.565 rows=30370 loops=1)
                                            Join Filter: ("*SELECT* 1".store_sk = store.s_store_sk)
                                            Rows Removed by Join Filter: 343142
                                            ->  Index Scan using i_s_store_id on store  (cost=0.14..3.62 rows=12 width=25) (actual time=0.056..0.064 rows=12 loops=1)
                                            ->  Materialize  (cost=2.98..215525.43 rows=653 width=40) (actual time=0.233..195.913 rows=31126 loops=12)
                                                  ->  Hash Join  (cost=2.98..215522.16 rows=653 width=40) (actual time=2.787..2328.825 rows=31126 loops=1)
                                                        Hash Cond: ("*SELECT* 1".date_sk = date_dim.d_date_sk)
                                                        ->  Append  (cost=0.00..175381.80 rows=3179160 width=48) (actual time=0.037..2131.165 rows=3129470 loops=1)
                                                              ->  Subquery Scan on "*SELECT* 1"  (cost=0.00..145721.67 rows=2890667 width=48) (actual time=0.037..1796.883 rows=2844450 loops=1)
                                                                    ->  Seq Scan on store_sales  (cost=0.00..102361.67 rows=2890667 width=60) (actual time=0.029..982.572 rows=2844450 loops=1)
                                                              ->  Subquery Scan on "*SELECT* 2"  (cost=0.00..13764.33 rows=288493 width=48) (actual time=0.039..146.783 rows=285020 loops=1)
                                                                    ->  Seq Scan on store_returns  (cost=0.00..9436.93 rows=288493 width=60) (actual time=0.038..64.532 rows=285020 loops=1)
                                                        ->  Hash  (cost=2.79..2.79 rows=15 width=8) (actual time=0.097..0.098 rows=15 loops=1)
                                                              Buckets: 1024  Batches: 1  Memory Usage: 9kB
                                                              ->  Index Scan using i_d_date on date_dim  (cost=0.29..2.79 rows=15 width=8) (actual time=0.085..0.089 rows=15 loops=1)
                                                                    Index Cond: ((d_date >= '1999-08-08'::date) AND (d_date <= '1999-08-22 00:00:00'::timestamp without time zone))
                          ->  Subquery Scan on csr  (cost=125690.33..125704.19 rows=326 width=88) (actual time=1261.372..1265.088 rows=643 loops=1)
                                ->  GroupAggregate  (cost=125690.33..125698.48 rows=326 width=49) (actual time=1261.368..1264.901 rows=643 loops=1)
                                      Group Key: catalog_page.cp_catalog_page_id
                                      ->  Sort  (cost=125690.33..125691.15 rows=326 width=49) (actual time=1261.358..1262.082 rows=16069 loops=1)
                                            Sort Key: catalog_page.cp_catalog_page_id
                                            Worker 0:  Sort Method: quicksort  Memory: 1891kB
                                            ->  Nested Loop  (cost=3.26..125676.72 rows=326 width=49) (actual time=314.800..1234.207 rows=16069 loops=1)
                                                  ->  Hash Join  (cost=2.98..125578.05 rows=326 width=40) (actual time=306.667..1213.508 rows=16120 loops=1)
                                                        Hash Cond: ("*SELECT* 1_1".date_sk = date_dim_1.d_date_sk)
                                                        ->  Append  (cost=0.00..105503.42 rows=1589814 width=48) (actual time=0.042..1113.481 rows=1564722 loops=1)
                                                              ->  Subquery Scan on "*SELECT* 1_1"  (cost=0.00..89590.98 rows=1444839 width=48) (actual time=0.042..937.961 rows=1421368 loops=1)
                                                                    ->  Seq Scan on catalog_sales  (cost=0.00..67918.39 rows=1444839 width=60) (actual time=0.035..521.798 rows=1421368 loops=1)
                                                              ->  Subquery Scan on "*SELECT* 2_1"  (cost=0.00..7963.38 rows=144975 width=48) (actual time=0.040..81.503 rows=143354 loops=1)
                                                                    ->  Seq Scan on catalog_returns  (cost=0.00..5788.75 rows=144975 width=60) (actual time=0.039..39.875 rows=143354 loops=1)
                                                        ->  Hash  (cost=2.79..2.79 rows=15 width=8) (actual time=0.099..0.099 rows=15 loops=1)
                                                              Buckets: 1024  Batches: 1  Memory Usage: 9kB
                                                              ->  Index Scan using i_d_date on date_dim date_dim_1  (cost=0.29..2.79 rows=15 width=8) (actual time=0.091..0.094 rows=15 loops=1)
                                                                    Index Cond: ((d_date >= '1999-08-08'::date) AND (d_date <= '1999-08-22 00:00:00'::timestamp without time zone))
                                                  ->  Index Scan using pk_catalog_page on catalog_page  (cost=0.29..0.30 rows=1 width=25) (actual time=0.001..0.001 rows=1 loops=16120)
                                                        Index Cond: (cp_catalog_page_sk = "*SELECT* 1_1".page_sk)
                          ->  Subquery Scan on wsr  (cost=98182.82..98183.59 rows=15 width=88) (actual time=804.832..806.385 rows=15 loops=1)
                                ->  GroupAggregate  (cost=98182.82..98183.33 rows=15 width=49) (actual time=804.827..806.376 rows=15 loops=1)
                                      Group Key: web_site.web_site_id
                                      ->  Sort  (cost=98182.82..98182.88 rows=24 width=49) (actual time=804.717..805.059 rows=8035 loops=1)
                                            Sort Key: web_site.web_site_id
                                            Sort Method: quicksort  Memory: 946kB
                                            ->  Nested Loop  (cost=2.98..98182.26 rows=24 width=49) (actual time=0.301..799.868 rows=8035 loops=1)
                                                  Join Filter: ("*SELECT* 1_2".wsr_web_site_sk = web_site.web_site_sk)
                                                  Rows Removed by Join Filter: 106104
                                                  ->  Hash Join  (cost=2.98..98106.96 rows=163 width=40) (actual time=0.284..787.846 rows=8038 loops=1)
                                                        Hash Cond: ("*SELECT* 1_2".date_sk = date_dim_2.d_date_sk)
                                                        ->  Append  (cost=0.00..88070.66 rows=794709 width=48) (actual time=0.008..734.214 rows=782961 loops=1)
                                                              ->  Subquery Scan on "*SELECT* 1_2"  (cost=0.00..44824.80 rows=722552 width=48) (actual time=0.008..410.381 rows=711555 loops=1)
                                                                    ->  Seq Scan on web_sales  (cost=0.00..33986.52 rows=722552 width=60) (actual time=0.005..203.627 rows=711555 loops=1)
                                                              ->  Subquery Scan on "*SELECT* 2_2"  (cost=0.43..39272.31 rows=72157 width=48) (actual time=0.033..277.113 rows=71406 loops=1)
                                                                    ->  Nested Loop Left Join  (cost=0.43..38189.96 rows=72157 width=60) (actual time=0.032..251.704 rows=71406 loops=1)
                                                                          ->  Seq Scan on web_returns  (cost=0.00..2622.57 rows=72157 width=40) (actual time=0.007..6.476 rows=71406 loops=1)
                                                                          ->  Memoize  (cost=0.43..0.91 rows=1 width=24) (actual time=0.003..0.003 rows=1 loops=71406)
                                                                                Cache Key: web_returns.wr_item_sk, web_returns.wr_order_number
                                                                                Cache Mode: logical
                                                                                Hits: 0  Misses: 71406  Evictions: 0  Overflows: 0  Memory Usage: 9423kB
                                                                                ->  Index Scan using pk_web_sales on web_sales web_sales_1  (cost=0.42..0.90 rows=1 width=24) (actual time=0.002..0.002 rows=1 loops=71406)
                                                                                      Index Cond: ((ws_item_sk = web_returns.wr_item_sk) AND (ws_order_number = web_returns.wr_order_number))
                                                        ->  Hash  (cost=2.79..2.79 rows=15 width=8) (actual time=0.018..0.018 rows=15 loops=1)
                                                              Buckets: 1024  Batches: 1  Memory Usage: 9kB
                                                              ->  Index Scan using i_d_date on date_dim date_dim_2  (cost=0.29..2.79 rows=15 width=8) (actual time=0.011..0.014 rows=15 loops=1)
                                                                    Index Cond: ((d_date >= '1999-08-08'::date) AND (d_date <= '1999-08-22 00:00:00'::timestamp without time zone))
                                                  ->  Materialize  (cost=0.00..2.45 rows=30 width=25) (actual time=0.000..0.001 rows=14 loops=8038)
                                                        ->  Seq Scan on web_site  (cost=0.00..2.30 rows=30 width=25) (actual time=0.004..0.010 rows=30 loops=1)
     channel     |              id              |       sales        |      returns       |       profit        
-----------------+------------------------------+--------------------+--------------------+---------------------
 catalog channel | catalog_pageAAAAAAAAAAFAAAAA |                  0 |             702.16 |             -1326.6
 catalog channel | catalog_pageAAAAAAAAAAIAAAAA |                  0 |           10823.35 |            -6221.37
 catalog channel | catalog_pageAAAAAAAAAAJAAAAA |                  0 |             127.76 |              -86.79
 catalog channel | catalog_pageAAAAAAAAABFAAAAA |                  0 |              507.3 |             -402.06
 catalog channel | catalog_pageAAAAAAAAABIAAAAA |  248457.5300000001 |            3229.13 |  -4729.390000000004
 catalog channel | catalog_pageAAAAAAAAABJAAAAA |                  0 |             324.88 |             -192.24
 catalog channel | catalog_pageAAAAAAAAACIAAAAA | 213357.19000000003 |                  0 | -10111.030000000006
 catalog channel | catalog_pageAAAAAAAAACKAAAAA |                  0 |             684.48 |              -416.1
 catalog channel | catalog_pageAAAAAAAAADIAAAAA |          100693.79 |                  0 |  -45654.73999999998
 catalog channel | catalog_pageAAAAAAAAAEIAAAAA |             269096 |             177.45 | -10199.030000000002
 catalog channel | catalog_pageAAAAAAAAAEJAAAAA |                  0 |             4395.3 |            -1511.63
 catalog channel | catalog_pageAAAAAAAAAFEAAAAA |                  0 |            3203.28 |             -673.48
 catalog channel | catalog_pageAAAAAAAAAFIAAAAA |          153166.52 |                  0 |           -24115.85
 catalog channel | catalog_pageAAAAAAAAAGIAAAAA | 152587.78999999998 |              26.66 |  -32923.56000000001
 catalog channel | catalog_pageAAAAAAAAAGKAAAAA |                  0 |            4365.36 |             -696.66
 catalog channel | catalog_pageAAAAAAAAAHIAAAAA | 168275.91000000003 |                  0 | -18277.420000000002
 catalog channel | catalog_pageAAAAAAAAAHJAAAAA |                  0 |            5534.51 |            -2855.75
 catalog channel | catalog_pageAAAAAAAAAIBAAAAA |                  0 |            5981.42 |            -3657.76
 catalog channel | catalog_pageAAAAAAAAAIIAAAAA |           42751.25 |                  0 |  -5365.999999999999
 catalog channel | catalog_pageAAAAAAAAAIJAAAAA |                  0 |              83.41 |              -47.35
 catalog channel | catalog_pageAAAAAAAAAJIAAAAA |  87296.60000000002 |               20.9 |  -2375.249999999999
 catalog channel | catalog_pageAAAAAAAAAJKAAAAA |           54699.94 |                  0 | -20249.530000000002
 catalog channel | catalog_pageAAAAAAAAAKAAAAAA |                  0 |             588.07 |            -2103.11
 catalog channel | catalog_pageAAAAAAAAAKEAAAAA |                  0 |             3738.1 |             -686.61
 catalog channel | catalog_pageAAAAAAAAAKHAAAAA |                  0 |            6920.85 |            -5351.26
 catalog channel | catalog_pageAAAAAAAAAKIAAAAA |          118968.13 |            2872.32 | -24031.380000000005
 catalog channel | catalog_pageAAAAAAAAAKJAAAAA |                  0 |             4065.2 |             -917.04
 catalog channel | catalog_pageAAAAAAAAAKKAAAAA | 116919.78000000001 |                  0 |            -8796.76
 catalog channel | catalog_pageAAAAAAAAALAAAAAA |                  0 |               2277 | -1228.3600000000001
 catalog channel | catalog_pageAAAAAAAAALEAAAAA |                  0 |              470.9 |              -536.6
 catalog channel | catalog_pageAAAAAAAAALHAAAAA |                  0 |            1740.57 |            -1253.05
 catalog channel | catalog_pageAAAAAAAAALIAAAAA |           58019.72 |             173.44 | -26432.069999999992
 catalog channel | catalog_pageAAAAAAAAALKAAAAA |          106973.58 |                  0 |  -5346.129999999998
 catalog channel | catalog_pageAAAAAAAAAMAAAAAA |                  0 | 1164.6399999999999 |            -2227.75
 catalog channel | catalog_pageAAAAAAAAAMHAAAAA |                  0 | 21338.829999999998 |             -9658.4
 catalog channel | catalog_pageAAAAAAAAAMIAAAAA |  57141.89999999999 |            1494.85 |  -5661.139999999999
 catalog channel | catalog_pageAAAAAAAAAMKAAAAA |           87567.63 |                  0 | -15458.890000000001
 catalog channel | catalog_pageAAAAAAAAANHAAAAA |                  0 |           10637.56 |            -1083.99
 catalog channel | catalog_pageAAAAAAAAANIAAAAA |          128377.81 |            2329.86 | -14252.689999999997
 catalog channel | catalog_pageAAAAAAAAANJAAAAA |                  0 |             476.02 |             -306.56
 catalog channel | catalog_pageAAAAAAAAANKAAAAA |           66418.01 |                  0 | -24994.530000000006
 catalog channel | catalog_pageAAAAAAAAAOHAAAAA |                  0 |            4552.57 |            -2076.65
 catalog channel | catalog_pageAAAAAAAAAOIAAAAA |                  0 |              180.6 |             -146.52
 catalog channel | catalog_pageAAAAAAAAAOKAAAAA |  67630.96000000002 |                  0 | -19346.629999999994
 catalog channel | catalog_pageAAAAAAAAAPEAAAAA |                  0 |             576.15 |             -400.49
 catalog channel | catalog_pageAAAAAAAAAPHAAAAA |                  0 |               1054 |             -578.85
 catalog channel | catalog_pageAAAAAAAAAPIAAAAA |                  0 |              23.38 |              -28.12
 catalog channel | catalog_pageAAAAAAAAAPJAAAAA |                  0 |             322.26 |             -128.52
 catalog channel | catalog_pageAAAAAAAAAPKAAAAA |          103185.93 |                  0 |            12318.33
 catalog channel | catalog_pageAAAAAAAABAIAAAAA |                  0 |           10063.25 |            -2313.38
 catalog channel | catalog_pageAAAAAAAABBIAAAAA | 164298.83000000002 |            1210.55 |  -6893.159999999999
 catalog channel | catalog_pageAAAAAAAABCIAAAAA | 155521.42999999996 |                  0 |   5282.199999999999
 catalog channel | catalog_pageAAAAAAAABDIAAAAA | 219428.04000000012 |                  0 |  20571.690000000002
 catalog channel | catalog_pageAAAAAAAABEIAAAAA | 224909.56000000003 |            1914.88 |  31462.129999999994
 catalog channel | catalog_pageAAAAAAAABEJAAAAA |                  0 |             221.62 |             -308.94
 catalog channel | catalog_pageAAAAAAAABFIAAAAA |          211214.06 |              977.5 | -20108.539999999997
 catalog channel | catalog_pageAAAAAAAABGIAAAAA | 148732.59999999995 |             196.56 |           -35651.29
 catalog channel | catalog_pageAAAAAAAABHAAAAAA |                  0 |             304.08 |              -83.92
 catalog channel | catalog_pageAAAAAAAABHBAAAAA |                  0 |             482.72 |             -301.01
 catalog channel | catalog_pageAAAAAAAABHIAAAAA | 123748.01999999999 |            1101.03 |  2486.3200000000033
 catalog channel | catalog_pageAAAAAAAABIAAAAAA |                  0 |              295.8 |             -170.62
 catalog channel | catalog_pageAAAAAAAABIIAAAAA | 59963.619999999995 |                  0 |           -19367.85
 catalog channel | catalog_pageAAAAAAAABIJAAAAA |                  0 |            1118.65 |             -715.32
 catalog channel | catalog_pageAAAAAAAABIKAAAAA |                  0 |             7803.9 |            -5636.64
 catalog channel | catalog_pageAAAAAAAABJAAAAAA |                  0 |              705.6 |             -148.06
 catalog channel | catalog_pageAAAAAAAABJBAAAAA |                  0 |            2128.78 | -1834.8899999999999
 catalog channel | catalog_pageAAAAAAAABJIAAAAA |           65708.29 |                  0 | -7127.4800000000005
 catalog channel | catalog_pageAAAAAAAABJKAAAAA |           86481.95 |                  0 |            -8297.93
 catalog channel | catalog_pageAAAAAAAABKAAAAAA |                  0 |            1318.56 | -306.65000000000003
 catalog channel | catalog_pageAAAAAAAABKBAAAAA |                  0 |                786 |             -472.45
 catalog channel | catalog_pageAAAAAAAABKHAAAAA |                  0 |            1602.26 |            -1499.46
 catalog channel | catalog_pageAAAAAAAABKIAAAAA |  77757.50000000001 |             309.12 | -23714.860000000004
 catalog channel | catalog_pageAAAAAAAABKJAAAAA |                  0 |              26.34 |               -73.3
 catalog channel | catalog_pageAAAAAAAABKKAAAAA |          101176.82 |                  0 |  -5536.339999999998
 catalog channel | catalog_pageAAAAAAAABLEAAAAA |                  0 |            1118.88 |             -256.92
 catalog channel | catalog_pageAAAAAAAABLHAAAAA |                  0 |            6274.48 |            -3487.73
 catalog channel | catalog_pageAAAAAAAABLIAAAAA | 102835.02000000003 |                  0 |             16925.1
 catalog channel | catalog_pageAAAAAAAABLJAAAAA |                  0 |             103.84 |             -156.29
 catalog channel | catalog_pageAAAAAAAABLKAAAAA |           50222.37 |                  0 |  -6978.010000000001
 catalog channel | catalog_pageAAAAAAAABMAAAAAA |                  0 |               8.51 |              -65.62
 catalog channel | catalog_pageAAAAAAAABMHAAAAA |                  0 |            2910.63 |            -1727.66
 catalog channel | catalog_pageAAAAAAAABMIAAAAA |  83347.89999999998 |                  0 |  -4748.560000000001
 catalog channel | catalog_pageAAAAAAAABMKAAAAA |  75000.81000000001 |                  0 | -14019.409999999996
 catalog channel | catalog_pageAAAAAAAABNAAAAAA |                  0 |               2929 |             -539.47
 catalog channel | catalog_pageAAAAAAAABNEAAAAA |                  0 |            1424.94 |            -2577.27
 catalog channel | catalog_pageAAAAAAAABNHAAAAA |                  0 |            8949.39 |  -4436.759999999999
 catalog channel | catalog_pageAAAAAAAABNIAAAAA | 116451.93999999999 |               5.81 |            -5328.72
 catalog channel | catalog_pageAAAAAAAABNKAAAAA |  90774.41000000003 |                  0 |  11912.079999999998
 catalog channel | catalog_pageAAAAAAAABOHAAAAA |                  0 |             387.96 |             -937.42
 catalog channel | catalog_pageAAAAAAAABOKAAAAA |          100557.67 |                  0 |           -18170.77
 catalog channel | catalog_pageAAAAAAAABPHAAAAA |                  0 | 3668.8100000000004 | -1744.9399999999998
 catalog channel | catalog_pageAAAAAAAABPKAAAAA |  89033.36000000003 |                  0 | -245.99999999999807
 catalog channel | catalog_pageAAAAAAAACAIAAAAA |                  0 |           16094.16 |  -9677.320000000002
 catalog channel | catalog_pageAAAAAAAACBIAAAAA | 212722.18999999994 |            2554.65 |  -5418.910000000002
 catalog channel | catalog_pageAAAAAAAACCIAAAAA | 174768.37000000002 |            2536.38 |  -20986.98999999999
 catalog channel | catalog_pageAAAAAAAACDIAAAAA | 241650.45000000007 |                  0 |   8958.550000000005
 catalog channel | catalog_pageAAAAAAAACEEAAAAA |                  0 |               7.56 |              -18.37
 catalog channel | catalog_pageAAAAAAAACEIAAAAA |          223616.52 |                  0 | -30182.830000000013
 catalog channel | catalog_pageAAAAAAAACFIAAAAA | 218842.83000000005 |           10104.04 | -20671.300000000003
 catalog channel | catalog_pageAAAAAAAACGEAAAAA |                  0 |           10057.34 |             -761.05
(100 rows)

UPDATE time_statistics SET e_time = TRANSACTION_TIMESTAMP() WHERE template = '../query_postgresql/query5.tpl' AND stream = 5;
psql:/tmp/s1-basline/throughput/query_5.sql:4124: NOTICE:  duration: 0.095 ms  plan:
Query Text: UPDATE time_statistics SET e_time = TRANSACTION_TIMESTAMP() WHERE template = '../query_postgresql/query5.tpl' AND stream = 5;
Update on time_statistics  (cost=0.00..22.34 rows=0 width=0) (actual time=0.094..0.095 rows=0 loops=1)
  ->  Seq Scan on time_statistics  (cost=0.00..22.34 rows=1 width=14) (actual time=0.070..0.082 rows=1 loops=1)
        Filter: ((template = '../query_postgresql/query5.tpl'::text) AND (stream = 5))
        Rows Removed by Filter: 768
UPDATE 1
LOAD 'auto_explain'; SET auto_explain.log_min_duration TO 0; SET auto_explain.log_analyze TO on; SET auto_explain.log_level TO notice; INSERT INTO time_statistics (template, s_time, stream, query, seed) VALUES ('query47.tpl', TRANSACTION_TIMESTAMP(), 5, 81, 677628113);
LOAD
SET
SET
SET
psql:/tmp/s1-basline/throughput/query_5.sql:4125: NOTICE:  duration: 0.008 ms  plan:
Query Text: INSERT INTO time_statistics (template, s_time, stream, query, seed) VALUES ('query47.tpl', TRANSACTION_TIMESTAMP(), 5, 81, 677628113);
Insert on time_statistics  (cost=0.00..0.01 rows=0 width=0) (actual time=0.007..0.008 rows=0 loops=1)
  ->  Result  (cost=0.00..0.01 rows=1 width=64) (actual time=0.001..0.001 rows=1 loops=1)
INSERT 0 1
with v1 as(
 select i_category, i_brand,
        s_store_name, s_company_name,
        d_year, d_moy,
        sum(ss_sales_price) sum_sales,
        avg(sum(ss_sales_price)) over
          (partition by i_category, i_brand,
                     s_store_name, s_company_name, d_year)
          avg_monthly_sales,
        rank() over
          (partition by i_category, i_brand,
                     s_store_name, s_company_name
           order by d_year, d_moy) rn
 from item, store_sales, date_dim, store
 where ss_item_sk = i_item_sk and
       ss_sold_date_sk = d_date_sk and
       ss_store_sk = s_store_sk and
       (
         d_year = 2001 or
         ( d_year = 2001-1 and d_moy =12) or
         ( d_year = 2001+1 and d_moy =1)
       )
 group by i_category, i_brand,
          s_store_name, s_company_name,
          d_year, d_moy),
 v2 as(
 select v1.s_company_name
        ,v1.d_year
        ,v1.avg_monthly_sales
        ,v1.sum_sales, v1_lag.sum_sales psum, v1_lead.sum_sales nsum
 from v1, v1 v1_lag, v1 v1_lead
 where v1.i_category = v1_lag.i_category and
       v1.i_category = v1_lead.i_category and
       v1.i_brand = v1_lag.i_brand and
       v1.i_brand = v1_lead.i_brand and
       v1.s_store_name = v1_lag.s_store_name and
       v1.s_store_name = v1_lead.s_store_name and
       v1.s_company_name = v1_lag.s_company_name and
       v1.s_company_name = v1_lead.s_company_name and
       v1.rn = v1_lag.rn + 1 and
       v1.rn = v1_lead.rn - 1)
  select  *
 from v2
 where  d_year = 2001 and    
        avg_monthly_sales > 0 and
        case when avg_monthly_sales > 0 then abs(sum_sales - avg_monthly_sales) / avg_monthly_sales else null end > 0.1
 order by sum_sales - avg_monthly_sales, sum_sales
 limit 100;
psql:/tmp/s1-basline/throughput/query_5.sql:4173: NOTICE:  duration: 1765.445 ms  plan:
Query Text: with v1 as(
 select i_category, i_brand,
        s_store_name, s_company_name,
        d_year, d_moy,
        sum(ss_sales_price) sum_sales,
        avg(sum(ss_sales_price)) over
          (partition by i_category, i_brand,
                     s_store_name, s_company_name, d_year)
          avg_monthly_sales,
        rank() over
          (partition by i_category, i_brand,
                     s_store_name, s_company_name
           order by d_year, d_moy) rn
 from item, store_sales, date_dim, store
 where ss_item_sk = i_item_sk and
       ss_sold_date_sk = d_date_sk and
       ss_store_sk = s_store_sk and
       (
         d_year = 2001 or
         ( d_year = 2001-1 and d_moy =12) or
         ( d_year = 2001+1 and d_moy =1)
       )
 group by i_category, i_brand,
          s_store_name, s_company_name,
          d_year, d_moy),
 v2 as(
 select v1.s_company_name
        ,v1.d_year
        ,v1.avg_monthly_sales
        ,v1.sum_sales, v1_lag.sum_sales psum, v1_lead.sum_sales nsum
 from v1, v1 v1_lag, v1 v1_lead
 where v1.i_category = v1_lag.i_category and
       v1.i_category = v1_lead.i_category and
       v1.i_brand = v1_lag.i_brand and
       v1.i_brand = v1_lead.i_brand and
       v1.s_store_name = v1_lag.s_store_name and
       v1.s_store_name = v1_lead.s_store_name and
       v1.s_company_name = v1_lag.s_company_name and
       v1.s_company_name = v1_lead.s_company_name and
       v1.rn = v1_lag.rn + 1 and
       v1.rn = v1_lead.rn - 1)
  select  *
 from v2
 where  d_year = 2001 and    
        avg_monthly_sales > 0 and
        case when avg_monthly_sales > 0 then abs(sum_sales - avg_monthly_sales) / avg_monthly_sales else null end > 0.1
 order by sum_sales - avg_monthly_sales, sum_sales
 limit 100;
Limit  (cost=99455.14..99455.14 rows=1 width=162) (actual time=1765.189..1765.352 rows=100 loops=1)
  CTE v1
    ->  WindowAgg  (cost=94819.99..97659.15 rows=15283 width=147) (actual time=1151.164..1613.456 rows=50225 loops=1)
          ->  WindowAgg  (cost=94819.99..97277.08 rows=15283 width=139) (actual time=1151.151..1569.902 rows=50225 loops=1)
                ->  Finalize GroupAggregate  (cost=94819.99..96856.79 rows=15283 width=131) (actual time=1151.139..1517.859 rows=50225 loops=1)
                      Group Key: item.i_category, item.i_brand, store.s_store_name, store.s_company_name, date_dim.d_year, date_dim.d_moy
                      ->  Gather Merge  (cost=94819.99..96481.08 rows=12736 width=131) (actual time=1151.129..1472.920 rows=118414 loops=1)
                            Workers Planned: 2
                            Workers Launched: 2
                            ->  Partial GroupAggregate  (cost=93819.97..94011.01 rows=6368 width=131) (actual time=1071.752..1304.847 rows=39471 loops=3)
                                  Group Key: item.i_category, item.i_brand, store.s_store_name, store.s_company_name, date_dim.d_year, date_dim.d_moy
                                  ->  Sort  (cost=93819.97..93835.89 rows=6368 width=131) (actual time=1071.737..1218.713 rows=214038 loops=3)
                                        Sort Key: item.i_category, item.i_brand, store.s_store_name, store.s_company_name, date_dim.d_year, date_dim.d_moy
                                        Sort Method: external merge  Disk: 35152kB
                                        Worker 0:  Sort Method: external merge  Disk: 28088kB
                                        Worker 1:  Sort Method: external merge  Disk: 28256kB
                                        ->  Hash Join  (cost=4716.17..93417.62 rows=6368 width=131) (actual time=31.197..367.730 rows=214038 loops=3)
                                              Hash Cond: (store_sales.ss_item_sk = item.i_item_sk)
                                              ->  Hash Join  (cost=3055.17..91739.90 rows=6368 width=37) (actual time=13.839..303.444 rows=214038 loops=3)
                                                    Hash Cond: (store_sales.ss_store_sk = store.s_store_sk)
                                                    ->  Hash Join  (cost=3053.90..91715.19 rows=6679 width=32) (actual time=13.788..266.433 rows=219161 loops=3)
                                                          Hash Cond: (store_sales.ss_sold_date_sk = date_dim.d_date_sk)
                                                          ->  Parallel Seq Scan on store_sales  (cost=0.00..85499.45 rows=1204445 width=32) (actual time=0.011..121.191 rows=948150 loops=3)
                                                          ->  Hash  (cost=3048.60..3048.60 rows=424 width=16) (actual time=13.754..13.756 rows=427 loops=3)
                                                                Buckets: 1024  Batches: 1  Memory Usage: 29kB
                                                                ->  Seq Scan on date_dim  (cost=0.00..3048.60 rows=424 width=16) (actual time=6.589..13.689 rows=427 loops=3)
                                                                      Filter: ((d_year = 2001) OR ((d_year = 2000) AND (d_moy = 12)) OR ((d_year = 2002) AND (d_moy = 1)))
                                                                      Rows Removed by Filter: 72622
                                                    ->  Hash  (cost=1.12..1.12 rows=12 width=21) (actual time=0.028..0.029 rows=12 loops=3)
                                                          Buckets: 1024  Batches: 1  Memory Usage: 9kB
                                                          ->  Seq Scan on store  (cost=0.00..1.12 rows=12 width=21) (actual time=0.022..0.025 rows=12 loops=3)
                                              ->  Hash  (cost=1436.00..1436.00 rows=18000 width=110) (actual time=17.242..17.243 rows=18000 loops=3)
                                                    Buckets: 32768  Batches: 1  Memory Usage: 2783kB
                                                    ->  Seq Scan on item  (cost=0.00..1436.00 rows=18000 width=110) (actual time=0.026..12.815 rows=18000 loops=3)
  ->  Sort  (cost=1795.99..1795.99 rows=1 width=162) (actual time=1765.188..1765.196 rows=100 loops=1)
        Sort Key: ((v1.sum_sales - v1.avg_monthly_sales)), v1.sum_sales
        Sort Method: top-N heapsort  Memory: 48kB
        ->  Hash Join  (cost=1184.64..1795.98 rows=1 width=162) (actual time=1717.607..1757.784 rows=35466 loops=1)
              Hash Cond: ((v1_lead.i_category = v1.i_category) AND (v1_lead.i_brand = v1.i_brand) AND ((v1_lead.s_store_name)::text = (v1.s_store_name)::text) AND ((v1_lead.s_company_name)::text = (v1.s_company_name)::text) AND ((v1_lead.rn - 1) = v1.rn))
              ->  CTE Scan on v1 v1_lead  (cost=0.00..305.66 rows=15283 width=660) (actual time=1151.166..1157.811 rows=50225 loops=1)
              ->  Hash  (cost=1184.62..1184.62 rows=1 width=1332) (actual time=566.419..566.421 rows=36041 loops=1)
                    Buckets: 65536 (originally 1024)  Batches: 1 (originally 1)  Memory Usage: 11775kB
                    ->  Hash Join  (cost=573.29..1184.62 rows=1 width=1332) (actual time=506.042..547.596 rows=36041 loops=1)
                          Hash Cond: ((v1_lag.i_category = v1.i_category) AND (v1_lag.i_brand = v1.i_brand) AND ((v1_lag.s_store_name)::text = (v1.s_store_name)::text) AND ((v1_lag.s_company_name)::text = (v1.s_company_name)::text) AND ((v1_lag.rn + 1) = v1.rn))
                          ->  CTE Scan on v1 v1_lag  (cost=0.00..305.66 rows=15283 width=660) (actual time=0.000..6.858 rows=50225 loops=1)
                          ->  Hash  (cost=573.11..573.11 rows=8 width=672) (actual time=506.028..506.029 rows=36316 loops=1)
                                Buckets: 65536 (originally 1024)  Batches: 1 (originally 1)  Memory Usage: 7038kB
                                ->  CTE Scan on v1  (cost=0.00..573.11 rows=8 width=672) (actual time=0.133..490.480 rows=36944 loops=1)
                                      Filter: ((avg_monthly_sales > '0'::double precision) AND (d_year = 2001) AND (CASE WHEN (avg_monthly_sales > '0'::double precision) THEN (abs((sum_sales - avg_monthly_sales)) / avg_monthly_sales) ELSE NULL::double precision END > '0.1'::double precision))
                                      Rows Removed by Filter: 13281
 s_company_name | d_year | avg_monthly_sales  |     sum_sales      |        psum        |        nsum        
----------------+--------+--------------------+--------------------+--------------------+--------------------
 Unknown        |   2001 |  7264.813333333333 |            2453.51 |             4250.4 |            4915.99
 Unknown        |   2001 |  7378.397499999999 |            2795.87 | 3399.5299999999997 |            4782.12
 Unknown        |   2001 |          6587.1125 |            2106.78 |            4063.74 | 2730.3100000000004
 Unknown        |   2001 |  7323.924166666668 | 2873.3900000000003 |  4590.300000000001 | 3685.5099999999993
 Unknown        |   2001 |          7190.2975 |            2791.19 | 3509.8900000000003 |  4386.509999999999
 Unknown        |   2001 |          6780.3325 |            2437.62 |            4581.96 | 4044.2400000000007
 Unknown        |   2001 |  7149.326666666667 |            2852.26 |            4244.79 |            3375.19
 Unknown        |   2001 |  6621.921666666668 |            2329.55 |            4466.96 |            4029.38
 Unknown        |   2001 |  7009.462500000001 |            2773.83 |  3258.959999999999 |            4377.32
 Unknown        |   2001 |  7391.826666666667 | 3179.0299999999997 | 4748.6900000000005 | 3925.1899999999996
 Unknown        |   2001 |  6989.212500000001 |            2808.59 |            3834.16 |            4032.84
 Unknown        |   2001 |  6845.319166666667 |            2677.24 | 3892.7700000000004 |            4837.83
 Unknown        |   2001 |           7360.585 | 3212.5499999999993 |            3700.29 |            4634.86
 Unknown        |   2001 |  6540.628333333334 |            2400.21 |  3916.699999999999 | 3185.0700000000006
 Unknown        |   2001 |  6885.410833333332 | 2745.8599999999997 | 3437.5899999999997 |  4893.830000000001
 Unknown        |   2001 |  6925.370833333334 | 2786.5699999999997 |            3843.16 |            3621.18
 Unknown        |   2001 |          6992.5925 | 2935.8199999999997 |  5082.129999999999 | 3294.9300000000003
 Unknown        |   2001 |  6867.086666666666 |            2817.29 |            4630.38 | 3900.7799999999997
 Unknown        |   2001 |  7259.438333333334 | 3218.0499999999997 | 4092.8499999999995 | 3877.3199999999997
 Unknown        |   2001 |           7205.905 |            3173.96 |            4557.98 |             9377.5
 Unknown        |   2001 |          6967.3125 | 2946.7999999999997 |            4520.89 |  4317.509999999999
 Unknown        |   2001 |  6604.248333333334 | 2592.0999999999995 |            4063.12 |            3422.34
 Unknown        |   2001 |  6690.971666666667 | 2681.5299999999997 |            4482.85 |            3706.48
 Unknown        |   2001 |  6880.866666666666 | 2889.6099999999997 |            4412.92 | 3943.1400000000003
 Unknown        |   2001 |  7378.397499999999 | 3399.5299999999997 |            4750.69 |            2795.87
 Unknown        |   2001 |  6983.730833333334 |            3012.33 |  4104.299999999999 |  3476.790000000001
 Unknown        |   2001 |  6814.304166666666 | 2854.9300000000003 |            4539.79 | 3993.8100000000004
 Unknown        |   2001 |  7383.661666666667 | 3431.7400000000002 |  5426.569999999999 | 3625.5000000000005
 Unknown        |   2001 |  7607.230833333334 | 3669.8900000000003 | 4056.9999999999995 | 3850.3800000000006
 Unknown        |   2001 |  6709.445833333334 |            2786.87 | 3970.1499999999996 |  3551.370000000001
 Unknown        |   2001 |  7391.826666666667 |            3478.85 | 3925.1899999999996 |            3876.17
 Unknown        |   2001 |  7182.999166666666 | 3286.0099999999993 |  5057.119999999999 | 3731.5999999999995
 Unknown        |   2001 |  6446.824166666666 | 2552.6800000000003 |             4055.9 |  3535.829999999999
 Unknown        |   2001 |  6299.865000000001 |            2428.06 |            3481.17 |            2736.02
 Unknown        |   2001 |  7323.924166666668 |            3454.16 |            4805.66 |  4590.300000000001
 Unknown        |   2001 | 7340.2733333333335 | 3471.2099999999996 |  4972.049999999999 |  4342.999999999999
 Unknown        |   2001 |  7281.540833333333 |            3413.03 |            3553.66 |  4397.389999999999
 Unknown        |   2001 |  6669.571666666667 | 2805.7200000000003 |            3487.88 |  4189.929999999999
 Unknown        |   2001 |          6587.1125 | 2730.3100000000004 |            2106.78 | 3211.2799999999997
 Unknown        |   2001 |  7060.291666666665 | 3211.2300000000005 |            4326.16 |            4853.59
 Unknown        |   2001 |  6413.958333333333 | 2569.9800000000005 | 4072.3500000000013 |            4915.61
 Unknown        |   2001 |  6935.919999999999 | 3098.3099999999995 | 4023.3199999999997 |            4278.42
 Unknown        |   2001 | 7239.1675000000005 |            3410.54 |            4982.09 |             3841.3
 Unknown        |   2001 |  6485.654166666666 |            2666.49 |            3740.12 |            3524.63
 Unknown        |   2001 |  6496.572500000001 |            2679.85 |            4070.38 |  4977.129999999999
 Unknown        |   2001 |  6814.304166666666 | 3002.0199999999995 | 3993.8100000000004 |            4259.54
 Unknown        |   2001 |            6388.77 | 2594.7500000000005 |            4514.74 | 4223.4800000000005
 Unknown        |   2001 |  7340.686666666667 |            3547.59 | 3853.7799999999993 |            5093.16
 Unknown        |   2001 |  6697.689166666667 | 2909.9800000000005 |            4301.04 |            3794.48
 Unknown        |   2001 |           7205.905 | 3418.7200000000003 |            4817.83 |  5390.550000000001
 Unknown        |   2001 |  6845.319166666667 |             3059.8 |  4304.610000000001 |  4951.110000000001
 Unknown        |   2001 |           6986.465 | 3207.3399999999997 |  4384.860000000001 | 4291.0599999999995
 Unknown        |   2001 |            6866.03 |            3089.68 | 4837.0599999999995 |            3991.47
 Unknown        |   2001 |  7149.326666666667 |            3375.19 |            2852.26 |               5156
 Unknown        |   2001 |  7149.326666666667 | 3377.1100000000006 |            4505.75 |            4244.79
 Unknown        |   2001 |  7383.661666666667 | 3614.0499999999997 | 3625.5000000000005 |            4142.99
 Unknown        |   2001 |  6952.149166666667 |            3182.85 | 3989.4399999999996 |  8736.970000000001
 Unknown        |   2001 |  7093.339999999999 | 3325.2199999999993 |            4771.15 |  4445.629999999999
 Unknown        |   2001 |  7259.438333333334 | 3497.9199999999996 |            4509.64 |  4208.120000000001
 Unknown        |   2001 |  6763.645833333333 | 3002.9100000000003 | 3220.3900000000003 | 3480.4100000000003
 Unknown        |   2001 |  7383.661666666667 | 3625.5000000000005 | 3431.7400000000002 | 3614.0499999999997
 Unknown        |   2001 |  7607.230833333334 | 3850.3800000000006 | 3669.8900000000003 | 4081.1800000000003
 Unknown        |   2001 |  6606.676666666666 |            2851.29 |            4120.05 |            4021.12
 Unknown        |   2001 |  7009.462500000001 |  3258.959999999999 |            4182.67 |            2773.83
 Unknown        |   2001 |  6885.410833333332 | 3141.9300000000003 | 3161.1099999999997 | 3437.5899999999997
 Unknown        |   2001 |  7182.999166666666 | 3441.1399999999994 |  4147.800000000001 |  5226.629999999999
 Unknown        |   2001 | 6224.7699999999995 | 2487.3900000000003 |            4126.71 | 4404.0199999999995
 Unknown        |   2001 |  7587.884999999999 | 3855.9100000000003 |            4953.05 |  4203.819999999999
 Unknown        |   2001 |  6994.296666666666 | 3263.1500000000005 |  4134.329999999999 |            3612.75
 Unknown        |   2001 |  6495.125833333333 | 2767.0600000000004 |            4555.38 |            4133.22
 Unknown        |   2001 |  7281.540833333333 |            3553.66 |  4210.110000000001 |            3413.03
 Unknown        |   2001 |  6885.410833333332 | 3161.1099999999997 |            4489.15 | 3141.9300000000003
 Unknown        |   2001 |  6729.629166666666 | 3006.7799999999997 |            5364.57 |  4176.910000000001
 Unknown        |   2001 |  6746.447499999999 | 3034.7400000000007 |            3222.59 |            7710.94
 Unknown        |   2001 |  6642.329999999999 | 2933.7799999999997 |            4832.91 |            3532.76
 Unknown        |   2001 |  7172.392499999999 |            3467.31 |            4338.37 |            3913.85
 Unknown        |   2001 |  7435.572499999999 |            3731.75 |            4965.98 |            4452.57
 Unknown        |   2001 |          6992.5925 | 3294.9300000000003 | 2935.8199999999997 | 3976.4199999999996
 Unknown        |   2001 |  7088.197500000001 |            3406.74 |            4149.27 |               4378
 Unknown        |   2001 |          7190.2975 | 3509.8900000000003 |  4797.490000000001 |            2791.19
 Unknown        |   2001 |           7360.585 |            3681.51 |            4613.33 |            3700.29
 Unknown        |   2001 |  6738.871666666666 | 3067.6700000000005 |            4201.11 |  4616.969999999999
 Unknown        |   2001 |  6880.866666666666 | 3212.9900000000002 | 3894.1399999999994 |            4412.92
 Unknown        |   2001 |           7360.585 |            3700.29 |            3681.51 | 3212.5499999999993
 Unknown        |   2001 |  6766.223333333332 |            3107.69 |  4339.950000000001 | 4014.8200000000006
 Unknown        |   2001 |  6538.854166666667 | 2898.0200000000004 | 3384.6400000000003 |             4741.5
 Unknown        |   2001 |  7323.924166666668 | 3685.5099999999993 | 2873.3900000000003 |            4514.66
 Unknown        |   2001 |  6563.316666666666 |            2925.62 |            4084.09 | 3665.2700000000004
 Unknown        |   2001 |  6596.614166666666 |            2965.75 | 3323.9400000000005 |  4479.549999999999
 Unknown        |   2001 |  6413.958333333333 |            2793.42 |            4915.61 |            2830.67
 Unknown        |   2001 |  6994.296666666666 |            3379.29 |            3612.75 | 3576.6800000000003
 Unknown        |   2001 |  6330.056666666667 | 2717.5400000000004 |            4324.91 | 3655.9300000000003
 Unknown        |   2001 |  7172.392499999999 | 3560.4399999999996 |            4383.29 | 4086.7999999999993
 Unknown        |   2001 |  7607.230833333334 | 3995.5699999999997 |  4802.199999999999 | 4056.9999999999995
 Unknown        |   2001 |          6992.5925 | 3382.9700000000003 |             4813.4 |  5264.030000000001
 Unknown        |   2001 |  6479.427500000001 |            2880.69 | 3771.2300000000005 |            3897.88
 Unknown        |   2001 |  6687.379166666667 |            3093.91 |             3883.4 |            3987.66
 Unknown        |   2001 |  7142.079166666667 | 3555.7999999999993 |            4800.37 |  3792.379999999999
 Unknown        |   2001 |  7587.884999999999 |            4002.71 | 4862.4400000000005 |            4220.12
 Unknown        |   2001 |  6413.958333333333 |            2830.67 |            2793.42 | 3470.9300000000003
(100 rows)

UPDATE time_statistics SET e_time = TRANSACTION_TIMESTAMP() WHERE template = 'query47.tpl' AND stream = 5;
psql:/tmp/s1-basline/throughput/query_5.sql:4175: NOTICE:  duration: 0.118 ms  plan:
Query Text: UPDATE time_statistics SET e_time = TRANSACTION_TIMESTAMP() WHERE template = 'query47.tpl' AND stream = 5;
Update on time_statistics  (cost=0.00..22.34 rows=0 width=0) (actual time=0.118..0.118 rows=0 loops=1)
  ->  Seq Scan on time_statistics  (cost=0.00..22.34 rows=1 width=14) (actual time=0.089..0.102 rows=1 loops=1)
        Filter: ((template = 'query47.tpl'::text) AND (stream = 5))
        Rows Removed by Filter: 769
UPDATE 1
LOAD 'auto_explain'; SET auto_explain.log_min_duration TO 0; SET auto_explain.log_analyze TO on; SET auto_explain.log_level TO notice; INSERT INTO time_statistics (template, s_time, stream, query, seed) VALUES ('query10.tpl', TRANSACTION_TIMESTAMP(), 5, 82, 1206058697);
LOAD
SET
SET
SET
psql:/tmp/s1-basline/throughput/query_5.sql:4176: NOTICE:  duration: 0.008 ms  plan:
Query Text: INSERT INTO time_statistics (template, s_time, stream, query, seed) VALUES ('query10.tpl', TRANSACTION_TIMESTAMP(), 5, 82, 1206058697);
Insert on time_statistics  (cost=0.00..0.01 rows=0 width=0) (actual time=0.008..0.008 rows=0 loops=1)
  ->  Result  (cost=0.00..0.01 rows=1 width=64) (actual time=0.002..0.002 rows=1 loops=1)
INSERT 0 1
select  
  cd_gender,
  cd_marital_status,
  cd_education_status,
  count(*) cnt1,
  cd_purchase_estimate,
  count(*) cnt2,
  cd_credit_rating,
  count(*) cnt3,
  cd_dep_count,
  count(*) cnt4,
  cd_dep_employed_count,
  count(*) cnt5,
  cd_dep_college_count,
  count(*) cnt6
 from
  customer c,customer_address ca,customer_demographics
 where
  c.c_current_addr_sk = ca.ca_address_sk and
  ca_county in ('Audubon County','Carroll County','Northumberland County','Nuckolls County','Iron County') and
  cd_demo_sk = c.c_current_cdemo_sk and 
  exists (select *
          from store_sales,date_dim
          where c.c_customer_sk = ss_customer_sk and
                ss_sold_date_sk = d_date_sk and
                d_year = 2001 and
                d_moy between 1 and 1+3) and
   (exists (select *
            from web_sales,date_dim
            where c.c_customer_sk = ws_bill_customer_sk and
                  ws_sold_date_sk = d_date_sk and
                  d_year = 2001 and
                  d_moy between 1 ANd 1+3) or 
    exists (select * 
            from catalog_sales,date_dim
            where c.c_customer_sk = cs_ship_customer_sk and
                  cs_sold_date_sk = d_date_sk and
                  d_year = 2001 and
                  d_moy between 1 and 1+3))
 group by cd_gender,
          cd_marital_status,
          cd_education_status,
          cd_purchase_estimate,
          cd_credit_rating,
          cd_dep_count,
          cd_dep_employed_count,
          cd_dep_college_count
 order by cd_gender,
          cd_marital_status,
          cd_education_status,
          cd_purchase_estimate,
          cd_credit_rating,
          cd_dep_count,
          cd_dep_employed_count,
          cd_dep_college_count
limit 100;
psql:/tmp/s1-basline/throughput/query_5.sql:4232: NOTICE:  duration: 7862.084 ms  plan:
Query Text: select  
  cd_gender,
  cd_marital_status,
  cd_education_status,
  count(*) cnt1,
  cd_purchase_estimate,
  count(*) cnt2,
  cd_credit_rating,
  count(*) cnt3,
  cd_dep_count,
  count(*) cnt4,
  cd_dep_employed_count,
  count(*) cnt5,
  cd_dep_college_count,
  count(*) cnt6
 from
  customer c,customer_address ca,customer_demographics
 where
  c.c_current_addr_sk = ca.ca_address_sk and
  ca_county in ('Audubon County','Carroll County','Northumberland County','Nuckolls County','Iron County') and
  cd_demo_sk = c.c_current_cdemo_sk and 
  exists (select *
          from store_sales,date_dim
          where c.c_customer_sk = ss_customer_sk and
                ss_sold_date_sk = d_date_sk and
                d_year = 2001 and
                d_moy between 1 and 1+3) and
   (exists (select *
            from web_sales,date_dim
            where c.c_customer_sk = ws_bill_customer_sk and
                  ws_sold_date_sk = d_date_sk and
                  d_year = 2001 and
                  d_moy between 1 ANd 1+3) or 
    exists (select * 
            from catalog_sales,date_dim
            where c.c_customer_sk = cs_ship_customer_sk and
                  cs_sold_date_sk = d_date_sk and
                  d_year = 2001 and
                  d_moy between 1 and 1+3))
 group by cd_gender,
          cd_marital_status,
          cd_education_status,
          cd_purchase_estimate,
          cd_credit_rating,
          cd_dep_count,
          cd_dep_employed_count,
          cd_dep_college_count
 order by cd_gender,
          cd_marital_status,
          cd_education_status,
          cd_purchase_estimate,
          cd_credit_rating,
          cd_dep_count,
          cd_dep_employed_count,
          cd_dep_college_count
limit 100;
Limit  (cost=261407.03..175999310.22 rows=16 width=100) (actual time=5231.081..7862.062 rows=3 loops=1)
  ->  GroupAggregate  (cost=261407.03..175999310.22 rows=16 width=100) (actual time=5231.081..7862.060 rows=3 loops=1)
        Group Key: customer_demographics.cd_gender, customer_demographics.cd_marital_status, customer_demographics.cd_education_status, customer_demographics.cd_purchase_estimate, customer_demographics.cd_credit_rating, customer_demographics.cd_dep_count, customer_demographics.cd_dep_employed_count, customer_demographics.cd_dep_college_count
        ->  Nested Loop  (cost=261407.03..175999309.70 rows=16 width=52) (actual time=4687.494..7862.044 rows=3 loops=1)
              Join Filter: (c.c_current_cdemo_sk = customer_demographics.cd_demo_sk)
              Rows Removed by Join Filter: 5762397
              ->  Gather Merge  (cost=172607.60..391522.31 rows=1920800 width=60) (actual time=4488.944..6915.753 rows=1920800 loops=1)
                    Workers Planned: 1
                    Workers Launched: 1
                    ->  Sort  (cost=171607.59..174432.30 rows=1129882 width=60) (actual time=4280.492..5960.786 rows=960400 loops=2)
                          Sort Key: customer_demographics.cd_gender, customer_demographics.cd_marital_status, customer_demographics.cd_education_status, customer_demographics.cd_purchase_estimate, customer_demographics.cd_credit_rating, customer_demographics.cd_dep_count, customer_demographics.cd_dep_employed_count, customer_demographics.cd_dep_college_count
                          Sort Method: external merge  Disk: 73576kB
                          Worker 0:  Sort Method: external merge  Disk: 65576kB
                          ->  Parallel Seq Scan on customer_demographics  (cost=0.00..33127.82 rows=1129882 width=60) (actual time=0.015..155.425 rows=960400 loops=2)
              ->  Materialize  (cost=88799.42..175117983.43 rows=17 width=8) (actual time=0.000..0.000 rows=3 loops=1920800)
                    ->  Nested Loop  (cost=88799.42..175117983.35 rows=17 width=8) (actual time=124.319..130.917 rows=3 loops=1)
                          ->  Nested Loop  (cost=88799.13..175116903.60 rows=3248 width=16) (actual time=110.698..129.156 rows=702 loops=1)
                                ->  HashAggregate  (cost=88798.84..88844.21 rows=4537 width=8) (actual time=56.514..57.845 rows=8623 loops=1)
                                      Group Key: store_sales.ss_customer_sk
                                      Batches: 1  Memory Usage: 913kB
                                      ->  Nested Loop  (cost=0.43..88787.50 rows=4537 width=8) (actual time=4.675..43.296 rows=103367 loops=1)
                                            ->  Seq Scan on date_dim  (cost=0.00..2683.36 rows=120 width=8) (actual time=4.651..9.382 rows=120 loops=1)
                                                  Filter: ((d_moy >= 1) AND (d_moy <= 4) AND (d_year = 2001))
                                                  Rows Removed by Filter: 72929
                                            ->  Index Scan using i_ss_sold_date_sk on store_sales  (cost=0.43..702.38 rows=1515 width=16) (actual time=0.005..0.198 rows=861 loops=120)
                                                  Index Cond: (ss_sold_date_sk = date_dim.d_date_sk)
                                ->  Index Scan using pk_customer on customer c  (cost=0.29..40113.12 rows=1 width=24) (actual time=0.008..0.008 rows=0 loops=8623)
                                      Index Cond: (c_customer_sk = store_sales.ss_customer_sk)
                                      Filter: ((hashed SubPlan 2) OR (hashed SubPlan 4))
                                      Rows Removed by Filter: 1
                                      SubPlan 2
                                        ->  Nested Loop  (cost=0.42..31890.95 rows=1187 width=8) (actual time=4.530..19.454 rows=27670 loops=1)
                                              ->  Seq Scan on date_dim date_dim_1  (cost=0.00..2683.36 rows=120 width=8) (actual time=4.520..9.288 rows=120 loops=1)
                                                    Filter: ((d_moy >= 1) AND (d_moy <= 4) AND (d_year = 2001))
                                                    Rows Removed by Filter: 72929
                                              ->  Index Scan using i_ws_sold_date_sk on web_sales  (cost=0.42..239.43 rows=397 width=16) (actual time=0.003..0.058 rows=231 loops=120)
                                                    Index Cond: (ws_sold_date_sk = date_dim_1.d_date_sk)
                                      SubPlan 4
                                        ->  Nested Loop  (cost=0.43..9283.20 rows=2359 width=8) (actual time=4.333..24.655 rows=53774 loops=1)
                                              ->  Seq Scan on date_dim date_dim_2  (cost=0.00..2683.36 rows=120 width=8) (actual time=4.323..8.983 rows=120 loops=1)
                                                    Filter: ((d_moy >= 1) AND (d_moy <= 4) AND (d_year = 2001))
                                                    Rows Removed by Filter: 72929
                                              ->  Index Scan using i_cs_sold_date_sk on catalog_sales  (cost=0.43..47.15 rows=785 width=16) (actual time=0.003..0.073 rows=448 loops=120)
                                                    Index Cond: (cs_sold_date_sk = date_dim_2.d_date_sk)
                          ->  Index Scan using pk_customer_address on customer_address ca  (cost=0.29..0.33 rows=1 width=8) (actual time=0.002..0.002 rows=0 loops=702)
                                Index Cond: (ca_address_sk = c.c_current_addr_sk)
                                Filter: ((ca_county)::text = ANY ('{"Audubon County","Carroll County","Northumberland County","Nuckolls County","Iron County"}'::text[]))
                                Rows Removed by Filter: 1
 cd_gender | cd_marital_status | cd_education_status  | cnt1 | cd_purchase_estimate | cnt2 | cd_credit_rating | cnt3 | cd_dep_count | cnt4 | cd_dep_employed_count | cnt5 | cd_dep_college_count | cnt6 
-----------+-------------------+----------------------+------+----------------------+------+------------------+------+--------------+------+-----------------------+------+----------------------+------
 F         | D                 | 4 yr Degree          |    1 |                 5000 |    1 | Unknown          |    1 |            2 |    1 |                     3 |    1 |                    2 |    1
 F         | M                 | Unknown              |    1 |                 4000 |    1 | High Risk        |    1 |            4 |    1 |                     2 |    1 |                    4 |    1
 M         | M                 | Advanced Degree      |    1 |                 8000 |    1 | Good             |    1 |            6 |    1 |                     5 |    1 |                    6 |    1
(3 rows)

UPDATE time_statistics SET e_time = TRANSACTION_TIMESTAMP() WHERE template = 'query10.tpl' AND stream = 5;
psql:/tmp/s1-basline/throughput/query_5.sql:4234: NOTICE:  duration: 0.121 ms  plan:
Query Text: UPDATE time_statistics SET e_time = TRANSACTION_TIMESTAMP() WHERE template = 'query10.tpl' AND stream = 5;
Update on time_statistics  (cost=0.00..22.34 rows=0 width=0) (actual time=0.120..0.120 rows=0 loops=1)
  ->  Seq Scan on time_statistics  (cost=0.00..22.34 rows=1 width=14) (actual time=0.091..0.105 rows=1 loops=1)
        Filter: ((template = 'query10.tpl'::text) AND (stream = 5))
        Rows Removed by Filter: 770
UPDATE 1
LOAD 'auto_explain'; SET auto_explain.log_min_duration TO 0; SET auto_explain.log_analyze TO on; SET auto_explain.log_level TO notice; INSERT INTO time_statistics (template, s_time, stream, query, seed) VALUES ('../query_postgresql/query70.tpl', TRANSACTION_TIMESTAMP(), 5, 83, 130376446);
LOAD
SET
SET
SET
psql:/tmp/s1-basline/throughput/query_5.sql:4235: NOTICE:  duration: 0.008 ms  plan:
Query Text: INSERT INTO time_statistics (template, s_time, stream, query, seed) VALUES ('../query_postgresql/query70.tpl', TRANSACTION_TIMESTAMP(), 5, 83, 130376446);
Insert on time_statistics  (cost=0.00..0.01 rows=0 width=0) (actual time=0.008..0.008 rows=0 loops=1)
  ->  Result  (cost=0.00..0.01 rows=1 width=64) (actual time=0.001..0.001 rows=1 loops=1)
INSERT 0 1
with results as
( select
    sum(ss_net_profit) as total_sum ,s_state ,s_county, 0 as gstate, 0 as g_county
 from
    store_sales
  ,date_dim      d1
  ,store
 where
    d1.d_month_seq between 1215 and 1215 + 11
 and d1.d_date_sk = ss_sold_date_sk
 and s_store_sk  = ss_store_sk
 and s_state in
            ( select s_state
              from  (select s_state as s_state,
                 rank() over ( partition by s_state order by sum(ss_net_profit) desc) as ranking
                      from  store_sales, store, date_dim
                      where d_month_seq between 1215 and 1215 + 11
                 and d_date_sk = ss_sold_date_sk
                 and s_store_sk  = ss_store_sk
                      group by s_state
                    ) tmp1 
              where ranking <= 5)
  group by s_state,s_county) ,  
 results_rollup as 
(select total_sum ,s_state ,s_county, 0 as g_state, 0 as g_county, 0 as lochierarchy from results
 union
 select sum(total_sum) as total_sum,s_state, NULL as s_county, 0 as g_state, 1 as g_county, 1 as lochierarchy from results group by s_state
 union
 select sum(total_sum) as total_sum ,NULL as s_state ,NULL as s_county, 1 as g_state, 1 as g_county, 2 as lochierarchy from results)
  select  total_sum ,s_state ,s_county, lochierarchy 
  ,rank() over (
     partition by lochierarchy, 
     case when g_county = 0 then s_state end 
     order by total_sum desc) as rank_within_parent
 from results_rollup
 order by
  lochierarchy desc
  ,case when lochierarchy = 0 then s_state end
  ,rank_within_parent
 limit 100;
psql:/tmp/s1-basline/throughput/query_5.sql:4275: NOTICE:  duration: 1027.382 ms  plan:
Query Text: with results as
( select
    sum(ss_net_profit) as total_sum ,s_state ,s_county, 0 as gstate, 0 as g_county
 from
    store_sales
  ,date_dim      d1
  ,store
 where
    d1.d_month_seq between 1215 and 1215 + 11
 and d1.d_date_sk = ss_sold_date_sk
 and s_store_sk  = ss_store_sk
 and s_state in
            ( select s_state
              from  (select s_state as s_state,
                 rank() over ( partition by s_state order by sum(ss_net_profit) desc) as ranking
                      from  store_sales, store, date_dim
                      where d_month_seq between 1215 and 1215 + 11
                 and d_date_sk = ss_sold_date_sk
                 and s_store_sk  = ss_store_sk
                      group by s_state
                    ) tmp1 
              where ranking <= 5)
  group by s_state,s_county) ,  
 results_rollup as 
(select total_sum ,s_state ,s_county, 0 as g_state, 0 as g_county, 0 as lochierarchy from results
 union
 select sum(total_sum) as total_sum,s_state, NULL as s_county, 0 as g_state, 1 as g_county, 1 as lochierarchy from results group by s_state
 union
 select sum(total_sum) as total_sum ,NULL as s_state ,NULL as s_county, 1 as g_state, 1 as g_county, 2 as lochierarchy from results)
  select  total_sum ,s_state ,s_county, lochierarchy 
  ,rank() over (
     partition by lochierarchy, 
     case when g_county = 0 then s_state end 
     order by total_sum desc) as rank_within_parent
 from results_rollup
 order by
  lochierarchy desc
  ,case when lochierarchy = 0 then s_state end
  ,rank_within_parent
 limit 100;
Limit  (cost=186821.87..186821.88 rows=3 width=148) (actual time=953.487..1027.368 rows=3 loops=1)
  CTE results
    ->  GroupAggregate  (cost=185075.15..186821.50 rows=1 width=37) (actual time=953.446..1027.323 rows=1 loops=1)
          Group Key: store.s_state, store.s_county
          ->  Merge Join  (cost=185075.15..186725.52 rows=12796 width=29) (actual time=706.362..961.087 rows=531377 loops=1)
                Merge Cond: (store.s_state = store_1.s_state)
                ->  Gather Merge  (cost=92517.44..94007.75 rows=12796 width=29) (actual time=337.685..520.671 rows=531377 loops=1)
                      Workers Planned: 2
                      Workers Launched: 2
                      ->  Sort  (cost=91517.42..91530.75 rows=5332 width=29) (actual time=331.918..355.405 rows=177126 loops=3)
                            Sort Key: store.s_state, store.s_county
                            Sort Method: external merge  Disk: 8240kB
                            Worker 0:  Sort Method: quicksort  Memory: 15107kB
                            Worker 1:  Sort Method: quicksort  Memory: 15225kB
                            ->  Hash Join  (cost=2506.44..91187.35 rows=5332 width=29) (actual time=12.792..290.500 rows=177126 loops=3)
                                  Hash Cond: (store_sales.ss_store_sk = store.s_store_sk)
                                  ->  Hash Join  (cost=2505.17..91166.46 rows=5592 width=16) (actual time=12.664..262.950 rows=181349 loops=3)
                                        Hash Cond: (store_sales.ss_sold_date_sk = d1.d_date_sk)
                                        ->  Parallel Seq Scan on store_sales  (cost=0.00..85499.45 rows=1204445 width=24) (actual time=0.017..124.428 rows=948150 loops=3)
                                        ->  Hash  (cost=2500.73..2500.73 rows=355 width=8) (actual time=12.630..12.631 rows=365 loops=3)
                                              Buckets: 1024  Batches: 1  Memory Usage: 23kB
                                              ->  Seq Scan on date_dim d1  (cost=0.00..2500.73 rows=355 width=8) (actual time=6.061..12.585 rows=365 loops=3)
                                                    Filter: ((d_month_seq >= 1215) AND (d_month_seq <= 1226))
                                                    Rows Removed by Filter: 72684
                                  ->  Hash  (cost=1.12..1.12 rows=12 width=29) (actual time=0.031..0.032 rows=12 loops=3)
                                        Buckets: 1024  Batches: 1  Memory Usage: 9kB
                                        ->  Seq Scan on store  (cost=0.00..1.12 rows=12 width=29) (actual time=0.022..0.026 rows=12 loops=3)
                ->  WindowAgg  (cost=92557.71..92557.80 rows=2 width=19) (actual time=368.672..368.760 rows=1 loops=1)
                      Run Condition: (rank() OVER (?) <= 5)
                      ->  Incremental Sort  (cost=92557.71..92557.76 rows=2 width=11) (actual time=368.664..368.752 rows=1 loops=1)
                            Sort Key: store_1.s_state, (sum(store_sales_1.ss_net_profit)) DESC
                            Presorted Key: store_1.s_state
                            Full-sort Groups: 1  Sort Method: quicksort  Average Memory: 25kB  Peak Memory: 25kB
                            ->  Finalize GroupAggregate  (cost=92517.44..92557.69 rows=1 width=11) (actual time=368.652..368.740 rows=1 loops=1)
                                  Group Key: store_1.s_state
                                  ->  Gather Merge  (cost=92517.44..92557.67 rows=2 width=11) (actual time=368.646..368.734 rows=3 loops=1)
                                        Workers Planned: 2
                                        Workers Launched: 2
                                        ->  Partial GroupAggregate  (cost=91517.42..91557.42 rows=1 width=11) (actual time=349.514..349.517 rows=1 loops=3)
                                              Group Key: store_1.s_state
                                              ->  Sort  (cost=91517.42..91530.75 rows=5332 width=11) (actual time=318.223..329.008 rows=177126 loops=3)
                                                    Sort Key: store_1.s_state
                                                    Sort Method: external merge  Disk: 5616kB
                                                    Worker 0:  Sort Method: quicksort  Memory: 13445kB
                                                    Worker 1:  Sort Method: quicksort  Memory: 13295kB
                                                    ->  Hash Join  (cost=2506.44..91187.35 rows=5332 width=11) (actual time=13.367..291.074 rows=177126 loops=3)
                                                          Hash Cond: (store_sales_1.ss_store_sk = store_1.s_store_sk)
                                                          ->  Hash Join  (cost=2505.17..91166.46 rows=5592 width=16) (actual time=13.285..264.718 rows=181349 loops=3)
                                                                Hash Cond: (store_sales_1.ss_sold_date_sk = date_dim.d_date_sk)
                                                                ->  Parallel Seq Scan on store_sales store_sales_1  (cost=0.00..85499.45 rows=1204445 width=24) (actual time=0.013..124.100 rows=948150 loops=3)
                                                                ->  Hash  (cost=2500.73..2500.73 rows=355 width=8) (actual time=13.259..13.260 rows=365 loops=3)
                                                                      Buckets: 1024  Batches: 1  Memory Usage: 23kB
                                                                      ->  Seq Scan on date_dim  (cost=0.00..2500.73 rows=355 width=8) (actual time=6.275..13.213 rows=365 loops=3)
                                                                            Filter: ((d_month_seq >= 1215) AND (d_month_seq <= 1226))
                                                                            Rows Removed by Filter: 72684
                                                          ->  Hash  (cost=1.12..1.12 rows=12 width=11) (actual time=0.035..0.035 rows=12 loops=3)
                                                                Buckets: 1024  Batches: 1  Memory Usage: 9kB
                                                                ->  Seq Scan on store store_1  (cost=0.00..1.12 rows=12 width=11) (actual time=0.024..0.029 rows=12 loops=3)
  ->  Sort  (cost=0.38..0.38 rows=3 width=148) (actual time=953.486..953.489 rows=3 loops=1)
        Sort Key: results_rollup.lochierarchy DESC, (CASE WHEN (results_rollup.lochierarchy = 0) THEN results_rollup.s_state ELSE NULL::bpchar END), (rank() OVER (?))
        Sort Method: quicksort  Memory: 25kB
        ->  WindowAgg  (cost=0.27..0.35 rows=3 width=148) (actual time=953.478..953.483 rows=3 loops=1)
              ->  Sort  (cost=0.27..0.28 rows=3 width=108) (actual time=953.473..953.475 rows=3 loops=1)
                    Sort Key: results_rollup.lochierarchy, (CASE WHEN (results_rollup.g_county = 0) THEN results_rollup.s_state ELSE NULL::bpchar END), results_rollup.total_sum DESC
                    Sort Method: quicksort  Memory: 25kB
                    ->  Subquery Scan on results_rollup  (cost=0.18..0.24 rows=3 width=108) (actual time=953.467..953.471 rows=3 loops=1)
                          ->  HashAggregate  (cost=0.18..0.21 rows=3 width=84) (actual time=953.466..953.468 rows=3 loops=1)
                                Group Key: results.total_sum, results.s_state, results.s_county, (0), (0), (0)
                                Batches: 1  Memory Usage: 24kB
                                ->  Append  (cost=0.00..0.13 rows=3 width=84) (actual time=953.450..953.461 rows=3 loops=1)
                                      ->  CTE Scan on results  (cost=0.00..0.02 rows=1 width=110) (actual time=953.449..953.450 rows=1 loops=1)
                                      ->  HashAggregate  (cost=0.02..0.03 rows=1 width=64) (actual time=0.004..0.005 rows=1 loops=1)
                                            Group Key: results_1.s_state
                                            Batches: 1  Memory Usage: 24kB
                                            ->  CTE Scan on results results_1  (cost=0.00..0.02 rows=1 width=20) (actual time=0.000..0.001 rows=1 loops=1)
                                      ->  Aggregate  (cost=0.02..0.03 rows=1 width=84) (actual time=0.003..0.003 rows=1 loops=1)
                                            ->  CTE Scan on results results_2  (cost=0.00..0.02 rows=1 width=8) (actual time=0.000..0.000 rows=1 loops=1)
     total_sum     | s_state |     s_county      | lochierarchy | rank_within_parent 
-------------------+---------+-------------------+--------------+--------------------
 -437711766.950013 |         |                   |            2 |                  1
 -437711766.950013 | TN      |                   |            1 |                  1
 -437711766.950013 | TN      | Williamson County |            0 |                  1
(3 rows)

UPDATE time_statistics SET e_time = TRANSACTION_TIMESTAMP() WHERE template = '../query_postgresql/query70.tpl' AND stream = 5;
psql:/tmp/s1-basline/throughput/query_5.sql:4277: NOTICE:  duration: 0.108 ms  plan:
Query Text: UPDATE time_statistics SET e_time = TRANSACTION_TIMESTAMP() WHERE template = '../query_postgresql/query70.tpl' AND stream = 5;
Update on time_statistics  (cost=0.00..22.34 rows=0 width=0) (actual time=0.108..0.108 rows=0 loops=1)
  ->  Seq Scan on time_statistics  (cost=0.00..22.34 rows=1 width=14) (actual time=0.081..0.093 rows=1 loops=1)
        Filter: ((template = '../query_postgresql/query70.tpl'::text) AND (stream = 5))
        Rows Removed by Filter: 771
UPDATE 1
LOAD 'auto_explain'; SET auto_explain.log_min_duration TO 0; SET auto_explain.log_analyze TO on; SET auto_explain.log_level TO notice; INSERT INTO time_statistics (template, s_time, stream, query, seed) VALUES ('query39.tpl', TRANSACTION_TIMESTAMP(), 5, 84, 714697491);
LOAD
SET
SET
SET
psql:/tmp/s1-basline/throughput/query_5.sql:4278: NOTICE:  duration: 0.008 ms  plan:
Query Text: INSERT INTO time_statistics (template, s_time, stream, query, seed) VALUES ('query39.tpl', TRANSACTION_TIMESTAMP(), 5, 84, 714697491);
Insert on time_statistics  (cost=0.00..0.01 rows=0 width=0) (actual time=0.008..0.008 rows=0 loops=1)
  ->  Result  (cost=0.00..0.01 rows=1 width=64) (actual time=0.001..0.002 rows=1 loops=1)
INSERT 0 1
with inv as
(select w_warehouse_name,w_warehouse_sk,i_item_sk,d_moy
       ,stdev,mean, case mean when 0 then null else stdev/mean end cov
 from(select w_warehouse_name,w_warehouse_sk,i_item_sk,d_moy
            ,stddev_samp(inv_quantity_on_hand) stdev,avg(inv_quantity_on_hand) mean
      from inventory
          ,item
          ,warehouse
          ,date_dim
      where inv_item_sk = i_item_sk
        and inv_warehouse_sk = w_warehouse_sk
        and inv_date_sk = d_date_sk
        and d_year =2000
      group by w_warehouse_name,w_warehouse_sk,i_item_sk,d_moy) foo
 where case mean when 0 then 0 else stdev/mean end > 1)
select inv1.w_warehouse_sk,inv1.i_item_sk,inv1.d_moy,inv1.mean, inv1.cov
        ,inv2.w_warehouse_sk,inv2.i_item_sk,inv2.d_moy,inv2.mean, inv2.cov
from inv inv1,inv inv2
where inv1.i_item_sk = inv2.i_item_sk
  and inv1.w_warehouse_sk =  inv2.w_warehouse_sk
  and inv1.d_moy=4
  and inv2.d_moy=4+1
order by inv1.w_warehouse_sk,inv1.i_item_sk,inv1.d_moy,inv1.mean,inv1.cov
        ,inv2.d_moy,inv2.mean, inv2.cov
;
psql:/tmp/s1-basline/throughput/query_5.sql:4303: NOTICE:  duration: 2662.235 ms  plan:
Query Text: with inv as
(select w_warehouse_name,w_warehouse_sk,i_item_sk,d_moy
       ,stdev,mean, case mean when 0 then null else stdev/mean end cov
 from(select w_warehouse_name,w_warehouse_sk,i_item_sk,d_moy
            ,stddev_samp(inv_quantity_on_hand) stdev,avg(inv_quantity_on_hand) mean
      from inventory
          ,item
          ,warehouse
          ,date_dim
      where inv_item_sk = i_item_sk
        and inv_warehouse_sk = w_warehouse_sk
        and inv_date_sk = d_date_sk
        and d_year =2000
      group by w_warehouse_name,w_warehouse_sk,i_item_sk,d_moy) foo
 where case mean when 0 then 0 else stdev/mean end > 1)
select inv1.w_warehouse_sk,inv1.i_item_sk,inv1.d_moy,inv1.mean, inv1.cov
        ,inv2.w_warehouse_sk,inv2.i_item_sk,inv2.d_moy,inv2.mean, inv2.cov
from inv inv1,inv inv2
where inv1.i_item_sk = inv2.i_item_sk
  and inv1.w_warehouse_sk =  inv2.w_warehouse_sk
  and inv1.d_moy=4
  and inv2.d_moy=4+1
order by inv1.w_warehouse_sk,inv1.i_item_sk,inv1.d_moy,inv1.mean,inv1.cov
        ,inv2.d_moy,inv2.mean, inv2.cov
;
Sort  (cost=156168.84..156168.84 rows=1 width=168) (actual time=2661.854..2662.040 rows=212 loops=1)
  Sort Key: inv1.w_warehouse_sk, inv1.i_item_sk, inv1.mean, inv1.cov, inv2.mean, inv2.cov
  Sort Method: quicksort  Memory: 50kB
  CTE inv
    ->  Subquery Scan on foo  (cost=153633.23..155271.02 rows=19852 width=130) (actual time=1086.943..2623.437 rows=78021 loops=1)
          ->  HashAggregate  (cost=153633.23..154973.24 rows=19852 width=98) (actual time=1086.941..2601.743 rows=78021 loops=1)
                Group Key: warehouse.w_warehouse_name, warehouse.w_warehouse_sk, item.i_item_sk, date_dim.d_moy
                Filter: (CASE avg(inventory.inv_quantity_on_hand) WHEN '0'::numeric THEN '0'::numeric ELSE (stddev_samp(inventory.inv_quantity_on_hand) / avg(inventory.inv_quantity_on_hand)) END > '1'::numeric)
                Batches: 21  Memory Usage: 33841kB  Disk Usage: 119600kB
                Rows Removed by Filter: 581979
                ->  Gather  (cost=3870.75..152739.89 rows=59556 width=38) (actual time=16.977..390.178 rows=2340000 loops=1)
                      Workers Planned: 3
                      Workers Launched: 3
                      ->  Hash Join  (cost=2870.75..145784.29 rows=19212 width=38) (actual time=21.067..743.131 rows=585000 loops=4)
                            Hash Cond: (inventory.inv_warehouse_sk = warehouse.w_warehouse_sk)
                            ->  Hash Join  (cost=2869.64..145690.01 rows=19212 width=24) (actual time=20.823..605.630 rows=585000 loops=4)
                                  Hash Cond: (inventory.inv_item_sk = item.i_item_sk)
                                  ->  Hash Join  (cost=2322.65..145092.58 rows=19212 width=24) (actual time=16.387..510.424 rows=585000 loops=4)
                                        Hash Cond: (inventory.inv_date_sk = date_dim.d_date_sk)
                                        ->  Parallel Seq Scan on inventory  (cost=0.00..132620.86 rows=3866086 width=28) (actual time=0.020..211.059 rows=2936250 loops=4)
                                        ->  Hash  (cost=2318.11..2318.11 rows=363 width=12) (actual time=14.130..14.131 rows=366 loops=4)
                                              Buckets: 1024  Batches: 1  Memory Usage: 26kB
                                              ->  Seq Scan on date_dim  (cost=0.00..2318.11 rows=363 width=12) (actual time=6.792..14.079 rows=366 loops=4)
                                                    Filter: (d_year = 2000)
                                                    Rows Removed by Filter: 72683
                                  ->  Hash  (cost=321.99..321.99 rows=18000 width=8) (actual time=4.321..4.321 rows=18000 loops=4)
                                        Buckets: 32768  Batches: 1  Memory Usage: 960kB
                                        ->  Index Only Scan using pk_item on item  (cost=0.29..321.99 rows=18000 width=8) (actual time=0.086..2.115 rows=18000 loops=4)
                                              Heap Fetches: 0
                            ->  Hash  (cost=1.05..1.05 rows=5 width=22) (actual time=0.032..0.032 rows=5 loops=4)
                                  Buckets: 1024  Batches: 1  Memory Usage: 9kB
                                  ->  Seq Scan on warehouse  (cost=0.00..1.05 rows=5 width=22) (actual time=0.026..0.027 rows=5 loops=4)
  ->  Hash Join  (cost=448.15..897.80 rows=1 width=168) (actual time=2655.062..2661.764 rows=212 loops=1)
        Hash Cond: ((inv1.i_item_sk = inv2.i_item_sk) AND (inv1.w_warehouse_sk = inv2.w_warehouse_sk))
        ->  CTE Scan on inv inv1  (cost=0.00..446.67 rows=99 width=84) (actual time=1087.203..1093.564 rows=3054 loops=1)
              Filter: (d_moy = 4)
              Rows Removed by Filter: 74967
        ->  Hash  (cost=446.67..446.67 rows=99 width=84) (actual time=1567.843..1567.844 rows=3141 loops=1)
              Buckets: 4096 (originally 1024)  Batches: 1 (originally 1)  Memory Usage: 254kB
              ->  CTE Scan on inv inv2  (cost=0.00..446.67 rows=99 width=84) (actual time=0.038..1567.116 rows=3141 loops=1)
                    Filter: (d_moy = 5)
                    Rows Removed by Filter: 74880
 w_warehouse_sk | i_item_sk | d_moy |         mean         |          cov           | w_warehouse_sk | i_item_sk | d_moy |         mean         |          cov           
----------------+-----------+-------+----------------------+------------------------+----------------+-----------+-------+----------------------+------------------------
              1 |       217 |     4 | 324.5000000000000000 |     1.1047862498045609 |              1 |       217 |     5 | 424.0000000000000000 |     1.0273096880716580
              1 |      1207 |     4 | 318.0000000000000000 |     1.2309904976547327 |              1 |      1207 |     5 | 347.3333333333333333 |     1.0855246687659328
              1 |      1285 |     4 | 394.7500000000000000 |     1.0822229316654794 |              1 |      1285 |     5 | 337.0000000000000000 |     1.5467684602598309
              1 |      1649 |     4 | 188.5000000000000000 |     1.2054041938767533 |              1 |      1649 |     5 | 302.7500000000000000 |     1.5256334856113262
              1 |      1742 |     4 | 285.0000000000000000 |     1.0745973260495123 |              1 |      1742 |     5 | 239.0000000000000000 |     1.4205909269470126
              1 |      2012 |     4 | 382.0000000000000000 |     1.3165717609463770 |              1 |      2012 |     5 | 290.0000000000000000 |     1.0623861296842034
              1 |      3374 |     4 | 206.6666666666666667 |     1.1558879717004339 |              1 |      3374 |     5 | 186.7500000000000000 |     1.4762964160414297
              1 |      3685 |     4 | 422.0000000000000000 |     1.0108822540979905 |              1 |      3685 |     5 | 374.5000000000000000 |     1.1302443401123605
              1 |      4057 |     4 | 396.0000000000000000 |     1.1112870996224596 |              1 |      4057 |     5 | 357.7500000000000000 |     1.0193918189691405
              1 |      5443 |     4 | 454.2500000000000000 | 1.00126373192944413869 |              1 |      5443 |     5 | 328.0000000000000000 |     1.3165343485297348
              1 |      6119 |     4 | 299.2500000000000000 |     1.2661023823343358 |              1 |      6119 |     5 | 233.0000000000000000 |     1.0890890922836052
              1 |      7946 |     4 | 489.5000000000000000 |     1.0072012589757181 |              1 |      7946 |     5 | 295.2500000000000000 |     1.0610915325440373
              1 |      9092 |     4 | 375.6666666666666667 |     1.0298980038953558 |              1 |      9092 |     5 | 394.0000000000000000 |     1.0193718324995914
              1 |      9395 |     4 | 408.2500000000000000 |     1.1358215949216779 |              1 |      9395 |     5 | 214.6666666666666667 |     1.0768865841377469
              1 |      9524 |     4 | 343.3333333333333333 |     1.2711392841263913 |              1 |      9524 |     5 | 339.5000000000000000 |     1.1615825714716112
              1 |     10004 |     4 | 406.7500000000000000 |     1.0174230454087523 |              1 |     10004 |     5 | 234.2500000000000000 |     1.1474772523235048
              1 |     10799 |     4 | 359.2500000000000000 |     1.2044375116613556 |              1 |     10799 |     5 | 315.2500000000000000 |     1.4345670390695924
              1 |     10975 |     4 | 372.2500000000000000 |     1.0071173430730289 |              1 |     10975 |     5 | 312.7500000000000000 |     1.0643700583728505
              1 |     11257 |     4 | 238.7500000000000000 |     1.4202530347739602 |              1 |     11257 |     5 | 184.0000000000000000 |     1.1396468295179185
              1 |     11797 |     4 | 362.0000000000000000 |     1.0904688114137873 |              1 |     11797 |     5 | 206.0000000000000000 |     1.3811227032564272
              1 |     12527 |     4 | 353.7500000000000000 |     1.0113568876033470 |              1 |     12527 |     5 | 340.0000000000000000 |     1.1210114480533500
              1 |     13201 |     4 | 272.0000000000000000 |     1.3035875106504632 |              1 |     13201 |     5 | 330.6666666666666667 |     1.1921397563021673
              1 |     13271 |     4 | 263.5000000000000000 |     1.6439180493950209 |              1 |     13271 |     5 | 100.0000000000000000 |     1.3511476603243600
              1 |     13499 |     4 | 247.7500000000000000 |     1.0660253268146398 |              1 |     13499 |     5 | 453.7500000000000000 |     1.0713877943879449
              1 |     14011 |     4 | 436.7500000000000000 |     1.0612149203468071 |              1 |     14011 |     5 | 301.5000000000000000 |     1.1558368674851443
              1 |     14059 |     4 | 270.7500000000000000 |     1.1370825296931597 |              1 |     14059 |     5 | 365.2500000000000000 |     1.1179249135515921
              1 |     14090 |     4 | 383.5000000000000000 |     1.0576731057105241 |              1 |     14090 |     5 | 273.2500000000000000 |     1.2493604086655810
              1 |     14192 |     4 | 324.3333333333333333 |     1.1501891472038232 |              1 |     14192 |     5 | 366.2500000000000000 |     1.0859102173779331
              1 |     14209 |     4 | 313.6666666666666667 |     1.5148475036586153 |              1 |     14209 |     5 | 307.2500000000000000 |     1.1437509739918080
              1 |     15632 |     4 | 295.5000000000000000 |     1.0037877651631303 |              1 |     15632 |     5 | 505.5000000000000000 |     1.0246038672346489
              1 |     16196 |     4 | 453.7500000000000000 |     1.0159187997809697 |              1 |     16196 |     5 | 399.7500000000000000 |     1.0851776885678949
              1 |     16220 |     4 | 208.7500000000000000 |     1.0052834715580551 |              1 |     16220 |     5 | 390.0000000000000000 |     1.1446327312351590
              1 |     16601 |     4 | 441.6666666666666667 |     1.0280201102598204 |              1 |     16601 |     5 | 233.5000000000000000 |     1.0576829075511520
              1 |     17221 |     4 | 342.3333333333333333 |     1.3778857739046164 |              1 |     17221 |     5 | 258.0000000000000000 |     1.0172726572729767
              1 |     17489 |     4 | 276.7500000000000000 |     1.0977087965804336 |              1 |     17489 |     5 | 198.0000000000000000 |     1.6079071611572576
              2 |        65 |     4 | 401.3333333333333333 |     1.1081299978523571 |              2 |        65 |     5 | 353.2500000000000000 |     1.0049669566462222
              2 |       175 |     4 | 290.2500000000000000 |     1.5108949065037761 |              2 |       175 |     5 | 404.5000000000000000 |     1.0201832108026477
              2 |       427 |     4 | 254.0000000000000000 |     1.5275827310988228 |              2 |       427 |     5 | 219.0000000000000000 |     1.1394379197182557
              2 |       611 |     4 | 373.2500000000000000 |     1.1427244018402465 |              2 |       611 |     5 | 327.5000000000000000 |     1.0376783758135389
              2 |       643 |     4 | 328.2500000000000000 |     1.0492691071798324 |              2 |       643 |     5 | 234.6666666666666667 |     1.0638597658379616
              2 |       662 |     4 | 326.2500000000000000 |     1.0398844826855264 |              2 |       662 |     5 | 368.6666666666666667 |     1.2688664647239358
              2 |      1181 |     4 | 284.2500000000000000 |     1.1370490889342938 |              2 |      1181 |     5 | 200.5000000000000000 |     1.0936349199235810
              2 |      1994 |     4 | 345.7500000000000000 |     1.2675734612454866 |              2 |      1994 |     5 | 474.0000000000000000 |     1.0204386411660970
              2 |      2012 |     4 | 341.5000000000000000 |     1.2563749806552416 |              2 |      2012 |     5 | 344.7500000000000000 |     1.0826479576164873
              2 |      3575 |     4 | 293.5000000000000000 |     1.1930573877406610 |              2 |      3575 |     5 | 358.5000000000000000 |     1.0219374407895509
              2 |      3667 |     4 | 261.3333333333333333 |     1.4802756161016620 |              2 |      3667 |     5 | 376.6666666666666667 |     1.1629298459543150
              2 |      4627 |     4 | 145.2500000000000000 |     1.0089660781552909 |              2 |      4627 |     5 | 221.6666666666666667 |     1.0995895502585594
              2 |      6295 |     4 | 357.0000000000000000 |     1.1173158831546695 |              2 |      6295 |     5 | 519.5000000000000000 |     1.1174873288819172
              2 |      7265 |     4 | 387.0000000000000000 |     1.0933886984968424 |              2 |      7265 |     5 | 163.5000000000000000 |     1.2063926255674801
              2 |      7850 |     4 | 319.3333333333333333 |     1.1416298516164603 |              2 |      7850 |     5 | 143.2500000000000000 |     1.1729739574498639
              2 |      8467 |     4 | 268.5000000000000000 |     1.2097902152336574 |              2 |      8467 |     5 | 377.5000000000000000 |     1.1039833754662464
              2 |      8623 |     4 | 364.0000000000000000 |     1.1584527787696896 |              2 |      8623 |     5 | 495.2500000000000000 |     1.0191962740336618
              2 |      8786 |     4 | 276.5000000000000000 |     1.1133818145897324 |              2 |      8786 |     5 | 323.7500000000000000 |     1.1848002714754780
              2 |      9188 |     4 | 130.7500000000000000 |     1.2019800372830516 |              2 |      9188 |     5 | 302.3333333333333333 |     1.0996605285857795
              2 |      9308 |     4 | 213.0000000000000000 |     1.1230703787428592 |              2 |      9308 |     5 | 385.6666666666666667 |     1.1913476900444183
              2 |     10387 |     4 | 356.2500000000000000 |     1.1340776438080814 |              2 |     10387 |     5 | 261.5000000000000000 |     1.1292256609804207
              2 |     11102 |     4 | 335.0000000000000000 |     1.0425947376785343 |              2 |     11102 |     5 | 378.5000000000000000 |     1.1804119665831044
              2 |     11585 |     4 | 344.7500000000000000 |     1.2229003291919884 |              2 |     11585 |     5 | 360.2500000000000000 |     1.0390616031635337
              2 |     11587 |     4 | 302.7500000000000000 |     1.0944113621997457 |              2 |     11587 |     5 | 406.3333333333333333 |     1.1767918980934405
              2 |     11687 |     4 | 319.2500000000000000 |     1.2568286585931088 |              2 |     11687 |     5 | 386.3333333333333333 |     1.1561291894257584
              2 |     12125 |     4 | 275.7500000000000000 |     1.1172377804705966 |              2 |     12125 |     5 | 447.0000000000000000 |     1.0999342761812550
              2 |     12962 |     4 | 451.6666666666666667 |     1.0637272387241092 |              2 |     12962 |     5 | 322.6666666666666667 |     1.2807138628238027
              2 |     13721 |     4 | 249.7500000000000000 |     1.5912423571199359 |              2 |     13721 |     5 | 355.6666666666666667 |     1.1666241178501828
              2 |     13823 |     4 | 357.7500000000000000 |     1.2505840666508903 |              2 |     13823 |     5 | 278.5000000000000000 |     1.0765228276976122
              2 |     14405 |     4 | 312.2500000000000000 |     1.0251946705828022 |              2 |     14405 |     5 | 284.0000000000000000 |     1.3624288574898944
              2 |     15157 |     4 | 312.2500000000000000 |     1.0721023909623251 |              2 |     15157 |     5 | 423.3333333333333333 |     1.1055353655206551
              2 |     15746 |     4 | 436.0000000000000000 |     1.0700174273536399 |              2 |     15746 |     5 | 293.7500000000000000 |     1.6136131310363983
              2 |     15884 |     4 | 367.2500000000000000 |     1.1640762899557876 |              2 |     15884 |     5 | 284.0000000000000000 |     1.1068479622597465
              2 |     17311 |     4 | 395.0000000000000000 |     1.0301651255345671 |              2 |     17311 |     5 | 370.0000000000000000 |     1.0815562019016514
              2 |     17585 |     4 | 264.0000000000000000 |     1.3356914982098068 |              2 |     17585 |     5 | 208.7500000000000000 |     1.1498694154169246
              2 |     17834 |     4 | 357.0000000000000000 |     1.0543270016860616 |              2 |     17834 |     5 | 282.3333333333333333 |     1.1798681081883081
              3 |       865 |     4 | 385.0000000000000000 |     1.0497384736160831 |              3 |       865 |     5 | 382.7500000000000000 |     1.1241803905085983
              3 |      1910 |     4 | 298.7500000000000000 |     1.5255726639873305 |              3 |      1910 |     5 | 498.2500000000000000 |     1.0698983228586713
              3 |      2438 |     4 | 370.3333333333333333 |     1.0698738825574779 |              3 |      2438 |     5 | 370.6666666666666667 |     1.0355507708691394
              3 |      2819 |     4 | 330.0000000000000000 |     1.2081677952534576 |              3 |      2819 |     5 | 338.7500000000000000 |     1.0015877701434391
              3 |      3092 |     4 | 283.0000000000000000 |     1.0109136550385371 |              3 |      3092 |     5 | 330.0000000000000000 |     1.0943170673499879
              3 |      3119 |     4 | 396.6666666666666667 |     1.3197480998129748 |              3 |      3119 |     5 | 397.5000000000000000 |     1.0292075714593836
              3 |      3137 |     4 | 161.0000000000000000 |     1.2700711677149379 |              3 |      3137 |     5 | 200.3333333333333333 |     1.0063447492521165
              3 |      3764 |     4 | 305.5000000000000000 |     1.1019661528166187 |              3 |      3764 |     5 |  95.0000000000000000 |     1.0166844525637978
              3 |      4019 |     4 | 384.6666666666666667 |     1.0628142704501205 |              3 |      4019 |     5 | 404.7500000000000000 |     1.0412526529945942
              3 |      4175 |     4 | 324.2500000000000000 |     1.1296301124674880 |              3 |      4175 |     5 | 336.7500000000000000 |     1.3343511827213601
              3 |      4307 |     4 | 248.5000000000000000 |     1.2152939713314889 |              3 |      4307 |     5 | 352.0000000000000000 |     1.2240362681066676
              3 |      4577 |     4 | 186.5000000000000000 |     1.1868856068969169 |              3 |      4577 |     5 | 311.0000000000000000 |     1.1640433921967653
              3 |      5471 |     4 | 328.0000000000000000 |     1.0315606336364970 |              3 |      5471 |     5 | 287.7500000000000000 |     1.3035663199466794
              3 |      7376 |     4 | 308.0000000000000000 |     1.0623616091882857 |              3 |      7376 |     5 | 329.0000000000000000 |     1.1186814369392979
              3 |      7561 |     4 | 206.5000000000000000 |     1.1060314301368281 |              3 |      7561 |     5 | 363.0000000000000000 |     1.0029465300753802
              3 |      7925 |     4 | 423.0000000000000000 |     1.0403180663689078 |              3 |      7925 |     5 | 141.7500000000000000 |     1.0118211539069489
              3 |      8029 |     4 | 239.5000000000000000 |     1.6321086016916284 |              3 |      8029 |     5 | 312.6666666666666667 |     1.0469582537952985
              3 |      8527 |     4 | 311.5000000000000000 |     1.2238327647218620 |              3 |      8527 |     5 | 385.3333333333333333 |     1.1448323833858910
              3 |      9547 |     4 | 315.7500000000000000 |     1.3153884459818401 |              3 |      9547 |     5 | 438.6666666666666667 |     1.0138979473242128
              3 |      9746 |     4 | 353.5000000000000000 |     1.1606912548125827 |              3 |      9746 |     5 | 374.7500000000000000 |     1.1455049475437625
              3 |     10124 |     4 | 206.0000000000000000 |     1.2910005331518981 |              3 |     10124 |     5 | 373.0000000000000000 |     1.1466134082914799
              3 |     10712 |     4 | 348.0000000000000000 |     1.2282592111012931 |              3 |     10712 |     5 | 318.3333333333333333 |     1.3145924407480021
              3 |     10901 |     4 | 379.0000000000000000 |     1.0793438151124697 |              3 |     10901 |     5 | 361.7500000000000000 |     1.0717380458015093
              3 |     10987 |     4 | 346.6666666666666667 |     1.3133281411029837 |              3 |     10987 |     5 | 280.0000000000000000 |     1.4611319114251929
              3 |     11051 |     4 | 215.6666666666666667 |     1.0889471279458331 |              3 |     11051 |     5 | 334.2500000000000000 |     1.2373053734440269
              3 |     11294 |     4 | 391.2500000000000000 |     1.1679986845146428 |              3 |     11294 |     5 | 208.0000000000000000 |     1.0383354030708077
              3 |     11443 |     4 | 212.2500000000000000 |     1.1478897073211025 |              3 |     11443 |     5 | 360.7500000000000000 |     1.0015906834404906
              3 |     11996 |     4 | 429.6666666666666667 |     1.1217909923712917 |              3 |     11996 |     5 | 318.7500000000000000 |     1.1434806376716549
              3 |     12011 |     4 | 269.5000000000000000 |     1.3112898148106382 |              3 |     12011 |     5 | 458.5000000000000000 |     1.0588803771506674
              3 |     12782 |     4 | 424.6666666666666667 |     1.0829396991938571 |              3 |     12782 |     5 | 471.0000000000000000 |     1.3361465716688471
              3 |     14318 |     4 | 383.2500000000000000 |     1.0726755030772811 |              3 |     14318 |     5 | 322.7500000000000000 |     1.1408084885648149
              3 |     15215 |     4 | 160.7500000000000000 |     1.4443639332992348 |              3 |     15215 |     5 | 333.5000000000000000 |     1.3568815026765757
              3 |     15686 |     4 | 287.5000000000000000 |     1.1147685906554922 |              3 |     15686 |     5 | 247.3333333333333333 |     1.0060021771397466
              3 |     16385 |     4 | 339.5000000000000000 |     1.2965355796738999 |              3 |     16385 |     5 | 408.3333333333333333 |     1.0830398239714947
              3 |     16934 |     4 | 290.7500000000000000 |     1.5276850264686156 |              3 |     16934 |     5 | 291.6666666666666667 |     1.0635057928514400
              3 |     17429 |     4 | 184.7500000000000000 |     1.0457189455693478 |              3 |     17429 |     5 | 100.5000000000000000 |     1.0624191438723251
              3 |     17648 |     4 | 412.6666666666666667 |     1.0282872685762367 |              3 |     17648 |     5 | 447.7500000000000000 |     1.1133116448550999
              4 |       158 |     4 | 134.0000000000000000 |     1.4836176257293433 |              4 |       158 |     5 | 363.6666666666666667 |     1.1787518548002951
              4 |       221 |     4 | 318.2500000000000000 |     1.1745839382041760 |              4 |       221 |     5 | 348.2500000000000000 |     1.0418136115514831
              4 |       257 |     4 | 231.0000000000000000 |     1.6597088702101688 |              4 |       257 |     5 | 339.7500000000000000 |     1.3299653002075467
              4 |       572 |     4 | 438.7500000000000000 |     1.0509312076543521 |              4 |       572 |     5 | 355.5000000000000000 |     1.0172565806198762
              4 |       649 |     4 | 320.2500000000000000 |     1.0208986197210429 |              4 |       649 |     5 | 301.7500000000000000 |     1.2443399576583596
              4 |      1088 |     4 | 410.5000000000000000 |     1.0802728115316322 |              4 |      1088 |     5 | 405.3333333333333333 |     1.1215166741932204
              4 |      3017 |     4 | 330.3333333333333333 |     1.5746632379411382 |              4 |      3017 |     5 | 377.6666666666666667 |     1.0658963356866858
              4 |      3275 |     4 | 256.2500000000000000 |     1.3880048150661580 |              4 |      3275 |     5 | 316.2500000000000000 |     1.1802570094880538
              4 |      3686 |     4 | 401.7500000000000000 |     1.0378532216808836 |              4 |      3686 |     5 | 275.5000000000000000 |     1.3129330448669256
              4 |      3893 |     4 | 396.2500000000000000 |     1.0745719889403079 |              4 |      3893 |     5 | 376.5000000000000000 |     1.1264052540783639
              4 |      4388 |     4 | 131.5000000000000000 |     1.6453820723391863 |              4 |      4388 |     5 | 348.5000000000000000 |     1.0739287430565165
              4 |      4427 |     4 | 375.3333333333333333 |     1.0140878787711980 |              4 |      4427 |     5 | 401.0000000000000000 |     1.1459443052865686
              4 |      4429 |     4 | 351.2500000000000000 |     1.0991987949897423 |              4 |      4429 |     5 | 267.5000000000000000 |     1.3720271276012897
              4 |      4621 |     4 | 375.0000000000000000 |     1.0999496284763147 |              4 |      4621 |     5 | 378.5000000000000000 |     1.1225321373331466
              4 |      4699 |     4 | 480.5000000000000000 |     1.0910528493937877 |              4 |      4699 |     5 | 286.5000000000000000 |     1.2501371770246597
              4 |      5293 |     4 | 316.0000000000000000 |     1.0973668795158228 |              4 |      5293 |     5 | 369.6666666666666667 |     1.3827189891113886
              4 |      5567 |     4 | 242.7500000000000000 |     1.2140399135122636 |              4 |      5567 |     5 | 342.5000000000000000 |     1.2023112816547182
              4 |      6065 |     4 | 137.3333333333333333 |     1.0816559057939709 |              4 |      6065 |     5 | 339.0000000000000000 |     1.0967185066573540
              4 |      6257 |     4 | 374.5000000000000000 |     1.1978192939730734 |              4 |      6257 |     5 | 219.2500000000000000 |     1.3135604068726203
              4 |      6685 |     4 | 430.6666666666666667 |     1.1476235119986455 |              4 |      6685 |     5 | 354.5000000000000000 |     1.1713129988696023
              4 |      7333 |     4 | 375.0000000000000000 |     1.1138497804162533 |              4 |      7333 |     5 | 274.7500000000000000 |     1.0774921201231956
              4 |      7723 |     4 | 322.3333333333333333 |     1.6087031594380548 |              4 |      7723 |     5 | 247.3333333333333333 |     1.0148355365031429
              4 |      7795 |     4 | 296.2500000000000000 |     1.0655707485917367 |              4 |      7795 |     5 | 378.7500000000000000 |     1.0888592573148752
              4 |      7922 |     4 | 252.0000000000000000 |     1.2224541111705833 |              4 |      7922 |     5 | 357.7500000000000000 |     1.1971482756576548
              4 |      8251 |     4 | 333.0000000000000000 |     1.0295381672024685 |              4 |      8251 |     5 | 427.6666666666666667 |     1.0535256487133780
              4 |      8501 |     4 | 408.7500000000000000 |     1.0096131007893333 |              4 |      8501 |     5 | 419.2500000000000000 |     1.0390535779941491
              4 |      8648 |     4 | 406.0000000000000000 |     1.0053506138390246 |              4 |      8648 |     5 | 268.2500000000000000 |     1.2855080042011817
              4 |      8894 |     4 | 373.6666666666666667 |     1.2273156520029260 |              4 |      8894 |     5 | 292.2500000000000000 |     1.0780936703782994
              4 |      9379 |     4 | 367.0000000000000000 |     1.1080262339811499 |              4 |      9379 |     5 | 465.7500000000000000 |     1.0659850653164981
              4 |     10034 |     4 | 314.0000000000000000 |     1.1805496656573567 |              4 |     10034 |     5 |  98.2500000000000000 |     1.0317075176561150
              4 |     10153 |     4 | 421.6666666666666667 |     1.0060098432184791 |              4 |     10153 |     5 | 353.5000000000000000 |     1.1258046451473013
              4 |     10357 |     4 | 143.2500000000000000 |     1.2270651602785131 |              4 |     10357 |     5 | 101.0000000000000000 |     1.4885439733089703
              4 |     10406 |     4 | 232.7500000000000000 |     1.2066966859539119 |              4 |     10406 |     5 | 406.0000000000000000 |     1.0133245600883448
              4 |     10589 |     4 | 411.6666666666666667 |     1.1585092223002372 |              4 |     10589 |     5 | 283.0000000000000000 |     1.3263676588377385
              4 |     10717 |     4 | 263.2500000000000000 |     1.6701925801144463 |              4 |     10717 |     5 | 366.5000000000000000 |     1.0335567237214952
              4 |     10838 |     4 | 313.7500000000000000 |     1.0814206108192574 |              4 |     10838 |     5 | 290.5000000000000000 |     1.0756511731342203
              4 |     10901 |     4 | 393.2500000000000000 |     1.0142453870283077 |              4 |     10901 |     5 | 276.2500000000000000 |     1.5718950766879385
              4 |     11054 |     4 | 410.3333333333333333 |     1.1507936473080902 |              4 |     11054 |     5 | 331.5000000000000000 |     1.0507253998080935
              4 |     11549 |     4 | 361.6666666666666667 |     1.1098974780653945 |              4 |     11549 |     5 | 296.5000000000000000 |     1.0465443240924958
              4 |     11666 |     4 | 385.5000000000000000 |     1.0509358747301738 |              4 |     11666 |     5 | 262.5000000000000000 |     1.1258609202700762
              4 |     11935 |     4 | 199.3333333333333333 |     1.2890275994768528 |              4 |     11935 |     5 | 376.7500000000000000 |     1.0537020900016377
              4 |     12185 |     4 | 478.6666666666666667 |     1.0028210590265306 |              4 |     12185 |     5 | 280.5000000000000000 | 1.00076281881337967914
              4 |     12587 |     4 | 270.0000000000000000 |     1.0539407184237333 |              4 |     12587 |     5 | 404.6666666666666667 |     1.0854325105726755
              4 |     12926 |     4 | 408.7500000000000000 |     1.0243168758313346 |              4 |     12926 |     5 | 210.5000000000000000 |     1.0119656936577055
              4 |     12949 |     4 | 340.2500000000000000 |     1.1023760034167318 |              4 |     12949 |     5 |  41.3333333333333333 |     1.1071908092254463
              4 |     13244 |     4 | 261.5000000000000000 |     1.3800203622616023 |              4 |     13244 |     5 | 476.7500000000000000 |     1.0007425784931075
              4 |     14864 |     4 | 312.7500000000000000 |     1.0151576372198209 |              4 |     14864 |     5 | 261.5000000000000000 |     1.1033835731199426
              4 |     15719 |     4 | 302.2500000000000000 |     1.3195238706994276 |              4 |     15719 |     5 | 359.0000000000000000 |     1.0865390404553983
              4 |     16031 |     4 | 309.0000000000000000 |     1.1467427976353107 |              4 |     16031 |     5 | 272.2500000000000000 |     1.1821864090266189
              4 |     16171 |     4 | 241.2500000000000000 |     1.2651538422965430 |              4 |     16171 |     5 | 413.3333333333333333 |     1.1180569657992000
              4 |     16519 |     4 | 254.2500000000000000 |     1.3187699358004366 |              4 |     16519 |     5 | 394.7500000000000000 |     1.0742436499683015
              4 |     17420 |     4 | 150.5000000000000000 |     1.1813360524353953 |              4 |     17420 |     5 | 441.2500000000000000 |     1.0161593788417292
              4 |     17519 |     4 | 246.7500000000000000 |     1.2251018000513191 |              4 |     17519 |     5 | 176.3333333333333333 |     1.5332094795349055
              4 |     17551 |     4 | 363.0000000000000000 |     1.1327038486683554 |              4 |     17551 |     5 | 352.6666666666666667 |     1.3288374532803658
              5 |       164 |     4 | 353.2500000000000000 |     1.2043164549532484 |              5 |       164 |     5 | 297.0000000000000000 |     1.0087008627420269
              5 |       179 |     4 | 148.7500000000000000 |     1.3248005100760538 |              5 |       179 |     5 | 189.0000000000000000 |     1.4917538798434709
              5 |       523 |     4 | 334.3333333333333333 |     1.4288512623353659 |              5 |       523 |     5 | 319.7500000000000000 |     1.0677226901688256
              5 |      1321 |     4 | 349.0000000000000000 |     1.2086495169800458 |              5 |      1321 |     5 | 225.2500000000000000 | 1.00225109740412430633
              5 |      1415 |     4 | 323.0000000000000000 |     1.1273771799401300 |              5 |      1415 |     5 | 376.0000000000000000 |     1.0216920697441090
              5 |      2345 |     4 | 313.2500000000000000 |     1.1319210702206576 |              5 |      2345 |     5 | 367.7500000000000000 |     1.0347179344733841
              5 |      2348 |     4 | 357.6666666666666667 |     1.2879793187057978 |              5 |      2348 |     5 | 381.7500000000000000 |     1.0695567733205108
              5 |      2567 |     4 | 374.0000000000000000 |     1.0844831010757246 |              5 |      2567 |     5 | 154.5000000000000000 |     1.0918449908082977
              5 |      2921 |     4 | 398.5000000000000000 |     1.0872100319160151 |              5 |      2921 |     5 | 338.5000000000000000 |     1.0088716403391462
              5 |      3043 |     4 | 432.0000000000000000 |     1.0792772874965440 |              5 |      3043 |     5 | 172.0000000000000000 |     1.2156864134809244
              5 |      3919 |     4 | 260.0000000000000000 |     1.2565724646729923 |              5 |      3919 |     5 | 372.3333333333333333 |     1.3995861910495622
              5 |      4501 |     4 | 353.7500000000000000 |     1.0914037591213880 |              5 |      4501 |     5 | 458.2500000000000000 |     1.0895721148808816
              5 |      5291 |     4 | 418.0000000000000000 |     1.0222022678515622 |              5 |      5291 |     5 | 274.3333333333333333 |     1.4814829059212296
              5 |      5491 |     4 | 434.0000000000000000 |     1.0352333958068641 |              5 |      5491 |     5 | 359.3333333333333333 |     1.1336691389582477
              5 |      5726 |     4 | 318.2500000000000000 |     1.2397853154187431 |              5 |      5726 |     5 | 373.5000000000000000 |     1.1381431315711084
              5 |      5765 |     4 | 342.2500000000000000 |     1.1437712880556611 |              5 |      5765 |     5 | 474.7500000000000000 |     1.0518445029822159
              5 |      6119 |     4 | 254.0000000000000000 |     1.3043563173806496 |              5 |      6119 |     5 | 154.5000000000000000 |     1.0933275908911456
              5 |      7009 |     4 | 337.5000000000000000 |     1.1810309911697215 |              5 |      7009 |     5 | 392.0000000000000000 |     1.0179455829137959
              5 |      7247 |     4 | 329.7500000000000000 |     1.1987492147405489 |              5 |      7247 |     5 | 197.2500000000000000 |     1.3927549758923904
              5 |      7700 |     4 | 365.5000000000000000 |     1.0538654800769001 |              5 |      7700 |     5 | 343.3333333333333333 |     1.0612552036245961
              5 |      7913 |     4 | 387.7500000000000000 |     1.0627434554005003 |              5 |      7913 |     5 | 313.7500000000000000 |     1.1590624968253482
              5 |      8111 |     4 | 299.5000000000000000 |     1.1165723432261636 |              5 |      8111 |     5 | 204.5000000000000000 |     1.1046042391572861
              5 |      8144 |     4 | 455.2500000000000000 |     1.1050808287692982 |              5 |      8144 |     5 | 372.2500000000000000 |     1.1212534891844701
              5 |      8449 |     4 | 369.0000000000000000 |     1.1285454416351978 |              5 |      8449 |     5 | 356.6666666666666667 |     1.0311101063214336
              5 |      8492 |     4 | 251.3333333333333333 |     1.3178373136923143 |              5 |      8492 |     5 | 368.0000000000000000 |     1.1393552196901359
              5 |      8636 |     4 | 253.0000000000000000 |     1.2897312543439526 |              5 |      8636 |     5 | 324.5000000000000000 |     1.1783769353947673
              5 |      8918 |     4 | 337.6666666666666667 |     1.2913511886557680 |              5 |      8918 |     5 | 194.7500000000000000 |     1.0029927373967240
              5 |      9115 |     4 | 282.6666666666666667 |     1.3311213987042241 |              5 |      9115 |     5 | 241.7500000000000000 |     1.1444065815561448
              5 |      9181 |     4 | 351.0000000000000000 |     1.0641473767914615 |              5 |      9181 |     5 | 384.0000000000000000 |     1.0079728644305078
              5 |      9485 |     4 | 409.0000000000000000 |     1.2223985292882176 |              5 |      9485 |     5 | 232.0000000000000000 |     1.0196919148783750
              5 |     10099 |     4 | 352.0000000000000000 |     1.2497223348633068 |              5 |     10099 |     5 | 318.7500000000000000 |     1.1095253582361286
              5 |     10820 |     4 | 350.3333333333333333 |     1.4732185280727317 |              5 |     10820 |     5 | 294.7500000000000000 |     1.2809291239779746
              5 |     11486 |     4 | 360.7500000000000000 |     1.1772592211034761 |              5 |     11486 |     5 | 375.7500000000000000 |     1.0060381869232442
              5 |     12197 |     4 | 299.2500000000000000 |     1.0846556199369190 |              5 |     12197 |     5 | 185.0000000000000000 |     1.2624061727592649
              5 |     12655 |     4 | 401.2500000000000000 |     1.0380919933804012 |              5 |     12655 |     5 | 148.0000000000000000 |     1.0591310508653919
              5 |     12941 |     4 | 240.0000000000000000 |     1.0797215433208292 |              5 |     12941 |     5 | 324.7500000000000000 |     1.2102997529473503
              5 |     13513 |     4 | 285.7500000000000000 |     1.0385051383685809 |              5 |     13513 |     5 | 328.7500000000000000 |     1.0424022158834646
              5 |     13825 |     4 | 443.7500000000000000 |     1.0518197705546096 |              5 |     13825 |     5 | 366.5000000000000000 |     1.0042941747904311
              5 |     13969 |     4 | 308.0000000000000000 |     1.0878868412096006 |              5 |     13969 |     5 | 329.0000000000000000 |     1.2656134935238723
              5 |     14119 |     4 | 215.7500000000000000 |     1.3977376885440927 |              5 |     14119 |     5 | 288.0000000000000000 |     1.0548395476058993
              5 |     15080 |     4 | 351.0000000000000000 |     1.1000078339305556 |              5 |     15080 |     5 | 425.3333333333333333 |     1.0447587369283801
              5 |     15613 |     4 | 347.2500000000000000 |     1.0403673437777970 |              5 |     15613 |     5 | 345.5000000000000000 |     1.2086781239444718
              5 |     16016 |     4 | 310.0000000000000000 |     1.2163500554978161 |              5 |     16016 |     5 | 352.3333333333333333 |     1.2946811605202100
              5 |     16040 |     4 | 445.7500000000000000 |     1.0279492471246685 |              5 |     16040 |     5 | 266.6666666666666667 |     1.0830317689246237
              5 |     16376 |     4 | 380.7500000000000000 |     1.0646556309874038 |              5 |     16376 |     5 | 261.2500000000000000 |     1.2250254100745837
              5 |     16913 |     4 | 436.0000000000000000 | 1.00142720727826605505 |              5 |     16913 |     5 | 243.2500000000000000 |     1.0627298099772621
              5 |     16993 |     4 | 134.2500000000000000 |     1.4548406455613706 |              5 |     16993 |     5 | 276.2500000000000000 |     1.2623103342687855
              5 |     17081 |     4 | 438.6666666666666667 |     1.0120972968428594 |              5 |     17081 |     5 | 426.7500000000000000 |     1.0184894401423269
              5 |     17594 |     4 | 270.3333333333333333 |     1.4741203526094303 |              5 |     17594 |     5 | 224.0000000000000000 |     1.0939868548206652
              5 |     17921 |     4 | 342.0000000000000000 |     1.1157668948802749 |              5 |     17921 |     5 | 355.3333333333333333 |     1.5672322947727570
(212 rows)

with inv as
(select w_warehouse_name,w_warehouse_sk,i_item_sk,d_moy
       ,stdev,mean, case mean when 0 then null else stdev/mean end cov
 from(select w_warehouse_name,w_warehouse_sk,i_item_sk,d_moy
            ,stddev_samp(inv_quantity_on_hand) stdev,avg(inv_quantity_on_hand) mean
      from inventory
          ,item
          ,warehouse
          ,date_dim
      where inv_item_sk = i_item_sk
        and inv_warehouse_sk = w_warehouse_sk
        and inv_date_sk = d_date_sk
        and d_year =2000
      group by w_warehouse_name,w_warehouse_sk,i_item_sk,d_moy) foo
 where case mean when 0 then 0 else stdev/mean end > 1)
select inv1.w_warehouse_sk,inv1.i_item_sk,inv1.d_moy,inv1.mean, inv1.cov
        ,inv2.w_warehouse_sk,inv2.i_item_sk,inv2.d_moy,inv2.mean, inv2.cov
from inv inv1,inv inv2
where inv1.i_item_sk = inv2.i_item_sk
  and inv1.w_warehouse_sk =  inv2.w_warehouse_sk
  and inv1.d_moy=4
  and inv2.d_moy=4+1
  and inv1.cov > 1.5
order by inv1.w_warehouse_sk,inv1.i_item_sk,inv1.d_moy,inv1.mean,inv1.cov
        ,inv2.d_moy,inv2.mean, inv2.cov
;
psql:/tmp/s1-basline/throughput/query_5.sql:4329: NOTICE:  duration: 2654.475 ms  plan:
Query Text: with inv as
(select w_warehouse_name,w_warehouse_sk,i_item_sk,d_moy
       ,stdev,mean, case mean when 0 then null else stdev/mean end cov
 from(select w_warehouse_name,w_warehouse_sk,i_item_sk,d_moy
            ,stddev_samp(inv_quantity_on_hand) stdev,avg(inv_quantity_on_hand) mean
      from inventory
          ,item
          ,warehouse
          ,date_dim
      where inv_item_sk = i_item_sk
        and inv_warehouse_sk = w_warehouse_sk
        and inv_date_sk = d_date_sk
        and d_year =2000
      group by w_warehouse_name,w_warehouse_sk,i_item_sk,d_moy) foo
 where case mean when 0 then 0 else stdev/mean end > 1)
select inv1.w_warehouse_sk,inv1.i_item_sk,inv1.d_moy,inv1.mean, inv1.cov
        ,inv2.w_warehouse_sk,inv2.i_item_sk,inv2.d_moy,inv2.mean, inv2.cov
from inv inv1,inv inv2
where inv1.i_item_sk = inv2.i_item_sk
  and inv1.w_warehouse_sk =  inv2.w_warehouse_sk
  and inv1.d_moy=4
  and inv2.d_moy=4+1
  and inv1.cov > 1.5
order by inv1.w_warehouse_sk,inv1.i_item_sk,inv1.d_moy,inv1.mean,inv1.cov
        ,inv2.d_moy,inv2.mean, inv2.cov
;
Sort  (cost=156216.49..156216.49 rows=1 width=168) (actual time=2654.286..2654.451 rows=13 loops=1)
  Sort Key: inv1.w_warehouse_sk, inv1.i_item_sk, inv1.mean, inv1.cov, inv2.mean, inv2.cov
  Sort Method: quicksort  Memory: 26kB
  CTE inv
    ->  Subquery Scan on foo  (cost=153633.23..155271.02 rows=19852 width=130) (actual time=1086.577..2611.799 rows=78021 loops=1)
          ->  HashAggregate  (cost=153633.23..154973.24 rows=19852 width=98) (actual time=1086.575..2589.616 rows=78021 loops=1)
                Group Key: warehouse.w_warehouse_name, warehouse.w_warehouse_sk, item.i_item_sk, date_dim.d_moy
                Filter: (CASE avg(inventory.inv_quantity_on_hand) WHEN '0'::numeric THEN '0'::numeric ELSE (stddev_samp(inventory.inv_quantity_on_hand) / avg(inventory.inv_quantity_on_hand)) END > '1'::numeric)
                Batches: 21  Memory Usage: 34865kB  Disk Usage: 119568kB
                Rows Removed by Filter: 581979
                ->  Gather  (cost=3870.75..152739.89 rows=59556 width=38) (actual time=16.988..397.130 rows=2340000 loops=1)
                      Workers Planned: 3
                      Workers Launched: 3
                      ->  Hash Join  (cost=2870.75..145784.29 rows=19212 width=38) (actual time=21.063..736.294 rows=585000 loops=4)
                            Hash Cond: (inventory.inv_warehouse_sk = warehouse.w_warehouse_sk)
                            ->  Hash Join  (cost=2869.64..145690.01 rows=19212 width=24) (actual time=20.832..601.887 rows=585000 loops=4)
                                  Hash Cond: (inventory.inv_item_sk = item.i_item_sk)
                                  ->  Hash Join  (cost=2322.65..145092.58 rows=19212 width=24) (actual time=16.413..507.403 rows=585000 loops=4)
                                        Hash Cond: (inventory.inv_date_sk = date_dim.d_date_sk)
                                        ->  Parallel Seq Scan on inventory  (cost=0.00..132620.86 rows=3866086 width=28) (actual time=0.020..209.088 rows=2936250 loops=4)
                                        ->  Hash  (cost=2318.11..2318.11 rows=363 width=12) (actual time=14.235..14.236 rows=366 loops=4)
                                              Buckets: 1024  Batches: 1  Memory Usage: 26kB
                                              ->  Seq Scan on date_dim  (cost=0.00..2318.11 rows=363 width=12) (actual time=6.969..14.183 rows=366 loops=4)
                                                    Filter: (d_year = 2000)
                                                    Rows Removed by Filter: 72683
                                  ->  Hash  (cost=321.99..321.99 rows=18000 width=8) (actual time=4.309..4.310 rows=18000 loops=4)
                                        Buckets: 32768  Batches: 1  Memory Usage: 960kB
                                        ->  Index Only Scan using pk_item on item  (cost=0.29..321.99 rows=18000 width=8) (actual time=0.081..2.113 rows=18000 loops=4)
                                              Heap Fetches: 0
                            ->  Hash  (cost=1.05..1.05 rows=5 width=22) (actual time=0.030..0.031 rows=5 loops=4)
                                  Buckets: 1024  Batches: 1  Memory Usage: 9kB
                                  ->  Seq Scan on warehouse  (cost=0.00..1.05 rows=5 width=22) (actual time=0.025..0.026 rows=5 loops=4)
  ->  Hash Join  (cost=448.15..945.45 rows=1 width=168) (actual time=2643.329..2654.273 rows=13 loops=1)
        Hash Cond: ((inv1.i_item_sk = inv2.i_item_sk) AND (inv1.w_warehouse_sk = inv2.w_warehouse_sk))
        ->  CTE Scan on inv inv1  (cost=0.00..496.30 rows=33 width=84) (actual time=1092.795..1103.778 rows=111 loops=1)
              Filter: ((cov > 1.5) AND (d_moy = 4))
              Rows Removed by Filter: 77910
        ->  Hash  (cost=446.67..446.67 rows=99 width=84) (actual time=1550.462..1550.463 rows=3141 loops=1)
              Buckets: 4096 (originally 1024)  Batches: 1 (originally 1)  Memory Usage: 254kB
              ->  CTE Scan on inv inv2  (cost=0.00..446.67 rows=99 width=84) (actual time=0.003..1549.746 rows=3141 loops=1)
                    Filter: (d_moy = 5)
                    Rows Removed by Filter: 74880
 w_warehouse_sk | i_item_sk | d_moy |         mean         |        cov         | w_warehouse_sk | i_item_sk | d_moy |         mean         |        cov         
----------------+-----------+-------+----------------------+--------------------+----------------+-----------+-------+----------------------+--------------------
              1 |     13271 |     4 | 263.5000000000000000 | 1.6439180493950209 |              1 |     13271 |     5 | 100.0000000000000000 | 1.3511476603243600
              1 |     14209 |     4 | 313.6666666666666667 | 1.5148475036586153 |              1 |     14209 |     5 | 307.2500000000000000 | 1.1437509739918080
              2 |       175 |     4 | 290.2500000000000000 | 1.5108949065037761 |              2 |       175 |     5 | 404.5000000000000000 | 1.0201832108026477
              2 |       427 |     4 | 254.0000000000000000 | 1.5275827310988228 |              2 |       427 |     5 | 219.0000000000000000 | 1.1394379197182557
              2 |     13721 |     4 | 249.7500000000000000 | 1.5912423571199359 |              2 |     13721 |     5 | 355.6666666666666667 | 1.1666241178501828
              3 |      1910 |     4 | 298.7500000000000000 | 1.5255726639873305 |              3 |      1910 |     5 | 498.2500000000000000 | 1.0698983228586713
              3 |      8029 |     4 | 239.5000000000000000 | 1.6321086016916284 |              3 |      8029 |     5 | 312.6666666666666667 | 1.0469582537952985
              3 |     16934 |     4 | 290.7500000000000000 | 1.5276850264686156 |              3 |     16934 |     5 | 291.6666666666666667 | 1.0635057928514400
              4 |       257 |     4 | 231.0000000000000000 | 1.6597088702101688 |              4 |       257 |     5 | 339.7500000000000000 | 1.3299653002075467
              4 |      3017 |     4 | 330.3333333333333333 | 1.5746632379411382 |              4 |      3017 |     5 | 377.6666666666666667 | 1.0658963356866858
              4 |      4388 |     4 | 131.5000000000000000 | 1.6453820723391863 |              4 |      4388 |     5 | 348.5000000000000000 | 1.0739287430565165
              4 |      7723 |     4 | 322.3333333333333333 | 1.6087031594380548 |              4 |      7723 |     5 | 247.3333333333333333 | 1.0148355365031429
              4 |     10717 |     4 | 263.2500000000000000 | 1.6701925801144463 |              4 |     10717 |     5 | 366.5000000000000000 | 1.0335567237214952
(13 rows)

UPDATE time_statistics SET e_time = TRANSACTION_TIMESTAMP() WHERE template = 'query39.tpl' AND stream = 5;
psql:/tmp/s1-basline/throughput/query_5.sql:4331: NOTICE:  duration: 0.123 ms  plan:
Query Text: UPDATE time_statistics SET e_time = TRANSACTION_TIMESTAMP() WHERE template = 'query39.tpl' AND stream = 5;
Update on time_statistics  (cost=0.00..22.34 rows=0 width=0) (actual time=0.122..0.122 rows=0 loops=1)
  ->  Seq Scan on time_statistics  (cost=0.00..22.34 rows=1 width=14) (actual time=0.092..0.107 rows=1 loops=1)
        Filter: ((template = 'query39.tpl'::text) AND (stream = 5))
        Rows Removed by Filter: 772
UPDATE 1
LOAD 'auto_explain'; SET auto_explain.log_min_duration TO 0; SET auto_explain.log_analyze TO on; SET auto_explain.log_level TO notice; INSERT INTO time_statistics (template, s_time, stream, query, seed) VALUES ('query72.tpl', TRANSACTION_TIMESTAMP(), 5, 85, 2059515974);
LOAD
SET
SET
SET
psql:/tmp/s1-basline/throughput/query_5.sql:4332: NOTICE:  duration: 0.009 ms  plan:
Query Text: INSERT INTO time_statistics (template, s_time, stream, query, seed) VALUES ('query72.tpl', TRANSACTION_TIMESTAMP(), 5, 85, 2059515974);
Insert on time_statistics  (cost=0.00..0.01 rows=0 width=0) (actual time=0.008..0.009 rows=0 loops=1)
  ->  Result  (cost=0.00..0.01 rows=1 width=64) (actual time=0.002..0.002 rows=1 loops=1)
INSERT 0 1
select  i_item_desc
      ,w_warehouse_name
      ,d1.d_week_seq
      ,sum(case when p_promo_sk is null then 1 else 0 end) no_promo
      ,sum(case when p_promo_sk is not null then 1 else 0 end) promo
      ,count(*) total_cnt
from catalog_sales
join inventory on (cs_item_sk = inv_item_sk)
join warehouse on (w_warehouse_sk=inv_warehouse_sk)
join item on (i_item_sk = cs_item_sk)
join customer_demographics on (cs_bill_cdemo_sk = cd_demo_sk)
join household_demographics on (cs_bill_hdemo_sk = hd_demo_sk)
join date_dim d1 on (cs_sold_date_sk = d1.d_date_sk)
join date_dim d2 on (inv_date_sk = d2.d_date_sk)
join date_dim d3 on (cs_ship_date_sk = d3.d_date_sk)
left outer join promotion on (cs_promo_sk=p_promo_sk)
left outer join catalog_returns on (cr_item_sk = cs_item_sk and cr_order_number = cs_order_number)
where d1.d_week_seq = d2.d_week_seq
  and inv_quantity_on_hand < cs_quantity 
  and d3.d_date > d1.d_date + 5
  and hd_buy_potential = '>10000'
  and d1.d_year = 2002
  and cd_marital_status = 'S'
group by i_item_desc,w_warehouse_name,d1.d_week_seq
order by total_cnt desc, i_item_desc, w_warehouse_name, d_week_seq
limit 100;
psql:/tmp/s1-basline/throughput/query_5.sql:4358: NOTICE:  duration: 465.926 ms  plan:
Query Text: select  i_item_desc
      ,w_warehouse_name
      ,d1.d_week_seq
      ,sum(case when p_promo_sk is null then 1 else 0 end) no_promo
      ,sum(case when p_promo_sk is not null then 1 else 0 end) promo
      ,count(*) total_cnt
from catalog_sales
join inventory on (cs_item_sk = inv_item_sk)
join warehouse on (w_warehouse_sk=inv_warehouse_sk)
join item on (i_item_sk = cs_item_sk)
join customer_demographics on (cs_bill_cdemo_sk = cd_demo_sk)
join household_demographics on (cs_bill_hdemo_sk = hd_demo_sk)
join date_dim d1 on (cs_sold_date_sk = d1.d_date_sk)
join date_dim d2 on (inv_date_sk = d2.d_date_sk)
join date_dim d3 on (cs_ship_date_sk = d3.d_date_sk)
left outer join promotion on (cs_promo_sk=p_promo_sk)
left outer join catalog_returns on (cr_item_sk = cs_item_sk and cr_order_number = cs_order_number)
where d1.d_week_seq = d2.d_week_seq
  and inv_quantity_on_hand < cs_quantity 
  and d3.d_date > d1.d_date + 5
  and hd_buy_potential = '>10000'
  and d1.d_year = 2002
  and cd_marital_status = 'S'
group by i_item_desc,w_warehouse_name,d1.d_week_seq
order by total_cnt desc, i_item_desc, w_warehouse_name, d_week_seq
limit 100;
Limit  (cost=29430.34..29430.34 rows=2 width=144) (actual time=465.850..465.866 rows=100 loops=1)
  ->  Sort  (cost=29430.34..29430.34 rows=2 width=144) (actual time=465.849..465.859 rows=100 loops=1)
        Sort Key: (count(*)) DESC, item.i_item_desc, warehouse.w_warehouse_name, d1.d_week_seq
        Sort Method: top-N heapsort  Memory: 47kB
        ->  GroupAggregate  (cost=29430.27..29430.33 rows=2 width=144) (actual time=463.638..464.965 rows=2564 loops=1)
              Group Key: item.i_item_desc, warehouse.w_warehouse_name, d1.d_week_seq
              ->  Sort  (cost=29430.27..29430.28 rows=2 width=128) (actual time=463.629..463.740 rows=2590 loops=1)
                    Sort Key: item.i_item_desc, warehouse.w_warehouse_name, d1.d_week_seq
                    Sort Method: quicksort  Memory: 523kB
                    ->  Nested Loop Left Join  (cost=22273.58..29430.26 rows=2 width=128) (actual time=231.198..459.945 rows=2590 loops=1)
                          Join Filter: (catalog_sales.cs_promo_sk = promotion.p_promo_sk)
                          Rows Removed by Join Filter: 389059
                          ->  Nested Loop  (cost=22273.58..29409.51 rows=2 width=128) (actual time=231.101..424.347 rows=2590 loops=1)
                                Join Filter: (d3.d_date > (d1.d_date + 5))
                                Rows Removed by Join Filter: 120
                                ->  Nested Loop  (cost=22273.29..29407.88 rows=5 width=140) (actual time=231.093..420.489 rows=2710 loops=1)
                                      ->  Nested Loop  (cost=22273.00..29406.35 rows=5 width=54) (actual time=231.084..415.004 rows=2710 loops=1)
                                            Join Filter: (inventory.inv_warehouse_sk = warehouse.w_warehouse_sk)
                                            Rows Removed by Join Filter: 5346
                                            ->  Nested Loop  (cost=22273.00..29404.96 rows=5 width=48) (actual time=231.073..413.737 rows=2710 loops=1)
                                                  ->  Hash Join  (cost=22272.44..24972.13 rows=1633 width=44) (actual time=230.305..246.807 rows=67347 loops=1)
                                                        Hash Cond: (d2.d_week_seq = d1.d_week_seq)
                                                        ->  Seq Scan on date_dim d2  (cost=0.00..2135.49 rows=73049 width=12) (actual time=0.005..4.850 rows=73049 loops=1)
                                                        ->  Hash  (cost=22269.53..22269.53 rows=233 width=36) (actual time=223.485..223.488 rows=9621 loops=1)
                                                              Buckets: 16384 (originally 1024)  Batches: 1 (originally 1)  Memory Usage: 767kB
                                                              ->  Nested Loop  (cost=165.86..22269.53 rows=233 width=36) (actual time=5.176..221.451 rows=9621 loops=1)
                                                                    ->  Hash Join  (cost=165.43..21715.73 rows=1184 width=44) (actual time=5.075..135.319 rows=47539 loops=1)
                                                                          Hash Cond: (catalog_sales.cs_bill_hdemo_sk = household_demographics.hd_demo_sk)
                                                                          ->  Nested Loop  (cost=0.43..21531.98 rows=7137 width=52) (actual time=4.223..109.380 rows=284026 loops=1)
                                                                                ->  Seq Scan on date_dim d1  (cost=0.00..2318.11 rows=363 width=16) (actual time=4.210..8.685 rows=365 loops=1)
                                                                                      Filter: (d_year = 2002)
                                                                                      Rows Removed by Filter: 72684
                                                                                ->  Index Scan using i_cs_sold_date_sk on catalog_sales  (cost=0.43..45.08 rows=785 width=60) (actual time=0.003..0.133 rows=778 loops=365)
                                                                                      Index Cond: (cs_sold_date_sk = d1.d_date_sk)
                                                                          ->  Hash  (cost=150.00..150.00 rows=1200 width=8) (actual time=0.813..0.814 rows=1200 loops=1)
                                                                                Buckets: 2048  Batches: 1  Memory Usage: 63kB
                                                                                ->  Seq Scan on household_demographics  (cost=0.00..150.00 rows=1200 width=8) (actual time=0.010..0.680 rows=1200 loops=1)
                                                                                      Filter: (hd_buy_potential = '>10000'::bpchar)
                                                                                      Rows Removed by Filter: 6000
                                                                    ->  Index Scan using pk_customer_demographics on customer_demographics  (cost=0.43..0.47 rows=1 width=8) (actual time=0.002..0.002 rows=0 loops=47539)
                                                                          Index Cond: (cd_demo_sk = catalog_sales.cs_bill_cdemo_sk)
                                                                          Filter: (cd_marital_status = 'S'::bpchar)
                                                                          Rows Removed by Filter: 1
                                                  ->  Index Scan using pk_inventory on inventory  (cost=0.56..2.70 rows=1 width=28) (actual time=0.002..0.002 rows=0 loops=67347)
                                                        Index Cond: ((inv_date_sk = d2.d_date_sk) AND (inv_item_sk = catalog_sales.cs_item_sk))
                                                        Filter: (inv_quantity_on_hand < catalog_sales.cs_quantity)
                                                        Rows Removed by Filter: 1
                                            ->  Materialize  (cost=0.00..1.07 rows=5 width=22) (actual time=0.000..0.000 rows=3 loops=2710)
                                                  ->  Seq Scan on warehouse  (cost=0.00..1.05 rows=5 width=22) (actual time=0.004..0.005 rows=5 loops=1)
                                      ->  Index Scan using pk_item on item  (cost=0.29..0.31 rows=1 width=110) (actual time=0.002..0.002 rows=1 loops=2710)
                                            Index Cond: (i_item_sk = catalog_sales.cs_item_sk)
                                ->  Index Scan using pk_date_dim on date_dim d3  (cost=0.29..0.31 rows=1 width=12) (actual time=0.001..0.001 rows=1 loops=2710)
                                      Index Cond: (d_date_sk = catalog_sales.cs_ship_date_sk)
                          ->  Materialize  (cost=0.00..12.50 rows=300 width=8) (actual time=0.000..0.005 rows=151 loops=2590)
                                ->  Seq Scan on promotion  (cost=0.00..11.00 rows=300 width=8) (actual time=0.006..0.047 rows=300 loops=1)
                                                                                               i_item_desc                                                                                               |  w_warehouse_name   | d_week_seq | no_promo | promo | total_cnt 
---------------------------------------------------------------------------------------------------------------------------------------------------------------------------------------------------------+---------------------+------------+----------+-------+-----------
 Appropriate pensions go contents. Rules see. Other, subsequent minutes make fair cases. Ears reduce members. Small standards could not flower relati                                                    | Total, dea          |       5368 |        0 |     2 |         2
 At las                                                                                                                                                                                                  | Parties use         |       5357 |        0 |     2 |         2
 Best gr                                                                                                                                                                                                 | Parties use         |       5368 |        0 |     2 |         2
 Certain matters must say however doors. Eligible, positive men would make perhaps. Good, pretty children grow on a doors. Today hot industries                                                          | Persons make more e |       5330 |        0 |     2 |         2
 Commercial, fatal others should remain fully. Traditional communities argue above weak boots. Peoples sleep. Important steps used to attack                                                             | Persons make more e |       5368 |        0 |     2 |         2
 Darling factors change even modern, exact careers; about necessary feet make only particular, past hands. Nearly new objects would not put indefinitely international                                   | Persons make more e |       5357 |        0 |     2 |         2
 Early sig                                                                                                                                                                                               | Parties use         |       5370 |        0 |     2 |         2
 Financial, civil skills should not delay significantly british grounds. Again joint areas will not become expert                                                                                        | Neither dea         |       5323 |        0 |     2 |         2
 Good, young owners progress well. Increased tories will support towards a courses. Females ought to note all                                                                                            | Total, dea          |       5368 |        0 |     2 |         2
 Never                                                                                                                                                                                                   | Parties use         |       5358 |        0 |     2 |         2
 Outdoor groups take shares. Appropriate winners ask concessions. Rare, new men shall explai                                                                                                             | Persons make more e |       5367 |        0 |     2 |         2
 Patterns must go still too little communities. Large                                                                                                                                                    | Neither dea         |       5359 |        0 |     2 |         2
 Patterns must go still too little communities. Large                                                                                                                                                    | Single, simple r    |       5359 |        0 |     2 |         2
 Practical, soft times ought to happen large, important levels. Available, disabled measures see; scots will not pay crudely major, future sh                                                            | Neither dea         |       5343 |        0 |     2 |         2
 Practical, soft times ought to happen large, important levels. Available, disabled measures see; scots will not pay crudely major, future sh                                                            | Total, dea          |       5343 |        0 |     2 |         2
 Relations used to safeguard. Content conditions let. Areas ask sufficiently severe users. Empty readers know thoroughly onwards cheap studies. Human, soft effor                                        | Parties use         |       5357 |        0 |     2 |         2
 Right only lights vote. Never aware months would stay most about a years. European sales produce still fortunate                                                                                        | Parties use         |       5323 |        0 |     2 |         2
 Sales must swear here                                                                                                                                                                                   | Parties use         |       5368 |        0 |     2 |         2
 Sales must swear here                                                                                                                                                                                   | Total, dea          |       5368 |        0 |     2 |         2
 Satisfactorily high things open then somehow industrial daughters. French, good times date yet most sudden items. Spiritual months could specialise between a boats. Eyes would buy especially          | Parties use         |       5367 |        0 |     2 |         2
 Settlements can enforce beautiful communists. Children go most then relative degrees; months might take only in t                                                                                       | Persons make more e |       5323 |        0 |     2 |         2
 Soft, local schools apply naval, extra letters. Guilty ages might lead later mainly russian minutes; as financial shoulders ought to decide and so o                                                    | Single, simple r    |       5371 |        0 |     2 |         2
 Steps must clear widely too regional arguments. European, japanese farmers gather prominent sessions. Outside democratic things cou                                                                     | Neither dea         |       5368 |        0 |     2 |         2
 Suddenly old policies go as mental, empty patterns. National, low cases follow now at a processes; normal, general numbers migh                                                                         | Persons make more e |       5371 |        0 |     2 |         2
 Things used to start particularly aware women. Foreign, kind hours must prepare unwittingly attractive, recent theories. Religious, rich studies get fore                                               | Persons make more e |       5363 |        0 |     2 |         2
 Valuable demands cannot go                                                                                                                                                                              | Parties use         |       5351 |        0 |     2 |         2
 Able, appropriate agreements hire negative, black elements. Essen                                                                                                                                       | Persons make more e |       5354 |        0 |     1 |         1
 Able, appropriate agreements hire negative, black elements. Essen                                                                                                                                       | Single, simple r    |       5354 |        0 |     1 |         1
 Able banks shall press in a names. Normal, military negotiations used to offer twice structures. Complete, inner rewards should say now with a police. About past members                               | Single, simple r    |       5367 |        0 |     1 |         1
 Able changes will submit areas. Scottish                                                                                                                                                                | Total, dea          |       5359 |        0 |     1 |         1
 Able, considerable requireme                                                                                                                                                                            | Single, simple r    |       5342 |        0 |     1 |         1
 Able, large numbers dispose inherently with the researchers. Public members                                                                                                                             | Neither dea         |       5360 |        0 |     1 |         1
 Able points would not get. Military cuts try                                                                                                                                                            | Parties use         |       5354 |        0 |     1 |         1
 Able points would not get. Military cuts try                                                                                                                                                            | Total, dea          |       5354 |        0 |     1 |         1
 Able, recent stands may give; users restrict also strange, grey changes. Movements ought to perform more sha                                                                                            | Neither dea         |       5365 |        0 |     1 |         1
 About fine eyes provide in a findings. Yellow, plain results understand more than distinct questions. Scottish                                                                                          | Parties use         |       5354 |        0 |     1 |         1
 About fine eyes provide in a findings. Yellow, plain results understand more than distinct questions. Scottish                                                                                          | Single, simple r    |       5354 |        0 |     1 |         1
 About rough dishes would reflect perhaps ideological capitalist bonds. English, central amou                                                                                                            | Single, simple r    |       5373 |        0 |     1 |         1
 Above mass trees will keep memories. Serious, common agencies find. Positive, low patterns could lie m                                                                                                  | Persons make more e |       5343 |        0 |     1 |         1
 Above severe facilities should not see thick successful, cultural miles. High whole magistrates protest very common, great orders. Rights pick ever to a hundreds                                       | Total, dea          |       5348 |        0 |     1 |         1
 Abruptly possible seats will need probably available problems; poor, small is                                                                                                                           | Persons make more e |       5374 |        0 |     1 |         1
 Absent, new agencies would not produce in a names. Quickly friendly wings remember previous times. Times shall care obvious hundreds. Net groups may not rest right pupils. Tiny, sweet costs aff       | Persons make more e |       5371 |        0 |     1 |         1
 Absolute consequences could find still strategic times. Annual, full years should not take red, old respondents; different cars should frustrat                                                         | Single, simple r    |       5348 |        0 |     1 |         1
 Accordingly leading sons can put. Always painful solicitors leave. Prime articles take here. English, difficult pro                                                                                     | Persons make more e |       5335 |        0 |     1 |         1
 Accounts cannot add once more. Temporary police must emulate. Users shall not open earlier to a tasks; hills rest even influential relationships. Molecular girls prod                                  | Neither dea         |       5354 |        0 |     1 |         1
 Accounts cannot add once more. Temporary police must emulate. Users shall not open earlier to a tasks; hills rest even influential relationships. Molecular girls prod                                  | Parties use         |       5354 |        0 |     1 |         1
 Accounts cannot add once more. Temporary police must emulate. Users shall not open earlier to a tasks; hills rest even influential relationships. Molecular girls prod                                  | Total, dea          |       5354 |        0 |     1 |         1
 Accounts throw foreign, desperate accidents. Immediately large hands feel downstairs essential authorities. Old, new volunteers discuss minutes; essential pockets wa                                   | Neither dea         |       5355 |        0 |     1 |         1
 Accounts throw foreign, desperate accidents. Immediately large hands feel downstairs essential authorities. Old, new volunteers discuss minutes; essential pockets wa                                   | Persons make more e |       5355 |        0 |     1 |         1
 Accur                                                                                                                                                                                                   | Parties use         |       5367 |        0 |     1 |         1
 Accur                                                                                                                                                                                                   | Total, dea          |       5369 |        0 |     1 |         1
 Acres could think. Simple, golden services use more early quiet pp.. Radically old lips think also moreover willing claims. Futu                                                                        | Single, simple r    |       5357 |        0 |     1 |         1
 Across medieval characteristics might not ensure. For example disabled hills can pick. Major, other conventions might go completely new, economic arts. Necessary demands shall see often heavy parents | Neither dea         |       5331 |        0 |     1 |         1
 Across medieval characteristics might not ensure. For example disabled hills can pick. Major, other conventions might go completely new, economic arts. Necessary demands shall see often heavy parents | Total, dea          |       5365 |        0 |     1 |         1
 Active children concentr                                                                                                                                                                                | Parties use         |       5370 |        0 |     1 |         1
 Active eyes want early, left facilities. Parliamentary minds achieve.                                                                                                                                   | Total, dea          |       5373 |        0 |     1 |         1
 Active friends should not remove only friends. Rumours sue additional activities. So western patients must n                                                                                            | Total, dea          |       5363 |        0 |     1 |         1
 Activities shall withdraw all                                                                                                                                                                           | Parties use         |       5355 |        0 |     1 |         1
 Activities shall withdraw all                                                                                                                                                                           | Persons make more e |       5355 |        0 |     1 |         1
 Activities shall withdraw all                                                                                                                                                                           | Persons make more e |       5372 |        0 |     1 |         1
 Activities shall withdraw all                                                                                                                                                                           | Total, dea          |       5355 |        0 |     1 |         1
 Acts see critical volunteers; a lit                                                                                                                                                                     | Neither dea         |       5357 |        0 |     1 |         1
 Acts see critical volunteers; a lit                                                                                                                                                                     | Parties use         |       5355 |        0 |     1 |         1
 Acts see critical volunteers; a lit                                                                                                                                                                     | Persons make more e |       5355 |        0 |     1 |         1
 Actual events should succeed on a troops. Hard human services succeed great ideas. Increasing sports persuade less like a months. Truly illegal men go with a awards. Relative, specific months could i | Total, dea          |       5342 |        0 |     1 |         1
 Actual hours could replace high, direct instructions; particularly false jobs stress later wrong others. Islands may not ge                                                                             | Single, simple r    |       5355 |        0 |     1 |         1
 Actually mature results happen at a categories. Young, exact weapons would apply independent f                                                                                                          | Persons make more e |       5366 |        0 |     1 |         1
 Actually narrow shares should                                                                                                                                                                           | Total, dea          |       5360 |        0 |     1 |         1
 Actually true volunteers know                                                                                                                                                                           | Persons make more e |       5354 |        0 |     1 |         1
 Actually true volunteers know                                                                                                                                                                           | Total, dea          |       5354 |        0 |     1 |         1
 Additional, afraid poi                                                                                                                                                                                  | Parties use         |       5367 |        0 |     1 |         1
 Additional, afraid poi                                                                                                                                                                                  | Persons make more e |       5367 |        0 |     1 |         1
 Additional, novel investments see mostly great, slow dishes. Occasions might not notice also national photographs. Components cannot record                                                             | Neither dea         |       5373 |        0 |     1 |         1
 Additional, novel investments see mostly great, slow dishes. Occasions might not notice also national photographs. Components cannot record                                                             | Parties use         |       5354 |        0 |     1 |         1
 Additional, novel investments see mostly great, slow dishes. Occasions might not notice also national photographs. Components cannot record                                                             | Total, dea          |       5357 |        0 |     1 |         1
 Addresses aid in a                                                                                                                                                                                      | Parties use         |       5354 |        0 |     1 |         1
 Addresses aid in a                                                                                                                                                                                      | Parties use         |       5355 |        0 |     1 |         1
 Addresses aid in a                                                                                                                                                                                      | Single, simple r    |       5355 |        0 |     1 |         1
 Administrative, asleep classes shall not command else in a investors; complex, national methods ought to wish personally; dramatic principles could not remember. Cul                                   | Parties use         |       5373 |        0 |     1 |         1
 Adv                                                                                                                                                                                                     | Single, simple r    |       5326 |        0 |     1 |         1
 Advanced managers can sit serious needs. Ro                                                                                                                                                             | Single, simple r    |       5371 |        0 |     1 |         1
 Affairs could not think alone. Essentially present meetings might occur at all in a writers; interested characte                                                                                        | Parties use         |       5373 |        0 |     1 |         1
 Affairs recognise tories. Top reductions care selec                                                                                                                                                     | Persons make more e |       5351 |        0 |     1 |         1
 Affairs recognise tories. Top reductions care selec                                                                                                                                                     | Single, simple r    |       5351 |        0 |     1 |         1
 Afraid, true parties would cause after a countries. Civil structures can bring in a policies; following hands marry from the movements. Exchanges listen. Close, normal relationships might create only | Neither dea         |       5359 |        0 |     1 |         1
 African, natural families ought to put as splendid islands. Never previous fingers return. Early, wide ideas attack too duties. Firstly                                                                 | Persons make more e |       5362 |        0 |     1 |         1
 Afterwards personal functions must not provide gross, wrong debts. Now numerous                                                                                                                         | Persons make more e |       5344 |        0 |     1 |         1
 Again complete women relieve else changes. Clear                                                                                                                                                        | Persons make more e |       5368 |        0 |     1 |         1
 Again free issues love then. However foreign games will know now open authorities; fresh others should not disappear only. Conser                                                                       | Neither dea         |       5371 |        0 |     1 |         1
 Again free issues love then. However foreign games will know now open authorities; fresh others should not disappear only. Conser                                                                       | Total, dea          |       5371 |        0 |     1 |         1
 Again good students shall claim only. Imports might see; public trees take in a books. Dead, compl                                                                                                      | Parties use         |       5367 |        0 |     1 |         1
 Again pleased components would not travel partly terms. Arguments pick just; neatly good details make injuries. Daughters close excellent, unknown clothes. Always generous quest                       | Neither dea         |       5364 |        0 |     1 |         1
 Again top pressures conceive. Nuclear forms double further products. Major, nice questions give. Financial secrets can                                                                                  | Parties use         |       5349 |        0 |     1 |         1
 Again top pressures conceive. Nuclear forms double further products. Major, nice questions give. Financial secrets can                                                                                  | Single, simple r    |       5349 |        0 |     1 |         1
 Again top pressures conceive. Nuclear forms double further products. Major, nice questions give. Financial secrets can                                                                                  | Total, dea          |       5349 |        0 |     1 |         1
 Agencies scare in the boundaries. Packages would not perform immediately natural members; able, personal parties cr                                                                                     | Parties use         |       5336 |        0 |     1 |         1
 Ages might ensure almost closed hopes. Languages deal ladies. Common, qu                                                                                                                                | Total, dea          |       5374 |        0 |     1 |         1
 Aggressive modules should see there still grateful products. Technical plans could not sell less for a changes; related, simple employers inclu                                                         | Total, dea          |       5334 |        0 |     1 |         1
 Ago social thoughts end late sides. Strongly powerful arms reinstate else tight public others. Films grow over horses; essential cattle condemn russian levels. Charact                                 | Parties use         |       5339 |        0 |     1 |         1
 Agricultural, constant years woul                                                                                                                                                                       | Neither dea         |       5370 |        0 |     1 |         1
(100 rows)

UPDATE time_statistics SET e_time = TRANSACTION_TIMESTAMP() WHERE template = 'query72.tpl' AND stream = 5;
psql:/tmp/s1-basline/throughput/query_5.sql:4360: NOTICE:  duration: 0.106 ms  plan:
Query Text: UPDATE time_statistics SET e_time = TRANSACTION_TIMESTAMP() WHERE template = 'query72.tpl' AND stream = 5;
Update on time_statistics  (cost=0.00..22.34 rows=0 width=0) (actual time=0.106..0.106 rows=0 loops=1)
  ->  Seq Scan on time_statistics  (cost=0.00..22.34 rows=1 width=14) (actual time=0.080..0.093 rows=1 loops=1)
        Filter: ((template = 'query72.tpl'::text) AND (stream = 5))
        Rows Removed by Filter: 773
UPDATE 1
LOAD 'auto_explain'; SET auto_explain.log_min_duration TO 0; SET auto_explain.log_analyze TO on; SET auto_explain.log_level TO notice; INSERT INTO time_statistics (template, s_time, stream, query, seed) VALUES ('query75.tpl', TRANSACTION_TIMESTAMP(), 5, 86, 1858601301);
LOAD
SET
SET
SET
psql:/tmp/s1-basline/throughput/query_5.sql:4361: NOTICE:  duration: 0.009 ms  plan:
Query Text: INSERT INTO time_statistics (template, s_time, stream, query, seed) VALUES ('query75.tpl', TRANSACTION_TIMESTAMP(), 5, 86, 1858601301);
Insert on time_statistics  (cost=0.00..0.01 rows=0 width=0) (actual time=0.008..0.008 rows=0 loops=1)
  ->  Result  (cost=0.00..0.01 rows=1 width=64) (actual time=0.002..0.002 rows=1 loops=1)
INSERT 0 1
WITH all_sales AS (
 SELECT d_year
       ,i_brand_id
       ,i_class_id
       ,i_category_id
       ,i_manufact_id
       ,SUM(sales_cnt) AS sales_cnt
       ,SUM(sales_amt) AS sales_amt
 FROM (SELECT d_year
             ,i_brand_id
             ,i_class_id
             ,i_category_id
             ,i_manufact_id
             ,cs_quantity - COALESCE(cr_return_quantity,0) AS sales_cnt
             ,cs_ext_sales_price - COALESCE(cr_return_amount,0.0) AS sales_amt
       FROM catalog_sales JOIN item ON i_item_sk=cs_item_sk
                          JOIN date_dim ON d_date_sk=cs_sold_date_sk
                          LEFT JOIN catalog_returns ON (cs_order_number=cr_order_number 
                                                    AND cs_item_sk=cr_item_sk)
       WHERE i_category='Men'
       UNION
       SELECT d_year
             ,i_brand_id
             ,i_class_id
             ,i_category_id
             ,i_manufact_id
             ,ss_quantity - COALESCE(sr_return_quantity,0) AS sales_cnt
             ,ss_ext_sales_price - COALESCE(sr_return_amt,0.0) AS sales_amt
       FROM store_sales JOIN item ON i_item_sk=ss_item_sk
                        JOIN date_dim ON d_date_sk=ss_sold_date_sk
                        LEFT JOIN store_returns ON (ss_ticket_number=sr_ticket_number 
                                                AND ss_item_sk=sr_item_sk)
       WHERE i_category='Men'
       UNION
       SELECT d_year
             ,i_brand_id
             ,i_class_id
             ,i_category_id
             ,i_manufact_id
             ,ws_quantity - COALESCE(wr_return_quantity,0) AS sales_cnt
             ,ws_ext_sales_price - COALESCE(wr_return_amt,0.0) AS sales_amt
       FROM web_sales JOIN item ON i_item_sk=ws_item_sk
                      JOIN date_dim ON d_date_sk=ws_sold_date_sk
                      LEFT JOIN web_returns ON (ws_order_number=wr_order_number 
                                            AND ws_item_sk=wr_item_sk)
       WHERE i_category='Men') sales_detail
 GROUP BY d_year, i_brand_id, i_class_id, i_category_id, i_manufact_id)
 SELECT  prev_yr.d_year AS prev_year
                          ,curr_yr.d_year AS year
                          ,curr_yr.i_brand_id
                          ,curr_yr.i_class_id
                          ,curr_yr.i_category_id
                          ,curr_yr.i_manufact_id
                          ,prev_yr.sales_cnt AS prev_yr_cnt
                          ,curr_yr.sales_cnt AS curr_yr_cnt
                          ,curr_yr.sales_cnt-prev_yr.sales_cnt AS sales_cnt_diff
                          ,curr_yr.sales_amt-prev_yr.sales_amt AS sales_amt_diff
 FROM all_sales curr_yr, all_sales prev_yr
 WHERE curr_yr.i_brand_id=prev_yr.i_brand_id
   AND curr_yr.i_class_id=prev_yr.i_class_id
   AND curr_yr.i_category_id=prev_yr.i_category_id
   AND curr_yr.i_manufact_id=prev_yr.i_manufact_id
   AND curr_yr.d_year=1999
   AND prev_yr.d_year=1999-1
   AND CAST(curr_yr.sales_cnt AS DECIMAL(17,2))/CAST(prev_yr.sales_cnt AS DECIMAL(17,2))<0.9
 ORDER BY sales_cnt_diff,sales_amt_diff
 limit 100;
psql:/tmp/s1-basline/throughput/query_5.sql:4428: NOTICE:  duration: 1583.586 ms  plan:
Query Text: WITH all_sales AS (
 SELECT d_year
       ,i_brand_id
       ,i_class_id
       ,i_category_id
       ,i_manufact_id
       ,SUM(sales_cnt) AS sales_cnt
       ,SUM(sales_amt) AS sales_amt
 FROM (SELECT d_year
             ,i_brand_id
             ,i_class_id
             ,i_category_id
             ,i_manufact_id
             ,cs_quantity - COALESCE(cr_return_quantity,0) AS sales_cnt
             ,cs_ext_sales_price - COALESCE(cr_return_amount,0.0) AS sales_amt
       FROM catalog_sales JOIN item ON i_item_sk=cs_item_sk
                          JOIN date_dim ON d_date_sk=cs_sold_date_sk
                          LEFT JOIN catalog_returns ON (cs_order_number=cr_order_number 
                                                    AND cs_item_sk=cr_item_sk)
       WHERE i_category='Men'
       UNION
       SELECT d_year
             ,i_brand_id
             ,i_class_id
             ,i_category_id
             ,i_manufact_id
             ,ss_quantity - COALESCE(sr_return_quantity,0) AS sales_cnt
             ,ss_ext_sales_price - COALESCE(sr_return_amt,0.0) AS sales_amt
       FROM store_sales JOIN item ON i_item_sk=ss_item_sk
                        JOIN date_dim ON d_date_sk=ss_sold_date_sk
                        LEFT JOIN store_returns ON (ss_ticket_number=sr_ticket_number 
                                                AND ss_item_sk=sr_item_sk)
       WHERE i_category='Men'
       UNION
       SELECT d_year
             ,i_brand_id
             ,i_class_id
             ,i_category_id
             ,i_manufact_id
             ,ws_quantity - COALESCE(wr_return_quantity,0) AS sales_cnt
             ,ws_ext_sales_price - COALESCE(wr_return_amt,0.0) AS sales_amt
       FROM web_sales JOIN item ON i_item_sk=ws_item_sk
                      JOIN date_dim ON d_date_sk=ws_sold_date_sk
                      LEFT JOIN web_returns ON (ws_order_number=wr_order_number 
                                            AND ws_item_sk=wr_item_sk)
       WHERE i_category='Men') sales_detail
 GROUP BY d_year, i_brand_id, i_class_id, i_category_id, i_manufact_id)
 SELECT  prev_yr.d_year AS prev_year
                          ,curr_yr.d_year AS year
                          ,curr_yr.i_brand_id
                          ,curr_yr.i_class_id
                          ,curr_yr.i_category_id
                          ,curr_yr.i_manufact_id
                          ,prev_yr.sales_cnt AS prev_yr_cnt
                          ,curr_yr.sales_cnt AS curr_yr_cnt
                          ,curr_yr.sales_cnt-prev_yr.sales_cnt AS sales_cnt_diff
                          ,curr_yr.sales_amt-prev_yr.sales_amt AS sales_amt_diff
 FROM all_sales curr_yr, all_sales prev_yr
 WHERE curr_yr.i_brand_id=prev_yr.i_brand_id
   AND curr_yr.i_class_id=prev_yr.i_class_id
   AND curr_yr.i_category_id=prev_yr.i_category_id
   AND curr_yr.i_manufact_id=prev_yr.i_manufact_id
   AND curr_yr.d_year=1999
   AND prev_yr.d_year=1999-1
   AND CAST(curr_yr.sales_cnt AS DECIMAL(17,2))/CAST(prev_yr.sales_cnt AS DECIMAL(17,2))<0.9
 ORDER BY sales_cnt_diff,sales_amt_diff
 limit 100;
Limit  (cost=297429.99..297430.00 rows=1 width=56) (actual time=1583.478..1583.502 rows=100 loops=1)
  CTE all_sales
    ->  HashAggregate  (cost=294708.20..295196.41 rows=48821 width=36) (actual time=1579.612..1580.735 rows=5386 loops=1)
          Group Key: date_dim.d_year, item.i_brand_id, item.i_class_id, item.i_category_id, item.i_manufact_id
          Batches: 1  Memory Usage: 2577kB
          ->  HashAggregate  (cost=269725.68..281282.48 rows=488208 width=32) (actual time=1304.303..1463.089 rows=473526 loops=1)
                Group Key: date_dim.d_year, item.i_brand_id, item.i_class_id, item.i_category_id, item.i_manufact_id, ((catalog_sales.cs_quantity - COALESCE(catalog_returns.cr_return_quantity, 0))), ((catalog_sales.cs_ext_sales_price - COALESCE(catalog_returns.cr_return_amount, '0'::double precision)))
                Planned Partitions: 4  Batches: 5  Memory Usage: 32817kB  Disk Usage: 11880kB
                ->  Append  (cost=7964.10..244075.69 rows=488208 width=32) (actual time=54.387..1092.492 rows=475226 loops=1)
                      ->  Nested Loop  (cost=7964.10..80696.58 rows=142509 width=32) (actual time=54.386..318.527 rows=138787 loops=1)
                            ->  Hash Left Join  (cost=7963.80..75830.25 rows=143360 width=48) (actual time=54.366..260.364 rows=139457 loops=1)
                                  Hash Cond: ((catalog_sales.cs_order_number = catalog_returns.cr_order_number) AND (catalog_sales.cs_item_sk = catalog_returns.cr_item_sk))
                                  ->  Nested Loop  (cost=0.43..67114.23 rows=143360 width=52) (actual time=0.026..166.954 rows=139457 loops=1)
                                        ->  Seq Scan on item  (cost=0.00..1481.00 rows=1786 width=24) (actual time=0.017..8.120 rows=1786 loops=1)
                                              Filter: (i_category = 'Men'::bpchar)
                                              Rows Removed by Filter: 16214
                                        ->  Index Scan using pk_catalog_sales on catalog_sales  (cost=0.43..35.87 rows=88 width=36) (actual time=0.004..0.075 rows=78 loops=1786)
                                              Index Cond: (cs_item_sk = item.i_item_sk)
                                  ->  Hash  (cost=5788.75..5788.75 rows=144975 width=28) (actual time=54.215..54.216 rows=143354 loops=1)
                                        Buckets: 262144  Batches: 1  Memory Usage: 10964kB
                                        ->  Seq Scan on catalog_returns  (cost=0.00..5788.75 rows=144975 width=28) (actual time=0.003..31.656 rows=143354 loops=1)
                            ->  Memoize  (cost=0.30..0.32 rows=1 width=12) (actual time=0.000..0.000 rows=1 loops=139457)
                                  Cache Key: catalog_sales.cs_sold_date_sk
                                  Cache Mode: logical
                                  Hits: 137643  Misses: 1814  Evictions: 0  Overflows: 0  Memory Usage: 213kB
                                  ->  Index Scan using pk_date_dim on date_dim  (cost=0.29..0.31 rows=1 width=12) (actual time=0.001..0.001 rows=1 loops=1814)
                                        Index Cond: (d_date_sk = catalog_sales.cs_sold_date_sk)
                      ->  Hash Left Join  (cost=16813.36..113860.62 rows=274016 width=32) (actual time=120.322..581.458 rows=266375 loops=1)
                            Hash Cond: ((store_sales.ss_ticket_number = store_returns.sr_ticket_number) AND (store_sales.ss_item_sk = store_returns.sr_item_sk))
                            ->  Hash Join  (cost=3049.03..97287.63 rows=274016 width=48) (actual time=18.914..392.390 rows=266375 loops=1)
                                  Hash Cond: (store_sales.ss_sold_date_sk = date_dim_1.d_date_sk)
                                  ->  Nested Loop  (cost=0.43..93486.09 rows=286818 width=52) (actual time=0.028..318.630 rows=279124 loops=1)
                                        ->  Seq Scan on item item_1  (cost=0.00..1481.00 rows=1786 width=24) (actual time=0.016..8.541 rows=1786 loops=1)
                                              Filter: (i_category = 'Men'::bpchar)
                                              Rows Removed by Filter: 16214
                                        ->  Index Scan using pk_store_sales on store_sales  (cost=0.43..49.76 rows=175 width=36) (actual time=0.005..0.148 rows=156 loops=1786)
                                              Index Cond: (ss_item_sk = item_1.i_item_sk)
                                  ->  Hash  (cost=2135.49..2135.49 rows=73049 width=12) (actual time=18.814..18.814 rows=73049 loops=1)
                                        Buckets: 131072  Batches: 1  Memory Usage: 4449kB
                                        ->  Seq Scan on date_dim date_dim_1  (cost=0.00..2135.49 rows=73049 width=12) (actual time=0.004..9.984 rows=73049 loops=1)
                            ->  Hash  (cost=9436.93..9436.93 rows=288493 width=28) (actual time=101.155..101.156 rows=285020 loops=1)
                                  Buckets: 524288  Batches: 1  Memory Usage: 21754kB
                                  ->  Seq Scan on store_returns  (cost=0.00..9436.93 rows=288493 width=28) (actual time=0.007..50.186 rows=285020 loops=1)
                      ->  Hash Left Join  (cost=3705.65..42195.37 rows=71683 width=32) (actual time=26.935..162.935 rows=70064 loops=1)
                            Hash Cond: ((web_sales.ws_order_number = web_returns.wr_order_number) AND (web_sales.ws_item_sk = web_returns.wr_item_sk))
                            ->  Nested Loop  (cost=0.73..37755.69 rows=71683 width=48) (actual time=0.039..117.256 rows=70064 loops=1)
                                  ->  Nested Loop  (cost=0.42..35394.18 rows=71693 width=52) (actual time=0.028..88.113 rows=70078 loops=1)
                                        ->  Seq Scan on item item_2  (cost=0.00..1481.00 rows=1786 width=24) (actual time=0.016..7.899 rows=1786 loops=1)
                                              Filter: (i_category = 'Men'::bpchar)
                                              Rows Removed by Filter: 16214
                                        ->  Index Scan using pk_web_sales on web_sales  (cost=0.42..18.55 rows=44 width=36) (actual time=0.004..0.038 rows=39 loops=1786)
                                              Index Cond: (ws_item_sk = item_2.i_item_sk)
                                  ->  Memoize  (cost=0.30..0.32 rows=1 width=12) (actual time=0.000..0.000 rows=1 loops=70078)
                                        Cache Key: web_sales.ws_sold_date_sk
                                        Cache Mode: logical
                                        Hits: 68271  Misses: 1807  Evictions: 0  Overflows: 0  Memory Usage: 212kB
                                        ->  Index Scan using pk_date_dim on date_dim date_dim_2  (cost=0.29..0.31 rows=1 width=12) (actual time=0.001..0.001 rows=1 loops=1807)
                                              Index Cond: (d_date_sk = web_sales.ws_sold_date_sk)
                            ->  Hash  (cost=2622.57..2622.57 rows=72157 width=28) (actual time=26.823..26.824 rows=71406 loops=1)
                                  Buckets: 131072  Batches: 1  Memory Usage: 5437kB
                                  ->  Seq Scan on web_returns  (cost=0.00..2622.57 rows=72157 width=28) (actual time=0.003..13.462 rows=71406 loops=1)
  ->  Sort  (cost=2233.59..2233.59 rows=1 width=56) (actual time=1583.478..1583.482 rows=100 loops=1)
        Sort Key: ((curr_yr.sales_cnt - prev_yr.sales_cnt)), ((curr_yr.sales_amt - prev_yr.sales_amt))
        Sort Method: quicksort  Memory: 52kB
        ->  Hash Join  (cost=1103.35..2233.57 rows=1 width=56) (actual time=1582.500..1583.421 rows=199 loops=1)
              Hash Cond: ((curr_yr.i_brand_id = prev_yr.i_brand_id) AND (curr_yr.i_class_id = prev_yr.i_class_id) AND (curr_yr.i_category_id = prev_yr.i_category_id) AND (curr_yr.i_manufact_id = prev_yr.i_manufact_id))
              Join Filter: (((curr_yr.sales_cnt)::numeric(17,2) / (prev_yr.sales_cnt)::numeric(17,2)) < 0.9)
              Rows Removed by Join Filter: 627
              ->  CTE Scan on all_sales curr_yr  (cost=0.00..1098.47 rows=244 width=36) (actual time=1579.627..1580.031 rows=829 loops=1)
                    Filter: (d_year = 1999)
                    Rows Removed by Filter: 4557
              ->  Hash  (cost=1098.47..1098.47 rows=244 width=36) (actual time=2.853..2.853 rows=826 loops=1)
                    Buckets: 1024  Batches: 1  Memory Usage: 67kB
                    ->  CTE Scan on all_sales prev_yr  (cost=0.00..1098.47 rows=244 width=36) (actual time=0.002..2.682 rows=829 loops=1)
                          Filter: (d_year = 1998)
                          Rows Removed by Filter: 4557
 prev_year | year | i_brand_id | i_class_id | i_category_id | i_manufact_id | prev_yr_cnt | curr_yr_cnt | sales_cnt_diff |   sales_amt_diff    
-----------+------+------------+------------+---------------+---------------+-------------+-------------+----------------+---------------------
      1998 | 1999 |    2002001 |          2 |             2 |           467 |        6802 |        4257 |          -2545 | -140439.83999999988
      1998 | 1999 |    2001001 |          1 |             2 |           408 |       12178 |        9874 |          -2304 |           -75986.88
      1998 | 1999 |    2004002 |          4 |             2 |           505 |        5770 |        3475 |          -2295 | -40372.959999999875
      1998 | 1999 |    2001001 |          1 |             2 |           648 |        6132 |        3957 |          -2175 | -133725.63999999993
      1998 | 1999 |    2002001 |          2 |             2 |           458 |        6455 |        4293 |          -2162 |  -74916.76000000018
      1998 | 1999 |    2003002 |          3 |             2 |            89 |        6607 |        4498 |          -2109 |  -66944.03999999986
      1998 | 1999 |    2003001 |          3 |             2 |           862 |        5446 |        3369 |          -2077 |  -82265.56000000008
      1998 | 1999 |    2002002 |          2 |             2 |           735 |        6142 |        4071 |          -2071 |  -131752.7199999998
      1998 | 1999 |    2003002 |          3 |             2 |           698 |        6203 |        4195 |          -2008 |  -99192.37000000005
      1998 | 1999 |    2004001 |          4 |             2 |           187 |       11599 |        9647 |          -1952 |  61912.679999999935
      1998 | 1999 |    2002001 |          2 |             2 |           295 |        5855 |        3940 |          -1915 | -102158.95999999999
      1998 | 1999 |    2002001 |          2 |             2 |           832 |        6455 |        4693 |          -1762 |  -32537.49999999994
      1998 | 1999 |    2002001 |          2 |             2 |           630 |        5152 |        3406 |          -1746 |          -100156.06
      1998 | 1999 |    2003001 |          3 |             2 |           804 |        6088 |        4370 |          -1718 | -38290.879999999976
      1998 | 1999 |    2004001 |          4 |             2 |           600 |        5649 |        3957 |          -1692 |  -66080.53999999998
      1998 | 1999 |    2003002 |          3 |             2 |           909 |        5165 |        3551 |          -1614 | -27220.070000000065
      1998 | 1999 |    2004002 |          4 |             2 |           123 |       10710 |        9127 |          -1583 | -16228.000000000466
      1998 | 1999 |    2004001 |          4 |             2 |           655 |        5558 |        4018 |          -1540 |  -74721.57000000007
      1998 | 1999 |    2004001 |          4 |             2 |           553 |        6031 |        4491 |          -1540 |  -50329.56999999998
      1998 | 1999 |    2004002 |          4 |             2 |           876 |        5757 |        4219 |          -1538 |  -75218.32000000007
      1998 | 1999 |    2002001 |          2 |             2 |            21 |        5748 |        4215 |          -1533 |  -84915.91999999995
      1998 | 1999 |    2003002 |          3 |             2 |            28 |       10914 |        9382 |          -1532 |   4514.499999999884
      1998 | 1999 |    2002002 |          2 |             2 |           326 |        6450 |        4922 |          -1528 |   -9809.86000000016
      1998 | 1999 |    2001001 |          1 |             2 |            58 |       11235 |        9718 |          -1517 |  -45178.20000000013
      1998 | 1999 |    2002002 |          2 |             2 |           171 |        5998 |        4483 |          -1515 | -109051.48000000019
      1998 | 1999 |    2003001 |          3 |             2 |           953 |        6001 |        4494 |          -1507 | -64254.389999999956
      1998 | 1999 |    2002001 |          2 |             2 |           283 |        6211 |        4744 |          -1467 |  -27160.17999999979
      1998 | 1999 |    2001001 |          1 |             2 |           262 |        5127 |        3686 |          -1441 |  -50472.57000000012
      1998 | 1999 |    2003001 |          3 |             2 |           555 |       11230 |        9806 |          -1424 | -102498.02999999962
      1998 | 1999 |    2003001 |          3 |             2 |           660 |        4952 |        3528 |          -1424 |  -72475.87999999998
      1998 | 1999 |    2004001 |          4 |             2 |            82 |       10404 |        8985 |          -1419 |   -55464.3600000001
      1998 | 1999 |    2002002 |          2 |             2 |           618 |        5887 |        4472 |          -1415 |  23701.120000000054
      1998 | 1999 |    2001001 |          1 |             2 |           233 |        5150 |        3748 |          -1402 | -46896.429999999964
      1998 | 1999 |    2002001 |          2 |             2 |           779 |        5767 |        4379 |          -1388 |  -110568.8600000001
      1998 | 1999 |    2002001 |          2 |             2 |           219 |        5506 |        4129 |          -1377 |  -69722.70999999996
      1998 | 1999 |    2004001 |          4 |             2 |           537 |        5310 |        3944 |          -1366 | -37020.139999999956
      1998 | 1999 |    2001001 |          1 |             2 |           563 |        5572 |        4208 |          -1364 |  -90543.87000000005
      1998 | 1999 |    2002001 |          2 |             2 |            12 |        5570 |        4220 |          -1350 | -27430.790000000066
      1998 | 1999 |    2001001 |          1 |             2 |           523 |        5170 |        3821 |          -1349 |  -47135.46000000002
      1998 | 1999 |    2003002 |          3 |             2 |           630 |       10720 |        9372 |          -1348 |  -127452.7199999998
      1998 | 1999 |    2001001 |          1 |             2 |           291 |        5075 |        3771 |          -1304 |           -20917.72
      1998 | 1999 |    2002002 |          2 |             2 |           363 |        5785 |        4508 |          -1277 |  -76669.44999999998
      1998 | 1999 |    2001001 |          1 |             2 |           182 |        6110 |        4861 |          -1249 |  -66641.85000000015
      1998 | 1999 |    2003001 |          3 |             2 |           104 |        5400 |        4159 |          -1241 | -127902.11000000007
      1998 | 1999 |    2002001 |          2 |             2 |           221 |        5889 |        4673 |          -1216 |  14852.309999999969
      1998 | 1999 |    2004001 |          4 |             2 |           562 |        5670 |        4467 |          -1203 |  -59603.28000000006
      1998 | 1999 |    2002001 |          2 |             2 |            71 |        5695 |        4500 |          -1195 |  -31839.75000000003
      1998 | 1999 |    2003001 |          3 |             2 |           412 |        6032 |        4837 |          -1195 | -11157.130000000092
      1998 | 1999 |    2003001 |          3 |             2 |            11 |        4860 |        3668 |          -1192 | -56854.639999999985
      1998 | 1999 |    2004002 |          4 |             2 |            68 |        5114 |        3926 |          -1188 |  -46921.50999999995
      1998 | 1999 |    2001001 |          1 |             2 |            18 |       11049 |        9868 |          -1181 |  -30923.45000000001
      1998 | 1999 |    2003001 |          3 |             2 |           612 |        6485 |        5308 |          -1177 |  -64254.89999999991
      1998 | 1999 |    2003001 |          3 |             2 |           458 |        6104 |        4932 |          -1172 | -111411.99999999983
      1998 | 1999 |    2004002 |          4 |             2 |           398 |        5858 |        4688 |          -1170 |            -30547.5
      1998 | 1999 |    2003002 |          3 |             2 |             5 |        5610 |        4455 |          -1155 |   14508.26999999996
      1998 | 1999 |    2001001 |          1 |             2 |           279 |        9486 |        8339 |          -1147 |  -60592.24000000011
      1998 | 1999 |    2004001 |          4 |             2 |           117 |        6038 |        4899 |          -1139 |  -6067.349999999977
      1998 | 1999 |    2003002 |          3 |             2 |           552 |        5529 |        4398 |          -1131 | -29182.470000000118
      1998 | 1999 |    2003001 |          3 |             2 |           268 |        5233 |        4106 |          -1127 | -114346.41999999993
      1998 | 1999 |    2003001 |          3 |             2 |            86 |        5552 |        4426 |          -1126 |  -69772.49999999985
      1998 | 1999 |    2003001 |          3 |             2 |           219 |       10819 |        9696 |          -1123 | -33287.919999999984
      1998 | 1999 |    2001001 |          1 |             2 |           158 |        5361 |        4239 |          -1122 |  -62999.88999999987
      1998 | 1999 |    2002001 |          2 |             2 |            58 |        5533 |        4424 |          -1109 |  -97478.50999999986
      1998 | 1999 |    2002002 |          2 |             2 |           718 |        6134 |        5052 |          -1082 | -64371.139999999985
      1998 | 1999 |    2004001 |          4 |             2 |           936 |        5512 |        4433 |          -1079 |  -14937.31999999992
      1998 | 1999 |    2001002 |          1 |             2 |           244 |        5094 |        4017 |          -1077 | -22499.820000000065
      1998 | 1999 |    2002001 |          2 |             2 |           233 |       10453 |        9379 |          -1074 | -59358.580000000075
      1998 | 1999 |    2003001 |          3 |             2 |           554 |        5690 |        4635 |          -1055 |           -58799.97
      1998 | 1999 |    2003001 |          3 |             2 |            30 |        5182 |        4129 |          -1053 | -60344.459999999934
      1998 | 1999 |    2001001 |          1 |             2 |           232 |        6175 |        5132 |          -1043 |  -78095.22999999998
      1998 | 1999 |    2002001 |          2 |             2 |           374 |        5504 |        4464 |          -1040 | -36580.350000000064
      1998 | 1999 |    2003001 |          3 |             2 |            85 |        5350 |        4314 |          -1036 |  -63565.50000000006
      1998 | 1999 |    2001001 |          1 |             2 |           147 |        4771 |        3738 |          -1033 | -14737.639999999927
      1998 | 1999 |    2003001 |          3 |             2 |           550 |        5122 |        4095 |          -1027 |  -32570.55999999994
      1998 | 1999 |    2002002 |          2 |             2 |           115 |        6133 |        5108 |          -1025 |  -35473.69000000003
      1998 | 1999 |    2003001 |          3 |             2 |           858 |        5953 |        4928 |          -1025 | -11710.669999999925
      1998 | 1999 |    2002002 |          2 |             2 |            32 |        6238 |        5214 |          -1024 |  -47898.30999999994
      1998 | 1999 |    2004002 |          4 |             2 |            16 |        5581 |        4559 |          -1022 |  -40695.98999999993
      1998 | 1999 |    2003001 |          3 |             2 |           520 |        5890 |        4872 |          -1018 | -143413.64999999997
      1998 | 1999 |    2004002 |          4 |             2 |           202 |        5736 |        4723 |          -1013 |  -65783.02999999997
      1998 | 1999 |    2003001 |          3 |             2 |            44 |        5432 |        4421 |          -1011 |  -5348.029999999999
      1998 | 1999 |    2003001 |          3 |             2 |           591 |        6033 |        5027 |          -1006 |  -145932.2899999999
      1998 | 1999 |    2001002 |          1 |             2 |            28 |        5572 |        4573 |           -999 |  -11484.19000000006
      1998 | 1999 |    2002001 |          2 |             2 |           111 |        5899 |        4901 |           -998 |   -19018.8599999999
      1998 | 1999 |    2001002 |          1 |             2 |            27 |        5989 |        5000 |           -989 |  -42594.31999999989
      1998 | 1999 |    2002001 |          2 |             2 |           876 |        5418 |        4431 |           -987 |   27269.02999999997
      1998 | 1999 |    2001002 |          1 |             2 |             4 |        5243 |        4257 |           -986 | -55798.350000000006
      1998 | 1999 |    2002001 |          2 |             2 |           232 |        5467 |        4481 |           -986 | -35080.750000000146
      1998 | 1999 |    2003002 |          3 |             2 |           151 |        5565 |        4581 |           -984 |  -44085.78000000006
      1998 | 1999 |    2001001 |          1 |             2 |           239 |        5509 |        4525 |           -984 |  -39845.47999999992
      1998 | 1999 |    2004001 |          4 |             2 |            77 |        6081 |        5098 |           -983 | -65221.830000000045
      1998 | 1999 |    2002001 |          2 |             2 |           516 |        5935 |        4952 |           -983 | -51182.530000000086
      1998 | 1999 |    2003002 |          3 |             2 |           138 |        6322 |        5341 |           -981 |  -55634.04999999993
      1998 | 1999 |    2001001 |          1 |             2 |           153 |        5246 |        4266 |           -980 |  -67459.79000000012
      1998 | 1999 |    2004002 |          4 |             2 |           423 |        4962 |        3994 |           -968 |   -71387.8999999999
      1998 | 1999 |    2004001 |          4 |             2 |           199 |        6175 |        5210 |           -965 |  18912.090000000113
      1998 | 1999 |    2002002 |          2 |             2 |           192 |        5130 |        4168 |           -962 |           -47868.09
      1998 | 1999 |    2001001 |          1 |             2 |            83 |        5548 |        4594 |           -954 |   27169.83999999991
      1998 | 1999 |    2004002 |          4 |             2 |           785 |        5707 |        4756 |           -951 | -50918.640000000014
      1998 | 1999 |    2003002 |          3 |             2 |           268 |        5913 |        4977 |           -936 | -15110.939999999857
(100 rows)

UPDATE time_statistics SET e_time = TRANSACTION_TIMESTAMP() WHERE template = 'query75.tpl' AND stream = 5;
psql:/tmp/s1-basline/throughput/query_5.sql:4430: NOTICE:  duration: 0.117 ms  plan:
Query Text: UPDATE time_statistics SET e_time = TRANSACTION_TIMESTAMP() WHERE template = 'query75.tpl' AND stream = 5;
Update on time_statistics  (cost=0.00..22.34 rows=0 width=0) (actual time=0.116..0.117 rows=0 loops=1)
  ->  Seq Scan on time_statistics  (cost=0.00..22.34 rows=1 width=14) (actual time=0.088..0.102 rows=1 loops=1)
        Filter: ((template = 'query75.tpl'::text) AND (stream = 5))
        Rows Removed by Filter: 774
UPDATE 1
LOAD 'auto_explain'; SET auto_explain.log_min_duration TO 0; SET auto_explain.log_analyze TO on; SET auto_explain.log_level TO notice; INSERT INTO time_statistics (template, s_time, stream, query, seed) VALUES ('../query_postgresql/query12.tpl', TRANSACTION_TIMESTAMP(), 5, 87, 1903100897);
LOAD
SET
SET
SET
psql:/tmp/s1-basline/throughput/query_5.sql:4431: NOTICE:  duration: 0.009 ms  plan:
Query Text: INSERT INTO time_statistics (template, s_time, stream, query, seed) VALUES ('../query_postgresql/query12.tpl', TRANSACTION_TIMESTAMP(), 5, 87, 1903100897);
Insert on time_statistics  (cost=0.00..0.01 rows=0 width=0) (actual time=0.008..0.009 rows=0 loops=1)
  ->  Result  (cost=0.00..0.01 rows=1 width=64) (actual time=0.001..0.002 rows=1 loops=1)
INSERT 0 1
select  i_item_id
      ,i_item_desc 
      ,i_category 
      ,i_class 
      ,i_current_price
      ,sum(ws_ext_sales_price) as itemrevenue 
      ,sum(ws_ext_sales_price)*100/sum(sum(ws_ext_sales_price)) over
          (partition by i_class) as revenueratio
from	
	web_sales
    	,item 
    	,date_dim
where 
	ws_item_sk = i_item_sk 
  	and i_category in ('Shoes', 'Women', 'Home')
  	and ws_sold_date_sk = d_date_sk
	and d_date between cast('1998-03-27' as date) 
				and (cast('1998-03-27' as date) + INTERVAL '30 days')
group by 
	i_item_id
        ,i_item_desc 
        ,i_category
        ,i_class
        ,i_current_price
order by 
	i_category
        ,i_class
        ,i_item_id
        ,i_item_desc
        ,revenueratio
limit 100;
psql:/tmp/s1-basline/throughput/query_5.sql:4462: NOTICE:  duration: 25.377 ms  plan:
Query Text: select  i_item_id
      ,i_item_desc 
      ,i_category 
      ,i_class 
      ,i_current_price
      ,sum(ws_ext_sales_price) as itemrevenue 
      ,sum(ws_ext_sales_price)*100/sum(sum(ws_ext_sales_price)) over
          (partition by i_class) as revenueratio
from	
	web_sales
    	,item 
    	,date_dim
where 
	ws_item_sk = i_item_sk 
  	and i_category in ('Shoes', 'Women', 'Home')
  	and ws_sold_date_sk = d_date_sk
	and d_date between cast('1998-03-27' as date) 
				and (cast('1998-03-27' as date) + INTERVAL '30 days')
group by 
	i_item_id
        ,i_item_desc 
        ,i_category
        ,i_class
        ,i_current_price
order by 
	i_category
        ,i_class
        ,i_item_id
        ,i_item_desc
        ,revenueratio
limit 100;
Limit  (cost=11505.35..11505.58 rows=91 width=245) (actual time=25.277..25.288 rows=100 loops=1)
  ->  Sort  (cost=11505.35..11505.58 rows=91 width=245) (actual time=25.276..25.281 rows=100 loops=1)
        Sort Key: item.i_category, item.i_class, item.i_item_id, item.i_item_desc, ((((sum(web_sales.ws_ext_sales_price)) * '100'::double precision) / sum((sum(web_sales.ws_ext_sales_price))) OVER (?)))
        Sort Method: top-N heapsort  Memory: 106kB
        ->  WindowAgg  (cost=11500.35..11502.39 rows=91 width=245) (actual time=23.454..24.248 rows=1432 loops=1)
              ->  Sort  (cost=11500.35..11500.57 rows=91 width=237) (actual time=23.441..23.501 rows=1432 loops=1)
                    Sort Key: item.i_class
                    Sort Method: quicksort  Memory: 444kB
                    ->  GroupAggregate  (cost=11494.88..11497.38 rows=91 width=237) (actual time=21.685..22.702 rows=1432 loops=1)
                          Group Key: item.i_item_id, item.i_item_desc, item.i_category, item.i_class, item.i_current_price
                          ->  Sort  (cost=11494.88..11495.11 rows=91 width=237) (actual time=21.680..21.771 rows=2065 loops=1)
                                Sort Key: item.i_item_id, item.i_item_desc, item.i_category, item.i_class, item.i_current_price
                                Sort Method: quicksort  Memory: 664kB
                                ->  Nested Loop  (cost=1.00..11491.92 rows=91 width=237) (actual time=0.043..16.231 rows=2065 loops=1)
                                      ->  Nested Loop  (cost=0.72..11396.53 rows=307 width=16) (actual time=0.020..3.419 rows=6898 loops=1)
                                            ->  Index Scan using i_d_date on date_dim  (cost=0.29..3.11 rows=31 width=8) (actual time=0.011..0.020 rows=31 loops=1)
                                                  Index Cond: ((d_date >= '1998-03-27'::date) AND (d_date <= '1998-04-26 00:00:00'::timestamp without time zone))
                                            ->  Index Scan using i_ws_sold_date_sk on web_sales  (cost=0.42..363.56 rows=397 width=24) (actual time=0.003..0.075 rows=223 loops=31)
                                                  Index Cond: (ws_sold_date_sk = date_dim.d_date_sk)
                                      ->  Index Scan using pk_item on item  (cost=0.29..0.31 rows=1 width=237) (actual time=0.002..0.002 rows=0 loops=6898)
                                            Index Cond: (i_item_sk = web_sales.ws_item_sk)
                                            Filter: (i_category = ANY ('{Shoes,Women,Home}'::bpchar[]))
                                            Rows Removed by Filter: 1
    i_item_id     |                                                                                               i_item_desc                                                                                                |                     i_category                     |                      i_class                       | i_current_price |    itemrevenue     |     revenueratio      
------------------+----------------------------------------------------------------------------------------------------------------------------------------------------------------------------------------------------------+----------------------------------------------------+----------------------------------------------------+-----------------+--------------------+-----------------------
 AAAAAAAAAFEBAAAA | Raw                                                                                                                                                                                                      | Home                                               | accent                                             |           57.63 |             1573.2 |    2.2524592783367883
 AAAAAAAABDCBAAAA | Classes let later in a settlements. Existing, warm thousands will not need particularly apparent subjects. Black years convert from an teachers; eventually delicious sets shall                         | Home                                               | accent                                             |            3.49 |            2070.54 |     2.964535363696576
 AAAAAAAACEIAAAAA | Farmers used to recall still chief supporters. Totally little times extend political numbers. Numbers shall not give early, variable chips. Most british laws ought                                      | Home                                               | accent                                             |            2.26 |            5893.67 |     8.438375079427395
 AAAAAAAACGAAAAAA | Central aspects ought to work about for a scots. Extraordinary, glad things claim below. Presents shall put german, biological times. Sound times boil wom                                               | Home                                               | accent                                             |            0.96 |            9085.02 |     13.00765166086657
 AAAAAAAACOGBAAAA | Civil bonds could relax main weeks; teams might not grow recently ministers; quiet, free ways could appeal sorry, giant fathers. Civil, necessary bottles would                                          | Home                                               | accent                                             |            8.31 |            6931.43 |     9.924207866540785
 AAAAAAAAECFAAAAA | Always spanish members meet then strategies. Simple, n                                                                                                                                                   | Home                                               | accent                                             |            3.92 |            1682.68 |    2.4092093684666582
 AAAAAAAAEJIBAAAA | Central, bad funds understand star, commercial members. Demanding, new possibilities contrast.                                                                                                           | Home                                               | accent                                             |            8.45 |             657.44 |    0.9413023315215726
 AAAAAAAAELLAAAAA | Conservatives say much. Hesitantly different styles could mean still by the minds. Members represent rates. Poor miners will take also with a fi                                                         | Home                                               | accent                                             |            4.45 |            8805.16 |    12.606956737376018
 AAAAAAAAGGCDAAAA | Most useful systems ought to make from time to time liable urban customers. Often high names ought to replace for a products. Constant, appointe                                                         | Home                                               | accent                                             |            1.56 |            1479.56 |    2.1183884120620253
 AAAAAAAAHNPCAAAA | Running groups must fol                                                                                                                                                                                  | Home                                               | accent                                             |            3.61 |             448.32 |    0.6418907600203082
 AAAAAAAAIALDAAAA | Heavily dutch children measure gothic notes. Protective, modest points confirm in a actions. Italian changes please right sections.                                                                      | Home                                               | accent                                             |            3.71 |             892.92 |    1.2784553386807047
 AAAAAAAAILGBAAAA | At first single reade                                                                                                                                                                                    | Home                                               | accent                                             |            9.93 |             2263.8 |     3.241239075959078
 AAAAAAAAKDGBAAAA | Junior, good hours pass simply. About fresh children would trace sometimes. Confident, old trees take more                                                                                               | Home                                               | accent                                             |            2.41 |              114.5 |    0.1639375714273851
 AAAAAAAAKELAAAAA | Socially complex problems enjoy cool automatically national years. Yesterday economic authorities take                                                                                                   | Home                                               | accent                                             |            6.24 |             228.99 |   0.32786082516294246
 AAAAAAAALFIBAAAA | Interesting terms learn events; beyond different terms a                                                                                                                                                 | Home                                               | accent                                             |           88.32 |            6951.52 |     9.952972109422673
 AAAAAAAAMACAAAAA | Unable, real authorities can identify only. Contacts charge slightly. Patients would take different forces. Remaining birds may see of course relatio                                                    | Home                                               | accent                                             |            8.87 |              292.4 |      0.41864930904251
 AAAAAAAAMEJAAAAA | Types block stiff only fina                                                                                                                                                                              | Home                                               | accent                                             |            8.87 |              115.5 |     0.165369340610157
 AAAAAAAAMKDEAAAA | Tonight tropical gardens visit perceptions. Large, eq                                                                                                                                                    | Home                                               | accent                                             |           66.34 |             225.52 |    0.3228925860987239
 AAAAAAAANHCAAAAA | Acute, lexical countrie                                                                                                                                                                                  | Home                                               | accent                                             |            0.78 | 13568.310000000001 |    19.426688120296102
 AAAAAAAAOAECAAAA | Low parents used to seem questions; western, bad prices must compensate more thin letters. Weak, large words gain a                                                                                      | Home                                               | accent                                             |            6.12 |            6563.18 |     9.396958864985026
 AAAAAAAAAIBBAAAA | Conveniently left members go again original birds. Central, new services say less following hands.                                                                                                       | Home                                               | bathroom                                           |            1.89 |                 44 |   0.04186433690363182
 AAAAAAAAAKKAAAAA | Much inevitable cells would not create ahead much agricultural parameters. Again effective inches may enjoy by the stars. Senior, concerned passengers tell still conventional revenues. Serious         | Home                                               | bathroom                                           |            7.91 |             126.72 |   0.12056929028245963
 AAAAAAAABCHAAAAA | Various lands must not know however able subjects. Daily, commercial examinations say yet. Foods should not need then more shared members; rivals might specify                                          | Home                                               | bathroom                                           |            0.81 |             203.98 |   0.19407926003642767
 AAAAAAAABIDEAAAA | Practical, possible channels will not concern readers; local times emphasise only middle-class, poor creatures. Almost australian earnings could not return residential, economic versions. Initially st | Home                                               | bathroom                                           |            3.02 |            6590.97 |     6.271058831857505
 AAAAAAAACAMAAAAA | Cultural skills used to learn really relevant barriers. Able, political members talk pieces.                                                                                                             | Home                                               | bathroom                                           |            8.91 |  9352.800000000001 |     8.898835686188358
 AAAAAAAACENDAAAA | Answers expect in a cases. Weeks should qualify however even twin gardens. Light parties look. Simple moves write obviously afraid activities. Courts can snap so. Feet find simp                        | Home                                               | bathroom                                           |            7.55 |            8430.76 |     8.021549477128705
 AAAAAAAACJMDAAAA | Necessary cards form extra products. Full authorities blame so compulsory aspirations. Free drivers go quite; financial arguments trust further merely big activities. Measures shall come               | Home                                               | bathroom                                           |            0.44 |            8545.57 |     8.130786852581112
 AAAAAAAADPOCAAAA | Of course coming relations could prevent as the years; large kids feel only western products.                                                                                                            | Home                                               | bathroom                                           |            3.03 |              202.8 |   0.19295653463764847
 AAAAAAAAEEGDAAAA | Free, direct doctors shall keep then well particular weeks. Apparently historical wo                                                                                                                     | Home                                               | bathroom                                           |            9.03 |            5012.08 |     4.768804675180794
 AAAAAAAAGGFAAAAA | Needs see again resources. Different, successful instances visit of course detailed, main posts. Bones should happen both human bodies. Natural skills share artistic sales. P                           | Home                                               | bathroom                                           |            8.41 |             337.12 |   0.32075693765800817
 AAAAAAAAGMIAAAAA | Peoples can encourage only gen                                                                                                                                                                           | Home                                               | bathroom                                           |            3.04 |             458.46 |   0.43620736129179644
 AAAAAAAAGONBAAAA | Local, historic weeks fulfil electric, dangerous days. Objectives work sound facilities. Locally new types used to change there here critical shapes. Big, voluntary discussions locate. Keen areas m    | Home                                               | bathroom                                           |            5.83 |            9195.15 |     8.748837669987047
 AAAAAAAAHCNDAAAA | Strange, other bodies may say further adult servants. Forms will                                                                                                                                         | Home                                               | bathroom                                           |            2.43 |            3170.97 |     3.017058099802486
 AAAAAAAAJENCAAAA | Local, good wines can come a little young jobs. Now bright values could go un                                                                                                                            | Home                                               | bathroom                                           |             4.5 |             2974.2 |    2.8298388822450398
 AAAAAAAAKAKAAAAA | Partly small children move following, sufficient lines. Meetings win already by a shoulders. Strongly general daughters hear less fol                                                                    | Home                                               | bathroom                                           |            96.3 | 13074.849999999999 |    12.440225576464782
 AAAAAAAAKMGDAAAA | Both profound rules should call thereof final federal cameras; other, sad chi                                                                                                                            | Home                                               | bathroom                                           |           37.69 |              19.36 |     0.018420308237598
 AAAAAAAAMDFCAAAA | Grim countries raise useful youngsters. New, lovely police may move cruel, black cases. Strong, environmental years make spec                                                                            | Home                                               | bathroom                                           |            1.76 |           10814.25 |    10.289350121820464
 AAAAAAAAMDKAAAAA | Peculiar workers like still particles. Responsibilities might form good again major years. Therefore pure theories will die ofte                                                                         | Home                                               | bathroom                                           |            4.48 | 11235.970000000001 |    10.690600761797727
 AAAAAAAANGJDAAAA | Endless, roman houses characterize total subjects. Institutional humans co                                                                                                                               | Home                                               | bathroom                                           |            6.93 | 3268.8199999999997 |     3.110158676302949
 AAAAAAAAOANBAAAA | Able, considerable requireme                                                                                                                                                                             | Home                                               | bathroom                                           |            7.93 |           11888.72 |    11.311667714385129
 AAAAAAAAOOGDAAAA | Certainly public courts look to a teachers. Quick terms will admit then new, local reports. Tactics could lose young, other facilities. Standard, urgent maps should not control far deep,               | Home                                               | bathroom                                           |            7.27 |              103.7 |   0.09866663038424135
 AAAAAAAAPBGDAAAA | Prime, shallow roads ought to smile decisively small notions. Actual, absent forests shall not marry just just main crops. Russian hands must                                                            | Home                                               | bathroom                                           |            1.81 |              50.14 |  0.047706314826093166
 AAAAAAAACBMCAAAA | Women learn. Slowly practi                                                                                                                                                                               | Home                                               | bedding                                            |            4.36 |             539.46 |   0.47773069683184816
 AAAAAAAACGOBAAAA | Usually general schools rep                                                                                                                                                                              | Home                                               | bedding                                            |            4.02 |             4871.1 |     4.313710001367323
 AAAAAAAACPOAAAAA | Certainly economic reserves go deeply about a days. Gift                                                                                                                                                 | Home                                               | bedding                                            |            1.86 |             812.42 |    0.7194564429617212
 AAAAAAAADANAAAAA | Average factors must know usual, literary methods. Rapid, severe effects used to state possibly skills. Religious players seem prices; hours de                                                          | Home                                               | bedding                                            |            3.99 |             149.76 |   0.13262326985789044
 AAAAAAAAEADEAAAA | Political affairs would say really in place of a resources. Times withdraw quite long countries. Yet used changes must see for a conditions. General years used to find both. Blue,                      | Home                                               | bedding                                            |            2.23 |           19216.04 |    17.017187890758663
 AAAAAAAAEDHCAAAA | Gentlemen say more potentially inc honours. Lines include interestingly annual papers; well proposed problems sho                                                                                        | Home                                               | bedding                                            |            3.88 |            1759.59 |     1.558243719345923
 AAAAAAAAEHGAAAAA | Areas depend slowly busy places. Pr                                                                                                                                                                      | Home                                               | bedding                                            |            8.34 |                360 |    0.3188059371583905
 AAAAAAAAFLJAAAAA | Junior statements will understand grim, inherent glasses. Initial matters work medical, british men. Now available facts shall give significantly by the nations. Notes mu                               | Home                                               | bedding                                            |            7.67 |             2578.8 |     2.283713196511271
 AAAAAAAAFMEEAAAA | Old, useful children should deal instead most good wives. Numbers find regularly in a rights. Effective days should attend gen                                                                           | Home                                               | bedding                                            |            1.59 |             978.78 |    0.8667802088108041
 AAAAAAAAGEMBAAAA | However loose things ought to lead away actual days. Minutes test in a candidates. Again logical servants get still new, vulnerable horses. Examples accommodate. P                                      | Home                                               | bedding                                            |            3.73 |            1141.21 |    1.0106236765125745
 AAAAAAAAGFDCAAAA | Aware, special managers must give probably dangers. Big, mental characteristics should please                                                                                                            | Home                                               | bedding                                            |            1.39 |            1405.53 |    1.2446980801506462
 AAAAAAAAGGNAAAAA | High, delighted interests get quickly much subsequent volunteers. Crucial, international organs can show for a years. Quick, true banks coul                                                             | Home                                               | bedding                                            |            0.46 |             5258.8 |     4.657046284245955
 AAAAAAAAGKLCAAAA | Now free wines can introduce across a groups. Well universal facts                                                                                                                                       | Home                                               | bedding                                            |            5.53 |           12922.86 |    11.444123591851884
 AAAAAAAAGNLCAAAA | Clear children make too interesting, future applications. Stupid names dismiss so global calculations. Brief eyes shall add c                                                                            | Home                                               | bedding                                            |            3.27 |            3248.91 |    2.8771438813701846
 AAAAAAAAGOBCAAAA | Crops may not return quite young, difficult requests; systems must bring again specific, constant conditions. Aloft foreign things should not feel thus.                                                 | Home                                               | bedding                                            |             4.2 |             145.28 |    0.1286559070843638
 AAAAAAAAHGMAAAAA | Legal boys wi                                                                                                                                                                                            | Home                                               | bedding                                            |            9.59 |             888.24 |    0.7866005156154688
 AAAAAAAAHOAEAAAA | Reasons will defeat necessarily common things.                                                                                                                                                           | Home                                               | bedding                                            |            2.05 |            7549.02 |     6.685201099242869
 AAAAAAAAINBEAAAA | Developments ask new friends. Alternative, soviet years should confirm simply good children.                                                                                                             | Home                                               | bedding                                            |            1.18 |            2016.96 |    1.7861633972527424
 AAAAAAAAIPFBAAAA | Heroes shall protect hard, outside cuts. Rarely unlikely hours say complex months; difficult, fundamental sounds would try quite far political managers. Japanese m                                      | Home                                               | bedding                                            |            4.81 |            1068.96 |    0.9466410960689808
 AAAAAAAAJGJBAAAA | Today successful wars become much in a deaths; liberal, organic feet ought to exert only other points. Holy, able men will pretend highly at first addi                                                  | Home                                               | bedding                                            |            0.78 |            4415.44 |    3.9101902421295653
 AAAAAAAAKFODAAAA | Free, old premises should go most new feet; accordingly possible provinces could not get countries. Most financial orders o                                                                              | Home                                               | bedding                                            |           11.08 |             4542.6 |     4.022799583710292
 AAAAAAAALPJCAAAA | Firm, concerned points raise technical, individual workers. Accordingly full hours must not use anyway problems. Royal, gastric instruments should not identify national activit                         | Home                                               | bedding                                            |            2.82 |             958.74 |    0.8490333449756536
 AAAAAAAAMHGDAAAA | Thus                                                                                                                                                                                                     | Home                                               | bedding                                            |            2.46 |             930.85 |     0.824334740566355
 AAAAAAAAMIPAAAAA | Low years avoid anyway ladies. Now big lawyers want still. Social, foll                                                                                                                                  | Home                                               | bedding                                            |            4.67 |            11495.4 |    10.180004916696006
 AAAAAAAAMOPDAAAA | Scottish measures check so evil, useful spirits. General costs ought to divert among a members; human, oth                                                                                               | Home                                               | bedding                                            |            0.86 |             763.36 |    0.6760102783034138
 AAAAAAAANAADAAAA | Central models want. Even international characters defend complete women. Ages must entitle so big, various eyes. Certain dollars will decide as tomorrow poor buildings. Underlying l                   | Home                                               | bedding                                            |            2.81 |            4198.47 |    3.7180476749482994
 AAAAAAAANECDAAAA | Hardly environmental scientists close once quite british calculations. Visible, possible months could not continue important students. Historians tell above minutes. Short,                             | Home                                               | bedding                                            |            3.98 |             169.24 |      0.14987421334635
 AAAAAAAANEGCAAAA | Social, subsequent differences forget anyway either new terms. Even conventional years ought to employ still firm close courses. Students connect soon new sales.                                        | Home                                               | bedding                                            |            2.45 |             206.25 |   0.18264923483032788
 AAAAAAAANKMCAAAA | Afraid, true parties would cause after a countries. Civil structures can bring in a policies; following hands marry from the movements. Exchanges listen. Close, normal relationships might create only  | Home                                               | bedding                                            |           32.83 |              66.88 |  0.059227058547647655
 AAAAAAAANPBCAAAA | Also autonomous hands settle great guns. Arab, rough police run unfortunately with a forms; clothes see. True, giant drivers increase just personal, exceptional                                         | Home                                               | bedding                                            |            9.74 |             178.65 |   0.15820744631485129
 AAAAAAAAOBIAAAAA | Most central years                                                                                                                                                                                       | Home                                               | bedding                                            |            0.76 |            1525.69 |    1.3511084173977355
 AAAAAAAAOECAAAAA | Requests come best existing, fundamental problems. Books expect ordinary tears. Major, unusual investments look for a lakes. Limited, true things star                                                   | Home                                               | bedding                                            |            6.91 |             963.66 |    0.8533903594501516
 AAAAAAAAOFPDAAAA | Foreign, russian hours would not show strategic, objective arrangements. Tiles hold careful magazines. Pupils will not beat popul                                                                        | Home                                               | bedding                                            |            4.78 |            1612.38 |    1.4278786582095713
 AAAAAAAAOHMCAAAA | Young clubs talk distant companies. Silly, blue banks could                                                                                                                                              | Home                                               | bedding                                            |            8.44 |            1659.84 |     1.469907907591619
 AAAAAAAAOOPAAAAA | Pockets withdraw more. Thus suitable lakes can avoid often again very sources. Results acquire individuals. Available ears should not meet new, old factors. Games would not b                           | Home                                               | bedding                                            |            0.96 | 1920.5800000000002 |    1.7008119632990604
 AAAAAAAAOPNCAAAA | Strategic days use never. Com                                                                                                                                                                            | Home                                               | bedding                                            |             0.9 |             475.68 |    0.4212489116319533
 AAAAAAAAPCOAAAAA | Hours can take male meetings. Girls ought to match in                                                                                                                                                    | Home                                               | bedding                                            |               8 |            7738.12 |     6.852662773455791
 AAAAAAAAPKAAAAAA | Funny changes could suit very too                                                                                                                                                                        | Home                                               | bedding                                            |            1.37 |            2187.81 |    1.9374633815958286
 AAAAAAAAAEFEAAAA | Professional, other proposals should not decide completely among a boundaries. Perfect sets learn new, short prospects. Regions kn                                                                       | Home                                               | blinds/shades                                      |            4.88 |              12.24 |  0.013482871300816187
 AAAAAAAAAKABAAAA | Absolute parties would not drink interested rooms. Then subsequent meetings cannot talk new blues. Areas might account men. Days will discover with a e                                                  | Home                                               | blinds/shades                                      |            8.02 |             1894.5 |     2.086870888839564
 AAAAAAAABEFDAAAA | Blocks keep available, high discussions. Current families will not improve wide as well long individuals. Ar                                                                                             | Home                                               | blinds/shades                                      |            3.27 |             236.13 |   0.26010705884491225
 AAAAAAAACBEAAAAA | Involved members could cover typically to a cases. Sad,                                                                                                                                                  | Home                                               | blinds/shades                                      |            1.28 |           17435.45 |     19.20587650505029
 AAAAAAAACFMAAAAA | Later old elements used to express much at a men. Hard only thoughts throw in a topics. Lights must establish less as primary                                                                            | Home                                               | blinds/shades                                      |            9.86 |            4517.91 |     4.976666591394645
 AAAAAAAACGDAAAAA | Sites shall see honestly domestic, common boxes. Bodies should lift very years. For good other others might not return even secondary                                                                    | Home                                               | blinds/shades                                      |            7.88 |             172.62 |   0.19014814084533416
 AAAAAAAACGHCAAAA | Great needs speak extreme, proposed ideas. Free, used revenues travel however trees. Discussions shall keep ordinary                                                                                     | Home                                               | blinds/shades                                      |            3.26 |            2115.54 |     2.330355682330774
 AAAAAAAAEJOBAAAA | Days keep public, common facts. Wheels leave all small ways. Actually red heels should hire left very great students. National cities should no                                                          | Home                                               | blinds/shades                                      |            5.88 |            2435.54 |     2.682849049672374
 AAAAAAAAEOODAAAA | Secure sciences would not weep possible, horizontal reports. Other, social elements consolidate. Activities shall tell as emotional fans. Popular soci                                                   | Home                                               | blinds/shades                                      |            2.12 |            3735.99 |     4.115349048295447
 AAAAAAAAEPBAAAAA | Worth                                                                                                                                                                                                    | Home                                               | blinds/shades                                      |            2.23 | 1791.3600000000001 |    1.9732578703782748
 AAAAAAAAGAGBAAAA | Present, soft arms control as; straightforward colleagues should contribute again short, young bombs. Premises outline. Also private strate                                                              | Home                                               | blinds/shades                                      |            9.29 |            1517.25 |    1.6713142549970064
 AAAAAAAAGBGAAAAA | Unexpe                                                                                                                                                                                                   | Home                                               | blinds/shades                                      |           52.81 |               3.16 | 0.0034808720024982966
 AAAAAAAAGCLDAAAA | White, black parameters publish. Much                                                                                                                                                                    | Home                                               | blinds/shades                                      |            6.21 |            7522.89 |     8.286777588251395
 AAAAAAAAGJDCAAAA | Silent years secure too; contributions create worldwide public definitions. Long in                                                                                                                      | Home                                               | blinds/shades                                      |            3.08 |            2131.98 |     2.348465029077949
 AAAAAAAAGKBCAAAA | Improvements used to extend above so sorry operations. Details get before councils; commercial areas remove. Ago legal diseases absorb developments. Strangers should not conceive far major             | Home                                               | blinds/shades                                      |           23.04 |            1396.21 |    1.5379836388000463
 AAAAAAAAGMGCAAAA | Front hands might not curb del                                                                                                                                                                           | Home                                               | blinds/shades                                      |            1.54 |            3958.88 |       4.3608716940666
 AAAAAAAAHIHDAAAA | Certain, average nations come in the instruments. Then local sports shall ensure. Reasonably unknown beds help from a divis                                                                              | Home                                               | blinds/shades                                      |           93.65 |           10459.38 |    11.521443989079312
 AAAAAAAAIDMAAAAA | Very strange schools should stretch briskly in a deals; new, forward investors might not communicate for a windows; logically original terms used to                                                     | Home                                               | blinds/shades                                      |            5.91 |            1765.11 |    1.9443423988385342
 AAAAAAAAILKDAAAA | Relatively bare terms f                                                                                                                                                                                  | Home                                               | blinds/shades                                      |            3.84 |              13.76 |  0.015157214795688784
 AAAAAAAAIPFEAAAA | More waste relations should not call recent, marine years. Increasingly worthwhile terms meet important, socialist changes; redundant faces may not go again most eastern children. Judicial             | Home                                               | blinds/shades                                      |            9.79 |             2647.4 |     2.916221689687972
(100 rows)

UPDATE time_statistics SET e_time = TRANSACTION_TIMESTAMP() WHERE template = '../query_postgresql/query12.tpl' AND stream = 5;
psql:/tmp/s1-basline/throughput/query_5.sql:4464: NOTICE:  duration: 0.100 ms  plan:
Query Text: UPDATE time_statistics SET e_time = TRANSACTION_TIMESTAMP() WHERE template = '../query_postgresql/query12.tpl' AND stream = 5;
Update on time_statistics  (cost=0.00..22.34 rows=0 width=0) (actual time=0.100..0.100 rows=0 loops=1)
  ->  Seq Scan on time_statistics  (cost=0.00..22.34 rows=1 width=14) (actual time=0.079..0.090 rows=1 loops=1)
        Filter: ((template = '../query_postgresql/query12.tpl'::text) AND (stream = 5))
        Rows Removed by Filter: 775
UPDATE 1
LOAD 'auto_explain'; SET auto_explain.log_min_duration TO 0; SET auto_explain.log_analyze TO on; SET auto_explain.log_level TO notice; INSERT INTO time_statistics (template, s_time, stream, query, seed) VALUES ('../query_postgresql/query37.tpl', TRANSACTION_TIMESTAMP(), 5, 88, 1705762888);
LOAD
SET
SET
SET
psql:/tmp/s1-basline/throughput/query_5.sql:4465: NOTICE:  duration: 0.009 ms  plan:
Query Text: INSERT INTO time_statistics (template, s_time, stream, query, seed) VALUES ('../query_postgresql/query37.tpl', TRANSACTION_TIMESTAMP(), 5, 88, 1705762888);
Insert on time_statistics  (cost=0.00..0.01 rows=0 width=0) (actual time=0.009..0.009 rows=0 loops=1)
  ->  Result  (cost=0.00..0.01 rows=1 width=64) (actual time=0.002..0.002 rows=1 loops=1)
INSERT 0 1
select  i_item_id
       ,i_item_desc
       ,i_current_price
 from item, inventory, date_dim, catalog_sales
 where i_current_price between 12 and 12 + 30
 and inv_item_sk = i_item_sk
 and d_date_sk=inv_date_sk
 and d_date between cast('1998-02-10' as date) and (cast('1998-02-10' as date) +  INTERVAL '60 days')
 and i_manufact_id in (897,804,721,735)
 and inv_quantity_on_hand between 100 and 500
 and cs_item_sk = i_item_sk
 group by i_item_id,i_item_desc,i_current_price
 order by i_item_id
 limit 100;
psql:/tmp/s1-basline/throughput/query_5.sql:4479: NOTICE:  duration: 5.404 ms  plan:
Query Text: select  i_item_id
       ,i_item_desc
       ,i_current_price
 from item, inventory, date_dim, catalog_sales
 where i_current_price between 12 and 12 + 30
 and inv_item_sk = i_item_sk
 and d_date_sk=inv_date_sk
 and d_date between cast('1998-02-10' as date) and (cast('1998-02-10' as date) +  INTERVAL '60 days')
 and i_manufact_id in (897,804,721,735)
 and inv_quantity_on_hand between 100 and 500
 and cs_item_sk = i_item_sk
 group by i_item_id,i_item_desc,i_current_price
 order by i_item_id
 limit 100;
Limit  (cost=2247.71..2248.57 rows=2 width=127) (actual time=5.402..5.403 rows=0 loops=1)
  ->  Group  (cost=2247.71..2248.57 rows=2 width=127) (actual time=5.402..5.402 rows=0 loops=1)
        Group Key: item.i_item_id, item.i_item_desc, item.i_current_price
        ->  Sort  (cost=2247.71..2247.92 rows=86 width=127) (actual time=5.401..5.402 rows=0 loops=1)
              Sort Key: item.i_item_id, item.i_item_desc, item.i_current_price
              Sort Method: quicksort  Memory: 25kB
              ->  Nested Loop  (cost=1.28..2244.95 rows=86 width=127) (actual time=5.396..5.397 rows=0 loops=1)
                    ->  Nested Loop  (cost=0.85..2242.10 rows=1 width=143) (actual time=5.396..5.396 rows=0 loops=1)
                          ->  Seq Scan on item  (cost=0.00..1616.00 rows=2 width=135) (actual time=5.396..5.396 rows=0 loops=1)
                                Filter: ((i_current_price >= '12'::double precision) AND (i_current_price <= '42'::double precision) AND (i_manufact_id = ANY ('{897,804,721,735}'::integer[])))
                                Rows Removed by Filter: 18000
                          ->  Nested Loop  (cost=0.85..312.44 rows=61 width=8) (never executed)
                                ->  Index Scan using i_d_date on date_dim  (cost=0.29..4.71 rows=61 width=8) (never executed)
                                      Index Cond: ((d_date >= '1998-02-10'::date) AND (d_date <= '1998-04-11 00:00:00'::timestamp without time zone))
                                ->  Index Scan using pk_inventory on inventory  (cost=0.56..5.03 rows=1 width=16) (never executed)
                                      Index Cond: ((inv_date_sk = date_dim.d_date_sk) AND (inv_item_sk = item.i_item_sk))
                                      Filter: ((inv_quantity_on_hand >= 100) AND (inv_quantity_on_hand <= 500))
                    ->  Index Only Scan using pk_catalog_sales on catalog_sales  (cost=0.43..1.97 rows=88 width=8) (never executed)
                          Index Cond: (cs_item_sk = inventory.inv_item_sk)
                          Heap Fetches: 0
 i_item_id | i_item_desc | i_current_price 
-----------+-------------+-----------------
(0 rows)

UPDATE time_statistics SET e_time = TRANSACTION_TIMESTAMP() WHERE template = '../query_postgresql/query37.tpl' AND stream = 5;
psql:/tmp/s1-basline/throughput/query_5.sql:4481: NOTICE:  duration: 0.086 ms  plan:
Query Text: UPDATE time_statistics SET e_time = TRANSACTION_TIMESTAMP() WHERE template = '../query_postgresql/query37.tpl' AND stream = 5;
Update on time_statistics  (cost=0.00..22.34 rows=0 width=0) (actual time=0.085..0.085 rows=0 loops=1)
  ->  Seq Scan on time_statistics  (cost=0.00..22.34 rows=1 width=14) (actual time=0.066..0.076 rows=1 loops=1)
        Filter: ((template = '../query_postgresql/query37.tpl'::text) AND (stream = 5))
        Rows Removed by Filter: 776
UPDATE 1
LOAD 'auto_explain'; SET auto_explain.log_min_duration TO 0; SET auto_explain.log_analyze TO on; SET auto_explain.log_level TO notice; INSERT INTO time_statistics (template, s_time, stream, query, seed) VALUES ('query15.tpl', TRANSACTION_TIMESTAMP(), 5, 89, 825104893);
LOAD
SET
SET
SET
psql:/tmp/s1-basline/throughput/query_5.sql:4482: NOTICE:  duration: 0.009 ms  plan:
Query Text: INSERT INTO time_statistics (template, s_time, stream, query, seed) VALUES ('query15.tpl', TRANSACTION_TIMESTAMP(), 5, 89, 825104893);
Insert on time_statistics  (cost=0.00..0.01 rows=0 width=0) (actual time=0.008..0.009 rows=0 loops=1)
  ->  Result  (cost=0.00..0.01 rows=1 width=64) (actual time=0.001..0.002 rows=1 loops=1)
INSERT 0 1
select  ca_zip
       ,sum(cs_sales_price)
 from catalog_sales
     ,customer
     ,customer_address
     ,date_dim
 where cs_bill_customer_sk = c_customer_sk
 	and c_current_addr_sk = ca_address_sk 
 	and ( substr(ca_zip,1,5) in ('85669', '86197','88274','83405','86475',
                                   '85392', '85460', '80348', '81792')
 	      or ca_state in ('CA','WA','GA')
 	      or cs_sales_price > 500)
 	and cs_sold_date_sk = d_date_sk
 	and d_qoy = 2 and d_year = 2001
 group by ca_zip
 order by ca_zip
 limit 100;
psql:/tmp/s1-basline/throughput/query_5.sql:4499: NOTICE:  duration: 154.053 ms  plan:
Query Text: select  ca_zip
       ,sum(cs_sales_price)
 from catalog_sales
     ,customer
     ,customer_address
     ,date_dim
 where cs_bill_customer_sk = c_customer_sk
 	and c_current_addr_sk = ca_address_sk 
 	and ( substr(ca_zip,1,5) in ('85669', '86197','88274','83405','86475',
                                   '85392', '85460', '80348', '81792')
 	      or ca_state in ('CA','WA','GA')
 	      or cs_sales_price > 500)
 	and cs_sold_date_sk = d_date_sk
 	and d_qoy = 2 and d_year = 2001
 group by ca_zip
 order by ca_zip
 limit 100;
Limit  (cost=8649.01..8650.76 rows=100 width=19) (actual time=153.724..154.022 rows=100 loops=1)
  ->  GroupAggregate  (cost=8649.01..8652.74 rows=213 width=19) (actual time=153.724..154.015 rows=100 loops=1)
        Group Key: customer_address.ca_zip
        ->  Sort  (cost=8649.01..8649.54 rows=213 width=19) (actual time=153.714..153.779 rows=1668 loops=1)
              Sort Key: customer_address.ca_zip
              Sort Method: quicksort  Memory: 280kB
              ->  Nested Loop  (cost=1.03..8640.77 rows=213 width=19) (actual time=4.687..151.948 rows=2948 loops=1)
                    Join Filter: ((substr((customer_address.ca_zip)::text, 1, 5) = ANY ('{85669,86197,88274,83405,86475,85392,85460,80348,81792}'::text[])) OR (customer_address.ca_state = ANY ('{CA,WA,GA}'::bpchar[])) OR (catalog_sales.cs_sales_price > '500'::double precision))
                    Rows Removed by Join Filter: 37496
                    ->  Nested Loop  (cost=0.72..8028.68 rows=1760 width=16) (actual time=4.399..80.163 rows=40444 loops=1)
                          ->  Nested Loop  (cost=0.43..7475.39 rows=1770 width=16) (actual time=4.393..26.644 rows=40561 loops=1)
                                ->  Seq Scan on date_dim  (cost=0.00..2500.73 rows=90 width=8) (actual time=4.385..9.636 rows=91 loops=1)
                                      Filter: ((d_qoy = 2) AND (d_year = 2001))
                                      Rows Removed by Filter: 72958
                                ->  Index Scan using i_cs_sold_date_sk on catalog_sales  (cost=0.43..47.42 rows=785 width=24) (actual time=0.004..0.103 rows=446 loops=91)
                                      Index Cond: (cs_sold_date_sk = date_dim.d_date_sk)
                          ->  Index Scan using pk_customer on customer  (cost=0.29..0.31 rows=1 width=16) (actual time=0.001..0.001 rows=1 loops=40561)
                                Index Cond: (c_customer_sk = catalog_sales.cs_bill_customer_sk)
                    ->  Index Scan using pk_customer_address on customer_address  (cost=0.29..0.32 rows=1 width=22) (actual time=0.001..0.001 rows=1 loops=40444)
                          Index Cond: (ca_address_sk = customer.c_current_addr_sk)
   ca_zip   |        sum         
------------+--------------------
 30069      |             560.27
 30150      |             436.47
 30162      |            1541.44
 30344      |             132.91
 30369      |  564.6999999999999
 30399      | 1140.4099999999999
 30411      |              681.6
 30499      |  642.5000000000001
 30534      | 351.09999999999997
 30587      |  632.9799999999999
 30635      | 239.92000000000002
 30894      |             320.21
 30965      |             127.05
 31087      |             265.37
 31289      | 1499.1000000000001
 31387      | 1721.5800000000008
 31521      |             687.28
 31545      |             264.83
 31675      | 1553.1800000000003
 31711      |  964.9499999999999
 31749      |            1057.61
 31757      |            1101.28
 31904      |  768.4300000000002
 31933      |              899.2
 31944      | 1449.7899999999997
 31952      |             711.15
 32293      |             521.37
 32366      | 369.28000000000003
 32477      |            1790.19
 32562      | 337.45000000000005
 32565      | 335.83000000000004
 32808      |  697.4300000000001
 32812      | 1179.9899999999998
 32819      |             413.57
 32898      |             862.22
 33003      | 1149.3299999999997
 33425      | 214.79000000000002
 33451      |            2526.48
 33604      |             299.01
 33683      | 199.01999999999998
 33824      |             342.77
 34098      |             587.47
 34107      |             3933.8
 34212      |             489.11
 34244      | 1217.8700000000001
 34253      |  654.5200000000001
 34289      |  827.7300000000001
 34338      |            1293.47
 34466      | 142.20999999999998
 34489      |             309.21
 34536      | 1643.2700000000004
 34593      |             513.57
 34642      |             502.84
 34843      |             715.16
 34975      | 1001.3899999999999
 35018      |            1270.59
 35038      |             584.24
 35124      |            2070.08
 35281      |            1285.98
 35709      |            1503.09
 35752      | 1096.4199999999998
 35804      |             557.08
 35817      | 1703.1899999999998
 36060      |            1542.33
 36192      |             310.54
 36277      |             344.64
 36340      |  596.9499999999999
 36534      |  643.1700000000002
 36549      |             698.31
 36614      | 1482.3600000000001
 36668      |            1170.97
 36787      |             996.65
 36867      | 1697.4600000000007
 37683      | 325.65000000000003
 37746      |             201.08
 37752      |             418.55
 37783      |             232.33
 37838      |  764.3199999999999
 37997      |             599.88
 38014      |            1961.44
 38054      |  728.4100000000001
 38059      |  603.2800000000001
 38222      |             245.07
 38252      |            1759.35
 38354      |              346.2
 38371      |             804.62
 38375      |             321.91
 38482      | 1021.3299999999999
 38605      |             919.43
 38721      |  610.4499999999999
 38828      | 114.63999999999999
 38877      |  719.1700000000001
 38883      |             934.92
 39003      |             568.99
 39101      |             935.26
 39145      |  370.5500000000001
 39231      |  686.1099999999999
 39237      |             1344.2
 39275      |              630.1
 39303      |             391.93
(100 rows)

UPDATE time_statistics SET e_time = TRANSACTION_TIMESTAMP() WHERE template = 'query15.tpl' AND stream = 5;
psql:/tmp/s1-basline/throughput/query_5.sql:4501: NOTICE:  duration: 0.107 ms  plan:
Query Text: UPDATE time_statistics SET e_time = TRANSACTION_TIMESTAMP() WHERE template = 'query15.tpl' AND stream = 5;
Update on time_statistics  (cost=0.00..22.34 rows=0 width=0) (actual time=0.107..0.107 rows=0 loops=1)
  ->  Seq Scan on time_statistics  (cost=0.00..22.34 rows=1 width=14) (actual time=0.080..0.092 rows=1 loops=1)
        Filter: ((template = 'query15.tpl'::text) AND (stream = 5))
        Rows Removed by Filter: 777
UPDATE 1
LOAD 'auto_explain'; SET auto_explain.log_min_duration TO 0; SET auto_explain.log_analyze TO on; SET auto_explain.log_level TO notice; INSERT INTO time_statistics (template, s_time, stream, query, seed) VALUES ('query59.tpl', TRANSACTION_TIMESTAMP(), 5, 90, 1236027972);
LOAD
SET
SET
SET
psql:/tmp/s1-basline/throughput/query_5.sql:4502: NOTICE:  duration: 0.008 ms  plan:
Query Text: INSERT INTO time_statistics (template, s_time, stream, query, seed) VALUES ('query59.tpl', TRANSACTION_TIMESTAMP(), 5, 90, 1236027972);
Insert on time_statistics  (cost=0.00..0.01 rows=0 width=0) (actual time=0.008..0.008 rows=0 loops=1)
  ->  Result  (cost=0.00..0.01 rows=1 width=64) (actual time=0.002..0.002 rows=1 loops=1)
INSERT 0 1
with wss as 
 (select d_week_seq,
        ss_store_sk,
        sum(case when (d_day_name='Sunday') then ss_sales_price else null end) sun_sales,
        sum(case when (d_day_name='Monday') then ss_sales_price else null end) mon_sales,
        sum(case when (d_day_name='Tuesday') then ss_sales_price else  null end) tue_sales,
        sum(case when (d_day_name='Wednesday') then ss_sales_price else null end) wed_sales,
        sum(case when (d_day_name='Thursday') then ss_sales_price else null end) thu_sales,
        sum(case when (d_day_name='Friday') then ss_sales_price else null end) fri_sales,
        sum(case when (d_day_name='Saturday') then ss_sales_price else null end) sat_sales
 from store_sales,date_dim
 where d_date_sk = ss_sold_date_sk
 group by d_week_seq,ss_store_sk
 )
  select  s_store_name1,s_store_id1,d_week_seq1
       ,sun_sales1/sun_sales2,mon_sales1/mon_sales2
       ,tue_sales1/tue_sales2,wed_sales1/wed_sales2,thu_sales1/thu_sales2
       ,fri_sales1/fri_sales2,sat_sales1/sat_sales2
 from
 (select s_store_name s_store_name1,wss.d_week_seq d_week_seq1
        ,s_store_id s_store_id1,sun_sales sun_sales1
        ,mon_sales mon_sales1,tue_sales tue_sales1
        ,wed_sales wed_sales1,thu_sales thu_sales1
        ,fri_sales fri_sales1,sat_sales sat_sales1
  from wss,store,date_dim d
  where d.d_week_seq = wss.d_week_seq and
        ss_store_sk = s_store_sk and 
        d_month_seq between 1191 and 1191 + 11) y,
 (select s_store_name s_store_name2,wss.d_week_seq d_week_seq2
        ,s_store_id s_store_id2,sun_sales sun_sales2
        ,mon_sales mon_sales2,tue_sales tue_sales2
        ,wed_sales wed_sales2,thu_sales thu_sales2
        ,fri_sales fri_sales2,sat_sales sat_sales2
  from wss,store,date_dim d
  where d.d_week_seq = wss.d_week_seq and
        ss_store_sk = s_store_sk and 
        d_month_seq between 1191+ 12 and 1191 + 23) x
 where s_store_id1=s_store_id2
   and d_week_seq1=d_week_seq2-52
 order by s_store_name1,s_store_id1,d_week_seq1
limit 100;
psql:/tmp/s1-basline/throughput/query_5.sql:4543: NOTICE:  duration: 915.510 ms  plan:
Query Text: with wss as 
 (select d_week_seq,
        ss_store_sk,
        sum(case when (d_day_name='Sunday') then ss_sales_price else null end) sun_sales,
        sum(case when (d_day_name='Monday') then ss_sales_price else null end) mon_sales,
        sum(case when (d_day_name='Tuesday') then ss_sales_price else  null end) tue_sales,
        sum(case when (d_day_name='Wednesday') then ss_sales_price else null end) wed_sales,
        sum(case when (d_day_name='Thursday') then ss_sales_price else null end) thu_sales,
        sum(case when (d_day_name='Friday') then ss_sales_price else null end) fri_sales,
        sum(case when (d_day_name='Saturday') then ss_sales_price else null end) sat_sales
 from store_sales,date_dim
 where d_date_sk = ss_sold_date_sk
 group by d_week_seq,ss_store_sk
 )
  select  s_store_name1,s_store_id1,d_week_seq1
       ,sun_sales1/sun_sales2,mon_sales1/mon_sales2
       ,tue_sales1/tue_sales2,wed_sales1/wed_sales2,thu_sales1/thu_sales2
       ,fri_sales1/fri_sales2,sat_sales1/sat_sales2
 from
 (select s_store_name s_store_name1,wss.d_week_seq d_week_seq1
        ,s_store_id s_store_id1,sun_sales sun_sales1
        ,mon_sales mon_sales1,tue_sales tue_sales1
        ,wed_sales wed_sales1,thu_sales thu_sales1
        ,fri_sales fri_sales1,sat_sales sat_sales1
  from wss,store,date_dim d
  where d.d_week_seq = wss.d_week_seq and
        ss_store_sk = s_store_sk and 
        d_month_seq between 1191 and 1191 + 11) y,
 (select s_store_name s_store_name2,wss.d_week_seq d_week_seq2
        ,s_store_id s_store_id2,sun_sales sun_sales2
        ,mon_sales mon_sales2,tue_sales tue_sales2
        ,wed_sales wed_sales2,thu_sales thu_sales2
        ,fri_sales fri_sales2,sat_sales sat_sales2
  from wss,store,date_dim d
  where d.d_week_seq = wss.d_week_seq and
        ss_store_sk = s_store_sk and 
        d_month_seq between 1191+ 12 and 1191 + 23) x
 where s_store_id1=s_store_id2
   and d_week_seq1=d_week_seq2-52
 order by s_store_name1,s_store_id1,d_week_seq1
limit 100;
Limit  (cost=163305.00..163305.01 rows=1 width=82) (actual time=915.230..915.385 rows=100 loops=1)
  CTE wss
    ->  Finalize HashAggregate  (cost=154681.46..155306.72 rows=62526 width=68) (actual time=758.227..759.031 rows=1850 loops=1)
          Group Key: date_dim.d_week_seq, store_sales.ss_store_sk
          Batches: 1  Memory Usage: 3601kB
          ->  Gather  (cost=138737.33..151867.79 rows=125052 width=68) (actual time=755.026..756.500 rows=5550 loops=1)
                Workers Planned: 2
                Workers Launched: 2
                ->  Partial HashAggregate  (cost=137737.33..138362.59 rows=62526 width=68) (actual time=749.884..750.551 rows=1850 loops=3)
                      Group Key: date_dim.d_week_seq, store_sales.ss_store_sk
                      Batches: 1  Memory Usage: 3601kB
                      Worker 0:  Batches: 1  Memory Usage: 3601kB
                      Worker 1:  Batches: 1  Memory Usage: 3601kB
                      ->  Hash Join  (cost=3048.60..91709.89 rows=1150686 width=30) (actual time=29.418..407.887 rows=904960 loops=3)
                            Hash Cond: (store_sales.ss_sold_date_sk = date_dim.d_date_sk)
                            ->  Parallel Seq Scan on store_sales  (cost=0.00..85499.45 rows=1204445 width=24) (actual time=0.015..131.178 rows=948150 loops=3)
                            ->  Hash  (cost=2135.49..2135.49 rows=73049 width=22) (actual time=28.998..28.999 rows=73049 loops=3)
                                  Buckets: 131072  Batches: 1  Memory Usage: 5019kB
                                  ->  Seq Scan on date_dim  (cost=0.00..2135.49 rows=73049 width=22) (actual time=0.023..17.356 rows=73049 loops=3)
  ->  Sort  (cost=7998.28..7998.28 rows=1 width=82) (actual time=915.230..915.238 rows=100 loops=1)
        Sort Key: store.s_store_name, store.s_store_id, wss.d_week_seq
        Sort Method: top-N heapsort  Memory: 48kB
        ->  Nested Loop  (cost=3971.32..7998.27 rows=1 width=82) (actual time=772.420..910.938 rows=15988 loops=1)
              Join Filter: (wss_1.d_week_seq = d_1.d_week_seq)
              Rows Removed by Join Filter: 826432
              ->  Seq Scan on date_dim d_1  (cost=0.00..2500.73 rows=348 width=4) (actual time=3.622..6.706 rows=365 loops=1)
                    Filter: ((d_month_seq >= 1203) AND (d_month_seq <= 1214))
                    Rows Removed by Filter: 72684
              ->  Materialize  (cost=3971.32..5450.56 rows=9 width=142) (actual time=2.106..2.195 rows=2308 loops=365)
                    ->  Hash Join  (cost=3971.32..5450.51 rows=9 width=142) (actual time=768.782..769.934 rows=2308 loops=1)
                          Hash Cond: (((wss_1.d_week_seq - 52) = d.d_week_seq) AND (store_1.s_store_id = store.s_store_id))
                          ->  Hash Join  (cost=1.27..1419.40 rows=3752 width=77) (actual time=758.249..758.749 rows=1588 loops=1)
                                Hash Cond: (wss_1.ss_store_sk = store_1.s_store_sk)
                                ->  CTE Scan on wss wss_1  (cost=0.00..1250.52 rows=62526 width=68) (actual time=758.229..758.353 rows=1850 loops=1)
                                ->  Hash  (cost=1.12..1.12 rows=12 width=25) (actual time=0.011..0.012 rows=12 loops=1)
                                      Buckets: 1024  Batches: 1  Memory Usage: 9kB
                                      ->  Seq Scan on store store_1  (cost=0.00..1.12 rows=12 width=25) (actual time=0.007..0.008 rows=12 loops=1)
                          ->  Hash  (cost=3968.11..3968.11 rows=129 width=86) (actual time=10.523..10.524 rows=2224 loops=1)
                                Buckets: 4096 (originally 1024)  Batches: 1 (originally 1)  Memory Usage: 300kB
                                ->  Hash Join  (cost=2506.48..3968.11 rows=129 width=86) (actual time=7.941..9.976 rows=2224 loops=1)
                                      Hash Cond: (wss.d_week_seq = d.d_week_seq)
                                      ->  Hash Join  (cost=1.27..1419.40 rows=3752 width=82) (actual time=0.010..1.690 rows=1588 loops=1)
                                            Hash Cond: (wss.ss_store_sk = store.s_store_sk)
                                            ->  CTE Scan on wss  (cost=0.00..1250.52 rows=62526 width=68) (actual time=0.001..1.291 rows=1850 loops=1)
                                            ->  Hash  (cost=1.12..1.12 rows=12 width=30) (actual time=0.006..0.006 rows=12 loops=1)
                                                  Buckets: 1024  Batches: 1  Memory Usage: 9kB
                                                  ->  Seq Scan on store  (cost=0.00..1.12 rows=12 width=30) (actual time=0.002..0.003 rows=12 loops=1)
                                      ->  Hash  (cost=2500.73..2500.73 rows=358 width=4) (actual time=7.923..7.923 rows=366 loops=1)
                                            Buckets: 1024  Batches: 1  Memory Usage: 21kB
                                            ->  Seq Scan on date_dim d  (cost=0.00..2500.73 rows=358 width=4) (actual time=3.685..7.884 rows=366 loops=1)
                                                  Filter: ((d_month_seq >= 1191) AND (d_month_seq <= 1202))
                                                  Rows Removed by Filter: 72683
 s_store_name1 |   s_store_id1    | d_week_seq1 |      ?column?      |      ?column?      |      ?column?      |      ?column?      |      ?column?      |      ?column?      |      ?column?      
---------------+------------------+-------------+--------------------+--------------------+--------------------+--------------------+--------------------+--------------------+--------------------
 able          | AAAAAAAACAAAAAAA |        5179 | 1.3628488770435097 | 0.7786313562413365 |  1.007950456284264 | 0.8488427607376339 | 0.8661656008637155 | 0.5316016542378675 | 0.9270387324417264
 able          | AAAAAAAACAAAAAAA |        5179 | 1.3628488770435097 | 0.7786313562413365 |  1.007950456284264 | 0.8488427607376339 | 0.8661656008637155 | 0.5316016542378675 | 0.9270387324417264
 able          | AAAAAAAACAAAAAAA |        5179 | 1.3628488770435097 | 0.7786313562413365 |  1.007950456284264 | 0.8488427607376339 | 0.8661656008637155 | 0.5316016542378675 | 0.9270387324417264
 able          | AAAAAAAACAAAAAAA |        5179 | 1.3628488770435097 | 0.7786313562413365 |  1.007950456284264 | 0.8488427607376339 | 0.8661656008637155 | 0.5316016542378675 | 0.9270387324417264
 able          | AAAAAAAACAAAAAAA |        5179 | 1.3628488770435097 | 0.7786313562413365 |  1.007950456284264 | 0.8488427607376339 | 0.8661656008637155 | 0.5316016542378675 | 0.9270387324417264
 able          | AAAAAAAACAAAAAAA |        5179 | 1.3628488770435097 | 0.7786313562413365 |  1.007950456284264 | 0.8488427607376339 | 0.8661656008637155 | 0.5316016542378675 | 0.9270387324417264
 able          | AAAAAAAACAAAAAAA |        5179 | 1.3628488770435097 | 0.7786313562413365 |  1.007950456284264 | 0.8488427607376339 | 0.8661656008637155 | 0.5316016542378675 | 0.9270387324417264
 able          | AAAAAAAACAAAAAAA |        5179 | 1.3628488770435097 | 0.7786313562413365 |  1.007950456284264 | 0.8488427607376339 | 0.8661656008637155 | 0.5316016542378675 | 0.9270387324417264
 able          | AAAAAAAACAAAAAAA |        5179 | 1.3628488770435097 | 0.7786313562413365 |  1.007950456284264 | 0.8488427607376339 | 0.8661656008637155 | 0.5316016542378675 | 0.9270387324417264
 able          | AAAAAAAACAAAAAAA |        5179 | 1.3628488770435097 | 0.7786313562413365 |  1.007950456284264 | 0.8488427607376339 | 0.8661656008637155 | 0.5316016542378675 | 0.9270387324417264
 able          | AAAAAAAACAAAAAAA |        5179 | 1.3628488770435097 | 0.7786313562413365 |  1.007950456284264 | 0.8488427607376339 | 0.8661656008637155 | 0.5316016542378675 | 0.9270387324417264
 able          | AAAAAAAACAAAAAAA |        5179 | 1.3628488770435097 | 0.7786313562413365 |  1.007950456284264 | 0.8488427607376339 | 0.8661656008637155 | 0.5316016542378675 | 0.9270387324417264
 able          | AAAAAAAACAAAAAAA |        5179 | 1.3628488770435097 | 0.7786313562413365 |  1.007950456284264 | 0.8488427607376339 | 0.8661656008637155 | 0.5316016542378675 | 0.9270387324417264
 able          | AAAAAAAACAAAAAAA |        5179 | 1.3628488770435097 | 0.7786313562413365 |  1.007950456284264 | 0.8488427607376339 | 0.8661656008637155 | 0.5316016542378675 | 0.9270387324417264
 able          | AAAAAAAACAAAAAAA |        5179 | 1.3628488770435097 | 0.7786313562413365 |  1.007950456284264 | 0.8488427607376339 | 0.8661656008637155 | 0.5316016542378675 | 0.9270387324417264
 able          | AAAAAAAACAAAAAAA |        5180 |  1.575719185234855 | 0.9765053823590931 | 1.1823370648774592 | 1.1874163068526495 | 0.9374457926631165 | 1.2018919043394851 | 0.5996873967961511
 able          | AAAAAAAACAAAAAAA |        5180 |  1.575719185234855 | 0.9765053823590931 | 1.1823370648774592 | 1.1874163068526495 | 0.9374457926631165 | 1.2018919043394851 | 0.5996873967961511
 able          | AAAAAAAACAAAAAAA |        5180 |  1.575719185234855 | 0.9765053823590931 | 1.1823370648774592 | 1.1874163068526495 | 0.9374457926631165 | 1.2018919043394851 | 0.5996873967961511
 able          | AAAAAAAACAAAAAAA |        5180 |  1.575719185234855 | 0.9765053823590931 | 1.1823370648774592 | 1.1874163068526495 | 0.9374457926631165 | 1.2018919043394851 | 0.5996873967961511
 able          | AAAAAAAACAAAAAAA |        5180 |  1.575719185234855 | 0.9765053823590931 | 1.1823370648774592 | 1.1874163068526495 | 0.9374457926631165 | 1.2018919043394851 | 0.5996873967961511
 able          | AAAAAAAACAAAAAAA |        5180 |  1.575719185234855 | 0.9765053823590931 | 1.1823370648774592 | 1.1874163068526495 | 0.9374457926631165 | 1.2018919043394851 | 0.5996873967961511
 able          | AAAAAAAACAAAAAAA |        5180 |  1.575719185234855 | 0.9765053823590931 | 1.1823370648774592 | 1.1874163068526495 | 0.9374457926631165 | 1.2018919043394851 | 0.5996873967961511
 able          | AAAAAAAACAAAAAAA |        5180 |  1.575719185234855 | 0.9765053823590931 | 1.1823370648774592 | 1.1874163068526495 | 0.9374457926631165 | 1.2018919043394851 | 0.5996873967961511
 able          | AAAAAAAACAAAAAAA |        5180 |  1.575719185234855 | 0.9765053823590931 | 1.1823370648774592 | 1.1874163068526495 | 0.9374457926631165 | 1.2018919043394851 | 0.5996873967961511
 able          | AAAAAAAACAAAAAAA |        5180 |  1.575719185234855 | 0.9765053823590931 | 1.1823370648774592 | 1.1874163068526495 | 0.9374457926631165 | 1.2018919043394851 | 0.5996873967961511
 able          | AAAAAAAACAAAAAAA |        5180 |  1.575719185234855 | 0.9765053823590931 | 1.1823370648774592 | 1.1874163068526495 | 0.9374457926631165 | 1.2018919043394851 | 0.5996873967961511
 able          | AAAAAAAACAAAAAAA |        5180 |  1.575719185234855 | 0.9765053823590931 | 1.1823370648774592 | 1.1874163068526495 | 0.9374457926631165 | 1.2018919043394851 | 0.5996873967961511
 able          | AAAAAAAACAAAAAAA |        5180 |  1.575719185234855 | 0.9765053823590931 | 1.1823370648774592 | 1.1874163068526495 | 0.9374457926631165 | 1.2018919043394851 | 0.5996873967961511
 able          | AAAAAAAACAAAAAAA |        5180 |  1.575719185234855 | 0.9765053823590931 | 1.1823370648774592 | 1.1874163068526495 | 0.9374457926631165 | 1.2018919043394851 | 0.5996873967961511
 able          | AAAAAAAACAAAAAAA |        5180 |  1.575719185234855 | 0.9765053823590931 | 1.1823370648774592 | 1.1874163068526495 | 0.9374457926631165 | 1.2018919043394851 | 0.5996873967961511
 able          | AAAAAAAACAAAAAAA |        5180 |  1.575719185234855 | 0.9765053823590931 | 1.1823370648774592 | 1.1874163068526495 | 0.9374457926631165 | 1.2018919043394851 | 0.5996873967961511
 able          | AAAAAAAACAAAAAAA |        5180 |  1.575719185234855 | 0.9765053823590931 | 1.1823370648774592 | 1.1874163068526495 | 0.9374457926631165 | 1.2018919043394851 | 0.5996873967961511
 able          | AAAAAAAACAAAAAAA |        5180 |  1.575719185234855 | 0.9765053823590931 | 1.1823370648774592 | 1.1874163068526495 | 0.9374457926631165 | 1.2018919043394851 | 0.5996873967961511
 able          | AAAAAAAACAAAAAAA |        5180 |  1.575719185234855 | 0.9765053823590931 | 1.1823370648774592 | 1.1874163068526495 | 0.9374457926631165 | 1.2018919043394851 | 0.5996873967961511
 able          | AAAAAAAACAAAAAAA |        5180 |  1.575719185234855 | 0.9765053823590931 | 1.1823370648774592 | 1.1874163068526495 | 0.9374457926631165 | 1.2018919043394851 | 0.5996873967961511
 able          | AAAAAAAACAAAAAAA |        5180 |  1.575719185234855 | 0.9765053823590931 | 1.1823370648774592 | 1.1874163068526495 | 0.9374457926631165 | 1.2018919043394851 | 0.5996873967961511
 able          | AAAAAAAACAAAAAAA |        5180 |  1.575719185234855 | 0.9765053823590931 | 1.1823370648774592 | 1.1874163068526495 | 0.9374457926631165 | 1.2018919043394851 | 0.5996873967961511
 able          | AAAAAAAACAAAAAAA |        5180 |  1.575719185234855 | 0.9765053823590931 | 1.1823370648774592 | 1.1874163068526495 | 0.9374457926631165 | 1.2018919043394851 | 0.5996873967961511
 able          | AAAAAAAACAAAAAAA |        5180 |  1.575719185234855 | 0.9765053823590931 | 1.1823370648774592 | 1.1874163068526495 | 0.9374457926631165 | 1.2018919043394851 | 0.5996873967961511
 able          | AAAAAAAACAAAAAAA |        5180 |  1.575719185234855 | 0.9765053823590931 | 1.1823370648774592 | 1.1874163068526495 | 0.9374457926631165 | 1.2018919043394851 | 0.5996873967961511
 able          | AAAAAAAACAAAAAAA |        5180 |  1.575719185234855 | 0.9765053823590931 | 1.1823370648774592 | 1.1874163068526495 | 0.9374457926631165 | 1.2018919043394851 | 0.5996873967961511
 able          | AAAAAAAACAAAAAAA |        5180 |  1.575719185234855 | 0.9765053823590931 | 1.1823370648774592 | 1.1874163068526495 | 0.9374457926631165 | 1.2018919043394851 | 0.5996873967961511
 able          | AAAAAAAACAAAAAAA |        5180 |  1.575719185234855 | 0.9765053823590931 | 1.1823370648774592 | 1.1874163068526495 | 0.9374457926631165 | 1.2018919043394851 | 0.5996873967961511
 able          | AAAAAAAACAAAAAAA |        5180 |  1.575719185234855 | 0.9765053823590931 | 1.1823370648774592 | 1.1874163068526495 | 0.9374457926631165 | 1.2018919043394851 | 0.5996873967961511
 able          | AAAAAAAACAAAAAAA |        5180 |  1.575719185234855 | 0.9765053823590931 | 1.1823370648774592 | 1.1874163068526495 | 0.9374457926631165 | 1.2018919043394851 | 0.5996873967961511
 able          | AAAAAAAACAAAAAAA |        5180 |  1.575719185234855 | 0.9765053823590931 | 1.1823370648774592 | 1.1874163068526495 | 0.9374457926631165 | 1.2018919043394851 | 0.5996873967961511
 able          | AAAAAAAACAAAAAAA |        5180 |  1.575719185234855 | 0.9765053823590931 | 1.1823370648774592 | 1.1874163068526495 | 0.9374457926631165 | 1.2018919043394851 | 0.5996873967961511
 able          | AAAAAAAACAAAAAAA |        5180 |  1.575719185234855 | 0.9765053823590931 | 1.1823370648774592 | 1.1874163068526495 | 0.9374457926631165 | 1.2018919043394851 | 0.5996873967961511
 able          | AAAAAAAACAAAAAAA |        5180 |  1.575719185234855 | 0.9765053823590931 | 1.1823370648774592 | 1.1874163068526495 | 0.9374457926631165 | 1.2018919043394851 | 0.5996873967961511
 able          | AAAAAAAACAAAAAAA |        5180 |  1.575719185234855 | 0.9765053823590931 | 1.1823370648774592 | 1.1874163068526495 | 0.9374457926631165 | 1.2018919043394851 | 0.5996873967961511
 able          | AAAAAAAACAAAAAAA |        5180 |  1.575719185234855 | 0.9765053823590931 | 1.1823370648774592 | 1.1874163068526495 | 0.9374457926631165 | 1.2018919043394851 | 0.5996873967961511
 able          | AAAAAAAACAAAAAAA |        5180 |  1.575719185234855 | 0.9765053823590931 | 1.1823370648774592 | 1.1874163068526495 | 0.9374457926631165 | 1.2018919043394851 | 0.5996873967961511
 able          | AAAAAAAACAAAAAAA |        5180 |  1.575719185234855 | 0.9765053823590931 | 1.1823370648774592 | 1.1874163068526495 | 0.9374457926631165 | 1.2018919043394851 | 0.5996873967961511
 able          | AAAAAAAACAAAAAAA |        5180 |  1.575719185234855 | 0.9765053823590931 | 1.1823370648774592 | 1.1874163068526495 | 0.9374457926631165 | 1.2018919043394851 | 0.5996873967961511
 able          | AAAAAAAACAAAAAAA |        5180 |  1.575719185234855 | 0.9765053823590931 | 1.1823370648774592 | 1.1874163068526495 | 0.9374457926631165 | 1.2018919043394851 | 0.5996873967961511
 able          | AAAAAAAACAAAAAAA |        5180 |  1.575719185234855 | 0.9765053823590931 | 1.1823370648774592 | 1.1874163068526495 | 0.9374457926631165 | 1.2018919043394851 | 0.5996873967961511
 able          | AAAAAAAACAAAAAAA |        5180 |  1.575719185234855 | 0.9765053823590931 | 1.1823370648774592 | 1.1874163068526495 | 0.9374457926631165 | 1.2018919043394851 | 0.5996873967961511
 able          | AAAAAAAACAAAAAAA |        5180 |  1.575719185234855 | 0.9765053823590931 | 1.1823370648774592 | 1.1874163068526495 | 0.9374457926631165 | 1.2018919043394851 | 0.5996873967961511
 able          | AAAAAAAACAAAAAAA |        5180 |  1.575719185234855 | 0.9765053823590931 | 1.1823370648774592 | 1.1874163068526495 | 0.9374457926631165 | 1.2018919043394851 | 0.5996873967961511
 able          | AAAAAAAACAAAAAAA |        5180 |  1.575719185234855 | 0.9765053823590931 | 1.1823370648774592 | 1.1874163068526495 | 0.9374457926631165 | 1.2018919043394851 | 0.5996873967961511
 able          | AAAAAAAACAAAAAAA |        5180 |  1.575719185234855 | 0.9765053823590931 | 1.1823370648774592 | 1.1874163068526495 | 0.9374457926631165 | 1.2018919043394851 | 0.5996873967961511
 able          | AAAAAAAACAAAAAAA |        5180 |  1.575719185234855 | 0.9765053823590931 | 1.1823370648774592 | 1.1874163068526495 | 0.9374457926631165 | 1.2018919043394851 | 0.5996873967961511
 able          | AAAAAAAACAAAAAAA |        5180 |  1.575719185234855 | 0.9765053823590931 | 1.1823370648774592 | 1.1874163068526495 | 0.9374457926631165 | 1.2018919043394851 | 0.5996873967961511
 able          | AAAAAAAACAAAAAAA |        5180 |  1.575719185234855 | 0.9765053823590931 | 1.1823370648774592 | 1.1874163068526495 | 0.9374457926631165 | 1.2018919043394851 | 0.5996873967961511
 able          | AAAAAAAACAAAAAAA |        5181 | 0.5918438039155604 | 1.2441350484208051 |  1.482562879223158 | 1.3278487106900074 | 1.6653377691869253 | 0.8409936941363501 | 0.7142060730499468
 able          | AAAAAAAACAAAAAAA |        5181 | 0.5918438039155604 | 1.2441350484208051 |  1.482562879223158 | 1.3278487106900074 | 1.6653377691869253 | 0.8409936941363501 | 0.7142060730499468
 able          | AAAAAAAACAAAAAAA |        5181 | 0.5918438039155604 | 1.2441350484208051 |  1.482562879223158 | 1.3278487106900074 | 1.6653377691869253 | 0.8409936941363501 | 0.7142060730499468
 able          | AAAAAAAACAAAAAAA |        5181 | 0.5918438039155604 | 1.2441350484208051 |  1.482562879223158 | 1.3278487106900074 | 1.6653377691869253 | 0.8409936941363501 | 0.7142060730499468
 able          | AAAAAAAACAAAAAAA |        5181 | 0.5918438039155604 | 1.2441350484208051 |  1.482562879223158 | 1.3278487106900074 | 1.6653377691869253 | 0.8409936941363501 | 0.7142060730499468
 able          | AAAAAAAACAAAAAAA |        5181 | 0.5918438039155604 | 1.2441350484208051 |  1.482562879223158 | 1.3278487106900074 | 1.6653377691869253 | 0.8409936941363501 | 0.7142060730499468
 able          | AAAAAAAACAAAAAAA |        5181 | 0.5918438039155604 | 1.2441350484208051 |  1.482562879223158 | 1.3278487106900074 | 1.6653377691869253 | 0.8409936941363501 | 0.7142060730499468
 able          | AAAAAAAACAAAAAAA |        5181 | 0.5918438039155604 | 1.2441350484208051 |  1.482562879223158 | 1.3278487106900074 | 1.6653377691869253 | 0.8409936941363501 | 0.7142060730499468
 able          | AAAAAAAACAAAAAAA |        5181 | 0.5918438039155604 | 1.2441350484208051 |  1.482562879223158 | 1.3278487106900074 | 1.6653377691869253 | 0.8409936941363501 | 0.7142060730499468
 able          | AAAAAAAACAAAAAAA |        5181 | 0.5918438039155604 | 1.2441350484208051 |  1.482562879223158 | 1.3278487106900074 | 1.6653377691869253 | 0.8409936941363501 | 0.7142060730499468
 able          | AAAAAAAACAAAAAAA |        5181 | 0.5918438039155604 | 1.2441350484208051 |  1.482562879223158 | 1.3278487106900074 | 1.6653377691869253 | 0.8409936941363501 | 0.7142060730499468
 able          | AAAAAAAACAAAAAAA |        5181 | 0.5918438039155604 | 1.2441350484208051 |  1.482562879223158 | 1.3278487106900074 | 1.6653377691869253 | 0.8409936941363501 | 0.7142060730499468
 able          | AAAAAAAACAAAAAAA |        5181 | 0.5918438039155604 | 1.2441350484208051 |  1.482562879223158 | 1.3278487106900074 | 1.6653377691869253 | 0.8409936941363501 | 0.7142060730499468
 able          | AAAAAAAACAAAAAAA |        5181 | 0.5918438039155604 | 1.2441350484208051 |  1.482562879223158 | 1.3278487106900074 | 1.6653377691869253 | 0.8409936941363501 | 0.7142060730499468
 able          | AAAAAAAACAAAAAAA |        5181 | 0.5918438039155604 | 1.2441350484208051 |  1.482562879223158 | 1.3278487106900074 | 1.6653377691869253 | 0.8409936941363501 | 0.7142060730499468
 able          | AAAAAAAACAAAAAAA |        5181 | 0.5918438039155604 | 1.2441350484208051 |  1.482562879223158 | 1.3278487106900074 | 1.6653377691869253 | 0.8409936941363501 | 0.7142060730499468
 able          | AAAAAAAACAAAAAAA |        5181 | 0.5918438039155604 | 1.2441350484208051 |  1.482562879223158 | 1.3278487106900074 | 1.6653377691869253 | 0.8409936941363501 | 0.7142060730499468
 able          | AAAAAAAACAAAAAAA |        5181 | 0.5918438039155604 | 1.2441350484208051 |  1.482562879223158 | 1.3278487106900074 | 1.6653377691869253 | 0.8409936941363501 | 0.7142060730499468
 able          | AAAAAAAACAAAAAAA |        5181 | 0.5918438039155604 | 1.2441350484208051 |  1.482562879223158 | 1.3278487106900074 | 1.6653377691869253 | 0.8409936941363501 | 0.7142060730499468
 able          | AAAAAAAACAAAAAAA |        5181 | 0.5918438039155604 | 1.2441350484208051 |  1.482562879223158 | 1.3278487106900074 | 1.6653377691869253 | 0.8409936941363501 | 0.7142060730499468
 able          | AAAAAAAACAAAAAAA |        5181 | 0.5918438039155604 | 1.2441350484208051 |  1.482562879223158 | 1.3278487106900074 | 1.6653377691869253 | 0.8409936941363501 | 0.7142060730499468
 able          | AAAAAAAACAAAAAAA |        5181 | 0.5918438039155604 | 1.2441350484208051 |  1.482562879223158 | 1.3278487106900074 | 1.6653377691869253 | 0.8409936941363501 | 0.7142060730499468
 able          | AAAAAAAACAAAAAAA |        5181 | 0.5918438039155604 | 1.2441350484208051 |  1.482562879223158 | 1.3278487106900074 | 1.6653377691869253 | 0.8409936941363501 | 0.7142060730499468
 able          | AAAAAAAACAAAAAAA |        5181 | 0.5918438039155604 | 1.2441350484208051 |  1.482562879223158 | 1.3278487106900074 | 1.6653377691869253 | 0.8409936941363501 | 0.7142060730499468
 able          | AAAAAAAACAAAAAAA |        5181 | 0.5918438039155604 | 1.2441350484208051 |  1.482562879223158 | 1.3278487106900074 | 1.6653377691869253 | 0.8409936941363501 | 0.7142060730499468
 able          | AAAAAAAACAAAAAAA |        5181 | 0.5918438039155604 | 1.2441350484208051 |  1.482562879223158 | 1.3278487106900074 | 1.6653377691869253 | 0.8409936941363501 | 0.7142060730499468
 able          | AAAAAAAACAAAAAAA |        5181 | 0.5918438039155604 | 1.2441350484208051 |  1.482562879223158 | 1.3278487106900074 | 1.6653377691869253 | 0.8409936941363501 | 0.7142060730499468
 able          | AAAAAAAACAAAAAAA |        5181 | 0.5918438039155604 | 1.2441350484208051 |  1.482562879223158 | 1.3278487106900074 | 1.6653377691869253 | 0.8409936941363501 | 0.7142060730499468
 able          | AAAAAAAACAAAAAAA |        5181 | 0.5918438039155604 | 1.2441350484208051 |  1.482562879223158 | 1.3278487106900074 | 1.6653377691869253 | 0.8409936941363501 | 0.7142060730499468
 able          | AAAAAAAACAAAAAAA |        5181 | 0.5918438039155604 | 1.2441350484208051 |  1.482562879223158 | 1.3278487106900074 | 1.6653377691869253 | 0.8409936941363501 | 0.7142060730499468
 able          | AAAAAAAACAAAAAAA |        5181 | 0.5918438039155604 | 1.2441350484208051 |  1.482562879223158 | 1.3278487106900074 | 1.6653377691869253 | 0.8409936941363501 | 0.7142060730499468
 able          | AAAAAAAACAAAAAAA |        5181 | 0.5918438039155604 | 1.2441350484208051 |  1.482562879223158 | 1.3278487106900074 | 1.6653377691869253 | 0.8409936941363501 | 0.7142060730499468
 able          | AAAAAAAACAAAAAAA |        5181 | 0.5918438039155604 | 1.2441350484208051 |  1.482562879223158 | 1.3278487106900074 | 1.6653377691869253 | 0.8409936941363501 | 0.7142060730499468
 able          | AAAAAAAACAAAAAAA |        5181 | 0.5918438039155604 | 1.2441350484208051 |  1.482562879223158 | 1.3278487106900074 | 1.6653377691869253 | 0.8409936941363501 | 0.7142060730499468
 able          | AAAAAAAACAAAAAAA |        5181 | 0.5918438039155604 | 1.2441350484208051 |  1.482562879223158 | 1.3278487106900074 | 1.6653377691869253 | 0.8409936941363501 | 0.7142060730499468
 able          | AAAAAAAACAAAAAAA |        5181 | 0.5918438039155604 | 1.2441350484208051 |  1.482562879223158 | 1.3278487106900074 | 1.6653377691869253 | 0.8409936941363501 | 0.7142060730499468
(100 rows)

UPDATE time_statistics SET e_time = TRANSACTION_TIMESTAMP() WHERE template = 'query59.tpl' AND stream = 5;
psql:/tmp/s1-basline/throughput/query_5.sql:4545: NOTICE:  duration: 0.114 ms  plan:
Query Text: UPDATE time_statistics SET e_time = TRANSACTION_TIMESTAMP() WHERE template = 'query59.tpl' AND stream = 5;
Update on time_statistics  (cost=0.00..22.34 rows=0 width=0) (actual time=0.114..0.114 rows=0 loops=1)
  ->  Seq Scan on time_statistics  (cost=0.00..22.34 rows=1 width=14) (actual time=0.085..0.099 rows=1 loops=1)
        Filter: ((template = 'query59.tpl'::text) AND (stream = 5))
        Rows Removed by Filter: 778
UPDATE 1
LOAD 'auto_explain'; SET auto_explain.log_min_duration TO 0; SET auto_explain.log_analyze TO on; SET auto_explain.log_level TO notice; INSERT INTO time_statistics (template, s_time, stream, query, seed) VALUES ('query91.tpl', TRANSACTION_TIMESTAMP(), 5, 91, 899523952);
LOAD
SET
SET
SET
psql:/tmp/s1-basline/throughput/query_5.sql:4546: NOTICE:  duration: 0.009 ms  plan:
Query Text: INSERT INTO time_statistics (template, s_time, stream, query, seed) VALUES ('query91.tpl', TRANSACTION_TIMESTAMP(), 5, 91, 899523952);
Insert on time_statistics  (cost=0.00..0.01 rows=0 width=0) (actual time=0.008..0.009 rows=0 loops=1)
  ->  Result  (cost=0.00..0.01 rows=1 width=64) (actual time=0.001..0.001 rows=1 loops=1)
INSERT 0 1
select  
        cc_call_center_id Call_Center,
        cc_name Call_Center_Name,
        cc_manager Manager,
        sum(cr_net_loss) Returns_Loss
from
        call_center,
        catalog_returns,
        date_dim,
        customer,
        customer_address,
        customer_demographics,
        household_demographics
where
        cr_call_center_sk       = cc_call_center_sk
and     cr_returned_date_sk     = d_date_sk
and     cr_returning_customer_sk= c_customer_sk
and     cd_demo_sk              = c_current_cdemo_sk
and     hd_demo_sk              = c_current_hdemo_sk
and     ca_address_sk           = c_current_addr_sk
and     d_year                  = 2000 
and     d_moy                   = 11
and     ( (cd_marital_status       = 'M' and cd_education_status     = 'Unknown')
        or(cd_marital_status       = 'W' and cd_education_status     = 'Advanced Degree'))
and     hd_buy_potential like '0-500%'
and     ca_gmt_offset           = -7
group by cc_call_center_id,cc_name,cc_manager,cd_marital_status,cd_education_status
order by sum(cr_net_loss) desc;
psql:/tmp/s1-basline/throughput/query_5.sql:4574: NOTICE:  duration: 18.841 ms  plan:
Query Text: select  
        cc_call_center_id Call_Center,
        cc_name Call_Center_Name,
        cc_manager Manager,
        sum(cr_net_loss) Returns_Loss
from
        call_center,
        catalog_returns,
        date_dim,
        customer,
        customer_address,
        customer_demographics,
        household_demographics
where
        cr_call_center_sk       = cc_call_center_sk
and     cr_returned_date_sk     = d_date_sk
and     cr_returning_customer_sk= c_customer_sk
and     cd_demo_sk              = c_current_cdemo_sk
and     hd_demo_sk              = c_current_hdemo_sk
and     ca_address_sk           = c_current_addr_sk
and     d_year                  = 2000 
and     d_moy                   = 11
and     ( (cd_marital_status       = 'M' and cd_education_status     = 'Unknown')
        or(cd_marital_status       = 'W' and cd_education_status     = 'Advanced Degree'))
and     hd_buy_potential like '0-500%'
and     ca_gmt_offset           = -7
group by cc_call_center_id,cc_name,cc_manager,cd_marital_status,cd_education_status
order by sum(cr_net_loss) desc;
Sort  (cost=2764.90..2764.90 rows=1 width=74) (actual time=18.831..18.833 rows=1 loops=1)
  Sort Key: (sum(catalog_returns.cr_net_loss)) DESC
  Sort Method: quicksort  Memory: 25kB
  ->  GroupAggregate  (cost=1383.25..2764.89 rows=1 width=74) (actual time=18.827..18.829 rows=1 loops=1)
        Group Key: call_center.cc_call_center_id, call_center.cc_name, call_center.cc_manager, customer_demographics.cd_marital_status, customer_demographics.cd_education_status
        ->  Incremental Sort  (cost=1383.25..2764.85 rows=2 width=74) (actual time=18.822..18.824 rows=1 loops=1)
              Sort Key: call_center.cc_call_center_id, call_center.cc_name, call_center.cc_manager, customer_demographics.cd_marital_status, customer_demographics.cd_education_status
              Presorted Key: call_center.cc_call_center_id
              Full-sort Groups: 1  Sort Method: quicksort  Average Memory: 25kB  Peak Memory: 25kB
              ->  Nested Loop  (cost=1.72..2764.76 rows=1 width=74) (actual time=18.715..18.816 rows=1 loops=1)
                    ->  Nested Loop  (cost=1.29..2764.01 rows=1 width=59) (actual time=4.293..18.640 rows=38 loops=1)
                          Join Filter: (catalog_returns.cr_call_center_sk = call_center.cc_call_center_sk)
                          Rows Removed by Join Filter: 196
                          ->  Index Scan using i_cc_call_center_id on call_center  (cost=0.13..3.52 rows=6 width=51) (actual time=0.004..0.006 rows=6 loops=1)
                          ->  Materialize  (cost=1.16..2760.40 rows=1 width=24) (actual time=0.715..3.102 rows=39 loops=6)
                                ->  Nested Loop  (cost=1.16..2760.39 rows=1 width=24) (actual time=4.286..18.588 rows=39 loops=1)
                                      ->  Nested Loop  (cost=0.87..2757.48 rows=9 width=32) (actual time=4.279..17.727 rows=311 loops=1)
                                            ->  Nested Loop  (cost=0.59..2740.18 rows=57 width=40) (actual time=4.235..14.865 rows=1934 loops=1)
                                                  ->  Nested Loop  (cost=0.29..2720.70 rows=58 width=24) (actual time=4.229..10.498 rows=1961 loops=1)
                                                        ->  Seq Scan on date_dim  (cost=0.00..2500.73 rows=29 width=8) (actual time=4.221..8.816 rows=30 loops=1)
                                                              Filter: ((d_year = 2000) AND (d_moy = 11))
                                                              Rows Removed by Filter: 73019
                                                        ->  Index Scan using i_cr_returned_date_sk on catalog_returns  (cost=0.29..6.87 rows=72 width=32) (actual time=0.003..0.043 rows=65 loops=30)
                                                              Index Cond: (cr_returned_date_sk = date_dim.d_date_sk)
                                                  ->  Index Scan using pk_customer on customer  (cost=0.29..0.34 rows=1 width=32) (actual time=0.002..0.002 rows=1 loops=1961)
                                                        Index Cond: (c_customer_sk = catalog_returns.cr_returning_customer_sk)
                                            ->  Index Scan using pk_household_demographics on household_demographics  (cost=0.28..0.30 rows=1 width=8) (actual time=0.001..0.001 rows=0 loops=1934)
                                                  Index Cond: (hd_demo_sk = customer.c_current_hdemo_sk)
                                                  Filter: (hd_buy_potential ~~ '0-500%'::text)
                                                  Rows Removed by Filter: 1
                                      ->  Index Scan using pk_customer_address on customer_address  (cost=0.29..0.32 rows=1 width=8) (actual time=0.003..0.003 rows=0 loops=311)
                                            Index Cond: (ca_address_sk = customer.c_current_addr_sk)
                                            Filter: (ca_gmt_offset = '-7'::double precision)
                                            Rows Removed by Filter: 1
                    ->  Index Scan using pk_customer_demographics on customer_demographics  (cost=0.43..0.75 rows=1 width=31) (actual time=0.004..0.004 rows=0 loops=38)
                          Index Cond: (cd_demo_sk = customer.c_current_cdemo_sk)
                          Filter: (((cd_marital_status = 'M'::bpchar) AND (cd_education_status = 'Unknown'::bpchar)) OR ((cd_marital_status = 'W'::bpchar) AND (cd_education_status = 'Advanced Degree'::bpchar)))
                          Rows Removed by Filter: 1
   call_center    | call_center_name |    manager    | returns_loss 
------------------+------------------+---------------+--------------
 AAAAAAAACAAAAAAA | Mid Atlantic     | Dale Robinson |        41.24
(1 row)

UPDATE time_statistics SET e_time = TRANSACTION_TIMESTAMP() WHERE template = 'query91.tpl' AND stream = 5;
psql:/tmp/s1-basline/throughput/query_5.sql:4576: NOTICE:  duration: 0.109 ms  plan:
Query Text: UPDATE time_statistics SET e_time = TRANSACTION_TIMESTAMP() WHERE template = 'query91.tpl' AND stream = 5;
Update on time_statistics  (cost=0.00..22.34 rows=0 width=0) (actual time=0.108..0.109 rows=0 loops=1)
  ->  Seq Scan on time_statistics  (cost=0.00..22.34 rows=1 width=14) (actual time=0.083..0.096 rows=1 loops=1)
        Filter: ((template = 'query91.tpl'::text) AND (stream = 5))
        Rows Removed by Filter: 779
UPDATE 1
LOAD 'auto_explain'; SET auto_explain.log_min_duration TO 0; SET auto_explain.log_analyze TO on; SET auto_explain.log_level TO notice; INSERT INTO time_statistics (template, s_time, stream, query, seed) VALUES ('query99.tpl', TRANSACTION_TIMESTAMP(), 5, 92, 14186384);
LOAD
SET
SET
SET
psql:/tmp/s1-basline/throughput/query_5.sql:4577: NOTICE:  duration: 0.009 ms  plan:
Query Text: INSERT INTO time_statistics (template, s_time, stream, query, seed) VALUES ('query99.tpl', TRANSACTION_TIMESTAMP(), 5, 92, 14186384);
Insert on time_statistics  (cost=0.00..0.01 rows=0 width=0) (actual time=0.008..0.008 rows=0 loops=1)
  ->  Result  (cost=0.00..0.01 rows=1 width=64) (actual time=0.001..0.001 rows=1 loops=1)
INSERT 0 1
select  
   substr(w_warehouse_name,1,20)
  ,sm_type
  ,cc_name
  ,sum(case when (cs_ship_date_sk - cs_sold_date_sk <= 30 ) then 1 else 0 end)  as "30 days" 
  ,sum(case when (cs_ship_date_sk - cs_sold_date_sk > 30) and 
                 (cs_ship_date_sk - cs_sold_date_sk <= 60) then 1 else 0 end )  as "31-60 days" 
  ,sum(case when (cs_ship_date_sk - cs_sold_date_sk > 60) and 
                 (cs_ship_date_sk - cs_sold_date_sk <= 90) then 1 else 0 end)  as "61-90 days" 
  ,sum(case when (cs_ship_date_sk - cs_sold_date_sk > 90) and
                 (cs_ship_date_sk - cs_sold_date_sk <= 120) then 1 else 0 end)  as "91-120 days" 
  ,sum(case when (cs_ship_date_sk - cs_sold_date_sk  > 120) then 1 else 0 end)  as ">120 days" 
from
   catalog_sales
  ,warehouse
  ,ship_mode
  ,call_center
  ,date_dim
where
    d_month_seq between 1178 and 1178 + 11
and cs_ship_date_sk   = d_date_sk
and cs_warehouse_sk   = w_warehouse_sk
and cs_ship_mode_sk   = sm_ship_mode_sk
and cs_call_center_sk = cc_call_center_sk
group by
   substr(w_warehouse_name,1,20)
  ,sm_type
  ,cc_name
order by substr(w_warehouse_name,1,20)
        ,sm_type
        ,cc_name
limit 100;
psql:/tmp/s1-basline/throughput/query_5.sql:4609: NOTICE:  duration: 393.056 ms  plan:
Query Text: select  
   substr(w_warehouse_name,1,20)
  ,sm_type
  ,cc_name
  ,sum(case when (cs_ship_date_sk - cs_sold_date_sk <= 30 ) then 1 else 0 end)  as "30 days" 
  ,sum(case when (cs_ship_date_sk - cs_sold_date_sk > 30) and 
                 (cs_ship_date_sk - cs_sold_date_sk <= 60) then 1 else 0 end )  as "31-60 days" 
  ,sum(case when (cs_ship_date_sk - cs_sold_date_sk > 60) and 
                 (cs_ship_date_sk - cs_sold_date_sk <= 90) then 1 else 0 end)  as "61-90 days" 
  ,sum(case when (cs_ship_date_sk - cs_sold_date_sk > 90) and
                 (cs_ship_date_sk - cs_sold_date_sk <= 120) then 1 else 0 end)  as "91-120 days" 
  ,sum(case when (cs_ship_date_sk - cs_sold_date_sk  > 120) then 1 else 0 end)  as ">120 days" 
from
   catalog_sales
  ,warehouse
  ,ship_mode
  ,call_center
  ,date_dim
where
    d_month_seq between 1178 and 1178 + 11
and cs_ship_date_sk   = d_date_sk
and cs_warehouse_sk   = w_warehouse_sk
and cs_ship_mode_sk   = sm_ship_mode_sk
and cs_call_center_sk = cc_call_center_sk
group by
   substr(w_warehouse_name,1,20)
  ,sm_type
  ,cc_name
order by substr(w_warehouse_name,1,20)
        ,sm_type
        ,cc_name
limit 100;
Limit  (cost=64800.93..65017.12 rows=90 width=115) (actual time=330.662..392.978 rows=90 loops=1)
  ->  Finalize GroupAggregate  (cost=64800.93..65017.12 rows=90 width=115) (actual time=330.661..392.968 rows=90 loops=1)
        Group Key: (substr((warehouse.w_warehouse_name)::text, 1, 20)), ship_mode.sm_type, call_center.cc_name
        ->  Gather Merge  (cost=64800.93..65012.40 rows=180 width=115) (actual time=329.887..392.852 rows=270 loops=1)
              Workers Planned: 2
              Workers Launched: 2
              ->  Partial GroupAggregate  (cost=63800.91..63991.60 rows=90 width=115) (actual time=301.310..339.116 rows=90 loops=3)
                    Group Key: (substr((warehouse.w_warehouse_name)::text, 1, 20)), ship_mode.sm_type, call_center.cc_name
                    ->  Sort  (cost=63800.91..63808.49 rows=3033 width=91) (actual time=300.747..305.066 rows=90894 loops=3)
                          Sort Key: (substr((warehouse.w_warehouse_name)::text, 1, 20)), ship_mode.sm_type, call_center.cc_name
                          Sort Method: quicksort  Memory: 15883kB
                          Worker 0:  Sort Method: quicksort  Memory: 11804kB
                          Worker 1:  Sort Method: quicksort  Memory: 11793kB
                          ->  Hash Join  (cost=2509.13..63625.50 rows=3033 width=91) (actual time=12.864..221.945 rows=90894 loops=3)
                                Hash Cond: (catalog_sales.cs_warehouse_sk = warehouse.w_warehouse_sk)
                                ->  Hash Join  (cost=2508.02..63602.05 rows=3049 width=67) (actual time=12.791..196.556 rows=90952 loops=3)
                                      Hash Cond: (catalog_sales.cs_call_center_sk = call_center.cc_call_center_sk)
                                      ->  Hash Join  (cost=2506.88..63587.22 rows=3065 width=63) (actual time=12.750..182.890 rows=91074 loops=3)
                                            Hash Cond: (catalog_sales.cs_ship_mode_sk = ship_mode.sm_ship_mode_sk)
                                            ->  Hash Join  (cost=2505.43..63575.98 rows=3082 width=40) (actual time=12.717..167.546 rows=91316 loops=3)
                                                  Hash Cond: (catalog_sales.cs_ship_date_sk = date_dim.d_date_sk)
                                                  ->  Parallel Seq Scan on catalog_sales  (cost=0.00..59490.16 rows=602016 width=40) (actual time=0.014..83.018 rows=473789 loops=3)
                                                  ->  Hash  (cost=2500.73..2500.73 rows=376 width=8) (actual time=12.687..12.688 rows=365 loops=3)
                                                        Buckets: 1024  Batches: 1  Memory Usage: 23kB
                                                        ->  Seq Scan on date_dim  (cost=0.00..2500.73 rows=376 width=8) (actual time=5.924..12.638 rows=365 loops=3)
                                                              Filter: ((d_month_seq >= 1178) AND (d_month_seq <= 1189))
                                                              Rows Removed by Filter: 72684
                                            ->  Hash  (cost=1.20..1.20 rows=20 width=39) (actual time=0.024..0.024 rows=20 loops=3)
                                                  Buckets: 1024  Batches: 1  Memory Usage: 10kB
                                                  ->  Seq Scan on ship_mode  (cost=0.00..1.20 rows=20 width=39) (actual time=0.017..0.020 rows=20 loops=3)
                                      ->  Hash  (cost=1.06..1.06 rows=6 width=20) (actual time=0.030..0.031 rows=6 loops=3)
                                            Buckets: 1024  Batches: 1  Memory Usage: 9kB
                                            ->  Seq Scan on call_center  (cost=0.00..1.06 rows=6 width=20) (actual time=0.021..0.022 rows=6 loops=3)
                                ->  Hash  (cost=1.05..1.05 rows=5 width=22) (actual time=0.030..0.031 rows=5 loops=3)
                                      Buckets: 1024  Batches: 1  Memory Usage: 9kB
                                      ->  Seq Scan on warehouse  (cost=0.00..1.05 rows=5 width=22) (actual time=0.025..0.026 rows=5 loops=3)
       substr        |            sm_type             |    cc_name    | 30 days | 31-60 days | 61-90 days | 91-120 days | >120 days 
---------------------+--------------------------------+---------------+---------+------------+------------+-------------+-----------
 Neither dea         | EXPRESS                        | Mid Atlantic  |    1270 |       1307 |       1155 |           0 |         0
 Neither dea         | EXPRESS                        | North Midwest |    1253 |       1242 |       1169 |           0 |         0
 Neither dea         | EXPRESS                        | NY Metro      |    1248 |       1244 |       1149 |           0 |         0
 Neither dea         | LIBRARY                        | Mid Atlantic  |     937 |        985 |        901 |           0 |         0
 Neither dea         | LIBRARY                        | North Midwest |     874 |        954 |        839 |           0 |         0
 Neither dea         | LIBRARY                        | NY Metro      |     899 |        914 |        872 |           0 |         0
 Neither dea         | NEXT DAY                       | Mid Atlantic  |    1198 |       1265 |       1138 |           0 |         0
 Neither dea         | NEXT DAY                       | North Midwest |    1141 |       1249 |       1121 |           0 |         0
 Neither dea         | NEXT DAY                       | NY Metro      |    1185 |       1259 |       1190 |           0 |         0
 Neither dea         | OVERNIGHT                      | Mid Atlantic  |     876 |        933 |        903 |           0 |         0
 Neither dea         | OVERNIGHT                      | North Midwest |     914 |        980 |        849 |           0 |         0
 Neither dea         | OVERNIGHT                      | NY Metro      |     876 |        944 |        853 |           0 |         0
 Neither dea         | REGULAR                        | Mid Atlantic  |     920 |       1053 |        881 |           0 |         0
 Neither dea         | REGULAR                        | North Midwest |     897 |        968 |        892 |           0 |         0
 Neither dea         | REGULAR                        | NY Metro      |     932 |        979 |        860 |           0 |         0
 Neither dea         | TWO DAY                        | Mid Atlantic  |     924 |        969 |        851 |           0 |         0
 Neither dea         | TWO DAY                        | North Midwest |     911 |        951 |        871 |           0 |         0
 Neither dea         | TWO DAY                        | NY Metro      |     840 |        993 |        809 |           0 |         0
 Parties use         | EXPRESS                        | Mid Atlantic  |    1203 |       1244 |       1143 |           0 |         0
 Parties use         | EXPRESS                        | North Midwest |    1242 |       1238 |       1083 |           0 |         0
 Parties use         | EXPRESS                        | NY Metro      |    1155 |       1283 |       1131 |           0 |         0
 Parties use         | LIBRARY                        | Mid Atlantic  |     975 |        968 |        873 |           0 |         0
 Parties use         | LIBRARY                        | North Midwest |     869 |        954 |        820 |           0 |         0
 Parties use         | LIBRARY                        | NY Metro      |     905 |        943 |        844 |           0 |         0
 Parties use         | NEXT DAY                       | Mid Atlantic  |    1269 |       1257 |       1169 |           0 |         0
 Parties use         | NEXT DAY                       | North Midwest |    1204 |       1259 |       1133 |           0 |         0
 Parties use         | NEXT DAY                       | NY Metro      |    1202 |       1241 |       1148 |           0 |         0
 Parties use         | OVERNIGHT                      | Mid Atlantic  |     896 |        945 |        913 |           0 |         0
 Parties use         | OVERNIGHT                      | North Midwest |     875 |        970 |        834 |           0 |         0
 Parties use         | OVERNIGHT                      | NY Metro      |     941 |        893 |        879 |           0 |         0
 Parties use         | REGULAR                        | Mid Atlantic  |     958 |        991 |        846 |           0 |         0
 Parties use         | REGULAR                        | North Midwest |     922 |        941 |        830 |           0 |         0
 Parties use         | REGULAR                        | NY Metro      |     933 |        963 |        867 |           0 |         0
 Parties use         | TWO DAY                        | Mid Atlantic  |     963 |        968 |        902 |           0 |         0
 Parties use         | TWO DAY                        | North Midwest |     903 |        950 |        825 |           0 |         0
 Parties use         | TWO DAY                        | NY Metro      |     927 |        930 |        871 |           0 |         0
 Persons make more e | EXPRESS                        | Mid Atlantic  |    1260 |       1247 |       1117 |           0 |         0
 Persons make more e | EXPRESS                        | North Midwest |    1260 |       1267 |       1108 |           0 |         0
 Persons make more e | EXPRESS                        | NY Metro      |    1242 |       1254 |       1162 |           0 |         0
 Persons make more e | LIBRARY                        | Mid Atlantic  |     932 |        968 |        847 |           0 |         0
 Persons make more e | LIBRARY                        | North Midwest |     975 |        974 |        877 |           0 |         0
 Persons make more e | LIBRARY                        | NY Metro      |     951 |        913 |        860 |           0 |         0
 Persons make more e | NEXT DAY                       | Mid Atlantic  |    1154 |       1368 |       1157 |           0 |         0
 Persons make more e | NEXT DAY                       | North Midwest |    1212 |       1307 |       1145 |           0 |         0
 Persons make more e | NEXT DAY                       | NY Metro      |    1207 |       1178 |       1093 |           0 |         0
 Persons make more e | OVERNIGHT                      | Mid Atlantic  |     931 |        964 |        836 |           0 |         0
 Persons make more e | OVERNIGHT                      | North Midwest |     889 |        926 |        779 |           0 |         0
 Persons make more e | OVERNIGHT                      | NY Metro      |     909 |        927 |        847 |           0 |         0
 Persons make more e | REGULAR                        | Mid Atlantic  |     954 |        914 |        916 |           0 |         0
 Persons make more e | REGULAR                        | North Midwest |     901 |       1003 |        848 |           0 |         0
 Persons make more e | REGULAR                        | NY Metro      |     900 |        952 |        852 |           0 |         0
 Persons make more e | TWO DAY                        | Mid Atlantic  |     887 |        948 |        917 |           0 |         0
 Persons make more e | TWO DAY                        | North Midwest |     876 |        935 |        863 |           0 |         0
 Persons make more e | TWO DAY                        | NY Metro      |     909 |        945 |        877 |           0 |         0
 Single, simple r    | EXPRESS                        | Mid Atlantic  |    1212 |       1314 |       1160 |           0 |         0
 Single, simple r    | EXPRESS                        | North Midwest |    1217 |       1267 |       1175 |           0 |         0
 Single, simple r    | EXPRESS                        | NY Metro      |    1176 |       1204 |       1202 |           0 |         0
 Single, simple r    | LIBRARY                        | Mid Atlantic  |     917 |        973 |        873 |           0 |         0
 Single, simple r    | LIBRARY                        | North Midwest |     908 |        969 |        856 |           0 |         0
 Single, simple r    | LIBRARY                        | NY Metro      |     943 |        937 |        838 |           0 |         0
 Single, simple r    | NEXT DAY                       | Mid Atlantic  |    1233 |       1268 |       1066 |           0 |         0
 Single, simple r    | NEXT DAY                       | North Midwest |    1247 |       1292 |       1137 |           0 |         0
 Single, simple r    | NEXT DAY                       | NY Metro      |    1196 |       1309 |       1136 |           0 |         0
 Single, simple r    | OVERNIGHT                      | Mid Atlantic  |     948 |        924 |        822 |           0 |         0
 Single, simple r    | OVERNIGHT                      | North Midwest |     938 |        936 |        864 |           0 |         0
 Single, simple r    | OVERNIGHT                      | NY Metro      |     912 |        932 |        867 |           0 |         0
 Single, simple r    | REGULAR                        | Mid Atlantic  |     932 |       1004 |        833 |           0 |         0
 Single, simple r    | REGULAR                        | North Midwest |     993 |        978 |        871 |           0 |         0
 Single, simple r    | REGULAR                        | NY Metro      |     923 |        887 |        878 |           0 |         0
 Single, simple r    | TWO DAY                        | Mid Atlantic  |     946 |        967 |        833 |           0 |         0
 Single, simple r    | TWO DAY                        | North Midwest |     970 |        955 |        868 |           0 |         0
 Single, simple r    | TWO DAY                        | NY Metro      |     879 |        903 |        841 |           0 |         0
 Total, dea          | EXPRESS                        | Mid Atlantic  |    1240 |       1282 |       1184 |           0 |         0
 Total, dea          | EXPRESS                        | North Midwest |    1190 |       1304 |       1116 |           0 |         0
 Total, dea          | EXPRESS                        | NY Metro      |    1175 |       1301 |       1131 |           0 |         0
 Total, dea          | LIBRARY                        | Mid Atlantic  |     955 |        953 |        904 |           0 |         0
 Total, dea          | LIBRARY                        | North Midwest |     953 |        960 |        843 |           0 |         0
 Total, dea          | LIBRARY                        | NY Metro      |     874 |        937 |        827 |           0 |         0
 Total, dea          | NEXT DAY                       | Mid Atlantic  |    1234 |       1272 |       1183 |           0 |         0
 Total, dea          | NEXT DAY                       | North Midwest |    1187 |       1271 |       1135 |           0 |         0
 Total, dea          | NEXT DAY                       | NY Metro      |    1251 |       1229 |       1109 |           0 |         0
 Total, dea          | OVERNIGHT                      | Mid Atlantic  |     937 |        932 |        900 |           0 |         0
 Total, dea          | OVERNIGHT                      | North Midwest |     926 |        981 |        876 |           0 |         0
 Total, dea          | OVERNIGHT                      | NY Metro      |     914 |        918 |        842 |           0 |         0
 Total, dea          | REGULAR                        | Mid Atlantic  |     937 |       1002 |        873 |           0 |         0
 Total, dea          | REGULAR                        | North Midwest |     891 |        991 |        883 |           0 |         0
 Total, dea          | REGULAR                        | NY Metro      |     868 |        904 |        814 |           0 |         0
 Total, dea          | TWO DAY                        | Mid Atlantic  |     933 |        991 |        822 |           0 |         0
 Total, dea          | TWO DAY                        | North Midwest |     940 |        936 |        867 |           0 |         0
 Total, dea          | TWO DAY                        | NY Metro      |     931 |        901 |        846 |           0 |         0
(90 rows)

UPDATE time_statistics SET e_time = TRANSACTION_TIMESTAMP() WHERE template = 'query99.tpl' AND stream = 5;
psql:/tmp/s1-basline/throughput/query_5.sql:4611: NOTICE:  duration: 0.116 ms  plan:
Query Text: UPDATE time_statistics SET e_time = TRANSACTION_TIMESTAMP() WHERE template = 'query99.tpl' AND stream = 5;
Update on time_statistics  (cost=0.00..22.34 rows=0 width=0) (actual time=0.116..0.116 rows=0 loops=1)
  ->  Seq Scan on time_statistics  (cost=0.00..22.34 rows=1 width=14) (actual time=0.088..0.101 rows=1 loops=1)
        Filter: ((template = 'query99.tpl'::text) AND (stream = 5))
        Rows Removed by Filter: 780
UPDATE 1
LOAD 'auto_explain'; SET auto_explain.log_min_duration TO 0; SET auto_explain.log_analyze TO on; SET auto_explain.log_level TO notice; INSERT INTO time_statistics (template, s_time, stream, query, seed) VALUES ('query41.tpl', TRANSACTION_TIMESTAMP(), 5, 93, 1838388359);
LOAD
SET
SET
SET
psql:/tmp/s1-basline/throughput/query_5.sql:4612: NOTICE:  duration: 0.009 ms  plan:
Query Text: INSERT INTO time_statistics (template, s_time, stream, query, seed) VALUES ('query41.tpl', TRANSACTION_TIMESTAMP(), 5, 93, 1838388359);
Insert on time_statistics  (cost=0.00..0.01 rows=0 width=0) (actual time=0.008..0.008 rows=0 loops=1)
  ->  Result  (cost=0.00..0.01 rows=1 width=64) (actual time=0.001..0.001 rows=1 loops=1)
INSERT 0 1
select  distinct(i_product_name)
 from item i1
 where i_manufact_id between 902 and 902+40 
   and (select count(*) as item_cnt
        from item
        where (i_manufact = i1.i_manufact and
        ((i_category = 'Women' and 
        (i_color = 'lavender' or i_color = 'firebrick') and 
        (i_units = 'Tbl' or i_units = 'Ton') and
        (i_size = 'economy' or i_size = 'N/A')
        ) or
        (i_category = 'Women' and
        (i_color = 'dim' or i_color = 'sandy') and
        (i_units = 'Tsp' or i_units = 'Gram') and
        (i_size = 'extra large' or i_size = 'small')
        ) or
        (i_category = 'Men' and
        (i_color = 'cornsilk' or i_color = 'antique') and
        (i_units = 'Cup' or i_units = 'Bunch') and
        (i_size = 'petite' or i_size = 'large')
        ) or
        (i_category = 'Men' and
        (i_color = 'mint' or i_color = 'slate') and
        (i_units = 'Gross' or i_units = 'Ounce') and
        (i_size = 'economy' or i_size = 'N/A')
        ))) or
       (i_manufact = i1.i_manufact and
        ((i_category = 'Women' and 
        (i_color = 'moccasin' or i_color = 'cream') and 
        (i_units = 'Each' or i_units = 'Unknown') and
        (i_size = 'economy' or i_size = 'N/A')
        ) or
        (i_category = 'Women' and
        (i_color = 'sienna' or i_color = 'white') and
        (i_units = 'Dram' or i_units = 'Case') and
        (i_size = 'extra large' or i_size = 'small')
        ) or
        (i_category = 'Men' and
        (i_color = 'peru' or i_color = 'goldenrod') and
        (i_units = 'Carton' or i_units = 'Lb') and
        (i_size = 'petite' or i_size = 'large')
        ) or
        (i_category = 'Men' and
        (i_color = 'turquoise' or i_color = 'brown') and
        (i_units = 'Bundle' or i_units = 'Oz') and
        (i_size = 'economy' or i_size = 'N/A')
        )))) > 0
 order by i_product_name
 limit 100;
psql:/tmp/s1-basline/throughput/query_5.sql:4661: NOTICE:  duration: 911.040 ms  plan:
Query Text: select  distinct(i_product_name)
 from item i1
 where i_manufact_id between 902 and 902+40 
   and (select count(*) as item_cnt
        from item
        where (i_manufact = i1.i_manufact and
        ((i_category = 'Women' and 
        (i_color = 'lavender' or i_color = 'firebrick') and 
        (i_units = 'Tbl' or i_units = 'Ton') and
        (i_size = 'economy' or i_size = 'N/A')
        ) or
        (i_category = 'Women' and
        (i_color = 'dim' or i_color = 'sandy') and
        (i_units = 'Tsp' or i_units = 'Gram') and
        (i_size = 'extra large' or i_size = 'small')
        ) or
        (i_category = 'Men' and
        (i_color = 'cornsilk' or i_color = 'antique') and
        (i_units = 'Cup' or i_units = 'Bunch') and
        (i_size = 'petite' or i_size = 'large')
        ) or
        (i_category = 'Men' and
        (i_color = 'mint' or i_color = 'slate') and
        (i_units = 'Gross' or i_units = 'Ounce') and
        (i_size = 'economy' or i_size = 'N/A')
        ))) or
       (i_manufact = i1.i_manufact and
        ((i_category = 'Women' and 
        (i_color = 'moccasin' or i_color = 'cream') and 
        (i_units = 'Each' or i_units = 'Unknown') and
        (i_size = 'economy' or i_size = 'N/A')
        ) or
        (i_category = 'Women' and
        (i_color = 'sienna' or i_color = 'white') and
        (i_units = 'Dram' or i_units = 'Case') and
        (i_size = 'extra large' or i_size = 'small')
        ) or
        (i_category = 'Men' and
        (i_color = 'peru' or i_color = 'goldenrod') and
        (i_units = 'Carton' or i_units = 'Lb') and
        (i_size = 'petite' or i_size = 'large')
        ) or
        (i_category = 'Men' and
        (i_color = 'turquoise' or i_color = 'brown') and
        (i_units = 'Bundle' or i_units = 'Oz') and
        (i_size = 'economy' or i_size = 'N/A')
        )))) > 0
 order by i_product_name
 limit 100;
Limit  (cost=72019798.22..72019798.58 rows=72 width=51) (actual time=911.038..911.038 rows=0 loops=1)
  ->  Unique  (cost=72019798.22..72019798.58 rows=72 width=51) (actual time=911.037..911.038 rows=0 loops=1)
        ->  Sort  (cost=72019798.22..72019798.40 rows=72 width=51) (actual time=911.037..911.037 rows=0 loops=1)
              Sort Key: i1.i_product_name
              Sort Method: quicksort  Memory: 25kB
              ->  Seq Scan on item i1  (cost=0.00..72019796.00 rows=72 width=51) (actual time=911.032..911.033 rows=0 loops=1)
                    Filter: ((i_manufact_id >= 902) AND (i_manufact_id <= 942) AND ((SubPlan 1) > 0))
                    Rows Removed by Filter: 18000
                    SubPlan 1
                      ->  Aggregate  (cost=4001.00..4001.01 rows=1 width=8) (actual time=4.656..4.656 rows=1 loops=195)
                            ->  Seq Scan on item  (cost=0.00..4001.00 rows=1 width=0) (actual time=4.655..4.655 rows=0 loops=195)
                                  Filter: ((i_manufact = i1.i_manufact) AND (((i_category = 'Women'::bpchar) AND ((i_color = 'lavender'::bpchar) OR (i_color = 'firebrick'::bpchar)) AND ((i_units = 'Tbl'::bpchar) OR (i_units = 'Ton'::bpchar)) AND ((i_size = 'economy'::bpchar) OR (i_size = 'N/A'::bpchar))) OR ((i_category = 'Women'::bpchar) AND ((i_color = 'dim'::bpchar) OR (i_color = 'sandy'::bpchar)) AND ((i_units = 'Tsp'::bpchar) OR (i_units = 'Gram'::bpchar)) AND ((i_size = 'extra large'::bpchar) OR (i_size = 'small'::bpchar))) OR ((i_category = 'Men'::bpchar) AND ((i_color = 'cornsilk'::bpchar) OR (i_color = 'antique'::bpchar)) AND ((i_units = 'Cup'::bpchar) OR (i_units = 'Bunch'::bpchar)) AND ((i_size = 'petite'::bpchar) OR (i_size = 'large'::bpchar))) OR ((i_category = 'Men'::bpchar) AND ((i_color = 'mint'::bpchar) OR (i_color = 'slate'::bpchar)) AND ((i_units = 'Gross'::bpchar) OR (i_units = 'Ounce'::bpchar)) AND ((i_size = 'economy'::bpchar) OR (i_size = 'N/A'::bpchar))) OR ((i_category = 'Women'::bpchar) AND ((i_color = 'moccasin'::bpchar) OR (i_color = 'cream'::bpchar)) AND ((i_units = 'Each'::bpchar) OR (i_units = 'Unknown'::bpchar)) AND ((i_size = 'economy'::bpchar) OR (i_size = 'N/A'::bpchar))) OR ((i_category = 'Women'::bpchar) AND ((i_color = 'sienna'::bpchar) OR (i_color = 'white'::bpchar)) AND ((i_units = 'Dram'::bpchar) OR (i_units = 'Case'::bpchar)) AND ((i_size = 'extra large'::bpchar) OR (i_size = 'small'::bpchar))) OR ((i_category = 'Men'::bpchar) AND ((i_color = 'peru'::bpchar) OR (i_color = 'goldenrod'::bpchar)) AND ((i_units = 'Carton'::bpchar) OR (i_units = 'Lb'::bpchar)) AND ((i_size = 'petite'::bpchar) OR (i_size = 'large'::bpchar))) OR ((i_category = 'Men'::bpchar) AND ((i_color = 'turquoise'::bpchar) OR (i_color = 'brown'::bpchar)) AND ((i_units = 'Bundle'::bpchar) OR (i_units = 'Oz'::bpchar)) AND ((i_size = 'economy'::bpchar) OR (i_size = 'N/A'::bpchar)))))
                                  Rows Removed by Filter: 18000
 i_product_name 
----------------
(0 rows)

UPDATE time_statistics SET e_time = TRANSACTION_TIMESTAMP() WHERE template = 'query41.tpl' AND stream = 5;
psql:/tmp/s1-basline/throughput/query_5.sql:4663: NOTICE:  duration: 0.104 ms  plan:
Query Text: UPDATE time_statistics SET e_time = TRANSACTION_TIMESTAMP() WHERE template = 'query41.tpl' AND stream = 5;
Update on time_statistics  (cost=0.00..22.34 rows=0 width=0) (actual time=0.103..0.103 rows=0 loops=1)
  ->  Seq Scan on time_statistics  (cost=0.00..22.34 rows=1 width=14) (actual time=0.080..0.092 rows=1 loops=1)
        Filter: ((template = 'query41.tpl'::text) AND (stream = 5))
        Rows Removed by Filter: 781
UPDATE 1
LOAD 'auto_explain'; SET auto_explain.log_min_duration TO 0; SET auto_explain.log_analyze TO on; SET auto_explain.log_level TO notice; INSERT INTO time_statistics (template, s_time, stream, query, seed) VALUES ('query9.tpl', TRANSACTION_TIMESTAMP(), 5, 94, 880556612);
LOAD
SET
SET
SET
psql:/tmp/s1-basline/throughput/query_5.sql:4664: NOTICE:  duration: 0.008 ms  plan:
Query Text: INSERT INTO time_statistics (template, s_time, stream, query, seed) VALUES ('query9.tpl', TRANSACTION_TIMESTAMP(), 5, 94, 880556612);
Insert on time_statistics  (cost=0.00..0.01 rows=0 width=0) (actual time=0.008..0.008 rows=0 loops=1)
  ->  Result  (cost=0.00..0.01 rows=1 width=64) (actual time=0.001..0.002 rows=1 loops=1)
INSERT 0 1
select case when (select count(*) 
                  from store_sales 
                  where ss_quantity between 1 and 20) > 28982
            then (select avg(ss_ext_discount_amt) 
                  from store_sales 
                  where ss_quantity between 1 and 20) 
            else (select avg(ss_net_paid)
                  from store_sales
                  where ss_quantity between 1 and 20) end bucket1 ,
       case when (select count(*)
                  from store_sales
                  where ss_quantity between 21 and 40) > 34173
            then (select avg(ss_ext_discount_amt)
                  from store_sales
                  where ss_quantity between 21 and 40) 
            else (select avg(ss_net_paid)
                  from store_sales
                  where ss_quantity between 21 and 40) end bucket2,
       case when (select count(*)
                  from store_sales
                  where ss_quantity between 41 and 60) > 30659
            then (select avg(ss_ext_discount_amt)
                  from store_sales
                  where ss_quantity between 41 and 60)
            else (select avg(ss_net_paid)
                  from store_sales
                  where ss_quantity between 41 and 60) end bucket3,
       case when (select count(*)
                  from store_sales
                  where ss_quantity between 61 and 80) > 29859
            then (select avg(ss_ext_discount_amt)
                  from store_sales
                  where ss_quantity between 61 and 80)
            else (select avg(ss_net_paid)
                  from store_sales
                  where ss_quantity between 61 and 80) end bucket4,
       case when (select count(*)
                  from store_sales
                  where ss_quantity between 81 and 100) > 27125
            then (select avg(ss_ext_discount_amt)
                  from store_sales
                  where ss_quantity between 81 and 100)
            else (select avg(ss_net_paid)
                  from store_sales
                  where ss_quantity between 81 and 100) end bucket5
from reason
where r_reason_sk = 1
;
psql:/tmp/s1-basline/throughput/query_5.sql:4712: NOTICE:  duration: 2223.621 ms  plan:
Query Text: select case when (select count(*) 
                  from store_sales 
                  where ss_quantity between 1 and 20) > 28982
            then (select avg(ss_ext_discount_amt) 
                  from store_sales 
                  where ss_quantity between 1 and 20) 
            else (select avg(ss_net_paid)
                  from store_sales
                  where ss_quantity between 1 and 20) end bucket1 ,
       case when (select count(*)
                  from store_sales
                  where ss_quantity between 21 and 40) > 34173
            then (select avg(ss_ext_discount_amt)
                  from store_sales
                  where ss_quantity between 21 and 40) 
            else (select avg(ss_net_paid)
                  from store_sales
                  where ss_quantity between 21 and 40) end bucket2,
       case when (select count(*)
                  from store_sales
                  where ss_quantity between 41 and 60) > 30659
            then (select avg(ss_ext_discount_amt)
                  from store_sales
                  where ss_quantity between 41 and 60)
            else (select avg(ss_net_paid)
                  from store_sales
                  where ss_quantity between 41 and 60) end bucket3,
       case when (select count(*)
                  from store_sales
                  where ss_quantity between 61 and 80) > 29859
            then (select avg(ss_ext_discount_amt)
                  from store_sales
                  where ss_quantity between 61 and 80)
            else (select avg(ss_net_paid)
                  from store_sales
                  where ss_quantity between 61 and 80) end bucket4,
       case when (select count(*)
                  from store_sales
                  where ss_quantity between 81 and 100) > 27125
            then (select avg(ss_ext_discount_amt)
                  from store_sales
                  where ss_quantity between 81 and 100)
            else (select avg(ss_net_paid)
                  from store_sales
                  where ss_quantity between 81 and 100) end bucket5
from reason
where r_reason_sk = 1
;
Seq Scan on reason  (cost=1396441.12..1396442.57 rows=1 width=40) (actual time=2152.868..2223.610 rows=1 loops=1)
  Filter: (r_reason_sk = 1)
  Rows Removed by Filter: 34
  InitPlan 1 (returns $1)
    ->  Finalize Aggregate  (cost=93101.92..93101.93 rows=1 width=8) (actual time=210.068..210.190 rows=1 loops=1)
          ->  Gather  (cost=93101.71..93101.92 rows=2 width=8) (actual time=209.962..210.183 rows=3 loops=1)
                Workers Planned: 2
                Workers Launched: 2
                ->  Partial Aggregate  (cost=92101.71..92101.72 rows=1 width=8) (actual time=205.994..205.996 rows=1 loops=3)
                      ->  Parallel Seq Scan on store_sales  (cost=0.00..91521.67 rows=232016 width=0) (actual time=0.018..198.112 rows=181071 loops=3)
                            Filter: ((ss_quantity >= 1) AND (ss_quantity <= 20))
                            Rows Removed by Filter: 767079
  InitPlan 2 (returns $3)
    ->  Finalize Aggregate  (cost=93101.93..93101.94 rows=1 width=8) (actual time=220.251..220.312 rows=1 loops=1)
          ->  Gather  (cost=93101.71..93101.92 rows=2 width=32) (actual time=220.149..220.305 rows=3 loops=1)
                Workers Planned: 2
                Workers Launched: 2
                ->  Partial Aggregate  (cost=92101.71..92101.72 rows=1 width=32) (actual time=216.032..216.033 rows=1 loops=3)
                      ->  Parallel Seq Scan on store_sales store_sales_1  (cost=0.00..91521.67 rows=232016 width=8) (actual time=0.020..200.467 rows=181071 loops=3)
                            Filter: ((ss_quantity >= 1) AND (ss_quantity <= 20))
                            Rows Removed by Filter: 767079
  InitPlan 3 (returns $5)
    ->  Finalize Aggregate  (cost=93101.93..93101.94 rows=1 width=8) (never executed)
          ->  Gather  (cost=93101.71..93101.92 rows=2 width=32) (never executed)
                Workers Planned: 2
                Workers Launched: 0
                ->  Partial Aggregate  (cost=92101.71..92101.72 rows=1 width=32) (never executed)
                      ->  Parallel Seq Scan on store_sales store_sales_2  (cost=0.00..91521.67 rows=232016 width=8) (never executed)
                            Filter: ((ss_quantity >= 1) AND (ss_quantity <= 20))
  InitPlan 4 (returns $7)
    ->  Finalize Aggregate  (cost=93108.65..93108.66 rows=1 width=8) (actual time=212.102..212.161 rows=1 loops=1)
          ->  Gather  (cost=93108.43..93108.64 rows=2 width=8) (actual time=211.999..212.156 rows=3 loops=1)
                Workers Planned: 2
                Workers Launched: 2
                ->  Partial Aggregate  (cost=92108.43..92108.44 rows=1 width=8) (actual time=207.985..207.986 rows=1 loops=3)
                      ->  Parallel Seq Scan on store_sales store_sales_3  (cost=0.00..91521.67 rows=234706 width=0) (actual time=0.019..200.249 rows=181248 loops=3)
                            Filter: ((ss_quantity >= 21) AND (ss_quantity <= 40))
                            Rows Removed by Filter: 766902
  InitPlan 5 (returns $9)
    ->  Finalize Aggregate  (cost=93108.65..93108.66 rows=1 width=8) (actual time=219.904..219.966 rows=1 loops=1)
          ->  Gather  (cost=93108.43..93108.64 rows=2 width=32) (actual time=219.808..219.959 rows=3 loops=1)
                Workers Planned: 2
                Workers Launched: 2
                ->  Partial Aggregate  (cost=92108.43..92108.44 rows=1 width=32) (actual time=215.647..215.648 rows=1 loops=3)
                      ->  Parallel Seq Scan on store_sales store_sales_4  (cost=0.00..91521.67 rows=234706 width=8) (actual time=0.019..200.018 rows=181248 loops=3)
                            Filter: ((ss_quantity >= 21) AND (ss_quantity <= 40))
                            Rows Removed by Filter: 766902
  InitPlan 6 (returns $11)
    ->  Finalize Aggregate  (cost=93108.65..93108.66 rows=1 width=8) (never executed)
          ->  Gather  (cost=93108.43..93108.64 rows=2 width=32) (never executed)
                Workers Planned: 2
                Workers Launched: 0
                ->  Partial Aggregate  (cost=92108.43..92108.44 rows=1 width=32) (never executed)
                      ->  Parallel Seq Scan on store_sales store_sales_5  (cost=0.00..91521.67 rows=234706 width=8) (never executed)
                            Filter: ((ss_quantity >= 21) AND (ss_quantity <= 40))
  InitPlan 7 (returns $13)
    ->  Finalize Aggregate  (cost=93095.70..93095.71 rows=1 width=8) (actual time=213.016..213.074 rows=1 loops=1)
          ->  Gather  (cost=93095.49..93095.70 rows=2 width=8) (actual time=212.915..213.068 rows=3 loops=1)
                Workers Planned: 2
                Workers Launched: 2
                ->  Partial Aggregate  (cost=92095.49..92095.50 rows=1 width=8) (actual time=208.941..208.942 rows=1 loops=3)
                      ->  Parallel Seq Scan on store_sales store_sales_6  (cost=0.00..91521.67 rows=229527 width=0) (actual time=0.019..201.176 rows=181324 loops=3)
                            Filter: ((ss_quantity >= 41) AND (ss_quantity <= 60))
                            Rows Removed by Filter: 766826
  InitPlan 8 (returns $15)
    ->  Finalize Aggregate  (cost=93095.70..93095.71 rows=1 width=8) (actual time=221.937..222.001 rows=1 loops=1)
          ->  Gather  (cost=93095.49..93095.70 rows=2 width=32) (actual time=221.828..221.994 rows=3 loops=1)
                Workers Planned: 2
                Workers Launched: 2
                ->  Partial Aggregate  (cost=92095.49..92095.50 rows=1 width=32) (actual time=217.798..217.799 rows=1 loops=3)
                      ->  Parallel Seq Scan on store_sales store_sales_7  (cost=0.00..91521.67 rows=229527 width=8) (actual time=0.020..202.177 rows=181324 loops=3)
                            Filter: ((ss_quantity >= 41) AND (ss_quantity <= 60))
                            Rows Removed by Filter: 766826
  InitPlan 9 (returns $17)
    ->  Finalize Aggregate  (cost=93095.70..93095.71 rows=1 width=8) (never executed)
          ->  Gather  (cost=93095.49..93095.70 rows=2 width=32) (never executed)
                Workers Planned: 2
                Workers Launched: 0
                ->  Partial Aggregate  (cost=92095.49..92095.50 rows=1 width=32) (never executed)
                      ->  Parallel Seq Scan on store_sales store_sales_8  (cost=0.00..91521.67 rows=229527 width=8) (never executed)
                            Filter: ((ss_quantity >= 41) AND (ss_quantity <= 60))
  InitPlan 10 (returns $19)
    ->  Finalize Aggregate  (cost=93076.63..93076.64 rows=1 width=8) (actual time=212.195..212.259 rows=1 loops=1)
          ->  Gather  (cost=93076.42..93076.63 rows=2 width=8) (actual time=212.093..212.253 rows=3 loops=1)
                Workers Planned: 2
                Workers Launched: 2
                ->  Partial Aggregate  (cost=92076.42..92076.43 rows=1 width=8) (actual time=207.922..207.923 rows=1 loops=3)
                      ->  Parallel Seq Scan on store_sales store_sales_9  (cost=0.00..91521.67 rows=221899 width=0) (actual time=0.019..200.198 rows=180825 loops=3)
                            Filter: ((ss_quantity >= 61) AND (ss_quantity <= 80))
                            Rows Removed by Filter: 767325
  InitPlan 11 (returns $21)
    ->  Finalize Aggregate  (cost=93076.63..93076.64 rows=1 width=8) (actual time=221.366..221.428 rows=1 loops=1)
          ->  Gather  (cost=93076.42..93076.63 rows=2 width=32) (actual time=221.256..221.421 rows=3 loops=1)
                Workers Planned: 2
                Workers Launched: 2
                ->  Partial Aggregate  (cost=92076.42..92076.43 rows=1 width=32) (actual time=217.075..217.076 rows=1 loops=3)
                      ->  Parallel Seq Scan on store_sales store_sales_10  (cost=0.00..91521.67 rows=221899 width=8) (actual time=0.019..201.465 rows=180825 loops=3)
                            Filter: ((ss_quantity >= 61) AND (ss_quantity <= 80))
                            Rows Removed by Filter: 767325
  InitPlan 12 (returns $23)
    ->  Finalize Aggregate  (cost=93076.63..93076.64 rows=1 width=8) (never executed)
          ->  Gather  (cost=93076.42..93076.63 rows=2 width=32) (never executed)
                Workers Planned: 2
                Workers Launched: 0
                ->  Partial Aggregate  (cost=92076.42..92076.43 rows=1 width=32) (never executed)
                      ->  Parallel Seq Scan on store_sales store_sales_11  (cost=0.00..91521.67 rows=221899 width=8) (never executed)
                            Filter: ((ss_quantity >= 61) AND (ss_quantity <= 80))
  InitPlan 13 (returns $25)
    ->  Finalize Aggregate  (cost=93097.41..93097.42 rows=1 width=8) (actual time=206.484..206.541 rows=1 loops=1)
          ->  Gather  (cost=93097.19..93097.40 rows=2 width=8) (actual time=206.381..206.536 rows=3 loops=1)
                Workers Planned: 2
                Workers Launched: 2
                ->  Partial Aggregate  (cost=92097.19..92097.20 rows=1 width=8) (actual time=202.146..202.147 rows=1 loops=3)
                      ->  Parallel Seq Scan on store_sales store_sales_12  (cost=0.00..91521.67 rows=230210 width=0) (actual time=0.019..194.382 rows=180785 loops=3)
                            Filter: ((ss_quantity >= 81) AND (ss_quantity <= 100))
                            Rows Removed by Filter: 767365
  InitPlan 14 (returns $27)
    ->  Finalize Aggregate  (cost=93097.41..93097.42 rows=1 width=8) (actual time=215.522..285.643 rows=1 loops=1)
          ->  Gather  (cost=93097.19..93097.40 rows=2 width=32) (actual time=215.416..285.636 rows=3 loops=1)
                Workers Planned: 2
                Workers Launched: 2
                ->  Partial Aggregate  (cost=92097.19..92097.20 rows=1 width=32) (actual time=211.321..211.322 rows=1 loops=3)
                      ->  Parallel Seq Scan on store_sales store_sales_13  (cost=0.00..91521.67 rows=230210 width=8) (actual time=0.020..195.785 rows=180785 loops=3)
                            Filter: ((ss_quantity >= 81) AND (ss_quantity <= 100))
                            Rows Removed by Filter: 767365
  InitPlan 15 (returns $29)
    ->  Finalize Aggregate  (cost=93097.41..93097.42 rows=1 width=8) (never executed)
          ->  Gather  (cost=93097.19..93097.40 rows=2 width=32) (never executed)
                Workers Planned: 2
                Workers Launched: 0
                ->  Partial Aggregate  (cost=92097.19..92097.20 rows=1 width=32) (never executed)
                      ->  Parallel Seq Scan on store_sales store_sales_14  (cost=0.00..91521.67 rows=230210 width=8) (never executed)
                            Filter: ((ss_quantity >= 81) AND (ss_quantity <= 100))
      bucket1       |      bucket2       |      bucket3       |      bucket4       |      bucket5       
--------------------+--------------------+--------------------+--------------------+--------------------
 37.556353630629964 | 108.63416074189752 | 179.34767768201283 | 252.43538767872417 | 323.23867812054993
(1 row)

UPDATE time_statistics SET e_time = TRANSACTION_TIMESTAMP() WHERE template = 'query9.tpl' AND stream = 5;
psql:/tmp/s1-basline/throughput/query_5.sql:4714: NOTICE:  duration: 0.104 ms  plan:
Query Text: UPDATE time_statistics SET e_time = TRANSACTION_TIMESTAMP() WHERE template = 'query9.tpl' AND stream = 5;
Update on time_statistics  (cost=0.00..22.34 rows=0 width=0) (actual time=0.103..0.104 rows=0 loops=1)
  ->  Seq Scan on time_statistics  (cost=0.00..22.34 rows=1 width=14) (actual time=0.077..0.089 rows=1 loops=1)
        Filter: ((template = 'query9.tpl'::text) AND (stream = 5))
        Rows Removed by Filter: 782
UPDATE 1
LOAD 'auto_explain'; SET auto_explain.log_min_duration TO 0; SET auto_explain.log_analyze TO on; SET auto_explain.log_level TO notice; INSERT INTO time_statistics (template, s_time, stream, query, seed) VALUES ('../query_postgresql/query86.tpl', TRANSACTION_TIMESTAMP(), 5, 95, 1205166407);
LOAD
SET
SET
SET
psql:/tmp/s1-basline/throughput/query_5.sql:4715: NOTICE:  duration: 0.009 ms  plan:
Query Text: INSERT INTO time_statistics (template, s_time, stream, query, seed) VALUES ('../query_postgresql/query86.tpl', TRANSACTION_TIMESTAMP(), 5, 95, 1205166407);
Insert on time_statistics  (cost=0.00..0.01 rows=0 width=0) (actual time=0.008..0.008 rows=0 loops=1)
  ->  Result  (cost=0.00..0.01 rows=1 width=64) (actual time=0.001..0.001 rows=1 loops=1)
INSERT 0 1
with results as
( select sum(ws_net_paid) as total_sum, i_category, i_class, 0 as g_category, 0 as g_class 
 from
    web_sales
   ,date_dim       d1
   ,item
 where
    d1.d_month_seq between 1215 and 1215+11
 and d1.d_date_sk = ws_sold_date_sk
 and i_item_sk  = ws_item_sk
 group by i_category,i_class
 ) ,
 results_rollup as
( select total_sum ,i_category ,i_class, g_category, g_class, 0 as lochierarchy from results
  union
  select sum(total_sum) as total_sum, i_category, NULL as i_class, 0 as g_category, 1 as g_class, 1 as lochierarchy from results group by i_category
  union
  select sum(total_sum) as total_sum, NULL as i_category, NULL as i_class, 1 as g_category, 1 as g_class, 2 as lochierarchy from results)
 select 
 total_sum ,i_category ,i_class, lochierarchy 
   ,rank() over (
 	partition by lochierarchy,
 	case when g_class = 0 then i_category end 
 	order by total_sum desc) as rank_within_parent
 from
 results_rollup
 order by
   lochierarchy desc,
   case when lochierarchy = 0 then i_category end,
   rank_within_parent 
 limit 100;
psql:/tmp/s1-basline/throughput/query_5.sql:4747: NOTICE:  duration: 296.090 ms  plan:
Query Text: with results as
( select sum(ws_net_paid) as total_sum, i_category, i_class, 0 as g_category, 0 as g_class 
 from
    web_sales
   ,date_dim       d1
   ,item
 where
    d1.d_month_seq between 1215 and 1215+11
 and d1.d_date_sk = ws_sold_date_sk
 and i_item_sk  = ws_item_sk
 group by i_category,i_class
 ) ,
 results_rollup as
( select total_sum ,i_category ,i_class, g_category, g_class, 0 as lochierarchy from results
  union
  select sum(total_sum) as total_sum, i_category, NULL as i_class, 0 as g_category, 1 as g_class, 1 as lochierarchy from results group by i_category
  union
  select sum(total_sum) as total_sum, NULL as i_category, NULL as i_class, 1 as g_category, 1 as g_class, 2 as lochierarchy from results)
 select 
 total_sum ,i_category ,i_class, lochierarchy 
   ,rank() over (
 	partition by lochierarchy,
 	case when g_class = 0 then i_category end 
 	order by total_sum desc) as rank_within_parent
 from
 results_rollup
 order by
   lochierarchy desc,
   case when lochierarchy = 0 then i_category end,
   rank_within_parent 
 limit 100;
Limit  (cost=35141.50..35141.75 rows=100 width=148) (actual time=271.537..296.024 rows=100 loops=1)
  CTE results
    ->  Finalize GroupAggregate  (cost=34593.20..34871.02 rows=990 width=118) (actual time=252.001..295.339 rows=122 loops=1)
          Group Key: item.i_category, item.i_class
          ->  Gather Merge  (cost=34593.20..34846.27 rows=1980 width=110) (actual time=251.876..295.221 rows=363 loops=1)
                Workers Planned: 2
                Workers Launched: 2
                ->  Partial GroupAggregate  (cost=33593.17..33617.70 rows=990 width=110) (actual time=237.721..252.037 rows=121 loops=3)
                      Group Key: item.i_category, item.i_class
                      ->  Sort  (cost=33593.17..33596.83 rows=1463 width=110) (actual time=237.579..239.685 rows=47284 loops=3)
                            Sort Key: item.i_category, item.i_class
                            Sort Method: quicksort  Memory: 10709kB
                            Worker 0:  Sort Method: quicksort  Memory: 7426kB
                            Worker 1:  Sort Method: quicksort  Memory: 7486kB
                            ->  Nested Loop  (cost=2505.46..33516.26 rows=1463 width=110) (actual time=13.532..193.975 rows=47284 loops=3)
                                  ->  Hash Join  (cost=2505.17..33067.14 rows=1463 width=16) (actual time=13.481..98.998 rows=47284 loops=3)
                                        Hash Cond: (web_sales.ws_sold_date_sk = d1.d_date_sk)
                                        ->  Parallel Seq Scan on web_sales  (cost=0.00..29771.63 rows=301063 width=24) (actual time=0.017..46.205 rows=237185 loops=3)
                                        ->  Hash  (cost=2500.73..2500.73 rows=355 width=8) (actual time=13.408..13.408 rows=365 loops=3)
                                              Buckets: 1024  Batches: 1  Memory Usage: 23kB
                                              ->  Seq Scan on date_dim d1  (cost=0.00..2500.73 rows=355 width=8) (actual time=6.363..13.362 rows=365 loops=3)
                                                    Filter: ((d_month_seq >= 1215) AND (d_month_seq <= 1226))
                                                    Rows Removed by Filter: 72684
                                  ->  Index Scan using pk_item on item  (cost=0.29..0.31 rows=1 width=110) (actual time=0.002..0.002 rows=1 loops=141852)
                                        Index Cond: (i_item_sk = web_sales.ws_item_sk)
  ->  Sort  (cost=270.48..273.46 rows=1191 width=148) (actual time=271.537..271.542 rows=100 loops=1)
        Sort Key: results_rollup.lochierarchy DESC, (CASE WHEN (results_rollup.lochierarchy = 0) THEN results_rollup.i_category ELSE NULL::bpchar END), (rank() OVER (?))
        Sort Method: quicksort  Memory: 57kB
        ->  WindowAgg  (cost=192.21..224.96 rows=1191 width=148) (actual time=271.225..271.323 rows=134 loops=1)
              ->  Sort  (cost=192.21..195.19 rows=1191 width=108) (actual time=271.218..271.224 rows=134 loops=1)
                    Sort Key: results_rollup.lochierarchy, (CASE WHEN (results_rollup.g_class = 0) THEN results_rollup.i_category ELSE NULL::bpchar END), results_rollup.total_sum DESC
                    Sort Method: quicksort  Memory: 49kB
                    ->  Subquery Scan on results_rollup  (cost=104.56..131.36 rows=1191 width=108) (actual time=271.070..271.109 rows=134 loops=1)
                          ->  HashAggregate  (cost=104.56..116.47 rows=1191 width=84) (actual time=271.068..271.094 rows=134 loops=1)
                                Group Key: results.total_sum, results.i_category, results.i_class, results.g_category, results.g_class, (0)
                                Batches: 1  Memory Usage: 97kB
                                ->  Append  (cost=0.00..86.70 rows=1191 width=84) (actual time=252.005..270.997 rows=134 loops=1)
                                      ->  CTE Scan on results  (cost=0.00..19.80 rows=990 width=428) (actual time=252.004..270.919 rows=122 loops=1)
                                      ->  HashAggregate  (cost=24.75..26.75 rows=200 width=256) (actual time=0.045..0.048 rows=11 loops=1)
                                            Group Key: results_1.i_category
                                            Batches: 1  Memory Usage: 40kB
                                            ->  CTE Scan on results results_1  (cost=0.00..19.80 rows=990 width=212) (actual time=0.000..0.009 rows=122 loops=1)
                                      ->  Aggregate  (cost=22.28..22.29 rows=1 width=84) (actual time=0.017..0.018 rows=1 loops=1)
                                            ->  CTE Scan on results results_2  (cost=0.00..19.80 rows=990 width=8) (actual time=0.000..0.008 rows=122 loops=1)
     total_sum      |                     i_category                     |                      i_class                       | lochierarchy | rank_within_parent 
--------------------+----------------------------------------------------+----------------------------------------------------+--------------+--------------------
  325076760.9300002 |                                                    |                                                    |            2 |                  1
 33968760.580000006 | Books                                              |                                                    |            1 |                  1
        33919955.25 | Jewelry                                            |                                                    |            1 |                  2
         33531228.8 | Electronics                                        |                                                    |            1 |                  3
 32963024.570000015 | Women                                              |                                                    |            1 |                  4
        32791990.14 | Shoes                                              |                                                    |            1 |                  5
 32749915.170000013 | Children                                           |                                                    |            1 |                  6
 31818134.590000004 | Music                                              |                                                    |            1 |                  7
 31275081.919999994 | Sports                                             |                                                    |            1 |                  8
 30613942.630000003 | Home                                               |                                                    |            1 |                  9
 30486527.740000006 | Men                                                |                                                    |            1 |                 10
          958199.54 |                                                    |                                                    |            1 |                 11
 2745176.7399999998 | Books                                              | travel                                             |            0 |                  1
         2622590.26 | Books                                              | fiction                                            |            0 |                  2
         2564005.23 | Books                                              | arts                                               |            0 |                  3
 2413028.7400000007 | Books                                              | entertainments                                     |            0 |                  4
  2277247.439999999 | Books                                              | home repair                                        |            0 |                  5
  2240607.880000001 | Books                                              | business                                           |            0 |                  6
 2206345.5300000003 | Books                                              | sports                                             |            0 |                  7
  2182710.350000001 | Books                                              | parenting                                          |            0 |                  8
 2073351.4200000004 | Books                                              | mystery                                            |            0 |                  9
 1979323.4900000002 | Books                                              | history                                            |            0 |                 10
 1959321.4999999998 | Books                                              | self-help                                          |            0 |                 11
  1906077.979999999 | Books                                              | cooking                                            |            0 |                 12
 1887549.8700000003 | Books                                              | reference                                          |            0 |                 13
 1702732.2099999995 | Books                                              | computers                                          |            0 |                 14
 1641150.0299999993 | Books                                              | science                                            |            0 |                 15
 1551195.9100000001 | Books                                              | romance                                            |            0 |                 16
              16346 | Books                                              |                                                    |            0 |                 17
  8800392.160000006 | Children                                           | infants                                            |            0 |                  1
  8305675.280000008 | Children                                           | toddlers                                           |            0 |                  2
  7821632.209999996 | Children                                           | school-uniforms                                    |            0 |                  3
  7738074.530000002 | Children                                           | newborn                                            |            0 |                  4
  84140.98999999999 | Children                                           |                                                    |            0 |                  5
  2792709.909999999 | Electronics                                        | monitors                                           |            0 |                  1
 2434062.9600000004 | Electronics                                        | dvd/vcr players                                    |            0 |                  2
 2413991.7299999995 | Electronics                                        | cameras                                            |            0 |                  3
 2340573.4400000004 | Electronics                                        | memory                                             |            0 |                  4
  2255822.980000001 | Electronics                                        | wireless                                           |            0 |                  5
 2231584.5300000003 | Electronics                                        | automotive                                         |            0 |                  6
  2216273.270000001 | Electronics                                        | disk drives                                        |            0 |                  7
  2164832.780000001 | Electronics                                        | portable                                           |            0 |                  8
 2144555.9099999997 | Electronics                                        | stereo                                             |            0 |                  9
         2024827.56 | Electronics                                        | musical                                            |            0 |                 10
            1956093 | Electronics                                        | audio                                              |            0 |                 11
 1882841.4899999993 | Electronics                                        | scanners                                           |            0 |                 12
 1840742.3299999994 | Electronics                                        | personal                                           |            0 |                 13
         1831714.78 | Electronics                                        | camcorders                                         |            0 |                 14
 1764501.2400000002 | Electronics                                        | karoke                                             |            0 |                 15
 1236100.8899999997 | Electronics                                        | televisions                                        |            0 |                 16
 2352431.7199999993 | Home                                               | wallpaper                                          |            0 |                  1
          2294332.6 | Home                                               | bedding                                            |            0 |                  2
 2093339.4999999995 | Home                                               | blinds/shades                                      |            0 |                  3
 2086099.5299999996 | Home                                               | lighting                                           |            0 |                  4
 2084826.5999999996 | Home                                               | accent                                             |            0 |                  5
 2058986.9200000009 | Home                                               | paint                                              |            0 |                  6
 2014424.2799999993 | Home                                               | glassware                                          |            0 |                  7
 2008228.2899999998 | Home                                               | decor                                              |            0 |                  8
 1906835.1900000002 | Home                                               | mattresses                                         |            0 |                  9
 1881114.1800000009 | Home                                               | rugs                                               |            0 |                 10
 1819947.8600000006 | Home                                               | furniture                                          |            0 |                 11
 1775608.5699999996 | Home                                               | tables                                             |            0 |                 12
 1591213.4800000002 | Home                                               | flatware                                           |            0 |                 13
  1564832.500000001 | Home                                               | kids                                               |            0 |                 14
 1532912.3299999991 | Home                                               | bathroom                                           |            0 |                 15
         1467625.37 | Home                                               | curtains/drapes                                    |            0 |                 16
  81183.70999999999 | Home                                               |                                                    |            0 |                 17
 2550858.9099999997 | Jewelry                                            | consignment                                        |            0 |                  1
 2384174.1900000004 | Jewelry                                            | birdal                                             |            0 |                  2
         2306609.38 | Jewelry                                            | semi-precious                                      |            0 |                  3
         2279077.89 | Jewelry                                            | bracelets                                          |            0 |                  4
          2275637.5 | Jewelry                                            | rings                                              |            0 |                  5
         2274520.86 | Jewelry                                            | loose stones                                       |            0 |                  6
 2228188.3000000003 | Jewelry                                            | womens watch                                       |            0 |                  7
  2193013.360000001 | Jewelry                                            | mens watch                                         |            0 |                  8
 2113731.8500000006 | Jewelry                                            | pendants                                           |            0 |                  9
         2004064.33 | Jewelry                                            | custom                                             |            0 |                 10
 1962612.1199999992 | Jewelry                                            | diamonds                                           |            0 |                 11
 1957671.9800000011 | Jewelry                                            | jewelry boxes                                      |            0 |                 12
 1933674.2500000002 | Jewelry                                            | gold                                               |            0 |                 13
 1871937.4400000004 | Jewelry                                            | costume                                            |            0 |                 14
 1824869.8600000003 | Jewelry                                            | estate                                             |            0 |                 15
 1711169.1700000004 | Jewelry                                            | earings                                            |            0 |                 16
           48143.86 | Jewelry                                            |                                                    |            0 |                 17
  7832174.040000003 | Men                                                | sports-apparel                                     |            0 |                  1
  7810743.300000002 | Men                                                | accessories                                        |            0 |                  2
  7740507.809999997 | Men                                                | shirts                                             |            0 |                  3
 7057766.5500000045 | Men                                                | pants                                              |            0 |                  4
           45336.04 | Men                                                |                                                    |            0 |                  5
  8571118.280000003 | Music                                              | pop                                                |            0 |                  1
  7994566.529999998 | Music                                              | country                                            |            0 |                  2
  7964444.929999998 | Music                                              | rock                                               |            0 |                  3
  7181345.679999998 | Music                                              | classical                                          |            0 |                  4
 106659.17000000001 | Music                                              |                                                    |            0 |                  5
  8337347.790000005 | Shoes                                              | mens                                               |            0 |                  1
 8304828.0399999935 | Shoes                                              | athletic                                           |            0 |                  2
  8225675.050000004 | Shoes                                              | womens                                             |            0 |                  3
  7803954.229999995 | Shoes                                              | kids                                               |            0 |                  4
 120185.02999999998 | Shoes                                              |                                                    |            0 |                  5
  2662975.579999999 | Sports                                             | outdoor                                            |            0 |                  1
(100 rows)

UPDATE time_statistics SET e_time = TRANSACTION_TIMESTAMP() WHERE template = '../query_postgresql/query86.tpl' AND stream = 5;
psql:/tmp/s1-basline/throughput/query_5.sql:4749: NOTICE:  duration: 0.108 ms  plan:
Query Text: UPDATE time_statistics SET e_time = TRANSACTION_TIMESTAMP() WHERE template = '../query_postgresql/query86.tpl' AND stream = 5;
Update on time_statistics  (cost=0.00..22.34 rows=0 width=0) (actual time=0.108..0.108 rows=0 loops=1)
  ->  Seq Scan on time_statistics  (cost=0.00..22.34 rows=1 width=14) (actual time=0.081..0.093 rows=1 loops=1)
        Filter: ((template = '../query_postgresql/query86.tpl'::text) AND (stream = 5))
        Rows Removed by Filter: 783
UPDATE 1
LOAD 'auto_explain'; SET auto_explain.log_min_duration TO 0; SET auto_explain.log_analyze TO on; SET auto_explain.log_level TO notice; INSERT INTO time_statistics (template, s_time, stream, query, seed) VALUES ('query34.tpl', TRANSACTION_TIMESTAMP(), 5, 96, 1203147849);
LOAD
SET
SET
SET
psql:/tmp/s1-basline/throughput/query_5.sql:4750: NOTICE:  duration: 0.009 ms  plan:
Query Text: INSERT INTO time_statistics (template, s_time, stream, query, seed) VALUES ('query34.tpl', TRANSACTION_TIMESTAMP(), 5, 96, 1203147849);
Insert on time_statistics  (cost=0.00..0.01 rows=0 width=0) (actual time=0.009..0.009 rows=0 loops=1)
  ->  Result  (cost=0.00..0.01 rows=1 width=64) (actual time=0.001..0.001 rows=1 loops=1)
INSERT 0 1
select c_last_name
       ,c_first_name
       ,c_salutation
       ,c_preferred_cust_flag
       ,ss_ticket_number
       ,cnt from
   (select ss_ticket_number
          ,ss_customer_sk
          ,count(*) cnt
    from store_sales,date_dim,store,household_demographics
    where store_sales.ss_sold_date_sk = date_dim.d_date_sk
    and store_sales.ss_store_sk = store.s_store_sk  
    and store_sales.ss_hdemo_sk = household_demographics.hd_demo_sk
    and (date_dim.d_dom between 1 and 3 or date_dim.d_dom between 25 and 28)
    and (household_demographics.hd_buy_potential = '1001-5000' or
         household_demographics.hd_buy_potential = '5001-10000')
    and household_demographics.hd_vehicle_count > 0
    and (case when household_demographics.hd_vehicle_count > 0 
	then household_demographics.hd_dep_count/ household_demographics.hd_vehicle_count 
	else null 
	end)  > 1.2
    and date_dim.d_year in (2000,2000+1,2000+2)
    and store.s_county in ('Williamson County','Williamson County','Williamson County','Williamson County',
                           'Williamson County','Williamson County','Williamson County','Williamson County')
    group by ss_ticket_number,ss_customer_sk) dn,customer
    where ss_customer_sk = c_customer_sk
      and cnt between 15 and 20
    order by c_last_name,c_first_name,c_salutation,c_preferred_cust_flag desc, ss_ticket_number;
psql:/tmp/s1-basline/throughput/query_5.sql:4778: NOTICE:  duration: 384.275 ms  plan:
Query Text: select c_last_name
       ,c_first_name
       ,c_salutation
       ,c_preferred_cust_flag
       ,ss_ticket_number
       ,cnt from
   (select ss_ticket_number
          ,ss_customer_sk
          ,count(*) cnt
    from store_sales,date_dim,store,household_demographics
    where store_sales.ss_sold_date_sk = date_dim.d_date_sk
    and store_sales.ss_store_sk = store.s_store_sk  
    and store_sales.ss_hdemo_sk = household_demographics.hd_demo_sk
    and (date_dim.d_dom between 1 and 3 or date_dim.d_dom between 25 and 28)
    and (household_demographics.hd_buy_potential = '1001-5000' or
         household_demographics.hd_buy_potential = '5001-10000')
    and household_demographics.hd_vehicle_count > 0
    and (case when household_demographics.hd_vehicle_count > 0 
	then household_demographics.hd_dep_count/ household_demographics.hd_vehicle_count 
	else null 
	end)  > 1.2
    and date_dim.d_year in (2000,2000+1,2000+2)
    and store.s_county in ('Williamson County','Williamson County','Williamson County','Williamson County',
                           'Williamson County','Williamson County','Williamson County','Williamson County')
    group by ss_ticket_number,ss_customer_sk) dn,customer
    where ss_customer_sk = c_customer_sk
      and cnt between 15 and 20
    order by c_last_name,c_first_name,c_salutation,c_preferred_cust_flag desc, ss_ticket_number;
Sort  (cost=92697.92..92698.07 rows=61 width=81) (actual time=312.780..384.113 rows=346 loops=1)
  Sort Key: customer.c_last_name, customer.c_first_name, customer.c_salutation, customer.c_preferred_cust_flag DESC, store_sales.ss_ticket_number
  Sort Method: quicksort  Memory: 67kB
  ->  Nested Loop  (cost=92479.84..92696.11 rows=61 width=81) (actual time=307.643..383.658 rows=346 loops=1)
        ->  Finalize GroupAggregate  (cost=92479.55..92548.99 rows=61 width=24) (actual time=307.631..382.618 rows=346 loops=1)
              Group Key: store_sales.ss_ticket_number, store_sales.ss_customer_sk
              Filter: ((count(*) >= 15) AND (count(*) <= 20))
              Rows Removed by Filter: 3496
              ->  Gather Merge  (cost=92479.55..92537.24 rows=460 width=24) (actual time=307.611..381.785 rows=3862 loops=1)
                    Workers Planned: 2
                    Workers Launched: 2
                    ->  Partial GroupAggregate  (cost=91479.52..91484.12 rows=230 width=24) (actual time=302.480..304.329 rows=1287 loops=3)
                          Group Key: store_sales.ss_ticket_number, store_sales.ss_customer_sk
                          ->  Sort  (cost=91479.52..91480.10 rows=230 width=16) (actual time=302.473..302.980 rows=13321 loops=3)
                                Sort Key: store_sales.ss_ticket_number, store_sales.ss_customer_sk
                                Sort Method: quicksort  Memory: 1706kB
                                Worker 0:  Sort Method: quicksort  Memory: 1014kB
                                Worker 1:  Sort Method: quicksort  Memory: 1001kB
                                ->  Hash Join  (cost=265.81..91470.50 rows=230 width=16) (actual time=2.436..299.807 rows=13321 loops=3)
                                      Hash Cond: (store_sales.ss_store_sk = store.s_store_sk)
                                      ->  Nested Loop  (cost=264.42..91468.26 rows=242 width=24) (actual time=2.364..297.556 rows=13472 loops=3)
                                            ->  Hash Join  (cost=264.11..88927.00 rows=77987 width=32) (actual time=1.625..266.983 rows=99603 loops=3)
                                                  Hash Cond: (store_sales.ss_hdemo_sk = household_demographics.hd_demo_sk)
                                                  ->  Parallel Seq Scan on store_sales  (cost=0.00..85499.45 rows=1204445 width=40) (actual time=0.016..129.717 rows=948150 loops=3)
                                                  ->  Hash  (cost=258.00..258.00 rows=489 width=8) (actual time=1.575..1.576 rows=800 loops=3)
                                                        Buckets: 1024  Batches: 1  Memory Usage: 40kB
                                                        ->  Seq Scan on household_demographics  (cost=0.00..258.00 rows=489 width=8) (actual time=0.251..1.473 rows=800 loops=3)
                                                              Filter: ((hd_vehicle_count > 0) AND ((hd_buy_potential = '1001-5000'::bpchar) OR (hd_buy_potential = '5001-10000'::bpchar)) AND ((CASE WHEN (hd_vehicle_count > 0) THEN (hd_dep_count / hd_vehicle_count) ELSE NULL::integer END)::numeric > 1.2))
                                                              Rows Removed by Filter: 6400
                                            ->  Memoize  (cost=0.30..0.33 rows=1 width=8) (actual time=0.000..0.000 rows=0 loops=298809)
                                                  Cache Key: store_sales.ss_sold_date_sk
                                                  Cache Mode: logical
                                                  Hits: 125024  Misses: 1780  Evictions: 0  Overflows: 0  Memory Usage: 135kB
                                                  Worker 0:  Hits: 83302  Misses: 1716  Evictions: 0  Overflows: 0  Memory Usage: 130kB
                                                  Worker 1:  Hits: 85281  Misses: 1706  Evictions: 0  Overflows: 0  Memory Usage: 129kB
                                                  ->  Index Scan using pk_date_dim on date_dim  (cost=0.29..0.32 rows=1 width=8) (actual time=0.002..0.002 rows=0 loops=5202)
                                                        Index Cond: (d_date_sk = store_sales.ss_sold_date_sk)
                                                        Filter: ((d_year = ANY ('{2000,2001,2002}'::integer[])) AND (((d_dom >= 1) AND (d_dom <= 3)) OR ((d_dom >= 25) AND (d_dom <= 28))))
                                                        Rows Removed by Filter: 1
                                      ->  Hash  (cost=1.24..1.24 rows=12 width=8) (actual time=0.039..0.039 rows=12 loops=3)
                                            Buckets: 1024  Batches: 1  Memory Usage: 9kB
                                            ->  Seq Scan on store  (cost=0.00..1.24 rows=12 width=8) (actual time=0.030..0.035 rows=12 loops=3)
                                                  Filter: ((s_county)::text = ANY ('{"Williamson County","Williamson County","Williamson County","Williamson County","Williamson County","Williamson County","Williamson County","Williamson County"}'::text[]))
        ->  Index Scan using pk_customer on customer  (cost=0.29..2.40 rows=1 width=73) (actual time=0.003..0.003 rows=1 loops=346)
              Index Cond: (c_customer_sk = store_sales.ss_customer_sk)
          c_last_name           |     c_first_name     | c_salutation | c_preferred_cust_flag | ss_ticket_number | cnt 
--------------------------------+----------------------+--------------+-----------------------+------------------+-----
 Adams                          | David                | Sir          | N                     |           228404 |  15
 Adams                          | Sadie                | Miss         | Y                     |           187546 |  15
 Adkins                         | Robert               | Sir          | Y                     |            71245 |  15
 Aguilar                        | Michelle             | Dr.          | N                     |           104649 |  15
 Akers                          | Ilona                | Mrs.         | N                     |             2424 |  16
 Alfred                         | Anne                 | Dr.          | Y                     |           113539 |  15
 Allen                          | Christina            | Miss         | Y                     |           203492 |  16
 Allen                          | Daniel               | Sir          | N                     |           192399 |  16
 Allen                          | Frank                | Sir          | Y                     |           138047 |  15
 Allen                          | Joel                 | Dr.          | Y                     |            21075 |  15
 Allen                          | Vanessa              | Dr.          | N                     |           185845 |  15
 Anderson                       | Daniel               | Mr.          | Y                     |            85977 |  16
 Anderson                       | Gloria               | Ms.          | Y                     |           110868 |  16
 Andrews                        | Amanda               | Dr.          | N                     |            14675 |  16
 Anthony                        | John                 | Dr.          | Y                     |           229617 |  16
 Anthony                        | Wayne                | Sir          | Y                     |              531 |  15
 Appleton                       | Roseanne             | Ms.          | N                     |           170849 |  16
 Armenta                        | Daniel               | Mr.          | Y                     |            58231 |  15
 Barlow                         | Thomas               | Dr.          | N                     |            99937 |  15
 Barrows                        | Eva                  | Dr.          | N                     |             7934 |  15
 Beach                          | Norman               | Dr.          | Y                     |           223522 |  16
 Beal                           | Russell              | Dr.          | N                     |           156032 |  15
 Beatty                         | Kira                 | Miss         | N                     |            39285 |  15
 Bethea                         | Molly                |              | Y                     |            13701 |  16
 Bevins                         | Sandra               |              |                       |           195015 |  16
 Black                          | Kirby                | Mr.          | N                     |           215778 |  15
 Blum                           | John                 | Mr.          | N                     |            62574 |  15
 Bobo                           | Marion               | Sir          | N                     |            79082 |  16
 Boss                           | Sonia                | Mrs.         | Y                     |           171521 |  15
 Bowman                         | Linda                | Ms.          | Y                     |           222808 |  16
 Boyd                           | Ola                  | Dr.          | N                     |           150599 |  15
 Bragg                          | Alfredo              | Mr.          | N                     |           105859 |  16
 Braxton                        | Arleen               | Miss         | N                     |            51405 |  16
 Braxton                        | Bruce                | Dr.          | Y                     |            32856 |  16
 Brim                           | Odell                | Mr.          | N                     |            93885 |  16
 Brooks                         | Matthew              | Sir          | N                     |           136086 |  15
 Brown                          | Alisha               | Dr.          | N                     |           134018 |  16
 Brown                          | David                | Sir          | Y                     |           136851 |  15
 Brown                          | Stephanie            | Dr.          | N                     |            38497 |  16
 Brunson                        | Lori                 | Miss         | N                     |           184770 |  15
 Bryant                         | Barbara              | Dr.          | Y                     |            93983 |  15
 Bryant                         | Ernest               | Mr.          | Y                     |           183501 |  15
 Calvin                         | Donald               | Dr.          | Y                     |            49261 |  15
 Campbell                       | Kimberly             | Miss         | Y                     |           176619 |  16
 Cano                           | Madeleine            | Ms.          | N                     |           150776 |  15
 Caron                          | James                | Sir          | N                     |           235683 |  15
 Chavez                         | Adam                 | Mrs.         | N                     |           127331 |  15
 Chen                           | Bernice              | Miss         | Y                     |           178647 |  16
 Clark                          | Rocco                | Dr.          | Y                     |           190834 |  15
 Coffman                        | Ronny                | Sir          | N                     |           197668 |  15
 Collins                        | David                | Sir          | N                     |            62166 |  15
 Compton                        | Franklin             | Dr.          | N                     |           212093 |  15
 Cooper                         | Mariam               | Dr.          | Y                     |           152320 |  16
 Corcoran                       | Mark                 | Mr.          | Y                     |           170378 |  15
 Cormier                        | Cheryl               | Miss         | N                     |            58216 |  15
 Costa                          | Bryant               | Dr.          | N                     |            68920 |  15
 Couch                          | Andrew               | Ms.          | Y                     |            99247 |  15
 Covey                          | Tierra               | Dr.          | N                     |           178858 |  15
 Craft                          | Carlos               | Dr.          | N                     |           208484 |  15
 Crawford                       | Cathern              | Dr.          | Y                     |            97499 |  15
 Crook                          | Charles              | Dr.          | Y                     |           162994 |  15
 Dallas                         | Chester              | Dr.          | N                     |           128786 |  16
 David                          | Frank                | Dr.          | N                     |            36709 |  15
 Davis                          | David                | Dr.          | N                     |           104350 |  15
 Davis                          | Emily                | Mrs.         | N                     |            29130 |  15
 Davis                          | Loretta              | Ms.          | Y                     |           166993 |  15
 Diaz                           | Gilbert              | Sir          | Y                     |            95650 |  15
 Donahue                        | James                | Mr.          | Y                     |            55642 |  15
 Donahue                        | Marian               | Dr.          | N                     |           212630 |  15
 Doss                           | David                | Mr.          | Y                     |           227855 |  15
 Drury                          | Jeffrey              | Dr.          | Y                     |            52259 |  15
 Duffy                          | Jared                | Dr.          | N                     |           206881 |  15
 Durham                         | Peggy                | Ms.          | Y                     |           152436 |  15
 Duvall                         | Corinne              | Miss         | N                     |           109197 |  16
 Easley                         | Rebecca              | Ms.          | N                     |           187520 |  15
 Easterling                     | Susan                | Mrs.         | Y                     |            57515 |  16
 Emanuel                        | Alice                | Ms.          | N                     |           206444 |  15
 Ennis                          | John                 | Mr.          | Y                     |           129866 |  15
 Evans                          | Joseph               | Dr.          | N                     |           112847 |  15
 Figueroa                       | Carl                 | Sir          | Y                     |           192902 |  15
 Fisher                         | James                | Sir          | N                     |            32343 |  15
 Fitzgerald                     | Concepcion           | Mrs.         | Y                     |           125064 |  15
 Flores                         | Alisha               | Miss         | Y                     |           187494 |  15
 Floyd                          | Raymond              |              |                       |            41721 |  15
 Fox                            |                      | Ms.          |                       |           109016 |  15
 Freeman                        | Jack                 | Dr.          | N                     |           174591 |  15
 Frye                           | Loretta              | Ms.          | N                     |           214995 |  15
 Fulkerson                      | Lawrence             | Sir          | Y                     |           227615 |  15
 Fuller                         | Gary                 | Dr.          | Y                     |           159069 |  15
 Gabriel                        | Tristan              | Dr.          | N                     |            70012 |  15
 Gaines                         | Ruth                 | Mrs.         | Y                     |            52783 |  15
 Galvan                         | Jeff                 | Mr.          | N                     |            56903 |  16
 Garber                         | Brian                | Mr.          | N                     |           207420 |  15
 Garcia                         | Michael              | Dr.          | Y                     |           180099 |  15
 Garcia                         | Robert               | Sir          | N                     |           162286 |  15
 Garcia                         | Tina                 | Dr.          | Y                     |           205702 |  16
 George                         | Anna                 | Miss         | Y                     |           153300 |  15
 Gillespie                      | Jerry                | Mr.          | Y                     |            34460 |  16
 Glenn                          | Jose                 | Sir          | Y                     |            40403 |  15
 Goff                           | Edward               |              |                       |            40521 |  15
 Gonzales                       | Thomas               | Dr.          | Y                     |            23731 |  15
 Gonzalez                       | Pauline              | Dr.          | Y                     |           195319 |  15
 Goodwin                        | Iona                 | Dr.          | Y                     |            65406 |  15
 Gordon                         | Nancy                | Dr.          | N                     |            70863 |  15
 Graham                         | James                | Dr.          | N                     |            73542 |  15
 Grant                          | Marcus               | Dr.          | Y                     |           185856 |  15
 Gray                           | Estela               | Ms.          | Y                     |            72277 |  15
 Green                          | Christopher          | Dr.          | N                     |           186667 |  16
 Grenier                        | Geneva               | Dr.          | Y                     |           104062 |  15
 Guerrero                       | Mario                | Mr.          | N                     |           180700 |  16
 Hall                           | Bruce                | Dr.          | N                     |           221746 |  16
 Hall                           | Catherine            | Mrs.         | N                     |           194340 |  15
 Hall                           | Charles              | Mr.          | N                     |           178872 |  16
 Hall                           | Marvin               | Dr.          | Y                     |           212003 |  15
 Hamilton                       | Monica               | Miss         | Y                     |             8373 |  16
 Hankins                        | Adriana              | Ms.          | Y                     |           111187 |  16
 Hargrave                       | Sarah                | Dr.          | N                     |           125473 |  15
 Harman                         | Tim                  | Dr.          | N                     |            14871 |  15
 Harris                         | Andres               | Dr.          | N                     |           116757 |  15
 Harris                         | Christopher          | Dr.          | N                     |            65308 |  16
 Harris                         | Stephen              | Dr.          | Y                     |            39373 |  16
 Hastings                       | Thad                 | Mr.          | Y                     |           154585 |  15
 Hayes                          | Teresa               | Dr.          | Y                     |            33124 |  15
 Healy                          | Jamie                | Mr.          | N                     |             9874 |  15
 Hebert                         | Kum                  | Mrs.         | Y                     |            59909 |  15
 Henning                        | Wayne                | Dr.          | N                     |           213348 |  15
 Hensley                        | John                 | Mr.          | N                     |           171873 |  15
 Hermann                        | Vernell              | Dr.          | N                     |            37669 |  15
 Hernandez                      | Monte                | Mr.          | Y                     |            47350 |  15
 Hernandez                      | Ruth                 | Miss         | N                     |           218908 |  16
 Herr                           | Joseph               | Mr.          | Y                     |           120775 |  15
 High                           | Ashleigh             | Dr.          | N                     |           102192 |  16
 Hindman                        | Bradley              | Mr.          | N                     |           210417 |  15
 Hogan                          | Deanna               | Mrs.         | N                     |            14187 |  15
 Horn                           | Jeanie               | Ms.          | Y                     |           151540 |  15
 House                          | Margaret             | Miss         | N                     |           119451 |  15
 Hudson                         | Dorothy              | Miss         | N                     |           179077 |  15
 Hudson                         | John                 | Mr.          | Y                     |            20632 |  16
 Hulsey                         | Alma                 | Ms.          | Y                     |           173423 |  15
 Hutcheson                      | Rosalyn              | Mrs.         | N                     |           151257 |  15
 Hyatt                          | Joseph               | Dr.          | N                     |           112582 |  16
 Ivey                           | Livia                | Ms.          | N                     |            54081 |  15
 James                          | Cory                 | Sir          | Y                     |           213098 |  15
 James                          | Jeffrey              | Dr.          | N                     |            81372 |  15
 James                          | Salvador             | Dr.          | Y                     |            95391 |  15
 Jeffers                        | Claire               | Ms.          | N                     |            12310 |  16
 Jenkins                        | Thomas               | Dr.          | Y                     |           193775 |  15
 Jimenez                        | David                | Sir          | N                     |            44410 |  15
 Johnson                        | Barbara              | Ms.          | Y                     |           185142 |  15
 Johnson                        | Joann                | Miss         | Y                     |           226807 |  16
 Johnson                        | Richard              | Dr.          | Y                     |            58668 |  16
 Jose                           | Kathleen             | Ms.          | Y                     |            68560 |  16
 Justice                        | Tien                 | Dr.          | Y                     |           146672 |  15
 Kaplan                         | Jeffrey              | Dr.          | Y                     |           198785 |  15
 Keel                           | Cynthia              | Mrs.         | N                     |           220552 |  16
 Keller                         | Calvin               | Dr.          | Y                     |             6601 |  15
 Kemp                           | Jacqueline           | Mrs.         | N                     |            26701 |  16
 Kemp                           | Mark                 | Dr.          | Y                     |           132385 |  15
 King                           | Joshua               | Sir          | N                     |           220130 |  15
 King                           | Richard              | Mr.          | Y                     |            13485 |  16
 Knox                           | Roger                |              |                       |            30907 |  15
 Lancaster                      | Muriel               | Miss         | N                     |           196470 |  16
 Larue                          | Lillian              | Mrs.         | N                     |           174488 |  16
 Lawrence                       | James                | Dr.          | N                     |           229407 |  15
 Lee                            | Augusta              | Dr.          | Y                     |            36239 |  15
 Lee                            | Melva                | Dr.          | Y                     |            77355 |  15
 Leeper                         | Byron                | Dr.          | N                     |           119379 |  15
 Lerma                          | Rafael               | Sir          | Y                     |           159482 |  16
 Light                          | Deborah              | Ms.          | N                     |           122056 |  15
 Lofton                         | Carolyn              | Mrs.         | N                     |           199051 |  16
 Lombardo                       | Phillip              | Sir          | Y                     |           211710 |  15
 Lopes                          | Belinda              | Ms.          | N                     |            21798 |  16
 Lopez                          | Ashlee               | Dr.          | N                     |             2248 |  15
 Love                           | Alexander            | Ms.          | N                     |            49917 |  15
 Lozano                         | Robert               | Sir          | Y                     |           149831 |  16
 Lucas                          | Elaine               | Ms.          | Y                     |            77525 |  16
 Lynch                          | Julie                | Mrs.         | Y                     |           187525 |  16
 Mangum                         | Ethel                | Mrs.         | Y                     |           206749 |  16
 Martin                         | Albert               | Miss         | N                     |           227681 |  15
 Martin                         | Crystal              | Ms.          | Y                     |           141965 |  16
 Martin                         | Mark                 | Sir          | N                     |            48937 |  15
 Martin                         | Pam                  | Dr.          | N                     |           139011 |  16
 Martinez                       | Rosie                | Dr.          | N                     |           177241 |  15
 Martinez                       | Tommie               | Sir          | Y                     |           148622 |  16
 Mason                          | John                 | Dr.          | N                     |           141617 |  15
 Matthews                       | Steven               | Dr.          | N                     |           227215 |  15
 Maupin                         | Ronald               | Mr.          | Y                     |           233288 |  15
 Maxwell                        | Pamela               | Dr.          | N                     |           151577 |  16
 Maxwell                        | Stephen              | Sir          | Y                     |            28884 |  15
 Mcmahon                        | Dan                  | Dr.          | N                     |           153850 |  16
 Mcvay                          | Janeen               | Ms.          | N                     |            99589 |  15
 Mcvay                          | Tami                 | Dr.          | Y                     |             9012 |  15
 Mears                          | Patty                | Dr.          | N                     |            61128 |  16
 Mendez                         | Diana                | Dr.          | Y                     |            83028 |  15
 Mendez                         | Joe                  | Dr.          | N                     |            81109 |  15
 Merritt                        | Todd                 | Mr.          | Y                     |            67949 |  15
 Metzger                        | Eve                  | Mrs.         | Y                     |           105649 |  16
 Millard                        | Leonard              | Sir          | Y                     |            28702 |  15
 Miller                         | Tyler                | Dr.          | N                     |            96253 |  16
 Mills                          | Barbara              | Miss         | Y                     |           229694 |  15
 Mobley                         | Robert               | Mr.          | N                     |           176306 |  15
 Moore                          |                      |              |                       |           151205 |  15
 Mora                           | Olga                 | Dr.          | Y                     |            25177 |  16
 Morales                        | Donna                | Dr.          | Y                     |            49860 |  16
 Moreno                         | Maxine               | Mrs.         | Y                     |           205448 |  16
 Moreno                         | Valerie              | Miss         | N                     |            55274 |  16
 Morris                         | Kenneth              | Sir          | Y                     |           101978 |  15
 Moya                           | Kimberly             | Miss         | Y                     |           181246 |  15
 Muller                         | Wayne                | Sir          | N                     |            10536 |  16
 Munoz                          | Moises               | Sir          | Y                     |           104061 |  15
 Munoz                          | Natasha              | Ms.          | N                     |            66187 |  15
 Murphy                         | Doris                | Dr.          | N                     |           236927 |  16
 Murray                         | Steve                | Mr.          | Y                     |           227695 |  15
 Myers                          | Diane                | Mrs.         | N                     |           160245 |  15
 Myers                          | Ellen                | Miss         | N                     |           202228 |  15
 Myers                          | Warren               | Dr.          | Y                     |             1169 |  15
 Nall                           | Bonita               | Ms.          | Y                     |           148138 |  16
 Nance                          | Tiffany              | Ms.          | Y                     |           235796 |  16
 Neely                          | Marissa              | Dr.          | N                     |           113362 |  15
 Nelson                         | Jimmy                | Sir          | N                     |           106959 |  15
 Newsome                        | Barbara              | Mrs.         | Y                     |            86028 |  15
 Norman                         | Christine            | Ms.          | N                     |           192464 |  16
 Norwood                        | Ona                  | Mrs.         | Y                     |           209619 |  15
 Oliver                         | Sharon               | Ms.          | Y                     |            38914 |  15
 Ouellette                      | Brian                | Dr.          | N                     |            47627 |  16
 Outlaw                         | Dorothy              | Ms.          | N                     |           143564 |  15
 Overby                         | Emily                | Mrs.         | N                     |            53830 |  15
 Packard                        | Stuart               | Sir          | N                     |           202776 |  16
 Padilla                        | Ruben                | Dr.          | Y                     |            66145 |  16
 Pagan                          | Hector               | Dr.          | N                     |            67655 |  15
 Patel                          | Lan                  | Miss         | Y                     |           221610 |  16
 Pena                           |                      |              |                       |           114527 |  16
 Perez                          | Rodney               | Dr.          | N                     |           159323 |  15
 Phipps                         | James                | Dr.          | N                     |           133569 |  16
 Pollack                        | Loreen               | Miss         | Y                     |           127721 |  15
 Powers                         | Taylor               | Sir          | Y                     |            37763 |  16
 Price                          | Jeffrey              | Mr.          | Y                     |           148183 |  15
 Price                          | Susan                | Dr.          | N                     |           125590 |  15
 Purdy                          | Clark                | Mr.          | N                     |            41987 |  15
 Purvis                         | Sondra               | Mrs.         | N                     |           147305 |  15
 Putnam                         | Rickie               | Dr.          | Y                     |            32228 |  15
 Quarles                        | Virginia             | Mrs.         | Y                     |           148778 |  15
 Quintana                       | Victoria             | Miss         | Y                     |           205754 |  15
 Ramirez                        | Edward               | Mr.          | N                     |            20279 |  15
 Ramirez                        | John                 | Dr.          | N                     |            35441 |  15
 Raymond                        | Andrew               | Ms.          | Y                     |           131932 |  16
 Reilly                         | Travis               | Sir          | Y                     |           134557 |  15
 Rhea                           | David                | Mr.          | Y                     |            65424 |  16
 Rice                           | James                | Dr.          | Y                     |            94916 |  15
 Richardson                     | Blanca               | Mrs.         | Y                     |            76605 |  15
 Riley                          | Linda                | Ms.          | N                     |           129657 |  15
 Rivera                         | Charles              | Dr.          | Y                     |            69503 |  15
 Roberts                        | April                | Ms.          | N                     |           143122 |  15
 Roberts                        | Harold               | Sir          | N                     |           188756 |  15
 Roberts                        | Philip               | Mr.          | N                     |           152644 |  16
 Rodriguez                      | Susie                | Miss         | N                     |           192984 |  15
 Roe                            | Robert               | Dr.          | Y                     |           124310 |  15
 Rogers                         | Nicholas             | Sir          | Y                     |           224152 |  16
 Romero                         | Kristi               | Ms.          | Y                     |           172619 |  15
 Roth                           | Bridgett             | Miss         | Y                     |            87961 |  15
 Ruffin                         | Shelia               | Dr.          | Y                     |            54846 |  15
 Ruiz                           | Sidney               | Dr.          | N                     |           217458 |  16
 Russell                        | Richard              | Dr.          | Y                     |           115695 |  16
 Rutledge                       | Rebecca              | Ms.          | Y                     |            88115 |  16
 Salinas                        | Herbert              | Mr.          | N                     |            87452 |  15
 Sanchez                        | Madge                | Miss         | N                     |           220996 |  15
 Sanchez                        | Sylvia               | Dr.          | N                     |           184899 |  15
 Sanders                        | Sandra               | Mrs.         | N                     |            43431 |  15
 Sanford                        | Janet                | Mrs.         | N                     |            24340 |  15
 Sawyer                         | Norman               | Sir          | N                     |           170516 |  15
 Scott                          | Callie               | Miss         | N                     |           189879 |  15
 Serrano                        | Nicholas             | Dr.          | N                     |           123372 |  15
 Shaw                           | Zora                 | Ms.          | N                     |            56152 |  15
 Shea                           | Margo                | Miss         | N                     |           211386 |  16
 Sherrill                       | Blake                | Dr.          | N                     |           229634 |  15
 Shields                        | Eileen               | Ms.          | Y                     |           182911 |  16
 Skinner                        | Helena               | Mrs.         | N                     |           134665 |  15
 Smith                          | Krista               | Dr.          | N                     |           216511 |  16
 Smith                          | Michael              | Dr.          | N                     |            94965 |  15
 Smith                          | Nathan               | Mr.          | Y                     |           201338 |  16
 Smith                          | Richard              | Mr.          | N                     |           178861 |  15
 Smith                          | Sharee               | Mrs.         | Y                     |           181270 |  15
 Smith                          | Stephen              | Mr.          | Y                     |            89273 |  15
 Snyder                         | Joyce                | Miss         | N                     |           128128 |  16
 Southerland                    | Michael              | Mr.          | Y                     |           191544 |  15
 Stafford                       | Crystal              | Ms.          | N                     |            26517 |  15
 Stanley                        | Joy                  | Miss         | Y                     |           213031 |  15
 Stanton                        | Tommy                | Mr.          | N                     |           124621 |  15
 Starks                         |                      |              | Y                     |           235767 |  16
 Staton                         | Sonia                | Miss         | Y                     |           166669 |  15
 Stein                          | Gloria               | Miss         | Y                     |           183155 |  15
 Stevens                        | Anthony              | Ms.          | Y                     |           117226 |  15
 Stewart                        | Joseph               | Mr.          | N                     |           106791 |  16
 Suarez                         | Nicole               | Ms.          | N                     |           161938 |  15
 Suarez                         | Taren                | Miss         | N                     |           190961 |  15
 Swafford                       | Larry                | Sir          | Y                     |           123903 |  16
 Sykes                          | Jesus                | Mr.          | N                     |           138646 |  15
 Tate                           | Arlene               | Ms.          | N                     |           174937 |  15
 Taylor                         | Chelsea              | Miss         | Y                     |           229885 |  15
 Taylor                         | Rachel               | Dr.          | N                     |           123519 |  16
 Theriot                        | Katherine            | Mrs.         | Y                     |           107897 |  15
 Thomas                         | Clifton              | Dr.          |                       |            44406 |  15
 Thomas                         | Dorothy              | Dr.          | Y                     |           146387 |  15
 Thompson                       | Margurite            | Dr.          | N                     |           197288 |  15
 Thorton                        | Anna                 | Dr.          | Y                     |            48166 |  16
 Tipton                         | Alanna               | Miss         | N                     |            64051 |  16
 Toledo                         | Louisa               | Mrs.         | N                     |            35352 |  15
 Townsend                       | Matthew              | Mr.          | N                     |           212022 |  15
 Tran                           | Charles              | Sir          | N                     |            64830 |  16
 Unger                          | Brian                | Sir          | N                     |           115013 |  15
 Unger                          | Richard              | Sir          | Y                     |           228347 |  15
 Vega                           | Kevin                | Mr.          | Y                     |              771 |  16
 Villegas                       | Tyler                | Sir          | N                     |           125550 |  15
 Wade                           | Evelyn               | Miss         | Y                     |           129716 |  15
 Walters                        | Howard               | Sir          | N                     |           178763 |  15
 Warren                         | James                | Dr.          | Y                     |           140558 |  15
 Weinberg                       | Karen                | Miss         | N                     |           172563 |  15
 Welch                          | Bobby                | Dr.          | N                     |            63586 |  15
 White                          | Albert               | Dr.          | Y                     |           173687 |  15
 Whitfield                      | Harriett             | Dr.          | N                     |           222198 |  16
 Wiggins                        | Edward               | Mr.          | Y                     |           169889 |  16
 Wilbanks                       | Nicole               | Mrs.         | Y                     |           140268 |  15
 Wilcox                         | Mildred              | Mrs.         | Y                     |           215915 |  15
 Wilkes                         | Jim                  | Sir          | Y                     |           197947 |  15
 Williams                       | Adam                 | Miss         | N                     |           219848 |  15
 Williams                       | Joel                 | Dr.          | N                     |           117582 |  15
 Williams                       | Nancy                | Ms.          | Y                     |           120062 |  16
 Williamson                     | Barbara              | Miss         | Y                     |            91885 |  15
 Wilson                         | Willie               | Sir          | N                     |            91422 |  15
 Woodward                       | Rene                 | Mr.          | Y                     |           122195 |  15
 Worley                         | James                | Sir          | N                     |            16860 |  15
 Wright                         | Katherine            | Miss         | Y                     |           194828 |  15
 Young                          | Evelyn               | Mrs.         | N                     |            11904 |  15
 Young                          | Kristin              | Mrs.         | N                     |           181785 |  15
 Yu                             | Florence             | Ms.          | Y                     |            53361 |  15
                                | Alanna               | Mrs.         | N                     |            98058 |  15
                                | Elizabeth            |              |                       |            87531 |  16
                                | Gertrude             | Ms.          |                       |           131044 |  15
                                | Larry                | Sir          |                       |            47676 |  15
                                | Nicholas             | Dr.          | N                     |            71580 |  16
                                |                      | Dr.          | Y                     |           235020 |  15
                                |                      | Mr.          |                       |           221961 |  15
                                |                      | Ms.          |                       |            69799 |  15
                                |                      | Ms.          |                       |           202974 |  16
                                |                      | Ms.          | N                     |            13334 |  16
                                |                      |              |                       |           119358 |  16
(346 rows)

UPDATE time_statistics SET e_time = TRANSACTION_TIMESTAMP() WHERE template = 'query34.tpl' AND stream = 5;
psql:/tmp/s1-basline/throughput/query_5.sql:4780: NOTICE:  duration: 0.111 ms  plan:
Query Text: UPDATE time_statistics SET e_time = TRANSACTION_TIMESTAMP() WHERE template = 'query34.tpl' AND stream = 5;
Update on time_statistics  (cost=0.00..22.34 rows=0 width=0) (actual time=0.111..0.111 rows=0 loops=1)
  ->  Seq Scan on time_statistics  (cost=0.00..22.34 rows=1 width=14) (actual time=0.084..0.096 rows=1 loops=1)
        Filter: ((template = 'query34.tpl'::text) AND (stream = 5))
        Rows Removed by Filter: 784
UPDATE 1
LOAD 'auto_explain'; SET auto_explain.log_min_duration TO 0; SET auto_explain.log_analyze TO on; SET auto_explain.log_level TO notice; INSERT INTO time_statistics (template, s_time, stream, query, seed) VALUES ('../query_postgresql/query82.tpl', TRANSACTION_TIMESTAMP(), 5, 97, 527574441);
LOAD
SET
SET
SET
psql:/tmp/s1-basline/throughput/query_5.sql:4781: NOTICE:  duration: 0.008 ms  plan:
Query Text: INSERT INTO time_statistics (template, s_time, stream, query, seed) VALUES ('../query_postgresql/query82.tpl', TRANSACTION_TIMESTAMP(), 5, 97, 527574441);
Insert on time_statistics  (cost=0.00..0.01 rows=0 width=0) (actual time=0.008..0.008 rows=0 loops=1)
  ->  Result  (cost=0.00..0.01 rows=1 width=64) (actual time=0.001..0.001 rows=1 loops=1)
INSERT 0 1
select  i_item_id
       ,i_item_desc
       ,i_current_price
 from item, inventory, date_dim, store_sales
 where i_current_price between 30 and 30+30
 and inv_item_sk = i_item_sk
 and d_date_sk=inv_date_sk
 and d_date between cast('2000-07-04' as date) and (cast('2000-07-04' as date) + interval '60 days')
 and i_manufact_id in (564,127,518,695)
 and inv_quantity_on_hand between 100 and 500
 and ss_item_sk = i_item_sk
 group by i_item_id,i_item_desc,i_current_price
 order by i_item_id
 limit 100;
psql:/tmp/s1-basline/throughput/query_5.sql:4795: NOTICE:  duration: 7.025 ms  plan:
Query Text: select  i_item_id
       ,i_item_desc
       ,i_current_price
 from item, inventory, date_dim, store_sales
 where i_current_price between 30 and 30+30
 and inv_item_sk = i_item_sk
 and d_date_sk=inv_date_sk
 and d_date between cast('2000-07-04' as date) and (cast('2000-07-04' as date) + interval '60 days')
 and i_manufact_id in (564,127,518,695)
 and inv_quantity_on_hand between 100 and 500
 and ss_item_sk = i_item_sk
 group by i_item_id,i_item_desc,i_current_price
 order by i_item_id
 limit 100;
Limit  (cost=2536.37..2538.10 rows=3 width=127) (actual time=7.023..7.024 rows=0 loops=1)
  ->  Group  (cost=2536.37..2538.10 rows=3 width=127) (actual time=7.023..7.024 rows=0 loops=1)
        Group Key: item.i_item_id, item.i_item_desc, item.i_current_price
        ->  Sort  (cost=2536.37..2536.81 rows=173 width=127) (actual time=7.023..7.023 rows=0 loops=1)
              Sort Key: item.i_item_id, item.i_item_desc, item.i_current_price
              Sort Method: quicksort  Memory: 25kB
              ->  Nested Loop  (cost=1.28..2529.94 rows=173 width=127) (actual time=7.017..7.018 rows=0 loops=1)
                    ->  Nested Loop  (cost=0.85..2524.70 rows=1 width=143) (actual time=7.017..7.018 rows=0 loops=1)
                          ->  Seq Scan on item  (cost=0.00..1616.00 rows=3 width=135) (actual time=3.287..6.801 rows=1 loops=1)
                                Filter: ((i_current_price >= '30'::double precision) AND (i_current_price <= '60'::double precision) AND (i_manufact_id = ANY ('{564,127,518,695}'::integer[])))
                                Rows Removed by Filter: 17999
                          ->  Nested Loop  (cost=0.85..302.31 rows=59 width=8) (actual time=0.216..0.216 rows=0 loops=1)
                                ->  Index Scan using i_d_date on date_dim  (cost=0.29..4.67 rows=59 width=8) (actual time=0.009..0.019 rows=61 loops=1)
                                      Index Cond: ((d_date >= '2000-07-04'::date) AND (d_date <= '2000-09-02 00:00:00'::timestamp without time zone))
                                ->  Index Scan using pk_inventory on inventory  (cost=0.56..5.03 rows=1 width=16) (actual time=0.003..0.003 rows=0 loops=61)
                                      Index Cond: ((inv_date_sk = date_dim.d_date_sk) AND (inv_item_sk = item.i_item_sk))
                                      Filter: ((inv_quantity_on_hand >= 100) AND (inv_quantity_on_hand <= 500))
                    ->  Index Only Scan using pk_store_sales on store_sales  (cost=0.43..3.50 rows=175 width=8) (never executed)
                          Index Cond: (ss_item_sk = inventory.inv_item_sk)
                          Heap Fetches: 0
 i_item_id | i_item_desc | i_current_price 
-----------+-------------+-----------------
(0 rows)

UPDATE time_statistics SET e_time = TRANSACTION_TIMESTAMP() WHERE template = '../query_postgresql/query82.tpl' AND stream = 5;
psql:/tmp/s1-basline/throughput/query_5.sql:4797: NOTICE:  duration: 0.089 ms  plan:
Query Text: UPDATE time_statistics SET e_time = TRANSACTION_TIMESTAMP() WHERE template = '../query_postgresql/query82.tpl' AND stream = 5;
Update on time_statistics  (cost=0.00..22.34 rows=0 width=0) (actual time=0.088..0.088 rows=0 loops=1)
  ->  Seq Scan on time_statistics  (cost=0.00..22.34 rows=1 width=14) (actual time=0.069..0.079 rows=1 loops=1)
        Filter: ((template = '../query_postgresql/query82.tpl'::text) AND (stream = 5))
        Rows Removed by Filter: 785
UPDATE 1
LOAD 'auto_explain'; SET auto_explain.log_min_duration TO 0; SET auto_explain.log_analyze TO on; SET auto_explain.log_level TO notice; INSERT INTO time_statistics (template, s_time, stream, query, seed) VALUES ('query29.tpl', TRANSACTION_TIMESTAMP(), 5, 98, 1017197608);
LOAD
SET
SET
SET
psql:/tmp/s1-basline/throughput/query_5.sql:4798: NOTICE:  duration: 0.008 ms  plan:
Query Text: INSERT INTO time_statistics (template, s_time, stream, query, seed) VALUES ('query29.tpl', TRANSACTION_TIMESTAMP(), 5, 98, 1017197608);
Insert on time_statistics  (cost=0.00..0.01 rows=0 width=0) (actual time=0.007..0.007 rows=0 loops=1)
  ->  Result  (cost=0.00..0.01 rows=1 width=64) (actual time=0.001..0.001 rows=1 loops=1)
INSERT 0 1
select   
     i_item_id
    ,i_item_desc
    ,s_store_id
    ,s_store_name
    ,min(ss_quantity)        as store_sales_quantity
    ,min(sr_return_quantity) as store_returns_quantity
    ,min(cs_quantity)        as catalog_sales_quantity
 from
    store_sales
   ,store_returns
   ,catalog_sales
   ,date_dim             d1
   ,date_dim             d2
   ,date_dim             d3
   ,store
   ,item
 where
     d1.d_moy               = 4 
 and d1.d_year              = 1999
 and d1.d_date_sk           = ss_sold_date_sk
 and i_item_sk              = ss_item_sk
 and s_store_sk             = ss_store_sk
 and ss_customer_sk         = sr_customer_sk
 and ss_item_sk             = sr_item_sk
 and ss_ticket_number       = sr_ticket_number
 and sr_returned_date_sk    = d2.d_date_sk
 and d2.d_moy               between 4 and  4 + 3 
 and d2.d_year              = 1999
 and sr_customer_sk         = cs_bill_customer_sk
 and sr_item_sk             = cs_item_sk
 and cs_sold_date_sk        = d3.d_date_sk     
 and d3.d_year              in (1999,1999+1,1999+2)
 group by
    i_item_id
   ,i_item_desc
   ,s_store_id
   ,s_store_name
 order by
    i_item_id 
   ,i_item_desc
   ,s_store_id
   ,s_store_name
 limit 100;
psql:/tmp/s1-basline/throughput/query_5.sql:4842: NOTICE:  duration: 1060.178 ms  plan:
Query Text: select   
     i_item_id
    ,i_item_desc
    ,s_store_id
    ,s_store_name
    ,min(ss_quantity)        as store_sales_quantity
    ,min(sr_return_quantity) as store_returns_quantity
    ,min(cs_quantity)        as catalog_sales_quantity
 from
    store_sales
   ,store_returns
   ,catalog_sales
   ,date_dim             d1
   ,date_dim             d2
   ,date_dim             d3
   ,store
   ,item
 where
     d1.d_moy               = 4 
 and d1.d_year              = 1999
 and d1.d_date_sk           = ss_sold_date_sk
 and i_item_sk              = ss_item_sk
 and s_store_sk             = ss_store_sk
 and ss_customer_sk         = sr_customer_sk
 and ss_item_sk             = sr_item_sk
 and ss_ticket_number       = sr_ticket_number
 and sr_returned_date_sk    = d2.d_date_sk
 and d2.d_moy               between 4 and  4 + 3 
 and d2.d_year              = 1999
 and sr_customer_sk         = cs_bill_customer_sk
 and sr_item_sk             = cs_item_sk
 and cs_sold_date_sk        = d3.d_date_sk     
 and d3.d_year              in (1999,1999+1,1999+2)
 group by
    i_item_id
   ,i_item_desc
   ,s_store_id
   ,s_store_name
 order by
    i_item_id 
   ,i_item_desc
   ,s_store_id
   ,s_store_name
 limit 100;
Limit  (cost=10885.56..10885.60 rows=1 width=153) (actual time=1060.163..1060.167 rows=1 loops=1)
  ->  GroupAggregate  (cost=10885.56..10885.60 rows=1 width=153) (actual time=1060.163..1060.166 rows=1 loops=1)
        Group Key: item.i_item_id, item.i_item_desc, store.s_store_id, store.s_store_name
        ->  Sort  (cost=10885.56..10885.57 rows=1 width=153) (actual time=1060.153..1060.156 rows=1 loops=1)
              Sort Key: item.i_item_id, item.i_item_desc, store.s_store_id, store.s_store_name
              Sort Method: quicksort  Memory: 25kB
              ->  Nested Loop  (cost=2.15..10885.55 rows=1 width=153) (actual time=371.802..1060.146 rows=1 loops=1)
                    ->  Nested Loop  (cost=1.86..10885.25 rows=1 width=58) (actual time=371.795..1060.138 rows=1 loops=1)
                          Join Filter: (store_sales.ss_store_sk = store.s_store_sk)
                          ->  Nested Loop  (cost=1.86..10883.98 rows=1 width=44) (actual time=371.787..1060.129 rows=1 loops=1)
                                ->  Nested Loop  (cost=1.57..10883.66 rows=1 width=52) (actual time=371.777..1060.119 rows=1 loops=1)
                                      ->  Nested Loop  (cost=1.28..10883.35 rows=1 width=60) (actual time=208.025..1060.045 rows=11 loops=1)
                                            ->  Nested Loop  (cost=0.85..10881.13 rows=1 width=56) (actual time=4.634..92.930 rows=11507 loops=1)
                                                  ->  Nested Loop  (cost=0.42..10515.16 rows=461 width=28) (actual time=4.626..27.135 rows=15642 loops=1)
                                                        ->  Seq Scan on date_dim d2  (cost=0.00..2683.36 rows=121 width=8) (actual time=4.616..9.635 rows=122 loops=1)
                                                              Filter: ((d_moy >= 4) AND (d_moy <= 7) AND (d_year = 1999))
                                                              Rows Removed by Filter: 72927
                                                        ->  Index Scan using i_sr_returned_date_sk on store_returns  (cost=0.42..63.33 rows=140 width=36) (actual time=0.003..0.120 rows=128 loops=122)
                                                              Index Cond: (sr_returned_date_sk = d2.d_date_sk)
                                                  ->  Index Scan using pk_store_sales on store_sales  (cost=0.43..0.78 rows=1 width=44) (actual time=0.004..0.004 rows=1 loops=15642)
                                                        Index Cond: ((ss_item_sk = store_returns.sr_item_sk) AND (ss_ticket_number = store_returns.sr_ticket_number))
                                                        Filter: (store_returns.sr_customer_sk = ss_customer_sk)
                                                        Rows Removed by Filter: 0
                                            ->  Index Scan using pk_catalog_sales on catalog_sales  (cost=0.43..2.21 rows=1 width=28) (actual time=0.084..0.084 rows=0 loops=11507)
                                                  Index Cond: (cs_item_sk = store_sales.ss_item_sk)
                                                  Filter: (store_sales.ss_customer_sk = cs_bill_customer_sk)
                                                  Rows Removed by Filter: 105
                                      ->  Index Scan using pk_date_dim on date_dim d1  (cost=0.29..0.32 rows=1 width=8) (actual time=0.005..0.005 rows=0 loops=11)
                                            Index Cond: (d_date_sk = store_sales.ss_sold_date_sk)
                                            Filter: ((d_moy = 4) AND (d_year = 1999))
                                            Rows Removed by Filter: 1
                                ->  Index Scan using pk_date_dim on date_dim d3  (cost=0.29..0.31 rows=1 width=8) (actual time=0.008..0.008 rows=1 loops=1)
                                      Index Cond: (d_date_sk = catalog_sales.cs_sold_date_sk)
                                      Filter: (d_year = ANY ('{1999,2000,2001}'::integer[]))
                          ->  Seq Scan on store  (cost=0.00..1.12 rows=12 width=30) (actual time=0.006..0.007 rows=1 loops=1)
                    ->  Index Scan using pk_item on item  (cost=0.29..0.31 rows=1 width=127) (actual time=0.005..0.005 rows=1 loops=1)
                          Index Cond: (i_item_sk = store_sales.ss_item_sk)
    i_item_id     |                                                                                 i_item_desc                                                                                 |    s_store_id    | s_store_name | store_sales_quantity | store_returns_quantity | catalog_sales_quantity 
------------------+-----------------------------------------------------------------------------------------------------------------------------------------------------------------------------+------------------+--------------+----------------------+------------------------+------------------------
 AAAAAAAAONFDAAAA | Recent times may leave then. Circumstances would not go below. Just conditions find for example suspicious companies. Respondents break then ancient songs. Good rates may  | AAAAAAAABAAAAAAA | ought        |                   92 |                     39 |                     49
(1 row)

UPDATE time_statistics SET e_time = TRANSACTION_TIMESTAMP() WHERE template = 'query29.tpl' AND stream = 5;
psql:/tmp/s1-basline/throughput/query_5.sql:4844: NOTICE:  duration: 0.110 ms  plan:
Query Text: UPDATE time_statistics SET e_time = TRANSACTION_TIMESTAMP() WHERE template = 'query29.tpl' AND stream = 5;
Update on time_statistics  (cost=0.00..22.34 rows=0 width=0) (actual time=0.109..0.110 rows=0 loops=1)
  ->  Seq Scan on time_statistics  (cost=0.00..22.34 rows=1 width=14) (actual time=0.082..0.095 rows=1 loops=1)
        Filter: ((template = 'query29.tpl'::text) AND (stream = 5))
        Rows Removed by Filter: 786
UPDATE 1
LOAD 'auto_explain'; SET auto_explain.log_min_duration TO 0; SET auto_explain.log_analyze TO on; SET auto_explain.log_level TO notice; INSERT INTO time_statistics (template, s_time, stream, query, seed) VALUES ('query25.tpl', TRANSACTION_TIMESTAMP(), 5, 99, 989645211);
LOAD
SET
SET
SET
psql:/tmp/s1-basline/throughput/query_5.sql:4845: NOTICE:  duration: 0.009 ms  plan:
Query Text: INSERT INTO time_statistics (template, s_time, stream, query, seed) VALUES ('query25.tpl', TRANSACTION_TIMESTAMP(), 5, 99, 989645211);
Insert on time_statistics  (cost=0.00..0.01 rows=0 width=0) (actual time=0.008..0.008 rows=0 loops=1)
  ->  Result  (cost=0.00..0.01 rows=1 width=64) (actual time=0.001..0.002 rows=1 loops=1)
INSERT 0 1
select  
 i_item_id
 ,i_item_desc
 ,s_store_id
 ,s_store_name
 ,min(ss_net_profit) as store_sales_profit
 ,min(sr_net_loss) as store_returns_loss
 ,min(cs_net_profit) as catalog_sales_profit
 from
 store_sales
 ,store_returns
 ,catalog_sales
 ,date_dim d1
 ,date_dim d2
 ,date_dim d3
 ,store
 ,item
 where
 d1.d_moy = 4
 and d1.d_year = 1999
 and d1.d_date_sk = ss_sold_date_sk
 and i_item_sk = ss_item_sk
 and s_store_sk = ss_store_sk
 and ss_customer_sk = sr_customer_sk
 and ss_item_sk = sr_item_sk
 and ss_ticket_number = sr_ticket_number
 and sr_returned_date_sk = d2.d_date_sk
 and d2.d_moy               between 4 and  10
 and d2.d_year              = 1999
 and sr_customer_sk = cs_bill_customer_sk
 and sr_item_sk = cs_item_sk
 and cs_sold_date_sk = d3.d_date_sk
 and d3.d_moy               between 4 and  10 
 and d3.d_year              = 1999
 group by
 i_item_id
 ,i_item_desc
 ,s_store_id
 ,s_store_name
 order by
 i_item_id
 ,i_item_desc
 ,s_store_id
 ,s_store_name
 limit 100;
psql:/tmp/s1-basline/throughput/query_5.sql:4890: NOTICE:  duration: 1753.026 ms  plan:
Query Text: select  
 i_item_id
 ,i_item_desc
 ,s_store_id
 ,s_store_name
 ,min(ss_net_profit) as store_sales_profit
 ,min(sr_net_loss) as store_returns_loss
 ,min(cs_net_profit) as catalog_sales_profit
 from
 store_sales
 ,store_returns
 ,catalog_sales
 ,date_dim d1
 ,date_dim d2
 ,date_dim d3
 ,store
 ,item
 where
 d1.d_moy = 4
 and d1.d_year = 1999
 and d1.d_date_sk = ss_sold_date_sk
 and i_item_sk = ss_item_sk
 and s_store_sk = ss_store_sk
 and ss_customer_sk = sr_customer_sk
 and ss_item_sk = sr_item_sk
 and ss_ticket_number = sr_ticket_number
 and sr_returned_date_sk = d2.d_date_sk
 and d2.d_moy               between 4 and  10
 and d2.d_year              = 1999
 and sr_customer_sk = cs_bill_customer_sk
 and sr_item_sk = cs_item_sk
 and cs_sold_date_sk = d3.d_date_sk
 and d3.d_moy               between 4 and  10 
 and d3.d_year              = 1999
 group by
 i_item_id
 ,i_item_desc
 ,s_store_id
 ,s_store_name
 order by
 i_item_id
 ,i_item_desc
 ,s_store_id
 ,s_store_name
 limit 100;
Limit  (cost=11607.04..11607.08 rows=1 width=165) (actual time=1753.010..1753.014 rows=1 loops=1)
  ->  GroupAggregate  (cost=11607.04..11607.08 rows=1 width=165) (actual time=1753.009..1753.013 rows=1 loops=1)
        Group Key: item.i_item_id, item.i_item_desc, store.s_store_id, store.s_store_name
        ->  Sort  (cost=11607.04..11607.05 rows=1 width=165) (actual time=1753.000..1753.004 rows=1 loops=1)
              Sort Key: item.i_item_id, item.i_item_desc, store.s_store_id, store.s_store_name
              Sort Method: quicksort  Memory: 25kB
              ->  Nested Loop  (cost=2.15..11607.03 rows=1 width=165) (actual time=1172.314..1752.992 rows=1 loops=1)
                    ->  Nested Loop  (cost=1.86..11606.73 rows=1 width=70) (actual time=1172.305..1752.983 rows=1 loops=1)
                          Join Filter: (store_sales.ss_store_sk = store.s_store_sk)
                          Rows Removed by Join Filter: 9
                          ->  Nested Loop  (cost=1.86..11605.46 rows=1 width=56) (actual time=1172.295..1752.972 rows=1 loops=1)
                                ->  Nested Loop  (cost=1.57..11605.14 rows=1 width=64) (actual time=374.417..1752.960 rows=2 loops=1)
                                      ->  Nested Loop  (cost=1.28..11604.82 rows=1 width=72) (actual time=209.537..1752.831 rows=20 loops=1)
                                            ->  Nested Loop  (cost=0.85..11602.60 rows=1 width=64) (actual time=4.643..151.121 rows=19014 loops=1)
                                                  ->  Nested Loop  (cost=0.42..10961.16 rows=808 width=32) (actual time=4.633..40.807 rows=25974 loops=1)
                                                        ->  Seq Scan on date_dim d2  (cost=0.00..2683.36 rows=212 width=8) (actual time=4.623..9.732 rows=214 loops=1)
                                                              Filter: ((d_moy >= 4) AND (d_moy <= 10) AND (d_year = 1999))
                                                              Rows Removed by Filter: 72835
                                                        ->  Index Scan using i_sr_returned_date_sk on store_returns  (cost=0.42..37.65 rows=140 width=40) (actual time=0.003..0.113 rows=121 loops=214)
                                                              Index Cond: (sr_returned_date_sk = d2.d_date_sk)
                                                  ->  Index Scan using pk_store_sales on store_sales  (cost=0.43..0.78 rows=1 width=48) (actual time=0.004..0.004 rows=1 loops=25974)
                                                        Index Cond: ((ss_item_sk = store_returns.sr_item_sk) AND (ss_ticket_number = store_returns.sr_ticket_number))
                                                        Filter: (store_returns.sr_customer_sk = ss_customer_sk)
                                                        Rows Removed by Filter: 0
                                            ->  Index Scan using pk_catalog_sales on catalog_sales  (cost=0.43..2.21 rows=1 width=32) (actual time=0.084..0.084 rows=0 loops=19014)
                                                  Index Cond: (cs_item_sk = store_sales.ss_item_sk)
                                                  Filter: (store_sales.ss_customer_sk = cs_bill_customer_sk)
                                                  Rows Removed by Filter: 105
                                      ->  Index Scan using pk_date_dim on date_dim d1  (cost=0.29..0.32 rows=1 width=8) (actual time=0.005..0.005 rows=0 loops=20)
                                            Index Cond: (d_date_sk = store_sales.ss_sold_date_sk)
                                            Filter: ((d_moy = 4) AND (d_year = 1999))
                                            Rows Removed by Filter: 1
                                ->  Index Scan using pk_date_dim on date_dim d3  (cost=0.29..0.32 rows=1 width=8) (actual time=0.004..0.004 rows=0 loops=2)
                                      Index Cond: (d_date_sk = catalog_sales.cs_sold_date_sk)
                                      Filter: ((d_moy >= 4) AND (d_moy <= 10) AND (d_year = 1999))
                                      Rows Removed by Filter: 0
                          ->  Seq Scan on store  (cost=0.00..1.12 rows=12 width=30) (actual time=0.007..0.008 rows=10 loops=1)
                    ->  Index Scan using pk_item on item  (cost=0.29..0.31 rows=1 width=127) (actual time=0.006..0.006 rows=1 loops=1)
                          Index Cond: (i_item_sk = store_sales.ss_item_sk)
    i_item_id     |                                                 i_item_desc                                                 |    s_store_id    | s_store_name | store_sales_profit | store_returns_loss | catalog_sales_profit 
------------------+-------------------------------------------------------------------------------------------------------------+------------------+--------------+--------------------+--------------------+----------------------
 AAAAAAAAOIICAAAA | Sure tired hours go generally subjects. Possible, high politicians help sometimes black, british computers. | AAAAAAAAKAAAAAAA | bar          |             -327.6 |             107.23 |               498.56
(1 row)

UPDATE time_statistics SET e_time = TRANSACTION_TIMESTAMP() WHERE template = 'query25.tpl' AND stream = 5;
psql:/tmp/s1-basline/throughput/query_5.sql:4892: NOTICE:  duration: 0.109 ms  plan:
Query Text: UPDATE time_statistics SET e_time = TRANSACTION_TIMESTAMP() WHERE template = 'query25.tpl' AND stream = 5;
Update on time_statistics  (cost=0.00..22.34 rows=0 width=0) (actual time=0.109..0.109 rows=0 loops=1)
  ->  Seq Scan on time_statistics  (cost=0.00..22.34 rows=1 width=14) (actual time=0.082..0.095 rows=1 loops=1)
        Filter: ((template = 'query25.tpl'::text) AND (stream = 5))
        Rows Removed by Filter: 787
UPDATE 1
