LOAD 'auto_explain'; SET auto_explain.log_min_duration TO 0; SET auto_explain.log_analyze TO on; SET auto_explain.log_level TO notice; INSERT INTO time_statistics (template, s_time, stream, query, seed) VALUES ('query89.tpl', TRANSACTION_TIMESTAMP(), 3, 1, 900339774);
LOAD
SET
SET
SET
psql:/tmp/s1-basline/throughput/query_3.sql:1: NOTICE:  duration: 0.076 ms  plan:
Query Text: INSERT INTO time_statistics (template, s_time, stream, query, seed) VALUES ('query89.tpl', TRANSACTION_TIMESTAMP(), 3, 1, 900339774);
Insert on time_statistics  (cost=0.00..0.01 rows=0 width=0) (actual time=0.076..0.076 rows=0 loops=1)
  ->  Result  (cost=0.00..0.01 rows=1 width=64) (actual time=0.006..0.006 rows=1 loops=1)
INSERT 0 1
select  *
from(
select i_category, i_class, i_brand,
       s_store_name, s_company_name,
       d_moy,
       sum(ss_sales_price) sum_sales,
       avg(sum(ss_sales_price)) over
         (partition by i_category, i_brand, s_store_name, s_company_name)
         avg_monthly_sales
from item, store_sales, date_dim, store
where ss_item_sk = i_item_sk and
      ss_sold_date_sk = d_date_sk and
      ss_store_sk = s_store_sk and
      d_year in (2002) and
        ((i_category in ('Books','Sports','Jewelry') and
          i_class in ('travel','athletic shoes','custom')
         )
      or (i_category in ('Children','Music','Shoes') and
          i_class in ('toddlers','classical','mens') 
        ))
group by i_category, i_class, i_brand,
         s_store_name, s_company_name, d_moy) tmp1
where case when (avg_monthly_sales <> 0) then (abs(sum_sales - avg_monthly_sales) / avg_monthly_sales) else null end > 0.1
order by sum_sales - avg_monthly_sales, s_store_name
limit 100;
psql:/tmp/s1-basline/throughput/query_3.sql:26: NOTICE:  duration: 751.529 ms  plan:
Query Text: select  *
from(
select i_category, i_class, i_brand,
       s_store_name, s_company_name,
       d_moy,
       sum(ss_sales_price) sum_sales,
       avg(sum(ss_sales_price)) over
         (partition by i_category, i_brand, s_store_name, s_company_name)
         avg_monthly_sales
from item, store_sales, date_dim, store
where ss_item_sk = i_item_sk and
      ss_sold_date_sk = d_date_sk and
      ss_store_sk = s_store_sk and
      d_year in (2002) and
        ((i_category in ('Books','Sports','Jewelry') and
          i_class in ('travel','athletic shoes','custom')
         )
      or (i_category in ('Children','Music','Shoes') and
          i_class in ('toddlers','classical','mens') 
        ))
group by i_category, i_class, i_brand,
         s_store_name, s_company_name, d_moy) tmp1
where case when (avg_monthly_sales <> 0) then (abs(sum_sales - avg_monthly_sales) / avg_monthly_sales) else null end > 0.1
order by sum_sales - avg_monthly_sales, s_store_name
limit 100;
Limit  (cost=68918.84..68919.09 rows=100 width=194) (actual time=751.413..751.427 rows=100 loops=1)
  ->  Sort  (cost=68918.84..68919.15 rows=125 width=194) (actual time=751.412..751.420 rows=100 loops=1)
        Sort Key: ((tmp1.sum_sales - tmp1.avg_monthly_sales)), tmp1.s_store_name
        Sort Method: top-N heapsort  Memory: 69kB
        ->  Subquery Scan on tmp1  (cost=68867.24..68914.49 rows=125 width=194) (actual time=726.228..750.775 rows=1905 loops=1)
              Filter: (CASE WHEN (tmp1.avg_monthly_sales <> '0'::double precision) THEN (abs((tmp1.sum_sales - tmp1.avg_monthly_sales)) / tmp1.avg_monthly_sales) ELSE NULL::double precision END > '0.1'::double precision)
              Rows Removed by Filter: 156
              ->  WindowAgg  (cost=68867.24..68905.76 rows=374 width=186) (actual time=726.225..750.481 rows=2061 loops=1)
                    ->  Incremental Sort  (cost=68867.24..68897.34 rows=374 width=178) (actual time=726.205..749.109 rows=2061 loops=1)
                          Sort Key: item.i_category, item.i_brand, store.s_store_name, store.s_company_name
                          Presorted Key: item.i_category
                          Full-sort Groups: 6  Sort Method: quicksort  Average Memory: 39kB  Peak Memory: 39kB
                          Pre-sorted Groups: 6  Sort Method: quicksort  Average Memory: 123kB  Peak Memory: 149kB
                          ->  GroupAggregate  (cost=68864.49..68875.71 rows=374 width=178) (actual time=723.843..747.775 rows=2061 loops=1)
                                Group Key: item.i_category, item.i_class, item.i_brand, store.s_store_name, store.s_company_name, date_dim.d_moy
                                ->  Sort  (cost=68864.49..68865.42 rows=374 width=178) (actual time=723.828..726.147 rows=50723 loops=1)
                                      Sort Key: item.i_category, item.i_class, item.i_brand, store.s_store_name, store.s_company_name, date_dim.d_moy
                                      Sort Method: quicksort  Memory: 12627kB
                                      ->  Nested Loop  (cost=0.73..68848.50 rows=374 width=178) (actual time=3.497..596.478 rows=50723 loops=1)
                                            Join Filter: (store_sales.ss_store_sk = store.s_store_sk)
                                            Rows Removed by Join Filter: 232605
                                            ->  Nested Loop  (cost=0.73..68781.51 rows=392 width=173) (actual time=3.484..561.074 rows=51897 loops=1)
                                                  ->  Nested Loop  (cost=0.43..66147.91 rows=82501 width=177) (actual time=0.082..474.171 rows=274529 loops=1)
                                                        ->  Seq Scan on item  (cost=0.00..1706.00 rows=516 width=161) (actual time=0.037..18.399 rows=1734 loops=1)
                                                              Filter: (((i_category = ANY ('{Books,Sports,Jewelry}'::bpchar[])) AND (i_class = ANY ('{travel,"athletic shoes",custom}'::bpchar[]))) OR ((i_category = ANY ('{Children,Music,Shoes}'::bpchar[])) AND (i_class = ANY ('{toddlers,classical,mens}'::bpchar[]))))
                                                              Rows Removed by Filter: 16266
                                                        ->  Index Scan using pk_store_sales on store_sales  (cost=0.43..123.15 rows=174 width=32) (actual time=0.008..0.238 rows=158 loops=1734)
                                                              Index Cond: (ss_item_sk = item.i_item_sk)
                                                  ->  Memoize  (cost=0.30..0.32 rows=1 width=12) (actual time=0.000..0.000 rows=0 loops=274529)
                                                        Cache Key: store_sales.ss_sold_date_sk
                                                        Cache Mode: logical
                                                        Hits: 272705  Misses: 1824  Evictions: 0  Overflows: 0  Memory Usage: 146kB
                                                        ->  Index Scan using pk_date_dim on date_dim  (cost=0.29..0.31 rows=1 width=12) (actual time=0.002..0.002 rows=0 loops=1824)
                                                              Index Cond: (d_date_sk = store_sales.ss_sold_date_sk)
                                                              Filter: (d_year = 2002)
                                                              Rows Removed by Filter: 1
                                            ->  Materialize  (cost=0.00..1.18 rows=12 width=21) (actual time=0.000..0.000 rows=5 loops=51897)
                                                  ->  Seq Scan on store  (cost=0.00..1.12 rows=12 width=21) (actual time=0.003..0.006 rows=12 loops=1)
                     i_category                     |                      i_class                       |                      i_brand                       | s_store_name | s_company_name | d_moy |     sum_sales      | avg_monthly_sales  
----------------------------------------------------+----------------------------------------------------+----------------------------------------------------+--------------+----------------+-------+--------------------+--------------------
 Music                                              | classical                                          | edu packscholar #2                                 | ought        | Unknown        |     6 | 1700.2799999999997 |  4697.732499999999
 Music                                              | classical                                          | edu packscholar #2                                 | ese          | Unknown        |     7 | 1690.4500000000005 |  4652.326666666667
 Music                                              | classical                                          | edu packscholar #2                                 | ought        | Unknown        |     5 | 1919.9199999999998 |  4697.732499999999
 Music                                              | classical                                          | edu packscholar #2                                 | ought        | Unknown        |     4 | 1948.3399999999995 |  4697.732499999999
 Children                                           | toddlers                                           | exportiexporti #2                                  | ought        | Unknown        |     5 | 1713.0799999999997 |  4436.501666666667
 Music                                              | classical                                          | edu packscholar #2                                 | able         | Unknown        |     3 | 1927.5799999999997 |  4608.523333333333
 Music                                              | classical                                          | edu packscholar #2                                 | bar          | Unknown        |     2 | 2013.1599999999996 |  4671.275833333334
 Children                                           | toddlers                                           | exportiexporti #2                                  | eing         | Unknown        |     7 |            1515.49 | 4127.9749999999985
 Children                                           | toddlers                                           | exportiexporti #2                                  | eing         | Unknown        |     3 | 1532.4999999999998 | 4127.9749999999985
 Children                                           | toddlers                                           | exportiexporti #2                                  | ought        | Unknown        |     7 | 1873.3599999999997 |  4436.501666666667
 Shoes                                              | mens                                               | importoedu pack #2                                 | ought        | Unknown        |     7 |            2505.03 |  5051.753333333333
 Music                                              | classical                                          | edu packscholar #2                                 | ation        | Unknown        |     4 | 1879.0100000000004 |  4410.999166666666
 Music                                              | classical                                          | edu packscholar #2                                 | ation        | Unknown        |     5 | 1948.7800000000002 |  4410.999166666666
 Children                                           | toddlers                                           | exportiexporti #2                                  | ese          | Unknown        |     6 | 1767.6299999999994 |  4229.310833333332
 Shoes                                              | mens                                               | importoedu pack #2                                 | eing         | Unknown        |     7 | 2335.6000000000004 |            4777.62
 Music                                              | classical                                          | edu packscholar #2                                 | eing         | Unknown        |     5 |            2135.32 |  4572.954166666667
 Children                                           | toddlers                                           | exportiexporti #2                                  | eing         | Unknown        |     2 | 1691.4299999999998 | 4127.9749999999985
 Shoes                                              | mens                                               | importoedu pack #2                                 | bar          | Unknown        |     5 | 2255.0199999999995 |            4665.06
 Children                                           | toddlers                                           | exportiexporti #2                                  | ought        | Unknown        |     6 | 2028.2100000000003 |  4436.501666666667
 Music                                              | classical                                          | edu packscholar #2                                 | eing         | Unknown        |     4 |            2169.21 |  4572.954166666667
 Children                                           | toddlers                                           | exportiexporti #2                                  | bar          | Unknown        |     2 | 1606.9300000000003 | 3999.9758333333334
 Shoes                                              | mens                                               | importoedu pack #2                                 | ation        | Unknown        |     5 |            2103.77 | 4475.1033333333335
 Children                                           | toddlers                                           | exportiexporti #2                                  | ation        | Unknown        |     5 | 1519.9999999999995 |  3880.063333333333
 Children                                           | toddlers                                           | exportiexporti #2                                  | bar          | Unknown        |     3 | 1645.7600000000002 | 3999.9758333333334
 Music                                              | classical                                          | edu packscholar #2                                 | eing         | Unknown        |     7 |            2225.19 |  4572.954166666667
 Music                                              | classical                                          | edu packscholar #2                                 | bar          | Unknown        |     6 |            2344.67 |  4671.275833333334
 Shoes                                              | mens                                               | importoedu pack #2                                 | bar          | Unknown        |     3 | 2343.3399999999997 |            4665.06
 Shoes                                              | mens                                               | importoedu pack #2                                 | bar          | Unknown        |     2 | 2355.9900000000002 |            4665.06
 Shoes                                              | mens                                               | importoedu pack #2                                 | ought        | Unknown        |     6 |            2749.39 |  5051.753333333333
 Shoes                                              | mens                                               | importoedu pack #2                                 | bar          | Unknown        |     6 |            2381.46 |            4665.06
 Music                                              | classical                                          | edu packscholar #2                                 | able         | Unknown        |     6 | 2333.7200000000007 |  4608.523333333333
 Music                                              | classical                                          | edu packscholar #2                                 | ese          | Unknown        |     2 | 2381.5499999999993 |  4652.326666666667
 Shoes                                              | mens                                               | importoedu pack #2                                 | bar          | Unknown        |     1 |            2397.55 |            4665.06
 Shoes                                              | mens                                               | importoedu pack #2                                 | ese          | Unknown        |     6 | 2298.0399999999995 |  4526.213333333332
 Shoes                                              | mens                                               | importoedu pack #2                                 | ation        | Unknown        |     4 | 2259.8400000000006 | 4475.1033333333335
 Shoes                                              | mens                                               | importoedu pack #2                                 | ought        | Unknown        |     5 |  2861.169999999999 |  5051.753333333333
 Music                                              | classical                                          | edu packscholar #2                                 | ation        | Unknown        |     2 |             2228.7 |  4410.999166666666
 Music                                              | classical                                          | edu packscholar #2                                 | able         | Unknown        |     2 | 2426.7200000000003 |  4608.523333333333
 Shoes                                              | mens                                               | importoedu pack #2                                 | eing         | Unknown        |     1 | 2601.4500000000007 |            4777.62
 Shoes                                              | mens                                               | importoedu pack #2                                 | bar          | Unknown        |     7 |            2503.98 |            4665.06
 Children                                           | toddlers                                           | exportiexporti #2                                  | able         | Unknown        |     4 |            1850.27 |  4000.320833333333
 Shoes                                              | mens                                               | importoedu pack #2                                 | able         | Unknown        |     2 |             2488.6 |  4635.434166666666
 Children                                           | toddlers                                           | exportiexporti #2                                  | eing         | Unknown        |     6 | 2019.9299999999994 | 4127.9749999999985
 Shoes                                              | mens                                               | importoedu pack #2                                 | ought        | Unknown        |     3 |             2952.8 |  5051.753333333333
 Children                                           | toddlers                                           | exportiexporti #2                                  | bar          | Unknown        |     5 |            1901.44 | 3999.9758333333334
 Shoes                                              | mens                                               | importoedu pack #2                                 | eing         | Unknown        |     3 | 2705.6400000000003 |            4777.62
 Music                                              | classical                                          | edu packscholar #2                                 | ese          | Unknown        |     5 | 2580.6799999999994 |  4652.326666666667
 Music                                              | classical                                          | edu packscholar #2                                 | ese          | Unknown        |     6 |            2584.84 |  4652.326666666667
 Music                                              | classical                                          | edu packscholar #2                                 | ese          | Unknown        |     3 | 2585.0299999999993 |  4652.326666666667
 Shoes                                              | mens                                               | importoedu pack #2                                 | ought        | Unknown        |     2 | 2986.6899999999982 |  5051.753333333333
 Shoes                                              | mens                                               | importoedu pack #2                                 | bar          | Unknown        |     4 |             2600.8 |            4665.06
 Shoes                                              | mens                                               | importoedu pack #2                                 | able         | Unknown        |     7 |            2571.94 |  4635.434166666666
 Shoes                                              | mens                                               | importoedu pack #2                                 | able         | Unknown        |     6 | 2579.8199999999997 |  4635.434166666666
 Music                                              | classical                                          | edu packscholar #2                                 | able         | Unknown        |     4 |            2556.74 |  4608.523333333333
 Music                                              | classical                                          | edu packscholar #2                                 | eing         | Unknown        |     2 | 2552.1700000000005 |  4572.954166666667
 Music                                              | classical                                          | edu packscholar #2                                 | ought        | Unknown        |     7 |  2681.660000000001 |  4697.732499999999
 Children                                           | toddlers                                           | exportiexporti #2                                  | eing         | Unknown        |     5 |             2113.1 | 4127.9749999999985
 Music                                              | classical                                          | edu packscholar #2                                 | eing         | Unknown        |     6 |            2588.33 |  4572.954166666667
 Shoes                                              | mens                                               | importoedu pack #2                                 | eing         | Unknown        |     2 | 2805.7000000000003 |            4777.62
 Shoes                                              | mens                                               | importoedu pack #2                                 | able         | Unknown        |     4 |  2666.840000000001 |  4635.434166666666
 Children                                           | toddlers                                           | exportiexporti #2                                  | ought        | Unknown        |     2 | 2470.4599999999996 |  4436.501666666667
 Shoes                                              | mens                                               | importoedu pack #2                                 | ese          | Unknown        |     5 | 2566.8100000000004 |  4526.213333333332
 Shoes                                              | mens                                               | importoedu pack #2                                 | eing         | Unknown        |     6 | 2828.6399999999994 |            4777.62
 Children                                           | toddlers                                           | exportiexporti #2                                  | eing         | Unknown        |     1 | 2192.7599999999998 | 4127.9749999999985
 Children                                           | toddlers                                           | exportiexporti #2                                  | bar          | Unknown        |     6 |  2069.190000000001 | 3999.9758333333334
 Children                                           | toddlers                                           | exportiexporti #2                                  | bar          | Unknown        |     7 | 2074.2499999999995 | 3999.9758333333334
 Children                                           | toddlers                                           | exportiexporti #2                                  | ought        | Unknown        |     4 |            2519.73 |  4436.501666666667
 Music                                              | classical                                          | edu packscholar #2                                 | ought        | Unknown        |     1 | 2789.0800000000004 |  4697.732499999999
 Music                                              | classical                                          | edu packscholar #2                                 | bar          | Unknown        |     5 | 2775.1100000000006 |  4671.275833333334
 Children                                           | toddlers                                           | exportiexporti #2                                  | ation        | Unknown        |     3 |            1985.88 |  3880.063333333333
 Children                                           | toddlers                                           | exportiexporti #2                                  | ought        | Unknown        |     3 | 2548.9399999999996 |  4436.501666666667
 Children                                           | toddlers                                           | exportiexporti #2                                  | able         | Unknown        |     6 | 2131.2800000000007 |  4000.320833333333
 Music                                              | classical                                          | edu packscholar #2                                 | ation        | Unknown        |     7 |  2543.910000000001 |  4410.999166666666
 Music                                              | classical                                          | edu packscholar #2                                 | bar          | Unknown        |     4 | 2804.7899999999995 |  4671.275833333334
 Shoes                                              | mens                                               | importoedu pack #2                                 | ese          | Unknown        |     7 | 2661.3399999999997 |  4526.213333333332
 Children                                           | toddlers                                           | exportiexporti #2                                  | ese          | Unknown        |     1 |            2389.13 |  4229.310833333332
 Music                                              | classical                                          | edu packscholar #2                                 | able         | Unknown        |     1 |            2781.32 |  4608.523333333333
 Children                                           | toddlers                                           | exportiexporti #2                                  | ese          | Unknown        |     2 | 2404.2700000000004 |  4229.310833333332
 Music                                              | classical                                          | edu packscholar #2                                 | eing         | Unknown        |     3 | 2748.1099999999997 |  4572.954166666667
 Music                                              | classical                                          | edu packscholar #2                                 | bar          | Unknown        |     3 | 2865.8700000000003 |  4671.275833333334
 Music                                              | classical                                          | edu packscholar #2                                 | ese          | Unknown        |     1 | 2873.7399999999993 |  4652.326666666667
 Children                                           | toddlers                                           | exportiexporti #2                                  | bar          | Unknown        |     4 |  2225.140000000001 | 3999.9758333333334
 Children                                           | toddlers                                           | exportiexporti #2                                  | ation        | Unknown        |     4 |            2107.84 |  3880.063333333333
 Music                                              | classical                                          | edu packscholar #2                                 | ation        | Unknown        |     3 | 2647.6800000000007 |  4410.999166666666
 Shoes                                              | mens                                               | importoedu pack #2                                 | eing         | Unknown        |     5 |            3014.64 |            4777.62
 Children                                           | toddlers                                           | exportiexporti #2                                  | ese          | Unknown        |     7 |            2487.31 |  4229.310833333332
 Shoes                                              | mens                                               | importoedu pack #2                                 | ation        | Unknown        |     2 | 2746.4800000000014 | 4475.1033333333335
 Shoes                                              | mens                                               | importoedu pack #2                                 | able         | Unknown        |     3 |            2917.51 |  4635.434166666666
 Children                                           | toddlers                                           | exportiexporti #1                                  | eing         | Unknown        |     6 |  827.9899999999998 |  2542.566666666667
 Children                                           | toddlers                                           | exportiexporti #2                                  | ese          | Unknown        |     5 | 2532.6099999999997 |  4229.310833333332
 Music                                              | classical                                          | edu packscholar #2                                 | ought        | Unknown        |     3 | 3022.5800000000004 |  4697.732499999999
 Children                                           | toddlers                                           | exportiexporti #1                                  | bar          | Unknown        |     7 |  954.9499999999998 |  2622.934166666667
 Children                                           | toddlers                                           | exportiexporti #2                                  | able         | Unknown        |     2 |  2335.080000000001 |  4000.320833333333
 Shoes                                              | mens                                               | importoedu pack #2                                 | able         | Unknown        |     5 | 2992.3699999999994 |  4635.434166666666
 Shoes                                              | mens                                               | importoedu pack #1                                 | able         | Unknown        |     6 |             808.69 |  2448.231666666667
 Children                                           | toddlers                                           | exportiexporti #1                                  | ese          | Unknown        |     1 |            1248.64 |  2884.406666666667
 Shoes                                              | mens                                               | importoedu pack #1                                 | ought        | Unknown        |     6 | 1044.7099999999998 |          2670.7975
 Shoes                                              | mens                                               | importoedu pack #2                                 | able         | Unknown        |     1 |               3034 |  4635.434166666666
 Shoes                                              | mens                                               | importoedu pack #1                                 | ese          | Unknown        |     3 |  717.3600000000001 |          2296.9625
 Children                                           | toddlers                                           | exportiexporti #1                                  | ought        | Unknown        |     4 | 1141.4099999999999 |  2710.483333333333
(100 rows)

UPDATE time_statistics SET e_time = TRANSACTION_TIMESTAMP() WHERE template = 'query89.tpl' AND stream = 3;
psql:/tmp/s1-basline/throughput/query_3.sql:28: NOTICE:  duration: 0.044 ms  plan:
Query Text: UPDATE time_statistics SET e_time = TRANSACTION_TIMESTAMP() WHERE template = 'query89.tpl' AND stream = 3;
Update on time_statistics  (cost=0.00..26.20 rows=0 width=0) (actual time=0.043..0.043 rows=0 loops=1)
  ->  Seq Scan on time_statistics  (cost=0.00..26.20 rows=1 width=14) (actual time=0.018..0.019 rows=1 loops=1)
        Filter: ((template = 'query89.tpl'::text) AND (stream = 3))
        Rows Removed by Filter: 9
UPDATE 1
LOAD 'auto_explain'; SET auto_explain.log_min_duration TO 0; SET auto_explain.log_analyze TO on; SET auto_explain.log_level TO notice; INSERT INTO time_statistics (template, s_time, stream, query, seed) VALUES ('../query_postgresql/query5.tpl', TRANSACTION_TIMESTAMP(), 3, 2, 964817532);
LOAD
SET
SET
SET
psql:/tmp/s1-basline/throughput/query_3.sql:29: NOTICE:  duration: 0.009 ms  plan:
Query Text: INSERT INTO time_statistics (template, s_time, stream, query, seed) VALUES ('../query_postgresql/query5.tpl', TRANSACTION_TIMESTAMP(), 3, 2, 964817532);
Insert on time_statistics  (cost=0.00..0.01 rows=0 width=0) (actual time=0.008..0.008 rows=0 loops=1)
  ->  Result  (cost=0.00..0.01 rows=1 width=64) (actual time=0.001..0.002 rows=1 loops=1)
INSERT 0 1
with ssr as
 (select s_store_id,
        sum(sales_price) as sales,
        sum(profit) as profit,
        sum(return_amt) as returns,
        sum(net_loss) as profit_loss
 from
  ( select  ss_store_sk as store_sk,
            ss_sold_date_sk  as date_sk,
            ss_ext_sales_price as sales_price,
            ss_net_profit as profit,
            cast(0 as decimal(7,2)) as return_amt,
            cast(0 as decimal(7,2)) as net_loss
    from store_sales
    union all
    select sr_store_sk as store_sk,
           sr_returned_date_sk as date_sk,
           cast(0 as decimal(7,2)) as sales_price,
           cast(0 as decimal(7,2)) as profit,
           sr_return_amt as return_amt,
           sr_net_loss as net_loss
    from store_returns
   ) salesreturns,
     date_dim,
     store
 where date_sk = d_date_sk
       and d_date between cast('1999-08-28' as date) 
                  and (cast('1999-08-28' as date) + interval '14 days')
       and store_sk = s_store_sk
 group by s_store_id)
 ,
 csr as
 (select cp_catalog_page_id,
        sum(sales_price) as sales,
        sum(profit) as profit,
        sum(return_amt) as returns,
        sum(net_loss) as profit_loss
 from
  ( select  cs_catalog_page_sk as page_sk,
            cs_sold_date_sk  as date_sk,
            cs_ext_sales_price as sales_price,
            cs_net_profit as profit,
            cast(0 as decimal(7,2)) as return_amt,
            cast(0 as decimal(7,2)) as net_loss
    from catalog_sales
    union all
    select cr_catalog_page_sk as page_sk,
           cr_returned_date_sk as date_sk,
           cast(0 as decimal(7,2)) as sales_price,
           cast(0 as decimal(7,2)) as profit,
           cr_return_amount as return_amt,
           cr_net_loss as net_loss
    from catalog_returns
   ) salesreturns,
     date_dim,
     catalog_page
 where date_sk = d_date_sk
       and d_date between cast('1999-08-28' as date)
                  and (cast('1999-08-28' as date) + interval '14 days')
       and page_sk = cp_catalog_page_sk
 group by cp_catalog_page_id)
 ,
 wsr as
 (select web_site_id,
        sum(sales_price) as sales,
        sum(profit) as profit,
        sum(return_amt) as returns,
        sum(net_loss) as profit_loss
 from
  ( select  ws_web_site_sk as wsr_web_site_sk,
            ws_sold_date_sk  as date_sk,
            ws_ext_sales_price as sales_price,
            ws_net_profit as profit,
            cast(0 as decimal(7,2)) as return_amt,
            cast(0 as decimal(7,2)) as net_loss
    from web_sales
    union all
    select ws_web_site_sk as wsr_web_site_sk,
           wr_returned_date_sk as date_sk,
           cast(0 as decimal(7,2)) as sales_price,
           cast(0 as decimal(7,2)) as profit,
           wr_return_amt as return_amt,
           wr_net_loss as net_loss
    from web_returns left outer join web_sales on
         ( wr_item_sk = ws_item_sk
           and wr_order_number = ws_order_number)
   ) salesreturns,
     date_dim,
     web_site
 where date_sk = d_date_sk
       and d_date between cast('1999-08-28' as date)
                  and (cast('1999-08-28' as date) + interval '14 days')
       and wsr_web_site_sk = web_site_sk
 group by web_site_id)
  select  channel
        , id
        , sum(sales) as sales
        , sum(returns) as returns
        , sum(profit) as profit
 from 
 (select 'store channel' as channel
        , 'store' || s_store_id as id
        , sales
        , returns
        , (profit - profit_loss) as profit
 from   ssr
 union all
 select 'catalog channel' as channel
        , 'catalog_page' || cp_catalog_page_id as id
        , sales
        , returns
        , (profit - profit_loss) as profit
 from  csr
 union all
 select 'web channel' as channel
        , 'web_site' || web_site_id as id
        , sales
        , returns
        , (profit - profit_loss) as profit
 from   wsr
 ) x
 group by rollup (channel, id)
 order by channel
         ,id
 limit 100;
psql:/tmp/s1-basline/throughput/query_3.sql:154: NOTICE:  duration: 2569.881 ms  plan:
Query Text: with ssr as
 (select s_store_id,
        sum(sales_price) as sales,
        sum(profit) as profit,
        sum(return_amt) as returns,
        sum(net_loss) as profit_loss
 from
  ( select  ss_store_sk as store_sk,
            ss_sold_date_sk  as date_sk,
            ss_ext_sales_price as sales_price,
            ss_net_profit as profit,
            cast(0 as decimal(7,2)) as return_amt,
            cast(0 as decimal(7,2)) as net_loss
    from store_sales
    union all
    select sr_store_sk as store_sk,
           sr_returned_date_sk as date_sk,
           cast(0 as decimal(7,2)) as sales_price,
           cast(0 as decimal(7,2)) as profit,
           sr_return_amt as return_amt,
           sr_net_loss as net_loss
    from store_returns
   ) salesreturns,
     date_dim,
     store
 where date_sk = d_date_sk
       and d_date between cast('1999-08-28' as date) 
                  and (cast('1999-08-28' as date) + interval '14 days')
       and store_sk = s_store_sk
 group by s_store_id)
 ,
 csr as
 (select cp_catalog_page_id,
        sum(sales_price) as sales,
        sum(profit) as profit,
        sum(return_amt) as returns,
        sum(net_loss) as profit_loss
 from
  ( select  cs_catalog_page_sk as page_sk,
            cs_sold_date_sk  as date_sk,
            cs_ext_sales_price as sales_price,
            cs_net_profit as profit,
            cast(0 as decimal(7,2)) as return_amt,
            cast(0 as decimal(7,2)) as net_loss
    from catalog_sales
    union all
    select cr_catalog_page_sk as page_sk,
           cr_returned_date_sk as date_sk,
           cast(0 as decimal(7,2)) as sales_price,
           cast(0 as decimal(7,2)) as profit,
           cr_return_amount as return_amt,
           cr_net_loss as net_loss
    from catalog_returns
   ) salesreturns,
     date_dim,
     catalog_page
 where date_sk = d_date_sk
       and d_date between cast('1999-08-28' as date)
                  and (cast('1999-08-28' as date) + interval '14 days')
       and page_sk = cp_catalog_page_sk
 group by cp_catalog_page_id)
 ,
 wsr as
 (select web_site_id,
        sum(sales_price) as sales,
        sum(profit) as profit,
        sum(return_amt) as returns,
        sum(net_loss) as profit_loss
 from
  ( select  ws_web_site_sk as wsr_web_site_sk,
            ws_sold_date_sk  as date_sk,
            ws_ext_sales_price as sales_price,
            ws_net_profit as profit,
            cast(0 as decimal(7,2)) as return_amt,
            cast(0 as decimal(7,2)) as net_loss
    from web_sales
    union all
    select ws_web_site_sk as wsr_web_site_sk,
           wr_returned_date_sk as date_sk,
           cast(0 as decimal(7,2)) as sales_price,
           cast(0 as decimal(7,2)) as profit,
           wr_return_amt as return_amt,
           wr_net_loss as net_loss
    from web_returns left outer join web_sales on
         ( wr_item_sk = ws_item_sk
           and wr_order_number = ws_order_number)
   ) salesreturns,
     date_dim,
     web_site
 where date_sk = d_date_sk
       and d_date between cast('1999-08-28' as date)
                  and (cast('1999-08-28' as date) + interval '14 days')
       and wsr_web_site_sk = web_site_sk
 group by web_site_id)
  select  channel
        , id
        , sum(sales) as sales
        , sum(returns) as returns
        , sum(profit) as profit
 from 
 (select 'store channel' as channel
        , 'store' || s_store_id as id
        , sales
        , returns
        , (profit - profit_loss) as profit
 from   ssr
 union all
 select 'catalog channel' as channel
        , 'catalog_page' || cp_catalog_page_id as id
        , sales
        , returns
        , (profit - profit_loss) as profit
 from  csr
 union all
 select 'web channel' as channel
        , 'web_site' || web_site_id as id
        , sales
        , returns
        , (profit - profit_loss) as profit
 from   wsr
 ) x
 group by rollup (channel, id)
 order by channel
         ,id
 limit 100;
Limit  (cost=223484.48..223496.61 rows=100 width=88) (actual time=2462.898..2569.802 rows=100 loops=1)
  ->  GroupAggregate  (cost=223484.48..223533.11 rows=401 width=88) (actual time=2462.898..2569.795 rows=100 loops=1)
        Group Key: ('store channel'::text), (('store'::text || (ssr.s_store_id)::text))
        Group Key: ('store channel'::text)
        Group Key: ()
        ->  Gather Merge  (cost=223484.48..223524.78 rows=346 width=88) (actual time=2462.889..2569.739 rows=101 loops=1)
              Workers Planned: 2
              Workers Launched: 2
              ->  Sort  (cost=222484.46..222484.81 rows=143 width=88) (actual time=1579.597..1579.618 rows=230 loops=3)
                    Sort Key: ('store channel'::text), (('store'::text || (ssr.s_store_id)::text))
                    Sort Method: quicksort  Memory: 26kB
                    Worker 0:  Sort Method: quicksort  Memory: 100kB
                    Worker 1:  Sort Method: quicksort  Memory: 25kB
                    ->  Parallel Append  (cost=3.11..222479.34 rows=143 width=88) (actual time=1564.711..1579.428 rows=236 loops=3)
                          ->  Subquery Scan on ssr  (cost=3.11..214693.93 rows=6 width=88) (actual time=2415.136..2453.838 rows=6 loops=1)
                                ->  GroupAggregate  (cost=3.11..214693.83 rows=6 width=49) (actual time=2415.132..2453.831 rows=6 loops=1)
                                      Group Key: store.s_store_id
                                      ->  Nested Loop  (cost=3.11..214693.28 rows=39 width=49) (actual time=8.228..2450.046 rows=30566 loops=1)
                                            Join Filter: ("*SELECT* 1".store_sk = store.s_store_sk)
                                            Rows Removed by Join Filter: 344626
                                            ->  Index Scan using i_s_store_id on store  (cost=0.14..3.62 rows=12 width=25) (actual time=0.062..0.071 rows=12 loops=1)
                                            ->  Materialize  (cost=2.98..214574.29 rows=650 width=40) (actual time=0.036..201.951 rows=31266 loops=12)
                                                  ->  Hash Join  (cost=2.98..214571.04 rows=650 width=40) (actual time=0.432..2401.352 rows=31266 loops=1)
                                                        Hash Cond: ("*SELECT* 1".date_sk = date_dim.d_date_sk)
                                                        ->  Append  (cost=0.00..174607.84 rows=3165128 width=48) (actual time=0.038..2203.132 rows=3165100 loops=1)
                                                              ->  Subquery Scan on "*SELECT* 1"  (cost=0.00..145080.90 rows=2877956 width=48) (actual time=0.037..1857.480 rows=2877928 loops=1)
                                                                    ->  Seq Scan on store_sales  (cost=0.00..101911.56 rows=2877956 width=60) (actual time=0.031..1031.471 rows=2877928 loops=1)
                                                              ->  Subquery Scan on "*SELECT* 2"  (cost=0.00..13701.30 rows=287172 width=48) (actual time=0.035..157.838 rows=287172 loops=1)
                                                                    ->  Seq Scan on store_returns  (cost=0.00..9393.72 rows=287172 width=60) (actual time=0.033..75.791 rows=287172 loops=1)
                                                        ->  Hash  (cost=2.79..2.79 rows=15 width=8) (actual time=0.112..0.113 rows=15 loops=1)
                                                              Buckets: 1024  Batches: 1  Memory Usage: 9kB
                                                              ->  Index Scan using i_d_date on date_dim  (cost=0.29..2.79 rows=15 width=8) (actual time=0.093..0.108 rows=15 loops=1)
                                                                    Index Cond: ((d_date >= '1999-08-28'::date) AND (d_date <= '1999-09-11 00:00:00'::timestamp without time zone))
                          ->  Subquery Scan on csr  (cost=125209.01..125222.82 rows=325 width=88) (actual time=1391.540..1395.226 rows=686 loops=1)
                                ->  GroupAggregate  (cost=125209.01..125217.14 rows=325 width=49) (actual time=1391.537..1395.031 rows=686 loops=1)
                                      Group Key: catalog_page.cp_catalog_page_id
                                      ->  Sort  (cost=125209.01..125209.82 rows=325 width=49) (actual time=1391.525..1392.238 rows=16031 loops=1)
                                            Sort Key: catalog_page.cp_catalog_page_id
                                            Worker 0:  Sort Method: quicksort  Memory: 1887kB
                                            ->  Nested Loop  (cost=3.26..125195.45 rows=325 width=49) (actual time=347.514..1364.662 rows=16031 loops=1)
                                                  ->  Hash Join  (cost=2.98..125097.08 rows=325 width=40) (actual time=347.457..1343.770 rows=16086 loops=1)
                                                        Hash Cond: ("*SELECT* 1_1".date_sk = date_dim_1.d_date_sk)
                                                        ->  Append  (cost=0.00..105099.45 rows=1583715 width=48) (actual time=0.039..1243.398 rows=1583718 loops=1)
                                                              ->  Subquery Scan on "*SELECT* 1_1"  (cost=0.00..89254.20 rows=1439408 width=48) (actual time=0.039..1058.487 rows=1439411 loops=1)
                                                                    ->  Seq Scan on catalog_sales  (cost=0.00..67663.08 rows=1439408 width=60) (actual time=0.032..645.287 rows=1439411 loops=1)
                                                              ->  Subquery Scan on "*SELECT* 2_1"  (cost=0.00..7926.67 rows=144307 width=48) (actual time=0.042..90.629 rows=144307 loops=1)
                                                                    ->  Seq Scan on catalog_returns  (cost=0.00..5762.07 rows=144307 width=60) (actual time=0.041..49.581 rows=144307 loops=1)
                                                        ->  Hash  (cost=2.79..2.79 rows=15 width=8) (actual time=0.109..0.110 rows=15 loops=1)
                                                              Buckets: 1024  Batches: 1  Memory Usage: 9kB
                                                              ->  Index Scan using i_d_date on date_dim date_dim_1  (cost=0.29..2.79 rows=15 width=8) (actual time=0.090..0.105 rows=15 loops=1)
                                                                    Index Cond: ((d_date >= '1999-08-28'::date) AND (d_date <= '1999-09-11 00:00:00'::timestamp without time zone))
                                                  ->  Index Scan using pk_catalog_page on catalog_page  (cost=0.29..0.30 rows=1 width=25) (actual time=0.001..0.001 rows=1 loops=16086)
                                                        Index Cond: (cp_catalog_page_sk = "*SELECT* 1_1".page_sk)
                          ->  Subquery Scan on wsr  (cost=97255.03..97255.80 rows=15 width=88) (actual time=887.455..889.153 rows=15 loops=1)
                                ->  GroupAggregate  (cost=97255.03..97255.54 rows=15 width=49) (actual time=887.451..889.143 rows=15 loops=1)
                                      Group Key: web_site.web_site_id
                                      ->  Sort  (cost=97255.03..97255.09 rows=24 width=49) (actual time=887.331..887.707 rows=8790 loops=1)
                                            Sort Key: web_site.web_site_id
                                            Sort Method: quicksort  Memory: 1208kB
                                            ->  Nested Loop  (cost=2.98..97254.48 rows=24 width=49) (actual time=0.696..881.310 rows=8790 loops=1)
                                                  Join Filter: ("*SELECT* 1_2".wsr_web_site_sk = web_site.web_site_sk)
                                                  Rows Removed by Join Filter: 117561
                                                  ->  Hash Join  (cost=2.98..97179.62 rows=162 width=40) (actual time=0.669..868.068 rows=8790 loops=1)
                                                        Hash Cond: ("*SELECT* 1_2".date_sk = date_dim_2.d_date_sk)
                                                        ->  Append  (cost=0.00..87186.50 rows=791289 width=48) (actual time=0.008..815.805 rows=791289 loops=1)
                                                              ->  Subquery Scan on "*SELECT* 1_2"  (cost=0.00..44633.85 rows=719474 width=48) (actual time=0.008..473.080 rows=719474 loops=1)
                                                                    ->  Seq Scan on web_sales  (cost=0.00..33841.74 rows=719474 width=60) (actual time=0.005..266.843 rows=719474 loops=1)
                                                              ->  Subquery Scan on "*SELECT* 2_2"  (cost=0.43..38596.20 rows=71815 width=48) (actual time=0.042..295.651 rows=71815 loops=1)
                                                                    ->  Nested Loop Left Join  (cost=0.43..37518.98 rows=71815 width=60) (actual time=0.041..270.856 rows=71815 loops=1)
                                                                          ->  Seq Scan on web_returns  (cost=0.00..2610.15 rows=71815 width=40) (actual time=0.010..7.418 rows=71815 loops=1)
                                                                          ->  Memoize  (cost=0.43..0.90 rows=1 width=24) (actual time=0.003..0.003 rows=1 loops=71815)
                                                                                Cache Key: web_returns.wr_item_sk, web_returns.wr_order_number
                                                                                Cache Mode: logical
                                                                                Hits: 0  Misses: 71815  Evictions: 0  Overflows: 0  Memory Usage: 9538kB
                                                                                ->  Index Scan using pk_web_sales on web_sales web_sales_1  (cost=0.42..0.89 rows=1 width=24) (actual time=0.003..0.003 rows=1 loops=71815)
                                                                                      Index Cond: ((ws_item_sk = web_returns.wr_item_sk) AND (ws_order_number = web_returns.wr_order_number))
                                                        ->  Hash  (cost=2.79..2.79 rows=15 width=8) (actual time=0.038..0.038 rows=15 loops=1)
                                                              Buckets: 1024  Batches: 1  Memory Usage: 9kB
                                                              ->  Index Scan using i_d_date on date_dim date_dim_2  (cost=0.29..2.79 rows=15 width=8) (actual time=0.026..0.031 rows=15 loops=1)
                                                                    Index Cond: ((d_date >= '1999-08-28'::date) AND (d_date <= '1999-09-11 00:00:00'::timestamp without time zone))
                                                  ->  Materialize  (cost=0.00..2.45 rows=30 width=25) (actual time=0.000..0.001 rows=14 loops=8790)
                                                        ->  Seq Scan on web_site  (cost=0.00..2.30 rows=30 width=25) (actual time=0.016..0.020 rows=28 loops=1)
     channel     |              id              |       sales        |      returns       |       profit        
-----------------+------------------------------+--------------------+--------------------+---------------------
 catalog channel | catalog_pageAAAAAAAAAAIAAAAA |                  0 |            7295.37 |            -3485.05
 catalog channel | catalog_pageAAAAAAAAAALAAAAA | 29514.610000000004 |                  0 |             3894.39
 catalog channel | catalog_pageAAAAAAAAABIAAAAA | 214205.23000000004 |                375 |  12896.540000000006
 catalog channel | catalog_pageAAAAAAAAABLAAAAA | 30161.050000000007 |                  0 |           -10776.38
 catalog channel | catalog_pageAAAAAAAAACIAAAAA | 187116.50999999995 |            9503.59 |  -936.0099999999966
 catalog channel | catalog_pageAAAAAAAAACLAAAAA | 11923.650000000001 |                  0 |            -7344.22
 catalog channel | catalog_pageAAAAAAAAADIAAAAA |          189906.37 |              270.6 | -15242.139999999994
 catalog channel | catalog_pageAAAAAAAAADLAAAAA | 26789.079999999998 |                  0 | -10354.300000000003
 catalog channel | catalog_pageAAAAAAAAAEIAAAAA | 163879.32000000007 |           12863.42 | -27622.629999999997
 catalog channel | catalog_pageAAAAAAAAAEJAAAAA |                  0 |              47.54 |             -108.62
 catalog channel | catalog_pageAAAAAAAAAELAAAAA | 23079.299999999996 |                  0 |  1083.9700000000003
 catalog channel | catalog_pageAAAAAAAAAFIAAAAA |          147572.55 | 7253.6900000000005 |           -40987.39
 catalog channel | catalog_pageAAAAAAAAAFLAAAAA |           37167.69 |                  0 |   4437.049999999999
 catalog channel | catalog_pageAAAAAAAAAGBAAAAA |                  0 |             377.66 |            -1124.88
 catalog channel | catalog_pageAAAAAAAAAGIAAAAA | 104055.12999999999 |                  0 | -56070.469999999994
 catalog channel | catalog_pageAAAAAAAAAGJAAAAA |                  0 |              368.6 |              -75.44
 catalog channel | catalog_pageAAAAAAAAAGLAAAAA | 18780.260000000002 |                  0 |  3451.7499999999995
 catalog channel | catalog_pageAAAAAAAAAHIAAAAA | 148975.97999999998 |                  0 | -58101.469999999994
 catalog channel | catalog_pageAAAAAAAAAHJAAAAA |                  0 |                883 |             -316.36
 catalog channel | catalog_pageAAAAAAAAAIBAAAAA |                  0 |              47.25 |              -63.51
 catalog channel | catalog_pageAAAAAAAAAIEAAAAA |                  0 |             4002.5 |            -1896.74
 catalog channel | catalog_pageAAAAAAAAAIIAAAAA |  80286.34000000003 |                  0 |           -16376.61
 catalog channel | catalog_pageAAAAAAAAAIKAAAAA |                  0 |             489.45 |             -319.44
 catalog channel | catalog_pageAAAAAAAAAJAAAAAA |                  0 |            3649.62 |            -1395.31
 catalog channel | catalog_pageAAAAAAAAAJIAAAAA |           66184.73 |                  0 |  -4603.450000000002
 catalog channel | catalog_pageAAAAAAAAAJKAAAAA |  55666.44000000002 |                  0 | -16071.929999999997
 catalog channel | catalog_pageAAAAAAAAAKBAAAAA |                  0 |  932.2099999999999 |            -2089.66
 catalog channel | catalog_pageAAAAAAAAAKHAAAAA |                  0 |              365.3 |             -743.34
 catalog channel | catalog_pageAAAAAAAAAKIAAAAA |            84204.7 |               7.56 | -15715.660000000003
 catalog channel | catalog_pageAAAAAAAAAKJAAAAA |                  0 |             756.26 |            -1998.63
 catalog channel | catalog_pageAAAAAAAAAKKAAAAA |           88936.76 |                  0 | -18314.460000000003
 catalog channel | catalog_pageAAAAAAAAALBAAAAA |                  0 |            1189.44 |              -148.4
 catalog channel | catalog_pageAAAAAAAAALEAAAAA |                  0 |               6525 |             -527.41
 catalog channel | catalog_pageAAAAAAAAALHAAAAA |                  0 | 3104.4300000000003 |            -4139.41
 catalog channel | catalog_pageAAAAAAAAALIAAAAA |  87952.33000000002 |                  0 |            -9497.18
 catalog channel | catalog_pageAAAAAAAAALKAAAAA |  78508.36000000002 |                  0 |  2469.8900000000003
 catalog channel | catalog_pageAAAAAAAAAMHAAAAA |                  0 |            11949.9 | -10750.779999999999
 catalog channel | catalog_pageAAAAAAAAAMIAAAAA |           84210.04 |                  0 | -32797.770000000004
 catalog channel | catalog_pageAAAAAAAAAMKAAAAA |           30855.27 |                  0 | -3161.6600000000008
 catalog channel | catalog_pageAAAAAAAAANAAAAAA |                  0 |             830.61 |             -535.89
 catalog channel | catalog_pageAAAAAAAAANHAAAAA |                  0 |           17080.34 |            -8411.64
 catalog channel | catalog_pageAAAAAAAAANIAAAAA |           131302.3 |                  0 |  -9191.629999999996
 catalog channel | catalog_pageAAAAAAAAANKAAAAA |           45933.63 |                  0 | -21615.920000000002
 catalog channel | catalog_pageAAAAAAAAAOEAAAAA |                  0 |             779.04 |             -870.59
 catalog channel | catalog_pageAAAAAAAAAOHAAAAA |                  0 |  6253.719999999999 |            -6948.44
 catalog channel | catalog_pageAAAAAAAAAOKAAAAA |  69721.41999999998 |                  0 |             1807.06
 catalog channel | catalog_pageAAAAAAAAAPEAAAAA |                  0 |            1484.52 |            -5435.01
 catalog channel | catalog_pageAAAAAAAAAPHAAAAA |                  0 |            1671.58 |             -907.71
 catalog channel | catalog_pageAAAAAAAAAPKAAAAA |           65779.71 |                  0 |  1435.4399999999987
 catalog channel | catalog_pageAAAAAAAABAIAAAAA |                  0 |            4574.96 | -1914.8000000000002
 catalog channel | catalog_pageAAAAAAAABALAAAAA |           31531.17 |                  0 |  -2477.099999999999
 catalog channel | catalog_pageAAAAAAAABBIAAAAA |          151037.29 |             1958.4 |           -17352.38
 catalog channel | catalog_pageAAAAAAAABBLAAAAA |            16181.9 |                  0 |           -17277.97
 catalog channel | catalog_pageAAAAAAAABCIAAAAA | 117135.52999999998 |            2106.59 |           -26721.06
 catalog channel | catalog_pageAAAAAAAABCLAAAAA | 20288.940000000002 |                  0 | -3073.0800000000004
 catalog channel | catalog_pageAAAAAAAABDIAAAAA |          149858.79 |            1563.15 |   5021.929999999991
 catalog channel | catalog_pageAAAAAAAABDLAAAAA | 18575.820000000003 |                  0 |  -404.3900000000003
 catalog channel | catalog_pageAAAAAAAABEIAAAAA | 204239.75000000006 |             2615.2 |  -5425.609999999998
 catalog channel | catalog_pageAAAAAAAABEJAAAAA |                  0 |            4183.33 |            -2004.69
 catalog channel | catalog_pageAAAAAAAABELAAAAA |           23185.06 |                  0 | -1182.3100000000009
 catalog channel | catalog_pageAAAAAAAABFIAAAAA | 158867.21999999997 |             477.01 |           -37265.25
 catalog channel | catalog_pageAAAAAAAABFJAAAAA |                  0 |             351.88 | -1854.2800000000002
 catalog channel | catalog_pageAAAAAAAABFKAAAAA |                  0 |             817.76 |             -418.83
 catalog channel | catalog_pageAAAAAAAABFLAAAAA | 26210.969999999998 |                  0 |            -5889.77
 catalog channel | catalog_pageAAAAAAAABGIAAAAA |          100136.71 |            1106.27 |           -33307.75
 catalog channel | catalog_pageAAAAAAAABGLAAAAA |           31974.16 |                  0 |  -641.3099999999997
 catalog channel | catalog_pageAAAAAAAABHIAAAAA | 117070.43999999997 |             793.83 | -10230.779999999999
 catalog channel | catalog_pageAAAAAAAABIAAAAAA |                  0 |             600.24 |             -448.19
 catalog channel | catalog_pageAAAAAAAABIIAAAAA | 61489.719999999994 |                  0 |  -947.4499999999992
 catalog channel | catalog_pageAAAAAAAABIKAAAAA |                  0 |             1091.2 |             -516.74
 catalog channel | catalog_pageAAAAAAAABJIAAAAA |           78179.15 |                  0 |   4066.989999999999
 catalog channel | catalog_pageAAAAAAAABJKAAAAA |           68363.53 |                  0 |  -2265.269999999997
 catalog channel | catalog_pageAAAAAAAABKHAAAAA |                  0 |             1739.9 | -496.15999999999997
 catalog channel | catalog_pageAAAAAAAABKIAAAAA |  89124.26000000001 |                  0 |            -4282.54
 catalog channel | catalog_pageAAAAAAAABKKAAAAA |           49814.37 |                  0 |  -9417.320000000002
 catalog channel | catalog_pageAAAAAAAABLHAAAAA |                  0 |            1852.94 |             -454.89
 catalog channel | catalog_pageAAAAAAAABLIAAAAA | 116985.43999999997 |                  0 |  -8919.800000000003
 catalog channel | catalog_pageAAAAAAAABLJAAAAA |                  0 |            3927.02 |            -2640.92
 catalog channel | catalog_pageAAAAAAAABLKAAAAA |  44182.38000000001 |                  0 |  -4191.280000000001
 catalog channel | catalog_pageAAAAAAAABMEAAAAA |                  0 |               23.2 |              -121.7
 catalog channel | catalog_pageAAAAAAAABMHAAAAA |                  0 |            2610.16 | -3079.4300000000003
 catalog channel | catalog_pageAAAAAAAABMIAAAAA |  99656.68000000002 |              13.02 |  2823.3899999999903
 catalog channel | catalog_pageAAAAAAAABMKAAAAA |  90893.69999999998 |                  0 |   645.7400000000011
 catalog channel | catalog_pageAAAAAAAABNEAAAAA |                  0 |              31.03 |             -124.38
 catalog channel | catalog_pageAAAAAAAABNHAAAAA |                  0 |           11323.55 | -10420.710000000001
 catalog channel | catalog_pageAAAAAAAABNIAAAAA |  99246.68999999999 |                  0 | -21131.590000000004
 catalog channel | catalog_pageAAAAAAAABNJAAAAA |                  0 |             556.79 |             -160.51
 catalog channel | catalog_pageAAAAAAAABNKAAAAA | 38342.979999999996 |                  0 | -10372.240000000002
 catalog channel | catalog_pageAAAAAAAABOHAAAAA |                  0 |  7177.750000000001 |            -6229.82
 catalog channel | catalog_pageAAAAAAAABOKAAAAA |           51897.06 |                  0 | -19269.000000000004
 catalog channel | catalog_pageAAAAAAAABPHAAAAA |                  0 |  703.5400000000001 |             -759.22
 catalog channel | catalog_pageAAAAAAAABPKAAAAA |  77391.99000000002 |             588.35 | -4805.0599999999995
 catalog channel | catalog_pageAAAAAAAACAIAAAAA |                  0 |             343.45 |             -306.26
 catalog channel | catalog_pageAAAAAAAACALAAAAA | 42437.759999999995 |                  0 |           -18718.01
 catalog channel | catalog_pageAAAAAAAACBIAAAAA | 187232.90000000002 |             733.02 |   5401.359999999999
 catalog channel | catalog_pageAAAAAAAACBLAAAAA | 27100.940000000002 |                  0 |  -7121.910000000001
 catalog channel | catalog_pageAAAAAAAACCIAAAAA | 107636.42000000001 | 3756.3900000000003 | -22322.899999999994
 catalog channel | catalog_pageAAAAAAAACCLAAAAA |           30295.85 |                  0 |  -6598.940000000001
 catalog channel | catalog_pageAAAAAAAACDIAAAAA |          138049.14 |            4853.05 |           -12741.36
 catalog channel | catalog_pageAAAAAAAACDLAAAAA |  9595.539999999999 |                  0 | -170.84999999999997
(100 rows)

UPDATE time_statistics SET e_time = TRANSACTION_TIMESTAMP() WHERE template = '../query_postgresql/query5.tpl' AND stream = 3;
psql:/tmp/s1-basline/throughput/query_3.sql:156: NOTICE:  duration: 0.026 ms  plan:
Query Text: UPDATE time_statistics SET e_time = TRANSACTION_TIMESTAMP() WHERE template = '../query_postgresql/query5.tpl' AND stream = 3;
Update on time_statistics  (cost=0.00..26.20 rows=0 width=0) (actual time=0.025..0.025 rows=0 loops=1)
  ->  Seq Scan on time_statistics  (cost=0.00..26.20 rows=1 width=14) (actual time=0.012..0.012 rows=1 loops=1)
        Filter: ((template = '../query_postgresql/query5.tpl'::text) AND (stream = 3))
        Rows Removed by Filter: 12
UPDATE 1
LOAD 'auto_explain'; SET auto_explain.log_min_duration TO 0; SET auto_explain.log_analyze TO on; SET auto_explain.log_level TO notice; INSERT INTO time_statistics (template, s_time, stream, query, seed) VALUES ('query52.tpl', TRANSACTION_TIMESTAMP(), 3, 3, 259906760);
LOAD
SET
SET
SET
psql:/tmp/s1-basline/throughput/query_3.sql:157: NOTICE:  duration: 0.009 ms  plan:
Query Text: INSERT INTO time_statistics (template, s_time, stream, query, seed) VALUES ('query52.tpl', TRANSACTION_TIMESTAMP(), 3, 3, 259906760);
Insert on time_statistics  (cost=0.00..0.01 rows=0 width=0) (actual time=0.008..0.009 rows=0 loops=1)
  ->  Result  (cost=0.00..0.01 rows=1 width=64) (actual time=0.001..0.002 rows=1 loops=1)
INSERT 0 1
select  dt.d_year
 	,item.i_brand_id brand_id
 	,item.i_brand brand
 	,sum(ss_ext_sales_price) ext_price
 from date_dim dt
     ,store_sales
     ,item
 where dt.d_date_sk = store_sales.ss_sold_date_sk
    and store_sales.ss_item_sk = item.i_item_sk
    and item.i_manager_id = 1
    and dt.d_moy=11
    and dt.d_year=2000
 group by dt.d_year
 	,item.i_brand
 	,item.i_brand_id
 order by dt.d_year
 	,ext_price desc
 	,brand_id
limit 100 ;
psql:/tmp/s1-basline/throughput/query_3.sql:176: NOTICE:  duration: 190.447 ms  plan:
Query Text: select  dt.d_year
 	,item.i_brand_id brand_id
 	,item.i_brand brand
 	,sum(ss_ext_sales_price) ext_price
 from date_dim dt
     ,store_sales
     ,item
 where dt.d_date_sk = store_sales.ss_sold_date_sk
    and store_sales.ss_item_sk = item.i_item_sk
    and item.i_manager_id = 1
    and dt.d_moy=11
    and dt.d_year=2000
 group by dt.d_year
 	,item.i_brand
 	,item.i_brand_id
 order by dt.d_year
 	,ext_price desc
 	,brand_id
limit 100 ;
Limit  (cost=41150.69..41150.73 rows=19 width=67) (actual time=190.379..190.391 rows=100 loops=1)
  ->  Sort  (cost=41150.69..41150.73 rows=19 width=67) (actual time=190.379..190.384 rows=100 loops=1)
        Sort Key: (sum(store_sales.ss_ext_sales_price)) DESC, item.i_brand_id
        Sort Method: quicksort  Memory: 42kB
        ->  GroupAggregate  (cost=41149.85..41150.28 rows=19 width=67) (actual time=189.933..190.335 rows=122 loops=1)
              Group Key: dt.d_year, item.i_brand, item.i_brand_id
              ->  Sort  (cost=41149.85..41149.90 rows=19 width=67) (actual time=189.922..189.996 rows=1559 loops=1)
                    Sort Key: item.i_brand, item.i_brand_id
                    Sort Method: quicksort  Memory: 219kB
                    ->  Nested Loop  (cost=0.72..41149.45 rows=19 width=67) (actual time=4.795..188.014 rows=1559 loops=1)
                          ->  Nested Loop  (cost=0.43..40813.12 rows=1092 width=20) (actual time=4.769..50.950 rows=86837 loops=1)
                                ->  Seq Scan on date_dim dt  (cost=0.00..2500.73 rows=29 width=12) (actual time=4.748..10.258 rows=30 loops=1)
                                      Filter: ((d_moy = 11) AND (d_year = 2000))
                                      Rows Removed by Filter: 73019
                                ->  Index Scan using i_ss_sold_date_sk on store_sales  (cost=0.43..1306.04 rows=1508 width=24) (actual time=0.006..0.941 rows=2895 loops=30)
                                      Index Cond: (ss_sold_date_sk = dt.d_date_sk)
                          ->  Index Scan using pk_item on item  (cost=0.29..0.31 rows=1 width=63) (actual time=0.001..0.001 rows=0 loops=86837)
                                Index Cond: (i_item_sk = store_sales.ss_item_sk)
                                Filter: (i_manager_id = 1)
                                Rows Removed by Filter: 1
 d_year | brand_id |                       brand                        |     ext_price      
--------+----------+----------------------------------------------------+--------------------
   2000 |  4001002 | amalgedu pack #2                                   |  83269.72000000002
   2000 |  1004002 | edu packamalg #2                                   |           74718.78
   2000 |  3004002 | edu packexporti #2                                 |           68993.21
   2000 |  2001002 | amalgimporto #2                                    |           68521.11
   2000 |  1003002 | exportiamalg #2                                    | 64050.049999999996
   2000 |  5003001 | exportischolar #1                                  |  61672.06999999999
   2000 |  2004002 | edu packimporto #2                                 |           55649.96
   2000 |  3002002 | importoexporti #2                                  |  51226.51000000001
   2000 |  6001001 | amalgnameless #2                                   |           49539.02
   2000 |  1002002 | importoamalg #2                                    |           49455.13
   2000 |  5003002 | exportischolar #2                                  |  48786.30000000001
   2000 |  3003001 | exportiexporti #1                                  |  47627.16000000001
   2000 |  4003001 | exportiedu pack #1                                 | 45737.569999999985
   2000 | 10001009 | amalgunivamalg #9                                  |  44096.61999999999
   2000 |  1004001 | edu packamalg #1                                   |           42507.62
   2000 |  8014005 | edu packmaxi #5                                    |           41007.48
   2000 |  4002002 | importoedu pack #2                                 |           40835.69
   2000 |  5004001 | edu packunivamalg #6                               |           40421.76
   2000 | 10009016 | amalgamalg #2                                      |           40312.07
   2000 |  2002001 | importoimporto #1                                  | 39353.979999999996
   2000 |  3001001 | amalgedu pack #2                                   |           38525.83
   2000 |  6004008 | edu packcorp #8                                    |           38492.61
   2000 |  3003002 | exportiexporti #2                                  |  38159.33000000001
   2000 |  9006003 | corpmaxi #3                                        |           35790.17
   2000 |  2003001 | amalgmaxi #6                                       |           34946.81
   2000 |  9004008 | edu packmaxi #8                                    | 33969.270000000004
   2000 |  3002001 | importoexporti #1                                  |           33686.11
   2000 |  8015006 | scholarmaxi #6                                     |           33479.68
   2000 |  4004002 | edu packedu pack #2                                |           33163.71
   2000 |  2002001 | edu packexporti #2                                 |           32655.41
   2000 |  6003007 | edu packscholar #2                                 | 31924.059999999998
   2000 |  3001001 | amalgexporti #1                                    | 31806.829999999998
   2000 |  1002001 | importoamalg #1                                    | 31397.719999999998
   2000 | 10004015 | edu packunivamalg #15                              |           31131.86
   2000 |  6014002 | edu packbrand #2                                   |            30298.4
   2000 | 10002017 | importounivamalg #17                               | 30274.140000000003
   2000 |  6011001 | amalgbrand #1                                      | 29930.750000000004
   2000 | 10013001 | exportiamalgamalg #1                               |           28312.78
   2000 |  2004001 | corpunivamalg #6                                   |           28107.07
   2000 |  8014008 | edu packmaxi #8                                    | 27722.479999999996
   2000 |  8014001 | edu packmaxi #1                                    |           26729.57
   2000 |  9005002 | scholarmaxi #2                                     | 26496.870000000003
   2000 |  2003002 | exportiimporto #2                                  |            26367.2
   2000 |  8011001 | exportiamalg #2                                    |           26072.03
   2000 |  6008003 | namelesscorp #3                                    |           25888.97
   2000 |  6002007 | importocorp #7                                     | 25885.620000000003
   2000 |  6014003 | brandbrand #8                                      |           25832.39
   2000 |  1001002 | amalgamalg #2                                      | 25810.269999999997
   2000 |  1002001 | maxinameless #10                                   |           25148.73
   2000 |  4001001 | exportiexporti #2                                  |           24500.44
   2000 |  2002002 | importoimporto #2                                  | 24300.370000000003
   2000 |  4003001 | exportimaxi #6                                     |           23769.96
   2000 | 10012003 | importoamalgamalg #3                               |           23324.48
   2000 |  8006001 | corpnameless #1                                    |           22762.02
   2000 |  1001001 | amalgamalg #1                                      |           22189.21
   2000 |  7002010 | importobrand #10                                   |           21890.75
   2000 |  5004002 | edu packscholar #2                                 |           21786.45
   2000 |  6004001 | edu packcorp #1                                    | 21557.379999999997
   2000 |  4002001 | amalgamalgamalg #10                                |           21426.93
   2000 | 10009005 | maxiunivamalg #5                                   |           21375.73
   2000 |  9005008 | scholarmaxi #8                                     |           21064.89
   2000 |  6001008 | amalgcorp #8                                       |           20711.32
   2000 | 10012001 | amalgamalg #2                                      | 20590.030000000002
   2000 |  7014008 | edu packnameless #8                                | 20475.839999999997
   2000 |  6013003 | importoimporto #2                                  | 20469.659999999996
   2000 |  6015006 | scholarbrand #6                                    |           20016.82
   2000 |  8013003 | exportimaxi #3                                     |           19703.82
   2000 |  9001009 | amalgmaxi #9                                       |           19649.02
   2000 |  4003001 | maxibrand #10                                      |           19536.55
   2000 | 10006012 | corpunivamalg #12                                  | 19513.260000000002
   2000 |  2004001 | edu packimporto #1                                 | 19445.000000000004
   2000 |  7011003 | scholarunivamalg #6                                | 19442.210000000003
   2000 |  2004001 | exportiedu pack #2                                 | 18301.289999999997
   2000 |  8003009 | importounivamalg #6                                |           18291.23
   2000 |  6001001 | amalgcorp #1                                       | 17707.940000000002
   2000 |  8006007 | namelessunivamalg #8                               |           17705.84
   2000 |  6008001 | namelesscorp #1                                    |           17179.25
   2000 |  2002001 | importocorp #2                                     | 16932.510000000002
   2000 | 10006009 | amalgedu pack #2                                   | 16737.489999999998
   2000 |  9012002 | importounivamalg #2                                |           16620.44
   2000 |  3002001 | univamalgamalg #10                                 |           16581.32
   2000 |  6013004 | exportibrand #4                                    |           16556.88
   2000 |  7002006 | importobrand #6                                    |           15900.85
   2000 |  9001005 | exportiexporti #2                                  |           15007.25
   2000 |  4002001 | importoedu pack #1                                 | 14901.569999999998
   2000 |  1004001 | scholaramalgamalg #11                              | 14664.280000000002
   2000 |  7007010 | brandbrand #10                                     |           14643.27
   2000 |  1003001 | exportiamalg #1                                    |           14445.92
   2000 |  2001001 | edu packmaxi #12                                   |           14358.06
   2000 | 10002010 | importounivamalg #10                               | 13994.429999999998
   2000 |  3004001 | amalgexporti #2                                    |           13828.93
   2000 |  5004001 | edu packnameless #4                                | 13509.639999999998
   2000 |  7002004 | importobrand #4                                    | 13276.390000000001
   2000 | 10005015 | scholarunivamalg #15                               | 13022.449999999997
   2000 | 10004005 | edu packunivamalg #5                               |           12989.22
   2000 |  6012005 | importobrand #5                                    | 12570.470000000001
   2000 |  9001005 | amalgedu pack #2                                   |           12479.93
   2000 |  5002002 | importoscholar #2                                  |           12391.36
   2000 |  7016004 | corpnameless #4                                    | 11699.779999999999
   2000 |  9004005 | edu packscholar #2                                 | 11553.929999999998
(100 rows)

UPDATE time_statistics SET e_time = TRANSACTION_TIMESTAMP() WHERE template = 'query52.tpl' AND stream = 3;
psql:/tmp/s1-basline/throughput/query_3.sql:178: NOTICE:  duration: 0.027 ms  plan:
Query Text: UPDATE time_statistics SET e_time = TRANSACTION_TIMESTAMP() WHERE template = 'query52.tpl' AND stream = 3;
Update on time_statistics  (cost=0.00..26.20 rows=0 width=0) (actual time=0.026..0.026 rows=0 loops=1)
  ->  Seq Scan on time_statistics  (cost=0.00..26.20 rows=1 width=14) (actual time=0.010..0.011 rows=1 loops=1)
        Filter: ((template = 'query52.tpl'::text) AND (stream = 3))
        Rows Removed by Filter: 13
UPDATE 1
LOAD 'auto_explain'; SET auto_explain.log_min_duration TO 0; SET auto_explain.log_analyze TO on; SET auto_explain.log_level TO notice; INSERT INTO time_statistics (template, s_time, stream, query, seed) VALUES ('query62.tpl', TRANSACTION_TIMESTAMP(), 3, 4, 271177322);
LOAD
SET
SET
SET
psql:/tmp/s1-basline/throughput/query_3.sql:179: NOTICE:  duration: 0.009 ms  plan:
Query Text: INSERT INTO time_statistics (template, s_time, stream, query, seed) VALUES ('query62.tpl', TRANSACTION_TIMESTAMP(), 3, 4, 271177322);
Insert on time_statistics  (cost=0.00..0.01 rows=0 width=0) (actual time=0.008..0.008 rows=0 loops=1)
  ->  Result  (cost=0.00..0.01 rows=1 width=64) (actual time=0.001..0.001 rows=1 loops=1)
INSERT 0 1
select  
   substr(w_warehouse_name,1,20)
  ,sm_type
  ,web_name
  ,sum(case when (ws_ship_date_sk - ws_sold_date_sk <= 30 ) then 1 else 0 end)  as "30 days" 
  ,sum(case when (ws_ship_date_sk - ws_sold_date_sk > 30) and 
                 (ws_ship_date_sk - ws_sold_date_sk <= 60) then 1 else 0 end )  as "31-60 days" 
  ,sum(case when (ws_ship_date_sk - ws_sold_date_sk > 60) and 
                 (ws_ship_date_sk - ws_sold_date_sk <= 90) then 1 else 0 end)  as "61-90 days" 
  ,sum(case when (ws_ship_date_sk - ws_sold_date_sk > 90) and
                 (ws_ship_date_sk - ws_sold_date_sk <= 120) then 1 else 0 end)  as "91-120 days" 
  ,sum(case when (ws_ship_date_sk - ws_sold_date_sk  > 120) then 1 else 0 end)  as ">120 days" 
from
   web_sales
  ,warehouse
  ,ship_mode
  ,web_site
  ,date_dim
where
    d_month_seq between 1179 and 1179 + 11
and ws_ship_date_sk   = d_date_sk
and ws_warehouse_sk   = w_warehouse_sk
and ws_ship_mode_sk   = sm_ship_mode_sk
and ws_web_site_sk    = web_site_sk
group by
   substr(w_warehouse_name,1,20)
  ,sm_type
  ,web_name
order by substr(w_warehouse_name,1,20)
        ,sm_type
       ,web_name
limit 100;
psql:/tmp/s1-basline/throughput/query_3.sql:211: NOTICE:  duration: 227.587 ms  plan:
Query Text: select  
   substr(w_warehouse_name,1,20)
  ,sm_type
  ,web_name
  ,sum(case when (ws_ship_date_sk - ws_sold_date_sk <= 30 ) then 1 else 0 end)  as "30 days" 
  ,sum(case when (ws_ship_date_sk - ws_sold_date_sk > 30) and 
                 (ws_ship_date_sk - ws_sold_date_sk <= 60) then 1 else 0 end )  as "31-60 days" 
  ,sum(case when (ws_ship_date_sk - ws_sold_date_sk > 60) and 
                 (ws_ship_date_sk - ws_sold_date_sk <= 90) then 1 else 0 end)  as "61-90 days" 
  ,sum(case when (ws_ship_date_sk - ws_sold_date_sk > 90) and
                 (ws_ship_date_sk - ws_sold_date_sk <= 120) then 1 else 0 end)  as "91-120 days" 
  ,sum(case when (ws_ship_date_sk - ws_sold_date_sk  > 120) then 1 else 0 end)  as ">120 days" 
from
   web_sales
  ,warehouse
  ,ship_mode
  ,web_site
  ,date_dim
where
    d_month_seq between 1179 and 1179 + 11
and ws_ship_date_sk   = d_date_sk
and ws_warehouse_sk   = w_warehouse_sk
and ws_ship_mode_sk   = sm_ship_mode_sk
and ws_web_site_sk    = web_site_sk
group by
   substr(w_warehouse_name,1,20)
  ,sm_type
  ,web_name
order by substr(w_warehouse_name,1,20)
        ,sm_type
       ,web_name
limit 100;
Limit  (cost=34044.98..34138.81 rows=100 width=110) (actual time=193.437..227.511 rows=100 loops=1)
  ->  Finalize GroupAggregate  (cost=34044.98..34185.73 rows=150 width=110) (actual time=193.436..227.502 rows=100 loops=1)
        Group Key: (substr((warehouse.w_warehouse_name)::text, 1, 20)), ship_mode.sm_type, web_site.web_name
        ->  Gather Merge  (cost=34044.98..34177.86 rows=300 width=110) (actual time=193.204..227.383 rows=301 loops=1)
              Workers Planned: 2
              Workers Launched: 2
              ->  Partial GroupAggregate  (cost=33044.96..33143.21 rows=150 width=110) (actual time=174.889..191.749 rows=134 loops=3)
                    Group Key: (substr((warehouse.w_warehouse_name)::text, 1, 20)), ship_mode.sm_type, web_site.web_name
                    ->  Sort  (cost=33044.96..33048.81 rows=1542 width=86) (actual time=174.714..176.610 rows=40478 loops=3)
                          Sort Key: (substr((warehouse.w_warehouse_name)::text, 1, 20)), ship_mode.sm_type, web_site.web_name
                          Sort Method: quicksort  Memory: 8747kB
                          Worker 0:  Sort Method: quicksort  Memory: 5786kB
                          Worker 1:  Sort Method: quicksort  Memory: 5860kB
                          ->  Hash Join  (cost=2510.67..32963.30 rows=1542 width=86) (actual time=12.422..126.121 rows=47418 loops=3)
                                Hash Cond: (web_sales.ws_web_site_sk = web_site.web_site_sk)
                                ->  Hash Join  (cost=2508.00..32952.16 rows=1542 width=69) (actual time=12.338..112.776 rows=47419 loops=3)
                                      Hash Cond: (web_sales.ws_warehouse_sk = warehouse.w_warehouse_sk)
                                      ->  Hash Join  (cost=2506.88..32943.57 rows=1542 width=63) (actual time=12.312..105.117 rows=47423 loops=3)
                                            Hash Cond: (web_sales.ws_ship_mode_sk = ship_mode.sm_ship_mode_sk)
                                            ->  Hash Join  (cost=2505.43..32937.21 rows=1543 width=40) (actual time=12.278..96.822 rows=47429 loops=3)
                                                  Hash Cond: (web_sales.ws_ship_date_sk = date_dim.d_date_sk)
                                                  ->  Parallel Seq Scan on web_sales  (cost=0.00..29644.81 rows=299781 width=40) (actual time=0.014..45.156 rows=239825 loops=3)
                                                  ->  Hash  (cost=2500.73..2500.73 rows=376 width=8) (actual time=12.233..12.234 rows=365 loops=3)
                                                        Buckets: 1024  Batches: 1  Memory Usage: 23kB
                                                        ->  Seq Scan on date_dim  (cost=0.00..2500.73 rows=376 width=8) (actual time=5.587..12.180 rows=365 loops=3)
                                                              Filter: ((d_month_seq >= 1179) AND (d_month_seq <= 1190))
                                                              Rows Removed by Filter: 72684
                                            ->  Hash  (cost=1.20..1.20 rows=20 width=39) (actual time=0.021..0.021 rows=20 loops=3)
                                                  Buckets: 1024  Batches: 1  Memory Usage: 10kB
                                                  ->  Seq Scan on ship_mode  (cost=0.00..1.20 rows=20 width=39) (actual time=0.015..0.017 rows=20 loops=3)
                                      ->  Hash  (cost=1.05..1.05 rows=5 width=22) (actual time=0.015..0.015 rows=5 loops=3)
                                            Buckets: 1024  Batches: 1  Memory Usage: 9kB
                                            ->  Seq Scan on warehouse  (cost=0.00..1.05 rows=5 width=22) (actual time=0.012..0.012 rows=5 loops=3)
                                ->  Hash  (cost=2.30..2.30 rows=30 width=15) (actual time=0.039..0.039 rows=30 loops=3)
                                      Buckets: 1024  Batches: 1  Memory Usage: 10kB
                                      ->  Seq Scan on web_site  (cost=0.00..2.30 rows=30 width=15) (actual time=0.022..0.032 rows=30 loops=3)
       substr        |            sm_type             | web_name | 30 days | 31-60 days | 61-90 days | 91-120 days | >120 days 
---------------------+--------------------------------+----------+---------+------------+------------+-------------+-----------
 Neither dea         | EXPRESS                        | site_0   |     299 |        283 |        303 |         272 |         0
 Neither dea         | EXPRESS                        | site_1   |     308 |        312 |        293 |         264 |         0
 Neither dea         | EXPRESS                        | site_2   |     281 |        305 |        323 |         250 |         0
 Neither dea         | EXPRESS                        | site_3   |     318 |        277 |        295 |         236 |         0
 Neither dea         | EXPRESS                        | site_4   |     276 |        270 |        288 |         233 |         0
 Neither dea         | LIBRARY                        | site_0   |     215 |        161 |        196 |         176 |         0
 Neither dea         | LIBRARY                        | site_1   |     224 |        200 |        200 |         203 |         0
 Neither dea         | LIBRARY                        | site_2   |     231 |        228 |        258 |         192 |         0
 Neither dea         | LIBRARY                        | site_3   |     279 |        247 |        249 |         217 |         0
 Neither dea         | LIBRARY                        | site_4   |     210 |        202 |        193 |         209 |         0
 Neither dea         | NEXT DAY                       | site_0   |     312 |        299 |        292 |         272 |         0
 Neither dea         | NEXT DAY                       | site_1   |     293 |        299 |        292 |         292 |         0
 Neither dea         | NEXT DAY                       | site_2   |     250 |        265 |        261 |         243 |         0
 Neither dea         | NEXT DAY                       | site_3   |     285 |        260 |        241 |         265 |         0
 Neither dea         | NEXT DAY                       | site_4   |     293 |        291 |        316 |         283 |         0
 Neither dea         | OVERNIGHT                      | site_0   |     228 |        267 |        246 |         208 |         0
 Neither dea         | OVERNIGHT                      | site_1   |     228 |        220 |        258 |         171 |         0
 Neither dea         | OVERNIGHT                      | site_2   |     148 |        181 |        171 |         142 |         0
 Neither dea         | OVERNIGHT                      | site_3   |     179 |        199 |        199 |         193 |         0
 Neither dea         | OVERNIGHT                      | site_4   |     257 |        222 |        245 |         196 |         0
 Neither dea         | REGULAR                        | site_0   |     186 |        215 |        222 |         193 |         0
 Neither dea         | REGULAR                        | site_1   |     245 |        278 |        257 |         233 |         0
 Neither dea         | REGULAR                        | site_2   |     288 |        251 |        248 |         198 |         0
 Neither dea         | REGULAR                        | site_3   |     192 |        213 |        241 |         187 |         0
 Neither dea         | REGULAR                        | site_4   |     201 |        161 |        180 |         177 |         0
 Neither dea         | TWO DAY                        | site_0   |     213 |        229 |        227 |         192 |         0
 Neither dea         | TWO DAY                        | site_1   |     191 |        168 |        172 |         177 |         0
 Neither dea         | TWO DAY                        | site_2   |     183 |        211 |        209 |         169 |         0
 Neither dea         | TWO DAY                        | site_3   |     243 |        220 |        242 |         201 |         0
 Neither dea         | TWO DAY                        | site_4   |     244 |        240 |        234 |         222 |         0
 Parties use         | EXPRESS                        | site_0   |     292 |        302 |        306 |         278 |         0
 Parties use         | EXPRESS                        | site_1   |     290 |        264 |        283 |         266 |         0
 Parties use         | EXPRESS                        | site_2   |     275 |        276 |        264 |         282 |         0
 Parties use         | EXPRESS                        | site_3   |     297 |        295 |        249 |         240 |         0
 Parties use         | EXPRESS                        | site_4   |     257 |        300 |        338 |         287 |         0
 Parties use         | LIBRARY                        | site_0   |     230 |        209 |        200 |         191 |         0
 Parties use         | LIBRARY                        | site_1   |     236 |        276 |        234 |         252 |         0
 Parties use         | LIBRARY                        | site_2   |     262 |        224 |        255 |         217 |         0
 Parties use         | LIBRARY                        | site_3   |     198 |        209 |        223 |         204 |         0
 Parties use         | LIBRARY                        | site_4   |     195 |        203 |        179 |         167 |         0
 Parties use         | NEXT DAY                       | site_0   |     274 |        290 |        297 |         270 |         0
 Parties use         | NEXT DAY                       | site_1   |     278 |        293 |        269 |         247 |         0
 Parties use         | NEXT DAY                       | site_2   |     280 |        267 |        268 |         236 |         0
 Parties use         | NEXT DAY                       | site_3   |     310 |        305 |        308 |         265 |         0
 Parties use         | NEXT DAY                       | site_4   |     286 |        311 |        294 |         287 |         0
 Parties use         | OVERNIGHT                      | site_0   |     200 |        235 |        173 |         212 |         0
 Parties use         | OVERNIGHT                      | site_1   |     187 |        174 |        189 |         160 |         0
 Parties use         | OVERNIGHT                      | site_2   |     214 |        207 |        206 |         170 |         0
 Parties use         | OVERNIGHT                      | site_3   |     230 |        225 |        242 |         228 |         0
 Parties use         | OVERNIGHT                      | site_4   |     263 |        251 |        225 |         201 |         0
 Parties use         | REGULAR                        | site_0   |     231 |        250 |        256 |         219 |         0
 Parties use         | REGULAR                        | site_1   |     256 |        220 |        261 |         246 |         0
 Parties use         | REGULAR                        | site_2   |     198 |        214 |        218 |         210 |         0
 Parties use         | REGULAR                        | site_3   |     190 |        170 |        179 |         172 |         0
 Parties use         | REGULAR                        | site_4   |     199 |        218 |        189 |         190 |         0
 Parties use         | TWO DAY                        | site_0   |     157 |        202 |        175 |         160 |         0
 Parties use         | TWO DAY                        | site_1   |     220 |        225 |        203 |         189 |         0
 Parties use         | TWO DAY                        | site_2   |     229 |        260 |        243 |         247 |         0
 Parties use         | TWO DAY                        | site_3   |     243 |        249 |        241 |         207 |         0
 Parties use         | TWO DAY                        | site_4   |     202 |        230 |        223 |         198 |         0
 Persons make more e | EXPRESS                        | site_0   |     252 |        300 |        289 |         239 |         0
 Persons make more e | EXPRESS                        | site_1   |     289 |        323 |        290 |         258 |         0
 Persons make more e | EXPRESS                        | site_2   |     272 |        307 |        318 |         299 |         0
 Persons make more e | EXPRESS                        | site_3   |     286 |        303 |        322 |         275 |         0
 Persons make more e | EXPRESS                        | site_4   |     288 |        279 |        279 |         255 |         0
 Persons make more e | LIBRARY                        | site_0   |     220 |        194 |        233 |         192 |         0
 Persons make more e | LIBRARY                        | site_1   |     146 |        189 |        167 |         166 |         0
 Persons make more e | LIBRARY                        | site_2   |     243 |        208 |        196 |         174 |         0
 Persons make more e | LIBRARY                        | site_3   |     248 |        254 |        237 |         224 |         0
 Persons make more e | LIBRARY                        | site_4   |     269 |        272 |        239 |         242 |         0
 Persons make more e | NEXT DAY                       | site_0   |     302 |        301 |        324 |         284 |         0
 Persons make more e | NEXT DAY                       | site_1   |     319 |        314 |        307 |         306 |         0
 Persons make more e | NEXT DAY                       | site_2   |     296 |        312 |        311 |         274 |         0
 Persons make more e | NEXT DAY                       | site_3   |     253 |        284 |        300 |         236 |         0
 Persons make more e | NEXT DAY                       | site_4   |     268 |        284 |        268 |         248 |         0
 Persons make more e | OVERNIGHT                      | site_0   |     273 |        248 |        235 |         231 |         0
 Persons make more e | OVERNIGHT                      | site_1   |     248 |        238 |        252 |         211 |         0
 Persons make more e | OVERNIGHT                      | site_2   |     201 |        208 |        206 |         180 |         0
 Persons make more e | OVERNIGHT                      | site_3   |     172 |        194 |        179 |         158 |         0
 Persons make more e | OVERNIGHT                      | site_4   |     230 |        216 |        237 |         169 |         0
 Persons make more e | REGULAR                        | site_0   |     206 |        174 |        177 |         166 |         0
 Persons make more e | REGULAR                        | site_1   |     212 |        212 |        210 |         176 |         0
 Persons make more e | REGULAR                        | site_2   |     231 |        217 |        248 |         214 |         0
 Persons make more e | REGULAR                        | site_3   |     254 |        248 |        254 |         236 |         0
 Persons make more e | REGULAR                        | site_4   |     226 |        211 |        230 |         202 |         0
 Persons make more e | TWO DAY                        | site_0   |     250 |        272 |        251 |         238 |         0
 Persons make more e | TWO DAY                        | site_1   |     213 |        190 |        250 |         197 |         0
 Persons make more e | TWO DAY                        | site_2   |     165 |        191 |        173 |         160 |         0
 Persons make more e | TWO DAY                        | site_3   |     222 |        209 |        192 |         204 |         0
 Persons make more e | TWO DAY                        | site_4   |     260 |        260 |        243 |         234 |         0
 Single, simple r    | EXPRESS                        | site_0   |     253 |        269 |        260 |         264 |         0
 Single, simple r    | EXPRESS                        | site_1   |     288 |        298 |        256 |         244 |         0
 Single, simple r    | EXPRESS                        | site_2   |     300 |        295 |        282 |         264 |         0
 Single, simple r    | EXPRESS                        | site_3   |     309 |        294 |        311 |         264 |         0
 Single, simple r    | EXPRESS                        | site_4   |     309 |        311 |        286 |         260 |         0
 Single, simple r    | LIBRARY                        | site_0   |     242 |        215 |        243 |         238 |         0
 Single, simple r    | LIBRARY                        | site_1   |     215 |        200 |        200 |         182 |         0
 Single, simple r    | LIBRARY                        | site_2   |     193 |        193 |        204 |         175 |         0
 Single, simple r    | LIBRARY                        | site_3   |     193 |        216 |        194 |         196 |         0
 Single, simple r    | LIBRARY                        | site_4   |     261 |        229 |        244 |         212 |         0
(100 rows)

UPDATE time_statistics SET e_time = TRANSACTION_TIMESTAMP() WHERE template = 'query62.tpl' AND stream = 3;
psql:/tmp/s1-basline/throughput/query_3.sql:213: NOTICE:  duration: 0.045 ms  plan:
Query Text: UPDATE time_statistics SET e_time = TRANSACTION_TIMESTAMP() WHERE template = 'query62.tpl' AND stream = 3;
Update on time_statistics  (cost=0.00..26.20 rows=0 width=0) (actual time=0.044..0.044 rows=0 loops=1)
  ->  Seq Scan on time_statistics  (cost=0.00..26.20 rows=1 width=14) (actual time=0.014..0.014 rows=1 loops=1)
        Filter: ((template = 'query62.tpl'::text) AND (stream = 3))
        Rows Removed by Filter: 14
UPDATE 1
LOAD 'auto_explain'; SET auto_explain.log_min_duration TO 0; SET auto_explain.log_analyze TO on; SET auto_explain.log_level TO notice; INSERT INTO time_statistics (template, s_time, stream, query, seed) VALUES ('query53.tpl', TRANSACTION_TIMESTAMP(), 3, 5, 716951920);
LOAD
SET
SET
SET
psql:/tmp/s1-basline/throughput/query_3.sql:214: NOTICE:  duration: 0.022 ms  plan:
Query Text: INSERT INTO time_statistics (template, s_time, stream, query, seed) VALUES ('query53.tpl', TRANSACTION_TIMESTAMP(), 3, 5, 716951920);
Insert on time_statistics  (cost=0.00..0.01 rows=0 width=0) (actual time=0.021..0.021 rows=0 loops=1)
  ->  Result  (cost=0.00..0.01 rows=1 width=64) (actual time=0.001..0.001 rows=1 loops=1)
INSERT 0 1
select  * from 
(select i_manufact_id,
sum(ss_sales_price) sum_sales,
avg(sum(ss_sales_price)) over (partition by i_manufact_id) avg_quarterly_sales
from item, store_sales, date_dim, store
where ss_item_sk = i_item_sk and
ss_sold_date_sk = d_date_sk and
ss_store_sk = s_store_sk and
d_month_seq in (1217,1217+1,1217+2,1217+3,1217+4,1217+5,1217+6,1217+7,1217+8,1217+9,1217+10,1217+11) and
((i_category in ('Books','Children','Electronics') and
i_class in ('personal','portable','reference','self-help') and
i_brand in ('scholaramalgamalg #14','scholaramalgamalg #7',
		'exportiunivamalg #9','scholaramalgamalg #9'))
or(i_category in ('Women','Music','Men') and
i_class in ('accessories','classical','fragrances','pants') and
i_brand in ('amalgimporto #1','edu packscholar #1','exportiimporto #1',
		'importoamalg #1')))
group by i_manufact_id, d_qoy ) tmp1
where case when avg_quarterly_sales > 0 
	then abs (sum_sales - avg_quarterly_sales)/ avg_quarterly_sales 
	else null end > 0.1
order by avg_quarterly_sales,
	 sum_sales,
	 i_manufact_id
limit 100;
psql:/tmp/s1-basline/throughput/query_3.sql:239: NOTICE:  duration: 190.499 ms  plan:
Query Text: select  * from 
(select i_manufact_id,
sum(ss_sales_price) sum_sales,
avg(sum(ss_sales_price)) over (partition by i_manufact_id) avg_quarterly_sales
from item, store_sales, date_dim, store
where ss_item_sk = i_item_sk and
ss_sold_date_sk = d_date_sk and
ss_store_sk = s_store_sk and
d_month_seq in (1217,1217+1,1217+2,1217+3,1217+4,1217+5,1217+6,1217+7,1217+8,1217+9,1217+10,1217+11) and
((i_category in ('Books','Children','Electronics') and
i_class in ('personal','portable','reference','self-help') and
i_brand in ('scholaramalgamalg #14','scholaramalgamalg #7',
		'exportiunivamalg #9','scholaramalgamalg #9'))
or(i_category in ('Women','Music','Men') and
i_class in ('accessories','classical','fragrances','pants') and
i_brand in ('amalgimporto #1','edu packscholar #1','exportiimporto #1',
		'importoamalg #1')))
group by i_manufact_id, d_qoy ) tmp1
where case when avg_quarterly_sales > 0 
	then abs (sum_sales - avg_quarterly_sales)/ avg_quarterly_sales 
	else null end > 0.1
order by avg_quarterly_sales,
	 sum_sales,
	 i_manufact_id
limit 100;
Limit  (cost=7663.20..7663.21 rows=6 width=20) (actual time=190.444..190.456 rows=100 loops=1)
  ->  Sort  (cost=7663.20..7663.21 rows=6 width=20) (actual time=190.444..190.449 rows=100 loops=1)
        Sort Key: tmp1.avg_quarterly_sales, tmp1.sum_sales, tmp1.i_manufact_id
        Sort Method: top-N heapsort  Memory: 38kB
        ->  Subquery Scan on tmp1  (cost=7662.03..7663.12 rows=6 width=20) (actual time=189.257..190.350 rows=430 loops=1)
              Filter: (CASE WHEN (tmp1.avg_quarterly_sales > '0'::double precision) THEN (abs((tmp1.sum_sales - tmp1.avg_quarterly_sales)) / tmp1.avg_quarterly_sales) ELSE NULL::double precision END > '0.1'::double precision)
              Rows Removed by Filter: 73
              ->  WindowAgg  (cost=7662.03..7662.69 rows=19 width=24) (actual time=189.256..190.285 rows=503 loops=1)
                    ->  GroupAggregate  (cost=7662.03..7662.41 rows=19 width=16) (actual time=189.243..189.997 rows=503 loops=1)
                          Group Key: item.i_manufact_id, date_dim.d_qoy
                          ->  Sort  (cost=7662.03..7662.07 rows=19 width=16) (actual time=189.235..189.419 rows=4608 loops=1)
                                Sort Key: item.i_manufact_id, date_dim.d_qoy
                                Sort Method: quicksort  Memory: 444kB
                                ->  Nested Loop  (cost=0.76..7661.62 rows=19 width=16) (actual time=1.856..188.231 rows=4608 loops=1)
                                      Join Filter: (store_sales.ss_store_sk = store.s_store_sk)
                                      Rows Removed by Join Filter: 20979
                                      ->  Nested Loop  (cost=0.76..7657.18 rows=20 width=24) (actual time=1.851..185.237 rows=4700 loops=1)
                                            ->  Nested Loop  (cost=0.43..6923.02 rows=4157 width=28) (actual time=0.034..148.867 rows=117478 loops=1)
                                                  ->  Seq Scan on item  (cost=0.00..1931.00 rows=26 width=12) (actual time=0.024..15.824 rows=900 loops=1)
                                                        Filter: (((i_category = ANY ('{Books,Children,Electronics}'::bpchar[])) AND (i_class = ANY ('{personal,portable,reference,self-help}'::bpchar[])) AND (i_brand = ANY ('{"scholaramalgamalg #14","scholaramalgamalg #7","exportiunivamalg #9","scholaramalgamalg #9"}'::bpchar[]))) OR ((i_category = ANY ('{Women,Music,Men}'::bpchar[])) AND (i_class = ANY ('{accessories,classical,fragrances,pants}'::bpchar[])) AND (i_brand = ANY ('{"amalgimporto #1","edu packscholar #1","exportiimporto #1","importoamalg #1"}'::bpchar[]))))
                                                        Rows Removed by Filter: 17100
                                                  ->  Index Scan using pk_store_sales on store_sales  (cost=0.43..190.26 rows=174 width=32) (actual time=0.005..0.129 rows=131 loops=900)
                                                        Index Cond: (ss_item_sk = item.i_item_sk)
                                            ->  Memoize  (cost=0.33..0.36 rows=1 width=12) (actual time=0.000..0.000 rows=0 loops=117478)
                                                  Cache Key: store_sales.ss_sold_date_sk
                                                  Cache Mode: logical
                                                  Hits: 115747  Misses: 1731  Evictions: 0  Overflows: 0  Memory Usage: 137kB
                                                  ->  Index Scan using pk_date_dim on date_dim  (cost=0.32..0.35 rows=1 width=12) (actual time=0.001..0.001 rows=0 loops=1731)
                                                        Index Cond: (d_date_sk = store_sales.ss_sold_date_sk)
                                                        Filter: (d_month_seq = ANY ('{1217,1218,1219,1220,1221,1222,1223,1224,1225,1226,1227,1228}'::integer[]))
                                                        Rows Removed by Filter: 1
                                      ->  Materialize  (cost=0.00..1.18 rows=12 width=8) (actual time=0.000..0.000 rows=5 loops=4700)
                                            ->  Seq Scan on store  (cost=0.00..1.12 rows=12 width=8) (actual time=0.002..0.003 rows=12 loops=1)
 i_manufact_id |     sum_sales      | avg_quarterly_sales 
---------------+--------------------+---------------------
           851 | 19.060000000000002 |               62.72
           851 |             106.38 |               62.72
           221 |               3.56 |                  76
           221 |             148.44 |                  76
           710 |               69.4 |              83.385
           710 |              97.37 |              83.385
           307 |               69.4 |   87.92500000000001
           307 |             106.45 |   87.92500000000001
           252 | 62.769999999999996 |              100.12
           252 |             137.47 |              100.12
           167 |              40.67 |             100.685
           167 |              160.7 |             100.685
           284 |              71.94 |              104.13
           284 |             136.32 |              104.13
           143 |              80.19 |              109.16
           143 |             138.13 |              109.16
             9 |              38.03 |  110.24500000000002
             9 | 182.46000000000004 |  110.24500000000002
           871 |             101.04 |  119.23500000000001
           871 |             137.43 |  119.23500000000001
           160 |              68.06 |              121.46
           160 | 174.85999999999999 |              121.46
           569 |              81.97 |              128.23
           569 | 174.48999999999998 |              128.23
           887 |               70.3 |  131.01500000000001
           887 | 191.73000000000002 |  131.01500000000001
           523 |              86.69 |              131.21
           523 | 175.73000000000002 |              131.21
           754 | 25.439999999999998 |             133.725
           754 |             242.01 |             133.725
           574 |              14.74 |              134.87
           574 | 255.00000000000003 |              134.87
           714 |  65.78999999999999 |              148.28
           714 |             230.77 |              148.28
           787 |  61.18000000000001 |             149.865
           787 |             238.55 |             149.865
           632 |              24.53 |  150.45499999999998
           632 |             276.38 |  150.45499999999998
           201 |  89.55999999999999 |              150.63
           201 | 211.70000000000002 |              150.63
           373 |              37.64 |  152.10999999999999
           373 |             266.58 |  152.10999999999999
           111 |              92.33 |              165.37
           111 |             238.41 |              165.37
           290 |  74.13000000000001 |              168.42
           290 |             262.71 |              168.42
           245 |             135.42 |              169.13
           245 |             202.84 |              169.13
           239 |             139.89 |             170.825
           239 | 201.76000000000002 |             170.825
           654 |               1.21 |             172.345
           654 |             343.48 |             172.345
           649 |             114.41 |              178.09
           649 |             241.77 |              178.09
           588 |  61.53999999999999 |  178.29500000000002
           588 |             295.05 |  178.29500000000002
           295 | 127.89999999999999 |             178.525
           295 |             229.15 |             178.525
            29 |              109.9 |  182.70499999999998
            29 |             255.51 |  182.70499999999998
           539 |               74.3 |             182.865
           539 |             291.43 |             182.865
           908 |              73.73 |              183.71
           908 |             293.69 |              183.71
           331 |                133 |  183.85500000000002
           331 |             234.71 |  183.85500000000002
           371 |             155.62 |             188.965
           371 |             222.31 |             188.965
           393 | 155.48999999999998 |              191.92
           393 |             228.35 |              191.92
           177 | 130.67000000000002 |               194.5
           177 |             258.33 |               194.5
            43 |             163.54 |              196.22
            43 |              228.9 |              196.22
           193 |             128.26 |              197.76
           193 |             267.26 |              197.76
           190 | 164.95999999999998 |  197.79999999999998
           190 |             230.64 |  197.79999999999998
           388 |             116.15 |              199.49
           388 |             282.83 |              199.49
           417 |             119.99 |              199.79
           417 |             279.59 |              199.79
           387 | 150.26000000000002 |             201.945
           387 |             253.63 |             201.945
           412 |              145.5 |               203.3
           412 |              261.1 |               203.3
           183 | 169.10000000000002 |              205.12
           183 |             241.14 |              205.12
           271 |              64.63 |              205.37
           271 |             346.11 |              205.37
           312 |             106.56 |  206.14000000000001
           312 |             305.72 |  206.14000000000001
           763 |  98.75999999999999 |             206.475
           763 |             314.19 |             206.475
            64 |             111.65 |  207.79500000000002
            64 |             303.94 |  207.79500000000002
             2 |             109.28 |             208.135
             2 |             306.99 |             208.135
           650 |             132.56 |             209.005
           650 |             285.45 |             209.005
(100 rows)

UPDATE time_statistics SET e_time = TRANSACTION_TIMESTAMP() WHERE template = 'query53.tpl' AND stream = 3;
psql:/tmp/s1-basline/throughput/query_3.sql:241: NOTICE:  duration: 0.042 ms  plan:
Query Text: UPDATE time_statistics SET e_time = TRANSACTION_TIMESTAMP() WHERE template = 'query53.tpl' AND stream = 3;
Update on time_statistics  (cost=0.00..26.20 rows=0 width=0) (actual time=0.041..0.042 rows=0 loops=1)
  ->  Seq Scan on time_statistics  (cost=0.00..26.20 rows=1 width=14) (actual time=0.012..0.012 rows=1 loops=1)
        Filter: ((template = 'query53.tpl'::text) AND (stream = 3))
        Rows Removed by Filter: 15
UPDATE 1
LOAD 'auto_explain'; SET auto_explain.log_min_duration TO 0; SET auto_explain.log_analyze TO on; SET auto_explain.log_level TO notice; INSERT INTO time_statistics (template, s_time, stream, query, seed) VALUES ('query7.tpl', TRANSACTION_TIMESTAMP(), 3, 6, 1483417836);
LOAD
SET
SET
SET
psql:/tmp/s1-basline/throughput/query_3.sql:242: NOTICE:  duration: 0.009 ms  plan:
Query Text: INSERT INTO time_statistics (template, s_time, stream, query, seed) VALUES ('query7.tpl', TRANSACTION_TIMESTAMP(), 3, 6, 1483417836);
Insert on time_statistics  (cost=0.00..0.01 rows=0 width=0) (actual time=0.008..0.009 rows=0 loops=1)
  ->  Result  (cost=0.00..0.01 rows=1 width=64) (actual time=0.001..0.002 rows=1 loops=1)
INSERT 0 1
select  i_item_id, 
        avg(ss_quantity) agg1,
        avg(ss_list_price) agg2,
        avg(ss_coupon_amt) agg3,
        avg(ss_sales_price) agg4 
 from store_sales, customer_demographics, date_dim, item, promotion
 where ss_sold_date_sk = d_date_sk and
       ss_item_sk = i_item_sk and
       ss_cdemo_sk = cd_demo_sk and
       ss_promo_sk = p_promo_sk and
       cd_gender = 'M' and 
       cd_marital_status = 'W' and
       cd_education_status = 'Unknown' and
       (p_channel_email = 'N' or p_channel_event = 'N') and
       d_year = 2001 
 group by i_item_id
 order by i_item_id
 limit 100;
psql:/tmp/s1-basline/throughput/query_3.sql:260: NOTICE:  duration: 1007.115 ms  plan:
Query Text: select  i_item_id, 
        avg(ss_quantity) agg1,
        avg(ss_list_price) agg2,
        avg(ss_coupon_amt) agg3,
        avg(ss_sales_price) agg4 
 from store_sales, customer_demographics, date_dim, item, promotion
 where ss_sold_date_sk = d_date_sk and
       ss_item_sk = i_item_sk and
       ss_cdemo_sk = cd_demo_sk and
       ss_promo_sk = p_promo_sk and
       cd_gender = 'M' and 
       cd_marital_status = 'W' and
       cd_education_status = 'Unknown' and
       (p_channel_email = 'N' or p_channel_event = 'N') and
       d_year = 2001 
 group by i_item_id
 order by i_item_id
 limit 100;
Limit  (cost=3323.51..82682.53 rows=100 width=73) (actual time=688.493..1007.035 rows=100 loops=1)
  ->  GroupAggregate  (cost=3323.51..143788.97 rows=177 width=73) (actual time=688.492..1007.023 rows=100 loops=1)
        Group Key: item.i_item_id
        ->  Nested Loop  (cost=3323.51..143783.22 rows=177 width=45) (actual time=686.309..1006.858 rows=160 loops=1)
              Join Filter: (store_sales.ss_item_sk = item.i_item_sk)
              Rows Removed by Join Filter: 3242046
              ->  Index Scan using i_i_item_id on item  (cost=0.29..1714.59 rows=18000 width=25) (actual time=0.013..0.340 rows=423 loops=1)
              ->  Materialize  (cost=3323.22..94279.08 rows=177 width=36) (actual time=0.045..1.894 rows=7665 loops=423)
                    ->  Nested Loop  (cost=3323.22..94278.19 rows=177 width=36) (actual time=19.113..683.263 rows=7672 loops=1)
                          ->  Gather  (cost=3323.08..94246.59 rows=186 width=44) (actual time=19.106..673.656 rows=7810 loops=1)
                                Workers Planned: 2
                                Workers Launched: 2
                                ->  Nested Loop  (cost=2323.08..93227.99 rows=78 width=44) (actual time=20.743..676.614 rows=2603 loops=3)
                                      ->  Hash Join  (cost=2322.65..90594.07 rows=5693 width=52) (actual time=14.659..292.886 rows=183167 loops=3)
                                            Hash Cond: (store_sales.ss_sold_date_sk = date_dim.d_date_sk)
                                            ->  Parallel Seq Scan on store_sales  (cost=0.00..85123.48 rows=1199148 width=60) (actual time=0.014..124.554 rows=959309 loops=3)
                                            ->  Hash  (cost=2318.11..2318.11 rows=363 width=8) (actual time=14.524..14.525 rows=365 loops=3)
                                                  Buckets: 1024  Batches: 1  Memory Usage: 23kB
                                                  ->  Seq Scan on date_dim  (cost=0.00..2318.11 rows=363 width=8) (actual time=7.162..14.476 rows=365 loops=3)
                                                        Filter: (d_year = 2001)
                                                        Rows Removed by Filter: 72684
                                      ->  Index Scan using pk_customer_demographics on customer_demographics  (cost=0.43..0.46 rows=1 width=8) (actual time=0.002..0.002 rows=0 loops=549501)
                                            Index Cond: (cd_demo_sk = store_sales.ss_cdemo_sk)
                                            Filter: ((cd_gender = 'M'::bpchar) AND (cd_marital_status = 'W'::bpchar) AND (cd_education_status = 'Unknown'::bpchar))
                                            Rows Removed by Filter: 1
                          ->  Index Scan using pk_promotion on promotion  (cost=0.15..0.17 rows=1 width=8) (actual time=0.001..0.001 rows=1 loops=7810)
                                Index Cond: (p_promo_sk = store_sales.ss_promo_sk)
                                Filter: ((p_channel_email = 'N'::bpchar) OR (p_channel_event = 'N'::bpchar))
                                Rows Removed by Filter: 0
    i_item_id     |        agg1         |        agg2        |        agg3        |        agg4        
------------------+---------------------+--------------------+--------------------+--------------------
 AAAAAAAAAAABAAAA |  9.5000000000000000 |             112.93 |                  0 |                 46
 AAAAAAAAAAACAAAA | 18.0000000000000000 |               6.95 |                  0 |               2.36
 AAAAAAAAAAAEAAAA | 44.0000000000000000 |              19.98 |                  0 |              13.98
 AAAAAAAAAABAAAAA | 52.0000000000000000 |              52.82 |             0.8375 |            19.9025
 AAAAAAAAAABBAAAA | 94.0000000000000000 |             105.92 |             320.57 |              48.72
 AAAAAAAAAABDAAAA | 60.0000000000000000 | 132.51999999999998 |            977.215 |             11.645
 AAAAAAAAAABEAAAA | 36.0000000000000000 |             25.655 |                  0 | 14.594999999999999
 AAAAAAAAAACAAAAA | 52.3333333333333333 |              97.14 |                  0 |  73.42999999999999
 AAAAAAAAAADBAAAA | 45.0000000000000000 |              23.69 |                  0 |               5.21
 AAAAAAAAAADCAAAA | 74.0000000000000000 |              139.2 |                  0 |                  0
 AAAAAAAAAAEAAAAA | 16.0000000000000000 |              64.34 |             203.76 |              14.15
 AAAAAAAAAAEDAAAA | 96.0000000000000000 |              28.71 |                  0 |              17.22
 AAAAAAAAAAFDAAAA |  8.0000000000000000 | 55.879999999999995 |                  0 |             30.985
 AAAAAAAAAAGBAAAA | 76.0000000000000000 |              52.55 |            2336.12 |              47.29
 AAAAAAAAAAGCAAAA | 43.0000000000000000 |              83.26 |                  0 |              80.76
 AAAAAAAAAAGEAAAA | 51.0000000000000000 | 100.49000000000001 |                  0 |             30.405
 AAAAAAAAAAHBAAAA |  5.0000000000000000 |               18.9 |                  0 |               9.82
 AAAAAAAAAAHDAAAA | 43.0000000000000000 |             107.51 |                  0 |              13.97
 AAAAAAAAAAICAAAA | 69.0000000000000000 |             91.595 |                  0 | 46.275000000000006
 AAAAAAAAAAIDAAAA | 58.0000000000000000 | 51.082499999999996 |                  0 | 21.409999999999997
 AAAAAAAAAAKDAAAA | 53.0000000000000000 |              86.72 |                  0 |              70.24
 AAAAAAAAAALCAAAA | 55.0000000000000000 |             121.68 |                  0 |              49.88
 AAAAAAAAAALDAAAA | 41.5000000000000000 |            64.2175 |                  0 |            31.2625
 AAAAAAAAAAMBAAAA | 95.0000000000000000 |             131.73 |              70.07 |              18.44
 AAAAAAAAAAMCAAAA | 35.0000000000000000 |              36.23 |                  0 |              30.79
 AAAAAAAAAANAAAAA | 57.0000000000000000 | 129.41666666666666 |  90.66333333333334 |  96.61666666666667
 AAAAAAAAAANBAAAA | 81.0000000000000000 |             124.23 |                  0 |             114.29
 AAAAAAAAAAOAAAAA | 44.0000000000000000 |              14.01 |                  0 |               0.14
 AAAAAAAAAAOCAAAA |  8.0000000000000000 | 43.239999999999995 |                  0 |             20.415
 AAAAAAAAAAPCAAAA |  2.0000000000000000 |              16.36 |                  0 |              10.96
 AAAAAAAAABAAAAAA | 11.0000000000000000 |              27.22 |                  0 |              22.32
 AAAAAAAAABADAAAA | 62.0000000000000000 |             110.62 |                  0 |              34.29
 AAAAAAAAABBAAAAA | 30.5000000000000000 |             22.385 |                  0 |             15.065
 AAAAAAAAABBCAAAA | 83.0000000000000000 |              55.39 |                  0 |              10.52
 AAAAAAAAABBDAAAA | 36.6666666666666667 | 62.919999999999995 |             549.78 | 41.190000000000005
 AAAAAAAAABCEAAAA | 50.5000000000000000 |              61.73 |            890.105 | 16.884999999999998
 AAAAAAAAABDAAAAA | 29.0000000000000000 |              67.53 |                  0 |              34.44
 AAAAAAAAABDDAAAA | 48.5000000000000000 |              92.77 |                  0 |  71.19000000000001
 AAAAAAAAABEDAAAA | 89.0000000000000000 |             101.75 |                  0 |               29.5
 AAAAAAAAABFBAAAA | 38.0000000000000000 |              42.13 |                  0 |              39.18
 AAAAAAAAABFCAAAA | 68.0000000000000000 |               97.4 |                  0 |              16.55
 AAAAAAAAABFEAAAA | 53.0000000000000000 |             178.73 |                  0 |             121.53
 AAAAAAAAABGEAAAA | 45.0000000000000000 |              80.44 |                  0 |                 37
 AAAAAAAAABHAAAAA | 41.0000000000000000 |              10.99 |                  0 |               7.69
 AAAAAAAAABICAAAA | 40.5000000000000000 | 56.285000000000004 |                  0 |             21.695
 AAAAAAAAABJAAAAA | 69.0000000000000000 |              74.23 |                  0 |              28.94
 AAAAAAAAABJBAAAA | 18.0000000000000000 |             142.35 |                  0 |             135.23
 AAAAAAAAABKAAAAA | 67.0000000000000000 |             136.94 |            3963.39 |              82.16
 AAAAAAAAABKCAAAA | 72.0000000000000000 |              76.56 |                  0 |              42.87
 AAAAAAAAABLCAAAA | 36.0000000000000000 |               4.82 |                  0 |               2.69
 AAAAAAAAABMAAAAA | 56.3333333333333333 |  46.51666666666667 |                  0 |  35.82333333333333
 AAAAAAAAABMBAAAA | 43.3333333333333333 |              57.19 |  548.3000000000001 | 41.906666666666666
 AAAAAAAAABMDAAAA | 22.3333333333333333 |  67.98666666666666 |                  0 |  52.74666666666667
 AAAAAAAAABNCAAAA |  7.0000000000000000 |               4.95 |                  0 |                4.3
 AAAAAAAAABNDAAAA | 60.0000000000000000 |              53.15 |               1116 |               37.2
 AAAAAAAAABOBAAAA | 53.0000000000000000 |              90.43 |                  0 |              45.21
 AAAAAAAAABPAAAAA | 84.0000000000000000 |              91.89 |             123.37 |               9.18
 AAAAAAAAABPBAAAA | 48.0000000000000000 |             140.71 |            1215.64 |              42.21
 AAAAAAAAABPDAAAA | 53.6666666666666667 |  53.23333333333333 |                  0 | 31.666666666666668
 AAAAAAAAACACAAAA |  2.0000000000000000 |              48.14 |                  0 |               1.92
 AAAAAAAAACBBAAAA | 56.5000000000000000 |  79.82000000000001 | 161.60000000000002 |               17.2
 AAAAAAAAACBCAAAA | 54.0000000000000000 |             100.19 |                  0 |              33.11
 AAAAAAAAACCAAAAA | 43.3333333333333333 |  57.50333333333333 |  41.01666666666667 | 22.116666666666664
 AAAAAAAAACCBAAAA | 43.0000000000000000 |              24.19 |              258.4 |              17.17
 AAAAAAAAACCEAAAA | 61.7500000000000000 |              72.48 |           375.4075 | 45.285000000000004
 AAAAAAAAACDAAAAA | 27.0000000000000000 |              85.11 |             352.47 |              50.21
 AAAAAAAAACDCAAAA | 84.5000000000000000 | 26.740000000000002 |             106.67 |              21.84
 AAAAAAAAACDDAAAA |  9.0000000000000000 |              61.06 |                  0 |              20.14
 AAAAAAAAACEBAAAA | 38.0000000000000000 |             159.98 |                  0 |             158.38
 AAAAAAAAACECAAAA | 29.0000000000000000 |             71.195 |                  0 |              51.81
 AAAAAAAAACFAAAAA | 56.5000000000000000 | 171.90499999999997 |                  0 | 129.42000000000002
 AAAAAAAAACFBAAAA | 54.0000000000000000 |            132.935 |                  0 |              84.35
 AAAAAAAAACFDAAAA | 69.0000000000000000 |             126.17 |                  0 |               32.8
 AAAAAAAAACFEAAAA | 38.0000000000000000 |              51.83 |                  0 |               3.62
 AAAAAAAAACGCAAAA | 21.0000000000000000 |              44.17 |                  0 |              14.13
 AAAAAAAAACHBAAAA | 50.0000000000000000 | 63.114999999999995 |                  0 | 18.965000000000003
 AAAAAAAAACIBAAAA | 42.0000000000000000 |             123.49 |            3022.72 |             116.08
 AAAAAAAAACJAAAAA |  9.0000000000000000 |                3.6 |                  0 |               3.52
 AAAAAAAAACJDAAAA | 19.0000000000000000 |              83.72 |              399.4 |              67.81
 AAAAAAAAACLAAAAA | 18.5000000000000000 | 103.45500000000001 |                  0 |             52.315
 AAAAAAAAACLDAAAA |  5.0000000000000000 |              44.59 |                  0 |              20.95
 AAAAAAAAACMCAAAA | 44.0000000000000000 |             52.845 |                  0 |              21.41
 AAAAAAAAACNCAAAA | 92.5000000000000000 |              31.84 |                  0 |             23.945
 AAAAAAAAACPAAAAA | 42.6666666666666667 |  69.18333333333332 |                  0 |  49.51666666666667
 AAAAAAAAACPCAAAA | 42.0000000000000000 |              22.26 |                  0 |               1.55
 AAAAAAAAACPDAAAA | 71.0000000000000000 |             96.625 |                  0 | 10.274999999999999
 AAAAAAAAADAEAAAA | 49.0000000000000000 |             118.15 |                  0 |              46.07
 AAAAAAAAADBAAAAA | 54.0000000000000000 |              95.28 |                  0 |              79.08
 AAAAAAAAADBBAAAA | 14.5000000000000000 |              49.86 | 226.40499999999997 |             41.535
 AAAAAAAAADBDAAAA | 75.0000000000000000 |             97.885 |             335.13 |              50.89
 AAAAAAAAADCCAAAA | 54.0000000000000000 | 59.989999999999995 |                  0 |              3.615
 AAAAAAAAADCDAAAA | 47.0000000000000000 |              130.9 |                  0 |              23.56
 AAAAAAAAADEBAAAA | 92.0000000000000000 |             159.46 |                  0 |              98.86
 AAAAAAAAADEDAAAA | 54.0000000000000000 |  45.31333333333333 |  40.71333333333333 | 14.256666666666668
 AAAAAAAAADEEAAAA | 98.0000000000000000 |              26.63 |                  0 |                  0
 AAAAAAAAADFAAAAA | 99.0000000000000000 |              81.76 |                  0 |              26.16
 AAAAAAAAADFDAAAA |  7.0000000000000000 |             108.53 |                  0 |               29.3
 AAAAAAAAADGCAAAA | 52.0000000000000000 |              50.78 |                  0 |              29.61
 AAAAAAAAADHAAAAA | 91.0000000000000000 |               51.9 |                  0 | 22.365000000000002
 AAAAAAAAADHDAAAA | 43.0000000000000000 |              78.63 |                  0 |              30.66
(100 rows)

UPDATE time_statistics SET e_time = TRANSACTION_TIMESTAMP() WHERE template = 'query7.tpl' AND stream = 3;
psql:/tmp/s1-basline/throughput/query_3.sql:262: NOTICE:  duration: 0.039 ms  plan:
Query Text: UPDATE time_statistics SET e_time = TRANSACTION_TIMESTAMP() WHERE template = 'query7.tpl' AND stream = 3;
Update on time_statistics  (cost=0.00..26.20 rows=0 width=0) (actual time=0.039..0.039 rows=0 loops=1)
  ->  Seq Scan on time_statistics  (cost=0.00..26.20 rows=1 width=14) (actual time=0.011..0.012 rows=1 loops=1)
        Filter: ((template = 'query7.tpl'::text) AND (stream = 3))
        Rows Removed by Filter: 16
UPDATE 1
LOAD 'auto_explain'; SET auto_explain.log_min_duration TO 0; SET auto_explain.log_analyze TO on; SET auto_explain.log_level TO notice; INSERT INTO time_statistics (template, s_time, stream, query, seed) VALUES ('query39.tpl', TRANSACTION_TIMESTAMP(), 3, 7, 84959017);
LOAD
SET
SET
SET
psql:/tmp/s1-basline/throughput/query_3.sql:263: NOTICE:  duration: 0.008 ms  plan:
Query Text: INSERT INTO time_statistics (template, s_time, stream, query, seed) VALUES ('query39.tpl', TRANSACTION_TIMESTAMP(), 3, 7, 84959017);
Insert on time_statistics  (cost=0.00..0.01 rows=0 width=0) (actual time=0.008..0.008 rows=0 loops=1)
  ->  Result  (cost=0.00..0.01 rows=1 width=64) (actual time=0.001..0.001 rows=1 loops=1)
INSERT 0 1
with inv as
(select w_warehouse_name,w_warehouse_sk,i_item_sk,d_moy
       ,stdev,mean, case mean when 0 then null else stdev/mean end cov
 from(select w_warehouse_name,w_warehouse_sk,i_item_sk,d_moy
            ,stddev_samp(inv_quantity_on_hand) stdev,avg(inv_quantity_on_hand) mean
      from inventory
          ,item
          ,warehouse
          ,date_dim
      where inv_item_sk = i_item_sk
        and inv_warehouse_sk = w_warehouse_sk
        and inv_date_sk = d_date_sk
        and d_year =2002
      group by w_warehouse_name,w_warehouse_sk,i_item_sk,d_moy) foo
 where case mean when 0 then 0 else stdev/mean end > 1)
select inv1.w_warehouse_sk,inv1.i_item_sk,inv1.d_moy,inv1.mean, inv1.cov
        ,inv2.w_warehouse_sk,inv2.i_item_sk,inv2.d_moy,inv2.mean, inv2.cov
from inv inv1,inv inv2
where inv1.i_item_sk = inv2.i_item_sk
  and inv1.w_warehouse_sk =  inv2.w_warehouse_sk
  and inv1.d_moy=2
  and inv2.d_moy=2+1
order by inv1.w_warehouse_sk,inv1.i_item_sk,inv1.d_moy,inv1.mean,inv1.cov
        ,inv2.d_moy,inv2.mean, inv2.cov
;
psql:/tmp/s1-basline/throughput/query_3.sql:288: NOTICE:  duration: 2447.429 ms  plan:
Query Text: with inv as
(select w_warehouse_name,w_warehouse_sk,i_item_sk,d_moy
       ,stdev,mean, case mean when 0 then null else stdev/mean end cov
 from(select w_warehouse_name,w_warehouse_sk,i_item_sk,d_moy
            ,stddev_samp(inv_quantity_on_hand) stdev,avg(inv_quantity_on_hand) mean
      from inventory
          ,item
          ,warehouse
          ,date_dim
      where inv_item_sk = i_item_sk
        and inv_warehouse_sk = w_warehouse_sk
        and inv_date_sk = d_date_sk
        and d_year =2002
      group by w_warehouse_name,w_warehouse_sk,i_item_sk,d_moy) foo
 where case mean when 0 then 0 else stdev/mean end > 1)
select inv1.w_warehouse_sk,inv1.i_item_sk,inv1.d_moy,inv1.mean, inv1.cov
        ,inv2.w_warehouse_sk,inv2.i_item_sk,inv2.d_moy,inv2.mean, inv2.cov
from inv inv1,inv inv2
where inv1.i_item_sk = inv2.i_item_sk
  and inv1.w_warehouse_sk =  inv2.w_warehouse_sk
  and inv1.d_moy=2
  and inv2.d_moy=2+1
order by inv1.w_warehouse_sk,inv1.i_item_sk,inv1.d_moy,inv1.mean,inv1.cov
        ,inv2.d_moy,inv2.mean, inv2.cov
;
Sort  (cost=147062.02..147062.03 rows=1 width=168) (actual time=2447.015..2447.206 rows=250 loops=1)
  Sort Key: inv1.w_warehouse_sk, inv1.i_item_sk, inv1.mean, inv1.cov, inv2.mean, inv2.cov
  Sort Method: quicksort  Memory: 54kB
  CTE inv
    ->  Subquery Scan on foo  (cost=144577.10..146182.16 rows=19455 width=130) (actual time=1093.777..2429.287 rows=33944 loops=1)
          ->  HashAggregate  (cost=144577.10..145890.34 rows=19455 width=98) (actual time=1093.776..2419.500 rows=33944 loops=1)
                Group Key: warehouse.w_warehouse_name, warehouse.w_warehouse_sk, item.i_item_sk, date_dim.d_moy
                Filter: (CASE avg(inventory.inv_quantity_on_hand) WHEN '0'::numeric THEN '0'::numeric ELSE (stddev_samp(inventory.inv_quantity_on_hand) / avg(inventory.inv_quantity_on_hand)) END > '1'::numeric)
                Batches: 21  Memory Usage: 34865kB  Disk Usage: 118104kB
                Rows Removed by Filter: 506056
                ->  Gather  (cost=3870.75..143701.61 rows=58366 width=38) (actual time=28.264..381.975 rows=2340000 loops=1)
                      Workers Planned: 3
                      Workers Launched: 3
                      ->  Hash Join  (cost=2870.75..136865.01 rows=18828 width=38) (actual time=23.583..737.172 rows=585000 loops=4)
                            Hash Cond: (inventory.inv_warehouse_sk = warehouse.w_warehouse_sk)
                            ->  Hash Join  (cost=2869.64..136772.58 rows=18828 width=24) (actual time=23.357..600.673 rows=585000 loops=4)
                                  Hash Cond: (inventory.inv_item_sk = item.i_item_sk)
                                  ->  Hash Join  (cost=2322.65..136176.16 rows=18828 width=24) (actual time=18.914..505.447 rows=585000 loops=4)
                                        Hash Cond: (inventory.inv_date_sk = date_dim.d_date_sk)
                                        ->  Parallel Seq Scan on inventory  (cost=0.00..123907.26 rows=3788826 width=28) (actual time=0.021..206.510 rows=2936250 loops=4)
                                        ->  Hash  (cost=2318.11..2318.11 rows=363 width=12) (actual time=13.919..13.919 rows=365 loops=4)
                                              Buckets: 1024  Batches: 1  Memory Usage: 26kB
                                              ->  Seq Scan on date_dim  (cost=0.00..2318.11 rows=363 width=12) (actual time=6.778..13.862 rows=365 loops=4)
                                                    Filter: (d_year = 2002)
                                                    Rows Removed by Filter: 72684
                                  ->  Hash  (cost=321.99..321.99 rows=18000 width=8) (actual time=4.323..4.324 rows=18000 loops=4)
                                        Buckets: 32768  Batches: 1  Memory Usage: 960kB
                                        ->  Index Only Scan using pk_item on item  (cost=0.29..321.99 rows=18000 width=8) (actual time=0.081..2.096 rows=18000 loops=4)
                                              Heap Fetches: 0
                            ->  Hash  (cost=1.05..1.05 rows=5 width=22) (actual time=0.029..0.030 rows=5 loops=4)
                                  Buckets: 1024  Batches: 1  Memory Usage: 9kB
                                  ->  Seq Scan on warehouse  (cost=0.00..1.05 rows=5 width=22) (actual time=0.024..0.025 rows=5 loops=4)
  ->  Hash Join  (cost=439.19..879.85 rows=1 width=168) (actual time=2443.758..2446.897 rows=250 loops=1)
        Hash Cond: ((inv1.i_item_sk = inv2.i_item_sk) AND (inv1.w_warehouse_sk = inv2.w_warehouse_sk))
        ->  CTE Scan on inv inv1  (cost=0.00..437.74 rows=97 width=84) (actual time=1093.815..1096.649 rows=3095 loops=1)
              Filter: (d_moy = 2)
              Rows Removed by Filter: 30849
        ->  Hash  (cost=437.74..437.74 rows=97 width=84) (actual time=1349.885..1349.886 rows=3153 loops=1)
              Buckets: 4096 (originally 1024)  Batches: 1 (originally 1)  Memory Usage: 255kB
              ->  CTE Scan on inv inv2  (cost=0.00..437.74 rows=97 width=84) (actual time=263.938..1349.173 rows=3153 loops=1)
                    Filter: (d_moy = 3)
                    Rows Removed by Filter: 30791
 w_warehouse_sk | i_item_sk | d_moy |         mean         |          cov           | w_warehouse_sk | i_item_sk | d_moy |         mean         |          cov           
----------------+-----------+-------+----------------------+------------------------+----------------+-----------+-------+----------------------+------------------------
              1 |        91 |     2 | 207.3333333333333333 |     1.3184093379331158 |              1 |        91 |     3 | 342.5000000000000000 |     1.2102310114188438
              1 |       192 |     2 | 297.2500000000000000 |     1.0482417987385332 |              1 |       192 |     3 | 393.7500000000000000 |     1.1021000590628978
              1 |       327 |     2 | 141.0000000000000000 |     1.3098121494349858 |              1 |       327 |     3 | 374.5000000000000000 |     1.1475733391648251
              1 |       435 |     2 | 346.5000000000000000 |     1.2289007855757807 |              1 |       435 |     3 | 382.0000000000000000 |     1.3924708553215314
              1 |       939 |     2 | 342.6666666666666667 |     1.2131177053624465 |              1 |       939 |     3 | 349.7500000000000000 |     1.2390697535512480
              1 |      1176 |     2 | 364.7500000000000000 |     1.0777081022937985 |              1 |      1176 |     3 | 246.7500000000000000 |     1.2861273920108085
              1 |      1188 |     2 | 348.3333333333333333 |     1.1407152137669770 |              1 |      1188 |     3 | 380.0000000000000000 |     1.0778685235299447
              1 |      1441 |     2 | 412.3333333333333333 |     1.1556695392143298 |              1 |      1441 |     3 | 377.0000000000000000 |     1.1455365081121989
              1 |      1464 |     2 | 321.6666666666666667 |     1.0781530617391803 |              1 |      1464 |     3 | 420.5000000000000000 |     1.2662340219583115
              1 |      2047 |     2 | 313.0000000000000000 |     1.4126777731000703 |              1 |      2047 |     3 | 367.0000000000000000 |     1.2208381921447248
              1 |      2145 |     2 | 358.3333333333333333 |     1.3948026838127414 |              1 |      2145 |     3 | 446.0000000000000000 |     1.0098468192634641
              1 |      2535 |     2 | 514.0000000000000000 |     1.0419567013343093 |              1 |      2535 |     3 | 358.7500000000000000 |     1.0934609925069937
              1 |      2856 |     2 | 143.0000000000000000 |     1.3446226874653497 |              1 |      2856 |     3 | 295.2500000000000000 |     1.1422390425687621
              1 |      3321 |     2 | 115.5000000000000000 |     1.1497561672011861 |              1 |      3321 |     3 | 320.7500000000000000 |     1.3866652599127171
              1 |      3819 |     2 | 372.5000000000000000 |     1.0508607016844322 |              1 |      3819 |     3 | 323.0000000000000000 |     1.1260529101016285
              1 |      3915 |     2 | 256.7500000000000000 |     1.2385073650321441 |              1 |      3915 |     3 | 250.0000000000000000 |     1.5379830948355720
              1 |      4701 |     2 | 247.5000000000000000 |     1.1337659797058788 |              1 |      4701 |     3 | 210.0000000000000000 |     1.5144104970050714
              1 |      4833 |     2 | 393.3333333333333333 |     1.3076111909571814 |              1 |      4833 |     3 | 345.0000000000000000 |     1.0744856251612435
              1 |      5239 |     2 | 274.7500000000000000 |     1.1099563842403712 |              1 |      5239 |     3 | 324.6666666666666667 |     1.1287159801657146
              1 |      5299 |     2 | 232.3333333333333333 |     1.1379628911844605 |              1 |      5299 |     3 | 230.5000000000000000 |     1.3522645042253666
              1 |      6637 |     2 | 339.0000000000000000 |     1.0639893501986195 |              1 |      6637 |     3 |  96.0000000000000000 |     1.6060594893506667
              1 |      6673 |     2 | 340.5000000000000000 |     1.0040717573741645 |              1 |      6673 |     3 | 178.5000000000000000 |     1.1415152958154566
              1 |      6973 |     2 | 399.6666666666666667 |     1.1020039751561259 |              1 |      6973 |     3 | 275.0000000000000000 |     1.4688838738003564
              1 |      7167 |     2 | 345.0000000000000000 |     1.0047064211244029 |              1 |      7167 |     3 | 389.7500000000000000 |     1.0964227472044028
              1 |      7326 |     2 |  70.5000000000000000 |     1.2938549613200657 |              1 |      7326 |     3 | 312.3333333333333333 |     1.0729415251062263
              1 |      7401 |     2 | 167.5000000000000000 |     1.0930591690620478 |              1 |      7401 |     3 | 338.0000000000000000 |     1.4314543854084172
              1 |      7722 |     2 | 347.7500000000000000 |     1.1717129792131359 |              1 |      7722 |     3 | 302.0000000000000000 |     1.2161787818201689
              1 |      8394 |     2 | 418.2500000000000000 |     1.0479942754864937 |              1 |      8394 |     3 | 182.6666666666666667 |     1.1493917017414818
              1 |      8967 |     2 | 348.5000000000000000 |     1.0490529380415638 |              1 |      8967 |     3 | 167.5000000000000000 |     1.5015093517549552
              1 |      9768 |     2 | 348.0000000000000000 |     1.0838426295557443 |              1 |      9768 |     3 | 378.0000000000000000 |     1.1858483436946508
              1 |      9973 |     2 | 399.2500000000000000 |     1.0106097832737257 |              1 |      9973 |     3 | 164.3333333333333333 |     1.5061353895787951
              1 |     10302 |     2 | 303.0000000000000000 |     1.0131421919729043 |              1 |     10302 |     3 | 272.0000000000000000 |     1.0294949196105993
              1 |     10503 |     2 | 389.3333333333333333 |     1.0686176577221481 |              1 |     10503 |     3 | 195.5000000000000000 |     1.1439098425639744
              1 |     10663 |     2 | 360.5000000000000000 |     1.1626077949289376 |              1 |     10663 |     3 | 172.6666666666666667 |     1.2770806509547876
              1 |     11634 |     2 | 143.0000000000000000 |     1.0370262345224196 |              1 |     11634 |     3 | 257.6666666666666667 |     1.0406922316686831
              1 |     12217 |     2 | 296.6666666666666667 |     1.1562256354124191 |              1 |     12217 |     3 | 235.3333333333333333 |     1.1128304853857252
              1 |     12246 |     2 | 395.0000000000000000 |     1.0242563671230228 |              1 |     12246 |     3 | 348.5000000000000000 |     1.0887009032469211
              1 |     12373 |     2 | 316.2500000000000000 |     1.4405614666609455 |              1 |     12373 |     3 | 230.7500000000000000 |     1.2346156052678743
              1 |     12417 |     2 | 362.0000000000000000 |     1.2001440481426133 |              1 |     12417 |     3 | 376.0000000000000000 |     1.1052849331559707
              1 |     12675 |     2 | 355.5000000000000000 |     1.1607060177305063 |              1 |     12675 |     3 | 357.5000000000000000 |     1.1567248120186434
              1 |     13314 |     2 | 225.0000000000000000 |     1.1219677012435556 |              1 |     13314 |     3 | 301.3333333333333333 |     1.0588744963022091
              1 |     13446 |     2 | 318.5000000000000000 |     1.1677455703500628 |              1 |     13446 |     3 | 201.7500000000000000 |     1.1793957642533036
              1 |     13515 |     2 | 383.5000000000000000 |     1.1178029293365033 |              1 |     13515 |     3 | 231.7500000000000000 |     1.0572257800750507
              1 |     13566 |     2 | 252.0000000000000000 |     1.1227353960142778 |              1 |     13566 |     3 | 281.5000000000000000 |     1.0047593825258224
              1 |     13578 |     2 | 439.2500000000000000 |     1.0256472123456574 |              1 |     13578 |     3 | 345.2500000000000000 |     1.1795172622832672
              1 |     13903 |     2 | 388.3333333333333333 |     1.1582153994207476 |              1 |     13903 |     3 | 360.3333333333333333 |     1.1667805883641804
              1 |     13971 |     2 | 409.0000000000000000 | 1.00190615052786308068 |              1 |     13971 |     3 | 159.7500000000000000 |     1.1194147028613834
              1 |     14061 |     2 | 376.6666666666666667 |     1.4239603541871558 |              1 |     14061 |     3 | 325.5000000000000000 |     1.1431365244405561
              1 |     14283 |     2 | 339.7500000000000000 |     1.0573501662918852 |              1 |     14283 |     3 | 318.0000000000000000 |     1.1468664546124214
              1 |     14520 |     2 | 187.7500000000000000 |     1.4508311967644740 |              1 |     14520 |     3 | 280.5000000000000000 |     1.1056120095574652
              1 |     15180 |     2 | 389.2500000000000000 |     1.0391355643202286 |              1 |     15180 |     3 | 395.7500000000000000 |     1.0154415247652836
              1 |     15195 |     2 | 288.0000000000000000 |     1.0367127572521632 |              1 |     15195 |     3 | 141.3333333333333333 |     1.0256343060745755
              1 |     15799 |     2 | 301.0000000000000000 |     1.1371787775075449 |              1 |     15799 |     3 | 282.2500000000000000 |     1.0637704235705368
              1 |     15931 |     2 | 272.3333333333333333 |     1.0583580819944798 |              1 |     15931 |     3 | 460.0000000000000000 |     1.0147145202745217
              1 |     16425 |     2 | 378.5000000000000000 |     1.0662076048045443 |              1 |     16425 |     3 | 396.0000000000000000 |     1.0155011375094394
              1 |     16428 |     2 | 170.0000000000000000 |     1.3253451597178529 |              1 |     16428 |     3 | 333.2500000000000000 |     1.0312496892089242
              1 |     17490 |     2 | 329.0000000000000000 |     1.0352061817068207 |              1 |     17490 |     3 | 320.5000000000000000 |     1.0682574053498752
              1 |     17551 |     2 | 264.5000000000000000 |     1.0271430824477013 |              1 |     17551 |     3 | 411.3333333333333333 |     1.1631633005604530
              2 |        60 |     2 | 263.6666666666666667 |     1.3899820280414753 |              2 |        60 |     3 | 381.0000000000000000 |     1.0830093077315328
              2 |       213 |     2 | 312.0000000000000000 |     1.1168235388844359 |              2 |       213 |     3 | 274.5000000000000000 |     1.0942493141151148
              2 |       273 |     2 | 390.0000000000000000 |     1.1424067316318462 |              2 |       273 |     3 | 349.5000000000000000 |     1.1723144228003748
              2 |       361 |     2 | 345.0000000000000000 |     1.0262097691179623 |              2 |       361 |     3 | 303.7500000000000000 |     1.4460818688536000
              2 |      1647 |     2 | 421.7500000000000000 |     1.0625658868581103 |              2 |      1647 |     3 | 299.7500000000000000 |     1.4337174681452143
              2 |      1867 |     2 | 240.0000000000000000 |     1.0338316450807500 |              2 |      1867 |     3 | 342.0000000000000000 |     1.1924878575685146
              2 |      2040 |     2 | 341.2500000000000000 |     1.1796521927055971 |              2 |      2040 |     3 | 331.0000000000000000 |     1.0071651494342991
              2 |      2349 |     2 | 346.0000000000000000 |     1.4323513973802659 |              2 |      2349 |     3 | 234.0000000000000000 |     1.2268604835971709
              2 |      2736 |     2 | 293.3333333333333333 |     1.1177781283487693 |              2 |      2736 |     3 | 447.5000000000000000 |     1.0326529156264291
              2 |      3033 |     2 | 418.0000000000000000 |     1.0025978709260598 |              2 |      3033 |     3 | 367.7500000000000000 |     1.0478196496943984
              2 |      3661 |     2 | 342.0000000000000000 |     1.0670044308085994 |              2 |      3661 |     3 | 386.3333333333333333 |     1.0457621792315798
              2 |      3699 |     2 | 257.2500000000000000 |     1.0415771994395957 |              2 |      3699 |     3 | 195.5000000000000000 |     1.0110510655802455
              2 |      4143 |     2 | 240.7500000000000000 |     1.1976472447809637 |              2 |      4143 |     3 | 326.5000000000000000 |     1.0244965743779265
              2 |      4597 |     2 | 255.3333333333333333 |     1.0478922879647507 |              2 |      4597 |     3 | 436.7500000000000000 |     1.0252581012530166
              2 |      4723 |     2 | 353.6666666666666667 |     1.0631417069219915 |              2 |      4723 |     3 | 287.3333333333333333 |     1.1828458955213109
              2 |      4812 |     2 | 350.0000000000000000 |     1.2971522970078171 |              2 |      4812 |     3 | 314.0000000000000000 |     1.0111452429903471
              2 |      5112 |     2 | 186.7500000000000000 |     1.3348584221731513 |              2 |      5112 |     3 | 248.0000000000000000 |     1.1152893424478387
              2 |      5946 |     2 | 323.2500000000000000 |     1.2974547663196628 |              2 |      5946 |     3 | 313.0000000000000000 |     1.0907849206743099
              2 |      6597 |     2 | 413.0000000000000000 |     1.0661234441169492 |              2 |      6597 |     3 | 266.0000000000000000 |     1.2731046341823496
              2 |      6787 |     2 | 351.6666666666666667 |     1.1287284823166076 |              2 |      6787 |     3 | 309.3333333333333333 |     1.6431776366587209
              2 |      7755 |     2 | 343.7500000000000000 |     1.0990907737423796 |              2 |      7755 |     3 | 153.0000000000000000 |     1.0167338412163595
              2 |      8283 |     2 | 369.6666666666666667 |     1.4626686793310694 |              2 |      8283 |     3 | 349.0000000000000000 |     1.0383568308485702
              2 |      8367 |     2 | 353.7500000000000000 |     1.2127227699650629 |              2 |      8367 |     3 | 473.7500000000000000 |     1.0669321683018449
              2 |      8514 |     2 | 402.0000000000000000 |     1.0934017278348408 |              2 |      8514 |     3 | 404.2500000000000000 |     1.1129826448805813
              2 |      8775 |     2 | 423.3333333333333333 |     1.1157169128629622 |              2 |      8775 |     3 | 364.0000000000000000 |     1.1345754722511978
              2 |     10032 |     2 | 219.5000000000000000 |     1.0994170986030706 |              2 |     10032 |     3 | 239.5000000000000000 |     1.2873335947022672
              2 |     10453 |     2 | 486.0000000000000000 |     1.2919975755013457 |              2 |     10453 |     3 | 318.3333333333333333 |     1.3094252351410398
              2 |     10489 |     2 | 244.0000000000000000 |     1.0759035876718074 |              2 |     10489 |     3 | 421.2500000000000000 |     1.0112896633743359
              2 |     10524 |     2 | 347.0000000000000000 |     1.2404591079897752 |              2 |     10524 |     3 | 316.0000000000000000 |     1.1789634720141867
              2 |     10542 |     2 | 387.3333333333333333 |     1.2058493875150688 |              2 |     10542 |     3 | 393.0000000000000000 |     1.0840192401176081
              2 |     11328 |     2 | 291.3333333333333333 |     1.5157575009893650 |              2 |     11328 |     3 | 276.0000000000000000 |     1.6195814284439783
              2 |     11467 |     2 | 330.5000000000000000 |     1.2255131542920424 |              2 |     11467 |     3 | 456.0000000000000000 |     1.3583893428057368
              2 |     11850 |     2 | 317.2500000000000000 |     1.1558422258970559 |              2 |     11850 |     3 | 187.5000000000000000 |     1.1870351487822293
              2 |     12096 |     2 | 397.0000000000000000 |     1.1055400025891486 |              2 |     12096 |     3 | 404.0000000000000000 |     1.0101537411018317
              2 |     12553 |     2 | 347.2500000000000000 |     1.0907153566297250 |              2 |     12553 |     3 | 377.6666666666666667 |     1.1504369378865463
              2 |     13369 |     2 | 353.2500000000000000 |     1.1348930346649370 |              2 |     13369 |     3 | 260.3333333333333333 |     1.4629503474900960
              2 |     13459 |     2 | 237.7500000000000000 |     1.1701745706318822 |              2 |     13459 |     3 | 380.2500000000000000 |     1.1229800738958843
              2 |     13740 |     2 | 293.0000000000000000 |     1.0356623282335836 |              2 |     13740 |     3 | 337.7500000000000000 |     1.1063494557621229
              2 |     13761 |     2 | 331.2500000000000000 |     1.1538511161513600 |              2 |     13761 |     3 | 372.5000000000000000 |     1.0942454438114846
              2 |     14238 |     2 | 279.2500000000000000 |     1.0390365853268505 |              2 |     14238 |     3 | 113.0000000000000000 |     1.2883934608958142
              2 |     14562 |     2 | 378.5000000000000000 |     1.1355154177934557 |              2 |     14562 |     3 | 315.3333333333333333 |     1.1757817448761934
              2 |     14565 |     2 | 210.5000000000000000 |     1.8299942681866081 |              2 |     14565 |     3 | 371.5000000000000000 |     1.0229782012523122
              2 |     15804 |     2 | 226.0000000000000000 |     1.2086586442317080 |              2 |     15804 |     3 | 364.0000000000000000 |     1.0559676248271099
              2 |     15889 |     2 | 150.5000000000000000 |     1.0546380678070698 |              2 |     15889 |     3 | 363.5000000000000000 |     1.1131235164609023
              2 |     16260 |     2 | 254.0000000000000000 |     1.0588184809146850 |              2 |     16260 |     3 | 264.7500000000000000 |     1.5457641770607177
              2 |     17661 |     2 | 207.5000000000000000 |     1.3354905856173253 |              2 |     17661 |     3 | 245.7500000000000000 |     1.2489625177351170
              2 |     17719 |     2 | 258.6666666666666667 |     1.1921161836514214 |              2 |     17719 |     3 | 402.2500000000000000 |     1.0725200693671374
              2 |     17988 |     2 | 353.3333333333333333 |     1.1612134585567019 |              2 |     17988 |     3 | 387.7500000000000000 |     1.0126574597300683
              3 |       819 |     2 | 215.0000000000000000 |     1.5635288031789767 |              3 |       819 |     3 | 353.2500000000000000 |     1.0025745248602576
              3 |       859 |     2 | 332.0000000000000000 |     1.3037704328814096 |              3 |       859 |     3 | 205.0000000000000000 | 1.00158906066340975610
              3 |       963 |     2 | 381.5000000000000000 |     1.1486350989709305 |              3 |       963 |     3 | 370.0000000000000000 |     1.2732942728734622
              3 |      1165 |     2 | 345.3333333333333333 |     1.0474196145854595 |              3 |      1165 |     3 | 259.7500000000000000 |     1.1853362049106372
              3 |      1188 |     2 | 332.7500000000000000 |     1.0851701356928264 |              3 |      1188 |     3 | 220.2500000000000000 |     1.0272603748866652
              3 |      1386 |     2 | 382.0000000000000000 |     1.0681334028627853 |              3 |      1386 |     3 | 388.7500000000000000 |     1.0130790015194186
              3 |      1519 |     2 | 322.0000000000000000 |     1.2823768207129348 |              3 |      1519 |     3 | 348.5000000000000000 |     1.0734226093550301
              3 |      1806 |     2 | 305.2500000000000000 |     1.2490307583330811 |              3 |      1806 |     3 | 230.7500000000000000 |     1.0189705209538548
              3 |      2145 |     2 | 257.7500000000000000 |     1.0190935892581145 |              3 |      2145 |     3 | 271.0000000000000000 |     1.2568282294673395
              3 |      2517 |     2 | 363.3333333333333333 |     1.4955299104287826 |              3 |      2517 |     3 | 234.0000000000000000 |     1.2329041312996197
              3 |      2541 |     2 | 421.0000000000000000 |     1.0038489241016770 |              3 |      2541 |     3 | 314.5000000000000000 |     1.0124061616890429
              3 |      4257 |     2 | 369.0000000000000000 |     1.0521678035518049 |              3 |      4257 |     3 | 324.7500000000000000 |     1.0221899827854411
              3 |      4513 |     2 | 364.0000000000000000 |     1.3885535091323297 |              3 |      4513 |     3 | 310.0000000000000000 |     1.3876992939965226
              3 |      5472 |     2 | 375.2500000000000000 |     1.0669756948523358 |              3 |      5472 |     3 | 340.0000000000000000 |     1.1137043459743765
              3 |      5527 |     2 | 400.0000000000000000 |     1.0655749621683125 |              3 |      5527 |     3 | 336.3333333333333333 |     1.0252997307689881
              3 |      5857 |     2 | 269.5000000000000000 |     1.1315348035386976 |              3 |      5857 |     3 | 321.0000000000000000 |     1.0926011323007103
              3 |      6159 |     2 | 248.6666666666666667 |     1.4786701588081890 |              3 |      6159 |     3 | 274.2500000000000000 |     1.1070469064351978
              3 |      6193 |     2 | 186.2500000000000000 |     1.5534038997667007 |              3 |      6193 |     3 | 426.5000000000000000 |     1.0125799154718687
              3 |      6669 |     2 | 371.5000000000000000 |     1.2238752632650067 |              3 |      6669 |     3 | 365.0000000000000000 |     1.0583312585648438
              3 |      6985 |     2 | 193.2500000000000000 |     1.2138806231848435 |              3 |      6985 |     3 | 283.0000000000000000 |     1.1490602489377491
              3 |      7356 |     2 | 200.3333333333333333 |     1.4321194372665524 |              3 |      7356 |     3 | 380.0000000000000000 |     1.0239288482321026
              3 |      8103 |     2 | 251.5000000000000000 |     1.5703349337278410 |              3 |      8103 |     3 | 317.7500000000000000 |     1.2402889911667695
              3 |      8433 |     2 | 392.0000000000000000 |     1.1751208432546684 |              3 |      8433 |     3 | 387.2500000000000000 |     1.1643625023093893
              3 |      9127 |     2 | 411.7500000000000000 |     1.0968546898707128 |              3 |      9127 |     3 | 388.5000000000000000 |     1.0098546172552149
              3 |      9183 |     2 | 355.0000000000000000 |     1.1777500384538704 |              3 |      9183 |     3 | 334.2500000000000000 |     1.0788438145105101
              3 |      9372 |     2 | 226.7500000000000000 |     1.2498503626276163 |              3 |      9372 |     3 | 260.7500000000000000 |     1.0588110484313442
              3 |      9858 |     2 | 371.7500000000000000 |     1.0872630361500336 |              3 |      9858 |     3 | 290.0000000000000000 |     1.5609026119306172
              3 |     10161 |     2 | 431.5000000000000000 |     1.0772157650315110 |              3 |     10161 |     3 | 355.3333333333333333 |     1.1206276272777664
              3 |     10689 |     2 | 278.2500000000000000 |     1.0845587721756837 |              3 |     10689 |     3 | 271.5000000000000000 |     1.0154373938506225
              3 |     10783 |     2 | 283.0000000000000000 | 1.00065114670077031802 |              3 |     10783 |     3 | 272.5000000000000000 |     1.0404365460612844
              3 |     11313 |     2 | 212.0000000000000000 |     1.0534473856475943 |              3 |     11313 |     3 | 309.7500000000000000 |     1.0966282801906667
              3 |     11655 |     2 | 402.0000000000000000 |     1.0115481318400697 |              3 |     11655 |     3 | 356.7500000000000000 |     1.1975485575332137
              3 |     11755 |     2 | 355.0000000000000000 |     1.3923274325490704 |              3 |     11755 |     3 | 299.0000000000000000 |     1.3229824017421839
              3 |     11833 |     2 | 324.0000000000000000 |     1.0464677500125309 |              3 |     11833 |     3 | 417.3333333333333333 |     1.0305445988788419
              3 |     11973 |     2 | 320.7500000000000000 |     1.0377324868186064 |              3 |     11973 |     3 | 435.2500000000000000 |     1.0619534236524457
              3 |     12129 |     2 | 249.2500000000000000 |     1.2179173147674664 |              3 |     12129 |     3 | 165.0000000000000000 |     1.2868575868097152
              3 |     12858 |     2 | 349.5000000000000000 |     1.0550674489997768 |              3 |     12858 |     3 | 359.0000000000000000 |     1.1320781141794735
              3 |     13413 |     2 | 239.7500000000000000 |     1.2508601926099228 |              3 |     13413 |     3 | 248.7500000000000000 |     1.0037398817212663
              3 |     13416 |     2 | 279.5000000000000000 |     1.1854640063794526 |              3 |     13416 |     3 | 359.0000000000000000 |     1.1250884538046462
              3 |     13431 |     2 | 333.7500000000000000 |     1.2489995248069034 |              3 |     13431 |     3 | 316.7500000000000000 |     1.0868109469784972
              3 |     14875 |     2 | 492.7500000000000000 |     1.0089011624102851 |              3 |     14875 |     3 | 322.0000000000000000 |     1.2192279212238478
              3 |     15972 |     2 | 334.2500000000000000 |     1.1573981518250621 |              3 |     15972 |     3 | 221.0000000000000000 |     1.0544701729325701
              3 |     16753 |     2 | 347.5000000000000000 |     1.0971050830114705 |              3 |     16753 |     3 | 334.5000000000000000 |     1.0235383487024036
              4 |       157 |     2 | 335.5000000000000000 |     1.0250999048128465 |              4 |       157 |     3 | 303.2500000000000000 |     1.0663313762876834
              4 |       168 |     2 | 324.0000000000000000 |     1.2598164062403302 |              4 |       168 |     3 | 229.2500000000000000 |     1.0570954062956074
              4 |      1315 |     2 | 309.7500000000000000 |     1.1378771404026699 |              4 |      1315 |     3 | 343.0000000000000000 |     1.0278859698099534
              4 |      1770 |     2 | 288.5000000000000000 |     1.0264121599491577 |              4 |      1770 |     3 | 377.0000000000000000 |     1.0692419227851485
              4 |      1813 |     2 | 281.6666666666666667 |     1.3056901859953456 |              4 |      1813 |     3 | 326.3333333333333333 |     1.0882388616932942
              4 |      1891 |     2 |  94.0000000000000000 |     1.2214600648015213 |              4 |      1891 |     3 | 373.2500000000000000 |     1.0948800583382666
              4 |      1947 |     2 | 270.7500000000000000 |     1.1403888826481145 |              4 |      1947 |     3 | 185.5000000000000000 |     1.0775604762348518
              4 |      1950 |     2 | 439.0000000000000000 |     1.0738597658571982 |              4 |      1950 |     3 | 356.0000000000000000 |     1.0582943609927781
              4 |      2475 |     2 | 313.7500000000000000 |     1.0825159907598311 |              4 |      2475 |     3 | 341.2500000000000000 |     1.0427332126613480
              4 |      2533 |     2 | 284.7500000000000000 |     1.2125282122688745 |              4 |      2533 |     3 | 519.0000000000000000 |     1.0545291881279152
              4 |      2725 |     2 | 371.2500000000000000 |     1.0455467318580525 |              4 |      2725 |     3 | 266.0000000000000000 |     1.4067536558570902
              4 |      2805 |     2 | 312.5000000000000000 |     1.1525583831922208 |              4 |      2805 |     3 | 340.7500000000000000 |     1.1634394370944945
              4 |      3393 |     2 | 371.0000000000000000 |     1.1028464742669164 |              4 |      3393 |     3 | 330.7500000000000000 |     1.3095481865321814
              4 |      3600 |     2 | 283.3333333333333333 |     1.2877484978720118 |              4 |      3600 |     3 | 139.3333333333333333 |     1.1740173164894713
              4 |      3955 |     2 | 368.2500000000000000 |     1.0079552987589029 |              4 |      3955 |     3 | 346.0000000000000000 |     1.4682393833996618
              4 |      4003 |     2 | 369.0000000000000000 |     1.1114415530845474 |              4 |      4003 |     3 | 252.0000000000000000 |     1.0286660376829722
              4 |      5730 |     2 | 323.2500000000000000 |     1.2563274460142490 |              4 |      5730 |     3 | 223.0000000000000000 |     1.0674812305998834
              4 |      5874 |     2 | 374.2500000000000000 |     1.1156881892248550 |              4 |      5874 |     3 | 269.0000000000000000 |     1.3547113128839108
              4 |      5991 |     2 | 387.0000000000000000 |     1.0558014319283902 |              4 |      5991 |     3 | 371.2500000000000000 |     1.0272563390725199
              4 |      6105 |     2 | 346.5000000000000000 |     1.0757902387752554 |              4 |      6105 |     3 | 141.2500000000000000 |     1.3764450540304283
              4 |      6135 |     2 | 438.7500000000000000 |     1.0290329056832912 |              4 |      6135 |     3 | 376.0000000000000000 |     1.0782161123402926
              4 |      6621 |     2 | 305.0000000000000000 |     1.0951277762742852 |              4 |      6621 |     3 | 300.5000000000000000 |     1.0581542959140200
              4 |      7815 |     2 | 216.3333333333333333 |     1.4201699461568182 |              4 |      7815 |     3 | 325.7500000000000000 |     1.1948743830155365
              4 |      8082 |     2 | 395.5000000000000000 |     1.0060680244269912 |              4 |      8082 |     3 | 255.3333333333333333 |     1.1395745236546880
              4 |      8107 |     2 | 284.7500000000000000 |     1.4334909156788938 |              4 |      8107 |     3 | 262.0000000000000000 |     1.1492585496545687
              4 |      8160 |     2 | 420.6666666666666667 |     1.2022190033939025 |              4 |      8160 |     3 | 342.0000000000000000 |     1.2757320329239678
              4 |      8223 |     2 | 354.5000000000000000 |     1.2368272013251989 |              4 |      8223 |     3 | 335.0000000000000000 |     1.0471813110916119
              4 |      8941 |     2 | 297.7500000000000000 |     1.5842981052932695 |              4 |      8941 |     3 | 417.6666666666666667 |     1.0066843094558763
              4 |      9045 |     2 | 311.5000000000000000 |     1.1677350109110465 |              4 |      9045 |     3 | 309.2500000000000000 |     1.0977887254994276
              4 |      9175 |     2 | 354.0000000000000000 |     1.0253459060599774 |              4 |      9175 |     3 | 418.7500000000000000 |     1.0695350902492752
              4 |      9714 |     2 | 198.7500000000000000 |     1.3450025337242264 |              4 |      9714 |     3 | 348.7500000000000000 |     1.0735849818635957
              4 |      9726 |     2 | 327.2500000000000000 |     1.0530164917752850 |              4 |      9726 |     3 | 313.5000000000000000 |     1.0326999932159809
              4 |     10173 |     2 | 290.0000000000000000 |     1.0703254234525034 |              4 |     10173 |     3 | 369.5000000000000000 |     1.1152271968007064
              4 |     10473 |     2 | 265.5000000000000000 |     1.0149966143259925 |              4 |     10473 |     3 | 316.3333333333333333 |     1.2373766193758440
              4 |     10611 |     2 | 305.3333333333333333 |     1.2631579927479858 |              4 |     10611 |     3 | 390.7500000000000000 |     1.1757320383145131
              4 |     10681 |     2 | 338.5000000000000000 |     1.0759070755712762 |              4 |     10681 |     3 | 399.5000000000000000 |     1.0093549847180626
              4 |     10761 |     2 | 472.0000000000000000 |     1.3662741195807860 |              4 |     10761 |     3 | 316.0000000000000000 |     1.0874847020013671
              4 |     11892 |     2 | 385.0000000000000000 |     1.1388981012982831 |              4 |     11892 |     3 | 373.7500000000000000 |     1.0457657230517298
              4 |     12309 |     2 | 299.5000000000000000 |     1.1735281064962471 |              4 |     12309 |     3 | 326.7500000000000000 |     1.0981020499479878
              4 |     13021 |     2 | 351.7500000000000000 |     1.2353548124357669 |              4 |     13021 |     3 | 283.0000000000000000 |     1.0256606030330989
              4 |     13197 |     2 | 493.2500000000000000 |     1.0064773338402190 |              4 |     13197 |     3 | 325.0000000000000000 | 1.00278428954633538462
              4 |     13725 |     2 | 464.0000000000000000 | 1.00165449116896336207 |              4 |     13725 |     3 | 383.2500000000000000 |     1.0884335603870528
              4 |     13879 |     2 | 261.2500000000000000 |     1.2853395303910163 |              4 |     13879 |     3 | 449.2500000000000000 |     1.0769331225438909
              4 |     13929 |     2 | 399.2500000000000000 |     1.1017957106767239 |              4 |     13929 |     3 | 388.0000000000000000 |     1.0366101988164201
              4 |     14091 |     2 | 109.0000000000000000 |     1.2882968519414771 |              4 |     14091 |     3 | 252.5000000000000000 |     1.1979199696559921
              4 |     14748 |     2 | 425.6666666666666667 |     1.0861196283882334 |              4 |     14748 |     3 | 293.0000000000000000 |     1.0995871646825495
              4 |     15075 |     2 | 386.3333333333333333 |     1.3064982642341855 |              4 |     15075 |     3 | 188.3333333333333333 |     1.0997347660781150
              4 |     15132 |     2 | 281.7500000000000000 |     1.0341058180997516 |              4 |     15132 |     3 | 337.5000000000000000 |     1.1306373161808978
              4 |     15223 |     2 | 262.5000000000000000 |     1.2776111495416381 |              4 |     15223 |     3 | 447.5000000000000000 |     1.0436950393801542
              4 |     15300 |     2 | 333.2500000000000000 |     1.2303133710120390 |              4 |     15300 |     3 | 236.3333333333333333 |     1.0100818468132172
              4 |     16039 |     2 | 436.0000000000000000 |     1.0320285390818119 |              4 |     16039 |     3 | 448.5000000000000000 |     1.0484414927292174
              4 |     16098 |     2 | 402.2500000000000000 |     1.0079896309471572 |              4 |     16098 |     3 | 301.0000000000000000 |     1.0513939793899103
              4 |     16327 |     2 | 327.7500000000000000 |     1.3120166858316034 |              4 |     16327 |     3 | 352.6666666666666667 |     1.2699489310256569
              4 |     16647 |     2 | 424.7500000000000000 |     1.0308424624405180 |              4 |     16647 |     3 | 290.2500000000000000 |     1.2164202442483411
              4 |     17871 |     2 | 217.2500000000000000 |     1.0639875039672773 |              4 |     17871 |     3 | 268.0000000000000000 |     1.0724090921191791
              5 |       673 |     2 | 331.0000000000000000 |     1.3566782499982931 |              5 |       673 |     3 | 279.7500000000000000 |     1.1719898985265308
              5 |       847 |     2 | 287.2500000000000000 |     1.3885245253582385 |              5 |       847 |     3 | 314.7500000000000000 |     1.2123728441098618
              5 |      1122 |     2 | 382.2500000000000000 |     1.0286151579004761 |              5 |      1122 |     3 | 348.0000000000000000 |     1.4908144568484425
              5 |      1302 |     2 | 408.2500000000000000 |     1.0471849483285438 |              5 |      1302 |     3 | 250.3333333333333333 |     1.4275151762309001
              5 |      1585 |     2 | 380.3333333333333333 |     1.2197227276455644 |              5 |      1585 |     3 | 331.7500000000000000 |     1.1630929399928892
              5 |      1632 |     2 | 405.5000000000000000 |     1.0031920563583970 |              5 |      1632 |     3 | 263.5000000000000000 |     1.1567525950889564
              5 |      1651 |     2 | 354.2500000000000000 |     1.1018902264037459 |              5 |      1651 |     3 | 375.2500000000000000 |     1.1331150509192538
              5 |      1723 |     2 | 296.7500000000000000 |     1.0781324375796967 |              5 |      1723 |     3 | 363.5000000000000000 |     1.1116131040827675
              5 |      1849 |     2 | 150.7500000000000000 |     1.1844016328554096 |              5 |      1849 |     3 | 331.6666666666666667 |     1.5551662149144090
              5 |      2425 |     2 | 449.3333333333333333 |     1.0653738502094243 |              5 |      2425 |     3 | 276.5000000000000000 |     1.0227964903805931
              5 |      2641 |     2 | 393.2500000000000000 |     1.0806893274256758 |              5 |      2641 |     3 | 340.2500000000000000 |     1.0941781823779045
              5 |      2685 |     2 | 375.5000000000000000 |     1.0529528090694061 |              5 |      2685 |     3 | 313.0000000000000000 |     1.0244736624478690
              5 |      2949 |     2 | 372.3333333333333333 |     1.2934305444071361 |              5 |      2949 |     3 |  94.0000000000000000 | 1.00800328381912093936
              5 |      3801 |     2 | 318.3333333333333333 |     1.0340487771091696 |              5 |      3801 |     3 | 435.5000000000000000 |     1.0107964354561010
              5 |      4095 |     2 | 263.3333333333333333 |     1.0036697605802203 |              5 |      4095 |     3 | 266.0000000000000000 |     1.0642661712540977
              5 |      4791 |     2 | 157.7500000000000000 |     1.2251055652046212 |              5 |      4791 |     3 | 440.0000000000000000 |     1.0096998572114841
              5 |      5179 |     2 | 339.3333333333333333 |     1.0240501899686523 |              5 |      5179 |     3 | 394.0000000000000000 |     1.0026141032232360
              5 |      5341 |     2 | 383.7500000000000000 |     1.1171453832857746 |              5 |      5341 |     3 | 290.2500000000000000 |     1.1298094824714453
              5 |      5778 |     2 | 177.5000000000000000 |     1.0537119156409803 |              5 |      5778 |     3 | 244.2500000000000000 |     1.0386244529020184
              5 |      7035 |     2 | 141.0000000000000000 |     1.0565233730233262 |              5 |      7035 |     3 | 260.5000000000000000 |     1.1150051148728560
              5 |      7381 |     2 | 319.2500000000000000 |     1.1231249584074487 |              5 |      7381 |     3 | 353.7500000000000000 |     1.0128123271114601
              5 |      7962 |     2 | 337.2500000000000000 |     1.0254519039831727 |              5 |      7962 |     3 | 211.2500000000000000 |     1.6382819196315361
              5 |      8070 |     2 | 266.2500000000000000 |     1.4056129994498516 |              5 |      8070 |     3 |  94.5000000000000000 |     1.0060704302335940
              5 |      8406 |     2 | 299.5000000000000000 |     1.0946511983368548 |              5 |      8406 |     3 | 380.5000000000000000 |     1.0312787911096084
              5 |      8460 |     2 | 391.7500000000000000 |     1.0047222589727403 |              5 |      8460 |     3 |  85.7500000000000000 |     1.0705757433028118
              5 |      8515 |     2 | 221.2500000000000000 |     1.1237154158754938 |              5 |      8515 |     3 | 409.7500000000000000 |     1.0091617586654423
              5 |      8832 |     2 | 346.2500000000000000 |     1.1152960874898946 |              5 |      8832 |     3 | 265.0000000000000000 |     1.2056785857031962
              5 |      8946 |     2 | 328.3333333333333333 |     1.6091780487660701 |              5 |      8946 |     3 | 410.0000000000000000 |     1.0651055028973415
              5 |      9229 |     2 | 315.7500000000000000 |     1.2052393052175994 |              5 |      9229 |     3 | 301.7500000000000000 |     1.0878287210261375
              5 |      9456 |     2 | 354.5000000000000000 |     1.1173333868823188 |              5 |      9456 |     3 | 241.5000000000000000 |     1.0380554040745880
              5 |      9945 |     2 | 141.6666666666666667 |     1.4522375052402071 |              5 |      9945 |     3 | 185.0000000000000000 |     1.0772635299355243
              5 |     10128 |     2 | 333.7500000000000000 |     1.0548671241972644 |              5 |     10128 |     3 | 399.3333333333333333 |     1.0348551149336694
              5 |     10453 |     2 | 365.7500000000000000 |     1.0458129874756582 |              5 |     10453 |     3 | 188.2500000000000000 |     1.0781166262032244
              5 |     10602 |     2 | 271.7500000000000000 |     1.0447817582345612 |              5 |     10602 |     3 | 331.7500000000000000 |     1.1015435330382185
              5 |     10615 |     2 | 204.2500000000000000 |     1.0379311870411603 |              5 |     10615 |     3 | 309.2500000000000000 |     1.0802432922868165
              5 |     11250 |     2 | 409.7500000000000000 |     1.0025673205280488 |              5 |     11250 |     3 | 352.0000000000000000 |     1.3022431031455227
              5 |     11265 |     2 | 319.5000000000000000 |     1.2908145346411455 |              5 |     11265 |     3 | 336.2500000000000000 |     1.0241525264946468
              5 |     11845 |     2 | 314.0000000000000000 |     1.4066774794161592 |              5 |     11845 |     3 | 382.7500000000000000 |     1.1299099260794383
              5 |     12631 |     2 | 287.7500000000000000 |     1.1436172109521390 |              5 |     12631 |     3 | 314.0000000000000000 |     1.1222760035441178
              5 |     13491 |     2 | 174.0000000000000000 | 1.00508462032998275862 |              5 |     13491 |     3 | 347.5000000000000000 |     1.1130070718511079
              5 |     14016 |     2 | 420.0000000000000000 |     1.2997296073238452 |              5 |     14016 |     3 | 258.3333333333333333 |     1.6188530259622142
              5 |     14523 |     2 | 450.5000000000000000 |     1.0751790124590122 |              5 |     14523 |     3 | 394.3333333333333333 |     1.2646753664006298
              5 |     15337 |     2 | 271.7500000000000000 |     1.0014040669581932 |              5 |     15337 |     3 | 293.0000000000000000 |     1.1179996936349113
              5 |     15381 |     2 | 411.0000000000000000 |     1.2412789765683260 |              5 |     15381 |     3 | 314.5000000000000000 |     1.1165644130883116
              5 |     17043 |     2 | 249.2500000000000000 |     1.2951043753562808 |              5 |     17043 |     3 | 240.0000000000000000 |     1.3465361941746042
              5 |     17667 |     2 | 474.0000000000000000 |     1.0137535098798713 |              5 |     17667 |     3 | 374.2500000000000000 |     1.0586252652588430
(250 rows)

with inv as
(select w_warehouse_name,w_warehouse_sk,i_item_sk,d_moy
       ,stdev,mean, case mean when 0 then null else stdev/mean end cov
 from(select w_warehouse_name,w_warehouse_sk,i_item_sk,d_moy
            ,stddev_samp(inv_quantity_on_hand) stdev,avg(inv_quantity_on_hand) mean
      from inventory
          ,item
          ,warehouse
          ,date_dim
      where inv_item_sk = i_item_sk
        and inv_warehouse_sk = w_warehouse_sk
        and inv_date_sk = d_date_sk
        and d_year =2002
      group by w_warehouse_name,w_warehouse_sk,i_item_sk,d_moy) foo
 where case mean when 0 then 0 else stdev/mean end > 1)
select inv1.w_warehouse_sk,inv1.i_item_sk,inv1.d_moy,inv1.mean, inv1.cov
        ,inv2.w_warehouse_sk,inv2.i_item_sk,inv2.d_moy,inv2.mean, inv2.cov
from inv inv1,inv inv2
where inv1.i_item_sk = inv2.i_item_sk
  and inv1.w_warehouse_sk =  inv2.w_warehouse_sk
  and inv1.d_moy=2
  and inv2.d_moy=2+1
  and inv1.cov > 1.5
order by inv1.w_warehouse_sk,inv1.i_item_sk,inv1.d_moy,inv1.mean,inv1.cov
        ,inv2.d_moy,inv2.mean, inv2.cov
;
psql:/tmp/s1-basline/throughput/query_3.sql:314: NOTICE:  duration: 2434.911 ms  plan:
Query Text: with inv as
(select w_warehouse_name,w_warehouse_sk,i_item_sk,d_moy
       ,stdev,mean, case mean when 0 then null else stdev/mean end cov
 from(select w_warehouse_name,w_warehouse_sk,i_item_sk,d_moy
            ,stddev_samp(inv_quantity_on_hand) stdev,avg(inv_quantity_on_hand) mean
      from inventory
          ,item
          ,warehouse
          ,date_dim
      where inv_item_sk = i_item_sk
        and inv_warehouse_sk = w_warehouse_sk
        and inv_date_sk = d_date_sk
        and d_year =2002
      group by w_warehouse_name,w_warehouse_sk,i_item_sk,d_moy) foo
 where case mean when 0 then 0 else stdev/mean end > 1)
select inv1.w_warehouse_sk,inv1.i_item_sk,inv1.d_moy,inv1.mean, inv1.cov
        ,inv2.w_warehouse_sk,inv2.i_item_sk,inv2.d_moy,inv2.mean, inv2.cov
from inv inv1,inv inv2
where inv1.i_item_sk = inv2.i_item_sk
  and inv1.w_warehouse_sk =  inv2.w_warehouse_sk
  and inv1.d_moy=2
  and inv2.d_moy=2+1
  and inv1.cov > 1.5
order by inv1.w_warehouse_sk,inv1.i_item_sk,inv1.d_moy,inv1.mean,inv1.cov
        ,inv2.d_moy,inv2.mean, inv2.cov
;
Sort  (cost=147108.71..147108.72 rows=1 width=168) (actual time=2434.724..2434.893 rows=7 loops=1)
  Sort Key: inv1.w_warehouse_sk, inv1.i_item_sk, inv1.mean, inv1.cov, inv2.mean, inv2.cov
  Sort Method: quicksort  Memory: 25kB
  CTE inv
    ->  Subquery Scan on foo  (cost=144577.10..146182.16 rows=19455 width=130) (actual time=1087.113..2414.832 rows=33944 loops=1)
          ->  HashAggregate  (cost=144577.10..145890.34 rows=19455 width=98) (actual time=1087.111..2404.886 rows=33944 loops=1)
                Group Key: warehouse.w_warehouse_name, warehouse.w_warehouse_sk, item.i_item_sk, date_dim.d_moy
                Filter: (CASE avg(inventory.inv_quantity_on_hand) WHEN '0'::numeric THEN '0'::numeric ELSE (stddev_samp(inventory.inv_quantity_on_hand) / avg(inventory.inv_quantity_on_hand)) END > '1'::numeric)
                Batches: 21  Memory Usage: 34873kB  Disk Usage: 118040kB
                Rows Removed by Filter: 506056
                ->  Gather  (cost=3870.75..143701.61 rows=58366 width=38) (actual time=28.379..364.709 rows=2340000 loops=1)
                      Workers Planned: 3
                      Workers Launched: 3
                      ->  Hash Join  (cost=2870.75..136865.01 rows=18828 width=38) (actual time=24.002..736.689 rows=585000 loops=4)
                            Hash Cond: (inventory.inv_warehouse_sk = warehouse.w_warehouse_sk)
                            ->  Hash Join  (cost=2869.64..136772.58 rows=18828 width=24) (actual time=23.772..600.900 rows=585000 loops=4)
                                  Hash Cond: (inventory.inv_item_sk = item.i_item_sk)
                                  ->  Hash Join  (cost=2322.65..136176.16 rows=18828 width=24) (actual time=19.354..505.963 rows=585000 loops=4)
                                        Hash Cond: (inventory.inv_date_sk = date_dim.d_date_sk)
                                        ->  Parallel Seq Scan on inventory  (cost=0.00..123907.26 rows=3788826 width=28) (actual time=0.019..205.292 rows=2936250 loops=4)
                                        ->  Hash  (cost=2318.11..2318.11 rows=363 width=12) (actual time=14.355..14.356 rows=365 loops=4)
                                              Buckets: 1024  Batches: 1  Memory Usage: 26kB
                                              ->  Seq Scan on date_dim  (cost=0.00..2318.11 rows=363 width=12) (actual time=7.132..14.296 rows=365 loops=4)
                                                    Filter: (d_year = 2002)
                                                    Rows Removed by Filter: 72684
                                  ->  Hash  (cost=321.99..321.99 rows=18000 width=8) (actual time=4.304..4.304 rows=18000 loops=4)
                                        Buckets: 32768  Batches: 1  Memory Usage: 960kB
                                        ->  Index Only Scan using pk_item on item  (cost=0.29..321.99 rows=18000 width=8) (actual time=0.083..2.101 rows=18000 loops=4)
                                              Heap Fetches: 0
                            ->  Hash  (cost=1.05..1.05 rows=5 width=22) (actual time=0.031..0.032 rows=5 loops=4)
                                  Buckets: 1024  Batches: 1  Memory Usage: 9kB
                                  ->  Seq Scan on warehouse  (cost=0.00..1.05 rows=5 width=22) (actual time=0.025..0.027 rows=5 loops=4)
  ->  Hash Join  (cost=439.19..926.54 rows=1 width=168) (actual time=2431.559..2434.715 rows=7 loops=1)
        Hash Cond: ((inv1.i_item_sk = inv2.i_item_sk) AND (inv1.w_warehouse_sk = inv2.w_warehouse_sk))
        ->  CTE Scan on inv inv1  (cost=0.00..486.38 rows=32 width=84) (actual time=1134.314..1138.903 rows=121 loops=1)
              Filter: ((cov > 1.5) AND (d_moy = 2))
              Rows Removed by Filter: 33823
        ->  Hash  (cost=437.74..437.74 rows=97 width=84) (actual time=1295.782..1295.782 rows=3153 loops=1)
              Buckets: 4096 (originally 1024)  Batches: 1 (originally 1)  Memory Usage: 255kB
              ->  CTE Scan on inv inv2  (cost=0.00..437.74 rows=97 width=84) (actual time=226.596..1295.064 rows=3153 loops=1)
                    Filter: (d_moy = 3)
                    Rows Removed by Filter: 30791
 w_warehouse_sk | i_item_sk | d_moy |         mean         |        cov         | w_warehouse_sk | i_item_sk | d_moy |         mean         |        cov         
----------------+-----------+-------+----------------------+--------------------+----------------+-----------+-------+----------------------+--------------------
              2 |     11328 |     2 | 291.3333333333333333 | 1.5157575009893650 |              2 |     11328 |     3 | 276.0000000000000000 | 1.6195814284439783
              2 |     14565 |     2 | 210.5000000000000000 | 1.8299942681866081 |              2 |     14565 |     3 | 371.5000000000000000 | 1.0229782012523122
              3 |       819 |     2 | 215.0000000000000000 | 1.5635288031789767 |              3 |       819 |     3 | 353.2500000000000000 | 1.0025745248602576
              3 |      6193 |     2 | 186.2500000000000000 | 1.5534038997667007 |              3 |      6193 |     3 | 426.5000000000000000 | 1.0125799154718687
              3 |      8103 |     2 | 251.5000000000000000 | 1.5703349337278410 |              3 |      8103 |     3 | 317.7500000000000000 | 1.2402889911667695
              4 |      8941 |     2 | 297.7500000000000000 | 1.5842981052932695 |              4 |      8941 |     3 | 417.6666666666666667 | 1.0066843094558763
              5 |      8946 |     2 | 328.3333333333333333 | 1.6091780487660701 |              5 |      8946 |     3 | 410.0000000000000000 | 1.0651055028973415
(7 rows)

UPDATE time_statistics SET e_time = TRANSACTION_TIMESTAMP() WHERE template = 'query39.tpl' AND stream = 3;
psql:/tmp/s1-basline/throughput/query_3.sql:316: NOTICE:  duration: 0.032 ms  plan:
Query Text: UPDATE time_statistics SET e_time = TRANSACTION_TIMESTAMP() WHERE template = 'query39.tpl' AND stream = 3;
Update on time_statistics  (cost=0.00..1.38 rows=0 width=0) (actual time=0.031..0.031 rows=0 loops=1)
  ->  Seq Scan on time_statistics  (cost=0.00..1.38 rows=1 width=14) (actual time=0.013..0.016 rows=1 loops=1)
        Filter: ((template = 'query39.tpl'::text) AND (stream = 3))
        Rows Removed by Filter: 32
UPDATE 1
LOAD 'auto_explain'; SET auto_explain.log_min_duration TO 0; SET auto_explain.log_analyze TO on; SET auto_explain.log_level TO notice; INSERT INTO time_statistics (template, s_time, stream, query, seed) VALUES ('../query_postgresql/query80.tpl', TRANSACTION_TIMESTAMP(), 3, 8, 384394546);
LOAD
SET
SET
SET
psql:/tmp/s1-basline/throughput/query_3.sql:317: NOTICE:  duration: 0.019 ms  plan:
Query Text: INSERT INTO time_statistics (template, s_time, stream, query, seed) VALUES ('../query_postgresql/query80.tpl', TRANSACTION_TIMESTAMP(), 3, 8, 384394546);
Insert on time_statistics  (cost=0.00..0.01 rows=0 width=0) (actual time=0.019..0.019 rows=0 loops=1)
  ->  Result  (cost=0.00..0.01 rows=1 width=64) (actual time=0.001..0.002 rows=1 loops=1)
INSERT 0 1
with ssr as
 (select  s_store_id as store_id,
          sum(ss_ext_sales_price) as sales,
          sum(coalesce(sr_return_amt, 0)) as returns,
          sum(ss_net_profit - coalesce(sr_net_loss, 0)) as profit
  from store_sales left outer join store_returns on
         (ss_item_sk = sr_item_sk and ss_ticket_number = sr_ticket_number),
     date_dim,
     store,
     item,
     promotion
 where ss_sold_date_sk = d_date_sk
       and d_date between cast('1999-08-10' as date) 
                  and (cast('1999-08-10' as date) + interval '30 days')
       and ss_store_sk = s_store_sk
       and ss_item_sk = i_item_sk
       and i_current_price > 50
       and ss_promo_sk = p_promo_sk
       and p_channel_tv = 'N'
 group by s_store_id)
 ,
 csr as
 (select  cp_catalog_page_id as catalog_page_id,
          sum(cs_ext_sales_price) as sales,
          sum(coalesce(cr_return_amount, 0)) as returns,
          sum(cs_net_profit - coalesce(cr_net_loss, 0)) as profit
  from catalog_sales left outer join catalog_returns on
         (cs_item_sk = cr_item_sk and cs_order_number = cr_order_number),
     date_dim,
     catalog_page,
     item,
     promotion
 where cs_sold_date_sk = d_date_sk
       and d_date between cast('1999-08-10' as date)
                  and (cast('1999-08-10' as date) +  interval '30 days')
        and cs_catalog_page_sk = cp_catalog_page_sk
       and cs_item_sk = i_item_sk
       and i_current_price > 50
       and cs_promo_sk = p_promo_sk
       and p_channel_tv = 'N'
group by cp_catalog_page_id)
 ,
 wsr as
 (select  web_site_id,
          sum(ws_ext_sales_price) as sales,
          sum(coalesce(wr_return_amt, 0)) as returns,
          sum(ws_net_profit - coalesce(wr_net_loss, 0)) as profit
  from web_sales left outer join web_returns on
         (ws_item_sk = wr_item_sk and ws_order_number = wr_order_number),
     date_dim,
     web_site,
     item,
     promotion
 where ws_sold_date_sk = d_date_sk
       and d_date between cast('1999-08-10' as date)
                  and (cast('1999-08-10' as date) + interval '30 days')
        and ws_web_site_sk = web_site_sk
       and ws_item_sk = i_item_sk
       and i_current_price > 50
       and ws_promo_sk = p_promo_sk
       and p_channel_tv = 'N'
group by web_site_id)
  select  channel
        , id
        , sum(sales) as sales
        , sum(returns) as returns
        , sum(profit) as profit
 from 
 (select 'store channel' as channel
        , 'store' || store_id as id
        , sales
        , returns
        , profit
 from   ssr
 union all
 select 'catalog channel' as channel
        , 'catalog_page' || catalog_page_id as id
        , sales
        , returns
        , profit
 from  csr
 union all
 select 'web channel' as channel
        , 'web_site' || web_site_id as id
        , sales
        , returns
        , profit
 from   wsr
 ) x
 group by rollup (channel, id)
 order by channel
         ,id
 limit 100;
psql:/tmp/s1-basline/throughput/query_3.sql:410: NOTICE:  duration: 283.775 ms  plan:
Query Text: with ssr as
 (select  s_store_id as store_id,
          sum(ss_ext_sales_price) as sales,
          sum(coalesce(sr_return_amt, 0)) as returns,
          sum(ss_net_profit - coalesce(sr_net_loss, 0)) as profit
  from store_sales left outer join store_returns on
         (ss_item_sk = sr_item_sk and ss_ticket_number = sr_ticket_number),
     date_dim,
     store,
     item,
     promotion
 where ss_sold_date_sk = d_date_sk
       and d_date between cast('1999-08-10' as date) 
                  and (cast('1999-08-10' as date) + interval '30 days')
       and ss_store_sk = s_store_sk
       and ss_item_sk = i_item_sk
       and i_current_price > 50
       and ss_promo_sk = p_promo_sk
       and p_channel_tv = 'N'
 group by s_store_id)
 ,
 csr as
 (select  cp_catalog_page_id as catalog_page_id,
          sum(cs_ext_sales_price) as sales,
          sum(coalesce(cr_return_amount, 0)) as returns,
          sum(cs_net_profit - coalesce(cr_net_loss, 0)) as profit
  from catalog_sales left outer join catalog_returns on
         (cs_item_sk = cr_item_sk and cs_order_number = cr_order_number),
     date_dim,
     catalog_page,
     item,
     promotion
 where cs_sold_date_sk = d_date_sk
       and d_date between cast('1999-08-10' as date)
                  and (cast('1999-08-10' as date) +  interval '30 days')
        and cs_catalog_page_sk = cp_catalog_page_sk
       and cs_item_sk = i_item_sk
       and i_current_price > 50
       and cs_promo_sk = p_promo_sk
       and p_channel_tv = 'N'
group by cp_catalog_page_id)
 ,
 wsr as
 (select  web_site_id,
          sum(ws_ext_sales_price) as sales,
          sum(coalesce(wr_return_amt, 0)) as returns,
          sum(ws_net_profit - coalesce(wr_net_loss, 0)) as profit
  from web_sales left outer join web_returns on
         (ws_item_sk = wr_item_sk and ws_order_number = wr_order_number),
     date_dim,
     web_site,
     item,
     promotion
 where ws_sold_date_sk = d_date_sk
       and d_date between cast('1999-08-10' as date)
                  and (cast('1999-08-10' as date) + interval '30 days')
        and ws_web_site_sk = web_site_sk
       and ws_item_sk = i_item_sk
       and i_current_price > 50
       and ws_promo_sk = p_promo_sk
       and p_channel_tv = 'N'
group by web_site_id)
  select  channel
        , id
        , sum(sales) as sales
        , sum(returns) as returns
        , sum(profit) as profit
 from 
 (select 'store channel' as channel
        , 'store' || store_id as id
        , sales
        , returns
        , profit
 from   ssr
 union all
 select 'catalog channel' as channel
        , 'catalog_page' || catalog_page_id as id
        , sales
        , returns
        , profit
 from  csr
 union all
 select 'web channel' as channel
        , 'web_site' || web_site_id as id
        , sales
        , returns
        , profit
 from   wsr
 ) x
 group by rollup (channel, id)
 order by channel
         ,id
 limit 100;
Limit  (cost=42015.55..42022.94 rows=100 width=88) (actual time=243.391..283.705 rows=100 loops=1)
  ->  GroupAggregate  (cost=42015.55..42023.46 rows=107 width=88) (actual time=243.390..283.698 rows=100 loops=1)
        Group Key: ('store channel'::text), (('store'::text || (ssr.store_id)::text))
        Group Key: ('store channel'::text)
        Group Key: ()
        ->  Gather Merge  (cost=42015.55..42021.72 rows=53 width=88) (actual time=243.383..283.645 rows=101 loops=1)
              Workers Planned: 2
              Workers Launched: 2
              ->  Sort  (cost=41015.53..41015.58 rows=21 width=88) (actual time=137.822..137.831 rows=41 loops=3)
                    Sort Key: ('store channel'::text), (('store'::text || (ssr.store_id)::text))
                    Sort Method: quicksort  Memory: 63kB
                    Worker 0:  Sort Method: quicksort  Memory: 26kB
                    Worker 1:  Sort Method: quicksort  Memory: 25kB
                    ->  Parallel Append  (cost=1.57..41015.07 rows=21 width=88) (actual time=122.882..137.699 rows=123 loops=3)
                          ->  Subquery Scan on ssr  (cost=1.57..41014.96 rows=6 width=88) (actual time=191.390..235.152 rows=6 loops=1)
                                ->  GroupAggregate  (cost=1.57..41014.87 rows=6 width=41) (actual time=191.386..235.144 rows=6 loops=1)
                                      Group Key: store.s_store_id
                                      ->  Nested Loop Left Join  (cost=1.57..41014.11 rows=56 width=49) (actual time=3.485..234.592 rows=2987 loops=1)
                                            ->  Nested Loop  (cost=1.14..40989.17 rows=56 width=49) (actual time=3.407..225.657 rows=2987 loops=1)
                                                  Join Filter: (store_sales.ss_promo_sk = promotion.p_promo_sk)
                                                  Rows Removed by Join Filter: 457604
                                                  ->  Nested Loop  (cost=1.14..40712.95 rows=59 width=57) (actual time=3.305..183.860 rows=3050 loops=1)
                                                        Join Filter: (store_sales.ss_store_sk = store.s_store_sk)
                                                        Rows Removed by Join Filter: 34462
                                                        ->  Index Scan using i_s_store_id on store  (cost=0.14..3.62 rows=12 width=25) (actual time=0.060..0.065 rows=12 loops=1)
                                                        ->  Materialize  (cost=1.01..40698.33 rows=62 width=48) (actual time=0.048..15.077 rows=3126 loops=12)
                                                              ->  Nested Loop  (cost=1.01..40698.02 rows=62 width=48) (actual time=0.573..178.409 rows=3126 loops=1)
                                                                    ->  Nested Loop  (cost=0.72..40338.58 rows=1167 width=48) (actual time=0.186..66.427 rows=61750 loops=1)
                                                                          ->  Index Scan using i_d_date on date_dim  (cost=0.29..3.11 rows=31 width=8) (actual time=0.083..0.095 rows=31 loops=1)
                                                                                Index Cond: ((d_date >= '1999-08-10'::date) AND (d_date <= '1999-09-09 00:00:00'::timestamp without time zone))
                                                                          ->  Index Scan using i_ss_sold_date_sk on store_sales  (cost=0.43..1286.06 rows=1508 width=56) (actual time=0.014..1.791 rows=1992 loops=31)
                                                                                Index Cond: (ss_sold_date_sk = date_dim.d_date_sk)
                                                                    ->  Index Scan using pk_item on item  (cost=0.29..0.31 rows=1 width=8) (actual time=0.002..0.002 rows=0 loops=61750)
                                                                          Index Cond: (i_item_sk = store_sales.ss_item_sk)
                                                                          Filter: (i_current_price > '50'::double precision)
                                                                          Rows Removed by Filter: 1
                                                  ->  Materialize  (cost=0.00..13.24 rows=298 width=8) (actual time=0.000..0.005 rows=151 loops=3050)
                                                        ->  Seq Scan on promotion  (cost=0.00..11.75 rows=298 width=8) (actual time=0.025..0.165 rows=298 loops=1)
                                                              Filter: (p_channel_tv = 'N'::bpchar)
                                                              Rows Removed by Filter: 2
                                            ->  Index Scan using pk_store_returns on store_returns  (cost=0.42..0.45 rows=1 width=32) (actual time=0.003..0.003 rows=0 loops=2987)
                                                  Index Cond: ((sr_item_sk = store_sales.ss_item_sk) AND (sr_ticket_number = store_sales.ss_ticket_number))
                          ->  Subquery Scan on wsr  (cost=11535.15..11535.77 rows=15 width=88) (actual time=94.460..94.611 rows=15 loops=1)
                                ->  GroupAggregate  (cost=11535.15..11535.54 rows=15 width=41) (actual time=94.456..94.603 rows=15 loops=1)
                                      Group Key: web_site.web_site_id
                                      ->  Sort  (cost=11535.15..11535.19 rows=16 width=49) (actual time=94.435..94.466 rows=768 loops=1)
                                            Sort Key: web_site.web_site_id
                                            Worker 0:  Sort Method: quicksort  Memory: 85kB
                                            ->  Nested Loop  (cost=1.42..11534.83 rows=16 width=49) (actual time=49.781..93.860 rows=768 loops=1)
                                                  Join Filter: (web_sales.ws_promo_sk = promotion_1.p_promo_sk)
                                                  Rows Removed by Join Filter: 229586
                                                  ->  Seq Scan on promotion promotion_1  (cost=0.00..11.75 rows=298 width=8) (actual time=0.034..0.147 rows=298 loops=1)
                                                        Filter: (p_channel_tv = 'N'::bpchar)
                                                        Rows Removed by Filter: 2
                                                  ->  Materialize  (cost=1.42..11451.60 rows=16 width=57) (actual time=0.004..0.265 rows=773 loops=298)
                                                        ->  Nested Loop  (cost=1.42..11451.52 rows=16 width=57) (actual time=1.244..70.688 rows=773 loops=1)
                                                              Join Filter: (web_sales.ws_web_site_sk = web_site.web_site_sk)
                                                              Rows Removed by Join Filter: 10538
                                                              ->  Nested Loop Left Join  (cost=1.42..11442.37 rows=16 width=48) (actual time=1.206..69.392 rows=774 loops=1)
                                                                    ->  Nested Loop  (cost=1.00..11435.32 rows=16 width=48) (actual time=1.142..65.878 rows=774 loops=1)
                                                                          ->  Nested Loop  (cost=0.72..11340.92 rows=305 width=48) (actual time=0.198..23.170 rows=16431 loops=1)
                                                                                ->  Index Scan using i_d_date on date_dim date_dim_1  (cost=0.29..3.11 rows=31 width=8) (actual time=0.098..0.110 rows=31 loops=1)
                                                                                      Index Cond: ((d_date >= '1999-08-10'::date) AND (d_date <= '1999-09-09 00:00:00'::timestamp without time zone))
                                                                                ->  Index Scan using i_ws_sold_date_sk on web_sales  (cost=0.42..361.79 rows=395 width=56) (actual time=0.016..0.634 rows=530 loops=31)
                                                                                      Index Cond: (ws_sold_date_sk = date_dim_1.d_date_sk)
                                                                          ->  Index Scan using pk_item on item item_1  (cost=0.29..0.31 rows=1 width=8) (actual time=0.002..0.002 rows=0 loops=16431)
                                                                                Index Cond: (i_item_sk = web_sales.ws_item_sk)
                                                                                Filter: (i_current_price > '50'::double precision)
                                                                                Rows Removed by Filter: 1
                                                                    ->  Index Scan using pk_web_returns on web_returns  (cost=0.42..0.44 rows=1 width=32) (actual time=0.004..0.004 rows=0 loops=774)
                                                                          Index Cond: ((wr_item_sk = web_sales.ws_item_sk) AND (wr_order_number = web_sales.ws_order_number))
                                                              ->  Materialize  (cost=0.00..2.45 rows=30 width=25) (actual time=0.000..0.001 rows=15 loops=774)
                                                                    ->  Seq Scan on web_site  (cost=0.00..2.30 rows=30 width=25) (actual time=0.033..0.050 rows=30 loops=1)
                          ->  Subquery Scan on csr  (cost=1915.72..1917.00 rows=32 width=88) (actual time=82.792..83.288 rows=349 loops=1)
                                ->  GroupAggregate  (cost=1915.72..1916.52 rows=32 width=41) (actual time=82.788..83.195 rows=349 loops=1)
                                      Group Key: catalog_page.cp_catalog_page_id
                                      ->  Sort  (cost=1915.72..1915.80 rows=32 width=49) (actual time=82.776..82.835 rows=1526 loops=1)
                                            Sort Key: catalog_page.cp_catalog_page_id
                                            Sort Method: quicksort  Memory: 170kB
                                            ->  Nested Loop  (cost=1.86..1914.92 rows=32 width=49) (actual time=0.280..80.140 rows=1526 loops=1)
                                                  ->  Nested Loop  (cost=1.71..1909.56 rows=32 width=57) (actual time=0.276..78.033 rows=1544 loops=1)
                                                        ->  Nested Loop Left Join  (cost=1.43..1899.87 rows=32 width=48) (actual time=0.266..75.750 rows=1549 loops=1)
                                                              ->  Nested Loop  (cost=1.01..1885.67 rows=32 width=48) (actual time=0.260..72.034 rows=1549 loops=1)
                                                                    ->  Nested Loop  (cost=0.72..1698.42 rows=607 width=48) (actual time=0.022..14.430 rows=31687 loops=1)
                                                                          ->  Index Scan using i_d_date on date_dim date_dim_2  (cost=0.29..3.11 rows=31 width=8) (actual time=0.011..0.024 rows=31 loops=1)
                                                                                Index Cond: ((d_date >= '1999-08-10'::date) AND (d_date <= '1999-09-09 00:00:00'::timestamp without time zone))
                                                                          ->  Index Scan using i_cs_sold_date_sk on catalog_sales  (cost=0.43..46.87 rows=782 width=56) (actual time=0.005..0.263 rows=1022 loops=31)
                                                                                Index Cond: (cs_sold_date_sk = date_dim_2.d_date_sk)
                                                                    ->  Index Scan using pk_item on item item_2  (cost=0.29..0.31 rows=1 width=8) (actual time=0.002..0.002 rows=0 loops=31687)
                                                                          Index Cond: (i_item_sk = catalog_sales.cs_item_sk)
                                                                          Filter: (i_current_price > '50'::double precision)
                                                                          Rows Removed by Filter: 1
                                                              ->  Index Scan using pk_catalog_returns on catalog_returns  (cost=0.42..0.44 rows=1 width=32) (actual time=0.002..0.002 rows=0 loops=1549)
                                                                    Index Cond: ((cr_item_sk = catalog_sales.cs_item_sk) AND (cr_order_number = catalog_sales.cs_order_number))
                                                        ->  Index Scan using pk_catalog_page on catalog_page  (cost=0.29..0.30 rows=1 width=25) (actual time=0.001..0.001 rows=1 loops=1549)
                                                              Index Cond: (cp_catalog_page_sk = catalog_sales.cs_catalog_page_sk)
                                                  ->  Index Scan using pk_promotion on promotion promotion_2  (cost=0.15..0.17 rows=1 width=8) (actual time=0.001..0.001 rows=1 loops=1544)
                                                        Index Cond: (p_promo_sk = catalog_sales.cs_promo_sk)
                                                        Filter: (p_channel_tv = 'N'::bpchar)
                                                        Rows Removed by Filter: 0
     channel     |              id              |       sales        |      returns       |       profit        
-----------------+------------------------------+--------------------+--------------------+---------------------
 catalog channel | catalog_pageAAAAAAAAABIAAAAA | 48045.939999999995 |             1400.7 | -1911.2399999999998
 catalog channel | catalog_pageAAAAAAAAACIAAAAA |           23082.18 |                  0 |             4296.01
 catalog channel | catalog_pageAAAAAAAAACLAAAAA |             1617.2 |                  0 |              378.95
 catalog channel | catalog_pageAAAAAAAAADIAAAAA | 25770.689999999995 |            1405.48 |   1704.130000000001
 catalog channel | catalog_pageAAAAAAAAAEIAAAAA |           29128.86 |            1483.06 | -5411.2699999999995
 catalog channel | catalog_pageAAAAAAAAAFIAAAAA | 16055.769999999999 |                  0 | -491.33999999999975
 catalog channel | catalog_pageAAAAAAAAAGIAAAAA |           10781.26 |             621.71 |  -605.4100000000003
 catalog channel | catalog_pageAAAAAAAAAGLAAAAA |            2717.28 |                  0 |              250.54
 catalog channel | catalog_pageAAAAAAAAAHIAAAAA |           18296.94 |            1209.41 | -11166.250000000002
 catalog channel | catalog_pageAAAAAAAAAIIAAAAA |            9360.16 |                  0 |              779.16
 catalog channel | catalog_pageAAAAAAAAAJIAAAAA |           14726.59 |                  0 |            -4166.23
 catalog channel | catalog_pageAAAAAAAAAJKAAAAA |             581.35 |                  0 |              128.59
 catalog channel | catalog_pageAAAAAAAAAKIAAAAA |             1570.1 |  648.4399999999999 | -1479.1799999999998
 catalog channel | catalog_pageAAAAAAAAAKKAAAAA |            11772.2 |            5632.55 |  3460.3100000000004
 catalog channel | catalog_pageAAAAAAAAALIAAAAA |              773.5 |             208.25 | -1692.7199999999998
 catalog channel | catalog_pageAAAAAAAAALKAAAAA |            4849.59 |                  0 | -3321.0400000000004
 catalog channel | catalog_pageAAAAAAAAAMIAAAAA | 3175.4399999999996 |              24.25 |            -7501.17
 catalog channel | catalog_pageAAAAAAAAAMKAAAAA |            9439.34 |                  0 |             -6792.8
 catalog channel | catalog_pageAAAAAAAAANIAAAAA |  8443.019999999999 |            1210.24 |           -10882.67
 catalog channel | catalog_pageAAAAAAAAANKAAAAA |           10669.88 |               99.3 |            -6893.26
 catalog channel | catalog_pageAAAAAAAAAOKAAAAA |            5023.96 |             507.76 |            -4748.25
 catalog channel | catalog_pageAAAAAAAAAPKAAAAA |            3069.27 |                  0 |  100.35000000000002
 catalog channel | catalog_pageAAAAAAAABALAAAAA |            1683.78 |                  0 |              458.89
 catalog channel | catalog_pageAAAAAAAABBIAAAAA |           11789.44 |                  0 |            -5314.79
 catalog channel | catalog_pageAAAAAAAABCIAAAAA |           12732.44 |            3552.32 | -1672.7900000000004
 catalog channel | catalog_pageAAAAAAAABCLAAAAA |               1177 |                  0 |               -1894
 catalog channel | catalog_pageAAAAAAAABDIAAAAA | 38149.450000000004 |                  0 |             4551.59
 catalog channel | catalog_pageAAAAAAAABEIAAAAA |           12531.18 |             1650.6 |  -7180.639999999999
 catalog channel | catalog_pageAAAAAAAABFIAAAAA | 31770.019999999997 |             521.75 |  2125.7299999999996
 catalog channel | catalog_pageAAAAAAAABFLAAAAA |              203.4 |                  0 |                67.8
 catalog channel | catalog_pageAAAAAAAABGIAAAAA |           19007.65 |            2306.37 |  1459.7699999999998
 catalog channel | catalog_pageAAAAAAAABGLAAAAA |            5771.04 |                  0 |            -2114.16
 catalog channel | catalog_pageAAAAAAAABHIAAAAA |            5571.72 |                  0 |              852.91
 catalog channel | catalog_pageAAAAAAAABIIAAAAA |            1626.84 |                  0 |               70.74
 catalog channel | catalog_pageAAAAAAAABJIAAAAA |            3576.48 |                  0 |  -879.3500000000001
 catalog channel | catalog_pageAAAAAAAABJKAAAAA |            6460.72 |                  0 |             1601.42
 catalog channel | catalog_pageAAAAAAAABKIAAAAA |           18399.75 |             2283.4 |           -15042.75
 catalog channel | catalog_pageAAAAAAAABKKAAAAA | 10082.010000000002 |                  0 |             3026.45
 catalog channel | catalog_pageAAAAAAAABLIAAAAA |           15629.35 |                  0 |  2804.8699999999994
 catalog channel | catalog_pageAAAAAAAABLKAAAAA |                514 |                  0 |             -887.62
 catalog channel | catalog_pageAAAAAAAABMIAAAAA |            1268.89 |             715.35 |            -5789.08
 catalog channel | catalog_pageAAAAAAAABMKAAAAA |              84.48 |                  0 |             -722.04
 catalog channel | catalog_pageAAAAAAAABNIAAAAA |             731.61 |                  0 |             -186.27
 catalog channel | catalog_pageAAAAAAAABNKAAAAA |           10742.61 |                  0 |             1173.67
 catalog channel | catalog_pageAAAAAAAABOKAAAAA | 1873.6599999999999 |                  0 |             -988.13
 catalog channel | catalog_pageAAAAAAAABPKAAAAA |            3797.34 |                  0 |  1521.0700000000002
 catalog channel | catalog_pageAAAAAAAACALAAAAA |            1398.96 |                  0 |            -2920.59
 catalog channel | catalog_pageAAAAAAAACBIAAAAA | 25590.289999999997 |             430.82 |            -4216.03
 catalog channel | catalog_pageAAAAAAAACBLAAAAA |            5063.78 |                  0 |            -2800.26
 catalog channel | catalog_pageAAAAAAAACCIAAAAA |            8074.08 |             1398.4 |  -5128.889999999999
 catalog channel | catalog_pageAAAAAAAACDIAAAAA |           44396.21 |             2934.1 |            12492.46
 catalog channel | catalog_pageAAAAAAAACEIAAAAA | 18366.440000000002 |              507.1 |             3858.89
 catalog channel | catalog_pageAAAAAAAACFIAAAAA |            47744.5 | 11600.560000000001 | -388.46000000000004
 catalog channel | catalog_pageAAAAAAAACGIAAAAA | 22560.489999999998 |                  0 | -124.35000000000036
 catalog channel | catalog_pageAAAAAAAACHIAAAAA |            9334.21 |            1013.26 |            -2250.98
 catalog channel | catalog_pageAAAAAAAACIIAAAAA |            3821.92 |            1149.33 | -3824.8199999999997
 catalog channel | catalog_pageAAAAAAAACJIAAAAA |            5213.03 |                  0 |            -5472.47
 catalog channel | catalog_pageAAAAAAAACJKAAAAA |            1461.48 |                  0 |              122.36
 catalog channel | catalog_pageAAAAAAAACKIAAAAA |           16605.14 |                  0 |            -5431.07
 catalog channel | catalog_pageAAAAAAAACKKAAAAA |  4380.139999999999 |                  0 | -2844.8199999999997
 catalog channel | catalog_pageAAAAAAAACLIAAAAA |            1882.34 |                  0 |             -817.54
 catalog channel | catalog_pageAAAAAAAACLKAAAAA |            9773.72 |                  0 |  1504.7199999999998
 catalog channel | catalog_pageAAAAAAAACMIAAAAA |            8856.34 |                  0 |  3130.5200000000004
 catalog channel | catalog_pageAAAAAAAACMKAAAAA |           13535.44 |                  0 |             4916.35
 catalog channel | catalog_pageAAAAAAAACNIAAAAA |           18080.96 |            2094.12 |  -7486.710000000001
 catalog channel | catalog_pageAAAAAAAACNKAAAAA |            8143.63 |                  0 |            -1549.94
 catalog channel | catalog_pageAAAAAAAACOKAAAAA |            3140.79 |                  0 | -11556.560000000001
 catalog channel | catalog_pageAAAAAAAACPKAAAAA |            4665.32 |                  0 |  -5619.889999999999
 catalog channel | catalog_pageAAAAAAAADBIAAAAA |           16589.33 |                  0 |            -3645.63
 catalog channel | catalog_pageAAAAAAAADCIAAAAA |            7058.48 |                  0 |             -773.02
 catalog channel | catalog_pageAAAAAAAADDIAAAAA | 32438.220000000005 |            1520.31 |  2741.3099999999986
 catalog channel | catalog_pageAAAAAAAADEIAAAAA | 21939.020000000004 |                  0 |           -14174.62
 catalog channel | catalog_pageAAAAAAAADELAAAAA |            3840.81 |                  0 |             -243.27
 catalog channel | catalog_pageAAAAAAAADFIAAAAA |             364.32 |             242.88 |            -2423.98
 catalog channel | catalog_pageAAAAAAAADGIAAAAA | 21995.010000000002 |             3007.8 |   7175.200000000001
 catalog channel | catalog_pageAAAAAAAADHIAAAAA | 3327.6600000000003 |                  0 | -1394.8700000000001
 catalog channel | catalog_pageAAAAAAAADIIAAAAA |  9012.880000000001 |                  0 |  -8123.719999999999
 catalog channel | catalog_pageAAAAAAAADJIAAAAA |           13860.65 |             577.16 |  2635.0899999999997
 catalog channel | catalog_pageAAAAAAAADJKAAAAA |            6930.02 |                  0 |             -5670.1
 catalog channel | catalog_pageAAAAAAAADKIAAAAA |             436.65 |              40.17 |            -6134.55
 catalog channel | catalog_pageAAAAAAAADKKAAAAA | 1173.1399999999999 |                  0 |  -8690.080000000002
 catalog channel | catalog_pageAAAAAAAADLIAAAAA |  4866.450000000001 |                  0 |   83.43000000000006
 catalog channel | catalog_pageAAAAAAAADLKAAAAA |           11444.84 |                  0 |             5720.52
 catalog channel | catalog_pageAAAAAAAADMIAAAAA |            5861.66 |                  0 |            -1354.78
 catalog channel | catalog_pageAAAAAAAADMKAAAAA | 15339.080000000002 |                  0 |             2035.09
 catalog channel | catalog_pageAAAAAAAADNIAAAAA |            8127.73 |                  0 | -1856.5900000000001
 catalog channel | catalog_pageAAAAAAAADNKAAAAA |             360.54 |                  0 |             -171.54
 catalog channel | catalog_pageAAAAAAAADOKAAAAA |           13026.48 |                  0 |             7279.28
 catalog channel | catalog_pageAAAAAAAADPKAAAAA |             147.58 |                  0 |             -147.11
 catalog channel | catalog_pageAAAAAAAAEALAAAAA |            2033.85 |                  0 |              108.22
 catalog channel | catalog_pageAAAAAAAAEBIAAAAA |           22776.49 |             128.25 |            -2873.49
 catalog channel | catalog_pageAAAAAAAAECIAAAAA | 10244.380000000003 |              48.96 |           -15985.07
 catalog channel | catalog_pageAAAAAAAAEDIAAAAA |           12489.68 |                  0 |             3665.63
 catalog channel | catalog_pageAAAAAAAAEEIAAAAA |              10088 |                  0 |              4726.4
 catalog channel | catalog_pageAAAAAAAAEFIAAAAA | 18162.739999999998 |                  0 |  -9226.869999999999
 catalog channel | catalog_pageAAAAAAAAEGIAAAAA |           19322.37 |                 18 |            -8529.21
 catalog channel | catalog_pageAAAAAAAAEGLAAAAA |             416.16 |                  0 |               16.32
 catalog channel | catalog_pageAAAAAAAAEHIAAAAA |            2341.67 |             273.36 |            -8234.79
 catalog channel | catalog_pageAAAAAAAAEIIAAAAA |            1984.68 |                  0 |            -2217.78
 catalog channel | catalog_pageAAAAAAAAEJIAAAAA |            13248.5 |                  0 |              594.24
(100 rows)

UPDATE time_statistics SET e_time = TRANSACTION_TIMESTAMP() WHERE template = '../query_postgresql/query80.tpl' AND stream = 3;
psql:/tmp/s1-basline/throughput/query_3.sql:412: NOTICE:  duration: 0.026 ms  plan:
Query Text: UPDATE time_statistics SET e_time = TRANSACTION_TIMESTAMP() WHERE template = '../query_postgresql/query80.tpl' AND stream = 3;
Update on time_statistics  (cost=0.00..1.38 rows=0 width=0) (actual time=0.025..0.025 rows=0 loops=1)
  ->  Seq Scan on time_statistics  (cost=0.00..1.38 rows=1 width=14) (actual time=0.012..0.012 rows=1 loops=1)
        Filter: ((template = '../query_postgresql/query80.tpl'::text) AND (stream = 3))
        Rows Removed by Filter: 33
UPDATE 1
LOAD 'auto_explain'; SET auto_explain.log_min_duration TO 0; SET auto_explain.log_analyze TO on; SET auto_explain.log_level TO notice; INSERT INTO time_statistics (template, s_time, stream, query, seed) VALUES ('query63.tpl', TRANSACTION_TIMESTAMP(), 3, 9, 888324446);
LOAD
SET
SET
SET
psql:/tmp/s1-basline/throughput/query_3.sql:413: NOTICE:  duration: 0.008 ms  plan:
Query Text: INSERT INTO time_statistics (template, s_time, stream, query, seed) VALUES ('query63.tpl', TRANSACTION_TIMESTAMP(), 3, 9, 888324446);
Insert on time_statistics  (cost=0.00..0.01 rows=0 width=0) (actual time=0.007..0.007 rows=0 loops=1)
  ->  Result  (cost=0.00..0.01 rows=1 width=64) (actual time=0.001..0.001 rows=1 loops=1)
INSERT 0 1
select  * 
from (select i_manager_id
             ,sum(ss_sales_price) sum_sales
             ,avg(sum(ss_sales_price)) over (partition by i_manager_id) avg_monthly_sales
      from item
          ,store_sales
          ,date_dim
          ,store
      where ss_item_sk = i_item_sk
        and ss_sold_date_sk = d_date_sk
        and ss_store_sk = s_store_sk
        and d_month_seq in (1192,1192+1,1192+2,1192+3,1192+4,1192+5,1192+6,1192+7,1192+8,1192+9,1192+10,1192+11)
        and ((    i_category in ('Books','Children','Electronics')
              and i_class in ('personal','portable','reference','self-help')
              and i_brand in ('scholaramalgamalg #14','scholaramalgamalg #7',
		                  'exportiunivamalg #9','scholaramalgamalg #9'))
           or(    i_category in ('Women','Music','Men')
              and i_class in ('accessories','classical','fragrances','pants')
              and i_brand in ('amalgimporto #1','edu packscholar #1','exportiimporto #1',
		                 'importoamalg #1')))
group by i_manager_id, d_moy) tmp1
where case when avg_monthly_sales > 0 then abs (sum_sales - avg_monthly_sales) / avg_monthly_sales else null end > 0.1
order by i_manager_id
        ,avg_monthly_sales
        ,sum_sales
limit 100;
psql:/tmp/s1-basline/throughput/query_3.sql:439: NOTICE:  duration: 217.240 ms  plan:
Query Text: select  * 
from (select i_manager_id
             ,sum(ss_sales_price) sum_sales
             ,avg(sum(ss_sales_price)) over (partition by i_manager_id) avg_monthly_sales
      from item
          ,store_sales
          ,date_dim
          ,store
      where ss_item_sk = i_item_sk
        and ss_sold_date_sk = d_date_sk
        and ss_store_sk = s_store_sk
        and d_month_seq in (1192,1192+1,1192+2,1192+3,1192+4,1192+5,1192+6,1192+7,1192+8,1192+9,1192+10,1192+11)
        and ((    i_category in ('Books','Children','Electronics')
              and i_class in ('personal','portable','reference','self-help')
              and i_brand in ('scholaramalgamalg #14','scholaramalgamalg #7',
		                  'exportiunivamalg #9','scholaramalgamalg #9'))
           or(    i_category in ('Women','Music','Men')
              and i_class in ('accessories','classical','fragrances','pants')
              and i_brand in ('amalgimporto #1','edu packscholar #1','exportiimporto #1',
		                 'importoamalg #1')))
group by i_manager_id, d_moy) tmp1
where case when avg_monthly_sales > 0 then abs (sum_sales - avg_monthly_sales) / avg_monthly_sales else null end > 0.1
order by i_manager_id
        ,avg_monthly_sales
        ,sum_sales
limit 100;
Limit  (cost=7663.20..7663.21 rows=6 width=20) (actual time=217.188..217.201 rows=100 loops=1)
  ->  Sort  (cost=7663.20..7663.21 rows=6 width=20) (actual time=217.188..217.194 rows=100 loops=1)
        Sort Key: tmp1.i_manager_id, tmp1.avg_monthly_sales, tmp1.sum_sales
        Sort Method: top-N heapsort  Memory: 32kB
        ->  Subquery Scan on tmp1  (cost=7662.03..7663.12 rows=6 width=20) (actual time=211.724..217.036 rows=1038 loops=1)
              Filter: (CASE WHEN (tmp1.avg_monthly_sales > '0'::double precision) THEN (abs((tmp1.sum_sales - tmp1.avg_monthly_sales)) / tmp1.avg_monthly_sales) ELSE NULL::double precision END > '0.1'::double precision)
              Rows Removed by Filter: 46
              ->  WindowAgg  (cost=7662.03..7662.69 rows=19 width=24) (actual time=211.722..216.903 rows=1084 loops=1)
                    ->  GroupAggregate  (cost=7662.03..7662.41 rows=19 width=16) (actual time=211.613..216.440 rows=1084 loops=1)
                          Group Key: item.i_manager_id, date_dim.d_moy
                          ->  Sort  (cost=7662.03..7662.07 rows=19 width=16) (actual time=211.602..212.941 rows=33487 loops=1)
                                Sort Key: item.i_manager_id, date_dim.d_moy
                                Sort Method: quicksort  Memory: 3365kB
                                ->  Nested Loop  (cost=0.76..7661.62 rows=19 width=16) (actual time=0.046..203.300 rows=33487 loops=1)
                                      Join Filter: (store_sales.ss_store_sk = store.s_store_sk)
                                      Rows Removed by Join Filter: 154896
                                      ->  Nested Loop  (cost=0.76..7657.18 rows=20 width=24) (actual time=0.041..181.571 rows=34317 loops=1)
                                            ->  Nested Loop  (cost=0.43..6923.02 rows=4157 width=28) (actual time=0.031..142.824 rows=117478 loops=1)
                                                  ->  Seq Scan on item  (cost=0.00..1931.00 rows=26 width=12) (actual time=0.021..17.009 rows=900 loops=1)
                                                        Filter: (((i_category = ANY ('{Books,Children,Electronics}'::bpchar[])) AND (i_class = ANY ('{personal,portable,reference,self-help}'::bpchar[])) AND (i_brand = ANY ('{"scholaramalgamalg #14","scholaramalgamalg #7","exportiunivamalg #9","scholaramalgamalg #9"}'::bpchar[]))) OR ((i_category = ANY ('{Women,Music,Men}'::bpchar[])) AND (i_class = ANY ('{accessories,classical,fragrances,pants}'::bpchar[])) AND (i_brand = ANY ('{"amalgimporto #1","edu packscholar #1","exportiimporto #1","importoamalg #1"}'::bpchar[]))))
                                                        Rows Removed by Filter: 17100
                                                  ->  Index Scan using pk_store_sales on store_sales  (cost=0.43..190.26 rows=174 width=32) (actual time=0.005..0.121 rows=131 loops=900)
                                                        Index Cond: (ss_item_sk = item.i_item_sk)
                                            ->  Memoize  (cost=0.33..0.36 rows=1 width=12) (actual time=0.000..0.000 rows=0 loops=117478)
                                                  Cache Key: store_sales.ss_sold_date_sk
                                                  Cache Mode: logical
                                                  Hits: 115747  Misses: 1731  Evictions: 0  Overflows: 0  Memory Usage: 139kB
                                                  ->  Index Scan using pk_date_dim on date_dim  (cost=0.32..0.35 rows=1 width=12) (actual time=0.001..0.001 rows=0 loops=1731)
                                                        Index Cond: (d_date_sk = store_sales.ss_sold_date_sk)
                                                        Filter: (d_month_seq = ANY ('{1192,1193,1194,1195,1196,1197,1198,1199,1200,1201,1202,1203}'::integer[]))
                                                        Rows Removed by Filter: 1
                                      ->  Materialize  (cost=0.00..1.18 rows=12 width=8) (actual time=0.000..0.000 rows=5 loops=34317)
                                            ->  Seq Scan on store  (cost=0.00..1.12 rows=12 width=8) (actual time=0.002..0.003 rows=12 loops=1)
 i_manager_id |     sum_sales      | avg_monthly_sales  
--------------+--------------------+--------------------
            1 |             226.98 |  1767.595833333333
            1 |             265.63 |  1767.595833333333
            1 |             294.19 |  1767.595833333333
            1 |             415.44 |  1767.595833333333
            1 |  573.6300000000001 |  1767.595833333333
            1 | 1107.0500000000002 |  1767.595833333333
            1 | 2181.0999999999995 |  1767.595833333333
            1 |            2451.76 |  1767.595833333333
            1 |            3191.53 |  1767.595833333333
            1 |  4260.509999999999 |  1767.595833333333
            1 |  4575.599999999999 |  1767.595833333333
            2 |             159.68 | 1133.4508333333335
            2 |             232.22 | 1133.4508333333335
            2 |             309.69 | 1133.4508333333335
            2 | 343.84000000000003 | 1133.4508333333335
            2 | 401.25000000000006 | 1133.4508333333335
            2 |             740.22 | 1133.4508333333335
            2 | 1006.5000000000001 | 1133.4508333333335
            2 |            1311.86 | 1133.4508333333335
            2 |            1314.78 | 1133.4508333333335
            2 | 2316.1600000000003 | 1133.4508333333335
            2 | 2404.1300000000006 | 1133.4508333333335
            2 |  3061.080000000001 | 1133.4508333333335
            3 |  678.6899999999999 | 2306.4224999999997
            3 |  836.6700000000001 | 2306.4224999999997
            3 |  877.1700000000002 | 2306.4224999999997
            3 |            1024.71 | 2306.4224999999997
            3 |            1222.77 | 2306.4224999999997
            3 | 1377.4699999999996 | 2306.4224999999997
            3 |            1401.47 | 2306.4224999999997
            3 | 3445.6400000000003 | 2306.4224999999997
            3 | 3465.0599999999977 | 2306.4224999999997
            3 |  4634.850000000001 | 2306.4224999999997
            3 | 6366.6799999999985 | 2306.4224999999997
            4 |  743.9600000000002 | 2761.6808333333333
            4 |  901.5900000000003 | 2761.6808333333333
            4 |            1095.88 | 2761.6808333333333
            4 |            1378.53 | 2761.6808333333333
            4 | 1397.4099999999999 | 2761.6808333333333
            4 | 1593.4000000000003 | 2761.6808333333333
            4 | 1707.7500000000002 | 2761.6808333333333
            4 | 3865.7499999999995 | 2761.6808333333333
            4 |            3868.21 | 2761.6808333333333
            4 |            4286.52 | 2761.6808333333333
            4 |  6079.100000000001 | 2761.6808333333333
            4 | 6222.0700000000015 | 2761.6808333333333
            5 |  834.0999999999999 | 2605.4391666666666
            5 |            1188.44 | 2605.4391666666666
            5 |            1219.41 | 2605.4391666666666
            5 | 1248.6699999999998 | 2605.4391666666666
            5 |             1304.1 | 2605.4391666666666
            5 | 1431.1899999999998 | 2605.4391666666666
            5 | 1647.3400000000001 | 2605.4391666666666
            5 |            3476.28 | 2605.4391666666666
            5 | 3681.7999999999993 | 2605.4391666666666
            5 |  4130.210000000001 | 2605.4391666666666
            5 |  5141.549999999997 | 2605.4391666666666
            5 | 5962.1799999999985 | 2605.4391666666666
            6 |              705.1 | 2360.3983333333335
            6 |  823.0299999999999 | 2360.3983333333335
            6 |             924.64 | 2360.3983333333335
            6 |             942.94 | 2360.3983333333335
            6 |             944.12 | 2360.3983333333335
            6 |            1237.96 | 2360.3983333333335
            6 |            1514.17 | 2360.3983333333335
            6 |            3414.43 | 2360.3983333333335
            6 | 3557.1800000000003 | 2360.3983333333335
            6 | 3972.4500000000016 | 2360.3983333333335
            6 |  4881.240000000001 | 2360.3983333333335
            6 | 5407.5199999999995 | 2360.3983333333335
            7 | 395.84000000000003 | 1788.8666666666668
            7 |             405.67 | 1788.8666666666668
            7 |             406.36 | 1788.8666666666668
            7 |              767.7 | 1788.8666666666668
            7 |  776.3799999999999 | 1788.8666666666668
            7 |  862.0799999999998 | 1788.8666666666668
            7 |            1256.65 | 1788.8666666666668
            7 |            2276.91 | 1788.8666666666668
            7 | 2378.4199999999996 | 1788.8666666666668
            7 | 3236.2599999999993 | 1788.8666666666668
            7 |            4344.11 | 1788.8666666666668
            7 |  4360.020000000001 | 1788.8666666666668
            8 |             381.63 | 1735.2008333333335
            8 |  703.2199999999999 | 1735.2008333333335
            8 |             838.75 | 1735.2008333333335
            8 |             902.54 | 1735.2008333333335
            8 |            1030.05 | 1735.2008333333335
            8 | 1423.9099999999996 | 1735.2008333333335
            8 | 1505.4500000000003 | 1735.2008333333335
            8 | 2326.7999999999997 | 1735.2008333333335
            8 | 2600.8100000000013 | 1735.2008333333335
            8 |  2688.460000000001 | 1735.2008333333335
            8 | 2907.6900000000005 | 1735.2008333333335
            8 |             3513.1 | 1735.2008333333335
            9 | 212.29000000000002 |  2399.326666666667
            9 |             347.08 |  2399.326666666667
            9 |             394.97 |  2399.326666666667
            9 |  558.3899999999999 |  2399.326666666667
            9 | 1461.2899999999997 |  2399.326666666667
            9 | 1692.7700000000004 |  2399.326666666667
(100 rows)

UPDATE time_statistics SET e_time = TRANSACTION_TIMESTAMP() WHERE template = 'query63.tpl' AND stream = 3;
psql:/tmp/s1-basline/throughput/query_3.sql:441: NOTICE:  duration: 0.029 ms  plan:
Query Text: UPDATE time_statistics SET e_time = TRANSACTION_TIMESTAMP() WHERE template = 'query63.tpl' AND stream = 3;
Update on time_statistics  (cost=0.00..1.38 rows=0 width=0) (actual time=0.029..0.029 rows=0 loops=1)
  ->  Seq Scan on time_statistics  (cost=0.00..1.38 rows=1 width=14) (actual time=0.014..0.014 rows=1 loops=1)
        Filter: ((template = 'query63.tpl'::text) AND (stream = 3))
        Rows Removed by Filter: 34
UPDATE 1
LOAD 'auto_explain'; SET auto_explain.log_min_duration TO 0; SET auto_explain.log_analyze TO on; SET auto_explain.log_level TO notice; INSERT INTO time_statistics (template, s_time, stream, query, seed) VALUES ('query72.tpl', TRANSACTION_TIMESTAMP(), 3, 10, 501554245);
LOAD
SET
SET
SET
psql:/tmp/s1-basline/throughput/query_3.sql:442: NOTICE:  duration: 0.022 ms  plan:
Query Text: INSERT INTO time_statistics (template, s_time, stream, query, seed) VALUES ('query72.tpl', TRANSACTION_TIMESTAMP(), 3, 10, 501554245);
Insert on time_statistics  (cost=0.00..0.01 rows=0 width=0) (actual time=0.021..0.021 rows=0 loops=1)
  ->  Result  (cost=0.00..0.01 rows=1 width=64) (actual time=0.001..0.001 rows=1 loops=1)
INSERT 0 1
select  i_item_desc
      ,w_warehouse_name
      ,d1.d_week_seq
      ,sum(case when p_promo_sk is null then 1 else 0 end) no_promo
      ,sum(case when p_promo_sk is not null then 1 else 0 end) promo
      ,count(*) total_cnt
from catalog_sales
join inventory on (cs_item_sk = inv_item_sk)
join warehouse on (w_warehouse_sk=inv_warehouse_sk)
join item on (i_item_sk = cs_item_sk)
join customer_demographics on (cs_bill_cdemo_sk = cd_demo_sk)
join household_demographics on (cs_bill_hdemo_sk = hd_demo_sk)
join date_dim d1 on (cs_sold_date_sk = d1.d_date_sk)
join date_dim d2 on (inv_date_sk = d2.d_date_sk)
join date_dim d3 on (cs_ship_date_sk = d3.d_date_sk)
left outer join promotion on (cs_promo_sk=p_promo_sk)
left outer join catalog_returns on (cr_item_sk = cs_item_sk and cr_order_number = cs_order_number)
where d1.d_week_seq = d2.d_week_seq
  and inv_quantity_on_hand < cs_quantity 
  and d3.d_date > d1.d_date + 5
  and hd_buy_potential = '1001-5000'
  and d1.d_year = 1998
  and cd_marital_status = 'W'
group by i_item_desc,w_warehouse_name,d1.d_week_seq
order by total_cnt desc, i_item_desc, w_warehouse_name, d_week_seq
limit 100;
psql:/tmp/s1-basline/throughput/query_3.sql:468: NOTICE:  duration: 543.808 ms  plan:
Query Text: select  i_item_desc
      ,w_warehouse_name
      ,d1.d_week_seq
      ,sum(case when p_promo_sk is null then 1 else 0 end) no_promo
      ,sum(case when p_promo_sk is not null then 1 else 0 end) promo
      ,count(*) total_cnt
from catalog_sales
join inventory on (cs_item_sk = inv_item_sk)
join warehouse on (w_warehouse_sk=inv_warehouse_sk)
join item on (i_item_sk = cs_item_sk)
join customer_demographics on (cs_bill_cdemo_sk = cd_demo_sk)
join household_demographics on (cs_bill_hdemo_sk = hd_demo_sk)
join date_dim d1 on (cs_sold_date_sk = d1.d_date_sk)
join date_dim d2 on (inv_date_sk = d2.d_date_sk)
join date_dim d3 on (cs_ship_date_sk = d3.d_date_sk)
left outer join promotion on (cs_promo_sk=p_promo_sk)
left outer join catalog_returns on (cr_item_sk = cs_item_sk and cr_order_number = cs_order_number)
where d1.d_week_seq = d2.d_week_seq
  and inv_quantity_on_hand < cs_quantity 
  and d3.d_date > d1.d_date + 5
  and hd_buy_potential = '1001-5000'
  and d1.d_year = 1998
  and cd_marital_status = 'W'
group by i_item_desc,w_warehouse_name,d1.d_week_seq
order by total_cnt desc, i_item_desc, w_warehouse_name, d_week_seq
limit 100;
Limit  (cost=29266.61..29266.61 rows=2 width=144) (actual time=543.718..543.734 rows=100 loops=1)
  ->  Sort  (cost=29266.61..29266.61 rows=2 width=144) (actual time=543.717..543.727 rows=100 loops=1)
        Sort Key: (count(*)) DESC, item.i_item_desc, warehouse.w_warehouse_name, d1.d_week_seq
        Sort Method: top-N heapsort  Memory: 50kB
        ->  GroupAggregate  (cost=29266.54..29266.60 rows=2 width=144) (actual time=541.808..542.943 rows=2262 loops=1)
              Group Key: item.i_item_desc, warehouse.w_warehouse_name, d1.d_week_seq
              ->  Sort  (cost=29266.54..29266.55 rows=2 width=128) (actual time=541.798..541.899 rows=2282 loops=1)
                    Sort Key: item.i_item_desc, warehouse.w_warehouse_name, d1.d_week_seq
                    Sort Method: quicksort  Memory: 481kB
                    ->  Nested Loop Left Join  (cost=3215.60..29266.53 rows=2 width=128) (actual time=25.874..538.078 rows=2282 loops=1)
                          Join Filter: (catalog_sales.cs_promo_sk = promotion.p_promo_sk)
                          Rows Removed by Join Filter: 349333
                          ->  Nested Loop  (cost=3215.60..29245.78 rows=2 width=128) (actual time=25.797..504.822 rows=2282 loops=1)
                                Join Filter: (d3.d_date > (d1.d_date + 5))
                                Rows Removed by Join Filter: 119
                                ->  Nested Loop  (cost=3215.30..29244.15 rows=5 width=140) (actual time=25.778..500.141 rows=2402 loops=1)
                                      ->  Nested Loop  (cost=3215.02..29242.62 rows=5 width=54) (actual time=25.766..492.974 rows=2402 loops=1)
                                            Join Filter: (inventory.inv_warehouse_sk = warehouse.w_warehouse_sk)
                                            Rows Removed by Join Filter: 4842
                                            ->  Nested Loop  (cost=3215.02..29241.23 rows=5 width=48) (actual time=25.755..491.727 rows=2402 loops=1)
                                                  ->  Hash Join  (cost=3214.46..24971.76 rows=1654 width=44) (actual time=25.549..265.596 rows=68215 loops=1)
                                                        Hash Cond: (d1.d_week_seq = d2.d_week_seq)
                                                        ->  Nested Loop  (cost=165.86..21903.96 rows=236 width=36) (actual time=6.045..237.104 rows=9745 loops=1)
                                                              ->  Hash Join  (cost=165.43..21352.41 rows=1179 width=44) (actual time=6.008..142.292 rows=46652 loops=1)
                                                                    Hash Cond: (catalog_sales.cs_bill_hdemo_sk = household_demographics.hd_demo_sk)
                                                                    ->  Nested Loop  (cost=0.43..21168.73 rows=7110 width=52) (actual time=5.176..115.927 rows=285676 loops=1)
                                                                          ->  Seq Scan on date_dim d1  (cost=0.00..2318.11 rows=363 width=16) (actual time=5.165..10.849 rows=365 loops=1)
                                                                                Filter: (d_year = 1998)
                                                                                Rows Removed by Filter: 72684
                                                                          ->  Index Scan using i_cs_sold_date_sk on catalog_sales  (cost=0.43..44.11 rows=782 width=60) (actual time=0.004..0.141 rows=783 loops=365)
                                                                                Index Cond: (cs_sold_date_sk = d1.d_date_sk)
                                                                    ->  Hash  (cost=150.00..150.00 rows=1200 width=8) (actual time=0.813..0.814 rows=1200 loops=1)
                                                                          Buckets: 2048  Batches: 1  Memory Usage: 63kB
                                                                          ->  Seq Scan on household_demographics  (cost=0.00..150.00 rows=1200 width=8) (actual time=0.007..0.677 rows=1200 loops=1)
                                                                                Filter: (hd_buy_potential = '1001-5000'::bpchar)
                                                                                Rows Removed by Filter: 6000
                                                              ->  Index Scan using pk_customer_demographics on customer_demographics  (cost=0.43..0.47 rows=1 width=8) (actual time=0.002..0.002 rows=0 loops=46652)
                                                                    Index Cond: (cd_demo_sk = catalog_sales.cs_bill_cdemo_sk)
                                                                    Filter: (cd_marital_status = 'W'::bpchar)
                                                                    Rows Removed by Filter: 1
                                                        ->  Hash  (cost=2135.49..2135.49 rows=73049 width=12) (actual time=19.433..19.434 rows=73049 loops=1)
                                                              Buckets: 131072  Batches: 1  Memory Usage: 4163kB
                                                              ->  Seq Scan on date_dim d2  (cost=0.00..2135.49 rows=73049 width=12) (actual time=0.002..9.627 rows=73049 loops=1)
                                                  ->  Index Scan using pk_inventory on inventory  (cost=0.56..2.57 rows=1 width=28) (actual time=0.003..0.003 rows=0 loops=68215)
                                                        Index Cond: ((inv_date_sk = d2.d_date_sk) AND (inv_item_sk = catalog_sales.cs_item_sk))
                                                        Filter: (inv_quantity_on_hand < catalog_sales.cs_quantity)
                                                        Rows Removed by Filter: 1
                                            ->  Materialize  (cost=0.00..1.07 rows=5 width=22) (actual time=0.000..0.000 rows=3 loops=2402)
                                                  ->  Seq Scan on warehouse  (cost=0.00..1.05 rows=5 width=22) (actual time=0.004..0.005 rows=5 loops=1)
                                      ->  Index Scan using pk_item on item  (cost=0.29..0.31 rows=1 width=110) (actual time=0.003..0.003 rows=1 loops=2402)
                                            Index Cond: (i_item_sk = catalog_sales.cs_item_sk)
                                ->  Index Scan using pk_date_dim on date_dim d3  (cost=0.29..0.31 rows=1 width=12) (actual time=0.001..0.001 rows=1 loops=2402)
                                      Index Cond: (d_date_sk = catalog_sales.cs_ship_date_sk)
                          ->  Materialize  (cost=0.00..12.50 rows=300 width=8) (actual time=0.000..0.006 rows=154 loops=2282)
                                ->  Seq Scan on promotion  (cost=0.00..11.00 rows=300 width=8) (actual time=0.005..0.052 rows=300 loops=1)
                                                                                               i_item_desc                                                                                                |  w_warehouse_name   | d_week_seq | no_promo | promo | total_cnt 
----------------------------------------------------------------------------------------------------------------------------------------------------------------------------------------------------------+---------------------+------------+----------+-------+-----------
 Only loyal things claim in the owners. Real, cold streets might stop to a colleagues. Then new versions must hold long arts. Losses celebrate                                                            | Persons make more e |       5158 |        0 |     3 |         3
 Afterwards personal functions must not provide gross, wrong debts. Now numerous                                                                                                                          | Parties use         |       5161 |        0 |     2 |         2
 Also large                                                                                                                                                                                               | Persons make more e |       5148 |        0 |     2 |         2
 Curtains used to bring high supporters; military, important museums                                                                                                                                      | Total, dea          |       5124 |        0 |     2 |         2
 Instead economic years may look just too clear problems. Countries might pick personally full, american results. Small rights promote a                                                                  | Single, simple r    |       5158 |        0 |     2 |         2
 Japanese, innocent areas seem together. Experts would find; novel, northern rates could not retain doubts. Profits solve linear, mutual applications. New lines sh                                       | Single, simple r    |       5162 |        0 |     2 |         2
 Just considerable others might try experiences. Easily possible factors should not neglect perhaps angles. Flat high letters ma                                                                          | Total, dea          |       5158 |        0 |     2 |         2
 Magazines tell furthermore long total historians. Northern tanks take only immen                                                                                                                         | Parties use         |       5159 |        0 |     2 |         2
 Negative, little                                                                                                                                                                                         | Parties use         |       5158 |        0 |     2 |         2
 Only findings should sort constantly. Services must promise types. Very certain industries would no                                                                                                      | Persons make more e |       5162 |        0 |     2 |         2
 Particular birds read too major, heavy girls. Again controversial sums will aim very typical, complete teachers. As great posts play again in favour of a words. Earlier successful experiments c        | Single, simple r    |       5163 |        0 |     2 |         2
 Programmes would not wait. Miles give swiss types; less red eyes ought to resist                                                                                                                         | Total, dea          |       5160 |        0 |     2 |         2
 Qualifications should live easily expensive, classical decades. Raw, light divis                                                                                                                         | Single, simple r    |       5158 |        0 |     2 |         2
 Serious instructions lose there once good facilities. Worthwhile, good problems will achieve relatively powerful problems. Free, conservative details may see figures. Wishes sit                        | Total, dea          |       5159 |        0 |     2 |         2
 So free requests might not ensure brown, racial others; groups cr                                                                                                                                        | Total, dea          |       5165 |        0 |     2 |         2
 Spanish, dangerous cases protect around. Elected, linear women think more. Middle fans t                                                                                                                 | Parties use         |       5148 |        0 |     2 |         2
 T                                                                                                                                                                                                        | Parties use         |       5158 |        0 |     2 |         2
 Thus great mice understand. Years could see alm                                                                                                                                                          | Total, dea          |       5159 |        0 |     2 |         2
 Too low case                                                                                                                                                                                             | Single, simple r    |       5147 |        0 |     2 |         2
 Able, awful settings could find often other, diffic                                                                                                                                                      | Single, simple r    |       5128 |        0 |     1 |         1
 Able, awful settings could find often other, diffic                                                                                                                                                      | Total, dea          |       5128 |        0 |     1 |         1
 Able banks shall press in a names. Normal, military negotiations used to offer twice structures. Complete, inner rewards should say now with a police. About past members                                | Total, dea          |       5161 |        0 |     1 |         1
 Able cities should not limit. Kinds must seem tonight sexual firms. Critical weeks would get proposed, delicious guidelines; wrong procedures learn very. Important eyes may display in                  | Parties use         |       5164 |        0 |     1 |         1
 Able, desperate games display on a employees; trials know similar,                                                                                                                                       | Total, dea          |       5135 |        0 |     1 |         1
 Able, large features could pursue oral, practical players. Religious police ought to consider leads. Severe weeks begin more with a variations. Stations arise only only blue weeks. New, bad boys lik   | Single, simple r    |       5140 |        0 |     1 |         1
 Able, large numbers dispose inherently with the researchers. Public members                                                                                                                              | Parties use         |       5131 |        0 |     1 |         1
 Able, left banks will preserve ibid intense clothes. Large schools provide grey men. Working terms for                                                                                                   | Single, simple r    |       5146 |        0 |     1 |         1
 Able, solar arms can obtain. Personal, strong terms resort however disastrous weaknesses; periods could hit elements.                                                                                    | Persons make more e |       5129 |        0 |     1 |         1
 About anonymous restrictions will last both large, living customers. Discussions produce. High needs come doubtful, human influences.                                                                    | Persons make more e |       5157 |        0 |     1 |         1
 About fine eyes provide in a findings. Yellow, plain results understand more than distinct questions. Scottish                                                                                           | Persons make more e |       5157 |        0 |     1 |         1
 About fresh reduc                                                                                                                                                                                        | Single, simple r    |       5145 |        0 |     1 |         1
 Above definite exhibitions might come even on a events; small, financial estates can feel really with a flames. Types                                                                                    | Total, dea          |       5146 |        0 |     1 |         1
 Above severe facilities should not see thick successful, cultural miles. High whole magistrates protest very common, great orders. Rights pick ever to a hundreds                                        | Persons make more e |       5121 |        0 |     1 |         1
 Absolute parties would not drink interested rooms. Then subsequent meetings cannot talk new blues. Areas might account men. Days will discover with a e                                                  | Neither dea         |       5149 |        0 |     1 |         1
 Absolute parties would not drink interested rooms. Then subsequent meetings cannot talk new blues. Areas might account men. Days will discover with a e                                                  | Total, dea          |       5149 |        0 |     1 |         1
 Abstract tim                                                                                                                                                                                             | Single, simple r    |       5117 |        0 |     1 |         1
 Acceptable methods would not provide only. Cases read programmes. Lights send now soon clinical areas; aspects may not deal sure for the gates. Still political hands should join significant forms.     | Persons make more e |       5148 |        0 |     1 |         1
 Accountants beat into a lines. Problems would identify. Small girls should not ensure. Unlikely traditions go only adverse types. Now necessary arms reverse rough eyebr                                 | Neither dea         |       5147 |        0 |     1 |         1
 Actions might not keep possible, annual areas. Possibly material policies will shoot of course. New others should not call however traditional, huge prospects. Concerned fans can examin                | Total, dea          |       5117 |        0 |     1 |         1
 Active, black months lay reasons. Top, alternative men overcome on a indicators. Elsewhere interested divisions leave. Social, european decades pray. Inherent, easy words ought to assume go            | Single, simple r    |       5166 |        0 |     1 |         1
 Activities can keep now contemporary sales                                                                                                                                                               | Neither dea         |       5125 |        0 |     1 |         1
 Activities can keep now contemporary sales                                                                                                                                                               | Single, simple r    |       5125 |        0 |     1 |         1
 Actual, african spirits decide nowhere shares                                                                                                                                                            | Parties use         |       5148 |        0 |     1 |         1
 Actually glad children deduce theoretical, hot pupils. Economic proposals get. Little, similar windows must go for a lights. Hig                                                                         | Parties use         |       5161 |        0 |     1 |         1
 Actually particular years might produce ago male risks. Wrong, specific names would see open abruptly limited boys. Writers must become also gre                                                         | Total, dea          |       5145 |        0 |     1 |         1
 Adult, cultural services ought to present then in the conditions.                                                                                                                                        | Single, simple r    |       5127 |        0 |     1 |         1
 Affairs include only for a applications. Hands will know almost. Again good parents treat strong structures. Participants will use sincerely simple, important reasons. Actually quiet minutes migh      | Persons make more e |       5149 |        0 |     1 |         1
 Affairs make however; successful magistrates tell services; usually normal measures could hold with a sides. Lights may not win soon new j                                                               | Neither dea         |       5140 |        0 |     1 |         1
 Affairs make however; successful magistrates tell services; usually normal measures could hold with a sides. Lights may not win soon new j                                                               | Single, simple r    |       5156 |        0 |     1 |         1
 Afterwards silent times report really matters. Long cheeks investigate hard new, crazy origins. Police move. Visitors concentrate comple                                                                 | Single, simple r    |       5148 |        0 |     1 |         1
 Again different months recognize good considerable arms. Conservative problems cannot fit nevertheless                                                                                                   | Persons make more e |       5145 |        0 |     1 |         1
 Again established years occur                                                                                                                                                                            | Single, simple r    |       5123 |        0 |     1 |         1
 Again exotic qualifications establish for example for example proud leaders. Lonely, prominent hundreds should play more much dependent contributions; social, f                                         | Neither dea         |       5143 |        0 |     1 |         1
 Again exotic qualifications establish for example for example proud leaders. Lonely, prominent hundreds should play more much dependent contributions; social, f                                         | Single, simple r    |       5143 |        0 |     1 |         1
 Again huge contracts must remain more in a affairs. Forces teach slightly european settings. Popular, cold roles go therefore. Still c                                                                   | Single, simple r    |       5124 |        0 |     1 |         1
 Again legal buildings cure then in a men; men must compensate aloft moves. Questions could not ups                                                                                                       | Single, simple r    |       5124 |        0 |     1 |         1
 Again old inter                                                                                                                                                                                          | Parties use         |       5144 |        0 |     1 |         1
 Again running courses ought to come; royal proposals could not punish tomorrow from a situations. Impressive, specific readers might find please companies. Full guests could lie internatio             | Persons make more e |       5138 |        0 |     1 |         1
 Again top pressures conceive. Nuclear forms double further products. Major, nice questions give. Financial secrets can                                                                                   | Persons make more e |       5160 |        0 |     1 |         1
 Again visual signs see just uncomfortable machines. Memories see practical, current police. Here upper lives o                                                                                           | Persons make more e |       5159 |        0 |     1 |         1
 Agencies will preserve more. Impossible, supposed countries refer by a members. A                                                                                                                        | Persons make more e |       5161 |        0 |     1 |         1
 Agents stay recent opportunities. Serious, new terms ought to respond always gentle, empty functions. Legal, different unions risk deep difficul                                                         | Persons make more e |       5165 |        1 |     0 |         1
 Agents stay recent opportunities. Serious, new terms ought to respond always gentle, empty functions. Legal, different unions risk deep difficul                                                         | Total, dea          |       5159 |        0 |     1 |         1
 Agents stay recent opportunities. Serious, new terms ought to respond always gentle, empty functions. Legal, different unions risk deep difficul                                                         | Total, dea          |       5165 |        1 |     0 |         1
 Ago national areas survive late citizens. Students repeat happily from a                                                                                                                                 | Parties use         |       5163 |        0 |     1 |         1
 Ago real links require administrative, recent pp.. Most complete reasons address further in an friends.                                                                                                  | Total, dea          |       5159 |        0 |     1 |         1
 Agricultural, constant years woul                                                                                                                                                                        | Total, dea          |       5158 |        0 |     1 |         1
 Ahead important articles should raise bodies. Experts can assess to and fro model tactics. Especially eas                                                                                                | Parties use         |       5122 |        0 |     1 |         1
 Al                                                                                                                                                                                                       | Total, dea          |       5141 |        0 |     1 |         1
 Alike new hospitals cease now for                                                                                                                                                                        | Parties use         |       5132 |        0 |     1 |         1
 Alive, welsh facilities would feel with a packages. Perhaps old words used to sp                                                                                                                         | Parties use         |       5157 |        0 |     1 |         1
 All african feet cannot get finally like the mana                                                                                                                                                        | Total, dea          |       5150 |        0 |     1 |         1
 All civil qualifications could cause thinly gay conclusions; hands go maybe at a troubles; largely rare players will not stop services. Sure static interpretations will pay to a                        | Persons make more e |       5156 |        0 |     1 |         1
 All electrical schools might return different, other hands; costs force eagerly good, important shows. Late aware weeks enjoy again scientific exchanges. Military,                                      | Neither dea         |       5114 |        0 |     1 |         1
 All favorite premises may write electroni                                                                                                                                                                | Neither dea         |       5165 |        0 |     1 |         1
 All good matters ought to understand ever easy babies. Authorities go to a careers; australian examples breathe just with a pounds. Highly different v                                                   | Total, dea          |       5160 |        0 |     1 |         1
 Allies determine obviously years. Families seek most trees. Even physical policies explain as ashamed ministers. Crossly critical flowers find ever other opinions. Lines would not mean only. Other co  | Persons make more e |       5151 |        0 |     1 |         1
 Allies determine obviously years. Families seek most trees. Even physical policies explain as ashamed ministers. Crossly critical flowers find ever other opinions. Lines would not mean only. Other co  | Persons make more e |       5154 |        0 |     1 |         1
 All lively amounts would not penetrate often out of a times. Special figures find also for a miles. Chapters mean perhaps forces. Mathematical shows try far else fresh points. Policies burst particula | Persons make more e |       5142 |        0 |     1 |         1
 All old agreements ought to improve especially small british elections. Interested, good techniques ought to asse                                                                                        | Single, simple r    |       5133 |        0 |     1 |         1
 All right english things speak for a inches; brilliant, professional reforms see further single, regular resources. European, capital events shall facili                                                | Neither dea         |       5164 |        0 |     1 |         1
 All right significant boys will construct very special tasks. Novel charges used to win just in a lives. Long groups must enable. New feet improve no longer ot                                          | Parties use         |       5154 |        0 |     1 |         1
 All white parties should happen costs. Awards offer; interests take. Details live now parliamentary demands; childre                                                                                     | Persons make more e |       5146 |        0 |     1 |         1
 All white parties should happen costs. Awards offer; interests take. Details live now parliamentary demands; childre                                                                                     | Single, simple r    |       5128 |        0 |     1 |         1
 Almost new papers will share for a situations. U                                                                                                                                                         | Total, dea          |       5151 |        0 |     1 |         1
 Alone, environmental boards visit also only sensitive words. Important policies should retain outside, alone years. Models concede within the ages. There main individuals save very ways; changes ma    | Persons make more e |       5153 |        0 |     1 |         1
 Alone, environmental boards visit also only sensitive words. Important policies should retain outside, alone years. Models concede within the ages. There main individuals save very ways; changes ma    | Single, simple r    |       5153 |        0 |     1 |         1
 Alone involved books believe boundaries. Adults would draft related, long women. Soviet hours will refrain attractive sales. Yards will co                                                               | Persons make more e |       5152 |        0 |     1 |         1
 Alone, simple businessmen might feel home interesting eyes. Only parental positions might find upstairs labour conditions. More late trees will not produce workers. Patients                            | Parties use         |       5162 |        0 |     1 |         1
 Alone, simple businessmen might feel home interesting eyes. Only parental positions might find upstairs labour conditions. More late trees will not produce workers. Patients                            | Single, simple r    |       5162 |        0 |     1 |         1
 Aloud good years should tell again. Men might not sign as good opportunities. Cities hold with the hotels. Experiments ought to bring for a democrats.                                                   | Persons make more e |       5132 |        0 |     1 |         1
 Already bad cases come on a fingers. Minutes tackle; various objects stay by a phenomena. Different stude                                                                                                | Total, dea          |       5164 |        0 |     1 |         1
 Already famous priorities might mean at the parents; investigations assemble. Parts put clearly full, welsh teeth; initial, british levels may not investigate now from a cells; coastal fri             | Persons make more e |       5140 |        0 |     1 |         1
 Already famous priorities might mean at the parents; investigations assemble. Parts put clearly full, welsh teeth; initial, british levels may not investigate now from a cells; coastal fri             | Single, simple r    |       5140 |        0 |     1 |         1
 Already initial scots s                                                                                                                                                                                  | Parties use         |       5163 |        0 |     1 |         1
 Already new ways run that surprised, important others. Formal, united things co                                                                                                                          | Single, simple r    |       5163 |        0 |     1 |         1
 Also available studies will not arrange seldom adjacent to a weaknesses. Rapidly senior services get occasionally perhaps immense powers                                                                 | Total, dea          |       5132 |        0 |     1 |         1
 Also aware members shall not end references. Main, labour stories come moreover pregnant, vast elec                                                                                                      | Parties use         |       5160 |        0 |     1 |         1
 Also dangerous bacteria enable united, political issues. Large stories may depend therefore virtually strategic policies. Very, special schools may dec                                                  | Single, simple r    |       5146 |        0 |     1 |         1
 Also decisive factors provide measures. At least good numbers recall for instance as a tasks; big, o                                                                                                     | Single, simple r    |       5152 |        0 |     1 |         1
(100 rows)

UPDATE time_statistics SET e_time = TRANSACTION_TIMESTAMP() WHERE template = 'query72.tpl' AND stream = 3;
psql:/tmp/s1-basline/throughput/query_3.sql:470: NOTICE:  duration: 0.028 ms  plan:
Query Text: UPDATE time_statistics SET e_time = TRANSACTION_TIMESTAMP() WHERE template = 'query72.tpl' AND stream = 3;
Update on time_statistics  (cost=0.00..1.38 rows=0 width=0) (actual time=0.028..0.028 rows=0 loops=1)
  ->  Seq Scan on time_statistics  (cost=0.00..1.38 rows=1 width=14) (actual time=0.014..0.014 rows=1 loops=1)
        Filter: ((template = 'query72.tpl'::text) AND (stream = 3))
        Rows Removed by Filter: 35
UPDATE 1
LOAD 'auto_explain'; SET auto_explain.log_min_duration TO 0; SET auto_explain.log_analyze TO on; SET auto_explain.log_level TO notice; INSERT INTO time_statistics (template, s_time, stream, query, seed) VALUES ('query18.tpl', TRANSACTION_TIMESTAMP(), 3, 11, 351901222);
LOAD
SET
SET
SET
psql:/tmp/s1-basline/throughput/query_3.sql:471: NOTICE:  duration: 0.008 ms  plan:
Query Text: INSERT INTO time_statistics (template, s_time, stream, query, seed) VALUES ('query18.tpl', TRANSACTION_TIMESTAMP(), 3, 11, 351901222);
Insert on time_statistics  (cost=0.00..0.01 rows=0 width=0) (actual time=0.008..0.008 rows=0 loops=1)
  ->  Result  (cost=0.00..0.01 rows=1 width=64) (actual time=0.001..0.002 rows=1 loops=1)
INSERT 0 1
select  i_item_id,
        ca_country,
        ca_state, 
        ca_county,
        avg( cast(cs_quantity as decimal(12,2))) agg1,
        avg( cast(cs_list_price as decimal(12,2))) agg2,
        avg( cast(cs_coupon_amt as decimal(12,2))) agg3,
        avg( cast(cs_sales_price as decimal(12,2))) agg4,
        avg( cast(cs_net_profit as decimal(12,2))) agg5,
        avg( cast(c_birth_year as decimal(12,2))) agg6,
        avg( cast(cd1.cd_dep_count as decimal(12,2))) agg7
 from catalog_sales, customer_demographics cd1, 
      customer_demographics cd2, customer, customer_address, date_dim, item
 where cs_sold_date_sk = d_date_sk and
       cs_item_sk = i_item_sk and
       cs_bill_cdemo_sk = cd1.cd_demo_sk and
       cs_bill_customer_sk = c_customer_sk and
       cd1.cd_gender = 'M' and 
       cd1.cd_education_status = 'Primary' and
       c_current_cdemo_sk = cd2.cd_demo_sk and
       c_current_addr_sk = ca_address_sk and
       c_birth_month in (8,9,10,12,4,11) and
       d_year = 2000 and
       ca_state in ('AR','IA','CA'
                   ,'NJ','TX','OH','FL')
 group by rollup (i_item_id, ca_country, ca_state, ca_county)
 order by ca_country,
        ca_state, 
        ca_county,
	i_item_id
 limit 100;
psql:/tmp/s1-basline/throughput/query_3.sql:502: NOTICE:  duration: 791.690 ms  plan:
Query Text: select  i_item_id,
        ca_country,
        ca_state, 
        ca_county,
        avg( cast(cs_quantity as decimal(12,2))) agg1,
        avg( cast(cs_list_price as decimal(12,2))) agg2,
        avg( cast(cs_coupon_amt as decimal(12,2))) agg3,
        avg( cast(cs_sales_price as decimal(12,2))) agg4,
        avg( cast(cs_net_profit as decimal(12,2))) agg5,
        avg( cast(c_birth_year as decimal(12,2))) agg6,
        avg( cast(cd1.cd_dep_count as decimal(12,2))) agg7
 from catalog_sales, customer_demographics cd1, 
      customer_demographics cd2, customer, customer_address, date_dim, item
 where cs_sold_date_sk = d_date_sk and
       cs_item_sk = i_item_sk and
       cs_bill_cdemo_sk = cd1.cd_demo_sk and
       cs_bill_customer_sk = c_customer_sk and
       cd1.cd_gender = 'M' and 
       cd1.cd_education_status = 'Primary' and
       c_current_cdemo_sk = cd2.cd_demo_sk and
       c_current_addr_sk = ca_address_sk and
       c_birth_month in (8,9,10,12,4,11) and
       d_year = 2000 and
       ca_state in ('AR','IA','CA'
                   ,'NJ','TX','OH','FL')
 group by rollup (i_item_id, ca_country, ca_state, ca_county)
 order by ca_country,
        ca_state, 
        ca_county,
	i_item_id
 limit 100;
Limit  (cost=24817.68..24817.93 rows=100 width=272) (actual time=791.567..791.581 rows=100 loops=1)
  ->  Sort  (cost=24817.68..24818.16 rows=193 width=272) (actual time=791.566..791.573 rows=100 loops=1)
        Sort Key: customer_address.ca_country, customer_address.ca_state, customer_address.ca_county, item.i_item_id
        Sort Method: top-N heapsort  Memory: 47kB
        ->  GroupAggregate  (cost=24801.92..24810.35 rows=193 width=272) (actual time=760.553..787.553 rows=8227 loops=1)
              Group Key: item.i_item_id, customer_address.ca_country, customer_address.ca_state, customer_address.ca_county
              Group Key: item.i_item_id, customer_address.ca_country, customer_address.ca_state
              Group Key: item.i_item_id, customer_address.ca_country
              Group Key: item.i_item_id
              Group Key: ()
              ->  Sort  (cost=24801.92..24802.04 rows=48 width=92) (actual time=760.501..760.622 rows=2192 loops=1)
                    Sort Key: item.i_item_id, customer_address.ca_country, customer_address.ca_state, customer_address.ca_county
                    Sort Method: quicksort  Memory: 388kB
                    ->  Nested Loop  (cost=2.15..24800.58 rows=48 width=92) (actual time=7.446..754.097 rows=2192 loops=1)
                          ->  Nested Loop  (cost=1.86..24785.89 rows=48 width=83) (actual time=7.442..747.552 rows=2192 loops=1)
                                ->  Nested Loop  (cost=1.44..24758.21 rows=50 width=91) (actual time=7.436..743.788 rows=2224 loops=1)
                                      ->  Nested Loop  (cost=1.15..24674.63 rows=242 width=68) (actual time=5.221..722.926 rows=10314 loops=1)
                                            ->  Nested Loop  (cost=0.85..24512.66 rows=506 width=56) (actual time=5.193..684.598 rows=20558 loops=1)
                                                  ->  Nested Loop  (cost=0.43..21168.73 rows=7110 width=60) (actual time=5.085..138.738 rows=288171 loops=1)
                                                        ->  Seq Scan on date_dim  (cost=0.00..2318.11 rows=363 width=8) (actual time=5.062..10.714 rows=366 loops=1)
                                                              Filter: (d_year = 2000)
                                                              Rows Removed by Filter: 72683
                                                        ->  Index Scan using i_cs_sold_date_sk on catalog_sales  (cost=0.43..44.11 rows=782 width=68) (actual time=0.004..0.190 rows=787 loops=366)
                                                              Index Cond: (cs_sold_date_sk = date_dim.d_date_sk)
                                                  ->  Index Scan using pk_customer_demographics on customer_demographics cd1  (cost=0.43..0.47 rows=1 width=12) (actual time=0.002..0.002 rows=0 loops=288171)
                                                        Index Cond: (cd_demo_sk = catalog_sales.cs_bill_cdemo_sk)
                                                        Filter: ((cd_gender = 'M'::bpchar) AND (cd_education_status = 'Primary'::bpchar))
                                                        Rows Removed by Filter: 1
                                            ->  Index Scan using pk_customer on customer  (cost=0.29..0.32 rows=1 width=28) (actual time=0.002..0.002 rows=1 loops=20558)
                                                  Index Cond: (c_customer_sk = catalog_sales.cs_bill_customer_sk)
                                                  Filter: (c_birth_month = ANY ('{8,9,10,12,4,11}'::integer[]))
                                                  Rows Removed by Filter: 0
                                      ->  Index Scan using pk_customer_address on customer_address  (cost=0.29..0.35 rows=1 width=39) (actual time=0.002..0.002 rows=0 loops=10314)
                                            Index Cond: (ca_address_sk = customer.c_current_addr_sk)
                                            Filter: (ca_state = ANY ('{AR,IA,CA,NJ,TX,OH,FL}'::bpchar[]))
                                            Rows Removed by Filter: 1
                                ->  Index Only Scan using pk_customer_demographics on customer_demographics cd2  (cost=0.43..0.55 rows=1 width=8) (actual time=0.001..0.001 rows=1 loops=2224)
                                      Index Cond: (cd_demo_sk = customer.c_current_cdemo_sk)
                                      Heap Fetches: 0
                          ->  Index Scan using pk_item on item  (cost=0.29..0.31 rows=1 width=25) (actual time=0.003..0.003 rows=1 loops=2192)
                                Index Cond: (i_item_sk = catalog_sales.cs_item_sk)
    i_item_id     |  ca_country   | ca_state |    ca_county     |          agg1          |         agg2         |          agg3          |          agg4          |          agg5          |         agg6          |          agg7          
------------------+---------------+----------+------------------+------------------------+----------------------+------------------------+------------------------+------------------------+-----------------------+------------------------
 AAAAAAAAADFAAAAA | United States | AR       | Arkansas County  |    76.0000000000000000 | 225.5200000000000000 | 0.00000000000000000000 |   148.8400000000000000 |  5560.1600000000000000 | 1978.0000000000000000 |     5.0000000000000000
 AAAAAAAAALFBAAAA | United States | AR       | Arkansas County  |    37.0000000000000000 | 250.9300000000000000 | 0.00000000000000000000 |   223.3200000000000000 |  5136.7100000000000000 | 1990.0000000000000000 |     3.0000000000000000
 AAAAAAAABIDEAAAA | United States | AR       | Arkansas County  |     6.0000000000000000 | 180.7400000000000000 | 0.00000000000000000000 |   103.0200000000000000 |    18.9600000000000000 | 1978.0000000000000000 |     5.0000000000000000
 AAAAAAAACEBDAAAA | United States | AR       | Arkansas County  |    11.0000000000000000 |  53.6700000000000000 |    82.9400000000000000 |    10.1900000000000000 |  -414.8100000000000000 | 1978.0000000000000000 |     5.0000000000000000
 AAAAAAAACILBAAAA | United States | AR       | Arkansas County  |    52.0000000000000000 | 167.9200000000000000 | 0.00000000000000000000 |   127.6100000000000000 |  1966.1200000000000000 | 1990.0000000000000000 |     3.0000000000000000
 AAAAAAAACKABAAAA | United States | AR       | Arkansas County  |    87.0000000000000000 |  63.3400000000000000 |   458.6900000000000000 |    10.7600000000000000 | -3100.8800000000000000 | 1978.0000000000000000 |     5.0000000000000000
 AAAAAAAAGNDBAAAA | United States | AR       | Arkansas County  |    38.0000000000000000 |  98.4600000000000000 | 0.00000000000000000000 |    24.6100000000000000 |  -881.2200000000000000 | 1978.0000000000000000 |     5.0000000000000000
 AAAAAAAAHGJDAAAA | United States | AR       | Arkansas County  |    99.0000000000000000 |  40.6800000000000000 |   507.2700000000000000 |    24.4000000000000000 |   438.1800000000000000 | 1990.0000000000000000 |     3.0000000000000000
 AAAAAAAAHNLDAAAA | United States | AR       | Arkansas County  |    46.0000000000000000 |  89.9500000000000000 |   608.2300000000000000 |    88.1500000000000000 |  1936.4900000000000000 | 1990.0000000000000000 |     3.0000000000000000
 AAAAAAAAKMAEAAAA | United States | AR       | Arkansas County  |     9.0000000000000000 |  89.2200000000000000 | 0.00000000000000000000 |    34.7900000000000000 |  -451.7100000000000000 | 1978.0000000000000000 |     5.0000000000000000
 AAAAAAAALNOCAAAA | United States | AR       | Arkansas County  |    84.0000000000000000 | 135.9900000000000000 | 0.00000000000000000000 |    40.7900000000000000 | -1434.7200000000000000 | 1990.0000000000000000 |     3.0000000000000000
 AAAAAAAANDCBAAAA | United States | AR       | Arkansas County  |    37.0000000000000000 | 222.8100000000000000 | 0.00000000000000000000 |   160.4200000000000000 |  2870.8300000000000000 | 1978.0000000000000000 |     5.0000000000000000
 AAAAAAAANKFDAAAA | United States | AR       | Arkansas County  |    61.0000000000000000 |  82.9000000000000000 | 0.00000000000000000000 |    81.2400000000000000 |  1004.6700000000000000 | 1990.0000000000000000 |     3.0000000000000000
 AAAAAAAAOHPBAAAA | United States | AR       | Arkansas County  |    53.0000000000000000 |  25.6400000000000000 | 0.00000000000000000000 |     7.4300000000000000 |  -310.5800000000000000 | 1990.0000000000000000 |     3.0000000000000000
 AAAAAAAAAGOCAAAA | United States | AR       | Baxter County    |    94.0000000000000000 | 115.9700000000000000 | 0.00000000000000000000 |    84.6500000000000000 |  -178.6000000000000000 | 1989.0000000000000000 |     6.0000000000000000
 AAAAAAAABLABAAAA | United States | AR       | Baxter County    |    21.0000000000000000 | 101.7900000000000000 | 0.00000000000000000000 |    28.5000000000000000 |  -233.3100000000000000 | 1989.0000000000000000 |     6.0000000000000000
 AAAAAAAABOLCAAAA | United States | AR       | Baxter County    |     8.0000000000000000 |  39.2300000000000000 | 0.00000000000000000000 |    33.3400000000000000 |    51.7600000000000000 | 1989.0000000000000000 |     6.0000000000000000
 AAAAAAAABPADAAAA | United States | AR       | Baxter County    |    45.0000000000000000 |  21.3700000000000000 | 0.00000000000000000000 |    21.1500000000000000 |   502.2000000000000000 | 1989.0000000000000000 |     6.0000000000000000
 AAAAAAAACJACAAAA | United States | AR       | Baxter County    |    90.0000000000000000 |  49.3900000000000000 | 0.00000000000000000000 |    43.9500000000000000 |  2079.9000000000000000 | 1989.0000000000000000 |     6.0000000000000000
 AAAAAAAAIIJBAAAA | United States | AR       | Baxter County    |     3.0000000000000000 | 123.0900000000000000 | 0.00000000000000000000 |    19.6900000000000000 |  -160.7400000000000000 | 1989.0000000000000000 |     6.0000000000000000
 AAAAAAAAJGJBAAAA | United States | AR       | Baxter County    |    19.0000000000000000 | 113.9400000000000000 | 0.00000000000000000000 |   100.2600000000000000 |   264.8600000000000000 | 1989.0000000000000000 |     6.0000000000000000
 AAAAAAAAKBFBAAAA | United States | AR       | Baxter County    |    98.0000000000000000 | 173.1900000000000000 | 0.00000000000000000000 |   169.7200000000000000 | 10936.8000000000000000 | 1989.0000000000000000 |     6.0000000000000000
 AAAAAAAAMNGDAAAA | United States | AR       | Baxter County    |    35.0000000000000000 |  87.4400000000000000 | 0.00000000000000000000 |    13.9900000000000000 | -1048.2500000000000000 | 1989.0000000000000000 |     6.0000000000000000
 AAAAAAAANDJDAAAA | United States | AR       | Baxter County    |    35.0000000000000000 |  42.0600000000000000 | 0.00000000000000000000 |     8.4100000000000000 |  -416.8500000000000000 | 1989.0000000000000000 |     6.0000000000000000
 AAAAAAAAOFIBAAAA | United States | AR       | Baxter County    |    85.0000000000000000 | 288.0900000000000000 | 0.00000000000000000000 |   144.0400000000000000 |  3998.4000000000000000 | 1989.0000000000000000 |     6.0000000000000000
 AAAAAAAAOJBCAAAA | United States | AR       | Baxter County    |    44.0000000000000000 |   7.2700000000000000 | 0.00000000000000000000 |     4.5800000000000000 |   -91.9600000000000000 | 1989.0000000000000000 |     6.0000000000000000
 AAAAAAAAAAHAAAAA | United States | AR       | Clark County     |    35.0000000000000000 | 104.9500000000000000 | 0.00000000000000000000 |    79.7600000000000000 |  1542.1000000000000000 | 1986.0000000000000000 |     2.0000000000000000
 AAAAAAAAAOFEAAAA | United States | AR       | Clark County     |    20.0000000000000000 | 195.0100000000000000 | 0.00000000000000000000 |    72.1500000000000000 |  -396.8000000000000000 | 1944.0000000000000000 |     6.0000000000000000
 AAAAAAAAAPDCAAAA | United States | AR       | Clark County     |    78.0000000000000000 | 181.6100000000000000 | 0.00000000000000000000 |   132.5700000000000000 |  5352.3600000000000000 | 1944.0000000000000000 |     6.0000000000000000
 AAAAAAAACFHDAAAA | United States | AR       | Clark County     |    77.0000000000000000 | 244.2200000000000000 | 0.00000000000000000000 |   210.0200000000000000 |  9283.1200000000000000 | 1944.0000000000000000 |     6.0000000000000000
 AAAAAAAACJHBAAAA | United States | AR       | Clark County     |    44.0000000000000000 | 204.5700000000000000 | 0.00000000000000000000 |   118.6500000000000000 |  1166.0000000000000000 | 1944.0000000000000000 |     6.0000000000000000
 AAAAAAAADNKCAAAA | United States | AR       | Clark County     |    29.0000000000000000 |  70.0700000000000000 | 0.00000000000000000000 |    12.6100000000000000 | -1065.4600000000000000 | 1944.0000000000000000 |     6.0000000000000000
 AAAAAAAAFEICAAAA | United States | AR       | Clark County     |    40.0000000000000000 |   9.2500000000000000 | 0.00000000000000000000 | 0.46000000000000000000 |  -182.8000000000000000 | 1986.0000000000000000 |     2.0000000000000000
 AAAAAAAAFNAEAAAA | United States | AR       | Clark County     |    33.0000000000000000 | 111.4200000000000000 | 0.00000000000000000000 |   102.5000000000000000 |  1893.8700000000000000 | 1986.0000000000000000 |     2.0000000000000000
 AAAAAAAAHJDDAAAA | United States | AR       | Clark County     |    91.0000000000000000 | 244.5800000000000000 | 0.00000000000000000000 |   173.6500000000000000 |  7141.6800000000000000 | 1944.0000000000000000 |     6.0000000000000000
 AAAAAAAAHKMCAAAA | United States | AR       | Clark County     |    69.0000000000000000 | 224.5100000000000000 |  4953.5700000000000000 |    87.5500000000000000 | -4940.4600000000000000 | 1944.0000000000000000 |     6.0000000000000000
 AAAAAAAAHNHBAAAA | United States | AR       | Clark County     |    63.0000000000000000 |  26.2100000000000000 | 0.00000000000000000000 |    24.1100000000000000 |   267.7500000000000000 | 1986.0000000000000000 |     2.0000000000000000
 AAAAAAAAIDKBAAAA | United States | AR       | Clark County     |     6.0000000000000000 |  24.9500000000000000 |    65.3600000000000000 |    12.9700000000000000 |  -135.8000000000000000 | 1944.0000000000000000 |     6.0000000000000000
 AAAAAAAAIGDCAAAA | United States | AR       | Clark County     |    13.0000000000000000 | 290.5900000000000000 | 0.00000000000000000000 |   142.3800000000000000 |   557.1800000000000000 | 1944.0000000000000000 |     6.0000000000000000
 AAAAAAAAINNBAAAA | United States | AR       | Clark County     |    55.0000000000000000 |  22.6700000000000000 | 0.00000000000000000000 |    18.3600000000000000 |   413.0500000000000000 | 1986.0000000000000000 |     2.0000000000000000
 AAAAAAAAJEGAAAAA | United States | AR       | Clark County     |     4.0000000000000000 |  81.8700000000000000 | 0.00000000000000000000 |    40.1100000000000000 |  -114.7600000000000000 | 1986.0000000000000000 |     2.0000000000000000
 AAAAAAAAKDNCAAAA | United States | AR       | Clark County     |    25.0000000000000000 |  31.8700000000000000 |   229.5100000000000000 |    21.3500000000000000 |  -277.5100000000000000 | 1986.0000000000000000 |     2.0000000000000000
 AAAAAAAAKEODAAAA | United States | AR       | Clark County     |    32.0000000000000000 |  19.8000000000000000 |   119.7100000000000000 |    12.4700000000000000 |  -324.1900000000000000 | 1986.0000000000000000 |     2.0000000000000000
 AAAAAAAAKFNDAAAA | United States | AR       | Clark County     |    11.0000000000000000 |  95.0100000000000000 |    72.4100000000000000 |    59.8500000000000000 |   131.5300000000000000 | 1944.0000000000000000 |     6.0000000000000000
 AAAAAAAAKOCCAAAA | United States | AR       | Clark County     |    21.0000000000000000 | 229.7200000000000000 |    45.8200000000000000 |   218.2300000000000000 |  2526.8900000000000000 | 1986.0000000000000000 |     2.0000000000000000
 AAAAAAAAMENDAAAA | United States | AR       | Clark County     |    92.0000000000000000 | 149.2700000000000000 | 0.00000000000000000000 |   119.4100000000000000 |  5492.4000000000000000 | 1944.0000000000000000 |     6.0000000000000000
 AAAAAAAAMJHDAAAA | United States | AR       | Clark County     |    21.0000000000000000 |  29.0100000000000000 |   167.1000000000000000 |    16.2400000000000000 |  -390.3300000000000000 | 1986.0000000000000000 |     2.0000000000000000
 AAAAAAAAMMBDAAAA | United States | AR       | Clark County     |    84.0000000000000000 |  63.2400000000000000 | 0.00000000000000000000 |    32.8800000000000000 | -2550.2400000000000000 | 1944.0000000000000000 |     6.0000000000000000
 AAAAAAAAMNJBAAAA | United States | AR       | Clark County     |    98.0000000000000000 |  97.2900000000000000 | 0.00000000000000000000 |    88.5300000000000000 |  2563.6800000000000000 | 1986.0000000000000000 |     2.0000000000000000
 AAAAAAAAOLIBAAAA | United States | AR       | Clark County     |    88.0000000000000000 |  58.0400000000000000 | 0.00000000000000000000 |    45.2700000000000000 |  2077.6800000000000000 | 1944.0000000000000000 |     6.0000000000000000
 AAAAAAAAOOEDAAAA | United States | AR       | Clark County     |     8.0000000000000000 |   8.4500000000000000 | 0.00000000000000000000 |     4.5600000000000000 |     4.8800000000000000 | 1944.0000000000000000 |     6.0000000000000000
 AAAAAAAABIKDAAAA | United States | AR       | Clay County      |    25.0000000000000000 | 251.6800000000000000 | 0.00000000000000000000 |    62.9200000000000000 |  -904.2500000000000000 | 1947.0000000000000000 | 0.00000000000000000000
 AAAAAAAAIDFDAAAA | United States | AR       | Clay County      |    85.0000000000000000 | 268.2100000000000000 | 0.00000000000000000000 |    77.7800000000000000 | -1709.3500000000000000 | 1947.0000000000000000 | 0.00000000000000000000
 AAAAAAAAMPEAAAAA | United States | AR       | Clay County      |    57.0000000000000000 |  34.3100000000000000 | 0.00000000000000000000 |    10.9700000000000000 |  -991.2300000000000000 | 1947.0000000000000000 | 0.00000000000000000000
 AAAAAAAANKIAAAAA | United States | AR       | Clay County      |    75.0000000000000000 |  26.3800000000000000 |   306.9100000000000000 |     5.5300000000000000 | -1488.1600000000000000 | 1947.0000000000000000 | 0.00000000000000000000
 AAAAAAAAOPGAAAAA | United States | AR       | Clay County      |    99.0000000000000000 |  94.8600000000000000 | 0.00000000000000000000 |    61.6500000000000000 | -1855.2600000000000000 | 1947.0000000000000000 | 0.00000000000000000000
 AAAAAAAAAHBDAAAA | United States | AR       | Cleburne County  |    45.0000000000000000 | 165.6400000000000000 | 0.00000000000000000000 |   117.6000000000000000 |  2008.3500000000000000 | 1992.0000000000000000 |     5.0000000000000000
 AAAAAAAAAJEDAAAA | United States | AR       | Cleburne County  |    11.0000000000000000 |  29.2300000000000000 | 0.00000000000000000000 |    20.1600000000000000 |    55.1100000000000000 | 1977.0000000000000000 |     5.0000000000000000
 AAAAAAAAAOODAAAA | United States | AR       | Cleburne County  |    56.0000000000000000 |  71.5900000000000000 | 0.00000000000000000000 | 1.43000000000000000000 | -2041.2000000000000000 | 1977.0000000000000000 |     5.0000000000000000
 AAAAAAAAECPCAAAA | United States | AR       | Cleburne County  |    29.0000000000000000 |  95.7200000000000000 | 0.00000000000000000000 |    58.3800000000000000 |   431.2300000000000000 | 1992.0000000000000000 |     5.0000000000000000
 AAAAAAAAEDCBAAAA | United States | AR       | Cleburne County  |   100.0000000000000000 | 123.7900000000000000 | 0.00000000000000000000 |    73.0300000000000000 |   387.0000000000000000 | 1977.0000000000000000 |     5.0000000000000000
 AAAAAAAAEKMCAAAA | United States | AR       | Cleburne County  |    34.0000000000000000 |  31.5700000000000000 |   928.3600000000000000 |    29.3600000000000000 |  -411.5600000000000000 | 1977.0000000000000000 |     5.0000000000000000
 AAAAAAAAFIOBAAAA | United States | AR       | Cleburne County  |    55.0000000000000000 | 113.6700000000000000 | 0.00000000000000000000 |    92.0700000000000000 |  1204.5000000000000000 | 1977.0000000000000000 |     5.0000000000000000
 AAAAAAAAGMHAAAAA | United States | AR       | Cleburne County  |    94.0000000000000000 | 170.5300000000000000 |   836.6900000000000000 |    49.4500000000000000 | -4853.3100000000000000 | 1992.0000000000000000 |     5.0000000000000000
 AAAAAAAAIHKBAAAA | United States | AR       | Cleburne County  |    27.0000000000000000 |  10.2800000000000000 |    89.6000000000000000 |     4.3100000000000000 |  -134.6900000000000000 | 1992.0000000000000000 |     5.0000000000000000
 AAAAAAAAIJLBAAAA | United States | AR       | Cleburne County  |    82.0000000000000000 |  54.7500000000000000 | 0.00000000000000000000 |    10.4000000000000000 |  -847.8800000000000000 | 1992.0000000000000000 |     5.0000000000000000
 AAAAAAAAIKBBAAAA | United States | AR       | Cleburne County  |    26.0000000000000000 | 100.4200000000000000 |   267.8400000000000000 |    54.2200000000000000 |  -163.5800000000000000 | 1992.0000000000000000 |     5.0000000000000000
 AAAAAAAAINEDAAAA | United States | AR       | Cleburne County  |     6.0000000000000000 | 131.5700000000000000 | 0.00000000000000000000 |   128.9300000000000000 |   184.4400000000000000 | 1977.0000000000000000 |     5.0000000000000000
 AAAAAAAAJKNCAAAA | United States | AR       | Cleburne County  |    76.0000000000000000 | 117.7600000000000000 | 0.00000000000000000000 |   109.5100000000000000 |  2995.1600000000000000 | 1992.0000000000000000 |     5.0000000000000000
 AAAAAAAAMIBEAAAA | United States | AR       | Cleburne County  |    67.0000000000000000 | 244.0600000000000000 |  8972.0100000000000000 |   143.9900000000000000 | -5662.8800000000000000 | 1977.0000000000000000 |     5.0000000000000000
 AAAAAAAAMLGDAAAA | United States | AR       | Cleburne County  |    52.0000000000000000 |  42.4100000000000000 | 0.00000000000000000000 |     5.5100000000000000 |  -966.6800000000000000 | 1977.0000000000000000 |     5.0000000000000000
 AAAAAAAAMPPCAAAA | United States | AR       | Cleburne County  |    23.0000000000000000 | 158.7200000000000000 | 0.00000000000000000000 |    63.4800000000000000 |  -431.4800000000000000 | 1992.0000000000000000 |     5.0000000000000000
 AAAAAAAANECDAAAA | United States | AR       | Cleburne County  |    27.0000000000000000 | 186.9100000000000000 | 0.00000000000000000000 |   128.9600000000000000 |  1471.2300000000000000 | 1977.0000000000000000 |     5.0000000000000000
 AAAAAAAANJECAAAA | United States | AR       | Cleburne County  |     7.0000000000000000 |  56.8300000000000000 | 0.00000000000000000000 |    55.1200000000000000 |   141.7500000000000000 | 1977.0000000000000000 |     5.0000000000000000
 AAAAAAAAOLJDAAAA | United States | AR       | Cleburne County  |    59.0000000000000000 | 178.5500000000000000 | 0.00000000000000000000 | 0.00000000000000000000 | -4067.4600000000000000 | 1977.0000000000000000 |     5.0000000000000000
 AAAAAAAAPMKAAAAA | United States | AR       | Cleburne County  |    95.0000000000000000 |  35.5600000000000000 | 0.00000000000000000000 |     2.8400000000000000 | -1060.2000000000000000 | 1977.0000000000000000 |     5.0000000000000000
 AAAAAAAAACAAAAAA | United States | AR       | Cleveland County |    43.0000000000000000 | 116.5300000000000000 | 0.00000000000000000000 |    61.7600000000000000 |  -274.7700000000000000 | 1954.0000000000000000 | 1.00000000000000000000
 AAAAAAAADLNBAAAA | United States | AR       | Cleveland County |    56.0000000000000000 |  50.2400000000000000 | 0.00000000000000000000 |    21.6000000000000000 |    75.0400000000000000 | 1954.0000000000000000 | 1.00000000000000000000
 AAAAAAAAECLCAAAA | United States | AR       | Cleveland County |    98.0000000000000000 | 191.1600000000000000 | 0.00000000000000000000 |    68.8100000000000000 | -2010.9600000000000000 | 1954.0000000000000000 | 1.00000000000000000000
 AAAAAAAAENOAAAAA | United States | AR       | Cleveland County |    33.0000000000000000 |  32.5200000000000000 |   202.4800000000000000 |    10.4000000000000000 |  -439.4200000000000000 | 1954.0000000000000000 | 1.00000000000000000000
 AAAAAAAAIBHAAAAA | United States | AR       | Cleveland County |    47.0000000000000000 | 107.0000000000000000 | 0.00000000000000000000 |    25.6800000000000000 |  -942.3500000000000000 | 1954.0000000000000000 | 1.00000000000000000000
 AAAAAAAAIDGAAAAA | United States | AR       | Cleveland County |    14.0000000000000000 |  46.4000000000000000 | 0.00000000000000000000 |    28.7600000000000000 |   -45.3600000000000000 | 1954.0000000000000000 | 1.00000000000000000000
 AAAAAAAAJOACAAAA | United States | AR       | Cleveland County |    15.0000000000000000 |   2.0500000000000000 | 0.00000000000000000000 | 1.92000000000000000000 |     4.3500000000000000 | 1954.0000000000000000 | 1.00000000000000000000
 AAAAAAAAKDGBAAAA | United States | AR       | Cleveland County |    94.0000000000000000 |  40.0200000000000000 |  1997.4000000000000000 |    23.6100000000000000 | -2862.2000000000000000 | 1954.0000000000000000 | 1.00000000000000000000
 AAAAAAAALDPCAAAA | United States | AR       | Cleveland County |     8.0000000000000000 |  22.2600000000000000 | 0.00000000000000000000 |     7.7900000000000000 |  -108.9600000000000000 | 1954.0000000000000000 | 1.00000000000000000000
 AAAAAAAAACCEAAAA | United States | AR       | Columbia County  |    16.0000000000000000 | 116.5100000000000000 | 0.00000000000000000000 |    11.6500000000000000 |  -872.8000000000000000 | 1942.0000000000000000 |     2.0000000000000000
 AAAAAAAABAFEAAAA | United States | AR       | Columbia County  |    76.0000000000000000 |  10.2900000000000000 | 0.00000000000000000000 |     4.1100000000000000 |  -164.9200000000000000 | 1942.0000000000000000 |     2.0000000000000000
 AAAAAAAABIEAAAAA | United States | AR       | Columbia County  |    53.0000000000000000 |  77.1300000000000000 | 0.00000000000000000000 |    20.0500000000000000 | -2344.1900000000000000 | 1942.0000000000000000 |     2.0000000000000000
 AAAAAAAABKLDAAAA | United States | AR       | Columbia County  |    60.0000000000000000 | 170.0100000000000000 | 0.00000000000000000000 |    71.4000000000000000 |  -920.4000000000000000 | 1942.0000000000000000 |     2.0000000000000000
 AAAAAAAACLNDAAAA | United States | AR       | Columbia County  |    85.0000000000000000 | 148.5600000000000000 |  4483.6700000000000000 |    78.7300000000000000 | -2285.5700000000000000 | 1942.0000000000000000 |     2.0000000000000000
 AAAAAAAADABDAAAA | United States | AR       | Columbia County  |    21.0000000000000000 |  14.3100000000000000 |     4.1100000000000000 | 0.28000000000000000000 |  -153.2100000000000000 | 1942.0000000000000000 |     2.0000000000000000
 AAAAAAAADMCCAAAA | United States | AR       | Columbia County  |    80.0000000000000000 | 223.2000000000000000 | 0.00000000000000000000 |   174.0900000000000000 |  7595.2000000000000000 | 1942.0000000000000000 |     2.0000000000000000
 AAAAAAAAENEBAAAA | United States | AR       | Columbia County  |    52.0000000000000000 |  20.7300000000000000 |   839.5800000000000000 |    19.6900000000000000 |  -331.5400000000000000 | 1942.0000000000000000 |     2.0000000000000000
 AAAAAAAAGLBEAAAA | United States | AR       | Columbia County  |     4.0000000000000000 | 121.7800000000000000 | 0.00000000000000000000 |   115.6900000000000000 |   278.2400000000000000 | 1942.0000000000000000 |     2.0000000000000000
 AAAAAAAAGOADAAAA | United States | AR       | Columbia County  |    17.0000000000000000 | 234.7500000000000000 | 0.00000000000000000000 |    32.8600000000000000 | -1070.3200000000000000 | 1942.0000000000000000 |     2.0000000000000000
 AAAAAAAAIANCAAAA | United States | AR       | Columbia County  |    10.0000000000000000 |  46.9100000000000000 | 0.00000000000000000000 |    31.8900000000000000 |   -28.6000000000000000 | 1942.0000000000000000 |     2.0000000000000000
 AAAAAAAAJLDCAAAA | United States | AR       | Columbia County  |    12.0000000000000000 |  58.1600000000000000 | 0.00000000000000000000 |    30.8200000000000000 |    46.6800000000000000 | 1942.0000000000000000 |     2.0000000000000000
 AAAAAAAAJONBAAAA | United States | AR       | Columbia County  |    10.0000000000000000 |  49.7200000000000000 | 0.00000000000000000000 |    43.7500000000000000 | 1.30000000000000000000 | 1942.0000000000000000 |     2.0000000000000000
 AAAAAAAAMBADAAAA | United States | AR       | Columbia County  |    12.0000000000000000 | 224.8400000000000000 |   929.1700000000000000 |   184.3600000000000000 |   380.7500000000000000 | 1942.0000000000000000 |     2.0000000000000000
 AAAAAAAACFGDAAAA | United States | AR       | Craighead County | 1.00000000000000000000 | 229.6000000000000000 |    12.5300000000000000 |    32.1400000000000000 |   -72.2300000000000000 | 1970.0000000000000000 |     5.0000000000000000
(100 rows)

UPDATE time_statistics SET e_time = TRANSACTION_TIMESTAMP() WHERE template = 'query18.tpl' AND stream = 3;
psql:/tmp/s1-basline/throughput/query_3.sql:504: NOTICE:  duration: 0.033 ms  plan:
Query Text: UPDATE time_statistics SET e_time = TRANSACTION_TIMESTAMP() WHERE template = 'query18.tpl' AND stream = 3;
Update on time_statistics  (cost=0.00..1.38 rows=0 width=0) (actual time=0.033..0.033 rows=0 loops=1)
  ->  Seq Scan on time_statistics  (cost=0.00..1.38 rows=1 width=14) (actual time=0.016..0.016 rows=1 loops=1)
        Filter: ((template = 'query18.tpl'::text) AND (stream = 3))
        Rows Removed by Filter: 36
UPDATE 1
LOAD 'auto_explain'; SET auto_explain.log_min_duration TO 0; SET auto_explain.log_analyze TO on; SET auto_explain.log_level TO notice; INSERT INTO time_statistics (template, s_time, stream, query, seed) VALUES ('query56.tpl', TRANSACTION_TIMESTAMP(), 3, 12, 70120920);
LOAD
SET
SET
SET
psql:/tmp/s1-basline/throughput/query_3.sql:505: NOTICE:  duration: 0.009 ms  plan:
Query Text: INSERT INTO time_statistics (template, s_time, stream, query, seed) VALUES ('query56.tpl', TRANSACTION_TIMESTAMP(), 3, 12, 70120920);
Insert on time_statistics  (cost=0.00..0.01 rows=0 width=0) (actual time=0.008..0.008 rows=0 loops=1)
  ->  Result  (cost=0.00..0.01 rows=1 width=64) (actual time=0.002..0.002 rows=1 loops=1)
INSERT 0 1
with ss as (
 select i_item_id,sum(ss_ext_sales_price) total_sales
 from
 	store_sales,
 	date_dim,
         customer_address,
         item
 where i_item_id in (select
     i_item_id
from item
where i_color in ('olive','gainsboro','saddle'))
 and     ss_item_sk              = i_item_sk
 and     ss_sold_date_sk         = d_date_sk
 and     d_year                  = 1998
 and     d_moy                   = 4
 and     ss_addr_sk              = ca_address_sk
 and     ca_gmt_offset           = -6 
 group by i_item_id),
 cs as (
 select i_item_id,sum(cs_ext_sales_price) total_sales
 from
 	catalog_sales,
 	date_dim,
         customer_address,
         item
 where
         i_item_id               in (select
  i_item_id
from item
where i_color in ('olive','gainsboro','saddle'))
 and     cs_item_sk              = i_item_sk
 and     cs_sold_date_sk         = d_date_sk
 and     d_year                  = 1998
 and     d_moy                   = 4
 and     cs_bill_addr_sk         = ca_address_sk
 and     ca_gmt_offset           = -6 
 group by i_item_id),
 ws as (
 select i_item_id,sum(ws_ext_sales_price) total_sales
 from
 	web_sales,
 	date_dim,
         customer_address,
         item
 where
         i_item_id               in (select
  i_item_id
from item
where i_color in ('olive','gainsboro','saddle'))
 and     ws_item_sk              = i_item_sk
 and     ws_sold_date_sk         = d_date_sk
 and     d_year                  = 1998
 and     d_moy                   = 4
 and     ws_bill_addr_sk         = ca_address_sk
 and     ca_gmt_offset           = -6
 group by i_item_id)
  select  i_item_id ,sum(total_sales) total_sales
 from  (select * from ss 
        union all
        select * from cs 
        union all
        select * from ws) tmp1
 group by i_item_id
 order by total_sales,
          i_item_id
 limit 100;
psql:/tmp/s1-basline/throughput/query_3.sql:571: NOTICE:  duration: 531.649 ms  plan:
Query Text: with ss as (
 select i_item_id,sum(ss_ext_sales_price) total_sales
 from
 	store_sales,
 	date_dim,
         customer_address,
         item
 where i_item_id in (select
     i_item_id
from item
where i_color in ('olive','gainsboro','saddle'))
 and     ss_item_sk              = i_item_sk
 and     ss_sold_date_sk         = d_date_sk
 and     d_year                  = 1998
 and     d_moy                   = 4
 and     ss_addr_sk              = ca_address_sk
 and     ca_gmt_offset           = -6 
 group by i_item_id),
 cs as (
 select i_item_id,sum(cs_ext_sales_price) total_sales
 from
 	catalog_sales,
 	date_dim,
         customer_address,
         item
 where
         i_item_id               in (select
  i_item_id
from item
where i_color in ('olive','gainsboro','saddle'))
 and     cs_item_sk              = i_item_sk
 and     cs_sold_date_sk         = d_date_sk
 and     d_year                  = 1998
 and     d_moy                   = 4
 and     cs_bill_addr_sk         = ca_address_sk
 and     ca_gmt_offset           = -6 
 group by i_item_id),
 ws as (
 select i_item_id,sum(ws_ext_sales_price) total_sales
 from
 	web_sales,
 	date_dim,
         customer_address,
         item
 where
         i_item_id               in (select
  i_item_id
from item
where i_color in ('olive','gainsboro','saddle'))
 and     ws_item_sk              = i_item_sk
 and     ws_sold_date_sk         = d_date_sk
 and     d_year                  = 1998
 and     d_moy                   = 4
 and     ws_bill_addr_sk         = ca_address_sk
 and     ca_gmt_offset           = -6
 group by i_item_id)
  select  i_item_id ,sum(total_sales) total_sales
 from  (select * from ss 
        union all
        select * from cs 
        union all
        select * from ws) tmp1
 group by i_item_id
 order by total_sales,
          i_item_id
 limit 100;
Limit  (cost=19762.46..19762.61 rows=61 width=25) (actual time=427.385..531.617 rows=100 loops=1)
  ->  Sort  (cost=19762.46..19762.61 rows=61 width=25) (actual time=427.385..531.610 rows=100 loops=1)
        Sort Key: (sum((sum(store_sales.ss_ext_sales_price)))), item.i_item_id
        Sort Method: top-N heapsort  Memory: 37kB
        ->  Finalize GroupAggregate  (cost=19753.32..19760.65 rows=61 width=25) (actual time=425.919..531.421 rows=570 loops=1)
              Group Key: item.i_item_id
              ->  Gather Merge  (cost=19753.32..19759.78 rows=52 width=25) (actual time=425.914..531.091 rows=950 loops=1)
                    Workers Planned: 2
                    Workers Launched: 2
                    ->  Partial GroupAggregate  (cost=18753.30..18753.75 rows=26 width=25) (actual time=232.252..232.395 rows=317 loops=3)
                          Group Key: item.i_item_id
                          ->  Sort  (cost=18753.30..18753.36 rows=26 width=25) (actual time=232.249..232.271 rows=317 loops=3)
                                Sort Key: item.i_item_id
                                Sort Method: quicksort  Memory: 47kB
                                Worker 0:  Sort Method: quicksort  Memory: 38kB
                                Worker 1:  Sort Method: quicksort  Memory: 56kB
                                ->  Parallel Append  (cost=8875.36..18752.69 rows=26 width=25) (actual time=231.950..232.116 rows=317 loops=3)
                                      ->  GroupAggregate  (cost=18751.62..18752.22 rows=34 width=25) (actual time=418.141..418.359 rows=442 loops=1)
                                            Group Key: item.i_item_id
                                            ->  Sort  (cost=18751.62..18751.71 rows=34 width=25) (actual time=418.134..418.167 rows=799 loops=1)
                                                  Sort Key: item.i_item_id
                                                  Worker 1:  Sort Method: quicksort  Memory: 81kB
                                                  ->  Nested Loop  (cost=4007.19..18750.76 rows=34 width=25) (actual time=40.692..416.503 rows=799 loops=1)
                                                        ->  Hash Join  (cost=4006.90..18726.23 rows=79 width=33) (actual time=39.521..409.414 rows=1854 loops=1)
                                                              Hash Cond: (store_sales.ss_sold_date_sk = date_dim.d_date_sk)
                                                              ->  Nested Loop  (cost=1505.80..15693.93 rows=202343 width=41) (actual time=24.204..381.254 rows=200141 loops=1)
                                                                    ->  Nested Loop  (cost=1505.37..2700.43 rows=1266 width=25) (actual time=24.085..29.236 rows=1453 loops=1)
                                                                          ->  HashAggregate  (cost=1505.08..1511.28 rows=620 width=17) (actual time=24.013..24.214 rows=623 loops=1)
                                                                                Group Key: item_1.i_item_id
                                                                                Worker 1:  Batches: 1  Memory Usage: 105kB
                                                                                ->  Seq Scan on item item_1  (cost=0.00..1503.50 rows=631 width=17) (actual time=0.043..23.826 rows=631 loops=1)
                                                                                      Filter: (i_color = ANY ('{olive,gainsboro,saddle}'::bpchar[]))
                                                                                      Rows Removed by Filter: 17369
                                                                          ->  Index Scan using i_i_item_id on item  (cost=0.29..1.90 rows=2 width=25) (actual time=0.007..0.007 rows=2 loops=623)
                                                                                Index Cond: (i_item_id = item_1.i_item_id)
                                                                    ->  Index Scan using pk_store_sales on store_sales  (cost=0.43..8.52 rows=174 width=32) (actual time=0.007..0.221 rows=138 loops=1453)
                                                                          Index Cond: (ss_item_sk = item.i_item_sk)
                                                              ->  Hash  (cost=2500.73..2500.73 rows=30 width=8) (actual time=14.488..14.489 rows=30 loops=1)
                                                                    Buckets: 1024  Batches: 1  Memory Usage: 10kB
                                                                    ->  Seq Scan on date_dim  (cost=0.00..2500.73 rows=30 width=8) (actual time=6.516..14.478 rows=30 loops=1)
                                                                          Filter: ((d_year = 1998) AND (d_moy = 4))
                                                                          Rows Removed by Filter: 73019
                                                        ->  Index Scan using pk_customer_address on customer_address  (cost=0.29..0.31 rows=1 width=8) (actual time=0.004..0.004 rows=0 loops=1854)
                                                              Index Cond: (ca_address_sk = store_sales.ss_addr_sk)
                                                              Filter: (ca_gmt_offset = '-6'::double precision)
                                                              Rows Removed by Filter: 1
                                      ->  GroupAggregate  (cost=8875.36..8875.52 rows=9 width=25) (actual time=194.520..194.594 rows=188 loops=1)
                                            Group Key: item_2.i_item_id
                                            ->  Sort  (cost=8875.36..8875.38 rows=9 width=25) (actual time=194.514..194.524 rows=220 loops=1)
                                                  Sort Key: item_2.i_item_id
                                                  Worker 0:  Sort Method: quicksort  Memory: 40kB
                                                  ->  Nested Loop  (cost=1506.38..8875.22 rows=9 width=25) (actual time=26.131..194.083 rows=220 loops=1)
                                                        ->  Nested Loop  (cost=1506.09..8868.67 rows=21 width=33) (actual time=24.725..191.533 rows=453 loops=1)
                                                              ->  Nested Loop  (cost=1505.79..7025.72 rows=50585 width=41) (actual time=22.725..172.257 rows=50140 loops=1)
                                                                    ->  Nested Loop  (cost=1505.37..2700.43 rows=1266 width=25) (actual time=22.635..27.449 rows=1453 loops=1)
                                                                          ->  HashAggregate  (cost=1505.08..1511.28 rows=620 width=17) (actual time=22.560..22.738 rows=623 loops=1)
                                                                                Group Key: item_3.i_item_id
                                                                                Worker 0:  Batches: 1  Memory Usage: 105kB
                                                                                ->  Seq Scan on item item_3  (cost=0.00..1503.50 rows=631 width=17) (actual time=0.043..22.374 rows=631 loops=1)
                                                                                      Filter: (i_color = ANY ('{olive,gainsboro,saddle}'::bpchar[]))
                                                                                      Rows Removed by Filter: 17369
                                                                          ->  Index Scan using i_i_item_id on item item_2  (cost=0.29..1.90 rows=2 width=25) (actual time=0.006..0.007 rows=2 loops=623)
                                                                                Index Cond: (i_item_id = item_3.i_item_id)
                                                                    ->  Index Scan using pk_web_sales on web_sales  (cost=0.42..2.98 rows=44 width=32) (actual time=0.007..0.093 rows=35 loops=1453)
                                                                          Index Cond: (ws_item_sk = item_2.i_item_sk)
                                                              ->  Memoize  (cost=0.30..0.33 rows=1 width=8) (actual time=0.000..0.000 rows=0 loops=50140)
                                                                    Cache Key: web_sales.ws_sold_date_sk
                                                                    Cache Mode: logical
                                                                    Worker 0:  Hits: 48316  Misses: 1824  Evictions: 0  Overflows: 0  Memory Usage: 130kB
                                                                    ->  Index Scan using pk_date_dim on date_dim date_dim_1  (cost=0.29..0.32 rows=1 width=8) (actual time=0.002..0.002 rows=0 loops=1824)
                                                                          Index Cond: (d_date_sk = web_sales.ws_sold_date_sk)
                                                                          Filter: ((d_year = 1998) AND (d_moy = 4))
                                                                          Rows Removed by Filter: 1
                                                        ->  Index Scan using pk_customer_address on customer_address customer_address_1  (cost=0.29..0.31 rows=1 width=8) (actual time=0.005..0.005 rows=0 loops=453)
                                                              Index Cond: (ca_address_sk = web_sales.ws_bill_addr_sk)
                                                              Filter: (ca_gmt_offset = '-6'::double precision)
                                                              Rows Removed by Filter: 1
                                      ->  GroupAggregate  (cost=4510.02..4510.33 rows=18 width=25) (actual time=83.184..83.319 rows=320 loops=1)
                                            Group Key: item_4.i_item_id
                                            ->  Sort  (cost=4510.02..4510.06 rows=18 width=25) (actual time=83.177..83.195 rows=426 loops=1)
                                                  Sort Key: item_4.i_item_id
                                                  Sort Method: quicksort  Memory: 54kB
                                                  ->  Nested Loop Semi Join  (cost=1.29..4509.64 rows=18 width=25) (actual time=4.690..82.344 rows=426 loops=1)
                                                        ->  Nested Loop  (cost=1.00..4403.21 rows=259 width=25) (actual time=4.656..48.795 rows=5912 loops=1)
                                                              ->  Nested Loop  (cost=0.72..4323.96 rows=259 width=16) (actual time=4.652..37.085 rows=5912 loops=1)
                                                                    ->  Nested Loop  (cost=0.43..4141.10 rows=588 width=24) (actual time=4.645..16.818 rows=13673 loops=1)
                                                                          ->  Seq Scan on date_dim date_dim_2  (cost=0.00..2500.73 rows=30 width=8) (actual time=4.634..10.071 rows=30 loops=1)
                                                                                Filter: ((d_year = 1998) AND (d_moy = 4))
                                                                                Rows Removed by Filter: 73019
                                                                          ->  Index Scan using i_cs_sold_date_sk on catalog_sales  (cost=0.43..46.86 rows=782 width=32) (actual time=0.004..0.119 rows=456 loops=30)
                                                                                Index Cond: (cs_sold_date_sk = date_dim_2.d_date_sk)
                                                                    ->  Index Scan using pk_customer_address on customer_address customer_address_2  (cost=0.29..0.31 rows=1 width=8) (actual time=0.001..0.001 rows=0 loops=13673)
                                                                          Index Cond: (ca_address_sk = catalog_sales.cs_bill_addr_sk)
                                                                          Filter: (ca_gmt_offset = '-6'::double precision)
                                                                          Rows Removed by Filter: 1
                                                              ->  Index Scan using pk_item on item item_4  (cost=0.29..0.31 rows=1 width=25) (actual time=0.002..0.002 rows=1 loops=5912)
                                                                    Index Cond: (i_item_sk = catalog_sales.cs_item_sk)
                                                        ->  Index Scan using i_i_item_id on item item_5  (cost=0.29..0.41 rows=1 width=17) (actual time=0.005..0.005 rows=0 loops=5912)
                                                              Index Cond: (i_item_id = item_4.i_item_id)
                                                              Filter: (i_color = ANY ('{olive,gainsboro,saddle}'::bpchar[]))
                                                              Rows Removed by Filter: 2
    i_item_id     |    total_sales     
------------------+--------------------
 AAAAAAAAKPDDAAAA |                  0
 AAAAAAAAOPACAAAA |               4.32
 AAAAAAAAACMDAAAA |              16.24
 AAAAAAAAMAMCAAAA |              17.87
 AAAAAAAAMPAEAAAA |               21.6
 AAAAAAAAJAICAAAA |               22.4
 AAAAAAAAFBKAAAAA |               27.1
 AAAAAAAAEHDCAAAA |              27.36
 AAAAAAAAANOBAAAA |              29.38
 AAAAAAAAGGICAAAA |              30.75
 AAAAAAAAEPGBAAAA |              33.39
 AAAAAAAAKLDBAAAA |               35.9
 AAAAAAAAIGBBAAAA |              44.39
 AAAAAAAAEANCAAAA |                 48
 AAAAAAAAIADAAAAA |              52.72
 AAAAAAAAKKEBAAAA |              75.09
 AAAAAAAAAHFCAAAA |              79.58
 AAAAAAAAGFCBAAAA |              81.18
 AAAAAAAAKFKAAAAA |             108.78
 AAAAAAAAKKMAAAAA |              112.2
 AAAAAAAAGKFBAAAA |             118.37
 AAAAAAAAKNNCAAAA |              119.6
 AAAAAAAAGPJBAAAA |             119.66
 AAAAAAAAJCJCAAAA |             123.12
 AAAAAAAAGDIDAAAA |             126.25
 AAAAAAAAINBEAAAA |             126.54
 AAAAAAAAMKOBAAAA |              159.2
 AAAAAAAAIMPAAAAA |              189.5
 AAAAAAAACDPDAAAA |              193.9
 AAAAAAAAKEODAAAA |                198
 AAAAAAAAGGBAAAAA |             199.12
 AAAAAAAAHIHDAAAA |             230.04
 AAAAAAAAKJMAAAAA |             249.15
 AAAAAAAAIFECAAAA |              249.4
 AAAAAAAAFAFAAAAA |             263.67
 AAAAAAAAIOECAAAA |             271.26
 AAAAAAAAKDLCAAAA |              275.3
 AAAAAAAAKMDDAAAA |             276.57
 AAAAAAAAEEACAAAA |             304.64
 AAAAAAAAKDMAAAAA |             307.04
 AAAAAAAAMGAEAAAA |             315.12
 AAAAAAAAOOFEAAAA |             318.23
 AAAAAAAAGOCAAAAA |             319.42
 AAAAAAAAFBGBAAAA |             334.18
 AAAAAAAAMAODAAAA | 343.59000000000003
 AAAAAAAAHHMCAAAA |             349.14
 AAAAAAAAODDCAAAA |             379.62
 AAAAAAAAANKCAAAA |             394.55
 AAAAAAAAMEHDAAAA |             415.41
 AAAAAAAAOBDEAAAA |              430.4
 AAAAAAAAGGFDAAAA |             431.25
 AAAAAAAAEIJBAAAA |             436.26
 AAAAAAAAEKODAAAA |              449.6
 AAAAAAAAFGBBAAAA |             452.08
 AAAAAAAANOABAAAA |              452.4
 AAAAAAAAKMMBAAAA |             457.25
 AAAAAAAAOOOBAAAA |             465.36
 AAAAAAAAMMMCAAAA | 473.66999999999996
 AAAAAAAAJJKDAAAA |             485.01
 AAAAAAAAOJNBAAAA |             492.36
 AAAAAAAAMJODAAAA |              500.5
 AAAAAAAAEKIBAAAA |             507.37
 AAAAAAAAIEEAAAAA |             561.05
 AAAAAAAAOIAAAAAA |             561.33
 AAAAAAAAKBHBAAAA |              571.2
 AAAAAAAAABMDAAAA |             587.65
 AAAAAAAADGAEAAAA |             592.62
 AAAAAAAAOEBBAAAA |             602.43
 AAAAAAAAKNCDAAAA |             618.08
 AAAAAAAAIJIBAAAA |             626.27
 AAAAAAAAHGLBAAAA |             638.94
 AAAAAAAAOAKCAAAA |             668.46
 AAAAAAAAMCFDAAAA |             669.39
 AAAAAAAAKILAAAAA |             677.76
 AAAAAAAAHLEDAAAA |              681.1
 AAAAAAAAAMIAAAAA |              687.6
 AAAAAAAAGKEDAAAA |             688.94
 AAAAAAAAMIGCAAAA |                701
 AAAAAAAABOGBAAAA |              713.7
 AAAAAAAAEPDAAAAA |              731.1
 AAAAAAAAEGLBAAAA |             753.83
 AAAAAAAADMHDAAAA |             780.01
 AAAAAAAAOJJCAAAA |             802.28
 AAAAAAAAMKPDAAAA |  811.5699999999999
 AAAAAAAACGHBAAAA |  817.1999999999999
 AAAAAAAABNEEAAAA |             818.14
 AAAAAAAAFNLCAAAA |             821.92
 AAAAAAAAMMACAAAA |             822.25
 AAAAAAAAJOOAAAAA |              844.1
 AAAAAAAAFNMBAAAA |             859.95
 AAAAAAAAMAIAAAAA |             860.76
 AAAAAAAAAAIDAAAA |             867.68
 AAAAAAAAMCAAAAAA |  887.9000000000001
 AAAAAAAAMHDDAAAA |             893.55
 AAAAAAAAGKADAAAA |              901.2
 AAAAAAAAGCGDAAAA |              901.8
 AAAAAAAAFJNBAAAA |             908.96
 AAAAAAAAEOHBAAAA |             910.32
 AAAAAAAAEMDAAAAA |             911.04
 AAAAAAAACGFAAAAA |             935.69
(100 rows)

UPDATE time_statistics SET e_time = TRANSACTION_TIMESTAMP() WHERE template = 'query56.tpl' AND stream = 3;
psql:/tmp/s1-basline/throughput/query_3.sql:573: NOTICE:  duration: 0.027 ms  plan:
Query Text: UPDATE time_statistics SET e_time = TRANSACTION_TIMESTAMP() WHERE template = 'query56.tpl' AND stream = 3;
Update on time_statistics  (cost=0.00..1.38 rows=0 width=0) (actual time=0.027..0.027 rows=0 loops=1)
  ->  Seq Scan on time_statistics  (cost=0.00..1.38 rows=1 width=14) (actual time=0.013..0.013 rows=1 loops=1)
        Filter: ((template = 'query56.tpl'::text) AND (stream = 3))
        Rows Removed by Filter: 37
UPDATE 1
LOAD 'auto_explain'; SET auto_explain.log_min_duration TO 0; SET auto_explain.log_analyze TO on; SET auto_explain.log_level TO notice; INSERT INTO time_statistics (template, s_time, stream, query, seed) VALUES ('query13.tpl', TRANSACTION_TIMESTAMP(), 3, 13, 625051651);
LOAD
SET
SET
SET
psql:/tmp/s1-basline/throughput/query_3.sql:574: NOTICE:  duration: 0.009 ms  plan:
Query Text: INSERT INTO time_statistics (template, s_time, stream, query, seed) VALUES ('query13.tpl', TRANSACTION_TIMESTAMP(), 3, 13, 625051651);
Insert on time_statistics  (cost=0.00..0.01 rows=0 width=0) (actual time=0.008..0.008 rows=0 loops=1)
  ->  Result  (cost=0.00..0.01 rows=1 width=64) (actual time=0.001..0.002 rows=1 loops=1)
INSERT 0 1
select avg(ss_quantity)
       ,avg(ss_ext_sales_price)
       ,avg(ss_ext_wholesale_cost)
       ,sum(ss_ext_wholesale_cost)
 from store_sales
     ,store
     ,customer_demographics
     ,household_demographics
     ,customer_address
     ,date_dim
 where s_store_sk = ss_store_sk
 and  ss_sold_date_sk = d_date_sk and d_year = 2001
 and((ss_hdemo_sk=hd_demo_sk
  and cd_demo_sk = ss_cdemo_sk
  and cd_marital_status = 'M'
  and cd_education_status = 'College'
  and ss_sales_price between 100.00 and 150.00
  and hd_dep_count = 3   
     )or
     (ss_hdemo_sk=hd_demo_sk
  and cd_demo_sk = ss_cdemo_sk
  and cd_marital_status = 'W'
  and cd_education_status = '2 yr Degree'
  and ss_sales_price between 50.00 and 100.00   
  and hd_dep_count = 1
     ) or 
     (ss_hdemo_sk=hd_demo_sk
  and cd_demo_sk = ss_cdemo_sk
  and cd_marital_status = 'U'
  and cd_education_status = 'Advanced Degree'
  and ss_sales_price between 150.00 and 200.00 
  and hd_dep_count = 1  
     ))
 and((ss_addr_sk = ca_address_sk
  and ca_country = 'United States'
  and ca_state in ('TX', 'NE', 'AL')
  and ss_net_profit between 100 and 200  
     ) or
     (ss_addr_sk = ca_address_sk
  and ca_country = 'United States'
  and ca_state in ('KY', 'MO', 'SC')
  and ss_net_profit between 150 and 300  
     ) or
     (ss_addr_sk = ca_address_sk
  and ca_country = 'United States'
  and ca_state in ('IA', 'GA', 'MD')
  and ss_net_profit between 50 and 250  
     ))
;
psql:/tmp/s1-basline/throughput/query_3.sql:623: NOTICE:  duration: 335.567 ms  plan:
Query Text: select avg(ss_quantity)
       ,avg(ss_ext_sales_price)
       ,avg(ss_ext_wholesale_cost)
       ,sum(ss_ext_wholesale_cost)
 from store_sales
     ,store
     ,customer_demographics
     ,household_demographics
     ,customer_address
     ,date_dim
 where s_store_sk = ss_store_sk
 and  ss_sold_date_sk = d_date_sk and d_year = 2001
 and((ss_hdemo_sk=hd_demo_sk
  and cd_demo_sk = ss_cdemo_sk
  and cd_marital_status = 'M'
  and cd_education_status = 'College'
  and ss_sales_price between 100.00 and 150.00
  and hd_dep_count = 3   
     )or
     (ss_hdemo_sk=hd_demo_sk
  and cd_demo_sk = ss_cdemo_sk
  and cd_marital_status = 'W'
  and cd_education_status = '2 yr Degree'
  and ss_sales_price between 50.00 and 100.00   
  and hd_dep_count = 1
     ) or 
     (ss_hdemo_sk=hd_demo_sk
  and cd_demo_sk = ss_cdemo_sk
  and cd_marital_status = 'U'
  and cd_education_status = 'Advanced Degree'
  and ss_sales_price between 150.00 and 200.00 
  and hd_dep_count = 1  
     ))
 and((ss_addr_sk = ca_address_sk
  and ca_country = 'United States'
  and ca_state in ('TX', 'NE', 'AL')
  and ss_net_profit between 100 and 200  
     ) or
     (ss_addr_sk = ca_address_sk
  and ca_country = 'United States'
  and ca_state in ('KY', 'MO', 'SC')
  and ss_net_profit between 150 and 300  
     ) or
     (ss_addr_sk = ca_address_sk
  and ca_country = 'United States'
  and ca_state in ('IA', 'GA', 'MD')
  and ss_net_profit between 50 and 250  
     ))
;
Aggregate  (cost=110498.14..110498.15 rows=1 width=56) (actual time=335.555..335.558 rows=1 loops=1)
  ->  Nested Loop  (cost=1.15..110498.12 rows=1 width=20) (actual time=292.224..335.545 rows=11 loops=1)
        Join Filter: (store_sales.ss_store_sk = store.s_store_sk)
        Rows Removed by Join Filter: 55
        ->  Nested Loop  (cost=1.15..110496.85 rows=1 width=28) (actual time=292.214..335.514 rows=11 loops=1)
              Join Filter: ((store_sales.ss_hdemo_sk = household_demographics.hd_demo_sk) AND (((customer_demographics.cd_marital_status = 'M'::bpchar) AND (customer_demographics.cd_education_status = 'College'::bpchar) AND (store_sales.ss_sales_price >= '100'::double precision) AND (store_sales.ss_sales_price <= '150'::double precision) AND (household_demographics.hd_dep_count = 3)) OR ((customer_demographics.cd_marital_status = 'W'::bpchar) AND (customer_demographics.cd_education_status = '2 yr Degree'::bpchar) AND (store_sales.ss_sales_price >= '50'::double precision) AND (store_sales.ss_sales_price <= '100'::double precision) AND (household_demographics.hd_dep_count = 1)) OR ((customer_demographics.cd_marital_status = 'U'::bpchar) AND (customer_demographics.cd_education_status = 'Advanced Degree'::bpchar) AND (store_sales.ss_sales_price >= '150'::double precision) AND (store_sales.ss_sales_price <= '200'::double precision) AND (household_demographics.hd_dep_count = 1))))
              Rows Removed by Join Filter: 374389
              ->  Seq Scan on household_demographics  (cost=0.00..186.00 rows=1951 width=12) (actual time=0.014..0.717 rows=1440 loops=1)
                    Filter: ((hd_dep_count = 3) OR (hd_dep_count = 1) OR (hd_dep_count = 1))
                    Rows Removed by Filter: 5760
              ->  Materialize  (cost=1.15..110003.57 rows=3 width=67) (actual time=0.004..0.212 rows=260 loops=1440)
                    ->  Nested Loop  (cost=1.15..110003.56 rows=3 width=67) (actual time=5.080..291.908 rows=260 loops=1)
                          ->  Nested Loop  (cost=0.72..109970.72 rows=43 width=52) (actual time=4.898..278.808 rows=3128 loops=1)
                                ->  Nested Loop  (cost=0.43..109800.69 rows=457 width=68) (actual time=4.875..233.537 rows=17625 loops=1)
                                      ->  Seq Scan on date_dim  (cost=0.00..2318.11 rows=363 width=8) (actual time=4.859..10.496 rows=365 loops=1)
                                            Filter: (d_year = 2001)
                                            Rows Removed by Filter: 72684
                                      ->  Index Scan using i_ss_sold_date_sk on store_sales  (cost=0.43..295.60 rows=50 width=76) (actual time=0.018..0.606 rows=48 loops=365)
                                            Index Cond: (ss_sold_date_sk = date_dim.d_date_sk)
                                            Filter: ((((ss_sales_price >= '100'::double precision) AND (ss_sales_price <= '150'::double precision)) OR ((ss_sales_price >= '50'::double precision) AND (ss_sales_price <= '100'::double precision)) OR ((ss_sales_price >= '150'::double precision) AND (ss_sales_price <= '200'::double precision))) AND (((ss_net_profit >= '100'::double precision) AND (ss_net_profit <= '200'::double precision)) OR ((ss_net_profit >= '150'::double precision) AND (ss_net_profit <= '300'::double precision)) OR ((ss_net_profit >= '50'::double precision) AND (ss_net_profit <= '250'::double precision))))
                                            Rows Removed by Filter: 1457
                                ->  Index Scan using pk_customer_address on customer_address  (cost=0.29..0.36 rows=1 width=11) (actual time=0.002..0.002 rows=0 loops=17625)
                                      Index Cond: (ca_address_sk = store_sales.ss_addr_sk)
                                      Filter: (((ca_country)::text = 'United States'::text) AND ((ca_state = ANY ('{TX,NE,AL}'::bpchar[])) OR (ca_state = ANY ('{KY,MO,SC}'::bpchar[])) OR (ca_state = ANY ('{IA,GA,MD}'::bpchar[]))) AND (((ca_state = ANY ('{TX,NE,AL}'::bpchar[])) AND (store_sales.ss_net_profit >= '100'::double precision) AND (store_sales.ss_net_profit <= '200'::double precision)) OR ((ca_state = ANY ('{KY,MO,SC}'::bpchar[])) AND (store_sales.ss_net_profit >= '150'::double precision) AND (store_sales.ss_net_profit <= '300'::double precision)) OR ((ca_state = ANY ('{IA,GA,MD}'::bpchar[])) AND (store_sales.ss_net_profit >= '50'::double precision) AND (store_sales.ss_net_profit <= '250'::double precision))))
                                      Rows Removed by Filter: 1
                          ->  Index Scan using pk_customer_demographics on customer_demographics  (cost=0.43..0.76 rows=1 width=31) (actual time=0.004..0.004 rows=0 loops=3128)
                                Index Cond: (cd_demo_sk = store_sales.ss_cdemo_sk)
                                Filter: (((cd_marital_status = 'M'::bpchar) AND (cd_education_status = 'College'::bpchar)) OR ((cd_marital_status = 'W'::bpchar) AND (cd_education_status = '2 yr Degree'::bpchar)) OR ((cd_marital_status = 'U'::bpchar) AND (cd_education_status = 'Advanced Degree'::bpchar)))
                                Rows Removed by Filter: 1
        ->  Seq Scan on store  (cost=0.00..1.12 rows=12 width=8) (actual time=0.001..0.001 rows=6 loops=11)
         avg         |        avg        |        avg         |   sum    
---------------------+-------------------+--------------------+----------
 18.3636363636363636 | 1361.130909090909 | 1181.4609090909091 | 12996.07
(1 row)

UPDATE time_statistics SET e_time = TRANSACTION_TIMESTAMP() WHERE template = 'query13.tpl' AND stream = 3;
psql:/tmp/s1-basline/throughput/query_3.sql:625: NOTICE:  duration: 0.028 ms  plan:
Query Text: UPDATE time_statistics SET e_time = TRANSACTION_TIMESTAMP() WHERE template = 'query13.tpl' AND stream = 3;
Update on time_statistics  (cost=0.00..1.38 rows=0 width=0) (actual time=0.028..0.028 rows=0 loops=1)
  ->  Seq Scan on time_statistics  (cost=0.00..1.38 rows=1 width=14) (actual time=0.014..0.014 rows=1 loops=1)
        Filter: ((template = 'query13.tpl'::text) AND (stream = 3))
        Rows Removed by Filter: 38
UPDATE 1
LOAD 'auto_explain'; SET auto_explain.log_min_duration TO 0; SET auto_explain.log_analyze TO on; SET auto_explain.log_level TO notice; INSERT INTO time_statistics (template, s_time, stream, query, seed) VALUES ('query69.tpl', TRANSACTION_TIMESTAMP(), 3, 14, 74898975);
LOAD
SET
SET
SET
psql:/tmp/s1-basline/throughput/query_3.sql:626: NOTICE:  duration: 0.008 ms  plan:
Query Text: INSERT INTO time_statistics (template, s_time, stream, query, seed) VALUES ('query69.tpl', TRANSACTION_TIMESTAMP(), 3, 14, 74898975);
Insert on time_statistics  (cost=0.00..0.01 rows=0 width=0) (actual time=0.008..0.008 rows=0 loops=1)
  ->  Result  (cost=0.00..0.01 rows=1 width=64) (actual time=0.001..0.001 rows=1 loops=1)
INSERT 0 1
select  
  cd_gender,
  cd_marital_status,
  cd_education_status,
  count(*) cnt1,
  cd_purchase_estimate,
  count(*) cnt2,
  cd_credit_rating,
  count(*) cnt3
 from
  customer c,customer_address ca,customer_demographics
 where
  c.c_current_addr_sk = ca.ca_address_sk and
  ca_state in ('NC','TN','IA') and
  cd_demo_sk = c.c_current_cdemo_sk and 
  exists (select *
          from store_sales,date_dim
          where c.c_customer_sk = ss_customer_sk and
                ss_sold_date_sk = d_date_sk and
                d_year = 2002 and
                d_moy between 4 and 4+2) and
   (not exists (select *
            from web_sales,date_dim
            where c.c_customer_sk = ws_bill_customer_sk and
                  ws_sold_date_sk = d_date_sk and
                  d_year = 2002 and
                  d_moy between 4 and 4+2) and
    not exists (select * 
            from catalog_sales,date_dim
            where c.c_customer_sk = cs_ship_customer_sk and
                  cs_sold_date_sk = d_date_sk and
                  d_year = 2002 and
                  d_moy between 4 and 4+2))
 group by cd_gender,
          cd_marital_status,
          cd_education_status,
          cd_purchase_estimate,
          cd_credit_rating
 order by cd_gender,
          cd_marital_status,
          cd_education_status,
          cd_purchase_estimate,
          cd_credit_rating
 limit 100;
psql:/tmp/s1-basline/throughput/query_3.sql:670: NOTICE:  duration: 130.091 ms  plan:
Query Text: select  
  cd_gender,
  cd_marital_status,
  cd_education_status,
  count(*) cnt1,
  cd_purchase_estimate,
  count(*) cnt2,
  cd_credit_rating,
  count(*) cnt3
 from
  customer c,customer_address ca,customer_demographics
 where
  c.c_current_addr_sk = ca.ca_address_sk and
  ca_state in ('NC','TN','IA') and
  cd_demo_sk = c.c_current_cdemo_sk and 
  exists (select *
          from store_sales,date_dim
          where c.c_customer_sk = ss_customer_sk and
                ss_sold_date_sk = d_date_sk and
                d_year = 2002 and
                d_moy between 4 and 4+2) and
   (not exists (select *
            from web_sales,date_dim
            where c.c_customer_sk = ws_bill_customer_sk and
                  ws_sold_date_sk = d_date_sk and
                  d_year = 2002 and
                  d_moy between 4 and 4+2) and
    not exists (select * 
            from catalog_sales,date_dim
            where c.c_customer_sk = cs_ship_customer_sk and
                  cs_sold_date_sk = d_date_sk and
                  d_year = 2002 and
                  d_moy between 4 and 4+2))
 group by cd_gender,
          cd_marital_status,
          cd_education_status,
          cd_purchase_estimate,
          cd_credit_rating
 order by cd_gender,
          cd_marital_status,
          cd_education_status,
          cd_purchase_estimate,
          cd_credit_rating
 limit 100;
Limit  (cost=121521.61..121524.36 rows=100 width=64) (actual time=129.974..130.036 rows=100 loops=1)
  ->  GroupAggregate  (cost=121521.61..121529.20 rows=276 width=64) (actual time=129.973..130.028 rows=100 loops=1)
        Group Key: customer_demographics.cd_gender, customer_demographics.cd_marital_status, customer_demographics.cd_education_status, customer_demographics.cd_purchase_estimate, customer_demographics.cd_credit_rating
        ->  Sort  (cost=121521.61..121522.30 rows=276 width=40) (actual time=129.967..129.976 rows=107 loops=1)
              Sort Key: customer_demographics.cd_gender, customer_demographics.cd_marital_status, customer_demographics.cd_education_status, customer_demographics.cd_purchase_estimate, customer_demographics.cd_credit_rating
              Sort Method: quicksort  Memory: 72kB
              ->  Hash Anti Join  (cost=118933.01..121510.42 rows=276 width=40) (actual time=95.191..129.013 rows=554 loops=1)
                    Hash Cond: (c.c_customer_sk = catalog_sales.cs_ship_customer_sk)
                    ->  Nested Loop  (cost=111354.99..113928.84 rows=281 width=48) (actual time=66.696..100.536 rows=583 loops=1)
                          ->  Hash Anti Join  (cost=111354.56..113714.26 rows=291 width=16) (actual time=66.686..97.849 rows=604 loops=1)
                                Hash Cond: (c.c_customer_sk = web_sales.ws_bill_customer_sk)
                                ->  Nested Loop  (cost=84092.16..86448.16 rows=293 width=16) (actual time=46.600..77.587 rows=609 loops=1)
                                      ->  Nested Loop  (cost=84091.87..85396.26 rows=3234 width=24) (actual time=46.455..62.713 rows=6530 loops=1)
                                            ->  HashAggregate  (cost=84091.58..84125.46 rows=3388 width=8) (actual time=46.445..47.651 rows=6531 loops=1)
                                                  Group Key: store_sales.ss_customer_sk
                                                  Batches: 1  Memory Usage: 721kB
                                                  ->  Nested Loop  (cost=0.43..84083.11 rows=3388 width=8) (actual time=5.007..36.658 rows=77110 loops=1)
                                                        ->  Seq Scan on date_dim  (cost=0.00..2683.36 rows=90 width=8) (actual time=4.995..10.385 rows=91 loops=1)
                                                              Filter: ((d_moy >= 4) AND (d_moy <= 6) AND (d_year = 2002))
                                                              Rows Removed by Filter: 72958
                                                        ->  Index Scan using i_ss_sold_date_sk on store_sales  (cost=0.43..889.36 rows=1508 width=16) (actual time=0.005..0.206 rows=847 loops=91)
                                                              Index Cond: (ss_sold_date_sk = date_dim.d_date_sk)
                                            ->  Index Scan using pk_customer on customer c  (cost=0.29..0.38 rows=1 width=24) (actual time=0.002..0.002 rows=1 loops=6531)
                                                  Index Cond: (c_customer_sk = store_sales.ss_customer_sk)
                                      ->  Index Scan using pk_customer_address on customer_address ca  (cost=0.29..0.33 rows=1 width=8) (actual time=0.002..0.002 rows=0 loops=6530)
                                            Index Cond: (ca_address_sk = c.c_current_addr_sk)
                                            Filter: (ca_state = ANY ('{NC,TN,IA}'::bpchar[]))
                                            Rows Removed by Filter: 1
                                ->  Hash  (cost=27251.32..27251.32 rows=886 width=8) (actual time=20.065..20.067 rows=19584 loops=1)
                                      Buckets: 32768 (originally 1024)  Batches: 1 (originally 1)  Memory Usage: 1021kB
                                      ->  Nested Loop  (cost=0.42..27251.32 rows=886 width=8) (actual time=5.424..17.799 rows=19588 loops=1)
                                            ->  Seq Scan on date_dim date_dim_1  (cost=0.00..2683.36 rows=90 width=8) (actual time=5.403..10.387 rows=91 loops=1)
                                                  Filter: ((d_moy >= 4) AND (d_moy <= 6) AND (d_year = 2002))
                                                  Rows Removed by Filter: 72958
                                            ->  Index Scan using i_ws_sold_date_sk on web_sales  (cost=0.42..269.03 rows=395 width=16) (actual time=0.004..0.057 rows=215 loops=91)
                                                  Index Cond: (ws_sold_date_sk = date_dim_1.d_date_sk)
                          ->  Index Scan using pk_customer_demographics on customer_demographics  (cost=0.43..0.74 rows=1 width=48) (actual time=0.004..0.004 rows=1 loops=604)
                                Index Cond: (cd_demo_sk = c.c_current_cdemo_sk)
                    ->  Hash  (cost=7555.99..7555.99 rows=1763 width=8) (actual time=28.370..28.371 rows=41265 loops=1)
                          Buckets: 65536 (originally 2048)  Batches: 1 (originally 1)  Memory Usage: 2124kB
                          ->  Nested Loop  (cost=0.43..7555.99 rows=1763 width=8) (actual time=4.921..22.708 rows=41375 loops=1)
                                ->  Seq Scan on date_dim date_dim_2  (cost=0.00..2683.36 rows=90 width=8) (actual time=4.897..10.215 rows=91 loops=1)
                                      Filter: ((d_moy >= 4) AND (d_moy <= 6) AND (d_year = 2002))
                                      Rows Removed by Filter: 72958
                                ->  Index Scan using i_cs_sold_date_sk on catalog_sales  (cost=0.43..46.32 rows=782 width=16) (actual time=0.004..0.081 rows=455 loops=91)
                                      Index Cond: (cs_sold_date_sk = date_dim_2.d_date_sk)
 cd_gender | cd_marital_status | cd_education_status  | cnt1 | cd_purchase_estimate | cnt2 | cd_credit_rating | cnt3 
-----------+-------------------+----------------------+------+----------------------+------+------------------+------
 F         | D                 | 2 yr Degree          |    1 |                  500 |    1 | Unknown          |    1
 F         | D                 | 2 yr Degree          |    1 |                 2000 |    1 | High Risk        |    1
 F         | D                 | 2 yr Degree          |    1 |                 3000 |    1 | Unknown          |    1
 F         | D                 | 2 yr Degree          |    1 |                 7500 |    1 | Low Risk         |    1
 F         | D                 | 4 yr Degree          |    1 |                 2500 |    1 | Unknown          |    1
 F         | D                 | 4 yr Degree          |    1 |                 3500 |    1 | Unknown          |    1
 F         | D                 | 4 yr Degree          |    1 |                 4000 |    1 | High Risk        |    1
 F         | D                 | 4 yr Degree          |    1 |                 5000 |    1 | Good             |    1
 F         | D                 | 4 yr Degree          |    1 |                 5000 |    1 | Low Risk         |    1
 F         | D                 | 4 yr Degree          |    1 |                 6000 |    1 | Low Risk         |    1
 F         | D                 | 4 yr Degree          |    1 |                 6500 |    1 | Unknown          |    1
 F         | D                 | 4 yr Degree          |    1 |                 9000 |    1 | Good             |    1
 F         | D                 | 4 yr Degree          |    1 |                10000 |    1 | Good             |    1
 F         | D                 | Advanced Degree      |    1 |                 4500 |    1 | Low Risk         |    1
 F         | D                 | Advanced Degree      |    1 |                 5000 |    1 | High Risk        |    1
 F         | D                 | Advanced Degree      |    1 |                 5500 |    1 | High Risk        |    1
 F         | D                 | Advanced Degree      |    1 |                 7000 |    1 | Low Risk         |    1
 F         | D                 | Advanced Degree      |    1 |                 8000 |    1 | Good             |    1
 F         | D                 | Advanced Degree      |    1 |                 8500 |    1 | Good             |    1
 F         | D                 | Advanced Degree      |    1 |                 9500 |    1 | Unknown          |    1
 F         | D                 | Advanced Degree      |    1 |                10000 |    1 | High Risk        |    1
 F         | D                 | College              |    1 |                  500 |    1 | Good             |    1
 F         | D                 | College              |    1 |                  500 |    1 | Unknown          |    1
 F         | D                 | College              |    1 |                 6000 |    1 | Good             |    1
 F         | D                 | College              |    1 |                 6000 |    1 | Low Risk         |    1
 F         | D                 | Primary              |    1 |                 1000 |    1 | High Risk        |    1
 F         | D                 | Primary              |    1 |                 3500 |    1 | Good             |    1
 F         | D                 | Primary              |    2 |                 4500 |    2 | Low Risk         |    2
 F         | D                 | Secondary            |    1 |                  500 |    1 | Good             |    1
 F         | D                 | Secondary            |    1 |                 1000 |    1 | Unknown          |    1
 F         | D                 | Secondary            |    1 |                 1500 |    1 | Good             |    1
 F         | D                 | Secondary            |    1 |                 2500 |    1 | Low Risk         |    1
 F         | D                 | Secondary            |    1 |                 2500 |    1 | Unknown          |    1
 F         | D                 | Secondary            |    1 |                 4500 |    1 | Low Risk         |    1
 F         | D                 | Secondary            |    1 |                 6000 |    1 | High Risk        |    1
 F         | D                 | Secondary            |    1 |                 6000 |    1 | Unknown          |    1
 F         | D                 | Secondary            |    1 |                 7500 |    1 | Unknown          |    1
 F         | D                 | Secondary            |    1 |                 8000 |    1 | Unknown          |    1
 F         | D                 | Secondary            |    1 |                 8500 |    1 | High Risk        |    1
 F         | D                 | Secondary            |    1 |                10000 |    1 | High Risk        |    1
 F         | D                 | Unknown              |    1 |                  500 |    1 | Low Risk         |    1
 F         | D                 | Unknown              |    2 |                 1000 |    2 | Unknown          |    2
 F         | D                 | Unknown              |    1 |                 1500 |    1 | Unknown          |    1
 F         | D                 | Unknown              |    1 |                 6000 |    1 | High Risk        |    1
 F         | D                 | Unknown              |    1 |                 8000 |    1 | High Risk        |    1
 F         | D                 | Unknown              |    1 |                 9500 |    1 | Low Risk         |    1
 F         | D                 | Unknown              |    1 |                 9500 |    1 | Unknown          |    1
 F         | D                 | Unknown              |    1 |                10000 |    1 | Unknown          |    1
 F         | M                 | 2 yr Degree          |    1 |                 1000 |    1 | High Risk        |    1
 F         | M                 | 2 yr Degree          |    1 |                 1500 |    1 | Good             |    1
 F         | M                 | 2 yr Degree          |    1 |                 2500 |    1 | High Risk        |    1
 F         | M                 | 2 yr Degree          |    1 |                 3000 |    1 | Good             |    1
 F         | M                 | 2 yr Degree          |    2 |                 4000 |    2 | High Risk        |    2
 F         | M                 | 2 yr Degree          |    1 |                 6500 |    1 | Good             |    1
 F         | M                 | 2 yr Degree          |    1 |                 9000 |    1 | Low Risk         |    1
 F         | M                 | 4 yr Degree          |    1 |                 1500 |    1 | Good             |    1
 F         | M                 | 4 yr Degree          |    1 |                 3500 |    1 | Low Risk         |    1
 F         | M                 | 4 yr Degree          |    1 |                 6000 |    1 | Good             |    1
 F         | M                 | 4 yr Degree          |    1 |                 9000 |    1 | Low Risk         |    1
 F         | M                 | Advanced Degree      |    1 |                 3000 |    1 | Unknown          |    1
 F         | M                 | Advanced Degree      |    1 |                 6000 |    1 | High Risk        |    1
 F         | M                 | Advanced Degree      |    1 |                 9500 |    1 | Good             |    1
 F         | M                 | Advanced Degree      |    1 |                10000 |    1 | High Risk        |    1
 F         | M                 | College              |    1 |                 2500 |    1 | High Risk        |    1
 F         | M                 | College              |    1 |                 3000 |    1 | High Risk        |    1
 F         | M                 | College              |    1 |                 4000 |    1 | Low Risk         |    1
 F         | M                 | College              |    1 |                 5000 |    1 | Unknown          |    1
 F         | M                 | College              |    1 |                 5500 |    1 | High Risk        |    1
 F         | M                 | College              |    1 |                 7000 |    1 | Unknown          |    1
 F         | M                 | Primary              |    1 |                 1500 |    1 | Good             |    1
 F         | M                 | Primary              |    2 |                 2500 |    2 | Low Risk         |    2
 F         | M                 | Primary              |    1 |                 2500 |    1 | Unknown          |    1
 F         | M                 | Primary              |    1 |                 3000 |    1 | Good             |    1
 F         | M                 | Primary              |    1 |                 3000 |    1 | Unknown          |    1
 F         | M                 | Primary              |    1 |                 4000 |    1 | Good             |    1
 F         | M                 | Primary              |    1 |                 4500 |    1 | High Risk        |    1
 F         | M                 | Primary              |    2 |                 4500 |    2 | Unknown          |    2
 F         | M                 | Primary              |    1 |                 5500 |    1 | Good             |    1
 F         | M                 | Primary              |    1 |                 6000 |    1 | High Risk        |    1
 F         | M                 | Primary              |    1 |                 8000 |    1 | Low Risk         |    1
 F         | M                 | Primary              |    1 |                 9000 |    1 | Low Risk         |    1
 F         | M                 | Primary              |    1 |                10000 |    1 | Low Risk         |    1
 F         | M                 | Secondary            |    1 |                  500 |    1 | Low Risk         |    1
 F         | M                 | Secondary            |    1 |                 2000 |    1 | Good             |    1
 F         | M                 | Secondary            |    1 |                 2000 |    1 | Unknown          |    1
 F         | M                 | Secondary            |    1 |                 5500 |    1 | Unknown          |    1
 F         | M                 | Secondary            |    1 |                 6500 |    1 | Good             |    1
 F         | M                 | Secondary            |    1 |                 7000 |    1 | High Risk        |    1
 F         | M                 | Secondary            |    1 |                 9500 |    1 | Good             |    1
 F         | M                 | Unknown              |    1 |                 1000 |    1 | Low Risk         |    1
 F         | M                 | Unknown              |    1 |                 1500 |    1 | Good             |    1
 F         | M                 | Unknown              |    2 |                 1500 |    2 | Unknown          |    2
 F         | M                 | Unknown              |    1 |                 3000 |    1 | High Risk        |    1
 F         | M                 | Unknown              |    1 |                 5000 |    1 | Low Risk         |    1
 F         | M                 | Unknown              |    1 |                 7500 |    1 | High Risk        |    1
 F         | M                 | Unknown              |    1 |                 7500 |    1 | Unknown          |    1
 F         | M                 | Unknown              |    1 |                 8500 |    1 | Unknown          |    1
 F         | S                 | 2 yr Degree          |    1 |                 2500 |    1 | High Risk        |    1
 F         | S                 | 2 yr Degree          |    1 |                 4000 |    1 | Unknown          |    1
 F         | S                 | 2 yr Degree          |    1 |                 5000 |    1 | Unknown          |    1
(100 rows)

UPDATE time_statistics SET e_time = TRANSACTION_TIMESTAMP() WHERE template = 'query69.tpl' AND stream = 3;
psql:/tmp/s1-basline/throughput/query_3.sql:672: NOTICE:  duration: 0.029 ms  plan:
Query Text: UPDATE time_statistics SET e_time = TRANSACTION_TIMESTAMP() WHERE template = 'query69.tpl' AND stream = 3;
Update on time_statistics  (cost=0.00..1.38 rows=0 width=0) (actual time=0.029..0.029 rows=0 loops=1)
  ->  Seq Scan on time_statistics  (cost=0.00..1.38 rows=1 width=14) (actual time=0.014..0.015 rows=1 loops=1)
        Filter: ((template = 'query69.tpl'::text) AND (stream = 3))
        Rows Removed by Filter: 39
UPDATE 1
LOAD 'auto_explain'; SET auto_explain.log_min_duration TO 0; SET auto_explain.log_analyze TO on; SET auto_explain.log_level TO notice; INSERT INTO time_statistics (template, s_time, stream, query, seed) VALUES ('../query_postgresql/query23.tpl', TRANSACTION_TIMESTAMP(), 3, 15, 294103767);
LOAD
SET
SET
SET
psql:/tmp/s1-basline/throughput/query_3.sql:673: NOTICE:  duration: 0.008 ms  plan:
Query Text: INSERT INTO time_statistics (template, s_time, stream, query, seed) VALUES ('../query_postgresql/query23.tpl', TRANSACTION_TIMESTAMP(), 3, 15, 294103767);
Insert on time_statistics  (cost=0.00..0.01 rows=0 width=0) (actual time=0.008..0.008 rows=0 loops=1)
  ->  Result  (cost=0.00..0.01 rows=1 width=64) (actual time=0.001..0.001 rows=1 loops=1)
INSERT 0 1
with frequent_ss_items as 
 (select substr(i_item_desc,1,30) itemdesc,i_item_sk item_sk,d_date solddate,count(*) cnt
  from store_sales
      ,date_dim 
      ,item
  where ss_sold_date_sk = d_date_sk
    and ss_item_sk = i_item_sk 
    and d_year in (1998,1998+1,1998+2,1998+3)
  group by substr(i_item_desc,1,30),i_item_sk,d_date
  having count(*) >4),
 max_store_sales as
 (select max(csales) tpcds_cmax 
  from (select c_customer_sk,sum(ss_quantity*ss_sales_price) csales
        from store_sales
            ,customer
            ,date_dim 
        where ss_customer_sk = c_customer_sk
         and ss_sold_date_sk = d_date_sk
         and d_year in (1998,1998+1,1998+2,1998+3) 
        group by c_customer_sk) x),
 best_ss_customer as
 (select c_customer_sk,sum(ss_quantity*ss_sales_price) ssales
  from store_sales
      ,customer
  where ss_customer_sk = c_customer_sk
  group by c_customer_sk
  having sum(ss_quantity*ss_sales_price) > (95/100.0) * (select
  *
from
 max_store_sales))
  select  sum(sales)
 from (select cs_quantity*cs_list_price sales
       from catalog_sales
           ,date_dim 
       where d_year = 1998 
         and d_moy = 1 
         and cs_sold_date_sk = d_date_sk 
         and cs_item_sk in (select item_sk from frequent_ss_items)
         and cs_bill_customer_sk in (select c_customer_sk from best_ss_customer)
      union all
      select ws_quantity*ws_list_price sales
       from web_sales 
           ,date_dim 
       where d_year = 1998 
         and d_moy = 1 
         and ws_sold_date_sk = d_date_sk 
         and ws_item_sk in (select item_sk from frequent_ss_items)
         and ws_bill_customer_sk in (select c_customer_sk from best_ss_customer)) y 
 limit 100;
psql:/tmp/s1-basline/throughput/query_3.sql:722: NOTICE:  duration: 4702.724 ms  plan:
Query Text: with frequent_ss_items as 
 (select substr(i_item_desc,1,30) itemdesc,i_item_sk item_sk,d_date solddate,count(*) cnt
  from store_sales
      ,date_dim 
      ,item
  where ss_sold_date_sk = d_date_sk
    and ss_item_sk = i_item_sk 
    and d_year in (1998,1998+1,1998+2,1998+3)
  group by substr(i_item_desc,1,30),i_item_sk,d_date
  having count(*) >4),
 max_store_sales as
 (select max(csales) tpcds_cmax 
  from (select c_customer_sk,sum(ss_quantity*ss_sales_price) csales
        from store_sales
            ,customer
            ,date_dim 
        where ss_customer_sk = c_customer_sk
         and ss_sold_date_sk = d_date_sk
         and d_year in (1998,1998+1,1998+2,1998+3) 
        group by c_customer_sk) x),
 best_ss_customer as
 (select c_customer_sk,sum(ss_quantity*ss_sales_price) ssales
  from store_sales
      ,customer
  where ss_customer_sk = c_customer_sk
  group by c_customer_sk
  having sum(ss_quantity*ss_sales_price) > (95/100.0) * (select
  *
from
 max_store_sales))
  select  sum(sales)
 from (select cs_quantity*cs_list_price sales
       from catalog_sales
           ,date_dim 
       where d_year = 1998 
         and d_moy = 1 
         and cs_sold_date_sk = d_date_sk 
         and cs_item_sk in (select item_sk from frequent_ss_items)
         and cs_bill_customer_sk in (select c_customer_sk from best_ss_customer)
      union all
      select ws_quantity*ws_list_price sales
       from web_sales 
           ,date_dim 
       where d_year = 1998 
         and d_moy = 1 
         and ws_sold_date_sk = d_date_sk 
         and ws_item_sk in (select item_sk from frequent_ss_items)
         and ws_bill_customer_sk in (select c_customer_sk from best_ss_customer)) y 
 limit 100;
Limit  (cost=348519.78..348519.79 rows=1 width=8) (actual time=4668.973..4702.718 rows=1 loops=1)
  CTE frequent_ss_items
    ->  Finalize HashAggregate  (cost=99086.26..99814.45 rows=18205 width=52) (actual time=2155.437..3155.597 rows=122 loops=1)
          Group Key: (substr((item.i_item_desc)::text, 1, 30)), item.i_item_sk, date_dim_2.d_date
          Filter: (count(*) > 4)
          Batches: 21  Memory Usage: 32825kB  Disk Usage: 140048kB
          Rows Removed by Filter: 1975839
          ->  Gather  (cost=93795.49..98631.14 rows=45512 width=52) (actual time=987.293..1441.893 rows=2118131 loops=1)
                Workers Planned: 2
                Workers Launched: 2
                ->  Partial HashAggregate  (cost=92795.49..93079.94 rows=22756 width=52) (actual time=982.554..1310.232 rows=706044 loops=3)
                      Group Key: substr((item.i_item_desc)::text, 1, 30), item.i_item_sk, date_dim_2.d_date
                      Batches: 5  Memory Usage: 33841kB  Disk Usage: 36376kB
                      Worker 0:  Batches: 5  Memory Usage: 34865kB  Disk Usage: 31672kB
                      Worker 1:  Batches: 5  Memory Usage: 33841kB  Disk Usage: 31968kB
                      ->  Hash Join  (cost=4179.87..92567.93 rows=22756 width=44) (actual time=31.378..714.077 rows=731641 loops=3)
                            Hash Cond: (store_sales.ss_item_sk = item.i_item_sk)
                            ->  Hash Join  (cost=2518.87..90790.30 rows=22756 width=12) (actual time=15.173..332.839 rows=731641 loops=3)
                                  Hash Cond: (store_sales.ss_sold_date_sk = date_dim_2.d_date_sk)
                                  ->  Parallel Seq Scan on store_sales  (cost=0.00..85123.48 rows=1199148 width=16) (actual time=0.010..130.072 rows=959309 loops=3)
                                  ->  Hash  (cost=2500.73..2500.73 rows=1451 width=12) (actual time=15.141..15.142 rows=1461 loops=3)
                                        Buckets: 2048  Batches: 1  Memory Usage: 85kB
                                        ->  Seq Scan on date_dim date_dim_2  (cost=0.00..2500.73 rows=1451 width=12) (actual time=7.041..14.927 rows=1461 loops=3)
                                              Filter: (d_year = ANY ('{1998,1999,2000,2001}'::integer[]))
                                              Rows Removed by Filter: 71588
                            ->  Hash  (cost=1436.00..1436.00 rows=18000 width=110) (actual time=16.087..16.087 rows=18000 loops=3)
                                  Buckets: 32768  Batches: 1  Memory Usage: 2822kB
                                  ->  Seq Scan on item  (cost=0.00..1436.00 rows=18000 width=110) (actual time=0.029..11.640 rows=18000 loops=3)
  CTE best_ss_customer
    ->  Finalize HashAggregate  (cost=228367.88..229867.88 rows=33333 width=16) (actual time=1473.248..1515.053 rows=10 loops=1)
          Group Key: customer_1.c_customer_sk
          Filter: (sum(((store_sales_2.ss_quantity)::double precision * store_sales_2.ss_sales_price)) > ('0.95'::double precision * $3))
          Batches: 1  Memory Usage: 10257kB
          Rows Removed by Filter: 90891
          InitPlan 2 (returns $3)
            ->  Aggregate  (cost=102626.03..102626.04 rows=1 width=8) (actual time=856.388..889.886 rows=1 loops=1)
                  ->  Finalize GroupAggregate  (cost=93437.47..101974.39 rows=52131 width=16) (actual time=532.143..885.857 rows=85146 loops=1)
                        Group Key: customer.c_customer_sk
                        ->  Gather Merge  (cost=93437.47..101235.87 rows=43442 width=16) (actual time=532.127..861.354 rows=141989 loops=1)
                              Workers Planned: 2
                              Workers Launched: 2
                              ->  Partial GroupAggregate  (cost=92437.45..95221.56 rows=21721 width=16) (actual time=525.663..766.142 rows=47330 loops=3)
                                    Group Key: customer.c_customer_sk
                                    ->  Merge Join  (cost=92437.45..94787.14 rows=21721 width=20) (actual time=525.643..700.949 rows=714351 loops=3)
                                          Merge Cond: (store_sales_1.ss_customer_sk = customer.c_customer_sk)
                                          ->  Sort  (cost=92437.14..92494.03 rows=22756 width=20) (actual time=525.582..593.863 rows=714352 loops=3)
                                                Sort Key: store_sales_1.ss_customer_sk
                                                Sort Method: external merge  Disk: 27936kB
                                                Worker 0:  Sort Method: external merge  Disk: 21864kB
                                                Worker 1:  Sort Method: external merge  Disk: 22016kB
                                                ->  Hash Join  (cost=2518.87..90790.30 rows=22756 width=20) (actual time=16.754..350.917 rows=731641 loops=3)
                                                      Hash Cond: (store_sales_1.ss_sold_date_sk = date_dim_3.d_date_sk)
                                                      ->  Parallel Seq Scan on store_sales store_sales_1  (cost=0.00..85123.48 rows=1199148 width=28) (actual time=0.016..128.473 rows=959309 loops=3)
                                                      ->  Hash  (cost=2500.73..2500.73 rows=1451 width=8) (actual time=16.692..16.693 rows=1461 loops=3)
                                                            Buckets: 2048  Batches: 1  Memory Usage: 74kB
                                                            ->  Seq Scan on date_dim date_dim_3  (cost=0.00..2500.73 rows=1451 width=8) (actual time=7.917..16.514 rows=1461 loops=3)
                                                                  Filter: (d_year = ANY ('{1998,1999,2000,2001}'::integer[]))
                                                                  Rows Removed by Filter: 71588
                                          ->  Index Only Scan using pk_customer on customer  (cost=0.29..1774.19 rows=100000 width=8) (actual time=0.054..9.926 rows=99998 loops=3)
                                                Heap Fetches: 0
          ->  Gather  (cost=103741.83..124741.83 rows=200000 width=16) (actual time=558.690..579.514 rows=166005 loops=1)
                Workers Planned: 2
                Workers Launched: 2
                ->  Partial HashAggregate  (cost=102741.83..103741.83 rows=100000 width=16) (actual time=553.188..564.704 rows=55335 loops=3)
                      Group Key: customer_1.c_customer_sk
                      Batches: 1  Memory Usage: 8209kB
                      Worker 0:  Batches: 1  Memory Usage: 7185kB
                      Worker 1:  Batches: 1  Memory Usage: 8209kB
                      ->  Hash Join  (cost=3024.19..91295.56 rows=1144627 width=20) (actual time=22.788..409.494 rows=916143 loops=3)
                            Hash Cond: (store_sales_2.ss_customer_sk = customer_1.c_customer_sk)
                            ->  Parallel Seq Scan on store_sales store_sales_2  (cost=0.00..85123.48 rows=1199148 width=20) (actual time=0.014..131.801 rows=959309 loops=3)
                            ->  Hash  (cost=1774.19..1774.19 rows=100000 width=8) (actual time=22.392..22.393 rows=100000 loops=3)
                                  Buckets: 131072  Batches: 1  Memory Usage: 4931kB
                                  ->  Index Only Scan using pk_customer on customer customer_1  (cost=0.29..1774.19 rows=100000 width=8) (actual time=0.064..10.350 rows=100000 loops=3)
                                        Heap Fetches: 0
  ->  Aggregate  (cost=18837.45..18837.46 rows=1 width=8) (actual time=4668.972..4668.979 rows=1 loops=1)
        ->  Append  (cost=1169.03..18836.88 rows=227 width=8) (actual time=4668.970..4668.977 rows=0 loops=1)
              ->  Hash Join  (cost=1169.03..5372.82 rows=151 width=8) (actual time=4652.728..4652.732 rows=0 loops=1)
                    Hash Cond: (catalog_sales.cs_item_sk = frequent_ss_items.item_sk)
                    ->  Hash Join  (cost=754.92..4955.48 rows=302 width=20) (actual time=1497.065..1497.067 rows=0 loops=1)
                          Hash Cond: (catalog_sales.cs_bill_customer_sk = best_ss_customer.c_customer_sk)
                          ->  Nested Loop  (cost=0.43..4196.04 rows=607 width=28) (actual time=4.680..14.681 rows=14059 loops=1)
                                ->  Seq Scan on date_dim  (cost=0.00..2500.73 rows=31 width=8) (actual time=4.659..9.458 rows=31 loops=1)
                                      Filter: ((d_year = 1998) AND (d_moy = 1))
                                      Rows Removed by Filter: 73018
                                ->  Index Scan using i_cs_sold_date_sk on catalog_sales  (cost=0.43..46.87 rows=782 width=36) (actual time=0.004..0.079 rows=454 loops=31)
                                      Index Cond: (cs_sold_date_sk = date_dim.d_date_sk)
                          ->  Hash  (cost=751.99..751.99 rows=200 width=8) (actual time=1481.495..1481.496 rows=10 loops=1)
                                Buckets: 1024  Batches: 1  Memory Usage: 9kB
                                ->  HashAggregate  (cost=749.99..751.99 rows=200 width=8) (actual time=1481.487..1481.490 rows=10 loops=1)
                                      Group Key: best_ss_customer.c_customer_sk
                                      Batches: 1  Memory Usage: 40kB
                                      ->  CTE Scan on best_ss_customer  (cost=0.00..666.66 rows=33333 width=8) (actual time=1473.251..1481.479 rows=10 loops=1)
                    ->  Hash  (cost=411.61..411.61 rows=200 width=8) (actual time=3155.660..3155.661 rows=122 loops=1)
                          Buckets: 1024  Batches: 1  Memory Usage: 13kB
                          ->  HashAggregate  (cost=409.61..411.61 rows=200 width=8) (actual time=3155.623..3155.639 rows=122 loops=1)
                                Group Key: frequent_ss_items.item_sk
                                Batches: 1  Memory Usage: 40kB
                                ->  CTE Scan on frequent_ss_items  (cost=0.00..364.10 rows=18205 width=8) (actual time=2155.441..3155.540 rows=122 loops=1)
              ->  Hash Join  (cost=3665.65..13460.65 rows=76 width=8) (actual time=16.238..16.240 rows=0 loops=1)
                    Hash Cond: (web_sales.ws_bill_customer_sk = best_ss_customer_1.c_customer_sk)
                    ->  Hash Join  (cost=2911.16..12704.54 rows=152 width=20) (actual time=8.459..16.211 rows=60 loops=1)
                          Hash Cond: (web_sales.ws_sold_date_sk = date_dim_1.d_date_sk)
                          ->  Nested Loop  (cost=410.04..9259.05 rows=359737 width=28) (actual time=0.055..7.699 rows=5980 loops=1)
                                ->  HashAggregate  (cost=409.61..411.61 rows=200 width=8) (actual time=0.040..0.059 rows=122 loops=1)
                                      Group Key: frequent_ss_items_1.item_sk
                                      Batches: 1  Memory Usage: 40kB
                                      ->  CTE Scan on frequent_ss_items frequent_ss_items_1  (cost=0.00..364.10 rows=18205 width=8) (actual time=0.001..0.012 rows=122 loops=1)
                                ->  Index Scan using pk_web_sales on web_sales  (cost=0.42..43.80 rows=44 width=36) (actual time=0.005..0.055 rows=49 loops=122)
                                      Index Cond: (ws_item_sk = frequent_ss_items_1.item_sk)
                          ->  Hash  (cost=2500.73..2500.73 rows=31 width=8) (actual time=8.115..8.116 rows=31 loops=1)
                                Buckets: 1024  Batches: 1  Memory Usage: 10kB
                                ->  Seq Scan on date_dim date_dim_1  (cost=0.00..2500.73 rows=31 width=8) (actual time=4.469..8.111 rows=31 loops=1)
                                      Filter: ((d_year = 1998) AND (d_moy = 1))
                                      Rows Removed by Filter: 73018
                    ->  Hash  (cost=751.99..751.99 rows=200 width=8) (actual time=0.011..0.012 rows=10 loops=1)
                          Buckets: 1024  Batches: 1  Memory Usage: 9kB
                          ->  HashAggregate  (cost=749.99..751.99 rows=200 width=8) (actual time=0.008..0.010 rows=10 loops=1)
                                Group Key: best_ss_customer_1.c_customer_sk
                                Batches: 1  Memory Usage: 40kB
                                ->  CTE Scan on best_ss_customer best_ss_customer_1  (cost=0.00..666.66 rows=33333 width=8) (actual time=0.001..0.002 rows=10 loops=1)
 sum 
-----
    
(1 row)

with frequent_ss_items as
 (select substr(i_item_desc,1,30) itemdesc,i_item_sk item_sk,d_date solddate,count(*) cnt
  from store_sales
      ,date_dim
      ,item
  where ss_sold_date_sk = d_date_sk
    and ss_item_sk = i_item_sk
    and d_year in (1998,1998 + 1,1998 + 2,1998 + 3)
  group by substr(i_item_desc,1,30),i_item_sk,d_date
  having count(*) >4),
 max_store_sales as
 (select max(csales) tpcds_cmax
  from (select c_customer_sk,sum(ss_quantity*ss_sales_price) csales
        from store_sales
            ,customer
            ,date_dim 
        where ss_customer_sk = c_customer_sk
         and ss_sold_date_sk = d_date_sk
         and d_year in (1998,1998+1,1998+2,1998+3)
        group by c_customer_sk) x),
 best_ss_customer as
 (select c_customer_sk,sum(ss_quantity*ss_sales_price) ssales
  from store_sales
      ,customer
  where ss_customer_sk = c_customer_sk
  group by c_customer_sk
  having sum(ss_quantity*ss_sales_price) > (95/100.0) * (select
  *
 from max_store_sales))
  select  c_last_name,c_first_name,sales
 from (select c_last_name,c_first_name,sum(cs_quantity*cs_list_price) sales
        from catalog_sales
            ,customer
            ,date_dim 
        where d_year = 1998 
         and d_moy = 1 
         and cs_sold_date_sk = d_date_sk 
         and cs_item_sk in (select item_sk from frequent_ss_items)
         and cs_bill_customer_sk in (select c_customer_sk from best_ss_customer)
         and cs_bill_customer_sk = c_customer_sk 
       group by c_last_name,c_first_name
      union all
      select c_last_name,c_first_name,sum(ws_quantity*ws_list_price) sales
       from web_sales
           ,customer
           ,date_dim 
       where d_year = 1998 
         and d_moy = 1 
         and ws_sold_date_sk = d_date_sk 
         and ws_item_sk in (select item_sk from frequent_ss_items)
         and ws_bill_customer_sk in (select c_customer_sk from best_ss_customer)
         and ws_bill_customer_sk = c_customer_sk
       group by c_last_name,c_first_name) y 
     order by c_last_name,c_first_name,sales
  limit 100;
psql:/tmp/s1-basline/throughput/query_3.sql:777: NOTICE:  duration: 4769.457 ms  plan:
Query Text: with frequent_ss_items as
 (select substr(i_item_desc,1,30) itemdesc,i_item_sk item_sk,d_date solddate,count(*) cnt
  from store_sales
      ,date_dim
      ,item
  where ss_sold_date_sk = d_date_sk
    and ss_item_sk = i_item_sk
    and d_year in (1998,1998 + 1,1998 + 2,1998 + 3)
  group by substr(i_item_desc,1,30),i_item_sk,d_date
  having count(*) >4),
 max_store_sales as
 (select max(csales) tpcds_cmax
  from (select c_customer_sk,sum(ss_quantity*ss_sales_price) csales
        from store_sales
            ,customer
            ,date_dim 
        where ss_customer_sk = c_customer_sk
         and ss_sold_date_sk = d_date_sk
         and d_year in (1998,1998+1,1998+2,1998+3)
        group by c_customer_sk) x),
 best_ss_customer as
 (select c_customer_sk,sum(ss_quantity*ss_sales_price) ssales
  from store_sales
      ,customer
  where ss_customer_sk = c_customer_sk
  group by c_customer_sk
  having sum(ss_quantity*ss_sales_price) > (95/100.0) * (select
  *
 from max_store_sales))
  select  c_last_name,c_first_name,sales
 from (select c_last_name,c_first_name,sum(cs_quantity*cs_list_price) sales
        from catalog_sales
            ,customer
            ,date_dim 
        where d_year = 1998 
         and d_moy = 1 
         and cs_sold_date_sk = d_date_sk 
         and cs_item_sk in (select item_sk from frequent_ss_items)
         and cs_bill_customer_sk in (select c_customer_sk from best_ss_customer)
         and cs_bill_customer_sk = c_customer_sk 
       group by c_last_name,c_first_name
      union all
      select c_last_name,c_first_name,sum(ws_quantity*ws_list_price) sales
       from web_sales
           ,customer
           ,date_dim 
       where d_year = 1998 
         and d_moy = 1 
         and ws_sold_date_sk = d_date_sk 
         and ws_item_sk in (select item_sk from frequent_ss_items)
         and ws_bill_customer_sk in (select c_customer_sk from best_ss_customer)
         and ws_bill_customer_sk = c_customer_sk
       group by c_last_name,c_first_name) y 
     order by c_last_name,c_first_name,sales
  limit 100;
Limit  (cost=348611.31..348611.56 rows=100 width=60) (actual time=4735.485..4769.454 rows=0 loops=1)
  CTE frequent_ss_items
    ->  Finalize HashAggregate  (cost=99086.26..99814.45 rows=18205 width=52) (actual time=2219.849..3213.962 rows=122 loops=1)
          Group Key: (substr((item.i_item_desc)::text, 1, 30)), item.i_item_sk, date_dim_2.d_date
          Filter: (count(*) > 4)
          Batches: 21  Memory Usage: 32825kB  Disk Usage: 139032kB
          Rows Removed by Filter: 1975839
          ->  Gather  (cost=93795.49..98631.14 rows=45512 width=52) (actual time=1032.957..1485.053 rows=2117969 loops=1)
                Workers Planned: 2
                Workers Launched: 2
                ->  Partial HashAggregate  (cost=92795.49..93079.94 rows=22756 width=52) (actual time=1028.040..1340.973 rows=705990 loops=3)
                      Group Key: substr((item.i_item_desc)::text, 1, 30), item.i_item_sk, date_dim_2.d_date
                      Batches: 5  Memory Usage: 34865kB  Disk Usage: 36360kB
                      Worker 0:  Batches: 5  Memory Usage: 33841kB  Disk Usage: 31856kB
                      Worker 1:  Batches: 5  Memory Usage: 34865kB  Disk Usage: 31592kB
                      ->  Hash Join  (cost=4179.87..92567.93 rows=22756 width=44) (actual time=31.722..745.140 rows=731641 loops=3)
                            Hash Cond: (store_sales.ss_item_sk = item.i_item_sk)
                            ->  Hash Join  (cost=2518.87..90790.30 rows=22756 width=12) (actual time=15.773..334.632 rows=731641 loops=3)
                                  Hash Cond: (store_sales.ss_sold_date_sk = date_dim_2.d_date_sk)
                                  ->  Parallel Seq Scan on store_sales  (cost=0.00..85123.48 rows=1199148 width=16) (actual time=0.012..129.259 rows=959309 loops=3)
                                  ->  Hash  (cost=2500.73..2500.73 rows=1451 width=12) (actual time=15.743..15.744 rows=1461 loops=3)
                                        Buckets: 2048  Batches: 1  Memory Usage: 85kB
                                        ->  Seq Scan on date_dim date_dim_2  (cost=0.00..2500.73 rows=1451 width=12) (actual time=7.304..15.543 rows=1461 loops=3)
                                              Filter: (d_year = ANY ('{1998,1999,2000,2001}'::integer[]))
                                              Rows Removed by Filter: 71588
                            ->  Hash  (cost=1436.00..1436.00 rows=18000 width=110) (actual time=15.834..15.834 rows=18000 loops=3)
                                  Buckets: 32768  Batches: 1  Memory Usage: 2822kB
                                  ->  Seq Scan on item  (cost=0.00..1436.00 rows=18000 width=110) (actual time=0.025..11.794 rows=18000 loops=3)
  CTE best_ss_customer
    ->  Finalize HashAggregate  (cost=228367.88..229867.88 rows=33333 width=16) (actual time=1479.883..1522.426 rows=10 loops=1)
          Group Key: customer_3.c_customer_sk
          Filter: (sum(((store_sales_2.ss_quantity)::double precision * store_sales_2.ss_sales_price)) > ('0.95'::double precision * $3))
          Batches: 1  Memory Usage: 10257kB
          Rows Removed by Filter: 90891
          InitPlan 2 (returns $3)
            ->  Aggregate  (cost=102626.03..102626.04 rows=1 width=8) (actual time=859.253..892.963 rows=1 loops=1)
                  ->  Finalize GroupAggregate  (cost=93437.47..101974.39 rows=52131 width=16) (actual time=534.126..888.926 rows=85146 loops=1)
                        Group Key: customer_2.c_customer_sk
                        ->  Gather Merge  (cost=93437.47..101235.87 rows=43442 width=16) (actual time=534.106..864.435 rows=141864 loops=1)
                              Workers Planned: 2
                              Workers Launched: 2
                              ->  Partial GroupAggregate  (cost=92437.45..95221.56 rows=21721 width=16) (actual time=526.806..768.673 rows=47288 loops=3)
                                    Group Key: customer_2.c_customer_sk
                                    ->  Merge Join  (cost=92437.45..94787.14 rows=21721 width=20) (actual time=526.789..702.804 rows=714351 loops=3)
                                          Merge Cond: (store_sales_1.ss_customer_sk = customer_2.c_customer_sk)
                                          ->  Sort  (cost=92437.14..92494.03 rows=22756 width=20) (actual time=526.729..594.797 rows=714352 loops=3)
                                                Sort Key: store_sales_1.ss_customer_sk
                                                Sort Method: external merge  Disk: 27848kB
                                                Worker 0:  Sort Method: external merge  Disk: 21832kB
                                                Worker 1:  Sort Method: external merge  Disk: 22144kB
                                                ->  Hash Join  (cost=2518.87..90790.30 rows=22756 width=20) (actual time=16.913..352.428 rows=731641 loops=3)
                                                      Hash Cond: (store_sales_1.ss_sold_date_sk = date_dim_3.d_date_sk)
                                                      ->  Parallel Seq Scan on store_sales store_sales_1  (cost=0.00..85123.48 rows=1199148 width=28) (actual time=0.017..128.652 rows=959309 loops=3)
                                                      ->  Hash  (cost=2500.73..2500.73 rows=1451 width=8) (actual time=16.850..16.851 rows=1461 loops=3)
                                                            Buckets: 2048  Batches: 1  Memory Usage: 74kB
                                                            ->  Seq Scan on date_dim date_dim_3  (cost=0.00..2500.73 rows=1451 width=8) (actual time=8.095..16.676 rows=1461 loops=3)
                                                                  Filter: (d_year = ANY ('{1998,1999,2000,2001}'::integer[]))
                                                                  Rows Removed by Filter: 71588
                                          ->  Index Only Scan using pk_customer on customer customer_2  (cost=0.29..1774.19 rows=100000 width=8) (actual time=0.052..10.054 rows=99997 loops=3)
                                                Heap Fetches: 0
          ->  Gather  (cost=103741.83..124741.83 rows=200000 width=16) (actual time=563.384..584.583 rows=165959 loops=1)
                Workers Planned: 2
                Workers Launched: 2
                ->  Partial HashAggregate  (cost=102741.83..103741.83 rows=100000 width=16) (actual time=557.788..569.501 rows=55320 loops=3)
                      Group Key: customer_3.c_customer_sk
                      Batches: 1  Memory Usage: 8209kB
                      Worker 0:  Batches: 1  Memory Usage: 8209kB
                      Worker 1:  Batches: 1  Memory Usage: 8209kB
                      ->  Hash Join  (cost=3024.19..91295.56 rows=1144627 width=20) (actual time=23.013..411.045 rows=916143 loops=3)
                            Hash Cond: (store_sales_2.ss_customer_sk = customer_3.c_customer_sk)
                            ->  Parallel Seq Scan on store_sales store_sales_2  (cost=0.00..85123.48 rows=1199148 width=20) (actual time=0.015..133.157 rows=959309 loops=3)
                            ->  Hash  (cost=1774.19..1774.19 rows=100000 width=8) (actual time=22.608..22.608 rows=100000 loops=3)
                                  Buckets: 131072  Batches: 1  Memory Usage: 4931kB
                                  ->  Index Only Scan using pk_customer on customer customer_3  (cost=0.29..1774.19 rows=100000 width=8) (actual time=0.067..10.488 rows=100000 loops=3)
                                        Heap Fetches: 0
  ->  Sort  (cost=18928.98..18929.54 rows=226 width=60) (actual time=4735.485..4735.494 rows=0 loops=1)
        Sort Key: customer.c_last_name, customer.c_first_name, (sum(((catalog_sales.cs_quantity)::double precision * catalog_sales.cs_list_price)))
        Sort Method: quicksort  Memory: 25kB
        ->  Append  (cost=5424.69..18920.34 rows=226 width=60) (actual time=4735.480..4735.489 rows=0 loops=1)
              ->  GroupAggregate  (cost=5424.69..5428.44 rows=150 width=60) (actual time=4718.597..4718.603 rows=0 loops=1)
                    Group Key: customer.c_last_name, customer.c_first_name
                    ->  Sort  (cost=5424.69..5425.07 rows=150 width=64) (actual time=4718.596..4718.601 rows=0 loops=1)
                          Sort Key: customer.c_last_name, customer.c_first_name
                          Sort Method: quicksort  Memory: 25kB
                          ->  Nested Loop  (cost=1169.33..5419.27 rows=150 width=64) (actual time=4718.593..4718.597 rows=0 loops=1)
                                ->  Hash Join  (cost=1169.03..5372.07 rows=151 width=28) (actual time=4718.592..4718.597 rows=0 loops=1)
                                      Hash Cond: (catalog_sales.cs_item_sk = frequent_ss_items.item_sk)
                                      ->  Hash Join  (cost=754.92..4955.48 rows=302 width=36) (actual time=1504.574..1504.577 rows=0 loops=1)
                                            Hash Cond: (catalog_sales.cs_bill_customer_sk = best_ss_customer.c_customer_sk)
                                            ->  Nested Loop  (cost=0.43..4196.04 rows=607 width=28) (actual time=4.742..15.025 rows=14059 loops=1)
                                                  ->  Seq Scan on date_dim  (cost=0.00..2500.73 rows=31 width=8) (actual time=4.720..9.745 rows=31 loops=1)
                                                        Filter: ((d_year = 1998) AND (d_moy = 1))
                                                        Rows Removed by Filter: 73018
                                                  ->  Index Scan using i_cs_sold_date_sk on catalog_sales  (cost=0.43..46.87 rows=782 width=36) (actual time=0.004..0.080 rows=454 loops=31)
                                                        Index Cond: (cs_sold_date_sk = date_dim.d_date_sk)
                                            ->  Hash  (cost=751.99..751.99 rows=200 width=8) (actual time=1488.652..1488.653 rows=10 loops=1)
                                                  Buckets: 1024  Batches: 1  Memory Usage: 9kB
                                                  ->  HashAggregate  (cost=749.99..751.99 rows=200 width=8) (actual time=1488.644..1488.647 rows=10 loops=1)
                                                        Group Key: best_ss_customer.c_customer_sk
                                                        Batches: 1  Memory Usage: 40kB
                                                        ->  CTE Scan on best_ss_customer  (cost=0.00..666.66 rows=33333 width=8) (actual time=1479.886..1488.637 rows=10 loops=1)
                                      ->  Hash  (cost=411.61..411.61 rows=200 width=8) (actual time=3214.014..3214.015 rows=122 loops=1)
                                            Buckets: 1024  Batches: 1  Memory Usage: 13kB
                                            ->  HashAggregate  (cost=409.61..411.61 rows=200 width=8) (actual time=3213.980..3213.994 rows=122 loops=1)
                                                  Group Key: frequent_ss_items.item_sk
                                                  Batches: 1  Memory Usage: 40kB
                                                  ->  CTE Scan on frequent_ss_items  (cost=0.00..364.10 rows=18205 width=8) (actual time=2219.852..3213.898 rows=122 loops=1)
                                ->  Index Scan using pk_customer on customer  (cost=0.29..0.31 rows=1 width=60) (never executed)
                                      Index Cond: (c_customer_sk = catalog_sales.cs_bill_customer_sk)
              ->  GroupAggregate  (cost=13486.60..13488.50 rows=76 width=60) (actual time=16.880..16.883 rows=0 loops=1)
                    Group Key: customer_1.c_last_name, customer_1.c_first_name
                    ->  Sort  (cost=13486.60..13486.79 rows=76 width=64) (actual time=16.879..16.882 rows=0 loops=1)
                          Sort Key: customer_1.c_last_name, customer_1.c_first_name
                          Sort Method: quicksort  Memory: 25kB
                          ->  Nested Loop  (cost=3665.94..13484.23 rows=76 width=64) (actual time=16.868..16.871 rows=0 loops=1)
                                ->  Hash Join  (cost=3665.65..13460.27 rows=76 width=28) (actual time=16.868..16.870 rows=0 loops=1)
                                      Hash Cond: (web_sales.ws_bill_customer_sk = best_ss_customer_1.c_customer_sk)
                                      ->  Hash Join  (cost=2911.16..12704.54 rows=152 width=20) (actual time=8.889..16.846 rows=60 loops=1)
                                            Hash Cond: (web_sales.ws_sold_date_sk = date_dim_1.d_date_sk)
                                            ->  Nested Loop  (cost=410.04..9259.05 rows=359737 width=28) (actual time=0.053..7.941 rows=5980 loops=1)
                                                  ->  HashAggregate  (cost=409.61..411.61 rows=200 width=8) (actual time=0.038..0.057 rows=122 loops=1)
                                                        Group Key: frequent_ss_items_1.item_sk
                                                        Batches: 1  Memory Usage: 40kB
                                                        ->  CTE Scan on frequent_ss_items frequent_ss_items_1  (cost=0.00..364.10 rows=18205 width=8) (actual time=0.001..0.011 rows=122 loops=1)
                                                  ->  Index Scan using pk_web_sales on web_sales  (cost=0.42..43.80 rows=44 width=36) (actual time=0.005..0.057 rows=49 loops=122)
                                                        Index Cond: (ws_item_sk = frequent_ss_items_1.item_sk)
                                            ->  Hash  (cost=2500.73..2500.73 rows=31 width=8) (actual time=8.516..8.517 rows=31 loops=1)
                                                  Buckets: 1024  Batches: 1  Memory Usage: 10kB
                                                  ->  Seq Scan on date_dim date_dim_1  (cost=0.00..2500.73 rows=31 width=8) (actual time=4.807..8.512 rows=31 loops=1)
                                                        Filter: ((d_year = 1998) AND (d_moy = 1))
                                                        Rows Removed by Filter: 73018
                                      ->  Hash  (cost=751.99..751.99 rows=200 width=8) (actual time=0.011..0.012 rows=10 loops=1)
                                            Buckets: 1024  Batches: 1  Memory Usage: 9kB
                                            ->  HashAggregate  (cost=749.99..751.99 rows=200 width=8) (actual time=0.007..0.009 rows=10 loops=1)
                                                  Group Key: best_ss_customer_1.c_customer_sk
                                                  Batches: 1  Memory Usage: 40kB
                                                  ->  CTE Scan on best_ss_customer best_ss_customer_1  (cost=0.00..666.66 rows=33333 width=8) (actual time=0.001..0.002 rows=10 loops=1)
                                ->  Index Scan using pk_customer on customer customer_1  (cost=0.29..0.32 rows=1 width=60) (never executed)
                                      Index Cond: (c_customer_sk = web_sales.ws_bill_customer_sk)
 c_last_name | c_first_name | sales 
-------------+--------------+-------
(0 rows)

UPDATE time_statistics SET e_time = TRANSACTION_TIMESTAMP() WHERE template = '../query_postgresql/query23.tpl' AND stream = 3;
psql:/tmp/s1-basline/throughput/query_3.sql:779: NOTICE:  duration: 0.038 ms  plan:
Query Text: UPDATE time_statistics SET e_time = TRANSACTION_TIMESTAMP() WHERE template = '../query_postgresql/query23.tpl' AND stream = 3;
Update on time_statistics  (cost=0.00..1.77 rows=0 width=0) (actual time=0.037..0.038 rows=0 loops=1)
  ->  Seq Scan on time_statistics  (cost=0.00..1.77 rows=1 width=14) (actual time=0.023..0.024 rows=1 loops=1)
        Filter: ((template = '../query_postgresql/query23.tpl'::text) AND (stream = 3))
        Rows Removed by Filter: 52
UPDATE 1
LOAD 'auto_explain'; SET auto_explain.log_min_duration TO 0; SET auto_explain.log_analyze TO on; SET auto_explain.log_level TO notice; INSERT INTO time_statistics (template, s_time, stream, query, seed) VALUES ('query19.tpl', TRANSACTION_TIMESTAMP(), 3, 16, 1146183729);
LOAD
SET
SET
SET
psql:/tmp/s1-basline/throughput/query_3.sql:780: NOTICE:  duration: 0.019 ms  plan:
Query Text: INSERT INTO time_statistics (template, s_time, stream, query, seed) VALUES ('query19.tpl', TRANSACTION_TIMESTAMP(), 3, 16, 1146183729);
Insert on time_statistics  (cost=0.00..0.01 rows=0 width=0) (actual time=0.018..0.019 rows=0 loops=1)
  ->  Result  (cost=0.00..0.01 rows=1 width=64) (actual time=0.001..0.001 rows=1 loops=1)
INSERT 0 1
select  i_brand_id brand_id, i_brand brand, i_manufact_id, i_manufact,
 	sum(ss_ext_sales_price) ext_price
 from date_dim, store_sales, item,customer,customer_address,store
 where d_date_sk = ss_sold_date_sk
   and ss_item_sk = i_item_sk
   and i_manager_id=23
   and d_moy=11
   and d_year=2002
   and ss_customer_sk = c_customer_sk 
   and c_current_addr_sk = ca_address_sk
   and substr(ca_zip,1,5) <> substr(s_zip,1,5) 
   and ss_store_sk = s_store_sk 
 group by i_brand
      ,i_brand_id
      ,i_manufact_id
      ,i_manufact
 order by ext_price desc
         ,i_brand
         ,i_brand_id
         ,i_manufact_id
         ,i_manufact
limit 100 ;
psql:/tmp/s1-basline/throughput/query_3.sql:802: NOTICE:  duration: 225.263 ms  plan:
Query Text: select  i_brand_id brand_id, i_brand brand, i_manufact_id, i_manufact,
 	sum(ss_ext_sales_price) ext_price
 from date_dim, store_sales, item,customer,customer_address,store
 where d_date_sk = ss_sold_date_sk
   and ss_item_sk = i_item_sk
   and i_manager_id=23
   and d_moy=11
   and d_year=2002
   and ss_customer_sk = c_customer_sk 
   and c_current_addr_sk = ca_address_sk
   and substr(ca_zip,1,5) <> substr(s_zip,1,5) 
   and ss_store_sk = s_store_sk 
 group by i_brand
      ,i_brand_id
      ,i_manufact_id
      ,i_manufact
 order by ext_price desc
         ,i_brand
         ,i_brand_id
         ,i_manufact_id
         ,i_manufact
limit 100 ;
Limit  (cost=41167.20..41167.25 rows=18 width=118) (actual time=225.181..225.194 rows=100 loops=1)
  ->  Sort  (cost=41167.20..41167.25 rows=18 width=118) (actual time=225.180..225.186 rows=100 loops=1)
        Sort Key: (sum(store_sales.ss_ext_sales_price)) DESC, item.i_brand, item.i_brand_id, item.i_manufact_id, item.i_manufact
        Sort Method: quicksort  Memory: 70kB
        ->  GroupAggregate  (cost=41166.38..41166.83 rows=18 width=118) (actual time=224.597..225.127 rows=170 loops=1)
              Group Key: item.i_brand, item.i_brand_id, item.i_manufact_id, item.i_manufact
              ->  Sort  (cost=41166.38..41166.42 rows=18 width=118) (actual time=224.584..224.649 rows=1594 loops=1)
                    Sort Key: item.i_brand, item.i_brand_id, item.i_manufact_id, item.i_manufact
                    Sort Method: quicksort  Memory: 297kB
                    ->  Nested Loop  (cost=1.30..41166.00 rows=18 width=118) (actual time=4.809..222.342 rows=1594 loops=1)
                          Join Filter: (substr((customer_address.ca_zip)::text, 1, 5) <> substr((store.s_zip)::text, 1, 5))
                          Rows Removed by Join Filter: 52
                          ->  Nested Loop  (cost=1.01..41159.81 rows=18 width=137) (actual time=4.798..216.726 rows=1646 loops=1)
                                ->  Nested Loop  (cost=0.72..41153.90 rows=19 width=137) (actual time=4.791..211.400 rows=1666 loops=1)
                                      Join Filter: (store_sales.ss_store_sk = store.s_store_sk)
                                      Rows Removed by Join Filter: 7637
                                      ->  Nested Loop  (cost=0.72..41149.45 rows=20 width=134) (actual time=4.776..210.158 rows=1699 loops=1)
                                            ->  Nested Loop  (cost=0.43..40813.12 rows=1092 width=32) (actual time=4.746..53.404 rows=89671 loops=1)
                                                  ->  Seq Scan on date_dim  (cost=0.00..2500.73 rows=29 width=8) (actual time=4.729..9.622 rows=30 loops=1)
                                                        Filter: ((d_moy = 11) AND (d_year = 2002))
                                                        Rows Removed by Filter: 73019
                                                  ->  Index Scan using i_ss_sold_date_sk on store_sales  (cost=0.43..1306.04 rows=1508 width=40) (actual time=0.006..0.986 rows=2989 loops=30)
                                                        Index Cond: (ss_sold_date_sk = date_dim.d_date_sk)
                                            ->  Index Scan using pk_item on item  (cost=0.29..0.31 rows=1 width=118) (actual time=0.002..0.002 rows=0 loops=89671)
                                                  Index Cond: (i_item_sk = store_sales.ss_item_sk)
                                                  Filter: (i_manager_id = 23)
                                                  Rows Removed by Filter: 1
                                      ->  Materialize  (cost=0.00..1.18 rows=12 width=19) (actual time=0.000..0.000 rows=5 loops=1699)
                                            ->  Seq Scan on store  (cost=0.00..1.12 rows=12 width=19) (actual time=0.003..0.007 rows=12 loops=1)
                                ->  Index Scan using pk_customer on customer  (cost=0.29..0.31 rows=1 width=16) (actual time=0.003..0.003 rows=1 loops=1666)
                                      Index Cond: (c_customer_sk = store_sales.ss_customer_sk)
                          ->  Index Scan using pk_customer_address on customer_address  (cost=0.29..0.32 rows=1 width=19) (actual time=0.002..0.002 rows=1 loops=1646)
                                Index Cond: (ca_address_sk = customer.c_current_addr_sk)
 brand_id |                       brand                        | i_manufact_id |                     i_manufact                     |     ext_price      
----------+----------------------------------------------------+---------------+----------------------------------------------------+--------------------
  3001001 | amalgexporti #1                                    |           215 | antioughtable                                      |           47060.57
  6008007 | corpbrand #8                                       |             7 | esebarable                                         | 47058.729999999996
  3003002 | exportiexporti #2                                  |           708 | eingbaration                                       | 44598.490000000005
  7009007 | exportischolar #2                                  |           793 | antieingeing                                       |           43129.99
  3002002 | importoexporti #2                                  |           501 | oughtbaranti                                       |           41297.76
  1003001 | importobrand #9                                    |           111 | oughtoughtought                                    |           41196.51
  9008006 | importoimporto #1                                  |           269 | ationpriese                                        |           36929.85
  7003007 | exportibrand #7                                    |           290 | barn stable                                        |           36458.86
  5003001 | exportischolar #1                                  |           124 | eseableought                                       |           35513.72
  2003001 | amalgimporto #1                                    |            49 | n stese                                            |  34948.85999999999
  9004008 | edu packmaxi #8                                    |           464 | esecallyese                                        |           34773.13
  8013004 | maxiunivamalg #6                                   |           150 | barantiought                                       | 34717.979999999996
  1001001 | corpnameless #4                                    |           477 | ationationese                                      |           31191.31
  3002002 | importoexporti #2                                  |           301 | oughtbarpri                                        | 30585.879999999997
  4004002 | edu packedu pack #2                                |            66 | callycally                                         |           30476.53
  5002002 | importoscholar #2                                  |           375 | barcallyought                                      | 29137.829999999998
  5001002 | amalgscholar #2                                    |           628 | eingablecally                                      |           29024.49
  5004001 | edu packscholar #1                                 |           871 | eingoughtable                                      |           28050.34
  4003002 | exportiedu pack #2                                 |            53 | prianti                                            |           27634.14
  4004002 | edu packedu pack #2                                |           255 | antiantiable                                       |           27561.63
 10009004 | maxiunivamalg #4                                   |           419 | n stoughtese                                       | 27487.639999999996
  9015011 | exportiamalg #1                                    |           246 | oughtoughteing                                     |           27210.17
  2004002 | edu packimporto #2                                 |           360 | barcallypri                                        | 27058.059999999998
  2002001 | corpbrand #6                                       |           538 | eingprianti                                        |           26952.33
 10016003 | edu packscholar #2                                 |           356 | callyantipri                                       | 26483.649999999998
  5001002 | amalgscholar #2                                    |           119 | n stoughtought                                     | 25412.249999999996
  3001002 | amalgexporti #2                                    |           416 | callyoughtese                                      |           24898.67
  6008003 | corpnameless #7                                    |           120 | barableought                                       |           24662.53
 10010013 | exportischolar #2                                  |           151 | oughtantiought                                     |           24585.22
  6003006 | exporticorp #6                                     |           276 | callyationable                                     |           24556.71
  3004001 | edu packexporti #1                                 |           191 | oughtn stought                                     |           23884.18
  2002002 | importoimporto #2                                  |           297 | ationn stable                                      |           23602.48
  5001001 | amalgscholar #1                                    |            77 | ationation                                         |            23567.8
  6004008 | edu packcorp #8                                    |           851 | oughtantieing                                      |           23541.68
  9001005 | edu packunivamalg #13                              |           208 | eingbarable                                        |           23213.39
  4004002 | edu packedu pack #2                                |           159 | n stantiought                                      |           23180.96
  6013008 | exportibrand #8                                    |           232 | ablepriable                                        |           23076.73
  7004003 | edu packunivamalg #7                               |           161 | eseableable                                        |           22905.72
  3002001 | edu packedu pack #1                                |           176 | callyationought                                    |            22770.6
  1002002 | importoamalg #2                                    |           143 | prieseought                                        |           22673.84
  8008008 | namelessnameless #8                                |           449 | n steseese                                         |           22457.21
  1004002 | edu packamalg #2                                   |            66 | callycally                                         |           22023.38
  2001001 | amalgimporto #1                                    |           228 | eingableable                                       | 21904.340000000004
  9010010 | univunivamalg #10                                  |           183 | prieingought                                       |           21491.43
  7016007 | corpnameless #7                                    |           484 | eseeingese                                         |           21483.84
 10012007 | importoimporto #1                                  |           560 | n stought                                          |           21351.18
  6001007 | edu packscholar #2                                 |           540 | prianti                                            | 21140.199999999997
  7014008 | edu packnameless #8                                |           638 | eingprically                                       |            20989.9
  2003001 | exportiimporto #1                                  |           141 | oughtcally                                         | 20846.289999999997
  2002002 | importoimporto #2                                  |           326 | callyablepri                                       | 20567.819999999996
  2002002 | importoimporto #2                                  |           578 | eingationanti                                      |           20555.61
  4002002 | univmaxi #5                                        |            77 | ationation                                         |           20500.86
  7011004 | amalgnameless #4                                   |           605 | antibarcally                                       |           20465.07
  6011006 | exportiimporto #1                                  |           293 | prin stable                                        |            20244.5
  7008002 | namelessbrand #2                                   |           158 | eingantiought                                      | 20099.470000000005
  6007001 | edu packscholar #2                                 |           306 | callybarpri                                        |           20051.73
  1002002 | importoamalg #2                                    |           677 | ationationcally                                    | 19760.990000000005
  1001002 | amalgamalg #2                                      |            67 | ationcally                                         |           19597.24
  8010008 | univmaxi #8                                        |           285 | ought                                              |           19241.21
  9002004 | importomaxi #4                                     |           756 | callyantiation                                     |           19132.99
  7009010 | maxibrand #10                                      |           302 | ablebarpri                                         |           18765.16
  1003001 | importoscholar #1                                  |            10 | barought                                           |           18648.65
  8003006 | exportinameless #6                                 |           749 | n steseation                                       |            18432.4
  1003001 | namelessunivamalg #6                               |           525 | eingation                                          | 18099.140000000003
 10005002 | scholarunivamalg #2                                |           177 | ationationought                                    | 18077.709999999995
 10003017 | exportiimporto #2                                  |           531 | oughtprianti                                       | 17895.489999999998
  2001002 | amalgimporto #2                                    |           241 | oughteseable                                       |           17780.41
  6012002 | importobrand #2                                    |            92 | ablen st                                           |           17679.11
  9011001 | amalgunivamalg #1                                  |           285 | antieingable                                       |           17614.08
  5002002 | importoscholar #2                                  |           468 | callyn stn st                                      |              17560
  1003002 | brandnameless #1                                   |           704 | esebaration                                        |           17472.12
  8005006 | scholarnameless #6                                 |            43 | priese                                             |           17470.05
  7012009 | importonameless #9                                 |            52 | oughtationeing                                     | 17432.510000000002
  2002001 | scholarcorp #3                                     |           198 | prieing                                            |           17407.29
  8002010 | importonameless #10                                |           728 | eingableation                                      |           17165.02
  8010009 | importoedu pack #2                                 |            65 | ablebarpri                                         |           17068.49
  8003006 | exportinameless #6                                 |           784 | eseeingation                                       |           17034.27
  4004002 | edu packedu pack #2                                |            48 | eingese                                            |           16966.79
 10016017 | corpamalgamalg #17                                 |           163 | pricallyought                                      |              16924
  2003001 | edu packscholar #2                                 |           273 | priationable                                       |           16808.68
  8015006 | scholarmaxi #6                                     |           525 | antiableanti                                       |           16787.05
  3001001 | amalgexporti #2                                    |           281 | oughteingable                                      | 16629.829999999998
  9011003 | amalgimporto #2                                    |           104 | esebarought                                        | 16628.499999999996
  7005004 | scholarbrand #4                                    |           117 | ationoughtought                                    |           16545.73
  7006003 | brandunivamalg #3                                  |            41 | oughtese                                           |           16414.96
  9001009 | amalgimporto #2                                    |           696 | barese                                             |           16406.34
 10004010 | edu packunivamalg #10                              |           658 | eingantically                                      | 16378.730000000001
  4001002 | amalgedu pack #2                                   |            58 | einganti                                           |            16175.9
  7003007 | exportibrand #7                                    |           583 | prieinganti                                        |           15950.75
  5002001 | edu packbrand #3                                   |           347 | oughtcallyanti                                     |           15752.35
  4004002 | edu packedu pack #2                                |           246 | callyeseable                                       | 15728.189999999999
  9012007 | importounivamalg #7                                |           184 | eseeingought                                       | 15442.050000000003
  4003002 | exportiedu pack #2                                 |           321 | oughtablepri                                       |           15281.39
 10010014 | univamalgamalg #14                                 |            59 | ablepri                                            |           15076.23
  7009006 | maxibrand #6                                       |           968 | eingcallyn st                                      |           14912.24
  7002010 | importobrand #10                                   |            58 | einganti                                           |           14906.65
  2001001 | amalgimporto #1                                    |           435 | antipriese                                         | 14812.709999999997
  7009004 | maxibrand #4                                       |           169 | n stcallyought                                     | 14780.210000000001
  8002005 | edu packedu pack #2                                |           833 | priprieing                                         |           14475.35
  7003009 | exportiedu pack #1                                 |           310 | ese                                                | 14408.949999999999
(100 rows)

UPDATE time_statistics SET e_time = TRANSACTION_TIMESTAMP() WHERE template = 'query19.tpl' AND stream = 3;
psql:/tmp/s1-basline/throughput/query_3.sql:804: NOTICE:  duration: 0.031 ms  plan:
Query Text: UPDATE time_statistics SET e_time = TRANSACTION_TIMESTAMP() WHERE template = 'query19.tpl' AND stream = 3;
Update on time_statistics  (cost=0.00..1.77 rows=0 width=0) (actual time=0.030..0.030 rows=0 loops=1)
  ->  Seq Scan on time_statistics  (cost=0.00..1.77 rows=1 width=14) (actual time=0.015..0.016 rows=1 loops=1)
        Filter: ((template = 'query19.tpl'::text) AND (stream = 3))
        Rows Removed by Filter: 53
UPDATE 1
LOAD 'auto_explain'; SET auto_explain.log_min_duration TO 0; SET auto_explain.log_analyze TO on; SET auto_explain.log_level TO notice; INSERT INTO time_statistics (template, s_time, stream, query, seed) VALUES ('query74.tpl', TRANSACTION_TIMESTAMP(), 3, 17, 1859953684);
LOAD
SET
SET
SET
psql:/tmp/s1-basline/throughput/query_3.sql:805: NOTICE:  duration: 0.009 ms  plan:
Query Text: INSERT INTO time_statistics (template, s_time, stream, query, seed) VALUES ('query74.tpl', TRANSACTION_TIMESTAMP(), 3, 17, 1859953684);
Insert on time_statistics  (cost=0.00..0.01 rows=0 width=0) (actual time=0.008..0.008 rows=0 loops=1)
  ->  Result  (cost=0.00..0.01 rows=1 width=64) (actual time=0.001..0.002 rows=1 loops=1)
INSERT 0 1
with year_total as (
 select c_customer_id customer_id
       ,c_first_name customer_first_name
       ,c_last_name customer_last_name
       ,d_year as year
       ,max(ss_net_paid) year_total
       ,'s' sale_type
 from customer
     ,store_sales
     ,date_dim
 where c_customer_sk = ss_customer_sk
   and ss_sold_date_sk = d_date_sk
   and d_year in (1998,1998+1)
 group by c_customer_id
         ,c_first_name
         ,c_last_name
         ,d_year
 union all
 select c_customer_id customer_id
       ,c_first_name customer_first_name
       ,c_last_name customer_last_name
       ,d_year as year
       ,max(ws_net_paid) year_total
       ,'w' sale_type
 from customer
     ,web_sales
     ,date_dim
 where c_customer_sk = ws_bill_customer_sk
   and ws_sold_date_sk = d_date_sk
   and d_year in (1998,1998+1)
 group by c_customer_id
         ,c_first_name
         ,c_last_name
         ,d_year
         )
  select 
        t_s_secyear.customer_id, t_s_secyear.customer_first_name, t_s_secyear.customer_last_name
 from year_total t_s_firstyear
     ,year_total t_s_secyear
     ,year_total t_w_firstyear
     ,year_total t_w_secyear
 where t_s_secyear.customer_id = t_s_firstyear.customer_id
         and t_s_firstyear.customer_id = t_w_secyear.customer_id
         and t_s_firstyear.customer_id = t_w_firstyear.customer_id
         and t_s_firstyear.sale_type = 's'
         and t_w_firstyear.sale_type = 'w'
         and t_s_secyear.sale_type = 's'
         and t_w_secyear.sale_type = 'w'
         and t_s_firstyear.year = 1998
         and t_s_secyear.year = 1998+1
         and t_w_firstyear.year = 1998
         and t_w_secyear.year = 1998+1
         and t_s_firstyear.year_total > 0
         and t_w_firstyear.year_total > 0
         and case when t_w_firstyear.year_total > 0 then t_w_secyear.year_total / t_w_firstyear.year_total else null end
           > case when t_s_firstyear.year_total > 0 then t_s_secyear.year_total / t_s_firstyear.year_total else null end
 order by 3,2,1
limit 100;
psql:/tmp/s1-basline/throughput/query_3.sql:863: NOTICE:  duration: 808320.184 ms  plan:
Query Text: with year_total as (
 select c_customer_id customer_id
       ,c_first_name customer_first_name
       ,c_last_name customer_last_name
       ,d_year as year
       ,max(ss_net_paid) year_total
       ,'s' sale_type
 from customer
     ,store_sales
     ,date_dim
 where c_customer_sk = ss_customer_sk
   and ss_sold_date_sk = d_date_sk
   and d_year in (1998,1998+1)
 group by c_customer_id
         ,c_first_name
         ,c_last_name
         ,d_year
 union all
 select c_customer_id customer_id
       ,c_first_name customer_first_name
       ,c_last_name customer_last_name
       ,d_year as year
       ,max(ws_net_paid) year_total
       ,'w' sale_type
 from customer
     ,web_sales
     ,date_dim
 where c_customer_sk = ws_bill_customer_sk
   and ws_sold_date_sk = d_date_sk
   and d_year in (1998,1998+1)
 group by c_customer_id
         ,c_first_name
         ,c_last_name
         ,d_year
         )
  select 
        t_s_secyear.customer_id, t_s_secyear.customer_first_name, t_s_secyear.customer_last_name
 from year_total t_s_firstyear
     ,year_total t_s_secyear
     ,year_total t_w_firstyear
     ,year_total t_w_secyear
 where t_s_secyear.customer_id = t_s_firstyear.customer_id
         and t_s_firstyear.customer_id = t_w_secyear.customer_id
         and t_s_firstyear.customer_id = t_w_firstyear.customer_id
         and t_s_firstyear.sale_type = 's'
         and t_w_firstyear.sale_type = 'w'
         and t_s_secyear.sale_type = 's'
         and t_w_secyear.sale_type = 'w'
         and t_s_firstyear.year = 1998
         and t_s_secyear.year = 1998+1
         and t_w_firstyear.year = 1998
         and t_w_secyear.year = 1998+1
         and t_s_firstyear.year_total > 0
         and t_w_firstyear.year_total > 0
         and case when t_w_firstyear.year_total > 0 then t_w_secyear.year_total / t_w_firstyear.year_total else null end
           > case when t_s_firstyear.year_total > 0 then t_s_secyear.year_total / t_s_firstyear.year_total else null end
 order by 3,2,1
limit 100;
Limit  (cost=138931.47..138931.47 rows=1 width=276) (actual time=808319.894..808320.134 rows=100 loops=1)
  CTE year_total
    ->  Append  (cost=95865.61..135446.88 rows=33186 width=113) (actual time=1802.091..2846.455 rows=98595 loops=1)
          ->  Finalize GroupAggregate  (cost=95865.61..99174.15 rows=26048 width=113) (actual time=1802.090..2221.669 rows=75933 loops=1)
                Group Key: customer.c_customer_id, customer.c_first_name, customer.c_last_name, date_dim.d_year
                ->  Gather Merge  (cost=95865.61..98642.34 rows=21706 width=81) (actual time=1802.075..2187.412 rows=89008 loops=1)
                      Workers Planned: 2
                      Workers Launched: 2
                      ->  Partial GroupAggregate  (cost=94865.59..95136.91 rows=10853 width=81) (actual time=1741.951..2044.058 rows=29669 loops=3)
                            Group Key: customer.c_customer_id, customer.c_first_name, customer.c_last_name, date_dim.d_year
                            ->  Sort  (cost=94865.59..94892.72 rows=10853 width=81) (actual time=1741.928..1946.676 rows=356092 loops=3)
                                  Sort Key: customer.c_customer_id, customer.c_first_name, customer.c_last_name, date_dim.d_year
                                  Sort Method: external merge  Disk: 36008kB
                                  Worker 0:  Sort Method: external merge  Disk: 32160kB
                                  Worker 1:  Sort Method: external merge  Disk: 32160kB
                                  ->  Nested Loop  (cost=2327.47..94138.12 rows=10853 width=81) (actual time=15.905..923.417 rows=356092 loops=3)
                                        ->  Hash Join  (cost=2327.18..90598.60 rows=11370 width=20) (actual time=15.859..341.975 rows=364690 loops=3)
                                              Hash Cond: (store_sales.ss_sold_date_sk = date_dim.d_date_sk)
                                              ->  Parallel Seq Scan on store_sales  (cost=0.00..85123.48 rows=1199148 width=24) (actual time=0.015..126.405 rows=959309 loops=3)
                                              ->  Hash  (cost=2318.11..2318.11 rows=725 width=12) (actual time=15.793..15.794 rows=730 loops=3)
                                                    Buckets: 1024  Batches: 1  Memory Usage: 43kB
                                                    ->  Seq Scan on date_dim  (cost=0.00..2318.11 rows=725 width=12) (actual time=7.544..15.692 rows=730 loops=3)
                                                          Filter: (d_year = ANY ('{1998,1999}'::integer[]))
                                                          Rows Removed by Filter: 72319
                                        ->  Index Scan using pk_customer on customer  (cost=0.29..0.31 rows=1 width=77) (actual time=0.001..0.001 rows=1 loops=1094071)
                                              Index Cond: (c_customer_sk = store_sales.ss_customer_sk)
          ->  Finalize GroupAggregate  (cost=34868.31..35774.94 rows=7138 width=113) (actual time=548.903..618.898 rows=22662 loops=1)
                Group Key: customer_1.c_customer_id, customer_1.c_first_name, customer_1.c_last_name, date_dim_1.d_year
                ->  Gather Merge  (cost=34868.31..35629.21 rows=5948 width=81) (actual time=548.898..608.985 rows=24239 loops=1)
                      Workers Planned: 2
                      Workers Launched: 2
                      ->  Partial GroupAggregate  (cost=33868.29..33942.64 rows=2974 width=81) (actual time=500.221..533.023 rows=8080 loops=3)
                            Group Key: customer_1.c_customer_id, customer_1.c_first_name, customer_1.c_last_name, date_dim_1.d_year
                            ->  Sort  (cost=33868.29..33875.72 rows=2974 width=81) (actual time=500.207..506.879 rows=96358 loops=3)
                                  Sort Key: customer_1.c_customer_id, customer_1.c_first_name, customer_1.c_last_name, date_dim_1.d_year
                                  Sort Method: external merge  Disk: 10512kB
                                  Worker 0:  Sort Method: quicksort  Memory: 13536kB
                                  Worker 1:  Sort Method: quicksort  Memory: 13516kB
                                  ->  Nested Loop  (cost=2327.47..33696.71 rows=2974 width=81) (actual time=15.548..286.082 rows=96358 loops=3)
                                        ->  Hash Join  (cost=2327.18..32758.95 rows=2975 width=20) (actual time=15.496..119.208 rows=96374 loops=3)
                                              Hash Cond: (web_sales.ws_sold_date_sk = date_dim_1.d_date_sk)
                                              ->  Parallel Seq Scan on web_sales  (cost=0.00..29644.81 rows=299781 width=24) (actual time=0.017..47.654 rows=239825 loops=3)
                                              ->  Hash  (cost=2318.11..2318.11 rows=725 width=12) (actual time=15.419..15.420 rows=730 loops=3)
                                                    Buckets: 1024  Batches: 1  Memory Usage: 43kB
                                                    ->  Seq Scan on date_dim date_dim_1  (cost=0.00..2318.11 rows=725 width=12) (actual time=7.268..15.320 rows=730 loops=3)
                                                          Filter: (d_year = ANY ('{1998,1999}'::integer[]))
                                                          Rows Removed by Filter: 72319
                                        ->  Index Scan using pk_customer on customer customer_1  (cost=0.29..0.32 rows=1 width=77) (actual time=0.001..0.001 rows=1 loops=289121)
                                              Index Cond: (c_customer_sk = web_sales.ws_bill_customer_sk)
  ->  Sort  (cost=3484.59..3484.60 rows=1 width=276) (actual time=808319.894..808319.899 rows=100 loops=1)
        Sort Key: t_s_secyear.customer_last_name, t_s_secyear.customer_first_name, t_s_secyear.customer_id
        Sort Method: quicksort  Memory: 39kB
        ->  Nested Loop  (cost=0.00..3484.58 rows=1 width=276) (actual time=8865.664..808319.609 rows=104 loops=1)
              Join Filter: ((t_s_secyear.customer_id = t_w_secyear.customer_id) AND (CASE WHEN (t_w_firstyear.year_total > '0'::double precision) THEN (t_w_secyear.year_total / t_w_firstyear.year_total) ELSE NULL::double precision END > CASE WHEN (t_s_firstyear.year_total > '0'::double precision) THEN (t_s_secyear.year_total / t_s_firstyear.year_total) ELSE NULL::double precision END))
              Rows Removed by Join Filter: 18563770
              ->  Nested Loop  (cost=0.00..2654.91 rows=1 width=436) (actual time=3235.848..788111.635 rows=1634 loops=1)
                    Join Filter: (t_s_secyear.customer_id = t_w_firstyear.customer_id)
                    Rows Removed by Join Filter: 163885468
                    ->  Nested Loop  (cost=0.00..1742.28 rows=1 width=360) (actual time=2909.661..596356.287 rows=14502 loops=1)
                          Join Filter: (t_s_firstyear.customer_id = t_s_secyear.customer_id)
                          Rows Removed by Join Filter: 1441313528
                          ->  CTE Scan on year_total t_s_firstyear  (cost=0.00..912.62 rows=1 width=76) (actual time=1802.096..1824.737 rows=37610 loops=1)
                                Filter: ((year_total > '0'::double precision) AND (sale_type = 's'::text) AND (year = 1998))
                                Rows Removed by Filter: 60985
                          ->  CTE Scan on year_total t_s_secyear  (cost=0.00..829.65 rows=1 width=284) (actual time=0.001..13.204 rows=38323 loops=37610)
                                Filter: ((sale_type = 's'::text) AND (year = 1999))
                                Rows Removed by Filter: 60272
                    ->  CTE Scan on year_total t_w_firstyear  (cost=0.00..912.62 rows=1 width=76) (actual time=9.110..12.461 rows=11301 loops=14502)
                          Filter: ((year_total > '0'::double precision) AND (sale_type = 'w'::text) AND (year = 1998))
                          Rows Removed by Filter: 87294
              ->  CTE Scan on year_total t_w_secyear  (cost=0.00..829.65 rows=1 width=76) (actual time=8.430..11.602 rows=11361 loops=1634)
                    Filter: ((sale_type = 'w'::text) AND (year = 1999))
                    Rows Removed by Filter: 87234
   customer_id    | customer_first_name  |       customer_last_name       
------------------+----------------------+--------------------------------
 AAAAAAAAOKCABAAA | Tammy                | Allen                         
 AAAAAAAANMOIAAAA | Daniel               | Alvarez                       
 AAAAAAAAMJIHBAAA | Philip               | Barnes                        
 AAAAAAAAFCMABAAA | Vivian               | Bartholomew                   
 AAAAAAAALOADAAAA | Autumn               | Bentley                       
 AAAAAAAAGNJLAAAA | Harold               | Broadway                      
 AAAAAAAAMKHJAAAA | Santiago             | Bryant                        
 AAAAAAAAIMIMAAAA | Herman               | Carr                          
 AAAAAAAAGJAGAAAA | Russell              | Carroll                       
 AAAAAAAACDBABAAA | Nancy                | Castillo                      
 AAAAAAAAKGIMAAAA | Joe                  | Chapman                       
 AAAAAAAADGDFAAAA | Earl                 | Churchill                     
 AAAAAAAAMJCIAAAA | Bob                  | Clark                         
 AAAAAAAAIBPPAAAA | David                | Clark                         
 AAAAAAAADCGIAAAA | Preston              | Collins                       
 AAAAAAAAGNPPAAAA | Dora                 | Copeland                      
 AAAAAAAAODKFBAAA | Antonia              | Crowe                         
 AAAAAAAALLDBBAAA | Molly                | Cruse                         
 AAAAAAAAMLCLAAAA | Barry                | Curtis                        
 AAAAAAAAOEJMAAAA | June                 | Daniels                       
 AAAAAAAALJODAAAA | William              | Drummond                      
 AAAAAAAAHBOCAAAA | Michael              | Duncan                        
 AAAAAAAAEJAKAAAA | John                 | Earnest                       
 AAAAAAAAAIHCAAAA | Bernadette           | Elam                          
 AAAAAAAACPDIAAAA | Edward               | Eubanks                       
 AAAAAAAANHHIAAAA | Clarence             | Ferguson                      
 AAAAAAAABDDFBAAA | Elias                | Ferguson                      
 AAAAAAAACEDFAAAA | Etta                 | Florez                        
 AAAAAAAACBAFAAAA | Heather              | Franco                        
 AAAAAAAANBLDAAAA | Michael              | Frank                         
 AAAAAAAALNMMAAAA | Brenda               | Frazer                        
 AAAAAAAALFPFBAAA | Emery                | Garcia                        
 AAAAAAAALBLAAAAA | Burton               | George                        
 AAAAAAAAMDECBAAA | Angelique            | Gilchrist                     
 AAAAAAAAFJHGAAAA | Daniel               | Greenlee                      
 AAAAAAAAICCPAAAA | James                | Guinn                         
 AAAAAAAANEGMAAAA | Brandon              | Hall                          
 AAAAAAAAFADFBAAA | Nancy                | Hawkins                       
 AAAAAAAAACNKAAAA | Bessie               | Herbert                       
 AAAAAAAAENHEAAAA | Fernando             | Hernandez                     
 AAAAAAAAGGJCBAAA | Jesse                | Hill                          
 AAAAAAAABOJPAAAA | Robert               | Jackson                       
 AAAAAAAAFPKGBAAA | Charla               | Kellogg                       
 AAAAAAAACMFDBAAA | Timothy              | Kelly                         
 AAAAAAAAJHIIAAAA | Carl                 | Kendall                       
 AAAAAAAAGGDHBAAA | Rose                 | Keyes                         
 AAAAAAAAAIIEAAAA | Kathleen             | Knight                        
 AAAAAAAAKMHPAAAA | Melody               | Lambert                       
 AAAAAAAACAIHAAAA | Robert               | Lee                           
 AAAAAAAAHKLEBAAA | Karl                 | Lemons                        
 AAAAAAAAFMPFAAAA | Marvin               | Logan                         
 AAAAAAAABKLDAAAA | Olga                 | Lozano                        
 AAAAAAAABDMGBAAA | Jason                | Lyman                         
 AAAAAAAABDPHBAAA | Raquel               | Lynch                         
 AAAAAAAAONGBAAAA | Cody                 | Macias                        
 AAAAAAAALBGMAAAA | Curtis               | Madden                        
 AAAAAAAALJGDAAAA | Michael              | Marshall                      
 AAAAAAAALHIMAAAA | Karen                | Martinez                      
 AAAAAAAALGNLAAAA | Edward               | Maxwell                       
 AAAAAAAALOBJAAAA | Edward               | Moore                         
 AAAAAAAAEODOAAAA | Carlos               | Murphy                        
 AAAAAAAAMPCHAAAA | Robert               | Murphy                        
 AAAAAAAAPEDGAAAA | Rebecca              | Nation                        
 AAAAAAAANDPPAAAA | Janie                | Oconnor                       
 AAAAAAAAOHCLAAAA | Dora                 | Pacheco                       
 AAAAAAAALIAABAAA | Joseph               | Parker                        
 AAAAAAAABGAHBAAA | Eduardo              | Patterson                     
 AAAAAAAAFOKLAAAA | Dean                 | Payton                        
 AAAAAAAAPMBDBAAA | Suzanne              | Peters                        
 AAAAAAAAKALFBAAA | Dorothy              | Pierce                        
 AAAAAAAALAEGBAAA | Amelia               | Poole                         
 AAAAAAAAFJOJAAAA | Derrick              | Prieto                        
 AAAAAAAAAIGHAAAA | Stephen              | Quinones                      
 AAAAAAAAMGBABAAA | Amanda               | Ramirez                       
 AAAAAAAANIDBBAAA | Dorothy              | Ratcliff                      
 AAAAAAAADOKFAAAA | Linda                | Rocha                         
 AAAAAAAAAIGEAAAA | Sandra               | Sanchez                       
 AAAAAAAAODPCAAAA | Manuel               | Sawyer                        
 AAAAAAAANPLDAAAA | Steve                | Scott                         
 AAAAAAAABDBABAAA | Jeff                 | Shepherd                      
 AAAAAAAACIGNAAAA | Alan                 | Sherrill                      
 AAAAAAAAKNGKAAAA | Brian                | Singletary                    
 AAAAAAAAOKCDBAAA | Leigh                | Smith                         
 AAAAAAAAPEBHAAAA | Willie               | Smith                         
 AAAAAAAAJDEFAAAA | Albert               | Thomas                        
 AAAAAAAAFLCABAAA | Joyce                | Thompson                      
 AAAAAAAACFMOAAAA | Nichole              | Thornton                      
 AAAAAAAAGHOEBAAA | Carrie               | Tracy                         
 AAAAAAAAHJMOAAAA | Henrietta            | Tracy                         
 AAAAAAAAFMLBAAAA | Micheal              | Valdez                        
 AAAAAAAAJJDAAAAA | Donald               | Villasenor                    
 AAAAAAAAFGGFAAAA | Nathaniel            | Walker                        
 AAAAAAAAFPMBBAAA | Rodney               | Wallace                       
 AAAAAAAAKLFKAAAA | Aubrey               | Washburn                      
 AAAAAAAAKHIAAAAA | Jose                 | Washington                    
 AAAAAAAAABNHAAAA | Bill                 | Watson                        
 AAAAAAAAHPBFAAAA | Frank                | Whitley                       
 AAAAAAAAEDIDAAAA | Archie               | Wilson                        
 AAAAAAAAMJCNAAAA | Richard              | Wright                        
 AAAAAAAAGFBJAAAA | Arlene               | Wyant                         
(100 rows)

UPDATE time_statistics SET e_time = TRANSACTION_TIMESTAMP() WHERE template = 'query74.tpl' AND stream = 3;
psql:/tmp/s1-basline/throughput/query_3.sql:865: NOTICE:  duration: 0.055 ms  plan:
Query Text: UPDATE time_statistics SET e_time = TRANSACTION_TIMESTAMP() WHERE template = 'query74.tpl' AND stream = 3;
Update on time_statistics  (cost=0.00..4.92 rows=0 width=0) (actual time=0.054..0.054 rows=0 loops=1)
  ->  Seq Scan on time_statistics  (cost=0.00..4.92 rows=1 width=14) (actual time=0.014..0.043 rows=1 loops=1)
        Filter: ((template = 'query74.tpl'::text) AND (stream = 3))
        Rows Removed by Filter: 127
UPDATE 1
LOAD 'auto_explain'; SET auto_explain.log_min_duration TO 0; SET auto_explain.log_analyze TO on; SET auto_explain.log_level TO notice; INSERT INTO time_statistics (template, s_time, stream, query, seed) VALUES ('query30.tpl', TRANSACTION_TIMESTAMP(), 3, 18, 1378885445);
LOAD
SET
SET
SET
psql:/tmp/s1-basline/throughput/query_3.sql:866: NOTICE:  duration: 0.021 ms  plan:
Query Text: INSERT INTO time_statistics (template, s_time, stream, query, seed) VALUES ('query30.tpl', TRANSACTION_TIMESTAMP(), 3, 18, 1378885445);
Insert on time_statistics  (cost=0.00..0.01 rows=0 width=0) (actual time=0.020..0.020 rows=0 loops=1)
  ->  Result  (cost=0.00..0.01 rows=1 width=64) (actual time=0.001..0.002 rows=1 loops=1)
INSERT 0 1
with customer_total_return as
 (select wr_returning_customer_sk as ctr_customer_sk
        ,ca_state as ctr_state, 
 	sum(wr_return_amt) as ctr_total_return
 from web_returns
     ,date_dim
     ,customer_address
 where wr_returned_date_sk = d_date_sk 
   and d_year =1999
   and wr_returning_addr_sk = ca_address_sk 
 group by wr_returning_customer_sk
         ,ca_state)
  select  c_customer_id,c_salutation,c_first_name,c_last_name,c_preferred_cust_flag
       ,c_birth_day,c_birth_month,c_birth_year,c_birth_country,c_login,c_email_address
       ,c_last_review_date_sk,ctr_total_return
 from customer_total_return ctr1
     ,customer_address
     ,customer
 where ctr1.ctr_total_return > (select avg(ctr_total_return)*1.2
 			  from customer_total_return ctr2 
                  	  where ctr1.ctr_state = ctr2.ctr_state)
       and ca_address_sk = c_current_addr_sk
       and ca_state = 'TX'
       and ctr1.ctr_customer_sk = c_customer_sk
 order by c_customer_id,c_salutation,c_first_name,c_last_name,c_preferred_cust_flag
                  ,c_birth_day,c_birth_month,c_birth_year,c_birth_country,c_login,c_email_address
                  ,c_last_review_date_sk,ctr_total_return
limit 100;
psql:/tmp/s1-basline/throughput/query_3.sql:894: NOTICE:  duration: 17266.866 ms  plan:
Query Text: with customer_total_return as
 (select wr_returning_customer_sk as ctr_customer_sk
        ,ca_state as ctr_state, 
 	sum(wr_return_amt) as ctr_total_return
 from web_returns
     ,date_dim
     ,customer_address
 where wr_returned_date_sk = d_date_sk 
   and d_year =1999
   and wr_returning_addr_sk = ca_address_sk 
 group by wr_returning_customer_sk
         ,ca_state)
  select  c_customer_id,c_salutation,c_first_name,c_last_name,c_preferred_cust_flag
       ,c_birth_day,c_birth_month,c_birth_year,c_birth_country,c_login,c_email_address
       ,c_last_review_date_sk,ctr_total_return
 from customer_total_return ctr1
     ,customer_address
     ,customer
 where ctr1.ctr_total_return > (select avg(ctr_total_return)*1.2
 			  from customer_total_return ctr2 
                  	  where ctr1.ctr_state = ctr2.ctr_state)
       and ca_address_sk = c_current_addr_sk
       and ca_state = 'TX'
       and ctr1.ctr_customer_sk = c_customer_sk
 order by c_customer_id,c_salutation,c_first_name,c_last_name,c_preferred_cust_flag
                  ,c_birth_day,c_birth_month,c_birth_year,c_birth_country,c_login,c_email_address
                  ,c_last_review_date_sk,ctr_total_return
limit 100;
Limit  (cost=7729.06..7729.08 rows=9 width=226) (actual time=17266.747..17266.761 rows=100 loops=1)
  CTE customer_total_return
    ->  GroupAggregate  (cost=5030.42..5036.94 rows=326 width=19) (actual time=42.683..48.088 rows=13511 loops=1)
          Group Key: web_returns.wr_returning_customer_sk, customer_address_1.ca_state
          ->  Sort  (cost=5030.42..5031.24 rows=326 width=19) (actual time=42.674..43.450 rows=13698 loops=1)
                Sort Key: web_returns.wr_returning_customer_sk, customer_address_1.ca_state
                Sort Method: quicksort  Memory: 1235kB
                ->  Nested Loop  (cost=0.58..5016.81 rows=326 width=19) (actual time=4.158..39.428 rows=13698 loops=1)
                      ->  Nested Loop  (cost=0.29..4905.30 rows=341 width=24) (actual time=4.152..18.184 rows=14013 loops=1)
                            ->  Seq Scan on date_dim  (cost=0.00..2318.11 rows=363 width=8) (actual time=4.143..8.790 rows=365 loops=1)
                                  Filter: (d_year = 1999)
                                  Rows Removed by Filter: 72684
                            ->  Index Scan using i_wr_returned_date_sk on web_returns  (cost=0.29..6.80 rows=33 width=32) (actual time=0.001..0.020 rows=38 loops=365)
                                  Index Cond: (wr_returned_date_sk = date_dim.d_date_sk)
                      ->  Index Scan using pk_customer_address on customer_address customer_address_1  (cost=0.29..0.33 rows=1 width=11) (actual time=0.001..0.001 rows=1 loops=14013)
                            Index Cond: (ca_address_sk = web_returns.wr_returning_addr_sk)
  ->  Sort  (cost=2692.12..2692.14 rows=9 width=226) (actual time=17266.746..17266.751 rows=100 loops=1)
        Sort Key: customer.c_customer_id, customer.c_salutation, customer.c_first_name, customer.c_last_name, customer.c_preferred_cust_flag, customer.c_birth_day, customer.c_birth_month, customer.c_birth_year, customer.c_birth_country, customer.c_login, customer.c_email_address, customer.c_last_review_date_sk, ctr1.ctr_total_return
        Sort Method: top-N heapsort  Memory: 69kB
        ->  Nested Loop  (cost=0.58..2691.97 rows=9 width=226) (actual time=100.792..17266.036 rows=275 loops=1)
              ->  Nested Loop  (cost=0.29..2656.66 rows=109 width=234) (actual time=54.062..17258.232 rows=3264 loops=1)
                    ->  CTE Scan on customer_total_return ctr1  (cost=0.00..2405.07 rows=109 width=16) (actual time=54.051..17248.277 rows=3280 loops=1)
                          Filter: (ctr_total_return > (SubPlan 2))
                          Rows Removed by Filter: 10231
                          SubPlan 2
                            ->  Aggregate  (cost=7.34..7.36 rows=1 width=8) (actual time=1.273..1.273 rows=1 loops=13511)
                                  ->  CTE Scan on customer_total_return ctr2  (cost=0.00..7.33 rows=2 width=8) (actual time=0.030..1.242 rows=393 loops=13511)
                                        Filter: (ctr1.ctr_state = ctr_state)
                                        Rows Removed by Filter: 13118
                    ->  Index Scan using pk_customer on customer  (cost=0.29..2.31 rows=1 width=234) (actual time=0.002..0.002 rows=1 loops=3280)
                          Index Cond: (c_customer_sk = ctr1.ctr_customer_sk)
              ->  Index Scan using pk_customer_address on customer_address  (cost=0.29..0.32 rows=1 width=8) (actual time=0.002..0.002 rows=0 loops=3264)
                    Index Cond: (ca_address_sk = customer.c_current_addr_sk)
                    Filter: (ca_state = 'TX'::bpchar)
                    Rows Removed by Filter: 1
  c_customer_id   | c_salutation |     c_first_name     |          c_last_name           | c_preferred_cust_flag | c_birth_day | c_birth_month | c_birth_year |   c_birth_country    | c_login |                  c_email_address                   | c_last_review_date_sk | ctr_total_return 
------------------+--------------+----------------------+--------------------------------+-----------------------+-------------+---------------+--------------+----------------------+---------+----------------------------------------------------+-----------------------+------------------
 AAAAAAAAAAJKAAAA | Dr.          | Ella                 | Wakefield                      | N                     |          21 |             3 |         1968 | MEXICO               |         | Ella.Wakefield@1ag.com                             |               2452465 |          2766.72
 AAAAAAAAABHNAAAA | Sir          | Harry                | Valle                          | N                     |           4 |             8 |         1943 | PANAMA               |         | Harry.Valle@LRHu9hdad.org                          |               2452388 |           4449.9
 AAAAAAAAABNCAAAA | Mr.          | Robert               | Garcia                         | Y                     |          11 |            10 |         1924 | INDONESIA            |         | Robert.Garcia@i5Z2.org                             |               2452561 |           2124.2
 AAAAAAAAABPPAAAA | Sir          | Mark                 | Costa                          | N                     |          26 |            11 |         1983 | TUNISIA              |         | Mark.Costa@Bli.org                                 |               2452437 |          2535.61
 AAAAAAAAAEFIBAAA | Sir          | Louis                | Castillo                       | Y                     |          23 |             6 |         1961 | ANTIGUA AND BARBUDA  |         | Louis.Castillo@dq0LhcPLQdrH3RifOBE.org             |               2452629 |           7422.8
 AAAAAAAAAEJBBAAA | Mrs.         | Anita                | Gibson                         | Y                     |          18 |            10 |         1991 | SAINT HELENA         |         | Anita.Gibson@N2vDyv4dPdrq4U.com                    |               2452342 |          2258.16
 AAAAAAAAAEPAAAAA | Mr.          | Kieth                | Brown                          | N                     |           3 |            11 |         1978 | LITHUANIA            |         | Kieth.Brown@hK1o4Lr6YHM.org                        |               2452318 |          1305.36
 AAAAAAAAAFMPAAAA | Mrs.         | Tammy                | Bryant                         | N                     |          12 |             3 |         1968 | VENEZUELA            |         | Tammy.Bryant@eHjQIiivYFTQnXpX7sI.org               |               2452581 |          4060.06
 AAAAAAAAAJJEAAAA | Dr.          | David                | Adams                          | Y                     |          13 |            12 |         1980 | AMERICAN SAMOA       |         | David.Adams@J12VMrFAeZxz.com                       |               2452359 |          3003.66
 AAAAAAAABANLAAAA | Mr.          | Scott                | Hatfield                       | Y                     |          10 |             2 |         1948 | MARTINIQUE           |         | Scott.Hatfield@SU7FCg5VASq.edu                     |               2452473 |          1698.51
 AAAAAAAABANLAAAA | Mr.          | Scott                | Hatfield                       | Y                     |          10 |             2 |         1948 | MARTINIQUE           |         | Scott.Hatfield@SU7FCg5VASq.edu                     |               2452473 |          9290.69
 AAAAAAAABBDFBAAA | Mrs.         | Sandra               | Turner                         | N                     |           5 |             9 |         1957 | MALI                 |         | Sandra.Turner@TmmsgmMykHd.com                      |               2452504 |          2245.76
 AAAAAAAABBIOAAAA | Dr.          | Joel                 | Hooper                         | N                     |           5 |             9 |         1975 | GUINEA               |         | Joel.Hooper@OsBhzGSEaK.org                         |               2452447 |             3085
 AAAAAAAABBJHBAAA | Dr.          | Annette              | Shepherd                       | Y                     |          28 |             2 |         1954 | UZBEKISTAN           |         | Annette.Shepherd@BF6zZEYypkGlJ.com                 |               2452293 |          7791.14
 AAAAAAAABBLMAAAA | Mr.          | Burton               | Meadows                        |                       |          26 |               |              | COSTA RICA           |         | Burton.Meadows@nLCmx.org                           |               2452377 |          5531.76
 AAAAAAAABCCJAAAA | Sir          | Robert               | Williams                       | N                     |           9 |             6 |         1975 | VIET NAM             |         | Robert.Williams@7fXy6cS.org                        |               2452511 |          5586.84
 AAAAAAAABCDDAAAA | Mr.          | Donald               | Burnett                        | N                     |          24 |             9 |         1969 | SYRIAN ARAB REPUBLIC |         | Donald.Burnett@qcM7Ei.edu                          |               2452473 |          3379.32
 AAAAAAAABCIDBAAA | Mr.          | Darrell              | Fanning                        | N                     |          20 |            12 |         1942 | GABON                |         | Darrell.Fanning@8Tl.edu                            |               2452585 |          4621.07
 AAAAAAAABCJPAAAA | Mr.          |                      |                                |                       |             |             4 |              |                      |         | Willie.Taylor@L8d0aodOUAMAUlbz.com                 |               2452355 |          2277.66
 AAAAAAAABDGPAAAA |              |                      | Valle                          | N                     |             |             3 |              |                      |         |                                                    |               2452312 |          3239.75
 AAAAAAAABEGDBAAA |              | Shelly               | Perez                          | N                     |          30 |             5 |              |                      |         |                                                    |               2452418 |         10615.68
 AAAAAAAABFACAAAA | Sir          | Jospeh               | Harrison                       | N                     |          20 |             7 |         1952 | WESTERN SAHARA       |         | Jospeh.Harrison@d6Xl.com                           |               2452533 |             2954
 AAAAAAAABFAKAAAA | Mr.          | Stacy                | Mills                          | Y                     |           4 |             4 |         1939 | IRELAND              |         | Stacy.Mills@Q2CZr8z97G.org                         |               2452356 |          8061.44
 AAAAAAAABFKGAAAA |              |                      | Bennett                        |                       |          11 |            11 |              | PHILIPPINES          |         |                                                    |                       |          1403.72
 AAAAAAAABGLLAAAA | Mr.          | Bobby                | Keller                         | Y                     |           5 |            12 |         1961 | DJIBOUTI             |         | Bobby.Keller@GTLv0Lj9C.org                         |               2452549 |          3738.62
 AAAAAAAABILJAAAA | Mr.          | James                | Williams                       | Y                     |           2 |            12 |         1972 | SENEGAL              |         | James.Williams@87.com                              |               2452467 |          5496.68
 AAAAAAAABJEEAAAA | Ms.          | Cynthia              | Martin                         | N                     |          18 |             2 |         1955 | IRELAND              |         | Cynthia.Martin@21ExSRgk2e.org                      |               2452398 |          1797.24
 AAAAAAAABJJEAAAA | Miss         | Lisa                 |                                |                       |          28 |             7 |         1961 | TOKELAU              |         | Lisa.Keyser@9Oy.com                                |                       |          2898.28
 AAAAAAAABJJNAAAA | Dr.          | Rosalinda            | Olson                          | Y                     |          30 |            11 |         1943 | KENYA                |         | Rosalinda.Olson@dpkiJLCc.org                       |               2452291 |           2325.8
 AAAAAAAABKIDAAAA | Mrs.         | Wanda                | Goodman                        | N                     |          12 |             9 |         1962 | FRANCE               |         | Wanda.Goodman@hEySPOL8KpGAE.edu                    |               2452544 |          7227.09
 AAAAAAAABLFAAAAA | Mrs.         | Ada                  | Daugherty                      | N                     |          12 |             9 |         1965 | BURUNDI              |         | Ada.Daugherty@QZMyBC.com                           |               2452537 |           2400.6
 AAAAAAAABMEIBAAA | Miss         | Sandra               | Brown                          | Y                     |          18 |            10 |         1988 | GUADELOUPE           |         | Sandra.Brown@CXOy3qLbTvCbp.edu                     |               2452573 |           3907.2
 AAAAAAAABMJFBAAA | Sir          | David                | Mitchell                       | N                     |          12 |             1 |         1947 | TURKMENISTAN         |         | David.Mitchell@mYGl4MF6aNqoLLfTIFYU.edu            |               2452606 |          4159.75
 AAAAAAAABNFIAAAA | Ms.          | Adam                 | Hammond                        | N                     |           6 |             1 |         1975 | KUWAIT               |         | Adam.Hammond@6KFoOvNI0tpZkZ5f.com                  |               2452632 |           4469.7
 AAAAAAAABOKFBAAA | Dr.          | Christopher          | Green                          | N                     |          19 |             3 |         1924 | CAMBODIA             |         | Christopher.Green@VGuxKlcQg.edu                    |               2452319 |          4799.04
 AAAAAAAABPGFAAAA | Dr.          | Susan                | Lilly                          | Y                     |          11 |            10 |         1926 | TIMOR-LESTE          |         | Susan.Lilly@U4qo.com                               |               2452497 |          1705.55
 AAAAAAAACACABAAA | Ms.          | Ann                  | Centeno                        | Y                     |          12 |            11 |         1991 | NORWAY               |         | Ann.Centeno@bnd18bA3eFYD.com                       |               2452397 |          3491.63
 AAAAAAAACAMFAAAA | Mrs.         | Wendy                | Oneil                          | Y                     |          23 |            12 |         1926 | MONTENEGRO           |         | Wendy.Oneil@tMtNuuMZ4iGcGkk.com                    |               2452491 |          3005.04
 AAAAAAAACBFFBAAA | Ms.          | Ada                  | Jansen                         | Y                     |          13 |             3 |         1958 | WALLIS AND FUTUNA    |         | Ada.Jansen@x.org                                   |               2452606 |          1539.33
 AAAAAAAACCAGBAAA | Miss         | Wendy                | West                           | Y                     |          16 |             9 |         1983 | SAINT HELENA         |         | Wendy.West@R6oTgrSfZLzmREuh.edu                    |               2452329 |          4662.35
 AAAAAAAACEHIAAAA | Mrs.         | Christine            | Sheffield                      | Y                     |          22 |             5 |         1970 | TURKMENISTAN         |         | Christine.Sheffield@eScHtke.org                    |               2452439 |           1719.9
 AAAAAAAACGHFAAAA | Dr.          | Bryan                | Ervin                          | Y                     |           2 |            10 |         1947 | SENEGAL              |         | Bryan.Ervin@eg040DTt8VZ.edu                        |               2452504 |           1662.8
 AAAAAAAACHACAAAA | Sir          | Terry                | Pope                           | N                     |          28 |             1 |         1990 | ANTIGUA AND BARBUDA  |         | Terry.Pope@BQsH7LOvIp.org                          |               2452643 |          2108.08
 AAAAAAAACHIGBAAA | Sir          | Wayne                | Wilson                         | N                     |          15 |             6 |         1952 | SPAIN                |         | Wayne.Wilson@AaGnJl6xY.edu                         |               2452305 |          5122.44
 AAAAAAAACICHAAAA | Dr.          | Arthur               | Rodriguez                      | Y                     |           3 |             9 |         1940 | UZBEKISTAN           |         | Arthur.Rodriguez@hkF8N.org                         |               2452462 |          2367.04
 AAAAAAAACIIFAAAA | Dr.          | Savannah             | Isaacs                         | N                     |           5 |             9 |         1976 | CHILE                |         | Savannah.Isaacs@ldyBucH9OGk0SvLL6.org              |               2452366 |          5798.07
 AAAAAAAACIJEBAAA | Mr.          | Nathan               | Mcgee                          | Y                     |          25 |             6 |         1925 | LUXEMBOURG           |         | Nathan.Mcgee@lLGDff2lfyTS.com                      |               2452425 |          2356.95
 AAAAAAAACJEIBAAA | Ms.          | Dahlia               | Brown                          | Y                     |          26 |             4 |         1963 | IRAQ                 |         | Dahlia.Brown@RgGFg.org                             |               2452571 |          2170.64
 AAAAAAAACKOEBAAA | Miss         | Christina            | Mcdonald                       | N                     |           1 |            11 |         1927 | BELGIUM              |         | Christina.Mcdonald@1D3ffl1Q8.com                   |               2452376 |           1551.3
 AAAAAAAACMGLAAAA | Dr.          | Mark                 | Hightower                      | N                     |          31 |             5 |         1937 | ROMANIA              |         | Mark.Hightower@eoY.com                             |               2452642 |             1660
 AAAAAAAACMHCAAAA | Miss         | June                 | Shepherd                       | N                     |          25 |             7 |         1945 | YEMEN                |         | June.Shepherd@3bp8F9J7rhZM.org                     |               2452492 |           1999.2
 AAAAAAAACMKEAAAA | Dr.          | Arturo               | Baker                          | N                     |           6 |             1 |         1954 | ALAND ISLANDS        |         | Arturo.Baker@qx4BRFGL9eJH0d.com                    |               2452309 |          4226.14
 AAAAAAAACNDCBAAA | Mr.          | John                 | Bullock                        | N                     |          24 |             4 |         1973 | HONG KONG            |         | John.Bullock@yj347mRITPHP.com                      |               2452585 |          4620.66
 AAAAAAAACOFHAAAA | Miss         | Aleisha              | Leroy                          | N                     |          21 |             9 |         1974 | AMERICAN SAMOA       |         | Aleisha.Leroy@SSQmjqeOstv6XrUN.org                 |               2452605 |          2155.13
 AAAAAAAACPECAAAA | Ms.          | Georgia              | Diggs                          | N                     |           4 |            11 |         1955 | TONGA                |         | Georgia.Diggs@sPyCfYOyb4vh.org                     |               2452368 |          4652.91
 AAAAAAAACPNEBAAA | Dr.          | John                 | Pearson                        | N                     |          27 |             9 |         1935 | PORTUGAL             |         | John.Pearson@NZiQ8yP2DepkuMYs5.com                 |               2452473 |           5498.8
 AAAAAAAADBEJAAAA | Mr.          | Harold               | Boisvert                       | Y                     |          11 |             4 |         1987 | NICARAGUA            |         | Harold.Boisvert@jEIjKbx6.com                       |               2452517 |          5462.29
 AAAAAAAADBFCBAAA | Dr.          | Heather              | England                        | Y                     |           4 |             1 |         1939 | ITALY                |         | Heather.England@nQX8oo.com                         |               2452392 |          3101.06
 AAAAAAAADEEHBAAA | Ms.          | Tiffany              | Duncan                         | Y                     |           2 |             8 |         1947 | VIRGIN ISLANDS, U.S. |         | Tiffany.Duncan@Jggx5.com                           |               2452477 |          5523.96
 AAAAAAAADFHHBAAA | Mrs.         | Sherry               | Zaragoza                       | Y                     |          20 |             8 |         1980 | NORWAY               |         | Sherry.Zaragoza@ACECj5Eubr.edu                     |               2452630 |          3800.19
 AAAAAAAADFINAAAA | Sir          | Jack                 | Browning                       | N                     |          29 |             1 |         1952 | OMAN                 |         | Jack.Browning@qmkhefcZUAGK5JCN.com                 |               2452598 |           4673.9
 AAAAAAAADGJAAAAA | Ms.          | Alexander            | Wallace                        | N                     |          19 |             3 |         1965 | CYPRUS               |         | Alexander.Wallace@K.edu                            |               2452416 |         11277.64
 AAAAAAAADGKAAAAA | Mrs.         | Elizabeth            | Robinson                       | Y                     |          28 |             2 |         1930 | ROMANIA              |         | Elizabeth.Robinson@Cq5DaoA2kODr8d.edu              |               2452490 |          2569.06
 AAAAAAAADGPMAAAA | Miss         | Sasha                | Tubbs                          | N                     |           7 |             1 |         1981 | GRENADA              |         | Sasha.Tubbs@14fPx28yyGPCv5dbo.org                  |               2452307 |          3442.08
 AAAAAAAADHNABAAA | Mr.          | Timothy              | Holt                           | N                     |           3 |            12 |         1963 | BOLIVIA              |         | Timothy.Holt@3aF5dMfsNR3cricqOz.com                |               2452393 |          1611.36
 AAAAAAAADIKEAAAA | Mrs.         | Linda                | Quinn                          | N                     |          13 |             4 |         1986 | TUNISIA              |         | Linda.Quinn@dPDI7I2s.com                           |               2452383 |          2154.72
 AAAAAAAADKGFBAAA | Dr.          | Kenneth              | Williams                       | N                     |          30 |             9 |         1973 | TUVALU               |         | Kenneth.Williams@IuL5pdcO6n.edu                    |               2452470 |          1571.25
 AAAAAAAADLFIAAAA | Dr.          | Robert               | Purvis                         | Y                     |          29 |             4 |         1992 | CYPRUS               |         | Robert.Purvis@xbo.org                              |               2452589 |             2340
 AAAAAAAADLNPAAAA | Sir          | Steven               | Reynolds                       | Y                     |          27 |             1 |         1942 | SOMALIA              |         | Steven.Reynolds@43tjeST3Xs.com                     |               2452555 |          3388.23
 AAAAAAAAEAIBAAAA | Miss         | Mayra                | Murdock                        | N                     |          20 |             3 |         1962 | FINLAND              |         | Mayra.Murdock@yLsXGNX1fG.com                       |               2452641 |           2842.7
 AAAAAAAAEAODBAAA | Mrs.         | Elizabeth            | Medina                         | N                     |          24 |             7 |         1975 | MONTENEGRO           |         | Elizabeth.Medina@5YuahvulnLli.edu                  |               2452607 |          6480.92
 AAAAAAAAECHGBAAA | Sir          | Steven               | Mora                           | Y                     |          17 |             3 |         1981 | UNITED ARAB EMIRATES |         | Steven.Mora@LYnppIA55cg.com                        |               2452562 |          4985.47
 AAAAAAAAEEHBBAAA | Sir          | Alberto              | Adams                          | Y                     |          22 |             6 |         1932 | ALGERIA              |         | Alberto.Adams@tirrRTxHaIU.org                      |               2452435 |          4103.19
 AAAAAAAAEEMBAAAA | Dr.          | Frank                | Thomas                         | N                     |           6 |            10 |         1948 | SAUDI ARABIA         |         | Frank.Thomas@gkKi5pJNUX5.com                       |               2452295 |          2790.99
 AAAAAAAAEGGCBAAA | Dr.          | Tad                  | Robinson                       | N                     |          16 |             1 |         1987 | VIET NAM             |         | Tad.Robinson@KT.org                                |               2452348 |           7624.5
 AAAAAAAAEHEDAAAA | Dr.          | Jeanette             | Browning                       | N                     |          19 |            11 |         1960 | CAYMAN ISLANDS       |         | Jeanette.Browning@6DDv.com                         |               2452529 |          5933.32
 AAAAAAAAEHKCAAAA | Dr.          | Audry                | Beverly                        | N                     |          17 |             4 |         1986 | NAMIBIA              |         | Audry.Beverly@8bjGcAay.org                         |               2452393 |          1788.52
 AAAAAAAAEIDBAAAA | Miss         | Betty                | Wilson                         | N                     |          14 |             3 |         1975 | TOKELAU              |         | Betty.Wilson@A8KBbu4mu.com                         |               2452505 |          1684.23
 AAAAAAAAEIGGBAAA | Mr.          | Kristopher           | Perry                          | Y                     |          12 |             6 |         1985 | URUGUAY              |         | Kristopher.Perry@tQRsm1iiEvt.com                   |               2452640 |          1784.93
 AAAAAAAAEIHIAAAA | Mrs.         | Debra                | Molina                         | Y                     |          28 |             2 |         1932 | CAMEROON             |         | Debra.Molina@VIx.org                               |               2452642 |          5523.96
 AAAAAAAAEJGCBAAA | Mr.          | Jeromy               | Vallejo                        | Y                     |          13 |             5 |         1973 | CAPE VERDE           |         | Jeromy.Vallejo@aoG4sHi9IP9.org                     |               2452481 |          1981.98
 AAAAAAAAEKFHAAAA | Dr.          | Walton               | Vaughn                         | N                     |           3 |             6 |         1943 | WALLIS AND FUTUNA    |         | Walton.Vaughn@FJjztQMSIpbf91nx5.org                |               2452522 |          1779.87
 AAAAAAAAELMJAAAA |              |                      | Keating                        |                       |             |               |              | EGYPT                |         |                                                    |                       |           2654.8
 AAAAAAAAEOHFBAAA | Mrs.         | Tiara                | Easter                         | Y                     |          10 |            12 |         1933 | QATAR                |         | Tiara.Easter@UboSxjR.com                           |               2452560 |           4590.5
 AAAAAAAAFBDKAAAA | Dr.          | Hubert               | Hopper                         | N                     |          10 |            12 |         1931 | HONG KONG            |         | Hubert.Hopper@LffycrKa8DX.com                      |               2452362 |          1315.18
 AAAAAAAAFBJFBAAA | Ms.          | Karla                | Belcher                        | N                     |          28 |            10 |         1984 | BULGARIA             |         | Karla.Belcher@zriuo9yPiByc.org                     |               2452336 |          3888.81
 AAAAAAAAFBNHAAAA | Mr.          | Frank                | Mckinley                       | N                     |          24 |            10 |         1929 | SAINT LUCIA          |         | Frank.Mckinley@eGXric2AmXcsNj.com                  |               2452567 |          3003.52
 AAAAAAAAFCBCAAAA | Ms.          | Sylvia               | Fletcher                       | N                     |          15 |             7 |         1971 | SAINT LUCIA          |         | Sylvia.Fletcher@tJgFN0aHkVAM.org                   |               2452627 |          1669.15
 AAAAAAAAFDDMAAAA | Dr.          | Raul                 | Rose                           | N                     |           3 |             8 |         1927 | MAURITANIA           |         | Raul.Rose@miuRkhGJPvM.org                          |               2452580 |          2884.56
 AAAAAAAAFGCABAAA | Ms.          | Dorothy              | Huynh                          | N                     |          21 |            10 |         1961 | PAKISTAN             |         | Dorothy.Huynh@u0z4VP0qbRe4.edu                     |               2452409 |           6169.3
 AAAAAAAAFGGMAAAA | Dr.          | Sheldon              | Ault                           | Y                     |          14 |            11 |         1976 | UZBEKISTAN           |         | Sheldon.Ault@MZ53jYijgOaLbAe01HJ.edu               |               2452646 |          8004.92
 AAAAAAAAFGKKAAAA | Dr.          | Ruth                 | Fuller                         | Y                     |           2 |             4 |         1981 | CROATIA              |         | Ruth.Fuller@a4N0FRa.org                            |               2452494 |          2349.87
 AAAAAAAAFJPGBAAA | Mrs.         | Lisa                 | Collins                        | N                     |          30 |             4 |         1927 | FINLAND              |         | Lisa.Collins@mjXT.edu                              |               2452294 |           8406.4
 AAAAAAAAFKDJAAAA | Miss         | Tia                  | Baker                          | N                     |          26 |            11 |         1990 | ESTONIA              |         | Tia.Baker@zq4UIH0smBlL.edu                         |               2452329 |          8080.02
 AAAAAAAAFKHFBAAA | Sir          | Ronnie               | Woodworth                      | Y                     |          13 |             1 |         1950 | SYRIAN ARAB REPUBLIC |         | Ronnie.Woodworth@m.org                             |               2452475 |           9878.4
 AAAAAAAAFKHGBAAA | Mr.          | Philip               | Benson                         | Y                     |           1 |             3 |         1932 | QATAR                |         | Philip.Benson@OFF0ypyXuPtrJbhff.edu                |               2452590 |          5012.01
 AAAAAAAAFKIIAAAA | Sir          | David                | Morton                         | Y                     |           3 |             5 |         1984 | LIECHTENSTEIN        |         | David.Morton@i.edu                                 |               2452607 |          2896.65
 AAAAAAAAFKLEBAAA | Mr.          | Paul                 | Fritz                          | N                     |          15 |             5 |         1980 | GEORGIA              |         | Paul.Fritz@gnzGcYIq60.com                          |               2452485 |          1887.38
 AAAAAAAAFNFHBAAA | Ms.          | Elsie                | Holmes                         | N                     |           6 |             8 |         1954 | VIRGIN ISLANDS, U.S. |         | Elsie.Holmes@YhbT72sQoOc.org                       |               2452553 |          1809.48
 AAAAAAAAFNJPAAAA | Ms.          | Jessica              | Blevins                        | N                     |          30 |             6 |         1968 | GUAM                 |         | Jessica.Blevins@Ey6CR6cTngMI6pO.org                |               2452541 |          3389.28
(100 rows)

UPDATE time_statistics SET e_time = TRANSACTION_TIMESTAMP() WHERE template = 'query30.tpl' AND stream = 3;
psql:/tmp/s1-basline/throughput/query_3.sql:896: NOTICE:  duration: 0.039 ms  plan:
Query Text: UPDATE time_statistics SET e_time = TRANSACTION_TIMESTAMP() WHERE template = 'query30.tpl' AND stream = 3;
Update on time_statistics  (cost=0.00..4.92 rows=0 width=0) (actual time=0.039..0.039 rows=0 loops=1)
  ->  Seq Scan on time_statistics  (cost=0.00..4.92 rows=1 width=14) (actual time=0.016..0.026 rows=1 loops=1)
        Filter: ((template = 'query30.tpl'::text) AND (stream = 3))
        Rows Removed by Filter: 128
UPDATE 1
LOAD 'auto_explain'; SET auto_explain.log_min_duration TO 0; SET auto_explain.log_analyze TO on; SET auto_explain.log_level TO notice; INSERT INTO time_statistics (template, s_time, stream, query, seed) VALUES ('query84.tpl', TRANSACTION_TIMESTAMP(), 3, 19, 1155572778);
LOAD
SET
SET
SET
psql:/tmp/s1-basline/throughput/query_3.sql:897: NOTICE:  duration: 0.009 ms  plan:
Query Text: INSERT INTO time_statistics (template, s_time, stream, query, seed) VALUES ('query84.tpl', TRANSACTION_TIMESTAMP(), 3, 19, 1155572778);
Insert on time_statistics  (cost=0.00..0.01 rows=0 width=0) (actual time=0.008..0.009 rows=0 loops=1)
  ->  Result  (cost=0.00..0.01 rows=1 width=64) (actual time=0.001..0.001 rows=1 loops=1)
INSERT 0 1
select  c_customer_id as customer_id
       , coalesce(c_last_name,'') || ', ' || coalesce(c_first_name,'') as customername
 from customer
     ,customer_address
     ,customer_demographics
     ,household_demographics
     ,income_band
     ,store_returns
 where ca_city	        =  'Union Hill'
   and c_current_addr_sk = ca_address_sk
   and ib_lower_bound   >=  48887
   and ib_upper_bound   <=  48887 + 50000
   and ib_income_band_sk = hd_income_band_sk
   and cd_demo_sk = c_current_cdemo_sk
   and hd_demo_sk = c_current_hdemo_sk
   and sr_cdemo_sk = cd_demo_sk
 order by c_customer_id
 limit 100;
psql:/tmp/s1-basline/throughput/query_3.sql:915: NOTICE:  duration: 84.005 ms  plan:
Query Text: select  c_customer_id as customer_id
       , coalesce(c_last_name,'') || ', ' || coalesce(c_first_name,'') as customername
 from customer
     ,customer_address
     ,customer_demographics
     ,household_demographics
     ,income_band
     ,store_returns
 where ca_city	        =  'Union Hill'
   and c_current_addr_sk = ca_address_sk
   and ib_lower_bound   >=  48887
   and ib_upper_bound   <=  48887 + 50000
   and ib_income_band_sk = hd_income_band_sk
   and cd_demo_sk = c_current_cdemo_sk
   and hd_demo_sk = c_current_hdemo_sk
   and sr_cdemo_sk = cd_demo_sk
 order by c_customer_id
 limit 100;
Limit  (cost=17173.61..17173.71 rows=39 width=49) (actual time=83.988..83.995 rows=20 loops=1)
  ->  Sort  (cost=17173.61..17173.71 rows=39 width=49) (actual time=83.987..83.992 rows=20 loops=1)
        Sort Key: customer.c_customer_id
        Sort Method: quicksort  Memory: 26kB
        ->  Nested Loop  (cost=6212.79..17172.58 rows=39 width=49) (actual time=27.797..83.961 rows=20 loops=1)
              Join Filter: (household_demographics.hd_income_band_sk = income_band.ib_income_band_sk)
              Rows Removed by Join Filter: 363
              ->  Nested Loop  (cost=6212.79..17159.59 rows=112 width=77) (actual time=27.260..83.867 rows=104 loops=1)
                    ->  Nested Loop  (cost=6212.51..17124.69 rows=116 width=77) (actual time=27.238..83.578 rows=104 loops=1)
                          Join Filter: (customer.c_current_cdemo_sk = customer_demographics.cd_demo_sk)
                          ->  Hash Join  (cost=6212.08..16691.80 rows=910 width=93) (actual time=27.220..83.172 rows=104 loops=1)
                                Hash Cond: (store_returns.sr_cdemo_sk = customer.c_current_cdemo_sk)
                                ->  Seq Scan on store_returns  (cost=0.00..9393.72 rows=287172 width=8) (actual time=0.004..22.327 rows=287172 loops=1)
                                ->  Hash  (cost=6201.71..6201.71 rows=830 width=85) (actual time=27.151..27.154 rows=785 loops=1)
                                      Buckets: 1024  Batches: 1  Memory Usage: 99kB
                                      ->  Hash Join  (cost=1778.19..6201.71 rows=830 width=85) (actual time=6.258..26.984 rows=801 loops=1)
                                            Hash Cond: (customer.c_current_addr_sk = customer_address.ca_address_sk)
                                            ->  Seq Scan on customer  (cost=0.00..4161.00 rows=100000 width=93) (actual time=0.002..7.719 rows=100000 loops=1)
                                            ->  Hash  (cost=1773.00..1773.00 rows=415 width=8) (actual time=6.248..6.249 rows=429 loops=1)
                                                  Buckets: 1024  Batches: 1  Memory Usage: 25kB
                                                  ->  Seq Scan on customer_address  (cost=0.00..1773.00 rows=415 width=8) (actual time=0.017..6.194 rows=429 loops=1)
                                                        Filter: ((ca_city)::text = 'Union Hill'::text)
                                                        Rows Removed by Filter: 49571
                          ->  Index Only Scan using pk_customer_demographics on customer_demographics  (cost=0.43..0.46 rows=1 width=8) (actual time=0.003..0.003 rows=1 loops=104)
                                Index Cond: (cd_demo_sk = store_returns.sr_cdemo_sk)
                                Heap Fetches: 0
                    ->  Index Scan using pk_household_demographics on household_demographics  (cost=0.28..0.30 rows=1 width=16) (actual time=0.002..0.002 rows=1 loops=104)
                          Index Cond: (hd_demo_sk = customer.c_current_hdemo_sk)
              ->  Materialize  (cost=0.00..1.33 rows=7 width=8) (actual time=0.000..0.000 rows=4 loops=104)
                    ->  Seq Scan on income_band  (cost=0.00..1.30 rows=7 width=8) (actual time=0.006..0.007 rows=4 loops=1)
                          Filter: ((ib_lower_bound >= 48887) AND (ib_upper_bound <= 98887))
                          Rows Removed by Filter: 16
   customer_id    |    customername    
------------------+--------------------
 AAAAAAAAAGHCBAAA | , Jorge
 AAAAAAAAECNFBAAA | Conner, Sherri
 AAAAAAAAEEMBBAAA | Redman, Barbara
 AAAAAAAAFJFCAAAA | Knox, Samuel
 AAAAAAAAGELIAAAA | Phillips, Virginia
 AAAAAAAAHALEAAAA | Fulton, Manuel
 AAAAAAAAHEDLAAAA | Hyatt, Tina
 AAAAAAAAIKDABAAA | Garza, Kenneth
 AAAAAAAAIKMHAAAA | Withrow, Todd
 AAAAAAAAIKMHAAAA | Withrow, Todd
 AAAAAAAAJLGHAAAA | Ford, Robert
 AAAAAAAALPJFBAAA | West, Wayne
 AAAAAAAAMENKAAAA | Numbers, Zachary
 AAAAAAAAMENKAAAA | Numbers, Zachary
 AAAAAAAANOEGAAAA | Keenan, David
 AAAAAAAAOJJGBAAA | Duffy, Allen
 AAAAAAAAOKFDAAAA | Jimenez, Danielle
 AAAAAAAAOMEOAAAA | Roberts, Steve
 AAAAAAAAPBBJAAAA | Breedlove, William
 AAAAAAAAPHIJAAAA | Payne, Lea
(20 rows)

UPDATE time_statistics SET e_time = TRANSACTION_TIMESTAMP() WHERE template = 'query84.tpl' AND stream = 3;
psql:/tmp/s1-basline/throughput/query_3.sql:917: NOTICE:  duration: 0.050 ms  plan:
Query Text: UPDATE time_statistics SET e_time = TRANSACTION_TIMESTAMP() WHERE template = 'query84.tpl' AND stream = 3;
Update on time_statistics  (cost=0.00..4.92 rows=0 width=0) (actual time=0.049..0.049 rows=0 loops=1)
  ->  Seq Scan on time_statistics  (cost=0.00..4.92 rows=1 width=14) (actual time=0.026..0.037 rows=1 loops=1)
        Filter: ((template = 'query84.tpl'::text) AND (stream = 3))
        Rows Removed by Filter: 129
UPDATE 1
LOAD 'auto_explain'; SET auto_explain.log_min_duration TO 0; SET auto_explain.log_analyze TO on; SET auto_explain.log_level TO notice; INSERT INTO time_statistics (template, s_time, stream, query, seed) VALUES ('query96.tpl', TRANSACTION_TIMESTAMP(), 3, 20, 550988633);
LOAD
SET
SET
SET
psql:/tmp/s1-basline/throughput/query_3.sql:918: NOTICE:  duration: 0.009 ms  plan:
Query Text: INSERT INTO time_statistics (template, s_time, stream, query, seed) VALUES ('query96.tpl', TRANSACTION_TIMESTAMP(), 3, 20, 550988633);
Insert on time_statistics  (cost=0.00..0.01 rows=0 width=0) (actual time=0.008..0.009 rows=0 loops=1)
  ->  Result  (cost=0.00..0.01 rows=1 width=64) (actual time=0.001..0.001 rows=1 loops=1)
INSERT 0 1
select  count(*) 
from store_sales
    ,household_demographics 
    ,time_dim, store
where ss_sold_time_sk = time_dim.t_time_sk   
    and ss_hdemo_sk = household_demographics.hd_demo_sk 
    and ss_store_sk = s_store_sk
    and time_dim.t_hour = 15
    and time_dim.t_minute >= 30
    and household_demographics.hd_dep_count = 5
    and store.s_store_name = 'ese'
order by count(*)
limit 100;
psql:/tmp/s1-basline/throughput/query_3.sql:931: NOTICE:  duration: 323.123 ms  plan:
Query Text: select  count(*) 
from store_sales
    ,household_demographics 
    ,time_dim, store
where ss_sold_time_sk = time_dim.t_time_sk   
    and ss_hdemo_sk = household_demographics.hd_demo_sk 
    and ss_store_sk = s_store_sk
    and time_dim.t_hour = 15
    and time_dim.t_minute >= 30
    and household_demographics.hd_dep_count = 5
    and store.s_store_name = 'ese'
order by count(*)
limit 100;
Limit  (cost=92268.38..92268.38 rows=1 width=8) (actual time=252.525..323.115 rows=1 loops=1)
  ->  Sort  (cost=92268.38..92268.38 rows=1 width=8) (actual time=252.524..323.114 rows=1 loops=1)
        Sort Key: (count(*))
        Sort Method: quicksort  Memory: 25kB
        ->  Finalize Aggregate  (cost=92268.36..92268.37 rows=1 width=8) (actual time=252.519..323.108 rows=1 loops=1)
              ->  Gather  (cost=92268.14..92268.35 rows=2 width=8) (actual time=252.368..323.104 rows=3 loops=1)
                    Workers Planned: 2
                    Workers Launched: 2
                    ->  Partial Aggregate  (cost=91268.14..91268.15 rows=1 width=8) (actual time=248.146..248.150 rows=1 loops=3)
                          ->  Hash Join  (cost=2925.67..91267.69 rows=181 width=0) (actual time=29.157..248.126 rows=303 loops=3)
                                Hash Cond: (store_sales.ss_store_sk = store.s_store_sk)
                                ->  Hash Join  (cost=2924.51..91258.55 rows=2274 width=8) (actual time=18.057..247.791 rows=1727 loops=3)
                                      Hash Cond: (store_sales.ss_hdemo_sk = household_demographics.hd_demo_sk)
                                      ->  Hash Join  (cost=2765.51..91036.90 rows=23851 width=16) (actual time=15.226..245.246 rows=18408 loops=3)
                                            Hash Cond: (store_sales.ss_sold_time_sk = time_dim.t_time_sk)
                                            ->  Parallel Seq Scan on store_sales  (cost=0.00..85123.48 rows=1199148 width=24) (actual time=0.018..122.747 rows=959309 loops=3)
                                            ->  Hash  (cost=2743.00..2743.00 rows=1801 width=8) (actual time=14.963..14.964 rows=1800 loops=3)
                                                  Buckets: 2048  Batches: 1  Memory Usage: 87kB
                                                  ->  Seq Scan on time_dim  (cost=0.00..2743.00 rows=1801 width=8) (actual time=9.825..14.744 rows=1800 loops=3)
                                                        Filter: ((t_minute >= 30) AND (t_hour = 15))
                                                        Rows Removed by Filter: 84600
                                      ->  Hash  (cost=150.00..150.00 rows=720 width=8) (actual time=1.110..1.111 rows=720 loops=3)
                                            Buckets: 1024  Batches: 1  Memory Usage: 37kB
                                            ->  Seq Scan on household_demographics  (cost=0.00..150.00 rows=720 width=8) (actual time=0.107..1.024 rows=720 loops=3)
                                                  Filter: (hd_dep_count = 5)
                                                  Rows Removed by Filter: 6480
                                ->  Hash  (cost=1.15..1.15 rows=1 width=8) (actual time=0.030..0.031 rows=1 loops=3)
                                      Buckets: 1024  Batches: 1  Memory Usage: 9kB
                                      ->  Seq Scan on store  (cost=0.00..1.15 rows=1 width=8) (actual time=0.026..0.027 rows=1 loops=3)
                                            Filter: ((s_store_name)::text = 'ese'::text)
                                            Rows Removed by Filter: 11
 count 
-------
   909
(1 row)

UPDATE time_statistics SET e_time = TRANSACTION_TIMESTAMP() WHERE template = 'query96.tpl' AND stream = 3;
psql:/tmp/s1-basline/throughput/query_3.sql:933: NOTICE:  duration: 0.048 ms  plan:
Query Text: UPDATE time_statistics SET e_time = TRANSACTION_TIMESTAMP() WHERE template = 'query96.tpl' AND stream = 3;
Update on time_statistics  (cost=0.00..4.92 rows=0 width=0) (actual time=0.048..0.048 rows=0 loops=1)
  ->  Seq Scan on time_statistics  (cost=0.00..4.92 rows=1 width=14) (actual time=0.021..0.032 rows=1 loops=1)
        Filter: ((template = 'query96.tpl'::text) AND (stream = 3))
        Rows Removed by Filter: 130
UPDATE 1
LOAD 'auto_explain'; SET auto_explain.log_min_duration TO 0; SET auto_explain.log_analyze TO on; SET auto_explain.log_level TO notice; INSERT INTO time_statistics (template, s_time, stream, query, seed) VALUES ('../query_postgresql/query14.tpl', TRANSACTION_TIMESTAMP(), 3, 21, 165027195);
LOAD
SET
SET
SET
psql:/tmp/s1-basline/throughput/query_3.sql:934: NOTICE:  duration: 0.009 ms  plan:
Query Text: INSERT INTO time_statistics (template, s_time, stream, query, seed) VALUES ('../query_postgresql/query14.tpl', TRANSACTION_TIMESTAMP(), 3, 21, 165027195);
Insert on time_statistics  (cost=0.00..0.01 rows=0 width=0) (actual time=0.008..0.009 rows=0 loops=1)
  ->  Result  (cost=0.00..0.01 rows=1 width=64) (actual time=0.001..0.001 rows=1 loops=1)
INSERT 0 1
with  cross_items as
 (select i_item_sk ss_item_sk
 from item,
 (select iss.i_brand_id brand_id
     ,iss.i_class_id class_id
     ,iss.i_category_id category_id
 from store_sales
     ,item iss
     ,date_dim d1
 where ss_item_sk = iss.i_item_sk
   and ss_sold_date_sk = d1.d_date_sk
   and d1.d_year between 1998 AND 1998 + 2
 intersect 
 select ics.i_brand_id
     ,ics.i_class_id
     ,ics.i_category_id
 from catalog_sales
     ,item ics
     ,date_dim d2
 where cs_item_sk = ics.i_item_sk
   and cs_sold_date_sk = d2.d_date_sk
   and d2.d_year between 1998 AND 1998 + 2
 intersect
 select iws.i_brand_id
     ,iws.i_class_id
     ,iws.i_category_id
 from web_sales
     ,item iws
     ,date_dim d3
 where ws_item_sk = iws.i_item_sk
   and ws_sold_date_sk = d3.d_date_sk
   and d3.d_year between 1998 AND 1998 + 2) x
 where i_brand_id = brand_id
      and i_class_id = class_id
      and i_category_id = category_id
),
 avg_sales as
 (select avg(quantity*list_price) average_sales
  from (select ss_quantity quantity
             ,ss_list_price list_price
       from store_sales
           ,date_dim
       where ss_sold_date_sk = d_date_sk
         and d_year between 1998 and 1998 + 2
       union all 
       select cs_quantity quantity 
             ,cs_list_price list_price
       from catalog_sales
           ,date_dim
       where cs_sold_date_sk = d_date_sk
         and d_year between 1998 and 1998 + 2 
       union all
       select ws_quantity quantity
             ,ws_list_price list_price
       from web_sales
           ,date_dim
       where ws_sold_date_sk = d_date_sk
         and d_year between 1998 and 1998 + 2) x)
  select  channel, i_brand_id,i_class_id,i_category_id,sum(sales), sum(number_sales)
 from(
       select 'store' channel, i_brand_id,i_class_id
             ,i_category_id,sum(ss_quantity*ss_list_price) sales
             , count(*) number_sales
       from store_sales
           ,item
           ,date_dim
       where ss_item_sk in (select ss_item_sk from cross_items)
         and ss_item_sk = i_item_sk
         and ss_sold_date_sk = d_date_sk
         and d_year = 1998+2 
         and d_moy = 11
       group by i_brand_id,i_class_id,i_category_id
       having sum(ss_quantity*ss_list_price) > (select average_sales from avg_sales)
       union all
       select 'catalog' channel, i_brand_id,i_class_id,i_category_id, sum(cs_quantity*cs_list_price) sales, count(*) number_sales
       from catalog_sales
           ,item
           ,date_dim
       where cs_item_sk in (select ss_item_sk from cross_items)
         and cs_item_sk = i_item_sk
         and cs_sold_date_sk = d_date_sk
         and d_year = 1998+2 
         and d_moy = 11
       group by i_brand_id,i_class_id,i_category_id
       having sum(cs_quantity*cs_list_price) > (select average_sales from avg_sales)
       union all
       select 'web' channel, i_brand_id,i_class_id,i_category_id, sum(ws_quantity*ws_list_price) sales , count(*) number_sales
       from web_sales
           ,item
           ,date_dim
       where ws_item_sk in (select ss_item_sk from cross_items)
         and ws_item_sk = i_item_sk
         and ws_sold_date_sk = d_date_sk
         and d_year = 1998+2
         and d_moy = 11
       group by i_brand_id,i_class_id,i_category_id
       having sum(ws_quantity*ws_list_price) > (select average_sales from avg_sales)
 ) x
 group by rollup (channel, i_brand_id,i_class_id,i_category_id)
 order by channel,i_brand_id,i_class_id,i_category_id
 limit 100;
psql:/tmp/s1-basline/throughput/query_3.sql:1035: NOTICE:  duration: 13008.802 ms  plan:
Query Text: with  cross_items as
 (select i_item_sk ss_item_sk
 from item,
 (select iss.i_brand_id brand_id
     ,iss.i_class_id class_id
     ,iss.i_category_id category_id
 from store_sales
     ,item iss
     ,date_dim d1
 where ss_item_sk = iss.i_item_sk
   and ss_sold_date_sk = d1.d_date_sk
   and d1.d_year between 1998 AND 1998 + 2
 intersect 
 select ics.i_brand_id
     ,ics.i_class_id
     ,ics.i_category_id
 from catalog_sales
     ,item ics
     ,date_dim d2
 where cs_item_sk = ics.i_item_sk
   and cs_sold_date_sk = d2.d_date_sk
   and d2.d_year between 1998 AND 1998 + 2
 intersect
 select iws.i_brand_id
     ,iws.i_class_id
     ,iws.i_category_id
 from web_sales
     ,item iws
     ,date_dim d3
 where ws_item_sk = iws.i_item_sk
   and ws_sold_date_sk = d3.d_date_sk
   and d3.d_year between 1998 AND 1998 + 2) x
 where i_brand_id = brand_id
      and i_class_id = class_id
      and i_category_id = category_id
),
 avg_sales as
 (select avg(quantity*list_price) average_sales
  from (select ss_quantity quantity
             ,ss_list_price list_price
       from store_sales
           ,date_dim
       where ss_sold_date_sk = d_date_sk
         and d_year between 1998 and 1998 + 2
       union all 
       select cs_quantity quantity 
             ,cs_list_price list_price
       from catalog_sales
           ,date_dim
       where cs_sold_date_sk = d_date_sk
         and d_year between 1998 and 1998 + 2 
       union all
       select ws_quantity quantity
             ,ws_list_price list_price
       from web_sales
           ,date_dim
       where ws_sold_date_sk = d_date_sk
         and d_year between 1998 and 1998 + 2) x)
  select  channel, i_brand_id,i_class_id,i_category_id,sum(sales), sum(number_sales)
 from(
       select 'store' channel, i_brand_id,i_class_id
             ,i_category_id,sum(ss_quantity*ss_list_price) sales
             , count(*) number_sales
       from store_sales
           ,item
           ,date_dim
       where ss_item_sk in (select ss_item_sk from cross_items)
         and ss_item_sk = i_item_sk
         and ss_sold_date_sk = d_date_sk
         and d_year = 1998+2 
         and d_moy = 11
       group by i_brand_id,i_class_id,i_category_id
       having sum(ss_quantity*ss_list_price) > (select average_sales from avg_sales)
       union all
       select 'catalog' channel, i_brand_id,i_class_id,i_category_id, sum(cs_quantity*cs_list_price) sales, count(*) number_sales
       from catalog_sales
           ,item
           ,date_dim
       where cs_item_sk in (select ss_item_sk from cross_items)
         and cs_item_sk = i_item_sk
         and cs_sold_date_sk = d_date_sk
         and d_year = 1998+2 
         and d_moy = 11
       group by i_brand_id,i_class_id,i_category_id
       having sum(cs_quantity*cs_list_price) > (select average_sales from avg_sales)
       union all
       select 'web' channel, i_brand_id,i_class_id,i_category_id, sum(ws_quantity*ws_list_price) sales , count(*) number_sales
       from web_sales
           ,item
           ,date_dim
       where ws_item_sk in (select ss_item_sk from cross_items)
         and ws_item_sk = i_item_sk
         and ws_sold_date_sk = d_date_sk
         and d_year = 1998+2
         and d_moy = 11
       group by i_brand_id,i_class_id,i_category_id
       having sum(ws_quantity*ws_list_price) > (select average_sales from avg_sales)
 ) x
 group by rollup (channel, i_brand_id,i_class_id,i_category_id)
 order by channel,i_brand_id,i_class_id,i_category_id
 limit 100;
Limit  (cost=371983.91..371984.12 rows=13 width=84) (actual time=13008.355..13008.748 rows=100 loops=1)
  CTE cross_items
    ->  Hash Join  (cost=191058.37..192636.12 rows=1 width=8) (actual time=1862.352..1871.078 rows=14505 loops=1)
          Hash Cond: ((item_3.i_brand_id = x_1.brand_id) AND (item_3.i_class_id = x_1.class_id) AND (item_3.i_category_id = x_1.category_id))
          ->  Seq Scan on item item_3  (cost=0.00..1436.00 rows=18000 width=20) (actual time=0.003..1.536 rows=18000 loops=1)
          ->  Hash  (cost=191026.87..191026.87 rows=1800 width=12) (actual time=1862.343..1862.569 rows=2472 loops=1)
                Buckets: 4096 (originally 2048)  Batches: 1 (originally 1)  Memory Usage: 139kB
                ->  Subquery Scan on x_1  (cost=5175.25..191026.87 rows=1800 width=12) (actual time=1861.625..1862.188 rows=2514 loops=1)
                      ->  HashSetOp Intersect  (cost=5175.25..191008.87 rows=1800 width=16) (actual time=1861.624..1861.955 rows=2514 loops=1)
                            ->  Append  (cost=5175.25..190915.52 rows=12446 width=16) (actual time=1376.707..1798.744 rows=434982 loops=1)
                                  ->  Result  (cost=5175.25..154374.39 rows=1800 width=16) (actual time=1376.707..1377.200 rows=2514 loops=1)
                                        ->  HashSetOp Intersect  (cost=5175.25..154356.39 rows=1800 width=16) (actual time=1376.706..1376.961 rows=2514 loops=1)
                                              ->  Append  (cost=5175.25..153892.42 rows=61862 width=16) (actual time=18.616..1029.904 rows=2503447 loops=1)
                                                    ->  Subquery Scan on "*SELECT* 1"  (cost=5175.25..97966.87 rows=40688 width=16) (actual time=18.616..370.024 rows=1645422 loops=1)
                                                          ->  Gather  (cost=5175.25..97559.99 rows=40688 width=12) (actual time=18.616..218.979 rows=1645422 loops=1)
                                                                Workers Planned: 2
                                                                Workers Launched: 2
                                                                ->  Hash Join  (cost=4175.25..92491.19 rows=16953 width=12) (actual time=28.565..434.002 rows=548474 loops=3)
                                                                      Hash Cond: (store_sales_1.ss_item_sk = iss.i_item_sk)
                                                                      ->  Hash Join  (cost=2514.25..90785.67 rows=16953 width=8) (actual time=12.336..300.911 rows=548474 loops=3)
                                                                            Hash Cond: (store_sales_1.ss_sold_date_sk = d1.d_date_sk)
                                                                            ->  Parallel Seq Scan on store_sales store_sales_1  (cost=0.00..85123.48 rows=1199148 width=16) (actual time=0.010..130.930 rows=959309 loops=3)
                                                                            ->  Hash  (cost=2500.73..2500.73 rows=1081 width=8) (actual time=12.306..12.307 rows=1096 loops=3)
                                                                                  Buckets: 2048  Batches: 1  Memory Usage: 59kB
                                                                                  ->  Seq Scan on date_dim d1  (cost=0.00..2500.73 rows=1081 width=8) (actual time=5.593..12.177 rows=1096 loops=3)
                                                                                        Filter: ((d_year >= 1998) AND (d_year <= 2000))
                                                                                        Rows Removed by Filter: 71953
                                                                      ->  Hash  (cost=1436.00..1436.00 rows=18000 width=20) (actual time=15.958..15.959 rows=18000 loops=3)
                                                                            Buckets: 32768  Batches: 1  Memory Usage: 1240kB
                                                                            ->  Seq Scan on item iss  (cost=0.00..1436.00 rows=18000 width=20) (actual time=0.026..12.973 rows=18000 loops=3)
                                                    ->  Subquery Scan on "*SELECT* 2"  (cost=1661.43..55616.25 rows=21174 width=16) (actual time=13.228..511.357 rows=858025 loops=1)
                                                          ->  Hash Join  (cost=1661.43..55404.51 rows=21174 width=12) (actual time=13.227..444.581 rows=858025 loops=1)
                                                                Hash Cond: (catalog_sales_1.cs_item_sk = ics.i_item_sk)
                                                                ->  Nested Loop  (cost=0.43..53687.92 rows=21174 width=8) (actual time=4.156..289.360 rows=858025 loops=1)
                                                                      ->  Seq Scan on date_dim d2  (cost=0.00..2500.73 rows=1081 width=8) (actual time=4.136..9.439 rows=1096 loops=1)
                                                                            Filter: ((d_year >= 1998) AND (d_year <= 2000))
                                                                            Rows Removed by Filter: 71953
                                                                      ->  Index Scan using i_cs_sold_date_sk on catalog_sales catalog_sales_1  (cost=0.43..39.53 rows=782 width=16) (actual time=0.004..0.135 rows=783 loops=1096)
                                                                            Index Cond: (cs_sold_date_sk = d2.d_date_sk)
                                                                ->  Hash  (cost=1436.00..1436.00 rows=18000 width=20) (actual time=9.048..9.048 rows=18000 loops=1)
                                                                      Buckets: 32768  Batches: 1  Memory Usage: 1240kB
                                                                      ->  Seq Scan on item ics  (cost=0.00..1436.00 rows=18000 width=20) (actual time=0.005..6.520 rows=18000 loops=1)
                                  ->  Subquery Scan on "*SELECT* 3"  (cost=3514.53..36478.90 rows=10646 width=16) (actual time=8.651..395.793 rows=432468 loops=1)
                                        ->  Gather  (cost=3514.53..36372.44 rows=10646 width=12) (actual time=8.650..355.991 rows=432468 loops=1)
                                              Workers Planned: 2
                                              Workers Launched: 2
                                              ->  Nested Loop  (cost=2514.53..34307.84 rows=4436 width=12) (actual time=14.131..409.070 rows=144156 loops=3)
                                                    ->  Hash Join  (cost=2514.25..32946.03 rows=4436 width=8) (actual time=14.083..118.666 rows=144156 loops=3)
                                                          Hash Cond: (web_sales_1.ws_sold_date_sk = d3.d_date_sk)
                                                          ->  Parallel Seq Scan on web_sales web_sales_1  (cost=0.00..29644.81 rows=299781 width=16) (actual time=0.016..50.694 rows=239825 loops=3)
                                                          ->  Hash  (cost=2500.73..2500.73 rows=1081 width=8) (actual time=13.953..13.954 rows=1096 loops=3)
                                                                Buckets: 2048  Batches: 1  Memory Usage: 59kB
                                                                ->  Seq Scan on date_dim d3  (cost=0.00..2500.73 rows=1081 width=8) (actual time=6.542..13.817 rows=1096 loops=3)
                                                                      Filter: ((d_year >= 1998) AND (d_year <= 2000))
                                                                      Rows Removed by Filter: 71953
                                                    ->  Index Scan using pk_item on item iws  (cost=0.29..0.31 rows=1 width=20) (actual time=0.002..0.002 rows=1 loops=432468)
                                                          Index Cond: (i_item_sk = web_sales_1.ws_item_sk)
  CTE avg_sales
    ->  Finalize Aggregate  (cost=179223.10..179223.11 rows=1 width=8) (actual time=658.439..658.524 rows=1 loops=1)
          ->  Gather  (cost=179222.88..179223.09 rows=2 width=32) (actual time=658.316..658.517 rows=3 loops=1)
                Workers Planned: 2
                Workers Launched: 2
                ->  Partial Aggregate  (cost=178222.88..178222.89 rows=1 width=32) (actual time=653.542..653.546 rows=1 loops=3)
                      ->  Parallel Append  (cost=0.43..177996.30 rows=30211 width=12) (actual time=11.547..579.843 rows=978638 loops=3)
                            ->  Nested Loop  (cost=0.43..53687.92 rows=21174 width=12) (actual time=8.696..424.832 rows=858025 loops=1)
                                  ->  Seq Scan on date_dim date_dim_3  (cost=0.00..2500.73 rows=1081 width=8) (actual time=8.630..14.386 rows=1096 loops=1)
                                        Filter: ((d_year >= 1998) AND (d_year <= 2000))
                                        Rows Removed by Filter: 71953
                                  ->  Index Scan using i_cs_sold_date_sk on catalog_sales catalog_sales_2  (cost=0.43..39.53 rows=782 width=20) (actual time=0.004..0.220 rows=783 loops=1096)
                                        Index Cond: (cs_sold_date_sk = date_dim_3.d_date_sk)
                            ->  Hash Join  (cost=2514.25..90785.67 rows=16953 width=12) (actual time=11.298..305.892 rows=548474 loops=3)
                                  Hash Cond: (store_sales_2.ss_sold_date_sk = date_dim_4.d_date_sk)
                                  ->  Parallel Seq Scan on store_sales store_sales_2  (cost=0.00..85123.48 rows=1199148 width=20) (actual time=0.009..113.344 rows=959309 loops=3)
                                  ->  Hash  (cost=2500.73..2500.73 rows=1081 width=8) (actual time=11.182..11.182 rows=1096 loops=3)
                                        Buckets: 2048  Batches: 1  Memory Usage: 59kB
                                        ->  Seq Scan on date_dim date_dim_4  (cost=0.00..2500.73 rows=1081 width=8) (actual time=5.114..11.050 rows=1096 loops=3)
                                              Filter: ((d_year >= 1998) AND (d_year <= 2000))
                                              Rows Removed by Filter: 71953
                            ->  Hash Join  (cost=2514.25..32946.03 rows=4436 width=12) (actual time=8.622..220.125 rows=432468 loops=1)
                                  Hash Cond: (web_sales_2.ws_sold_date_sk = date_dim_5.d_date_sk)
                                  ->  Parallel Seq Scan on web_sales web_sales_2  (cost=0.00..29644.81 rows=299781 width=20) (actual time=0.002..62.005 rows=719474 loops=1)
                                  ->  Hash  (cost=2500.73..2500.73 rows=1081 width=8) (actual time=8.607..8.607 rows=1096 loops=1)
                                        Buckets: 2048  Batches: 1  Memory Usage: 59kB
                                        ->  Seq Scan on date_dim date_dim_5  (cost=0.00..2500.73 rows=1081 width=8) (actual time=3.913..8.491 rows=1096 loops=1)
                                              Filter: ((d_year >= 1998) AND (d_year <= 2000))
                                              Rows Removed by Filter: 71953
  ->  GroupAggregate  (cost=124.68..124.89 rows=13 width=84) (actual time=13008.355..13008.424 rows=100 loops=1)
        Group Key: ('store'::text), item.i_brand_id, item.i_class_id, item.i_category_id
        Group Key: ('store'::text), item.i_brand_id, item.i_class_id
        Group Key: ('store'::text), item.i_brand_id
        Group Key: ('store'::text)
        Group Key: ()
        ->  Sort  (cost=124.68..124.69 rows=3 width=60) (actual time=13008.347..13008.360 rows=63 loops=1)
              Sort Key: ('store'::text), item.i_brand_id, item.i_class_id, item.i_category_id
              Sort Method: quicksort  Memory: 711kB
              ->  Append  (cost=67.75..124.66 rows=3 width=60) (actual time=8402.300..13003.502 rows=6839 loops=1)
                    ->  GroupAggregate  (cost=67.75..67.78 rows=1 width=60) (actual time=8402.300..8419.432 rows=2426 loops=1)
                          Group Key: item.i_brand_id, item.i_class_id, item.i_category_id
                          Filter: (sum(((store_sales.ss_quantity)::double precision * store_sales.ss_list_price)) > $8)
                          Rows Removed by Filter: 4
                          InitPlan 3 (returns $8)
                            ->  CTE Scan on avg_sales  (cost=0.00..0.02 rows=1 width=8) (actual time=658.443..658.443 rows=1 loops=1)
                          ->  Sort  (cost=67.73..67.73 rows=1 width=24) (actual time=7743.718..7748.734 rows=86473 loops=1)
                                Sort Key: item.i_brand_id, item.i_class_id, item.i_category_id
                                Sort Method: quicksort  Memory: 8461kB
                                ->  Nested Loop  (cost=1.03..67.72 rows=1 width=24) (actual time=1876.640..7717.287 rows=86473 loops=1)
                                      ->  Nested Loop  (cost=0.74..12.80 rows=174 width=32) (actual time=1876.471..4512.568 rows=2550907 loops=1)
                                            ->  Nested Loop  (cost=0.31..2.54 rows=1 width=28) (actual time=1876.458..1920.647 rows=14505 loops=1)
                                                  ->  HashAggregate  (cost=0.02..0.03 rows=1 width=8) (actual time=1876.451..1880.127 rows=14505 loops=1)
                                                        Group Key: cross_items.ss_item_sk
                                                        Batches: 1  Memory Usage: 1833kB
                                                        ->  CTE Scan on cross_items  (cost=0.00..0.02 rows=1 width=8) (actual time=1862.355..1873.204 rows=14505 loops=1)
                                                  ->  Index Scan using pk_item on item  (cost=0.29..2.51 rows=1 width=20) (actual time=0.002..0.002 rows=1 loops=14505)
                                                        Index Cond: (i_item_sk = cross_items.ss_item_sk)
                                            ->  Index Scan using pk_store_sales on store_sales  (cost=0.43..8.52 rows=174 width=28) (actual time=0.006..0.153 rows=176 loops=14505)
                                                  Index Cond: (ss_item_sk = item.i_item_sk)
                                      ->  Index Scan using pk_date_dim on date_dim  (cost=0.29..0.32 rows=1 width=8) (actual time=0.001..0.001 rows=0 loops=2550907)
                                            Index Cond: (d_date_sk = store_sales.ss_sold_date_sk)
                                            Filter: ((d_year = 2000) AND (d_moy = 11))
                                            Rows Removed by Filter: 1
                    ->  GroupAggregate  (cost=36.80..36.84 rows=1 width=60) (actual time=3038.419..3047.110 rows=2365 loops=1)
                          Group Key: item_1.i_brand_id, item_1.i_class_id, item_1.i_category_id
                          Filter: (sum(((catalog_sales.cs_quantity)::double precision * catalog_sales.cs_list_price)) > $9)
                          Rows Removed by Filter: 59
                          InitPlan 4 (returns $9)
                            ->  CTE Scan on avg_sales avg_sales_1  (cost=0.00..0.02 rows=1 width=8) (actual time=0.001..0.001 rows=1 loops=1)
                          ->  Sort  (cost=36.78..36.79 rows=1 width=24) (actual time=3038.341..3040.256 rows=47016 loops=1)
                                Sort Key: item_1.i_brand_id, item_1.i_class_id, item_1.i_category_id
                                Sort Method: quicksort  Memory: 4474kB
                                ->  Nested Loop  (cost=1.03..36.77 rows=1 width=24) (actual time=5.065..3021.777 rows=47016 loops=1)
                                      ->  Nested Loop  (cost=0.74..8.95 rows=88 width=32) (actual time=4.790..1386.666 rows=1275526 loops=1)
                                            ->  Nested Loop  (cost=0.31..2.54 rows=1 width=28) (actual time=4.776..43.463 rows=14505 loops=1)
                                                  ->  HashAggregate  (cost=0.02..0.03 rows=1 width=8) (actual time=4.757..8.403 rows=14505 loops=1)
                                                        Group Key: cross_items_1.ss_item_sk
                                                        Batches: 1  Memory Usage: 1833kB
                                                        ->  CTE Scan on cross_items cross_items_1  (cost=0.00..0.02 rows=1 width=8) (actual time=0.001..0.897 rows=14505 loops=1)
                                                  ->  Index Scan using pk_item on item item_1  (cost=0.29..2.51 rows=1 width=20) (actual time=0.002..0.002 rows=1 loops=14505)
                                                        Index Cond: (i_item_sk = cross_items_1.ss_item_sk)
                                            ->  Index Scan using pk_catalog_sales on catalog_sales  (cost=0.43..5.53 rows=88 width=28) (actual time=0.005..0.079 rows=88 loops=14505)
                                                  Index Cond: (cs_item_sk = item_1.i_item_sk)
                                      ->  Index Scan using pk_date_dim on date_dim date_dim_1  (cost=0.29..0.32 rows=1 width=8) (actual time=0.001..0.001 rows=0 loops=1275526)
                                            Index Cond: (d_date_sk = catalog_sales.cs_sold_date_sk)
                                            Filter: ((d_year = 2000) AND (d_moy = 11))
                                            Rows Removed by Filter: 1
                    ->  GroupAggregate  (cost=19.95..19.99 rows=1 width=60) (actual time=1531.934..1536.548 rows=2048 loops=1)
                          Group Key: item_2.i_brand_id, item_2.i_class_id, item_2.i_category_id
                          Filter: (sum(((web_sales.ws_quantity)::double precision * web_sales.ws_list_price)) > $10)
                          Rows Removed by Filter: 283
                          InitPlan 5 (returns $10)
                            ->  CTE Scan on avg_sales avg_sales_2  (cost=0.00..0.02 rows=1 width=8) (actual time=0.001..0.002 rows=1 loops=1)
                          ->  Sort  (cost=19.93..19.94 rows=1 width=24) (actual time=1531.889..1532.816 rows=23127 loops=1)
                                Sort Key: item_2.i_brand_id, item_2.i_class_id, item_2.i_category_id
                                Sort Method: quicksort  Memory: 2214kB
                                ->  Nested Loop  (cost=1.03..19.92 rows=1 width=24) (actual time=4.644..1523.982 rows=23127 loops=1)
                                      ->  Nested Loop  (cost=0.73..5.95 rows=44 width=32) (actual time=4.582..684.915 rows=637978 loops=1)
                                            ->  Nested Loop  (cost=0.31..2.54 rows=1 width=28) (actual time=4.571..40.152 rows=14505 loops=1)
                                                  ->  HashAggregate  (cost=0.02..0.03 rows=1 width=8) (actual time=4.564..8.023 rows=14505 loops=1)
                                                        Group Key: cross_items_2.ss_item_sk
                                                        Batches: 1  Memory Usage: 1833kB
                                                        ->  CTE Scan on cross_items cross_items_2  (cost=0.00..0.02 rows=1 width=8) (actual time=0.001..0.876 rows=14505 loops=1)
                                                  ->  Index Scan using pk_item on item item_2  (cost=0.29..2.51 rows=1 width=20) (actual time=0.002..0.002 rows=1 loops=14505)
                                                        Index Cond: (i_item_sk = cross_items_2.ss_item_sk)
                                            ->  Index Scan using pk_web_sales on web_sales  (cost=0.42..2.98 rows=44 width=28) (actual time=0.004..0.037 rows=44 loops=14505)
                                                  Index Cond: (ws_item_sk = item_2.i_item_sk)
                                      ->  Index Scan using pk_date_dim on date_dim date_dim_2  (cost=0.29..0.32 rows=1 width=8) (actual time=0.001..0.001 rows=0 loops=637978)
                                            Index Cond: (d_date_sk = web_sales.ws_sold_date_sk)
                                            Filter: ((d_year = 2000) AND (d_moy = 11))
                                            Rows Removed by Filter: 1
 channel | i_brand_id | i_class_id | i_category_id |        sum         | sum 
---------+------------+------------+---------------+--------------------+-----
 catalog |    1001001 |          1 |             1 |         2171111.27 | 398
 catalog |    1001001 |          1 |             2 | 139814.59000000003 |  34
 catalog |    1001001 |          1 |             3 | 100946.28000000001 |  18
 catalog |    1001001 |          1 |             4 | 139138.15999999997 |  22
 catalog |    1001001 |          1 |             6 |           21582.76 |   4
 catalog |    1001001 |          1 |             7 |           49622.14 |  13
 catalog |    1001001 |          1 |             8 |           24617.79 |   7
 catalog |    1001001 |          1 |             9 | 138605.28000000003 |  27
 catalog |    1001001 |          1 |            10 |            24834.3 |   6
 catalog |    1001001 |          1 |               | 2810272.5699999994 | 529
 catalog |    1001001 |          2 |             1 |           21116.99 |   5
 catalog |    1001001 |          2 |             2 |           29745.56 |   6
 catalog |    1001001 |          2 |             3 |            16523.5 |   5
 catalog |    1001001 |          2 |             7 |            19634.5 |   7
 catalog |    1001001 |          2 |               |           87020.55 |  23
 catalog |    1001001 |          3 |             5 |           33011.92 |   6
 catalog |    1001001 |          3 |             7 |           56896.35 |  10
 catalog |    1001001 |          3 |               |  89908.26999999999 |  16
 catalog |    1001001 |          4 |             1 |          102052.18 |  17
 catalog |    1001001 |          4 |             2 |  9020.119999999999 |   2
 catalog |    1001001 |          4 |             3 |           14736.55 |   4
 catalog |    1001001 |          4 |               | 125808.84999999999 |  23
 catalog |    1001001 |          5 |            10 |           27365.09 |   7
 catalog |    1001001 |          5 |               |           27365.09 |   7
 catalog |    1001001 |          7 |             8 |           20759.44 |   5
 catalog |    1001001 |          7 |               |           20759.44 |   5
 catalog |    1001001 |          8 |             7 | 15937.769999999999 |   6
 catalog |    1001001 |          8 |               | 15937.769999999999 |   6
 catalog |    1001001 |          9 |             7 |           48149.08 |   9
 catalog |    1001001 |          9 |               |           48149.08 |   9
 catalog |    1001001 |         10 |             6 | 107179.56999999999 |  16
 catalog |    1001001 |         10 |               | 107179.56999999999 |  16
 catalog |    1001001 |         11 |             9 | 11683.960000000001 |   1
 catalog |    1001001 |         11 |               | 11683.960000000001 |   1
 catalog |    1001001 |         15 |             7 | 18645.850000000002 |   5
 catalog |    1001001 |         15 |               | 18645.850000000002 |   5
 catalog |    1001001 |            |               | 3362730.9999999995 | 640
 catalog |    1001002 |          1 |             1 | 2525957.9399999995 | 440
 catalog |    1001002 |          1 |               | 2525957.9399999995 | 440
 catalog |    1001002 |          2 |             1 |           91964.45 |  12
 catalog |    1001002 |          2 |               |           91964.45 |  12
 catalog |    1001002 |          3 |             1 | 41181.420000000006 |  11
 catalog |    1001002 |          3 |               | 41181.420000000006 |  11
 catalog |    1001002 |          4 |             1 |  85993.81999999999 |   8
 catalog |    1001002 |          4 |               |  85993.81999999999 |   8
 catalog |    1001002 |          5 |             1 |            67912.6 |   6
 catalog |    1001002 |          5 |               |            67912.6 |   6
 catalog |    1001002 |          7 |             1 |              54844 |   7
 catalog |    1001002 |          7 |               |              54844 |   7
 catalog |    1001002 |         11 |             1 | 17919.899999999998 |   4
 catalog |    1001002 |         11 |               | 17919.899999999998 |   4
 catalog |    1001002 |         13 |             1 |           28919.24 |   3
 catalog |    1001002 |         13 |               |           28919.24 |   3
 catalog |    1001002 |         14 |             1 |           55212.86 |   8
 catalog |    1001002 |         14 |               |           55212.86 |   8
 catalog |    1001002 |         15 |             1 |           16891.95 |   4
 catalog |    1001002 |         15 |               |           16891.95 |   4
 catalog |    1001002 |            |               | 2986798.1799999997 | 503
 catalog |    1002001 |          1 |             2 |           11520.38 |   4
 catalog |    1002001 |          1 |             4 |              24618 |   4
 catalog |    1002001 |          1 |               |           36138.38 |   8
 catalog |    1002001 |          2 |             1 | 1795388.2600000005 | 365
 catalog |    1002001 |          2 |             3 |           48408.15 |  20
 catalog |    1002001 |          2 |             4 |  71738.86000000002 |  17
 catalog |    1002001 |          2 |             5 |           77809.22 |  15
 catalog |    1002001 |          2 |             6 |           42488.28 |   8
 catalog |    1002001 |          2 |             7 |           15749.13 |   7
 catalog |    1002001 |          2 |             8 | 22831.640000000003 |   3
 catalog |    1002001 |          2 |             9 | 37051.619999999995 |   5
 catalog |    1002001 |          2 |            10 | 190520.97999999998 |  30
 catalog |    1002001 |          2 |               |         2301986.14 | 470
 catalog |    1002001 |          3 |             3 |           21927.04 |   3
 catalog |    1002001 |          3 |             4 |           76832.94 |  16
 catalog |    1002001 |          3 |               |  98759.98000000001 |  19
 catalog |    1002001 |          9 |             8 | 20615.770000000004 |   6
 catalog |    1002001 |          9 |               | 20615.770000000004 |   6
 catalog |    1002001 |         12 |             6 |           30139.11 |   6
 catalog |    1002001 |         12 |               |           30139.11 |   6
 catalog |    1002001 |         13 |             6 | 54697.899999999994 |   9
 catalog |    1002001 |         13 |               | 54697.899999999994 |   9
 catalog |    1002001 |         16 |             6 |           55146.23 |   9
 catalog |    1002001 |         16 |             9 |           11807.55 |   2
 catalog |    1002001 |         16 |            10 |           25578.21 |   2
 catalog |    1002001 |         16 |               |  92531.98999999999 |  13
 catalog |    1002001 |            |               |         2634869.27 | 531
 catalog |    1002002 |          1 |             1 |           67115.61 |  10
 catalog |    1002002 |          1 |               |           67115.61 |  10
 catalog |    1002002 |          2 |             1 |  2768942.240000002 | 534
 catalog |    1002002 |          2 |               |  2768942.240000002 | 534
 catalog |    1002002 |          3 |             1 |           35447.76 |  10
 catalog |    1002002 |          3 |               |           35447.76 |  10
 catalog |    1002002 |          4 |             1 |           48957.93 |   7
 catalog |    1002002 |          4 |               |           48957.93 |   7
 catalog |    1002002 |          6 |             1 |           66490.65 |   8
 catalog |    1002002 |          6 |               |           66490.65 |   8
 catalog |    1002002 |          7 |             1 |           36778.43 |   5
 catalog |    1002002 |          7 |               |           36778.43 |   5
 catalog |    1002002 |          8 |             1 | 28491.780000000002 |   3
 catalog |    1002002 |          8 |               | 28491.780000000002 |   3
 catalog |    1002002 |          9 |             1 | 27114.689999999995 |   5
(100 rows)

with  cross_items as
 (select i_item_sk ss_item_sk
 from item,
 (select iss.i_brand_id brand_id
     ,iss.i_class_id class_id
     ,iss.i_category_id category_id
 from store_sales
     ,item iss
     ,date_dim d1
 where ss_item_sk = iss.i_item_sk
   and ss_sold_date_sk = d1.d_date_sk
   and d1.d_year between 1998 AND 1998 + 2
 intersect
 select ics.i_brand_id
     ,ics.i_class_id
     ,ics.i_category_id
 from catalog_sales
     ,item ics
     ,date_dim d2
 where cs_item_sk = ics.i_item_sk
   and cs_sold_date_sk = d2.d_date_sk
   and d2.d_year between 1998 AND 1998 + 2
 intersect
 select iws.i_brand_id
     ,iws.i_class_id
     ,iws.i_category_id
 from web_sales
     ,item iws
     ,date_dim d3
 where ws_item_sk = iws.i_item_sk
   and ws_sold_date_sk = d3.d_date_sk
   and d3.d_year between 1998 AND 1998 + 2) x
 where i_brand_id = brand_id
      and i_class_id = class_id
      and i_category_id = category_id
),
 avg_sales as
(select avg(quantity*list_price) average_sales
  from (select ss_quantity quantity
             ,ss_list_price list_price
       from store_sales
           ,date_dim
       where ss_sold_date_sk = d_date_sk
         and d_year between 1998 and 1998 + 2
       union all
       select cs_quantity quantity
             ,cs_list_price list_price
       from catalog_sales
           ,date_dim
       where cs_sold_date_sk = d_date_sk
         and d_year between 1998 and 1998 + 2
       union all
       select ws_quantity quantity
             ,ws_list_price list_price
       from web_sales
           ,date_dim
       where ws_sold_date_sk = d_date_sk
         and d_year between 1998 and 1998 + 2) x)
  select  this_year.channel ty_channel
                           ,this_year.i_brand_id ty_brand
                           ,this_year.i_class_id ty_class
                           ,this_year.i_category_id ty_category
                           ,this_year.sales ty_sales
                           ,this_year.number_sales ty_number_sales
                           ,last_year.channel ly_channel
                           ,last_year.i_brand_id ly_brand
                           ,last_year.i_class_id ly_class
                           ,last_year.i_category_id ly_category
                           ,last_year.sales ly_sales
                           ,last_year.number_sales ly_number_sales 
 from
 (select 'store' channel, i_brand_id,i_class_id,i_category_id
        ,sum(ss_quantity*ss_list_price) sales, count(*) number_sales
 from store_sales 
     ,item
     ,date_dim
 where ss_item_sk in (select ss_item_sk from cross_items)
   and ss_item_sk = i_item_sk
   and ss_sold_date_sk = d_date_sk
   and d_week_seq = (select d_week_seq
                     from date_dim
                     where d_year = 1998 + 1
                       and d_moy = 12
                       and d_dom = 8)
 group by i_brand_id,i_class_id,i_category_id
 having sum(ss_quantity*ss_list_price) > (select average_sales from avg_sales)) this_year,
 (select 'store' channel, i_brand_id,i_class_id
        ,i_category_id, sum(ss_quantity*ss_list_price) sales, count(*) number_sales
 from store_sales
     ,item
     ,date_dim
 where ss_item_sk in (select ss_item_sk from cross_items)
   and ss_item_sk = i_item_sk
   and ss_sold_date_sk = d_date_sk
   and d_week_seq = (select d_week_seq
                     from date_dim
                     where d_year = 1998
                       and d_moy = 12
                       and d_dom = 8)
 group by i_brand_id,i_class_id,i_category_id
 having sum(ss_quantity*ss_list_price) > (select average_sales from avg_sales)) last_year
 where this_year.i_brand_id= last_year.i_brand_id
   and this_year.i_class_id = last_year.i_class_id
   and this_year.i_category_id = last_year.i_category_id
 order by this_year.channel, this_year.i_brand_id, this_year.i_class_id, this_year.i_category_id
 limit 100;
psql:/tmp/s1-basline/throughput/query_3.sql:1141: NOTICE:  duration: 16466.248 ms  plan:
Query Text: with  cross_items as
 (select i_item_sk ss_item_sk
 from item,
 (select iss.i_brand_id brand_id
     ,iss.i_class_id class_id
     ,iss.i_category_id category_id
 from store_sales
     ,item iss
     ,date_dim d1
 where ss_item_sk = iss.i_item_sk
   and ss_sold_date_sk = d1.d_date_sk
   and d1.d_year between 1998 AND 1998 + 2
 intersect
 select ics.i_brand_id
     ,ics.i_class_id
     ,ics.i_category_id
 from catalog_sales
     ,item ics
     ,date_dim d2
 where cs_item_sk = ics.i_item_sk
   and cs_sold_date_sk = d2.d_date_sk
   and d2.d_year between 1998 AND 1998 + 2
 intersect
 select iws.i_brand_id
     ,iws.i_class_id
     ,iws.i_category_id
 from web_sales
     ,item iws
     ,date_dim d3
 where ws_item_sk = iws.i_item_sk
   and ws_sold_date_sk = d3.d_date_sk
   and d3.d_year between 1998 AND 1998 + 2) x
 where i_brand_id = brand_id
      and i_class_id = class_id
      and i_category_id = category_id
),
 avg_sales as
(select avg(quantity*list_price) average_sales
  from (select ss_quantity quantity
             ,ss_list_price list_price
       from store_sales
           ,date_dim
       where ss_sold_date_sk = d_date_sk
         and d_year between 1998 and 1998 + 2
       union all
       select cs_quantity quantity
             ,cs_list_price list_price
       from catalog_sales
           ,date_dim
       where cs_sold_date_sk = d_date_sk
         and d_year between 1998 and 1998 + 2
       union all
       select ws_quantity quantity
             ,ws_list_price list_price
       from web_sales
           ,date_dim
       where ws_sold_date_sk = d_date_sk
         and d_year between 1998 and 1998 + 2) x)
  select  this_year.channel ty_channel
                           ,this_year.i_brand_id ty_brand
                           ,this_year.i_class_id ty_class
                           ,this_year.i_category_id ty_category
                           ,this_year.sales ty_sales
                           ,this_year.number_sales ty_number_sales
                           ,last_year.channel ly_channel
                           ,last_year.i_brand_id ly_brand
                           ,last_year.i_class_id ly_class
                           ,last_year.i_category_id ly_category
                           ,last_year.sales ly_sales
                           ,last_year.number_sales ly_number_sales 
 from
 (select 'store' channel, i_brand_id,i_class_id,i_category_id
        ,sum(ss_quantity*ss_list_price) sales, count(*) number_sales
 from store_sales 
     ,item
     ,date_dim
 where ss_item_sk in (select ss_item_sk from cross_items)
   and ss_item_sk = i_item_sk
   and ss_sold_date_sk = d_date_sk
   and d_week_seq = (select d_week_seq
                     from date_dim
                     where d_year = 1998 + 1
                       and d_moy = 12
                       and d_dom = 8)
 group by i_brand_id,i_class_id,i_category_id
 having sum(ss_quantity*ss_list_price) > (select average_sales from avg_sales)) this_year,
 (select 'store' channel, i_brand_id,i_class_id
        ,i_category_id, sum(ss_quantity*ss_list_price) sales, count(*) number_sales
 from store_sales
     ,item
     ,date_dim
 where ss_item_sk in (select ss_item_sk from cross_items)
   and ss_item_sk = i_item_sk
   and ss_sold_date_sk = d_date_sk
   and d_week_seq = (select d_week_seq
                     from date_dim
                     where d_year = 1998
                       and d_moy = 12
                       and d_dom = 8)
 group by i_brand_id,i_class_id,i_category_id
 having sum(ss_quantity*ss_list_price) > (select average_sales from avg_sales)) last_year
 where this_year.i_brand_id= last_year.i_brand_id
   and this_year.i_class_id = last_year.i_class_id
   and this_year.i_category_id = last_year.i_category_id
 order by this_year.channel, this_year.i_brand_id, this_year.i_class_id, this_year.i_category_id
 limit 100;
Limit  (cost=377360.69..377360.70 rows=1 width=120) (actual time=16465.764..16466.133 rows=100 loops=1)
  CTE cross_items
    ->  Hash Join  (cost=191058.37..192636.12 rows=1 width=8) (actual time=1865.160..1873.890 rows=14505 loops=1)
          Hash Cond: ((item_2.i_brand_id = x.brand_id) AND (item_2.i_class_id = x.class_id) AND (item_2.i_category_id = x.category_id))
          ->  Seq Scan on item item_2  (cost=0.00..1436.00 rows=18000 width=20) (actual time=0.003..1.562 rows=18000 loops=1)
          ->  Hash  (cost=191026.87..191026.87 rows=1800 width=12) (actual time=1865.151..1865.404 rows=2472 loops=1)
                Buckets: 4096 (originally 2048)  Batches: 1 (originally 1)  Memory Usage: 139kB
                ->  Subquery Scan on x  (cost=5175.25..191026.87 rows=1800 width=12) (actual time=1864.447..1865.032 rows=2514 loops=1)
                      ->  HashSetOp Intersect  (cost=5175.25..191008.87 rows=1800 width=16) (actual time=1864.447..1864.803 rows=2514 loops=1)
                            ->  Append  (cost=5175.25..190915.52 rows=12446 width=16) (actual time=1383.894..1801.134 rows=434982 loops=1)
                                  ->  Result  (cost=5175.25..154374.39 rows=1800 width=16) (actual time=1383.893..1384.400 rows=2514 loops=1)
                                        ->  HashSetOp Intersect  (cost=5175.25..154356.39 rows=1800 width=16) (actual time=1383.892..1384.158 rows=2514 loops=1)
                                              ->  Append  (cost=5175.25..153892.42 rows=61862 width=16) (actual time=18.668..1038.544 rows=2503447 loops=1)
                                                    ->  Subquery Scan on "*SELECT* 1"  (cost=5175.25..97966.87 rows=40688 width=16) (actual time=18.667..375.411 rows=1645422 loops=1)
                                                          ->  Gather  (cost=5175.25..97559.99 rows=40688 width=12) (actual time=18.666..224.809 rows=1645422 loops=1)
                                                                Workers Planned: 2
                                                                Workers Launched: 2
                                                                ->  Hash Join  (cost=4175.25..92491.19 rows=16953 width=12) (actual time=29.565..437.939 rows=548474 loops=3)
                                                                      Hash Cond: (store_sales_2.ss_item_sk = iss.i_item_sk)
                                                                      ->  Hash Join  (cost=2514.25..90785.67 rows=16953 width=8) (actual time=13.058..302.923 rows=548474 loops=3)
                                                                            Hash Cond: (store_sales_2.ss_sold_date_sk = d1.d_date_sk)
                                                                            ->  Parallel Seq Scan on store_sales store_sales_2  (cost=0.00..85123.48 rows=1199148 width=16) (actual time=0.010..132.762 rows=959309 loops=3)
                                                                            ->  Hash  (cost=2500.73..2500.73 rows=1081 width=8) (actual time=13.024..13.025 rows=1096 loops=3)
                                                                                  Buckets: 2048  Batches: 1  Memory Usage: 59kB
                                                                                  ->  Seq Scan on date_dim d1  (cost=0.00..2500.73 rows=1081 width=8) (actual time=5.826..12.879 rows=1096 loops=3)
                                                                                        Filter: ((d_year >= 1998) AND (d_year <= 2000))
                                                                                        Rows Removed by Filter: 71953
                                                                      ->  Hash  (cost=1436.00..1436.00 rows=18000 width=20) (actual time=16.225..16.226 rows=18000 loops=3)
                                                                            Buckets: 32768  Batches: 1  Memory Usage: 1240kB
                                                                            ->  Seq Scan on item iss  (cost=0.00..1436.00 rows=18000 width=20) (actual time=0.028..13.275 rows=18000 loops=3)
                                                    ->  Subquery Scan on "*SELECT* 2"  (cost=1661.43..55616.25 rows=21174 width=16) (actual time=13.198..514.597 rows=858025 loops=1)
                                                          ->  Hash Join  (cost=1661.43..55404.51 rows=21174 width=12) (actual time=13.196..443.468 rows=858025 loops=1)
                                                                Hash Cond: (catalog_sales.cs_item_sk = ics.i_item_sk)
                                                                ->  Nested Loop  (cost=0.43..53687.92 rows=21174 width=8) (actual time=4.064..288.034 rows=858025 loops=1)
                                                                      ->  Seq Scan on date_dim d2  (cost=0.00..2500.73 rows=1081 width=8) (actual time=4.043..9.190 rows=1096 loops=1)
                                                                            Filter: ((d_year >= 1998) AND (d_year <= 2000))
                                                                            Rows Removed by Filter: 71953
                                                                      ->  Index Scan using i_cs_sold_date_sk on catalog_sales  (cost=0.43..39.53 rows=782 width=16) (actual time=0.004..0.134 rows=783 loops=1096)
                                                                            Index Cond: (cs_sold_date_sk = d2.d_date_sk)
                                                                ->  Hash  (cost=1436.00..1436.00 rows=18000 width=20) (actual time=9.109..9.109 rows=18000 loops=1)
                                                                      Buckets: 32768  Batches: 1  Memory Usage: 1240kB
                                                                      ->  Seq Scan on item ics  (cost=0.00..1436.00 rows=18000 width=20) (actual time=0.004..6.580 rows=18000 loops=1)
                                  ->  Subquery Scan on "*SELECT* 3"  (cost=3514.53..36478.90 rows=10646 width=16) (actual time=8.408..390.952 rows=432468 loops=1)
                                        ->  Gather  (cost=3514.53..36372.44 rows=10646 width=12) (actual time=8.407..351.123 rows=432468 loops=1)
                                              Workers Planned: 2
                                              Workers Launched: 2
                                              ->  Nested Loop  (cost=2514.53..34307.84 rows=4436 width=12) (actual time=14.614..404.778 rows=144156 loops=3)
                                                    ->  Hash Join  (cost=2514.25..32946.03 rows=4436 width=8) (actual time=14.570..120.211 rows=144156 loops=3)
                                                          Hash Cond: (web_sales.ws_sold_date_sk = d3.d_date_sk)
                                                          ->  Parallel Seq Scan on web_sales  (cost=0.00..29644.81 rows=299781 width=16) (actual time=0.016..50.295 rows=239825 loops=3)
                                                          ->  Hash  (cost=2500.73..2500.73 rows=1081 width=8) (actual time=14.438..14.439 rows=1096 loops=3)
                                                                Buckets: 2048  Batches: 1  Memory Usage: 59kB
                                                                ->  Seq Scan on date_dim d3  (cost=0.00..2500.73 rows=1081 width=8) (actual time=6.888..14.308 rows=1096 loops=3)
                                                                      Filter: ((d_year >= 1998) AND (d_year <= 2000))
                                                                      Rows Removed by Filter: 71953
                                                    ->  Index Scan using pk_item on item iws  (cost=0.29..0.31 rows=1 width=20) (actual time=0.002..0.002 rows=1 loops=432468)
                                                          Index Cond: (i_item_sk = web_sales.ws_item_sk)
  CTE avg_sales
    ->  Finalize Aggregate  (cost=179223.10..179223.11 rows=1 width=8) (actual time=641.784..641.882 rows=1 loops=1)
          ->  Gather  (cost=179222.88..179223.09 rows=2 width=32) (actual time=641.667..641.876 rows=3 loops=1)
                Workers Planned: 2
                Workers Launched: 2
                ->  Partial Aggregate  (cost=178222.88..178222.89 rows=1 width=32) (actual time=636.854..636.858 rows=1 loops=3)
                      ->  Parallel Append  (cost=0.43..177996.30 rows=30211 width=12) (actual time=11.400..566.113 rows=978638 loops=3)
                            ->  Nested Loop  (cost=0.43..53687.92 rows=21174 width=12) (actual time=8.493..420.539 rows=858025 loops=1)
                                  ->  Seq Scan on date_dim date_dim_2  (cost=0.00..2500.73 rows=1081 width=8) (actual time=8.422..13.995 rows=1096 loops=1)
                                        Filter: ((d_year >= 1998) AND (d_year <= 2000))
                                        Rows Removed by Filter: 71953
                                  ->  Index Scan using i_cs_sold_date_sk on catalog_sales catalog_sales_1  (cost=0.43..39.53 rows=782 width=20) (actual time=0.004..0.220 rows=783 loops=1096)
                                        Index Cond: (cs_sold_date_sk = date_dim_2.d_date_sk)
                            ->  Hash Join  (cost=2514.25..90785.67 rows=16953 width=12) (actual time=11.151..294.836 rows=548474 loops=3)
                                  Hash Cond: (store_sales_3.ss_sold_date_sk = date_dim_3.d_date_sk)
                                  ->  Parallel Seq Scan on store_sales store_sales_3  (cost=0.00..85123.48 rows=1199148 width=20) (actual time=0.011..109.770 rows=959309 loops=3)
                                  ->  Hash  (cost=2500.73..2500.73 rows=1081 width=8) (actual time=11.042..11.043 rows=1096 loops=3)
                                        Buckets: 2048  Batches: 1  Memory Usage: 59kB
                                        ->  Seq Scan on date_dim date_dim_3  (cost=0.00..2500.73 rows=1081 width=8) (actual time=5.070..10.910 rows=1096 loops=3)
                                              Filter: ((d_year >= 1998) AND (d_year <= 2000))
                                              Rows Removed by Filter: 71953
                            ->  Hash Join  (cost=2514.25..32946.03 rows=4436 width=12) (actual time=8.639..218.915 rows=432468 loops=1)
                                  Hash Cond: (web_sales_1.ws_sold_date_sk = date_dim_4.d_date_sk)
                                  ->  Parallel Seq Scan on web_sales web_sales_1  (cost=0.00..29644.81 rows=299781 width=20) (actual time=0.002..61.495 rows=719474 loops=1)
                                  ->  Hash  (cost=2500.73..2500.73 rows=1081 width=8) (actual time=8.624..8.625 rows=1096 loops=1)
                                        Buckets: 2048  Batches: 1  Memory Usage: 59kB
                                        ->  Seq Scan on date_dim date_dim_4  (cost=0.00..2500.73 rows=1081 width=8) (actual time=3.979..8.508 rows=1096 loops=1)
                                              Filter: ((d_year >= 1998) AND (d_year <= 2000))
                                              Rows Removed by Filter: 71953
  ->  Sort  (cost=5501.47..5501.47 rows=1 width=120) (actual time=16465.763..16465.773 rows=100 loops=1)
        Sort Key: ('store'::text), item.i_brand_id, item.i_class_id, item.i_category_id
        Sort Method: top-N heapsort  Memory: 39kB
        ->  Nested Loop  (cost=5501.35..5501.46 rows=1 width=120) (actual time=14107.525..16465.390 rows=778 loops=1)
              Join Filter: ((item.i_brand_id = item_1.i_brand_id) AND (item.i_class_id = item_1.i_class_id) AND (item.i_category_id = item_1.i_category_id))
              Rows Removed by Join Filter: 329052
              ->  GroupAggregate  (cost=2750.67..2750.71 rows=1 width=60) (actual time=8297.307..8301.857 rows=804 loops=1)
                    Group Key: item.i_brand_id, item.i_class_id, item.i_category_id
                    Filter: (sum(((store_sales.ss_quantity)::double precision * store_sales.ss_list_price)) > $9)
                    Rows Removed by Filter: 30
                    InitPlan 3 (returns $8)
                      ->  Seq Scan on date_dim date_dim_5  (cost=0.00..2683.36 rows=1 width=4) (actual time=4.444..9.265 rows=1 loops=1)
                            Filter: ((d_year = 1999) AND (d_moy = 12) AND (d_dom = 8))
                            Rows Removed by Filter: 73048
                    InitPlan 4 (returns $9)
                      ->  CTE Scan on avg_sales  (cost=0.00..0.02 rows=1 width=8) (actual time=641.788..641.788 rows=1 loops=1)
                    ->  Sort  (cost=67.30..67.30 rows=1 width=24) (actual time=7655.447..7656.712 rows=21770 loops=1)
                          Sort Key: item.i_brand_id, item.i_class_id, item.i_category_id
                          Sort Method: quicksort  Memory: 2125kB
                          ->  Nested Loop  (cost=1.03..67.29 rows=1 width=24) (actual time=1888.969..7648.898 rows=21770 loops=1)
                                ->  Nested Loop  (cost=0.74..12.80 rows=174 width=32) (actual time=1879.305..4500.208 rows=2550907 loops=1)
                                      ->  Nested Loop  (cost=0.31..2.54 rows=1 width=28) (actual time=1879.292..1923.954 rows=14505 loops=1)
                                            ->  HashAggregate  (cost=0.02..0.03 rows=1 width=8) (actual time=1879.285..1882.896 rows=14505 loops=1)
                                                  Group Key: cross_items.ss_item_sk
                                                  Batches: 1  Memory Usage: 1833kB
                                                  ->  CTE Scan on cross_items  (cost=0.00..0.02 rows=1 width=8) (actual time=1865.162..1876.010 rows=14505 loops=1)
                                            ->  Index Scan using pk_item on item  (cost=0.29..2.51 rows=1 width=20) (actual time=0.002..0.002 rows=1 loops=14505)
                                                  Index Cond: (i_item_sk = cross_items.ss_item_sk)
                                      ->  Index Scan using pk_store_sales on store_sales  (cost=0.43..8.52 rows=174 width=28) (actual time=0.006..0.152 rows=176 loops=14505)
                                            Index Cond: (ss_item_sk = item.i_item_sk)
                                ->  Index Scan using pk_date_dim on date_dim  (cost=0.29..0.31 rows=1 width=8) (actual time=0.001..0.001 rows=0 loops=2550907)
                                      Index Cond: (d_date_sk = store_sales.ss_sold_date_sk)
                                      Filter: (d_week_seq = $8)
                                      Rows Removed by Filter: 1
              ->  GroupAggregate  (cost=2750.67..2750.71 rows=1 width=60) (actual time=7.285..10.134 rows=410 loops=804)
                    Group Key: item_1.i_brand_id, item_1.i_class_id, item_1.i_category_id
                    Filter: (sum(((store_sales_1.ss_quantity)::double precision * store_sales_1.ss_list_price)) > $11)
                    Rows Removed by Filter: 7
                    InitPlan 5 (returns $10)
                      ->  Seq Scan on date_dim date_dim_6  (cost=0.00..2683.36 rows=1 width=4) (actual time=4.411..9.149 rows=1 loops=1)
                            Filter: ((d_year = 1998) AND (d_moy = 12) AND (d_dom = 8))
                            Rows Removed by Filter: 73048
                    InitPlan 6 (returns $11)
                      ->  CTE Scan on avg_sales avg_sales_1  (cost=0.00..0.02 rows=1 width=8) (actual time=0.001..0.002 rows=1 loops=1)
                    ->  Sort  (cost=67.30..67.30 rows=1 width=24) (actual time=7.227..7.887 rows=16170 loops=804)
                          Sort Key: item_1.i_brand_id, item_1.i_class_id, item_1.i_category_id
                          Sort Method: quicksort  Memory: 2108kB
                          ->  Nested Loop  (cost=1.03..67.29 rows=1 width=24) (actual time=13.659..5803.609 rows=21489 loops=1)
                                ->  Nested Loop  (cost=0.74..12.80 rows=174 width=32) (actual time=3.887..2629.877 rows=2550907 loops=1)
                                      ->  Nested Loop  (cost=0.31..2.54 rows=1 width=28) (actual time=3.876..47.428 rows=14505 loops=1)
                                            ->  HashAggregate  (cost=0.02..0.03 rows=1 width=8) (actual time=3.858..7.523 rows=14505 loops=1)
                                                  Group Key: cross_items_1.ss_item_sk
                                                  Batches: 1  Memory Usage: 1833kB
                                                  ->  CTE Scan on cross_items cross_items_1  (cost=0.00..0.02 rows=1 width=8) (actual time=0.001..0.870 rows=14505 loops=1)
                                            ->  Index Scan using pk_item on item item_1  (cost=0.29..2.51 rows=1 width=20) (actual time=0.002..0.002 rows=1 loops=14505)
                                                  Index Cond: (i_item_sk = cross_items_1.ss_item_sk)
                                      ->  Index Scan using pk_store_sales on store_sales store_sales_1  (cost=0.43..8.52 rows=174 width=28) (actual time=0.006..0.153 rows=176 loops=14505)
                                            Index Cond: (ss_item_sk = item_1.i_item_sk)
                                ->  Index Scan using pk_date_dim on date_dim date_dim_1  (cost=0.29..0.31 rows=1 width=8) (actual time=0.001..0.001 rows=0 loops=2550907)
                                      Index Cond: (d_date_sk = store_sales_1.ss_sold_date_sk)
                                      Filter: (d_week_seq = $10)
                                      Rows Removed by Filter: 1
 ty_channel | ty_brand | ty_class | ty_category |      ty_sales      | ty_number_sales | ly_channel | ly_brand | ly_class | ly_category |      ly_sales      | ly_number_sales 
------------+----------+----------+-------------+--------------------+-----------------+------------+----------+----------+-------------+--------------------+-----------------
 store      |  1001001 |        1 |           1 | 1431215.7500000005 |             369 | store      |  1001001 |        1 |           1 | 1169811.8699999999 |             340
 store      |  1001002 |        1 |           1 |          738667.63 |             192 | store      |  1001002 |        1 |           1 |  579008.9000000001 |             163
 store      |  1002001 |        2 |           1 | 1172922.8800000004 |             322 | store      |  1002001 |        2 |           1 |         1124578.47 |             306
 store      |  1002002 |        2 |           1 |  723530.4299999999 |             195 | store      |  1002002 |        2 |           1 |  776434.5599999997 |             203
 store      |  1003001 |        3 |           1 | 1339966.0599999991 |             355 | store      |  1003001 |        3 |           1 | 1251935.5699999996 |             332
 store      |  1003002 |        3 |           1 |  654046.6499999999 |             169 | store      |  1003002 |        3 |           1 |  612335.5399999996 |             166
 store      |  1004001 |        4 |           1 | 1488184.4299999983 |             372 | store      |  1004001 |        4 |           1 | 1462197.5299999993 |             402
 store      |  1004002 |        4 |           1 |  766122.1699999998 |             213 | store      |  1004002 |        4 |           1 |  742340.4099999998 |             209
 store      |  2001001 |        1 |           2 |         1515650.88 |             399 | store      |  2001001 |        1 |           2 |  1485990.989999999 |             401
 store      |  2001002 |        1 |           2 |  692788.0399999999 |             192 | store      |  2001002 |        1 |           2 |  587742.3000000003 |             169
 store      |  2002001 |        2 |           2 | 1563884.6899999988 |             430 | store      |  2002001 |        2 |           2 | 1204854.8100000008 |             356
 store      |  2002002 |        2 |           2 |          503449.89 |             167 | store      |  2002002 |        2 |           2 |          531770.83 |             151
 store      |  2003001 |        3 |           2 | 1347663.6000000013 |             370 | store      |  2003001 |        3 |           2 | 1422787.6300000008 |             390
 store      |  2003002 |        3 |           2 |  679461.5099999999 |             195 | store      |  2003002 |        3 |           2 |  730560.4400000004 |             221
 store      |  2004001 |        4 |           2 | 1340894.4800000002 |             377 | store      |  2004001 |        4 |           2 | 1206551.3099999998 |             350
 store      |  2004002 |        4 |           2 |          634289.09 |             160 | store      |  2004002 |        4 |           2 |          481663.31 |             160
 store      |  3001001 |        1 |           3 | 1333139.5099999998 |             357 | store      |  3001001 |        1 |           3 |         1160891.87 |             322
 store      |  3001002 |        1 |           3 |          787716.02 |             207 | store      |  3001002 |        1 |           3 |  699874.3500000001 |             191
 store      |  3002001 |        2 |           3 | 1143813.4400000002 |             336 | store      |  3002001 |        2 |           3 | 1272644.0399999996 |             352
 store      |  3002002 |        2 |           3 |  817156.7499999997 |             205 | store      |  3002002 |        2 |           3 |  790386.8499999999 |             217
 store      |  3003001 |        3 |           3 |         1497508.72 |             377 | store      |  3003001 |        3 |           3 | 1388168.0400000007 |             368
 store      |  3003002 |        3 |           3 |          699140.42 |             178 | store      |  3003002 |        3 |           3 |  610333.1300000002 |             158
 store      |  3004001 |        4 |           3 | 1362193.7699999998 |             360 | store      |  3004001 |        4 |           3 | 1283479.5000000007 |             335
 store      |  3004002 |        4 |           3 |  574407.7799999999 |             138 | store      |  3004002 |        4 |           3 |          516322.24 |             139
 store      |  4001001 |        1 |           4 | 1194233.3700000003 |             334 | store      |  4001001 |        1 |           4 | 1337363.7499999995 |             345
 store      |  4001002 |        1 |           4 |  553599.7899999999 |             164 | store      |  4001002 |        1 |           4 |          683263.67 |             178
 store      |  4002001 |        2 |           4 | 1469392.5900000012 |             409 | store      |  4002001 |        2 |           4 | 1567874.7799999993 |             442
 store      |  4002002 |        2 |           4 | 509727.64999999997 |             153 | store      |  4002002 |        2 |           4 |             804271 |             183
 store      |  4003001 |        3 |           4 | 1391208.2800000007 |             385 | store      |  4003001 |        3 |           4 | 1533230.3199999998 |             412
 store      |  4003002 |        3 |           4 |  779587.0300000003 |             206 | store      |  4003002 |        3 |           4 |          657026.55 |             193
 store      |  4004001 |        4 |           4 | 1100686.7799999998 |             307 | store      |  4004001 |        4 |           4 |  990526.4200000006 |             292
 store      |  4004002 |        4 |           4 |  805515.6499999996 |             202 | store      |  4004002 |        4 |           4 |  635952.5899999995 |             187
 store      |  5001001 |        1 |           5 | 1241417.6800000009 |             344 | store      |  5001001 |        1 |           5 |  1190411.200000001 |             335
 store      |  5001002 |        1 |           5 |  888603.7999999999 |             230 | store      |  5001002 |        1 |           5 |  916156.4600000004 |             251
 store      |  5002001 |        2 |           5 |         1148092.95 |             317 | store      |  5002001 |        2 |           5 | 1029778.8399999999 |             281
 store      |  5002002 |        2 |           5 |  698002.1600000004 |             170 | store      |  5002002 |        2 |           5 |  716743.3799999999 |             198
 store      |  5003001 |        3 |           5 | 1526077.4600000014 |             387 | store      |  5003001 |        3 |           5 | 1258460.8899999997 |             355
 store      |  5003002 |        3 |           5 |          675389.94 |             174 | store      |  5003002 |        3 |           5 |  581932.2000000001 |             168
 store      |  5004001 |        4 |           5 | 1371272.2700000003 |             357 | store      |  5004001 |        4 |           5 | 1308571.4399999988 |             366
 store      |  5004002 |        4 |           5 |  676090.4399999998 |             161 | store      |  5004002 |        4 |           5 |  622344.5300000003 |             164
 store      |  6001001 |        1 |           6 | 139145.99000000002 |              23 | store      |  6001001 |        1 |           6 | 106302.45999999998 |              31
 store      |  6001002 |        1 |           6 |           46518.72 |              14 | store      |  6001002 |        1 |           6 | 37818.490000000005 |               9
 store      |  6001003 |        1 |           6 | 133880.58000000002 |              33 | store      |  6001003 |        1 |           6 |           166226.6 |              39
 store      |  6001004 |        1 |           6 |  63150.59999999999 |              19 | store      |  6001004 |        1 |           6 |           78853.11 |              23
 store      |  6001005 |        1 |           6 | 122907.23999999999 |              31 | store      |  6001005 |        1 |           6 |  93011.27000000002 |              24
 store      |  6001006 |        1 |           6 | 14963.029999999999 |               4 | store      |  6001006 |        1 |           6 |           60949.24 |              11
 store      |  6001007 |        1 |           6 |           70298.81 |              22 | store      |  6001007 |        1 |           6 | 64482.810000000005 |              17
 store      |  6001008 |        1 |           6 |           41562.34 |               9 | store      |  6001008 |        1 |           6 |           42453.85 |              10
 store      |  6002001 |        2 |           6 |  60577.54999999999 |              22 | store      |  6002001 |        2 |           6 |  63931.36000000001 |              20
 store      |  6002002 |        2 |           6 |  43047.62999999999 |              14 | store      |  6002002 |        2 |           6 |           75608.08 |              21
 store      |  6002003 |        2 |           6 |  78480.48999999999 |              21 | store      |  6002003 |        2 |           6 | 114429.32000000002 |              35
 store      |  6002004 |        2 |           6 |           43039.31 |              12 | store      |  6002004 |        2 |           6 |  53725.45000000001 |              11
 store      |  6002005 |        2 |           6 |           41430.29 |              16 | store      |  6002005 |        2 |           6 | 61830.399999999994 |              23
 store      |  6002006 |        2 |           6 |           67124.45 |              21 | store      |  6002006 |        2 |           6 |              73244 |              17
 store      |  6002007 |        2 |           6 | 101691.47000000002 |              35 | store      |  6002007 |        2 |           6 |          111489.75 |              28
 store      |  6002008 |        2 |           6 | 21940.749999999996 |               5 | store      |  6002008 |        2 |           6 |           19362.16 |               4
 store      |  6003001 |        3 |           6 |           25666.47 |              12 | store      |  6003001 |        3 |           6 |           49438.39 |              13
 store      |  6003002 |        3 |           6 | 22470.670000000002 |              12 | store      |  6003002 |        3 |           6 |           13669.31 |               8
 store      |  6003003 |        3 |           6 |  50687.75000000001 |              24 | store      |  6003003 |        3 |           6 | 112065.84000000001 |              28
 store      |  6003004 |        3 |           6 |           26710.08 |               5 | store      |  6003004 |        3 |           6 |           42673.01 |              11
 store      |  6003005 |        3 |           6 |  77154.36000000003 |              24 | store      |  6003005 |        3 |           6 | 157091.19999999998 |              35
 store      |  6003006 |        3 |           6 | 31857.620000000003 |               9 | store      |  6003006 |        3 |           6 |           21887.16 |               9
 store      |  6003007 |        3 |           6 |           60663.67 |              19 | store      |  6003007 |        3 |           6 | 31539.989999999998 |              15
 store      |  6003008 |        3 |           6 | 26297.030000000002 |               6 | store      |  6003008 |        3 |           6 |           36781.89 |               7
 store      |  6004001 |        4 |           6 |           63330.64 |              18 | store      |  6004001 |        4 |           6 | 134540.19999999998 |              34
 store      |  6004002 |        4 |           6 |           36089.52 |               5 | store      |  6004002 |        4 |           6 |           43700.19 |              10
 store      |  6004003 |        4 |           6 |          105256.96 |              29 | store      |  6004003 |        4 |           6 |  47351.70000000001 |              17
 store      |  6004004 |        4 |           6 |            91783.1 |              24 | store      |  6004004 |        4 |           6 | 25179.300000000003 |              10
 store      |  6004005 |        4 |           6 |          106931.31 |              22 | store      |  6004005 |        4 |           6 |  68953.12999999999 |              19
 store      |  6004006 |        4 |           6 | 36838.299999999996 |               8 | store      |  6004006 |        4 |           6 | 27636.649999999998 |               9
 store      |  6004007 |        4 |           6 |            39417.5 |              14 | store      |  6004007 |        4 |           6 | 28969.289999999997 |               7
 store      |  6004008 |        4 |           6 |  36718.99999999999 |               9 | store      |  6004008 |        4 |           6 |           29029.89 |               6
 store      |  6005001 |        5 |           6 | 120375.85999999997 |              32 | store      |  6005001 |        5 |           6 | 107303.95000000003 |              34
 store      |  6005002 |        5 |           6 |           17466.28 |               5 | store      |  6005002 |        5 |           6 |           11379.01 |               3
 store      |  6005003 |        5 |           6 |          133824.84 |              36 | store      |  6005003 |        5 |           6 |  74348.90999999999 |              25
 store      |  6005005 |        5 |           6 |  65929.15999999999 |              26 | store      |  6005005 |        5 |           6 |  87552.29999999999 |              27
 store      |  6005006 |        5 |           6 |  76504.02999999998 |              19 | store      |  6005006 |        5 |           6 | 101274.70999999999 |              24
 store      |  6005007 |        5 |           6 |           50206.03 |              14 | store      |  6005007 |        5 |           6 | 110245.32000000002 |              25
 store      |  6005008 |        5 |           6 |  99678.14000000001 |              18 | store      |  6005008 |        5 |           6 |  46177.29000000001 |              15
 store      |  6006001 |        6 |           6 | 61982.740000000005 |              15 | store      |  6006001 |        6 |           6 |  63486.07999999999 |              17
 store      |  6006002 |        6 |           6 |           39571.96 |              10 | store      |  6006002 |        6 |           6 |           50609.33 |              15
 store      |  6006003 |        6 |           6 |           50312.45 |              19 | store      |  6006003 |        6 |           6 |  77703.23999999999 |              24
 store      |  6006004 |        6 |           6 |  46623.75000000001 |              17 | store      |  6006004 |        6 |           6 | 47981.979999999996 |              18
 store      |  6006005 |        6 |           6 | 185476.87000000002 |              38 | store      |  6006005 |        6 |           6 | 114870.40999999999 |              34
 store      |  6006006 |        6 |           6 |            5439.19 |               3 | store      |  6006006 |        6 |           6 |  8702.179999999998 |               3
 store      |  6006007 |        6 |           6 |  68460.51000000001 |              18 | store      |  6006007 |        6 |           6 |  85198.70000000001 |              21
 store      |  6006008 |        6 |           6 | 64689.619999999995 |              14 | store      |  6006008 |        6 |           6 | 113574.23999999999 |              18
 store      |  6007001 |        7 |           6 | 48496.909999999996 |              14 | store      |  6007001 |        7 |           6 |  50659.58000000001 |              17
 store      |  6007002 |        7 |           6 | 23901.799999999996 |              10 | store      |  6007002 |        7 |           6 |           44007.49 |              11
 store      |  6007003 |        7 |           6 |           111303.2 |              25 | store      |  6007003 |        7 |           6 |           75073.45 |              14
 store      |  6007004 |        7 |           6 |            38907.5 |               9 | store      |  6007004 |        7 |           6 |           49714.96 |              11
 store      |  6007005 |        7 |           6 |           93539.02 |              27 | store      |  6007005 |        7 |           6 | 100200.20000000001 |              29
 store      |  6007006 |        7 |           6 | 54603.869999999995 |              14 | store      |  6007006 |        7 |           6 |           66023.94 |              13
 store      |  6007007 |        7 |           6 |          144427.51 |              37 | store      |  6007007 |        7 |           6 | 112261.01000000001 |              31
 store      |  6007008 |        7 |           6 |           61133.73 |              16 | store      |  6007008 |        7 |           6 |  77178.09000000001 |              19
 store      |  6008001 |        8 |           6 |           34618.31 |              11 | store      |  6008001 |        8 |           6 |           24738.95 |              10
 store      |  6008002 |        8 |           6 |  53655.58999999999 |              15 | store      |  6008002 |        8 |           6 |  82352.00000000001 |              17
 store      |  6008003 |        8 |           6 |  50851.72000000001 |              24 | store      |  6008003 |        8 |           6 |  94658.40999999999 |              23
 store      |  6008004 |        8 |           6 |  81821.46999999999 |              19 | store      |  6008004 |        8 |           6 |  68727.99999999999 |              19
 store      |  6008005 |        8 |           6 | 111850.81999999999 |              28 | store      |  6008005 |        8 |           6 | 145574.77000000002 |              29
(100 rows)

UPDATE time_statistics SET e_time = TRANSACTION_TIMESTAMP() WHERE template = '../query_postgresql/query14.tpl' AND stream = 3;
psql:/tmp/s1-basline/throughput/query_3.sql:1143: NOTICE:  duration: 0.039 ms  plan:
Query Text: UPDATE time_statistics SET e_time = TRANSACTION_TIMESTAMP() WHERE template = '../query_postgresql/query14.tpl' AND stream = 3;
Update on time_statistics  (cost=0.00..4.92 rows=0 width=0) (actual time=0.039..0.039 rows=0 loops=1)
  ->  Seq Scan on time_statistics  (cost=0.00..4.92 rows=1 width=14) (actual time=0.017..0.025 rows=1 loops=1)
        Filter: ((template = '../query_postgresql/query14.tpl'::text) AND (stream = 3))
        Rows Removed by Filter: 131
UPDATE 1
LOAD 'auto_explain'; SET auto_explain.log_min_duration TO 0; SET auto_explain.log_analyze TO on; SET auto_explain.log_level TO notice; INSERT INTO time_statistics (template, s_time, stream, query, seed) VALUES ('query10.tpl', TRANSACTION_TIMESTAMP(), 3, 22, 1729205407);
LOAD
SET
SET
SET
psql:/tmp/s1-basline/throughput/query_3.sql:1144: NOTICE:  duration: 0.009 ms  plan:
Query Text: INSERT INTO time_statistics (template, s_time, stream, query, seed) VALUES ('query10.tpl', TRANSACTION_TIMESTAMP(), 3, 22, 1729205407);
Insert on time_statistics  (cost=0.00..0.01 rows=0 width=0) (actual time=0.009..0.009 rows=0 loops=1)
  ->  Result  (cost=0.00..0.01 rows=1 width=64) (actual time=0.001..0.001 rows=1 loops=1)
INSERT 0 1
select  
  cd_gender,
  cd_marital_status,
  cd_education_status,
  count(*) cnt1,
  cd_purchase_estimate,
  count(*) cnt2,
  cd_credit_rating,
  count(*) cnt3,
  cd_dep_count,
  count(*) cnt4,
  cd_dep_employed_count,
  count(*) cnt5,
  cd_dep_college_count,
  count(*) cnt6
 from
  customer c,customer_address ca,customer_demographics
 where
  c.c_current_addr_sk = ca.ca_address_sk and
  ca_county in ('Chisago County','Carlton County','Henry County','Peach County','Lander County') and
  cd_demo_sk = c.c_current_cdemo_sk and 
  exists (select *
          from store_sales,date_dim
          where c.c_customer_sk = ss_customer_sk and
                ss_sold_date_sk = d_date_sk and
                d_year = 1999 and
                d_moy between 4 and 4+3) and
   (exists (select *
            from web_sales,date_dim
            where c.c_customer_sk = ws_bill_customer_sk and
                  ws_sold_date_sk = d_date_sk and
                  d_year = 1999 and
                  d_moy between 4 ANd 4+3) or 
    exists (select * 
            from catalog_sales,date_dim
            where c.c_customer_sk = cs_ship_customer_sk and
                  cs_sold_date_sk = d_date_sk and
                  d_year = 1999 and
                  d_moy between 4 and 4+3))
 group by cd_gender,
          cd_marital_status,
          cd_education_status,
          cd_purchase_estimate,
          cd_credit_rating,
          cd_dep_count,
          cd_dep_employed_count,
          cd_dep_college_count
 order by cd_gender,
          cd_marital_status,
          cd_education_status,
          cd_purchase_estimate,
          cd_credit_rating,
          cd_dep_count,
          cd_dep_employed_count,
          cd_dep_college_count
limit 100;
psql:/tmp/s1-basline/throughput/query_3.sql:1200: NOTICE:  duration: 8349.238 ms  plan:
Query Text: select  
  cd_gender,
  cd_marital_status,
  cd_education_status,
  count(*) cnt1,
  cd_purchase_estimate,
  count(*) cnt2,
  cd_credit_rating,
  count(*) cnt3,
  cd_dep_count,
  count(*) cnt4,
  cd_dep_employed_count,
  count(*) cnt5,
  cd_dep_college_count,
  count(*) cnt6
 from
  customer c,customer_address ca,customer_demographics
 where
  c.c_current_addr_sk = ca.ca_address_sk and
  ca_county in ('Chisago County','Carlton County','Henry County','Peach County','Lander County') and
  cd_demo_sk = c.c_current_cdemo_sk and 
  exists (select *
          from store_sales,date_dim
          where c.c_customer_sk = ss_customer_sk and
                ss_sold_date_sk = d_date_sk and
                d_year = 1999 and
                d_moy between 4 and 4+3) and
   (exists (select *
            from web_sales,date_dim
            where c.c_customer_sk = ws_bill_customer_sk and
                  ws_sold_date_sk = d_date_sk and
                  d_year = 1999 and
                  d_moy between 4 ANd 4+3) or 
    exists (select * 
            from catalog_sales,date_dim
            where c.c_customer_sk = cs_ship_customer_sk and
                  cs_sold_date_sk = d_date_sk and
                  d_year = 1999 and
                  d_moy between 4 and 4+3))
 group by cd_gender,
          cd_marital_status,
          cd_education_status,
          cd_purchase_estimate,
          cd_credit_rating,
          cd_dep_count,
          cd_dep_employed_count,
          cd_dep_college_count
 order by cd_gender,
          cd_marital_status,
          cd_education_status,
          cd_purchase_estimate,
          cd_credit_rating,
          cd_dep_count,
          cd_dep_employed_count,
          cd_dep_college_count
limit 100;
Limit  (cost=261071.67..176176270.34 rows=14 width=100) (actual time=6335.222..8349.215 rows=6 loops=1)
  ->  GroupAggregate  (cost=261071.67..176176270.34 rows=14 width=100) (actual time=6335.222..8349.212 rows=6 loops=1)
        Group Key: customer_demographics.cd_gender, customer_demographics.cd_marital_status, customer_demographics.cd_education_status, customer_demographics.cd_purchase_estimate, customer_demographics.cd_credit_rating, customer_demographics.cd_dep_count, customer_demographics.cd_dep_employed_count, customer_demographics.cd_dep_college_count
        ->  Nested Loop  (cost=261071.67..176176269.88 rows=14 width=52) (actual time=6018.990..8349.195 rows=6 loops=1)
              Join Filter: (c.c_current_cdemo_sk = customer_demographics.cd_demo_sk)
              Rows Removed by Join Filter: 11524794
              ->  Gather Merge  (cost=172607.60..391522.31 rows=1920800 width=60) (actual time=4476.088..6874.962 rows=1920800 loops=1)
                    Workers Planned: 1
                    Workers Launched: 1
                    ->  Sort  (cost=171607.59..174432.30 rows=1129882 width=60) (actual time=4271.150..5922.118 rows=960400 loops=2)
                          Sort Key: customer_demographics.cd_gender, customer_demographics.cd_marital_status, customer_demographics.cd_education_status, customer_demographics.cd_purchase_estimate, customer_demographics.cd_credit_rating, customer_demographics.cd_dep_count, customer_demographics.cd_dep_employed_count, customer_demographics.cd_dep_college_count
                          Sort Method: external merge  Disk: 73576kB
                          Worker 0:  Sort Method: external merge  Disk: 65576kB
                          ->  Parallel Seq Scan on customer_demographics  (cost=0.00..33127.82 rows=1129882 width=60) (actual time=0.015..155.831 rows=960400 loops=2)
              ->  Materialize  (cost=88464.07..175352567.61 rows=15 width=8) (actual time=0.000..0.000 rows=6 loops=1920800)
                    ->  Nested Loop  (cost=88464.07..175352567.53 rows=15 width=8) (actual time=116.498..134.176 rows=6 loops=1)
                          ->  Nested Loop  (cost=88463.78..175351483.79 rows=3260 width=16) (actual time=112.982..132.337 rows=731 loops=1)
                                ->  HashAggregate  (cost=88463.48..88509.02 rows=4554 width=8) (actual time=58.000..59.402 rows=8913 loops=1)
                                      Group Key: store_sales.ss_customer_sk
                                      Batches: 1  Memory Usage: 913kB
                                      ->  Nested Loop  (cost=0.43..88452.10 rows=4554 width=8) (actual time=4.716..44.523 rows=106676 loops=1)
                                            ->  Seq Scan on date_dim  (cost=0.00..2683.36 rows=121 width=8) (actual time=4.695..9.705 rows=122 loops=1)
                                                  Filter: ((d_moy >= 4) AND (d_moy <= 7) AND (d_year = 1999))
                                                  Rows Removed by Filter: 72927
                                            ->  Index Scan using i_ss_sold_date_sk on store_sales  (cost=0.43..693.75 rows=1508 width=16) (actual time=0.005..0.201 rows=874 loops=122)
                                                  Index Cond: (ss_sold_date_sk = date_dim.d_date_sk)
                                ->  Index Scan using pk_customer on customer c  (cost=0.29..40026.53 rows=1 width=24) (actual time=0.008..0.008 rows=0 loops=8913)
                                      Index Cond: (c_customer_sk = store_sales.ss_customer_sk)
                                      Filter: ((hashed SubPlan 2) OR (hashed SubPlan 4))
                                      Rows Removed by Filter: 1
                                      SubPlan 2
                                        ->  Nested Loop  (cost=0.42..31889.03 rows=1192 width=8) (actual time=4.589..19.411 rows=27736 loops=1)
                                              ->  Seq Scan on date_dim date_dim_1  (cost=0.00..2683.36 rows=121 width=8) (actual time=4.580..9.298 rows=122 loops=1)
                                                    Filter: ((d_moy >= 4) AND (d_moy <= 7) AND (d_year = 1999))
                                                    Rows Removed by Filter: 72927
                                              ->  Index Scan using i_ws_sold_date_sk on web_sales  (cost=0.42..237.42 rows=395 width=16) (actual time=0.003..0.057 rows=227 loops=122)
                                                    Index Cond: (ws_sold_date_sk = date_dim_1.d_date_sk)
                                      SubPlan 4
                                        ->  Nested Loop  (cost=0.43..9202.83 rows=2370 width=8) (actual time=4.409..25.549 rows=55305 loops=1)
                                              ->  Seq Scan on date_dim date_dim_2  (cost=0.00..2683.36 rows=121 width=8) (actual time=4.398..9.342 rows=122 loops=1)
                                                    Filter: ((d_moy >= 4) AND (d_moy <= 7) AND (d_year = 1999))
                                                    Rows Removed by Filter: 72927
                                              ->  Index Scan using i_cs_sold_date_sk on catalog_sales  (cost=0.43..46.06 rows=782 width=16) (actual time=0.003..0.075 rows=453 loops=122)
                                                    Index Cond: (cs_sold_date_sk = date_dim_2.d_date_sk)
                          ->  Index Scan using pk_customer_address on customer_address ca  (cost=0.29..0.33 rows=1 width=8) (actual time=0.002..0.002 rows=0 loops=731)
                                Index Cond: (ca_address_sk = c.c_current_addr_sk)
                                Filter: ((ca_county)::text = ANY ('{"Chisago County","Carlton County","Henry County","Peach County","Lander County"}'::text[]))
                                Rows Removed by Filter: 1
 cd_gender | cd_marital_status | cd_education_status  | cnt1 | cd_purchase_estimate | cnt2 | cd_credit_rating | cnt3 | cd_dep_count | cnt4 | cd_dep_employed_count | cnt5 | cd_dep_college_count | cnt6 
-----------+-------------------+----------------------+------+----------------------+------+------------------+------+--------------+------+-----------------------+------+----------------------+------
 F         | U                 | Secondary            |    1 |                 4000 |    1 | Unknown          |    1 |            2 |    1 |                     2 |    1 |                    4 |    1
 F         | W                 | Primary              |    1 |                 4000 |    1 | High Risk        |    1 |            1 |    1 |                     0 |    1 |                    6 |    1
 F         | W                 | Secondary            |    1 |                 4000 |    1 | Good             |    1 |            3 |    1 |                     4 |    1 |                    3 |    1
 M         | U                 | College              |    1 |                 3000 |    1 | Unknown          |    1 |            3 |    1 |                     5 |    1 |                    3 |    1
 M         | W                 | 2 yr Degree          |    1 |                 2000 |    1 | High Risk        |    1 |            5 |    1 |                     3 |    1 |                    2 |    1
 M         | W                 | Advanced Degree      |    1 |                10000 |    1 | Low Risk         |    1 |            6 |    1 |                     4 |    1 |                    3 |    1
(6 rows)

UPDATE time_statistics SET e_time = TRANSACTION_TIMESTAMP() WHERE template = 'query10.tpl' AND stream = 3;
psql:/tmp/s1-basline/throughput/query_3.sql:1202: NOTICE:  duration: 0.047 ms  plan:
Query Text: UPDATE time_statistics SET e_time = TRANSACTION_TIMESTAMP() WHERE template = 'query10.tpl' AND stream = 3;
Update on time_statistics  (cost=0.00..4.92 rows=0 width=0) (actual time=0.046..0.046 rows=0 loops=1)
  ->  Seq Scan on time_statistics  (cost=0.00..4.92 rows=1 width=14) (actual time=0.020..0.032 rows=1 loops=1)
        Filter: ((template = 'query10.tpl'::text) AND (stream = 3))
        Rows Removed by Filter: 132
UPDATE 1
LOAD 'auto_explain'; SET auto_explain.log_min_duration TO 0; SET auto_explain.log_analyze TO on; SET auto_explain.log_level TO notice; INSERT INTO time_statistics (template, s_time, stream, query, seed) VALUES ('../query_postgresql/query86.tpl', TRANSACTION_TIMESTAMP(), 3, 23, 859080598);
LOAD
SET
SET
SET
psql:/tmp/s1-basline/throughput/query_3.sql:1203: NOTICE:  duration: 0.009 ms  plan:
Query Text: INSERT INTO time_statistics (template, s_time, stream, query, seed) VALUES ('../query_postgresql/query86.tpl', TRANSACTION_TIMESTAMP(), 3, 23, 859080598);
Insert on time_statistics  (cost=0.00..0.01 rows=0 width=0) (actual time=0.009..0.009 rows=0 loops=1)
  ->  Result  (cost=0.00..0.01 rows=1 width=64) (actual time=0.001..0.001 rows=1 loops=1)
INSERT 0 1
with results as
( select sum(ws_net_paid) as total_sum, i_category, i_class, 0 as g_category, 0 as g_class 
 from
    web_sales
   ,date_dim       d1
   ,item
 where
    d1.d_month_seq between 1181 and 1181+11
 and d1.d_date_sk = ws_sold_date_sk
 and i_item_sk  = ws_item_sk
 group by i_category,i_class
 ) ,
 results_rollup as
( select total_sum ,i_category ,i_class, g_category, g_class, 0 as lochierarchy from results
  union
  select sum(total_sum) as total_sum, i_category, NULL as i_class, 0 as g_category, 1 as g_class, 1 as lochierarchy from results group by i_category
  union
  select sum(total_sum) as total_sum, NULL as i_category, NULL as i_class, 1 as g_category, 1 as g_class, 2 as lochierarchy from results)
 select 
 total_sum ,i_category ,i_class, lochierarchy 
   ,rank() over (
 	partition by lochierarchy,
 	case when g_class = 0 then i_category end 
 	order by total_sum desc) as rank_within_parent
 from
 results_rollup
 order by
   lochierarchy desc,
   case when lochierarchy = 0 then i_category end,
   rank_within_parent 
 limit 100;
psql:/tmp/s1-basline/throughput/query_3.sql:1235: NOTICE:  duration: 302.183 ms  plan:
Query Text: with results as
( select sum(ws_net_paid) as total_sum, i_category, i_class, 0 as g_category, 0 as g_class 
 from
    web_sales
   ,date_dim       d1
   ,item
 where
    d1.d_month_seq between 1181 and 1181+11
 and d1.d_date_sk = ws_sold_date_sk
 and i_item_sk  = ws_item_sk
 group by i_category,i_class
 ) ,
 results_rollup as
( select total_sum ,i_category ,i_class, g_category, g_class, 0 as lochierarchy from results
  union
  select sum(total_sum) as total_sum, i_category, NULL as i_class, 0 as g_category, 1 as g_class, 1 as lochierarchy from results group by i_category
  union
  select sum(total_sum) as total_sum, NULL as i_category, NULL as i_class, 1 as g_category, 1 as g_class, 2 as lochierarchy from results)
 select 
 total_sum ,i_category ,i_class, lochierarchy 
   ,rank() over (
 	partition by lochierarchy,
 	case when g_class = 0 then i_category end 
 	order by total_sum desc) as rank_within_parent
 from
 results_rollup
 order by
   lochierarchy desc,
   case when lochierarchy = 0 then i_category end,
   rank_within_parent 
 limit 100;
Limit  (cost=35041.74..35041.99 rows=100 width=148) (actual time=279.625..302.110 rows=100 loops=1)
  CTE results
    ->  Finalize GroupAggregate  (cost=34492.64..34771.26 rows=990 width=118) (actual time=260.033..301.453 rows=117 loops=1)
          Group Key: item.i_category, item.i_class
          ->  Gather Merge  (cost=34492.64..34746.51 rows=1980 width=110) (actual time=259.914..301.338 rows=351 loops=1)
                Workers Planned: 2
                Workers Launched: 2
                ->  Partial GroupAggregate  (cost=33492.62..33517.95 rows=990 width=110) (actual time=246.048..260.665 rows=117 loops=3)
                      Group Key: item.i_category, item.i_class
                      ->  Sort  (cost=33492.62..33496.47 rows=1543 width=110) (actual time=245.925..248.110 rows=48943 loops=3)
                            Sort Key: item.i_category, item.i_class
                            Sort Method: quicksort  Memory: 10995kB
                            Worker 0:  Sort Method: quicksort  Memory: 7670kB
                            Worker 1:  Sort Method: quicksort  Memory: 7707kB
                            ->  Nested Loop  (cost=2505.72..33410.90 rows=1543 width=110) (actual time=14.064..199.045 rows=48943 loops=3)
                                  ->  Hash Join  (cost=2505.43..32937.21 rows=1543 width=16) (actual time=14.017..100.071 rows=48943 loops=3)
                                        Hash Cond: (web_sales.ws_sold_date_sk = d1.d_date_sk)
                                        ->  Parallel Seq Scan on web_sales  (cost=0.00..29644.81 rows=299781 width=24) (actual time=0.017..45.353 rows=239825 loops=3)
                                        ->  Hash  (cost=2500.73..2500.73 rows=376 width=8) (actual time=13.938..13.939 rows=365 loops=3)
                                              Buckets: 1024  Batches: 1  Memory Usage: 23kB
                                              ->  Seq Scan on date_dim d1  (cost=0.00..2500.73 rows=376 width=8) (actual time=6.384..13.890 rows=365 loops=3)
                                                    Filter: ((d_month_seq >= 1181) AND (d_month_seq <= 1192))
                                                    Rows Removed by Filter: 72684
                                  ->  Index Scan using pk_item on item  (cost=0.29..0.31 rows=1 width=110) (actual time=0.002..0.002 rows=1 loops=146829)
                                        Index Cond: (i_item_sk = web_sales.ws_item_sk)
  ->  Sort  (cost=270.48..273.46 rows=1191 width=148) (actual time=279.624..279.630 rows=100 loops=1)
        Sort Key: results_rollup.lochierarchy DESC, (CASE WHEN (results_rollup.lochierarchy = 0) THEN results_rollup.i_category ELSE NULL::bpchar END), (rank() OVER (?))
        Sort Method: quicksort  Memory: 56kB
        ->  WindowAgg  (cost=192.21..224.96 rows=1191 width=148) (actual time=279.328..279.422 rows=129 loops=1)
              ->  Sort  (cost=192.21..195.19 rows=1191 width=108) (actual time=279.321..279.327 rows=129 loops=1)
                    Sort Key: results_rollup.lochierarchy, (CASE WHEN (results_rollup.g_class = 0) THEN results_rollup.i_category ELSE NULL::bpchar END), results_rollup.total_sum DESC
                    Sort Method: quicksort  Memory: 48kB
                    ->  Subquery Scan on results_rollup  (cost=104.56..131.36 rows=1191 width=108) (actual time=279.186..279.224 rows=129 loops=1)
                          ->  HashAggregate  (cost=104.56..116.47 rows=1191 width=84) (actual time=279.185..279.210 rows=129 loops=1)
                                Group Key: results.total_sum, results.i_category, results.i_class, results.g_category, results.g_class, (0)
                                Batches: 1  Memory Usage: 97kB
                                ->  Append  (cost=0.00..86.70 rows=1191 width=84) (actual time=260.037..279.112 rows=129 loops=1)
                                      ->  CTE Scan on results  (cost=0.00..19.80 rows=990 width=428) (actual time=260.036..279.036 rows=117 loops=1)
                                      ->  HashAggregate  (cost=24.75..26.75 rows=200 width=256) (actual time=0.044..0.047 rows=11 loops=1)
                                            Group Key: results_1.i_category
                                            Batches: 1  Memory Usage: 40kB
                                            ->  CTE Scan on results results_1  (cost=0.00..19.80 rows=990 width=212) (actual time=0.000..0.008 rows=117 loops=1)
                                      ->  Aggregate  (cost=22.28..22.29 rows=1 width=84) (actual time=0.017..0.017 rows=1 loops=1)
                                            ->  CTE Scan on results results_2  (cost=0.00..19.80 rows=990 width=8) (actual time=0.000..0.007 rows=117 loops=1)
     total_sum      |                     i_category                     |                      i_class                       | lochierarchy | rank_within_parent 
--------------------+----------------------------------------------------+----------------------------------------------------+--------------+--------------------
 338752440.98999995 |                                                    |                                                    |            2 |                  1
 34859453.230000004 | Jewelry                                            |                                                    |            1 |                  1
        34499653.65 | Books                                              |                                                    |            1 |                  2
 34418371.000000015 | Women                                              |                                                    |            1 |                  3
        34248557.69 | Men                                                |                                                    |            1 |                  4
        34130447.37 | Shoes                                              |                                                    |            1 |                  5
 33556854.849999994 | Home                                               |                                                    |            1 |                  6
  33447210.31000001 | Children                                           |                                                    |            1 |                  7
         33141574.5 | Music                                              |                                                    |            1 |                  8
 32915907.749999993 | Electronics                                        |                                                    |            1 |                  9
        32900460.84 | Sports                                             |                                                    |            1 |                 10
           633949.8 |                                                    |                                                    |            1 |                 11
         2940392.53 | Books                                              | fiction                                            |            0 |                  1
  2691700.959999999 | Books                                              | computers                                          |            0 |                  2
 2680018.3100000005 | Books                                              | arts                                               |            0 |                  3
 2634858.5300000017 | Books                                              | history                                            |            0 |                  4
 2421700.3200000003 | Books                                              | cooking                                            |            0 |                  5
 2337712.3800000004 | Books                                              | travel                                             |            0 |                  6
  2265883.059999999 | Books                                              | entertainments                                     |            0 |                  7
  2016119.889999999 | Books                                              | romance                                            |            0 |                  8
 1955323.2000000002 | Books                                              | mystery                                            |            0 |                  9
         1877480.92 | Books                                              | reference                                          |            0 |                 10
 1844825.7599999998 | Books                                              | self-help                                          |            0 |                 11
 1827644.0199999996 | Books                                              | home repair                                        |            0 |                 12
         1826718.23 | Books                                              | sports                                             |            0 |                 13
 1820000.1899999995 | Books                                              | business                                           |            0 |                 14
 1708923.5799999994 | Books                                              | parenting                                          |            0 |                 15
         1650351.77 | Books                                              | science                                            |            0 |                 16
  8844901.060000008 | Children                                           | infants                                            |            0 |                  1
         8518698.92 | Children                                           | toddlers                                           |            0 |                  2
         8356412.16 | Children                                           | newborn                                            |            0 |                  3
 7727198.1700000055 | Children                                           | school-uniforms                                    |            0 |                  4
         2696668.08 | Electronics                                        | dvd/vcr players                                    |            0 |                  1
 2393031.8800000004 | Electronics                                        | disk drives                                        |            0 |                  2
 2325727.6799999997 | Electronics                                        | wireless                                           |            0 |                  3
 2272421.0200000005 | Electronics                                        | memory                                             |            0 |                  4
 2249050.3899999997 | Electronics                                        | stereo                                             |            0 |                  5
 2110784.0199999996 | Electronics                                        | monitors                                           |            0 |                  6
 2096424.5099999988 | Electronics                                        | portable                                           |            0 |                  7
 2077746.0699999998 | Electronics                                        | karoke                                             |            0 |                  8
         2033464.59 | Electronics                                        | cameras                                            |            0 |                  9
 1976758.2999999993 | Electronics                                        | musical                                            |            0 |                 10
 1969514.2200000002 | Electronics                                        | scanners                                           |            0 |                 11
 1877743.3499999992 | Electronics                                        | televisions                                        |            0 |                 12
 1847480.0600000003 | Electronics                                        | personal                                           |            0 |                 13
 1685677.4799999995 | Electronics                                        | audio                                              |            0 |                 14
 1665389.7999999993 | Electronics                                        | automotive                                         |            0 |                 15
 1638026.3000000003 | Electronics                                        | camcorders                                         |            0 |                 16
  2751347.329999999 | Home                                               | rugs                                               |            0 |                  1
 2530010.7699999996 | Home                                               | bedding                                            |            0 |                  2
  2460590.389999998 | Home                                               | blinds/shades                                      |            0 |                  3
 2335163.9400000004 | Home                                               | decor                                              |            0 |                  4
 2243993.3000000003 | Home                                               | wallpaper                                          |            0 |                  5
  2237310.859999999 | Home                                               | glassware                                          |            0 |                  6
 2152455.3599999994 | Home                                               | paint                                              |            0 |                  7
         2134317.79 | Home                                               | kids                                               |            0 |                  8
 2008672.2799999998 | Home                                               | lighting                                           |            0 |                  9
 2003937.1099999996 | Home                                               | accent                                             |            0 |                 10
 1948361.0200000003 | Home                                               | mattresses                                         |            0 |                 11
 1796996.8999999992 | Home                                               | curtains/drapes                                    |            0 |                 12
 1784674.2999999993 | Home                                               | furniture                                          |            0 |                 13
 1777607.1799999988 | Home                                               | tables                                             |            0 |                 14
 1625422.9099999997 | Home                                               | flatware                                           |            0 |                 15
 1612859.7799999998 | Home                                               | bathroom                                           |            0 |                 16
 153133.62999999998 | Home                                               |                                                    |            0 |                 17
 2751373.2100000004 | Jewelry                                            | loose stones                                       |            0 |                  1
         2587444.05 | Jewelry                                            | custom                                             |            0 |                  2
 2524176.7299999995 | Jewelry                                            | pendants                                           |            0 |                  3
 2412016.6799999992 | Jewelry                                            | rings                                              |            0 |                  4
         2394391.07 | Jewelry                                            | diamonds                                           |            0 |                  5
 2380441.7999999993 | Jewelry                                            | birdal                                             |            0 |                  6
 2338371.5799999987 | Jewelry                                            | consignment                                        |            0 |                  7
 2263731.1099999994 | Jewelry                                            | semi-precious                                      |            0 |                  8
  2124863.950000001 | Jewelry                                            | gold                                               |            0 |                  9
 2053084.4300000002 | Jewelry                                            | estate                                             |            0 |                 10
 2049551.3999999992 | Jewelry                                            | bracelets                                          |            0 |                 11
 1949329.4200000009 | Jewelry                                            | earings                                            |            0 |                 12
 1918573.7300000004 | Jewelry                                            | mens watch                                         |            0 |                 13
 1915861.3800000001 | Jewelry                                            | womens watch                                       |            0 |                 14
 1845678.8500000006 | Jewelry                                            | costume                                            |            0 |                 15
         1300697.94 | Jewelry                                            | jewelry boxes                                      |            0 |                 16
            49865.9 | Jewelry                                            |                                                    |            0 |                 17
          8943303.8 | Men                                                | accessories                                        |            0 |                  1
  8858314.089999998 | Men                                                | pants                                              |            0 |                  2
         8440195.37 | Men                                                | shirts                                             |            0 |                  3
  7887471.579999997 | Men                                                | sports-apparel                                     |            0 |                  4
          119272.85 | Men                                                |                                                    |            0 |                  5
  8805973.789999997 | Music                                              | pop                                                |            0 |                  1
  8632139.210000005 | Music                                              | rock                                               |            0 |                  2
  8310780.489999995 | Music                                              | classical                                          |            0 |                  3
  7364278.410000002 | Music                                              | country                                            |            0 |                  4
 28402.599999999995 | Music                                              |                                                    |            0 |                  5
  9173968.790000001 | Shoes                                              | kids                                               |            0 |                  1
  9124729.170000006 | Shoes                                              | mens                                               |            0 |                  2
  8065846.559999998 | Shoes                                              | womens                                             |            0 |                  3
  7697625.449999998 | Shoes                                              | athletic                                           |            0 |                  4
            68277.4 | Shoes                                              |                                                    |            0 |                  5
         2678501.65 | Sports                                             | outdoor                                            |            0 |                  1
 2637352.0100000007 | Sports                                             | athletic shoes                                     |            0 |                  2
 2315669.0399999996 | Sports                                             | hockey                                             |            0 |                  3
(100 rows)

UPDATE time_statistics SET e_time = TRANSACTION_TIMESTAMP() WHERE template = '../query_postgresql/query86.tpl' AND stream = 3;
psql:/tmp/s1-basline/throughput/query_3.sql:1237: NOTICE:  duration: 0.042 ms  plan:
Query Text: UPDATE time_statistics SET e_time = TRANSACTION_TIMESTAMP() WHERE template = '../query_postgresql/query86.tpl' AND stream = 3;
Update on time_statistics  (cost=0.00..4.92 rows=0 width=0) (actual time=0.041..0.041 rows=0 loops=1)
  ->  Seq Scan on time_statistics  (cost=0.00..4.92 rows=1 width=14) (actual time=0.018..0.027 rows=1 loops=1)
        Filter: ((template = '../query_postgresql/query86.tpl'::text) AND (stream = 3))
        Rows Removed by Filter: 133
UPDATE 1
LOAD 'auto_explain'; SET auto_explain.log_min_duration TO 0; SET auto_explain.log_analyze TO on; SET auto_explain.log_level TO notice; INSERT INTO time_statistics (template, s_time, stream, query, seed) VALUES ('../query_postgresql/query94.tpl', TRANSACTION_TIMESTAMP(), 3, 24, 92968470);
LOAD
SET
SET
SET
psql:/tmp/s1-basline/throughput/query_3.sql:1238: NOTICE:  duration: 0.009 ms  plan:
Query Text: INSERT INTO time_statistics (template, s_time, stream, query, seed) VALUES ('../query_postgresql/query94.tpl', TRANSACTION_TIMESTAMP(), 3, 24, 92968470);
Insert on time_statistics  (cost=0.00..0.01 rows=0 width=0) (actual time=0.008..0.009 rows=0 loops=1)
  ->  Result  (cost=0.00..0.01 rows=1 width=64) (actual time=0.002..0.002 rows=1 loops=1)
INSERT 0 1
select  
   count(distinct ws_order_number) as "order count"
  ,sum(ws_ext_ship_cost) as "total shipping cost"
  ,sum(ws_net_profit) as "total net profit"
from
   web_sales ws1
  ,date_dim
  ,customer_address
  ,web_site
where
    d_date between '2001-5-01' and 
           (cast('2001-5-01' as date) + interval '60 days')
and ws1.ws_ship_date_sk = d_date_sk
and ws1.ws_ship_addr_sk = ca_address_sk
and ca_state = 'ID'
and ws1.ws_web_site_sk = web_site_sk
and web_company_name = 'pri'
and exists (select *
            from web_sales ws2
            where ws1.ws_order_number = ws2.ws_order_number
              and ws1.ws_warehouse_sk <> ws2.ws_warehouse_sk)
and not exists(select *
               from web_returns wr1
               where ws1.ws_order_number = wr1.wr_order_number)
order by count(distinct ws_order_number)
limit 100;
psql:/tmp/s1-basline/throughput/query_3.sql:1264: NOTICE:  duration: 142.045 ms  plan:
Query Text: select  
   count(distinct ws_order_number) as "order count"
  ,sum(ws_ext_ship_cost) as "total shipping cost"
  ,sum(ws_net_profit) as "total net profit"
from
   web_sales ws1
  ,date_dim
  ,customer_address
  ,web_site
where
    d_date between '2001-5-01' and 
           (cast('2001-5-01' as date) + interval '60 days')
and ws1.ws_ship_date_sk = d_date_sk
and ws1.ws_ship_addr_sk = ca_address_sk
and ca_state = 'ID'
and ws1.ws_web_site_sk = web_site_sk
and web_company_name = 'pri'
and exists (select *
            from web_sales ws2
            where ws1.ws_order_number = ws2.ws_order_number
              and ws1.ws_warehouse_sk <> ws2.ws_warehouse_sk)
and not exists(select *
               from web_returns wr1
               where ws1.ws_order_number = wr1.wr_order_number)
order by count(distinct ws_order_number)
limit 100;
Limit  (cost=37227.34..37227.34 rows=1 width=24) (actual time=105.378..142.036 rows=1 loops=1)
  ->  Sort  (cost=37227.34..37227.34 rows=1 width=24) (actual time=105.377..142.034 rows=1 loops=1)
        Sort Key: (count(DISTINCT ws1.ws_order_number))
        Sort Method: quicksort  Memory: 25kB
        ->  Aggregate  (cost=37227.32..37227.33 rows=1 width=24) (actual time=105.372..142.029 rows=1 loops=1)
              ->  Nested Loop Semi Join  (cost=1009.03..37227.31 rows=1 width=24) (actual time=7.806..142.008 rows=10 loops=1)
                    ->  Gather  (cost=1008.61..31830.62 rows=1 width=32) (actual time=6.634..128.967 rows=10 loops=1)
                          Workers Planned: 2
                          Workers Launched: 2
                          ->  Nested Loop Anti Join  (cost=8.61..30830.52 rows=1 width=32) (actual time=50.181..94.134 rows=3 loops=3)
                                ->  Nested Loop  (cost=8.19..30462.86 rows=1 width=32) (actual time=20.139..82.640 rows=18 loops=3)
                                      ->  Hash Join  (cost=7.90..30440.40 rows=72 width=40) (actual time=0.332..78.400 rows=1237 loops=3)
                                            Hash Cond: (ws1.ws_web_site_sk = web_site.web_site_sk)
                                            ->  Hash Join  (cost=5.41..30437.19 rows=242 width=48) (actual time=0.138..77.787 rows=4692 loops=3)
                                                  Hash Cond: (ws1.ws_ship_date_sk = date_dim.d_date_sk)
                                                  ->  Parallel Seq Scan on web_sales ws1  (cost=0.00..29644.81 rows=299781 width=56) (actual time=0.015..46.948 rows=239825 loops=3)
                                                  ->  Hash  (cost=4.67..4.67 rows=59 width=8) (actual time=0.093..0.094 rows=61 loops=3)
                                                        Buckets: 1024  Batches: 1  Memory Usage: 11kB
                                                        ->  Index Scan using i_d_date on date_dim  (cost=0.29..4.67 rows=59 width=8) (actual time=0.068..0.083 rows=61 loops=3)
                                                              Index Cond: ((d_date >= '2001-05-01'::date) AND (d_date <= '2001-06-30 00:00:00'::timestamp without time zone))
                                            ->  Hash  (cost=2.38..2.38 rows=9 width=8) (actual time=0.049..0.050 rows=9 loops=3)
                                                  Buckets: 1024  Batches: 1  Memory Usage: 9kB
                                                  ->  Seq Scan on web_site  (cost=0.00..2.38 rows=9 width=8) (actual time=0.027..0.045 rows=9 loops=3)
                                                        Filter: (web_company_name = 'pri'::bpchar)
                                                        Rows Removed by Filter: 21
                                      ->  Index Scan using pk_customer_address on customer_address  (cost=0.29..0.31 rows=1 width=8) (actual time=0.003..0.003 rows=0 loops=3710)
                                            Index Cond: (ca_address_sk = ws1.ws_ship_addr_sk)
                                            Filter: (ca_state = 'ID'::bpchar)
                                            Rows Removed by Filter: 1
                                ->  Index Only Scan using pk_web_returns on web_returns wr1  (cost=0.42..539.05 rows=2 width=8) (actual time=0.650..0.650 rows=1 loops=53)
                                      Index Cond: (wr_order_number = ws1.ws_order_number)
                                      Heap Fetches: 0
                    ->  Index Scan using pk_web_sales on web_sales ws2  (cost=0.42..5396.67 rows=10 width=16) (actual time=1.303..1.303 rows=1 loops=10)
                          Index Cond: (ws_order_number = ws1.ws_order_number)
                          Filter: (ws1.ws_warehouse_sk <> ws_warehouse_sk)
                          Rows Removed by Filter: 0
 order count | total shipping cost |  total net profit  
-------------+---------------------+--------------------
           7 |            19895.28 | -6176.220000000001
(1 row)

UPDATE time_statistics SET e_time = TRANSACTION_TIMESTAMP() WHERE template = '../query_postgresql/query94.tpl' AND stream = 3;
psql:/tmp/s1-basline/throughput/query_3.sql:1266: NOTICE:  duration: 0.039 ms  plan:
Query Text: UPDATE time_statistics SET e_time = TRANSACTION_TIMESTAMP() WHERE template = '../query_postgresql/query94.tpl' AND stream = 3;
Update on time_statistics  (cost=0.00..4.92 rows=0 width=0) (actual time=0.039..0.039 rows=0 loops=1)
  ->  Seq Scan on time_statistics  (cost=0.00..4.92 rows=1 width=14) (actual time=0.016..0.025 rows=1 loops=1)
        Filter: ((template = '../query_postgresql/query94.tpl'::text) AND (stream = 3))
        Rows Removed by Filter: 134
UPDATE 1
LOAD 'auto_explain'; SET auto_explain.log_min_duration TO 0; SET auto_explain.log_analyze TO on; SET auto_explain.log_level TO notice; INSERT INTO time_statistics (template, s_time, stream, query, seed) VALUES ('query8.tpl', TRANSACTION_TIMESTAMP(), 3, 25, 469856945);
LOAD
SET
SET
SET
psql:/tmp/s1-basline/throughput/query_3.sql:1267: NOTICE:  duration: 0.024 ms  plan:
Query Text: INSERT INTO time_statistics (template, s_time, stream, query, seed) VALUES ('query8.tpl', TRANSACTION_TIMESTAMP(), 3, 25, 469856945);
Insert on time_statistics  (cost=0.00..0.01 rows=0 width=0) (actual time=0.024..0.024 rows=0 loops=1)
  ->  Result  (cost=0.00..0.01 rows=1 width=64) (actual time=0.001..0.001 rows=1 loops=1)
INSERT 0 1
select  s_store_name
      ,sum(ss_net_profit)
 from store_sales
     ,date_dim
     ,store,
     (select ca_zip
     from (
      SELECT substr(ca_zip,1,5) ca_zip
      FROM customer_address
      WHERE substr(ca_zip,1,5) IN (
                          '30120','71053','33790','51578','15402','15892',
                          '52674','59772','54720','77516','40254',
                          '29055','24833','70651','32422','50652',
                          '73761','43832','56576','16515','11800',
                          '87150','53853','34388','75710','29948',
                          '45702','75809','18024','12420','20959',
                          '83786','86880','47277','10212','91159',
                          '15246','56428','34880','17147','44170',
                          '19840','35973','47924','72266','66740',
                          '74216','50371','94733','94546','33553',
                          '37014','23819','88770','41612','61878',
                          '62754','46063','45119','83161','58161',
                          '12400','18516','80731','30317','91721',
                          '77670','32980','32716','41105','29882',
                          '87679','10552','12230','65040','79097',
                          '87598','99742','32496','37351','95003',
                          '88736','41356','62466','84079','24971',
                          '85428','64936','57300','32524','62924',
                          '77733','21571','95056','96554','43403',
                          '67542','43195','84888','74252','96143',
                          '44062','69823','48002','63864','47522',
                          '10738','25844','33033','36100','83008',
                          '14685','76484','67416','90480','92053',
                          '73031','69116','69833','65368','44166',
                          '68038','56677','20598','60380','34138',
                          '65695','84290','61591','97780','70471',
                          '79599','95298','89010','63224','16468',
                          '81015','16665','11678','30912','91446',
                          '55788','38425','67275','99090','25915',
                          '83222','43423','57122','22815','13712',
                          '66114','22193','75060','97625','35602',
                          '50376','31795','11407','88767','32247',
                          '15601','75530','37492','69451','98714',
                          '37719','47101','69621','20023','19891',
                          '83093','66250','49019','15931','89963',
                          '16119','26787','58539','77451','57748',
                          '65562','79617','61402','74059','19817',
                          '78211','77814','24110','76142','81884',
                          '69550','32489','61511','82140','72689',
                          '78945','84065','36045','19517','52827',
                          '30655','91394','52429','32075','14703',
                          '45814','15759','77786','66110','86083',
                          '84942','37518','96141','96422','63816',
                          '86372','90019','36145','91138','86724',
                          '31684','75819','76223','66547','68793',
                          '75294','34031','29760','51349','55955',
                          '80623','68644','30567','95919','63138',
                          '48315','78552','27960','46485','68426',
                          '13469','35657','53305','68767','47681',
                          '55363','46768','85600','73462','33623',
                          '63525','30104','60027','85889','51584',
                          '38950','98153','16224','23733','88869',
                          '91518','46080','11746','41448','79291',
                          '34979','68265','20936','55475','19642',
                          '74680','98942','88313','85193','78503',
                          '99885','65883','79816','36212','67785',
                          '58696','59064','23891','40927','52611',
                          '42339','20408','99854','39906','74786',
                          '85096','84004','89733','51841','77171',
                          '94860','93719','36472','79685','79680',
                          '60518','67135','11710','40277','19491',
                          '74636','62204','18768','48177','99850',
                          '60022','99880','45382','88402','53341',
                          '57283','68399','87592','16102','82199',
                          '94135','39646','47423','92392','65918',
                          '73180','98752','78795','36792','87819',
                          '39432','98192','84920','21163','10267',
                          '11848','63303','10846','90345','98484',
                          '82471','91470','16634','27883','16777',
                          '56915','73132','81960','81062','12730',
                          '81889','18501','53602','55000','83497',
                          '66055','62774','57313','23289','50776',
                          '53467','23267','14747','52530','82350',
                          '38570','48237','36668','56168','53396',
                          '66158','62823','96153','13186','56921',
                          '30202','58768','27804','34632','99467',
                          '65904','51769','51967','34959','61145',
                          '84285','49389','19610','54985','29499',
                          '11378','84695','51844','82045','28861',
                          '31338','30880','89188','37458')
     intersect
      select ca_zip
      from (SELECT substr(ca_zip,1,5) ca_zip,count(*) cnt
            FROM customer_address, customer
            WHERE ca_address_sk = c_current_addr_sk and
                  c_preferred_cust_flag='Y'
            group by ca_zip
            having count(*) > 10)A1)A2) V1
 where ss_store_sk = s_store_sk
  and ss_sold_date_sk = d_date_sk
  and d_qoy = 1 and d_year = 1998
  and (substr(s_zip,1,2) = substr(V1.ca_zip,1,2))
 group by s_store_name
 order by s_store_name
 limit 100;
psql:/tmp/s1-basline/throughput/query_3.sql:1372: NOTICE:  duration: 124.314 ms  plan:
Query Text: select  s_store_name
      ,sum(ss_net_profit)
 from store_sales
     ,date_dim
     ,store,
     (select ca_zip
     from (
      SELECT substr(ca_zip,1,5) ca_zip
      FROM customer_address
      WHERE substr(ca_zip,1,5) IN (
                          '30120','71053','33790','51578','15402','15892',
                          '52674','59772','54720','77516','40254',
                          '29055','24833','70651','32422','50652',
                          '73761','43832','56576','16515','11800',
                          '87150','53853','34388','75710','29948',
                          '45702','75809','18024','12420','20959',
                          '83786','86880','47277','10212','91159',
                          '15246','56428','34880','17147','44170',
                          '19840','35973','47924','72266','66740',
                          '74216','50371','94733','94546','33553',
                          '37014','23819','88770','41612','61878',
                          '62754','46063','45119','83161','58161',
                          '12400','18516','80731','30317','91721',
                          '77670','32980','32716','41105','29882',
                          '87679','10552','12230','65040','79097',
                          '87598','99742','32496','37351','95003',
                          '88736','41356','62466','84079','24971',
                          '85428','64936','57300','32524','62924',
                          '77733','21571','95056','96554','43403',
                          '67542','43195','84888','74252','96143',
                          '44062','69823','48002','63864','47522',
                          '10738','25844','33033','36100','83008',
                          '14685','76484','67416','90480','92053',
                          '73031','69116','69833','65368','44166',
                          '68038','56677','20598','60380','34138',
                          '65695','84290','61591','97780','70471',
                          '79599','95298','89010','63224','16468',
                          '81015','16665','11678','30912','91446',
                          '55788','38425','67275','99090','25915',
                          '83222','43423','57122','22815','13712',
                          '66114','22193','75060','97625','35602',
                          '50376','31795','11407','88767','32247',
                          '15601','75530','37492','69451','98714',
                          '37719','47101','69621','20023','19891',
                          '83093','66250','49019','15931','89963',
                          '16119','26787','58539','77451','57748',
                          '65562','79617','61402','74059','19817',
                          '78211','77814','24110','76142','81884',
                          '69550','32489','61511','82140','72689',
                          '78945','84065','36045','19517','52827',
                          '30655','91394','52429','32075','14703',
                          '45814','15759','77786','66110','86083',
                          '84942','37518','96141','96422','63816',
                          '86372','90019','36145','91138','86724',
                          '31684','75819','76223','66547','68793',
                          '75294','34031','29760','51349','55955',
                          '80623','68644','30567','95919','63138',
                          '48315','78552','27960','46485','68426',
                          '13469','35657','53305','68767','47681',
                          '55363','46768','85600','73462','33623',
                          '63525','30104','60027','85889','51584',
                          '38950','98153','16224','23733','88869',
                          '91518','46080','11746','41448','79291',
                          '34979','68265','20936','55475','19642',
                          '74680','98942','88313','85193','78503',
                          '99885','65883','79816','36212','67785',
                          '58696','59064','23891','40927','52611',
                          '42339','20408','99854','39906','74786',
                          '85096','84004','89733','51841','77171',
                          '94860','93719','36472','79685','79680',
                          '60518','67135','11710','40277','19491',
                          '74636','62204','18768','48177','99850',
                          '60022','99880','45382','88402','53341',
                          '57283','68399','87592','16102','82199',
                          '94135','39646','47423','92392','65918',
                          '73180','98752','78795','36792','87819',
                          '39432','98192','84920','21163','10267',
                          '11848','63303','10846','90345','98484',
                          '82471','91470','16634','27883','16777',
                          '56915','73132','81960','81062','12730',
                          '81889','18501','53602','55000','83497',
                          '66055','62774','57313','23289','50776',
                          '53467','23267','14747','52530','82350',
                          '38570','48237','36668','56168','53396',
                          '66158','62823','96153','13186','56921',
                          '30202','58768','27804','34632','99467',
                          '65904','51769','51967','34959','61145',
                          '84285','49389','19610','54985','29499',
                          '11378','84695','51844','82045','28861',
                          '31338','30880','89188','37458')
     intersect
      select ca_zip
      from (SELECT substr(ca_zip,1,5) ca_zip,count(*) cnt
            FROM customer_address, customer
            WHERE ca_address_sk = c_current_addr_sk and
                  c_preferred_cust_flag='Y'
            group by ca_zip
            having count(*) > 10)A1)A2) V1
 where ss_store_sk = s_store_sk
  and ss_sold_date_sk = d_date_sk
  and d_qoy = 1 and d_year = 1998
  and (substr(s_zip,1,2) = substr(V1.ca_zip,1,2))
 group by s_store_name
 order by s_store_name
 limit 100;
Limit  (cost=95495.52..95520.10 rows=9 width=13) (actual time=124.303..124.312 rows=0 loops=1)
  ->  GroupAggregate  (cost=95495.52..95520.10 rows=9 width=13) (actual time=124.303..124.310 rows=0 loops=1)
        Group Key: store.s_store_name
        ->  Sort  (cost=95495.52..95503.68 rows=3266 width=13) (actual time=124.302..124.309 rows=0 loops=1)
              Sort Key: store.s_store_name
              Sort Method: quicksort  Memory: 25kB
              ->  Nested Loop  (cost=7043.81..95304.89 rows=3266 width=13) (actual time=124.298..124.305 rows=0 loops=1)
                    Join Filter: (store_sales.ss_store_sk = store.s_store_sk)
                    ->  Nested Loop  (cost=0.43..84387.88 rows=3425 width=16) (actual time=4.325..42.752 rows=77159 loops=1)
                          ->  Seq Scan on date_dim  (cost=0.00..2500.73 rows=91 width=8) (actual time=4.314..9.742 rows=91 loops=1)
                                Filter: ((d_qoy = 1) AND (d_year = 1998))
                                Rows Removed by Filter: 72958
                          ->  Index Scan using i_ss_sold_date_sk on store_sales  (cost=0.43..884.78 rows=1508 width=24) (actual time=0.005..0.205 rows=848 loops=91)
                                Index Cond: (ss_sold_date_sk = date_dim.d_date_sk)
                    ->  Materialize  (cost=7043.38..10300.54 rows=12 width=13) (actual time=0.001..0.001 rows=0 loops=77159)
                          ->  Nested Loop  (cost=7043.38..10300.48 rows=12 width=13) (actual time=72.353..72.359 rows=0 loops=1)
                                Join Filter: (substr((store.s_zip)::text, 1, 2) = substr(a2.ca_zip, 1, 2))
                                Rows Removed by Join Filter: 36
                                ->  Index Scan using pk_store on store  (cost=0.14..3.62 rows=12 width=24) (actual time=0.001..0.006 rows=12 loops=1)
                                ->  Materialize  (cost=7043.25..10243.36 rows=200 width=32) (actual time=6.026..6.028 rows=3 loops=12)
                                      ->  Subquery Scan on a2  (cost=7043.25..10242.36 rows=200 width=32) (actual time=72.311..72.328 rows=3 loops=1)
                                            ->  HashSetOp Intersect  (cost=7043.25..10240.36 rows=200 width=36) (actual time=72.310..72.327 rows=3 loops=1)
                                                  ->  Append  (cost=7043.25..10129.53 rows=44333 width=36) (actual time=53.841..72.110 rows=1100 loops=1)
                                                        ->  Subquery Scan on "*SELECT* 2"  (cost=7043.25..7109.86 rows=1066 width=36) (actual time=53.840..54.506 rows=951 loops=1)
                                                              ->  Subquery Scan on a1  (cost=7043.25..7099.20 rows=1066 width=32) (actual time=53.839..54.433 rows=951 loops=1)
                                                                    ->  HashAggregate  (cost=7043.25..7088.54 rows=1066 width=51) (actual time=53.839..54.361 rows=951 loops=1)
                                                                          Group Key: customer_address.ca_zip
                                                                          Filter: (count(*) > 10)
                                                                          Batches: 1  Memory Usage: 369kB
                                                                          Rows Removed by Filter: 2220
                                                                          ->  Hash Join  (cost=2273.00..6807.68 rows=47113 width=11) (actual time=14.153..44.958 rows=47301 loops=1)
                                                                                Hash Cond: (customer.c_current_addr_sk = customer_address.ca_address_sk)
                                                                                ->  Seq Scan on customer  (cost=0.00..4411.00 rows=47113 width=8) (actual time=0.004..22.351 rows=47301 loops=1)
                                                                                      Filter: (c_preferred_cust_flag = 'Y'::bpchar)
                                                                                      Rows Removed by Filter: 52699
                                                                                ->  Hash  (cost=1648.00..1648.00 rows=50000 width=19) (actual time=14.112..14.113 rows=50000 loops=1)
                                                                                      Buckets: 65536  Batches: 1  Memory Usage: 3223kB
                                                                                      ->  Seq Scan on customer_address  (cost=0.00..1648.00 rows=50000 width=19) (actual time=0.003..7.783 rows=50000 loops=1)
                                                        ->  Subquery Scan on "*SELECT* 1"  (cost=1.00..2798.01 rows=43267 width=36) (actual time=0.175..17.534 rows=149 loops=1)
                                                              ->  Seq Scan on customer_address customer_address_1  (cost=1.00..2365.34 rows=43267 width=32) (actual time=0.174..17.519 rows=149 loops=1)
                                                                    Filter: (substr((ca_zip)::text, 1, 5) = ANY ('{30120,71053,33790,51578,15402,15892,52674,59772,54720,77516,40254,29055,24833,70651,32422,50652,73761,43832,56576,16515,11800,87150,53853,34388,75710,29948,45702,75809,18024,12420,20959,83786,86880,47277,10212,91159,15246,56428,34880,17147,44170,19840,35973,47924,72266,66740,74216,50371,94733,94546,33553,37014,23819,88770,41612,61878,62754,46063,45119,83161,58161,12400,18516,80731,30317,91721,77670,32980,32716,41105,29882,87679,10552,12230,65040,79097,87598,99742,32496,37351,95003,88736,41356,62466,84079,24971,85428,64936,57300,32524,62924,77733,21571,95056,96554,43403,67542,43195,84888,74252,96143,44062,69823,48002,63864,47522,10738,25844,33033,36100,83008,14685,76484,67416,90480,92053,73031,69116,69833,65368,44166,68038,56677,20598,60380,34138,65695,84290,61591,97780,70471,79599,95298,89010,63224,16468,81015,16665,11678,30912,91446,55788,38425,67275,99090,25915,83222,43423,57122,22815,13712,66114,22193,75060,97625,35602,50376,31795,11407,88767,32247,15601,75530,37492,69451,98714,37719,47101,69621,20023,19891,83093,66250,49019,15931,89963,16119,26787,58539,77451,57748,65562,79617,61402,74059,19817,78211,77814,24110,76142,81884,69550,32489,61511,82140,72689,78945,84065,36045,19517,52827,30655,91394,52429,32075,14703,45814,15759,77786,66110,86083,84942,37518,96141,96422,63816,86372,90019,36145,91138,86724,31684,75819,76223,66547,68793,75294,34031,29760,51349,55955,80623,68644,30567,95919,63138,48315,78552,27960,46485,68426,13469,35657,53305,68767,47681,55363,46768,85600,73462,33623,63525,30104,60027,85889,51584,38950,98153,16224,23733,88869,91518,46080,11746,41448,79291,34979,68265,20936,55475,19642,74680,98942,88313,85193,78503,99885,65883,79816,36212,67785,58696,59064,23891,40927,52611,42339,20408,99854,39906,74786,85096,84004,89733,51841,77171,94860,93719,36472,79685,79680,60518,67135,11710,40277,19491,74636,62204,18768,48177,99850,60022,99880,45382,88402,53341,57283,68399,87592,16102,82199,94135,39646,47423,92392,65918,73180,98752,78795,36792,87819,39432,98192,84920,21163,10267,11848,63303,10846,90345,98484,82471,91470,16634,27883,16777,56915,73132,81960,81062,12730,81889,18501,53602,55000,83497,66055,62774,57313,23289,50776,53467,23267,14747,52530,82350,38570,48237,36668,56168,53396,66158,62823,96153,13186,56921,30202,58768,27804,34632,99467,65904,51769,51967,34959,61145,84285,49389,19610,54985,29499,11378,84695,51844,82045,28861,31338,30880,89188,37458}'::text[]))
                                                                    Rows Removed by Filter: 49851
 s_store_name | sum 
--------------+-----
(0 rows)

UPDATE time_statistics SET e_time = TRANSACTION_TIMESTAMP() WHERE template = 'query8.tpl' AND stream = 3;
psql:/tmp/s1-basline/throughput/query_3.sql:1374: NOTICE:  duration: 0.042 ms  plan:
Query Text: UPDATE time_statistics SET e_time = TRANSACTION_TIMESTAMP() WHERE template = 'query8.tpl' AND stream = 3;
Update on time_statistics  (cost=0.00..4.92 rows=0 width=0) (actual time=0.041..0.042 rows=0 loops=1)
  ->  Seq Scan on time_statistics  (cost=0.00..4.92 rows=1 width=14) (actual time=0.019..0.027 rows=1 loops=1)
        Filter: ((template = 'query8.tpl'::text) AND (stream = 3))
        Rows Removed by Filter: 135
UPDATE 1
LOAD 'auto_explain'; SET auto_explain.log_min_duration TO 0; SET auto_explain.log_analyze TO on; SET auto_explain.log_level TO notice; INSERT INTO time_statistics (template, s_time, stream, query, seed) VALUES ('query87.tpl', TRANSACTION_TIMESTAMP(), 3, 26, 588304596);
LOAD
SET
SET
SET
psql:/tmp/s1-basline/throughput/query_3.sql:1375: NOTICE:  duration: 0.009 ms  plan:
Query Text: INSERT INTO time_statistics (template, s_time, stream, query, seed) VALUES ('query87.tpl', TRANSACTION_TIMESTAMP(), 3, 26, 588304596);
Insert on time_statistics  (cost=0.00..0.01 rows=0 width=0) (actual time=0.008..0.008 rows=0 loops=1)
  ->  Result  (cost=0.00..0.01 rows=1 width=64) (actual time=0.001..0.001 rows=1 loops=1)
INSERT 0 1
select count(*) 
from ((select distinct c_last_name, c_first_name, d_date
       from store_sales, date_dim, customer
       where store_sales.ss_sold_date_sk = date_dim.d_date_sk
         and store_sales.ss_customer_sk = customer.c_customer_sk
         and d_month_seq between 1188 and 1188+11)
       except
      (select distinct c_last_name, c_first_name, d_date
       from catalog_sales, date_dim, customer
       where catalog_sales.cs_sold_date_sk = date_dim.d_date_sk
         and catalog_sales.cs_bill_customer_sk = customer.c_customer_sk
         and d_month_seq between 1188 and 1188+11)
       except
      (select distinct c_last_name, c_first_name, d_date
       from web_sales, date_dim, customer
       where web_sales.ws_sold_date_sk = date_dim.d_date_sk
         and web_sales.ws_bill_customer_sk = customer.c_customer_sk
         and d_month_seq between 1188 and 1188+11)
) cool_cust
;
psql:/tmp/s1-basline/throughput/query_3.sql:1395: NOTICE:  duration: 2220.478 ms  plan:
Query Text: select count(*) 
from ((select distinct c_last_name, c_first_name, d_date
       from store_sales, date_dim, customer
       where store_sales.ss_sold_date_sk = date_dim.d_date_sk
         and store_sales.ss_customer_sk = customer.c_customer_sk
         and d_month_seq between 1188 and 1188+11)
       except
      (select distinct c_last_name, c_first_name, d_date
       from catalog_sales, date_dim, customer
       where catalog_sales.cs_sold_date_sk = date_dim.d_date_sk
         and catalog_sales.cs_bill_customer_sk = customer.c_customer_sk
         and d_month_seq between 1188 and 1188+11)
       except
      (select distinct c_last_name, c_first_name, d_date
       from web_sales, date_dim, customer
       where web_sales.ws_sold_date_sk = date_dim.d_date_sk
         and web_sales.ws_bill_customer_sk = customer.c_customer_sk
         and d_month_seq between 1188 and 1188+11)
) cool_cust
;
Aggregate  (cost=155332.50..155332.51 rows=1 width=8) (actual time=2183.618..2220.470 rows=1 loops=1)
  ->  Subquery Scan on cool_cust  (cost=93903.88..155299.62 rows=13150 width=0) (actual time=2174.843..2218.551 rows=47300 loops=1)
        ->  HashSetOp Except  (cost=93903.88..155168.12 rows=13150 width=216) (actual time=2174.842..2214.028 rows=47300 loops=1)
              ->  Append  (cost=93903.88..155042.47 rows=16753 width=216) (actual time=1805.132..2197.245 rows=59389 loops=1)
                    ->  Result  (cost=93903.88..119986.28 rows=13150 width=216) (actual time=1805.132..1816.600 rows=47368 loops=1)
                          ->  HashSetOp Except  (cost=93903.88..119854.78 rows=13150 width=216) (actual time=1805.131..1811.650 rows=47368 loops=1)
                                ->  Append  (cost=93903.88..119702.67 rows=20281 width=216) (actual time=891.205..1786.890 rows=79224 loops=1)
                                      ->  Subquery Scan on "*SELECT* 1"  (cost=93903.88..95665.54 rows=13150 width=60) (actual time=891.205..1188.643 rows=47680 loops=1)
                                            ->  Unique  (cost=93903.88..95534.04 rows=13150 width=56) (actual time=891.202..1183.466 rows=47680 loops=1)
                                                  ->  Gather Merge  (cost=93903.88..95435.41 rows=13150 width=56) (actual time=891.201..1100.562 rows=539623 loops=1)
                                                        Workers Planned: 2
                                                        Workers Launched: 2
                                                        ->  Sort  (cost=92903.85..92917.55 rows=5479 width=56) (actual time=844.573..886.953 rows=179874 loops=3)
                                                              Sort Key: customer.c_last_name, customer.c_first_name, date_dim.d_date
                                                              Sort Method: external merge  Disk: 13216kB
                                                              Worker 0:  Sort Method: external merge  Disk: 10400kB
                                                              Worker 1:  Sort Method: external merge  Disk: 10344kB
                                                              ->  Nested Loop  (cost=2505.60..92563.62 rows=5479 width=56) (actual time=13.087..546.267 rows=179874 loops=3)
                                                                    ->  Hash Join  (cost=2505.31..90776.73 rows=5740 width=12) (actual time=13.038..263.596 rows=184263 loops=3)
                                                                          Hash Cond: (store_sales.ss_sold_date_sk = date_dim.d_date_sk)
                                                                          ->  Parallel Seq Scan on store_sales  (cost=0.00..85123.48 rows=1199148 width=16) (actual time=0.017..123.610 rows=959309 loops=3)
                                                                          ->  Hash  (cost=2500.73..2500.73 rows=366 width=12) (actual time=12.915..12.916 rows=365 loops=3)
                                                                                Buckets: 1024  Batches: 1  Memory Usage: 26kB
                                                                                ->  Seq Scan on date_dim  (cost=0.00..2500.73 rows=366 width=12) (actual time=5.942..12.866 rows=365 loops=3)
                                                                                      Filter: ((d_month_seq >= 1188) AND (d_month_seq <= 1199))
                                                                                      Rows Removed by Filter: 72684
                                                                    ->  Index Scan using pk_customer on customer  (cost=0.29..0.31 rows=1 width=60) (actual time=0.001..0.001 rows=1 loops=552788)
                                                                          Index Cond: (c_customer_sk = store_sales.ss_customer_sk)
                                      ->  Subquery Scan on "*SELECT* 2"  (cost=23793.11..23935.73 rows=7131 width=60) (actual time=584.353..593.419 rows=31544 loops=1)
                                            ->  HashAggregate  (cost=23793.11..23864.42 rows=7131 width=56) (actual time=584.353..590.959 rows=31544 loops=1)
                                                  Group Key: customer_1.c_last_name, customer_1.c_first_name, date_dim_1.d_date
                                                  Batches: 1  Memory Usage: 6673kB
                                                  ->  Nested Loop  (cost=0.72..23739.62 rows=7131 width=56) (actual time=3.695..476.208 rows=283488 loops=1)
                                                        ->  Nested Loop  (cost=0.43..21498.55 rows=7169 width=12) (actual time=3.684..101.746 rows=284178 loops=1)
                                                              ->  Seq Scan on date_dim date_dim_1  (cost=0.00..2500.73 rows=366 width=12) (actual time=3.661..8.005 rows=365 loops=1)
                                                                    Filter: ((d_month_seq >= 1188) AND (d_month_seq <= 1199))
                                                                    Rows Removed by Filter: 72684
                                                              ->  Index Scan using i_cs_sold_date_sk on catalog_sales  (cost=0.43..44.09 rows=782 width=16) (actual time=0.004..0.178 rows=779 loops=365)
                                                                    Index Cond: (cs_sold_date_sk = date_dim_1.d_date_sk)
                                                        ->  Index Scan using pk_customer on customer customer_1  (cost=0.29..0.31 rows=1 width=60) (actual time=0.001..0.001 rows=1 loops=284178)
                                                              Index Cond: (c_customer_sk = catalog_sales.cs_bill_customer_sk)
                    ->  Subquery Scan on "*SELECT* 3"  (cost=34489.75..34972.43 rows=3603 width=60) (actual time=265.117..377.096 rows=12021 loops=1)
                          ->  Unique  (cost=34489.75..34936.40 rows=3603 width=56) (actual time=265.116..375.793 rows=12021 loops=1)
                                ->  Gather Merge  (cost=34489.75..34909.38 rows=3603 width=56) (actual time=265.114..352.822 rows=144990 loops=1)
                                      Workers Planned: 2
                                      Workers Launched: 2
                                      ->  Sort  (cost=33489.73..33493.48 rows=1501 width=56) (actual time=238.121..242.875 rows=48330 loops=3)
                                            Sort Key: customer_2.c_last_name, customer_2.c_first_name, date_dim_2.d_date
                                            Sort Method: quicksort  Memory: 7473kB
                                            Worker 0:  Sort Method: quicksort  Memory: 5220kB
                                            Worker 1:  Sort Method: quicksort  Memory: 5287kB
                                            ->  Nested Loop  (cost=2505.60..33410.54 rows=1501 width=56) (actual time=13.503..171.578 rows=48330 loops=3)
                                                  ->  Hash Join  (cost=2505.31..32937.09 rows=1502 width=12) (actual time=13.452..93.324 rows=48339 loops=3)
                                                        Hash Cond: (web_sales.ws_sold_date_sk = date_dim_2.d_date_sk)
                                                        ->  Parallel Seq Scan on web_sales  (cost=0.00..29644.81 rows=299781 width=16) (actual time=0.017..45.566 rows=239825 loops=3)
                                                        ->  Hash  (cost=2500.73..2500.73 rows=366 width=12) (actual time=13.299..13.299 rows=365 loops=3)
                                                              Buckets: 1024  Batches: 1  Memory Usage: 26kB
                                                              ->  Seq Scan on date_dim date_dim_2  (cost=0.00..2500.73 rows=366 width=12) (actual time=6.189..13.249 rows=365 loops=3)
                                                                    Filter: ((d_month_seq >= 1188) AND (d_month_seq <= 1199))
                                                                    Rows Removed by Filter: 72684
                                                  ->  Index Scan using pk_customer on customer customer_2  (cost=0.29..0.32 rows=1 width=60) (actual time=0.001..0.001 rows=1 loops=145018)
                                                        Index Cond: (c_customer_sk = web_sales.ws_bill_customer_sk)
 count 
-------
 47300
(1 row)

UPDATE time_statistics SET e_time = TRANSACTION_TIMESTAMP() WHERE template = 'query87.tpl' AND stream = 3;
psql:/tmp/s1-basline/throughput/query_3.sql:1397: NOTICE:  duration: 0.044 ms  plan:
Query Text: UPDATE time_statistics SET e_time = TRANSACTION_TIMESTAMP() WHERE template = 'query87.tpl' AND stream = 3;
Update on time_statistics  (cost=0.00..4.92 rows=0 width=0) (actual time=0.044..0.044 rows=0 loops=1)
  ->  Seq Scan on time_statistics  (cost=0.00..4.92 rows=1 width=14) (actual time=0.019..0.029 rows=1 loops=1)
        Filter: ((template = 'query87.tpl'::text) AND (stream = 3))
        Rows Removed by Filter: 136
UPDATE 1
LOAD 'auto_explain'; SET auto_explain.log_min_duration TO 0; SET auto_explain.log_analyze TO on; SET auto_explain.log_level TO notice; INSERT INTO time_statistics (template, s_time, stream, query, seed) VALUES ('query58.tpl', TRANSACTION_TIMESTAMP(), 3, 27, 670657009);
LOAD
SET
SET
SET
psql:/tmp/s1-basline/throughput/query_3.sql:1398: NOTICE:  duration: 0.009 ms  plan:
Query Text: INSERT INTO time_statistics (template, s_time, stream, query, seed) VALUES ('query58.tpl', TRANSACTION_TIMESTAMP(), 3, 27, 670657009);
Insert on time_statistics  (cost=0.00..0.01 rows=0 width=0) (actual time=0.008..0.009 rows=0 loops=1)
  ->  Result  (cost=0.00..0.01 rows=1 width=64) (actual time=0.002..0.002 rows=1 loops=1)
INSERT 0 1
with ss_items as
 (select i_item_id item_id
        ,sum(ss_ext_sales_price) ss_item_rev 
 from store_sales
     ,item
     ,date_dim
 where ss_item_sk = i_item_sk
   and d_date in (select d_date
                  from date_dim
                  where d_week_seq = (select d_week_seq 
                                      from date_dim
                                      where d_date = '2002-05-16'))
   and ss_sold_date_sk   = d_date_sk
 group by i_item_id),
 cs_items as
 (select i_item_id item_id
        ,sum(cs_ext_sales_price) cs_item_rev
  from catalog_sales
      ,item
      ,date_dim
 where cs_item_sk = i_item_sk
  and  d_date in (select d_date
                  from date_dim
                  where d_week_seq = (select d_week_seq 
                                      from date_dim
                                      where d_date = '2002-05-16'))
  and  cs_sold_date_sk = d_date_sk
 group by i_item_id),
 ws_items as
 (select i_item_id item_id
        ,sum(ws_ext_sales_price) ws_item_rev
  from web_sales
      ,item
      ,date_dim
 where ws_item_sk = i_item_sk
  and  d_date in (select d_date
                  from date_dim
                  where d_week_seq =(select d_week_seq 
                                     from date_dim
                                     where d_date = '2002-05-16'))
  and ws_sold_date_sk   = d_date_sk
 group by i_item_id)
  select  ss_items.item_id
       ,ss_item_rev
       ,ss_item_rev/((ss_item_rev+cs_item_rev+ws_item_rev)/3) * 100 ss_dev
       ,cs_item_rev
       ,cs_item_rev/((ss_item_rev+cs_item_rev+ws_item_rev)/3) * 100 cs_dev
       ,ws_item_rev
       ,ws_item_rev/((ss_item_rev+cs_item_rev+ws_item_rev)/3) * 100 ws_dev
       ,(ss_item_rev+cs_item_rev+ws_item_rev)/3 average
 from ss_items,cs_items,ws_items
 where ss_items.item_id=cs_items.item_id
   and ss_items.item_id=ws_items.item_id 
   and ss_item_rev between 0.9 * cs_item_rev and 1.1 * cs_item_rev
   and ss_item_rev between 0.9 * ws_item_rev and 1.1 * ws_item_rev
   and cs_item_rev between 0.9 * ss_item_rev and 1.1 * ss_item_rev
   and cs_item_rev between 0.9 * ws_item_rev and 1.1 * ws_item_rev
   and ws_item_rev between 0.9 * ss_item_rev and 1.1 * ss_item_rev
   and ws_item_rev between 0.9 * cs_item_rev and 1.1 * cs_item_rev
 order by item_id
         ,ss_item_rev
 limit 100;
psql:/tmp/s1-basline/throughput/query_3.sql:1460: NOTICE:  duration: 76.130 ms  plan:
Query Text: with ss_items as
 (select i_item_id item_id
        ,sum(ss_ext_sales_price) ss_item_rev 
 from store_sales
     ,item
     ,date_dim
 where ss_item_sk = i_item_sk
   and d_date in (select d_date
                  from date_dim
                  where d_week_seq = (select d_week_seq 
                                      from date_dim
                                      where d_date = '2002-05-16'))
   and ss_sold_date_sk   = d_date_sk
 group by i_item_id),
 cs_items as
 (select i_item_id item_id
        ,sum(cs_ext_sales_price) cs_item_rev
  from catalog_sales
      ,item
      ,date_dim
 where cs_item_sk = i_item_sk
  and  d_date in (select d_date
                  from date_dim
                  where d_week_seq = (select d_week_seq 
                                      from date_dim
                                      where d_date = '2002-05-16'))
  and  cs_sold_date_sk = d_date_sk
 group by i_item_id),
 ws_items as
 (select i_item_id item_id
        ,sum(ws_ext_sales_price) ws_item_rev
  from web_sales
      ,item
      ,date_dim
 where ws_item_sk = i_item_sk
  and  d_date in (select d_date
                  from date_dim
                  where d_week_seq =(select d_week_seq 
                                     from date_dim
                                     where d_date = '2002-05-16'))
  and ws_sold_date_sk   = d_date_sk
 group by i_item_id)
  select  ss_items.item_id
       ,ss_item_rev
       ,ss_item_rev/((ss_item_rev+cs_item_rev+ws_item_rev)/3) * 100 ss_dev
       ,cs_item_rev
       ,cs_item_rev/((ss_item_rev+cs_item_rev+ws_item_rev)/3) * 100 cs_dev
       ,ws_item_rev
       ,ws_item_rev/((ss_item_rev+cs_item_rev+ws_item_rev)/3) * 100 ws_dev
       ,(ss_item_rev+cs_item_rev+ws_item_rev)/3 average
 from ss_items,cs_items,ws_items
 where ss_items.item_id=cs_items.item_id
   and ss_items.item_id=ws_items.item_id 
   and ss_item_rev between 0.9 * cs_item_rev and 1.1 * cs_item_rev
   and ss_item_rev between 0.9 * ws_item_rev and 1.1 * ws_item_rev
   and cs_item_rev between 0.9 * ss_item_rev and 1.1 * ss_item_rev
   and cs_item_rev between 0.9 * ws_item_rev and 1.1 * ws_item_rev
   and ws_item_rev between 0.9 * ss_item_rev and 1.1 * ss_item_rev
   and ws_item_rev between 0.9 * cs_item_rev and 1.1 * cs_item_rev
 order by item_id
         ,ss_item_rev
 limit 100;
Limit  (cost=7734.90..7734.91 rows=1 width=73) (actual time=76.119..76.128 rows=0 loops=1)
  ->  Sort  (cost=7734.90..7734.91 rows=1 width=73) (actual time=76.119..76.127 rows=0 loops=1)
        Sort Key: item.i_item_id, (sum(store_sales.ss_ext_sales_price))
        Sort Method: quicksort  Memory: 25kB
        ->  Merge Join  (cost=7718.48..7734.89 rows=1 width=73) (actual time=76.115..76.123 rows=0 loops=1)
              Merge Cond: (item.i_item_id = item_1.i_item_id)
              Join Filter: (((sum(store_sales.ss_ext_sales_price)) >= ('0.9'::double precision * (sum(catalog_sales.cs_ext_sales_price)))) AND ((sum(store_sales.ss_ext_sales_price)) <= ('1.1'::double precision * (sum(catalog_sales.cs_ext_sales_price)))) AND ((sum(catalog_sales.cs_ext_sales_price)) >= ('0.9'::double precision * (sum(store_sales.ss_ext_sales_price)))) AND ((sum(catalog_sales.cs_ext_sales_price)) <= ('1.1'::double precision * (sum(store_sales.ss_ext_sales_price)))) AND ((sum(store_sales.ss_ext_sales_price)) >= ('0.9'::double precision * (sum(web_sales.ws_ext_sales_price)))) AND ((sum(store_sales.ss_ext_sales_price)) <= ('1.1'::double precision * (sum(web_sales.ws_ext_sales_price)))) AND ((sum(web_sales.ws_ext_sales_price)) >= ('0.9'::double precision * (sum(store_sales.ss_ext_sales_price)))) AND ((sum(web_sales.ws_ext_sales_price)) <= ('1.1'::double precision * (sum(store_sales.ss_ext_sales_price)))))
              Rows Removed by Join Filter: 6
              ->  GroupAggregate  (cost=2730.54..2735.14 rows=263 width=25) (actual time=34.410..36.376 rows=4158 loops=1)
                    Group Key: item.i_item_id
                    InitPlan 1 (returns $0)
                      ->  Index Scan using i_d_date on date_dim date_dim_6  (cost=0.29..2.51 rows=1 width=4) (actual time=0.006..0.007 rows=1 loops=1)
                            Index Cond: (d_date = '2002-05-16'::date)
                    ->  Sort  (cost=2728.03..2728.69 rows=263 width=25) (actual time=34.406..34.794 rows=5508 loops=1)
                          Sort Key: item.i_item_id
                          Sort Method: quicksort  Memory: 585kB
                          ->  Nested Loop  (cost=2319.14..2717.46 rows=263 width=25) (actual time=7.841..19.003 rows=5600 loops=1)
                                ->  Nested Loop  (cost=2318.85..2637.11 rows=263 width=16) (actual time=7.836..10.430 rows=5600 loops=1)
                                      ->  Nested Loop  (cost=2318.42..2335.84 rows=7 width=8) (actual time=7.824..7.841 rows=7 loops=1)
                                            ->  HashAggregate  (cost=2318.13..2318.20 rows=7 width=4) (actual time=7.819..7.821 rows=7 loops=1)
                                                  Group Key: date_dim_1.d_date
                                                  Batches: 1  Memory Usage: 24kB
                                                  ->  Seq Scan on date_dim date_dim_1  (cost=0.00..2318.11 rows=7 width=4) (actual time=3.904..7.815 rows=7 loops=1)
                                                        Filter: (d_week_seq = $0)
                                                        Rows Removed by Filter: 73042
                                            ->  Index Scan using i_d_date on date_dim  (cost=0.29..2.51 rows=1 width=12) (actual time=0.002..0.002 rows=1 loops=7)
                                                  Index Cond: (d_date = date_dim_1.d_date)
                                      ->  Index Scan using i_ss_sold_date_sk on store_sales  (cost=0.43..27.96 rows=1508 width=24) (actual time=0.006..0.252 rows=800 loops=7)
                                            Index Cond: (ss_sold_date_sk = date_dim.d_date_sk)
                                ->  Index Scan using pk_item on item  (cost=0.29..0.31 rows=1 width=25) (actual time=0.001..0.001 rows=1 loops=5600)
                                      Index Cond: (i_item_sk = store_sales.ss_item_sk)
              ->  Materialize  (cost=4987.94..4996.36 rows=1 width=50) (actual time=35.663..38.555 rows=14 loops=1)
                    ->  Merge Join  (cost=4987.94..4996.36 rows=1 width=50) (actual time=35.661..38.549 rows=14 loops=1)
                          Merge Cond: (item_1.i_item_id = item_2.i_item_id)
                          Join Filter: (((sum(catalog_sales.cs_ext_sales_price)) >= ('0.9'::double precision * (sum(web_sales.ws_ext_sales_price)))) AND ((sum(catalog_sales.cs_ext_sales_price)) <= ('1.1'::double precision * (sum(web_sales.ws_ext_sales_price)))) AND ((sum(web_sales.ws_ext_sales_price)) >= ('0.9'::double precision * (sum(catalog_sales.cs_ext_sales_price)))) AND ((sum(web_sales.ws_ext_sales_price)) <= ('1.1'::double precision * (sum(catalog_sales.cs_ext_sales_price)))))
                          Rows Removed by Join Filter: 411
                          ->  GroupAggregate  (cost=2544.41..2546.81 rows=137 width=25) (actual time=21.620..22.795 rows=2736 loops=1)
                                Group Key: item_1.i_item_id
                                InitPlan 2 (returns $1)
                                  ->  Index Scan using i_d_date on date_dim date_dim_7  (cost=0.29..2.51 rows=1 width=4) (actual time=0.003..0.003 rows=1 loops=1)
                                        Index Cond: (d_date = '2002-05-16'::date)
                                ->  Sort  (cost=2541.90..2542.24 rows=137 width=25) (actual time=21.617..21.792 rows=3207 loops=1)
                                      Sort Key: item_1.i_item_id
                                      Sort Method: quicksort  Memory: 322kB
                                      ->  Nested Loop  (cost=2319.14..2537.04 rows=137 width=25) (actual time=7.246..13.188 rows=3207 loops=1)
                                            ->  Nested Loop  (cost=2318.85..2495.12 rows=137 width=16) (actual time=7.243..8.581 rows=3207 loops=1)
                                                  ->  Nested Loop  (cost=2318.42..2335.84 rows=7 width=8) (actual time=7.233..7.249 rows=7 loops=1)
                                                        ->  HashAggregate  (cost=2318.13..2318.20 rows=7 width=4) (actual time=7.229..7.231 rows=7 loops=1)
                                                              Group Key: date_dim_3.d_date
                                                              Batches: 1  Memory Usage: 24kB
                                                              ->  Seq Scan on date_dim date_dim_3  (cost=0.00..2318.11 rows=7 width=4) (actual time=3.662..7.226 rows=7 loops=1)
                                                                    Filter: (d_week_seq = $1)
                                                                    Rows Removed by Filter: 73042
                                                        ->  Index Scan using i_d_date on date_dim date_dim_2  (cost=0.29..2.51 rows=1 width=12) (actual time=0.002..0.002 rows=1 loops=7)
                                                              Index Cond: (d_date = date_dim_3.d_date)
                                                  ->  Index Scan using i_cs_sold_date_sk on catalog_sales  (cost=0.43..14.93 rows=782 width=24) (actual time=0.004..0.115 rows=458 loops=7)
                                                        Index Cond: (cs_sold_date_sk = date_dim_2.d_date_sk)
                                            ->  Index Scan using pk_item on item item_1  (cost=0.29..0.31 rows=1 width=25) (actual time=0.001..0.001 rows=1 loops=3207)
                                                  Index Cond: (i_item_sk = catalog_sales.cs_item_sk)
                          ->  Materialize  (cost=2443.53..2445.60 rows=69 width=25) (actual time=13.432..14.277 rows=1411 loops=1)
                                ->  GroupAggregate  (cost=2443.53..2444.74 rows=69 width=25) (actual time=13.430..14.007 rows=1411 loops=1)
                                      Group Key: item_2.i_item_id
                                      InitPlan 3 (returns $2)
                                        ->  Index Scan using i_d_date on date_dim date_dim_8  (cost=0.29..2.51 rows=1 width=4) (actual time=0.003..0.003 rows=1 loops=1)
                                              Index Cond: (d_date = '2002-05-16'::date)
                                      ->  Sort  (cost=2441.02..2441.19 rows=69 width=25) (actual time=13.427..13.494 rows=1536 loops=1)
                                            Sort Key: item_2.i_item_id
                                            Sort Method: quicksort  Memory: 157kB
                                            ->  Nested Loop  (cost=2319.14..2438.91 rows=69 width=25) (actual time=6.679..9.706 rows=1536 loops=1)
                                                  ->  Nested Loop  (cost=2318.85..2417.73 rows=69 width=16) (actual time=6.676..7.455 rows=1536 loops=1)
                                                        ->  Nested Loop  (cost=2318.42..2335.84 rows=7 width=8) (actual time=6.666..6.680 rows=7 loops=1)
                                                              ->  HashAggregate  (cost=2318.13..2318.20 rows=7 width=4) (actual time=6.662..6.663 rows=7 loops=1)
                                                                    Group Key: date_dim_5.d_date
                                                                    Batches: 1  Memory Usage: 24kB
                                                                    ->  Seq Scan on date_dim date_dim_5  (cost=0.00..2318.11 rows=7 width=4) (actual time=3.444..6.658 rows=7 loops=1)
                                                                          Filter: (d_week_seq = $2)
                                                                          Rows Removed by Filter: 73042
                                                              ->  Index Scan using i_d_date on date_dim date_dim_4  (cost=0.29..2.51 rows=1 width=12) (actual time=0.002..0.002 rows=1 loops=7)
                                                                    Index Cond: (d_date = date_dim_5.d_date)
                                                        ->  Index Scan using i_ws_sold_date_sk on web_sales  (cost=0.42..7.75 rows=395 width=24) (actual time=0.004..0.074 rows=219 loops=7)
                                                              Index Cond: (ws_sold_date_sk = date_dim_4.d_date_sk)
                                                  ->  Index Scan using pk_item on item item_2  (cost=0.29..0.31 rows=1 width=25) (actual time=0.001..0.001 rows=1 loops=1536)
                                                        Index Cond: (i_item_sk = web_sales.ws_item_sk)
 item_id | ss_item_rev | ss_dev | cs_item_rev | cs_dev | ws_item_rev | ws_dev | average 
---------+-------------+--------+-------------+--------+-------------+--------+---------
(0 rows)

UPDATE time_statistics SET e_time = TRANSACTION_TIMESTAMP() WHERE template = 'query58.tpl' AND stream = 3;
psql:/tmp/s1-basline/throughput/query_3.sql:1462: NOTICE:  duration: 0.040 ms  plan:
Query Text: UPDATE time_statistics SET e_time = TRANSACTION_TIMESTAMP() WHERE template = 'query58.tpl' AND stream = 3;
Update on time_statistics  (cost=0.00..4.92 rows=0 width=0) (actual time=0.040..0.040 rows=0 loops=1)
  ->  Seq Scan on time_statistics  (cost=0.00..4.92 rows=1 width=14) (actual time=0.017..0.026 rows=1 loops=1)
        Filter: ((template = 'query58.tpl'::text) AND (stream = 3))
        Rows Removed by Filter: 137
UPDATE 1
LOAD 'auto_explain'; SET auto_explain.log_min_duration TO 0; SET auto_explain.log_analyze TO on; SET auto_explain.log_level TO notice; INSERT INTO time_statistics (template, s_time, stream, query, seed) VALUES ('../query_variants/query36a.tpl', TRANSACTION_TIMESTAMP(), 3, 28, 1638170242);
LOAD
SET
SET
SET
psql:/tmp/s1-basline/throughput/query_3.sql:1463: NOTICE:  duration: 0.009 ms  plan:
Query Text: INSERT INTO time_statistics (template, s_time, stream, query, seed) VALUES ('../query_variants/query36a.tpl', TRANSACTION_TIMESTAMP(), 3, 28, 1638170242);
Insert on time_statistics  (cost=0.00..0.01 rows=0 width=0) (actual time=0.008..0.008 rows=0 loops=1)
  ->  Result  (cost=0.00..0.01 rows=1 width=64) (actual time=0.001..0.002 rows=1 loops=1)
INSERT 0 1
with results as
 (select 
    sum(ss_net_profit) as ss_net_profit, sum(ss_ext_sales_price) as ss_ext_sales_price,
    sum(ss_net_profit)/sum(ss_ext_sales_price) as gross_margin
   ,i_category
   ,i_class
   ,0 as g_category, 0 as g_class
 from
    store_sales
   ,date_dim       d1
   ,item
   ,store
 where
    d1.d_year = 2000 
    and d1.d_date_sk = ss_sold_date_sk
    and i_item_sk  = ss_item_sk 
    and s_store_sk  = ss_store_sk
    and s_state in ('TN','TN','TN','TN',
                 'TN','TN','TN','TN')
 group by i_category,i_class)
 ,
 results_rollup as
 (select gross_margin ,i_category ,i_class,0 as t_category, 0 as t_class, 0 as lochierarchy from results
 union
 select sum(ss_net_profit)/sum(ss_ext_sales_price) as gross_margin,
   i_category, NULL AS i_class, 0 as t_category, 1 as t_class, 1 as lochierarchy from results group by i_category
 union
 select sum(ss_net_profit)/sum(ss_ext_sales_price) as gross_margin,
   NULL AS i_category ,NULL AS i_class, 1 as t_category, 1 as t_class, 2 as lochierarchy from results)
  select 
  gross_margin ,i_category ,i_class, lochierarchy,rank() over (
 	partition by lochierarchy, case when t_class = 0 then i_category end 
 	order by gross_margin asc) as rank_within_parent
 from results_rollup
 order by
   lochierarchy desc
  ,case when lochierarchy = 0 then i_category end
  ,rank_within_parent
  limit 100;
psql:/tmp/s1-basline/throughput/query_3.sql:1502: NOTICE:  duration: 1115.965 ms  plan:
Query Text: with results as
 (select 
    sum(ss_net_profit) as ss_net_profit, sum(ss_ext_sales_price) as ss_ext_sales_price,
    sum(ss_net_profit)/sum(ss_ext_sales_price) as gross_margin
   ,i_category
   ,i_class
   ,0 as g_category, 0 as g_class
 from
    store_sales
   ,date_dim       d1
   ,item
   ,store
 where
    d1.d_year = 2000 
    and d1.d_date_sk = ss_sold_date_sk
    and i_item_sk  = ss_item_sk 
    and s_store_sk  = ss_store_sk
    and s_state in ('TN','TN','TN','TN',
                 'TN','TN','TN','TN')
 group by i_category,i_class)
 ,
 results_rollup as
 (select gross_margin ,i_category ,i_class,0 as t_category, 0 as t_class, 0 as lochierarchy from results
 union
 select sum(ss_net_profit)/sum(ss_ext_sales_price) as gross_margin,
   i_category, NULL AS i_class, 0 as t_category, 1 as t_class, 1 as lochierarchy from results group by i_category
 union
 select sum(ss_net_profit)/sum(ss_ext_sales_price) as gross_margin,
   NULL AS i_category ,NULL AS i_class, 1 as t_category, 1 as t_class, 2 as lochierarchy from results)
  select 
  gross_margin ,i_category ,i_class, lochierarchy,rank() over (
 	partition by lochierarchy, case when t_class = 0 then i_category end 
 	order by gross_margin asc) as rank_within_parent
 from results_rollup
 order by
   lochierarchy desc
  ,case when lochierarchy = 0 then i_category end
  ,rank_within_parent
  limit 100;
Limit  (cost=94224.81..94225.06 rows=100 width=148) (actual time=1115.758..1115.896 rows=100 loops=1)
  CTE results
    ->  Finalize GroupAggregate  (cost=93610.41..93948.88 rows=990 width=134) (actual time=1010.954..1115.198 rows=122 loops=1)
          Group Key: item.i_category, item.i_class
          ->  Gather Merge  (cost=93610.41..93916.70 rows=1980 width=118) (actual time=1010.313..1115.055 rows=362 loops=1)
                Workers Planned: 2
                Workers Launched: 2
                ->  Partial GroupAggregate  (cost=92610.39..92688.14 rows=990 width=118) (actual time=896.527..983.229 rows=121 loops=3)
                      Group Key: item.i_category, item.i_class
                      ->  Sort  (cost=92610.39..92623.96 rows=5428 width=118) (actual time=895.792..934.079 rows=179411 loops=3)
                            Sort Key: item.i_category, item.i_class
                            Sort Method: external merge  Disk: 24992kB
                            Worker 0:  Sort Method: external merge  Disk: 20672kB
                            Worker 1:  Sort Method: external merge  Disk: 22592kB
                            ->  Nested Loop  (cost=2324.33..92273.68 rows=5428 width=118) (actual time=14.160..689.148 rows=179411 loops=3)
                                  ->  Hash Join  (cost=2324.04..90615.44 rows=5428 width=24) (actual time=14.104..331.330 rows=179411 loops=3)
                                        Hash Cond: (store_sales.ss_store_sk = store.s_store_sk)
                                        ->  Hash Join  (cost=2322.65..90594.07 rows=5693 width=32) (actual time=14.015..301.431 rows=183784 loops=3)
                                              Hash Cond: (store_sales.ss_sold_date_sk = d1.d_date_sk)
                                              ->  Parallel Seq Scan on store_sales  (cost=0.00..85123.48 rows=1199148 width=40) (actual time=0.013..131.641 rows=959309 loops=3)
                                              ->  Hash  (cost=2318.11..2318.11 rows=363 width=8) (actual time=13.982..13.984 rows=366 loops=3)
                                                    Buckets: 1024  Batches: 1  Memory Usage: 23kB
                                                    ->  Seq Scan on date_dim d1  (cost=0.00..2318.11 rows=363 width=8) (actual time=6.774..13.937 rows=366 loops=3)
                                                          Filter: (d_year = 2000)
                                                          Rows Removed by Filter: 72683
                                        ->  Hash  (cost=1.24..1.24 rows=12 width=8) (actual time=0.035..0.036 rows=12 loops=3)
                                              Buckets: 1024  Batches: 1  Memory Usage: 9kB
                                              ->  Seq Scan on store  (cost=0.00..1.24 rows=12 width=8) (actual time=0.026..0.031 rows=12 loops=3)
                                                    Filter: (s_state = ANY ('{TN,TN,TN,TN,TN,TN,TN,TN}'::bpchar[]))
                                  ->  Index Scan using pk_item on item  (cost=0.29..0.31 rows=1 width=110) (actual time=0.002..0.002 rows=1 loops=538232)
                                        Index Cond: (i_item_sk = store_sales.ss_item_sk)
  ->  Sort  (cost=275.93..278.91 rows=1191 width=148) (actual time=1115.757..1115.763 rows=100 loops=1)
        Sort Key: results_rollup.lochierarchy DESC, (CASE WHEN (results_rollup.lochierarchy = 0) THEN results_rollup.i_category ELSE NULL::bpchar END), (rank() OVER (?))
        Sort Method: quicksort  Memory: 57kB
        ->  WindowAgg  (cost=197.66..230.42 rows=1191 width=148) (actual time=1115.453..1115.551 rows=134 loops=1)
              ->  Sort  (cost=197.66..200.64 rows=1191 width=108) (actual time=1115.446..1115.453 rows=134 loops=1)
                    Sort Key: results_rollup.lochierarchy, (CASE WHEN (results_rollup.t_class = 0) THEN results_rollup.i_category ELSE NULL::bpchar END), results_rollup.gross_margin
                    Sort Method: quicksort  Memory: 49kB
                    ->  Subquery Scan on results_rollup  (cost=110.02..136.81 rows=1191 width=108) (actual time=1115.311..1115.350 rows=134 loops=1)
                          ->  HashAggregate  (cost=110.02..121.93 rows=1191 width=84) (actual time=1115.309..1115.336 rows=134 loops=1)
                                Group Key: results.gross_margin, results.i_category, results.i_class, (0), (0), (0)
                                Batches: 1  Memory Usage: 97kB
                                ->  Append  (cost=0.00..92.15 rows=1191 width=84) (actual time=1010.958..1115.227 rows=134 loops=1)
                                      ->  CTE Scan on results  (cost=0.00..19.80 rows=990 width=428) (actual time=1010.957..1115.136 rows=122 loops=1)
                                      ->  HashAggregate  (cost=27.23..29.73 rows=200 width=256) (actual time=0.054..0.057 rows=11 loops=1)
                                            Group Key: results_1.i_category
                                            Batches: 1  Memory Usage: 40kB
                                            ->  CTE Scan on results results_1  (cost=0.00..19.80 rows=990 width=220) (actual time=0.000..0.010 rows=122 loops=1)
                                      ->  Aggregate  (cost=24.75..24.76 rows=1 width=84) (actual time=0.020..0.021 rows=1 loops=1)
                                            ->  CTE Scan on results results_2  (cost=0.00..19.80 rows=990 width=16) (actual time=0.000..0.009 rows=122 loops=1)
     gross_margin     |                     i_category                     |                      i_class                       | lochierarchy | rank_within_parent 
----------------------+----------------------------------------------------+----------------------------------------------------+--------------+--------------------
 -0.43529697446106735 |                                                    |                                                    |            2 |                  1
  -0.4585631539942352 |                                                    |                                                    |            1 |                  1
  -0.4408355812173948 | Jewelry                                            |                                                    |            1 |                  2
 -0.43951044984309584 | Children                                           |                                                    |            1 |                  3
  -0.4384037935511207 | Music                                              |                                                    |            1 |                  4
 -0.43786362482953445 | Men                                                |                                                    |            1 |                  5
 -0.43785185586540654 | Electronics                                        |                                                    |            1 |                  6
  -0.4337166787651142 | Books                                              |                                                    |            1 |                  7
  -0.4328667216264023 | Women                                              |                                                    |            1 |                  8
   -0.432096635297422 | Shoes                                              |                                                    |            1 |                  9
  -0.4306273397824315 | Home                                               |                                                    |            1 |                 10
  -0.4285876518502272 | Sports                                             |                                                    |            1 |                 11
 -0.47229152545730774 | Books                                              | fiction                                            |            0 |                  1
  -0.4628321526158489 | Books                                              | arts                                               |            0 |                  2
 -0.45983627729985993 | Books                                              | reference                                          |            0 |                  3
 -0.45935727967988677 | Books                                              | mystery                                            |            0 |                  4
 -0.45250432547280983 | Books                                              | sports                                             |            0 |                  5
 -0.43455466672104154 | Books                                              | travel                                             |            0 |                  6
  -0.4317044662365543 | Books                                              | parenting                                          |            0 |                  7
 -0.42930897079494346 | Books                                              | cooking                                            |            0 |                  8
 -0.42834886828085217 | Books                                              | entertainments                                     |            0 |                  9
 -0.42593858212280444 | Books                                              | romance                                            |            0 |                 10
  -0.4240196434553532 | Books                                              | business                                           |            0 |                 11
 -0.42109654658339496 | Books                                              | self-help                                          |            0 |                 12
  -0.4186592894890175 | Books                                              | home repair                                        |            0 |                 13
 -0.41361411049345714 | Books                                              | computers                                          |            0 |                 14
  -0.4125058387346616 | Books                                              | science                                            |            0 |                 15
 -0.38621346505467324 | Books                                              | history                                            |            0 |                 16
  -0.6106548925336569 | Children                                           |                                                    |            0 |                  1
 -0.45055982495762886 | Children                                           | infants                                            |            0 |                  2
  -0.4400454132460838 | Children                                           | newborn                                            |            0 |                  3
 -0.43629913426353034 | Children                                           | school-uniforms                                    |            0 |                  4
 -0.43110715396011096 | Children                                           | toddlers                                           |            0 |                  5
  -0.5161908330837801 | Electronics                                        | audio                                              |            0 |                  1
 -0.47549330162871767 | Electronics                                        | automotive                                         |            0 |                  2
  -0.4656138413101482 | Electronics                                        | cameras                                            |            0 |                  3
 -0.44559175813718094 | Electronics                                        | portable                                           |            0 |                  4
 -0.44256614749835665 | Electronics                                        | televisions                                        |            0 |                  5
 -0.44121770534074406 | Electronics                                        | dvd/vcr players                                    |            0 |                  6
 -0.43651267305742153 | Electronics                                        | wireless                                           |            0 |                  7
  -0.4341663241974901 | Electronics                                        | personal                                           |            0 |                  8
  -0.4312010227973968 | Electronics                                        | stereo                                             |            0 |                  9
 -0.43024429571299455 | Electronics                                        | scanners                                           |            0 |                 10
 -0.43016539516957375 | Electronics                                        | monitors                                           |            0 |                 11
  -0.4241668487108083 | Electronics                                        | disk drives                                        |            0 |                 12
  -0.4214910791239618 | Electronics                                        | karoke                                             |            0 |                 13
 -0.41465952813618717 | Electronics                                        | memory                                             |            0 |                 14
 -0.39424319509629224 | Electronics                                        | musical                                            |            0 |                 15
  -0.3916541168307506 | Electronics                                        | camcorders                                         |            0 |                 16
  -0.4621600374161797 | Home                                               | tables                                             |            0 |                  1
  -0.4511121071524427 | Home                                               | glassware                                          |            0 |                  2
  -0.4482710507505491 | Home                                               | kids                                               |            0 |                  3
 -0.44591308772684596 | Home                                               | mattresses                                         |            0 |                  4
 -0.44274402175846905 | Home                                               | flatware                                           |            0 |                  5
  -0.4410212052310598 | Home                                               | accent                                             |            0 |                  6
  -0.4397680688855454 | Home                                               | rugs                                               |            0 |                  7
  -0.4339056402075273 | Home                                               | lighting                                           |            0 |                  8
  -0.4336341172833018 | Home                                               | furniture                                          |            0 |                  9
  -0.4294685958041121 | Home                                               | decor                                              |            0 |                 10
 -0.42800627164921484 | Home                                               | wallpaper                                          |            0 |                 11
  -0.4271654291065899 | Home                                               | bathroom                                           |            0 |                 12
  -0.4164888618210444 | Home                                               | blinds/shades                                      |            0 |                 13
 -0.41230028550007053 | Home                                               | paint                                              |            0 |                 14
 -0.39995418596388244 | Home                                               | curtains/drapes                                    |            0 |                 15
  -0.3903083606926183 | Home                                               | bedding                                            |            0 |                 16
   -0.318076557850904 | Home                                               |                                                    |            0 |                 17
 -0.46539440317320735 | Jewelry                                            | womens watch                                       |            0 |                  1
  -0.4600003729513276 | Jewelry                                            | bracelets                                          |            0 |                  2
  -0.4585585238680297 | Jewelry                                            | gold                                               |            0 |                  3
  -0.4540579809174029 | Jewelry                                            | birdal                                             |            0 |                  4
 -0.45171880407465403 | Jewelry                                            | custom                                             |            0 |                  5
 -0.44999300065652564 | Jewelry                                            | pendants                                           |            0 |                  6
  -0.4465496502835867 | Jewelry                                            | consignment                                        |            0 |                  7
  -0.4446402710802947 | Jewelry                                            | mens watch                                         |            0 |                  8
 -0.44223512209060106 | Jewelry                                            | diamonds                                           |            0 |                  9
  -0.4363807306885845 | Jewelry                                            | jewelry boxes                                      |            0 |                 10
  -0.4343957171801629 | Jewelry                                            | semi-precious                                      |            0 |                 11
  -0.4312525578235667 | Jewelry                                            | costume                                            |            0 |                 12
 -0.42968169214595525 | Jewelry                                            | loose stones                                       |            0 |                 13
  -0.4197227191222382 | Jewelry                                            | estate                                             |            0 |                 14
  -0.4144536038693333 | Jewelry                                            | rings                                              |            0 |                 15
 -0.40758262329820943 | Jewelry                                            | earings                                            |            0 |                 16
  -0.3476885230585131 | Jewelry                                            |                                                    |            0 |                 17
   -0.444901490558863 | Men                                                | sports-apparel                                     |            0 |                  1
 -0.44240811081827464 | Men                                                | shirts                                             |            0 |                  2
 -0.43623944907896123 | Men                                                | accessories                                        |            0 |                  3
 -0.42916297738385034 | Men                                                | pants                                              |            0 |                  4
 -0.17679811931443873 | Men                                                |                                                    |            0 |                  5
  -0.4445743539988438 | Music                                              | classical                                          |            0 |                  1
  -0.4422833784995084 | Music                                              | rock                                               |            0 |                  2
 -0.43563541158603486 | Music                                              | pop                                                |            0 |                  3
  -0.4324792126158653 | Music                                              | country                                            |            0 |                  4
 -0.39805236332803806 | Music                                              |                                                    |            0 |                  5
  -0.4415925577590573 | Shoes                                              | womens                                             |            0 |                  1
   -0.432641750455742 | Shoes                                              | athletic                                           |            0 |                  2
 -0.43187205586068467 | Shoes                                              | kids                                               |            0 |                  3
 -0.42274569194698314 | Shoes                                              | mens                                               |            0 |                  4
  -0.4031341055327415 | Shoes                                              |                                                    |            0 |                  5
  -0.4703000601105542 | Sports                                             | guns                                               |            0 |                  1
 -0.45530568836224516 | Sports                                             | tennis                                             |            0 |                  2
(100 rows)

UPDATE time_statistics SET e_time = TRANSACTION_TIMESTAMP() WHERE template = '../query_variants/query36a.tpl' AND stream = 3;
psql:/tmp/s1-basline/throughput/query_3.sql:1504: NOTICE:  duration: 0.044 ms  plan:
Query Text: UPDATE time_statistics SET e_time = TRANSACTION_TIMESTAMP() WHERE template = '../query_variants/query36a.tpl' AND stream = 3;
Update on time_statistics  (cost=0.00..4.92 rows=0 width=0) (actual time=0.044..0.044 rows=0 loops=1)
  ->  Seq Scan on time_statistics  (cost=0.00..4.92 rows=1 width=14) (actual time=0.020..0.029 rows=1 loops=1)
        Filter: ((template = '../query_variants/query36a.tpl'::text) AND (stream = 3))
        Rows Removed by Filter: 138
UPDATE 1
LOAD 'auto_explain'; SET auto_explain.log_min_duration TO 0; SET auto_explain.log_analyze TO on; SET auto_explain.log_level TO notice; INSERT INTO time_statistics (template, s_time, stream, query, seed) VALUES ('../query_postgresql/query37.tpl', TRANSACTION_TIMESTAMP(), 3, 29, 1212170148);
LOAD
SET
SET
SET
psql:/tmp/s1-basline/throughput/query_3.sql:1505: NOTICE:  duration: 0.008 ms  plan:
Query Text: INSERT INTO time_statistics (template, s_time, stream, query, seed) VALUES ('../query_postgresql/query37.tpl', TRANSACTION_TIMESTAMP(), 3, 29, 1212170148);
Insert on time_statistics  (cost=0.00..0.01 rows=0 width=0) (actual time=0.008..0.008 rows=0 loops=1)
  ->  Result  (cost=0.00..0.01 rows=1 width=64) (actual time=0.001..0.001 rows=1 loops=1)
INSERT 0 1
select  i_item_id
       ,i_item_desc
       ,i_current_price
 from item, inventory, date_dim, catalog_sales
 where i_current_price between 28 and 28 + 30
 and inv_item_sk = i_item_sk
 and d_date_sk=inv_date_sk
 and d_date between cast('2001-05-03' as date) and (cast('2001-05-03' as date) +  INTERVAL '60 days')
 and i_manufact_id in (879,934,670,729)
 and inv_quantity_on_hand between 100 and 500
 and cs_item_sk = i_item_sk
 group by i_item_id,i_item_desc,i_current_price
 order by i_item_id
 limit 100;
psql:/tmp/s1-basline/throughput/query_3.sql:1519: NOTICE:  duration: 9.426 ms  plan:
Query Text: select  i_item_id
       ,i_item_desc
       ,i_current_price
 from item, inventory, date_dim, catalog_sales
 where i_current_price between 28 and 28 + 30
 and inv_item_sk = i_item_sk
 and d_date_sk=inv_date_sk
 and d_date between cast('2001-05-03' as date) and (cast('2001-05-03' as date) +  INTERVAL '60 days')
 and i_manufact_id in (879,934,670,729)
 and inv_quantity_on_hand between 100 and 500
 and cs_item_sk = i_item_sk
 group by i_item_id,i_item_desc,i_current_price
 order by i_item_id
 limit 100;
Limit  (cost=2227.47..2228.34 rows=2 width=127) (actual time=8.926..9.421 rows=1 loops=1)
  ->  Group  (cost=2227.47..2228.34 rows=2 width=127) (actual time=8.925..9.420 rows=1 loops=1)
        Group Key: item.i_item_id, item.i_item_desc, item.i_current_price
        ->  Sort  (cost=2227.47..2227.69 rows=87 width=127) (actual time=8.924..9.039 rows=3040 loops=1)
              Sort Key: item.i_item_id, item.i_item_desc, item.i_current_price
              Sort Method: quicksort  Memory: 619kB
              ->  Nested Loop  (cost=1.28..2224.67 rows=87 width=127) (actual time=4.335..8.138 rows=3040 loops=1)
                    ->  Nested Loop  (cost=0.85..2221.82 rows=1 width=143) (actual time=4.326..7.522 rows=19 loops=1)
                          ->  Seq Scan on item  (cost=0.00..1616.00 rows=2 width=135) (actual time=4.260..6.979 rows=1 loops=1)
                                Filter: ((i_current_price >= '28'::double precision) AND (i_current_price <= '58'::double precision) AND (i_manufact_id = ANY ('{879,934,670,729}'::integer[])))
                                Rows Removed by Filter: 17999
                          ->  Nested Loop  (cost=0.85..302.32 rows=59 width=8) (actual time=0.064..0.538 rows=19 loops=1)
                                ->  Index Scan using i_d_date on date_dim  (cost=0.29..4.67 rows=59 width=8) (actual time=0.011..0.022 rows=61 loops=1)
                                      Index Cond: ((d_date >= '2001-05-03'::date) AND (d_date <= '2001-07-02 00:00:00'::timestamp without time zone))
                                ->  Index Scan using pk_inventory on inventory  (cost=0.56..5.03 rows=1 width=16) (actual time=0.007..0.008 rows=0 loops=61)
                                      Index Cond: ((inv_date_sk = date_dim.d_date_sk) AND (inv_item_sk = item.i_item_sk))
                                      Filter: ((inv_quantity_on_hand >= 100) AND (inv_quantity_on_hand <= 500))
                                      Rows Removed by Filter: 0
                    ->  Index Only Scan using pk_catalog_sales on catalog_sales  (cost=0.43..1.97 rows=88 width=8) (actual time=0.004..0.019 rows=160 loops=19)
                          Index Cond: (cs_item_sk = inventory.inv_item_sk)
                          Heap Fetches: 0
    i_item_id     |                                                 i_item_desc                                                 | i_current_price 
------------------+-------------------------------------------------------------------------------------------------------------+-----------------
 AAAAAAAALLKCAAAA | Able, dark weeks destroy so together with a consequences. Old others meet very. Independent, only prisoners |           39.71
(1 row)

UPDATE time_statistics SET e_time = TRANSACTION_TIMESTAMP() WHERE template = '../query_postgresql/query37.tpl' AND stream = 3;
psql:/tmp/s1-basline/throughput/query_3.sql:1521: NOTICE:  duration: 0.030 ms  plan:
Query Text: UPDATE time_statistics SET e_time = TRANSACTION_TIMESTAMP() WHERE template = '../query_postgresql/query37.tpl' AND stream = 3;
Update on time_statistics  (cost=0.00..4.92 rows=0 width=0) (actual time=0.030..0.030 rows=0 loops=1)
  ->  Seq Scan on time_statistics  (cost=0.00..4.92 rows=1 width=14) (actual time=0.013..0.021 rows=1 loops=1)
        Filter: ((template = '../query_postgresql/query37.tpl'::text) AND (stream = 3))
        Rows Removed by Filter: 139
UPDATE 1
LOAD 'auto_explain'; SET auto_explain.log_min_duration TO 0; SET auto_explain.log_analyze TO on; SET auto_explain.log_level TO notice; INSERT INTO time_statistics (template, s_time, stream, query, seed) VALUES ('query4.tpl', TRANSACTION_TIMESTAMP(), 3, 30, 260048392);
LOAD
SET
SET
SET
psql:/tmp/s1-basline/throughput/query_3.sql:1522: NOTICE:  duration: 0.008 ms  plan:
Query Text: INSERT INTO time_statistics (template, s_time, stream, query, seed) VALUES ('query4.tpl', TRANSACTION_TIMESTAMP(), 3, 30, 260048392);
Insert on time_statistics  (cost=0.00..0.01 rows=0 width=0) (actual time=0.007..0.007 rows=0 loops=1)
  ->  Result  (cost=0.00..0.01 rows=1 width=64) (actual time=0.001..0.001 rows=1 loops=1)
INSERT 0 1
with year_total as (
 select c_customer_id customer_id
       ,c_first_name customer_first_name
       ,c_last_name customer_last_name
       ,c_preferred_cust_flag customer_preferred_cust_flag
       ,c_birth_country customer_birth_country
       ,c_login customer_login
       ,c_email_address customer_email_address
       ,d_year dyear
       ,sum(((ss_ext_list_price-ss_ext_wholesale_cost-ss_ext_discount_amt)+ss_ext_sales_price)/2) year_total
       ,'s' sale_type
 from customer
     ,store_sales
     ,date_dim
 where c_customer_sk = ss_customer_sk
   and ss_sold_date_sk = d_date_sk
 group by c_customer_id
         ,c_first_name
         ,c_last_name
         ,c_preferred_cust_flag
         ,c_birth_country
         ,c_login
         ,c_email_address
         ,d_year
 union all
 select c_customer_id customer_id
       ,c_first_name customer_first_name
       ,c_last_name customer_last_name
       ,c_preferred_cust_flag customer_preferred_cust_flag
       ,c_birth_country customer_birth_country
       ,c_login customer_login
       ,c_email_address customer_email_address
       ,d_year dyear
       ,sum((((cs_ext_list_price-cs_ext_wholesale_cost-cs_ext_discount_amt)+cs_ext_sales_price)/2) ) year_total
       ,'c' sale_type
 from customer
     ,catalog_sales
     ,date_dim
 where c_customer_sk = cs_bill_customer_sk
   and cs_sold_date_sk = d_date_sk
 group by c_customer_id
         ,c_first_name
         ,c_last_name
         ,c_preferred_cust_flag
         ,c_birth_country
         ,c_login
         ,c_email_address
         ,d_year
union all
 select c_customer_id customer_id
       ,c_first_name customer_first_name
       ,c_last_name customer_last_name
       ,c_preferred_cust_flag customer_preferred_cust_flag
       ,c_birth_country customer_birth_country
       ,c_login customer_login
       ,c_email_address customer_email_address
       ,d_year dyear
       ,sum((((ws_ext_list_price-ws_ext_wholesale_cost-ws_ext_discount_amt)+ws_ext_sales_price)/2) ) year_total
       ,'w' sale_type
 from customer
     ,web_sales
     ,date_dim
 where c_customer_sk = ws_bill_customer_sk
   and ws_sold_date_sk = d_date_sk
 group by c_customer_id
         ,c_first_name
         ,c_last_name
         ,c_preferred_cust_flag
         ,c_birth_country
         ,c_login
         ,c_email_address
         ,d_year
         )
  select  
                  t_s_secyear.customer_id
                 ,t_s_secyear.customer_first_name
                 ,t_s_secyear.customer_last_name
                 ,t_s_secyear.customer_login
 from year_total t_s_firstyear
     ,year_total t_s_secyear
     ,year_total t_c_firstyear
     ,year_total t_c_secyear
     ,year_total t_w_firstyear
     ,year_total t_w_secyear
 where t_s_secyear.customer_id = t_s_firstyear.customer_id
   and t_s_firstyear.customer_id = t_c_secyear.customer_id
   and t_s_firstyear.customer_id = t_c_firstyear.customer_id
   and t_s_firstyear.customer_id = t_w_firstyear.customer_id
   and t_s_firstyear.customer_id = t_w_secyear.customer_id
   and t_s_firstyear.sale_type = 's'
   and t_c_firstyear.sale_type = 'c'
   and t_w_firstyear.sale_type = 'w'
   and t_s_secyear.sale_type = 's'
   and t_c_secyear.sale_type = 'c'
   and t_w_secyear.sale_type = 'w'
   and t_s_firstyear.dyear =  1998
   and t_s_secyear.dyear = 1998+1
   and t_c_firstyear.dyear =  1998
   and t_c_secyear.dyear =  1998+1
   and t_w_firstyear.dyear = 1998
   and t_w_secyear.dyear = 1998+1
   and t_s_firstyear.year_total > 0
   and t_c_firstyear.year_total > 0
   and t_w_firstyear.year_total > 0
   and case when t_c_firstyear.year_total > 0 then t_c_secyear.year_total / t_c_firstyear.year_total else null end
           > case when t_s_firstyear.year_total > 0 then t_s_secyear.year_total / t_s_firstyear.year_total else null end
   and case when t_c_firstyear.year_total > 0 then t_c_secyear.year_total / t_c_firstyear.year_total else null end
           > case when t_w_firstyear.year_total > 0 then t_w_secyear.year_total / t_w_firstyear.year_total else null end
 order by t_s_secyear.customer_id
         ,t_s_secyear.customer_first_name
         ,t_s_secyear.customer_last_name
         ,t_s_secyear.customer_login
limit 100;
psql:/tmp/s1-basline/throughput/query_3.sql:1635: NOTICE:  duration: 3730901.786 ms  plan:
Query Text: with year_total as (
 select c_customer_id customer_id
       ,c_first_name customer_first_name
       ,c_last_name customer_last_name
       ,c_preferred_cust_flag customer_preferred_cust_flag
       ,c_birth_country customer_birth_country
       ,c_login customer_login
       ,c_email_address customer_email_address
       ,d_year dyear
       ,sum(((ss_ext_list_price-ss_ext_wholesale_cost-ss_ext_discount_amt)+ss_ext_sales_price)/2) year_total
       ,'s' sale_type
 from customer
     ,store_sales
     ,date_dim
 where c_customer_sk = ss_customer_sk
   and ss_sold_date_sk = d_date_sk
 group by c_customer_id
         ,c_first_name
         ,c_last_name
         ,c_preferred_cust_flag
         ,c_birth_country
         ,c_login
         ,c_email_address
         ,d_year
 union all
 select c_customer_id customer_id
       ,c_first_name customer_first_name
       ,c_last_name customer_last_name
       ,c_preferred_cust_flag customer_preferred_cust_flag
       ,c_birth_country customer_birth_country
       ,c_login customer_login
       ,c_email_address customer_email_address
       ,d_year dyear
       ,sum((((cs_ext_list_price-cs_ext_wholesale_cost-cs_ext_discount_amt)+cs_ext_sales_price)/2) ) year_total
       ,'c' sale_type
 from customer
     ,catalog_sales
     ,date_dim
 where c_customer_sk = cs_bill_customer_sk
   and cs_sold_date_sk = d_date_sk
 group by c_customer_id
         ,c_first_name
         ,c_last_name
         ,c_preferred_cust_flag
         ,c_birth_country
         ,c_login
         ,c_email_address
         ,d_year
union all
 select c_customer_id customer_id
       ,c_first_name customer_first_name
       ,c_last_name customer_last_name
       ,c_preferred_cust_flag customer_preferred_cust_flag
       ,c_birth_country customer_birth_country
       ,c_login customer_login
       ,c_email_address customer_email_address
       ,d_year dyear
       ,sum((((ws_ext_list_price-ws_ext_wholesale_cost-ws_ext_discount_amt)+ws_ext_sales_price)/2) ) year_total
       ,'w' sale_type
 from customer
     ,web_sales
     ,date_dim
 where c_customer_sk = ws_bill_customer_sk
   and ws_sold_date_sk = d_date_sk
 group by c_customer_id
         ,c_first_name
         ,c_last_name
         ,c_preferred_cust_flag
         ,c_birth_country
         ,c_login
         ,c_email_address
         ,d_year
         )
  select  
                  t_s_secyear.customer_id
                 ,t_s_secyear.customer_first_name
                 ,t_s_secyear.customer_last_name
                 ,t_s_secyear.customer_login
 from year_total t_s_firstyear
     ,year_total t_s_secyear
     ,year_total t_c_firstyear
     ,year_total t_c_secyear
     ,year_total t_w_firstyear
     ,year_total t_w_secyear
 where t_s_secyear.customer_id = t_s_firstyear.customer_id
   and t_s_firstyear.customer_id = t_c_secyear.customer_id
   and t_s_firstyear.customer_id = t_c_firstyear.customer_id
   and t_s_firstyear.customer_id = t_w_firstyear.customer_id
   and t_s_firstyear.customer_id = t_w_secyear.customer_id
   and t_s_firstyear.sale_type = 's'
   and t_c_firstyear.sale_type = 'c'
   and t_w_firstyear.sale_type = 'w'
   and t_s_secyear.sale_type = 's'
   and t_c_secyear.sale_type = 'c'
   and t_w_secyear.sale_type = 'w'
   and t_s_firstyear.dyear =  1998
   and t_s_secyear.dyear = 1998+1
   and t_c_firstyear.dyear =  1998
   and t_c_secyear.dyear =  1998+1
   and t_w_firstyear.dyear = 1998
   and t_w_secyear.dyear = 1998+1
   and t_s_firstyear.year_total > 0
   and t_c_firstyear.year_total > 0
   and t_w_firstyear.year_total > 0
   and case when t_c_firstyear.year_total > 0 then t_c_secyear.year_total / t_c_firstyear.year_total else null end
           > case when t_s_firstyear.year_total > 0 then t_s_secyear.year_total / t_s_firstyear.year_total else null end
   and case when t_c_firstyear.year_total > 0 then t_c_secyear.year_total / t_c_firstyear.year_total else null end
           > case when t_w_firstyear.year_total > 0 then t_w_secyear.year_total / t_w_firstyear.year_total else null end
 order by t_s_secyear.customer_id
         ,t_s_secyear.customer_first_name
         ,t_s_secyear.customer_last_name
         ,t_s_secyear.customer_login
limit 100;
Limit  (cost=1887596.48..1887596.48 rows=1 width=332) (actual time=3730901.631..3730901.777 rows=4 loops=1)
  CTE year_total
    ->  Gather  (cost=254172.88..1136743.50 rows=4766987 width=231) (actual time=1030.695..4651.201 rows=384245 loops=1)
          Workers Planned: 2
          Workers Launched: 2
          ->  Parallel Append  (cost=253172.88..659044.80 rows=1986245 width=231) (actual time=2386.070..2737.418 rows=128082 loops=3)
                ->  HashAggregate  (cost=437718.87..622868.65 rows=2624493 width=231) (actual time=3945.602..4662.793 rows=190755 loops=1)
                      Group Key: customer.c_customer_id, customer.c_first_name, customer.c_last_name, customer.c_preferred_cust_flag, customer.c_birth_country, customer.c_login, customer.c_email_address, date_dim.d_year
                      Planned Partitions: 64
                      Worker 1:  Batches: 65  Memory Usage: 33305kB  Disk Usage: 257256kB
                      ->  Hash Join  (cost=8459.60..125137.65 rows=2624493 width=223) (actual time=103.882..1937.120 rows=2683562 loops=1)
                            Hash Cond: (store_sales.ss_sold_date_sk = date_dim.d_date_sk)
                            ->  Hash Join  (cost=5411.00..114877.49 rows=2747105 width=227) (actual time=75.525..1431.754 rows=2748429 loops=1)
                                  Hash Cond: (store_sales.ss_customer_sk = customer.c_customer_sk)
                                  ->  Seq Scan on store_sales  (cost=0.00..101911.56 rows=2877956 width=48) (actual time=0.033..324.102 rows=2877928 loops=1)
                                  ->  Hash  (cost=4161.00..4161.00 rows=100000 width=195) (actual time=74.913..74.913 rows=100000 loops=1)
                                        Buckets: 131072  Batches: 1  Memory Usage: 17780kB
                                        ->  Seq Scan on customer  (cost=0.00..4161.00 rows=100000 width=195) (actual time=0.029..42.606 rows=100000 loops=1)
                            ->  Hash  (cost=2135.49..2135.49 rows=73049 width=12) (actual time=27.744..27.745 rows=73049 loops=1)
                                  Buckets: 131072  Batches: 1  Memory Usage: 4449kB
                                  ->  Seq Scan on date_dim  (cost=0.00..2135.49 rows=73049 width=12) (actual time=0.037..17.075 rows=73049 loops=1)
                ->  HashAggregate  (cost=253172.88..353581.12 rows=1423284 width=231) (actual time=2182.552..2446.750 rows=137000 loops=1)
                      Group Key: customer_1.c_customer_id, customer_1.c_first_name, customer_1.c_last_name, customer_1.c_preferred_cust_flag, customer_1.c_birth_country, customer_1.c_login, customer_1.c_email_address, date_dim_1.d_year
                      Planned Partitions: 32
                      Worker 0:  Batches: 33  Memory Usage: 33049kB  Disk Usage: 95376kB
                      ->  Hash Join  (cost=8459.60..83657.54 rows=1423284 width=223) (actual time=106.485..1128.984 rows=1428542 loops=1)
                            Hash Cond: (catalog_sales.cs_bill_customer_sk = customer_1.c_customer_sk)
                            ->  Hash Join  (cost=3048.60..74490.35 rows=1430868 width=44) (actual time=28.826..715.680 rows=1432202 loops=1)
                                  Hash Cond: (catalog_sales.cs_sold_date_sk = date_dim_1.d_date_sk)
                                  ->  Seq Scan on catalog_sales  (cost=0.00..67663.08 rows=1439408 width=48) (actual time=0.037..227.222 rows=1439411 loops=1)
                                  ->  Hash  (cost=2135.49..2135.49 rows=73049 width=12) (actual time=28.165..28.165 rows=73049 loops=1)
                                        Buckets: 131072  Batches: 1  Memory Usage: 4449kB
                                        ->  Seq Scan on date_dim date_dim_1  (cost=0.00..2135.49 rows=73049 width=12) (actual time=0.033..17.361 rows=73049 loops=1)
                            ->  Hash  (cost=4161.00..4161.00 rows=100000 width=195) (actual time=77.115..77.116 rows=100000 loops=1)
                                  Buckets: 131072  Batches: 1  Memory Usage: 17780kB
                                  ->  Seq Scan on customer customer_1  (cost=0.00..4161.00 rows=100000 width=195) (actual time=0.053..44.529 rows=100000 loops=1)
                ->  HashAggregate  (cost=131737.36..182475.38 rows=719210 width=231) (actual time=1030.053..1047.179 rows=56490 loops=1)
                      Group Key: customer_2.c_customer_id, customer_2.c_first_name, customer_2.c_last_name, customer_2.c_preferred_cust_flag, customer_2.c_birth_country, customer_2.c_login, customer_2.c_email_address, date_dim_2.d_year
                      Planned Partitions: 16  Batches: 1  Memory Usage: 19481kB
                      ->  Hash Join  (cost=8459.60..46078.33 rows=719210 width=223) (actual time=70.991..535.163 rows=719192 loops=1)
                            Hash Cond: (web_sales.ws_sold_date_sk = date_dim_2.d_date_sk)
                            ->  Hash Join  (cost=5411.00..41141.44 rows=719306 width=227) (actual time=51.518..391.850 rows=719268 loops=1)
                                  Hash Cond: (web_sales.ws_bill_customer_sk = customer_2.c_customer_sk)
                                  ->  Seq Scan on web_sales  (cost=0.00..33841.74 rows=719474 width=48) (actual time=0.005..64.245 rows=719474 loops=1)
                                  ->  Hash  (cost=4161.00..4161.00 rows=100000 width=195) (actual time=51.428..51.429 rows=100000 loops=1)
                                        Buckets: 131072  Batches: 1  Memory Usage: 17780kB
                                        ->  Seq Scan on customer customer_2  (cost=0.00..4161.00 rows=100000 width=195) (actual time=0.005..28.533 rows=100000 loops=1)
                            ->  Hash  (cost=2135.49..2135.49 rows=73049 width=12) (actual time=19.406..19.406 rows=73049 loops=1)
                                  Buckets: 131072  Batches: 1  Memory Usage: 4449kB
                                  ->  Seq Scan on date_dim date_dim_2  (cost=0.00..2135.49 rows=73049 width=12) (actual time=0.004..10.682 rows=73049 loops=1)
  ->  Sort  (cost=750852.98..750852.98 rows=1 width=332) (actual time=3730901.631..3730901.633 rows=4 loops=1)
        Sort Key: t_s_secyear.customer_id, t_s_secyear.customer_first_name, t_s_secyear.customer_last_name, t_s_secyear.customer_login
        Sort Method: quicksort  Memory: 25kB
        ->  Nested Loop  (cost=0.00..750852.97 rows=1 width=332) (actual time=356699.663..3730901.612 rows=4 loops=1)
              Join Filter: ((t_s_secyear.customer_id = t_w_secyear.customer_id) AND (CASE WHEN (t_c_firstyear.year_total > '0'::double precision) THEN (t_c_secyear.year_total / t_c_firstyear.year_total) ELSE NULL::double precision END > CASE WHEN (t_w_firstyear.year_total > '0'::double precision) THEN (t_w_secyear.year_total / t_w_firstyear.year_total) ELSE NULL::double precision END))
              Rows Removed by Join Filter: 681656
              ->  Nested Loop  (cost=0.00..631675.32 rows=1 width=628) (actual time=65507.145..3726663.890 rows=60 loops=1)
                    Join Filter: ((t_s_secyear.customer_id = t_c_secyear.customer_id) AND (CASE WHEN (t_c_firstyear.year_total > '0'::double precision) THEN (t_c_secyear.year_total / t_c_firstyear.year_total) ELSE NULL::double precision END > CASE WHEN (t_s_firstyear.year_total > '0'::double precision) THEN (t_s_secyear.year_total / t_s_firstyear.year_total) ELSE NULL::double precision END))
                    Rows Removed by Join Filter: 11177092
                    ->  Nested Loop  (cost=0.00..512497.67 rows=1 width=568) (actual time=7786.643..3696670.688 rows=409 loops=1)
                          Join Filter: (t_s_firstyear.customer_id = t_s_secyear.customer_id)
                          Rows Removed by Join Filter: 42269860
                          ->  Nested Loop  (cost=0.00..393318.83 rows=2 width=228) (actual time=7724.198..3613970.348 rows=1103 loops=1)
                                Join Filter: (t_s_firstyear.customer_id = t_w_firstyear.customer_id)
                                Rows Removed by Join Filter: 110749062
                                ->  Nested Loop  (cost=0.00..262219.89 rows=8 width=152) (actual time=5021.559..2876482.950 rows=9973 loops=1)
                                      Join Filter: (t_s_firstyear.customer_id = t_c_firstyear.customer_id)
                                      Rows Removed by Join Filter: 989020197
                                      ->  CTE Scan on year_total t_s_firstyear  (cost=0.00..131092.14 rows=40 width=76) (actual time=3956.406..4064.128 rows=37610 loops=1)
                                            Filter: ((year_total > '0'::double precision) AND (sale_type = 's'::text) AND (dyear = 1998))
                                            Rows Removed by Filter: 346635
                                      ->  CTE Scan on year_total t_c_firstyear  (cost=0.00..131092.14 rows=40 width=76) (actual time=10.613..74.446 rows=26297 loops=37610)
                                            Filter: ((year_total > '0'::double precision) AND (sale_type = 'c'::text) AND (dyear = 1998))
                                            Rows Removed by Filter: 357948
                                ->  CTE Scan on year_total t_w_firstyear  (cost=0.00..131092.14 rows=40 width=76) (actual time=0.002..73.142 rows=11105 loops=9973)
                                      Filter: ((year_total > '0'::double precision) AND (sale_type = 'w'::text) AND (dyear = 1998))
                                      Rows Removed by Filter: 373140
                          ->  CTE Scan on year_total t_s_secyear  (cost=0.00..119174.68 rows=119 width=340) (actual time=34.498..72.206 rows=38323 loops=1103)
                                Filter: ((sale_type = 's'::text) AND (dyear = 1999))
                                Rows Removed by Filter: 345922
                    ->  CTE Scan on year_total t_c_secyear  (cost=0.00..119174.68 rows=119 width=76) (actual time=10.165..71.376 rows=27328 loops=409)
                          Filter: ((sale_type = 'c'::text) AND (dyear = 1999))
                          Rows Removed by Filter: 356917
              ->  CTE Scan on year_total t_w_secyear  (cost=0.00..119174.68 rows=119 width=76) (actual time=0.002..69.800 rows=11361 loops=60)
                    Filter: ((sale_type = 'w'::text) AND (dyear = 1999))
                    Rows Removed by Filter: 372884
   customer_id    | customer_first_name  |       customer_last_name       | customer_login 
------------------+----------------------+--------------------------------+----------------
 AAAAAAAAAHJCBAAA | Lawrence             | Wheeler                        | 
 AAAAAAAABLHOAAAA | Robert               |                                | 
 AAAAAAAACMFDBAAA | Timothy              | Kelly                          | 
 AAAAAAAAENHEAAAA | Fernando             | Hernandez                      | 
(4 rows)

UPDATE time_statistics SET e_time = TRANSACTION_TIMESTAMP() WHERE template = 'query4.tpl' AND stream = 3;
psql:/tmp/s1-basline/throughput/query_3.sql:1637: NOTICE:  duration: 0.060 ms  plan:
Query Text: UPDATE time_statistics SET e_time = TRANSACTION_TIMESTAMP() WHERE template = 'query4.tpl' AND stream = 3;
Update on time_statistics  (cost=0.00..7.26 rows=0 width=0) (actual time=0.059..0.059 rows=0 loops=1)
  ->  Seq Scan on time_statistics  (cost=0.00..7.26 rows=1 width=14) (actual time=0.014..0.043 rows=1 loops=1)
        Filter: ((template = 'query4.tpl'::text) AND (stream = 3))
        Rows Removed by Filter: 216
UPDATE 1
LOAD 'auto_explain'; SET auto_explain.log_min_duration TO 0; SET auto_explain.log_analyze TO on; SET auto_explain.log_level TO notice; INSERT INTO time_statistics (template, s_time, stream, query, seed) VALUES ('query38.tpl', TRANSACTION_TIMESTAMP(), 3, 31, 504102699);
LOAD
SET
SET
SET
psql:/tmp/s1-basline/throughput/query_3.sql:1638: NOTICE:  duration: 0.020 ms  plan:
Query Text: INSERT INTO time_statistics (template, s_time, stream, query, seed) VALUES ('query38.tpl', TRANSACTION_TIMESTAMP(), 3, 31, 504102699);
Insert on time_statistics  (cost=0.00..0.01 rows=0 width=0) (actual time=0.019..0.020 rows=0 loops=1)
  ->  Result  (cost=0.00..0.01 rows=1 width=64) (actual time=0.002..0.002 rows=1 loops=1)
INSERT 0 1
select  count(*) from (
    select distinct c_last_name, c_first_name, d_date
    from store_sales, date_dim, customer
          where store_sales.ss_sold_date_sk = date_dim.d_date_sk
      and store_sales.ss_customer_sk = customer.c_customer_sk
      and d_month_seq between 1185 and 1185 + 11
  intersect
    select distinct c_last_name, c_first_name, d_date
    from catalog_sales, date_dim, customer
          where catalog_sales.cs_sold_date_sk = date_dim.d_date_sk
      and catalog_sales.cs_bill_customer_sk = customer.c_customer_sk
      and d_month_seq between 1185 and 1185 + 11
  intersect
    select distinct c_last_name, c_first_name, d_date
    from web_sales, date_dim, customer
          where web_sales.ws_sold_date_sk = date_dim.d_date_sk
      and web_sales.ws_bill_customer_sk = customer.c_customer_sk
      and d_month_seq between 1185 and 1185 + 11
) hot_cust
limit 100;
psql:/tmp/s1-basline/throughput/query_3.sql:1658: NOTICE:  duration: 2235.757 ms  plan:
Query Text: select  count(*) from (
    select distinct c_last_name, c_first_name, d_date
    from store_sales, date_dim, customer
          where store_sales.ss_sold_date_sk = date_dim.d_date_sk
      and store_sales.ss_customer_sk = customer.c_customer_sk
      and d_month_seq between 1185 and 1185 + 11
  intersect
    select distinct c_last_name, c_first_name, d_date
    from catalog_sales, date_dim, customer
          where catalog_sales.cs_sold_date_sk = date_dim.d_date_sk
      and catalog_sales.cs_bill_customer_sk = customer.c_customer_sk
      and d_month_seq between 1185 and 1185 + 11
  intersect
    select distinct c_last_name, c_first_name, d_date
    from web_sales, date_dim, customer
          where web_sales.ws_sold_date_sk = date_dim.d_date_sk
      and web_sales.ws_bill_customer_sk = customer.c_customer_sk
      and d_month_seq between 1185 and 1185 + 11
) hot_cust
limit 100;
Limit  (cost=155572.89..155572.90 rows=1 width=8) (actual time=2159.540..2235.748 rows=1 loops=1)
  ->  Aggregate  (cost=155572.89..155572.90 rows=1 width=8) (actual time=2159.539..2235.747 rows=1 loops=1)
        ->  Subquery Scan on hot_cust  (cost=34500.41..155563.71 rows=3672 width=0) (actual time=2158.983..2235.736 rows=109 loops=1)
              ->  HashSetOp Intersect  (cost=34500.41..155526.99 rows=3672 width=216) (actual time=2158.983..2235.725 rows=109 loops=1)
                    ->  Append  (cost=34500.41..155444.95 rows=10939 width=216) (actual time=263.929..2231.716 rows=12392 loops=1)
                          ->  Subquery Scan on "*SELECT* 3"  (cost=34500.41..34992.33 rows=3672 width=60) (actual time=263.928..340.548 rows=12064 loops=1)
                                ->  Unique  (cost=34500.41..34955.61 rows=3672 width=56) (actual time=263.927..339.239 rows=12064 loops=1)
                                      ->  Gather Merge  (cost=34500.41..34928.07 rows=3672 width=56) (actual time=263.926..316.087 rows=145824 loops=1)
                                            Workers Planned: 2
                                            Workers Launched: 2
                                            ->  Sort  (cost=33500.38..33504.21 rows=1530 width=56) (actual time=237.781..242.586 rows=48608 loops=3)
                                                  Sort Key: customer.c_last_name, customer.c_first_name, date_dim.d_date
                                                  Sort Method: quicksort  Memory: 7413kB
                                                  Worker 0:  Sort Method: quicksort  Memory: 5274kB
                                                  Worker 1:  Sort Method: quicksort  Memory: 5370kB
                                                  ->  Nested Loop  (cost=2505.69..33419.45 rows=1530 width=56) (actual time=13.176..170.550 rows=48608 loops=3)
                                                        ->  Hash Join  (cost=2505.40..32937.18 rows=1530 width=12) (actual time=13.129..90.788 rows=48618 loops=3)
                                                              Hash Cond: (web_sales.ws_sold_date_sk = date_dim.d_date_sk)
                                                              ->  Parallel Seq Scan on web_sales  (cost=0.00..29644.81 rows=299781 width=16) (actual time=0.016..43.678 rows=239825 loops=3)
                                                              ->  Hash  (cost=2500.73..2500.73 rows=373 width=12) (actual time=13.006..13.007 rows=365 loops=3)
                                                                    Buckets: 1024  Batches: 1  Memory Usage: 26kB
                                                                    ->  Seq Scan on date_dim  (cost=0.00..2500.73 rows=373 width=12) (actual time=6.049..12.953 rows=365 loops=3)
                                                                          Filter: ((d_month_seq >= 1185) AND (d_month_seq <= 1196))
                                                                          Rows Removed by Filter: 72684
                                                        ->  Index Scan using pk_customer on customer  (cost=0.29..0.32 rows=1 width=60) (actual time=0.001..0.001 rows=1 loops=145853)
                                                              Index Cond: (c_customer_sk = web_sales.ws_bill_customer_sk)
                          ->  Result  (cost=24180.78..120397.92 rows=7267 width=216) (actual time=1813.353..1890.423 rows=328 loops=1)
                                ->  HashSetOp Intersect  (cost=24180.78..120325.25 rows=7267 width=216) (actual time=1813.351..1890.386 rows=328 loops=1)
                                      ->  Append  (cost=24180.78..120170.24 rows=20668 width=216) (actual time=590.631..1869.003 rows=79110 loops=1)
                                            ->  Subquery Scan on "*SELECT* 2"  (cost=24180.78..24326.12 rows=7267 width=60) (actual time=590.630..599.797 rows=31530 loops=1)
                                                  ->  HashAggregate  (cost=24180.78..24253.45 rows=7267 width=56) (actual time=590.630..597.380 rows=31530 loops=1)
                                                        Group Key: customer_1.c_last_name, customer_1.c_first_name, date_dim_1.d_date
                                                        Batches: 1  Memory Usage: 6673kB
                                                        ->  Nested Loop  (cost=0.72..24126.28 rows=7267 width=56) (actual time=3.535..480.612 rows=284749 loops=1)
                                                              ->  Nested Loop  (cost=0.43..21842.38 rows=7306 width=12) (actual time=3.525..100.133 rows=285455 loops=1)
                                                                    ->  Seq Scan on date_dim date_dim_1  (cost=0.00..2500.73 rows=373 width=12) (actual time=3.507..7.705 rows=365 loops=1)
                                                                          Filter: ((d_month_seq >= 1185) AND (d_month_seq <= 1196))
                                                                          Rows Removed by Filter: 72684
                                                                    ->  Index Scan using i_cs_sold_date_sk on catalog_sales  (cost=0.43..44.03 rows=782 width=16) (actual time=0.004..0.174 rows=782 loops=365)
                                                                          Index Cond: (cs_sold_date_sk = date_dim_1.d_date_sk)
                                                              ->  Index Scan using pk_customer on customer customer_1  (cost=0.29..0.31 rows=1 width=60) (actual time=0.001..0.001 rows=1 loops=285455)
                                                                    Index Cond: (c_customer_sk = catalog_sales.cs_bill_customer_sk)
                                            ->  Subquery Scan on "*SELECT* 1"  (cost=93945.49..95740.78 rows=13401 width=60) (actual time=892.822..1264.486 rows=47580 loops=1)
                                                  ->  Unique  (cost=93945.49..95606.77 rows=13401 width=56) (actual time=892.821..1259.047 rows=47580 loops=1)
                                                        ->  Gather Merge  (cost=93945.49..95506.26 rows=13401 width=56) (actual time=892.819..1176.419 rows=538392 loops=1)
                                                              Workers Planned: 2
                                                              Workers Launched: 2
                                                              ->  Sort  (cost=92945.47..92959.43 rows=5584 width=56) (actual time=850.385..893.052 rows=179464 loops=3)
                                                                    Sort Key: customer_2.c_last_name, customer_2.c_first_name, date_dim_2.d_date
                                                                    Sort Method: external merge  Disk: 13032kB
                                                                    Worker 0:  Sort Method: external merge  Disk: 10448kB
                                                                    Worker 1:  Sort Method: external merge  Disk: 10392kB
                                                                    ->  Nested Loop  (cost=2505.69..92597.95 rows=5584 width=56) (actual time=15.872..553.335 rows=179464 loops=3)
                                                                          ->  Hash Join  (cost=2505.40..90776.82 rows=5850 width=12) (actual time=15.811..267.256 rows=183812 loops=3)
                                                                                Hash Cond: (store_sales.ss_sold_date_sk = date_dim_2.d_date_sk)
                                                                                ->  Parallel Seq Scan on store_sales  (cost=0.00..85123.48 rows=1199148 width=16) (actual time=0.018..124.824 rows=959309 loops=3)
                                                                                ->  Hash  (cost=2500.73..2500.73 rows=373 width=12) (actual time=15.679..15.680 rows=365 loops=3)
                                                                                      Buckets: 1024  Batches: 1  Memory Usage: 26kB
                                                                                      ->  Seq Scan on date_dim date_dim_2  (cost=0.00..2500.73 rows=373 width=12) (actual time=7.579..15.630 rows=365 loops=3)
                                                                                            Filter: ((d_month_seq >= 1185) AND (d_month_seq <= 1196))
                                                                                            Rows Removed by Filter: 72684
                                                                          ->  Index Scan using pk_customer on customer customer_2  (cost=0.29..0.31 rows=1 width=60) (actual time=0.001..0.001 rows=1 loops=551437)
                                                                                Index Cond: (c_customer_sk = store_sales.ss_customer_sk)
 count 
-------
   109
(1 row)

UPDATE time_statistics SET e_time = TRANSACTION_TIMESTAMP() WHERE template = 'query38.tpl' AND stream = 3;
psql:/tmp/s1-basline/throughput/query_3.sql:1660: NOTICE:  duration: 0.057 ms  plan:
Query Text: UPDATE time_statistics SET e_time = TRANSACTION_TIMESTAMP() WHERE template = 'query38.tpl' AND stream = 3;
Update on time_statistics  (cost=0.00..7.26 rows=0 width=0) (actual time=0.056..0.057 rows=0 loops=1)
  ->  Seq Scan on time_statistics  (cost=0.00..7.26 rows=1 width=14) (actual time=0.021..0.041 rows=1 loops=1)
        Filter: ((template = 'query38.tpl'::text) AND (stream = 3))
        Rows Removed by Filter: 217
UPDATE 1
LOAD 'auto_explain'; SET auto_explain.log_min_duration TO 0; SET auto_explain.log_analyze TO on; SET auto_explain.log_level TO notice; INSERT INTO time_statistics (template, s_time, stream, query, seed) VALUES ('query66.tpl', TRANSACTION_TIMESTAMP(), 3, 32, 2065791121);
LOAD
SET
SET
SET
psql:/tmp/s1-basline/throughput/query_3.sql:1661: NOTICE:  duration: 0.009 ms  plan:
Query Text: INSERT INTO time_statistics (template, s_time, stream, query, seed) VALUES ('query66.tpl', TRANSACTION_TIMESTAMP(), 3, 32, 2065791121);
Insert on time_statistics  (cost=0.00..0.01 rows=0 width=0) (actual time=0.008..0.009 rows=0 loops=1)
  ->  Result  (cost=0.00..0.01 rows=1 width=64) (actual time=0.001..0.002 rows=1 loops=1)
INSERT 0 1
select   
         w_warehouse_name
 	,w_warehouse_sq_ft
 	,w_city
 	,w_county
 	,w_state
 	,w_country
        ,ship_carriers
        ,year
 	,sum(jan_sales) as jan_sales
 	,sum(feb_sales) as feb_sales
 	,sum(mar_sales) as mar_sales
 	,sum(apr_sales) as apr_sales
 	,sum(may_sales) as may_sales
 	,sum(jun_sales) as jun_sales
 	,sum(jul_sales) as jul_sales
 	,sum(aug_sales) as aug_sales
 	,sum(sep_sales) as sep_sales
 	,sum(oct_sales) as oct_sales
 	,sum(nov_sales) as nov_sales
 	,sum(dec_sales) as dec_sales
 	,sum(jan_sales/w_warehouse_sq_ft) as jan_sales_per_sq_foot
 	,sum(feb_sales/w_warehouse_sq_ft) as feb_sales_per_sq_foot
 	,sum(mar_sales/w_warehouse_sq_ft) as mar_sales_per_sq_foot
 	,sum(apr_sales/w_warehouse_sq_ft) as apr_sales_per_sq_foot
 	,sum(may_sales/w_warehouse_sq_ft) as may_sales_per_sq_foot
 	,sum(jun_sales/w_warehouse_sq_ft) as jun_sales_per_sq_foot
 	,sum(jul_sales/w_warehouse_sq_ft) as jul_sales_per_sq_foot
 	,sum(aug_sales/w_warehouse_sq_ft) as aug_sales_per_sq_foot
 	,sum(sep_sales/w_warehouse_sq_ft) as sep_sales_per_sq_foot
 	,sum(oct_sales/w_warehouse_sq_ft) as oct_sales_per_sq_foot
 	,sum(nov_sales/w_warehouse_sq_ft) as nov_sales_per_sq_foot
 	,sum(dec_sales/w_warehouse_sq_ft) as dec_sales_per_sq_foot
 	,sum(jan_net) as jan_net
 	,sum(feb_net) as feb_net
 	,sum(mar_net) as mar_net
 	,sum(apr_net) as apr_net
 	,sum(may_net) as may_net
 	,sum(jun_net) as jun_net
 	,sum(jul_net) as jul_net
 	,sum(aug_net) as aug_net
 	,sum(sep_net) as sep_net
 	,sum(oct_net) as oct_net
 	,sum(nov_net) as nov_net
 	,sum(dec_net) as dec_net
 from (
     select 
 	w_warehouse_name
 	,w_warehouse_sq_ft
 	,w_city
 	,w_county
 	,w_state
 	,w_country
 	,'HARMSTORF' || ',' || 'BOXBUNDLES' as ship_carriers
       ,d_year as year
 	,sum(case when d_moy = 1 
 		then ws_ext_list_price* ws_quantity else 0 end) as jan_sales
 	,sum(case when d_moy = 2 
 		then ws_ext_list_price* ws_quantity else 0 end) as feb_sales
 	,sum(case when d_moy = 3 
 		then ws_ext_list_price* ws_quantity else 0 end) as mar_sales
 	,sum(case when d_moy = 4 
 		then ws_ext_list_price* ws_quantity else 0 end) as apr_sales
 	,sum(case when d_moy = 5 
 		then ws_ext_list_price* ws_quantity else 0 end) as may_sales
 	,sum(case when d_moy = 6 
 		then ws_ext_list_price* ws_quantity else 0 end) as jun_sales
 	,sum(case when d_moy = 7 
 		then ws_ext_list_price* ws_quantity else 0 end) as jul_sales
 	,sum(case when d_moy = 8 
 		then ws_ext_list_price* ws_quantity else 0 end) as aug_sales
 	,sum(case when d_moy = 9 
 		then ws_ext_list_price* ws_quantity else 0 end) as sep_sales
 	,sum(case when d_moy = 10 
 		then ws_ext_list_price* ws_quantity else 0 end) as oct_sales
 	,sum(case when d_moy = 11
 		then ws_ext_list_price* ws_quantity else 0 end) as nov_sales
 	,sum(case when d_moy = 12
 		then ws_ext_list_price* ws_quantity else 0 end) as dec_sales
 	,sum(case when d_moy = 1 
 		then ws_net_profit * ws_quantity else 0 end) as jan_net
 	,sum(case when d_moy = 2
 		then ws_net_profit * ws_quantity else 0 end) as feb_net
 	,sum(case when d_moy = 3 
 		then ws_net_profit * ws_quantity else 0 end) as mar_net
 	,sum(case when d_moy = 4 
 		then ws_net_profit * ws_quantity else 0 end) as apr_net
 	,sum(case when d_moy = 5 
 		then ws_net_profit * ws_quantity else 0 end) as may_net
 	,sum(case when d_moy = 6 
 		then ws_net_profit * ws_quantity else 0 end) as jun_net
 	,sum(case when d_moy = 7 
 		then ws_net_profit * ws_quantity else 0 end) as jul_net
 	,sum(case when d_moy = 8 
 		then ws_net_profit * ws_quantity else 0 end) as aug_net
 	,sum(case when d_moy = 9 
 		then ws_net_profit * ws_quantity else 0 end) as sep_net
 	,sum(case when d_moy = 10 
 		then ws_net_profit * ws_quantity else 0 end) as oct_net
 	,sum(case when d_moy = 11
 		then ws_net_profit * ws_quantity else 0 end) as nov_net
 	,sum(case when d_moy = 12
 		then ws_net_profit * ws_quantity else 0 end) as dec_net
     from
          web_sales
         ,warehouse
         ,date_dim
         ,time_dim
 	  ,ship_mode
     where
            ws_warehouse_sk =  w_warehouse_sk
        and ws_sold_date_sk = d_date_sk
        and ws_sold_time_sk = t_time_sk
 	and ws_ship_mode_sk = sm_ship_mode_sk
        and d_year = 1999
 	and t_time between 7083 and 7083+28800 
 	and sm_carrier in ('HARMSTORF','BOXBUNDLES')
     group by 
        w_warehouse_name
 	,w_warehouse_sq_ft
 	,w_city
 	,w_county
 	,w_state
 	,w_country
       ,d_year
 union all
     select 
 	w_warehouse_name
 	,w_warehouse_sq_ft
 	,w_city
 	,w_county
 	,w_state
 	,w_country
 	,'HARMSTORF' || ',' || 'BOXBUNDLES' as ship_carriers
       ,d_year as year
 	,sum(case when d_moy = 1 
 		then cs_sales_price* cs_quantity else 0 end) as jan_sales
 	,sum(case when d_moy = 2 
 		then cs_sales_price* cs_quantity else 0 end) as feb_sales
 	,sum(case when d_moy = 3 
 		then cs_sales_price* cs_quantity else 0 end) as mar_sales
 	,sum(case when d_moy = 4 
 		then cs_sales_price* cs_quantity else 0 end) as apr_sales
 	,sum(case when d_moy = 5 
 		then cs_sales_price* cs_quantity else 0 end) as may_sales
 	,sum(case when d_moy = 6 
 		then cs_sales_price* cs_quantity else 0 end) as jun_sales
 	,sum(case when d_moy = 7 
 		then cs_sales_price* cs_quantity else 0 end) as jul_sales
 	,sum(case when d_moy = 8 
 		then cs_sales_price* cs_quantity else 0 end) as aug_sales
 	,sum(case when d_moy = 9 
 		then cs_sales_price* cs_quantity else 0 end) as sep_sales
 	,sum(case when d_moy = 10 
 		then cs_sales_price* cs_quantity else 0 end) as oct_sales
 	,sum(case when d_moy = 11
 		then cs_sales_price* cs_quantity else 0 end) as nov_sales
 	,sum(case when d_moy = 12
 		then cs_sales_price* cs_quantity else 0 end) as dec_sales
 	,sum(case when d_moy = 1 
 		then cs_net_paid_inc_ship_tax * cs_quantity else 0 end) as jan_net
 	,sum(case when d_moy = 2 
 		then cs_net_paid_inc_ship_tax * cs_quantity else 0 end) as feb_net
 	,sum(case when d_moy = 3 
 		then cs_net_paid_inc_ship_tax * cs_quantity else 0 end) as mar_net
 	,sum(case when d_moy = 4 
 		then cs_net_paid_inc_ship_tax * cs_quantity else 0 end) as apr_net
 	,sum(case when d_moy = 5 
 		then cs_net_paid_inc_ship_tax * cs_quantity else 0 end) as may_net
 	,sum(case when d_moy = 6 
 		then cs_net_paid_inc_ship_tax * cs_quantity else 0 end) as jun_net
 	,sum(case when d_moy = 7 
 		then cs_net_paid_inc_ship_tax * cs_quantity else 0 end) as jul_net
 	,sum(case when d_moy = 8 
 		then cs_net_paid_inc_ship_tax * cs_quantity else 0 end) as aug_net
 	,sum(case when d_moy = 9 
 		then cs_net_paid_inc_ship_tax * cs_quantity else 0 end) as sep_net
 	,sum(case when d_moy = 10 
 		then cs_net_paid_inc_ship_tax * cs_quantity else 0 end) as oct_net
 	,sum(case when d_moy = 11
 		then cs_net_paid_inc_ship_tax * cs_quantity else 0 end) as nov_net
 	,sum(case when d_moy = 12
 		then cs_net_paid_inc_ship_tax * cs_quantity else 0 end) as dec_net
     from
          catalog_sales
         ,warehouse
         ,date_dim
         ,time_dim
 	 ,ship_mode
     where
            cs_warehouse_sk =  w_warehouse_sk
        and cs_sold_date_sk = d_date_sk
        and cs_sold_time_sk = t_time_sk
 	and cs_ship_mode_sk = sm_ship_mode_sk
        and d_year = 1999
 	and t_time between 7083 AND 7083+28800 
 	and sm_carrier in ('HARMSTORF','BOXBUNDLES')
     group by 
        w_warehouse_name
 	,w_warehouse_sq_ft
 	,w_city
 	,w_county
 	,w_state
 	,w_country
       ,d_year
 ) x
 group by 
        w_warehouse_name
 	,w_warehouse_sq_ft
 	,w_city
 	,w_county
 	,w_state
 	,w_country
 	,ship_carriers
       ,year
 order by w_warehouse_name
 limit 100;
psql:/tmp/s1-basline/throughput/query_3.sql:1878: NOTICE:  duration: 405.193 ms  plan:
Query Text: select   
         w_warehouse_name
 	,w_warehouse_sq_ft
 	,w_city
 	,w_county
 	,w_state
 	,w_country
        ,ship_carriers
        ,year
 	,sum(jan_sales) as jan_sales
 	,sum(feb_sales) as feb_sales
 	,sum(mar_sales) as mar_sales
 	,sum(apr_sales) as apr_sales
 	,sum(may_sales) as may_sales
 	,sum(jun_sales) as jun_sales
 	,sum(jul_sales) as jul_sales
 	,sum(aug_sales) as aug_sales
 	,sum(sep_sales) as sep_sales
 	,sum(oct_sales) as oct_sales
 	,sum(nov_sales) as nov_sales
 	,sum(dec_sales) as dec_sales
 	,sum(jan_sales/w_warehouse_sq_ft) as jan_sales_per_sq_foot
 	,sum(feb_sales/w_warehouse_sq_ft) as feb_sales_per_sq_foot
 	,sum(mar_sales/w_warehouse_sq_ft) as mar_sales_per_sq_foot
 	,sum(apr_sales/w_warehouse_sq_ft) as apr_sales_per_sq_foot
 	,sum(may_sales/w_warehouse_sq_ft) as may_sales_per_sq_foot
 	,sum(jun_sales/w_warehouse_sq_ft) as jun_sales_per_sq_foot
 	,sum(jul_sales/w_warehouse_sq_ft) as jul_sales_per_sq_foot
 	,sum(aug_sales/w_warehouse_sq_ft) as aug_sales_per_sq_foot
 	,sum(sep_sales/w_warehouse_sq_ft) as sep_sales_per_sq_foot
 	,sum(oct_sales/w_warehouse_sq_ft) as oct_sales_per_sq_foot
 	,sum(nov_sales/w_warehouse_sq_ft) as nov_sales_per_sq_foot
 	,sum(dec_sales/w_warehouse_sq_ft) as dec_sales_per_sq_foot
 	,sum(jan_net) as jan_net
 	,sum(feb_net) as feb_net
 	,sum(mar_net) as mar_net
 	,sum(apr_net) as apr_net
 	,sum(may_net) as may_net
 	,sum(jun_net) as jun_net
 	,sum(jul_net) as jul_net
 	,sum(aug_net) as aug_net
 	,sum(sep_net) as sep_net
 	,sum(oct_net) as oct_net
 	,sum(nov_net) as nov_net
 	,sum(dec_net) as dec_net
 from (
     select 
 	w_warehouse_name
 	,w_warehouse_sq_ft
 	,w_city
 	,w_county
 	,w_state
 	,w_country
 	,'HARMSTORF' || ',' || 'BOXBUNDLES' as ship_carriers
       ,d_year as year
 	,sum(case when d_moy = 1 
 		then ws_ext_list_price* ws_quantity else 0 end) as jan_sales
 	,sum(case when d_moy = 2 
 		then ws_ext_list_price* ws_quantity else 0 end) as feb_sales
 	,sum(case when d_moy = 3 
 		then ws_ext_list_price* ws_quantity else 0 end) as mar_sales
 	,sum(case when d_moy = 4 
 		then ws_ext_list_price* ws_quantity else 0 end) as apr_sales
 	,sum(case when d_moy = 5 
 		then ws_ext_list_price* ws_quantity else 0 end) as may_sales
 	,sum(case when d_moy = 6 
 		then ws_ext_list_price* ws_quantity else 0 end) as jun_sales
 	,sum(case when d_moy = 7 
 		then ws_ext_list_price* ws_quantity else 0 end) as jul_sales
 	,sum(case when d_moy = 8 
 		then ws_ext_list_price* ws_quantity else 0 end) as aug_sales
 	,sum(case when d_moy = 9 
 		then ws_ext_list_price* ws_quantity else 0 end) as sep_sales
 	,sum(case when d_moy = 10 
 		then ws_ext_list_price* ws_quantity else 0 end) as oct_sales
 	,sum(case when d_moy = 11
 		then ws_ext_list_price* ws_quantity else 0 end) as nov_sales
 	,sum(case when d_moy = 12
 		then ws_ext_list_price* ws_quantity else 0 end) as dec_sales
 	,sum(case when d_moy = 1 
 		then ws_net_profit * ws_quantity else 0 end) as jan_net
 	,sum(case when d_moy = 2
 		then ws_net_profit * ws_quantity else 0 end) as feb_net
 	,sum(case when d_moy = 3 
 		then ws_net_profit * ws_quantity else 0 end) as mar_net
 	,sum(case when d_moy = 4 
 		then ws_net_profit * ws_quantity else 0 end) as apr_net
 	,sum(case when d_moy = 5 
 		then ws_net_profit * ws_quantity else 0 end) as may_net
 	,sum(case when d_moy = 6 
 		then ws_net_profit * ws_quantity else 0 end) as jun_net
 	,sum(case when d_moy = 7 
 		then ws_net_profit * ws_quantity else 0 end) as jul_net
 	,sum(case when d_moy = 8 
 		then ws_net_profit * ws_quantity else 0 end) as aug_net
 	,sum(case when d_moy = 9 
 		then ws_net_profit * ws_quantity else 0 end) as sep_net
 	,sum(case when d_moy = 10 
 		then ws_net_profit * ws_quantity else 0 end) as oct_net
 	,sum(case when d_moy = 11
 		then ws_net_profit * ws_quantity else 0 end) as nov_net
 	,sum(case when d_moy = 12
 		then ws_net_profit * ws_quantity else 0 end) as dec_net
     from
          web_sales
         ,warehouse
         ,date_dim
         ,time_dim
 	  ,ship_mode
     where
            ws_warehouse_sk =  w_warehouse_sk
        and ws_sold_date_sk = d_date_sk
        and ws_sold_time_sk = t_time_sk
 	and ws_ship_mode_sk = sm_ship_mode_sk
        and d_year = 1999
 	and t_time between 7083 and 7083+28800 
 	and sm_carrier in ('HARMSTORF','BOXBUNDLES')
     group by 
        w_warehouse_name
 	,w_warehouse_sq_ft
 	,w_city
 	,w_county
 	,w_state
 	,w_country
       ,d_year
 union all
     select 
 	w_warehouse_name
 	,w_warehouse_sq_ft
 	,w_city
 	,w_county
 	,w_state
 	,w_country
 	,'HARMSTORF' || ',' || 'BOXBUNDLES' as ship_carriers
       ,d_year as year
 	,sum(case when d_moy = 1 
 		then cs_sales_price* cs_quantity else 0 end) as jan_sales
 	,sum(case when d_moy = 2 
 		then cs_sales_price* cs_quantity else 0 end) as feb_sales
 	,sum(case when d_moy = 3 
 		then cs_sales_price* cs_quantity else 0 end) as mar_sales
 	,sum(case when d_moy = 4 
 		then cs_sales_price* cs_quantity else 0 end) as apr_sales
 	,sum(case when d_moy = 5 
 		then cs_sales_price* cs_quantity else 0 end) as may_sales
 	,sum(case when d_moy = 6 
 		then cs_sales_price* cs_quantity else 0 end) as jun_sales
 	,sum(case when d_moy = 7 
 		then cs_sales_price* cs_quantity else 0 end) as jul_sales
 	,sum(case when d_moy = 8 
 		then cs_sales_price* cs_quantity else 0 end) as aug_sales
 	,sum(case when d_moy = 9 
 		then cs_sales_price* cs_quantity else 0 end) as sep_sales
 	,sum(case when d_moy = 10 
 		then cs_sales_price* cs_quantity else 0 end) as oct_sales
 	,sum(case when d_moy = 11
 		then cs_sales_price* cs_quantity else 0 end) as nov_sales
 	,sum(case when d_moy = 12
 		then cs_sales_price* cs_quantity else 0 end) as dec_sales
 	,sum(case when d_moy = 1 
 		then cs_net_paid_inc_ship_tax * cs_quantity else 0 end) as jan_net
 	,sum(case when d_moy = 2 
 		then cs_net_paid_inc_ship_tax * cs_quantity else 0 end) as feb_net
 	,sum(case when d_moy = 3 
 		then cs_net_paid_inc_ship_tax * cs_quantity else 0 end) as mar_net
 	,sum(case when d_moy = 4 
 		then cs_net_paid_inc_ship_tax * cs_quantity else 0 end) as apr_net
 	,sum(case when d_moy = 5 
 		then cs_net_paid_inc_ship_tax * cs_quantity else 0 end) as may_net
 	,sum(case when d_moy = 6 
 		then cs_net_paid_inc_ship_tax * cs_quantity else 0 end) as jun_net
 	,sum(case when d_moy = 7 
 		then cs_net_paid_inc_ship_tax * cs_quantity else 0 end) as jul_net
 	,sum(case when d_moy = 8 
 		then cs_net_paid_inc_ship_tax * cs_quantity else 0 end) as aug_net
 	,sum(case when d_moy = 9 
 		then cs_net_paid_inc_ship_tax * cs_quantity else 0 end) as sep_net
 	,sum(case when d_moy = 10 
 		then cs_net_paid_inc_ship_tax * cs_quantity else 0 end) as oct_net
 	,sum(case when d_moy = 11
 		then cs_net_paid_inc_ship_tax * cs_quantity else 0 end) as nov_net
 	,sum(case when d_moy = 12
 		then cs_net_paid_inc_ship_tax * cs_quantity else 0 end) as dec_net
     from
          catalog_sales
         ,warehouse
         ,date_dim
         ,time_dim
 	 ,ship_mode
     where
            cs_warehouse_sk =  w_warehouse_sk
        and cs_sold_date_sk = d_date_sk
        and cs_sold_time_sk = t_time_sk
 	and cs_ship_mode_sk = sm_ship_mode_sk
        and d_year = 1999
 	and t_time between 7083 AND 7083+28800 
 	and sm_carrier in ('HARMSTORF','BOXBUNDLES')
     group by 
        w_warehouse_name
 	,w_warehouse_sq_ft
 	,w_city
 	,w_county
 	,w_state
 	,w_country
       ,d_year
 ) x
 group by 
        w_warehouse_name
 	,w_warehouse_sq_ft
 	,w_city
 	,w_county
 	,w_state
 	,w_country
 	,ship_carriers
       ,year
 order by w_warehouse_name
 limit 100;
Limit  (cost=54602.42..54691.31 rows=100 width=384) (actual time=404.974..405.158 rows=5 loops=1)
  ->  GroupAggregate  (cost=54602.42..54780.20 rows=200 width=384) (actual time=404.973..405.157 rows=5 loops=1)
        Group Key: warehouse.w_warehouse_name, warehouse.w_warehouse_sq_ft, warehouse.w_city, warehouse.w_county, warehouse.w_state, warehouse.w_country, ('HARMSTORF,BOXBUNDLES'::text), date_dim.d_year
        ->  Incremental Sort  (cost=54602.42..54718.36 rows=352 width=288) (actual time=404.962..405.132 rows=10 loops=1)
              Sort Key: warehouse.w_warehouse_name, warehouse.w_warehouse_sq_ft, warehouse.w_city, warehouse.w_county, warehouse.w_state, warehouse.w_country, ('HARMSTORF,BOXBUNDLES'::text), date_dim.d_year
              Presorted Key: warehouse.w_warehouse_name, warehouse.w_warehouse_sq_ft, warehouse.w_city, warehouse.w_county, warehouse.w_state, warehouse.w_country
              Full-sort Groups: 1  Sort Method: quicksort  Average Memory: 28kB  Peak Memory: 28kB
              ->  Merge Append  (cost=54601.89..54705.82 rows=352 width=288) (actual time=398.922..405.115 rows=10 loops=1)
                    Sort Key: warehouse.w_warehouse_name, warehouse.w_warehouse_sq_ft, warehouse.w_city, warehouse.w_county, warehouse.w_state, warehouse.w_country
                    ->  Finalize GroupAggregate  (cost=32973.03..33007.01 rows=119 width=288) (actual time=124.945..126.107 rows=5 loops=1)
                          Group Key: warehouse.w_warehouse_name, warehouse.w_warehouse_sq_ft, warehouse.w_city, warehouse.w_county, warehouse.w_state, warehouse.w_country, date_dim.d_year
                          ->  Gather Merge  (cost=32973.03..32998.07 rows=100 width=256) (actual time=124.587..126.080 rows=15 loops=1)
                                Workers Planned: 2
                                Workers Launched: 2
                                ->  Partial GroupAggregate  (cost=31973.00..31986.50 rows=50 width=256) (actual time=118.966..119.853 rows=5 loops=3)
                                      Group Key: warehouse.w_warehouse_name, warehouse.w_warehouse_sq_ft, warehouse.w_city, warehouse.w_county, warehouse.w_state, warehouse.w_country, date_dim.d_year
                                      ->  Sort  (cost=31973.00..31973.13 rows=50 width=88) (actual time=118.732..118.815 rows=1252 loops=3)
                                            Sort Key: warehouse.w_warehouse_name, warehouse.w_warehouse_sq_ft, warehouse.w_city, warehouse.w_county, warehouse.w_state, warehouse.w_country
                                            Sort Method: quicksort  Memory: 290kB
                                            Worker 0:  Sort Method: quicksort  Memory: 162kB
                                            Worker 1:  Sort Method: quicksort  Memory: 155kB
                                            ->  Hash Join  (cost=2.98..31971.59 rows=50 width=88) (actual time=0.609..117.744 rows=1252 loops=3)
                                                  Hash Cond: (web_sales.ws_warehouse_sk = warehouse.w_warehouse_sk)
                                                  ->  Nested Loop  (cost=1.87..31970.24 rows=50 width=36) (actual time=0.553..117.370 rows=1252 loops=3)
                                                        ->  Nested Loop  (cost=1.58..31922.92 rows=149 width=44) (actual time=0.223..103.457 rows=4818 loops=3)
                                                              ->  Hash Join  (cost=1.27..30599.75 rows=29976 width=44) (actual time=0.057..92.159 rows=23974 loops=3)
                                                                    Hash Cond: (web_sales.ws_ship_mode_sk = ship_mode.sm_ship_mode_sk)
                                                                    ->  Parallel Seq Scan on web_sales  (cost=0.00..29644.81 rows=299781 width=52) (actual time=0.014..46.136 rows=239825 loops=3)
                                                                    ->  Hash  (cost=1.25..1.25 rows=2 width=8) (actual time=0.030..0.031 rows=2 loops=3)
                                                                          Buckets: 1024  Batches: 1  Memory Usage: 9kB
                                                                          ->  Seq Scan on ship_mode  (cost=0.00..1.25 rows=2 width=8) (actual time=0.027..0.028 rows=2 loops=3)
                                                                                Filter: (sm_carrier = ANY ('{HARMSTORF,BOXBUNDLES}'::bpchar[]))
                                                                                Rows Removed by Filter: 18
                                                              ->  Memoize  (cost=0.30..0.32 rows=1 width=16) (actual time=0.000..0.000 rows=0 loops=71922)
                                                                    Cache Key: web_sales.ws_sold_date_sk
                                                                    Cache Mode: logical
                                                                    Hits: 32775  Misses: 1823  Evictions: 0  Overflows: 0  Memory Usage: 146kB
                                                                    Worker 0:  Hits: 16765  Misses: 1804  Evictions: 0  Overflows: 0  Memory Usage: 144kB
                                                                    Worker 1:  Hits: 16962  Misses: 1793  Evictions: 0  Overflows: 0  Memory Usage: 143kB
                                                                    ->  Index Scan using pk_date_dim on date_dim  (cost=0.29..0.31 rows=1 width=16) (actual time=0.002..0.002 rows=0 loops=5420)
                                                                          Index Cond: (d_date_sk = web_sales.ws_sold_date_sk)
                                                                          Filter: (d_year = 1999)
                                                                          Rows Removed by Filter: 1
                                                        ->  Index Scan using pk_time_dim on time_dim  (cost=0.29..0.32 rows=1 width=8) (actual time=0.003..0.003 rows=0 loops=14454)
                                                              Index Cond: (t_time_sk = web_sales.ws_sold_time_sk)
                                                              Filter: ((t_time >= 7083) AND (t_time <= 35883))
                                                              Rows Removed by Filter: 1
                                                  ->  Hash  (cost=1.05..1.05 rows=5 width=68) (actual time=0.028..0.028 rows=5 loops=3)
                                                        Buckets: 1024  Batches: 1  Memory Usage: 9kB
                                                        ->  Seq Scan on warehouse  (cost=0.00..1.05 rows=5 width=68) (actual time=0.022..0.023 rows=5 loops=3)
                    ->  GroupAggregate  (cost=21628.85..21691.76 rows=233 width=288) (actual time=273.974..279.002 rows=5 loops=1)
                          Group Key: warehouse_1.w_warehouse_name, warehouse_1.w_warehouse_sq_ft, warehouse_1.w_city, warehouse_1.w_county, warehouse_1.w_state, warehouse_1.w_country, date_dim_1.d_year
                          ->  Sort  (cost=21628.85..21629.43 rows=233 width=88) (actual time=272.662..273.006 rows=7365 loops=1)
                                Sort Key: warehouse_1.w_warehouse_name, warehouse_1.w_warehouse_sq_ft, warehouse_1.w_city, warehouse_1.w_county, warehouse_1.w_state, warehouse_1.w_country
                                Sort Method: quicksort  Memory: 1194kB
                                ->  Nested Loop  (cost=0.72..21619.69 rows=233 width=88) (actual time=4.053..267.688 rows=7365 loops=1)
                                      Join Filter: (catalog_sales.cs_warehouse_sk = warehouse_1.w_warehouse_sk)
                                      Rows Removed by Join Filter: 14772
                                      ->  Nested Loop  (cost=0.72..21603.35 rows=235 width=36) (actual time=4.044..263.722 rows=7369 loops=1)
                                            ->  Nested Loop  (cost=0.43..21379.75 rows=707 width=44) (actual time=4.038..216.941 rows=28528 loops=1)
                                                  Join Filter: (catalog_sales.cs_ship_mode_sk = ship_mode_1.sm_ship_mode_sk)
                                                  Rows Removed by Join Filter: 525474
                                                  ->  Nested Loop  (cost=0.43..21168.73 rows=7110 width=52) (actual time=4.020..131.264 rows=284178 loops=1)
                                                        ->  Seq Scan on date_dim date_dim_1  (cost=0.00..2318.11 rows=363 width=16) (actual time=4.006..8.656 rows=365 loops=1)
                                                              Filter: (d_year = 1999)
                                                              Rows Removed by Filter: 72684
                                                        ->  Index Scan using i_cs_sold_date_sk on catalog_sales  (cost=0.43..44.11 rows=782 width=52) (actual time=0.004..0.139 rows=779 loops=365)
                                                              Index Cond: (cs_sold_date_sk = date_dim_1.d_date_sk)
                                                  ->  Materialize  (cost=0.00..1.26 rows=2 width=8) (actual time=0.000..0.000 rows=2 loops=284178)
                                                        ->  Seq Scan on ship_mode ship_mode_1  (cost=0.00..1.25 rows=2 width=8) (actual time=0.008..0.009 rows=2 loops=1)
                                                              Filter: (sm_carrier = ANY ('{HARMSTORF,BOXBUNDLES}'::bpchar[]))
                                                              Rows Removed by Filter: 18
                                            ->  Index Scan using pk_time_dim on time_dim time_dim_1  (cost=0.29..0.32 rows=1 width=8) (actual time=0.001..0.001 rows=0 loops=28528)
                                                  Index Cond: (t_time_sk = catalog_sales.cs_sold_time_sk)
                                                  Filter: ((t_time >= 7083) AND (t_time <= 35883))
                                                  Rows Removed by Filter: 1
                                      ->  Materialize  (cost=0.00..1.07 rows=5 width=68) (actual time=0.000..0.000 rows=3 loops=7369)
                                            ->  Seq Scan on warehouse warehouse_1  (cost=0.00..1.05 rows=5 width=68) (actual time=0.004..0.006 rows=5 loops=1)
  w_warehouse_name   | w_warehouse_sq_ft |  w_city  |     w_county      | w_state |   w_country   |    ship_carriers     | year |     jan_sales      |     feb_sales      |     mar_sales      |     apr_sales      |     may_sales      |     jun_sales      |     jul_sales      |     aug_sales      |     sep_sales      |     oct_sales      |     nov_sales     |     dec_sales      | jan_sales_per_sq_foot | feb_sales_per_sq_foot | mar_sales_per_sq_foot | apr_sales_per_sq_foot | may_sales_per_sq_foot | jun_sales_per_sq_foot | jul_sales_per_sq_foot | aug_sales_per_sq_foot | sep_sales_per_sq_foot | oct_sales_per_sq_foot | nov_sales_per_sq_foot | dec_sales_per_sq_foot |      jan_net       |      feb_net       |      mar_net       |      apr_net       |      may_net       |      jun_net       |      jul_net       |      aug_net      |      sep_net       |      oct_net      |      nov_net      |      dec_net       
---------------------+-------------------+----------+-------------------+---------+---------------+----------------------+------+--------------------+--------------------+--------------------+--------------------+--------------------+--------------------+--------------------+--------------------+--------------------+--------------------+-------------------+--------------------+-----------------------+-----------------------+-----------------------+-----------------------+-----------------------+-----------------------+-----------------------+-----------------------+-----------------------+-----------------------+-----------------------+-----------------------+--------------------+--------------------+--------------------+--------------------+--------------------+--------------------+--------------------+-------------------+--------------------+-------------------+-------------------+--------------------
 Neither dea         |            230810 | Midway   | Williamson County | TN      | United States | HARMSTORF,BOXBUNDLES | 1999 |        16442791.28 |        12160468.49 | 15132260.249999998 |         7594518.93 |  7832664.710000001 |         8099185.15 | 12441826.999999998 |        27919662.79 | 35218238.919999994 |           30844842 | 40864921.95999999 | 47871122.879999995 |     71.23950989991768 |     52.68605558684633 |     65.56154521034617 |    32.903769030804554 |      33.9355517958494 |    35.090269702352586 |     53.90506043932237 |     120.9638351457909 |    152.58541189723147 |    133.63737273081756 |    177.05004965122825 |    207.40489094926562 | 18443044.150000002 | 13444137.999999996 | 15825689.890000012 | 12068068.060000002 | 13940280.900000002 |        20278092.71 | 28432870.140000004 | 37529379.86999999 |        33636720.41 | 50081679.73000002 |        53208973.2 |  62444796.51999999
 Parties use         |            115988 | Midway   | Williamson County | TN      | United States | HARMSTORF,BOXBUNDLES | 1999 |        12093827.51 | 11551258.670000002 |           14034743 | 12155713.459999997 | 14533608.399999999 | 14257506.889999997 |        10364493.72 |        30298276.39 | 31945469.790000003 | 32899752.900000002 | 50491923.02000001 |  35217566.38999999 |    104.26792004345276 |     99.59011854674621 |    121.00168120840087 |    104.80147480773871 |    125.30268993344139 |    122.92225825085352 |     89.35832775804394 |    261.21906050625927 |      275.420472721316 |     283.6479023692106 |    435.32023157568034 |    303.63112037452146 | 15645336.580000008 | 19466811.299999997 | 14331122.639999999 | 11846909.929999992 |  20091642.65000001 | 16912779.419999994 |        28833984.77 | 39561002.67000001 | 32570888.629999995 | 48580993.85999998 | 58821568.33000004 | 51540011.020000026
 Persons make more e |            551529 | Midway   | Williamson County | TN      | United States | HARMSTORF,BOXBUNDLES | 1999 |        20041368.59 | 5117201.4799999995 | 14662695.499999998 |        13155975.23 | 15081754.299999997 | 13208755.629999997 | 11278847.089999998 | 31630505.840000007 | 23011716.029999997 | 24921119.439999998 |        46218237.5 |  40472709.06000001 |    36.337832806615786 |     9.278209269140877 |    26.585538566421707 |    23.853641839323046 |    27.345351377715403 |     23.94934016162341 |    20.450143310687196 |     57.35057601685497 |     41.72349238208689 |    45.185510535257436 |     83.80019455005993 |     73.38273972900791 | 22271440.960000005 |  9783179.080000002 | 20970076.099999994 | 16970096.730000004 | 13575841.110000001 | 21887506.790000003 |  18296699.96999999 | 37745790.00000001 |        35229606.86 |       43637032.91 | 55020678.30999999 |  53393216.53999999
 Single, simple r    |            685286 | Midway   | Williamson County | TN      | United States | HARMSTORF,BOXBUNDLES | 1999 |        10330298.68 |         6212827.47 |        11146055.99 |        19291139.43 | 10597030.250000002 | 12682067.500000002 |        15448637.23 |        31738857.01 | 30068109.570000008 |        27415641.57 | 41393700.35999999 |        37325773.45 |     15.07443414866202 |     9.066035888665462 |    16.264823723233803 |    28.150493998126326 |    15.463660792720122 |    18.506240460187428 |    22.543342823288377 |    46.314760567120885 |     43.87673113123573 |     40.00613111897806 |     60.40354006940167 |     54.46743906923533 | 23187214.740000002 |  6907576.220000002 | 12826623.389999999 |        15522399.06 | 14561328.679999996 | 16243007.890000002 | 11975666.940000001 | 46391748.62999999 | 36158525.629999995 | 39897387.22000002 | 63170278.52999997 |  67729491.48999998
 Total, dea          |            947902 | Fairview | Williamson County | TN      | United States | HARMSTORF,BOXBUNDLES | 1999 | 15078526.879999999 |         7470707.92 | 10734721.260000002 |         5722319.33 |         4837917.95 | 10762674.299999999 |  7775896.979999999 |        28409217.92 |        27867583.02 | 25276748.719999995 |       40379868.33 |        43022905.99 |    15.907263493483503 |     7.881308320902373 |     11.32471633143511 |     6.036825884954352 |     5.103816586524768 |    11.354205709028992 |     8.203270992148976 |      29.9706276809206 |    29.399223780517396 |    26.665993657572194 |     42.59920153138193 |     45.38750418292186 |  16620431.32000001 | 11685165.030000003 |        17312914.77 | 19794719.249999996 | 15108635.440000001 | 15855316.459999999 |        20237197.76 | 37470432.33999999 |        49536732.71 | 45197761.68999997 | 62085066.68000003 |  53638010.93999997
(5 rows)

UPDATE time_statistics SET e_time = TRANSACTION_TIMESTAMP() WHERE template = 'query66.tpl' AND stream = 3;
psql:/tmp/s1-basline/throughput/query_3.sql:1880: NOTICE:  duration: 0.047 ms  plan:
Query Text: UPDATE time_statistics SET e_time = TRANSACTION_TIMESTAMP() WHERE template = 'query66.tpl' AND stream = 3;
Update on time_statistics  (cost=0.00..7.29 rows=0 width=0) (actual time=0.046..0.046 rows=0 loops=1)
  ->  Seq Scan on time_statistics  (cost=0.00..7.29 rows=1 width=14) (actual time=0.014..0.033 rows=1 loops=1)
        Filter: ((template = 'query66.tpl'::text) AND (stream = 3))
        Rows Removed by Filter: 218
UPDATE 1
LOAD 'auto_explain'; SET auto_explain.log_min_duration TO 0; SET auto_explain.log_analyze TO on; SET auto_explain.log_level TO notice; INSERT INTO time_statistics (template, s_time, stream, query, seed) VALUES ('query78.tpl', TRANSACTION_TIMESTAMP(), 3, 33, 1765514811);
LOAD
SET
SET
SET
psql:/tmp/s1-basline/throughput/query_3.sql:1881: NOTICE:  duration: 0.030 ms  plan:
Query Text: INSERT INTO time_statistics (template, s_time, stream, query, seed) VALUES ('query78.tpl', TRANSACTION_TIMESTAMP(), 3, 33, 1765514811);
Insert on time_statistics  (cost=0.00..0.01 rows=0 width=0) (actual time=0.029..0.029 rows=0 loops=1)
  ->  Result  (cost=0.00..0.01 rows=1 width=64) (actual time=0.001..0.001 rows=1 loops=1)
INSERT 0 1
with ws as
  (select d_year AS ws_sold_year, ws_item_sk,
    ws_bill_customer_sk ws_customer_sk,
    sum(ws_quantity) ws_qty,
    sum(ws_wholesale_cost) ws_wc,
    sum(ws_sales_price) ws_sp
   from web_sales
   left join web_returns on wr_order_number=ws_order_number and ws_item_sk=wr_item_sk
   join date_dim on ws_sold_date_sk = d_date_sk
   where wr_order_number is null
   group by d_year, ws_item_sk, ws_bill_customer_sk
   ),
cs as
  (select d_year AS cs_sold_year, cs_item_sk,
    cs_bill_customer_sk cs_customer_sk,
    sum(cs_quantity) cs_qty,
    sum(cs_wholesale_cost) cs_wc,
    sum(cs_sales_price) cs_sp
   from catalog_sales
   left join catalog_returns on cr_order_number=cs_order_number and cs_item_sk=cr_item_sk
   join date_dim on cs_sold_date_sk = d_date_sk
   where cr_order_number is null
   group by d_year, cs_item_sk, cs_bill_customer_sk
   ),
ss as
  (select d_year AS ss_sold_year, ss_item_sk,
    ss_customer_sk,
    sum(ss_quantity) ss_qty,
    sum(ss_wholesale_cost) ss_wc,
    sum(ss_sales_price) ss_sp
   from store_sales
   left join store_returns on sr_ticket_number=ss_ticket_number and ss_item_sk=sr_item_sk
   join date_dim on ss_sold_date_sk = d_date_sk
   where sr_ticket_number is null
   group by d_year, ss_item_sk, ss_customer_sk
   )
 select 
ss_customer_sk,
round(ss_qty/(coalesce(ws_qty,0)+coalesce(cs_qty,0)),2) ratio,
ss_qty store_qty, ss_wc store_wholesale_cost, ss_sp store_sales_price,
coalesce(ws_qty,0)+coalesce(cs_qty,0) other_chan_qty,
coalesce(ws_wc,0)+coalesce(cs_wc,0) other_chan_wholesale_cost,
coalesce(ws_sp,0)+coalesce(cs_sp,0) other_chan_sales_price
from ss
left join ws on (ws_sold_year=ss_sold_year and ws_item_sk=ss_item_sk and ws_customer_sk=ss_customer_sk)
left join cs on (cs_sold_year=ss_sold_year and cs_item_sk=ss_item_sk and cs_customer_sk=ss_customer_sk)
where (coalesce(ws_qty,0)>0 or coalesce(cs_qty, 0)>0) and ss_sold_year=1999
order by 
  ss_customer_sk,
  ss_qty desc, ss_wc desc, ss_sp desc,
  other_chan_qty,
  other_chan_wholesale_cost,
  other_chan_sales_price,
  ratio
limit 100;
psql:/tmp/s1-basline/throughput/query_3.sql:1936: NOTICE:  duration: 2949.604 ms  plan:
Query Text: with ws as
  (select d_year AS ws_sold_year, ws_item_sk,
    ws_bill_customer_sk ws_customer_sk,
    sum(ws_quantity) ws_qty,
    sum(ws_wholesale_cost) ws_wc,
    sum(ws_sales_price) ws_sp
   from web_sales
   left join web_returns on wr_order_number=ws_order_number and ws_item_sk=wr_item_sk
   join date_dim on ws_sold_date_sk = d_date_sk
   where wr_order_number is null
   group by d_year, ws_item_sk, ws_bill_customer_sk
   ),
cs as
  (select d_year AS cs_sold_year, cs_item_sk,
    cs_bill_customer_sk cs_customer_sk,
    sum(cs_quantity) cs_qty,
    sum(cs_wholesale_cost) cs_wc,
    sum(cs_sales_price) cs_sp
   from catalog_sales
   left join catalog_returns on cr_order_number=cs_order_number and cs_item_sk=cr_item_sk
   join date_dim on cs_sold_date_sk = d_date_sk
   where cr_order_number is null
   group by d_year, cs_item_sk, cs_bill_customer_sk
   ),
ss as
  (select d_year AS ss_sold_year, ss_item_sk,
    ss_customer_sk,
    sum(ss_quantity) ss_qty,
    sum(ss_wholesale_cost) ss_wc,
    sum(ss_sales_price) ss_sp
   from store_sales
   left join store_returns on sr_ticket_number=ss_ticket_number and ss_item_sk=sr_item_sk
   join date_dim on ss_sold_date_sk = d_date_sk
   where sr_ticket_number is null
   group by d_year, ss_item_sk, ss_customer_sk
   )
 select 
ss_customer_sk,
round(ss_qty/(coalesce(ws_qty,0)+coalesce(cs_qty,0)),2) ratio,
ss_qty store_qty, ss_wc store_wholesale_cost, ss_sp store_sales_price,
coalesce(ws_qty,0)+coalesce(cs_qty,0) other_chan_qty,
coalesce(ws_wc,0)+coalesce(cs_wc,0) other_chan_wholesale_cost,
coalesce(ws_sp,0)+coalesce(cs_sp,0) other_chan_sales_price
from ss
left join ws on (ws_sold_year=ss_sold_year and ws_item_sk=ss_item_sk and ws_customer_sk=ss_customer_sk)
left join cs on (cs_sold_year=ss_sold_year and cs_item_sk=ss_item_sk and cs_customer_sk=ss_customer_sk)
where (coalesce(ws_qty,0)>0 or coalesce(cs_qty, 0)>0) and ss_sold_year=1999
order by 
  ss_customer_sk,
  ss_qty desc, ss_wc desc, ss_sp desc,
  other_chan_qty,
  other_chan_wholesale_cost,
  other_chan_sales_price,
  ratio
limit 100;
Limit  (cost=153415.65..153415.90 rows=100 width=88) (actual time=2949.239..2949.504 rows=100 loops=1)
  ->  Sort  (cost=153415.65..153416.02 rows=150 width=88) (actual time=2949.238..2949.496 rows=100 loops=1)
        Sort Key: store_sales.ss_customer_sk, (sum(store_sales.ss_quantity)) DESC, (sum(store_sales.ss_wholesale_cost)) DESC, (sum(store_sales.ss_sales_price)) DESC, ((COALESCE((sum(web_sales.ws_quantity)), '0'::bigint) + COALESCE(cs.cs_qty, '0'::bigint))), ((COALESCE((sum(web_sales.ws_wholesale_cost)), '0'::double precision) + COALESCE(cs.cs_wc, '0'::double precision))), ((COALESCE((sum(web_sales.ws_sales_price)), '0'::double precision) + COALESCE(cs.cs_sp, '0'::double precision))), (round((((sum(store_sales.ss_quantity)) / (COALESCE((sum(web_sales.ws_quantity)), '0'::bigint) + COALESCE(cs.cs_qty, '0'::bigint))))::numeric, 2))
        Sort Method: top-N heapsort  Memory: 39kB
        ->  Merge Left Join  (cost=153397.12..153410.23 rows=150 width=88) (actual time=2760.822..2949.417 rows=206 loops=1)
              Merge Cond: ((store_sales.ss_customer_sk = cs.cs_customer_sk) AND (store_sales.ss_item_sk = cs.cs_item_sk))
              Join Filter: (cs.cs_sold_year = date_dim.d_year)
              Filter: ((COALESCE((sum(web_sales.ws_quantity)), '0'::bigint) > 0) OR (COALESCE(cs.cs_qty, '0'::bigint) > 0))
              Rows Removed by Filter: 492246
              ->  Sort  (cost=128883.19..128883.86 rows=270 width=68) (actual time=1795.322..1867.990 rows=492452 loops=1)
                    Sort Key: store_sales.ss_customer_sk, store_sales.ss_item_sk
                    Sort Method: external merge  Disk: 31576kB
                    ->  Merge Left Join  (cost=128618.76..128872.28 rows=270 width=68) (actual time=993.858..1552.051 rows=492452 loops=1)
                          Merge Cond: ((store_sales.ss_item_sk = web_sales.ws_item_sk) AND (store_sales.ss_customer_sk = web_sales.ws_bill_customer_sk))
                          Join Filter: (date_dim_1.d_year = date_dim.d_year)
                          ->  Finalize GroupAggregate  (cost=94175.05..94210.05 rows=270 width=44) (actual time=777.593..1123.247 rows=492452 loops=1)
                                Group Key: date_dim.d_year, store_sales.ss_item_sk, store_sales.ss_customer_sk
                                ->  Gather Merge  (cost=94175.05..94203.99 rows=224 width=44) (actual time=777.587..962.375 rows=495499 loops=1)
                                      Workers Planned: 2
                                      Workers Launched: 2
                                      ->  Partial GroupAggregate  (cost=93175.03..93178.11 rows=112 width=44) (actual time=767.612..859.682 rows=165166 loops=3)
                                            Group Key: date_dim.d_year, store_sales.ss_item_sk, store_sales.ss_customer_sk
                                            ->  Sort  (cost=93175.03..93175.31 rows=112 width=40) (actual time=767.603..783.698 rows=165941 loops=3)
                                                  Sort Key: store_sales.ss_item_sk, store_sales.ss_customer_sk
                                                  Sort Method: external merge  Disk: 10688kB
                                                  Worker 0:  Sort Method: external merge  Disk: 8608kB
                                                  Worker 1:  Sort Method: external merge  Disk: 8600kB
                                                  ->  Nested Loop Anti Join  (cost=2323.07..93171.22 rows=112 width=40) (actual time=14.240..672.067 rows=165941 loops=3)
                                                        ->  Hash Join  (cost=2322.65..90594.07 rows=5693 width=48) (actual time=14.182..281.042 rows=184263 loops=3)
                                                              Hash Cond: (store_sales.ss_sold_date_sk = date_dim.d_date_sk)
                                                              ->  Parallel Seq Scan on store_sales  (cost=0.00..85123.48 rows=1199148 width=52) (actual time=0.014..124.778 rows=959309 loops=3)
                                                              ->  Hash  (cost=2318.11..2318.11 rows=363 width=12) (actual time=14.128..14.129 rows=365 loops=3)
                                                                    Buckets: 1024  Batches: 1  Memory Usage: 26kB
                                                                    ->  Seq Scan on date_dim  (cost=0.00..2318.11 rows=363 width=12) (actual time=6.600..14.077 rows=365 loops=3)
                                                                          Filter: (d_year = 1999)
                                                                          Rows Removed by Filter: 72684
                                                        ->  Index Only Scan using pk_store_returns on store_returns  (cost=0.42..0.44 rows=1 width=16) (actual time=0.002..0.002 rows=0 loops=552788)
                                                              Index Cond: ((sr_item_sk = store_sales.ss_item_sk) AND (sr_ticket_number = store_sales.ss_ticket_number))
                                                              Heap Fetches: 0
                          ->  Materialize  (cost=34443.71..34650.81 rows=1451 width=44) (actual time=216.260..347.869 rows=130504 loops=1)
                                ->  Finalize GroupAggregate  (cost=34443.71..34632.67 rows=1451 width=44) (actual time=216.257..313.864 rows=130504 loops=1)
                                      Group Key: date_dim_1.d_year, web_sales.ws_item_sk, web_sales.ws_bill_customer_sk
                                      ->  Gather Merge  (cost=34443.71..34600.01 rows=1210 width=44) (actual time=216.251..269.268 rows=130515 loops=1)
                                            Workers Planned: 2
                                            Workers Launched: 2
                                            ->  Partial GroupAggregate  (cost=33443.68..33460.32 rows=605 width=44) (actual time=209.050..233.121 rows=43505 loops=3)
                                                  Group Key: date_dim_1.d_year, web_sales.ws_item_sk, web_sales.ws_bill_customer_sk
                                                  ->  Sort  (cost=33443.68..33445.20 rows=605 width=40) (actual time=209.042..213.428 rows=43506 loops=3)
                                                        Sort Key: web_sales.ws_item_sk, web_sales.ws_bill_customer_sk
                                                        Sort Method: quicksort  Memory: 6306kB
                                                        Worker 0:  Sort Method: quicksort  Memory: 4751kB
                                                        Worker 1:  Sort Method: quicksort  Memory: 4769kB
                                                        ->  Nested Loop Anti Join  (cost=2323.07..33415.73 rows=605 width=40) (actual time=14.139..191.798 rows=43506 loops=3)
                                                              ->  Hash Join  (cost=2322.65..32754.43 rows=1490 width=48) (actual time=14.075..97.996 rows=48339 loops=3)
                                                                    Hash Cond: (web_sales.ws_sold_date_sk = date_dim_1.d_date_sk)
                                                                    ->  Parallel Seq Scan on web_sales  (cost=0.00..29644.81 rows=299781 width=52) (actual time=0.018..45.581 rows=239825 loops=3)
                                                                    ->  Hash  (cost=2318.11..2318.11 rows=363 width=12) (actual time=13.986..13.987 rows=365 loops=3)
                                                                          Buckets: 1024  Batches: 1  Memory Usage: 26kB
                                                                          ->  Seq Scan on date_dim date_dim_1  (cost=0.00..2318.11 rows=363 width=12) (actual time=6.807..13.936 rows=365 loops=3)
                                                                                Filter: (d_year = 1999)
                                                                                Rows Removed by Filter: 72684
                                                              ->  Index Only Scan using pk_web_returns on web_returns  (cost=0.42..0.44 rows=1 width=16) (actual time=0.002..0.002 rows=0 loops=145018)
                                                                    Index Cond: ((wr_item_sk = web_sales.ws_item_sk) AND (wr_order_number = web_sales.ws_order_number))
                                                                    Heap Fetches: 0
              ->  Sort  (cost=24513.94..24516.71 rows=1111 width=44) (actual time=964.955..988.003 rows=254883 loops=1)
                    Sort Key: cs.cs_customer_sk, cs.cs_item_sk
                    Sort Method: external sort  Disk: 15488kB
                    ->  Subquery Scan on cs  (cost=24416.07..24457.73 rows=1111 width=44) (actual time=669.653..817.938 rows=255478 loops=1)
                          ->  GroupAggregate  (cost=24416.07..24446.62 rows=1111 width=44) (actual time=669.650..797.268 rows=255478 loops=1)
                                Group Key: date_dim_2.d_year, catalog_sales.cs_item_sk, catalog_sales.cs_bill_customer_sk
                                ->  Sort  (cost=24416.07..24418.85 rows=1111 width=40) (actual time=669.640..694.089 rows=255533 loops=1)
                                      Sort Key: catalog_sales.cs_item_sk, catalog_sales.cs_bill_customer_sk
                                      Sort Method: external merge  Disk: 14488kB
                                      ->  Nested Loop Anti Join  (cost=0.85..24359.87 rows=1111 width=40) (actual time=4.068..535.537 rows=255533 loops=1)
                                            ->  Nested Loop  (cost=0.43..21168.73 rows=7110 width=48) (actual time=4.056..119.003 rows=284178 loops=1)
                                                  ->  Seq Scan on date_dim date_dim_2  (cost=0.00..2318.11 rows=363 width=12) (actual time=4.033..8.433 rows=365 loops=1)
                                                        Filter: (d_year = 1999)
                                                        Rows Removed by Filter: 72684
                                                  ->  Index Scan using i_cs_sold_date_sk on catalog_sales  (cost=0.43..44.11 rows=782 width=52) (actual time=0.004..0.160 rows=779 loops=365)
                                                        Index Cond: (cs_sold_date_sk = date_dim_2.d_date_sk)
                                            ->  Index Only Scan using pk_catalog_returns on catalog_returns  (cost=0.42..0.44 rows=1 width=16) (actual time=0.001..0.001 rows=0 loops=284178)
                                                  Index Cond: ((cr_item_sk = catalog_sales.cs_item_sk) AND (cr_order_number = catalog_sales.cs_order_number))
                                                  Heap Fetches: 0
 ss_customer_sk | ratio | store_qty | store_wholesale_cost | store_sales_price | other_chan_qty | other_chan_wholesale_cost | other_chan_sales_price 
----------------+-------+-----------+----------------------+-------------------+----------------+---------------------------+------------------------
            317 | 12.00 |        72 |                19.85 |              7.06 |              6 |                      7.94 |                   9.25
            591 |  0.00 |         4 |                63.73 |             28.81 |             66 |                     91.54 |                 144.28
            784 |  9.00 |        72 |                80.58 |             72.06 |              8 |                     31.96 |                  37.39
            921 |  0.00 |         5 |                53.68 |             16.52 |             72 |                     60.78 |                  72.07
           1013 |  0.00 |        19 |                 78.2 |             44.41 |             49 |                     80.98 |                 108.96
           1563 |  1.00 |        67 |                30.71 |             43.71 |             46 |                      4.82 |                    3.7
           1904 |  1.00 |        56 |                62.37 |             77.43 |             51 |                      2.48 |                   1.71
           2106 |  0.00 |         1 |                67.93 |             87.38 |             83 |                     39.04 |                  37.87
           2340 |  1.00 |        43 |                65.77 |             35.99 |             23 |                     16.47 |                   8.39
           2856 |  2.00 |        86 |                40.15 |             54.05 |             29 |                     15.86 |                   0.88
           4504 |  0.00 |        36 |                62.56 |             36.36 |             83 |                     35.45 |                  51.04
           6064 |  5.00 |        42 |                 50.2 |             11.09 |              8 |                      9.21 |                  12.68
           6153 |  0.00 |        57 |                29.28 |              5.88 |             63 |                     94.37 |                    151
           7168 |  1.00 |        91 |                92.61 |              98.4 |             67 |                     34.19 |                  32.46
           8282 |  0.00 |        65 |                23.59 |             32.48 |             93 |                     75.24 |                  111.5
           9573 |  1.00 |        18 |                21.95 |             10.71 |             17 |                     51.95 |                      0
          11046 |  1.00 |        72 |                13.77 |             18.12 |             70 |                      52.4 |     62.230000000000004
          11782 |  1.00 |        49 |                27.15 |             26.58 |             47 |                     55.26 |                  53.88
          11834 |  0.00 |        13 |                 23.7 |             22.98 |             70 |                     17.35 |                  17.95
          11981 |  2.00 |        91 |                 56.4 |              72.2 |             36 |                      61.5 |                   1.73
          12005 |  0.00 |        91 |                 78.6 |              91.6 |            100 |                     38.68 |                  42.19
          12371 |  0.00 |        28 |                87.79 |             58.04 |             43 |                      4.37 |                   7.33
          12402 |  5.00 |        10 |                96.28 |            113.61 |              2 |                      7.69 |                  13.83
          13397 |  0.00 |        37 |                32.69 |             44.52 |             87 |                     23.75 |                  11.85
          14078 |  9.00 |        39 |                73.01 |             117.9 |              4 |                     94.18 |                  99.76
          15253 |  2.00 |        23 |                 3.91 |              2.97 |             11 |                      9.67 |                   1.52
          15382 |  5.00 |        91 |                46.93 |             28.22 |             17 |                      95.4 |                 114.33
          15641 |  1.00 |        11 |                36.55 |             26.31 |              9 |                     10.73 |                   6.82
          16259 | 42.00 |        42 |                 1.14 |              0.03 |              1 |                      89.2 |                 134.43
          16480 |  0.00 |        72 |                25.45 |             31.87 |             93 |                     60.55 |                  51.22
          16651 | 27.00 |        54 |                70.85 |             42.47 |              2 |                     18.09 |                  25.45
          16683 |  0.00 |         5 |                58.64 |             42.11 |             31 |                      2.07 |                   1.38
          17619 |  3.00 |        13 |                64.88 |             43.18 |              4 |                     96.39 |                  65.35
          18794 |  0.00 |         2 |                 4.41 |               6.6 |             76 |                     73.33 |                  46.19
          18877 |  1.00 |        39 |                29.42 |             16.32 |             23 |                     78.27 |                  30.36
          19168 |  4.00 |        97 |                19.37 |             30.28 |             22 |                     40.09 |                  57.22
          19318 |  0.00 |        56 |                 43.6 |             65.33 |             59 |                     35.39 |                  73.15
          19345 |  0.00 |        17 |                23.01 |             21.61 |            100 |                     63.38 |                  92.96
          19608 |  0.00 |        24 |                71.39 |             23.75 |             34 |                     60.11 |                 111.23
          19663 |  0.00 |         1 |                43.47 |                 0 |             39 |                     95.31 |                 114.88
          20024 |  0.00 |         3 |                19.71 |             12.42 |             11 |                      4.42 |                   1.28
          20065 |  1.00 |        39 |                 6.27 |              6.65 |             25 |                     31.04 |                  21.11
          20400 |  0.00 |        21 |                80.21 |            127.33 |             45 |                     88.06 |                 180.06
          20581 |  0.00 |        15 |                 56.1 |             35.18 |             63 |                      63.4 |                  96.16
          21086 |  0.00 |        21 |                      |             20.05 |             54 |                     67.76 |                   3.98
          21646 |  0.00 |        51 |                81.46 |             81.09 |             63 |                     54.67 |                 120.05
          21702 |  6.00 |        43 |                73.41 |             34.61 |              7 |                     97.13 |                  154.2
          22320 |  1.00 |        28 |                 8.03 |             11.73 |             24 |                     88.47 |                  77.72
          23022 |  0.00 |        56 |                27.74 |             30.78 |             58 |                     16.93 |                  16.15
          25178 |  2.00 |        85 |                86.29 |             85.77 |             30 |                     49.29 |                  48.88
          25655 |  1.00 |        47 |                95.77 |            145.57 |             43 |                     66.99 |                  48.73
          25948 |  2.00 |        65 |                12.37 |             21.03 |             26 |                      54.9 |                  90.25
          26188 |  0.00 |        38 |                 25.7 |             28.42 |             91 |                     35.46 |                  10.79
          26205 |  0.00 |        14 |                49.33 |             52.24 |             38 |                     79.94 |                 192.08
          27524 |  0.00 |        31 |                28.53 |             14.47 |             86 |                     39.44 |                  70.55
          27549 |  1.00 |        70 |                57.24 |             53.06 |             67 |                     40.69 |                   2.83
          29032 |  0.00 |        32 |                 2.82 |              0.03 |             46 |                     64.44 |                  16.86
          29139 |  2.00 |        71 |                12.04 |              0.26 |             30 |                     66.33 |                  51.25
          29324 |  0.00 |        17 |                22.76 |             17.95 |             49 |                     23.93 |                  27.87
          30606 |  0.00 |        51 |                44.52 |             24.51 |             96 |                     28.26 |                  22.04
          30920 |  1.00 |        70 |                96.02 |             73.86 |             64 |                     24.21 |                  41.42
          31013 |  1.00 |        70 |                48.26 |              46.2 |             45 |                     57.91 |                  41.27
          31561 |  0.00 |        42 |                69.33 |             21.96 |             96 |                      4.78 |                   0.96
          31957 |  0.00 |        58 |                37.03 |             40.81 |             99 |                      4.83 |                   5.54
          31958 |  0.00 |        13 |                47.21 |             31.63 |             17 |                      86.6 |                   8.53
          32058 |  0.00 |        61 |                83.33 |             22.04 |             78 |                     15.47 |                  35.96
          33324 |  1.00 |        87 |                70.76 |            100.44 |             81 |                     29.38 |                  32.99
          33933 |  0.00 |        71 |                   83 |            123.46 |             82 |                     51.33 |                   58.2
          34359 |  0.00 |        58 |                60.27 |              63.4 |            100 |                     39.25 |                  52.24
          34555 |  0.00 |        40 |                60.32 |             20.68 |             50 |                     43.52 |                  42.76
          35530 |  1.00 |        79 |                12.81 |             10.52 |             46 |                     50.77 |                  65.27
          35815 |  1.00 |        88 |                98.74 |             60.03 |             55 |                      11.9 |                  29.01
          36043 |  0.00 |        58 |                63.03 |              17.2 |             60 |                     64.18 |                   80.5
          36274 |  1.00 |       100 |                60.48 |             47.61 |            100 |                      5.96 |                   0.13
          36347 |  0.00 |         1 |                93.97 |             73.86 |             85 |                     38.15 |                   6.95
          36513 |  2.00 |        75 |                44.02 |             21.78 |             29 |                     50.01 |                  51.15
          36998 |  0.00 |        94 |                96.09 |             48.83 |             97 |                     53.17 |                   30.3
          37126 |  1.00 |        69 |                11.07 |             18.09 |             50 |                     36.29 |                  37.34
          37480 |  0.00 |        32 |                66.22 |             13.39 |             62 |                     27.41 |                  19.73
          37971 |  0.00 |        61 |                74.61 |                74 |             74 |                     19.26 |                  31.58
          38214 |  1.00 |        94 |                68.91 |             46.01 |             63 |                     55.91 |                  27.92
          40647 |  3.00 |        63 |                10.03 |              6.78 |             20 |                      28.2 |                  45.27
          40857 |  1.00 |        75 |                28.57 |             18.06 |             66 |                     30.81 |                  19.01
          41030 |  0.00 |        35 |                98.11 |             41.61 |             39 |                     48.23 |                  41.26
          41312 |  7.00 |        98 |                 3.29 |              2.64 |             14 |                     94.84 |                 238.19
          42716 |  0.00 |        22 |                 14.8 |              8.22 |             80 |                     22.97 |                  16.31
          43522 |  0.00 |        18 |                86.46 |             65.84 |             67 |                     84.52 |                 190.95
          43951 |  0.00 |        27 |                 3.83 |              2.82 |             52 |                     98.71 |                 104.24
          44035 |  2.00 |        58 |                55.93 |              2.18 |             20 |                     99.11 |                 120.81
          44292 |  0.00 |        21 |                99.24 |             68.37 |             62 |                     76.67 |                  75.56
          44998 |  0.00 |        31 |                73.38 |              20.8 |             51 |                     24.52 |                   56.7
          45057 |  1.00 |        45 |                35.18 |             44.49 |             36 |                     61.98 |                  10.93
          45656 |  0.00 |         1 |                 91.2 |            155.95 |             80 |                     74.11 |                 124.97
          46397 |  0.00 |        30 |                12.75 |             17.55 |             56 |                     40.48 |                  17.77
          46426 |  0.00 |         4 |                99.99 |             89.58 |             74 |                     31.99 |                   6.83
          47420 |  0.00 |        19 |                 5.07 |              5.23 |             77 |                      9.82 |                   4.94
          48345 |  0.00 |        50 |                70.74 |             43.18 |             66 |                     76.43 |                  80.55
          48776 |  1.00 |        37 |                33.77 |             46.46 |             30 |                     81.11 |                  36.74
          49708 |  7.00 |        70 |                28.46 |             16.73 |             10 |                     95.26 |                  70.85
          52172 |  0.00 |        85 |                50.89 |             40.02 |             89 |                     40.35 |                  43.25
(100 rows)

UPDATE time_statistics SET e_time = TRANSACTION_TIMESTAMP() WHERE template = 'query78.tpl' AND stream = 3;
psql:/tmp/s1-basline/throughput/query_3.sql:1938: NOTICE:  duration: 0.059 ms  plan:
Query Text: UPDATE time_statistics SET e_time = TRANSACTION_TIMESTAMP() WHERE template = 'query78.tpl' AND stream = 3;
Update on time_statistics  (cost=0.00..7.29 rows=0 width=0) (actual time=0.059..0.059 rows=0 loops=1)
  ->  Seq Scan on time_statistics  (cost=0.00..7.29 rows=1 width=14) (actual time=0.039..0.044 rows=1 loops=1)
        Filter: ((template = 'query78.tpl'::text) AND (stream = 3))
        Rows Removed by Filter: 219
UPDATE 1
LOAD 'auto_explain'; SET auto_explain.log_min_duration TO 0; SET auto_explain.log_analyze TO on; SET auto_explain.log_level TO notice; INSERT INTO time_statistics (template, s_time, stream, query, seed) VALUES ('query43.tpl', TRANSACTION_TIMESTAMP(), 3, 34, 371386228);
LOAD
SET
SET
SET
psql:/tmp/s1-basline/throughput/query_3.sql:1939: NOTICE:  duration: 0.009 ms  plan:
Query Text: INSERT INTO time_statistics (template, s_time, stream, query, seed) VALUES ('query43.tpl', TRANSACTION_TIMESTAMP(), 3, 34, 371386228);
Insert on time_statistics  (cost=0.00..0.01 rows=0 width=0) (actual time=0.008..0.008 rows=0 loops=1)
  ->  Result  (cost=0.00..0.01 rows=1 width=64) (actual time=0.001..0.002 rows=1 loops=1)
INSERT 0 1
select  s_store_name, s_store_id,
        sum(case when (d_day_name='Sunday') then ss_sales_price else null end) sun_sales,
        sum(case when (d_day_name='Monday') then ss_sales_price else null end) mon_sales,
        sum(case when (d_day_name='Tuesday') then ss_sales_price else  null end) tue_sales,
        sum(case when (d_day_name='Wednesday') then ss_sales_price else null end) wed_sales,
        sum(case when (d_day_name='Thursday') then ss_sales_price else null end) thu_sales,
        sum(case when (d_day_name='Friday') then ss_sales_price else null end) fri_sales,
        sum(case when (d_day_name='Saturday') then ss_sales_price else null end) sat_sales
 from date_dim, store_sales, store
 where d_date_sk = ss_sold_date_sk and
       s_store_sk = ss_store_sk and
       s_gmt_offset = -5 and
       d_year = 2001 
 group by s_store_name, s_store_id
 order by s_store_name, s_store_id,sun_sales,mon_sales,tue_sales,wed_sales,thu_sales,fri_sales,sat_sales
 limit 100;
psql:/tmp/s1-basline/throughput/query_3.sql:1955: NOTICE:  duration: 529.431 ms  plan:
Query Text: select  s_store_name, s_store_id,
        sum(case when (d_day_name='Sunday') then ss_sales_price else null end) sun_sales,
        sum(case when (d_day_name='Monday') then ss_sales_price else null end) mon_sales,
        sum(case when (d_day_name='Tuesday') then ss_sales_price else  null end) tue_sales,
        sum(case when (d_day_name='Wednesday') then ss_sales_price else null end) wed_sales,
        sum(case when (d_day_name='Thursday') then ss_sales_price else null end) thu_sales,
        sum(case when (d_day_name='Friday') then ss_sales_price else null end) fri_sales,
        sum(case when (d_day_name='Saturday') then ss_sales_price else null end) sat_sales
 from date_dim, store_sales, store
 where d_date_sk = ss_sold_date_sk and
       s_store_sk = ss_store_sk and
       s_gmt_offset = -5 and
       d_year = 2001 
 group by s_store_name, s_store_id
 order by s_store_name, s_store_id,sun_sales,mon_sales,tue_sales,wed_sales,thu_sales,fri_sales,sat_sales
 limit 100;
Limit  (cost=92185.57..92185.59 rows=9 width=78) (actual time=529.287..529.415 rows=6 loops=1)
  ->  Sort  (cost=92185.57..92185.59 rows=9 width=78) (actual time=529.287..529.413 rows=6 loops=1)
        Sort Key: store.s_store_name, store.s_store_id, (sum(CASE WHEN (date_dim.d_day_name = 'Sunday'::bpchar) THEN store_sales.ss_sales_price ELSE NULL::double precision END)), (sum(CASE WHEN (date_dim.d_day_name = 'Monday'::bpchar) THEN store_sales.ss_sales_price ELSE NULL::double precision END)), (sum(CASE WHEN (date_dim.d_day_name = 'Tuesday'::bpchar) THEN store_sales.ss_sales_price ELSE NULL::double precision END)), (sum(CASE WHEN (date_dim.d_day_name = 'Wednesday'::bpchar) THEN store_sales.ss_sales_price ELSE NULL::double precision END)), (sum(CASE WHEN (date_dim.d_day_name = 'Thursday'::bpchar) THEN store_sales.ss_sales_price ELSE NULL::double precision END)), (sum(CASE WHEN (date_dim.d_day_name = 'Friday'::bpchar) THEN store_sales.ss_sales_price ELSE NULL::double precision END)), (sum(CASE WHEN (date_dim.d_day_name = 'Saturday'::bpchar) THEN store_sales.ss_sales_price ELSE NULL::double precision END))
        Sort Method: quicksort  Memory: 25kB
        ->  Finalize GroupAggregate  (cost=91952.08..92185.43 rows=9 width=78) (actual time=458.869..529.399 rows=6 loops=1)
              Group Key: store.s_store_name, store.s_store_id
              ->  Gather Merge  (cost=91952.08..92184.93 rows=18 width=78) (actual time=441.298..529.384 rows=18 loops=1)
                    Workers Planned: 2
                    Workers Launched: 2
                    ->  Partial GroupAggregate  (cost=90952.05..91182.83 rows=9 width=78) (actual time=370.974..442.014 rows=6 loops=3)
                          Group Key: store.s_store_name, store.s_store_id
                          ->  Sort  (cost=90952.05..90965.62 rows=5428 width=40) (actual time=356.129..376.665 rows=178886 loops=3)
                                Sort Key: store.s_store_name, store.s_store_id
                                Sort Method: external merge  Disk: 11400kB
                                Worker 0:  Sort Method: external merge  Disk: 8104kB
                                Worker 1:  Sort Method: external merge  Disk: 8104kB
                                ->  Hash Join  (cost=2323.95..90615.35 rows=5428 width=40) (actual time=14.616..289.433 rows=178886 loops=3)
                                      Hash Cond: (store_sales.ss_store_sk = store.s_store_sk)
                                      ->  Hash Join  (cost=2322.65..90594.07 rows=5693 width=26) (actual time=14.543..262.121 rows=183167 loops=3)
                                            Hash Cond: (store_sales.ss_sold_date_sk = date_dim.d_date_sk)
                                            ->  Parallel Seq Scan on store_sales  (cost=0.00..85123.48 rows=1199148 width=24) (actual time=0.013..123.415 rows=959309 loops=3)
                                            ->  Hash  (cost=2318.11..2318.11 rows=363 width=18) (actual time=14.513..14.514 rows=365 loops=3)
                                                  Buckets: 1024  Batches: 1  Memory Usage: 28kB
                                                  ->  Seq Scan on date_dim  (cost=0.00..2318.11 rows=363 width=18) (actual time=7.040..14.460 rows=365 loops=3)
                                                        Filter: (d_year = 2001)
                                                        Rows Removed by Filter: 72684
                                      ->  Hash  (cost=1.15..1.15 rows=12 width=30) (actual time=0.035..0.035 rows=12 loops=3)
                                            Buckets: 1024  Batches: 1  Memory Usage: 9kB
                                            ->  Seq Scan on store  (cost=0.00..1.15 rows=12 width=30) (actual time=0.024..0.028 rows=12 loops=3)
                                                  Filter: (s_gmt_offset = '-5'::double precision)
 s_store_name |    s_store_id    |     sun_sales      |     mon_sales      |     tue_sales      |     wed_sales      |     thu_sales      |     fri_sales      |     sat_sales      
--------------+------------------+--------------------+--------------------+--------------------+--------------------+--------------------+--------------------+--------------------
 able         | AAAAAAAACAAAAAAA |  482639.9400000008 |  544719.3599999995 |  472204.5800000001 |  469243.8999999999 |  442272.6900000002 |  477176.1499999998 | 467147.15000000014
 ation        | AAAAAAAAHAAAAAAA | 464183.13000000047 | 519063.48999999976 | 470469.33999999915 |   444391.199999999 | 468529.27999999985 | 477270.37000000034 | 475577.86999999953
 bar          | AAAAAAAAKAAAAAAA |  487016.6500000001 |  503900.3800000007 |  478226.2500000006 | 497370.95000000024 | 474350.95999999996 |  471623.7999999997 | 501509.95000000007
 eing         | AAAAAAAAIAAAAAAA |  488528.5099999996 | 484651.52999999915 | 472915.49999999994 |   473636.759999999 |  446023.2000000002 | 493501.30999999976 | 471853.49999999977
 ese          | AAAAAAAAEAAAAAAA | 470835.75000000047 | 465576.70999999985 |  473110.4599999995 |  469162.6399999998 | 469628.87999999954 | 472223.80000000075 |  502967.7200000003
 ought        | AAAAAAAABAAAAAAA |  476190.6300000003 |  470529.2699999993 | 467154.85000000056 |  494160.6600000003 | 452626.11000000057 |  472997.8600000001 |  489445.3500000001
(6 rows)

UPDATE time_statistics SET e_time = TRANSACTION_TIMESTAMP() WHERE template = 'query43.tpl' AND stream = 3;
psql:/tmp/s1-basline/throughput/query_3.sql:1957: NOTICE:  duration: 0.057 ms  plan:
Query Text: UPDATE time_statistics SET e_time = TRANSACTION_TIMESTAMP() WHERE template = 'query43.tpl' AND stream = 3;
Update on time_statistics  (cost=0.00..7.29 rows=0 width=0) (actual time=0.056..0.057 rows=0 loops=1)
  ->  Seq Scan on time_statistics  (cost=0.00..7.29 rows=1 width=14) (actual time=0.037..0.042 rows=1 loops=1)
        Filter: ((template = 'query43.tpl'::text) AND (stream = 3))
        Rows Removed by Filter: 220
UPDATE 1
LOAD 'auto_explain'; SET auto_explain.log_min_duration TO 0; SET auto_explain.log_analyze TO on; SET auto_explain.log_level TO notice; INSERT INTO time_statistics (template, s_time, stream, query, seed) VALUES ('query22.tpl', TRANSACTION_TIMESTAMP(), 3, 35, 1300855814);
LOAD
SET
SET
SET
psql:/tmp/s1-basline/throughput/query_3.sql:1958: NOTICE:  duration: 0.009 ms  plan:
Query Text: INSERT INTO time_statistics (template, s_time, stream, query, seed) VALUES ('query22.tpl', TRANSACTION_TIMESTAMP(), 3, 35, 1300855814);
Insert on time_statistics  (cost=0.00..0.01 rows=0 width=0) (actual time=0.008..0.008 rows=0 loops=1)
  ->  Result  (cost=0.00..0.01 rows=1 width=64) (actual time=0.001..0.002 rows=1 loops=1)
INSERT 0 1
select  i_product_name
             ,i_brand
             ,i_class
             ,i_category
             ,avg(inv_quantity_on_hand) qoh
       from inventory
           ,date_dim
           ,item
       where inv_date_sk=d_date_sk
              and inv_item_sk=i_item_sk
              and d_month_seq between 1217 and 1217 + 11
       group by rollup(i_product_name
                       ,i_brand
                       ,i_class
                       ,i_category)
order by qoh, i_product_name, i_brand, i_class, i_category
limit 100;
psql:/tmp/s1-basline/throughput/query_3.sql:1975: NOTICE:  duration: 4907.321 ms  plan:
Query Text: select  i_product_name
             ,i_brand
             ,i_class
             ,i_category
             ,avg(inv_quantity_on_hand) qoh
       from inventory
           ,date_dim
           ,item
       where inv_date_sk=d_date_sk
              and inv_item_sk=i_item_sk
              and d_month_seq between 1217 and 1217 + 11
       group by rollup(i_product_name
                       ,i_brand
                       ,i_class
                       ,i_category)
order by qoh, i_product_name, i_brand, i_class, i_category
limit 100;
Limit  (cost=150626.56..150626.81 rows=100 width=236) (actual time=4903.934..4907.251 rows=100 loops=1)
  ->  Sort  (cost=150626.56..150806.15 rows=71833 width=236) (actual time=4903.933..4907.243 rows=100 loops=1)
        Sort Key: (avg(inventory.inv_quantity_on_hand)), item.i_product_name, item.i_brand, item.i_class, item.i_category
        Sort Method: top-N heapsort  Memory: 66kB
        ->  MixedAggregate  (cost=5166.21..147881.16 rows=71833 width=236) (actual time=4874.795..4896.034 rows=47948 loops=1)
              Hash Key: item.i_product_name, item.i_brand, item.i_class, item.i_category
              Hash Key: item.i_product_name, item.i_brand, item.i_class
              Hash Key: item.i_product_name, item.i_brand
              Hash Key: item.i_product_name
              Group Key: ()
              Batches: 1  Memory Usage: 16945kB
              ->  Gather  (cost=5166.21..144824.67 rows=57562 width=208) (actual time=34.296..244.165 rows=2340000 loops=1)
                    Workers Planned: 3
                    Workers Launched: 3
                    ->  Hash Join  (cost=4166.21..138068.47 rows=18568 width=208) (actual time=39.652..670.976 rows=585000 loops=4)
                          Hash Cond: (inventory.inv_item_sk = item.i_item_sk)
                          ->  Hash Join  (cost=2505.21..136358.72 rows=18568 width=12) (actual time=15.828..488.388 rows=585000 loops=4)
                                Hash Cond: (inventory.inv_date_sk = date_dim.d_date_sk)
                                ->  Parallel Seq Scan on inventory  (cost=0.00..123907.26 rows=3788826 width=20) (actual time=0.015..197.365 rows=2936250 loops=4)
                                ->  Hash  (cost=2500.73..2500.73 rows=358 width=8) (actual time=12.238..12.239 rows=365 loops=4)
                                      Buckets: 1024  Batches: 1  Memory Usage: 23kB
                                      ->  Seq Scan on date_dim  (cost=0.00..2500.73 rows=358 width=8) (actual time=5.675..12.187 rows=365 loops=4)
                                            Filter: ((d_month_seq >= 1217) AND (d_month_seq <= 1228))
                                            Rows Removed by Filter: 72684
                          ->  Hash  (cost=1436.00..1436.00 rows=18000 width=212) (actual time=23.496..23.497 rows=18000 loops=4)
                                Buckets: 32768  Batches: 1  Memory Usage: 4606kB
                                ->  Seq Scan on item  (cost=0.00..1436.00 rows=18000 width=212) (actual time=0.029..17.973 rows=18000 loops=4)
                   i_product_name                   |                      i_brand                       |                      i_class                       |                     i_category                     |         qoh          
----------------------------------------------------+----------------------------------------------------+----------------------------------------------------+----------------------------------------------------+----------------------
 barantipriation                                    | amalgedu pack #1                                   | womens                                             | Shoes                                              | 397.2254901960784314
 barantipriation                                    | amalgedu pack #1                                   | womens                                             |                                                    | 397.2254901960784314
 barantipriation                                    | amalgedu pack #1                                   |                                                    |                                                    | 397.2254901960784314
 barantipriation                                    |                                                    |                                                    |                                                    | 397.2254901960784314
 ableationanticallyought                            | importoexporti #1                                  | infants                                            | Children                                           | 400.5098039215686275
 ableationanticallyought                            | importoexporti #1                                  | infants                                            |                                                    | 400.5098039215686275
 ableationanticallyought                            | importoexporti #1                                  |                                                    |                                                    | 400.5098039215686275
 ableationanticallyought                            |                                                    |                                                    |                                                    | 400.5098039215686275
 oughtcallyoughtableought                           | univamalgamalg #7                                  | memory                                             | Electronics                                        | 404.3724137931034483
 oughtcallyoughtableought                           | univamalgamalg #7                                  | memory                                             |                                                    | 404.3724137931034483
 oughtcallyoughtableought                           | univamalgamalg #7                                  |                                                    |                                                    | 404.3724137931034483
 oughtcallyoughtableought                           |                                                    |                                                    |                                                    | 404.3724137931034483
 ationablecallyeing                                 | exportiimporto #2                                  | pants                                              | Men                                                | 409.6666666666666667
 ationablecallyeing                                 | exportiimporto #2                                  | pants                                              |                                                    | 409.6666666666666667
 ationablecallyeing                                 | exportiimporto #2                                  |                                                    |                                                    | 409.6666666666666667
 ationablecallyeing                                 |                                                    |                                                    |                                                    | 409.6666666666666667
 ableationcallypri                                  | brandcorp #1                                       | pendants                                           | Jewelry                                            | 410.4622641509433962
 ableationcallypri                                  | brandcorp #1                                       | pendants                                           |                                                    | 410.4622641509433962
 ableationcallypri                                  | brandcorp #1                                       |                                                    |                                                    | 410.4622641509433962
 ableationcallypri                                  |                                                    |                                                    |                                                    | 410.4622641509433962
 antiantioughtpri                                   | edu packcorp #4                                    | bracelets                                          | Jewelry                                            | 419.2676056338028169
 antiantioughtpri                                   | edu packcorp #4                                    | bracelets                                          |                                                    | 419.2676056338028169
 antiantioughtpri                                   | edu packcorp #4                                    |                                                    |                                                    | 419.2676056338028169
 antiantioughtpri                                   |                                                    |                                                    |                                                    | 419.2676056338028169
 eingbaroughtableought                              | importoscholar #1                                  | country                                            | Music                                              | 420.5333333333333333
 eingbaroughtableought                              | importoscholar #1                                  | country                                            |                                                    | 420.5333333333333333
 eingbaroughtableought                              | importoscholar #1                                  |                                                    |                                                    | 420.5333333333333333
 eingbaroughtableought                              |                                                    |                                                    |                                                    | 420.5333333333333333
 callyationeseought                                 | corpmaxi #1                                        | parenting                                          | Books                                              | 420.5865384615384615
 callyationeseought                                 | corpmaxi #1                                        | parenting                                          |                                                    | 420.5865384615384615
 callyationeseought                                 | corpmaxi #1                                        |                                                    |                                                    | 420.5865384615384615
 callyationeseought                                 |                                                    |                                                    |                                                    | 420.5865384615384615
 eseoughtableable                                   | importoimporto #1                                  | shirts                                             | Men                                                | 422.2380952380952381
 eseoughtableable                                   | importoimporto #1                                  | shirts                                             |                                                    | 422.2380952380952381
 eseoughtableable                                   | importoimporto #1                                  |                                                    |                                                    | 422.2380952380952381
 eseoughtableable                                   |                                                    |                                                    |                                                    | 422.2380952380952381
 callyoughtoughtpriought                            | amalgnameless #7                                   | accent                                             | Home                                               | 422.7264150943396226
 callyoughtoughtpriought                            | amalgnameless #7                                   | accent                                             |                                                    | 422.7264150943396226
 callyoughtoughtpriought                            | amalgnameless #7                                   |                                                    |                                                    | 422.7264150943396226
 callyoughtoughtpriought                            |                                                    |                                                    |                                                    | 422.7264150943396226
 ablebarcallyese                                    | brandcorp #3                                       | pendants                                           | Jewelry                                            | 424.3301886792452830
 ablebarcallyese                                    | brandcorp #3                                       | pendants                                           |                                                    | 424.3301886792452830
 ablebarcallyese                                    | brandcorp #3                                       |                                                    |                                                    | 424.3301886792452830
 ablebarcallyese                                    |                                                    |                                                    |                                                    | 424.3301886792452830
 ablecallyationpri                                  | exportiexporti #1                                  | toddlers                                           | Children                                           | 425.2380952380952381
 ablecallyationpri                                  | exportiexporti #1                                  | toddlers                                           |                                                    | 425.2380952380952381
 ablecallyationpri                                  | exportiexporti #1                                  |                                                    |                                                    | 425.2380952380952381
 ablecallyationpri                                  |                                                    |                                                    |                                                    | 425.2380952380952381
 eingantiableableought                              | namelessnameless #9                                | outdoor                                            | Sports                                             | 426.0384615384615385
 eingantiableableought                              | namelessnameless #9                                | outdoor                                            |                                                    | 426.0384615384615385
 eingantiableableought                              | namelessnameless #9                                |                                                    |                                                    | 426.0384615384615385
 eingantiableableought                              |                                                    |                                                    |                                                    | 426.0384615384615385
 callypribarpri                                     | maximaxi #1                                        | science                                            | Books                                              | 427.5700934579439252
 callypribarpri                                     | maximaxi #1                                        | science                                            |                                                    | 427.5700934579439252
 callypribarpri                                     | maximaxi #1                                        |                                                    |                                                    | 427.5700934579439252
 callypribarpri                                     |                                                    |                                                    |                                                    | 427.5700934579439252
 eseesepriese                                       | corpunivamalg #1                                   | mystery                                            | Books                                              | 427.7777777777777778
 eseesepriese                                       | corpunivamalg #1                                   | mystery                                            |                                                    | 427.7777777777777778
 eseesepriese                                       | corpunivamalg #1                                   |                                                    |                                                    | 427.7777777777777778
 eseesepriese                                       |                                                    |                                                    |                                                    | 427.7777777777777778
 eseoughtcallycallyought                            | amalgamalg #1                                      | dresses                                            | Women                                              | 428.0849056603773585
 eseoughtcallycallyought                            | amalgamalg #1                                      | dresses                                            |                                                    | 428.0849056603773585
 eseoughtcallycallyought                            | amalgamalg #1                                      |                                                    |                                                    | 428.0849056603773585
 eseoughtcallycallyought                            |                                                    |                                                    |                                                    | 428.0849056603773585
 priationantiable                                   | brandnameless #4                                   | hockey                                             | Sports                                             | 428.1398601398601399
 priationantiable                                   | brandnameless #4                                   | hockey                                             |                                                    | 428.1398601398601399
 priationantiable                                   | brandnameless #4                                   |                                                    |                                                    | 428.1398601398601399
 priationantiable                                   |                                                    |                                                    |                                                    | 428.1398601398601399
 callyoughtableantiought                            | corpmaxi #7                                        | golf                                               | Sports                                             | 428.2549019607843137
 callyoughtableantiought                            | corpmaxi #7                                        | golf                                               |                                                    | 428.2549019607843137
 callyoughtableantiought                            | corpmaxi #7                                        |                                                    |                                                    | 428.2549019607843137
 callyoughtableantiought                            |                                                    |                                                    |                                                    | 428.2549019607843137
 esecallyantin st                                   | edu packexporti #1                                 | school-uniforms                                    | Children                                           | 429.5533980582524272
 esecallyantin st                                   | edu packexporti #1                                 | school-uniforms                                    |                                                    | 429.5533980582524272
 esecallyantin st                                   | edu packexporti #1                                 |                                                    |                                                    | 429.5533980582524272
 esecallyantin st                                   |                                                    |                                                    |                                                    | 429.5533980582524272
 eingeseantiought                                   | edu packexporti #1                                 | school-uniforms                                    | Children                                           | 429.6730769230769231
 eingeseantiought                                   | edu packexporti #1                                 | school-uniforms                                    |                                                    | 429.6730769230769231
 eingeseantiought                                   | edu packexporti #1                                 |                                                    |                                                    | 429.6730769230769231
 eingeseantiought                                   |                                                    |                                                    |                                                    | 429.6730769230769231
 callyoughteing                                     | importoexporti #1                                  | infants                                            | Children                                           | 430.2990654205607477
 callyoughteing                                     | importoexporti #1                                  | infants                                            |                                                    | 430.2990654205607477
 callyoughteing                                     | importoexporti #1                                  |                                                    |                                                    | 430.2990654205607477
 callyoughteing                                     |                                                    |                                                    |                                                    | 430.2990654205607477
 n stoughtesecally                                  | exportiamalg #2                                    | maternity                                          | Women                                              | 430.4305555555555556
 n stoughtesecally                                  | exportiamalg #2                                    | maternity                                          |                                                    | 430.4305555555555556
 n stoughtesecally                                  | exportiamalg #2                                    |                                                    |                                                    | 430.4305555555555556
 n stoughtesecally                                  |                                                    |                                                    |                                                    | 430.4305555555555556
 bareseoughtese                                     | importoimporto #1                                  | shirts                                             | Men                                                | 430.7572815533980583
 bareseoughtese                                     | importoimporto #1                                  | shirts                                             |                                                    | 430.7572815533980583
 bareseoughtese                                     | importoimporto #1                                  |                                                    |                                                    | 430.7572815533980583
 bareseoughtese                                     |                                                    |                                                    |                                                    | 430.7572815533980583
 callyablepricallyought                             | importoedu pack #1                                 | mens                                               | Shoes                                              | 431.2843137254901961
 callyablepricallyought                             | importoedu pack #1                                 | mens                                               |                                                    | 431.2843137254901961
 callyablepricallyought                             | importoedu pack #1                                 |                                                    |                                                    | 431.2843137254901961
 callyablepricallyought                             |                                                    |                                                    |                                                    | 431.2843137254901961
 callyn stoughtationought                           | exportiimporto #1                                  | pants                                              | Men                                                | 431.5192307692307692
 callyn stoughtationought                           | exportiimporto #1                                  | pants                                              |                                                    | 431.5192307692307692
 callyn stoughtationought                           | exportiimporto #1                                  |                                                    |                                                    | 431.5192307692307692
 callyn stoughtationought                           |                                                    |                                                    |                                                    | 431.5192307692307692
(100 rows)

UPDATE time_statistics SET e_time = TRANSACTION_TIMESTAMP() WHERE template = 'query22.tpl' AND stream = 3;
psql:/tmp/s1-basline/throughput/query_3.sql:1977: NOTICE:  duration: 0.058 ms  plan:
Query Text: UPDATE time_statistics SET e_time = TRANSACTION_TIMESTAMP() WHERE template = 'query22.tpl' AND stream = 3;
Update on time_statistics  (cost=0.00..7.29 rows=0 width=0) (actual time=0.057..0.058 rows=0 loops=1)
  ->  Seq Scan on time_statistics  (cost=0.00..7.29 rows=1 width=14) (actual time=0.039..0.043 rows=1 loops=1)
        Filter: ((template = 'query22.tpl'::text) AND (stream = 3))
        Rows Removed by Filter: 221
UPDATE 1
LOAD 'auto_explain'; SET auto_explain.log_min_duration TO 0; SET auto_explain.log_analyze TO on; SET auto_explain.log_level TO notice; INSERT INTO time_statistics (template, s_time, stream, query, seed) VALUES ('../query_postgresql/query21.tpl', TRANSACTION_TIMESTAMP(), 3, 36, 1002312374);
LOAD
SET
SET
SET
psql:/tmp/s1-basline/throughput/query_3.sql:1978: NOTICE:  duration: 0.009 ms  plan:
Query Text: INSERT INTO time_statistics (template, s_time, stream, query, seed) VALUES ('../query_postgresql/query21.tpl', TRANSACTION_TIMESTAMP(), 3, 36, 1002312374);
Insert on time_statistics  (cost=0.00..0.01 rows=0 width=0) (actual time=0.008..0.008 rows=0 loops=1)
  ->  Result  (cost=0.00..0.01 rows=1 width=64) (actual time=0.001..0.001 rows=1 loops=1)
INSERT 0 1
select  *
 from(select w_warehouse_name
            ,i_item_id
            ,sum(case when (cast(d_date as date) < cast ('2001-02-09' as date))
	                then inv_quantity_on_hand 
                      else 0 end) as inv_before
            ,sum(case when (cast(d_date as date) >= cast ('2001-02-09' as date))
                      then inv_quantity_on_hand 
                      else 0 end) as inv_after
   from inventory
       ,warehouse
       ,item
       ,date_dim
   where i_current_price between 0.99 and 1.49
     and i_item_sk          = inv_item_sk
     and inv_warehouse_sk   = w_warehouse_sk
     and inv_date_sk    = d_date_sk
     and d_date between (cast ('2001-02-09' as date) - INTERVAL '30 days')
                    and (cast ('2001-02-09' as date) + INTERVAL '30 days')
   group by w_warehouse_name, i_item_id) x
 where (case when inv_before > 0 
             then inv_after / inv_before 
             else null
             end) between 2.0/3.0 and 3.0/2.0
 order by w_warehouse_name
         ,i_item_id
 limit 100;
psql:/tmp/s1-basline/throughput/query_3.sql:2005: NOTICE:  duration: 640.054 ms  plan:
Query Text: select  *
 from(select w_warehouse_name
            ,i_item_id
            ,sum(case when (cast(d_date as date) < cast ('2001-02-09' as date))
	                then inv_quantity_on_hand 
                      else 0 end) as inv_before
            ,sum(case when (cast(d_date as date) >= cast ('2001-02-09' as date))
                      then inv_quantity_on_hand 
                      else 0 end) as inv_after
   from inventory
       ,warehouse
       ,item
       ,date_dim
   where i_current_price between 0.99 and 1.49
     and i_item_sk          = inv_item_sk
     and inv_warehouse_sk   = w_warehouse_sk
     and inv_date_sk    = d_date_sk
     and d_date between (cast ('2001-02-09' as date) - INTERVAL '30 days')
                    and (cast ('2001-02-09' as date) + INTERVAL '30 days')
   group by w_warehouse_name, i_item_id) x
 where (case when inv_before > 0 
             then inv_after / inv_before 
             else null
             end) between 2.0/3.0 and 3.0/2.0
 order by w_warehouse_name
         ,i_item_id
 limit 100;
Limit  (cost=135817.16..135913.38 rows=65 width=47) (actual time=603.739..640.013 rows=100 loops=1)
  ->  Finalize GroupAggregate  (cost=135817.16..135912.73 rows=65 width=47) (actual time=603.738..640.006 rows=100 loops=1)
        Group Key: warehouse.w_warehouse_name, item.i_item_id
        Filter: (((CASE WHEN (sum(CASE WHEN (date_dim.d_date < '2001-02-09'::date) THEN inventory.inv_quantity_on_hand ELSE 0 END) > 0) THEN (sum(CASE WHEN (date_dim.d_date >= '2001-02-09'::date) THEN inventory.inv_quantity_on_hand ELSE 0 END) / sum(CASE WHEN (date_dim.d_date < '2001-02-09'::date) THEN inventory.inv_quantity_on_hand ELSE 0 END)) ELSE NULL::bigint END)::numeric >= 0.66666666666666666667) AND ((CASE WHEN (sum(CASE WHEN (date_dim.d_date < '2001-02-09'::date) THEN inventory.inv_quantity_on_hand ELSE 0 END) > 0) THEN (sum(CASE WHEN (date_dim.d_date >= '2001-02-09'::date) THEN inventory.inv_quantity_on_hand ELSE 0 END) / sum(CASE WHEN (date_dim.d_date < '2001-02-09'::date) THEN inventory.inv_quantity_on_hand ELSE 0 END)) ELSE NULL::bigint END)::numeric <= 1.5000000000000000))
        Rows Removed by Filter: 211
        ->  Gather Merge  (cost=135817.16..135889.36 rows=570 width=47) (actual time=603.712..639.719 rows=1132 loops=1)
              Workers Planned: 3
              Workers Launched: 3
              ->  Partial GroupAggregate  (cost=134817.12..134822.34 rows=190 width=47) (actual time=597.878..598.611 rows=903 loops=4)
                    Group Key: warehouse.w_warehouse_name, item.i_item_id
                    ->  Sort  (cost=134817.12..134817.59 rows=190 width=39) (actual time=597.869..597.958 rows=2188 loops=4)
                          Sort Key: warehouse.w_warehouse_name, item.i_item_id
                          Sort Method: quicksort  Memory: 710kB
                          Worker 0:  Sort Method: quicksort  Memory: 695kB
                          Worker 1:  Sort Method: quicksort  Memory: 673kB
                          Worker 2:  Sort Method: quicksort  Memory: 713kB
                          ->  Hash Join  (cost=6.81..134809.93 rows=190 width=39) (actual time=8.192..581.202 rows=6232 loops=4)
                                Hash Cond: (inventory.inv_warehouse_sk = warehouse.w_warehouse_sk)
                                ->  Nested Loop  (cost=5.70..134807.89 rows=190 width=33) (actual time=8.115..579.950 rows=6232 loops=4)
                                      ->  Hash Join  (cost=5.41..133858.92 rows=3060 width=24) (actual time=8.038..417.988 rows=101250 loops=4)
                                            Hash Cond: (inventory.inv_date_sk = date_dim.d_date_sk)
                                            ->  Parallel Seq Scan on inventory  (cost=0.00..123907.26 rows=3788826 width=28) (actual time=0.017..193.173 rows=2936250 loops=4)
                                            ->  Hash  (cost=4.67..4.67 rows=59 width=12) (actual time=0.129..0.130 rows=61 loops=4)
                                                  Buckets: 1024  Batches: 1  Memory Usage: 11kB
                                                  ->  Index Scan using i_d_date on date_dim  (cost=0.29..4.67 rows=59 width=12) (actual time=0.088..0.118 rows=61 loops=4)
                                                        Index Cond: ((d_date >= '2001-01-10 00:00:00'::timestamp without time zone) AND (d_date <= '2001-03-11 00:00:00'::timestamp without time zone))
                                      ->  Index Scan using pk_item on item  (cost=0.29..0.31 rows=1 width=25) (actual time=0.001..0.001 rows=0 loops=405000)
                                            Index Cond: (i_item_sk = inventory.inv_item_sk)
                                            Filter: ((i_current_price >= '0.99'::double precision) AND (i_current_price <= '1.49'::double precision))
                                            Rows Removed by Filter: 1
                                ->  Hash  (cost=1.05..1.05 rows=5 width=22) (actual time=0.031..0.031 rows=5 loops=4)
                                      Buckets: 1024  Batches: 1  Memory Usage: 9kB
                                      ->  Seq Scan on warehouse  (cost=0.00..1.05 rows=5 width=22) (actual time=0.024..0.025 rows=5 loops=4)
 w_warehouse_name |    i_item_id     | inv_before | inv_after 
------------------+------------------+------------+-----------
 Neither dea      | AAAAAAAAAAPBAAAA |       1739 |      1846
 Neither dea      | AAAAAAAAABJAAAAA |       1805 |      2110
 Neither dea      | AAAAAAAAACODAAAA |        935 |      1572
 Neither dea      | AAAAAAAAADLCAAAA |       1254 |      2306
 Neither dea      | AAAAAAAAAFCBAAAA |       1990 |      2096
 Neither dea      | AAAAAAAAAFDAAAAA |       2050 |      2062
 Neither dea      | AAAAAAAAAKEAAAAA |       1122 |      1320
 Neither dea      | AAAAAAAAAMGBAAAA |        781 |      1418
 Neither dea      | AAAAAAAAANLCAAAA |       2153 |      2219
 Neither dea      | AAAAAAAAANNDAAAA |       1392 |      2523
 Neither dea      | AAAAAAAAAOADAAAA |       1575 |      1787
 Neither dea      | AAAAAAAAAOHCAAAA |       1933 |      2113
 Neither dea      | AAAAAAAABBCDAAAA |       1358 |      1968
 Neither dea      | AAAAAAAABCKAAAAA |        806 |       919
 Neither dea      | AAAAAAAABDPDAAAA |       2475 |      2593
 Neither dea      | AAAAAAAABEGCAAAA |       1822 |      2301
 Neither dea      | AAAAAAAABIOCAAAA |       2372 |      3087
 Neither dea      | AAAAAAAABKNBAAAA |       2843 |      2843
 Neither dea      | AAAAAAAABKPCAAAA |       1435 |      2098
 Neither dea      | AAAAAAAACAIAAAAA |       2233 |      2275
 Neither dea      | AAAAAAAACAMDAAAA |       1895 |      2676
 Neither dea      | AAAAAAAACFDAAAAA |       1874 |      1932
 Neither dea      | AAAAAAAACGGCAAAA |       1998 |      2470
 Neither dea      | AAAAAAAACGJDAAAA |       1965 |      2574
 Neither dea      | AAAAAAAACIICAAAA |       2994 |      3471
 Neither dea      | AAAAAAAACMKBAAAA |       1606 |      2506
 Neither dea      | AAAAAAAACMKCAAAA |       2655 |      2793
 Neither dea      | AAAAAAAACNHDAAAA |       1989 |      2198
 Neither dea      | AAAAAAAACPFBAAAA |       2165 |      2680
 Neither dea      | AAAAAAAADCLDAAAA |       1964 |      2243
 Neither dea      | AAAAAAAADDDEAAAA |       2310 |      2604
 Neither dea      | AAAAAAAADEKCAAAA |       1906 |      2366
 Neither dea      | AAAAAAAADENCAAAA |       1695 |      2995
 Neither dea      | AAAAAAAADHIBAAAA |       1862 |      2277
 Neither dea      | AAAAAAAADIPCAAAA |       2368 |      2754
 Neither dea      | AAAAAAAADLDCAAAA |       1229 |      1860
 Neither dea      | AAAAAAAADLODAAAA |       2443 |      2556
 Neither dea      | AAAAAAAADOMCAAAA |       1970 |      2733
 Neither dea      | AAAAAAAAEBMCAAAA |       1417 |      1909
 Neither dea      | AAAAAAAAECGBAAAA |       1993 |      2561
 Neither dea      | AAAAAAAAEEHCAAAA |       2373 |      2756
 Neither dea      | AAAAAAAAEEOBAAAA |       1398 |      2013
 Neither dea      | AAAAAAAAEFDEAAAA |       1657 |      1894
 Neither dea      | AAAAAAAAEGLBAAAA |       1472 |      1820
 Neither dea      | AAAAAAAAEJGAAAAA |       1416 |      1883
 Neither dea      | AAAAAAAAEJPDAAAA |       1649 |      1700
 Neither dea      | AAAAAAAAEKBBAAAA |       2184 |      2674
 Neither dea      | AAAAAAAAEKGAAAAA |       1319 |      1771
 Neither dea      | AAAAAAAAEKGCAAAA |       1828 |      2128
 Neither dea      | AAAAAAAAEKKBAAAA |       1812 |      2639
 Neither dea      | AAAAAAAAELCCAAAA |       2912 |      3036
 Neither dea      | AAAAAAAAENADAAAA |       1589 |      2193
 Neither dea      | AAAAAAAAEODEAAAA |       2254 |      3266
 Neither dea      | AAAAAAAAEPBAAAAA |       1583 |      2075
 Neither dea      | AAAAAAAAFFMDAAAA |       2172 |      2303
 Neither dea      | AAAAAAAAFGBEAAAA |       1019 |      1489
 Neither dea      | AAAAAAAAFGIDAAAA |       1885 |      2400
 Neither dea      | AAAAAAAAFHGBAAAA |       2520 |      2966
 Neither dea      | AAAAAAAAFHICAAAA |       1692 |      2722
 Neither dea      | AAAAAAAAFPIAAAAA |       1759 |      3091
 Neither dea      | AAAAAAAAGABEAAAA |       1951 |      2491
 Neither dea      | AAAAAAAAGAEAAAAA |       1316 |      1785
 Neither dea      | AAAAAAAAGBPAAAAA |       2400 |      2791
 Neither dea      | AAAAAAAAGEBAAAAA |        950 |      1534
 Neither dea      | AAAAAAAAGEKCAAAA |       2567 |      2799
 Neither dea      | AAAAAAAAGFAAAAAA |       1138 |      2230
 Neither dea      | AAAAAAAAGFIAAAAA |       1489 |      1786
 Neither dea      | AAAAAAAAGGCAAAAA |        546 |      1018
 Neither dea      | AAAAAAAAGHNDAAAA |       2203 |      2345
 Neither dea      | AAAAAAAAGIPCAAAA |       2126 |      2426
 Neither dea      | AAAAAAAAGKDDAAAA |       2111 |      2166
 Neither dea      | AAAAAAAAGKNAAAAA |       1550 |      1901
 Neither dea      | AAAAAAAAGKPBAAAA |       2380 |      2395
 Neither dea      | AAAAAAAAGKPDAAAA |       1832 |      2424
 Neither dea      | AAAAAAAAGLBBAAAA |       1863 |      2225
 Neither dea      | AAAAAAAAGLBCAAAA |       2029 |      2553
 Neither dea      | AAAAAAAAGLIDAAAA |       2571 |      2963
 Neither dea      | AAAAAAAAGMCDAAAA |       2439 |      2768
 Neither dea      | AAAAAAAAGNCBAAAA |       1193 |      1779
 Neither dea      | AAAAAAAAGODCAAAA |       2062 |      2113
 Neither dea      | AAAAAAAAHJLBAAAA |       1570 |      1640
 Neither dea      | AAAAAAAAHKOAAAAA |       1544 |      2188
 Neither dea      | AAAAAAAAHLCCAAAA |       1910 |      2120
 Neither dea      | AAAAAAAAHMADAAAA |       1593 |      1976
 Neither dea      | AAAAAAAAIAFBAAAA |       1422 |      2267
 Neither dea      | AAAAAAAAIAFDAAAA |       1194 |      1659
 Neither dea      | AAAAAAAAICFBAAAA |       1492 |      2008
 Neither dea      | AAAAAAAAICGBAAAA |       1663 |      2075
 Neither dea      | AAAAAAAAICNAAAAA |       1737 |      3170
 Neither dea      | AAAAAAAAIDHBAAAA |       1483 |      2791
 Neither dea      | AAAAAAAAIDODAAAA |       2433 |      2659
 Neither dea      | AAAAAAAAIFICAAAA |       1509 |      2286
 Neither dea      | AAAAAAAAIGHBAAAA |       2112 |      2515
 Neither dea      | AAAAAAAAIHICAAAA |       2120 |      2420
 Neither dea      | AAAAAAAAIHJCAAAA |       2839 |      2975
 Neither dea      | AAAAAAAAIIAEAAAA |       1631 |      1736
 Neither dea      | AAAAAAAAIKIAAAAA |       1145 |      1882
 Neither dea      | AAAAAAAAINEAAAAA |       1736 |      2413
 Neither dea      | AAAAAAAAIOHDAAAA |       1785 |      1978
 Neither dea      | AAAAAAAAIOOCAAAA |       1515 |      1606
(100 rows)

UPDATE time_statistics SET e_time = TRANSACTION_TIMESTAMP() WHERE template = '../query_postgresql/query21.tpl' AND stream = 3;
psql:/tmp/s1-basline/throughput/query_3.sql:2007: NOTICE:  duration: 0.049 ms  plan:
Query Text: UPDATE time_statistics SET e_time = TRANSACTION_TIMESTAMP() WHERE template = '../query_postgresql/query21.tpl' AND stream = 3;
Update on time_statistics  (cost=0.00..7.29 rows=0 width=0) (actual time=0.049..0.049 rows=0 loops=1)
  ->  Seq Scan on time_statistics  (cost=0.00..7.29 rows=1 width=14) (actual time=0.031..0.035 rows=1 loops=1)
        Filter: ((template = '../query_postgresql/query21.tpl'::text) AND (stream = 3))
        Rows Removed by Filter: 222
UPDATE 1
LOAD 'auto_explain'; SET auto_explain.log_min_duration TO 0; SET auto_explain.log_analyze TO on; SET auto_explain.log_level TO notice; INSERT INTO time_statistics (template, s_time, stream, query, seed) VALUES ('query97.tpl', TRANSACTION_TIMESTAMP(), 3, 37, 1002342750);
LOAD
SET
SET
SET
psql:/tmp/s1-basline/throughput/query_3.sql:2008: NOTICE:  duration: 0.009 ms  plan:
Query Text: INSERT INTO time_statistics (template, s_time, stream, query, seed) VALUES ('query97.tpl', TRANSACTION_TIMESTAMP(), 3, 37, 1002342750);
Insert on time_statistics  (cost=0.00..0.01 rows=0 width=0) (actual time=0.008..0.009 rows=0 loops=1)
  ->  Result  (cost=0.00..0.01 rows=1 width=64) (actual time=0.001..0.001 rows=1 loops=1)
INSERT 0 1
with ssci as (
select ss_customer_sk customer_sk
      ,ss_item_sk item_sk
from store_sales,date_dim
where ss_sold_date_sk = d_date_sk
  and d_month_seq between 1200 and 1200 + 11
group by ss_customer_sk
        ,ss_item_sk),
csci as(
 select cs_bill_customer_sk customer_sk
      ,cs_item_sk item_sk
from catalog_sales,date_dim
where cs_sold_date_sk = d_date_sk
  and d_month_seq between 1200 and 1200 + 11
group by cs_bill_customer_sk
        ,cs_item_sk)
 select  sum(case when ssci.customer_sk is not null and csci.customer_sk is null then 1 else 0 end) store_only
      ,sum(case when ssci.customer_sk is null and csci.customer_sk is not null then 1 else 0 end) catalog_only
      ,sum(case when ssci.customer_sk is not null and csci.customer_sk is not null then 1 else 0 end) store_and_catalog
from ssci full outer join csci on (ssci.customer_sk=csci.customer_sk
                               and ssci.item_sk = csci.item_sk)
limit 100;
psql:/tmp/s1-basline/throughput/query_3.sql:2030: NOTICE:  duration: 971.584 ms  plan:
Query Text: with ssci as (
select ss_customer_sk customer_sk
      ,ss_item_sk item_sk
from store_sales,date_dim
where ss_sold_date_sk = d_date_sk
  and d_month_seq between 1200 and 1200 + 11
group by ss_customer_sk
        ,ss_item_sk),
csci as(
 select cs_bill_customer_sk customer_sk
      ,cs_item_sk item_sk
from catalog_sales,date_dim
where cs_sold_date_sk = d_date_sk
  and d_month_seq between 1200 and 1200 + 11
group by cs_bill_customer_sk
        ,cs_item_sk)
 select  sum(case when ssci.customer_sk is not null and csci.customer_sk is null then 1 else 0 end) store_only
      ,sum(case when ssci.customer_sk is null and csci.customer_sk is not null then 1 else 0 end) catalog_only
      ,sum(case when ssci.customer_sk is not null and csci.customer_sk is not null then 1 else 0 end) store_and_catalog
from ssci full outer join csci on (ssci.customer_sk=csci.customer_sk
                               and ssci.item_sk = csci.item_sk)
limit 100;
Limit  (cost=114652.44..114652.45 rows=1 width=24) (actual time=951.719..971.573 rows=1 loops=1)
  ->  Aggregate  (cost=114652.44..114652.45 rows=1 width=24) (actual time=951.718..971.572 rows=1 loops=1)
        ->  Hash Full Join  (cost=112998.97..114554.20 rows=13098 width=16) (actual time=591.550..900.222 rows=832857 loops=1)
              Hash Cond: ((store_sales.ss_customer_sk = catalog_sales.cs_bill_customer_sk) AND (store_sales.ss_item_sk = catalog_sales.cs_item_sk))
              ->  Group  (cost=92115.32..93470.81 rows=13098 width=16) (actual time=324.856..514.358 rows=544901 loops=1)
                    Group Key: store_sales.ss_customer_sk, store_sales.ss_item_sk
                    ->  Gather Merge  (cost=92115.32..93416.23 rows=10916 width=16) (actual time=324.854..457.155 rows=548473 loops=1)
                          Workers Planned: 2
                          Workers Launched: 2
                          ->  Group  (cost=91115.29..91156.23 rows=5458 width=16) (actual time=313.342..354.917 rows=182824 loops=3)
                                Group Key: store_sales.ss_customer_sk, store_sales.ss_item_sk
                                ->  Sort  (cost=91115.29..91128.94 rows=5458 width=16) (actual time=313.339..323.795 rows=183784 loops=3)
                                      Sort Key: store_sales.ss_customer_sk, store_sales.ss_item_sk
                                      Sort Method: external merge  Disk: 5400kB
                                      Worker 0:  Sort Method: quicksort  Memory: 14126kB
                                      Worker 1:  Sort Method: quicksort  Memory: 14143kB
                                      ->  Hash Join  (cost=2505.08..90776.51 rows=5458 width=16) (actual time=13.317..253.317 rows=183784 loops=3)
                                            Hash Cond: (store_sales.ss_sold_date_sk = date_dim.d_date_sk)
                                            ->  Parallel Seq Scan on store_sales  (cost=0.00..85123.48 rows=1199148 width=24) (actual time=0.015..123.612 rows=959309 loops=3)
                                            ->  Hash  (cost=2500.73..2500.73 rows=348 width=8) (actual time=13.239..13.240 rows=366 loops=3)
                                                  Buckets: 1024  Batches: 1  Memory Usage: 23kB
                                                  ->  Seq Scan on date_dim  (cost=0.00..2500.73 rows=348 width=8) (actual time=6.179..13.194 rows=366 loops=3)
                                                        Filter: ((d_month_seq >= 1200) AND (d_month_seq <= 1211))
                                                        Rows Removed by Filter: 72683
              ->  Hash  (cost=20781.40..20781.40 rows=6817 width=16) (actual time=266.685..266.687 rows=288121 loops=1)
                    Buckets: 524288 (originally 8192)  Batches: 1 (originally 1)  Memory Usage: 17597kB
                    ->  HashAggregate  (cost=20645.06..20713.23 rows=6817 width=16) (actual time=170.279..221.005 rows=288121 loops=1)
                          Group Key: catalog_sales.cs_bill_customer_sk, catalog_sales.cs_item_sk
                          Batches: 1  Memory Usage: 26641kB
                          ->  Nested Loop  (cost=0.43..20610.97 rows=6817 width=16) (actual time=3.636..103.782 rows=288171 loops=1)
                                ->  Seq Scan on date_dim date_dim_1  (cost=0.00..2500.73 rows=348 width=8) (actual time=3.625..7.898 rows=366 loops=1)
                                      Filter: ((d_month_seq >= 1200) AND (d_month_seq <= 1211))
                                      Rows Removed by Filter: 72683
                                ->  Index Scan using i_cs_sold_date_sk on catalog_sales  (cost=0.43..44.22 rows=782 width=24) (actual time=0.004..0.135 rows=787 loops=366)
                                      Index Cond: (cs_sold_date_sk = date_dim_1.d_date_sk)
 store_only | catalog_only | store_and_catalog 
------------+--------------+-------------------
     537814 |       287311 |               165
(1 row)

UPDATE time_statistics SET e_time = TRANSACTION_TIMESTAMP() WHERE template = 'query97.tpl' AND stream = 3;
psql:/tmp/s1-basline/throughput/query_3.sql:2032: NOTICE:  duration: 0.061 ms  plan:
Query Text: UPDATE time_statistics SET e_time = TRANSACTION_TIMESTAMP() WHERE template = 'query97.tpl' AND stream = 3;
Update on time_statistics  (cost=0.00..7.29 rows=0 width=0) (actual time=0.060..0.060 rows=0 loops=1)
  ->  Seq Scan on time_statistics  (cost=0.00..7.29 rows=1 width=14) (actual time=0.040..0.045 rows=1 loops=1)
        Filter: ((template = 'query97.tpl'::text) AND (stream = 3))
        Rows Removed by Filter: 223
UPDATE 1
LOAD 'auto_explain'; SET auto_explain.log_min_duration TO 0; SET auto_explain.log_analyze TO on; SET auto_explain.log_level TO notice; INSERT INTO time_statistics (template, s_time, stream, query, seed) VALUES ('query47.tpl', TRANSACTION_TIMESTAMP(), 3, 38, 1116719302);
LOAD
SET
SET
SET
psql:/tmp/s1-basline/throughput/query_3.sql:2033: NOTICE:  duration: 0.009 ms  plan:
Query Text: INSERT INTO time_statistics (template, s_time, stream, query, seed) VALUES ('query47.tpl', TRANSACTION_TIMESTAMP(), 3, 38, 1116719302);
Insert on time_statistics  (cost=0.00..0.01 rows=0 width=0) (actual time=0.008..0.008 rows=0 loops=1)
  ->  Result  (cost=0.00..0.01 rows=1 width=64) (actual time=0.001..0.001 rows=1 loops=1)
INSERT 0 1
with v1 as(
 select i_category, i_brand,
        s_store_name, s_company_name,
        d_year, d_moy,
        sum(ss_sales_price) sum_sales,
        avg(sum(ss_sales_price)) over
          (partition by i_category, i_brand,
                     s_store_name, s_company_name, d_year)
          avg_monthly_sales,
        rank() over
          (partition by i_category, i_brand,
                     s_store_name, s_company_name
           order by d_year, d_moy) rn
 from item, store_sales, date_dim, store
 where ss_item_sk = i_item_sk and
       ss_sold_date_sk = d_date_sk and
       ss_store_sk = s_store_sk and
       (
         d_year = 2000 or
         ( d_year = 2000-1 and d_moy =12) or
         ( d_year = 2000+1 and d_moy =1)
       )
 group by i_category, i_brand,
          s_store_name, s_company_name,
          d_year, d_moy),
 v2 as(
 select v1.s_company_name
        ,v1.d_year
        ,v1.avg_monthly_sales
        ,v1.sum_sales, v1_lag.sum_sales psum, v1_lead.sum_sales nsum
 from v1, v1 v1_lag, v1 v1_lead
 where v1.i_category = v1_lag.i_category and
       v1.i_category = v1_lead.i_category and
       v1.i_brand = v1_lag.i_brand and
       v1.i_brand = v1_lead.i_brand and
       v1.s_store_name = v1_lag.s_store_name and
       v1.s_store_name = v1_lead.s_store_name and
       v1.s_company_name = v1_lag.s_company_name and
       v1.s_company_name = v1_lead.s_company_name and
       v1.rn = v1_lag.rn + 1 and
       v1.rn = v1_lead.rn - 1)
  select  *
 from v2
 where  d_year = 2000 and    
        avg_monthly_sales > 0 and
        case when avg_monthly_sales > 0 then abs(sum_sales - avg_monthly_sales) / avg_monthly_sales else null end > 0.1
 order by sum_sales - avg_monthly_sales, psum
 limit 100;
psql:/tmp/s1-basline/throughput/query_3.sql:2081: NOTICE:  duration: 1877.246 ms  plan:
Query Text: with v1 as(
 select i_category, i_brand,
        s_store_name, s_company_name,
        d_year, d_moy,
        sum(ss_sales_price) sum_sales,
        avg(sum(ss_sales_price)) over
          (partition by i_category, i_brand,
                     s_store_name, s_company_name, d_year)
          avg_monthly_sales,
        rank() over
          (partition by i_category, i_brand,
                     s_store_name, s_company_name
           order by d_year, d_moy) rn
 from item, store_sales, date_dim, store
 where ss_item_sk = i_item_sk and
       ss_sold_date_sk = d_date_sk and
       ss_store_sk = s_store_sk and
       (
         d_year = 2000 or
         ( d_year = 2000-1 and d_moy =12) or
         ( d_year = 2000+1 and d_moy =1)
       )
 group by i_category, i_brand,
          s_store_name, s_company_name,
          d_year, d_moy),
 v2 as(
 select v1.s_company_name
        ,v1.d_year
        ,v1.avg_monthly_sales
        ,v1.sum_sales, v1_lag.sum_sales psum, v1_lead.sum_sales nsum
 from v1, v1 v1_lag, v1 v1_lead
 where v1.i_category = v1_lag.i_category and
       v1.i_category = v1_lead.i_category and
       v1.i_brand = v1_lag.i_brand and
       v1.i_brand = v1_lead.i_brand and
       v1.s_store_name = v1_lag.s_store_name and
       v1.s_store_name = v1_lead.s_store_name and
       v1.s_company_name = v1_lag.s_company_name and
       v1.s_company_name = v1_lead.s_company_name and
       v1.rn = v1_lag.rn + 1 and
       v1.rn = v1_lead.rn - 1)
  select  *
 from v2
 where  d_year = 2000 and    
        avg_monthly_sales > 0 and
        case when avg_monthly_sales > 0 then abs(sum_sales - avg_monthly_sales) / avg_monthly_sales else null end > 0.1
 order by sum_sales - avg_monthly_sales, psum
 limit 100;
Limit  (cost=99042.77..99042.78 rows=1 width=162) (actual time=1876.989..1877.152 rows=100 loops=1)
  CTE v1
    ->  WindowAgg  (cost=94427.97..97254.66 rows=15216 width=147) (actual time=1158.558..1661.098 rows=63634 loops=1)
          ->  WindowAgg  (cost=94427.97..96874.26 rows=15216 width=139) (actual time=1158.546..1606.989 rows=63634 loops=1)
                ->  Finalize GroupAggregate  (cost=94427.97..96455.82 rows=15216 width=131) (actual time=1158.530..1541.124 rows=63634 loops=1)
                      Group Key: item.i_category, item.i_brand, store.s_store_name, store.s_company_name, date_dim.d_year, date_dim.d_moy
                      ->  Gather Merge  (cost=94427.97..96081.76 rows=12680 width=131) (actual time=1158.520..1487.395 rows=143794 loops=1)
                            Workers Planned: 2
                            Workers Launched: 2
                            ->  Partial GroupAggregate  (cost=93427.95..93618.15 rows=6340 width=131) (actual time=1110.046..1349.587 rows=47931 loops=3)
                                  Group Key: item.i_category, item.i_brand, store.s_store_name, store.s_company_name, date_dim.d_year, date_dim.d_moy
                                  ->  Sort  (cost=93427.95..93443.80 rows=6340 width=131) (actual time=1110.031..1260.826 rows=219195 loops=3)
                                        Sort Key: item.i_category, item.i_brand, store.s_store_name, store.s_company_name, date_dim.d_year, date_dim.d_moy
                                        Sort Method: external merge  Disk: 35168kB
                                        Worker 0:  Sort Method: external merge  Disk: 29528kB
                                        Worker 1:  Sort Method: external merge  Disk: 29008kB
                                        ->  Hash Join  (cost=4716.17..93027.57 rows=6340 width=131) (actual time=32.110..367.001 rows=219195 loops=3)
                                              Hash Cond: (store_sales.ss_item_sk = item.i_item_sk)
                                              ->  Hash Join  (cost=3055.17..91349.93 rows=6340 width=37) (actual time=14.257..302.334 rows=219195 loops=3)
                                                    Hash Cond: (store_sales.ss_store_sk = store.s_store_sk)
                                                    ->  Hash Join  (cost=3053.90..91325.33 rows=6650 width=32) (actual time=14.208..264.954 rows=224566 loops=3)
                                                          Hash Cond: (store_sales.ss_sold_date_sk = date_dim.d_date_sk)
                                                          ->  Parallel Seq Scan on store_sales  (cost=0.00..85123.48 rows=1199148 width=32) (actual time=0.013..118.281 rows=959309 loops=3)
                                                          ->  Hash  (cost=3048.60..3048.60 rows=424 width=16) (actual time=14.176..14.178 rows=428 loops=3)
                                                                Buckets: 1024  Batches: 1  Memory Usage: 29kB
                                                                ->  Seq Scan on date_dim  (cost=0.00..3048.60 rows=424 width=16) (actual time=6.649..14.112 rows=428 loops=3)
                                                                      Filter: ((d_year = 2000) OR ((d_year = 1999) AND (d_moy = 12)) OR ((d_year = 2001) AND (d_moy = 1)))
                                                                      Rows Removed by Filter: 72621
                                                    ->  Hash  (cost=1.12..1.12 rows=12 width=21) (actual time=0.028..0.029 rows=12 loops=3)
                                                          Buckets: 1024  Batches: 1  Memory Usage: 9kB
                                                          ->  Seq Scan on store  (cost=0.00..1.12 rows=12 width=21) (actual time=0.021..0.025 rows=12 loops=3)
                                              ->  Hash  (cost=1436.00..1436.00 rows=18000 width=110) (actual time=17.705..17.706 rows=18000 loops=3)
                                                    Buckets: 32768  Batches: 1  Memory Usage: 2783kB
                                                    ->  Seq Scan on item  (cost=0.00..1436.00 rows=18000 width=110) (actual time=0.027..13.309 rows=18000 loops=3)
  ->  Sort  (cost=1788.12..1788.12 rows=1 width=162) (actual time=1876.989..1876.995 rows=100 loops=1)
        Sort Key: ((v1.sum_sales - v1.avg_monthly_sales)), v1_lag.sum_sales
        Sort Method: top-N heapsort  Memory: 50kB
        ->  Hash Join  (cost=1179.45..1788.11 rows=1 width=162) (actual time=1814.522..1867.148 rows=47527 loops=1)
              Hash Cond: ((v1_lead.i_category = v1.i_category) AND (v1_lead.i_brand = v1.i_brand) AND ((v1_lead.s_store_name)::text = (v1.s_store_name)::text) AND ((v1_lead.s_company_name)::text = (v1.s_company_name)::text) AND ((v1_lead.rn - 1) = v1.rn))
              ->  CTE Scan on v1 v1_lead  (cost=0.00..304.32 rows=15216 width=660) (actual time=1158.560..1167.536 rows=63634 loops=1)
              ->  Hash  (cost=1179.43..1179.43 rows=1 width=1332) (actual time=655.932..655.934 rows=49433 loops=1)
                    Buckets: 65536 (originally 1024)  Batches: 1 (originally 1)  Memory Usage: 15960kB
                    ->  Hash Join  (cost=570.78..1179.43 rows=1 width=1332) (actual time=575.746..629.578 rows=49433 loops=1)
                          Hash Cond: ((v1_lag.i_category = v1.i_category) AND (v1_lag.i_brand = v1.i_brand) AND ((v1_lag.s_store_name)::text = (v1.s_store_name)::text) AND ((v1_lag.s_company_name)::text = (v1.s_company_name)::text) AND ((v1_lag.rn + 1) = v1.rn))
                          ->  CTE Scan on v1 v1_lag  (cost=0.00..304.32 rows=15216 width=660) (actual time=0.000..8.292 rows=63634 loops=1)
                          ->  Hash  (cost=570.60..570.60 rows=8 width=672) (actual time=575.718..575.718 rows=49744 loops=1)
                                Buckets: 65536 (originally 1024)  Batches: 1 (originally 1)  Memory Usage: 9451kB
                                ->  CTE Scan on v1  (cost=0.00..570.60 rows=8 width=672) (actual time=0.231..550.366 rows=50212 loops=1)
                                      Filter: ((avg_monthly_sales > '0'::double precision) AND (d_year = 2000) AND (CASE WHEN (avg_monthly_sales > '0'::double precision) THEN (abs((sum_sales - avg_monthly_sales)) / avg_monthly_sales) ELSE NULL::double precision END > '0.1'::double precision))
                                      Rows Removed by Filter: 13422
 s_company_name | d_year | avg_monthly_sales  |     sum_sales      |        psum        |        nsum        
----------------+--------+--------------------+--------------------+--------------------+--------------------
 Unknown        |   2000 |  4987.115833333334 |            1520.05 |            3470.84 |            2381.02
 Unknown        |   2000 |  5278.168333333334 | 2006.2599999999998 |            3811.78 | 2582.1000000000004
 Unknown        |   2000 |  4190.719166666667 |            1002.99 | 1854.1599999999999 |            4658.85
 Unknown        |   2000 |  5213.383333333334 |            2039.73 |            3349.18 |            2051.55
 Unknown        |   2000 |  5213.383333333334 |            2051.55 |            2039.73 |            3293.67
 Unknown        |   2000 |  5285.770833333335 | 2150.7000000000003 |            3419.67 | 2639.8799999999997
 Unknown        |   2000 |          5282.5425 |            2149.02 |            3112.51 | 2651.7799999999997
 Unknown        |   2000 | 5244.3516666666665 |            2200.42 | 2865.2299999999996 | 2276.2200000000003
 Unknown        |   2000 |  5119.208333333333 |            2118.95 |             2519.8 |            2331.85
 Unknown        |   2000 | 5244.3516666666665 | 2276.2200000000003 |            2200.42 | 2344.0599999999995
 Unknown        |   2000 |  5040.269166666667 |               2074 |            3565.27 |            2897.34
 Unknown        |   2000 |          4865.7175 | 1901.9399999999998 | 2946.0299999999997 |            3372.71
 Unknown        |   2000 | 5218.8966666666665 |            2299.72 |            3446.48 | 2574.8099999999995
 Unknown        |   2000 |           4211.745 | 1307.8600000000001 |            3470.47 | 2628.7200000000003
 Unknown        |   2000 | 5244.3516666666665 | 2344.0599999999995 | 2276.2200000000003 | 3141.3900000000003
 Unknown        |   2000 | 5218.8966666666665 |            2323.26 | 3510.7100000000005 |            2671.67
 Unknown        |   2000 |  4755.869166666666 | 1866.0099999999998 | 2121.6600000000003 |            5466.76
 Unknown        |   2000 | 4781.0408333333335 |            1893.92 | 2047.1900000000003 |            2350.37
 Unknown        |   2000 |  4832.349999999999 | 1955.7799999999995 | 3370.5299999999997 |            2639.78
 Unknown        |   2000 |  4749.695000000001 |            1881.03 | 3795.4300000000003 | 3336.3200000000006
 Unknown        |   2000 |            4546.61 |            1686.25 |            2487.51 |            6399.83
 Unknown        |   2000 |  4741.746666666666 |            1898.29 |            2371.54 | 3259.8999999999996
 Unknown        |   2000 |  4944.814166666666 | 2105.1899999999996 |            2811.06 |            3029.04
 Unknown        |   2000 | 4808.8983333333335 |            1975.15 |            3353.13 |            2882.77
 Unknown        |   2000 |  4646.401666666666 | 1819.1799999999998 |             2844.7 |            2192.47
 Unknown        |   2000 |  4905.264999999999 | 2089.2599999999993 |            3165.62 |  5508.859999999999
 Unknown        |   2000 |  4567.535833333333 | 1762.8600000000001 |            2291.98 |            2424.18
 Unknown        |   2000 |  5213.383333333334 |            2410.94 |            3293.67 | 2822.2799999999993
 Unknown        |   2000 |  4894.994166666666 |            2096.87 | 3107.9300000000003 |            2422.36
 Unknown        |   2000 |  5119.208333333333 |            2331.85 |            2118.95 | 3608.7899999999995
 Unknown        |   2000 |  4676.826666666666 |            1891.29 |            4936.57 | 3562.6799999999994
 Unknown        |   2000 |  4905.264999999999 | 2123.7799999999997 |            2473.67 | 4031.8399999999997
 Unknown        |   2000 |  5245.617500000001 |            2471.87 | 3050.7400000000007 |             3022.7
 Unknown        |   2000 | 5182.8758333333335 |            2409.76 |            3069.42 | 3139.9800000000005
 Unknown        |   2000 |            4740.27 | 1977.0900000000001 |            2316.83 |            3260.24
 Unknown        |   2000 |  4827.205833333333 | 2084.6800000000003 |            3341.64 |            3197.98
 Unknown        |   2000 |  4888.493333333333 |            2154.24 |            2817.87 |            3155.69
 Unknown        |   2000 | 4781.0408333333335 | 2047.1900000000003 | 2810.6099999999997 |            1893.92
 Unknown        |   2000 |  4542.595833333333 |            1808.87 |            2996.65 |               2693
 Unknown        |   2000 |  4269.971666666667 |            1537.61 |            2832.76 |            2217.82
 Unknown        |   2000 |  4466.849166666666 |            1737.23 |            2729.21 |            2880.24
 Unknown        |   2000 |  4892.219166666666 | 2166.4500000000003 |            2276.39 | 3265.4799999999996
 Unknown        |   2000 | 4659.2058333333325 | 1938.6000000000001 |             2993.4 | 3099.3800000000006
 Unknown        |   2000 |  4835.385833333334 |            2120.72 |            2768.06 |  7045.249999999998
 Unknown        |   2000 |  5285.770833333335 | 2586.2400000000007 | 2890.2699999999995 |            3370.22
 Unknown        |   2000 |  4755.869166666666 |             2057.4 |            2886.24 | 2397.1900000000005
 Unknown        |   2000 |  5278.168333333334 | 2582.1000000000004 | 2006.2599999999998 | 2599.6800000000003
 Unknown        |   2000 |  5099.050833333334 |            2410.52 |            4027.25 |             2945.4
 Unknown        |   2000 |  5099.050833333334 | 2414.1099999999997 |            2810.51 | 2724.9900000000002
 Unknown        |   2000 |  5278.168333333334 | 2599.6800000000003 | 2582.1000000000004 |            7079.16
 Unknown        |   2000 |          5282.5425 | 2611.5600000000004 |            4275.74 |            3573.58
 Unknown        |   2000 |  4174.971666666667 | 1517.0700000000002 |            1926.92 | 2758.3500000000004
 Unknown        |   2000 |  5278.168333333334 |            2624.42 | 3309.3599999999997 | 3696.0299999999997
 Unknown        |   2000 |  5284.534999999999 | 2633.5599999999995 |            2704.61 | 3234.9899999999993
 Unknown        |   2000 |          4865.7175 | 2214.9399999999996 |            3372.71 |            2792.44
 Unknown        |   2000 |  4693.870833333333 |            2043.49 |            2694.16 |            2622.95
 Unknown        |   2000 |  4623.069166666666 |             1974.6 | 2650.0800000000004 |            3170.93
 Unknown        |   2000 |  5285.770833333335 | 2639.8799999999997 | 2150.7000000000003 | 2701.3099999999995
 Unknown        |   2000 | 5218.8966666666665 | 2574.8099999999995 |            2299.72 |            4044.43
 Unknown        |   2000 |  4753.055833333333 |             2110.4 | 2903.3800000000006 | 2813.7899999999995
 Unknown        |   2000 |  4755.869166666666 | 2121.6600000000003 |            2170.24 | 1866.0099999999998
 Unknown        |   2000 |  4343.687500000001 | 1710.1099999999997 |            2372.53 |            1847.16
 Unknown        |   2000 |          5282.5425 | 2651.7799999999997 |            2149.02 |            4099.49
 Unknown        |   2000 |  4676.826666666666 |            2048.41 | 3035.3499999999995 | 2959.0099999999993
 Unknown        |   2000 |  5157.030833333333 | 2528.9799999999996 |            3688.73 |            2935.86
 Unknown        |   2000 |  4435.469166666667 | 1813.1599999999999 |             2929.2 |            2285.09
 Unknown        |   2000 |  4672.738333333333 |            2052.91 | 3306.1800000000003 |            2549.86
 Unknown        |   2000 | 4356.3358333333335 |            1738.89 | 2068.0299999999997 |            2294.79
 Unknown        |   2000 |  4892.219166666666 |            2276.39 |            3048.69 | 2166.4500000000003
 Unknown        |   2000 | 4488.8099999999995 |             1873.4 |            2317.09 |             2172.3
 Unknown        |   2000 |  5075.028333333333 |            2459.86 | 3476.5699999999997 | 2870.7199999999993
 Unknown        |   2000 |  5284.534999999999 | 2676.9300000000003 | 3362.8699999999994 |            2755.46
 Unknown        |   2000 |  4987.115833333334 |            2381.02 |            1520.05 |            5137.17
 Unknown        |   2000 |  4406.780833333333 | 1801.4299999999998 |            2977.42 |            2171.23
 Unknown        |   2000 |  4888.493333333333 |            2283.35 |  3860.870000000001 | 3486.4900000000002
 Unknown        |   2000 |  5119.208333333333 |             2519.8 |            5395.34 |            2118.95
 Unknown        |   2000 |            4856.66 | 2257.7699999999995 | 3917.4300000000007 |            2860.12
 Unknown        |   2000 |  4435.469166666667 |            1837.61 |            2323.91 |             2779.5
 Unknown        |   2000 | 3980.5525000000002 |            1384.46 |            2943.01 |            2388.96
 Unknown        |   2000 |           4636.245 |             2043.1 | 3313.7000000000003 | 2305.4700000000003
 Unknown        |   2000 | 4781.0408333333335 | 2194.4100000000008 | 3830.7099999999996 | 2764.7200000000003
 Unknown        |   2000 |  4755.869166666666 |            2170.24 | 3229.5299999999997 | 2121.6600000000003
 Unknown        |   2000 |           3996.285 |            1411.77 |            2405.17 |  4864.669999999999
 Unknown        |   2000 |  5285.770833333335 | 2701.3099999999995 | 2639.8799999999997 |  7412.370000000003
 Unknown        |   2000 |  4672.904166666667 |            2091.64 |            2313.69 |            2607.16
 Unknown        |   2000 |  5284.534999999999 |            2704.61 |            3330.42 | 2633.5599999999995
 Unknown        |   2000 | 4356.3358333333335 |            1778.09 | 3402.2200000000003 |            2878.46
 Unknown        |   2000 | 3984.8641666666663 | 1419.1299999999999 |               1951 | 5681.4400000000005
 Unknown        |   2000 |  4267.636666666666 |            1702.22 |            2253.64 | 1782.5499999999997
 Unknown        |   2000 |  4497.761666666666 |            1935.71 |            2915.75 | 2722.7799999999997
 Unknown        |   2000 |  4741.746666666666 |            2186.87 |            3189.51 | 2958.4400000000005
 Unknown        |   2000 | 4808.8983333333335 |             2254.3 |            2902.43 | 3116.5300000000007
 Unknown        |   2000 |  5067.563333333334 |            2519.78 |            2904.96 | 2688.5400000000004
 Unknown        |   2000 | 5218.8966666666665 |            2671.67 |            2323.26 |  7230.949999999999
 Unknown        |   2000 |  4832.349999999999 |            2285.98 |            2639.78 |            3623.59
 Unknown        |   2000 |  4670.264166666667 |            2124.24 | 2687.8199999999997 | 2341.6800000000003
 Unknown        |   2000 |  4562.193333333334 | 2021.5900000000004 | 2221.3599999999997 | 2843.4399999999996
 Unknown        |   2000 |  5310.774166666666 |             2775.1 |            2929.26 | 3741.0800000000004
 Unknown        |   2000 |  5284.534999999999 |            2755.46 | 2676.9300000000003 |  6694.950000000001
 Unknown        |   2000 |  4539.565833333333 | 2014.4700000000003 | 2914.0299999999997 |            3220.84
(100 rows)

UPDATE time_statistics SET e_time = TRANSACTION_TIMESTAMP() WHERE template = 'query47.tpl' AND stream = 3;
psql:/tmp/s1-basline/throughput/query_3.sql:2083: NOTICE:  duration: 0.061 ms  plan:
Query Text: UPDATE time_statistics SET e_time = TRANSACTION_TIMESTAMP() WHERE template = 'query47.tpl' AND stream = 3;
Update on time_statistics  (cost=0.00..7.29 rows=0 width=0) (actual time=0.060..0.061 rows=0 loops=1)
  ->  Seq Scan on time_statistics  (cost=0.00..7.29 rows=1 width=14) (actual time=0.040..0.045 rows=1 loops=1)
        Filter: ((template = 'query47.tpl'::text) AND (stream = 3))
        Rows Removed by Filter: 224
UPDATE 1
LOAD 'auto_explain'; SET auto_explain.log_min_duration TO 0; SET auto_explain.log_analyze TO on; SET auto_explain.log_level TO notice; INSERT INTO time_statistics (template, s_time, stream, query, seed) VALUES ('query29.tpl', TRANSACTION_TIMESTAMP(), 3, 39, 2124124637);
LOAD
SET
SET
SET
psql:/tmp/s1-basline/throughput/query_3.sql:2084: NOTICE:  duration: 0.009 ms  plan:
Query Text: INSERT INTO time_statistics (template, s_time, stream, query, seed) VALUES ('query29.tpl', TRANSACTION_TIMESTAMP(), 3, 39, 2124124637);
Insert on time_statistics  (cost=0.00..0.01 rows=0 width=0) (actual time=0.008..0.008 rows=0 loops=1)
  ->  Result  (cost=0.00..0.01 rows=1 width=64) (actual time=0.002..0.002 rows=1 loops=1)
INSERT 0 1
select   
     i_item_id
    ,i_item_desc
    ,s_store_id
    ,s_store_name
    ,min(ss_quantity)        as store_sales_quantity
    ,min(sr_return_quantity) as store_returns_quantity
    ,min(cs_quantity)        as catalog_sales_quantity
 from
    store_sales
   ,store_returns
   ,catalog_sales
   ,date_dim             d1
   ,date_dim             d2
   ,date_dim             d3
   ,store
   ,item
 where
     d1.d_moy               = 4 
 and d1.d_year              = 2000
 and d1.d_date_sk           = ss_sold_date_sk
 and i_item_sk              = ss_item_sk
 and s_store_sk             = ss_store_sk
 and ss_customer_sk         = sr_customer_sk
 and ss_item_sk             = sr_item_sk
 and ss_ticket_number       = sr_ticket_number
 and sr_returned_date_sk    = d2.d_date_sk
 and d2.d_moy               between 4 and  4 + 3 
 and d2.d_year              = 2000
 and sr_customer_sk         = cs_bill_customer_sk
 and sr_item_sk             = cs_item_sk
 and cs_sold_date_sk        = d3.d_date_sk     
 and d3.d_year              in (2000,2000+1,2000+2)
 group by
    i_item_id
   ,i_item_desc
   ,s_store_id
   ,s_store_name
 order by
    i_item_id 
   ,i_item_desc
   ,s_store_id
   ,s_store_name
 limit 100;
psql:/tmp/s1-basline/throughput/query_3.sql:2128: NOTICE:  duration: 1082.577 ms  plan:
Query Text: select   
     i_item_id
    ,i_item_desc
    ,s_store_id
    ,s_store_name
    ,min(ss_quantity)        as store_sales_quantity
    ,min(sr_return_quantity) as store_returns_quantity
    ,min(cs_quantity)        as catalog_sales_quantity
 from
    store_sales
   ,store_returns
   ,catalog_sales
   ,date_dim             d1
   ,date_dim             d2
   ,date_dim             d3
   ,store
   ,item
 where
     d1.d_moy               = 4 
 and d1.d_year              = 2000
 and d1.d_date_sk           = ss_sold_date_sk
 and i_item_sk              = ss_item_sk
 and s_store_sk             = ss_store_sk
 and ss_customer_sk         = sr_customer_sk
 and ss_item_sk             = sr_item_sk
 and ss_ticket_number       = sr_ticket_number
 and sr_returned_date_sk    = d2.d_date_sk
 and d2.d_moy               between 4 and  4 + 3 
 and d2.d_year              = 2000
 and sr_customer_sk         = cs_bill_customer_sk
 and sr_item_sk             = cs_item_sk
 and cs_sold_date_sk        = d3.d_date_sk     
 and d3.d_year              in (2000,2000+1,2000+2)
 group by
    i_item_id
   ,i_item_desc
   ,s_store_id
   ,s_store_name
 order by
    i_item_id 
   ,i_item_desc
   ,s_store_id
   ,s_store_name
 limit 100;
Limit  (cost=10845.06..10845.09 rows=1 width=153) (actual time=1082.572..1082.574 rows=0 loops=1)
  ->  GroupAggregate  (cost=10845.06..10845.09 rows=1 width=153) (actual time=1082.571..1082.573 rows=0 loops=1)
        Group Key: item.i_item_id, item.i_item_desc, store.s_store_id, store.s_store_name
        ->  Sort  (cost=10845.06..10845.07 rows=1 width=153) (actual time=1082.569..1082.572 rows=0 loops=1)
              Sort Key: item.i_item_id, item.i_item_desc, store.s_store_id, store.s_store_name
              Sort Method: quicksort  Memory: 25kB
              ->  Nested Loop  (cost=2.15..10845.05 rows=1 width=153) (actual time=1082.562..1082.565 rows=0 loops=1)
                    ->  Nested Loop  (cost=1.86..10844.75 rows=1 width=58) (actual time=1082.562..1082.564 rows=0 loops=1)
                          Join Filter: (store_sales.ss_store_sk = store.s_store_sk)
                          ->  Nested Loop  (cost=1.86..10843.48 rows=1 width=44) (actual time=1082.562..1082.564 rows=0 loops=1)
                                ->  Nested Loop  (cost=1.57..10843.16 rows=1 width=52) (actual time=669.532..1082.543 rows=3 loops=1)
                                      ->  Nested Loop  (cost=1.28..10842.84 rows=1 width=60) (actual time=31.225..1082.473 rows=11 loops=1)
                                            ->  Nested Loop  (cost=0.85..10840.62 rows=1 width=56) (actual time=4.591..92.420 rows=11510 loops=1)
                                                  ->  Nested Loop  (cost=0.42..10482.16 rows=459 width=28) (actual time=4.581..27.164 rows=15487 loops=1)
                                                        ->  Seq Scan on date_dim d2  (cost=0.00..2683.36 rows=121 width=8) (actual time=4.561..9.489 rows=122 loops=1)
                                                              Filter: ((d_moy >= 4) AND (d_moy <= 7) AND (d_year = 2000))
                                                              Rows Removed by Filter: 72927
                                                        ->  Index Scan using i_sr_returned_date_sk on store_returns  (cost=0.42..63.05 rows=140 width=36) (actual time=0.004..0.121 rows=127 loops=122)
                                                              Index Cond: (sr_returned_date_sk = d2.d_date_sk)
                                                  ->  Index Scan using pk_store_sales on store_sales  (cost=0.43..0.77 rows=1 width=44) (actual time=0.004..0.004 rows=1 loops=15487)
                                                        Index Cond: ((ss_item_sk = store_returns.sr_item_sk) AND (ss_ticket_number = store_returns.sr_ticket_number))
                                                        Filter: (store_returns.sr_customer_sk = ss_customer_sk)
                                                        Rows Removed by Filter: 0
                                            ->  Index Scan using pk_catalog_sales on catalog_sales  (cost=0.43..2.21 rows=1 width=28) (actual time=0.086..0.086 rows=0 loops=11510)
                                                  Index Cond: (cs_item_sk = store_sales.ss_item_sk)
                                                  Filter: (store_sales.ss_customer_sk = cs_bill_customer_sk)
                                                  Rows Removed by Filter: 107
                                      ->  Index Scan using pk_date_dim on date_dim d1  (cost=0.29..0.32 rows=1 width=8) (actual time=0.005..0.005 rows=0 loops=11)
                                            Index Cond: (d_date_sk = store_sales.ss_sold_date_sk)
                                            Filter: ((d_moy = 4) AND (d_year = 2000))
                                            Rows Removed by Filter: 1
                                ->  Index Scan using pk_date_dim on date_dim d3  (cost=0.29..0.31 rows=1 width=8) (actual time=0.006..0.006 rows=0 loops=3)
                                      Index Cond: (d_date_sk = catalog_sales.cs_sold_date_sk)
                                      Filter: (d_year = ANY ('{2000,2001,2002}'::integer[]))
                                      Rows Removed by Filter: 1
                          ->  Seq Scan on store  (cost=0.00..1.12 rows=12 width=30) (never executed)
                    ->  Index Scan using pk_item on item  (cost=0.29..0.31 rows=1 width=127) (never executed)
                          Index Cond: (i_item_sk = store_sales.ss_item_sk)
 i_item_id | i_item_desc | s_store_id | s_store_name | store_sales_quantity | store_returns_quantity | catalog_sales_quantity 
-----------+-------------+------------+--------------+----------------------+------------------------+------------------------
(0 rows)

UPDATE time_statistics SET e_time = TRANSACTION_TIMESTAMP() WHERE template = 'query29.tpl' AND stream = 3;
psql:/tmp/s1-basline/throughput/query_3.sql:2130: NOTICE:  duration: 0.053 ms  plan:
Query Text: UPDATE time_statistics SET e_time = TRANSACTION_TIMESTAMP() WHERE template = 'query29.tpl' AND stream = 3;
Update on time_statistics  (cost=0.00..7.29 rows=0 width=0) (actual time=0.053..0.053 rows=0 loops=1)
  ->  Seq Scan on time_statistics  (cost=0.00..7.29 rows=1 width=14) (actual time=0.034..0.038 rows=1 loops=1)
        Filter: ((template = 'query29.tpl'::text) AND (stream = 3))
        Rows Removed by Filter: 225
UPDATE 1
LOAD 'auto_explain'; SET auto_explain.log_min_duration TO 0; SET auto_explain.log_analyze TO on; SET auto_explain.log_level TO notice; INSERT INTO time_statistics (template, s_time, stream, query, seed) VALUES ('query3.tpl', TRANSACTION_TIMESTAMP(), 3, 40, 1552186141);
LOAD
SET
SET
SET
psql:/tmp/s1-basline/throughput/query_3.sql:2131: NOTICE:  duration: 0.009 ms  plan:
Query Text: INSERT INTO time_statistics (template, s_time, stream, query, seed) VALUES ('query3.tpl', TRANSACTION_TIMESTAMP(), 3, 40, 1552186141);
Insert on time_statistics  (cost=0.00..0.01 rows=0 width=0) (actual time=0.008..0.008 rows=0 loops=1)
  ->  Result  (cost=0.00..0.01 rows=1 width=64) (actual time=0.001..0.002 rows=1 loops=1)
INSERT 0 1
select  dt.d_year 
       ,item.i_brand_id brand_id 
       ,item.i_brand brand
       ,sum(ss_sales_price) sum_agg
 from  date_dim dt 
      ,store_sales
      ,item
 where dt.d_date_sk = store_sales.ss_sold_date_sk
   and store_sales.ss_item_sk = item.i_item_sk
   and item.i_manufact_id = 332
   and dt.d_moy=12
 group by dt.d_year
      ,item.i_brand
      ,item.i_brand_id
 order by dt.d_year
         ,sum_agg desc
         ,brand_id
 limit 100;
psql:/tmp/s1-basline/throughput/query_3.sql:2149: NOTICE:  duration: 15.367 ms  plan:
Query Text: select  dt.d_year 
       ,item.i_brand_id brand_id 
       ,item.i_brand brand
       ,sum(ss_sales_price) sum_agg
 from  date_dim dt 
      ,store_sales
      ,item
 where dt.d_date_sk = store_sales.ss_sold_date_sk
   and store_sales.ss_item_sk = item.i_item_sk
   and item.i_manufact_id = 332
   and dt.d_moy=12
 group by dt.d_year
      ,item.i_brand
      ,item.i_brand_id
 order by dt.d_year
         ,sum_agg desc
         ,brand_id
 limit 100;
Limit  (cost=5242.56..5242.81 rows=100 width=67) (actual time=15.339..15.345 rows=50 loops=1)
  ->  Sort  (cost=5242.56..5243.08 rows=207 width=67) (actual time=15.338..15.341 rows=50 loops=1)
        Sort Key: dt.d_year, (sum(store_sales.ss_sales_price)) DESC, item.i_brand_id
        Sort Method: quicksort  Memory: 32kB
        ->  GroupAggregate  (cost=5229.99..5234.65 rows=207 width=67) (actual time=15.182..15.319 rows=50 loops=1)
              Group Key: dt.d_year, item.i_brand, item.i_brand_id
              ->  Sort  (cost=5229.99..5230.51 rows=207 width=67) (actual time=15.173..15.197 rows=602 loops=1)
                    Sort Key: dt.d_year, item.i_brand, item.i_brand_id
                    Sort Method: quicksort  Memory: 90kB
                    ->  Nested Loop  (cost=0.73..5222.03 rows=207 width=67) (actual time=0.067..14.813 rows=602 loops=1)
                          ->  Nested Loop  (cost=0.43..4587.20 rows=2558 width=71) (actual time=0.035..11.528 rows=3756 loops=1)
                                ->  Seq Scan on item  (cost=0.00..1481.00 rows=16 width=63) (actual time=0.025..7.069 rows=20 loops=1)
                                      Filter: (i_manufact_id = 332)
                                      Rows Removed by Filter: 17980
                                ->  Index Scan using pk_store_sales on store_sales  (cost=0.43..192.40 rows=174 width=24) (actual time=0.006..0.194 rows=188 loops=20)
                                      Index Cond: (ss_item_sk = item.i_item_sk)
                          ->  Memoize  (cost=0.30..0.32 rows=1 width=12) (actual time=0.001..0.001 rows=0 loops=3756)
                                Cache Key: store_sales.ss_sold_date_sk
                                Cache Mode: logical
                                Hits: 2309  Misses: 1447  Evictions: 0  Overflows: 0  Memory Usage: 109kB
                                ->  Index Scan using pk_date_dim on date_dim dt  (cost=0.29..0.31 rows=1 width=12) (actual time=0.001..0.001 rows=0 loops=1447)
                                      Index Cond: (d_date_sk = store_sales.ss_sold_date_sk)
                                      Filter: (d_moy = 12)
                                      Rows Removed by Filter: 1
 d_year | brand_id |                       brand                        |      sum_agg       
--------+----------+----------------------------------------------------+--------------------
   1998 |  1002002 | importoamalg #2                                    |             627.37
   1998 |  1001002 | amalgamalg #2                                      |  460.6700000000001
   1998 |  2002001 | importoimporto #1                                  | 385.53999999999996
   1998 |  1004001 | edu packamalg #1                                   | 372.15000000000003
   1998 |  4001002 | amalgedu pack #2                                   |             368.04
   1998 |  3001002 | amalgexporti #2                                    |             320.86
   1998 |  8014009 | edu packmaxi #9                                    |             300.48
   1998 |  8011006 | amalgmaxi #6                                       |             246.56
   1998 |  8009003 | maxinameless #3                                    |             187.07
   1998 |  8014005 | edu packmaxi #5                                    | 149.45999999999998
   1999 |  1001002 | amalgamalg #2                                      |            1018.63
   1999 |  1004001 | edu packamalg #1                                   |  911.5500000000002
   1999 |  4001002 | amalgedu pack #2                                   |             416.88
   1999 |  1002002 | importoamalg #2                                    |             409.28
   1999 |  8014005 | edu packmaxi #5                                    |             375.07
   1999 |  2002001 | importoimporto #1                                  |             370.39
   1999 |  8014009 | edu packmaxi #9                                    |             356.48
   1999 |  8009003 | maxinameless #3                                    |             324.19
   1999 |  8011006 | amalgmaxi #6                                       | 304.90999999999997
   1999 |  3001002 | amalgexporti #2                                    |             288.76
   2000 |  1001002 | amalgamalg #2                                      |  989.9200000000002
   2000 |  1002002 | importoamalg #2                                    |  734.9900000000001
   2000 |  3003002 | exportiexporti #2                                  |  546.5699999999999
   2000 |  8014009 | edu packmaxi #9                                    |             501.27
   2000 |  1004001 | edu packamalg #1                                   |             470.42
   2000 |  5002002 | importoscholar #2                                  | 403.34999999999997
   2000 |  3001002 | amalgexporti #2                                    |             279.91
   2000 |  8009003 | importoedu pack #2                                 |  259.5400000000001
   2000 |  8011006 | amalgmaxi #6                                       |             257.95
   2000 |  4001002 | amalgedu pack #2                                   |             248.94
   2000 |  2002001 | importoimporto #1                                  |              17.86
   2001 |  1001002 | amalgamalg #2                                      |             558.08
   2001 |  3001002 | amalgexporti #2                                    |  542.4199999999998
   2001 |  4001002 | amalgedu pack #2                                   |             439.38
   2001 |  8011006 | amalgmaxi #6                                       |  424.5299999999999
   2001 |  3003002 | exportiexporti #2                                  | 374.80000000000007
   2001 |  1002002 | importoamalg #2                                    | 358.34000000000003
   2001 |  8009003 | importoedu pack #2                                 |             339.28
   2001 |  5002002 | importoscholar #2                                  |             280.72
   2001 |  9003010 | exportimaxi #10                                    | 199.64000000000001
   2002 |  4001002 | amalgedu pack #2                                   |             736.26
   2002 |  1001002 | amalgamalg #2                                      |             664.31
   2002 |  8009003 | amalgexporti #1                                    |             559.06
   2002 |  8011006 | amalgmaxi #6                                       |  419.3999999999999
   2002 |  6015001 | namelessunivamalg #11                              | 357.15000000000003
   2002 |  3001002 | amalgexporti #2                                    |             342.56
   2002 |  9003010 | exportimaxi #10                                    | 335.55000000000007
   2002 |  8011009 | amalgnameless #1                                   |             332.53
   2002 |  4001002 | namelesscorp #5                                    | 265.92999999999995
   2002 |  1002002 | importoamalg #2                                    | 111.82000000000001
(50 rows)

UPDATE time_statistics SET e_time = TRANSACTION_TIMESTAMP() WHERE template = 'query3.tpl' AND stream = 3;
psql:/tmp/s1-basline/throughput/query_3.sql:2151: NOTICE:  duration: 0.052 ms  plan:
Query Text: UPDATE time_statistics SET e_time = TRANSACTION_TIMESTAMP() WHERE template = 'query3.tpl' AND stream = 3;
Update on time_statistics  (cost=0.00..7.29 rows=0 width=0) (actual time=0.052..0.052 rows=0 loops=1)
  ->  Seq Scan on time_statistics  (cost=0.00..7.29 rows=1 width=14) (actual time=0.026..0.030 rows=1 loops=1)
        Filter: ((template = 'query3.tpl'::text) AND (stream = 3))
        Rows Removed by Filter: 226
UPDATE 1
LOAD 'auto_explain'; SET auto_explain.log_min_duration TO 0; SET auto_explain.log_analyze TO on; SET auto_explain.log_level TO notice; INSERT INTO time_statistics (template, s_time, stream, query, seed) VALUES ('query76.tpl', TRANSACTION_TIMESTAMP(), 3, 41, 380040770);
LOAD
SET
SET
SET
psql:/tmp/s1-basline/throughput/query_3.sql:2152: NOTICE:  duration: 0.008 ms  plan:
Query Text: INSERT INTO time_statistics (template, s_time, stream, query, seed) VALUES ('query76.tpl', TRANSACTION_TIMESTAMP(), 3, 41, 380040770);
Insert on time_statistics  (cost=0.00..0.01 rows=0 width=0) (actual time=0.008..0.008 rows=0 loops=1)
  ->  Result  (cost=0.00..0.01 rows=1 width=64) (actual time=0.001..0.002 rows=1 loops=1)
INSERT 0 1
select  channel, col_name, d_year, d_qoy, i_category, COUNT(*) sales_cnt, SUM(ext_sales_price) sales_amt FROM (
        SELECT 'store' as channel, 'ss_hdemo_sk' col_name, d_year, d_qoy, i_category, ss_ext_sales_price ext_sales_price
         FROM store_sales, item, date_dim
         WHERE ss_hdemo_sk IS NULL
           AND ss_sold_date_sk=d_date_sk
           AND ss_item_sk=i_item_sk
        UNION ALL
        SELECT 'web' as channel, 'ws_warehouse_sk' col_name, d_year, d_qoy, i_category, ws_ext_sales_price ext_sales_price
         FROM web_sales, item, date_dim
         WHERE ws_warehouse_sk IS NULL
           AND ws_sold_date_sk=d_date_sk
           AND ws_item_sk=i_item_sk
        UNION ALL
        SELECT 'catalog' as channel, 'cs_bill_customer_sk' col_name, d_year, d_qoy, i_category, cs_ext_sales_price ext_sales_price
         FROM catalog_sales, item, date_dim
         WHERE cs_bill_customer_sk IS NULL
           AND cs_sold_date_sk=d_date_sk
           AND cs_item_sk=i_item_sk) foo
GROUP BY channel, col_name, d_year, d_qoy, i_category
ORDER BY channel, col_name, d_year, d_qoy, i_category
limit 100;
psql:/tmp/s1-basline/throughput/query_3.sql:2173: NOTICE:  duration: 462.662 ms  plan:
Query Text: select  channel, col_name, d_year, d_qoy, i_category, COUNT(*) sales_cnt, SUM(ext_sales_price) sales_amt FROM (
        SELECT 'store' as channel, 'ss_hdemo_sk' col_name, d_year, d_qoy, i_category, ss_ext_sales_price ext_sales_price
         FROM store_sales, item, date_dim
         WHERE ss_hdemo_sk IS NULL
           AND ss_sold_date_sk=d_date_sk
           AND ss_item_sk=i_item_sk
        UNION ALL
        SELECT 'web' as channel, 'ws_warehouse_sk' col_name, d_year, d_qoy, i_category, ws_ext_sales_price ext_sales_price
         FROM web_sales, item, date_dim
         WHERE ws_warehouse_sk IS NULL
           AND ws_sold_date_sk=d_date_sk
           AND ws_item_sk=i_item_sk
        UNION ALL
        SELECT 'catalog' as channel, 'cs_bill_customer_sk' col_name, d_year, d_qoy, i_category, cs_ext_sales_price ext_sales_price
         FROM catalog_sales, item, date_dim
         WHERE cs_bill_customer_sk IS NULL
           AND cs_sold_date_sk=d_date_sk
           AND cs_item_sk=i_item_sk) foo
GROUP BY channel, col_name, d_year, d_qoy, i_category
ORDER BY channel, col_name, d_year, d_qoy, i_category
limit 100;
Limit  (cost=184430.19..184458.02 rows=100 width=139) (actual time=366.552..462.581 rows=100 loops=1)
  ->  Finalize GroupAggregate  (cost=184430.19..188211.57 rows=13585 width=139) (actual time=366.551..462.574 rows=100 loops=1)
        Group Key: ('store'::text), ('ss_hdemo_sk'::text), date_dim.d_year, date_dim.d_qoy, item.i_category
        ->  Gather Merge  (cost=184430.19..187600.24 rows=27170 width=139) (actual time=366.545..462.512 rows=138 loops=1)
              Workers Planned: 2
              Workers Launched: 2
              ->  Sort  (cost=183430.16..183464.13 rows=13585 width=139) (actual time=361.228..361.244 rows=234 loops=3)
                    Sort Key: ('store'::text), ('ss_hdemo_sk'::text), date_dim.d_year, date_dim.d_qoy, item.i_category
                    Sort Method: quicksort  Memory: 84kB
                    Worker 0:  Sort Method: quicksort  Memory: 82kB
                    Worker 1:  Sort Method: quicksort  Memory: 54kB
                    ->  Partial HashAggregate  (cost=182361.72..182497.57 rows=13585 width=139) (actual time=360.345..360.453 rows=370 loops=3)
                          Group Key: ('store'::text), ('ss_hdemo_sk'::text), date_dim.d_year, date_dim.d_qoy, item.i_category
                          Batches: 1  Memory Usage: 529kB
                          Worker 0:  Batches: 1  Memory Usage: 529kB
                          Worker 1:  Batches: 1  Memory Usage: 465kB
                          ->  Parallel Append  (cost=0.59..181371.13 rows=56605 width=131) (actual time=7.109..347.824 rows=22890 loops=3)
                                ->  Hash Join  (cost=1661.30..88911.89 rows=53425 width=131) (actual time=14.236..204.324 rows=21639 loops=3)
                                      Hash Cond: (store_sales.ss_item_sk = item.i_item_sk)
                                      ->  Nested Loop  (cost=0.30..87110.62 rows=53425 width=24) (actual time=0.067..182.144 rows=21639 loops=3)
                                            ->  Parallel Seq Scan on store_sales  (cost=0.00..85123.48 rows=55920 width=24) (actual time=0.014..161.580 rows=43125 loops=3)
                                                  Filter: (ss_hdemo_sk IS NULL)
                                                  Rows Removed by Filter: 916184
                                            ->  Memoize  (cost=0.30..0.33 rows=1 width=16) (actual time=0.000..0.000 rows=1 loops=129375)
                                                  Cache Key: store_sales.ss_sold_date_sk
                                                  Cache Mode: logical
                                                  Hits: 34859  Misses: 1818  Evictions: 0  Overflows: 0  Memory Usage: 213kB
                                                  Worker 0:  Hits: 27984  Misses: 1808  Evictions: 0  Overflows: 0  Memory Usage: 212kB
                                                  Worker 1:  Hits: 61083  Misses: 1823  Evictions: 0  Overflows: 0  Memory Usage: 214kB
                                                  ->  Index Scan using pk_date_dim on date_dim  (cost=0.29..0.32 rows=1 width=16) (actual time=0.002..0.002 rows=1 loops=5449)
                                                        Index Cond: (d_date_sk = store_sales.ss_sold_date_sk)
                                      ->  Hash  (cost=1436.00..1436.00 rows=18000 width=59) (actual time=14.039..14.040 rows=18000 loops=3)
                                            Buckets: 32768  Batches: 1  Memory Usage: 1941kB
                                            ->  Seq Scan on item  (cost=0.00..1436.00 rows=18000 width=59) (actual time=0.026..10.414 rows=18000 loops=3)
                                ->  Nested Loop  (cost=0.59..61874.68 rows=3160 width=131) (actual time=0.183..151.008 rows=1830 loops=2)
                                      ->  Nested Loop  (cost=0.30..60317.20 rows=3160 width=24) (actual time=0.145..144.059 rows=1830 loops=2)
                                            ->  Parallel Seq Scan on catalog_sales  (cost=0.00..59266.53 rows=3179 width=24) (actual time=0.066..140.258 rows=3638 loops=2)
                                                  Filter: (cs_bill_customer_sk IS NULL)
                                                  Rows Removed by Filter: 716067
                                            ->  Memoize  (cost=0.30..0.55 rows=1 width=16) (actual time=0.001..0.001 rows=1 loops=7277)
                                                  Cache Key: catalog_sales.cs_sold_date_sk
                                                  Cache Mode: logical
                                                  Hits: 2539  Misses: 826  Evictions: 0  Overflows: 0  Memory Usage: 97kB
                                                  Worker 0:  Hits: 2959  Misses: 953  Evictions: 0  Overflows: 0  Memory Usage: 112kB
                                                  ->  Index Scan using pk_date_dim on date_dim date_dim_1  (cost=0.29..0.54 rows=1 width=16) (actual time=0.002..0.002 rows=1 loops=1779)
                                                        Index Cond: (d_date_sk = catalog_sales.cs_sold_date_sk)
                                      ->  Index Scan using pk_item on item item_1  (cost=0.29..0.49 rows=1 width=59) (actual time=0.003..0.003 rows=1 loops=3660)
                                            Index Cond: (i_item_sk = catalog_sales.cs_item_sk)
                                ->  Nested Loop  (cost=0.58..29735.48 rows=20 width=131) (actual time=0.431..123.747 rows=94 loops=1)
                                      ->  Nested Loop  (cost=0.29..29687.58 rows=20 width=67) (actual time=0.429..123.406 rows=168 loops=1)
                                            ->  Parallel Seq Scan on web_sales  (cost=0.00..29644.81 rows=20 width=24) (actual time=0.422..122.674 rows=168 loops=1)
                                                  Filter: (ws_warehouse_sk IS NULL)
                                                  Rows Removed by Filter: 719306
                                            ->  Index Scan using pk_item on item item_2  (cost=0.29..2.14 rows=1 width=59) (actual time=0.004..0.004 rows=1 loops=168)
                                                  Index Cond: (i_item_sk = web_sales.ws_item_sk)
                                      ->  Index Scan using pk_date_dim on date_dim date_dim_2  (cost=0.29..2.40 rows=1 width=16) (actual time=0.002..0.002 rows=1 loops=168)
                                            Index Cond: (d_date_sk = web_sales.ws_sold_date_sk)
 channel |      col_name       | d_year | d_qoy |                     i_category                     | sales_cnt |     sales_amt      
---------+---------------------+--------+-------+----------------------------------------------------+-----------+--------------------
 catalog | cs_bill_customer_sk |   1998 |     1 | Books                                              |        13 |           24823.48
 catalog | cs_bill_customer_sk |   1998 |     1 | Children                                           |        10 |           19840.19
 catalog | cs_bill_customer_sk |   1998 |     1 | Electronics                                        |         7 | 16511.399999999998
 catalog | cs_bill_customer_sk |   1998 |     1 | Home                                               |         9 | 10851.060000000001
 catalog | cs_bill_customer_sk |   1998 |     1 | Jewelry                                            |         7 |             9562.5
 catalog | cs_bill_customer_sk |   1998 |     1 | Men                                                |        13 | 10677.470000000001
 catalog | cs_bill_customer_sk |   1998 |     1 | Music                                              |        12 |            6766.89
 catalog | cs_bill_customer_sk |   1998 |     1 | Shoes                                              |        13 |            6215.48
 catalog | cs_bill_customer_sk |   1998 |     1 | Sports                                             |        11 |            9261.89
 catalog | cs_bill_customer_sk |   1998 |     1 | Women                                              |        10 |             4074.6
 catalog | cs_bill_customer_sk |   1998 |     2 | Books                                              |        17 |           13674.45
 catalog | cs_bill_customer_sk |   1998 |     2 | Children                                           |         8 |            4914.99
 catalog | cs_bill_customer_sk |   1998 |     2 | Electronics                                        |         4 |           10297.56
 catalog | cs_bill_customer_sk |   1998 |     2 | Home                                               |         8 |            3874.93
 catalog | cs_bill_customer_sk |   1998 |     2 | Jewelry                                            |        14 |            8832.76
 catalog | cs_bill_customer_sk |   1998 |     2 | Men                                                |         8 |           11478.33
 catalog | cs_bill_customer_sk |   1998 |     2 | Music                                              |         7 | 2099.1099999999997
 catalog | cs_bill_customer_sk |   1998 |     2 | Shoes                                              |         7 |           17580.92
 catalog | cs_bill_customer_sk |   1998 |     2 | Sports                                             |        13 | 12762.130000000001
 catalog | cs_bill_customer_sk |   1998 |     2 | Women                                              |        14 |           14626.59
 catalog | cs_bill_customer_sk |   1998 |     3 | Books                                              |        16 |           21241.98
 catalog | cs_bill_customer_sk |   1998 |     3 | Children                                           |        12 |           17361.65
 catalog | cs_bill_customer_sk |   1998 |     3 | Electronics                                        |        25 |           26973.59
 catalog | cs_bill_customer_sk |   1998 |     3 | Home                                               |        18 |           20333.18
 catalog | cs_bill_customer_sk |   1998 |     3 | Jewelry                                            |        24 | 13435.829999999998
 catalog | cs_bill_customer_sk |   1998 |     3 | Men                                                |        20 |            8569.32
 catalog | cs_bill_customer_sk |   1998 |     3 | Music                                              |        13 |            7672.02
 catalog | cs_bill_customer_sk |   1998 |     3 | Shoes                                              |        21 |           44554.95
 catalog | cs_bill_customer_sk |   1998 |     3 | Sports                                             |        15 |           12485.07
 catalog | cs_bill_customer_sk |   1998 |     3 | Women                                              |        28 |           36794.68
 catalog | cs_bill_customer_sk |   1998 |     3 |                                                    |         1 |                   
 catalog | cs_bill_customer_sk |   1998 |     4 | Books                                              |        29 |  46994.65000000001
 catalog | cs_bill_customer_sk |   1998 |     4 | Children                                           |        39 |           60310.74
 catalog | cs_bill_customer_sk |   1998 |     4 | Electronics                                        |        31 | 64273.170000000006
 catalog | cs_bill_customer_sk |   1998 |     4 | Home                                               |        31 |           29685.88
 catalog | cs_bill_customer_sk |   1998 |     4 | Jewelry                                            |        38 | 48323.399999999994
 catalog | cs_bill_customer_sk |   1998 |     4 | Men                                                |        38 | 35068.090000000004
 catalog | cs_bill_customer_sk |   1998 |     4 | Music                                              |        35 | 14025.689999999999
 catalog | cs_bill_customer_sk |   1998 |     4 | Shoes                                              |        32 |           52443.34
 catalog | cs_bill_customer_sk |   1998 |     4 | Sports                                             |        28 |           34516.84
 catalog | cs_bill_customer_sk |   1998 |     4 | Women                                              |        33 |  84011.89000000001
 catalog | cs_bill_customer_sk |   1999 |     1 | Books                                              |         9 |            3083.77
 catalog | cs_bill_customer_sk |   1999 |     1 | Children                                           |         9 | 11081.060000000001
 catalog | cs_bill_customer_sk |   1999 |     1 | Electronics                                        |         8 | 34023.990000000005
 catalog | cs_bill_customer_sk |   1999 |     1 | Home                                               |         8 | 2579.9700000000003
 catalog | cs_bill_customer_sk |   1999 |     1 | Jewelry                                            |         9 |             476.78
 catalog | cs_bill_customer_sk |   1999 |     1 | Men                                                |         9 | 10008.890000000001
 catalog | cs_bill_customer_sk |   1999 |     1 | Music                                              |        10 |            4585.98
 catalog | cs_bill_customer_sk |   1999 |     1 | Shoes                                              |         8 |            7519.02
 catalog | cs_bill_customer_sk |   1999 |     1 | Sports                                             |         4 |            2882.47
 catalog | cs_bill_customer_sk |   1999 |     1 | Women                                              |        10 |            2724.48
 catalog | cs_bill_customer_sk |   1999 |     2 | Books                                              |         7 | 12148.740000000002
 catalog | cs_bill_customer_sk |   1999 |     2 | Children                                           |         6 |            18752.4
 catalog | cs_bill_customer_sk |   1999 |     2 | Electronics                                        |         6 | 7270.6900000000005
 catalog | cs_bill_customer_sk |   1999 |     2 | Home                                               |        12 |           24520.56
 catalog | cs_bill_customer_sk |   1999 |     2 | Jewelry                                            |        11 | 4219.3099999999995
 catalog | cs_bill_customer_sk |   1999 |     2 | Men                                                |         9 | 3871.2799999999997
 catalog | cs_bill_customer_sk |   1999 |     2 | Music                                              |         6 |  7722.200000000001
 catalog | cs_bill_customer_sk |   1999 |     2 | Shoes                                              |        15 |           15451.66
 catalog | cs_bill_customer_sk |   1999 |     2 | Sports                                             |        13 |            3952.86
 catalog | cs_bill_customer_sk |   1999 |     2 | Women                                              |         7 |            3223.38
 catalog | cs_bill_customer_sk |   1999 |     3 | Books                                              |        17 |            4143.65
 catalog | cs_bill_customer_sk |   1999 |     3 | Children                                           |        20 |  51081.99999999999
 catalog | cs_bill_customer_sk |   1999 |     3 | Electronics                                        |        23 |           30787.93
 catalog | cs_bill_customer_sk |   1999 |     3 | Home                                               |        20 |           30305.83
 catalog | cs_bill_customer_sk |   1999 |     3 | Jewelry                                            |        34 |  51080.22999999999
 catalog | cs_bill_customer_sk |   1999 |     3 | Men                                                |        10 |            4722.63
 catalog | cs_bill_customer_sk |   1999 |     3 | Music                                              |        19 |           15066.75
 catalog | cs_bill_customer_sk |   1999 |     3 | Shoes                                              |        21 |           25608.33
 catalog | cs_bill_customer_sk |   1999 |     3 | Sports                                             |        15 |           34867.25
 catalog | cs_bill_customer_sk |   1999 |     3 | Women                                              |        17 | 6491.9800000000005
 catalog | cs_bill_customer_sk |   1999 |     3 |                                                    |         1 |            5023.96
 catalog | cs_bill_customer_sk |   1999 |     4 | Books                                              |        36 |            51727.5
 catalog | cs_bill_customer_sk |   1999 |     4 | Children                                           |        30 | 29628.929999999997
 catalog | cs_bill_customer_sk |   1999 |     4 | Electronics                                        |        36 |           73655.12
 catalog | cs_bill_customer_sk |   1999 |     4 | Home                                               |        36 |           48738.12
 catalog | cs_bill_customer_sk |   1999 |     4 | Jewelry                                            |        36 |           35485.63
 catalog | cs_bill_customer_sk |   1999 |     4 | Men                                                |        29 | 42018.030000000006
 catalog | cs_bill_customer_sk |   1999 |     4 | Music                                              |        33 |  48789.67999999999
 catalog | cs_bill_customer_sk |   1999 |     4 | Shoes                                              |        30 |           45379.13
 catalog | cs_bill_customer_sk |   1999 |     4 | Sports                                             |        28 |           38752.48
 catalog | cs_bill_customer_sk |   1999 |     4 | Women                                              |        23 | 26696.559999999998
 catalog | cs_bill_customer_sk |   2000 |     1 | Books                                              |         6 |            9530.53
 catalog | cs_bill_customer_sk |   2000 |     1 | Children                                           |        10 |            1772.76
 catalog | cs_bill_customer_sk |   2000 |     1 | Electronics                                        |         4 | 4855.5599999999995
 catalog | cs_bill_customer_sk |   2000 |     1 | Home                                               |         6 | 14793.619999999999
 catalog | cs_bill_customer_sk |   2000 |     1 | Jewelry                                            |        18 | 11207.050000000001
 catalog | cs_bill_customer_sk |   2000 |     1 | Men                                                |         6 |             1673.4
 catalog | cs_bill_customer_sk |   2000 |     1 | Music                                              |        19 |           11149.46
 catalog | cs_bill_customer_sk |   2000 |     1 | Shoes                                              |         8 |            2672.16
 catalog | cs_bill_customer_sk |   2000 |     1 | Sports                                             |         8 |           19843.13
 catalog | cs_bill_customer_sk |   2000 |     1 | Women                                              |         7 |             7074.3
 catalog | cs_bill_customer_sk |   2000 |     2 | Books                                              |         7 |           17064.21
 catalog | cs_bill_customer_sk |   2000 |     2 | Children                                           |         9 |            11105.5
 catalog | cs_bill_customer_sk |   2000 |     2 | Electronics                                        |         9 | 22765.559999999998
 catalog | cs_bill_customer_sk |   2000 |     2 | Home                                               |         8 |            4548.07
 catalog | cs_bill_customer_sk |   2000 |     2 | Jewelry                                            |         6 |            9554.69
 catalog | cs_bill_customer_sk |   2000 |     2 | Men                                                |         7 |            2189.16
 catalog | cs_bill_customer_sk |   2000 |     2 | Music                                              |        11 | 20952.090000000004
 catalog | cs_bill_customer_sk |   2000 |     2 | Shoes                                              |        10 |            2993.79
(100 rows)

UPDATE time_statistics SET e_time = TRANSACTION_TIMESTAMP() WHERE template = 'query76.tpl' AND stream = 3;
psql:/tmp/s1-basline/throughput/query_3.sql:2175: NOTICE:  duration: 0.051 ms  plan:
Query Text: UPDATE time_statistics SET e_time = TRANSACTION_TIMESTAMP() WHERE template = 'query76.tpl' AND stream = 3;
Update on time_statistics  (cost=0.00..7.29 rows=0 width=0) (actual time=0.051..0.051 rows=0 loops=1)
  ->  Seq Scan on time_statistics  (cost=0.00..7.29 rows=1 width=14) (actual time=0.032..0.037 rows=1 loops=1)
        Filter: ((template = 'query76.tpl'::text) AND (stream = 3))
        Rows Removed by Filter: 227
UPDATE 1
LOAD 'auto_explain'; SET auto_explain.log_min_duration TO 0; SET auto_explain.log_analyze TO on; SET auto_explain.log_level TO notice; INSERT INTO time_statistics (template, s_time, stream, query, seed) VALUES ('../query_postgresql/query82.tpl', TRANSACTION_TIMESTAMP(), 3, 42, 504123496);
LOAD
SET
SET
SET
psql:/tmp/s1-basline/throughput/query_3.sql:2176: NOTICE:  duration: 0.008 ms  plan:
Query Text: INSERT INTO time_statistics (template, s_time, stream, query, seed) VALUES ('../query_postgresql/query82.tpl', TRANSACTION_TIMESTAMP(), 3, 42, 504123496);
Insert on time_statistics  (cost=0.00..0.01 rows=0 width=0) (actual time=0.008..0.008 rows=0 loops=1)
  ->  Result  (cost=0.00..0.01 rows=1 width=64) (actual time=0.001..0.001 rows=1 loops=1)
INSERT 0 1
select  i_item_id
       ,i_item_desc
       ,i_current_price
 from item, inventory, date_dim, store_sales
 where i_current_price between 58 and 58+30
 and inv_item_sk = i_item_sk
 and d_date_sk=inv_date_sk
 and d_date between cast('2001-03-14' as date) and (cast('2001-03-14' as date) + interval '60 days')
 and i_manufact_id in (625,273,25,958)
 and inv_quantity_on_hand between 100 and 500
 and ss_item_sk = i_item_sk
 group by i_item_id,i_item_desc,i_current_price
 order by i_item_id
 limit 100;
psql:/tmp/s1-basline/throughput/query_3.sql:2190: NOTICE:  duration: 11.322 ms  plan:
Query Text: select  i_item_id
       ,i_item_desc
       ,i_current_price
 from item, inventory, date_dim, store_sales
 where i_current_price between 58 and 58+30
 and inv_item_sk = i_item_sk
 and d_date_sk=inv_date_sk
 and d_date between cast('2001-03-14' as date) and (cast('2001-03-14' as date) + interval '60 days')
 and i_manufact_id in (625,273,25,958)
 and inv_quantity_on_hand between 100 and 500
 and ss_item_sk = i_item_sk
 group by i_item_id,i_item_desc,i_current_price
 order by i_item_id
 limit 100;
Limit  (cost=2233.52..2235.26 rows=2 width=127) (actual time=10.265..11.318 rows=1 loops=1)
  ->  Group  (cost=2233.52..2235.26 rows=2 width=127) (actual time=10.265..11.317 rows=1 loops=1)
        Group Key: item.i_item_id, item.i_item_desc, item.i_current_price
        ->  Sort  (cost=2233.52..2233.95 rows=174 width=127) (actual time=10.264..10.513 rows=6420 loops=1)
              Sort Key: item.i_item_id, item.i_item_desc, item.i_current_price
              Sort Method: quicksort  Memory: 1697kB
              ->  Nested Loop  (cost=1.28..2227.04 rows=174 width=127) (actual time=6.749..8.654 rows=6420 loops=1)
                    ->  Nested Loop  (cost=0.85..2221.82 rows=1 width=143) (actual time=6.740..7.500 rows=20 loops=1)
                          ->  Seq Scan on item  (cost=0.00..1616.00 rows=2 width=135) (actual time=6.667..7.095 rows=1 loops=1)
                                Filter: ((i_current_price >= '58'::double precision) AND (i_current_price <= '88'::double precision) AND (i_manufact_id = ANY ('{625,273,25,958}'::integer[])))
                                Rows Removed by Filter: 17999
                          ->  Nested Loop  (cost=0.85..302.32 rows=59 width=8) (actual time=0.072..0.401 rows=20 loops=1)
                                ->  Index Scan using i_d_date on date_dim  (cost=0.29..4.67 rows=59 width=8) (actual time=0.010..0.020 rows=61 loops=1)
                                      Index Cond: ((d_date >= '2001-03-14'::date) AND (d_date <= '2001-05-13 00:00:00'::timestamp without time zone))
                                ->  Index Scan using pk_inventory on inventory  (cost=0.56..5.03 rows=1 width=16) (actual time=0.005..0.006 rows=0 loops=61)
                                      Index Cond: ((inv_date_sk = date_dim.d_date_sk) AND (inv_item_sk = item.i_item_sk))
                                      Filter: ((inv_quantity_on_hand >= 100) AND (inv_quantity_on_hand <= 500))
                                      Rows Removed by Filter: 0
                    ->  Index Only Scan using pk_store_sales on store_sales  (cost=0.43..3.48 rows=174 width=8) (actual time=0.002..0.033 rows=321 loops=20)
                          Index Cond: (ss_item_sk = inventory.inv_item_sk)
                          Heap Fetches: 0
    i_item_id     |                                                                               i_item_desc                                                                               | i_current_price 
------------------+-------------------------------------------------------------------------------------------------------------------------------------------------------------------------+-----------------
 AAAAAAAAJBCEAAAA | Weeks ought to mind yesterday ways. Just modern workers know so following authorities. Interpretations shall assume just alternative things. Police ought to shed so. D |           78.15
(1 row)

UPDATE time_statistics SET e_time = TRANSACTION_TIMESTAMP() WHERE template = '../query_postgresql/query82.tpl' AND stream = 3;
psql:/tmp/s1-basline/throughput/query_3.sql:2192: NOTICE:  duration: 0.040 ms  plan:
Query Text: UPDATE time_statistics SET e_time = TRANSACTION_TIMESTAMP() WHERE template = '../query_postgresql/query82.tpl' AND stream = 3;
Update on time_statistics  (cost=0.00..7.29 rows=0 width=0) (actual time=0.039..0.040 rows=0 loops=1)
  ->  Seq Scan on time_statistics  (cost=0.00..7.29 rows=1 width=14) (actual time=0.027..0.031 rows=1 loops=1)
        Filter: ((template = '../query_postgresql/query82.tpl'::text) AND (stream = 3))
        Rows Removed by Filter: 228
UPDATE 1
LOAD 'auto_explain'; SET auto_explain.log_min_duration TO 0; SET auto_explain.log_analyze TO on; SET auto_explain.log_level TO notice; INSERT INTO time_statistics (template, s_time, stream, query, seed) VALUES ('query46.tpl', TRANSACTION_TIMESTAMP(), 3, 43, 598041426);
LOAD
SET
SET
SET
psql:/tmp/s1-basline/throughput/query_3.sql:2193: NOTICE:  duration: 0.008 ms  plan:
Query Text: INSERT INTO time_statistics (template, s_time, stream, query, seed) VALUES ('query46.tpl', TRANSACTION_TIMESTAMP(), 3, 43, 598041426);
Insert on time_statistics  (cost=0.00..0.01 rows=0 width=0) (actual time=0.008..0.008 rows=0 loops=1)
  ->  Result  (cost=0.00..0.01 rows=1 width=64) (actual time=0.001..0.002 rows=1 loops=1)
INSERT 0 1
select  c_last_name
       ,c_first_name
       ,ca_city
       ,bought_city
       ,ss_ticket_number
       ,amt,profit 
 from
   (select ss_ticket_number
          ,ss_customer_sk
          ,ca_city bought_city
          ,sum(ss_coupon_amt) amt
          ,sum(ss_net_profit) profit
    from store_sales,date_dim,store,household_demographics,customer_address 
    where store_sales.ss_sold_date_sk = date_dim.d_date_sk
    and store_sales.ss_store_sk = store.s_store_sk  
    and store_sales.ss_hdemo_sk = household_demographics.hd_demo_sk
    and store_sales.ss_addr_sk = customer_address.ca_address_sk
    and (household_demographics.hd_dep_count = 6 or
         household_demographics.hd_vehicle_count= -1)
    and date_dim.d_dow in (6,0)
    and date_dim.d_year in (1999,1999+1,1999+2) 
    and store.s_city in ('Midway','Fairview','Fairview','Midway','Midway') 
    group by ss_ticket_number,ss_customer_sk,ss_addr_sk,ca_city) dn,customer,customer_address current_addr
    where ss_customer_sk = c_customer_sk
      and customer.c_current_addr_sk = current_addr.ca_address_sk
      and current_addr.ca_city <> bought_city
  order by c_last_name
          ,c_first_name
          ,ca_city
          ,bought_city
          ,ss_ticket_number
  limit 100;
psql:/tmp/s1-basline/throughput/query_3.sql:2225: NOTICE:  duration: 494.928 ms  plan:
Query Text: select  c_last_name
       ,c_first_name
       ,ca_city
       ,bought_city
       ,ss_ticket_number
       ,amt,profit 
 from
   (select ss_ticket_number
          ,ss_customer_sk
          ,ca_city bought_city
          ,sum(ss_coupon_amt) amt
          ,sum(ss_net_profit) profit
    from store_sales,date_dim,store,household_demographics,customer_address 
    where store_sales.ss_sold_date_sk = date_dim.d_date_sk
    and store_sales.ss_store_sk = store.s_store_sk  
    and store_sales.ss_hdemo_sk = household_demographics.hd_demo_sk
    and store_sales.ss_addr_sk = customer_address.ca_address_sk
    and (household_demographics.hd_dep_count = 6 or
         household_demographics.hd_vehicle_count= -1)
    and date_dim.d_dow in (6,0)
    and date_dim.d_year in (1999,1999+1,1999+2) 
    and store.s_city in ('Midway','Fairview','Fairview','Midway','Midway') 
    group by ss_ticket_number,ss_customer_sk,ss_addr_sk,ca_city) dn,customer,customer_address current_addr
    where ss_customer_sk = c_customer_sk
      and customer.c_current_addr_sk = current_addr.ca_address_sk
      and current_addr.ca_city <> bought_city
  order by c_last_name
          ,c_first_name
          ,ca_city
          ,bought_city
          ,ss_ticket_number
  limit 100;
Limit  (cost=96814.17..96814.42 rows=100 width=94) (actual time=430.772..494.845 rows=100 loops=1)
  ->  Sort  (cost=96814.17..96820.49 rows=2528 width=94) (actual time=430.772..494.838 rows=100 loops=1)
        Sort Key: customer.c_last_name, customer.c_first_name, current_addr.ca_city, customer_address.ca_city, store_sales.ss_ticket_number
        Sort Method: top-N heapsort  Memory: 47kB
        ->  Nested Loop  (cost=92469.94..96717.55 rows=2528 width=94) (actual time=370.052..490.331 rows=9780 loops=1)
              Join Filter: ((current_addr.ca_city)::text <> (customer_address.ca_city)::text)
              Rows Removed by Join Filter: 708
              ->  Nested Loop  (cost=92469.65..95871.83 rows=2532 width=93) (actual time=370.033..472.668 rows=10488 loops=1)
                    ->  Finalize GroupAggregate  (cost=92469.36..92798.89 rows=2532 width=49) (actual time=370.021..452.031 rows=10851 loops=1)
                          Group Key: store_sales.ss_ticket_number, store_sales.ss_customer_sk, store_sales.ss_addr_sk, customer_address.ca_city
                          ->  Gather Merge  (cost=92469.36..92741.92 rows=2110 width=49) (actual time=370.012..447.146 rows=10918 loops=1)
                                Workers Planned: 2
                                Workers Launched: 2
                                ->  Partial GroupAggregate  (cost=91469.33..91498.35 rows=1055 width=49) (actual time=363.468..372.752 rows=3639 loops=3)
                                      Group Key: store_sales.ss_ticket_number, store_sales.ss_customer_sk, store_sales.ss_addr_sk, customer_address.ca_city
                                      ->  Sort  (cost=91469.33..91471.97 rows=1055 width=49) (actual time=363.457..365.015 rows=38382 loops=3)
                                            Sort Key: store_sales.ss_ticket_number, store_sales.ss_customer_sk, store_sales.ss_addr_sk, customer_address.ca_city
                                            Sort Method: quicksort  Memory: 5869kB
                                            Worker 0:  Sort Method: quicksort  Memory: 4633kB
                                            Worker 1:  Sort Method: quicksort  Memory: 4603kB
                                            ->  Nested Loop  (cost=2788.06..91416.36 rows=1055 width=49) (actual time=17.630..347.461 rows=38382 loops=3)
                                                  ->  Hash Join  (cost=2787.77..91076.03 rows=1105 width=40) (actual time=17.589..290.583 rows=38618 loops=3)
                                                        Hash Cond: (store_sales.ss_store_sk = store.s_store_sk)
                                                        ->  Hash Join  (cost=2786.42..91070.62 rows=1159 width=48) (actual time=17.518..284.303 rows=39093 loops=3)
                                                              Hash Cond: (store_sales.ss_hdemo_sk = household_demographics.hd_demo_sk)
                                                              ->  Hash Join  (cost=2595.92..90867.35 rows=4862 width=56) (actual time=16.163..267.978 rows=159776 loops=3)
                                                                    Hash Cond: (store_sales.ss_sold_date_sk = date_dim.d_date_sk)
                                                                    ->  Parallel Seq Scan on store_sales  (cost=0.00..85123.48 rows=1199148 width=64) (actual time=0.013..123.337 rows=959309 loops=3)
                                                                    ->  Hash  (cost=2592.05..2592.05 rows=310 width=8) (actual time=16.130..16.131 rows=314 loops=3)
                                                                          Buckets: 1024  Batches: 1  Memory Usage: 21kB
                                                                          ->  Seq Scan on date_dim  (cost=0.00..2592.05 rows=310 width=8) (actual time=7.557..16.087 rows=314 loops=3)
                                                                                Filter: ((d_dow = ANY ('{6,0}'::integer[])) AND (d_year = ANY ('{1999,2000,2001}'::integer[])))
                                                                                Rows Removed by Filter: 72735
                                                              ->  Hash  (cost=168.00..168.00 rows=1800 width=8) (actual time=1.314..1.314 rows=1800 loops=3)
                                                                    Buckets: 2048  Batches: 1  Memory Usage: 87kB
                                                                    ->  Seq Scan on household_demographics  (cost=0.00..168.00 rows=1800 width=8) (actual time=0.128..1.103 rows=1800 loops=3)
                                                                          Filter: ((hd_dep_count = 6) OR (hd_vehicle_count = '-1'::integer))
                                                                          Rows Removed by Filter: 5400
                                                        ->  Hash  (cost=1.20..1.20 rows=12 width=8) (actual time=0.039..0.039 rows=12 loops=3)
                                                              Buckets: 1024  Batches: 1  Memory Usage: 9kB
                                                              ->  Seq Scan on store  (cost=0.00..1.20 rows=12 width=8) (actual time=0.030..0.034 rows=12 loops=3)
                                                                    Filter: ((s_city)::text = ANY ('{Midway,Fairview,Fairview,Midway,Midway}'::text[]))
                                                  ->  Index Scan using pk_customer_address on customer_address  (cost=0.29..0.31 rows=1 width=17) (actual time=0.001..0.001 rows=1 loops=115853)
                                                        Index Cond: (ca_address_sk = store_sales.ss_addr_sk)
                    ->  Index Scan using pk_customer on customer  (cost=0.29..1.20 rows=1 width=68) (actual time=0.002..0.002 rows=1 loops=10851)
                          Index Cond: (c_customer_sk = store_sales.ss_customer_sk)
              ->  Index Scan using pk_customer_address on customer_address current_addr  (cost=0.29..0.32 rows=1 width=17) (actual time=0.001..0.001 rows=1 loops=10488)
                    Index Cond: (ca_address_sk = customer.c_current_addr_sk)
          c_last_name           |     c_first_name     |    ca_city    |   bought_city   | ss_ticket_number |        amt         |       profit        
--------------------------------+----------------------+---------------+-----------------+------------------+--------------------+---------------------
 Aaron                          | Ann                  | Oak Ridge     | Newtown         |           188049 | 1992.3199999999997 |             -3204.7
 Aaron                          | Mozell               | Centerville   | Pleasant Hill   |           164191 |            1375.67 |            -8393.82
 Aaron                          | Randal               | Providence    | Montpelier      |           122497 |             136.65 |           -13369.88
 Abbott                         | Annette              | Five Forks    | Bridgeport      |           125972 | 1823.9499999999998 |            -11002.6
 Abbott                         | Gina                 | Caledonia     | Four Points     |           229124 |            4285.65 |  -5821.099999999999
 Abbott                         | Henrietta            | Oak Grove     | Duncan          |           166660 |            3752.05 | -11106.939999999999
 Abbott                         | Sandra               | Oak Grove     | Sunnyside       |            85286 | 1370.3799999999999 |  -887.7999999999996
 Abell                          | Nicole               | Greenfield    | Lebanon         |           215842 | 1811.8700000000001 | -19332.320000000003
 Abell                          | Nicole               | Greenfield    | Waterloo        |           126297 | 3248.5299999999997 |            -9926.01
 Abner                          | Travis               | Florence      | Mount Vernon    |           173653 |  556.6700000000001 |  2773.5700000000006
 Abney                          | Charles              | Ashland       | Lakewood        |            40546 |            2035.25 | -15750.630000000001
 Abney                          | Cynthia              | Lebanon       | Wildwood        |            77336 |            1464.81 |            -8323.99
 Abrams                         | Jennifer             | Green Acres   | New Hope        |           176518 |            4082.13 |  179.70999999999998
 Acevedo                        | Paula                | Spring Hill   | Summit          |            35777 | 1829.8200000000002 |           -10273.34
 Acker                          | Eric                 | Ruth          | Belmont         |            50190 |           13634.35 | -17234.580000000005
 Ackerman                       | Toya                 | Cedar Grove   | Woodland        |           221582 |            3344.96 |           -14300.48
 Ackerman                       | William              | Brownsville   | Hamilton        |           206199 |            3341.62 |  227.73000000000013
 Acosta                         | Amanda               | Morris        | Jamestown       |            95578 |                  0 |  -899.3899999999999
 Acosta                         | James                | Georgetown    | River Oaks      |           182973 | 1284.1399999999999 | -25893.710000000003
 Acosta                         | Leona                | Spring Hill   | Red Hill        |           178039 |            2613.96 |            -6464.99
 Acosta                         | Michael              | Stringtown    | Hopewell        |           165584 |           13100.97 |           -22543.91
 Acosta                         | Winston              | Concord       | Oak Ridge       |           222441 |            1404.84 |            -7822.54
 Acuna                          | Janice               | Bridgeport    | Walnut Grove    |           229387 |           12559.59 | -17306.129999999997
 Adair                          | Jesse                | Unionville    | Harmony         |            64098 |              26.78 |            -3417.93
 Adam                           | Erik                 | Springdale    | Millville       |           137951 |              422.5 |            -7277.93
 Adams                          | Arthur               | Waterloo      | Macedonia       |           234035 | 1705.0700000000002 |           -27068.93
 Adams                          | Barbara              | Glendale      | Midway          |           116358 |             305.57 |            -5603.55
 Adams                          | Charles              | Caledonia     | Valley View     |           117602 | 3134.2799999999997 |  -6309.530000000001
 Adams                          | David                | Lakewood      | Carter          |            69262 |            2195.44 |           -14000.26
 Adams                          | Doris                | Wildwood      | Brownsville     |            72286 | 5310.1900000000005 | -13836.010000000002
 Adams                          | Gregory              | Harmony       | Oak Hill        |           169864 |             372.64 |           -14513.15
 Adams                          | Jacqueline           | Stringtown    | Cedar Grove     |           228746 |            2725.29 |           -21773.22
 Adams                          | Jenny                | Harmony       | Cedar Grove     |            91598 |            1690.79 | -2864.6600000000003
 Adams                          | Jessica              | Five Forks    | Ruth            |           135813 |            6050.06 |            -8000.94
 Adams                          | Johnnie              | Glendale      | White Oak       |            55020 | 1923.9899999999998 |  3148.4399999999987
 Adams                          | Lillie               | Yorktown      | Macedonia       |            86719 |  925.5500000000001 |  -6670.790000000001
 Adams                          | Lois                 | Dallas        | Belmont         |            22388 |             214.66 |           -14165.46
 Adams                          | Michael              | Woodville     | Springdale      |            56222 |            1764.99 | -18526.089999999997
 Adams                          | Michelle             | Belmont       | Fairfield       |            58394 |              623.5 |  2184.0600000000004
 Adams                          | Norma                | Deerfield     | Unionville      |           151334 |                  0 | -1501.7099999999998
 Adams                          | Olivia               | Kingston      | Greenville      |            82896 |             984.86 |  -8626.310000000001
 Adams                          | Patsy                | Waterloo      | Fairbanks       |            87762 |                372 |            -4286.87
 Adams                          | Peggie               | Five Forks    | Maple Grove     |           174399 |               72.7 |            -3061.65
 Adams                          | Raquel               | Georgetown    | Wilson          |           236620 |            2755.92 | -13920.890000000001
 Adams                          | Raymond              | Newtown       | Providence      |           218352 |                  0 |  -8240.220000000001
 Adams                          | Richard              | Spring Valley | Georgetown      |           152407 |            1988.03 |            -6526.24
 Adams                          | Robert               | Liberty       | Pleasant Valley |            17093 |            1002.94 | -2222.8399999999997
 Adams                          | Tanya                | Cedar Grove   | Pleasant Hill   |           157144 |                  0 |  -437.3799999999992
 Adams                          | Wendell              | Spring Valley | Galena          |           110123 |  6210.219999999999 |            -8380.75
 Adams                          | Willie               | Georgetown    | Lebanon         |            94712 |              12.09 |            -5911.77
 Adamson                        | Bret                 | Mountain View | White Hall      |            29025 |            2121.11 |            -4488.42
 Adamson                        | Ola                  | Farmington    | Mount Zion      |            54484 |            6681.11 |            -2025.04
 Adamson                        | Philip               | Oakland       | Newtown         |             8542 |                1.4 |  -9113.050000000003
 Adcock                         | Rosa                 | Clinton       | Newport         |           147762 |            4780.21 | -19785.219999999998
 Addison                        | Alice                | Farmington    | Green Acres     |            27908 | 5261.4400000000005 | -16089.039999999999
 Addison                        | Hazel                | Arlington     | Edgewood        |           112724 |  636.0400000000001 | -11106.580000000002
 Adkins                         | Esther               | Woodlawn      | Five Forks      |           163617 |             901.77 |            -7175.92
 Adkins                         | Esther               | Woodlawn      | New Hope        |           225963 |            7114.71 |  -5036.560000000001
 Adkins                         | Fred                 | Five Points   | Spring Hill     |           236899 |             435.65 |            -8378.41
 Adkins                         | John                 | Lebanon       | Elba            |           153347 |            2097.33 |  -9723.660000000003
 Adler                          | Jose                 | Salem         | Summit          |           221911 | 1851.6100000000001 | -3889.4899999999993
 Aguiar                         | Delores              | Walnut Grove  | Greenfield      |            32449 |             219.18 |            -3587.51
 Aguilar                        | Clare                | Fairfield     | Point Pleasant  |            88518 |             105.12 | -6855.1500000000015
 Aguilar                        | John                 | Harmony       | Sunnyside       |           144421 |              177.9 | -1969.9400000000003
 Aguilar                        | Michael              | Forest Hills  | Fairfield       |            57595 | 15519.830000000002 |           -26445.77
 Aguilar                        | Steven               | Lebanon       | Liberty         |            17988 |             1926.4 |  -5660.889999999999
 Aguilera                       | Ethel                | Summit        | Wildwood        |           113597 |              87.52 |           -10219.85
 Aguirre                        | Delores              | Lenox         | Newport         |            23397 |             3996.3 |            -5579.87
 Aguirre                        | John                 | Oakwood       | Bethel          |           239197 | 141.22000000000003 |            -3304.53
 Ahern                          | Ella                 | Forestville   | Liberty         |           184587 |             6700.8 |           -15837.19
 Akins                          | Sam                  | Farmington    | Harmony         |            11617 |            1610.44 |           -14531.76
 Alba                           | Charlotte            | Oakwood       | Brownsville     |           202222 |             126.73 |  -7441.710000000001
 Albers                         | Emery                | Forest Hills  | Bethel          |           230406 | 1134.5300000000002 |           -13971.58
 Albert                         | Ashley               | Spring Valley | Woodville       |           212269 |            1598.81 |           -15269.91
 Albert                         | Dianne               | Ashland       | Westgate        |            26789 |             903.42 |            -9074.75
 Albert                         | Raymond              | Glenwood      | Newtown         |            99771 |             1554.5 |  -4170.219999999999
 Albert                         | Richard              | White Plains  | Wilton          |            89610 |                  0 | -11171.220000000001
 Albrecht                       | Faye                 | Red Hill      | Florence        |           219263 |            1968.84 |            -8496.31
 Albright                       | Harvey               | Walnut Grove  | Newport         |           161946 |  7774.620000000001 |           -13140.41
 Albright                       | Sarah                | Woodland      | Greenwood       |            95010 |            1987.85 |  -5678.589999999999
 Alcorn                         | John                 | Oak Hill      | Wilson          |             3259 |            5926.49 |  -6632.560000000001
 Aldrich                        | Angelia              | Five Forks    | Florence        |            18882 |            1911.44 |             -3977.6
 Aldrich                        | Karen                | Oakwood       | Belmont         |           203913 |            1029.44 | -1152.1299999999992
 Aldrich                        | Yolanda              | Oak Hill      | Belleview       |            49863 |                  0 |             -6201.5
 Aldridge                       | Frieda               | Edgewood      | Pine Grove      |            97523 |            3172.62 |           -13496.55
 Aleman                         | Jesus                | Hamilton      | Green Acres     |           220881 |              26.57 | -2681.1099999999997
 Alexander                      | Carl                 | Wildwood      | Lincoln         |           124075 |             378.89 |   951.5400000000003
 Alexander                      | Carole               | Ferguson      | Sulphur Springs |            71208 | 7709.5599999999995 |           -16862.77
 Alexander                      | Gerald               | Bridgeport    | Highland Park   |            51204 | 2829.8199999999997 | -14325.199999999999
 Alexander                      | James                | Greenfield    | Bridgeport      |             7087 | 2451.5899999999997 |           -10572.62
 Alexander                      | Nancy                | Sunnyside     | Mount Pleasant  |            57479 |            5649.77 | -27359.079999999998
 Alexander                      | Nathan               | Five Points   | Forest Hills    |            41190 |             436.74 |            -9507.89
 Alexander                      | Rosalee              | Springdale    | Oak Ridge       |           120302 |             776.85 |            -8256.33
 Alexander                      | Thomas               | Glenwood      | Fairview        |            33717 |            2314.54 |            -4141.16
 Alexander                      | Tiffany              | Lakewood      | Bayside         |           126295 |            1943.64 |  -5438.139999999999
 Alexander                      | Tiffany              | Lakewood      | Crossroads      |            70316 |             115.74 |            -2295.37
 Alexander                      | Virginia             | Cedar Grove   | Bethel          |            80366 |             198.69 |  -961.6700000000003
 Alford                         | Debra                | Brownsville   | Clark           |            36990 |             450.06 |  -5181.389999999999
 Alford                         | Jorge                | Pine Grove    | Saint Johns     |           221800 |                  0 |            -8391.44
 Alford                         | Rita                 | Riceville     | Greendale       |            52296 |             404.58 |            -2282.48
(100 rows)

UPDATE time_statistics SET e_time = TRANSACTION_TIMESTAMP() WHERE template = 'query46.tpl' AND stream = 3;
psql:/tmp/s1-basline/throughput/query_3.sql:2227: NOTICE:  duration: 0.054 ms  plan:
Query Text: UPDATE time_statistics SET e_time = TRANSACTION_TIMESTAMP() WHERE template = 'query46.tpl' AND stream = 3;
Update on time_statistics  (cost=0.00..7.29 rows=0 width=0) (actual time=0.054..0.054 rows=0 loops=1)
  ->  Seq Scan on time_statistics  (cost=0.00..7.29 rows=1 width=14) (actual time=0.035..0.039 rows=1 loops=1)
        Filter: ((template = 'query46.tpl'::text) AND (stream = 3))
        Rows Removed by Filter: 229
UPDATE 1
LOAD 'auto_explain'; SET auto_explain.log_min_duration TO 0; SET auto_explain.log_analyze TO on; SET auto_explain.log_level TO notice; INSERT INTO time_statistics (template, s_time, stream, query, seed) VALUES ('query41.tpl', TRANSACTION_TIMESTAMP(), 3, 44, 1470855230);
LOAD
SET
SET
SET
psql:/tmp/s1-basline/throughput/query_3.sql:2228: NOTICE:  duration: 0.009 ms  plan:
Query Text: INSERT INTO time_statistics (template, s_time, stream, query, seed) VALUES ('query41.tpl', TRANSACTION_TIMESTAMP(), 3, 44, 1470855230);
Insert on time_statistics  (cost=0.00..0.01 rows=0 width=0) (actual time=0.009..0.009 rows=0 loops=1)
  ->  Result  (cost=0.00..0.01 rows=1 width=64) (actual time=0.001..0.002 rows=1 loops=1)
INSERT 0 1
select  distinct(i_product_name)
 from item i1
 where i_manufact_id between 825 and 825+40 
   and (select count(*) as item_cnt
        from item
        where (i_manufact = i1.i_manufact and
        ((i_category = 'Women' and 
        (i_color = 'deep' or i_color = 'papaya') and 
        (i_units = 'Each' or i_units = 'Dozen') and
        (i_size = 'small' or i_size = 'petite')
        ) or
        (i_category = 'Women' and
        (i_color = 'magenta' or i_color = 'red') and
        (i_units = 'Dram' or i_units = 'Bunch') and
        (i_size = 'large' or i_size = 'N/A')
        ) or
        (i_category = 'Men' and
        (i_color = 'blanched' or i_color = 'moccasin') and
        (i_units = 'Lb' or i_units = 'Ton') and
        (i_size = 'extra large' or i_size = 'medium')
        ) or
        (i_category = 'Men' and
        (i_color = 'maroon' or i_color = 'orange') and
        (i_units = 'N/A' or i_units = 'Ounce') and
        (i_size = 'small' or i_size = 'petite')
        ))) or
       (i_manufact = i1.i_manufact and
        ((i_category = 'Women' and 
        (i_color = 'ghost' or i_color = 'smoke') and 
        (i_units = 'Carton' or i_units = 'Tsp') and
        (i_size = 'small' or i_size = 'petite')
        ) or
        (i_category = 'Women' and
        (i_color = 'khaki' or i_color = 'linen') and
        (i_units = 'Gross' or i_units = 'Pound') and
        (i_size = 'large' or i_size = 'N/A')
        ) or
        (i_category = 'Men' and
        (i_color = 'salmon' or i_color = 'misty') and
        (i_units = 'Bundle' or i_units = 'Cup') and
        (i_size = 'extra large' or i_size = 'medium')
        ) or
        (i_category = 'Men' and
        (i_color = 'lace' or i_color = 'azure') and
        (i_units = 'Tbl' or i_units = 'Oz') and
        (i_size = 'small' or i_size = 'petite')
        )))) > 0
 order by i_product_name
 limit 100;
psql:/tmp/s1-basline/throughput/query_3.sql:2277: NOTICE:  duration: 986.749 ms  plan:
Query Text: select  distinct(i_product_name)
 from item i1
 where i_manufact_id between 825 and 825+40 
   and (select count(*) as item_cnt
        from item
        where (i_manufact = i1.i_manufact and
        ((i_category = 'Women' and 
        (i_color = 'deep' or i_color = 'papaya') and 
        (i_units = 'Each' or i_units = 'Dozen') and
        (i_size = 'small' or i_size = 'petite')
        ) or
        (i_category = 'Women' and
        (i_color = 'magenta' or i_color = 'red') and
        (i_units = 'Dram' or i_units = 'Bunch') and
        (i_size = 'large' or i_size = 'N/A')
        ) or
        (i_category = 'Men' and
        (i_color = 'blanched' or i_color = 'moccasin') and
        (i_units = 'Lb' or i_units = 'Ton') and
        (i_size = 'extra large' or i_size = 'medium')
        ) or
        (i_category = 'Men' and
        (i_color = 'maroon' or i_color = 'orange') and
        (i_units = 'N/A' or i_units = 'Ounce') and
        (i_size = 'small' or i_size = 'petite')
        ))) or
       (i_manufact = i1.i_manufact and
        ((i_category = 'Women' and 
        (i_color = 'ghost' or i_color = 'smoke') and 
        (i_units = 'Carton' or i_units = 'Tsp') and
        (i_size = 'small' or i_size = 'petite')
        ) or
        (i_category = 'Women' and
        (i_color = 'khaki' or i_color = 'linen') and
        (i_units = 'Gross' or i_units = 'Pound') and
        (i_size = 'large' or i_size = 'N/A')
        ) or
        (i_category = 'Men' and
        (i_color = 'salmon' or i_color = 'misty') and
        (i_units = 'Bundle' or i_units = 'Cup') and
        (i_size = 'extra large' or i_size = 'medium')
        ) or
        (i_category = 'Men' and
        (i_color = 'lace' or i_color = 'azure') and
        (i_units = 'Tbl' or i_units = 'Oz') and
        (i_size = 'small' or i_size = 'petite')
        )))) > 0
 order by i_product_name
 limit 100;
Limit  (cost=72019798.34..72019798.71 rows=75 width=51) (actual time=986.746..986.748 rows=0 loops=1)
  ->  Unique  (cost=72019798.34..72019798.71 rows=75 width=51) (actual time=986.746..986.747 rows=0 loops=1)
        ->  Sort  (cost=72019798.34..72019798.52 rows=75 width=51) (actual time=986.745..986.746 rows=0 loops=1)
              Sort Key: i1.i_product_name
              Sort Method: quicksort  Memory: 25kB
              ->  Seq Scan on item i1  (cost=0.00..72019796.00 rows=75 width=51) (actual time=986.741..986.741 rows=0 loops=1)
                    Filter: ((i_manufact_id >= 825) AND (i_manufact_id <= 865) AND ((SubPlan 1) > 0))
                    Rows Removed by Filter: 18000
                    SubPlan 1
                      ->  Aggregate  (cost=4001.00..4001.01 rows=1 width=8) (actual time=4.706..4.706 rows=1 loops=209)
                            ->  Seq Scan on item  (cost=0.00..4001.00 rows=1 width=0) (actual time=4.705..4.705 rows=0 loops=209)
                                  Filter: ((i_manufact = i1.i_manufact) AND (((i_category = 'Women'::bpchar) AND ((i_color = 'deep'::bpchar) OR (i_color = 'papaya'::bpchar)) AND ((i_units = 'Each'::bpchar) OR (i_units = 'Dozen'::bpchar)) AND ((i_size = 'small'::bpchar) OR (i_size = 'petite'::bpchar))) OR ((i_category = 'Women'::bpchar) AND ((i_color = 'magenta'::bpchar) OR (i_color = 'red'::bpchar)) AND ((i_units = 'Dram'::bpchar) OR (i_units = 'Bunch'::bpchar)) AND ((i_size = 'large'::bpchar) OR (i_size = 'N/A'::bpchar))) OR ((i_category = 'Men'::bpchar) AND ((i_color = 'blanched'::bpchar) OR (i_color = 'moccasin'::bpchar)) AND ((i_units = 'Lb'::bpchar) OR (i_units = 'Ton'::bpchar)) AND ((i_size = 'extra large'::bpchar) OR (i_size = 'medium'::bpchar))) OR ((i_category = 'Men'::bpchar) AND ((i_color = 'maroon'::bpchar) OR (i_color = 'orange'::bpchar)) AND ((i_units = 'N/A'::bpchar) OR (i_units = 'Ounce'::bpchar)) AND ((i_size = 'small'::bpchar) OR (i_size = 'petite'::bpchar))) OR ((i_category = 'Women'::bpchar) AND ((i_color = 'ghost'::bpchar) OR (i_color = 'smoke'::bpchar)) AND ((i_units = 'Carton'::bpchar) OR (i_units = 'Tsp'::bpchar)) AND ((i_size = 'small'::bpchar) OR (i_size = 'petite'::bpchar))) OR ((i_category = 'Women'::bpchar) AND ((i_color = 'khaki'::bpchar) OR (i_color = 'linen'::bpchar)) AND ((i_units = 'Gross'::bpchar) OR (i_units = 'Pound'::bpchar)) AND ((i_size = 'large'::bpchar) OR (i_size = 'N/A'::bpchar))) OR ((i_category = 'Men'::bpchar) AND ((i_color = 'salmon'::bpchar) OR (i_color = 'misty'::bpchar)) AND ((i_units = 'Bundle'::bpchar) OR (i_units = 'Cup'::bpchar)) AND ((i_size = 'extra large'::bpchar) OR (i_size = 'medium'::bpchar))) OR ((i_category = 'Men'::bpchar) AND ((i_color = 'lace'::bpchar) OR (i_color = 'azure'::bpchar)) AND ((i_units = 'Tbl'::bpchar) OR (i_units = 'Oz'::bpchar)) AND ((i_size = 'small'::bpchar) OR (i_size = 'petite'::bpchar)))))
                                  Rows Removed by Filter: 18000
 i_product_name 
----------------
(0 rows)

UPDATE time_statistics SET e_time = TRANSACTION_TIMESTAMP() WHERE template = 'query41.tpl' AND stream = 3;
psql:/tmp/s1-basline/throughput/query_3.sql:2279: NOTICE:  duration: 0.050 ms  plan:
Query Text: UPDATE time_statistics SET e_time = TRANSACTION_TIMESTAMP() WHERE template = 'query41.tpl' AND stream = 3;
Update on time_statistics  (cost=0.00..7.29 rows=0 width=0) (actual time=0.050..0.050 rows=0 loops=1)
  ->  Seq Scan on time_statistics  (cost=0.00..7.29 rows=1 width=14) (actual time=0.033..0.037 rows=1 loops=1)
        Filter: ((template = 'query41.tpl'::text) AND (stream = 3))
        Rows Removed by Filter: 230
UPDATE 1
LOAD 'auto_explain'; SET auto_explain.log_min_duration TO 0; SET auto_explain.log_analyze TO on; SET auto_explain.log_level TO notice; INSERT INTO time_statistics (template, s_time, stream, query, seed) VALUES ('query59.tpl', TRANSACTION_TIMESTAMP(), 3, 45, 979589993);
LOAD
SET
SET
SET
psql:/tmp/s1-basline/throughput/query_3.sql:2280: NOTICE:  duration: 0.009 ms  plan:
Query Text: INSERT INTO time_statistics (template, s_time, stream, query, seed) VALUES ('query59.tpl', TRANSACTION_TIMESTAMP(), 3, 45, 979589993);
Insert on time_statistics  (cost=0.00..0.01 rows=0 width=0) (actual time=0.008..0.009 rows=0 loops=1)
  ->  Result  (cost=0.00..0.01 rows=1 width=64) (actual time=0.001..0.002 rows=1 loops=1)
INSERT 0 1
with wss as 
 (select d_week_seq,
        ss_store_sk,
        sum(case when (d_day_name='Sunday') then ss_sales_price else null end) sun_sales,
        sum(case when (d_day_name='Monday') then ss_sales_price else null end) mon_sales,
        sum(case when (d_day_name='Tuesday') then ss_sales_price else  null end) tue_sales,
        sum(case when (d_day_name='Wednesday') then ss_sales_price else null end) wed_sales,
        sum(case when (d_day_name='Thursday') then ss_sales_price else null end) thu_sales,
        sum(case when (d_day_name='Friday') then ss_sales_price else null end) fri_sales,
        sum(case when (d_day_name='Saturday') then ss_sales_price else null end) sat_sales
 from store_sales,date_dim
 where d_date_sk = ss_sold_date_sk
 group by d_week_seq,ss_store_sk
 )
  select  s_store_name1,s_store_id1,d_week_seq1
       ,sun_sales1/sun_sales2,mon_sales1/mon_sales2
       ,tue_sales1/tue_sales2,wed_sales1/wed_sales2,thu_sales1/thu_sales2
       ,fri_sales1/fri_sales2,sat_sales1/sat_sales2
 from
 (select s_store_name s_store_name1,wss.d_week_seq d_week_seq1
        ,s_store_id s_store_id1,sun_sales sun_sales1
        ,mon_sales mon_sales1,tue_sales tue_sales1
        ,wed_sales wed_sales1,thu_sales thu_sales1
        ,fri_sales fri_sales1,sat_sales sat_sales1
  from wss,store,date_dim d
  where d.d_week_seq = wss.d_week_seq and
        ss_store_sk = s_store_sk and 
        d_month_seq between 1184 and 1184 + 11) y,
 (select s_store_name s_store_name2,wss.d_week_seq d_week_seq2
        ,s_store_id s_store_id2,sun_sales sun_sales2
        ,mon_sales mon_sales2,tue_sales tue_sales2
        ,wed_sales wed_sales2,thu_sales thu_sales2
        ,fri_sales fri_sales2,sat_sales sat_sales2
  from wss,store,date_dim d
  where d.d_week_seq = wss.d_week_seq and
        ss_store_sk = s_store_sk and 
        d_month_seq between 1184+ 12 and 1184 + 23) x
 where s_store_id1=s_store_id2
   and d_week_seq1=d_week_seq2-52
 order by s_store_name1,s_store_id1,d_week_seq1
limit 100;
psql:/tmp/s1-basline/throughput/query_3.sql:2321: NOTICE:  duration: 910.593 ms  plan:
Query Text: with wss as 
 (select d_week_seq,
        ss_store_sk,
        sum(case when (d_day_name='Sunday') then ss_sales_price else null end) sun_sales,
        sum(case when (d_day_name='Monday') then ss_sales_price else null end) mon_sales,
        sum(case when (d_day_name='Tuesday') then ss_sales_price else  null end) tue_sales,
        sum(case when (d_day_name='Wednesday') then ss_sales_price else null end) wed_sales,
        sum(case when (d_day_name='Thursday') then ss_sales_price else null end) thu_sales,
        sum(case when (d_day_name='Friday') then ss_sales_price else null end) fri_sales,
        sum(case when (d_day_name='Saturday') then ss_sales_price else null end) sat_sales
 from store_sales,date_dim
 where d_date_sk = ss_sold_date_sk
 group by d_week_seq,ss_store_sk
 )
  select  s_store_name1,s_store_id1,d_week_seq1
       ,sun_sales1/sun_sales2,mon_sales1/mon_sales2
       ,tue_sales1/tue_sales2,wed_sales1/wed_sales2,thu_sales1/thu_sales2
       ,fri_sales1/fri_sales2,sat_sales1/sat_sales2
 from
 (select s_store_name s_store_name1,wss.d_week_seq d_week_seq1
        ,s_store_id s_store_id1,sun_sales sun_sales1
        ,mon_sales mon_sales1,tue_sales tue_sales1
        ,wed_sales wed_sales1,thu_sales thu_sales1
        ,fri_sales fri_sales1,sat_sales sat_sales1
  from wss,store,date_dim d
  where d.d_week_seq = wss.d_week_seq and
        ss_store_sk = s_store_sk and 
        d_month_seq between 1184 and 1184 + 11) y,
 (select s_store_name s_store_name2,wss.d_week_seq d_week_seq2
        ,s_store_id s_store_id2,sun_sales sun_sales2
        ,mon_sales mon_sales2,tue_sales tue_sales2
        ,wed_sales wed_sales2,thu_sales thu_sales2
        ,fri_sales fri_sales2,sat_sales sat_sales2
  from wss,store,date_dim d
  where d.d_week_seq = wss.d_week_seq and
        ss_store_sk = s_store_sk and 
        d_month_seq between 1184+ 12 and 1184 + 23) x
 where s_store_id1=s_store_id2
   and d_week_seq1=d_week_seq2-52
 order by s_store_name1,s_store_id1,d_week_seq1
limit 100;
Limit  (cost=162699.04..162699.04 rows=1 width=82) (actual time=910.336..910.489 rows=100 loops=1)
  CTE wss
    ->  Finalize HashAggregate  (cost=154089.20..154714.46 rows=62526 width=68) (actual time=761.091..761.897 rows=1834 loops=1)
          Group Key: date_dim.d_week_seq, store_sales.ss_store_sk
          Batches: 1  Memory Usage: 3601kB
          ->  Gather  (cost=138145.07..151275.53 rows=125052 width=68) (actual time=757.877..759.473 rows=5502 loops=1)
                Workers Planned: 2
                Workers Launched: 2
                ->  Partial HashAggregate  (cost=137145.07..137770.33 rows=62526 width=68) (actual time=752.428..753.082 rows=1834 loops=3)
                      Group Key: date_dim.d_week_seq, store_sales.ss_store_sk
                      Batches: 1  Memory Usage: 3601kB
                      Worker 0:  Batches: 1  Memory Usage: 3601kB
                      Worker 1:  Batches: 1  Memory Usage: 3601kB
                      ->  Hash Join  (cost=3048.60..91320.03 rows=1145626 width=30) (actual time=29.227..409.828 rows=916119 loops=3)
                            Hash Cond: (store_sales.ss_sold_date_sk = date_dim.d_date_sk)
                            ->  Parallel Seq Scan on store_sales  (cost=0.00..85123.48 rows=1199148 width=24) (actual time=0.015..129.442 rows=959309 loops=3)
                            ->  Hash  (cost=2135.49..2135.49 rows=73049 width=22) (actual time=28.815..28.815 rows=73049 loops=3)
                                  Buckets: 131072  Batches: 1  Memory Usage: 5019kB
                                  ->  Seq Scan on date_dim  (cost=0.00..2135.49 rows=73049 width=22) (actual time=0.021..17.256 rows=73049 loops=3)
  ->  Sort  (cost=7984.58..7984.59 rows=1 width=82) (actual time=910.335..910.341 rows=100 loops=1)
        Sort Key: store.s_store_name, store.s_store_id, wss.d_week_seq
        Sort Method: top-N heapsort  Memory: 47kB
        ->  Nested Loop  (cost=3971.69..7984.57 rows=1 width=82) (actual time=776.369..906.286 rows=15264 loops=1)
              Join Filter: (wss_1.d_week_seq = d_1.d_week_seq)
              Rows Removed by Join Filter: 786276
              ->  Seq Scan on date_dim d_1  (cost=0.00..2500.73 rows=348 width=4) (actual time=3.895..6.896 rows=366 loops=1)
                    Filter: ((d_month_seq >= 1196) AND (d_month_seq <= 1207))
                    Rows Removed by Filter: 72683
              ->  Materialize  (cost=3971.69..5436.86 rows=9 width=142) (actual time=2.109..2.192 rows=2190 loops=366)
                    ->  Hash Join  (cost=3971.69..5436.82 rows=9 width=142) (actual time=771.694..772.797 rows=2190 loops=1)
                          Hash Cond: (((wss_1.d_week_seq - 52) = d.d_week_seq) AND (store_1.s_store_id = store.s_store_id))
                          ->  Hash Join  (cost=1.27..1419.40 rows=3752 width=77) (actual time=761.114..761.599 rows=1572 loops=1)
                                Hash Cond: (wss_1.ss_store_sk = store_1.s_store_sk)
                                ->  CTE Scan on wss wss_1  (cost=0.00..1250.52 rows=62526 width=68) (actual time=761.094..761.212 rows=1834 loops=1)
                                ->  Hash  (cost=1.12..1.12 rows=12 width=25) (actual time=0.011..0.012 rows=12 loops=1)
                                      Buckets: 1024  Batches: 1  Memory Usage: 9kB
                                      ->  Seq Scan on store store_1  (cost=0.00..1.12 rows=12 width=25) (actual time=0.007..0.008 rows=12 loops=1)
                          ->  Hash  (cost=3968.40..3968.40 rows=135 width=86) (actual time=10.568..10.569 rows=2190 loops=1)
                                Buckets: 4096 (originally 1024)  Batches: 1 (originally 1)  Memory Usage: 298kB
                                ->  Hash Join  (cost=2506.70..3968.40 rows=135 width=86) (actual time=8.036..10.037 rows=2190 loops=1)
                                      Hash Cond: (wss.d_week_seq = d.d_week_seq)
                                      ->  Hash Join  (cost=1.27..1419.40 rows=3752 width=82) (actual time=0.010..1.656 rows=1572 loops=1)
                                            Hash Cond: (wss.ss_store_sk = store.s_store_sk)
                                            ->  CTE Scan on wss  (cost=0.00..1250.52 rows=62526 width=68) (actual time=0.001..1.272 rows=1834 loops=1)
                                            ->  Hash  (cost=1.12..1.12 rows=12 width=30) (actual time=0.006..0.006 rows=12 loops=1)
                                                  Buckets: 1024  Batches: 1  Memory Usage: 9kB
                                                  ->  Seq Scan on store  (cost=0.00..1.12 rows=12 width=30) (actual time=0.002..0.003 rows=12 loops=1)
                                      ->  Hash  (cost=2500.73..2500.73 rows=376 width=4) (actual time=8.019..8.020 rows=365 loops=1)
                                            Buckets: 1024  Batches: 1  Memory Usage: 21kB
                                            ->  Seq Scan on date_dim d  (cost=0.00..2500.73 rows=376 width=4) (actual time=3.773..7.981 rows=365 loops=1)
                                                  Filter: ((d_month_seq >= 1184) AND (d_month_seq <= 1195))
                                                  Rows Removed by Filter: 72684
 s_store_name1 |   s_store_id1    | d_week_seq1 |      ?column?      |      ?column?      |      ?column?      |      ?column?      |      ?column?      |      ?column?      |      ?column?      
---------------+------------------+-------------+--------------------+--------------------+--------------------+--------------------+--------------------+--------------------+--------------------
 able          | AAAAAAAACAAAAAAA |        5149 | 1.1659538039567585 | 1.2814873546867531 | 1.1287459337931545 |  0.918190922328607 | 0.9759402978830226 | 0.7718693526193072 | 1.0240899374086578
 able          | AAAAAAAACAAAAAAA |        5149 | 1.1659538039567585 | 1.2814873546867531 | 1.1287459337931545 |  0.918190922328607 | 0.9759402978830226 | 0.7718693526193072 | 1.0240899374086578
 able          | AAAAAAAACAAAAAAA |        5149 | 1.1659538039567585 | 1.2814873546867531 | 1.1287459337931545 |  0.918190922328607 | 0.9759402978830226 | 0.7718693526193072 | 1.0240899374086578
 able          | AAAAAAAACAAAAAAA |        5149 | 1.1659538039567585 | 1.2814873546867531 | 1.1287459337931545 |  0.918190922328607 | 0.9759402978830226 | 0.7718693526193072 | 1.0240899374086578
 able          | AAAAAAAACAAAAAAA |        5149 | 1.1659538039567585 | 1.2814873546867531 | 1.1287459337931545 |  0.918190922328607 | 0.9759402978830226 | 0.7718693526193072 | 1.0240899374086578
 able          | AAAAAAAACAAAAAAA |        5149 | 1.1659538039567585 | 1.2814873546867531 | 1.1287459337931545 |  0.918190922328607 | 0.9759402978830226 | 0.7718693526193072 | 1.0240899374086578
 able          | AAAAAAAACAAAAAAA |        5149 | 1.1659538039567585 | 1.2814873546867531 | 1.1287459337931545 |  0.918190922328607 | 0.9759402978830226 | 0.7718693526193072 | 1.0240899374086578
 able          | AAAAAAAACAAAAAAA |        5149 | 1.1659538039567585 | 1.2814873546867531 | 1.1287459337931545 |  0.918190922328607 | 0.9759402978830226 | 0.7718693526193072 | 1.0240899374086578
 able          | AAAAAAAACAAAAAAA |        5149 | 1.1659538039567585 | 1.2814873546867531 | 1.1287459337931545 |  0.918190922328607 | 0.9759402978830226 | 0.7718693526193072 | 1.0240899374086578
 able          | AAAAAAAACAAAAAAA |        5149 | 1.1659538039567585 | 1.2814873546867531 | 1.1287459337931545 |  0.918190922328607 | 0.9759402978830226 | 0.7718693526193072 | 1.0240899374086578
 able          | AAAAAAAACAAAAAAA |        5149 | 1.1659538039567585 | 1.2814873546867531 | 1.1287459337931545 |  0.918190922328607 | 0.9759402978830226 | 0.7718693526193072 | 1.0240899374086578
 able          | AAAAAAAACAAAAAAA |        5149 | 1.1659538039567585 | 1.2814873546867531 | 1.1287459337931545 |  0.918190922328607 | 0.9759402978830226 | 0.7718693526193072 | 1.0240899374086578
 able          | AAAAAAAACAAAAAAA |        5149 | 1.1659538039567585 | 1.2814873546867531 | 1.1287459337931545 |  0.918190922328607 | 0.9759402978830226 | 0.7718693526193072 | 1.0240899374086578
 able          | AAAAAAAACAAAAAAA |        5149 | 1.1659538039567585 | 1.2814873546867531 | 1.1287459337931545 |  0.918190922328607 | 0.9759402978830226 | 0.7718693526193072 | 1.0240899374086578
 able          | AAAAAAAACAAAAAAA |        5149 | 1.1659538039567585 | 1.2814873546867531 | 1.1287459337931545 |  0.918190922328607 | 0.9759402978830226 | 0.7718693526193072 | 1.0240899374086578
 able          | AAAAAAAACAAAAAAA |        5149 | 1.1659538039567585 | 1.2814873546867531 | 1.1287459337931545 |  0.918190922328607 | 0.9759402978830226 | 0.7718693526193072 | 1.0240899374086578
 able          | AAAAAAAACAAAAAAA |        5149 | 1.1659538039567585 | 1.2814873546867531 | 1.1287459337931545 |  0.918190922328607 | 0.9759402978830226 | 0.7718693526193072 | 1.0240899374086578
 able          | AAAAAAAACAAAAAAA |        5149 | 1.1659538039567585 | 1.2814873546867531 | 1.1287459337931545 |  0.918190922328607 | 0.9759402978830226 | 0.7718693526193072 | 1.0240899374086578
 able          | AAAAAAAACAAAAAAA |        5149 | 1.1659538039567585 | 1.2814873546867531 | 1.1287459337931545 |  0.918190922328607 | 0.9759402978830226 | 0.7718693526193072 | 1.0240899374086578
 able          | AAAAAAAACAAAAAAA |        5149 | 1.1659538039567585 | 1.2814873546867531 | 1.1287459337931545 |  0.918190922328607 | 0.9759402978830226 | 0.7718693526193072 | 1.0240899374086578
 able          | AAAAAAAACAAAAAAA |        5149 | 1.1659538039567585 | 1.2814873546867531 | 1.1287459337931545 |  0.918190922328607 | 0.9759402978830226 | 0.7718693526193072 | 1.0240899374086578
 able          | AAAAAAAACAAAAAAA |        5149 | 1.1659538039567585 | 1.2814873546867531 | 1.1287459337931545 |  0.918190922328607 | 0.9759402978830226 | 0.7718693526193072 | 1.0240899374086578
 able          | AAAAAAAACAAAAAAA |        5149 | 1.1659538039567585 | 1.2814873546867531 | 1.1287459337931545 |  0.918190922328607 | 0.9759402978830226 | 0.7718693526193072 | 1.0240899374086578
 able          | AAAAAAAACAAAAAAA |        5149 | 1.1659538039567585 | 1.2814873546867531 | 1.1287459337931545 |  0.918190922328607 | 0.9759402978830226 | 0.7718693526193072 | 1.0240899374086578
 able          | AAAAAAAACAAAAAAA |        5149 | 1.1659538039567585 | 1.2814873546867531 | 1.1287459337931545 |  0.918190922328607 | 0.9759402978830226 | 0.7718693526193072 | 1.0240899374086578
 able          | AAAAAAAACAAAAAAA |        5149 | 1.1659538039567585 | 1.2814873546867531 | 1.1287459337931545 |  0.918190922328607 | 0.9759402978830226 | 0.7718693526193072 | 1.0240899374086578
 able          | AAAAAAAACAAAAAAA |        5149 | 1.1659538039567585 | 1.2814873546867531 | 1.1287459337931545 |  0.918190922328607 | 0.9759402978830226 | 0.7718693526193072 | 1.0240899374086578
 able          | AAAAAAAACAAAAAAA |        5149 | 1.1659538039567585 | 1.2814873546867531 | 1.1287459337931545 |  0.918190922328607 | 0.9759402978830226 | 0.7718693526193072 | 1.0240899374086578
 able          | AAAAAAAACAAAAAAA |        5149 | 1.1659538039567585 | 1.2814873546867531 | 1.1287459337931545 |  0.918190922328607 | 0.9759402978830226 | 0.7718693526193072 | 1.0240899374086578
 able          | AAAAAAAACAAAAAAA |        5149 | 1.1659538039567585 | 1.2814873546867531 | 1.1287459337931545 |  0.918190922328607 | 0.9759402978830226 | 0.7718693526193072 | 1.0240899374086578
 able          | AAAAAAAACAAAAAAA |        5149 | 1.1659538039567585 | 1.2814873546867531 | 1.1287459337931545 |  0.918190922328607 | 0.9759402978830226 | 0.7718693526193072 | 1.0240899374086578
 able          | AAAAAAAACAAAAAAA |        5149 | 1.1659538039567585 | 1.2814873546867531 | 1.1287459337931545 |  0.918190922328607 | 0.9759402978830226 | 0.7718693526193072 | 1.0240899374086578
 able          | AAAAAAAACAAAAAAA |        5149 | 1.1659538039567585 | 1.2814873546867531 | 1.1287459337931545 |  0.918190922328607 | 0.9759402978830226 | 0.7718693526193072 | 1.0240899374086578
 able          | AAAAAAAACAAAAAAA |        5149 | 1.1659538039567585 | 1.2814873546867531 | 1.1287459337931545 |  0.918190922328607 | 0.9759402978830226 | 0.7718693526193072 | 1.0240899374086578
 able          | AAAAAAAACAAAAAAA |        5149 | 1.1659538039567585 | 1.2814873546867531 | 1.1287459337931545 |  0.918190922328607 | 0.9759402978830226 | 0.7718693526193072 | 1.0240899374086578
 able          | AAAAAAAACAAAAAAA |        5149 | 1.1659538039567585 | 1.2814873546867531 | 1.1287459337931545 |  0.918190922328607 | 0.9759402978830226 | 0.7718693526193072 | 1.0240899374086578
 able          | AAAAAAAACAAAAAAA |        5149 | 1.1659538039567585 | 1.2814873546867531 | 1.1287459337931545 |  0.918190922328607 | 0.9759402978830226 | 0.7718693526193072 | 1.0240899374086578
 able          | AAAAAAAACAAAAAAA |        5149 | 1.1659538039567585 | 1.2814873546867531 | 1.1287459337931545 |  0.918190922328607 | 0.9759402978830226 | 0.7718693526193072 | 1.0240899374086578
 able          | AAAAAAAACAAAAAAA |        5149 | 1.1659538039567585 | 1.2814873546867531 | 1.1287459337931545 |  0.918190922328607 | 0.9759402978830226 | 0.7718693526193072 | 1.0240899374086578
 able          | AAAAAAAACAAAAAAA |        5149 | 1.1659538039567585 | 1.2814873546867531 | 1.1287459337931545 |  0.918190922328607 | 0.9759402978830226 | 0.7718693526193072 | 1.0240899374086578
 able          | AAAAAAAACAAAAAAA |        5149 | 1.1659538039567585 | 1.2814873546867531 | 1.1287459337931545 |  0.918190922328607 | 0.9759402978830226 | 0.7718693526193072 | 1.0240899374086578
 able          | AAAAAAAACAAAAAAA |        5149 | 1.1659538039567585 | 1.2814873546867531 | 1.1287459337931545 |  0.918190922328607 | 0.9759402978830226 | 0.7718693526193072 | 1.0240899374086578
 able          | AAAAAAAACAAAAAAA |        5150 | 0.8731722302595147 |  1.267380928757086 | 0.5819720999571139 | 1.0194294988375547 | 0.9480125097076171 | 1.6152898717721116 |  1.181898971085678
 able          | AAAAAAAACAAAAAAA |        5150 | 0.8731722302595147 |  1.267380928757086 | 0.5819720999571139 | 1.0194294988375547 | 0.9480125097076171 | 1.6152898717721116 |  1.181898971085678
 able          | AAAAAAAACAAAAAAA |        5150 | 0.8731722302595147 |  1.267380928757086 | 0.5819720999571139 | 1.0194294988375547 | 0.9480125097076171 | 1.6152898717721116 |  1.181898971085678
 able          | AAAAAAAACAAAAAAA |        5150 | 0.8731722302595147 |  1.267380928757086 | 0.5819720999571139 | 1.0194294988375547 | 0.9480125097076171 | 1.6152898717721116 |  1.181898971085678
 able          | AAAAAAAACAAAAAAA |        5150 | 0.8731722302595147 |  1.267380928757086 | 0.5819720999571139 | 1.0194294988375547 | 0.9480125097076171 | 1.6152898717721116 |  1.181898971085678
 able          | AAAAAAAACAAAAAAA |        5150 | 0.8731722302595147 |  1.267380928757086 | 0.5819720999571139 | 1.0194294988375547 | 0.9480125097076171 | 1.6152898717721116 |  1.181898971085678
 able          | AAAAAAAACAAAAAAA |        5150 | 0.8731722302595147 |  1.267380928757086 | 0.5819720999571139 | 1.0194294988375547 | 0.9480125097076171 | 1.6152898717721116 |  1.181898971085678
 able          | AAAAAAAACAAAAAAA |        5150 | 0.8731722302595147 |  1.267380928757086 | 0.5819720999571139 | 1.0194294988375547 | 0.9480125097076171 | 1.6152898717721116 |  1.181898971085678
 able          | AAAAAAAACAAAAAAA |        5150 | 0.8731722302595147 |  1.267380928757086 | 0.5819720999571139 | 1.0194294988375547 | 0.9480125097076171 | 1.6152898717721116 |  1.181898971085678
 able          | AAAAAAAACAAAAAAA |        5150 | 0.8731722302595147 |  1.267380928757086 | 0.5819720999571139 | 1.0194294988375547 | 0.9480125097076171 | 1.6152898717721116 |  1.181898971085678
 able          | AAAAAAAACAAAAAAA |        5150 | 0.8731722302595147 |  1.267380928757086 | 0.5819720999571139 | 1.0194294988375547 | 0.9480125097076171 | 1.6152898717721116 |  1.181898971085678
 able          | AAAAAAAACAAAAAAA |        5150 | 0.8731722302595147 |  1.267380928757086 | 0.5819720999571139 | 1.0194294988375547 | 0.9480125097076171 | 1.6152898717721116 |  1.181898971085678
 able          | AAAAAAAACAAAAAAA |        5150 | 0.8731722302595147 |  1.267380928757086 | 0.5819720999571139 | 1.0194294988375547 | 0.9480125097076171 | 1.6152898717721116 |  1.181898971085678
 able          | AAAAAAAACAAAAAAA |        5150 | 0.8731722302595147 |  1.267380928757086 | 0.5819720999571139 | 1.0194294988375547 | 0.9480125097076171 | 1.6152898717721116 |  1.181898971085678
 able          | AAAAAAAACAAAAAAA |        5150 | 0.8731722302595147 |  1.267380928757086 | 0.5819720999571139 | 1.0194294988375547 | 0.9480125097076171 | 1.6152898717721116 |  1.181898971085678
 able          | AAAAAAAACAAAAAAA |        5150 | 0.8731722302595147 |  1.267380928757086 | 0.5819720999571139 | 1.0194294988375547 | 0.9480125097076171 | 1.6152898717721116 |  1.181898971085678
 able          | AAAAAAAACAAAAAAA |        5150 | 0.8731722302595147 |  1.267380928757086 | 0.5819720999571139 | 1.0194294988375547 | 0.9480125097076171 | 1.6152898717721116 |  1.181898971085678
 able          | AAAAAAAACAAAAAAA |        5150 | 0.8731722302595147 |  1.267380928757086 | 0.5819720999571139 | 1.0194294988375547 | 0.9480125097076171 | 1.6152898717721116 |  1.181898971085678
 able          | AAAAAAAACAAAAAAA |        5150 | 0.8731722302595147 |  1.267380928757086 | 0.5819720999571139 | 1.0194294988375547 | 0.9480125097076171 | 1.6152898717721116 |  1.181898971085678
 able          | AAAAAAAACAAAAAAA |        5150 | 0.8731722302595147 |  1.267380928757086 | 0.5819720999571139 | 1.0194294988375547 | 0.9480125097076171 | 1.6152898717721116 |  1.181898971085678
 able          | AAAAAAAACAAAAAAA |        5150 | 0.8731722302595147 |  1.267380928757086 | 0.5819720999571139 | 1.0194294988375547 | 0.9480125097076171 | 1.6152898717721116 |  1.181898971085678
 able          | AAAAAAAACAAAAAAA |        5150 | 0.8731722302595147 |  1.267380928757086 | 0.5819720999571139 | 1.0194294988375547 | 0.9480125097076171 | 1.6152898717721116 |  1.181898971085678
 able          | AAAAAAAACAAAAAAA |        5150 | 0.8731722302595147 |  1.267380928757086 | 0.5819720999571139 | 1.0194294988375547 | 0.9480125097076171 | 1.6152898717721116 |  1.181898971085678
 able          | AAAAAAAACAAAAAAA |        5150 | 0.8731722302595147 |  1.267380928757086 | 0.5819720999571139 | 1.0194294988375547 | 0.9480125097076171 | 1.6152898717721116 |  1.181898971085678
 able          | AAAAAAAACAAAAAAA |        5150 | 0.8731722302595147 |  1.267380928757086 | 0.5819720999571139 | 1.0194294988375547 | 0.9480125097076171 | 1.6152898717721116 |  1.181898971085678
 able          | AAAAAAAACAAAAAAA |        5150 | 0.8731722302595147 |  1.267380928757086 | 0.5819720999571139 | 1.0194294988375547 | 0.9480125097076171 | 1.6152898717721116 |  1.181898971085678
 able          | AAAAAAAACAAAAAAA |        5150 | 0.8731722302595147 |  1.267380928757086 | 0.5819720999571139 | 1.0194294988375547 | 0.9480125097076171 | 1.6152898717721116 |  1.181898971085678
 able          | AAAAAAAACAAAAAAA |        5150 | 0.8731722302595147 |  1.267380928757086 | 0.5819720999571139 | 1.0194294988375547 | 0.9480125097076171 | 1.6152898717721116 |  1.181898971085678
 able          | AAAAAAAACAAAAAAA |        5150 | 0.8731722302595147 |  1.267380928757086 | 0.5819720999571139 | 1.0194294988375547 | 0.9480125097076171 | 1.6152898717721116 |  1.181898971085678
 able          | AAAAAAAACAAAAAAA |        5150 | 0.8731722302595147 |  1.267380928757086 | 0.5819720999571139 | 1.0194294988375547 | 0.9480125097076171 | 1.6152898717721116 |  1.181898971085678
 able          | AAAAAAAACAAAAAAA |        5150 | 0.8731722302595147 |  1.267380928757086 | 0.5819720999571139 | 1.0194294988375547 | 0.9480125097076171 | 1.6152898717721116 |  1.181898971085678
 able          | AAAAAAAACAAAAAAA |        5150 | 0.8731722302595147 |  1.267380928757086 | 0.5819720999571139 | 1.0194294988375547 | 0.9480125097076171 | 1.6152898717721116 |  1.181898971085678
 able          | AAAAAAAACAAAAAAA |        5150 | 0.8731722302595147 |  1.267380928757086 | 0.5819720999571139 | 1.0194294988375547 | 0.9480125097076171 | 1.6152898717721116 |  1.181898971085678
 able          | AAAAAAAACAAAAAAA |        5150 | 0.8731722302595147 |  1.267380928757086 | 0.5819720999571139 | 1.0194294988375547 | 0.9480125097076171 | 1.6152898717721116 |  1.181898971085678
 able          | AAAAAAAACAAAAAAA |        5150 | 0.8731722302595147 |  1.267380928757086 | 0.5819720999571139 | 1.0194294988375547 | 0.9480125097076171 | 1.6152898717721116 |  1.181898971085678
 able          | AAAAAAAACAAAAAAA |        5150 | 0.8731722302595147 |  1.267380928757086 | 0.5819720999571139 | 1.0194294988375547 | 0.9480125097076171 | 1.6152898717721116 |  1.181898971085678
 able          | AAAAAAAACAAAAAAA |        5150 | 0.8731722302595147 |  1.267380928757086 | 0.5819720999571139 | 1.0194294988375547 | 0.9480125097076171 | 1.6152898717721116 |  1.181898971085678
 able          | AAAAAAAACAAAAAAA |        5150 | 0.8731722302595147 |  1.267380928757086 | 0.5819720999571139 | 1.0194294988375547 | 0.9480125097076171 | 1.6152898717721116 |  1.181898971085678
 able          | AAAAAAAACAAAAAAA |        5150 | 0.8731722302595147 |  1.267380928757086 | 0.5819720999571139 | 1.0194294988375547 | 0.9480125097076171 | 1.6152898717721116 |  1.181898971085678
 able          | AAAAAAAACAAAAAAA |        5150 | 0.8731722302595147 |  1.267380928757086 | 0.5819720999571139 | 1.0194294988375547 | 0.9480125097076171 | 1.6152898717721116 |  1.181898971085678
 able          | AAAAAAAACAAAAAAA |        5150 | 0.8731722302595147 |  1.267380928757086 | 0.5819720999571139 | 1.0194294988375547 | 0.9480125097076171 | 1.6152898717721116 |  1.181898971085678
 able          | AAAAAAAACAAAAAAA |        5150 | 0.8731722302595147 |  1.267380928757086 | 0.5819720999571139 | 1.0194294988375547 | 0.9480125097076171 | 1.6152898717721116 |  1.181898971085678
 able          | AAAAAAAACAAAAAAA |        5150 | 0.8731722302595147 |  1.267380928757086 | 0.5819720999571139 | 1.0194294988375547 | 0.9480125097076171 | 1.6152898717721116 |  1.181898971085678
 able          | AAAAAAAACAAAAAAA |        5150 | 0.8731722302595147 |  1.267380928757086 | 0.5819720999571139 | 1.0194294988375547 | 0.9480125097076171 | 1.6152898717721116 |  1.181898971085678
 able          | AAAAAAAACAAAAAAA |        5150 | 0.8731722302595147 |  1.267380928757086 | 0.5819720999571139 | 1.0194294988375547 | 0.9480125097076171 | 1.6152898717721116 |  1.181898971085678
 able          | AAAAAAAACAAAAAAA |        5150 | 0.8731722302595147 |  1.267380928757086 | 0.5819720999571139 | 1.0194294988375547 | 0.9480125097076171 | 1.6152898717721116 |  1.181898971085678
 able          | AAAAAAAACAAAAAAA |        5150 | 0.8731722302595147 |  1.267380928757086 | 0.5819720999571139 | 1.0194294988375547 | 0.9480125097076171 | 1.6152898717721116 |  1.181898971085678
 able          | AAAAAAAACAAAAAAA |        5150 | 0.8731722302595147 |  1.267380928757086 | 0.5819720999571139 | 1.0194294988375547 | 0.9480125097076171 | 1.6152898717721116 |  1.181898971085678
 able          | AAAAAAAACAAAAAAA |        5150 | 0.8731722302595147 |  1.267380928757086 | 0.5819720999571139 | 1.0194294988375547 | 0.9480125097076171 | 1.6152898717721116 |  1.181898971085678
 able          | AAAAAAAACAAAAAAA |        5151 | 0.7278755557897851 | 1.2554864521159574 | 1.0491724335204444 | 1.3709414119216736 | 1.2632319370464544 | 1.1728989395834144 | 1.0086700103523638
 able          | AAAAAAAACAAAAAAA |        5151 | 0.7278755557897851 | 1.2554864521159574 | 1.0491724335204444 | 1.3709414119216736 | 1.2632319370464544 | 1.1728989395834144 | 1.0086700103523638
 able          | AAAAAAAACAAAAAAA |        5151 | 0.7278755557897851 | 1.2554864521159574 | 1.0491724335204444 | 1.3709414119216736 | 1.2632319370464544 | 1.1728989395834144 | 1.0086700103523638
 able          | AAAAAAAACAAAAAAA |        5151 | 0.7278755557897851 | 1.2554864521159574 | 1.0491724335204444 | 1.3709414119216736 | 1.2632319370464544 | 1.1728989395834144 | 1.0086700103523638
 able          | AAAAAAAACAAAAAAA |        5151 | 0.7278755557897851 | 1.2554864521159574 | 1.0491724335204444 | 1.3709414119216736 | 1.2632319370464544 | 1.1728989395834144 | 1.0086700103523638
 able          | AAAAAAAACAAAAAAA |        5151 | 0.7278755557897851 | 1.2554864521159574 | 1.0491724335204444 | 1.3709414119216736 | 1.2632319370464544 | 1.1728989395834144 | 1.0086700103523638
 able          | AAAAAAAACAAAAAAA |        5151 | 0.7278755557897851 | 1.2554864521159574 | 1.0491724335204444 | 1.3709414119216736 | 1.2632319370464544 | 1.1728989395834144 | 1.0086700103523638
 able          | AAAAAAAACAAAAAAA |        5151 | 0.7278755557897851 | 1.2554864521159574 | 1.0491724335204444 | 1.3709414119216736 | 1.2632319370464544 | 1.1728989395834144 | 1.0086700103523638
 able          | AAAAAAAACAAAAAAA |        5151 | 0.7278755557897851 | 1.2554864521159574 | 1.0491724335204444 | 1.3709414119216736 | 1.2632319370464544 | 1.1728989395834144 | 1.0086700103523638
(100 rows)

UPDATE time_statistics SET e_time = TRANSACTION_TIMESTAMP() WHERE template = 'query59.tpl' AND stream = 3;
psql:/tmp/s1-basline/throughput/query_3.sql:2323: NOTICE:  duration: 0.053 ms  plan:
Query Text: UPDATE time_statistics SET e_time = TRANSACTION_TIMESTAMP() WHERE template = 'query59.tpl' AND stream = 3;
Update on time_statistics  (cost=0.00..7.29 rows=0 width=0) (actual time=0.053..0.053 rows=0 loops=1)
  ->  Seq Scan on time_statistics  (cost=0.00..7.29 rows=1 width=14) (actual time=0.034..0.038 rows=1 loops=1)
        Filter: ((template = 'query59.tpl'::text) AND (stream = 3))
        Rows Removed by Filter: 231
UPDATE 1
LOAD 'auto_explain'; SET auto_explain.log_min_duration TO 0; SET auto_explain.log_analyze TO on; SET auto_explain.log_level TO notice; INSERT INTO time_statistics (template, s_time, stream, query, seed) VALUES ('../query_postgresql/query40.tpl', TRANSACTION_TIMESTAMP(), 3, 46, 2075327557);
LOAD
SET
SET
SET
psql:/tmp/s1-basline/throughput/query_3.sql:2324: NOTICE:  duration: 0.009 ms  plan:
Query Text: INSERT INTO time_statistics (template, s_time, stream, query, seed) VALUES ('../query_postgresql/query40.tpl', TRANSACTION_TIMESTAMP(), 3, 46, 2075327557);
Insert on time_statistics  (cost=0.00..0.01 rows=0 width=0) (actual time=0.008..0.009 rows=0 loops=1)
  ->  Result  (cost=0.00..0.01 rows=1 width=64) (actual time=0.001..0.002 rows=1 loops=1)
INSERT 0 1
select  
   w_state
  ,i_item_id
  ,sum(case when (cast(d_date as date) < cast ('2002-05-20' as date)) 
 		then cs_sales_price - coalesce(cr_refunded_cash,0) else 0 end) as sales_before
  ,sum(case when (cast(d_date as date) >= cast ('2002-05-20' as date)) 
 		then cs_sales_price - coalesce(cr_refunded_cash,0) else 0 end) as sales_after
 from
   catalog_sales left outer join catalog_returns on
       (cs_order_number = cr_order_number 
        and cs_item_sk = cr_item_sk)
  ,warehouse 
  ,item
  ,date_dim
 where
     i_current_price between 0.99 and 1.49
 and i_item_sk          = cs_item_sk
 and cs_warehouse_sk    = w_warehouse_sk 
 and cs_sold_date_sk    = d_date_sk
 and d_date between (cast ('2002-05-20' as date) - interval '30 days')
                and (cast ('2002-05-20' as date) + interval '30 days') 
 group by
    w_state,i_item_id
 order by w_state,i_item_id
limit 100;
psql:/tmp/s1-basline/throughput/query_3.sql:2349: NOTICE:  duration: 60.849 ms  plan:
Query Text: select  
   w_state
  ,i_item_id
  ,sum(case when (cast(d_date as date) < cast ('2002-05-20' as date)) 
 		then cs_sales_price - coalesce(cr_refunded_cash,0) else 0 end) as sales_before
  ,sum(case when (cast(d_date as date) >= cast ('2002-05-20' as date)) 
 		then cs_sales_price - coalesce(cr_refunded_cash,0) else 0 end) as sales_after
 from
   catalog_sales left outer join catalog_returns on
       (cs_order_number = cr_order_number 
        and cs_item_sk = cr_item_sk)
  ,warehouse 
  ,item
  ,date_dim
 where
     i_current_price between 0.99 and 1.49
 and i_item_sk          = cs_item_sk
 and cs_warehouse_sk    = w_warehouse_sk 
 and cs_sold_date_sk    = d_date_sk
 and d_date between (cast ('2002-05-20' as date) - interval '30 days')
                and (cast ('2002-05-20' as date) + interval '30 days') 
 group by
    w_state,i_item_id
 order by w_state,i_item_id
limit 100;
Limit  (cost=3978.90..3981.47 rows=79 width=36) (actual time=60.678..60.800 rows=100 loops=1)
  ->  GroupAggregate  (cost=3978.90..3981.47 rows=79 width=36) (actual time=60.678..60.792 rows=100 loops=1)
        Group Key: warehouse.w_state, item.i_item_id
        ->  Sort  (cost=3978.90..3979.10 rows=79 width=40) (actual time=60.669..60.683 rows=323 loops=1)
              Sort Key: warehouse.w_state, item.i_item_id
              Sort Method: quicksort  Memory: 175kB
              ->  Nested Loop  (cost=1.43..3976.41 rows=79 width=40) (actual time=0.059..56.154 rows=1783 loops=1)
                    Join Filter: (catalog_sales.cs_warehouse_sk = warehouse.w_warehouse_sk)
                    Rows Removed by Join Filter: 3644
                    ->  Nested Loop Left Join  (cost=1.43..3970.22 rows=79 width=45) (actual time=0.052..55.356 rows=1789 loops=1)
                          ->  Nested Loop  (cost=1.01..3935.17 rows=79 width=53) (actual time=0.047..51.788 rows=1789 loops=1)
                                ->  Nested Loop  (cost=0.72..3539.27 rows=1273 width=36) (actual time=0.020..11.369 rows=27699 loops=1)
                                      ->  Index Scan using i_d_date on date_dim  (cost=0.29..4.79 rows=65 width=12) (actual time=0.010..0.027 rows=61 loops=1)
                                            Index Cond: ((d_date >= '2002-04-20 00:00:00'::timestamp without time zone) AND (d_date <= '2002-06-19 00:00:00'::timestamp without time zone))
                                      ->  Index Scan using i_cs_sold_date_sk on catalog_sales  (cost=0.43..46.56 rows=782 width=40) (actual time=0.004..0.113 rows=454 loops=61)
                                            Index Cond: (cs_sold_date_sk = date_dim.d_date_sk)
                                ->  Index Scan using pk_item on item  (cost=0.29..0.31 rows=1 width=25) (actual time=0.001..0.001 rows=0 loops=27699)
                                      Index Cond: (i_item_sk = catalog_sales.cs_item_sk)
                                      Filter: ((i_current_price >= '0.99'::double precision) AND (i_current_price <= '1.49'::double precision))
                                      Rows Removed by Filter: 1
                          ->  Index Scan using pk_catalog_returns on catalog_returns  (cost=0.42..0.44 rows=1 width=24) (actual time=0.002..0.002 rows=0 loops=1789)
                                Index Cond: ((cr_item_sk = catalog_sales.cs_item_sk) AND (cr_order_number = catalog_sales.cs_order_number))
                    ->  Materialize  (cost=0.00..1.07 rows=5 width=11) (actual time=0.000..0.000 rows=3 loops=1789)
                          ->  Seq Scan on warehouse  (cost=0.00..1.05 rows=5 width=11) (actual time=0.002..0.004 rows=5 loops=1)
 w_state |    i_item_id     |    sales_before     |     sales_after     
---------+------------------+---------------------+---------------------
 TN      | AAAAAAAAAACCAAAA |               59.39 |                   0
 TN      | AAAAAAAAAAFDAAAA |  159.60999999999999 |               90.44
 TN      | AAAAAAAAAAHAAAAA |  210.75000000000003 |            -1342.52
 TN      | AAAAAAAAAAJCAAAA |  -948.1399999999999 |                   0
 TN      | AAAAAAAAAANAAAAA |               27.81 |                   0
 TN      | AAAAAAAAABABAAAA |              112.62 |  204.71999999999997
 TN      | AAAAAAAAABEDAAAA |              340.46 |                   0
 TN      | AAAAAAAAACEBAAAA |               97.23 |                   0
 TN      | AAAAAAAAACFAAAAA |            -2352.92 |              155.18
 TN      | AAAAAAAAADAEAAAA |              128.54 |                   0
 TN      | AAAAAAAAADHAAAAA |               25.76 |                   0
 TN      | AAAAAAAAAENDAAAA |                   0 |               25.65
 TN      | AAAAAAAAAFCBAAAA |               75.44 |              180.36
 TN      | AAAAAAAAAFDAAAAA |               28.78 |  224.82999999999998
 TN      | AAAAAAAAAFIAAAAA |                 2.8 |             -281.87
 TN      | AAAAAAAAAFMAAAAA |                7.97 |              130.88
 TN      | AAAAAAAAAGJCAAAA |                   0 |  17.169999999999998
 TN      | AAAAAAAAAHJBAAAA |  25.240000000000002 |                   0
 TN      | AAAAAAAAAHPBAAAA |               57.58 |                   0
 TN      | AAAAAAAAAJGCAAAA |               21.79 |              207.37
 TN      | AAAAAAAAAJHAAAAA |                   0 |              111.39
 TN      | AAAAAAAAAJJBAAAA |   6.680000000000007 |               77.52
 TN      | AAAAAAAAAJOCAAAA |               39.68 |               109.1
 TN      | AAAAAAAAAKEAAAAA |              197.46 |              121.94
 TN      | AAAAAAAAAKECAAAA |               91.62 |            -1104.25
 TN      | AAAAAAAAAKIBAAAA |                4.29 |               43.01
 TN      | AAAAAAAAAKKCAAAA |               99.18 |                   0
 TN      | AAAAAAAAAKKDAAAA |               10.01 |              273.87
 TN      | AAAAAAAAAKOBAAAA |                   0 |               10.92
 TN      | AAAAAAAAAKPAAAAA |               62.67 |  126.10000000000001
 TN      | AAAAAAAAAKPDAAAA |              177.68 |              159.08
 TN      | AAAAAAAAALIAAAAA |                8.12 |   97.75999999999999
 TN      | AAAAAAAAAMPBAAAA |  -6308.599999999999 |               88.73
 TN      | AAAAAAAAANAEAAAA |              131.42 |               108.9
 TN      | AAAAAAAAANLCAAAA |              114.12 | -416.24999999999994
 TN      | AAAAAAAAANNDAAAA | -147.92000000000002 |  220.70000000000002
 TN      | AAAAAAAAANPAAAAA |             -199.54 |                   0
 TN      | AAAAAAAAANPDAAAA |  133.39000000000001 |               93.55
 TN      | AAAAAAAAAOADAAAA |   94.21000000000001 |                   0
 TN      | AAAAAAAAAOHCAAAA |             -275.55 |               82.49
 TN      | AAAAAAAAAPBBAAAA |                22.3 |             -409.23
 TN      | AAAAAAAAAPEAAAAA |                   0 |  199.51999999999998
 TN      | AAAAAAAAAPFCAAAA |              139.75 |                   0
 TN      | AAAAAAAAAPICAAAA |              140.24 |  61.379999999999995
 TN      | AAAAAAAABBBBAAAA |                7.26 |               30.24
 TN      | AAAAAAAABBCDAAAA |              117.16 | -160.07999999999998
 TN      | AAAAAAAABBOAAAAA |               82.14 |                   0
 TN      | AAAAAAAABBPCAAAA |  -41.25000000000001 |              232.69
 TN      | AAAAAAAABCBDAAAA |  225.79000000000002 |               29.67
 TN      | AAAAAAAABCEAAAAA |               28.95 |                   0
 TN      | AAAAAAAABCKAAAAA |               91.29 |               67.57
 TN      | AAAAAAAABDOBAAAA |               41.34 |              266.72
 TN      | AAAAAAAABDPAAAAA |               27.42 |               16.95
 TN      | AAAAAAAABDPDAAAA |               50.23 |               36.08
 TN      | AAAAAAAABEGCAAAA |                   0 |  28.509999999999998
 TN      | AAAAAAAABFICAAAA |   54.17000000000001 |  23.230000000000015
 TN      | AAAAAAAABFKAAAAA |               30.22 |               60.54
 TN      | AAAAAAAABGKCAAAA | -125.76999999999998 |                   0
 TN      | AAAAAAAABHCDAAAA |               80.65 |              107.39
 TN      | AAAAAAAABHFAAAAA |              -735.6 |               31.05
 TN      | AAAAAAAABIKDAAAA |              141.96 |              305.82
 TN      | AAAAAAAABIOCAAAA |                   0 |                8.42
 TN      | AAAAAAAABJPDAAAA |               77.56 |                   0
 TN      | AAAAAAAABKNBAAAA |              -747.6 |              122.97
 TN      | AAAAAAAABKPCAAAA |              -357.2 |                   0
 TN      | AAAAAAAABLEAAAAA |               63.43 |                   0
 TN      | AAAAAAAABLKAAAAA |  -54.69000000000002 |            -1082.95
 TN      | AAAAAAAABMBCAAAA |                   0 |                9.17
 TN      | AAAAAAAABMECAAAA |                   0 |             -103.63
 TN      | AAAAAAAABMKCAAAA |               16.62 |              172.01
 TN      | AAAAAAAABNFAAAAA |              121.07 |              215.66
 TN      | AAAAAAAACAIBAAAA |               67.87 |                   0
 TN      | AAAAAAAACAKCAAAA |                   0 |               36.43
 TN      | AAAAAAAACAMDAAAA |               80.38 |  -607.7799999999999
 TN      | AAAAAAAACBEBAAAA |  178.48999999999998 |                   0
 TN      | AAAAAAAACBIDAAAA |                   0 |              155.36
 TN      | AAAAAAAACBPBAAAA |                9.85 |              246.95
 TN      | AAAAAAAACCFEAAAA |               24.06 |               -32.2
 TN      | AAAAAAAACCNDAAAA |              271.92 |  146.19999999999996
 TN      | AAAAAAAACDOAAAAA |                   0 |  26.799999999999997
 TN      | AAAAAAAACEABAAAA |                   0 |                7.05
 TN      | AAAAAAAACFBDAAAA |               45.42 |  58.870000000000005
 TN      | AAAAAAAACFGAAAAA |              134.46 |               87.61
 TN      | AAAAAAAACFLCAAAA | -222.07999999999998 |               23.91
 TN      | AAAAAAAACGJDAAAA |               31.32 |                   0
 TN      | AAAAAAAACHGBAAAA |               69.69 |               19.45
 TN      | AAAAAAAACIGAAAAA |                25.6 |  102.46000000000001
 TN      | AAAAAAAACIICAAAA |                   0 |               54.94
 TN      | AAAAAAAACIJBAAAA |   80.08999999999999 |              102.65
 TN      | AAAAAAAACIMDAAAA |              132.51 |                   0
 TN      | AAAAAAAACIPDAAAA |            -1446.72 |  188.67000000000002
 TN      | AAAAAAAACJCEAAAA |                8.48 |               87.04
 TN      | AAAAAAAACKBAAAAA |   61.78999999999999 |               39.69
 TN      | AAAAAAAACKPBAAAA | -0.6799999999999997 |              313.98
 TN      | AAAAAAAACLAAAAAA |               45.02 |              110.31
 TN      | AAAAAAAACLBCAAAA |              169.19 |  107.53999999999999
 TN      | AAAAAAAACLDDAAAA |              253.35 |              134.84
 TN      | AAAAAAAACLMAAAAA |            -1748.71 |              182.35
 TN      | AAAAAAAACLNCAAAA |              185.14 |               84.29
 TN      | AAAAAAAACMFAAAAA |               97.98 |               14.32
(100 rows)

UPDATE time_statistics SET e_time = TRANSACTION_TIMESTAMP() WHERE template = '../query_postgresql/query40.tpl' AND stream = 3;
psql:/tmp/s1-basline/throughput/query_3.sql:2351: NOTICE:  duration: 0.050 ms  plan:
Query Text: UPDATE time_statistics SET e_time = TRANSACTION_TIMESTAMP() WHERE template = '../query_postgresql/query40.tpl' AND stream = 3;
Update on time_statistics  (cost=0.00..7.29 rows=0 width=0) (actual time=0.050..0.050 rows=0 loops=1)
  ->  Seq Scan on time_statistics  (cost=0.00..7.29 rows=1 width=14) (actual time=0.031..0.036 rows=1 loops=1)
        Filter: ((template = '../query_postgresql/query40.tpl'::text) AND (stream = 3))
        Rows Removed by Filter: 232
UPDATE 1
LOAD 'auto_explain'; SET auto_explain.log_min_duration TO 0; SET auto_explain.log_analyze TO on; SET auto_explain.log_level TO notice; INSERT INTO time_statistics (template, s_time, stream, query, seed) VALUES ('query55.tpl', TRANSACTION_TIMESTAMP(), 3, 47, 788590752);
LOAD
SET
SET
SET
psql:/tmp/s1-basline/throughput/query_3.sql:2352: NOTICE:  duration: 0.009 ms  plan:
Query Text: INSERT INTO time_statistics (template, s_time, stream, query, seed) VALUES ('query55.tpl', TRANSACTION_TIMESTAMP(), 3, 47, 788590752);
Insert on time_statistics  (cost=0.00..0.01 rows=0 width=0) (actual time=0.008..0.008 rows=0 loops=1)
  ->  Result  (cost=0.00..0.01 rows=1 width=64) (actual time=0.001..0.002 rows=1 loops=1)
INSERT 0 1
select  i_brand_id brand_id, i_brand brand,
 	sum(ss_ext_sales_price) ext_price
 from date_dim, store_sales, item
 where d_date_sk = ss_sold_date_sk
 	and ss_item_sk = i_item_sk
 	and i_manager_id=26
 	and d_moy=12
 	and d_year=2000
 group by i_brand, i_brand_id
 order by ext_price desc, i_brand_id
limit 100 ;
psql:/tmp/s1-basline/throughput/query_3.sql:2363: NOTICE:  duration: 192.051 ms  plan:
Query Text: select  i_brand_id brand_id, i_brand brand,
 	sum(ss_ext_sales_price) ext_price
 from date_dim, store_sales, item
 where d_date_sk = ss_sold_date_sk
 	and ss_item_sk = i_item_sk
 	and i_manager_id=26
 	and d_moy=12
 	and d_year=2000
 group by i_brand, i_brand_id
 order by ext_price desc, i_brand_id
limit 100 ;
Limit  (cost=43196.90..43196.95 rows=20 width=63) (actual time=191.986..191.998 rows=100 loops=1)
  ->  Sort  (cost=43196.90..43196.95 rows=20 width=63) (actual time=191.985..191.991 rows=100 loops=1)
        Sort Key: (sum(store_sales.ss_ext_sales_price)) DESC, item.i_brand_id
        Sort Method: quicksort  Memory: 42kB
        ->  GroupAggregate  (cost=43196.07..43196.47 rows=20 width=63) (actual time=191.586..191.954 rows=124 loops=1)
              Group Key: item.i_brand, item.i_brand_id
              ->  Sort  (cost=43196.07..43196.12 rows=20 width=63) (actual time=191.572..191.636 rows=1703 loops=1)
                    Sort Key: item.i_brand, item.i_brand_id
                    Sort Method: quicksort  Memory: 221kB
                    ->  Nested Loop  (cost=0.72..43195.64 rows=20 width=63) (actual time=4.254..189.664 rows=1703 loops=1)
                          ->  Nested Loop  (cost=0.43..42836.21 rows=1167 width=16) (actual time=4.081..50.477 rows=92168 loops=1)
                                ->  Seq Scan on date_dim  (cost=0.00..2500.73 rows=31 width=8) (actual time=4.068..8.582 rows=31 loops=1)
                                      Filter: ((d_moy = 12) AND (d_year = 2000))
                                      Rows Removed by Filter: 73018
                                ->  Index Scan using i_ss_sold_date_sk on store_sales  (cost=0.43..1286.06 rows=1508 width=24) (actual time=0.006..0.933 rows=2973 loops=31)
                                      Index Cond: (ss_sold_date_sk = date_dim.d_date_sk)
                          ->  Index Scan using pk_item on item  (cost=0.29..0.31 rows=1 width=63) (actual time=0.001..0.001 rows=0 loops=92168)
                                Index Cond: (i_item_sk = store_sales.ss_item_sk)
                                Filter: (i_manager_id = 26)
                                Rows Removed by Filter: 1
 brand_id |                       brand                        |     ext_price      
----------+----------------------------------------------------+--------------------
  1004002 | edu packamalg #2                                   |  83146.65000000002
  2001002 | amalgimporto #2                                    |            71769.2
  3002002 | importoexporti #2                                  | 64579.479999999996
  3001002 | amalgexporti #2                                    | 63359.759999999995
  2003002 | exportiimporto #2                                  |           62952.72
  2002001 | importoimporto #1                                  |           58668.39
  3003002 | exportiexporti #2                                  | 57565.810000000005
  4002001 | importoedu pack #1                                 |  57314.70000000001
  2001001 | amalgimporto #1                                    |            53124.7
  5004001 | edu packscholar #1                                 |           51677.94
  9004002 | edu packmaxi #2                                    |           48077.48
  6005004 | scholarcorp #4                                     | 47135.649999999994
  5002002 | importoscholar #2                                  |            45390.2
  6001003 | amalgcorp #3                                       |  43855.07000000001
  4003001 | exportiedu pack #1                                 |           42126.28
  5003001 | exportischolar #1                                  |              41100
  2004002 | edu packimporto #2                                 | 37235.880000000005
  6003005 | exporticorp #5                                     | 37075.670000000006
  1001001 | amalgamalg #1                                      |  36421.11000000001
  5004001 | brandunivamalg #9                                  |            36372.3
  7005004 | scholarbrand #4                                    | 36292.909999999996
  8001002 | amalgnameless #2                                   |            36024.4
  2003001 | importoamalg #2                                    |           35785.25
  3004002 | edu packexporti #2                                 |           35275.33
  7015007 | amalgimporto #2                                    |           34468.39
  7012001 | exportischolar #2                                  |           34268.38
  7014005 | edu packnameless #5                                |  34132.22000000001
  5001002 | amalgscholar #2                                    |  33621.14000000001
 10003017 | exportiunivamalg #17                               |           33556.27
  9006008 | corpmaxi #8                                        | 33486.450000000004
  8007001 | scholarmaxi #6                                     | 33414.899999999994
  8015001 | scholarmaxi #1                                     | 32988.229999999996
  4002002 | importoedu pack #2                                 | 32688.210000000003
  7011008 | amalgnameless #8                                   | 31476.269999999997
  9012003 | importounivamalg #3                                | 31285.020000000004
  7012002 | importonameless #2                                 | 30714.209999999995
 10015011 | scholaramalgamalg #11                              |           29957.28
  2004001 | corpnameless #4                                    |           29861.31
  3003001 | exportiexporti #1                                  | 29793.039999999997
  6007004 | brandcorp #4                                       | 29386.679999999997
  8007003 | brandnameless #3                                   |            28988.4
  7013006 | exportinameless #6                                 |           28978.62
  9016008 | corpunivamalg #8                                   | 28733.190000000006
  9010002 | univunivamalg #2                                   |           28179.28
  6016007 | maxiunivamalg #7                                   | 27964.589999999997
  6001008 | amalgcorp #8                                       |           27795.19
  1004001 | edu packamalg #1                                   |           27718.96
  3004001 | importoimporto #2                                  |           27607.79
  8010002 | univmaxi #2                                        |           27531.14
  7003005 | exportibrand #5                                    | 26601.600000000002
  2004001 | edu packimporto #1                                 |           26164.54
  7012007 | importonameless #7                                 | 25761.230000000003
  7004010 | edu packbrand #10                                  |           25709.06
  9008012 | namelessmaxi #12                                   | 25339.129999999997
  5004002 | edu packscholar #2                                 |           25286.05
  7004009 | scholarnameless #10                                | 24770.929999999997
  2003001 | exportiimporto #1                                  | 24334.369999999995
 10015008 | scholaramalgamalg #8                               | 24004.809999999998
  9004005 | exportiimporto #2                                  | 23838.190000000002
  6009004 | maxicorp #4                                        | 23521.239999999998
  7006006 | corpbrand #6                                       |           23218.23
  9002002 | importomaxi #2                                     |           22563.17
  8007007 | brandnameless #7                                   | 22559.869999999995
  9015002 | scholarunivamalg #2                                |           22222.91
  9012009 | importounivamalg #9                                |           21519.63
  7004007 | edu packbrand #7                                   |           21376.79
  6002003 | importocorp #3                                     | 21034.230000000003
  7010009 | univnameless #9                                    |           20739.96
  7007001 | amalgmaxi #2                                       |           20567.47
  6012004 | importobrand #4                                    |           20549.22
  7004009 | edu packbrand #9                                   |           20387.43
  6010002 | univbrand #2                                       |            20170.7
 10003015 | exportiunivamalg #15                               |           19980.08
  9003009 | exportimaxi #9                                     |           19933.13
  1001002 |                                                    |           19567.44
  8011005 | amalgmaxi #5                                       | 19397.620000000003
  9015009 | scholarunivamalg #9                                |           19210.72
  9009008 | maximaxi #8                                        | 19091.739999999998
  6013006 | exportibrand #6                                    | 18726.590000000004
 10015010 | scholaramalgamalg #10                              |           17904.37
  7003006 | exportibrand #6                                    | 17490.960000000003
  8012008 | importomaxi #8                                     | 17021.920000000002
  7002008 | importobrand #8                                    |           16809.02
  2002001 | importoscholar #2                                  |           16557.09
 10006004 | corpunivamalg #4                                   | 16508.649999999998
  1001001 | scholarnameless #8                                 |            16272.8
  4004001 | edu packnameless #8                                | 15968.390000000001
  8008001 | namelessnameless #1                                | 15965.990000000002
  7002009 | importobrand #9                                    |           15751.95
  1001001 | edu packexporti #2                                 |           15539.89
  8010005 | edu packamalgamalg #13                             | 15436.349999999999
 10013016 | exportiamalgamalg #16                              | 15348.619999999997
  6002006 | importocorp #6                                     | 15018.109999999999
  6014006 | edu packbrand #6                                   |           14293.11
  2003001 | corpunivamalg #12                                  |           13956.42
  8011002 | amalgmaxi #2                                       |           13420.91
  9007003 | brandmaxi #3                                       |           13244.02
  3001001 | corpmaxi #12                                       | 12164.859999999999
  8006002 | corpnameless #2                                    | 11985.039999999999
  1001001 | univbrand #4                                       |           10868.47
(100 rows)

UPDATE time_statistics SET e_time = TRANSACTION_TIMESTAMP() WHERE template = 'query55.tpl' AND stream = 3;
psql:/tmp/s1-basline/throughput/query_3.sql:2365: NOTICE:  duration: 0.054 ms  plan:
Query Text: UPDATE time_statistics SET e_time = TRANSACTION_TIMESTAMP() WHERE template = 'query55.tpl' AND stream = 3;
Update on time_statistics  (cost=0.00..7.29 rows=0 width=0) (actual time=0.053..0.053 rows=0 loops=1)
  ->  Seq Scan on time_statistics  (cost=0.00..7.29 rows=1 width=14) (actual time=0.034..0.038 rows=1 loops=1)
        Filter: ((template = 'query55.tpl'::text) AND (stream = 3))
        Rows Removed by Filter: 233
UPDATE 1
LOAD 'auto_explain'; SET auto_explain.log_min_duration TO 0; SET auto_explain.log_analyze TO on; SET auto_explain.log_level TO notice; INSERT INTO time_statistics (template, s_time, stream, query, seed) VALUES ('../query_postgresql/query16.tpl', TRANSACTION_TIMESTAMP(), 3, 48, 941482772);
LOAD
SET
SET
SET
psql:/tmp/s1-basline/throughput/query_3.sql:2366: NOTICE:  duration: 0.009 ms  plan:
Query Text: INSERT INTO time_statistics (template, s_time, stream, query, seed) VALUES ('../query_postgresql/query16.tpl', TRANSACTION_TIMESTAMP(), 3, 48, 941482772);
Insert on time_statistics  (cost=0.00..0.01 rows=0 width=0) (actual time=0.008..0.008 rows=0 loops=1)
  ->  Result  (cost=0.00..0.01 rows=1 width=64) (actual time=0.001..0.001 rows=1 loops=1)
INSERT 0 1
select  
   count(distinct cs_order_number) as "order count"
  ,sum(cs_ext_ship_cost) as "total shipping cost"
  ,sum(cs_net_profit) as "total net profit"
from
   catalog_sales cs1
  ,date_dim
  ,customer_address
  ,call_center
where
    d_date between '1999-3-01' and 
           (cast('1999-3-01' as date) + interval '60 days')
and cs1.cs_ship_date_sk = d_date_sk
and cs1.cs_ship_addr_sk = ca_address_sk
and ca_state = 'MS'
and cs1.cs_call_center_sk = cc_call_center_sk
and cc_county in ('Williamson County','Williamson County','Williamson County','Williamson County',
                  'Williamson County'
)
and exists (select *
            from catalog_sales cs2
            where cs1.cs_order_number = cs2.cs_order_number
              and cs1.cs_warehouse_sk <> cs2.cs_warehouse_sk)
and not exists(select *
               from catalog_returns cr1
               where cs1.cs_order_number = cr1.cr_order_number)
order by count(distinct cs_order_number)
limit 100;
psql:/tmp/s1-basline/throughput/query_3.sql:2394: NOTICE:  duration: 619.327 ms  plan:
Query Text: select  
   count(distinct cs_order_number) as "order count"
  ,sum(cs_ext_ship_cost) as "total shipping cost"
  ,sum(cs_net_profit) as "total net profit"
from
   catalog_sales cs1
  ,date_dim
  ,customer_address
  ,call_center
where
    d_date between '1999-3-01' and 
           (cast('1999-3-01' as date) + interval '60 days')
and cs1.cs_ship_date_sk = d_date_sk
and cs1.cs_ship_addr_sk = ca_address_sk
and ca_state = 'MS'
and cs1.cs_call_center_sk = cc_call_center_sk
and cc_county in ('Williamson County','Williamson County','Williamson County','Williamson County',
                  'Williamson County'
)
and exists (select *
            from catalog_sales cs2
            where cs1.cs_order_number = cs2.cs_order_number
              and cs1.cs_warehouse_sk <> cs2.cs_warehouse_sk)
and not exists(select *
               from catalog_returns cr1
               where cs1.cs_order_number = cr1.cr_order_number)
order by count(distinct cs_order_number)
limit 100;
Limit  (cost=78743.58..78743.58 rows=1 width=24) (actual time=555.063..619.317 rows=1 loops=1)
  ->  Sort  (cost=78743.58..78743.58 rows=1 width=24) (actual time=555.062..619.315 rows=1 loops=1)
        Sort Key: (count(DISTINCT cs1.cs_order_number))
        Sort Method: quicksort  Memory: 25kB
        ->  Aggregate  (cost=78743.56..78743.57 rows=1 width=24) (actual time=555.057..619.310 rows=1 loops=1)
              ->  Nested Loop  (cost=5530.55..78743.53 rows=4 width=24) (actual time=66.754..619.214 rows=326 loops=1)
                    Join Filter: (cs1.cs_call_center_sk = call_center.cc_call_center_sk)
                    Rows Removed by Join Filter: 409
                    ->  Gather  (cost=5530.55..78742.12 rows=4 width=32) (actual time=66.737..619.024 rows=326 loops=1)
                          Workers Planned: 2
                          Workers Launched: 2
                          ->  Nested Loop Semi Join  (cost=4530.55..77741.72 rows=2 width=32) (actual time=70.035..548.848 rows=109 loops=3)
                                ->  Nested Loop  (cost=4530.13..65392.83 rows=2 width=40) (actual time=62.003..190.246 rows=109 loops=3)
                                      ->  Hash Anti Join  (cost=4529.84..65373.24 rows=63 width=48) (actual time=59.709..181.236 rows=4070 loops=3)
                                            Hash Cond: (cs1.cs_order_number = cr1.cr_order_number)
                                            ->  Hash Join  (cost=5.48..60846.45 rows=498 width=48) (actual time=25.513..145.046 rows=11297 loops=3)
                                                  Hash Cond: (cs1.cs_ship_date_sk = date_dim.d_date_sk)
                                                  ->  Parallel Seq Scan on catalog_sales cs1  (cost=0.00..59266.53 rows=599753 width=56) (actual time=0.017..83.439 rows=479804 loops=3)
                                                  ->  Hash  (cost=4.71..4.71 rows=61 width=8) (actual time=0.096..0.097 rows=61 loops=3)
                                                        Buckets: 1024  Batches: 1  Memory Usage: 11kB
                                                        ->  Index Scan using i_d_date on date_dim  (cost=0.29..4.71 rows=61 width=8) (actual time=0.066..0.083 rows=61 loops=3)
                                                              Index Cond: ((d_date >= '1999-03-01'::date) AND (d_date <= '1999-04-30 00:00:00'::timestamp without time zone))
                                            ->  Hash  (cost=2720.52..2720.52 rows=144307 width=8) (actual time=33.361..33.362 rows=144307 loops=3)
                                                  Buckets: 262144  Batches: 1  Memory Usage: 7685kB
                                                  ->  Index Only Scan using pk_catalog_returns on catalog_returns cr1  (cost=0.42..2720.52 rows=144307 width=8) (actual time=0.078..16.262 rows=144307 loops=3)
                                                        Heap Fetches: 0
                                      ->  Index Scan using pk_customer_address on customer_address  (cost=0.29..0.31 rows=1 width=8) (actual time=0.002..0.002 rows=0 loops=12211)
                                            Index Cond: (ca_address_sk = cs1.cs_ship_addr_sk)
                                            Filter: (ca_state = 'MS'::bpchar)
                                            Rows Removed by Filter: 1
                                ->  Index Scan using pk_catalog_sales on catalog_sales cs2  (cost=0.43..10796.23 rows=13 width=16) (actual time=3.289..3.289 rows=1 loops=327)
                                      Index Cond: (cs_order_number = cs1.cs_order_number)
                                      Filter: (cs1.cs_warehouse_sk <> cs_warehouse_sk)
                                      Rows Removed by Filter: 0
                    ->  Materialize  (cost=0.00..1.13 rows=6 width=8) (actual time=0.000..0.000 rows=2 loops=326)
                          ->  Seq Scan on call_center  (cost=0.00..1.10 rows=6 width=8) (actual time=0.011..0.014 rows=4 loops=1)
                                Filter: ((cc_county)::text = ANY ('{"Williamson County","Williamson County","Williamson County","Williamson County","Williamson County"}'::text[]))
 order count | total shipping cost | total net profit  
-------------+---------------------+-------------------
         102 |   349823.2400000001 | -71687.1199999999
(1 row)

UPDATE time_statistics SET e_time = TRANSACTION_TIMESTAMP() WHERE template = '../query_postgresql/query16.tpl' AND stream = 3;
psql:/tmp/s1-basline/throughput/query_3.sql:2396: NOTICE:  duration: 0.054 ms  plan:
Query Text: UPDATE time_statistics SET e_time = TRANSACTION_TIMESTAMP() WHERE template = '../query_postgresql/query16.tpl' AND stream = 3;
Update on time_statistics  (cost=0.00..7.29 rows=0 width=0) (actual time=0.054..0.054 rows=0 loops=1)
  ->  Seq Scan on time_statistics  (cost=0.00..7.29 rows=1 width=14) (actual time=0.034..0.038 rows=1 loops=1)
        Filter: ((template = '../query_postgresql/query16.tpl'::text) AND (stream = 3))
        Rows Removed by Filter: 234
UPDATE 1
LOAD 'auto_explain'; SET auto_explain.log_min_duration TO 0; SET auto_explain.log_analyze TO on; SET auto_explain.log_level TO notice; INSERT INTO time_statistics (template, s_time, stream, query, seed) VALUES ('query27.tpl', TRANSACTION_TIMESTAMP(), 3, 49, 1094338735);
LOAD
SET
SET
SET
psql:/tmp/s1-basline/throughput/query_3.sql:2397: NOTICE:  duration: 0.009 ms  plan:
Query Text: INSERT INTO time_statistics (template, s_time, stream, query, seed) VALUES ('query27.tpl', TRANSACTION_TIMESTAMP(), 3, 49, 1094338735);
Insert on time_statistics  (cost=0.00..0.01 rows=0 width=0) (actual time=0.008..0.008 rows=0 loops=1)
  ->  Result  (cost=0.00..0.01 rows=1 width=64) (actual time=0.002..0.002 rows=1 loops=1)
INSERT 0 1
select  i_item_id,
        s_state, grouping(s_state) g_state,
        avg(ss_quantity) agg1,
        avg(ss_list_price) agg2,
        avg(ss_coupon_amt) agg3,
        avg(ss_sales_price) agg4
 from store_sales, customer_demographics, date_dim, store, item
 where ss_sold_date_sk = d_date_sk and
       ss_item_sk = i_item_sk and
       ss_store_sk = s_store_sk and
       ss_cdemo_sk = cd_demo_sk and
       cd_gender = 'M' and
       cd_marital_status = 'M' and
       cd_education_status = 'College' and
       d_year = 1998 and
       s_state in ('TN','TN', 'TN', 'TN', 'TN', 'TN')
 group by rollup (i_item_id, s_state)
 order by i_item_id
         ,s_state
 limit 100;
psql:/tmp/s1-basline/throughput/query_3.sql:2417: NOTICE:  duration: 862.956 ms  plan:
Query Text: select  i_item_id,
        s_state, grouping(s_state) g_state,
        avg(ss_quantity) agg1,
        avg(ss_list_price) agg2,
        avg(ss_coupon_amt) agg3,
        avg(ss_sales_price) agg4
 from store_sales, customer_demographics, date_dim, store, item
 where ss_sold_date_sk = d_date_sk and
       ss_item_sk = i_item_sk and
       ss_store_sk = s_store_sk and
       ss_cdemo_sk = cd_demo_sk and
       cd_gender = 'M' and
       cd_marital_status = 'M' and
       cd_education_status = 'College' and
       d_year = 1998 and
       s_state in ('TN','TN', 'TN', 'TN', 'TN', 'TN')
 group by rollup (i_item_id, s_state)
 order by i_item_id
         ,s_state
 limit 100;
Limit  (cost=4105.37..42887.42 rows=100 width=80) (actual time=735.215..862.871 rows=100 loops=1)
  ->  GroupAggregate  (cost=4105.37..144884.22 rows=363 width=80) (actual time=735.214..862.863 rows=100 loops=1)
        Group Key: item.i_item_id, store.s_state
        Group Key: item.i_item_id
        Group Key: ()
        ->  Incremental Sort  (cost=4105.37..144873.33 rows=181 width=48) (actual time=735.200..862.762 rows=69 loops=1)
              Sort Key: item.i_item_id, store.s_state
              Presorted Key: item.i_item_id
              Full-sort Groups: 3  Sort Method: quicksort  Average Memory: 27kB  Peak Memory: 27kB
              ->  Nested Loop  (cost=3323.36..144865.19 rows=181 width=48) (actual time=657.684..862.698 rows=99 loops=1)
                    Join Filter: (store_sales.ss_item_sk = item.i_item_sk)
                    Rows Removed by Join Filter: 2088596
                    ->  Index Scan using i_i_item_id on item  (cost=0.29..1714.59 rows=18000 width=25) (actual time=0.007..0.214 rows=266 loops=1)
                    ->  Materialize  (cost=3323.08..94281.05 rows=181 width=39) (actual time=0.040..2.742 rows=7852 loops=266)
                          ->  Nested Loop  (cost=3323.08..94280.15 rows=181 width=39) (actual time=10.624..653.080 rows=7872 loops=1)
                                Join Filter: (store_sales.ss_store_sk = store.s_store_sk)
                                Rows Removed by Join Filter: 37113
                                ->  Gather  (cost=3323.08..94246.99 rows=190 width=44) (actual time=10.609..647.492 rows=7980 loops=1)
                                      Workers Planned: 2
                                      Workers Launched: 2
                                      ->  Nested Loop  (cost=2323.08..93227.99 rows=79 width=44) (actual time=16.882..647.990 rows=2660 loops=3)
                                            ->  Hash Join  (cost=2322.65..90594.07 rows=5693 width=52) (actual time=13.774..279.902 rows=180428 loops=3)
                                                  Hash Cond: (store_sales.ss_sold_date_sk = date_dim.d_date_sk)
                                                  ->  Parallel Seq Scan on store_sales  (cost=0.00..85123.48 rows=1199148 width=60) (actual time=0.014..120.505 rows=959309 loops=3)
                                                  ->  Hash  (cost=2318.11..2318.11 rows=363 width=8) (actual time=13.647..13.648 rows=365 loops=3)
                                                        Buckets: 1024  Batches: 1  Memory Usage: 23kB
                                                        ->  Seq Scan on date_dim  (cost=0.00..2318.11 rows=363 width=8) (actual time=6.426..13.601 rows=365 loops=3)
                                                              Filter: (d_year = 1998)
                                                              Rows Removed by Filter: 72684
                                            ->  Index Scan using pk_customer_demographics on customer_demographics  (cost=0.43..0.46 rows=1 width=8) (actual time=0.002..0.002 rows=0 loops=541283)
                                                  Index Cond: (cd_demo_sk = store_sales.ss_cdemo_sk)
                                                  Filter: ((cd_gender = 'M'::bpchar) AND (cd_marital_status = 'M'::bpchar) AND (cd_education_status = 'College'::bpchar))
                                                  Rows Removed by Filter: 1
                                ->  Materialize  (cost=0.00..1.27 rows=12 width=11) (actual time=0.000..0.000 rows=6 loops=7980)
                                      ->  Seq Scan on store  (cost=0.00..1.21 rows=12 width=11) (actual time=0.005..0.010 rows=12 loops=1)
                                            Filter: (s_state = ANY ('{TN,TN,TN,TN,TN,TN}'::bpchar[]))
    i_item_id     | s_state | g_state |          agg1          |        agg2        |  agg3   |        agg4        
------------------+---------+---------+------------------------+--------------------+---------+--------------------
 AAAAAAAAAAACAAAA | TN      |       0 |    65.5000000000000000 |             48.445 |       0 |              19.01
 AAAAAAAAAAACAAAA |         |       1 |    65.5000000000000000 |             48.445 |       0 |              19.01
 AAAAAAAAAAAEAAAA | TN      |       0 |    50.5000000000000000 |             95.355 | 368.275 |             59.175
 AAAAAAAAAAAEAAAA |         |       1 |    50.5000000000000000 |             95.355 | 368.275 |             59.175
 AAAAAAAAAABBAAAA | TN      |       0 |    58.0000000000000000 |             104.83 |       0 |               4.19
 AAAAAAAAAABBAAAA |         |       1 |    58.0000000000000000 |             104.83 |       0 |               4.19
 AAAAAAAAAABEAAAA | TN      |       0 |    77.0000000000000000 |             102.43 |       0 |               59.4
 AAAAAAAAAABEAAAA |         |       1 |    77.0000000000000000 |             102.43 |       0 |               59.4
 AAAAAAAAAACAAAAA | TN      |       0 |    14.0000000000000000 |              13.37 |       0 |               12.7
 AAAAAAAAAACAAAAA |         |       1 |    14.0000000000000000 |              13.37 |       0 |               12.7
 AAAAAAAAAACCAAAA | TN      |       0 |    12.0000000000000000 |             104.28 |       0 |              40.66
 AAAAAAAAAACCAAAA |         |       1 |    12.0000000000000000 |             104.28 |       0 |              40.66
 AAAAAAAAAACDAAAA | TN      |       0 |     9.0000000000000000 |              17.79 |       0 |               6.58
 AAAAAAAAAACDAAAA |         |       1 |     9.0000000000000000 |              17.79 |       0 |               6.58
 AAAAAAAAAADBAAAA | TN      |       0 |    75.0000000000000000 |               82.5 |       0 |              60.22
 AAAAAAAAAADBAAAA |         |       1 |    75.0000000000000000 |               82.5 |       0 |              60.22
 AAAAAAAAAADCAAAA | TN      |       0 |    17.0000000000000000 |              65.54 |       0 |              45.87
 AAAAAAAAAADCAAAA |         |       1 |    17.0000000000000000 |              65.54 |       0 |              45.87
 AAAAAAAAAADEAAAA | TN      |       0 |    63.0000000000000000 |              76.85 |  824.82 |                   
 AAAAAAAAAADEAAAA |         |       1 |    63.0000000000000000 |              76.85 |  824.82 |                   
 AAAAAAAAAAEAAAAA | TN      |       0 |    38.0000000000000000 |              40.14 |       0 |              11.23
 AAAAAAAAAAEAAAAA |         |       1 |    38.0000000000000000 |              40.14 |       0 |              11.23
 AAAAAAAAAAEBAAAA | TN      |       0 |    97.0000000000000000 |              11.07 |       0 |               0.77
 AAAAAAAAAAEBAAAA |         |       1 |    97.0000000000000000 |              11.07 |       0 |               0.77
 AAAAAAAAAAEDAAAA | TN      |       0 |    48.0000000000000000 |             77.345 |       0 |             34.655
 AAAAAAAAAAEDAAAA |         |       1 |    48.0000000000000000 |             77.345 |       0 |             34.655
 AAAAAAAAAAFAAAAA | TN      |       0 |    38.0000000000000000 |              26.76 |       0 |               8.83
 AAAAAAAAAAFAAAAA |         |       1 |    38.0000000000000000 |              26.76 |       0 |               8.83
 AAAAAAAAAAGCAAAA | TN      |       0 |    70.0000000000000000 |              48.63 |       0 |              42.79
 AAAAAAAAAAGCAAAA |         |       1 |    70.0000000000000000 |              48.63 |       0 |              42.79
 AAAAAAAAAAHBAAAA | TN      |       0 |    42.0000000000000000 |              52.95 |  341.51 |              16.94
 AAAAAAAAAAHBAAAA |         |       1 |    42.0000000000000000 |              52.95 |  341.51 |              16.94
 AAAAAAAAAAHDAAAA | TN      |       0 |    19.0000000000000000 |             123.39 |       0 |             114.75
 AAAAAAAAAAHDAAAA |         |       1 |    19.0000000000000000 |             123.39 |       0 |             114.75
 AAAAAAAAAAICAAAA | TN      |       0 |    62.0000000000000000 |              20.73 |       0 |              10.15
 AAAAAAAAAAICAAAA |         |       1 |    62.0000000000000000 |              20.73 |       0 |              10.15
 AAAAAAAAAAIDAAAA | TN      |       0 |    40.0000000000000000 |             103.84 | 1192.24 |              34.26
 AAAAAAAAAAIDAAAA |         |       1 |    40.0000000000000000 |             103.84 | 1192.24 |              34.26
 AAAAAAAAAAJBAAAA | TN      |       0 |    33.5000000000000000 |  84.83500000000001 |       0 | 13.739999999999998
 AAAAAAAAAAJBAAAA |         |       1 |    33.5000000000000000 |  84.83500000000001 |       0 | 13.739999999999998
 AAAAAAAAAAKAAAAA | TN      |       0 |    16.0000000000000000 |              28.98 |       0 |              24.05
 AAAAAAAAAAKAAAAA |         |       1 |    16.0000000000000000 |              28.98 |       0 |              24.05
 AAAAAAAAAAKBAAAA | TN      |       0 |    51.0000000000000000 |              70.37 |       0 |              60.05
 AAAAAAAAAAKBAAAA |         |       1 |    51.0000000000000000 |              70.37 |       0 |              60.05
 AAAAAAAAAAKDAAAA | TN      |       0 |    60.0000000000000000 |              81.25 |       0 |              57.68
 AAAAAAAAAAKDAAAA |         |       1 |    60.0000000000000000 |              81.25 |       0 |              57.68
 AAAAAAAAAAMBAAAA | TN      |       0 |    48.0000000000000000 |               11.8 |       0 |               0.59
 AAAAAAAAAAMBAAAA |         |       1 |    48.0000000000000000 |               11.8 |       0 |               0.59
 AAAAAAAAAAMCAAAA | TN      |       0 |    87.0000000000000000 |             46.455 |       0 |             20.475
 AAAAAAAAAAMCAAAA |         |       1 |    87.0000000000000000 |             46.455 |       0 |             20.475
 AAAAAAAAAANAAAAA | TN      |       0 |    61.0000000000000000 |              32.49 |     7.8 |               0.64
 AAAAAAAAAANAAAAA |         |       1 |    61.0000000000000000 |              32.49 |     7.8 |               0.64
 AAAAAAAAAANDAAAA | TN      |       0 |    95.0000000000000000 |              53.74 |       0 |              42.99
 AAAAAAAAAANDAAAA |         |       1 |    95.0000000000000000 |              53.74 |       0 |              42.99
 AAAAAAAAAAOAAAAA | TN      |       0 |    77.0000000000000000 |                 10 |       0 |                0.3
 AAAAAAAAAAOAAAAA |         |       1 |    77.0000000000000000 |                 10 |       0 |                0.3
 AAAAAAAAAAOCAAAA | TN      |       0 |    45.5000000000000000 |              50.43 | 615.115 |             31.405
 AAAAAAAAAAOCAAAA |         |       1 |    45.5000000000000000 |              50.43 | 615.115 |             31.405
 AAAAAAAAAAPBAAAA | TN      |       0 |    37.0000000000000000 |              49.39 |       0 |               1.48
 AAAAAAAAAAPBAAAA |         |       1 |    37.0000000000000000 |              49.39 |       0 |               1.48
 AAAAAAAAAAPCAAAA | TN      |       0 |    65.0000000000000000 | 102.64500000000001 |  71.605 | 12.309999999999999
 AAAAAAAAAAPCAAAA |         |       1 |    65.0000000000000000 | 102.64500000000001 |  71.605 | 12.309999999999999
 AAAAAAAAABABAAAA | TN      |       0 |    22.0000000000000000 |              94.04 |       0 |               8.46
 AAAAAAAAABABAAAA |         |       1 |    22.0000000000000000 |              94.04 |       0 |               8.46
 AAAAAAAAABBAAAAA | TN      |       0 |    85.2000000000000000 |            105.178 | 1717.39 |             28.786
 AAAAAAAAABBAAAAA |         |       1 |    85.2000000000000000 |            105.178 | 1717.39 |             28.786
 AAAAAAAAABBCAAAA | TN      |       0 |    10.0000000000000000 |              17.72 |   52.71 |              15.06
 AAAAAAAAABBCAAAA |         |       1 |    10.0000000000000000 |              17.72 |   52.71 |              15.06
 AAAAAAAAABBDAAAA | TN      |       0 |    63.3333333333333333 |  88.20333333333332 |  229.47 |  50.23666666666667
 AAAAAAAAABBDAAAA |         |       1 |    63.3333333333333333 |  88.20333333333332 |  229.47 |  50.23666666666667
 AAAAAAAAABCBAAAA | TN      |       0 |    26.0000000000000000 |             103.71 |       0 |              20.74
 AAAAAAAAABCBAAAA |         |       1 |    26.0000000000000000 |             103.71 |       0 |              20.74
 AAAAAAAAABCCAAAA | TN      |       0 |    52.0000000000000000 |               58.3 |       0 |              32.06
 AAAAAAAAABCCAAAA |         |       1 |    52.0000000000000000 |               58.3 |       0 |              32.06
 AAAAAAAAABCEAAAA | TN      |       0 |    26.0000000000000000 |             100.14 |  507.58 |              26.03
 AAAAAAAAABCEAAAA |         |       1 |    26.0000000000000000 |             100.14 |  507.58 |              26.03
 AAAAAAAAABDDAAAA | TN      |       0 |    37.0000000000000000 |              21.26 |       0 |              16.37
 AAAAAAAAABDDAAAA |         |       1 |    37.0000000000000000 |              21.26 |       0 |              16.37
 AAAAAAAAABDEAAAA | TN      |       0 |    34.0000000000000000 |               45.7 |    49.4 |              24.22
 AAAAAAAAABDEAAAA |         |       1 |    34.0000000000000000 |               45.7 |    49.4 |              24.22
 AAAAAAAAABECAAAA | TN      |       0 |    21.0000000000000000 |              59.71 |       0 |              35.22
 AAAAAAAAABECAAAA |         |       1 |    21.0000000000000000 |              59.71 |       0 |              35.22
 AAAAAAAAABEDAAAA | TN      |       0 |    72.0000000000000000 | 101.81666666666666 |  861.89 | 45.336666666666666
 AAAAAAAAABEDAAAA |         |       1 |    72.0000000000000000 | 101.81666666666666 |  861.89 | 45.336666666666666
 AAAAAAAAABFCAAAA | TN      |       0 |    28.0000000000000000 |               87.3 |       0 |              49.96
 AAAAAAAAABFCAAAA |         |       1 |    28.0000000000000000 |               87.3 |       0 |              49.96
 AAAAAAAAABGAAAAA | TN      |       0 |    88.0000000000000000 |              90.09 |       0 |              27.02
 AAAAAAAAABGAAAAA |         |       1 |    88.0000000000000000 |              90.09 |       0 |              27.02
 AAAAAAAAABGDAAAA | TN      |       0 |    31.0000000000000000 |              33.48 |   142.7 |               8.37
 AAAAAAAAABGDAAAA |         |       1 |    31.0000000000000000 |              33.48 |   142.7 |               8.37
 AAAAAAAAABGEAAAA | TN      |       0 |    57.0000000000000000 |              64.26 |       0 |              59.76
 AAAAAAAAABGEAAAA |         |       1 |    57.0000000000000000 |              64.26 |       0 |              59.76
 AAAAAAAAABHAAAAA | TN      |       0 |    48.0000000000000000 |             29.955 |       0 |              14.86
 AAAAAAAAABHAAAAA |         |       1 |    48.0000000000000000 |             29.955 |       0 |              14.86
 AAAAAAAAABIBAAAA | TN      |       0 |    53.0000000000000000 |              62.55 |       0 |               4.37
 AAAAAAAAABIBAAAA |         |       1 |    53.0000000000000000 |              62.55 |       0 |               4.37
 AAAAAAAAABICAAAA | TN      |       0 |    66.0000000000000000 |              38.47 |       0 |              28.46
 AAAAAAAAABICAAAA |         |       1 |    66.0000000000000000 |              38.47 |       0 |              28.46
 AAAAAAAAABJAAAAA | TN      |       0 | 1.00000000000000000000 |              19.07 |       0 |              15.25
 AAAAAAAAABJAAAAA |         |       1 | 1.00000000000000000000 |              19.07 |       0 |              15.25
(100 rows)

UPDATE time_statistics SET e_time = TRANSACTION_TIMESTAMP() WHERE template = 'query27.tpl' AND stream = 3;
psql:/tmp/s1-basline/throughput/query_3.sql:2419: NOTICE:  duration: 0.053 ms  plan:
Query Text: UPDATE time_statistics SET e_time = TRANSACTION_TIMESTAMP() WHERE template = 'query27.tpl' AND stream = 3;
Update on time_statistics  (cost=0.00..7.29 rows=0 width=0) (actual time=0.052..0.052 rows=0 loops=1)
  ->  Seq Scan on time_statistics  (cost=0.00..7.29 rows=1 width=14) (actual time=0.034..0.038 rows=1 loops=1)
        Filter: ((template = 'query27.tpl'::text) AND (stream = 3))
        Rows Removed by Filter: 235
UPDATE 1
LOAD 'auto_explain'; SET auto_explain.log_min_duration TO 0; SET auto_explain.log_analyze TO on; SET auto_explain.log_level TO notice; INSERT INTO time_statistics (template, s_time, stream, query, seed) VALUES ('query54.tpl', TRANSACTION_TIMESTAMP(), 3, 50, 379440195);
LOAD
SET
SET
SET
psql:/tmp/s1-basline/throughput/query_3.sql:2420: NOTICE:  duration: 0.009 ms  plan:
Query Text: INSERT INTO time_statistics (template, s_time, stream, query, seed) VALUES ('query54.tpl', TRANSACTION_TIMESTAMP(), 3, 50, 379440195);
Insert on time_statistics  (cost=0.00..0.01 rows=0 width=0) (actual time=0.009..0.009 rows=0 loops=1)
  ->  Result  (cost=0.00..0.01 rows=1 width=64) (actual time=0.001..0.001 rows=1 loops=1)
INSERT 0 1
with my_customers as (
 select distinct c_customer_sk
        , c_current_addr_sk
 from   
        ( select cs_sold_date_sk sold_date_sk,
                 cs_bill_customer_sk customer_sk,
                 cs_item_sk item_sk
          from   catalog_sales
          union all
          select ws_sold_date_sk sold_date_sk,
                 ws_bill_customer_sk customer_sk,
                 ws_item_sk item_sk
          from   web_sales
         ) cs_or_ws_sales,
         item,
         date_dim,
         customer
 where   sold_date_sk = d_date_sk
         and item_sk = i_item_sk
         and i_category = 'Sports'
         and i_class = 'golf'
         and c_customer_sk = cs_or_ws_sales.customer_sk
         and d_moy = 3
         and d_year = 1998
 )
 , my_revenue as (
 select c_customer_sk,
        sum(ss_ext_sales_price) as revenue
 from   my_customers,
        store_sales,
        customer_address,
        store,
        date_dim
 where  c_current_addr_sk = ca_address_sk
        and ca_county = s_county
        and ca_state = s_state
        and ss_sold_date_sk = d_date_sk
        and c_customer_sk = ss_customer_sk
        and d_month_seq between (select distinct d_month_seq+1
                                 from   date_dim where d_year = 1998 and d_moy = 3)
                           and  (select distinct d_month_seq+3
                                 from   date_dim where d_year = 1998 and d_moy = 3)
 group by c_customer_sk
 )
 , segments as
 (select cast((revenue/50) as int) as segment
  from   my_revenue
 )
  select  segment, count(*) as num_customers, segment*50 as segment_base
 from segments
 group by segment
 order by segment, num_customers
 limit 100;
psql:/tmp/s1-basline/throughput/query_3.sql:2473: NOTICE:  duration: 163.290 ms  plan:
Query Text: with my_customers as (
 select distinct c_customer_sk
        , c_current_addr_sk
 from   
        ( select cs_sold_date_sk sold_date_sk,
                 cs_bill_customer_sk customer_sk,
                 cs_item_sk item_sk
          from   catalog_sales
          union all
          select ws_sold_date_sk sold_date_sk,
                 ws_bill_customer_sk customer_sk,
                 ws_item_sk item_sk
          from   web_sales
         ) cs_or_ws_sales,
         item,
         date_dim,
         customer
 where   sold_date_sk = d_date_sk
         and item_sk = i_item_sk
         and i_category = 'Sports'
         and i_class = 'golf'
         and c_customer_sk = cs_or_ws_sales.customer_sk
         and d_moy = 3
         and d_year = 1998
 )
 , my_revenue as (
 select c_customer_sk,
        sum(ss_ext_sales_price) as revenue
 from   my_customers,
        store_sales,
        customer_address,
        store,
        date_dim
 where  c_current_addr_sk = ca_address_sk
        and ca_county = s_county
        and ca_state = s_state
        and ss_sold_date_sk = d_date_sk
        and c_customer_sk = ss_customer_sk
        and d_month_seq between (select distinct d_month_seq+1
                                 from   date_dim where d_year = 1998 and d_moy = 3)
                           and  (select distinct d_month_seq+3
                                 from   date_dim where d_year = 1998 and d_moy = 3)
 group by c_customer_sk
 )
 , segments as
 (select cast((revenue/50) as int) as segment
  from   my_revenue
 )
  select  segment, count(*) as num_customers, segment*50 as segment_base
 from segments
 group by segment
 order by segment, num_customers
 limit 100;
Limit  (cost=99047.68..99047.69 rows=1 width=16) (actual time=114.270..163.288 rows=0 loops=1)
  ->  Sort  (cost=99047.68..99047.69 rows=1 width=16) (actual time=114.269..163.287 rows=0 loops=1)
        Sort Key: (((my_revenue.revenue / '50'::double precision))::integer), (count(*))
        Sort Method: quicksort  Memory: 25kB
        ->  GroupAggregate  (cost=99047.64..99047.67 rows=1 width=16) (actual time=114.266..163.284 rows=0 loops=1)
              Group Key: (((my_revenue.revenue / '50'::double precision))::integer)
              ->  Sort  (cost=99047.64..99047.64 rows=1 width=12) (actual time=114.266..163.283 rows=0 loops=1)
                    Sort Key: (((my_revenue.revenue / '50'::double precision))::integer)
                    Sort Method: quicksort  Memory: 25kB
                    ->  Subquery Scan on my_revenue  (cost=99047.59..99047.63 rows=1 width=12) (actual time=114.265..163.282 rows=0 loops=1)
                          ->  GroupAggregate  (cost=99047.59..99047.61 rows=1 width=16) (actual time=114.264..163.281 rows=0 loops=1)
                                Group Key: customer.c_customer_sk
                                InitPlan 1 (returns $0)
                                  ->  Unique  (cost=2501.58..2501.74 rows=31 width=4) (never executed)
                                        ->  Sort  (cost=2501.58..2501.66 rows=31 width=4) (never executed)
                                              Sort Key: ((date_dim_2.d_month_seq + 1))
                                              ->  Seq Scan on date_dim date_dim_2  (cost=0.00..2500.81 rows=31 width=4) (never executed)
                                                    Filter: ((d_year = 1998) AND (d_moy = 3))
                                InitPlan 2 (returns $1)
                                  ->  Unique  (cost=2501.58..2501.74 rows=31 width=4) (never executed)
                                        ->  Sort  (cost=2501.58..2501.66 rows=31 width=4) (never executed)
                                              Sort Key: ((date_dim_3.d_month_seq + 3))
                                              ->  Seq Scan on date_dim date_dim_3  (cost=0.00..2500.81 rows=31 width=4) (never executed)
                                                    Filter: ((d_year = 1998) AND (d_moy = 3))
                                ->  Sort  (cost=94044.12..94044.13 rows=1 width=16) (actual time=114.263..163.278 rows=0 loops=1)
                                      Sort Key: customer.c_customer_sk
                                      Sort Method: quicksort  Memory: 25kB
                                      ->  Nested Loop  (cost=4423.49..94044.11 rows=1 width=16) (actual time=114.262..163.277 rows=0 loops=1)
                                            ->  Gather  (cost=4423.20..94043.80 rows=1 width=24) (actual time=114.262..163.275 rows=0 loops=1)
                                                  Workers Planned: 2
                                                  Workers Launched: 2
                                                  ->  Hash Join  (cost=3423.20..93043.70 rows=1 width=24) (actual time=83.828..83.832 rows=0 loops=3)
                                                        Hash Cond: (store_sales.ss_customer_sk = customer.c_customer_sk)
                                                        ->  Parallel Seq Scan on store_sales  (cost=0.00..85123.48 rows=1199148 width=24) (actual time=0.014..0.015 rows=1 loops=3)
                                                        ->  Hash  (cost=3423.19..3423.19 rows=1 width=8) (actual time=83.727..83.729 rows=0 loops=3)
                                                              Buckets: 1024  Batches: 1  Memory Usage: 8kB
                                                              ->  Nested Loop  (cost=3419.65..3423.19 rows=1 width=8) (actual time=83.726..83.728 rows=0 loops=3)
                                                                    Join Filter: (((customer_address.ca_county)::text = (store.s_county)::text) AND (customer_address.ca_state = store.s_state))
                                                                    Rows Removed by Join Filter: 1344
                                                                    ->  Nested Loop  (cost=3419.65..3421.89 rows=1 width=25) (actual time=82.511..83.266 rows=112 loops=3)
                                                                          ->  Unique  (cost=3419.36..3419.37 rows=1 width=16) (actual time=82.470..82.495 rows=112 loops=3)
                                                                                ->  Sort  (cost=3419.36..3419.36 rows=1 width=16) (actual time=82.469..82.478 rows=115 loops=3)
                                                                                      Sort Key: customer.c_customer_sk, customer.c_current_addr_sk
                                                                                      Sort Method: quicksort  Memory: 31kB
                                                                                      Worker 0:  Sort Method: quicksort  Memory: 31kB
                                                                                      Worker 1:  Sort Method: quicksort  Memory: 31kB
                                                                                      ->  Nested Loop  (cost=1.01..3419.35 rows=1 width=16) (actual time=2.835..82.412 rows=115 loops=3)
                                                                                            ->  Nested Loop  (cost=0.72..3419.04 rows=1 width=8) (actual time=2.788..81.391 rows=115 loops=3)
                                                                                                  ->  Nested Loop  (cost=0.43..3040.38 rows=1199 width=16) (actual time=0.984..64.044 rows=10519 loops=3)
                                                                                                        ->  Seq Scan on item  (cost=0.00..1526.00 rows=10 width=8) (actual time=0.910..12.256 rows=100 loops=3)
                                                                                                              Filter: ((i_category = 'Sports'::bpchar) AND (i_class = 'golf'::bpchar))
                                                                                                              Rows Removed by Filter: 17900
                                                                                                        ->  Append  (cost=0.43..150.12 rows=132 width=24) (actual time=0.015..0.508 rows=105 loops=300)
                                                                                                              ->  Index Scan using pk_catalog_sales on catalog_sales  (cost=0.43..99.09 rows=88 width=24) (actual time=0.015..0.335 rows=69 loops=300)
                                                                                                                    Index Cond: (cs_item_sk = item.i_item_sk)
                                                                                                              ->  Index Scan using pk_web_sales on web_sales  (cost=0.42..50.36 rows=44 width=24) (actual time=0.013..0.165 rows=36 loops=300)
                                                                                                                    Index Cond: (ws_item_sk = item.i_item_sk)
                                                                                                  ->  Index Scan using pk_date_dim on date_dim date_dim_1  (cost=0.29..0.32 rows=1 width=8) (actual time=0.001..0.001 rows=0 loops=31557)
                                                                                                        Index Cond: (d_date_sk = catalog_sales.cs_sold_date_sk)
                                                                                                        Filter: ((d_moy = 3) AND (d_year = 1998))
                                                                                                        Rows Removed by Filter: 1
                                                                                            ->  Index Scan using pk_customer on customer  (cost=0.29..0.31 rows=1 width=16) (actual time=0.008..0.008 rows=1 loops=345)
                                                                                                  Index Cond: (c_customer_sk = catalog_sales.cs_bill_customer_sk)
                                                                          ->  Index Scan using pk_customer_address on customer_address  (cost=0.29..2.51 rows=1 width=25) (actual time=0.006..0.006 rows=1 loops=336)
                                                                                Index Cond: (ca_address_sk = customer.c_current_addr_sk)
                                                                    ->  Seq Scan on store  (cost=0.00..1.12 rows=12 width=21) (actual time=0.001..0.001 rows=12 loops=336)
                                            ->  Index Scan using pk_date_dim on date_dim  (cost=0.29..0.32 rows=1 width=8) (never executed)
                                                  Index Cond: (d_date_sk = store_sales.ss_sold_date_sk)
                                                  Filter: ((d_month_seq >= $0) AND (d_month_seq <= $1))
 segment | num_customers | segment_base 
---------+---------------+--------------
(0 rows)

UPDATE time_statistics SET e_time = TRANSACTION_TIMESTAMP() WHERE template = 'query54.tpl' AND stream = 3;
psql:/tmp/s1-basline/throughput/query_3.sql:2475: NOTICE:  duration: 0.055 ms  plan:
Query Text: UPDATE time_statistics SET e_time = TRANSACTION_TIMESTAMP() WHERE template = 'query54.tpl' AND stream = 3;
Update on time_statistics  (cost=0.00..7.29 rows=0 width=0) (actual time=0.054..0.055 rows=0 loops=1)
  ->  Seq Scan on time_statistics  (cost=0.00..7.29 rows=1 width=14) (actual time=0.039..0.044 rows=1 loops=1)
        Filter: ((template = 'query54.tpl'::text) AND (stream = 3))
        Rows Removed by Filter: 236
UPDATE 1
LOAD 'auto_explain'; SET auto_explain.log_min_duration TO 0; SET auto_explain.log_analyze TO on; SET auto_explain.log_level TO notice; INSERT INTO time_statistics (template, s_time, stream, query, seed) VALUES ('query90.tpl', TRANSACTION_TIMESTAMP(), 3, 51, 1710945825);
LOAD
SET
SET
SET
psql:/tmp/s1-basline/throughput/query_3.sql:2476: NOTICE:  duration: 0.008 ms  plan:
Query Text: INSERT INTO time_statistics (template, s_time, stream, query, seed) VALUES ('query90.tpl', TRANSACTION_TIMESTAMP(), 3, 51, 1710945825);
Insert on time_statistics  (cost=0.00..0.01 rows=0 width=0) (actual time=0.008..0.008 rows=0 loops=1)
  ->  Result  (cost=0.00..0.01 rows=1 width=64) (actual time=0.002..0.002 rows=1 loops=1)
INSERT 0 1
select  cast(amc as decimal(15,4))/cast(pmc as decimal(15,4)) am_pm_ratio
 from ( select count(*) amc
       from web_sales, household_demographics , time_dim, web_page
       where ws_sold_time_sk = time_dim.t_time_sk
         and ws_ship_hdemo_sk = household_demographics.hd_demo_sk
         and ws_web_page_sk = web_page.wp_web_page_sk
         and time_dim.t_hour between 11 and 11+1
         and household_demographics.hd_dep_count = 5
         and web_page.wp_char_count between 5000 and 5200) at,
      ( select count(*) pmc
       from web_sales, household_demographics , time_dim, web_page
       where ws_sold_time_sk = time_dim.t_time_sk
         and ws_ship_hdemo_sk = household_demographics.hd_demo_sk
         and ws_web_page_sk = web_page.wp_web_page_sk
         and time_dim.t_hour between 20 and 20+1
         and household_demographics.hd_dep_count = 5
         and web_page.wp_char_count between 5000 and 5200) pt
 order by am_pm_ratio
 limit 100;
psql:/tmp/s1-basline/throughput/query_3.sql:2495: ERROR:  division by zero
UPDATE time_statistics SET e_time = TRANSACTION_TIMESTAMP() WHERE template = 'query90.tpl' AND stream = 3;
psql:/tmp/s1-basline/throughput/query_3.sql:2497: NOTICE:  duration: 0.036 ms  plan:
Query Text: UPDATE time_statistics SET e_time = TRANSACTION_TIMESTAMP() WHERE template = 'query90.tpl' AND stream = 3;
Update on time_statistics  (cost=0.00..7.29 rows=0 width=0) (actual time=0.036..0.036 rows=0 loops=1)
  ->  Seq Scan on time_statistics  (cost=0.00..7.29 rows=1 width=14) (actual time=0.026..0.029 rows=1 loops=1)
        Filter: ((template = 'query90.tpl'::text) AND (stream = 3))
        Rows Removed by Filter: 237
UPDATE 1
LOAD 'auto_explain'; SET auto_explain.log_min_duration TO 0; SET auto_explain.log_analyze TO on; SET auto_explain.log_level TO notice; INSERT INTO time_statistics (template, s_time, stream, query, seed) VALUES ('../query_postgresql/query92.tpl', TRANSACTION_TIMESTAMP(), 3, 52, 767450388);
LOAD
SET
SET
SET
psql:/tmp/s1-basline/throughput/query_3.sql:2498: NOTICE:  duration: 0.007 ms  plan:
Query Text: INSERT INTO time_statistics (template, s_time, stream, query, seed) VALUES ('../query_postgresql/query92.tpl', TRANSACTION_TIMESTAMP(), 3, 52, 767450388);
Insert on time_statistics  (cost=0.00..0.01 rows=0 width=0) (actual time=0.007..0.007 rows=0 loops=1)
  ->  Result  (cost=0.00..0.01 rows=1 width=64) (actual time=0.001..0.001 rows=1 loops=1)
INSERT 0 1
select  
   sum(ws_ext_discount_amt)  as "Excess Discount Amount" 
from 
    web_sales 
   ,item 
   ,date_dim
where
i_manufact_id = 389
and i_item_sk = ws_item_sk 
and d_date between '1998-03-16' and 
        (cast('1998-03-16' as date) + interval '90 days')
and d_date_sk = ws_sold_date_sk 
and ws_ext_discount_amt  
     > ( 
         SELECT 
            1.3 * avg(ws_ext_discount_amt) 
         FROM 
            web_sales 
           ,date_dim
         WHERE 
              ws_item_sk = i_item_sk 
          and d_date between '1998-03-16' and
                             (cast('1998-03-16' as date) + interval '90 days')
          and d_date_sk = ws_sold_date_sk 
      ) 
order by sum(ws_ext_discount_amt)
limit 100;
psql:/tmp/s1-basline/throughput/query_3.sql:2525: NOTICE:  duration: 19.136 ms  plan:
Query Text: select  
   sum(ws_ext_discount_amt)  as "Excess Discount Amount" 
from 
    web_sales 
   ,item 
   ,date_dim
where
i_manufact_id = 389
and i_item_sk = ws_item_sk 
and d_date between '1998-03-16' and 
        (cast('1998-03-16' as date) + interval '90 days')
and d_date_sk = ws_sold_date_sk 
and ws_ext_discount_amt  
     > ( 
         SELECT 
            1.3 * avg(ws_ext_discount_amt) 
         FROM 
            web_sales 
           ,date_dim
         WHERE 
              ws_item_sk = i_item_sk 
          and d_date between '1998-03-16' and
                             (cast('1998-03-16' as date) + interval '90 days')
          and d_date_sk = ws_sold_date_sk 
      ) 
order by sum(ws_ext_discount_amt)
limit 100;
Limit  (cost=26056.81..26056.81 rows=1 width=8) (actual time=19.129..19.131 rows=1 loops=1)
  ->  Sort  (cost=26056.81..26056.81 rows=1 width=8) (actual time=19.128..19.130 rows=1 loops=1)
        Sort Key: (sum(web_sales.ws_ext_discount_amt))
        Sort Method: quicksort  Memory: 25kB
        ->  Aggregate  (cost=26056.79..26056.80 rows=1 width=8) (actual time=19.124..19.126 rows=1 loops=1)
              ->  Hash Join  (cost=1481.92..26056.78 rows=1 width=8) (actual time=12.701..19.124 rows=2 loops=1)
                    Hash Cond: (web_sales.ws_item_sk = item.i_item_sk)
                    Join Filter: (web_sales.ws_ext_discount_amt > (SubPlan 1))
                    Rows Removed by Join Filter: 6
                    ->  Nested Loop  (cost=0.72..24573.26 rows=886 width=16) (actual time=0.016..10.064 rows=21084 loops=1)
                          ->  Index Scan using i_d_date on date_dim  (cost=0.29..5.29 rows=90 width=8) (actual time=0.009..0.021 rows=91 loops=1)
                                Index Cond: ((d_date >= '1998-03-16'::date) AND (d_date <= '1998-06-14 00:00:00'::timestamp without time zone))
                          ->  Index Scan using i_ws_sold_date_sk on web_sales  (cost=0.42..269.03 rows=395 width=24) (actual time=0.003..0.059 rows=232 loops=91)
                                Index Cond: (ws_sold_date_sk = date_dim.d_date_sk)
                    ->  Hash  (cost=1481.00..1481.00 rows=16 width=8) (actual time=7.229..7.230 rows=7 loops=1)
                          Buckets: 1024  Batches: 1  Memory Usage: 9kB
                          ->  Seq Scan on item  (cost=0.00..1481.00 rows=16 width=8) (actual time=0.682..7.227 rows=7 loops=1)
                                Filter: (i_manufact_id = 389)
                                Rows Removed by Filter: 17993
                    SubPlan 1
                      ->  Aggregate  (cost=57.23..57.24 rows=1 width=8) (actual time=0.063..0.063 rows=1 loops=8)
                            ->  Hash Join  (cost=6.84..57.23 rows=1 width=8) (actual time=0.023..0.062 rows=4 loops=8)
                                  Hash Cond: (web_sales_1.ws_sold_date_sk = date_dim_1.d_date_sk)
                                  ->  Index Scan using pk_web_sales on web_sales web_sales_1  (cost=0.42..50.69 rows=44 width=16) (actual time=0.004..0.051 rows=77 loops=8)
                                        Index Cond: (ws_item_sk = item.i_item_sk)
                                  ->  Hash  (cost=5.29..5.29 rows=90 width=8) (actual time=0.031..0.031 rows=91 loops=1)
                                        Buckets: 1024  Batches: 1  Memory Usage: 12kB
                                        ->  Index Scan using i_d_date on date_dim date_dim_1  (cost=0.29..5.29 rows=90 width=8) (actual time=0.005..0.021 rows=91 loops=1)
                                              Index Cond: ((d_date >= '1998-03-16'::date) AND (d_date <= '1998-06-14 00:00:00'::timestamp without time zone))
 Excess Discount Amount 
------------------------
                7918.95
(1 row)

UPDATE time_statistics SET e_time = TRANSACTION_TIMESTAMP() WHERE template = '../query_postgresql/query92.tpl' AND stream = 3;
psql:/tmp/s1-basline/throughput/query_3.sql:2527: NOTICE:  duration: 0.047 ms  plan:
Query Text: UPDATE time_statistics SET e_time = TRANSACTION_TIMESTAMP() WHERE template = '../query_postgresql/query92.tpl' AND stream = 3;
Update on time_statistics  (cost=0.00..7.29 rows=0 width=0) (actual time=0.047..0.047 rows=0 loops=1)
  ->  Seq Scan on time_statistics  (cost=0.00..7.29 rows=1 width=14) (actual time=0.030..0.034 rows=1 loops=1)
        Filter: ((template = '../query_postgresql/query92.tpl'::text) AND (stream = 3))
        Rows Removed by Filter: 238
UPDATE 1
LOAD 'auto_explain'; SET auto_explain.log_min_duration TO 0; SET auto_explain.log_analyze TO on; SET auto_explain.log_level TO notice; INSERT INTO time_statistics (template, s_time, stream, query, seed) VALUES ('query31.tpl', TRANSACTION_TIMESTAMP(), 3, 53, 1174962890);
LOAD
SET
SET
SET
psql:/tmp/s1-basline/throughput/query_3.sql:2528: NOTICE:  duration: 0.008 ms  plan:
Query Text: INSERT INTO time_statistics (template, s_time, stream, query, seed) VALUES ('query31.tpl', TRANSACTION_TIMESTAMP(), 3, 53, 1174962890);
Insert on time_statistics  (cost=0.00..0.01 rows=0 width=0) (actual time=0.007..0.007 rows=0 loops=1)
  ->  Result  (cost=0.00..0.01 rows=1 width=64) (actual time=0.001..0.001 rows=1 loops=1)
INSERT 0 1
with ss as
 (select ca_county,d_qoy, d_year,sum(ss_ext_sales_price) as store_sales
 from store_sales,date_dim,customer_address
 where ss_sold_date_sk = d_date_sk
  and ss_addr_sk=ca_address_sk
 group by ca_county,d_qoy, d_year),
 ws as
 (select ca_county,d_qoy, d_year,sum(ws_ext_sales_price) as web_sales
 from web_sales,date_dim,customer_address
 where ws_sold_date_sk = d_date_sk
  and ws_bill_addr_sk=ca_address_sk
 group by ca_county,d_qoy, d_year)
 select 
        ss1.ca_county
       ,ss1.d_year
       ,ws2.web_sales/ws1.web_sales web_q1_q2_increase
       ,ss2.store_sales/ss1.store_sales store_q1_q2_increase
       ,ws3.web_sales/ws2.web_sales web_q2_q3_increase
       ,ss3.store_sales/ss2.store_sales store_q2_q3_increase
 from
        ss ss1
       ,ss ss2
       ,ss ss3
       ,ws ws1
       ,ws ws2
       ,ws ws3
 where
    ss1.d_qoy = 1
    and ss1.d_year = 1998
    and ss1.ca_county = ss2.ca_county
    and ss2.d_qoy = 2
    and ss2.d_year = 1998
 and ss2.ca_county = ss3.ca_county
    and ss3.d_qoy = 3
    and ss3.d_year = 1998
    and ss1.ca_county = ws1.ca_county
    and ws1.d_qoy = 1
    and ws1.d_year = 1998
    and ws1.ca_county = ws2.ca_county
    and ws2.d_qoy = 2
    and ws2.d_year = 1998
    and ws1.ca_county = ws3.ca_county
    and ws3.d_qoy = 3
    and ws3.d_year =1998
    and case when ws1.web_sales > 0 then ws2.web_sales/ws1.web_sales else null end 
       > case when ss1.store_sales > 0 then ss2.store_sales/ss1.store_sales else null end
    and case when ws2.web_sales > 0 then ws3.web_sales/ws2.web_sales else null end
       > case when ss2.store_sales > 0 then ss3.store_sales/ss2.store_sales else null end
 order by ss1.ca_county;
psql:/tmp/s1-basline/throughput/query_3.sql:2577: NOTICE:  duration: 8965.524 ms  plan:
Query Text: with ss as
 (select ca_county,d_qoy, d_year,sum(ss_ext_sales_price) as store_sales
 from store_sales,date_dim,customer_address
 where ss_sold_date_sk = d_date_sk
  and ss_addr_sk=ca_address_sk
 group by ca_county,d_qoy, d_year),
 ws as
 (select ca_county,d_qoy, d_year,sum(ws_ext_sales_price) as web_sales
 from web_sales,date_dim,customer_address
 where ws_sold_date_sk = d_date_sk
  and ws_bill_addr_sk=ca_address_sk
 group by ca_county,d_qoy, d_year)
 select 
        ss1.ca_county
       ,ss1.d_year
       ,ws2.web_sales/ws1.web_sales web_q1_q2_increase
       ,ss2.store_sales/ss1.store_sales store_q1_q2_increase
       ,ws3.web_sales/ws2.web_sales web_q2_q3_increase
       ,ss3.store_sales/ss2.store_sales store_q2_q3_increase
 from
        ss ss1
       ,ss ss2
       ,ss ss3
       ,ws ws1
       ,ws ws2
       ,ws ws3
 where
    ss1.d_qoy = 1
    and ss1.d_year = 1998
    and ss1.ca_county = ss2.ca_county
    and ss2.d_qoy = 2
    and ss2.d_year = 1998
 and ss2.ca_county = ss3.ca_county
    and ss3.d_qoy = 3
    and ss3.d_year = 1998
    and ss1.ca_county = ws1.ca_county
    and ws1.d_qoy = 1
    and ws1.d_year = 1998
    and ws1.ca_county = ws2.ca_county
    and ws2.d_qoy = 2
    and ws2.d_year = 1998
    and ws1.ca_county = ws3.ca_county
    and ws3.d_qoy = 3
    and ws3.d_year =1998
    and case when ws1.web_sales > 0 then ws2.web_sales/ws1.web_sales else null end 
       > case when ss1.store_sales > 0 then ss2.store_sales/ss1.store_sales else null end
    and case when ws2.web_sales > 0 then ws3.web_sales/ws2.web_sales else null end
       > case when ss2.store_sales > 0 then ss3.store_sales/ss2.store_sales else null end
 order by ss1.ca_county;
Nested Loop  (cost=419255.83..548552.39 rows=1 width=114) (actual time=2749.339..8965.466 rows=47 loops=1)
  Join Filter: (((ss1.ca_county)::text = (ws2.ca_county)::text) AND (CASE WHEN (ws1.web_sales > '0'::double precision) THEN (ws2.web_sales / ws1.web_sales) ELSE NULL::double precision END > CASE WHEN (ss1.store_sales > '0'::double precision) THEN (ss2.store_sales / ss1.store_sales) ELSE NULL::double precision END) AND (CASE WHEN (ws2.web_sales > '0'::double precision) THEN (ws3.web_sales / ws2.web_sales) ELSE NULL::double precision END > CASE WHEN (ss2.store_sales > '0'::double precision) THEN (ss3.store_sales / ss2.store_sales) ELSE NULL::double precision END))
  Rows Removed by Join Filter: 532366
  CTE ss
    ->  HashAggregate  (cost=240213.41..290939.49 rows=1484184 width=30) (actual time=2106.110..2113.743 rows=35244 loops=1)
          Group Key: customer_address.ca_county, date_dim.d_qoy, date_dim.d_year
          Planned Partitions: 8  Batches: 1  Memory Usage: 10257kB
          ->  Hash Join  (cost=5321.60..122000.46 rows=2624676 width=30) (actual time=38.503..1500.598 rows=2683446 loops=1)
                Hash Cond: (store_sales.ss_sold_date_sk = date_dim.d_date_sk)
                ->  Hash Join  (cost=2273.00..111739.81 rows=2747297 width=30) (actual time=15.495..1042.783 rows=2748537 loops=1)
                      Hash Cond: (store_sales.ss_addr_sk = customer_address.ca_address_sk)
                      ->  Seq Scan on store_sales  (cost=0.00..101911.56 rows=2877956 width=24) (actual time=0.005..215.055 rows=2877928 loops=1)
                      ->  Hash  (cost=1648.00..1648.00 rows=50000 width=22) (actual time=15.215..15.217 rows=50000 loops=1)
                            Buckets: 65536  Batches: 1  Memory Usage: 3298kB
                            ->  Seq Scan on customer_address  (cost=0.00..1648.00 rows=50000 width=22) (actual time=0.004..7.296 rows=50000 loops=1)
                ->  Hash  (cost=2135.49..2135.49 rows=73049 width=16) (actual time=22.422..22.423 rows=73049 loops=1)
                      Buckets: 131072  Batches: 1  Memory Usage: 4449kB
                      ->  Seq Scan on date_dim  (cost=0.00..2135.49 rows=73049 width=16) (actual time=0.008..11.014 rows=73049 loops=1)
  CTE ws
    ->  HashAggregate  (cost=75331.81..92356.29 rows=719186 width=30) (actual time=594.843..600.143 rows=23366 loops=1)
          Group Key: customer_address_1.ca_county, date_dim_1.d_qoy, date_dim_1.d_year
          Planned Partitions: 4  Batches: 1  Memory Usage: 9233kB
          ->  Hash Join  (cost=5321.60..42940.34 rows=719186 width=30) (actual time=33.279..431.278 rows=719212 loops=1)
                Hash Cond: (web_sales.ws_sold_date_sk = date_dim_1.d_date_sk)
                ->  Hash Join  (cost=2273.00..38003.51 rows=719282 width=30) (actual time=13.399..302.350 rows=719288 loops=1)
                      Hash Cond: (web_sales.ws_bill_addr_sk = customer_address_1.ca_address_sk)
                      ->  Seq Scan on web_sales  (cost=0.00..33841.74 rows=719474 width=24) (actual time=0.004..62.212 rows=719474 loops=1)
                      ->  Hash  (cost=1648.00..1648.00 rows=50000 width=22) (actual time=13.356..13.356 rows=50000 loops=1)
                            Buckets: 65536  Batches: 1  Memory Usage: 3298kB
                            ->  Seq Scan on customer_address customer_address_1  (cost=0.00..1648.00 rows=50000 width=22) (actual time=0.004..7.147 rows=50000 loops=1)
                ->  Hash  (cost=2135.49..2135.49 rows=73049 width=16) (actual time=19.813..19.814 rows=73049 loops=1)
                      Buckets: 131072  Batches: 1  Memory Usage: 4449kB
                      ->  Seq Scan on date_dim date_dim_1  (cost=0.00..2135.49 rows=73049 width=16) (actual time=0.006..10.519 rows=73049 loops=1)
  ->  Nested Loop  (cost=35960.05..147276.27 rows=1 width=434) (actual time=2727.586..7909.880 rows=567 loops=1)
        Join Filter: ((ss1.ca_county)::text = (ss3.ca_county)::text)
        Rows Removed by Join Filter: 1033609
        ->  Nested Loop  (cost=35960.05..110171.21 rows=1 width=348) (actual time=2724.377..6284.154 rows=572 loops=1)
              Join Filter: ((ss1.ca_county)::text = (ss2.ca_county)::text)
              Rows Removed by Join Filter: 1012804
              ->  Nested Loop  (cost=35960.05..73066.15 rows=1 width=262) (actual time=2723.636..4574.306 rows=609 loops=1)
                    Join Filter: ((ws1.ca_county)::text = (ss1.ca_county)::text)
                    Rows Removed by Join Filter: 1067031
                    ->  Merge Join  (cost=35960.05..35960.25 rows=2 width=172) (actual time=611.200..612.198 rows=651 loops=1)
                          Merge Cond: ((ws1.ca_county)::text = (ws3.ca_county)::text)
                          ->  Sort  (cost=17980.03..17980.07 rows=18 width=86) (actual time=608.120..608.205 rows=892 loops=1)
                                Sort Key: ws1.ca_county
                                Sort Method: quicksort  Memory: 82kB
                                ->  CTE Scan on ws ws1  (cost=0.00..17979.65 rows=18 width=86) (actual time=594.860..607.254 rows=892 loops=1)
                                      Filter: ((d_qoy = 1) AND (d_year = 1998))
                                      Rows Removed by Filter: 22474
                          ->  Sort  (cost=17980.03..17980.07 rows=18 width=86) (actual time=3.075..3.231 rows=1263 loops=1)
                                Sort Key: ws3.ca_county
                                Sort Method: quicksort  Memory: 130kB
                                ->  CTE Scan on ws ws3  (cost=0.00..17979.65 rows=18 width=86) (actual time=0.002..1.805 rows=1263 loops=1)
                                      Filter: ((d_year = 1998) AND (d_qoy = 3))
                                      Rows Removed by Filter: 22103
                    ->  CTE Scan on ss ss1  (cost=0.00..37104.60 rows=37 width=90) (actual time=3.238..5.990 rows=1640 loops=651)
                          Filter: ((d_qoy = 1) AND (d_year = 1998))
                          Rows Removed by Filter: 33604
              ->  CTE Scan on ss ss2  (cost=0.00..37104.60 rows=37 width=86) (actual time=0.001..2.711 rows=1664 loops=609)
                    Filter: ((d_year = 1998) AND (d_qoy = 2))
                    Rows Removed by Filter: 33580
        ->  CTE Scan on ss ss3  (cost=0.00..37104.60 rows=37 width=86) (actual time=0.001..2.737 rows=1808 loops=572)
              Filter: ((d_year = 1998) AND (d_qoy = 3))
              Rows Removed by Filter: 33436
  ->  CTE Scan on ws ws2  (cost=0.00..17979.65 rows=18 width=86) (actual time=0.005..1.795 rows=939 loops=567)
        Filter: ((d_year = 1998) AND (d_qoy = 2))
        Rows Removed by Filter: 22427
     ca_county      | d_year | web_q1_q2_increase | store_q1_q2_increase | web_q2_q3_increase  | store_q2_q3_increase 
--------------------+--------+--------------------+----------------------+---------------------+----------------------
 Adams County       |   1998 | 2.3314942415528304 |   0.8365735260732432 |  3.8973924225910888 |     2.05277874403959
 Bastrop County     |   1998 | 1.1125178860898062 |   0.9437595415892012 |  1.2847343318851279 |   0.9662471960547476
 Benton County      |   1998 | 1.6016680556601177 |    1.539690037589183 |   2.057114361780805 |   1.0271074417245982
 Blaine County      |   1998 | 0.8358748440645316 |   0.6164006402302077 |   2.482946453961737 |   2.4212637908880876
 Bonneville County  |   1998 | 1.1305531837305702 |   0.6009981062577585 |  1.2921759725530768 |   0.8814472042281479
 Bradley County     |   1998 | 0.8940736366039231 |   0.5806002580090355 |   2.635838566933674 |   2.3523890420569753
 Caldwell County    |   1998 | 3.3004382528185148 |   1.1228915434012137 |   2.798317439383481 |    1.432567961054706
 Cameron County     |   1998 | 1.6588287321163717 |   1.6187976672514959 |  3.1682908849602214 |    3.015198034492176
 Cass County        |   1998 | 1.3011502233948053 |   0.9433768359355994 |  2.6437966336951497 |    2.026657865956555
 Chaves County      |   1998 | 1.8590372432042628 |   1.5057318518228497 |  2.8019186368794924 |   2.4646856336998395
 Chippewa County    |   1998 | 1.2255655433600956 |   0.8490493316580607 |  2.8953489343034002 |   1.3949911185335917
 Cibola County      |   1998 | 1.6611322802689545 |   0.9144310480961725 |  0.7363509908026561 |   0.6614828421718071
 Cumberland County  |   1998 |  6.499172750694794 |   2.1129576934706584 |  1.6678721248967734 |    1.270882184286261
 Dale County        |   1998 | 1.5230158005297278 |   0.9782263633138628 |   1.468569126717271 |  0.44855370129005845
 DeKalb County      |   1998 | 2.1845940015146397 |   1.6083858215234474 |  0.9970672305297587 |   0.8736930257893849
 Delaware County    |   1998 |  1.118239351497272 |    0.775013678447563 |   2.162887325923783 |   1.1754536911496771
 Douglas County     |   1998 | 3.0784111764719544 |   1.0391726279025852 |  2.3168513926485685 |   2.1208598990175136
 Erie County        |   1998 |  4.572855144677487 |    3.507208548172823 |  0.9174874458796761 |   0.8014981964755129
 Falls County       |   1998 | 0.6316144167120369 |    0.508610631593561 |   5.850761962557764 |   0.6468189497526473
 Franklin County    |   1998 |  1.196229785493946 |   1.1001910785464162 |  1.5227629844954067 |   1.4740833895647087
 Gage County        |   1998 | 3.9002794746418528 |   1.5071031569183257 | 0.42226239585711217 |  0.11123982404563723
 Grant County       |   1998 | 1.0203065295787974 |   0.6500095460783973 |   2.782112390261576 |   1.9620710807506667
 Hancock County     |   1998 | 1.3968605869082908 |   0.9658692697232467 |  2.2122490336290874 |    2.067969235016726
 Harlan County      |   1998 |  1.235753922703231 |   0.5778129538322624 |   3.875140971714215 |   3.7443323388228023
 Harrison County    |   1998 | 0.8539834027566672 |   0.8129446780707019 |  2.7168043965272353 |   2.0608912995453554
 Jeff Davis County  |   1998 |  4.718493093744911 |    1.920285329213373 |  3.0831403954588854 |   1.5929519033428563
 Jim Wells County   |   1998 | 1.6579244004913447 |   1.2609226103640931 |  1.7888166090854218 |   0.6800601034157245
 Lauderdale County  |   1998 | 2.2185187010843563 |   1.4184407989416898 |  1.3235107815666116 |    0.787675157009007
 Logan County       |   1998 | 0.6792442854596117 |   0.6485368353922921 |  3.3161722955131205 |   1.9950219640326385
 Manitowoc County   |   1998 | 1.5441650000309588 |   0.7341089369614879 |   2.182033823056252 |   1.1529067090595324
 Mason County       |   1998 | 2.1825675996349627 |   1.2440202618306788 |  1.5657949360174412 |   1.0503004451324234
 Miami County       |   1998 | 2.3024889376759914 |    1.279021642643123 |   2.069277682979041 |   1.6537548929764472
 Monroe County      |   1998 | 0.9917813199060677 |     0.92115419224064 |  2.0150092145603224 |   1.8592533679711722
 Morgan County      |   1998 | 0.8674130791885984 |   0.8066023865609444 |   2.745662003376578 |    2.218294587184183
 Pearl River County |   1998 | 0.8331666432690203 |    0.438455936099828 |    1.31462251842301 |   0.5109009508797762
 Perry County       |   1998 |  4.498531170747103 |   0.9799621577091444 |  3.1098194392233385 |    2.443405462805592
 Pipestone County   |   1998 | 3.9836770296378625 |   0.6641413286969511 |   1.183831424889958 |   0.8977931745048511
 Pulaski County     |   1998 | 1.7806495304599086 |   0.8594047340381729 |  1.1324135767242034 |   1.1104519592788524
 Red River County   |   1998 |   2.77968661083025 |   0.7158220141767839 |   1.954750892906823 |   1.6839663235450633
 Scott County       |   1998 |   1.48947336063112 |   0.7749932136553663 |  2.7761628674725736 |   1.5632058532558664
 Shelby County      |   1998 | 0.9635506449466137 |   0.5794484982455104 |   4.565521852844989 |   1.5244374680010229
 Stark County       |   1998 | 0.6796108817850509 |   0.1246838103148522 |    9.74132804589848 |    9.282726214218798
 Suffolk city       |   1998 | 0.7833525523624332 |   0.7187777941129888 |  1.4302016804616795 |    1.213198195551256
 Sullivan County    |   1998 |   1.86461382586193 |   1.2069047641903174 |   5.585195756051381 |   1.4956932576499282
 Walton County      |   1998 | 0.6291112876398142 |  0.49972801744619433 |  2.6854059612084074 |   2.2953264993403626
 Warren County      |   1998 | 0.5724817656472126 |   0.4839667053213123 |  3.3898914462667964 |    2.316020208429255
 Washington County  |   1998 | 1.3634934384617043 |   1.1570542064187774 |  2.5323594373896428 |   1.5390967447844541
(47 rows)

UPDATE time_statistics SET e_time = TRANSACTION_TIMESTAMP() WHERE template = 'query31.tpl' AND stream = 3;
psql:/tmp/s1-basline/throughput/query_3.sql:2579: NOTICE:  duration: 0.057 ms  plan:
Query Text: UPDATE time_statistics SET e_time = TRANSACTION_TIMESTAMP() WHERE template = 'query31.tpl' AND stream = 3;
Update on time_statistics  (cost=0.00..7.29 rows=0 width=0) (actual time=0.057..0.057 rows=0 loops=1)
  ->  Seq Scan on time_statistics  (cost=0.00..7.29 rows=1 width=14) (actual time=0.038..0.043 rows=1 loops=1)
        Filter: ((template = 'query31.tpl'::text) AND (stream = 3))
        Rows Removed by Filter: 239
UPDATE 1
LOAD 'auto_explain'; SET auto_explain.log_min_duration TO 0; SET auto_explain.log_analyze TO on; SET auto_explain.log_level TO notice; INSERT INTO time_statistics (template, s_time, stream, query, seed) VALUES ('query42.tpl', TRANSACTION_TIMESTAMP(), 3, 54, 1505176317);
LOAD
SET
SET
SET
psql:/tmp/s1-basline/throughput/query_3.sql:2580: NOTICE:  duration: 0.009 ms  plan:
Query Text: INSERT INTO time_statistics (template, s_time, stream, query, seed) VALUES ('query42.tpl', TRANSACTION_TIMESTAMP(), 3, 54, 1505176317);
Insert on time_statistics  (cost=0.00..0.01 rows=0 width=0) (actual time=0.008..0.008 rows=0 loops=1)
  ->  Result  (cost=0.00..0.01 rows=1 width=64) (actual time=0.001..0.001 rows=1 loops=1)
INSERT 0 1
select  dt.d_year
 	,item.i_category_id
 	,item.i_category
 	,sum(ss_ext_sales_price)
 from 	date_dim dt
 	,store_sales
 	,item
 where dt.d_date_sk = store_sales.ss_sold_date_sk
 	and store_sales.ss_item_sk = item.i_item_sk
 	and item.i_manager_id = 1  	
 	and dt.d_moy=12
 	and dt.d_year=1998
 group by 	dt.d_year
 		,item.i_category_id
 		,item.i_category
 order by       sum(ss_ext_sales_price) desc,dt.d_year
 		,item.i_category_id
 		,item.i_category
limit 100 ;
psql:/tmp/s1-basline/throughput/query_3.sql:2599: NOTICE:  duration: 190.759 ms  plan:
Query Text: select  dt.d_year
 	,item.i_category_id
 	,item.i_category
 	,sum(ss_ext_sales_price)
 from 	date_dim dt
 	,store_sales
 	,item
 where dt.d_date_sk = store_sales.ss_sold_date_sk
 	and store_sales.ss_item_sk = item.i_item_sk
 	and item.i_manager_id = 1  	
 	and dt.d_moy=12
 	and dt.d_year=1998
 group by 	dt.d_year
 		,item.i_category_id
 		,item.i_category
 order by       sum(ss_ext_sales_price) desc,dt.d_year
 		,item.i_category_id
 		,item.i_category
limit 100 ;
Limit  (cost=43196.95..43197.00 rows=20 width=67) (actual time=190.741..190.744 rows=10 loops=1)
  ->  Sort  (cost=43196.95..43197.00 rows=20 width=67) (actual time=190.740..190.742 rows=10 loops=1)
        Sort Key: (sum(store_sales.ss_ext_sales_price)) DESC, item.i_category_id, item.i_category
        Sort Method: quicksort  Memory: 26kB
        ->  GroupAggregate  (cost=43196.07..43196.52 rows=20 width=67) (actual time=190.408..190.733 rows=10 loops=1)
              Group Key: dt.d_year, item.i_category_id, item.i_category
              ->  Sort  (cost=43196.07..43196.12 rows=20 width=67) (actual time=190.357..190.422 rows=1546 loops=1)
                    Sort Key: item.i_category_id, item.i_category
                    Sort Method: quicksort  Memory: 217kB
                    ->  Nested Loop  (cost=0.72..43195.64 rows=20 width=67) (actual time=4.939..189.914 rows=1546 loops=1)
                          ->  Nested Loop  (cost=0.43..42836.21 rows=1167 width=20) (actual time=4.155..51.364 rows=92473 loops=1)
                                ->  Seq Scan on date_dim dt  (cost=0.00..2500.73 rows=31 width=12) (actual time=4.144..8.857 rows=31 loops=1)
                                      Filter: ((d_moy = 12) AND (d_year = 1998))
                                      Rows Removed by Filter: 73018
                                ->  Index Scan using i_ss_sold_date_sk on store_sales  (cost=0.43..1286.06 rows=1508 width=24) (actual time=0.005..0.944 rows=2983 loops=31)
                                      Index Cond: (ss_sold_date_sk = dt.d_date_sk)
                          ->  Index Scan using pk_item on item  (cost=0.29..0.31 rows=1 width=63) (actual time=0.001..0.001 rows=0 loops=92473)
                                Index Cond: (i_item_sk = store_sales.ss_item_sk)
                                Filter: (i_manager_id = 1)
                                Rows Removed by Filter: 1
 d_year | i_category_id |                     i_category                     |        sum         
--------+---------------+----------------------------------------------------+--------------------
   1998 |             3 | Children                                           |          370483.26
   1998 |             6 | Jewelry                                            | 355741.23000000004
   1998 |             1 | Women                                              |          338898.41
   1998 |             4 | Shoes                                              | 315600.25000000006
   1998 |             8 | Sports                                             |          309507.18
   1998 |             2 | Men                                                |  297811.6500000001
   1998 |             5 | Music                                              | 287880.18000000005
   1998 |            10 | Electronics                                        | 266310.76999999996
   1998 |             7 | Home                                               | 185297.28999999983
   1998 |             9 | Books                                              |          146673.85
(10 rows)

UPDATE time_statistics SET e_time = TRANSACTION_TIMESTAMP() WHERE template = 'query42.tpl' AND stream = 3;
psql:/tmp/s1-basline/throughput/query_3.sql:2601: NOTICE:  duration: 0.054 ms  plan:
Query Text: UPDATE time_statistics SET e_time = TRANSACTION_TIMESTAMP() WHERE template = 'query42.tpl' AND stream = 3;
Update on time_statistics  (cost=0.00..7.29 rows=0 width=0) (actual time=0.054..0.054 rows=0 loops=1)
  ->  Seq Scan on time_statistics  (cost=0.00..7.29 rows=1 width=14) (actual time=0.035..0.039 rows=1 loops=1)
        Filter: ((template = 'query42.tpl'::text) AND (stream = 3))
        Rows Removed by Filter: 240
UPDATE 1
LOAD 'auto_explain'; SET auto_explain.log_min_duration TO 0; SET auto_explain.log_analyze TO on; SET auto_explain.log_level TO notice; INSERT INTO time_statistics (template, s_time, stream, query, seed) VALUES ('query26.tpl', TRANSACTION_TIMESTAMP(), 3, 55, 773312134);
LOAD
SET
SET
SET
psql:/tmp/s1-basline/throughput/query_3.sql:2602: NOTICE:  duration: 0.008 ms  plan:
Query Text: INSERT INTO time_statistics (template, s_time, stream, query, seed) VALUES ('query26.tpl', TRANSACTION_TIMESTAMP(), 3, 55, 773312134);
Insert on time_statistics  (cost=0.00..0.01 rows=0 width=0) (actual time=0.008..0.008 rows=0 loops=1)
  ->  Result  (cost=0.00..0.01 rows=1 width=64) (actual time=0.001..0.002 rows=1 loops=1)
INSERT 0 1
select  i_item_id, 
        avg(cs_quantity) agg1,
        avg(cs_list_price) agg2,
        avg(cs_coupon_amt) agg3,
        avg(cs_sales_price) agg4 
 from catalog_sales, customer_demographics, date_dim, item, promotion
 where cs_sold_date_sk = d_date_sk and
       cs_item_sk = i_item_sk and
       cs_bill_cdemo_sk = cd_demo_sk and
       cs_promo_sk = p_promo_sk and
       cd_gender = 'M' and 
       cd_marital_status = 'S' and
       cd_education_status = '2 yr Degree' and
       (p_channel_email = 'N' or p_channel_event = 'N') and
       d_year = 2002 
 group by i_item_id
 order by i_item_id
 limit 100;
psql:/tmp/s1-basline/throughput/query_3.sql:2620: NOTICE:  duration: 649.160 ms  plan:
Query Text: select  i_item_id, 
        avg(cs_quantity) agg1,
        avg(cs_list_price) agg2,
        avg(cs_coupon_amt) agg3,
        avg(cs_sales_price) agg4 
 from catalog_sales, customer_demographics, date_dim, item, promotion
 where cs_sold_date_sk = d_date_sk and
       cs_item_sk = i_item_sk and
       cs_bill_cdemo_sk = cd_demo_sk and
       cs_promo_sk = p_promo_sk and
       cd_gender = 'M' and 
       cd_marital_status = 'S' and
       cd_education_status = '2 yr Degree' and
       (p_channel_email = 'N' or p_channel_event = 'N') and
       d_year = 2002 
 group by i_item_id
 order by i_item_id
 limit 100;
Limit  (cost=24582.04..24585.54 rows=100 width=73) (actual time=648.995..649.102 rows=100 loops=1)
  ->  GroupAggregate  (cost=24582.04..24585.57 rows=101 width=73) (actual time=648.994..649.094 rows=100 loops=1)
        Group Key: item.i_item_id
        ->  Sort  (cost=24582.04..24582.29 rows=101 width=45) (actual time=648.981..648.988 rows=129 loops=1)
              Sort Key: item.i_item_id
              Sort Method: quicksort  Memory: 426kB
              ->  Nested Loop  (cost=1.29..24578.68 rows=101 width=45) (actual time=4.867..638.263 rows=3835 loops=1)
                    ->  Nested Loop  (cost=1.00..24547.77 rows=101 width=36) (actual time=4.863..629.765 rows=3835 loops=1)
                          ->  Nested Loop  (cost=0.85..24530.43 rows=102 width=44) (actual time=4.859..625.024 rows=3866 loops=1)
                                ->  Nested Loop  (cost=0.43..21168.73 rows=7110 width=52) (actual time=4.051..133.860 rows=286027 loops=1)
                                      ->  Seq Scan on date_dim  (cost=0.00..2318.11 rows=363 width=8) (actual time=4.030..8.518 rows=365 loops=1)
                                            Filter: (d_year = 2002)
                                            Rows Removed by Filter: 72684
                                      ->  Index Scan using i_cs_sold_date_sk on catalog_sales  (cost=0.43..44.11 rows=782 width=60) (actual time=0.004..0.184 rows=784 loops=365)
                                            Index Cond: (cs_sold_date_sk = date_dim.d_date_sk)
                                ->  Index Scan using pk_customer_demographics on customer_demographics  (cost=0.43..0.47 rows=1 width=8) (actual time=0.002..0.002 rows=0 loops=286027)
                                      Index Cond: (cd_demo_sk = catalog_sales.cs_bill_cdemo_sk)
                                      Filter: ((cd_gender = 'M'::bpchar) AND (cd_marital_status = 'S'::bpchar) AND (cd_education_status = '2 yr Degree'::bpchar))
                                      Rows Removed by Filter: 1
                          ->  Index Scan using pk_promotion on promotion  (cost=0.15..0.17 rows=1 width=8) (actual time=0.001..0.001 rows=1 loops=3866)
                                Index Cond: (p_promo_sk = catalog_sales.cs_promo_sk)
                                Filter: ((p_channel_email = 'N'::bpchar) OR (p_channel_event = 'N'::bpchar))
                                Rows Removed by Filter: 0
                    ->  Index Scan using pk_item on item  (cost=0.29..0.31 rows=1 width=25) (actual time=0.002..0.002 rows=1 loops=3835)
                          Index Cond: (i_item_sk = catalog_sales.cs_item_sk)
    i_item_id     |        agg1         |        agg2        |       agg3        |        agg4        
------------------+---------------------+--------------------+-------------------+--------------------
 AAAAAAAAAAACAAAA | 36.0000000000000000 |                 98 |            333.04 |              57.82
 AAAAAAAAAAAEAAAA | 36.0000000000000000 |              95.09 |             302.6 |              32.33
 AAAAAAAAAABBAAAA | 73.0000000000000000 |              78.27 |           1449.94 |              21.13
 AAAAAAAAAABDAAAA | 39.0000000000000000 |             127.84 |                 0 |              97.15
 AAAAAAAAAACCAAAA | 64.0000000000000000 |              94.82 |                 0 |               0.94
 AAAAAAAAAAFAAAAA | 32.0000000000000000 |             158.53 |           2341.04 |             112.55
 AAAAAAAAAAHBAAAA | 31.0000000000000000 |               2.13 |                 0 |               0.46
 AAAAAAAAAAHDAAAA | 65.0000000000000000 |              80.36 |                 0 |              38.57
 AAAAAAAAAAICAAAA | 63.0000000000000000 |              77.29 |                 0 |              51.01
 AAAAAAAAAAKBAAAA | 64.3333333333333333 | 209.97333333333336 |                 0 | 104.57666666666667
 AAAAAAAAAAKDAAAA | 52.0000000000000000 |            104.855 |          3309.225 |             72.725
 AAAAAAAAAAMBAAAA | 78.0000000000000000 |             259.74 |                 0 |               98.7
 AAAAAAAAAAMCAAAA | 76.0000000000000000 |              77.76 |                 0 |              59.09
 AAAAAAAAAANAAAAA | 38.0000000000000000 |              44.86 |             84.54 |              27.81
 AAAAAAAAABABAAAA | 37.0000000000000000 |             72.715 |                 0 | 50.724999999999994
 AAAAAAAAABAEAAAA | 70.0000000000000000 |              11.68 |            327.15 |              10.16
 AAAAAAAAABBAAAAA | 65.0000000000000000 |              12.05 |                 0 |               3.25
 AAAAAAAAABBCAAAA | 25.0000000000000000 |             111.05 |                 0 |               85.5
 AAAAAAAAABBDAAAA | 85.0000000000000000 |             130.01 |           6683.04 |              124.8
 AAAAAAAAABDBAAAA | 39.0000000000000000 |              18.39 |                 0 |               8.45
 AAAAAAAAABDEAAAA | 58.0000000000000000 |              58.88 |           2163.58 |              56.52
 AAAAAAAAABGBAAAA | 10.0000000000000000 |             117.13 |            528.68 |              86.67
 AAAAAAAAABGDAAAA | 70.0000000000000000 |             61.515 |                 0 |              21.27
 AAAAAAAAABGEAAAA | 47.5000000000000000 |            123.625 |                 0 |               78.9
 AAAAAAAAABHCAAAA | 43.6666666666666667 |             141.92 | 908.2600000000001 |  79.14999999999999
 AAAAAAAAABIBAAAA | 43.0000000000000000 |              90.62 |                 0 |               2.71
 AAAAAAAAABICAAAA | 85.0000000000000000 |             142.05 |                 0 |              41.19
 AAAAAAAAABKDAAAA | 70.0000000000000000 |              35.74 |                 0 |              35.38
 AAAAAAAAABLBAAAA | 19.0000000000000000 |             158.68 |                 0 |                  0
 AAAAAAAAABMBAAAA | 38.0000000000000000 |             105.69 |                 0 |               33.8
 AAAAAAAAABMDAAAA | 44.6666666666666667 | 132.93666666666664 |            131.04 |  77.34333333333333
 AAAAAAAAABNCAAAA | 24.0000000000000000 |              90.59 |                 0 |              34.42
 AAAAAAAAABPBAAAA | 48.6666666666666667 |  60.68333333333333 |                 0 |  39.89666666666667
 AAAAAAAAACCEAAAA | 39.0000000000000000 |             140.36 |            113.84 |              36.49
 AAAAAAAAACDCAAAA | 20.0000000000000000 |              88.47 |                 0 |              52.19
 AAAAAAAAACEBAAAA | 29.0000000000000000 |              142.2 |                 0 |             102.38
 AAAAAAAAACECAAAA | 38.0000000000000000 |              77.37 |            275.73 |              10.83
 AAAAAAAAACFAAAAA | 59.0000000000000000 |              78.97 |                 0 |                7.1
 AAAAAAAAACFBAAAA | 58.0000000000000000 |               95.4 |           1787.22 |              81.09
 AAAAAAAAACGAAAAA | 18.0000000000000000 |             196.29 |                 0 |             174.69
 AAAAAAAAACGCAAAA | 63.5000000000000000 | 127.45000000000002 |                 0 |              111.6
 AAAAAAAAACGDAAAA | 83.0000000000000000 |                4.9 |                 0 |                4.5
 AAAAAAAAACHBAAAA | 57.0000000000000000 |              31.08 |                 0 |              25.17
 AAAAAAAAACIAAAAA |  4.0000000000000000 |              18.68 |                 0 |                  0
 AAAAAAAAACIBAAAA | 22.0000000000000000 |             48.895 |                 0 |             19.565
 AAAAAAAAACIDAAAA | 46.3333333333333333 |  98.50333333333333 |                 0 | 62.953333333333326
 AAAAAAAAACJAAAAA | 63.0000000000000000 |              40.83 |                 0 |              32.66
 AAAAAAAAACMCAAAA | 28.0000000000000000 |              23.98 |                 0 |              18.22
 AAAAAAAAACMDAAAA | 69.0000000000000000 |               4.36 |                 0 |               2.96
 AAAAAAAAACNBAAAA | 65.0000000000000000 |             205.17 |           11089.8 |             203.11
 AAAAAAAAACOBAAAA | 63.0000000000000000 |             108.18 |                 0 |              73.56
 AAAAAAAAACPDAAAA | 34.0000000000000000 |              59.99 |                 0 |               5.39
 AAAAAAAAADBEAAAA |  7.5000000000000000 |            134.175 |                 0 |             55.195
 AAAAAAAAADDBAAAA | 79.0000000000000000 |              74.93 |                 0 |              69.68
 AAAAAAAAADDEAAAA | 62.0000000000000000 |              98.51 |                 0 |              83.73
 AAAAAAAAADEDAAAA | 83.0000000000000000 |             108.23 |                 0 |              96.32
 AAAAAAAAADGCAAAA | 74.0000000000000000 |             226.85 |                 0 |              45.37
 AAAAAAAAADHAAAAA |                     |             143.97 |                 0 |              18.71
 AAAAAAAAADHDAAAA | 36.0000000000000000 |             247.96 |                 0 |              44.63
 AAAAAAAAADIAAAAA | 37.5000000000000000 |             211.38 |          2474.105 |              71.65
 AAAAAAAAADJCAAAA | 88.0000000000000000 |              70.09 |                 0 |              30.13
 AAAAAAAAADKDAAAA | 98.0000000000000000 |             170.64 |            406.16 |              15.35
 AAAAAAAAADLAAAAA | 87.0000000000000000 |              33.38 |                 0 |              15.35
 AAAAAAAAADLCAAAA | 74.0000000000000000 |              18.78 |                 0 |              15.21
 AAAAAAAAADLDAAAA | 69.0000000000000000 |              46.68 |                 0 |              44.34
 AAAAAAAAADMBAAAA | 63.0000000000000000 |             100.09 |                 0 |              60.05
 AAAAAAAAADMCAAAA | 96.0000000000000000 |              65.59 |                 0 |              57.71
 AAAAAAAAADNBAAAA | 44.0000000000000000 |             174.47 |                 0 |              68.04
 AAAAAAAAADOAAAAA | 91.0000000000000000 |             136.58 |                 0 |              60.09
 AAAAAAAAADPCAAAA | 96.0000000000000000 |             202.68 |                 0 |                  0
 AAAAAAAAAEAAAAAA | 51.0000000000000000 |               90.9 |                 0 |              78.17
 AAAAAAAAAEAEAAAA | 34.0000000000000000 |             137.18 |                 0 |              87.79
 AAAAAAAAAEBCAAAA | 77.0000000000000000 |              11.33 |                 0 |               0.56
 AAAAAAAAAEBDAAAA | 94.0000000000000000 |              25.91 |                 0 |              18.91
 AAAAAAAAAECBAAAA | 33.0000000000000000 |              73.77 |                 0 |              41.31
 AAAAAAAAAEDAAAAA | 89.0000000000000000 |             196.67 |                 0 |             190.76
 AAAAAAAAAEDBAAAA | 46.5000000000000000 |            149.285 |            13.515 |              89.24
 AAAAAAAAAEDDAAAA | 71.0000000000000000 |               2.69 |                 0 |                1.8
 AAAAAAAAAEDEAAAA | 48.5000000000000000 |             86.765 |           1211.33 |              50.19
 AAAAAAAAAEFBAAAA | 93.0000000000000000 |              75.74 |                 0 |              60.59
 AAAAAAAAAEGAAAAA | 59.0000000000000000 |              97.37 |                 0 |             76.695
 AAAAAAAAAEGEAAAA |  6.0000000000000000 |              35.44 |                 0 |              23.74
 AAAAAAAAAEHAAAAA | 29.5000000000000000 | 157.97500000000002 |             33.39 |             47.655
 AAAAAAAAAEHCAAAA | 77.0000000000000000 |              41.23 |                 0 |              24.73
 AAAAAAAAAEIBAAAA |  8.0000000000000000 |              55.15 |                 0 |               8.82
 AAAAAAAAAEJAAAAA | 35.5000000000000000 | 15.940000000000001 |                 0 |              6.745
 AAAAAAAAAEJDAAAA | 60.0000000000000000 |             108.99 |            899.71 |              46.86
 AAAAAAAAAEKAAAAA | 60.0000000000000000 |  87.49000000000001 |                 0 |             37.925
 AAAAAAAAAELCAAAA | 38.0000000000000000 |             150.54 |          1329.605 | 55.309999999999995
 AAAAAAAAAEMBAAAA | 15.0000000000000000 |             208.08 |                 0 |             101.95
 AAAAAAAAAENCAAAA | 26.0000000000000000 |             129.37 |                 0 |              11.64
 AAAAAAAAAENDAAAA | 46.5000000000000000 |            181.735 |                 0 | 57.410000000000004
 AAAAAAAAAEOBAAAA | 11.0000000000000000 |               99.2 |            537.81 |              92.25
 AAAAAAAAAFBBAAAA | 80.0000000000000000 |             130.76 |                 0 |              88.91
 AAAAAAAAAFBCAAAA | 56.0000000000000000 |              75.62 |                 0 |              40.72
 AAAAAAAAAFCAAAAA |  6.0000000000000000 |              93.23 |             64.43 |              33.56
 AAAAAAAAAFEEAAAA | 43.0000000000000000 |             274.34 |                 0 |              120.7
 AAAAAAAAAFFDAAAA | 99.0000000000000000 |             132.88 |           5504.86 |              59.79
 AAAAAAAAAFIDAAAA |  7.0000000000000000 |              63.41 |            144.45 |              22.19
 AAAAAAAAAFJCAAAA | 99.0000000000000000 |                 41 |                 0 |                4.1
(100 rows)

UPDATE time_statistics SET e_time = TRANSACTION_TIMESTAMP() WHERE template = 'query26.tpl' AND stream = 3;
psql:/tmp/s1-basline/throughput/query_3.sql:2622: NOTICE:  duration: 0.058 ms  plan:
Query Text: UPDATE time_statistics SET e_time = TRANSACTION_TIMESTAMP() WHERE template = 'query26.tpl' AND stream = 3;
Update on time_statistics  (cost=0.00..7.29 rows=0 width=0) (actual time=0.058..0.058 rows=0 loops=1)
  ->  Seq Scan on time_statistics  (cost=0.00..7.29 rows=1 width=14) (actual time=0.034..0.038 rows=1 loops=1)
        Filter: ((template = 'query26.tpl'::text) AND (stream = 3))
        Rows Removed by Filter: 241
UPDATE 1
LOAD 'auto_explain'; SET auto_explain.log_min_duration TO 0; SET auto_explain.log_analyze TO on; SET auto_explain.log_level TO notice; INSERT INTO time_statistics (template, s_time, stream, query, seed) VALUES ('query34.tpl', TRANSACTION_TIMESTAMP(), 3, 56, 595076508);
LOAD
SET
SET
SET
psql:/tmp/s1-basline/throughput/query_3.sql:2623: NOTICE:  duration: 0.008 ms  plan:
Query Text: INSERT INTO time_statistics (template, s_time, stream, query, seed) VALUES ('query34.tpl', TRANSACTION_TIMESTAMP(), 3, 56, 595076508);
Insert on time_statistics  (cost=0.00..0.01 rows=0 width=0) (actual time=0.008..0.008 rows=0 loops=1)
  ->  Result  (cost=0.00..0.01 rows=1 width=64) (actual time=0.001..0.001 rows=1 loops=1)
INSERT 0 1
select c_last_name
       ,c_first_name
       ,c_salutation
       ,c_preferred_cust_flag
       ,ss_ticket_number
       ,cnt from
   (select ss_ticket_number
          ,ss_customer_sk
          ,count(*) cnt
    from store_sales,date_dim,store,household_demographics
    where store_sales.ss_sold_date_sk = date_dim.d_date_sk
    and store_sales.ss_store_sk = store.s_store_sk  
    and store_sales.ss_hdemo_sk = household_demographics.hd_demo_sk
    and (date_dim.d_dom between 1 and 3 or date_dim.d_dom between 25 and 28)
    and (household_demographics.hd_buy_potential = '1001-5000' or
         household_demographics.hd_buy_potential = 'Unknown')
    and household_demographics.hd_vehicle_count > 0
    and (case when household_demographics.hd_vehicle_count > 0 
	then household_demographics.hd_dep_count/ household_demographics.hd_vehicle_count 
	else null 
	end)  > 1.2
    and date_dim.d_year in (1999,1999+1,1999+2)
    and store.s_county in ('Williamson County','Williamson County','Williamson County','Williamson County',
                           'Williamson County','Williamson County','Williamson County','Williamson County')
    group by ss_ticket_number,ss_customer_sk) dn,customer
    where ss_customer_sk = c_customer_sk
      and cnt between 15 and 20
    order by c_last_name,c_first_name,c_salutation,c_preferred_cust_flag desc, ss_ticket_number;
psql:/tmp/s1-basline/throughput/query_3.sql:2651: NOTICE:  duration: 374.832 ms  plan:
Query Text: select c_last_name
       ,c_first_name
       ,c_salutation
       ,c_preferred_cust_flag
       ,ss_ticket_number
       ,cnt from
   (select ss_ticket_number
          ,ss_customer_sk
          ,count(*) cnt
    from store_sales,date_dim,store,household_demographics
    where store_sales.ss_sold_date_sk = date_dim.d_date_sk
    and store_sales.ss_store_sk = store.s_store_sk  
    and store_sales.ss_hdemo_sk = household_demographics.hd_demo_sk
    and (date_dim.d_dom between 1 and 3 or date_dim.d_dom between 25 and 28)
    and (household_demographics.hd_buy_potential = '1001-5000' or
         household_demographics.hd_buy_potential = 'Unknown')
    and household_demographics.hd_vehicle_count > 0
    and (case when household_demographics.hd_vehicle_count > 0 
	then household_demographics.hd_dep_count/ household_demographics.hd_vehicle_count 
	else null 
	end)  > 1.2
    and date_dim.d_year in (1999,1999+1,1999+2)
    and store.s_county in ('Williamson County','Williamson County','Williamson County','Williamson County',
                           'Williamson County','Williamson County','Williamson County','Williamson County')
    group by ss_ticket_number,ss_customer_sk) dn,customer
    where ss_customer_sk = c_customer_sk
      and cnt between 15 and 20
    order by c_last_name,c_first_name,c_salutation,c_preferred_cust_flag desc, ss_ticket_number;
Sort  (cost=92299.45..92299.60 rows=61 width=81) (actual time=307.372..374.669 rows=344 loops=1)
  Sort Key: customer.c_last_name, customer.c_first_name, customer.c_salutation, customer.c_preferred_cust_flag DESC, store_sales.ss_ticket_number
  Sort Method: quicksort  Memory: 66kB
  ->  Nested Loop  (cost=92081.40..92297.64 rows=61 width=81) (actual time=302.247..374.223 rows=344 loops=1)
        ->  Finalize GroupAggregate  (cost=92081.11..92150.52 rows=61 width=24) (actual time=302.235..373.178 rows=344 loops=1)
              Group Key: store_sales.ss_ticket_number, store_sales.ss_customer_sk
              Filter: ((count(*) >= 15) AND (count(*) <= 20))
              Rows Removed by Filter: 3549
              ->  Gather Merge  (cost=92081.11..92138.80 rows=460 width=24) (actual time=302.215..372.341 rows=3917 loops=1)
                    Workers Planned: 2
                    Workers Launched: 2
                    ->  Partial GroupAggregate  (cost=91081.08..91085.68 rows=230 width=24) (actual time=297.481..299.312 rows=1306 loops=3)
                          Group Key: store_sales.ss_ticket_number, store_sales.ss_customer_sk
                          ->  Sort  (cost=91081.08..91081.66 rows=230 width=16) (actual time=297.473..297.977 rows=13448 loops=3)
                                Sort Key: store_sales.ss_ticket_number, store_sales.ss_customer_sk
                                Sort Method: quicksort  Memory: 1711kB
                                Worker 0:  Sort Method: quicksort  Memory: 1020kB
                                Worker 1:  Sort Method: quicksort  Memory: 1011kB
                                ->  Hash Join  (cost=265.81..91072.06 rows=230 width=16) (actual time=2.391..294.806 rows=13448 loops=3)
                                      Hash Cond: (store_sales.ss_store_sk = store.s_store_sk)
                                      ->  Nested Loop  (cost=264.42..91069.83 rows=241 width=24) (actual time=2.328..292.633 rows=13616 loops=3)
                                            ->  Hash Join  (cost=264.11..88537.13 rows=77644 width=32) (actual time=1.612..262.355 rows=101534 loops=3)
                                                  Hash Cond: (store_sales.ss_hdemo_sk = household_demographics.hd_demo_sk)
                                                  ->  Parallel Seq Scan on store_sales  (cost=0.00..85123.48 rows=1199148 width=40) (actual time=0.012..125.853 rows=959309 loops=3)
                                                  ->  Hash  (cost=258.00..258.00 rows=489 width=8) (actual time=1.578..1.578 rows=800 loops=3)
                                                        Buckets: 1024  Batches: 1  Memory Usage: 40kB
                                                        ->  Seq Scan on household_demographics  (cost=0.00..258.00 rows=489 width=8) (actual time=0.257..1.479 rows=800 loops=3)
                                                              Filter: ((hd_vehicle_count > 0) AND ((hd_buy_potential = '1001-5000'::bpchar) OR (hd_buy_potential = 'Unknown'::bpchar)) AND ((CASE WHEN (hd_vehicle_count > 0) THEN (hd_dep_count / hd_vehicle_count) ELSE NULL::integer END)::numeric > 1.2))
                                                              Rows Removed by Filter: 6400
                                            ->  Memoize  (cost=0.30..0.33 rows=1 width=8) (actual time=0.000..0.000 rows=0 loops=304601)
                                                  Cache Key: store_sales.ss_sold_date_sk
                                                  Cache Mode: logical
                                                  Hits: 128496  Misses: 1799  Evictions: 0  Overflows: 0  Memory Usage: 136kB
                                                  Worker 0:  Hits: 85315  Misses: 1735  Evictions: 0  Overflows: 0  Memory Usage: 132kB
                                                  Worker 1:  Hits: 85517  Misses: 1739  Evictions: 0  Overflows: 0  Memory Usage: 132kB
                                                  ->  Index Scan using pk_date_dim on date_dim  (cost=0.29..0.32 rows=1 width=8) (actual time=0.002..0.002 rows=0 loops=5273)
                                                        Index Cond: (d_date_sk = store_sales.ss_sold_date_sk)
                                                        Filter: ((d_year = ANY ('{1999,2000,2001}'::integer[])) AND (((d_dom >= 1) AND (d_dom <= 3)) OR ((d_dom >= 25) AND (d_dom <= 28))))
                                                        Rows Removed by Filter: 1
                                      ->  Hash  (cost=1.24..1.24 rows=12 width=8) (actual time=0.041..0.041 rows=12 loops=3)
                                            Buckets: 1024  Batches: 1  Memory Usage: 9kB
                                            ->  Seq Scan on store  (cost=0.00..1.24 rows=12 width=8) (actual time=0.032..0.037 rows=12 loops=3)
                                                  Filter: ((s_county)::text = ANY ('{"Williamson County","Williamson County","Williamson County","Williamson County","Williamson County","Williamson County","Williamson County","Williamson County"}'::text[]))
        ->  Index Scan using pk_customer on customer  (cost=0.29..2.40 rows=1 width=73) (actual time=0.003..0.003 rows=1 loops=344)
              Index Cond: (c_customer_sk = store_sales.ss_customer_sk)
          c_last_name           |     c_first_name     | c_salutation | c_preferred_cust_flag | ss_ticket_number | cnt 
--------------------------------+----------------------+--------------+-----------------------+------------------+-----
 Adkins                         | Robert               | Sir          | Y                     |            71245 |  15
 Adler                          | Raul                 | Sir          | N                     |            16040 |  15
 Aguilar                        | Michelle             | Dr.          | N                     |           104649 |  15
 Allen                          | Vanessa              | Dr.          | N                     |           185845 |  15
 Allison                        | Jacquelyn            | Ms.          | Y                     |            86866 |  15
 Alonso                         | Debbie               | Ms.          | N                     |            78633 |  15
 Anderson                       | Johnny               | Dr.          | N                     |            53777 |  15
 Anthony                        | Wayne                | Sir          | Y                     |              531 |  15
 Ballard                        | James                | Sir          | Y                     |           137490 |  16
 Barnes                         | Melinda              | Ms.          | Y                     |           109673 |  15
 Barrows                        | Stephen              | Mr.          | Y                     |            43173 |  15
 Bassett                        | Michael              | Mr.          | Y                     |           104078 |  15
 Beal                           | Frank                | Sir          | N                     |           239347 |  15
 Bell                           | Hilda                | Ms.          | Y                     |            19832 |  15
 Bennett                        | Perry                | Sir          | N                     |           224858 |  15
 Bivens                         | Jesse                | Mr.          | Y                     |            16992 |  16
 Black                          | Benjamin             | Sir          | N                     |           100924 |  15
 Blalock                        | Jason                | Sir          | N                     |           212026 |  15
 Blevins                        | Hanh                 | Ms.          | N                     |            98017 |  16
 Bolen                          | Gary                 | Sir          | Y                     |            18580 |  16
 Borrego                        | Pamela               | Ms.          | N                     |             2437 |  15
 Bowman                         | Linda                | Ms.          | Y                     |           222808 |  16
 Boyd                           | Ola                  | Dr.          | N                     |           150599 |  15
 Braxton                        | Bruce                | Dr.          | Y                     |            32856 |  16
 Brill                          | Kathleen             | Mrs.         | N                     |            67593 |  15
 Brim                           | Odell                | Mr.          | N                     |            93885 |  16
 Brown                          | David                | Sir          | Y                     |           136851 |  15
 Brown                          | Joel                 | Mr.          | Y                     |           159779 |  16
 Browning                       | Ginny                | Mrs.         | N                     |           209716 |  15
 Brunson                        | Lori                 | Miss         | N                     |           184770 |  15
 Bryant                         | Ernest               | Mr.          | Y                     |           183501 |  15
 Bryant                         | Shelly               | Mrs.         | N                     |            69948 |  16
 Burch                          | Jack                 | Sir          | Y                     |           239934 |  15
 Burk                           | Oscar                | Dr.          | Y                     |            55332 |  15
 Burnett                        | Ronnie               | Dr.          | Y                     |           172964 |  16
 Bush                           | David                | Sir          | Y                     |            88043 |  15
 Bustamante                     | Joseph               | Dr.          | Y                     |           144880 |  15
 Cannon                         | Sharon               | Ms.          | Y                     |            72524 |  15
 Cano                           | Madeleine            | Ms.          | N                     |           150776 |  15
 Cantrell                       | Levi                 | Sir          | N                     |           222050 |  15
 Carpenter                      | Jeremy               | Mr.          | N                     |           193652 |  15
 Carroll                        | Kenneth              | Sir          | Y                     |            21684 |  15
 Catron                         | Suzanne              | Mrs.         | Y                     |           185459 |  15
 Chapman                        | Illa                 | Ms.          | Y                     |           174244 |  15
 Chew                           | Vanessa              | Miss         | Y                     |            43958 |  16
 Church                         | William              | Mr.          | Y                     |            87197 |  15
 Clark                          | Jerry                | Dr.          | Y                     |           126574 |  16
 Collins                        | Grant                | Sir          | Y                     |           110712 |  15
 Cook                           | Pablo                | Sir          | N                     |           158397 |  16
 Coon                           | Phillip              | Dr.          | N                     |           224109 |  15
 Cooper                         | Mariam               | Dr.          | Y                     |           152320 |  16
 Coppola                        |                      |              |                       |           129280 |  15
 Corbin                         | Donald               | Sir          | Y                     |           138134 |  15
 Costa                          | Bryant               | Dr.          | N                     |            68920 |  15
 Crook                          | Charles              | Dr.          | Y                     |           162994 |  15
 Davenport                      | Joseph               | Mr.          | N                     |             2211 |  16
 Davis                          | Elmer                | Mr.          | N                     |            15441 |  15
 Davis                          | Loretta              | Ms.          | Y                     |           166993 |  15
 Davis                          | Melina               | Miss         | N                     |           104414 |  15
 Day                            | Odis                 | Mr.          | N                     |           119068 |  16
 Desantis                       | Angela               | Ms.          | Y                     |            11190 |  15
 Diaz                           | William              | Dr.          | N                     |            59924 |  15
 Diehl                          | Peter                | Sir          | Y                     |           181574 |  16
 Dixon                          | Rick                 | Mr.          | N                     |           200418 |  15
 Donahue                        | James                | Mr.          | Y                     |            55642 |  15
 Donald                         | Brian                | Dr.          | N                     |            43722 |  15
 Doss                           | David                | Mr.          | Y                     |           227855 |  15
 Dotson                         | Alberta              | Miss         | N                     |           233685 |  15
 Dowling                        | Samuel               | Dr.          | Y                     |           132952 |  15
 Drew                           | Joey                 | Dr.          | Y                     |            23595 |  15
 Drury                          | Jeffrey              | Dr.          | Y                     |            52259 |  15
 Dunn                           | Alfred               | Mr.          | Y                     |            94913 |  15
 Dunn                           | Dolores              | Dr.          | N                     |           238846 |  15
 Duran                          | Cheryl               | Ms.          | Y                     |            78213 |  15
 Earnest                        |                      |              |                       |           140352 |  15
 Edwards                        | Ashley               | Mrs.         | Y                     |           144375 |  15
 Elliott                        | Vernice              | Mrs.         | N                     |           232114 |  15
 Evans                          | Mark                 | Dr.          | Y                     |           114647 |  15
 Ferris                         | Kurt                 | Dr.          | N                     |            31710 |  15
 Fischer                        | Donna                | Dr.          | Y                     |           136659 |  15
 Fisher                         | James                | Sir          | N                     |            32343 |  15
 Flores                         | Alisha               | Miss         | Y                     |           187494 |  15
 Floyd                          | Raymond              |              |                       |            41721 |  15
 Fogg                           | Gary                 | Sir          | N                     |           170211 |  15
 Ford                           | Derrick              | Dr.          | N                     |           145121 |  16
 Fox                            | Louann               | Ms.          | Y                     |            46781 |  15
 Frazier                        | Florence             | Mrs.         | Y                     |            40084 |  15
 Free                           | Diana                | Mrs.         | Y                     |            85519 |  15
 Freeman                        | Jack                 | Dr.          | N                     |           174591 |  15
 Frye                           | Alma                 | Miss         | N                     |            13838 |  16
 Frye                           | Loretta              | Ms.          | N                     |           214995 |  15
 Fuller                         | Gary                 | Dr.          | Y                     |           159069 |  15
 Gabriel                        | Gerald               | Mr.          | Y                     |            19489 |  16
 Gabriel                        | Tristan              | Dr.          | N                     |            70012 |  15
 Galvan                         | Helen                | Miss         | N                     |           140337 |  15
 Garcia                         | Charles              | Dr.          | N                     |            40848 |  16
 Garcia                         | Cindy                | Miss         | Y                     |           213152 |  15
 Garcia                         | Rebecca              | Ms.          | Y                     |           196311 |  16
 Garcia                         | Robert               | Sir          | N                     |           162286 |  15
 Garza                          |                      | Mr.          |                       |           150405 |  15
 Gentry                         | Nicholas             | Mr.          | N                     |            97730 |  16
 George                         | Anna                 | Miss         | Y                     |           153300 |  15
 Gibson                         | Millie               | Miss         | N                     |           104403 |  16
 Gillespie                      | Jerry                | Mr.          | Y                     |            34460 |  16
 Gold                           | James                | Sir          | N                     |            64783 |  15
 Goodman                        | Karen                | Miss         | Y                     |            90668 |  15
 Goodwin                        | Iona                 | Dr.          | Y                     |            65406 |  15
 Gordon                         | Nancy                | Dr.          | N                     |            70863 |  15
 Graham                         | James                | Dr.          | N                     |            73542 |  15
 Grant                          | Marci                | Miss         | Y                     |            77756 |  16
 Gray                           | Estela               | Ms.          | Y                     |            72277 |  15
 Green                          | Barbara              | Ms.          | Y                     |            33262 |  15
 Green                          | Christopher          | Dr.          | N                     |           186667 |  16
 Green                          | Neville              | Dr.          | N                     |           225688 |  15
 Greene                         | Pamela               | Ms.          | Y                     |           122538 |  15
 Grenier                        | Geneva               | Dr.          | Y                     |           104062 |  15
 Griffin                        | Edith                | Dr.          | Y                     |           200374 |  15
 Grooms                         | Pedro                | Mr.          | N                     |           125225 |  15
 Gutierrez                      | Bonnie               | Dr.          | N                     |             8793 |  16
 Hall                           | Alicia               | Ms.          | N                     |             9108 |  15
 Hall                           | Catherine            | Mrs.         | N                     |           194340 |  15
 Hall                           | Marvin               | Dr.          | Y                     |           212003 |  15
 Hammond                        | Michael              | Mr.          | Y                     |           177898 |  15
 Hankins                        | Adriana              | Ms.          | Y                     |           111187 |  16
 Hargrave                       | Sarah                | Dr.          | N                     |           125473 |  15
 Harley                         | Susie                | Ms.          | N                     |           212850 |  15
 Harr                           | Annie                | Mrs.         | Y                     |           138449 |  15
 Harris                         | Andres               | Dr.          | N                     |           116757 |  15
 Hayes                          | Teresa               | Dr.          | Y                     |            33124 |  15
 Hays                           | Scott                | Mr.          | Y                     |           168679 |  15
 Healy                          | Jamie                | Mr.          | N                     |             9874 |  15
 Hebert                         | Kum                  | Mrs.         | Y                     |            59909 |  15
 Hensley                        | John                 | Mr.          | N                     |           171873 |  15
 Hernandez                      | Monte                | Mr.          | Y                     |            47350 |  15
 Herrmann                       | Veronica             | Ms.          | N                     |           208244 |  16
 Hester                         | Chris                | Dr.          | N                     |            71963 |  16
 Hester                         | David                | Dr.          | Y                     |           154527 |  16
 Hicks                          | August               | Sir          | Y                     |           201219 |  15
 Hill                           | Madeline             | Mrs.         | Y                     |           216338 |  16
 Hilliard                       | Sara                 | Ms.          | N                     |             2473 |  15
 Hindman                        | Bradley              | Mr.          | N                     |           210417 |  15
 Hite                           | Tony                 | Sir          | Y                     |           161641 |  15
 Hoffmann                       | George               | Sir          | N                     |            22378 |  16
 Hogan                          | David                | Mr.          | N                     |           109405 |  15
 Horton                         | Doris                | Ms.          | N                     |             8971 |  16
 House                          | Margaret             | Miss         | N                     |           119451 |  15
 Hughes                         | Dixie                | Mrs.         | N                     |            87508 |  16
 Hughes                         | Steven               | Dr.          | N                     |           207840 |  16
 Hutcheson                      | Rosalyn              | Mrs.         | N                     |           151257 |  15
 Hyatt                          | Joseph               | Dr.          | N                     |           112582 |  16
 Ingram                         | Todd                 | Dr.          | Y                     |           183768 |  15
 Ivey                           | Livia                | Ms.          | N                     |            54081 |  15
 James                          | Brian                | Dr.          | Y                     |           112490 |  16
 Johnson                        | Arnold               | Mr.          | N                     |            33566 |  15
 Johnson                        | Barbara              | Ms.          | Y                     |           185142 |  15
 Johnson                        | Cindy                | Dr.          | N                     |            82544 |  15
 Johnson                        | James                | Dr.          | Y                     |            19258 |  15
 Jones                          | Jeanette             | Miss         | Y                     |            60596 |  15
 Jones                          | Richard              | Dr.          | N                     |            91111 |  15
 Joy                            | Eli                  | Sir          | N                     |           112274 |  16
 Julian                         | Elliot               | Dr.          | Y                     |            73540 |  15
 Kemp                           | Jacqueline           | Mrs.         | N                     |            26701 |  16
 King                           | Patrica              | Ms.          | N                     |            31675 |  15
 King                           | Raymond              | Mr.          | N                     |           237108 |  15
 Kowalski                       | Lester               | Mr.          | Y                     |            16032 |  15
 Larue                          | Lillian              | Mrs.         | N                     |           174488 |  16
 Lashley                        | William              | Mr.          | Y                     |           100472 |  16
 Lawrence                       | Carlos               | Sir          | N                     |           147005 |  15
 Lawrence                       | James                | Dr.          | N                     |           229407 |  15
 Lee                            | Nancey               | Dr.          | Y                     |            14535 |  16
 Leeper                         | Byron                | Dr.          | N                     |           119379 |  15
 Lerma                          | Rafael               | Sir          | Y                     |           159482 |  16
 Lewis                          | David                | Dr.          | N                     |           120379 |  15
 Lewis                          | Omar                 | Mr.          | Y                     |            33501 |  15
 Lloyd                          | Teresa               | Miss         | Y                     |           117742 |  16
 Lowery                         | David                | Sir          | Y                     |            71162 |  15
 Lozano                         | Robert               | Sir          | Y                     |           149831 |  16
 Madrigal                       | Gregory              | Dr.          | N                     |            17544 |  15
 Maes                           | Karen                | Mrs.         | N                     |            93762 |  15
 Marquez                        |                      |              | Y                     |            40829 |  15
 Martin                         | Sean                 | Mr.          | Y                     |            85436 |  15
 Maxwell                        | Pamela               | Dr.          | N                     |           151577 |  16
 Mcdaniels                      | Philip               | Dr.          | Y                     |            79898 |  15
 Mckee                          | Jim                  | Mr.          | Y                     |            85780 |  16
 Mclaughlin                     | Andre                | Ms.          | Y                     |           141038 |  16
 Mclaughlin                     | Erica                | Mrs.         | Y                     |            78975 |  16
 Mcvay                          | Janeen               | Ms.          | N                     |            99589 |  15
 Mears                          | Patty                | Dr.          | N                     |            61128 |  16
 Meeker                         | Jennifer             | Mrs.         | Y                     |           226152 |  16
 Mello                          | James                | Dr.          | N                     |            62400 |  15
 Mendenhall                     | Paula                | Miss         | Y                     |           183076 |  15
 Mendez                         | Arthur               | Dr.          | N                     |           153045 |  15
 Mendez                         | Diana                | Dr.          | Y                     |            83028 |  15
 Miller                         | Bradley              | Mr.          | Y                     |            15060 |  15
 Mitchell                       | Adam                 | Ms.          | Y                     |            67146 |  15
 Molina                         | Samuel               | Dr.          | N                     |           104444 |  15
 Monson                         | Travis               | Mr.          | N                     |            75508 |  16
 Moreno                         | Maxine               | Mrs.         | Y                     |           205448 |  16
 Moreno                         | Valerie              | Miss         | N                     |            55274 |  16
 Morris                         | Kenneth              | Sir          | Y                     |           101978 |  15
 Muller                         | Wayne                | Sir          | N                     |            10536 |  16
 Murillo                        | David                | Sir          | N                     |           226993 |  15
 Murray                         | Steve                | Mr.          | Y                     |           227695 |  15
 Myers                          | Ellen                | Miss         | N                     |           202228 |  15
 Myers                          | Warren               | Dr.          | Y                     |             1169 |  15
 Nall                           | Bonita               | Ms.          | Y                     |           148138 |  16
 Nance                          | Tiffany              | Ms.          | Y                     |           235796 |  16
 Nelson                         | Jimmy                | Sir          | N                     |           106959 |  15
 New                            | Agnes                | Miss         | N                     |             5343 |  15
 Nguyen                         | Rosa                 | Mrs.         | N                     |            68988 |  15
 Norwood                        | Ona                  | Mrs.         | Y                     |           209619 |  15
 Odonnell                       | Francisco            | Sir          | Y                     |            66738 |  15
 Ogden                          | Betty                | Ms.          | N                     |            97261 |  15
 Oliver                         | Daniel               |              |                       |            91092 |  15
 Olsen                          | Jimmy                | Dr.          | Y                     |            27004 |  16
 Osborn                         | Johnnie              | Dr.          | N                     |           235632 |  15
 Ouellette                      | Brian                | Dr.          | N                     |            47627 |  16
 Outlaw                         | Dorothy              | Ms.          | N                     |           143564 |  15
 Packard                        | Stuart               | Sir          | N                     |           202776 |  16
 Parks                          | Laurie               | Miss         | Y                     |           206313 |  15
 Parrish                        | Robert               | Mr.          | Y                     |           212968 |  16
 Pendleton                      | Rubi                 | Miss         | Y                     |            80038 |  15
 Perry                          | Kyle                 | Mr.          | Y                     |           110539 |  15
 Petrie                         | Charles              | Mr.          | N                     |             3985 |  16
 Phillips                       | John                 | Sir          | Y                     |            52749 |  15
 Phillips                       | Jose                 | Sir          | Y                     |           168865 |  15
 Phillips                       | Roberto              | Dr.          | Y                     |           231936 |  15
 Potts                          | Wilford              | Sir          | Y                     |            34659 |  15
 Poulin                         | David                | Sir          | Y                     |            59521 |  16
 Prather                        | David                | Sir          | N                     |            63795 |  15
 Price                          | Jeffrey              | Mr.          | Y                     |           148183 |  15
 Price                          | Stephen              | Mr.          | Y                     |           189621 |  15
 Pritchett                      | Laure                | Dr.          | Y                     |            45065 |  15
 Purdy                          | Clark                | Mr.          | N                     |            41987 |  15
 Quarles                        | Virginia             | Mrs.         | Y                     |           148778 |  15
 Ramirez                        | Edward               | Mr.          | N                     |            20279 |  15
 Ray                            | Daniel               | Sir          | Y                     |           223751 |  16
 Redding                        | James                | Sir          | Y                     |            10070 |  16
 Reed                           | Richard              | Mr.          | N                     |           206734 |  15
 Reyes                          | Theodore             | Mr.          | Y                     |           111884 |  16
 Rhea                           | David                | Mr.          | Y                     |            65424 |  16
 Rhoades                        | Jennifer             | Dr.          | N                     |           136310 |  16
 Rhodes                         | Leroy                | Dr.          | Y                     |           239686 |  15
 Richardson                     | Jamie                | Mr.          | Y                     |           148654 |  15
 Roberts                        | Harold               | Sir          | N                     |           188756 |  15
 Romero                         | Kristi               | Ms.          | Y                     |           172619 |  15
 Romero                         | Roberta              | Miss         | Y                     |            79068 |  16
 Roth                           | James                | Dr.          | N                     |            19642 |  15
 Rowe                           | Joanna               | Ms.          | Y                     |           192524 |  15
 Rowell                         | Donna                | Dr.          | Y                     |             6519 |  16
 Runyan                         | Anna                 | Mrs.         | N                     |            94302 |  15
 Russell                        | Donald               | Sir          | N                     |            63208 |  15
 Ryan                           | Jessica              | Miss         | N                     |           181758 |  16
 Sanchez                        | Jasmin               | Miss         | Y                     |           129309 |  16
 Sanders                        | Carmelo              | Mr.          | Y                     |           179166 |  15
 Sanders                        | Jimmy                | Mr.          | N                     |           135400 |  16
 Santos                         | George               | Sir          | Y                     |           220746 |  16
 Saunders                       | Everett              | Sir          | N                     |           196208 |  16
 Savage                         | Donna                | Ms.          | Y                     |           124380 |  16
 Sawyer                         | Norman               | Sir          | N                     |           170516 |  15
 Schroeder                      | Lorita               | Miss         | N                     |            51459 |  15
 Scott                          | Callie               | Miss         | N                     |           189879 |  15
 Serrano                        | Nicholas             | Dr.          | N                     |           123372 |  15
 Shafer                         | Lewis                | Dr.          | N                     |           161330 |  15
 Shaw                           | James                | Dr.          | N                     |           115068 |  16
 Shay                           | Timothy              | Sir          | Y                     |           206613 |  15
 Shelton                        | Paul                 | Mr.          | N                     |           200840 |  16
 Smith                          | Alvaro               | Mr.          | Y                     |           165143 |  15
 Smith                          | Grover               | Dr.          | N                     |            72763 |  16
 Smith                          | Horace               | Dr.          | Y                     |           116781 |  16
 Smith                          | Krista               | Dr.          | N                     |           216511 |  16
 Smith                          | Mathew               | Mr.          | N                     |           167881 |  15
 Smith                          | Michael              | Dr.          | N                     |            94965 |  15
 Smith                          | Nora                 | Dr.          | N                     |            43821 |  15
 Smith                          | Stephen              | Mr.          | Y                     |            89273 |  15
 Soares                         | Darlene              | Ms.          | N                     |           193375 |  15
 Soto                           | Judy                 | Dr.          | N                     |           159484 |  16
 Southerland                    | Michael              | Mr.          | Y                     |           191544 |  15
 Stacy                          | Kira                 | Miss         | Y                     |           157833 |  15
 Stafford                       | Marian               | Dr.          | N                     |           166652 |  16
 Stevens                        | Anthony              | Ms.          | Y                     |           117226 |  15
 Stevens                        | Christopher          | Sir          | N                     |           182751 |  15
 Stewart                        | Joseph               | Mr.          | N                     |           106791 |  16
 Suarez                         | Nicole               | Ms.          | N                     |           161938 |  15
 Swain                          | Carl                 | Mr.          | Y                     |           152458 |  15
 Taylor                         | Anthony              | Miss         | N                     |            62059 |  16
 Taylor                         | Richard              | Sir          | Y                     |           129972 |  15
 Thomas                         | Clifton              | Dr.          |                       |            44406 |  15
 Thomas                         | Dorothy              | Dr.          | Y                     |           146387 |  15
 Thomas                         | Linnie               | Mrs.         | Y                     |             9668 |  16
 Thomas                         | Willa                | Dr.          | Y                     |           167945 |  15
 Thorton                        | Anna                 | Dr.          | Y                     |            48166 |  16
 Thrash                         | Guadalupe            | Mr.          | Y                     |           182818 |  16
 Toledo                         | Louisa               | Mrs.         | N                     |            35352 |  15
 Tripp                          | Floyd                | Sir          | Y                     |           221249 |  15
 Unger                          | Brian                | Sir          | N                     |           115013 |  15
 Unger                          | Richard              | Sir          | Y                     |           228347 |  15
 Upton                          | Frank                | Dr.          | Y                     |             4058 |  15
 Valdes                         | Gordon               | Mr.          | N                     |            34189 |  15
 Valle                          | Harry                | Sir          | N                     |           195442 |  15
 Vance                          | Donald               | Sir          | N                     |           130822 |  15
 Vargas                         | Anthony              | Ms.          | N                     |           147741 |  15
 Vega                           | Kevin                | Mr.          | Y                     |              771 |  16
 Vela                           | Robert               | Mr.          | Y                     |           187773 |  15
 Velasco                        | Marjorie             | Dr.          | Y                     |           220408 |  15
 Villegas                       | Tyler                | Sir          | N                     |           125550 |  15
 Walker                         | Margarita            | Mrs.         | N                     |           175289 |  15
 Walsh                          | Aubrey               | Mr.          | Y                     |            10053 |  15
 Walters                        | Frank                | Sir          | Y                     |            18861 |  15
 Walters                        | Howard               | Sir          | N                     |           178763 |  15
 Ward                           | Terry                | Dr.          | N                     |           144595 |  15
 Watson                         |                      |              | N                     |           228956 |  15
 Wester                         |                      |              |                       |           108135 |  16
 White                          | Albert               | Dr.          | Y                     |           173687 |  15
 White                          | Tammy                | Ms.          | Y                     |            78212 |  15
 Wiese                          | Eugene               | Sir          | Y                     |           196307 |  16
 Wiggins                        | Edward               | Mr.          | Y                     |           169889 |  16
 Wilkes                         | Jim                  | Sir          | Y                     |           197947 |  15
 Williams                       | Angel                | Dr.          | Y                     |           147502 |  15
 Williams                       | Helen                | Mrs.         | N                     |           187902 |  15
 Williams                       | Nancy                | Ms.          | Y                     |           120062 |  16
 Williams                       | Ronald               | Dr.          | Y                     |           170505 |  15
 Williams                       | Samantha             | Ms.          | Y                     |           216209 |  16
 Willis                         | Michael              | Mr.          | N                     |            31806 |  15
 Wood                           | Larry                | Sir          | Y                     |            21950 |  16
 Yates                          | Jose                 | Sir          | Y                     |            50320 |  16
 Young                          | Bobby                | Dr.          | Y                     |           196611 |  15
 Young                          | Evelyn               | Mrs.         | N                     |            11904 |  15
 Zepeda                         | Steve                | Mr.          | N                     |            67774 |  16
                                | Brian                |              | N                     |            43469 |  15
                                | Carl                 | Dr.          |                       |           160712 |  16
                                | Cori                 | Mrs.         |                       |           228512 |  16
                                | Jonathon             |              | Y                     |              743 |  15
                                | Nicholas             | Dr.          | N                     |            71580 |  16
                                |                      | Dr.          | Y                     |            61649 |  15
                                |                      | Ms.          | N                     |            13334 |  16
                                |                      | Ms.          | N                     |            82868 |  15
                                |                      | Sir          |                       |            38330 |  15
                                |                      | Sir          |                       |           120167 |  15
                                |                      |              |                       |            56372 |  15
                                |                      |              |                       |            90241 |  15
                                |                      |              |                       |           161418 |  15
                                |                      |              |                       |           232020 |  16
                                |                      |              | Y                     |           201902 |  16
(344 rows)

UPDATE time_statistics SET e_time = TRANSACTION_TIMESTAMP() WHERE template = 'query34.tpl' AND stream = 3;
psql:/tmp/s1-basline/throughput/query_3.sql:2653: NOTICE:  duration: 0.052 ms  plan:
Query Text: UPDATE time_statistics SET e_time = TRANSACTION_TIMESTAMP() WHERE template = 'query34.tpl' AND stream = 3;
Update on time_statistics  (cost=0.00..7.29 rows=0 width=0) (actual time=0.051..0.051 rows=0 loops=1)
  ->  Seq Scan on time_statistics  (cost=0.00..7.29 rows=1 width=14) (actual time=0.037..0.037 rows=1 loops=1)
        Filter: ((template = 'query34.tpl'::text) AND (stream = 3))
        Rows Removed by Filter: 242
UPDATE 1
LOAD 'auto_explain'; SET auto_explain.log_min_duration TO 0; SET auto_explain.log_analyze TO on; SET auto_explain.log_level TO notice; INSERT INTO time_statistics (template, s_time, stream, query, seed) VALUES ('query68.tpl', TRANSACTION_TIMESTAMP(), 3, 57, 463943691);
LOAD
SET
SET
SET
psql:/tmp/s1-basline/throughput/query_3.sql:2654: NOTICE:  duration: 0.009 ms  plan:
Query Text: INSERT INTO time_statistics (template, s_time, stream, query, seed) VALUES ('query68.tpl', TRANSACTION_TIMESTAMP(), 3, 57, 463943691);
Insert on time_statistics  (cost=0.00..0.01 rows=0 width=0) (actual time=0.008..0.008 rows=0 loops=1)
  ->  Result  (cost=0.00..0.01 rows=1 width=64) (actual time=0.001..0.001 rows=1 loops=1)
INSERT 0 1
select  c_last_name
       ,c_first_name
       ,ca_city
       ,bought_city
       ,ss_ticket_number
       ,extended_price
       ,extended_tax
       ,list_price
 from (select ss_ticket_number
             ,ss_customer_sk
             ,ca_city bought_city
             ,sum(ss_ext_sales_price) extended_price 
             ,sum(ss_ext_list_price) list_price
             ,sum(ss_ext_tax) extended_tax 
       from store_sales
           ,date_dim
           ,store
           ,household_demographics
           ,customer_address 
       where store_sales.ss_sold_date_sk = date_dim.d_date_sk
         and store_sales.ss_store_sk = store.s_store_sk  
        and store_sales.ss_hdemo_sk = household_demographics.hd_demo_sk
        and store_sales.ss_addr_sk = customer_address.ca_address_sk
        and date_dim.d_dom between 1 and 2 
        and (household_demographics.hd_dep_count = 1 or
             household_demographics.hd_vehicle_count= -1)
        and date_dim.d_year in (1998,1998+1,1998+2)
        and store.s_city in ('Midway','Fairview')
       group by ss_ticket_number
               ,ss_customer_sk
               ,ss_addr_sk,ca_city) dn
      ,customer
      ,customer_address current_addr
 where ss_customer_sk = c_customer_sk
   and customer.c_current_addr_sk = current_addr.ca_address_sk
   and current_addr.ca_city <> bought_city
 order by c_last_name
         ,ss_ticket_number
 limit 100;
psql:/tmp/s1-basline/throughput/query_3.sql:2693: NOTICE:  duration: 262.382 ms  plan:
Query Text: select  c_last_name
       ,c_first_name
       ,ca_city
       ,bought_city
       ,ss_ticket_number
       ,extended_price
       ,extended_tax
       ,list_price
 from (select ss_ticket_number
             ,ss_customer_sk
             ,ca_city bought_city
             ,sum(ss_ext_sales_price) extended_price 
             ,sum(ss_ext_list_price) list_price
             ,sum(ss_ext_tax) extended_tax 
       from store_sales
           ,date_dim
           ,store
           ,household_demographics
           ,customer_address 
       where store_sales.ss_sold_date_sk = date_dim.d_date_sk
         and store_sales.ss_store_sk = store.s_store_sk  
        and store_sales.ss_hdemo_sk = household_demographics.hd_demo_sk
        and store_sales.ss_addr_sk = customer_address.ca_address_sk
        and date_dim.d_dom between 1 and 2 
        and (household_demographics.hd_dep_count = 1 or
             household_demographics.hd_vehicle_count= -1)
        and date_dim.d_year in (1998,1998+1,1998+2)
        and store.s_city in ('Midway','Fairview')
       group by ss_ticket_number
               ,ss_customer_sk
               ,ss_addr_sk,ca_city) dn
      ,customer
      ,customer_address current_addr
 where ss_customer_sk = c_customer_sk
   and customer.c_current_addr_sk = current_addr.ca_address_sk
   and current_addr.ca_city <> bought_city
 order by c_last_name
         ,ss_ticket_number
 limit 100;
Limit  (cost=76937.20..76937.45 rows=100 width=102) (actual time=262.275..262.289 rows=100 loops=1)
  ->  Sort  (cost=76937.20..76938.66 rows=587 width=102) (actual time=262.274..262.281 rows=100 loops=1)
        Sort Key: customer.c_last_name, store_sales.ss_ticket_number
        Sort Method: top-N heapsort  Memory: 48kB
        ->  Nested Loop  (cost=75647.44..76914.76 rows=587 width=102) (actual time=245.068..260.893 rows=2166 loops=1)
              Join Filter: ((current_addr.ca_city)::text <> (customer_address.ca_city)::text)
              Rows Removed by Join Filter: 156
              ->  Nested Loop  (cost=75647.15..76718.36 rows=588 width=101) (actual time=245.062..256.781 rows=2322 loops=1)
                    ->  GroupAggregate  (cost=75646.86..75664.50 rows=588 width=57) (actual time=245.051..251.532 rows=2397 loops=1)
                          Group Key: store_sales.ss_ticket_number, store_sales.ss_customer_sk, store_sales.ss_addr_sk, customer_address.ca_city
                          ->  Sort  (cost=75646.86..75648.33 rows=588 width=57) (actual time=245.039..246.078 rows=25628 loops=1)
                                Sort Key: store_sales.ss_ticket_number, store_sales.ss_customer_sk, store_sales.ss_addr_sk, customer_address.ca_city
                                Sort Method: quicksort  Memory: 3301kB
                                ->  Nested Loop  (cost=1.00..75619.81 rows=588 width=57) (actual time=4.558..235.997 rows=25628 loops=1)
                                      ->  Nested Loop  (cost=0.71..75430.09 rows=616 width=48) (actual time=4.552..202.763 rows=25781 loops=1)
                                            Join Filter: (store_sales.ss_store_sk = store.s_store_sk)
                                            Rows Removed by Join Filter: 114560
                                            ->  Nested Loop  (cost=0.71..75320.40 rows=646 width=56) (actual time=4.543..185.639 rows=26064 loops=1)
                                                  ->  Nested Loop  (cost=0.43..74493.77 rows=2710 width=64) (actual time=4.488..60.793 rows=105280 loops=1)
                                                        ->  Seq Scan on date_dim  (cost=0.00..2774.67 rows=72 width=8) (actual time=4.478..9.228 rows=72 loops=1)
                                                              Filter: ((d_dom >= 1) AND (d_dom <= 2) AND (d_year = ANY ('{1998,1999,2000}'::integer[])))
                                                              Rows Removed by Filter: 72977
                                                        ->  Index Scan using i_ss_sold_date_sk on store_sales  (cost=0.43..981.02 rows=1508 width=72) (actual time=0.005..0.439 rows=1462 loops=72)
                                                              Index Cond: (ss_sold_date_sk = date_dim.d_date_sk)
                                                  ->  Index Scan using pk_household_demographics on household_demographics  (cost=0.28..0.31 rows=1 width=8) (actual time=0.001..0.001 rows=0 loops=105280)
                                                        Index Cond: (hd_demo_sk = store_sales.ss_hdemo_sk)
                                                        Filter: ((hd_dep_count = 1) OR (hd_vehicle_count = '-1'::integer))
                                                        Rows Removed by Filter: 1
                                            ->  Materialize  (cost=0.00..1.21 rows=12 width=8) (actual time=0.000..0.000 rows=5 loops=26064)
                                                  ->  Seq Scan on store  (cost=0.00..1.15 rows=12 width=8) (actual time=0.003..0.007 rows=12 loops=1)
                                                        Filter: ((s_city)::text = ANY ('{Midway,Fairview}'::text[]))
                                      ->  Index Scan using pk_customer_address on customer_address  (cost=0.29..0.31 rows=1 width=17) (actual time=0.001..0.001 rows=1 loops=25781)
                                            Index Cond: (ca_address_sk = store_sales.ss_addr_sk)
                    ->  Index Scan using pk_customer on customer  (cost=0.29..1.78 rows=1 width=68) (actual time=0.002..0.002 rows=1 loops=2397)
                          Index Cond: (c_customer_sk = store_sales.ss_customer_sk)
              ->  Index Scan using pk_customer_address on customer_address current_addr  (cost=0.29..0.32 rows=1 width=17) (actual time=0.001..0.001 rows=1 loops=2322)
                    Index Cond: (ca_address_sk = customer.c_current_addr_sk)
          c_last_name           |     c_first_name     |     ca_city     |   bought_city   | ss_ticket_number |   extended_price   |    extended_tax    |     list_price     
--------------------------------+----------------------+-----------------+-----------------+------------------+--------------------+--------------------+--------------------
 Abel                           | Cindy                | White Oak       | Springfield     |            80951 | 25343.060000000005 |  996.5199999999999 | 44247.310000000005
 Ackerman                       | William              | Brownsville     | Hamilton        |           206199 |           38017.14 |            1149.73 | 54706.530000000006
 Acosta                         | Frederick            | Concord         | Pine Grove      |           150175 | 14487.329999999998 |  777.0800000000002 |           32896.74
 Acosta                         | Jennifer             | Oakwood         | Glenwood        |           179752 | 16925.190000000002 |             485.47 | 42019.840000000004
 Adams                          | Earl                 | Collinsville    | Rossville       |            64498 |            13088.8 |             641.77 | 33546.479999999996
 Adams                          | Mark                 | Summit          | Glenwood        |            80397 | 22472.530000000002 |             901.08 |           37704.76
 Adams                          | Warren               | Centerville     | Highland Park   |           154430 |           34002.06 | 1426.2900000000002 |           51333.84
 Adams                          | Willie               | Georgetown      | Oakland         |           165262 |           21759.23 |            1039.96 |           47563.74
 Adams                          | Kathryne             | Jamestown       | Pleasant Valley |           167849 | 26634.930000000004 |             824.51 |           45171.87
 Adkins                         | Charles              | Deerfield       | Pleasant Valley |            89895 |           19791.08 | 1016.6400000000001 | 37146.509999999995
 Adkins                         | Starla               | Saratoga        | Plainview       |           230743 |            42001.5 |            2349.92 |           55944.01
 Aguiar                         | Delores              | Walnut Grove    | Greenfield      |            32449 |           33173.27 |            1700.79 |  59107.01000000001
 Aguilar                        | Maxine               | Providence      | Highland Park   |            65483 | 33495.399999999994 | 1758.8000000000002 |  72301.40999999999
 Akers                          | Harriett             | Antioch         | Highland Park   |           109389 |           23967.71 |  754.9100000000001 |  40442.84999999999
 Akins                          | Sara                 | Friendship      | Shady Grove     |           173001 |           20909.37 |  728.3899999999999 |           40559.07
 Akins                          | Sara                 | Friendship      | Oakland         |           195148 |           20864.38 |             811.15 |           44247.86
 Alarcon                        | Dustin               | Lebanon         | Lincoln         |           112167 |            10368.3 | 449.70000000000005 |           20808.98
 Alexander                      | Nathan               | Five Points     | Forest Hills    |            41190 |           13103.44 | 454.29999999999995 |           36887.03
 Alexander                      | Carole               | Ferguson        | Pleasant Grove  |            82928 | 18037.370000000003 |             397.06 | 40672.649999999994
 Alexander                      | Beulah               | Glenwood        | Franklin        |           110681 | 11435.929999999998 | 255.62999999999997 | 26306.269999999997
 Alford                         | Rita                 | Riceville       | Springdale      |           153894 |           16079.15 |             621.86 | 39130.840000000004
 Alford                         | Judy                 | Pleasant Valley | Macedonia       |           168198 | 12225.110000000002 |             461.98 | 41906.060000000005
 Ali                            | Jeffery              | Greenville      | Green Acres     |           104851 | 21927.939999999995 |             402.93 | 45071.409999999996
 Allen                          |                      | Scottsville     | Plainview       |            16781 | 16189.100000000002 | 328.69000000000005 |           27384.53
 Allen                          | Adam                 | Providence      | Price           |            30034 |           19730.49 |             400.75 |           28401.72
 Allen                          | Gregory              | Oakwood         | Huntsville      |            35885 |            22952.6 | 1008.2399999999999 | 30983.799999999996
 Allen                          | Thaddeus             | Glenwood        | Pleasant Valley |            43938 |           18235.93 |             845.06 | 43608.899999999994
 Allen                          | Barbara              | Lakeview        | Ellsworth       |            89456 |            9207.63 |             463.01 | 27180.210000000003
 Allen                          | Hilda                | Newport         | Hamilton        |           217849 |           17957.83 |  619.2499999999999 |           28876.42
 Allen                          | James                | Belmont         | Pine Grove      |           220840 |           31776.43 |             1477.4 |           55705.05
 Almond                         | Dorothy              | Union           | Green Acres     |           176378 |           17723.86 |  787.5500000000001 | 30183.050000000003
 Alonso                         | James                | Forest Hills    | Waterloo        |           167219 |           13772.09 |             294.99 | 19867.739999999998
 Anderson                       | Richard              | Greenville      | Riverdale       |             9243 | 20067.079999999998 | 468.12999999999994 |           39764.13
 Anderson                       | Verna                | Riverview       | Centerville     |            11326 |           16325.68 |             541.88 |           33029.35
 Anderson                       | Kenneth              | Georgetown      | Unionville      |            21198 | 34393.130000000005 | 1089.2599999999998 |           66665.57
 Anderson                       | Calvin               | Spring Valley   | Lakeside        |            35941 |           18604.66 |  799.8399999999999 |           37524.01
 Anderson                       | Karen                | Shady Grove     | Madison         |            85666 | 23947.340000000004 | 1287.3700000000001 |           36833.33
 Anderson                       | James                | Stringtown      | Crossroads      |           137541 | 28811.540000000005 |              922.1 | 43887.380000000005
 Anderson                       | Nicole               | Fairfield       | Fairview        |           137980 |           41246.17 |            2505.26 |  71083.20999999999
 Anderson                       | David                | Providence      | Lakeview        |           139017 |           13680.78 |  638.6500000000001 | 35213.350000000006
 Anderson                       | Edward               | Pine Grove      | Newport         |           151720 |  7744.590000000001 |             217.82 |           24480.18
 Anderson                       |                      | Spring Valley   | Gladstone       |           210994 |           19090.34 |             278.55 |           28723.23
 Andrews                        | Kevin                | Denmark         | Enterprise      |           222329 | 25868.559999999998 |            1431.81 |           38135.22
 Anthony                        | Arthur               | Pine Grove      | Willow          |           118804 |           41731.71 | 1545.9399999999998 |           56735.31
 Aragon                         | Stephanie            | Macedonia       | Lincoln         |            69133 |            9974.91 |             116.64 |           20186.54
 Arnett                         | Dawn                 | Forest Hills    | Edgewood        |           132166 |           17745.81 |             694.88 |            34609.5
 Arnold                         | Lloyd                | Salem           | Lakeview        |           179898 |           19173.28 |             856.29 |           36044.22
 Arroyo                         | James                | Rosewood        | Newport         |           226948 | 31472.050000000007 | 1851.0499999999997 |            52992.9
 Arthur                         | Kelly                | Bridgeport      | Bethel          |            41195 |           21404.84 |            1257.79 |           40189.31
 Arthur                         | Eliseo               | Riverview       | Red Hill        |           145882 |           13616.35 |             303.12 | 23186.730000000003
 Asher                          | Aldo                 | Highland        | Mountain View   |            98693 |           23680.13 |             932.02 |  58447.60000000001
 Ashley                         | James                | Clinton         | Valley View     |           231005 |           17779.05 |              713.8 | 33998.090000000004
 Atchison                       | Betty                | Farmington      | Carpenter       |            32898 |           20199.21 |             683.57 | 39007.420000000006
 Augustine                      | Pamela               | Spring Valley   | Sheffield       |           164516 |            4792.02 | 337.21000000000004 | 14699.329999999998
 Austin                         | Deanna               | White Oak       | Cedar Grove     |            55720 | 12968.760000000002 |             676.45 |           21558.17
 Austin                         | Dora                 | Georgetown      | Hamilton        |            57006 | 27405.890000000007 |             578.72 |            70771.2
 Avila                          | Randolph             | Liberty         | Lincoln         |           122684 |           26222.08 | 1040.1499999999999 |           34107.97
 Aviles                         | Betty                | Woodland        | Oakwood         |           206093 |             8323.3 | 320.28000000000003 | 19945.059999999998
 Ayers                          | Jonathon             | Florence        | Franklin        |            14093 |           22755.16 |             799.25 | 35955.549999999996
 Ayers                          | Joseph               | Sheffield       | Sunnyside       |           229483 |           19422.51 |  584.6999999999998 | 29273.059999999998
 Babb                           | Robert               | Springfield     | Oak Ridge       |           220503 |           29888.41 |             895.87 |  55182.25000000001
 Bacon                          | Bradley              | Lakeview        | Newport         |           193712 |           29270.93 | 1640.5700000000002 |           60155.36
 Baez                           | Alexander            | Little River    | Five Points     |            54358 |           11729.67 |             141.78 | 25109.059999999998
 Baez                           | Jacqueline           | Mount Vernon    | Oakdale         |           197764 |           18315.89 | 1124.1100000000001 |           28206.29
 Bagwell                        | Alvaro               | Roscoe          | Five Points     |            94012 |           19005.28 |            1144.86 | 33678.850000000006
 Bailey                         | Michael              | Greenfield      | Bunker Hill     |            15497 |           27088.03 | 1299.7199999999998 |  52143.29000000001
 Bailey                         | Betty                | Springfield     | Forest          |            78875 |           31116.36 | 1657.6599999999999 |           43294.42
 Bailey                         |                      | Oak Hill        | Lincoln         |           168409 | 10135.539999999999 | 448.59000000000003 |           25604.65
 Bailey                         | Michael              | Greenfield      | Mount Pleasant  |           174354 | 16118.599999999997 |             882.44 | 31057.090000000004
 Bailey                         | Brandon              | Barnes          | Springfield     |           180215 | 30306.910000000003 |             715.02 |           61444.12
 Baird                          | Rosa                 | Bethel          | Collinsville    |           151996 | 20267.429999999997 |            1155.19 | 38703.899999999994
 Baird                          | Dinah                | Green Acres     | Lakeview        |           201994 |           11263.35 |  810.6800000000002 | 28025.719999999998
 Baker                          | Bobby                | Bridgeport      | Woodland        |            83204 |           19641.59 |             673.91 |           48902.36
 Baker                          | Kevin                | Langdon         | Valley View     |            90962 |           21250.28 |  913.3699999999999 |           63271.93
 Baker                          | Keisha               | Walnut Grove    | Stringtown      |           116571 |           34160.17 |            1206.66 |           56349.53
 Baker                          | Belva                | Walnut Grove    | Salem           |           142943 | 12311.100000000002 |             620.94 | 30683.749999999996
 Baker                          | Melvin               | Five Forks      | Lebanon         |           158006 | 16734.940000000002 |             861.16 |            31206.8
 Baker                          | Holly                | Bridgeport      | Florence        |           186444 |            9745.63 | 426.97999999999996 | 20675.210000000003
 Baker                          | Elizabeth            | Mount Pleasant  | Jamestown       |           186681 | 15709.050000000001 |             829.85 |           29785.54
 Baker                          | Ronald               | Garrison        | Greenwood       |           193460 | 14664.839999999998 |              742.1 |           44661.92
 Baker                          | Beverly              | Glenwood        | Marion          |           206971 |            13618.8 |             365.68 |           49429.77
 Ball                           | Christine            | Oak Grove       | Springdale      |            14638 | 14808.630000000001 |             822.88 | 30148.210000000003
 Ball                           | Robert               | Pleasant Valley | Oakland         |           128427 |           39063.82 |            1030.16 |  62701.31999999999
 Ball                           | Lawrence             | Antioch         | Tracy           |           131282 | 23426.449999999997 | 1635.1499999999996 |  36208.67999999999
 Banks                          | Alphonso             | Waterloo        | Jamestown       |            36475 |           26508.21 | 1404.6100000000001 |  49486.36999999999
 Barden                         | Timothy              | Pleasant Valley | Oakland         |           235230 |           15692.28 |             745.75 |           29768.89
 Barker                         | Heather              | Farmington      | Hamilton        |           109796 |            9462.99 |             392.78 | 30886.329999999998
 Barlow                         | Thomas               | Carpenter       | Pine Grove      |            29286 |  48083.74999999999 |             1917.3 |           73217.97
 Barnes                         | Susan                | Centerville     | Bridgeport      |            15363 |           32734.82 | 1894.0700000000004 | 55926.880000000005
 Barnes                         | Cynthia              | Florence        | Wilson          |            53725 |           13508.31 |  757.2500000000001 |           29066.63
 Barnett                        | Michael              | Jackson         | Oakland         |           194823 | 18458.550000000003 |            1110.44 | 38571.630000000005
 Barnett                        | April                | Union Hill      | Clinton         |           230011 |  6765.720000000001 |             138.01 |           13039.96
 Barr                           | Audrea               | Springdale      | Brownsville     |            62154 |            9589.45 |             510.19 | 25247.539999999997
 Barrett                        | Calvin               | Oak Ridge       | Lakewood        |             3205 |           30121.43 |            1333.01 |            65203.5
 Barrett                        | Winston              | Mount Pleasant  | Lakeview        |            13737 |           20913.91 |            1490.61 |           33125.34
 Barrett                        | Paul                 | Glenwood        | Jamestown       |            83680 | 41519.060000000005 |             2678.3 |  57669.64000000001
 Barrios                        | David                | Hillcrest       | Valley View     |           139085 |            8602.22 |              274.6 | 32071.520000000004
 Barron                         | Salvatore            | Lincoln         | Greenville      |           179474 |            7257.15 | 233.59999999999997 | 15317.830000000002
 Barry                          | Darrell              | Lakewood        | Belmont         |           106536 | 14250.810000000001 |             829.84 |           16556.66
 Bartlett                       | Charles              | Church Hill     | Greenwood       |           233531 | 24646.949999999997 | 1086.8899999999999 |  38750.83000000001
(100 rows)

UPDATE time_statistics SET e_time = TRANSACTION_TIMESTAMP() WHERE template = 'query68.tpl' AND stream = 3;
psql:/tmp/s1-basline/throughput/query_3.sql:2695: NOTICE:  duration: 0.065 ms  plan:
Query Text: UPDATE time_statistics SET e_time = TRANSACTION_TIMESTAMP() WHERE template = 'query68.tpl' AND stream = 3;
Update on time_statistics  (cost=0.00..7.29 rows=0 width=0) (actual time=0.064..0.064 rows=0 loops=1)
  ->  Seq Scan on time_statistics  (cost=0.00..7.29 rows=1 width=14) (actual time=0.042..0.042 rows=1 loops=1)
        Filter: ((template = 'query68.tpl'::text) AND (stream = 3))
        Rows Removed by Filter: 243
UPDATE 1
LOAD 'auto_explain'; SET auto_explain.log_min_duration TO 0; SET auto_explain.log_analyze TO on; SET auto_explain.log_level TO notice; INSERT INTO time_statistics (template, s_time, stream, query, seed) VALUES ('../query_postgresql/query2.tpl', TRANSACTION_TIMESTAMP(), 3, 58, 2135976027);
LOAD
SET
SET
SET
psql:/tmp/s1-basline/throughput/query_3.sql:2696: NOTICE:  duration: 0.009 ms  plan:
Query Text: INSERT INTO time_statistics (template, s_time, stream, query, seed) VALUES ('../query_postgresql/query2.tpl', TRANSACTION_TIMESTAMP(), 3, 58, 2135976027);
Insert on time_statistics  (cost=0.00..0.01 rows=0 width=0) (actual time=0.008..0.008 rows=0 loops=1)
  ->  Result  (cost=0.00..0.01 rows=1 width=64) (actual time=0.001..0.002 rows=1 loops=1)
INSERT 0 1
with wscs as
 (select sold_date_sk
        ,sales_price
  from (select ws_sold_date_sk sold_date_sk
              ,ws_ext_sales_price sales_price
        from web_sales 
        union all
        select cs_sold_date_sk sold_date_sk
              ,cs_ext_sales_price sales_price
        from catalog_sales) x),
 wswscs as 
 (select d_week_seq,
        sum(case when (d_day_name='Sunday') then sales_price else null end) sun_sales,
        sum(case when (d_day_name='Monday') then sales_price else null end) mon_sales,
        sum(case when (d_day_name='Tuesday') then sales_price else  null end) tue_sales,
        sum(case when (d_day_name='Wednesday') then sales_price else null end) wed_sales,
        sum(case when (d_day_name='Thursday') then sales_price else null end) thu_sales,
        sum(case when (d_day_name='Friday') then sales_price else null end) fri_sales,
        sum(case when (d_day_name='Saturday') then sales_price else null end) sat_sales
 from wscs
     ,date_dim
 where d_date_sk = sold_date_sk
 group by d_week_seq)
 select d_week_seq1
       ,round(cast(sun_sales1/sun_sales2 AS NUMERIC),2)
       ,round(cast(mon_sales1/mon_sales2 AS NUMERIC),2)
       ,round(cast(tue_sales1/tue_sales2 AS NUMERIC),2)
       ,round(cast(wed_sales1/wed_sales2 AS NUMERIC),2)
       ,round(cast(thu_sales1/thu_sales2 AS NUMERIC),2)
       ,round(cast(fri_sales1/fri_sales2 AS NUMERIC),2)
       ,round(cast(sat_sales1/sat_sales2 AS NUMERIC),2)
 from
 (select wswscs.d_week_seq d_week_seq1
        ,sun_sales sun_sales1
        ,mon_sales mon_sales1
        ,tue_sales tue_sales1
        ,wed_sales wed_sales1
        ,thu_sales thu_sales1
        ,fri_sales fri_sales1
        ,sat_sales sat_sales1
  from wswscs,date_dim 
  where date_dim.d_week_seq = wswscs.d_week_seq and
        d_year = 2001) y,
 (select wswscs.d_week_seq d_week_seq2
        ,sun_sales sun_sales2
        ,mon_sales mon_sales2
        ,tue_sales tue_sales2
        ,wed_sales wed_sales2
        ,thu_sales thu_sales2
        ,fri_sales fri_sales2
        ,sat_sales sat_sales2
  from wswscs
      ,date_dim 
  where date_dim.d_week_seq = wswscs.d_week_seq and
        d_year = 2001+1) z
 where d_week_seq1=d_week_seq2-53
 order by d_week_seq1;
psql:/tmp/s1-basline/throughput/query_3.sql:2753: NOTICE:  duration: 746.632 ms  plan:
Query Text: with wscs as
 (select sold_date_sk
        ,sales_price
  from (select ws_sold_date_sk sold_date_sk
              ,ws_ext_sales_price sales_price
        from web_sales 
        union all
        select cs_sold_date_sk sold_date_sk
              ,cs_ext_sales_price sales_price
        from catalog_sales) x),
 wswscs as 
 (select d_week_seq,
        sum(case when (d_day_name='Sunday') then sales_price else null end) sun_sales,
        sum(case when (d_day_name='Monday') then sales_price else null end) mon_sales,
        sum(case when (d_day_name='Tuesday') then sales_price else  null end) tue_sales,
        sum(case when (d_day_name='Wednesday') then sales_price else null end) wed_sales,
        sum(case when (d_day_name='Thursday') then sales_price else null end) thu_sales,
        sum(case when (d_day_name='Friday') then sales_price else null end) fri_sales,
        sum(case when (d_day_name='Saturday') then sales_price else null end) sat_sales
 from wscs
     ,date_dim
 where d_date_sk = sold_date_sk
 group by d_week_seq)
 select d_week_seq1
       ,round(cast(sun_sales1/sun_sales2 AS NUMERIC),2)
       ,round(cast(mon_sales1/mon_sales2 AS NUMERIC),2)
       ,round(cast(tue_sales1/tue_sales2 AS NUMERIC),2)
       ,round(cast(wed_sales1/wed_sales2 AS NUMERIC),2)
       ,round(cast(thu_sales1/thu_sales2 AS NUMERIC),2)
       ,round(cast(fri_sales1/fri_sales2 AS NUMERIC),2)
       ,round(cast(sat_sales1/sat_sales2 AS NUMERIC),2)
 from
 (select wswscs.d_week_seq d_week_seq1
        ,sun_sales sun_sales1
        ,mon_sales mon_sales1
        ,tue_sales tue_sales1
        ,wed_sales wed_sales1
        ,thu_sales thu_sales1
        ,fri_sales fri_sales1
        ,sat_sales sat_sales1
  from wswscs,date_dim 
  where date_dim.d_week_seq = wswscs.d_week_seq and
        d_year = 2001) y,
 (select wswscs.d_week_seq d_week_seq2
        ,sun_sales sun_sales2
        ,mon_sales mon_sales2
        ,tue_sales tue_sales2
        ,wed_sales wed_sales2
        ,thu_sales thu_sales2
        ,fri_sales fri_sales2
        ,sat_sales sat_sales2
  from wswscs
      ,date_dim 
  where date_dim.d_week_seq = wswscs.d_week_seq and
        d_year = 2001+1) z
 where d_week_seq1=d_week_seq2-53
 order by d_week_seq1;
Sort  (cost=142559.23..142559.27 rows=13 width=228) (actual time=696.818..745.039 rows=2513 loops=1)
  Sort Key: wswscs.d_week_seq
  Sort Method: quicksort  Memory: 316kB
  CTE wswscs
    ->  Finalize GroupAggregate  (cost=134351.24..137304.03 rows=10421 width=60) (actual time=670.162..718.629 rows=263 loops=1)
          Group Key: date_dim_2.d_week_seq
          ->  Gather Merge  (cost=134351.24..136782.98 rows=20842 width=60) (actual time=670.156..718.420 rows=789 loops=1)
                Workers Planned: 2
                Workers Launched: 2
                ->  Sort  (cost=133351.22..133377.27 rows=10421 width=60) (actual time=665.658..665.672 rows=263 loops=3)
                      Sort Key: date_dim_2.d_week_seq
                      Sort Method: quicksort  Memory: 51kB
                      Worker 0:  Sort Method: quicksort  Memory: 51kB
                      Worker 1:  Sort Method: quicksort  Memory: 47kB
                      ->  Partial HashAggregate  (cost=132551.55..132655.76 rows=10421 width=60) (actual time=665.450..665.556 rows=263 loops=3)
                            Group Key: date_dim_2.d_week_seq
                            Batches: 1  Memory Usage: 465kB
                            Worker 0:  Batches: 1  Memory Usage: 465kB
                            Worker 1:  Batches: 1  Memory Usage: 465kB
                            ->  Hash Join  (cost=3048.60..98819.02 rows=899534 width=22) (actual time=29.096..421.449 rows=717171 loops=3)
                                  Hash Cond: (catalog_sales.cs_sold_date_sk = date_dim_2.d_date_sk)
                                  ->  Parallel Append  (cost=0.00..93409.01 rows=899534 width=16) (actual time=0.020..271.324 rows=719628 loops=3)
                                        ->  Parallel Seq Scan on catalog_sales  (cost=0.00..59266.53 rows=599753 width=16) (actual time=0.011..155.108 rows=479804 loops=3)
                                        ->  Parallel Seq Scan on web_sales  (cost=0.00..29644.81 rows=299781 width=16) (actual time=0.016..110.257 rows=359737 loops=2)
                                  ->  Hash  (cost=2135.49..2135.49 rows=73049 width=22) (actual time=28.668..28.668 rows=73049 loops=3)
                                        Buckets: 131072  Batches: 1  Memory Usage: 5019kB
                                        ->  Seq Scan on date_dim date_dim_2  (cost=0.00..2135.49 rows=73049 width=22) (actual time=0.021..17.193 rows=73049 loops=3)
  ->  Hash Join  (cost=5006.66..5254.97 rows=13 width=228) (actual time=686.720..696.369 rows=2513 loops=1)
        Hash Cond: (wswscs.d_week_seq = date_dim.d_week_seq)
        ->  CTE Scan on wswscs  (cost=0.00..208.42 rows=10421 width=60) (actual time=670.164..670.185 rows=263 loops=1)
        ->  Hash  (cost=5006.49..5006.49 rows=13 width=64) (actual time=16.502..16.503 rows=2513 loops=1)
              Buckets: 4096 (originally 1024)  Batches: 1 (originally 1)  Memory Usage: 278kB
              ->  Merge Join  (cost=5000.92..5006.49 rows=13 width=64) (actual time=15.620..16.053 rows=2513 loops=1)
                    Merge Cond: (((wswscs_1.d_week_seq - 53)) = date_dim.d_week_seq)
                    ->  Sort  (cost=2667.37..2668.28 rows=363 width=60) (actual time=9.086..9.101 rows=365 loops=1)
                          Sort Key: ((wswscs_1.d_week_seq - 53))
                          Sort Method: quicksort  Memory: 62kB
                          ->  Hash Join  (cost=2322.65..2651.94 rows=363 width=60) (actual time=8.896..9.022 rows=365 loops=1)
                                Hash Cond: (wswscs_1.d_week_seq = date_dim_1.d_week_seq)
                                ->  CTE Scan on wswscs wswscs_1  (cost=0.00..208.42 rows=10421 width=60) (actual time=0.001..0.426 rows=263 loops=1)
                                ->  Hash  (cost=2318.11..2318.11 rows=363 width=4) (actual time=8.525..8.526 rows=365 loops=1)
                                      Buckets: 1024  Batches: 1  Memory Usage: 21kB
                                      ->  Seq Scan on date_dim date_dim_1  (cost=0.00..2318.11 rows=363 width=4) (actual time=4.213..8.484 rows=365 loops=1)
                                            Filter: (d_year = 2002)
                                            Rows Removed by Filter: 72684
                    ->  Sort  (cost=2333.55..2334.45 rows=363 width=4) (actual time=6.529..6.627 rows=2513 loops=1)
                          Sort Key: date_dim.d_week_seq
                          Sort Method: quicksort  Memory: 25kB
                          ->  Seq Scan on date_dim  (cost=0.00..2318.11 rows=363 width=4) (actual time=3.266..6.509 rows=365 loops=1)
                                Filter: (d_year = 2001)
                                Rows Removed by Filter: 72684
 d_week_seq1 | round | round | round | round | round | round | round 
-------------+-------+-------+-------+-------+-------+-------+-------
        5270 |  3.36 |  1.64 |  1.71 |  1.76 |  4.20 |  3.71 |  3.28
        5270 |  3.36 |  1.64 |  1.71 |  1.76 |  4.20 |  3.71 |  3.28
        5270 |  3.36 |  1.64 |  1.71 |  1.76 |  4.20 |  3.71 |  3.28
        5270 |  3.36 |  1.64 |  1.71 |  1.76 |  4.20 |  3.71 |  3.28
        5270 |  3.36 |  1.64 |  1.71 |  1.76 |  4.20 |  3.71 |  3.28
        5270 |  3.36 |  1.64 |  1.71 |  1.76 |  4.20 |  3.71 |  3.28
        5270 |  3.36 |  1.64 |  1.71 |  1.76 |  4.20 |  3.71 |  3.28
        5271 |  0.97 |  1.27 |  1.15 |  1.08 |  1.03 |  0.77 |  0.87
        5271 |  0.97 |  1.27 |  1.15 |  1.08 |  1.03 |  0.77 |  0.87
        5271 |  0.97 |  1.27 |  1.15 |  1.08 |  1.03 |  0.77 |  0.87
        5271 |  0.97 |  1.27 |  1.15 |  1.08 |  1.03 |  0.77 |  0.87
        5271 |  0.97 |  1.27 |  1.15 |  1.08 |  1.03 |  0.77 |  0.87
        5271 |  0.97 |  1.27 |  1.15 |  1.08 |  1.03 |  0.77 |  0.87
        5271 |  0.97 |  1.27 |  1.15 |  1.08 |  1.03 |  0.77 |  0.87
        5271 |  0.97 |  1.27 |  1.15 |  1.08 |  1.03 |  0.77 |  0.87
        5271 |  0.97 |  1.27 |  1.15 |  1.08 |  1.03 |  0.77 |  0.87
        5271 |  0.97 |  1.27 |  1.15 |  1.08 |  1.03 |  0.77 |  0.87
        5271 |  0.97 |  1.27 |  1.15 |  1.08 |  1.03 |  0.77 |  0.87
        5271 |  0.97 |  1.27 |  1.15 |  1.08 |  1.03 |  0.77 |  0.87
        5271 |  0.97 |  1.27 |  1.15 |  1.08 |  1.03 |  0.77 |  0.87
        5271 |  0.97 |  1.27 |  1.15 |  1.08 |  1.03 |  0.77 |  0.87
        5271 |  0.97 |  1.27 |  1.15 |  1.08 |  1.03 |  0.77 |  0.87
        5271 |  0.97 |  1.27 |  1.15 |  1.08 |  1.03 |  0.77 |  0.87
        5271 |  0.97 |  1.27 |  1.15 |  1.08 |  1.03 |  0.77 |  0.87
        5271 |  0.97 |  1.27 |  1.15 |  1.08 |  1.03 |  0.77 |  0.87
        5271 |  0.97 |  1.27 |  1.15 |  1.08 |  1.03 |  0.77 |  0.87
        5271 |  0.97 |  1.27 |  1.15 |  1.08 |  1.03 |  0.77 |  0.87
        5271 |  0.97 |  1.27 |  1.15 |  1.08 |  1.03 |  0.77 |  0.87
        5271 |  0.97 |  1.27 |  1.15 |  1.08 |  1.03 |  0.77 |  0.87
        5271 |  0.97 |  1.27 |  1.15 |  1.08 |  1.03 |  0.77 |  0.87
        5271 |  0.97 |  1.27 |  1.15 |  1.08 |  1.03 |  0.77 |  0.87
        5271 |  0.97 |  1.27 |  1.15 |  1.08 |  1.03 |  0.77 |  0.87
        5271 |  0.97 |  1.27 |  1.15 |  1.08 |  1.03 |  0.77 |  0.87
        5271 |  0.97 |  1.27 |  1.15 |  1.08 |  1.03 |  0.77 |  0.87
        5271 |  0.97 |  1.27 |  1.15 |  1.08 |  1.03 |  0.77 |  0.87
        5271 |  0.97 |  1.27 |  1.15 |  1.08 |  1.03 |  0.77 |  0.87
        5271 |  0.97 |  1.27 |  1.15 |  1.08 |  1.03 |  0.77 |  0.87
        5271 |  0.97 |  1.27 |  1.15 |  1.08 |  1.03 |  0.77 |  0.87
        5271 |  0.97 |  1.27 |  1.15 |  1.08 |  1.03 |  0.77 |  0.87
        5271 |  0.97 |  1.27 |  1.15 |  1.08 |  1.03 |  0.77 |  0.87
        5271 |  0.97 |  1.27 |  1.15 |  1.08 |  1.03 |  0.77 |  0.87
        5271 |  0.97 |  1.27 |  1.15 |  1.08 |  1.03 |  0.77 |  0.87
        5271 |  0.97 |  1.27 |  1.15 |  1.08 |  1.03 |  0.77 |  0.87
        5271 |  0.97 |  1.27 |  1.15 |  1.08 |  1.03 |  0.77 |  0.87
        5271 |  0.97 |  1.27 |  1.15 |  1.08 |  1.03 |  0.77 |  0.87
        5271 |  0.97 |  1.27 |  1.15 |  1.08 |  1.03 |  0.77 |  0.87
        5271 |  0.97 |  1.27 |  1.15 |  1.08 |  1.03 |  0.77 |  0.87
        5271 |  0.97 |  1.27 |  1.15 |  1.08 |  1.03 |  0.77 |  0.87
        5271 |  0.97 |  1.27 |  1.15 |  1.08 |  1.03 |  0.77 |  0.87
        5271 |  0.97 |  1.27 |  1.15 |  1.08 |  1.03 |  0.77 |  0.87
        5271 |  0.97 |  1.27 |  1.15 |  1.08 |  1.03 |  0.77 |  0.87
        5271 |  0.97 |  1.27 |  1.15 |  1.08 |  1.03 |  0.77 |  0.87
        5271 |  0.97 |  1.27 |  1.15 |  1.08 |  1.03 |  0.77 |  0.87
        5271 |  0.97 |  1.27 |  1.15 |  1.08 |  1.03 |  0.77 |  0.87
        5271 |  0.97 |  1.27 |  1.15 |  1.08 |  1.03 |  0.77 |  0.87
        5271 |  0.97 |  1.27 |  1.15 |  1.08 |  1.03 |  0.77 |  0.87
        5272 |  1.04 |  1.34 |  0.88 |  1.23 |  1.15 |  0.90 |  0.65
        5272 |  1.04 |  1.34 |  0.88 |  1.23 |  1.15 |  0.90 |  0.65
        5272 |  1.04 |  1.34 |  0.88 |  1.23 |  1.15 |  0.90 |  0.65
        5272 |  1.04 |  1.34 |  0.88 |  1.23 |  1.15 |  0.90 |  0.65
        5272 |  1.04 |  1.34 |  0.88 |  1.23 |  1.15 |  0.90 |  0.65
        5272 |  1.04 |  1.34 |  0.88 |  1.23 |  1.15 |  0.90 |  0.65
        5272 |  1.04 |  1.34 |  0.88 |  1.23 |  1.15 |  0.90 |  0.65
        5272 |  1.04 |  1.34 |  0.88 |  1.23 |  1.15 |  0.90 |  0.65
        5272 |  1.04 |  1.34 |  0.88 |  1.23 |  1.15 |  0.90 |  0.65
        5272 |  1.04 |  1.34 |  0.88 |  1.23 |  1.15 |  0.90 |  0.65
        5272 |  1.04 |  1.34 |  0.88 |  1.23 |  1.15 |  0.90 |  0.65
        5272 |  1.04 |  1.34 |  0.88 |  1.23 |  1.15 |  0.90 |  0.65
        5272 |  1.04 |  1.34 |  0.88 |  1.23 |  1.15 |  0.90 |  0.65
        5272 |  1.04 |  1.34 |  0.88 |  1.23 |  1.15 |  0.90 |  0.65
        5272 |  1.04 |  1.34 |  0.88 |  1.23 |  1.15 |  0.90 |  0.65
        5272 |  1.04 |  1.34 |  0.88 |  1.23 |  1.15 |  0.90 |  0.65
        5272 |  1.04 |  1.34 |  0.88 |  1.23 |  1.15 |  0.90 |  0.65
        5272 |  1.04 |  1.34 |  0.88 |  1.23 |  1.15 |  0.90 |  0.65
        5272 |  1.04 |  1.34 |  0.88 |  1.23 |  1.15 |  0.90 |  0.65
        5272 |  1.04 |  1.34 |  0.88 |  1.23 |  1.15 |  0.90 |  0.65
        5272 |  1.04 |  1.34 |  0.88 |  1.23 |  1.15 |  0.90 |  0.65
        5272 |  1.04 |  1.34 |  0.88 |  1.23 |  1.15 |  0.90 |  0.65
        5272 |  1.04 |  1.34 |  0.88 |  1.23 |  1.15 |  0.90 |  0.65
        5272 |  1.04 |  1.34 |  0.88 |  1.23 |  1.15 |  0.90 |  0.65
        5272 |  1.04 |  1.34 |  0.88 |  1.23 |  1.15 |  0.90 |  0.65
        5272 |  1.04 |  1.34 |  0.88 |  1.23 |  1.15 |  0.90 |  0.65
        5272 |  1.04 |  1.34 |  0.88 |  1.23 |  1.15 |  0.90 |  0.65
        5272 |  1.04 |  1.34 |  0.88 |  1.23 |  1.15 |  0.90 |  0.65
        5272 |  1.04 |  1.34 |  0.88 |  1.23 |  1.15 |  0.90 |  0.65
        5272 |  1.04 |  1.34 |  0.88 |  1.23 |  1.15 |  0.90 |  0.65
        5272 |  1.04 |  1.34 |  0.88 |  1.23 |  1.15 |  0.90 |  0.65
        5272 |  1.04 |  1.34 |  0.88 |  1.23 |  1.15 |  0.90 |  0.65
        5272 |  1.04 |  1.34 |  0.88 |  1.23 |  1.15 |  0.90 |  0.65
        5272 |  1.04 |  1.34 |  0.88 |  1.23 |  1.15 |  0.90 |  0.65
        5272 |  1.04 |  1.34 |  0.88 |  1.23 |  1.15 |  0.90 |  0.65
        5272 |  1.04 |  1.34 |  0.88 |  1.23 |  1.15 |  0.90 |  0.65
        5272 |  1.04 |  1.34 |  0.88 |  1.23 |  1.15 |  0.90 |  0.65
        5272 |  1.04 |  1.34 |  0.88 |  1.23 |  1.15 |  0.90 |  0.65
        5272 |  1.04 |  1.34 |  0.88 |  1.23 |  1.15 |  0.90 |  0.65
        5272 |  1.04 |  1.34 |  0.88 |  1.23 |  1.15 |  0.90 |  0.65
        5272 |  1.04 |  1.34 |  0.88 |  1.23 |  1.15 |  0.90 |  0.65
        5272 |  1.04 |  1.34 |  0.88 |  1.23 |  1.15 |  0.90 |  0.65
        5272 |  1.04 |  1.34 |  0.88 |  1.23 |  1.15 |  0.90 |  0.65
        5272 |  1.04 |  1.34 |  0.88 |  1.23 |  1.15 |  0.90 |  0.65
        5272 |  1.04 |  1.34 |  0.88 |  1.23 |  1.15 |  0.90 |  0.65
        5272 |  1.04 |  1.34 |  0.88 |  1.23 |  1.15 |  0.90 |  0.65
        5272 |  1.04 |  1.34 |  0.88 |  1.23 |  1.15 |  0.90 |  0.65
        5272 |  1.04 |  1.34 |  0.88 |  1.23 |  1.15 |  0.90 |  0.65
        5272 |  1.04 |  1.34 |  0.88 |  1.23 |  1.15 |  0.90 |  0.65
        5273 |  1.04 |  0.96 |  0.91 |  1.15 |  1.04 |  1.28 |  1.06
        5273 |  1.04 |  0.96 |  0.91 |  1.15 |  1.04 |  1.28 |  1.06
        5273 |  1.04 |  0.96 |  0.91 |  1.15 |  1.04 |  1.28 |  1.06
        5273 |  1.04 |  0.96 |  0.91 |  1.15 |  1.04 |  1.28 |  1.06
        5273 |  1.04 |  0.96 |  0.91 |  1.15 |  1.04 |  1.28 |  1.06
        5273 |  1.04 |  0.96 |  0.91 |  1.15 |  1.04 |  1.28 |  1.06
        5273 |  1.04 |  0.96 |  0.91 |  1.15 |  1.04 |  1.28 |  1.06
        5273 |  1.04 |  0.96 |  0.91 |  1.15 |  1.04 |  1.28 |  1.06
        5273 |  1.04 |  0.96 |  0.91 |  1.15 |  1.04 |  1.28 |  1.06
        5273 |  1.04 |  0.96 |  0.91 |  1.15 |  1.04 |  1.28 |  1.06
        5273 |  1.04 |  0.96 |  0.91 |  1.15 |  1.04 |  1.28 |  1.06
        5273 |  1.04 |  0.96 |  0.91 |  1.15 |  1.04 |  1.28 |  1.06
        5273 |  1.04 |  0.96 |  0.91 |  1.15 |  1.04 |  1.28 |  1.06
        5273 |  1.04 |  0.96 |  0.91 |  1.15 |  1.04 |  1.28 |  1.06
        5273 |  1.04 |  0.96 |  0.91 |  1.15 |  1.04 |  1.28 |  1.06
        5273 |  1.04 |  0.96 |  0.91 |  1.15 |  1.04 |  1.28 |  1.06
        5273 |  1.04 |  0.96 |  0.91 |  1.15 |  1.04 |  1.28 |  1.06
        5273 |  1.04 |  0.96 |  0.91 |  1.15 |  1.04 |  1.28 |  1.06
        5273 |  1.04 |  0.96 |  0.91 |  1.15 |  1.04 |  1.28 |  1.06
        5273 |  1.04 |  0.96 |  0.91 |  1.15 |  1.04 |  1.28 |  1.06
        5273 |  1.04 |  0.96 |  0.91 |  1.15 |  1.04 |  1.28 |  1.06
        5273 |  1.04 |  0.96 |  0.91 |  1.15 |  1.04 |  1.28 |  1.06
        5273 |  1.04 |  0.96 |  0.91 |  1.15 |  1.04 |  1.28 |  1.06
        5273 |  1.04 |  0.96 |  0.91 |  1.15 |  1.04 |  1.28 |  1.06
        5273 |  1.04 |  0.96 |  0.91 |  1.15 |  1.04 |  1.28 |  1.06
        5273 |  1.04 |  0.96 |  0.91 |  1.15 |  1.04 |  1.28 |  1.06
        5273 |  1.04 |  0.96 |  0.91 |  1.15 |  1.04 |  1.28 |  1.06
        5273 |  1.04 |  0.96 |  0.91 |  1.15 |  1.04 |  1.28 |  1.06
        5273 |  1.04 |  0.96 |  0.91 |  1.15 |  1.04 |  1.28 |  1.06
        5273 |  1.04 |  0.96 |  0.91 |  1.15 |  1.04 |  1.28 |  1.06
        5273 |  1.04 |  0.96 |  0.91 |  1.15 |  1.04 |  1.28 |  1.06
        5273 |  1.04 |  0.96 |  0.91 |  1.15 |  1.04 |  1.28 |  1.06
        5273 |  1.04 |  0.96 |  0.91 |  1.15 |  1.04 |  1.28 |  1.06
        5273 |  1.04 |  0.96 |  0.91 |  1.15 |  1.04 |  1.28 |  1.06
        5273 |  1.04 |  0.96 |  0.91 |  1.15 |  1.04 |  1.28 |  1.06
        5273 |  1.04 |  0.96 |  0.91 |  1.15 |  1.04 |  1.28 |  1.06
        5273 |  1.04 |  0.96 |  0.91 |  1.15 |  1.04 |  1.28 |  1.06
        5273 |  1.04 |  0.96 |  0.91 |  1.15 |  1.04 |  1.28 |  1.06
        5273 |  1.04 |  0.96 |  0.91 |  1.15 |  1.04 |  1.28 |  1.06
        5273 |  1.04 |  0.96 |  0.91 |  1.15 |  1.04 |  1.28 |  1.06
        5273 |  1.04 |  0.96 |  0.91 |  1.15 |  1.04 |  1.28 |  1.06
        5273 |  1.04 |  0.96 |  0.91 |  1.15 |  1.04 |  1.28 |  1.06
        5273 |  1.04 |  0.96 |  0.91 |  1.15 |  1.04 |  1.28 |  1.06
        5273 |  1.04 |  0.96 |  0.91 |  1.15 |  1.04 |  1.28 |  1.06
        5273 |  1.04 |  0.96 |  0.91 |  1.15 |  1.04 |  1.28 |  1.06
        5273 |  1.04 |  0.96 |  0.91 |  1.15 |  1.04 |  1.28 |  1.06
        5273 |  1.04 |  0.96 |  0.91 |  1.15 |  1.04 |  1.28 |  1.06
        5273 |  1.04 |  0.96 |  0.91 |  1.15 |  1.04 |  1.28 |  1.06
        5273 |  1.04 |  0.96 |  0.91 |  1.15 |  1.04 |  1.28 |  1.06
        5274 |  0.99 |  1.17 |  1.07 |  1.24 |  1.00 |  1.13 |  1.07
        5274 |  0.99 |  1.17 |  1.07 |  1.24 |  1.00 |  1.13 |  1.07
        5274 |  0.99 |  1.17 |  1.07 |  1.24 |  1.00 |  1.13 |  1.07
        5274 |  0.99 |  1.17 |  1.07 |  1.24 |  1.00 |  1.13 |  1.07
        5274 |  0.99 |  1.17 |  1.07 |  1.24 |  1.00 |  1.13 |  1.07
        5274 |  0.99 |  1.17 |  1.07 |  1.24 |  1.00 |  1.13 |  1.07
        5274 |  0.99 |  1.17 |  1.07 |  1.24 |  1.00 |  1.13 |  1.07
        5274 |  0.99 |  1.17 |  1.07 |  1.24 |  1.00 |  1.13 |  1.07
        5274 |  0.99 |  1.17 |  1.07 |  1.24 |  1.00 |  1.13 |  1.07
        5274 |  0.99 |  1.17 |  1.07 |  1.24 |  1.00 |  1.13 |  1.07
        5274 |  0.99 |  1.17 |  1.07 |  1.24 |  1.00 |  1.13 |  1.07
        5274 |  0.99 |  1.17 |  1.07 |  1.24 |  1.00 |  1.13 |  1.07
        5274 |  0.99 |  1.17 |  1.07 |  1.24 |  1.00 |  1.13 |  1.07
        5274 |  0.99 |  1.17 |  1.07 |  1.24 |  1.00 |  1.13 |  1.07
        5274 |  0.99 |  1.17 |  1.07 |  1.24 |  1.00 |  1.13 |  1.07
        5274 |  0.99 |  1.17 |  1.07 |  1.24 |  1.00 |  1.13 |  1.07
        5274 |  0.99 |  1.17 |  1.07 |  1.24 |  1.00 |  1.13 |  1.07
        5274 |  0.99 |  1.17 |  1.07 |  1.24 |  1.00 |  1.13 |  1.07
        5274 |  0.99 |  1.17 |  1.07 |  1.24 |  1.00 |  1.13 |  1.07
        5274 |  0.99 |  1.17 |  1.07 |  1.24 |  1.00 |  1.13 |  1.07
        5274 |  0.99 |  1.17 |  1.07 |  1.24 |  1.00 |  1.13 |  1.07
        5274 |  0.99 |  1.17 |  1.07 |  1.24 |  1.00 |  1.13 |  1.07
        5274 |  0.99 |  1.17 |  1.07 |  1.24 |  1.00 |  1.13 |  1.07
        5274 |  0.99 |  1.17 |  1.07 |  1.24 |  1.00 |  1.13 |  1.07
        5274 |  0.99 |  1.17 |  1.07 |  1.24 |  1.00 |  1.13 |  1.07
        5274 |  0.99 |  1.17 |  1.07 |  1.24 |  1.00 |  1.13 |  1.07
        5274 |  0.99 |  1.17 |  1.07 |  1.24 |  1.00 |  1.13 |  1.07
        5274 |  0.99 |  1.17 |  1.07 |  1.24 |  1.00 |  1.13 |  1.07
        5274 |  0.99 |  1.17 |  1.07 |  1.24 |  1.00 |  1.13 |  1.07
        5274 |  0.99 |  1.17 |  1.07 |  1.24 |  1.00 |  1.13 |  1.07
        5274 |  0.99 |  1.17 |  1.07 |  1.24 |  1.00 |  1.13 |  1.07
        5274 |  0.99 |  1.17 |  1.07 |  1.24 |  1.00 |  1.13 |  1.07
        5274 |  0.99 |  1.17 |  1.07 |  1.24 |  1.00 |  1.13 |  1.07
        5274 |  0.99 |  1.17 |  1.07 |  1.24 |  1.00 |  1.13 |  1.07
        5274 |  0.99 |  1.17 |  1.07 |  1.24 |  1.00 |  1.13 |  1.07
        5274 |  0.99 |  1.17 |  1.07 |  1.24 |  1.00 |  1.13 |  1.07
        5274 |  0.99 |  1.17 |  1.07 |  1.24 |  1.00 |  1.13 |  1.07
        5274 |  0.99 |  1.17 |  1.07 |  1.24 |  1.00 |  1.13 |  1.07
        5274 |  0.99 |  1.17 |  1.07 |  1.24 |  1.00 |  1.13 |  1.07
        5274 |  0.99 |  1.17 |  1.07 |  1.24 |  1.00 |  1.13 |  1.07
        5274 |  0.99 |  1.17 |  1.07 |  1.24 |  1.00 |  1.13 |  1.07
        5274 |  0.99 |  1.17 |  1.07 |  1.24 |  1.00 |  1.13 |  1.07
        5274 |  0.99 |  1.17 |  1.07 |  1.24 |  1.00 |  1.13 |  1.07
        5274 |  0.99 |  1.17 |  1.07 |  1.24 |  1.00 |  1.13 |  1.07
        5274 |  0.99 |  1.17 |  1.07 |  1.24 |  1.00 |  1.13 |  1.07
        5274 |  0.99 |  1.17 |  1.07 |  1.24 |  1.00 |  1.13 |  1.07
        5274 |  0.99 |  1.17 |  1.07 |  1.24 |  1.00 |  1.13 |  1.07
        5274 |  0.99 |  1.17 |  1.07 |  1.24 |  1.00 |  1.13 |  1.07
        5274 |  0.99 |  1.17 |  1.07 |  1.24 |  1.00 |  1.13 |  1.07
        5275 |  0.97 |  1.00 |  0.94 |  0.99 |  0.98 |  1.14 |  0.97
        5275 |  0.97 |  1.00 |  0.94 |  0.99 |  0.98 |  1.14 |  0.97
        5275 |  0.97 |  1.00 |  0.94 |  0.99 |  0.98 |  1.14 |  0.97
        5275 |  0.97 |  1.00 |  0.94 |  0.99 |  0.98 |  1.14 |  0.97
        5275 |  0.97 |  1.00 |  0.94 |  0.99 |  0.98 |  1.14 |  0.97
        5275 |  0.97 |  1.00 |  0.94 |  0.99 |  0.98 |  1.14 |  0.97
        5275 |  0.97 |  1.00 |  0.94 |  0.99 |  0.98 |  1.14 |  0.97
        5275 |  0.97 |  1.00 |  0.94 |  0.99 |  0.98 |  1.14 |  0.97
        5275 |  0.97 |  1.00 |  0.94 |  0.99 |  0.98 |  1.14 |  0.97
        5275 |  0.97 |  1.00 |  0.94 |  0.99 |  0.98 |  1.14 |  0.97
        5275 |  0.97 |  1.00 |  0.94 |  0.99 |  0.98 |  1.14 |  0.97
        5275 |  0.97 |  1.00 |  0.94 |  0.99 |  0.98 |  1.14 |  0.97
        5275 |  0.97 |  1.00 |  0.94 |  0.99 |  0.98 |  1.14 |  0.97
        5275 |  0.97 |  1.00 |  0.94 |  0.99 |  0.98 |  1.14 |  0.97
        5275 |  0.97 |  1.00 |  0.94 |  0.99 |  0.98 |  1.14 |  0.97
        5275 |  0.97 |  1.00 |  0.94 |  0.99 |  0.98 |  1.14 |  0.97
        5275 |  0.97 |  1.00 |  0.94 |  0.99 |  0.98 |  1.14 |  0.97
        5275 |  0.97 |  1.00 |  0.94 |  0.99 |  0.98 |  1.14 |  0.97
        5275 |  0.97 |  1.00 |  0.94 |  0.99 |  0.98 |  1.14 |  0.97
        5275 |  0.97 |  1.00 |  0.94 |  0.99 |  0.98 |  1.14 |  0.97
        5275 |  0.97 |  1.00 |  0.94 |  0.99 |  0.98 |  1.14 |  0.97
        5275 |  0.97 |  1.00 |  0.94 |  0.99 |  0.98 |  1.14 |  0.97
        5275 |  0.97 |  1.00 |  0.94 |  0.99 |  0.98 |  1.14 |  0.97
        5275 |  0.97 |  1.00 |  0.94 |  0.99 |  0.98 |  1.14 |  0.97
        5275 |  0.97 |  1.00 |  0.94 |  0.99 |  0.98 |  1.14 |  0.97
        5275 |  0.97 |  1.00 |  0.94 |  0.99 |  0.98 |  1.14 |  0.97
        5275 |  0.97 |  1.00 |  0.94 |  0.99 |  0.98 |  1.14 |  0.97
        5275 |  0.97 |  1.00 |  0.94 |  0.99 |  0.98 |  1.14 |  0.97
        5275 |  0.97 |  1.00 |  0.94 |  0.99 |  0.98 |  1.14 |  0.97
        5275 |  0.97 |  1.00 |  0.94 |  0.99 |  0.98 |  1.14 |  0.97
        5275 |  0.97 |  1.00 |  0.94 |  0.99 |  0.98 |  1.14 |  0.97
        5275 |  0.97 |  1.00 |  0.94 |  0.99 |  0.98 |  1.14 |  0.97
        5275 |  0.97 |  1.00 |  0.94 |  0.99 |  0.98 |  1.14 |  0.97
        5275 |  0.97 |  1.00 |  0.94 |  0.99 |  0.98 |  1.14 |  0.97
        5275 |  0.97 |  1.00 |  0.94 |  0.99 |  0.98 |  1.14 |  0.97
        5275 |  0.97 |  1.00 |  0.94 |  0.99 |  0.98 |  1.14 |  0.97
        5275 |  0.97 |  1.00 |  0.94 |  0.99 |  0.98 |  1.14 |  0.97
        5275 |  0.97 |  1.00 |  0.94 |  0.99 |  0.98 |  1.14 |  0.97
        5275 |  0.97 |  1.00 |  0.94 |  0.99 |  0.98 |  1.14 |  0.97
        5275 |  0.97 |  1.00 |  0.94 |  0.99 |  0.98 |  1.14 |  0.97
        5275 |  0.97 |  1.00 |  0.94 |  0.99 |  0.98 |  1.14 |  0.97
        5275 |  0.97 |  1.00 |  0.94 |  0.99 |  0.98 |  1.14 |  0.97
        5275 |  0.97 |  1.00 |  0.94 |  0.99 |  0.98 |  1.14 |  0.97
        5275 |  0.97 |  1.00 |  0.94 |  0.99 |  0.98 |  1.14 |  0.97
        5275 |  0.97 |  1.00 |  0.94 |  0.99 |  0.98 |  1.14 |  0.97
        5275 |  0.97 |  1.00 |  0.94 |  0.99 |  0.98 |  1.14 |  0.97
        5275 |  0.97 |  1.00 |  0.94 |  0.99 |  0.98 |  1.14 |  0.97
        5275 |  0.97 |  1.00 |  0.94 |  0.99 |  0.98 |  1.14 |  0.97
        5275 |  0.97 |  1.00 |  0.94 |  0.99 |  0.98 |  1.14 |  0.97
        5276 |  0.90 |  0.92 |  0.74 |  1.18 |  0.95 |  1.16 |  1.12
        5276 |  0.90 |  0.92 |  0.74 |  1.18 |  0.95 |  1.16 |  1.12
        5276 |  0.90 |  0.92 |  0.74 |  1.18 |  0.95 |  1.16 |  1.12
        5276 |  0.90 |  0.92 |  0.74 |  1.18 |  0.95 |  1.16 |  1.12
        5276 |  0.90 |  0.92 |  0.74 |  1.18 |  0.95 |  1.16 |  1.12
        5276 |  0.90 |  0.92 |  0.74 |  1.18 |  0.95 |  1.16 |  1.12
        5276 |  0.90 |  0.92 |  0.74 |  1.18 |  0.95 |  1.16 |  1.12
        5276 |  0.90 |  0.92 |  0.74 |  1.18 |  0.95 |  1.16 |  1.12
        5276 |  0.90 |  0.92 |  0.74 |  1.18 |  0.95 |  1.16 |  1.12
        5276 |  0.90 |  0.92 |  0.74 |  1.18 |  0.95 |  1.16 |  1.12
        5276 |  0.90 |  0.92 |  0.74 |  1.18 |  0.95 |  1.16 |  1.12
        5276 |  0.90 |  0.92 |  0.74 |  1.18 |  0.95 |  1.16 |  1.12
        5276 |  0.90 |  0.92 |  0.74 |  1.18 |  0.95 |  1.16 |  1.12
        5276 |  0.90 |  0.92 |  0.74 |  1.18 |  0.95 |  1.16 |  1.12
        5276 |  0.90 |  0.92 |  0.74 |  1.18 |  0.95 |  1.16 |  1.12
        5276 |  0.90 |  0.92 |  0.74 |  1.18 |  0.95 |  1.16 |  1.12
        5276 |  0.90 |  0.92 |  0.74 |  1.18 |  0.95 |  1.16 |  1.12
        5276 |  0.90 |  0.92 |  0.74 |  1.18 |  0.95 |  1.16 |  1.12
        5276 |  0.90 |  0.92 |  0.74 |  1.18 |  0.95 |  1.16 |  1.12
        5276 |  0.90 |  0.92 |  0.74 |  1.18 |  0.95 |  1.16 |  1.12
        5276 |  0.90 |  0.92 |  0.74 |  1.18 |  0.95 |  1.16 |  1.12
        5276 |  0.90 |  0.92 |  0.74 |  1.18 |  0.95 |  1.16 |  1.12
        5276 |  0.90 |  0.92 |  0.74 |  1.18 |  0.95 |  1.16 |  1.12
        5276 |  0.90 |  0.92 |  0.74 |  1.18 |  0.95 |  1.16 |  1.12
        5276 |  0.90 |  0.92 |  0.74 |  1.18 |  0.95 |  1.16 |  1.12
        5276 |  0.90 |  0.92 |  0.74 |  1.18 |  0.95 |  1.16 |  1.12
        5276 |  0.90 |  0.92 |  0.74 |  1.18 |  0.95 |  1.16 |  1.12
        5276 |  0.90 |  0.92 |  0.74 |  1.18 |  0.95 |  1.16 |  1.12
        5276 |  0.90 |  0.92 |  0.74 |  1.18 |  0.95 |  1.16 |  1.12
        5276 |  0.90 |  0.92 |  0.74 |  1.18 |  0.95 |  1.16 |  1.12
        5276 |  0.90 |  0.92 |  0.74 |  1.18 |  0.95 |  1.16 |  1.12
        5276 |  0.90 |  0.92 |  0.74 |  1.18 |  0.95 |  1.16 |  1.12
        5276 |  0.90 |  0.92 |  0.74 |  1.18 |  0.95 |  1.16 |  1.12
        5276 |  0.90 |  0.92 |  0.74 |  1.18 |  0.95 |  1.16 |  1.12
        5276 |  0.90 |  0.92 |  0.74 |  1.18 |  0.95 |  1.16 |  1.12
        5276 |  0.90 |  0.92 |  0.74 |  1.18 |  0.95 |  1.16 |  1.12
        5276 |  0.90 |  0.92 |  0.74 |  1.18 |  0.95 |  1.16 |  1.12
        5276 |  0.90 |  0.92 |  0.74 |  1.18 |  0.95 |  1.16 |  1.12
        5276 |  0.90 |  0.92 |  0.74 |  1.18 |  0.95 |  1.16 |  1.12
        5276 |  0.90 |  0.92 |  0.74 |  1.18 |  0.95 |  1.16 |  1.12
        5276 |  0.90 |  0.92 |  0.74 |  1.18 |  0.95 |  1.16 |  1.12
        5276 |  0.90 |  0.92 |  0.74 |  1.18 |  0.95 |  1.16 |  1.12
        5276 |  0.90 |  0.92 |  0.74 |  1.18 |  0.95 |  1.16 |  1.12
        5276 |  0.90 |  0.92 |  0.74 |  1.18 |  0.95 |  1.16 |  1.12
        5276 |  0.90 |  0.92 |  0.74 |  1.18 |  0.95 |  1.16 |  1.12
        5276 |  0.90 |  0.92 |  0.74 |  1.18 |  0.95 |  1.16 |  1.12
        5276 |  0.90 |  0.92 |  0.74 |  1.18 |  0.95 |  1.16 |  1.12
        5276 |  0.90 |  0.92 |  0.74 |  1.18 |  0.95 |  1.16 |  1.12
        5276 |  0.90 |  0.92 |  0.74 |  1.18 |  0.95 |  1.16 |  1.12
        5277 |  0.96 |  1.02 |  0.84 |  0.98 |  1.22 |  0.87 |  1.17
        5277 |  0.96 |  1.02 |  0.84 |  0.98 |  1.22 |  0.87 |  1.17
        5277 |  0.96 |  1.02 |  0.84 |  0.98 |  1.22 |  0.87 |  1.17
        5277 |  0.96 |  1.02 |  0.84 |  0.98 |  1.22 |  0.87 |  1.17
        5277 |  0.96 |  1.02 |  0.84 |  0.98 |  1.22 |  0.87 |  1.17
        5277 |  0.96 |  1.02 |  0.84 |  0.98 |  1.22 |  0.87 |  1.17
        5277 |  0.96 |  1.02 |  0.84 |  0.98 |  1.22 |  0.87 |  1.17
        5277 |  0.96 |  1.02 |  0.84 |  0.98 |  1.22 |  0.87 |  1.17
        5277 |  0.96 |  1.02 |  0.84 |  0.98 |  1.22 |  0.87 |  1.17
        5277 |  0.96 |  1.02 |  0.84 |  0.98 |  1.22 |  0.87 |  1.17
        5277 |  0.96 |  1.02 |  0.84 |  0.98 |  1.22 |  0.87 |  1.17
        5277 |  0.96 |  1.02 |  0.84 |  0.98 |  1.22 |  0.87 |  1.17
        5277 |  0.96 |  1.02 |  0.84 |  0.98 |  1.22 |  0.87 |  1.17
        5277 |  0.96 |  1.02 |  0.84 |  0.98 |  1.22 |  0.87 |  1.17
        5277 |  0.96 |  1.02 |  0.84 |  0.98 |  1.22 |  0.87 |  1.17
        5277 |  0.96 |  1.02 |  0.84 |  0.98 |  1.22 |  0.87 |  1.17
        5277 |  0.96 |  1.02 |  0.84 |  0.98 |  1.22 |  0.87 |  1.17
        5277 |  0.96 |  1.02 |  0.84 |  0.98 |  1.22 |  0.87 |  1.17
        5277 |  0.96 |  1.02 |  0.84 |  0.98 |  1.22 |  0.87 |  1.17
        5277 |  0.96 |  1.02 |  0.84 |  0.98 |  1.22 |  0.87 |  1.17
        5277 |  0.96 |  1.02 |  0.84 |  0.98 |  1.22 |  0.87 |  1.17
        5277 |  0.96 |  1.02 |  0.84 |  0.98 |  1.22 |  0.87 |  1.17
        5277 |  0.96 |  1.02 |  0.84 |  0.98 |  1.22 |  0.87 |  1.17
        5277 |  0.96 |  1.02 |  0.84 |  0.98 |  1.22 |  0.87 |  1.17
        5277 |  0.96 |  1.02 |  0.84 |  0.98 |  1.22 |  0.87 |  1.17
        5277 |  0.96 |  1.02 |  0.84 |  0.98 |  1.22 |  0.87 |  1.17
        5277 |  0.96 |  1.02 |  0.84 |  0.98 |  1.22 |  0.87 |  1.17
        5277 |  0.96 |  1.02 |  0.84 |  0.98 |  1.22 |  0.87 |  1.17
        5277 |  0.96 |  1.02 |  0.84 |  0.98 |  1.22 |  0.87 |  1.17
        5277 |  0.96 |  1.02 |  0.84 |  0.98 |  1.22 |  0.87 |  1.17
        5277 |  0.96 |  1.02 |  0.84 |  0.98 |  1.22 |  0.87 |  1.17
        5277 |  0.96 |  1.02 |  0.84 |  0.98 |  1.22 |  0.87 |  1.17
        5277 |  0.96 |  1.02 |  0.84 |  0.98 |  1.22 |  0.87 |  1.17
        5277 |  0.96 |  1.02 |  0.84 |  0.98 |  1.22 |  0.87 |  1.17
        5277 |  0.96 |  1.02 |  0.84 |  0.98 |  1.22 |  0.87 |  1.17
        5277 |  0.96 |  1.02 |  0.84 |  0.98 |  1.22 |  0.87 |  1.17
        5277 |  0.96 |  1.02 |  0.84 |  0.98 |  1.22 |  0.87 |  1.17
        5277 |  0.96 |  1.02 |  0.84 |  0.98 |  1.22 |  0.87 |  1.17
        5277 |  0.96 |  1.02 |  0.84 |  0.98 |  1.22 |  0.87 |  1.17
        5277 |  0.96 |  1.02 |  0.84 |  0.98 |  1.22 |  0.87 |  1.17
        5277 |  0.96 |  1.02 |  0.84 |  0.98 |  1.22 |  0.87 |  1.17
        5277 |  0.96 |  1.02 |  0.84 |  0.98 |  1.22 |  0.87 |  1.17
        5277 |  0.96 |  1.02 |  0.84 |  0.98 |  1.22 |  0.87 |  1.17
        5277 |  0.96 |  1.02 |  0.84 |  0.98 |  1.22 |  0.87 |  1.17
        5277 |  0.96 |  1.02 |  0.84 |  0.98 |  1.22 |  0.87 |  1.17
        5277 |  0.96 |  1.02 |  0.84 |  0.98 |  1.22 |  0.87 |  1.17
        5277 |  0.96 |  1.02 |  0.84 |  0.98 |  1.22 |  0.87 |  1.17
        5277 |  0.96 |  1.02 |  0.84 |  0.98 |  1.22 |  0.87 |  1.17
        5277 |  0.96 |  1.02 |  0.84 |  0.98 |  1.22 |  0.87 |  1.17
        5278 |  1.26 |  1.14 |  1.13 |  1.04 |  1.06 |  3.68 |  1.29
        5278 |  1.26 |  1.14 |  1.13 |  1.04 |  1.06 |  3.68 |  1.29
        5278 |  1.26 |  1.14 |  1.13 |  1.04 |  1.06 |  3.68 |  1.29
        5278 |  1.26 |  1.14 |  1.13 |  1.04 |  1.06 |  3.68 |  1.29
        5278 |  1.26 |  1.14 |  1.13 |  1.04 |  1.06 |  3.68 |  1.29
        5278 |  1.26 |  1.14 |  1.13 |  1.04 |  1.06 |  3.68 |  1.29
        5278 |  1.26 |  1.14 |  1.13 |  1.04 |  1.06 |  3.68 |  1.29
        5278 |  1.26 |  1.14 |  1.13 |  1.04 |  1.06 |  3.68 |  1.29
        5278 |  1.26 |  1.14 |  1.13 |  1.04 |  1.06 |  3.68 |  1.29
        5278 |  1.26 |  1.14 |  1.13 |  1.04 |  1.06 |  3.68 |  1.29
        5278 |  1.26 |  1.14 |  1.13 |  1.04 |  1.06 |  3.68 |  1.29
        5278 |  1.26 |  1.14 |  1.13 |  1.04 |  1.06 |  3.68 |  1.29
        5278 |  1.26 |  1.14 |  1.13 |  1.04 |  1.06 |  3.68 |  1.29
        5278 |  1.26 |  1.14 |  1.13 |  1.04 |  1.06 |  3.68 |  1.29
        5278 |  1.26 |  1.14 |  1.13 |  1.04 |  1.06 |  3.68 |  1.29
        5278 |  1.26 |  1.14 |  1.13 |  1.04 |  1.06 |  3.68 |  1.29
        5278 |  1.26 |  1.14 |  1.13 |  1.04 |  1.06 |  3.68 |  1.29
        5278 |  1.26 |  1.14 |  1.13 |  1.04 |  1.06 |  3.68 |  1.29
        5278 |  1.26 |  1.14 |  1.13 |  1.04 |  1.06 |  3.68 |  1.29
        5278 |  1.26 |  1.14 |  1.13 |  1.04 |  1.06 |  3.68 |  1.29
        5278 |  1.26 |  1.14 |  1.13 |  1.04 |  1.06 |  3.68 |  1.29
        5278 |  1.26 |  1.14 |  1.13 |  1.04 |  1.06 |  3.68 |  1.29
        5278 |  1.26 |  1.14 |  1.13 |  1.04 |  1.06 |  3.68 |  1.29
        5278 |  1.26 |  1.14 |  1.13 |  1.04 |  1.06 |  3.68 |  1.29
        5278 |  1.26 |  1.14 |  1.13 |  1.04 |  1.06 |  3.68 |  1.29
        5278 |  1.26 |  1.14 |  1.13 |  1.04 |  1.06 |  3.68 |  1.29
        5278 |  1.26 |  1.14 |  1.13 |  1.04 |  1.06 |  3.68 |  1.29
        5278 |  1.26 |  1.14 |  1.13 |  1.04 |  1.06 |  3.68 |  1.29
        5278 |  1.26 |  1.14 |  1.13 |  1.04 |  1.06 |  3.68 |  1.29
        5278 |  1.26 |  1.14 |  1.13 |  1.04 |  1.06 |  3.68 |  1.29
        5278 |  1.26 |  1.14 |  1.13 |  1.04 |  1.06 |  3.68 |  1.29
        5278 |  1.26 |  1.14 |  1.13 |  1.04 |  1.06 |  3.68 |  1.29
        5278 |  1.26 |  1.14 |  1.13 |  1.04 |  1.06 |  3.68 |  1.29
        5278 |  1.26 |  1.14 |  1.13 |  1.04 |  1.06 |  3.68 |  1.29
        5278 |  1.26 |  1.14 |  1.13 |  1.04 |  1.06 |  3.68 |  1.29
        5278 |  1.26 |  1.14 |  1.13 |  1.04 |  1.06 |  3.68 |  1.29
        5278 |  1.26 |  1.14 |  1.13 |  1.04 |  1.06 |  3.68 |  1.29
        5278 |  1.26 |  1.14 |  1.13 |  1.04 |  1.06 |  3.68 |  1.29
        5278 |  1.26 |  1.14 |  1.13 |  1.04 |  1.06 |  3.68 |  1.29
        5278 |  1.26 |  1.14 |  1.13 |  1.04 |  1.06 |  3.68 |  1.29
        5278 |  1.26 |  1.14 |  1.13 |  1.04 |  1.06 |  3.68 |  1.29
        5278 |  1.26 |  1.14 |  1.13 |  1.04 |  1.06 |  3.68 |  1.29
        5278 |  1.26 |  1.14 |  1.13 |  1.04 |  1.06 |  3.68 |  1.29
        5278 |  1.26 |  1.14 |  1.13 |  1.04 |  1.06 |  3.68 |  1.29
        5278 |  1.26 |  1.14 |  1.13 |  1.04 |  1.06 |  3.68 |  1.29
        5278 |  1.26 |  1.14 |  1.13 |  1.04 |  1.06 |  3.68 |  1.29
        5278 |  1.26 |  1.14 |  1.13 |  1.04 |  1.06 |  3.68 |  1.29
        5278 |  1.26 |  1.14 |  1.13 |  1.04 |  1.06 |  3.68 |  1.29
        5278 |  1.26 |  1.14 |  1.13 |  1.04 |  1.06 |  3.68 |  1.29
        5279 |  0.99 |  1.18 |  0.90 |  0.89 |  0.23 |  0.68 |  1.08
        5279 |  0.99 |  1.18 |  0.90 |  0.89 |  0.23 |  0.68 |  1.08
        5279 |  0.99 |  1.18 |  0.90 |  0.89 |  0.23 |  0.68 |  1.08
        5279 |  0.99 |  1.18 |  0.90 |  0.89 |  0.23 |  0.68 |  1.08
        5279 |  0.99 |  1.18 |  0.90 |  0.89 |  0.23 |  0.68 |  1.08
        5279 |  0.99 |  1.18 |  0.90 |  0.89 |  0.23 |  0.68 |  1.08
        5279 |  0.99 |  1.18 |  0.90 |  0.89 |  0.23 |  0.68 |  1.08
        5279 |  0.99 |  1.18 |  0.90 |  0.89 |  0.23 |  0.68 |  1.08
        5279 |  0.99 |  1.18 |  0.90 |  0.89 |  0.23 |  0.68 |  1.08
        5279 |  0.99 |  1.18 |  0.90 |  0.89 |  0.23 |  0.68 |  1.08
        5279 |  0.99 |  1.18 |  0.90 |  0.89 |  0.23 |  0.68 |  1.08
        5279 |  0.99 |  1.18 |  0.90 |  0.89 |  0.23 |  0.68 |  1.08
        5279 |  0.99 |  1.18 |  0.90 |  0.89 |  0.23 |  0.68 |  1.08
        5279 |  0.99 |  1.18 |  0.90 |  0.89 |  0.23 |  0.68 |  1.08
        5279 |  0.99 |  1.18 |  0.90 |  0.89 |  0.23 |  0.68 |  1.08
        5279 |  0.99 |  1.18 |  0.90 |  0.89 |  0.23 |  0.68 |  1.08
        5279 |  0.99 |  1.18 |  0.90 |  0.89 |  0.23 |  0.68 |  1.08
        5279 |  0.99 |  1.18 |  0.90 |  0.89 |  0.23 |  0.68 |  1.08
        5279 |  0.99 |  1.18 |  0.90 |  0.89 |  0.23 |  0.68 |  1.08
        5279 |  0.99 |  1.18 |  0.90 |  0.89 |  0.23 |  0.68 |  1.08
        5279 |  0.99 |  1.18 |  0.90 |  0.89 |  0.23 |  0.68 |  1.08
        5279 |  0.99 |  1.18 |  0.90 |  0.89 |  0.23 |  0.68 |  1.08
        5279 |  0.99 |  1.18 |  0.90 |  0.89 |  0.23 |  0.68 |  1.08
        5279 |  0.99 |  1.18 |  0.90 |  0.89 |  0.23 |  0.68 |  1.08
        5279 |  0.99 |  1.18 |  0.90 |  0.89 |  0.23 |  0.68 |  1.08
        5279 |  0.99 |  1.18 |  0.90 |  0.89 |  0.23 |  0.68 |  1.08
        5279 |  0.99 |  1.18 |  0.90 |  0.89 |  0.23 |  0.68 |  1.08
        5279 |  0.99 |  1.18 |  0.90 |  0.89 |  0.23 |  0.68 |  1.08
        5279 |  0.99 |  1.18 |  0.90 |  0.89 |  0.23 |  0.68 |  1.08
        5279 |  0.99 |  1.18 |  0.90 |  0.89 |  0.23 |  0.68 |  1.08
        5279 |  0.99 |  1.18 |  0.90 |  0.89 |  0.23 |  0.68 |  1.08
        5279 |  0.99 |  1.18 |  0.90 |  0.89 |  0.23 |  0.68 |  1.08
        5279 |  0.99 |  1.18 |  0.90 |  0.89 |  0.23 |  0.68 |  1.08
        5279 |  0.99 |  1.18 |  0.90 |  0.89 |  0.23 |  0.68 |  1.08
        5279 |  0.99 |  1.18 |  0.90 |  0.89 |  0.23 |  0.68 |  1.08
        5279 |  0.99 |  1.18 |  0.90 |  0.89 |  0.23 |  0.68 |  1.08
        5279 |  0.99 |  1.18 |  0.90 |  0.89 |  0.23 |  0.68 |  1.08
        5279 |  0.99 |  1.18 |  0.90 |  0.89 |  0.23 |  0.68 |  1.08
        5279 |  0.99 |  1.18 |  0.90 |  0.89 |  0.23 |  0.68 |  1.08
        5279 |  0.99 |  1.18 |  0.90 |  0.89 |  0.23 |  0.68 |  1.08
        5279 |  0.99 |  1.18 |  0.90 |  0.89 |  0.23 |  0.68 |  1.08
        5279 |  0.99 |  1.18 |  0.90 |  0.89 |  0.23 |  0.68 |  1.08
        5279 |  0.99 |  1.18 |  0.90 |  0.89 |  0.23 |  0.68 |  1.08
        5279 |  0.99 |  1.18 |  0.90 |  0.89 |  0.23 |  0.68 |  1.08
        5279 |  0.99 |  1.18 |  0.90 |  0.89 |  0.23 |  0.68 |  1.08
        5279 |  0.99 |  1.18 |  0.90 |  0.89 |  0.23 |  0.68 |  1.08
        5279 |  0.99 |  1.18 |  0.90 |  0.89 |  0.23 |  0.68 |  1.08
        5279 |  0.99 |  1.18 |  0.90 |  0.89 |  0.23 |  0.68 |  1.08
        5279 |  0.99 |  1.18 |  0.90 |  0.89 |  0.23 |  0.68 |  1.08
        5280 |  1.38 |  0.86 |  0.95 |  1.35 |  1.24 |  0.89 |  0.97
        5280 |  1.38 |  0.86 |  0.95 |  1.35 |  1.24 |  0.89 |  0.97
        5280 |  1.38 |  0.86 |  0.95 |  1.35 |  1.24 |  0.89 |  0.97
        5280 |  1.38 |  0.86 |  0.95 |  1.35 |  1.24 |  0.89 |  0.97
        5280 |  1.38 |  0.86 |  0.95 |  1.35 |  1.24 |  0.89 |  0.97
        5280 |  1.38 |  0.86 |  0.95 |  1.35 |  1.24 |  0.89 |  0.97
        5280 |  1.38 |  0.86 |  0.95 |  1.35 |  1.24 |  0.89 |  0.97
        5280 |  1.38 |  0.86 |  0.95 |  1.35 |  1.24 |  0.89 |  0.97
        5280 |  1.38 |  0.86 |  0.95 |  1.35 |  1.24 |  0.89 |  0.97
        5280 |  1.38 |  0.86 |  0.95 |  1.35 |  1.24 |  0.89 |  0.97
        5280 |  1.38 |  0.86 |  0.95 |  1.35 |  1.24 |  0.89 |  0.97
        5280 |  1.38 |  0.86 |  0.95 |  1.35 |  1.24 |  0.89 |  0.97
        5280 |  1.38 |  0.86 |  0.95 |  1.35 |  1.24 |  0.89 |  0.97
        5280 |  1.38 |  0.86 |  0.95 |  1.35 |  1.24 |  0.89 |  0.97
        5280 |  1.38 |  0.86 |  0.95 |  1.35 |  1.24 |  0.89 |  0.97
        5280 |  1.38 |  0.86 |  0.95 |  1.35 |  1.24 |  0.89 |  0.97
        5280 |  1.38 |  0.86 |  0.95 |  1.35 |  1.24 |  0.89 |  0.97
        5280 |  1.38 |  0.86 |  0.95 |  1.35 |  1.24 |  0.89 |  0.97
        5280 |  1.38 |  0.86 |  0.95 |  1.35 |  1.24 |  0.89 |  0.97
        5280 |  1.38 |  0.86 |  0.95 |  1.35 |  1.24 |  0.89 |  0.97
        5280 |  1.38 |  0.86 |  0.95 |  1.35 |  1.24 |  0.89 |  0.97
        5280 |  1.38 |  0.86 |  0.95 |  1.35 |  1.24 |  0.89 |  0.97
        5280 |  1.38 |  0.86 |  0.95 |  1.35 |  1.24 |  0.89 |  0.97
        5280 |  1.38 |  0.86 |  0.95 |  1.35 |  1.24 |  0.89 |  0.97
        5280 |  1.38 |  0.86 |  0.95 |  1.35 |  1.24 |  0.89 |  0.97
        5280 |  1.38 |  0.86 |  0.95 |  1.35 |  1.24 |  0.89 |  0.97
        5280 |  1.38 |  0.86 |  0.95 |  1.35 |  1.24 |  0.89 |  0.97
        5280 |  1.38 |  0.86 |  0.95 |  1.35 |  1.24 |  0.89 |  0.97
        5280 |  1.38 |  0.86 |  0.95 |  1.35 |  1.24 |  0.89 |  0.97
        5280 |  1.38 |  0.86 |  0.95 |  1.35 |  1.24 |  0.89 |  0.97
        5280 |  1.38 |  0.86 |  0.95 |  1.35 |  1.24 |  0.89 |  0.97
        5280 |  1.38 |  0.86 |  0.95 |  1.35 |  1.24 |  0.89 |  0.97
        5280 |  1.38 |  0.86 |  0.95 |  1.35 |  1.24 |  0.89 |  0.97
        5280 |  1.38 |  0.86 |  0.95 |  1.35 |  1.24 |  0.89 |  0.97
        5280 |  1.38 |  0.86 |  0.95 |  1.35 |  1.24 |  0.89 |  0.97
        5280 |  1.38 |  0.86 |  0.95 |  1.35 |  1.24 |  0.89 |  0.97
        5280 |  1.38 |  0.86 |  0.95 |  1.35 |  1.24 |  0.89 |  0.97
        5280 |  1.38 |  0.86 |  0.95 |  1.35 |  1.24 |  0.89 |  0.97
        5280 |  1.38 |  0.86 |  0.95 |  1.35 |  1.24 |  0.89 |  0.97
        5280 |  1.38 |  0.86 |  0.95 |  1.35 |  1.24 |  0.89 |  0.97
        5280 |  1.38 |  0.86 |  0.95 |  1.35 |  1.24 |  0.89 |  0.97
        5280 |  1.38 |  0.86 |  0.95 |  1.35 |  1.24 |  0.89 |  0.97
        5280 |  1.38 |  0.86 |  0.95 |  1.35 |  1.24 |  0.89 |  0.97
        5280 |  1.38 |  0.86 |  0.95 |  1.35 |  1.24 |  0.89 |  0.97
        5280 |  1.38 |  0.86 |  0.95 |  1.35 |  1.24 |  0.89 |  0.97
        5280 |  1.38 |  0.86 |  0.95 |  1.35 |  1.24 |  0.89 |  0.97
        5280 |  1.38 |  0.86 |  0.95 |  1.35 |  1.24 |  0.89 |  0.97
        5280 |  1.38 |  0.86 |  0.95 |  1.35 |  1.24 |  0.89 |  0.97
        5280 |  1.38 |  0.86 |  0.95 |  1.35 |  1.24 |  0.89 |  0.97
        5281 |  0.84 |  1.29 |  1.11 |  0.90 |  0.89 |  1.19 |  0.96
        5281 |  0.84 |  1.29 |  1.11 |  0.90 |  0.89 |  1.19 |  0.96
        5281 |  0.84 |  1.29 |  1.11 |  0.90 |  0.89 |  1.19 |  0.96
        5281 |  0.84 |  1.29 |  1.11 |  0.90 |  0.89 |  1.19 |  0.96
        5281 |  0.84 |  1.29 |  1.11 |  0.90 |  0.89 |  1.19 |  0.96
        5281 |  0.84 |  1.29 |  1.11 |  0.90 |  0.89 |  1.19 |  0.96
        5281 |  0.84 |  1.29 |  1.11 |  0.90 |  0.89 |  1.19 |  0.96
        5281 |  0.84 |  1.29 |  1.11 |  0.90 |  0.89 |  1.19 |  0.96
        5281 |  0.84 |  1.29 |  1.11 |  0.90 |  0.89 |  1.19 |  0.96
        5281 |  0.84 |  1.29 |  1.11 |  0.90 |  0.89 |  1.19 |  0.96
        5281 |  0.84 |  1.29 |  1.11 |  0.90 |  0.89 |  1.19 |  0.96
        5281 |  0.84 |  1.29 |  1.11 |  0.90 |  0.89 |  1.19 |  0.96
        5281 |  0.84 |  1.29 |  1.11 |  0.90 |  0.89 |  1.19 |  0.96
        5281 |  0.84 |  1.29 |  1.11 |  0.90 |  0.89 |  1.19 |  0.96
        5281 |  0.84 |  1.29 |  1.11 |  0.90 |  0.89 |  1.19 |  0.96
        5281 |  0.84 |  1.29 |  1.11 |  0.90 |  0.89 |  1.19 |  0.96
        5281 |  0.84 |  1.29 |  1.11 |  0.90 |  0.89 |  1.19 |  0.96
        5281 |  0.84 |  1.29 |  1.11 |  0.90 |  0.89 |  1.19 |  0.96
        5281 |  0.84 |  1.29 |  1.11 |  0.90 |  0.89 |  1.19 |  0.96
        5281 |  0.84 |  1.29 |  1.11 |  0.90 |  0.89 |  1.19 |  0.96
        5281 |  0.84 |  1.29 |  1.11 |  0.90 |  0.89 |  1.19 |  0.96
        5281 |  0.84 |  1.29 |  1.11 |  0.90 |  0.89 |  1.19 |  0.96
        5281 |  0.84 |  1.29 |  1.11 |  0.90 |  0.89 |  1.19 |  0.96
        5281 |  0.84 |  1.29 |  1.11 |  0.90 |  0.89 |  1.19 |  0.96
        5281 |  0.84 |  1.29 |  1.11 |  0.90 |  0.89 |  1.19 |  0.96
        5281 |  0.84 |  1.29 |  1.11 |  0.90 |  0.89 |  1.19 |  0.96
        5281 |  0.84 |  1.29 |  1.11 |  0.90 |  0.89 |  1.19 |  0.96
        5281 |  0.84 |  1.29 |  1.11 |  0.90 |  0.89 |  1.19 |  0.96
        5281 |  0.84 |  1.29 |  1.11 |  0.90 |  0.89 |  1.19 |  0.96
        5281 |  0.84 |  1.29 |  1.11 |  0.90 |  0.89 |  1.19 |  0.96
        5281 |  0.84 |  1.29 |  1.11 |  0.90 |  0.89 |  1.19 |  0.96
        5281 |  0.84 |  1.29 |  1.11 |  0.90 |  0.89 |  1.19 |  0.96
        5281 |  0.84 |  1.29 |  1.11 |  0.90 |  0.89 |  1.19 |  0.96
        5281 |  0.84 |  1.29 |  1.11 |  0.90 |  0.89 |  1.19 |  0.96
        5281 |  0.84 |  1.29 |  1.11 |  0.90 |  0.89 |  1.19 |  0.96
        5281 |  0.84 |  1.29 |  1.11 |  0.90 |  0.89 |  1.19 |  0.96
        5281 |  0.84 |  1.29 |  1.11 |  0.90 |  0.89 |  1.19 |  0.96
        5281 |  0.84 |  1.29 |  1.11 |  0.90 |  0.89 |  1.19 |  0.96
        5281 |  0.84 |  1.29 |  1.11 |  0.90 |  0.89 |  1.19 |  0.96
        5281 |  0.84 |  1.29 |  1.11 |  0.90 |  0.89 |  1.19 |  0.96
        5281 |  0.84 |  1.29 |  1.11 |  0.90 |  0.89 |  1.19 |  0.96
        5281 |  0.84 |  1.29 |  1.11 |  0.90 |  0.89 |  1.19 |  0.96
        5281 |  0.84 |  1.29 |  1.11 |  0.90 |  0.89 |  1.19 |  0.96
        5281 |  0.84 |  1.29 |  1.11 |  0.90 |  0.89 |  1.19 |  0.96
        5281 |  0.84 |  1.29 |  1.11 |  0.90 |  0.89 |  1.19 |  0.96
        5281 |  0.84 |  1.29 |  1.11 |  0.90 |  0.89 |  1.19 |  0.96
        5281 |  0.84 |  1.29 |  1.11 |  0.90 |  0.89 |  1.19 |  0.96
        5281 |  0.84 |  1.29 |  1.11 |  0.90 |  0.89 |  1.19 |  0.96
        5281 |  0.84 |  1.29 |  1.11 |  0.90 |  0.89 |  1.19 |  0.96
        5282 |  0.97 |  0.89 |  0.95 |  1.20 |  0.83 |  0.80 |  1.14
        5282 |  0.97 |  0.89 |  0.95 |  1.20 |  0.83 |  0.80 |  1.14
        5282 |  0.97 |  0.89 |  0.95 |  1.20 |  0.83 |  0.80 |  1.14
        5282 |  0.97 |  0.89 |  0.95 |  1.20 |  0.83 |  0.80 |  1.14
        5282 |  0.97 |  0.89 |  0.95 |  1.20 |  0.83 |  0.80 |  1.14
        5282 |  0.97 |  0.89 |  0.95 |  1.20 |  0.83 |  0.80 |  1.14
        5282 |  0.97 |  0.89 |  0.95 |  1.20 |  0.83 |  0.80 |  1.14
        5282 |  0.97 |  0.89 |  0.95 |  1.20 |  0.83 |  0.80 |  1.14
        5282 |  0.97 |  0.89 |  0.95 |  1.20 |  0.83 |  0.80 |  1.14
        5282 |  0.97 |  0.89 |  0.95 |  1.20 |  0.83 |  0.80 |  1.14
        5282 |  0.97 |  0.89 |  0.95 |  1.20 |  0.83 |  0.80 |  1.14
        5282 |  0.97 |  0.89 |  0.95 |  1.20 |  0.83 |  0.80 |  1.14
        5282 |  0.97 |  0.89 |  0.95 |  1.20 |  0.83 |  0.80 |  1.14
        5282 |  0.97 |  0.89 |  0.95 |  1.20 |  0.83 |  0.80 |  1.14
        5282 |  0.97 |  0.89 |  0.95 |  1.20 |  0.83 |  0.80 |  1.14
        5282 |  0.97 |  0.89 |  0.95 |  1.20 |  0.83 |  0.80 |  1.14
        5282 |  0.97 |  0.89 |  0.95 |  1.20 |  0.83 |  0.80 |  1.14
        5282 |  0.97 |  0.89 |  0.95 |  1.20 |  0.83 |  0.80 |  1.14
        5282 |  0.97 |  0.89 |  0.95 |  1.20 |  0.83 |  0.80 |  1.14
        5282 |  0.97 |  0.89 |  0.95 |  1.20 |  0.83 |  0.80 |  1.14
        5282 |  0.97 |  0.89 |  0.95 |  1.20 |  0.83 |  0.80 |  1.14
        5282 |  0.97 |  0.89 |  0.95 |  1.20 |  0.83 |  0.80 |  1.14
        5282 |  0.97 |  0.89 |  0.95 |  1.20 |  0.83 |  0.80 |  1.14
        5282 |  0.97 |  0.89 |  0.95 |  1.20 |  0.83 |  0.80 |  1.14
        5282 |  0.97 |  0.89 |  0.95 |  1.20 |  0.83 |  0.80 |  1.14
        5282 |  0.97 |  0.89 |  0.95 |  1.20 |  0.83 |  0.80 |  1.14
        5282 |  0.97 |  0.89 |  0.95 |  1.20 |  0.83 |  0.80 |  1.14
        5282 |  0.97 |  0.89 |  0.95 |  1.20 |  0.83 |  0.80 |  1.14
        5282 |  0.97 |  0.89 |  0.95 |  1.20 |  0.83 |  0.80 |  1.14
        5282 |  0.97 |  0.89 |  0.95 |  1.20 |  0.83 |  0.80 |  1.14
        5282 |  0.97 |  0.89 |  0.95 |  1.20 |  0.83 |  0.80 |  1.14
        5282 |  0.97 |  0.89 |  0.95 |  1.20 |  0.83 |  0.80 |  1.14
        5282 |  0.97 |  0.89 |  0.95 |  1.20 |  0.83 |  0.80 |  1.14
        5282 |  0.97 |  0.89 |  0.95 |  1.20 |  0.83 |  0.80 |  1.14
        5282 |  0.97 |  0.89 |  0.95 |  1.20 |  0.83 |  0.80 |  1.14
        5282 |  0.97 |  0.89 |  0.95 |  1.20 |  0.83 |  0.80 |  1.14
        5282 |  0.97 |  0.89 |  0.95 |  1.20 |  0.83 |  0.80 |  1.14
        5282 |  0.97 |  0.89 |  0.95 |  1.20 |  0.83 |  0.80 |  1.14
        5282 |  0.97 |  0.89 |  0.95 |  1.20 |  0.83 |  0.80 |  1.14
        5282 |  0.97 |  0.89 |  0.95 |  1.20 |  0.83 |  0.80 |  1.14
        5282 |  0.97 |  0.89 |  0.95 |  1.20 |  0.83 |  0.80 |  1.14
        5282 |  0.97 |  0.89 |  0.95 |  1.20 |  0.83 |  0.80 |  1.14
        5282 |  0.97 |  0.89 |  0.95 |  1.20 |  0.83 |  0.80 |  1.14
        5282 |  0.97 |  0.89 |  0.95 |  1.20 |  0.83 |  0.80 |  1.14
        5282 |  0.97 |  0.89 |  0.95 |  1.20 |  0.83 |  0.80 |  1.14
        5282 |  0.97 |  0.89 |  0.95 |  1.20 |  0.83 |  0.80 |  1.14
        5282 |  0.97 |  0.89 |  0.95 |  1.20 |  0.83 |  0.80 |  1.14
        5282 |  0.97 |  0.89 |  0.95 |  1.20 |  0.83 |  0.80 |  1.14
        5282 |  0.97 |  0.89 |  0.95 |  1.20 |  0.83 |  0.80 |  1.14
        5283 |  0.79 |  0.99 |  1.03 |  1.08 |  1.05 |  1.03 |  1.15
        5283 |  0.79 |  0.99 |  1.03 |  1.08 |  1.05 |  1.03 |  1.15
        5283 |  0.79 |  0.99 |  1.03 |  1.08 |  1.05 |  1.03 |  1.15
        5283 |  0.79 |  0.99 |  1.03 |  1.08 |  1.05 |  1.03 |  1.15
        5283 |  0.79 |  0.99 |  1.03 |  1.08 |  1.05 |  1.03 |  1.15
        5283 |  0.79 |  0.99 |  1.03 |  1.08 |  1.05 |  1.03 |  1.15
        5283 |  0.79 |  0.99 |  1.03 |  1.08 |  1.05 |  1.03 |  1.15
        5283 |  0.79 |  0.99 |  1.03 |  1.08 |  1.05 |  1.03 |  1.15
        5283 |  0.79 |  0.99 |  1.03 |  1.08 |  1.05 |  1.03 |  1.15
        5283 |  0.79 |  0.99 |  1.03 |  1.08 |  1.05 |  1.03 |  1.15
        5283 |  0.79 |  0.99 |  1.03 |  1.08 |  1.05 |  1.03 |  1.15
        5283 |  0.79 |  0.99 |  1.03 |  1.08 |  1.05 |  1.03 |  1.15
        5283 |  0.79 |  0.99 |  1.03 |  1.08 |  1.05 |  1.03 |  1.15
        5283 |  0.79 |  0.99 |  1.03 |  1.08 |  1.05 |  1.03 |  1.15
        5283 |  0.79 |  0.99 |  1.03 |  1.08 |  1.05 |  1.03 |  1.15
        5283 |  0.79 |  0.99 |  1.03 |  1.08 |  1.05 |  1.03 |  1.15
        5283 |  0.79 |  0.99 |  1.03 |  1.08 |  1.05 |  1.03 |  1.15
        5283 |  0.79 |  0.99 |  1.03 |  1.08 |  1.05 |  1.03 |  1.15
        5283 |  0.79 |  0.99 |  1.03 |  1.08 |  1.05 |  1.03 |  1.15
        5283 |  0.79 |  0.99 |  1.03 |  1.08 |  1.05 |  1.03 |  1.15
        5283 |  0.79 |  0.99 |  1.03 |  1.08 |  1.05 |  1.03 |  1.15
        5283 |  0.79 |  0.99 |  1.03 |  1.08 |  1.05 |  1.03 |  1.15
        5283 |  0.79 |  0.99 |  1.03 |  1.08 |  1.05 |  1.03 |  1.15
        5283 |  0.79 |  0.99 |  1.03 |  1.08 |  1.05 |  1.03 |  1.15
        5283 |  0.79 |  0.99 |  1.03 |  1.08 |  1.05 |  1.03 |  1.15
        5283 |  0.79 |  0.99 |  1.03 |  1.08 |  1.05 |  1.03 |  1.15
        5283 |  0.79 |  0.99 |  1.03 |  1.08 |  1.05 |  1.03 |  1.15
        5283 |  0.79 |  0.99 |  1.03 |  1.08 |  1.05 |  1.03 |  1.15
        5283 |  0.79 |  0.99 |  1.03 |  1.08 |  1.05 |  1.03 |  1.15
        5283 |  0.79 |  0.99 |  1.03 |  1.08 |  1.05 |  1.03 |  1.15
        5283 |  0.79 |  0.99 |  1.03 |  1.08 |  1.05 |  1.03 |  1.15
        5283 |  0.79 |  0.99 |  1.03 |  1.08 |  1.05 |  1.03 |  1.15
        5283 |  0.79 |  0.99 |  1.03 |  1.08 |  1.05 |  1.03 |  1.15
        5283 |  0.79 |  0.99 |  1.03 |  1.08 |  1.05 |  1.03 |  1.15
        5283 |  0.79 |  0.99 |  1.03 |  1.08 |  1.05 |  1.03 |  1.15
        5283 |  0.79 |  0.99 |  1.03 |  1.08 |  1.05 |  1.03 |  1.15
        5283 |  0.79 |  0.99 |  1.03 |  1.08 |  1.05 |  1.03 |  1.15
        5283 |  0.79 |  0.99 |  1.03 |  1.08 |  1.05 |  1.03 |  1.15
        5283 |  0.79 |  0.99 |  1.03 |  1.08 |  1.05 |  1.03 |  1.15
        5283 |  0.79 |  0.99 |  1.03 |  1.08 |  1.05 |  1.03 |  1.15
        5283 |  0.79 |  0.99 |  1.03 |  1.08 |  1.05 |  1.03 |  1.15
        5283 |  0.79 |  0.99 |  1.03 |  1.08 |  1.05 |  1.03 |  1.15
        5283 |  0.79 |  0.99 |  1.03 |  1.08 |  1.05 |  1.03 |  1.15
        5283 |  0.79 |  0.99 |  1.03 |  1.08 |  1.05 |  1.03 |  1.15
        5283 |  0.79 |  0.99 |  1.03 |  1.08 |  1.05 |  1.03 |  1.15
        5283 |  0.79 |  0.99 |  1.03 |  1.08 |  1.05 |  1.03 |  1.15
        5283 |  0.79 |  0.99 |  1.03 |  1.08 |  1.05 |  1.03 |  1.15
        5283 |  0.79 |  0.99 |  1.03 |  1.08 |  1.05 |  1.03 |  1.15
        5283 |  0.79 |  0.99 |  1.03 |  1.08 |  1.05 |  1.03 |  1.15
        5284 |  0.79 |  1.15 |  1.08 |  1.03 |  0.97 |  1.09 |  0.77
        5284 |  0.79 |  1.15 |  1.08 |  1.03 |  0.97 |  1.09 |  0.77
        5284 |  0.79 |  1.15 |  1.08 |  1.03 |  0.97 |  1.09 |  0.77
        5284 |  0.79 |  1.15 |  1.08 |  1.03 |  0.97 |  1.09 |  0.77
        5284 |  0.79 |  1.15 |  1.08 |  1.03 |  0.97 |  1.09 |  0.77
        5284 |  0.79 |  1.15 |  1.08 |  1.03 |  0.97 |  1.09 |  0.77
        5284 |  0.79 |  1.15 |  1.08 |  1.03 |  0.97 |  1.09 |  0.77
        5284 |  0.79 |  1.15 |  1.08 |  1.03 |  0.97 |  1.09 |  0.77
        5284 |  0.79 |  1.15 |  1.08 |  1.03 |  0.97 |  1.09 |  0.77
        5284 |  0.79 |  1.15 |  1.08 |  1.03 |  0.97 |  1.09 |  0.77
        5284 |  0.79 |  1.15 |  1.08 |  1.03 |  0.97 |  1.09 |  0.77
        5284 |  0.79 |  1.15 |  1.08 |  1.03 |  0.97 |  1.09 |  0.77
        5284 |  0.79 |  1.15 |  1.08 |  1.03 |  0.97 |  1.09 |  0.77
        5284 |  0.79 |  1.15 |  1.08 |  1.03 |  0.97 |  1.09 |  0.77
        5284 |  0.79 |  1.15 |  1.08 |  1.03 |  0.97 |  1.09 |  0.77
        5284 |  0.79 |  1.15 |  1.08 |  1.03 |  0.97 |  1.09 |  0.77
        5284 |  0.79 |  1.15 |  1.08 |  1.03 |  0.97 |  1.09 |  0.77
        5284 |  0.79 |  1.15 |  1.08 |  1.03 |  0.97 |  1.09 |  0.77
        5284 |  0.79 |  1.15 |  1.08 |  1.03 |  0.97 |  1.09 |  0.77
        5284 |  0.79 |  1.15 |  1.08 |  1.03 |  0.97 |  1.09 |  0.77
        5284 |  0.79 |  1.15 |  1.08 |  1.03 |  0.97 |  1.09 |  0.77
        5284 |  0.79 |  1.15 |  1.08 |  1.03 |  0.97 |  1.09 |  0.77
        5284 |  0.79 |  1.15 |  1.08 |  1.03 |  0.97 |  1.09 |  0.77
        5284 |  0.79 |  1.15 |  1.08 |  1.03 |  0.97 |  1.09 |  0.77
        5284 |  0.79 |  1.15 |  1.08 |  1.03 |  0.97 |  1.09 |  0.77
        5284 |  0.79 |  1.15 |  1.08 |  1.03 |  0.97 |  1.09 |  0.77
        5284 |  0.79 |  1.15 |  1.08 |  1.03 |  0.97 |  1.09 |  0.77
        5284 |  0.79 |  1.15 |  1.08 |  1.03 |  0.97 |  1.09 |  0.77
        5284 |  0.79 |  1.15 |  1.08 |  1.03 |  0.97 |  1.09 |  0.77
        5284 |  0.79 |  1.15 |  1.08 |  1.03 |  0.97 |  1.09 |  0.77
        5284 |  0.79 |  1.15 |  1.08 |  1.03 |  0.97 |  1.09 |  0.77
        5284 |  0.79 |  1.15 |  1.08 |  1.03 |  0.97 |  1.09 |  0.77
        5284 |  0.79 |  1.15 |  1.08 |  1.03 |  0.97 |  1.09 |  0.77
        5284 |  0.79 |  1.15 |  1.08 |  1.03 |  0.97 |  1.09 |  0.77
        5284 |  0.79 |  1.15 |  1.08 |  1.03 |  0.97 |  1.09 |  0.77
        5284 |  0.79 |  1.15 |  1.08 |  1.03 |  0.97 |  1.09 |  0.77
        5284 |  0.79 |  1.15 |  1.08 |  1.03 |  0.97 |  1.09 |  0.77
        5284 |  0.79 |  1.15 |  1.08 |  1.03 |  0.97 |  1.09 |  0.77
        5284 |  0.79 |  1.15 |  1.08 |  1.03 |  0.97 |  1.09 |  0.77
        5284 |  0.79 |  1.15 |  1.08 |  1.03 |  0.97 |  1.09 |  0.77
        5284 |  0.79 |  1.15 |  1.08 |  1.03 |  0.97 |  1.09 |  0.77
        5284 |  0.79 |  1.15 |  1.08 |  1.03 |  0.97 |  1.09 |  0.77
        5284 |  0.79 |  1.15 |  1.08 |  1.03 |  0.97 |  1.09 |  0.77
        5284 |  0.79 |  1.15 |  1.08 |  1.03 |  0.97 |  1.09 |  0.77
        5284 |  0.79 |  1.15 |  1.08 |  1.03 |  0.97 |  1.09 |  0.77
        5284 |  0.79 |  1.15 |  1.08 |  1.03 |  0.97 |  1.09 |  0.77
        5284 |  0.79 |  1.15 |  1.08 |  1.03 |  0.97 |  1.09 |  0.77
        5284 |  0.79 |  1.15 |  1.08 |  1.03 |  0.97 |  1.09 |  0.77
        5284 |  0.79 |  1.15 |  1.08 |  1.03 |  0.97 |  1.09 |  0.77
        5285 |  1.14 |  1.05 |  1.17 |  1.21 |  1.26 |  0.93 |  1.00
        5285 |  1.14 |  1.05 |  1.17 |  1.21 |  1.26 |  0.93 |  1.00
        5285 |  1.14 |  1.05 |  1.17 |  1.21 |  1.26 |  0.93 |  1.00
        5285 |  1.14 |  1.05 |  1.17 |  1.21 |  1.26 |  0.93 |  1.00
        5285 |  1.14 |  1.05 |  1.17 |  1.21 |  1.26 |  0.93 |  1.00
        5285 |  1.14 |  1.05 |  1.17 |  1.21 |  1.26 |  0.93 |  1.00
        5285 |  1.14 |  1.05 |  1.17 |  1.21 |  1.26 |  0.93 |  1.00
        5285 |  1.14 |  1.05 |  1.17 |  1.21 |  1.26 |  0.93 |  1.00
        5285 |  1.14 |  1.05 |  1.17 |  1.21 |  1.26 |  0.93 |  1.00
        5285 |  1.14 |  1.05 |  1.17 |  1.21 |  1.26 |  0.93 |  1.00
        5285 |  1.14 |  1.05 |  1.17 |  1.21 |  1.26 |  0.93 |  1.00
        5285 |  1.14 |  1.05 |  1.17 |  1.21 |  1.26 |  0.93 |  1.00
        5285 |  1.14 |  1.05 |  1.17 |  1.21 |  1.26 |  0.93 |  1.00
        5285 |  1.14 |  1.05 |  1.17 |  1.21 |  1.26 |  0.93 |  1.00
        5285 |  1.14 |  1.05 |  1.17 |  1.21 |  1.26 |  0.93 |  1.00
        5285 |  1.14 |  1.05 |  1.17 |  1.21 |  1.26 |  0.93 |  1.00
        5285 |  1.14 |  1.05 |  1.17 |  1.21 |  1.26 |  0.93 |  1.00
        5285 |  1.14 |  1.05 |  1.17 |  1.21 |  1.26 |  0.93 |  1.00
        5285 |  1.14 |  1.05 |  1.17 |  1.21 |  1.26 |  0.93 |  1.00
        5285 |  1.14 |  1.05 |  1.17 |  1.21 |  1.26 |  0.93 |  1.00
        5285 |  1.14 |  1.05 |  1.17 |  1.21 |  1.26 |  0.93 |  1.00
        5285 |  1.14 |  1.05 |  1.17 |  1.21 |  1.26 |  0.93 |  1.00
        5285 |  1.14 |  1.05 |  1.17 |  1.21 |  1.26 |  0.93 |  1.00
        5285 |  1.14 |  1.05 |  1.17 |  1.21 |  1.26 |  0.93 |  1.00
        5285 |  1.14 |  1.05 |  1.17 |  1.21 |  1.26 |  0.93 |  1.00
        5285 |  1.14 |  1.05 |  1.17 |  1.21 |  1.26 |  0.93 |  1.00
        5285 |  1.14 |  1.05 |  1.17 |  1.21 |  1.26 |  0.93 |  1.00
        5285 |  1.14 |  1.05 |  1.17 |  1.21 |  1.26 |  0.93 |  1.00
        5285 |  1.14 |  1.05 |  1.17 |  1.21 |  1.26 |  0.93 |  1.00
        5285 |  1.14 |  1.05 |  1.17 |  1.21 |  1.26 |  0.93 |  1.00
        5285 |  1.14 |  1.05 |  1.17 |  1.21 |  1.26 |  0.93 |  1.00
        5285 |  1.14 |  1.05 |  1.17 |  1.21 |  1.26 |  0.93 |  1.00
        5285 |  1.14 |  1.05 |  1.17 |  1.21 |  1.26 |  0.93 |  1.00
        5285 |  1.14 |  1.05 |  1.17 |  1.21 |  1.26 |  0.93 |  1.00
        5285 |  1.14 |  1.05 |  1.17 |  1.21 |  1.26 |  0.93 |  1.00
        5285 |  1.14 |  1.05 |  1.17 |  1.21 |  1.26 |  0.93 |  1.00
        5285 |  1.14 |  1.05 |  1.17 |  1.21 |  1.26 |  0.93 |  1.00
        5285 |  1.14 |  1.05 |  1.17 |  1.21 |  1.26 |  0.93 |  1.00
        5285 |  1.14 |  1.05 |  1.17 |  1.21 |  1.26 |  0.93 |  1.00
        5285 |  1.14 |  1.05 |  1.17 |  1.21 |  1.26 |  0.93 |  1.00
        5285 |  1.14 |  1.05 |  1.17 |  1.21 |  1.26 |  0.93 |  1.00
        5285 |  1.14 |  1.05 |  1.17 |  1.21 |  1.26 |  0.93 |  1.00
        5285 |  1.14 |  1.05 |  1.17 |  1.21 |  1.26 |  0.93 |  1.00
        5285 |  1.14 |  1.05 |  1.17 |  1.21 |  1.26 |  0.93 |  1.00
        5285 |  1.14 |  1.05 |  1.17 |  1.21 |  1.26 |  0.93 |  1.00
        5285 |  1.14 |  1.05 |  1.17 |  1.21 |  1.26 |  0.93 |  1.00
        5285 |  1.14 |  1.05 |  1.17 |  1.21 |  1.26 |  0.93 |  1.00
        5285 |  1.14 |  1.05 |  1.17 |  1.21 |  1.26 |  0.93 |  1.00
        5285 |  1.14 |  1.05 |  1.17 |  1.21 |  1.26 |  0.93 |  1.00
        5286 |  0.99 |  1.01 |  0.90 |  1.05 |  1.38 |  1.00 |  0.92
        5286 |  0.99 |  1.01 |  0.90 |  1.05 |  1.38 |  1.00 |  0.92
        5286 |  0.99 |  1.01 |  0.90 |  1.05 |  1.38 |  1.00 |  0.92
        5286 |  0.99 |  1.01 |  0.90 |  1.05 |  1.38 |  1.00 |  0.92
        5286 |  0.99 |  1.01 |  0.90 |  1.05 |  1.38 |  1.00 |  0.92
        5286 |  0.99 |  1.01 |  0.90 |  1.05 |  1.38 |  1.00 |  0.92
        5286 |  0.99 |  1.01 |  0.90 |  1.05 |  1.38 |  1.00 |  0.92
        5286 |  0.99 |  1.01 |  0.90 |  1.05 |  1.38 |  1.00 |  0.92
        5286 |  0.99 |  1.01 |  0.90 |  1.05 |  1.38 |  1.00 |  0.92
        5286 |  0.99 |  1.01 |  0.90 |  1.05 |  1.38 |  1.00 |  0.92
        5286 |  0.99 |  1.01 |  0.90 |  1.05 |  1.38 |  1.00 |  0.92
        5286 |  0.99 |  1.01 |  0.90 |  1.05 |  1.38 |  1.00 |  0.92
        5286 |  0.99 |  1.01 |  0.90 |  1.05 |  1.38 |  1.00 |  0.92
        5286 |  0.99 |  1.01 |  0.90 |  1.05 |  1.38 |  1.00 |  0.92
        5286 |  0.99 |  1.01 |  0.90 |  1.05 |  1.38 |  1.00 |  0.92
        5286 |  0.99 |  1.01 |  0.90 |  1.05 |  1.38 |  1.00 |  0.92
        5286 |  0.99 |  1.01 |  0.90 |  1.05 |  1.38 |  1.00 |  0.92
        5286 |  0.99 |  1.01 |  0.90 |  1.05 |  1.38 |  1.00 |  0.92
        5286 |  0.99 |  1.01 |  0.90 |  1.05 |  1.38 |  1.00 |  0.92
        5286 |  0.99 |  1.01 |  0.90 |  1.05 |  1.38 |  1.00 |  0.92
        5286 |  0.99 |  1.01 |  0.90 |  1.05 |  1.38 |  1.00 |  0.92
        5286 |  0.99 |  1.01 |  0.90 |  1.05 |  1.38 |  1.00 |  0.92
        5286 |  0.99 |  1.01 |  0.90 |  1.05 |  1.38 |  1.00 |  0.92
        5286 |  0.99 |  1.01 |  0.90 |  1.05 |  1.38 |  1.00 |  0.92
        5286 |  0.99 |  1.01 |  0.90 |  1.05 |  1.38 |  1.00 |  0.92
        5286 |  0.99 |  1.01 |  0.90 |  1.05 |  1.38 |  1.00 |  0.92
        5286 |  0.99 |  1.01 |  0.90 |  1.05 |  1.38 |  1.00 |  0.92
        5286 |  0.99 |  1.01 |  0.90 |  1.05 |  1.38 |  1.00 |  0.92
        5286 |  0.99 |  1.01 |  0.90 |  1.05 |  1.38 |  1.00 |  0.92
        5286 |  0.99 |  1.01 |  0.90 |  1.05 |  1.38 |  1.00 |  0.92
        5286 |  0.99 |  1.01 |  0.90 |  1.05 |  1.38 |  1.00 |  0.92
        5286 |  0.99 |  1.01 |  0.90 |  1.05 |  1.38 |  1.00 |  0.92
        5286 |  0.99 |  1.01 |  0.90 |  1.05 |  1.38 |  1.00 |  0.92
        5286 |  0.99 |  1.01 |  0.90 |  1.05 |  1.38 |  1.00 |  0.92
        5286 |  0.99 |  1.01 |  0.90 |  1.05 |  1.38 |  1.00 |  0.92
        5286 |  0.99 |  1.01 |  0.90 |  1.05 |  1.38 |  1.00 |  0.92
        5286 |  0.99 |  1.01 |  0.90 |  1.05 |  1.38 |  1.00 |  0.92
        5286 |  0.99 |  1.01 |  0.90 |  1.05 |  1.38 |  1.00 |  0.92
        5286 |  0.99 |  1.01 |  0.90 |  1.05 |  1.38 |  1.00 |  0.92
        5286 |  0.99 |  1.01 |  0.90 |  1.05 |  1.38 |  1.00 |  0.92
        5286 |  0.99 |  1.01 |  0.90 |  1.05 |  1.38 |  1.00 |  0.92
        5286 |  0.99 |  1.01 |  0.90 |  1.05 |  1.38 |  1.00 |  0.92
        5286 |  0.99 |  1.01 |  0.90 |  1.05 |  1.38 |  1.00 |  0.92
        5286 |  0.99 |  1.01 |  0.90 |  1.05 |  1.38 |  1.00 |  0.92
        5286 |  0.99 |  1.01 |  0.90 |  1.05 |  1.38 |  1.00 |  0.92
        5286 |  0.99 |  1.01 |  0.90 |  1.05 |  1.38 |  1.00 |  0.92
        5286 |  0.99 |  1.01 |  0.90 |  1.05 |  1.38 |  1.00 |  0.92
        5286 |  0.99 |  1.01 |  0.90 |  1.05 |  1.38 |  1.00 |  0.92
        5286 |  0.99 |  1.01 |  0.90 |  1.05 |  1.38 |  1.00 |  0.92
        5287 |  1.15 |  0.96 |  1.17 |  0.98 |  1.19 |  0.96 |  0.97
        5287 |  1.15 |  0.96 |  1.17 |  0.98 |  1.19 |  0.96 |  0.97
        5287 |  1.15 |  0.96 |  1.17 |  0.98 |  1.19 |  0.96 |  0.97
        5287 |  1.15 |  0.96 |  1.17 |  0.98 |  1.19 |  0.96 |  0.97
        5287 |  1.15 |  0.96 |  1.17 |  0.98 |  1.19 |  0.96 |  0.97
        5287 |  1.15 |  0.96 |  1.17 |  0.98 |  1.19 |  0.96 |  0.97
        5287 |  1.15 |  0.96 |  1.17 |  0.98 |  1.19 |  0.96 |  0.97
        5287 |  1.15 |  0.96 |  1.17 |  0.98 |  1.19 |  0.96 |  0.97
        5287 |  1.15 |  0.96 |  1.17 |  0.98 |  1.19 |  0.96 |  0.97
        5287 |  1.15 |  0.96 |  1.17 |  0.98 |  1.19 |  0.96 |  0.97
        5287 |  1.15 |  0.96 |  1.17 |  0.98 |  1.19 |  0.96 |  0.97
        5287 |  1.15 |  0.96 |  1.17 |  0.98 |  1.19 |  0.96 |  0.97
        5287 |  1.15 |  0.96 |  1.17 |  0.98 |  1.19 |  0.96 |  0.97
        5287 |  1.15 |  0.96 |  1.17 |  0.98 |  1.19 |  0.96 |  0.97
        5287 |  1.15 |  0.96 |  1.17 |  0.98 |  1.19 |  0.96 |  0.97
        5287 |  1.15 |  0.96 |  1.17 |  0.98 |  1.19 |  0.96 |  0.97
        5287 |  1.15 |  0.96 |  1.17 |  0.98 |  1.19 |  0.96 |  0.97
        5287 |  1.15 |  0.96 |  1.17 |  0.98 |  1.19 |  0.96 |  0.97
        5287 |  1.15 |  0.96 |  1.17 |  0.98 |  1.19 |  0.96 |  0.97
        5287 |  1.15 |  0.96 |  1.17 |  0.98 |  1.19 |  0.96 |  0.97
        5287 |  1.15 |  0.96 |  1.17 |  0.98 |  1.19 |  0.96 |  0.97
        5287 |  1.15 |  0.96 |  1.17 |  0.98 |  1.19 |  0.96 |  0.97
        5287 |  1.15 |  0.96 |  1.17 |  0.98 |  1.19 |  0.96 |  0.97
        5287 |  1.15 |  0.96 |  1.17 |  0.98 |  1.19 |  0.96 |  0.97
        5287 |  1.15 |  0.96 |  1.17 |  0.98 |  1.19 |  0.96 |  0.97
        5287 |  1.15 |  0.96 |  1.17 |  0.98 |  1.19 |  0.96 |  0.97
        5287 |  1.15 |  0.96 |  1.17 |  0.98 |  1.19 |  0.96 |  0.97
        5287 |  1.15 |  0.96 |  1.17 |  0.98 |  1.19 |  0.96 |  0.97
        5287 |  1.15 |  0.96 |  1.17 |  0.98 |  1.19 |  0.96 |  0.97
        5287 |  1.15 |  0.96 |  1.17 |  0.98 |  1.19 |  0.96 |  0.97
        5287 |  1.15 |  0.96 |  1.17 |  0.98 |  1.19 |  0.96 |  0.97
        5287 |  1.15 |  0.96 |  1.17 |  0.98 |  1.19 |  0.96 |  0.97
        5287 |  1.15 |  0.96 |  1.17 |  0.98 |  1.19 |  0.96 |  0.97
        5287 |  1.15 |  0.96 |  1.17 |  0.98 |  1.19 |  0.96 |  0.97
        5287 |  1.15 |  0.96 |  1.17 |  0.98 |  1.19 |  0.96 |  0.97
        5287 |  1.15 |  0.96 |  1.17 |  0.98 |  1.19 |  0.96 |  0.97
        5287 |  1.15 |  0.96 |  1.17 |  0.98 |  1.19 |  0.96 |  0.97
        5287 |  1.15 |  0.96 |  1.17 |  0.98 |  1.19 |  0.96 |  0.97
        5287 |  1.15 |  0.96 |  1.17 |  0.98 |  1.19 |  0.96 |  0.97
        5287 |  1.15 |  0.96 |  1.17 |  0.98 |  1.19 |  0.96 |  0.97
        5287 |  1.15 |  0.96 |  1.17 |  0.98 |  1.19 |  0.96 |  0.97
        5287 |  1.15 |  0.96 |  1.17 |  0.98 |  1.19 |  0.96 |  0.97
        5287 |  1.15 |  0.96 |  1.17 |  0.98 |  1.19 |  0.96 |  0.97
        5287 |  1.15 |  0.96 |  1.17 |  0.98 |  1.19 |  0.96 |  0.97
        5287 |  1.15 |  0.96 |  1.17 |  0.98 |  1.19 |  0.96 |  0.97
        5287 |  1.15 |  0.96 |  1.17 |  0.98 |  1.19 |  0.96 |  0.97
        5287 |  1.15 |  0.96 |  1.17 |  0.98 |  1.19 |  0.96 |  0.97
        5287 |  1.15 |  0.96 |  1.17 |  0.98 |  1.19 |  0.96 |  0.97
        5287 |  1.15 |  0.96 |  1.17 |  0.98 |  1.19 |  0.96 |  0.97
        5288 |  1.13 |  0.79 |  0.71 |  0.99 |  1.47 |  1.13 |  1.17
        5288 |  1.13 |  0.79 |  0.71 |  0.99 |  1.47 |  1.13 |  1.17
        5288 |  1.13 |  0.79 |  0.71 |  0.99 |  1.47 |  1.13 |  1.17
        5288 |  1.13 |  0.79 |  0.71 |  0.99 |  1.47 |  1.13 |  1.17
        5288 |  1.13 |  0.79 |  0.71 |  0.99 |  1.47 |  1.13 |  1.17
        5288 |  1.13 |  0.79 |  0.71 |  0.99 |  1.47 |  1.13 |  1.17
        5288 |  1.13 |  0.79 |  0.71 |  0.99 |  1.47 |  1.13 |  1.17
        5288 |  1.13 |  0.79 |  0.71 |  0.99 |  1.47 |  1.13 |  1.17
        5288 |  1.13 |  0.79 |  0.71 |  0.99 |  1.47 |  1.13 |  1.17
        5288 |  1.13 |  0.79 |  0.71 |  0.99 |  1.47 |  1.13 |  1.17
        5288 |  1.13 |  0.79 |  0.71 |  0.99 |  1.47 |  1.13 |  1.17
        5288 |  1.13 |  0.79 |  0.71 |  0.99 |  1.47 |  1.13 |  1.17
        5288 |  1.13 |  0.79 |  0.71 |  0.99 |  1.47 |  1.13 |  1.17
        5288 |  1.13 |  0.79 |  0.71 |  0.99 |  1.47 |  1.13 |  1.17
        5288 |  1.13 |  0.79 |  0.71 |  0.99 |  1.47 |  1.13 |  1.17
        5288 |  1.13 |  0.79 |  0.71 |  0.99 |  1.47 |  1.13 |  1.17
        5288 |  1.13 |  0.79 |  0.71 |  0.99 |  1.47 |  1.13 |  1.17
        5288 |  1.13 |  0.79 |  0.71 |  0.99 |  1.47 |  1.13 |  1.17
        5288 |  1.13 |  0.79 |  0.71 |  0.99 |  1.47 |  1.13 |  1.17
        5288 |  1.13 |  0.79 |  0.71 |  0.99 |  1.47 |  1.13 |  1.17
        5288 |  1.13 |  0.79 |  0.71 |  0.99 |  1.47 |  1.13 |  1.17
        5288 |  1.13 |  0.79 |  0.71 |  0.99 |  1.47 |  1.13 |  1.17
        5288 |  1.13 |  0.79 |  0.71 |  0.99 |  1.47 |  1.13 |  1.17
        5288 |  1.13 |  0.79 |  0.71 |  0.99 |  1.47 |  1.13 |  1.17
        5288 |  1.13 |  0.79 |  0.71 |  0.99 |  1.47 |  1.13 |  1.17
        5288 |  1.13 |  0.79 |  0.71 |  0.99 |  1.47 |  1.13 |  1.17
        5288 |  1.13 |  0.79 |  0.71 |  0.99 |  1.47 |  1.13 |  1.17
        5288 |  1.13 |  0.79 |  0.71 |  0.99 |  1.47 |  1.13 |  1.17
        5288 |  1.13 |  0.79 |  0.71 |  0.99 |  1.47 |  1.13 |  1.17
        5288 |  1.13 |  0.79 |  0.71 |  0.99 |  1.47 |  1.13 |  1.17
        5288 |  1.13 |  0.79 |  0.71 |  0.99 |  1.47 |  1.13 |  1.17
        5288 |  1.13 |  0.79 |  0.71 |  0.99 |  1.47 |  1.13 |  1.17
        5288 |  1.13 |  0.79 |  0.71 |  0.99 |  1.47 |  1.13 |  1.17
        5288 |  1.13 |  0.79 |  0.71 |  0.99 |  1.47 |  1.13 |  1.17
        5288 |  1.13 |  0.79 |  0.71 |  0.99 |  1.47 |  1.13 |  1.17
        5288 |  1.13 |  0.79 |  0.71 |  0.99 |  1.47 |  1.13 |  1.17
        5288 |  1.13 |  0.79 |  0.71 |  0.99 |  1.47 |  1.13 |  1.17
        5288 |  1.13 |  0.79 |  0.71 |  0.99 |  1.47 |  1.13 |  1.17
        5288 |  1.13 |  0.79 |  0.71 |  0.99 |  1.47 |  1.13 |  1.17
        5288 |  1.13 |  0.79 |  0.71 |  0.99 |  1.47 |  1.13 |  1.17
        5288 |  1.13 |  0.79 |  0.71 |  0.99 |  1.47 |  1.13 |  1.17
        5288 |  1.13 |  0.79 |  0.71 |  0.99 |  1.47 |  1.13 |  1.17
        5288 |  1.13 |  0.79 |  0.71 |  0.99 |  1.47 |  1.13 |  1.17
        5288 |  1.13 |  0.79 |  0.71 |  0.99 |  1.47 |  1.13 |  1.17
        5288 |  1.13 |  0.79 |  0.71 |  0.99 |  1.47 |  1.13 |  1.17
        5288 |  1.13 |  0.79 |  0.71 |  0.99 |  1.47 |  1.13 |  1.17
        5288 |  1.13 |  0.79 |  0.71 |  0.99 |  1.47 |  1.13 |  1.17
        5288 |  1.13 |  0.79 |  0.71 |  0.99 |  1.47 |  1.13 |  1.17
        5288 |  1.13 |  0.79 |  0.71 |  0.99 |  1.47 |  1.13 |  1.17
        5289 |  0.85 |  1.00 |  0.85 |  1.25 |  1.24 |  0.99 |  0.93
        5289 |  0.85 |  1.00 |  0.85 |  1.25 |  1.24 |  0.99 |  0.93
        5289 |  0.85 |  1.00 |  0.85 |  1.25 |  1.24 |  0.99 |  0.93
        5289 |  0.85 |  1.00 |  0.85 |  1.25 |  1.24 |  0.99 |  0.93
        5289 |  0.85 |  1.00 |  0.85 |  1.25 |  1.24 |  0.99 |  0.93
        5289 |  0.85 |  1.00 |  0.85 |  1.25 |  1.24 |  0.99 |  0.93
        5289 |  0.85 |  1.00 |  0.85 |  1.25 |  1.24 |  0.99 |  0.93
        5289 |  0.85 |  1.00 |  0.85 |  1.25 |  1.24 |  0.99 |  0.93
        5289 |  0.85 |  1.00 |  0.85 |  1.25 |  1.24 |  0.99 |  0.93
        5289 |  0.85 |  1.00 |  0.85 |  1.25 |  1.24 |  0.99 |  0.93
        5289 |  0.85 |  1.00 |  0.85 |  1.25 |  1.24 |  0.99 |  0.93
        5289 |  0.85 |  1.00 |  0.85 |  1.25 |  1.24 |  0.99 |  0.93
        5289 |  0.85 |  1.00 |  0.85 |  1.25 |  1.24 |  0.99 |  0.93
        5289 |  0.85 |  1.00 |  0.85 |  1.25 |  1.24 |  0.99 |  0.93
        5289 |  0.85 |  1.00 |  0.85 |  1.25 |  1.24 |  0.99 |  0.93
        5289 |  0.85 |  1.00 |  0.85 |  1.25 |  1.24 |  0.99 |  0.93
        5289 |  0.85 |  1.00 |  0.85 |  1.25 |  1.24 |  0.99 |  0.93
        5289 |  0.85 |  1.00 |  0.85 |  1.25 |  1.24 |  0.99 |  0.93
        5289 |  0.85 |  1.00 |  0.85 |  1.25 |  1.24 |  0.99 |  0.93
        5289 |  0.85 |  1.00 |  0.85 |  1.25 |  1.24 |  0.99 |  0.93
        5289 |  0.85 |  1.00 |  0.85 |  1.25 |  1.24 |  0.99 |  0.93
        5289 |  0.85 |  1.00 |  0.85 |  1.25 |  1.24 |  0.99 |  0.93
        5289 |  0.85 |  1.00 |  0.85 |  1.25 |  1.24 |  0.99 |  0.93
        5289 |  0.85 |  1.00 |  0.85 |  1.25 |  1.24 |  0.99 |  0.93
        5289 |  0.85 |  1.00 |  0.85 |  1.25 |  1.24 |  0.99 |  0.93
        5289 |  0.85 |  1.00 |  0.85 |  1.25 |  1.24 |  0.99 |  0.93
        5289 |  0.85 |  1.00 |  0.85 |  1.25 |  1.24 |  0.99 |  0.93
        5289 |  0.85 |  1.00 |  0.85 |  1.25 |  1.24 |  0.99 |  0.93
        5289 |  0.85 |  1.00 |  0.85 |  1.25 |  1.24 |  0.99 |  0.93
        5289 |  0.85 |  1.00 |  0.85 |  1.25 |  1.24 |  0.99 |  0.93
        5289 |  0.85 |  1.00 |  0.85 |  1.25 |  1.24 |  0.99 |  0.93
        5289 |  0.85 |  1.00 |  0.85 |  1.25 |  1.24 |  0.99 |  0.93
        5289 |  0.85 |  1.00 |  0.85 |  1.25 |  1.24 |  0.99 |  0.93
        5289 |  0.85 |  1.00 |  0.85 |  1.25 |  1.24 |  0.99 |  0.93
        5289 |  0.85 |  1.00 |  0.85 |  1.25 |  1.24 |  0.99 |  0.93
        5289 |  0.85 |  1.00 |  0.85 |  1.25 |  1.24 |  0.99 |  0.93
        5289 |  0.85 |  1.00 |  0.85 |  1.25 |  1.24 |  0.99 |  0.93
        5289 |  0.85 |  1.00 |  0.85 |  1.25 |  1.24 |  0.99 |  0.93
        5289 |  0.85 |  1.00 |  0.85 |  1.25 |  1.24 |  0.99 |  0.93
        5289 |  0.85 |  1.00 |  0.85 |  1.25 |  1.24 |  0.99 |  0.93
        5289 |  0.85 |  1.00 |  0.85 |  1.25 |  1.24 |  0.99 |  0.93
        5289 |  0.85 |  1.00 |  0.85 |  1.25 |  1.24 |  0.99 |  0.93
        5289 |  0.85 |  1.00 |  0.85 |  1.25 |  1.24 |  0.99 |  0.93
        5289 |  0.85 |  1.00 |  0.85 |  1.25 |  1.24 |  0.99 |  0.93
        5289 |  0.85 |  1.00 |  0.85 |  1.25 |  1.24 |  0.99 |  0.93
        5289 |  0.85 |  1.00 |  0.85 |  1.25 |  1.24 |  0.99 |  0.93
        5289 |  0.85 |  1.00 |  0.85 |  1.25 |  1.24 |  0.99 |  0.93
        5289 |  0.85 |  1.00 |  0.85 |  1.25 |  1.24 |  0.99 |  0.93
        5289 |  0.85 |  1.00 |  0.85 |  1.25 |  1.24 |  0.99 |  0.93
        5290 |  1.17 |  1.08 |  1.11 |  0.90 |  1.04 |  0.86 |  1.04
        5290 |  1.17 |  1.08 |  1.11 |  0.90 |  1.04 |  0.86 |  1.04
        5290 |  1.17 |  1.08 |  1.11 |  0.90 |  1.04 |  0.86 |  1.04
        5290 |  1.17 |  1.08 |  1.11 |  0.90 |  1.04 |  0.86 |  1.04
        5290 |  1.17 |  1.08 |  1.11 |  0.90 |  1.04 |  0.86 |  1.04
        5290 |  1.17 |  1.08 |  1.11 |  0.90 |  1.04 |  0.86 |  1.04
        5290 |  1.17 |  1.08 |  1.11 |  0.90 |  1.04 |  0.86 |  1.04
        5290 |  1.17 |  1.08 |  1.11 |  0.90 |  1.04 |  0.86 |  1.04
        5290 |  1.17 |  1.08 |  1.11 |  0.90 |  1.04 |  0.86 |  1.04
        5290 |  1.17 |  1.08 |  1.11 |  0.90 |  1.04 |  0.86 |  1.04
        5290 |  1.17 |  1.08 |  1.11 |  0.90 |  1.04 |  0.86 |  1.04
        5290 |  1.17 |  1.08 |  1.11 |  0.90 |  1.04 |  0.86 |  1.04
        5290 |  1.17 |  1.08 |  1.11 |  0.90 |  1.04 |  0.86 |  1.04
        5290 |  1.17 |  1.08 |  1.11 |  0.90 |  1.04 |  0.86 |  1.04
        5290 |  1.17 |  1.08 |  1.11 |  0.90 |  1.04 |  0.86 |  1.04
        5290 |  1.17 |  1.08 |  1.11 |  0.90 |  1.04 |  0.86 |  1.04
        5290 |  1.17 |  1.08 |  1.11 |  0.90 |  1.04 |  0.86 |  1.04
        5290 |  1.17 |  1.08 |  1.11 |  0.90 |  1.04 |  0.86 |  1.04
        5290 |  1.17 |  1.08 |  1.11 |  0.90 |  1.04 |  0.86 |  1.04
        5290 |  1.17 |  1.08 |  1.11 |  0.90 |  1.04 |  0.86 |  1.04
        5290 |  1.17 |  1.08 |  1.11 |  0.90 |  1.04 |  0.86 |  1.04
        5290 |  1.17 |  1.08 |  1.11 |  0.90 |  1.04 |  0.86 |  1.04
        5290 |  1.17 |  1.08 |  1.11 |  0.90 |  1.04 |  0.86 |  1.04
        5290 |  1.17 |  1.08 |  1.11 |  0.90 |  1.04 |  0.86 |  1.04
        5290 |  1.17 |  1.08 |  1.11 |  0.90 |  1.04 |  0.86 |  1.04
        5290 |  1.17 |  1.08 |  1.11 |  0.90 |  1.04 |  0.86 |  1.04
        5290 |  1.17 |  1.08 |  1.11 |  0.90 |  1.04 |  0.86 |  1.04
        5290 |  1.17 |  1.08 |  1.11 |  0.90 |  1.04 |  0.86 |  1.04
        5290 |  1.17 |  1.08 |  1.11 |  0.90 |  1.04 |  0.86 |  1.04
        5290 |  1.17 |  1.08 |  1.11 |  0.90 |  1.04 |  0.86 |  1.04
        5290 |  1.17 |  1.08 |  1.11 |  0.90 |  1.04 |  0.86 |  1.04
        5290 |  1.17 |  1.08 |  1.11 |  0.90 |  1.04 |  0.86 |  1.04
        5290 |  1.17 |  1.08 |  1.11 |  0.90 |  1.04 |  0.86 |  1.04
        5290 |  1.17 |  1.08 |  1.11 |  0.90 |  1.04 |  0.86 |  1.04
        5290 |  1.17 |  1.08 |  1.11 |  0.90 |  1.04 |  0.86 |  1.04
        5290 |  1.17 |  1.08 |  1.11 |  0.90 |  1.04 |  0.86 |  1.04
        5290 |  1.17 |  1.08 |  1.11 |  0.90 |  1.04 |  0.86 |  1.04
        5290 |  1.17 |  1.08 |  1.11 |  0.90 |  1.04 |  0.86 |  1.04
        5290 |  1.17 |  1.08 |  1.11 |  0.90 |  1.04 |  0.86 |  1.04
        5290 |  1.17 |  1.08 |  1.11 |  0.90 |  1.04 |  0.86 |  1.04
        5290 |  1.17 |  1.08 |  1.11 |  0.90 |  1.04 |  0.86 |  1.04
        5290 |  1.17 |  1.08 |  1.11 |  0.90 |  1.04 |  0.86 |  1.04
        5290 |  1.17 |  1.08 |  1.11 |  0.90 |  1.04 |  0.86 |  1.04
        5290 |  1.17 |  1.08 |  1.11 |  0.90 |  1.04 |  0.86 |  1.04
        5290 |  1.17 |  1.08 |  1.11 |  0.90 |  1.04 |  0.86 |  1.04
        5290 |  1.17 |  1.08 |  1.11 |  0.90 |  1.04 |  0.86 |  1.04
        5290 |  1.17 |  1.08 |  1.11 |  0.90 |  1.04 |  0.86 |  1.04
        5290 |  1.17 |  1.08 |  1.11 |  0.90 |  1.04 |  0.86 |  1.04
        5290 |  1.17 |  1.08 |  1.11 |  0.90 |  1.04 |  0.86 |  1.04
        5291 |  1.26 |  1.10 |  1.05 |  1.11 |  0.90 |  0.69 |  0.81
        5291 |  1.26 |  1.10 |  1.05 |  1.11 |  0.90 |  0.69 |  0.81
        5291 |  1.26 |  1.10 |  1.05 |  1.11 |  0.90 |  0.69 |  0.81
        5291 |  1.26 |  1.10 |  1.05 |  1.11 |  0.90 |  0.69 |  0.81
        5291 |  1.26 |  1.10 |  1.05 |  1.11 |  0.90 |  0.69 |  0.81
        5291 |  1.26 |  1.10 |  1.05 |  1.11 |  0.90 |  0.69 |  0.81
        5291 |  1.26 |  1.10 |  1.05 |  1.11 |  0.90 |  0.69 |  0.81
        5291 |  1.26 |  1.10 |  1.05 |  1.11 |  0.90 |  0.69 |  0.81
        5291 |  1.26 |  1.10 |  1.05 |  1.11 |  0.90 |  0.69 |  0.81
        5291 |  1.26 |  1.10 |  1.05 |  1.11 |  0.90 |  0.69 |  0.81
        5291 |  1.26 |  1.10 |  1.05 |  1.11 |  0.90 |  0.69 |  0.81
        5291 |  1.26 |  1.10 |  1.05 |  1.11 |  0.90 |  0.69 |  0.81
        5291 |  1.26 |  1.10 |  1.05 |  1.11 |  0.90 |  0.69 |  0.81
        5291 |  1.26 |  1.10 |  1.05 |  1.11 |  0.90 |  0.69 |  0.81
        5291 |  1.26 |  1.10 |  1.05 |  1.11 |  0.90 |  0.69 |  0.81
        5291 |  1.26 |  1.10 |  1.05 |  1.11 |  0.90 |  0.69 |  0.81
        5291 |  1.26 |  1.10 |  1.05 |  1.11 |  0.90 |  0.69 |  0.81
        5291 |  1.26 |  1.10 |  1.05 |  1.11 |  0.90 |  0.69 |  0.81
        5291 |  1.26 |  1.10 |  1.05 |  1.11 |  0.90 |  0.69 |  0.81
        5291 |  1.26 |  1.10 |  1.05 |  1.11 |  0.90 |  0.69 |  0.81
        5291 |  1.26 |  1.10 |  1.05 |  1.11 |  0.90 |  0.69 |  0.81
        5291 |  1.26 |  1.10 |  1.05 |  1.11 |  0.90 |  0.69 |  0.81
        5291 |  1.26 |  1.10 |  1.05 |  1.11 |  0.90 |  0.69 |  0.81
        5291 |  1.26 |  1.10 |  1.05 |  1.11 |  0.90 |  0.69 |  0.81
        5291 |  1.26 |  1.10 |  1.05 |  1.11 |  0.90 |  0.69 |  0.81
        5291 |  1.26 |  1.10 |  1.05 |  1.11 |  0.90 |  0.69 |  0.81
        5291 |  1.26 |  1.10 |  1.05 |  1.11 |  0.90 |  0.69 |  0.81
        5291 |  1.26 |  1.10 |  1.05 |  1.11 |  0.90 |  0.69 |  0.81
        5291 |  1.26 |  1.10 |  1.05 |  1.11 |  0.90 |  0.69 |  0.81
        5291 |  1.26 |  1.10 |  1.05 |  1.11 |  0.90 |  0.69 |  0.81
        5291 |  1.26 |  1.10 |  1.05 |  1.11 |  0.90 |  0.69 |  0.81
        5291 |  1.26 |  1.10 |  1.05 |  1.11 |  0.90 |  0.69 |  0.81
        5291 |  1.26 |  1.10 |  1.05 |  1.11 |  0.90 |  0.69 |  0.81
        5291 |  1.26 |  1.10 |  1.05 |  1.11 |  0.90 |  0.69 |  0.81
        5291 |  1.26 |  1.10 |  1.05 |  1.11 |  0.90 |  0.69 |  0.81
        5291 |  1.26 |  1.10 |  1.05 |  1.11 |  0.90 |  0.69 |  0.81
        5291 |  1.26 |  1.10 |  1.05 |  1.11 |  0.90 |  0.69 |  0.81
        5291 |  1.26 |  1.10 |  1.05 |  1.11 |  0.90 |  0.69 |  0.81
        5291 |  1.26 |  1.10 |  1.05 |  1.11 |  0.90 |  0.69 |  0.81
        5291 |  1.26 |  1.10 |  1.05 |  1.11 |  0.90 |  0.69 |  0.81
        5291 |  1.26 |  1.10 |  1.05 |  1.11 |  0.90 |  0.69 |  0.81
        5291 |  1.26 |  1.10 |  1.05 |  1.11 |  0.90 |  0.69 |  0.81
        5291 |  1.26 |  1.10 |  1.05 |  1.11 |  0.90 |  0.69 |  0.81
        5291 |  1.26 |  1.10 |  1.05 |  1.11 |  0.90 |  0.69 |  0.81
        5291 |  1.26 |  1.10 |  1.05 |  1.11 |  0.90 |  0.69 |  0.81
        5291 |  1.26 |  1.10 |  1.05 |  1.11 |  0.90 |  0.69 |  0.81
        5291 |  1.26 |  1.10 |  1.05 |  1.11 |  0.90 |  0.69 |  0.81
        5291 |  1.26 |  1.10 |  1.05 |  1.11 |  0.90 |  0.69 |  0.81
        5291 |  1.26 |  1.10 |  1.05 |  1.11 |  0.90 |  0.69 |  0.81
        5292 |  1.10 |  0.96 |  1.03 |  0.97 |  0.96 |  1.06 |  1.15
        5292 |  1.10 |  0.96 |  1.03 |  0.97 |  0.96 |  1.06 |  1.15
        5292 |  1.10 |  0.96 |  1.03 |  0.97 |  0.96 |  1.06 |  1.15
        5292 |  1.10 |  0.96 |  1.03 |  0.97 |  0.96 |  1.06 |  1.15
        5292 |  1.10 |  0.96 |  1.03 |  0.97 |  0.96 |  1.06 |  1.15
        5292 |  1.10 |  0.96 |  1.03 |  0.97 |  0.96 |  1.06 |  1.15
        5292 |  1.10 |  0.96 |  1.03 |  0.97 |  0.96 |  1.06 |  1.15
        5292 |  1.10 |  0.96 |  1.03 |  0.97 |  0.96 |  1.06 |  1.15
        5292 |  1.10 |  0.96 |  1.03 |  0.97 |  0.96 |  1.06 |  1.15
        5292 |  1.10 |  0.96 |  1.03 |  0.97 |  0.96 |  1.06 |  1.15
        5292 |  1.10 |  0.96 |  1.03 |  0.97 |  0.96 |  1.06 |  1.15
        5292 |  1.10 |  0.96 |  1.03 |  0.97 |  0.96 |  1.06 |  1.15
        5292 |  1.10 |  0.96 |  1.03 |  0.97 |  0.96 |  1.06 |  1.15
        5292 |  1.10 |  0.96 |  1.03 |  0.97 |  0.96 |  1.06 |  1.15
        5292 |  1.10 |  0.96 |  1.03 |  0.97 |  0.96 |  1.06 |  1.15
        5292 |  1.10 |  0.96 |  1.03 |  0.97 |  0.96 |  1.06 |  1.15
        5292 |  1.10 |  0.96 |  1.03 |  0.97 |  0.96 |  1.06 |  1.15
        5292 |  1.10 |  0.96 |  1.03 |  0.97 |  0.96 |  1.06 |  1.15
        5292 |  1.10 |  0.96 |  1.03 |  0.97 |  0.96 |  1.06 |  1.15
        5292 |  1.10 |  0.96 |  1.03 |  0.97 |  0.96 |  1.06 |  1.15
        5292 |  1.10 |  0.96 |  1.03 |  0.97 |  0.96 |  1.06 |  1.15
        5292 |  1.10 |  0.96 |  1.03 |  0.97 |  0.96 |  1.06 |  1.15
        5292 |  1.10 |  0.96 |  1.03 |  0.97 |  0.96 |  1.06 |  1.15
        5292 |  1.10 |  0.96 |  1.03 |  0.97 |  0.96 |  1.06 |  1.15
        5292 |  1.10 |  0.96 |  1.03 |  0.97 |  0.96 |  1.06 |  1.15
        5292 |  1.10 |  0.96 |  1.03 |  0.97 |  0.96 |  1.06 |  1.15
        5292 |  1.10 |  0.96 |  1.03 |  0.97 |  0.96 |  1.06 |  1.15
        5292 |  1.10 |  0.96 |  1.03 |  0.97 |  0.96 |  1.06 |  1.15
        5292 |  1.10 |  0.96 |  1.03 |  0.97 |  0.96 |  1.06 |  1.15
        5292 |  1.10 |  0.96 |  1.03 |  0.97 |  0.96 |  1.06 |  1.15
        5292 |  1.10 |  0.96 |  1.03 |  0.97 |  0.96 |  1.06 |  1.15
        5292 |  1.10 |  0.96 |  1.03 |  0.97 |  0.96 |  1.06 |  1.15
        5292 |  1.10 |  0.96 |  1.03 |  0.97 |  0.96 |  1.06 |  1.15
        5292 |  1.10 |  0.96 |  1.03 |  0.97 |  0.96 |  1.06 |  1.15
        5292 |  1.10 |  0.96 |  1.03 |  0.97 |  0.96 |  1.06 |  1.15
        5292 |  1.10 |  0.96 |  1.03 |  0.97 |  0.96 |  1.06 |  1.15
        5292 |  1.10 |  0.96 |  1.03 |  0.97 |  0.96 |  1.06 |  1.15
        5292 |  1.10 |  0.96 |  1.03 |  0.97 |  0.96 |  1.06 |  1.15
        5292 |  1.10 |  0.96 |  1.03 |  0.97 |  0.96 |  1.06 |  1.15
        5292 |  1.10 |  0.96 |  1.03 |  0.97 |  0.96 |  1.06 |  1.15
        5292 |  1.10 |  0.96 |  1.03 |  0.97 |  0.96 |  1.06 |  1.15
        5292 |  1.10 |  0.96 |  1.03 |  0.97 |  0.96 |  1.06 |  1.15
        5292 |  1.10 |  0.96 |  1.03 |  0.97 |  0.96 |  1.06 |  1.15
        5292 |  1.10 |  0.96 |  1.03 |  0.97 |  0.96 |  1.06 |  1.15
        5292 |  1.10 |  0.96 |  1.03 |  0.97 |  0.96 |  1.06 |  1.15
        5292 |  1.10 |  0.96 |  1.03 |  0.97 |  0.96 |  1.06 |  1.15
        5292 |  1.10 |  0.96 |  1.03 |  0.97 |  0.96 |  1.06 |  1.15
        5292 |  1.10 |  0.96 |  1.03 |  0.97 |  0.96 |  1.06 |  1.15
        5292 |  1.10 |  0.96 |  1.03 |  0.97 |  0.96 |  1.06 |  1.15
        5293 |  1.34 |  1.01 |  1.08 |  1.10 |  0.97 |  1.06 |  1.07
        5293 |  1.34 |  1.01 |  1.08 |  1.10 |  0.97 |  1.06 |  1.07
        5293 |  1.34 |  1.01 |  1.08 |  1.10 |  0.97 |  1.06 |  1.07
        5293 |  1.34 |  1.01 |  1.08 |  1.10 |  0.97 |  1.06 |  1.07
        5293 |  1.34 |  1.01 |  1.08 |  1.10 |  0.97 |  1.06 |  1.07
        5293 |  1.34 |  1.01 |  1.08 |  1.10 |  0.97 |  1.06 |  1.07
        5293 |  1.34 |  1.01 |  1.08 |  1.10 |  0.97 |  1.06 |  1.07
        5293 |  1.34 |  1.01 |  1.08 |  1.10 |  0.97 |  1.06 |  1.07
        5293 |  1.34 |  1.01 |  1.08 |  1.10 |  0.97 |  1.06 |  1.07
        5293 |  1.34 |  1.01 |  1.08 |  1.10 |  0.97 |  1.06 |  1.07
        5293 |  1.34 |  1.01 |  1.08 |  1.10 |  0.97 |  1.06 |  1.07
        5293 |  1.34 |  1.01 |  1.08 |  1.10 |  0.97 |  1.06 |  1.07
        5293 |  1.34 |  1.01 |  1.08 |  1.10 |  0.97 |  1.06 |  1.07
        5293 |  1.34 |  1.01 |  1.08 |  1.10 |  0.97 |  1.06 |  1.07
        5293 |  1.34 |  1.01 |  1.08 |  1.10 |  0.97 |  1.06 |  1.07
        5293 |  1.34 |  1.01 |  1.08 |  1.10 |  0.97 |  1.06 |  1.07
        5293 |  1.34 |  1.01 |  1.08 |  1.10 |  0.97 |  1.06 |  1.07
        5293 |  1.34 |  1.01 |  1.08 |  1.10 |  0.97 |  1.06 |  1.07
        5293 |  1.34 |  1.01 |  1.08 |  1.10 |  0.97 |  1.06 |  1.07
        5293 |  1.34 |  1.01 |  1.08 |  1.10 |  0.97 |  1.06 |  1.07
        5293 |  1.34 |  1.01 |  1.08 |  1.10 |  0.97 |  1.06 |  1.07
        5293 |  1.34 |  1.01 |  1.08 |  1.10 |  0.97 |  1.06 |  1.07
        5293 |  1.34 |  1.01 |  1.08 |  1.10 |  0.97 |  1.06 |  1.07
        5293 |  1.34 |  1.01 |  1.08 |  1.10 |  0.97 |  1.06 |  1.07
        5293 |  1.34 |  1.01 |  1.08 |  1.10 |  0.97 |  1.06 |  1.07
        5293 |  1.34 |  1.01 |  1.08 |  1.10 |  0.97 |  1.06 |  1.07
        5293 |  1.34 |  1.01 |  1.08 |  1.10 |  0.97 |  1.06 |  1.07
        5293 |  1.34 |  1.01 |  1.08 |  1.10 |  0.97 |  1.06 |  1.07
        5293 |  1.34 |  1.01 |  1.08 |  1.10 |  0.97 |  1.06 |  1.07
        5293 |  1.34 |  1.01 |  1.08 |  1.10 |  0.97 |  1.06 |  1.07
        5293 |  1.34 |  1.01 |  1.08 |  1.10 |  0.97 |  1.06 |  1.07
        5293 |  1.34 |  1.01 |  1.08 |  1.10 |  0.97 |  1.06 |  1.07
        5293 |  1.34 |  1.01 |  1.08 |  1.10 |  0.97 |  1.06 |  1.07
        5293 |  1.34 |  1.01 |  1.08 |  1.10 |  0.97 |  1.06 |  1.07
        5293 |  1.34 |  1.01 |  1.08 |  1.10 |  0.97 |  1.06 |  1.07
        5293 |  1.34 |  1.01 |  1.08 |  1.10 |  0.97 |  1.06 |  1.07
        5293 |  1.34 |  1.01 |  1.08 |  1.10 |  0.97 |  1.06 |  1.07
        5293 |  1.34 |  1.01 |  1.08 |  1.10 |  0.97 |  1.06 |  1.07
        5293 |  1.34 |  1.01 |  1.08 |  1.10 |  0.97 |  1.06 |  1.07
        5293 |  1.34 |  1.01 |  1.08 |  1.10 |  0.97 |  1.06 |  1.07
        5293 |  1.34 |  1.01 |  1.08 |  1.10 |  0.97 |  1.06 |  1.07
        5293 |  1.34 |  1.01 |  1.08 |  1.10 |  0.97 |  1.06 |  1.07
        5293 |  1.34 |  1.01 |  1.08 |  1.10 |  0.97 |  1.06 |  1.07
        5293 |  1.34 |  1.01 |  1.08 |  1.10 |  0.97 |  1.06 |  1.07
        5293 |  1.34 |  1.01 |  1.08 |  1.10 |  0.97 |  1.06 |  1.07
        5293 |  1.34 |  1.01 |  1.08 |  1.10 |  0.97 |  1.06 |  1.07
        5293 |  1.34 |  1.01 |  1.08 |  1.10 |  0.97 |  1.06 |  1.07
        5293 |  1.34 |  1.01 |  1.08 |  1.10 |  0.97 |  1.06 |  1.07
        5293 |  1.34 |  1.01 |  1.08 |  1.10 |  0.97 |  1.06 |  1.07
        5294 |  0.99 |  1.31 |  1.06 |  0.99 |  1.16 |  1.05 |  1.24
        5294 |  0.99 |  1.31 |  1.06 |  0.99 |  1.16 |  1.05 |  1.24
        5294 |  0.99 |  1.31 |  1.06 |  0.99 |  1.16 |  1.05 |  1.24
        5294 |  0.99 |  1.31 |  1.06 |  0.99 |  1.16 |  1.05 |  1.24
        5294 |  0.99 |  1.31 |  1.06 |  0.99 |  1.16 |  1.05 |  1.24
        5294 |  0.99 |  1.31 |  1.06 |  0.99 |  1.16 |  1.05 |  1.24
        5294 |  0.99 |  1.31 |  1.06 |  0.99 |  1.16 |  1.05 |  1.24
        5294 |  0.99 |  1.31 |  1.06 |  0.99 |  1.16 |  1.05 |  1.24
        5294 |  0.99 |  1.31 |  1.06 |  0.99 |  1.16 |  1.05 |  1.24
        5294 |  0.99 |  1.31 |  1.06 |  0.99 |  1.16 |  1.05 |  1.24
        5294 |  0.99 |  1.31 |  1.06 |  0.99 |  1.16 |  1.05 |  1.24
        5294 |  0.99 |  1.31 |  1.06 |  0.99 |  1.16 |  1.05 |  1.24
        5294 |  0.99 |  1.31 |  1.06 |  0.99 |  1.16 |  1.05 |  1.24
        5294 |  0.99 |  1.31 |  1.06 |  0.99 |  1.16 |  1.05 |  1.24
        5294 |  0.99 |  1.31 |  1.06 |  0.99 |  1.16 |  1.05 |  1.24
        5294 |  0.99 |  1.31 |  1.06 |  0.99 |  1.16 |  1.05 |  1.24
        5294 |  0.99 |  1.31 |  1.06 |  0.99 |  1.16 |  1.05 |  1.24
        5294 |  0.99 |  1.31 |  1.06 |  0.99 |  1.16 |  1.05 |  1.24
        5294 |  0.99 |  1.31 |  1.06 |  0.99 |  1.16 |  1.05 |  1.24
        5294 |  0.99 |  1.31 |  1.06 |  0.99 |  1.16 |  1.05 |  1.24
        5294 |  0.99 |  1.31 |  1.06 |  0.99 |  1.16 |  1.05 |  1.24
        5294 |  0.99 |  1.31 |  1.06 |  0.99 |  1.16 |  1.05 |  1.24
        5294 |  0.99 |  1.31 |  1.06 |  0.99 |  1.16 |  1.05 |  1.24
        5294 |  0.99 |  1.31 |  1.06 |  0.99 |  1.16 |  1.05 |  1.24
        5294 |  0.99 |  1.31 |  1.06 |  0.99 |  1.16 |  1.05 |  1.24
        5294 |  0.99 |  1.31 |  1.06 |  0.99 |  1.16 |  1.05 |  1.24
        5294 |  0.99 |  1.31 |  1.06 |  0.99 |  1.16 |  1.05 |  1.24
        5294 |  0.99 |  1.31 |  1.06 |  0.99 |  1.16 |  1.05 |  1.24
        5294 |  0.99 |  1.31 |  1.06 |  0.99 |  1.16 |  1.05 |  1.24
        5294 |  0.99 |  1.31 |  1.06 |  0.99 |  1.16 |  1.05 |  1.24
        5294 |  0.99 |  1.31 |  1.06 |  0.99 |  1.16 |  1.05 |  1.24
        5294 |  0.99 |  1.31 |  1.06 |  0.99 |  1.16 |  1.05 |  1.24
        5294 |  0.99 |  1.31 |  1.06 |  0.99 |  1.16 |  1.05 |  1.24
        5294 |  0.99 |  1.31 |  1.06 |  0.99 |  1.16 |  1.05 |  1.24
        5294 |  0.99 |  1.31 |  1.06 |  0.99 |  1.16 |  1.05 |  1.24
        5294 |  0.99 |  1.31 |  1.06 |  0.99 |  1.16 |  1.05 |  1.24
        5294 |  0.99 |  1.31 |  1.06 |  0.99 |  1.16 |  1.05 |  1.24
        5294 |  0.99 |  1.31 |  1.06 |  0.99 |  1.16 |  1.05 |  1.24
        5294 |  0.99 |  1.31 |  1.06 |  0.99 |  1.16 |  1.05 |  1.24
        5294 |  0.99 |  1.31 |  1.06 |  0.99 |  1.16 |  1.05 |  1.24
        5294 |  0.99 |  1.31 |  1.06 |  0.99 |  1.16 |  1.05 |  1.24
        5294 |  0.99 |  1.31 |  1.06 |  0.99 |  1.16 |  1.05 |  1.24
        5294 |  0.99 |  1.31 |  1.06 |  0.99 |  1.16 |  1.05 |  1.24
        5294 |  0.99 |  1.31 |  1.06 |  0.99 |  1.16 |  1.05 |  1.24
        5294 |  0.99 |  1.31 |  1.06 |  0.99 |  1.16 |  1.05 |  1.24
        5294 |  0.99 |  1.31 |  1.06 |  0.99 |  1.16 |  1.05 |  1.24
        5294 |  0.99 |  1.31 |  1.06 |  0.99 |  1.16 |  1.05 |  1.24
        5294 |  0.99 |  1.31 |  1.06 |  0.99 |  1.16 |  1.05 |  1.24
        5294 |  0.99 |  1.31 |  1.06 |  0.99 |  1.16 |  1.05 |  1.24
        5295 |  0.96 |  1.16 |  0.89 |  1.36 |  1.12 |  0.84 |  1.06
        5295 |  0.96 |  1.16 |  0.89 |  1.36 |  1.12 |  0.84 |  1.06
        5295 |  0.96 |  1.16 |  0.89 |  1.36 |  1.12 |  0.84 |  1.06
        5295 |  0.96 |  1.16 |  0.89 |  1.36 |  1.12 |  0.84 |  1.06
        5295 |  0.96 |  1.16 |  0.89 |  1.36 |  1.12 |  0.84 |  1.06
        5295 |  0.96 |  1.16 |  0.89 |  1.36 |  1.12 |  0.84 |  1.06
        5295 |  0.96 |  1.16 |  0.89 |  1.36 |  1.12 |  0.84 |  1.06
        5295 |  0.96 |  1.16 |  0.89 |  1.36 |  1.12 |  0.84 |  1.06
        5295 |  0.96 |  1.16 |  0.89 |  1.36 |  1.12 |  0.84 |  1.06
        5295 |  0.96 |  1.16 |  0.89 |  1.36 |  1.12 |  0.84 |  1.06
        5295 |  0.96 |  1.16 |  0.89 |  1.36 |  1.12 |  0.84 |  1.06
        5295 |  0.96 |  1.16 |  0.89 |  1.36 |  1.12 |  0.84 |  1.06
        5295 |  0.96 |  1.16 |  0.89 |  1.36 |  1.12 |  0.84 |  1.06
        5295 |  0.96 |  1.16 |  0.89 |  1.36 |  1.12 |  0.84 |  1.06
        5295 |  0.96 |  1.16 |  0.89 |  1.36 |  1.12 |  0.84 |  1.06
        5295 |  0.96 |  1.16 |  0.89 |  1.36 |  1.12 |  0.84 |  1.06
        5295 |  0.96 |  1.16 |  0.89 |  1.36 |  1.12 |  0.84 |  1.06
        5295 |  0.96 |  1.16 |  0.89 |  1.36 |  1.12 |  0.84 |  1.06
        5295 |  0.96 |  1.16 |  0.89 |  1.36 |  1.12 |  0.84 |  1.06
        5295 |  0.96 |  1.16 |  0.89 |  1.36 |  1.12 |  0.84 |  1.06
        5295 |  0.96 |  1.16 |  0.89 |  1.36 |  1.12 |  0.84 |  1.06
        5295 |  0.96 |  1.16 |  0.89 |  1.36 |  1.12 |  0.84 |  1.06
        5295 |  0.96 |  1.16 |  0.89 |  1.36 |  1.12 |  0.84 |  1.06
        5295 |  0.96 |  1.16 |  0.89 |  1.36 |  1.12 |  0.84 |  1.06
        5295 |  0.96 |  1.16 |  0.89 |  1.36 |  1.12 |  0.84 |  1.06
        5295 |  0.96 |  1.16 |  0.89 |  1.36 |  1.12 |  0.84 |  1.06
        5295 |  0.96 |  1.16 |  0.89 |  1.36 |  1.12 |  0.84 |  1.06
        5295 |  0.96 |  1.16 |  0.89 |  1.36 |  1.12 |  0.84 |  1.06
        5295 |  0.96 |  1.16 |  0.89 |  1.36 |  1.12 |  0.84 |  1.06
        5295 |  0.96 |  1.16 |  0.89 |  1.36 |  1.12 |  0.84 |  1.06
        5295 |  0.96 |  1.16 |  0.89 |  1.36 |  1.12 |  0.84 |  1.06
        5295 |  0.96 |  1.16 |  0.89 |  1.36 |  1.12 |  0.84 |  1.06
        5295 |  0.96 |  1.16 |  0.89 |  1.36 |  1.12 |  0.84 |  1.06
        5295 |  0.96 |  1.16 |  0.89 |  1.36 |  1.12 |  0.84 |  1.06
        5295 |  0.96 |  1.16 |  0.89 |  1.36 |  1.12 |  0.84 |  1.06
        5295 |  0.96 |  1.16 |  0.89 |  1.36 |  1.12 |  0.84 |  1.06
        5295 |  0.96 |  1.16 |  0.89 |  1.36 |  1.12 |  0.84 |  1.06
        5295 |  0.96 |  1.16 |  0.89 |  1.36 |  1.12 |  0.84 |  1.06
        5295 |  0.96 |  1.16 |  0.89 |  1.36 |  1.12 |  0.84 |  1.06
        5295 |  0.96 |  1.16 |  0.89 |  1.36 |  1.12 |  0.84 |  1.06
        5295 |  0.96 |  1.16 |  0.89 |  1.36 |  1.12 |  0.84 |  1.06
        5295 |  0.96 |  1.16 |  0.89 |  1.36 |  1.12 |  0.84 |  1.06
        5295 |  0.96 |  1.16 |  0.89 |  1.36 |  1.12 |  0.84 |  1.06
        5295 |  0.96 |  1.16 |  0.89 |  1.36 |  1.12 |  0.84 |  1.06
        5295 |  0.96 |  1.16 |  0.89 |  1.36 |  1.12 |  0.84 |  1.06
        5295 |  0.96 |  1.16 |  0.89 |  1.36 |  1.12 |  0.84 |  1.06
        5295 |  0.96 |  1.16 |  0.89 |  1.36 |  1.12 |  0.84 |  1.06
        5295 |  0.96 |  1.16 |  0.89 |  1.36 |  1.12 |  0.84 |  1.06
        5295 |  0.96 |  1.16 |  0.89 |  1.36 |  1.12 |  0.84 |  1.06
        5296 |  1.19 |  0.86 |  0.99 |  0.98 |  0.95 |  1.03 |  0.87
        5296 |  1.19 |  0.86 |  0.99 |  0.98 |  0.95 |  1.03 |  0.87
        5296 |  1.19 |  0.86 |  0.99 |  0.98 |  0.95 |  1.03 |  0.87
        5296 |  1.19 |  0.86 |  0.99 |  0.98 |  0.95 |  1.03 |  0.87
        5296 |  1.19 |  0.86 |  0.99 |  0.98 |  0.95 |  1.03 |  0.87
        5296 |  1.19 |  0.86 |  0.99 |  0.98 |  0.95 |  1.03 |  0.87
        5296 |  1.19 |  0.86 |  0.99 |  0.98 |  0.95 |  1.03 |  0.87
        5296 |  1.19 |  0.86 |  0.99 |  0.98 |  0.95 |  1.03 |  0.87
        5296 |  1.19 |  0.86 |  0.99 |  0.98 |  0.95 |  1.03 |  0.87
        5296 |  1.19 |  0.86 |  0.99 |  0.98 |  0.95 |  1.03 |  0.87
        5296 |  1.19 |  0.86 |  0.99 |  0.98 |  0.95 |  1.03 |  0.87
        5296 |  1.19 |  0.86 |  0.99 |  0.98 |  0.95 |  1.03 |  0.87
        5296 |  1.19 |  0.86 |  0.99 |  0.98 |  0.95 |  1.03 |  0.87
        5296 |  1.19 |  0.86 |  0.99 |  0.98 |  0.95 |  1.03 |  0.87
        5296 |  1.19 |  0.86 |  0.99 |  0.98 |  0.95 |  1.03 |  0.87
        5296 |  1.19 |  0.86 |  0.99 |  0.98 |  0.95 |  1.03 |  0.87
        5296 |  1.19 |  0.86 |  0.99 |  0.98 |  0.95 |  1.03 |  0.87
        5296 |  1.19 |  0.86 |  0.99 |  0.98 |  0.95 |  1.03 |  0.87
        5296 |  1.19 |  0.86 |  0.99 |  0.98 |  0.95 |  1.03 |  0.87
        5296 |  1.19 |  0.86 |  0.99 |  0.98 |  0.95 |  1.03 |  0.87
        5296 |  1.19 |  0.86 |  0.99 |  0.98 |  0.95 |  1.03 |  0.87
        5296 |  1.19 |  0.86 |  0.99 |  0.98 |  0.95 |  1.03 |  0.87
        5296 |  1.19 |  0.86 |  0.99 |  0.98 |  0.95 |  1.03 |  0.87
        5296 |  1.19 |  0.86 |  0.99 |  0.98 |  0.95 |  1.03 |  0.87
        5296 |  1.19 |  0.86 |  0.99 |  0.98 |  0.95 |  1.03 |  0.87
        5296 |  1.19 |  0.86 |  0.99 |  0.98 |  0.95 |  1.03 |  0.87
        5296 |  1.19 |  0.86 |  0.99 |  0.98 |  0.95 |  1.03 |  0.87
        5296 |  1.19 |  0.86 |  0.99 |  0.98 |  0.95 |  1.03 |  0.87
        5296 |  1.19 |  0.86 |  0.99 |  0.98 |  0.95 |  1.03 |  0.87
        5296 |  1.19 |  0.86 |  0.99 |  0.98 |  0.95 |  1.03 |  0.87
        5296 |  1.19 |  0.86 |  0.99 |  0.98 |  0.95 |  1.03 |  0.87
        5296 |  1.19 |  0.86 |  0.99 |  0.98 |  0.95 |  1.03 |  0.87
        5296 |  1.19 |  0.86 |  0.99 |  0.98 |  0.95 |  1.03 |  0.87
        5296 |  1.19 |  0.86 |  0.99 |  0.98 |  0.95 |  1.03 |  0.87
        5296 |  1.19 |  0.86 |  0.99 |  0.98 |  0.95 |  1.03 |  0.87
        5296 |  1.19 |  0.86 |  0.99 |  0.98 |  0.95 |  1.03 |  0.87
        5296 |  1.19 |  0.86 |  0.99 |  0.98 |  0.95 |  1.03 |  0.87
        5296 |  1.19 |  0.86 |  0.99 |  0.98 |  0.95 |  1.03 |  0.87
        5296 |  1.19 |  0.86 |  0.99 |  0.98 |  0.95 |  1.03 |  0.87
        5296 |  1.19 |  0.86 |  0.99 |  0.98 |  0.95 |  1.03 |  0.87
        5296 |  1.19 |  0.86 |  0.99 |  0.98 |  0.95 |  1.03 |  0.87
        5296 |  1.19 |  0.86 |  0.99 |  0.98 |  0.95 |  1.03 |  0.87
        5296 |  1.19 |  0.86 |  0.99 |  0.98 |  0.95 |  1.03 |  0.87
        5296 |  1.19 |  0.86 |  0.99 |  0.98 |  0.95 |  1.03 |  0.87
        5296 |  1.19 |  0.86 |  0.99 |  0.98 |  0.95 |  1.03 |  0.87
        5296 |  1.19 |  0.86 |  0.99 |  0.98 |  0.95 |  1.03 |  0.87
        5296 |  1.19 |  0.86 |  0.99 |  0.98 |  0.95 |  1.03 |  0.87
        5296 |  1.19 |  0.86 |  0.99 |  0.98 |  0.95 |  1.03 |  0.87
        5296 |  1.19 |  0.86 |  0.99 |  0.98 |  0.95 |  1.03 |  0.87
        5297 |  1.01 |  1.20 |  0.79 |  0.98 |  1.04 |  0.98 |  1.25
        5297 |  1.01 |  1.20 |  0.79 |  0.98 |  1.04 |  0.98 |  1.25
        5297 |  1.01 |  1.20 |  0.79 |  0.98 |  1.04 |  0.98 |  1.25
        5297 |  1.01 |  1.20 |  0.79 |  0.98 |  1.04 |  0.98 |  1.25
        5297 |  1.01 |  1.20 |  0.79 |  0.98 |  1.04 |  0.98 |  1.25
        5297 |  1.01 |  1.20 |  0.79 |  0.98 |  1.04 |  0.98 |  1.25
        5297 |  1.01 |  1.20 |  0.79 |  0.98 |  1.04 |  0.98 |  1.25
        5297 |  1.01 |  1.20 |  0.79 |  0.98 |  1.04 |  0.98 |  1.25
        5297 |  1.01 |  1.20 |  0.79 |  0.98 |  1.04 |  0.98 |  1.25
        5297 |  1.01 |  1.20 |  0.79 |  0.98 |  1.04 |  0.98 |  1.25
        5297 |  1.01 |  1.20 |  0.79 |  0.98 |  1.04 |  0.98 |  1.25
        5297 |  1.01 |  1.20 |  0.79 |  0.98 |  1.04 |  0.98 |  1.25
        5297 |  1.01 |  1.20 |  0.79 |  0.98 |  1.04 |  0.98 |  1.25
        5297 |  1.01 |  1.20 |  0.79 |  0.98 |  1.04 |  0.98 |  1.25
        5297 |  1.01 |  1.20 |  0.79 |  0.98 |  1.04 |  0.98 |  1.25
        5297 |  1.01 |  1.20 |  0.79 |  0.98 |  1.04 |  0.98 |  1.25
        5297 |  1.01 |  1.20 |  0.79 |  0.98 |  1.04 |  0.98 |  1.25
        5297 |  1.01 |  1.20 |  0.79 |  0.98 |  1.04 |  0.98 |  1.25
        5297 |  1.01 |  1.20 |  0.79 |  0.98 |  1.04 |  0.98 |  1.25
        5297 |  1.01 |  1.20 |  0.79 |  0.98 |  1.04 |  0.98 |  1.25
        5297 |  1.01 |  1.20 |  0.79 |  0.98 |  1.04 |  0.98 |  1.25
        5297 |  1.01 |  1.20 |  0.79 |  0.98 |  1.04 |  0.98 |  1.25
        5297 |  1.01 |  1.20 |  0.79 |  0.98 |  1.04 |  0.98 |  1.25
        5297 |  1.01 |  1.20 |  0.79 |  0.98 |  1.04 |  0.98 |  1.25
        5297 |  1.01 |  1.20 |  0.79 |  0.98 |  1.04 |  0.98 |  1.25
        5297 |  1.01 |  1.20 |  0.79 |  0.98 |  1.04 |  0.98 |  1.25
        5297 |  1.01 |  1.20 |  0.79 |  0.98 |  1.04 |  0.98 |  1.25
        5297 |  1.01 |  1.20 |  0.79 |  0.98 |  1.04 |  0.98 |  1.25
        5297 |  1.01 |  1.20 |  0.79 |  0.98 |  1.04 |  0.98 |  1.25
        5297 |  1.01 |  1.20 |  0.79 |  0.98 |  1.04 |  0.98 |  1.25
        5297 |  1.01 |  1.20 |  0.79 |  0.98 |  1.04 |  0.98 |  1.25
        5297 |  1.01 |  1.20 |  0.79 |  0.98 |  1.04 |  0.98 |  1.25
        5297 |  1.01 |  1.20 |  0.79 |  0.98 |  1.04 |  0.98 |  1.25
        5297 |  1.01 |  1.20 |  0.79 |  0.98 |  1.04 |  0.98 |  1.25
        5297 |  1.01 |  1.20 |  0.79 |  0.98 |  1.04 |  0.98 |  1.25
        5297 |  1.01 |  1.20 |  0.79 |  0.98 |  1.04 |  0.98 |  1.25
        5297 |  1.01 |  1.20 |  0.79 |  0.98 |  1.04 |  0.98 |  1.25
        5297 |  1.01 |  1.20 |  0.79 |  0.98 |  1.04 |  0.98 |  1.25
        5297 |  1.01 |  1.20 |  0.79 |  0.98 |  1.04 |  0.98 |  1.25
        5297 |  1.01 |  1.20 |  0.79 |  0.98 |  1.04 |  0.98 |  1.25
        5297 |  1.01 |  1.20 |  0.79 |  0.98 |  1.04 |  0.98 |  1.25
        5297 |  1.01 |  1.20 |  0.79 |  0.98 |  1.04 |  0.98 |  1.25
        5297 |  1.01 |  1.20 |  0.79 |  0.98 |  1.04 |  0.98 |  1.25
        5297 |  1.01 |  1.20 |  0.79 |  0.98 |  1.04 |  0.98 |  1.25
        5297 |  1.01 |  1.20 |  0.79 |  0.98 |  1.04 |  0.98 |  1.25
        5297 |  1.01 |  1.20 |  0.79 |  0.98 |  1.04 |  0.98 |  1.25
        5297 |  1.01 |  1.20 |  0.79 |  0.98 |  1.04 |  0.98 |  1.25
        5297 |  1.01 |  1.20 |  0.79 |  0.98 |  1.04 |  0.98 |  1.25
        5297 |  1.01 |  1.20 |  0.79 |  0.98 |  1.04 |  0.98 |  1.25
        5298 |  1.02 |  1.15 |  0.96 |  1.26 |  0.89 |  1.27 |  0.83
        5298 |  1.02 |  1.15 |  0.96 |  1.26 |  0.89 |  1.27 |  0.83
        5298 |  1.02 |  1.15 |  0.96 |  1.26 |  0.89 |  1.27 |  0.83
        5298 |  1.02 |  1.15 |  0.96 |  1.26 |  0.89 |  1.27 |  0.83
        5298 |  1.02 |  1.15 |  0.96 |  1.26 |  0.89 |  1.27 |  0.83
        5298 |  1.02 |  1.15 |  0.96 |  1.26 |  0.89 |  1.27 |  0.83
        5298 |  1.02 |  1.15 |  0.96 |  1.26 |  0.89 |  1.27 |  0.83
        5298 |  1.02 |  1.15 |  0.96 |  1.26 |  0.89 |  1.27 |  0.83
        5298 |  1.02 |  1.15 |  0.96 |  1.26 |  0.89 |  1.27 |  0.83
        5298 |  1.02 |  1.15 |  0.96 |  1.26 |  0.89 |  1.27 |  0.83
        5298 |  1.02 |  1.15 |  0.96 |  1.26 |  0.89 |  1.27 |  0.83
        5298 |  1.02 |  1.15 |  0.96 |  1.26 |  0.89 |  1.27 |  0.83
        5298 |  1.02 |  1.15 |  0.96 |  1.26 |  0.89 |  1.27 |  0.83
        5298 |  1.02 |  1.15 |  0.96 |  1.26 |  0.89 |  1.27 |  0.83
        5298 |  1.02 |  1.15 |  0.96 |  1.26 |  0.89 |  1.27 |  0.83
        5298 |  1.02 |  1.15 |  0.96 |  1.26 |  0.89 |  1.27 |  0.83
        5298 |  1.02 |  1.15 |  0.96 |  1.26 |  0.89 |  1.27 |  0.83
        5298 |  1.02 |  1.15 |  0.96 |  1.26 |  0.89 |  1.27 |  0.83
        5298 |  1.02 |  1.15 |  0.96 |  1.26 |  0.89 |  1.27 |  0.83
        5298 |  1.02 |  1.15 |  0.96 |  1.26 |  0.89 |  1.27 |  0.83
        5298 |  1.02 |  1.15 |  0.96 |  1.26 |  0.89 |  1.27 |  0.83
        5298 |  1.02 |  1.15 |  0.96 |  1.26 |  0.89 |  1.27 |  0.83
        5298 |  1.02 |  1.15 |  0.96 |  1.26 |  0.89 |  1.27 |  0.83
        5298 |  1.02 |  1.15 |  0.96 |  1.26 |  0.89 |  1.27 |  0.83
        5298 |  1.02 |  1.15 |  0.96 |  1.26 |  0.89 |  1.27 |  0.83
        5298 |  1.02 |  1.15 |  0.96 |  1.26 |  0.89 |  1.27 |  0.83
        5298 |  1.02 |  1.15 |  0.96 |  1.26 |  0.89 |  1.27 |  0.83
        5298 |  1.02 |  1.15 |  0.96 |  1.26 |  0.89 |  1.27 |  0.83
        5298 |  1.02 |  1.15 |  0.96 |  1.26 |  0.89 |  1.27 |  0.83
        5298 |  1.02 |  1.15 |  0.96 |  1.26 |  0.89 |  1.27 |  0.83
        5298 |  1.02 |  1.15 |  0.96 |  1.26 |  0.89 |  1.27 |  0.83
        5298 |  1.02 |  1.15 |  0.96 |  1.26 |  0.89 |  1.27 |  0.83
        5298 |  1.02 |  1.15 |  0.96 |  1.26 |  0.89 |  1.27 |  0.83
        5298 |  1.02 |  1.15 |  0.96 |  1.26 |  0.89 |  1.27 |  0.83
        5298 |  1.02 |  1.15 |  0.96 |  1.26 |  0.89 |  1.27 |  0.83
        5298 |  1.02 |  1.15 |  0.96 |  1.26 |  0.89 |  1.27 |  0.83
        5298 |  1.02 |  1.15 |  0.96 |  1.26 |  0.89 |  1.27 |  0.83
        5298 |  1.02 |  1.15 |  0.96 |  1.26 |  0.89 |  1.27 |  0.83
        5298 |  1.02 |  1.15 |  0.96 |  1.26 |  0.89 |  1.27 |  0.83
        5298 |  1.02 |  1.15 |  0.96 |  1.26 |  0.89 |  1.27 |  0.83
        5298 |  1.02 |  1.15 |  0.96 |  1.26 |  0.89 |  1.27 |  0.83
        5298 |  1.02 |  1.15 |  0.96 |  1.26 |  0.89 |  1.27 |  0.83
        5298 |  1.02 |  1.15 |  0.96 |  1.26 |  0.89 |  1.27 |  0.83
        5298 |  1.02 |  1.15 |  0.96 |  1.26 |  0.89 |  1.27 |  0.83
        5298 |  1.02 |  1.15 |  0.96 |  1.26 |  0.89 |  1.27 |  0.83
        5298 |  1.02 |  1.15 |  0.96 |  1.26 |  0.89 |  1.27 |  0.83
        5298 |  1.02 |  1.15 |  0.96 |  1.26 |  0.89 |  1.27 |  0.83
        5298 |  1.02 |  1.15 |  0.96 |  1.26 |  0.89 |  1.27 |  0.83
        5298 |  1.02 |  1.15 |  0.96 |  1.26 |  0.89 |  1.27 |  0.83
        5299 |  1.18 |  0.88 |  1.17 |  0.96 |  1.13 |  0.79 |  0.88
        5299 |  1.18 |  0.88 |  1.17 |  0.96 |  1.13 |  0.79 |  0.88
        5299 |  1.18 |  0.88 |  1.17 |  0.96 |  1.13 |  0.79 |  0.88
        5299 |  1.18 |  0.88 |  1.17 |  0.96 |  1.13 |  0.79 |  0.88
        5299 |  1.18 |  0.88 |  1.17 |  0.96 |  1.13 |  0.79 |  0.88
        5299 |  1.18 |  0.88 |  1.17 |  0.96 |  1.13 |  0.79 |  0.88
        5299 |  1.18 |  0.88 |  1.17 |  0.96 |  1.13 |  0.79 |  0.88
        5299 |  1.18 |  0.88 |  1.17 |  0.96 |  1.13 |  0.79 |  0.88
        5299 |  1.18 |  0.88 |  1.17 |  0.96 |  1.13 |  0.79 |  0.88
        5299 |  1.18 |  0.88 |  1.17 |  0.96 |  1.13 |  0.79 |  0.88
        5299 |  1.18 |  0.88 |  1.17 |  0.96 |  1.13 |  0.79 |  0.88
        5299 |  1.18 |  0.88 |  1.17 |  0.96 |  1.13 |  0.79 |  0.88
        5299 |  1.18 |  0.88 |  1.17 |  0.96 |  1.13 |  0.79 |  0.88
        5299 |  1.18 |  0.88 |  1.17 |  0.96 |  1.13 |  0.79 |  0.88
        5299 |  1.18 |  0.88 |  1.17 |  0.96 |  1.13 |  0.79 |  0.88
        5299 |  1.18 |  0.88 |  1.17 |  0.96 |  1.13 |  0.79 |  0.88
        5299 |  1.18 |  0.88 |  1.17 |  0.96 |  1.13 |  0.79 |  0.88
        5299 |  1.18 |  0.88 |  1.17 |  0.96 |  1.13 |  0.79 |  0.88
        5299 |  1.18 |  0.88 |  1.17 |  0.96 |  1.13 |  0.79 |  0.88
        5299 |  1.18 |  0.88 |  1.17 |  0.96 |  1.13 |  0.79 |  0.88
        5299 |  1.18 |  0.88 |  1.17 |  0.96 |  1.13 |  0.79 |  0.88
        5299 |  1.18 |  0.88 |  1.17 |  0.96 |  1.13 |  0.79 |  0.88
        5299 |  1.18 |  0.88 |  1.17 |  0.96 |  1.13 |  0.79 |  0.88
        5299 |  1.18 |  0.88 |  1.17 |  0.96 |  1.13 |  0.79 |  0.88
        5299 |  1.18 |  0.88 |  1.17 |  0.96 |  1.13 |  0.79 |  0.88
        5299 |  1.18 |  0.88 |  1.17 |  0.96 |  1.13 |  0.79 |  0.88
        5299 |  1.18 |  0.88 |  1.17 |  0.96 |  1.13 |  0.79 |  0.88
        5299 |  1.18 |  0.88 |  1.17 |  0.96 |  1.13 |  0.79 |  0.88
        5299 |  1.18 |  0.88 |  1.17 |  0.96 |  1.13 |  0.79 |  0.88
        5299 |  1.18 |  0.88 |  1.17 |  0.96 |  1.13 |  0.79 |  0.88
        5299 |  1.18 |  0.88 |  1.17 |  0.96 |  1.13 |  0.79 |  0.88
        5299 |  1.18 |  0.88 |  1.17 |  0.96 |  1.13 |  0.79 |  0.88
        5299 |  1.18 |  0.88 |  1.17 |  0.96 |  1.13 |  0.79 |  0.88
        5299 |  1.18 |  0.88 |  1.17 |  0.96 |  1.13 |  0.79 |  0.88
        5299 |  1.18 |  0.88 |  1.17 |  0.96 |  1.13 |  0.79 |  0.88
        5299 |  1.18 |  0.88 |  1.17 |  0.96 |  1.13 |  0.79 |  0.88
        5299 |  1.18 |  0.88 |  1.17 |  0.96 |  1.13 |  0.79 |  0.88
        5299 |  1.18 |  0.88 |  1.17 |  0.96 |  1.13 |  0.79 |  0.88
        5299 |  1.18 |  0.88 |  1.17 |  0.96 |  1.13 |  0.79 |  0.88
        5299 |  1.18 |  0.88 |  1.17 |  0.96 |  1.13 |  0.79 |  0.88
        5299 |  1.18 |  0.88 |  1.17 |  0.96 |  1.13 |  0.79 |  0.88
        5299 |  1.18 |  0.88 |  1.17 |  0.96 |  1.13 |  0.79 |  0.88
        5299 |  1.18 |  0.88 |  1.17 |  0.96 |  1.13 |  0.79 |  0.88
        5299 |  1.18 |  0.88 |  1.17 |  0.96 |  1.13 |  0.79 |  0.88
        5299 |  1.18 |  0.88 |  1.17 |  0.96 |  1.13 |  0.79 |  0.88
        5299 |  1.18 |  0.88 |  1.17 |  0.96 |  1.13 |  0.79 |  0.88
        5299 |  1.18 |  0.88 |  1.17 |  0.96 |  1.13 |  0.79 |  0.88
        5299 |  1.18 |  0.88 |  1.17 |  0.96 |  1.13 |  0.79 |  0.88
        5299 |  1.18 |  0.88 |  1.17 |  0.96 |  1.13 |  0.79 |  0.88
        5300 |  0.45 |  0.38 |  0.93 |  0.87 |  1.15 |  0.51 |  0.47
        5300 |  0.45 |  0.38 |  0.93 |  0.87 |  1.15 |  0.51 |  0.47
        5300 |  0.45 |  0.38 |  0.93 |  0.87 |  1.15 |  0.51 |  0.47
        5300 |  0.45 |  0.38 |  0.93 |  0.87 |  1.15 |  0.51 |  0.47
        5300 |  0.45 |  0.38 |  0.93 |  0.87 |  1.15 |  0.51 |  0.47
        5300 |  0.45 |  0.38 |  0.93 |  0.87 |  1.15 |  0.51 |  0.47
        5300 |  0.45 |  0.38 |  0.93 |  0.87 |  1.15 |  0.51 |  0.47
        5300 |  0.45 |  0.38 |  0.93 |  0.87 |  1.15 |  0.51 |  0.47
        5300 |  0.45 |  0.38 |  0.93 |  0.87 |  1.15 |  0.51 |  0.47
        5300 |  0.45 |  0.38 |  0.93 |  0.87 |  1.15 |  0.51 |  0.47
        5300 |  0.45 |  0.38 |  0.93 |  0.87 |  1.15 |  0.51 |  0.47
        5300 |  0.45 |  0.38 |  0.93 |  0.87 |  1.15 |  0.51 |  0.47
        5300 |  0.45 |  0.38 |  0.93 |  0.87 |  1.15 |  0.51 |  0.47
        5300 |  0.45 |  0.38 |  0.93 |  0.87 |  1.15 |  0.51 |  0.47
        5300 |  0.45 |  0.38 |  0.93 |  0.87 |  1.15 |  0.51 |  0.47
        5300 |  0.45 |  0.38 |  0.93 |  0.87 |  1.15 |  0.51 |  0.47
        5300 |  0.45 |  0.38 |  0.93 |  0.87 |  1.15 |  0.51 |  0.47
        5300 |  0.45 |  0.38 |  0.93 |  0.87 |  1.15 |  0.51 |  0.47
        5300 |  0.45 |  0.38 |  0.93 |  0.87 |  1.15 |  0.51 |  0.47
        5300 |  0.45 |  0.38 |  0.93 |  0.87 |  1.15 |  0.51 |  0.47
        5300 |  0.45 |  0.38 |  0.93 |  0.87 |  1.15 |  0.51 |  0.47
        5300 |  0.45 |  0.38 |  0.93 |  0.87 |  1.15 |  0.51 |  0.47
        5300 |  0.45 |  0.38 |  0.93 |  0.87 |  1.15 |  0.51 |  0.47
        5300 |  0.45 |  0.38 |  0.93 |  0.87 |  1.15 |  0.51 |  0.47
        5300 |  0.45 |  0.38 |  0.93 |  0.87 |  1.15 |  0.51 |  0.47
        5300 |  0.45 |  0.38 |  0.93 |  0.87 |  1.15 |  0.51 |  0.47
        5300 |  0.45 |  0.38 |  0.93 |  0.87 |  1.15 |  0.51 |  0.47
        5300 |  0.45 |  0.38 |  0.93 |  0.87 |  1.15 |  0.51 |  0.47
        5300 |  0.45 |  0.38 |  0.93 |  0.87 |  1.15 |  0.51 |  0.47
        5300 |  0.45 |  0.38 |  0.93 |  0.87 |  1.15 |  0.51 |  0.47
        5300 |  0.45 |  0.38 |  0.93 |  0.87 |  1.15 |  0.51 |  0.47
        5300 |  0.45 |  0.38 |  0.93 |  0.87 |  1.15 |  0.51 |  0.47
        5300 |  0.45 |  0.38 |  0.93 |  0.87 |  1.15 |  0.51 |  0.47
        5300 |  0.45 |  0.38 |  0.93 |  0.87 |  1.15 |  0.51 |  0.47
        5300 |  0.45 |  0.38 |  0.93 |  0.87 |  1.15 |  0.51 |  0.47
        5300 |  0.45 |  0.38 |  0.93 |  0.87 |  1.15 |  0.51 |  0.47
        5300 |  0.45 |  0.38 |  0.93 |  0.87 |  1.15 |  0.51 |  0.47
        5300 |  0.45 |  0.38 |  0.93 |  0.87 |  1.15 |  0.51 |  0.47
        5300 |  0.45 |  0.38 |  0.93 |  0.87 |  1.15 |  0.51 |  0.47
        5300 |  0.45 |  0.38 |  0.93 |  0.87 |  1.15 |  0.51 |  0.47
        5300 |  0.45 |  0.38 |  0.93 |  0.87 |  1.15 |  0.51 |  0.47
        5300 |  0.45 |  0.38 |  0.93 |  0.87 |  1.15 |  0.51 |  0.47
        5300 |  0.45 |  0.38 |  0.93 |  0.87 |  1.15 |  0.51 |  0.47
        5300 |  0.45 |  0.38 |  0.93 |  0.87 |  1.15 |  0.51 |  0.47
        5300 |  0.45 |  0.38 |  0.93 |  0.87 |  1.15 |  0.51 |  0.47
        5300 |  0.45 |  0.38 |  0.93 |  0.87 |  1.15 |  0.51 |  0.47
        5300 |  0.45 |  0.38 |  0.93 |  0.87 |  1.15 |  0.51 |  0.47
        5300 |  0.45 |  0.38 |  0.93 |  0.87 |  1.15 |  0.51 |  0.47
        5300 |  0.45 |  0.38 |  0.93 |  0.87 |  1.15 |  0.51 |  0.47
        5301 |  0.91 |  1.09 |  0.54 |  0.50 |  1.00 |  1.06 |  0.98
        5301 |  0.91 |  1.09 |  0.54 |  0.50 |  1.00 |  1.06 |  0.98
        5301 |  0.91 |  1.09 |  0.54 |  0.50 |  1.00 |  1.06 |  0.98
        5301 |  0.91 |  1.09 |  0.54 |  0.50 |  1.00 |  1.06 |  0.98
        5301 |  0.91 |  1.09 |  0.54 |  0.50 |  1.00 |  1.06 |  0.98
        5301 |  0.91 |  1.09 |  0.54 |  0.50 |  1.00 |  1.06 |  0.98
        5301 |  0.91 |  1.09 |  0.54 |  0.50 |  1.00 |  1.06 |  0.98
        5301 |  0.91 |  1.09 |  0.54 |  0.50 |  1.00 |  1.06 |  0.98
        5301 |  0.91 |  1.09 |  0.54 |  0.50 |  1.00 |  1.06 |  0.98
        5301 |  0.91 |  1.09 |  0.54 |  0.50 |  1.00 |  1.06 |  0.98
        5301 |  0.91 |  1.09 |  0.54 |  0.50 |  1.00 |  1.06 |  0.98
        5301 |  0.91 |  1.09 |  0.54 |  0.50 |  1.00 |  1.06 |  0.98
        5301 |  0.91 |  1.09 |  0.54 |  0.50 |  1.00 |  1.06 |  0.98
        5301 |  0.91 |  1.09 |  0.54 |  0.50 |  1.00 |  1.06 |  0.98
        5301 |  0.91 |  1.09 |  0.54 |  0.50 |  1.00 |  1.06 |  0.98
        5301 |  0.91 |  1.09 |  0.54 |  0.50 |  1.00 |  1.06 |  0.98
        5301 |  0.91 |  1.09 |  0.54 |  0.50 |  1.00 |  1.06 |  0.98
        5301 |  0.91 |  1.09 |  0.54 |  0.50 |  1.00 |  1.06 |  0.98
        5301 |  0.91 |  1.09 |  0.54 |  0.50 |  1.00 |  1.06 |  0.98
        5301 |  0.91 |  1.09 |  0.54 |  0.50 |  1.00 |  1.06 |  0.98
        5301 |  0.91 |  1.09 |  0.54 |  0.50 |  1.00 |  1.06 |  0.98
        5301 |  0.91 |  1.09 |  0.54 |  0.50 |  1.00 |  1.06 |  0.98
        5301 |  0.91 |  1.09 |  0.54 |  0.50 |  1.00 |  1.06 |  0.98
        5301 |  0.91 |  1.09 |  0.54 |  0.50 |  1.00 |  1.06 |  0.98
        5301 |  0.91 |  1.09 |  0.54 |  0.50 |  1.00 |  1.06 |  0.98
        5301 |  0.91 |  1.09 |  0.54 |  0.50 |  1.00 |  1.06 |  0.98
        5301 |  0.91 |  1.09 |  0.54 |  0.50 |  1.00 |  1.06 |  0.98
        5301 |  0.91 |  1.09 |  0.54 |  0.50 |  1.00 |  1.06 |  0.98
        5301 |  0.91 |  1.09 |  0.54 |  0.50 |  1.00 |  1.06 |  0.98
        5301 |  0.91 |  1.09 |  0.54 |  0.50 |  1.00 |  1.06 |  0.98
        5301 |  0.91 |  1.09 |  0.54 |  0.50 |  1.00 |  1.06 |  0.98
        5301 |  0.91 |  1.09 |  0.54 |  0.50 |  1.00 |  1.06 |  0.98
        5301 |  0.91 |  1.09 |  0.54 |  0.50 |  1.00 |  1.06 |  0.98
        5301 |  0.91 |  1.09 |  0.54 |  0.50 |  1.00 |  1.06 |  0.98
        5301 |  0.91 |  1.09 |  0.54 |  0.50 |  1.00 |  1.06 |  0.98
        5301 |  0.91 |  1.09 |  0.54 |  0.50 |  1.00 |  1.06 |  0.98
        5301 |  0.91 |  1.09 |  0.54 |  0.50 |  1.00 |  1.06 |  0.98
        5301 |  0.91 |  1.09 |  0.54 |  0.50 |  1.00 |  1.06 |  0.98
        5301 |  0.91 |  1.09 |  0.54 |  0.50 |  1.00 |  1.06 |  0.98
        5301 |  0.91 |  1.09 |  0.54 |  0.50 |  1.00 |  1.06 |  0.98
        5301 |  0.91 |  1.09 |  0.54 |  0.50 |  1.00 |  1.06 |  0.98
        5301 |  0.91 |  1.09 |  0.54 |  0.50 |  1.00 |  1.06 |  0.98
        5301 |  0.91 |  1.09 |  0.54 |  0.50 |  1.00 |  1.06 |  0.98
        5301 |  0.91 |  1.09 |  0.54 |  0.50 |  1.00 |  1.06 |  0.98
        5301 |  0.91 |  1.09 |  0.54 |  0.50 |  1.00 |  1.06 |  0.98
        5301 |  0.91 |  1.09 |  0.54 |  0.50 |  1.00 |  1.06 |  0.98
        5301 |  0.91 |  1.09 |  0.54 |  0.50 |  1.00 |  1.06 |  0.98
        5301 |  0.91 |  1.09 |  0.54 |  0.50 |  1.00 |  1.06 |  0.98
        5301 |  0.91 |  1.09 |  0.54 |  0.50 |  1.00 |  1.06 |  0.98
        5302 |  1.02 |  1.05 |  0.92 |  1.04 |  0.89 |  0.94 |  1.04
        5302 |  1.02 |  1.05 |  0.92 |  1.04 |  0.89 |  0.94 |  1.04
        5302 |  1.02 |  1.05 |  0.92 |  1.04 |  0.89 |  0.94 |  1.04
        5302 |  1.02 |  1.05 |  0.92 |  1.04 |  0.89 |  0.94 |  1.04
        5302 |  1.02 |  1.05 |  0.92 |  1.04 |  0.89 |  0.94 |  1.04
        5302 |  1.02 |  1.05 |  0.92 |  1.04 |  0.89 |  0.94 |  1.04
        5302 |  1.02 |  1.05 |  0.92 |  1.04 |  0.89 |  0.94 |  1.04
        5302 |  1.02 |  1.05 |  0.92 |  1.04 |  0.89 |  0.94 |  1.04
        5302 |  1.02 |  1.05 |  0.92 |  1.04 |  0.89 |  0.94 |  1.04
        5302 |  1.02 |  1.05 |  0.92 |  1.04 |  0.89 |  0.94 |  1.04
        5302 |  1.02 |  1.05 |  0.92 |  1.04 |  0.89 |  0.94 |  1.04
        5302 |  1.02 |  1.05 |  0.92 |  1.04 |  0.89 |  0.94 |  1.04
        5302 |  1.02 |  1.05 |  0.92 |  1.04 |  0.89 |  0.94 |  1.04
        5302 |  1.02 |  1.05 |  0.92 |  1.04 |  0.89 |  0.94 |  1.04
        5302 |  1.02 |  1.05 |  0.92 |  1.04 |  0.89 |  0.94 |  1.04
        5302 |  1.02 |  1.05 |  0.92 |  1.04 |  0.89 |  0.94 |  1.04
        5302 |  1.02 |  1.05 |  0.92 |  1.04 |  0.89 |  0.94 |  1.04
        5302 |  1.02 |  1.05 |  0.92 |  1.04 |  0.89 |  0.94 |  1.04
        5302 |  1.02 |  1.05 |  0.92 |  1.04 |  0.89 |  0.94 |  1.04
        5302 |  1.02 |  1.05 |  0.92 |  1.04 |  0.89 |  0.94 |  1.04
        5302 |  1.02 |  1.05 |  0.92 |  1.04 |  0.89 |  0.94 |  1.04
        5302 |  1.02 |  1.05 |  0.92 |  1.04 |  0.89 |  0.94 |  1.04
        5302 |  1.02 |  1.05 |  0.92 |  1.04 |  0.89 |  0.94 |  1.04
        5302 |  1.02 |  1.05 |  0.92 |  1.04 |  0.89 |  0.94 |  1.04
        5302 |  1.02 |  1.05 |  0.92 |  1.04 |  0.89 |  0.94 |  1.04
        5302 |  1.02 |  1.05 |  0.92 |  1.04 |  0.89 |  0.94 |  1.04
        5302 |  1.02 |  1.05 |  0.92 |  1.04 |  0.89 |  0.94 |  1.04
        5302 |  1.02 |  1.05 |  0.92 |  1.04 |  0.89 |  0.94 |  1.04
        5302 |  1.02 |  1.05 |  0.92 |  1.04 |  0.89 |  0.94 |  1.04
        5302 |  1.02 |  1.05 |  0.92 |  1.04 |  0.89 |  0.94 |  1.04
        5302 |  1.02 |  1.05 |  0.92 |  1.04 |  0.89 |  0.94 |  1.04
        5302 |  1.02 |  1.05 |  0.92 |  1.04 |  0.89 |  0.94 |  1.04
        5302 |  1.02 |  1.05 |  0.92 |  1.04 |  0.89 |  0.94 |  1.04
        5302 |  1.02 |  1.05 |  0.92 |  1.04 |  0.89 |  0.94 |  1.04
        5302 |  1.02 |  1.05 |  0.92 |  1.04 |  0.89 |  0.94 |  1.04
        5302 |  1.02 |  1.05 |  0.92 |  1.04 |  0.89 |  0.94 |  1.04
        5302 |  1.02 |  1.05 |  0.92 |  1.04 |  0.89 |  0.94 |  1.04
        5302 |  1.02 |  1.05 |  0.92 |  1.04 |  0.89 |  0.94 |  1.04
        5302 |  1.02 |  1.05 |  0.92 |  1.04 |  0.89 |  0.94 |  1.04
        5302 |  1.02 |  1.05 |  0.92 |  1.04 |  0.89 |  0.94 |  1.04
        5302 |  1.02 |  1.05 |  0.92 |  1.04 |  0.89 |  0.94 |  1.04
        5302 |  1.02 |  1.05 |  0.92 |  1.04 |  0.89 |  0.94 |  1.04
        5302 |  1.02 |  1.05 |  0.92 |  1.04 |  0.89 |  0.94 |  1.04
        5302 |  1.02 |  1.05 |  0.92 |  1.04 |  0.89 |  0.94 |  1.04
        5302 |  1.02 |  1.05 |  0.92 |  1.04 |  0.89 |  0.94 |  1.04
        5302 |  1.02 |  1.05 |  0.92 |  1.04 |  0.89 |  0.94 |  1.04
        5302 |  1.02 |  1.05 |  0.92 |  1.04 |  0.89 |  0.94 |  1.04
        5302 |  1.02 |  1.05 |  0.92 |  1.04 |  0.89 |  0.94 |  1.04
        5302 |  1.02 |  1.05 |  0.92 |  1.04 |  0.89 |  0.94 |  1.04
        5303 |  1.02 |  0.91 |  0.85 |  1.00 |  0.88 |  0.92 |  0.96
        5303 |  1.02 |  0.91 |  0.85 |  1.00 |  0.88 |  0.92 |  0.96
        5303 |  1.02 |  0.91 |  0.85 |  1.00 |  0.88 |  0.92 |  0.96
        5303 |  1.02 |  0.91 |  0.85 |  1.00 |  0.88 |  0.92 |  0.96
        5303 |  1.02 |  0.91 |  0.85 |  1.00 |  0.88 |  0.92 |  0.96
        5303 |  1.02 |  0.91 |  0.85 |  1.00 |  0.88 |  0.92 |  0.96
        5303 |  1.02 |  0.91 |  0.85 |  1.00 |  0.88 |  0.92 |  0.96
        5303 |  1.02 |  0.91 |  0.85 |  1.00 |  0.88 |  0.92 |  0.96
        5303 |  1.02 |  0.91 |  0.85 |  1.00 |  0.88 |  0.92 |  0.96
        5303 |  1.02 |  0.91 |  0.85 |  1.00 |  0.88 |  0.92 |  0.96
        5303 |  1.02 |  0.91 |  0.85 |  1.00 |  0.88 |  0.92 |  0.96
        5303 |  1.02 |  0.91 |  0.85 |  1.00 |  0.88 |  0.92 |  0.96
        5303 |  1.02 |  0.91 |  0.85 |  1.00 |  0.88 |  0.92 |  0.96
        5303 |  1.02 |  0.91 |  0.85 |  1.00 |  0.88 |  0.92 |  0.96
        5303 |  1.02 |  0.91 |  0.85 |  1.00 |  0.88 |  0.92 |  0.96
        5303 |  1.02 |  0.91 |  0.85 |  1.00 |  0.88 |  0.92 |  0.96
        5303 |  1.02 |  0.91 |  0.85 |  1.00 |  0.88 |  0.92 |  0.96
        5303 |  1.02 |  0.91 |  0.85 |  1.00 |  0.88 |  0.92 |  0.96
        5303 |  1.02 |  0.91 |  0.85 |  1.00 |  0.88 |  0.92 |  0.96
        5303 |  1.02 |  0.91 |  0.85 |  1.00 |  0.88 |  0.92 |  0.96
        5303 |  1.02 |  0.91 |  0.85 |  1.00 |  0.88 |  0.92 |  0.96
        5303 |  1.02 |  0.91 |  0.85 |  1.00 |  0.88 |  0.92 |  0.96
        5303 |  1.02 |  0.91 |  0.85 |  1.00 |  0.88 |  0.92 |  0.96
        5303 |  1.02 |  0.91 |  0.85 |  1.00 |  0.88 |  0.92 |  0.96
        5303 |  1.02 |  0.91 |  0.85 |  1.00 |  0.88 |  0.92 |  0.96
        5303 |  1.02 |  0.91 |  0.85 |  1.00 |  0.88 |  0.92 |  0.96
        5303 |  1.02 |  0.91 |  0.85 |  1.00 |  0.88 |  0.92 |  0.96
        5303 |  1.02 |  0.91 |  0.85 |  1.00 |  0.88 |  0.92 |  0.96
        5303 |  1.02 |  0.91 |  0.85 |  1.00 |  0.88 |  0.92 |  0.96
        5303 |  1.02 |  0.91 |  0.85 |  1.00 |  0.88 |  0.92 |  0.96
        5303 |  1.02 |  0.91 |  0.85 |  1.00 |  0.88 |  0.92 |  0.96
        5303 |  1.02 |  0.91 |  0.85 |  1.00 |  0.88 |  0.92 |  0.96
        5303 |  1.02 |  0.91 |  0.85 |  1.00 |  0.88 |  0.92 |  0.96
        5303 |  1.02 |  0.91 |  0.85 |  1.00 |  0.88 |  0.92 |  0.96
        5303 |  1.02 |  0.91 |  0.85 |  1.00 |  0.88 |  0.92 |  0.96
        5303 |  1.02 |  0.91 |  0.85 |  1.00 |  0.88 |  0.92 |  0.96
        5303 |  1.02 |  0.91 |  0.85 |  1.00 |  0.88 |  0.92 |  0.96
        5303 |  1.02 |  0.91 |  0.85 |  1.00 |  0.88 |  0.92 |  0.96
        5303 |  1.02 |  0.91 |  0.85 |  1.00 |  0.88 |  0.92 |  0.96
        5303 |  1.02 |  0.91 |  0.85 |  1.00 |  0.88 |  0.92 |  0.96
        5303 |  1.02 |  0.91 |  0.85 |  1.00 |  0.88 |  0.92 |  0.96
        5303 |  1.02 |  0.91 |  0.85 |  1.00 |  0.88 |  0.92 |  0.96
        5303 |  1.02 |  0.91 |  0.85 |  1.00 |  0.88 |  0.92 |  0.96
        5303 |  1.02 |  0.91 |  0.85 |  1.00 |  0.88 |  0.92 |  0.96
        5303 |  1.02 |  0.91 |  0.85 |  1.00 |  0.88 |  0.92 |  0.96
        5303 |  1.02 |  0.91 |  0.85 |  1.00 |  0.88 |  0.92 |  0.96
        5303 |  1.02 |  0.91 |  0.85 |  1.00 |  0.88 |  0.92 |  0.96
        5303 |  1.02 |  0.91 |  0.85 |  1.00 |  0.88 |  0.92 |  0.96
        5303 |  1.02 |  0.91 |  0.85 |  1.00 |  0.88 |  0.92 |  0.96
        5304 |  0.97 |  1.04 |  0.91 |  0.97 |  1.04 |  0.84 |  0.96
        5304 |  0.97 |  1.04 |  0.91 |  0.97 |  1.04 |  0.84 |  0.96
        5304 |  0.97 |  1.04 |  0.91 |  0.97 |  1.04 |  0.84 |  0.96
        5304 |  0.97 |  1.04 |  0.91 |  0.97 |  1.04 |  0.84 |  0.96
        5304 |  0.97 |  1.04 |  0.91 |  0.97 |  1.04 |  0.84 |  0.96
        5304 |  0.97 |  1.04 |  0.91 |  0.97 |  1.04 |  0.84 |  0.96
        5304 |  0.97 |  1.04 |  0.91 |  0.97 |  1.04 |  0.84 |  0.96
        5304 |  0.97 |  1.04 |  0.91 |  0.97 |  1.04 |  0.84 |  0.96
        5304 |  0.97 |  1.04 |  0.91 |  0.97 |  1.04 |  0.84 |  0.96
        5304 |  0.97 |  1.04 |  0.91 |  0.97 |  1.04 |  0.84 |  0.96
        5304 |  0.97 |  1.04 |  0.91 |  0.97 |  1.04 |  0.84 |  0.96
        5304 |  0.97 |  1.04 |  0.91 |  0.97 |  1.04 |  0.84 |  0.96
        5304 |  0.97 |  1.04 |  0.91 |  0.97 |  1.04 |  0.84 |  0.96
        5304 |  0.97 |  1.04 |  0.91 |  0.97 |  1.04 |  0.84 |  0.96
        5304 |  0.97 |  1.04 |  0.91 |  0.97 |  1.04 |  0.84 |  0.96
        5304 |  0.97 |  1.04 |  0.91 |  0.97 |  1.04 |  0.84 |  0.96
        5304 |  0.97 |  1.04 |  0.91 |  0.97 |  1.04 |  0.84 |  0.96
        5304 |  0.97 |  1.04 |  0.91 |  0.97 |  1.04 |  0.84 |  0.96
        5304 |  0.97 |  1.04 |  0.91 |  0.97 |  1.04 |  0.84 |  0.96
        5304 |  0.97 |  1.04 |  0.91 |  0.97 |  1.04 |  0.84 |  0.96
        5304 |  0.97 |  1.04 |  0.91 |  0.97 |  1.04 |  0.84 |  0.96
        5304 |  0.97 |  1.04 |  0.91 |  0.97 |  1.04 |  0.84 |  0.96
        5304 |  0.97 |  1.04 |  0.91 |  0.97 |  1.04 |  0.84 |  0.96
        5304 |  0.97 |  1.04 |  0.91 |  0.97 |  1.04 |  0.84 |  0.96
        5304 |  0.97 |  1.04 |  0.91 |  0.97 |  1.04 |  0.84 |  0.96
        5304 |  0.97 |  1.04 |  0.91 |  0.97 |  1.04 |  0.84 |  0.96
        5304 |  0.97 |  1.04 |  0.91 |  0.97 |  1.04 |  0.84 |  0.96
        5304 |  0.97 |  1.04 |  0.91 |  0.97 |  1.04 |  0.84 |  0.96
        5304 |  0.97 |  1.04 |  0.91 |  0.97 |  1.04 |  0.84 |  0.96
        5304 |  0.97 |  1.04 |  0.91 |  0.97 |  1.04 |  0.84 |  0.96
        5304 |  0.97 |  1.04 |  0.91 |  0.97 |  1.04 |  0.84 |  0.96
        5304 |  0.97 |  1.04 |  0.91 |  0.97 |  1.04 |  0.84 |  0.96
        5304 |  0.97 |  1.04 |  0.91 |  0.97 |  1.04 |  0.84 |  0.96
        5304 |  0.97 |  1.04 |  0.91 |  0.97 |  1.04 |  0.84 |  0.96
        5304 |  0.97 |  1.04 |  0.91 |  0.97 |  1.04 |  0.84 |  0.96
        5304 |  0.97 |  1.04 |  0.91 |  0.97 |  1.04 |  0.84 |  0.96
        5304 |  0.97 |  1.04 |  0.91 |  0.97 |  1.04 |  0.84 |  0.96
        5304 |  0.97 |  1.04 |  0.91 |  0.97 |  1.04 |  0.84 |  0.96
        5304 |  0.97 |  1.04 |  0.91 |  0.97 |  1.04 |  0.84 |  0.96
        5304 |  0.97 |  1.04 |  0.91 |  0.97 |  1.04 |  0.84 |  0.96
        5304 |  0.97 |  1.04 |  0.91 |  0.97 |  1.04 |  0.84 |  0.96
        5304 |  0.97 |  1.04 |  0.91 |  0.97 |  1.04 |  0.84 |  0.96
        5304 |  0.97 |  1.04 |  0.91 |  0.97 |  1.04 |  0.84 |  0.96
        5304 |  0.97 |  1.04 |  0.91 |  0.97 |  1.04 |  0.84 |  0.96
        5304 |  0.97 |  1.04 |  0.91 |  0.97 |  1.04 |  0.84 |  0.96
        5304 |  0.97 |  1.04 |  0.91 |  0.97 |  1.04 |  0.84 |  0.96
        5304 |  0.97 |  1.04 |  0.91 |  0.97 |  1.04 |  0.84 |  0.96
        5304 |  0.97 |  1.04 |  0.91 |  0.97 |  1.04 |  0.84 |  0.96
        5304 |  0.97 |  1.04 |  0.91 |  0.97 |  1.04 |  0.84 |  0.96
        5305 |  0.99 |  1.04 |  0.84 |  0.91 |  0.96 |  0.86 |  0.98
        5305 |  0.99 |  1.04 |  0.84 |  0.91 |  0.96 |  0.86 |  0.98
        5305 |  0.99 |  1.04 |  0.84 |  0.91 |  0.96 |  0.86 |  0.98
        5305 |  0.99 |  1.04 |  0.84 |  0.91 |  0.96 |  0.86 |  0.98
        5305 |  0.99 |  1.04 |  0.84 |  0.91 |  0.96 |  0.86 |  0.98
        5305 |  0.99 |  1.04 |  0.84 |  0.91 |  0.96 |  0.86 |  0.98
        5305 |  0.99 |  1.04 |  0.84 |  0.91 |  0.96 |  0.86 |  0.98
        5305 |  0.99 |  1.04 |  0.84 |  0.91 |  0.96 |  0.86 |  0.98
        5305 |  0.99 |  1.04 |  0.84 |  0.91 |  0.96 |  0.86 |  0.98
        5305 |  0.99 |  1.04 |  0.84 |  0.91 |  0.96 |  0.86 |  0.98
        5305 |  0.99 |  1.04 |  0.84 |  0.91 |  0.96 |  0.86 |  0.98
        5305 |  0.99 |  1.04 |  0.84 |  0.91 |  0.96 |  0.86 |  0.98
        5305 |  0.99 |  1.04 |  0.84 |  0.91 |  0.96 |  0.86 |  0.98
        5305 |  0.99 |  1.04 |  0.84 |  0.91 |  0.96 |  0.86 |  0.98
        5305 |  0.99 |  1.04 |  0.84 |  0.91 |  0.96 |  0.86 |  0.98
        5305 |  0.99 |  1.04 |  0.84 |  0.91 |  0.96 |  0.86 |  0.98
        5305 |  0.99 |  1.04 |  0.84 |  0.91 |  0.96 |  0.86 |  0.98
        5305 |  0.99 |  1.04 |  0.84 |  0.91 |  0.96 |  0.86 |  0.98
        5305 |  0.99 |  1.04 |  0.84 |  0.91 |  0.96 |  0.86 |  0.98
        5305 |  0.99 |  1.04 |  0.84 |  0.91 |  0.96 |  0.86 |  0.98
        5305 |  0.99 |  1.04 |  0.84 |  0.91 |  0.96 |  0.86 |  0.98
        5305 |  0.99 |  1.04 |  0.84 |  0.91 |  0.96 |  0.86 |  0.98
        5305 |  0.99 |  1.04 |  0.84 |  0.91 |  0.96 |  0.86 |  0.98
        5305 |  0.99 |  1.04 |  0.84 |  0.91 |  0.96 |  0.86 |  0.98
        5305 |  0.99 |  1.04 |  0.84 |  0.91 |  0.96 |  0.86 |  0.98
        5305 |  0.99 |  1.04 |  0.84 |  0.91 |  0.96 |  0.86 |  0.98
        5305 |  0.99 |  1.04 |  0.84 |  0.91 |  0.96 |  0.86 |  0.98
        5305 |  0.99 |  1.04 |  0.84 |  0.91 |  0.96 |  0.86 |  0.98
        5305 |  0.99 |  1.04 |  0.84 |  0.91 |  0.96 |  0.86 |  0.98
        5305 |  0.99 |  1.04 |  0.84 |  0.91 |  0.96 |  0.86 |  0.98
        5305 |  0.99 |  1.04 |  0.84 |  0.91 |  0.96 |  0.86 |  0.98
        5305 |  0.99 |  1.04 |  0.84 |  0.91 |  0.96 |  0.86 |  0.98
        5305 |  0.99 |  1.04 |  0.84 |  0.91 |  0.96 |  0.86 |  0.98
        5305 |  0.99 |  1.04 |  0.84 |  0.91 |  0.96 |  0.86 |  0.98
        5305 |  0.99 |  1.04 |  0.84 |  0.91 |  0.96 |  0.86 |  0.98
        5305 |  0.99 |  1.04 |  0.84 |  0.91 |  0.96 |  0.86 |  0.98
        5305 |  0.99 |  1.04 |  0.84 |  0.91 |  0.96 |  0.86 |  0.98
        5305 |  0.99 |  1.04 |  0.84 |  0.91 |  0.96 |  0.86 |  0.98
        5305 |  0.99 |  1.04 |  0.84 |  0.91 |  0.96 |  0.86 |  0.98
        5305 |  0.99 |  1.04 |  0.84 |  0.91 |  0.96 |  0.86 |  0.98
        5305 |  0.99 |  1.04 |  0.84 |  0.91 |  0.96 |  0.86 |  0.98
        5305 |  0.99 |  1.04 |  0.84 |  0.91 |  0.96 |  0.86 |  0.98
        5305 |  0.99 |  1.04 |  0.84 |  0.91 |  0.96 |  0.86 |  0.98
        5305 |  0.99 |  1.04 |  0.84 |  0.91 |  0.96 |  0.86 |  0.98
        5305 |  0.99 |  1.04 |  0.84 |  0.91 |  0.96 |  0.86 |  0.98
        5305 |  0.99 |  1.04 |  0.84 |  0.91 |  0.96 |  0.86 |  0.98
        5305 |  0.99 |  1.04 |  0.84 |  0.91 |  0.96 |  0.86 |  0.98
        5305 |  0.99 |  1.04 |  0.84 |  0.91 |  0.96 |  0.86 |  0.98
        5305 |  0.99 |  1.04 |  0.84 |  0.91 |  0.96 |  0.86 |  0.98
        5306 |  0.96 |  0.93 |  0.95 |  0.91 |  0.98 |  1.02 |  1.02
        5306 |  0.96 |  0.93 |  0.95 |  0.91 |  0.98 |  1.02 |  1.02
        5306 |  0.96 |  0.93 |  0.95 |  0.91 |  0.98 |  1.02 |  1.02
        5306 |  0.96 |  0.93 |  0.95 |  0.91 |  0.98 |  1.02 |  1.02
        5306 |  0.96 |  0.93 |  0.95 |  0.91 |  0.98 |  1.02 |  1.02
        5306 |  0.96 |  0.93 |  0.95 |  0.91 |  0.98 |  1.02 |  1.02
        5306 |  0.96 |  0.93 |  0.95 |  0.91 |  0.98 |  1.02 |  1.02
        5306 |  0.96 |  0.93 |  0.95 |  0.91 |  0.98 |  1.02 |  1.02
        5306 |  0.96 |  0.93 |  0.95 |  0.91 |  0.98 |  1.02 |  1.02
        5306 |  0.96 |  0.93 |  0.95 |  0.91 |  0.98 |  1.02 |  1.02
        5306 |  0.96 |  0.93 |  0.95 |  0.91 |  0.98 |  1.02 |  1.02
        5306 |  0.96 |  0.93 |  0.95 |  0.91 |  0.98 |  1.02 |  1.02
        5306 |  0.96 |  0.93 |  0.95 |  0.91 |  0.98 |  1.02 |  1.02
        5306 |  0.96 |  0.93 |  0.95 |  0.91 |  0.98 |  1.02 |  1.02
        5306 |  0.96 |  0.93 |  0.95 |  0.91 |  0.98 |  1.02 |  1.02
        5306 |  0.96 |  0.93 |  0.95 |  0.91 |  0.98 |  1.02 |  1.02
        5306 |  0.96 |  0.93 |  0.95 |  0.91 |  0.98 |  1.02 |  1.02
        5306 |  0.96 |  0.93 |  0.95 |  0.91 |  0.98 |  1.02 |  1.02
        5306 |  0.96 |  0.93 |  0.95 |  0.91 |  0.98 |  1.02 |  1.02
        5306 |  0.96 |  0.93 |  0.95 |  0.91 |  0.98 |  1.02 |  1.02
        5306 |  0.96 |  0.93 |  0.95 |  0.91 |  0.98 |  1.02 |  1.02
        5306 |  0.96 |  0.93 |  0.95 |  0.91 |  0.98 |  1.02 |  1.02
        5306 |  0.96 |  0.93 |  0.95 |  0.91 |  0.98 |  1.02 |  1.02
        5306 |  0.96 |  0.93 |  0.95 |  0.91 |  0.98 |  1.02 |  1.02
        5306 |  0.96 |  0.93 |  0.95 |  0.91 |  0.98 |  1.02 |  1.02
        5306 |  0.96 |  0.93 |  0.95 |  0.91 |  0.98 |  1.02 |  1.02
        5306 |  0.96 |  0.93 |  0.95 |  0.91 |  0.98 |  1.02 |  1.02
        5306 |  0.96 |  0.93 |  0.95 |  0.91 |  0.98 |  1.02 |  1.02
        5306 |  0.96 |  0.93 |  0.95 |  0.91 |  0.98 |  1.02 |  1.02
        5306 |  0.96 |  0.93 |  0.95 |  0.91 |  0.98 |  1.02 |  1.02
        5306 |  0.96 |  0.93 |  0.95 |  0.91 |  0.98 |  1.02 |  1.02
        5306 |  0.96 |  0.93 |  0.95 |  0.91 |  0.98 |  1.02 |  1.02
        5306 |  0.96 |  0.93 |  0.95 |  0.91 |  0.98 |  1.02 |  1.02
        5306 |  0.96 |  0.93 |  0.95 |  0.91 |  0.98 |  1.02 |  1.02
        5306 |  0.96 |  0.93 |  0.95 |  0.91 |  0.98 |  1.02 |  1.02
        5306 |  0.96 |  0.93 |  0.95 |  0.91 |  0.98 |  1.02 |  1.02
        5306 |  0.96 |  0.93 |  0.95 |  0.91 |  0.98 |  1.02 |  1.02
        5306 |  0.96 |  0.93 |  0.95 |  0.91 |  0.98 |  1.02 |  1.02
        5306 |  0.96 |  0.93 |  0.95 |  0.91 |  0.98 |  1.02 |  1.02
        5306 |  0.96 |  0.93 |  0.95 |  0.91 |  0.98 |  1.02 |  1.02
        5306 |  0.96 |  0.93 |  0.95 |  0.91 |  0.98 |  1.02 |  1.02
        5306 |  0.96 |  0.93 |  0.95 |  0.91 |  0.98 |  1.02 |  1.02
        5306 |  0.96 |  0.93 |  0.95 |  0.91 |  0.98 |  1.02 |  1.02
        5306 |  0.96 |  0.93 |  0.95 |  0.91 |  0.98 |  1.02 |  1.02
        5306 |  0.96 |  0.93 |  0.95 |  0.91 |  0.98 |  1.02 |  1.02
        5306 |  0.96 |  0.93 |  0.95 |  0.91 |  0.98 |  1.02 |  1.02
        5306 |  0.96 |  0.93 |  0.95 |  0.91 |  0.98 |  1.02 |  1.02
        5306 |  0.96 |  0.93 |  0.95 |  0.91 |  0.98 |  1.02 |  1.02
        5306 |  0.96 |  0.93 |  0.95 |  0.91 |  0.98 |  1.02 |  1.02
        5307 |  0.96 |  0.96 |  0.91 |  0.96 |  1.08 |  0.92 |  0.88
        5307 |  0.96 |  0.96 |  0.91 |  0.96 |  1.08 |  0.92 |  0.88
        5307 |  0.96 |  0.96 |  0.91 |  0.96 |  1.08 |  0.92 |  0.88
        5307 |  0.96 |  0.96 |  0.91 |  0.96 |  1.08 |  0.92 |  0.88
        5307 |  0.96 |  0.96 |  0.91 |  0.96 |  1.08 |  0.92 |  0.88
        5307 |  0.96 |  0.96 |  0.91 |  0.96 |  1.08 |  0.92 |  0.88
        5307 |  0.96 |  0.96 |  0.91 |  0.96 |  1.08 |  0.92 |  0.88
        5307 |  0.96 |  0.96 |  0.91 |  0.96 |  1.08 |  0.92 |  0.88
        5307 |  0.96 |  0.96 |  0.91 |  0.96 |  1.08 |  0.92 |  0.88
        5307 |  0.96 |  0.96 |  0.91 |  0.96 |  1.08 |  0.92 |  0.88
        5307 |  0.96 |  0.96 |  0.91 |  0.96 |  1.08 |  0.92 |  0.88
        5307 |  0.96 |  0.96 |  0.91 |  0.96 |  1.08 |  0.92 |  0.88
        5307 |  0.96 |  0.96 |  0.91 |  0.96 |  1.08 |  0.92 |  0.88
        5307 |  0.96 |  0.96 |  0.91 |  0.96 |  1.08 |  0.92 |  0.88
        5307 |  0.96 |  0.96 |  0.91 |  0.96 |  1.08 |  0.92 |  0.88
        5307 |  0.96 |  0.96 |  0.91 |  0.96 |  1.08 |  0.92 |  0.88
        5307 |  0.96 |  0.96 |  0.91 |  0.96 |  1.08 |  0.92 |  0.88
        5307 |  0.96 |  0.96 |  0.91 |  0.96 |  1.08 |  0.92 |  0.88
        5307 |  0.96 |  0.96 |  0.91 |  0.96 |  1.08 |  0.92 |  0.88
        5307 |  0.96 |  0.96 |  0.91 |  0.96 |  1.08 |  0.92 |  0.88
        5307 |  0.96 |  0.96 |  0.91 |  0.96 |  1.08 |  0.92 |  0.88
        5307 |  0.96 |  0.96 |  0.91 |  0.96 |  1.08 |  0.92 |  0.88
        5307 |  0.96 |  0.96 |  0.91 |  0.96 |  1.08 |  0.92 |  0.88
        5307 |  0.96 |  0.96 |  0.91 |  0.96 |  1.08 |  0.92 |  0.88
        5307 |  0.96 |  0.96 |  0.91 |  0.96 |  1.08 |  0.92 |  0.88
        5307 |  0.96 |  0.96 |  0.91 |  0.96 |  1.08 |  0.92 |  0.88
        5307 |  0.96 |  0.96 |  0.91 |  0.96 |  1.08 |  0.92 |  0.88
        5307 |  0.96 |  0.96 |  0.91 |  0.96 |  1.08 |  0.92 |  0.88
        5307 |  0.96 |  0.96 |  0.91 |  0.96 |  1.08 |  0.92 |  0.88
        5307 |  0.96 |  0.96 |  0.91 |  0.96 |  1.08 |  0.92 |  0.88
        5307 |  0.96 |  0.96 |  0.91 |  0.96 |  1.08 |  0.92 |  0.88
        5307 |  0.96 |  0.96 |  0.91 |  0.96 |  1.08 |  0.92 |  0.88
        5307 |  0.96 |  0.96 |  0.91 |  0.96 |  1.08 |  0.92 |  0.88
        5307 |  0.96 |  0.96 |  0.91 |  0.96 |  1.08 |  0.92 |  0.88
        5307 |  0.96 |  0.96 |  0.91 |  0.96 |  1.08 |  0.92 |  0.88
        5307 |  0.96 |  0.96 |  0.91 |  0.96 |  1.08 |  0.92 |  0.88
        5307 |  0.96 |  0.96 |  0.91 |  0.96 |  1.08 |  0.92 |  0.88
        5307 |  0.96 |  0.96 |  0.91 |  0.96 |  1.08 |  0.92 |  0.88
        5307 |  0.96 |  0.96 |  0.91 |  0.96 |  1.08 |  0.92 |  0.88
        5307 |  0.96 |  0.96 |  0.91 |  0.96 |  1.08 |  0.92 |  0.88
        5307 |  0.96 |  0.96 |  0.91 |  0.96 |  1.08 |  0.92 |  0.88
        5307 |  0.96 |  0.96 |  0.91 |  0.96 |  1.08 |  0.92 |  0.88
        5307 |  0.96 |  0.96 |  0.91 |  0.96 |  1.08 |  0.92 |  0.88
        5307 |  0.96 |  0.96 |  0.91 |  0.96 |  1.08 |  0.92 |  0.88
        5307 |  0.96 |  0.96 |  0.91 |  0.96 |  1.08 |  0.92 |  0.88
        5307 |  0.96 |  0.96 |  0.91 |  0.96 |  1.08 |  0.92 |  0.88
        5307 |  0.96 |  0.96 |  0.91 |  0.96 |  1.08 |  0.92 |  0.88
        5307 |  0.96 |  0.96 |  0.91 |  0.96 |  1.08 |  0.92 |  0.88
        5307 |  0.96 |  0.96 |  0.91 |  0.96 |  1.08 |  0.92 |  0.88
        5308 |  1.13 |  1.09 |  1.02 |  1.02 |  1.00 |  0.93 |  1.00
        5308 |  1.13 |  1.09 |  1.02 |  1.02 |  1.00 |  0.93 |  1.00
        5308 |  1.13 |  1.09 |  1.02 |  1.02 |  1.00 |  0.93 |  1.00
        5308 |  1.13 |  1.09 |  1.02 |  1.02 |  1.00 |  0.93 |  1.00
        5308 |  1.13 |  1.09 |  1.02 |  1.02 |  1.00 |  0.93 |  1.00
        5308 |  1.13 |  1.09 |  1.02 |  1.02 |  1.00 |  0.93 |  1.00
        5308 |  1.13 |  1.09 |  1.02 |  1.02 |  1.00 |  0.93 |  1.00
        5308 |  1.13 |  1.09 |  1.02 |  1.02 |  1.00 |  0.93 |  1.00
        5308 |  1.13 |  1.09 |  1.02 |  1.02 |  1.00 |  0.93 |  1.00
        5308 |  1.13 |  1.09 |  1.02 |  1.02 |  1.00 |  0.93 |  1.00
        5308 |  1.13 |  1.09 |  1.02 |  1.02 |  1.00 |  0.93 |  1.00
        5308 |  1.13 |  1.09 |  1.02 |  1.02 |  1.00 |  0.93 |  1.00
        5308 |  1.13 |  1.09 |  1.02 |  1.02 |  1.00 |  0.93 |  1.00
        5308 |  1.13 |  1.09 |  1.02 |  1.02 |  1.00 |  0.93 |  1.00
        5308 |  1.13 |  1.09 |  1.02 |  1.02 |  1.00 |  0.93 |  1.00
        5308 |  1.13 |  1.09 |  1.02 |  1.02 |  1.00 |  0.93 |  1.00
        5308 |  1.13 |  1.09 |  1.02 |  1.02 |  1.00 |  0.93 |  1.00
        5308 |  1.13 |  1.09 |  1.02 |  1.02 |  1.00 |  0.93 |  1.00
        5308 |  1.13 |  1.09 |  1.02 |  1.02 |  1.00 |  0.93 |  1.00
        5308 |  1.13 |  1.09 |  1.02 |  1.02 |  1.00 |  0.93 |  1.00
        5308 |  1.13 |  1.09 |  1.02 |  1.02 |  1.00 |  0.93 |  1.00
        5308 |  1.13 |  1.09 |  1.02 |  1.02 |  1.00 |  0.93 |  1.00
        5308 |  1.13 |  1.09 |  1.02 |  1.02 |  1.00 |  0.93 |  1.00
        5308 |  1.13 |  1.09 |  1.02 |  1.02 |  1.00 |  0.93 |  1.00
        5308 |  1.13 |  1.09 |  1.02 |  1.02 |  1.00 |  0.93 |  1.00
        5308 |  1.13 |  1.09 |  1.02 |  1.02 |  1.00 |  0.93 |  1.00
        5308 |  1.13 |  1.09 |  1.02 |  1.02 |  1.00 |  0.93 |  1.00
        5308 |  1.13 |  1.09 |  1.02 |  1.02 |  1.00 |  0.93 |  1.00
        5308 |  1.13 |  1.09 |  1.02 |  1.02 |  1.00 |  0.93 |  1.00
        5308 |  1.13 |  1.09 |  1.02 |  1.02 |  1.00 |  0.93 |  1.00
        5308 |  1.13 |  1.09 |  1.02 |  1.02 |  1.00 |  0.93 |  1.00
        5308 |  1.13 |  1.09 |  1.02 |  1.02 |  1.00 |  0.93 |  1.00
        5308 |  1.13 |  1.09 |  1.02 |  1.02 |  1.00 |  0.93 |  1.00
        5308 |  1.13 |  1.09 |  1.02 |  1.02 |  1.00 |  0.93 |  1.00
        5308 |  1.13 |  1.09 |  1.02 |  1.02 |  1.00 |  0.93 |  1.00
        5308 |  1.13 |  1.09 |  1.02 |  1.02 |  1.00 |  0.93 |  1.00
        5308 |  1.13 |  1.09 |  1.02 |  1.02 |  1.00 |  0.93 |  1.00
        5308 |  1.13 |  1.09 |  1.02 |  1.02 |  1.00 |  0.93 |  1.00
        5308 |  1.13 |  1.09 |  1.02 |  1.02 |  1.00 |  0.93 |  1.00
        5308 |  1.13 |  1.09 |  1.02 |  1.02 |  1.00 |  0.93 |  1.00
        5308 |  1.13 |  1.09 |  1.02 |  1.02 |  1.00 |  0.93 |  1.00
        5308 |  1.13 |  1.09 |  1.02 |  1.02 |  1.00 |  0.93 |  1.00
        5308 |  1.13 |  1.09 |  1.02 |  1.02 |  1.00 |  0.93 |  1.00
        5308 |  1.13 |  1.09 |  1.02 |  1.02 |  1.00 |  0.93 |  1.00
        5308 |  1.13 |  1.09 |  1.02 |  1.02 |  1.00 |  0.93 |  1.00
        5308 |  1.13 |  1.09 |  1.02 |  1.02 |  1.00 |  0.93 |  1.00
        5308 |  1.13 |  1.09 |  1.02 |  1.02 |  1.00 |  0.93 |  1.00
        5308 |  1.13 |  1.09 |  1.02 |  1.02 |  1.00 |  0.93 |  1.00
        5308 |  1.13 |  1.09 |  1.02 |  1.02 |  1.00 |  0.93 |  1.00
        5309 |  1.16 |  0.98 |  0.96 |  1.03 |  1.03 |  1.09 |  0.99
        5309 |  1.16 |  0.98 |  0.96 |  1.03 |  1.03 |  1.09 |  0.99
        5309 |  1.16 |  0.98 |  0.96 |  1.03 |  1.03 |  1.09 |  0.99
        5309 |  1.16 |  0.98 |  0.96 |  1.03 |  1.03 |  1.09 |  0.99
        5309 |  1.16 |  0.98 |  0.96 |  1.03 |  1.03 |  1.09 |  0.99
        5309 |  1.16 |  0.98 |  0.96 |  1.03 |  1.03 |  1.09 |  0.99
        5309 |  1.16 |  0.98 |  0.96 |  1.03 |  1.03 |  1.09 |  0.99
        5309 |  1.16 |  0.98 |  0.96 |  1.03 |  1.03 |  1.09 |  0.99
        5309 |  1.16 |  0.98 |  0.96 |  1.03 |  1.03 |  1.09 |  0.99
        5309 |  1.16 |  0.98 |  0.96 |  1.03 |  1.03 |  1.09 |  0.99
        5309 |  1.16 |  0.98 |  0.96 |  1.03 |  1.03 |  1.09 |  0.99
        5309 |  1.16 |  0.98 |  0.96 |  1.03 |  1.03 |  1.09 |  0.99
        5309 |  1.16 |  0.98 |  0.96 |  1.03 |  1.03 |  1.09 |  0.99
        5309 |  1.16 |  0.98 |  0.96 |  1.03 |  1.03 |  1.09 |  0.99
        5309 |  1.16 |  0.98 |  0.96 |  1.03 |  1.03 |  1.09 |  0.99
        5309 |  1.16 |  0.98 |  0.96 |  1.03 |  1.03 |  1.09 |  0.99
        5309 |  1.16 |  0.98 |  0.96 |  1.03 |  1.03 |  1.09 |  0.99
        5309 |  1.16 |  0.98 |  0.96 |  1.03 |  1.03 |  1.09 |  0.99
        5309 |  1.16 |  0.98 |  0.96 |  1.03 |  1.03 |  1.09 |  0.99
        5309 |  1.16 |  0.98 |  0.96 |  1.03 |  1.03 |  1.09 |  0.99
        5309 |  1.16 |  0.98 |  0.96 |  1.03 |  1.03 |  1.09 |  0.99
        5309 |  1.16 |  0.98 |  0.96 |  1.03 |  1.03 |  1.09 |  0.99
        5309 |  1.16 |  0.98 |  0.96 |  1.03 |  1.03 |  1.09 |  0.99
        5309 |  1.16 |  0.98 |  0.96 |  1.03 |  1.03 |  1.09 |  0.99
        5309 |  1.16 |  0.98 |  0.96 |  1.03 |  1.03 |  1.09 |  0.99
        5309 |  1.16 |  0.98 |  0.96 |  1.03 |  1.03 |  1.09 |  0.99
        5309 |  1.16 |  0.98 |  0.96 |  1.03 |  1.03 |  1.09 |  0.99
        5309 |  1.16 |  0.98 |  0.96 |  1.03 |  1.03 |  1.09 |  0.99
        5309 |  1.16 |  0.98 |  0.96 |  1.03 |  1.03 |  1.09 |  0.99
        5309 |  1.16 |  0.98 |  0.96 |  1.03 |  1.03 |  1.09 |  0.99
        5309 |  1.16 |  0.98 |  0.96 |  1.03 |  1.03 |  1.09 |  0.99
        5309 |  1.16 |  0.98 |  0.96 |  1.03 |  1.03 |  1.09 |  0.99
        5309 |  1.16 |  0.98 |  0.96 |  1.03 |  1.03 |  1.09 |  0.99
        5309 |  1.16 |  0.98 |  0.96 |  1.03 |  1.03 |  1.09 |  0.99
        5309 |  1.16 |  0.98 |  0.96 |  1.03 |  1.03 |  1.09 |  0.99
        5309 |  1.16 |  0.98 |  0.96 |  1.03 |  1.03 |  1.09 |  0.99
        5309 |  1.16 |  0.98 |  0.96 |  1.03 |  1.03 |  1.09 |  0.99
        5309 |  1.16 |  0.98 |  0.96 |  1.03 |  1.03 |  1.09 |  0.99
        5309 |  1.16 |  0.98 |  0.96 |  1.03 |  1.03 |  1.09 |  0.99
        5309 |  1.16 |  0.98 |  0.96 |  1.03 |  1.03 |  1.09 |  0.99
        5309 |  1.16 |  0.98 |  0.96 |  1.03 |  1.03 |  1.09 |  0.99
        5309 |  1.16 |  0.98 |  0.96 |  1.03 |  1.03 |  1.09 |  0.99
        5309 |  1.16 |  0.98 |  0.96 |  1.03 |  1.03 |  1.09 |  0.99
        5309 |  1.16 |  0.98 |  0.96 |  1.03 |  1.03 |  1.09 |  0.99
        5309 |  1.16 |  0.98 |  0.96 |  1.03 |  1.03 |  1.09 |  0.99
        5309 |  1.16 |  0.98 |  0.96 |  1.03 |  1.03 |  1.09 |  0.99
        5309 |  1.16 |  0.98 |  0.96 |  1.03 |  1.03 |  1.09 |  0.99
        5309 |  1.16 |  0.98 |  0.96 |  1.03 |  1.03 |  1.09 |  0.99
        5309 |  1.16 |  0.98 |  0.96 |  1.03 |  1.03 |  1.09 |  0.99
        5310 |  0.97 |  1.00 |  0.90 |  0.88 |  0.99 |  0.95 |  0.87
        5310 |  0.97 |  1.00 |  0.90 |  0.88 |  0.99 |  0.95 |  0.87
        5310 |  0.97 |  1.00 |  0.90 |  0.88 |  0.99 |  0.95 |  0.87
        5310 |  0.97 |  1.00 |  0.90 |  0.88 |  0.99 |  0.95 |  0.87
        5310 |  0.97 |  1.00 |  0.90 |  0.88 |  0.99 |  0.95 |  0.87
        5310 |  0.97 |  1.00 |  0.90 |  0.88 |  0.99 |  0.95 |  0.87
        5310 |  0.97 |  1.00 |  0.90 |  0.88 |  0.99 |  0.95 |  0.87
        5310 |  0.97 |  1.00 |  0.90 |  0.88 |  0.99 |  0.95 |  0.87
        5310 |  0.97 |  1.00 |  0.90 |  0.88 |  0.99 |  0.95 |  0.87
        5310 |  0.97 |  1.00 |  0.90 |  0.88 |  0.99 |  0.95 |  0.87
        5310 |  0.97 |  1.00 |  0.90 |  0.88 |  0.99 |  0.95 |  0.87
        5310 |  0.97 |  1.00 |  0.90 |  0.88 |  0.99 |  0.95 |  0.87
        5310 |  0.97 |  1.00 |  0.90 |  0.88 |  0.99 |  0.95 |  0.87
        5310 |  0.97 |  1.00 |  0.90 |  0.88 |  0.99 |  0.95 |  0.87
        5310 |  0.97 |  1.00 |  0.90 |  0.88 |  0.99 |  0.95 |  0.87
        5310 |  0.97 |  1.00 |  0.90 |  0.88 |  0.99 |  0.95 |  0.87
        5310 |  0.97 |  1.00 |  0.90 |  0.88 |  0.99 |  0.95 |  0.87
        5310 |  0.97 |  1.00 |  0.90 |  0.88 |  0.99 |  0.95 |  0.87
        5310 |  0.97 |  1.00 |  0.90 |  0.88 |  0.99 |  0.95 |  0.87
        5310 |  0.97 |  1.00 |  0.90 |  0.88 |  0.99 |  0.95 |  0.87
        5310 |  0.97 |  1.00 |  0.90 |  0.88 |  0.99 |  0.95 |  0.87
        5310 |  0.97 |  1.00 |  0.90 |  0.88 |  0.99 |  0.95 |  0.87
        5310 |  0.97 |  1.00 |  0.90 |  0.88 |  0.99 |  0.95 |  0.87
        5310 |  0.97 |  1.00 |  0.90 |  0.88 |  0.99 |  0.95 |  0.87
        5310 |  0.97 |  1.00 |  0.90 |  0.88 |  0.99 |  0.95 |  0.87
        5310 |  0.97 |  1.00 |  0.90 |  0.88 |  0.99 |  0.95 |  0.87
        5310 |  0.97 |  1.00 |  0.90 |  0.88 |  0.99 |  0.95 |  0.87
        5310 |  0.97 |  1.00 |  0.90 |  0.88 |  0.99 |  0.95 |  0.87
        5310 |  0.97 |  1.00 |  0.90 |  0.88 |  0.99 |  0.95 |  0.87
        5310 |  0.97 |  1.00 |  0.90 |  0.88 |  0.99 |  0.95 |  0.87
        5310 |  0.97 |  1.00 |  0.90 |  0.88 |  0.99 |  0.95 |  0.87
        5310 |  0.97 |  1.00 |  0.90 |  0.88 |  0.99 |  0.95 |  0.87
        5310 |  0.97 |  1.00 |  0.90 |  0.88 |  0.99 |  0.95 |  0.87
        5310 |  0.97 |  1.00 |  0.90 |  0.88 |  0.99 |  0.95 |  0.87
        5310 |  0.97 |  1.00 |  0.90 |  0.88 |  0.99 |  0.95 |  0.87
        5310 |  0.97 |  1.00 |  0.90 |  0.88 |  0.99 |  0.95 |  0.87
        5310 |  0.97 |  1.00 |  0.90 |  0.88 |  0.99 |  0.95 |  0.87
        5310 |  0.97 |  1.00 |  0.90 |  0.88 |  0.99 |  0.95 |  0.87
        5310 |  0.97 |  1.00 |  0.90 |  0.88 |  0.99 |  0.95 |  0.87
        5310 |  0.97 |  1.00 |  0.90 |  0.88 |  0.99 |  0.95 |  0.87
        5310 |  0.97 |  1.00 |  0.90 |  0.88 |  0.99 |  0.95 |  0.87
        5310 |  0.97 |  1.00 |  0.90 |  0.88 |  0.99 |  0.95 |  0.87
        5310 |  0.97 |  1.00 |  0.90 |  0.88 |  0.99 |  0.95 |  0.87
        5310 |  0.97 |  1.00 |  0.90 |  0.88 |  0.99 |  0.95 |  0.87
        5310 |  0.97 |  1.00 |  0.90 |  0.88 |  0.99 |  0.95 |  0.87
        5310 |  0.97 |  1.00 |  0.90 |  0.88 |  0.99 |  0.95 |  0.87
        5310 |  0.97 |  1.00 |  0.90 |  0.88 |  0.99 |  0.95 |  0.87
        5310 |  0.97 |  1.00 |  0.90 |  0.88 |  0.99 |  0.95 |  0.87
        5310 |  0.97 |  1.00 |  0.90 |  0.88 |  0.99 |  0.95 |  0.87
        5311 |  1.13 |  1.09 |  1.03 |  0.88 |  0.98 |  1.05 |  0.84
        5311 |  1.13 |  1.09 |  1.03 |  0.88 |  0.98 |  1.05 |  0.84
        5311 |  1.13 |  1.09 |  1.03 |  0.88 |  0.98 |  1.05 |  0.84
        5311 |  1.13 |  1.09 |  1.03 |  0.88 |  0.98 |  1.05 |  0.84
        5311 |  1.13 |  1.09 |  1.03 |  0.88 |  0.98 |  1.05 |  0.84
        5311 |  1.13 |  1.09 |  1.03 |  0.88 |  0.98 |  1.05 |  0.84
        5311 |  1.13 |  1.09 |  1.03 |  0.88 |  0.98 |  1.05 |  0.84
        5311 |  1.13 |  1.09 |  1.03 |  0.88 |  0.98 |  1.05 |  0.84
        5311 |  1.13 |  1.09 |  1.03 |  0.88 |  0.98 |  1.05 |  0.84
        5311 |  1.13 |  1.09 |  1.03 |  0.88 |  0.98 |  1.05 |  0.84
        5311 |  1.13 |  1.09 |  1.03 |  0.88 |  0.98 |  1.05 |  0.84
        5311 |  1.13 |  1.09 |  1.03 |  0.88 |  0.98 |  1.05 |  0.84
        5311 |  1.13 |  1.09 |  1.03 |  0.88 |  0.98 |  1.05 |  0.84
        5311 |  1.13 |  1.09 |  1.03 |  0.88 |  0.98 |  1.05 |  0.84
        5311 |  1.13 |  1.09 |  1.03 |  0.88 |  0.98 |  1.05 |  0.84
        5311 |  1.13 |  1.09 |  1.03 |  0.88 |  0.98 |  1.05 |  0.84
        5311 |  1.13 |  1.09 |  1.03 |  0.88 |  0.98 |  1.05 |  0.84
        5311 |  1.13 |  1.09 |  1.03 |  0.88 |  0.98 |  1.05 |  0.84
        5311 |  1.13 |  1.09 |  1.03 |  0.88 |  0.98 |  1.05 |  0.84
        5311 |  1.13 |  1.09 |  1.03 |  0.88 |  0.98 |  1.05 |  0.84
        5311 |  1.13 |  1.09 |  1.03 |  0.88 |  0.98 |  1.05 |  0.84
        5311 |  1.13 |  1.09 |  1.03 |  0.88 |  0.98 |  1.05 |  0.84
        5311 |  1.13 |  1.09 |  1.03 |  0.88 |  0.98 |  1.05 |  0.84
        5311 |  1.13 |  1.09 |  1.03 |  0.88 |  0.98 |  1.05 |  0.84
        5311 |  1.13 |  1.09 |  1.03 |  0.88 |  0.98 |  1.05 |  0.84
        5311 |  1.13 |  1.09 |  1.03 |  0.88 |  0.98 |  1.05 |  0.84
        5311 |  1.13 |  1.09 |  1.03 |  0.88 |  0.98 |  1.05 |  0.84
        5311 |  1.13 |  1.09 |  1.03 |  0.88 |  0.98 |  1.05 |  0.84
        5311 |  1.13 |  1.09 |  1.03 |  0.88 |  0.98 |  1.05 |  0.84
        5311 |  1.13 |  1.09 |  1.03 |  0.88 |  0.98 |  1.05 |  0.84
        5311 |  1.13 |  1.09 |  1.03 |  0.88 |  0.98 |  1.05 |  0.84
        5311 |  1.13 |  1.09 |  1.03 |  0.88 |  0.98 |  1.05 |  0.84
        5311 |  1.13 |  1.09 |  1.03 |  0.88 |  0.98 |  1.05 |  0.84
        5311 |  1.13 |  1.09 |  1.03 |  0.88 |  0.98 |  1.05 |  0.84
        5311 |  1.13 |  1.09 |  1.03 |  0.88 |  0.98 |  1.05 |  0.84
        5311 |  1.13 |  1.09 |  1.03 |  0.88 |  0.98 |  1.05 |  0.84
        5311 |  1.13 |  1.09 |  1.03 |  0.88 |  0.98 |  1.05 |  0.84
        5311 |  1.13 |  1.09 |  1.03 |  0.88 |  0.98 |  1.05 |  0.84
        5311 |  1.13 |  1.09 |  1.03 |  0.88 |  0.98 |  1.05 |  0.84
        5311 |  1.13 |  1.09 |  1.03 |  0.88 |  0.98 |  1.05 |  0.84
        5311 |  1.13 |  1.09 |  1.03 |  0.88 |  0.98 |  1.05 |  0.84
        5311 |  1.13 |  1.09 |  1.03 |  0.88 |  0.98 |  1.05 |  0.84
        5311 |  1.13 |  1.09 |  1.03 |  0.88 |  0.98 |  1.05 |  0.84
        5311 |  1.13 |  1.09 |  1.03 |  0.88 |  0.98 |  1.05 |  0.84
        5311 |  1.13 |  1.09 |  1.03 |  0.88 |  0.98 |  1.05 |  0.84
        5311 |  1.13 |  1.09 |  1.03 |  0.88 |  0.98 |  1.05 |  0.84
        5311 |  1.13 |  1.09 |  1.03 |  0.88 |  0.98 |  1.05 |  0.84
        5311 |  1.13 |  1.09 |  1.03 |  0.88 |  0.98 |  1.05 |  0.84
        5311 |  1.13 |  1.09 |  1.03 |  0.88 |  0.98 |  1.05 |  0.84
        5312 |  0.96 |  1.08 |  1.05 |  1.12 |  1.00 |  1.07 |  1.09
        5312 |  0.96 |  1.08 |  1.05 |  1.12 |  1.00 |  1.07 |  1.09
        5312 |  0.96 |  1.08 |  1.05 |  1.12 |  1.00 |  1.07 |  1.09
        5312 |  0.96 |  1.08 |  1.05 |  1.12 |  1.00 |  1.07 |  1.09
        5312 |  0.96 |  1.08 |  1.05 |  1.12 |  1.00 |  1.07 |  1.09
        5312 |  0.96 |  1.08 |  1.05 |  1.12 |  1.00 |  1.07 |  1.09
        5312 |  0.96 |  1.08 |  1.05 |  1.12 |  1.00 |  1.07 |  1.09
        5312 |  0.96 |  1.08 |  1.05 |  1.12 |  1.00 |  1.07 |  1.09
        5312 |  0.96 |  1.08 |  1.05 |  1.12 |  1.00 |  1.07 |  1.09
        5312 |  0.96 |  1.08 |  1.05 |  1.12 |  1.00 |  1.07 |  1.09
        5312 |  0.96 |  1.08 |  1.05 |  1.12 |  1.00 |  1.07 |  1.09
        5312 |  0.96 |  1.08 |  1.05 |  1.12 |  1.00 |  1.07 |  1.09
        5312 |  0.96 |  1.08 |  1.05 |  1.12 |  1.00 |  1.07 |  1.09
        5312 |  0.96 |  1.08 |  1.05 |  1.12 |  1.00 |  1.07 |  1.09
        5312 |  0.96 |  1.08 |  1.05 |  1.12 |  1.00 |  1.07 |  1.09
        5312 |  0.96 |  1.08 |  1.05 |  1.12 |  1.00 |  1.07 |  1.09
        5312 |  0.96 |  1.08 |  1.05 |  1.12 |  1.00 |  1.07 |  1.09
        5312 |  0.96 |  1.08 |  1.05 |  1.12 |  1.00 |  1.07 |  1.09
        5312 |  0.96 |  1.08 |  1.05 |  1.12 |  1.00 |  1.07 |  1.09
        5312 |  0.96 |  1.08 |  1.05 |  1.12 |  1.00 |  1.07 |  1.09
        5312 |  0.96 |  1.08 |  1.05 |  1.12 |  1.00 |  1.07 |  1.09
        5312 |  0.96 |  1.08 |  1.05 |  1.12 |  1.00 |  1.07 |  1.09
        5312 |  0.96 |  1.08 |  1.05 |  1.12 |  1.00 |  1.07 |  1.09
        5312 |  0.96 |  1.08 |  1.05 |  1.12 |  1.00 |  1.07 |  1.09
        5312 |  0.96 |  1.08 |  1.05 |  1.12 |  1.00 |  1.07 |  1.09
        5312 |  0.96 |  1.08 |  1.05 |  1.12 |  1.00 |  1.07 |  1.09
        5312 |  0.96 |  1.08 |  1.05 |  1.12 |  1.00 |  1.07 |  1.09
        5312 |  0.96 |  1.08 |  1.05 |  1.12 |  1.00 |  1.07 |  1.09
        5312 |  0.96 |  1.08 |  1.05 |  1.12 |  1.00 |  1.07 |  1.09
        5312 |  0.96 |  1.08 |  1.05 |  1.12 |  1.00 |  1.07 |  1.09
        5312 |  0.96 |  1.08 |  1.05 |  1.12 |  1.00 |  1.07 |  1.09
        5312 |  0.96 |  1.08 |  1.05 |  1.12 |  1.00 |  1.07 |  1.09
        5312 |  0.96 |  1.08 |  1.05 |  1.12 |  1.00 |  1.07 |  1.09
        5312 |  0.96 |  1.08 |  1.05 |  1.12 |  1.00 |  1.07 |  1.09
        5312 |  0.96 |  1.08 |  1.05 |  1.12 |  1.00 |  1.07 |  1.09
        5312 |  0.96 |  1.08 |  1.05 |  1.12 |  1.00 |  1.07 |  1.09
        5312 |  0.96 |  1.08 |  1.05 |  1.12 |  1.00 |  1.07 |  1.09
        5312 |  0.96 |  1.08 |  1.05 |  1.12 |  1.00 |  1.07 |  1.09
        5312 |  0.96 |  1.08 |  1.05 |  1.12 |  1.00 |  1.07 |  1.09
        5312 |  0.96 |  1.08 |  1.05 |  1.12 |  1.00 |  1.07 |  1.09
        5312 |  0.96 |  1.08 |  1.05 |  1.12 |  1.00 |  1.07 |  1.09
        5312 |  0.96 |  1.08 |  1.05 |  1.12 |  1.00 |  1.07 |  1.09
        5312 |  0.96 |  1.08 |  1.05 |  1.12 |  1.00 |  1.07 |  1.09
        5312 |  0.96 |  1.08 |  1.05 |  1.12 |  1.00 |  1.07 |  1.09
        5312 |  0.96 |  1.08 |  1.05 |  1.12 |  1.00 |  1.07 |  1.09
        5312 |  0.96 |  1.08 |  1.05 |  1.12 |  1.00 |  1.07 |  1.09
        5312 |  0.96 |  1.08 |  1.05 |  1.12 |  1.00 |  1.07 |  1.09
        5312 |  0.96 |  1.08 |  1.05 |  1.12 |  1.00 |  1.07 |  1.09
        5312 |  0.96 |  1.08 |  1.05 |  1.12 |  1.00 |  1.07 |  1.09
        5313 |  0.64 |  0.58 |  0.98 |  0.86 |  1.06 |  1.19 |  0.74
        5313 |  0.64 |  0.58 |  0.98 |  0.86 |  1.06 |  1.19 |  0.74
        5313 |  0.64 |  0.58 |  0.98 |  0.86 |  1.06 |  1.19 |  0.74
        5313 |  0.64 |  0.58 |  0.98 |  0.86 |  1.06 |  1.19 |  0.74
        5313 |  0.64 |  0.58 |  0.98 |  0.86 |  1.06 |  1.19 |  0.74
        5313 |  0.64 |  0.58 |  0.98 |  0.86 |  1.06 |  1.19 |  0.74
        5313 |  0.64 |  0.58 |  0.98 |  0.86 |  1.06 |  1.19 |  0.74
        5313 |  0.64 |  0.58 |  0.98 |  0.86 |  1.06 |  1.19 |  0.74
        5313 |  0.64 |  0.58 |  0.98 |  0.86 |  1.06 |  1.19 |  0.74
        5313 |  0.64 |  0.58 |  0.98 |  0.86 |  1.06 |  1.19 |  0.74
        5313 |  0.64 |  0.58 |  0.98 |  0.86 |  1.06 |  1.19 |  0.74
        5313 |  0.64 |  0.58 |  0.98 |  0.86 |  1.06 |  1.19 |  0.74
        5313 |  0.64 |  0.58 |  0.98 |  0.86 |  1.06 |  1.19 |  0.74
        5313 |  0.64 |  0.58 |  0.98 |  0.86 |  1.06 |  1.19 |  0.74
        5313 |  0.64 |  0.58 |  0.98 |  0.86 |  1.06 |  1.19 |  0.74
        5313 |  0.64 |  0.58 |  0.98 |  0.86 |  1.06 |  1.19 |  0.74
        5313 |  0.64 |  0.58 |  0.98 |  0.86 |  1.06 |  1.19 |  0.74
        5313 |  0.64 |  0.58 |  0.98 |  0.86 |  1.06 |  1.19 |  0.74
        5313 |  0.64 |  0.58 |  0.98 |  0.86 |  1.06 |  1.19 |  0.74
        5313 |  0.64 |  0.58 |  0.98 |  0.86 |  1.06 |  1.19 |  0.74
        5313 |  0.64 |  0.58 |  0.98 |  0.86 |  1.06 |  1.19 |  0.74
        5313 |  0.64 |  0.58 |  0.98 |  0.86 |  1.06 |  1.19 |  0.74
        5313 |  0.64 |  0.58 |  0.98 |  0.86 |  1.06 |  1.19 |  0.74
        5313 |  0.64 |  0.58 |  0.98 |  0.86 |  1.06 |  1.19 |  0.74
        5313 |  0.64 |  0.58 |  0.98 |  0.86 |  1.06 |  1.19 |  0.74
        5313 |  0.64 |  0.58 |  0.98 |  0.86 |  1.06 |  1.19 |  0.74
        5313 |  0.64 |  0.58 |  0.98 |  0.86 |  1.06 |  1.19 |  0.74
        5313 |  0.64 |  0.58 |  0.98 |  0.86 |  1.06 |  1.19 |  0.74
        5313 |  0.64 |  0.58 |  0.98 |  0.86 |  1.06 |  1.19 |  0.74
        5313 |  0.64 |  0.58 |  0.98 |  0.86 |  1.06 |  1.19 |  0.74
        5313 |  0.64 |  0.58 |  0.98 |  0.86 |  1.06 |  1.19 |  0.74
        5313 |  0.64 |  0.58 |  0.98 |  0.86 |  1.06 |  1.19 |  0.74
        5313 |  0.64 |  0.58 |  0.98 |  0.86 |  1.06 |  1.19 |  0.74
        5313 |  0.64 |  0.58 |  0.98 |  0.86 |  1.06 |  1.19 |  0.74
        5313 |  0.64 |  0.58 |  0.98 |  0.86 |  1.06 |  1.19 |  0.74
        5313 |  0.64 |  0.58 |  0.98 |  0.86 |  1.06 |  1.19 |  0.74
        5313 |  0.64 |  0.58 |  0.98 |  0.86 |  1.06 |  1.19 |  0.74
        5313 |  0.64 |  0.58 |  0.98 |  0.86 |  1.06 |  1.19 |  0.74
        5313 |  0.64 |  0.58 |  0.98 |  0.86 |  1.06 |  1.19 |  0.74
        5313 |  0.64 |  0.58 |  0.98 |  0.86 |  1.06 |  1.19 |  0.74
        5313 |  0.64 |  0.58 |  0.98 |  0.86 |  1.06 |  1.19 |  0.74
        5313 |  0.64 |  0.58 |  0.98 |  0.86 |  1.06 |  1.19 |  0.74
        5313 |  0.64 |  0.58 |  0.98 |  0.86 |  1.06 |  1.19 |  0.74
        5313 |  0.64 |  0.58 |  0.98 |  0.86 |  1.06 |  1.19 |  0.74
        5313 |  0.64 |  0.58 |  0.98 |  0.86 |  1.06 |  1.19 |  0.74
        5313 |  0.64 |  0.58 |  0.98 |  0.86 |  1.06 |  1.19 |  0.74
        5313 |  0.64 |  0.58 |  0.98 |  0.86 |  1.06 |  1.19 |  0.74
        5313 |  0.64 |  0.58 |  0.98 |  0.86 |  1.06 |  1.19 |  0.74
        5313 |  0.64 |  0.58 |  0.98 |  0.86 |  1.06 |  1.19 |  0.74
        5314 |  1.02 |  1.02 |  0.60 |  0.73 |  0.61 |  0.91 |  0.84
        5314 |  1.02 |  1.02 |  0.60 |  0.73 |  0.61 |  0.91 |  0.84
        5314 |  1.02 |  1.02 |  0.60 |  0.73 |  0.61 |  0.91 |  0.84
        5314 |  1.02 |  1.02 |  0.60 |  0.73 |  0.61 |  0.91 |  0.84
        5314 |  1.02 |  1.02 |  0.60 |  0.73 |  0.61 |  0.91 |  0.84
        5314 |  1.02 |  1.02 |  0.60 |  0.73 |  0.61 |  0.91 |  0.84
        5314 |  1.02 |  1.02 |  0.60 |  0.73 |  0.61 |  0.91 |  0.84
        5314 |  1.02 |  1.02 |  0.60 |  0.73 |  0.61 |  0.91 |  0.84
        5314 |  1.02 |  1.02 |  0.60 |  0.73 |  0.61 |  0.91 |  0.84
        5314 |  1.02 |  1.02 |  0.60 |  0.73 |  0.61 |  0.91 |  0.84
        5314 |  1.02 |  1.02 |  0.60 |  0.73 |  0.61 |  0.91 |  0.84
        5314 |  1.02 |  1.02 |  0.60 |  0.73 |  0.61 |  0.91 |  0.84
        5314 |  1.02 |  1.02 |  0.60 |  0.73 |  0.61 |  0.91 |  0.84
        5314 |  1.02 |  1.02 |  0.60 |  0.73 |  0.61 |  0.91 |  0.84
        5314 |  1.02 |  1.02 |  0.60 |  0.73 |  0.61 |  0.91 |  0.84
        5314 |  1.02 |  1.02 |  0.60 |  0.73 |  0.61 |  0.91 |  0.84
        5314 |  1.02 |  1.02 |  0.60 |  0.73 |  0.61 |  0.91 |  0.84
        5314 |  1.02 |  1.02 |  0.60 |  0.73 |  0.61 |  0.91 |  0.84
        5314 |  1.02 |  1.02 |  0.60 |  0.73 |  0.61 |  0.91 |  0.84
        5314 |  1.02 |  1.02 |  0.60 |  0.73 |  0.61 |  0.91 |  0.84
        5314 |  1.02 |  1.02 |  0.60 |  0.73 |  0.61 |  0.91 |  0.84
        5314 |  1.02 |  1.02 |  0.60 |  0.73 |  0.61 |  0.91 |  0.84
        5314 |  1.02 |  1.02 |  0.60 |  0.73 |  0.61 |  0.91 |  0.84
        5314 |  1.02 |  1.02 |  0.60 |  0.73 |  0.61 |  0.91 |  0.84
        5314 |  1.02 |  1.02 |  0.60 |  0.73 |  0.61 |  0.91 |  0.84
        5314 |  1.02 |  1.02 |  0.60 |  0.73 |  0.61 |  0.91 |  0.84
        5314 |  1.02 |  1.02 |  0.60 |  0.73 |  0.61 |  0.91 |  0.84
        5314 |  1.02 |  1.02 |  0.60 |  0.73 |  0.61 |  0.91 |  0.84
        5314 |  1.02 |  1.02 |  0.60 |  0.73 |  0.61 |  0.91 |  0.84
        5314 |  1.02 |  1.02 |  0.60 |  0.73 |  0.61 |  0.91 |  0.84
        5314 |  1.02 |  1.02 |  0.60 |  0.73 |  0.61 |  0.91 |  0.84
        5314 |  1.02 |  1.02 |  0.60 |  0.73 |  0.61 |  0.91 |  0.84
        5314 |  1.02 |  1.02 |  0.60 |  0.73 |  0.61 |  0.91 |  0.84
        5314 |  1.02 |  1.02 |  0.60 |  0.73 |  0.61 |  0.91 |  0.84
        5314 |  1.02 |  1.02 |  0.60 |  0.73 |  0.61 |  0.91 |  0.84
        5314 |  1.02 |  1.02 |  0.60 |  0.73 |  0.61 |  0.91 |  0.84
        5314 |  1.02 |  1.02 |  0.60 |  0.73 |  0.61 |  0.91 |  0.84
        5314 |  1.02 |  1.02 |  0.60 |  0.73 |  0.61 |  0.91 |  0.84
        5314 |  1.02 |  1.02 |  0.60 |  0.73 |  0.61 |  0.91 |  0.84
        5314 |  1.02 |  1.02 |  0.60 |  0.73 |  0.61 |  0.91 |  0.84
        5314 |  1.02 |  1.02 |  0.60 |  0.73 |  0.61 |  0.91 |  0.84
        5314 |  1.02 |  1.02 |  0.60 |  0.73 |  0.61 |  0.91 |  0.84
        5314 |  1.02 |  1.02 |  0.60 |  0.73 |  0.61 |  0.91 |  0.84
        5314 |  1.02 |  1.02 |  0.60 |  0.73 |  0.61 |  0.91 |  0.84
        5314 |  1.02 |  1.02 |  0.60 |  0.73 |  0.61 |  0.91 |  0.84
        5314 |  1.02 |  1.02 |  0.60 |  0.73 |  0.61 |  0.91 |  0.84
        5314 |  1.02 |  1.02 |  0.60 |  0.73 |  0.61 |  0.91 |  0.84
        5314 |  1.02 |  1.02 |  0.60 |  0.73 |  0.61 |  0.91 |  0.84
        5314 |  1.02 |  1.02 |  0.60 |  0.73 |  0.61 |  0.91 |  0.84
        5315 |  1.06 |  0.95 |  0.93 |  0.97 |  1.10 |  0.99 |  1.02
        5315 |  1.06 |  0.95 |  0.93 |  0.97 |  1.10 |  0.99 |  1.02
        5315 |  1.06 |  0.95 |  0.93 |  0.97 |  1.10 |  0.99 |  1.02
        5315 |  1.06 |  0.95 |  0.93 |  0.97 |  1.10 |  0.99 |  1.02
        5315 |  1.06 |  0.95 |  0.93 |  0.97 |  1.10 |  0.99 |  1.02
        5315 |  1.06 |  0.95 |  0.93 |  0.97 |  1.10 |  0.99 |  1.02
        5315 |  1.06 |  0.95 |  0.93 |  0.97 |  1.10 |  0.99 |  1.02
        5315 |  1.06 |  0.95 |  0.93 |  0.97 |  1.10 |  0.99 |  1.02
        5315 |  1.06 |  0.95 |  0.93 |  0.97 |  1.10 |  0.99 |  1.02
        5315 |  1.06 |  0.95 |  0.93 |  0.97 |  1.10 |  0.99 |  1.02
        5315 |  1.06 |  0.95 |  0.93 |  0.97 |  1.10 |  0.99 |  1.02
        5315 |  1.06 |  0.95 |  0.93 |  0.97 |  1.10 |  0.99 |  1.02
        5315 |  1.06 |  0.95 |  0.93 |  0.97 |  1.10 |  0.99 |  1.02
        5315 |  1.06 |  0.95 |  0.93 |  0.97 |  1.10 |  0.99 |  1.02
        5315 |  1.06 |  0.95 |  0.93 |  0.97 |  1.10 |  0.99 |  1.02
        5315 |  1.06 |  0.95 |  0.93 |  0.97 |  1.10 |  0.99 |  1.02
        5315 |  1.06 |  0.95 |  0.93 |  0.97 |  1.10 |  0.99 |  1.02
        5315 |  1.06 |  0.95 |  0.93 |  0.97 |  1.10 |  0.99 |  1.02
        5315 |  1.06 |  0.95 |  0.93 |  0.97 |  1.10 |  0.99 |  1.02
        5315 |  1.06 |  0.95 |  0.93 |  0.97 |  1.10 |  0.99 |  1.02
        5315 |  1.06 |  0.95 |  0.93 |  0.97 |  1.10 |  0.99 |  1.02
        5315 |  1.06 |  0.95 |  0.93 |  0.97 |  1.10 |  0.99 |  1.02
        5315 |  1.06 |  0.95 |  0.93 |  0.97 |  1.10 |  0.99 |  1.02
        5315 |  1.06 |  0.95 |  0.93 |  0.97 |  1.10 |  0.99 |  1.02
        5315 |  1.06 |  0.95 |  0.93 |  0.97 |  1.10 |  0.99 |  1.02
        5315 |  1.06 |  0.95 |  0.93 |  0.97 |  1.10 |  0.99 |  1.02
        5315 |  1.06 |  0.95 |  0.93 |  0.97 |  1.10 |  0.99 |  1.02
        5315 |  1.06 |  0.95 |  0.93 |  0.97 |  1.10 |  0.99 |  1.02
        5315 |  1.06 |  0.95 |  0.93 |  0.97 |  1.10 |  0.99 |  1.02
        5315 |  1.06 |  0.95 |  0.93 |  0.97 |  1.10 |  0.99 |  1.02
        5315 |  1.06 |  0.95 |  0.93 |  0.97 |  1.10 |  0.99 |  1.02
        5315 |  1.06 |  0.95 |  0.93 |  0.97 |  1.10 |  0.99 |  1.02
        5315 |  1.06 |  0.95 |  0.93 |  0.97 |  1.10 |  0.99 |  1.02
        5315 |  1.06 |  0.95 |  0.93 |  0.97 |  1.10 |  0.99 |  1.02
        5315 |  1.06 |  0.95 |  0.93 |  0.97 |  1.10 |  0.99 |  1.02
        5315 |  1.06 |  0.95 |  0.93 |  0.97 |  1.10 |  0.99 |  1.02
        5315 |  1.06 |  0.95 |  0.93 |  0.97 |  1.10 |  0.99 |  1.02
        5315 |  1.06 |  0.95 |  0.93 |  0.97 |  1.10 |  0.99 |  1.02
        5315 |  1.06 |  0.95 |  0.93 |  0.97 |  1.10 |  0.99 |  1.02
        5315 |  1.06 |  0.95 |  0.93 |  0.97 |  1.10 |  0.99 |  1.02
        5315 |  1.06 |  0.95 |  0.93 |  0.97 |  1.10 |  0.99 |  1.02
        5315 |  1.06 |  0.95 |  0.93 |  0.97 |  1.10 |  0.99 |  1.02
        5315 |  1.06 |  0.95 |  0.93 |  0.97 |  1.10 |  0.99 |  1.02
        5315 |  1.06 |  0.95 |  0.93 |  0.97 |  1.10 |  0.99 |  1.02
        5315 |  1.06 |  0.95 |  0.93 |  0.97 |  1.10 |  0.99 |  1.02
        5315 |  1.06 |  0.95 |  0.93 |  0.97 |  1.10 |  0.99 |  1.02
        5315 |  1.06 |  0.95 |  0.93 |  0.97 |  1.10 |  0.99 |  1.02
        5315 |  1.06 |  0.95 |  0.93 |  0.97 |  1.10 |  0.99 |  1.02
        5315 |  1.06 |  0.95 |  0.93 |  0.97 |  1.10 |  0.99 |  1.02
        5316 |  0.97 |  1.06 |  1.02 |  1.02 |  1.02 |  1.02 |  1.11
        5316 |  0.97 |  1.06 |  1.02 |  1.02 |  1.02 |  1.02 |  1.11
        5316 |  0.97 |  1.06 |  1.02 |  1.02 |  1.02 |  1.02 |  1.11
        5316 |  0.97 |  1.06 |  1.02 |  1.02 |  1.02 |  1.02 |  1.11
        5316 |  0.97 |  1.06 |  1.02 |  1.02 |  1.02 |  1.02 |  1.11
        5316 |  0.97 |  1.06 |  1.02 |  1.02 |  1.02 |  1.02 |  1.11
        5316 |  0.97 |  1.06 |  1.02 |  1.02 |  1.02 |  1.02 |  1.11
        5316 |  0.97 |  1.06 |  1.02 |  1.02 |  1.02 |  1.02 |  1.11
        5316 |  0.97 |  1.06 |  1.02 |  1.02 |  1.02 |  1.02 |  1.11
        5316 |  0.97 |  1.06 |  1.02 |  1.02 |  1.02 |  1.02 |  1.11
        5316 |  0.97 |  1.06 |  1.02 |  1.02 |  1.02 |  1.02 |  1.11
        5316 |  0.97 |  1.06 |  1.02 |  1.02 |  1.02 |  1.02 |  1.11
        5316 |  0.97 |  1.06 |  1.02 |  1.02 |  1.02 |  1.02 |  1.11
        5316 |  0.97 |  1.06 |  1.02 |  1.02 |  1.02 |  1.02 |  1.11
        5316 |  0.97 |  1.06 |  1.02 |  1.02 |  1.02 |  1.02 |  1.11
        5316 |  0.97 |  1.06 |  1.02 |  1.02 |  1.02 |  1.02 |  1.11
        5316 |  0.97 |  1.06 |  1.02 |  1.02 |  1.02 |  1.02 |  1.11
        5316 |  0.97 |  1.06 |  1.02 |  1.02 |  1.02 |  1.02 |  1.11
        5316 |  0.97 |  1.06 |  1.02 |  1.02 |  1.02 |  1.02 |  1.11
        5316 |  0.97 |  1.06 |  1.02 |  1.02 |  1.02 |  1.02 |  1.11
        5316 |  0.97 |  1.06 |  1.02 |  1.02 |  1.02 |  1.02 |  1.11
        5316 |  0.97 |  1.06 |  1.02 |  1.02 |  1.02 |  1.02 |  1.11
        5316 |  0.97 |  1.06 |  1.02 |  1.02 |  1.02 |  1.02 |  1.11
        5316 |  0.97 |  1.06 |  1.02 |  1.02 |  1.02 |  1.02 |  1.11
        5316 |  0.97 |  1.06 |  1.02 |  1.02 |  1.02 |  1.02 |  1.11
        5316 |  0.97 |  1.06 |  1.02 |  1.02 |  1.02 |  1.02 |  1.11
        5316 |  0.97 |  1.06 |  1.02 |  1.02 |  1.02 |  1.02 |  1.11
        5316 |  0.97 |  1.06 |  1.02 |  1.02 |  1.02 |  1.02 |  1.11
        5316 |  0.97 |  1.06 |  1.02 |  1.02 |  1.02 |  1.02 |  1.11
        5316 |  0.97 |  1.06 |  1.02 |  1.02 |  1.02 |  1.02 |  1.11
        5316 |  0.97 |  1.06 |  1.02 |  1.02 |  1.02 |  1.02 |  1.11
        5316 |  0.97 |  1.06 |  1.02 |  1.02 |  1.02 |  1.02 |  1.11
        5316 |  0.97 |  1.06 |  1.02 |  1.02 |  1.02 |  1.02 |  1.11
        5316 |  0.97 |  1.06 |  1.02 |  1.02 |  1.02 |  1.02 |  1.11
        5316 |  0.97 |  1.06 |  1.02 |  1.02 |  1.02 |  1.02 |  1.11
        5316 |  0.97 |  1.06 |  1.02 |  1.02 |  1.02 |  1.02 |  1.11
        5316 |  0.97 |  1.06 |  1.02 |  1.02 |  1.02 |  1.02 |  1.11
        5316 |  0.97 |  1.06 |  1.02 |  1.02 |  1.02 |  1.02 |  1.11
        5316 |  0.97 |  1.06 |  1.02 |  1.02 |  1.02 |  1.02 |  1.11
        5316 |  0.97 |  1.06 |  1.02 |  1.02 |  1.02 |  1.02 |  1.11
        5316 |  0.97 |  1.06 |  1.02 |  1.02 |  1.02 |  1.02 |  1.11
        5316 |  0.97 |  1.06 |  1.02 |  1.02 |  1.02 |  1.02 |  1.11
        5316 |  0.97 |  1.06 |  1.02 |  1.02 |  1.02 |  1.02 |  1.11
        5316 |  0.97 |  1.06 |  1.02 |  1.02 |  1.02 |  1.02 |  1.11
        5316 |  0.97 |  1.06 |  1.02 |  1.02 |  1.02 |  1.02 |  1.11
        5316 |  0.97 |  1.06 |  1.02 |  1.02 |  1.02 |  1.02 |  1.11
        5316 |  0.97 |  1.06 |  1.02 |  1.02 |  1.02 |  1.02 |  1.11
        5316 |  0.97 |  1.06 |  1.02 |  1.02 |  1.02 |  1.02 |  1.11
        5316 |  0.97 |  1.06 |  1.02 |  1.02 |  1.02 |  1.02 |  1.11
        5317 |  1.12 |  1.11 |  1.06 |  1.07 |  0.96 |  0.82 |  0.96
        5317 |  1.12 |  1.11 |  1.06 |  1.07 |  0.96 |  0.82 |  0.96
        5317 |  1.12 |  1.11 |  1.06 |  1.07 |  0.96 |  0.82 |  0.96
        5317 |  1.12 |  1.11 |  1.06 |  1.07 |  0.96 |  0.82 |  0.96
        5317 |  1.12 |  1.11 |  1.06 |  1.07 |  0.96 |  0.82 |  0.96
        5317 |  1.12 |  1.11 |  1.06 |  1.07 |  0.96 |  0.82 |  0.96
        5317 |  1.12 |  1.11 |  1.06 |  1.07 |  0.96 |  0.82 |  0.96
        5317 |  1.12 |  1.11 |  1.06 |  1.07 |  0.96 |  0.82 |  0.96
        5317 |  1.12 |  1.11 |  1.06 |  1.07 |  0.96 |  0.82 |  0.96
        5317 |  1.12 |  1.11 |  1.06 |  1.07 |  0.96 |  0.82 |  0.96
        5317 |  1.12 |  1.11 |  1.06 |  1.07 |  0.96 |  0.82 |  0.96
        5317 |  1.12 |  1.11 |  1.06 |  1.07 |  0.96 |  0.82 |  0.96
        5317 |  1.12 |  1.11 |  1.06 |  1.07 |  0.96 |  0.82 |  0.96
        5317 |  1.12 |  1.11 |  1.06 |  1.07 |  0.96 |  0.82 |  0.96
        5317 |  1.12 |  1.11 |  1.06 |  1.07 |  0.96 |  0.82 |  0.96
        5317 |  1.12 |  1.11 |  1.06 |  1.07 |  0.96 |  0.82 |  0.96
        5317 |  1.12 |  1.11 |  1.06 |  1.07 |  0.96 |  0.82 |  0.96
        5317 |  1.12 |  1.11 |  1.06 |  1.07 |  0.96 |  0.82 |  0.96
        5317 |  1.12 |  1.11 |  1.06 |  1.07 |  0.96 |  0.82 |  0.96
        5317 |  1.12 |  1.11 |  1.06 |  1.07 |  0.96 |  0.82 |  0.96
        5317 |  1.12 |  1.11 |  1.06 |  1.07 |  0.96 |  0.82 |  0.96
        5317 |  1.12 |  1.11 |  1.06 |  1.07 |  0.96 |  0.82 |  0.96
        5317 |  1.12 |  1.11 |  1.06 |  1.07 |  0.96 |  0.82 |  0.96
        5317 |  1.12 |  1.11 |  1.06 |  1.07 |  0.96 |  0.82 |  0.96
        5317 |  1.12 |  1.11 |  1.06 |  1.07 |  0.96 |  0.82 |  0.96
        5317 |  1.12 |  1.11 |  1.06 |  1.07 |  0.96 |  0.82 |  0.96
        5317 |  1.12 |  1.11 |  1.06 |  1.07 |  0.96 |  0.82 |  0.96
        5317 |  1.12 |  1.11 |  1.06 |  1.07 |  0.96 |  0.82 |  0.96
        5317 |  1.12 |  1.11 |  1.06 |  1.07 |  0.96 |  0.82 |  0.96
        5317 |  1.12 |  1.11 |  1.06 |  1.07 |  0.96 |  0.82 |  0.96
        5317 |  1.12 |  1.11 |  1.06 |  1.07 |  0.96 |  0.82 |  0.96
        5317 |  1.12 |  1.11 |  1.06 |  1.07 |  0.96 |  0.82 |  0.96
        5317 |  1.12 |  1.11 |  1.06 |  1.07 |  0.96 |  0.82 |  0.96
        5317 |  1.12 |  1.11 |  1.06 |  1.07 |  0.96 |  0.82 |  0.96
        5317 |  1.12 |  1.11 |  1.06 |  1.07 |  0.96 |  0.82 |  0.96
        5317 |  1.12 |  1.11 |  1.06 |  1.07 |  0.96 |  0.82 |  0.96
        5317 |  1.12 |  1.11 |  1.06 |  1.07 |  0.96 |  0.82 |  0.96
        5317 |  1.12 |  1.11 |  1.06 |  1.07 |  0.96 |  0.82 |  0.96
        5317 |  1.12 |  1.11 |  1.06 |  1.07 |  0.96 |  0.82 |  0.96
        5317 |  1.12 |  1.11 |  1.06 |  1.07 |  0.96 |  0.82 |  0.96
        5317 |  1.12 |  1.11 |  1.06 |  1.07 |  0.96 |  0.82 |  0.96
        5317 |  1.12 |  1.11 |  1.06 |  1.07 |  0.96 |  0.82 |  0.96
        5317 |  1.12 |  1.11 |  1.06 |  1.07 |  0.96 |  0.82 |  0.96
        5317 |  1.12 |  1.11 |  1.06 |  1.07 |  0.96 |  0.82 |  0.96
        5317 |  1.12 |  1.11 |  1.06 |  1.07 |  0.96 |  0.82 |  0.96
        5317 |  1.12 |  1.11 |  1.06 |  1.07 |  0.96 |  0.82 |  0.96
        5317 |  1.12 |  1.11 |  1.06 |  1.07 |  0.96 |  0.82 |  0.96
        5317 |  1.12 |  1.11 |  1.06 |  1.07 |  0.96 |  0.82 |  0.96
        5317 |  1.12 |  1.11 |  1.06 |  1.07 |  0.96 |  0.82 |  0.96
        5318 |  1.08 |  1.00 |  1.06 |  0.91 |  1.01 |  1.03 |  0.94
        5318 |  1.08 |  1.00 |  1.06 |  0.91 |  1.01 |  1.03 |  0.94
        5318 |  1.08 |  1.00 |  1.06 |  0.91 |  1.01 |  1.03 |  0.94
        5318 |  1.08 |  1.00 |  1.06 |  0.91 |  1.01 |  1.03 |  0.94
        5318 |  1.08 |  1.00 |  1.06 |  0.91 |  1.01 |  1.03 |  0.94
        5318 |  1.08 |  1.00 |  1.06 |  0.91 |  1.01 |  1.03 |  0.94
        5318 |  1.08 |  1.00 |  1.06 |  0.91 |  1.01 |  1.03 |  0.94
        5318 |  1.08 |  1.00 |  1.06 |  0.91 |  1.01 |  1.03 |  0.94
        5318 |  1.08 |  1.00 |  1.06 |  0.91 |  1.01 |  1.03 |  0.94
        5318 |  1.08 |  1.00 |  1.06 |  0.91 |  1.01 |  1.03 |  0.94
        5318 |  1.08 |  1.00 |  1.06 |  0.91 |  1.01 |  1.03 |  0.94
        5318 |  1.08 |  1.00 |  1.06 |  0.91 |  1.01 |  1.03 |  0.94
        5318 |  1.08 |  1.00 |  1.06 |  0.91 |  1.01 |  1.03 |  0.94
        5318 |  1.08 |  1.00 |  1.06 |  0.91 |  1.01 |  1.03 |  0.94
        5318 |  1.08 |  1.00 |  1.06 |  0.91 |  1.01 |  1.03 |  0.94
        5318 |  1.08 |  1.00 |  1.06 |  0.91 |  1.01 |  1.03 |  0.94
        5318 |  1.08 |  1.00 |  1.06 |  0.91 |  1.01 |  1.03 |  0.94
        5318 |  1.08 |  1.00 |  1.06 |  0.91 |  1.01 |  1.03 |  0.94
        5318 |  1.08 |  1.00 |  1.06 |  0.91 |  1.01 |  1.03 |  0.94
        5318 |  1.08 |  1.00 |  1.06 |  0.91 |  1.01 |  1.03 |  0.94
        5318 |  1.08 |  1.00 |  1.06 |  0.91 |  1.01 |  1.03 |  0.94
        5318 |  1.08 |  1.00 |  1.06 |  0.91 |  1.01 |  1.03 |  0.94
        5318 |  1.08 |  1.00 |  1.06 |  0.91 |  1.01 |  1.03 |  0.94
        5318 |  1.08 |  1.00 |  1.06 |  0.91 |  1.01 |  1.03 |  0.94
        5318 |  1.08 |  1.00 |  1.06 |  0.91 |  1.01 |  1.03 |  0.94
        5318 |  1.08 |  1.00 |  1.06 |  0.91 |  1.01 |  1.03 |  0.94
        5318 |  1.08 |  1.00 |  1.06 |  0.91 |  1.01 |  1.03 |  0.94
        5318 |  1.08 |  1.00 |  1.06 |  0.91 |  1.01 |  1.03 |  0.94
        5318 |  1.08 |  1.00 |  1.06 |  0.91 |  1.01 |  1.03 |  0.94
        5318 |  1.08 |  1.00 |  1.06 |  0.91 |  1.01 |  1.03 |  0.94
        5318 |  1.08 |  1.00 |  1.06 |  0.91 |  1.01 |  1.03 |  0.94
        5318 |  1.08 |  1.00 |  1.06 |  0.91 |  1.01 |  1.03 |  0.94
        5318 |  1.08 |  1.00 |  1.06 |  0.91 |  1.01 |  1.03 |  0.94
        5318 |  1.08 |  1.00 |  1.06 |  0.91 |  1.01 |  1.03 |  0.94
        5318 |  1.08 |  1.00 |  1.06 |  0.91 |  1.01 |  1.03 |  0.94
        5318 |  1.08 |  1.00 |  1.06 |  0.91 |  1.01 |  1.03 |  0.94
        5318 |  1.08 |  1.00 |  1.06 |  0.91 |  1.01 |  1.03 |  0.94
        5318 |  1.08 |  1.00 |  1.06 |  0.91 |  1.01 |  1.03 |  0.94
        5318 |  1.08 |  1.00 |  1.06 |  0.91 |  1.01 |  1.03 |  0.94
        5318 |  1.08 |  1.00 |  1.06 |  0.91 |  1.01 |  1.03 |  0.94
        5318 |  1.08 |  1.00 |  1.06 |  0.91 |  1.01 |  1.03 |  0.94
        5318 |  1.08 |  1.00 |  1.06 |  0.91 |  1.01 |  1.03 |  0.94
        5318 |  1.08 |  1.00 |  1.06 |  0.91 |  1.01 |  1.03 |  0.94
        5318 |  1.08 |  1.00 |  1.06 |  0.91 |  1.01 |  1.03 |  0.94
        5318 |  1.08 |  1.00 |  1.06 |  0.91 |  1.01 |  1.03 |  0.94
        5318 |  1.08 |  1.00 |  1.06 |  0.91 |  1.01 |  1.03 |  0.94
        5318 |  1.08 |  1.00 |  1.06 |  0.91 |  1.01 |  1.03 |  0.94
        5318 |  1.08 |  1.00 |  1.06 |  0.91 |  1.01 |  1.03 |  0.94
        5318 |  1.08 |  1.00 |  1.06 |  0.91 |  1.01 |  1.03 |  0.94
        5319 |  0.90 |  0.91 |  0.94 |  1.01 |  1.02 |  1.01 |  0.97
        5319 |  0.90 |  0.91 |  0.94 |  1.01 |  1.02 |  1.01 |  0.97
        5319 |  0.90 |  0.91 |  0.94 |  1.01 |  1.02 |  1.01 |  0.97
        5319 |  0.90 |  0.91 |  0.94 |  1.01 |  1.02 |  1.01 |  0.97
        5319 |  0.90 |  0.91 |  0.94 |  1.01 |  1.02 |  1.01 |  0.97
        5319 |  0.90 |  0.91 |  0.94 |  1.01 |  1.02 |  1.01 |  0.97
        5319 |  0.90 |  0.91 |  0.94 |  1.01 |  1.02 |  1.01 |  0.97
        5319 |  0.90 |  0.91 |  0.94 |  1.01 |  1.02 |  1.01 |  0.97
        5319 |  0.90 |  0.91 |  0.94 |  1.01 |  1.02 |  1.01 |  0.97
        5319 |  0.90 |  0.91 |  0.94 |  1.01 |  1.02 |  1.01 |  0.97
        5319 |  0.90 |  0.91 |  0.94 |  1.01 |  1.02 |  1.01 |  0.97
        5319 |  0.90 |  0.91 |  0.94 |  1.01 |  1.02 |  1.01 |  0.97
        5319 |  0.90 |  0.91 |  0.94 |  1.01 |  1.02 |  1.01 |  0.97
        5319 |  0.90 |  0.91 |  0.94 |  1.01 |  1.02 |  1.01 |  0.97
        5319 |  0.90 |  0.91 |  0.94 |  1.01 |  1.02 |  1.01 |  0.97
        5319 |  0.90 |  0.91 |  0.94 |  1.01 |  1.02 |  1.01 |  0.97
        5319 |  0.90 |  0.91 |  0.94 |  1.01 |  1.02 |  1.01 |  0.97
        5319 |  0.90 |  0.91 |  0.94 |  1.01 |  1.02 |  1.01 |  0.97
        5319 |  0.90 |  0.91 |  0.94 |  1.01 |  1.02 |  1.01 |  0.97
        5319 |  0.90 |  0.91 |  0.94 |  1.01 |  1.02 |  1.01 |  0.97
        5319 |  0.90 |  0.91 |  0.94 |  1.01 |  1.02 |  1.01 |  0.97
        5319 |  0.90 |  0.91 |  0.94 |  1.01 |  1.02 |  1.01 |  0.97
        5319 |  0.90 |  0.91 |  0.94 |  1.01 |  1.02 |  1.01 |  0.97
        5319 |  0.90 |  0.91 |  0.94 |  1.01 |  1.02 |  1.01 |  0.97
        5319 |  0.90 |  0.91 |  0.94 |  1.01 |  1.02 |  1.01 |  0.97
        5319 |  0.90 |  0.91 |  0.94 |  1.01 |  1.02 |  1.01 |  0.97
        5319 |  0.90 |  0.91 |  0.94 |  1.01 |  1.02 |  1.01 |  0.97
        5319 |  0.90 |  0.91 |  0.94 |  1.01 |  1.02 |  1.01 |  0.97
        5319 |  0.90 |  0.91 |  0.94 |  1.01 |  1.02 |  1.01 |  0.97
        5319 |  0.90 |  0.91 |  0.94 |  1.01 |  1.02 |  1.01 |  0.97
        5319 |  0.90 |  0.91 |  0.94 |  1.01 |  1.02 |  1.01 |  0.97
        5319 |  0.90 |  0.91 |  0.94 |  1.01 |  1.02 |  1.01 |  0.97
        5319 |  0.90 |  0.91 |  0.94 |  1.01 |  1.02 |  1.01 |  0.97
        5319 |  0.90 |  0.91 |  0.94 |  1.01 |  1.02 |  1.01 |  0.97
        5319 |  0.90 |  0.91 |  0.94 |  1.01 |  1.02 |  1.01 |  0.97
        5319 |  0.90 |  0.91 |  0.94 |  1.01 |  1.02 |  1.01 |  0.97
        5319 |  0.90 |  0.91 |  0.94 |  1.01 |  1.02 |  1.01 |  0.97
        5319 |  0.90 |  0.91 |  0.94 |  1.01 |  1.02 |  1.01 |  0.97
        5319 |  0.90 |  0.91 |  0.94 |  1.01 |  1.02 |  1.01 |  0.97
        5319 |  0.90 |  0.91 |  0.94 |  1.01 |  1.02 |  1.01 |  0.97
        5319 |  0.90 |  0.91 |  0.94 |  1.01 |  1.02 |  1.01 |  0.97
        5319 |  0.90 |  0.91 |  0.94 |  1.01 |  1.02 |  1.01 |  0.97
        5319 |  0.90 |  0.91 |  0.94 |  1.01 |  1.02 |  1.01 |  0.97
        5319 |  0.90 |  0.91 |  0.94 |  1.01 |  1.02 |  1.01 |  0.97
        5319 |  0.90 |  0.91 |  0.94 |  1.01 |  1.02 |  1.01 |  0.97
        5319 |  0.90 |  0.91 |  0.94 |  1.01 |  1.02 |  1.01 |  0.97
        5319 |  0.90 |  0.91 |  0.94 |  1.01 |  1.02 |  1.01 |  0.97
        5319 |  0.90 |  0.91 |  0.94 |  1.01 |  1.02 |  1.01 |  0.97
        5319 |  0.90 |  0.91 |  0.94 |  1.01 |  1.02 |  1.01 |  0.97
        5320 |  1.02 |  1.07 |  1.00 |  1.00 |  0.99 |  1.21 |  0.94
        5320 |  1.02 |  1.07 |  1.00 |  1.00 |  0.99 |  1.21 |  0.94
        5320 |  1.02 |  1.07 |  1.00 |  1.00 |  0.99 |  1.21 |  0.94
        5320 |  1.02 |  1.07 |  1.00 |  1.00 |  0.99 |  1.21 |  0.94
        5320 |  1.02 |  1.07 |  1.00 |  1.00 |  0.99 |  1.21 |  0.94
        5320 |  1.02 |  1.07 |  1.00 |  1.00 |  0.99 |  1.21 |  0.94
        5320 |  1.02 |  1.07 |  1.00 |  1.00 |  0.99 |  1.21 |  0.94
        5320 |  1.02 |  1.07 |  1.00 |  1.00 |  0.99 |  1.21 |  0.94
        5320 |  1.02 |  1.07 |  1.00 |  1.00 |  0.99 |  1.21 |  0.94
        5320 |  1.02 |  1.07 |  1.00 |  1.00 |  0.99 |  1.21 |  0.94
        5320 |  1.02 |  1.07 |  1.00 |  1.00 |  0.99 |  1.21 |  0.94
        5320 |  1.02 |  1.07 |  1.00 |  1.00 |  0.99 |  1.21 |  0.94
        5320 |  1.02 |  1.07 |  1.00 |  1.00 |  0.99 |  1.21 |  0.94
        5320 |  1.02 |  1.07 |  1.00 |  1.00 |  0.99 |  1.21 |  0.94
        5320 |  1.02 |  1.07 |  1.00 |  1.00 |  0.99 |  1.21 |  0.94
        5320 |  1.02 |  1.07 |  1.00 |  1.00 |  0.99 |  1.21 |  0.94
        5320 |  1.02 |  1.07 |  1.00 |  1.00 |  0.99 |  1.21 |  0.94
        5320 |  1.02 |  1.07 |  1.00 |  1.00 |  0.99 |  1.21 |  0.94
        5320 |  1.02 |  1.07 |  1.00 |  1.00 |  0.99 |  1.21 |  0.94
        5320 |  1.02 |  1.07 |  1.00 |  1.00 |  0.99 |  1.21 |  0.94
        5320 |  1.02 |  1.07 |  1.00 |  1.00 |  0.99 |  1.21 |  0.94
        5320 |  1.02 |  1.07 |  1.00 |  1.00 |  0.99 |  1.21 |  0.94
        5320 |  1.02 |  1.07 |  1.00 |  1.00 |  0.99 |  1.21 |  0.94
        5320 |  1.02 |  1.07 |  1.00 |  1.00 |  0.99 |  1.21 |  0.94
        5320 |  1.02 |  1.07 |  1.00 |  1.00 |  0.99 |  1.21 |  0.94
        5320 |  1.02 |  1.07 |  1.00 |  1.00 |  0.99 |  1.21 |  0.94
        5320 |  1.02 |  1.07 |  1.00 |  1.00 |  0.99 |  1.21 |  0.94
        5320 |  1.02 |  1.07 |  1.00 |  1.00 |  0.99 |  1.21 |  0.94
        5320 |  1.02 |  1.07 |  1.00 |  1.00 |  0.99 |  1.21 |  0.94
        5320 |  1.02 |  1.07 |  1.00 |  1.00 |  0.99 |  1.21 |  0.94
        5320 |  1.02 |  1.07 |  1.00 |  1.00 |  0.99 |  1.21 |  0.94
        5320 |  1.02 |  1.07 |  1.00 |  1.00 |  0.99 |  1.21 |  0.94
        5320 |  1.02 |  1.07 |  1.00 |  1.00 |  0.99 |  1.21 |  0.94
        5320 |  1.02 |  1.07 |  1.00 |  1.00 |  0.99 |  1.21 |  0.94
        5320 |  1.02 |  1.07 |  1.00 |  1.00 |  0.99 |  1.21 |  0.94
        5320 |  1.02 |  1.07 |  1.00 |  1.00 |  0.99 |  1.21 |  0.94
        5320 |  1.02 |  1.07 |  1.00 |  1.00 |  0.99 |  1.21 |  0.94
        5320 |  1.02 |  1.07 |  1.00 |  1.00 |  0.99 |  1.21 |  0.94
        5320 |  1.02 |  1.07 |  1.00 |  1.00 |  0.99 |  1.21 |  0.94
        5320 |  1.02 |  1.07 |  1.00 |  1.00 |  0.99 |  1.21 |  0.94
        5320 |  1.02 |  1.07 |  1.00 |  1.00 |  0.99 |  1.21 |  0.94
        5320 |  1.02 |  1.07 |  1.00 |  1.00 |  0.99 |  1.21 |  0.94
        5320 |  1.02 |  1.07 |  1.00 |  1.00 |  0.99 |  1.21 |  0.94
        5320 |  1.02 |  1.07 |  1.00 |  1.00 |  0.99 |  1.21 |  0.94
        5320 |  1.02 |  1.07 |  1.00 |  1.00 |  0.99 |  1.21 |  0.94
        5320 |  1.02 |  1.07 |  1.00 |  1.00 |  0.99 |  1.21 |  0.94
        5320 |  1.02 |  1.07 |  1.00 |  1.00 |  0.99 |  1.21 |  0.94
        5320 |  1.02 |  1.07 |  1.00 |  1.00 |  0.99 |  1.21 |  0.94
        5320 |  1.02 |  1.07 |  1.00 |  1.00 |  0.99 |  1.21 |  0.94
        5321 |  1.02 |  1.07 |  1.05 |  1.08 |  0.98 |  1.09 |  0.93
        5321 |  1.02 |  1.07 |  1.05 |  1.08 |  0.98 |  1.09 |  0.93
        5321 |  1.02 |  1.07 |  1.05 |  1.08 |  0.98 |  1.09 |  0.93
        5321 |  1.02 |  1.07 |  1.05 |  1.08 |  0.98 |  1.09 |  0.93
        5321 |  1.02 |  1.07 |  1.05 |  1.08 |  0.98 |  1.09 |  0.93
        5321 |  1.02 |  1.07 |  1.05 |  1.08 |  0.98 |  1.09 |  0.93
        5321 |  1.02 |  1.07 |  1.05 |  1.08 |  0.98 |  1.09 |  0.93
        5321 |  1.02 |  1.07 |  1.05 |  1.08 |  0.98 |  1.09 |  0.93
        5321 |  1.02 |  1.07 |  1.05 |  1.08 |  0.98 |  1.09 |  0.93
        5321 |  1.02 |  1.07 |  1.05 |  1.08 |  0.98 |  1.09 |  0.93
        5321 |  1.02 |  1.07 |  1.05 |  1.08 |  0.98 |  1.09 |  0.93
        5321 |  1.02 |  1.07 |  1.05 |  1.08 |  0.98 |  1.09 |  0.93
        5321 |  1.02 |  1.07 |  1.05 |  1.08 |  0.98 |  1.09 |  0.93
        5321 |  1.02 |  1.07 |  1.05 |  1.08 |  0.98 |  1.09 |  0.93
        5321 |  1.02 |  1.07 |  1.05 |  1.08 |  0.98 |  1.09 |  0.93
        5321 |  1.02 |  1.07 |  1.05 |  1.08 |  0.98 |  1.09 |  0.93
        5321 |  1.02 |  1.07 |  1.05 |  1.08 |  0.98 |  1.09 |  0.93
        5321 |  1.02 |  1.07 |  1.05 |  1.08 |  0.98 |  1.09 |  0.93
        5321 |  1.02 |  1.07 |  1.05 |  1.08 |  0.98 |  1.09 |  0.93
        5321 |  1.02 |  1.07 |  1.05 |  1.08 |  0.98 |  1.09 |  0.93
        5321 |  1.02 |  1.07 |  1.05 |  1.08 |  0.98 |  1.09 |  0.93
        5321 |  1.02 |  1.07 |  1.05 |  1.08 |  0.98 |  1.09 |  0.93
        5321 |  1.02 |  1.07 |  1.05 |  1.08 |  0.98 |  1.09 |  0.93
        5321 |  1.02 |  1.07 |  1.05 |  1.08 |  0.98 |  1.09 |  0.93
        5321 |  1.02 |  1.07 |  1.05 |  1.08 |  0.98 |  1.09 |  0.93
        5321 |  1.02 |  1.07 |  1.05 |  1.08 |  0.98 |  1.09 |  0.93
        5321 |  1.02 |  1.07 |  1.05 |  1.08 |  0.98 |  1.09 |  0.93
        5321 |  1.02 |  1.07 |  1.05 |  1.08 |  0.98 |  1.09 |  0.93
        5321 |  1.02 |  1.07 |  1.05 |  1.08 |  0.98 |  1.09 |  0.93
        5321 |  1.02 |  1.07 |  1.05 |  1.08 |  0.98 |  1.09 |  0.93
        5321 |  1.02 |  1.07 |  1.05 |  1.08 |  0.98 |  1.09 |  0.93
        5321 |  1.02 |  1.07 |  1.05 |  1.08 |  0.98 |  1.09 |  0.93
        5321 |  1.02 |  1.07 |  1.05 |  1.08 |  0.98 |  1.09 |  0.93
        5321 |  1.02 |  1.07 |  1.05 |  1.08 |  0.98 |  1.09 |  0.93
        5321 |  1.02 |  1.07 |  1.05 |  1.08 |  0.98 |  1.09 |  0.93
        5321 |  1.02 |  1.07 |  1.05 |  1.08 |  0.98 |  1.09 |  0.93
        5321 |  1.02 |  1.07 |  1.05 |  1.08 |  0.98 |  1.09 |  0.93
        5321 |  1.02 |  1.07 |  1.05 |  1.08 |  0.98 |  1.09 |  0.93
        5321 |  1.02 |  1.07 |  1.05 |  1.08 |  0.98 |  1.09 |  0.93
        5321 |  1.02 |  1.07 |  1.05 |  1.08 |  0.98 |  1.09 |  0.93
        5321 |  1.02 |  1.07 |  1.05 |  1.08 |  0.98 |  1.09 |  0.93
        5321 |  1.02 |  1.07 |  1.05 |  1.08 |  0.98 |  1.09 |  0.93
        5321 |  1.02 |  1.07 |  1.05 |  1.08 |  0.98 |  1.09 |  0.93
        5321 |  1.02 |  1.07 |  1.05 |  1.08 |  0.98 |  1.09 |  0.93
        5321 |  1.02 |  1.07 |  1.05 |  1.08 |  0.98 |  1.09 |  0.93
        5321 |  1.02 |  1.07 |  1.05 |  1.08 |  0.98 |  1.09 |  0.93
        5321 |  1.02 |  1.07 |  1.05 |  1.08 |  0.98 |  1.09 |  0.93
        5321 |  1.02 |  1.07 |  1.05 |  1.08 |  0.98 |  1.09 |  0.93
        5321 |  1.02 |  1.07 |  1.05 |  1.08 |  0.98 |  1.09 |  0.93
        5322 |  5.04 |  5.06 |  1.06 |  1.92 |  2.07 |  6.30 |  5.21
        5322 |  5.04 |  5.06 |  1.06 |  1.92 |  2.07 |  6.30 |  5.21
        5322 |  5.04 |  5.06 |  1.06 |  1.92 |  2.07 |  6.30 |  5.21
        5322 |  5.04 |  5.06 |  1.06 |  1.92 |  2.07 |  6.30 |  5.21
        5322 |  5.04 |  5.06 |  1.06 |  1.92 |  2.07 |  6.30 |  5.21
        5322 |  5.04 |  5.06 |  1.06 |  1.92 |  2.07 |  6.30 |  5.21
        5322 |  5.04 |  5.06 |  1.06 |  1.92 |  2.07 |  6.30 |  5.21
(2513 rows)

UPDATE time_statistics SET e_time = TRANSACTION_TIMESTAMP() WHERE template = '../query_postgresql/query2.tpl' AND stream = 3;
psql:/tmp/s1-basline/throughput/query_3.sql:2755: NOTICE:  duration: 0.050 ms  plan:
Query Text: UPDATE time_statistics SET e_time = TRANSACTION_TIMESTAMP() WHERE template = '../query_postgresql/query2.tpl' AND stream = 3;
Update on time_statistics  (cost=0.00..7.29 rows=0 width=0) (actual time=0.050..0.050 rows=0 loops=1)
  ->  Seq Scan on time_statistics  (cost=0.00..7.29 rows=1 width=14) (actual time=0.035..0.035 rows=1 loops=1)
        Filter: ((template = '../query_postgresql/query2.tpl'::text) AND (stream = 3))
        Rows Removed by Filter: 244
UPDATE 1
LOAD 'auto_explain'; SET auto_explain.log_min_duration TO 0; SET auto_explain.log_analyze TO on; SET auto_explain.log_level TO notice; INSERT INTO time_statistics (template, s_time, stream, query, seed) VALUES ('query44.tpl', TRANSACTION_TIMESTAMP(), 3, 59, 254279109);
LOAD
SET
SET
SET
psql:/tmp/s1-basline/throughput/query_3.sql:2756: NOTICE:  duration: 0.008 ms  plan:
Query Text: INSERT INTO time_statistics (template, s_time, stream, query, seed) VALUES ('query44.tpl', TRANSACTION_TIMESTAMP(), 3, 59, 254279109);
Insert on time_statistics  (cost=0.00..0.01 rows=0 width=0) (actual time=0.008..0.008 rows=0 loops=1)
  ->  Result  (cost=0.00..0.01 rows=1 width=64) (actual time=0.001..0.001 rows=1 loops=1)
INSERT 0 1
select  asceding.rnk, i1.i_product_name best_performing, i2.i_product_name worst_performing
from(select *
     from (select item_sk,rank() over (order by rank_col asc) rnk
           from (select ss_item_sk item_sk,avg(ss_net_profit) rank_col 
                 from store_sales ss1
                 where ss_store_sk = 4
                 group by ss_item_sk
                 having avg(ss_net_profit) > 0.9*(select avg(ss_net_profit) rank_col
                                                  from store_sales
                                                  where ss_store_sk = 4
                                                    and ss_promo_sk is null
                                                  group by ss_store_sk))V1)V11
     where rnk  < 11) asceding,
    (select *
     from (select item_sk,rank() over (order by rank_col desc) rnk
           from (select ss_item_sk item_sk,avg(ss_net_profit) rank_col
                 from store_sales ss1
                 where ss_store_sk = 4
                 group by ss_item_sk
                 having avg(ss_net_profit) > 0.9*(select avg(ss_net_profit) rank_col
                                                  from store_sales
                                                  where ss_store_sk = 4
                                                    and ss_promo_sk is null
                                                  group by ss_store_sk))V2)V21
     where rnk  < 11) descending,
item i1,
item i2
where asceding.rnk = descending.rnk 
  and i1.i_item_sk=asceding.item_sk
  and i2.i_item_sk=descending.item_sk
order by asceding.rnk
limit 100;
psql:/tmp/s1-basline/throughput/query_3.sql:2788: NOTICE:  duration: 950.316 ms  plan:
Query Text: select  asceding.rnk, i1.i_product_name best_performing, i2.i_product_name worst_performing
from(select *
     from (select item_sk,rank() over (order by rank_col asc) rnk
           from (select ss_item_sk item_sk,avg(ss_net_profit) rank_col 
                 from store_sales ss1
                 where ss_store_sk = 4
                 group by ss_item_sk
                 having avg(ss_net_profit) > 0.9*(select avg(ss_net_profit) rank_col
                                                  from store_sales
                                                  where ss_store_sk = 4
                                                    and ss_promo_sk is null
                                                  group by ss_store_sk))V1)V11
     where rnk  < 11) asceding,
    (select *
     from (select item_sk,rank() over (order by rank_col desc) rnk
           from (select ss_item_sk item_sk,avg(ss_net_profit) rank_col
                 from store_sales ss1
                 where ss_store_sk = 4
                 group by ss_item_sk
                 having avg(ss_net_profit) > 0.9*(select avg(ss_net_profit) rank_col
                                                  from store_sales
                                                  where ss_store_sk = 4
                                                    and ss_promo_sk is null
                                                  group by ss_store_sk))V2)V21
     where rnk  < 11) descending,
item i1,
item i2
where asceding.rnk = descending.rnk 
  and i1.i_item_sk=asceding.item_sk
  and i2.i_item_sk=descending.item_sk
order by asceding.rnk
limit 100;
Limit  (cost=377709.35..377710.87 rows=100 width=110) (actual time=881.826..950.305 rows=10 loops=1)
  ->  Merge Join  (cost=377709.35..380008.09 rows=151415 width=110) (actual time=881.825..950.303 rows=10 loops=1)
        Merge Cond: ((rank() OVER (?)) = (rank() OVER (?)))
        ->  Sort  (cost=188854.68..188868.43 rows=5503 width=59) (actual time=438.233..438.451 rows=10 loops=1)
              Sort Key: (rank() OVER (?))
              Sort Method: quicksort  Memory: 26kB
              ->  Nested Loop  (cost=185250.01..188512.77 rows=5503 width=59) (actual time=438.183..438.446 rows=10 loops=1)
                    ->  WindowAgg  (cost=185249.73..185346.03 rows=5503 width=24) (actual time=438.163..438.387 rows=10 loops=1)
                          Run Condition: (rank() OVER (?) < 11)
                          ->  Sort  (cost=185249.73..185263.48 rows=5503 width=16) (actual time=438.155..438.371 rows=12 loops=1)
                                Sort Key: v1.rank_col
                                Sort Method: quicksort  Memory: 568kB
                                ->  Subquery Scan on v1  (cost=180546.69..184907.83 rows=5503 width=16) (actual time=416.890..436.850 rows=6866 loops=1)
                                      ->  Finalize GroupAggregate  (cost=180546.69..184852.80 rows=5503 width=16) (actual time=416.889..436.347 rows=6866 loops=1)
                                            Group Key: ss1.ss_item_sk
                                            Filter: (avg(ss1.ss_net_profit) > ('0.9'::double precision * $1))
                                            Rows Removed by Filter: 11134
                                            InitPlan 1 (returns $1)
                                              ->  Finalize GroupAggregate  (cost=1000.00..89166.04 rows=6 width=16) (actual time=181.992..182.113 rows=1 loops=1)
                                                    Group Key: store_sales.ss_store_sk
                                                    ->  Gather  (cost=1000.00..89165.90 rows=12 width=40) (actual time=181.909..182.104 rows=3 loops=1)
                                                          Workers Planned: 2
                                                          Workers Launched: 2
                                                          ->  Partial GroupAggregate  (cost=0.00..88164.70 rows=6 width=40) (actual time=177.928..177.929 rows=1 loops=3)
                                                                Group Key: store_sales.ss_store_sk
                                                                ->  Parallel Seq Scan on store_sales  (cost=0.00..88121.35 rows=8658 width=16) (actual time=0.068..177.091 rows=3657 loops=3)
                                                                      Filter: ((ss_promo_sk IS NULL) AND (ss_store_sk = 4))
                                                                      Rows Removed by Filter: 955653
                                            ->  Gather Merge  (cost=91380.65..95232.79 rows=33016 width=40) (actual time=234.867..244.228 rows=53556 loops=1)
                                                  Workers Planned: 2
                                                  Workers Launched: 2
                                                  ->  Sort  (cost=90380.63..90421.90 rows=16508 width=40) (actual time=229.961..232.459 rows=17852 loops=3)
                                                        Sort Key: ss1.ss_item_sk
                                                        Sort Method: quicksort  Memory: 2454kB
                                                        Worker 0:  Sort Method: quicksort  Memory: 2437kB
                                                        Worker 1:  Sort Method: quicksort  Memory: 2435kB
                                                        ->  Partial HashAggregate  (cost=89059.09..89224.17 rows=16508 width=40) (actual time=222.869..225.843 rows=17852 loops=3)
                                                              Group Key: ss1.ss_item_sk
                                                              Batches: 1  Memory Usage: 3857kB
                                                              Worker 0:  Batches: 1  Memory Usage: 3857kB
                                                              Worker 1:  Batches: 1  Memory Usage: 3857kB
                                                              ->  Parallel Seq Scan on store_sales ss1  (cost=0.00..88121.35 rows=187547 width=16) (actual time=0.037..181.840 rows=152488 loops=3)
                                                                    Filter: (ss_store_sk = 4)
                                                                    Rows Removed by Filter: 806821
                    ->  Index Scan using pk_item on item i1  (cost=0.29..0.57 rows=1 width=59) (actual time=0.005..0.005 rows=1 loops=10)
                          Index Cond: (i_item_sk = v1.item_sk)
        ->  Sort  (cost=188854.68..188868.43 rows=5503 width=59) (actual time=443.587..511.844 rows=10 loops=1)
              Sort Key: (rank() OVER (?))
              Sort Method: quicksort  Memory: 26kB
              ->  Nested Loop  (cost=185250.01..188512.77 rows=5503 width=59) (actual time=443.537..511.833 rows=10 loops=1)
                    ->  WindowAgg  (cost=185249.73..185346.03 rows=5503 width=24) (actual time=443.518..511.781 rows=10 loops=1)
                          Run Condition: (rank() OVER (?) < 11)
                          ->  Sort  (cost=185249.73..185263.48 rows=5503 width=16) (actual time=443.510..511.766 rows=12 loops=1)
                                Sort Key: v2.rank_col DESC
                                Sort Method: quicksort  Memory: 568kB
                                ->  Subquery Scan on v2  (cost=180546.69..184907.83 rows=5503 width=16) (actual time=422.443..510.227 rows=6866 loops=1)
                                      ->  Finalize GroupAggregate  (cost=180546.69..184852.80 rows=5503 width=16) (actual time=422.442..509.728 rows=6866 loops=1)
                                            Group Key: ss1_1.ss_item_sk
                                            Filter: (avg(ss1_1.ss_net_profit) > ('0.9'::double precision * $3))
                                            Rows Removed by Filter: 11134
                                            InitPlan 2 (returns $3)
                                              ->  Finalize GroupAggregate  (cost=1000.00..89166.04 rows=6 width=16) (actual time=184.115..230.652 rows=1 loops=1)
                                                    Group Key: store_sales_1.ss_store_sk
                                                    ->  Gather  (cost=1000.00..89165.90 rows=12 width=40) (actual time=184.020..230.644 rows=3 loops=1)
                                                          Workers Planned: 2
                                                          Workers Launched: 2
                                                          ->  Partial GroupAggregate  (cost=0.00..88164.70 rows=6 width=40) (actual time=179.958..179.959 rows=1 loops=3)
                                                                Group Key: store_sales_1.ss_store_sk
                                                                ->  Parallel Seq Scan on store_sales store_sales_1  (cost=0.00..88121.35 rows=8658 width=16) (actual time=0.092..179.115 rows=3657 loops=3)
                                                                      Filter: ((ss_promo_sk IS NULL) AND (ss_store_sk = 4))
                                                                      Rows Removed by Filter: 955653
                                            ->  Gather Merge  (cost=91380.65..95232.79 rows=33016 width=40) (actual time=238.306..268.996 rows=53455 loops=1)
                                                  Workers Planned: 2
                                                  Workers Launched: 2
                                                  ->  Sort  (cost=90380.63..90421.90 rows=16508 width=40) (actual time=233.326..235.746 rows=17818 loops=3)
                                                        Sort Key: ss1_1.ss_item_sk
                                                        Sort Method: quicksort  Memory: 2454kB
                                                        Worker 0:  Sort Method: quicksort  Memory: 2433kB
                                                        Worker 1:  Sort Method: quicksort  Memory: 2430kB
                                                        ->  Partial HashAggregate  (cost=89059.09..89224.17 rows=16508 width=40) (actual time=226.287..229.255 rows=17818 loops=3)
                                                              Group Key: ss1_1.ss_item_sk
                                                              Batches: 1  Memory Usage: 3857kB
                                                              Worker 0:  Batches: 1  Memory Usage: 3857kB
                                                              Worker 1:  Batches: 1  Memory Usage: 3857kB
                                                              ->  Parallel Seq Scan on store_sales ss1_1  (cost=0.00..88121.35 rows=187547 width=16) (actual time=0.037..185.015 rows=152488 loops=3)
                                                                    Filter: (ss_store_sk = 4)
                                                                    Rows Removed by Filter: 806821
                    ->  Index Scan using pk_item on item i2  (cost=0.29..0.57 rows=1 width=59) (actual time=0.004..0.004 rows=1 loops=10)
                          Index Cond: (i_item_sk = v2.item_sk)
 rnk |                  best_performing                   |                  worst_performing                  
-----+----------------------------------------------------+----------------------------------------------------
   1 | eingoughtn station                                 | eingoughtoughtoughtought                          
   2 | n stcallyeingeseought                              | ableeingationese                                  
   3 | priableationpriought                               | eseeseoughtantiought                              
   4 | ationcallyn stought                                | barbaroughtoughtought                             
   5 | n steingoughtation                                 | esebarationese                                    
   6 | ationcallyationationought                          | eingableeseought                                  
   7 | n stbarcallycallyought                             | esecallyeingcally                                 
   8 | ationeseprioughtought                              | ablecallyoughtantiought                           
   9 | antieseantiought                                   | eingeingbaranti                                   
  10 | prieseablecally                                    | eingoughtcallyableought                           
(10 rows)

UPDATE time_statistics SET e_time = TRANSACTION_TIMESTAMP() WHERE template = 'query44.tpl' AND stream = 3;
psql:/tmp/s1-basline/throughput/query_3.sql:2790: NOTICE:  duration: 0.055 ms  plan:
Query Text: UPDATE time_statistics SET e_time = TRANSACTION_TIMESTAMP() WHERE template = 'query44.tpl' AND stream = 3;
Update on time_statistics  (cost=0.00..7.29 rows=0 width=0) (actual time=0.055..0.055 rows=0 loops=1)
  ->  Seq Scan on time_statistics  (cost=0.00..7.29 rows=1 width=14) (actual time=0.039..0.040 rows=1 loops=1)
        Filter: ((template = 'query44.tpl'::text) AND (stream = 3))
        Rows Removed by Filter: 245
UPDATE 1
LOAD 'auto_explain'; SET auto_explain.log_min_duration TO 0; SET auto_explain.log_analyze TO on; SET auto_explain.log_level TO notice; INSERT INTO time_statistics (template, s_time, stream, query, seed) VALUES ('query81.tpl', TRANSACTION_TIMESTAMP(), 3, 60, 1221649924);
LOAD
SET
SET
SET
psql:/tmp/s1-basline/throughput/query_3.sql:2791: NOTICE:  duration: 0.008 ms  plan:
Query Text: INSERT INTO time_statistics (template, s_time, stream, query, seed) VALUES ('query81.tpl', TRANSACTION_TIMESTAMP(), 3, 60, 1221649924);
Insert on time_statistics  (cost=0.00..0.01 rows=0 width=0) (actual time=0.007..0.008 rows=0 loops=1)
  ->  Result  (cost=0.00..0.01 rows=1 width=64) (actual time=0.001..0.001 rows=1 loops=1)
INSERT 0 1
with customer_total_return as
 (select cr_returning_customer_sk as ctr_customer_sk
        ,ca_state as ctr_state, 
 	sum(cr_return_amt_inc_tax) as ctr_total_return
 from catalog_returns
     ,date_dim
     ,customer_address
 where cr_returned_date_sk = d_date_sk 
   and d_year =2001
   and cr_returning_addr_sk = ca_address_sk 
 group by cr_returning_customer_sk
         ,ca_state )
  select  c_customer_id,c_salutation,c_first_name,c_last_name,ca_street_number,ca_street_name
                   ,ca_street_type,ca_suite_number,ca_city,ca_county,ca_state,ca_zip,ca_country,ca_gmt_offset
                  ,ca_location_type,ctr_total_return
 from customer_total_return ctr1
     ,customer_address
     ,customer
 where ctr1.ctr_total_return > (select avg(ctr_total_return)*1.2
 			  from customer_total_return ctr2 
                  	  where ctr1.ctr_state = ctr2.ctr_state)
       and ca_address_sk = c_current_addr_sk
       and ca_state = 'IN'
       and ctr1.ctr_customer_sk = c_customer_sk
 order by c_customer_id,c_salutation,c_first_name,c_last_name,ca_street_number,ca_street_name
                   ,ca_street_type,ca_suite_number,ca_city,ca_county,ca_state,ca_zip,ca_country,ca_gmt_offset
                  ,ca_location_type,ctr_total_return
 limit 100;
psql:/tmp/s1-basline/throughput/query_3.sql:2819: NOTICE:  duration: 73340.569 ms  plan:
Query Text: with customer_total_return as
 (select cr_returning_customer_sk as ctr_customer_sk
        ,ca_state as ctr_state, 
 	sum(cr_return_amt_inc_tax) as ctr_total_return
 from catalog_returns
     ,date_dim
     ,customer_address
 where cr_returned_date_sk = d_date_sk 
   and d_year =2001
   and cr_returning_addr_sk = ca_address_sk 
 group by cr_returning_customer_sk
         ,ca_state )
  select  c_customer_id,c_salutation,c_first_name,c_last_name,ca_street_number,ca_street_name
                   ,ca_street_type,ca_suite_number,ca_city,ca_county,ca_state,ca_zip,ca_country,ca_gmt_offset
                  ,ca_location_type,ctr_total_return
 from customer_total_return ctr1
     ,customer_address
     ,customer
 where ctr1.ctr_total_return > (select avg(ctr_total_return)*1.2
 			  from customer_total_return ctr2 
                  	  where ctr1.ctr_state = ctr2.ctr_state)
       and ca_address_sk = c_current_addr_sk
       and ca_state = 'IN'
       and ctr1.ctr_customer_sk = c_customer_sk
 order by c_customer_id,c_salutation,c_first_name,c_last_name,ca_street_number,ca_street_name
                   ,ca_street_type,ca_suite_number,ca_city,ca_county,ca_state,ca_zip,ca_country,ca_gmt_offset
                  ,ca_location_type,ctr_total_return
 limit 100;
Limit  (cost=16376.50..16376.52 rows=7 width=215) (actual time=73340.421..73340.436 rows=100 loops=1)
  CTE customer_total_return
    ->  GroupAggregate  (cost=4667.97..4682.01 rows=702 width=19) (actual time=75.531..86.636 rows=27777 loops=1)
          Group Key: catalog_returns.cr_returning_customer_sk, customer_address_1.ca_state
          ->  Sort  (cost=4667.97..4669.72 rows=702 width=19) (actual time=75.523..77.228 rows=28257 loops=1)
                Sort Key: catalog_returns.cr_returning_customer_sk, customer_address_1.ca_state
                Sort Method: quicksort  Memory: 2523kB
                ->  Nested Loop  (cost=0.58..4634.78 rows=702 width=19) (actual time=4.065..68.286 rows=28257 loops=1)
                      ->  Nested Loop  (cost=0.29..4407.34 rows=717 width=24) (actual time=4.059..26.055 rows=28836 loops=1)
                            ->  Seq Scan on date_dim  (cost=0.00..2318.11 rows=363 width=8) (actual time=4.051..8.629 rows=365 loops=1)
                                  Filter: (d_year = 2001)
                                  Rows Removed by Filter: 72684
                            ->  Index Scan using i_cr_returned_date_sk on catalog_returns  (cost=0.29..5.04 rows=72 width=32) (actual time=0.002..0.035 rows=79 loops=365)
                                  Index Cond: (cr_returned_date_sk = date_dim.d_date_sk)
                      ->  Index Scan using pk_customer_address on customer_address customer_address_1  (cost=0.29..0.32 rows=1 width=11) (actual time=0.001..0.001 rows=1 loops=28836)
                            Index Cond: (ca_address_sk = catalog_returns.cr_returning_addr_sk)
  ->  Sort  (cost=11694.49..11694.51 rows=7 width=215) (actual time=73340.421..73340.425 rows=100 loops=1)
        Sort Key: customer.c_customer_id, customer.c_salutation, customer.c_first_name, customer.c_last_name, customer_address.ca_street_number, customer_address.ca_street_name, customer_address.ca_street_type, customer_address.ca_suite_number, customer_address.ca_city, customer_address.ca_county, customer_address.ca_zip, customer_address.ca_country, customer_address.ca_gmt_offset, customer_address.ca_location_type, ctr1.ctr_total_return
        Sort Method: quicksort  Memory: 72kB
        ->  Nested Loop  (cost=0.58..11694.39 rows=7 width=215) (actual time=591.172..73339.944 rows=178 loops=1)
              ->  Nested Loop  (cost=0.29..11618.58 rows=234 width=96) (actual time=111.482..73324.072 rows=6802 loops=1)
                    ->  CTE Scan on customer_total_return ctr1  (cost=0.00..11121.43 rows=234 width=16) (actual time=111.470..73304.742 rows=6827 loops=1)
                          Filter: (ctr_total_return > (SubPlan 2))
                          Rows Removed by Filter: 20950
                          SubPlan 2
                            ->  Aggregate  (cost=15.81..15.82 rows=1 width=8) (actual time=2.636..2.636 rows=1 loops=27777)
                                  ->  CTE Scan on customer_total_return ctr2  (cost=0.00..15.79 rows=4 width=8) (actual time=0.058..2.573 rows=816 loops=27777)
                                        Filter: (ctr1.ctr_state = ctr_state)
                                        Rows Removed by Filter: 26961
                    ->  Index Scan using pk_customer on customer  (cost=0.29..2.12 rows=1 width=96) (actual time=0.002..0.002 rows=1 loops=6827)
                          Index Cond: (c_customer_sk = ctr1.ctr_customer_sk)
              ->  Index Scan using pk_customer_address on customer_address  (cost=0.29..0.32 rows=1 width=135) (actual time=0.002..0.002 rows=0 loops=6802)
                    Index Cond: (ca_address_sk = customer.c_current_addr_sk)
                    Filter: (ca_state = 'IN'::bpchar)
                    Rows Removed by Filter: 1
  c_customer_id   | c_salutation |     c_first_name     |          c_last_name           | ca_street_number |  ca_street_name  | ca_street_type  | ca_suite_number |    ca_city     |     ca_county      | ca_state |   ca_zip   |  ca_country   | ca_gmt_offset |   ca_location_type   | ctr_total_return 
------------------+--------------+----------------------+--------------------------------+------------------+------------------+-----------------+-----------------+----------------+--------------------+----------+------------+---------------+---------------+----------------------+------------------
 AAAAAAAAAADKAAAA | Sir          | Luis                 | Underwood                      | 435              | West Forest      | Ave             | Suite 200       | Mount Vernon   | Carroll County     | IN       | 48482      | United States |            -5 | single family        |          5298.96
 AAAAAAAAADPMAAAA |              |                      |                                | 779              | North Railroad   | Court           | Suite 50        | Clinton        | De Kalb County     | IN       | 48222      | United States |            -5 | condo                |          4204.44
 AAAAAAAAAGIEAAAA | Sir          | Daren                | Lloyd                          | 918              | Dogwood          | Drive           | Suite 260       | Union          | Ripley County      | IN       | 48721      | United States |            -5 | single family        |          2231.96
 AAAAAAAAAKMABAAA | Mr.          | Oscar                | Jones                          | 751              | Pine             | Parkway         | Suite W         | Tabor          | Sullivan County    | IN       | 48529      | United States |            -5 | apartment            |          1873.97
 AAAAAAAAANDIAAAA | Mr.          | Patrick              | Swafford                       | 836              | 9th              | Street          | Suite 460       | Five Forks     | Switzerland County | IN       | 42293      | United States |            -5 | single family        |          1775.14
 AAAAAAAAAOONAAAA | Dr.          | Kenneth              | Strother                       | 654              | Park Dogwood     | Circle          | Suite O         | Newtown        | Allen County       | IN       | 41749      | United States |            -5 | single family        |          2878.97
 AAAAAAAAAPEPAAAA | Dr.          | Walter               | Baez                           | 136              | Jefferson Hill   | Court           | Suite X         | Summit         | Rush County        | IN       | 40499      | United States |            -5 | single family        |          4886.41
 AAAAAAAABAPCBAAA | Mr.          | Donald               | White                          | 303              | Washington       | Ave             | Suite G         | Jackson        | Hamilton County    | IN       | 49583      | United States |            -5 | single family        |          5745.41
 AAAAAAAABDMJAAAA | Mr.          | Daniel               | Numbers                        | 163              | Fifth            | Circle          | Suite 360       | Liberty        | Jay County         | IN       | 43451      | United States |            -5 | condo                |           2281.6
 AAAAAAAABDPAAAAA | Sir          | Christopher          | Storey                         | 750              | 3rd Wilson       | Ave             | Suite J         | Jackson        | Madison County     | IN       | 49583      | United States |            -5 | apartment            |          2818.31
 AAAAAAAABEOIAAAA | Ms.          | Adrianne             | Skelton                        | 957              | Hillcrest        | Circle          | Suite I         | Five Forks     | Warrick County     | IN       | 42293      | United States |            -5 | condo                |          5810.17
 AAAAAAAABFBOAAAA | Sir          | Jeffrey              | Markley                        | 771              | 10th             | Ave             | Suite B         | Avery          | Perry County       | IN       | 40194      | United States |            -5 | condo                |         10664.86
 AAAAAAAABGDBAAAA | Sir          | Robert               | King                           | 648              | Wilson Main      | RD              | Suite 130       | Riverside      | Perry County       | IN       | 49231      | United States |            -5 | condo                |          3684.91
 AAAAAAAABKALAAAA | Sir          | William              | Kelley                         | 819              | Johnson Central  | Lane            | Suite 0         | Milo           | Harrison County    | IN       | 40116      | United States |            -5 | apartment            |          4268.53
 AAAAAAAABKECBAAA | Mr.          | Kenneth              | Eaton                          | 559              | Broadway         | Pkwy            | Suite G         | Providence     | Tippecanoe County  | IN       | 46614      | United States |            -5 | condo                |          5739.76
 AAAAAAAABLJGBAAA | Miss         | Tanya                | Kennedy                        | 562              | Pine 4th         | Pkwy            | Suite 300       | Woodland       | Harrison County    | IN       | 44854      | United States |            -5 | apartment            |          3208.14
 AAAAAAAABMNDBAAA | Dr.          | David                | Chambers                       | 736              | Poplar           | Ln              | Suite C         | Providence     | Jasper County      | IN       | 46614      | United States |            -5 | condo                |          1728.65
 AAAAAAAABMOLAAAA | Sir          | David                | Salcedo                        | 294              | 3rd              | Way             | Suite V         | Riverview      | Floyd County       | IN       | 49003      | United States |            -5 | single family        |          2217.18
 AAAAAAAABOFAAAAA | Ms.          | Annette              | Brown                          | 15               | East             | Wy              | Suite K         | Mount Pleasant | Blackford County   | IN       | 41933      | United States |            -5 | condo                |          5552.41
 AAAAAAAACDHBAAAA |              |                      | Kelly                          | 675              | College Park     | Dr.             | Suite M         | Fairview       | Whitley County     | IN       | 45709      | United States |            -5 | apartment            |          1743.56
 AAAAAAAACEPCBAAA | Mr.          | Wayne                | Smith                          | 104              | 11th View        | Boulevard       | Suite B         | Clinton        | Newton County      | IN       | 48222      | United States |            -5 | condo                |          6759.66
 AAAAAAAACGEBAAAA | Ms.          | Julia                | Jones                          | 833              | Willow 3rd       | Avenue          | Suite 60        | Georgetown     | Jennings County    | IN       | 47057      | United States |            -5 | single family        |          5876.64
 AAAAAAAACIHFBAAA | Mrs.         | Penny                | Bateman                        | 959              | Davis Maple      | Pkwy            | Suite 250       | Glenwood       | Dearborn County    | IN       | 43511      | United States |            -5 | apartment            |          4597.53
 AAAAAAAACINIAAAA | Sir          | Oscar                | Ramirez                        | 221              | Oak              | Wy              | Suite S         | Shiloh         | Benton County      | IN       | 49275      | United States |            -5 | apartment            |          1741.76
 AAAAAAAACKEFBAAA | Mr.          | Jose                 | Wiggins                        | 347              | 6th              | Circle          | Suite K         | Ashland        | Starke County      | IN       | 44244      | United States |            -5 | single family        |          5119.02
 AAAAAAAACKLOAAAA | Sir          | Jose                 | Becnel                         | 811              | East             | Avenue          | Suite 440       | Forest Hills   | Elkhart County     | IN       | 49237      | United States |            -5 | single family        |          4661.71
 AAAAAAAACKPBBAAA | Dr.          | Darryl               | Gill                           | 18               | River            | Lane            | Suite B         | Oakdale        | Tipton County      | IN       | 49584      | United States |            -5 | single family        |          6181.77
 AAAAAAAACMFLAAAA | Miss         | Aaron                | Dawson                         | 178              | Washington Main  | ST              | Suite S         | Springdale     | Ripley County      | IN       | 48883      | United States |            -5 | condo                |          2100.32
 AAAAAAAACOIEAAAA | Ms.          | Elizabeth            | Johnson                        | 278              | Main Johnson     | Cir.            | Suite 380       | Green Acres    | Franklin County    | IN       | 47683      | United States |            -5 | condo                |          3991.57
 AAAAAAAACOMDAAAA | Dr.          | Gregory              | Goode                          | 626              | South 3rd        | Ln              | Suite 30        | Mount Olive    | Owen County        | IN       | 48059      | United States |            -5 | apartment            |          2945.77
 AAAAAAAADAPGAAAA | Dr.          | Dave                 | Aiken                          | 797              | 10th             | RD              | Suite A         | Kingston       | Hendricks County   | IN       | 44975      | United States |            -5 | condo                |          1828.57
 AAAAAAAADCOABAAA | Dr.          | Cristina             | Hall                           | 385              | Third Adams      | Way             | Suite G         | Ashland        | Jefferson County   | IN       | 44244      | United States |            -5 | single family        |          5078.43
 AAAAAAAADFKCAAAA | Dr.          | Rick                 | Davis                          | 434              | Second Sycamore  | Pkwy            | Suite L         | Springfield    | Decatur County     | IN       | 49303      | United States |            -5 | single family        |          6898.44
 AAAAAAAADGEGBAAA | Sir          | Brent                | Rodgers                        | 225              | 9th              | Dr.             | Suite 240       | Five Forks     | Pike County        | IN       | 42293      | United States |            -5 | apartment            |          4195.05
 AAAAAAAADJKBAAAA | Sir          | Donald               | Slaughter                      | 3                | Thirteenth       | Parkway         | Suite V         | Cedar Grove    | Elkhart County     | IN       | 40411      | United States |            -5 | single family        |          3361.68
 AAAAAAAADLLDAAAA | Miss         | Rachel               | Robins                         | 853              | Meadow Hillcrest | Boulevard       | Suite 140       | Roberts        | Dubois County      | IN       | 40757      | United States |            -5 | apartment            |         13431.46
 AAAAAAAADMCAAAAA | Sir          | Michael              | Hitt                           | 172              | Seventh          | Street          | Suite 10        | Riverdale      | Tippecanoe County  | IN       | 49391      | United States |            -5 | condo                |          2048.45
 AAAAAAAADMNAAAAA | Mr.          | Benjamin             | Westbrook                      | 701              | Main Pine        | Wy              | Suite B         | Lakewood       | Perry County       | IN       | 48877      | United States |            -5 | condo                |          4860.37
 AAAAAAAAEAADBAAA | Mr.          | David                | Nguyen                         | 916              | Mill             | Avenue          | Suite 400       | Harmony        | Decatur County     | IN       | 45804      | United States |            -5 | single family        |           2841.8
 AAAAAAAAEABPAAAA | Mrs.         | Pamela               | Perry                          | 91               | West Sycamore    | RD              | Suite B         | Clinton        | Blackford County   | IN       | 48222      | United States |            -5 | single family        |          5635.95
 AAAAAAAAEAPHAAAA | Dr.          | Christina            | Obrien                         | 292              | Eigth Meadow     | Court           | Suite G         | Deerfield      | Grant County       | IN       | 49840      | United States |            -5 | apartment            |           1705.2
 AAAAAAAAEDKCAAAA | Sir          | Maurice              | James                          | 217              | Oak              | Boulevard       | Suite Q         | Liberty        | Tipton County      | IN       | 43451      | United States |            -5 | condo                |          1592.57
 AAAAAAAAEFDLAAAA | Mr.          | Dustin               | Hampton                        | 298              | Ridge            | Way             | Suite 190       | Woodville      | Vigo County        | IN       | 44289      | United States |            -5 | apartment            |          2514.71
 AAAAAAAAEGOFBAAA | Ms.          | Olga                 | Christiansen                   | 50               | Willow           | Parkway         | Suite 460       | Unionville     | Union County       | IN       | 41711      | United States |            -5 | single family        |           6914.5
 AAAAAAAAEHJABAAA | Dr.          | Laura                | Harrison                       | 746              | View Green       | Circle          | Suite 350       | Concord        | Clay County        | IN       | 44107      | United States |            -5 | apartment            |          2802.37
 AAAAAAAAEINBAAAA | Mrs.         | Pasty                | Hill                           | 497              | Laurel           | Ave             | Suite 40        | Deerfield      | Knox County        | IN       | 49840      | United States |            -5 | apartment            |          1960.75
 AAAAAAAAEKJPAAAA | Miss         | Lisa                 | Ortega                         | 928              | Madison Hickory  | Drive           | Suite 200       | Brownsville    | Parke County       | IN       | 49310      | United States |            -5 | single family        |           2654.6
 AAAAAAAAELGEAAAA | Sir          | Harold               | Haynes                         | 898              | Ridge Dogwood    | Lane            | Suite 230       | Rosewood       | Montgomery County  | IN       | 42205      | United States |            -5 | condo                |          1909.72
 AAAAAAAAENLPAAAA | Dr.          | Lillian              | Daly                           | 225              | 9th              | Dr.             | Suite 240       | Five Forks     | Pike County        | IN       | 42293      | United States |            -5 | apartment            |          5083.99
 AAAAAAAAENOGAAAA | Dr.          | Terry                | King                           | 794              | 8th              | Blvd            | Suite 290       | Belmont        | Vermillion County  | IN       | 40191      | United States |            -5 | single family        |          3449.81
 AAAAAAAAENPPAAAA | Mr.          | Daniel               | Lester                         | 552              | Sunset           | Boulevard       | Suite 440       | Farmington     | Bartholomew County | IN       | 49145      | United States |            -5 | condo                |         18571.95
 AAAAAAAAFILCBAAA | Miss         | Terri                | Huston                         | 642              | 4th 8th          | Circle          | Suite 300       | Franklin       | Hamilton County    | IN       | 49101      | United States |            -5 | single family        |          4581.72
 AAAAAAAAFLKGAAAA | Dr.          | Fred                 | Jensen                         | 173              | Chestnut Laurel  | Street          | Suite 90        | Lincoln        | Newton County      | IN       | 41289      | United States |            -5 | apartment            |          2394.75
 AAAAAAAAFLKGAAAA | Dr.          | Fred                 | Jensen                         | 173              | Chestnut Laurel  | Street          | Suite 90        | Lincoln        | Newton County      | IN       | 41289      | United States |            -5 | apartment            |          4452.86
 AAAAAAAAFNJCAAAA | Mrs.         | Digna                | Miller                         | 881              | Second           | Boulevard       | Suite N         | Friendship     | Fayette County     | IN       | 44536      | United States |            -5 | apartment            |          3803.98
 AAAAAAAAFOEMAAAA | Mrs.         | Magda                | Burnett                        | 687              | 15th Ash         | Circle          | Suite 430       | Bethel         | Vermillion County  | IN       | 45281      | United States |            -5 | single family        |          2302.77
 AAAAAAAAFPCGBAAA | Mrs.         | Katherine            | Haynes                         | 124              | Forest Broadway  | Boulevard       | Suite L         | Lakeside       | Howard County      | IN       | 49532      | United States |            -5 | condo                |           1939.8
 AAAAAAAAFPCGBAAA | Mrs.         | Katherine            | Haynes                         | 124              | Forest Broadway  | Boulevard       | Suite L         | Lakeside       | Howard County      | IN       | 49532      | United States |            -5 | condo                |          3507.22
 AAAAAAAAFPHHAAAA | Ms.          | Kimberly             | Tibbs                          | 751              | Pine             | Parkway         | Suite W         | Tabor          | Sullivan County    | IN       | 48529      | United States |            -5 | apartment            |          3624.03
 AAAAAAAAGBNDAAAA | Ms.          | Kimberly             | Fritz                          | 294              | Pine             | Court           | Suite 230       | Plainview      | Jennings County    | IN       | 43683      | United States |            -5 | condo                |          3392.02
 AAAAAAAAGDPCBAAA | Sir          | Shaun                | Robertson                      | 944              | Main North       | Boulevard       | Suite 220       | Farmington     | Dearborn County    | IN       | 49145      | United States |            -5 | condo                |          2927.76
 AAAAAAAAGEFGAAAA | Mr.          | Frank                | Brown                          | 119              | 10th Woodland    | Road            | Suite 490       | Providence     | Adams County       | IN       |            |               |            -5 |                      |          7903.89
 AAAAAAAAGEHHBAAA | Sir          | Clifford             | Gallo                          | 607              | Jackson Birch    | Ln              | Suite M         | Glenwood       | Vigo County        | IN       | 43511      | United States |            -5 | apartment            |          3538.78
 AAAAAAAAGGMJAAAA | Sir          | Glenn                | Justice                        | 346              | 8th              | Boulevard       | Suite 290       | Jamestown      | Tipton County      | IN       | 46867      | United States |            -5 | apartment            |          9380.21
 AAAAAAAAGHNHAAAA | Miss         | Maggie               | Walters                        | 226              | Franklin Ash     | Street          | Suite L         | Fairfield      | Union County       | IN       | 46192      | United States |            -5 | apartment            |          2235.08
 AAAAAAAAGJIFBAAA | Dr.          | Andrea               |                                | 623              | Maple North      | Ct.             | Suite R         | Shady Grove    | Jackson County     | IN       | 42812      | United States |            -5 | single family        |          2708.14
 AAAAAAAAGKGLAAAA | Dr.          | Vernon               | Wooten                         | 40               | Railroad         | Circle          | Suite I         | Oak Hill       | Vanderburgh County | IN       | 47838      | United States |            -5 | apartment            |          2898.43
 AAAAAAAAGMCBAAAA | Sir          | Tad                  | Hill                           | 104              | 11th View        | Boulevard       | Suite B         | Clinton        | Newton County      | IN       | 48222      | United States |            -5 | condo                |          2461.93
 AAAAAAAAGNEGBAAA | Ms.          | Nina                 | Anderson                       | 959              | Valley           | Ave             | Suite U         | Riverside      | Wabash County      | IN       | 49231      | United States |            -5 | single family        |          2989.24
 AAAAAAAAGNFIBAAA | Sir          | Garry                | Austin                         | 727              | 1st Cherry       | Parkway         | Suite 140       | Edgewood       | Vermillion County  | IN       | 40069      | United States |            -5 | condo                |          3033.92
 AAAAAAAAGOGKAAAA | Sir          | John                 | Cruz                           | 742              | Hickory          | Way             | Suite M         | Mount Zion     | Gibson County      | IN       | 48054      | United States |            -5 | condo                |          3259.53
 AAAAAAAAGPCOAAAA | Sir          | Brian                | Maloney                        | 480              | Main 1st         | ST              | Suite E         | Antioch        | Jennings County    | IN       | 48605      | United States |            -5 | condo                |          2760.72
 AAAAAAAAHBGIAAAA | Mrs.         | Kristi               | Williams                       | 898              | Main 4th         | Parkway         | Suite K         | Lakewood       | Pike County        | IN       | 48877      | United States |            -5 | condo                |          6455.79
 AAAAAAAAHBIFAAAA | Sir          | Kenneth              | Morgan                         | 163              | Fifth            | Circle          | Suite 360       | Liberty        | Jay County         | IN       | 43451      | United States |            -5 | condo                |          2648.32
 AAAAAAAAHCBDBAAA |              |                      | Atkins                         | 97               | 4th              | Court           | Suite Y         | Five Forks     | Benton County      | IN       | 42293      | United States |            -5 | single family        |          4046.49
 AAAAAAAAHCDJAAAA | Mrs.         | Roxanne              | Walton                         | 944              | Railroad Church  | Circle          | Suite D         | Fairview       | Greene County      | IN       | 45709      | United States |            -5 | condo                |          3532.17
 AAAAAAAAHCIAAAAA | Miss         | Michelle             | Hughes                         | 920              | Highland         | Boulevard       | Suite B         | Snug Harbor    | Lake County        | IN       | 47936      | United States |            -5 | condo                |          2825.35
 AAAAAAAAHCJLAAAA |              |                      | Burnett                        | 305              | Oak Railroad     | Wy              | Suite 290       | Springfield    | Daviess County     | IN       | 49303      | United States |            -5 | condo                |          4081.58
 AAAAAAAAHGABBAAA | Sir          | Russell              | Bradley                        | 319              | 12th Mill        | Wy              | Suite S         | Fairview       | Hendricks County   | IN       | 45709      | United States |            -5 | condo                |          2011.05
 AAAAAAAAHGJJAAAA | Dr.          | Ralph                | Love                           | 894              | Lakeview         | Wy              | Suite N         | Frenchtown     | Franklin County    | IN       | 42629      | United States |            -5 | single family        |          6491.57
 AAAAAAAAHGJNAAAA | Dr.          | Daniel               | Larson                         | 538              | 8th              | Circle          | Suite 460       | Harmony        | Dubois County      | IN       | 45804      | United States |            -5 | single family        |          5576.48
 AAAAAAAAHGNHBAAA | Sir          | David                | Powell                         | 99               | Cedar            | Court           | Suite 180       | Riverdale      | Parke County       | IN       | 49391      | United States |            -5 | single family        |          2034.83
 AAAAAAAAHJOHAAAA | Ms.          | Elizabeth            | Molina                         | 660              | West             | Parkway         | Suite 220       | Fairfield      | Newton County      | IN       | 46192      | United States |            -5 | condo                |          2645.77
 AAAAAAAAHMEIBAAA | Mr.          | Jonathon             | Mayhew                         | 122              | 3rd Sixth        | Circle          | Suite 490       | White Oak      | Spencer County     | IN       | 46668      | United States |            -5 | apartment            |          5462.85
 AAAAAAAAHNNBBAAA | Mr.          | Bobby                | Cox                            | 97               | North            | Avenue          | Suite T         | Buena Vista    | Crawford County    | IN       | 45752      | United States |            -5 | condo                |          4280.11
 AAAAAAAAHNOAAAAA | Dr.          | Anthony              | Woods                          | 644              | 5th              | Parkway         | Suite 190       | Farmington     | Boone County       | IN       | 49145      | United States |            -5 | condo                |          2332.95
 AAAAAAAAHOFGBAAA | Dr.          | Maurice              | Cornwell                       | 423              | Lake             | Street          | Suite D         | Unionville     | Fayette County     | IN       | 41711      | United States |            -5 | single family        |          5913.43
 AAAAAAAAHPNDBAAA | Mr.          | Robert               |                                | 569              | Seventh          | Avenue          | Suite W         | Glenwood       | Hendricks County   | IN       | 43511      | United States |            -5 | apartment            |           2880.2
 AAAAAAAAIABCAAAA | Dr.          | Marcus               | Braswell                       | 972              | View             | Boulevard       | Suite 330       | Pleasant Hill  | White County       | IN       | 43604      | United States |            -5 | single family        |          8779.61
 AAAAAAAAIAJCAAAA | Dr.          | Michael              | Cash                           | 188              | First            | Lane            | Suite 320       | Hopewell       | Spencer County     | IN       | 40587      | United States |            -5 | apartment            |          2145.56
 AAAAAAAAIANHAAAA | Dr.          | Adolfo               | Hall                           | 904              | Madison Second   | Circle          | Suite 450       | Greenville     | Carroll County     | IN       | 41387      | United States |            -5 | apartment            |          4889.84
 AAAAAAAAICIIAAAA | Sir          |                      |                                | 618              | 6th              | Pkwy            | Suite V         | Oak Ridge      | Martin County      | IN       | 48371      | United States |            -5 | condo                |          3189.69
 AAAAAAAAICJGBAAA | Dr.          | William              | Bryant                         | 97               | Locust           | Ct.             | Suite 140       | Fairview       | Allen County       | IN       | 45709      | United States |            -5 | single family        |          4555.51
 AAAAAAAAIEJNAAAA | Dr.          | Kirk                 | Hudson                         | 766              | South            | Dr.             | Suite 380       | Clifton        | Ripley County      | IN       | 48014      | United States |            -5 | apartment            |             1728
 AAAAAAAAIEKHBAAA |              |                      | Santiago                       | 327              | 1st              | Circle          | Suite 460       | Fairfield      | Morgan County      | IN       | 46192      | United States |            -5 | condo                |          2500.42
 AAAAAAAAIHAKAAAA | Miss         | Karen                | George                         | 968              | Lake             | Drive           | Suite C         | Edgewood       | Pulaski County     | IN       | 40069      | United States |            -5 | apartment            |         12814.07
 AAAAAAAAIHNDBAAA | Sir          | Steve                | Diaz                           | 12               | Madison View     | Way             | Suite F         | Belmont        | Benton County      | IN       | 40191      | United States |            -5 | condo                |          3770.25
 AAAAAAAAIIEABAAA | Dr.          | James                | Frost                          | 298              | 10th             | Blvd            | Suite 260       | Mount Zion     | Spencer County     | IN       | 48054      | United States |            -5 | apartment            |          5817.91
 AAAAAAAAIIEBBAAA | Sir          | Charles              | Drake                          | 283              | Meadow Oak       | ST              | Suite J         | Maple Hill     | Hendricks County   | IN       | 48095      | United States |            -5 | single family        |          3657.56
 AAAAAAAAIIFCBAAA | Dr.          | Ruth                 | Roberts                        | 305              | First 6th        | Drive           | Suite S         | Newtown        | Decatur County     | IN       | 41749      | United States |            -5 | apartment            |          7499.18
(100 rows)

UPDATE time_statistics SET e_time = TRANSACTION_TIMESTAMP() WHERE template = 'query81.tpl' AND stream = 3;
psql:/tmp/s1-basline/throughput/query_3.sql:2821: NOTICE:  duration: 0.053 ms  plan:
Query Text: UPDATE time_statistics SET e_time = TRANSACTION_TIMESTAMP() WHERE template = 'query81.tpl' AND stream = 3;
Update on time_statistics  (cost=0.00..7.29 rows=0 width=0) (actual time=0.053..0.053 rows=0 loops=1)
  ->  Seq Scan on time_statistics  (cost=0.00..7.29 rows=1 width=14) (actual time=0.039..0.039 rows=1 loops=1)
        Filter: ((template = 'query81.tpl'::text) AND (stream = 3))
        Rows Removed by Filter: 246
UPDATE 1
LOAD 'auto_explain'; SET auto_explain.log_min_duration TO 0; SET auto_explain.log_analyze TO on; SET auto_explain.log_level TO notice; INSERT INTO time_statistics (template, s_time, stream, query, seed) VALUES ('query67.tpl', TRANSACTION_TIMESTAMP(), 3, 61, 179123701);
LOAD
SET
SET
SET
psql:/tmp/s1-basline/throughput/query_3.sql:2822: NOTICE:  duration: 0.008 ms  plan:
Query Text: INSERT INTO time_statistics (template, s_time, stream, query, seed) VALUES ('query67.tpl', TRANSACTION_TIMESTAMP(), 3, 61, 179123701);
Insert on time_statistics  (cost=0.00..0.01 rows=0 width=0) (actual time=0.008..0.008 rows=0 loops=1)
  ->  Result  (cost=0.00..0.01 rows=1 width=64) (actual time=0.001..0.001 rows=1 loops=1)
INSERT 0 1
select  *
from (select i_category
            ,i_class
            ,i_brand
            ,i_product_name
            ,d_year
            ,d_qoy
            ,d_moy
            ,s_store_id
            ,sumsales
            ,rank() over (partition by i_category order by sumsales desc) rk
      from (select i_category
                  ,i_class
                  ,i_brand
                  ,i_product_name
                  ,d_year
                  ,d_qoy
                  ,d_moy
                  ,s_store_id
                  ,sum(coalesce(ss_sales_price*ss_quantity,0)) sumsales
            from store_sales
                ,date_dim
                ,store
                ,item
       where  ss_sold_date_sk=d_date_sk
          and ss_item_sk=i_item_sk
          and ss_store_sk = s_store_sk
          and d_month_seq between 1212 and 1212+11
       group by  rollup(i_category, i_class, i_brand, i_product_name, d_year, d_qoy, d_moy,s_store_id))dw1) dw2
where rk <= 100
order by i_category
        ,i_class
        ,i_brand
        ,i_product_name
        ,d_year
        ,d_qoy
        ,d_moy
        ,s_store_id
        ,sumsales
        ,rk
limit 100;
psql:/tmp/s1-basline/throughput/query_3.sql:2863: NOTICE:  duration: 2043.685 ms  plan:
Query Text: select  *
from (select i_category
            ,i_class
            ,i_brand
            ,i_product_name
            ,d_year
            ,d_qoy
            ,d_moy
            ,s_store_id
            ,sumsales
            ,rank() over (partition by i_category order by sumsales desc) rk
      from (select i_category
                  ,i_class
                  ,i_brand
                  ,i_product_name
                  ,d_year
                  ,d_qoy
                  ,d_moy
                  ,s_store_id
                  ,sum(coalesce(ss_sales_price*ss_quantity,0)) sumsales
            from store_sales
                ,date_dim
                ,store
                ,item
       where  ss_sold_date_sk=d_date_sk
          and ss_item_sk=i_item_sk
          and ss_store_sk = s_store_sk
          and d_month_seq between 1212 and 1212+11
       group by  rollup(i_category, i_class, i_brand, i_product_name, d_year, d_qoy, d_moy,s_store_id))dw1) dw2
where rk <= 100
order by i_category
        ,i_class
        ,i_brand
        ,i_product_name
        ,d_year
        ,d_qoy
        ,d_moy
        ,s_store_id
        ,sumsales
        ,rk
limit 100;
Limit  (cost=93838.36..93860.91 rows=100 width=249) (actual time=1960.283..2043.599 rows=100 loops=1)
  ->  Incremental Sort  (cost=93838.36..108713.34 rows=65961 width=249) (actual time=1960.281..2043.589 rows=100 loops=1)
        Sort Key: dw1.i_category, dw1.i_class, dw1.i_brand, dw1.i_product_name, dw1.d_year, dw1.d_qoy, dw1.d_moy, dw1.s_store_id, dw1.sumsales, (rank() OVER (?))
        Presorted Key: dw1.i_category
        Full-sort Groups: 1  Sort Method: quicksort  Average Memory: 42kB  Peak Memory: 42kB
        Pre-sorted Groups: 1  Sort Method: quicksort  Average Memory: 51kB  Peak Memory: 51kB
        ->  WindowAgg  (cost=93768.19..103361.29 rows=65961 width=249) (actual time=1815.490..2043.269 rows=101 loops=1)
              Run Condition: (rank() OVER (?) <= 100)
              ->  Incremental Sort  (cost=93768.19..102206.97 rows=65961 width=241) (actual time=1815.480..2035.537 rows=53051 loops=1)
                    Sort Key: dw1.i_category, dw1.sumsales DESC
                    Presorted Key: dw1.i_category
                    Full-sort Groups: 2  Sort Method: quicksort  Average Memory: 43kB  Peak Memory: 43kB
                    Pre-sorted Groups: 2  Sort Method: quicksort  Average Memory: 16294kB  Peak Memory: 16294kB
                    ->  Subquery Scan on dw1  (cost=93730.36..96868.16 rows=65961 width=241) (actual time=1673.443..1980.831 rows=102908 loops=1)
                          ->  GroupAggregate  (cost=93730.36..96208.55 rows=65961 width=241) (actual time=1673.442..1971.668 rows=102908 loops=1)
                                Group Key: item.i_category, item.i_class, item.i_brand, item.i_product_name, date_dim.d_year, date_dim.d_qoy, date_dim.d_moy, store.s_store_id
                                Group Key: item.i_category, item.i_class, item.i_brand, item.i_product_name, date_dim.d_year, date_dim.d_qoy, date_dim.d_moy
                                Group Key: item.i_category, item.i_class, item.i_brand, item.i_product_name, date_dim.d_year, date_dim.d_qoy
                                Group Key: item.i_category, item.i_class, item.i_brand, item.i_product_name, date_dim.d_year
                                Group Key: item.i_category, item.i_class, item.i_brand, item.i_product_name
                                Group Key: item.i_category, item.i_class, item.i_brand
                                Group Key: item.i_category, item.i_class
                                Group Key: item.i_category
                                Group Key: ()
                                ->  Gather Merge  (cost=93730.36..95201.56 rows=12632 width=245) (actual time=1673.428..1886.466 rows=109962 loops=1)
                                      Workers Planned: 2
                                      Workers Launched: 2
                                      ->  Sort  (cost=92730.34..92743.49 rows=5263 width=245) (actual time=1545.249..1588.775 rows=36794 loops=3)
                                            Sort Key: item.i_category, item.i_class, item.i_brand, item.i_product_name, date_dim.d_year, date_dim.d_qoy, date_dim.d_moy, store.s_store_id
                                            Sort Method: external merge  Disk: 52088kB
                                            Worker 0:  Sort Method: external merge  Disk: 42456kB
                                            Worker 1:  Sort Method: external merge  Disk: 42784kB
                                            ->  Nested Loop  (cost=2506.69..92405.04 rows=5263 width=245) (actual time=13.175..663.411 rows=178886 loops=3)
                                                  ->  Hash Join  (cost=2506.40..90797.20 rows=5263 width=49) (actual time=13.124..310.178 rows=178886 loops=3)
                                                        Hash Cond: (store_sales.ss_store_sk = store.s_store_sk)
                                                        ->  Hash Join  (cost=2505.13..90776.56 rows=5520 width=40) (actual time=12.993..280.117 rows=183167 loops=3)
                                                              Hash Cond: (store_sales.ss_sold_date_sk = date_dim.d_date_sk)
                                                              ->  Parallel Seq Scan on store_sales  (cost=0.00..85123.48 rows=1199148 width=36) (actual time=0.013..123.648 rows=959309 loops=3)
                                                              ->  Hash  (cost=2500.73..2500.73 rows=352 width=20) (actual time=12.963..12.964 rows=365 loops=3)
                                                                    Buckets: 1024  Batches: 1  Memory Usage: 28kB
                                                                    ->  Seq Scan on date_dim  (cost=0.00..2500.73 rows=352 width=20) (actual time=6.226..12.905 rows=365 loops=3)
                                                                          Filter: ((d_month_seq >= 1212) AND (d_month_seq <= 1223))
                                                                          Rows Removed by Filter: 72684
                                                        ->  Hash  (cost=1.12..1.12 rows=12 width=25) (actual time=0.033..0.033 rows=12 loops=3)
                                                              Buckets: 1024  Batches: 1  Memory Usage: 9kB
                                                              ->  Seq Scan on store  (cost=0.00..1.12 rows=12 width=25) (actual time=0.024..0.026 rows=12 loops=3)
                                                  ->  Index Scan using pk_item on item  (cost=0.29..0.31 rows=1 width=212) (actual time=0.001..0.001 rows=1 loops=536658)
                                                        Index Cond: (i_item_sk = store_sales.ss_item_sk)
                     i_category                     |                      i_class                       |                      i_brand                       | i_product_name | d_year | d_qoy | d_moy | s_store_id |      sumsales      | rk  
----------------------------------------------------+----------------------------------------------------+----------------------------------------------------+----------------+--------+-------+-------+------------+--------------------+-----
 Books                                              | arts                                               | amalgmaxi #10                                      |                |        |       |       |            | 1379535.2400000005 |  40
 Books                                              | arts                                               | amalgmaxi #12                                      |                |        |       |       |            | 1717645.2199999995 |  24
 Books                                              | arts                                               | amalgmaxi #2                                       |                |        |       |       |            | 1490042.4000000001 |  35
 Books                                              | arts                                               | amalgmaxi #4                                       |                |        |       |       |            | 1214770.1899999997 |  51
 Books                                              | arts                                               | amalgmaxi #6                                       |                |        |       |       |            |          1609592.9 |  26
 Books                                              | arts                                               | amalgmaxi #8                                       |                |        |       |       |            | 1357836.2799999986 |  41
 Books                                              | arts                                               |                                                    |                |        |       |       |            |  8769422.230000002 |   2
 Books                                              | business                                           | importomaxi #10                                    |                |        |       |       |            |  943942.8500000007 |  82
 Books                                              | business                                           | importomaxi #12                                    |                |        |       |       |            |  835495.5400000004 |  92
 Books                                              | business                                           | importomaxi #2                                     |                |        |       |       |            |  1587875.109999999 |  28
 Books                                              | business                                           | importomaxi #4                                     |                |        |       |       |            | 1162359.0400000003 |  56
 Books                                              | business                                           | importomaxi #6                                     |                |        |       |       |            | 1057430.8599999999 |  65
 Books                                              | business                                           | importomaxi #8                                     |                |        |       |       |            | 1056644.9599999997 |  66
 Books                                              | business                                           |                                                    |                |        |       |       |            |   6643748.36000001 |   8
 Books                                              | computers                                          | exportimaxi #12                                    |                |        |       |       |            |  835017.5600000006 |  93
 Books                                              | computers                                          | exportimaxi #2                                     |                |        |       |       |            |  1516890.850000001 |  33
 Books                                              | computers                                          | exportimaxi #4                                     |                |        |       |       |            | 1016710.1699999992 |  73
 Books                                              | computers                                          | exportimaxi #6                                     |                |        |       |       |            |  878581.5199999994 |  85
 Books                                              | computers                                          | exportimaxi #8                                     |                |        |       |       |            |  1071252.340000001 |  62
 Books                                              | computers                                          |                                                    |                |        |       |       |            |  5643776.500000001 |  16
 Books                                              | cooking                                            | amalgunivamalg #10                                 |                |        |       |       |            | 1404195.3400000026 |  39
 Books                                              | cooking                                            | amalgunivamalg #4                                  |                |        |       |       |            |  845016.1799999992 |  90
 Books                                              | cooking                                            | amalgunivamalg #6                                  |                |        |       |       |            | 1050443.7300000004 |  67
 Books                                              | cooking                                            | amalgunivamalg #8                                  |                |        |       |       |            | 1213278.7799999996 |  53
 Books                                              | cooking                                            |                                                    |                |        |       |       |            |  5803718.010000007 |  15
 Books                                              | entertainments                                     | edu packmaxi #10                                   |                |        |       |       |            | 1552970.3700000006 |  30
 Books                                              | entertainments                                     | edu packmaxi #12                                   |                |        |       |       |            |  899498.0900000007 |  84
 Books                                              | entertainments                                     | edu packmaxi #2                                    |                |        |       |       |            | 1297142.9400000004 |  44
 Books                                              | entertainments                                     | edu packmaxi #6                                    |                |        |       |       |            |          1100265.4 |  59
 Books                                              | entertainments                                     | edu packmaxi #8                                    |                |        |       |       |            | 1969350.5499999989 |  19
 Books                                              | entertainments                                     |                                                    |                |        |       |       |            |   7237015.41999999 |   5
 Books                                              | fiction                                            | scholarunivamalg #10                               |                |        |       |       |            | 1255172.4200000006 |  47
 Books                                              | fiction                                            | scholarunivamalg #12                               |                |        |       |       |            | 1013199.2899999996 |  74
 Books                                              | fiction                                            | scholarunivamalg #2                                |                |        |       |       |            |  1578791.570000002 |  29
 Books                                              | fiction                                            | scholarunivamalg #4                                |                |        |       |       |            |  972712.3600000002 |  79
 Books                                              | fiction                                            | scholarunivamalg #6                                |                |        |       |       |            | 1517246.4700000014 |  32
 Books                                              | fiction                                            | scholarunivamalg #8                                |                |        |       |       |            |         1447151.49 |  36
 Books                                              | fiction                                            |                                                    |                |        |       |       |            |          7784273.6 |   3
 Books                                              | history                                            | scholarmaxi #10                                    |                |        |       |       |            | 1059743.6199999999 |  63
 Books                                              | history                                            | scholarmaxi #2                                     |                |        |       |       |            | 1936828.0200000007 |  20
 Books                                              | history                                            | scholarmaxi #4                                     |                |        |       |       |            | 1273241.3999999992 |  46
 Books                                              | history                                            | scholarmaxi #8                                     |                |        |       |       |            |  971081.2899999997 |  80
 Books                                              | history                                            |                                                    |                |        |       |       |            |  6472464.780000005 |  10
 Books                                              | home repair                                        | importounivamalg #10                               |                |        |       |       |            |  1731247.360000001 |  23
 Books                                              | home repair                                        | importounivamalg #12                               |                |        |       |       |            | 1705834.7699999986 |  25
 Books                                              | home repair                                        | importounivamalg #2                                |                |        |       |       |            |         1097492.01 |  60
 Books                                              | home repair                                        | importounivamalg #4                                |                |        |       |       |            | 1134459.0900000003 |  58
 Books                                              | home repair                                        | importounivamalg #6                                |                |        |       |       |            |          1041413.9 |  70
 Books                                              | home repair                                        |                                                    |                |        |       |       |            |  7187238.870000009 |   6
 Books                                              | mystery                                            | corpunivamalg #10                                  |                |        |       |       |            |  998036.6400000008 |  75
 Books                                              | mystery                                            | corpunivamalg #12                                  |                |        |       |       |            | 1771712.5999999987 |  22
 Books                                              | mystery                                            | corpunivamalg #4                                   |                |        |       |       |            |  945312.8899999999 |  81
 Books                                              | mystery                                            | corpunivamalg #6                                   |                |        |       |       |            | 1058969.5900000005 |  64
 Books                                              | mystery                                            | corpunivamalg #8                                   |                |        |       |       |            | 1523228.7500000002 |  31
 Books                                              | mystery                                            |                                                    |                |        |       |       |            | 6851051.4199999925 |   7
 Books                                              | parenting                                          | corpmaxi #12                                       |                |        |       |       |            | 1501895.9599999993 |  34
 Books                                              | parenting                                          | corpmaxi #2                                        |                |        |       |       |            |  819947.3600000008 |  95
 Books                                              | parenting                                          | corpmaxi #4                                        |                |        |       |       |            | 1339789.4599999988 |  42
 Books                                              | parenting                                          | corpmaxi #6                                        |                |        |       |       |            | 1252764.4400000013 |  48
 Books                                              | parenting                                          | corpmaxi #8                                        |                |        |       |       |            |  923983.2000000009 |  83
 Books                                              | parenting                                          |                                                    |                |        |       |       |            |  6468530.459999999 |  11
 Books                                              | reference                                          | brandmaxi #10                                      |                |        |       |       |            |  836759.2900000002 |  91
 Books                                              | reference                                          | brandmaxi #12                                      |                |        |       |       |            |  1080116.689999999 |  61
 Books                                              | reference                                          | brandmaxi #2                                       |                |        |       |       |            |  867710.4099999997 |  87
 Books                                              | reference                                          | brandmaxi #4                                       |                |        |       |       |            | 1794074.3399999999 |  21
 Books                                              | reference                                          | brandmaxi #8                                       |                |        |       |       |            |  990933.6300000004 |  77
 Books                                              | reference                                          |                                                    |                |        |       |       |            |         6105502.55 |  13
 Books                                              | romance                                            | namelessmaxi #10                                   |                |        |       |       |            |  813631.1699999993 |  96
 Books                                              | romance                                            | namelessmaxi #12                                   |                |        |       |       |            | 1047931.3999999997 |  68
 Books                                              | romance                                            | namelessmaxi #2                                    |                |        |       |       |            |  826882.8499999999 |  94
 Books                                              | romance                                            | namelessmaxi #6                                    |                |        |       |       |            | 1201946.0699999994 |  54
 Books                                              | romance                                            | namelessmaxi #8                                    |                |        |       |       |            |  878570.5600000008 |  86
 Books                                              | romance                                            |                                                    |                |        |       |       |            |  5301217.589999988 |  17
 Books                                              | science                                            | maximaxi #12                                       |                |        |       |       |            |  1303839.010000001 |  43
 Books                                              | science                                            | maximaxi #2                                        |                |        |       |       |            |  996805.8799999998 |  76
 Books                                              | science                                            | maximaxi #4                                        |                |        |       |       |            | 1017355.7699999997 |  72
 Books                                              | science                                            | maximaxi #6                                        |                |        |       |       |            | 1024382.4499999991 |  71
 Books                                              | science                                            | maximaxi #8                                        |                |        |       |       |            |   808181.089999999 |  98
 Books                                              | science                                            |                                                    |                |        |       |       |            |  5872826.329999998 |  14
 Books                                              | self-help                                          | exportiunivamalg #10                               |                |        |       |       |            | 1224509.0399999984 |  50
 Books                                              | self-help                                          | exportiunivamalg #12                               |                |        |       |       |            |  780160.8600000003 | 100
 Books                                              | self-help                                          | exportiunivamalg #2                                |                |        |       |       |            |  859304.0199999998 |  88
 Books                                              | self-help                                          | exportiunivamalg #4                                |                |        |       |       |            | 1291376.2400000002 |  45
 Books                                              | self-help                                          | exportiunivamalg #6                                |                |        |       |       |            |  855087.9200000002 |  89
 Books                                              | self-help                                          | exportiunivamalg #8                                |                |        |       |       |            | 1161167.9400000002 |  57
 Books                                              | self-help                                          |                                                    |                |        |       |       |            |  6171606.020000005 |  12
 Books                                              | sports                                             | edu packunivamalg #10                              |                |        |       |       |            |  1597851.229999998 |  27
 Books                                              | sports                                             | edu packunivamalg #12                              |                |        |       |       |            |  800958.8999999996 |  99
 Books                                              | sports                                             | edu packunivamalg #4                               |                |        |       |       |            |  982873.0300000004 |  78
 Books                                              | sports                                             | edu packunivamalg #6                               |                |        |       |       |            | 1413691.4200000002 |  38
 Books                                              | sports                                             | edu packunivamalg #8                               |                |        |       |       |            | 1214071.1500000004 |  52
 Books                                              | sports                                             |                                                    |                |        |       |       |            |         6569542.95 |   9
 Books                                              | travel                                             | univunivamalg #10                                  |                |        |       |       |            |         1975093.32 |  18
 Books                                              | travel                                             | univunivamalg #12                                  |                |        |       |       |            | 1045875.3300000014 |  69
 Books                                              | travel                                             | univunivamalg #2                                   |                |        |       |       |            | 1183249.3600000003 |  55
 Books                                              | travel                                             | univunivamalg #4                                   |                |        |       |       |            |  811787.9999999999 |  97
 Books                                              | travel                                             | univunivamalg #6                                   |                |        |       |       |            | 1434085.9699999993 |  37
 Books                                              | travel                                             | univunivamalg #8                                   |                |        |       |       |            | 1241131.4200000006 |  49
 Books                                              | travel                                             |                                                    |                |        |       |       |            |  7691223.399999969 |   4
 Books                                              |                                                    |                                                    |                |        |       |       |            | 106573158.48999985 |   1
(100 rows)

UPDATE time_statistics SET e_time = TRANSACTION_TIMESTAMP() WHERE template = 'query67.tpl' AND stream = 3;
psql:/tmp/s1-basline/throughput/query_3.sql:2865: NOTICE:  duration: 0.060 ms  plan:
Query Text: UPDATE time_statistics SET e_time = TRANSACTION_TIMESTAMP() WHERE template = 'query67.tpl' AND stream = 3;
Update on time_statistics  (cost=0.00..7.29 rows=0 width=0) (actual time=0.059..0.060 rows=0 loops=1)
  ->  Seq Scan on time_statistics  (cost=0.00..7.29 rows=1 width=14) (actual time=0.044..0.045 rows=1 loops=1)
        Filter: ((template = 'query67.tpl'::text) AND (stream = 3))
        Rows Removed by Filter: 247
UPDATE 1
LOAD 'auto_explain'; SET auto_explain.log_min_duration TO 0; SET auto_explain.log_analyze TO on; SET auto_explain.log_level TO notice; INSERT INTO time_statistics (template, s_time, stream, query, seed) VALUES ('query99.tpl', TRANSACTION_TIMESTAMP(), 3, 62, 1907453260);
LOAD
SET
SET
SET
psql:/tmp/s1-basline/throughput/query_3.sql:2866: NOTICE:  duration: 0.010 ms  plan:
Query Text: INSERT INTO time_statistics (template, s_time, stream, query, seed) VALUES ('query99.tpl', TRANSACTION_TIMESTAMP(), 3, 62, 1907453260);
Insert on time_statistics  (cost=0.00..0.01 rows=0 width=0) (actual time=0.009..0.009 rows=0 loops=1)
  ->  Result  (cost=0.00..0.01 rows=1 width=64) (actual time=0.002..0.002 rows=1 loops=1)
INSERT 0 1
select  
   substr(w_warehouse_name,1,20)
  ,sm_type
  ,cc_name
  ,sum(case when (cs_ship_date_sk - cs_sold_date_sk <= 30 ) then 1 else 0 end)  as "30 days" 
  ,sum(case when (cs_ship_date_sk - cs_sold_date_sk > 30) and 
                 (cs_ship_date_sk - cs_sold_date_sk <= 60) then 1 else 0 end )  as "31-60 days" 
  ,sum(case when (cs_ship_date_sk - cs_sold_date_sk > 60) and 
                 (cs_ship_date_sk - cs_sold_date_sk <= 90) then 1 else 0 end)  as "61-90 days" 
  ,sum(case when (cs_ship_date_sk - cs_sold_date_sk > 90) and
                 (cs_ship_date_sk - cs_sold_date_sk <= 120) then 1 else 0 end)  as "91-120 days" 
  ,sum(case when (cs_ship_date_sk - cs_sold_date_sk  > 120) then 1 else 0 end)  as ">120 days" 
from
   catalog_sales
  ,warehouse
  ,ship_mode
  ,call_center
  ,date_dim
where
    d_month_seq between 1203 and 1203 + 11
and cs_ship_date_sk   = d_date_sk
and cs_warehouse_sk   = w_warehouse_sk
and cs_ship_mode_sk   = sm_ship_mode_sk
and cs_call_center_sk = cc_call_center_sk
group by
   substr(w_warehouse_name,1,20)
  ,sm_type
  ,cc_name
order by substr(w_warehouse_name,1,20)
        ,sm_type
        ,cc_name
limit 100;
psql:/tmp/s1-basline/throughput/query_3.sql:2898: NOTICE:  duration: 403.288 ms  plan:
Query Text: select  
   substr(w_warehouse_name,1,20)
  ,sm_type
  ,cc_name
  ,sum(case when (cs_ship_date_sk - cs_sold_date_sk <= 30 ) then 1 else 0 end)  as "30 days" 
  ,sum(case when (cs_ship_date_sk - cs_sold_date_sk > 30) and 
                 (cs_ship_date_sk - cs_sold_date_sk <= 60) then 1 else 0 end )  as "31-60 days" 
  ,sum(case when (cs_ship_date_sk - cs_sold_date_sk > 60) and 
                 (cs_ship_date_sk - cs_sold_date_sk <= 90) then 1 else 0 end)  as "61-90 days" 
  ,sum(case when (cs_ship_date_sk - cs_sold_date_sk > 90) and
                 (cs_ship_date_sk - cs_sold_date_sk <= 120) then 1 else 0 end)  as "91-120 days" 
  ,sum(case when (cs_ship_date_sk - cs_sold_date_sk  > 120) then 1 else 0 end)  as ">120 days" 
from
   catalog_sales
  ,warehouse
  ,ship_mode
  ,call_center
  ,date_dim
where
    d_month_seq between 1203 and 1203 + 11
and cs_ship_date_sk   = d_date_sk
and cs_warehouse_sk   = w_warehouse_sk
and cs_ship_mode_sk   = sm_ship_mode_sk
and cs_call_center_sk = cc_call_center_sk
group by
   substr(w_warehouse_name,1,20)
  ,sm_type
  ,cc_name
order by substr(w_warehouse_name,1,20)
        ,sm_type
        ,cc_name
limit 100;
Limit  (cost=64552.16..64753.60 rows=90 width=115) (actual time=345.075..403.212 rows=90 loops=1)
  ->  Finalize GroupAggregate  (cost=64552.16..64753.60 rows=90 width=115) (actual time=345.074..403.203 rows=90 loops=1)
        Group Key: (substr((warehouse.w_warehouse_name)::text, 1, 20)), ship_mode.sm_type, call_center.cc_name
        ->  Gather Merge  (cost=64552.16..64748.87 rows=180 width=115) (actual time=344.441..403.088 rows=270 loops=1)
              Workers Planned: 2
              Workers Launched: 2
              ->  Partial GroupAggregate  (cost=63552.14..63728.07 rows=90 width=115) (actual time=307.498..346.566 rows=90 loops=3)
                    Group Key: (substr((warehouse.w_warehouse_name)::text, 1, 20)), ship_mode.sm_type, call_center.cc_name
                    ->  Sort  (cost=63552.14..63559.13 rows=2797 width=91) (actual time=306.969..311.303 rows=95367 loops=3)
                          Sort Key: (substr((warehouse.w_warehouse_name)::text, 1, 20)), ship_mode.sm_type, call_center.cc_name
                          Sort Method: quicksort  Memory: 15231kB
                          Worker 0:  Sort Method: quicksort  Memory: 12903kB
                          Worker 1:  Sort Method: quicksort  Memory: 12876kB
                          ->  Hash Join  (cost=2508.78..63392.01 rows=2797 width=91) (actual time=70.402..226.208 rows=95367 loops=3)
                                Hash Cond: (catalog_sales.cs_call_center_sk = call_center.cc_call_center_sk)
                                ->  Hash Join  (cost=2507.65..63371.32 rows=2811 width=69) (actual time=70.323..199.894 rows=95421 loops=3)
                                      Hash Cond: (catalog_sales.cs_warehouse_sk = warehouse.w_warehouse_sk)
                                      ->  Hash Join  (cost=2506.53..63356.54 rows=2826 width=63) (actual time=70.290..184.745 rows=95542 loops=3)
                                            Hash Cond: (catalog_sales.cs_ship_mode_sk = ship_mode.sm_ship_mode_sk)
                                            ->  Hash Join  (cost=2505.08..63346.06 rows=2842 width=40) (actual time=70.112..168.079 rows=95778 loops=3)
                                                  Hash Cond: (catalog_sales.cs_ship_date_sk = date_dim.d_date_sk)
                                                  ->  Parallel Seq Scan on catalog_sales  (cost=0.00..59266.53 rows=599753 width=40) (actual time=0.014..80.943 rows=479804 loops=3)
                                                  ->  Hash  (cost=2500.73..2500.73 rows=348 width=8) (actual time=13.214..13.215 rows=365 loops=3)
                                                        Buckets: 1024  Batches: 1  Memory Usage: 23kB
                                                        ->  Seq Scan on date_dim  (cost=0.00..2500.73 rows=348 width=8) (actual time=6.326..13.169 rows=365 loops=3)
                                                              Filter: ((d_month_seq >= 1203) AND (d_month_seq <= 1214))
                                                              Rows Removed by Filter: 72684
                                            ->  Hash  (cost=1.20..1.20 rows=20 width=39) (actual time=0.024..0.025 rows=20 loops=3)
                                                  Buckets: 1024  Batches: 1  Memory Usage: 10kB
                                                  ->  Seq Scan on ship_mode  (cost=0.00..1.20 rows=20 width=39) (actual time=0.018..0.020 rows=20 loops=3)
                                      ->  Hash  (cost=1.05..1.05 rows=5 width=22) (actual time=0.021..0.021 rows=5 loops=3)
                                            Buckets: 1024  Batches: 1  Memory Usage: 9kB
                                            ->  Seq Scan on warehouse  (cost=0.00..1.05 rows=5 width=22) (actual time=0.018..0.018 rows=5 loops=3)
                                ->  Hash  (cost=1.06..1.06 rows=6 width=20) (actual time=0.035..0.035 rows=6 loops=3)
                                      Buckets: 1024  Batches: 1  Memory Usage: 9kB
                                      ->  Seq Scan on call_center  (cost=0.00..1.06 rows=6 width=20) (actual time=0.026..0.027 rows=6 loops=3)
       substr        |            sm_type             |    cc_name    | 30 days | 31-60 days | 61-90 days | 91-120 days | >120 days 
---------------------+--------------------------------+---------------+---------+------------+------------+-------------+-----------
 Neither dea         | EXPRESS                        | Mid Atlantic  |    1234 |       1243 |       1265 |           0 |         0
 Neither dea         | EXPRESS                        | North Midwest |    1283 |       1288 |       1264 |           0 |         0
 Neither dea         | EXPRESS                        | NY Metro      |    1268 |       1279 |       1298 |           0 |         0
 Neither dea         | LIBRARY                        | Mid Atlantic  |     971 |        981 |        976 |           0 |         0
 Neither dea         | LIBRARY                        | North Midwest |     958 |        902 |        971 |           0 |         0
 Neither dea         | LIBRARY                        | NY Metro      |     935 |        960 |        985 |           0 |         0
 Neither dea         | NEXT DAY                       | Mid Atlantic  |    1222 |       1336 |       1224 |           0 |         0
 Neither dea         | NEXT DAY                       | North Midwest |    1281 |       1216 |       1289 |           0 |         0
 Neither dea         | NEXT DAY                       | NY Metro      |    1230 |       1338 |       1385 |           0 |         0
 Neither dea         | OVERNIGHT                      | Mid Atlantic  |     848 |        923 |        945 |           0 |         0
 Neither dea         | OVERNIGHT                      | North Midwest |     953 |        955 |        916 |           0 |         0
 Neither dea         | OVERNIGHT                      | NY Metro      |     975 |        975 |        957 |           0 |         0
 Neither dea         | REGULAR                        | Mid Atlantic  |     969 |        972 |        996 |           0 |         0
 Neither dea         | REGULAR                        | North Midwest |     911 |        940 |       1017 |           0 |         0
 Neither dea         | REGULAR                        | NY Metro      |     925 |        979 |        915 |           0 |         0
 Neither dea         | TWO DAY                        | Mid Atlantic  |     944 |        948 |        993 |           0 |         0
 Neither dea         | TWO DAY                        | North Midwest |     932 |        988 |        907 |           0 |         0
 Neither dea         | TWO DAY                        | NY Metro      |     987 |        990 |        963 |           0 |         0
 Parties use         | EXPRESS                        | Mid Atlantic  |    1243 |       1312 |       1309 |           0 |         0
 Parties use         | EXPRESS                        | North Midwest |    1218 |       1214 |       1254 |           0 |         0
 Parties use         | EXPRESS                        | NY Metro      |    1177 |       1281 |       1335 |           0 |         0
 Parties use         | LIBRARY                        | Mid Atlantic  |     881 |        956 |       1015 |           0 |         0
 Parties use         | LIBRARY                        | North Midwest |     921 |        977 |        912 |           0 |         0
 Parties use         | LIBRARY                        | NY Metro      |     938 |        964 |        950 |           0 |         0
 Parties use         | NEXT DAY                       | Mid Atlantic  |    1291 |       1271 |       1313 |           0 |         0
 Parties use         | NEXT DAY                       | North Midwest |    1197 |       1294 |       1278 |           0 |         0
 Parties use         | NEXT DAY                       | NY Metro      |    1268 |       1252 |       1290 |           0 |         0
 Parties use         | OVERNIGHT                      | Mid Atlantic  |     940 |        976 |        970 |           0 |         0
 Parties use         | OVERNIGHT                      | North Midwest |     939 |        945 |        954 |           0 |         0
 Parties use         | OVERNIGHT                      | NY Metro      |     945 |       1029 |        942 |           0 |         0
 Parties use         | REGULAR                        | Mid Atlantic  |     915 |        999 |        943 |           0 |         0
 Parties use         | REGULAR                        | North Midwest |     916 |        964 |        938 |           0 |         0
 Parties use         | REGULAR                        | NY Metro      |     919 |        956 |       1017 |           0 |         0
 Parties use         | TWO DAY                        | Mid Atlantic  |     938 |        960 |        923 |           0 |         0
 Parties use         | TWO DAY                        | North Midwest |     897 |        936 |        980 |           0 |         0
 Parties use         | TWO DAY                        | NY Metro      |     963 |        941 |        952 |           0 |         0
 Persons make more e | EXPRESS                        | Mid Atlantic  |    1245 |       1273 |       1333 |           0 |         0
 Persons make more e | EXPRESS                        | North Midwest |    1280 |       1283 |       1254 |           0 |         0
 Persons make more e | EXPRESS                        | NY Metro      |    1287 |       1215 |       1308 |           0 |         0
 Persons make more e | LIBRARY                        | Mid Atlantic  |     953 |       1001 |       1049 |           0 |         0
 Persons make more e | LIBRARY                        | North Midwest |     860 |        943 |        887 |           0 |         0
 Persons make more e | LIBRARY                        | NY Metro      |     973 |        992 |       1018 |           0 |         0
 Persons make more e | NEXT DAY                       | Mid Atlantic  |    1311 |       1274 |       1261 |           0 |         0
 Persons make more e | NEXT DAY                       | North Midwest |    1207 |       1240 |       1289 |           0 |         0
 Persons make more e | NEXT DAY                       | NY Metro      |    1302 |       1268 |       1289 |           0 |         0
 Persons make more e | OVERNIGHT                      | Mid Atlantic  |     908 |        950 |        930 |           0 |         0
 Persons make more e | OVERNIGHT                      | North Midwest |     889 |        956 |       1013 |           0 |         0
 Persons make more e | OVERNIGHT                      | NY Metro      |     935 |       1004 |        978 |           0 |         0
 Persons make more e | REGULAR                        | Mid Atlantic  |     933 |        955 |        973 |           0 |         0
 Persons make more e | REGULAR                        | North Midwest |     929 |        944 |        974 |           0 |         0
 Persons make more e | REGULAR                        | NY Metro      |     946 |        982 |        984 |           0 |         0
 Persons make more e | TWO DAY                        | Mid Atlantic  |     962 |        951 |        977 |           0 |         0
 Persons make more e | TWO DAY                        | North Midwest |     917 |        926 |        974 |           0 |         0
 Persons make more e | TWO DAY                        | NY Metro      |     952 |       1004 |        999 |           0 |         0
 Single, simple r    | EXPRESS                        | Mid Atlantic  |    1258 |       1297 |       1263 |           0 |         0
 Single, simple r    | EXPRESS                        | North Midwest |    1218 |       1219 |       1280 |           0 |         0
 Single, simple r    | EXPRESS                        | NY Metro      |    1291 |       1323 |       1157 |           0 |         0
 Single, simple r    | LIBRARY                        | Mid Atlantic  |     959 |        951 |       1034 |           0 |         0
 Single, simple r    | LIBRARY                        | North Midwest |     928 |        974 |        962 |           0 |         0
 Single, simple r    | LIBRARY                        | NY Metro      |     907 |        996 |        916 |           0 |         0
 Single, simple r    | NEXT DAY                       | Mid Atlantic  |    1198 |       1291 |       1305 |           0 |         0
 Single, simple r    | NEXT DAY                       | North Midwest |    1211 |       1331 |       1349 |           0 |         0
 Single, simple r    | NEXT DAY                       | NY Metro      |    1303 |       1307 |       1326 |           0 |         0
 Single, simple r    | OVERNIGHT                      | Mid Atlantic  |     883 |        969 |        931 |           0 |         0
 Single, simple r    | OVERNIGHT                      | North Midwest |     945 |        942 |        987 |           0 |         0
 Single, simple r    | OVERNIGHT                      | NY Metro      |     977 |       1009 |        958 |           0 |         0
 Single, simple r    | REGULAR                        | Mid Atlantic  |     942 |        935 |        969 |           0 |         0
 Single, simple r    | REGULAR                        | North Midwest |     956 |        976 |        942 |           0 |         0
 Single, simple r    | REGULAR                        | NY Metro      |     951 |        954 |       1011 |           0 |         0
 Single, simple r    | TWO DAY                        | Mid Atlantic  |     954 |        923 |        961 |           0 |         0
 Single, simple r    | TWO DAY                        | North Midwest |     911 |        944 |        935 |           0 |         0
 Single, simple r    | TWO DAY                        | NY Metro      |     940 |       1026 |        990 |           0 |         0
 Total, dea          | EXPRESS                        | Mid Atlantic  |    1243 |       1257 |       1278 |           0 |         0
 Total, dea          | EXPRESS                        | North Midwest |    1192 |       1307 |       1243 |           0 |         0
 Total, dea          | EXPRESS                        | NY Metro      |    1176 |       1320 |       1307 |           0 |         0
 Total, dea          | LIBRARY                        | Mid Atlantic  |     887 |        963 |        936 |           0 |         0
 Total, dea          | LIBRARY                        | North Midwest |     940 |        941 |        937 |           0 |         0
 Total, dea          | LIBRARY                        | NY Metro      |     911 |        973 |        969 |           0 |         0
 Total, dea          | NEXT DAY                       | Mid Atlantic  |    1216 |       1270 |       1300 |           0 |         0
 Total, dea          | NEXT DAY                       | North Midwest |    1325 |       1255 |       1284 |           0 |         0
 Total, dea          | NEXT DAY                       | NY Metro      |    1197 |       1263 |       1267 |           0 |         0
 Total, dea          | OVERNIGHT                      | Mid Atlantic  |     966 |        993 |        913 |           0 |         0
 Total, dea          | OVERNIGHT                      | North Midwest |     936 |        940 |        967 |           0 |         0
 Total, dea          | OVERNIGHT                      | NY Metro      |     979 |        984 |        985 |           0 |         0
 Total, dea          | REGULAR                        | Mid Atlantic  |     963 |        977 |       1013 |           0 |         0
 Total, dea          | REGULAR                        | North Midwest |     849 |        919 |        956 |           0 |         0
 Total, dea          | REGULAR                        | NY Metro      |     960 |        941 |        964 |           0 |         0
 Total, dea          | TWO DAY                        | Mid Atlantic  |     924 |        919 |        966 |           0 |         0
 Total, dea          | TWO DAY                        | North Midwest |     917 |        985 |        980 |           0 |         0
 Total, dea          | TWO DAY                        | NY Metro      |     933 |        934 |        964 |           0 |         0
(90 rows)

UPDATE time_statistics SET e_time = TRANSACTION_TIMESTAMP() WHERE template = 'query99.tpl' AND stream = 3;
psql:/tmp/s1-basline/throughput/query_3.sql:2900: NOTICE:  duration: 0.059 ms  plan:
Query Text: UPDATE time_statistics SET e_time = TRANSACTION_TIMESTAMP() WHERE template = 'query99.tpl' AND stream = 3;
Update on time_statistics  (cost=0.00..7.29 rows=0 width=0) (actual time=0.058..0.058 rows=0 loops=1)
  ->  Seq Scan on time_statistics  (cost=0.00..7.29 rows=1 width=14) (actual time=0.043..0.044 rows=1 loops=1)
        Filter: ((template = 'query99.tpl'::text) AND (stream = 3))
        Rows Removed by Filter: 248
UPDATE 1
LOAD 'auto_explain'; SET auto_explain.log_min_duration TO 0; SET auto_explain.log_analyze TO on; SET auto_explain.log_level TO notice; INSERT INTO time_statistics (template, s_time, stream, query, seed) VALUES ('query6.tpl', TRANSACTION_TIMESTAMP(), 3, 63, 1732743986);
LOAD
SET
SET
SET
psql:/tmp/s1-basline/throughput/query_3.sql:2901: NOTICE:  duration: 0.008 ms  plan:
Query Text: INSERT INTO time_statistics (template, s_time, stream, query, seed) VALUES ('query6.tpl', TRANSACTION_TIMESTAMP(), 3, 63, 1732743986);
Insert on time_statistics  (cost=0.00..0.01 rows=0 width=0) (actual time=0.008..0.008 rows=0 loops=1)
  ->  Result  (cost=0.00..0.01 rows=1 width=64) (actual time=0.001..0.001 rows=1 loops=1)
INSERT 0 1
select  a.ca_state state, count(*) cnt
 from customer_address a
     ,customer c
     ,store_sales s
     ,date_dim d
     ,item i
 where       a.ca_address_sk = c.c_current_addr_sk
 	and c.c_customer_sk = s.ss_customer_sk
 	and s.ss_sold_date_sk = d.d_date_sk
 	and s.ss_item_sk = i.i_item_sk
 	and d.d_month_seq = 
 	     (select distinct (d_month_seq)
 	      from date_dim
               where d_year = 1999
 	        and d_moy = 4 )
 	and i.i_current_price > 1.2 * 
             (select avg(j.i_current_price) 
 	     from item j 
 	     where j.i_category = i.i_category)
 group by a.ca_state
 having count(*) >= 10
 order by cnt, a.ca_state 
 limit 100;
psql:/tmp/s1-basline/throughput/query_3.sql:2924: NOTICE:  duration: 110867.314 ms  plan:
Query Text: select  a.ca_state state, count(*) cnt
 from customer_address a
     ,customer c
     ,store_sales s
     ,date_dim d
     ,item i
 where       a.ca_address_sk = c.c_current_addr_sk
 	and c.c_customer_sk = s.ss_customer_sk
 	and s.ss_sold_date_sk = d.d_date_sk
 	and s.ss_item_sk = i.i_item_sk
 	and d.d_month_seq = 
 	     (select distinct (d_month_seq)
 	      from date_dim
               where d_year = 1999
 	        and d_moy = 4 )
 	and i.i_current_price > 1.2 * 
             (select avg(j.i_current_price) 
 	     from item j 
 	     where j.i_category = i.i_category)
 group by a.ca_state
 having count(*) >= 10
 order by cnt, a.ca_state 
 limit 100;
Limit  (cost=1646340.82..1646340.86 rows=17 width=11) (actual time=110867.288..110867.297 rows=41 loops=1)
  InitPlan 1 (returns $0)
    ->  Unique  (cost=2501.47..2501.62 rows=30 width=4) (actual time=8.542..8.547 rows=1 loops=1)
          ->  Sort  (cost=2501.47..2501.55 rows=30 width=4) (actual time=8.541..8.543 rows=30 loops=1)
                Sort Key: date_dim.d_month_seq
                Sort Method: quicksort  Memory: 25kB
                ->  Seq Scan on date_dim  (cost=0.00..2500.73 rows=30 width=4) (actual time=4.037..8.537 rows=30 loops=1)
                      Filter: ((d_year = 1999) AND (d_moy = 4))
                      Rows Removed by Filter: 73019
  ->  Sort  (cost=1643839.20..1643839.24 rows=17 width=11) (actual time=110867.287..110867.290 rows=41 loops=1)
        Sort Key: (count(*)), a.ca_state
        Sort Method: quicksort  Memory: 26kB
        ->  GroupAggregate  (cost=1643835.52..1643838.85 rows=17 width=11) (actual time=110866.947..110867.276 rows=41 loops=1)
              Group Key: a.ca_state
              Filter: (count(*) >= 10)
              Rows Removed by Filter: 10
              ->  Sort  (cost=1643835.52..1643836.42 rows=359 width=3) (actual time=110866.939..110867.030 rows=2416 loops=1)
                    Sort Key: a.ca_state
                    Sort Method: quicksort  Memory: 209kB
                    ->  Nested Loop  (cost=1.30..1643820.29 rows=359 width=3) (actual time=45.164..110865.238 rows=2416 loops=1)
                          ->  Nested Loop  (cost=1.01..1643704.86 rows=359 width=8) (actual time=45.156..110855.999 rows=2416 loops=1)
                                ->  Nested Loop  (cost=0.72..42000.65 rows=1078 width=16) (actual time=11.518..98.947 rows=26612 loops=1)
                                      ->  Nested Loop  (cost=0.43..41649.19 rows=1129 width=16) (actual time=11.511..34.696 rows=27290 loops=1)
                                            ->  Seq Scan on date_dim d  (cost=0.00..2318.11 rows=30 width=8) (actual time=11.496..15.297 rows=30 loops=1)
                                                  Filter: (d_month_seq = $0)
                                                  Rows Removed by Filter: 73019
                                            ->  Index Scan using i_ss_sold_date_sk on store_sales s  (cost=0.43..1295.96 rows=1508 width=24) (actual time=0.009..0.501 rows=910 loops=30)
                                                  Index Cond: (ss_sold_date_sk = d.d_date_sk)
                                      ->  Index Scan using pk_customer on customer c  (cost=0.29..0.31 rows=1 width=16) (actual time=0.002..0.002 rows=1 loops=27290)
                                            Index Cond: (c_customer_sk = s.ss_customer_sk)
                                ->  Index Scan using pk_item on item i  (cost=0.29..1485.81 rows=1 width=8) (actual time=4.161..4.161 rows=0 loops=26612)
                                      Index Cond: (i_item_sk = s.ss_item_sk)
                                      Filter: (i_current_price > ('1.2'::double precision * (SubPlan 2)))
                                      Rows Removed by Filter: 1
                                      SubPlan 2
                                        ->  Aggregate  (cost=1485.49..1485.50 rows=1 width=8) (actual time=4.159..4.159 rows=1 loops=26612)
                                              ->  Seq Scan on item j  (cost=0.00..1481.00 rows=1795 width=8) (actual time=0.008..4.047 rows=1792 loops=26612)
                                                    Filter: (i_category = i.i_category)
                                                    Rows Removed by Filter: 16208
                          ->  Index Scan using pk_customer_address on customer_address a  (cost=0.29..0.32 rows=1 width=11) (actual time=0.003..0.003 rows=1 loops=2416)
                                Index Cond: (ca_address_sk = c.c_current_addr_sk)
 state | cnt 
-------+-----
 MA    |  10
 MD    |  10
 WY    |  12
 AK    |  14
 UT    |  15
 NM    |  19
 OR    |  22
 ID    |  28
 AL    |  35
 AR    |  35
 SC    |  36
 ND    |  38
 NY    |  38
 LA    |  40
 FL    |  43
 WA    |  44
 MN    |  46
 PA    |  46
 SD    |  47
 OH    |  48
 CA    |  51
 MT    |  56
 WI    |  56
 IA    |  57
 CO    |  59
 IN    |  63
 WV    |  65
 MS    |  66
 NC    |  66
 TN    |  69
 OK    |  72
 NE    |  77
       |  81
 KS    |  83
 KY    |  86
 MI    |  95
 MO    |  97
 IL    |  98
 GA    | 117
 VA    | 133
 TX    | 187
(41 rows)

UPDATE time_statistics SET e_time = TRANSACTION_TIMESTAMP() WHERE template = 'query6.tpl' AND stream = 3;
psql:/tmp/s1-basline/throughput/query_3.sql:2926: NOTICE:  duration: 0.051 ms  plan:
Query Text: UPDATE time_statistics SET e_time = TRANSACTION_TIMESTAMP() WHERE template = 'query6.tpl' AND stream = 3;
Update on time_statistics  (cost=0.00..7.29 rows=0 width=0) (actual time=0.050..0.051 rows=0 loops=1)
  ->  Seq Scan on time_statistics  (cost=0.00..7.29 rows=1 width=14) (actual time=0.035..0.035 rows=1 loops=1)
        Filter: ((template = 'query6.tpl'::text) AND (stream = 3))
        Rows Removed by Filter: 249
UPDATE 1
LOAD 'auto_explain'; SET auto_explain.log_min_duration TO 0; SET auto_explain.log_analyze TO on; SET auto_explain.log_level TO notice; INSERT INTO time_statistics (template, s_time, stream, query, seed) VALUES ('query83.tpl', TRANSACTION_TIMESTAMP(), 3, 64, 1650262509);
LOAD
SET
SET
SET
psql:/tmp/s1-basline/throughput/query_3.sql:2927: NOTICE:  duration: 0.009 ms  plan:
Query Text: INSERT INTO time_statistics (template, s_time, stream, query, seed) VALUES ('query83.tpl', TRANSACTION_TIMESTAMP(), 3, 64, 1650262509);
Insert on time_statistics  (cost=0.00..0.01 rows=0 width=0) (actual time=0.008..0.008 rows=0 loops=1)
  ->  Result  (cost=0.00..0.01 rows=1 width=64) (actual time=0.002..0.002 rows=1 loops=1)
INSERT 0 1
with sr_items as
 (select i_item_id item_id,
        sum(sr_return_quantity) sr_item_qty
 from store_returns,
      item,
      date_dim
 where sr_item_sk = i_item_sk
 and   d_date    in 
	(select d_date
	from date_dim
	where d_week_seq in 
		(select d_week_seq
		from date_dim
	  where d_date in ('1998-07-05','1998-09-06','1998-11-04')))
 and   sr_returned_date_sk   = d_date_sk
 group by i_item_id),
 cr_items as
 (select i_item_id item_id,
        sum(cr_return_quantity) cr_item_qty
 from catalog_returns,
      item,
      date_dim
 where cr_item_sk = i_item_sk
 and   d_date    in 
	(select d_date
	from date_dim
	where d_week_seq in 
		(select d_week_seq
		from date_dim
	  where d_date in ('1998-07-05','1998-09-06','1998-11-04')))
 and   cr_returned_date_sk   = d_date_sk
 group by i_item_id),
 wr_items as
 (select i_item_id item_id,
        sum(wr_return_quantity) wr_item_qty
 from web_returns,
      item,
      date_dim
 where wr_item_sk = i_item_sk
 and   d_date    in 
	(select d_date
	from date_dim
	where d_week_seq in 
		(select d_week_seq
		from date_dim
		where d_date in ('1998-07-05','1998-09-06','1998-11-04')))
 and   wr_returned_date_sk   = d_date_sk
 group by i_item_id)
  select  sr_items.item_id
       ,sr_item_qty
       ,sr_item_qty/(sr_item_qty+cr_item_qty+wr_item_qty)/3.0 * 100 sr_dev
       ,cr_item_qty
       ,cr_item_qty/(sr_item_qty+cr_item_qty+wr_item_qty)/3.0 * 100 cr_dev
       ,wr_item_qty
       ,wr_item_qty/(sr_item_qty+cr_item_qty+wr_item_qty)/3.0 * 100 wr_dev
       ,(sr_item_qty+cr_item_qty+wr_item_qty)/3.0 average
 from sr_items
     ,cr_items
     ,wr_items
 where sr_items.item_id=cr_items.item_id
   and sr_items.item_id=wr_items.item_id 
 order by sr_items.item_id
         ,sr_item_qty
 limit 100;
psql:/tmp/s1-basline/throughput/query_3.sql:2991: NOTICE:  duration: 58.602 ms  plan:
Query Text: with sr_items as
 (select i_item_id item_id,
        sum(sr_return_quantity) sr_item_qty
 from store_returns,
      item,
      date_dim
 where sr_item_sk = i_item_sk
 and   d_date    in 
	(select d_date
	from date_dim
	where d_week_seq in 
		(select d_week_seq
		from date_dim
	  where d_date in ('1998-07-05','1998-09-06','1998-11-04')))
 and   sr_returned_date_sk   = d_date_sk
 group by i_item_id),
 cr_items as
 (select i_item_id item_id,
        sum(cr_return_quantity) cr_item_qty
 from catalog_returns,
      item,
      date_dim
 where cr_item_sk = i_item_sk
 and   d_date    in 
	(select d_date
	from date_dim
	where d_week_seq in 
		(select d_week_seq
		from date_dim
	  where d_date in ('1998-07-05','1998-09-06','1998-11-04')))
 and   cr_returned_date_sk   = d_date_sk
 group by i_item_id),
 wr_items as
 (select i_item_id item_id,
        sum(wr_return_quantity) wr_item_qty
 from web_returns,
      item,
      date_dim
 where wr_item_sk = i_item_sk
 and   d_date    in 
	(select d_date
	from date_dim
	where d_week_seq in 
		(select d_week_seq
		from date_dim
		where d_date in ('1998-07-05','1998-09-06','1998-11-04')))
 and   wr_returned_date_sk   = d_date_sk
 group by i_item_id)
  select  sr_items.item_id
       ,sr_item_qty
       ,sr_item_qty/(sr_item_qty+cr_item_qty+wr_item_qty)/3.0 * 100 sr_dev
       ,cr_item_qty
       ,cr_item_qty/(sr_item_qty+cr_item_qty+wr_item_qty)/3.0 * 100 cr_dev
       ,wr_item_qty
       ,wr_item_qty/(sr_item_qty+cr_item_qty+wr_item_qty)/3.0 * 100 wr_dev
       ,(sr_item_qty+cr_item_qty+wr_item_qty)/3.0 average
 from sr_items
     ,cr_items
     ,wr_items
 where sr_items.item_id=cr_items.item_id
   and sr_items.item_id=wr_items.item_id 
 order by sr_items.item_id
         ,sr_item_qty
 limit 100;
Limit  (cost=7241.53..7241.55 rows=10 width=169) (actual time=58.577..58.587 rows=11 loops=1)
  ->  Sort  (cost=7241.53..7241.55 rows=10 width=169) (actual time=58.576..58.585 rows=11 loops=1)
        Sort Key: item.i_item_id, (sum(store_returns.sr_return_quantity))
        Sort Method: quicksort  Memory: 26kB
        ->  Merge Join  (cost=7236.23..7241.36 rows=10 width=169) (actual time=56.291..58.576 rows=11 loops=1)
              Merge Cond: (item.i_item_id = item_2.i_item_id)
              ->  Merge Join  (cost=4832.68..4835.88 rows=20 width=50) (actual time=39.740..41.497 rows=89 loops=1)
                    Merge Cond: (item.i_item_id = item_1.i_item_id)
                    ->  GroupAggregate  (cost=2459.56..2460.96 rows=80 width=25) (actual time=25.669..26.526 rows=2079 loops=1)
                          Group Key: item.i_item_id
                          ->  Sort  (cost=2459.56..2459.76 rows=80 width=21) (actual time=25.665..25.815 rows=2380 loops=1)
                                Sort Key: item.i_item_id
                                Sort Method: quicksort  Memory: 245kB
                                ->  Nested Loop  (cost=2333.94..2457.03 rows=80 width=21) (actual time=12.942..19.652 rows=2380 loops=1)
                                      ->  Nested Loop  (cost=2333.65..2432.23 rows=80 width=12) (actual time=12.936..15.618 rows=2380 loops=1)
                                            ->  Nested Loop  (cost=2333.23..2340.37 rows=21 width=8) (actual time=12.928..12.972 rows=21 loops=1)
                                                  ->  HashAggregate  (cost=2332.93..2333.14 rows=21 width=4) (actual time=12.924..12.931 rows=21 loops=1)
                                                        Group Key: date_dim_1.d_date
                                                        Batches: 1  Memory Usage: 24kB
                                                        ->  Hash Join  (cost=5.41..2332.88 rows=21 width=4) (actual time=6.368..12.922 rows=21 loops=1)
                                                              Hash Cond: (date_dim_1.d_week_seq = date_dim_2.d_week_seq)
                                                              ->  Seq Scan on date_dim date_dim_1  (cost=0.00..2135.49 rows=73049 width=8) (actual time=0.003..4.802 rows=73049 loops=1)
                                                              ->  Hash  (cost=5.37..5.37 rows=3 width=4) (actual time=0.028..0.030 rows=3 loops=1)
                                                                    Buckets: 1024  Batches: 1  Memory Usage: 9kB
                                                                    ->  HashAggregate  (cost=5.34..5.37 rows=3 width=4) (actual time=0.026..0.028 rows=3 loops=1)
                                                                          Group Key: date_dim_2.d_week_seq
                                                                          Batches: 1  Memory Usage: 24kB
                                                                          ->  Index Scan using i_d_date on date_dim date_dim_2  (cost=0.29..5.33 rows=3 width=4) (actual time=0.019..0.024 rows=3 loops=1)
                                                                                Index Cond: (d_date = ANY ('{1998-07-05,1998-09-06,1998-11-04}'::date[]))
                                                  ->  Index Scan using i_d_date on date_dim  (cost=0.29..0.33 rows=1 width=12) (actual time=0.001..0.001 rows=1 loops=21)
                                                        Index Cond: (d_date = date_dim_1.d_date)
                                            ->  Index Scan using i_sr_returned_date_sk on store_returns  (cost=0.42..2.97 rows=140 width=20) (actual time=0.003..0.110 rows=113 loops=21)
                                                  Index Cond: (sr_returned_date_sk = date_dim.d_date_sk)
                                      ->  Index Scan using pk_item on item  (cost=0.29..0.31 rows=1 width=25) (actual time=0.001..0.001 rows=1 loops=2380)
                                            Index Cond: (i_item_sk = store_returns.sr_item_sk)
                    ->  GroupAggregate  (cost=2373.12..2373.47 rows=20 width=25) (actual time=14.063..14.214 rows=380 loops=1)
                          Group Key: item_1.i_item_id
                          ->  Sort  (cost=2373.12..2373.17 rows=20 width=21) (actual time=14.061..14.086 rows=393 loops=1)
                                Sort Key: item_1.i_item_id
                                Sort Method: quicksort  Memory: 49kB
                                ->  Nested Loop  (cost=2333.81..2372.68 rows=20 width=21) (actual time=12.199..13.293 rows=393 loops=1)
                                      ->  Nested Loop  (cost=2333.52..2366.19 rows=20 width=12) (actual time=12.196..12.654 rows=393 loops=1)
                                            ->  Nested Loop  (cost=2333.23..2340.37 rows=21 width=8) (actual time=12.190..12.223 rows=21 loops=1)
                                                  ->  HashAggregate  (cost=2332.93..2333.14 rows=21 width=4) (actual time=12.186..12.190 rows=21 loops=1)
                                                        Group Key: date_dim_4.d_date
                                                        Batches: 1  Memory Usage: 24kB
                                                        ->  Hash Join  (cost=5.41..2332.88 rows=21 width=4) (actual time=5.989..12.182 rows=21 loops=1)
                                                              Hash Cond: (date_dim_4.d_week_seq = date_dim_5.d_week_seq)
                                                              ->  Seq Scan on date_dim date_dim_4  (cost=0.00..2135.49 rows=73049 width=8) (actual time=0.003..4.518 rows=73049 loops=1)
                                                              ->  Hash  (cost=5.37..5.37 rows=3 width=4) (actual time=0.011..0.012 rows=3 loops=1)
                                                                    Buckets: 1024  Batches: 1  Memory Usage: 9kB
                                                                    ->  HashAggregate  (cost=5.34..5.37 rows=3 width=4) (actual time=0.010..0.010 rows=3 loops=1)
                                                                          Group Key: date_dim_5.d_week_seq
                                                                          Batches: 1  Memory Usage: 24kB
                                                                          ->  Index Scan using i_d_date on date_dim date_dim_5  (cost=0.29..5.33 rows=3 width=4) (actual time=0.004..0.007 rows=3 loops=1)
                                                                                Index Cond: (d_date = ANY ('{1998-07-05,1998-09-06,1998-11-04}'::date[]))
                                                  ->  Index Scan using i_d_date on date_dim date_dim_3  (cost=0.29..0.33 rows=1 width=12) (actual time=0.001..0.001 rows=1 loops=21)
                                                        Index Cond: (d_date = date_dim_4.d_date)
                                            ->  Index Scan using i_wr_returned_date_sk on web_returns  (cost=0.29..0.90 rows=33 width=20) (actual time=0.002..0.018 rows=19 loops=21)
                                                  Index Cond: (wr_returned_date_sk = date_dim_3.d_date_sk)
                                      ->  Index Scan using pk_item on item item_1  (cost=0.29..0.32 rows=1 width=25) (actual time=0.001..0.001 rows=1 loops=393)
                                            Index Cond: (i_item_sk = web_returns.wr_item_sk)
              ->  GroupAggregate  (cost=2403.56..2404.28 rows=41 width=25) (actual time=16.414..16.761 rows=941 loops=1)
                    Group Key: item_2.i_item_id
                    ->  Sort  (cost=2403.56..2403.66 rows=41 width=21) (actual time=16.411..16.452 rows=997 loops=1)
                          Sort Key: item_2.i_item_id
                          Sort Method: quicksort  Memory: 113kB
                          ->  Nested Loop  (cost=2333.81..2402.46 rows=41 width=21) (actual time=11.498..14.060 rows=1032 loops=1)
                                ->  Nested Loop  (cost=2333.52..2389.55 rows=41 width=12) (actual time=11.493..12.397 rows=1032 loops=1)
                                      ->  Nested Loop  (cost=2333.23..2340.37 rows=21 width=8) (actual time=11.486..11.522 rows=21 loops=1)
                                            ->  HashAggregate  (cost=2332.93..2333.14 rows=21 width=4) (actual time=11.482..11.486 rows=21 loops=1)
                                                  Group Key: date_dim_7.d_date
                                                  Batches: 1  Memory Usage: 24kB
                                                  ->  Hash Join  (cost=5.41..2332.88 rows=21 width=4) (actual time=5.652..11.478 rows=21 loops=1)
                                                        Hash Cond: (date_dim_7.d_week_seq = date_dim_8.d_week_seq)
                                                        ->  Seq Scan on date_dim date_dim_7  (cost=0.00..2135.49 rows=73049 width=8) (actual time=0.002..4.395 rows=73049 loops=1)
                                                        ->  Hash  (cost=5.37..5.37 rows=3 width=4) (actual time=0.010..0.011 rows=3 loops=1)
                                                              Buckets: 1024  Batches: 1  Memory Usage: 9kB
                                                              ->  HashAggregate  (cost=5.34..5.37 rows=3 width=4) (actual time=0.009..0.009 rows=3 loops=1)
                                                                    Group Key: date_dim_8.d_week_seq
                                                                    Batches: 1  Memory Usage: 24kB
                                                                    ->  Index Scan using i_d_date on date_dim date_dim_8  (cost=0.29..5.33 rows=3 width=4) (actual time=0.004..0.007 rows=3 loops=1)
                                                                          Index Cond: (d_date = ANY ('{1998-07-05,1998-09-06,1998-11-04}'::date[]))
                                            ->  Index Scan using i_d_date on date_dim date_dim_6  (cost=0.29..0.33 rows=1 width=12) (actual time=0.001..0.001 rows=1 loops=21)
                                                  Index Cond: (d_date = date_dim_7.d_date)
                                      ->  Index Scan using i_cr_returned_date_sk on catalog_returns  (cost=0.29..1.62 rows=72 width=20) (actual time=0.002..0.034 rows=49 loops=21)
                                            Index Cond: (cr_returned_date_sk = date_dim_6.d_date_sk)
                                ->  Index Scan using pk_item on item item_2  (cost=0.29..0.31 rows=1 width=25) (actual time=0.001..0.001 rows=1 loops=1032)
                                      Index Cond: (i_item_sk = catalog_returns.cr_item_sk)
     item_id      | sr_item_qty |         sr_dev         | cr_item_qty |         cr_dev         | wr_item_qty |         wr_dev         |       average       
------------------+-------------+------------------------+-------------+------------------------+-------------+------------------------+---------------------
 AAAAAAAAAJBBAAAA |          40 | 0.00000000000000000000 |           8 | 0.00000000000000000000 |          29 | 0.00000000000000000000 | 25.6666666666666667
 AAAAAAAACBBEAAAA |          10 | 0.00000000000000000000 |          17 | 0.00000000000000000000 |           6 | 0.00000000000000000000 | 11.0000000000000000
 AAAAAAAACPIAAAAA |          59 | 0.00000000000000000000 |          18 | 0.00000000000000000000 |           4 | 0.00000000000000000000 | 27.0000000000000000
 AAAAAAAACPKBAAAA |          14 | 0.00000000000000000000 |          66 | 0.00000000000000000000 |          12 | 0.00000000000000000000 | 30.6666666666666667
 AAAAAAAAECDBAAAA |          43 | 0.00000000000000000000 |          16 | 0.00000000000000000000 |           8 | 0.00000000000000000000 | 22.3333333333333333
 AAAAAAAAGFHBAAAA |          10 | 0.00000000000000000000 |          61 | 0.00000000000000000000 |          35 | 0.00000000000000000000 | 35.3333333333333333
 AAAAAAAAGNCEAAAA |          46 | 0.00000000000000000000 |          30 | 0.00000000000000000000 |          53 | 0.00000000000000000000 | 43.0000000000000000
 AAAAAAAAHMPAAAAA |          16 | 0.00000000000000000000 |          15 | 0.00000000000000000000 |          48 | 0.00000000000000000000 | 26.3333333333333333
 AAAAAAAAJIMCAAAA |          61 | 0.00000000000000000000 |          65 | 0.00000000000000000000 |          31 | 0.00000000000000000000 | 52.3333333333333333
 AAAAAAAAJOCAAAAA |          11 | 0.00000000000000000000 |          13 | 0.00000000000000000000 |          18 | 0.00000000000000000000 | 14.0000000000000000
 AAAAAAAALJEEAAAA |          33 | 0.00000000000000000000 |          40 | 0.00000000000000000000 |          23 | 0.00000000000000000000 | 32.0000000000000000
(11 rows)

UPDATE time_statistics SET e_time = TRANSACTION_TIMESTAMP() WHERE template = 'query83.tpl' AND stream = 3;
psql:/tmp/s1-basline/throughput/query_3.sql:2993: NOTICE:  duration: 0.051 ms  plan:
Query Text: UPDATE time_statistics SET e_time = TRANSACTION_TIMESTAMP() WHERE template = 'query83.tpl' AND stream = 3;
Update on time_statistics  (cost=0.00..7.29 rows=0 width=0) (actual time=0.050..0.051 rows=0 loops=1)
  ->  Seq Scan on time_statistics  (cost=0.00..7.29 rows=1 width=14) (actual time=0.037..0.037 rows=1 loops=1)
        Filter: ((template = 'query83.tpl'::text) AND (stream = 3))
        Rows Removed by Filter: 250
UPDATE 1
LOAD 'auto_explain'; SET auto_explain.log_min_duration TO 0; SET auto_explain.log_analyze TO on; SET auto_explain.log_level TO notice; INSERT INTO time_statistics (template, s_time, stream, query, seed) VALUES ('query1.tpl', TRANSACTION_TIMESTAMP(), 3, 65, 1759495459);
LOAD
SET
SET
SET
psql:/tmp/s1-basline/throughput/query_3.sql:2994: NOTICE:  duration: 0.009 ms  plan:
Query Text: INSERT INTO time_statistics (template, s_time, stream, query, seed) VALUES ('query1.tpl', TRANSACTION_TIMESTAMP(), 3, 65, 1759495459);
Insert on time_statistics  (cost=0.00..0.01 rows=0 width=0) (actual time=0.008..0.008 rows=0 loops=1)
  ->  Result  (cost=0.00..0.01 rows=1 width=64) (actual time=0.001..0.002 rows=1 loops=1)
INSERT 0 1
with customer_total_return as
(select sr_customer_sk as ctr_customer_sk
,sr_store_sk as ctr_store_sk
,sum(SR_RETURN_AMT) as ctr_total_return
from store_returns
,date_dim
where sr_returned_date_sk = d_date_sk
and d_year =1999
group by sr_customer_sk
,sr_store_sk)
 select  c_customer_id
from customer_total_return ctr1
,store
,customer
where ctr1.ctr_total_return > (select avg(ctr_total_return)*1.2
from customer_total_return ctr2
where ctr1.ctr_store_sk = ctr2.ctr_store_sk)
and s_store_sk = ctr1.ctr_store_sk
and s_state = 'TN'
and ctr1.ctr_customer_sk = c_customer_sk
order by c_customer_id
limit 100;
psql:/tmp/s1-basline/throughput/query_3.sql:3016: NOTICE:  duration: 209566.251 ms  plan:
Query Text: with customer_total_return as
(select sr_customer_sk as ctr_customer_sk
,sr_store_sk as ctr_store_sk
,sum(SR_RETURN_AMT) as ctr_total_return
from store_returns
,date_dim
where sr_returned_date_sk = d_date_sk
and d_year =1999
group by sr_customer_sk
,sr_store_sk)
 select  c_customer_id
from customer_total_return ctr1
,store
,customer
where ctr1.ctr_total_return > (select avg(ctr_total_return)*1.2
from customer_total_return ctr2
where ctr1.ctr_store_sk = ctr2.ctr_store_sk)
and s_store_sk = ctr1.ctr_store_sk
and s_state = 'TN'
and ctr1.ctr_customer_sk = c_customer_sk
order by c_customer_id
limit 100;
Limit  (cost=54250.76..54250.83 rows=28 width=17) (actual time=209566.219..209566.233 rows=100 loops=1)
  CTE customer_total_return
    ->  GroupAggregate  (cost=11346.97..11374.51 rows=1377 width=24) (actual time=59.197..77.452 rows=50316 loops=1)
          Group Key: store_returns.sr_customer_sk, store_returns.sr_store_sk
          ->  Sort  (cost=11346.97..11350.42 rows=1377 width=24) (actual time=59.190..61.938 rows=55717 loops=1)
                Sort Key: store_returns.sr_customer_sk, store_returns.sr_store_sk
                Sort Method: quicksort  Memory: 4995kB
                ->  Nested Loop  (cost=0.42..11275.18 rows=1377 width=24) (actual time=3.465..45.578 rows=55717 loops=1)
                      ->  Seq Scan on date_dim  (cost=0.00..2318.11 rows=363 width=8) (actual time=3.447..7.715 rows=365 loops=1)
                            Filter: (d_year = 1999)
                            Rows Removed by Filter: 72684
                      ->  Index Scan using i_sr_returned_date_sk on store_returns  (cost=0.42..23.28 rows=140 width=32) (actual time=0.002..0.084 rows=153 loops=365)
                            Index Cond: (sr_returned_date_sk = date_dim.d_date_sk)
  ->  Sort  (cost=42876.24..42876.31 rows=28 width=17) (actual time=209566.219..209566.223 rows=100 loops=1)
        Sort Key: customer.c_customer_id
        Sort Method: top-N heapsort  Memory: 38kB
        ->  Nested Loop  (cost=0.29..42875.57 rows=28 width=17) (actual time=109.281..209557.971 rows=12917 loops=1)
              ->  Nested Loop  (cost=0.00..42822.13 rows=28 width=8) (actual time=109.271..209526.949 rows=12923 loops=1)
                    Join Filter: (ctr1.ctr_store_sk = store.s_store_sk)
                    Rows Removed by Join Filter: 55880
                    ->  CTE Scan on customer_total_return ctr1  (cost=0.00..42738.64 rows=459 width=16) (actual time=109.253..209516.903 rows=12923 loops=1)
                          Filter: (ctr_total_return > (SubPlan 2))
                          Rows Removed by Filter: 37393
                          SubPlan 2
                            ->  Aggregate  (cost=31.00..31.02 rows=1 width=8) (actual time=4.162..4.162 rows=1 loops=50316)
                                  ->  CTE Scan on customer_total_return ctr2  (cost=0.00..30.98 rows=7 width=8) (actual time=0.032..3.560 rows=8220 loops=50316)
                                        Filter: (ctr1.ctr_store_sk = ctr_store_sk)
                                        Rows Removed by Filter: 42096
                    ->  Materialize  (cost=0.00..1.21 rows=12 width=8) (actual time=0.000..0.000 rows=5 loops=12923)
                          ->  Seq Scan on store  (cost=0.00..1.15 rows=12 width=8) (actual time=0.011..0.014 rows=10 loops=1)
                                Filter: (s_state = 'TN'::bpchar)
              ->  Index Scan using pk_customer on customer  (cost=0.29..1.91 rows=1 width=25) (actual time=0.002..0.002 rows=1 loops=12923)
                    Index Cond: (c_customer_sk = ctr1.ctr_customer_sk)
  c_customer_id   
------------------
 AAAAAAAAAAADAAAA
 AAAAAAAAAABABAAA
 AAAAAAAAAABCAAAA
 AAAAAAAAAABOAAAA
 AAAAAAAAAACMAAAA
 AAAAAAAAAADBAAAA
 AAAAAAAAAADBBAAA
 AAAAAAAAAAECAAAA
 AAAAAAAAAAEGAAAA
 AAAAAAAAAAEIAAAA
 AAAAAAAAAAENAAAA
 AAAAAAAAAAEOAAAA
 AAAAAAAAAAEPAAAA
 AAAAAAAAAAEPAAAA
 AAAAAAAAAAFEAAAA
 AAAAAAAAAAFEBAAA
 AAAAAAAAAAFEBAAA
 AAAAAAAAAAFMAAAA
 AAAAAAAAAAFNAAAA
 AAAAAAAAAAGAAAAA
 AAAAAAAAAAGAAAAA
 AAAAAAAAAAGCBAAA
 AAAAAAAAAAGCBAAA
 AAAAAAAAAAGDBAAA
 AAAAAAAAAAGEBAAA
 AAAAAAAAAAGFBAAA
 AAAAAAAAAAGIAAAA
 AAAAAAAAAAGJAAAA
 AAAAAAAAAAIJAAAA
 AAAAAAAAAAIKAAAA
 AAAAAAAAAAJBBAAA
 AAAAAAAAAAJCAAAA
 AAAAAAAAAAJGAAAA
 AAAAAAAAAAJLAAAA
 AAAAAAAAAAKABAAA
 AAAAAAAAAAKKAAAA
 AAAAAAAAAALAAAAA
 AAAAAAAAAALHBAAA
 AAAAAAAAAALJAAAA
 AAAAAAAAAALLAAAA
 AAAAAAAAAAMGBAAA
 AAAAAAAAAAMPAAAA
 AAAAAAAAAANDBAAA
 AAAAAAAAAAOJAAAA
 AAAAAAAAAAOLAAAA
 AAAAAAAAABABBAAA
 AAAAAAAAABAGAAAA
 AAAAAAAAABBEAAAA
 AAAAAAAAABBPAAAA
 AAAAAAAAABCFAAAA
 AAAAAAAAABCFAAAA
 AAAAAAAAABCGBAAA
 AAAAAAAAABCJAAAA
 AAAAAAAAABCMAAAA
 AAAAAAAAABDAAAAA
 AAAAAAAAABDABAAA
 AAAAAAAAABDFBAAA
 AAAAAAAAABDHAAAA
 AAAAAAAAABDOAAAA
 AAAAAAAAABEIAAAA
 AAAAAAAAABGCAAAA
 AAAAAAAAABGGBAAA
 AAAAAAAAABHBAAAA
 AAAAAAAAABHCBAAA
 AAAAAAAAABHMAAAA
 AAAAAAAAABHPAAAA
 AAAAAAAAABICAAAA
 AAAAAAAAABIDAAAA
 AAAAAAAAABIEBAAA
 AAAAAAAAABJBAAAA
 AAAAAAAAABKJAAAA
 AAAAAAAAABLABAAA
 AAAAAAAAABLBAAAA
 AAAAAAAAABMIAAAA
 AAAAAAAAABNEAAAA
 AAAAAAAAABNFAAAA
 AAAAAAAAABNMAAAA
 AAAAAAAAABOBAAAA
 AAAAAAAAABODBAAA
 AAAAAAAAABOFBAAA
 AAAAAAAAABOHAAAA
 AAAAAAAAABOOAAAA
 AAAAAAAAABPGBAAA
 AAAAAAAAACABBAAA
 AAAAAAAAACACBAAA
 AAAAAAAAACACBAAA
 AAAAAAAAACAGBAAA
 AAAAAAAAACAJAAAA
 AAAAAAAAACBAAAAA
 AAAAAAAAACBHBAAA
 AAAAAAAAACBHBAAA
 AAAAAAAAACBLAAAA
 AAAAAAAAACCBAAAA
 AAAAAAAAACCBAAAA
 AAAAAAAAACCBBAAA
 AAAAAAAAACCDAAAA
 AAAAAAAAACCKAAAA
 AAAAAAAAACDEBAAA
 AAAAAAAAACECAAAA
 AAAAAAAAACEEAAAA
(100 rows)

UPDATE time_statistics SET e_time = TRANSACTION_TIMESTAMP() WHERE template = 'query1.tpl' AND stream = 3;
psql:/tmp/s1-basline/throughput/query_3.sql:3018: NOTICE:  duration: 0.052 ms  plan:
Query Text: UPDATE time_statistics SET e_time = TRANSACTION_TIMESTAMP() WHERE template = 'query1.tpl' AND stream = 3;
Update on time_statistics  (cost=0.00..7.29 rows=0 width=0) (actual time=0.052..0.052 rows=0 loops=1)
  ->  Seq Scan on time_statistics  (cost=0.00..7.29 rows=1 width=14) (actual time=0.038..0.038 rows=1 loops=1)
        Filter: ((template = 'query1.tpl'::text) AND (stream = 3))
        Rows Removed by Filter: 251
UPDATE 1
LOAD 'auto_explain'; SET auto_explain.log_min_duration TO 0; SET auto_explain.log_analyze TO on; SET auto_explain.log_level TO notice; INSERT INTO time_statistics (template, s_time, stream, query, seed) VALUES ('query60.tpl', TRANSACTION_TIMESTAMP(), 3, 66, 835499894);
LOAD
SET
SET
SET
psql:/tmp/s1-basline/throughput/query_3.sql:3019: NOTICE:  duration: 0.008 ms  plan:
Query Text: INSERT INTO time_statistics (template, s_time, stream, query, seed) VALUES ('query60.tpl', TRANSACTION_TIMESTAMP(), 3, 66, 835499894);
Insert on time_statistics  (cost=0.00..0.01 rows=0 width=0) (actual time=0.008..0.008 rows=0 loops=1)
  ->  Result  (cost=0.00..0.01 rows=1 width=64) (actual time=0.002..0.002 rows=1 loops=1)
INSERT 0 1
with ss as (
 select
          i_item_id,sum(ss_ext_sales_price) total_sales
 from
 	store_sales,
 	date_dim,
         customer_address,
         item
 where
         i_item_id in (select
  i_item_id
from
 item
where i_category in ('Jewelry'))
 and     ss_item_sk              = i_item_sk
 and     ss_sold_date_sk         = d_date_sk
 and     d_year                  = 2002
 and     d_moy                   = 8
 and     ss_addr_sk              = ca_address_sk
 and     ca_gmt_offset           = -7 
 group by i_item_id),
 cs as (
 select
          i_item_id,sum(cs_ext_sales_price) total_sales
 from
 	catalog_sales,
 	date_dim,
         customer_address,
         item
 where
         i_item_id               in (select
  i_item_id
from
 item
where i_category in ('Jewelry'))
 and     cs_item_sk              = i_item_sk
 and     cs_sold_date_sk         = d_date_sk
 and     d_year                  = 2002
 and     d_moy                   = 8
 and     cs_bill_addr_sk         = ca_address_sk
 and     ca_gmt_offset           = -7 
 group by i_item_id),
 ws as (
 select
          i_item_id,sum(ws_ext_sales_price) total_sales
 from
 	web_sales,
 	date_dim,
         customer_address,
         item
 where
         i_item_id               in (select
  i_item_id
from
 item
where i_category in ('Jewelry'))
 and     ws_item_sk              = i_item_sk
 and     ws_sold_date_sk         = d_date_sk
 and     d_year                  = 2002
 and     d_moy                   = 8
 and     ws_bill_addr_sk         = ca_address_sk
 and     ca_gmt_offset           = -7
 group by i_item_id)
  select   
  i_item_id
,sum(total_sales) total_sales
 from  (select * from ss 
        union all
        select * from cs 
        union all
        select * from ws) tmp1
 group by i_item_id
 order by i_item_id
      ,total_sales
 limit 100;
psql:/tmp/s1-basline/throughput/query_3.sql:3094: NOTICE:  duration: 260.722 ms  plan:
Query Text: with ss as (
 select
          i_item_id,sum(ss_ext_sales_price) total_sales
 from
 	store_sales,
 	date_dim,
         customer_address,
         item
 where
         i_item_id in (select
  i_item_id
from
 item
where i_category in ('Jewelry'))
 and     ss_item_sk              = i_item_sk
 and     ss_sold_date_sk         = d_date_sk
 and     d_year                  = 2002
 and     d_moy                   = 8
 and     ss_addr_sk              = ca_address_sk
 and     ca_gmt_offset           = -7 
 group by i_item_id),
 cs as (
 select
          i_item_id,sum(cs_ext_sales_price) total_sales
 from
 	catalog_sales,
 	date_dim,
         customer_address,
         item
 where
         i_item_id               in (select
  i_item_id
from
 item
where i_category in ('Jewelry'))
 and     cs_item_sk              = i_item_sk
 and     cs_sold_date_sk         = d_date_sk
 and     d_year                  = 2002
 and     d_moy                   = 8
 and     cs_bill_addr_sk         = ca_address_sk
 and     ca_gmt_offset           = -7 
 group by i_item_id),
 ws as (
 select
          i_item_id,sum(ws_ext_sales_price) total_sales
 from
 	web_sales,
 	date_dim,
         customer_address,
         item
 where
         i_item_id               in (select
  i_item_id
from
 item
where i_category in ('Jewelry'))
 and     ws_item_sk              = i_item_sk
 and     ws_sold_date_sk         = d_date_sk
 and     d_year                  = 2002
 and     d_moy                   = 8
 and     ws_bill_addr_sk         = ca_address_sk
 and     ca_gmt_offset           = -7
 group by i_item_id)
  select   
  i_item_id
,sum(total_sales) total_sales
 from  (select * from ss 
        union all
        select * from cs 
        union all
        select * from ws) tmp1
 group by i_item_id
 order by i_item_id
      ,total_sales
 limit 100;
Limit  (cost=44293.19..44293.30 rows=45 width=25) (actual time=225.038..260.688 rows=100 loops=1)
  ->  Sort  (cost=44293.19..44293.30 rows=45 width=25) (actual time=225.037..260.680 rows=100 loops=1)
        Sort Key: item.i_item_id, (sum((sum(store_sales.ss_ext_sales_price))))
        Sort Method: top-N heapsort  Memory: 32kB
        ->  Finalize GroupAggregate  (cost=44286.85..44291.95 rows=45 width=25) (actual time=222.818..259.997 rows=1265 loops=1)
              Group Key: item.i_item_id
              ->  Gather Merge  (cost=44286.85..44291.32 rows=36 width=25) (actual time=222.813..259.586 rows=1739 loops=1)
                    Workers Planned: 2
                    Workers Launched: 2
                    ->  Partial GroupAggregate  (cost=43286.83..43287.14 rows=18 width=25) (actual time=130.015..130.228 rows=580 loops=3)
                          Group Key: item.i_item_id
                          ->  Sort  (cost=43286.83..43286.87 rows=18 width=25) (actual time=130.012..130.041 rows=580 loops=3)
                                Sort Key: item.i_item_id
                                Sort Method: quicksort  Memory: 61kB
                                Worker 0:  Sort Method: quicksort  Memory: 45kB
                                Worker 1:  Sort Method: quicksort  Memory: 90kB
                                ->  Parallel Append  (cost=13957.44..43286.45 rows=18 width=25) (actual time=129.501..129.777 rows=580 loops=3)
                                      ->  GroupAggregate  (cost=43285.68..43286.11 rows=25 width=25) (actual time=214.922..215.321 rows=928 loops=1)
                                            Group Key: item.i_item_id
                                            ->  Sort  (cost=43285.68..43285.74 rows=25 width=25) (actual time=214.914..214.965 rows=1293 loops=1)
                                                  Sort Key: item.i_item_id
                                                  Worker 1:  Sort Method: quicksort  Memory: 139kB
                                                  ->  Nested Loop Semi Join  (cost=1.29..43285.10 rows=25 width=25) (actual time=8.520..211.838 rows=1293 loops=1)
                                                        ->  Nested Loop  (cost=1.01..43235.51 rows=121 width=25) (actual time=8.420..176.465 rows=6710 loops=1)
                                                              ->  Nested Loop  (cost=0.72..43198.54 rows=121 width=16) (actual time=8.354..157.710 rows=6710 loops=1)
                                                                    ->  Nested Loop  (cost=0.43..42836.21 rows=1167 width=24) (actual time=8.245..74.147 rows=59063 loops=1)
                                                                          ->  Seq Scan on date_dim  (cost=0.00..2500.73 rows=31 width=8) (actual time=8.144..14.078 rows=31 loops=1)
                                                                                Filter: ((d_year = 2002) AND (d_moy = 8))
                                                                                Rows Removed by Filter: 73018
                                                                          ->  Index Scan using i_ss_sold_date_sk on store_sales  (cost=0.43..1286.06 rows=1508 width=32) (actual time=0.015..1.607 rows=1905 loops=31)
                                                                                Index Cond: (ss_sold_date_sk = date_dim.d_date_sk)
                                                                    ->  Index Scan using pk_customer_address on customer_address  (cost=0.29..0.31 rows=1 width=8) (actual time=0.001..0.001 rows=0 loops=59063)
                                                                          Index Cond: (ca_address_sk = store_sales.ss_addr_sk)
                                                                          Filter: (ca_gmt_offset = '-7'::double precision)
                                                                          Rows Removed by Filter: 1
                                                              ->  Index Scan using pk_item on item  (cost=0.29..0.31 rows=1 width=25) (actual time=0.002..0.002 rows=1 loops=6710)
                                                                    Index Cond: (i_item_sk = store_sales.ss_item_sk)
                                                        ->  Index Scan using i_i_item_id on item item_1  (cost=0.29..0.41 rows=1 width=17) (actual time=0.005..0.005 rows=0 loops=6710)
                                                              Index Cond: (i_item_id = item.i_item_id)
                                                              Filter: (i_category = 'Jewelry'::bpchar)
                                                              Rows Removed by Filter: 2
                                      ->  GroupAggregate  (cost=13957.44..13957.56 rows=7 width=25) (actual time=81.450..81.561 rows=294 loops=1)
                                            Group Key: item_2.i_item_id
                                            ->  Sort  (cost=13957.44..13957.46 rows=7 width=25) (actual time=81.442..81.456 rows=320 loops=1)
                                                  Sort Key: item_2.i_item_id
                                                  Worker 0:  Sort Method: quicksort  Memory: 47kB
                                                  ->  Nested Loop Semi Join  (cost=1.29..13957.34 rows=7 width=25) (actual time=8.375..80.807 rows=320 loops=1)
                                                        ->  Nested Loop  (cost=1.00..13943.82 rows=33 width=25) (actual time=8.171..70.853 rows=1704 loops=1)
                                                              ->  Nested Loop  (cost=0.71..13933.69 rows=33 width=16) (actual time=8.101..61.875 rows=1704 loops=1)
                                                                    ->  Nested Loop  (cost=0.42..13838.54 rows=305 width=24) (actual time=8.048..34.469 rows=16017 loops=1)
                                                                          ->  Seq Scan on date_dim date_dim_1  (cost=0.00..2500.73 rows=31 width=8) (actual time=7.960..14.088 rows=31 loops=1)
                                                                                Filter: ((d_year = 2002) AND (d_moy = 8))
                                                                                Rows Removed by Filter: 73018
                                                                          ->  Index Scan using i_ws_sold_date_sk on web_sales  (cost=0.42..361.79 rows=395 width=32) (actual time=0.014..0.563 rows=517 loops=31)
                                                                                Index Cond: (ws_sold_date_sk = date_dim_1.d_date_sk)
                                                                    ->  Index Scan using pk_customer_address on customer_address customer_address_1  (cost=0.29..0.31 rows=1 width=8) (actual time=0.002..0.002 rows=0 loops=16017)
                                                                          Index Cond: (ca_address_sk = web_sales.ws_bill_addr_sk)
                                                                          Filter: (ca_gmt_offset = '-7'::double precision)
                                                                          Rows Removed by Filter: 1
                                                              ->  Index Scan using pk_item on item item_2  (cost=0.29..0.31 rows=1 width=25) (actual time=0.005..0.005 rows=1 loops=1704)
                                                                    Index Cond: (i_item_sk = web_sales.ws_item_sk)
                                                        ->  Index Scan using i_i_item_id on item item_3  (cost=0.29..0.41 rows=1 width=17) (actual time=0.006..0.006 rows=0 loops=1704)
                                                              Index Cond: (i_item_id = item_2.i_item_id)
                                                              Filter: (i_category = 'Jewelry'::bpchar)
                                                              Rows Removed by Filter: 2
                                      ->  GroupAggregate  (cost=4432.28..4432.50 rows=13 width=25) (actual time=92.127..92.330 rows=517 loops=1)
                                            Group Key: item_4.i_item_id
                                            ->  Sort  (cost=4432.28..4432.31 rows=13 width=25) (actual time=92.120..92.145 rows=612 loops=1)
                                                  Sort Key: item_4.i_item_id
                                                  Sort Method: quicksort  Memory: 68kB
                                                  ->  Nested Loop Semi Join  (cost=1.29..4432.04 rows=13 width=25) (actual time=4.380..90.900 rows=612 loops=1)
                                                        ->  Nested Loop  (cost=1.00..4405.00 rows=66 width=25) (actual time=4.371..74.903 rows=3101 loops=1)
                                                              ->  Nested Loop  (cost=0.72..4384.80 rows=66 width=16) (actual time=4.366..68.579 rows=3101 loops=1)
                                                                    ->  Nested Loop  (cost=0.43..4196.04 rows=607 width=24) (actual time=4.337..22.413 rows=31392 loops=1)
                                                                          ->  Seq Scan on date_dim date_dim_2  (cost=0.00..2500.73 rows=31 width=8) (actual time=4.326..9.127 rows=31 loops=1)
                                                                                Filter: ((d_year = 2002) AND (d_moy = 8))
                                                                                Rows Removed by Filter: 73018
                                                                          ->  Index Scan using i_cs_sold_date_sk on catalog_sales  (cost=0.43..46.87 rows=782 width=32) (actual time=0.005..0.239 rows=1013 loops=31)
                                                                                Index Cond: (cs_sold_date_sk = date_dim_2.d_date_sk)
                                                                    ->  Index Scan using pk_customer_address on customer_address customer_address_2  (cost=0.29..0.31 rows=1 width=8) (actual time=0.001..0.001 rows=0 loops=31392)
                                                                          Index Cond: (ca_address_sk = catalog_sales.cs_bill_addr_sk)
                                                                          Filter: (ca_gmt_offset = '-7'::double precision)
                                                                          Rows Removed by Filter: 1
                                                              ->  Index Scan using pk_item on item item_4  (cost=0.29..0.31 rows=1 width=25) (actual time=0.002..0.002 rows=1 loops=3101)
                                                                    Index Cond: (i_item_sk = catalog_sales.cs_item_sk)
                                                        ->  Index Scan using i_i_item_id on item item_5  (cost=0.29..0.41 rows=1 width=17) (actual time=0.005..0.005 rows=0 loops=3101)
                                                              Index Cond: (i_item_id = item_4.i_item_id)
                                                              Filter: (i_category = 'Jewelry'::bpchar)
                                                              Rows Removed by Filter: 2
    i_item_id     |    total_sales     
------------------+--------------------
 AAAAAAAAAAFCAAAA |              203.4
 AAAAAAAAAAGCAAAA | 12526.880000000001
 AAAAAAAAAAHBAAAA |  6371.009999999999
 AAAAAAAAAAKAAAAA |              30.51
 AAAAAAAAAAKDAAAA |             190.95
 AAAAAAAAABAAAAAA |           17972.12
 AAAAAAAAABCBAAAA |            2023.17
 AAAAAAAAABDAAAAA |              37.59
 AAAAAAAAABDEAAAA |             3398.2
 AAAAAAAAABGDAAAA |           17915.22
 AAAAAAAAABHCAAAA |            6292.08
 AAAAAAAAABIBAAAA |              64.08
 AAAAAAAAABKCAAAA |            3807.26
 AAAAAAAAABNCAAAA |             723.81
 AAAAAAAAACDAAAAA |             1158.5
 AAAAAAAAACDCAAAA |             491.48
 AAAAAAAAACHCAAAA |            1946.38
 AAAAAAAAACKCAAAA |            9298.08
 AAAAAAAAACNCAAAA |               3.08
 AAAAAAAAACODAAAA |            1742.03
 AAAAAAAAADACAAAA |           10062.42
 AAAAAAAAADDCAAAA |           13273.68
 AAAAAAAAADDEAAAA |               1095
 AAAAAAAAADEBAAAA |            3869.83
 AAAAAAAAADIAAAAA |            7918.85
 AAAAAAAAADJBAAAA |            5153.48
 AAAAAAAAADKDAAAA |            4822.42
 AAAAAAAAADMBAAAA |             2887.5
 AAAAAAAAADPBAAAA |            1996.27
 AAAAAAAAADPCAAAA |  678.6700000000001
 AAAAAAAAAEAAAAAA |             305.15
 AAAAAAAAAEADAAAA |            1378.52
 AAAAAAAAAEBCAAAA |              78.26
 AAAAAAAAAEGBAAAA |            1764.19
 AAAAAAAAAEGDAAAA |            1961.54
 AAAAAAAAAEHCAAAA |              60.84
 AAAAAAAAAEJAAAAA |             914.91
 AAAAAAAAAEKDAAAA |           13590.02
 AAAAAAAAAEMBAAAA |            1265.76
 AAAAAAAAAEMDAAAA |            5907.98
 AAAAAAAAAEPDAAAA |            4675.15
 AAAAAAAAAFACAAAA |             7059.9
 AAAAAAAAAFEEAAAA |             219.87
 AAAAAAAAAFGAAAAA |                   
 AAAAAAAAAFIBAAAA |            3398.05
 AAAAAAAAAFJCAAAA |            5080.35
 AAAAAAAAAFOBAAAA |              26.56
 AAAAAAAAAGABAAAA |             798.44
 AAAAAAAAAGAEAAAA |            1451.63
 AAAAAAAAAGBDAAAA |             806.07
 AAAAAAAAAGEAAAAA |            6243.08
 AAAAAAAAAGFCAAAA |             919.54
 AAAAAAAAAGGBAAAA |            6259.84
 AAAAAAAAAGLDAAAA |            7164.31
 AAAAAAAAAGMCAAAA | 3432.8599999999997
 AAAAAAAAAGNDAAAA |            7042.28
 AAAAAAAAAGOAAAAA |            1820.88
 AAAAAAAAAGODAAAA |              24.84
 AAAAAAAAAGPBAAAA |            1648.08
 AAAAAAAAAHECAAAA |             406.08
 AAAAAAAAAHEDAAAA |            4742.34
 AAAAAAAAAHHDAAAA |           12257.79
 AAAAAAAAAHJBAAAA | 3329.2799999999997
 AAAAAAAAAHMAAAAA |            2577.24
 AAAAAAAAAHOBAAAA |            8232.22
 AAAAAAAAAIBCAAAA |             1493.8
 AAAAAAAAAICDAAAA |            1515.14
 AAAAAAAAAIDCAAAA |              32.05
 AAAAAAAAAIFBAAAA |             904.25
 AAAAAAAAAIFDAAAA |             1880.6
 AAAAAAAAAIGCAAAA |             698.76
 AAAAAAAAAIHBAAAA | 498.08000000000004
 AAAAAAAAAIIDAAAA |               3789
 AAAAAAAAAIJCAAAA |            6726.08
 AAAAAAAAAIJDAAAA |             1754.6
 AAAAAAAAAIMCAAAA |             691.95
 AAAAAAAAAJBEAAAA |              111.8
 AAAAAAAAAJCCAAAA |             340.68
 AAAAAAAAAJDEAAAA |            1055.16
 AAAAAAAAAJICAAAA |            1036.25
 AAAAAAAAAJOAAAAA |           13291.02
 AAAAAAAAAKAEAAAA |            3565.71
 AAAAAAAAAKBAAAAA |  7014.389999999999
 AAAAAAAAAKBCAAAA |            5046.44
 AAAAAAAAAKDDAAAA |            5512.58
 AAAAAAAAAKHAAAAA |            1205.16
 AAAAAAAAAKMAAAAA |             662.97
 AAAAAAAAAKNCAAAA |            4678.28
 AAAAAAAAAKOBAAAA |            2579.79
 AAAAAAAAALACAAAA |              66.34
 AAAAAAAAALBEAAAA |            4007.46
 AAAAAAAAALCDAAAA |           13472.15
 AAAAAAAAALMAAAAA |             879.57
 AAAAAAAAALNBAAAA |             7031.6
 AAAAAAAAALOBAAAA |             462.02
 AAAAAAAAAMEAAAAA |             6062.5
 AAAAAAAAAMFCAAAA |            3920.96
 AAAAAAAAAMICAAAA |              26.88
 AAAAAAAAAMJBAAAA |             515.34
 AAAAAAAAAMJCAAAA |             246.95
(100 rows)

UPDATE time_statistics SET e_time = TRANSACTION_TIMESTAMP() WHERE template = 'query60.tpl' AND stream = 3;
psql:/tmp/s1-basline/throughput/query_3.sql:3096: NOTICE:  duration: 0.053 ms  plan:
Query Text: UPDATE time_statistics SET e_time = TRANSACTION_TIMESTAMP() WHERE template = 'query60.tpl' AND stream = 3;
Update on time_statistics  (cost=0.00..7.29 rows=0 width=0) (actual time=0.053..0.053 rows=0 loops=1)
  ->  Seq Scan on time_statistics  (cost=0.00..7.29 rows=1 width=14) (actual time=0.038..0.039 rows=1 loops=1)
        Filter: ((template = 'query60.tpl'::text) AND (stream = 3))
        Rows Removed by Filter: 252
UPDATE 1
LOAD 'auto_explain'; SET auto_explain.log_min_duration TO 0; SET auto_explain.log_analyze TO on; SET auto_explain.log_level TO notice; INSERT INTO time_statistics (template, s_time, stream, query, seed) VALUES ('query33.tpl', TRANSACTION_TIMESTAMP(), 3, 67, 1299502260);
LOAD
SET
SET
SET
psql:/tmp/s1-basline/throughput/query_3.sql:3097: NOTICE:  duration: 0.008 ms  plan:
Query Text: INSERT INTO time_statistics (template, s_time, stream, query, seed) VALUES ('query33.tpl', TRANSACTION_TIMESTAMP(), 3, 67, 1299502260);
Insert on time_statistics  (cost=0.00..0.01 rows=0 width=0) (actual time=0.008..0.008 rows=0 loops=1)
  ->  Result  (cost=0.00..0.01 rows=1 width=64) (actual time=0.001..0.001 rows=1 loops=1)
INSERT 0 1
with ss as (
 select
          i_manufact_id,sum(ss_ext_sales_price) total_sales
 from
 	store_sales,
 	date_dim,
         customer_address,
         item
 where
         i_manufact_id in (select
  i_manufact_id
from
 item
where i_category in ('Electronics'))
 and     ss_item_sk              = i_item_sk
 and     ss_sold_date_sk         = d_date_sk
 and     d_year                  = 1998
 and     d_moy                   = 5
 and     ss_addr_sk              = ca_address_sk
 and     ca_gmt_offset           = -5 
 group by i_manufact_id),
 cs as (
 select
          i_manufact_id,sum(cs_ext_sales_price) total_sales
 from
 	catalog_sales,
 	date_dim,
         customer_address,
         item
 where
         i_manufact_id               in (select
  i_manufact_id
from
 item
where i_category in ('Electronics'))
 and     cs_item_sk              = i_item_sk
 and     cs_sold_date_sk         = d_date_sk
 and     d_year                  = 1998
 and     d_moy                   = 5
 and     cs_bill_addr_sk         = ca_address_sk
 and     ca_gmt_offset           = -5 
 group by i_manufact_id),
 ws as (
 select
          i_manufact_id,sum(ws_ext_sales_price) total_sales
 from
 	web_sales,
 	date_dim,
         customer_address,
         item
 where
         i_manufact_id               in (select
  i_manufact_id
from
 item
where i_category in ('Electronics'))
 and     ws_item_sk              = i_item_sk
 and     ws_sold_date_sk         = d_date_sk
 and     d_year                  = 1998
 and     d_moy                   = 5
 and     ws_bill_addr_sk         = ca_address_sk
 and     ca_gmt_offset           = -5
 group by i_manufact_id)
  select  i_manufact_id ,sum(total_sales) total_sales
 from  (select * from ss 
        union all
        select * from cs 
        union all
        select * from ws) tmp1
 group by i_manufact_id
 order by total_sales
limit 100;
psql:/tmp/s1-basline/throughput/query_3.sql:3169: NOTICE:  duration: 161.555 ms  plan:
Query Text: with ss as (
 select
          i_manufact_id,sum(ss_ext_sales_price) total_sales
 from
 	store_sales,
 	date_dim,
         customer_address,
         item
 where
         i_manufact_id in (select
  i_manufact_id
from
 item
where i_category in ('Electronics'))
 and     ss_item_sk              = i_item_sk
 and     ss_sold_date_sk         = d_date_sk
 and     d_year                  = 1998
 and     d_moy                   = 5
 and     ss_addr_sk              = ca_address_sk
 and     ca_gmt_offset           = -5 
 group by i_manufact_id),
 cs as (
 select
          i_manufact_id,sum(cs_ext_sales_price) total_sales
 from
 	catalog_sales,
 	date_dim,
         customer_address,
         item
 where
         i_manufact_id               in (select
  i_manufact_id
from
 item
where i_category in ('Electronics'))
 and     cs_item_sk              = i_item_sk
 and     cs_sold_date_sk         = d_date_sk
 and     d_year                  = 1998
 and     d_moy                   = 5
 and     cs_bill_addr_sk         = ca_address_sk
 and     ca_gmt_offset           = -5 
 group by i_manufact_id),
 ws as (
 select
          i_manufact_id,sum(ws_ext_sales_price) total_sales
 from
 	web_sales,
 	date_dim,
         customer_address,
         item
 where
         i_manufact_id               in (select
  i_manufact_id
from
 item
where i_category in ('Electronics'))
 and     ws_item_sk              = i_item_sk
 and     ws_sold_date_sk         = d_date_sk
 and     d_year                  = 1998
 and     d_moy                   = 5
 and     ws_bill_addr_sk         = ca_address_sk
 and     ca_gmt_offset           = -5
 group by i_manufact_id)
  select  i_manufact_id ,sum(total_sales) total_sales
 from  (select * from ss 
        union all
        select * from cs 
        union all
        select * from ws) tmp1
 group by i_manufact_id
 order by total_sales
limit 100;
Limit  (cost=45938.20..45938.45 rows=100 width=12) (actual time=134.600..161.524 rows=100 loops=1)
  ->  Sort  (cost=45938.20..45938.70 rows=200 width=12) (actual time=134.599..161.517 rows=100 loops=1)
        Sort Key: (sum((sum(store_sales.ss_ext_sales_price))))
        Sort Method: top-N heapsort  Memory: 33kB
        ->  Finalize GroupAggregate  (cost=45876.08..45930.55 rows=200 width=12) (actual time=133.726..161.378 rows=717 loops=1)
              Group Key: item.i_manufact_id
              ->  Gather Merge  (cost=45876.08..45926.55 rows=400 width=12) (actual time=133.722..161.113 rows=2026 loops=1)
                    Workers Planned: 2
                    Workers Launched: 2
                    ->  Partial GroupAggregate  (cost=44876.06..44880.36 rows=200 width=12) (actual time=80.709..80.930 rows=675 loops=3)
                          Group Key: item.i_manufact_id
                          ->  Sort  (cost=44876.06..44876.82 rows=307 width=12) (actual time=80.706..80.741 rows=675 loops=3)
                                Sort Key: item.i_manufact_id
                                Sort Method: quicksort  Memory: 62kB
                                Worker 0:  Sort Method: quicksort  Memory: 59kB
                                Worker 1:  Sort Method: quicksort  Memory: 63kB
                                ->  Parallel Append  (cost=15477.68..44863.37 rows=307 width=12) (actual time=79.632..80.623 rows=675 loops=3)
                                      ->  GroupAggregate  (cost=44850.67..44857.78 rows=406 width=12) (actual time=124.028..125.640 rows=710 loops=1)
                                            Group Key: item.i_manufact_id
                                            ->  Sort  (cost=44850.67..44851.69 rows=406 width=12) (actual time=124.014..124.710 rows=8637 loops=1)
                                                  Sort Key: item.i_manufact_id
                                                  Worker 1:  Sort Method: quicksort  Memory: 856kB
                                                  ->  Hash Join  (cost=1505.62..44833.08 rows=406 width=12) (actual time=24.662..121.816 rows=8637 loops=1)
                                                        Hash Cond: (item.i_manufact_id = item_1.i_manufact_id)
                                                        ->  Nested Loop  (cost=1.01..43322.88 rows=407 width=12) (actual time=7.625..102.963 rows=9911 loops=1)
                                                              ->  Nested Loop  (cost=0.72..43198.54 rows=407 width=16) (actual time=7.560..84.682 rows=9911 loops=1)
                                                                    ->  Nested Loop  (cost=0.43..42836.21 rows=1167 width=24) (actual time=7.430..44.999 rows=27203 loops=1)
                                                                          ->  Seq Scan on date_dim  (cost=0.00..2500.73 rows=31 width=8) (actual time=7.355..14.246 rows=31 loops=1)
                                                                                Filter: ((d_year = 1998) AND (d_moy = 5))
                                                                                Rows Removed by Filter: 73018
                                                                          ->  Index Scan using i_ss_sold_date_sk on store_sales  (cost=0.43..1286.06 rows=1508 width=32) (actual time=0.014..0.834 rows=878 loops=31)
                                                                                Index Cond: (ss_sold_date_sk = date_dim.d_date_sk)
                                                                    ->  Index Scan using pk_customer_address on customer_address  (cost=0.29..0.31 rows=1 width=8) (actual time=0.001..0.001 rows=0 loops=27203)
                                                                          Index Cond: (ca_address_sk = store_sales.ss_addr_sk)
                                                                          Filter: (ca_gmt_offset = '-5'::double precision)
                                                                          Rows Removed by Filter: 1
                                                              ->  Index Scan using pk_item on item  (cost=0.29..0.31 rows=1 width=12) (actual time=0.001..0.001 rows=1 loops=9911)
                                                                    Index Cond: (i_item_sk = store_sales.ss_item_sk)
                                                        ->  Hash  (cost=1494.02..1494.02 rows=848 width=4) (actual time=17.005..17.006 rows=720 loops=1)
                                                              Buckets: 1024  Batches: 1  Memory Usage: 34kB
                                                              ->  HashAggregate  (cost=1485.54..1494.02 rows=848 width=4) (actual time=16.840..16.905 rows=720 loops=1)
                                                                    Group Key: item_1.i_manufact_id
                                                                    Worker 1:  Batches: 1  Memory Usage: 105kB
                                                                    ->  Seq Scan on item item_1  (cost=0.00..1481.00 rows=1815 width=4) (actual time=0.023..16.476 rows=1815 loops=1)
                                                                          Filter: (i_category = 'Electronics'::bpchar)
                                                                          Rows Removed by Filter: 16185
                                      ->  GroupAggregate  (cost=15477.68..15479.62 rows=111 width=12) (actual time=60.878..61.319 rows=626 loops=1)
                                            Group Key: item_2.i_manufact_id
                                            ->  Sort  (cost=15477.68..15477.96 rows=111 width=12) (actual time=60.870..60.987 rows=2305 loops=1)
                                                  Sort Key: item_2.i_manufact_id
                                                  Worker 0:  Sort Method: quicksort  Memory: 223kB
                                                  ->  Hash Join  (cost=1505.62..15473.91 rows=111 width=12) (actual time=24.124..60.293 rows=2305 loops=1)
                                                        Hash Cond: (item_2.i_manufact_id = item_3.i_manufact_id)
                                                        ->  Nested Loop  (cost=1.00..13967.76 rows=111 width=12) (actual time=7.716..43.395 rows=2649 loops=1)
                                                              ->  Nested Loop  (cost=0.71..13933.69 rows=111 width=16) (actual time=7.652..37.610 rows=2649 loops=1)
                                                                    ->  Nested Loop  (cost=0.42..13838.54 rows=305 width=24) (actual time=7.594..24.375 rows=7392 loops=1)
                                                                          ->  Seq Scan on date_dim date_dim_1  (cost=0.00..2500.73 rows=31 width=8) (actual time=7.526..14.613 rows=31 loops=1)
                                                                                Filter: ((d_year = 1998) AND (d_moy = 5))
                                                                                Rows Removed by Filter: 73018
                                                                          ->  Index Scan using i_ws_sold_date_sk on web_sales  (cost=0.42..361.79 rows=395 width=32) (actual time=0.015..0.272 rows=238 loops=31)
                                                                                Index Cond: (ws_sold_date_sk = date_dim_1.d_date_sk)
                                                                    ->  Index Scan using pk_customer_address on customer_address customer_address_1  (cost=0.29..0.31 rows=1 width=8) (actual time=0.002..0.002 rows=0 loops=7392)
                                                                          Index Cond: (ca_address_sk = web_sales.ws_bill_addr_sk)
                                                                          Filter: (ca_gmt_offset = '-5'::double precision)
                                                                          Rows Removed by Filter: 1
                                                              ->  Index Scan using pk_item on item item_2  (cost=0.29..0.31 rows=1 width=12) (actual time=0.002..0.002 rows=1 loops=2649)
                                                                    Index Cond: (i_item_sk = web_sales.ws_item_sk)
                                                        ->  Hash  (cost=1494.02..1494.02 rows=848 width=4) (actual time=16.375..16.376 rows=720 loops=1)
                                                              Buckets: 1024  Batches: 1  Memory Usage: 34kB
                                                              ->  HashAggregate  (cost=1485.54..1494.02 rows=848 width=4) (actual time=16.214..16.278 rows=720 loops=1)
                                                                    Group Key: item_3.i_manufact_id
                                                                    Worker 0:  Batches: 1  Memory Usage: 105kB
                                                                    ->  Seq Scan on item item_3  (cost=0.00..1481.00 rows=1815 width=4) (actual time=0.028..15.848 rows=1815 loops=1)
                                                                          Filter: (i_category = 'Electronics'::bpchar)
                                                                          Rows Removed by Filter: 16185
                                      ->  GroupAggregate  (cost=5968.63..5972.48 rows=220 width=12) (actual time=53.988..54.769 rows=690 loops=1)
                                            Group Key: item_4.i_manufact_id
                                            ->  Sort  (cost=5968.63..5969.18 rows=220 width=12) (actual time=53.980..54.229 rows=4623 loops=1)
                                                  Sort Key: item_4.i_manufact_id
                                                  Sort Method: quicksort  Memory: 445kB
                                                  ->  Hash Join  (cost=1505.62..5960.07 rows=220 width=12) (actual time=12.273..53.142 rows=4623 loops=1)
                                                        Hash Cond: (item_4.i_manufact_id = item_5.i_manufact_id)
                                                        ->  Nested Loop  (cost=1.00..4452.42 rows=221 width=12) (actual time=4.166..44.109 rows=5288 loops=1)
                                                              ->  Nested Loop  (cost=0.72..4384.80 rows=221 width=16) (actual time=4.161..35.155 rows=5288 loops=1)
                                                                    ->  Nested Loop  (cost=0.43..4196.04 rows=607 width=24) (actual time=4.139..14.740 rows=14205 loops=1)
                                                                          ->  Seq Scan on date_dim date_dim_2  (cost=0.00..2500.73 rows=31 width=8) (actual time=4.129..8.802 rows=31 loops=1)
                                                                                Filter: ((d_year = 1998) AND (d_moy = 5))
                                                                                Rows Removed by Filter: 73018
                                                                          ->  Index Scan using i_cs_sold_date_sk on catalog_sales  (cost=0.43..46.87 rows=782 width=32) (actual time=0.004..0.111 rows=458 loops=31)
                                                                                Index Cond: (cs_sold_date_sk = date_dim_2.d_date_sk)
                                                                    ->  Index Scan using pk_customer_address on customer_address customer_address_2  (cost=0.29..0.31 rows=1 width=8) (actual time=0.001..0.001 rows=0 loops=14205)
                                                                          Index Cond: (ca_address_sk = catalog_sales.cs_bill_addr_sk)
                                                                          Filter: (ca_gmt_offset = '-5'::double precision)
                                                                          Rows Removed by Filter: 1
                                                              ->  Index Scan using pk_item on item item_4  (cost=0.29..0.31 rows=1 width=12) (actual time=0.001..0.001 rows=1 loops=5288)
                                                                    Index Cond: (i_item_sk = catalog_sales.cs_item_sk)
                                                        ->  Hash  (cost=1494.02..1494.02 rows=848 width=4) (actual time=8.090..8.091 rows=720 loops=1)
                                                              Buckets: 1024  Batches: 1  Memory Usage: 34kB
                                                              ->  HashAggregate  (cost=1485.54..1494.02 rows=848 width=4) (actual time=7.955..8.017 rows=720 loops=1)
                                                                    Group Key: item_5.i_manufact_id
                                                                    Batches: 1  Memory Usage: 105kB
                                                                    ->  Seq Scan on item item_5  (cost=0.00..1481.00 rows=1815 width=4) (actual time=0.004..7.659 rows=1815 loops=1)
                                                                          Filter: (i_category = 'Electronics'::bpchar)
                                                                          Rows Removed by Filter: 16185
 i_manufact_id |    total_sales     
---------------+--------------------
           903 |              20.16
           857 |              34.92
           701 |             260.21
           762 |             265.74
           807 |            1125.58
           793 |               1162
           874 |            1195.26
           941 |            1292.48
           181 | 1427.2999999999997
           922 |            1445.71
           835 |            1526.91
           724 |            1590.47
           912 |             1632.9
           683 | 1765.6799999999998
           781 |            1865.74
           705 | 2719.8199999999997
           718 |            2754.24
           727 |            2826.65
           803 |            2934.54
           969 |            3091.32
           829 |            3183.49
           974 |            3455.18
           376 |            3602.83
           706 | 3775.7499999999995
           877 | 3980.7799999999997
           940 |            4034.02
           978 |            4157.65
           942 |            4160.88
           989 |  4175.860000000001
           861 |             4199.8
           823 |            4205.39
           837 |            4242.61
           359 |            4756.76
           944 |            4971.77
           960 |            5139.06
           809 |            5177.17
           759 |            5213.66
           893 |               5355
           698 | 5395.1900000000005
           580 |            5450.47
           678 |            5713.11
           671 |  5817.469999999999
           833 |            6028.97
           282 |            6101.79
           895 |            6587.45
           898 | 6648.9400000000005
           739 | 6742.4800000000005
           693 |            6830.73
           691 |            6885.72
           901 |            6902.09
           852 |            6988.84
           714 |             7016.1
           902 |             7046.3
           765 |            7065.43
           783 |            7877.88
           769 |  8149.339999999999
           507 |  8151.389999999999
           848 |            8162.23
           719 |            8468.31
           851 |            8526.25
           446 |  8749.279999999999
           112 |            8764.19
           476 |            8898.26
           856 |            8999.73
           822 |            9145.27
           834 |             9498.3
           729 |  9699.779999999999
           805 |            9748.85
           860 |            9760.31
           408 |  9808.680000000002
           390 |  9959.529999999999
           516 |           10042.46
           562 |            10162.9
           442 |           10243.37
           728 |           10300.95
           655 |           10345.67
           816 |            10357.5
           798 |           10729.76
           750 |           10854.39
           689 |           10880.36
           360 |           10969.08
           795 | 11049.220000000001
           749 |           11062.65
           952 |           11066.04
           557 | 11161.170000000002
           951 |           11212.64
           914 | 11229.630000000001
           349 |           11241.12
           873 |           11258.52
           384 |           11367.82
           820 |           11393.07
           119 | 11445.470000000001
           923 |           11472.18
           368 |              11665
           897 |           11896.68
           967 |           12626.24
           875 |           12765.84
           406 |           12890.23
           979 |           13555.68
           473 |           13872.36
(100 rows)

UPDATE time_statistics SET e_time = TRANSACTION_TIMESTAMP() WHERE template = 'query33.tpl' AND stream = 3;
psql:/tmp/s1-basline/throughput/query_3.sql:3171: NOTICE:  duration: 0.055 ms  plan:
Query Text: UPDATE time_statistics SET e_time = TRANSACTION_TIMESTAMP() WHERE template = 'query33.tpl' AND stream = 3;
Update on time_statistics  (cost=0.00..7.29 rows=0 width=0) (actual time=0.055..0.055 rows=0 loops=1)
  ->  Seq Scan on time_statistics  (cost=0.00..7.29 rows=1 width=14) (actual time=0.041..0.041 rows=1 loops=1)
        Filter: ((template = 'query33.tpl'::text) AND (stream = 3))
        Rows Removed by Filter: 253
UPDATE 1
LOAD 'auto_explain'; SET auto_explain.log_min_duration TO 0; SET auto_explain.log_analyze TO on; SET auto_explain.log_level TO notice; INSERT INTO time_statistics (template, s_time, stream, query, seed) VALUES ('query11.tpl', TRANSACTION_TIMESTAMP(), 3, 68, 2077573896);
LOAD
SET
SET
SET
psql:/tmp/s1-basline/throughput/query_3.sql:3172: NOTICE:  duration: 0.008 ms  plan:
Query Text: INSERT INTO time_statistics (template, s_time, stream, query, seed) VALUES ('query11.tpl', TRANSACTION_TIMESTAMP(), 3, 68, 2077573896);
Insert on time_statistics  (cost=0.00..0.01 rows=0 width=0) (actual time=0.008..0.008 rows=0 loops=1)
  ->  Result  (cost=0.00..0.01 rows=1 width=64) (actual time=0.001..0.001 rows=1 loops=1)
INSERT 0 1
with year_total as (
 select c_customer_id customer_id
       ,c_first_name customer_first_name
       ,c_last_name customer_last_name
       ,c_preferred_cust_flag customer_preferred_cust_flag
       ,c_birth_country customer_birth_country
       ,c_login customer_login
       ,c_email_address customer_email_address
       ,d_year dyear
       ,sum(ss_ext_list_price-ss_ext_discount_amt) year_total
       ,'s' sale_type
 from customer
     ,store_sales
     ,date_dim
 where c_customer_sk = ss_customer_sk
   and ss_sold_date_sk = d_date_sk
 group by c_customer_id
         ,c_first_name
         ,c_last_name
         ,c_preferred_cust_flag 
         ,c_birth_country
         ,c_login
         ,c_email_address
         ,d_year 
 union all
 select c_customer_id customer_id
       ,c_first_name customer_first_name
       ,c_last_name customer_last_name
       ,c_preferred_cust_flag customer_preferred_cust_flag
       ,c_birth_country customer_birth_country
       ,c_login customer_login
       ,c_email_address customer_email_address
       ,d_year dyear
       ,sum(ws_ext_list_price-ws_ext_discount_amt) year_total
       ,'w' sale_type
 from customer
     ,web_sales
     ,date_dim
 where c_customer_sk = ws_bill_customer_sk
   and ws_sold_date_sk = d_date_sk
 group by c_customer_id
         ,c_first_name
         ,c_last_name
         ,c_preferred_cust_flag 
         ,c_birth_country
         ,c_login
         ,c_email_address
         ,d_year
         )
  select  
                  t_s_secyear.customer_id
                 ,t_s_secyear.customer_first_name
                 ,t_s_secyear.customer_last_name
                 ,t_s_secyear.customer_login
 from year_total t_s_firstyear
     ,year_total t_s_secyear
     ,year_total t_w_firstyear
     ,year_total t_w_secyear
 where t_s_secyear.customer_id = t_s_firstyear.customer_id
         and t_s_firstyear.customer_id = t_w_secyear.customer_id
         and t_s_firstyear.customer_id = t_w_firstyear.customer_id
         and t_s_firstyear.sale_type = 's'
         and t_w_firstyear.sale_type = 'w'
         and t_s_secyear.sale_type = 's'
         and t_w_secyear.sale_type = 'w'
         and t_s_firstyear.dyear = 1998
         and t_s_secyear.dyear = 1998+1
         and t_w_firstyear.dyear = 1998
         and t_w_secyear.dyear = 1998+1
         and t_s_firstyear.year_total > 0
         and t_w_firstyear.year_total > 0
         and case when t_w_firstyear.year_total > 0 then t_w_secyear.year_total / t_w_firstyear.year_total else 0.0 end
             > case when t_s_firstyear.year_total > 0 then t_s_secyear.year_total / t_s_firstyear.year_total else 0.0 end
 order by t_s_secyear.customer_id
         ,t_s_secyear.customer_first_name
         ,t_s_secyear.customer_last_name
         ,t_s_secyear.customer_login
limit 100;
psql:/tmp/s1-basline/throughput/query_3.sql:3250: NOTICE:  duration: 2091725.037 ms  plan:
Query Text: with year_total as (
 select c_customer_id customer_id
       ,c_first_name customer_first_name
       ,c_last_name customer_last_name
       ,c_preferred_cust_flag customer_preferred_cust_flag
       ,c_birth_country customer_birth_country
       ,c_login customer_login
       ,c_email_address customer_email_address
       ,d_year dyear
       ,sum(ss_ext_list_price-ss_ext_discount_amt) year_total
       ,'s' sale_type
 from customer
     ,store_sales
     ,date_dim
 where c_customer_sk = ss_customer_sk
   and ss_sold_date_sk = d_date_sk
 group by c_customer_id
         ,c_first_name
         ,c_last_name
         ,c_preferred_cust_flag 
         ,c_birth_country
         ,c_login
         ,c_email_address
         ,d_year 
 union all
 select c_customer_id customer_id
       ,c_first_name customer_first_name
       ,c_last_name customer_last_name
       ,c_preferred_cust_flag customer_preferred_cust_flag
       ,c_birth_country customer_birth_country
       ,c_login customer_login
       ,c_email_address customer_email_address
       ,d_year dyear
       ,sum(ws_ext_list_price-ws_ext_discount_amt) year_total
       ,'w' sale_type
 from customer
     ,web_sales
     ,date_dim
 where c_customer_sk = ws_bill_customer_sk
   and ws_sold_date_sk = d_date_sk
 group by c_customer_id
         ,c_first_name
         ,c_last_name
         ,c_preferred_cust_flag 
         ,c_birth_country
         ,c_login
         ,c_email_address
         ,d_year
         )
  select  
                  t_s_secyear.customer_id
                 ,t_s_secyear.customer_first_name
                 ,t_s_secyear.customer_last_name
                 ,t_s_secyear.customer_login
 from year_total t_s_firstyear
     ,year_total t_s_secyear
     ,year_total t_w_firstyear
     ,year_total t_w_secyear
 where t_s_secyear.customer_id = t_s_firstyear.customer_id
         and t_s_firstyear.customer_id = t_w_secyear.customer_id
         and t_s_firstyear.customer_id = t_w_firstyear.customer_id
         and t_s_firstyear.sale_type = 's'
         and t_w_firstyear.sale_type = 'w'
         and t_s_secyear.sale_type = 's'
         and t_w_secyear.sale_type = 'w'
         and t_s_firstyear.dyear = 1998
         and t_s_secyear.dyear = 1998+1
         and t_w_firstyear.dyear = 1998
         and t_w_secyear.dyear = 1998+1
         and t_s_firstyear.year_total > 0
         and t_w_firstyear.year_total > 0
         and case when t_w_firstyear.year_total > 0 then t_w_secyear.year_total / t_w_firstyear.year_total else 0.0 end
             > case when t_s_firstyear.year_total > 0 then t_s_secyear.year_total / t_s_firstyear.year_total else 0.0 end
 order by t_s_secyear.customer_id
         ,t_s_secyear.customer_first_name
         ,t_s_secyear.customer_last_name
         ,t_s_secyear.customer_login
limit 100;
Limit  (cost=1154110.93..1154110.94 rows=1 width=332) (actual time=2091724.973..2091724.994 rows=97 loops=1)
  CTE year_total
    ->  Append  (cost=406758.05..802992.99 rows=3343703 width=231) (actual time=3646.613..5353.753 rows=247245 loops=1)
          ->  HashAggregate  (cost=406758.05..581655.90 rows=2624493 width=231) (actual time=3646.613..4312.872 rows=190755 loops=1)
                Group Key: customer.c_customer_id, customer.c_first_name, customer.c_last_name, customer.c_preferred_cust_flag, customer.c_birth_country, customer.c_login, customer.c_email_address, date_dim.d_year
                Planned Partitions: 32  Batches: 33  Memory Usage: 33049kB  Disk Usage: 226320kB
                ->  Hash Join  (cost=8459.60..125137.65 rows=2624493 width=207) (actual time=70.095..1767.706 rows=2683562 loops=1)
                      Hash Cond: (store_sales.ss_sold_date_sk = date_dim.d_date_sk)
                      ->  Hash Join  (cost=5411.00..114877.49 rows=2747105 width=211) (actual time=51.334..1293.843 rows=2748429 loops=1)
                            Hash Cond: (store_sales.ss_customer_sk = customer.c_customer_sk)
                            ->  Seq Scan on store_sales  (cost=0.00..101911.56 rows=2877956 width=32) (actual time=0.004..218.232 rows=2877928 loops=1)
                            ->  Hash  (cost=4161.00..4161.00 rows=100000 width=195) (actual time=51.258..51.259 rows=100000 loops=1)
                                  Buckets: 131072  Batches: 1  Memory Usage: 17780kB
                                  ->  Seq Scan on customer  (cost=0.00..4161.00 rows=100000 width=195) (actual time=0.004..28.645 rows=100000 loops=1)
                      ->  Hash  (cost=2135.49..2135.49 rows=73049 width=12) (actual time=18.698..18.698 rows=73049 loops=1)
                            Buckets: 131072  Batches: 1  Memory Usage: 4449kB
                            ->  Seq Scan on date_dim  (cost=0.00..2135.49 rows=73049 width=12) (actual time=0.004..9.905 rows=73049 loops=1)
          ->  HashAggregate  (cost=123252.93..171181.54 rows=719210 width=231) (actual time=1009.584..1026.195 rows=56490 loops=1)
                Group Key: customer_1.c_customer_id, customer_1.c_first_name, customer_1.c_last_name, customer_1.c_preferred_cust_flag, customer_1.c_birth_country, customer_1.c_login, customer_1.c_email_address, date_dim_1.d_year
                Planned Partitions: 16  Batches: 1  Memory Usage: 19481kB
                ->  Hash Join  (cost=8459.60..46078.33 rows=719210 width=207) (actual time=71.719..536.718 rows=719192 loops=1)
                      Hash Cond: (web_sales.ws_sold_date_sk = date_dim_1.d_date_sk)
                      ->  Hash Join  (cost=5411.00..41141.44 rows=719306 width=211) (actual time=52.087..394.751 rows=719268 loops=1)
                            Hash Cond: (web_sales.ws_bill_customer_sk = customer_1.c_customer_sk)
                            ->  Seq Scan on web_sales  (cost=0.00..33841.74 rows=719474 width=32) (actual time=0.005..63.706 rows=719474 loops=1)
                            ->  Hash  (cost=4161.00..4161.00 rows=100000 width=195) (actual time=52.005..52.006 rows=100000 loops=1)
                                  Buckets: 131072  Batches: 1  Memory Usage: 17780kB
                                  ->  Seq Scan on customer customer_1  (cost=0.00..4161.00 rows=100000 width=195) (actual time=0.005..29.292 rows=100000 loops=1)
                      ->  Hash  (cost=2135.49..2135.49 rows=73049 width=12) (actual time=19.558..19.559 rows=73049 loops=1)
                            Buckets: 131072  Batches: 1  Memory Usage: 4449kB
                            ->  Seq Scan on date_dim date_dim_1  (cost=0.00..2135.49 rows=73049 width=12) (actual time=0.013..10.805 rows=73049 loops=1)
  ->  Sort  (cost=351117.95..351117.95 rows=1 width=332) (actual time=2091724.973..2091724.977 rows=97 loops=1)
        Sort Key: t_s_secyear.customer_id, t_s_secyear.customer_first_name, t_s_secyear.customer_last_name, t_s_secyear.customer_login
        Sort Method: quicksort  Memory: 38kB
        ->  Nested Loop  (cost=0.00..351117.94 rows=1 width=332) (actual time=23530.099..2091724.713 rows=97 loops=1)
              Join Filter: ((t_s_secyear.customer_id = t_w_secyear.customer_id) AND (CASE WHEN (t_w_firstyear.year_total > '0'::double precision) THEN (t_w_secyear.year_total / t_w_firstyear.year_total) ELSE '0'::double precision END > CASE WHEN (t_s_firstyear.year_total > '0'::double precision) THEN (t_s_secyear.year_total / t_s_firstyear.year_total) ELSE '0'::double precision END))
              Rows Removed by Join Filter: 18563777
              ->  Nested Loop  (cost=0.00..267520.32 rows=2 width=492) (actual time=5616.373..2016612.198 rows=1634 loops=1)
                    Join Filter: (t_s_firstyear.customer_id = t_s_secyear.customer_id)
                    Rows Removed by Join Filter: 161299873
                    ->  Nested Loop  (cost=0.00..183921.03 rows=4 width=152) (actual time=5609.666..1804450.534 rows=4209 loops=1)
                          Join Filter: (t_s_firstyear.customer_id = t_w_firstyear.customer_id)
                          Rows Removed by Join Filter: 425026401
                          ->  CTE Scan on year_total t_s_firstyear  (cost=0.00..91951.83 rows=28 width=76) (actual time=3646.630..3758.658 rows=37610 loops=1)
                                Filter: ((year_total > '0'::double precision) AND (sale_type = 's'::text) AND (dyear = 1998))
                                Rows Removed by Filter: 209635
                          ->  CTE Scan on year_total t_w_firstyear  (cost=0.00..91951.83 rows=28 width=76) (actual time=35.592..47.069 rows=11301 loops=37610)
                                Filter: ((year_total > '0'::double precision) AND (sale_type = 'w'::text) AND (dyear = 1998))
                                Rows Removed by Filter: 235944
                    ->  CTE Scan on year_total t_s_secyear  (cost=0.00..83592.58 rows=84 width=340) (actual time=0.002..47.734 rows=38323 loops=4209)
                          Filter: ((sale_type = 's'::text) AND (dyear = 1999))
                          Rows Removed by Filter: 208922
              ->  CTE Scan on year_total t_w_secyear  (cost=0.00..83592.58 rows=84 width=76) (actual time=34.029..45.171 rows=11361 loops=1634)
                    Filter: ((sale_type = 'w'::text) AND (dyear = 1999))
                    Rows Removed by Filter: 235884
   customer_id    | customer_first_name  |       customer_last_name       | customer_login 
------------------+----------------------+--------------------------------+----------------
 AAAAAAAAABNHAAAA | Bill                 | Watson                         | 
 AAAAAAAAACNKAAAA | Bessie               | Herbert                        | 
 AAAAAAAAAIGEAAAA | Sandra               | Sanchez                        | 
 AAAAAAAAAIGHAAAA | Stephen              | Quinones                       | 
 AAAAAAAAAIHCAAAA | Bernadette           | Elam                           | 
 AAAAAAAAAIIEAAAA | Kathleen             | Knight                         | 
 AAAAAAAABCJGAAAA | Brian                | Moses                          | 
 AAAAAAAABDBABAAA | Jeff                 | Shepherd                       | 
 AAAAAAAABDMGBAAA | Jason                | Lyman                          | 
 AAAAAAAABDPHBAAA | Raquel               | Lynch                          | 
 AAAAAAAABGAHBAAA | Eduardo              | Patterson                      | 
 AAAAAAAABKLDAAAA | Olga                 | Lozano                         | 
 AAAAAAAABLHOAAAA | Robert               |                                | 
 AAAAAAAABNEBAAAA | Irene                | Velasco                        | 
 AAAAAAAABOJPAAAA | Robert               | Jackson                        | 
 AAAAAAAACAIHAAAA | Robert               | Lee                            | 
 AAAAAAAACBAFAAAA | Heather              | Franco                         | 
 AAAAAAAACDBABAAA | Nancy                | Castillo                       | 
 AAAAAAAACEDFAAAA | Etta                 | Florez                         | 
 AAAAAAAACFMOAAAA | Nichole              | Thornton                       | 
 AAAAAAAACMFDBAAA | Timothy              | Kelly                          | 
 AAAAAAAACPIEAAAA | Stephanie            | Lopez                          | 
 AAAAAAAACPMEAAAA | Crystal              | Lawrence                       | 
 AAAAAAAADBKGAAAA | Clarence             | Cunningham                     | 
 AAAAAAAADHMNAAAA | Sheryl               | Jansen                         | 
 AAAAAAAAEFANAAAA | Dennis               | Williams                       | 
 AAAAAAAAEKJIAAAA | Mitchell             | Cole                           | 
 AAAAAAAAEMOJAAAA | Gerald               | Dodd                           | 
 AAAAAAAAENHEAAAA | Fernando             | Hernandez                      | 
 AAAAAAAAFGGFAAAA | Nathaniel            | Walker                         | 
 AAAAAAAAFJOJAAAA | Derrick              | Prieto                         | 
 AAAAAAAAFLCABAAA | Joyce                | Thompson                       | 
 AAAAAAAAFMPFAAAA | Marvin               | Logan                          | 
 AAAAAAAAFOKLAAAA | Dean                 | Payton                         | 
 AAAAAAAAGFBJAAAA | Arlene               | Wyant                          | 
 AAAAAAAAGGDHBAAA | Rose                 | Keyes                          | 
 AAAAAAAAGGJCBAAA | Jesse                | Hill                           | 
 AAAAAAAAGHOEBAAA | Carrie               | Tracy                          | 
 AAAAAAAAGNPPAAAA | Dora                 | Copeland                       | 
 AAAAAAAAHBOCAAAA | Michael              | Duncan                         | 
 AAAAAAAAHDPFBAAA | Millard              | Johnston                       | 
 AAAAAAAAHNEPAAAA | Donna                | Murphy                         | 
 AAAAAAAAHNLMAAAA | Mei                  | Johnson                        | 
 AAAAAAAAIBPPAAAA | David                | Clark                          | 
 AAAAAAAAICCPAAAA | James                | Guinn                          | 
 AAAAAAAAIDCIBAAA | Amanda               | Moore                          | 
 AAAAAAAAIMIMAAAA | Herman               | Carr                           | 
 AAAAAAAAJDEFAAAA | Albert               | Thomas                         | 
 AAAAAAAAJHIIAAAA | Carl                 | Kendall                        | 
 AAAAAAAAJJDAAAAA | Donald               | Villasenor                     | 
 AAAAAAAAJKEJAAAA | Charlene             | Cash                           | 
 AAAAAAAAJMHKAAAA | Sylvia               | Harris                         | 
 AAAAAAAAKALFBAAA | Dorothy              | Pierce                         | 
 AAAAAAAAKLFKAAAA | Aubrey               | Washburn                       | 
 AAAAAAAAKMHPAAAA | Melody               | Lambert                        | 
 AAAAAAAAKNEKAAAA | Nathan               | Vaughn                         | 
 AAAAAAAAKNGKAAAA | Brian                | Singletary                     | 
 AAAAAAAALAEGBAAA | Amelia               | Poole                          | 
 AAAAAAAALBGMAAAA | Curtis               | Madden                         | 
 AAAAAAAALBLAAAAA | Burton               | George                         | 
 AAAAAAAALFNBAAAA | Stephen              | Curry                          | 
 AAAAAAAALFPFBAAA | Emery                | Garcia                         | 
 AAAAAAAALGNLAAAA | Edward               | Maxwell                        | 
 AAAAAAAALHIMAAAA | Karen                | Martinez                       | 
 AAAAAAAALHJJAAAA | William              | Marshall                       | 
 AAAAAAAALIAABAAA | Joseph               | Parker                         | 
 AAAAAAAALJGDAAAA | Michael              | Marshall                       | 
 AAAAAAAALJODAAAA | William              | Drummond                       | 
 AAAAAAAALLDBBAAA | Molly                | Cruse                          | 
 AAAAAAAALNKCBAAA | Billy                | Zimmerman                      | 
 AAAAAAAALOADAAAA | Autumn               | Bentley                        | 
 AAAAAAAALOBJAAAA | Edward               | Moore                          | 
 AAAAAAAAMDECBAAA | Angelique            | Gilchrist                      | 
 AAAAAAAAMGBABAAA | Amanda               | Ramirez                        | 
 AAAAAAAAMJCNAAAA | Richard              | Wright                         | 
 AAAAAAAAMKHJAAAA | Santiago             | Bryant                         | 
 AAAAAAAAMLCLAAAA | Barry                | Curtis                         | 
 AAAAAAAAMNGDAAAA |                      |                                | 
 AAAAAAAAMPCHAAAA | Robert               | Murphy                         | 
 AAAAAAAANBLDAAAA | Michael              | Frank                          | 
 AAAAAAAANEGMAAAA | Brandon              | Hall                           | 
 AAAAAAAANHHIAAAA | Clarence             | Ferguson                       | 
 AAAAAAAANMOIAAAA | Daniel               | Alvarez                        | 
 AAAAAAAANPLDAAAA | Steve                | Scott                          | 
 AAAAAAAAODKFBAAA | Antonia              | Crowe                          | 
 AAAAAAAAODPCAAAA | Manuel               | Sawyer                         | 
 AAAAAAAAOEJMAAAA | June                 | Daniels                        | 
 AAAAAAAAOHCLAAAA | Dora                 | Pacheco                        | 
 AAAAAAAAOKCDBAAA | Leigh                | Smith                          | 
 AAAAAAAAONGBAAAA | Cody                 | Macias                         | 
 AAAAAAAAPBMKAAAA | Kara                 | Clouse                         | 
 AAAAAAAAPBNLAAAA |                      |                                | 
 AAAAAAAAPDMGAAAA | Christi              |                                | 
 AAAAAAAAPEBHAAAA | Willie               | Smith                          | 
 AAAAAAAAPEDGAAAA | Rebecca              | Nation                         | 
 AAAAAAAAPFNGBAAA | Theodore             | Young                          | 
 AAAAAAAAPMBDBAAA | Suzanne              | Peters                         | 
(97 rows)

UPDATE time_statistics SET e_time = TRANSACTION_TIMESTAMP() WHERE template = 'query11.tpl' AND stream = 3;
psql:/tmp/s1-basline/throughput/query_3.sql:3252: NOTICE:  duration: 0.110 ms  plan:
Query Text: UPDATE time_statistics SET e_time = TRANSACTION_TIMESTAMP() WHERE template = 'query11.tpl' AND stream = 3;
Update on time_statistics  (cost=0.00..10.30 rows=0 width=0) (actual time=0.109..0.110 rows=0 loops=1)
  ->  Seq Scan on time_statistics  (cost=0.00..10.30 rows=1 width=14) (actual time=0.076..0.098 rows=1 loops=1)
        Filter: ((template = 'query11.tpl'::text) AND (stream = 3))
        Rows Removed by Filter: 356
UPDATE 1
LOAD 'auto_explain'; SET auto_explain.log_min_duration TO 0; SET auto_explain.log_analyze TO on; SET auto_explain.log_level TO notice; INSERT INTO time_statistics (template, s_time, stream, query, seed) VALUES ('query28.tpl', TRANSACTION_TIMESTAMP(), 3, 69, 572140757);
LOAD
SET
SET
SET
psql:/tmp/s1-basline/throughput/query_3.sql:3253: NOTICE:  duration: 0.022 ms  plan:
Query Text: INSERT INTO time_statistics (template, s_time, stream, query, seed) VALUES ('query28.tpl', TRANSACTION_TIMESTAMP(), 3, 69, 572140757);
Insert on time_statistics  (cost=0.00..0.01 rows=0 width=0) (actual time=0.021..0.021 rows=0 loops=1)
  ->  Result  (cost=0.00..0.01 rows=1 width=64) (actual time=0.001..0.002 rows=1 loops=1)
INSERT 0 1
select  *
from (select avg(ss_list_price) B1_LP
            ,count(ss_list_price) B1_CNT
            ,count(distinct ss_list_price) B1_CNTD
      from store_sales
      where ss_quantity between 0 and 5
        and (ss_list_price between 68 and 68+10 
             or ss_coupon_amt between 11366 and 11366+1000
             or ss_wholesale_cost between 76 and 76+20)) B1,
     (select avg(ss_list_price) B2_LP
            ,count(ss_list_price) B2_CNT
            ,count(distinct ss_list_price) B2_CNTD
      from store_sales
      where ss_quantity between 6 and 10
        and (ss_list_price between 93 and 93+10
          or ss_coupon_amt between 14145 and 14145+1000
          or ss_wholesale_cost between 46 and 46+20)) B2,
     (select avg(ss_list_price) B3_LP
            ,count(ss_list_price) B3_CNT
            ,count(distinct ss_list_price) B3_CNTD
      from store_sales
      where ss_quantity between 11 and 15
        and (ss_list_price between 59 and 59+10
          or ss_coupon_amt between 17188 and 17188+1000
          or ss_wholesale_cost between 20 and 20+20)) B3,
     (select avg(ss_list_price) B4_LP
            ,count(ss_list_price) B4_CNT
            ,count(distinct ss_list_price) B4_CNTD
      from store_sales
      where ss_quantity between 16 and 20
        and (ss_list_price between 140 and 140+10
          or ss_coupon_amt between 7040 and 7040+1000
          or ss_wholesale_cost between 30 and 30+20)) B4,
     (select avg(ss_list_price) B5_LP
            ,count(ss_list_price) B5_CNT
            ,count(distinct ss_list_price) B5_CNTD
      from store_sales
      where ss_quantity between 21 and 25
        and (ss_list_price between 37 and 37+10
          or ss_coupon_amt between 13321 and 13321+1000
          or ss_wholesale_cost between 64 and 64+20)) B5,
     (select avg(ss_list_price) B6_LP
            ,count(ss_list_price) B6_CNT
            ,count(distinct ss_list_price) B6_CNTD
      from store_sales
      where ss_quantity between 26 and 30
        and (ss_list_price between 186 and 186+10
          or ss_coupon_amt between 13290 and 13290+1000
          or ss_wholesale_cost between 48 and 48+20)) B6
limit 100;
psql:/tmp/s1-basline/throughput/query_3.sql:3303: NOTICE:  duration: 1577.378 ms  plan:
Query Text: select  *
from (select avg(ss_list_price) B1_LP
            ,count(ss_list_price) B1_CNT
            ,count(distinct ss_list_price) B1_CNTD
      from store_sales
      where ss_quantity between 0 and 5
        and (ss_list_price between 68 and 68+10 
             or ss_coupon_amt between 11366 and 11366+1000
             or ss_wholesale_cost between 76 and 76+20)) B1,
     (select avg(ss_list_price) B2_LP
            ,count(ss_list_price) B2_CNT
            ,count(distinct ss_list_price) B2_CNTD
      from store_sales
      where ss_quantity between 6 and 10
        and (ss_list_price between 93 and 93+10
          or ss_coupon_amt between 14145 and 14145+1000
          or ss_wholesale_cost between 46 and 46+20)) B2,
     (select avg(ss_list_price) B3_LP
            ,count(ss_list_price) B3_CNT
            ,count(distinct ss_list_price) B3_CNTD
      from store_sales
      where ss_quantity between 11 and 15
        and (ss_list_price between 59 and 59+10
          or ss_coupon_amt between 17188 and 17188+1000
          or ss_wholesale_cost between 20 and 20+20)) B3,
     (select avg(ss_list_price) B4_LP
            ,count(ss_list_price) B4_CNT
            ,count(distinct ss_list_price) B4_CNTD
      from store_sales
      where ss_quantity between 16 and 20
        and (ss_list_price between 140 and 140+10
          or ss_coupon_amt between 7040 and 7040+1000
          or ss_wholesale_cost between 30 and 30+20)) B4,
     (select avg(ss_list_price) B5_LP
            ,count(ss_list_price) B5_CNT
            ,count(distinct ss_list_price) B5_CNTD
      from store_sales
      where ss_quantity between 21 and 25
        and (ss_list_price between 37 and 37+10
          or ss_coupon_amt between 13321 and 13321+1000
          or ss_wholesale_cost between 64 and 64+20)) B5,
     (select avg(ss_list_price) B6_LP
            ,count(ss_list_price) B6_CNT
            ,count(distinct ss_list_price) B6_CNTD
      from store_sales
      where ss_quantity between 26 and 30
        and (ss_list_price between 186 and 186+10
          or ss_coupon_amt between 13290 and 13290+1000
          or ss_wholesale_cost between 48 and 48+20)) B6
limit 100;
Limit  (cost=681664.32..681664.49 rows=1 width=144) (actual time=1508.586..1577.365 rows=1 loops=1)
  ->  Nested Loop  (cost=681664.32..681664.49 rows=1 width=144) (actual time=1508.585..1577.363 rows=1 loops=1)
        ->  Nested Loop  (cost=568562.16..568562.30 rows=1 width=120) (actual time=1258.067..1258.535 rows=1 loops=1)
              ->  Nested Loop  (cost=454655.48..454655.59 rows=1 width=96) (actual time=1003.539..1003.904 rows=1 loops=1)
                    ->  Nested Loop  (cost=341240.60..341240.68 rows=1 width=72) (actual time=752.207..752.493 rows=1 loops=1)
                          ->  Nested Loop  (cost=227487.32..227487.37 rows=1 width=48) (actual time=500.951..501.152 rows=1 loops=1)
                                ->  Aggregate  (cost=113640.30..113640.31 rows=1 width=24) (actual time=248.803..248.937 rows=1 loops=1)
                                      ->  Gather  (cost=1000.00..113393.75 rows=32873 width=8) (actual time=0.248..239.908 rows=36595 loops=1)
                                            Workers Planned: 2
                                            Workers Launched: 2
                                            ->  Parallel Seq Scan on store_sales  (cost=0.00..109106.45 rows=13697 width=8) (actual time=0.052..236.627 rows=12198 loops=3)
                                                  Filter: ((ss_quantity >= 0) AND (ss_quantity <= 5) AND (((ss_list_price >= '68'::double precision) AND (ss_list_price <= '78'::double precision)) OR ((ss_coupon_amt >= '11366'::double precision) AND (ss_coupon_amt <= '12366'::double precision)) OR ((ss_wholesale_cost >= '76'::double precision) AND (ss_wholesale_cost <= '96'::double precision))))
                                                  Rows Removed by Filter: 947111
                                ->  Aggregate  (cost=113847.02..113847.03 rows=1 width=24) (actual time=252.144..252.210 rows=1 loops=1)
                                      ->  Gather  (cost=1000.00..113586.05 rows=34796 width=8) (actual time=0.333..244.531 rows=32398 loops=1)
                                            Workers Planned: 2
                                            Workers Launched: 2
                                            ->  Parallel Seq Scan on store_sales store_sales_1  (cost=0.00..109106.45 rows=14498 width=8) (actual time=0.057..241.188 rows=10799 loops=3)
                                                  Filter: ((ss_quantity >= 6) AND (ss_quantity <= 10) AND (((ss_list_price >= '93'::double precision) AND (ss_list_price <= '103'::double precision)) OR ((ss_coupon_amt >= '14145'::double precision) AND (ss_coupon_amt <= '15145'::double precision)) OR ((ss_wholesale_cost >= '46'::double precision) AND (ss_wholesale_cost <= '66'::double precision))))
                                                  Rows Removed by Filter: 948510
                          ->  Aggregate  (cost=113753.28..113753.29 rows=1 width=24) (actual time=251.252..251.336 rows=1 loops=1)
                                ->  Gather  (cost=1000.00..113498.85 rows=33924 width=8) (actual time=0.302..243.565 rows=33450 loops=1)
                                      Workers Planned: 2
                                      Workers Launched: 2
                                      ->  Parallel Seq Scan on store_sales store_sales_2  (cost=0.00..109106.45 rows=14135 width=8) (actual time=0.025..239.987 rows=11150 loops=3)
                                            Filter: ((ss_quantity >= 11) AND (ss_quantity <= 15) AND (((ss_list_price >= '59'::double precision) AND (ss_list_price <= '69'::double precision)) OR ((ss_coupon_amt >= '17188'::double precision) AND (ss_coupon_amt <= '18188'::double precision)) OR ((ss_wholesale_cost >= '20'::double precision) AND (ss_wholesale_cost <= '40'::double precision))))
                                            Rows Removed by Filter: 948159
                    ->  Aggregate  (cost=113414.87..113414.88 rows=1 width=24) (actual time=251.328..251.406 rows=1 loops=1)
                          ->  Gather  (cost=1000.00..113184.05 rows=30776 width=8) (actual time=0.297..244.011 rows=31394 loops=1)
                                Workers Planned: 2
                                Workers Launched: 2
                                ->  Parallel Seq Scan on store_sales store_sales_3  (cost=0.00..109106.45 rows=12823 width=8) (actual time=0.058..240.455 rows=10465 loops=3)
                                      Filter: ((ss_quantity >= 16) AND (ss_quantity <= 20) AND (((ss_list_price >= '140'::double precision) AND (ss_list_price <= '150'::double precision)) OR ((ss_coupon_amt >= '7040'::double precision) AND (ss_coupon_amt <= '8040'::double precision)) OR ((ss_wholesale_cost >= '30'::double precision) AND (ss_wholesale_cost <= '50'::double precision))))
                                      Rows Removed by Filter: 948845
              ->  Aggregate  (cost=113906.69..113906.70 rows=1 width=24) (actual time=254.524..254.627 rows=1 loops=1)
                    ->  Gather  (cost=1000.00..113641.55 rows=35351 width=8) (actual time=0.333..245.847 rows=36392 loops=1)
                          Workers Planned: 2
                          Workers Launched: 2
                          ->  Parallel Seq Scan on store_sales store_sales_4  (cost=0.00..109106.45 rows=14730 width=8) (actual time=0.030..242.222 rows=12131 loops=3)
                                Filter: ((ss_quantity >= 21) AND (ss_quantity <= 25) AND (((ss_list_price >= '37'::double precision) AND (ss_list_price <= '47'::double precision)) OR ((ss_coupon_amt >= '13321'::double precision) AND (ss_coupon_amt <= '14321'::double precision)) OR ((ss_wholesale_cost >= '64'::double precision) AND (ss_wholesale_cost <= '84'::double precision))))
                                Rows Removed by Filter: 947179
        ->  Aggregate  (cost=113102.15..113102.16 rows=1 width=24) (actual time=250.513..318.821 rows=1 loops=1)
              ->  Gather  (cost=1000.00..112893.15 rows=27867 width=8) (actual time=0.378..312.037 rows=27894 loops=1)
                    Workers Planned: 2
                    Workers Launched: 2
                    ->  Parallel Seq Scan on store_sales store_sales_5  (cost=0.00..109106.45 rows=11611 width=8) (actual time=0.111..240.158 rows=9298 loops=3)
                          Filter: ((ss_quantity >= 26) AND (ss_quantity <= 30) AND (((ss_list_price >= '186'::double precision) AND (ss_list_price <= '196'::double precision)) OR ((ss_coupon_amt >= '13290'::double precision) AND (ss_coupon_amt <= '14290'::double precision)) OR ((ss_wholesale_cost >= '48'::double precision) AND (ss_wholesale_cost <= '68'::double precision))))
                          Rows Removed by Filter: 950011
       b1_lp        | b1_cnt | b1_cntd |       b2_lp       | b2_cnt | b2_cntd |       b3_lp       | b3_cnt | b3_cntd |      b4_lp       | b4_cnt | b4_cntd |       b5_lp       | b5_cnt | b5_cntd |       b6_lp       | b6_cnt | b6_cntd 
--------------------+--------+---------+-------------------+--------+---------+-------------------+--------+---------+------------------+--------+---------+-------------------+--------+---------+-------------------+--------+---------
 114.41023017973333 |  36276 |   10497 | 86.32888535429097 |  32064 |    7332 | 48.73758415781852 |  33152 |    5333 | 71.9176515248997 |  31084 |    7038 | 92.61771568681775 |  36094 |    9629 | 89.62890538774364 |  27544 |    7902
(1 row)

UPDATE time_statistics SET e_time = TRANSACTION_TIMESTAMP() WHERE template = 'query28.tpl' AND stream = 3;
psql:/tmp/s1-basline/throughput/query_3.sql:3305: NOTICE:  duration: 0.066 ms  plan:
Query Text: UPDATE time_statistics SET e_time = TRANSACTION_TIMESTAMP() WHERE template = 'query28.tpl' AND stream = 3;
Update on time_statistics  (cost=0.00..10.30 rows=0 width=0) (actual time=0.066..0.066 rows=0 loops=1)
  ->  Seq Scan on time_statistics  (cost=0.00..10.30 rows=1 width=14) (actual time=0.050..0.050 rows=1 loops=1)
        Filter: ((template = 'query28.tpl'::text) AND (stream = 3))
        Rows Removed by Filter: 357
UPDATE 1
LOAD 'auto_explain'; SET auto_explain.log_min_duration TO 0; SET auto_explain.log_analyze TO on; SET auto_explain.log_level TO notice; INSERT INTO time_statistics (template, s_time, stream, query, seed) VALUES ('../query_postgresql/query95.tpl', TRANSACTION_TIMESTAMP(), 3, 70, 72789414);
LOAD
SET
SET
SET
psql:/tmp/s1-basline/throughput/query_3.sql:3306: NOTICE:  duration: 0.009 ms  plan:
Query Text: INSERT INTO time_statistics (template, s_time, stream, query, seed) VALUES ('../query_postgresql/query95.tpl', TRANSACTION_TIMESTAMP(), 3, 70, 72789414);
Insert on time_statistics  (cost=0.00..0.01 rows=0 width=0) (actual time=0.008..0.008 rows=0 loops=1)
  ->  Result  (cost=0.00..0.01 rows=1 width=64) (actual time=0.001..0.002 rows=1 loops=1)
INSERT 0 1
with ws_wh as
(select ws1.ws_order_number,ws1.ws_warehouse_sk wh1,ws2.ws_warehouse_sk wh2
 from web_sales ws1,web_sales ws2
 where ws1.ws_order_number = ws2.ws_order_number
   and ws1.ws_warehouse_sk <> ws2.ws_warehouse_sk)
 select  
   count(distinct ws_order_number) as "order count"
  ,sum(ws_ext_ship_cost) as "total shipping cost"
  ,sum(ws_net_profit) as "total net profit"
from
   web_sales ws1
  ,date_dim
  ,customer_address
  ,web_site
where
    d_date between '2001-4-01' and 
           (cast('2001-4-01' as date) + interval '60 days')
and ws1.ws_ship_date_sk = d_date_sk
and ws1.ws_ship_addr_sk = ca_address_sk
and ca_state = 'AR'
and ws1.ws_web_site_sk = web_site_sk
and web_company_name = 'pri'
and ws1.ws_order_number in (select ws_order_number
                            from ws_wh)
and ws1.ws_order_number in (select wr_order_number
                            from web_returns,ws_wh
                            where wr_order_number = ws_wh.ws_order_number)
order by count(distinct ws_order_number)
limit 100;
psql:/tmp/s1-basline/throughput/query_3.sql:3335: NOTICE:  duration: 45683.977 ms  plan:
Query Text: with ws_wh as
(select ws1.ws_order_number,ws1.ws_warehouse_sk wh1,ws2.ws_warehouse_sk wh2
 from web_sales ws1,web_sales ws2
 where ws1.ws_order_number = ws2.ws_order_number
   and ws1.ws_warehouse_sk <> ws2.ws_warehouse_sk)
 select  
   count(distinct ws_order_number) as "order count"
  ,sum(ws_ext_ship_cost) as "total shipping cost"
  ,sum(ws_net_profit) as "total net profit"
from
   web_sales ws1
  ,date_dim
  ,customer_address
  ,web_site
where
    d_date between '2001-4-01' and 
           (cast('2001-4-01' as date) + interval '60 days')
and ws1.ws_ship_date_sk = d_date_sk
and ws1.ws_ship_addr_sk = ca_address_sk
and ca_state = 'AR'
and ws1.ws_web_site_sk = web_site_sk
and web_company_name = 'pri'
and ws1.ws_order_number in (select ws_order_number
                            from ws_wh)
and ws1.ws_order_number in (select wr_order_number
                            from web_returns,ws_wh
                            where wr_order_number = ws_wh.ws_order_number)
order by count(distinct ws_order_number)
limit 100;
Limit  (cost=697348.03..697348.04 rows=1 width=24) (actual time=45683.838..45683.968 rows=1 loops=1)
  CTE ws_wh
    ->  Hash Join  (cost=46349.17..333735.21 rows=7148800 width=24) (actual time=265.636..1444.221 rows=6642776 loops=1)
          Hash Cond: (ws1_1.ws_order_number = ws2.ws_order_number)
          Join Filter: (ws1_1.ws_warehouse_sk <> ws2.ws_warehouse_sk)
          Rows Removed by Join Filter: 2384930
          ->  Seq Scan on web_sales ws1_1  (cost=0.00..33841.74 rows=719474 width=16) (actual time=0.002..153.931 rows=719474 loops=1)
          ->  Hash  (cost=33841.74..33841.74 rows=719474 width=16) (actual time=265.033..265.034 rows=719474 loops=1)
                Buckets: 1048576  Batches: 2  Memory Usage: 25099kB
                ->  Seq Scan on web_sales ws2  (cost=0.00..33841.74 rows=719474 width=16) (actual time=0.002..157.831 rows=719474 loops=1)
  ->  Sort  (cost=363612.82..363612.83 rows=1 width=24) (actual time=45683.838..45683.963 rows=1 loops=1)
        Sort Key: (count(DISTINCT ws1.ws_order_number))
        Sort Method: quicksort  Memory: 25kB
        ->  Aggregate  (cost=363612.80..363612.81 rows=1 width=24) (actual time=45683.833..45683.958 rows=1 loops=1)
              ->  Nested Loop Semi Join  (cost=162397.28..363612.79 rows=2 width=24) (actual time=4840.717..45683.901 rows=78 loops=1)
                    Join Filter: (ws1.ws_order_number = web_returns.wr_order_number)
                    ->  Nested Loop  (cost=161858.20..192370.03 rows=2 width=32) (actual time=4097.477..4098.018 rows=105 loops=1)
                          Join Filter: (ws1.ws_web_site_sk = web_site.web_site_sk)
                          Rows Removed by Join Filter: 3684
                          ->  Seq Scan on web_site  (cost=0.00..2.38 rows=9 width=8) (actual time=0.007..0.030 rows=9 loops=1)
                                Filter: (web_company_name = 'pri'::bpchar)
                                Rows Removed by Filter: 21
                          ->  Materialize  (cost=161858.20..192366.73 rows=7 width=40) (actual time=455.239..455.299 rows=421 loops=9)
                                ->  Hash Join  (cost=161858.20..192366.69 rows=7 width=40) (actual time=4097.144..4097.458 rows=421 loops=1)
                                      Hash Cond: (ws1.ws_order_number = ws_wh.ws_order_number)
                                      ->  Gather  (cost=1005.70..31514.08 rows=14 width=32) (actual time=1.546..1.771 rows=421 loops=1)
                                            Workers Planned: 2
                                            Workers Launched: 2
                                            ->  Nested Loop  (cost=5.70..30512.68 rows=6 width=32) (actual time=3.145..105.117 rows=140 loops=3)
                                                  ->  Hash Join  (cost=5.41..30437.19 rows=242 width=40) (actual time=0.536..94.072 rows=5303 loops=3)
                                                        Hash Cond: (ws1.ws_ship_date_sk = date_dim.d_date_sk)
                                                        ->  Parallel Seq Scan on web_sales ws1  (cost=0.00..29644.81 rows=299781 width=48) (actual time=0.016..60.761 rows=239825 loops=3)
                                                        ->  Hash  (cost=4.67..4.67 rows=59 width=8) (actual time=0.091..0.092 rows=61 loops=3)
                                                              Buckets: 1024  Batches: 1  Memory Usage: 11kB
                                                              ->  Index Scan using i_d_date on date_dim  (cost=0.29..4.67 rows=59 width=8) (actual time=0.063..0.079 rows=61 loops=3)
                                                                    Index Cond: ((d_date >= '2001-04-01'::date) AND (d_date <= '2001-05-31 00:00:00'::timestamp without time zone))
                                                  ->  Index Scan using pk_customer_address on customer_address  (cost=0.29..0.31 rows=1 width=8) (actual time=0.002..0.002 rows=0 loops=15908)
                                                        Index Cond: (ca_address_sk = ws1.ws_ship_addr_sk)
                                                        Filter: (ca_state = 'AR'::bpchar)
                                                        Rows Removed by Filter: 1
                                      ->  Hash  (cost=160850.00..160850.00 rows=200 width=8) (actual time=4095.594..4095.594 rows=60000 loops=1)
                                            Buckets: 65536 (originally 1024)  Batches: 1 (originally 1)  Memory Usage: 2856kB
                                            ->  HashAggregate  (cost=160848.00..160850.00 rows=200 width=8) (actual time=4080.909..4088.713 rows=60000 loops=1)
                                                  Group Key: ws_wh.ws_order_number
                                                  Batches: 1  Memory Usage: 6177kB
                                                  ->  CTE Scan on ws_wh  (cost=0.00..142976.00 rows=7148800 width=8) (actual time=265.639..3311.612 rows=6642776 loops=1)
                    ->  Hash Join  (cost=539.08..170327.89 rows=385 width=16) (actual time=396.055..396.055 rows=1 loops=105)
                          Hash Cond: (ws_wh_1.ws_order_number = web_returns.wr_order_number)
                          Join Filter: (ws_wh.ws_order_number = ws_wh_1.ws_order_number)
                          ->  CTE Scan on ws_wh ws_wh_1  (cost=0.00..142976.00 rows=7148800 width=8) (actual time=0.003..285.243 rows=3335157 loops=79)
                          ->  Hash  (cost=539.05..539.05 rows=2 width=8) (actual time=0.951..0.951 rows=1 loops=105)
                                Buckets: 1024  Batches: 1  Memory Usage: 9kB
                                ->  Index Only Scan using pk_web_returns on web_returns  (cost=0.42..539.05 rows=2 width=8) (actual time=0.478..0.949 rows=1 loops=105)
                                      Index Cond: (wr_order_number = ws_wh.ws_order_number)
                                      Heap Fetches: 0
 order count | total shipping cost |  total net profit  
-------------+---------------------+--------------------
          47 |            94556.74 | 2329.3099999999977
(1 row)

UPDATE time_statistics SET e_time = TRANSACTION_TIMESTAMP() WHERE template = '../query_postgresql/query95.tpl' AND stream = 3;
psql:/tmp/s1-basline/throughput/query_3.sql:3337: NOTICE:  duration: 0.065 ms  plan:
Query Text: UPDATE time_statistics SET e_time = TRANSACTION_TIMESTAMP() WHERE template = '../query_postgresql/query95.tpl' AND stream = 3;
Update on time_statistics  (cost=0.00..10.30 rows=0 width=0) (actual time=0.065..0.065 rows=0 loops=1)
  ->  Seq Scan on time_statistics  (cost=0.00..10.30 rows=1 width=14) (actual time=0.050..0.050 rows=1 loops=1)
        Filter: ((template = '../query_postgresql/query95.tpl'::text) AND (stream = 3))
        Rows Removed by Filter: 358
UPDATE 1
LOAD 'auto_explain'; SET auto_explain.log_min_duration TO 0; SET auto_explain.log_analyze TO on; SET auto_explain.log_level TO notice; INSERT INTO time_statistics (template, s_time, stream, query, seed) VALUES ('../query_postgresql/query12.tpl', TRANSACTION_TIMESTAMP(), 3, 71, 740521899);
LOAD
SET
SET
SET
psql:/tmp/s1-basline/throughput/query_3.sql:3338: NOTICE:  duration: 0.009 ms  plan:
Query Text: INSERT INTO time_statistics (template, s_time, stream, query, seed) VALUES ('../query_postgresql/query12.tpl', TRANSACTION_TIMESTAMP(), 3, 71, 740521899);
Insert on time_statistics  (cost=0.00..0.01 rows=0 width=0) (actual time=0.008..0.009 rows=0 loops=1)
  ->  Result  (cost=0.00..0.01 rows=1 width=64) (actual time=0.002..0.002 rows=1 loops=1)
INSERT 0 1
select  i_item_id
      ,i_item_desc 
      ,i_category 
      ,i_class 
      ,i_current_price
      ,sum(ws_ext_sales_price) as itemrevenue 
      ,sum(ws_ext_sales_price)*100/sum(sum(ws_ext_sales_price)) over
          (partition by i_class) as revenueratio
from	
	web_sales
    	,item 
    	,date_dim
where 
	ws_item_sk = i_item_sk 
  	and i_category in ('Books', 'Children', 'Men')
  	and ws_sold_date_sk = d_date_sk
	and d_date between cast('2001-06-23' as date) 
				and (cast('2001-06-23' as date) + INTERVAL '30 days')
group by 
	i_item_id
        ,i_item_desc 
        ,i_category
        ,i_class
        ,i_current_price
order by 
	i_category
        ,i_class
        ,i_item_id
        ,i_item_desc
        ,revenueratio
limit 100;
psql:/tmp/s1-basline/throughput/query_3.sql:3369: NOTICE:  duration: 27.631 ms  plan:
Query Text: select  i_item_id
      ,i_item_desc 
      ,i_category 
      ,i_class 
      ,i_current_price
      ,sum(ws_ext_sales_price) as itemrevenue 
      ,sum(ws_ext_sales_price)*100/sum(sum(ws_ext_sales_price)) over
          (partition by i_class) as revenueratio
from	
	web_sales
    	,item 
    	,date_dim
where 
	ws_item_sk = i_item_sk 
  	and i_category in ('Books', 'Children', 'Men')
  	and ws_sold_date_sk = d_date_sk
	and d_date between cast('2001-06-23' as date) 
				and (cast('2001-06-23' as date) + INTERVAL '30 days')
group by 
	i_item_id
        ,i_item_desc 
        ,i_category
        ,i_class
        ,i_current_price
order by 
	i_category
        ,i_class
        ,i_item_id
        ,i_item_desc
        ,revenueratio
limit 100;
Limit  (cost=11143.98..11144.20 rows=89 width=245) (actual time=27.530..27.541 rows=100 loops=1)
  ->  Sort  (cost=11143.98..11144.20 rows=89 width=245) (actual time=27.530..27.535 rows=100 loops=1)
        Sort Key: item.i_category, item.i_class, item.i_item_id, item.i_item_desc, ((((sum(web_sales.ws_ext_sales_price)) * '100'::double precision) / sum((sum(web_sales.ws_ext_sales_price))) OVER (?)))
        Sort Method: top-N heapsort  Memory: 101kB
        ->  WindowAgg  (cost=11139.09..11141.10 rows=89 width=245) (actual time=25.657..26.400 rows=1512 loops=1)
              ->  Sort  (cost=11139.09..11139.32 rows=89 width=237) (actual time=25.608..25.670 rows=1512 loops=1)
                    Sort Key: item.i_class
                    Sort Method: quicksort  Memory: 463kB
                    ->  GroupAggregate  (cost=11133.76..11136.21 rows=89 width=237) (actual time=23.672..24.735 rows=1512 loops=1)
                          Group Key: item.i_item_id, item.i_item_desc, item.i_category, item.i_class, item.i_current_price
                          ->  Sort  (cost=11133.76..11133.99 rows=89 width=237) (actual time=23.666..23.760 rows=2256 loops=1)
                                Sort Key: item.i_item_id, item.i_item_desc, item.i_category, item.i_class, item.i_current_price
                                Sort Method: quicksort  Memory: 717kB
                                ->  Nested Loop  (cost=1.00..11130.88 rows=89 width=237) (actual time=0.024..17.689 rows=2256 loops=1)
                                      ->  Nested Loop  (cost=0.72..11039.21 rows=295 width=16) (actual time=0.019..3.973 rows=7433 loops=1)
                                            ->  Index Scan using i_d_date on date_dim  (cost=0.29..3.09 rows=30 width=8) (actual time=0.009..0.020 rows=31 loops=1)
                                                  Index Cond: ((d_date >= '2001-06-23'::date) AND (d_date <= '2001-07-23 00:00:00'::timestamp without time zone))
                                            ->  Index Scan using i_ws_sold_date_sk on web_sales  (cost=0.42..363.92 rows=395 width=24) (actual time=0.004..0.089 rows=240 loops=31)
                                                  Index Cond: (ws_sold_date_sk = date_dim.d_date_sk)
                                      ->  Index Scan using pk_item on item  (cost=0.29..0.31 rows=1 width=237) (actual time=0.002..0.002 rows=0 loops=7433)
                                            Index Cond: (i_item_sk = web_sales.ws_item_sk)
                                            Filter: (i_category = ANY ('{Books,Children,Men}'::bpchar[]))
                                            Rows Removed by Filter: 1
    i_item_id     |                                                                                               i_item_desc                                                                                               |                     i_category                     |                      i_class                       | i_current_price |    itemrevenue     |     revenueratio     
------------------+---------------------------------------------------------------------------------------------------------------------------------------------------------------------------------------------------------+----------------------------------------------------+----------------------------------------------------+-----------------+--------------------+----------------------
 AAAAAAAAADEDAAAA | Beautiful, representative conditions will detect wide likely, medical fingers; times strengthen. Societies give in a injuries. New vegetables could not know further dogs. Big lads will                | Books                                              | arts                                               |            6.53 |             5998.2 |    5.567795489196394
 AAAAAAAAANBCAAAA | Back, dif                                                                                                                                                                                               | Books                                              | arts                                               |            4.33 |            3560.32 |    3.304847060133991
 AAAAAAAABGLBAAAA | Successes take also times. Communications recognise on a colours. Long, like times greet more un                                                                                                        | Books                                              | arts                                               |            1.65 |            1734.78 |    1.610299799731273
 AAAAAAAABHFDAAAA | Brothers shall play today brief holes. Able years prescribe now strange sports. Bright firms could not go forces; occasio                                                                               | Books                                              | arts                                               |            3.81 |             269.36 |   0.2500319084008437
 AAAAAAAABNACAAAA | Tory drug                                                                                                                                                                                               | Books                                              | arts                                               |            9.85 | 2921.9700000000003 |    2.712302254937679
 AAAAAAAABPMAAAAA | Social needs may support criminal, foreign patterns. Adequ                                                                                                                                              | Books                                              | arts                                               |            0.69 |            7923.12 |    7.354591676896692
 AAAAAAAACFADAAAA | Words signify for a options. Days could ride low representatives. Possibly ex                                                                                                                           | Books                                              | arts                                               |            6.62 |             141.31 |  0.13117021449407196
 AAAAAAAADNECAAAA | Old children could curb to the guidelines. Young, new subjects contain able problems. Other, emotional children mig                                                                                     | Books                                              | arts                                               |            0.73 |             1553.8 |   1.4423061303580003
 AAAAAAAAEFGBAAAA | Reliable, thorough cases look instead for the teachers. Systematically glad memories could not become however. Good, pe                                                                                 | Books                                              | arts                                               |            4.32 |            1042.63 |   0.9678154464507415
 AAAAAAAAEHKCAAAA | Clergy ought to give now right passengers. Statutory men must leave both new nights; actually new notions used to set importantly materials. Feet would not understand local w                          | Books                                              | arts                                               |            4.04 |             303.96 |   0.2821491642319589
 AAAAAAAAEOCDAAAA | Gastric boots should move either attractive, medical signals. Now only solicitors see also securities. Solar, top tables touch both vast, international characters. Brief scientists o                  | Books                                              | arts                                               |            7.33 |              344.7 |   0.3199658406065148
 AAAAAAAAEODCAAAA | Still convenient details believe similarly close activities. Years shall win easily arms; regularly specific patients could welcome n                                                                   | Books                                              | arts                                               |            4.92 |            4785.73 |    4.442327015856733
 AAAAAAAAFFJAAAAA | About rough dishes would reflect perhaps ideological capitalist bonds. English, central amou                                                                                                            | Books                                              | arts                                               |            9.93 |            3546.62 |   3.2921301120158906
 AAAAAAAAGCADAAAA | Small,                                                                                                                                                                                                  | Books                                              | arts                                               |            3.85 | 10966.810000000001 |   10.179879838763949
 AAAAAAAAGDBAAAAA | Over public days suppose really. British, future pounds must not forget also illegal activ                                                                                                              | Books                                              | arts                                               |            3.06 |                624 |   0.5792244982258927
 AAAAAAAAGEOBAAAA | Bad, personal funds take with a judges. Fast overseas men start payments. Suitable, easy girls                                                                                                          | Books                                              | arts                                               |            8.47 | 2265.5699999999997 |   2.1030026385346727
 AAAAAAAAGMPBAAAA | Other jobs ough                                                                                                                                                                                         | Books                                              | arts                                               |            9.15 |            3832.67 |   3.5576544192555004
 AAAAAAAAGNAAAAAA | Lucky rules get other conflicts. Aware streets must walk individual, important walls. Soon following groups put with a books; new, available circumstance                                               | Books                                              | arts                                               |            5.25 |            6087.93 |    5.651086858148012
 AAAAAAAAGPIAAAAA | Keen studies like hot women. Hitherto important women praise subsequently absolute, local benefits. Supreme, sec                                                                                        | Books                                              | arts                                               |            2.33 |            7134.62 |    6.622670976814774
 AAAAAAAAHHBEAAAA | As open dollars can marry most. Desirable services speak anything but natural, similar authorities. Angry evenings cannot record bar                                                                    | Books                                              | arts                                               |             0.4 |             3697.6 |   3.4322764497436875
 AAAAAAAAHLGBAAAA | Little local agencies tell brightly only holy plants. Spanish agencies speak quite into a requirements; northern conditions can make firmly. Leading memories ought to tidy worth a years. Positive, ec | Books                                              | arts                                               |           85.09 |              383.4 |   0.3558888984291783
 AAAAAAAAIKCDAAAA | Just smooth members might not complete to a considerations. Young, total doctors turn slightly hours. Now public limits account norma                                                                   | Books                                              | arts                                               |            3.39 | 3884.5200000000004 |    3.605783890782765
 AAAAAAAAIPADAAAA | Never labour circumstances must not live by a colours. Operations force consequently in a pupils. Finally only interests ignore clubs. Issues would not feel suddenly; small arms may                   | Books                                              | arts                                               |            4.01 |            1808.64 |   1.6788599302424339
 AAAAAAAAIPMCAAAA | Japanese, future rig                                                                                                                                                                                    | Books                                              | arts                                               |            38.9 |            1670.25 |   1.5504001893618549
 AAAAAAAAJBCBAAAA | International persons put at the talks; at last able years must not make industries. Occasional, fierce tories may not lie after a                                                                      | Books                                              | arts                                               |            2.87 |            1187.36 |   1.1021602567523974
 AAAAAAAAKKJCAAAA | High, major materials cannot answer even reluctant women. Ridiculous, genuine funds end areas. Priorities ought to jump later offices. Applications play seldom s                                       | Books                                              | arts                                               |            3.12 |             516.89 |    0.479800241807663
 AAAAAAAALBNAAAAA | Generally asian eyes sell individually films. Normal feet become on a lips. Also very weeks intend warmly. Major, scottish details get. Simple systems shall provide sure li                            | Books                                              | arts                                               |            3.87 |            1859.63 |   1.7261911115958606
 AAAAAAAAMFODAAAA | Parents last reluctant visitors. All small odds might not try so. Above comfortable others may go examples.                                                                                             | Books                                              | arts                                               |            2.25 |            1288.99 |    1.196497733923387
 AAAAAAAAMIKBAAAA | Legal detectives attempt ont                                                                                                                                                                            | Books                                              | arts                                               |            4.31 |             6583.5 |    6.111096929599623
 AAAAAAAAMJBBAAAA | High events improve arguments; american cards should not follow just changes; attitudes should return least comprehensive shares. Sen                                                                   | Books                                              | arts                                               |            1.92 |            9155.49 |    8.498532213561184
 AAAAAAAAMMLCAAAA | So front comments decide difficult advantages. A                                                                                                                                                        | Books                                              | arts                                               |            0.89 |             299.16 |  0.27769359116868286
 AAAAAAAAOELCAAAA | Alternative                                                                                                                                                                                             | Books                                              | arts                                               |           76.99 |            2434.12 |   2.2594582301628368
 AAAAAAAAOEOCAAAA | New, other variations ought to act patterns. Far                                                                                                                                                        | Books                                              | arts                                               |            0.22 |            1059.31 |   0.9832985628456258
 AAAAAAAAOGKBAAAA | Also different sites learn further then available resources. Injuries shall not explain distinctive trends. Towns back here                                                                             | Books                                              | arts                                               |            0.38 |            2166.64 |    2.011171421211776
 AAAAAAAAOILBAAAA | Major organisations allow unique lives. Proper, keen minutes should help essentially spectacular facilities. Deep, short governors believe therefore other o                                            | Books                                              | arts                                               |            8.27 |             196.38 |  0.18228863295128336
 AAAAAAAAOLPBAAAA | Female problems may deny. National, accessible sums send other lips; now high pounds must say hands. Main reservations bother in a cities; things go forward for a views. Coun                          | Books                                              | arts                                               |            2.97 |            1840.84 |    1.708749399541911
 AAAAAAAAOMJCAAAA | Fresh offences could not govern for exampl                                                                                                                                                              | Books                                              | arts                                               |           67.54 |               1826 |   1.6949742528212823
 AAAAAAAAONJCAAAA | Benefits like outer, likely problems.                                                                                                                                                                   | Books                                              | arts                                               |            0.62 |               40.5 |  0.03759389772139208
 AAAAAAAAONPCAAAA | Difficult, deaf structures might take now by a days. Slightly specific ages could continue more scottish, early boys; other, universal forms must not take hence ever partial weekends; ha              | Books                                              | arts                                               |            3.76 |              140.2 |  0.13013986322318935
 AAAAAAAAPPAEAAAA | Trials act slightly; european forces need parts. Basically only questions should attack so as remaining speakers. Previous, new modules think elements. Various weeks walk. Others                      | Books                                              | arts                                               |            0.94 |             652.73 |   0.6058929594983765
 AAAAAAAAADIDAAAA | Similar, gene                                                                                                                                                                                           | Books                                              | business                                           |            6.89 |           12141.36 |    9.068742254805953
 AAAAAAAAAOJDAAAA | Most close thousands would wear only; useless fingers must find regularly states. Far points give now in the cells. New arts shall go whole                                                             | Books                                              | business                                           |           71.41 | 11009.970000000001 |    8.223673473412031
 AAAAAAAABDFBAAAA | Frequent expectations allow french attacks. Proposals used to win indeed popular, large sessions. Services shall not apologise as real relations. Years create unable, p                                | Books                                              | business                                           |            2.82 |            4432.05 |    3.310429730311326
 AAAAAAAACCLCAAAA | Well public sales may not set as english nuclear problems. Men form further in a                                                                                                                        | Books                                              | business                                           |            8.89 |             1289.6 |   0.9632405275683906
 AAAAAAAACPMDAAAA | Late, distinct men must know twice. Other forms should run future                                                                                                                                       | Books                                              | business                                           |            8.77 |            1265.04 |   0.9448959343944766
 AAAAAAAADFMCAAAA | English, considerable areas merge sometimes to a children. Thick straight languages turn thoughtfully key employees; systematic                                                                         | Books                                              | business                                           |            9.06 |            2680.44 |   2.0021002169009128
 AAAAAAAAFGIDAAAA | Successful centres follow early comfortable emotions. Adequate, possible questions may soften at a qualifications. Bright incentives might go therefore behind the forms. Little feet woul              | Books                                              | business                                           |            1.13 |             709.74 |    0.530125877819781
 AAAAAAAAGAGCAAAA | Often possible things kn                                                                                                                                                                                | Books                                              | business                                           |            3.66 |              39.97 | 0.029854779688979975
 AAAAAAAAGCGCAAAA | Years cling                                                                                                                                                                                             | Books                                              | business                                           |             0.3 |            5004.95 |   3.7383457494210743
 AAAAAAAAGHMDAAAA | Current officers draw high defence                                                                                                                                                                      | Books                                              | business                                           |            1.04 |               6966 |    5.203112216998612
 AAAAAAAAGJKDAAAA | Technical jobs should not give particularly european criteria; importantly individual priorities stimulate for the friends. In                                                                          | Books                                              | business                                           |            3.12 |              14493 |   10.825251989802021
 AAAAAAAAGOJAAAAA | Natural bombs experience. White, practical                                                                                                                                                              | Books                                              | business                                           |            2.07 |              292.6 |   0.2185516271452475
 AAAAAAAAGPAEAAAA | Obvious, mathematical routes should go nevertheless in a words. Certainly visual stations form slowly social talks. As soviet centres assign labour, conservative stars. Stupid, possible yea           | Books                                              | business                                           |             2.7 |              54.06 |  0.04037901901391688
 AAAAAAAAHEIAAAAA | Local individuals get complete, slow children. Just classical workshops shall return english, bad words. Possible sources form equally beyond the officers. Limited                                     | Books                                              | business                                           |            3.37 |              71.04 | 0.053061885141484556
 AAAAAAAAIDFDAAAA | Monthly, possib                                                                                                                                                                                         | Books                                              | business                                           |            44.3 |            4554.68 |   3.4020257181336833
 AAAAAAAAIDNCAAAA | Police could not fill existing, limited investigations. Shops shoulder e                                                                                                                                | Books                                              | business                                           |            4.69 |             138.93 |   0.1037709417610705
 AAAAAAAAIGBEAAAA | So minute christians live children. Special, previous things stimulate then little parties. Occupations put digital, rich liabilities; romantic, other men suffer of course sales. Rates may l          | Books                                              | business                                           |            4.44 |            1009.24 |   0.7538313198225207
 AAAAAAAAIGLAAAAA | Members will pretend black windows. Sufficiently american objects keep still fundamental days. Top hands make frequently tight effects. Full                                                            | Books                                              | business                                           |            4.96 |            3529.68 |   2.6364227864047747
 AAAAAAAAIJMCAAAA | Recent, prime diseases must not know                                                                                                                                                                    | Books                                              | business                                           |            1.78 |             1315.2 |   0.9823619276193761
 AAAAAAAAIOJBAAAA | Still extreme calls knock there aware types. Dead gardens describe convenient, russian children; almost other police coul                                                                               | Books                                              | business                                           |            2.03 |                7.6 | 0.005676665640136298
 AAAAAAAAJKECAAAA | Times would add. Well human men ought to demand slightly. Dual reasons shall not make as recent premises. More relevant ideas shall obtain very with the ideas. Awa                                     | Books                                              | business                                           |            57.6 |               9.57 | 0.007148117128434785
 AAAAAAAAJMHAAAAA | Agreements witness still right wings. Available ro                                                                                                                                                      | Books                                              | business                                           |            6.18 |             595.41 |  0.44472940642020437
 AAAAAAAAKFIAAAAA | Well small classes ought to know altogether. Away base objects fit final sessions. Fixed partners live too. Years                                                                                       | Books                                              | business                                           |            9.76 |           12055.98 |    9.004969397917158
 AAAAAAAAKJBAAAAA | Colourful, quiet years must want rapidly acceptable, other fin                                                                                                                                          | Books                                              | business                                           |            4.12 |            4022.88 |   3.0048085092620407
 AAAAAAAAKLPCAAAA | Fixed, annual merchants might not turn in a trees. Super, full men add even central years. Branches must i                                                                                              | Books                                              | business                                           |            1.85 |            2637.18 |   1.9697880385335056
 AAAAAAAAKOGBAAAA | Tonnes must extend fully women. Even great pressures make just national problems. Smooth c                                                                                                              | Books                                              | business                                           |            1.54 |             7068.4 |   5.2795978172025535
 AAAAAAAALDOAAAAA | Issues could know objects. Public inhab                                                                                                                                                                 | Books                                              | business                                           |            2.11 |            4650.62 |    3.473686152543509
 AAAAAAAALHJBAAAA | Large qualities may not adjust general, great                                                                                                                                                           | Books                                              | business                                           |           76.81 |             506.48 |  0.37830494913371476
 AAAAAAAALIBCAAAA | Available applications know early, cold profits. Different sides find most                                                                                                                              | Books                                              | business                                           |            3.96 |             132.66 |  0.09908769260795806
 AAAAAAAAMGLAAAAA | Lines get in a areas. Deep scenes might hear all but by the efforts. Average defences eat completely. Public seconds know outstanding tasks. Political, friendly classes g                              | Books                                              | business                                           |            1.73 |             1079.5 |   0.8063105998062018
 AAAAAAAAMNECAAAA | Difficult, clear rules used to fo                                                                                                                                                                       | Books                                              | business                                           |           77.15 |             677.44 |   0.5060000488492018
 AAAAAAAAMOEBAAAA | Years coul                                                                                                                                                                                              | Books                                              | business                                           |            4.78 |            2099.79 |    1.568395492697605
 AAAAAAAANBIAAAAA | Maybe red days may eat coldly only financial efforts. Absolute, domestic players explode very substantial students. Considerable ba                                                                     | Books                                              | business                                           |            5.24 |            2851.32 |    2.129735562241241
 AAAAAAAANHEEAAAA | Different, moral teachers run normally glasses. Late attacks can establish active doors. Exciting, mediterranean seats give                                                                             | Books                                              | business                                           |            0.31 |           11518.97 |    8.603860685363264
 AAAAAAAANKCAAAAA | Lads would not try actuall                                                                                                                                                                              | Books                                              | business                                           |            3.72 |             3677.8 |   2.7470580120122734
 AAAAAAAAPEADAAAA | Economic, good members used to fall only men. Others must not disappear further details. Parents could not tell funny keys. Whole prices take at once outer changes. Different, inc countries           | Books                                              | business                                           |           42.41 |             417.48 |   0.3118282067689607
 AAAAAAAAPJBDAAAA | Important glasses see extra workers. Slight, urban foreigners should not carry. Medical ways might tackle areas. Long, future signs take. Goods devise. Transactions touch just new, central pr         | Books                                              | business                                           |            5.54 |            3595.18 |   2.6853466810664757
 AAAAAAAAPJFCAAAA | Other, other dishes contain for the miles. Seconds can replace for a families. Men restore. Discussions involve; refugees affect richly old police. Poor, teenage areas take as. Appropriate, e         | Books                                              | business                                           |             4.7 |             5279.6 |   3.9434899886399473
 AAAAAAAAAFCDAAAA | Thoughts ought to rush key states. Books                                                                                                                                                                | Books                                              | computers                                          |            7.86 |            1181.04 |    1.235144388299511
 AAAAAAAAAOBEAAAA | Brief, rough meanings fall in the millions; no french d                                                                                                                                                 | Books                                              | computers                                          |            4.85 |             229.09 |  0.23958479637906843
 AAAAAAAACAJCAAAA | Fair main actors                                                                                                                                                                                        | Books                                              | computers                                          |            5.31 |            8209.65 |    8.585740641640486
 AAAAAAAACFBAAAAA | Assets take too; substantial,                                                                                                                                                                           | Books                                              | computers                                          |            0.19 |             4274.6 |   4.4704228495436995
 AAAAAAAAFCAAAAAA | P                                                                                                                                                                                                       | Books                                              | computers                                          |            4.21 |            3084.48 |   3.2257824991719803
 AAAAAAAAFGACAAAA | Languages might not face for a others; true limitations must not follow more intact economies. Please bitter profits date on a                                                                          | Books                                              | computers                                          |            6.63 |            1008.48 |   1.0546792764955386
 AAAAAAAAFHEDAAAA | Then dangerous references would settle always well small men. Rather                                                                                                                                    | Books                                              | computers                                          |            0.91 |             3375.6 |   3.5302389395311162
 AAAAAAAAFIPDAAAA | Normal pol                                                                                                                                                                                              | Books                                              | computers                                          |            3.03 | 8026.0199999999995 |     8.39369840427051
 AAAAAAAAGGCCAAAA | Supreme owners feel soon finall                                                                                                                                                                         | Books                                              | computers                                          |            6.81 |              884.4 |    0.924915072319386
 AAAAAAAAGHJBAAAA | As old events thin                                                                                                                                                                                      | Books                                              | computers                                          |            4.88 |              47.96 | 0.050157086011349786
 AAAAAAAAGPCAAAAA | Subsequently educational doctors will not form upstairs by the problems. Married lines may ask areas. Very revolutionary aims wear initial activities. Other, naked minutes reca                        | Books                                              | computers                                          |            5.11 |             645.68 |   0.6752591179276131
 AAAAAAAAHEOAAAAA | Honest, important eyes permit additional, other eyes. Simple matters dry natural, labour notions. Rarely new copies will distinguish well sites. Partly real others used t                              | Books                                              | computers                                          |            2.44 |            2474.12 |    2.587461418732292
 AAAAAAAAHIJBAAAA | Eyes could learn days. Earlier cultural parents c                                                                                                                                                       | Books                                              | computers                                          |            2.81 | 1813.8300000000002 |   1.8969230050034736
 AAAAAAAAIPBEAAAA | Either final days would offer efficiently small, single changes. Performances escape working, common bodies. Specific, current houses would not stay so talks. Cats will not protect as n               | Books                                              | computers                                          |            0.95 |             8937.6 |    9.347038614158462
 AAAAAAAAJJHAAAAA | Lawyers determine in a agents; fairly european circumstances will produce even green european days. Young camps say overnight. Similar houses could take extreme, wron                                  | Books                                              | computers                                          |            1.94 |            1230.32 |    1.286681944568054
 AAAAAAAAJOBBAAAA | Skilled, b                                                                                                                                                                                              | Books                                              | computers                                          |            8.08 |              87.42 |  0.09142478021501664
 AAAAAAAAKGNCAAAA | Sorry, previous reasons seek there in a relatives. Rates see usually at the prizes. Never suitable concentrations hold in p                                                                             | Books                                              | computers                                          |            5.49 |            8076.75 |    8.446752386200362
 AAAAAAAAKIABAAAA | Only living nurses work already mature, original suggestions. Clear cars would involve electric moments. Ideas used to say new, growing                                                                 | Books                                              | computers                                          |            4.54 |            3974.07 |    4.156125329548058
 AAAAAAAAMEOBAAAA | Distinct, different weeks answer more at an                                                                                                                                                             | Books                                              | computers                                          |            1.03 |            3800.46 |   3.9745621164031357
 AAAAAAAANCDEAAAA | Effective, narrow years will characterize anyway o                                                                                                                                                      | Books                                              | computers                                          |             4.8 |            4675.84 |    4.890043975298369
 AAAAAAAANMJAAAAA | Soldiers make by a differences. Directions would not dare of course for the services. Political, political interviews will outline on a forms. General techniques change powerfully with a parents.     | Books                                              | computers                                          |            4.62 |             462.68 |   0.4838757413622043
 AAAAAAAAODDDAAAA | Criteria engage simple members. Churches outweigh about communist, real days. International drugs include original l                                                                                    | Books                                              | computers                                          |            7.56 |            14662.3 |   15.333991706092867
(100 rows)

UPDATE time_statistics SET e_time = TRANSACTION_TIMESTAMP() WHERE template = '../query_postgresql/query12.tpl' AND stream = 3;
psql:/tmp/s1-basline/throughput/query_3.sql:3371: NOTICE:  duration: 0.057 ms  plan:
Query Text: UPDATE time_statistics SET e_time = TRANSACTION_TIMESTAMP() WHERE template = '../query_postgresql/query12.tpl' AND stream = 3;
Update on time_statistics  (cost=0.00..10.30 rows=0 width=0) (actual time=0.057..0.057 rows=0 loops=1)
  ->  Seq Scan on time_statistics  (cost=0.00..10.30 rows=1 width=14) (actual time=0.046..0.046 rows=1 loops=1)
        Filter: ((template = '../query_postgresql/query12.tpl'::text) AND (stream = 3))
        Rows Removed by Filter: 359
UPDATE 1
LOAD 'auto_explain'; SET auto_explain.log_min_duration TO 0; SET auto_explain.log_analyze TO on; SET auto_explain.log_level TO notice; INSERT INTO time_statistics (template, s_time, stream, query, seed) VALUES ('query64.tpl', TRANSACTION_TIMESTAMP(), 3, 72, 1484041766);
LOAD
SET
SET
SET
psql:/tmp/s1-basline/throughput/query_3.sql:3372: NOTICE:  duration: 0.009 ms  plan:
Query Text: INSERT INTO time_statistics (template, s_time, stream, query, seed) VALUES ('query64.tpl', TRANSACTION_TIMESTAMP(), 3, 72, 1484041766);
Insert on time_statistics  (cost=0.00..0.01 rows=0 width=0) (actual time=0.008..0.008 rows=0 loops=1)
  ->  Result  (cost=0.00..0.01 rows=1 width=64) (actual time=0.001..0.001 rows=1 loops=1)
INSERT 0 1
with cs_ui as
 (select cs_item_sk
        ,sum(cs_ext_list_price) as sale,sum(cr_refunded_cash+cr_reversed_charge+cr_store_credit) as refund
  from catalog_sales
      ,catalog_returns
  where cs_item_sk = cr_item_sk
    and cs_order_number = cr_order_number
  group by cs_item_sk
  having sum(cs_ext_list_price)>2*sum(cr_refunded_cash+cr_reversed_charge+cr_store_credit)),
cross_sales as
 (select i_product_name product_name
     ,i_item_sk item_sk
     ,s_store_name store_name
     ,s_zip store_zip
     ,ad1.ca_street_number b_street_number
     ,ad1.ca_street_name b_street_name
     ,ad1.ca_city b_city
     ,ad1.ca_zip b_zip
     ,ad2.ca_street_number c_street_number
     ,ad2.ca_street_name c_street_name
     ,ad2.ca_city c_city
     ,ad2.ca_zip c_zip
     ,d1.d_year as syear
     ,d2.d_year as fsyear
     ,d3.d_year s2year
     ,count(*) cnt
     ,sum(ss_wholesale_cost) s1
     ,sum(ss_list_price) s2
     ,sum(ss_coupon_amt) s3
  FROM   store_sales
        ,store_returns
        ,cs_ui
        ,date_dim d1
        ,date_dim d2
        ,date_dim d3
        ,store
        ,customer
        ,customer_demographics cd1
        ,customer_demographics cd2
        ,promotion
        ,household_demographics hd1
        ,household_demographics hd2
        ,customer_address ad1
        ,customer_address ad2
        ,income_band ib1
        ,income_band ib2
        ,item
  WHERE  ss_store_sk = s_store_sk AND
         ss_sold_date_sk = d1.d_date_sk AND
         ss_customer_sk = c_customer_sk AND
         ss_cdemo_sk= cd1.cd_demo_sk AND
         ss_hdemo_sk = hd1.hd_demo_sk AND
         ss_addr_sk = ad1.ca_address_sk and
         ss_item_sk = i_item_sk and
         ss_item_sk = sr_item_sk and
         ss_ticket_number = sr_ticket_number and
         ss_item_sk = cs_ui.cs_item_sk and
         c_current_cdemo_sk = cd2.cd_demo_sk AND
         c_current_hdemo_sk = hd2.hd_demo_sk AND
         c_current_addr_sk = ad2.ca_address_sk and
         c_first_sales_date_sk = d2.d_date_sk and
         c_first_shipto_date_sk = d3.d_date_sk and
         ss_promo_sk = p_promo_sk and
         hd1.hd_income_band_sk = ib1.ib_income_band_sk and
         hd2.hd_income_band_sk = ib2.ib_income_band_sk and
         cd1.cd_marital_status <> cd2.cd_marital_status and
         i_color in ('lemon','dodger','purple','indian','sandy','papaya') and
         i_current_price between 47 and 47 + 10 and
         i_current_price between 47 + 1 and 47 + 15
group by i_product_name
       ,i_item_sk
       ,s_store_name
       ,s_zip
       ,ad1.ca_street_number
       ,ad1.ca_street_name
       ,ad1.ca_city
       ,ad1.ca_zip
       ,ad2.ca_street_number
       ,ad2.ca_street_name
       ,ad2.ca_city
       ,ad2.ca_zip
       ,d1.d_year
       ,d2.d_year
       ,d3.d_year
)
select cs1.product_name
     ,cs1.store_name
     ,cs1.store_zip
     ,cs1.b_street_number
     ,cs1.b_street_name
     ,cs1.b_city
     ,cs1.b_zip
     ,cs1.c_street_number
     ,cs1.c_street_name
     ,cs1.c_city
     ,cs1.c_zip
     ,cs1.syear
     ,cs1.cnt
     ,cs1.s1 as s11
     ,cs1.s2 as s21
     ,cs1.s3 as s31
     ,cs2.s1 as s12
     ,cs2.s2 as s22
     ,cs2.s3 as s32
     ,cs2.syear
     ,cs2.cnt
from cross_sales cs1,cross_sales cs2
where cs1.item_sk=cs2.item_sk and
     cs1.syear = 2000 and
     cs2.syear = 2000 + 1 and
     cs2.cnt <= cs1.cnt and
     cs1.store_name = cs2.store_name and
     cs1.store_zip = cs2.store_zip
order by cs1.product_name
       ,cs1.store_name
       ,cs2.cnt
       ,cs1.s1
       ,cs2.s1;
psql:/tmp/s1-basline/throughput/query_3.sql:3490: NOTICE:  duration: 458.034 ms  plan:
Query Text: with cs_ui as
 (select cs_item_sk
        ,sum(cs_ext_list_price) as sale,sum(cr_refunded_cash+cr_reversed_charge+cr_store_credit) as refund
  from catalog_sales
      ,catalog_returns
  where cs_item_sk = cr_item_sk
    and cs_order_number = cr_order_number
  group by cs_item_sk
  having sum(cs_ext_list_price)>2*sum(cr_refunded_cash+cr_reversed_charge+cr_store_credit)),
cross_sales as
 (select i_product_name product_name
     ,i_item_sk item_sk
     ,s_store_name store_name
     ,s_zip store_zip
     ,ad1.ca_street_number b_street_number
     ,ad1.ca_street_name b_street_name
     ,ad1.ca_city b_city
     ,ad1.ca_zip b_zip
     ,ad2.ca_street_number c_street_number
     ,ad2.ca_street_name c_street_name
     ,ad2.ca_city c_city
     ,ad2.ca_zip c_zip
     ,d1.d_year as syear
     ,d2.d_year as fsyear
     ,d3.d_year s2year
     ,count(*) cnt
     ,sum(ss_wholesale_cost) s1
     ,sum(ss_list_price) s2
     ,sum(ss_coupon_amt) s3
  FROM   store_sales
        ,store_returns
        ,cs_ui
        ,date_dim d1
        ,date_dim d2
        ,date_dim d3
        ,store
        ,customer
        ,customer_demographics cd1
        ,customer_demographics cd2
        ,promotion
        ,household_demographics hd1
        ,household_demographics hd2
        ,customer_address ad1
        ,customer_address ad2
        ,income_band ib1
        ,income_band ib2
        ,item
  WHERE  ss_store_sk = s_store_sk AND
         ss_sold_date_sk = d1.d_date_sk AND
         ss_customer_sk = c_customer_sk AND
         ss_cdemo_sk= cd1.cd_demo_sk AND
         ss_hdemo_sk = hd1.hd_demo_sk AND
         ss_addr_sk = ad1.ca_address_sk and
         ss_item_sk = i_item_sk and
         ss_item_sk = sr_item_sk and
         ss_ticket_number = sr_ticket_number and
         ss_item_sk = cs_ui.cs_item_sk and
         c_current_cdemo_sk = cd2.cd_demo_sk AND
         c_current_hdemo_sk = hd2.hd_demo_sk AND
         c_current_addr_sk = ad2.ca_address_sk and
         c_first_sales_date_sk = d2.d_date_sk and
         c_first_shipto_date_sk = d3.d_date_sk and
         ss_promo_sk = p_promo_sk and
         hd1.hd_income_band_sk = ib1.ib_income_band_sk and
         hd2.hd_income_band_sk = ib2.ib_income_band_sk and
         cd1.cd_marital_status <> cd2.cd_marital_status and
         i_color in ('lemon','dodger','purple','indian','sandy','papaya') and
         i_current_price between 47 and 47 + 10 and
         i_current_price between 47 + 1 and 47 + 15
group by i_product_name
       ,i_item_sk
       ,s_store_name
       ,s_zip
       ,ad1.ca_street_number
       ,ad1.ca_street_name
       ,ad1.ca_city
       ,ad1.ca_zip
       ,ad2.ca_street_number
       ,ad2.ca_street_name
       ,ad2.ca_city
       ,ad2.ca_zip
       ,d1.d_year
       ,d2.d_year
       ,d3.d_year
)
select cs1.product_name
     ,cs1.store_name
     ,cs1.store_zip
     ,cs1.b_street_number
     ,cs1.b_street_name
     ,cs1.b_city
     ,cs1.b_zip
     ,cs1.c_street_number
     ,cs1.c_street_name
     ,cs1.c_city
     ,cs1.c_zip
     ,cs1.syear
     ,cs1.cnt
     ,cs1.s1 as s11
     ,cs1.s2 as s21
     ,cs1.s3 as s31
     ,cs2.s1 as s12
     ,cs2.s2 as s22
     ,cs2.s3 as s32
     ,cs2.syear
     ,cs2.cnt
from cross_sales cs1,cross_sales cs2
where cs1.item_sk=cs2.item_sk and
     cs1.syear = 2000 and
     cs2.syear = 2000 + 1 and
     cs2.cnt <= cs1.cnt and
     cs1.store_name = cs2.store_name and
     cs1.store_zip = cs2.store_zip
order by cs1.product_name
       ,cs1.store_name
       ,cs2.cnt
       ,cs1.s1
       ,cs2.s1;
Sort  (cost=71483.55..71483.56 rows=1 width=1166) (actual time=395.297..458.003 rows=13 loops=1)
  Sort Key: cs1.product_name, cs1.store_name, cs2.cnt, cs1.s1, cs2.s1
  Sort Method: quicksort  Memory: 28kB
  CTE cross_sales
    ->  GroupAggregate  (cost=71483.41..71483.48 rows=1 width=199) (actual time=394.456..457.295 rows=144 loops=1)
          Group Key: item.i_product_name, item.i_item_sk, store.s_store_name, store.s_zip, ad1.ca_street_number, ad1.ca_street_name, ad1.ca_city, ad1.ca_zip, ad2.ca_street_number, ad2.ca_street_name, ad2.ca_city, ad2.ca_zip, d1.d_year, d2.d_year, d3.d_year
          ->  Sort  (cost=71483.41..71483.42 rows=1 width=191) (actual time=394.449..457.159 rows=144 loops=1)
                Sort Key: item.i_product_name, item.i_item_sk, store.s_store_name, store.s_zip, ad1.ca_street_number, ad1.ca_street_name, ad1.ca_city, ad1.ca_zip, ad2.ca_street_number, ad2.ca_street_name, ad2.ca_city, ad2.ca_zip, d1.d_year, d2.d_year, d3.d_year
                Sort Method: quicksort  Memory: 58kB
                ->  Nested Loop  (cost=71348.54..71483.40 rows=1 width=191) (actual time=323.698..456.881 rows=144 loops=1)
                      ->  Nested Loop  (cost=71348.40..71483.25 rows=1 width=199) (actual time=323.695..456.712 rows=144 loops=1)
                            ->  Nested Loop  (cost=71348.11..71482.93 rows=1 width=167) (actual time=323.688..456.256 rows=144 loops=1)
                                  ->  Nested Loop  (cost=71347.97..71482.77 rows=1 width=175) (actual time=323.682..456.049 rows=144 loops=1)
                                        Join Filter: (cd1.cd_marital_status <> cd2.cd_marital_status)
                                        Rows Removed by Join Filter: 32
                                        ->  Nested Loop  (cost=71347.55..71482.02 rows=1 width=185) (actual time=323.673..455.217 rows=176 loops=1)
                                              ->  Nested Loop  (cost=71347.40..71481.85 rows=1 width=193) (actual time=323.666..454.923 rows=176 loops=1)
                                                    ->  Nested Loop  (cost=71347.11..71481.53 rows=1 width=197) (actual time=323.662..454.598 rows=176 loops=1)
                                                          ->  Nested Loop  (cost=71346.82..71481.23 rows=1 width=197) (actual time=323.623..454.235 rows=180 loops=1)
                                                                ->  Nested Loop  (cost=71346.53..71480.90 rows=1 width=201) (actual time=323.617..453.855 rows=189 loops=1)
                                                                      ->  Nested Loop  (cost=71346.24..71480.59 rows=1 width=169) (actual time=323.608..453.132 rows=189 loops=1)
                                                                            ->  Nested Loop  (cost=71345.96..71480.29 rows=1 width=169) (actual time=323.598..452.730 rows=190 loops=1)
                                                                                  ->  Nested Loop  (cost=71345.53..71479.83 rows=1 width=175) (actual time=323.587..451.850 rows=191 loops=1)
                                                                                        ->  Nested Loop  (cost=71345.39..71479.68 rows=1 width=167) (actual time=323.581..451.579 rows=191 loops=1)
                                                                                              ->  Nested Loop  (cost=71345.10..71479.37 rows=1 width=135) (actual time=323.571..450.973 rows=194 loops=1)
                                                                                                    ->  Nested Loop  (cost=71344.81..71479.06 rows=1 width=139) (actual time=323.561..450.588 rows=203 loops=1)
                                                                                                          Join Filter: (item.i_item_sk = store_sales.ss_item_sk)
                                                                                                          ->  Nested Loop  (cost=71344.38..71466.56 rows=16 width=83) (actual time=323.549..449.832 rows=203 loops=1)
                                                                                                                ->  Nested Loop  (cost=71343.96..71464.54 rows=1 width=67) (actual time=323.537..449.725 rows=11 loops=1)
                                                                                                                      ->  Finalize GroupAggregate  (cost=71343.67..71361.77 rows=47 width=24) (actual time=322.001..419.394 rows=17141 loops=1)
                                                                                                                            Group Key: catalog_sales.cs_item_sk
                                                                                                                            Filter: (sum(catalog_sales.cs_ext_list_price) > ('2'::double precision * sum(((catalog_returns.cr_refunded_cash + catalog_returns.cr_reversed_charge) + catalog_returns.cr_store_credit))))
                                                                                                                            Rows Removed by Filter: 725
                                                                                                                            ->  Gather Merge  (cost=71343.67..71358.77 rows=118 width=24) (actual time=321.995..410.716 rows=46623 loops=1)
                                                                                                                                  Workers Planned: 2
                                                                                                                                  Workers Launched: 2
                                                                                                                                  ->  Partial GroupAggregate  (cost=70343.65..70345.12 rows=59 width=24) (actual time=316.302..332.124 rows=15541 loops=3)
                                                                                                                                        Group Key: catalog_sales.cs_item_sk
                                                                                                                                        ->  Sort  (cost=70343.65..70343.79 rows=59 width=40) (actual time=316.291..321.140 rows=48102 loops=3)
                                                                                                                                              Sort Key: catalog_sales.cs_item_sk
                                                                                                                                              Sort Method: quicksort  Memory: 8216kB
                                                                                                                                              Worker 0:  Sort Method: quicksort  Memory: 4580kB
                                                                                                                                              Worker 1:  Sort Method: quicksort  Memory: 4551kB
                                                                                                                                              ->  Hash Join  (cost=7926.67..70341.91 rows=59 width=40) (actual time=82.213..303.620 rows=48102 loops=3)
                                                                                                                                                    Hash Cond: ((catalog_sales.cs_item_sk = catalog_returns.cr_item_sk) AND (catalog_sales.cs_order_number = catalog_returns.cr_order_number))
                                                                                                                                                    ->  Parallel Seq Scan on catalog_sales  (cost=0.00..59266.53 rows=599753 width=24) (actual time=0.016..75.820 rows=479804 loops=3)
                                                                                                                                                    ->  Hash  (cost=5762.07..5762.07 rows=144307 width=40) (actual time=81.444..81.445 rows=144307 loops=3)
                                                                                                                                                          Buckets: 262144  Batches: 1  Memory Usage: 12128kB
                                                                                                                                                          ->  Seq Scan on catalog_returns  (cost=0.00..5762.07 rows=144307 width=40) (actual time=0.023..52.014 rows=144307 loops=3)
                                                                                                                      ->  Index Scan using pk_item on item  (cost=0.29..2.17 rows=1 width=59) (actual time=0.002..0.002 rows=0 loops=17141)
                                                                                                                            Index Cond: (i_item_sk = catalog_sales.cs_item_sk)
                                                                                                                            Filter: ((i_current_price >= '47'::double precision) AND (i_current_price <= '57'::double precision) AND (i_current_price >= '48'::double precision) AND (i_current_price <= '62'::double precision) AND (i_color = ANY ('{lemon,dodger,purple,indian,sandy,papaya}'::bpchar[])))
                                                                                                                            Rows Removed by Filter: 1
                                                                                                                ->  Index Only Scan using pk_store_returns on store_returns  (cost=0.42..1.84 rows=18 width=16) (actual time=0.005..0.007 rows=18 loops=11)
                                                                                                                      Index Cond: (sr_item_sk = item.i_item_sk)
                                                                                                                      Heap Fetches: 0
                                                                                                          ->  Index Scan using pk_store_sales on store_sales  (cost=0.43..0.77 rows=1 width=96) (actual time=0.003..0.003 rows=1 loops=203)
                                                                                                                Index Cond: ((ss_item_sk = store_returns.sr_item_sk) AND (ss_ticket_number = store_returns.sr_ticket_number))
                                                                                                    ->  Index Scan using pk_date_dim on date_dim d1  (cost=0.29..0.31 rows=1 width=12) (actual time=0.001..0.001 rows=1 loops=203)
                                                                                                          Index Cond: (d_date_sk = store_sales.ss_sold_date_sk)
                                                                                              ->  Index Scan using pk_customer_address on customer_address ad1  (cost=0.29..0.31 rows=1 width=48) (actual time=0.003..0.003 rows=1 loops=194)
                                                                                                    Index Cond: (ca_address_sk = store_sales.ss_addr_sk)
                                                                                        ->  Index Scan using pk_store on store  (cost=0.14..0.15 rows=1 width=24) (actual time=0.001..0.001 rows=1 loops=191)
                                                                                              Index Cond: (s_store_sk = store_sales.ss_store_sk)
                                                                                  ->  Index Scan using pk_customer_demographics on customer_demographics cd1  (cost=0.43..0.46 rows=1 width=10) (actual time=0.004..0.004 rows=1 loops=191)
                                                                                        Index Cond: (cd_demo_sk = store_sales.ss_cdemo_sk)
                                                                            ->  Index Scan using pk_household_demographics on household_demographics hd1  (cost=0.28..0.30 rows=1 width=16) (actual time=0.002..0.002 rows=1 loops=190)
                                                                                  Index Cond: (hd_demo_sk = store_sales.ss_hdemo_sk)
                                                                      ->  Index Scan using pk_customer on customer  (cost=0.29..0.31 rows=1 width=48) (actual time=0.003..0.003 rows=1 loops=189)
                                                                            Index Cond: (c_customer_sk = store_sales.ss_customer_sk)
                                                                ->  Index Scan using pk_date_dim on date_dim d2  (cost=0.29..0.33 rows=1 width=12) (actual time=0.001..0.001 rows=1 loops=189)
                                                                      Index Cond: (d_date_sk = customer.c_first_sales_date_sk)
                                                          ->  Index Scan using pk_household_demographics on household_demographics hd2  (cost=0.28..0.30 rows=1 width=16) (actual time=0.002..0.002 rows=1 loops=180)
                                                                Index Cond: (hd_demo_sk = customer.c_current_hdemo_sk)
                                                    ->  Index Scan using pk_date_dim on date_dim d3  (cost=0.29..0.33 rows=1 width=12) (actual time=0.001..0.001 rows=1 loops=176)
                                                          Index Cond: (d_date_sk = customer.c_first_shipto_date_sk)
                                              ->  Index Only Scan using pk_promotion on promotion  (cost=0.15..0.17 rows=1 width=8) (actual time=0.001..0.001 rows=1 loops=176)
                                                    Index Cond: (p_promo_sk = store_sales.ss_promo_sk)
                                                    Heap Fetches: 176
                                        ->  Index Scan using pk_customer_demographics on customer_demographics cd2  (cost=0.43..0.74 rows=1 width=10) (actual time=0.004..0.004 rows=1 loops=176)
                                              Index Cond: (cd_demo_sk = customer.c_current_cdemo_sk)
                                  ->  Index Only Scan using pk_income_band on income_band ib1  (cost=0.14..0.16 rows=1 width=8) (actual time=0.001..0.001 rows=1 loops=144)
                                        Index Cond: (ib_income_band_sk = hd1.hd_income_band_sk)
                                        Heap Fetches: 144
                            ->  Index Scan using pk_customer_address on customer_address ad2  (cost=0.29..0.32 rows=1 width=48) (actual time=0.003..0.003 rows=1 loops=144)
                                  Index Cond: (ca_address_sk = customer.c_current_addr_sk)
                      ->  Index Only Scan using pk_income_band on income_band ib2  (cost=0.14..0.16 rows=1 width=8) (actual time=0.001..0.001 rows=1 loops=144)
                            Index Cond: (ib_income_band_sk = hd2.hd_income_band_sk)
                            Heap Fetches: 144
  ->  Nested Loop  (cost=0.00..0.07 rows=1 width=1166) (actual time=394.937..395.277 rows=13 loops=1)
        Join Filter: ((cs2.cnt <= cs1.cnt) AND (cs1.item_sk = cs2.item_sk) AND ((cs1.store_name)::text = (cs2.store_name)::text) AND (cs1.store_zip = cs2.store_zip))
        Rows Removed by Join Filter: 771
        ->  CTE Scan on cross_sales cs1  (cost=0.00..0.02 rows=1 width=1138) (actual time=394.468..394.485 rows=28 loops=1)
              Filter: (syear = 2000)
              Rows Removed by Filter: 116
        ->  CTE Scan on cross_sales cs2  (cost=0.00..0.02 rows=1 width=206) (actual time=0.008..0.026 rows=28 loops=28)
              Filter: (syear = 2001)
              Rows Removed by Filter: 116
                    product_name                    | store_name | store_zip  | b_street_number | b_street_name |     b_city     |   b_zip    | c_street_number |  c_street_name  |     c_city     |   c_zip    | syear | cnt |  s11  |  s21   |  s31   |  s12  |  s22   | s32 | syear | cnt 
----------------------------------------------------+------------+------------+-----------------+---------------+----------------+------------+-----------------+-----------------+----------------+------------+-------+-----+-------+--------+--------+-------+--------+-----+-------+-----
 oughtn stationoughtought                           | able       | 35709      | 723             | Cedar Cedar   | Oak Ridge      | 28371      | 6               | Cedar Maple     | Fairfield      | 46192      |  2000 |   1 | 93.83 | 160.44 | 376.38 | 60.17 |  80.62 |   0 |  2001 |   1
 oughtn stationoughtought                           | eing       | 35709      | 200             | East          | Forest Hills   | 49237      | 516             | Adams           | Lewisburg      | 37538      |  2000 |   1 |  3.37 |   4.41 |      0 | 20.34 |  40.06 |   0 |  2001 |   1
 oughtn stationoughtought                           | eing       | 35709      | 200             | East          | Forest Hills   | 49237      | 516             | Adams           | Lewisburg      | 37538      |  2000 |   1 |  3.37 |   4.41 |      0 | 66.39 |  99.58 |   0 |  2001 |   1
 oughtn stationoughtought                           | eing       | 35709      | 413             | Ridge         | Salem          | 38048      | 75              | Green Madison   | Harmony        | 95804      |  2000 |   1 | 73.24 |  86.42 |      0 | 20.34 |  40.06 |   0 |  2001 |   1
 oughtn stationoughtought                           | eing       | 35709      | 413             | Ridge         | Salem          | 38048      | 75              | Green Madison   | Harmony        | 95804      |  2000 |   1 | 73.24 |  86.42 |      0 | 66.39 |  99.58 |   0 |  2001 |   1
 oughtn stationoughtought                           | eing       | 35709      | 751             | First South   | Cedar Grove    | 70411      | 14              | 2nd Central     | Glenwood       | 63511      |  2000 |   1 | 99.45 | 186.96 |      0 | 20.34 |  40.06 |   0 |  2001 |   1
 oughtn stationoughtought                           | eing       | 35709      | 751             | First South   | Cedar Grove    | 70411      | 14              | 2nd Central     | Glenwood       | 63511      |  2000 |   1 | 99.45 | 186.96 |      0 | 66.39 |  99.58 |   0 |  2001 |   1
 pribarcallyese                                     | able       | 35709      | 596             | Walnut Park   | Lakeside       | 39532      | 556             | 7th Mill        | Pleasant Hill  | 63604      |  2000 |   1 | 34.15 |  66.25 |      0 |   5.7 |   5.75 |   0 |  2001 |   1
 pribarcallyese                                     | able       | 35709      | 694             | Elm Sycamore  | Riverdale      | 79391      | 809             | Poplar 1st      | Oakwood        | 10169      |  2000 |   1 | 44.98 |  56.22 |      0 |   5.7 |   5.75 |   0 |  2001 |   1
 pribarcallyese                                     | ation      | 31904      | 362             | 7th Smith     | Crossroads     | 60534      | 630             | Franklin Walnut | Franklin       | 09701      |  2000 |   1 | 17.68 |  31.47 |      0 | 47.15 |  93.82 |   0 |  2001 |   1
 pribarcallyese                                     | ation      | 31904      | 362             | 7th Smith     | Crossroads     | 60534      | 630             | Franklin Walnut | Franklin       | 09701      |  2000 |   1 | 17.68 |  31.47 |      0 | 66.17 | 128.36 |   0 |  2001 |   1
 pribarcallyese                                     | ation      | 31904      | 908             | Maple Oak     | Mount Pleasant | 81933      | 457             | Pine            | Mount Pleasant | 91933      |  2000 |   1 | 38.41 |  47.24 |      0 | 47.15 |  93.82 |   0 |  2001 |   1
 pribarcallyese                                     | ation      | 31904      | 908             | Maple Oak     | Mount Pleasant | 81933      | 457             | Pine            | Mount Pleasant | 91933      |  2000 |   1 | 38.41 |  47.24 |      0 | 66.17 | 128.36 |   0 |  2001 |   1
(13 rows)

UPDATE time_statistics SET e_time = TRANSACTION_TIMESTAMP() WHERE template = 'query64.tpl' AND stream = 3;
psql:/tmp/s1-basline/throughput/query_3.sql:3492: NOTICE:  duration: 0.065 ms  plan:
Query Text: UPDATE time_statistics SET e_time = TRANSACTION_TIMESTAMP() WHERE template = 'query64.tpl' AND stream = 3;
Update on time_statistics  (cost=0.00..10.30 rows=0 width=0) (actual time=0.064..0.065 rows=0 loops=1)
  ->  Seq Scan on time_statistics  (cost=0.00..10.30 rows=1 width=14) (actual time=0.051..0.051 rows=1 loops=1)
        Filter: ((template = 'query64.tpl'::text) AND (stream = 3))
        Rows Removed by Filter: 360
UPDATE 1
LOAD 'auto_explain'; SET auto_explain.log_min_duration TO 0; SET auto_explain.log_analyze TO on; SET auto_explain.log_level TO notice; INSERT INTO time_statistics (template, s_time, stream, query, seed) VALUES ('query15.tpl', TRANSACTION_TIMESTAMP(), 3, 73, 884158297);
LOAD
SET
SET
SET
psql:/tmp/s1-basline/throughput/query_3.sql:3493: NOTICE:  duration: 0.008 ms  plan:
Query Text: INSERT INTO time_statistics (template, s_time, stream, query, seed) VALUES ('query15.tpl', TRANSACTION_TIMESTAMP(), 3, 73, 884158297);
Insert on time_statistics  (cost=0.00..0.01 rows=0 width=0) (actual time=0.007..0.008 rows=0 loops=1)
  ->  Result  (cost=0.00..0.01 rows=1 width=64) (actual time=0.001..0.001 rows=1 loops=1)
INSERT 0 1
select  ca_zip
       ,sum(cs_sales_price)
 from catalog_sales
     ,customer
     ,customer_address
     ,date_dim
 where cs_bill_customer_sk = c_customer_sk
 	and c_current_addr_sk = ca_address_sk 
 	and ( substr(ca_zip,1,5) in ('85669', '86197','88274','83405','86475',
                                   '85392', '85460', '80348', '81792')
 	      or ca_state in ('CA','WA','GA')
 	      or cs_sales_price > 500)
 	and cs_sold_date_sk = d_date_sk
 	and d_qoy = 1 and d_year = 2000
 group by ca_zip
 order by ca_zip
 limit 100;
psql:/tmp/s1-basline/throughput/query_3.sql:3510: NOTICE:  duration: 158.407 ms  plan:
Query Text: select  ca_zip
       ,sum(cs_sales_price)
 from catalog_sales
     ,customer
     ,customer_address
     ,date_dim
 where cs_bill_customer_sk = c_customer_sk
 	and c_current_addr_sk = ca_address_sk 
 	and ( substr(ca_zip,1,5) in ('85669', '86197','88274','83405','86475',
                                   '85392', '85460', '80348', '81792')
 	      or ca_state in ('CA','WA','GA')
 	      or cs_sales_price > 500)
 	and cs_sold_date_sk = d_date_sk
 	and d_qoy = 1 and d_year = 2000
 group by ca_zip
 order by ca_zip
 limit 100;
Limit  (cost=8609.15..8610.90 rows=100 width=19) (actual time=157.985..158.373 rows=100 loops=1)
  ->  GroupAggregate  (cost=8609.15..8612.90 rows=214 width=19) (actual time=157.985..158.364 rows=100 loops=1)
        Group Key: customer_address.ca_zip
        ->  Sort  (cost=8609.15..8609.69 rows=214 width=19) (actual time=157.973..158.057 rows=1918 loops=1)
              Sort Key: customer_address.ca_zip
              Sort Method: quicksort  Memory: 302kB
              ->  Nested Loop  (cost=1.03..8600.87 rows=214 width=19) (actual time=4.558..156.047 rows=3303 loops=1)
                    Join Filter: ((substr((customer_address.ca_zip)::text, 1, 5) = ANY ('{85669,86197,88274,83405,86475,85392,85460,80348,81792}'::text[])) OR (customer_address.ca_state = ANY ('{CA,WA,GA}'::bpchar[])) OR (catalog_sales.cs_sales_price > '500'::double precision))
                    Rows Removed by Join Filter: 38486
                    ->  Nested Loop  (cost=0.72..7984.26 rows=1773 width=16) (actual time=4.472..81.798 rows=41789 loops=1)
                          ->  Nested Loop  (cost=0.43..7427.20 rows=1782 width=16) (actual time=4.468..26.606 rows=41881 loops=1)
                                ->  Seq Scan on date_dim  (cost=0.00..2500.73 rows=91 width=8) (actual time=4.457..9.632 rows=91 loops=1)
                                      Filter: ((d_qoy = 1) AND (d_year = 2000))
                                      Rows Removed by Filter: 72958
                                ->  Index Scan using i_cs_sold_date_sk on catalog_sales  (cost=0.43..46.32 rows=782 width=24) (actual time=0.004..0.110 rows=460 loops=91)
                                      Index Cond: (cs_sold_date_sk = date_dim.d_date_sk)
                          ->  Index Scan using pk_customer on customer  (cost=0.29..0.31 rows=1 width=16) (actual time=0.001..0.001 rows=1 loops=41881)
                                Index Cond: (c_customer_sk = catalog_sales.cs_bill_customer_sk)
                    ->  Index Scan using pk_customer_address on customer_address  (cost=0.29..0.32 rows=1 width=22) (actual time=0.001..0.001 rows=1 loops=41789)
                          Index Cond: (ca_address_sk = customer.c_current_addr_sk)
   ca_zip   |        sum         
------------+--------------------
 30059      |  966.7200000000001
 30150      |            1966.08
 30162      |  955.4100000000001
 30169      | 1068.6299999999999
 30191      |             624.64
 30193      |             842.27
 30344      | 452.78000000000003
 30369      |  587.9699999999999
 30399      |             339.15
 30408      |              788.3
 30492      | 346.45000000000005
 30499      |            1526.86
 30534      | 1824.4999999999998
 31087      |              65.93
 31289      |            1551.88
 31387      |             311.54
 31521      |            2476.49
 31675      |             326.02
 31711      | 1350.8000000000002
 31732      |             473.34
 31749      |              538.3
 31838      |              60.39
 31904      | 364.42999999999995
 31933      |            1455.88
 31944      |             510.85
 31952      |             750.99
 32477      |  559.0200000000001
 32629      |             582.29
 32686      | 184.02999999999997
 32808      |  625.1600000000001
 32812      | 1534.9500000000003
 32898      |             483.49
 33003      |  2162.109999999999
 33075      |             870.81
 33394      |  756.5100000000002
 33425      |             907.82
 33511      | 3614.9600000000014
 33604      |  782.6699999999998
 33683      |             998.31
 33788      |  940.3500000000001
 33824      |              90.88
 33951      | 1344.8000000000002
 34027      | 187.36999999999998
 34074      | 410.65999999999997
 34098      |            1528.95
 34107      |            2067.86
 34120      |             801.54
 34136      |             668.03
 34244      |             220.56
 34289      |            1392.85
 34338      |  775.7399999999999
 34466      |  918.0699999999999
 34536      | 290.75000000000006
 34593      |            1237.31
 34854      | 1949.1299999999999
 34975      |             1632.8
 35114      | 203.48000000000002
 35124      | 321.16999999999996
 35281      |             469.15
 35464      | 1114.0500000000002
 35752      |            1026.13
 35817      |             673.63
 36060      | 1459.3799999999999
 36098      | 1465.9900000000002
 36115      |              234.8
 36134      |              81.41
 36192      |  633.3800000000001
 36340      | 500.67999999999995
 36534      | 1751.5100000000002
 36549      | 419.84999999999997
 36668      |             649.79
 36787      |             903.07
 36867      |            1473.95
 36871      | 1178.6899999999998
 36971      |             675.34
 37021      |             429.25
 37057      |             282.66
 37683      |  618.0099999999999
 37752      | 1213.1499999999999
 37838      |            1469.05
 37896      |             565.87
 37997      |             189.25
 38014      | 1129.6999999999998
 38048      |             197.32
 38054      |  811.1299999999999
 38059      |  730.3100000000001
 38252      | 2568.8600000000006
 38354      |            2051.29
 38370      | 1156.5400000000002
 38371      |             803.55
 38482      | 1815.8299999999995
 38579      |             663.88
 38605      |  574.9100000000001
 38721      |  729.3699999999999
 38828      |  656.8700000000001
 38877      | 1534.6899999999991
 38883      |             872.18
 39003      |              496.5
 39101      | 1708.8600000000001
 39145      |             511.23
(100 rows)

UPDATE time_statistics SET e_time = TRANSACTION_TIMESTAMP() WHERE template = 'query15.tpl' AND stream = 3;
psql:/tmp/s1-basline/throughput/query_3.sql:3512: NOTICE:  duration: 0.078 ms  plan:
Query Text: UPDATE time_statistics SET e_time = TRANSACTION_TIMESTAMP() WHERE template = 'query15.tpl' AND stream = 3;
Update on time_statistics  (cost=0.00..10.30 rows=0 width=0) (actual time=0.077..0.077 rows=0 loops=1)
  ->  Seq Scan on time_statistics  (cost=0.00..10.30 rows=1 width=14) (actual time=0.060..0.060 rows=1 loops=1)
        Filter: ((template = 'query15.tpl'::text) AND (stream = 3))
        Rows Removed by Filter: 361
UPDATE 1
LOAD 'auto_explain'; SET auto_explain.log_min_duration TO 0; SET auto_explain.log_analyze TO on; SET auto_explain.log_level TO notice; INSERT INTO time_statistics (template, s_time, stream, query, seed) VALUES ('query25.tpl', TRANSACTION_TIMESTAMP(), 3, 74, 1623086731);
LOAD
SET
SET
SET
psql:/tmp/s1-basline/throughput/query_3.sql:3513: NOTICE:  duration: 0.008 ms  plan:
Query Text: INSERT INTO time_statistics (template, s_time, stream, query, seed) VALUES ('query25.tpl', TRANSACTION_TIMESTAMP(), 3, 74, 1623086731);
Insert on time_statistics  (cost=0.00..0.01 rows=0 width=0) (actual time=0.008..0.008 rows=0 loops=1)
  ->  Result  (cost=0.00..0.01 rows=1 width=64) (actual time=0.001..0.001 rows=1 loops=1)
INSERT 0 1
select  
 i_item_id
 ,i_item_desc
 ,s_store_id
 ,s_store_name
 ,min(ss_net_profit) as store_sales_profit
 ,min(sr_net_loss) as store_returns_loss
 ,min(cs_net_profit) as catalog_sales_profit
 from
 store_sales
 ,store_returns
 ,catalog_sales
 ,date_dim d1
 ,date_dim d2
 ,date_dim d3
 ,store
 ,item
 where
 d1.d_moy = 4
 and d1.d_year = 1999
 and d1.d_date_sk = ss_sold_date_sk
 and i_item_sk = ss_item_sk
 and s_store_sk = ss_store_sk
 and ss_customer_sk = sr_customer_sk
 and ss_item_sk = sr_item_sk
 and ss_ticket_number = sr_ticket_number
 and sr_returned_date_sk = d2.d_date_sk
 and d2.d_moy               between 4 and  10
 and d2.d_year              = 1999
 and sr_customer_sk = cs_bill_customer_sk
 and sr_item_sk = cs_item_sk
 and cs_sold_date_sk = d3.d_date_sk
 and d3.d_moy               between 4 and  10 
 and d3.d_year              = 1999
 group by
 i_item_id
 ,i_item_desc
 ,s_store_id
 ,s_store_name
 order by
 i_item_id
 ,i_item_desc
 ,s_store_id
 ,s_store_name
 limit 100;
psql:/tmp/s1-basline/throughput/query_3.sql:3558: NOTICE:  duration: 1805.376 ms  plan:
Query Text: select  
 i_item_id
 ,i_item_desc
 ,s_store_id
 ,s_store_name
 ,min(ss_net_profit) as store_sales_profit
 ,min(sr_net_loss) as store_returns_loss
 ,min(cs_net_profit) as catalog_sales_profit
 from
 store_sales
 ,store_returns
 ,catalog_sales
 ,date_dim d1
 ,date_dim d2
 ,date_dim d3
 ,store
 ,item
 where
 d1.d_moy = 4
 and d1.d_year = 1999
 and d1.d_date_sk = ss_sold_date_sk
 and i_item_sk = ss_item_sk
 and s_store_sk = ss_store_sk
 and ss_customer_sk = sr_customer_sk
 and ss_item_sk = sr_item_sk
 and ss_ticket_number = sr_ticket_number
 and sr_returned_date_sk = d2.d_date_sk
 and d2.d_moy               between 4 and  10
 and d2.d_year              = 1999
 and sr_customer_sk = cs_bill_customer_sk
 and sr_item_sk = cs_item_sk
 and cs_sold_date_sk = d3.d_date_sk
 and d3.d_moy               between 4 and  10 
 and d3.d_year              = 1999
 group by
 i_item_id
 ,i_item_desc
 ,s_store_id
 ,s_store_name
 order by
 i_item_id
 ,i_item_desc
 ,s_store_id
 ,s_store_name
 limit 100;
Limit  (cost=11560.51..11560.54 rows=1 width=165) (actual time=1805.360..1805.364 rows=1 loops=1)
  ->  GroupAggregate  (cost=11560.51..11560.54 rows=1 width=165) (actual time=1805.360..1805.363 rows=1 loops=1)
        Group Key: item.i_item_id, item.i_item_desc, store.s_store_id, store.s_store_name
        ->  Sort  (cost=11560.51..11560.51 rows=1 width=165) (actual time=1805.350..1805.353 rows=1 loops=1)
              Sort Key: item.i_item_id, item.i_item_desc, store.s_store_id, store.s_store_name
              Sort Method: quicksort  Memory: 25kB
              ->  Nested Loop  (cost=2.15..11560.50 rows=1 width=165) (actual time=1193.767..1805.341 rows=1 loops=1)
                    ->  Nested Loop  (cost=1.86..11560.19 rows=1 width=70) (actual time=1193.759..1805.332 rows=1 loops=1)
                          Join Filter: (store_sales.ss_store_sk = store.s_store_sk)
                          Rows Removed by Join Filter: 9
                          ->  Nested Loop  (cost=1.86..11558.92 rows=1 width=56) (actual time=1193.748..1805.321 rows=1 loops=1)
                                ->  Nested Loop  (cost=1.57..11558.60 rows=1 width=64) (actual time=381.582..1805.308 rows=2 loops=1)
                                      ->  Nested Loop  (cost=1.28..11558.29 rows=1 width=72) (actual time=213.402..1805.183 rows=20 loops=1)
                                            ->  Nested Loop  (cost=0.85..11556.07 rows=1 width=64) (actual time=4.588..153.988 rows=19246 loops=1)
                                                  ->  Nested Loop  (cost=0.42..10928.17 rows=804 width=32) (actual time=4.578..41.641 rows=26204 loops=1)
                                                        ->  Seq Scan on date_dim d2  (cost=0.00..2683.36 rows=212 width=8) (actual time=4.568..9.718 rows=214 loops=1)
                                                              Filter: ((d_moy >= 4) AND (d_moy <= 10) AND (d_year = 1999))
                                                              Rows Removed by Filter: 72835
                                                        ->  Index Scan using i_sr_returned_date_sk on store_returns  (cost=0.42..37.49 rows=140 width=40) (actual time=0.003..0.116 rows=122 loops=214)
                                                              Index Cond: (sr_returned_date_sk = d2.d_date_sk)
                                                  ->  Index Scan using pk_store_sales on store_sales  (cost=0.43..0.77 rows=1 width=48) (actual time=0.004..0.004 rows=1 loops=26204)
                                                        Index Cond: ((ss_item_sk = store_returns.sr_item_sk) AND (ss_ticket_number = store_returns.sr_ticket_number))
                                                        Filter: (store_returns.sr_customer_sk = ss_customer_sk)
                                                        Rows Removed by Filter: 0
                                            ->  Index Scan using pk_catalog_sales on catalog_sales  (cost=0.43..2.21 rows=1 width=32) (actual time=0.086..0.086 rows=0 loops=19246)
                                                  Index Cond: (cs_item_sk = store_sales.ss_item_sk)
                                                  Filter: (store_sales.ss_customer_sk = cs_bill_customer_sk)
                                                  Rows Removed by Filter: 107
                                      ->  Index Scan using pk_date_dim on date_dim d1  (cost=0.29..0.32 rows=1 width=8) (actual time=0.005..0.005 rows=0 loops=20)
                                            Index Cond: (d_date_sk = store_sales.ss_sold_date_sk)
                                            Filter: ((d_moy = 4) AND (d_year = 1999))
                                            Rows Removed by Filter: 1
                                ->  Index Scan using pk_date_dim on date_dim d3  (cost=0.29..0.32 rows=1 width=8) (actual time=0.004..0.004 rows=0 loops=2)
                                      Index Cond: (d_date_sk = catalog_sales.cs_sold_date_sk)
                                      Filter: ((d_moy >= 4) AND (d_moy <= 10) AND (d_year = 1999))
                                      Rows Removed by Filter: 0
                          ->  Seq Scan on store  (cost=0.00..1.12 rows=12 width=30) (actual time=0.007..0.007 rows=10 loops=1)
                    ->  Index Scan using pk_item on item  (cost=0.29..0.31 rows=1 width=127) (actual time=0.006..0.006 rows=1 loops=1)
                          Index Cond: (i_item_sk = store_sales.ss_item_sk)
    i_item_id     |                                                 i_item_desc                                                 |    s_store_id    | s_store_name | store_sales_profit | store_returns_loss | catalog_sales_profit 
------------------+-------------------------------------------------------------------------------------------------------------+------------------+--------------+--------------------+--------------------+----------------------
 AAAAAAAAOIICAAAA | Sure tired hours go generally subjects. Possible, high politicians help sometimes black, british computers. | AAAAAAAAKAAAAAAA | bar          |             -327.6 |             107.23 |               498.56
(1 row)

UPDATE time_statistics SET e_time = TRANSACTION_TIMESTAMP() WHERE template = 'query25.tpl' AND stream = 3;
psql:/tmp/s1-basline/throughput/query_3.sql:3560: NOTICE:  duration: 0.065 ms  plan:
Query Text: UPDATE time_statistics SET e_time = TRANSACTION_TIMESTAMP() WHERE template = 'query25.tpl' AND stream = 3;
Update on time_statistics  (cost=0.00..10.30 rows=0 width=0) (actual time=0.064..0.064 rows=0 loops=1)
  ->  Seq Scan on time_statistics  (cost=0.00..10.30 rows=1 width=14) (actual time=0.050..0.050 rows=1 loops=1)
        Filter: ((template = 'query25.tpl'::text) AND (stream = 3))
        Rows Removed by Filter: 362
UPDATE 1
LOAD 'auto_explain'; SET auto_explain.log_min_duration TO 0; SET auto_explain.log_analyze TO on; SET auto_explain.log_level TO notice; INSERT INTO time_statistics (template, s_time, stream, query, seed) VALUES ('query93.tpl', TRANSACTION_TIMESTAMP(), 3, 75, 1881403723);
LOAD
SET
SET
SET
psql:/tmp/s1-basline/throughput/query_3.sql:3561: NOTICE:  duration: 0.009 ms  plan:
Query Text: INSERT INTO time_statistics (template, s_time, stream, query, seed) VALUES ('query93.tpl', TRANSACTION_TIMESTAMP(), 3, 75, 1881403723);
Insert on time_statistics  (cost=0.00..0.01 rows=0 width=0) (actual time=0.008..0.008 rows=0 loops=1)
  ->  Result  (cost=0.00..0.01 rows=1 width=64) (actual time=0.001..0.002 rows=1 loops=1)
INSERT 0 1
select  ss_customer_sk
            ,sum(act_sales) sumsales
      from (select ss_item_sk
                  ,ss_ticket_number
                  ,ss_customer_sk
                  ,case when sr_return_quantity is not null then (ss_quantity-sr_return_quantity)*ss_sales_price
                                                            else (ss_quantity*ss_sales_price) end act_sales
            from store_sales left outer join store_returns on (sr_item_sk = ss_item_sk
                                                               and sr_ticket_number = ss_ticket_number)
                ,reason
            where sr_reason_sk = r_reason_sk
              and r_reason_desc = 'reason 74') t
      group by ss_customer_sk
      order by sumsales, ss_customer_sk
limit 100;
psql:/tmp/s1-basline/throughput/query_3.sql:3576: NOTICE:  duration: 0.023 ms  plan:
Query Text: select  ss_customer_sk
            ,sum(act_sales) sumsales
      from (select ss_item_sk
                  ,ss_ticket_number
                  ,ss_customer_sk
                  ,case when sr_return_quantity is not null then (ss_quantity-sr_return_quantity)*ss_sales_price
                                                            else (ss_quantity*ss_sales_price) end act_sales
            from store_sales left outer join store_returns on (sr_item_sk = ss_item_sk
                                                               and sr_ticket_number = ss_ticket_number)
                ,reason
            where sr_reason_sk = r_reason_sk
              and r_reason_desc = 'reason 74') t
      group by ss_customer_sk
      order by sumsales, ss_customer_sk
limit 100;
Limit  (cost=16331.05..16331.08 rows=10 width=16) (actual time=0.020..0.021 rows=0 loops=1)
  ->  Sort  (cost=16331.05..16331.08 rows=10 width=16) (actual time=0.020..0.021 rows=0 loops=1)
        Sort Key: (sum(CASE WHEN (store_returns.sr_return_quantity IS NOT NULL) THEN (((store_sales.ss_quantity - store_returns.sr_return_quantity))::double precision * store_sales.ss_sales_price) ELSE ((store_sales.ss_quantity)::double precision * store_sales.ss_sales_price) END)), store_sales.ss_customer_sk
        Sort Method: quicksort  Memory: 25kB
        ->  GroupAggregate  (cost=16330.59..16330.89 rows=10 width=16) (actual time=0.016..0.017 rows=0 loops=1)
              Group Key: store_sales.ss_customer_sk
              ->  Sort  (cost=16330.59..16330.61 rows=10 width=24) (actual time=0.016..0.017 rows=0 loops=1)
                    Sort Key: store_sales.ss_customer_sk
                    Sort Method: quicksort  Memory: 25kB
                    ->  Nested Loop  (cost=1.88..16330.42 rows=10 width=24) (actual time=0.015..0.016 rows=0 loops=1)
                          ->  Hash Join  (cost=1.45..10237.21 rows=7929 width=20) (actual time=0.015..0.016 rows=0 loops=1)
                                Hash Cond: (store_returns.sr_reason_sk = reason.r_reason_sk)
                                ->  Seq Scan on store_returns  (cost=0.00..9393.72 rows=287172 width=28) (actual time=0.003..0.003 rows=1 loops=1)
                                ->  Hash  (cost=1.44..1.44 rows=1 width=8) (actual time=0.009..0.009 rows=0 loops=1)
                                      Buckets: 1024  Batches: 1  Memory Usage: 8kB
                                      ->  Seq Scan on reason  (cost=0.00..1.44 rows=1 width=8) (actual time=0.009..0.009 rows=0 loops=1)
                                            Filter: (r_reason_desc = 'reason 74'::bpchar)
                                            Rows Removed by Filter: 35
                          ->  Index Scan using pk_store_sales on store_sales  (cost=0.43..0.77 rows=1 width=36) (never executed)
                                Index Cond: ((ss_item_sk = store_returns.sr_item_sk) AND (ss_ticket_number = store_returns.sr_ticket_number))
 ss_customer_sk | sumsales 
----------------+----------
(0 rows)

UPDATE time_statistics SET e_time = TRANSACTION_TIMESTAMP() WHERE template = 'query93.tpl' AND stream = 3;
psql:/tmp/s1-basline/throughput/query_3.sql:3578: NOTICE:  duration: 0.051 ms  plan:
Query Text: UPDATE time_statistics SET e_time = TRANSACTION_TIMESTAMP() WHERE template = 'query93.tpl' AND stream = 3;
Update on time_statistics  (cost=0.00..10.30 rows=0 width=0) (actual time=0.051..0.051 rows=0 loops=1)
  ->  Seq Scan on time_statistics  (cost=0.00..10.30 rows=1 width=14) (actual time=0.039..0.040 rows=1 loops=1)
        Filter: ((template = 'query93.tpl'::text) AND (stream = 3))
        Rows Removed by Filter: 363
UPDATE 1
LOAD 'auto_explain'; SET auto_explain.log_min_duration TO 0; SET auto_explain.log_analyze TO on; SET auto_explain.log_level TO notice; INSERT INTO time_statistics (template, s_time, stream, query, seed) VALUES ('query9.tpl', TRANSACTION_TIMESTAMP(), 3, 76, 1836093796);
LOAD
SET
SET
SET
psql:/tmp/s1-basline/throughput/query_3.sql:3579: NOTICE:  duration: 0.007 ms  plan:
Query Text: INSERT INTO time_statistics (template, s_time, stream, query, seed) VALUES ('query9.tpl', TRANSACTION_TIMESTAMP(), 3, 76, 1836093796);
Insert on time_statistics  (cost=0.00..0.01 rows=0 width=0) (actual time=0.006..0.006 rows=0 loops=1)
  ->  Result  (cost=0.00..0.01 rows=1 width=64) (actual time=0.001..0.001 rows=1 loops=1)
INSERT 0 1
select case when (select count(*) 
                  from store_sales 
                  where ss_quantity between 1 and 20) > 47590
            then (select avg(ss_ext_discount_amt) 
                  from store_sales 
                  where ss_quantity between 1 and 20) 
            else (select avg(ss_net_profit)
                  from store_sales
                  where ss_quantity between 1 and 20) end bucket1 ,
       case when (select count(*)
                  from store_sales
                  where ss_quantity between 21 and 40) > 43946
            then (select avg(ss_ext_discount_amt)
                  from store_sales
                  where ss_quantity between 21 and 40) 
            else (select avg(ss_net_profit)
                  from store_sales
                  where ss_quantity between 21 and 40) end bucket2,
       case when (select count(*)
                  from store_sales
                  where ss_quantity between 41 and 60) > 6866
            then (select avg(ss_ext_discount_amt)
                  from store_sales
                  where ss_quantity between 41 and 60)
            else (select avg(ss_net_profit)
                  from store_sales
                  where ss_quantity between 41 and 60) end bucket3,
       case when (select count(*)
                  from store_sales
                  where ss_quantity between 61 and 80) > 26858
            then (select avg(ss_ext_discount_amt)
                  from store_sales
                  where ss_quantity between 61 and 80)
            else (select avg(ss_net_profit)
                  from store_sales
                  where ss_quantity between 61 and 80) end bucket4,
       case when (select count(*)
                  from store_sales
                  where ss_quantity between 81 and 100) > 12766
            then (select avg(ss_ext_discount_amt)
                  from store_sales
                  where ss_quantity between 81 and 100)
            else (select avg(ss_net_profit)
                  from store_sales
                  where ss_quantity between 81 and 100) end bucket5
from reason
where r_reason_sk = 1
;
psql:/tmp/s1-basline/throughput/query_3.sql:3627: NOTICE:  duration: 2216.906 ms  plan:
Query Text: select case when (select count(*) 
                  from store_sales 
                  where ss_quantity between 1 and 20) > 47590
            then (select avg(ss_ext_discount_amt) 
                  from store_sales 
                  where ss_quantity between 1 and 20) 
            else (select avg(ss_net_profit)
                  from store_sales
                  where ss_quantity between 1 and 20) end bucket1 ,
       case when (select count(*)
                  from store_sales
                  where ss_quantity between 21 and 40) > 43946
            then (select avg(ss_ext_discount_amt)
                  from store_sales
                  where ss_quantity between 21 and 40) 
            else (select avg(ss_net_profit)
                  from store_sales
                  where ss_quantity between 21 and 40) end bucket2,
       case when (select count(*)
                  from store_sales
                  where ss_quantity between 41 and 60) > 6866
            then (select avg(ss_ext_discount_amt)
                  from store_sales
                  where ss_quantity between 41 and 60)
            else (select avg(ss_net_profit)
                  from store_sales
                  where ss_quantity between 41 and 60) end bucket3,
       case when (select count(*)
                  from store_sales
                  where ss_quantity between 61 and 80) > 26858
            then (select avg(ss_ext_discount_amt)
                  from store_sales
                  where ss_quantity between 61 and 80)
            else (select avg(ss_net_profit)
                  from store_sales
                  where ss_quantity between 61 and 80) end bucket4,
       case when (select count(*)
                  from store_sales
                  where ss_quantity between 81 and 100) > 12766
            then (select avg(ss_ext_discount_amt)
                  from store_sales
                  where ss_quantity between 81 and 100)
            else (select avg(ss_net_profit)
                  from store_sales
                  where ss_quantity between 81 and 100) end bucket5
from reason
where r_reason_sk = 1
;
Seq Scan on reason  (cost=1390366.58..1390368.03 rows=1 width=40) (actual time=2146.200..2216.897 rows=1 loops=1)
  Filter: (r_reason_sk = 1)
  Rows Removed by Filter: 34
  InitPlan 1 (returns $1)
    ->  Finalize Aggregate  (cost=92696.93..92696.94 rows=1 width=8) (actual time=209.410..209.538 rows=1 loops=1)
          ->  Gather  (cost=92696.72..92696.93 rows=2 width=8) (actual time=209.310..209.533 rows=3 loops=1)
                Workers Planned: 2
                Workers Launched: 2
                ->  Partial Aggregate  (cost=91696.72..91696.73 rows=1 width=8) (actual time=205.473..205.474 rows=1 loops=3)
                      ->  Parallel Seq Scan on store_sales  (cost=0.00..91119.23 rows=230996 width=0) (actual time=0.019..197.639 rows=183234 loops=3)
                            Filter: ((ss_quantity >= 1) AND (ss_quantity <= 20))
                            Rows Removed by Filter: 776075
  InitPlan 2 (returns $3)
    ->  Finalize Aggregate  (cost=92696.93..92696.94 rows=1 width=8) (actual time=218.827..218.901 rows=1 loops=1)
          ->  Gather  (cost=92696.72..92696.93 rows=2 width=32) (actual time=218.728..218.893 rows=3 loops=1)
                Workers Planned: 2
                Workers Launched: 2
                ->  Partial Aggregate  (cost=91696.72..91696.73 rows=1 width=32) (actual time=214.466..214.468 rows=1 loops=3)
                      ->  Parallel Seq Scan on store_sales store_sales_1  (cost=0.00..91119.23 rows=230996 width=8) (actual time=0.020..198.821 rows=183234 loops=3)
                            Filter: ((ss_quantity >= 1) AND (ss_quantity <= 20))
                            Rows Removed by Filter: 776075
  InitPlan 3 (returns $5)
    ->  Finalize Aggregate  (cost=92696.93..92696.94 rows=1 width=8) (never executed)
          ->  Gather  (cost=92696.72..92696.93 rows=2 width=32) (never executed)
                Workers Planned: 2
                Workers Launched: 0
                ->  Partial Aggregate  (cost=91696.72..91696.73 rows=1 width=32) (never executed)
                      ->  Parallel Seq Scan on store_sales store_sales_2  (cost=0.00..91119.23 rows=230996 width=8) (never executed)
                            Filter: ((ss_quantity >= 1) AND (ss_quantity <= 20))
  InitPlan 4 (returns $7)
    ->  Finalize Aggregate  (cost=92703.62..92703.63 rows=1 width=8) (actual time=211.881..211.952 rows=1 loops=1)
          ->  Gather  (cost=92703.41..92703.62 rows=2 width=8) (actual time=211.775..211.945 rows=3 loops=1)
                Workers Planned: 2
                Workers Launched: 2
                ->  Partial Aggregate  (cost=91703.41..91703.42 rows=1 width=8) (actual time=207.546..207.547 rows=1 loops=3)
                      ->  Parallel Seq Scan on store_sales store_sales_3  (cost=0.00..91119.23 rows=233674 width=0) (actual time=0.019..199.791 rows=183388 loops=3)
                            Filter: ((ss_quantity >= 21) AND (ss_quantity <= 40))
                            Rows Removed by Filter: 775921
  InitPlan 5 (returns $9)
    ->  Finalize Aggregate  (cost=92703.63..92703.64 rows=1 width=8) (actual time=220.069..220.137 rows=1 loops=1)
          ->  Gather  (cost=92703.41..92703.62 rows=2 width=32) (actual time=219.976..220.130 rows=3 loops=1)
                Workers Planned: 2
                Workers Launched: 2
                ->  Partial Aggregate  (cost=91703.41..91703.42 rows=1 width=32) (actual time=216.056..216.057 rows=1 loops=3)
                      ->  Parallel Seq Scan on store_sales store_sales_4  (cost=0.00..91119.23 rows=233674 width=8) (actual time=0.018..200.357 rows=183388 loops=3)
                            Filter: ((ss_quantity >= 21) AND (ss_quantity <= 40))
                            Rows Removed by Filter: 775921
  InitPlan 6 (returns $11)
    ->  Finalize Aggregate  (cost=92703.63..92703.64 rows=1 width=8) (never executed)
          ->  Gather  (cost=92703.41..92703.62 rows=2 width=32) (never executed)
                Workers Planned: 2
                Workers Launched: 0
                ->  Partial Aggregate  (cost=91703.41..91703.42 rows=1 width=32) (never executed)
                      ->  Parallel Seq Scan on store_sales store_sales_5  (cost=0.00..91119.23 rows=233674 width=8) (never executed)
                            Filter: ((ss_quantity >= 21) AND (ss_quantity <= 40))
  InitPlan 7 (returns $13)
    ->  Finalize Aggregate  (cost=92690.74..92690.74 rows=1 width=8) (actual time=212.927..212.985 rows=1 loops=1)
          ->  Gather  (cost=92690.52..92690.73 rows=2 width=8) (actual time=212.822..212.979 rows=3 loops=1)
                Workers Planned: 2
                Workers Launched: 2
                ->  Partial Aggregate  (cost=91690.52..91690.53 rows=1 width=8) (actual time=208.545..208.546 rows=1 loops=3)
                      ->  Parallel Seq Scan on store_sales store_sales_6  (cost=0.00..91119.23 rows=228518 width=0) (actual time=0.019..200.790 rows=183520 loops=3)
                            Filter: ((ss_quantity >= 41) AND (ss_quantity <= 60))
                            Rows Removed by Filter: 775789
  InitPlan 8 (returns $15)
    ->  Finalize Aggregate  (cost=92690.74..92690.75 rows=1 width=8) (actual time=220.684..220.737 rows=1 loops=1)
          ->  Gather  (cost=92690.52..92690.73 rows=2 width=32) (actual time=220.580..220.729 rows=3 loops=1)
                Workers Planned: 2
                Workers Launched: 2
                ->  Partial Aggregate  (cost=91690.52..91690.53 rows=1 width=32) (actual time=216.291..216.292 rows=1 loops=3)
                      ->  Parallel Seq Scan on store_sales store_sales_7  (cost=0.00..91119.23 rows=228518 width=8) (actual time=0.020..200.606 rows=183520 loops=3)
                            Filter: ((ss_quantity >= 41) AND (ss_quantity <= 60))
                            Rows Removed by Filter: 775789
  InitPlan 9 (returns $17)
    ->  Finalize Aggregate  (cost=92690.74..92690.75 rows=1 width=8) (never executed)
          ->  Gather  (cost=92690.52..92690.73 rows=2 width=32) (never executed)
                Workers Planned: 2
                Workers Launched: 0
                ->  Partial Aggregate  (cost=91690.52..91690.53 rows=1 width=32) (never executed)
                      ->  Parallel Seq Scan on store_sales store_sales_8  (cost=0.00..91119.23 rows=228518 width=8) (never executed)
                            Filter: ((ss_quantity >= 41) AND (ss_quantity <= 60))
  InitPlan 10 (returns $19)
    ->  Finalize Aggregate  (cost=92671.75..92671.76 rows=1 width=8) (actual time=212.298..212.359 rows=1 loops=1)
          ->  Gather  (cost=92671.53..92671.74 rows=2 width=8) (actual time=212.193..212.354 rows=3 loops=1)
                Workers Planned: 2
                Workers Launched: 2
                ->  Partial Aggregate  (cost=91671.53..91671.54 rows=1 width=8) (actual time=208.038..208.039 rows=1 loops=3)
                      ->  Parallel Seq Scan on store_sales store_sales_9  (cost=0.00..91119.23 rows=220923 width=0) (actual time=0.018..200.262 rows=182983 loops=3)
                            Filter: ((ss_quantity >= 61) AND (ss_quantity <= 80))
                            Rows Removed by Filter: 776326
  InitPlan 11 (returns $21)
    ->  Finalize Aggregate  (cost=92671.75..92671.76 rows=1 width=8) (actual time=219.203..219.257 rows=1 loops=1)
          ->  Gather  (cost=92671.53..92671.74 rows=2 width=32) (actual time=219.107..219.250 rows=3 loops=1)
                Workers Planned: 2
                Workers Launched: 2
                ->  Partial Aggregate  (cost=91671.53..91671.54 rows=1 width=32) (actual time=214.998..214.999 rows=1 loops=3)
                      ->  Parallel Seq Scan on store_sales store_sales_10  (cost=0.00..91119.23 rows=220923 width=8) (actual time=0.019..199.379 rows=182983 loops=3)
                            Filter: ((ss_quantity >= 61) AND (ss_quantity <= 80))
                            Rows Removed by Filter: 776326
  InitPlan 12 (returns $23)
    ->  Finalize Aggregate  (cost=92671.75..92671.76 rows=1 width=8) (never executed)
          ->  Gather  (cost=92671.53..92671.74 rows=2 width=32) (never executed)
                Workers Planned: 2
                Workers Launched: 0
                ->  Partial Aggregate  (cost=91671.53..91671.54 rows=1 width=32) (never executed)
                      ->  Parallel Seq Scan on store_sales store_sales_11  (cost=0.00..91119.23 rows=220923 width=8) (never executed)
                            Filter: ((ss_quantity >= 61) AND (ss_quantity <= 80))
  InitPlan 13 (returns $25)
    ->  Finalize Aggregate  (cost=92692.43..92692.44 rows=1 width=8) (actual time=206.586..206.640 rows=1 loops=1)
          ->  Gather  (cost=92692.22..92692.43 rows=2 width=8) (actual time=206.480..206.634 rows=3 loops=1)
                Workers Planned: 2
                Workers Launched: 2
                ->  Partial Aggregate  (cost=91692.22..91692.23 rows=1 width=8) (actual time=202.422..202.423 rows=1 loops=3)
                      ->  Parallel Seq Scan on store_sales store_sales_12  (cost=0.00..91119.23 rows=229197 width=0) (actual time=0.018..194.552 rows=182937 loops=3)
                            Filter: ((ss_quantity >= 81) AND (ss_quantity <= 100))
                            Rows Removed by Filter: 776373
  InitPlan 14 (returns $27)
    ->  Finalize Aggregate  (cost=92692.43..92692.44 rows=1 width=8) (actual time=214.293..284.358 rows=1 loops=1)
          ->  Gather  (cost=92692.22..92692.43 rows=2 width=32) (actual time=214.196..284.351 rows=3 loops=1)
                Workers Planned: 2
                Workers Launched: 2
                ->  Partial Aggregate  (cost=91692.22..91692.23 rows=1 width=32) (actual time=210.072..210.073 rows=1 loops=3)
                      ->  Parallel Seq Scan on store_sales store_sales_13  (cost=0.00..91119.23 rows=229197 width=8) (actual time=0.018..194.395 rows=182937 loops=3)
                            Filter: ((ss_quantity >= 81) AND (ss_quantity <= 100))
                            Rows Removed by Filter: 776373
  InitPlan 15 (returns $29)
    ->  Finalize Aggregate  (cost=92692.43..92692.44 rows=1 width=8) (never executed)
          ->  Gather  (cost=92692.22..92692.43 rows=2 width=32) (never executed)
                Workers Planned: 2
                Workers Launched: 0
                ->  Partial Aggregate  (cost=91692.22..91692.23 rows=1 width=32) (never executed)
                      ->  Parallel Seq Scan on store_sales store_sales_14  (cost=0.00..91119.23 rows=229197 width=8) (never executed)
                            Filter: ((ss_quantity >= 81) AND (ss_quantity <= 100))
      bucket1       |      bucket2       |      bucket3       |      bucket4       |      bucket5      
--------------------+--------------------+--------------------+--------------------+-------------------
 39.629573027178466 | 115.23590570437864 | 189.96418686466507 | 267.42240513107635 | 342.4139288986075
(1 row)

UPDATE time_statistics SET e_time = TRANSACTION_TIMESTAMP() WHERE template = 'query9.tpl' AND stream = 3;
psql:/tmp/s1-basline/throughput/query_3.sql:3629: NOTICE:  duration: 0.066 ms  plan:
Query Text: UPDATE time_statistics SET e_time = TRANSACTION_TIMESTAMP() WHERE template = 'query9.tpl' AND stream = 3;
Update on time_statistics  (cost=0.00..10.30 rows=0 width=0) (actual time=0.065..0.065 rows=0 loops=1)
  ->  Seq Scan on time_statistics  (cost=0.00..10.30 rows=1 width=14) (actual time=0.028..0.050 rows=1 loops=1)
        Filter: ((template = 'query9.tpl'::text) AND (stream = 3))
        Rows Removed by Filter: 364
UPDATE 1
LOAD 'auto_explain'; SET auto_explain.log_min_duration TO 0; SET auto_explain.log_analyze TO on; SET auto_explain.log_level TO notice; INSERT INTO time_statistics (template, s_time, stream, query, seed) VALUES ('query65.tpl', TRANSACTION_TIMESTAMP(), 3, 77, 2035905629);
LOAD
SET
SET
SET
psql:/tmp/s1-basline/throughput/query_3.sql:3630: NOTICE:  duration: 0.008 ms  plan:
Query Text: INSERT INTO time_statistics (template, s_time, stream, query, seed) VALUES ('query65.tpl', TRANSACTION_TIMESTAMP(), 3, 77, 2035905629);
Insert on time_statistics  (cost=0.00..0.01 rows=0 width=0) (actual time=0.008..0.008 rows=0 loops=1)
  ->  Result  (cost=0.00..0.01 rows=1 width=64) (actual time=0.001..0.001 rows=1 loops=1)
INSERT 0 1
select 
	s_store_name,
	i_item_desc,
	sc.revenue,
	i_current_price,
	i_wholesale_cost,
	i_brand
 from store, item,
     (select ss_store_sk, avg(revenue) as ave
 	from
 	    (select  ss_store_sk, ss_item_sk, 
 		     sum(ss_sales_price) as revenue
 		from store_sales, date_dim
 		where ss_sold_date_sk = d_date_sk and d_month_seq between 1199 and 1199+11
 		group by ss_store_sk, ss_item_sk) sa
 	group by ss_store_sk) sb,
     (select  ss_store_sk, ss_item_sk, sum(ss_sales_price) as revenue
 	from store_sales, date_dim
 	where ss_sold_date_sk = d_date_sk and d_month_seq between 1199 and 1199+11
 	group by ss_store_sk, ss_item_sk) sc
 where sb.ss_store_sk = sc.ss_store_sk and 
       sc.revenue <= 0.1 * sb.ave and
       s_store_sk = sc.ss_store_sk and
       i_item_sk = sc.ss_item_sk
 order by s_store_name, i_item_desc
limit 100;
psql:/tmp/s1-basline/throughput/query_3.sql:3656: NOTICE:  duration: 1089.046 ms  plan:
Query Text: select 
	s_store_name,
	i_item_desc,
	sc.revenue,
	i_current_price,
	i_wholesale_cost,
	i_brand
 from store, item,
     (select ss_store_sk, avg(revenue) as ave
 	from
 	    (select  ss_store_sk, ss_item_sk, 
 		     sum(ss_sales_price) as revenue
 		from store_sales, date_dim
 		where ss_sold_date_sk = d_date_sk and d_month_seq between 1199 and 1199+11
 		group by ss_store_sk, ss_item_sk) sa
 	group by ss_store_sk) sb,
     (select  ss_store_sk, ss_item_sk, sum(ss_sales_price) as revenue
 	from store_sales, date_dim
 	where ss_sold_date_sk = d_date_sk and d_month_seq between 1199 and 1199+11
 	group by ss_store_sk, ss_item_sk) sc
 where sb.ss_store_sk = sc.ss_store_sk and 
       sc.revenue <= 0.1 * sb.ave and
       s_store_sk = sc.ss_store_sk and
       i_item_sk = sc.ss_item_sk
 order by s_store_name, i_item_desc
limit 100;
Limit  (cost=187895.63..187895.88 rows=100 width=182) (actual time=1014.317..1088.961 rows=100 loops=1)
  ->  Sort  (cost=187895.63..187896.29 rows=262 width=182) (actual time=1014.317..1088.953 rows=100 loops=1)
        Sort Key: store.s_store_name, item.i_item_desc
        Sort Method: top-N heapsort  Memory: 77kB
        ->  Nested Loop  (cost=184232.25..187885.62 rows=262 width=182) (actual time=808.872..1086.829 rows=4027 loops=1)
              ->  Merge Join  (cost=184231.97..187777.04 rows=262 width=21) (actual time=808.850..1079.197 rows=4027 loops=1)
                    Merge Cond: (store_sales.ss_store_sk = store_sales_1.ss_store_sk)
                    Join Filter: ((sum(store_sales.ss_sales_price)) <= ('0.1'::double precision * (avg((sum(store_sales_1.ss_sales_price))))))
                    Rows Removed by Join Filter: 64990
                    ->  Finalize GroupAggregate  (cost=92115.32..93697.30 rows=13098 width=24) (actual time=386.566..565.497 rows=69018 loops=1)
                          Group Key: store_sales.ss_store_sk, store_sales.ss_item_sk
                          ->  Gather Merge  (cost=92115.32..93484.45 rows=10916 width=24) (actual time=386.559..539.142 rows=178460 loops=1)
                                Workers Planned: 2
                                Workers Launched: 2
                                ->  Partial GroupAggregate  (cost=91115.29..91224.45 rows=5458 width=24) (actual time=361.101..412.950 rows=60549 loops=3)
                                      Group Key: store_sales.ss_store_sk, store_sales.ss_item_sk
                                      ->  Sort  (cost=91115.29..91128.94 rows=5458 width=24) (actual time=361.090..378.622 rows=181127 loops=3)
                                            Sort Key: store_sales.ss_store_sk, store_sales.ss_item_sk
                                            Sort Method: external merge  Disk: 6512kB
                                            Worker 0:  Sort Method: quicksort  Memory: 15515kB
                                            Worker 1:  Sort Method: quicksort  Memory: 15516kB
                                            ->  Hash Join  (cost=2505.08..90776.51 rows=5458 width=24) (actual time=13.926..262.205 rows=184238 loops=3)
                                                  Hash Cond: (store_sales.ss_sold_date_sk = date_dim.d_date_sk)
                                                  ->  Parallel Seq Scan on store_sales  (cost=0.00..85123.48 rows=1199148 width=32) (actual time=0.015..124.746 rows=959309 loops=3)
                                                  ->  Hash  (cost=2500.73..2500.73 rows=348 width=8) (actual time=13.865..13.866 rows=366 loops=3)
                                                        Buckets: 1024  Batches: 1  Memory Usage: 23kB
                                                        ->  Seq Scan on date_dim  (cost=0.00..2500.73 rows=348 width=8) (actual time=6.366..13.820 rows=366 loops=3)
                                                              Filter: ((d_month_seq >= 1199) AND (d_month_seq <= 1210))
                                                              Rows Removed by Filter: 72683
                    ->  Materialize  (cost=92116.65..93900.32 rows=12 width=29) (actual time=404.262..501.849 rows=57468 loops=1)
                          ->  Merge Join  (cost=92116.65..93900.29 rows=12 width=29) (actual time=404.258..499.305 rows=6 loops=1)
                                Merge Cond: (store.s_store_sk = store_sales_1.ss_store_sk)
                                ->  Sort  (cost=1.34..1.37 rows=12 width=13) (actual time=0.020..0.022 rows=11 loops=1)
                                      Sort Key: store.s_store_sk
                                      Sort Method: quicksort  Memory: 25kB
                                      ->  Seq Scan on store  (cost=0.00..1.12 rows=12 width=13) (actual time=0.009..0.011 rows=12 loops=1)
                                ->  GroupAggregate  (cost=92115.32..93896.27 rows=200 width=16) (actual time=404.234..499.276 rows=7 loops=1)
                                      Group Key: store_sales_1.ss_store_sk
                                      ->  Finalize GroupAggregate  (cost=92115.32..93697.30 rows=13098 width=24) (actual time=386.780..492.546 rows=76401 loops=1)
                                            Group Key: store_sales_1.ss_store_sk, store_sales_1.ss_item_sk
                                            ->  Gather Merge  (cost=92115.32..93484.45 rows=10916 width=24) (actual time=386.774..464.480 rows=189121 loops=1)
                                                  Workers Planned: 2
                                                  Workers Launched: 2
                                                  ->  Partial GroupAggregate  (cost=91115.29..91224.45 rows=5458 width=24) (actual time=361.180..409.131 rows=63040 loops=3)
                                                        Group Key: store_sales_1.ss_store_sk, store_sales_1.ss_item_sk
                                                        ->  Sort  (cost=91115.29..91128.94 rows=5458 width=24) (actual time=361.170..374.571 rows=184238 loops=3)
                                                              Sort Key: store_sales_1.ss_store_sk, store_sales_1.ss_item_sk
                                                              Sort Method: external merge  Disk: 6320kB
                                                              Worker 0:  Sort Method: quicksort  Memory: 15705kB
                                                              Worker 1:  Sort Method: quicksort  Memory: 15697kB
                                                              ->  Hash Join  (cost=2505.08..90776.51 rows=5458 width=24) (actual time=13.336..260.555 rows=184238 loops=3)
                                                                    Hash Cond: (store_sales_1.ss_sold_date_sk = date_dim_1.d_date_sk)
                                                                    ->  Parallel Seq Scan on store_sales store_sales_1  (cost=0.00..85123.48 rows=1199148 width=32) (actual time=0.015..123.936 rows=959309 loops=3)
                                                                    ->  Hash  (cost=2500.73..2500.73 rows=348 width=8) (actual time=13.270..13.271 rows=366 loops=3)
                                                                          Buckets: 1024  Batches: 1  Memory Usage: 23kB
                                                                          ->  Seq Scan on date_dim date_dim_1  (cost=0.00..2500.73 rows=348 width=8) (actual time=6.307..13.224 rows=366 loops=3)
                                                                                Filter: ((d_month_seq >= 1199) AND (d_month_seq <= 1210))
                                                                                Rows Removed by Filter: 72683
              ->  Index Scan using pk_item on item  (cost=0.29..0.41 rows=1 width=177) (actual time=0.001..0.001 rows=1 loops=4027)
                    Index Cond: (i_item_sk = store_sales.ss_item_sk)
 s_store_name |                                                                                               i_item_desc                                                                                                |      revenue       | i_current_price | i_wholesale_cost |                      i_brand                       
--------------+----------------------------------------------------------------------------------------------------------------------------------------------------------------------------------------------------------+--------------------+-----------------+------------------+----------------------------------------------------
 able         | Able banks shall press in a names. Normal, military negotiations used to offer twice structures. Complete, inner rewards should say now with a police. About past members                                |               7.88 |            1.67 |             5.33 | exportiamalg #2                                   
 able         | Able, british pupils cannot increase also now just times.                                                                                                                                                |              10.03 |            6.27 |             4.01 | amalgexporti #1                                   
 able         | Able countries could not go most ever able years. Residential, great prices deal again skills. Items w                                                                                                   |              15.03 |            5.07 |             1.97 | exportibrand #7                                   
 able         | Able, unknown prisoners would not make yet sales; opportunities reinforce fee                                                                                                                            |              17.23 |            9.92 |             8.63 | exportimaxi #3                                    
 able         | Able, visual decades must eat always individuals; magnificent, chief proceedings prevent ruthlessly parts. Judicial things provide home strongly industrial standards; new, mass service                 |              21.63 |            0.39 |             0.24 | amalgscholar #1                                   
 able         | About fine eyes provide in a findings. Yellow, plain results understand more than distinct questions. Scottish                                                                                           |               8.88 |            4.53 |             4.03 | brandmaxi #5                                      
 able         | About remarkable women meet so early terms. Straight japanese foreigners acquire finally studies. However                                                                                                |              19.79 |            9.06 |             7.51 | univamalgamalg #4                                 
 able         | Above different languages would admin                                                                                                                                                                    |               0.98 |            8.45 |             2.87 | importounivamalg #14                              
 able         | Abroad grey schools pray deliberately guests; intellectual, clear reports shall not lead old, weak details. Now academic things might shoulder only current,                                             |              15.52 |            3.22 |             2.44 | amalgedu pack #1                                  
 able         | Accountants beat into a lines. Problems would identify. Small girls should not ensure. Unlikely traditions go only adverse types. Now necessary arms reverse rough eyebr                                 |              15.58 |            8.33 |             3.16 | amalgscholar #1                                   
 able         | Accur                                                                                                                                                                                                    |              18.95 |            1.72 |             1.01 | amalgunivamalg #5                                 
 able         | Active eyes want early, left facilities. Parliamentary minds achieve.                                                                                                                                    |              21.35 |             2.1 |             1.19 | importoedu pack #1                                
 able         | Actively able proteins shall not ensure over. Necessary, acute controls will stay free, convenient cours                                                                                                 | 20.380000000000003 |            3.39 |              2.1 | exportiedu pack #1                                
 able         | Acute men ma                                                                                                                                                                                             |               1.48 |            1.94 |             1.39 | amalgimporto #1                                   
 able         | Acute months will give never. Front points fix. Major parents exploit eyes. Parents drop in the facilities; willing, useful opport                                                                       |              22.85 |            5.54 |             3.82 | scholarbrand #1                                   
 able         | Additi                                                                                                                                                                                                   |              17.29 |            2.75 |             0.96 | edu packedu pack #1                               
 able         | Additional, public divisions may go at least somewhere impos                                                                                                                                             |              15.66 |            5.67 |             3.85 | importoexporti #1                                 
 able         | African times might commit so main shareholders. Workers live finally foreigners. Forth special                                                                                                          |              17.88 |            0.57 |             0.23 | importoedu pack #1                                
 able         | Again new folk depend                                                                                                                                                                                    |               2.81 |            3.49 |             2.09 | amalgedu pack #1                                  
 able         | Again white firms might not question also little, tremendous projects. Goods run by no means in a children; immediate changes determine to a tasks. Places would appear shops. Membe                     |              14.18 |            1.25 |             0.93 | edu packnameless #5                               
 able         | Ago colonial victims learn like a arguments. Weeks could not provide initially other, natural assumptions. Changes                                                                                       |               22.4 |            0.37 |              0.2 | exportimaxi #5                                    
 able         | Alike new hospitals cease now for                                                                                                                                                                        |              21.87 |            3.74 |              1.3 | edu packscholar #1                                
 able         | All african feet cannot get finally like the mana                                                                                                                                                        |               3.67 |            0.65 |             0.58 | importonameless #3                                
 able         | All the same expected officials believe bodies; young heels sustain to a areas. Only examples could act quite                                                                                            |               6.08 |            2.68 |             1.87 | importoimporto #1                                 
 able         | Almost used positions ought to go for a difficulties. Golden symptoms know; other, brief creditors get ever. Ready, great movements shall restore extremely to                                           | 29.490000000000002 |           80.87 |            41.24 | brandnameless #3                                  
 able         | Alone good authorities make only outdoor services. Useful ideas believe against a circumstances. Gardens should reap. Other attitudes require also late                                                  |                2.7 |            4.97 |             3.62 | importoscholar #1                                 
 able         | Alone, simple businessmen might feel home interesting eyes. Only parental positions might find upstairs labour conditions. More late trees will not produce workers. Patients                            |              13.39 |            4.64 |             2.27 | exportinameless #7                                
 able         | Alone trees could not eliminate; further white colours might seem residential movements. Words expr                                                                                                      |               6.07 |            2.66 |              1.4 | amalgunivamalg #11                                
 able         | Also available studies will not arrange seldom adjacent to a weaknesses. Rapidly senior services get occasionally perhaps immense powers                                                                 |              12.08 |            2.34 |             1.77 | amalgscholar #1                                   
 able         | Also different sites learn further then available resources. Injuries shall not explain distinctive trends. Towns back here                                                                              |               8.79 |            5.12 |             3.02 | univunivamalg #11                                 
 able         | Also hard authors must complete directly. Prices should not give typically procedures.                                                                                                                   |               0.27 |             3.6 |             2.55 | corpunivamalg #11                                 
 able         | Also important centuries may see                                                                                                                                                                         |              15.68 |            2.08 |             1.35 | amalgscholar #1                                   
 able         | Also theoretical holidays persuade later under a books. Opportunities would make with th                                                                                                                 |                  3 |           28.92 |            16.77 | amalgbrand #7                                     
 able         | Altogether current plans shall know mainly free, succe                                                                                                                                                   |               15.6 |            1.58 |             1.07 | importonameless #7                                
 able         | Always annual ideas boost so on a industries. Entries make both by a doctors. Regional refugees shall confer always economic, glorious schemes. Organizations                                            |              11.95 |            3.84 |             2.91 | exportiexporti #1                                 
 able         | Always eastern plans would claim. More big feelings hold against no changes. As classic police could use from                                                                                            |                6.3 |            7.64 |             6.79 | exportinameless #7                                
 able         | Always french americans take chemicals. No clear troops give significant tables. Fans afford really young managers; soft, good fires distinguis                                                          |               2.18 |            3.72 |             2.82 | corpbrand #5                                      
 able         | Always various areas think then new processes. Arrangements comply virtually by a needs. Radical students see feet. Today lengthy comments used to disappear levels. High                                |               5.88 |            0.38 |             0.11 | maximaxi #5                                       
 able         | American, great needs can apply events. Illustrations may show elderly champions; anywhere short rounds should redu                                                                                      |              25.65 |            1.78 |             1.44 | exportiamalg #1                                   
 able         | American groups may run soon drivers. Social industries understand also intentions. Clear, white crews add actually supporters. Pr                                                                       |              27.18 |            3.33 |             1.53 | brandcorp #7                                      
 able         | Ancient cases could not say about at the chapters. Local, right nurses might check luckily local men. Important, subject owners shall speak however within a skills; similar                             |              23.85 |             4.7 |             1.97 | exportiamalg #1                                   
 able         | Angry services might reject. Difficult, popular parts might laugh seldom for the patients. Environmen                                                                                                    |               9.07 |            6.16 |             2.58 | brandunivamalg #14                                
 able         | Anonymous, irish years used to support generally part                                                                                                                                                    |               2.27 |            8.54 |             3.07 | amalgamalgamalg #11                               
 able         | Anyway prime clubs may not sleep. English conditions should try. Well private men will not highlight both valuable, ill pictures. Then tory communities exert more police. Right voluntary               |              26.43 |            4.45 |             3.15 | edu packimporto #1                                
 able         | Apparen                                                                                                                                                                                                  |               8.22 |           97.69 |            58.61 | exportiunivamalg #10                              
 able         | Apparent, nice classes face therein recent colleagues; mountains must know sharp, irish issues. Fond, cheap years require nearly. Types shall not wash minor cases; basic pupils begin r                 |  6.470000000000001 |            4.84 |             2.22 | univbrand #5                                      
 able         | Applications live secret purposes. Directly personal races buy; high results keep twice national associations. Sources might use about stations. Large, differen                                         |              10.07 |            1.06 |             0.32 | importoedu pack #1                                
 able         | Approximately new parts make maybe nam                                                                                                                                                                   |              12.82 |            7.29 |             3.42 | exportiexporti #1                                 
 able         | Architects exhibit nowadays nearby soldiers.                                                                                                                                                             | 27.310000000000002 |            7.19 |             5.82 | importonameless #9                                
 able         | Areas provide invariably public qualifications; useful, industrial times ought to underst                                                                                                                |              12.48 |            8.72 |             7.49 | edu packbrand #3                                  
 able         | Articles take coldly higher ru                                                                                                                                                                           |              12.38 |            0.82 |             0.55 | scholarcorp #5                                    
 able         | As different settings stay particularly no longer national companies. Individual amounts will not get more passengers. Teams tell human provisions; never professional mammals canno                     |              28.84 |            3.02 |             1.96 | edu packedu pack #1                               
 able         | As it were important seasons will produce well offices. Small techniques shall call often visito                                                                                                         |              21.17 |            4.35 |             2.82 | amalgamalg #1                                     
 able         | As medical stairs heat now; suddenly cautious texts tell materials. Legally social teeth forget as late incentives; about absolute terms seek                                                            |              29.84 |            0.54 |             0.44 | exportiimporto #1                                 
 able         | As possible courses will reduce universities. Empty tales cannot take with a shares. Des                                                                                                                 |                  0 |            2.75 |             0.99 | corpunivamalg #1                                  
 able         | Associated years shall not qualify so errors. Old, real sides would rely always proposals. Special, other activities impress. Savings must bat usefu                                                     |              14.87 |            0.65 |             0.53 | exporticorp #3                                    
 able         | At all ready references start even new purposes. Years waste so other results; chairs might contribute soon never industrial things. Soci                                                                |              20.07 |            9.39 |             3.09 | amalgamalg #1                                     
 able         | At least int                                                                                                                                                                                             |              27.19 |            7.13 |             5.27 | amalgnameless #1                                  
 able         | Atomic, temporary economies find chapters. Applicants try too criteria. Beliefs shall become at a windows. Female casualties will not provide completely dev                                             |              15.05 |            5.53 |             3.59 | importoamalg #1                                   
 able         | Attractive weeks acquire virtually months. Single, responsible vehicles will achieve regulatory, autonomous islands. Super, strong characteristics satisfy criminal pupils; about royal farms use conver |                 25 |            7.14 |             3.85 | exportiamalg #1                                   
 able         | Available demands ought to go nervously original, great yea                                                                                                                                              |              11.93 |            7.98 |             4.22 | scholarunivamalg #11                              
 able         | Available devices may make almost powerful studies. Modern, other origins may take children. Familiar eyes used to demand. Correct dollars appear just. Branches improve yet head doors. Days shall not  |              20.71 |            3.48 |             1.63 | scholarmaxi #5                                    
 able         | Average, recent things go low special, full types. Especially fixed children must let formerly                                                                                                           |              27.88 |            0.42 |             0.23 | namelessunivamalg #13                             
 able         | Aware, special managers must give probably dangers. Big, mental characteristics should please                                                                                                            |               10.5 |            1.39 |             0.93 | importobrand #7                                   
 able         | Aware, strange matters could make far local cases. Heavy methods facilitate broad, gay years. Live, tru                                                                                                  |              16.22 |            7.84 |             5.17 | exporticorp #3                                    
 able         | Bad sites discuss small, major colours. Ancient minutes learn so skilled heads. Rapid supporters ascertain accurately once inc plates. In                                                                |              11.16 |            4.38 |             1.92 | namelessmaxi #5                                   
 able         | Bad thoughts must point old, identical traders; here various                                                                                                                                             |              13.26 |            0.23 |             0.14 | exportiamalg #1                                   
 able         | Balls will know.                                                                                                                                                                                         |              28.85 |            4.77 |             3.76 | amalgunivamalg #15                                
 able         | Basic views can re                                                                                                                                                                                       |              19.83 |            9.41 |             3.85 | edu packamalg #1                                  
 able         | Below free b                                                                                                                                                                                             |               2.29 |           43.91 |            18.88 | importoimporto #1                                 
 able         | Best static months identify popular, main years; present, european categories own then so complex friends. Even moral budgets extend                                                                     |               4.12 |            1.15 |             0.64 | amalgscholar #1                                   
 able         | Big, gross lines can carry national contents. Thin animals would respond with the participants. Real, main others may pick at present policies. Then high arms take now to a societies. Clothes c        |               15.8 |            3.19 |             1.49 | univbrand #3                                      
 able         | Big others cannot cost positively annual, left words; temporary,                                                                                                                                         |              21.42 |            0.38 |             0.25 | edu packimporto #1                                
 able         | Bitterly splendid weapons shall stop theoretically desirable, specific computers; undoubte                                                                                                               |               19.6 |            5.62 |             2.75 | importoamalg #1                                   
 able         | Black, disastrous facts invent; books should depict almost huge branches; private, local parties c                                                                                                       |              20.62 |            2.86 |             1.25 | amalgmaxi #9                                      
 able         | Black, false tools go; tall                                                                                                                                                                              |               3.37 |             4.1 |             1.68 | scholarbrand #5                                   
 able         | Blind cases would direct just. Never teenage activities might not arrange separately widespread remaining othe                                                                                           |               7.11 |           55.77 |            48.51 | brandunivamalg #12                                
 able         | Blind interests can pull up to mothers. Current creatures photograph. Other, simpl                                                                                                                       | 27.650000000000002 |             3.5 |              2.8 | exportinameless #5                                
 able         | Blocks should resume days. Phases could not appear subsequently also full systems. Cor                                                                                                                   |               2.19 |            0.92 |             0.35 | exportiedu pack #1                                
 able         | Bodies will not ensure exactly large customers; systematic representatives e                                                                                                                             |               7.29 |            0.23 |             0.17 | exportinameless #3                                
 able         | Bold trousers refer through a feet                                                                                                                                                                       |              11.36 |            0.52 |              0.2 | brandmaxi #5                                      
 able         | Books miss excellent groups. Much awful police change ab                                                                                                                                                 |               3.99 |            8.66 |             5.02 | amalgimporto #1                                   
 able         | Bottles will not involve indeed; tensions may not walk very wild funds. Continuous, different restrictio                                                                                                 | 12.469999999999999 |            3.51 |             2.87 | exportischolar #1                                 
 able         | British cards can help now reasonably silent shares. Groups might end again to the proposals. O                                                                                                          |              28.07 |            9.33 |             3.63 | exportiexporti #1                                 
 able         | British, cert                                                                                                                                                                                            |              15.92 |            6.65 |             5.32 | amalgscholar #1                                   
 able         | British, common houses close frequently reasonable, physical residents. Personal elections ought to meet usually paintings. Members could not go regularly with a                                        |              10.32 |             1.3 |             0.59 | amalgbrand #1                                     
 able         | British, firm pupils should not give large files; examples could slip always sales; right public provisions shall create then recently new types. Circum                                                 |              22.75 |            4.25 |             1.44 | edu packimporto #1                                
 able         | Broad effects reveal. Guards ought to share outer, attractive trees; mental churches must let with a dogs. Outer, essential authorities shall                                                            |              29.12 |            7.56 |             3.62 | importocorp #7                                    
 able         | Businessmen ought to try more concerned, quiet arrangements; conditions reflect now positive f                                                                                                           |              16.56 |            4.64 |             2.13 | edu packedu pack #1                               
 able         | Camps become; other others might look very. As alone loans ought to describe for exa                                                                                                                     |               12.2 |            0.36 |             0.31 | exportiunivamalg #12                              
 able         | Careful, final lines make. Cold churches indicate only in                                                                                                                                                |               4.93 |            0.36 |             0.15 | edu packnameless #1                               
 able         | Cases used to expect yesterday much free animals. Indian eyes drop home gay, bitter                                                                                                                      |              10.75 |            2.59 |             1.19 | edu packbrand #3                                  
 able         | Central, bad funds understand star, commercial members. Demanding, new possibilities contrast.                                                                                                           |              11.06 |            8.45 |             5.07 | amalgnameless #3                                  
 able         | Central, private companies                                                                                                                                                                               |              14.43 |           55.22 |            24.84 | importobrand #5                                   
 able         | Central, social candidates affect soon total objects. Useful, european buildings shall eat matters. Common eyes change roughly. Other musicians might prove of course free areas. Historic               |              12.39 |            8.67 |             6.15 | edu packexporti #1                                
 able         | Centres take loosely; reports will not owe quite open, long lines. Simple figures divert almost parliamentary brothers. Conservative children take. Operations might not admit very we                   |                1.8 |            6.63 |             5.96 | univmaxi #5                                       
 able         | Certainly economic reserves go deeply about a days. Gift                                                                                                                                                 |               5.63 |            1.86 |             1.39 | importobrand #7                                   
 able         | Certainly national photographs provide random, effective islands. Intermediate, royal factors go. Personally old residents get busy, original careers. However                                           |               3.64 |            4.41 |              2.6 | importoexporti #1                                 
 able         | Certainly political farmers want so on a potatoes. Unk                                                                                                                                                   |              23.93 |            9.81 |             6.27 | amalgscholar #1                                   
 able         | Certainly public courts look to a teachers. Quick terms will admit then new, local reports. Tactics could lose young, other facilities. Standard, urgent maps should not control far deep,               |               0.63 |            7.27 |             3.34 | amalgbrand #3                                     
(100 rows)

UPDATE time_statistics SET e_time = TRANSACTION_TIMESTAMP() WHERE template = 'query65.tpl' AND stream = 3;
psql:/tmp/s1-basline/throughput/query_3.sql:3658: NOTICE:  duration: 0.067 ms  plan:
Query Text: UPDATE time_statistics SET e_time = TRANSACTION_TIMESTAMP() WHERE template = 'query65.tpl' AND stream = 3;
Update on time_statistics  (cost=0.00..10.30 rows=0 width=0) (actual time=0.067..0.067 rows=0 loops=1)
  ->  Seq Scan on time_statistics  (cost=0.00..10.30 rows=1 width=14) (actual time=0.028..0.053 rows=1 loops=1)
        Filter: ((template = 'query65.tpl'::text) AND (stream = 3))
        Rows Removed by Filter: 365
UPDATE 1
LOAD 'auto_explain'; SET auto_explain.log_min_duration TO 0; SET auto_explain.log_analyze TO on; SET auto_explain.log_level TO notice; INSERT INTO time_statistics (template, s_time, stream, query, seed) VALUES ('query71.tpl', TRANSACTION_TIMESTAMP(), 3, 78, 659023240);
LOAD
SET
SET
SET
psql:/tmp/s1-basline/throughput/query_3.sql:3659: NOTICE:  duration: 0.008 ms  plan:
Query Text: INSERT INTO time_statistics (template, s_time, stream, query, seed) VALUES ('query71.tpl', TRANSACTION_TIMESTAMP(), 3, 78, 659023240);
Insert on time_statistics  (cost=0.00..0.01 rows=0 width=0) (actual time=0.008..0.008 rows=0 loops=1)
  ->  Result  (cost=0.00..0.01 rows=1 width=64) (actual time=0.001..0.001 rows=1 loops=1)
INSERT 0 1
select i_brand_id brand_id, i_brand brand,t_hour,t_minute,
 	sum(ext_price) ext_price
 from item, (select ws_ext_sales_price as ext_price, 
                        ws_sold_date_sk as sold_date_sk,
                        ws_item_sk as sold_item_sk,
                        ws_sold_time_sk as time_sk  
                 from web_sales,date_dim
                 where d_date_sk = ws_sold_date_sk
                   and d_moy=11
                   and d_year=1998
                 union all
                 select cs_ext_sales_price as ext_price,
                        cs_sold_date_sk as sold_date_sk,
                        cs_item_sk as sold_item_sk,
                        cs_sold_time_sk as time_sk
                 from catalog_sales,date_dim
                 where d_date_sk = cs_sold_date_sk
                   and d_moy=11
                   and d_year=1998
                 union all
                 select ss_ext_sales_price as ext_price,
                        ss_sold_date_sk as sold_date_sk,
                        ss_item_sk as sold_item_sk,
                        ss_sold_time_sk as time_sk
                 from store_sales,date_dim
                 where d_date_sk = ss_sold_date_sk
                   and d_moy=11
                   and d_year=1998
                 ) tmp,time_dim
 where
   sold_item_sk = i_item_sk
   and i_manager_id=1
   and time_sk = t_time_sk
   and (t_meal_time = 'breakfast' or t_meal_time = 'dinner')
 group by i_brand, i_brand_id,t_hour,t_minute
 order by ext_price desc, i_brand_id
 ;
psql:/tmp/s1-basline/throughput/query_3.sql:3696: NOTICE:  duration: 336.592 ms  plan:
Query Text: select i_brand_id brand_id, i_brand brand,t_hour,t_minute,
 	sum(ext_price) ext_price
 from item, (select ws_ext_sales_price as ext_price, 
                        ws_sold_date_sk as sold_date_sk,
                        ws_item_sk as sold_item_sk,
                        ws_sold_time_sk as time_sk  
                 from web_sales,date_dim
                 where d_date_sk = ws_sold_date_sk
                   and d_moy=11
                   and d_year=1998
                 union all
                 select cs_ext_sales_price as ext_price,
                        cs_sold_date_sk as sold_date_sk,
                        cs_item_sk as sold_item_sk,
                        cs_sold_time_sk as time_sk
                 from catalog_sales,date_dim
                 where d_date_sk = cs_sold_date_sk
                   and d_moy=11
                   and d_year=1998
                 union all
                 select ss_ext_sales_price as ext_price,
                        ss_sold_date_sk as sold_date_sk,
                        ss_item_sk as sold_item_sk,
                        ss_sold_time_sk as time_sk
                 from store_sales,date_dim
                 where d_date_sk = ss_sold_date_sk
                   and d_moy=11
                   and d_year=1998
                 ) tmp,time_dim
 where
   sold_item_sk = i_item_sk
   and i_manager_id=1
   and time_sk = t_time_sk
   and (t_meal_time = 'breakfast' or t_meal_time = 'dinner')
 group by i_brand, i_brand_id,t_hour,t_minute
 order by ext_price desc, i_brand_id
 ;
Sort  (cost=42618.65..42618.68 rows=9 width=71) (actual time=292.182..336.143 rows=990 loops=1)
  Sort Key: (sum("*SELECT* 3".ext_price)) DESC, item.i_brand_id
  Sort Method: quicksort  Memory: 133kB
  ->  GroupAggregate  (cost=42618.29..42618.51 rows=9 width=71) (actual time=291.508..335.827 rows=990 loops=1)
        Group Key: item.i_brand, item.i_brand_id, time_dim.t_hour, time_dim.t_minute
        ->  Sort  (cost=42618.29..42618.31 rows=9 width=71) (actual time=291.501..335.462 rows=1011 loops=1)
              Sort Key: item.i_brand, item.i_brand_id, time_dim.t_hour, time_dim.t_minute
              Sort Method: quicksort  Memory: 135kB
              ->  Gather  (cost=1001.00..42618.14 rows=9 width=71) (actual time=5.685..333.753 rows=1011 loops=1)
                    Workers Planned: 2
                    Workers Launched: 2
                    ->  Nested Loop  (cost=1.00..41617.24 rows=4 width=71) (actual time=9.577..171.925 rows=337 loops=3)
                          ->  Nested Loop  (cost=0.71..41601.92 rows=14 width=71) (actual time=8.830..168.134 rows=872 loops=3)
                                ->  Parallel Append  (cost=0.42..40828.09 rows=811 width=24) (actual time=6.747..65.065 rows=53050 loops=3)
                                      ->  Subquery Scan on "*SELECT* 3"  (cost=0.43..40824.04 rows=1092 width=24) (actual time=8.274..107.898 rows=88819 loops=1)
                                            ->  Nested Loop  (cost=0.43..40813.12 rows=1092 width=32) (actual time=8.273..101.087 rows=88819 loops=1)
                                                  ->  Seq Scan on date_dim  (cost=0.00..2500.73 rows=29 width=8) (actual time=8.169..14.117 rows=30 loops=1)
                                                        Filter: ((d_moy = 11) AND (d_year = 1998))
                                                        Rows Removed by Filter: 73019
                                                  ->  Index Scan using i_ss_sold_date_sk on store_sales  (cost=0.43..1306.04 rows=1508 width=32) (actual time=0.014..2.438 rows=2961 loops=30)
                                                        Index Cond: (ss_sold_date_sk = date_dim.d_date_sk)
                                      ->  Subquery Scan on "*SELECT* 1"  (cost=0.42..13234.73 rows=286 width=24) (actual time=7.759..45.223 rows=23749 loops=1)
                                            ->  Nested Loop  (cost=0.42..13231.87 rows=286 width=32) (actual time=7.758..43.378 rows=23749 loops=1)
                                                  ->  Seq Scan on date_dim date_dim_1  (cost=0.00..2500.73 rows=29 width=8) (actual time=7.677..14.037 rows=30 loops=1)
                                                        Filter: ((d_moy = 11) AND (d_year = 1998))
                                                        Rows Removed by Filter: 73019
                                                  ->  Index Scan using i_ws_sold_date_sk on web_sales  (cost=0.42..366.09 rows=395 width=32) (actual time=0.016..0.839 rows=792 loops=30)
                                                        Index Cond: (ws_sold_date_sk = date_dim_1.d_date_sk)
                                      ->  Subquery Scan on "*SELECT* 2"  (cost=0.43..4092.95 rows=568 width=24) (actual time=4.207..32.247 rows=46583 loops=1)
                                            ->  Nested Loop  (cost=0.43..4087.27 rows=568 width=32) (actual time=4.207..28.759 rows=46583 loops=1)
                                                  ->  Seq Scan on date_dim date_dim_2  (cost=0.00..2500.73 rows=29 width=8) (actual time=4.195..9.375 rows=30 loops=1)
                                                        Filter: ((d_moy = 11) AND (d_year = 1998))
                                                        Rows Removed by Filter: 73019
                                                  ->  Index Scan using i_cs_sold_date_sk on catalog_sales  (cost=0.43..46.89 rows=782 width=32) (actual time=0.004..0.390 rows=1553 loops=30)
                                                        Index Cond: (cs_sold_date_sk = date_dim_2.d_date_sk)
                                ->  Index Scan using pk_item on item  (cost=0.29..0.95 rows=1 width=63) (actual time=0.002..0.002 rows=0 loops=159151)
                                      Index Cond: (i_item_sk = "*SELECT* 3".sold_item_sk)
                                      Filter: (i_manager_id = 1)
                                      Rows Removed by Filter: 1
                          ->  Index Scan using pk_time_dim on time_dim  (cost=0.29..1.09 rows=1 width=16) (actual time=0.004..0.004 rows=0 loops=2615)
                                Index Cond: (t_time_sk = "*SELECT* 3".time_sk)
                                Filter: ((t_meal_time = 'breakfast'::bpchar) OR (t_meal_time = 'dinner'::bpchar))
                                Rows Removed by Filter: 1
 brand_id |                       brand                        | t_hour | t_minute |     ext_price      
----------+----------------------------------------------------+--------+----------+--------------------
  1002002 | importoamalg #2                                    |      9 |       45 |                   
  4003001 | exportiedu pack #1                                 |     17 |       46 |                   
  5004001 | edu packscholar #1                                 |      9 |       31 |                   
  6012005 | importobrand #5                                    |      8 |        5 |                   
  8003006 | exportinameless #6                                 |     19 |        0 |                   
  8006001 | corpnameless #1                                    |      9 |        5 |                   
  8015006 | scholarmaxi #6                                     |     17 |       41 |                   
  3002002 | importoexporti #2                                  |     17 |       36 |           21611.52
  3004002 | edu packexporti #2                                 |      9 |       18 |           18734.54
  5002002 | importoscholar #2                                  |     17 |       46 |              15015
  3004002 | edu packexporti #2                                 |     18 |       47 |           14916.86
  8003006 | exportinameless #6                                 |      6 |       46 |            12972.8
  4004001 | edu packedu pack #1                                |      8 |       27 |           12825.95
  8007001 | brandnameless #1                                   |     19 |       11 |           12812.36
  3001001 | amalgexporti #1                                    |     17 |       20 |           12795.57
  8003006 | exportinameless #6                                 |     17 |       42 |            11976.8
  2004002 | edu packimporto #2                                 |     18 |       41 |            11649.6
  6008003 | namelesscorp #3                                    |     18 |       22 |           11589.27
 10004005 | edu packunivamalg #5                               |      7 |        5 |            11510.4
  4001002 | amalgedu pack #2                                   |      9 |        5 |           11467.83
  7014001 | edu packnameless #1                                |     17 |       40 |            11398.8
  6016008 | corpbrand #8                                       |      9 |        9 |           11331.35
  6014005 | edu packbrand #5                                   |      8 |        1 |           11298.78
  1002002 | importoamalg #2                                    |      8 |       43 |           11142.04
  6015003 | scholarbrand #3                                    |      9 |       12 |           10733.05
  6016008 | corpbrand #8                                       |     19 |        1 |           10731.98
  1003001 | exportiamalg #1                                    |     17 |        0 |           10678.08
  8005007 | scholarnameless #7                                 |     18 |       32 |            10645.5
  7003003 | exportibrand #3                                    |     17 |       52 |           10571.78
  1002002 | importoamalg #2                                    |      9 |        2 |           10550.56
  9006003 | corpmaxi #3                                        |     17 |       50 |           10466.71
  9010005 | univunivamalg #5                                   |     19 |       33 |            10262.7
 10009016 | maxiunivamalg #16                                  |     18 |       52 |           10245.12
  6015006 | scholarbrand #6                                    |     19 |       48 |           10236.48
  7016004 | corpnameless #4                                    |     17 |        0 |            10147.9
  4004001 | edu packedu pack #1                                |      9 |       26 |           10135.14
  1004002 | edu packamalg #2                                   |     19 |       21 |            9705.96
  9013005 | exportiunivamalg #5                                |      6 |       10 |            9548.96
  9004008 | edu packmaxi #8                                    |      9 |       44 |            9417.24
  4003001 | exportiedu pack #1                                 |     18 |       21 |            9306.99
  5001001 | amalgscholar #1                                    |     17 |       39 |            9238.41
  3002002 | importoexporti #2                                  |     19 |       13 |             9130.1
  8011007 | amalgmaxi #7                                       |     17 |       47 |            9107.92
  5002002 | importoscholar #2                                  |     19 |       44 |            9089.22
  1003001 | exportiamalg #1                                    |     19 |       52 |            9071.13
  7010001 | univnameless #1                                    |     19 |       55 |            8956.86
  1001001 | amalgamalg #1                                      |     19 |       44 |            8937.98
  6016008 | corpbrand #8                                       |      9 |       31 |            8909.16
  9013005 | exportiunivamalg #5                                |     17 |       54 |            8868.54
  6012005 | importobrand #5                                    |      9 |       41 |            8847.96
  5002002 | importoscholar #2                                  |     17 |       10 |            8731.53
  5003001 | exportischolar #1                                  |     19 |       29 |            8702.42
  1001001 | amalgamalg #1                                      |     17 |       57 |            8689.85
  2003002 | exportiimporto #2                                  |     19 |       56 |            8496.96
  6015003 | scholarbrand #3                                    |     17 |       48 |            8490.72
  2002001 | importoimporto #1                                  |     18 |       45 |            8396.32
  7006007 | corpbrand #7                                       |     18 |        3 |            8231.85
  3002002 | importoexporti #2                                  |      9 |       22 |             8186.7
  7003003 | exportibrand #3                                    |     18 |       31 |            8127.21
  1004002 | edu packamalg #2                                   |     18 |       33 |            8115.96
  1001002 | amalgamalg #2                                      |     18 |       35 |            8070.48
  3004002 | edu packexporti #2                                 |     19 |       45 |             7948.2
  6015006 | scholarbrand #6                                    |     17 |       18 |               7868
  4001001 | amalgedu pack #1                                   |      9 |        9 |            7753.14
  5003001 | exportischolar #1                                  |      8 |       38 |            7673.69
  4002001 | importoedu pack #1                                 |      7 |       26 |            7623.54
  2004001 | edu packimporto #1                                 |     18 |       52 |               7587
  9005002 | scholarmaxi #2                                     |     17 |        4 |             7563.2
  6012005 | importobrand #5                                    |      8 |       16 |            7543.71
  6007007 | brandcorp #7                                       |     19 |       16 |  7527.780000000001
  4001001 | amalgedu pack #1                                   |      7 |       47 |             7494.9
  8014005 | edu packmaxi #5                                    |     18 |        4 |            7469.38
  3002001 | importoexporti #1                                  |     17 |       16 |            7448.96
  1003001 | exportiamalg #1                                    |     19 |       25 | 7355.9800000000005
 10001009 | amalgunivamalg #9                                  |     19 |        1 |            7331.52
  8013003 | exportimaxi #3                                     |     18 |       22 |            7090.62
  6004001 | edu packcorp #1                                    |     19 |        1 |            7051.38
  3001001 | amalgexporti #1                                    |      8 |        8 |            7033.55
  9004008 | edu packmaxi #8                                    |     17 |        6 |            6981.12
  5002001 | importoscholar #1                                  |      8 |       16 |            6967.16
  3004001 | edu packexporti #1                                 |     18 |       15 |            6962.61
  8006003 | corpnameless #3                                    |     19 |       41 |            6954.46
  1004002 | edu packamalg #2                                   |     18 |       35 |             6753.6
  9004008 | edu packmaxi #8                                    |     18 |       21 |            6722.65
  6013004 | exportibrand #4                                    |     19 |       26 |            6711.49
  7013001 | exportinameless #1                                 |     18 |       31 |            6645.12
  3001001 | amalgexporti #1                                    |     18 |       47 |            6627.28
  5002002 | importoscholar #2                                  |     18 |       24 |            6602.26
  3003001 | exportiexporti #1                                  |      8 |       55 |            6592.66
  1002001 | importoamalg #1                                    |      9 |       34 |            6473.76
  4002001 | importoedu pack #1                                 |     17 |       47 |            6434.16
  9005002 | scholarmaxi #2                                     |     18 |       59 |             6420.7
  9006003 | corpmaxi #3                                        |     17 |       46 |             6343.2
  2002001 | importoimporto #1                                  |     17 |       18 |            6285.87
  8014001 | edu packmaxi #1                                    |     18 |       28 |             6266.4
  9005002 | scholarmaxi #2                                     |     18 |       22 |            6255.34
  1004001 | edu packamalg #1                                   |     17 |       55 |             6218.4
  4004001 | edu packedu pack #1                                |     19 |       48 |            6149.92
  9012002 | importounivamalg #2                                |      9 |       44 |            6132.24
  6004001 | edu packcorp #1                                    |     18 |       22 |            6093.98
  6014005 | edu packbrand #5                                   |     18 |       55 |            6092.46
  2001002 | amalgimporto #2                                    |     17 |       58 |            6057.38
  1003001 | exportiamalg #1                                    |     17 |       56 |            6054.75
  8011004 | amalgmaxi #4                                       |     18 |       37 |            6034.74
  2004002 | edu packimporto #2                                 |     17 |       46 |            6032.01
  2002001 | importoimporto #1                                  |     18 |       30 |             6013.8
  6012005 | importobrand #5                                    |     17 |        6 |             5911.8
  1003001 | exportiamalg #1                                    |     18 |        2 |            5844.99
  1003002 | exportiamalg #2                                    |      7 |       26 |             5776.1
  2001001 | amalgimporto #1                                    |      8 |       35 |             5755.1
  4003001 | exportiedu pack #1                                 |     17 |       27 |            5744.61
  4002001 | importoedu pack #1                                 |     19 |       38 |            5691.84
  6008003 | namelesscorp #3                                    |     19 |       39 |             5682.9
  8007001 | brandnameless #1                                   |      8 |       30 |             5662.3
  4004001 | edu packedu pack #1                                |     17 |       55 |            5653.83
  6016008 | corpbrand #8                                       |      9 |       17 |             5639.9
  4003001 | exportiedu pack #1                                 |     19 |       26 |               5607
  1002002 | importoamalg #2                                    |     18 |       49 |            5507.34
  4004001 | edu packedu pack #1                                |      8 |       38 |            5474.56
  3001001 | amalgexporti #1                                    |     19 |       53 |             5456.7
  3004001 | edu packexporti #1                                 |      9 |       26 |            5452.72
  8015006 | scholarmaxi #6                                     |      7 |        0 |             5425.2
  5004001 | edu packscholar #1                                 |     18 |       55 |               5420
  8011004 | amalgmaxi #4                                       |      7 |       55 |            5369.28
  6015003 | scholarbrand #3                                    |      8 |        1 |            5339.04
  1002002 | importoamalg #2                                    |     18 |       41 |            5322.96
  8014001 | edu packmaxi #1                                    |     18 |       14 |            5302.44
  6013004 | exportibrand #4                                    |      7 |       49 |            5301.73
  2004001 | edu packimporto #1                                 |     19 |       31 |            5282.24
  3002001 | importoexporti #1                                  |      9 |       32 |             5250.7
  3002001 | importoexporti #1                                  |     18 |       50 |            5173.76
 10012003 | importoamalgamalg #3                               |      8 |       59 |             5106.9
  2002001 | importoimporto #1                                  |     17 |       53 |            5098.41
  2002001 | importoimporto #1                                  |      9 |       30 |            5097.33
  9005002 | scholarmaxi #2                                     |     19 |       12 |             5065.4
  6013004 | exportibrand #4                                    |     17 |        8 |             5041.8
  2003001 | exportiimporto #1                                  |     18 |       12 |            5009.81
  4004001 | edu packedu pack #1                                |     17 |       33 |             4973.4
  3003001 | exportiexporti #1                                  |     17 |       18 |            4964.85
  4002001 | importoedu pack #1                                 |      9 |        3 |            4934.08
  9004008 | edu packmaxi #8                                    |     19 |       41 |            4866.48
  6015003 | scholarbrand #3                                    |     18 |        9 |            4854.63
  8006001 | corpnameless #1                                    |      9 |       41 |             4846.1
  3002002 | importoexporti #2                                  |     19 |       16 |            4735.38
  7014001 | edu packnameless #1                                |     17 |       20 |            4733.28
  8011007 | amalgmaxi #7                                       |     18 |       51 |            4716.36
 10008013 | namelessunivamalg #13                              |     19 |       17 |            4700.52
  4003001 | exportiedu pack #1                                 |     18 |        2 |            4652.79
  8003006 | exportinameless #6                                 |     19 |       21 |            4578.75
  2004001 | edu packimporto #1                                 |      9 |       42 |            4540.62
  4004001 | edu packedu pack #1                                |      8 |        4 |            4539.64
  6002007 | importocorp #7                                     |     17 |       34 |             4470.2
  8014001 | edu packmaxi #1                                    |     17 |       15 |            4436.32
  9005002 | scholarmaxi #2                                     |     18 |        9 |               4425
  8013003 | exportimaxi #3                                     |     17 |       14 |            4409.28
 10002017 | importounivamalg #17                               |     19 |       33 |            4404.96
  1001001 | amalgamalg #1                                      |     18 |       30 |             4396.8
 10008013 | namelessunivamalg #13                              |     19 |       19 |            4379.67
  4001002 | amalgedu pack #2                                   |     19 |       26 |            4372.85
  9005002 | scholarmaxi #2                                     |      9 |       11 |            4362.75
  5003001 | exportischolar #1                                  |     18 |       30 |             4357.8
  3004001 | edu packexporti #1                                 |     18 |       14 |            4339.54
  8006003 | corpnameless #3                                    |      9 |       41 |             4322.4
 10009016 | maxiunivamalg #16                                  |     19 |       44 |             4319.9
  8006001 | corpnameless #1                                    |     17 |       48 |            4307.03
  8005007 | scholarnameless #7                                 |      6 |       30 |            4292.82
  3002002 | importoexporti #2                                  |     17 |        5 |            4291.71
  4001002 | amalgedu pack #2                                   |     19 |        1 |            4231.11
 10004005 | edu packunivamalg #5                               |     17 |       23 |            4220.72
  2002001 | importoimporto #1                                  |     17 |       27 |             4219.8
  3003001 | exportiexporti #1                                  |      9 |        4 |            4189.67
  4003001 | exportiedu pack #1                                 |     19 |       48 |            4184.18
  5001001 | amalgscholar #1                                    |     17 |       49 |             4176.9
  5002001 | importoscholar #1                                  |     17 |        9 |            4172.29
  4001002 | amalgedu pack #2                                   |      9 |       15 |            4140.84
  2002001 | importoimporto #1                                  |     17 |       49 |            4128.75
  2001002 | amalgimporto #2                                    |     17 |       17 |               4125
  2003001 | exportiimporto #1                                  |     17 |       26 |             4108.2
  5004001 | edu packscholar #1                                 |     19 |       33 |            4103.45
 10004005 | edu packunivamalg #5                               |      8 |       39 |             4054.9
  3002002 | importoexporti #2                                  |     17 |       27 |            4023.36
  4002001 | importoedu pack #1                                 |     17 |        2 |            4021.64
  5001002 | amalgscholar #2                                    |      7 |       40 |               4011
  8013003 | exportimaxi #3                                     |      8 |       18 |            4010.83
  6008003 | namelesscorp #3                                    |     19 |       21 |             3996.2
  5004001 | edu packscholar #1                                 |     18 |       26 |            3991.68
  8002007 | importonameless #7                                 |     19 |       56 |            3974.04
  9012002 | importounivamalg #2                                |     17 |       52 |            3972.28
  6013008 | exportibrand #8                                    |     19 |       45 |             3970.2
  3002001 | importoexporti #1                                  |     17 |       41 |            3944.16
  6015006 | scholarbrand #6                                    |      7 |       51 |            3937.57
  7003003 | exportibrand #3                                    |      9 |       13 |             3929.6
  3002002 | importoexporti #2                                  |     19 |       50 |            3928.46
  7006007 | corpbrand #7                                       |     17 |       40 |            3917.16
  5003001 | exportischolar #1                                  |     17 |        8 |            3869.44
  3002001 | importoexporti #1                                  |     17 |       38 |            3862.16
 10012003 | importoamalgamalg #3                               |      7 |       39 |            3840.48
  7002006 | importobrand #6                                    |      8 |       57 |            3839.32
  8013003 | exportimaxi #3                                     |     19 |       11 |             3834.6
  8015006 | scholarmaxi #6                                     |     18 |       33 |            3834.41
  3001001 | amalgexporti #1                                    |      8 |       59 |            3834.39
  2002001 | importoimporto #1                                  |     18 |       28 |            3812.76
  9012002 | importounivamalg #2                                |      6 |       42 |            3811.86
  4004001 | edu packedu pack #1                                |     18 |       26 |            3810.51
 10008013 | namelessunivamalg #13                              |     19 |       16 |             3803.6
  8002010 | importonameless #10                                |      8 |        5 |            3803.28
  4002001 | importoedu pack #1                                 |     19 |       34 |            3756.96
  6015006 | scholarbrand #6                                    |      8 |       14 |            3747.02
  5001002 | amalgscholar #2                                    |     19 |       21 |            3710.84
  8014001 | edu packmaxi #1                                    |     18 |       29 |            3699.15
  4002001 | importoedu pack #1                                 |      9 |       19 |               3688
  9010005 | univunivamalg #5                                   |     17 |       23 |            3676.59
  4001002 | amalgedu pack #2                                   |      8 |       34 |            3672.64
  6016008 | corpbrand #8                                       |     17 |       48 |            3644.19
  7006007 | corpbrand #7                                       |      8 |        3 |            3602.67
  9006003 | corpmaxi #3                                        |      8 |       56 |             3595.2
  8002007 | importonameless #7                                 |     17 |        6 |            3589.92
  9001009 | amalgmaxi #9                                       |     19 |       38 |               3563
  6013003 | exportibrand #3                                    |     19 |       43 |            3560.04
  4001001 | amalgedu pack #1                                   |     18 |       26 |            3546.62
  3002001 | importoexporti #1                                  |     18 |       29 |             3515.4
  4003001 | exportiedu pack #1                                 |      9 |       32 |            3495.91
 10006012 | corpunivamalg #12                                  |     18 |       25 |             3469.5
  2001002 | amalgimporto #2                                    |     19 |       38 |             3461.4
  9006003 | corpmaxi #3                                        |     19 |       38 |            3461.04
  3001001 | amalgexporti #1                                    |     19 |       26 |            3458.06
  5004001 | edu packscholar #1                                 |      6 |       10 |             3412.8
  7016004 | corpnameless #4                                    |     17 |       51 |             3394.6
  4004001 | edu packedu pack #1                                |     17 |       54 |            3392.64
  7003003 | exportibrand #3                                    |      7 |       10 |            3379.62
  2001001 | amalgimporto #1                                    |     17 |       54 |            3371.52
 10002017 | importounivamalg #17                               |     18 |       25 |            3371.34
  5001002 | amalgscholar #2                                    |      8 |       38 |            3365.32
  8006003 | corpnameless #3                                    |     17 |       47 |            3365.15
  6015003 | scholarbrand #3                                    |      8 |        5 |            3361.38
  8005007 | scholarnameless #7                                 |     18 |       52 |             3353.2
  6002007 | importocorp #7                                     |     17 |       57 |               3346
  1001002 | amalgamalg #2                                      |      9 |       34 |            3328.56
  9004008 | edu packmaxi #8                                    |      9 |       23 |             3326.7
  6015003 | scholarbrand #3                                    |      8 |       13 |            3324.76
  8013003 | exportimaxi #3                                     |      6 |       24 |            3318.72
 10001009 | amalgunivamalg #9                                  |     19 |       28 |            3316.95
  1004002 | edu packamalg #2                                   |      9 |       15 |            3310.16
  8006003 | corpnameless #3                                    |     18 |       22 |            3309.84
  6016008 | corpbrand #8                                       |      8 |       36 |            3291.14
  4003001 | exportiedu pack #1                                 |      7 |       28 |            3285.36
  9001009 | amalgmaxi #9                                       |     17 |        4 |               3278
 10003017 | exportiunivamalg #17                               |     18 |       53 |             3257.8
  6015006 | scholarbrand #6                                    |     18 |       49 |            3251.94
  4004001 | edu packedu pack #1                                |      7 |       25 |             3221.4
  1002001 | importoamalg #1                                    |      8 |        9 |             3199.2
  3002002 | importoexporti #2                                  |     18 |       21 |            3182.76
  7006007 | corpbrand #7                                       |     17 |       37 |            3180.36
  7002006 | importobrand #6                                    |     17 |       40 |            3159.36
  8011007 | amalgmaxi #7                                       |     19 |       31 |            3157.35
  5001002 | amalgscholar #2                                    |      9 |       16 |            3150.56
  4002001 | importoedu pack #1                                 |     17 |       31 |            3148.39
  4003001 | exportiedu pack #1                                 |     19 |       14 |            3139.06
  3004002 | edu packexporti #2                                 |      7 |       49 |            3138.14
 10004005 | edu packunivamalg #5                               |     18 |       15 |            3114.36
  8006003 | corpnameless #3                                    |     17 |       45 |            3068.88
  5004002 | edu packscholar #2                                 |     19 |       58 |            3060.33
  4002001 | importoedu pack #1                                 |     17 |       41 |            3058.42
  6006002 | corpcorp #2                                        |      9 |       16 |             3041.9
  8005007 | scholarnameless #7                                 |      7 |       46 |               3041
  6015003 | scholarbrand #3                                    |      8 |       41 |            3040.62
  6001001 | amalgcorp #1                                       |      9 |       58 |            3031.38
  9005002 | scholarmaxi #2                                     |     18 |        4 |            3024.04
 10009016 | maxiunivamalg #16                                  |     18 |       42 |            3021.39
  6015003 | scholarbrand #3                                    |     18 |       29 |            2965.76
  7002006 | importobrand #6                                    |      6 |       46 |             2959.6
  9006003 | corpmaxi #3                                        |     18 |       30 |             2941.2
 10006009 | corpunivamalg #9                                   |     17 |       55 |             2934.8
  1001001 | amalgamalg #1                                      |     18 |       20 |            2922.89
  4002002 | importoedu pack #2                                 |     17 |       51 |            2895.48
  4002002 | importoedu pack #2                                 |      7 |       26 |            2888.62
  4001001 | amalgedu pack #1                                   |      9 |       13 |            2854.92
  2003002 | exportiimporto #2                                  |      6 |       32 |             2839.1
  8016005 | corpmaxi #5                                        |      8 |       22 |             2833.2
  4003001 | exportiedu pack #1                                 |     18 |        9 |            2825.04
 10012003 | importoamalgamalg #3                               |     17 |       23 |            2824.47
 10002010 | importounivamalg #10                               |     19 |        9 |             2807.2
  7002006 | importobrand #6                                    |     19 |       21 |            2806.23
  2003002 | exportiimporto #2                                  |     19 |       26 |            2803.36
  3002001 | importoexporti #1                                  |     19 |       59 |            2797.35
  2001002 | amalgimporto #2                                    |     18 |       49 |            2794.61
  1002001 | importoamalg #1                                    |      9 |       41 |            2759.12
  5002001 | importoscholar #1                                  |     17 |       13 |               2757
  9005008 | scholarmaxi #8                                     |      9 |       21 |            2737.16
  5004001 | edu packscholar #1                                 |     17 |       36 |            2735.04
  3004001 | edu packexporti #1                                 |      9 |        3 |               2734
  8006001 | corpnameless #1                                    |     18 |       48 |             2728.5
  1001001 | amalgamalg #1                                      |     19 |       12 |            2716.56
  6014005 | edu packbrand #5                                   |     18 |       42 |               2715
  4001002 | amalgedu pack #2                                   |     18 |        1 |            2713.05
  9004008 | edu packmaxi #8                                    |     17 |       43 |            2711.48
  8007001 | brandnameless #1                                   |     19 |       55 |            2699.52
  3002001 | importoexporti #1                                  |      9 |       16 |            2696.04
  7002010 | importobrand #10                                   |     17 |       45 |            2695.68
  9006003 | corpmaxi #3                                        |      6 |       31 |            2690.82
  2002001 | importoimporto #1                                  |      6 |       36 |            2687.52
  8002007 | importonameless #7                                 |     17 |       19 |            2684.22
  3002001 | importoexporti #1                                  |     18 |       54 |            2674.38
  3004002 | edu packexporti #2                                 |     17 |       21 |            2656.44
  2002001 | importoimporto #1                                  |      8 |       40 | 2655.3999999999996
  9012002 | importounivamalg #2                                |     18 |       57 |            2655.24
  2004002 | edu packimporto #2                                 |      9 |       11 |            2646.72
 10007013 | brandunivamalg #13                                 |     18 |       13 |            2636.06
  6015003 | scholarbrand #3                                    |     19 |       16 |             2635.6
  4002002 | importoedu pack #2                                 |     19 |       22 |            2634.16
  2004002 | edu packimporto #2                                 |     18 |        4 |            2632.94
  3003001 | exportiexporti #1                                  |     17 |       57 |            2625.48
  8015006 | scholarmaxi #6                                     |      6 |       56 |             2624.8
  6013008 | exportibrand #8                                    |      8 |       28 |            2620.04
  1004001 | edu packamalg #1                                   |      8 |        5 |             2580.3
  3004002 | edu packexporti #2                                 |      9 |       43 |            2564.09
  4001002 | amalgedu pack #2                                   |     19 |        8 |             2561.9
  6013003 | exportibrand #3                                    |     19 |       34 |            2557.74
  6011001 | amalgbrand #1                                      |     18 |       20 |             2555.4
  2002001 | importoimporto #1                                  |      8 |        4 |            2527.54
  1002002 | importoamalg #2                                    |      8 |       52 |            2527.04
  8003006 | exportinameless #6                                 |     19 |        1 |            2522.42
  7002010 | importobrand #10                                   |     17 |        6 |            2480.54
  2003002 | exportiimporto #2                                  |     18 |        4 |            2478.36
 10004005 | edu packunivamalg #5                               |     18 |       54 |            2465.46
  5001002 | amalgscholar #2                                    |     17 |       12 |            2465.33
  6008003 | namelesscorp #3                                    |     17 |       25 |            2453.81
 10003017 | exportiunivamalg #17                               |     17 |       33 |            2418.24
  3002001 | importoexporti #1                                  |      9 |        2 |            2399.78
 10013001 | exportiamalgamalg #1                               |     19 |       44 |            2394.18
  8016005 | corpmaxi #5                                        |      9 |       45 |            2371.62
  4002001 | importoedu pack #1                                 |     17 |       22 |            2353.41
  4001002 | amalgedu pack #2                                   |     19 |       32 |             2346.4
  6015003 | scholarbrand #3                                    |      9 |        6 |               2346
  5003001 | exportischolar #1                                  |      8 |       58 |            2341.44
  1001002 | amalgamalg #2                                      |     18 |       15 |             2318.4
  5004002 | edu packscholar #2                                 |      9 |       52 |            2310.84
  4004001 | edu packedu pack #1                                |     19 |       39 |            2307.44
  9010005 | univunivamalg #5                                   |     17 |       22 |            2280.56
  6008001 | namelesscorp #1                                    |      9 |       38 |             2241.9
  9013005 | exportiunivamalg #5                                |     17 |       24 |            2241.28
  3001001 | amalgexporti #1                                    |      6 |       51 |            2229.61
 10002010 | importounivamalg #10                               |     19 |       13 |            2229.16
  2001002 | amalgimporto #2                                    |     18 |       54 |            2221.77
  1004001 | edu packamalg #1                                   |     17 |       18 |            2221.66
 10011010 | amalgamalgamalg #10                                |     19 |       49 |             2178.4
  1001002 | amalgamalg #2                                      |      9 |       24 |             2174.5
  2001002 | amalgimporto #2                                    |      8 |       39 |               2166
  5003001 | exportischolar #1                                  |     17 |       10 |             2164.8
  9004008 | edu packmaxi #8                                    |     19 |       39 |            2151.68
  7002006 | importobrand #6                                    |     17 |        5 |            2149.68
  2001001 | amalgimporto #1                                    |      9 |       52 |             2148.9
  2002001 | importoimporto #1                                  |     17 |        4 |            2122.05
  3004002 | edu packexporti #2                                 |     17 |       32 |            2121.68
  2002001 | importoimporto #1                                  |      6 |       43 |             2121.3
 10013001 | exportiamalgamalg #1                               |     18 |        2 |               2121
  8003006 | exportinameless #6                                 |      9 |       32 |            2114.29
  6015003 | scholarbrand #3                                    |     17 |       46 |            2113.56
  9006003 | corpmaxi #3                                        |     18 |       50 |             2110.4
  1004001 | edu packamalg #1                                   |     17 |       10 |            2105.25
  5002001 | importoscholar #1                                  |     18 |       48 |            2094.54
  1003001 | exportiamalg #1                                    |      9 |        4 |            2089.36
  7003003 | exportibrand #3                                    |     19 |       49 |             2048.8
  8011004 | amalgmaxi #4                                       |     18 |       53 |            2048.29
  4003001 | exportiedu pack #1                                 |     19 |       41 |            2039.83
  1002001 | importoamalg #1                                    |     17 |       44 |            2038.94
  5003001 | exportischolar #1                                  |     19 |        8 |            2028.72
  8015006 | scholarmaxi #6                                     |      7 |       12 |            2028.63
  4001001 | amalgedu pack #1                                   |     19 |       11 |             2009.8
  6008003 | namelesscorp #3                                    |      9 |       10 |            2008.59
  3001001 | amalgexporti #1                                    |     19 |        7 |            2000.04
  5004002 | edu packscholar #2                                 |      8 |       44 |            1990.34
  1002001 | importoamalg #1                                    |     17 |       39 |            1988.92
  4001002 | amalgedu pack #2                                   |      9 |       51 |            1987.98
  9006003 | corpmaxi #3                                        |     17 |       44 |            1986.86
  2002001 | importoimporto #1                                  |     19 |        2 |             1978.6
  5004002 | edu packscholar #2                                 |     18 |        5 |             1977.9
  6012005 | importobrand #5                                    |      9 |       44 |             1976.4
 10003017 | exportiunivamalg #17                               |      8 |       36 |             1974.6
  6014005 | edu packbrand #5                                   |      8 |       16 |            1958.59
  3004002 | edu packexporti #2                                 |     19 |       36 |            1951.68
  9005008 | scholarmaxi #8                                     |     18 |       54 |            1950.63
  4004001 | edu packedu pack #1                                |     17 |       50 |            1949.56
  6008001 | namelesscorp #1                                    |     19 |       11 |            1945.48
  4004001 | edu packedu pack #1                                |      9 |       58 |            1938.56
  1004001 | edu packamalg #1                                   |      9 |       16 |             1937.6
  6002007 | importocorp #7                                     |     17 |        3 |             1922.9
 10013001 | exportiamalgamalg #1                               |     19 |        7 |            1913.52
  6016008 | corpbrand #8                                       |     17 |       41 |            1907.08
  1002001 | importoamalg #1                                    |     18 |       12 |             1903.2
  7016004 | corpnameless #4                                    |      9 |        4 |            1881.05
  8014001 | edu packmaxi #1                                    |      9 |        7 |            1875.19
  4001002 | amalgedu pack #2                                   |     18 |       44 |            1869.14
 10013001 | exportiamalgamalg #1                               |     17 |        1 |            1868.46
  8006003 | corpnameless #3                                    |      6 |       10 |             1858.8
  9006003 | corpmaxi #3                                        |     17 |       45 |            1855.56
  3002002 | importoexporti #2                                  |      9 |       44 |            1852.55
  3002001 | importoexporti #1                                  |     17 |       52 |            1848.98
  6014005 | edu packbrand #5                                   |     18 |       21 |             1831.2
  4001001 | amalgedu pack #1                                   |     17 |       36 |            1828.44
 10002017 | importounivamalg #17                               |      9 |       54 |            1824.48
  8007001 | brandnameless #1                                   |     17 |       36 |            1815.25
  9010005 | univunivamalg #5                                   |      8 |       39 |            1812.72
  8005007 | scholarnameless #7                                 |      8 |       17 |            1809.67
  5004001 | edu packscholar #1                                 |     19 |       12 |             1808.8
  5004001 | edu packscholar #1                                 |     17 |       17 |            1807.05
  6007007 | brandcorp #7                                       |     17 |       31 |            1797.39
  8005007 | scholarnameless #7                                 |      8 |       31 |            1795.68
  2001001 | amalgimporto #1                                    |      7 |       24 |             1792.2
  4001002 | amalgedu pack #2                                   |     19 |       46 |             1791.9
  8014005 | edu packmaxi #5                                    |     19 |       40 |            1787.28
  9001009 | amalgmaxi #9                                       |      9 |       11 |            1778.28
 10011010 | amalgamalgamalg #10                                |     17 |       54 |               1774
  9004008 | edu packmaxi #8                                    |     19 |       47 |            1773.64
 10006009 | corpunivamalg #9                                   |     18 |       49 |            1757.21
  9005002 | scholarmaxi #2                                     |      7 |       48 |             1754.4
  7013001 | exportinameless #1                                 |      9 |       20 |            1727.75
  4004001 | edu packedu pack #1                                |      8 |        1 |            1708.56
  5003001 | exportischolar #1                                  |     17 |       24 |            1704.56
  3003001 | exportiexporti #1                                  |     19 |       25 |               1704
  4004001 | edu packedu pack #1                                |      7 |       24 |               1700
  5003001 | exportischolar #1                                  |     18 |       46 |               1696
  3002001 | importoexporti #1                                  |      7 |        0 |            1690.26
  9005008 | scholarmaxi #8                                     |     19 |       59 |               1690
  2001001 | amalgimporto #1                                    |      8 |       57 |            1688.61
  8014005 | edu packmaxi #5                                    |     17 |       46 |            1679.36
  2001001 | amalgimporto #1                                    |     17 |       51 |            1674.44
  5004001 | edu packscholar #1                                 |     18 |       30 |            1674.24
  7014001 | edu packnameless #1                                |     17 |        1 |            1673.48
  4002001 | importoedu pack #1                                 |      9 |       58 |            1655.16
  1004002 | edu packamalg #2                                   |     18 |       51 |             1649.5
  7014001 | edu packnameless #1                                |      7 |       10 |            1649.25
  4003001 | exportiedu pack #1                                 |     17 |       40 |             1645.6
 10009016 | maxiunivamalg #16                                  |     17 |        7 |             1641.6
  3003001 | exportiexporti #1                                  |     18 |       40 |             1641.2
  4001002 | amalgedu pack #2                                   |     18 |       36 |            1632.14
  1003001 | exportiamalg #1                                    |      9 |       46 |             1628.7
  6004001 | edu packcorp #1                                    |      8 |       42 |            1624.48
  5002001 | importoscholar #1                                  |     18 |       19 |            1621.18
  6013004 | exportibrand #4                                    |     18 |       23 |            1610.73
  8016005 | corpmaxi #5                                        |     18 |       49 |            1608.84
  3004001 | edu packexporti #1                                 |     17 |       41 |            1599.82
 10011010 | amalgamalgamalg #10                                |      6 |       48 |            1597.44
  6013008 | exportibrand #8                                    |     19 |       41 | 1590.5800000000002
  7016004 | corpnameless #4                                    |     19 |       17 |            1586.31
  9005002 | scholarmaxi #2                                     |     18 |       51 |             1584.6
  1004002 | edu packamalg #2                                   |      6 |       41 |             1581.3
  2001001 | amalgimporto #1                                    |      9 |       35 |            1576.38
 10012003 | importoamalgamalg #3                               |     17 |       34 |            1562.19
  3003001 | exportiexporti #1                                  |     18 |       44 |            1558.62
  3004002 | edu packexporti #2                                 |      9 |       40 |             1548.3
  3002002 | importoexporti #2                                  |      9 |       49 |            1547.85
  3002001 | importoexporti #1                                  |      9 |       14 |            1533.28
 10008006 | namelessunivamalg #6                               |     18 |       51 |             1532.7
  2002001 | importoimporto #1                                  |     17 |       55 |            1521.08
  2003002 | exportiimporto #2                                  |      8 |        8 |             1515.8
  9006003 | corpmaxi #3                                        |     18 |       20 |            1509.12
  1002001 | importoamalg #1                                    |     17 |       24 |            1489.84
  3003001 | exportiexporti #1                                  |     17 |       27 | 1482.8799999999999
  3003001 | exportiexporti #1                                  |     17 |       26 |            1480.32
  4002002 | importoedu pack #2                                 |     17 |       11 |            1462.08
  5003001 | exportischolar #1                                  |      9 |       10 |               1462
  2002001 | importoimporto #1                                  |      9 |       52 |            1460.68
  7002006 | importobrand #6                                    |      7 |        1 |            1456.76
  4001002 | amalgedu pack #2                                   |     19 |       29 |            1455.48
  3003001 | exportiexporti #1                                  |     17 |       59 |            1441.31
  6012005 | importobrand #5                                    |     18 |       42 |            1433.36
  8015006 | scholarmaxi #6                                     |     17 |       54 |            1418.24
  3004002 | edu packexporti #2                                 |     17 |       37 |            1398.18
  9010005 | univunivamalg #5                                   |     17 |       34 |            1393.56
  4001002 | amalgedu pack #2                                   |      8 |       26 |             1377.6
  2004002 | edu packimporto #2                                 |     19 |       44 |            1368.78
  2004001 | edu packimporto #1                                 |     19 |       14 |             1358.1
  1003001 | exportiamalg #1                                    |     17 |       12 |            1355.23
  2001002 | amalgimporto #2                                    |      8 |       46 |             1353.3
  2003002 | exportiimporto #2                                  |      8 |        9 |            1348.08
  4004001 | edu packedu pack #1                                |      8 |        0 |             1345.5
  1003001 | exportiamalg #1                                    |     19 |       11 |             1338.4
 10008013 | namelessunivamalg #13                              |      9 |       16 |            1330.84
  3002001 | importoexporti #1                                  |     19 |        7 |            1307.28
  8006001 | corpnameless #1                                    |     19 |       59 |             1303.9
  1003002 | exportiamalg #2                                    |     19 |        7 |            1298.88
  6016008 | corpbrand #8                                       |      9 |       32 |            1297.08
  1004002 | edu packamalg #2                                   |     19 |       26 |            1292.62
 10011010 | amalgamalgamalg #10                                |     17 |       20 |               1281
  2003002 | exportiimporto #2                                  |      6 |       58 |             1279.8
  8006003 | corpnameless #3                                    |     19 |       23 |            1274.65
  2002001 | importoimporto #1                                  |      9 |       51 |            1273.92
  2004001 | edu packimporto #1                                 |     19 |       19 |            1271.76
  6015006 | scholarbrand #6                                    |     19 |       56 |             1247.4
  8005007 | scholarnameless #7                                 |     18 |       30 |            1237.53
  3003001 | exportiexporti #1                                  |     17 |        1 |            1232.07
  8015006 | scholarmaxi #6                                     |     18 |       56 |            1229.76
  3001001 | amalgexporti #1                                    |      9 |       16 |            1222.47
  3004002 | edu packexporti #2                                 |     19 |       29 |            1222.29
  5003001 | exportischolar #1                                  |      9 |       47 |            1217.32
  4003001 | exportiedu pack #1                                 |     19 |       53 |             1208.4
  8016005 | corpmaxi #5                                        |     17 |       27 |             1207.5
  2004001 | edu packimporto #1                                 |     17 |       46 |            1205.64
  8002007 | importonameless #7                                 |     18 |        9 |             1171.8
  1002002 | importoamalg #2                                    |      9 |       58 |            1166.85
  4004001 | edu packedu pack #1                                |     19 |       56 |            1163.76
  3001001 | amalgexporti #1                                    |     17 |       49 |               1163
  6013004 | exportibrand #4                                    |     17 |        0 |             1158.3
  9006003 | corpmaxi #3                                        |     19 |       10 |            1153.35
 10006009 | corpunivamalg #9                                   |     17 |       23 |            1147.64
  3002001 | importoexporti #1                                  |      9 |       48 |             1146.6
  6002007 | importocorp #7                                     |      7 |       21 |            1134.36
  2004001 | edu packimporto #1                                 |      9 |       32 |               1134
  6007007 | brandcorp #7                                       |      8 |       23 |             1133.4
 10002017 | importounivamalg #17                               |     18 |       46 |            1132.88
  9006003 | corpmaxi #3                                        |     17 |       27 |            1121.72
  2004001 | edu packimporto #1                                 |     17 |       47 |            1119.07
  6014005 | edu packbrand #5                                   |     17 |       52 |            1115.73
  5002001 | importoscholar #1                                  |      6 |       38 |            1110.33
  6008001 | namelesscorp #1                                    |      7 |       55 |            1097.92
  5004002 | edu packscholar #2                                 |     18 |       49 |            1097.71
  2001001 | amalgimporto #1                                    |     17 |       50 |            1096.84
  4001002 | amalgedu pack #2                                   |     17 |       18 |             1095.6
  7013001 | exportinameless #1                                 |      9 |       35 |            1089.24
  2004001 | edu packimporto #1                                 |      9 |       14 |             1073.7
  1002002 | importoamalg #2                                    |     19 |       30 |             1072.5
  6015003 | scholarbrand #3                                    |     18 |       14 |            1071.84
 10003017 | exportiunivamalg #17                               |      6 |       39 |            1070.72
  2003002 | exportiimporto #2                                  |     18 |       40 |            1068.25
  2002001 | importoimporto #1                                  |     18 |       56 |            1065.72
 10012003 | importoamalgamalg #3                               |     17 |       17 |             1065.6
  1001001 | amalgamalg #1                                      |      9 |       42 |             1060.5
  8002007 | importonameless #7                                 |     18 |       20 |            1056.08
  3003001 | exportiexporti #1                                  |     19 |       20 |             1053.5
  6012005 | importobrand #5                                    |     17 |       19 |            1048.86
  6008003 | namelesscorp #3                                    |     17 |       35 |             1046.1
  5002002 | importoscholar #2                                  |     18 |       14 |            1040.85
  3002001 | importoexporti #1                                  |     17 |        7 |             1038.5
  3003001 | exportiexporti #1                                  |     17 |       46 |               1028
  6001001 | amalgcorp #1                                       |     19 |       50 |            1025.22
  3002001 | importoexporti #1                                  |      9 |       38 |            1020.83
  2004002 | edu packimporto #2                                 |      9 |       56 |            1017.64
  1004002 | edu packamalg #2                                   |     19 |       30 |            1016.75
  7010001 | univnameless #1                                    |      9 |       18 |            1016.64
  2001002 | amalgimporto #2                                    |      9 |       55 |            1011.56
  5003001 | exportischolar #1                                  |     17 |       40 |            1008.48
  1003002 | exportiamalg #2                                    |     18 |       15 |            1007.63
  5001001 | amalgscholar #1                                    |     17 |       12 |            1005.96
  7002006 | importobrand #6                                    |     18 |       18 |            1005.48
  1004002 | edu packamalg #2                                   |     17 |       26 |              997.2
  2002001 | importoimporto #1                                  |      9 |        4 |             992.68
  1003001 | exportiamalg #1                                    |      8 |       43 |             988.88
  5003001 | exportischolar #1                                  |     18 |       29 |             986.86
  6016008 | corpbrand #8                                       |     19 |       18 |             985.72
  5001002 | amalgscholar #2                                    |      7 |        6 |             983.92
  2002001 | importoimporto #1                                  |      9 |       19 |              982.1
  2003002 | exportiimporto #2                                  |      9 |        2 |             977.32
  7002006 | importobrand #6                                    |      6 |       29 |              974.7
  3003001 | exportiexporti #1                                  |     18 |       30 |             970.36
  7006007 | corpbrand #7                                       |     19 |       55 |             965.38
 10002017 | importounivamalg #17                               |     19 |       50 |             964.44
  4002001 | importoedu pack #1                                 |      9 |       57 |              962.5
  7010001 | univnameless #1                                    |     19 |       48 |             958.23
  4002002 | importoedu pack #2                                 |     17 |       29 |              948.7
 10006012 | corpunivamalg #12                                  |      9 |        9 |             941.28
  1001001 | amalgamalg #1                                      |      9 |       54 |              937.8
  4001002 | amalgedu pack #2                                   |     19 |       43 |             928.44
  8005007 | scholarnameless #7                                 |     18 |       38 |             923.52
  6013004 | exportibrand #4                                    |     17 |        6 |                912
  5002001 | importoscholar #1                                  |     19 |       54 |              904.8
  1003001 | exportiamalg #1                                    |     17 |       24 |             903.54
  5004001 | edu packscholar #1                                 |     17 |        0 |                901
 10004005 | edu packunivamalg #5                               |      6 |        5 |             896.85
  6001001 | amalgcorp #1                                       |      9 |       49 |             894.37
  4001002 | amalgedu pack #2                                   |     18 |        5 |             886.14
 10002017 | importounivamalg #17                               |      9 |       42 |             876.72
  5002001 | importoscholar #1                                  |      9 |       32 |             874.72
  6013008 | exportibrand #8                                    |      9 |        1 |              873.6
  8015006 | scholarmaxi #6                                     |     18 |       10 |             868.31
  9005002 | scholarmaxi #2                                     |     18 |        8 |             866.04
 10006012 | corpunivamalg #12                                  |     18 |       52 |             864.28
  2001002 | amalgimporto #2                                    |     19 |       43 |             855.68
  3002002 | importoexporti #2                                  |     18 |       42 |             850.77
  1001002 | amalgamalg #2                                      |     19 |       44 |             849.24
  2004002 | edu packimporto #2                                 |      9 |        5 |              846.4
  4004001 | edu packedu pack #1                                |      9 |       31 |             841.86
  4002001 | importoedu pack #1                                 |      8 |       17 |              832.2
 10006012 | corpunivamalg #12                                  |     18 |       58 |             826.98
  2003002 | exportiimporto #2                                  |     19 |       30 |             826.78
  4003001 | exportiedu pack #1                                 |      8 |       45 |             822.96
  5004001 | edu packscholar #1                                 |      9 |       54 |             819.18
 10003017 | exportiunivamalg #17                               |      7 |       21 |             814.98
  4001002 | amalgedu pack #2                                   |     18 |       29 |             799.85
  3003001 | exportiexporti #1                                  |     19 |       48 |             793.25
  2003001 | exportiimporto #1                                  |     19 |       56 |             792.68
  8005002 | scholarnameless #2                                 |     18 |       56 |             790.92
  7014001 | edu packnameless #1                                |     18 |       28 |             789.09
  1001001 | amalgamalg #1                                      |      8 |        8 |              787.2
  6007007 | brandcorp #7                                       |     19 |       10 |             786.72
  7010001 | univnameless #1                                    |      8 |        4 |             775.62
  3001001 | amalgexporti #1                                    |     19 |       58 |              774.5
  1002002 | importoamalg #2                                    |     17 |       19 |             773.67
  6004005 | edu packcorp #5                                    |     19 |        7 |             772.65
  9006003 | corpmaxi #3                                        |     19 |       48 |             764.79
  4003001 | exportiedu pack #1                                 |     17 |       37 |             764.16
  9001009 | amalgmaxi #9                                       |     18 |        8 |              763.2
  3004001 | edu packexporti #1                                 |     19 |       44 |              762.3
 10006012 | corpunivamalg #12                                  |     17 |       21 |              760.9
  8014005 | edu packmaxi #5                                    |     18 |       11 |             758.31
  8006003 | corpnameless #3                                    |      9 |       54 |             755.82
 10009016 | maxiunivamalg #16                                  |      9 |       24 |             753.42
 10008013 | namelessunivamalg #13                              |     17 |        7 |             750.48
  2003002 | exportiimporto #2                                  |     18 |       25 |              750.3
  9010005 | univunivamalg #5                                   |     17 |       52 |                748
  3004001 | edu packexporti #1                                 |     18 |        3 |              747.6
  7002010 | importobrand #10                                   |      7 |       53 |             745.94
  4003001 | exportiedu pack #1                                 |      9 |       42 |             734.02
  3004002 | edu packexporti #2                                 |     18 |       58 |             733.41
  1003001 | exportiamalg #1                                    |      8 |       26 |             731.61
 10002017 | importounivamalg #17                               |     17 |       53 |             726.18
  4001002 | amalgedu pack #2                                   |     18 |       22 |             721.98
  1003001 | exportiamalg #1                                    |     19 |       45 |             720.18
  7006007 | corpbrand #7                                       |     19 |        8 |             717.12
 10006009 | corpunivamalg #9                                   |     19 |        9 |             716.68
  4001002 | amalgedu pack #2                                   |     17 |       55 |             713.49
 10001009 | amalgunivamalg #9                                  |      6 |       11 |             713.44
  3004002 | edu packexporti #2                                 |      9 |       31 |             712.74
  4001002 | amalgedu pack #2                                   |     17 |       25 |             704.16
  1004002 | edu packamalg #2                                   |     19 |       29 |             703.68
  6016008 | corpbrand #8                                       |      9 |       23 |             701.64
  1004002 | edu packamalg #2                                   |     18 |       55 |             699.74
 10003017 | exportiunivamalg #17                               |     17 |       52 |              699.4
  7002006 | importobrand #6                                    |     18 |       26 |             699.14
  1004001 | edu packamalg #1                                   |     18 |       19 |             695.52
  1003001 | exportiamalg #1                                    |      9 |       16 |              694.1
  7002006 | importobrand #6                                    |      8 |       47 |             691.44
  1004002 | edu packamalg #2                                   |     17 |       49 |             685.75
  3002001 | importoexporti #1                                  |      8 |       37 |             683.38
  4002002 | importoedu pack #2                                 |     17 |       23 |             677.71
  5001002 | amalgscholar #2                                    |     18 |       48 |              670.6
  7010001 | univnameless #1                                    |     19 |       51 |                656
  6016008 | corpbrand #8                                       |      9 |       58 |             654.74
 10011010 | amalgamalgamalg #10                                |     18 |        9 |             653.64
  3004001 | edu packexporti #1                                 |     18 |       48 |             653.21
  2001002 | amalgimporto #2                                    |     19 |       19 |             652.32
  3001001 | amalgexporti #1                                    |     17 |       39 |             650.32
  8006003 | corpnameless #3                                    |     17 |       37 |             649.62
  4001001 | amalgedu pack #1                                   |     18 |       19 |                648
  9004008 | edu packmaxi #8                                    |     19 |       35 |             647.46
  9006003 | corpmaxi #3                                        |     17 |       37 |             645.21
  9005008 | scholarmaxi #8                                     |     17 |       52 |             641.52
  2004002 | edu packimporto #2                                 |     19 |       20 |              641.5
  6013008 | exportibrand #8                                    |      9 |       22 |             635.25
 10006009 | corpunivamalg #9                                   |      7 |        8 |             632.06
  1001002 | amalgamalg #2                                      |     18 |       19 |              629.2
  1004001 | edu packamalg #1                                   |     18 |        4 |              627.2
  1001001 | amalgamalg #1                                      |      9 |       55 |              620.4
  6006002 | corpcorp #2                                        |      8 |       26 |              613.2
 10002017 | importounivamalg #17                               |     17 |       15 |             608.76
  6006002 | corpcorp #2                                        |      8 |        9 |             605.15
 10004005 | edu packunivamalg #5                               |     17 |        6 |             598.29
  5004002 | edu packscholar #2                                 |      9 |       57 |              597.8
  5003001 | exportischolar #1                                  |      9 |       11 |             597.78
  8007001 | brandnameless #1                                   |      8 |        7 |                594
  6008001 | namelesscorp #1                                    |     17 |       32 |             593.11
  3004002 | edu packexporti #2                                 |     18 |       18 |             591.28
  3003001 | exportiexporti #1                                  |     18 |        7 |             583.44
  9006003 | corpmaxi #3                                        |      8 |       29 |             578.88
 10009016 | maxiunivamalg #16                                  |      7 |       52 |             577.22
  8003006 | exportinameless #6                                 |      9 |       36 |             576.68
  6008003 | namelesscorp #3                                    |      9 |       25 |              568.1
 10001009 | amalgunivamalg #9                                  |     19 |       14 |             565.73
  5004002 | edu packscholar #2                                 |     19 |       46 |             560.28
  8002007 | importonameless #7                                 |      9 |        5 |             553.56
 10011010 | amalgamalgamalg #10                                |      6 |       53 |             553.28
  1003001 | exportiamalg #1                                    |      8 |       52 |              550.2
  4001002 | amalgedu pack #2                                   |     17 |       52 |             548.16
  2004001 | edu packimporto #1                                 |      9 |       51 |             547.25
  3004001 | edu packexporti #1                                 |      9 |       28 |             546.88
  2001002 | amalgimporto #2                                    |     18 |       26 |             544.31
  8002010 | importonameless #10                                |     17 |       23 |             543.51
  6008001 | namelesscorp #1                                    |      8 |       54 |             541.88
  3002002 | importoexporti #2                                  |     17 |       44 |              541.8
  4004001 | edu packedu pack #1                                |     17 |       41 |             540.96
  1004001 | edu packamalg #1                                   |     18 |       11 |                540
  8011007 | amalgmaxi #7                                       |     18 |       48 |             538.44
  5004002 | edu packscholar #2                                 |     17 |       23 |             536.25
  4001002 | amalgedu pack #2                                   |      8 |       11 |             528.66
  2004002 | edu packimporto #2                                 |     17 |       10 |              526.5
  4004001 | edu packedu pack #1                                |      9 |       30 |             524.48
  2001002 | amalgimporto #2                                    |      7 |       21 |             524.14
 10002010 | importounivamalg #10                               |      6 |       47 |             516.51
  4004001 | edu packedu pack #1                                |     17 |       30 |             513.28
 10008006 | namelessunivamalg #6                               |     18 |       42 |             512.04
  8005002 | scholarnameless #2                                 |      8 |       38 |              508.8
  9006003 | corpmaxi #3                                        |      9 |       36 |                507
  4003001 | exportiedu pack #1                                 |     19 |       45 |             506.97
  3002001 | importoexporti #1                                  |     19 |       16 |             504.32
  4001002 | amalgedu pack #2                                   |      7 |       17 |             498.25
  6016008 | corpbrand #8                                       |      8 |       51 |              496.4
  5001001 | amalgscholar #1                                    |     17 |       53 |              495.5
  4001002 | amalgedu pack #2                                   |     19 |       28 |             493.21
  7014001 | edu packnameless #1                                |      8 |        6 |             491.22
  3002001 | importoexporti #1                                  |     19 |       52 |                489
  2003002 | exportiimporto #2                                  |     19 |        4 |             488.72
  7002010 | importobrand #10                                   |      7 |       18 |              487.2
  6002007 | importocorp #7                                     |     18 |       56 |              482.4
 10003017 | exportiunivamalg #17                               |     18 |       23 |             476.93
  2002001 | importoimporto #1                                  |     17 |       54 |              472.6
  2001001 | amalgimporto #1                                    |     18 |       13 |             472.48
  3004002 | edu packexporti #2                                 |     18 |       11 |             472.12
  1001001 | amalgamalg #1                                      |     18 |       46 |             469.28
  5004002 | edu packscholar #2                                 |      6 |       14 |             468.72
  1003001 | exportiamalg #1                                    |      7 |       55 |             465.66
  6013008 | exportibrand #8                                    |     18 |       55 |             465.56
  3002001 | importoexporti #1                                  |     18 |       43 |             462.83
  5004001 | edu packscholar #1                                 |      8 |       55 |             461.01
 10008006 | namelessunivamalg #6                               |      8 |       32 |             460.72
  7016004 | corpnameless #4                                    |     18 |        3 |             459.76
 10004005 | edu packunivamalg #5                               |     17 |       53 |             458.64
  4001002 | amalgedu pack #2                                   |     17 |       22 |                458
  7014001 | edu packnameless #1                                |     19 |        5 |              455.7
  9005002 | scholarmaxi #2                                     |      7 |       16 |              455.4
  7002010 | importobrand #10                                   |     17 |       53 |             451.98
  3002001 | importoexporti #1                                  |      8 |       19 |             451.82
  8005007 | scholarnameless #7                                 |      7 |        2 |             444.36
  6006002 | corpcorp #2                                        |     17 |       57 |             443.11
  1003001 | exportiamalg #1                                    |     19 |       35 |              441.8
  3003001 | exportiexporti #1                                  |     17 |       37 |             437.58
  9001009 | amalgmaxi #9                                       |      7 |       13 |             435.12
  7003003 | exportibrand #3                                    |     18 |       38 |             428.26
  5004001 | edu packscholar #1                                 |      8 |        9 |             427.56
  4001002 | amalgedu pack #2                                   |     18 |       32 |             422.46
  1002001 | importoamalg #1                                    |     17 |       10 |             413.98
  6008001 | namelesscorp #1                                    |     17 |        0 |             413.28
  9006003 | corpmaxi #3                                        |      8 |        0 |             411.92
 10003017 | exportiunivamalg #17                               |     19 |       46 |             411.58
  8006003 | corpnameless #3                                    |     18 |       11 |             410.67
  2002001 | importoimporto #1                                  |      9 |       46 |              406.7
  7002010 | importobrand #10                                   |     17 |       46 |              406.7
  8011004 | amalgmaxi #4                                       |      9 |       51 |              403.5
  3004002 | edu packexporti #2                                 |      7 |       11 |              402.8
  4004001 | edu packedu pack #1                                |     19 |       28 |             397.79
  4003001 | exportiedu pack #1                                 |     19 |        0 |             394.56
  7002006 | importobrand #6                                    |     17 |       26 |             385.52
  3003001 | exportiexporti #1                                  |     17 |        5 |             384.32
  2003002 | exportiimporto #2                                  |     19 |       23 |             382.36
  8003006 | exportinameless #6                                 |     19 |       12 |             377.72
  5002002 | importoscholar #2                                  |     19 |       47 |             376.44
  9001009 | amalgmaxi #9                                       |     17 |       24 |             375.36
  5003001 | exportischolar #1                                  |     17 |       17 |             374.88
  7016004 | corpnameless #4                                    |     18 |       22 |             363.63
  2003001 | exportiimporto #1                                  |     19 |        4 |             363.44
  4001002 | amalgedu pack #2                                   |     19 |       49 |                363
  4003001 | exportiedu pack #1                                 |      7 |       22 |             361.75
  2002001 | importoimporto #1                                  |     19 |       55 |             356.04
  1002002 | importoamalg #2                                    |     17 |       28 |              355.2
  2002001 | importoimporto #1                                  |     18 |       23 |             354.75
  8002007 | importonameless #7                                 |      7 |       17 |              348.6
  8015006 | scholarmaxi #6                                     |     19 |        2 |             348.08
  4003001 | exportiedu pack #1                                 |      9 |       24 |              344.1
  6008001 | namelesscorp #1                                    |     17 |       40 |             343.08
  1003001 | exportiamalg #1                                    |     19 |       44 |             341.88
  4001002 | amalgedu pack #2                                   |     18 |       57 |             341.12
  7002010 | importobrand #10                                   |     17 |       12 |              340.2
  6013008 | exportibrand #8                                    |      9 |       32 |             337.98
  2004001 | edu packimporto #1                                 |     17 |       16 |             337.28
  4004001 | edu packedu pack #1                                |     17 |       35 |             333.41
  9006003 | corpmaxi #3                                        |     17 |       59 |             330.66
  4001002 | amalgedu pack #2                                   |      7 |       38 |             330.36
  8015006 | scholarmaxi #6                                     |     19 |        0 |             326.37
  4001002 | amalgedu pack #2                                   |     17 |       10 |              325.2
  9005008 | scholarmaxi #8                                     |      8 |       45 |             325.08
  3002002 | importoexporti #2                                  |     17 |        0 |             324.69
  3004002 | edu packexporti #2                                 |      7 |       48 |             324.69
  6008003 | namelesscorp #3                                    |      9 |       52 |             306.72
  5001001 | amalgscholar #1                                    |      8 |       42 |                302
 10012003 | importoamalgamalg #3                               |      8 |       18 |             301.32
  3002002 | importoexporti #2                                  |     19 |       37 |             300.85
  4004001 | edu packedu pack #1                                |     17 |       12 |             299.46
  8014001 | edu packmaxi #1                                    |      9 |       19 |              291.4
  4002001 | importoedu pack #1                                 |     17 |       53 |             285.84
  9012002 | importounivamalg #2                                |     19 |       42 |             285.39
  2003001 | exportiimporto #1                                  |     17 |       32 |                285
  3004001 | edu packexporti #1                                 |      7 |        5 |             282.96
  8006003 | corpnameless #3                                    |     17 |        5 |             277.44
  6002007 | importocorp #7                                     |     17 |       10 |             276.36
  3002001 | importoexporti #1                                  |     18 |       32 |             276.21
  2004002 | edu packimporto #2                                 |     18 |       50 |              275.9
  2004001 | edu packimporto #1                                 |     19 |        7 |             272.79
 10002010 | importounivamalg #10                               |      9 |       18 |             271.84
  8005007 | scholarnameless #7                                 |     19 |       10 |             271.29
  3004002 | edu packexporti #2                                 |      7 |       17 |             258.18
  4001002 | amalgedu pack #2                                   |     17 |        5 |                257
 10002017 | importounivamalg #17                               |     17 |       57 |             256.22
  6006002 | corpcorp #2                                        |      9 |       31 |             255.32
  3003001 | exportiexporti #1                                  |     19 |       21 |              254.8
  8005002 | scholarnameless #2                                 |      9 |       57 |             253.68
 10013001 | exportiamalgamalg #1                               |     19 |       20 |             252.09
  3003001 | exportiexporti #1                                  |      8 |       46 |              248.4
  5004001 | edu packscholar #1                                 |     19 |       23 |             243.81
  6015003 | scholarbrand #3                                    |     19 |       56 |             243.18
  8015006 | scholarmaxi #6                                     |     19 |       34 |             240.96
  6013004 | exportibrand #4                                    |     17 |       36 |             235.84
  2001001 | amalgimporto #1                                    |     19 |       40 |              235.2
  6004001 | edu packcorp #1                                    |      8 |       49 |             234.36
  8011007 | amalgmaxi #7                                       |     17 |        2 |             233.52
  1004002 | edu packamalg #2                                   |     18 |       36 |             232.99
  5002002 | importoscholar #2                                  |     19 |       10 |             231.75
  1003001 | exportiamalg #1                                    |     17 |       27 |             231.66
  8006001 | corpnameless #1                                    |     19 |       41 |             231.36
  9013005 | exportiunivamalg #5                                |     19 |       13 |             228.48
  2001002 | amalgimporto #2                                    |     17 |       49 |              227.5
  6001001 | amalgcorp #1                                       |     19 |        4 |             225.68
  2004002 | edu packimporto #2                                 |      9 |       14 |             224.13
  4002002 | importoedu pack #2                                 |     17 |       26 |             219.83
  8007001 | brandnameless #1                                   |     19 |        8 |             215.94
  6007007 | brandcorp #7                                       |      9 |       59 |             215.18
  6011001 | amalgbrand #1                                      |     18 |        0 |             214.02
  8003006 | exportinameless #6                                 |      8 |       59 |             210.69
 10002017 | importounivamalg #17                               |     19 |       45 |              207.9
  6013003 | exportibrand #3                                    |     17 |        0 |              202.5
  1002001 | importoamalg #1                                    |      9 |       28 |             199.28
  1002002 | importoamalg #2                                    |     17 |       34 |             198.48
  9012002 | importounivamalg #2                                |     17 |        1 |             197.34
  5003001 | exportischolar #1                                  |      9 |       25 |             194.97
  8003006 | exportinameless #6                                 |      7 |       47 |             194.58
  2002001 | importoimporto #1                                  |     17 |       26 |             192.74
  1003002 | exportiamalg #2                                    |      8 |       50 |              191.1
  3004002 | edu packexporti #2                                 |     17 |       42 |             188.68
  7006007 | corpbrand #7                                       |     17 |       55 |             186.94
  8014001 | edu packmaxi #1                                    |      9 |       56 |             185.15
  3004002 | edu packexporti #2                                 |      8 |        3 |             184.16
  2003002 | exportiimporto #2                                  |     17 |       36 |             181.83
  3003001 | exportiexporti #1                                  |     18 |       16 |             174.82
  3004002 | edu packexporti #2                                 |      9 |       42 |              170.2
  2001001 | amalgimporto #1                                    |     19 |       53 |              167.7
  9005008 | scholarmaxi #8                                     |     18 |       37 |             163.17
  4001002 | amalgedu pack #2                                   |     18 |        8 |                162
  9006003 | corpmaxi #3                                        |      8 |       16 |             160.16
  3004001 | edu packexporti #1                                 |      9 |       50 |                159
  8002010 | importonameless #10                                |      9 |       40 |             155.61
  8006001 | corpnameless #1                                    |      6 |       49 |             155.42
  3003001 | exportiexporti #1                                  |     19 |       44 |             151.63
  1004002 | edu packamalg #2                                   |      8 |       30 |             151.11
  2001001 | amalgimporto #1                                    |      9 |       19 |              150.6
 10008013 | namelessunivamalg #13                              |     17 |       14 |             150.57
  2004001 | edu packimporto #1                                 |     17 |       32 |             148.85
  1003001 | exportiamalg #1                                    |      9 |       30 |              146.3
  1002002 | importoamalg #2                                    |     19 |       23 |                146
  3004002 | edu packexporti #2                                 |      9 |       55 |             145.77
 10006009 | corpunivamalg #9                                   |      7 |       49 |             144.27
  7002010 | importobrand #10                                   |     17 |       23 |             143.57
  8002010 | importonameless #10                                |     18 |       38 |             141.96
  9005008 | scholarmaxi #8                                     |     17 |        7 |             141.79
  1004001 | edu packamalg #1                                   |      9 |       59 |              136.8
 10011010 | amalgamalgamalg #10                                |     17 |       28 |              136.4
  2002001 | importoimporto #1                                  |      8 |       10 |             133.92
  2002001 | importoimporto #1                                  |      9 |       36 |             132.48
  3001001 | amalgexporti #1                                    |     18 |       38 |             132.16
  1002002 | importoamalg #2                                    |     19 |       26 |             131.18
  1004001 | edu packamalg #1                                   |     19 |       28 |             130.46
  8006003 | corpnameless #3                                    |      6 |       34 |             127.02
  4002001 | importoedu pack #1                                 |     19 |        1 |             126.96
  6011001 | amalgbrand #1                                      |     19 |       39 |             126.72
  3002001 | importoexporti #1                                  |     17 |       25 |             126.39
  1004002 | edu packamalg #2                                   |      9 |       52 |             125.75
  8003006 | exportinameless #6                                 |      7 |        9 |              124.8
  2003002 | exportiimporto #2                                  |     17 |       19 |             124.41
  4001002 | amalgedu pack #2                                   |     17 |       36 |             120.96
  1004001 | edu packamalg #1                                   |      7 |       59 |             113.04
  9004008 | edu packmaxi #8                                    |      8 |       23 |             112.86
  1001001 | amalgamalg #1                                      |     18 |       33 |              107.4
  1003002 | exportiamalg #2                                    |     18 |       46 |             107.24
  9001009 | amalgmaxi #9                                       |     18 |       20 |              107.1
  1003002 | exportiamalg #2                                    |     17 |       47 |             105.28
  1001001 | amalgamalg #1                                      |     18 |       27 |             105.04
  9012002 | importounivamalg #2                                |     17 |       50 |             104.72
  8003006 | exportinameless #6                                 |     17 |       15 |             102.24
  5004002 | edu packscholar #2                                 |      9 |       56 |             101.92
  4004001 | edu packedu pack #1                                |     17 |        4 |             100.82
  6007007 | brandcorp #7                                       |     17 |        0 |              99.15
  8011004 | amalgmaxi #4                                       |     17 |        0 |               97.9
  6013008 | exportibrand #8                                    |     18 |        9 |              97.46
  1001002 | amalgamalg #2                                      |     19 |       16 |              97.35
  6013003 | exportibrand #3                                    |     18 |       49 |              95.26
  6014005 | edu packbrand #5                                   |      7 |       54 |              93.78
  1003001 | exportiamalg #1                                    |     19 |       20 |              90.16
  3003001 | exportiexporti #1                                  |     19 |       43 |               88.8
 10001009 | amalgunivamalg #9                                  |     17 |        9 |              87.59
  1004001 | edu packamalg #1                                   |      8 |       59 |               86.4
  8002010 | importonameless #10                                |      8 |       56 |               86.4
  1004002 | edu packamalg #2                                   |     17 |        6 |              86.16
  8015006 | scholarmaxi #6                                     |      7 |       35 |              85.26
  3002002 | importoexporti #2                                  |     19 |       46 |              84.16
  4004001 | edu packedu pack #1                                |     17 |       23 |                 84
  5004002 | edu packscholar #2                                 |     18 |       19 |                 83
  7006007 | corpbrand #7                                       |     17 |       25 |               81.6
 10013001 | exportiamalgamalg #1                               |      9 |       30 |              81.48
  7010001 | univnameless #1                                    |      9 |       22 |              80.73
  6004001 | edu packcorp #1                                    |      7 |       28 |              80.15
  6007007 | brandcorp #7                                       |      9 |       49 |              80.15
  6013008 | exportibrand #8                                    |     18 |       53 |              80.04
  6011001 | amalgbrand #1                                      |      9 |        6 |              74.52
 10002010 | importounivamalg #10                               |      8 |       14 |              74.48
  6011001 | amalgbrand #1                                      |      6 |       10 |              74.25
  3002001 | importoexporti #1                                  |     18 |       42 |              74.12
  2001002 | amalgimporto #2                                    |     17 |       21 |              73.77
  3002001 | importoexporti #1                                  |      7 |       21 |              66.33
  5003001 | exportischolar #1                                  |      9 |       55 |               65.4
  2001001 | amalgimporto #1                                    |     17 |       37 |              64.52
  7016004 | corpnameless #4                                    |      7 |       20 |              62.56
  1003001 | exportiamalg #1                                    |     18 |       27 |              60.32
 10011010 | amalgamalgamalg #10                                |      8 |       44 |              59.76
  3004002 | edu packexporti #2                                 |     19 |       37 |              58.32
  5004001 | edu packscholar #1                                 |     18 |       45 |              57.99
  3004002 | edu packexporti #2                                 |      8 |       10 |              56.88
  1004002 | edu packamalg #2                                   |     17 |       55 |              55.88
 10001009 | amalgunivamalg #9                                  |      6 |       37 |               55.1
  2004002 | edu packimporto #2                                 |      8 |       46 |              55.02
  4003001 | exportiedu pack #1                                 |     19 |       20 |              54.81
  5002001 | importoscholar #1                                  |      7 |       42 |              54.45
  6008001 | namelesscorp #1                                    |      8 |       33 |              54.32
  8007001 | brandnameless #1                                   |      9 |        9 |              53.28
  4003001 | exportiedu pack #1                                 |     19 |       16 |              52.96
  1003002 | exportiamalg #2                                    |      7 |       11 |               52.4
  1004002 | edu packamalg #2                                   |      8 |       23 |               51.6
  8002010 | importonameless #10                                |     19 |        0 |              51.04
  6002007 | importocorp #7                                     |     19 |       15 |               50.4
  1004002 | edu packamalg #2                                   |     17 |       31 |              50.28
  2001002 | amalgimporto #2                                    |     17 |        7 |               48.3
  5003001 | exportischolar #1                                  |     19 |       18 |              44.73
  6008003 | namelesscorp #3                                    |     18 |       26 |              44.73
  9005002 | scholarmaxi #2                                     |      7 |       20 |              42.88
  3004002 | edu packexporti #2                                 |     19 |       47 |              42.24
  5004002 | edu packscholar #2                                 |     17 |       13 |              41.58
  3001001 | amalgexporti #1                                    |      9 |       11 |              41.14
  2003001 | exportiimporto #1                                  |      9 |       14 |              40.71
  8015006 | scholarmaxi #6                                     |      9 |       31 |              39.04
  6002007 | importocorp #7                                     |      8 |       29 |               38.2
  9005002 | scholarmaxi #2                                     |      9 |       14 |              36.42
 10007013 | brandunivamalg #13                                 |     18 |       31 |              36.19
 10003017 | exportiunivamalg #17                               |     18 |       49 |              35.31
  5004001 | edu packscholar #1                                 |     17 |       11 |              34.38
  1004002 | edu packamalg #2                                   |      9 |       10 |               32.2
  5004001 | edu packscholar #1                                 |      8 |       11 |               30.5
  3004002 | edu packexporti #2                                 |     17 |       59 |              30.42
  1001002 | amalgamalg #2                                      |      8 |        6 |              30.14
  1004001 | edu packamalg #1                                   |     17 |       39 |                 30
  3002001 | importoexporti #1                                  |     18 |       47 |               29.7
  4001002 | amalgedu pack #2                                   |     17 |        9 |              29.58
  4002001 | importoedu pack #1                                 |     18 |       17 |              28.73
 10006009 | corpunivamalg #9                                   |     19 |       11 |              28.71
  4001001 | amalgedu pack #1                                   |      9 |       35 |              28.21
  8013003 | exportimaxi #3                                     |      8 |       28 |              27.84
  4004001 | edu packedu pack #1                                |      8 |       30 |               26.4
 10006009 | corpunivamalg #9                                   |     18 |       28 |              26.22
  6008001 | namelesscorp #1                                    |      8 |       58 |              25.89
  7003003 | exportibrand #3                                    |     19 |       39 |              25.44
  1002002 | importoamalg #2                                    |     19 |       34 |              25.12
  9001009 | amalgmaxi #9                                       |      9 |        7 |              24.25
  6007007 | brandcorp #7                                       |     18 |       21 |              22.95
  4004001 | edu packedu pack #1                                |      8 |       51 |              22.44
  8011004 | amalgmaxi #4                                       |     18 |       31 |               22.4
  1001001 | amalgamalg #1                                      |     19 |       33 |              22.12
  7006007 | corpbrand #7                                       |     17 |       26 |              19.57
  5003001 | exportischolar #1                                  |     17 |       23 |              18.63
  8011004 | amalgmaxi #4                                       |     19 |       52 |              16.96
  3003001 | exportiexporti #1                                  |     19 |       14 |              15.89
  8002010 | importonameless #10                                |      7 |       46 |               15.8
  8005007 | scholarnameless #7                                 |     19 |       52 |              15.54
 10006009 | corpunivamalg #9                                   |     17 |       28 |              14.72
  9006003 | corpmaxi #3                                        |     18 |       19 |              14.48
  1001001 | amalgamalg #1                                      |      9 |       16 |              12.72
  1003002 | exportiamalg #2                                    |     18 |       31 |              11.32
  5004002 | edu packscholar #2                                 |     17 |       47 |               10.5
 10002017 | importounivamalg #17                               |     19 |       37 |              10.14
  7002006 | importobrand #6                                    |      9 |       11 |              10.04
  2001002 | amalgimporto #2                                    |      6 |       52 |               8.97
  1003002 | exportiamalg #2                                    |     19 |       31 |               7.92
  8011004 | amalgmaxi #4                                       |     19 |       11 |               7.52
  7016004 | corpnameless #4                                    |      9 |       29 |                7.2
  3004002 | edu packexporti #2                                 |     18 |       16 |                5.7
 10009016 | maxiunivamalg #16                                  |     17 |       40 |               4.83
  2004001 | edu packimporto #1                                 |     18 |       22 |               4.76
  3003001 | exportiexporti #1                                  |     17 |       49 |               4.44
  4004001 | edu packedu pack #1                                |      8 |       37 |                3.6
  1001002 | amalgamalg #2                                      |     17 |       18 |                  0
  2002001 | importoimporto #1                                  |     18 |        9 |                  0
  3001001 | amalgexporti #1                                    |      9 |       56 |                  0
  4002002 | importoedu pack #2                                 |      9 |       51 |                  0
  4003001 | exportiedu pack #1                                 |      6 |       35 |                  0
  6007007 | brandcorp #7                                       |     19 |        6 |                  0
  7013001 | exportinameless #1                                 |     19 |       27 |                  0
(990 rows)

UPDATE time_statistics SET e_time = TRANSACTION_TIMESTAMP() WHERE template = 'query71.tpl' AND stream = 3;
psql:/tmp/s1-basline/throughput/query_3.sql:3698: NOTICE:  duration: 0.112 ms  plan:
Query Text: UPDATE time_statistics SET e_time = TRANSACTION_TIMESTAMP() WHERE template = 'query71.tpl' AND stream = 3;
Update on time_statistics  (cost=0.00..10.30 rows=0 width=0) (actual time=0.111..0.112 rows=0 loops=1)
  ->  Seq Scan on time_statistics  (cost=0.00..10.30 rows=1 width=14) (actual time=0.045..0.092 rows=1 loops=1)
        Filter: ((template = 'query71.tpl'::text) AND (stream = 3))
        Rows Removed by Filter: 366
UPDATE 1
LOAD 'auto_explain'; SET auto_explain.log_min_duration TO 0; SET auto_explain.log_analyze TO on; SET auto_explain.log_level TO notice; INSERT INTO time_statistics (template, s_time, stream, query, seed) VALUES ('query57.tpl', TRANSACTION_TIMESTAMP(), 3, 79, 2075798455);
LOAD
SET
SET
SET
psql:/tmp/s1-basline/throughput/query_3.sql:3699: NOTICE:  duration: 0.009 ms  plan:
Query Text: INSERT INTO time_statistics (template, s_time, stream, query, seed) VALUES ('query57.tpl', TRANSACTION_TIMESTAMP(), 3, 79, 2075798455);
Insert on time_statistics  (cost=0.00..0.01 rows=0 width=0) (actual time=0.008..0.008 rows=0 loops=1)
  ->  Result  (cost=0.00..0.01 rows=1 width=64) (actual time=0.001..0.002 rows=1 loops=1)
INSERT 0 1
with v1 as(
 select i_category, i_brand,
        cc_name,
        d_year, d_moy,
        sum(cs_sales_price) sum_sales,
        avg(sum(cs_sales_price)) over
          (partition by i_category, i_brand,
                     cc_name, d_year)
          avg_monthly_sales,
        rank() over
          (partition by i_category, i_brand,
                     cc_name
           order by d_year, d_moy) rn
 from item, catalog_sales, date_dim, call_center
 where cs_item_sk = i_item_sk and
       cs_sold_date_sk = d_date_sk and
       cc_call_center_sk= cs_call_center_sk and
       (
         d_year = 2000 or
         ( d_year = 2000-1 and d_moy =12) or
         ( d_year = 2000+1 and d_moy =1)
       )
 group by i_category, i_brand,
          cc_name , d_year, d_moy),
 v2 as(
 select v1.i_brand
        ,v1.d_year, v1.d_moy
        ,v1.avg_monthly_sales
        ,v1.sum_sales, v1_lag.sum_sales psum, v1_lead.sum_sales nsum
 from v1, v1 v1_lag, v1 v1_lead
 where v1.i_category = v1_lag.i_category and
       v1.i_category = v1_lead.i_category and
       v1.i_brand = v1_lag.i_brand and
       v1.i_brand = v1_lead.i_brand and
       v1. cc_name = v1_lag. cc_name and
       v1. cc_name = v1_lead. cc_name and
       v1.rn = v1_lag.rn + 1 and
       v1.rn = v1_lead.rn - 1)
  select  *
 from v2
 where  d_year = 2000 and
        avg_monthly_sales > 0 and
        case when avg_monthly_sales > 0 then abs(sum_sales - avg_monthly_sales) / avg_monthly_sales else null end > 0.1
 order by sum_sales - avg_monthly_sales, sum_sales
 limit 100;
psql:/tmp/s1-basline/throughput/query_3.sql:3744: NOTICE:  duration: 1619.859 ms  plan:
Query Text: with v1 as(
 select i_category, i_brand,
        cc_name,
        d_year, d_moy,
        sum(cs_sales_price) sum_sales,
        avg(sum(cs_sales_price)) over
          (partition by i_category, i_brand,
                     cc_name, d_year)
          avg_monthly_sales,
        rank() over
          (partition by i_category, i_brand,
                     cc_name
           order by d_year, d_moy) rn
 from item, catalog_sales, date_dim, call_center
 where cs_item_sk = i_item_sk and
       cs_sold_date_sk = d_date_sk and
       cc_call_center_sk= cs_call_center_sk and
       (
         d_year = 2000 or
         ( d_year = 2000-1 and d_moy =12) or
         ( d_year = 2000+1 and d_moy =1)
       )
 group by i_category, i_brand,
          cc_name , d_year, d_moy),
 v2 as(
 select v1.i_brand
        ,v1.d_year, v1.d_moy
        ,v1.avg_monthly_sales
        ,v1.sum_sales, v1_lag.sum_sales psum, v1_lead.sum_sales nsum
 from v1, v1 v1_lag, v1 v1_lead
 where v1.i_category = v1_lag.i_category and
       v1.i_category = v1_lead.i_category and
       v1.i_brand = v1_lag.i_brand and
       v1.i_brand = v1_lead.i_brand and
       v1. cc_name = v1_lag. cc_name and
       v1. cc_name = v1_lead. cc_name and
       v1.rn = v1_lag.rn + 1 and
       v1.rn = v1_lead.rn - 1)
  select  *
 from v2
 where  d_year = 2000 and
        avg_monthly_sales > 0 and
        case when avg_monthly_sales > 0 then abs(sum_sales - avg_monthly_sales) / avg_monthly_sales else null end > 0.1
 order by sum_sales - avg_monthly_sales, sum_sales
 limit 100;
Limit  (cost=28662.21..28662.22 rows=1 width=252) (actual time=1619.742..1619.762 rows=100 loops=1)
  CTE v1
    ->  WindowAgg  (cost=27133.59..27753.24 rows=8262 width=146) (actual time=1169.605..1528.974 rows=31878 loops=1)
          ->  WindowAgg  (cost=27133.59..27567.35 rows=8262 width=138) (actual time=1169.585..1503.754 rows=31878 loops=1)
                ->  GroupAggregate  (cost=27133.59..27360.80 rows=8262 width=130) (actual time=1169.567..1470.677 rows=31878 loops=1)
                      Group Key: item.i_category, item.i_brand, call_center.cc_name, date_dim.d_year, date_dim.d_moy
                      ->  Sort  (cost=27133.59..27154.25 rows=8262 width=130) (actual time=1169.552..1354.679 rows=349755 loops=1)
                            Sort Key: item.i_category, item.i_brand, call_center.cc_name, date_dim.d_year, date_dim.d_moy
                            Sort Method: external merge  Disk: 48952kB
                            ->  Hash Join  (cost=1662.56..26596.05 rows=8262 width=130) (actual time=15.522..278.315 rows=349755 loops=1)
                                  Hash Cond: (catalog_sales.cs_call_center_sk = call_center.cc_call_center_sk)
                                  ->  Hash Join  (cost=1661.43..26557.80 rows=8305 width=126) (actual time=15.512..223.851 rows=350584 loops=1)
                                        Hash Cond: (catalog_sales.cs_item_sk = item.i_item_sk)
                                        ->  Nested Loop  (cost=0.43..24875.00 rows=8305 width=32) (actual time=4.899..143.969 rows=350584 loops=1)
                                              ->  Seq Scan on date_dim  (cost=0.00..3048.60 rows=424 width=16) (actual time=4.885..10.360 rows=428 loops=1)
                                                    Filter: ((d_year = 2000) OR ((d_year = 1999) AND (d_moy = 12)) OR ((d_year = 2001) AND (d_moy = 1)))
                                                    Rows Removed by Filter: 72621
                                              ->  Index Scan using i_cs_sold_date_sk on catalog_sales  (cost=0.43..43.66 rows=782 width=32) (actual time=0.004..0.141 rows=819 loops=428)
                                                    Index Cond: (cs_sold_date_sk = date_dim.d_date_sk)
                                        ->  Hash  (cost=1436.00..1436.00 rows=18000 width=110) (actual time=10.595..10.596 rows=18000 loops=1)
                                              Buckets: 32768  Batches: 1  Memory Usage: 2783kB
                                              ->  Seq Scan on item  (cost=0.00..1436.00 rows=18000 width=110) (actual time=0.002..7.215 rows=18000 loops=1)
                                  ->  Hash  (cost=1.06..1.06 rows=6 width=20) (actual time=0.007..0.007 rows=6 loops=1)
                                        Buckets: 1024  Batches: 1  Memory Usage: 9kB
                                        ->  Seq Scan on call_center  (cost=0.00..1.06 rows=6 width=20) (actual time=0.003..0.004 rows=6 loops=1)
  ->  Sort  (cost=908.97..908.98 rows=1 width=252) (actual time=1619.741..1619.747 rows=100 loops=1)
        Sort Key: ((v1.sum_sales - v1.avg_monthly_sales)), v1.sum_sales
        Sort Method: top-N heapsort  Memory: 48kB
        ->  Hash Join  (cost=609.45..908.96 rows=1 width=252) (actual time=1592.649..1614.419 rows=23965 loops=1)
              Hash Cond: ((v1_lead.i_category = v1.i_category) AND (v1_lead.i_brand = v1.i_brand) AND ((v1_lead.cc_name)::text = (v1.cc_name)::text) AND ((v1_lead.rn - 1) = v1.rn))
              ->  CTE Scan on v1 v1_lead  (cost=0.00..165.24 rows=8262 width=542) (actual time=1169.607..1172.333 rows=31878 loops=1)
              ->  Hash  (cost=609.43..609.43 rows=1 width=1100) (actual time=423.021..423.022 rows=24928 loops=1)
                    Buckets: 32768 (originally 1024)  Batches: 1 (originally 1)  Memory Usage: 8046kB
                    ->  Hash Join  (cost=309.93..609.43 rows=1 width=1100) (actual time=388.574..411.177 rows=24928 loops=1)
                          Hash Cond: ((v1_lag.i_category = v1.i_category) AND (v1_lag.i_brand = v1.i_brand) AND ((v1_lag.cc_name)::text = (v1.cc_name)::text) AND ((v1_lag.rn + 1) = v1.rn))
                          ->  CTE Scan on v1 v1_lag  (cost=0.00..165.24 rows=8262 width=542) (actual time=0.001..2.889 rows=31878 loops=1)
                          ->  Hash  (cost=309.83..309.83 rows=5 width=558) (actual time=388.560..388.560 rows=25065 loops=1)
                                Buckets: 32768 (originally 1024)  Batches: 1 (originally 1)  Memory Usage: 4825kB
                                ->  CTE Scan on v1  (cost=0.00..309.83 rows=5 width=558) (actual time=0.214..376.700 rows=25313 loops=1)
                                      Filter: ((avg_monthly_sales > '0'::double precision) AND (d_year = 2000) AND (CASE WHEN (avg_monthly_sales > '0'::double precision) THEN (abs((sum_sales - avg_monthly_sales)) / avg_monthly_sales) ELSE NULL::double precision END > '0.1'::double precision))
                                      Rows Removed by Filter: 6565
                      i_brand                       | d_year | d_moy | avg_monthly_sales |     sum_sales      |        psum        |        nsum        
----------------------------------------------------+--------+-------+-------------------+--------------------+--------------------+--------------------
 edu packamalg #2                                   |   2000 |     7 |         8024.1225 |            3069.88 |  4724.149999999999 | 11218.300000000003
 amalgedu pack #2                                   |   2000 |     6 | 7161.656666666665 | 2419.8799999999997 | 4440.2300000000005 |  3432.640000000001
 edu packamalg #2                                   |   2000 |     1 | 7737.394166666665 |  3025.749999999998 |  7708.839999999998 |  4805.179999999999
 importoamalg #2                                    |   2000 |     2 | 7278.371666666666 | 2764.8299999999995 |            4170.84 |  3822.100000000001
 edu packamalg #2                                   |   2000 |     2 |         8024.1225 | 3530.2799999999997 |  3861.569999999998 |  5041.909999999999
 exportiamalg #2                                    |   2000 |     4 | 7083.230833333332 |  2597.659999999999 |  4057.969999999999 |  4555.719999999999
 exportischolar #2                                  |   2000 |     2 | 7235.311666666666 |  2895.659999999999 |            3367.84 | 3730.8499999999995
 amalgscholar #2                                    |   2000 |     6 | 6545.349166666667 |             2281.6 |            3408.45 | 3406.1199999999994
 importoexporti #2                                  |   2000 |     3 | 7161.544999999998 | 2978.0199999999986 | 3623.6600000000008 |  4745.659999999997
 exportischolar #2                                  |   2000 |     6 | 7605.109999999998 |            3423.63 |  3691.930000000001 |            4820.33
 edu packedu pack #2                                |   2000 |     1 | 6619.881666666665 | 2442.2300000000005 |  9165.150000000003 |            4900.75
 edu packamalg #2                                   |   2000 |     1 |         8024.1225 |  3861.569999999998 |  9728.309999999998 | 3530.2799999999997
 edu packamalg #2                                   |   2000 |     5 | 7737.394166666665 |  3577.350000000001 | 4453.7400000000025 |  5453.189999999996
 amalgamalg #2                                      |   2000 |     6 | 6251.134166666666 | 2135.3200000000006 | 3179.4900000000002 | 4804.3899999999985
 importoimporto #2                                  |   2000 |     6 | 6686.688333333332 | 2585.2899999999995 |            4184.67 |             5238.7
 edu packedu pack #2                                |   2000 |     7 | 6804.091666666668 |            2702.86 |            4418.99 |  9381.480000000007
 importoedu pack #2                                 |   2000 |     4 | 6552.041666666668 | 2537.9300000000003 | 3477.8700000000003 |  4100.839999999999
 importoamalg #2                                    |   2000 |     5 | 7103.311666666666 |             3092.8 |  4987.190000000001 | 3175.5300000000007
 exportiedu pack #2                                 |   2000 |     5 | 6428.200833333333 |  2452.759999999999 |  3189.670000000001 |            2885.14
 exportiedu pack #2                                 |   2000 |     5 | 6617.640833333334 | 2658.2400000000002 |  4211.219999999999 | 4012.2600000000007
 importoamalg #2                                    |   2000 |     6 | 7103.311666666666 | 3175.5300000000007 |             3092.8 |  4901.139999999999
 exportischolar #2                                  |   2000 |     5 | 7605.109999999998 |  3691.930000000001 |  4209.029999999997 |            3423.63
 amalgscholar #2                                    |   2000 |     3 | 6596.569166666664 |  2688.809999999999 | 3800.3200000000006 |  4534.929999999999
 exportiexporti #2                                  |   2000 |     1 | 7308.756666666665 | 3414.8799999999983 |  6032.249999999999 |            4264.13
 exportiamalg #2                                    |   2000 |     7 | 6995.280833333335 |            3106.55 |             4247.1 |  8029.300000000001
 importoexporti #2                                  |   2000 |     6 |           7035.69 |            3150.04 |  4872.760000000002 |  5454.319999999998
 exportischolar #2                                  |   2000 |     1 | 7235.311666666666 |            3367.84 |            6458.08 |  2895.659999999999
 importoedu pack #2                                 |   2000 |     1 | 6552.041666666668 |  2701.070000000001 |  6043.759999999999 |            3540.69
 importoscholar #2                                  |   2000 |     6 | 6697.329166666669 | 2851.1199999999994 |  4330.249999999999 |  4227.740000000001
 amalgamalg #2                                      |   2000 |     4 |          6390.155 |            2545.12 | 3834.2300000000005 | 2667.2000000000003
 exportiamalg #2                                    |   2000 |     4 | 6995.280833333335 |            3157.92 |  4013.269999999999 |  4893.380000000003
 exportiedu pack #2                                 |   2000 |     3 | 6617.640833333334 |            2795.48 |  3683.879999999999 |  4211.219999999999
 importoamalg #2                                    |   2000 |     5 | 7278.371666666666 | 3462.8199999999993 | 3893.8500000000004 |  3500.069999999998
 amalgimporto #2                                    |   2000 |     1 | 6932.326666666667 | 3129.5500000000006 |            6322.52 | 3767.6600000000003
 importoexporti #2                                  |   2000 |     2 | 6988.739999999999 |  3208.150000000001 |  4441.999999999999 |  5464.220000000002
 importoamalg #2                                    |   2000 |     6 | 7278.371666666666 |  3500.069999999998 | 3462.8199999999993 |  4975.029999999999
 amalgexporti #2                                    |   2000 |     6 | 6733.514166666667 |            3003.61 |  5131.650000000001 | 4025.8399999999997
 amalgedu pack #2                                   |   2000 |     7 | 7161.656666666665 |  3432.640000000001 | 2419.8799999999997 | 11258.370000000003
 amalgamalg #2                                      |   2000 |     5 |          6390.155 | 2667.2000000000003 |            2545.12 |  4197.210000000001
 exportiexporti #2                                  |   2000 |     4 | 7554.054166666665 | 3838.4399999999996 | 3888.5600000000004 |            4115.62
 amalgexporti #2                                    |   2000 |     4 | 6481.136666666666 | 2768.0199999999995 | 3607.6999999999994 | 3439.8700000000003
 exportiexporti #2                                  |   2000 |     7 | 7554.054166666665 |            3843.32 |            4682.37 | 11021.929999999993
 edu packamalg #2                                   |   2000 |     1 | 7745.421666666669 | 4037.5499999999984 |  8020.929999999998 |  4909.430000000002
 amalgedu pack #2                                   |   2000 |     6 | 7060.948333333335 |  3359.830000000001 |  3593.579999999999 |  4861.860000000001
 amalgexporti #2                                    |   2000 |     4 | 7127.693333333333 | 3429.9599999999996 |            4567.19 |  4773.659999999998
 importoexporti #2                                  |   2000 |     7 | 6988.739999999999 |            3319.78 |            3561.05 |  8242.849999999997
 exportiexporti #2                                  |   2000 |     3 | 7554.054166666665 | 3888.5600000000004 |            5045.05 | 3838.4399999999996
 edu packimporto #2                                 |   2000 |     5 | 6203.911666666667 | 2550.0699999999997 |  3897.199999999999 |  3742.439999999999
 importoscholar #2                                  |   2000 |     2 | 6697.329166666669 | 3048.7300000000005 |  4107.380000000001 |  4330.590000000002
 edu packedu pack #2                                |   2000 |     7 | 6680.719166666667 |  3039.689999999999 |  4870.540000000002 |            8441.51
 exportischolar #2                                  |   2000 |     7 | 7235.311666666666 | 3610.5399999999986 |  4607.370000000003 | 10146.379999999996
 exportiamalg #2                                    |   2000 |     2 | 6995.280833333335 | 3384.9300000000007 | 3685.1600000000008 |  4013.269999999999
 exportischolar #2                                  |   2000 |     2 | 7232.284166666669 |  3628.270000000001 |            4205.26 | 3675.3299999999995
 importoedu pack #2                                 |   2000 |     7 | 6552.041666666668 | 2950.6299999999997 |            4559.22 | 10135.080000000005
 edu packamalg #2                                   |   2000 |     7 | 7745.421666666669 |            4146.21 |            4709.29 | 10585.130000000005
 importoedu pack #2                                 |   2000 |     2 | 6907.053333333333 |  3318.540000000002 |            3714.96 |  4241.889999999999
 exportiexporti #2                                  |   2000 |     6 | 7320.664166666665 | 3756.6099999999997 |  4348.089999999999 |  4408.639999999999
 importoedu pack #2                                 |   2000 |     4 | 6907.053333333333 |            3349.57 |  4241.889999999999 |  4397.079999999999
 importoimporto #2                                  |   2000 |     4 | 6390.865000000001 | 2833.5800000000004 | 2927.0000000000005 |  3628.539999999999
 exportischolar #2                                  |   2000 |     3 | 7232.284166666669 | 3675.3299999999995 |  3628.270000000001 |  4166.400000000001
 exportiexporti #2                                  |   2000 |     4 | 7320.664166666665 | 3771.1599999999985 |            4292.15 |  4348.089999999999
 exportiedu pack #2                                 |   2000 |     6 | 6428.200833333333 |            2885.14 |  2452.759999999999 |  4190.970000000001
 amalgedu pack #2                                   |   2000 |     2 | 7161.656666666665 |  3619.200000000001 |  4135.279999999999 |  4311.199999999998
 edu packscholar #2                                 |   2000 |     4 | 5694.675833333332 | 2154.7600000000007 | 3412.3300000000004 |             4198.7
 importoexporti #2                                  |   2000 |     2 | 7161.544999999998 | 3623.6600000000008 |  5205.190000000002 | 2978.0199999999986
 exportiexporti #2                                  |   2000 |     5 | 7308.756666666665 |  3783.409999999999 |            4788.22 |  5948.579999999999
 edu packedu pack #2                                |   2000 |     4 | 6804.091666666668 | 3281.3500000000004 |  4302.329999999999 |            4826.35
 exportischolar #2                                  |   2000 |     3 | 7605.109999999998 |            4085.61 |  4265.710000000001 |  4209.029999999997
 exportiimporto #2                                  |   2000 |     2 | 6326.431666666666 |  2821.709999999999 |  4961.539999999998 |            3931.46
 exportischolar #2                                  |   2000 |     3 | 7235.311666666666 | 3730.8499999999995 |  2895.659999999999 | 4095.4500000000003
 importoedu pack #2                                 |   2000 |     1 | 6514.502500000001 | 3032.8399999999992 |  5502.289999999997 | 5333.2699999999995
 amalgimporto #2                                    |   2000 |     1 | 6511.726666666666 |  3034.380000000001 |  6721.309999999999 |            4314.81
 importoedu pack #2                                 |   2000 |     6 | 6514.502500000001 | 3037.6999999999994 |            3380.56 |  3269.150000000001
 importoimporto #2                                  |   2000 |     2 | 6686.688333333332 | 3219.0099999999993 |  4714.330000000001 | 3806.6399999999994
 amalgedu pack #2                                   |   2000 |     5 | 7060.948333333335 |  3593.579999999999 | 3813.2899999999995 |  3359.830000000001
 importoedu pack #2                                 |   2000 |     6 | 6907.053333333333 | 3439.7200000000003 |  4397.079999999999 |            3666.84
 importoimporto #2                                  |   2000 |     3 | 6390.865000000001 | 2927.0000000000005 | 3529.9900000000002 | 2833.5800000000004
 importoamalg #2                                    |   2000 |     3 | 7278.371666666666 |  3822.100000000001 | 2764.8299999999995 | 3893.8500000000004
 exportiexporti #2                                  |   2000 |     5 | 7554.054166666665 |            4115.62 | 3838.4399999999996 |            4682.37
 importoimporto #2                                  |   2000 |     6 | 6390.865000000001 |            2953.24 |  3628.539999999999 |            3611.98
 exportischolar #2                                  |   2000 |     6 | 7232.284166666669 |  3799.919999999999 |  4356.720000000002 | 3876.4300000000007
 amalgamalg #2                                      |   2000 |     4 | 6251.134166666666 | 2821.0499999999997 | 3841.4600000000005 | 3179.4900000000002
 importoexporti #2                                  |   2000 |     6 | 6988.739999999999 |            3561.05 |  3973.600000000001 |            3319.78
 amalgscholar #2                                    |   2000 |     3 | 6255.107500000001 |  2838.619999999999 |  4242.940000000002 |  4036.899999999999
 exportischolar #2                                  |   2000 |     4 | 7605.109999999998 |  4209.029999999997 |            4085.61 |  3691.930000000001
 exportiedu pack #2                                 |   2000 |     6 | 6426.710833333332 | 3036.0199999999995 |  4266.029999999998 |            3910.07
 exportiexporti #2                                  |   2000 |     1 | 7554.054166666665 |  4165.009999999999 |            5426.34 |            5045.05
 edu packexporti #2                                 |   2000 |     2 | 6153.616666666666 |            2765.54 |            2765.99 | 2967.4799999999987
 edu packexporti #2                                 |   2000 |     1 | 6153.616666666666 |            2765.99 |            4747.95 |            2765.54
 amalgimporto #2                                    |   2000 |     1 | 6143.969166666667 | 2758.1200000000017 |  6997.140000000001 |            3435.49
 importoamalg #2                                    |   2000 |     4 | 7278.371666666666 | 3893.8500000000004 |  3822.100000000001 | 3462.8199999999993
 importoexporti #2                                  |   2000 |     4 |           7035.69 | 3657.4299999999994 |  3721.109999999999 |  4872.760000000002
 importoexporti #2                                  |   2000 |     2 |           7035.69 | 3663.3400000000006 |  4523.669999999999 |  3721.109999999999
 importoamalg #2                                    |   2000 |     6 | 7063.837499999999 |  3697.769999999999 | 3970.6199999999994 |  4193.459999999999
 edu packscholar #2                                 |   2000 |     7 | 5694.675833333332 | 2333.6699999999996 | 2765.4800000000005 |            8404.28
 exportischolar #2                                  |   2000 |     7 | 7232.284166666669 | 3876.4300000000007 |  3799.919999999999 |  9385.640000000005
 exportischolar #2                                  |   2000 |     2 | 7605.109999999998 |  4265.710000000001 |  5282.550000000001 |            4085.61
 exportiimporto #2                                  |   2000 |     2 | 5890.714999999999 | 2554.7900000000004 |            4297.68 | 3462.1800000000003
 importoexporti #2                                  |   2000 |     7 | 7161.544999999998 |            3837.77 |            4351.88 |  9220.619999999999
 edu packedu pack #2                                |   2000 |     2 | 6804.091666666668 | 3480.9900000000007 |            3659.52 |  4302.329999999999
(100 rows)

UPDATE time_statistics SET e_time = TRANSACTION_TIMESTAMP() WHERE template = 'query57.tpl' AND stream = 3;
psql:/tmp/s1-basline/throughput/query_3.sql:3746: NOTICE:  duration: 0.075 ms  plan:
Query Text: UPDATE time_statistics SET e_time = TRANSACTION_TIMESTAMP() WHERE template = 'query57.tpl' AND stream = 3;
Update on time_statistics  (cost=0.00..10.30 rows=0 width=0) (actual time=0.075..0.075 rows=0 loops=1)
  ->  Seq Scan on time_statistics  (cost=0.00..10.30 rows=1 width=14) (actual time=0.034..0.060 rows=1 loops=1)
        Filter: ((template = 'query57.tpl'::text) AND (stream = 3))
        Rows Removed by Filter: 367
UPDATE 1
LOAD 'auto_explain'; SET auto_explain.log_min_duration TO 0; SET auto_explain.log_analyze TO on; SET auto_explain.log_level TO notice; INSERT INTO time_statistics (template, s_time, stream, query, seed) VALUES ('../query_postgresql/query32.tpl', TRANSACTION_TIMESTAMP(), 3, 80, 863776295);
LOAD
SET
SET
SET
psql:/tmp/s1-basline/throughput/query_3.sql:3747: NOTICE:  duration: 0.009 ms  plan:
Query Text: INSERT INTO time_statistics (template, s_time, stream, query, seed) VALUES ('../query_postgresql/query32.tpl', TRANSACTION_TIMESTAMP(), 3, 80, 863776295);
Insert on time_statistics  (cost=0.00..0.01 rows=0 width=0) (actual time=0.008..0.008 rows=0 loops=1)
  ->  Result  (cost=0.00..0.01 rows=1 width=64) (actual time=0.001..0.002 rows=1 loops=1)
INSERT 0 1
select  sum(cs_ext_discount_amt)  as "excess discount amount" 
from 
   catalog_sales 
   ,item 
   ,date_dim
where
i_manufact_id = 296
and i_item_sk = cs_item_sk 
and d_date between '1998-01-22' and 
        (cast('1998-01-22' as date) + interval '90 days')
and d_date_sk = cs_sold_date_sk 
and cs_ext_discount_amt  
     > ( 
         select 
            1.3 * avg(cs_ext_discount_amt) 
         from 
            catalog_sales 
           ,date_dim
         where 
              cs_item_sk = i_item_sk 
          and d_date between '1998-01-22' and
                             (cast('1998-01-22' as date) + interval '90 days')
          and d_date_sk = cs_sold_date_sk 
      ) 
limit 100;
psql:/tmp/s1-basline/throughput/query_3.sql:3772: NOTICE:  duration: 29.472 ms  plan:
Query Text: select  sum(cs_ext_discount_amt)  as "excess discount amount" 
from 
   catalog_sales 
   ,item 
   ,date_dim
where
i_manufact_id = 296
and i_item_sk = cs_item_sk 
and d_date between '1998-01-22' and 
        (cast('1998-01-22' as date) + interval '90 days')
and d_date_sk = cs_sold_date_sk 
and cs_ext_discount_amt  
     > ( 
         select 
            1.3 * avg(cs_ext_discount_amt) 
         from 
            catalog_sales 
           ,date_dim
         where 
              cs_item_sk = i_item_sk 
          and d_date between '1998-01-22' and
                             (cast('1998-01-22' as date) + interval '90 days')
          and d_date_sk = cs_sold_date_sk 
      ) 
limit 100;
Limit  (cost=6363.75..6363.76 rows=1 width=8) (actual time=29.464..29.467 rows=1 loops=1)
  ->  Aggregate  (cost=6363.75..6363.76 rows=1 width=8) (actual time=29.463..29.465 rows=1 loops=1)
        ->  Hash Join  (cost=1481.92..6363.75 rows=1 width=8) (actual time=8.079..29.461 rows=23 loops=1)
              Hash Cond: (catalog_sales.cs_item_sk = item.i_item_sk)
              Join Filter: (catalog_sales.cs_ext_discount_amt > (SubPlan 1))
              Rows Removed by Join Filter: 37
              ->  Nested Loop  (cost=0.72..4877.92 rows=1763 width=16) (actual time=0.022..15.037 rows=41009 loops=1)
                    ->  Index Scan using i_d_date on date_dim  (cost=0.29..5.29 rows=90 width=8) (actual time=0.012..0.027 rows=91 loops=1)
                          Index Cond: ((d_date >= '1998-01-22'::date) AND (d_date <= '1998-04-22 00:00:00'::timestamp without time zone))
                    ->  Index Scan using i_cs_sold_date_sk on catalog_sales  (cost=0.43..46.32 rows=782 width=24) (actual time=0.003..0.076 rows=451 loops=91)
                          Index Cond: (cs_sold_date_sk = date_dim.d_date_sk)
              ->  Hash  (cost=1481.00..1481.00 rows=16 width=8) (actual time=7.172..7.172 rows=28 loops=1)
                    Buckets: 1024  Batches: 1  Memory Usage: 10kB
                    ->  Seq Scan on item  (cost=0.00..1481.00 rows=16 width=8) (actual time=0.004..7.166 rows=28 loops=1)
                          Filter: (i_manufact_id = 296)
                          Rows Removed by Filter: 17972
              SubPlan 1
                ->  Aggregate  (cost=106.52..106.53 rows=1 width=8) (actual time=0.078..0.078 rows=1 loops=60)
                      ->  Hash Join  (cost=6.84..106.51 rows=1 width=8) (actual time=0.005..0.077 rows=5 loops=60)
                            Hash Cond: (catalog_sales_1.cs_sold_date_sk = date_dim_1.d_date_sk)
                            ->  Index Scan using pk_catalog_sales on catalog_sales catalog_sales_1  (cost=0.43..99.86 rows=88 width=16) (actual time=0.004..0.066 rows=116 loops=60)
                                  Index Cond: (cs_item_sk = item.i_item_sk)
                            ->  Hash  (cost=5.29..5.29 rows=90 width=8) (actual time=0.030..0.030 rows=91 loops=1)
                                  Buckets: 1024  Batches: 1  Memory Usage: 12kB
                                  ->  Index Scan using i_d_date on date_dim date_dim_1  (cost=0.29..5.29 rows=90 width=8) (actual time=0.006..0.020 rows=91 loops=1)
                                        Index Cond: ((d_date >= '1998-01-22'::date) AND (d_date <= '1998-04-22 00:00:00'::timestamp without time zone))
 excess discount amount 
------------------------
     106123.38000000002
(1 row)

UPDATE time_statistics SET e_time = TRANSACTION_TIMESTAMP() WHERE template = '../query_postgresql/query32.tpl' AND stream = 3;
psql:/tmp/s1-basline/throughput/query_3.sql:3774: NOTICE:  duration: 0.063 ms  plan:
Query Text: UPDATE time_statistics SET e_time = TRANSACTION_TIMESTAMP() WHERE template = '../query_postgresql/query32.tpl' AND stream = 3;
Update on time_statistics  (cost=0.00..10.30 rows=0 width=0) (actual time=0.062..0.062 rows=0 loops=1)
  ->  Seq Scan on time_statistics  (cost=0.00..10.30 rows=1 width=14) (actual time=0.026..0.048 rows=1 loops=1)
        Filter: ((template = '../query_postgresql/query32.tpl'::text) AND (stream = 3))
        Rows Removed by Filter: 368
UPDATE 1
LOAD 'auto_explain'; SET auto_explain.log_min_duration TO 0; SET auto_explain.log_analyze TO on; SET auto_explain.log_level TO notice; INSERT INTO time_statistics (template, s_time, stream, query, seed) VALUES ('query61.tpl', TRANSACTION_TIMESTAMP(), 3, 81, 1404665293);
LOAD
SET
SET
SET
psql:/tmp/s1-basline/throughput/query_3.sql:3775: NOTICE:  duration: 0.009 ms  plan:
Query Text: INSERT INTO time_statistics (template, s_time, stream, query, seed) VALUES ('query61.tpl', TRANSACTION_TIMESTAMP(), 3, 81, 1404665293);
Insert on time_statistics  (cost=0.00..0.01 rows=0 width=0) (actual time=0.008..0.009 rows=0 loops=1)
  ->  Result  (cost=0.00..0.01 rows=1 width=64) (actual time=0.001..0.001 rows=1 loops=1)
INSERT 0 1
select  promotions,total,cast(promotions as decimal(15,4))/cast(total as decimal(15,4))*100
from
  (select sum(ss_ext_sales_price) promotions
   from  store_sales
        ,store
        ,promotion
        ,date_dim
        ,customer
        ,customer_address 
        ,item
   where ss_sold_date_sk = d_date_sk
   and   ss_store_sk = s_store_sk
   and   ss_promo_sk = p_promo_sk
   and   ss_customer_sk= c_customer_sk
   and   ca_address_sk = c_current_addr_sk
   and   ss_item_sk = i_item_sk 
   and   ca_gmt_offset = -6
   and   i_category = 'Books'
   and   (p_channel_dmail = 'Y' or p_channel_email = 'Y' or p_channel_tv = 'Y')
   and   s_gmt_offset = -6
   and   d_year = 2001
   and   d_moy  = 11) promotional_sales,
  (select sum(ss_ext_sales_price) total
   from  store_sales
        ,store
        ,date_dim
        ,customer
        ,customer_address
        ,item
   where ss_sold_date_sk = d_date_sk
   and   ss_store_sk = s_store_sk
   and   ss_customer_sk= c_customer_sk
   and   ca_address_sk = c_current_addr_sk
   and   ss_item_sk = i_item_sk
   and   ca_gmt_offset = -6
   and   i_category = 'Books'
   and   s_gmt_offset = -6
   and   d_year = 2001
   and   d_moy  = 11) all_sales
order by promotions, total
limit 100;
psql:/tmp/s1-basline/throughput/query_3.sql:3816: NOTICE:  duration: 0.116 ms  plan:
Query Text: select  promotions,total,cast(promotions as decimal(15,4))/cast(total as decimal(15,4))*100
from
  (select sum(ss_ext_sales_price) promotions
   from  store_sales
        ,store
        ,promotion
        ,date_dim
        ,customer
        ,customer_address 
        ,item
   where ss_sold_date_sk = d_date_sk
   and   ss_store_sk = s_store_sk
   and   ss_promo_sk = p_promo_sk
   and   ss_customer_sk= c_customer_sk
   and   ca_address_sk = c_current_addr_sk
   and   ss_item_sk = i_item_sk 
   and   ca_gmt_offset = -6
   and   i_category = 'Books'
   and   (p_channel_dmail = 'Y' or p_channel_email = 'Y' or p_channel_tv = 'Y')
   and   s_gmt_offset = -6
   and   d_year = 2001
   and   d_moy  = 11) promotional_sales,
  (select sum(ss_ext_sales_price) total
   from  store_sales
        ,store
        ,date_dim
        ,customer
        ,customer_address
        ,item
   where ss_sold_date_sk = d_date_sk
   and   ss_store_sk = s_store_sk
   and   ss_customer_sk= c_customer_sk
   and   ca_address_sk = c_current_addr_sk
   and   ss_item_sk = i_item_sk
   and   ca_gmt_offset = -6
   and   i_category = 'Books'
   and   s_gmt_offset = -6
   and   d_year = 2001
   and   d_moy  = 11) all_sales
order by promotions, total
limit 100;
Limit  (cost=81742.31..81742.32 rows=1 width=48) (actual time=0.112..0.114 rows=1 loops=1)
  ->  Sort  (cost=81742.31..81742.32 rows=1 width=48) (actual time=0.112..0.114 rows=1 loops=1)
        Sort Key: (sum(store_sales.ss_ext_sales_price)), (sum(store_sales_1.ss_ext_sales_price))
        Sort Method: quicksort  Memory: 25kB
        ->  Nested Loop  (cost=81742.24..81742.30 rows=1 width=48) (actual time=0.107..0.109 rows=1 loops=1)
              ->  Aggregate  (cost=40881.80..40881.81 rows=1 width=8) (actual time=0.102..0.103 rows=1 loops=1)
                    ->  Nested Loop  (cost=1.30..40881.79 rows=2 width=8) (actual time=0.101..0.102 rows=0 loops=1)
                          Join Filter: (store_sales.ss_promo_sk = promotion.p_promo_sk)
                          ->  Seq Scan on promotion  (cost=0.00..13.25 rows=135 width=8) (actual time=0.005..0.078 rows=135 loops=1)
                                Filter: ((p_channel_dmail = 'Y'::bpchar) OR (p_channel_email = 'Y'::bpchar) OR (p_channel_tv = 'Y'::bpchar))
                                Rows Removed by Filter: 165
                          ->  Materialize  (cost=1.30..40860.45 rows=4 width=16) (actual time=0.000..0.000 rows=0 loops=135)
                                ->  Nested Loop  (cost=1.30..40860.43 rows=4 width=16) (actual time=0.005..0.006 rows=0 loops=1)
                                      ->  Nested Loop  (cost=1.01..40857.51 rows=9 width=24) (actual time=0.005..0.005 rows=0 loops=1)
                                            ->  Nested Loop  (cost=0.72..40854.71 rows=9 width=24) (actual time=0.005..0.005 rows=0 loops=1)
                                                  ->  Nested Loop  (cost=0.43..40827.92 rows=87 width=32) (actual time=0.005..0.005 rows=0 loops=1)
                                                        Join Filter: (store_sales.ss_store_sk = store.s_store_sk)
                                                        ->  Seq Scan on store  (cost=0.00..1.15 rows=1 width=8) (actual time=0.005..0.005 rows=0 loops=1)
                                                              Filter: (s_gmt_offset = '-6'::double precision)
                                                              Rows Removed by Filter: 12
                                                        ->  Nested Loop  (cost=0.43..40813.12 rows=1092 width=40) (never executed)
                                                              ->  Seq Scan on date_dim  (cost=0.00..2500.73 rows=29 width=8) (never executed)
                                                                    Filter: ((d_year = 2001) AND (d_moy = 11))
                                                              ->  Index Scan using i_ss_sold_date_sk on store_sales  (cost=0.43..1306.04 rows=1508 width=48) (never executed)
                                                                    Index Cond: (ss_sold_date_sk = date_dim.d_date_sk)
                                                  ->  Index Scan using pk_item on item  (cost=0.29..0.31 rows=1 width=8) (never executed)
                                                        Index Cond: (i_item_sk = store_sales.ss_item_sk)
                                                        Filter: (i_category = 'Books'::bpchar)
                                            ->  Index Scan using pk_customer on customer  (cost=0.29..0.31 rows=1 width=16) (never executed)
                                                  Index Cond: (c_customer_sk = store_sales.ss_customer_sk)
                                      ->  Index Scan using pk_customer_address on customer_address  (cost=0.29..0.32 rows=1 width=8) (never executed)
                                            Index Cond: (ca_address_sk = customer.c_current_addr_sk)
                                            Filter: (ca_gmt_offset = '-6'::double precision)
              ->  Aggregate  (cost=40860.44..40860.45 rows=1 width=8) (actual time=0.004..0.005 rows=1 loops=1)
                    ->  Nested Loop  (cost=1.30..40860.43 rows=4 width=8) (actual time=0.004..0.004 rows=0 loops=1)
                          ->  Nested Loop  (cost=1.01..40857.51 rows=9 width=16) (actual time=0.004..0.004 rows=0 loops=1)
                                ->  Nested Loop  (cost=0.72..40854.71 rows=9 width=16) (actual time=0.004..0.004 rows=0 loops=1)
                                      ->  Nested Loop  (cost=0.43..40827.92 rows=87 width=24) (actual time=0.003..0.004 rows=0 loops=1)
                                            Join Filter: (store_sales_1.ss_store_sk = store_1.s_store_sk)
                                            ->  Seq Scan on store store_1  (cost=0.00..1.15 rows=1 width=8) (actual time=0.003..0.003 rows=0 loops=1)
                                                  Filter: (s_gmt_offset = '-6'::double precision)
                                                  Rows Removed by Filter: 12
                                            ->  Nested Loop  (cost=0.43..40813.12 rows=1092 width=32) (never executed)
                                                  ->  Seq Scan on date_dim date_dim_1  (cost=0.00..2500.73 rows=29 width=8) (never executed)
                                                        Filter: ((d_year = 2001) AND (d_moy = 11))
                                                  ->  Index Scan using i_ss_sold_date_sk on store_sales store_sales_1  (cost=0.43..1306.04 rows=1508 width=40) (never executed)
                                                        Index Cond: (ss_sold_date_sk = date_dim_1.d_date_sk)
                                      ->  Index Scan using pk_item on item item_1  (cost=0.29..0.31 rows=1 width=8) (never executed)
                                            Index Cond: (i_item_sk = store_sales_1.ss_item_sk)
                                            Filter: (i_category = 'Books'::bpchar)
                                ->  Index Scan using pk_customer on customer customer_1  (cost=0.29..0.31 rows=1 width=16) (never executed)
                                      Index Cond: (c_customer_sk = store_sales_1.ss_customer_sk)
                          ->  Index Scan using pk_customer_address on customer_address customer_address_1  (cost=0.29..0.32 rows=1 width=8) (never executed)
                                Index Cond: (ca_address_sk = customer_1.c_current_addr_sk)
                                Filter: (ca_gmt_offset = '-6'::double precision)
 promotions | total | ?column? 
------------+-------+----------
            |       |         
(1 row)

UPDATE time_statistics SET e_time = TRANSACTION_TIMESTAMP() WHERE template = 'query61.tpl' AND stream = 3;
psql:/tmp/s1-basline/throughput/query_3.sql:3818: NOTICE:  duration: 0.048 ms  plan:
Query Text: UPDATE time_statistics SET e_time = TRANSACTION_TIMESTAMP() WHERE template = 'query61.tpl' AND stream = 3;
Update on time_statistics  (cost=0.00..10.30 rows=0 width=0) (actual time=0.047..0.047 rows=0 loops=1)
  ->  Seq Scan on time_statistics  (cost=0.00..10.30 rows=1 width=14) (actual time=0.019..0.041 rows=1 loops=1)
        Filter: ((template = 'query61.tpl'::text) AND (stream = 3))
        Rows Removed by Filter: 369
UPDATE 1
LOAD 'auto_explain'; SET auto_explain.log_min_duration TO 0; SET auto_explain.log_analyze TO on; SET auto_explain.log_level TO notice; INSERT INTO time_statistics (template, s_time, stream, query, seed) VALUES ('query85.tpl', TRANSACTION_TIMESTAMP(), 3, 82, 1453824459);
LOAD
SET
SET
SET
psql:/tmp/s1-basline/throughput/query_3.sql:3819: NOTICE:  duration: 0.007 ms  plan:
Query Text: INSERT INTO time_statistics (template, s_time, stream, query, seed) VALUES ('query85.tpl', TRANSACTION_TIMESTAMP(), 3, 82, 1453824459);
Insert on time_statistics  (cost=0.00..0.01 rows=0 width=0) (actual time=0.006..0.006 rows=0 loops=1)
  ->  Result  (cost=0.00..0.01 rows=1 width=64) (actual time=0.001..0.001 rows=1 loops=1)
INSERT 0 1
select  substr(r_reason_desc,1,20)
       ,avg(ws_quantity)
       ,avg(wr_refunded_cash)
       ,avg(wr_fee)
 from web_sales, web_returns, web_page, customer_demographics cd1,
      customer_demographics cd2, customer_address, date_dim, reason 
 where ws_web_page_sk = wp_web_page_sk
   and ws_item_sk = wr_item_sk
   and ws_order_number = wr_order_number
   and ws_sold_date_sk = d_date_sk and d_year = 1998
   and cd1.cd_demo_sk = wr_refunded_cdemo_sk 
   and cd2.cd_demo_sk = wr_returning_cdemo_sk
   and ca_address_sk = wr_refunded_addr_sk
   and r_reason_sk = wr_reason_sk
   and
   (
    (
     cd1.cd_marital_status = 'M'
     and
     cd1.cd_marital_status = cd2.cd_marital_status
     and
     cd1.cd_education_status = 'Secondary'
     and 
     cd1.cd_education_status = cd2.cd_education_status
     and
     ws_sales_price between 100.00 and 150.00
    )
   or
    (
     cd1.cd_marital_status = 'W'
     and
     cd1.cd_marital_status = cd2.cd_marital_status
     and
     cd1.cd_education_status = 'Primary' 
     and
     cd1.cd_education_status = cd2.cd_education_status
     and
     ws_sales_price between 50.00 and 100.00
    )
   or
    (
     cd1.cd_marital_status = 'D'
     and
     cd1.cd_marital_status = cd2.cd_marital_status
     and
     cd1.cd_education_status = 'College'
     and
     cd1.cd_education_status = cd2.cd_education_status
     and
     ws_sales_price between 150.00 and 200.00
    )
   )
   and
   (
    (
     ca_country = 'United States'
     and
     ca_state in ('MS', 'ID', 'TX')
     and ws_net_profit between 100 and 200  
    )
    or
    (
     ca_country = 'United States'
     and
     ca_state in ('WI', 'WY', 'VA')
     and ws_net_profit between 150 and 300  
    )
    or
    (
     ca_country = 'United States'
     and
     ca_state in ('IN', 'NV', 'NE')
     and ws_net_profit between 50 and 250  
    )
   )
group by r_reason_desc
order by substr(r_reason_desc,1,20)
        ,avg(ws_quantity)
        ,avg(wr_refunded_cash)
        ,avg(wr_fee)
limit 100;
psql:/tmp/s1-basline/throughput/query_3.sql:3900: NOTICE:  duration: 114.390 ms  plan:
Query Text: select  substr(r_reason_desc,1,20)
       ,avg(ws_quantity)
       ,avg(wr_refunded_cash)
       ,avg(wr_fee)
 from web_sales, web_returns, web_page, customer_demographics cd1,
      customer_demographics cd2, customer_address, date_dim, reason 
 where ws_web_page_sk = wp_web_page_sk
   and ws_item_sk = wr_item_sk
   and ws_order_number = wr_order_number
   and ws_sold_date_sk = d_date_sk and d_year = 1998
   and cd1.cd_demo_sk = wr_refunded_cdemo_sk 
   and cd2.cd_demo_sk = wr_returning_cdemo_sk
   and ca_address_sk = wr_refunded_addr_sk
   and r_reason_sk = wr_reason_sk
   and
   (
    (
     cd1.cd_marital_status = 'M'
     and
     cd1.cd_marital_status = cd2.cd_marital_status
     and
     cd1.cd_education_status = 'Secondary'
     and 
     cd1.cd_education_status = cd2.cd_education_status
     and
     ws_sales_price between 100.00 and 150.00
    )
   or
    (
     cd1.cd_marital_status = 'W'
     and
     cd1.cd_marital_status = cd2.cd_marital_status
     and
     cd1.cd_education_status = 'Primary' 
     and
     cd1.cd_education_status = cd2.cd_education_status
     and
     ws_sales_price between 50.00 and 100.00
    )
   or
    (
     cd1.cd_marital_status = 'D'
     and
     cd1.cd_marital_status = cd2.cd_marital_status
     and
     cd1.cd_education_status = 'College'
     and
     cd1.cd_education_status = cd2.cd_education_status
     and
     ws_sales_price between 150.00 and 200.00
    )
   )
   and
   (
    (
     ca_country = 'United States'
     and
     ca_state in ('MS', 'ID', 'TX')
     and ws_net_profit between 100 and 200  
    )
    or
    (
     ca_country = 'United States'
     and
     ca_state in ('WI', 'WY', 'VA')
     and ws_net_profit between 150 and 300  
    )
    or
    (
     ca_country = 'United States'
     and
     ca_state in ('IN', 'NV', 'NE')
     and ws_net_profit between 50 and 250  
    )
   )
group by r_reason_desc
order by substr(r_reason_desc,1,20)
        ,avg(ws_quantity)
        ,avg(wr_refunded_cash)
        ,avg(wr_fee)
limit 100;
Limit  (cost=19362.46..19362.47 rows=1 width=181) (actual time=114.373..114.378 rows=3 loops=1)
  ->  Sort  (cost=19362.46..19362.47 rows=1 width=181) (actual time=114.372..114.377 rows=3 loops=1)
        Sort Key: (substr((reason.r_reason_desc)::text, 1, 20)), (avg(web_sales.ws_quantity)), (avg(web_returns.wr_refunded_cash)), (avg(web_returns.wr_fee))
        Sort Method: quicksort  Memory: 25kB
        ->  GroupAggregate  (cost=19362.42..19362.45 rows=1 width=181) (actual time=114.361..114.370 rows=3 loops=1)
              Group Key: reason.r_reason_desc
              ->  Sort  (cost=19362.42..19362.42 rows=1 width=121) (actual time=114.346..114.351 rows=3 loops=1)
                    Sort Key: reason.r_reason_desc
                    Sort Method: quicksort  Memory: 25kB
                    ->  Nested Loop  (cost=2481.71..19362.41 rows=1 width=121) (actual time=35.859..114.336 rows=3 loops=1)
                          ->  Nested Loop  (cost=2481.42..19362.04 rows=1 width=129) (actual time=35.849..114.299 rows=6 loops=1)
                                Join Filter: (web_sales.ws_web_page_sk = web_page.wp_web_page_sk)
                                Rows Removed by Join Filter: 138
                                ->  Nested Loop  (cost=2481.42..19358.69 rows=1 width=137) (actual time=35.838..114.250 rows=6 loops=1)
                                      Join Filter: ((((customer_address.ca_state = ANY ('{MS,ID,TX}'::bpchar[])) AND (web_sales.ws_net_profit >= '100'::double precision) AND (web_sales.ws_net_profit <= '200'::double precision)) OR ((customer_address.ca_state = ANY ('{WI,WY,VA}'::bpchar[])) AND (web_sales.ws_net_profit >= '150'::double precision) AND (web_sales.ws_net_profit <= '300'::double precision)) OR ((customer_address.ca_state = ANY ('{IN,NV,NE}'::bpchar[])) AND (web_sales.ws_net_profit >= '50'::double precision) AND (web_sales.ws_net_profit <= '250'::double precision))) AND (((cd1.cd_marital_status = 'M'::bpchar) AND (cd1.cd_education_status = 'Secondary'::bpchar) AND (web_sales.ws_sales_price >= '100'::double precision) AND (web_sales.ws_sales_price <= '150'::double precision)) OR ((cd1.cd_marital_status = 'W'::bpchar) AND (cd1.cd_education_status = 'Primary'::bpchar) AND (web_sales.ws_sales_price >= '50'::double precision) AND (web_sales.ws_sales_price <= '100'::double precision)) OR ((cd1.cd_marital_status = 'D'::bpchar) AND (cd1.cd_education_status = 'College'::bpchar) AND (web_sales.ws_sales_price >= '150'::double precision) AND (web_sales.ws_sales_price <= '200'::double precision))))
                                      Rows Removed by Join Filter: 38
                                      ->  Nested Loop  (cost=2480.99..19327.08 rows=32 width=159) (actual time=24.462..108.435 rows=1372 loops=1)
                                            Join Filter: ((cd1.cd_marital_status = cd2.cd_marital_status) AND (cd1.cd_education_status = cd2.cd_education_status))
                                            ->  Nested Loop  (cost=2480.56..18293.46 rows=1192 width=167) (actual time=24.458..106.048 rows=1378 loops=1)
                                                  ->  Hash Join  (cost=2480.14..5324.68 rows=14956 width=152) (actual time=24.414..50.337 rows=16652 loops=1)
                                                        Hash Cond: (web_returns.wr_reason_sk = reason.r_reason_sk)
                                                        ->  Hash Join  (cost=2478.35..5277.03 rows=15662 width=59) (actual time=24.397..47.236 rows=17065 loops=1)
                                                              Hash Cond: (web_returns.wr_refunded_addr_sk = customer_address.ca_address_sk)
                                                              ->  Seq Scan on web_returns  (cost=0.00..2610.15 rows=71815 width=64) (actual time=0.002..5.596 rows=71815 loops=1)
                                                              ->  Hash  (cost=2335.50..2335.50 rows=11428 width=11) (actual time=24.385..24.386 rows=12453 loops=1)
                                                                    Buckets: 16384  Batches: 1  Memory Usage: 651kB
                                                                    ->  Seq Scan on customer_address  (cost=0.00..2335.50 rows=11428 width=11) (actual time=0.006..22.758 rows=12453 loops=1)
                                                                          Filter: (((ca_country)::text = 'United States'::text) AND ((ca_state = ANY ('{MS,ID,TX}'::bpchar[])) OR (ca_state = ANY ('{WI,WY,VA}'::bpchar[])) OR (ca_state = ANY ('{IN,NV,NE}'::bpchar[]))))
                                                                          Rows Removed by Filter: 37547
                                                        ->  Hash  (cost=1.35..1.35 rows=35 width=109) (actual time=0.015..0.016 rows=35 loops=1)
                                                              Buckets: 1024  Batches: 1  Memory Usage: 13kB
                                                              ->  Seq Scan on reason  (cost=0.00..1.35 rows=35 width=109) (actual time=0.005..0.009 rows=35 loops=1)
                                                  ->  Index Scan using pk_customer_demographics on customer_demographics cd1  (cost=0.43..0.87 rows=1 width=31) (actual time=0.003..0.003 rows=0 loops=16652)
                                                        Index Cond: (cd_demo_sk = web_returns.wr_refunded_cdemo_sk)
                                                        Filter: (((cd_marital_status = 'M'::bpchar) AND (cd_education_status = 'Secondary'::bpchar)) OR ((cd_marital_status = 'W'::bpchar) AND (cd_education_status = 'Primary'::bpchar)) OR ((cd_marital_status = 'D'::bpchar) AND (cd_education_status = 'College'::bpchar)))
                                                        Rows Removed by Filter: 1
                                            ->  Index Scan using pk_customer_demographics on customer_demographics cd2  (cost=0.43..0.85 rows=1 width=31) (actual time=0.001..0.001 rows=1 loops=1378)
                                                  Index Cond: (cd_demo_sk = web_returns.wr_returning_cdemo_sk)
                                      ->  Index Scan using pk_web_sales on web_sales  (cost=0.42..0.92 rows=1 width=52) (actual time=0.004..0.004 rows=0 loops=1372)
                                            Index Cond: ((ws_item_sk = web_returns.wr_item_sk) AND (ws_order_number = web_returns.wr_order_number))
                                            Filter: ((((ws_sales_price >= '100'::double precision) AND (ws_sales_price <= '150'::double precision)) OR ((ws_sales_price >= '50'::double precision) AND (ws_sales_price <= '100'::double precision)) OR ((ws_sales_price >= '150'::double precision) AND (ws_sales_price <= '200'::double precision))) AND (((ws_net_profit >= '100'::double precision) AND (ws_net_profit <= '200'::double precision)) OR ((ws_net_profit >= '150'::double precision) AND (ws_net_profit <= '300'::double precision)) OR ((ws_net_profit >= '50'::double precision) AND (ws_net_profit <= '250'::double precision))))
                                            Rows Removed by Filter: 1
                                ->  Seq Scan on web_page  (cost=0.00..2.60 rows=60 width=8) (actual time=0.003..0.004 rows=24 loops=6)
                          ->  Index Scan using pk_date_dim on date_dim  (cost=0.29..0.36 rows=1 width=8) (actual time=0.005..0.005 rows=0 loops=6)
                                Index Cond: (d_date_sk = web_sales.ws_sold_date_sk)
                                Filter: (d_year = 1998)
                                Rows Removed by Filter: 0
        substr        |         avg         |   avg   |  avg  
----------------------+---------------------+---------+-------
 Did not like the mod | 81.0000000000000000 |  377.82 | 52.59
 Found a better exten | 53.0000000000000000 | 5269.68 |  32.7
 reason 25            |  2.0000000000000000 |    2.18 | 88.53
(3 rows)

UPDATE time_statistics SET e_time = TRANSACTION_TIMESTAMP() WHERE template = 'query85.tpl' AND stream = 3;
psql:/tmp/s1-basline/throughput/query_3.sql:3902: NOTICE:  duration: 0.067 ms  plan:
Query Text: UPDATE time_statistics SET e_time = TRANSACTION_TIMESTAMP() WHERE template = 'query85.tpl' AND stream = 3;
Update on time_statistics  (cost=0.00..10.30 rows=0 width=0) (actual time=0.066..0.066 rows=0 loops=1)
  ->  Seq Scan on time_statistics  (cost=0.00..10.30 rows=1 width=14) (actual time=0.027..0.051 rows=1 loops=1)
        Filter: ((template = 'query85.tpl'::text) AND (stream = 3))
        Rows Removed by Filter: 370
UPDATE 1
LOAD 'auto_explain'; SET auto_explain.log_min_duration TO 0; SET auto_explain.log_analyze TO on; SET auto_explain.log_level TO notice; INSERT INTO time_statistics (template, s_time, stream, query, seed) VALUES ('query73.tpl', TRANSACTION_TIMESTAMP(), 3, 83, 1962558009);
LOAD
SET
SET
SET
psql:/tmp/s1-basline/throughput/query_3.sql:3903: NOTICE:  duration: 0.009 ms  plan:
Query Text: INSERT INTO time_statistics (template, s_time, stream, query, seed) VALUES ('query73.tpl', TRANSACTION_TIMESTAMP(), 3, 83, 1962558009);
Insert on time_statistics  (cost=0.00..0.01 rows=0 width=0) (actual time=0.009..0.009 rows=0 loops=1)
  ->  Result  (cost=0.00..0.01 rows=1 width=64) (actual time=0.001..0.001 rows=1 loops=1)
INSERT 0 1
select c_last_name
       ,c_first_name
       ,c_salutation
       ,c_preferred_cust_flag 
       ,ss_ticket_number
       ,cnt from
   (select ss_ticket_number
          ,ss_customer_sk
          ,count(*) cnt
    from store_sales,date_dim,store,household_demographics
    where store_sales.ss_sold_date_sk = date_dim.d_date_sk
    and store_sales.ss_store_sk = store.s_store_sk  
    and store_sales.ss_hdemo_sk = household_demographics.hd_demo_sk
    and date_dim.d_dom between 1 and 2 
    and (household_demographics.hd_buy_potential = '1001-5000' or
         household_demographics.hd_buy_potential = '5001-10000')
    and household_demographics.hd_vehicle_count > 0
    and case when household_demographics.hd_vehicle_count > 0 then 
             household_demographics.hd_dep_count/ household_demographics.hd_vehicle_count else null end > 1
    and date_dim.d_year in (2000,2000+1,2000+2)
    and store.s_county in ('Williamson County','Williamson County','Williamson County','Williamson County')
    group by ss_ticket_number,ss_customer_sk) dj,customer
    where ss_customer_sk = c_customer_sk
      and cnt between 1 and 5
    order by cnt desc, c_last_name asc;
psql:/tmp/s1-basline/throughput/query_3.sql:3928: NOTICE:  duration: 194.824 ms  plan:
Query Text: select c_last_name
       ,c_first_name
       ,c_salutation
       ,c_preferred_cust_flag 
       ,ss_ticket_number
       ,cnt from
   (select ss_ticket_number
          ,ss_customer_sk
          ,count(*) cnt
    from store_sales,date_dim,store,household_demographics
    where store_sales.ss_sold_date_sk = date_dim.d_date_sk
    and store_sales.ss_store_sk = store.s_store_sk  
    and store_sales.ss_hdemo_sk = household_demographics.hd_demo_sk
    and date_dim.d_dom between 1 and 2 
    and (household_demographics.hd_buy_potential = '1001-5000' or
         household_demographics.hd_buy_potential = '5001-10000')
    and household_demographics.hd_vehicle_count > 0
    and case when household_demographics.hd_vehicle_count > 0 then 
             household_demographics.hd_dep_count/ household_demographics.hd_vehicle_count else null end > 1
    and date_dim.d_year in (2000,2000+1,2000+2)
    and store.s_county in ('Williamson County','Williamson County','Williamson County','Williamson County')
    group by ss_ticket_number,ss_customer_sk) dj,customer
    where ss_customer_sk = c_customer_sk
      and cnt between 1 and 5
    order by cnt desc, c_last_name asc;
Sort  (cost=75436.70..75436.75 rows=19 width=81) (actual time=194.813..194.815 rows=1 loops=1)
  Sort Key: (count(*)) DESC, customer.c_last_name
  Sort Method: quicksort  Memory: 25kB
  ->  Nested Loop  (cost=75384.54..75436.30 rows=19 width=81) (actual time=193.811..194.809 rows=1 loops=1)
        ->  GroupAggregate  (cost=75384.25..75388.42 rows=19 width=24) (actual time=193.205..194.781 rows=70 loops=1)
              Group Key: store_sales.ss_ticket_number, store_sales.ss_customer_sk
              Filter: ((count(*) >= 1) AND (count(*) <= 5))
              Rows Removed by Filter: 1079
              ->  Sort  (cost=75384.25..75384.66 rows=167 width=16) (actual time=193.115..193.587 rows=12088 loops=1)
                    Sort Key: store_sales.ss_ticket_number, store_sales.ss_customer_sk
                    Sort Method: quicksort  Memory: 1045kB
                    ->  Nested Loop  (cost=0.71..75378.08 rows=167 width=16) (actual time=4.882..190.746 rows=12088 loops=1)
                          Join Filter: (store_sales.ss_store_sk = store.s_store_sk)
                          Rows Removed by Join Filter: 53526
                          ->  Nested Loop  (cost=0.71..75347.50 rows=175 width=24) (actual time=4.875..183.036 rows=12229 loops=1)
                                ->  Nested Loop  (cost=0.43..74493.77 rows=2710 width=32) (actual time=4.603..51.758 rows=107121 loops=1)
                                      ->  Seq Scan on date_dim  (cost=0.00..2774.67 rows=72 width=8) (actual time=4.587..10.005 rows=72 loops=1)
                                            Filter: ((d_dom >= 1) AND (d_dom <= 2) AND (d_year = ANY ('{2000,2001,2002}'::integer[])))
                                            Rows Removed by Filter: 72977
                                      ->  Index Scan using i_ss_sold_date_sk on store_sales  (cost=0.43..981.02 rows=1508 width=40) (actual time=0.006..0.393 rows=1488 loops=72)
                                            Index Cond: (ss_sold_date_sk = date_dim.d_date_sk)
                                ->  Index Scan using pk_household_demographics on household_demographics  (cost=0.28..0.32 rows=1 width=8) (actual time=0.001..0.001 rows=0 loops=107121)
                                      Index Cond: (hd_demo_sk = store_sales.ss_hdemo_sk)
                                      Filter: ((hd_vehicle_count > 0) AND ((hd_buy_potential = '1001-5000'::bpchar) OR (hd_buy_potential = '5001-10000'::bpchar)) AND (CASE WHEN (hd_vehicle_count > 0) THEN (hd_dep_count / hd_vehicle_count) ELSE NULL::integer END > 1))
                                      Rows Removed by Filter: 1
                          ->  Materialize  (cost=0.00..1.24 rows=12 width=8) (actual time=0.000..0.000 rows=5 loops=12229)
                                ->  Seq Scan on store  (cost=0.00..1.18 rows=12 width=8) (actual time=0.003..0.007 rows=12 loops=1)
                                      Filter: ((s_county)::text = ANY ('{"Williamson County","Williamson County","Williamson County","Williamson County"}'::text[]))
        ->  Index Scan using pk_customer on customer  (cost=0.29..2.51 rows=1 width=73) (actual time=0.000..0.000 rows=0 loops=70)
              Index Cond: (c_customer_sk = store_sales.ss_customer_sk)
          c_last_name           |     c_first_name     | c_salutation | c_preferred_cust_flag | ss_ticket_number | cnt 
--------------------------------+----------------------+--------------+-----------------------+------------------+-----
 Meade                          | Richard              | Dr.          | Y                     |            99901 |   4
(1 row)

UPDATE time_statistics SET e_time = TRANSACTION_TIMESTAMP() WHERE template = 'query73.tpl' AND stream = 3;
psql:/tmp/s1-basline/throughput/query_3.sql:3930: NOTICE:  duration: 0.068 ms  plan:
Query Text: UPDATE time_statistics SET e_time = TRANSACTION_TIMESTAMP() WHERE template = 'query73.tpl' AND stream = 3;
Update on time_statistics  (cost=0.00..10.30 rows=0 width=0) (actual time=0.067..0.067 rows=0 loops=1)
  ->  Seq Scan on time_statistics  (cost=0.00..10.30 rows=1 width=14) (actual time=0.028..0.053 rows=1 loops=1)
        Filter: ((template = 'query73.tpl'::text) AND (stream = 3))
        Rows Removed by Filter: 371
UPDATE 1
LOAD 'auto_explain'; SET auto_explain.log_min_duration TO 0; SET auto_explain.log_analyze TO on; SET auto_explain.log_level TO notice; INSERT INTO time_statistics (template, s_time, stream, query, seed) VALUES ('../query_postgresql/query98.tpl', TRANSACTION_TIMESTAMP(), 3, 84, 16510118);
LOAD
SET
SET
SET
psql:/tmp/s1-basline/throughput/query_3.sql:3931: NOTICE:  duration: 0.009 ms  plan:
Query Text: INSERT INTO time_statistics (template, s_time, stream, query, seed) VALUES ('../query_postgresql/query98.tpl', TRANSACTION_TIMESTAMP(), 3, 84, 16510118);
Insert on time_statistics  (cost=0.00..0.01 rows=0 width=0) (actual time=0.009..0.009 rows=0 loops=1)
  ->  Result  (cost=0.00..0.01 rows=1 width=64) (actual time=0.001..0.002 rows=1 loops=1)
INSERT 0 1
select i_item_id
      ,i_item_desc 
      ,i_category 
      ,i_class 
      ,i_current_price
      ,sum(ss_ext_sales_price) as itemrevenue 
      ,sum(ss_ext_sales_price)*100/sum(sum(ss_ext_sales_price)) over
          (partition by i_class) as revenueratio
from	
	store_sales
    	,item 
    	,date_dim
where 
	ss_item_sk = i_item_sk 
  	and i_category in ('Books', 'Electronics', 'Jewelry')
  	and ss_sold_date_sk = d_date_sk
	and d_date between cast('2002-04-07' as date) 
				and (cast('2002-04-07' as date) + interval '30 days')
group by 
	i_item_id
        ,i_item_desc 
        ,i_category
        ,i_class
        ,i_current_price
order by 
	i_category
        ,i_class
        ,i_item_id
        ,i_item_desc
        ,revenueratio;
psql:/tmp/s1-basline/throughput/query_3.sql:3961: NOTICE:  duration: 95.049 ms  plan:
Query Text: select i_item_id
      ,i_item_desc 
      ,i_category 
      ,i_class 
      ,i_current_price
      ,sum(ss_ext_sales_price) as itemrevenue 
      ,sum(ss_ext_sales_price)*100/sum(sum(ss_ext_sales_price)) over
          (partition by i_class) as revenueratio
from	
	store_sales
    	,item 
    	,date_dim
where 
	ss_item_sk = i_item_sk 
  	and i_category in ('Books', 'Electronics', 'Jewelry')
  	and ss_sold_date_sk = d_date_sk
	and d_date between cast('2002-04-07' as date) 
				and (cast('2002-04-07' as date) + interval '30 days')
group by 
	i_item_id
        ,i_item_desc 
        ,i_category
        ,i_class
        ,i_current_price
order by 
	i_category
        ,i_class
        ,i_item_id
        ,i_item_desc
        ,revenueratio;
Sort  (cost=42754.05..42754.99 rows=379 width=245) (actual time=93.094..93.203 rows=2618 loops=1)
  Sort Key: item.i_category, item.i_class, item.i_item_id, item.i_item_desc, ((((sum(store_sales.ss_ext_sales_price)) * '100'::double precision) / sum((sum(store_sales.ss_ext_sales_price))) OVER (?)))
  Sort Method: quicksort  Memory: 839kB
  ->  WindowAgg  (cost=42729.29..42737.81 rows=379 width=245) (actual time=83.994..85.439 rows=2618 loops=1)
        ->  Sort  (cost=42729.29..42730.23 rows=379 width=237) (actual time=83.964..84.079 rows=2618 loops=1)
              Sort Key: item.i_class
              Sort Method: quicksort  Memory: 818kB
              ->  GroupAggregate  (cost=42702.63..42713.05 rows=379 width=237) (actual time=78.406..82.057 rows=2618 loops=1)
                    Group Key: item.i_item_id, item.i_item_desc, item.i_category, item.i_class, item.i_current_price
                    ->  Sort  (cost=42702.63..42703.58 rows=379 width=237) (actual time=78.397..78.758 rows=8005 loops=1)
                          Sort Key: item.i_item_id, item.i_item_desc, item.i_category, item.i_class, item.i_current_price
                          Sort Method: quicksort  Memory: 2402kB
                          ->  Nested Loop  (cost=1.01..42686.40 rows=379 width=237) (actual time=0.042..56.362 rows=8005 loops=1)
                                ->  Nested Loop  (cost=0.72..42302.31 rows=1242 width=16) (actual time=0.015..12.073 rows=26310 loops=1)
                                      ->  Index Scan using i_d_date on date_dim  (cost=0.29..3.15 rows=33 width=8) (actual time=0.007..0.020 rows=31 loops=1)
                                            Index Cond: ((d_date >= '2002-04-07'::date) AND (d_date <= '2002-05-07 00:00:00'::timestamp without time zone))
                                      ->  Index Scan using i_ss_sold_date_sk on store_sales  (cost=0.43..1266.71 rows=1508 width=24) (actual time=0.005..0.266 rows=849 loops=31)
                                            Index Cond: (ss_sold_date_sk = date_dim.d_date_sk)
                                ->  Index Scan using pk_item on item  (cost=0.29..0.31 rows=1 width=237) (actual time=0.001..0.001 rows=0 loops=26310)
                                      Index Cond: (i_item_sk = store_sales.ss_item_sk)
                                      Filter: (i_category = ANY ('{Books,Electronics,Jewelry}'::bpchar[]))
                                      Rows Removed by Filter: 1
    i_item_id     |                                                                                               i_item_desc                                                                                                |                     i_category                     |                      i_class                       | i_current_price |    itemrevenue     |     revenueratio      
------------------+----------------------------------------------------------------------------------------------------------------------------------------------------------------------------------------------------------+----------------------------------------------------+----------------------------------------------------+-----------------+--------------------+-----------------------
 AAAAAAAAAAPCAAAA | Final magazines used to see especially soon main men. Old men make necessary, curious m                                                                                                                  | Books                                              | arts                                               |            4.19 |           11961.01 |     3.300291540684674
 AAAAAAAAAFIBAAAA | Narrow positions should not state ever to a workers; young systems would no                                                                                                                              | Books                                              | arts                                               |            3.28 |            3457.18 |    0.9539078981310309
 AAAAAAAAAFMCAAAA | Forests develop still n                                                                                                                                                                                  | Books                                              | arts                                               |            0.46 |  56.81999999999999 |   0.01567782029625451
 AAAAAAAAAIFBAAAA | Literary, expected charges would understand european parts. Now various couples should define lips. Areas shall no                                                                                       | Books                                              | arts                                               |            8.28 |             7284.6 |     2.009972716122767
 AAAAAAAAAKGDAAAA | Full, excellent organisations may look particular re                                                                                                                                                     | Books                                              | arts                                               |            4.76 | 12017.460000000001 |     3.315867270282062
 AAAAAAAAALDDAAAA | Refugees mean. Flexible, new employees should look.                                                                                                                                                      | Books                                              | arts                                               |            1.74 | 1363.6399999999999 |   0.37625665027779837
 AAAAAAAAAODCAAAA | Late minor materials ought to retain never mental, new quarters; useful                                                                                                                                  | Books                                              | arts                                               |            4.86 |           25607.78 |     7.065719342239007
 AAAAAAAABGLBAAAA | Successes take also times. Communications recognise on a colours. Long, like times greet more un                                                                                                         | Books                                              | arts                                               |            1.65 |              30.66 |  0.008459731965560777
 AAAAAAAABHFDAAAA | Brothers shall play today brief holes. Able years prescribe now strange sports. Bright firms could not go forces; occasio                                                                                | Books                                              | arts                                               |            3.81 | 4016.7799999999997 |    1.1083131821469412
 AAAAAAAABMFBAAAA | Separate eyes will find far from; parents would acquire at the words. At last solid characteristics cut additionally rational methods. Popular years keep personally in a friends. Cold, local           | Books                                              | arts                                               |            5.64 |             402.16 |   0.11096431204402878
 AAAAAAAABNACAAAA | Tory drug                                                                                                                                                                                                | Books                                              | arts                                               |            9.85 | 7513.0599999999995 |     2.073009583860928
 AAAAAAAABPMAAAAA | Social needs may support criminal, foreign patterns. Adequ                                                                                                                                               | Books                                              | arts                                               |            0.69 |            6861.38 |    1.8931975118675606
 AAAAAAAACCHDAAAA | Low, due years may forget. Workers seek close fingers. Things should not sense more often only systems. As strong cities used to appear substantially; massive, national priorities may get original, la | Books                                              | arts                                               |            8.61 |            1668.48 |   0.46036834931176923
 AAAAAAAADBNCAAAA | Light, other masters ascertain there as working groups. Clearly independent activities should listen then firms. Organizations would stay beforehand clear, intense stories. Elections m                 | Books                                              | arts                                               |            17.8 |            5163.71 |    1.4247750341776204
 AAAAAAAADDGBAAAA | Parts sue now into a standards. Military, large inches will receive for a cars. Fair words woul                                                                                                          | Books                                              | arts                                               |            7.91 |              85.89 |    0.0236988381774956
 AAAAAAAADNECAAAA | Old children could curb to the guidelines. Young, new subjects contain able problems. Other, emotional children mig                                                                                      | Books                                              | arts                                               |            0.73 |            5966.68 |    1.6463311651752177
 AAAAAAAADPPBAAAA | Children will remove. Real hands might need wide for the performances. Simple, willing conditions want on a images. Real, young goods help however twin hou                                              | Books                                              | arts                                               |            8.24 |            6645.24 |    1.8335599884808578
 AAAAAAAAEHKCAAAA | Clergy ought to give now right passengers. Statutory men must leave both new nights; actually new notions used to set importantly materials. Feet would not understand local w                           | Books                                              | arts                                               |            4.04 |  6133.259999999999 |    1.6922940533299178
 AAAAAAAAEHLAAAAA | Area                                                                                                                                                                                                     | Books                                              | arts                                               |            6.65 |            4909.26 |    1.3545669846460828
 AAAAAAAAEOCDAAAA | Gastric boots should move either attractive, medical signals. Now only solicitors see also securities. Solar, top tables touch both vast, international characters. Brief scientists o                   | Books                                              | arts                                               |            7.33 |            6058.87 |    1.6717683044415272
 AAAAAAAAEODCAAAA | Still convenient details believe similarly close activities. Years shall win easily arms; regularly specific patients could welcome n                                                                    | Books                                              | arts                                               |            4.92 |  798.4699999999999 |   0.22031448736273035
 AAAAAAAAFAEEAAAA | New, wild grounds end here very normal years. Numbers give digital brothers. Eventually big goods grow so in                                                                                             | Books                                              | arts                                               |            2.39 | 1881.2399999999998 |    0.5190732603682829
 AAAAAAAAFDACAAAA | New objects discharge then hard journals;                                                                                                                                                                | Books                                              | arts                                               |            3.69 |            5154.84 |    1.4223276166128935
 AAAAAAAAFFJAAAAA | About rough dishes would reflect perhaps ideological capitalist bonds. English, central amou                                                                                                             | Books                                              | arts                                               |            9.93 |            9002.54 |     2.483988108585764
 AAAAAAAAGCADAAAA | Small,                                                                                                                                                                                                   | Books                                              | arts                                               |            3.85 |               5691 |    1.5702653168951852
 AAAAAAAAGCODAAAA | At all important conditions will not form over away from a children. Hitherto similar children should back in order homes. Big demands know results; ol                                                  | Books                                              | arts                                               |            6.73 |            8562.46 |    2.3625608795119217
 AAAAAAAAGFGDAAAA | Friends might shake. Well double books could not tell soon police. Current, christian requests can                                                                                                       | Books                                              | arts                                               |             4.9 |            1746.75 |   0.48196467093422335
 AAAAAAAAGHABAAAA | New, individual findings may enable alone visit                                                                                                                                                          | Books                                              | arts                                               |            5.89 |            8071.25 |    2.2270258195379133
 AAAAAAAAGHAEAAAA | Effective feelings could not look only matters. Procedures see new, severe individ                                                                                                                       | Books                                              | arts                                               |            9.31 |                    |                      
 AAAAAAAAGNBCAAAA | Weak, marvellous centres shall maintain perhaps at a years; recent p                                                                                                                                     | Books                                              | arts                                               |           31.05 | 11788.349999999999 |     3.252651054018864
 AAAAAAAAGPIAAAAA | Keen studies like hot women. Hitherto important women praise subsequently absolute, local benefits. Supreme, sec                                                                                         | Books                                              | arts                                               |            2.33 |            2289.17 |    0.6316296354730191
 AAAAAAAAHHBEAAAA | As open dollars can marry most. Desirable services speak anything but natural, similar authorities. Angry evenings cannot record bar                                                                     | Books                                              | arts                                               |             0.4 |            7646.84 |    2.1099222695214865
 AAAAAAAAHINAAAAA | Contracts would miss much dangerous, british values. Once ag                                                                                                                                             | Books                                              | arts                                               |            5.84 |             5049.9 |     1.393372487047794
 AAAAAAAAHLGBAAAA | Little local agencies tell brightly only holy plants. Spanish agencies speak quite into a requirements; northern conditions can make firmly. Leading memories ought to tidy worth a years. Positive, ec  | Books                                              | arts                                               |           85.09 |            8581.15 |    2.3677178394087366
 AAAAAAAAICAAAAAA | Soft, local schools apply naval, extra letters. Guilty ages might lead later mainly russian minutes; as financial shoulders ought to decide and so o                                                     | Books                                              | arts                                               |            4.34 |            9606.11 |    2.6505256305183638
 AAAAAAAAIJIBAAAA | Parents clarify ill complete, universal friends. Much american days allow. Happy, legal books drift.                                                                                                     | Books                                              | arts                                               |            9.84 |            1032.47 |   0.28487995637581653
 AAAAAAAAIKCDAAAA | Just smooth members might not complete to a considerations. Young, total doctors turn slightly hours. Now public limits account norma                                                                    | Books                                              | arts                                               |            3.39 |            6888.07 |    1.9005618382263607
 AAAAAAAAIKKDAAAA | Long great boys must calculate schemes. Groups may come about the words. Years can understand really brief magazines. Requirem                                                                           | Books                                              | arts                                               |            8.81 |            6937.93 |    1.9143192497006876
 AAAAAAAAINHDAAAA | Final reactions would guide at present bedrooms; girls would not need especially; eyes turn.                                                                                                             | Books                                              | arts                                               |            3.56 |            8883.65 |    2.4511838837525763
 AAAAAAAAIPADAAAA | Never labour circumstances must not live by a colours. Operations force consequently in a pupils. Finally only interests ignore clubs. Issues would not feel suddenly; small arms may                    | Books                                              | arts                                               |            4.01 |             434.95 |   0.12001175533009328
 AAAAAAAAIPLAAAAA | Wide planes may see global tories. Papers e                                                                                                                                                              | Books                                              | arts                                               |            3.44 |            1511.44 |   0.41703774566298696
 AAAAAAAAJADEAAAA | Consid                                                                                                                                                                                                   | Books                                              | arts                                               |            2.77 | 32692.420000000002 |     9.020518933644437
 AAAAAAAAJBCBAAAA | International persons put at the talks; at last able years must not make industries. Occasional, fierce tories may not lie after a                                                                       | Books                                              | arts                                               |            2.87 |            1387.44 |   0.38282356550220625
 AAAAAAAAJEJDAAAA | Constraints can abandon all short others. Widely medical eyes pay just english, glad days; little, fair policies can regret weeks. Only royal aspira                                                     | Books                                              | arts                                               |            3.63 |  6479.779999999999 |    1.7879061316308351
 AAAAAAAAJPOCAAAA | Versions leave ago                                                                                                                                                                                       | Books                                              | arts                                               |            2.25 |            4661.91 |    1.2863179728495577
 AAAAAAAAKCHAAAAA | Chief tons hope extensively as a prices. Increasing, bright children could not provide ready scientific developments. Intense walls would find apparen                                                   | Books                                              | arts                                               |            0.24 |            3365.24 |    0.9285397390666585
 AAAAAAAAKCOCAAAA | Political children give therefore new levels. Racial studies conde                                                                                                                                       | Books                                              | arts                                               |            2.41 |              89.43 |   0.02467559783692434
 AAAAAAAAKDNDAAAA | Young benefits care unknown, western towns; feet could tell; both national banks start in a contr                                                                                                        | Books                                              | arts                                               |            0.44 |             964.17 |   0.26603456520661234
 AAAAAAAAKJGDAAAA | Long similar pounds shall not care partie                                                                                                                                                                | Books                                              | arts                                               |            4.49 |              308.9 |    0.0852319375134287
 AAAAAAAAKMKAAAAA | International difficulties cannot offset now in a miles. Sure, helpful men listen. Decisions should meet therefore odds. Camps run too articles. Very nucle                                              | Books                                              | arts                                               |            3.13 |           25368.96 |     6.999823934932574
 AAAAAAAAKPNCAAAA | Songs will not enjoy hearts. Neither private women ensure never around present responsibilities. Linguistic, foreign concepts may not drop abou                                                          | Books                                              | arts                                               |            2.66 |  781.8199999999999 |   0.21572040591372232
 AAAAAAAALBNAAAAA | Generally asian eyes sell individually films. Normal feet become on a lips. Also very weeks intend warmly. Major, scottish details get. Simple systems shall provide sure li                             | Books                                              | arts                                               |            3.87 |  8295.919999999998 |    2.2890169474147077
 AAAAAAAAMDNAAAAA | Valuable demands cannot go                                                                                                                                                                               | Books                                              | arts                                               |           78.52 |            4874.44 |    1.3449594221202892
 AAAAAAAAMEKCAAAA | Members receive men. Quite clear                                                                                                                                                                         | Books                                              | arts                                               |           45.12 |            2862.32 |    0.7897736464339179
 AAAAAAAAMJBBAAAA | High events improve arguments; american cards should not follow just changes; attitudes should return least comprehensive shares. Sen                                                                    | Books                                              | arts                                               |            1.92 |             2692.8 |    0.7429995511044377
 AAAAAAAAMJFDAAAA | Positive, special qualifications pick therefore general successes; endless, necessary knees might not enter in the friends; extra types say then about the relationships. Future ground                  | Books                                              | arts                                               |            8.72 |            2278.78 |    0.6287628182805151
 AAAAAAAAMOIDAAAA | Particular, real relations can say familiar, different spaces. In p                                                                                                                                      | Books                                              | arts                                               |            5.51 |            9050.59 |     2.497246103398066
 AAAAAAAANIPBAAAA | Deaf policemen ought to reduce in general. Still possible photographs must receive historically big blind galleries                                                                                      | Books                                              | arts                                               |            39.5 |           10535.58 |    2.9069857436961124
 AAAAAAAANMNCAAAA | Mountains should break to a offices. Widespread, old details might vot                                                                                                                                   | Books                                              | arts                                               |            4.61 | 267.20000000000005 |   0.07372603983032747
 AAAAAAAAOBABAAAA | Creditors cannot solve negative, rich achievements; independent, educational hours influence still political, cultural opportunities. New weeks                                                          | Books                                              | arts                                               |             8.4 |              118.1 |   0.03258624739506614
 AAAAAAAAOLPBAAAA | Female problems may deny. National, accessible sums send other lips; now high pounds must say hands. Main reservations bother in a cities; things go forward for a views. Coun                           | Books                                              | arts                                               |            2.97 |            1969.16 |    0.5433322177855074
 AAAAAAAAONJCAAAA | Benefits like outer, likely problems.                                                                                                                                                                    | Books                                              | arts                                               |            0.62 |  67.75999999999999 |  0.018696393933020163
 AAAAAAAAONPCAAAA | Difficult, deaf structures might take now by a days. Slightly specific ages could continue more scottish, early boys; other, universal forms must not take hence ever partial weekends; ha               | Books                                              | arts                                               |            3.76 |            1709.16 |    0.4715928077709673
 AAAAAAAAOPODAAAA | Simple, following books should not decide together. Empty contracts face now ill theories. Now spanish details sign nearly absolutely early operations. Concerned, american foreigners m                 | Books                                              | arts                                               |             9.4 | 3675.5099999999998 |    1.0141496880867023
 AAAAAAAAPLMCAAAA | However objective tiles may not ring particular days; rebels might move; also special years complete necessarily early in                                                                                | Books                                              | arts                                               |            1.43 |  7663.469999999999 |    2.1145108325543394
 AAAAAAAAPOKBAAAA | Unions can whisper in a courses. Secret, attractive clothes look books; institutions can exclude early existing, great                                                                                   | Books                                              | arts                                               |            3.51 | 1499.4699999999998 |   0.41373497359424055
 AAAAAAAAAAGEAAAA | Stable citizens stand in public mi                                                                                                                                                                       | Books                                              | business                                           |            3.36 |            1028.87 |    0.2836977094429973
 AAAAAAAAADGBAAAA | Maybe thin problems shall suggest now available structures; southern, short acts help never interested levels. Systems take regulatory improvements. Needs must kill very su                             | Books                                              | business                                           |             0.9 | 26119.379999999997 |     7.202084109820712
 AAAAAAAAADIDAAAA | Similar, gene                                                                                                                                                                                            | Books                                              | business                                           |            6.89 | 11369.779999999999 |    3.1350710418913983
 AAAAAAAAAOHBAAAA | Concepts keep here for a signs. Historic poles will treat written eyes; more basic types sha                                                                                                             | Books                                              | business                                           |            8.86 | 12551.630000000001 |    3.4609510246931188
 AAAAAAAAAOJDAAAA | Most close thousands would wear only; useless fingers must find regularly states. Far points give now in the cells. New arts shall go whole                                                              | Books                                              | business                                           |           71.41 |              322.1 |   0.08881494475647017
 AAAAAAAABDFBAAAA | Frequent expectations allow french attacks. Proposals used to win indeed popular, large sessions. Services shall not apologise as real relations. Years create unable, p                                 | Books                                              | business                                           |            2.82 |           10900.65 |    3.0057144599801817
 AAAAAAAABNNBAAAA | Safe, new words understand slightly only interests. Able, joint inju                                                                                                                                     | Books                                              | business                                           |            8.61 |           17603.77 |     4.854013846804119
 AAAAAAAACCLCAAAA | Well public sales may not set as english nuclear problems. Men form further in a                                                                                                                         | Books                                              | business                                           |            8.89 |           14171.06 |     3.907488081467321
 AAAAAAAACDBBAAAA | Medical                                                                                                                                                                                                  | Books                                              | business                                           |           43.54 |             523.09 |   0.14423535998963669
 AAAAAAAACHBAAAAA | Carers get in a bodies; stories seem formerly political, present activities. Major rates might not burst subsequent letters. Enough multiple customers find complete times; able, cruc                   | Books                                              | business                                           |            8.64 |             797.67 |   0.21994727408846185
 AAAAAAAACPMDAAAA | Late, distinct men must know twice. Other forms should run future                                                                                                                                        | Books                                              | business                                           |            8.77 |            5081.42 |      1.40113640665763
 AAAAAAAADFMCAAAA | English, considerable areas merge sometimes to a children. Thick straight languages turn thoughtfully key employees; systematic                                                                          | Books                                              | business                                           |            9.06 | 15702.170000000002 |    4.3296720307566074
 AAAAAAAAEBIAAAAA | General methods win together impossible lines. Real years make materials. Casualties cannot give                                                                                                         | Books                                              | business                                           |            9.31 | 15037.650000000001 |     4.146439161804203
 AAAAAAAAEDPDAAAA | Players notice. Roughly                                                                                                                                                                                  | Books                                              | business                                           |            3.83 |             739.04 |   0.20378080339280258
 AAAAAAAAEGPBAAAA | Perhaps bright situations go then scientists. Separate, particular ties shall bring                                                                                                                      | Books                                              | business                                           |            5.19 |            6095.93 |    1.6808745302369115
 AAAAAAAAFGIDAAAA | Successful centres follow early comfortable emotions. Adequate, possible questions may soften at a qualifications. Bright incentives might go therefore behind the forms. Little feet woul               | Books                                              | business                                           |            1.13 |  844.0999999999999 |   0.23274975122302533
 AAAAAAAAFKKAAAAA | Certain poles can                                                                                                                                                                                        | Books                                              | business                                           |            4.51 |            7790.29 |    2.1480725736941384
 AAAAAAAAFNBAAAAA | Following, widespread bombs can furnish violently into the developments; totally industrial examples deal quite even common terms. Jobs should see low numerous clouds. Miles shall i                    | Books                                              | business                                           |            3.13 |            10039.2 |     2.768180668733795
 AAAAAAAAGAGCAAAA | Often possible things kn                                                                                                                                                                                 | Books                                              | business                                           |            3.66 |            7023.09 |    1.9365270113931017
 AAAAAAAAGHADAAAA | Years find at a pieces; big judges hear closer. Very private methods might dispense so reports. Anxio                                                                                                    | Books                                              | business                                           |            4.31 | 3449.9700000000003 |    0.9512849890142172
 AAAAAAAAGHECAAAA | Wonderfu                                                                                                                                                                                                 | Books                                              | business                                           |            8.28 |            3677.87 |    1.0141254916841942
 AAAAAAAAGMIDAAAA | Then detailed miles could not allow overseas administrative, different pages. Campaigns should trace women. Restrictions develop eyes. Parties talk due inches; living women would                       | Books                                              | business                                           |             0.1 |            2198.67 |    0.6062550592601933
 AAAAAAAAGNICAAAA | Cases ought to lend such as a parts. Employees go also wages. Inevitably magic refugees object. Proper aspects cast under. Light years should not make no longer also financial years. Cold sorts c      | Books                                              | business                                           |            0.55 |            5077.18 |    1.3999672810265607
 AAAAAAAAGOJAAAAA | Natural bombs experience. White, practical                                                                                                                                                               | Books                                              | business                                           |            2.07 |               5865 |    1.6171985439202035
 AAAAAAAAHEIAAAAA | Local individuals get complete, slow children. Just classical workshops shall return english, bad words. Possible sources form equally beyond the officers. Limited                                      | Books                                              | business                                           |            3.37 | 1255.4299999999998 |   0.34616872429560797
 AAAAAAAAIDNCAAAA | Police could not fill existing, limited investigations. Shops shoulder e                                                                                                                                 | Books                                              | business                                           |            4.69 |            6342.56 |    1.7488795902347016
 AAAAAAAAIFGDAAAA | Muscles see exactly disciplinary sales. Safe magazines would not feel then. Areas see howeve                                                                                                             | Books                                              | business                                           |            1.74 |            5576.38 |    1.5376152798543468
 AAAAAAAAIOJBAAAA | Still extreme calls knock there aware types. Dead gardens describe convenient, russian children; almost other police coul                                                                                | Books                                              | business                                           |            2.03 |            3386.56 |    0.9338004946118336
 AAAAAAAAIPJDAAAA | Absolute, ruling forms decide damages. French, mental commentators used to believe great, possible records. About national developments can calculate generally willingly running examples. Gentle       | Books                                              | business                                           |            4.53 | 3808.6499999999996 |    1.0501863997104317
 AAAAAAAAJKECAAAA | Times would add. Well human men ought to demand slightly. Dual reasons shall not make as recent premises. More relevant ideas shall obtain very with the ideas. Awa                                      | Books                                              | business                                           |            57.6 | 4926.0599999999995 |    1.3582978788173157
 AAAAAAAAJLIDAAAA | Major lights receive corners.                                                                                                                                                                            | Books                                              | business                                           |            1.43 |  7583.969999999999 |    2.0911824793068208
 AAAAAAAAJMHAAAAA | Agreements witness still right wings. Available ro                                                                                                                                                       | Books                                              | business                                           |            6.18 | 7891.0199999999995 |    2.1758475795473493
 AAAAAAAAKFIAAAAA | Well small classes ought to know altogether. Away base objects fit final sessions. Fixed partners live too. Years                                                                                        | Books                                              | business                                           |            9.76 |            7165.82 |    1.9758829786861505
 AAAAAAAAKHFDAAAA | Subje                                                                                                                                                                                                    | Books                                              | business                                           |            4.06 |            1553.42 |   0.42833564571125704
 AAAAAAAAKJBAAAAA | Colourful, quiet years must want rapidly acceptable, other fin                                                                                                                                           | Books                                              | business                                           |            4.12 |            1281.98 |    0.3534895463486483
 AAAAAAAAKJNCAAAA | Changes may bring never supposed, political countries; available, remote numbers lie since now able earnings. However wild levels make of course constantly open clothes. Wrong minutes                  | Books                                              | business                                           |            1.66 |            6465.85 |    1.7828752268041683
 AAAAAAAAKLPCAAAA | Fixed, annual merchants might not turn in a trees. Super, full men add even central years. Branches must i                                                                                               | Books                                              | business                                           |            1.85 |            1447.21 |    0.3990496001273244
 AAAAAAAAKMICAAAA | More accur                                                                                                                                                                                               | Books                                              | business                                           |           62.75 |            8599.09 |     2.371088802564157
 AAAAAAAALDOAAAAA | Issues could know objects. Public inhab                                                                                                                                                                  | Books                                              | business                                           |            2.11 |            9104.54 |    2.5104601587490625
 AAAAAAAALHJBAAAA | Large qualities may not adjust general, great                                                                                                                                                            | Books                                              | business                                           |           76.81 |            8033.71 |    2.2151925173533122
 AAAAAAAALIBCAAAA | Available applications know early, cold profits. Different sides find most                                                                                                                               | Books                                              | business                                           |            3.96 | 3390.6899999999996 |    0.9349392891534175
 AAAAAAAAMAACAAAA | Long existing bits may plan continuously by a hours. Natural cases operate over thorough, previous traders. Now pale months revive thick, universal eyes. Moving principles repeat liable, conven        | Books                                              | business                                           |            8.05 | 6943.9400000000005 |    1.9147024138225504
 AAAAAAAAMGLAAAAA | Lines get in a areas. Deep scenes might hear all but by the efforts. Average defences eat completely. Public seconds know outstanding tasks. Political, friendly classes g                               | Books                                              | business                                           |            1.73 |           17931.07 |     4.944262624881712
 AAAAAAAAMLEEAAAA | Alive, accurate sorts lead junior, wide experiences. Very different roles shall want that. Mature patients withdraw too regu                                                                             | Books                                              | business                                           |            0.55 |             721.41 |    0.1989195569598421
 AAAAAAAANAMAAAAA | Familiar aspirations can get direct subjects. Benefits c                                                                                                                                                 | Books                                              | business                                           |           67.19 |            1904.74 |    0.5252076307837286
 AAAAAAAANHEEAAAA | Different, moral teachers run normally glasses. Late attacks can establish active doors. Exciting, mediterranean seats give                                                                              | Books                                              | business                                           |            0.31 |             3890.8 |    1.0728382088124002
 AAAAAAAANHIDAAAA | Royal times make shallow variables; human, polish gardens shift as new secrets. Nece                                                                                                                     | Books                                              | business                                           |            3.43 |            1049.66 |   0.28943028535571713
 AAAAAAAANKCAAAAA | Lads would not try actuall                                                                                                                                                                               | Books                                              | business                                           |            3.72 |             379.56 |    0.1046588029548768
 AAAAAAAANPOBAAAA | Areas would say more bad offenders. New images ought to hear. Anything but minor interests can bear unfortunately across a organizations;                                                                | Books                                              | business                                           |            4.38 | 13204.880000000001 |     3.641076335659167
 AAAAAAAAOHDEAAAA | Changes improve there national features. Ideas look soon. Tragic standards will not reduce. Previous, primary families would not                                                                         | Books                                              | business                                           |               8 |            7031.17 |    1.9387549677843847
 AAAAAAAAONHAAAAA | Severe taxes keep quite to a women. Asleep championships wear severe, popular obligations. More bloody c                                                                                                 | Books                                              | business                                           |            1.31 |  9972.070000000002 |    2.7496704320324543
 AAAAAAAAPCMCAAAA | Reliable, legal books continue however duties. Strong things strike curiously holy classes. Lucky, industrial lawyers post so yet only books. Avail                                                      | Books                                              | business                                           |            7.18 |             702.38 |   0.19367227847888704
 AAAAAAAAPEADAAAA | Economic, good members used to fall only men. Others must not disappear further details. Parents could not tell funny keys. Whole prices take at once outer changes. Different, inc countries            | Books                                              | business                                           |           42.41 | 15123.579999999996 |     4.170133257435755
 AAAAAAAAPJBDAAAA | Important glasses see extra workers. Slight, urban foreigners should not carry. Medical ways might tackle areas. Long, future signs take. Goods devise. Transactions touch just new, central pr          | Books                                              | business                                           |            5.54 |            6035.46 |    1.6642007031353165
 AAAAAAAAPJFCAAAA | Other, other dishes contain for the miles. Seconds can replace for a families. Men restore. Discussions involve; refugees affect richly old police. Poor, teenage areas take as. Appropriate, e          | Books                                              | business                                           |             4.7 |  5950.950000000001 |    1.6408981542953003
 AAAAAAAABDECAAAA | Clean, royal children ought to get somehow early, gene                                                                                                                                                   | Books                                              | computers                                          |            5.88 |            9838.15 |    3.2474188810399607
 AAAAAAAABMPAAAAA | Flat, similar teachers visit duties. Discussions ought to show anyway to the studies. About c                                                                                                            | Books                                              | computers                                          |            3.58 |            2181.48 |    0.7200723043063029
 AAAAAAAACAACAAAA | Tears should meet no doubt from a engines. Potentially local periods could                                                                                                                               | Books                                              | computers                                          |            4.04 |             619.92 |    0.2046258608309786
 AAAAAAAACBBAAAAA | Suitable, united applicants may use now in connection with a books. Catholic, western sentences will play attractive, soft females. Needs draw surely possibilities. Islands must us                     | Books                                              | computers                                          |            2.55 |             2802.2 |     0.924962232579314
 AAAAAAAACFAAAAAA | Brutally warm authors will not restrain completely scien                                                                                                                                                 | Books                                              | computers                                          |            0.41 | 4093.2400000000002 |    1.3511142705313508
 AAAAAAAACFBAAAAA | Assets take too; substantial,                                                                                                                                                                            | Books                                              | computers                                          |            0.19 |             4013.1 |    1.3246613145257458
 AAAAAAAACNPCAAAA | Interesting others cannot eat so perhaps lengthy towns. Serious m                                                                                                                                        | Books                                              | computers                                          |            8.06 |            2094.06 |    0.6912163345782022
 AAAAAAAADEGAAAAA | Just serious odds bother. Other partners may mean particular costs; areas find; violent, old pupil                                                                                                       | Books                                              | computers                                          |             1.2 |           19369.43 |    6.3935447921592825
 AAAAAAAADIMCAAAA | Sides clear itali                                                                                                                                                                                        | Books                                              | computers                                          |             6.2 |            6262.96 |    2.0673047834397758
 AAAAAAAADJHAAAAA | Mathematical suggestions shall see japa                                                                                                                                                                  | Books                                              | computers                                          |            7.06 |            1429.99 |    0.4720172517900554
 AAAAAAAAEALBAAAA | Effects cannot protect too bright students; typical, new conditions go from a patients. Italian, public ideas buy just. Thoroughly actual successes get for example broadly heavy standards.             | Books                                              | computers                                          |            98.1 |            1603.21 |    0.5291944546761409
 AAAAAAAAEDNDAAAA | Contemporary, other divisions go just complete types. Questions investigate full moves. Regular                                                                                                          | Books                                              | computers                                          |            6.41 | 3356.4700000000003 |    1.1079180589485011
 AAAAAAAAEODBAAAA | Able, whole ranks will not involve. Rats ensure. Then di                                                                                                                                                 | Books                                              | computers                                          |            8.57 |            3209.29 |    1.0593362513005733
 AAAAAAAAEPJDAAAA | Original offices c                                                                                                                                                                                       | Books                                              | computers                                          |            4.52 |            17758.6 |     5.861835095097781
 AAAAAAAAFCAAAAAA | P                                                                                                                                                                                                        | Books                                              | computers                                          |            4.21 |            5065.87 |    1.6721641657114301
 AAAAAAAAFGACAAAA | Languages might not face for a others; true limitations must not follow more intact economies. Please bitter profits date on a                                                                           | Books                                              | computers                                          |            6.63 |            2131.64 |    0.7036209026676785
 AAAAAAAAFHEDAAAA | Then dangerous references would settle always well small men. Rather                                                                                                                                     | Books                                              | computers                                          |            0.91 |              76.76 |  0.025337271063017683
 AAAAAAAAFIPDAAAA | Normal pol                                                                                                                                                                                               | Books                                              | computers                                          |            3.03 |            4346.93 |    1.4348533572428797
 AAAAAAAAGAEDAAAA | Coming benefits remember exceptionally workers. Well isolated men write rather sections. Personally remarkable guards prepare certain, major persons. Acids could not want quiet proposals. Final        | Books                                              | computers                                          |            2.04 |            3861.71 |    1.2746898519641219
 AAAAAAAAGKAAAAAA | Bitter, new wounds cannot become things; spirits shall feel so much as at a policies. Rather only effects note naturally full arm                                                                        | Books                                              | computers                                          |            5.24 |            7546.08 |     2.490842553715691
 AAAAAAAAGLEBAAAA | Documents s                                                                                                                                                                                              | Books                                              | computers                                          |            8.45 |            1372.43 |   0.45301759933581753
 AAAAAAAAGODCAAAA | Very inc feet pull easy on a cars. Away actual objectives would make almost. Ibid possible players should blame elections. Dependent, interested offences sh                                             | Books                                              | computers                                          |            7.07 |           11791.98 |    3.8923474938728924
 AAAAAAAAGPCAAAAA | Subsequently educational doctors will not form upstairs by the problems. Married lines may ask areas. Very revolutionary aims wear initial activities. Other, naked minutes reca                         | Books                                              | computers                                          |            5.11 |            1810.45 |    0.5976011255346582
 AAAAAAAAHEOAAAAA | Honest, important eyes permit additional, other eyes. Simple matters dry natural, labour notions. Rarely new copies will distinguish well sites. Partly real others used t                               | Books                                              | computers                                          |            2.44 | 13524.610000000002 |     4.464261458983841
 AAAAAAAAHIDEAAAA | High letters should fight major, straight children. Cells give machines. Too important potatoes laugh yet usual, traditional fa                                                                          | Books                                              | computers                                          |            1.55 |            5583.72 |     1.843098321782088
 AAAAAAAAHIJBAAAA | Eyes could learn days. Earlier cultural parents c                                                                                                                                                        | Books                                              | computers                                          |            2.81 |           13791.64 |      4.55240387029126
 AAAAAAAAIAIAAAAA | Heads cannot assist always green ingredients. As domestic areas might dispense today clinical difficulties. Parts bri                                                                                    | Books                                              | computers                                          |            8.31 |  4424.030000000001 |    1.4603028569687613
 AAAAAAAAIGKBAAAA | Persistently young hours might gain already political, open times. Other, excellent terms shall not lie there for a others. Terms should not cons                                                        | Books                                              | computers                                          |            3.57 |               16.7 |  0.005512407852428286
 AAAAAAAAIJADAAAA | As different debts can return more. Principles should find. Democratic, social times can let more typical hundreds. Good doctors share then american, willin                                             | Books                                              | computers                                          |            9.19 | 6723.8099999999995 |    2.2194241342656187
 AAAAAAAAIJFAAAAA | Social, different departments mind afterwards before a rights. Technical, early documents will not cause still relative months; full school                                                              | Books                                              | computers                                          |            2.25 |             7522.5 |    2.4830591658617833
 AAAAAAAAILMAAAAA | Areas show yesterday general vehicles. Beautiful, medical suppliers would intervene sensiti                                                                                                              | Books                                              | computers                                          |            7.13 |            4491.21 |    1.4824779204134397
 AAAAAAAAINBBAAAA | Quick local letters must go together fe                                                                                                                                                                  | Books                                              | computers                                          |            3.41 |             248.79 |   0.08212167362907984
 AAAAAAAAJJHAAAAA | Lawyers determine in a agents; fairly european circumstances will produce even green european days. Young camps say overnight. Similar houses could take extreme, wron                                   | Books                                              | computers                                          |            1.94 | 15104.009999999998 |     4.985596606416488
 AAAAAAAAJOBBAAAA | Skilled, b                                                                                                                                                                                               | Books                                              | computers                                          |            8.08 |            6132.26 |    2.0241627650977176
 AAAAAAAAKELDAAAA | Classical, available areas apologise other laws. Familiar, national feet allow. New circles make soon just bad metres. Cases might pray home long good forms; suitable, independent y                    | Books                                              | computers                                          |            2.01 |            2797.56 |    0.9234306414155256
 AAAAAAAAKGKDAAAA | Practical, soft times ought to happen large, important levels. Available, disabled measures see; scots will not pay crudely major, future sh                                                             | Books                                              | computers                                          |            8.21 |             1334.2 |   0.44039847644968977
 AAAAAAAALPBEAAAA | Profits may try just conscious groups; american, inland reasons could assess also. Also environmental descri                                                                                             | Books                                              | computers                                          |            1.25 |            9950.21 |     3.284408127982662
 AAAAAAAAMFPCAAAA | Eastern, new lips will rise well other areas; special, american points lie more large concern                                                                                                            | Books                                              | computers                                          |            3.48 |           20916.15 |     6.904092784584905
 AAAAAAAAMNFBAAAA | Changes would not liberate yet plans. Correctly private traders would not risk thus. Very casual claims may not go more then wealthy employers. Backwards equivalent lines learn                         | Books                                              | computers                                          |            7.79 | 1472.1200000000001 |   0.48592370345609154
 AAAAAAAANCDEAAAA | Effective, narrow years will characterize anyway o                                                                                                                                                       | Books                                              | computers                                          |             4.8 |            5599.35 |    1.8482575394307978
 AAAAAAAANIABAAAA | Real, english workers should imagine pri                                                                                                                                                                 | Books                                              | computers                                          |            7.28 |            7284.26 |     2.404419881624507
 AAAAAAAANLKAAAAA | General, european times shall not                                                                                                                                                                        | Books                                              | computers                                          |           60.74 |              30.69 |  0.010130287244971503
 AAAAAAAANMJAAAAA | Soldiers make by a differences. Directions would not dare of course for the services. Political, political interviews will outline on a forms. General techniques change powerfully with a parents.      | Books                                              | computers                                          |            4.62 |            6298.58 |    2.0790623862962727
 AAAAAAAAODDDAAAA | Criteria engage simple members. Churches outweigh about communist, real days. International drugs include original l                                                                                     | Books                                              | computers                                          |            7.56 |            5711.44 |    1.8852566889025755
 AAAAAAAAOFKDAAAA | Annual, alone members ought to empty tomorrow different, brief banks. Parties used to feel wonderful,                                                                                                    | Books                                              | computers                                          |            2.55 |  7940.849999999999 |      2.62114993382965
 AAAAAAAAOFLBAAAA | Calls shall see. Difficult systems cannot promote. Primary techniques shall not read ahead sure open relations. British m                                                                                | Books                                              | computers                                          |            4.84 |           11710.17 |    3.8653432970820445
 AAAAAAAAOFOBAAAA | Old figures ought to take real observations. Substantially strange bacteria can penetrate. Common men could act superficially goals. Both flat windo                                                     | Books                                              | computers                                          |             7.7 |            2804.93 |    0.9258633627252498
 AAAAAAAAOKCDAAAA | Years exceed top proposals. Major i                                                                                                                                                                      | Books                                              | computers                                          |             2.5 |            6369.02 |    2.1023135245672337
 AAAAAAAAOOKAAAAA | Extreme centres may prevent yesterday simple targets. Possible men may escape ahead prices. Surely significant miles may perform indeed. Long little marke                                               | Books                                              | computers                                          |            3.61 |           14087.64 |     4.650108823843283
 AAAAAAAAPBOBAAAA | United influences expect underway. Creative, expensive purposes hope long gaps. Yellow feet must not provide. Keen, available councils feel equivalent men. And so on european profits should n          | Books                                              | computers                                          |            3.55 |            2459.16 |     0.811730113435781
 AAAAAAAAPMHAAAAA | Most extensive changes eliminate soon young, other discussions. Expensive, interesting eyes may not pack. Appointments would not devote as; secondary days shall make so                                 | Books                                              | computers                                          |            1.58 | 1987.3500000000001 |    0.6559930386540931
 AAAAAAAAACAAAAAA | Existing pictures will give only animals. Easier full tracks will lead then definitely liberal decisions. Police                                                                                         | Books                                              | cooking                                            |            2.29 | 274.98999999999995 |     0.085837668137135
 AAAAAAAAACGAAAAA | Clearly spiritual weeks think sort of common officers. Large, forward cases would not both                                                                                                               | Books                                              | cooking                                            |           27.51 |           17107.23 |     5.339993205155243
 AAAAAAAAAFCEAAAA | Ancient, financial poets enjoy orange reports. Vital times want rather economies. Possible, likely                                                                                                       | Books                                              | cooking                                            |            2.83 | 337.12000000000006 |   0.10523144362482621
 AAAAAAAAAJKAAAAA | Courts live probably. Votes must not extend deliberately real cells. Available, great powers could bring perhaps sexual valu                                                                             | Books                                              | cooking                                            |            0.37 |              174.9 |  0.054594742198570544
 AAAAAAAABDFEAAAA | Sometimes isolated eyes offer short, whole                                                                                                                                                               | Books                                              | cooking                                            |           64.51 |  8716.720000000001 |     2.720909555272292
 AAAAAAAACBNAAAAA | Very main hands may not confirm finally; other, local consequences read from time to time alone members. Equal, catholic years will not place                                                            | Books                                              | cooking                                            |            4.11 |            5532.62 |    1.7269980707984869
 AAAAAAAACFJBAAAA | Likely numbers will not explain married orders. Days must match intensely next to a tenants. Offenders will want internal direction                                                                      | Books                                              | cooking                                            |             8.7 |            4855.33 |    1.5155831311548629
 AAAAAAAACKKAAAAA | Political strat                                                                                                                                                                                          | Books                                              | cooking                                            |            6.14 | 10661.130000000001 |      3.32785388162062
 AAAAAAAACKKBAAAA | Famous days could make also; so new boys should not produce. Very english failures try for the directors. Courses order in a                                                                             | Books                                              | cooking                                            |            3.18 |            4541.67 |     1.417674687255471
 AAAAAAAADFIAAAAA | Systems should seem new friends. Long                                                                                                                                                                    | Books                                              | cooking                                            |            0.39 | 1661.1599999999999 |    0.5185283130393221
 AAAAAAAADGBDAAAA | Champions could suffer often rural notes. Beautiful, evident thanks fit more existing effects; asleep schemes may drink organisations. New, annual sessions ought to                                     | Books                                              | cooking                                            |             4.4 |           13169.48 |     4.110831134872675
 AAAAAAAADKOBAAAA | As d                                                                                                                                                                                                     | Books                                              | cooking                                            |            3.16 |             5424.5 |    1.6932485938030069
 AAAAAAAAEADBAAAA | Extensive, unexpected customs may hear. Bad thousands follow almost much german considerations                                                                                                           | Books                                              | cooking                                            |            4.38 |            7468.98 |    2.3314296031233814
 AAAAAAAAEDCEAAAA | Long-t                                                                                                                                                                                                   | Books                                              | cooking                                            |           56.27 | 20296.329999999998 |     6.335465431258508
 AAAAAAAAEINBAAAA | General times take then central hands. New eyes promise just                                                                                                                                             | Books                                              | cooking                                            |           91.93 |            2448.81 |     0.764391941928425
 AAAAAAAAFBMBAAAA | Legs might not emerge. Substantial, brown numbers admire critical farmers. Large artists could keep about powers. Members happen never                                                                   | Books                                              | cooking                                            |             5.3 |  9081.580000000002 |     2.834799993457372
 AAAAAAAAFCFBAAAA | Difficulties could avoid for a operators. Also teenage feet ought to mind drugs. Active thanks look presidential hotels; great                                                                           | Books                                              | cooking                                            |            1.29 |           10864.12 |     3.391216870293506
 AAAAAAAAGBCCAAAA | Males mention now irrelevant, operational units; other police could not accommodate priorities. Parameters used to think on the buses. Again strong standards vot                                        | Books                                              | cooking                                            |            4.39 | 11463.619999999999 |    3.5783497916659646
 AAAAAAAAGCCEAAAA | High homes like perhaps into a years. Ministers used to find very constant co                                                                                                                            | Books                                              | cooking                                            |            1.78 |            2501.25 |    0.7807610001382194
 AAAAAAAAGCOBAAAA | Certain channels used to remain only able, conventional responsibilities. Phenomena bring damp months. Scientists would raise as men. Concepts should meet certainly.                                    | Books                                              | cooking                                            |            0.55 |           21452.19 |     6.696265195224431
 AAAAAAAAHADDAAAA | Months come so inner, wide effects; somewhere popular dates ought to run. There fine section                                                                                                             | Books                                              | cooking                                            |            1.79 |            3046.28 |    0.9508912021993223
 AAAAAAAAHGFEAAAA | As civil childre                                                                                                                                                                                         | Books                                              | cooking                                            |           51.65 |  4798.879999999999 |      1.49796235815824
 AAAAAAAAHIGBAAAA | Controls would not become here objectives. Wholly chief services should not know so public, remarkable interviews; instructions eat humans. Other cars used to demonstrate then like a practices; firm   | Books                                              | cooking                                            |            9.99 |            2999.72 |    0.9363575761457749
 AAAAAAAAHKPCAAAA | Similar designers should keep professional, ethical windows. Available, important authorities must no                                                                                                    | Books                                              | cooking                                            |            7.34 |           16069.07 |     5.015933299146849
 AAAAAAAAHLOCAAAA | Just limited ears might not retire crazy, integrat                                                                                                                                                       | Books                                              | cooking                                            |            2.47 | 15337.420000000002 |    4.7875499765077185
 AAAAAAAAIBLDAAAA | Others stand; effective panels silence. Environmental fruits may lose quickly. Lessons preserve in order new, various numbers. Political terms would defend. Numerous alternatives take mov              | Books                                              | cooking                                            |           56.39 |            1156.66 |   0.36104948262663583
 AAAAAAAAIFBAAAAA | Crucial models show together. Already responsible threats show well dark forms. Decisions must make gently open, new tasks. Times ought to rev                                                           | Books                                              | cooking                                            |            9.82 |  5690.549999999999 |     1.776295655906664
 AAAAAAAAIJMAAAAA | French defendants put already inc problems. Now existing women could not arrange regulato                                                                                                                | Books                                              | cooking                                            |            3.23 |            4093.75 |    1.2778572091217733
 AAAAAAAAJFODAAAA | Books warn again. Ugly, valid needs b                                                                                                                                                                    | Books                                              | cooking                                            |           72.58 | 10650.289999999999 |    3.3244701937679464
 AAAAAAAAJGMBAAAA | Now special                                                                                                                                                                                              | Books                                              | cooking                                            |            5.58 |              227.8 |   0.07110738863827541
 AAAAAAAAJLGCAAAA | Reports learn sacred, interesting times. Free families would destroy here because of a ideas. National                                                                                                   | Books                                              | cooking                                            |            4.45 |            1207.47 |    0.3769097390652257
 AAAAAAAAKNLBAAAA | Effective voters justify governments. Goods gain so just american animals. Exhibitions must not mean ever. Important, heavy games used to want too in the students. All                                  | Books                                              | cooking                                            |            3.93 |             5896.8 |    1.8406762481219598
 AAAAAAAALLNCAAAA | Approximately american books must not own future years. Kind, live groups shall adminis                                                                                                                  | Books                                              | cooking                                            |            9.97 |            1363.45 |    0.4255986349379131
 AAAAAAAAMAEEAAAA | Able, new piece                                                                                                                                                                                          | Books                                              | cooking                                            |            2.14 |             411.97 |   0.12859574581786795
 AAAAAAAAMLPDAAAA | Accounts cannot add once more. Temporary police must emulate. Users shall not open earlier to a tasks; hills rest even influential relationships. Molecular girls prod                                   | Books                                              | cooking                                            |            4.81 |            2543.65 |    0.7939960891560547
 AAAAAAAAMMFAAAAA | High, external pupils could imagine finally future decisions. Unable, reasonable variables might minimize enough                                                                                         | Books                                              | cooking                                            |              34 |               2553 |     0.796914676003148
 AAAAAAAAMOODAAAA | Friendly forms kill then organisers. Entirel                                                                                                                                                             | Books                                              | cooking                                            |            1.49 |            6516.25 |     2.034036528595971
 AAAAAAAAMPBAAAAA | Possible beliefs may not state side                                                                                                                                                                      | Books                                              | cooking                                            |            1.58 |           14168.33 |      4.42262049019024
 AAAAAAAAOCKDAAAA | Broad effects reveal. Guards ought to share outer, attractive trees; mental churches must let with a dogs. Outer, essential authorities shall                                                            | Books                                              | cooking                                            |            3.46 |           14454.98 |    4.5120978078072795
 AAAAAAAAOLFEAAAA | Documents will seek vaguely now basic loans. For example re                                                                                                                                              | Books                                              | cooking                                            |             8.1 |            7543.74 |    2.3547658119670927
 AAAAAAAAONBAAAAA | Up to parliamentary s                                                                                                                                                                                    | Books                                              | cooking                                            |            8.29 |  9510.779999999999 |     2.968774054930364
 AAAAAAAAONFDAAAA | Statistical, ordinary months lead little, co                                                                                                                                                             | Books                                              | cooking                                            |            3.33 |            8316.96 |     2.596125140513569
 AAAAAAAAOOKCAAAA | Authorities should touch now very local strings. Very major p                                                                                                                                            | Books                                              | cooking                                            |             2.3 |           11056.23 |    3.4511836851806836
 AAAAAAAAOPKCAAAA | Only                                                                                                                                                                                                     | Books                                              | cooking                                            |             2.3 |           10977.86 |     3.426720620880501
 AAAAAAAAPPCCAAAA | Words shall not smell sensibly. Directly tiny requirements think major, important demands. Chief, general circumstances will see. Pounds want in the thanks. Ide                                         | Books                                              | cooking                                            |             2.6 | 1734.8999999999999 |    0.5415461305906234
 AAAAAAAAAAJBAAAA | Nasty, individual bodies should support also marked, new prac                                                                                                                                            | Books                                              | entertainments                                     |           24.74 |  6932.009999999999 |    1.6656545883335334
 AAAAAAAAACLDAAAA | Present, basic territories must not stop back, wrong services. Old professionals cannot get ever in a schemes. So other seeds must not control still securities. Ready years make there no               | Books                                              | entertainments                                     |            4.59 |            8567.58 |    2.0586567154280817
 AAAAAAAAAELBAAAA | Difficulties ought to leave feelings. Long, interested countr                                                                                                                                            | Books                                              | entertainments                                     |            8.41 |            4147.69 |    0.9966256366458088
 AAAAAAAAAFMAAAAA | Victorian, active women honour relatively foreign parts; old areas would indicate in particular. Strategies imagine well digital feelings. Clear days might see eager                                    | Books                                              | entertainments                                     |            1.16 |            5209.85 |    1.2518462259906522
 AAAAAAAAAHJBAAAA | Chinese, representative opportunities develop pieces. Certainly bad characteristics take orders. Internal clothes must start frames; animals investig                                                    | Books                                              | entertainments                                     |            1.42 |  5267.210000000001 |    1.2656289451712093
 AAAAAAAAAILBAAAA | Systems will counter now new typ                                                                                                                                                                         | Books                                              | entertainments                                     |           79.67 |              20.64 |  0.004959472173756837
 AAAAAAAAAKDDAAAA | Markets will make from a assumptions. Active, short laws must compete often; specific, happy ci                                                                                                          | Books                                              | entertainments                                     |            6.05 |            7827.99 |    1.8809446987135072
 AAAAAAAAAMAEAAAA | Social years mig                                                                                                                                                                                         | Books                                              | entertainments                                     |            2.13 |            5704.92 |     1.370803875654499
 AAAAAAAAAOGAAAAA | Categories collect there in a effects.                                                                                                                                                                   | Books                                              | entertainments                                     |            1.93 |             936.31 |   0.22498078444817174
 AAAAAAAABGNCAAAA | Large eyes must not prefer already legal, progressive countries. Hours await different problems. Simple, pregnant minutes enable much now scottish fingers. Newly hot meals feel                         | Books                                              | entertainments                                     |            4.27 |            1943.22 |   0.46692565491704274
 AAAAAAAABIDBAAAA | Clear populations would get quite elderly, coming gaps. Local, only sides must understand just very main investors. Too new years want then. Of                                                          | Books                                              | entertainments                                     |            9.33 |           10932.05 |     2.626802217883645
 AAAAAAAABJJDAAAA | New, presidential scientists might capture at least in a centres. Soft, early issues shall no                                                                                                            | Books                                              | entertainments                                     |            0.22 |  5100.629999999999 |     1.225602352404522
 AAAAAAAACCNCAAAA | So social feet open records. Men would act later statutory women. Often inc targets shall come rather                                                                                                    | Books                                              | entertainments                                     |            6.28 |             732.78 |    0.1760756792386403
 AAAAAAAACKJCAAAA | Good, other allegations mention single alternativ                                                                                                                                                        | Books                                              | entertainments                                     |            0.77 |               28.5 |   0.00684810837946075
 AAAAAAAACPMAAAAA | Sessions sh                                                                                                                                                                                              | Books                                              | entertainments                                     |            2.67 | 10742.890000000001 |      2.58135000100439
 AAAAAAAADFFDAAAA | Traditional services decide just leading states; free police must invi                                                                                                                                   | Books                                              | entertainments                                     |             3.3 |            2951.41 |    0.7091780895517281
 AAAAAAAADILDAAAA | Young, conventional levels might bring in a companies. Others g                                                                                                                                          | Books                                              | entertainments                                     |             5.3 |  935.8000000000001 |   0.22485823935085505
 AAAAAAAADOLDAAAA | Real                                                                                                                                                                                                     | Books                                              | entertainments                                     |            9.88 |            9951.43 |     2.391174427039196
 AAAAAAAAEAHAAAAA | More suitable plants migh                                                                                                                                                                                | Books                                              | entertainments                                     |             5.6 |            6762.13 |    1.6248350567018568
 AAAAAAAAEDEDAAAA | Years stick as teachers. European settings find anyway old districts; teachers will become english doctors. Investmen                                                                                    | Books                                              | entertainments                                     |            8.51 |           11056.67 |     2.656746472839729
 AAAAAAAAEDKDAAAA | Away liberal products take among a workers. Wistfully extra entries threaten short-term, bloody places. Obviously english plant                                                                          | Books                                              | entertainments                                     |            2.69 | 479.55999999999995 |   0.11523083699839286
 AAAAAAAAEGCEAAAA | Stones increase twice cities; though late points used to push particularly new new scots. Different, liable years feed diplomatic contents. Confidential transactions establi                            | Books                                              | entertainments                                     |            3.37 |             227.91 |   0.05476324143027717
 AAAAAAAAEHAAAAAA | Inappropriate parts know far both common rules. Only easy bands mig                                                                                                                                      | Books                                              | entertainments                                     |            3.65 |            3936.42 |    0.9458607293711188
 AAAAAAAAEINDAAAA | Apparent, unacceptable readers might hear however densely social cells. Public, corporate fires can die with a interests. Warm budgets hear general friends. Open departmen                              | Books                                              | entertainments                                     |            7.59 |            6875.87 |    1.6521650162485186
 AAAAAAAAELACAAAA | So free steps must not respond straight direct secondary areas; only offic                                                                                                                               | Books                                              | entertainments                                     |           50.99 |            3446.14 |    0.8280540424840305
 AAAAAAAAEMDEAAAA | Briefly young steps shall become less from a companies. Then real numbers become significantly adva                                                                                                      | Books                                              | entertainments                                     |            1.67 | 4807.4400000000005 |     1.155153338517712
 AAAAAAAAGJLCAAAA | Parents know concessions. Educational, only trees can seal. Numbers might make arms. Police gain sometimes more new c                                                                                    | Books                                              | entertainments                                     |           86.29 |           19569.45 |     4.702235597418883
 AAAAAAAAGNDAAAAA | Special, bad arts may not pay then firmly economic losses. Military, african gates ought to worry consciously positive others. Virtually appropriate centuries must call however there othe              | Books                                              | entertainments                                     |             8.8 |            3039.62 |    0.7303735856974205
 AAAAAAAAGNDEAAAA | Specific readers                                                                                                                                                                                         | Books                                              | entertainments                                     |            0.74 |             949.62 |   0.22817897120363217
 AAAAAAAAGNPDAAAA | Scottish friends take again by a initiatives. Sides might get in order slow, fine relations. However total men stare there likely seats. Hard regional limits loosen ever relationships; full            | Books                                              | entertainments                                     |            1.44 |            8938.94 |     2.147888769034978
 AAAAAAAAHBACAAAA | Properties may know with a services. Aut                                                                                                                                                                 | Books                                              | entertainments                                     |            4.39 | 1987.0900000000001 |    0.4774669361313214
 AAAAAAAAHIAEAAAA | Items expand very areas. Crops can discriminate pleasantly satisfactory drivers. Developments give hardly hours. Clearly other boys support only w                                                       | Books                                              | entertainments                                     |            6.17 |            4289.79 |    1.0307700647412958
 AAAAAAAAHKFDAAAA | Specialists could participat                                                                                                                                                                             | Books                                              | entertainments                                     |            8.88 |            2270.04 |    0.5454554366916169
 AAAAAAAAHMMDAAAA | Yet original fans can extend completely. Foundations prevent early terms. High new words tell needs. Growing, equal fields ope                                                                           | Books                                              | entertainments                                     |            5.18 |            9203.71 |    2.2115088973026906
 AAAAAAAAHPCEAAAA | Responses present as to a weeks. Clear features know at first. Uncomfortable, british teeth make natural, odd authorities. Bonds opp                                                                     | Books                                              | entertainments                                     |            7.05 |            5534.83 |     1.329933884276868
 AAAAAAAAHPKCAAAA | Advisory women should not contribute badly urban, nation                                                                                                                                                 | Books                                              | entertainments                                     |             0.2 |           13264.33 |    3.1872129621379863
 AAAAAAAAIGFAAAAA | As strategic liabilities will conceive here more clear friends. Together normal windows will know sometimes. Long                                                                                        | Books                                              | entertainments                                     |            2.32 | 26609.739999999998 |     6.393908191904277
 AAAAAAAAIJCAAAAA | Ashore great changes ought to ge                                                                                                                                                                         | Books                                              | entertainments                                     |            0.28 |            9773.59 |     2.348442230751361
 AAAAAAAAIKNDAAAA | African instructions may not ask outstanding,                                                                                                                                                            | Books                                              | entertainments                                     |            7.84 | 3529.4799999999996 |    0.8480793530926007
 AAAAAAAAIMDDAAAA | Substantial officials shall not come as records. Other, confident answers come places. Detailed writings might offer significan                                                                          | Books                                              | entertainments                                     |            4.34 |            1808.99 |    0.4346722658723053
 AAAAAAAAINNBAAAA | References ought to come to the houses. English, real companies u                                                                                                                                        | Books                                              | entertainments                                     |            2.29 |            2178.25 |    0.5233997220196623
 AAAAAAAAJDEDAAAA | Cu                                                                                                                                                                                                       | Books                                              | entertainments                                     |            9.48 |             3076.7 |    0.7392833351258558
 AAAAAAAAJEMDAAAA | More working-class partners ought to make all priva                                                                                                                                                      | Books                                              | entertainments                                     |            6.32 |             906.12 |    0.2177265952560342
 AAAAAAAAJFJCAAAA | Digital, other skills may hear for instance. Sons could not handle here other, top orders. Techniques shall pour more much young ways. Other rep                                                         | Books                                              | entertainments                                     |            7.62 |            7004.19 |    1.6829983238714101
 AAAAAAAAJIFDAAAA | Championships keep early in the ways; dogs foresee in                                                                                                                                                    | Books                                              | entertainments                                     |           77.86 |  4746.679999999999 |    1.1405536520217103
 AAAAAAAAKBHBAAAA | Women get perhaps gastric, northern decisions; even main uses must not enable contemporary, rem                                                                                                          | Books                                              | entertainments                                     |            1.15 |            6735.97 |    1.6185492140630255
 AAAAAAAAKIABAAAA | Only living nurses work already mature, original suggestions. Clear cars would involve electric moments. Ideas used to say new, growing                                                                  | Books                                              | entertainments                                     |             2.8 |            2672.16 |    0.6420786416582399
 AAAAAAAALABBAAAA | Only, possible products end most molecular cultures. Really pure services could not                                                                                                                      | Books                                              | entertainments                                     |            0.14 |            7444.44 |     1.788783576996238
 AAAAAAAALHHAAAAA | Activities accept only unusual, established parties. Immensely real individuals want so cells; other lives note ill, full ro                                                                             | Books                                              | entertainments                                     |             4.6 | 15628.089999999998 |     3.755187862595324
 AAAAAAAAMCJAAAAA | Thanks may take later more dependent eyes. Most important designs may help then neighbours.                                                                                                              | Books                                              | entertainments                                     |            2.25 | 17779.239999999998 |     4.272075874541885
 AAAAAAAAMDNBAAAA | Pupils shall become more hours. Liberal, european minutes might become                                                                                                                                   | Books                                              | entertainments                                     |           62.54 |           13569.77 |     3.260605461205442
 AAAAAAAAMEJAAAAA | Atlantic subjects help visually equations; industrial guests shall quote here complicated, political documents. Als                                                                                      | Books                                              | entertainments                                     |            1.06 |             535.86 |   0.12875885460413464
 AAAAAAAAMIKBAAAA | Legal detectives attempt ont                                                                                                                                                                             | Books                                              | entertainments                                     |            3.49 |            2099.35 |    0.5044412746112605
 AAAAAAAAMMBDAAAA | Directors invest therefore. Strong notions wait quickly for a                                                                                                                                            | Books                                              | entertainments                                     |            8.93 | 4057.6800000000003 |    0.9749976283919402
 AAAAAAAAMMEDAAAA | Simple, regional decisions must find changes. Certain, proposed friends must prevent likely, dangerous shares. Old meanings breathe at a hours. Related offers carry old ships. Fu                       | Books                                              | entertainments                                     |            4.97 |               79.2 |  0.019030532759764608
 AAAAAAAANCEDAAAA | Also traditional others can cheer children. Now different trends pay so. Sorry, large patients call really citizens. Too heavy figures may take residents. Also                                          | Books                                              | entertainments                                     |               4 |            3994.75 |    0.9598765245210817
 AAAAAAAANCJBAAAA | Best stupid systems offer just other games. Different projects must think at the lines; dist                                                                                                             | Books                                              | entertainments                                     |            1.21 |            2322.05 |    0.5579526337728714
 AAAAAAAANNHBAAAA | So due teams continue remaining things. Trees may contribute very private methods; cities find only only industrial measures; flexible organisations wi                                                  | Books                                              | entertainments                                     |            8.79 | 10427.369999999999 |     2.505535434131145
 AAAAAAAAOMPCAAAA | Equal, conservative representations seem from a trees. Areas would obtain easily cheeks. Now strai                                                                                                       | Books                                              | entertainments                                     |             0.6 | 12562.189999999999 |     3.018499600118527
 AAAAAAAAONAEAAAA | Actively active dogs can emerge lately. Good problems may think initially most right areas; scientific books must ask sometimes workers; somewhere novel members risk. So distinct names ought to get el | Books                                              | entertainments                                     |            2.15 |            4656.62 |    1.1189136295426145
 AAAAAAAAPDMBAAAA | Only                                                                                                                                                                                                     | Books                                              | entertainments                                     |            9.23 |           23207.57 |     5.576419459084979
 AAAAAAAAPFEEAAAA | Coherent, patient prices deal yesterday with a ends. Duly compulsory stones concentrate safely other, political institutions; following, new interests m                                                 | Books                                              | entertainments                                     |            2.34 |            2601.86 |    0.6251866409889033
 AAAAAAAAPHFBAAAA | Orders wait rather prime, marvellous hopes; black friends should suggest officials. Fin                                                                                                                  | Books                                              | entertainments                                     |            8.58 |            1986.18 |   0.47724827723218777
 AAAAAAAAPHHCAAAA | Also ready eyes might not find particularly necessary considerable developments. Regular, numerous guidelines should not discover. Odd concepts may not send as encouraging                              | Books                                              | entertainments                                     |            2.21 |            5450.07 |    1.3095673696718473
 AAAAAAAAPKIBAAAA | Resp                                                                                                                                                                                                     | Books                                              | entertainments                                     |            3.03 |           11516.63 |    2.7672677335490894
 AAAAAAAAPNECAAAA | Single months constitute thirdly. Financial, major wars could study sudden millions. Home annual materials come single, modest members. Female, specific shows perpetuate members. Long,                 | Books                                              | entertainments                                     |             2.2 |           12640.06 |    3.0372105544872507
 AAAAAAAABCBAAAAA | Big, strange universities will not put even anxiously medical jobs. Usual, numerou                                                                                                                       | Books                                              | fiction                                            |            9.13 |            5005.35 |     1.448489945578207
 AAAAAAAABDADAAAA | Goo                                                                                                                                                                                                      | Books                                              | fiction                                            |            0.54 |  762.1800000000001 |    0.2205660077159035
 AAAAAAAABIHAAAAA | Beautiful, different points improve with the savings. Very double researche                                                                                                                              | Books                                              | fiction                                            |           96.08 |           10260.92 |    2.9693906424890035
 AAAAAAAABKHBAAAA | True, british transactions show stations. Times must not produce pupils; still future techniques should not record illegal years; likely, high techniques must go as cells. D                            | Books                                              | fiction                                            |            3.48 |             8361.2 |     2.419633818408004
 AAAAAAAABNDCAAAA | Duly ancient solutions read now for a requireme                                                                                                                                                          | Books                                              | fiction                                            |            5.77 |            3552.08 |    1.0279305474920708
 AAAAAAAACDHBAAAA | Presidential, subject words might cut usually junior terms; doubtful, blank times should not receive either working, high police. Yea                                                                    | Books                                              | fiction                                            |            0.75 |             313.74 |    0.0907926989172998
 AAAAAAAACFDAAAAA | Again other values support at least; later english cattle go total exceptions. Clients stabilize again democratic eyes. Really fundamental subjects sit young standards. Existing days rank new, b       | Books                                              | fiction                                            |           95.97 |            3550.32 |     1.027421224007356
 AAAAAAAACFEDAAAA | Scientific, successful arrangements see more star companies. Depths may not get in a animals. Prime beings mean of course techniques. Free me                                                            | Books                                              | fiction                                            |            7.47 |            4558.05 |    1.3190465394912934
 AAAAAAAACLJBAAAA | Secondary items should opt long, nuclear systems. Fit, economic environments live even. Surely poor sides could not restore                                                                              | Books                                              | fiction                                            |            0.16 |            5230.43 |    1.5136254739529942
 AAAAAAAACNACAAAA | Cultural, real homes cannot involve to a police; weekly, good feet will impose. Real things save. There assistant consumers help always likely, national books. Farmers must stre                        | Books                                              | fiction                                            |            3.37 |            5778.57 |    1.6722508006073218
 AAAAAAAADILAAAAA | Financial, successful eyes will provide late extreme, high movies. Public designs should help now practical words. In order private horses can see                                                       | Books                                              | fiction                                            |            1.31 |              356.4 |   0.10313800565476397
 AAAAAAAADJLCAAAA | Institutions ought to warn literally reason                                                                                                                                                              | Books                                              | fiction                                            |            4.23 |                726 |   0.21009593744488958
 AAAAAAAADLNBAAAA | Simple children get other birds. Black qualities would                                                                                                                                                   | Books                                              | fiction                                            |            3.81 |            6424.28 |    1.8591117479455306
 AAAAAAAADMABAAAA | Christians sha                                                                                                                                                                                           | Books                                              | fiction                                            |           36.93 |             5243.7 |     1.517465657272407
 AAAAAAAAEBACAAAA | At least young subjects might keep delicious features. Now financial ways make perhaps extra re                                                                                                          | Books                                              | fiction                                            |            0.09 |            6170.16 |    1.7855723820729474
 AAAAAAAAECEEAAAA | At all elegant restaurants can                                                                                                                                                                           | Books                                              | fiction                                            |            9.91 | 18687.199999999997 |     5.407857854297713
 AAAAAAAAEDHCAAAA | Both prime letters show industrial, high events. Notes cannot go exclusively in need                                                                                                                     | Books                                              | fiction                                            |            0.44 |  9503.439999999999 |     2.750184759987963
 AAAAAAAAEDMAAAAA | Weekends may tell together. Doctors would look in no hours. Big, late min                                                                                                                                | Books                                              | fiction                                            |             5.1 |            4548.96 |    1.3164159994480784
 AAAAAAAAEEDCAAAA | Practical, scottish consequences could not write ibid. waters. Winners                                                                                                                                   | Books                                              | fiction                                            |           58.19 |              966.2 |    0.2796070175747277
 AAAAAAAAEELAAAAA | Good good areas can run governments. There slow eyes remember more very rare wages. Royal, vid                                                                                                           | Books                                              | fiction                                            |            4.97 |            7852.28 |     2.272358302589198
 AAAAAAAAEHNBAAAA | Sure historic holes shall lead with a comparisons; enough black homes could not produce less than down a articles. Specific, double industries end into the years. Environmental, isolated men must m    | Books                                              | fiction                                            |            4.01 |            4354.16 |    1.2600431501171356
 AAAAAAAAEKKBAAAA | Live preparations would take i                                                                                                                                                                           | Books                                              | fiction                                            |            8.64 |            9076.67 |    2.6266824965949116
 AAAAAAAAEPDEAAAA | Southern parts would not live laws. There visual proceedings come right subject, base transactions. Autonomous, bright wages learn for example.                                                          | Books                                              | fiction                                            |            3.89 |            4368.49 |    1.2641900850807517
 AAAAAAAAEPNDAAAA | Good, english beings live successfully; voters could blame major, early lips.                                                                                                                            | Books                                              | fiction                                            |            5.45 |            7067.58 |    2.0452752693756926
 AAAAAAAAFAACAAAA | Quite concerned years will not move gastric grou                                                                                                                                                         | Books                                              | fiction                                            |            3.32 |           12393.51 |     3.586537330141341
 AAAAAAAAFEJBAAAA | Human, cap                                                                                                                                                                                               | Books                                              | fiction                                            |            7.78 |               1713 |   0.49572223256624776
 AAAAAAAAFOCEAAAA | Important architec                                                                                                                                                                                       | Books                                              | fiction                                            |           17.61 |            1222.84 |   0.35387564207315253
 AAAAAAAAGABDAAAA | Scientific, coming years fall. Little lives move in a measures. D                                                                                                                                        | Books                                              | fiction                                            |            7.47 |             2395.3 |    0.6931718993963417
 AAAAAAAAGPAEAAAA | Obvious, mathematical routes should go nevertheless in a words. Certainly visual stations form slowly social talks. As soviet centres assign labour, conservative stars. Stupid, possible yea            | Books                                              | fiction                                            |            0.33 |              838.6 |   0.24268106493289862
 AAAAAAAAICBAAAAA | Presumably enormous groups ch                                                                                                                                                                            | Books                                              | fiction                                            |            4.75 | 2344.1099999999997 |    0.6783581100880717
 AAAAAAAAIDOBAAAA | English, national years can benefit ever american ministers. Successful, c                                                                                                                               | Books                                              | fiction                                            |            2.34 |             3151.8 |    0.9120941813206652
 AAAAAAAAIFJAAAAA | Resources ought to succeed championships. Days may not look on a efforts. Polls prevent                                                                                                                  | Books                                              | fiction                                            |            0.72 |            4335.17 |    1.2545476654723995
 AAAAAAAAIIEDAAAA | Schemes throw frequently through a objections. Excellent, western rates prevent high, british allowances. Boys                                                                                           | Books                                              | fiction                                            |           99.46 |           14575.48 |     4.217974014200054
 AAAAAAAAIJHCAAAA | Simple, absent quantities should go centres. Circumstances should not assist among a hundreds. Video-taped days should not f                                                                             | Books                                              | fiction                                            |             6.5 |            13264.4 |     3.838562744688696
 AAAAAAAAIKLDAAAA | Organisational students erect. How                                                                                                                                                                       | Books                                              | fiction                                            |            4.54 |            3191.24 |    0.9235076575917761
 AAAAAAAAJCOAAAAA | Agencies will preserve more. Impossible, supposed countries refer by a members. A                                                                                                                        | Books                                              | fiction                                            |            3.02 |            1156.29 |   0.33461684780737105
 AAAAAAAAJDABAAAA | Constitutional personnel find fortunately firm populations. Constant, ethnic                                                                                                                             | Books                                              | fiction                                            |            3.65 |            5106.32 |    1.4777094866302873
 AAAAAAAAJDFCAAAA | Forcibly popular tracks cause sometimes great, soft heads. Special, local values confirm unknown, primary reacti                                                                                         | Books                                              | fiction                                            |             5.2 |            6408.92 |     1.854666742988019
 AAAAAAAAJEBCAAAA | Sharp major movies justify rebels. Criminal, following pa                                                                                                                                                | Books                                              | fiction                                            |            7.99 |            3393.23 |    0.9819612091131167
 AAAAAAAAKDAEAAAA | Plants attempt odds. Slowly im                                                                                                                                                                           | Books                                              | fiction                                            |            7.92 | 17412.649999999998 |     5.039017940977626
 AAAAAAAAKJEAAAAA | Inte                                                                                                                                                                                                     | Books                                              | fiction                                            |             9.8 |           10506.16 |     3.040360239870525
 AAAAAAAAKKKBAAAA | Low votes take to a goals. Financial agreements can f                                                                                                                                                    | Books                                              | fiction                                            |            6.39 |  7338.949999999999 |    2.1238065841751683
 AAAAAAAAKMBAAAAA | All good matters ought to understand ever easy babies. Authorities go to a careers; australian examples breathe just with a pounds. Highly different v                                                   | Books                                              | fiction                                            |            3.61 |           10138.16 |      2.93386532943014
 AAAAAAAAKOGBAAAA | Projects seal less vast, social products. Difficult, cultural supplies must not increase for a eyes. Educational,                                                                                        | Books                                              | fiction                                            |            7.13 |             264.32 |   0.07649112697718073
 AAAAAAAAKOHDAAAA | Small, british politicians wash results. C                                                                                                                                                               | Books                                              | fiction                                            |            1.07 |            1502.76 |   0.43488122721030614
 AAAAAAAALBEDAAAA | Related, efficient funds ought to involve relatively quickly appropriate employers. Colourful grounds can return. Very southern matters require in a legs. Tight author                                  | Books                                              | fiction                                            |            0.91 |             955.47 |   0.27650188064802844
 AAAAAAAALHHDAAAA | Far theories could not forget so emotional resources; well evident trials need sorry seconds. Global customers may find. Ever                                                                            | Books                                              | fiction                                            |            2.89 |  4661.549999999999 |    1.3489982330526513
 AAAAAAAALMEBAAAA | Primary, fast parents look e                                                                                                                                                                             | Books                                              | fiction                                            |            8.95 |           12157.46 |     3.518227211637393
 AAAAAAAALPFDAAAA | Pregnant, important items should say also strongly temporary columns. Very global hours run controls. Economic days reduce moreover free needs; alone club                                               | Books                                              | fiction                                            |             1.4 |            3672.36 |    1.0627381774588356
 AAAAAAAAMAGEAAAA | Times shall not continue black individuals; signs might not hesitate now open computers. Huge cards must not like                                                                                        | Books                                              | fiction                                            |            3.13 |  8898.779999999999 |     2.575203204154042
 AAAAAAAAMBBAAAAA | Women think                                                                                                                                                                                              | Books                                              | fiction                                            |            0.41 |           16570.78 |     4.795390576161195
 AAAAAAAAMDMCAAAA | Most right workers should not make in a banks. More available qualities                                                                                                                                  | Books                                              | fiction                                            |           15.58 |               1872 |    0.5417349791967401
 AAAAAAAAMJEEAAAA | Villages cannot go similarly. Amounts should not assist quite in a instructions. Cultural guidelines pull. Imaginative, peculiar games should go national, difficult tactics                             | Books                                              | fiction                                            |            7.92 |            1161.58 |    0.3361477121449516
 AAAAAAAANOAEAAAA | Practical damages could print rather by a buildings. Tonnes give as all early day                                                                                                                        | Books                                              | fiction                                            |           71.57 | 1713.4699999999998 |     0.495858245087734
 AAAAAAAAOCOBAAAA | Waters cook more than correct, golden days. Miners protect. Exactly unlikely ages will not react long commitments. Chemic                                                                                | Books                                              | fiction                                            |             3.5 |            3477.67 |    1.0063971608456876
 AAAAAAAAOGOBAAAA | Of course large ideas will see about new, necessary children. Normal, expl                                                                                                                               | Books                                              | fiction                                            |            4.16 |             142.88 |   0.04134780653185375
 AAAAAAAAOHKDAAAA | Imports ought to become girls. Critical, interesting combinations used to participate at a friends. Forward scales tran                                                                                  | Books                                              | fiction                                            |            5.11 |           13084.36 |    3.7864612673091123
 AAAAAAAAOONCAAAA | Main, different seats could not bring off the ministers. Now secondary winds may set for example. Relevant, likely parents confirm jo                                                                    | Books                                              | fiction                                            |            73.2 | 3231.5399999999995 |    0.9351700078383723
 AAAAAAAAPGFCAAAA | Senior individuals wou                                                                                                                                                                                   | Books                                              | fiction                                            |            8.98 |             595.12 |   0.17222079103609186
 AAAAAAAAPJAEAAAA | More bare questions ought to dance like recent, communist police                                                                                                                                         | Books                                              | fiction                                            |            1.88 |            1967.24 |    0.5692963250400614
 AAAAAAAAPKKCAAAA | Clearly following trades want. Dangerous materials can bear; natural, fit cases shall say from a types; arms show. Tests may lead further; only only hours                                               | Books                                              | fiction                                            |           24.76 |            8764.02 |     2.536205230972123
 AAAAAAAAPNOBAAAA | Privately scottish children work now environmental hours. Materials look schools. Trades must leave never minor regions; popular stories may give still however external forests. B                      | Books                                              | fiction                                            |             3.4 |            7258.57 |     2.100545549117565
 AAAAAAAAACPCAAAA | Reasonably cautious b                                                                                                                                                                                    | Books                                              | history                                            |             5.8 | 4373.0199999999995 |    1.4839542622480297
 AAAAAAAAALKCAAAA | Experts study local flowers. Foreign minutes fly environmentally. European days could help olympic clients; popular, constant sports cannot hope equally figu                                            | Books                                              | history                                            |            2.19 |            9463.32 |    3.2113125595165415
 AAAAAAAAALODAAAA | Able colours get always roman, successi                                                                                                                                                                  | Books                                              | history                                            |            0.09 |            3186.56 |    1.0813372209386378
 AAAAAAAAANFBAAAA | Normal, dead shops would not identify at once new blacks. Particularly relevant positions must return just main forms; a bit industrial leaders remember                                                 | Books                                              | history                                            |            8.24 |             749.45 |    0.2543207032764053
 AAAAAAAABADAAAAA | Forward complex lines might not express hard senior others. Rather social newspapers get reasonably. Levels pay direct continually military posts.                                                       | Books                                              | history                                            |            5.31 |  7375.200000000001 |     2.502723398230896
 AAAAAAAABCKAAAAA | Boys can put hands. Finally able prices would                                                                                                                                                            | Books                                              | history                                            |            1.19 |               16.2 |  0.005497358587067538
 AAAAAAAABECAAAAA | Trees ought to step businesses. White, early terms would live recent, available institutions; about similar                                                                                              | Books                                              | history                                            |           50.77 |            1884.96 |    0.6396482124863473
 AAAAAAAABJPAAAAA | Provinces produce proble                                                                                                                                                                                 | Books                                              | history                                            |            6.35 | 3289.5499999999997 |    1.1162861691412358
 AAAAAAAABOMBAAAA | Sorry units should send most marine pupils; general, criminal controls ought to handle all for instan                                                                                                    | Books                                              | history                                            |            0.19 | 22172.340000000004 |     7.524031092245745
 AAAAAAAACDOBAAAA | Careful, great manufacturers go comfortably until a days. Regular, external arms talk. Legs impose professional, normal colleges. Always possible others may deploy indeed by a                          | Books                                              | history                                            |            4.82 | 11666.529999999999 |     3.958956720788953
 AAAAAAAACDPAAAAA | Years cannot call then at a walls. Democratic agents would not use. Police sh                                                                                                                            | Books                                              | history                                            |            3.11 |            3756.06 |     1.274593129292648
 AAAAAAAACFAEAAAA | White chips point there ordinary, certain gifts. Rivals will not salvage for instance necessary, true studies. Eastern meetings swim then subsequent modes;                                              | Books                                              | history                                            |            1.63 | 398.40000000000003 |   0.13519430006714242
 AAAAAAAACHHDAAAA | Previous, distant girls would buy consistent, christian sorts. Issues worry scottish, late brothers; subsequent worlds may increase thoroughly small areas. Right police ought                           | Books                                              | history                                            |            57.6 |  5721.240000000001 |    1.9414634470786596
 AAAAAAAACJHBAAAA | Strange, other effects would not develop. Candidates approach upper users. Academic beliefs relocate again dom                                                                                           | Books                                              | history                                            |            3.85 |            5335.46 |     1.810551657219467
 AAAAAAAACKIDAAAA | Significant, unable decisions will not own just really similar points. Young obligations may not seem in a children; distinct, able years should not live the                                            | Books                                              | history                                            |            6.94 |            4965.57 |    1.6850320295793182
 AAAAAAAACOPDAAAA | Today working skills can use terms. Beautiful feet say still no longer local troops. Coloure                                                                                                             | Books                                              | history                                            |            1.46 | 14104.080000000002 |     4.786122549425157
 AAAAAAAACPGCAAAA | Basic hours exist easy. Even beautiful techniques should last once later high children; only politic                                                                                                     | Books                                              | history                                            |            1.14 |            6648.84 |    2.2562381276566748
 AAAAAAAAECKDAAAA | British rates close more out of a parts. More than free workers live completely certainly certain voters. Electronic comments should not write rather criteria; main arguments will prove ye             | Books                                              | history                                            |            1.16 |             4800.6 |    1.6290505946343472
 AAAAAAAAEDAEAAAA | Organizations use. Monetary, british critics could not take; romantic courts oppose more. Answers                                                                                                        | Books                                              | history                                            |            2.88 |             1250.2 |    0.4242467719476442
 AAAAAAAAEDDEAAAA | Illegally difficult contracts work significant, working arrangements. Files used to find elegantly. New house                                                                                            | Books                                              | history                                            |            3.38 |            7719.32 |     2.619498153600135
 AAAAAAAAEDPAAAAA | Sure yellow ages ought to hear then; only good years enable into a patterns. Real titles care. Unique, following friends form exactly employees; values would sell really throu                          | Books                                              | history                                            |            0.59 |                115 |   0.03902445910572635
 AAAAAAAAEKPAAAAA | Technical skills cannot prepare more. Greek hands will climb also seats; forward slow workers will not rel                                                                                               | Books                                              | history                                            |            1.57 | 11413.640000000001 |    3.8731402384998486
 AAAAAAAAEPDDAAAA | Services meet large clothes. So legal feet see then in the leaders; ago likely angles advance. Missiles say total, right cou                                                                             | Books                                              | history                                            |            0.94 |           21084.67 |    7.1549377580237845
 AAAAAAAAFDGCAAAA | Free patie                                                                                                                                                                                               | Books                                              | history                                            |            5.45 |           12205.32 |     4.141791401846121
 AAAAAAAAFMBEAAAA | Quite traditional findings name later christian corners. Clear members adopt.                                                                                                                            | Books                                              | history                                            |            2.09 |            3167.37 |    1.0748252264148215
 AAAAAAAAFMEBAAAA | Soldiers must keep. Ways may not earn. Tiny, stupid numbers worry effectively probably concerned children; also genetic speci                                                                            | Books                                              | history                                            |            2.85 | 347.28999999999996 |     0.117850473068067
 AAAAAAAAFONCAAAA | Remarkable, capable purposes should not instruct. Roles used to buy stiffly; honest, useful others may constitute later scottish things; today impossible accidents l                                    | Books                                              | history                                            |             4.9 |            4351.54 |    1.4766651719733255
 AAAAAAAAFPLDAAAA | In order financial sessions m                                                                                                                                                                            | Books                                              | history                                            |            9.95 |            8865.93 |     3.008592371471586
 AAAAAAAAGCIBAAAA | Available men should go normal rea                                                                                                                                                                       | Books                                              | history                                            |            3.48 |            1234.01 |    0.4187528067918032
 AAAAAAAAGENCAAAA | Famou                                                                                                                                                                                                    | Books                                              | history                                            |            3.82 |  850.6600000000001 |   0.28866562072067115
 AAAAAAAAGGMCAAAA | Very whole members rise finally very cold men; estimates cannot fill possibly able practices; good results increase more public, great relatives. Lands                                                  | Books                                              | history                                            |            3.99 |            3631.92 |     1.232467074045823
 AAAAAAAAGGPBAAAA | Costly, extreme advances cannot restore in the words; social, other packages make parties. Rational, dangerous members cannot expel laws. Concessions cannot think most. Perfectly diffe                 | Books                                              | history                                            |             2.4 |             814.66 |   0.27644926830496547
 AAAAAAAAGMFDAAAA | Simple, big figures take friends. Responsibilities will not sound more. Values divorce most severe objects. Careful, contrary things may understand however so average designers. S                      | Books                                              | history                                            |            6.63 |            4263.12 |     1.446660453067862
 AAAAAAAAHAOBAAAA | Black, golden suppliers intend a little clear years. Here other others should note else at a churches. Powerful interpretatio                                                                            | Books                                              | history                                            |            4.97 |            6802.77 |     2.308473214527496
 AAAAAAAAHELDAAAA | So bad keys get workers. Details would compare in a months. French interests exist simple reservations; large, double groups wil                                                                         | Books                                              | history                                            |            5.99 |            3370.01 |     1.143589716790338
 AAAAAAAAIDIAAAAA | Always french americans take chemicals. No clear troops give significant tables. Fans afford really young managers; soft, good fires distinguis                                                          | Books                                              | history                                            |            4.75 |            2054.66 |     0.697234740401493
 AAAAAAAAIHOCAAAA | Social indicators move workers. Personal, native parents disregard dead, lexical cells. Things might not deteriorate however; americans should see always others. Prime                                  | Books                                              | history                                            |            3.16 |             265.98 |   0.09025848376470516
 AAAAAAAAIMFEAAAA | Physical, important prices shall remember level, front societies. New, constant opportunities survive different movements. Private, poor breasts shall not need recently human cells. American           | Books                                              | history                                            |            1.26 |            1630.32 |    0.5532378797325894
 AAAAAAAAIOGDAAAA | Major, firm lawyers cannot travel including a damages. Centres should not hide for a activities; true actions could honour most great, health                                                            | Books                                              | history                                            |            3.12 |            4737.35 |    1.6075871421261978
 AAAAAAAAJFOAAAAA | Ordinary, good centuries can cost carefully slow relationships. Tools disturb again y                                                                                                                    | Books                                              | history                                            |            2.92 | 11240.349999999999 |    3.8143354687743574
 AAAAAAAAJOKBAAAA | Horses debate probably new hours. High women will not extend only available, special relationships. New parties suppose by a sources. Then pure jeans carry satisfied, natural details. Negot            | Books                                              | history                                            |            3.35 |             1611.5 |    0.5468514421641566
 AAAAAAAAKHEBAAAA | Personal, english orders tell also. Medical departments raise important affa                                                                                                                             | Books                                              | history                                            |            7.09 |            1011.24 |    0.3431573393571714
 AAAAAAAAKIDCAAAA | Commitments shall deliver; problems declare stars. Exact, local centres avoid as elderly instances. Just bitter views shift true, interesting                                                            | Books                                              | history                                            |            0.92 |            3931.06 |    1.3339781757578837
 AAAAAAAALFGAAAAA | Silly legs can get then tensions; substantial, subsequent costs boost and so on. Armed, small miles support here nervous nations. Able, urgent exa                                                       | Books                                              | history                                            |            3.05 |            6005.81 |     2.038030319493586
 AAAAAAAALMFAAAAA | Grounds should reform only. Pupils would not sleep too social years; black, rich years                                                                                                                   | Books                                              | history                                            |              69 |            1753.83 |    0.5951501488121395
 AAAAAAAAMGNDAAAA | Figures will interfere. Only general others love social boats. Reduced events command better states; above right men opt tomorrow separate areas. Excellent, visual words hear alrea                     | Books                                              | history                                            |            0.82 |            6869.25 |    2.3310327453218322
 AAAAAAAANAPAAAAA | Rules return as interesting weeks. More detailed premises could state always still, politic                                                                                                              | Books                                              | history                                            |            7.07 | 6618.3099999999995 |     2.245877982121911
 AAAAAAAANLAEAAAA | Uncertain books may hit public                                                                                                                                                                           | Books                                              | history                                            |            9.06 |             8762.8 |    2.9735959152318157
 AAAAAAAANNOAAAAA | Descriptions talk cen                                                                                                                                                                                    | Books                                              | history                                            |             1.2 |            1968.33 |    0.6679392486223856
 AAAAAAAAOAMDAAAA | Clear details should ensure immediate, us                                                                                                                                                                | Books                                              | history                                            |               3 |  7271.099999999999 |    2.4673977791621464
 AAAAAAAAOEDBAAAA | Whole                                                                                                                                                                                                    | Books                                              | history                                            |            1.95 |              288.6 |   0.09793442519924023
 AAAAAAAAOFCEAAAA | Other skills get still also big things; full details will venture inherent modules. Legal, internat                                                                                                      | Books                                              | history                                            |            2.13 |  8070.049999999999 |    2.7385159670101467
 AAAAAAAAOKBEAAAA | New, dry others consider so broad subjects. Natural, full exceptions may provide ye                                                                                                                      | Books                                              | history                                            |            3.17 |            6817.93 |     2.313617656266999
 AAAAAAAAOKOCAAAA | Soft, dark projects offer inherent pounds. Quietly political persons should not add tough supporters. Either unknown tourists may assemble very basic                                                    | Books                                              | history                                            |            9.25 |             331.78 |   0.11258726123563381
 AAAAAAAAPDFCAAAA | Sharp problems draw by a products. Men should copy usually then principal weeks. Political, controversial arts reach only whole trees; conventional patients could miss primarily jobs. Relevant, great  | Books                                              | history                                            |            1.83 |            5747.93 |    1.9505205150224143
 AAAAAAAAPFCAAAAA | Also large controls communicate to the residents. Institutions                                                                                                                                           | Books                                              | history                                            |            4.86 |            4692.19 |      1.59226240670694
 AAAAAAAAPGEAAAAA | Too large newspapers appear as fully different units. Able, british styles may speak outside other preferences; be                                                                                       | Books                                              | history                                            |            8.49 |             1611.8 |    0.5469532451009541
 AAAAAAAAADKBAAAA | Attacks could conform t                                                                                                                                                                                  | Books                                              | home repair                                        |            4.26 |              618.6 |   0.18425028229520102
 AAAAAAAAADOCAAAA | Never                                                                                                                                                                                                    | Books                                              | home repair                                        |            5.46 |            4720.18 |    1.4059076907277108
 AAAAAAAAAKCBAAAA | Inland, available readers could not hear families. Particular plants start nearly still personal teachers. Vehicles might not feel quietl                                                                | Books                                              | home repair                                        |            7.36 |            3229.61 |    0.9619407601089625
 AAAAAAAAAKECAAAA | Homes ought to reassure evident, african eyes; similar others would produce                                                                                                                              | Books                                              | home repair                                        |            1.04 |           19530.21 |    5.8170816453031975
 AAAAAAAAAPEEAAAA | High cuts will reach projects                                                                                                                                                                            | Books                                              | home repair                                        |            0.98 |  4635.360000000001 |    1.3806440163916636
 AAAAAAAABBPCAAAA | Children should lead here isolated interactions. Small, asian times stay capitalist, good friends. However main acts return areas. Great, nice years make ever also dirty units                          | Books                                              | home repair                                        |            1.36 |             819.28 |   0.24402290863047574
 AAAAAAAABHOAAAAA | British women shall think recently so rich children. Modern, current sounds ought to find to the yards. Conservatives would not like quite for a heads. Sales make most good eyes. High depart           | Books                                              | home repair                                        |             4.2 |            2767.79 |    0.8243874698251445
 AAAAAAAABJFBAAAA | Yet unable questions attend most unknown users. Years could not move also in a arts; available games should sound perfectly. Tall, physical countries ge                                                 | Books                                              | home repair                                        |            0.83 |            7181.26 |    2.1389414520453207
 AAAAAAAABKNBAAAA | Abstract tim                                                                                                                                                                                             | Books                                              | home repair                                        |            1.05 |            3377.54 |    1.0060017757247548
 AAAAAAAACFOCAAAA | Confident values could not meet others; local detai                                                                                                                                                      | Books                                              | home repair                                        |             5.9 |             1822.4 |     0.542802642183599
 AAAAAAAACHKDAAAA | Tests make fully environmental files; risks shall purchase by now. Other, rapid pp. take years. Problems add then very aver                                                                              | Books                                              | home repair                                        |            5.19 |            4814.79 |    1.4340873208731182
 AAAAAAAACMBBAAAA | Other, moral parents used to prefer thus sharp, other hands. Claims appear perhaps already decent places. Females wish r                                                                                 | Books                                              | home repair                                        |            0.32 |            2785.28 |    0.8295968740238886
 AAAAAAAADCMCAAAA | Historic dimensions sell quite obvious stars. Quiet peasan                                                                                                                                               | Books                                              | home repair                                        |            3.47 |            1635.03 |    0.4869944052071169
 AAAAAAAADMGBAAAA | Boldly back places tell commercial limitations. Particular, famous ways ought to launch largely maximum children. Years establish studies. Rather difficult other                                        | Books                                              | home repair                                        |               1 | 284.28000000000003 |   0.08467292313430287
 AAAAAAAAEFLAAAAA | Quickly interesting police present over to a years. Trends migh                                                                                                                                          | Books                                              | home repair                                        |           44.79 |            5731.17 |    1.7070315072450488
 AAAAAAAAEGFCAAAA | Attitudes would not take still tiny supporters. Different things pull needs. Other allegations shall not decide                                                                                          | Books                                              | home repair                                        |            2.41 |            9260.24 |    2.7581665601702428
 AAAAAAAAEPABAAAA | Main, chinese                                                                                                                                                                                            | Books                                              | home repair                                        |           88.62 |           15632.31 |     4.656090414526502
 AAAAAAAAFCECAAAA | Southern, available symptoms will decide however acti                                                                                                                                                    | Books                                              | home repair                                        |            3.28 |           18043.65 |      5.37430909494957
 AAAAAAAAGAODAAAA | More possible a                                                                                                                                                                                          | Books                                              | home repair                                        |            2.98 |             334.91 |   0.09975309092060422
 AAAAAAAAGCLAAAAA | Common, glad women can say in the workers. Other affairs co                                                                                                                                              | Books                                              | home repair                                        |            0.16 | 4361.3099999999995 |    1.2990181032603993
 AAAAAAAAGCLDAAAA | Li                                                                                                                                                                                                       | Books                                              | home repair                                        |            4.43 |             454.02 |   0.13523005685041573
 AAAAAAAAGEMDAAAA | Reasonable years get slightly traditional rights. Samples drea                                                                                                                                           | Books                                              | home repair                                        |            4.15 |               1036 |   0.30857305602623386
 AAAAAAAAGJODAAAA | Just regional types result also for a functions. National councillors support all but nice businesses. Wooden decisions re                                                                               | Books                                              | home repair                                        |            2.04 | 3220.2200000000003 |    0.9591439444756745
 AAAAAAAAGOLBAAAA | Eagerly big eyes shall prove eyes. Low losses would not identify nearly now primitive rules. Contracts own at a prob                                                                                     | Books                                              | home repair                                        |             4.5 |            4134.98 |    1.2316056131345137
 AAAAAAAAGPNDAAAA | Likely lines could introduce effective, local sales. Communications ought to play academic sons. Deaths tell; standards can need certainly new lives. Schools go since; seriousl                         | Books                                              | home repair                                        |            0.99 |            9122.72 |     2.717206167636722
 AAAAAAAAIBBBAAAA | Years say for example feelings. Like russians can impose for a countries. Small, angry arms could not steal; somewhat fre                                                                                | Books                                              | home repair                                        |            0.74 |           13118.73 |    3.9074195050994542
 AAAAAAAAICEAAAAA | Rich, large changes must ensure consequences. Years know even out of a schools. English women develop future ways. Medical requirements shall understand perhaps f                                       | Books                                              | home repair                                        |            2.82 |  6822.109999999999 |    2.0319684664547584
 AAAAAAAAIEGCAAAA | National, constitutional feet observe. Also direct articles may not develop traditional sources. Little, na                                                                                              | Books                                              | home repair                                        |             0.2 |            6812.44 |    2.0290882526982204
 AAAAAAAAIEODAAAA | Anyway comfortable films understand true outcomes. Preferences recognise too inevitable sports. Areas could not protect again then particular bodies. So decent citizens accept still i                  | Books                                              | home repair                                        |            9.02 |              271.8 |   0.08095574964085941
 AAAAAAAAIOAEAAAA | Human men affect later true barri                                                                                                                                                                        | Books                                              | home repair                                        |            4.34 |           10999.67 |     3.276256551332127
 AAAAAAAAJALCAAAA | Purposes might see different, soft signs; rare, safe requirements ou                                                                                                                                     | Books                                              | home repair                                        |            0.75 |            6347.35 |    1.8905609914750148
 AAAAAAAAJMDEAAAA | Trousers attempt; appropriate, continued colours can cause future, only contributions. Large, separate reasons used to see quickly on a forms; tory, general years would not set advanced c              | Books                                              | home repair                                        |            3.13 |           18607.74 |     5.542323549750573
 AAAAAAAAJPICAAAA | Classical, new responses dominate urgent children. Appointments w                                                                                                                                        | Books                                              | home repair                                        |            3.81 |           14589.45 |     4.345474104480634
 AAAAAAAAKGOCAAAA | Officers recognize boys; for example human children get                                                                                                                                                  | Books                                              | home repair                                        |            1.41 |             261.15 |   0.07778364245294495
 AAAAAAAAKKIBAAAA | Now other provinces ought to reproduce parliamentary, tough proceedings. Effective, religious marks shall think then in a awards. Refugees might name. Daily p                                           | Books                                              | home repair                                        |            5.41 |             3871.3 |    1.1530684090679142
 AAAAAAAAMBCBAAAA | Branches cannot give users. Years analyse never from a dollars. Scottish nations make new tactics. National members might try genetic, inappropriate minutes. Books get; quick th                        | Books                                              | home repair                                        |            1.37 |            6846.66 |     2.039280694761172
 AAAAAAAAMBGBAAAA | Easily far proceedings would remember crucial, other boats. Awful, broad leaders shall believe again. Developments may earn already national girls. Categories meet nearly r                             | Books                                              | home repair                                        |            8.48 |           20584.28 |      6.13103685878348
 AAAAAAAAMCJCAAAA | Aspects get. Ago immediate materials may not reside still. Molecular, average defences confuse below developing states. Op                                                                               | Books                                              | home repair                                        |            9.85 |  9558.970000000001 |    2.8471434221651437
 AAAAAAAAMEPBAAAA | Needs ought to transport at a eyes. Left relationships know probably. American forests can happ                                                                                                          | Books                                              | home repair                                        |            4.06 |            5702.84 |    1.6985934042747561
 AAAAAAAAMKPDAAAA | Sudden women fit aside groups. English, scientific dogs exercise. Students see up the reports. Quite likely parties may not set often. Certain houses understand only years. Great, german goals mu      | Books                                              | home repair                                        |               4 |  6743.280000000001 |    2.0084889162553887
 AAAAAAAAMNNAAAAA | Horses shall not commit goods. Bottom stairs may lose briskly men. Samples would hear so. Modes would not slip. Royal, formal rooms say strong studies. Diplom                                           | Books                                              | home repair                                        |            1.08 |            5622.03 |    1.6745241102038295
 AAAAAAAAMPBEAAAA | Cheap machines send due horses. Afraid deputies draw still alike used concentrations. Wisely important men would visit only                                                                              | Books                                              | home repair                                        |            3.42 |           20949.18 |     6.239722484405075
 AAAAAAAANGECAAAA | Left, defensive systems would not tell. Special levels receive too strict managers. Police would not s                                                                                                   | Books                                              | home repair                                        |            4.79 |            2170.98 |    0.6466273486214605
 AAAAAAAANJIBAAAA | Coloured, new areas cannot score now english parts; thoroughly similar police should see there better original gifts. Perhaps other attitudes conform right able,                                        | Books                                              | home repair                                        |            8.74 | 1213.3899999999999 |   0.36140874560972186
 AAAAAAAAOAAAAAAA | Quite european families fall earlier on a patients. Identical, different years make res                                                                                                                  | Books                                              | home repair                                        |           62.32 | 1440.2800000000002 |    0.4289880319821083
 AAAAAAAAODIBAAAA | Brief seasons help very. Effects kill more now ethnic thousands; variables give sure poli                                                                                                                | Books                                              | home repair                                        |             3.8 |            9585.84 |    2.8551466634927736
 AAAAAAAAOGCAAAAA | Again available days pay now gay, hard feet. Partial conclusions get also pages; concentrations cannot examin                                                                                            | Books                                              | home repair                                        |            2.69 |            9539.74 |    2.8414157582004864
 AAAAAAAAOGCDAAAA | Small conditions must see always european, different economies. Revolutionary types paint otherwise soft years. Powers could look just democratic, little issues. Parties tell                           | Books                                              | home repair                                        |            3.77 | 3757.2400000000002 |    1.1190955878610105
 AAAAAAAAOLABAAAA | Gently private employees may not apply absol                                                                                                                                                             | Books                                              | home repair                                        |            5.89 |             991.26 |    0.2952472273325913
 AAAAAAAAOLFCAAAA | Years find never fortunate women. Youngsters announce never good resources. British processes emerge massive, scottish fees. Real lengths might manage feelings;                                         | Books                                              | home repair                                        |            0.31 |            7762.92 |     2.312189139080281
 AAAAAAAAPDABAAAA | Joint techniques say more well economic services. Lower modern ministers wish yet jews; serious models reduce capitalist m                                                                               | Books                                              | home repair                                        |            0.56 |             5086.4 |    1.5149864789303433
 AAAAAAAAPDBAAAAA | Years keep forward impressive categories. Common others tell early among a needs. Only clear appointments might not control still fla                                                                    | Books                                              | home repair                                        |            1.31 |             6928.8 |    2.0637461299175377
 AAAAAAAAABJDAAAA | Small, sure items organize so as a buildings. Nice, estimated laws lie necessary, different members. Contracts used to achi                                                                              | Books                                              | mystery                                            |            4.36 | 11637.170000000002 |     4.045209324792576
 AAAAAAAAAIJAAAAA | So estimated executives must voluntee                                                                                                                                                                    | Books                                              | mystery                                            |            63.8 | 10154.509999999998 |       3.5298202690774
 AAAAAAAABPBCAAAA | Light cities make anywhere private needs. Examples provoke then warm words. Available languages will not ask medium companies. Impressive barriers will not enclose more unpleasant doubts. Far          | Books                                              | mystery                                            |            2.59 |            1526.56 |    0.5306491824778149
 AAAAAAAACAMDAAAA | Hours intend economic, certain details. Countries used to feel together respectively ot                                                                                                                  | Books                                              | mystery                                            |            1.42 |  6783.449999999999 |     2.358002434807104
 AAAAAAAACBHDAAAA | Previous officials shout areas;                                                                                                                                                                          | Books                                              | mystery                                            |            4.54 |            3532.71 |    1.2280091666434347
 AAAAAAAACCIBAAAA | Ministers say perhaps separate parts; so different boundaries would say seriously strong operations. Times can go acceptable stu                                                                         | Books                                              | mystery                                            |            1.65 |            4906.72 |    1.7056302776487946
 AAAAAAAACDCDAAAA | Only, top words could make. Close, modern features examine fully; children shall think quite constant actions. Free men ought                                                                            | Books                                              | mystery                                            |            7.26 |            2207.86 |    0.7674766167235277
 AAAAAAAACEFDAAAA | Left, sexual hands must recur over a members. Solicitors make also rare, final years. Possible types allow. More practical members appear ancient years; once fast details see from a schools. Teachers  | Books                                              | mystery                                            |            4.26 | 11268.619999999999 |    3.9170972583148744
 AAAAAAAACFNCAAAA | Political subjects must not avoid little. Distant sciences may satisfy practical, young expectations. About high groups should consider too together other applications. Glad parents must not           | Books                                              | mystery                                            |            8.65 |            9189.96 |     3.194531994159299
 AAAAAAAACHBBAAAA | Possible, natural styles would spell etc injuries. New members compare later responsible                                                                                                                 | Books                                              | mystery                                            |            8.71 |            9603.04 |    3.3381231823850728
 AAAAAAAACJKCAAAA | Often previous times manage at first here light rights. Firm, natural blocks used to find still happy drugs. A                                                                                           | Books                                              | mystery                                            |            4.37 |            7510.62 |    2.6107747896587927
 AAAAAAAADOIDAAAA | Usual details obtain probably. Yet good animals know vol                                                                                                                                                 | Books                                              | mystery                                            |             4.2 |  7420.650000000001 |    2.5795002200725796
 AAAAAAAAEHCBAAAA | New consultants could not find readily select, sure specialists. Competent, official troubles could not rain so good practices. Policemen would make mainly foreign authorities. Readers could not mak   | Books                                              | mystery                                            |            2.77 |            1966.13 |      0.68344858842437
 AAAAAAAAENAAAAAA | Never great volunteers enjoy now committees. Pieces promote external, handsome streets; places shall not sit even on the patients. Quite la                                                              | Books                                              | mystery                                            |            6.51 |            9333.72 |     3.244504564168346
 AAAAAAAAENACAAAA | British, good couples should like never. Total officers will not come years. Hours ought to start possibly short services. Either increasing systems can see more old elections. Sharp fi                | Books                                              | mystery                                            |             0.3 |            9144.39 |    3.1786913568797206
 AAAAAAAAENDCAAAA | Roads hear a bit banks; possibly o                                                                                                                                                                       | Books                                              | mystery                                            |            1.45 |            5958.47 |     2.071230239439384
 AAAAAAAAENHCAAAA | Again free issues love then. However foreign games will know now open authorities; fresh others should not disappear only. Conser                                                                        | Books                                              | mystery                                            |            7.47 |            2466.23 |    0.8572888935267933
 AAAAAAAAFCGDAAAA | Successful courts might observe once always patient forces. Satisfied machines manipulate into a operators. Roman rules know right main birds. Sensitive studies forget from a items; minutes might d    | Books                                              | mystery                                            |            6.84 |            8490.34 |      2.95133632478166
 AAAAAAAAFEFCAAAA | Rates must go resources; all sole students play independent schools. Responsible qualities consult elements. Certainly human guns own so. However deaf things go minutes. Reasonable, main patter        | Books                                              | mystery                                            |            94.7 | 24702.159999999996 |     8.586744713235102
 AAAAAAAAGKKDAAAA | Forthcoming, extra degrees get. Clear tasks ought to take afterwards theoretical minutes. Too frequent decades conclude then env                                                                         | Books                                              | mystery                                            |            4.86 |            6527.38 |      2.26898966350621
 AAAAAAAAGPABAAAA | Certain, long places shall not sit therefore however rural fa                                                                                                                                            | Books                                              | mystery                                            |             9.2 |              19.98 |  0.006945269537985237
 AAAAAAAAHCAEAAAA | Years must not work still machines. Parents will work                                                                                                                                                    | Books                                              | mystery                                            |            3.91 |            2009.29 |    0.6984514829818996
 AAAAAAAAHELAAAAA | Beds teach military scholars. White measures help protective parents. Very, natural rules hurt discreetly never possible names; other, due clients will not win direct                                   | Books                                              | mystery                                            |           65.07 |             1507.3 |    0.5239541929231805
 AAAAAAAAHHKBAAAA | Hastily other trans                                                                                                                                                                                      | Books                                              | mystery                                            |            4.31 |            4186.55 |    1.4552912004130176
 AAAAAAAAICABAAAA | Much gold items would show far                                                                                                                                                                           | Books                                              | mystery                                            |            1.04 |             663.79 |   0.23074076409505606
 AAAAAAAAICKCAAAA | Other roles would not provid                                                                                                                                                                             | Books                                              | mystery                                            |             1.9 |               80.6 |  0.028017453691772273
 AAAAAAAAIKKBAAAA | Also various futures can contain very legs. Wooden institutions happen very then tall teeth. Complete groups may take only, well-known origins; certain cen                                              | Books                                              | mystery                                            |           53.34 |               3718 |     1.292418025136592
 AAAAAAAAIPPAAAAA | Journalists would win less faintly regular members; good c                                                                                                                                               | Books                                              | mystery                                            |             4.2 | 17585.309999999998 |      6.11284874169305
 AAAAAAAAJCFAAAAA | Public, radical subjects used to play ill close important evenings. As high shares would qualify warm heroes; quiet, fond                                                                                | Books                                              | mystery                                            |            0.98 |            1166.55 |    0.4055057146915254
 AAAAAAAAJHBCAAAA | Good, indivi                                                                                                                                                                                             | Books                                              | mystery                                            |            7.84 |            2269.71 |     0.788976362515539
 AAAAAAAAKLFDAAAA | Only subjects shall speak however glad numbers. Social considerations ensure. Different, social victims leave m                                                                                          | Books                                              | mystery                                            |            2.71 |             926.78 |    0.3221590041248227
 AAAAAAAAKMEAAAAA | Extensive figures contest to the brothers. Perfect unions start democratic, little weeks. Fully strong numbers ought t                                                                                   | Books                                              | mystery                                            |            0.43 |            4644.81 |    1.6145874575940544
 AAAAAAAAKMECAAAA | Young, relative kids wait right place                                                                                                                                                                    | Books                                              | mystery                                            |            2.07 |              113.4 |  0.039419097377754043
 AAAAAAAALCGAAAAA | Commonly bad eyes advise very; points go thoroughly in the cases. Good, certain months must retire. Firstly religious thoughts reopen too selectively unique waters. Cor                                 | Books                                              | mystery                                            |            7.45 | 3406.8500000000004 |    1.1842588351093597
 AAAAAAAALEHAAAAA | Forests must not say high able, famous words. Tiny                                                                                                                                                       | Books                                              | mystery                                            |            2.88 |             845.76 |   0.29399555377609576
 AAAAAAAALEKAAAAA | Important women achieve wild, local purposes. Interested, white costs perceive considerable schemes. Services must treat more. American, special g                                                       | Books                                              | mystery                                            |           99.09 |            9506.59 |     3.304596092948702
 AAAAAAAALEPBAAAA | Different offences depend faster local details. Used, medical letters cannot gather rather impossible details. Various, expensive kings test future differences. Small, successful bonds occupy occasi   | Books                                              | mystery                                            |            8.02 | 4787.0199999999995 |    1.6640212304167208
 AAAAAAAALJFAAAAA | Controversial words would care acro                                                                                                                                                                      | Books                                              | mystery                                            |            6.95 |             417.12 |   0.14499553702124132
 AAAAAAAAMFFDAAAA | Old things could claim again normal, silver days. Other pieces can establish more wise, international things. Top, current t                                                                             | Books                                              | mystery                                            |            7.07 | 4890.5199999999995 |     1.699998978023401
 AAAAAAAAMGNBAAAA | Anyway incredible children should not care effectively critical shares. Also public partners control different, careful countries; clear early politicians find just closer teenage services             | Books                                              | mystery                                            |            2.54 |  5332.099999999999 |    1.8534970822568106
 AAAAAAAAMJNDAAAA | Risks consider. Then due players come right years. Either efficient individuals ensur                                                                                                                    | Books                                              | mystery                                            |            9.67 |  7987.139999999999 |    2.7764184253064763
 AAAAAAAAMOACAAAA | Countries join partly. Hungry, rec                                                                                                                                                                       | Books                                              | mystery                                            |            7.47 |            1966.81 |    0.6836849639642013
 AAAAAAAAOKMCAAAA | Sometimes helpful months ought to tell now encouraging content men. Back, accused buses think public goals. False houses play in the articles. Children enjoy most rep                                   | Books                                              | mystery                                            |            9.92 |  7032.360000000001 |    2.4445263107180106
 AAAAAAAAOLAAAAAA | Physical secrets attract stupid, new projects. Free servants permit perhaps in the differences. Entire, pure emissions need correctly. Individu                                                          | Books                                              | mystery                                            |            5.13 |           12236.96 |     4.253702979256447
 AAAAAAAAOLNCAAAA | Only necessary minutes can hold nearly with a traders. No doubt possible rules m                                                                                                                         | Books                                              | mystery                                            |            1.13 |             371.26 |   0.12905409252614608
 AAAAAAAAOOJAAAAA | Main, growing troubles would encourage yesterday sure, interesting shares. American responses should appeal red, scottish times; moral, atlantic streets set. Strongly central horses must believ        | Books                                              | mystery                                            |            9.49 |           12349.65 |      4.29287527276173
 AAAAAAAAOOPAAAAA | Pockets withdraw more. Thus suitable lakes can avoid often again very sources. Results acquire individuals. Available ears should not meet new, old factors. Games would not b                           | Books                                              | mystery                                            |            5.25 |           10797.76 |    3.7534211014251984
 AAAAAAAAPBMDAAAA | Outside resources perceive far from even annual parents. Fine years handle                                                                                                                               | Books                                              | mystery                                            |            4.44 |            8541.76 |    2.9692104869259643
 AAAAAAAAPCLDAAAA | Things help basic sessions. Experiences know most just right fortunes. Heavy, responsible poets use however in a years. Aware, back goods attract a bit from a parents. Hard studies see                 | Books                                              | mystery                                            |            4.37 | 2973.6499999999996 |     1.033673711793283
 AAAAAAAAPPBAAAAA | Strategies impose really then good customs. Grounds shall stand specialist, new years; children pay entirel                                                                                              | Books                                              | mystery                                            |            4.81 |            1011.75 |   0.35169551827109924
 AAAAAAAAACEEAAAA | Personal, russian results would rise stands. Different demands might spend                                                                                                                               | Books                                              | parenting                                          |            4.44 |            5470.23 |    1.7507499663866937
 AAAAAAAAALLDAAAA | Cases may remember again kinds. Different examples might deny with a worlds; muscles learn today national, free industries.                                                                              | Books                                              | parenting                                          |            9.17 | 10676.980000000001 |     3.417173021264445
 AAAAAAAAANDDAAAA | Perhaps little books cure then with the conditions. Stories shall bring african, fat units; records treat through a c                                                                                    | Books                                              | parenting                                          |            3.25 |           12341.74 |     3.949980328094671
 AAAAAAAAANNAAAAA | Also social law                                                                                                                                                                                          | Books                                              | parenting                                          |           49.22 |             183.44 |    0.0587100677364526
 AAAAAAAACGKBAAAA | Professionals can take all satisfactor                                                                                                                                                                   | Books                                              | parenting                                          |           62.97 |               3610 |     1.155382384041615
 AAAAAAAACILBAAAA | More obvious strengths use most impatiently left initiatives. Also asleep books lead over a things. Troops rethink                                                                                       | Books                                              | parenting                                          |            0.22 |                  0 |                     0
 AAAAAAAACJDCAAAA | Human, responsible cases need good components. Steep cars take then rich bodies; parents help so major trusts. Potentially statistical supporters find less bad m                                        | Books                                              | parenting                                          |            7.61 |            1869.26 |    0.5982576385577921
 AAAAAAAACKHAAAAA | Wholly forward mechanisms might move words; beautiful feet show over great houses. Minute men look                                                                                                       | Books                                              | parenting                                          |            3.29 |             3058.6 |    0.9789065262686105
 AAAAAAAACLNAAAAA | Suspicious, ethical events remember too. Limitations build attrac                                                                                                                                        | Books                                              | parenting                                          |            4.18 |            1794.32 |     0.574273052446967
 AAAAAAAACNPBAAAA | Groups must not concentrate key standards. Relations would not maintain never big computers. Financial processes                                                                                         | Books                                              | parenting                                          |            0.64 |              18.29 |   0.00585372404546292
 AAAAAAAACOEDAAAA | Levels could play still critical                                                                                                                                                                         | Books                                              | parenting                                          |            4.17 |            5873.48 |    1.8798103393409267
 AAAAAAAACPIBAAAA | Less international                                                                                                                                                                                       | Books                                              | parenting                                          |           71.01 | 13742.740000000002 |     4.398371109269825
 AAAAAAAADIDCAAAA | Perhaps other supporters could conduct curr                                                                                                                                                              | Books                                              | parenting                                          |            4.09 |            1648.38 |    0.5275648792815838
 AAAAAAAADIHBAAAA | Elements employ clubs. Human, metropolitan seats cannot regard fortunately common, special legs. Big, local measurements g                                                                               | Books                                              | parenting                                          |            4.82 |            9484.91 |     3.035650395628852
 AAAAAAAAEDIBAAAA | Very, other doubts change. Users should not start in a rules. Directors disappear vigorously parents. Other committees must include years. Thus other sizes cou                                          | Books                                              | parenting                                          |            3.74 |            8481.88 |     2.714630120652325
 AAAAAAAAFAMCAAAA | All certain police would lift increasingly manufacturer                                                                                                                                                  | Books                                              | parenting                                          |            4.45 |            2342.37 |    0.7496767409716227
 AAAAAAAAFNJBAAAA | Dogs will stare quickly heavy visitors. Special, significant hands try really american attacks. As concerned accounts will find error                                                                    | Books                                              | parenting                                          |            1.74 | 16605.989999999998 |    5.3147557660862095
 AAAAAAAAGHOBAAAA | Stars shall set home minor, main supplies.                                                                                                                                                               | Books                                              | parenting                                          |            8.26 |            6539.82 |    2.0930728041005637
 AAAAAAAAGJCAAAAA | New animals come scenes. Bad manufact                                                                                                                                                                    | Books                                              | parenting                                          |            3.76 | 23748.620000000003 |     7.600758225290412
 AAAAAAAAGLCAAAAA | Presently british theories will deal personal neighbours. Private, wooden asp                                                                                                                            | Books                                              | parenting                                          |            5.12 | 14529.339999999998 |    4.6501228497925755
 AAAAAAAAHCJBAAAA | Heavy, existing samples destroy early simple stars. Prac                                                                                                                                                 | Books                                              | parenting                                          |             3.8 |            4280.66 |    1.3700274670558394
 AAAAAAAAHGPAAAAA | Near l                                                                                                                                                                                                   | Books                                              | parenting                                          |            5.58 |  4839.880000000001 |    1.5490061199100646
 AAAAAAAAHJMAAAAA | Differently industrial operations may lose angrily above other traditions. White arts should not sell later disabled marks. Relative things can marry else to the questions. Mor                         | Books                                              | parenting                                          |            8.19 |  5806.389999999999 |    1.8583381498269789
 AAAAAAAAHOMBAAAA | Curtains used to bring high supporters; military, important museums                                                                                                                                      | Books                                              | parenting                                          |            2.68 |            9556.06 |    3.0584219902616945
 AAAAAAAAICDDAAAA | Transactions ought to burn of course in a states. Informal films give home old, new points. Human children attract assets. Feet move essentiall                                                          | Books                                              | parenting                                          |            2.88 |            1713.19 |    0.5483073536056107
 AAAAAAAAIEHDAAAA | Officials could like separately to a gods. Only aware songs watch never minutes. Reports move slo                                                                                                        | Books                                              | parenting                                          |            5.43 |            3621.04 |     1.158915741803338
 AAAAAAAAIHBAAAAA | Nervous, industrial limits might say well real, hard examinations. Loose, wide interests appear originally western, difficult missiles. Local, star shows woul                                           | Books                                              | parenting                                          |             3.1 |            1236.81 |    0.3958416859851828
 AAAAAAAAIIDAAAAA | Different, secondary groups would turn well patterns. Wh                                                                                                                                                 | Books                                              | parenting                                          |            5.33 |            2067.29 |    0.6616372434086955
 AAAAAAAAILNAAAAA | Particularly main differences add strong goods; appropriate earnings could                                                                                                                               | Books                                              | parenting                                          |            4.64 |            5140.35 |    1.6451717002239106
 AAAAAAAAJBCEAAAA | Weeks ought to mind yesterday ways. Just modern workers know so following authorities. Interpretations shall assume just alternative things. Police ought to shed so. D                                  | Books                                              | parenting                                          |           78.15 |             389.94 |   0.12480050050780814
 AAAAAAAAJOPCAAAA | Low, broad refugees treat outside a vehicles. Huge, scottish leaves would crack in order dogs. Accurate, main officers might not analyse here probably long gi                                           | Books                                              | parenting                                          |            2.42 |             106.08 |   0.03395095936264114
 AAAAAAAAKAKDAAAA | Levels might not tend actually about clear women; also particular beaches shall not examine entire, cognitive                                                                                            | Books                                              | parenting                                          |           56.16 |            6682.75 |    2.1388176251950424
 AAAAAAAAKBAAAAAA | Above technical directors will not become at least both slight terms. Common, important cells may consult earlier generally true stations. Ther                                                          | Books                                              | parenting                                          |            6.87 |            9232.95 |     2.955010466132142
 AAAAAAAAKEHCAAAA | Thin cars should come wel                                                                                                                                                                                | Books                                              | parenting                                          |            2.89 |  6754.570000000001 |     2.161803653677555
 AAAAAAAAKLDEAAAA | Common products reveal typically places. Unknown, par                                                                                                                                                    | Books                                              | parenting                                          |            3.87 |            5845.72 |    1.8709257368531165
 AAAAAAAAKLFAAAAA | Different                                                                                                                                                                                                | Books                                              | parenting                                          |            3.04 |            1463.39 |   0.46835873323619365
 AAAAAAAAKLODAAAA | Others play more islamic times. Views lose again sufficient, certain areas. Detailed partners ought to take final universities. Broadly economic mon                                                     | Books                                              | parenting                                          |            1.71 |            4443.37 |    1.4221028874734047
 AAAAAAAAKOBEAAAA | Certain, serious patients work throughout new operations. So surprised fields grab as mostly central s                                                                                                   | Books                                              | parenting                                          |           57.88 |            5923.42 |    1.8957936624043723
 AAAAAAAAKONDAAAA | High rules dismiss also sometimes positive members. Points exist round items. Gradual, new women cannot contact thus by a techniques. Actions should not think over                                      | Books                                              | parenting                                          |            5.86 |            8817.06 |    2.8219046545811532
 AAAAAAAAKPPAAAAA | Other, financial sports can think. Industrial, straightforward conditions would see better with a points. Als                                                                                            | Books                                              | parenting                                          |            5.65 |            2647.04 |    0.8471865334774284
 AAAAAAAALIIBAAAA | Accounts know sometimes join                                                                                                                                                                             | Books                                              | parenting                                          |            0.55 |           12450.65 |    3.9848370304342757
 AAAAAAAAMFCEAAAA | Forces disperse; early animals want well now new times. English inches may not ru                                                                                                                        | Books                                              | parenting                                          |            4.17 |             3391.5 |    1.0854513450075174
 AAAAAAAAMNIBAAAA | W                                                                                                                                                                                                        | Books                                              | parenting                                          |            5.95 |  779.5400000000001 |   0.24949218383817198
 AAAAAAAAMOADAAAA | Economic, sure items cou                                                                                                                                                                                 | Books                                              | parenting                                          |             6.7 |            4630.73 |    1.4820675532556864
 AAAAAAAAMOECAAAA | Problems sell. Rather historical women see also certain shops. Provincial groups should fancy centres. Im                                                                                                | Books                                              | parenting                                          |            2.43 |            3431.49 |    1.0982501653781058
 AAAAAAAANFLCAAAA | Physical, public directors provide responsibilities. Hostile courses                                                                                                                                     | Books                                              | parenting                                          |            1.27 |           17322.97 |      5.54422558927462
 AAAAAAAANLNAAAAA | Crews could add. Pp. research once again new, liberal hours. Fine documents make white, normal bars.                                                                                                     | Books                                              | parenting                                          |            0.49 |            5940.74 |    1.9013369374435969
 AAAAAAAANPFEAAAA | Afterwards personal functions must not provide gross, wrong debts. Now numerous                                                                                                                          | Books                                              | parenting                                          |            6.27 |            6997.39 |     2.239518321404143
 AAAAAAAAODEBAAAA | Mountains know more possible databases.                                                                                                                                                                  | Books                                              | parenting                                          |            1.77 |            7481.89 |      2.39458279926236
 AAAAAAAAOLECAAAA | Lucky, appropriate dollars might worry small, experienced officials; grimly anonymous answers ought to mean. Neutral affai                                                                               | Books                                              | parenting                                          |             1.1 |            3467.25 |    1.1096951720410775
 AAAAAAAAOPECAAAA | Aware mechanisms write also ready leaders. Usually major records may want now roya                                                                                                                       | Books                                              | parenting                                          |            8.89 |            5484.15 |    1.7552050696514747
 AAAAAAAAPEDDAAAA | Likely employees take decisions. Wide, strong relationships could w                                                                                                                                      | Books                                              | parenting                                          |            2.03 |            8484.02 |     2.715315028769181
 AAAAAAAAACBBAAAA | Inten                                                                                                                                                                                                    | Books                                              | reference                                          |             2.2 |            2275.81 |    0.6048531826212445
 AAAAAAAAAFADAAAA | Definite children share things. Square,                                                                                                                                                                  | Books                                              | reference                                          |            1.93 |            9223.44 |    2.4513588738585788
 AAAAAAAAAFBCAAAA | Later alone populations would maintain now international rights. Wild earnings ring inhabitants. Known, additional models choose usually. Interested situations pl                                       | Books                                              | reference                                          |            4.09 |           15292.11 |     4.064259056113718
 AAAAAAAAAPHDAAAA | Chief, aver                                                                                                                                                                                              | Books                                              | reference                                          |            8.15 |            1481.48 |    0.3937402037031744
 AAAAAAAAAPPCAAAA | Great trees offer after a effects. Successive specimens manufacture well european benefits. Again indirect abilities strengthen accidentally lines. Answers seek instead combinations;                   | Books                                              | reference                                          |             0.2 |            1730.75 |    0.4599899138424205
 AAAAAAAABMADAAAA | Great organizations ought to see whole, political resour                                                                                                                                                 | Books                                              | reference                                          |            2.29 |            7285.89 |    1.9364067100189821
 AAAAAAAACADDAAAA | Months cope so. Logical, old studies would make. Central, mixed years test with the remains. Careful, safe eyes could not shield best in a views; industries used to improve then othe                   | Books                                              | reference                                          |            8.59 |           14753.61 |    3.9211392707003747
 AAAAAAAACEAEAAAA | Now young principles ought to discover together growing days. Even living parents know wearily for a owners. Social, effective concentrations think then small journalists; bare germa                   | Books                                              | reference                                          |            9.49 |            4753.34 |    1.2633184787310305
 AAAAAAAACKJBAAAA | Organisational, regular ways hurt yet to a eyes; new police will top white details. New subj                                                                                                             | Books                                              | reference                                          |           23.64 |                549 |   0.14591042189772577
 AAAAAAAACMKCAAAA | Elsewhere metropolitan telecommunications tell single, main tons; perhaps black victims try twice. Rarely personal articles tell. Foods should experience. Huge councils suppose e                       | Books                                              | reference                                          |            1.28 |            1752.96 |   0.46589277444414817
 AAAAAAAACPBBAAAA | Dark, sophisticated brothers balance by an women. Parents might mean; enough elegant rows take shoulders. Partners cannot ask yet recently regular attempts. Brief, english lands used to bite sure      | Books                                              | reference                                          |           65.31 | 18680.999999999996 |     4.964940968071793
 AAAAAAAADDEAAAAA | Communications ought to serve. Healthy, valuable arguments demonstrate physical, capital servants. Alone working students ought to unveil then horrible, bright industries; only international firms p   | Books                                              | reference                                          |            0.18 |            5473.24 |    1.4546498315983762
 AAAAAAAADDLCAAAA | Happy, legal services may not feel extremely; as yet local workers shall not hold today boys; adult factors might put totally good, electoral                                                            | Books                                              | reference                                          |            3.98 |            4946.33 |    1.3146103773139852
 AAAAAAAAEBBCAAAA | Increasing women can explain english, beautiful mechanisms. New members will stay roughly experimental officers. Afraid, positive goods cannot sound richly big competitors. Technical, social priest    | Books                                              | reference                                          |            1.87 |            3390.35 |    0.9010699433168571
 AAAAAAAAEBCAAAAA | Clothes would not frustrate much practical, environmental examples. So happy words shall get ne                                                                                                          | Books                                              | reference                                          |            4.82 |            2470.49 |    0.6565942407907331
 AAAAAAAAEDKCAAAA | At first vital eyes take then; concerned, necessary                                                                                                                                                      | Books                                              | reference                                          |            3.64 |            2911.12 |    0.7737026364205964
 AAAAAAAAEELDAAAA | Safe, major hopes recover over useful pupils                                                                                                                                                             | Books                                              | reference                                          |            0.42 |            6988.83 |    1.8574556172522454
 AAAAAAAAEHCAAAAA | Gradually traditional days carry trying windows. Total, specific problems proceed total, brief men. Letters might play never territorial, previous pages. G                                              | Books                                              | reference                                          |            5.78 | 2592.7400000000002 |    0.6890852227160466
 AAAAAAAAFJIDAAAA | Parties bother lig                                                                                                                                                                                       | Books                                              | reference                                          |           39.48 |            8556.91 |    2.2742119275789956
 AAAAAAAAGCPDAAAA | Great, economic guards would merge. Keen, direct differences get confident women; significant items apply meanwhile moving, bright q                                                                     | Books                                              | reference                                          |            3.76 |           11712.71 |     3.112944367332808
 AAAAAAAAGGBEAAAA | Now good loans ought to admit; occasional courses shake complex services. Middle-class, great clothes think keenly products. Great workers must not try from a othe                                      | Books                                              | reference                                          |            6.82 |             1521.6 |    0.4044030928225492
 AAAAAAAAGGFDAAAA | Even so eastern animals would not seem today. Ordinary sides speak away. Windows may identify abroad large authors. New, u                                                                               | Books                                              | reference                                          |           42.03 |            4538.37 |    1.2061848477741015
 AAAAAAAAGJHAAAAA | Labour possibilities ought to employ just clearly different increases. Sentences shall not stand direct, poor players. Ago amazi                                                                         | Books                                              | reference                                          |            8.01 |            12528.9 |    3.3298671856364597
 AAAAAAAAGMLDAAAA | Concepts can oblige nights. Relationships feel then to a newspapers; distinct, successful women shall know home with a shoulders. Sure, confidential initiative                                          | Books                                              | reference                                          |           46.11 |            6691.35 |    1.7783928990261335
 AAAAAAAAGOGCAAAA | Students should not accept in a territories.                                                                                                                                                             | Books                                              | reference                                          |            2.58 |             4962.7 |    1.3189611124805896
 AAAAAAAAGOIAAAAA | Enough tall costs find soon red branches. Low, fun countries find. Still criminal legs should support very new others; public, nice eyes brush surely normal years. Months see fro                       | Books                                              | reference                                          |             0.8 | 15305.279999999999 |     4.067759311589843
 AAAAAAAAIIICAAAA | Likely, experienced interests could handle; dreams can write far by a prices. Demands ought to control rather free, usual circumstances. Separate, real games shall tell both fr                         | Books                                              | reference                                          |           19.93 |            1175.76 |   0.31248750027408023
 AAAAAAAAIKEDAAAA | Conventional programmes might correspond quite. Clinical, young relatives know rarely minor, l                                                                                                           | Books                                              | reference                                          |            7.69 |            9818.48 |    2.6095055723030645
 AAAAAAAAIMCAAAAA | Remote systems must come sometimes responsible                                                                                                                                                           | Books                                              | reference                                          |            4.66 |             6235.4 |    1.6572128318781043
 AAAAAAAAIPHBAAAA | Patterns must go still too little communities. Large                                                                                                                                                     | Books                                              | reference                                          |            2.95 |            5059.07 |    1.3445738399091576
 AAAAAAAAJEPDAAAA | Only early talks must ente                                                                                                                                                                               | Books                                              | reference                                          |            3.81 |            5413.04 |    1.4386501824212485
 AAAAAAAAJNGAAAAA | International, financial stores used to come precisely more than sorry projects; fine leaders love in a goods. Matters should ensure. Main, strong hands would                                           | Books                                              | reference                                          |            4.92 |            1439.99 |    0.3827132029663135
 AAAAAAAAKAICAAAA | Cases ask to the things. Particular parts change royal, private pilots. Blue, social seconds stay else with the days. Considerations join. Eyes will argue                                               | Books                                              | reference                                          |           69.79 | 13446.970000000001 |     3.573867151085722
 AAAAAAAAKAMBAAAA | Eyes must not give white problems; public, old factors can tell usually too important steps; fundamental germans                                                                                         | Books                                              | reference                                          |            2.67 |            3658.29 |     0.972281670900239
 AAAAAAAAKBGDAAAA | Significant depart                                                                                                                                                                                       | Books                                              | reference                                          |             2.2 |            9377.51 |     2.492306813206088
 AAAAAAAAKCNDAAAA | Recently long responsibiliti                                                                                                                                                                             | Books                                              | reference                                          |            1.31 |             1416.8 |    0.3765498829593768
 AAAAAAAAKDNCAAAA | Yellow problems show now considerable processes. Inevitable, early ends cannot determine hours. Sometimes active bodies shall not sit only voters. Certain, logical protests shall g                     | Books                                              | reference                                          |            0.91 |            2749.05 |    0.7306284978468908
 AAAAAAAAKEBCAAAA | Due stairs induce video-taped, local maps. Private, available volunteers develop more powerful parents. Other, united characteristics dodge dema                                                         | Books                                              | reference                                          |            2.22 | 11916.119999999999 |    3.1670056404078832
 AAAAAAAAKEPDAAAA | Minutes establish also purposes. National, major weeks happen also as commerc                                                                                                                            | Books                                              | reference                                          |            54.8 |            2717.48 |    0.7222379841505133
 AAAAAAAAKFHAAAAA | Resources should not invest e                                                                                                                                                                            | Books                                              | reference                                          |            2.93 |            1349.02 |    0.3585356600154281
 AAAAAAAALDMCAAAA | Bodies used to observe particularly positive interactions; so dark chiefs can find particula                                                                                                             | Books                                              | reference                                          |            3.28 |           13096.15 |     3.480627999518946
 AAAAAAAALELCAAAA | Bold, ready languages send really bonds; apart initial damages should promote even possible high territor                                                                                                | Books                                              | reference                                          |            8.54 |            1256.52 |   0.33395148146253256
 AAAAAAAALOCBAAAA | At present nervous agencies oppose years. Different colou                                                                                                                                                | Books                                              | reference                                          |            2.61 |           21706.32 |     5.768995098446344
 AAAAAAAALOECAAAA | Great millions might pump right available members. Often special friends coul                                                                                                                            | Books                                              | reference                                          |            1.72 |            3220.56 |    0.8559440224898719
 AAAAAAAAMCCAAAAA | White degrees benefit. Heavy,                                                                                                                                                                            | Books                                              | reference                                          |            3.13 |            1933.83 |    0.5139634811994154
 AAAAAAAAMDACAAAA | Parents make later schemes. Parties express completely. Courts become children; economic mothers must not listen best about evil rules; old applications would not o                                     | Books                                              | reference                                          |            7.53 |             2182.7 |    0.5801068813773516
 AAAAAAAAMHKCAAAA | Upper workshops decide also possib                                                                                                                                                                       | Books                                              | reference                                          |            4.76 |            8359.91 |      2.22185427163391
 AAAAAAAAMOLBAAAA | Places achieve also young principles. Pleased mothers might make with a obligations. Very                                                                                                                | Books                                              | reference                                          |            2.16 |            3565.96 |    0.9477426740809001
 AAAAAAAANAPDAAAA | Names can know still im                                                                                                                                                                                  | Books                                              | reference                                          |            5.42 | 10076.330000000002 |    2.6780356311124067
 AAAAAAAANBKBAAAA | Tired, specific men must commemora                                                                                                                                                                       | Books                                              | reference                                          |            9.21 |           14055.39 |    3.7355699177360213
 AAAAAAAANMCEAAAA | Different users must not make banks. Purposes finish however immediate women. Political operations appoint senior, arbitrary firms. Certainly elderly proceedings could find o                           | Books                                              | reference                                          |            3.55 | 3438.7000000000003 |    0.9139201598901814
 AAAAAAAAODLAAAAA | Benefits shall not assume only states. Teeth could die. Possible thoughts play quite for a families. All vital qualities shall not feel. Late national lives take then on to a qu                        | Books                                              | reference                                          |            3.22 |             225.45 |    0.0599189519432464
 AAAAAAAAOJGAAAAA | Days ought to lower cold, scottish terms. At first regional skills might list best solid facts. Na                                                                                                       | Books                                              | reference                                          |           79.95 |             705.86 |   0.18759987322537106
 AAAAAAAAOLGBAAAA | White descriptions pay british facilities. Walls conceive afraid farmer                                                                                                                                  | Books                                              | reference                                          |            1.89 |             125.28 |   0.03329627988223512
 AAAAAAAAOLKAAAAA | Poor profits may not minimi                                                                                                                                                                              | Books                                              | reference                                          |             5.1 |            8142.01 |    2.1639419202103864
 AAAAAAAAOLOBAAAA | Other, immediate                                                                                                                                                                                         | Books                                              | reference                                          |            6.18 |            9937.98 |     2.641265673244373
 AAAAAAAAONACAAAA | Teachers will feed into a sets; spaces shall assist eventually late novels; elements share upwards. Today important attitudes protect about current, used rates                                          | Books                                              | reference                                          |            4.07 |  5683.900000000001 |    1.5106379727221921
 AAAAAAAAPDKDAAAA | Interesting, new appeals reward again expenses. Continuing, invisible metals should not make recent, specific opportunities. Executive prof                                                              | Books                                              | reference                                          |            9.09 |             243.18 |    0.0646311409783041
 AAAAAAAAPEMAAAAA | Just eager figures prepare on the factors. Public, capital months feel plainly teams; only, content employers define only for no buildings; studies ought to talk correct changes. Social, viole         | Books                                              | reference                                          |            3.81 | 13546.210000000001 |     3.600242652486688
 AAAAAAAAPLBBAAAA | Yet magnetic doctors go beautiful things. Sanctions retain; arab, confident beds must not listen living spaces. Outdoor interests see; profound disputes woul                                            | Books                                              | reference                                          |            9.13 |            6612.72 |     1.757495018381656
 AAAAAAAAADKAAAAA | Mysterious departme                                                                                                                                                                                      | Books                                              | romance                                            |           73.82 |            8567.38 |      4.45520932158809
 AAAAAAAAAIODAAAA | Foreign, international things help ordinary, fine observers. Basic, good losses might go here against a others. White, enormous exercises used to appeal areas. Inst                                     | Books                                              | romance                                            |            9.46 |             3824.4 |    1.9887646549448599
 AAAAAAAAAOOBAAAA | Other relations must need very behind physical levels. Political banks will stop. Immensely old teachers influence spontaneously again old responsibilities. Chief events                                | Books                                              | romance                                            |            0.97 |             850.64 |    0.4423498499326157
 AAAAAAAABMLBAAAA | Increased examples might not consider workers; aware, enormous goods should see often docum                                                                                                              | Books                                              | romance                                            |            3.78 |  6501.360000000001 |    3.3808375110010234
 AAAAAAAACCAEAAAA | Things form for instance red studies. American students could not ensure never possible characteristics. Other                                                                                           | Books                                              | romance                                            |            3.41 |  7437.360000000001 |     3.867576271859822
 AAAAAAAACFCBAAAA | More special articles will keep other terms. Local members must not make. Linguistic, available operations keep almost; rea                                                                              | Books                                              | romance                                            |            4.71 |  8429.880000000001 |     4.383706565585864
 AAAAAAAACGGDAAAA | Physical wings used to live women. Now big developments will sign scientifically home final police. Books must not read to the women; per annum equivalent accidents c                                   | Books                                              | romance                                            |            7.75 |           10203.23 |     5.305884109997135
 AAAAAAAACGHCAAAA | Cases can see now then blank personnel. Only good moves include also proposed, dull                                                                                                                      | Books                                              | romance                                            |            0.93 |            4454.55 |     2.316455285452522
 AAAAAAAADCLAAAAA | Major, political ships used to get products. Big good schools may make more only new feelings. Phen                                                                                                      | Books                                              | romance                                            |            5.02 |           20742.13 |    10.786323348047125
 AAAAAAAADKJAAAAA | Problems can deal very proceedings. Members react unusual, overseas weeks. Obvious,                                                                                                                      | Books                                              | romance                                            |             4.3 | 276.20000000000005 |    0.1436295360568378
 AAAAAAAADPDEAAAA | Duties run accordingly old courts. Civil communists would give therefore by the steps. Eyes hold ju                                                                                                      | Books                                              | romance                                            |           35.05 |             2797.6 |    1.4548080741224088
 AAAAAAAAEKGAAAAA | Polit                                                                                                                                                                                                    | Books                                              | romance                                            |            1.16 |            3094.75 |    1.6093320300937677
 AAAAAAAAEOKBAAAA | Still foreign trees will not create always forces. Human, normal eyes explain there christian, french arms                                                                                               | Books                                              | romance                                            |            9.55 |           10479.96 |     5.449789256677108
 AAAAAAAAFPEEAAAA | Nervous products should see; soon other women shall stand                                                                                                                                                | Books                                              | romance                                            |             7.1 |            5934.19 |    3.0858977428425995
 AAAAAAAAGAEAAAAA | Enoug                                                                                                                                                                                                    | Books                                              | romance                                            |            0.26 |                  0 |                     0
 AAAAAAAAGIJCAAAA | Considerable days could not induce little there old studies. Most beneficial actions buy most again senior arms. British, so-called                                                                      | Books                                              | romance                                            |            8.27 |            5512.83 |     2.866782097249156
 AAAAAAAAHJBCAAAA | Normal relations might live. Resources dare others. Telecommunications should not interpret down a details; already main arrangements could not consid                                                   | Books                                              | romance                                            |            9.65 |             601.44 |    0.3127608550543972
 AAAAAAAAHLPBAAAA | Perhaps real friends must afford independently that is other deposits. Good men will not reproduce for the agencies. Early, unknown equations                                                            | Books                                              | romance                                            |            7.24 | 7860.4400000000005 |     4.087586351928348
 AAAAAAAAHMBCAAAA | Recent years use then russian savings. Nucl                                                                                                                                                              | Books                                              | romance                                            |            4.26 |            1925.84 |    1.0014754008678508
 AAAAAAAAIDKCAAAA | Things will distinguish. Correct agreements used to detect parties; su                                                                                                                                   | Books                                              | romance                                            |            9.43 |            2408.96 |     1.252707484357277
 AAAAAAAAIHBBAAAA | Available, actual parents reach too valuable degrees. Accordingly free feet shall separat                                                                                                                | Books                                              | romance                                            |            4.72 |              448.2 |    0.2330729835650785
 AAAAAAAAIJLBAAAA | Indeed natural problems give really later british options. Certain models show as african, new cars. Animals contemplate now trains. Only contemporary techniques detai                                  | Books                                              | romance                                            |            4.36 |            8323.34 |     4.328303630135119
 AAAAAAAAIKKAAAAA | Trees create hitherto with a hearts. Special, japan                                                                                                                                                      | Books                                              | romance                                            |            1.36 |            3347.66 |    1.7408502993339372
 AAAAAAAAIKLCAAAA | Better overall months arise particularly days. Young, different eyes could not support conservat                                                                                                         | Books                                              | romance                                            |            7.78 | 152.29000000000002 |   0.07919385244784875
 AAAAAAAAIOADAAAA | Southern hundreds stand unfortunately as late years. E                                                                                                                                                   | Books                                              | romance                                            |           26.91 |             1819.5 |    0.9461764694258374
 AAAAAAAAJGNAAAAA | Strong scenes fit girls. Available words ought to know. Upper hours must not reform only consi                                                                                                           | Books                                              | romance                                            |           51.34 |            2754.08 |    1.4321768018226493
 AAAAAAAAJIOAAAAA | Active weeks listen immediate rights; wide, necessary eyes hold otherwise royal outcomes. Romantic charges might support adequately good, young patients. Green rights ought to incl                     | Books                                              | romance                                            |            1.54 |  7089.120000000001 |     3.686484491858254
 AAAAAAAAKDDEAAAA | Regional months will accom                                                                                                                                                                               | Books                                              | romance                                            |            7.53 |            1175.87 |    0.6114759687297385
 AAAAAAAAKFBAAAAA | Royal, powerful processes meet moreover words. Later civil numbers ought to read other changes; units get units;                                                                                         | Books                                              | romance                                            |            9.36 |             269.54 |    0.1401662025661117
 AAAAAAAAKGEDAAAA | Paintings could not include roman, central features. Enough gay rights must not                                                                                                                          | Books                                              | romance                                            |            3.13 |            7924.99 |     4.121153645746121
 AAAAAAAAKHMCAAAA | Tomorrow misleading critics may not believe enough normally main victims. More broken feet must not hate ridiculous fingers. Islands shall sound sort of children. Then huge difficulties answe          | Books                                              | romance                                            |            2.07 |            1587.66 |    0.8256150225054273
 AAAAAAAALGODAAAA | Teachers ban most schools. Spare, able effects may come only big arms. Waters think more than ready members. Regional men must identify damp ways. Common reasons might not like particularly            | Books                                              | romance                                            |            1.16 |            2575.12 |    1.3391140148105867
 AAAAAAAAMBDAAAAA | Interests ought to discuss past, rare hopes. Slight effects could go at least by the p                                                                                                                   | Books                                              | romance                                            |            9.58 |            6988.74 |    3.6342848798764096
 AAAAAAAAMGCCAAAA | Central hopes suggest usually both ordinary individuals; costs avoid roughly new tasks. Particula                                                                                                        | Books                                              | romance                                            |            4.83 |            7066.32 |    3.6746280348629754
 AAAAAAAAMJCDAAAA | Senior, skilled houses know at least great rights; states may know almost inner, final chips. Also military procedures should not control however in a months. So late beds might expect as rights. Lat  | Books                                              | romance                                            |            3.16 |            2569.98 |    1.3364411117862125
 AAAAAAAAMOBBAAAA | Different, major months may want as jobs. Longer good                                                                                                                                                    | Books                                              | romance                                            |            0.16 |            3275.57 |     1.703362054387024
 AAAAAAAANBACAAAA | Small figures would not induce limited judges; then great customers should not contribute widely poor, financi                                                                                           | Books                                              | romance                                            |            4.09 |              662.4 |   0.34446127691545736
 AAAAAAAANGAAAAAA | International shadows want already; human questions make major resources. Teachers gi                                                                                                                    | Books                                              | romance                                            |            7.88 |            4508.98 |    2.3447599764285307
 AAAAAAAANKFAAAAA | Su                                                                                                                                                                                                       | Books                                              | romance                                            |           61.76 |  5158.860000000001 |    2.6827106023974587
 AAAAAAAAOBGEAAAA | Slim, available y                                                                                                                                                                                        | Books                                              | romance                                            |            0.58 |             294.24 |   0.15301069764432998
 AAAAAAAAOFHCAAAA | Always dangerous years might see even indeed equivalent years. Employers raise clear ways. Formal purposes could not expect proud hands. Products shall recall in particular. Total, european babies d   | Books                                              | romance                                            |            5.97 |  6260.380000000001 |    3.2555230808816296
 AAAAAAAAOJKBAAAA | Poor, distinct women used to consider without a years. Accidents stay eyes; bad points should like straight times. However literary trees used to hope of course. Other                                  | Books                                              | romance                                            |            2.86 |               5418 |    2.8174685965095834
 AAAAAAAAPCJCAAAA | Children know. Mechanical, soft cases may knit.                                                                                                                                                          | Books                                              | romance                                            |            5.62 |              726.3 |    0.3776905577048561
 AAAAAAAAABGEAAAA | Now local years like too liberal changes. Here religious methods take forward primary countries. Financial,                                                                                              | Books                                              | science                                            |            3.87 |           23067.34 |     8.334526569050773
 AAAAAAAAACFBAAAA | Naval, red things roll still perfect men. Seats see from a chips. Areas strive twice for a affairs. Wounds think as from a artists. Feet should not constitute however in a                              | Books                                              | science                                            |            1.64 |            2006.47 |    0.7249634125565976
 AAAAAAAAAIEBAAAA | Planned                                                                                                                                                                                                  | Books                                              | science                                            |            3.11 |            3623.91 |     1.309365283506845
 AAAAAAAAALIDAAAA | Married, essential titles should think meanwhile marginal pubs. Almost elderly measures make solutions. So large faces will not treat tiny, full relations; leg                                          | Books                                              | science                                            |            3.86 |              136.8 |    0.0494275991356674
 AAAAAAAAAOFAAAAA | Muscles dress both on a agents. Difficult meetings must not train theories. Young, simple flowers make then other, early transactions. Participants ought to sell still. Minimal, ordinary fi            | Books                                              | science                                            |            1.95 |            1059.24 |    0.3827170329566105
 AAAAAAAABBACAAAA | Years must not produce jewish, financial subjects. National, unique kids would think then all right white habits. Practitioners would not take rati                                                      | Books                                              | science                                            |            3.16 |           16944.68 |     6.122330778670763
 AAAAAAAABBJCAAAA | Dogs s                                                                                                                                                                                                   | Books                                              | science                                            |            8.08 | 2379.7900000000004 |    0.8598487291452478
 AAAAAAAACHKAAAAA | Helplessly green organizations know efficient languages. Most political lines create as the units. Previous, scientific levels may not go steadily old areas. Easy ultimate patients mi                  | Books                                              | science                                            |            0.64 |               71.6 |  0.025870000717206028
 AAAAAAAACIFCAAAA | Moral measures shall seem here physical, chief companies. Sharply proposed parents r                                                                                                                     | Books                                              | science                                            |            3.17 |            8503.72 |    3.0725033868564138
 AAAAAAAACLAAAAAA | Walls stop definitions. Upper patients conclude as times. Old phases know therefore responsible systems. Hardly new families see of course nonetheless valid f                                           | Books                                              | science                                            |            1.41 |           11021.91 |    3.9823578157120156
 AAAAAAAACLDEAAAA | Trees become women. New, soviet forces may not shift even. Economic positions ought to provide logical, medium candidates. Safe, direct matters care now gift                                            | Books                                              | science                                            |            9.35 |             701.73 |     0.253544072671578
 AAAAAAAACMJCAAAA | Considerably identical scholars act largely as average evenings. Old birds will like principally computers. Items can retain surely also innocent arts. Different, european strings could n              | Books                                              | science                                            |            1.77 |           16836.37 |     6.083196982893102
 AAAAAAAACOICAAAA | Hopes enter in the hills. Groups satisfy th                                                                                                                                                              | Books                                              | science                                            |            4.57 |            1797.96 |    0.6496260682892144
 AAAAAAAADMBAAAAA | Ever corporate dates could get only sources. More actual states can get. Banks will test vehicl                                                                                                          | Books                                              | science                                            |            4.13 |            6985.16 |     2.523828131421772
 AAAAAAAADOOAAAAA | Old, individual proceedings can reduce seriously poor, awful solutions;                                                                                                                                  | Books                                              | science                                            |            7.23 |            8360.39 |     3.020716414750309
 AAAAAAAAGDFCAAAA | Very top things would sort throughout a women. Main hours would underpin wrong principles. Other, different windows arise more for the threats. Hard minutes must pay further hard true positi           | Books                                              | science                                            |            7.78 |            2676.49 |     0.967050254463614
 AAAAAAAAGICDAAAA | Around new individuals favour desperate, similar clients. Models would not receive perhaps other managers. Genuine players cos                                                                           | Books                                              | science                                            |           70.78 |  8059.219999999999 |    2.9118998209514126
 AAAAAAAAGLGAAAAA | Rigid words develop so mainly true officials. Facts stop especially at a homes. Alive mammals bring. Holders confirm national, free shows; easy, exact statements                                        | Books                                              | science                                            |            3.32 |             293.12 |   0.10590802528250602
 AAAAAAAAHHLDAAAA | Surprising, western users ought to entertain secondary, permanent types. Only broad loans launch bedrooms. Th                                                                                            | Books                                              | science                                            |             3.1 |             585.28 |   0.21146919022020036
 AAAAAAAAIFJBAAAA | Emotion                                                                                                                                                                                                  | Books                                              | science                                            |            2.56 |             3072.2 |     1.110025365969279
 AAAAAAAAIJCBAAAA | Particular days set tears. Different, legitimate proportions think particularly enough popular ways                                                                                                      | Books                                              | science                                            |            0.48 |            7774.11 |      2.80888591167093
 AAAAAAAAIJCDAAAA | Changes restore so typical, great questions; well suspicious weeks might not encompass as. Small, big metals should specify ex                                                                           | Books                                              | science                                            |            1.93 | 1413.9900000000002 |    0.5108927697503095
 AAAAAAAAIJGCAAAA | Other hands shall hide women. Unfair, true workers enter just countries; public companies will not                                                                                                       | Books                                              | science                                            |            0.28 |  5737.599999999999 |     2.073068660824599
 AAAAAAAAILAAAAAA | Meetings reach voluntarily legal, national companies. Just perfect manufacturers inform so gentle b                                                                                                      | Books                                              | science                                            |           10.17 |            9313.03 |     3.364917496918454
 AAAAAAAAJFIAAAAA | Main, aware factors should feel carefully fine, old trees. Past corners win only at a systems. Professional models shall spend nuclear, correct individuals. Al                                          | Books                                              | science                                            |           43.69 | 2931.3599999999997 |    1.0591380628825287
 AAAAAAAAJFNBAAAA | Conscious qualifications must smell here ready, r                                                                                                                                                        | Books                                              | science                                            |            0.72 |            1161.04 |     0.419498682021018
 AAAAAAAAJNECAAAA | Alternative methods arrange really to a doubts. Different islands talk finely; technological, material houses attract yesterday public cases. Main children may analyse ago nicely successful            | Books                                              | science                                            |           34.21 | 4725.7300000000005 |    1.7074670180072915
 AAAAAAAAJOLAAAAA | So dead barriers would cost expectations. Open plants could know british, civil affairs. Academic organ                                                                                                  | Books                                              | science                                            |            4.49 |               41.3 |  0.014922221084086718
 AAAAAAAAKFGCAAAA | Over spiritual parents can define as old hours. United factors could welcome well male ways. General things must move in the minutes. Twins would reply minutes. Special organisms would come al         | Books                                              | science                                            |            7.28 | 8057.4800000000005 |     2.911271136576442
 AAAAAAAAKJOBAAAA | There just effects ought to balance political, compulsory weeks. Mutually social                                                                                                                         | Books                                              | science                                            |            7.28 |            9653.18 |     3.487818065968141
 AAAAAAAAKLEDAAAA | Central, general calculations ought to pay issues. Charts resume already new years. Years celebrate. Now other members get. Likely offices guess much about a restaurants. Below grey states see unexpec | Books                                              | science                                            |            1.69 |  5362.759999999999 |    1.9376341486899968
 AAAAAAAAKNLAAAAA | Previously old                                                                                                                                                                                           | Books                                              | science                                            |            0.17 |            1266.73 |    0.4576858381076312
 AAAAAAAALCNCAAAA | Legs shall not make today inc times. Old, united gaps cannot see more basic children. Goods buy                                                                                                          | Books                                              | science                                            |            5.39 |            1202.85 |    0.4346051726632859
 AAAAAAAAMAODAAAA | Shots must talk at least subjects; at best honest                                                                                                                                                        | Books                                              | science                                            |            2.59 |            1768.68 |    0.6390468277724576
 AAAAAAAAMKGBAAAA | Social plans used to mee                                                                                                                                                                                 | Books                                              | science                                            |            8.78 |            5562.85 |    2.0099292386830943
 AAAAAAAANDKCAAAA | Long successful years should serve never local, irish papers. Scientific, other rates te                                                                                                                 | Books                                              | science                                            |            2.15 |               5508 |    1.9901112283571343
 AAAAAAAANEHBAAAA | Social, present questions contain successful arrangements. Historic, official children used to prevent at least in a efforts. Single, reliable specialists pa                                            | Books                                              | science                                            |            5.04 |            1932.78 |    0.6983382679637077
 AAAAAAAANNKBAAAA | True, old moments shall not set factors. Public reforms buy absolutely also existing shadows; meetings may take letters. Strategies may provide even average, corporate sect                             | Books                                              | science                                            |            4.15 |            2382.17 |    0.8607086537500934
 AAAAAAAAOFICAAAA | Perfect, expected crews renew. French, european sectors become yards. Criminal, good rounds want now united benefits. Further american eggs require only satisfactory restri                             | Books                                              | science                                            |            0.22 |            6897.44 |     2.492133767414603
 AAAAAAAAOIBDAAAA | Certainly unusual eyes specify only like the needs. Manufacturing, growing parents shake important, correct                                                                                              | Books                                              | science                                            |            9.16 |            2129.19 |    0.7693037266350267
 AAAAAAAAOIFBAAAA | Due, deep metho                                                                                                                                                                                          | Books                                              | science                                            |            8.78 |            9747.08 |    3.5217453434450356
 AAAAAAAAOIHCAAAA | New, full eyes shall not make below to the implications. Much essential cell                                                                                                                             | Books                                              | science                                            |            4.32 |             2218.2 |    0.8014641842305364
 AAAAAAAAOJODAAAA | Members clear badly normal, small buses; services will not record special, individual years; french, avai                                                                                                | Books                                              | science                                            |           92.87 |            9452.98 |    3.4154832315605343
 AAAAAAAAOKEAAAAA | Doors tell today here c                                                                                                                                                                                  | Books                                              | science                                            |            8.34 |             8373.5 |    3.0254532263341436
 AAAAAAAAOMFBAAAA | Strongly adverse interests shall mak                                                                                                                                                                     | Books                                              | science                                            |            5.97 |  4770.549999999999 |    1.7236610603556872
 AAAAAAAAOOABAAAA | Police lead more right                                                                                                                                                                                   | Books                                              | science                                            |            4.48 | 16396.260000000002 |     5.924179580439897
 AAAAAAAAPAFCAAAA | Possible views occur on the words. So a                                                                                                                                                                  | Books                                              | science                                            |             4.1 |             131.78 |   0.04761380858258953
 AAAAAAAAPAOCAAAA | Rooms                                                                                                                                                                                                    | Books                                              | science                                            |           50.31 |           17751.15 |     6.413718760212736
 AAAAAAAAPHLBAAAA | More long-term reasons know young tourists. Instances think as sets. Peculiarly social quantities might ta                                                                                               | Books                                              | science                                            |           24.07 |             4921.3 |       1.7781289738769
 AAAAAAAAAAABAAAA | Jobs could persuade white, empirical men. Past services commit neat, final vehicles. Dual individuals get al                                                                                             | Books                                              | self-help                                          |            5.17 | 1973.8799999999999 |    0.6394488717074519
 AAAAAAAAACIDAAAA | New, expensive years will not come to a variables. Rather liberal e                                                                                                                                      | Books                                              | self-help                                          |            2.32 |              607.2 |    0.1967056532822486
 AAAAAAAAAECCAAAA | Rough years shall win new days. Fresh citizens keep colours. Financial, national others shake quite possible, informal employer                                                                          | Books                                              | self-help                                          |            6.14 |            4342.52 |     1.406782334471723
 AAAAAAAAAIDDAAAA | Internal countries include here rapid trousers. Internal schools d                                                                                                                                       | Books                                              | self-help                                          |             7.1 |            2754.08 |    0.8921987904999591
 AAAAAAAAAJACAAAA | Measures may pursue on an minutes; judicial, early hands guarantee please to the things. Russian procedures form rather clear figures; publications may talk most                                        | Books                                              | self-help                                          |            7.29 |             7235.2 |     2.343881328438282
 AAAAAAAAAOJAAAAA | Simple organizations must not establish implicit ideas. Views give too british minutes. Ill, soft reasons write in a consumers. Players describe however. Critics poison about; ladies                   | Books                                              | self-help                                          |             1.7 |            9628.86 |    3.1193201526075627
 AAAAAAAAAOPDAAAA | Nice others shall behave soon either notable ministers; only early systems may fall right; personal, other candidates warn thus articles. Repeatedly resp                                                | Books                                              | self-help                                          |            7.56 | 2438.7799999999997 |    0.7900556869428229
 AAAAAAAABHBBAAAA | Lovely, political others remain systems. Arab forces should not incorporat                                                                                                                               | Books                                              | self-help                                          |            3.71 |            1209.81 |   0.39192435177436946
 AAAAAAAABONAAAAA | Then religious b                                                                                                                                                                                         | Books                                              | self-help                                          |            2.51 |           10739.23 |    3.4790303901487523
 AAAAAAAABPPDAAAA | Magnificent features like much criminal states. Brave children could not ac                                                                                                                              | Books                                              | self-help                                          |            0.68 |            1344.75 |    0.4356388788723711
 AAAAAAAACICCAAAA | Probably                                                                                                                                                                                                 | Books                                              | self-help                                          |            2.31 |           10159.79 |    3.2913177357715027
 AAAAAAAACKEDAAAA | Environmental drugs can find new police. Physical, english r                                                                                                                                             | Books                                              | self-help                                          |            8.31 |             564.59 |   0.18290191829154268
 AAAAAAAACOBDAAAA | National, concerned proteins see                                                                                                                                                                         | Books                                              | self-help                                          |            1.91 |             7283.5 |     2.359528369040279
 AAAAAAAAECIDAAAA | Residential times play on the foods;                                                                                                                                                                     | Books                                              | self-help                                          |            9.39 | 1754.7700000000002 |    0.5684670276846037
 AAAAAAAAEEGCAAAA | Wise drugs create performances. Organic, popular men extract essentially of course like gains; members shall not think also. Certainly white children catch. Electrical supporters s                     | Books                                              | self-help                                          |            4.57 |             992.88 |   0.32164873028800883
 AAAAAAAAEMJAAAAA | Nice, real operations would say. Teachers should last about female, holy families; straight aware shares used t                                                                                          | Books                                              | self-help                                          |            4.57 | 5936.8099999999995 |    1.9232610169014923
 AAAAAAAAFABBAAAA | Just british argument                                                                                                                                                                                    | Books                                              | self-help                                          |            2.27 |            3273.53 |      1.06047736691212
 AAAAAAAAFPEBAAAA | Free, contemporary views say terms. Min                                                                                                                                                                  | Books                                              | self-help                                          |            1.87 |  5526.879999999999 |    1.7904620240655365
 AAAAAAAAFPFDAAAA | Original, overall police settle at the children. Far close enemies like                                                                                                                                  | Books                                              | self-help                                          |            0.24 |            1326.97 |    0.4298789537812012
 AAAAAAAAGBDBAAAA | Lines talk just to the shareholders. Sad, main studies will sell just doubtful, central arms; nev                                                                                                        | Books                                              | self-help                                          |            1.12 |            8324.12 |    2.6966427249667837
 AAAAAAAAGCIDAAAA | Entries arise members. Pupils walk in a men; perhaps aware owners look sometimes solutions. Different lines shall see. Odd sentences should not get mutually old adults. Early general sh                | Books                                              | self-help                                          |            4.63 |             250.41 |   0.08112164466140953
 AAAAAAAAGEAEAAAA | Encouraging, naked cars shall form very from a minutes; members exercise to a users. Medical workers shall spend at the things. Different da                                                             | Books                                              | self-help                                          |            0.35 |            2759.24 |    0.8938703998065078
 AAAAAAAAGGEBAAAA | Good men can meet all. Social ways prevent. Devices want quickly young we                                                                                                                                | Books                                              | self-help                                          |            2.84 |              595.8 |   0.19301256295382688
 AAAAAAAAGHPDAAAA | Modern, permanent o                                                                                                                                                                                      | Books                                              | self-help                                          |            4.89 | 10995.449999999999 |    3.5620342150564888
 AAAAAAAAGIDAAAAA | High chinese levels escape on a cards. Largely solid facilities might think more files; representative, novel notes might convert sexual, historical scor                                                | Books                                              | self-help                                          |            1.32 | 4057.8900000000003 |     1.314574939719209
 AAAAAAAAGKADAAAA | Welsh, urban definitions shall say twice as different kinds. Groups return in a communications. German, dear crops study doors. Quite top shares get in a recommendations; others could                  | Books                                              | self-help                                          |             4.8 |            5817.21 |    1.8845159639822615
 AAAAAAAAGLKCAAAA | Types co-operate communities. Biological part                                                                                                                                                            | Books                                              | self-help                                          |            4.11 |  5937.450000000001 |    1.9234683482883514
 AAAAAAAAHCBDAAAA | Parties                                                                                                                                                                                                  | Books                                              | self-help                                          |            1.26 |  4375.969999999999 |    1.4176186389880123
 AAAAAAAAHDFEAAAA | Heavy years used to ask really days. Shelves borrow. Sometimes different stones donate arms. Tough, revolutiona                                                                                          | Books                                              | self-help                                          |            9.99 |            1520.73 |    0.4926485311526908
 AAAAAAAAHDHCAAAA | Sides justify typicall                                                                                                                                                                                   | Books                                              | self-help                                          |            1.61 |            5346.96 |     1.732175987934868
 AAAAAAAAHPECAAAA | As open conditions stay distinct, political places. As large musicians get less; tory reductions may put seriously too real questions. Now good departments could destroy well with the combin           | Books                                              | self-help                                          |            4.33 |           12779.12 |     4.139863550678934
 AAAAAAAAIGPDAAAA | Encouraging, favorable parents used to withdraw markets. Actually medical policies must assist seats. Radical, great senses finance for example                                                          | Books                                              | self-help                                          |            8.89 |             124.16 |   0.04022228905059944
 AAAAAAAAIHICAAAA | Criticisms would talk then fat processes. Peaceful, psychological friends must not take between a steps. Old instruments can cope experts. Foreigners fail very in a steps. Technologies introduce s     | Books                                              | self-help                                          |            8.91 |            4090.52 |     1.325145600896086
 AAAAAAAAIKJCAAAA | Far long planes think. Inc goods convey again. Parts say there alone words. Normally personal d                                                                                                          | Books                                              | self-help                                          |           81.68 |            3624.81 |    1.1742763818742217
 AAAAAAAAINOAAAAA | Preferences will not appear deep years. Contributions would leave from a leads. Unable, so-called services would weep more plants. Australian volunteers st                                              | Books                                              | self-help                                          |           24.92 | 2116.1400000000003 |    0.6855347515426508
 AAAAAAAAIODAAAAA | Other men get different, additional minutes. Young, other styles land better old leaders. Much anxious ages should spin less good, new teeth. Intentions believe serv                                    | Books                                              | self-help                                          |            5.49 |            5857.12 |     1.897445019684657
 AAAAAAAAIPIDAAAA | Other, head savings ought to get masters. Chapters place planned, little pupils. Attitudes increase then narrow, available songs. European                                                               | Books                                              | self-help                                          |            2.27 |           14789.37 |     4.791094676355218
 AAAAAAAAKJDAAAAA | So available claims enhance most current nights. Specific p                                                                                                                                              | Books                                              | self-help                                          |            3.36 |            5453.26 |      1.76661243547094
 AAAAAAAAKJMDAAAA | Long stars would strike white, sole arms. Boys may strengthen at a holid                                                                                                                                 | Books                                              | self-help                                          |                 |           11920.07 |     3.861569757114843
 AAAAAAAAKMEDAAAA | Still keen runs shop else christian cases. Happy, unc                                                                                                                                                    | Books                                              | self-help                                          |            0.58 |  6021.360000000001 |    1.9506514368372863
 AAAAAAAALEDBAAAA | External, minor businesses would know certain incentives. Auditors regain more because of the seats. Legal sanctions see; palestinian, low stones prevent in order charges. Lo                           | Books                                              | self-help                                          |            1.44 |            1474.08 |     0.477536016782439
 AAAAAAAALGCAAAAA | New, relevant pi                                                                                                                                                                                         | Books                                              | self-help                                          |            2.08 |            6528.09 |     2.114809301935629
 AAAAAAAALLHCAAAA | Industrial offenders hear possible partners. Awkward ministers supply technical, voluntary features. German artists repres                                                                               | Books                                              | self-help                                          |            2.19 |  9900.619999999999 |     3.207358242752463
 AAAAAAAALOAAAAAA | Severe, golden waves would prepare economic, eventual words. Grey consumers shall not get cheerfully in a experiences. Professional, left                                                                | Books                                              | self-help                                          |            0.85 |  7131.280000000001 |    2.3102158944970914
 AAAAAAAAMGEAAAAA | Posit                                                                                                                                                                                                    | Books                                              | self-help                                          |            8.17 |           18939.75 |     6.135632241028437
 AAAAAAAAMIEBAAAA | Free crews might fall even on a securities. Problems come masters. New, other women must not give somewhere financial, cultural sales. Social, early pair                                                | Books                                              | self-help                                          |            5.85 |           11799.14 |    3.8223938436572964
 AAAAAAAAMMJCAAAA | Questions may kil                                                                                                                                                                                        | Books                                              | self-help                                          |            0.42 |           16458.86 |     5.331934796740892
 AAAAAAAAMMNDAAAA | Implications might not put for a elements. Too international tests shall not advise longer to a championships. Comfortable shops might sus                                                               | Books                                              | self-help                                          |            2.56 |             693.92 |   0.22479905620161056
 AAAAAAAAMOPDAAAA | Scottish measures check so evil, useful spirits. General costs ought to divert among a members; human, oth                                                                                               | Books                                              | self-help                                          |            8.44 |            5250.56 |     1.700946697789267
 AAAAAAAANCNDAAAA | Purposes break new, other police. Materials must not lower experiments. Aspects fancy also polls. Bottom decisions speak sections. German papers would occur as magnetic sente                           | Books                                              | self-help                                          |            0.71 |           16260.89 |     5.267801367590222
 AAAAAAAANKOAAAAA | Relative villages used to watch usually young months. Special                                                                                                                                            | Books                                              | self-help                                          |            2.26 |            1909.63 |    0.6186347441985842
 AAAAAAAAOFCCAAAA | Problems will cause clear bonds. Doors reject                                                                                                                                                            | Books                                              | self-help                                          |            6.56 |  7890.289999999999 |     2.556101200652821
 AAAAAAAAOFDEAAAA | Massive plants would test also other, popular groups. Far inner readers must send also also considerable addresses. Living, enormous requirements will make unacceptable, bri                            | Books                                              | self-help                                          |            8.56 |             378.56 |   0.12263651532695655
 AAAAAAAAPADBAAAA | Quickly special women reduce o                                                                                                                                                                           | Books                                              | self-help                                          |            3.18 | 1865.2899999999997 |    0.6042705665527757
 AAAAAAAAPJICAAAA | Now overall benefits shall reveal perhaps original supporters. Previously above                                                                                                                          | Books                                              | self-help                                          |            0.67 |            6352.42 |     2.057900075795819
 AAAAAAAAACLAAAAA | New, french objectives must not retain pa                                                                                                                                                                | Books                                              | sports                                             |            5.93 |            1447.86 |    0.5347029157421715
 AAAAAAAAACOBAAAA | Historical, classical patients make in the women. Correct, alone patients might not pass all classes. Equally great rates lead;                                                                          | Books                                              | sports                                             |            8.37 | 3971.8999999999996 |    1.4668452136507195
 AAAAAAAAAEABAAAA | Under conservative elements beat other, numerous managers. Whole, weak c                                                                                                                                 | Books                                              | sports                                             |            2.19 |            1216.48 |     0.449252968479022
 AAAAAAAAAFJAAAAA | Respective, right children would not decline areas. Easy boys may appear in a years. Other tears cannot like professional nurses; authorities answer away urban, final players. Imp                      | Books                                              | sports                                             |            3.93 |  5603.620000000001 |    2.0694486709427347
 AAAAAAAAAFPDAAAA | Efficient, military rates can fail yet rural muscles. Much independent goods establish much usually active schemes; possible circles get nevertheless automatic, monetary things.                        | Books                                              | sports                                             |            5.39 |           14157.88 |     5.228585441083927
 AAAAAAAAAODDAAAA | Personal policies must stand especially cheap eastern values. Full museums get for a trousers. Goods fall in a males. New, incredible carers can make about large responses                              | Books                                              | sports                                             |            2.61 | 13204.230000000001 |     4.876397083371496
 AAAAAAAACODBAAAA | However human patients destroy years. Moreover delicate markets must add to a benefits. Daily things take poor, able chi                                                                                 | Books                                              | sports                                             |           54.36 |             518.84 |   0.19161055682432573
 AAAAAAAACPCDAAAA | Generally fr                                                                                                                                                                                             | Books                                              | sports                                             |            4.66 |            8459.47 |     3.124130285133526
 AAAAAAAADACCAAAA | Seriously significant counties must not resist periodically global senior ins                                                                                                                            | Books                                              | sports                                             |            4.68 |           13116.05 |     4.843831708880768
 AAAAAAAADFCDAAAA | Then lacking restrictions advance. Now principal authorities leave further changes. Instructions would repeat especia                                                                                    | Books                                              | sports                                             |            0.38 |             2264.9 |    0.8364404250856051
 AAAAAAAADGNDAAAA | Similar bags live then. Factors will not guide around bare forests. Still full brothers would sleep decidedly usual                                                                                      | Books                                              | sports                                             |            4.15 | 4055.9399999999996 |    1.4978816626436968
 AAAAAAAAEBDDAAAA | Adv                                                                                                                                                                                                      | Books                                              | sports                                             |           34.15 |           12221.03 |     4.513295742939615
 AAAAAAAAEDOCAAAA | Late new effects get so tall hundreds. Total, victorian remar                                                                                                                                            | Books                                              | sports                                             |            8.26 | 11514.880000000001 |     4.252510539983987
 AAAAAAAAEHDCAAAA | Able classes enjoy bright problems. Combinations form so by a campaigns. Actually important types c                                                                                                      | Books                                              | sports                                             |            7.09 |            3507.96 |    1.2955095384269943
 AAAAAAAAENJAAAAA | Years remind winds. Running, main passengers go very able, british pensioners. Please public cuts worry very full trees. Scientific clubs like very to a pro                                             | Books                                              | sports                                             |            3.31 |            7988.84 |     2.950323954938799
 AAAAAAAAEPDAAAAA | There black points mean finally recommendations. Above high days put furthermore difficult partners. Also small years live large, narrow fees. Other degrees would love. Later traditional size          | Books                                              | sports                                             |            3.84 |            1905.78 |    0.7038153707976708
 AAAAAAAAFGOAAAAA | Groups welcome troops; back feet decide by a months. Big demands will                                                                                                                                    | Books                                              | sports                                             |            1.85 |            4946.26 |    1.8266818919086607
 AAAAAAAAFLOBAAAA | Rights will compare however tourists. Mostly vast women used to stay much by a rules. Developing cases may serve sole days; too wrong developments bu                                                    | Books                                              | sports                                             |            0.16 |           15910.64 |     5.875889657372967
 AAAAAAAAGDICAAAA | Boys wear however only, successful passages. Here british sources would bring more fl                                                                                                                    | Books                                              | sports                                             |            7.29 |            3659.21 |    1.3513670218894862
 AAAAAAAAGEMBAAAA | More personal plans get physically public tonnes. Transactions ought to keep low, early fields. Old, final relationships produce in a bodi                                                               | Books                                              | sports                                             |            1.78 |              25.97 |  0.009590868400138269
 AAAAAAAAGFPCAAAA | National workers should impose finally. British drugs would stop too afraid                                                                                                                              | Books                                              | sports                                             |            8.42 |  6960.820000000001 |    2.5706703341182315
 AAAAAAAAGLGDAAAA | Fresh details should not extend. Recent houses straighten. Apparently political divisions may not reassure ever other reports; somewhere                                                                 | Books                                              | sports                                             |            5.89 |            1898.37 |    0.7010788157401034
 AAAAAAAAGNJBAAAA | Yesterday favorite ways increase previously chosen files; emotional boys should keep as well ordinary things. Initially used others should apply                                                         | Books                                              | sports                                             |            9.53 |           11918.66 |     4.401628785752483
 AAAAAAAAGONBAAAA | Local, historic weeks fulfil electric, dangerous days. Objectives work sound facilities. Locally new types used to change there here critical shapes. Big, voluntary discussions locate. Keen areas m    | Books                                              | sports                                             |            3.54 |            8690.54 |     3.209465747637183
 AAAAAAAAHFBDAAAA | Thousands ought to swing inevitably f                                                                                                                                                                    | Books                                              | sports                                             |            8.18 |            3386.16 |    1.2505281071163727
 AAAAAAAAHFEAAAAA | Apologetically eastern centuries will acquire. Other feelings forg                                                                                                                                       | Books                                              | sports                                             |             1.9 |             924.16 |   0.34129753333353036
 AAAAAAAAHFMBAAAA | Too sheer officials begin over criticisms. Prices would accept special, high topics. Sometimes consistent cities could                                                                                   | Books                                              | sports                                             |             9.8 |            7175.68 |    2.6500193516174115
 AAAAAAAAIPFBAAAA | By no means retail                                                                                                                                                                                       | Books                                              | sports                                             |            2.23 |            4649.37 |     1.717038729824831
 AAAAAAAAKAADAAAA | Ministers can believe clearly then natural shoulders. New, full teeth interview then soon available forms. Un                                                                                            | Books                                              | sports                                             |            4.82 |            5424.42 |    2.0032690938420497
 AAAAAAAAKBBCAAAA | Folk should report too linear, other markets; contributions cling about poor, permanent specimens; questions might tak                                                                                   | Books                                              | sports                                             |            0.31 | 232.35000000000002 |   0.08580817376866104
 AAAAAAAAKCPCAAAA | Equivalent counties persist. Worldwide white days mo                                                                                                                                                     | Books                                              | sports                                             |            2.37 |            4930.38 |    1.8208173177771936
 AAAAAAAAKEBBAAAA | Short, local leaves will s                                                                                                                                                                               | Books                                              | sports                                             |            9.23 | 1335.1299999999999 |   0.49307108691092055
 AAAAAAAAKGPBAAAA | Political mi                                                                                                                                                                                             | Books                                              | sports                                             |            1.82 |           18692.16 |     6.903120780682655
 AAAAAAAALCAAAAAA | Together common thanks succeed together armed skills. Men may smell maybe lives; scientific workers become years. Finally early sites comprehend. Other countri                                          | Books                                              | sports                                             |             2.6 |            5345.57 |    1.9741493413063969
 AAAAAAAAMAICAAAA | Special authors ought to say quickly alternative, normal opportunities. Bitter hands read here specifically top costs. Scientific agents stay secondary words; stairs ought to say hours. Both fatal     | Books                                              | sports                                             |             1.2 |             3818.3 |     1.410119861850133
 AAAAAAAAMCPAAAAA | Real days would cope. From time                                                                                                                                                                          | Books                                              | sports                                             |            7.92 |             178.22 |   0.06581765753841519
 AAAAAAAAMDLAAAAA | Iss                                                                                                                                                                                                      | Books                                              | sports                                             |            0.12 |             472.12 |   0.17435659565164727
 AAAAAAAAMNKCAAAA | Everyday, economic friends sou                                                                                                                                                                           | Books                                              | sports                                             |            2.63 |             109.76 |   0.04053499097416929
 AAAAAAAAMNKDAAAA | Walls cover rapidly strong children; interested, free windows build. Even russian members introduce then other                                                                                           | Books                                              | sports                                             |             1.1 |            8274.36 |    3.0557681114889523
 AAAAAAAAMOMDAAAA | Asleep, simple times shall look alone, importa                                                                                                                                                           | Books                                              | sports                                             |            3.49 |             2208.2 |    0.8155007932685916
 AAAAAAAANIDEAAAA | Arrangements must rest then other incomes. Known, physical heels ought to ask                                                                                                                            | Books                                              | sports                                             |            7.54 |               4325 |     1.597247047770428
 AAAAAAAANONDAAAA | Spanish steps contact widely local papers. Rights should promote n                                                                                                                                       | Books                                              | sports                                             |            4.63 |            1601.52 |    0.5914504258833054
 AAAAAAAAOFGAAAAA | Clear clients would take materially bright minutes. Certain members should see so limits. Particular, different events take today new nations. Tales house slightly perfect, high beds; mammals escape   | Books                                              | sports                                             |            8.04 |             129.78 |  0.047928490603386394
 AAAAAAAAOKGCAAAA | Powerful, front companies cannot provide well human forms; recent, sufficient children might not discover therefore high penalties. Private, usual assumptions seem mo                                   | Books                                              | sports                                             |            4.38 |           13185.73 |    4.8695649283694715
 AAAAAAAAPCLAAAAA | Circumstances collect now in the heads. Great animals ought                                                                                                                                              | Books                                              | sports                                             |            1.54 |            4893.56 |    1.8072194827947876
 AAAAAAAAPFCDAAAA | Elements should make most over ot                                                                                                                                                                        | Books                                              | sports                                             |             1.6 |               6133 |     2.264951709589835
 AAAAAAAAPOPCAAAA | Horses attempt very to a factors. As new years may not light faint citizens; inches produce around; good earnings suggest already to the users. Too potential cost                                       | Books                                              | sports                                             |            6.33 |           14187.34 |     5.239465186292556
 AAAAAAAAADLAAAAA | Cattle see meals. Tiny, recent directions will not cut in a buyers. Stands could guard later commercial, red members.                                                                                    | Books                                              | travel                                             |           78.45 |  8164.199999999999 |     2.177199424234997
 AAAAAAAAAEGDAAAA | Better british beliefs know. Now considerable museums can tender just fundamental alive patients. So-called conditions make actually different, important eyes. Partially final sta                      | Books                                              | travel                                             |            8.69 | 5574.0599999999995 |     1.486470226433861
 AAAAAAAAAFFBAAAA | Years can find. Either evident meetings produce alternative, able children. Most central fees change less indeed c                                                                                       | Books                                              | travel                                             |            3.55 | 7648.3099999999995 |    2.0396237388073257
 AAAAAAAAAGLDAAAA | Similar notes shall train colourful, official copies. Days should discover here tests. Soon previous teeth used to see to a travellers. Little, raw holders used to help i                               | Books                                              | travel                                             |             2.3 |             7902.6 |     2.107436879297358
 AAAAAAAAAHNDAAAA | Rough, following elements pay newly. Customers hold often limited months. Alone, golden of                                                                                                               | Books                                              | travel                                             |            4.08 | 2919.2999999999997 |    0.7785083999864318
 AAAAAAAAAJHBAAAA | Goods find soon; then substantial cases used to allow more personal basic players. Previous, clear provisions might see beforehand others. Atlantic parts think also also true years. Little reade       | Books                                              | travel                                             |            2.73 |            7887.41 |      2.10338606485698
 AAAAAAAAAKKDAAAA | Rather british quanti                                                                                                                                                                                    | Books                                              | travel                                             |            1.05 |             846.87 |    0.2258402386519061
 AAAAAAAAAKMDAAAA | Questions like clever, busy managers. Maybe reasonable rules like                                                                                                                                        | Books                                              | travel                                             |            7.38 |             2588.2 |    0.6902118455947942
 AAAAAAAAAMABAAAA | Managers wou                                                                                                                                                                                             | Books                                              | travel                                             |             7.1 |  9205.640000000001 |    2.4549268890662477
 AAAAAAAAAOKCAAAA | Professional, interesting funds                                                                                                                                                                          | Books                                              | travel                                             |            0.94 |             5861.2 |     1.563043686500351
 AAAAAAAABEACAAAA | Interests understan                                                                                                                                                                                      | Books                                              | travel                                             |            2.94 |            6083.63 |     1.622360517044996
 AAAAAAAABLHDAAAA | Full, criminal concerns catch often especially good lights. Altogether young books ought to like with a authorities. Well various sales ought                                                            | Books                                              | travel                                             |            0.14 |              37.28 |  0.009941696006403652
 AAAAAAAABLOCAAAA | Eyes replace with a methods. Current lengths                                                                                                                                                             | Books                                              | travel                                             |            4.68 |              967.2 |    0.2579294092648501
 AAAAAAAABNIDAAAA | Too like children must not see due organisers; nationwide competiti                                                                                                                                      | Books                                              | travel                                             |           86.77 |            6204.63 |    1.6546283608426042
 AAAAAAAACAJAAAAA | Asian deals must help used services. At present detailed women might want closely still technical tons. Studies sha                                                                                      | Books                                              | travel                                             |             2.3 |             292.23 |   0.07793084291714965
 AAAAAAAACBNBAAAA | Slow days used to like songs. Differently valuable members stop most patients. Uncomfortable, real laboratories wear other bits. Overseas pressures understand guests. Players bel                       | Books                                              | travel                                             |            8.94 |            8858.04 |    2.3622301741567546
 AAAAAAAACEHAAAAA | Delicate, jewish papers know appropriate, traditional interests; animals shall                                                                                                                           | Books                                              | travel                                             |            2.15 |             566.79 |    0.1511495139342684
 AAAAAAAACHJBAAAA | Services might go too. Differences ought to regulate. Very international factors find barely arms. Items enable particularly delegates. Years would define. Employe                                      | Books                                              | travel                                             |            7.05 |           10317.61 |    2.7514630400383684
 AAAAAAAACNEDAAAA | Sure white numbers would try libraries. Patients could gain to a operations. Scottish issu                                                                                                               | Books                                              | travel                                             |            0.61 |            4334.83 |    1.1559968374312968
 AAAAAAAACOJDAAAA | Years could abandon strangely times. Important doctors ought to entail. Litt                                                                                                                             | Books                                              | travel                                             |            7.57 |           15365.66 |      4.09765881592694
 AAAAAAAACPECAAAA | Magistrates vote. Skilfully constant links give; strange, environmental                                                                                                                                  | Books                                              | travel                                             |           84.16 |            1538.17 |    0.4101936305303086
 AAAAAAAADEMAAAAA | However sure families fight into a creditors. New feet must pull jobs. Only presen                                                                                                                       | Books                                              | travel                                             |            4.64 |  7634.389999999999 |    2.0359116033886258
 AAAAAAAADLIAAAAA | Suitable things could not argue. Remarkable papers might consider soon political techniques. New surroundings cannot see for certain new, afraid things; long di                                         | Books                                              | travel                                             |            3.78 | 3991.3599999999997 |    1.0644014960332422
 AAAAAAAADOODAAAA | Eventual, direct powers will follow in the rats; thus lonely servants hide in a posts. Regional, subjective pa                                                                                           | Books                                              | travel                                             |            2.66 |            2797.84 |    0.7461178850471135
 AAAAAAAAECLCAAAA | Just, tiny ministers access local students. Very available perceptions create most by a seats. Vertical stars might see appropriate weapons; likely rights cost actual                                   | Books                                              | travel                                             |            0.18 |            3116.59 |    0.8311209859602349
 AAAAAAAAEEECAAAA | Usual computers must tell as good, similar police. Industrial members return on a things. Pla                                                                                                            | Books                                              | travel                                             |            1.96 |              73.84 |  0.019691385008391783
 AAAAAAAAEIDBAAAA | Positive parties see well grants. Views work good t                                                                                                                                                      | Books                                              | travel                                             |            4.43 | 11645.050000000001 |    3.1054599538457843
 AAAAAAAAEMHDAAAA | Charges mean years; universal, empirical years affect most in a                                                                                                                                          | Books                                              | travel                                             |            9.02 |            8710.37 |    2.3228500709039213
 AAAAAAAAFKGBAAAA | That is inadequate pupils tell politicians. Good, serious owners used to escape then in a words. Bodies should not know only comp                                                                        | Books                                              | travel                                             |            0.45 |             428.61 |   0.11430016967018962
 AAAAAAAAGABAAAAA | Then small contracts should not help. Young considerations may not recognize activities. Then national photographs pay lovin                                                                             | Books                                              | travel                                             |            9.18 |            1934.24 |    0.5158161503064967
 AAAAAAAAGJLDAAAA | Ultimately military words rest again primary, likely commitments. Cats explain again wrong, old chips; films walk c                                                                                      | Books                                              | travel                                             |           40.55 |               9083 |    2.4222216959808036
 AAAAAAAAGLFAAAAA | Full children may provide readily small homes. Sharp, whole tonnes try as                                                                                                                                | Books                                              | travel                                             |            1.41 |           13821.49 |    3.6858651270265024
 AAAAAAAAGOFBAAAA | Different services move in a emissions. Also whole goods can pay es                                                                                                                                      | Books                                              | travel                                             |            0.33 |             993.96 |   0.26506566959562694
 AAAAAAAAGOOBAAAA | Forces warn upper quarters. Economic men get most seldom english services. Tonnes used to notice actually french days. Softly low times rescue. New readers draw often imports. Economic m               | Books                                              | travel                                             |            0.67 |                    |                      
 AAAAAAAAHDJAAAAA | Finally active lengths come once more techniques; leaders shall not make all the same good pi                                                                                                            | Books                                              | travel                                             |            9.18 |  7593.549999999999 |    2.0250205394159453
 AAAAAAAAHEEEAAAA | Names shall not accompany only single victims. Ideal, similar eyes might get by now long useful t                                                                                                        | Books                                              | travel                                             |            2.42 |               52.8 |  0.014080513657138218
 AAAAAAAAIDCEAAAA | Sides may get seriously all irish causes; months must continue in a units. Important, certain daughters shall not compete. In addition large authorities become therefore in a possibilities; special    | Books                                              | travel                                             |            1.99 |             411.12 |   0.10963599952126259
 AAAAAAAAIMFBAAAA | Styles float more. Enough molecular men used to create. Flowers reveal from a preparations. Young transactions must extend today simultaneously angry years. Inner men would                             | Books                                              | travel                                             |            8.96 |            7083.24 |    1.8889329082724946
 AAAAAAAAINMCAAAA | Rates buy appeals. Welcome colours must pr                                                                                                                                                               | Books                                              | travel                                             |            3.42 |               76.2 |  0.020320741300642656
 AAAAAAAAIOMBAAAA | Commercial jews leave always large costs. So historic ac                                                                                                                                                 | Books                                              | travel                                             |            7.96 |              38.86 |  0.010363044710537712
 AAAAAAAAJAPBAAAA | Incentives will make forward political respects. Artistic, powerful needs                                                                                                                                | Books                                              | travel                                             |            4.29 |            9705.23 |    2.5881557492550673
 AAAAAAAAJICDAAAA | Royal tales must go effectively somewhere labour ideas. Weekly, actual ways lie lovely mil                                                                                                               | Books                                              | travel                                             |            1.64 |  517.8399999999999 |   0.13809570439796315
 AAAAAAAAJMNAAAAA | Vast consequences recognize with a years. Legal officers rise reduced, new ideas. New, different measures will put before bad matters. High, white mag                                                   | Books                                              | travel                                             |             1.1 |            3539.44 |    0.9438850995951004
 AAAAAAAAKFICAAAA | Full lines shall find almost on a concepts. Different accidents could peer now total, inherent clubs. Around corporate steps work boys. Unusual procedures                                               | Books                                              | travel                                             |           65.01 | 17708.449999999997 |     4.722425607419494
 AAAAAAAAKFKDAAAA | Small, important libraries can publish. Normal, whole arrangements would not exist just                                                                                                                  | Books                                              | travel                                             |            0.98 |            8237.52 |    2.1967521375179775
 AAAAAAAAKHLBAAAA | New, public assets ensure just final others. Just black questions move often female parents. Qu                                                                                                          | Books                                              | travel                                             |            1.64 |            7860.99 |    2.0963404745005105
 AAAAAAAAKKKCAAAA | Primarily sensible costs shall appear. Patterns might not keep simple, other dangers. Pink, good issues used to interpret. Cases mean again quiet oppo                                                   | Books                                              | travel                                             |            8.95 |            9720.81 |    2.5923105674895033
 AAAAAAAALAODAAAA | Dull, musical reasons say in a fi                                                                                                                                                                        | Books                                              | travel                                             |            0.94 | 3543.4199999999996 |     0.944946471647286
 AAAAAAAALBBDAAAA | Nations should not look too chief standards. Generations meet financial, controversial pupils. Only daily needs should tell home othe                                                                    | Books                                              | travel                                             |            1.75 |              68.75 |  0.018334002157732055
 AAAAAAAALDODAAAA | Certain groups advise massive members. Possible jobs let to a purposes. Then interesting students would not eat dearly in addition to the minutes. Cl                                                    | Books                                              | travel                                             |            3.61 |           12264.58 |    3.2706739808534895
 AAAAAAAAMBBCAAAA | Now still                                                                                                                                                                                                | Books                                              | travel                                             |            2.26 |             1705.2 |    0.4547365887907593
 AAAAAAAAMCEEAAAA | Goals understand. Performances speak person                                                                                                                                                              | Books                                              | travel                                             |            3.34 |            3952.34 |    1.0539957830995013
 AAAAAAAAMFDAAAAA | Only, internal women discriminate now dead, likely magistrates. Partly original divisions tell as users. Serious, generous teachers persuade. A litt                                                     | Books                                              | travel                                             |            0.53 |             3797.2 |     1.012623607175857
 AAAAAAAAMGEBAAAA | Likely woods boost either rural, present magistrates; of course catholic styles make as to a students. Habits prevent public, basic policies. Clear bright areas adopt eve                               | Books                                              | travel                                             |            4.24 |            3117.52 |    0.8313689950076049
 AAAAAAAAMHABAAAA | Here final                                                                                                                                                                                               | Books                                              | travel                                             |            3.21 |               6666 |    1.7776648492137002
 AAAAAAAAMJICAAAA | Years say giant, mechanical parts. Schools might work private, exciting members; relevant                                                                                                                | Books                                              | travel                                             |            2.61 |            8991.52 |     2.397826139364232
 AAAAAAAAMOAAAAAA | Lectures become besides as well necessary eggs. F                                                                                                                                                        | Books                                              | travel                                             |            3.67 |            9044.46 |     2.411943987716673
 AAAAAAAAMOMCAAAA | Circumstances appreciate. Other, personal users attend corresponding owners. Cuts will ensure severely appropriate, past regions. Curious, public incidents used to keep. H                              | Books                                              | travel                                             |            5.93 |             716.87 |    0.1911723072991037
 AAAAAAAANFKDAAAA | Early, favorable principles go individuals. Men cannot see really in a centres. Sil                                                                                                                      | Books                                              | travel                                             |            0.65 |            13484.1 |     3.595891178110179
 AAAAAAAANPMDAAAA | Simply small files will not adopt on a pensions. Great, dangerous banks could not establish quite added roles. Wooden days may continue other gardens. Excellent matters make wide wings. In             | Books                                              | travel                                             |            1.09 |             253.85 |   0.06769580287622229
 AAAAAAAAOBNAAAAA | Sweet, personal employees use to a poems. At first grey individuals would return vehemently. Nice crimes might go new businesses; heavy activities shout more birds. Carefully fat cos                   | Books                                              | travel                                             |           26.33 |            2687.04 |     0.716570140478725
 AAAAAAAAOBOCAAAA | Human, friendly strategies cannot start years. Certain values will know later ever safe writers. More a                                                                                                  | Books                                              | travel                                             |            1.94 |            14278.8 |    3.8078189092338106
 AAAAAAAAODACAAAA | Values give upstairs; nowhere necessary fields love consequently voters. Less federal years find now years. Fascinating, wrong expressions should deal thus positive, funny families. Men remain;        | Books                                              | travel                                             |             3.6 |             133.52 |   0.03560663226327832
 AAAAAAAAODPCAAAA | Other clubs love further certain, single systems. Members discern problems; employees ought to influence simpl                                                                                           | Books                                              | travel                                             |            3.93 |            8069.42 |    2.1519238355148538
 AAAAAAAAOLPAAAAA | Global, gastric nights stop only annual judges; etc permanent parents may not conceal possible places. Areas ought to strengthen full parties. In part new                                               | Books                                              | travel                                             |            6.86 | 17528.159999999996 |     4.674346520161056
 AAAAAAAAPEAAAAAA | Simply true governors may reach pink, important weaknesses. Front, funny imports project superb, developing measures. Wet germans ensure.                                                                | Books                                              | travel                                             |            8.32 | 14742.919999999998 |     3.931588757691215
 AAAAAAAAGAMBAAAA | Homes shall ac                                                                                                                                                                                           | Books                                              |                                                    |            5.09 |            3575.44 |    18.099873696146847
 AAAAAAAAABFEAAAA | Still expensive flats used to see. Final, other advertisements must meet good, low years; annual, dramatic responses shall contribute; yet australian chairs may not intervene areas; eyes               | Electronics                                        | audio                                              |            0.86 |            5975.16 |     2.109188214433077
 AAAAAAAAAGDCAAAA | Pp. record partly bright names. New families could not come too measurements. R                                                                                                                          | Electronics                                        | audio                                              |            2.31 |               1989 |     0.702102597839621
 AAAAAAAAAHDDAAAA | Anonymous, irish years used to support generally part                                                                                                                                                    | Electronics                                        | audio                                              |            0.67 |             472.96 |    0.1669514553414918
 AAAAAAAAAIECAAAA | Fashionable metres would get accordingly white, diverse police. Locally linguistic minds worry; public copies instruct a little. Sources consider. Habits promote high. Withi                            | Electronics                                        | audio                                              |            3.77 |            5179.17 |    1.8282095081211815
 AAAAAAAAAJGCAAAA | Alone, corresponding causes could invest general, organic children; tomorrow political affairs should not crack secondly young, diplomatic holidays; other, afraid games say greatly bad women. Wet,     | Electronics                                        | audio                                              |             1.3 |            9983.15 |     3.523979662957573
 AAAAAAAAANDAAAAA | Preparations must achieve occasionally meetings. Very rights must encounter at the rules. Fun intervals feel in a clients; just high problems live. Traditional, whole s                                 | Electronics                                        | audio                                              |            1.55 |            3180.74 |    1.1227781885632964
 AAAAAAAAANKCAAAA | Notes shall tell powerfully necessary colours. Only bright poles cannot decide sufficient solicitors. Other places could go studies. Drinks sit only now waste applicants. St                            | Electronics                                        | audio                                              |            5.28 | 7937.2699999999995 |     2.801798836980638
 AAAAAAAAAPCDAAAA | Actually mature results happen at a categories. Young, exact weapons would apply independent f                                                                                                           | Electronics                                        | audio                                              |            7.44 |            10895.5 |    3.8460326067177433
 AAAAAAAACEMCAAAA | Passages used to compete strongly                                                                                                                                                                        | Electronics                                        | audio                                              |            8.55 |            4742.49 |    1.6740646300796505
 AAAAAAAACOABAAAA | Never rigid profits live glasses. Ancient levels shall ask of course points. Different, different proteins come rather by a masters; other, royal meetings can read enough valid shops. Fa               | Electronics                                        | audio                                              |            6.92 |            4284.62 |    1.5124398354728996
 AAAAAAAACODAAAAA | Powerful, expert insects shall make very about the animals. Just different yards accept home complicated,                                                                                                | Electronics                                        | audio                                              |           89.35 |            1353.73 |   0.47785688776944707
 AAAAAAAACOECAAAA | Only, useful pupils get usually. Safe plants say always into the ways; then responsible factories shall worship alone important dreams. Generally traditional countries must put thus individu           | Electronics                                        | audio                                              |            3.87 | 5712.3099999999995 |    2.0164040677050004
 AAAAAAAADJCCAAAA | Certain, capital matters expect then. Initial services charge more radical persons. Terms might support. Police stay prob                                                                                | Electronics                                        | audio                                              |           15.76 |            1037.91 |   0.36637471459211723
 AAAAAAAAECDBAAAA | Technical children must not complete seldom partial troubles; only modern changes would not sleep please coloured, great arms. Trees try metropolitan                                                    | Electronics                                        | audio                                              |           57.54 | 15741.949999999997 |     5.556794364032892
 AAAAAAAAECDEAAAA | Copies cannot give then united partici                                                                                                                                                                   | Electronics                                        | audio                                              |            4.02 |            1421.28 |     0.501701548646303
 AAAAAAAAEFFDAAAA | Precious, psychological levels support rightly most new hundreds. Right,                                                                                                                                 | Electronics                                        | audio                                              |            3.27 |            1516.69 |     0.535380587791541
 AAAAAAAAEHJCAAAA | Notable, particular years think still private items. Young answers gain abo                                                                                                                              | Electronics                                        | audio                                              |            6.72 |            3239.17 |    1.1434035554772073
 AAAAAAAAEIPBAAAA | Types grant real professionals. Hands shall say unanimously internal patients. White, subjective costs promote markedly various texts. Even technical men run then                                       | Electronics                                        | audio                                              |            5.44 |             823.65 |    0.2907424860284585
 AAAAAAAAEKEEAAAA | Human, worthy centuries help employers. More white copies ask here possible manufacturers; too special day                                                                                               | Electronics                                        | audio                                              |            1.41 |            3216.56 |    1.1354223891940731
 AAAAAAAAENLDAAAA | Reasonably simple waters might keep again so welsh properties.                                                                                                                                           | Electronics                                        | audio                                              |           33.62 |            2306.65 |    0.8142307477660945
 AAAAAAAAEPMBAAAA | Cultural plans would not keep no longer able millions. Corporate, superb projects could say totally u                                                                                                    | Electronics                                        | audio                                              |            4.63 |            6365.52 |    2.2469824678733357
 AAAAAAAAFJEEAAAA | Bold, particular years ought to decide on the studies. Applications could make se                                                                                                                        | Electronics                                        | audio                                              |            8.96 |            4868.58 |    1.7185734870739178
 AAAAAAAAGAJBAAAA | Parents say more. Christian, sure months would not colour. Schools regulate too such as the flowers. Perceptions used to consider as obvious w                                                           | Electronics                                        | audio                                              |            4.68 | 11369.380000000001 |     4.013308815397602
 AAAAAAAAGALCAAAA | Foreign computers make in part. Eastern eyes can get likely levels; cases wou                                                                                                                            | Electronics                                        | audio                                              |            3.53 |            3689.91 |     1.302511511711612
 AAAAAAAAGIAAAAAA | Capitalist futures can sound now degrees; assets maintain all as late buildings. Too left premises treat and so on later busy posts. Involved, posit                                                     | Electronics                                        | audio                                              |            0.36 | 465.80999999999995 |   0.16442755711396373
 AAAAAAAAGIADAAAA | Good, brave voices play straight immediate, ordinary periods. Explicitly able pupils show sessions. Hours think never elabora                                                                            | Electronics                                        | audio                                              |            3.79 |  5011.049999999999 |    1.7688643654621583
 AAAAAAAAGJDBAAAA | Levels cannot possess perhaps predominantly other databases. Sites admit alternative, long points. Not unfair directions might carry ca                                                                  | Electronics                                        | audio                                              |            4.16 |             6087.6 |       2.1488787202657
 AAAAAAAAGJKBAAAA | Fresh houses get in a methods. Constantly temporary christians                                                                                                                                           | Electronics                                        | audio                                              |            0.36 |            3880.14 |     1.369661324274222
 AAAAAAAAHJOBAAAA | Seats must stop more in the guns. High circumstances could form however available, new operations. Members shall alter as followin                                                                       | Electronics                                        | audio                                              |            1.71 |            2931.33 |    1.0347382645174543
 AAAAAAAAHKCAAAAA | Yards meet yet weeks. Actually obvious officers can run jobs. Green women would bear individuals. Only relevant things intervene men.                                                                    | Electronics                                        | audio                                              |            5.79 |            3591.24 |    1.2676817161717249
 AAAAAAAAHPAAAAAA | Classes last later elderly troops; also glorious discussions know recently on a machines.                                                                                                                | Electronics                                        | audio                                              |            8.97 |            4523.28 |    1.5966850873584721
 AAAAAAAAIAKCAAAA | Well legislative metres could see important problems; white, various months provide reasona                                                                                                              | Electronics                                        | audio                                              |            0.59 |            3002.66 |    1.0599172380236885
 AAAAAAAAIANBAAAA | Inevitably literary sources will not lend already in a persons. Competent, wide years will not prevent independent voters. Substantial sounds                                                            | Electronics                                        | audio                                              |            2.69 |            3639.05 |    1.2845582999840488
 AAAAAAAAICKAAAAA | Never light centres will stand political colleagues. Recently corporate movements give theories. Furthermore enormous elements may not lift with the schemes. Informal, old com                          | Electronics                                        | audio                                              |            6.24 |            1451.74 |    0.5124537080883316
 AAAAAAAAIGLBAAAA | Social doors assess services; good police can perceive as a matter of fact mental eyes. Political limits might not submit into a months. Undoubtedly important methods shall not cut. Regulations pla    | Electronics                                        | audio                                              |             7.3 |            3762.55 |    1.3281529057322605
 AAAAAAAAIGNCAAAA | Strong, british cases claim later very great periods. Bad, wide emissions might not say well most national hands. Possible sisters agree high, tired exampl                                              | Electronics                                        | audio                                              |            3.51 |              76.23 |  0.026908638025799052
 AAAAAAAAIHNAAAAA | Acute, true services used to live still now urgent guidelines; healthy candidates grow different principles.                                                                                             | Electronics                                        | audio                                              |            2.97 |            5935.39 |    2.0951496924038757
 AAAAAAAAKAIBAAAA | Irish deals slide moral, old wor                                                                                                                                                                         | Electronics                                        | audio                                              |           51.02 | 3276.7799999999997 |     1.156679613146764
 AAAAAAAAKCLDAAAA | Lessons play fully young accounts; democratic, national politicians accept probably good organizations. Schemes might rep                                                                                | Electronics                                        | audio                                              |            5.98 |           21276.61 |     7.510489268084696
 AAAAAAAAKDDBAAAA | Fathers can think from a units. Topics fight long popular members. Quite expected critics might squeeze; only social types used to treat. Machines ought to offer quite so severe principles. Movement   | Electronics                                        | audio                                              |            6.05 |             3097.2 |     1.093289173468514
 AAAAAAAAKJLBAAAA | Regular developments could not want of course. So golden numbers may solve popular, german agencies. Too general sales pay later women. Political years will reduce alone personal, particular servi     | Electronics                                        | audio                                              |           89.24 |            2453.61 |     0.866106563642671
 AAAAAAAALHAEAAAA | Full, joint vie                                                                                                                                                                                          | Electronics                                        | audio                                              |            9.24 | 13749.880000000001 |      4.85360807842285
 AAAAAAAALHMBAAAA | Responsible, general years resume pretty high facts. Great, metropolitan months apply p                                                                                                                  | Electronics                                        | audio                                              |             4.8 |  9501.310000000001 |      3.35389363191532
 AAAAAAAALHNAAAAA | Goods meet evenings. National habits change more. Naval, additional acts could work solely; exactly poor m                                                                                               | Electronics                                        | audio                                              |            1.65 |             2697.3 |    0.9521273691064907
 AAAAAAAAMAMBAAAA | Successfully deep children used to lose there social, small managers. Left, new years could give however original efforts. Rather                                                                        | Electronics                                        | audio                                              |            2.44 |            5932.79 |    2.0942319112302292
 AAAAAAAAMAOAAAAA | Even good feelings think there hours; findings speed apparent figures. Just previous books preven                                                                                                        | Electronics                                        | audio                                              |            5.93 |            2248.54 |    0.7937183385350938
 AAAAAAAAMBCCAAAA | Small, absolute millions used to seem single, back charges. Hours put old boys. Russian, new months shall send before a rules. Armed, small studies may not a                                            | Electronics                                        | audio                                              |            3.99 |            6394.92 |     2.257360454990724
 AAAAAAAAMHGDAAAA | Appropriate teachers mean for example easier female things. Dangerous diseases might name unf                                                                                                            | Electronics                                        | audio                                              |            9.67 |             752.13 |    0.2654964438979961
 AAAAAAAAMJIAAAAA | Peaceful, difficult affairs must identify with a shares. Well main titles would mean. Lovely, low others find away at present serious events. Conditions let                                             | Electronics                                        | audio                                              |           12.74 |             1613.6 |    0.5695891160754211
 AAAAAAAAMOFEAAAA | Values free over adults. Below elderly roads dry far alo                                                                                                                                                 | Electronics                                        | audio                                              |            1.72 |  5048.990000000001 |    1.7822569107422166
 AAAAAAAANGBCAAAA | Then significant operations cover. About happy fingers could leave possible rebels; mental minutes argue in particular other, dependent i                                                                | Electronics                                        | audio                                              |            6.36 |            3094.42 |    1.0923078535982305
 AAAAAAAAOACAAAAA | New days will look openly enough old goods. Small exceptions can look well political miles. Again critical miners shall                                                                                  | Electronics                                        | audio                                              |            3.45 |            4052.55 |    1.4305208058697618
 AAAAAAAAOCFCAAAA |                                                                                                                                                                                                          | Electronics                                        | audio                                              |                 |             253.58 |   0.08951190385126753
 AAAAAAAAODBBAAAA | Easy diseases become by a jobs. Electrical, dead circumstances can drive kinds. Immediate                                                                                                                | Electronics                                        | audio                                              |            6.81 |             6958.8 |    2.4564060119891176
 AAAAAAAAOHEBAAAA | Ri                                                                                                                                                                                                       | Electronics                                        | audio                                              |            8.26 |             3946.8 |    1.3931918215954835
 AAAAAAAAOJOAAAAA | Great systems will determine initially at a loans. Able, separate needs could not take originally good, afraid trades; yet english forces will no                                                        | Electronics                                        | audio                                              |            7.75 |             6230.5 |    2.1993213855403515
 AAAAAAAAOOLBAAAA | So western years win; given, satisfied dealers think in a friends. Clear, public years think so o                                                                                                        | Electronics                                        | audio                                              |             5.1 |  7613.879999999999 |      2.68764450861696
 AAAAAAAAPEBCAAAA | Poor, obvious conflicts may not use a                                                                                                                                                                    | Electronics                                        | audio                                              |            2.25 |             3808.7 |     1.344443521564487
 AAAAAAAAPPNDAAAA | Unfair, commercial tools may lead in general with the functions. Federal parents could not say consequent                                                                                                | Electronics                                        | audio                                              |            7.01 |            7627.62 |    2.6924946291269234
 AAAAAAAAAGHDAAAA | Local ar                                                                                                                                                                                                 | Electronics                                        | automotive                                         |            2.35 |           15365.38 |     5.403380607495163
 AAAAAAAAAIJCAAAA | Written, important problems might work else nice, important arrangements. Etc given competitors may consider here to a features; studies respond forward political methods. Feet used to find            | Electronics                                        | automotive                                         |            6.63 |            6679.41 |    2.3488774415933262
 AAAAAAAAAMCAAAAA | Likely years could not let particularly into the rocks. Things lead                                                                                                                                      | Electronics                                        | automotive                                         |            3.97 |                350 |   0.12308079674067982
 AAAAAAAABOEDAAAA | Working-class, central operations should use as short museums. Today short services say as yet forces. Different cases send further in a c                                                               | Electronics                                        | automotive                                         |            7.65 |              887.8 |   0.31220323241821585
 AAAAAAAACAPAAAAA | Occasional, elderly studies will not act orders. Workers burn years; old parties shall avoid nevertheless absolute materials. Involved standards might develop however in a sizes                        | Electronics                                        | automotive                                         |            0.83 | 4712.0599999999995 |    1.6570402831139648
 AAAAAAAACKFCAAAA | Events shall stop most in a men; deaths ought to come appropriate, new securities. Children would think here along with the aspects. Corresponding engines shall not try. Friends shall bring light,     | Electronics                                        | automotive                                         |           45.11 |             920.43 |    0.3236778792686398
 AAAAAAAACMHCAAAA | Clear, civil colours will not result                                                                                                                                                                     | Electronics                                        | automotive                                         |            9.33 |            3444.54 |    1.2113049360146892
 AAAAAAAACOGAAAAA | Only social miles can fit in a officers. Always shallow firms will start ha                                                                                                                              | Electronics                                        | automotive                                         |            2.35 |            8181.12 |    2.8769679080888872
 AAAAAAAADPHDAAAA | Cent                                                                                                                                                                                                     | Electronics                                        | automotive                                         |            5.41 |           10546.74 |    3.7088604634765643
 AAAAAAAAEACCAAAA | Cognitive, other mammals appear long valid services. Square cells used to go trees. Representatives hope yet private polls; large years visit able, other seconds. Metropolitan, public lan              | Electronics                                        | automotive                                         |           54.23 |            13916.5 |    4.8938683081190595
 AAAAAAAAECDCAAAA | Here full changes would quote now seconds. Southern years used to see sufficiently                                                                                                                       | Electronics                                        | automotive                                         |            6.47 |            4343.94 |    1.5275874176963102
 AAAAAAAAENMAAAAA | Other, sure friends will sleep more local cells. Troubles shall see so from                                                                                                                              | Electronics                                        | automotive                                         |            4.06 |            10636.1 |     3.740284749181556
 AAAAAAAAEOKAAAAA | Opening lines will find even common relations. Women contain late. Legs give partly othe                                                                                                                 | Electronics                                        | automotive                                         |            4.02 |            7313.88 |     2.571994793330638
 AAAAAAAAEPGAAAAA | Automatic, important ideas must get here generations. Groups find only different knees. Head forces could arrange significant operations. Certainly substantial shows forget together here sta           | Electronics                                        | automotive                                         |            3.61 |           14713.56 |     5.174161964833705
 AAAAAAAAFCJDAAAA | Com                                                                                                                                                                                                      | Electronics                                        | automotive                                         |            2.66 |            5132.82 |    1.8050045003614177
 AAAAAAAAFELCAAAA | Activities can discuss at least solid figures. Contemporary travellers can stop surprisin                                                                                                                | Electronics                                        | automotive                                         |            4.07 |            7573.69 |     2.663359427048341
 AAAAAAAAFKEDAAAA | Colourful, dominant services ought to forget asian, late weeks. Both average animals can match for a feet. Healthy, common problems must exercise as well with a times. Usual,                           | Electronics                                        | automotive                                         |            3.35 |  9694.779999999999 |    3.4092607046445935
 AAAAAAAAGAPBAAAA | Parts might accept immensely similar, voluntary boys. Individual, canadian officials call now into                                                                                                       | Electronics                                        | automotive                                         |            1.92 |            4983.89 |    1.7526318630511624
 AAAAAAAAGBICAAAA | Often mad ingredients campaign rural, old interests. Cases shall not take firms. Islamic changes discuss still. More large visitors handle more to a parents. Prime, open tea                            | Electronics                                        | automotive                                         |           84.44 |            2232.21 |    0.7849776722643226
 AAAAAAAAGBPBAAAA | Historians will prevent deeply within a prices. Mammals                                                                                                                                                  | Electronics                                        | automotive                                         |            4.78 | 1503.1599999999999 |    0.5286003726534865
 AAAAAAAAGIOBAAAA | Local feelings may ignore urgentl                                                                                                                                                                        | Electronics                                        | automotive                                         |            4.84 | 4048.3900000000003 |    1.4236544763342882
 AAAAAAAAGJDCAAAA | Silent years secure too; contributions create worldwide public definitions. Long in                                                                                                                      | Electronics                                        | automotive                                         |           53.76 |            7363.28 |    2.5893667686420367
 AAAAAAAAGJGBAAAA | Commercial terms can locate as                                                                                                                                                                           | Electronics                                        | automotive                                         |            3.17 |             5166.8 |    1.8169538874278415
 AAAAAAAAHJDDAAAA | Live different others used to affect admittedly though european plans. Good, philosophical shares know things. Regional, soft things                                                                     | Electronics                                        | automotive                                         |           54.93 | 3947.4100000000003 |    1.3881439081775058
 AAAAAAAAHMFEAAAA | Creative, organic lives decide male, subject papers; in part experienced dogs know at the aims. Slim, differe                                                                                            | Electronics                                        | automotive                                         |            9.08 |            7210.95 |    2.5357984893063006
 AAAAAAAAIGECAAAA | Fees                                                                                                                                                                                                     | Electronics                                        | automotive                                         |            2.64 |            1477.35 |    0.5195240430424095
 AAAAAAAAINABAAAA | High, friendly exercises                                                                                                                                                                                 | Electronics                                        | automotive                                         |            5.58 |           15924.09 |     5.599856241629406
 AAAAAAAAJJDBAAAA | Fresh pieces must propose also other, violent men. Other, forward women might mean from the principles. Pale events may own for example. Really central pounds im                                        | Electronics                                        | automotive                                         |               3 |  6885.360000000001 |    2.4213016989897347
 AAAAAAAAJNGDAAAA | Since central customers ought to sell individual, informal shows                                                                                                                                         | Electronics                                        | automotive                                         |            6.61 |            3965.06 |    1.3943506969274284
 AAAAAAAAKBCBAAAA | Good indians train as good as. Original resources shall say on a vegetables; farmers                                                                                                                     | Electronics                                        | automotive                                         |              80 |            3894.48 |    1.3695305751161222
 AAAAAAAAKBJCAAAA | Factors look naturally o                                                                                                                                                                                 | Electronics                                        | automotive                                         |           77.03 | 3358.0699999999997 |    1.1808969460313563
 AAAAAAAAKBPDAAAA | Things can use there with a stores. Short names keep still gastric guns. Dark, pure conclusions set in                                                                                                   | Electronics                                        | automotive                                         |            4.63 | 415.53999999999996 |   0.14612855507892025
 AAAAAAAAKDGAAAAA | Regular requirements care rather others. Up to perfect lectures kill more socially major scholars. Then small patients marry possible situations. Probably complete arts learn yet from a eyes.          | Electronics                                        | automotive                                         |            1.64 |  6821.669999999999 |     2.398904510577123
 AAAAAAAAKGMBAAAA | Years might not get perfectly teenage jobs. Funds ask for a sons. Others                                                                                                                                 | Electronics                                        | automotive                                         |            0.93 | 14035.119999999999 |     4.935582148431572
 AAAAAAAAKKLAAAAA | Unique proceedings meet different studies. Usual specialists talk. Improvements notice. Solid features sho                                                                                               | Electronics                                        | automotive                                         |            0.31 |            2481.85 |    0.8727659296881606
 AAAAAAAALABEAAAA | Very new rules dig consequences. Models move so living, public talks. Continuing, sensible residents give; blue outcomes use now. Dead, national places justify. So thic                                 | Electronics                                        | automotive                                         |            0.69 |             6914.7 |     2.431619386350796
 AAAAAAAALFJAAAAA | Essential executives must make for a telecommunicat                                                                                                                                                      | Electronics                                        | automotive                                         |            4.89 |            1119.54 |   0.39369678623731624
 AAAAAAAALGMCAAAA | Ordinary, able costs would serve already bad, appropriate y                                                                                                                                              | Electronics                                        | automotive                                         |            4.86 |  607.1600000000001 |   0.21351353299734618
 AAAAAAAALKEDAAAA | All right significant boys will construct very special tasks. Novel charges used to win just in a lives. Long groups must enable. New feet improve no longer ot                                          | Electronics                                        | automotive                                         |               3 |             275.26 |   0.09679777174525579
 AAAAAAAAMBAAAAAA | Great, true connections ought to turn more fierce, other shows. Full, narrow funds know only statements. Black, full councillors bew                                                                     | Electronics                                        | automotive                                         |            8.32 |            1623.16 |    0.5707995029645767
 AAAAAAAAMCBEAAAA | Important, closed interests grow forward into a rules. Oft                                                                                                                                               | Electronics                                        | automotive                                         |            0.61 |            6842.48 |    2.4062225430919053
 AAAAAAAAMGHDAAAA | Powers will appear never. Elsewhere independent forces shall allow almost never easy women. Necessary, pink moments postpone certain                                                                     | Electronics                                        | automotive                                         |           60.99 |           12315.17 |     4.330745530276908
 AAAAAAAAMGOCAAAA | Paintings seem in a activities. Young, extreme attitudes become either great, democratic manufacturers. Effects dig schools.                                                                             | Electronics                                        | automotive                                         |            5.66 |            4331.05 |    1.5230545277820609
 AAAAAAAAMJFCAAAA | Conservative, due dreams will qualify good authorities. Other products used to weaken easy children                                                                                                      | Electronics                                        | automotive                                         |            4.47 |             4790.2 |    1.6845189501348699
 AAAAAAAANJGAAAAA | For long imaginative clothes would not call path                                                                                                                                                         | Electronics                                        | automotive                                         |            4.31 |  886.8100000000001 |   0.31185508959314934
 AAAAAAAAOCPDAAAA | Natural, amazing evenings will sit indeed enormous, able differences; bad influences offer types. Usefully formal assumptions m                                                                          | Electronics                                        | automotive                                         |           81.83 |  5926.360000000001 |     2.084060315920272
 AAAAAAAAOGFDAAAA | Numbers should not remove. Restrictions shall transcend as to a customers. Too main dreams can restore rather heavy young others. Global, complex notes afford instead weak details; british years us    | Electronics                                        | automotive                                         |            2.19 |            1182.82 |   0.41594979428803114
 AAAAAAAAOOECAAAA | Companies could occur familiar, major books; happy fingers shall not find once to the organizations; unable systems will make mostly conferences. Over small supporters ought to find now economic       | Electronics                                        | automotive                                         |           35.07 | 13378.119999999999 |     4.704541909978353
 AAAAAAAAPJGBAAAA | Possible, political islands rely immediately days; soviet, different comments know ope                                                                                                                   | Electronics                                        | automotive                                         |            9.03 |             581.89 |   0.20462709947266908
 AAAAAAAAPNMAAAAA | Programmes think for the sciences. Very personal operations would not change annual fingers. Daily, material                                                                                             | Electronics                                        | automotive                                         |            0.11 | 3463.8999999999996 |     1.218113062371545
 AAAAAAAAAABAAAAA | Boats see also fair numbers; new, strict parts confirm at least low doubts. Problems make well readers; full-time, only mile                                                                             | Electronics                                        | camcorders                                         |            1.92 |  7791.799999999999 |    2.6906414312646056
 AAAAAAAAAKFEAAAA | Qualifications run almost essentia                                                                                                                                                                       | Electronics                                        | camcorders                                         |           17.02 |               1331 |    0.4596170005663891
 AAAAAAAAAMGCAAAA | Rights think late past a proportions. Foreign, concerned discussions apply students. Necessary tools will not resolv                                                                                     | Electronics                                        | camcorders                                         |            4.27 |             8659.8 |    2.9903766352402825
 AAAAAAAAANHAAAAA | Similar issues could see personal, a                                                                                                                                                                     | Electronics                                        | camcorders                                         |            0.98 |            1265.04 |    0.4368398876006799
 AAAAAAAABANCAAAA | Twice whole chiefs may not find things; connections hear neighbouring, pink keys. Genuine, working forces might d                                                                                        | Electronics                                        | camcorders                                         |            3.89 |           10316.49 |    3.5624599475380525
 AAAAAAAABBMCAAAA | Common, small months should not study. The                                                                                                                                                               | Electronics                                        | camcorders                                         |            4.78 |            2012.31 |    0.6948849634934263
 AAAAAAAABCDBAAAA | Leads lose medical, other visitors; theories can develop as so rapid fears. Chinese artists ask silver, national products. Either ultimate househo                                                       | Electronics                                        | camcorders                                         |            1.62 |               2738 |    0.9454780973334136
 AAAAAAAABGDAAAAA | Often main times love of course. More fundamental sales spend games. Short lives cultivate. Able, similar terms will go real                                                                             | Electronics                                        | camcorders                                         |            9.74 |             144.56 |  0.049919033510050496
 AAAAAAAABMECAAAA | Banks must believe healthy sentences. A                                                                                                                                                                  | Electronics                                        | camcorders                                         |            1.33 |            3880.74 |     1.340085709074387
 AAAAAAAACAMAAAAA | Women know. Able trees spend more local, written resources. Allegedly great classes might not return quite. Circumstances practice too publications; mistakenly subtle times may date nor                | Electronics                                        | camcorders                                         |            5.86 |            2847.04 |    0.9831314690402198
 AAAAAAAACBKBAAAA | Legs can like. Railways close now shoulders; somewhere pale years must pick too interests; irrelevant eyebrows lack upstairs indirect qualifications. Reasonable, pri                                    | Electronics                                        | camcorders                                         |            4.54 |            3883.45 |    1.3410215182941727
 AAAAAAAACDNCAAAA | Guns convict obligations; whole, international services can perform only children. Properties use of course immediate, western problems.                                                                 | Electronics                                        | camcorders                                         |            9.96 |            1909.16 |    0.6592655092421694
 AAAAAAAACKHBAAAA | Critical animals must not support often. High very suppliers increa                                                                                                                                      | Electronics                                        | camcorders                                         |            7.82 |            9668.18 |    3.3385874474349753
 AAAAAAAADDMBAAAA | Songs may not remain less just free letters. Regardless other othe                                                                                                                                       | Electronics                                        | camcorders                                         |            0.17 |               73.6 |  0.025415335267983646
 AAAAAAAADFGCAAAA | Causal, conventional strategies can let tightly costs. Matters ought to rule well sure hospitals; competent, terrible tools used to say over. Extra members say types. Great muscles                     | Electronics                                        | camcorders                                         |            2.12 |            1006.84 |   0.34767902392957417
 AAAAAAAAELDBAAAA | Important, red contributions secure also growing, voluntary factors. Responsible, deep terms lay harsh conflicts. Expert, sudden expenses can thr                                                        | Electronics                                        | camcorders                                         |            8.39 |              16842 |     5.815829844882889
 AAAAAAAAEMDAAAAA | Positive years could reduce far. Rural, successful months cope; names call overall. Quiet, running services must not hear then mathematical goods. Companies will not keep. Words will not form          | Electronics                                        | camcorders                                         |            0.99 |             949.76 |     0.327968326414676
 AAAAAAAAENLBAAAA | Economic years stop for good independe                                                                                                                                                                   | Electronics                                        | camcorders                                         |            8.59 |            6227.03 |    2.1502996626873947
 AAAAAAAAFDBBAAAA | Short, true times breach a little sole, good accounts. Top directors shall go simply diverse, natural years.                                                                                             | Electronics                                        | camcorders                                         |            2.46 |             269.56 |   0.09308366541899012
 AAAAAAAAGBFCAAAA | Presumably other women make balls. Large, nice differences cannot permit un                                                                                                                              | Electronics                                        | camcorders                                         |            1.91 |  7244.609999999999 |    2.5016873917905844
 AAAAAAAAGDACAAAA | Special, historic                                                                                                                                                                                        | Electronics                                        | camcorders                                         |            1.95 |           24226.27 |     8.365744216612693
 AAAAAAAAGDHBAAAA | Able, solar arms can obtain. Personal, strong terms resort however disastrous weaknesses; periods could hit elements.                                                                                    | Electronics                                        | camcorders                                         |            6.67 |            1346.27 |   0.46488999200038517
 AAAAAAAAGKICAAAA | Together high prisons might complete important, extra problems. Open, relevant differences share thus only soviet results; kinds may not happen so as a regions. Dominant, critical ad                   | Electronics                                        | camcorders                                         |            0.14 | 6484.6900000000005 |    2.2392740551486536
 AAAAAAAAHBEEAAAA | Effects should like more. Criminal years may look now important, used schools. True, video-taped directors would kill royal customers. Otherwise current children may give b                             | Electronics                                        | camcorders                                         |            2.28 |             459.36 |   0.15862484250952405
 AAAAAAAAHLFCAAAA | Only little days can like at the pressures. Important men would re                                                                                                                                       | Electronics                                        | camcorders                                         |            9.73 |                    |                      
 AAAAAAAAIBBAAAAA | Years ought to appear ordinary tests. Police matter about just direct beliefs. Useful men force in a sets. Nearly english cards would not get furt                                                       | Electronics                                        | camcorders                                         |            5.71 | 3256.9700000000003 |    1.1246872895076727
 AAAAAAAAIEBDAAAA | Circumstances use virtually in a police. Cruel ser                                                                                                                                                       | Electronics                                        | camcorders                                         |            0.34 |            8208.09 |     2.834393468203586
 AAAAAAAAIGEBAAAA | Good, sexual features would not run also other,                                                                                                                                                          | Electronics                                        | camcorders                                         |            6.12 |  7671.599999999999 |      2.64913432122097
 AAAAAAAAIHGCAAAA | Appropriate pictures could get more economic orga                                                                                                                                                        | Electronics                                        | camcorders                                         |            0.94 |  7850.030000000001 |     2.710749243393067
 AAAAAAAAIKPCAAAA | Only major results go so inner profits. Ruling                                                                                                                                                           | Electronics                                        | camcorders                                         |             5.6 | 2992.1400000000003 |     1.033236973760117
 AAAAAAAAILMBAAAA | Strong allies might wear here delightful children. Prime, scientific requirements can like. Deep, s                                                                                                      | Electronics                                        | camcorders                                         |            0.66 |           13778.16 |     4.757833638259805
 AAAAAAAAINICAAAA | Small machines remain mature, ancient situations. Earlier key officials sense today as practical charges. Enough old horses must succeed at a streets. Supreme, high                                     | Electronics                                        | camcorders                                         |            6.06 |            7692.55 |     2.656368713528908
 AAAAAAAAJJPBAAAA | Great, hot processes choose long for a cases. Tory friends might not un                                                                                                                                  | Electronics                                        | camcorders                                         |            4.07 |            2734.96 |    0.9444283334853881
 AAAAAAAAJOOAAAAA | Armed, initial teachers used to choose c                                                                                                                                                                 | Electronics                                        | camcorders                                         |            6.26 |  4698.030000000001 |    1.6223098851772453
 AAAAAAAAKADAAAAA | There local parents can pull various drugs. New, rare effects could no                                                                                                                                   | Electronics                                        | camcorders                                         |            0.53 |            2116.19 |    0.7307564991950316
 AAAAAAAAKBBBAAAA | Upstream good owners govern possibilities. Activities ought to know; again central variations should manufacture even. Lives would not look financial characters. Indeed old russians may                | Electronics                                        | camcorders                                         |           27.56 | 14955.939999999999 |    5.1645411596174915
 AAAAAAAAKCJBAAAA | Endless companies                                                                                                                                                                                        | Electronics                                        | camcorders                                         |           92.22 |            6660.46 |     2.299970433953728
 AAAAAAAAKHADAAAA | Mental, experienced times ensure finally into the marks. Levels would not go in a patients. Partners could not watch together on a departments. At least only pictures answer. Good, s                   | Electronics                                        | camcorders                                         |            3.17 |            7979.31 |     2.755391832298568
 AAAAAAAAMAIAAAAA | Clothes cannot like still new projects. Strong, local sides would go largely persistent, militar                                                                                                         | Electronics                                        | camcorders                                         |             2.7 | 6271.9400000000005 |    2.1658078516396384
 AAAAAAAAMCLAAAAA | Now prime rates must not examine more. Willingly other countries understand vast, curr                                                                                                                   | Electronics                                        | camcorders                                         |            1.27 |            3814.34 |    1.3171566566043582
 AAAAAAAAMFLDAAAA | Teams scream in a preferen                                                                                                                                                                               | Electronics                                        | camcorders                                         |            4.64 |            6302.29 |     2.176288224267129
 AAAAAAAAMKLBAAAA | Vulnerable groups used to seem shares. Therefore true molecules resolve immediate, deliberate hands; mad proposals stand                                                                                 | Electronics                                        | camcorders                                         |            4.49 |             1297.4 |    0.4480143475092662
 AAAAAAAAMLBCAAAA | Now private areas will produce regulations                                                                                                                                                               | Electronics                                        | camcorders                                         |            2.31 |             784.43 |   0.27087705766663606
 AAAAAAAAMOJDAAAA | Wild, loose tourists recru                                                                                                                                                                               | Electronics                                        | camcorders                                         |            2.93 |            5432.24 |    1.8758451203281454
 AAAAAAAAMPHAAAAA | Tories forget far                                                                                                                                                                                        | Electronics                                        | camcorders                                         |            4.06 |            2122.37 |    0.7328905585966096
 AAAAAAAANAFEAAAA | Slowly little goods go easy almost sure sides. For example special bags get to a companies. Other arguments shall u                                                                                      | Electronics                                        | camcorders                                         |            4.02 |            1831.73 |    0.6325276096524959
 AAAAAAAAOAPAAAAA | Agents may ca                                                                                                                                                                                            | Electronics                                        | camcorders                                         |            5.91 |  5176.530000000001 |     1.787544096124666
 AAAAAAAAOCGBAAAA | So good fingers protect sufficiently political, extra cases. Apparent, painful drugs pla                                                                                                                 | Electronics                                        | camcorders                                         |           52.56 |            9409.11 |     3.249126157925783
 AAAAAAAAOFGBAAAA | Difficult, head effects record british, financi                                                                                                                                                          | Electronics                                        | camcorders                                         |            0.67 |           12574.87 |     4.342317078822141
 AAAAAAAAOGNBAAAA | Just normal plants would not sign earlier absolute, strong personnel. Preliminary managers make more final issues. Good strings should work so generous, increased chips. Likely ob                      | Electronics                                        | camcorders                                         |            4.25 |             7284.6 |    2.5154966208308926
 AAAAAAAAOHEDAAAA | Both inadequate levels accommodate other, able standards.                                                                                                                                                | Electronics                                        | camcorders                                         |            2.83 |            1483.72 |    0.5123538212474552
 AAAAAAAAOJLBAAAA | Sophisticated, legal employees feel islamic others. Finally spanish messages must understand of course residents; never different responses might not enjoy partly primary open                          | Electronics                                        | camcorders                                         |            0.32 |            4563.64 |     1.575902726119306
 AAAAAAAAONIAAAAA | Single years include of course from a initiatives. Static children deal logically. Educational, personal o                                                                                               | Electronics                                        | camcorders                                         |            3.07 |             105.07 |   0.03628246299737829
 AAAAAAAAPMHDAAAA | Resources might want powerfully terms. Most surprising police constitute mome                                                                                                                            | Electronics                                        | camcorders                                         |             6.8 |  8962.670000000002 |     3.094962811770368
 AAAAAAAAAAACAAAA | Skills may not                                                                                                                                                                                           | Electronics                                        | cameras                                            |            3.37 |            5378.38 |     1.404252710449659
 AAAAAAAAAABDAAAA | Properly right systems arrange couples. Advanced women will accept in the eyes. Angry fears should s                                                                                                     | Electronics                                        | cameras                                            |            4.94 |             342.93 |   0.08953632543526147
 AAAAAAAAACOAAAAA | International, prime agencies cost efficiently implicitly total lines. Structu                                                                                                                           | Electronics                                        | cameras                                            |            2.17 |            6926.19 |    1.8083737260270423
 AAAAAAAAAEDBAAAA | Widespread, difficult questions may give too. Middle, coming miles could not go un                                                                                                                       | Electronics                                        | cameras                                            |            6.27 |           42821.43 |    11.180338529971912
 AAAAAAAAAEHDAAAA | Partly special earnings would not survive contemporary, previous claims.                                                                                                                                 | Electronics                                        | cameras                                            |            1.69 |            6555.12 |    1.7114902679473687
 AAAAAAAAAFLAAAAA | Recent clothes cooperate as wild children. Difficult children can know experienced, remaining difficulties; main effects sh                                                                              | Electronics                                        | cameras                                            |            1.93 |            5940.86 |    1.5511118138550941
 AAAAAAAABCMBAAAA | Secondary, natural incomes might happen living, financial ideas; protective                                                                                                                              | Electronics                                        | cameras                                            |            9.95 |             852.48 |    0.2225758222000166
 AAAAAAAACCADAAAA | Lives visit only running consequences. Facilities may appear physically barely likely groups. Certai                                                                                                     | Electronics                                        | cameras                                            |            3.65 |           10099.55 |    2.6369130596614316
 AAAAAAAACDGAAAAA | Junior problems might permit only liberal problems. Sudden, difficult funds play modern, social employees. Armed types consider common, coming allowances. Bo                                            | Electronics                                        | cameras                                            |             9.6 |  7192.389999999999 |    1.8778764520377924
 AAAAAAAACIPBAAAA | A                                                                                                                                                                                                        | Electronics                                        | cameras                                            |            5.22 |             771.15 |    0.2013411989601431
 AAAAAAAACOBAAAAA | Together forthcoming costs used to clear more standards. Likely leads must go just. As great steps grow rather considerable services. Adv                                                                | Electronics                                        | cameras                                            |            2.39 |             475.86 |   0.12424330277789496
 AAAAAAAACOFEAAAA | Only national publishers stop odd, decisive patients. Years should handle gently. Boring, suitable techniques sell on a ways; good, inevitable discussions balance in a clothes. Development             | Electronics                                        | cameras                                            |            0.35 |            8030.05 |     2.096582888815272
 AAAAAAAADEADAAAA | Patients used to emerge so theoretical words. Anonymous, other things would break linguistic, automatic reasons; powerful reforms find naturally important walls. Investo                                | Electronics                                        | cameras                                            |            2.74 |            3295.53 |    0.8604369596176106
 AAAAAAAADGFCAAAA | Most teenage colleagues must develop to a months; much comparable men assist also previous films. Similar proceedings could not develop beautiful, major animal                                          | Electronics                                        | cameras                                            |            2.16 | 15815.869999999999 |     4.129399245798818
 AAAAAAAADJAEAAAA | Now minute employers must not work so hours. Pink environments may not develop true, certain goals. Tests shall not accept patients. False, certain emotions call patients; often concerned              | Electronics                                        | cameras                                            |            6.02 |  6053.400000000001 |    1.5804951225900672
 AAAAAAAADJNDAAAA | Owners shall not handle items. Players become. Invariably back persons wou                                                                                                                               | Electronics                                        | cameras                                            |             4.2 |           11075.21 |    2.8916502108997815
 AAAAAAAAEFKDAAAA | Students could not perform now political regions. Extremely general dogs operate in the galleries. Early books help in general large symptoms. In order                                                  | Electronics                                        | cameras                                            |            9.78 |            6294.38 |    1.6434131049870266
 AAAAAAAAELLAAAAA | Familiar parts need social backs. Interested, black holidays cannot understand judicial women. Words used to turn for good in the months; victims should not rely in a years. Long                       | Electronics                                        | cameras                                            |            3.34 |  8457.119999999999 |     2.208087506386313
 AAAAAAAAEPBDAAAA | There empty horses ought to prevent at a factors; nearly p                                                                                                                                               | Electronics                                        | cameras                                            |            6.54 |            5585.14 |    1.4582361200288578
 AAAAAAAAFHCCAAAA | Technical elections end else civil relations. Sometimes major barriers shall                                                                                                                             | Electronics                                        | cameras                                            |            4.18 |  526.4300000000001 |   0.13744673198286733
 AAAAAAAAFHOCAAAA | Final lessons take best members. Short, impossible members go on a chemicals. Simple                                                                                                                     | Electronics                                        | cameras                                            |            6.47 |            6053.98 |    1.5806465560276564
 AAAAAAAAGCJDAAAA | Years shall want relatively splendid, western sites; consequences research members. New children can know. Players shall plan public items. Angles overwhelm both other, important ey                    | Electronics                                        | cameras                                            |            4.55 |  5579.610000000001 |    1.4567922805290852
 AAAAAAAAGEDEAAAA | Small, exact tales might go never no doubt liberal sites. Also main sympto                                                                                                                               | Electronics                                        | cameras                                            |           16.54 |  5033.760000000001 |     1.314275139308319
 AAAAAAAAGJEBAAAA | Now darling lines bring now. Early generous parties influence currently. Good, warm courses mean penalties. Financial features may exercise mainly acceptable y                                          | Electronics                                        | cameras                                            |             2.6 | 14455.880000000001 |    3.7743165547869464
 AAAAAAAAGJLAAAAA | Often different weapons intend lonely friends. Students accept impor                                                                                                                                     | Electronics                                        | cameras                                            |            4.61 |  896.8299999999999 |   0.23415525833291206
 AAAAAAAAGMNBAAAA | Gradually existing miles must go often. Badly different relatives wait highly basic cu                                                                                                                   | Electronics                                        | cameras                                            |            2.14 |            2548.84 |    0.6654820742495898
 AAAAAAAAHFHDAAAA | Deaths say members. Companies accelerate at last as following arrangements. Occasional                                                                                                                   | Electronics                                        | cameras                                            |            0.18 | 14289.589999999998 |    3.7308995438615975
 AAAAAAAAHFICAAAA | Seriously well-known women                                                                                                                                                                               | Electronics                                        | cameras                                            |            1.85 |           21140.08 |     5.519508595361917
 AAAAAAAAHFKDAAAA | Ways used to improve much pretty poor organisations. Personal, burning ties will want. Present areas use fav                                                                                             | Electronics                                        | cameras                                            |            5.27 |             326.82 |   0.08533013116015557
 AAAAAAAAHHHBAAAA | Decisions capture so during the sour                                                                                                                                                                     | Electronics                                        | cameras                                            |            1.02 |            5535.39 |    1.4452467863735805
 AAAAAAAAHNEEAAAA | Things shall not get forward useful arrangements. Sometimes wrong eyes remember old, possible faces; possible issues mak                                                                                 | Electronics                                        | cameras                                            |            1.74 |            3481.92 |    0.9091019224318245
 AAAAAAAAICGEAAAA | Western, concerned months should not build further in a shares. Bad, internal plans could disappear hence given, inevitable places. Never cultural books may cover. Papers go before his                 | Electronics                                        | cameras                                            |            3.69 |           19175.07 |     5.006459941573846
 AAAAAAAAIDECAAAA | Roman foundations might know spe                                                                                                                                                                         | Electronics                                        | cameras                                            |            2.46 |           11329.72 |     2.958100769866709
 AAAAAAAAIJOBAAAA | For example chief judges become automatically interested years. Massive tasks will not p                                                                                                                 | Electronics                                        | cameras                                            |            6.89 |            3993.15 |    1.0425800539813206
 AAAAAAAAIMNCAAAA | Acute types would not live. Environmental, inner ideas beli                                                                                                                                              | Electronics                                        | cameras                                            |            2.01 |            5024.01 |     1.311729491004018
 AAAAAAAAIMOAAAAA | Rural countries respond policies. Sources lea                                                                                                                                                            | Electronics                                        | cameras                                            |            0.48 |            4557.75 |    1.1899926727103576
 AAAAAAAAIPCEAAAA | Old customs take alive, colonial years. Actu                                                                                                                                                             | Electronics                                        | cameras                                            |            3.27 |  9009.029999999999 |    2.3521868659377523
 AAAAAAAAJCCDAAAA | Areas ought to paint national members. Wrong, prime eyes concentrate still previous girls. Then                                                                                                          | Electronics                                        | cameras                                            |            4.01 |              58.88 |  0.015373104836637782
 AAAAAAAAJKKCAAAA | Small reports transfer as months. New years secure physical, physical sources. Ju                                                                                                                        | Electronics                                        | cameras                                            |            3.42 |                    |                      
 AAAAAAAAKCBEAAAA | Now high days protect here eastern ways. Expectations offer fields. Economic, objective obligations see simil                                                                                            | Electronics                                        | cameras                                            |            7.87 |            2945.12 |    0.7689476650217165
 AAAAAAAAKEACAAAA | Medieval, environmental attacks pass a                                                                                                                                                                   | Electronics                                        | cameras                                            |            4.87 |            1799.06 |     0.469720414188206
 AAAAAAAAKIJCAAAA | Black, mass feet could take quite powerful programmes. Please public issues will not draw negotiations. Meanwhile social methods will make most necessary, civil causes; keen weapons contain probabl    | Electronics                                        | cameras                                            |            5.94 |             249.69 |   0.06519209488213465
 AAAAAAAAKKACAAAA | Big, american members used to speak hard, german children. Legal events may read. Always                                                                                                                 | Electronics                                        | cameras                                            |            6.32 |  6451.120000000001 |    1.6843366860348292
 AAAAAAAAKMHDAAAA | Whole, back walls will add partly services. Bags might play about about a marks; writers tell important, long affairs                                                                                    | Electronics                                        | cameras                                            |           42.77 |            8585.13 |    2.2415099104307763
 AAAAAAAALBFCAAAA | Constant, personal muscles may let togeth                                                                                                                                                                | Electronics                                        | cameras                                            |            2.19 | 5505.3099999999995 |    1.4373931349896458
 AAAAAAAAMGMBAAAA | Stands produce then live, economic subje                                                                                                                                                                 | Electronics                                        | cameras                                            |            4.79 |           11061.12 |       2.8879714227349
 AAAAAAAAMKGDAAAA | Old, little signs follow. African, lat                                                                                                                                                                   | Electronics                                        | cameras                                            |            0.96 |             825.04 |   0.21541145404924655
 AAAAAAAANADDAAAA | Somewhere small services might for                                                                                                                                                                       | Electronics                                        | cameras                                            |            0.45 |             217.98 |  0.056912863320147826
 AAAAAAAANLHDAAAA | United readers notice under sharp customers; heavy systems may not believe more in a schol                                                                                                               | Electronics                                        | cameras                                            |            5.31 |            9166.56 |     2.393316709771237
 AAAAAAAAOEKBAAAA | Indeed novel things cause evident hospital                                                                                                                                                               | Electronics                                        | cameras                                            |            1.69 |  9297.759999999998 |    2.4275719977224406
 AAAAAAAAOGHCAAAA | New figures avoid demands; rates go solicitors. Inc feat                                                                                                                                                 | Electronics                                        | cameras                                            |           55.31 |            5522.52 |    1.4418865306119037
 AAAAAAAAOJOBAAAA | Good, formal operation                                                                                                                                                                                   | Electronics                                        | cameras                                            |            5.09 | 1369.1100000000001 |    0.3574638512718946
 AAAAAAAAOPGDAAAA | Economic, unfair men woul                                                                                                                                                                                | Electronics                                        | cameras                                            |            2.02 |            6588.63 |    1.7202394653501494
 AAAAAAAAPCFDAAAA | Shares can choose then open, available others. Legal me                                                                                                                                                  | Electronics                                        | cameras                                            |            9.35 | 12149.240000000002 |    3.1720709953375215
 AAAAAAAAPCIAAAAA | Services go well                                                                                                                                                                                         | Electronics                                        | cameras                                            |            3.52 |            3587.01 |    0.9365400947701782
 AAAAAAAAPOFDAAAA | Members carry. Inhabitants clear; figures feel before a hills. Anyway true men convert always original collections. Sharp feet cannot                                                                    | Electronics                                        | cameras                                            |            5.97 | 12706.380000000001 |    3.3175358667486003
 AAAAAAAAAHKAAAAA | Attitudes turn original, convenien                                                                                                                                                                       | Electronics                                        | disk drives                                        |            2.02 |            1014.14 |    0.2732717369378379
 AAAAAAAAALACAAAA | Officers will suggest members. Equal, soviet earnings used to move then free supplies. Often formal thousands resist accordingly later modern parent                                                     | Electronics                                        | disk drives                                        |            1.94 | 10327.380000000001 |    2.7828318285612332
 AAAAAAAAANGAAAAA | Thoughts cannot view possibly appointed industries. Personal minerals should want suddenly open, n                                                                                                       | Electronics                                        | disk drives                                        |           68.74 |           19119.75 |     5.152037482317261
 AAAAAAAAAOIDAAAA | New, junior demands could justify defensively necessary ministers. Dramatic years might think at first ol                                                                                                | Electronics                                        | disk drives                                        |            1.65 | 5220.5599999999995 |    1.4067401926639311
 AAAAAAAABJLBAAAA | Parliament                                                                                                                                                                                               | Electronics                                        | disk drives                                        |            0.33 | 12352.439999999999 |    3.3285076362439368
 AAAAAAAACFJDAAAA | Slim sides contribute. Other, blue rates ought to make still interests; as well strong paintings shall not warrant years. Possible, scientific railw                                                     | Electronics                                        | disk drives                                        |            8.24 |             4559.4 |     1.228582993861181
 AAAAAAAACPPAAAAA | Traditional, concerned goods recognise smoothly determined states. Hard continuing lines should hold to a traders. Determined departments would                                                          | Electronics                                        | disk drives                                        |            5.51 | 1372.8200000000002 |   0.36992220591141534
 AAAAAAAADBKCAAAA | Early, good regulations should consider. Away new schemes used to highlight please for ever local signs. Current, academic countries shall clear sharp pretty real cattle. Eyes ar                       | Electronics                                        | disk drives                                        |           59.13 |            2063.52 |    0.5560392989192492
 AAAAAAAADIGCAAAA | Clear instructions assess under way with an duties. Straightforward, very workers                                                                                                                        | Electronics                                        | disk drives                                        |             4.7 | 2355.8199999999997 |    0.6348029101631898
 AAAAAAAADKADAAAA | At present current standards may not decide wide leaders. Coastal, wonderful ways shall laugh today scottish members                                                                                     | Electronics                                        | disk drives                                        |            3.13 |           13699.17 |     3.691399590299881
 AAAAAAAAECODAAAA | Liberal, socialist police will leave thus. Careful s                                                                                                                                                     | Electronics                                        | disk drives                                        |            7.03 |  8001.200000000001 |    2.1560157587581883
 AAAAAAAAEHJAAAAA | Other, large ways cannot justify elements; most social things see straight over mass levels. As lively co                                                                                                | Electronics                                        | disk drives                                        |            0.97 |            1281.18 |   0.34522874941331494
 AAAAAAAAEIEEAAAA | Surprisingly male grounds work social, asleep dates. Special months refute new duties. Developers                                                                                                        | Electronics                                        | disk drives                                        |            4.67 |           11435.76 |     3.081497622028763
 AAAAAAAAEINAAAAA | Societies get totally boys. Primary, excessive spaces seem for example. Contracts should marry. Others must join modern quanti                                                                           | Electronics                                        | disk drives                                        |            3.61 |  9895.630000000001 |    2.6664918040844237
 AAAAAAAAEJEAAAAA | Problems illustrate undoubtedly with a arms. Quarters must c                                                                                                                                             | Electronics                                        | disk drives                                        |            2.37 |             8482.9 |     2.285815387688076
 AAAAAAAAELEBAAAA | Criminal lines may take likely, single associations. Americans must not remedy on every states. Causes would know particular, dry members. Secret colleges must not suspect low duties. Even unexpec     | Electronics                                        | disk drives                                        |            0.51 |            8978.63 |    2.4193955621730523
 AAAAAAAAEPEAAAAA | Casual coins find also average, german committees. Legal countries might occur only expensive, legal friends. Only common facilities might not let then further likely needs                             | Electronics                                        | disk drives                                        |            6.83 |             183.09 |   0.04933571530158434
 AAAAAAAAFBPBAAAA | Obvious observations may not make rapidly sales. Women improve brave examples; equally industrial values get of course intimate, adjacent studies. Others coincide th                                    | Electronics                                        | disk drives                                        |            1.92 |  5185.049999999999 |    1.3971716130016925
 AAAAAAAAFJDCAAAA | Hands take. Scien                                                                                                                                                                                        | Electronics                                        | disk drives                                        |            9.32 |            9359.04 |    2.5219014306414334
 AAAAAAAAFOGDAAAA | Developing issues remember later opportunities. Fu                                                                                                                                                       | Electronics                                        | disk drives                                        |            3.37 |            2359.65 |    0.6358349479020345
 AAAAAAAAGBHAAAAA | Relevant                                                                                                                                                                                                 | Electronics                                        | disk drives                                        |            9.63 |             791.43 |   0.21325995500099895
 AAAAAAAAGDKDAAAA | Nuclear, little individuals profit still important, nice wines; then colourful events must not invest here similar, popular things. Great teachers may not understand now                                | Electronics                                        | disk drives                                        |            8.77 |            9427.82 |    2.5404349960925385
 AAAAAAAAGFACAAAA | Prices allow then level months; silent ma                                                                                                                                                                | Electronics                                        | disk drives                                        |           74.77 |             843.48 |     0.227285428710363
 AAAAAAAAGIFAAAAA | Firms eat considerable police. Terms will not read for a books. Attacks see slowly desirable interests. Tests leave individual depths                                                                    | Electronics                                        | disk drives                                        |            2.31 |           14839.82 |     3.998760908005666
 AAAAAAAAGKHAAAAA | European babies go there supporters. Very                                                                                                                                                                | Electronics                                        | disk drives                                        |            6.56 |            7199.66 |    1.9400315474804999
 AAAAAAAAGMFAAAAA | Little members look. Here old hours look also in a strengths. Small notes shall wo                                                                                                                       | Electronics                                        | disk drives                                        |             1.8 |            2898.72 |    0.7810935859905432
 AAAAAAAAHBFAAAAA | Words ought to eat. Intermediate, possible materials see straight. Roman, powerful days could operate. Old, internatio                                                                                   | Electronics                                        | disk drives                                        |            8.16 |            1162.66 |    0.3132921664347592
 AAAAAAAAHENBAAAA | Studies operate slow p                                                                                                                                                                                   | Electronics                                        | disk drives                                        |            6.55 |            8405.98 |     2.265088405214987
 AAAAAAAAHGJDAAAA | Red flowers will open as well appropriate difficulties. Highly personal gir                                                                                                                              | Electronics                                        | disk drives                                        |             6.4 |            9756.21 |    2.6289234746980727
 AAAAAAAAHLBAAAAA | Rights persuade extremely in a children. Books would not know more.                                                                                                                                      | Electronics                                        | disk drives                                        |           99.76 |           16695.48 |     4.498789929014667
 AAAAAAAAIHBDAAAA | Countries shall encourage french, considerable foundations. Owners may not learn more suddenly enormous dogs;                                                                                            | Electronics                                        | disk drives                                        |               4 | 11253.759999999998 |     3.032455619817345
 AAAAAAAAIJIDAAAA | Vast, particular states would not trade columns. English birds cannot like interestingly precise, national children; therefore chief wings must uncover all paintings. Chemical, social de               | Electronics                                        | disk drives                                        |               6 |             605.28 |   0.16309968735454133
 AAAAAAAAIKNAAAAA | Particularly good princi                                                                                                                                                                                 | Electronics                                        | disk drives                                        |           83.13 |            2202.21 |    0.5934109213736526
 AAAAAAAAILPDAAAA | Children might mean now in a                                                                                                                                                                             | Electronics                                        | disk drives                                        |            3.24 |  811.9200000000001 |   0.21878122217304255
 AAAAAAAAIMACAAAA | Stages manage. National, redundant conclus                                                                                                                                                               | Electronics                                        | disk drives                                        |            1.98 |  8076.669999999999 |     2.176352021982889
 AAAAAAAAIOHCAAAA | Early, narrow rounds serve in the days; necessary farms start republ                                                                                                                                     | Electronics                                        | disk drives                                        |           53.26 |  4329.280000000001 |     1.166574501834306
 AAAAAAAAIONDAAAA | Unable, following reasons try glad visitors; lexical, likely classes pay even occasionally healthy issues. Direct interactions might impose predominantly strongly great plans; much broad winners       | Electronics                                        | disk drives                                        |             4.3 |            9730.34 |     2.621952504383736
 AAAAAAAAJPLCAAAA | Patterns might affect outside cultural lips. Fine skills sit enough only, red decisions. Away german decisions hold since a pounds. Areas change therefore english methods. However po                   | Electronics                                        | disk drives                                        |            1.88 |  7355.320000000001 |    1.9819759324487924
 AAAAAAAAKBCEAAAA | Parties behave common                                                                                                                                                                                    | Electronics                                        | disk drives                                        |           31.98 |           10374.32 |    2.7954803537469686
 AAAAAAAAKLEAAAAA | Official, private records permit. Early, reliable types might charge responsible wheels. Horizontally general ears come in a weeks. Mos                                                                  | Electronics                                        | disk drives                                        |            2.25 |            2862.36 |    0.7712959640102843
 AAAAAAAAKNGAAAAA | As common results would comfort                                                                                                                                                                          | Electronics                                        | disk drives                                        |            5.65 |            2203.65 |    0.5937989460065342
 AAAAAAAAKOICAAAA | Innocent concerns plan so fees. Years                                                                                                                                                                    | Electronics                                        | disk drives                                        |            8.72 |  664.5600000000001 |   0.17907336807483146
 AAAAAAAAKOPBAAAA | Years create also you                                                                                                                                                                                    | Electronics                                        | disk drives                                        |            8.07 |            5347.03 |    1.4408189949698538
 AAAAAAAALEGBAAAA | Vast guns love for the bags. Millions cause top years. Provisions hire then in a types; remote, thinking levels may like s                                                                               | Electronics                                        | disk drives                                        |            1.55 |            6973.16 |    1.8789985062668408
 AAAAAAAALJPCAAAA | Female studies entitle probably                                                                                                                                                                          | Electronics                                        | disk drives                                        |             8.8 |             6326.5 |    1.7047484999479674
 AAAAAAAALKNAAAAA | Benefits will not rule occupational, other numbers. Members would link at all at a fields; straightforward, minimum lines may show private                                                               | Electronics                                        | disk drives                                        |            4.53 |               6441 |    1.7356018474930621
 AAAAAAAAMDBEAAAA | Attractive, other roots must not intend; only children involve there. White, blue settings take ill old lengths. Courses would come more legal needs.                                                    | Electronics                                        | disk drives                                        |            7.33 |            1919.54 |    0.5172422248621072
 AAAAAAAAMLLAAAAA | Dramatically old cars could deal now sexual, chronic cases; national, giant clothes beat o                                                                                                               | Electronics                                        | disk drives                                        |            1.75 |             4656.6 |    1.2547746565806854
 AAAAAAAAMPPBAAAA | Equal, present agencies will not make ever encouraging arms. Workers draw now errors.                                                                                                                    | Electronics                                        | disk drives                                        |            7.01 | 1131.3799999999999 |    0.3048634091316101
 AAAAAAAANGDDAAAA | Certainly sole years shou                                                                                                                                                                                | Electronics                                        | disk drives                                        |           49.38 |            3967.12 |    1.0689863066645982
 AAAAAAAANINAAAAA | Female movies read students. Whole scientists would avoid falls. Somewhat teenage errors stay really poor systems. Here following reductions cannot pay so later secr                                    | Electronics                                        | disk drives                                        |            0.68 | 13167.539999999999 |     3.548145746147927
 AAAAAAAANJJAAAAA | Perhaps late issues impart always to th                                                                                                                                                                  | Electronics                                        | disk drives                                        |             1.2 |             773.68 |   0.20847701247763273
 AAAAAAAANNODAAAA | Then comfortable women will not follow also public, national men. Makers may like years. Centres get either machines; extra advantages protect aspects. Of course                                        | Electronics                                        | disk drives                                        |            1.59 |             250.29 |   0.06744353150272295
 AAAAAAAAOEJBAAAA | Square, sick flowers shall assemble much letter                                                                                                                                                          | Electronics                                        | disk drives                                        |           94.66 |            1161.43 |    0.3129607287275062
 AAAAAAAAOEPCAAAA | Only french members give then coloured relations. Then unusual methods continue little international schools. Well availa                                                                                | Electronics                                        | disk drives                                        |            4.67 |             4678.2 |    1.2605950260739083
 AAAAAAAAOFAEAAAA | Certainly raw feelings handle. Musical children work                                                                                                                                                     | Electronics                                        | disk drives                                        |            6.49 |            3657.44 |    0.9855394536710178
 AAAAAAAAOJBEAAAA | Responsible, essential patients change curious companies. Easy participants move as men. Earlier en                                                                                                      | Electronics                                        | disk drives                                        |            3.15 |             140.58 |    0.0378809047850605
 AAAAAAAAONOCAAAA | Grim, reasonable authorities should need so please politic                                                                                                                                               | Electronics                                        | disk drives                                        |             9.6 |           18990.62 |      5.11724191228671
 AAAAAAAAPEDAAAAA | Late concerned minutes elect to a sources. At present significant goods could teach boxes. Never enormous parties go by a things. Close investors carry over other areas. Parents could not invest h     | Electronics                                        | disk drives                                        |            7.64 |            4955.94 |    1.3354352771409355
 AAAAAAAAPFIDAAAA | Late managers cannot work originally alternative flats. New, western conditions publish especially more old wings. Emotional occasions come perhaps accessible, personal children. Freque                | Electronics                                        | disk drives                                        |            4.05 |            2252.54 |    0.6069729212159637
 AAAAAAAAPGKDAAAA | Losses know as to a rates. New, british cases escape now in a problems. Merely ye                                                                                                                        | Electronics                                        | disk drives                                        |            0.41 |  5548.760000000001 |    1.4951774735748495
 AAAAAAAAPIACAAAA | Now able children control contracts. Police should anticipate actually; well liberal rights would attack sol                                                                                             | Electronics                                        | disk drives                                        |            4.95 |            4217.08 |     1.136340915855619
 AAAAAAAAPIPCAAAA | American, genuine roles ask heavy, free walls; attractive, limited methods should not make fast ea                                                                                                       | Electronics                                        | disk drives                                        |            2.83 |  4815.969999999999 |    1.2977187439017484
 AAAAAAAAAAICAAAA | Statistical, beautiful years realise never average, possible artists. Secondary soldiers tell still. Then british buildings exercise yet old points. Only, international controls strike                 | Electronics                                        | dvd/vcr players                                    |            0.77 |            1437.49 |    0.5532461883381666
 AAAAAAAAALDAAAAA | Capable, original terms would not name low, deaf liabilities. Practical,                                                                                                                                 | Electronics                                        | dvd/vcr players                                    |           77.58 |             4724.8 |     1.818431843463377
 AAAAAAAAANBAAAAA | Final, necessary effects set boys. Somewhat great times buy very romantic tasks. Nuclear, back reasons like unable, french members. Effective neighbours go les                                          | Electronics                                        | dvd/vcr players                                    |           83.34 |            7529.78 |    2.8979833487710946
 AAAAAAAABJDDAAAA | Bright, public women participate. Openly lengthy links might stay international circumstances. Republic                                                                                                  | Electronics                                        | dvd/vcr players                                    |            6.13 |           14329.42 |     5.514958014383886
 AAAAAAAACEDBAAAA | Interested floors think below new, direct changes. Direct poor members should not cover as it were public jobs. Again due findings must collapse i                                                       | Electronics                                        | dvd/vcr players                                    |            6.13 |               1305 |    0.5022548162291964
 AAAAAAAACJDDAAAA | Complete things ought to acquire heads; together recent procedures land by a years. Practices give more                                                                                                  | Electronics                                        | dvd/vcr players                                    |            6.98 | 3849.8199999999997 |     1.481678648747498
 AAAAAAAACKMBAAAA | Practical, political women shall not visit rules. Various members cannot improve quite better necessary earni                                                                                            | Electronics                                        | dvd/vcr players                                    |            3.12 |            9583.34 |      3.68833614602445
 AAAAAAAACMGCAAAA | Small, considerable children manage thus new plants. Much new performances will protect just oddly very awards; new, indian women must no                                                                | Electronics                                        | dvd/vcr players                                    |            4.95 | 12692.420000000002 |     4.884926493949255
 AAAAAAAACOKCAAAA | Conditions could not find with an rocks. S                                                                                                                                                               | Electronics                                        | dvd/vcr players                                    |           18.09 |            8172.56 |     3.145369824461365
 AAAAAAAADPCCAAAA | High, direct                                                                                                                                                                                             | Electronics                                        | dvd/vcr players                                    |            4.22 |            1681.56 |    0.6471813094087107
 AAAAAAAADPNDAAAA | There british notes get religious, professional mistakes. Versions understand there; children settle behind. Separate months ought to remove extraordinarily national ph                                 | Electronics                                        | dvd/vcr players                                    |            5.97 |            1863.92 |    0.7173661280198649
 AAAAAAAAECGCAAAA | Main needs look usually against a plans. As white risks give local, broad paymen                                                                                                                         | Electronics                                        | dvd/vcr players                                    |            3.14 |           11750.09 |     4.522252332280857
 AAAAAAAAEDMBAAAA | P                                                                                                                                                                                                        | Electronics                                        | dvd/vcr players                                    |            0.83 |  5600.870000000001 |     2.155604546033425
 AAAAAAAAEGNAAAAA | Judicial, practical exports survive male, added goods. Easily prime feet shall                                                                                                                           | Electronics                                        | dvd/vcr players                                    |           96.29 |            1937.96 |     0.745861872536041
 AAAAAAAAEIAEAAAA | Relative components shall make large costs. Foreign, arbitrary ideas shoul                                                                                                                               | Electronics                                        | dvd/vcr players                                    |            8.26 |             1264.2 |    0.4865521369172031
 AAAAAAAAENBBAAAA | Free members remain potentially better british drugs. Upper, blind eyes reveal horribly. Properly chief terms cannot make most all male injuries. Allowances might want pretty                           | Electronics                                        | dvd/vcr players                                    |            4.84 |  948.3800000000001 |    0.3650026226938278
 AAAAAAAAEOFDAAAA | Influences accumulate both economic records; easy, funny yea                                                                                                                                             | Electronics                                        | dvd/vcr players                                    |               4 |            7243.72 |     2.787887553575291
 AAAAAAAAFBGBAAAA | Right children obscure eggs. Ideal fields can give in gene                                                                                                                                               | Electronics                                        | dvd/vcr players                                    |            6.99 |            2167.08 |    0.8340431932214306
 AAAAAAAAFHLCAAAA | Eyes prove; affair                                                                                                                                                                                       | Electronics                                        | dvd/vcr players                                    |            2.17 |                  0 |                     0
 AAAAAAAAFJGCAAAA | Married conditions give often; regardless possible words shall lead long in a approaches; usually english polls m                                                                                        | Electronics                                        | dvd/vcr players                                    |            3.18 |           10435.98 |      4.01649135407783
 AAAAAAAAFPPCAAAA | Needs must not relate only unpleasant proposals. New workers come conservatives;                                                                                                                         | Electronics                                        | dvd/vcr players                                    |            9.39 |           11795.44 |    4.5397061682318105
 AAAAAAAAGDFAAAAA | Goals remove virtually in a auditors. Wives explain asian, social decisions. Usually clear feet act clearly as a holidays. Mothers                                                                       | Electronics                                        | dvd/vcr players                                    |             4.4 |             591.78 |    0.2277581265502788
 AAAAAAAAGDFDAAAA | High, politi                                                                                                                                                                                             | Electronics                                        | dvd/vcr players                                    |            8.86 |               1868 |    0.7189363959510643
 AAAAAAAAGDLAAAAA | Young months consider other agreements. Days shall not know; specific, civil machines                                                                                                                    | Electronics                                        | dvd/vcr players                                    |            8.77 |            2953.66 |    1.1367739160946577
 AAAAAAAAGFLDAAAA | Increasingly new positions would not get seconds. Right, difficult parties pay seldom simple patients. Difficult, alternative cups shoulder rapidly daily, large businessmen. Further different          | Electronics                                        | dvd/vcr players                                    |            3.59 |            5850.54 |     2.251694936813458
 AAAAAAAAGMDBAAAA | Incre                                                                                                                                                                                                    | Electronics                                        | dvd/vcr players                                    |            4.86 |            1231.52 |    0.4739745986839693
 AAAAAAAAGMDCAAAA | Industrial items get warmly never old eyes. Responsibilities shall distinguish only changing p                                                                                                           | Electronics                                        | dvd/vcr players                                    |            3.18 |            2415.28 |     0.929567825702723
 AAAAAAAAIBCDAAAA | Other, dry exhibitions marry really different guests. Cold, heavy loans contribute. Early, little women introduce scarcely industrial, different spea                                                    | Electronics                                        | dvd/vcr players                                    |            9.16 | 6908.3099999999995 |    2.6587984440646126
 AAAAAAAAIFDDAAAA | Difficult areas get even. Other, ca                                                                                                                                                                      | Electronics                                        | dvd/vcr players                                    |           14.02 |            1225.48 |    0.4716499863544487
 AAAAAAAAIHBEAAAA | Limited, middle spirits must not support commonly true, medical minds. Young years should not exist. Conditions provide after a notes. Bold devices say. Cultural, other words inte                      | Electronics                                        | dvd/vcr players                                    |            6.82 |  9802.439999999999 |     3.772661073408217
 AAAAAAAAIPGCAAAA | Minu                                                                                                                                                                                                     | Electronics                                        | dvd/vcr players                                    |            1.05 |            2423.28 |    0.9326467824305649
 AAAAAAAAIPHCAAAA | German tensions make systems. Improvements may not take on a thoughts. Emotional, main knees make teachers. At once certain seats would                                                                  | Electronics                                        | dvd/vcr players                                    |            3.48 |             650.42 |    0.2503268793653593
 AAAAAAAAJJMBAAAA | Ever adult tenants work later modern books. At least other women will get just to a members. More young years come at least sides. Poor, short cases raise small systems. Real thousands would see v     | Electronics                                        | dvd/vcr players                                    |            5.02 |            2167.08 |    0.8340431932214306
 AAAAAAAAJJNAAAAA | Positions m                                                                                                                                                                                              | Electronics                                        | dvd/vcr players                                    |            7.55 | 5496.2699999999995 |     2.115347186816893
 AAAAAAAAJKAAAAAA | National feet would escape perhaps to a authorities. Small trousers wi                                                                                                                                   | Electronics                                        | dvd/vcr players                                    |            4.42 |              950.9 |   0.36597249406309795
 AAAAAAAAJKCEAAAA | Available details lead with the rights. As old visitors might prevent more no doubt intelligent officials. Domestic, local men reduce with a husbands. Groun                                             | Electronics                                        | dvd/vcr players                                    |               8 |               1819 |    0.7000777859930332
 AAAAAAAAJNDDAAAA | Sentences go from the champions; as black rights go in a toys. Formal systems remember slowly by the                                                                                                     | Electronics                                        | dvd/vcr players                                    |            5.54 |             6235.4 |     2.399815847598108
 AAAAAAAAKANAAAAA | Yellow words shall play. Bodies see by a needs                                                                                                                                                           | Electronics                                        | dvd/vcr players                                    |            4.08 |             116.18 |   0.04471414908008279
 AAAAAAAAKANCAAAA | Provisions may provide only. In addition private weeks used to collect again other                                                                                                                       | Electronics                                        | dvd/vcr players                                    |            9.07 |           19620.79 |      7.55144542200893
 AAAAAAAAKCCDAAAA | General, marine words repay earlier industrial parts. New, unlikely others form very happily imperial results. Estimated, precious leads give however in the museums; green, effective parent            | Electronics                                        | dvd/vcr players                                    |             7.4 |                    |                      
 AAAAAAAAKIFDAAAA | Good seconds ought to bargain. Good women must bring on a lines. Changing trees should no                                                                                                                | Electronics                                        | dvd/vcr players                                    |            6.35 |              771.8 |   0.29704235031853926
 AAAAAAAALINCAAAA | Short objectives should promise slightly by the women.                                                                                                                                                   | Electronics                                        | dvd/vcr players                                    |            8.31 |              124.8 |   0.04803172495433235
 AAAAAAAAMCLBAAAA | English, right schools may check higher overall proper houses. Dom                                                                                                                                       | Electronics                                        | dvd/vcr players                                    |            1.68 |            1821.12 |    0.7008937095259112
 AAAAAAAAMDMBAAAA | Apart single camps assess almost only corporat                                                                                                                                                           | Electronics                                        | dvd/vcr players                                    |           76.89 | 3895.1800000000003 |     1.499136333394361
 AAAAAAAAMHJBAAAA | Then sp                                                                                                                                                                                                  | Electronics                                        | dvd/vcr players                                    |            8.03 |            8607.54 |    3.3127803991459444
 AAAAAAAAMKOBAAAA | Creatures will see short ideas. Schemes will not provide so. Indian, great profits will sell troops. Agencies should not come policemen; passages might consider completely at a scho                    | Electronics                                        | dvd/vcr players                                    |            7.42 |  9256.130000000001 |      3.56240296715981
 AAAAAAAAMNFEAAAA | Likely institutions can drag yet social, public friends. Advantages ma                                                                                                                                   | Electronics                                        | dvd/vcr players                                    |            7.48 |            5091.48 |    1.9595558250840066
 AAAAAAAANBODAAAA | P                                                                                                                                                                                                        | Electronics                                        | dvd/vcr players                                    |            4.85 |             1232.1 |    0.4741978230467378
 AAAAAAAANHEBAAAA | Comfortable drugs drink tests. Special markets agree. Tracks want most upper, recent samples. Individual, alone demands could not use presently top, extraordinary personnel.                            | Electronics                                        | dvd/vcr players                                    |            4.85 |  6348.030000000001 |    2.4431637096302117
 AAAAAAAAOEKDAAAA | High other minutes move directly most new drawings. Similarly sorry proteins tell. Workers would not occupy well with a bombs; tables may recommend also just sure needs. Senio                          | Electronics                                        | dvd/vcr players                                    |            5.36 |           11654.84 |      4.48559350373999
 AAAAAAAAOOKDAAAA | Traditional, happy windows ought to determine presumably specified ambitions. Decades fulfil of course nice, ideal terms. Then following arms might ensure                                               | Electronics                                        | dvd/vcr players                                    |            6.07 | 2150.9900000000002 |    0.8278506415025588
 AAAAAAAAPBHCAAAA | Cases could become on a cases. Fans would not tell quietly rather than a writers. Previously international hands burn now yet profes                                                                     | Electronics                                        | dvd/vcr players                                    |            7.47 |             4445.3 |    1.7108607927844035
 AAAAAAAAPEJAAAAA | Main notes stop in order pupils. Arrangements destroy suddenly curious women.                                                                                                                            | Electronics                                        | dvd/vcr players                                    |            6.97 | 3378.2200000000003 |     1.300174149641223
 AAAAAAAAPHKCAAAA | Consequences used to find neither more suitable streets. Ol                                                                                                                                              | Electronics                                        | dvd/vcr players                                    |            4.09 |              61.74 |  0.023761848547119224
 AAAAAAAAPMDEAAAA | Technical, accurate years could sign more at the groups. Internal structures ought to get accurately suggestions. Victorian contracts protect as linguistic demands. Essential, satisfactory relations   | Electronics                                        | dvd/vcr players                                    |           72.46 |            8348.84 |     3.213214635959359
 AAAAAAAAAECBAAAA | Best early citizens read yesterday religious results; circumstances enter so nearer the hopes. Physical, difficult parents might not make well very references. As combined fears c                      | Electronics                                        | karoke                                             |            3.36 |             1050.9 |   0.42031816993572807
 AAAAAAAAAHEAAAAA | Slight needs seem rarely histor                                                                                                                                                                          | Electronics                                        | karoke                                             |            3.65 |            4443.21 |    1.7771071422971985
 AAAAAAAAAMBEAAAA | Persistent, symbolic cars can help however more small computers. Convenient elements apply long really mental heads. Suddenly other employers stand ever. Strong, big l                                  | Electronics                                        | karoke                                             |            3.83 |           11953.62 |      4.78097219764689
 AAAAAAAACEJBAAAA | Only, major words assess                                                                                                                                                                                 | Electronics                                        | karoke                                             |            7.58 |             1247.4 |   0.49891034844212306
 AAAAAAAACFICAAAA | Men could ascertain crowds. Massive, critical symptoms need arguably red pages. British, lovely beings reassure. Books set just northern pa                                                              | Electronics                                        | karoke                                             |            0.13 | 4024.1500000000005 |    1.6094998225776573
 AAAAAAAACFNAAAAA | Good, available areas should hold later owners. Unable projects shoul                                                                                                                                    | Electronics                                        | karoke                                             |            2.96 |             3146.4 |    1.2584347605726278
 AAAAAAAACIOBAAAA | Cuts used to prevail there meetings. Centuries stop rates; therefore green laws ought to win ha                                                                                                          | Electronics                                        | karoke                                             |            9.65 |           16806.44 |     6.721907035811795
 AAAAAAAACKPBAAAA | Comparable, important forms can mind things; spectacular groups inflict; stations find quietly at the arms. Complete, main ye                                                                            | Electronics                                        | karoke                                             |            1.29 |           13040.08 |     5.215512952151002
 AAAAAAAADLLDAAAA | Young ways show minutes; only universal courts could stay little methods; bad, ad                                                                                                                        | Electronics                                        | karoke                                             |             3.9 |             175.48 |   0.07018501518728856
 AAAAAAAAEAGEAAAA | Great teeth may think however eggs. Wheels would buy major, influential ends; accounts consider very for a things. Smooth,                                                                               | Electronics                                        | karoke                                             |           46.85 |  6288.280000000001 |     2.515061701059511
 AAAAAAAAEFGCAAAA | New institution                                                                                                                                                                                          | Electronics                                        | karoke                                             |            0.41 |            2700.27 |     1.080000518348414
 AAAAAAAAEGNCAAAA | Others may not understand further in a emotions. Local lives introduce empty, natio                                                                                                                      | Electronics                                        | karoke                                             |           61.84 |            7373.97 |     2.949294486212732
 AAAAAAAAEHOAAAAA | Indian, whole f                                                                                                                                                                                          | Electronics                                        | karoke                                             |            1.46 |            1905.42 |    0.7620921565885763
 AAAAAAAAGDDEAAAA | Electio                                                                                                                                                                                                  | Electronics                                        | karoke                                             |           26.44 |            5435.37 |    2.1739316503221597
 AAAAAAAAGHDBAAAA | Rough representatives could not cry green, original languages. Impossible, scottish words ought to transport as modern elements. Falls see to the lines. Extended, economic supplie                      | Electronics                                        | karoke                                             |            1.69 |                380 |    0.1519848744652932
 AAAAAAAAHFEDAAAA | Firms                                                                                                                                                                                                    | Electronics                                        | karoke                                             |             1.9 | 11122.789999999999 |     4.448673268036365
 AAAAAAAAICPBAAAA | Excellent, new devices may think present photographs. Profound hours threaten. English tears explain unhappy, sure pp.. So local pounds can tell social, guilty sums. Earnings inquire already as a      | Electronics                                        | karoke                                             |            0.69 | 10536.210000000001 |     4.214064616289387
 AAAAAAAAIFOBAAAA | Forward properties used to take local sentences; private years ignore. Advisory traveller                                                                                                                | Electronics                                        | karoke                                             |           44.03 |            3300.96 |     1.320252608460406
 AAAAAAAAIJAAAAAA | Positive, other publications refer. Words would explain able details; bot                                                                                                                                | Electronics                                        | karoke                                             |             2.1 |            5087.08 |    2.0346295136707995
 AAAAAAAAIJMDAAAA | Other, magic developments produce; at all inherent nations may consider; public, new managers used to like. Governors feel very at no sales. Realistic, good forms want implicit, mil                    | Electronics                                        | karoke                                             |             1.5 |            6037.94 |     2.414935665602559
 AAAAAAAAILLBAAAA | Per annum important relationships participate possible, huge thi                                                                                                                                         | Electronics                                        | karoke                                             |            7.69 |            2675.49 |     1.070089504692493
 AAAAAAAAIMIDAAAA | Easy, contemporary clothes happen in a children; perfect dogs urge automatic years. Signs move properly regional countries. Various women edit common, great children. Firm, new rooms w                 | Electronics                                        | karoke                                             |             2.1 |            3404.01 |    1.3614685066542178
 AAAAAAAAJAICAAAA | New assumptions protect; later old states used                                                                                                                                                           | Electronics                                        | karoke                                             |            3.94 |            7499.38 |    2.9994534943882383
 AAAAAAAAJGGBAAAA | Traditional results might go across a women; fixed, general students stop so spaces. Gifts hear now new difficulties. In addition simple partners may launch symptoms. Fierc                             | Electronics                                        | karoke                                             |            8.88 |             5362.7 |    2.1448665428816525
 AAAAAAAAKDMDAAAA | Modest incomes might not know away british things. Authorities deal with a difficulties. Years must share natural t                                                                                      | Electronics                                        | karoke                                             |            0.68 |  8374.019999999999 |     3.349274680183828
 AAAAAAAAKGJDAAAA | Careful, military unions take. Influential, recent lines knock public, enormous miles. Never industrial objects ought to bear. Important, other properties come against an models. Outside costs         | Electronics                                        | karoke                                             |            7.02 |                 24 |  0.009599044703071151
 AAAAAAAAKLPBAAAA | Other members get even workers. Women play similarly for the parts; brown, possible schemes could encourage hidden, final principles. Then rapid yards used to end so. Again similar symptoms migh       | Electronics                                        | karoke                                             |            4.35 |            5190.77 |    2.0761013863900266
 AAAAAAAALBEAAAAA | Now miserable schemes stick so necessary hopes. Once again northern minutes must not continue educational things. Even tradition                                                                         | Electronics                                        | karoke                                             |            7.42 |             489.84 |   0.19591650238968217
 AAAAAAAALDGCAAAA | Black, common individuals ought to support around neutr                                                                                                                                                  | Electronics                                        | karoke                                             |            9.49 |           12095.59 |     4.837754546667515
 AAAAAAAALIFBAAAA | As lon                                                                                                                                                                                                   | Electronics                                        | karoke                                             |            0.47 |            8199.14 |     3.279329641114116
 AAAAAAAALMCAAAAA | Sites will fly according to a sanctions. Only direct records lift only of course cultural organisations. Outstanding acc                                                                                 | Electronics                                        | karoke                                             |            3.59 |             9409.3 |      3.76334547185864
 AAAAAAAAMHEAAAAA | Long, major visitors will stop around. Local, signific                                                                                                                                                   | Electronics                                        | karoke                                             |            70.3 |            11520.5 |     4.607741437572133
 AAAAAAAAMIACAAAA | Still negative elections talk main, odd judges. Physical, only passengers might not get layers. Necessary barriers leave                                                                                 | Electronics                                        | karoke                                             |            2.36 |            1208.02 |    0.4831599159251671
 AAAAAAAAMNJBAAAA | Other tests ought to yield famous directors. Medium, local parties pay fortunate ears. Big benefits could genera                                                                                         | Electronics                                        | karoke                                             |            4.49 |            1023.38 |   0.40931126534287304
 AAAAAAAANACBAAAA | Unexpected, brief notes beat then abl                                                                                                                                                                    | Electronics                                        | karoke                                             |            0.44 |            5471.36 |     2.188326217774807
 AAAAAAAANDFEAAAA | Critical concepts warm very happy boots. Physical details might want enough manufacturin                                                                                                                 | Electronics                                        | karoke                                             |            1.52 |            5125.58 |    2.0500279812153095
 AAAAAAAANPKCAAAA | Special things get low, new efforts. Junior workers restore. New, royal reasons reduce most. Orders like so gr                                                                                           | Electronics                                        | karoke                                             |            2.59 | 10153.199999999999 |    4.0608758616342495
 AAAAAAAAOCGDAAAA | Successful, legal members ought to tell a                                                                                                                                                                | Electronics                                        | karoke                                             |            3.69 |             3283.8 |      1.31338929149771
 AAAAAAAAOKFCAAAA | Sexual, complete meetings sh                                                                                                                                                                             | Electronics                                        | karoke                                             |            0.77 |            4456.05 |    1.7822426312133417
 AAAAAAAAPEPAAAAA | Otherwise increasing dollars service thinly other films. Precise metres record other, public days. Living letters say now good questions. Internal letters shall wish particular                         | Electronics                                        | karoke                                             |            3.99 | 4672.1900000000005 |    1.8686900279684169
 AAAAAAAAPKADAAAA | Certain, main fa                                                                                                                                                                                         | Electronics                                        | karoke                                             |            6.96 |            1861.37 |    0.7444739099564811
 AAAAAAAAPMKAAAAA | Permanent, french miles look horribly new activities. Companies check visibly certain shoulders. As alive eggs estimate engl                                                                             | Electronics                                        | karoke                                             |            7.93 |            7431.53 |    2.9723161950922643
 AAAAAAAAPOODAAAA | Only mixed patterns may work. Rather other powers give yet at a costs.                                                                                                                                   | Electronics                                        | karoke                                             |           57.57 |             2725.3 |    1.0900115220533253
 AAAAAAAAPPEDAAAA | Cheap bones rectify. Ways kill perhaps also illegal systems. Outstanding days shall suspend never with a ke                                                                                              | Electronics                                        | karoke                                             |            4.58 | 12312.390000000001 |     4.924465917151926
 AAAAAAAAAAFDAAAA | Publ                                                                                                                                                                                                     | Electronics                                        | memory                                             |            1.43 |             644.11 |    0.1611259761684848
 AAAAAAAAABBAAAAA | Likely thoughts will debate necessarily other eyes. Real, particu                                                                                                                                        | Electronics                                        | memory                                             |            2.24 |  6729.200000000001 |    1.6833288084845262
 AAAAAAAAAKPDAAAA | Situations see really good relatives; new, fine points will arise net, loose tears; levels will not cover strictly to a visitors. Almost medieval books entertain considerations. Ever                   | Electronics                                        | memory                                             |            1.04 |            9880.68 |    2.4716806294086795
 AAAAAAAAALJDAAAA | National strings tell as b                                                                                                                                                                               | Electronics                                        | memory                                             |            0.55 |             679.97 |   0.17009645870314793
 AAAAAAAABDBCAAAA | Much normal officials shape brief, european minutes; distinctive lakes should develop. Decent, innocent carers used to lead psychological theories. Legs                                                 | Electronics                                        | memory                                             |            3.54 | 5244.3099999999995 |     1.311879287823736
 AAAAAAAABFBDAAAA | Anywhere practical things tell from a directors. Literary lives can save also reliable deve                                                                                                              | Electronics                                        | memory                                             |            8.71 | 2600.0099999999998 |     0.650400008225027
 AAAAAAAABFEDAAAA | European ideas can revive stocks. Formidable, social women under                                                                                                                                         | Electronics                                        | memory                                             |            3.49 |  5877.799999999999 |     1.470348640330254
 AAAAAAAABHLAAAAA | Cars walk normal, social classes. Formal parents go on the lakes; hands bring on a discussions. Terms see both only direct citizens. As basic years equip then rough soldiers. Hence e                   | Electronics                                        | memory                                             |            9.63 |             287.82 |   0.07199900399126438
 AAAAAAAABKEBAAAA | Urban, able times justify enough in the stories. S                                                                                                                                                       | Electronics                                        | memory                                             |            5.85 |            3157.04 |    0.7897426709769345
 AAAAAAAACAADAAAA | Regions might not live. Inc pupils should influence available walls. Cold, social words shall achieve reliable, democratic institutions; great, extra days will not get soon f                           | Electronics                                        | memory                                             |            9.19 |            8534.42 |    2.1349098034991543
 AAAAAAAACAJDAAAA | Individual, fascinating passengers may deal british, proper legs; never clinical numbers should not reduce extra, able workers. Vital, british studies used to find appropriate minutes; back, gothic    | Electronics                                        | memory                                             |            0.27 |            3732.15 |    0.9336080979292521
 AAAAAAAACEPBAAAA | Expectations will become ever present times. High problems may not transport close, medical deposits; new, impossible americans must not frighten late issues. Ethnic, high men should walk h            | Electronics                                        | memory                                             |            4.18 |           18340.58 |     4.587949039754373
 AAAAAAAACMOAAAAA | Accountants beat into a lines. Problems would identify. Small girls should not ensure. Unlikely traditions go only adverse types. Now necessary arms reverse rough eyebr                                 | Electronics                                        | memory                                             |           39.35 |             1342.5 |    0.3358302510536878
 AAAAAAAACPFDAAAA | Domestic, splendid letters draw rather surprised countries. Categories continue simply common men. Involved contacts might find highly just bad conditions. Since british attempts ought to bother unabl | Electronics                                        | memory                                             |           77.83 | 14719.779999999999 |    3.6821954658138196
 AAAAAAAADDFCAAAA | Sexual, apparent champions wear games. Great deputies shall remember supreme, full theories. Southern keys would fade nice trousers. About awful children claim then. Sentences overcome secondary, diff | Electronics                                        | memory                                             |            6.76 | 1915.5100000000002 |    0.4791703569429048
 AAAAAAAADEJAAAAA | Policies strengthen publicly l                                                                                                                                                                           | Electronics                                        | memory                                             |            6.95 |            5809.28 |    1.4532081644999386
 AAAAAAAADOJCAAAA | Rivers may not like essentially likely parts. Central items shall say sometimes different, public stud                                                                                                   | Electronics                                        | memory                                             |           50.96 |             3616.8 |      0.90475296239179
 AAAAAAAADPKAAAAA | Only sorry documents make wholly facts. Involuntarily eastern notes might break today after the members. Multiple conditions will find at a horses. Firms t                                              | Electronics                                        | memory                                             |            1.49 |            7974.65 |    1.9948817218363437
 AAAAAAAAEAFEAAAA | Ready, social flowers act within a tories. Un                                                                                                                                                            | Electronics                                        | memory                                             |            2.73 |            1901.02 |   0.47554564160750956
 AAAAAAAAEDBAAAAA | Ordinary services will look initially regulations. As other teachers know si                                                                                                                             | Electronics                                        | memory                                             |            0.23 |  948.5400000000001 |   0.23728001961598888
 AAAAAAAAEDDBAAAA | Expectations ought to find old, possible aspects. Notable allies might link so potential, conservative men. Late courts care occasionally commercial, regulatory differences. New posts train also loca  | Electronics                                        | memory                                             |            5.72 |             893.78 |   0.22358164751341905
 AAAAAAAAEHMCAAAA | Still glorious families would not understand very good, keen others. Features shall justify only for a experiments; lovely, co                                                                           | Electronics                                        | memory                                             |            9.94 |  4968.030000000001 |    1.2427670481506539
 AAAAAAAAEIBAAAAA | Other months used to serve consistent, unique prices. Nearly impossible contexts can use simply. Other ways shall refer often ordinary writers. Welcome, us                                              | Electronics                                        | memory                                             |            4.87 |            1393.06 |    0.3484779810300561
 AAAAAAAAEJEDAAAA | Domestic clubs may not use identical, special worlds. Great games come quite. Articles would want already. Important, interesting officers will reduce perhaps als                                       | Electronics                                        | memory                                             |            2.92 |            5578.84 |     1.395562933175684
 AAAAAAAAGGIAAAAA | Enough raw reports could not hope crews. Huge men will tease electoral, royal reservations. High, previous mountains take agreements. Partic                                                             | Electronics                                        | memory                                             |            4.09 |            7801.06 |    1.9514576821488878
 AAAAAAAAGGPCAAAA | Then famous cases use there general members. White, useful nights can give still thousands. Just low bodies welcome in the vehicles. Sure, great boots might take                                        | Electronics                                        | memory                                             |            1.24 |            4479.16 |    1.1204748061896732
 AAAAAAAAGHAAAAAA | Only elderly others must collect pensions. Potential, technical settlements shall not confirm from a sides. French tests must meet thus together individu                                                | Electronics                                        | memory                                             |           29.24 |            3734.69 |    0.9342434862627168
 AAAAAAAAGHEAAAAA | Academic farmers will cut strongly original pounds. Very, public women allow then competitive years. Dependent, european problems will                                                                   | Electronics                                        | memory                                             |           93.98 |           14057.27 |    3.5164666765210235
 AAAAAAAAGIIBAAAA | Nice pictures cannot make improved countries. Different stones might not equate valuable, new doors. Patterns ought to seek perhaps only concerned colle                                                 | Electronics                                        | memory                                             |            3.46 |             3620.9 |    0.9057785892292723
 AAAAAAAAGJEEAAAA | Lucky, american ideas provide small trustees. Sensible feet learn however from a arts; young walls forge just necessary designers; shares should not tr                                                  | Electronics                                        | memory                                             |           77.73 |            2683.45 |    0.6712727651322299
 AAAAAAAAGJJCAAAA | Years develop confidently with a members. Common, solid documents ought to come ag                                                                                                                       | Electronics                                        | memory                                             |            4.44 |           12769.41 |    3.1943047792234425
 AAAAAAAAGNOCAAAA | Little opinions can ensure spanish boys. Sufficiently statistical firms define in a years. Open reactions shall help. Today black tr                                                                     | Electronics                                        | memory                                             |            7.73 | 7586.9800000000005 |    1.8979049520590752
 AAAAAAAAGPLAAAAA | Boys must answer particularly patient, civil eyes; continuous years create fast mainly whole schemes; extended, alone                                                                                    | Electronics                                        | memory                                             |             3.1 |             307.02 |   0.07680193942532829
 AAAAAAAAGPMBAAAA | Ultimate, a                                                                                                                                                                                              | Electronics                                        | memory                                             |            7.08 |             5047.7 |    1.2626967286731472
 AAAAAAAAHAIBAAAA | Political,                                                                                                                                                                                               | Electronics                                        | memory                                             |           39.25 |            1043.88 |    0.2611295958807625
 AAAAAAAAHAMDAAAA | Less protective units should order very advantages. British, quiet schools confirm rarely n                                                                                                              | Electronics                                        | memory                                             |            2.01 |            1953.72 |    0.4887286987624663
 AAAAAAAAHBCAAAAA | Cold, independent names persist then schools. Often direct miles shall take just millions. Managerial, visual proble                                                                                     | Electronics                                        | memory                                             |            9.14 |           12008.67 |    3.0040034718218913
 AAAAAAAAHECAAAAA | Now public rebels exchange then unusual pp.; profound, possible families help however as critical sections. Years negotiate so able, distant needs. High council                                         | Electronics                                        | memory                                             |            2.21 | 11209.989999999998 |    2.8042113638803197
 AAAAAAAAHIFCAAAA | Advanced, standard images ask ever assets; scarcely joint railways must mean less jewish importan                                                                                                        | Electronics                                        | memory                                             |            6.35 |           10032.43 |    2.5096413300398877
 AAAAAAAAHKDCAAAA | Nowadays extended arms solve again unhappy women. Old functions ought to look local, light difficulties. Physical, slow classes finish consequences. Again u                                             | Electronics                                        | memory                                             |            2.45 | 16206.189999999999 |     4.054025218863139
 AAAAAAAAIBKAAAAA | Subject, natural levels avoid otherwise too exclusive branches. Ideas may take in the fears. Ever senior attitudes m                                                                                     | Electronics                                        | memory                                             |               1 |            5506.53 |     1.377474377902915
 AAAAAAAAIFCBAAAA | Private, british pupils know rough forms. Too necessary authorities sense so free issues. Efforts must check into the policies; much single boys take of course arguments. Rates perform set             | Electronics                                        | memory                                             |            6.22 |            1323.39 |    0.3310498293794711
 AAAAAAAAIFFCAAAA | Too important girls report well newspapers. Games would remai                                                                                                                                            | Electronics                                        | memory                                             |            2.28 |            1207.63 |    0.3020921311582608
 AAAAAAAAIGDCAAAA | Other areas move ibid. outside, no                                                                                                                                                                       | Electronics                                        | memory                                             |            6.93 |            2799.78 |     0.700373050499139
 AAAAAAAAIIPBAAAA | Bad, opposite prices include mutually indeed sure relatives. Yards become especially; illegal governments will tell really through a dogs. Equal, dirty dealers must tour shortl                         | Electronics                                        | memory                                             |            3.44 |            9548.54 |     2.388594849457118
 AAAAAAAAIKBBAAAA | Australian, necessary bills will not return at least then running lives; famous streets should go very muscles. Nati                                                                                     | Electronics                                        | memory                                             |            5.02 |                  0 |                     0
 AAAAAAAAKBLDAAAA | Welcome leaders escape applications. Damages may ask with the days. Now poor years tear often evil daughters. Major rooms come probably quiet, large years. Brilliant cups let enough emoti              | Electronics                                        | memory                                             |            1.25 |            16213.5 |     4.055853836468504
 AAAAAAAAKCEAAAAA | More successful animals consider. Officers                                                                                                                                                               | Electronics                                        | memory                                             |            4.36 |             1543.5 |    0.3861109813790444
 AAAAAAAAKCKAAAAA | Drivers enlarge normally at a arrangements. Transactions should meet without a systems. Speeches will point major, simple examples. Japanese, happy emissions must not act parties. Re                   | Electronics                                        | memory                                             |            6.25 |           15773.16 |     3.945701514122895
 AAAAAAAAKFNAAAAA | Spec                                                                                                                                                                                                     | Electronics                                        | memory                                             |            1.21 |            3529.74 |    0.8829746520329564
 AAAAAAAAKJFBAAAA | There reasonable pa                                                                                                                                                                                      | Electronics                                        | memory                                             |             3.5 |            3716.44 |    0.9296781960714842
 AAAAAAAAKLEBAAAA | Immense, local meetings will mean widely new artists. Levels should not last even. Young facilities tak                                                                                                  | Electronics                                        | memory                                             |            4.42 |                  0 |                     0
 AAAAAAAALHGBAAAA | Classes dismiss large men; always other arms can get broad boots. High, subjective materials might achieve as passages. Average, other move                                                              | Electronics                                        | memory                                             |            2.26 |            6948.59 |    1.7382098504053218
 AAAAAAAALJOAAAAA | Main, specific appointments expect most beaut                                                                                                                                                            | Electronics                                        | memory                                             |            2.34 |            3418.87 |    0.8552402014301093
 AAAAAAAALPODAAAA | Major, other letters will not blind about delighted letters. Still current acts expand from a reactions. Farmers might                                                                                   | Electronics                                        | memory                                             |             1.2 | 1107.6799999999998 |   0.27708935008353736
 AAAAAAAAMBDDAAAA | British, like members go also high developme                                                                                                                                                             | Electronics                                        | memory                                             |            8.94 |                    |                      
 AAAAAAAAMGOAAAAA | Young notes communicate later in a disciplines. Mi                                                                                                                                                       | Electronics                                        | memory                                             |            4.47 |            1193.28 |    0.2985024372270723
 AAAAAAAAMKMDAAAA | Other countries                                                                                                                                                                                          | Electronics                                        | memory                                             |            1.17 |            5281.38 |       1.3211524553519
 AAAAAAAAMLMCAAAA | Able, unknown prisoners would not make yet sales; opportunities reinforce fee                                                                                                                            | Electronics                                        | memory                                             |            1.92 | 14733.499999999998 |     3.685627563426077
 AAAAAAAAMNBAAAAA | Hard, back awards must create at least central, general years. Empty emissions ought to differ european, other settlements. Unexpected countries tell theoretically appropr                              | Electronics                                        | memory                                             |            3.75 |           16560.22 |     4.142586845515309
 AAAAAAAANDBCAAAA | Following effects retain at present. Remote, solid concerns w                                                                                                                                            | Electronics                                        | memory                                             |            3.71 |            27890.9 |      6.97698916135069
 AAAAAAAANGNCAAAA | Forms proceed likely families. Long, other songs may reflect so. Children feel as other, christian muscles; employees expect else. Contrary                                                              | Electronics                                        | memory                                             |             4.5 |              13.23 | 0.0033095226975346664
 AAAAAAAANNNBAAAA | Front, competitive problems shall negotiate stiff however bad problems. Heavy affairs can provide gradually dangerous plans. At all determi                                                              | Electronics                                        | memory                                             |            8.24 |            5592.12 |    1.3988849635175782
 AAAAAAAAOHJCAAAA | Worse existing women will not forg                                                                                                                                                                       | Electronics                                        | memory                                             |            3.96 |             8133.3 |     2.034568477389169
 AAAAAAAAOJIDAAAA | Practical, similar countries see labour circumstances. Futures continu                                                                                                                                   | Electronics                                        | memory                                             |            0.36 |            3185.15 |    0.7967744686358686
 AAAAAAAAPBJAAAAA | Words get little tons. Well                                                                                                                                                                              | Electronics                                        | memory                                             |            9.74 | 10500.539999999999 |    2.6267403980627866
 AAAAAAAAPEIBAAAA | Economic                                                                                                                                                                                                 | Electronics                                        | memory                                             |            3.28 | 2722.1600000000003 |     0.680956183395387
 AAAAAAAAADBDAAAA | Years back safe, middle-class differences. Old activities ignore schools. Years must produce feelings; unable minutes help only complete goals. Enough small na                                          | Electronics                                        | monitors                                           |            0.43 |           10142.91 |    1.7832085454263618
 AAAAAAAAAKOCAAAA | Also spectacular eyes make evident wars.                                                                                                                                                                 | Electronics                                        | monitors                                           |            3.27 |            7636.55 |    1.3425694615820987
 AAAAAAAAAPCCAAAA | So unique facilities could know t                                                                                                                                                                        | Electronics                                        | monitors                                           |            4.95 |            1416.92 |   0.24910640557645888
 AAAAAAAAAPKAAAAA | Complete years avoid for the techniques; appropriate, sad stars would involve only eastern, massive patients; rights can say as. Key universities shall understand tomorrow o                            | Electronics                                        | monitors                                           |            4.19 |            8129.12 |     1.429167393854066
 AAAAAAAABDNCAAAA | Middle banks ought to protect for instance reasons. Farmers show too possibilities. Central developments serve never. Quite wide materials might reduce from a bodi                                      | Electronics                                        | monitors                                           |            4.41 | 7537.3099999999995 |    1.3251222382459837
 AAAAAAAABPJDAAAA | Happy clothes support very. Impressive, professional periods try with a symptoms. Repeatedly good boundaries leave economically teachers. Leaves used to waste new, correct oth                          | Electronics                                        | monitors                                           |           61.79 |            4282.55 |    0.7529081650350506
 AAAAAAAACAAAAAAA | Far mental mice encourage too fine children. Actions may focus by                                                                                                                                        | Electronics                                        | monitors                                           |            6.95 |           24144.52 |     4.244808875285071
 AAAAAAAACDDCAAAA | Substantial points allocate. Close rapid judges must control about acu                                                                                                                                   | Electronics                                        | monitors                                           |            1.59 |           10621.75 |    1.8673926286817548
 AAAAAAAACEKBAAAA | Clinical attacks avoid economically ideological earnings. Problems might avoid useful females. Colonial courts decide on a years. Worthy arms could not estim                                            | Electronics                                        | monitors                                           |            7.69 |           25559.09 |     4.493502131175518
 AAAAAAAACIECAAAA | Minutes learn more from the efforts. Social, public materials know just attitudes. Then old ris                                                                                                          | Electronics                                        | monitors                                           |            9.06 | 7153.5599999999995 |    1.2576557735620453
 AAAAAAAACNBEAAAA | Genera                                                                                                                                                                                                   | Electronics                                        | monitors                                           |            0.92 |            6282.45 |    1.1045073382504476
 AAAAAAAADPGBAAAA | Things understand whole, real railways. Systems used to speculate yet from a sales. Less standard fortunes make only in a shows; yet low t                                                               | Electronics                                        | monitors                                           |            4.23 |             3202.6 |    0.5630439082652282
 AAAAAAAAECBBAAAA | At least important observations see. However suitable parents may not discover formal operations. Important, hot servants might                                                                          | Electronics                                        | monitors                                           |            0.89 |  8131.610000000001 |    1.4296051567128623
 AAAAAAAAEFKBAAAA | Neighbours get important, desperate police; different, moral owners must attract stages. Americans can sell backwards extremely estimated expressions; uniquely good                                     | Electronics                                        | monitors                                           |            7.23 |            3578.08 |    0.6290564376711572
 AAAAAAAAEGKDAAAA | Separate activities convert there local churches. Children would say much eyes. Immediately physical legs might alter full conditi                                                                       | Electronics                                        | monitors                                           |           81.45 |            3143.27 |     0.552613197256243
 AAAAAAAAEHGCAAAA | Certain, famous readers would direct to a years. Terms provid                                                                                                                                            | Electronics                                        | monitors                                           |            1.89 |  7321.139999999999 |    1.2871177413841546
 AAAAAAAAEIODAAAA | Liberal, insufficient topics must like successfully. Far, nat                                                                                                                                            | Electronics                                        | monitors                                           |             2.3 |            7285.95 |    1.2809310445965902
 AAAAAAAAEKIDAAAA | Relations used to settle too purely empt                                                                                                                                                                 | Electronics                                        | monitors                                           |            4.41 | 12124.449999999999 |     2.131579876839551
 AAAAAAAAEMJBAAAA | Usually economic names provide. Today comfortable others distinguish effectively fatal numbers. Correctly other time                                                                                     | Electronics                                        | monitors                                           |            9.69 |             8546.3 |     1.502511132582002
 AAAAAAAAEPEDAAAA | Halfway general reports shall fall no longer for a conflicts. Comparable, foreign directions cope                                                                                                        | Electronics                                        | monitors                                           |            8.65 |              234.3 |   0.04119190273732061
 AAAAAAAAFAIAAAAA | Bright books ta                                                                                                                                                                                          | Electronics                                        | monitors                                           |            3.54 |            9156.86 |    1.6098526952593324
 AAAAAAAAFBCCAAAA | Then other courses post yesterday patients; colours ought to reconcile tentatively. Truly military cases shall not run softly as essential claims. Conservative, public voices know. D                   | Electronics                                        | monitors                                           |             0.7 | 14446.480000000001 |     2.539812202546511
 AAAAAAAAFNDBAAAA | Representative years regard already posts;                                                                                                                                                               | Electronics                                        | monitors                                           |            0.21 |           13989.54 |     2.459478322747999
 AAAAAAAAGGDCAAAA | Straight bottom injuries cannot manage however different, good knees                                                                                                                                     | Electronics                                        | monitors                                           |            3.16 | 10250.689999999999 |    1.8021571723022831
 AAAAAAAAGILAAAAA | Other names question in a cases. Important links endure. Even peaceful defences achieve in the visitors. Documents remain happ                                                                           | Electronics                                        | monitors                                           |            2.53 |            3552.48 |    0.6245557432192775
 AAAAAAAAGMPBAAAA | Customs discover afraid, so                                                                                                                                                                              | Electronics                                        | monitors                                           |            5.44 |             834.13 |   0.14664704152915595
 AAAAAAAAGNEDAAAA | Te                                                                                                                                                                                                       | Electronics                                        | monitors                                           |           62.36 |  579.0799999999999 |   0.10180711496853442
 AAAAAAAAGODAAAAA | Rather retail                                                                                                                                                                                            | Electronics                                        | monitors                                           |            0.21 |            1601.27 |   0.28151667988130336
 AAAAAAAAGPHDAAAA | Words seem just urban numbers. Posts may draw. Ages will consider still respondents; good, anxious relations acknowledge payments. Projects must wi                                                      | Electronics                                        | monitors                                           |            3.22 |            2100.63 |   0.36930835103328125
 AAAAAAAAHAGDAAAA | Thousands used to enable perhaps international wee                                                                                                                                                       | Electronics                                        | monitors                                           |           57.15 |            5115.02 |    0.8992633646583427
 AAAAAAAAHCEAAAAA | Female sorts assume at a conditions. Now human quali                                                                                                                                                     | Electronics                                        | monitors                                           |            4.83 |  758.7800000000001 |   0.13339988032020544
 AAAAAAAAHNNBAAAA | Products find already national rooms. Families must not prefer. Enormous buildings compare. Healthy males might look usually good agencies. Levels like ahead suddenly chronic sources. Thi              | Electronics                                        | monitors                                           |            0.37 |           13541.56 |     2.380719686007645
 AAAAAAAAIGIBAAAA | Ashamed customs sign fresh, blue muscles. Here comparable towns would ensure. Private notes may believe various residents; further independent phenomena find national, other words. State               | Electronics                                        | monitors                                           |            1.42 |             283.36 |   0.04981706171424314
 AAAAAAAAIKHAAAAA | In common right organisers ought to live basic years. Representatives alleviate moreover different specimens. Contemporary names used to say however minimal                                             | Electronics                                        | monitors                                           |            3.61 |             3057.3 |    0.5374989510832706
 AAAAAAAAIMBCAAAA | Northern, modern things must attend underground high scenes. Urban, direct mountains see briefly light, skilled agreements. Whole, fortunate levels fish back, damp em                                   | Electronics                                        | monitors                                           |             4.9 |            6042.49 |    1.0623203600991566
 AAAAAAAAINAEAAAA | Extra, white tools would not play most tonight hot cards. Both possible orders might care so papers. Living offenders might m                                                                            | Electronics                                        | monitors                                           |            1.73 |            1632.94 |   0.28708453118173416
 AAAAAAAAINEBAAAA | Future, stupid rights might not arise then at a groups. Years should handle small, rapid figures. Helpful, statutory times could not want teams. Only good goods might assure also after a rooms.        | Electronics                                        | monitors                                           |            2.98 |             6952.3 |    1.2222725796016818
 AAAAAAAAIOKDAAAA | Main,                                                                                                                                                                                                    | Electronics                                        | monitors                                           |            5.16 |            5875.75 |    1.0330060713137497
 AAAAAAAAIOLCAAAA | Elsewhere financial accounts will not help. Direct elections ought to help patients; necessary, extensive needs arrive outside movements; sti                                                            | Electronics                                        | monitors                                           |            5.56 | 27279.879999999997 |     4.796031428279034
 AAAAAAAAJBBCAAAA | Early, good characters seem most. Impossible, misleading signs seem mer                                                                                                                                  | Electronics                                        | monitors                                           |            2.86 |            18549.6 |     3.261175070491687
 AAAAAAAAJDEAAAAA | Old, local corporations should not withstand free sorts. Great ways apply formal, visible advantages; op                                                                                                 | Electronics                                        | monitors                                           |            4.38 |            7954.39 |     1.398448396136217
 AAAAAAAAJGAEAAAA | Social, general cats consolidate. Main foreigners should ignore. Forms know ever men. Matters create so high committees. More other defen                                                                | Electronics                                        | monitors                                           |           47.63 |           24381.94 |     4.286549300158715
 AAAAAAAAKCGCAAAA | Just closed persons deprive as in a considerations. Dea                                                                                                                                                  | Electronics                                        | monitors                                           |            3.51 |            2017.99 |   0.35477954675580714
 AAAAAAAAKFAEAAAA | Tonight average directors say well statistical adults; clear, small affairs apply warm, full benefits; little, british studies screen at all causal, bad others. Powerful, pre                           | Electronics                                        | monitors                                           |             7.4 |           11370.08 |    1.9989553114620329
 AAAAAAAAKFHDAAAA | Official, unlikely ministers disappear ways. New, generous products stick yet. Courses would tell always other prices. Popular, integrated colleagues make. Sh                                           | Electronics                                        | monitors                                           |            1.94 |               87.3 |  0.015348071314417793
 AAAAAAAAKGCCAAAA | Constant, divine cars shall cope also magic, strong days. Very national users care offences. Musical degrees should fit arts. Local, full                                                                | Electronics                                        | monitors                                           |            3.21 |            2145.96 |    0.3772777447638947
 AAAAAAAAKHBCAAAA | Ordinary months get rarely positive, independent shoes. Letters hit strongly options. Clear, great stages listen however. Always local lands used to hear well especially fortunate colleagues. Young    | Electronics                                        | monitors                                           |            2.61 |            8406.42 |    1.4779190568035285
 AAAAAAAAKJADAAAA | As vertical photographs cannot cover very to a lists. Following studies find in the classes. Away current constraints alleviate in a men. He                                                             | Electronics                                        | monitors                                           |            8.12 |  835.5799999999999 |   0.14690196367584446
 AAAAAAAAKNOBAAAA | Black specialists put hard leaders. Either environmental memb                                                                                                                                            | Electronics                                        | monitors                                           |            6.68 | 4767.5599999999995 |    0.8381769859766974
 AAAAAAAALCMAAAAA | Human, important categories must help sometimes carefully little duties. Right, early merchants abandon also years. Legal, social years receive                                                          | Electronics                                        | monitors                                           |            5.13 | 3465.1200000000003 |    0.6091971234022382
 AAAAAAAALCPAAAAA | So required systems shall fit now heavily islamic terms. Allowances watch books; bacteria assume decades. Fr                                                                                             | Electronics                                        | monitors                                           |            1.73 |  7138.860000000001 |     1.255071390419755
 AAAAAAAALDDCAAAA | Techniques will stop on the firms. Likely, sexual churches would not act religious, working-class parts. So hot women ought to take labour, sacred doubts. Happy muscles could                           | Electronics                                        | monitors                                           |            3.04 |            7864.99 |    1.3827311272300435
 AAAAAAAALEABAAAA | Never detailed winds shall not smile; short, italian men can save maybe; disciplinary, big cases would make thus ot                                                                                      | Electronics                                        | monitors                                           |            7.83 |            6681.29 |    1.1746267513437167
 AAAAAAAAMDKDAAAA | Greek, british strengths should not                                                                                                                                                                      | Electronics                                        | monitors                                           |            6.55 |             425.18 |   0.07475020574414842
 AAAAAAAAMEOCAAAA | Good heads bring more old services. Chains help gradually as other questions. H                                                                                                                          | Electronics                                        | monitors                                           |            1.43 |           11264.21 |     1.980342478586232
 AAAAAAAAMFBEAAAA | Ago social thoughts end late sides. Strongly powerful arms reinstate else tight public others. Films grow over horses; essential cattle condemn russian levels. Charact                                  | Electronics                                        | monitors                                           |            3.56 |  8301.789999999999 |    1.4595242263152404
 AAAAAAAAMFJDAAAA | Official women open other, good beliefs. Silver police use widely with a teachers. More good experts would meet. Flowers present often unnecessary courses. Troops begin less awar                       | Electronics                                        | monitors                                           |            1.04 | 3181.5099999999998 |    0.5593361095937384
 AAAAAAAAMGACAAAA | Primary girls must study just new heads. Northern homes shall get costs. Political activities may amend especially accurate reports. Fixed, alternative orders shall know hig                            | Electronics                                        | monitors                                           |           47.48 |            4383.25 |    0.7706120686016242
 AAAAAAAAMJNBAAAA | Happy, guilty talks must find even little factors. Interests participate thus social voices. As dead officers confirm ahead mainly dirty democrats.                                                      | Electronics                                        | monitors                                           |            7.07 | 14841.839999999998 |    2.6093198024877267
 AAAAAAAAMNAAAAAA | Guns know detailed babies;                                                                                                                                                                               | Electronics                                        | monitors                                           |            0.79 |            3663.82 |    0.6441302479174136
 AAAAAAAAMNLBAAAA | Japanese, medical years must know small hands. Real, aware times might eat yet from a years. Eventually pretty groups prevent early, available                                                           | Electronics                                        | monitors                                           |            2.05 |            3427.92 |    0.6026570517768505
 AAAAAAAANCABAAAA | Hot companies should go reasons. Communists know also golden responses. Ways miss as far, unusual activities. Very light systems should make formerly at a skills. Causal conseque                       | Electronics                                        | monitors                                           |            1.89 |            9028.65 |    1.5873123032407586
 AAAAAAAANGKCAAAA | More human cells must not study at f                                                                                                                                                                     | Electronics                                        | monitors                                           |           16.11 |           15211.71 |    2.6743460468985374
 AAAAAAAANIBDAAAA | Years ruin ever hours. Problems feel less now extensive friends. Never level windows mind. New fingers will provide early, environmental feelings. Improved points                                       | Electronics                                        | monitors                                           |           53.94 |            20500.6 |    3.6041772140704857
 AAAAAAAAOAFBAAAA | Important ministers succeed                                                                                                                                                                              | Electronics                                        | monitors                                           |            0.68 |               9318 |    1.6381824571333907
 AAAAAAAAOAIDAAAA | Previo                                                                                                                                                                                                   | Electronics                                        | monitors                                           |            3.65 |             476.02 |   0.08368830363217822
 AAAAAAAAOCBAAAAA | Certain effects should get as well excellent villages. Roughly delicate orders agree rapidly more social years. Important, likely rights ought to                                                        | Electronics                                        | monitors                                           |           52.15 |  8264.779999999999 |    1.4530175582814877
 AAAAAAAAOFADAAAA | Powers deliver largely real speeches. New units figure. Attitudes would reach either apparently american words; homes should no notoriously potential                                                    | Electronics                                        | monitors                                           |            8.54 |             4335.1 |     0.762146895247796
 AAAAAAAAOFBCAAAA | Other systems shall require prices; dead, likely needs inspect on a animals. Others ke                                                                                                                   | Electronics                                        | monitors                                           |            4.66 |            11034.8 |    1.9400102788125713
 AAAAAAAAOJMAAAAA | Already political hearts will attempt deaf, initial copies. Spare, local patients provide for a years. Painfully hard places should care then local economic men. Human characters will                  | Electronics                                        | monitors                                           |            2.82 |            7555.41 |    1.3283043698701644
 AAAAAAAAOLLCAAAA | Students ought to reveal eventually dead months. Recent, full weeks would not strike from a c                                                                                                            | Electronics                                        | monitors                                           |            0.53 | 3800.1000000000004 |    0.6680894135385919
 AAAAAAAAPFBBAAAA | Various, dual effects may seem however only new approaches; active, sympath                                                                                                                              | Electronics                                        | monitors                                           |            0.15 |            5367.58 |    0.9436655283601679
 AAAAAAAAPFNBAAAA | Available, commercial operators lay to a years. Really narrow standards ought to remember then alternative, other homes. Any longer industrial conditions allow co                                       | Electronics                                        | monitors                                           |            3.38 |           16480.97 |     2.897492587523256
 AAAAAAAAPGAEAAAA | Main attitudes will want to a genes. New men effect later; dead,                                                                                                                                         | Electronics                                        | monitors                                           |             9.4 |             850.95 |   0.14960413843074252
 AAAAAAAAPLKBAAAA | Feet list also vital sections. Here only mammals kno                                                                                                                                                     | Electronics                                        | monitors                                           |            2.58 |            6926.67 |    1.2177666108984915
 AAAAAAAAPMBDAAAA | At least specific injuries want cultures. More immediate services see able, possible eggs. Fully simple schools think evidently top divisions. Teeth simpli                                              | Electronics                                        | monitors                                           |            2.36 |              968.2 |   0.17021767063710547
 AAAAAAAAAHCBAAAA | Ever unique features sign especially unexpected, sure laws. Red, irish exhibitions will think already physical pp.. Words run successfully on a parents. Ideas give also together efficient hospital     | Electronics                                        | musical                                            |            5.99 |            2792.65 |    0.8766457295881067
 AAAAAAAAAMACAAAA | Communist, strange seasons shall harden through a women. Main runs shall accept unique assets. Substantial, conf                                                                                         | Electronics                                        | musical                                            |           71.85 |             5460.3 |    1.7140524868028357
 AAAAAAAAAMEBAAAA | Revolutionary papers argue from a cases. So final boys make years. Rapid, domestic cour                                                                                                                  | Electronics                                        | musical                                            |            5.97 |            9540.41 |     2.994847075365574
 AAAAAAAAAOCEAAAA | Services become years. R                                                                                                                                                                                 | Electronics                                        | musical                                            |            2.84 |             902.98 |   0.28345605818970104
 AAAAAAAAAOFDAAAA | Closely annual years can stop desperately much other women. Just single wines give even. Old, continuing volunteers might recognise entirely basic networks. English, blank controls woul                | Electronics                                        | musical                                            |            7.98 |             7248.8 |    2.2754837035211244
 AAAAAAAABCGEAAAA | Auditors leave foreign levels. Bright, new factories avoid. Only, technical levels rely again about a f                                                                                                  | Electronics                                        | musical                                            |            4.77 |            5294.42 |    1.6619808009044685
 AAAAAAAABGBCAAAA | Years make over rough, civil households; disabled, genuine women provide perhaps sure, tender practices. Elected historians cannot see often mountains. Previously complex                               | Electronics                                        | musical                                            |            1.68 |            3154.98 |    0.9903853844684744
 AAAAAAAABJJAAAAA | Originally true patients see labour, likely clients. Tears get far o                                                                                                                                     | Electronics                                        | musical                                            |             6.1 |  8792.210000000001 |    2.7599782823274843
 AAAAAAAACMDDAAAA | Thousands assist all. Tiny, cultural thanks would not get ever on the skills; old links leave visible, poor rout                                                                                         | Electronics                                        | musical                                            |            8.81 |             7743.2 |     2.430681687052308
 AAAAAAAACMIAAAAA | Trees can think there low da                                                                                                                                                                             | Electronics                                        | musical                                            |            0.44 |            6580.17 |     2.065592870737032
 AAAAAAAADIPCAAAA | All right english things speak for a inches; brilliant, professional reforms see further single, regular resources. European, capital events shall facili                                                | Electronics                                        | musical                                            |            1.27 |  5056.349999999999 |    1.5872478236810281
 AAAAAAAAEFHAAAAA | Much severe features le                                                                                                                                                                                  | Electronics                                        | musical                                            |            9.07 | 15680.320000000002 |      4.92223714628578
 AAAAAAAAELABAAAA | Early extra metals greet desirable, successful services. Religious, main bodies get merely patients; apparently peaceful offic                                                                           | Electronics                                        | musical                                            |            3.27 |            5662.31 |     1.777465805276004
 AAAAAAAAELIAAAAA | Guilty, practical jobs used to take neither for a regulations. Birds may live initially for a factors; top, b                                                                                            | Electronics                                        | musical                                            |            4.48 |            4128.74 |    1.2960601183748768
 AAAAAAAAEMNDAAAA | Once other bodies accept still ago political problems.                                                                                                                                                   | Electronics                                        | musical                                            |            0.12 | 5747.9400000000005 |    1.8043460709106627
 AAAAAAAAEPDBAAAA | Necessary, thin childre                                                                                                                                                                                  | Electronics                                        | musical                                            |            2.71 |            6387.94 |    2.0052496094623566
 AAAAAAAAFPDCAAAA | Then creative concerns come material aspects. New services reach thus ma                                                                                                                                 | Electronics                                        | musical                                            |            3.93 |            2226.42 |    0.6988994629722853
 AAAAAAAAGCACAAAA | Songs will not know there great, left things. There true areas can leave much. French ministers might throw by now behind a patients                                                                     | Electronics                                        | musical                                            |            3.28 | 2502.4300000000003 |    0.7855422530904933
 AAAAAAAAGEPDAAAA | Officials provide just. Surprising considerations assess very radically italian months. Too defensive ar                                                                                                 | Electronics                                        | musical                                            |            1.38 |            4777.21 |    1.4996224896945909
 AAAAAAAAGFAAAAAA | British, good                                                                                                                                                                                            | Electronics                                        | musical                                            |            1.36 |           12169.12 |     3.820030107906548
 AAAAAAAAGGKBAAAA | Small contracts attend principles. About positive                                                                                                                                                        | Electronics                                        | musical                                            |            4.11 |            9676.03 |    3.0374197908317937
 AAAAAAAAGLNCAAAA | Indians know wide groups. Top accounts live then inner, royal bishops. Bright rates used to close in the germans. Environm                                                                               | Electronics                                        | musical                                            |            3.48 |             4305.4 |     1.351515773250724
 AAAAAAAAGLOAAAAA | National, small comments say by a obligations. Acres                                                                                                                                                     | Electronics                                        | musical                                            |            6.18 | 470.37999999999994 |   0.14765782259991533
 AAAAAAAAIAMCAAAA | Great, temporary scientists need too british cultures. Proposed, apparent shares can take fresh, level investor                                                                                          | Electronics                                        | musical                                            |           98.38 |               4601 |    1.4443080951192877
 AAAAAAAAIBEEAAAA | Of course                                                                                                                                                                                                | Electronics                                        | musical                                            |            6.82 |            3051.18 |    0.9578013418096215
 AAAAAAAAICHDAAAA | Both small times should abuse red,                                                                                                                                                                       | Electronics                                        | musical                                            |            3.11 |           13420.19 |     4.212755717243842
 AAAAAAAAIDCDAAAA | Short, available units might not mix enough final police. Regu                                                                                                                                           | Electronics                                        | musical                                            |            2.78 |            4358.52 |     1.368190766950515
 AAAAAAAAIEPBAAAA | Chemical, just themes opera                                                                                                                                                                              | Electronics                                        | musical                                            |            3.08 | 3660.9499999999994 |    1.1492153272825376
 AAAAAAAAIFABAAAA | Legal,                                                                                                                                                                                                   | Electronics                                        | musical                                            |            6.61 |            10727.6 |    3.3675200002611763
 AAAAAAAAIHEAAAAA | Large things tell just hard customers. Now                                                                                                                                                               | Electronics                                        | musical                                            |            8.15 |              21.21 |  0.006658068832314735
 AAAAAAAAIHMCAAAA | Effective, right owners shall begin slightly local governments. Other signs enable years. Hours keep worst within                                                                                        | Electronics                                        | musical                                            |            9.21 |            1817.98 |    0.5706853359628261
 AAAAAAAAIIADAAAA | Live rates ought to come into a parties. Poor, realistic years afford aside necessary hospitals. True women might not share royal memories. Ru                                                           | Electronics                                        | musical                                            |            2.88 |             1757.4 |    0.5516685603917922
 AAAAAAAAJBOBAAAA | Supreme experts may appear                                                                                                                                                                               | Electronics                                        | musical                                            |            1.38 | 12176.720000000001 |    3.8224158374268495
 AAAAAAAAJFLAAAAA | Angry companies come from a elements. Much modern groups tell present girls. Social shows may slide upward with the il                                                                                   | Electronics                                        | musical                                            |            2.99 |             1628.8 |    0.5112995056140612
 AAAAAAAAJLHBAAAA | Main things would depend working-class, avail                                                                                                                                                            | Electronics                                        | musical                                            |           26.01 |            3280.15 |    1.0296777218442799
 AAAAAAAAKBECAAAA | Wide, inc workers w                                                                                                                                                                                      | Electronics                                        | musical                                            |            4.89 |              554.6 |   0.17409547262620234
 AAAAAAAAKDCBAAAA | Closely new powers may not stop of course formal english things. Necessary, alternative skills facilitate trials; particular, other prices matter steps. W                                               | Electronics                                        | musical                                            |            1.57 |            4274.26 |    1.3417405604530683
 AAAAAAAAKNFEAAAA | Across lively girls may not indicate. Only splendid companies go about. Big, marginal participants can use approximately clear, dirty companies. Genuine funds will occupy please b                      | Electronics                                        | musical                                            |            1.16 |           11669.37 |    3.6631526963577836
 AAAAAAAALIGAAAAA | Points would go then in relation to the places. Priorities earn only as an forms; currently quiet others tell wet, powerful changes. Young requests break then united, single                            | Electronics                                        | musical                                            |            2.87 |             621.06 |    0.1949580494576798
 AAAAAAAAMABBAAAA | Experts gain especially familiar points. Words plan                                                                                                                                                      | Electronics                                        | musical                                            |            1.86 |            12203.5 |    3.8308223948681217
 AAAAAAAAMAHAAAAA | Laws see right technical matters. Useful, japanese papers see also nicely safe costs. Traditional, explicit circumstances could not expect to a                                                          | Electronics                                        | musical                                            |            4.24 |             245.48 |   0.07705906350573413
 AAAAAAAAMLDDAAAA | Genetic, liberal friends tender more. National, subsequent officials bring too actually victorian books. Then high wings test capital, light soldiers. Other fai                                         | Electronics                                        | musical                                            |            2.76 |              245.7 |   0.07712812409711128
 AAAAAAAAMLFEAAAA | Countries get. Yet inappropriate ex                                                                                                                                                                      | Electronics                                        | musical                                            |            7.03 |           10494.02 |    3.2941964869253875
 AAAAAAAANAJDAAAA | Branches used to get repeat                                                                                                                                                                              | Electronics                                        | musical                                            |            8.84 |            9054.09 |    2.8421854990086053
 AAAAAAAANBBBAAAA | Vocati                                                                                                                                                                                                   | Electronics                                        | musical                                            |            9.57 |            10793.7 |    3.3882695688522184
 AAAAAAAANBEBAAAA | Important ambitions will not make passive ways. Ever round councils used to drink. As arbitrary sites wait jus                                                                                           | Electronics                                        | musical                                            |           80.29 |               4467 |     1.402243916735027
 AAAAAAAAOAGCAAAA | Complete, civil dealers could vote sales. Considerably english lads like unusual children. Senior patients ought to liaise; shows reverse also both high ba                                              | Electronics                                        | musical                                            |            4.68 |             1349.3 |   0.42356116338718863
 AAAAAAAAOCGAAAAA | Too major gains spot often special cuts. Prices could praise powers. Correct patients distinguish chinese attitudes; more personal degrees could find married, neighbouring consequences. Much           | Electronics                                        | musical                                            |           53.78 |            2734.56 |    0.8584105943467506
 AAAAAAAAOCHAAAAA | Rivals may defend. Soviet, professional flowers take simply pure properties. Early, o                                                                                                                    | Electronics                                        | musical                                            |            1.15 |            1366.18 |   0.42885999421648957
 AAAAAAAAOFJDAAAA | Faces build by the girls. Very industrial jews blind best cases; types separate u                                                                                                                        | Electronics                                        | musical                                            |           67.38 | 2890.8500000000004 |    0.9074718662846325
 AAAAAAAAOIECAAAA | Local cells would collect abroad productive, successful patients. Sites shall stop sensible, necessary la                                                                                                | Electronics                                        | musical                                            |            3.23 |             514.47 |   0.16149819293545317
 AAAAAAAAOIGAAAAA | Forward local parts keep in a things; full, lengthy patients should embrace always in                                                                                                                    | Electronics                                        | musical                                            |            2.61 |  8014.139999999999 |     2.515732944451052
 AAAAAAAAOIMDAAAA | British, polite premises win individual, coming studies; fine funds would miss therefore in the chemicals; things find just. Silly, comprehensive resources would appear here specifi                    | Electronics                                        | musical                                            |            1.91 | 5263.0599999999995 |    1.6521365275154356
 AAAAAAAAONEBAAAA | Thin, persistent officers should rub ways. Japanese times will draw main, familiar                                                                                                                       | Electronics                                        | musical                                            |           44.63 |           12063.91 |    3.7870034496393234
 AAAAAAAAOPACAAAA | Intense, wide problems go nowhere thin sheets. Troops                                                                                                                                                    | Electronics                                        | musical                                            |            1.69 |            1354.58 |   0.42521861758024015
 AAAAAAAAPANAAAAA | Users will long perhaps well australian courses. Ex                                                                                                                                                      | Electronics                                        | musical                                            |            4.96 |             952.12 |    0.2988816830091233
 AAAAAAAAPCCDAAAA | Styles win more than rigid, other consequences. Short, red conditions come then efforts. Current, detailed police used to suffer over affairs. Good children disguise particular men. Sad, open effec    | Electronics                                        | musical                                            |            7.52 |            6262.65 |    1.9659196026730728
 AAAAAAAAPECBAAAA | Thus bright attempts seek doubtless clinical cameras. New offences say occasionally. Various views must deal officials. Presents would not transform probably. Sl                                        | Electronics                                        | musical                                            |            1.94 |  6950.959999999999 |    2.1819882192676294
 AAAAAAAAPJMBAAAA | Explicit deposits ask more social, actual earnings. Good messages make rather birds. Organisations will ass                                                                                              | Electronics                                        | musical                                            |            1.44 |            7418.87 |     2.328870679773447
 AAAAAAAAACCBAAAA | Individual, familiar years would attract at the cells. Bad, back muscles shall not give widely arts. Once more expensive me                                                                              | Electronics                                        | personal                                           |            3.56 |                  0 |                     0
 AAAAAAAAAPLAAAAA | Wistfully annual examples might not provide the                                                                                                                                                          | Electronics                                        | personal                                           |            5.59 |            1395.63 |    0.6566339398111667
 AAAAAAAACANCAAAA | Alone, new votes check. Yet inc profits relax outright organisational, white aspirations;                                                                                                                | Electronics                                        | personal                                           |            4.48 |            8957.64 |     4.214505595759692
 AAAAAAAACCDEAAAA | Always eastern plans would claim. More big feelings hold against no changes. As classic police could use from                                                                                            | Electronics                                        | personal                                           |           42.76 |  6781.759999999999 |    3.1907696077425802
 AAAAAAAACDODAAAA | Conditions must not reproduce commonly owners. Living parents get from a objectives. Bloody, male duties can think things. Past, significant children know just alrea                                    | Electronics                                        | personal                                           |            0.25 | 2710.3500000000004 |    1.2752003029221184
 AAAAAAAACGKCAAAA | Initial assets should like. Eyes could                                                                                                                                                                   | Electronics                                        | personal                                           |            4.44 |               3376 |    1.5883838702252737
 AAAAAAAACHNAAAAA | Financial schools fail from the values; however original connections could not come; little, large technologies proceed international responses; patients may help churches. New months                  | Electronics                                        | personal                                           |            2.29 |  4199.889999999999 |    1.9760182265167132
 AAAAAAAACOCBAAAA | Sexual companies see se                                                                                                                                                                                  | Electronics                                        | personal                                           |            5.42 |            7219.32 |    3.3966384603064936
 AAAAAAAACONAAAAA | All gastric flames might not get international, average chemicals. English plants could not allow                                                                                                        | Electronics                                        | personal                                           |            4.13 | 1716.1599999999999 |    0.8074410138405823
 AAAAAAAADEGDAAAA | Words grow sometimes bright systems. Useful, national participants exert there. Times must not offer officially easy minis                                                                               | Electronics                                        | personal                                           |            3.41 |            9529.62 |     4.483618097564033
 AAAAAAAADKGDAAAA | Too economic vessels should help yet considerably successful owners. As fine institutions will achieve years. Complaints quote new stones. Real traditions will not win only from                        | Electronics                                        | personal                                           |            3.88 |             1279.1 |    0.6018074077029465
 AAAAAAAAEAGAAAAA | Rich copies would deal scottish, red securities; quickly happy pensions shall save sometimes even subsequent examples. Particular, basic complaints used to care about additio                           | Electronics                                        | personal                                           |            3.47 |            7188.38 |     3.382081411448446
 AAAAAAAAEAPAAAAA | Forms ought to know from                                                                                                                                                                                 | Electronics                                        | personal                                           |            4.43 |             933.46 |     0.439186258145878
 AAAAAAAAEIDCAAAA | Shoes can bring furiously yet artificial advantages. Committees require handsome troops. Empty, political ends tear depending on a lips; human, radical                                                  | Electronics                                        | personal                                           |            0.33 |            8949.22 |     4.210544045941179
 AAAAAAAAELFAAAAA | Things mark significantly central, new miles. Established, social amounts improve directly levels. Strangely global contracts get                                                                        | Electronics                                        | personal                                           |            8.76 |  77.75999999999999 |   0.03658552421466744
 AAAAAAAAFDLDAAAA | Small functions relax words. Communities get clear, constitutional chairs. Answers may complain by a plates. Elections may find still. Critical, new police may indicate frequently c                    | Electronics                                        | personal                                           |            3.24 |            4296.17 |    2.0213172783606974
 AAAAAAAAGAEBAAAA | Full, expert performances would take all around other hospitals. Hundreds master; over fond homes reduce very too                                                                                        | Electronics                                        | personal                                           |            8.34 |             1282.9 |    0.6035952805426552
 AAAAAAAAGFDCAAAA | Inside chief ports see however marginally su                                                                                                                                                             | Electronics                                        | personal                                           |            4.59 |            3331.38 |     1.567390479144275
 AAAAAAAAHAGAAAAA | Recent, comfortable services reflect only artists. About liberal elections prove there natural, common miles; independent resources stay artifici                                                        | Electronics                                        | personal                                           |            0.58 |            2808.48 |    1.3213697665433284
 AAAAAAAAHIPBAAAA | Fit eyes ought to browse never                                                                                                                                                                           | Electronics                                        | personal                                           |            1.85 |            6674.05 |    3.1400928225938944
 AAAAAAAAIBHAAAAA | Police would                                                                                                                                                                                             | Electronics                                        | personal                                           |            1.08 |            7390.18 |    3.4770268690940207
 AAAAAAAAICGBAAAA | Eyes shall happen potential, young officers. Well economic objectives could discover like a provisions. Later fine women might interrupt also hotels. Fully political successes ought to s               | Electronics                                        | personal                                           |            1.04 |            2710.35 |    1.2752003029221182
 AAAAAAAAIECCAAAA | Answers add police. Wet women let high recent, violent manufacturers. Things offer sufficiently. Whole, wrong techniques brighten certainly. Total, western t                                            | Electronics                                        | personal                                           |            1.09 |            1705.33 |     0.802345576247413
 AAAAAAAAIMEBAAAA | Elements might change forwards about the exports. Responsible, british examinations help firmly messages. Other, young fragments get both sufficient skills. Again voluntar                              | Electronics                                        | personal                                           |             6.6 | 2259.7200000000003 |    1.0631821087753128
 AAAAAAAAINCCAAAA | However relative men pay very sure writers. Alive, good newspapers could see for instance different areas; metals work emotion                                                                           | Electronics                                        | personal                                           |            3.21 |             121.38 |    0.0571084224431113
 AAAAAAAAJBJAAAAA | Big weeks would make. Experienced, heavy employers include really eyes. Other, clever roles participate then in a messages. Little words shall operate often most local girls. Materials v               | Electronics                                        | personal                                           |            75.1 |            8696.23 |    4.0915140591733214
 AAAAAAAAJCACAAAA | Parents should make particularly by the systems. Numbers can soak very games. European, visible                                                                                                          | Electronics                                        | personal                                           |            1.79 |            1641.74 |    0.7724269357534481
 AAAAAAAAJIBBAAAA | Legal, social investments would look millions. Local governments bear away lips. New, special waters used to treat in a women. Competitors lift local, apparent syst                                     | Electronics                                        | personal                                           |            8.93 |           12458.06 |     5.861428186699844
 AAAAAAAAJIEBAAAA | Great, comfortable points could recover users. Materials should reduce sciences; only men could not work with a attacks. Eu                                                                              | Electronics                                        | personal                                           |            9.54 |             498.96 |   0.23475711371078276
 AAAAAAAAKDBDAAAA | New, tall relatives will not say chairs. Difficult, open friends may concentrate other areas; considerations used to hold ever. Friends might play simply different,                                     | Electronics                                        | personal                                           |            3.71 |            7781.43 |     3.661107197656117
 AAAAAAAAKLHDAAAA | Clothes shall increase reportedly detailed, statistical detail                                                                                                                                           | Electronics                                        | personal                                           |            0.25 |             4987.7 |    2.3466772006879735
 AAAAAAAAKPPBAAAA | Police ignore years. More major friends lead just particular professionals. Abou                                                                                                                         | Electronics                                        | personal                                           |            3.17 |             618.79 |     0.291136272232434
 AAAAAAAALHKAAAAA | Sums find almost sports. Sure lines shall accommodate basic, international taxes. Organisers account other force                                                                                         | Electronics                                        | personal                                           |            3.36 |             9021.3 |     4.244457170753336
 AAAAAAAAMAEAAAAA | Financial studies should hear. Thus only years perform schemes; medium members wil                                                                                                                       | Electronics                                        | personal                                           |            5.68 |           12674.85 |     5.963426332205216
 AAAAAAAAMAEBAAAA | Free, ill workers review never soft eyes; things integrate much activities. Important needs ought to make. Obvious, possible ages act ago days. High s                                                   | Electronics                                        | personal                                           |            7.35 |              624.8 |   0.29396393427628875
 AAAAAAAAMHNCAAAA | Origins can get now concerned, ordinary vessels. Minutes used to write then for the profits. Of course thin workers start secure, able weeks. Single, eventual passengers                                | Electronics                                        | personal                                           |            3.45 |  9854.720000000001 |     4.636575323929624
 AAAAAAAAMJODAAAA | Early other individuals will progress actually on a governments. Particular, reasonable things used to provide as usual soviet, good num                                                                 | Electronics                                        | personal                                           |            8.43 |            4976.21 |     2.341271237812118
 AAAAAAAAMMHBAAAA | Already significant properties ought to relieve now technical, left pictures. Originally delicious teachers shall get as dramatic                                                                        | Electronics                                        | personal                                           |             3.1 |            2890.17 |    1.3598043276685365
 AAAAAAAAMOOAAAAA | Requirements acc                                                                                                                                                                                         | Electronics                                        | personal                                           |            2.03 | 3518.4800000000005 |    1.6554196918572932
 AAAAAAAANFOCAAAA | Houses could not see human factors. Now different governments co                                                                                                                                         | Electronics                                        | personal                                           |             2.2 |           12779.54 |     6.012682228939187
 AAAAAAAAOAJAAAAA | Indirectly added                                                                                                                                                                                         | Electronics                                        | personal                                           |            5.05 |           10159.01 |     4.779741594033548
 AAAAAAAAOEGCAAAA | Hours provide also dangerous materials; formal,                                                                                                                                                          | Electronics                                        | personal                                           |            8.39 |             5841.2 |     2.748242850343563
 AAAAAAAAOGIDAAAA | Pensioners see to a miles. Regular relations                                                                                                                                                             | Electronics                                        | personal                                           |           15.17 | 3079.1600000000003 |    1.4487227718728835
 AAAAAAAAOINCAAAA | Central levels stay. Things may encourage                                                                                                                                                                | Electronics                                        | personal                                           |            4.96 |                    |                      
 AAAAAAAAPPBDAAAA | Projects might look acceptable, other feet. Public habits offer without the taxes; marginal, capital races concern stru                                                                                  | Electronics                                        | personal                                           |            3.69 |             3546.5 |    1.6686029015858808
 AAAAAAAAAHGDAAAA | Religious customers confront in the organs. Profits change. Guards mi                                                                                                                                    | Electronics                                        | portable                                           |            4.65 |            4947.09 |    1.5951075488228004
 AAAAAAAAAKKCAAAA | Clear levels would use now subjective companies. Perhaps prime games must open always on a relations. Results should                                                                                     | Electronics                                        | portable                                           |            1.02 |            1324.44 |    0.4270438261610097
 AAAAAAAAAKOBAAAA | Even mass pictures ought to ensure even on behalf of a seats. Times challenge about new shadows. Wisely annual                                                                                           | Electronics                                        | portable                                           |            1.37 |            6195.59 |     1.997665774912333
 AAAAAAAACBCDAAAA | Good opponents adopt later sexual centres. Conscious, good shoulders should not work representative, red bodies                                                                                          | Electronics                                        | portable                                           |            3.17 |            9158.01 |     2.952849227160754
 AAAAAAAACHAEAAAA | Other, new pictures can tell from a schools. Efficient horses may break also political newspapers. Successful hours appear vi                                                                            | Electronics                                        | portable                                           |            9.02 |            7414.34 |    2.3906316043449465
 AAAAAAAACLPAAAAA | Shareholders read only;                                                                                                                                                                                  | Electronics                                        | portable                                           |            4.55 |            7781.76 |     2.509100121309156
 AAAAAAAACNHDAAAA | Then powerful ladies may occur as distinctive only words. Children must expire for a troops. Adverse, economic rights drea                                                                               | Electronics                                        | portable                                           |            4.84 |           12334.57 |    3.9770785893289284
 AAAAAAAAFKHDAAAA | Likely, small shoes will read yet too public women; english, good projects would reduce contracts. Welsh, successive ways take american, awful charts. Ideal studies cover somehow pleased, rough alte   | Electronics                                        | portable                                           |            2.61 |  6212.429999999999 |    2.0030955550704004
 AAAAAAAAFMIDAAAA | American, main points imagine here cri                                                                                                                                                                   | Electronics                                        | portable                                           |             4.2 | 10973.439999999999 |    3.5382046780135528
 AAAAAAAAFNEDAAAA | Councils fight workers. Video-taped goods promote poor departments. Close wild provisions ought to build visibly short consiste                                                                          | Electronics                                        | portable                                           |            4.81 |            2304.27 |    0.7429738435172827
 AAAAAAAAFODAAAAA | Sometimes thick                                                                                                                                                                                          | Electronics                                        | portable                                           |           46.33 |            8390.58 |    2.7054040854323675
 AAAAAAAAFPJCAAAA | Especially living options discuss so sexual years. Meanwhile black difficulties shall not take as agents. Clear commitments should not set irritably; easte                                              | Electronics                                        | portable                                           |               3 |            1079.52 |    0.3480734130782317
 AAAAAAAAGCDDAAAA | Chains wi                                                                                                                                                                                                | Electronics                                        | portable                                           |            78.8 |             964.48 |    0.3109806631148037
 AAAAAAAAGFLBAAAA | Outside, human talks would occur from time to time of course fast men. Schools would transl                                                                                                              | Electronics                                        | portable                                           |            3.09 |            8664.98 |     2.793879838126775
 AAAAAAAAGJPCAAAA | Fresh groups encom                                                                                                                                                                                       | Electronics                                        | portable                                           |            6.66 | 11214.279999999999 |     3.615859562411954
 AAAAAAAAGKOCAAAA | Strategic years account too existing, brave changes; originally total errors shall improve however under the sons. Hands predict both sounds. Tiles get both servants;                                   | Electronics                                        | portable                                           |             2.3 |            1053.33 |    0.3396288796851321
 AAAAAAAAGOODAAAA | Lips could not explain successfully at the classes. Easier typical teachers                                                                                                                              | Electronics                                        | portable                                           |             1.9 |             1944.4 |    0.6269396994861732
 AAAAAAAAHFABAAAA | Private, other thousands may get quickly. Hours might not mislead by a terms; specific bedrooms might think please ready, maximum sta                                                                    | Electronics                                        | portable                                           |           21.62 |            1247.87 |    0.4023550929838567
 AAAAAAAAHFCCAAAA | Chemicals travel just considera                                                                                                                                                                          | Electronics                                        | portable                                           |            3.79 |             883.55 |   0.28488611987297285
 AAAAAAAAHHLAAAAA | Go                                                                                                                                                                                                       | Electronics                                        | portable                                           |            4.11 |            7908.48 |     2.549958894565116
 AAAAAAAAHMPDAAAA | Results offend views. More than white standards used to visit exactly once industrial countries                                                                                                          | Electronics                                        | portable                                           |            5.42 |  5005.110000000001 |     1.613815140555051
 AAAAAAAAIDLBAAAA | Quiet dogs receive somewhat conventional artists. Strong police go on a victims. Left, english women w                                                                                                   | Electronics                                        | portable                                           |            6.29 | 4063.4500000000007 |     1.310192409934731
 AAAAAAAAIGBEAAAA | About detailed trusts will not consider liberal models. Rises integrate profitable owners. New, christian books shall not say responsibilities; socially lesser women say inn                            | Electronics                                        | portable                                           |            5.71 |             1381.6 |   0.44547412508233747
 AAAAAAAAIHACAAAA | Ways call activities. Current, foreign paintings should manage too social, attractive miles. Late wrong times shall take; nearby high difficulties control from a circles. Geographical,                 | Electronics                                        | portable                                           |            2.63 |            1790.65 |    0.5773655486962128
 AAAAAAAAIKOAAAAA | Normal, generous colours take throughout a heels. Metres deal virtually. Readers will hear parameters. As a whole southern buses marry shortly males                                                     | Electronics                                        | portable                                           |             3.9 |           19483.87 |     6.282252418549509
 AAAAAAAAINEEAAAA | Girls should                                                                                                                                                                                             | Electronics                                        | portable                                           |            5.76 |  6454.139999999999 |    2.0810309566147347
 AAAAAAAAJFHBAAAA | Relatively short-term objects ought to go. Quickly i                                                                                                                                                     | Electronics                                        | portable                                           |           14.39 |             2943.2 |    0.9489862803577994
 AAAAAAAAJOMCAAAA | Subject thoughts look to the principles. Efforts shall frustrate humans. M                                                                                                                               | Electronics                                        | portable                                           |            3.49 |            18498.5 |     5.964536119597293
 AAAAAAAAKEECAAAA | Anyway recent periods escape please main arms. Right public brothers touch. Gaps intimidate things. Single, national powers should join perhaps good, shy hous                                           | Electronics                                        | portable                                           |               9 |            1735.44 |    0.5595639951019772
 AAAAAAAAKEJAAAAA | Partly industrial branches could die most foreign sites. Other banks clear there yet good institutions; upright alternative problems could seem parts. Old, s                                            | Electronics                                        | portable                                           |            7.55 |            6583.83 |     2.122847357368881
 AAAAAAAAKMDBAAAA | Methods will not remember from a clothes. Already conservative reforms would recognise more couples. Values should                                                                                       | Electronics                                        | portable                                           |            3.98 |             675.48 |    0.2177973813047317
 AAAAAAAAKONAAAAA | Hours shoot entirely in a hundreds. Concerned, foreign writers would go at an applications. Feelings ought to capture best others. Looks create further. Possible play                                   | Electronics                                        | portable                                           |            8.32 |            1064.36 |    0.3431853212019663
 AAAAAAAAMACAAAAA | Unable, real authorities can identify only. Contacts charge slightly. Patients would take different forces. Remaining birds may see of course relatio                                                    | Electronics                                        | portable                                           |            4.43 |            4936.22 |    1.5916026966661376
 AAAAAAAAMDIDAAAA | Traditional, above women could step extra pri                                                                                                                                                            | Electronics                                        | portable                                           |           99.31 | 7102.4800000000005 |    2.2900774927003478
 AAAAAAAAMEDEAAAA | Networks afford with a elements. Additional, still parents smell in a knees. Military, national scientists handle too vital groups.                                                                      | Electronics                                        | portable                                           |            2.15 |           10938.15 |    3.5268259997606903
 AAAAAAAAMEFCAAAA | More orthodox emotions may not remember probably movies. Guidelines may bring therefore creditors. Severe types might not form then successful, professional patien                                      | Electronics                                        | portable                                           |            7.26 |            7779.37 |     2.508329505241592
 AAAAAAAAMGDCAAAA | Solar, social minutes shall not qualify markets. British, occasional years should ask. Considerable,                                                                                                     | Electronics                                        | portable                                           |            4.45 | 11873.009999999998 |    3.8282561825737136
 AAAAAAAANKIAAAAA | Far, common planes might know more. Big, official results prove into a signals. Sure, free lights s                                                                                                      | Electronics                                        | portable                                           |            2.82 |             1579.6 |    0.5093159582947744
 AAAAAAAAOAMAAAAA | Quiet, other types need most other documents; rooms get into a readers. Variable, international features ought to know too sure true                                                                     | Electronics                                        | portable                                           |           33.28 |             752.76 |   0.24271504226764645
 AAAAAAAAOBBDAAAA | Always notable advantages can read higher strong rights. Nurses must regulate from a lawyers. Mutual attitudes see conditions; ne                                                                        | Electronics                                        | portable                                           |            2.72 |             4156.2 |    1.3400981171592437
 AAAAAAAAOBLCAAAA | Only initial paths may not provide british, clear universities; then previous criticisms will think as really si                                                                                         | Electronics                                        | portable                                           |            0.77 |            9086.88 |     2.929914532229437
 AAAAAAAAOCBCAAAA | Major, western teachers can telephone utterly anyway religious roads. Finally great birds extend aware powers. Widespread schools would not bec                                                          | Electronics                                        | portable                                           |            2.54 |           14558.06 |     4.694006254629541
 AAAAAAAAOHNBAAAA | Hours happen common stairs; new plans shall not consider for instance beforehand good recommendations. Birds blame approximately frequently high changes. Holidays used to think. Young thi              | Electronics                                        | portable                                           |            6.95 | 346.83000000000004 |   0.11182961117711866
 AAAAAAAAOMODAAAA | Maybe new countries might tell ever now open parts. Railways must no                                                                                                                                     | Electronics                                        | portable                                           |            5.44 |           20060.82 |     6.468280426993527
 AAAAAAAAPAMBAAAA | Terrible, fair years might come only, male flowers. Political ci                                                                                                                                         | Electronics                                        | portable                                           |            0.78 |           14535.29 |     4.686664443810111
 AAAAAAAAPDGBAAAA | Blacks work now. Young lines cannot want since capable things; dry, glad services take things. Bad rights must not add only royal, long hands. Elections stick ago level cost                            | Electronics                                        | portable                                           |            4.03 |            3325.54 |    1.0722655051580172
 AAAAAAAAPGABAAAA | Psychological, real tools might suffer ever thin players; even real eyes know else complete eyes. Selective windows would fall dangerous politicians. Great ma                                           | Electronics                                        | portable                                           |            5.43 |            6800.19 |    2.1926090696610165
 AAAAAAAAPKMDAAAA | High men get seriously on a results. Old items shall not build                                                                                                                                           | Electronics                                        | portable                                           |            2.77 |           10633.03 |     3.428445089913323
 AAAAAAAAACIAAAAA | Possible institutions can expect groups. Actively long-term schemes must not win primary problems. Dead areas would not thank c                                                                          | Electronics                                        | scanners                                           |            3.17 |            7374.57 |     2.729748572720948
 AAAAAAAAAFFEAAAA | Words must take directly quite young patterns. Over possible steps shall arrive there mutual miles. C                                                                                                    | Electronics                                        | scanners                                           |            3.49 |                637 |   0.23578999735892991
 AAAAAAAAAIPAAAAA | Boys affect. Dark differences affect of course little environmental eyes; just old voters forget equally. Both black years might specify precisely even british masses. English, true effo               | Electronics                                        | scanners                                           |            7.66 |            2782.44 |    1.0299395922313672
 AAAAAAAAALEEAAAA | Wrong shares like therefore alternative buildings. Only k                                                                                                                                                | Electronics                                        | scanners                                           |            6.84 |            4538.32 |    1.6798908333029494
 AAAAAAAAAPOAAAAA | Clearly sad ships feel for the films.                                                                                                                                                                    | Electronics                                        | scanners                                           |            6.63 |             282.82 |   0.10468779757151109
 AAAAAAAAAPODAAAA | Nuclear, nuc                                                                                                                                                                                             | Electronics                                        | scanners                                           |            8.04 |            8231.16 |    3.0468213416969068
 AAAAAAAABGPAAAAA | E                                                                                                                                                                                                        | Electronics                                        | scanners                                           |            7.15 | 2695.4100000000003 |    0.9977248301118264
 AAAAAAAABJGAAAAA | Individuals include therefore in the years; initial, young minutes remember slowly                                                                                                                       | Electronics                                        | scanners                                           |            8.42 |            8982.89 |    3.3250794495691647
 AAAAAAAABPDAAAAA | Level, sensitive e                                                                                                                                                                                       | Electronics                                        | scanners                                           |            7.56 |              691.5 |    0.2559635528629514
 AAAAAAAACBCAAAAA | Hands take complex funds. Magnificent, pleasant cases must recall often unfortunately stupid years; p                                                                                                    | Electronics                                        | scanners                                           |            0.74 |            9659.56 |     3.575553574393132
 AAAAAAAACCNDAAAA | Schools would want apparently years. Local children suggest nevertheless old, good areas. Good, chinese institutions shall not get rea                                                                   | Electronics                                        | scanners                                           |            1.25 |             782.79 |   0.28975518372464165
 AAAAAAAACKCAAAAA | Workers cannot go le                                                                                                                                                                                     | Electronics                                        | scanners                                           |            3.01 |            2929.66 |    1.0844341030809461
 AAAAAAAACMNBAAAA | Able articles account too unacceptable objectives. Regular views send                                                                                                                                    | Electronics                                        | scanners                                           |            5.51 |  579.8399999999999 |   0.21463182428351948
 AAAAAAAACOLCAAAA | Farms can say in order; popul                                                                                                                                                                            | Electronics                                        | scanners                                           |            8.79 |            5940.44 |    2.1988953405194374
 AAAAAAAACPCEAAAA | Correct, various years leave local residents. Men smell aspects. Professional efforts will not know by a forces. Adult, extern                                                                           | Electronics                                        | scanners                                           |            5.67 |           14098.84 |     5.218784060226021
 AAAAAAAADNMAAAAA | Ever re                                                                                                                                                                                                  | Electronics                                        | scanners                                           |            6.04 | 411.79999999999995 |    0.1524306450744228
 AAAAAAAADOKBAAAA | Foreign police used to turn at once into a cases. Eyes define here consequences. Ve                                                                                                                      | Electronics                                        | scanners                                           |            0.97 |            17297.1 |     6.402642328598345
 AAAAAAAAEHBEAAAA | Germans can lick then now huge sales; still human workers heal around immediate, dry categories. Dangerous offices get. Civil, possible notes pursue again other aspects. Examinations g                 | Electronics                                        | scanners                                           |            1.97 | 3471.7999999999997 |    1.2851110091534268
 AAAAAAAAEJKCAAAA | Possible spots could read nev                                                                                                                                                                            | Electronics                                        | scanners                                           |            0.67 | 11731.919999999998 |     4.342652097041094
 AAAAAAAAENKBAAAA | Complete, british cells may beat quietly things; considerable conditions find military things. Also available feelings miss best i                                                                       | Electronics                                        | scanners                                           |            3.55 |             452.92 |    0.1676515001629616
 AAAAAAAAFACDAAAA | Personnel bet tonight growing, environmental duties; problems see all efficient factors. Silver, glorious risks support                                                                                  | Electronics                                        | scanners                                           |            3.66 |            4879.98 |     1.806358667679169
 AAAAAAAAFANBAAAA | New performances might no                                                                                                                                                                                | Electronics                                        | scanners                                           |            4.36 |           10058.81 |     3.723338749346904
 AAAAAAAAFJEBAAAA | Strong, valid games ought to want most. Valid forms would not get so. Investments will not hold then aware proposals. Children may not save much for the readers. Various records cannot mark with a     | Electronics                                        | scanners                                           |            0.95 |                750 |   0.27761773629387354
 AAAAAAAAGEJDAAAA | Inherent feelings find actually. Total, new pro                                                                                                                                                          | Electronics                                        | scanners                                           |            7.79 |             579.15 |   0.21437641596612914
 AAAAAAAAGMFCAAAA | Strong, prospective ingredients find once well scottish colleagues. Future cells ought to act h                                                                                                          | Electronics                                        | scanners                                           |            7.86 |           10917.32 |     4.041122219727775
 AAAAAAAAGPLDAAAA | Suddenly full weeks may take also                                                                                                                                                                        | Electronics                                        | scanners                                           |             6.9 |             1474.1 |    0.5456484067610653
 AAAAAAAAHBOAAAAA | Ideas might settle rather effective, successful things. Large, recent children speak thereafter for a services. Magazines apply simple, entire service                                                   | Electronics                                        | scanners                                           |            3.38 |            7726.92 |    2.8601733852318096
 AAAAAAAAIDBEAAAA | Temporary countries would support of course on the leaders. Immediate, delicious                                                                                                                         | Electronics                                        | scanners                                           |            0.09 |           14655.28 |     5.424754211137172
 AAAAAAAAIGIDAAAA | Readers establish new, monetary values. Now local patients may repeat too merchants. Basic, j                                                                                                            | Electronics                                        | scanners                                           |             6.9 |  5606.639999999999 |    2.0753369400195774
 AAAAAAAAIMLDAAAA | Commercial, fatal others should remain fully. Traditional communities argue above weak boots. Peoples sleep. Important steps used to attack                                                              | Electronics                                        | scanners                                           |            4.65 |             321.84 |   0.11913132299842699
 AAAAAAAAIPACAAAA | Christian moves make very at last tall members. Acceptable relationships exist in a rates. Left others will not ask just in the collections; empty, great years determine fun aut                        | Electronics                                        | scanners                                           |            7.04 |                    |                      
 AAAAAAAAJFBEAAAA | Completely top buyers come black, possible patients. Only simple differences doubt local, old leaders. Of course foreign doctors make then fixed, internal governments. Huge r                           | Electronics                                        | scanners                                           |            3.49 |            8081.65 |    2.9914791713591775
 AAAAAAAAJNKCAAAA | Details happen already widespread hands. Relations control slowly for the strat                                                                                                                          | Electronics                                        | scanners                                           |            0.69 |           11120.12 |     4.116190055621638
 AAAAAAAAJPBDAAAA | So soft studies can obtain in a children. Relatives should not get too papers. Responsible circumstances study most still effective implications. Companies might not                                    | Electronics                                        | scanners                                           |           51.53 |             1107.8 |   0.41005990435513745
 AAAAAAAAKHFAAAAA | Total eyes cannot deduce more. Usually elderly problems might grow more unlike, good objectives. Objections ignore else bad, national hours.                                                             | Electronics                                        | scanners                                           |            6.18 | 15807.390000000001 |     5.851215771352552
 AAAAAAAAKHJDAAAA | Workers must not incorporate estimated                                                                                                                                                                   | Electronics                                        | scanners                                           |           49.27 |             1601.6 |    0.5928434219310238
 AAAAAAAAKKBEAAAA | Trees could not discover. New words break more with a children. Sports used to see once girls. Then spiritual relations find however wor                                                                 | Electronics                                        | scanners                                           |            4.27 |            5992.66 |    2.2182249381051253
 AAAAAAAAKNPAAAAA | Months wish laboratories. Also effective cigarettes forget then financial countries; resulting, environmental                                                                                            | Electronics                                        | scanners                                           |            80.9 |             2326.2 |     0.861059170889078
 AAAAAAAAKPLBAAAA | Left, essential decisions expect western perceptions; enquiries shall not meet at a stories. True, environmental                                                                                         | Electronics                                        | scanners                                           |            7.87 |           15736.87 |     5.825112301001293
 AAAAAAAALNJBAAAA | Ever clear fields establish always at the levels. Light, lost workers may touch winners; serious, amazing police could stand for instance quantities. Requests free only about a years. Capital c        | Electronics                                        | scanners                                           |            6.36 |            6123.66 |     2.266715502711122
 AAAAAAAAMFLBAAAA | Technological parents could not forestall original, new papers. The                                                                                                                                      | Electronics                                        | scanners                                           |            5.98 |            7775.35 |    2.8781000878567595
 AAAAAAAAMNGAAAAA | Other days can concern almost positive, final sheets. Ways may enable overall behind leading individuals. Political, simple                                                                              | Electronics                                        | scanners                                           |            5.63 |             4354.7 |    1.6119226083185747
 AAAAAAAANIICAAAA | Holy, new islands like there so b                                                                                                                                                                        | Electronics                                        | scanners                                           |             8.9 |           15222.79 |      5.63482199983602
 AAAAAAAAOBODAAAA | Sometimes european damages exert fully available powers. Officials would join. Available companies shall say including the m                                                                             | Electronics                                        | scanners                                           |           80.51 |              933.4 |    0.3455045267422687
 AAAAAAAAOIJAAAAA | Normal settlements could seem working, common bodies; much economic teeth meet conclusions.                                                                                                              | Electronics                                        | scanners                                           |            4.08 |            4727.63 |    1.7499652515133404
 AAAAAAAAOMGCAAAA | Tight responses take to a masters. Views could take before also major children. High, ultimate animals would ensure more rights; smart, normal services ought to see so.                                 | Electronics                                        | scanners                                           |            7.54 |  5251.860000000001 |    1.9440126460431235
 AAAAAAAAONLDAAAA | Clinical scientists emphasize sharp daughters. Again desirable flowers used to promote at a buildings. Sexual changes used to ask even absolu                                                            | Electronics                                        | scanners                                           |            3.69 | 3199.4700000000003 |    1.1843061583202128
 AAAAAAAAPHIBAAAA | Titles may perform there so small members. Wrong, wide thoughts succeed so. Years might in                                                                                                               | Electronics                                        | scanners                                           |            68.2 |             249.68 |   0.09242079519713912
 AAAAAAAAABPBAAAA | Technical changes insert here whole hundreds. Main outcomes will meet. Once trad                                                                                                                         | Electronics                                        | stereo                                             |            7.39 |           11759.11 |     3.317905691155275
 AAAAAAAAAEJDAAAA | Ages ask perfectly industrial, close students; today religious soldiers know formerly for a names. Hands should not get young, sure unions. Soft, white laboratories might not serv                      | Electronics                                        | stereo                                             |            6.25 |            3339.83 |    0.9423537125251078
 AAAAAAAAAMEDAAAA | Urgent, fond men will reflect. Only complex re                                                                                                                                                           | Electronics                                        | stereo                                             |            4.61 |            7345.41 |    2.0725529094352266
 AAAAAAAAANFEAAAA | White risks brighten different                                                                                                                                                                           | Electronics                                        | stereo                                             |            1.96 | 13675.650000000001 |     3.858669318107207
 AAAAAAAAAOIBAAAA | Technical, sexual pounds destroy then sides. Technically able programmes may try particularly today dramatic hospitals. Comparisons light local, exact categories. Small, commercial systems win.        | Electronics                                        | stereo                                             |            3.64 |           15481.94 |     4.368325224963836
 AAAAAAAABDPDAAAA | Thoughts say also coherent, corporate tanks. Old, political centres ought to concede in a requests; particular russians would invest subsequent influences. Mari                                         | Electronics                                        | stereo                                             |            1.16 |             404.39 |   0.11410114221622908
 AAAAAAAABHBEAAAA | Large incidents feel now awful, sure sources. Much annual factors think still good, abstract numbers. Once coming owners take again bare                                                                 | Electronics                                        | stereo                                             |            4.81 |             622.54 |   0.17565351535718304
 AAAAAAAACADAAAAA | Politica                                                                                                                                                                                                 | Electronics                                        | stereo                                             |            5.46 |             3772.6 |    1.0644624474515834
 AAAAAAAACFGAAAAA | Sad, decisive years offer seats. Soft colours miss right exclusive houses; double personnel en                                                                                                           | Electronics                                        | stereo                                             |            1.43 |            6317.82 |    1.7826120287755296
 AAAAAAAACNDBAAAA | Strange principles create all. Ago efficient reports might tell briefly in a words; things make just english stars. General restrictions shall not seem heavily parents. Inc men will belong poss        | Electronics                                        | stereo                                             |            2.93 |  4581.099999999999 |     1.292585728150466
 AAAAAAAACNKBAAAA | Single newspapers go. Particular, front ideas used to call subject to                                                                                                                                    | Electronics                                        | stereo                                             |            0.34 |             835.72 |   0.23580357222717419
 AAAAAAAACPIDAAAA | Po                                                                                                                                                                                                       | Electronics                                        | stereo                                             |            6.63 |            1260.01 |    0.3555196226510814
 AAAAAAAADGDBAAAA | Physical millions shall not bring. Easy good terms eliminate hardly deep local days; at once local plants would not let only recent, exten                                                               | Electronics                                        | stereo                                             |           67.59 |            9922.26 |     2.799627091091276
 AAAAAAAADGNAAAAA | Either exact years take certainly new earnings. Expensive months must recreate future, great things. Adverse discussions wash on                                                                         | Electronics                                        | stereo                                             |            4.97 | 2065.1099999999997 |     0.582683572299406
 AAAAAAAAECCDAAAA | Accurate hundreds used to c                                                                                                                                                                              | Electronics                                        | stereo                                             |            8.95 |           16363.91 |     4.617178521040513
 AAAAAAAAEFBDAAAA | As able yards should illustrate grateful windows. Later educational things foresee economic, royal authorities. Much local clergy shall see children. Corpora                                            | Electronics                                        | stereo                                             |             0.1 |            6738.59 |    1.9013348894059179
 AAAAAAAAEGAEAAAA | Wonderful officers know indeed thus social rates; new, difficult words see on a prices. Upright natural organs offer for example; artificial, true items shall not read. Periods s                       | Electronics                                        | stereo                                             |            9.92 |             211.56 |   0.05969296384001935
 AAAAAAAAEKMDAAAA | Political casualties can trace; international stories date as prizes. Here apparent rats may understand absolutely economic texts. Lucky, hard homes should not win sports. Alone years must break       | Electronics                                        | stereo                                             |            4.65 |             584.12 |   0.16481307448587681
 AAAAAAAAFENDAAAA | Studies tell readily in a tickets; black, small circumstances should not know there major, philosophical things. Arbitrary grants affect anonymous boats. Familiar                                       | Electronics                                        | stereo                                             |            0.65 |             2131.6 |    0.6014441374616433
 AAAAAAAAFIDAAAAA | In order concerned types give flowers. Top, new comments wear wh                                                                                                                                         | Electronics                                        | stereo                                             |            2.12 |            2466.53 |    0.6959467106273537
 AAAAAAAAFKNAAAAA | Inc, foreign sums come young woods; capital babies take at once long voters. Options would die. Whole items would interview                                                                              | Electronics                                        | stereo                                             |             4.5 |            1905.22 |     0.537569618865956
 AAAAAAAAFPNBAAAA | Rough, different school                                                                                                                                                                                  | Electronics                                        | stereo                                             |            5.63 | 485.58000000000004 |   0.13700940339117318
 AAAAAAAAGBLCAAAA | Whole months fix even to a effects; clothes remain so differences. Also certain hundreds might go almost good months. There dead shoulders can know more a                                               | Electronics                                        | stereo                                             |            2.59 |           10344.04 |    2.9186349294749188
 AAAAAAAAGHKAAAAA | Social, sensitive ot                                                                                                                                                                                     | Electronics                                        | stereo                                             |            7.33 |            1107.68 |   0.31253877002416636
 AAAAAAAAGIBBAAAA | Cognitive                                                                                                                                                                                                | Electronics                                        | stereo                                             |            2.34 |            5845.76 |    1.6494173770912814
 AAAAAAAAGODDAAAA | Often fascinating rocks examine clear novels. New resources shake curious citizens. Now narrow errors must recapture. For instance poor companies would not see widely                                   | Electronics                                        | stereo                                             |            8.34 |             1158.3 |     0.326821516429828
 AAAAAAAAHCDEAAAA | Other figures might travel especially new weeks. Yet broad centres watch. Various, powerful persons leave sides. Psychological, cheap others get yet well american injuries. Different, full relationshi | Electronics                                        | stereo                                             |            3.34 |  4870.450000000001 |    1.3742276221148717
 AAAAAAAAHPPDAAAA | Elsewhere high orders must suggest. Yet reliable arts want ever average, voluntary factors. Informally formidable arts ta                                                                                | Electronics                                        | stereo                                             |            0.16 |  7629.200000000001 |    2.1526260149757785
 AAAAAAAAIALBAAAA | Actual events should succeed on a troops. Hard human services succeed great ideas. Increasing sports persuade less like a months. Truly illegal men go with a awards. Relative, specific months could i  | Electronics                                        | stereo                                             |            2.62 |            2641.64 |    0.7453550812930076
 AAAAAAAAIKICAAAA | Now successful others could know much definitions; bills can insist better however identical needs. Real cases go too dirty patients. Quite whole patients ought to send as against a bounda             | Electronics                                        | stereo                                             |            3.03 |            3302.88 |    0.9319280412550723
 AAAAAAAAJCIAAAAA | Calculations might extend at least dirty orders; years come wild together involved members. Annual, historical observations may install ever under a hands. Actual, male things                          | Electronics                                        | stereo                                             |           25.93 |            3707.91 |    1.0462097634337595
 AAAAAAAAJIBEAAAA | Groups used to appear. Plants beat very efforts. Welsh, foreign limits go normally members; details mind natural, new kinds; provisions mar                                                              | Electronics                                        | stereo                                             |            2.38 |  887.6999999999999 |    0.2504700510530591
 AAAAAAAAJJNDAAAA | Possible, spanish customers take. Poor, ready students remove more than whole, red strategies. Similar videos would not retain in a estates. Sweet systems must agree completely                         | Electronics                                        | stereo                                             |            3.22 |            2478.48 |    0.6993184771138738
 AAAAAAAAKACBAAAA | Big libraries used to meet citizens. Reports expand readily copies. Police may end now efforts. Years get paymen                                                                                         | Electronics                                        | stereo                                             |            4.67 |            4212.36 |    1.1885434541555298
 AAAAAAAAKAHDAAAA | Overall, primary churches raise for instance local, specified men. Major subjects give at once national, active units. Chemical, human families might not manufact                                       | Electronics                                        | stereo                                             |            4.79 |  5261.179999999999 |    1.4844745107573876
 AAAAAAAAKBCAAAAA | Too serious regulations shall accept parts. Still tropical forces think direct feet. Children will need more boys; safe, possible shares used                                                            | Electronics                                        | stereo                                             |            0.15 |            5706.52 |     1.610129949009015
 AAAAAAAAKGPDAAAA | That is delicious minutes enjoy at once holy details.                                                                                                                                                    | Electronics                                        | stereo                                             |           25.43 |            7431.24 |     2.096770375337991
 AAAAAAAAKOKBAAAA | Already active houses can cope before. Lines beat forms. Others will steal. Only upper times provide as obvious clients. Flat spanish affairs might depend courses. Able, glad indians would s           | Electronics                                        | stereo                                             |            6.52 | 1742.5500000000002 |    0.4916712712205792
 AAAAAAAAKPFBAAAA | In order equivalent things could not stay amazing hours. Commonly grand children would look too laws. Pages shall serve appropriate parents; finely certain teachers may arrive resources                | Electronics                                        | stereo                                             |             2.6 |  7494.969999999999 |    2.1147521894121275
 AAAAAAAALFHCAAAA | Right, special pensioners used to define just. Als                                                                                                                                                       | Electronics                                        | stereo                                             |            4.97 |            2133.44 |      0.60196330485371
 AAAAAAAALODAAAAA | Intelligent, young trades would go white children. Well available directions say necessary purposes. Seats determine. Weekly light groups escape tonight risks. European, unchanged leav                 | Electronics                                        | stereo                                             |             2.7 |            7733.33 |     2.182006939180076
 AAAAAAAAMCHBAAAA | Old, willing regulations cannot name far from stations. Good proteins hope even on the locations. Beautiful, complex beliefs commit black                                                                | Electronics                                        | stereo                                             |           94.95 |             475.58 |   0.13418784147776708
 AAAAAAAAMFBBAAAA | R                                                                                                                                                                                                        | Electronics                                        | stereo                                             |            1.94 | 5603.1900000000005 |    1.5809747497577897
 AAAAAAAAMFFAAAAA | Sectors may not stamp somewhat real words. Warm men should take often across wrong profits; bitter, alone arrangements get really national, demanding members; white, social consumers m                 | Electronics                                        | stereo                                             |               7 |            2362.41 |    0.6665686079849693
 AAAAAAAAMHGAAAAA | Days like. Months ask pure senses. Normal, old patients take records. Doors grow. Scientificall                                                                                                          | Electronics                                        | stereo                                             |           88.61 | 7718.9800000000005 |     2.177957997834338
 AAAAAAAAMIMCAAAA | New games must stick more special rules. Authorities shall encourage under american children. Both common sales shal                                                                                     | Electronics                                        | stereo                                             |             7.6 |  6516.860000000001 |    1.8387723970999645
 AAAAAAAAMKBAAAAA | Separate emissions remember within                                                                                                                                                                       | Electronics                                        | stereo                                             |            0.76 |              635.4 |   0.17928204397782327
 AAAAAAAAMKFEAAAA | Safe, young regions settle accidents. Alternatively long experiments would enjoy doubtless professional, only improvements; corporate, available characters used to use wrong, practical cases. Scores   | Electronics                                        | stereo                                             |            1.51 |           20691.96 |     5.838364624972239
 AAAAAAAAMNDBAAAA | Independent, responsible improvements help then into a efforts. Constraints enforce sounds;                                                                                                              | Electronics                                        | stereo                                             |            1.76 |            7297.65 |     2.059077129736799
 AAAAAAAAMNEAAAAA | Grateful eyes might press so ol                                                                                                                                                                          | Electronics                                        | stereo                                             |            4.27 |           11120.49 |    3.1377151042413347
 AAAAAAAANMKCAAAA | Tiny officers ought to help. Likewise major terms shall explain. Indeed sharp consequences will seem completely clubs. Police should come directors. Also low police could not claim instead             | Electronics                                        | stereo                                             |           73.16 | 2506.7799999999997 |     0.707303497328813
 AAAAAAAANNCDAAAA | Other members protect. Big, sensible services hold then very new circumstances. All irish pieces must come r                                                                                             | Electronics                                        | stereo                                             |             3.8 |             2241.7 |    0.6325095341282443
 AAAAAAAAOAACAAAA | Rapidly impossible decisions act roughly strong metres; social shareholders strengthen also unique brothers. Coherent others occur wrong additional, crucial                                             | Electronics                                        | stereo                                             |            1.65 |             725.53 |   0.20471278150335243
 AAAAAAAAOBHBAAAA | Childr                                                                                                                                                                                                   | Electronics                                        | stereo                                             |            6.12 |            2398.26 |    0.6766839074445302
 AAAAAAAAODKCAAAA | Previously narrow colours expect to a interests. Other, english sales sort potentially chief conferences. National, classic effort                                                                       | Electronics                                        | stereo                                             |            4.71 |            2802.77 |    0.7908189084037202
 AAAAAAAAOEOAAAAA | Pressures must not live at least large years. Mutual, disastrous factors go in a bus                                                                                                                     | Electronics                                        | stereo                                             |            1.74 |           25822.86 |     7.286079827121772
 AAAAAAAAOJDDAAAA | National, medical men will buy downstairs connections. Eager members meet much sexual seconds                                                                                                            | Electronics                                        | stereo                                             |            4.75 |            5110.32 |    1.4419084277317435
 AAAAAAAAOMBCAAAA | Yet impossible faces should not bear too american nuclear parts. Keen, close hours should n                                                                                                              | Electronics                                        | stereo                                             |            4.41 |             1564.9 |   0.44154622382891984
 AAAAAAAAOMOBAAAA | Currently european games                                                                                                                                                                                 | Electronics                                        | stereo                                             |             7.6 |           19304.03 |    5.4467515823248664
 AAAAAAAAPFHBAAAA | Estimated, very inte                                                                                                                                                                                     | Electronics                                        | stereo                                             |            1.14 |            9229.32 |    2.6041097798637143
 AAAAAAAAPHFEAAAA | Single records ought to measure white couples. Problems would experience hard yards. Then traditional patients cannot give like dates. Basic years should th                                             | Electronics                                        | stereo                                             |            3.41 | 1303.8400000000001 |   0.36788652851754033
 AAAAAAAAPMCCAAAA | Else other patterns could not ride more grateful, decisive conditions. White, social stone                                                                                                               | Electronics                                        | stereo                                             |            9.77 |            5868.76 |    1.6559069694921154
 AAAAAAAAPNJAAAAA | Actually narrow shares should                                                                                                                                                                            | Electronics                                        | stereo                                             |            7.53 |  4569.049999999999 |    1.2891857460448117
 AAAAAAAAPPDEAAAA | Recent tickets know more rapid, other plans. Tickets join more bad experiences. Prime, new metres require now careful fields; stra                                                                       | Electronics                                        | stereo                                             |            3.72 | 10582.759999999998 |     2.985991255471748
 AAAAAAAAAAIDAAAA | Efforts manipulate as the operations. A little american seats can see surely american, twin duties. Special children must restric                                                                        | Electronics                                        | televisions                                        |             9.3 |            5310.46 |    2.0260443563795563
 AAAAAAAAAFDDAAAA | However conservative clouds like perfectly to the others; quite right reasons exam                                                                                                                       | Electronics                                        | televisions                                        |            3.25 |           15845.58 |     6.045398690991132
 AAAAAAAAAIPCAAAA | Sufficient transactions slow systematic mothers; broken responsibilities adopt of course primary, intelligent policies. Original times should                                                            | Electronics                                        | televisions                                        |            8.55 | 2739.4000000000005 |    1.0451346794564234
 AAAAAAAAAPEAAAAA | States follow big agencies. Days call illegal children                                                                                                                                                   | Electronics                                        | televisions                                        |            1.39 |            3934.19 |    1.5009704331498377
 AAAAAAAABGMAAAAA | Gifts come. Various, social costs would transmit very current problems. Special, british lights used to see here on to a estates. Helpful signs protect sorts. Th                                        | Electronics                                        | televisions                                        |            0.38 |             332.36 |   0.12680184057243804
 AAAAAAAACDDDAAAA | Views make whole views. Final, poor enemies drink public, equal projects. Electric measures understand pleasant, long clothes; classes look secondly such as a books; suspicious, other ac               | Electronics                                        | televisions                                        |            0.65 |             840.19 |   0.32054891813261743
 AAAAAAAACLAEAAAA | Actually red others can neg                                                                                                                                                                              | Electronics                                        | televisions                                        |            1.52 |            6179.47 |     2.357588668197628
 AAAAAAAACMPCAAAA | Experiences renew less contrary, anonymous ministers. Public areas help even times; much light waters ought to make temporarily for a of                                                                 | Electronics                                        | televisions                                        |            0.16 |            2285.94 |    0.8721308203097816
 AAAAAAAADHAAAAAA | Average publications shall cover whole years. Disciplinary, odd e                                                                                                                                        | Electronics                                        | televisions                                        |            9.78 |           15571.86 |     5.940969157348433
 AAAAAAAADJNAAAAA | Only, generous weaknesses warn so machines. Still golden members shall blind more wrong military records. Much required sal                                                                              | Electronics                                        | televisions                                        |            4.41 |              79.38 |   0.03028502257985357
 AAAAAAAAEBBBAAAA | Much high ideas break seldom with a workers. Fans used to suggest almost consistent, national factors. So chinese men cut really months. Quickly extensive shares used to show tragic, expensive cases.  | Electronics                                        | televisions                                        |            3.54 |            3180.61 |    1.2134649240074082
 AAAAAAAAEFIDAAAA | Environmental, dark masters should witness. Resources drive far likely teams. Notions can reveal still essential, tall copies. At least hot evenings deny pp.. General cats hear with a papers.          | Electronics                                        | televisions                                        |             0.2 | 11508.989999999998 |     4.390904787368466
 AAAAAAAAEGLBAAAA | Central thousands visit attitudes. Contents ought to ignore better widespread poems. For example significant friends rule then difficult, national arts. Gastric, fol                                    | Electronics                                        | televisions                                        |            2.49 |            5904.46 |     2.252666974324039
 AAAAAAAAELHDAAAA | Only proper processes hold probably technical rates. Mutual, certain officials buy for a magazines. High causes ought to ascertain remote rights. Alw                                                    | Electronics                                        | televisions                                        |            9.84 |            10327.8 |     3.940257699675128
 AAAAAAAAEMOBAAAA | Similar nurses should plan really doubtful tactics. Scottish needs install strongly new, weak years. Ready, blank bottles should not lead f                                                              | Electronics                                        | televisions                                        |            7.83 | 3328.4700000000003 |    1.2698764059758783
 AAAAAAAAEOCCAAAA | Properties could fulfil used patterns. Years assess instead good, strange names. Vital acres could not join better subjects. Times ought to                                                              | Electronics                                        | televisions                                        |            6.73 |            1820.22 |    0.6944495313718955
 AAAAAAAAEOFCAAAA | Financial, wonderful walls update however social, determined subjects                                                                                                                                    | Electronics                                        | televisions                                        |            1.66 |            2496.67 |    0.9525284369418369
 AAAAAAAAFKNDAAAA | Funds establish; medieval problems make briefly super, critical effects; bravely unique hours used to get at first on a products; unions used to check physical, ec                                      | Electronics                                        | televisions                                        |            0.59 |            5980.22 |     2.281570896100931
 AAAAAAAAFNOCAAAA | Col                                                                                                                                                                                                      | Electronics                                        | televisions                                        |            6.06 |           14117.31 |     5.386029883053572
 AAAAAAAAGBKAAAAA | Safe, great demands would assume now too able parents. Ready, only se                                                                                                                                    | Electronics                                        | televisions                                        |           13.24 |  7841.299999999999 |     2.991609316646583
 AAAAAAAAGCAAAAAA | Early, full rights should make also other, young neighbours. Reasons used to follow ultimately matters. Really united skills might not belie                                                             | Electronics                                        | televisions                                        |            2.72 |            3442.86 |    1.3135184283103383
 AAAAAAAAGDBDAAAA | Additional wages buy possible directors. New, supreme standards return inextricably mean, democratic forces. Mountains shall not try safe days. Old citizens hear. Workers would find now circu          | Electronics                                        | televisions                                        |            0.34 |           13599.73 |      5.18856298979481
 AAAAAAAAGIGDAAAA | Pictures walk marked, fine rights. New, creative m                                                                                                                                                       | Electronics                                        | televisions                                        |            8.37 |  8491.050000000001 |    3.2395016499957885
 AAAAAAAAGNGBAAAA | Commercial, clear police could wait sole, labour mines. Other, initial rates may know to a gir                                                                                                           | Electronics                                        | televisions                                        |            0.35 |             1092.3 |   0.41673381410902055
 AAAAAAAAHBBEAAAA | Head, dem                                                                                                                                                                                                | Electronics                                        | televisions                                        |            4.97 |            5100.55 |     1.945959585785741
 AAAAAAAAHEFDAAAA | Clear plans might give finally; never agricultural activities ought to write in a nations; and so                                                                                                        | Electronics                                        | televisions                                        |            4.28 |  9355.949999999999 |     3.569477916427072
 AAAAAAAAHFLCAAAA | Environmentally tall fingers accelerate ill markedly right students. Cuts could like proper needs. Yet harsh members would anticipate forward at a costs. Good, conte                                    | Electronics                                        | televisions                                        |            7.82 |            8917.55 |    3.4022197418363964
 AAAAAAAAHILCAAAA | Working, important states cannot ensure prizes. Necessary months end thus in a workers. Countries make; new, violent boys would continue thus comprehensive mothers. Usually national grounds ship i     | Electronics                                        | televisions                                        |             2.3 |           10353.88 |    3.9502077297693905
 AAAAAAAAIGODAAAA | Less fresh limits must not count seldom possible, available troops. Pure features would want. Cultural, fair families discuss even there l                                                               | Electronics                                        | televisions                                        |            4.13 |            3549.24 |    1.3541044789785774
 AAAAAAAAIKBDAAAA | Rough prices mak                                                                                                                                                                                         | Electronics                                        | televisions                                        |            1.77 |  5670.860000000001 |     2.163544005381562
 AAAAAAAAIMKBAAAA | Obviously internal forces cannot recoup races; internal, strange devices disregard unique, political systems. Small miles would buy then also new failures. Infrequently cr                              | Electronics                                        | televisions                                        |            5.67 |                    |                      
 AAAAAAAAIOABAAAA | Parental proposals face recently cheerful, regulatory sides. Conditions work as well fast difficult buildings. Prices indicate under. Customers ought to pay f                                           | Electronics                                        | televisions                                        |            5.24 |  909.1500000000001 |   0.34685850690947184
 AAAAAAAAJGLCAAAA | Involved, easy levels stay so old effects. Northern demands must not win perhaps for a degrees. Programmes offer true, brown parties.                                                                    | Electronics                                        | televisions                                        |            1.14 |              10.85 |  0.004139487213295682
 AAAAAAAAJILDAAAA | Religious, useful talks make at a shares. Practical appli                                                                                                                                                | Electronics                                        | televisions                                        |           34.56 |            4344.34 |    1.6574506802035909
 AAAAAAAAJOFDAAAA | Effectively yo                                                                                                                                                                                           | Electronics                                        | televisions                                        |           54.66 |            6246.98 |    2.3833450536141805
 AAAAAAAAKIBBAAAA | Attractive members would argue likely, new days. Loc                                                                                                                                                     | Electronics                                        | televisions                                        |            3.79 | 3713.7000000000003 |    1.4168491856236105
 AAAAAAAAKJECAAAA | Experiments look. National courses may write seats; now other numbers may benefit pensioners. Plans like again. Aware, bad children get local weeks. Sure patient                                        | Electronics                                        | televisions                                        |             8.4 |            1253.72 |    0.4783187012952131
 AAAAAAAAKMNAAAAA | Strongly similar departme                                                                                                                                                                                | Electronics                                        | televisions                                        |           60.85 |            4396.18 |    1.6772286541332913
 AAAAAAAAKPICAAAA | Middle steps shall not cry just things. Studies may not write never instructions. There general barriers might release significantly measures. Voluntary employers stop obviously recently h             | Electronics                                        | televisions                                        |            8.57 | 1512.6999999999998 |    0.5771246366407721
 AAAAAAAAMDBAAAAA | Men stay however with a years. Just evident relationships should not object often naval, single sales. Further local police should not                                                                   | Electronics                                        | televisions                                        |            5.29 | 12335.769999999999 |     4.706337528217185
 AAAAAAAAMFCDAAAA | Basic hou                                                                                                                                                                                                | Electronics                                        | televisions                                        |            2.58 |            1061.08 |    0.4048227734823762
 AAAAAAAAMODCAAAA | Available, wrong words transfer much wet, high parts. Earlier free tracks could produce similar, available years. Problems must not get well c                                                           | Electronics                                        | televisions                                        |           75.28 | 1073.8400000000001 |   0.40969096305303554
 AAAAAAAANCDBAAAA | Really likely arms make cells. Current, major children say. Specia                                                                                                                                       | Electronics                                        | televisions                                        |            1.53 |            9544.29 |    3.6413333101369445
 AAAAAAAANDMAAAAA | Much other schools would nod. Mere, different lovers keep more. Similar discussions brea                                                                                                                 | Electronics                                        | televisions                                        |            3.44 |            4141.17 |    1.5799373514362838
 AAAAAAAAPLHBAAAA | Continuous numbers will take places; as conscious shows give other values. Instances guess also now red regulations; silly things set secondary, primary contracts                                       | Electronics                                        | televisions                                        |            8.87 |           12314.67 |     4.698287465525892
 AAAAAAAAPLPCAAAA | Properly roman languages must go le                                                                                                                                                                      | Electronics                                        | televisions                                        |            7.97 | 10052.470000000001 |     3.835213919542714
 AAAAAAAAABICAAAA | Drawings can support often a little unusual elements. Ready, blind police seek rapidly companies. P                                                                                                      | Electronics                                        | wireless                                           |           25.06 | 3424.1499999999996 |     1.104802048569475
 AAAAAAAAAGDBAAAA | Th                                                                                                                                                                                                       | Electronics                                        | wireless                                           |            0.21 |            6927.19 |     2.235057956815555
 AAAAAAAABEODAAAA | Close huge areas will take peculiar conditions. Lucky, public others shall talk even slightly red bills. Ages should not step more honest, open ears; blank negotiations will make earlier polit         | Electronics                                        | wireless                                           |            7.68 | 7138.4400000000005 |    2.3032177724662426
 AAAAAAAABKFAAAAA | Years judge worst local changes. Flowers must monitor                                                                                                                                                    | Electronics                                        | wireless                                           |            9.95 |  5869.469999999999 |     1.893784583040193
 AAAAAAAABKIDAAAA | Fresh, new provisions ought to learn now companies. Then present activities know sometimes. Parti                                                                                                        | Electronics                                        | wireless                                           |            7.29 |            1362.12 |    0.4394880383153348
 AAAAAAAABODBAAAA | Russian, national rules generate special, conservative months. Available, slight terms might build                                                                                                       | Electronics                                        | wireless                                           |            3.75 | 19246.230000000003 |    6.2097963965478415
 AAAAAAAACADCAAAA | Simultaneously technical activities ought to want. Debts love available, big things. Calls must go before against the restaurants;                                                                       | Electronics                                        | wireless                                           |            6.41 | 1490.9299999999998 |   0.48104858673647105
 AAAAAAAACGEBAAAA | Very eventual methods c                                                                                                                                                                                  | Electronics                                        | wireless                                           |            0.86 | 20958.710000000003 |      6.76232809408862
 AAAAAAAACJNCAAAA | Wild notes must not deliver only great, silent student                                                                                                                                                   | Electronics                                        | wireless                                           |            7.87 |            1296.56 |    0.4183351033375403
 AAAAAAAACKICAAAA | More sure brothers could not detect high friends. Apparent tactics shall drink modern christians. Full, good premises can see to a things. Childr                                                        | Electronics                                        | wireless                                           |            3.24 | 5260.7699999999995 |     1.697387518961739
 AAAAAAAACLCBAAAA | Secret premises should respond with the regulations. Machines would allow informal, new attitudes. Expenses                                                                                              | Electronics                                        | wireless                                           |             1.6 |            3671.71 |     1.184677286261708
 AAAAAAAADHGDAAAA | Busily front theories could sit then general police; good, good resources seek however modern prices. Foreign things should not meet only, annual terms. Tools risk best national                        | Electronics                                        | wireless                                           |            5.19 |            5797.91 |    1.8706957479729118
 AAAAAAAADICDAAAA | Criminal, different wings look hardly hard bodies. So strong bands must invest high parents. Ext                                                                                                         | Electronics                                        | wireless                                           |            8.16 | 3171.9399999999996 |    1.0234264883078896
 AAAAAAAAEAECAAAA | Moreover capital figures would not feel with a students. Internal, other databases follow already. Other, other courses risk from a lines; however ethical investors note                                | Electronics                                        | wireless                                           |            9.84 |             269.62 |    0.0869928970212467
 AAAAAAAAEAKAAAAA | Rather essential women need also also inherent ideas; though effective windows                                                                                                                           | Electronics                                        | wireless                                           |            1.61 |            7296.82 |    2.3543190818284008
 AAAAAAAAEIKDAAAA | Units renew to no children. Holders extend dependent representations. Potential, to                                                                                                                      | Electronics                                        | wireless                                           |            7.52 |            4086.48 |    1.3185028329477941
 AAAAAAAAEILAAAAA | Good authors believe always from a years. Suddenly related grounds will not dump n                                                                                                                       | Electronics                                        | wireless                                           |            4.08 |            5510.57 |    1.7779854926873802
 AAAAAAAAENJDAAAA | Difficult qualifications change today questions. Private, early plants will own always deep jobs; waters get in general. Aspects apply large accounts. Welsh months exhibit secure, unusual author       | Electronics                                        | wireless                                           |            9.44 |               1770 |    0.5710905263986599
 AAAAAAAAEOLAAAAA | Here overseas wings decrease tenants. Legs might not shut almost nuclear drinks. Northern, likely authors speak great colours. British schools talk respectively                                         | Electronics                                        | wireless                                           |               4 |  721.4499999999999 |   0.23277585326006392
 AAAAAAAAFCHCAAAA | Never remaining subjects should ensure sideways right personal seconds. Indeed new lives should not hold mo                                                                                              | Electronics                                        | wireless                                           |           26.99 | 1636.6100000000001 |    0.5280522409092151
 AAAAAAAAFEICAAAA | Basic, angry areas add as. Odd techniques ensure ahead early criteria. Buildings stabili                                                                                                                 | Electronics                                        | wireless                                           |            6.92 |            3595.38 |    1.1600494106232846
 AAAAAAAAFGLAAAAA | Consistent c                                                                                                                                                                                             | Electronics                                        | wireless                                           |             5.4 |  7439.410000000002 |    2.4003257474550592
 AAAAAAAAFJBBAAAA | Huge, natural friends can m                                                                                                                                                                              | Electronics                                        | wireless                                           |            9.99 |           15243.64 |     4.918360673351224
 AAAAAAAAFOECAAAA | Industrial units favour shows. Other, national conclusion                                                                                                                                                | Electronics                                        | wireless                                           |            5.86 |            5725.85 |     1.847445587898173
 AAAAAAAAGECEAAAA | Rather sophisticated musicians throw huge students;                                                                                                                                                      | Electronics                                        | wireless                                           |             6.6 |           12440.18 |     4.013824262539028
 AAAAAAAAGFCAAAAA | Red                                                                                                                                                                                                      | Electronics                                        | wireless                                           |            3.64 |            1702.91 |    0.5494439368980463
 AAAAAAAAGFMAAAAA | British teachers set open speakers; now chemical features want ever economic cases. Measures might call sometimes extra, high techniques. Of course scottish officers might ask however home other pr    | Electronics                                        | wireless                                           |            6.41 |               2536 |    0.8182404378231646
 AAAAAAAAGOGAAAAA | Of course american attempts can note local, established years. Average auditors settle nationally.                                                                                                       | Electronics                                        | wireless                                           |            2.57 |             1501.2 |     0.484362202389643
 AAAAAAAAHDLBAAAA | Very local schools can include then head, considerable troubles. Reservat                                                                                                                                | Electronics                                        | wireless                                           |            3.02 |             513.87 |    0.1658001631641126
 AAAAAAAAHMKCAAAA | Daily colleagues could cut too old cells; games would move painfully from a criteria. Classic interests involve only popular institutions. Formal, logical students cannot tell through the moth         | Electronics                                        | wireless                                           |            3.93 |            8369.77 |    2.7005064153309104
 AAAAAAAAIIPDAAAA | Large objects ask personal fingers. Funny, long drivers heed further little attitudes. Reasonable, late exam                                                                                             | Electronics                                        | wireless                                           |             2.8 |  7029.570000000001 |    2.2680908653425016
 AAAAAAAAJDPBAAAA | Courses will not sing generally necessary fe                                                                                                                                                             | Electronics                                        | wireless                                           |            7.19 |           19160.22 |     6.182045268765045
 AAAAAAAAJGHAAAAA | Only obvious individuals win always old-fashioned manufacturers. Yet manufacturing ends realize notably full, international years; details come therefore in the result                                  | Electronics                                        | wireless                                           |            0.37 |            5392.08 |    1.7397546924201615
 AAAAAAAAJJJBAAAA | At all modern months pay possible, entire boats.                                                                                                                                                         | Electronics                                        | wireless                                           |            5.09 |             764.04 |   0.24651751739527236
 AAAAAAAAJMPBAAAA | Fundamental yards must play to a goods. Different abilities should direct bloody, wet words. Dates would make a bit slightly typical companies. Requirements write so quiet, british                     | Electronics                                        | wireless                                           |             4.5 |            2362.29 |    0.7621929037323674
 AAAAAAAAKDKDAAAA | New advantages write far. Available evenings cut very clear beliefs. P                                                                                                                                   | Electronics                                        | wireless                                           |            6.79 |            2181.02 |    0.7037061355288164
 AAAAAAAAKOBAAAAA | Honest, typical months live thoroughly in a places; houses announce associations. Previous increases try on a objects; specialist plans might not dislodge too. Here massive teeth would not watch now.  | Electronics                                        | wireless                                           |            4.49 | 1617.9300000000003 |    0.5220251386306124
 AAAAAAAALBMBAAAA | At                                                                                                                                                                                                       | Electronics                                        | wireless                                           |            9.34 | 11463.400000000001 |    3.6986661809708465
 AAAAAAAALFOBAAAA | Also real voices see. Imports should buy conservative penalties. Now e                                                                                                                                   | Electronics                                        | wireless                                           |            0.22 |            8171.75 |    2.6366152593775416
 AAAAAAAALHOCAAAA | Altogether following fields move national, usual quarters; chief, existing countries know large, great minerals. Single, other lines ought to thin                                                       | Electronics                                        | wireless                                           |            2.26 |            7501.76 |    2.4204429758849777
 AAAAAAAALLDDAAAA | Formal, immediate weeks will encourage more independently top leaders. Well short hours sample. Directors comfort private, main tasks. Twin, confident assets asse                                       | Electronics                                        | wireless                                           |            1.13 |            4595.18 |    1.4826348955347988
 AAAAAAAALLFBAAAA | Accidents would not leave thereby possible ways. Leaders would find in a years; highly normal advantages produce there amongst the goals. Goods give large changes. Prec                                 | Electronics                                        | wireless                                           |            0.17 |             851.44 |    0.2747171286987994
 AAAAAAAALNOCAAAA | Responsible, senior services influence. Guns see and so on main, particular priorities                                                                                                                   | Electronics                                        | wireless                                           |            8.53 |  4897.030000000001 |    1.5800268025367399
 AAAAAAAAMBGDAAAA | Usually old words should achieve only educational c                                                                                                                                                      | Electronics                                        | wireless                                           |            9.24 |            2897.36 |    0.9348332472126673
 AAAAAAAAMEICAAAA | Surprising suggestions hide children. Monetary, neutral arrangements nominate too paintings. Once again industrial feelings unite regularly protests. Excellent, british histor                          | Electronics                                        | wireless                                           |            8.04 |            3372.67 |    1.0881920258016768
 AAAAAAAAMFJCAAAA | Very deliberate soldiers suit so to the women. Common, whole clients shift less                                                                                                                          | Electronics                                        | wireless                                           |            4.69 |  6395.799999999999 |      2.06360496539014
 AAAAAAAAMFKCAAAA | Parents produce enough serious women. Impossible consumers could not face in the part                                                                                                                    | Electronics                                        | wireless                                           |            0.23 |            4116.84 |     1.328298487400598
 AAAAAAAAMKIBAAAA | Other years would look bla                                                                                                                                                                               | Electronics                                        | wireless                                           |             5.5 |            6090.55 |    1.9651160483374903
 AAAAAAAAMOIBAAAA | More true issues shall not get principally at a weapons. Anxious negotiations must recreate yet troubles. Details can                                                                                    | Electronics                                        | wireless                                           |            1.72 |            1198.16 |    0.3865863418699539
 AAAAAAAAMPFDAAAA | Green women cost always hereby available prices. Single countries go for example interested, small relatives. Ways used to come for th                                                                   | Electronics                                        | wireless                                           |            1.63 | 2909.3999999999996 |    0.9387179533922376
 AAAAAAAANMCBAAAA | Difficu                                                                                                                                                                                                  | Electronics                                        | wireless                                           |             9.6 | 355.16999999999996 |   0.11459560579718191
 AAAAAAAAOCGEAAAA | Eyes stuff so later electronic patients; asleep copies need. Powerful, waiting deals relate costs. Always sc                                                                                             | Electronics                                        | wireless                                           |             0.6 |            1262.01 |    0.4071875453222445
 AAAAAAAAOKDBAAAA | Classical prizes endorse usually definitions. Both desirable eggs may see for the items. Rules would not play too elderly years. Great flames want by a members. Urg                                     | Electronics                                        | wireless                                           |            7.89 |            5653.46 |    1.8240889533185127
 AAAAAAAAPGOCAAAA | Soviet, new                                                                                                                                                                                              | Electronics                                        | wireless                                           |             2.4 |           28885.85 |     9.320019933317926
 AAAAAAAAPJHDAAAA | Supreme issues could result similarly in a comments; disastrous, unnecessary details sell certainly eyebrows. Symptoms will go by a parties. Much appare                                                 | Electronics                                        | wireless                                           |             4.2 | 4832.4800000000005 |     1.559199744074009
 AAAAAAAAOMFAAAAA |                                                                                                                                                                                                          | Electronics                                        |                                                    |            4.78 |            6517.95 |     32.99567934514363
 AAAAAAAAABDAAAAA | Young boots should not happe                                                                                                                                                                             | Jewelry                                            | birdal                                             |            2.51 |            3866.52 |    1.1843735544797833
 AAAAAAAAACHBAAAA | Enough other gardens provide. Probably high events claim in a policies;                                                                                                                                  | Jewelry                                            | birdal                                             |            0.46 |            5620.15 |    1.7215369459383516
 AAAAAAAAAGMCAAAA | Sometimes social reasons build extended places. Ways may not get quickly remaining plans. Lips could like versions; familiar spirits could face also corporate studies. So addit                         | Jewelry                                            | birdal                                             |             1.8 |             2634.4 |    0.8069565635045316
 AAAAAAAAAIMCAAAA | Too other words come the                                                                                                                                                                                 | Jewelry                                            | birdal                                             |            5.83 |             841.44 |    0.2577457982065188
 AAAAAAAAAJBEAAAA | Now subject wages may shout especially too local neighbours; expensive, chemical pressures may talk as english premises. Surely full advances would not hurt at a features. Tory, grea                   | Jewelry                                            | birdal                                             |            1.72 | 6023.2300000000005 |    1.8450064462486333
 AAAAAAAAAJLDAAAA | Long-term years compete. Often other funds know on a facilities. So public councils would not see simply in a forces. So new representations should review so scottish serious patterns; o               | Jewelry                                            | birdal                                             |            0.68 | 1749.0700000000002 |     0.535766594491676
 AAAAAAAAAPBDAAAA | Unlikely, good wom                                                                                                                                                                                       | Jewelry                                            | birdal                                             |            4.53 | 3280.7000000000003 |    1.0049280283515476
 AAAAAAAABLJBAAAA | As distinct miles know hig                                                                                                                                                                               | Jewelry                                            | birdal                                             |            5.48 |             654.29 |   0.20041892269032036
 AAAAAAAACBDEAAAA | Constantly statutory                                                                                                                                                                                     | Jewelry                                            | birdal                                             |           68.42 | 17282.739999999998 |     5.293964651663493
 AAAAAAAACEABAAAA | Large, financial eyes go in a lawyers; parties think long in a objects. Efficient, conservative measures think long, large workers; mostly general officials become demonstrations. More critical        | Jewelry                                            | birdal                                             |            1.38 |            4823.28 |    1.4774436128227062
 AAAAAAAACGCDAAAA | Lexical, other actions could not lose of course namely marginal attitudes. Names must accommodate steady, cold policies. American ideas explore special styles. Presidential goo                         | Jewelry                                            | birdal                                             |            3.73 |            1188.87 |   0.36416886184847874
 AAAAAAAACMBEAAAA | Rows visit once again in                                                                                                                                                                                 | Jewelry                                            | birdal                                             |            2.24 |            6468.44 |    1.9813810027464516
 AAAAAAAACPGAAAAA | Religious services will discover rather. Difficulties may not mean on                                                                                                                                    | Jewelry                                            | birdal                                             |            3.67 |           17081.16 |      5.23221764890338
 AAAAAAAACPIAAAAA | Expectations rescue normally by a spea                                                                                                                                                                   | Jewelry                                            | birdal                                             |            0.83 |             6334.7 |    1.9404144180201017
 AAAAAAAADBOBAAAA | More healthy visitors might come silently strong effective casualties. Good, expected jobs will emulate otherwise. Effective conditions keep all years. Per                                              | Jewelry                                            | birdal                                             |            4.46 |            1329.52 |   0.40725208408386915
 AAAAAAAADEOBAAAA | Wonderful images could not make children. Only national names must not resign members; peculiar, high designs follow home full require                                                                   | Jewelry                                            | birdal                                             |            9.35 |           15773.99 |     4.831811707848028
 AAAAAAAAEDGEAAAA | Recent participants used to provi                                                                                                                                                                        | Jewelry                                            | birdal                                             |            9.77 |           21024.02 |     6.439975299973634
 AAAAAAAAFKKDAAAA | Rules set here now large marks. Devices might care severe committees. Good, original                                                                                                                     | Jewelry                                            | birdal                                             |            0.18 |                338 |   0.10353451201963698
 AAAAAAAAGBBCAAAA | Alternative, perfect police make given difficulties. Partners react on a problems. Regional, large rates should rescue very italian companies. O                                                         | Jewelry                                            | birdal                                             |            0.12 |            1206.47 |   0.36956000803648353
 AAAAAAAAGCBCAAAA | Increased, proper courses could go to a reductions. Female men pass thus available duties. Yet capital homes should identify other men. Customers used to clean either. Engli                            | Jewelry                                            | birdal                                             |            4.87 | 3066.2799999999997 |    0.9392479393951849
 AAAAAAAAGGLCAAAA | New windows relate into a benefits. Also able costs should assist in short for a records. Boots might depo                                                                                               | Jewelry                                            | birdal                                             |            7.31 |            4013.39 |    1.2293620567884345
 AAAAAAAAGMOAAAAA | Tasks furnish naval, big i                                                                                                                                                                               | Jewelry                                            | birdal                                             |            0.86 |            2011.28 |    0.6160854832392174
 AAAAAAAAGNADAAAA | Copies will think. Black, guilty girls should not settle others. Concepts appear then steep words. Distinct facts could look months. Really gold substances shall move engli                             | Jewelry                                            | birdal                                             |            9.46 |            5549.28 |    1.6998283930779028
 AAAAAAAAGOFAAAAA | Implications paint still nearly bad lines. Abruptly industrial mechanisms matter more appropriate members; old, unlikely changes may relieve right soc                                                   | Jewelry                                            | birdal                                             |            4.25 |             383.76 |   0.11755149210844938
 AAAAAAAAGOFEAAAA | D                                                                                                                                                                                                        | Jewelry                                            | birdal                                             |            0.77 |            2010.13 |    0.6157332208462512
 AAAAAAAAGPBEAAAA | Full, cognitive jobs make even deep pri                                                                                                                                                                  | Jewelry                                            | birdal                                             |            8.81 |            5588.98 |    1.7119891035133454
 AAAAAAAAHOPBAAAA | Thinly different acids might find more lives. Individual muscles become highly loose odd h                                                                                                               | Jewelry                                            | birdal                                             |            4.09 |              669.2 |    0.2049860811939085
 AAAAAAAAIBABAAAA | Never happy engines could respond enough conventional stra                                                                                                                                               | Jewelry                                            | birdal                                             |            6.43 |               9593 |     2.938480987586916
 AAAAAAAAIBNBAAAA | Very expected arms get too as economic trades; just rich responsibilities miss things; shareholders know finally. Significant weeks shall keep courses. Books bring scient                               | Jewelry                                            | birdal                                             |            0.73 |              506.9 |   0.15527113651702362
 AAAAAAAAIJHBAAAA | New, important houses look following decisions. Heels ensure inside old leaders. There likely ways get like a users; double subjects cannot reduce for exam                                              | Jewelry                                            | birdal                                             |            1.66 |            2634.62 |    0.8070239528318817
 AAAAAAAAIJKCAAAA | Other values believe electric nights. Enough general women behave attempts. Regions used to deliver. Trees try very extra rats. Likely, accu                                                             | Jewelry                                            | birdal                                             |            2.19 |            1125.72 |    0.3448250617477685
 AAAAAAAAILDEAAAA | Emotions might believe more soon common organisms. Characters cannot reply difficult, parli                                                                                                              | Jewelry                                            | birdal                                             |            8.78 |             168.74 |    0.0516876140774957
 AAAAAAAAILGBAAAA | At first single reade                                                                                                                                                                                    | Jewelry                                            | birdal                                             |            9.02 |             1528.8 |   0.46829456205805037
 AAAAAAAAIPNCAAAA | Soviet, peaceful arms reduce al                                                                                                                                                                          | Jewelry                                            | birdal                                             |            1.72 |             4150.7 |    1.2714221865086013
 AAAAAAAAJEKCAAAA | Rapidly massive children might know also years; over similar costs could enable; votes can perform less following teachers. Boats eradicate                                                              | Jewelry                                            | birdal                                             |            0.68 |             3028.9 |    0.9277978800481611
 AAAAAAAAJJICAAAA | Environmental relations would cover normal members. Domestic honours may not conclude only in                                                                                                            | Jewelry                                            | birdal                                             |             6.4 |  6128.110000000001 |    1.8771327764871526
 AAAAAAAAJOGCAAAA | Just rich changes construct especially to a developments. Excessive films will not integrate high ways; big sheets make once late occupations. Industrial, little boys improv                            | Jewelry                                            | birdal                                             |            4.43 | 3598.7799999999997 |    1.1023607430947608
 AAAAAAAAKAHCAAAA | Parental, personal hours should make basic, various colours. Biological, other customers used to know very central, desperate chemicals. Huge emotions tell significan                                   | Jewelry                                            | birdal                                             |            1.46 | 12585.189999999999 |     3.855034039421346
 AAAAAAAAKAOCAAAA | Literary, real interests sit days. White, brilliant fingers lower at a sites. Recent, interested arrangements like christian, small agents; strange, federal movements knit hardly up to a circu         | Jewelry                                            | birdal                                             |            2.77 |            1148.25 |    0.3517263414986632
 AAAAAAAAKHACAAAA | Extra implications tap. Confident, physical students will not make possibly in a results. Apparent hands work. Priv                                                                                      | Jewelry                                            | birdal                                             |           61.23 |            1082.64 |    0.3316290061921296
 AAAAAAAAKLGBAAAA | Simple personnel work. Kinds would play on ev                                                                                                                                                            | Jewelry                                            | birdal                                             |            3.21 |             5468.8 |    1.6751761518727537
 AAAAAAAAKNBEAAAA | Rates hang figures. Customers take together fresh, old communit                                                                                                                                          | Jewelry                                            | birdal                                             |            4.95 |            7635.88 |     2.338985531480786
 AAAAAAAALAFDAAAA | Possibilities produce just c                                                                                                                                                                             | Jewelry                                            | birdal                                             |            4.89 | 3397.9199999999996 |    1.0408342872241563
 AAAAAAAALAKBAAAA | Traditional, poor processes live ordinary levels. Always certain drugs return also key scientists. Early short exceptions consider often. Below causal pages impress however distinct revenues. Elderly  | Jewelry                                            | birdal                                             |             4.1 |             519.68 |   0.15918584380581344
 AAAAAAAALCADAAAA | Variations investigate eyes. Affairs develop solely pictures; occasionally related appointments say instead along a results                                                                              | Jewelry                                            | birdal                                             |            1.62 |           13362.72 |    4.0932032380326735
 AAAAAAAALMODAAAA | Optimistic, critical year                                                                                                                                                                                | Jewelry                                            | birdal                                             |            2.78 |             190.12 |  0.058236631435424215
 AAAAAAAALPKBAAAA | Large, political years may borrow proposals. Secondary, european churches spread by the teachers. Surprising, financial troops take ago                                                                  | Jewelry                                            | birdal                                             |            9.09 |            8311.15 |    2.5458309454793073
 AAAAAAAAMEDBAAAA | Then active arrangements should not participate alarmingly rigid firms; remaining churches check to a countries. Worldwide large facilities produce already. Brothers preach legal, young                | Jewelry                                            | birdal                                             |            0.96 |           19504.75 |     5.974599921050339
 AAAAAAAAMJNAAAAA | Political problems find very. Political customers would not accept usually similar provisions. Prese                                                                                                     | Jewelry                                            | birdal                                             |            7.91 |            6282.17 |    1.9243236845396534
 AAAAAAAAMLJAAAAA | Schemes complete. Strongly senior questions satisfy in short liberal c                                                                                                                                   | Jewelry                                            | birdal                                             |            3.94 |            3847.51 |    1.1785505039664896
 AAAAAAAAMMLDAAAA | Cold, spatial children cannot compete usually redundant features. Ambitious areas want best o                                                                                                            | Jewelry                                            | birdal                                             |           20.18 |            4136.78 |    1.2671582799780885
 AAAAAAAAMPKAAAAA | More than short activities ought to get cheap sequences. Local, economic panels might se                                                                                                                 | Jewelry                                            | birdal                                             |            0.09 |            6487.32 |     1.987164232293584
 AAAAAAAANJADAAAA | New, academic versions honour onto a awards; officials know certainly without a estates. Clothes attract more also old elements. Whole, likely                                                           | Jewelry                                            | birdal                                             |            5.08 |            6157.42 |    1.8861108727809266
 AAAAAAAANPMAAAAA | Also skilled ways will not talk mercifully tory copies. Independent, new relations can take for a books. Estates walk beyond. Players will not become aside diffe                                        | Jewelry                                            | birdal                                             |            3.03 |           10059.49 |    3.0813739299302307
 AAAAAAAAOCPAAAAA | Negative observations cause however less surprising boo                                                                                                                                                  | Jewelry                                            | birdal                                             |            2.33 |            8174.41 |    2.5039454153800023
 AAAAAAAAOGJDAAAA | Groups can make always victorian                                                                                                                                                                         | Jewelry                                            | birdal                                             |            1.61 |            5043.75 |    1.5449769082811955
 AAAAAAAAOKJBAAAA | Refugees s                                                                                                                                                                                               | Jewelry                                            | birdal                                             |            4.04 |           14407.79 |     4.413323985004158
 AAAAAAAAOLAEAAAA | Shows assess gardens. Medical, true employees involve major others. Exactly alone eyes would exist unions. Unconsciously keen rates comply precisely international writers                               | Jewelry                                            | birdal                                             |            6.26 |             1633.3 |    0.5003044925493286
 AAAAAAAAPHPDAAAA | Forms used to wait national females. Internal, large families drop. Major, simple knees will offer most; other things                                                                                    | Jewelry                                            | birdal                                             |            0.36 |            2974.25 |    0.9110577585041577
 AAAAAAAAPICAAAAA | Private, warm features cover of course surprisingly reliable details. Picture                                                                                                                            | Jewelry                                            | birdal                                             |            3.94 |           10772.34 |      3.29973066630064
 AAAAAAAAAEMBAAAA | Possible responsibilities could say perhaps main owners. Possible techniques see most; breasts stir despite a improvements. Most concern                                                                 | Jewelry                                            | bracelets                                          |            9.28 |           12449.08 |    3.1568551331810784
 AAAAAAAAAOLBAAAA | Pubs shall manage satisfactorily suddenly coming minutes. Eyes might remember on a parents. Ever national reasons shall move hom                                                                         | Jewelry                                            | bracelets                                          |            3.04 |            7663.13 |     1.943227232593406
 AAAAAAAABEEBAAAA | Right, new patients mean more minutes; never modern systems can ask in a eyebrows. Too molecular charts include extra delicate sisters; estimated, blind studies cannot cal                              | Jewelry                                            | bracelets                                          |            9.28 |            1371.23 |    0.3477184229093146
 AAAAAAAABHNBAAAA | Poets prepare different, similar parts. As fresh researchers shall exist free, other tables. Ridiculous, ol                                                                                              | Jewelry                                            | bracelets                                          |            2.46 |  5333.280000000001 |     1.352420608164779
 AAAAAAAABKEEAAAA | Royal, strong engines smoke before to the resources; brown years will want great relationships. Particularly digital                                                                                     | Jewelry                                            | bracelets                                          |            3.54 | 15743.699999999999 |    3.9923094847380645
 AAAAAAAACDLAAAAA | Rural organs must look withou                                                                                                                                                                            | Jewelry                                            | bracelets                                          |            2.24 |            4160.06 |    1.0549138382387517
 AAAAAAAACEGCAAAA | Similar, subject teachers show in a women. Across forward ends smell very forces. General,                                                                                                               | Jewelry                                            | bracelets                                          |            0.37 |            8179.79 |     2.074242598637269
 AAAAAAAACHPCAAAA | Things make thoroughly rather than a components. Personal, various teachers change more children. Most long systems should result better. Firm firms like soon more past                                 | Jewelry                                            | bracelets                                          |            8.85 | 3610.7799999999997 |     0.915626646931948
 AAAAAAAACIKCAAAA | Companies will see slightly rather than the holidays; minutes must seem. Similar, working universities ought to know dangerously days. Political, real pressures hope so                                 | Jewelry                                            | bracelets                                          |             0.9 | 12573.390000000001 |     3.188377836995798
 AAAAAAAACMDAAAAA | T                                                                                                                                                                                                        | Jewelry                                            | bracelets                                          |            1.62 |           13970.69 |     3.542707126999068
 AAAAAAAACMGAAAAA | Handsome, certain problems shall cut early; possible societies obscure certainly                                                                                                                         | Jewelry                                            | bracelets                                          |            7.03 |  879.3100000000001 |   0.22297666069761413
 AAAAAAAACPOBAAAA | Again grey factors show                                                                                                                                                                                  | Jewelry                                            | bracelets                                          |            3.67 |            4214.26 |    1.0686579501103448
 AAAAAAAADAPBAAAA | Good, strong services cannot replace for a aspects. Impo                                                                                                                                                 | Jewelry                                            | bracelets                                          |            7.97 |           13192.05 |    3.3452585058238395
 AAAAAAAADEDAAAAA | Useful, very levels manage as conditions. So standard                                                                                                                                                    | Jewelry                                            | bracelets                                          |            2.64 |             589.53 |   0.14949384265056062
 AAAAAAAADHJDAAAA | Funny, round males catch suspiciously then modern patterns. Possible, equal signals might switch                                                                                                         | Jewelry                                            | bracelets                                          |            5.95 |            4539.84 |    1.1512189822718455
 AAAAAAAADKECAAAA | Profitable, vast citizens touch extra customs. Levels cannot give in a rules; special organizations must accommodate however comprehensive bonds; other, education                                       | Jewelry                                            | bracelets                                          |            5.22 | 15770.019999999999 |    3.9989837471819816
 AAAAAAAADLEEAAAA | Topics accelerate only eyes. Black features ensure just l                                                                                                                                                | Jewelry                                            | bracelets                                          |            2.64 |           15575.43 |    3.9496393425861642
 AAAAAAAADOCAAAAA | Mental opportunities look old, main women. Subsequent boards used to make. Able, electronic applications experience systematically in a legs. Ships meet usually brilliant friends. Chemical nurse       | Jewelry                                            | bracelets                                          |            6.34 | 2155.2400000000002 |    0.5465287762017104
 AAAAAAAAEEMDAAAA | Critical times sell usually later ul                                                                                                                                                                     | Jewelry                                            | bracelets                                          |            9.21 |            8192.24 |     2.077399687065338
 AAAAAAAAEIMCAAAA | Most supposed standards play absolutely; issues continue quick, interesting rates. Eyes used to regret briti                                                                                             | Jewelry                                            | bracelets                                          |            4.73 | 2986.6099999999997 |    0.7573487445907601
 AAAAAAAAEKJAAAAA | Even little funct                                                                                                                                                                                        | Jewelry                                            | bracelets                                          |            8.59 |            4625.88 |    1.1730371259145003
 AAAAAAAAEOOAAAAA | Remote officials locate chief units. Workshops use appropriate groups; short settlements will not move vegetables. Short-term lines must enforce ho                                                      | Jewelry                                            | bracelets                                          |            9.68 |            9668.72 |    2.4518075523083276
 AAAAAAAAFBAEAAAA | Popular results may increase for th                                                                                                                                                                      | Jewelry                                            | bracelets                                          |             3.7 |             355.39 |   0.09012029369087704
 AAAAAAAAFDBEAAAA | High children might hear in particular institutions. As so-called tools would look too.                                                                                                                  | Jewelry                                            | bracelets                                          |            4.63 |            2973.13 |     0.753930467320851
 AAAAAAAAFMBBAAAA | Almost bright enterprises will persuade again matters. Leaders can look perhaps anywhere visual objects. Heads take more. Examples might get never pure reactions. N                                     | Jewelry                                            | bracelets                                          |            2.13 |            5413.78 |    1.3728339108522927
 AAAAAAAAFPCAAAAA | Machines should spend thus in a buildings. Never separate st                                                                                                                                             | Jewelry                                            | bracelets                                          |            9.84 |               5023 |    1.2737393714209047
 AAAAAAAAGBPAAAAA | Famous, busy daughters could                                                                                                                                                                             | Jewelry                                            | bracelets                                          |            4.61 |             5800.7 |    1.4709496260802792
 AAAAAAAAGFPDAAAA | Re                                                                                                                                                                                                       | Jewelry                                            | bracelets                                          |            3.07 |  5376.139999999999 |    1.3632891069621307
 AAAAAAAAGGGBAAAA | Greek products discuss much times. Packages must lose arms; black attempts support hopefully. Heavy films could remember never; other, liberal arms pull great, fundamental laws. Poun                   | Jewelry                                            | bracelets                                          |            4.01 |  5022.200000000001 |    1.2735365063010289
 AAAAAAAAGKLBAAAA | Cases ask by a areas; then common movies should not breathe average women. Much single birds will accept into a facilities. Even deaf drawings used to grant. Generous, ordinary c                       | Jewelry                                            | bracelets                                          |            7.06 | 1638.3200000000002 |    0.4154474789938875
 AAAAAAAAGMJCAAAA | Independently certain chil                                                                                                                                                                               | Jewelry                                            | bracelets                                          |            0.73 |            3478.67 |    0.8821260081984389
 AAAAAAAAHKEEAAAA | Benefits draw profound, nuclear modules. Notable, other articles te                                                                                                                                      | Jewelry                                            | bracelets                                          |            6.71 |             696.75 |    0.1766828403419302
 AAAAAAAAHLBDAAAA | Inevitable years play all at a sales; worthy, british exhibitions pay then working, poor churche                                                                                                         | Jewelry                                            | bracelets                                          |            8.95 |           15964.01 |     4.048176002937893
 AAAAAAAAIDEBAAAA | Supporters used to rent for example only sales. Then working signs question departments. Evolutionary curtains look sometimes weekly regular elections; german friends might                             | Jewelry                                            | bracelets                                          |            1.59 |            6397.65 |     1.622325042717689
 AAAAAAAAIFAAAAAA | Champions provide about only french occasions. Elegant, liable problems could assist as well in a matters.                                                                                               | Jewelry                                            | bracelets                                          |            0.51 |           14130.18 |    3.5831508244603305
 AAAAAAAAIFEAAAAA | Small males shall not need major                                                                                                                                                                         | Jewelry                                            | bracelets                                          |            0.29 |             1256.4 |    0.3185996707651254
 AAAAAAAAIIFBAAAA | Favorite, english teachers would grow yet. Tall organizations influence national thoughts. Exact, living stairs get always institutional years. Birds ask then. Above constituti                         | Jewelry                                            | bracelets                                          |            4.35 |           13257.91 |    3.3619593768176244
 AAAAAAAAIJEBAAAA | Hard, geographical ways dash relatively sophisticated actions. Odd women decide also numbers. Environmental person                                                                                       | Jewelry                                            | bracelets                                          |            4.51 |  6729.779999999999 |    1.7065470330481733
 AAAAAAAAIMGAAAAA | Streets start as usual. Private pattern                                                                                                                                                                  | Jewelry                                            | bracelets                                          |            4.68 |            9997.07 |     2.535071004947399
 AAAAAAAAIMNBAAAA | Then western cases will not avert by the industries. Better strict ways start just nowhere small grounds. Irish, involved results walk                                                                   | Jewelry                                            | bracelets                                          |             6.7 |           13060.59 |      3.31192269500023
 AAAAAAAAIPPDAAAA | Long workers support acutely around important charges. Determined, poor stories know. Considerable funds might need good files; poor enterprises float as especially social groups. Gl                   | Jewelry                                            | bracelets                                          |            6.53 |            3963.47 |    1.0050622708432437
 AAAAAAAAKFPCAAAA | General assessments put also healthy, social reasons. S                                                                                                                                                  | Jewelry                                            | bracelets                                          |            5.41 |            3991.26 |    1.0121092979449333
 AAAAAAAAKGKAAAAA | Quietly international activities stop public problems; instructions help thus inc, various p                                                                                                             | Jewelry                                            | bracelets                                          |            5.85 | 2025.1999999999998 |    0.5135530509658801
 AAAAAAAAKJICAAAA | From time to time round customers provide basically. Adde                                                                                                                                                | Jewelry                                            | bracelets                                          |           39.98 |            1053.36 |     0.267112503340618
 AAAAAAAAKNJCAAAA | Always expert walls say sadly white matters. Bright conditions stand far. Possible, other earnings fish by a b                                                                                           | Jewelry                                            | bracelets                                          |            7.48 |           13604.86 |    3.4499394434938107
 AAAAAAAALDCAAAAA | National, internal arms protect. Bad pp. cannot test hence still autonomous years.                                                                                                                       | Jewelry                                            | bracelets                                          |            3.45 |             7804.5 |    1.9790760350894787
 AAAAAAAALGCDAAAA | New relations point previous, statutory families. Again monthly journali                                                                                                                                 | Jewelry                                            | bracelets                                          |           86.61 |              565.8 |   0.14347635603224126
 AAAAAAAAMHBAAAAA | Long cars should hear still conditions. Additional symptoms should say all single, usual papers. Please orthodox varia                                                                                   | Jewelry                                            | bracelets                                          |            3.85 |           11953.66 |     3.031225836069921
 AAAAAAAAMNHAAAAA | Experiences might work main, shared unions. Policies hear ultimate mammals. Lett                                                                                                                         | Jewelry                                            | bracelets                                          |            0.89 |           12227.09 |    3.1005625982295104
 AAAAAAAAMODDAAAA | Open points go just satisfied, sound colours. Units ought to go before a sons. Also effective writers purchase on the children. Available, narrow executives should                                      | Jewelry                                            | bracelets                                          |           25.37 |             711.09 |   0.18031919761570597
 AAAAAAAAOABBAAAA | Agents support often modern hours.                                                                                                                                                                       | Jewelry                                            | bracelets                                          |            0.49 |            3221.03 |    0.8167932963424003
 AAAAAAAAOFHDAAAA | Chief police improve then changes. Later great wages as                                                                                                                                                  | Jewelry                                            | bracelets                                          |           29.77 |            4841.66 |    1.2277549203730316
 AAAAAAAAOGFBAAAA | Animals used to build nearby. Complex, ful                                                                                                                                                               | Jewelry                                            | bracelets                                          |            3.73 |            4308.49 |    1.0925529254177293
 AAAAAAAAOHHAAAAA | Angles must reproduce responsible, profitable lectures. Only close actions could infer economic, w                                                                                                       | Jewelry                                            | bracelets                                          |            0.12 |            11733.5 |     2.975397355080069
 AAAAAAAAOMDDAAAA | Days cannot recoup really thin, other couples. Heavily dry councillors                                                                                                                                   | Jewelry                                            | bracelets                                          |           29.29 |            6126.16 |    1.5534802284737985
 AAAAAAAAOOOBAAAA | American ways ought to die certainly without a stones. Old arms like in a others. Medical, other children contain less huge lawyers. Horrible shares shall reveal practical, necessary appointment       | Jewelry                                            | bracelets                                          |            6.18 |            7463.42 |     1.892584491230382
 AAAAAAAAPAHAAAAA | Main, communist competitors help sections. Respectively provincial letters shall write however amongst                                                                                                   | Jewelry                                            | bracelets                                          |            4.71 |            1491.24 |    0.3781507267047004
 AAAAAAAAPJLCAAAA | Pink, disastrous years will not speak however into a fans. Terrible, similar seconds supply public, pregnant writers. Curiously                                                                          | Jewelry                                            | bracelets                                          |            2.73 |           13248.97 |    3.3596923591030112
 AAAAAAAAAAGCAAAA | Small, level thoughts stay over under a studies. Individual, cultural times will not like quite in the families. Even foreign novels shall find mor                                                      | Jewelry                                            | consignment                                        |            8.12 |            6563.77 |      1.80430861674694
 AAAAAAAAAANDAAAA | Local, import                                                                                                                                                                                            | Jewelry                                            | consignment                                        |            3.49 |             704.54 |   0.19367034384856402
 AAAAAAAAABHCAAAA | Rows find for a needs. Still british offences will not sound widespread parties. Simple, african powers would not know. Most availa                                                                      | Jewelry                                            | consignment                                        |            8.26 |            1606.56 |   0.44162578081208875
 AAAAAAAAABLBAAAA | Similar steps map to a contracts; only, careful workers beat there possible shops. Sorry, raw policies show between a auditors. Components ask subsequently from a forms; mos                            | Jewelry                                            | consignment                                        |            3.15 |             2364.6 |    0.6500026897895287
 AAAAAAAAAGGBAAAA | Sure len                                                                                                                                                                                                 | Jewelry                                            | consignment                                        |            3.88 | 10224.890000000001 |    2.8107104807587135
 AAAAAAAAALCDAAAA | Good fingers might seem on a organisations. Steps ask detailed, heavy crews; superior provisions apply from a stones. Awkward places could matter new, quiet parties. Encouraging                        | Jewelry                                            | consignment                                        |            2.94 |           11016.98 |     3.028447362495746
 AAAAAAAAANNCAAAA | Major, modern authorities can cancel views. Running years would not meet at least so possible officials. Most living pp. hit in a meetings; various buildings see. Big, large images                     | Jewelry                                            | consignment                                        |            8.01 |             5235.5 |      1.43918171462111
 AAAAAAAABFMBAAAA | Though specific children ought to lead of course old, social changes; now new goods break also. Always gradual times would seek time and again new, big examples. Deputies support true ca               | Jewelry                                            | consignment                                        |            7.74 | 1234.6399999999999 |   0.33938903870495796
 AAAAAAAABMGAAAAA | Typically significant candidates will trust; social parties find. Better weekly cats hear comparisons. Tic                                                                                               | Jewelry                                            | consignment                                        |            0.75 |            2823.79 |     0.776229000846136
 AAAAAAAABOEAAAAA | Words should not allow on the enemies. Before clear cases get including a attitudes. Also good shows set absolutely sorry members. Demands may not miss always sure positive powers; just, active ba     | Jewelry                                            | consignment                                        |            8.23 |            2026.52 |    0.5570681937377466
 AAAAAAAACAGAAAAA | Functions could not cite cl                                                                                                                                                                              | Jewelry                                            | consignment                                        |            0.09 |            2908.75 |    0.7995835760489264
 AAAAAAAACBACAAAA | Children arrest                                                                                                                                                                                          | Jewelry                                            | consignment                                        |             9.8 |             781.15 |   0.21472959533497857
 AAAAAAAACBHBAAAA | Again top pressures conceive. Nuclear forms double further products. Major, nice questions give. Financial secrets can                                                                                   | Jewelry                                            | consignment                                        |            3.28 |  7825.969999999999 |    2.1512735981612776
 AAAAAAAACHACAAAA | Arbitrary houses make like a creatures. Uniquely new minutes must not make rough, historic genes. Normally international sectors can d                                                                   | Jewelry                                            | consignment                                        |            9.57 |            5706.56 |    1.5686709589128531
 AAAAAAAACLNCAAAA | Again european targets know then fingers. Usual, proper groups must divert unemployed, rig                                                                                                               | Jewelry                                            | consignment                                        |            1.13 |            27577.5 |     7.580753268066788
 AAAAAAAACMCAAAAA | Lacking, far miles cannot exclude indeed creatures. Old pictures compete. Conditions jump s                                                                                                              | Jewelry                                            | consignment                                        |            3.04 |            2974.21 |    0.8175778144290425
 AAAAAAAACMFDAAAA | Lives would see ever measures. Roads put both dates. Aside new surveys would occupy. Budgets could see with a records. Hot, able tracks shall not recapture commercial companies; once particular hous   | Jewelry                                            | consignment                                        |             3.3 |            1626.03 |    0.4469778709627283
 AAAAAAAACNJCAAAA | Electronic, confident looks live details. Flowers change truly immediate cities; western                                                                                                                 | Jewelry                                            | consignment                                        |            0.76 | 3193.6800000000003 |     0.877907718145573
 AAAAAAAACPJAAAAA | Very sure seconds would clear pupils. Naturally possible cells could                                                                                                                                     | Jewelry                                            | consignment                                        |            9.94 |            1235.73 |   0.33968866778889206
 AAAAAAAADBMDAAAA | Friends stay soon thus splendid relations. Good, warm rates rouse. Children used to see years. Right, asian miles could not pull both moreover inc co                                                    | Jewelry                                            | consignment                                        |            8.76 | 1504.9399999999998 |   0.41369155373925953
 AAAAAAAADPNAAAAA | Worlds assist eyes. Domestic divisions suggest really on the services. High, medical years distinguish hard professional banks. Men take                                                                 | Jewelry                                            | consignment                                        |            0.13 |            2361.54 |    0.6491615292419705
 AAAAAAAAECAEAAAA | Spiritual, british homes decide poor, only generations. Eyes used to turn long by the errors. Gre                                                                                                        | Jewelry                                            | consignment                                        |            0.26 |           18739.42 |    5.1512616954646395
 AAAAAAAAECFDAAAA | Again local interpretations should ride sensitive, necessary managers. Systems used to raise only dry boundaries; even alone languages must go important pilots; specially likely examples must manuf    | Jewelry                                            | consignment                                        |             2.4 |            5344.85 |     1.469240834188261
 AAAAAAAAEHNCAAAA | Rich feet can suffer cars. Old eyes would like well even ill fri                                                                                                                                         | Jewelry                                            | consignment                                        |            7.31 |            9975.67 |     2.742202627274257
 AAAAAAAAEJNAAAAA | Boring comments m                                                                                                                                                                                        | Jewelry                                            | consignment                                        |            8.91 |            5604.41 |    1.5405910406340744
 AAAAAAAAFEEAAAAA | Followers cater still law                                                                                                                                                                                | Jewelry                                            | consignment                                        |           48.17 |            6362.53 |    1.7489899407369405
 AAAAAAAAFHMBAAAA | Minutes give far notes. Previous, patient customers could knit flat groups. Beautif                                                                                                                      | Jewelry                                            | consignment                                        |             2.3 |            9263.06 |     2.546313928648309
 AAAAAAAAFJACAAAA | Years receive most under a owners. Positions pay regularly with a appeals. Single, responsible bones may get definitely most healthy thin                                                                | Jewelry                                            | consignment                                        |            3.91 |            7643.54 |    2.1011255855171505
 AAAAAAAAFKDBAAAA | New, short thoughts begin quietly early competit                                                                                                                                                         | Jewelry                                            | consignment                                        |            2.27 | 11413.509999999998 |     3.137449124562159
 AAAAAAAAGKDDAAAA | Very new accounts appear groups. Free, differe                                                                                                                                                           | Jewelry                                            | consignment                                        |            8.66 |           14578.74 |     4.007536248727985
 AAAAAAAAGMOCAAAA | Able, certai                                                                                                                                                                                             | Jewelry                                            | consignment                                        |            0.13 |            3099.73 |    0.8520818902229956
 AAAAAAAAGNJDAAAA | G                                                                                                                                                                                                        | Jewelry                                            | consignment                                        |            7.77 |           14838.93 |     4.079059635286531
 AAAAAAAAHJJAAAAA | Available, formidable officials use there substantial, dead eyes. Great windows shall not get thirdly for the subsidies. British, effective times talk further political legs. Then old unio             | Jewelry                                            | consignment                                        |            9.23 |            5678.29 |    1.5608998449653144
 AAAAAAAAHLEAAAAA | Round circles offer recent, happy minutes. Now medical communic                                                                                                                                          | Jewelry                                            | consignment                                        |            6.82 |           16205.85 |     4.454810999883969
 AAAAAAAAHMECAAAA | Solutions might no                                                                                                                                                                                       | Jewelry                                            | consignment                                        |            5.87 |             113.12 |   0.03109545135286792
 AAAAAAAAIBFDAAAA | Kinds prefer allegations; lucky legs might not serve at least gifts. Public workers tidy most continuous weapons. Private sheets use presumably good, general relations. As obvious interests            | Jewelry                                            | consignment                                        |            6.69 |             3596.6 |    0.9886660213554168
 AAAAAAAAIDFEAAAA | Subjective, short-term settings will believe both thus rural subjects. Economic ships might affect classic observers. Streets shall claim superbly. New tools carr                                       | Jewelry                                            | consignment                                        |             4.3 |            4832.57 |     1.328420662520588
 AAAAAAAAIPMAAAAA | Fields rest american calls. At all medical symptoms see specialist, national exchanges. Limited years say finally. Already succe                                                                         | Jewelry                                            | consignment                                        |            1.12 | 505.40000000000003 |    0.1389289348810064
 AAAAAAAAKIFAAAAA | Children seek cases; strong, modest products ought to forget past, neat                                                                                                                                  | Jewelry                                            | consignment                                        |            3.63 |              729.6 |   0.20055906388837016
 AAAAAAAAKJPDAAAA | Good, mathematical teams might make. Colours try tonight different numbers. Ethical pieces set much within a flights. Gay, different                                                                     | Jewelry                                            | consignment                                        |            2.33 |            2355.51 |     0.647503948162959
 AAAAAAAAKOLAAAAA | Also modest churches may not get truly local important women. Firm, traditional                                                                                                                          | Jewelry                                            | consignment                                        |            6.03 |            4331.68 |    1.1907314773354924
 AAAAAAAALICBAAAA | Working countries ought to                                                                                                                                                                               | Jewelry                                            | consignment                                        |            3.39 |            1819.44 |    0.5001441655716231
 AAAAAAAALJCDAAAA | Political, appropriate investors must not meet here                                                                                                                                                      | Jewelry                                            | consignment                                        |            6.87 |            8277.01 |     2.275259563315075
 AAAAAAAALLCEAAAA | So other features must not make weeks. Therefore necessary pressures work yesterday old, good operations. Alive, universal years believe. Likely, specific muscles look just possible featur             | Jewelry                                            | consignment                                        |            2.56 |             938.32 |   0.25793391012573397
 AAAAAAAALNICAAAA | Now general weeks will not see interests. Theoretical, social variations use sure at least classical fortunes. Perhaps common orders m                                                                   | Jewelry                                            | consignment                                        |            3.83 |             546.77 |   0.15030109561711097
 AAAAAAAAMBJBAAAA | Norm                                                                                                                                                                                                     | Jewelry                                            | consignment                                        |             0.8 |            2841.44 |    0.7810807928933258
 AAAAAAAAMBJDAAAA | Good circumstances ought to continue however in a teachers. Strange children talk more than; points should not happen protective changes. Hard others ought to manipulate rat                            | Jewelry                                            | consignment                                        |            8.04 |             3336.9 |    0.9172773304401075
 AAAAAAAAMCPDAAAA | Sympatheticall                                                                                                                                                                                           | Jewelry                                            | consignment                                        |            5.54 |            3544.25 |    0.9742755786545448
 AAAAAAAAMEOBAAAA | Also technical sides should not meet also already female visitors. Products enable little increasing men. Slight, star children ought to seem nevertheless key miles. Events rouse interest              | Jewelry                                            | consignment                                        |            2.57 | 1316.1599999999999 |    0.3617979955144151
 AAAAAAAAMIBEAAAA | Lights will seem thick, only women. Almost sharp ways shall not know matters; other, workin                                                                                                              | Jewelry                                            | consignment                                        |            7.28 |           10303.13 |    2.8322178014256894
 AAAAAAAAMMBBAAAA | Foreign economies ought to walk necessary,                                                                                                                                                               | Jewelry                                            | consignment                                        |            8.79 | 2036.9199999999998 |    0.5599270400431728
 AAAAAAAANEOAAAAA | High ideas could not think only sales. Voices shall achieve pupils. Other circumstances meet very kind, small levels. Exotic, social members used to allow probably volu                                 | Jewelry                                            | consignment                                        |            4.99 |            2789.88 |    0.7669075125560392
 AAAAAAAANHLDAAAA | Even likely feet will think simply from a women. Probably other pools live profits. Important sectors can achieve at all leaders. Shares see just black scales; now other levels wa                      | Jewelry                                            | consignment                                        |            6.06 |            2970.88 |    0.8166624338331704
 AAAAAAAAOBEEAAAA | Long, young minut                                                                                                                                                                                        | Jewelry                                            | consignment                                        |            1.48 |           13008.92 |      3.57600989226795
 AAAAAAAAOBKBAAAA | Nervous arms notice so. Open bad walls ought to get about. Accidents come obviously lat                                                                                                                  | Jewelry                                            | consignment                                        |            1.72 |            5403.49 |    1.4853603291257802
 AAAAAAAAOCCCAAAA | Arguments could not see easier. Bad, general months might absorb never. Now available r                                                                                                                  | Jewelry                                            | consignment                                        |            6.88 |            3895.57 |    1.0708496059643888
 AAAAAAAAOELDAAAA | American, afraid eyes know; attractive, reduced children evaluate more men. Fragments would not start from a others. Friends will sit solely. Largely handsome deals shall                               | Jewelry                                            | consignment                                        |            4.39 |            7833.24 |     2.153272041684398
 AAAAAAAAOHIAAAAA | T                                                                                                                                                                                                        | Jewelry                                            | consignment                                        |            1.34 |             929.69 |   0.25556161747036577
 AAAAAAAAOHODAAAA | Rather unusual cases could get quite in the miners                                                                                                                                                       | Jewelry                                            | consignment                                        |            3.68 |            1771.24 |   0.48689451250224336
 AAAAAAAAOJPCAAAA | Miles look now with a authors; changes care there from a others. Great others remember at all human police. Reduced years may arise decisions                                                            | Jewelry                                            | consignment                                        |            3.94 |             8479.8 |    2.3310043173802097
 AAAAAAAAOKBDAAAA | Now foreign changes used to wish now in a categories. Strong ages could tell particularly by a children. Debts shall see home generally social phrases. Surprisingly fair times will impair waiting      | Jewelry                                            | consignment                                        |            1.65 |            5749.89 |    1.5805819022219034
 AAAAAAAAPABDAAAA | Notable cases arise literally smal                                                                                                                                                                       | Jewelry                                            | consignment                                        |            3.13 |                  0 |                     0
 AAAAAAAAPHNCAAAA | Well new children look hardly furious police. Large, free programmes give still redu                                                                                                                     | Jewelry                                            | consignment                                        |           23.13 |             4489.2 |     1.234032003299988
 AAAAAAAAPJOCAAAA | Western prices must not get across natural bottles. Afterwards public clouds can yield on a councils. Workers would not weaken little, tall years; spiritual ag                                          | Jewelry                                            | consignment                                        |            1.25 |  4171.200000000001 |    1.1466172797302217
 AAAAAAAAPKJAAAAA | Precisely friendly signs should help. In part left miles see however o                                                                                                                                   | Jewelry                                            | consignment                                        |            9.75 |             7448.6 |    2.0475387106344765
 AAAAAAAAPOACAAAA | Clearly wooden prizes go also too important marke                                                                                                                                                        | Jewelry                                            | consignment                                        |            8.57 | 13170.310000000001 |    3.6203742389249465
 AAAAAAAAACHCAAAA | Double, crucial observers compensate also. Bo                                                                                                                                                            | Jewelry                                            | costume                                            |             7.5 |           11609.34 |      4.32309756043157
 AAAAAAAAADCDAAAA | Inc, easy banks can snatch even for a programmes; in particular free details would support together ago global                                                                                           | Jewelry                                            | costume                                            |            2.69 |            4175.39 |     1.554835875497692
 AAAAAAAAAPLCAAAA | Wives will not remind here in the parties. At all important factors ought to mean too scottish theoretical walls; large taxes could not cope r                                                           | Jewelry                                            | costume                                            |            0.89 |            5675.37 |    2.1133999177857246
 AAAAAAAABKCAAAAA | Parties shall not shorten other factors. At least corporate proposals would                                                                                                                              | Jewelry                                            | costume                                            |            3.19 |             355.41 |   0.13234792881877733
 AAAAAAAABKGCAAAA | Never previous eyes use afterwards attractive, following components. Whole, new forms                                                                                                                    | Jewelry                                            | costume                                            |            1.37 |            4352.57 |    1.6208143398856127
 AAAAAAAACMCDAAAA | National, urban homes create then dull weeks. New, old weeks might control more social companies. Suitable sp                                                                                            | Jewelry                                            | costume                                            |            1.68 | 24794.800000000003 |       9.2331122519789
 AAAAAAAADAAEAAAA | Exceptional costs say ver                                                                                                                                                                                | Jewelry                                            | costume                                            |            3.16 |               7847 |      2.92207365420485
 AAAAAAAADNCBAAAA | Quick patients imagine especially regular rules. Weak, le                                                                                                                                                | Jewelry                                            | costume                                            |            3.29 |            9672.84 |     3.601981766960474
 AAAAAAAADNOBAAAA | Only hot resources take even private relatives. More new stairs will fill spiritual ways. Nice, english terms catch down the investors. Annual, appropriate su                                           | Jewelry                                            | costume                                            |            8.17 |                    |                      
 AAAAAAAADPBDAAAA | Dark, redundant characteristics must not deal still strong husbands. Relevant actors know. Circumstances know against a needs. Other, possible origins shall choose up a journals. Students avoid most   | Jewelry                                            | costume                                            |            4.09 |            9586.58 |    3.5698601824808374
 AAAAAAAAEGGBAAAA | Always previous stores ask modules. White papers shall not afford st                                                                                                                                     | Jewelry                                            | costume                                            |            4.65 |            6907.42 |     2.572191920546408
 AAAAAAAAEHKBAAAA | More than specified                                                                                                                                                                                      | Jewelry                                            | costume                                            |            3.47 |            7360.18 |     2.740791139060208
 AAAAAAAAEKDDAAAA | Days used to treat after a children. Both great others may know now; free, good managers will waste. Light examinations will                                                                             | Jewelry                                            | costume                                            |            0.59 |             1511.4 |    0.5628166332311979
 AAAAAAAAEKPDAAAA | Recommendations will know immediately initiatives. Also major parents would not build up                                                                                                                 | Jewelry                                            | costume                                            |             1.3 |             1360.1 |    0.5064753889491547
 AAAAAAAAGBJAAAAA | Strong, lovely students ought to resist directions. Great things will not allow much polish democrats. Only gentlemen can let. Well odd services affect then other, cautious troops. Homes               | Jewelry                                            | costume                                            |            8.73 |             2232.4 |    0.8313033293802609
 AAAAAAAAGFEEAAAA | Complete, inland surroundings take too too actual injuries. Modest conditions eat to the parts. Beds enforce just to a countries. A little medical functions like espec                                  | Jewelry                                            | costume                                            |            0.99 |            2932.69 |    1.0920780151586622
 AAAAAAAAGIJAAAAA | Conferences w                                                                                                                                                                                            | Jewelry                                            | costume                                            |            3.35 |                494 |    0.1839562106763344
 AAAAAAAAGILBAAAA | Present, level costs say bad, flat members. Grounds adjust clearly in a countries. Main decisions remain. Loyal, close securities cover entirel                                                          | Jewelry                                            | costume                                            |            2.88 |            1061.92 |   0.39543882437532996
 AAAAAAAAGOHBAAAA | High, rich hands can wish for a lectures; sets must stand interesting reasons. Ne                                                                                                                        | Jewelry                                            | costume                                            |            4.92 |           10779.82 |     4.014200078892637
 AAAAAAAAHCLCAAAA | Japanese, innocent areas seem together. Experts would find; novel, northern rates could not retain doubts. Profits solve linear, mutual applications. New lines sh                                       | Jewelry                                            | costume                                            |            1.92 |           15223.29 |     5.668863851066669
 AAAAAAAAHIKDAAAA | Living, moral types play before                                                                                                                                                                          | Jewelry                                            | costume                                            |            0.51 | 1687.8400000000001 |    0.6285195356840976
 AAAAAAAAHJCBAAAA | Initial premises ought to criticise with a teachers. Right papers could tell noticeably. Acceptable, mad interests will use children. Small years would no                                               | Jewelry                                            | costume                                            |            3.67 | 1735.2500000000002 |      0.64617411857512
 AAAAAAAAIDPDAAAA | Equal, fine affairs leave always charges. Substantial, new rights should not forecast at least by a years. Less eager parents could not feel light, minor artists. Cases put only ot                     | Jewelry                                            | costume                                            |           23.21 | 2523.4900000000002 |    0.9396997127117876
 AAAAAAAAIENAAAAA | Stories leave to a doctors. Likely, various things draw public seats; problems might consider almost times. Workers will plough central authorities. Major tasks should allow already.                   | Jewelry                                            | costume                                            |            3.36 |            5496.85 |     2.046922462866819
 AAAAAAAAIINCAAAA | More long effects talk r                                                                                                                                                                                 | Jewelry                                            | costume                                            |            9.24 |              991.1 |    0.3690668024318118
 AAAAAAAAILDAAAAA | Suitable supporters find slowly only consequences. Nuclear, able drugs must not want still only troops. Violent, top lives pay; extra, heavy t                                                           | Jewelry                                            | costume                                            |            7.85 |            4087.82 |    1.5222264719168688
 AAAAAAAAJAGEAAAA | Only natural trends organise with the neighbours. Further olympic funds suggest downstairs local jobs. Films make even circumstances; disabled wa                                                        | Jewelry                                            | costume                                            |            1.85 |               2433 |    0.9060029566306105
 AAAAAAAAKAMDAAAA | Shares punch even there available rates. Primary, important players used to buy years. Peculiar moments make good feet. Large scores plough enough political lo                                          | Jewelry                                            | costume                                            |             1.9 |  614.4000000000001 |   0.22879088226627503
 AAAAAAAAKCEBAAAA | Injuries could turn more; wide, related rights might not ask stories. Now above windows could let top se                                                                                                 | Jewelry                                            | costume                                            |            5.64 |            4159.96 |    1.5490900367715061
 AAAAAAAAKECEAAAA | Lesser rights ought to face in general. Mean, educational ministers cannot entertain as; permanent, critical films assert somewhere official years. Indeed other chairs ba                               | Jewelry                                            | costume                                            |           27.19 | 2940.7400000000002 |    1.0950756821545011
 AAAAAAAAKGHCAAAA | Tes                                                                                                                                                                                                      | Jewelry                                            | costume                                            |             1.2 |           21325.02 |     7.941032129143815
 AAAAAAAAKKFAAAAA | Forces must not achieve once again political, possible themes. I                                                                                                                                         | Jewelry                                            | costume                                            |            7.43 |             327.15 |   0.12182444194891252
 AAAAAAAAKNBBAAAA | Significant, theoretical questions can fly most technological parts. Labour, proud rats may love to a facts. Least old months shall not oppose out of a discussions. Concrete                            | Jewelry                                            | costume                                            |            3.89 |            3296.06 |     1.227390096683884
 AAAAAAAALCCEAAAA | Only, british miles ship here. So ridiculous patients start very other companies. Numbers will provide in private subject ways; subsequent, professional companies fill natural trees. Students lea      | Jewelry                                            | costume                                            |             2.7 |            7200.43 |     2.681303275385017
 AAAAAAAALIGDAAAA | Much satisfactory children stop really basic circles. Worldwide private trees used to get however practical, serious animals. Wooden changes attend quite modern, adult                                  | Jewelry                                            | costume                                            |            9.94 | 14206.240000000002 |     5.290133761859451
 AAAAAAAALJDCAAAA | English, necessary winners cannot detail by a records. Familiar players organize at the points; behind d                                                                                                 | Jewelry                                            | costume                                            |            3.21 |             9147.1 |    3.4062061835576887
 AAAAAAAAMFIBAAAA | Police know very for the subjects. Free, regional personnel come only, different sites. Unusual assets keep for a years. Very blue motives may not become never obvious different associations. New, b   | Jewelry                                            | costume                                            |            2.53 |            4881.88 |    1.8179193234343791
 AAAAAAAAMLADAAAA | Experiences could help nowadays just specific groups. Similar, inevitable committees should form other factors. Economic arguments might help too different, ideological provisions. Now                 | Jewelry                                            | costume                                            |            3.22 |            1047.06 |    0.3899052428153091
 AAAAAAAAMMLAAAAA | Easy members should receive even; dark sale                                                                                                                                                              | Jewelry                                            | costume                                            |            9.66 |             594.54 |   0.22139539573989442
 AAAAAAAAMOCDAAAA | Just left situations ask afterw                                                                                                                                                                          | Jewelry                                            | costume                                            |             4.8 |           10412.99 |    3.8775995591306947
 AAAAAAAANIOCAAAA | Very full managers consent; possible lines become ye                                                                                                                                                     | Jewelry                                            | costume                                            |            2.14 |            1410.18 |     0.525124229092213
 AAAAAAAANKEEAAAA | Wives could catch therefore others; social clients give. Perhaps regional events find unhappy things. Physical sons should not                                                                           | Jewelry                                            | costume                                            |            3.66 |           15126.84 |     5.632947704265591
 AAAAAAAANNPCAAAA | Tightly sufficient areas make. Massive changes leave just in the custome                                                                                                                                 | Jewelry                                            | costume                                            |            5.55 |            1458.66 |    0.5431772596460362
 AAAAAAAAOGIBAAAA | Numbers sign round, private drinks. Difficult, active foreigners shall eliminate then complete sanctions. Properly particular e                                                                          | Jewelry                                            | costume                                            |            2.22 |            2622.76 |    0.9766659739138922
 AAAAAAAAOJFDAAAA | However available arrangement                                                                                                                                                                            | Jewelry                                            | costume                                            |            6.53 |             554.02 |   0.20630651789251575
 AAAAAAAAOKPCAAAA | Rather german interests know falsely much nice ties; now british institutio                                                                                                                              | Jewelry                                            | costume                                            |           84.28 |             2713.7 |    1.0105303014420417
 AAAAAAAAOPLDAAAA | Nearby, traditional instruments enclose really prominent clients. Small, identical users would lead comparative, little hospitals. Black, voluntary benefits could promote events. E                     | Jewelry                                            | costume                                            |            4.71 |            3905.67 |    1.4543972739923865
 AAAAAAAAPBBCAAAA | Too potential words hear strange comments. Political,                                                                                                                                                    | Jewelry                                            | costume                                            |            3.95 |             6056.8 |    2.2554372000494376
 AAAAAAAAPDNDAAAA | Legs see to the resources; unfortunately asleep years must come annually. Ministers perceive outside, small concerns. Now national attitudes take muc                                                    | Jewelry                                            | costume                                            |            8.46 |            3223.26 |    1.2002807603736874
 AAAAAAAAPECEAAAA | All white parties should happen costs. Awards offer; interests take. Details live now parliamentary demands; childre                                                                                     | Jewelry                                            | costume                                            |            58.4 |  4428.839999999999 |    1.6492158382424629
 AAAAAAAAABAAAAAA | Students should not win                                                                                                                                                                                  | Jewelry                                            | custom                                             |            5.42 |           17425.42 |     4.283300420107287
 AAAAAAAAABDEAAAA | Deep, senior students would assume more in an women. Chi                                                                                                                                                 | Jewelry                                            | custom                                             |            3.78 |            4293.09 |    1.0552740881171527
 AAAAAAAAAFACAAAA | New,                                                                                                                                                                                                     | Jewelry                                            | custom                                             |            0.74 |           16849.89 |     4.141830780306104
 AAAAAAAAAICBAAAA | Major, local                                                                                                                                                                                             | Jewelry                                            | custom                                             |            6.02 |             967.05 |    0.2377082257566677
 AAAAAAAAAPFAAAAA | Wrong countries gain modern, outer needs. Costs shall follow. Senior bands think at the eyes; military, close days would play also. Conditions sleep in full old courts                                  | Jewelry                                            | custom                                             |            2.58 |             691.84 |    0.1700595200946104
 AAAAAAAABAMAAAAA | British, bad eyes decrease well for a speakers. Phrases might go changes; sports may not afford national, gold reasons. Fat students argue against a numbers; things deter                               | Jewelry                                            | custom                                             |            3.55 | 2661.8500000000004 |    0.6543029220106366
 AAAAAAAABDKCAAAA | Skills argue english, different shares. Internal decisions create. Ever sure leaders could take complex, other managers. Days may live joint, catholic eyes. Sm                                          | Jewelry                                            | custom                                             |            1.98 |           12511.47 |     3.075414234328913
 AAAAAAAABOBDAAAA | Hot windows drive under te                                                                                                                                                                               | Jewelry                                            | custom                                             |             5.6 |            8253.35 |    2.0287360374838874
 AAAAAAAACGJDAAAA | Major letters know into a views. Exactly subsequent others will cancel however with a years. Much large rates bear easily independent, unusual efforts                                                   | Jewelry                                            | custom                                             |            1.14 |             105.83 |  0.026013816795231005
 AAAAAAAACKIAAAAA | Careful moments used to head legal mechanisms. Ready, positive months cannot stand quite. Straight, negative dates will make actively current concentrations. Possible                                   | Jewelry                                            | custom                                             |             3.3 |            3424.75 |    0.8418295291454917
 AAAAAAAACPAAAAAA | Particul                                                                                                                                                                                                 | Jewelry                                            | custom                                             |            2.74 | 20100.719999999998 |     4.940909454145665
 AAAAAAAADFEEAAAA | Eyes want best large fields. Women examine alternatively never existing groups. Refugees can fly t                                                                                                       | Jewelry                                            | custom                                             |            3.91 |            10314.2 |    2.5353086004854166
 AAAAAAAAELKBAAAA | Per annum political margins would meet glasses. Terms recognize. Light, swiss po                                                                                                                         | Jewelry                                            | custom                                             |            2.28 |            5754.05 |    1.4143891385297076
 AAAAAAAAEMGBAAAA | Yellow temperatures shall tell so. However central points play finally red copies. Rapidly                                                                                                               | Jewelry                                            | custom                                             |            3.97 |            9654.88 |     2.373242743077954
 AAAAAAAAEOPCAAAA | Children shall prove for example indeed nec                                                                                                                                                              | Jewelry                                            | custom                                             |            4.92 |  4381.679999999999 |     1.077050182134818
 AAAAAAAAEPHCAAAA | New, little ey                                                                                                                                                                                           | Jewelry                                            | custom                                             |            2.02 | 10817.499999999998 |    2.6590235583710795
 AAAAAAAAEPPBAAAA | Patients should put here words. Practitioners determine national, individual parts. Absolute rights must sav                                                                                             | Jewelry                                            | custom                                             |            4.06 |            5647.08 |    1.3880951010867721
 AAAAAAAAFBABAAAA | Essential, average needs would run even for e                                                                                                                                                            | Jewelry                                            | custom                                             |             5.6 |            4652.91 |    1.1437205736057667
 AAAAAAAAFFJDAAAA | Nuclear services account. Sorry, international animals may hear due, secondary questions. Children answer only. Centres could help defensive, accurate courses. Old, fast properties                     | Jewelry                                            | custom                                             |            5.81 |            9452.86 |    2.3235846946136953
 AAAAAAAAFHBDAAAA | Urban companies must continue once again major roads. All open regions used to go. Likely reports may wish external flights; items could n                                                               | Jewelry                                            | custom                                             |           88.47 |            20836.4 |     5.121745178797613
 AAAAAAAAFHNAAAAA | Then environmental services will look essential, general requests. Final, criminal years challenge                                                                                                       | Jewelry                                            | custom                                             |            1.84 |            6989.59 |    1.7180942429724906
 AAAAAAAAFNMBAAAA | Circumstances recognize both similar drawings. Personnel deny sure lads; magnificent elections should know of course excellent hours. Further likely paintin                                             | Jewelry                                            | custom                                             |            0.96 |            2765.21 |    0.6797095940691744
 AAAAAAAAFOPDAAAA | Leadin                                                                                                                                                                                                   | Jewelry                                            | custom                                             |            1.46 |            2406.11 |    0.5914400900422685
 AAAAAAAAFPACAAAA | Typical officials d                                                                                                                                                                                      | Jewelry                                            | custom                                             |            4.04 |           11381.29 |     2.797607417116079
 AAAAAAAAGAIDAAAA | Northern                                                                                                                                                                                                 | Jewelry                                            | custom                                             |            2.65 |            4641.36 |    1.1408814959908662
 AAAAAAAAGGKDAAAA | Often essential peasants regard etc later educational ways. Others may no                                                                                                                                | Jewelry                                            | custom                                             |             2.9 |            7915.62 |    1.9457194415635117
 AAAAAAAAGLEEAAAA | French, grand animals must suffer other principles. Intere                                                                                                                                               | Jewelry                                            | custom                                             |             6.4 |             788.18 |    0.1937406229014946
 AAAAAAAAGNABAAAA | Severe, official companies understand about especially good issues. Tonight traditional books pick now from the minutes; teenage, private years trus                                                     | Jewelry                                            | custom                                             |            8.79 |              24.42 |   0.00600262124293245
 AAAAAAAAHCGEAAAA | Territorial, corporate classes may not read new, impossible students. For example significant flowers should not see in a chips.                                                                         | Jewelry                                            | custom                                             |            9.99 |            9861.92 |    2.4241347456224562
 AAAAAAAAHLCCAAAA | Nearby video-taped years come also secondary plants. Children shall tell new boots. Following cl                                                                                                         | Jewelry                                            | custom                                             |            1.18 |             202.72 |   0.04983011377425332
 AAAAAAAAHOEDAAAA | Reactions yield since predominantly current emissions. Modern, sweet words might sign unlikely, dangerous weapo                                                                                          | Jewelry                                            | custom                                             |            7.88 |            3188.16 |    0.7836739124433874
 AAAAAAAAICMDAAAA | Currently usual terms appear inside with a dimensions. Sexual germ                                                                                                                                       | Jewelry                                            | custom                                             |           49.88 |            7462.61 |    1.8343661471629864
 AAAAAAAAIFPBAAAA | Written relations say. Associated arms make lips. Glasses climb never in a weapons. Effects command in the waters. Boats store supporters. Warm, major rates see generally. Readers would pret           | Jewelry                                            | custom                                             |            3.79 | 5928.4400000000005 |    1.4572555234009195
 AAAAAAAAIGLDAAAA | Main men build there yesterday recent practices. Closer favorable countries used to come frequently for a users. Miners get entire, public attempts. Soviet materials shal                               | Jewelry                                            | custom                                             |             7.8 |            3838.18 |    0.9434537593037866
 AAAAAAAAIHKAAAAA | Really far parties cope never han                                                                                                                                                                        | Jewelry                                            | custom                                             |            9.44 |           10094.01 |     2.481184228188885
 AAAAAAAAIICCAAAA | Firmly new things ought to acknowledge better silver, public audiences; about necessary records operate. Quite grand drinks shall not minimise. Hopes can forget by the boundaries. Anyway religious pro | Jewelry                                            | custom                                             |            1.39 |  4794.900000000001 |     1.178622792700115
 AAAAAAAAIIMAAAAA | Detailed passengers ma                                                                                                                                                                                   | Jewelry                                            | custom                                             |           40.29 |             4392.3 |    1.0796606586950122
 AAAAAAAAIKCAAAAA | Facts continue late. Doctors could not take now from a flowers. Firms move perhaps major, potential terms; grateful years seem over cultural doors. Likely groups oug                                    | Jewelry                                            | custom                                             |            5.98 |              13381 |     3.289151304327564
 AAAAAAAAILOBAAAA | Today powerful theories go else on a questions. Drugs take from a words. Preliminary benefits can find main, industrial types. Poor years will give. Early, local ways use at least in a mountai         | Jewelry                                            | custom                                             |            1.68 | 7485.9400000000005 |    1.8401008381374997
 AAAAAAAAINKAAAAA | Important, public children must not obtain for a rights; indian employ                                                                                                                                   | Jewelry                                            | custom                                             |            4.32 |           12767.37 |     3.138316395510994
 AAAAAAAAIODBAAAA | Things used to submit even to the residents. Opportunities shall select just little hills; servants shall not go in general other obligations. Angry, slow police cou                                    | Jewelry                                            | custom                                             |            0.26 |                    |                      
 AAAAAAAAJCHBAAAA | Satisfied, high courses prevent in a developments. Elderly, electronic books start; particularly overall examples look very terrible purposes; ov                                                        | Jewelry                                            | custom                                             |            7.89 |            7324.38 |    1.8003881645908917
 AAAAAAAAJMBDAAAA | Ancient eyes meet international, empty cattle. Also plain missiles could enable already positive, small units. Peculiar sounds limit comments; small passengers used to find however pressures. Early    | Jewelry                                            | custom                                             |             2.1 |           17045.44 |     4.189898453690847
 AAAAAAAAJMICAAAA | Nice, european months may run in a hands. On                                                                                                                                                             | Jewelry                                            | custom                                             |            3.97 | 1776.3600000000001 |    0.4366427629441231
 AAAAAAAAKAHAAAAA | Arms make only left, final shoulders. So impossible scientists write even high, large prices. Hearts settle today forces. Pictures live instead dependent, current friends. Professional colleagues wit  | Jewelry                                            | custom                                             |            1.86 |            5005.12 |    1.2302964633671607
 AAAAAAAAKHCBAAAA | Japanese                                                                                                                                                                                                 | Jewelry                                            | custom                                             |            1.66 | 10256.900000000001 |     2.521223825824482
 AAAAAAAAKMMBAAAA | Sciences appr                                                                                                                                                                                            | Jewelry                                            | custom                                             |            3.88 |             210.21 |  0.051671212591188787
 AAAAAAAALGEBAAAA | Dependent techniques develop more welsh, social pl                                                                                                                                                       | Jewelry                                            | custom                                             |            1.79 |           10639.16 |    2.6151862335363307
 AAAAAAAALPGCAAAA | Eyes cannot learn more day                                                                                                                                                                               | Jewelry                                            | custom                                             |            3.51 |            18561.7 |     4.562606663592926
 AAAAAAAAMAAEAAAA | Front, large things ought to stop preferably concerned friends. Soon nume                                                                                                                                | Jewelry                                            | custom                                             |            9.02 |              21.32 |  0.005240617727244874
 AAAAAAAAMDPBAAAA | Then british in                                                                                                                                                                                          | Jewelry                                            | custom                                             |            3.14 |  841.3199999999999 |   0.20680283800589389
 AAAAAAAANBOAAAAA | Still legislative metres proceed only routes. Just royal premises must not end in a champions. Crazy, nervous organisations can lie organisms. Orthodox, previous                                        | Jewelry                                            | custom                                             |            0.68 |  9322.730000000001 |    2.2915977534858167
 AAAAAAAANJCBAAAA | Difficult, careful points must not lift here well urban programmes; environmental items arrest tonight. Cu                                                                                               | Jewelry                                            | custom                                             |            7.77 |            6514.72 |    1.6013675947484394
 AAAAAAAAOENAAAAA | Even visual stories look modern, old schools. More than significant figures act slightly. Commercial, high services try tough rules. Small, local teachers support both                                  | Jewelry                                            | custom                                             |            4.23 |            14699.7 |      3.61329776759763
 AAAAAAAAOJMDAAAA | Glasses fuck goods; a                                                                                                                                                                                    | Jewelry                                            | custom                                             |            7.26 |            4095.59 |     1.006727089940283
 AAAAAAAAOOLCAAAA | Suddenly old policies go as mental, empty patterns. National, low cases follow now at a processes; normal, general numbers migh                                                                          | Jewelry                                            | custom                                             |            1.49 |  8045.400000000001 |    1.9776203500363936
 AAAAAAAAOOPBAAAA | So level discussions hear pieces. Normal, following children shall look books. Of course other investments recover including the factors                                                                 | Jewelry                                            | custom                                             |            4.36 |            1436.23 |   0.35303622881805374
 AAAAAAAAPCPCAAAA | Considerable, natural examples used to lead. Pri                                                                                                                                                         | Jewelry                                            | custom                                             |            2.43 |            1919.84 |    0.4719112353411726
 AAAAAAAAACKCAAAA | So long years will fix right clothes. Private criteria expect most                                                                                                                                       | Jewelry                                            | diamonds                                           |            4.51 |            8231.27 |     3.261167269414096
 AAAAAAAAALNBAAAA | Patterns must not see at a communists. Home subject ranks starve at first years. Dearly recent races come new, particular women. Less internal negotiations give once to a ha                            | Jewelry                                            | diamonds                                           |            0.62 |            1229.64 |    0.4871741202952095
 AAAAAAAAANPBAAAA | Large, able categories would turn available, strange fires. Electron                                                                                                                                     | Jewelry                                            | diamonds                                           |            0.21 |  7978.860000000001 |    3.1611643257039743
 AAAAAAAAAOLAAAAA | Walls make. Fiscal, modern systems hold; great, historic premises come right for the houses. Then royal institutions giv                                                                                 | Jewelry                                            | diamonds                                           |            7.86 | 1738.0900000000001 |    0.6886181864154555
 AAAAAAAAAPEDAAAA | Small members depend sometimes heavy, sorry deputies; specific, financial voters would not analyse together new elections. Muc                                                                           | Jewelry                                            | diamonds                                           |            2.04 |            6952.12 |      2.75437765946678
 AAAAAAAAAPFCAAAA | Subject, central e                                                                                                                                                                                       | Jewelry                                            | diamonds                                           |            1.03 |               2538 |    1.0055365125640363
 AAAAAAAABBCAAAAA | Single, ready incomes take meanwhile political posts. Material females face with the waves. Times ought to blow at last. Trying products lead especially                                                 | Jewelry                                            | diamonds                                           |            6.98 |             546.92 |   0.21668559080044233
 AAAAAAAABCCCAAAA | Poor, old friends need corporate devices; types install central, left terms; much political standards cut on a cas                                                                                       | Jewelry                                            | diamonds                                           |            2.06 |             194.12 |   0.07690888408941321
 AAAAAAAABLHAAAAA | Today                                                                                                                                                                                                    | Jewelry                                            | diamonds                                           |            3.61 |             1161.3 |   0.46009832625713765
 AAAAAAAABNMCAAAA | Only necessary tactics make at least national, fortunate areas. Again new miles increase. Fingers mean more at a children. Certain disputes req                                                          | Jewelry                                            | diamonds                                           |            4.27 |            1391.75 |    0.5514008831209604
 AAAAAAAACCPDAAAA | Probably whole occasions test; railways walk now detailed victims; main, innocent d                                                                                                                      | Jewelry                                            | diamonds                                           |            8.55 |  5863.620000000001 |    2.3231221457055695
 AAAAAAAACFDEAAAA | Shoes will give profoundly to a cent                                                                                                                                                                     | Jewelry                                            | diamonds                                           |            3.67 |              76.86 |  0.030451353962045638
 AAAAAAAACGPAAAAA | Only deep schools save average parts. Black, old                                                                                                                                                         | Jewelry                                            | diamonds                                           |            4.11 |           12659.72 |     5.015685854545777
 AAAAAAAACHGBAAAA | Eastern games could not see highly yet judicial efforts. Recent, wrong readers last well. Groups would not clarify more local calls. Permanent, human conclusions ought to defeat however less surpr     | Jewelry                                            | diamonds                                           |            1.18 | 3778.0599999999995 |    1.4968389584939648
 AAAAAAAACNKAAAAA | Years run constantly warm,                                                                                                                                                                               | Jewelry                                            | diamonds                                           |            0.16 | 13934.990000000002 |     5.520938237673255
 AAAAAAAADCDCAAAA | Economic needs ought to conti                                                                                                                                                                            | Jewelry                                            | diamonds                                           |            9.15 | 11390.310000000001 |      4.51275515934723
 AAAAAAAADLEBAAAA | Countries make otherwise. Yards deliver further. Social, special years should see to the estates. Funds break everywhere commercial,                                                                     | Jewelry                                            | diamonds                                           |            7.96 |            7071.37 |     2.801623612628034
 AAAAAAAADNKCAAAA | Sexual, short men used to feed                                                                                                                                                                           | Jewelry                                            | diamonds                                           |            2.84 |           15657.39 |     6.203340164087871
 AAAAAAAADPICAAAA | Fields may not give from the arrangements. Prospects could get national assessments. Serious, specific actors end for a centres. Today exciting courses use domestic, other ques                         | Jewelry                                            | diamonds                                           |            7.39 |            7839.66 |     3.106014332579895
 AAAAAAAAEBIDAAAA | Clear, precious pounds cannot say for a authorities. Moral assets would not think much generous friends; long,                                                                                           | Jewelry                                            | diamonds                                           |             4.7 |  7828.219999999999 |    3.1014818906162485
 AAAAAAAAEFGBAAAA | New women must not look again available i                                                                                                                                                                | Jewelry                                            | diamonds                                           |           50.84 |  8518.400000000001 |    3.3749260160068904
 AAAAAAAAEGBDAAAA | Great actions must cl                                                                                                                                                                                    | Jewelry                                            | diamonds                                           |            3.02 |            2036.88 |      0.80699653731735
 AAAAAAAAEHDDAAAA | Once again general powers used to need symbolic, expensive policies. Level                                                                                                                               | Jewelry                                            | diamonds                                           |           52.05 |            8471.61 |    3.3563881698985876
 AAAAAAAAEHGDAAAA | Personnel imagine yesterday as major nations. Instructions ought to stop rich ears. French, standard banks will offer about words. Children create.                                                      | Jewelry                                            | diamonds                                           |            3.95 |           10257.42 |     4.063912661428131
 AAAAAAAAEIICAAAA | Substantial, economic homes see                                                                                                                                                                          | Jewelry                                            | diamonds                                           |            1.74 |           11061.22 |    4.3823721763213435
 AAAAAAAAEJLBAAAA | Changing, only birds may investigate well bodies. Grounds hear at least federal words. Insufficient businesses discuss cells. Much efficient offices understand with a cheeks. Cons                      | Jewelry                                            | diamonds                                           |            3.08 |             461.16 |   0.18270812377227383
 AAAAAAAAENODAAAA | Accounts may accept organisations. Large, splendid men come subject to a points. Clothes recommend severely surprising times. Committees cultivate available, poor readers; ever real particles          | Jewelry                                            | diamonds                                           |            3.32 |               1721 |    0.6818472569435408
 AAAAAAAAFNFCAAAA | Right ways must teach much committees. Fair                                                                                                                                                              | Jewelry                                            | diamonds                                           |             8.1 |            1902.51 |    0.7537601538684809
 AAAAAAAAGAOAAAAA | Individual citizens can reduce quite other children. Increased others seek movements. Parents see more. Large others explain only between a hands; often straight accounts can justify more j            | Jewelry                                            | diamonds                                           |            4.94 |            7379.06 |     2.923528076596051
 AAAAAAAAGFBCAAAA | Available packages should like further valuable questions. The                                                                                                                                           | Jewelry                                            | diamonds                                           |            0.73 |            3771.69 |    1.4943152124005714
 AAAAAAAAHBDCAAAA | Actually remote men make even english days. Yet mass names support for example at all eager numbers. Slim, military industries can wait unexpe                                                           | Jewelry                                            | diamonds                                           |            7.64 |            7747.12 |    3.0693506805418034
 AAAAAAAAIBJCAAAA | Enough                                                                                                                                                                                                   | Jewelry                                            | diamonds                                           |            3.12 |            1056.17 |    0.4184466109041601
 AAAAAAAAIDADAAAA | Likely, public clients can express alone styles. Then alone times try thoughtfully for example late methods. Far, anonymo                                                                                | Jewelry                                            | diamonds                                           |           47.31 |            3965.13 |    1.5709546856040335
 AAAAAAAAIGFDAAAA | Mea                                                                                                                                                                                                      | Jewelry                                            | diamonds                                           |            1.19 |            6353.18 |    2.5170821358910893
 AAAAAAAAIMIAAAAA | Dark factors shall not add so since a facilities. In particular expected points believe thus. More international dealers want into a conferences; h                                                      | Jewelry                                            | diamonds                                           |             6.5 |  9409.210000000001 |    3.7278582385274457
 AAAAAAAAIOHDAAAA | Definitions shall see already known alternatives; total periods shall result now                                                                                                                         | Jewelry                                            | diamonds                                           |            1.12 |             2337.1 |    0.9259414434647002
 AAAAAAAAJBKCAAAA | Darling societies taste also new duties; old, sharp demands would multiply backs. British writers may face into a forces. Laboratories preserve then open, european degre                                | Jewelry                                            | diamonds                                           |            2.27 |            2987.08 |    1.1834586311858872
 AAAAAAAAJGHDAAAA | Implicit, similar degrees must save so to a products; decisions ask about a days. Left charges should not appear again now old officers. Else occupat                                                    | Jewelry                                            | diamonds                                           |            3.61 |            6016.06 |     2.383517727256106
 AAAAAAAAJMGBAAAA | Directly interested figures sustain later only, considerable authorities; catholic affairs shall see for instance forward similar amounts. Groups announce normally of                                   | Jewelry                                            | diamonds                                           |            9.21 | 1491.5800000000002 |     0.590952778333438
 AAAAAAAAKCBDAAAA | Courses would play weeks; tired men identify also bright students. Young years could point once old funds; royal, different men should warm. Long,                                                       | Jewelry                                            | diamonds                                           |           14.79 |            6904.84 |    2.7356456790436012
 AAAAAAAAKOIDAAAA | Natural teachers used to find institutions. Loudly due roles interpret streets. Skilfully adequate farmers wait there                                                                                    | Jewelry                                            | diamonds                                           |            4.89 |            9535.39 |    3.7778498055705225
 AAAAAAAALAIDAAAA | Pure errors hang. More foreign systems offer enough in the minutes. Awkward, able services should use often actually young ideas. Also main women will go there military men.                            | Jewelry                                            | diamonds                                           |            7.52 | 2046.5099999999998 |    0.8108118708933907
 AAAAAAAALJACAAAA | Similarly new times forget black prayers. Pale teeth consider in order recent speaker                                                                                                                    | Jewelry                                            | diamonds                                           |            3.62 |            2866.71 |    1.1357689424477733
 AAAAAAAAMECBAAAA | New, interesting teachers hold sometimes only present rules. Various, new relations                                                                                                                      | Jewelry                                            | diamonds                                           |            2.68 |             1412.1 |    0.5594634000755223
 AAAAAAAANCKDAAAA | Whole articles should kill rarely usually heavy affa                                                                                                                                                     | Jewelry                                            | diamonds                                           |            0.65 |            6526.23 |    2.5856432444408157
 AAAAAAAANDGDAAAA | Terms could come then heads. Successful fingers should not regard increasingly personal, final mountains. Years go. Realistic requirements used to work often western, local boats. Interested, right po | Jewelry                                            | diamonds                                           |            8.14 | 3563.8999999999996 |    1.4119903771185849
 AAAAAAAANLFCAAAA | Modest reasons will ask at all english, increased stairs; ready courts take maps. Easily identical fortunes would not s                                                                                  | Jewelry                                            | diamonds                                           |            0.56 |             815.49 |   0.32309100497669263
 AAAAAAAAOBDEAAAA | Federal, real studies could strengthen especially guilty, new properties. Lands remember well with a firms. Neither western lawye                                                                        | Jewelry                                            | diamonds                                           |             4.2 |  766.8199999999999 |    0.3038083170072318
 AAAAAAAAOPMCAAAA | Sure large                                                                                                                                                                                               | Jewelry                                            | diamonds                                           |            0.83 |             2236.8 |    0.8862033377869333
 AAAAAAAAPPHAAAAA | Elderly courses could make only. Big, alternative runs would switch now individual others. Men share anyway in a programmes. Commonly white children can maintain completely out of an                   | Jewelry                                            | diamonds                                           |            3.48 |             721.93 |    0.2860232366096748
 AAAAAAAAAJOAAAAA | Large feet stand deep, financial conditions; bare, human reasons will i                                                                                                                                  | Jewelry                                            | earings                                            |            8.54 |             281.88 |   0.12878981436502615
 AAAAAAAACNIAAAAA | Actions might not keep possible, annual areas. Possibly material policies will shoot of course. New others should not call however traditional, huge prospects. Concerned fans can examin                | Jewelry                                            | earings                                            |            5.62 |  7006.530000000001 |    3.2012547823293134
 AAAAAAAAEEBCAAAA | Endless, top feet might not take only military, old questions. Good, white toys would put so past, statutory characters. Given, critical quantities disrup                                               | Jewelry                                            | earings                                            |            5.21 |            1461.88 |    0.6679269682983697
 AAAAAAAAEFBEAAAA | Royal, available scenes can imagine particular, royal wishes. Again british societies indicate in a individuals. British, expected d                                                                     | Jewelry                                            | earings                                            |            5.52 | 15917.199999999999 |      7.27250331066764
 AAAAAAAAEILDAAAA | Total, new number                                                                                                                                                                                        | Jewelry                                            | earings                                            |            0.14 |             160.44 |   0.07330437709920816
 AAAAAAAAENGAAAAA | Aware values must not check ever possible leaves. Other, early agents could n                                                                                                                            | Jewelry                                            | earings                                            |            3.18 |           11819.28 |     5.400180492153634
 AAAAAAAAFCPDAAAA | Also unable problems suppose often other organs. Involved countries might avoid free, good reserves. Able chairs shall appear even in the hands. Parents ought to tighten very tired objectives; teen    | Jewelry                                            | earings                                            |           92.52 |            10502.6 |     4.798594807542655
 AAAAAAAAFFOBAAAA | Exp                                                                                                                                                                                                      | Jewelry                                            | earings                                            |            3.82 |            1784.28 |    0.8152302042543951
 AAAAAAAAGEABAAAA | Different, new characteristics form just true boys; well enthusiastic grounds should qualify just; firms pay. Marvellous figures offer; interesting dangers stop so to                                   | Jewelry                                            | earings                                            |            4.97 |            3496.09 |    1.5973491631312058
 AAAAAAAAGFECAAAA | Thereby special players obey ever national proposals. Officials go. Supreme, different consequences go more; families stop almost progressively other times. Well yell                                   | Jewelry                                            | earings                                            |            3.98 | 8055.4800000000005 |     3.680515729463534
 AAAAAAAAGKJBAAAA | Original, unable liabilities will take. Products ought to afford eastw                                                                                                                                   | Jewelry                                            | earings                                            |            9.58 |            2084.51 |     0.952404058258978
 AAAAAAAAGMHDAAAA | Complicated standa                                                                                                                                                                                       | Jewelry                                            | earings                                            |            9.34 |              91.26 |   0.04169631921013299
 AAAAAAAAHAMAAAAA | Systematically broad views may leave from a customers. Sweet subjects shall not give really possible, new re                                                                                             | Jewelry                                            | earings                                            |            3.83 |             393.42 |   0.17975198228852204
 AAAAAAAAHBGCAAAA | British houses may develop extreme circumstances; pictures tell in a negotiations; actually grand kind                                                                                                   | Jewelry                                            | earings                                            |            8.98 |             9172.1 |     4.190694821688153
 AAAAAAAAIIIBAAAA | High, young fingers allow                                                                                                                                                                                | Jewelry                                            | earings                                            |            2.21 |            1473.49 |     0.673231529618002
 AAAAAAAAIIKCAAAA | Then racial places survive ever much lev                                                                                                                                                                 | Jewelry                                            | earings                                            |           91.43 |            2549.67 |    1.1649337519230745
 AAAAAAAAIPIAAAAA | Feelings might not support high spanish, industrial problems. Both heavy wounds work more mysterio                                                                                                       | Jewelry                                            | earings                                            |             4.3 |  6634.639999999999 |    3.0313397686206085
 AAAAAAAAJEDDAAAA | Very democratic factors might get re                                                                                                                                                                     | Jewelry                                            | earings                                            |            1.62 |            2783.95 |    1.2719753217735015
 AAAAAAAAKBPCAAAA | Labour sides li                                                                                                                                                                                          | Jewelry                                            | earings                                            |           68.07 |  9198.490000000002 |     4.202752304308747
 AAAAAAAAKCIAAAAA | Much local projects used to meet therefore important shoulders. Main gentlemen might put by a ideas. Afield helpful schemes make still parents. Contents get ready winds. Readers ought t                | Jewelry                                            | earings                                            |            5.97 |            2301.32 |    1.0514636568558324
 AAAAAAAAKDEDAAAA | Substantial, soft services run further extensive libraries; days could not increase enough remarkable, international proble                                                                              | Jewelry                                            | earings                                            |            4.05 |             546.94 |   0.24989463980703638
 AAAAAAAAKJHDAAAA | Scientific hands must understand in the columns. Hotly important solicitors may see here common figures. About bad opportunities would not go only new, white minutes. Legal, common pai                 | Jewelry                                            | earings                                            |            0.72 |  8967.220000000001 |     4.097085991096743
 AAAAAAAAKLMCAAAA | Is                                                                                                                                                                                                       | Jewelry                                            | earings                                            |            2.34 |            4023.79 |    1.8384531259537698
 AAAAAAAAKNNBAAAA | Usually other types should put as social, present strings. Good floors shall not go for a babies. Sounds organise very local photographs. New, semantic leaders believe                                  | Jewelry                                            | earings                                            |            0.19 |            2146.43 |    0.9806950519636833
 AAAAAAAAKOBDAAAA | Regular arguments ought to follow. Provincial friends make then solid tasks. Benefits see usually only exciting conditions. Here early trees like criminal, special s                                    | Jewelry                                            | earings                                            |            6.25 |            1488.49 |    0.6800849680154597
 AAAAAAAALMPCAAAA | Just open days ou                                                                                                                                                                                        | Jewelry                                            | earings                                            |            6.76 | 23682.319999999996 |    10.820354748592116
 AAAAAAAAMKFCAAAA | Quite key characteristics may not leave better new medical c                                                                                                                                             | Jewelry                                            | earings                                            |            1.19 |           10340.95 |    4.7247375864127195
 AAAAAAAAMMPBAAAA | Vehicles claim ever feet. Ho                                                                                                                                                                             | Jewelry                                            | earings                                            |            3.77 |              174.6 |   0.07977402294640829
 AAAAAAAANBIDAAAA | E                                                                                                                                                                                                        | Jewelry                                            | earings                                            |             3.9 |            3578.68 |    1.6350841949476083
 AAAAAAAANKODAAAA | Now systematic losses know of course changing advertisements. New, grey institutions must turn indeed. Schools must increase substantial, average banks. Thin cars will raise clear, just par            | Jewelry                                            | earings                                            |             1.1 |           11186.21 |     5.110933409068395
 AAAAAAAANMHCAAAA | Often european families bring open. Judicial firms put demand                                                                                                                                            | Jewelry                                            | earings                                            |            7.58 |             6293.2 |    2.8753372348587436
 AAAAAAAANNLDAAAA | Groups like largely cars. Even british stocks avoid about goods; months shall exploit yesterday rarely comparative police; good, coming years reach consequences. Much empty areas remembe               | Jewelry                                            | earings                                            |            3.76 | 2276.0099999999998 |     1.039899621799855
 AAAAAAAAOOEDAAAA | Experimental, main children refer ev                                                                                                                                                                     | Jewelry                                            | earings                                            |            1.74 |           14012.19 |     6.402112065231574
 AAAAAAAAOOHAAAAA | Pieces control normally others. Additional, dark consumers ought to enlarge stages. Different patients dismiss simply particl                                                                            | Jewelry                                            | earings                                            |            3.39 |            5515.71 |    2.5201052468827814
 AAAAAAAAPFFDAAAA | Critical, other animals should hesitate immediately; fiercely impossible characteristics go however there rigi                                                                                           | Jewelry                                            | earings                                            |            2.71 |           17031.68 |     7.781704645680889
 AAAAAAAAPGICAAAA | Alive, welsh facilities would feel with a packages. Perhaps old words used to sp                                                                                                                         | Jewelry                                            | earings                                            |            4.77 | 3077.3100000000004 |    1.4060103009920488
 AAAAAAAAPNKCAAAA | Sometimes proper criteria will not help groups. Significant, small m                                                                                                                                     | Jewelry                                            | earings                                            |            2.23 |               7358 |    3.3618399818996116
 AAAAAAAAADDEAAAA | Matches would not urge international, general lands. New, modern words migh                                                                                                                              | Jewelry                                            | estate                                             |            6.74 |             397.32 |   0.23962934529477722
 AAAAAAAABLNAAAAA | Finally far goods shall tear national, local problems. Findings shall sell at a presents. Other shares chec                                                                                              | Jewelry                                            | estate                                             |            2.98 |              921.3 |    0.5556491387800219
 AAAAAAAABNJCAAAA | Lives might not meet now in the patients. Conditions could sell. Else dependent circumsta                                                                                                                | Jewelry                                            | estate                                             |            8.42 |             602.65 |   0.36346678984671676
 AAAAAAAACBOCAAAA | Eggs could take most also just weeks. Troops give years. Strategic, modern conservatives keep much fragments. Broken patients win ever mistakes. Ever ot                                                 | Jewelry                                            | estate                                             |            8.63 |            1507.43 |    0.9091524815707894
 AAAAAAAACCABAAAA | Eyes give much daughters. Other cities recall as northern beings. Wonderful, labour police used to make new communities. Champions may not contact early extra agreements. Main, certain                 | Jewelry                                            | estate                                             |            2.03 |            4070.34 |     2.454879969110902
 AAAAAAAACEODAAAA | Available, roman claims scrap n                                                                                                                                                                          | Jewelry                                            | estate                                             |           50.55 |           15154.14 |     9.139677455716791
 AAAAAAAACHCDAAAA | Quiet steps might not concern complex flats. Wonderful requests ought to pursue. Certai                                                                                                                  | Jewelry                                            | estate                                             |            2.84 |            5595.75 |    3.3748764445113504
 AAAAAAAACJLBAAAA | Roman, revolutionary ears will not bring great, reliable policies. Private, modern charges ought to persuade wel                                                                                         | Jewelry                                            | estate                                             |            6.44 |             559.78 |    0.3376112828679915
 AAAAAAAACLFBAAAA | Refugee                                                                                                                                                                                                  | Jewelry                                            | estate                                             |            7.49 |               4917 |    2.9655126618705823
 AAAAAAAADFFAAAAA | Important, particular relations spend desirable pains. Rooms decide over ways. Never famous things put now thereby independent events. Provisions submit forward to a patients. Major,                   | Jewelry                                            | estate                                             |            0.76 |             3829.6 |     2.309686249725357
 AAAAAAAAEFKAAAAA | Tonight low words may think; regional activities must not see overseas standard eyes. Atomic, environmental                                                                                              | Jewelry                                            | estate                                             |            1.75 |             2054.4 |    1.2390378711708203
 AAAAAAAAEJAAAAAA | Unable, imperial prizes can work valuable tools. Fresh companies look briefly male recommendations. Possible, low businesses deceive under an students. General minutes should escape sufficientl        | Jewelry                                            | estate                                             |            1.77 | 16955.859999999997 |     10.22632042361296
 AAAAAAAAEOEAAAAA | Often married companies touch common conditions. Major, innocent materials tell popular,                                                                                                                 | Jewelry                                            | estate                                             |            1.73 |            4715.58 |     2.844033393952345
 AAAAAAAAEPKDAAAA | Personal weeks master seasons.                                                                                                                                                                           | Jewelry                                            | estate                                             |            1.68 |            2192.44 |    1.3222917592823955
 AAAAAAAAFLHCAAAA | Especially aware hours say crucially likely, real arms. Fairly constant methods save too local, spatial stories; activitie                                                                               | Jewelry                                            | estate                                             |            6.24 |             2769.5 |    1.6703248560200483
 AAAAAAAAFOMDAAAA | Common chips put very white ye                                                                                                                                                                           | Jewelry                                            | estate                                             |            7.66 |  969.1099999999999 |    0.5844840300478746
 AAAAAAAAFPLAAAAA | However political days ought to say gently big realistic eyes. Sons used to receive by now like a steps; new, different purposes will understand then                                                    | Jewelry                                            | estate                                             |            6.56 |            4341.52 |     2.618432485614068
 AAAAAAAAGGOCAAAA | So federal ways would write however legal economic walls. Also clear students see from time to time. Already monthly child                                                                               | Jewelry                                            | estate                                             |             9.2 | 2473.6800000000003 |    1.4919116049249588
 AAAAAAAAGMBEAAAA | Islands will remember only fully straightforward points; so abstract benefits take always instructions; natio                                                                                            | Jewelry                                            | estate                                             |            3.55 |            3680.67 |    2.2198644476646727
 AAAAAAAAGMLAAAAA | Copies may reduce for the rates; great, added influences look an                                                                                                                                         | Jewelry                                            | estate                                             |            2.49 |            2780.44 |     1.676922925680586
 AAAAAAAAIAPAAAAA | Unanimously angry                                                                                                                                                                                        | Jewelry                                            | estate                                             |            7.02 | 2978.0699999999997 |    1.7961163906725492
 AAAAAAAAIFIBAAAA | National relationships should give organisations; already separate pounds                                                                                                                                | Jewelry                                            | estate                                             |            8.17 | 3843.0299999999997 |      2.31778607381503
 AAAAAAAAIHDCAAAA | Just single members formulate however men. Extremely little instruments shall not stay. Children touch most also rare situations. Accounts must not highlight qu                                         | Jewelry                                            | estate                                             |            9.95 |            4104.31 |     2.475367759455369
 AAAAAAAAIJBCAAAA | Already educational parties get effective fields. Local conditions raise really. Hands cannot suffer; constant courses understand even financial                                                         | Jewelry                                            | estate                                             |            8.87 |            3424.62 |    2.0654370494397463
 AAAAAAAAIKBEAAAA | Applicants might not preserve a little in a influences; high decisions articulate shares. Months would not face too old, level                                                                           | Jewelry                                            | estate                                             |            3.47 | 10572.730000000001 |     6.376563897811463
 AAAAAAAAJDICAAAA | Most effective intere                                                                                                                                                                                    | Jewelry                                            | estate                                             |            4.54 |            4804.34 |     2.897565812880072
 AAAAAAAAJGEAAAAA | Bc white years happen thinly with                                                                                                                                                                        | Jewelry                                            | estate                                             |            8.04 |            7135.16 |     4.303316519111756
 AAAAAAAAKBLBAAAA | Effectively clear months can hide to a years. Books market as here practical tears. High titles produce able, personal others. Moreover nuclear books used                                               | Jewelry                                            | estate                                             |            4.73 | 3203.8599999999997 |    1.9322935523409968
 AAAAAAAAKDJDAAAA | Waters could initiate on a hands                                                                                                                                                                         | Jewelry                                            | estate                                             |            6.15 |               66.5 |   0.04010709619979534
 AAAAAAAAKGAAAAAA | Yet tough rights become heavy allies. Specific materials hear. Eyes run. Early hands will prepare also in a evenings; significant shoes can help available institutions. More jewish minute              | Jewelry                                            | estate                                             |            1.28 |            6206.01 |    3.7429329336374724
 AAAAAAAAKPJDAAAA | Also objective sections form direct resources; instructions mean then other                                                                                                                              | Jewelry                                            | estate                                             |            4.08 |              368.6 |    0.2223079046502942
 AAAAAAAAKPMAAAAA | Positive millions compete as big companies. Easy, difficult funds must use countries. Obj                                                                                                                | Jewelry                                            | estate                                             |            9.23 |             937.53 |    0.5654376827096862
 AAAAAAAALNBDAAAA | Individual, single years will not bear supplies. Moreover correct police must admit about in a values. Further essential gains shine then net poli                                                       | Jewelry                                            | estate                                             |            3.64 |            6945.67 |     4.189032403940339
 AAAAAAAAMFHCAAAA | Then current details draw also imperial years. Peasants would get; votes                                                                                                                                 | Jewelry                                            | estate                                             |            2.24 |             186.97 |   0.11276426731542459
 AAAAAAAAMJLCAAAA | Exactly disabled authorities may send alone political companies; at present separate procedures get deliberately furiously stan                                                                          | Jewelry                                            | estate                                             |            8.29 |            4191.07 |     2.527693949925959
 AAAAAAAANOKAAAAA | Normal students explain rarely frequent weeks. Especially colonial duties would not come evidently. More present lives used to see more minor tanks. Elde                                                | Jewelry                                            | estate                                             |            8.68 |           13569.18 |     8.183765528005098
 AAAAAAAAONMCAAAA | Politicians should retriev                                                                                                                                                                               | Jewelry                                            | estate                                             |           81.75 |            5749.38 |     3.467532883446306
 AAAAAAAAPMBAAAAA | Suitable years find so obvious spaces. More working periods can link well futures; existing interests might meet other activities. Changes create probably true, da                                      | Jewelry                                            | estate                                             |            8.07 |            2231.04 |     1.345571968505134
 AAAAAAAAPOLAAAAA | Possible, tiny fees know later high demands. So substantial faces will not see part-time students. Small, severe classes appear w                                                                        | Jewelry                                            | estate                                             |            0.46 |  4799.490000000001 |    2.8946407088715156
 AAAAAAAAACFAAAAA | Right only lights vote. Never aware months would stay most about a years. European sales produce still fortunate                                                                                         | Jewelry                                            | gold                                               |            1.07 | 1556.3999999999999 |    0.4466089143529556
 AAAAAAAAAGIDAAAA | Confident, variable computers replace just good, daily relations. Boring, in                                                                                                                             | Jewelry                                            | gold                                               |            2.52 |             3933.2 |    1.1286315741024446
 AAAAAAAAAHEDAAAA | Children should evolve at a increases. Sufficient ideas might close children. Corporate parents use new moves. Young structures                                                                          | Jewelry                                            | gold                                               |            8.83 |            7795.42 |     2.236895440198739
 AAAAAAAAAJEEAAAA | Aware police worry. Great, useful models should point too objectively financial fami                                                                                                                     | Jewelry                                            | gold                                               |             2.8 |              528.3 |    0.1515956627169535
 AAAAAAAAALOBAAAA | Functions may deal once again by a citizens. Still physical interviews eat also in a blocks; discussions may go par                                                                                      | Jewelry                                            | gold                                               |             3.6 |            3475.86 |    0.9973978803924853
 AAAAAAAABJKCAAAA | Possible, likely communities must join basic, early personnel. Fortunately wide times may talk delighted ef                                                                                              | Jewelry                                            | gold                                               |            0.88 |            4670.18 |    1.3401079540175316
 AAAAAAAACCLBAAAA | Local, estimated ideas cannot go almost briskly political                                                                                                                                                | Jewelry                                            | gold                                               |            0.86 |            3841.26 |    1.1022493949803611
 AAAAAAAACENAAAAA | Social, likely powers raise really hands; weak, coming colleagues live rarely civil, large accountants. Grounds could say at a sports. Close numbers used to suggest banks. Fr                           | Jewelry                                            | gold                                               |            8.52 |           10440.03 |     2.995766168152331
 AAAAAAAACGMDAAAA | Courses may think very at a sentences. Sums will die just from a                                                                                                                                         | Jewelry                                            | gold                                               |            6.67 |           21352.94 |     6.127225232359162
 AAAAAAAACHHAAAAA | Together international days cannot produce only still super vehicles; here national teeth derive largely negative groups; professional classes should move over a sciences. Reasonably ethnic barr       | Jewelry                                            | gold                                               |            2.24 |           16253.13 |     4.663834967962897
 AAAAAAAACKAEAAAA | Students afford absolutely straight other teachers. Presidential lips prove instead from a groups. Other ac                                                                                              | Jewelry                                            | gold                                               |           15.57 |            3501.48 |    1.0047495383118652
 AAAAAAAACLOBAAAA | Still mature services keep however by a houses; thin debts will guess games. Circumstances will offer to a muscles. Then careful benefits must develop intentions. C                                     | Jewelry                                            | gold                                               |            0.37 |            6488.73 |    1.8619407998133215
 AAAAAAAACMMCAAAA | Realistic, asleep colonies play now cards. Years go in a goals. Political, added police seek far high sizes. Well high methods should justify frequently.                                                | Jewelry                                            | gold                                               |           37.32 |  4442.860000000001 |    1.2748784896056107
 AAAAAAAADJKAAAAA | Inches could not ensure somewhere. Here senior of                                                                                                                                                        | Jewelry                                            | gold                                               |            3.19 |           14469.45 |     4.152008067196333
 AAAAAAAADJOCAAAA | Then deep runs might play little other activ                                                                                                                                                             | Jewelry                                            | gold                                               |            3.55 | 11535.960000000001 |    3.3102432354273463
 AAAAAAAAECFAAAAA | Always spanish members meet then strategies. Simple, n                                                                                                                                                   | Jewelry                                            | gold                                               |            1.27 |              120.9 |   0.03469224990058618
 AAAAAAAAEGOBAAAA | Years used to ask to a police. Versions used to say. True, appropriate negotiations used to test then just expected affairs. New systems                                                                 | Jewelry                                            | gold                                               |            1.42 | 3205.9900000000002 |    0.9199586952752712
 AAAAAAAAEHIDAAAA | Warm ideas perform so full c                                                                                                                                                                             | Jewelry                                            | gold                                               |               3 | 1604.6799999999998 |    0.4604628583165643
 AAAAAAAAEIBDAAAA | Styles must market underway almost natural plates. Dif                                                                                                                                                   | Jewelry                                            | gold                                               |            2.29 |            1619.65 |    0.4647584991851481
 AAAAAAAAEKDAAAAA | Real, effective damages know indirectly elegant allegations. Trees organise there purely palestinian fingers. There new views take lengths. Northern goods ca                                            | Jewelry                                            | gold                                               |            4.22 |            6497.85 |     1.864557783428651
 AAAAAAAAEOMCAAAA | National reasons would not choose on a consumers. Cases safeguard e                                                                                                                                      | Jewelry                                            | gold                                               |             2.8 |            7080.34 |     2.031703264359937
 AAAAAAAAFDHBAAAA | Still old talks may not drag readily civil beans; white women escape various buildings; pounds break exotic, saf                                                                                         | Jewelry                                            | gold                                               |           91.16 |               2159 |    0.6195249589360262
 AAAAAAAAFJNBAAAA | Large materials shall deal hardly marked ladies. True blocks determine for the flowers; left issues walk too. Streets could not take actually on a requirements. Always silent schools take continu      | Jewelry                                            | gold                                               |             0.4 |            5936.56 |    1.7034956416031752
 AAAAAAAAGBNCAAAA | Others                                                                                                                                                                                                   | Jewelry                                            | gold                                               |            4.98 |  4978.929999999999 |    1.4287037534948348
 AAAAAAAAGDPBAAAA | Cold, other threats prevent clients. Fine, fundamental meetings could live only employers. Occasionally intelligent investors can co-operate welcome, bitter scientists. Good, expensi                   | Jewelry                                            | gold                                               |            2.75 |           16719.47 |     4.797651211293248
 AAAAAAAAGMBAAAAA | Ministers could take away from a heads. Years must not demonstrate still dynamic notes; yesterday usual fingers must not discuss then still fu                                                           | Jewelry                                            | gold                                               |            3.12 |  8272.949999999999 |    2.3739226535571083
 AAAAAAAAGNMBAAAA | Silent steps provide presumably services; questions ought to kick now. Less origi                                                                                                                        | Jewelry                                            | gold                                               |            3.35 |            5825.92 |    1.6717474982698348
 AAAAAAAAGOECAAAA | Here ready children used to accept just large decisions. Questions could not examine before happy, strong applications. Other, short insects remain gre                                                  | Jewelry                                            | gold                                               |           89.18 | 10507.179999999998 |    3.0150348578200252
 AAAAAAAAHJHCAAAA | Military, parliamentary origins perform now agr                                                                                                                                                          | Jewelry                                            | gold                                               |            1.66 |            6577.02 |    1.8872756115893574
 AAAAAAAAIABEAAAA | Great courses could affect cultural wages. Valuable sports choke in the positions.                                                                                                                       | Jewelry                                            | gold                                               |             3.6 |            3387.38 |    0.9720085481244634
 AAAAAAAAIDGAAAAA | Large patterns consider upstairs great assets. Matters may make for the names. Dear, tight movies should damage apparently. Subjective, terrible materials might not shelter local, roug                 | Jewelry                                            | gold                                               |             5.7 |  654.4300000000001 |    0.1877886608969447
 AAAAAAAAIEEBAAAA | Here complex techniques must not check together. Important, other methods might select variable fingers. Economic, dry decisions afford both new, other teachers. Really real plans must thi             | Jewelry                                            | gold                                               |            9.67 | 12133.359999999999 |     3.481667140229746
 AAAAAAAAIGMAAAAA | Particular societies would let for instance to a policies. Forces might not slow depen                                                                                                                   | Jewelry                                            | gold                                               |            5.45 |            3233.49 |    0.9278498191153549
 AAAAAAAAIKEAAAAA | Nice, remarkable vehicles meet much over the images. Votes will lift even excellent products. High good activities serve also arrangements. Animals disappear never in a children. Gran                  | Jewelry                                            | gold                                               |            0.84 | 12300.320000000002 |     3.529576305187579
 AAAAAAAAJCDCAAAA | Clearly national children produce over golden, likely bodies. Red, good days could switch then cultural years; local, original beds carry further short relationships. Rights sha                        | Jewelry                                            | gold                                               |            1.46 |             4062.2 |    1.1656481186613827
 AAAAAAAAJECEAAAA | Concepts know men. Finally clean arms shall not resemble far                                                                                                                                             | Jewelry                                            | gold                                               |            7.02 | 1483.8500000000001 |    0.4257906949130257
 AAAAAAAAJHFBAAAA | Matters could work around low, coastal questions. Now dynamic fingers must stick circumstances. Available sales reproduce better to a samples. Efforts want o                                            | Jewelry                                            | gold                                               |            8.55 |  9140.470000000001 |    2.6228574809661787
 AAAAAAAAKGECAAAA | So continental proposals stop aware ways. Home legal elections would not persuade even large real ways. Rules say long for a reductions. Amazing, fellow beliefs appreciate however expressly partic     | Jewelry                                            | gold                                               |            0.64 |            6359.84 |    1.8249558197497437
 AAAAAAAAKIBEAAAA | Weeks shall not talk parents; operat                                                                                                                                                                     | Jewelry                                            | gold                                               |            9.36 | 12267.310000000001 |       3.5201040870799
 AAAAAAAAKICDAAAA | More liberal societies must become net systems. Available weeks allow at a proposals. No doubt initial pictures can include well exc                                                                     | Jewelry                                            | gold                                               |            0.25 |             274.88 |    0.0788768044058985
 AAAAAAAAKIGBAAAA | Skilled others win futu                                                                                                                                                                                  | Jewelry                                            | gold                                               |            6.93 | 16244.599999999999 |     4.661387284822681
 AAAAAAAAKJKAAAAA | Yards agree. Just customers will not release. Collective signs prove supreme, afraid players. Again small officials make before a members; white, joint winds ought to take still. C                     | Jewelry                                            | gold                                               |           91.01 |           10184.08 |    2.9223213264479875
 AAAAAAAAKKAAAAAA | Video-taped babies would not suppose now as young years. Narrow, b                                                                                                                                       | Jewelry                                            | gold                                               |            7.46 |            4429.74 |     1.271113706158996
 AAAAAAAAKMMDAAAA | There clear police can se                                                                                                                                                                                | Jewelry                                            | gold                                               |            1.48 |            4870.76 |    1.3976643765573131
 AAAAAAAAKPAAAAAA | Glad ways make perhaps good, british men; consistent, great genes should mind even quietly other wheels. Total parties tolerate children. Successful contracts believe privately in a p                  | Jewelry                                            | gold                                               |            2.31 |           12530.71 |    3.5956867059700106
 AAAAAAAALMMCAAAA | At least great offenders surrender usually drinks. Only parents would sleep extremely social units; aims must prevent cold months. Less economic police rule experiences. Yet                            | Jewelry                                            | gold                                               |            3.14 |              61.04 |  0.017515425425407613
 AAAAAAAAMCDAAAAA | Others might become democrats; important, domestic parts repair largely indeed hidden                                                                                                                    | Jewelry                                            | gold                                               |            7.14 | 1262.8400000000001 |   0.36237188473495663
 AAAAAAAAMIODAAAA | Marks can believe public short players; only german looks could pick units. However other symptoms might not send; current, black drugs stimula                                                          | Jewelry                                            | gold                                               |            5.01 |            3147.92 |    0.9032955112245926
 AAAAAAAAMJJBAAAA | Suitable, single issues restrict now international lips. Places fire of course growing offices. Popular messages will activate today continuously political seconds; sophisticated f                     | Jewelry                                            | gold                                               |            0.91 |            1076.34 |     0.308855717601298
 AAAAAAAAMPICAAAA | Chips record smooth                                                                                                                                                                                      | Jewelry                                            | gold                                               |            8.53 | 10701.389999999998 |     3.070763409128485
 AAAAAAAANABCAAAA | Papers might marry best. Groups should keep just deliberately                                                                                                                                            | Jewelry                                            | gold                                               |            7.73 |           13479.94 |    3.8680682144326526
 AAAAAAAAOFKAAAAA | Speeches comfort yet.                                                                                                                                                                                    | Jewelry                                            | gold                                               |            3.27 | 3957.7299999999996 |    1.1356704565677993
 AAAAAAAAOKIAAAAA | Shoulders ought to calm otherwise in case of a services. Otherwise basic games ought to meet more days. Additional bags work well. Busy players develop also. Other, easy                                | Jewelry                                            | gold                                               |             4.3 | 1686.3500000000001 |    0.4838980613718239
 AAAAAAAAOLMBAAAA | Never old paintings would not produce still united homes. Threats ought to leave students. R                                                                                                             | Jewelry                                            | gold                                               |            8.84 |             605.51 |   0.17375106896033035
 AAAAAAAAPGCCAAAA | Later other stores reject within a findings. As private brothers ought to come well dutch personal colonies. Perhaps complete offenders cannot seem by a flowers. Most surprised firms                   | Jewelry                                            | gold                                               |            3.83 |             3564.7 |     1.022890514645323
 AAAAAAAAADBBAAAA | Signs believe. Following pupils end for the sales; forever national firms fly like the teams; continuous thousands ge                                                                                    | Jewelry                                            | jewelry boxes                                      |            0.23 |             898.42 |   0.29668367606403834
 AAAAAAAAADNBAAAA | Surprising dreams may not know for example hot, limited operations. Eyes accept probably easy ends. Small, special magistrates cannot need positive, new interests. Only vast skill                      | Jewelry                                            | jewelry boxes                                      |            2.72 |           20857.84 |     6.887848273586453
 AAAAAAAAAEGBAAAA | Women activate common, essential schools. Human, small interactions estimate more moving pictures. Countries must not know often plans. Prime, internal eyes ought to suggest la                         | Jewelry                                            | jewelry boxes                                      |            7.66 |            1502.61 |    0.4962042902991748
 AAAAAAAAAHADAAAA | Pupils think already religious, important feet. Days ought to raise simply                                                                                                                               | Jewelry                                            | jewelry boxes                                      |            8.85 |           12665.29 |     4.182436717367271
 AAAAAAAAANABAAAA | Awfully hard groups lead parts. Good, boring ministers could not make old, nearby depths                                                                                                                 | Jewelry                                            | jewelry boxes                                      |            0.78 |            6747.61 |    2.2282515298484733
 AAAAAAAAANLCAAAA | Red, natural babies ought to produce already exciting, used directors. Past, fit managers might not release biological days. Men play effective, proposed women. Ready                                   | Jewelry                                            | jewelry boxes                                      |            1.17 |             7957.2 |    2.6276923345170027
 AAAAAAAABHIDAAAA | Users can care                                                                                                                                                                                           | Jewelry                                            | jewelry boxes                                      |             3.6 |            6263.07 |    2.0682427272838946
 AAAAAAAACICEAAAA | Only, other proposals would not envisage much. Historical, polish affai                                                                                                                                  | Jewelry                                            | jewelry boxes                                      |            4.72 |            4904.41 |    1.6195747954467066
 AAAAAAAACIGDAAAA | So sheer cand                                                                                                                                                                                            | Jewelry                                            | jewelry boxes                                      |            1.55 |            2859.14 |    0.9441688359361262
 AAAAAAAACIKAAAAA | Professional users love together never traditional lives; aware, emotional situations mi                                                                                                                 | Jewelry                                            | jewelry boxes                                      |            3.54 | 16120.970000000001 |     5.323599921326418
 AAAAAAAACPCAAAAA | Inevitably mutual cattle ought to look. Then comparable statements kno                                                                                                                                   | Jewelry                                            | jewelry boxes                                      |            0.43 |           11231.78 |    3.7090512000429023
 AAAAAAAADBDDAAAA | For once angry eyes used to need positions. Local studies spot just high, new towns;                                                                                                                     | Jewelry                                            | jewelry boxes                                      |            5.83 |            8591.82 |    2.8372617947958925
 AAAAAAAADDBAAAAA | Members evolve even mechanisms; here strange boards blame. Now honest books isolate maybe                                                                                                                | Jewelry                                            | jewelry boxes                                      |            3.12 |           13213.87 |     4.363593337895765
 AAAAAAAAEEBBAAAA | Others make all but thick, democratic procedures. Final, necessary sales must participate integrated things. Agreements help hence. Happy companies should help things; par                              | Jewelry                                            | jewelry boxes                                      |             0.8 | 3761.5299999999997 |     1.242163518204361
 AAAAAAAAEJICAAAA | Slowly due negotiations may serve very in a pictures. Supposed, central words include too slight, military                                                                                               | Jewelry                                            | jewelry boxes                                      |            2.64 |             494.19 |   0.16319550530273935
 AAAAAAAAFAPCAAAA | Rooms shall avoid small, large qualifications. Then med                                                                                                                                                  | Jewelry                                            | jewelry boxes                                      |           93.91 |  7170.299999999999 |    2.3678357143451545
 AAAAAAAAFFNCAAAA | Thus artificial authorities                                                                                                                                                                              | Jewelry                                            | jewelry boxes                                      |               8 |             647.64 |   0.21386903226343332
 AAAAAAAAFGFAAAAA | Worried, immense months must not hang labour, other things. Vital services may gi                                                                                                                        | Jewelry                                            | jewelry boxes                                      |            4.43 |           14242.75 |     4.703358593153627
 AAAAAAAAFHAEAAAA | Guests will record there. Interesting, smooth millions c                                                                                                                                                 | Jewelry                                            | jewelry boxes                                      |            39.4 |              63.84 |  0.021081772311311198
 AAAAAAAAFHBAAAAA | T                                                                                                                                                                                                        | Jewelry                                            | jewelry boxes                                      |            0.63 |           12291.68 |     4.059060136019699
 AAAAAAAAGBFEAAAA | Bad, likely trees must not trouble activities; readily central things stay in the patients; films want places. Supporters confirm practically powerful, correct leaves. Human councils should object u   | Jewelry                                            | jewelry boxes                                      |             0.5 |            1598.88 |    0.5279953651802827
 AAAAAAAAGFGAAAAA | British refugees shall enter often libraries. Hard pensions could e                                                                                                                                      | Jewelry                                            | jewelry boxes                                      |            8.71 |            9515.33 |    3.1422308979791476
 AAAAAAAAGHCCAAAA | Roles will know swiftly temporary, elaborate costs. Keen courses must give. Costs identify long; theorie                                                                                                 | Jewelry                                            | jewelry boxes                                      |            2.91 |            7178.22 |     2.370451122188287
 AAAAAAAAGHEDAAAA | However poo                                                                                                                                                                                              | Jewelry                                            | jewelry boxes                                      |           40.52 |             3066.8 |    1.0127440370352314
 AAAAAAAAGLMAAAAA | Still cold properties hope yet extra, black households. Similar states muster other, subsequent c                                                                                                        | Jewelry                                            | jewelry boxes                                      |            4.78 |             1880.4 |    0.6209612257861775
 AAAAAAAAGLPAAAAA | Possibly precise rights might know slowly ambitious actions; industrial, western prices nod good arguments. Successful steps chart                                                                       | Jewelry                                            | jewelry boxes                                      |            0.97 |           10868.53 |     3.589095783500236
 AAAAAAAAHCICAAAA | Environmental areas buy most special individuals; previous, social officers lie now by no means powerful leaders. Racial supporters shall take. Now other priorities benefit on a d                      | Jewelry                                            | jewelry boxes                                      |            1.38 |            8654.73 |     2.858036454822593
 AAAAAAAAHNOAAAAA | Pale, wrong seconds might work. Certain leaves used to reach politically more future customers. Elderly protests used to land all right. Coming loans can communicate immediately actually sub           | Jewelry                                            | jewelry boxes                                      |            7.26 | 3763.1400000000003 |    1.2426951857078263
 AAAAAAAAIAEEAAAA | Once more bright devices will get potential, various origins; hands can avoid on a rights; for instance current members should not conclude far. Candidates used to dwell partners. Pro                  | Jewelry                                            | jewelry boxes                                      |            9.62 |  4850.139999999999 |    1.6016533076125137
 AAAAAAAAIAODAAAA | Therefore royal patterns charge here again evolutionary times. Main, good levels used to draw painful, wealt                                                                                             | Jewelry                                            | jewelry boxes                                      |             6.2 |            5414.88 |    1.7881464168714407
 AAAAAAAAICAEAAAA | Glad sports calm very farmers. Prices cannot go as main ideas. Crucial operations could stop final hands. Di                                                                                             | Jewelry                                            | jewelry boxes                                      |            9.38 |           10265.52 |    3.3899648386154655
 AAAAAAAAIDKBAAAA | Once again possible observations should make even on a legs. Various shares shall try even humans; about generous others remain here evident, po                                                         | Jewelry                                            | jewelry boxes                                      |           78.25 |            3341.49 |    1.1034544386046876
 AAAAAAAAILHDAAAA | More heavy arms determine new, gothic subjects. Public, considerable factors slip agricultural examples. Good, full principles should                                                                    | Jewelry                                            | jewelry boxes                                      |            1.85 |             2485.2 |    0.8206832792617572
 AAAAAAAAJHADAAAA | Jobs decide just small criteria; top children ought to die well familiar degrees. Other, new                                                                                                             | Jewelry                                            | jewelry boxes                                      |            5.38 |            7451.14 |     2.460577019732195
 AAAAAAAAKFMBAAAA | Particular pressures finish g                                                                                                                                                                            | Jewelry                                            | jewelry boxes                                      |            0.15 |  5958.650000000001 |    1.9677146394548006
 AAAAAAAAKHIAAAAA | Subsequently other servants would wander as. Linear teachers used to love thus at the pr                                                                                                                 | Jewelry                                            | jewelry boxes                                      |            8.76 |               5.77 | 0.0019054170776357394
 AAAAAAAAMANAAAAA | Passengers know technical, high buyers. Likely, busy vessels pull also physical, dull teeth. Prospects migh                                                                                              | Jewelry                                            | jewelry boxes                                      |            1.95 |            8827.25 |     2.915007434759113
 AAAAAAAAMGJBAAAA | Available skills let in a photographs                                                                                                                                                                    | Jewelry                                            | jewelry boxes                                      |            3.47 |            1440.88 |    0.4758192996228396
 AAAAAAAAMIAAAAAA | Dead, recent men must say years. Much local months send together primarily false candidates. Never sick barriers hear to a stars. Comprehensive eyes might help. Possible, right adults caus             | Jewelry                                            | jewelry boxes                                      |            0.16 | 3550.7599999999998 |     1.172561307207258
 AAAAAAAAMNICAAAA | Modern attitudes                                                                                                                                                                                         | Jewelry                                            | jewelry boxes                                      |            5.38 |             5133.6 |    1.6952598110486712
 AAAAAAAAMOCBAAAA | Formal children                                                                                                                                                                                          | Jewelry                                            | jewelry boxes                                      |            2.54 |            7702.38 |      2.54354356853379
 AAAAAAAANCPBAAAA | Cold relatives write. New blocks may not dry little due companies; bizarre opti                                                                                                                          | Jewelry                                            | jewelry boxes                                      |            9.96 | 11056.759999999998 |    3.6512546494488274
 AAAAAAAAOCFEAAAA | Either japanese operations fail then different, commercial ears. Patterns cannot apologise due, old feelings. Necessary subjects say clearl                                                              | Jewelry                                            | jewelry boxes                                      |           10.27 |  7297.950000000001 |     2.409989352119887
 AAAAAAAAOCMDAAAA | Bold stages might think very recent, civil kinds. Years see about stairs. Present, other servants form now ran                                                                                           | Jewelry                                            | jewelry boxes                                      |            2.29 |            4620.33 |     1.525763550487476
 AAAAAAAAODNCAAAA | Metals may not obtain well. Better important sectors                                                                                                                                                     | Jewelry                                            | jewelry boxes                                      |           73.23 |             6943.5 |    2.2929399442918124
 AAAAAAAAOHABAAAA | Holes should waste; small teachers roam there of course able authorities. Similar minutes shall not end current issues. Certain values should sell always d                                              | Jewelry                                            | jewelry boxes                                      |            4.97 |            3019.46 |    0.9971110310637799
 AAAAAAAAOPLBAAAA | Libraries might re                                                                                                                                                                                       | Jewelry                                            | jewelry boxes                                      |            3.22 |                862 |   0.28465676272478463
 AAAAAAAAPLNBAAAA | Intimate months oppose for a courses. Healthy, secondary initiatives must turn developers. Only tired stores cannot try public, persistent minutes. Possibly unus                                        | Jewelry                                            | jewelry boxes                                      |            5.33 |            3581.19 |    1.1826101532510112
 AAAAAAAAAJKDAAAA | Requirements can drink most workers. Nevertheless dramatic firms must die as very total operations. Expensive, future years withstand more modern values. Eyes                                           | Jewelry                                            | loose stones                                       |             3.2 | 1899.1100000000001 |    0.7592712281978041
 AAAAAAAAANHDAAAA | Final, left charts stimulate more moving services. Genes might get also. Steep mechanisms shall use publicly as a years. Slow relationships please courses. Unusual conservatives handle therefore. At l | Jewelry                                            | loose stones                                       |             5.3 |           10753.84 |     4.299425154226282
 AAAAAAAABHCAAAAA | Methods ban changes; direct companies provide twice. Women ought to stray from the flowers. Eyes wo                                                                                                      | Jewelry                                            | loose stones                                       |            4.17 |           10884.75 |     4.351763458212557
 AAAAAAAABHEBAAAA | Full days could follow most to a areas. Likely shops can renew stupid, so-called guards. Also fine problems prove branches. Ideas must take too smooth, due products. Nuclear, expensiv                  | Jewelry                                            | loose stones                                       |            1.98 |            2212.24 |    0.8844617646520264
 AAAAAAAADBMAAAAA | Original patterns supply namely governments. Suitable, alternative options could                                                                                                                         | Jewelry                                            | loose stones                                       |            1.73 |            3526.42 |    1.4098758073736122
 AAAAAAAADCGCAAAA | Themes may hope. Able, acute words may explore low scales. Priests understand again distinctive parties. Else literary structures follow at present up to an women; new cond                             | Jewelry                                            | loose stones                                       |            3.92 |              491.4 |   0.19646354425831097
 AAAAAAAADEKCAAAA | Pages could not explore players. Then rapid husbands leave with a ministers. Industrial,                                                                                                                 | Jewelry                                            | loose stones                                       |            1.03 |             453.48 |   0.18130298748526427
 AAAAAAAADHJAAAAA | Social, usual directors                                                                                                                                                                                  | Jewelry                                            | loose stones                                       |            8.45 |            2124.76 |    0.8494869358939537
 AAAAAAAAEEKBAAAA | Whole parts say at least small nations. Miles co                                                                                                                                                         | Jewelry                                            | loose stones                                       |            2.94 |            4555.79 |    1.8214217547752758
 AAAAAAAAEHLBAAAA | Reasons must get sometimes at a things. Dependent, dead magistrates app                                                                                                                                  | Jewelry                                            | loose stones                                       |            6.35 |            5269.62 |     2.106813638775907
 AAAAAAAAEJGDAAAA | Too general parents will not kill. Long molecules shall bear in order sources. Part-time, terrible properties create innocently particular men. Electoral, armed remains would win with                  | Jewelry                                            | loose stones                                       |            7.82 | 3464.6099999999997 |    1.3851639399120608
 AAAAAAAAFBEAAAAA | Currently large quantities serve labour, true years; sufficiently correct societies shall not                                                                                                            | Jewelry                                            | loose stones                                       |            7.55 |           12874.16 |     5.147136961637315
 AAAAAAAAFFBCAAAA | Children think happy windows. New, great colonies continue in a settings                                                                                                                                 | Jewelry                                            | loose stones                                       |            7.09 | 7189.2699999999995 |     2.874296835225778
 AAAAAAAAFHDEAAAA | Social, high years cover about years. Upp                                                                                                                                                                | Jewelry                                            | loose stones                                       |            2.56 |            3715.37 |    1.4854187188258055
 AAAAAAAAGGDBAAAA | Too economic issues treat random developments. Friendly, existing columns shall not use low strong circumstances. Weaknesses undertak                                                                    | Jewelry                                            | loose stones                                       |            0.34 |             293.88 |   0.11749431499111199
 AAAAAAAAGGODAAAA | Productive, dome                                                                                                                                                                                         | Jewelry                                            | loose stones                                       |           45.85 |             931.52 |    0.3724251541463204
 AAAAAAAAGKCCAAAA | Video-taped walls could call years. Ordinary flights accept once. Fast white shareholders might not bring full effects. Important, adminis                                                               | Jewelry                                            | loose stones                                       |            9.05 |            6931.46 |    2.7712234401398295
 AAAAAAAAGMNAAAAA | Departments seem sides. Interesting results appeal ther                                                                                                                                                  | Jewelry                                            | loose stones                                       |           48.39 |                    |                      
 AAAAAAAAHBNBAAAA | Limited parents disappear; deliberate sorts will no                                                                                                                                                      | Jewelry                                            | loose stones                                       |             4.1 |            1748.82 |    0.6991847282658107
 AAAAAAAAHGJAAAAA | Children                                                                                                                                                                                                 | Jewelry                                            | loose stones                                       |            3.78 |            8646.67 |    3.4569707656329056
 AAAAAAAAHPJDAAAA | So roya                                                                                                                                                                                                  | Jewelry                                            | loose stones                                       |            2.05 |            1231.93 |    0.4925301873792044
 AAAAAAAAICGDAAAA | Neat, little features find transaction                                                                                                                                                                   | Jewelry                                            | loose stones                                       |            0.45 |             6917.3 |    2.7655622195726792
 AAAAAAAAIDDDAAAA | Columns might not occur able positions. Young dis                                                                                                                                                        | Jewelry                                            | loose stones                                       |            1.09 |               13.5 |  0.005397350116986565
 AAAAAAAAIJFEAAAA | Colours prove very otherwise certain children. English, other tasks must work just damp pages. Books travel less neither detailed notions. Financial, political proposals                                | Jewelry                                            | loose stones                                       |            8.49 |  6103.620000000001 |     2.440249934891966
 AAAAAAAAIOJAAAAA | Western, possible men talk meanwhile like heads. Rights will not worry actually parts. Encouraging, conventional circumstances give quite. Members could not wriggle at a me                             | Jewelry                                            | loose stones                                       |            5.84 |            5655.88 |    2.2612418207157017
 AAAAAAAAJLACAAAA | United, ugly prices must rally all in a values. Somewhere extreme problems should earn nice, black elections. Public, different teachers may correlate. Certain institutions follow measure              | Jewelry                                            | loose stones                                       |            9.84 |             209.78 |   0.08387082278084752
 AAAAAAAAKEIDAAAA | Main, regional groups used to lose nearby rules; models bring however girls. Ago voluntary rules relocate so new shops; weeks may not appoint aware friends. Forces develop solely. Rules provi          | Jewelry                                            | loose stones                                       |            1.65 | 13289.970000000001 |     5.313379343277625
 AAAAAAAAKKOAAAAA | Often early pictures learn national, bizarre services; naturally big peasants study outstanding ass                                                                                                      | Jewelry                                            | loose stones                                       |            6.85 |            2295.86 |    0.9178933510803537
 AAAAAAAAKLCDAAAA | Adult, cultural services ought to present then in the conditions.                                                                                                                                        | Jewelry                                            | loose stones                                       |             0.8 |             218.01 |   0.08716120733364749
 AAAAAAAALCHCAAAA | Young patients live very essentially divine difficulties. Impossible                                                                                                                                     | Jewelry                                            | loose stones                                       |            3.61 |  5796.179999999999 |    2.3173342815611244
 AAAAAAAALGDCAAAA | Contemporary, current drawings ma                                                                                                                                                                        | Jewelry                                            | loose stones                                       |            3.28 |  7245.389999999999 |     2.896733819563947
 AAAAAAAALJNBAAAA | New hundreds should wish then old sale                                                                                                                                                                   | Jewelry                                            | loose stones                                       |            3.96 |              664.4 |    0.2656295864982129
 AAAAAAAALKOCAAAA | However delightful examples wish at a rights. Things get notably years. Questions deal only materials. Really broken parents behave therefore similar traditions. Completely liberal centre              | Jewelry                                            | loose stones                                       |            2.25 |            7028.73 |    2.8101123472419984
 AAAAAAAAMDEAAAAA | Parliamentary years wish from a aims. Physic                                                                                                                                                             | Jewelry                                            | loose stones                                       |            2.85 |            8360.03 |    3.3423710295193483
 AAAAAAAAMDIAAAAA | Asleep, final hundreds get. Convincing, future members listen all. Local, huge                                                                                                                           | Jewelry                                            | loose stones                                       |           75.08 |  860.4000000000001 |   0.34399111412261046
 AAAAAAAAMFODAAAA | Yellow, front pupils could live equally excessive areas; greek men used to know colours. Rather ex                                                                                                       | Jewelry                                            | loose stones                                       |            4.15 |  7512.469999999999 |    3.0035133950635595
 AAAAAAAAMMDEAAAA | Too prime s                                                                                                                                                                                              | Jewelry                                            | loose stones                                       |             0.6 |             9065.3 |    3.6243405937420965
 AAAAAAAAMMEBAAAA | Empty, crucial practices must not suggest also children. Contents would stick all. Expectations prefer far compre                                                                                        | Jewelry                                            | loose stones                                       |            4.34 |            9992.67 |    3.9951065624820843
 AAAAAAAAMMODAAAA | Definitions must not turn critical trees. Higher correct colleges must not lead less blac                                                                                                                | Jewelry                                            | loose stones                                       |            1.12 |            1861.56 |    0.7442585987983341
 AAAAAAAAMOMAAAAA | Statistical, little consumers try both elements. Contemporary, fundamental lives would not sacrifice closely. Other clothes shall take despite a persons. Major moments should want fit familie          | Jewelry                                            | loose stones                                       |            0.12 |            6737.89 |    2.6938334355364892
 AAAAAAAANDGAAAAA | Material, black designs regard forwar                                                                                                                                                                    | Jewelry                                            | loose stones                                       |            7.72 |            1108.84 |    0.4433183484236579
 AAAAAAAANJFBAAAA | Eyes give poor police. Hard effective carers provide more with a forms; empty standards ought to stay. Environmental, economic years may not improve immediately different, soviet                       | Jewelry                                            | loose stones                                       |            4.62 |            1211.58 |    0.4843941818324876
 AAAAAAAANKFDAAAA | Now                                                                                                                                                                                                      | Jewelry                                            | loose stones                                       |           59.92 |            5473.84 |    2.1884615529159808
 AAAAAAAANNBEAAAA | Courses give certainly leaves; personal, fresh reasons ought to leave about local, peaceful activities; then different orders would lock. Abruptly legal clients o                                       | Jewelry                                            | loose stones                                       |            3.34 |            3692.65 |    1.4763351784807732
 AAAAAAAANPJDAAAA | Appropriate, excellent things would turn hardly in a police. Per annum previous photographs get also to a wome                                                                                           | Jewelry                                            | loose stones                                       |           60.09 |            7409.85 |    2.9624855381002146
 AAAAAAAAOAGDAAAA | Practical rules deal various men. Physical, wild auditors must approve                                                                                                                                   | Jewelry                                            | loose stones                                       |            8.77 |             5201.7 |    2.0796589706317787
 AAAAAAAAPEMDAAAA | German accounts establish straight public nights. Eyes should                                                                                                                                            | Jewelry                                            | loose stones                                       |            8.01 |            6290.74 |    2.5150612055505235
 AAAAAAAAPGBAAAAA | Important teachers meet mean questions. Apparent, clear                                                                                                                                                  | Jewelry                                            | loose stones                                       |            4.03 |            3380.59 |     1.351572431998786
 AAAAAAAAPKPAAAAA | Troops can promote seemingly english others. Final goods learn more than under a rights. Funds buy ready goods. Famous, different improvements would not come once; square areas                         | Jewelry                                            | loose stones                                       |            1.83 |             2618.4 |     1.046846040467972
 AAAAAAAAPLCDAAAA | Just smal                                                                                                                                                                                                | Jewelry                                            | loose stones                                       |           47.48 |  4745.219999999999 |    1.8971565720094064
 AAAAAAAAPPFCAAAA | French changes would create. Expensive, sovi                                                                                                                                                             | Jewelry                                            | loose stones                                       |            1.57 |           19961.29 |     7.980597845681685
 AAAAAAAAABCBAAAA | Accurate charts shall continue in a standards; public, early foreigners could happen existing meanings. Complete students may follow more. Social                                                        | Jewelry                                            | mens watch                                         |            3.79 |             925.58 |   0.22606129290070387
 AAAAAAAAAGODAAAA | Social, minute persons could not see of course for the occasions. Often huge factors shall strengthen more probably rural ladies. Al                                                                     | Jewelry                                            | mens watch                                         |           23.81 |            8896.74 |    2.1729170325648868
 AAAAAAAAAHPBAAAA | Features speak often right, european recordings. Sure studies would portray all other aspirations;                                                                                                       | Jewelry                                            | mens watch                                         |            1.37 |            2317.77 |    0.5660862192857067
 AAAAAAAAALBEAAAA | New, dual detectives could not allow physical citizens; fortunes might take polls. British facilities open common sources                                                                                | Jewelry                                            | mens watch                                         |            0.93 |            6195.81 |    1.5132487944500852
 AAAAAAAAAPBBAAAA | Main, happy terms can supervise from a thoughts. Freely political implications must meet happy occasions. Elements ought to assemble also messages. Values must meet highly generally significant        | Jewelry                                            | mens watch                                         |            1.47 |            5766.45 |     1.408383005733987
 AAAAAAAABOICAAAA | No doubt particular services cannot change anyway mainly military colours. Plants take within a courses; rapid, original arms restore.                                                                   | Jewelry                                            | mens watch                                         |            2.56 |            8972.23 |    2.1913545171702955
 AAAAAAAABPNCAAAA | Large, likely findings sell perhaps in the children. Also normal implica                                                                                                                                 | Jewelry                                            | mens watch                                         |            8.27 |            3344.65 |    0.8168887652070477
 AAAAAAAACCKAAAAA | In order anonymous rivals may smile colours. Rates help harder all                                                                                                                                       | Jewelry                                            | mens watch                                         |           94.17 |           10511.75 |    2.5673629460975538
 AAAAAAAACFPDAAAA | However individual tasks may not continue often. Quite public prices engage therefore old, average waters; d                                                                                             | Jewelry                                            | mens watch                                         |           54.57 | 2517.2999999999997 |     0.614818916375615
 AAAAAAAACGFAAAAA | Questions can start neatly in a members. Dogs consider empty, satisfactory leaders; here unlikely streets can reveal yet loca                                                                            | Jewelry                                            | mens watch                                         |            9.74 |            1810.53 |   0.44219921847437427
 AAAAAAAACJEEAAAA | Leader                                                                                                                                                                                                   | Jewelry                                            | mens watch                                         |            2.52 |            9168.04 |    2.2391786509706013
 AAAAAAAACMIBAAAA | Isolated, economic doctors press now in                                                                                                                                                                  | Jewelry                                            | mens watch                                         |            4.22 |            3870.71 |    0.9453723147039514
 AAAAAAAADDICAAAA | Even international ships cannot call children; internal forces operate as chapters. Future, combined years know presumably high miles. Politicians can bear. Numerous,                                   | Jewelry                                            | mens watch                                         |           42.15 |            8872.02 |      2.16687948296301
 AAAAAAAADNPDAAAA | By now young months meet both workers. Primary conditions                                                                                                                                                | Jewelry                                            | mens watch                                         |             9.3 |            2058.42 |    0.5027432383291199
 AAAAAAAADOEBAAAA | Fields ought to take now                                                                                                                                                                                 | Jewelry                                            | mens watch                                         |            8.12 |           10658.25 |    2.6031437315617523
 AAAAAAAADPHAAAAA | Public, large leaders make customers. Others result wild aware years. Green results should study evidently good e                                                                                        | Jewelry                                            | mens watch                                         |            8.43 |            2241.33 |    0.5474167091090285
 AAAAAAAAEAFBAAAA | Books co                                                                                                                                                                                                 | Jewelry                                            | mens watch                                         |            67.5 |            7287.58 |    1.7798999080763536
 AAAAAAAAEAGBAAAA | Clients phone upstai                                                                                                                                                                                     | Jewelry                                            | mens watch                                         |            3.78 |            4316.78 |    1.0543193110999594
 AAAAAAAAEHBCAAAA | Open, bad classes perform very. Weak years control free, white differences. Foreign, good views learn later then various types; critical blocks deal a little businesses. In                             | Jewelry                                            | mens watch                                         |            4.91 |            4507.66 |    1.1009393543040977
 AAAAAAAAEIPCAAAA | Stories pay thence on a items. Suspicious, complex policies shall pursue. Difficult individuals rescue furthermore. Rivers ought to bind places. Years shall not seem of cours                           | Jewelry                                            | mens watch                                         |            1.33 |            5676.58 |    1.3864333866918879
 AAAAAAAAEKCEAAAA | Possibly great concentrations                                                                                                                                                                            | Jewelry                                            | mens watch                                         |           69.33 |            4531.12 |    1.1066691647272384
 AAAAAAAAENECAAAA | Expensive copies might not list over little charts. Really concerned studies will produce both indians. Companies used to require forwards costly names. Creditors see pink, central                     | Jewelry                                            | mens watch                                         |            5.66 |            7232.69 |    1.7664937148058426
 AAAAAAAAFLDAAAAA | Professional plants will collapse then certain, economic waves. Systems ask perhaps later little hun                                                                                                     | Jewelry                                            | mens watch                                         |            5.65 |            4458.65 |    1.0889692772010233
 AAAAAAAAFMPCAAAA | Affairs shall not fill old, r                                                                                                                                                                            | Jewelry                                            | mens watch                                         |            3.79 |            1389.36 |     0.339333734420063
 AAAAAAAAGAHAAAAA | Angry services might reject. Difficult, popular parts might laugh seldom for the patients. Environmen                                                                                                    | Jewelry                                            | mens watch                                         |            3.39 |           20925.57 |     5.110807719358869
 AAAAAAAAGFPAAAAA | Urban, new pp. may not replace. Together new stages ought to cope as well then new examples; so national christians gi                                                                                   | Jewelry                                            | mens watch                                         |            2.18 |             132.39 |   0.03233459513723739
 AAAAAAAAGKBCAAAA | Offices display personal areas. Consistent, economic ideas see equally then video-taped proportions. Briefly considerable sources ought to suppress nearby ar                                            | Jewelry                                            | mens watch                                         |             3.1 |            6972.74 |    1.7030041913831908
 AAAAAAAAGLAAAAAA | Minutes give then from a matters. Parts offer outside aware, independent years. Beautiful, prime schools shall not contract thus different, western examples. Then c                                     | Jewelry                                            | mens watch                                         |            3.92 |           12074.14 |     2.948957085356322
 AAAAAAAAGMLCAAAA | Standards could not introduce etc images. Very social conditions shall see on the cameras. Available windows must like then                                                                              | Jewelry                                            | mens watch                                         |            3.56 |            5982.02 |    1.4610332714166991
 AAAAAAAAHDDAAAAA | Ashamed rights may reside only popular ne                                                                                                                                                                | Jewelry                                            | mens watch                                         |            5.41 |               8.19 | 0.0020003046617869495
 AAAAAAAAHHEBAAAA | Great, golden windows might not increase local, useful arms. Libraries shall help today days. Advanced demands may answer social, added facilities. Then chief movements return after a sides.           | Jewelry                                            | mens watch                                         |           11.96 |               4760 |    1.1625702307821586
 AAAAAAAAHLDBAAAA | Projects might like to a features. Implicit hopes alleviate here. Statistical steps deposit markets. Newspapers get with a windows. Weeks apply basically at a courses. Vulnerable programmes might      | Jewelry                                            | mens watch                                         |           72.71 |            2901.17 |    0.7085743437895535
 AAAAAAAAIFPAAAAA | Great, weak conditions discuss small members; entire, subtle arms let usually. Thin, royal points end long, fixed reports. Major steps might say public, usual arms. British, due legs                   | Jewelry                                            | mens watch                                         |            7.45 |            14041.2 |    3.4293867908526146
 AAAAAAAAIGIAAAAA | Apparently comfortable views can plough before. Fun jobs must obtain please animals. Large, different letters view considerably together unknown years. Others                                           | Jewelry                                            | mens watch                                         |             4.6 |           10211.74 |      2.49408927069063
 AAAAAAAAIKODAAAA | Forward other doors look normally other connections. Waste points must no                                                                                                                                | Jewelry                                            | mens watch                                         |            7.95 | 20947.240000000005 |      5.11610034475825
 AAAAAAAAIOKCAAAA | Long, possible costs escape typically t                                                                                                                                                                  | Jewelry                                            | mens watch                                         |             5.4 |           25526.46 |      6.23451733051503
 AAAAAAAAIONCAAAA | Services could put for a students; prim                                                                                                                                                                  | Jewelry                                            | mens watch                                         |            5.92 |            1703.61 |    0.4160853510215952
 AAAAAAAAJEAAAAAA | Almost national disciplines face carefully at a groups. Always dry members get ago usual, actual arguments. Thus beautiful words can take never.                                                         | Jewelry                                            | mens watch                                         |            3.39 |            9173.98 |    2.2406294213846443
 AAAAAAAAJFEEAAAA | Tired, following men revise. Positive, fast fortunes will abandon more. Events will not leave. Dynamic, aware places may break in between elsewhere white shares. Members                                | Jewelry                                            | mens watch                                         |            2.59 |            1693.14 |   0.41352818498876137
 AAAAAAAAJKDDAAAA | Agricultural, constant years woul                                                                                                                                                                        | Jewelry                                            | mens watch                                         |            0.58 | 16410.559999999998 |     4.008073219845475
 AAAAAAAAKHEEAAAA | Relations can                                                                                                                                                                                            | Jewelry                                            | mens watch                                         |           90.94 | 10810.490000000002 |     2.640326439951307
 AAAAAAAAKIKAAAAA | Very open perceptions would no                                                                                                                                                                           | Jewelry                                            | mens watch                                         |           95.18 |            3649.73 |    0.8914007244522201
 AAAAAAAAKJPBAAAA | Today open metres could put very teachers. Organisational grounds raise main colours. Years should pay as a prisoners. Global, large emotions could foll                                                 | Jewelry                                            | mens watch                                         |           45.32 |                576 |   0.14068076742237887
 AAAAAAAAKKLDAAAA | Services contribute however especially fine witnesses. Only national opportunities suit recently for a days; mass phase                                                                                  | Jewelry                                            | mens watch                                         |             3.5 |             5908.9 |    1.4431746295522472
 AAAAAAAAKMBCAAAA | Types will                                                                                                                                                                                               | Jewelry                                            | mens watch                                         |           53.22 |             524.39 |   0.12807567296635633
 AAAAAAAAKNADAAAA | So contemporary improvements used to tell still for                                                                                                                                                      | Jewelry                                            | mens watch                                         |             6.2 |            3769.81 |     0.920728756660691
 AAAAAAAALEFCAAAA | Enough social rates arrange almost. Electronic farmers happen perfectly only obvious sources; conditions conceive just most small studi                                                                  | Jewelry                                            | mens watch                                         |            1.51 |           15788.57 |    3.8561599723992157
 AAAAAAAALIMAAAAA | Ever eff                                                                                                                                                                                                 | Jewelry                                            | mens watch                                         |            2.74 |            9992.39 |    2.4405157874717087
 AAAAAAAALPCAAAAA | Great workers may find there asian newspapers; young, local years mark in a years. Chief bodies would not let most s                                                                                     | Jewelry                                            | mens watch                                         |            0.66 |  4904.860000000001 |    1.1979504668391132
 AAAAAAAAMJBEAAAA | Well national days thrive digital, ready interests. Dependent performances could ge                                                                                                                      | Jewelry                                            | mens watch                                         |            4.86 |             3852.4 |    0.9409003271145352
 AAAAAAAAOBNBAAAA | Likely delegates will not include well between a of                                                                                                                                                      | Jewelry                                            | mens watch                                         |            1.71 |           18033.65 |     4.404492571921151
 AAAAAAAAODODAAAA | Subjective, small members ought to see slowly good qualities; patterns hold just books. More ready parts might not provide spiritu                                                                       | Jewelry                                            | mens watch                                         |            9.93 |           25493.02 |    6.2263500304063415
 AAAAAAAAOHBBAAAA | Today funny ways could wish accounts. Slow words say today main visitors. Once old ages enforce about the conditions. Amounts happen successful institutions. Ways wou                                   | Jewelry                                            | mens watch                                         |            4.58 |           13771.55 |    3.3635281642285793
 AAAAAAAAOPMDAAAA | Severe opponents could stretch owing to a months. Standards could see away surely invisible friends. Evolutionary, existing assets will decide almost circumstances. Already reliable accounts will not  | Jewelry                                            | mens watch                                         |            4.73 |            2013.36 |    0.4917378991276401
 AAAAAAAAPBDDAAAA | Internal influences must not take to a structures. Cheap types join comparisons. Involved, greek difficulties cannot allow especially almost acc                                                         | Jewelry                                            | mens watch                                         |            2.48 |  9356.359999999999 |     2.285173446319529
 AAAAAAAAAAHBAAAA | Children get already with the interests. Churches cope only windows. Additional                                                                                                                          | Jewelry                                            | pendants                                           |            1.91 |           13504.13 |     4.078774808733763
 AAAAAAAAABGDAAAA | Mothers wish developments. Happy years find differently. International depths find quietly great, remote members. Chosen                                                                                 | Jewelry                                            | pendants                                           |           35.19 |             418.16 |   0.12630065572681173
 AAAAAAAAADACAAAA | Also small origins learn arab cases. Quickly other details might talk more outside western points. Public, present difficulties could find sure sorry relations. Industries shall support                | Jewelry                                            | pendants                                           |            5.33 |           12328.86 |     3.723797355950019
 AAAAAAAAAKBCAAAA | Characters must give ordinary assumptions. Just standard records see soon national studies. Ready workers set ag                                                                                         | Jewelry                                            | pendants                                           |            0.38 |            4805.49 |    1.4514457099881302
 AAAAAAAAAOPAAAAA | Then alive horses should prepare over                                                                                                                                                                    | Jewelry                                            | pendants                                           |           59.86 |             1393.3 |    0.4208310302854572
 AAAAAAAABAFBAAAA | Hours let almost ill old areas. Nearly distant ways su                                                                                                                                                   | Jewelry                                            | pendants                                           |           13.64 |            1207.74 |    0.3647846612480859
 AAAAAAAABIJBAAAA | Horses cannot plant maybe standards; in particular classic needs keep readily under late members; current, political techniques protest extra o                                                          | Jewelry                                            | pendants                                           |            4.98 |  4818.240000000001 |     1.455296708076223
 AAAAAAAACEBAAAAA | Taxes used to avoid however apparently trying skills. Telecommunications used to preserve at least; then little law                                                                                      | Jewelry                                            | pendants                                           |            4.38 |            4402.03 |      1.32958502852759
 AAAAAAAACLLBAAAA | Splendid, likely systems may land never                                                                                                                                                                  | Jewelry                                            | pendants                                           |            3.36 |              69.51 |  0.020994735459084285
 AAAAAAAAEELBAAAA | Kids must not think also years. Chinese, available groups leave; disa                                                                                                                                    | Jewelry                                            | pendants                                           |            5.73 |            1910.68 |    0.5771000021142736
 AAAAAAAAFLBCAAAA | Examples drive still important, doubtful facilities. Political, christian women might come usually                                                                                                       | Jewelry                                            | pendants                                           |            0.91 |            2291.62 |    0.6921587638145119
 AAAAAAAAFLIBAAAA | Individual, full sales talk gently also underlying patient                                                                                                                                               | Jewelry                                            | pendants                                           |            4.25 |            3576.25 |    1.0801672088267897
 AAAAAAAAFMGCAAAA | Nice, due losses drive neither early banks. New, separate skills may not determine often comforta                                                                                                        | Jewelry                                            | pendants                                           |            0.32 |            5963.31 |    1.8011525810748366
 AAAAAAAAGACCAAAA | Rapidly hot                                                                                                                                                                                              | Jewelry                                            | pendants                                           |               4 |            7869.18 |    2.3767997752829357
 AAAAAAAAGBOCAAAA | Standards use actually from a thoughts. Police ought to transfer to a beliefs. Very odd things will move there combined fine workers. Economic                                                           | Jewelry                                            | pendants                                           |            2.22 |            4471.46 |    1.3505556008614157
 AAAAAAAAGEEAAAAA | Big systems may encoura                                                                                                                                                                                  | Jewelry                                            | pendants                                           |            3.69 |            5332.66 |    1.6106716442704703
 AAAAAAAAGFOAAAAA | Fine associations must not remember developments; then dangerous features shall weigh patterns. Then expected players presen                                                                             | Jewelry                                            | pendants                                           |            3.78 |           15928.27 |      4.81095978953918
 AAAAAAAAGIEEAAAA | Guidelines can fly new farmers. Industrial, conscious results may know yet just full p                                                                                                                   | Jewelry                                            | pendants                                           |            8.43 |            2476.02 |    0.7478547675356332
 AAAAAAAAGNKAAAAA | Local times complain more                                                                                                                                                                                | Jewelry                                            | pendants                                           |             3.6 |  6764.099999999999 |     2.043022444522975
 AAAAAAAAHDPDAAAA | Statistical german                                                                                                                                                                                       | Jewelry                                            | pendants                                           |            2.08 |            1899.31 |    0.5736658179368921
 AAAAAAAAHEGCAAAA | Also old workers su                                                                                                                                                                                      | Jewelry                                            | pendants                                           |            6.51 | 3446.3399999999997 |    1.0409293137974465
 AAAAAAAAHJLBAAAA | Solid paths agree neither with the humans. Other, level cases deal measures. Sensitive arts shall avoid immediately from the years; most different benefits withdraw from the vehicles.                  | Jewelry                                            | pendants                                           |            1.24 |            1962.18 |    0.5926550139995108
 AAAAAAAAIFAEAAAA | Parents consist there from a proposals; per                                                                                                                                                              | Jewelry                                            | pendants                                           |            1.74 |            5371.29 |    1.6223394133797269
 AAAAAAAAIFFBAAAA | Administrative, asleep classes shall not command else in a investors; complex, national methods ought to wish personally; dramatic principles could not remember. Cul                                    | Jewelry                                            | pendants                                           |            1.99 |             5015.4 |     1.514846730276094
 AAAAAAAAIIBAAAAA | Magistrates face. American forms ought to take still great, whole languages. All mean                                                                                                                    | Jewelry                                            | pendants                                           |            1.56 |            5746.66 |    1.7357158174838336
 AAAAAAAAIPKCAAAA | Local, demanding images tackle. Completely full feet inhibit more organizations. Nuclear, disastrous laws say calmly only d                                                                              | Jewelry                                            | pendants                                           |            3.68 |            3247.53 |    0.9808809271391163
 AAAAAAAAJCBBAAAA | Married, daily designs must control fast to a windows. Open, large proposals should rid totally in the prisoners; groups might belong northern g                                                         | Jewelry                                            | pendants                                           |            4.59 |            1388.34 |   0.41933291651942267
 AAAAAAAAJCEBAAAA | Very recent reservations shall not provide. Simple, only trains shall not attempt else in a colleges. Social cases must not play even ou                                                                 | Jewelry                                            | pendants                                           |            3.92 |           14856.88 |     4.487358154903756
 AAAAAAAAKJOCAAAA | Orthodox, local adults will not take only old places.                                                                                                                                                    | Jewelry                                            | pendants                                           |            3.41 |            7813.56 |    2.3600003624468795
 AAAAAAAAKKMDAAAA | Unable,                                                                                                                                                                                                  | Jewelry                                            | pendants                                           |           47.24 |             432.96 |    0.1307708338996566
 AAAAAAAAKNPDAAAA | Young, middle opportunities regard certainly british, main schools. Cases will explain                                                                                                                   | Jewelry                                            | pendants                                           |            9.75 |            8868.24 |    2.6785549242939086
 AAAAAAAALAJCAAAA | Badly sure problems comment too open products. Able times must not drink possible, splendid families. Over there small directors may remember also ove                                                   | Jewelry                                            | pendants                                           |            4.52 |            6438.92 |    1.9448053811279955
 AAAAAAAALBHDAAAA | About corresponding times provide truly aware, american kids. Complete, french minutes might                                                                                                             | Jewelry                                            | pendants                                           |           70.07 |           13671.51 |     4.129330107556112
 AAAAAAAALDFAAAAA | Ships might think unique, old matters. Alternative women work through the others. Real, afraid fires ought to look soon middle, other months; now other members might not                                | Jewelry                                            | pendants                                           |            5.56 |            6522.33 |    1.9699984596007651
 AAAAAAAALPEBAAAA | New, top flames will provide with a                                                                                                                                                                      | Jewelry                                            | pendants                                           |           16.23 |               3741 |    1.1299281449062624
 AAAAAAAAMBOCAAAA | Conscious arms supplement somewhere special interests. Major groups may know as national types. Present years would cont                                                                                 | Jewelry                                            | pendants                                           |             1.7 | 10533.160000000002 |    3.1814258056136993
 AAAAAAAAMHCBAAAA | Similar, marvellous reserves make clearly so future theor                                                                                                                                                | Jewelry                                            | pendants                                           |            2.16 |           18704.03 |    5.6493477466375515
 AAAAAAAAMKCBAAAA | Years increase various princ                                                                                                                                                                             | Jewelry                                            | pendants                                           |            5.61 |           17691.37 |     5.343484866332612
 AAAAAAAAMMFCAAAA | Growing lengths must not investigate too into the banks. Eyes undertake different affairs. High, big others cannot imagine always calls. Still high trades g                                             | Jewelry                                            | pendants                                           |            1.06 |            6665.85 |    2.0133471063147312
 AAAAAAAAMNCCAAAA | International, free lights                                                                                                                                                                               | Jewelry                                            | pendants                                           |            9.31 |  6131.969999999999 |    1.8520944899013239
 AAAAAAAANFAEAAAA | Military, new hills help only                                                                                                                                                                            | Jewelry                                            | pendants                                           |            0.41 |              418.7 |   0.12646375682230743
 AAAAAAAANFFCAAAA | Remote, right buildings design into a critics. Interpretations talk proba                                                                                                                                | Jewelry                                            | pendants                                           |            2.24 |           11784.77 |     3.559460920675481
 AAAAAAAANMFBAAAA | Late new men tell changes; instructions would explain now also high                                                                                                                                      | Jewelry                                            | pendants                                           |            8.54 |           17241.17 |     5.207506878939722
 AAAAAAAAOCEDAAAA | Environmental, live letters know extra only pp.. Italian rocks might become. Internal, annual consequences would not form almost effectively british entries; managers understand o                      | Jewelry                                            | pendants                                           |            9.12 | 1930.5300000000002 |     0.583095477569069
 AAAAAAAAOGMDAAAA | Other years help partners; only, serious edges hear now jewish, sharp trains. Deep officials shall t                                                                                                     | Jewelry                                            | pendants                                           |            2.35 |            5321.99 |    1.6074488874391017
 AAAAAAAAOIMAAAAA | Now fine areas play united schemes. Long-term days used to run all in a women. Single mon                                                                                                                | Jewelry                                            | pendants                                           |            9.91 |            4059.86 |    1.2262363214058107
 AAAAAAAAOJCDAAAA | Sad women might like working negotiations. Official, british colours could allow more than to a areas; usually local police go quite at a drugs. Much soviet minutes might not increa                    | Jewelry                                            | pendants                                           |            4.44 |  6482.209999999999 |    1.9578806522835663
 AAAAAAAAOLEDAAAA | Only influential resources work                                                                                                                                                                          | Jewelry                                            | pendants                                           |            6.29 |  8379.460000000001 |    2.5309242697450496
 AAAAAAAAOMJAAAAA | Above bare studies highlight. Pp. limit. Theoretical, deep cont                                                                                                                                          | Jewelry                                            | pendants                                           |            4.41 | 436.09000000000003 |   0.13171621617540014
 AAAAAAAAOMJCAAAA | Fresh offences could not govern for exampl                                                                                                                                                               | Jewelry                                            | pendants                                           |            0.97 | 1876.6299999999999 |     0.566815571926073
 AAAAAAAAOMNCAAAA | Here only ministers should point then general trees. Necessary, complex creatures must improve about products. Event                                                                                     | Jewelry                                            | pendants                                           |            4.97 | 11453.779999999999 |     3.459489010308594
 AAAAAAAAPDOCAAAA | Then wild member                                                                                                                                                                                         | Jewelry                                            | pendants                                           |            5.13 |              848.3 |   0.25621973946110194
 AAAAAAAAPMEAAAAA | Authorities establish quite to the genes. Also potential americans cannot make years. Cool social terms get almost things. Ever different users can fly. Les                                             | Jewelry                                            | pendants                                           |            4.04 |  4579.799999999999 |    1.3832785132429029
 AAAAAAAAPMICAAAA | At first determined sessions belong always. Easy silly losses could not ban just then giant improvem                                                                                                     | Jewelry                                            | pendants                                           |           40.57 |            6589.87 |     1.990398178100356
 AAAAAAAAAKAEAAAA | Steep numbers will entertain open, able men. Remarkable, different families shall not come especially extra waters. Governments mean walls. Here negative things make however certain, comparable        | Jewelry                                            | rings                                              |            6.48 |             9839.3 |     3.413562145232285
 AAAAAAAAAKHAAAAA | More separate books should date to a costs; alone rough institutions happen. Resp                                                                                                                        | Jewelry                                            | rings                                              |            3.27 |            6376.28 |     2.212131760938453
 AAAAAAAAAOECAAAA | Eyes think. Sole electi                                                                                                                                                                                  | Jewelry                                            | rings                                              |            1.14 |            5122.61 |    1.7771942699976988
 AAAAAAAABAIBAAAA | Central, public amounts cannot give annual, sweet honours. Round, human goods used to say o                                                                                                              | Jewelry                                            | rings                                              |            0.12 | 4422.8099999999995 |    1.5344116747690184
 AAAAAAAABCKDAAAA | Problems used to accept medical, able children. Small, national lives work for a objects. Certainly fun others might go so clear businesses. Policies would find here                                    | Jewelry                                            | rings                                              |            4.85 | 1285.4699999999998 |    0.4459699095293106
 AAAAAAAABGHCAAAA | Safely rich accountants should not give so. Statutory, large countries might not remove qu                                                                                                               | Jewelry                                            | rings                                              |            4.75 |            7943.09 |     2.755707351150297
 AAAAAAAABKDCAAAA | Ends issue right subjects. Original, local workers may not dare essential users. Old, australian elements could not allow surprising factors. Phrases ought to excuse o                                  | Jewelry                                            | rings                                              |           11.18 |            6837.37 |    2.3720983611585047
 AAAAAAAACAPCAAAA | As crucial teachers forget exclusively barely little trends. Quite immediate                                                                                                                             | Jewelry                                            | rings                                              |            9.08 |           13642.17 |     4.732897166548792
 AAAAAAAACCMBAAAA | Trials tear further                                                                                                                                                                                      | Jewelry                                            | rings                                              |             2.3 |           10733.83 |    3.7239026924027794
 AAAAAAAACECAAAAA | Problems await however correctly convent                                                                                                                                                                 | Jewelry                                            | rings                                              |            9.59 |            1789.39 |    0.6207955817036984
 AAAAAAAACLDDAAAA | All right unlike terms will get only scientis                                                                                                                                                            | Jewelry                                            | rings                                              |            1.41 |            1010.34 |   0.35051867285416516
 AAAAAAAADFJCAAAA | Ethnic, old historians achieve more flat months. Other, detailed needs see by the police. Keen, related countries convince as then economic standards. Local participants would turn                     | Jewelry                                            | rings                                              |            0.34 |            7386.16 |     2.562490845347626
 AAAAAAAADMFCAAAA | General pages choose for instance young, right areas. But male appeals could not consume statements. Fortunes play important arms; units put a                                                           | Jewelry                                            | rings                                              |           39.87 |            2992.35 |     1.038140181241128
 AAAAAAAADNFBAAAA | Earlier dependent interpretations integrate abroad similar, single principles. Girls used to watch windows; perhaps good details shall not buy. Young representations receive. Purely new fam            | Jewelry                                            | rings                                              |            2.74 |            7988.76 |    2.7715517082867556
 AAAAAAAAEDHAAAAA | Also aware members shall not end references. Main, labour stories come moreover pregnant, vast elec                                                                                                      | Jewelry                                            | rings                                              |            5.96 | 3345.0599999999995 |    1.1605063560955258
 AAAAAAAAEJMBAAAA | Organisations fool. Hours will not produce in order then recent appeals. Home upper experts ought to deliver. Cold periods like in the minutes.                                                          | Jewelry                                            | rings                                              |            4.24 |            7503.18 |    2.6030887580279067
 AAAAAAAAEMEDAAAA | Sure rebels take almost single, appropriate coins. Labour features can manipulat                                                                                                                         | Jewelry                                            | rings                                              |            9.64 |  5652.139999999999 |    1.9609048553812987
 AAAAAAAAEPICAAAA | Beautiful spaces should expire. Musicians shall not work. Intense, wild stars argue already minor, other months. Stil                                                                                    | Jewelry                                            | rings                                              |            2.24 |           22662.92 |     7.862478612546387
 AAAAAAAAFICBAAAA | Simple, desperate classes shall not                                                                                                                                                                      | Jewelry                                            | rings                                              |            7.38 |           11403.77 |     3.956325915963085
 AAAAAAAAGBBAAAAA | French, political others think wide, natural aspects. Women used to borrow only. New, able aspects should not use large rights; children see. Important railways can                                     | Jewelry                                            | rings                                              |            0.63 | 4574.8099999999995 |    1.5871452478967112
 AAAAAAAAGKAEAAAA | Procedures can increas                                                                                                                                                                                   | Jewelry                                            | rings                                              |            1.47 |               3.68 | 0.0012767075599336144
 AAAAAAAAGPEAAAAA | Relatively civil years will see; arms finish both joint, trying services; public,                                                                                                                        | Jewelry                                            | rings                                              |           69.68 |           12203.52 |     4.233784304837245
 AAAAAAAAHMOBAAAA | Prices talk slowly terms. Decisive, british aspects ought to enter still. Democratic                                                                                                                     | Jewelry                                            | rings                                              |            1.58 |  6910.499999999999 |     2.397469454598163
 AAAAAAAAHNEBAAAA | Recently grand ears should return upright national, fresh details. Partial, following enquiries let also large                                                                                           | Jewelry                                            | rings                                              |            5.45 |             256.44 |   0.08896708876885219
 AAAAAAAAHPCBAAAA | Right dependent farmers go most certain areas. Amazing, appropriate g                                                                                                                                    | Jewelry                                            | rings                                              |            4.25 |                    |                      
 AAAAAAAAIFDEAAAA | About good titles could not remove actually now occasional needs. Fun women may show seriously high authorities. True, united women might not use. Clear                                                 | Jewelry                                            | rings                                              |            2.79 |            3680.54 |    1.2768949028907786
 AAAAAAAAIGBBAAAA | Users drive also small plans. Ho                                                                                                                                                                         | Jewelry                                            | rings                                              |            1.73 | 2859.1800000000003 |    0.9919393264160302
 AAAAAAAAIKIDAAAA | We                                                                                                                                                                                                       | Jewelry                                            | rings                                              |            1.41 |  4743.820000000001 |    1.6457801241750758
 AAAAAAAAJMLCAAAA | Industrial, continental months c                                                                                                                                                                         | Jewelry                                            | rings                                              |            3.17 |  9201.619999999999 |    3.1923309287055277
 AAAAAAAAKBPAAAAA | Single eyes could look never. Grey duties might not                                                                                                                                                      | Jewelry                                            | rings                                              |            0.88 |            10177.6 |     3.530929038581618
 AAAAAAAAKFBEAAAA | Likely husbands may go vaguely fun, mean forests. Acute, english efforts                                                                                                                                 | Jewelry                                            | rings                                              |            4.23 |             845.06 |    0.2931778507058424
 AAAAAAAAKIEBAAAA | Unchanged, secondary doors involve ago books. Fine things must not ensure in order. Fair, massive positions see holy toys. Current falls talk right, worthwhile stations. Level, special months          | Jewelry                                            | rings                                              |            0.89 |            2377.04 |    0.8246698201805974
 AAAAAAAAKIGCAAAA | Initi                                                                                                                                                                                                    | Jewelry                                            | rings                                              |            6.34 |            2600.34 |     0.902139602282004
 AAAAAAAAKKHCAAAA | High books support serious researchers. Much partial stars stimulate mental wings. Main days agree families; over prime of                                                                               | Jewelry                                            | rings                                              |             6.9 |            2426.97 |    0.8419921050902401
 AAAAAAAAKNEEAAAA | Positive men explain ultimately more little                                                                                                                                                              | Jewelry                                            | rings                                              |            2.23 |            9874.18 |    3.4256631125394827
 AAAAAAAAKOEBAAAA | For example major animals locate from the rooms. Comments may l                                                                                                                                          | Jewelry                                            | rings                                              |            5.32 | 11122.740000000002 |    3.8588277840152205
 AAAAAAAAKOEEAAAA | Also combined authorities might get bad, english police. Modules will shift actually american views. Mass, good d                                                                                        | Jewelry                                            | rings                                              |             6.1 |           12379.27 |     4.294757498766139
 AAAAAAAALCECAAAA | Aware                                                                                                                                                                                                    | Jewelry                                            | rings                                              |            2.58 |              773.6 |    0.2683861327077837
 AAAAAAAALCMDAAAA | Political, different resources can tr                                                                                                                                                                    | Jewelry                                            | rings                                              |            1.35 |  8106.679999999999 |     2.812461859228976
 AAAAAAAALEDEAAAA | Public sources would get previous, big barriers. Long constitutional years must not educate never in a views. Successful workers walk then enough new applications. Anonymous, d                         | Jewelry                                            | rings                                              |           96.89 |             132.56 |  0.045989226669782585
 AAAAAAAAMBMBAAAA | Best equal payments like chiefly with a sums. As opposite resources should not convince culturally modules. So social policies like generally all similar workers.                                       | Jewelry                                            | rings                                              |            5.96 | 16095.619999999999 |      5.58407601516812
 AAAAAAAAMCJDAAAA | Clear, long-term cases can straighten ironically too foreign reports. Best grey characters should need right able sales. Up front poor police used to find                                               | Jewelry                                            | rings                                              |            0.54 |              974.4 |   0.33804995826068307
 AAAAAAAAMDODAAAA | Friends cry here. Services strike heads. Central, other operations ensure more active, gothic legs. Demands prove; producers cause. Beautiful concentrations express; english students could find. He    | Jewelry                                            | rings                                              |            9.29 |            1995.95 |    0.6924577321330156
 AAAAAAAAMICBAAAA | Elements go special conditions. Special, normal clients could not speak. Somewhere united jobs could try. Regional rates neg                                                                             | Jewelry                                            | rings                                              |            3.94 |           11148.07 |     3.867615556431828
 AAAAAAAANNEBAAAA | Figures should go much blind, vital strategies; possible, new sessions might lead perhaps; projects call studies. Social,                                                                                | Jewelry                                            | rings                                              |            1.85 |  5153.139999999999 |    1.7877860857055174
 AAAAAAAAOBCDAAAA | Times like yesterday on the details. Emotional functions will find dollars; junior criticisms might                                                                                                      | Jewelry                                            | rings                                              |           79.79 |             455.13 |   0.15789888906320268
 AAAAAAAAOHHDAAAA | Red owners ensure too indeed national authorities. Investors bind very. Spiritual components may not date today important points. Hours might not attract socia                                          | Jewelry                                            | rings                                              |            2.46 |              543.9 |   0.18869598963257958
 AAAAAAAAPBAAAAAA | In order small styles take else whole toys. Moreover old directors could change available shops. Already mixed attempts go c                                                                             | Jewelry                                            | rings                                              |            5.85 |             7254.3 |     2.516744470659353
 AAAAAAAAPELBAAAA | Early brit                                                                                                                                                                                               | Jewelry                                            | rings                                              |            4.12 |            1433.76 |   0.49741636715500515
 AAAAAAAAACNCAAAA | Cells prepare considerable advances. Social seconds may not come little, certain characteristics. Little trees work with a representatives. Long parties mi                                              | Jewelry                                            | semi-precious                                      |            3.48 |           13248.72 |     3.220824924446127
 AAAAAAAAAEKDAAAA | Dear flats provide therefore dear changes. Ultimately unable balls emphasize really beautiful classes. Different, hot employees tur                                                                      | Jewelry                                            | semi-precious                                      |            2.85 |            1089.55 |   0.26487462912872173
 AAAAAAAAAEPDAAAA | Forms could not enjoy perhaps in a women. Bits specify private, standard times. Soldiers know gently anonymous, overseas mo                                                                              | Jewelry                                            | semi-precious                                      |               2 |            9511.72 |    2.3123429924062635
 AAAAAAAAAGBDAAAA | Secondly bright factors may afford annually doors. Children should follow for example rates. Public, extra positions build eyes. Final days shall not happen men; right,                                 | Jewelry                                            | semi-precious                                      |            2.46 |  6902.080000000001 |    1.6779274748444475
 AAAAAAAAAJOCAAAA | Minutes will kn                                                                                                                                                                                          | Jewelry                                            | semi-precious                                      |            1.04 | 1854.5600000000002 |    0.4508520877398579
 AAAAAAAAAMICAAAA | Present, new families claim good hills. Sudden techniques appear fingers. Free differences must facilitate months. Sacred, serio                                                                         | Jewelry                                            | semi-precious                                      |           17.04 |            9343.97 |     2.271562193878116
 AAAAAAAAANBCAAAA | Back, dif                                                                                                                                                                                                | Jewelry                                            | semi-precious                                      |           45.11 |           15081.62 |    3.6664113663074773
 AAAAAAAAAOCDAAAA | Creative assessments might give; here agricultural drawings would not say again significant shy experts; new towns will not declare at least before                                                      | Jewelry                                            | semi-precious                                      |            1.58 |           19163.95 |     4.658844613731693
 AAAAAAAABNGCAAAA | Subsequently desirable professionals may not write annually economic possible games. New, constitutional miners help; ways enjoy occasionally both financial arrange                                     | Jewelry                                            | semi-precious                                      |           65.67 |            7311.19 |    1.7773840023308878
 AAAAAAAACANBAAAA | Exchanges hurt heavy, white tests. Left, free institutions go closer. Weeks suggest on a rules. Models cou                                                                                               | Jewelry                                            | semi-precious                                      |           33.28 |  8828.220000000001 |     2.146180990653723
 AAAAAAAACCBAAAAA | Afraid streets cut red subject                                                                                                                                                                           | Jewelry                                            | semi-precious                                      |            7.14 |           12992.66 |     3.158575557703251
 AAAAAAAACCECAAAA | Specific, relevant intentions may spare then grand hands. High, small humans remain                                                                                                                      | Jewelry                                            | semi-precious                                      |            5.04 |            2898.08 |    0.7045366116152226
 AAAAAAAACGIDAAAA | Right, special years must not buy in a spirits. Sort of other cases stay members. National, modest words supply again events. Attempts like ancient, fellow doors. Northern, existing towns could        | Jewelry                                            | semi-precious                                      |            3.36 |            7215.28 |     1.754067839071069
 AAAAAAAACMHBAAAA | Male, extraordinary weeks worry considerable arguments. Together early ties close closer. Good, strong streets should fear but social days; special, illegal eyes see however chief,                     | Jewelry                                            | semi-precious                                      |            2.81 |            6654.41 |    1.6177177557895066
 AAAAAAAACMJAAAAA | Sentences believe rapidly; statutory instruments shall improve else then used scales. O                                                                                                                  | Jewelry                                            | semi-precious                                      |            9.97 |              433.1 |   0.10528860710903526
 AAAAAAAACMLBAAAA | Sufficient, considerable trees may not imagine today deaf competitors. Then free users f                                                                                                                 | Jewelry                                            | semi-precious                                      |            7.57 |            2858.96 |    0.6950263592252308
 AAAAAAAACNHBAAAA | Local, foreign advantages will cut reportedly. Valid groups come; total, significant controls go in a modules. French, key photographs speed foreign games; future, remote interactions wo               | Jewelry                                            | semi-precious                                      |            3.48 |  9624.570000000002 |     2.339777347779745
 AAAAAAAACPACAAAA | Unusual, corporate acids leave. Main ways concentrate already regions. Considerations meet serious, small banks; small,                                                                                  | Jewelry                                            | semi-precious                                      |            4.63 |             191.97 |   0.04666879221131725
 AAAAAAAADLKBAAAA | Men use too positive depths. Shared, diffe                                                                                                                                                               | Jewelry                                            | semi-precious                                      |               2 |           12476.66 |    3.0331335783260585
 AAAAAAAAEAAAAAAA | Tightly usual boys must tell students. Very christian decisions unload now fresh budgets. Wise studies ought to take current, democratic theories. Bright things shall pay yet for t                     | Jewelry                                            | semi-precious                                      |             8.2 |             176.12 |    0.0428155841238589
 AAAAAAAAEICAAAAA | Then other circumstances minimise eventually; helpful honours migh                                                                                                                                       | Jewelry                                            | semi-precious                                      |            4.78 |            4906.23 |     1.192727136588691
 AAAAAAAAELOCAAAA | Old streets study. Databases pose for a years. Only political ideas relie                                                                                                                                | Jewelry                                            | semi-precious                                      |            4.32 |            5963.17 |    1.4496741243463076
 AAAAAAAAEMLBAAAA | Too able officials can buy only electri                                                                                                                                                                  | Jewelry                                            | semi-precious                                      |            2.32 |            6116.75 |    1.4870101305338062
 AAAAAAAAFDMCAAAA | Modern, urban territories might not ring that decisions. Also industrial bonds advise clean networks. Simple, heavy developments regard full shares; very associat                                       | Jewelry                                            | semi-precious                                      |            8.54 |           10916.98 |    2.6539681783357096
 AAAAAAAAFEKAAAAA | Police shall scrap there essential vegetables. Rates take then once tough owners. Extremely old authorities could fight well for certain international centuries. Bad, useful cities find                | Jewelry                                            | semi-precious                                      |            2.36 |             377.06 |   0.09166502469760525
 AAAAAAAAFHHAAAAA | Implications may stop letters; north                                                                                                                                                                     | Jewelry                                            | semi-precious                                      |            6.05 |  4136.889999999999 |    1.0056970350110757
 AAAAAAAAGCDAAAAA | Lovely ears used to learn narrow policies. Tools would alter now considerable lives. Great, political circumstance                                                                                       | Jewelry                                            | semi-precious                                      |            2.41 |            6044.94 |    1.4695527884038135
 AAAAAAAAGEBCAAAA | All right spatial claims occur here strong samples. Comments go in a concentrations. Now senior levels will declare teache                                                                               | Jewelry                                            | semi-precious                                      |            0.18 |            6605.41 |    1.6058056298408974
 AAAAAAAAGJEDAAAA | Rather strange sections can understand later inadequate bizarre parties; centres shall not top surely great paths. Regions attain                                                                        | Jewelry                                            | semi-precious                                      |            9.86 |            1796.67 |     0.436778761797715
 AAAAAAAAGOFDAAAA | Still favorable demands may locate on the improvements. Local points study also reports. Medical policies stay even. Easy, separate persons might not help tightly police. Large circumstances           | Jewelry                                            | semi-precious                                      |            4.17 |            1393.68 |   0.33881003453179465
 AAAAAAAAHAECAAAA | Early, similar populations teach so rules. General allies used to close then free, due deaths. More considerable pages should not remember final, numerous clients. Small, c                             | Jewelry                                            | semi-precious                                      |            4.93 | 3249.3700000000003 |    0.7899368304823042
 AAAAAAAAHFNAAAAA | Labour conditions calculate just on the grounds; practical institutions produce; far major modules c                                                                                                     | Jewelry                                            | semi-precious                                      |            1.82 |             129.48 |   0.03147718505767232
 AAAAAAAAIEFAAAAA | Old, difficult leg                                                                                                                                                                                       | Jewelry                                            | semi-precious                                      |           98.01 |            6545.74 |    1.5912995776908254
 AAAAAAAAIEIAAAAA | Swiss, only values should get sometimes profitable users. Important channels stay. P                                                                                                                     | Jewelry                                            | semi-precious                                      |            9.22 |            5489.12 |    1.3344303834087916
 AAAAAAAAIFADAAAA | Softly new indicators refute. Old, gastric weeks see similarly by the versions. Other, good fathers seem actually so alternative parts. Still likely rivals want. Eyes used to plan most.                | Jewelry                                            | semi-precious                                      |            8.76 |             6014.4 |    1.4621283735778843
 AAAAAAAAIFDBAAAA | Other architects take;                                                                                                                                                                                   | Jewelry                                            | semi-precious                                      |            1.54 |            1197.58 |   0.29113722027623745
 AAAAAAAAIHABAAAA | Royal, general guns would not move so temporary beans. Hot, liberal copies would not justify limits. Rather existing                                                                                     | Jewelry                                            | semi-precious                                      |            2.65 |            4115.01 |    1.0003779061181048
 AAAAAAAAIHGBAAAA | Certain, labour neighbours go sure,                                                                                                                                                                      | Jewelry                                            | semi-precious                                      |            5.11 |            8622.96 |    2.0962813381596086
 AAAAAAAAIHOAAAAA | Traditional, long companies build thus in a plans. Hardly immense methods eat sure in a centres. Additional employers should provide quietly. Conservative blues might try long at an pp..               | Jewelry                                            | semi-precious                                      |            3.31 | 15288.869999999999 |     3.716794796977871
 AAAAAAAAILIBAAAA | Strange authorities know miles. Light, subject women deter. Personal, cautious legs come regularly sufficient experiments. Special officials                                                             | Jewelry                                            | semi-precious                                      |             1.3 |            5908.79 |    1.4364540955894631
 AAAAAAAAIPGDAAAA | Necessary heroes obtain unpleasant, recent businesses. Easy times wonder above main, final pupils. Loudly wrong buildings know                                                                           | Jewelry                                            | semi-precious                                      |            0.43 |            4346.32 |     1.056610433733877
 AAAAAAAAIPNBAAAA | Western doctors will change by a researchers. Independent                                                                                                                                                | Jewelry                                            | semi-precious                                      |            2.43 |            3725.62 |    0.9057154015644515
 AAAAAAAAJCFDAAAA | Eyes will ring                                                                                                                                                                                           | Jewelry                                            | semi-precious                                      |            8.43 |             1946.8 |   0.47327605707658704
 AAAAAAAAJGDEAAAA | Instead upper serv                                                                                                                                                                                       | Jewelry                                            | semi-precious                                      |           98.36 |           19484.12 |     4.736679417098352
 AAAAAAAAKHGDAAAA | Always economic needs cannot address new, old interviews; obviousl                                                                                                                                       | Jewelry                                            | semi-precious                                      |           32.94 |              995.3 |   0.24196201952348834
 AAAAAAAAKJAAAAAA | Today english plans will involve rapidly political extraordi                                                                                                                                             | Jewelry                                            | semi-precious                                      |             8.2 |            2253.89 |    0.5479310521288004
 AAAAAAAAKMGAAAAA | Funds serve together. Also free clients say                                                                                                                                                              | Jewelry                                            | semi-precious                                      |           64.48 |            9959.39 |    2.4211736337004264
 AAAAAAAALEEDAAAA | Women                                                                                                                                                                                                    | Jewelry                                            | semi-precious                                      |            5.41 |            8038.86 |    1.9542839347599612
 AAAAAAAALGBEAAAA | Corporate orders could not clear in particular official, national days. Variations would set recent, damp branches. Equally detailed building                                                            | Jewelry                                            | semi-precious                                      |           38.61 |            16507.2 |     4.012976437936428
 AAAAAAAALHBDAAAA | Authorities maintain perhaps. Formally national shops move only current relationships. Young requirements seem exactly wi                                                                                | Jewelry                                            | semi-precious                                      |            3.89 |            2812.98 |    0.6838484092024336
 AAAAAAAALHDEAAAA | Subsequently past sales used to feel highly disti                                                                                                                                                        | Jewelry                                            | semi-precious                                      |            9.31 |             207.76 |  0.050507414022103826
 AAAAAAAAMCFDAAAA | Other, impressive                                                                                                                                                                                        | Jewelry                                            | semi-precious                                      |            2.09 |            3120.24 |    0.7585447320385504
 AAAAAAAAMGBBAAAA | Most unlikely rivers provide. Spiritual relation                                                                                                                                                         | Jewelry                                            | semi-precious                                      |            8.19 |            6168.01 |    1.4994716729037187
 AAAAAAAAMGEDAAAA | Teeth cannot st                                                                                                                                                                                          | Jewelry                                            | semi-precious                                      |           66.97 |            1890.24 |   0.45952606026733506
 AAAAAAAAMGIDAAAA | Short steps ought to find smoothly other arms. Economic, large groups will not appear. Neverth                                                                                                           | Jewelry                                            | semi-precious                                      |            9.05 |            5172.95 |    1.2575679984869175
 AAAAAAAAMNOCAAAA | As fast services want more to a eyes; other rights may not stop to a families                                                                                                                            | Jewelry                                            | semi-precious                                      |            4.45 |            2338.05 |    0.5683907362070652
 AAAAAAAAMPGBAAAA | Cent                                                                                                                                                                                                     | Jewelry                                            | semi-precious                                      |           36.61 |           12296.64 |    2.9893698862185345
 AAAAAAAANIDBAAAA | Importantly true groups could appeal increasingly yet estimat                                                                                                                                            | Jewelry                                            | semi-precious                                      |            8.07 |            11354.2 |    2.7602583764428728
 AAAAAAAAOACBAAAA | Long, social systems can put hi                                                                                                                                                                          | Jewelry                                            | semi-precious                                      |             3.9 |              41.79 |   0.01015934170188544
 AAAAAAAAOAHBAAAA | Recently able expectations arrive fit minerals. Net parts can hear extreme falls. Cases might not move close top hands; great, able drugs work really. About royal traditions must                       | Jewelry                                            | semi-precious                                      |             6.6 |            8130.22 |     1.976493972038838
 AAAAAAAAOCCEAAAA | Automatically busy troubles explain thus then northern                                                                                                                                                   | Jewelry                                            | semi-precious                                      |            7.14 | 1527.9300000000003 |    0.3714468285848725
 AAAAAAAAOCHCAAAA | Mainly internal jeans see skills. Grey definitions will see now western, joint problems. Slightly new glasses take                                                                                       | Jewelry                                            | semi-precious                                      |            4.27 |           12996.76 |    3.1595722866091553
 AAAAAAAAOFLCAAAA | Subjects could not say certainly even blue cells. Secret, primary fields can start then homes. Small seats must cover at a parties. A                                                                    | Jewelry                                            | semi-precious                                      |            8.05 |  6377.139999999999 |    1.5503121402431612
 AAAAAAAAPNIBAAAA | Others should not discern progressively most other shoulders. Still vital effects must start modern, new modules. At all significant minutes die all                                                     | Jewelry                                            | semi-precious                                      |            2.78 |           16976.65 |     4.127101897662442
 AAAAAAAAAEJAAAAA | Difficult incomes become in a parts; models may worry over the rights. Maybe available rats would use available studies. Matters shall not analyse on a r                                                | Jewelry                                            | womens watch                                       |            2.99 | 10003.179999999998 |     3.677389859688944
 AAAAAAAAAHHDAAAA | Thereafter pink films should not say now social public words. Initial arms ought to get less common years. Affairs give. Camps might go anyway towns. Situations seek companies. Somehow serious grou    | Jewelry                                            | womens watch                                       |            5.69 |           13493.43 |    4.9604828319017145
 AAAAAAAAAIBCAAAA | Leading, small teams will conceive corporate, real others. Remarkable books change men. Only occasional cars make minutes. Nuclear periods present often                                                 | Jewelry                                            | womens watch                                       |            3.07 |             739.74 |    0.2719447590472529
 AAAAAAAABDOBAAAA | Likely allies want under a fields. New, appropriate rights face adult children. Directly capital patients play old, ab                                                                                   | Jewelry                                            | womens watch                                       |            1.38 |            4059.12 |     1.492222146083604
 AAAAAAAABKLDAAAA | Other countries would speak for example able gardens. High forces enter nevertheless english eyes. Unusual acids celebrate yet. Conclusions benefit                                                      | Jewelry                                            | womens watch                                       |            0.57 |            2290.13 |    0.8419023589867863
 AAAAAAAABMAAAAAA | As well original minutes distribute agai                                                                                                                                                                 | Jewelry                                            | womens watch                                       |            6.78 |             272.68 |   0.10024318935978171
 AAAAAAAABNKBAAAA | Alone, main cars used to give most; afraid quantities reply here futures. Various, lonely parts ca                                                                                                       | Jewelry                                            | womens watch                                       |            2.48 | 11671.779999999999 |     4.290804065959048
 AAAAAAAACAFBAAAA | Alread                                                                                                                                                                                                   | Jewelry                                            | womens watch                                       |           18.14 |            1941.93 |    0.7138963499832804
 AAAAAAAACFBDAAAA | Passive women ough                                                                                                                                                                                       | Jewelry                                            | womens watch                                       |            1.21 |               63.7 |   0.02341752663274936
 AAAAAAAACGOAAAAA | Schemes can press of course small divisions. Great hands must manage obviously main, clean tasks. Workers could isolate in order please confident firms. Romanti                                         | Jewelry                                            | womens watch                                       |            3.16 |           10560.63 |    3.8823207893816623
 AAAAAAAACIAEAAAA | Thousands might not regulate of course citizens. Positive, successful meanings can hear as paintings. Most urban meetings could not commemorat                                                           | Jewelry                                            | womens watch                                       |            2.81 |  7512.349999999999 |    2.7617057488153005
 AAAAAAAACONDAAAA | Models share before finally high                                                                                                                                                                         | Jewelry                                            | womens watch                                       |            3.64 |            1014.78 |     0.373055536520901
 AAAAAAAADGJBAAAA | Large, ready guns break perhaps years. Closer evident things settle religious, private modules. Stocks cause balls. Indeed only birds acquire clos                                                       | Jewelry                                            | womens watch                                       |            2.19 |            1623.19 |    0.5967204875198184
 AAAAAAAADIEEAAAA | Armed, great values help skilfully bizarre months. Sexual,                                                                                                                                               | Jewelry                                            | womens watch                                       |            5.83 |            9914.73 |     3.644873686523062
 AAAAAAAAEAFCAAAA | Months may believe only so real men. Together still things would include ltd. volumes. Clinical officers drop long women; emotionally patient shoulders could hope by far. Misleading, good pictur       | Jewelry                                            | womens watch                                       |            4.72 |            1158.05 |     0.425724752230069
 AAAAAAAAEFPBAAAA | Very short lovers j                                                                                                                                                                                      | Jewelry                                            | womens watch                                       |            9.32 |           19010.97 |     6.988852375029813
 AAAAAAAAEGDDAAAA | Very nervous sessions know forward dangerous images. Unable, practical engineers say strongly long, substantial passages. Almost everyday months might avoid. Strangely clinical c                       | Jewelry                                            | womens watch                                       |            6.73 |  8288.800000000001 |     3.047145914498162
 AAAAAAAAEJGBAAAA | Other organisms survive then. Ever healthy actions used to tell monthly useful reasons. Simply                                                                                                           | Jewelry                                            | womens watch                                       |            4.03 |           10904.18 |     4.008617355703185
 AAAAAAAAEKOBAAAA | Healthy events give recently local, interesting genes; even impossible purposes would tell at a tasks. Emotional, light guests prohibit years; more strange times wait necessarily tragic authori        | Jewelry                                            | womens watch                                       |            3.81 |            3701.96 |     1.360922243224063
 AAAAAAAAEMFCAAAA | Barely early studies speak to a plants; new persons shall take doubtless huge, odd changes. Average doors should say finally for a kinds. Major republics                                                | Jewelry                                            | womens watch                                       |            3.46 |             375.02 |   0.13786563324668233
 AAAAAAAAFEGEAAAA | Long, certain hundreds buy too happy, spanish terms. Houses may help much with a investors. Comprehensive, thin sectors participate firmly worldwide rough re                                            | Jewelry                                            | womens watch                                       |            2.34 |             795.84 |    0.2925683578556868
 AAAAAAAAFKAEAAAA | High, new machines should wash addresses. Medium decisions could not catch as great police. Personal institutions might win. Police think so; available, tiny pages must seem really fortunate, a        | Jewelry                                            | womens watch                                       |            4.07 |             3502.5 |     1.287596342719068
 AAAAAAAAFLJDAAAA | Theoretical, industrial lights may not take however places. Little are                                                                                                                                   | Jewelry                                            | womens watch                                       |            6.62 |             620.21 |    0.2280028915682493
 AAAAAAAAGBMBAAAA | Dead, united churches must follow just. Completely e                                                                                                                                                     | Jewelry                                            | womens watch                                       |             4.4 |             239.16 |   0.08792049716622193
 AAAAAAAAGBNDAAAA | Much agricultural blacks suit; regional                                                                                                                                                                  | Jewelry                                            | womens watch                                       |             8.6 |             819.12 |    0.3011265999280637
 AAAAAAAAGECCAAAA | Magnificent colours go for a purposes; easily public results used to look just. Etc certain hours will not know none the less characters. Units might in                                                 | Jewelry                                            | womens watch                                       |            9.21 |            1208.61 |   0.44431172470340974
 AAAAAAAAGKEAAAAA | Just new cells underline even in a connections. Narrow, direct others o                                                                                                                                  | Jewelry                                            | womens watch                                       |            6.59 |            6502.66 |    2.3905214086925266
 AAAAAAAAGPOCAAAA | Rough children say nevertheless enormous studies; services would attend prominent, regional employers. Only scottish types submit highly. Instruments                                                    | Jewelry                                            | womens watch                                       |            7.31 |           11102.41 |      4.08149108104714
 AAAAAAAAHOBAAAAA | Outdoor lips would not expect relations; syst                                                                                                                                                            | Jewelry                                            | womens watch                                       |             4.3 |             1350.4 |   0.49643685973100055
 AAAAAAAAIGPAAAAA | Allegedly permanent workers shall last of course active cases; areas might flush just about a fingers. Other tears will promise jointly on behalf of a fragments. However objective months stay          | Jewelry                                            | womens watch                                       |            6.62 |             5866.8 |    2.1567652315386803
 AAAAAAAAIHDEAAAA | Intense, other vegetables ought to credit. Later correct grounds control beyond in the functions; civil, g                                                                                               | Jewelry                                            | womens watch                                       |            7.75 |            6358.62 |    2.3375691239801055
 AAAAAAAAILEDAAAA | Substantial, agricultural plans rise finely with a awards; long, criminal words talk yet hands. Samples see here absolutely political                                                                    | Jewelry                                            | womens watch                                       |            3.78 |            5590.98 |     2.055367708840958
 AAAAAAAAJACCAAAA | Restaurants get never. White, pri                                                                                                                                                                        | Jewelry                                            | womens watch                                       |            1.51 |            7316.64 |     2.689758431118356
 AAAAAAAAJBDAAAAA | Previous barriers would test forward bare books; sheer years might run difficult, small friends. Able services speak long things. Doubts shall plan seeds. Times us                                      | Jewelry                                            | womens watch                                       |            8.51 |           14394.66 |     5.291794880994849
 AAAAAAAAJDDEAAAA | Rather slight prisons enact main borders. No longer social steps expect readers. Full, guilty products t                                                                                                 | Jewelry                                            | womens watch                                       |            0.33 |            5220.18 |     1.919053440780935
 AAAAAAAAJFKBAAAA | Frequently roman beliefs develop just joint b                                                                                                                                                            | Jewelry                                            | womens watch                                       |            8.67 |            3262.13 |    1.1992310228334484
 AAAAAAAAJOJCAAAA | Wide, little workers stand rich, payable authorities. New, full stages wait in a leaders. Har                                                                                                            | Jewelry                                            | womens watch                                       |            1.23 |            9685.12 |    3.5604639802413423
 AAAAAAAAKLDBAAAA | Then recent participants p                                                                                                                                                                               | Jewelry                                            | womens watch                                       |            5.56 |             725.13 |    0.2665738004270886
 AAAAAAAAKPIBAAAA | Properly corporate charges shall sell. Complex years win old effects; swiftly                                                                                                                            | Jewelry                                            | womens watch                                       |            9.34 |            2282.17 |    0.8389760872128981
 AAAAAAAALAFAAAAA | Significant, living children investigate little fast workers; indee                                                                                                                                      | Jewelry                                            | womens watch                                       |            0.63 |            1275.83 |   0.46902328106531577
 AAAAAAAALAOAAAAA | Possible months make great, fresh universities. Yesterday recent banks work then. Normal suggestions must choose little, costly techniques.                                                              | Jewelry                                            | womens watch                                       |            1.28 |            1204.72 |   0.44288167480385887
 AAAAAAAALBNDAAAA | Western, ready animals will make special, united remains. Days help other films. Less good levels like properly on a levels. Desperate parts could not drive high patients. Long-term, hidden ships      | Jewelry                                            | womens watch                                       |             2.1 |            9114.17 |    3.3505701524396425
 AAAAAAAALLOBAAAA | Old, comparable standards will believe. Specialist secrets burst ago; improvements hear again too ameri                                                                                                  | Jewelry                                            | womens watch                                       |            1.29 |            8266.18 |    3.0388303030000015
 AAAAAAAAMDJCAAAA | Necessary, new organisms satisfy thereafter poor topics. H                                                                                                                                               | Jewelry                                            | womens watch                                       |            3.56 |  4468.360000000001 |    1.6426678069813492
 AAAAAAAAMFFBAAAA | Members upset right confident bacteria. Successful, similar customers let very. British, vulnerable definitions can damage. Concerned, moving conditions might not                                       | Jewelry                                            | womens watch                                       |            4.54 |            6755.04 |     2.483301869784729
 AAAAAAAAMGGBAAAA | Available pupils ought to catch also specific moments. Other, sensible attitudes s                                                                                                                       | Jewelry                                            | womens watch                                       |            7.51 |  5740.969999999999 |     2.110507344942152
 AAAAAAAAMHHDAAAA | Societies may try well others. Other, excellent affairs would present now light amounts. New seeds a                                                                                                     | Jewelry                                            | womens watch                                       |            8.29 |             9465.9 |    3.4798738673931267
 AAAAAAAAMJACAAAA | Again new homes might not win nuclear, australian investments. Giant,                                                                                                                                    | Jewelry                                            | womens watch                                       |            9.38 |              122.3 |  0.044960180646550184
 AAAAAAAAMMJBAAAA | Easy, voluntary books involve names. Recently political points shall think here concerned other countries. Conditions see then electronic reade                                                          | Jewelry                                            | womens watch                                       |             4.3 |            4990.66 |    1.8346768204866077
 AAAAAAAANFDEAAAA | Old kids might not bring then to the hour                                                                                                                                                                | Jewelry                                            | womens watch                                       |            5.17 |             671.34 |   0.24679940862841374
 AAAAAAAANHLAAAAA | Catholic, nuclear schools can ask better culturally other shares. Ultimately american instructions may not know already shapes; royal friend                                                             | Jewelry                                            | womens watch                                       |            1.12 |            1977.75 |    0.7270645729657778
 AAAAAAAAODCEAAAA | Apart automatic results remain. Far basic operations can                                                                                                                                                 | Jewelry                                            | womens watch                                       |             6.4 |             434.12 |   0.15959209830155655
 AAAAAAAAOHIDAAAA | Video-tape                                                                                                                                                                                               | Jewelry                                            | womens watch                                       |            4.55 |             907.68 |   0.33368321152298175
 AAAAAAAAOKEDAAAA | Faint, large fees could go so. Hands will respect now sales. Significant, professional miles match probably only, british men. Modern, useful children bring only,                                       | Jewelry                                            | womens watch                                       |            1.55 | 1796.6000000000001 |    0.6604698327848901
 AAAAAAAAPMMBAAAA | Early sig                                                                                                                                                                                                | Jewelry                                            | womens watch                                       |            1.93 |            9383.17 |     3.449460492537124
 AAAAAAAADKGAAAAA |                                                                                                                                                                                                          | Jewelry                                            |                                                    |            0.53 |            9485.16 |     48.01652327762295
 AAAAAAAAOAKBAAAA |                                                                                                                                                                                                          | Jewelry                                            |                                                    |                 |              175.4 |    0.8879236810865675
(2618 rows)

UPDATE time_statistics SET e_time = TRANSACTION_TIMESTAMP() WHERE template = '../query_postgresql/query98.tpl' AND stream = 3;
psql:/tmp/s1-basline/throughput/query_3.sql:3963: NOTICE:  duration: 0.066 ms  plan:
Query Text: UPDATE time_statistics SET e_time = TRANSACTION_TIMESTAMP() WHERE template = '../query_postgresql/query98.tpl' AND stream = 3;
Update on time_statistics  (cost=0.00..10.30 rows=0 width=0) (actual time=0.066..0.066 rows=0 loops=1)
  ->  Seq Scan on time_statistics  (cost=0.00..10.30 rows=1 width=14) (actual time=0.028..0.051 rows=1 loops=1)
        Filter: ((template = '../query_postgresql/query98.tpl'::text) AND (stream = 3))
        Rows Removed by Filter: 372
UPDATE 1
LOAD 'auto_explain'; SET auto_explain.log_min_duration TO 0; SET auto_explain.log_analyze TO on; SET auto_explain.log_level TO notice; INSERT INTO time_statistics (template, s_time, stream, query, seed) VALUES ('../query_postgresql/query77.tpl', TRANSACTION_TIMESTAMP(), 3, 85, 866944894);
LOAD
SET
SET
SET
psql:/tmp/s1-basline/throughput/query_3.sql:3964: NOTICE:  duration: 0.009 ms  plan:
Query Text: INSERT INTO time_statistics (template, s_time, stream, query, seed) VALUES ('../query_postgresql/query77.tpl', TRANSACTION_TIMESTAMP(), 3, 85, 866944894);
Insert on time_statistics  (cost=0.00..0.01 rows=0 width=0) (actual time=0.008..0.008 rows=0 loops=1)
  ->  Result  (cost=0.00..0.01 rows=1 width=64) (actual time=0.001..0.001 rows=1 loops=1)
INSERT 0 1
with ss as
 (select s_store_sk,
         sum(ss_ext_sales_price) as sales,
         sum(ss_net_profit) as profit
 from store_sales,
      date_dim,
      store
 where ss_sold_date_sk = d_date_sk
       and d_date between cast('2001-08-05' as date) 
                  and (cast('2001-08-05' as date) + interval '30 days') 
       and ss_store_sk = s_store_sk
 group by s_store_sk)
 ,
 sr as
 (select s_store_sk,
         sum(sr_return_amt) as returns,
         sum(sr_net_loss) as profit_loss
 from store_returns,
      date_dim,
      store
 where sr_returned_date_sk = d_date_sk
       and d_date between cast('2001-08-05' as date)
                  and (cast('2001-08-05' as date) + interval '30 days')
       and sr_store_sk = s_store_sk
 group by s_store_sk), 
 cs as
 (select cs_call_center_sk,
        sum(cs_ext_sales_price) as sales,
        sum(cs_net_profit) as profit
 from catalog_sales,
      date_dim
 where cs_sold_date_sk = d_date_sk
       and d_date between cast('2001-08-05' as date)
                  and (cast('2001-08-05' as date) + interval '30 days')
 group by cs_call_center_sk 
 ), 
 cr as
 (select cr_call_center_sk,
         sum(cr_return_amount) as returns,
         sum(cr_net_loss) as profit_loss
 from catalog_returns,
      date_dim
 where cr_returned_date_sk = d_date_sk
       and d_date between cast('2001-08-05' as date)
                  and (cast('2001-08-05' as date) + interval '30 days')
 group by cr_call_center_sk
 ), 
 ws as
 ( select wp_web_page_sk,
        sum(ws_ext_sales_price) as sales,
        sum(ws_net_profit) as profit
 from web_sales,
      date_dim,
      web_page
 where ws_sold_date_sk = d_date_sk
       and d_date between cast('2001-08-05' as date)
                  and (cast('2001-08-05' as date) + interval '30 days')
       and ws_web_page_sk = wp_web_page_sk
 group by wp_web_page_sk), 
 wr as
 (select wp_web_page_sk,
        sum(wr_return_amt) as returns,
        sum(wr_net_loss) as profit_loss
 from web_returns,
      date_dim,
      web_page
 where wr_returned_date_sk = d_date_sk
       and d_date between cast('2001-08-05' as date)
                  and (cast('2001-08-05' as date) + interval '30 days')
       and wr_web_page_sk = wp_web_page_sk
 group by wp_web_page_sk)
  select  channel
        , id
        , sum(sales) as sales
        , sum(returns) as returns
        , sum(profit) as profit
 from 
 (select 'store channel' as channel
        , ss.s_store_sk as id
        , sales
        , coalesce(returns, 0) as returns
        , (profit - coalesce(profit_loss,0)) as profit
 from   ss left join sr
        on  ss.s_store_sk = sr.s_store_sk
 union all
 select 'catalog channel' as channel
        , cs_call_center_sk as id
        , sales
        , returns
        , (profit - profit_loss) as profit
 from  cs
       , cr
 union all
 select 'web channel' as channel
        , ws.wp_web_page_sk as id
        , sales
        , coalesce(returns, 0) as returns
        , (profit - coalesce(profit_loss,0)) as profit
 from   ws left join wr
        on  ws.wp_web_page_sk = wr.wp_web_page_sk
 ) x
 group by rollup (channel, id)
 order by channel
         ,id
 limit 100;
psql:/tmp/s1-basline/throughput/query_3.sql:4069: NOTICE:  duration: 226.072 ms  plan:
Query Text: with ss as
 (select s_store_sk,
         sum(ss_ext_sales_price) as sales,
         sum(ss_net_profit) as profit
 from store_sales,
      date_dim,
      store
 where ss_sold_date_sk = d_date_sk
       and d_date between cast('2001-08-05' as date) 
                  and (cast('2001-08-05' as date) + interval '30 days') 
       and ss_store_sk = s_store_sk
 group by s_store_sk)
 ,
 sr as
 (select s_store_sk,
         sum(sr_return_amt) as returns,
         sum(sr_net_loss) as profit_loss
 from store_returns,
      date_dim,
      store
 where sr_returned_date_sk = d_date_sk
       and d_date between cast('2001-08-05' as date)
                  and (cast('2001-08-05' as date) + interval '30 days')
       and sr_store_sk = s_store_sk
 group by s_store_sk), 
 cs as
 (select cs_call_center_sk,
        sum(cs_ext_sales_price) as sales,
        sum(cs_net_profit) as profit
 from catalog_sales,
      date_dim
 where cs_sold_date_sk = d_date_sk
       and d_date between cast('2001-08-05' as date)
                  and (cast('2001-08-05' as date) + interval '30 days')
 group by cs_call_center_sk 
 ), 
 cr as
 (select cr_call_center_sk,
         sum(cr_return_amount) as returns,
         sum(cr_net_loss) as profit_loss
 from catalog_returns,
      date_dim
 where cr_returned_date_sk = d_date_sk
       and d_date between cast('2001-08-05' as date)
                  and (cast('2001-08-05' as date) + interval '30 days')
 group by cr_call_center_sk
 ), 
 ws as
 ( select wp_web_page_sk,
        sum(ws_ext_sales_price) as sales,
        sum(ws_net_profit) as profit
 from web_sales,
      date_dim,
      web_page
 where ws_sold_date_sk = d_date_sk
       and d_date between cast('2001-08-05' as date)
                  and (cast('2001-08-05' as date) + interval '30 days')
       and ws_web_page_sk = wp_web_page_sk
 group by wp_web_page_sk), 
 wr as
 (select wp_web_page_sk,
        sum(wr_return_amt) as returns,
        sum(wr_net_loss) as profit_loss
 from web_returns,
      date_dim,
      web_page
 where wr_returned_date_sk = d_date_sk
       and d_date between cast('2001-08-05' as date)
                  and (cast('2001-08-05' as date) + interval '30 days')
       and wr_web_page_sk = wp_web_page_sk
 group by wp_web_page_sk)
  select  channel
        , id
        , sum(sales) as sales
        , sum(returns) as returns
        , sum(profit) as profit
 from 
 (select 'store channel' as channel
        , ss.s_store_sk as id
        , sales
        , coalesce(returns, 0) as returns
        , (profit - coalesce(profit_loss,0)) as profit
 from   ss left join sr
        on  ss.s_store_sk = sr.s_store_sk
 union all
 select 'catalog channel' as channel
        , cs_call_center_sk as id
        , sales
        , returns
        , (profit - profit_loss) as profit
 from  cs
       , cr
 union all
 select 'web channel' as channel
        , ws.wp_web_page_sk as id
        , sales
        , coalesce(returns, 0) as returns
        , (profit - coalesce(profit_loss,0)) as profit
 from   ws left join wr
        on  ws.wp_web_page_sk = wr.wp_web_page_sk
 ) x
 group by rollup (channel, id)
 order by channel
         ,id
 limit 100;
Limit  (cost=44238.32..44245.74 rows=100 width=64) (actual time=184.584..226.025 rows=44 loops=1)
  ->  GroupAggregate  (cost=44238.32..44254.41 rows=217 width=64) (actual time=184.584..226.019 rows=44 loops=1)
        Group Key: ('store channel'::text), store.s_store_sk
        Group Key: ('store channel'::text)
        Group Key: ()
        ->  Gather Merge  (cost=44238.32..44250.89 rows=108 width=64) (actual time=184.573..225.969 rows=56 loops=1)
              Workers Planned: 2
              Workers Launched: 2
              ->  Sort  (cost=43238.29..43238.41 rows=45 width=64) (actual time=78.004..78.013 rows=19 loops=3)
                    Sort Key: ('store channel'::text), store.s_store_sk
                    Sort Method: quicksort  Memory: 26kB
                    Worker 0:  Sort Method: quicksort  Memory: 27kB
                    Worker 1:  Sort Method: quicksort  Memory: 25kB
                    ->  Parallel Append  (cost=1.71..43237.06 rows=45 width=64) (actual time=51.743..77.973 rows=19 loops=3)
                          ->  Merge Left Join  (cost=1.71..43236.71 rows=12 width=64) (actual time=102.825..177.132 rows=6 loops=1)
                                Merge Cond: (store.s_store_sk = store_1.s_store_sk)
                                ->  GroupAggregate  (cost=0.86..39552.02 rows=12 width=24) (actual time=90.395..161.189 rows=6 loops=1)
                                      Group Key: store.s_store_sk
                                      ->  Nested Loop  (cost=0.86..39543.83 rows=1076 width=24) (actual time=0.604..156.572 rows=60304 loops=1)
                                            Join Filter: (store_sales.ss_store_sk = store.s_store_sk)
                                            Rows Removed by Join Filter: 680732
                                            ->  Index Only Scan using pk_store on store  (cost=0.14..3.62 rows=12 width=8) (actual time=0.076..0.083 rows=12 loops=1)
                                                  Heap Fetches: 12
                                            ->  Materialize  (cost=0.72..39339.81 rows=1129 width=24) (actual time=0.016..9.066 rows=61753 loops=12)
                                                  ->  Nested Loop  (cost=0.72..39334.17 rows=1129 width=24) (actual time=0.182..69.435 rows=61753 loops=1)
                                                        ->  Index Scan using i_d_date on date_dim  (cost=0.29..3.09 rows=30 width=8) (actual time=0.085..0.096 rows=31 loops=1)
                                                              Index Cond: ((d_date >= '2001-08-05'::date) AND (d_date <= '2001-09-04 00:00:00'::timestamp without time zone))
                                                        ->  Index Scan using i_ss_sold_date_sk on store_sales  (cost=0.43..1295.96 rows=1508 width=32) (actual time=0.015..1.822 rows=1992 loops=31)
                                                              Index Cond: (ss_sold_date_sk = date_dim.d_date_sk)
                                ->  GroupAggregate  (cost=0.85..3684.25 rows=12 width=24) (actual time=12.425..15.935 rows=6 loops=1)
                                      Group Key: store_1.s_store_sk
                                      ->  Nested Loop  (cost=0.85..3683.30 rows=110 width=24) (actual time=0.106..15.689 rows=2972 loops=1)
                                            Join Filter: (store_returns.sr_store_sk = store_1.s_store_sk)
                                            Rows Removed by Join Filter: 33388
                                            ->  Index Only Scan using pk_store on store store_1  (cost=0.14..3.62 rows=12 width=8) (actual time=0.005..0.009 rows=12 loops=1)
                                                  Heap Fetches: 12
                                            ->  Materialize  (cost=0.71..3659.45 rows=114 width=24) (actual time=0.004..1.105 rows=3030 loops=12)
                                                  ->  Nested Loop  (cost=0.71..3658.88 rows=114 width=24) (actual time=0.048..11.258 rows=3030 loops=1)
                                                        ->  Index Scan using i_d_date on date_dim date_dim_1  (cost=0.29..3.09 rows=30 width=8) (actual time=0.009..0.017 rows=31 loops=1)
                                                              Index Cond: ((d_date >= '2001-08-05'::date) AND (d_date <= '2001-09-04 00:00:00'::timestamp without time zone))
                                                        ->  Index Scan using i_sr_returned_date_sk on store_returns  (cost=0.42..120.46 rows=140 width=32) (actual time=0.008..0.344 rows=98 loops=31)
                                                              Index Cond: (sr_returned_date_sk = date_dim_1.d_date_sk)
                          ->  Merge Left Join  (cost=11990.83..12000.41 rows=60 width=64) (actual time=33.784..37.983 rows=30 loops=1)
                                Merge Cond: (web_page.wp_web_page_sk = web_page_1.wp_web_page_sk)
                                ->  GroupAggregate  (cost=11055.69..11063.22 rows=60 width=24) (actual time=28.949..32.979 rows=30 loops=1)
                                      Group Key: web_page.wp_web_page_sk
                                      ->  Merge Join  (cost=11055.69..11060.41 rows=295 width=24) (actual time=28.797..31.828 rows=15738 loops=1)
                                            Merge Cond: (web_sales.ws_web_page_sk = web_page.wp_web_page_sk)
                                            ->  Sort  (cost=11051.31..11052.05 rows=295 width=24) (actual time=28.728..29.826 rows=15739 loops=1)
                                                  Sort Key: web_sales.ws_web_page_sk
                                                  Worker 0:  Sort Method: quicksort  Memory: 1368kB
                                                  ->  Nested Loop  (cost=0.72..11039.21 rows=295 width=24) (actual time=0.198..25.674 rows=15741 loops=1)
                                                        ->  Index Scan using i_d_date on date_dim date_dim_2  (cost=0.29..3.09 rows=30 width=8) (actual time=0.089..0.102 rows=31 loops=1)
                                                              Index Cond: ((d_date >= '2001-08-05'::date) AND (d_date <= '2001-09-04 00:00:00'::timestamp without time zone))
                                                        ->  Index Scan using i_ws_sold_date_sk on web_sales  (cost=0.42..363.92 rows=395 width=32) (actual time=0.019..0.684 rows=508 loops=31)
                                                              Index Cond: (ws_sold_date_sk = date_dim_2.d_date_sk)
                                            ->  Sort  (cost=4.37..4.52 rows=60 width=8) (actual time=0.064..0.068 rows=59 loops=1)
                                                  Sort Key: web_page.wp_web_page_sk
                                                  Worker 0:  Sort Method: quicksort  Memory: 25kB
                                                  ->  Seq Scan on web_page  (cost=0.00..2.60 rows=60 width=8) (actual time=0.044..0.054 rows=60 loops=1)
                                ->  GroupAggregate  (cost=935.14..935.68 rows=27 width=24) (actual time=4.832..4.991 rows=40 loops=1)
                                      Group Key: web_page_1.wp_web_page_sk
                                      ->  Sort  (cost=935.14..935.21 rows=27 width=24) (actual time=4.824..4.871 rows=1057 loops=1)
                                            Sort Key: web_page_1.wp_web_page_sk
                                            Worker 0:  Sort Method: quicksort  Memory: 114kB
                                            ->  Nested Loop  (cost=0.72..934.50 rows=27 width=24) (actual time=0.086..4.599 rows=1057 loops=1)
                                                  ->  Nested Loop  (cost=0.58..930.09 rows=28 width=24) (actual time=0.050..3.583 rows=1080 loops=1)
                                                        ->  Index Scan using i_d_date on date_dim date_dim_3  (cost=0.29..3.09 rows=30 width=8) (actual time=0.009..0.014 rows=31 loops=1)
                                                              Index Cond: ((d_date >= '2001-08-05'::date) AND (d_date <= '2001-09-04 00:00:00'::timestamp without time zone))
                                                        ->  Index Scan using i_wr_returned_date_sk on web_returns  (cost=0.29..30.57 rows=33 width=32) (actual time=0.005..0.107 rows=35 loops=31)
                                                              Index Cond: (wr_returned_date_sk = date_dim_3.d_date_sk)
                                                  ->  Index Only Scan using pk_web_page on web_page web_page_1  (cost=0.14..0.16 rows=1 width=8) (actual time=0.001..0.001 rows=1 loops=1080)
                                                        Index Cond: (wp_web_page_sk = web_returns.wr_web_page_sk)
                                                        Heap Fetches: 1057
                          ->  Nested Loop  (cost=1878.98..1880.36 rows=36 width=64) (actual time=18.616..18.777 rows=20 loops=1)
                                ->  HashAggregate  (cost=1647.87..1647.93 rows=6 width=24) (actual time=17.189..17.191 rows=4 loops=1)
                                      Group Key: catalog_sales.cs_call_center_sk
                                      Batches: 1  Memory Usage: 24kB
                                      ->  Nested Loop  (cost=0.72..1643.46 rows=588 width=24) (actual time=0.030..13.095 rows=31636 loops=1)
                                            ->  Index Scan using i_d_date on date_dim date_dim_4  (cost=0.29..3.09 rows=30 width=8) (actual time=0.009..0.018 rows=31 loops=1)
                                                  Index Cond: ((d_date >= '2001-08-05'::date) AND (d_date <= '2001-09-04 00:00:00'::timestamp without time zone))
                                            ->  Index Scan using i_cs_sold_date_sk on catalog_sales  (cost=0.43..46.86 rows=782 width=32) (actual time=0.005..0.168 rows=1021 loops=31)
                                                  Index Cond: (cs_sold_date_sk = date_dim_4.d_date_sk)
                                ->  Materialize  (cost=231.11..231.85 rows=6 width=16) (actual time=0.356..0.395 rows=5 loops=4)
                                      ->  Subquery Scan on cr  (cost=231.11..231.82 rows=6 width=16) (actual time=1.423..1.576 rows=5 loops=1)
                                            ->  GroupAggregate  (cost=231.11..231.76 rows=6 width=24) (actual time=1.422..1.575 rows=5 loops=1)
                                                  Group Key: catalog_returns.cr_call_center_sk
                                                  ->  Sort  (cost=231.11..231.25 rows=59 width=24) (actual time=1.351..1.413 rows=1621 loops=1)
                                                        Sort Key: catalog_returns.cr_call_center_sk
                                                        Sort Method: quicksort  Memory: 149kB
                                                        ->  Nested Loop  (cost=0.59..229.37 rows=59 width=24) (actual time=0.011..1.138 rows=1621 loops=1)
                                                              ->  Index Scan using i_d_date on date_dim date_dim_5  (cost=0.29..3.09 rows=30 width=8) (actual time=0.005..0.009 rows=31 loops=1)
                                                                    Index Cond: ((d_date >= '2001-08-05'::date) AND (d_date <= '2001-09-04 00:00:00'::timestamp without time zone))
                                                              ->  Index Scan using i_cr_returned_date_sk on catalog_returns  (cost=0.29..6.82 rows=72 width=32) (actual time=0.002..0.027 rows=52 loops=31)
                                                                    Index Cond: (cr_returned_date_sk = date_dim_5.d_date_sk)
     channel     | id |       sales        |      returns       |       profit        
-----------------+----+--------------------+--------------------+---------------------
 catalog channel |  1 |  132027931.4500002 | 2112371.8500000006 | -13213754.070000019
 catalog channel |  3 | 134238644.29999974 |         2112371.85 | -16324702.170000024
 catalog channel |  5 | 134857230.89999974 | 2112371.8500000006 | -15084050.219999928
 catalog channel |    |           506401.4 |         2112371.85 | -1440147.3699999992
 catalog channel |    |  401630208.0499996 |  8449487.400000002 |  -46062653.82999996
 store channel   |  1 |  17896632.45999998 |  530097.5400000002 |  -8186240.170000013
 store channel   |  2 | 19713264.109999936 |  525001.4299999995 |  -8874609.679999964
 store channel   |  4 | 18282563.219999958 | 503731.51999999984 |  -8162497.620000004
 store channel   |  7 | 18200009.409999926 |  499584.2299999995 |  -8394292.420000011
 store channel   |  8 |        19348106.98 | 430541.57999999984 |   -8581840.53999998
 store channel   | 10 | 19044607.090000052 |           551044.4 |  -8815645.330000019
 store channel   |    | 112485183.26999985 |  3040000.699999999 |        -51015125.76
 web channel     |  1 | 1490996.9799999997 | 20685.190000000002 | -162139.10000000003
 web channel     |  3 | 1189690.3899999992 |           24229.74 | -209544.20999999996
 web channel     |  5 |  1375082.049999999 |           34706.61 | -173042.78000000017
 web channel     |  7 | 1228157.8699999994 | 54710.939999999995 | -226972.40999999997
 web channel     |  9 | 1369575.7900000005 |  6287.389999999999 |  -80478.08999999994
 web channel     | 11 | 1305364.1100000015 | 33729.509999999995 |  -150098.1600000001
 web channel     | 13 | 1223368.3899999997 |  66063.04999999999 | -248330.96999999977
 web channel     | 15 | 1416561.7700000005 | 21081.479999999996 | -123926.74999999993
 web channel     | 17 | 1190016.8099999996 | 33581.009999999995 | -232395.68000000005
 web channel     | 19 | 1279818.6700000009 |           66383.58 | -171197.50999999998
 web channel     | 21 | 1386138.1500000006 | 13236.199999999997 |  -79712.76000000002
 web channel     | 23 | 1293884.7799999998 |           63982.51 |  -205465.5399999999
 web channel     | 25 |  1306324.219999998 | 31458.279999999995 |  -122222.8099999999
 web channel     | 27 | 1303265.1199999996 | 13050.680000000002 |  -200626.9400000001
 web channel     | 29 | 1369406.9700000007 |           37539.36 |  -87117.93999999997
 web channel     | 31 | 1442117.1499999973 |           42239.96 |  -97518.37000000001
 web channel     | 33 | 1428436.2600000002 |           41992.52 | -166774.33000000002
 web channel     | 35 | 1424337.8099999998 | 30738.009999999995 |           -72056.76
 web channel     | 37 | 1272421.9899999993 |           41341.21 | -202975.07999999984
 web channel     | 39 | 1486888.9600000002 | 15776.399999999998 | -112381.09999999998
 web channel     | 41 |         1402874.84 |           65124.59 |  -144239.6100000002
 web channel     | 43 | 1327524.1300000006 | 35960.920000000006 | -175001.17999999996
 web channel     | 45 | 1287200.0999999999 |           42517.42 | -106302.18999999986
 web channel     | 47 | 1515806.7000000007 |  45079.84999999999 |  -163574.5700000001
 web channel     | 49 |  1363025.250000001 |  36562.00999999999 |  -264231.5500000001
 web channel     | 51 | 1254985.7399999998 |           34935.42 | -187933.30000000002
 web channel     | 53 | 1201538.2000000004 |  38235.56999999999 | -182006.82000000018
 web channel     | 55 | 1391561.0199999986 |           41187.77 | -185858.99000000002
 web channel     | 57 |  1274222.790000001 |           36456.72 |  -42721.29000000002
 web channel     | 59 | 1326119.7300000004 | 28528.019999999997 | -164683.19000000006
 web channel     |    | 40126712.739999995 | 1097401.9200000002 |  -4741529.980000001
                 |    |  554242104.0599996 |        12586890.02 | -101819309.56999993
(44 rows)

UPDATE time_statistics SET e_time = TRANSACTION_TIMESTAMP() WHERE template = '../query_postgresql/query77.tpl' AND stream = 3;
psql:/tmp/s1-basline/throughput/query_3.sql:4071: NOTICE:  duration: 0.062 ms  plan:
Query Text: UPDATE time_statistics SET e_time = TRANSACTION_TIMESTAMP() WHERE template = '../query_postgresql/query77.tpl' AND stream = 3;
Update on time_statistics  (cost=0.00..10.30 rows=0 width=0) (actual time=0.061..0.061 rows=0 loops=1)
  ->  Seq Scan on time_statistics  (cost=0.00..10.30 rows=1 width=14) (actual time=0.024..0.050 rows=1 loops=1)
        Filter: ((template = '../query_postgresql/query77.tpl'::text) AND (stream = 3))
        Rows Removed by Filter: 373
UPDATE 1
LOAD 'auto_explain'; SET auto_explain.log_min_duration TO 0; SET auto_explain.log_analyze TO on; SET auto_explain.log_level TO notice; INSERT INTO time_statistics (template, s_time, stream, query, seed) VALUES ('query45.tpl', TRANSACTION_TIMESTAMP(), 3, 86, 2053443037);
LOAD
SET
SET
SET
psql:/tmp/s1-basline/throughput/query_3.sql:4072: NOTICE:  duration: 0.008 ms  plan:
Query Text: INSERT INTO time_statistics (template, s_time, stream, query, seed) VALUES ('query45.tpl', TRANSACTION_TIMESTAMP(), 3, 86, 2053443037);
Insert on time_statistics  (cost=0.00..0.01 rows=0 width=0) (actual time=0.008..0.008 rows=0 loops=1)
  ->  Result  (cost=0.00..0.01 rows=1 width=64) (actual time=0.001..0.001 rows=1 loops=1)
INSERT 0 1
select  ca_zip, ca_county, sum(ws_sales_price)
 from web_sales, customer, customer_address, date_dim, item
 where ws_bill_customer_sk = c_customer_sk
 	and c_current_addr_sk = ca_address_sk 
 	and ws_item_sk = i_item_sk 
 	and ( substr(ca_zip,1,5) in ('85669', '86197','88274','83405','86475', '85392', '85460', '80348', '81792')
 	      or 
 	      i_item_id in (select i_item_id
                             from item
                             where i_item_sk in (2, 3, 5, 7, 11, 13, 17, 19, 23, 29)
                             )
 	    )
 	and ws_sold_date_sk = d_date_sk
 	and d_qoy = 2 and d_year = 1998
 group by ca_zip, ca_county
 order by ca_zip, ca_county
 limit 100;
psql:/tmp/s1-basline/throughput/query_3.sql:4089: NOTICE:  duration: 118.352 ms  plan:
Query Text: select  ca_zip, ca_county, sum(ws_sales_price)
 from web_sales, customer, customer_address, date_dim, item
 where ws_bill_customer_sk = c_customer_sk
 	and c_current_addr_sk = ca_address_sk 
 	and ws_item_sk = i_item_sk 
 	and ( substr(ca_zip,1,5) in ('85669', '86197','88274','83405','86475', '85392', '85460', '80348', '81792')
 	      or 
 	      i_item_id in (select i_item_id
                             from item
                             where i_item_sk in (2, 3, 5, 7, 11, 13, 17, 19, 23, 29)
                             )
 	    )
 	and ws_sold_date_sk = d_date_sk
 	and d_qoy = 2 and d_year = 1998
 group by ca_zip, ca_county
 order by ca_zip, ca_county
 limit 100;
Limit  (cost=27960.48..27962.48 rows=100 width=33) (actual time=118.325..118.338 rows=21 loops=1)
  ->  GroupAggregate  (cost=27960.48..27969.74 rows=463 width=33) (actual time=118.324..118.335 rows=21 loops=1)
        Group Key: customer_address.ca_zip, customer_address.ca_county
        ->  Sort  (cost=27960.48..27961.63 rows=463 width=33) (actual time=118.317..118.320 rows=21 loops=1)
              Sort Key: customer_address.ca_zip, customer_address.ca_county
              Sort Method: quicksort  Memory: 26kB
              ->  Nested Loop  (cost=16.50..27939.98 rows=463 width=33) (actual time=4.657..118.295 rows=21 loops=1)
                    Join Filter: ((substr((customer_address.ca_zip)::text, 1, 5) = ANY ('{85669,86197,88274,83405,86475,85392,85460,80348,81792}'::text[])) OR (hashed SubPlan 1))
                    Rows Removed by Join Filter: 21419
                    ->  Nested Loop  (cost=1.01..27632.84 rows=886 width=41) (actual time=4.477..77.019 rows=21440 loops=1)
                          ->  Nested Loop  (cost=0.72..27347.98 rows=886 width=24) (actual time=4.472..49.555 rows=21440 loops=1)
                                ->  Nested Loop  (cost=0.42..27068.70 rows=886 width=24) (actual time=4.467..20.602 rows=21444 loops=1)
                                      ->  Seq Scan on date_dim  (cost=0.00..2500.73 rows=90 width=8) (actual time=4.457..9.682 rows=91 loops=1)
                                            Filter: ((d_qoy = 2) AND (d_year = 1998))
                                            Rows Removed by Filter: 72958
                                      ->  Index Scan using i_ws_sold_date_sk on web_sales  (cost=0.42..269.03 rows=395 width=32) (actual time=0.003..0.078 rows=236 loops=91)
                                            Index Cond: (ws_sold_date_sk = date_dim.d_date_sk)
                                ->  Index Scan using pk_customer on customer  (cost=0.29..0.32 rows=1 width=16) (actual time=0.001..0.001 rows=1 loops=21444)
                                      Index Cond: (c_customer_sk = web_sales.ws_bill_customer_sk)
                          ->  Index Scan using pk_customer_address on customer_address  (cost=0.29..0.32 rows=1 width=33) (actual time=0.001..0.001 rows=1 loops=21440)
                                Index Cond: (ca_address_sk = customer.c_current_addr_sk)
                    ->  Index Scan using pk_item on item  (cost=0.29..0.31 rows=1 width=25) (actual time=0.001..0.001 rows=1 loops=21440)
                          Index Cond: (i_item_sk = web_sales.ws_item_sk)
                    SubPlan 1
                      ->  Index Scan using pk_item on item item_1  (cost=0.29..15.16 rows=10 width=17) (actual time=0.020..0.033 rows=10 loops=1)
                            Index Cond: (i_item_sk = ANY ('{2,3,5,7,11,13,17,19,23,29}'::bigint[]))
   ca_zip   |       ca_county       |  sum   
------------+-----------------------+--------
 20587      | Brunswick County      |  22.79
 26971      | Spartanburg County    |   5.27
 27940      | Washington County     |  22.87
 28054      | Nottoway County       |  99.14
 28721      | Martin County         |  29.71
 29431      | Prince William County |  37.76
 30534      | Union County          |  34.57
 38482      | Tattnall County       |  16.56
 40069      | Crawford County       |  62.88
 40069      | Trigg County          |  77.04
 43511      | Pulaski County        |  18.88
 49840      | Allen County          |   1.88
 51289      | Grundy County         | 165.15
 52477      | Nobles County         |  29.78
 56871      | Clarke County         | 102.47
 66098      |                       |    4.4
 68222      | Livingston County     |   38.2
 68605      | Sherman County        |   93.3
 68877      | Thomas County         |   84.3
 71545      | Loving County         |   63.6
 76668      | Madison County        | 105.11
(21 rows)

UPDATE time_statistics SET e_time = TRANSACTION_TIMESTAMP() WHERE template = 'query45.tpl' AND stream = 3;
psql:/tmp/s1-basline/throughput/query_3.sql:4091: NOTICE:  duration: 0.069 ms  plan:
Query Text: UPDATE time_statistics SET e_time = TRANSACTION_TIMESTAMP() WHERE template = 'query45.tpl' AND stream = 3;
Update on time_statistics  (cost=0.00..10.30 rows=0 width=0) (actual time=0.068..0.068 rows=0 loops=1)
  ->  Seq Scan on time_statistics  (cost=0.00..10.30 rows=1 width=14) (actual time=0.028..0.054 rows=1 loops=1)
        Filter: ((template = 'query45.tpl'::text) AND (stream = 3))
        Rows Removed by Filter: 374
UPDATE 1
LOAD 'auto_explain'; SET auto_explain.log_min_duration TO 0; SET auto_explain.log_analyze TO on; SET auto_explain.log_level TO notice; INSERT INTO time_statistics (template, s_time, stream, query, seed) VALUES ('../query_postgresql/query20.tpl', TRANSACTION_TIMESTAMP(), 3, 87, 1131171101);
LOAD
SET
SET
SET
psql:/tmp/s1-basline/throughput/query_3.sql:4092: NOTICE:  duration: 0.008 ms  plan:
Query Text: INSERT INTO time_statistics (template, s_time, stream, query, seed) VALUES ('../query_postgresql/query20.tpl', TRANSACTION_TIMESTAMP(), 3, 87, 1131171101);
Insert on time_statistics  (cost=0.00..0.01 rows=0 width=0) (actual time=0.008..0.008 rows=0 loops=1)
  ->  Result  (cost=0.00..0.01 rows=1 width=64) (actual time=0.001..0.002 rows=1 loops=1)
INSERT 0 1
select  i_item_id
       ,i_item_desc 
       ,i_category 
       ,i_class 
       ,i_current_price
       ,sum(cs_ext_sales_price) as itemrevenue 
       ,sum(cs_ext_sales_price)*100/sum(sum(cs_ext_sales_price)) over
           (partition by i_class) as revenueratio
 from	catalog_sales
     ,item 
     ,date_dim
 where cs_item_sk = i_item_sk 
   and i_category in ('Electronics', 'Sports', 'Shoes')
   and cs_sold_date_sk = d_date_sk
 and d_date between cast('1998-01-12' as date) 
 				and (cast('1998-01-12' as date) + INTERVAL '30 days')
 group by i_item_id
         ,i_item_desc 
         ,i_category
         ,i_class
         ,i_current_price
 order by i_category
         ,i_class
         ,i_item_id
         ,i_item_desc
         ,revenueratio
limit 100;
psql:/tmp/s1-basline/throughput/query_3.sql:4119: NOTICE:  duration: 46.723 ms  plan:
Query Text: select  i_item_id
       ,i_item_desc 
       ,i_category 
       ,i_class 
       ,i_current_price
       ,sum(cs_ext_sales_price) as itemrevenue 
       ,sum(cs_ext_sales_price)*100/sum(sum(cs_ext_sales_price)) over
           (partition by i_class) as revenueratio
 from	catalog_sales
     ,item 
     ,date_dim
 where cs_item_sk = i_item_sk 
   and i_category in ('Electronics', 'Sports', 'Shoes')
   and cs_sold_date_sk = d_date_sk
 and d_date between cast('1998-01-12' as date) 
 				and (cast('1998-01-12' as date) + INTERVAL '30 days')
 group by i_item_id
         ,i_item_desc 
         ,i_category
         ,i_class
         ,i_current_price
 order by i_category
         ,i_class
         ,i_item_id
         ,i_item_desc
         ,revenueratio
limit 100;
Limit  (cost=1916.03..1916.28 rows=100 width=245) (actual time=46.629..46.640 rows=100 loops=1)
  ->  Sort  (cost=1916.03..1916.48 rows=182 width=245) (actual time=46.628..46.633 rows=100 loops=1)
        Sort Key: item.i_category, item.i_class, item.i_item_id, item.i_item_desc, ((((sum(catalog_sales.cs_ext_sales_price)) * '100'::double precision) / sum((sum(catalog_sales.cs_ext_sales_price))) OVER (?)))
        Sort Method: top-N heapsort  Memory: 99kB
        ->  WindowAgg  (cost=1905.10..1909.20 rows=182 width=245) (actual time=43.952..45.102 rows=2111 loops=1)
              ->  Sort  (cost=1905.10..1905.56 rows=182 width=237) (actual time=43.932..44.023 rows=2111 loops=1)
                    Sort Key: item.i_class
                    Sort Method: quicksort  Memory: 678kB
                    ->  GroupAggregate  (cost=1893.26..1898.27 rows=182 width=237) (actual time=40.695..42.657 rows=2111 loops=1)
                          Group Key: item.i_item_id, item.i_item_desc, item.i_category, item.i_class, item.i_current_price
                          ->  Sort  (cost=1893.26..1893.72 rows=182 width=237) (actual time=40.688..40.871 rows=4064 loops=1)
                                Sort Key: item.i_item_id, item.i_item_desc, item.i_category, item.i_class, item.i_current_price
                                Sort Method: quicksort  Memory: 1214kB
                                ->  Nested Loop  (cost=1.01..1886.43 rows=182 width=237) (actual time=0.021..29.541 rows=4064 loops=1)
                                      ->  Nested Loop  (cost=0.72..1698.42 rows=607 width=16) (actual time=0.017..5.675 rows=14071 loops=1)
                                            ->  Index Scan using i_d_date on date_dim  (cost=0.29..3.11 rows=31 width=8) (actual time=0.008..0.018 rows=31 loops=1)
                                                  Index Cond: ((d_date >= '1998-01-12'::date) AND (d_date <= '1998-02-11 00:00:00'::timestamp without time zone))
                                            ->  Index Scan using i_cs_sold_date_sk on catalog_sales  (cost=0.43..46.87 rows=782 width=24) (actual time=0.003..0.110 rows=454 loops=31)
                                                  Index Cond: (cs_sold_date_sk = date_dim.d_date_sk)
                                      ->  Index Scan using pk_item on item  (cost=0.29..0.31 rows=1 width=237) (actual time=0.001..0.001 rows=0 loops=14071)
                                            Index Cond: (i_item_sk = catalog_sales.cs_item_sk)
                                            Filter: (i_category = ANY ('{Electronics,Sports,Shoes}'::bpchar[]))
                                            Rows Removed by Filter: 1
    i_item_id     |                                                                                               i_item_desc                                                                                               |                     i_category                     |                      i_class                       | i_current_price |    itemrevenue     |     revenueratio     
------------------+---------------------------------------------------------------------------------------------------------------------------------------------------------------------------------------------------------+----------------------------------------------------+----------------------------------------------------+-----------------+--------------------+----------------------
 AAAAAAAAAADEAAAA | Modern, recent artists ought to indicate chronic, annual arts; small, strong twins could get processes; unable victims must achieve. Computers ought to meet from a polls. Negative boar                | Electronics                                        | audio                                              |            7.98 |               2679 |   1.3672473972156842
 AAAAAAAAAFADAAAA | Tonnes come effective, social complaint                                                                                                                                                                 | Electronics                                        | audio                                              |            2.96 | 3625.8100000000004 |   1.8504588597605827
 AAAAAAAAAKLCAAAA | Strange, northern clothes look shops. Naval, strategic organizations mean privately agricultural, odd materials. Together                                                                               | Electronics                                        | audio                                              |            1.47 |              156.6 |  0.07992196431652712
 AAAAAAAACDNBAAAA | New grounds could refuse near military lawyers; democratic sets push too special earnin                                                                                                                 | Electronics                                        | audio                                              |            68.7 |            8370.45 |    4.271920857045176
 AAAAAAAACFADAAAA | Employers find steps; tall meetings know partly efficient, likely ce                                                                                                                                    | Electronics                                        | audio                                              |            0.17 |            5780.54 |     2.95014119802208
 AAAAAAAADJCCAAAA | Certain, capital matters expect then. Initial services charge more radical persons. Terms might support. Police stay prob                                                                               | Electronics                                        | audio                                              |           15.76 |           13177.14 |    6.725050529207421
 AAAAAAAADNFEAAAA | Finely likely eyes mark as well jo                                                                                                                                                                      | Electronics                                        | audio                                              |             0.6 |  5984.820000000001 |   3.0543970017933457
 AAAAAAAAEJJBAAAA | At least other members attend thoughtfully at a allegations. Independent hills close. Exceptional, small thoughts could secure just small members. Net, main movements must predict completely alone, f | Electronics                                        | audio                                              |            1.24 |             721.11 |   0.3680238038843606
 AAAAAAAAENIAAAAA | White lengths wish; new wounds go however sole children. Prepared periods sell brief parents. New duties see wrong books. Domestic, accessible villages support much; places                            | Electronics                                        | audio                                              |           74.58 |           27534.33 |   14.052348274198481
 AAAAAAAAEPNAAAAA | Most continued answers separate somewhere for the elements. Regularly effective years focus nearer. Engineers might visit heavy, random moves. Gen                                                      | Electronics                                        | audio                                              |            0.88 |            1176.48 |   0.6004252399687601
 AAAAAAAAFJEEAAAA | Bold, particular years ought to decide on the studies. Applications could make se                                                                                                                       | Electronics                                        | audio                                              |            8.96 |            5452.33 |   2.7826368052485972
 AAAAAAAAGGHDAAAA | Now full banks look pages. Men must say individually by a bases. Professional facilities must knock. Intense, natural tenants woul                                                                      | Electronics                                        | audio                                              |            2.31 |            6633.88 |    3.385649557088908
 AAAAAAAAGHPDAAAA | Foods match forward. Objectives revert as on a signs. Speeches could not stop slightly political studies. Medical attacks would extract. Top, natural forms shall tell. Fully american o                | Electronics                                        | audio                                              |            4.08 |            1722.36 |   0.8790191217127309
 AAAAAAAAGKDBAAAA | Here trying years reveal about holy, actual conclusions. Late, front buildings could avoid sure, general members. More previous                                                                         | Electronics                                        | audio                                              |            2.19 |              169.2 |  0.08635246719256953
 AAAAAAAAHJOBAAAA | Seats must stop more in the guns. High circumstances could form however available, new operations. Members shall alter as followin                                                                      | Electronics                                        | audio                                              |            1.71 |            4118.07 |   2.1016873792653947
 AAAAAAAAHKCAAAAA | Yards meet yet weeks. Actually obvious officers can run jobs. Green women would bear individuals. Only relevant things intervene men.                                                                   | Electronics                                        | audio                                              |            5.79 |               1218 |   0.6216152780174332
 AAAAAAAAHKODAAAA | Scottish, significant students think still crucial companies. Of course social shapes afford less than national bonds. Humans shall make so; here prime times                                           | Electronics                                        | audio                                              |            0.19 |            5092.18 |   2.5988315980417185
 AAAAAAAAHPAAAAAA | Classes last later elderly troops; also glorious discussions know recently on a machines.                                                                                                               | Electronics                                        | audio                                              |            8.97 |             5240.4 |   2.6744767675883057
 AAAAAAAAIDJAAAAA | Men cannot back alternative workshops. Cases should make much in a shares; however old cha                                                                                                              | Electronics                                        | audio                                              |            8.15 |             736.33 |  0.37579144307272294
 AAAAAAAAIEEDAAAA | Extraordinary, obvious affairs must clear of                                                                                                                                                            | Electronics                                        | audio                                              |            4.59 |            9951.89 |    5.079020418020454
 AAAAAAAAIHCCAAAA | Also white things would not miss also students. Residents adopt away from the rules. Small calculations might cut twice modern, great reactions. Children will handle. Parts should smell at            | Electronics                                        | audio                                              |            8.15 |            3101.24 |   1.5827406935950612
 AAAAAAAAIOMBAAAA | Commercial jews leave always large costs. So historic ac                                                                                                                                                | Electronics                                        | audio                                              |             3.3 |            5533.16 |   2.8238889915557803
 AAAAAAAAKDBAAAAA | Poor, alternative lines expel eventually new rewards; now new services pick for example soli                                                                                                            | Electronics                                        | audio                                              |            7.71 |             672.52 |   0.3432255392219082
 AAAAAAAAKDOBAAAA | Purposes might start very big players. So primary matters clear against the feet. Steps learn functions. Objections                                                                                     | Electronics                                        | audio                                              |            7.26 |            5200.51 |   2.6541186120545497
 AAAAAAAAKMJDAAAA | L                                                                                                                                                                                                       | Electronics                                        | audio                                              |           77.34 |            4041.52 |   2.0626195225065818
 AAAAAAAAKNMDAAAA | Etc good men used to hear. Practical players come european, considerable years. Here original                                                                                                           | Electronics                                        | audio                                              |            0.66 |            3755.64 |    1.916718557252375
 AAAAAAAAKOODAAAA | Powers used to come once recent sorts.                                                                                                                                                                  | Electronics                                        | audio                                              |            3.54 |           18670.55 |      9.5286528152614
 AAAAAAAALHAEAAAA | Full, joint vie                                                                                                                                                                                         | Electronics                                        | audio                                              |            9.24 |           11137.67 |    5.684191981540579
 AAAAAAAALHMBAAAA | Responsible, general years resume pretty high facts. Great, metropolitan months apply p                                                                                                                 | Electronics                                        | audio                                              |             4.8 |                  0 |                    0
 AAAAAAAAMBKDAAAA | Necessary, developing pa                                                                                                                                                                                | Electronics                                        | audio                                              |            2.11 |             745.92 |   0.3806857702617108
 AAAAAAAAMLFDAAAA | Towns might see for the most part to the woods. Old stand                                                                                                                                               | Electronics                                        | audio                                              |            4.03 |            8286.11 |     4.22887731636538
 AAAAAAAAMLIDAAAA | Efforts grasp financial, narrow pages. Examples assu                                                                                                                                                    | Electronics                                        | audio                                              |            4.68 |              18.72 | 0.009553889987263012
 AAAAAAAAMLMDAAAA | Just bad grounds must crawl easy mere unknown cards. Warm objects cease. Cases join yet exact, coastal women. Now minor minutes feel                                                                    | Electronics                                        | audio                                              |            3.57 |             1498.6 |   0.7648215563521554
 AAAAAAAAMPCAAAAA | Programmes shall not relax indeed familiar services; national, ordinary pupils could not feel tight han                                                                                                 | Electronics                                        | audio                                              |           34.18 |            1537.71 |   0.7847816331364427
 AAAAAAAANGBCAAAA | Then significant operations cover. About happy fingers could leave possible rebels; mental minutes argue in particular other, dependent i                                                               | Electronics                                        | audio                                              |            6.36 |             885.15 |  0.45174282704197943
 AAAAAAAAOADCAAAA | White situations impair. Aggressive women must dissuade around english, unlike looks. General, current courses                                                                                          | Electronics                                        | audio                                              |            0.84 |            3043.72 |   1.5533849376085564
 AAAAAAAAOFJBAAAA | Complex types would not pick almost quiet, technical sites. Program                                                                                                                                     | Electronics                                        | audio                                              |            4.15 |             561.26 |  0.28644317811171144
 AAAAAAAAOHOAAAAA | However new dates say even attempts; here social gaps may work administrative groups. Central, powerful systems know only prime muscles. Just strong problems c                                         | Electronics                                        | audio                                              |            5.47 |             1552.3 |   0.7922277471810029
 AAAAAAAAPEBCAAAA | Poor, obvious conflicts may not use a                                                                                                                                                                   | Electronics                                        | audio                                              |            2.25 |             314.58 |   0.1605482218051922
 AAAAAAAAPFDCAAAA | Front, cheap ears raise under. Fears                                                                                                                                                                    | Electronics                                        | audio                                              |            1.96 |            9108.73 |    4.648707496991571
 AAAAAAAAPPNDAAAA | Unfair, commercial tools may lead in general with the functions. Federal parents could not say consequent                                                                                               | Electronics                                        | audio                                              |            7.01 |             6734.6 |    3.437052751507558
 AAAAAAAAACJAAAAA | Central reports give then simple, special negotiations. Pictures help so interviews. Enough leading goods die at a estimate                                                                             | Electronics                                        | automotive                                         |             1.9 |           12041.37 |    6.962173449638511
 AAAAAAAAAIBEAAAA | Enough blue cities shall show also. Lovely years should not acquire theoretically. Regular rules may undermine secretly most free claims. Sessions might place voluntar                                 | Electronics                                        | automotive                                         |            1.32 |             691.04 |   0.3995509099577703
 AAAAAAAACDDAAAAA | Tears detach however; emissions freeze very cheap, black eyes. Policemen may hope part-time standards. Adverse needs cannot accept; political, international                                            | Electronics                                        | automotive                                         |            7.17 |              48.79 | 0.028209783654838526
 AAAAAAAACEHDAAAA | Doors ask as current papers. Video-taped patients would not introduce of course in a individuals. Priva                                                                                                 | Electronics                                        | automotive                                         |            2.84 |            1523.15 |   0.8806667754430683
 AAAAAAAACJEEAAAA | More low activities understand classes; good, historical rooms will talk horizontal, double strategies. New, complex acres get suddenly for the miles; hours cause forms. Q                             | Electronics                                        | automotive                                         |            3.81 | 11986.220000000001 |    6.930286391459287
 AAAAAAAACNCCAAAA | Nations improve also only secure years. Stars might go strong forms. Large, other restrictio                                                                                                            | Electronics                                        | automotive                                         |            4.47 |             148.48 |  0.08584932726112776
 AAAAAAAACOBCAAAA | Just corresponding conditions put mature, free churches; quickly little windows should not bear better men. Identical year                                                                              | Electronics                                        | automotive                                         |           59.61 |  8528.380000000001 |    4.931005425830126
 AAAAAAAADPHDAAAA | Cent                                                                                                                                                                                                    | Electronics                                        | automotive                                         |            5.41 |            1214.97 |    0.702480853599491
 AAAAAAAAEJKAAAAA | Slight, certain tests notice just facts. Specific systems could not fly on a objections                                                                                                                 | Electronics                                        | automotive                                         |            6.04 |            1065.47 |   0.6160417747636976
 AAAAAAAAEKJAAAAA | More different patien                                                                                                                                                                                   | Electronics                                        | automotive                                         |            4.09 |  5656.700000000001 |    3.270635031775469
 AAAAAAAAEKJCAAAA | Of course british years used to hit sure. Close, bad things may look there high, pregnant months. So ideal sides shall draw only differen                                                               | Electronics                                        | automotive                                         |            2.94 |            1995.87 |   1.1539877209096652
 AAAAAAAAENDDAAAA | Traditional families prevent; white children add about cool, internal causes.                                                                                                                           | Electronics                                        | automotive                                         |           16.61 |              811.9 |  0.46943068967746254
 AAAAAAAAFELCAAAA | Activities can discuss at least solid figures. Contemporary travellers can stop surprisin                                                                                                               | Electronics                                        | automotive                                         |            4.07 |           10905.47 |    6.305409906831971
 AAAAAAAAFKEDAAAA | Colourful, dominant services ought to forget asian, late weeks. Both average animals can match for a feet. Healthy, common problems must exercise as well with a times. Usual,                          | Electronics                                        | automotive                                         |            3.35 |             809.34 |  0.46795052886261557
 AAAAAAAAGJABAAAA | Shared, crude privileges get only. Most important birds back early local, peculiar parents. National, impossible parents make ye                                                                        | Electronics                                        | automotive                                         |            8.39 |            2855.24 |   1.6508649863218108
 AAAAAAAAGLEEAAAA | Firm experts would regret often only comments. Rural, autonomous weeks investigate as well. Priorities should promote without new, healthy                                                              | Electronics                                        | automotive                                         |            1.94 |            9228.09 |    5.335569224172553
 AAAAAAAAHJDDAAAA | Live different others used to affect admittedly though european plans. Good, philosophical shares know things. Regional, soft things                                                                    | Electronics                                        | automotive                                         |           54.93 |            4027.16 |   2.3284548543435033
 AAAAAAAAHMFEAAAA | Creative, organic lives decide male, subject papers; in part experienced dogs know at the aims. Slim, differe                                                                                           | Electronics                                        | automotive                                         |            9.08 |  5197.900000000001 |   3.0053624607396023
 AAAAAAAAIIPBAAAA | Bad, opposite prices include mutually indeed sure relatives. Yards become especially; illegal governments will tell really through a dogs. Equal, dirty dealers must tour shortl                        | Electronics                                        | automotive                                         |            4.95 |              18839 |   10.892480308946567
 AAAAAAAAIJGAAAAA | Complete, national kinds eliminate smoothly other definitions. So extra systems will not play sometimes towards a hors                                                                                  | Electronics                                        | automotive                                         |            7.67 | 12225.160000000002 |      7.0684385887638
 AAAAAAAAJLFDAAAA | Hours could not become usually provincial propert                                                                                                                                                       | Electronics                                        | automotive                                         |            1.82 |           10883.81 |    6.292886358687602
 AAAAAAAAJNGDAAAA | Since central customers ought to sell individual, informal shows                                                                                                                                        | Electronics                                        | automotive                                         |            6.61 |            1336.33 |    0.772649727228333
 AAAAAAAAKBDDAAAA | Darling copies see for the businesses. Likely years should go now unique da                                                                                                                             | Electronics                                        | automotive                                         |            0.35 |            2595.76 |   1.5008368112294252
 AAAAAAAAKKGDAAAA | Formally local standards keep backwards basic patients. Then considerable topics shall not back thereafter rats. Other others used to afford from the others. Miles change aside. Presidential,         | Electronics                                        | automotive                                         |            8.09 |            6701.65 |   3.8748123925076574
 AAAAAAAAKOPCAAAA | Facts take of course fine men. Serious, social mines introduce to the parts. Addresses must not achieve however bed                                                                                     | Electronics                                        | automotive                                         |             4.9 |            3581.84 |   2.0709762550983157
 AAAAAAAAKPJBAAAA | Funny, minor cities address. Public,                                                                                                                                                                    | Electronics                                        | automotive                                         |            0.44 | 1621.1100000000001 |   0.9373060541236992
 AAAAAAAALFJAAAAA | Essential executives must make for a telecommunicat                                                                                                                                                     | Electronics                                        | automotive                                         |            4.89 |             8421.6 |    4.869266530592091
 AAAAAAAALGMCAAAA | Ordinary, able costs would serve already bad, appropriate y                                                                                                                                             | Electronics                                        | automotive                                         |            4.86 |             609.75 |   0.3525500222081941
 AAAAAAAALKEDAAAA | All right significant boys will construct very special tasks. Novel charges used to win just in a lives. Long groups must enable. New feet improve no longer ot                                         | Electronics                                        | automotive                                         |               3 |            2151.69 |   1.2440809467571123
 AAAAAAAAMAIDAAAA | Changes exist simply schools; frequently public flames can develop for a hands; no longer long communities meet consiste                                                                                | Electronics                                        | automotive                                         |            3.51 |            2388.21 |   1.3808339295413388
 AAAAAAAAMDLAAAAA | Away blue fields should sit strong forms. Members ought to move indeed basic students. Marks can remember now also fresh sets. Pr                                                                       | Electronics                                        | automotive                                         |            4.99 | 12221.029999999999 |    7.066050673074222
 AAAAAAAAMJPBAAAA | Perhaps modern years might make much suggestions. Answers take quite times. Old, special clothes ought to read soon courts. Closer social women might provide                                           | Electronics                                        | automotive                                         |            5.82 |             429.27 |  0.24819868476147847
 AAAAAAAAMNEAAAAA | Grateful eyes might press so ol                                                                                                                                                                         | Electronics                                        | automotive                                         |            1.21 |            1884.04 |   1.0893289771892185
 AAAAAAAANJGAAAAA | For long imaginative clothes would not call path                                                                                                                                                        | Electronics                                        | automotive                                         |            4.31 |            6041.64 |    3.493202650551724
 AAAAAAAAPJGBAAAA | Possible, political islands rely immediately days; soviet, different comments know ope                                                                                                                  | Electronics                                        | automotive                                         |            9.03 |             476.75 |  0.27565104237434446
 AAAAAAAAPNMAAAAA | Programmes think for the sciences. Very personal operations would not change annual fingers. Daily, material                                                                                            | Electronics                                        | automotive                                         |            0.11 |               1810 |   1.0465199511223147
 AAAAAAAAAAEAAAAA | Nevertheless female bombs leave very. Big minds go then in the genes. Streets will not make of course other, shallow                                                                                    | Electronics                                        | camcorders                                         |            4.23 | 6031.4400000000005 |    4.988753171506381
 AAAAAAAABANCAAAA | Twice whole chiefs may not find things; connections hear neighbouring, pink keys. Genuine, working forces might d                                                                                       | Electronics                                        | camcorders                                         |            3.89 |            2155.86 |   1.7831651168417069
 AAAAAAAABBMCAAAA | Common, small months should not study. The                                                                                                                                                              | Electronics                                        | camcorders                                         |            4.78 |             5230.4 |    4.326193179115927
 AAAAAAAABCDBAAAA | Leads lose medical, other visitors; theories can develop as so rapid fears. Chinese artists ask silver, national products. Either ultimate househo                                                      | Electronics                                        | camcorders                                         |            1.62 |            2064.23 |   1.7073756779838007
 AAAAAAAABGDAAAAA | Often main times love of course. More fundamental sales spend games. Short lives cultivate. Able, similar terms will go real                                                                            | Electronics                                        | camcorders                                         |            9.74 |             338.84 |   0.2802629429511397
 AAAAAAAABMECAAAA | Banks must believe healthy sentences. A                                                                                                                                                                 | Electronics                                        | camcorders                                         |            1.33 |             8079.5 |    6.682754242632903
 AAAAAAAACKCCAAAA | Dead coins save also then tragic women. Exclusively likely fragm                                                                                                                                        | Electronics                                        | camcorders                                         |            9.09 | 490.54999999999995 |   0.4057460354877864
 AAAAAAAADDMBAAAA | Songs may not remain less just free letters. Regardless other othe                                                                                                                                      | Electronics                                        | camcorders                                         |            0.17 |              61.06 | 0.050504235912515016
 AAAAAAAAEBIBAAAA | Poor, growing years might not ensure in order top talks. Other, economic associations might resist true social rights. Streets buy there enough                                                         | Electronics                                        | camcorders                                         |            2.86 |            1146.88 |   0.9486128084399809
 AAAAAAAAEDGDAAAA | Desperate standards shall not see most at an germans. Working, widespread days could head real sites. Arrangements might move                                                                           | Electronics                                        | camcorders                                         |            2.73 |           29698.41 |    24.56428930341623
 AAAAAAAAEPKCAAAA | Officers would reappear automatically findings; warm, other products s                                                                                                                                  | Electronics                                        | camcorders                                         |            2.96 | 3655.0499999999997 |    3.023182238323584
 AAAAAAAAFDBBAAAA | Short, true times breach a little sole, good accounts. Top directors shall go simply diverse, natural years.                                                                                            | Electronics                                        | camcorders                                         |            2.46 | 4056.6900000000005 |   3.3553886142145526
 AAAAAAAAGDNBAAAA | Modern schools provide as for a managers. Players shall contain somewhat to the games. More cautious programmes might not suffer inside a minutes. Coloured years anticipa                              | Electronics                                        | camcorders                                         |            0.95 |              443.7 |   0.3669952419650002
 AAAAAAAAGEJAAAAA | Spare buildings break then famous, wonderful games. Levels stay very central, present procedures. Likely, sudden lectures can                                                                           | Electronics                                        | camcorders                                         |            0.48 | 1752.8600000000001 |   1.4498338513201945
 AAAAAAAAGKADAAAA | Forthcoming clothes teach exactly                                                                                                                                                                       | Electronics                                        | camcorders                                         |            1.39 |             316.96 |   0.2621654538950337
 AAAAAAAAHBEEAAAA | Effects should like more. Criminal years may look now important, used schools. True, video-taped directors would kill royal customers. Otherwise current children may give b                            | Electronics                                        | camcorders                                         |            2.28 |            6666.66 |    5.514159341443292
 AAAAAAAAHLFCAAAA | Only little days can like at the pressures. Important men would re                                                                                                                                      | Electronics                                        | camcorders                                         |            9.73 |              66.66 |  0.05513613439122586
 AAAAAAAAIAEBAAAA | Electoral, availabl                                                                                                                                                                                     | Electronics                                        | camcorders                                         |           11.56 |            5962.32 |    4.931582310283435
 AAAAAAAAJJPBAAAA | Great, hot processes choose long for a cases. Tory friends might not un                                                                                                                                 | Electronics                                        | camcorders                                         |            4.07 |           11040.72 |    9.132052530691498
 AAAAAAAAJOOAAAAA | Armed, initial teachers used to choose c                                                                                                                                                                | Electronics                                        | camcorders                                         |            6.26 |             2937.4 |    2.429596177029506
 AAAAAAAAKEIDAAAA | Main, regional groups used to lose nearby rules; models bring however girls. Ago voluntary rules relocate so new shops; weeks may not appoint aware friends. Forces develop solely. Rules provi         | Electronics                                        | camcorders                                         |            4.45 |             5416.2 |    4.479872953641727
 AAAAAAAAKFGCAAAA | Special humans address legal, true things. Precise ministers come quickly old factors. Simple children used to gain regional years. Thus able purposes supply maybe rare keys. Local, base chairs mo    | Electronics                                        | camcorders                                         |            6.71 |           12081.57 |    9.992965304185457
 AAAAAAAAKMBAAAAA | All good matters ought to understand ever easy babies. Authorities go to a careers; australian examples breathe just with a pounds. Highly different v                                                  | Electronics                                        | camcorders                                         |            2.39 |             1436.4 |   1.1880819597893313
(100 rows)

UPDATE time_statistics SET e_time = TRANSACTION_TIMESTAMP() WHERE template = '../query_postgresql/query20.tpl' AND stream = 3;
psql:/tmp/s1-basline/throughput/query_3.sql:4121: NOTICE:  duration: 0.059 ms  plan:
Query Text: UPDATE time_statistics SET e_time = TRANSACTION_TIMESTAMP() WHERE template = '../query_postgresql/query20.tpl' AND stream = 3;
Update on time_statistics  (cost=0.00..10.30 rows=0 width=0) (actual time=0.059..0.059 rows=0 loops=1)
  ->  Seq Scan on time_statistics  (cost=0.00..10.30 rows=1 width=14) (actual time=0.024..0.048 rows=1 loops=1)
        Filter: ((template = '../query_postgresql/query20.tpl'::text) AND (stream = 3))
        Rows Removed by Filter: 375
UPDATE 1
LOAD 'auto_explain'; SET auto_explain.log_min_duration TO 0; SET auto_explain.log_analyze TO on; SET auto_explain.log_level TO notice; INSERT INTO time_statistics (template, s_time, stream, query, seed) VALUES ('query50.tpl', TRANSACTION_TIMESTAMP(), 3, 88, 1367968781);
LOAD
SET
SET
SET
psql:/tmp/s1-basline/throughput/query_3.sql:4122: NOTICE:  duration: 0.010 ms  plan:
Query Text: INSERT INTO time_statistics (template, s_time, stream, query, seed) VALUES ('query50.tpl', TRANSACTION_TIMESTAMP(), 3, 88, 1367968781);
Insert on time_statistics  (cost=0.00..0.01 rows=0 width=0) (actual time=0.009..0.009 rows=0 loops=1)
  ->  Result  (cost=0.00..0.01 rows=1 width=64) (actual time=0.002..0.002 rows=1 loops=1)
INSERT 0 1
select  
   s_store_name
  ,s_company_id
  ,s_street_number
  ,s_street_name
  ,s_street_type
  ,s_suite_number
  ,s_city
  ,s_county
  ,s_state
  ,s_zip
  ,sum(case when (sr_returned_date_sk - ss_sold_date_sk <= 30 ) then 1 else 0 end)  as "30 days" 
  ,sum(case when (sr_returned_date_sk - ss_sold_date_sk > 30) and 
                 (sr_returned_date_sk - ss_sold_date_sk <= 60) then 1 else 0 end )  as "31-60 days" 
  ,sum(case when (sr_returned_date_sk - ss_sold_date_sk > 60) and 
                 (sr_returned_date_sk - ss_sold_date_sk <= 90) then 1 else 0 end)  as "61-90 days" 
  ,sum(case when (sr_returned_date_sk - ss_sold_date_sk > 90) and
                 (sr_returned_date_sk - ss_sold_date_sk <= 120) then 1 else 0 end)  as "91-120 days" 
  ,sum(case when (sr_returned_date_sk - ss_sold_date_sk  > 120) then 1 else 0 end)  as ">120 days" 
from
   store_sales
  ,store_returns
  ,store
  ,date_dim d1
  ,date_dim d2
where
    d2.d_year = 1999
and d2.d_moy  = 8
and ss_ticket_number = sr_ticket_number
and ss_item_sk = sr_item_sk
and ss_sold_date_sk   = d1.d_date_sk
and sr_returned_date_sk   = d2.d_date_sk
and ss_customer_sk = sr_customer_sk
and ss_store_sk = s_store_sk
group by
   s_store_name
  ,s_company_id
  ,s_street_number
  ,s_street_name
  ,s_street_type
  ,s_suite_number
  ,s_city
  ,s_county
  ,s_state
  ,s_zip
order by s_store_name
        ,s_company_id
        ,s_street_number
        ,s_street_name
        ,s_street_type
        ,s_suite_number
        ,s_city
        ,s_county
        ,s_state
        ,s_zip
limit 100;
psql:/tmp/s1-basline/throughput/query_3.sql:4178: NOTICE:  duration: 33.971 ms  plan:
Query Text: select  
   s_store_name
  ,s_company_id
  ,s_street_number
  ,s_street_name
  ,s_street_type
  ,s_suite_number
  ,s_city
  ,s_county
  ,s_state
  ,s_zip
  ,sum(case when (sr_returned_date_sk - ss_sold_date_sk <= 30 ) then 1 else 0 end)  as "30 days" 
  ,sum(case when (sr_returned_date_sk - ss_sold_date_sk > 30) and 
                 (sr_returned_date_sk - ss_sold_date_sk <= 60) then 1 else 0 end )  as "31-60 days" 
  ,sum(case when (sr_returned_date_sk - ss_sold_date_sk > 60) and 
                 (sr_returned_date_sk - ss_sold_date_sk <= 90) then 1 else 0 end)  as "61-90 days" 
  ,sum(case when (sr_returned_date_sk - ss_sold_date_sk > 90) and
                 (sr_returned_date_sk - ss_sold_date_sk <= 120) then 1 else 0 end)  as "91-120 days" 
  ,sum(case when (sr_returned_date_sk - ss_sold_date_sk  > 120) then 1 else 0 end)  as ">120 days" 
from
   store_sales
  ,store_returns
  ,store
  ,date_dim d1
  ,date_dim d2
where
    d2.d_year = 1999
and d2.d_moy  = 8
and ss_ticket_number = sr_ticket_number
and ss_item_sk = sr_item_sk
and ss_sold_date_sk   = d1.d_date_sk
and sr_returned_date_sk   = d2.d_date_sk
and ss_customer_sk = sr_customer_sk
and ss_store_sk = s_store_sk
group by
   s_store_name
  ,s_company_id
  ,s_street_number
  ,s_street_name
  ,s_street_type
  ,s_suite_number
  ,s_city
  ,s_county
  ,s_state
  ,s_zip
order by s_store_name
        ,s_company_id
        ,s_street_number
        ,s_street_name
        ,s_street_type
        ,s_suite_number
        ,s_city
        ,s_county
        ,s_state
        ,s_zip
limit 100;
Limit  (cost=6342.54..6342.63 rows=1 width=126) (actual time=32.821..33.955 rows=6 loops=1)
  ->  GroupAggregate  (cost=6342.54..6342.63 rows=1 width=126) (actual time=32.820..33.953 rows=6 loops=1)
        Group Key: store.s_store_name, store.s_company_id, store.s_street_number, store.s_street_name, store.s_street_type, store.s_suite_number, store.s_city, store.s_county, store.s_state, store.s_zip
        ->  Sort  (cost=6342.54..6342.54 rows=1 width=102) (actual time=32.550..32.634 rows=2054 loops=1)
              Sort Key: store.s_store_name, store.s_company_id, store.s_street_number, store.s_street_name, store.s_street_type, store.s_suite_number, store.s_city, store.s_county, store.s_state, store.s_zip
              Sort Method: quicksort  Memory: 396kB
              ->  Nested Loop  (cost=1.15..6342.53 rows=1 width=102) (actual time=4.176..30.097 rows=2054 loops=1)
                    ->  Nested Loop  (cost=0.85..6342.22 rows=1 width=102) (actual time=4.170..27.775 rows=2083 loops=1)
                          Join Filter: (store_sales.ss_store_sk = store.s_store_sk)
                          Rows Removed by Join Filter: 9756
                          ->  Nested Loop  (cost=0.85..6340.95 rows=1 width=24) (actual time=4.165..24.088 rows=2126 loops=1)
                                ->  Nested Loop  (cost=0.42..6248.79 rows=118 width=32) (actual time=4.157..12.074 rows=2924 loops=1)
                                      ->  Seq Scan on date_dim d2  (cost=0.00..2500.73 rows=31 width=8) (actual time=4.149..8.831 rows=31 loops=1)
                                            Filter: ((d_year = 1999) AND (d_moy = 8))
                                            Rows Removed by Filter: 73018
                                      ->  Index Scan using i_sr_returned_date_sk on store_returns  (cost=0.42..119.51 rows=140 width=32) (actual time=0.003..0.091 rows=94 loops=31)
                                            Index Cond: (sr_returned_date_sk = d2.d_date_sk)
                                ->  Index Scan using pk_store_sales on store_sales  (cost=0.43..0.77 rows=1 width=40) (actual time=0.004..0.004 rows=1 loops=2924)
                                      Index Cond: ((ss_item_sk = store_returns.sr_item_sk) AND (ss_ticket_number = store_returns.sr_ticket_number))
                                      Filter: (store_returns.sr_customer_sk = ss_customer_sk)
                                      Rows Removed by Filter: 0
                          ->  Seq Scan on store  (cost=0.00..1.12 rows=12 width=94) (actual time=0.000..0.001 rows=6 loops=2126)
                    ->  Index Only Scan using pk_date_dim on date_dim d1  (cost=0.29..0.31 rows=1 width=8) (actual time=0.001..0.001 rows=1 loops=2083)
                          Index Cond: (d_date_sk = store_sales.ss_sold_date_sk)
                          Heap Fetches: 0
 s_store_name | s_company_id | s_street_number | s_street_name |  s_street_type  | s_suite_number |  s_city  |     s_county      | s_state |   s_zip    | 30 days | 31-60 days | 61-90 days | 91-120 days | >120 days 
--------------+--------------+-----------------+---------------+-----------------+----------------+----------+-------------------+---------+------------+---------+------------+------------+-------------+-----------
 able         |            1 | 495             | Smith         | Dr.             | Suite M        | Fairview | Williamson County | TN      | 35709      |      61 |         51 |         60 |          58 |        99
 ation        |            1 | 424             | Lincoln       | Ln              | Suite 480      | Midway   | Williamson County | TN      | 31904      |      55 |         52 |         49 |          64 |       127
 bar          |            1 | 593             | Ridge         | Dr.             | Suite 190      | Midway   | Williamson County | TN      | 31904      |      65 |         68 |         53 |          60 |       107
 eing         |            1 | 333             | Highland 10th | Way             | Suite S        | Fairview | Williamson County | TN      | 35709      |      76 |         52 |         61 |          70 |       105
 ese          |            1 | 245             | College       | Wy              | Suite 140      | Midway   | Williamson County | TN      | 31904      |      62 |         62 |         46 |          49 |       111
 ought        |            1 | 849             | Elm           | Parkway         | Suite Y        | Midway   | Williamson County | TN      | 31904      |      77 |         42 |         53 |          49 |       110
(6 rows)

UPDATE time_statistics SET e_time = TRANSACTION_TIMESTAMP() WHERE template = 'query50.tpl' AND stream = 3;
psql:/tmp/s1-basline/throughput/query_3.sql:4180: NOTICE:  duration: 0.068 ms  plan:
Query Text: UPDATE time_statistics SET e_time = TRANSACTION_TIMESTAMP() WHERE template = 'query50.tpl' AND stream = 3;
Update on time_statistics  (cost=0.00..10.30 rows=0 width=0) (actual time=0.067..0.068 rows=0 loops=1)
  ->  Seq Scan on time_statistics  (cost=0.00..10.30 rows=1 width=14) (actual time=0.027..0.053 rows=1 loops=1)
        Filter: ((template = 'query50.tpl'::text) AND (stream = 3))
        Rows Removed by Filter: 376
UPDATE 1
LOAD 'auto_explain'; SET auto_explain.log_min_duration TO 0; SET auto_explain.log_analyze TO on; SET auto_explain.log_level TO notice; INSERT INTO time_statistics (template, s_time, stream, query, seed) VALUES ('../query_postgresql/query70.tpl', TRANSACTION_TIMESTAMP(), 3, 89, 491377485);
LOAD
SET
SET
SET
psql:/tmp/s1-basline/throughput/query_3.sql:4181: NOTICE:  duration: 0.009 ms  plan:
Query Text: INSERT INTO time_statistics (template, s_time, stream, query, seed) VALUES ('../query_postgresql/query70.tpl', TRANSACTION_TIMESTAMP(), 3, 89, 491377485);
Insert on time_statistics  (cost=0.00..0.01 rows=0 width=0) (actual time=0.008..0.008 rows=0 loops=1)
  ->  Result  (cost=0.00..0.01 rows=1 width=64) (actual time=0.001..0.002 rows=1 loops=1)
INSERT 0 1
with results as
( select
    sum(ss_net_profit) as total_sum ,s_state ,s_county, 0 as gstate, 0 as g_county
 from
    store_sales
  ,date_dim      d1
  ,store
 where
    d1.d_month_seq between 1222 and 1222 + 11
 and d1.d_date_sk = ss_sold_date_sk
 and s_store_sk  = ss_store_sk
 and s_state in
            ( select s_state
              from  (select s_state as s_state,
                 rank() over ( partition by s_state order by sum(ss_net_profit) desc) as ranking
                      from  store_sales, store, date_dim
                      where d_month_seq between 1222 and 1222 + 11
                 and d_date_sk = ss_sold_date_sk
                 and s_store_sk  = ss_store_sk
                      group by s_state
                    ) tmp1 
              where ranking <= 5)
  group by s_state,s_county) ,  
 results_rollup as 
(select total_sum ,s_state ,s_county, 0 as g_state, 0 as g_county, 0 as lochierarchy from results
 union
 select sum(total_sum) as total_sum,s_state, NULL as s_county, 0 as g_state, 1 as g_county, 1 as lochierarchy from results group by s_state
 union
 select sum(total_sum) as total_sum ,NULL as s_state ,NULL as s_county, 1 as g_state, 1 as g_county, 2 as lochierarchy from results)
  select  total_sum ,s_state ,s_county, lochierarchy 
  ,rank() over (
     partition by lochierarchy, 
     case when g_county = 0 then s_state end 
     order by total_sum desc) as rank_within_parent
 from results_rollup
 order by
  lochierarchy desc
  ,case when lochierarchy = 0 then s_state end
  ,rank_within_parent
 limit 100;
psql:/tmp/s1-basline/throughput/query_3.sql:4221: NOTICE:  duration: 1028.176 ms  plan:
Query Text: with results as
( select
    sum(ss_net_profit) as total_sum ,s_state ,s_county, 0 as gstate, 0 as g_county
 from
    store_sales
  ,date_dim      d1
  ,store
 where
    d1.d_month_seq between 1222 and 1222 + 11
 and d1.d_date_sk = ss_sold_date_sk
 and s_store_sk  = ss_store_sk
 and s_state in
            ( select s_state
              from  (select s_state as s_state,
                 rank() over ( partition by s_state order by sum(ss_net_profit) desc) as ranking
                      from  store_sales, store, date_dim
                      where d_month_seq between 1222 and 1222 + 11
                 and d_date_sk = ss_sold_date_sk
                 and s_store_sk  = ss_store_sk
                      group by s_state
                    ) tmp1 
              where ranking <= 5)
  group by s_state,s_county) ,  
 results_rollup as 
(select total_sum ,s_state ,s_county, 0 as g_state, 0 as g_county, 0 as lochierarchy from results
 union
 select sum(total_sum) as total_sum,s_state, NULL as s_county, 0 as g_state, 1 as g_county, 1 as lochierarchy from results group by s_state
 union
 select sum(total_sum) as total_sum ,NULL as s_state ,NULL as s_county, 1 as g_state, 1 as g_county, 2 as lochierarchy from results)
  select  total_sum ,s_state ,s_county, lochierarchy 
  ,rank() over (
     partition by lochierarchy, 
     case when g_county = 0 then s_state end 
     order by total_sum desc) as rank_within_parent
 from results_rollup
 order by
  lochierarchy desc
  ,case when lochierarchy = 0 then s_state end
  ,rank_within_parent
 limit 100;
Limit  (cost=186074.25..186074.25 rows=3 width=148) (actual time=955.843..1028.162 rows=3 loops=1)
  CTE results
    ->  GroupAggregate  (cost=184305.70..186073.87 rows=1 width=37) (actual time=955.801..1028.117 rows=1 loops=1)
          Group Key: store.s_state, store.s_county
          ->  Merge Join  (cost=184305.70..185976.69 rows=12956 width=29) (actual time=712.941..964.261 rows=532995 loops=1)
                Merge Cond: (store.s_state = store_1.s_state)
                ->  Gather Merge  (cost=92132.46..93641.40 rows=12956 width=29) (actual time=341.246..522.461 rows=532995 loops=1)
                      Workers Planned: 2
                      Workers Launched: 2
                      ->  Sort  (cost=91132.44..91145.93 rows=5398 width=29) (actual time=335.575..359.991 rows=177665 loops=3)
                            Sort Key: store.s_state, store.s_county
                            Sort Method: external merge  Disk: 8272kB
                            Worker 0:  Sort Method: quicksort  Memory: 15286kB
                            Worker 1:  Sort Method: quicksort  Memory: 15094kB
                            ->  Hash Join  (cost=2506.52..90797.81 rows=5398 width=29) (actual time=12.942..293.912 rows=177665 loops=3)
                                  Hash Cond: (store_sales.ss_store_sk = store.s_store_sk)
                                  ->  Hash Join  (cost=2505.25..90776.67 rows=5662 width=16) (actual time=12.814..266.371 rows=181914 loops=3)
                                        Hash Cond: (store_sales.ss_sold_date_sk = d1.d_date_sk)
                                        ->  Parallel Seq Scan on store_sales  (cost=0.00..85123.48 rows=1199148 width=24) (actual time=0.017..123.939 rows=959309 loops=3)
                                        ->  Hash  (cost=2500.73..2500.73 rows=361 width=8) (actual time=12.783..12.784 rows=365 loops=3)
                                              Buckets: 1024  Batches: 1  Memory Usage: 23kB
                                              ->  Seq Scan on date_dim d1  (cost=0.00..2500.73 rows=361 width=8) (actual time=6.174..12.738 rows=365 loops=3)
                                                    Filter: ((d_month_seq >= 1222) AND (d_month_seq <= 1233))
                                                    Rows Removed by Filter: 72684
                                  ->  Hash  (cost=1.12..1.12 rows=12 width=29) (actual time=0.031..0.032 rows=12 loops=3)
                                        Buckets: 1024  Batches: 1  Memory Usage: 9kB
                                        ->  Seq Scan on store  (cost=0.00..1.12 rows=12 width=29) (actual time=0.022..0.026 rows=12 loops=3)
                ->  WindowAgg  (cost=92173.23..92173.31 rows=2 width=19) (actual time=371.691..371.764 rows=1 loops=1)
                      Run Condition: (rank() OVER (?) <= 5)
                      ->  Incremental Sort  (cost=92173.23..92173.28 rows=2 width=11) (actual time=371.682..371.755 rows=1 loops=1)
                            Sort Key: store_1.s_state, (sum(store_sales_1.ss_net_profit)) DESC
                            Presorted Key: store_1.s_state
                            Full-sort Groups: 1  Sort Method: quicksort  Average Memory: 25kB  Peak Memory: 25kB
                            ->  Finalize GroupAggregate  (cost=92132.46..92173.21 rows=1 width=11) (actual time=371.670..371.743 rows=1 loops=1)
                                  Group Key: store_1.s_state
                                  ->  Gather Merge  (cost=92132.46..92173.19 rows=2 width=11) (actual time=371.664..371.737 rows=3 loops=1)
                                        Workers Planned: 2
                                        Workers Launched: 2
                                        ->  Partial GroupAggregate  (cost=91132.44..91172.93 rows=1 width=11) (actual time=352.360..352.363 rows=1 loops=3)
                                              Group Key: store_1.s_state
                                              ->  Sort  (cost=91132.44..91145.93 rows=5398 width=11) (actual time=321.108..331.918 rows=177665 loops=3)
                                                    Sort Key: store_1.s_state
                                                    Sort Method: external merge  Disk: 5648kB
                                                    Worker 0:  Sort Method: quicksort  Memory: 13372kB
                                                    Worker 1:  Sort Method: quicksort  Memory: 13393kB
                                                    ->  Hash Join  (cost=2506.52..90797.81 rows=5398 width=11) (actual time=13.346..293.500 rows=177665 loops=3)
                                                          Hash Cond: (store_sales_1.ss_store_sk = store_1.s_store_sk)
                                                          ->  Hash Join  (cost=2505.25..90776.67 rows=5662 width=16) (actual time=13.255..267.121 rows=181914 loops=3)
                                                                Hash Cond: (store_sales_1.ss_sold_date_sk = date_dim.d_date_sk)
                                                                ->  Parallel Seq Scan on store_sales store_sales_1  (cost=0.00..85123.48 rows=1199148 width=24) (actual time=0.014..124.394 rows=959309 loops=3)
                                                                ->  Hash  (cost=2500.73..2500.73 rows=361 width=8) (actual time=13.228..13.229 rows=365 loops=3)
                                                                      Buckets: 1024  Batches: 1  Memory Usage: 23kB
                                                                      ->  Seq Scan on date_dim  (cost=0.00..2500.73 rows=361 width=8) (actual time=6.443..13.180 rows=365 loops=3)
                                                                            Filter: ((d_month_seq >= 1222) AND (d_month_seq <= 1233))
                                                                            Rows Removed by Filter: 72684
                                                          ->  Hash  (cost=1.12..1.12 rows=12 width=11) (actual time=0.038..0.039 rows=12 loops=3)
                                                                Buckets: 1024  Batches: 1  Memory Usage: 9kB
                                                                ->  Seq Scan on store store_1  (cost=0.00..1.12 rows=12 width=11) (actual time=0.028..0.032 rows=12 loops=3)
  ->  Sort  (cost=0.38..0.38 rows=3 width=148) (actual time=955.842..955.844 rows=3 loops=1)
        Sort Key: results_rollup.lochierarchy DESC, (CASE WHEN (results_rollup.lochierarchy = 0) THEN results_rollup.s_state ELSE NULL::bpchar END), (rank() OVER (?))
        Sort Method: quicksort  Memory: 25kB
        ->  WindowAgg  (cost=0.27..0.35 rows=3 width=148) (actual time=955.835..955.839 rows=3 loops=1)
              ->  Sort  (cost=0.27..0.28 rows=3 width=108) (actual time=955.829..955.831 rows=3 loops=1)
                    Sort Key: results_rollup.lochierarchy, (CASE WHEN (results_rollup.g_county = 0) THEN results_rollup.s_state ELSE NULL::bpchar END), results_rollup.total_sum DESC
                    Sort Method: quicksort  Memory: 25kB
                    ->  Subquery Scan on results_rollup  (cost=0.18..0.24 rows=3 width=108) (actual time=955.823..955.826 rows=3 loops=1)
                          ->  HashAggregate  (cost=0.18..0.21 rows=3 width=84) (actual time=955.822..955.824 rows=3 loops=1)
                                Group Key: results.total_sum, results.s_state, results.s_county, (0), (0), (0)
                                Batches: 1  Memory Usage: 24kB
                                ->  Append  (cost=0.00..0.13 rows=3 width=84) (actual time=955.805..955.816 rows=3 loops=1)
                                      ->  CTE Scan on results  (cost=0.00..0.02 rows=1 width=110) (actual time=955.804..955.804 rows=1 loops=1)
                                      ->  HashAggregate  (cost=0.02..0.03 rows=1 width=64) (actual time=0.005..0.006 rows=1 loops=1)
                                            Group Key: results_1.s_state
                                            Batches: 1  Memory Usage: 24kB
                                            ->  CTE Scan on results results_1  (cost=0.00..0.02 rows=1 width=20) (actual time=0.000..0.001 rows=1 loops=1)
                                      ->  Aggregate  (cost=0.02..0.03 rows=1 width=84) (actual time=0.003..0.003 rows=1 loops=1)
                                            ->  CTE Scan on results results_2  (cost=0.00..0.02 rows=1 width=8) (actual time=0.000..0.000 rows=1 loops=1)
     total_sum      | s_state |     s_county      | lochierarchy | rank_within_parent 
--------------------+---------+-------------------+--------------+--------------------
 -436272693.3600007 |         |                   |            2 |                  1
 -436272693.3600007 | TN      |                   |            1 |                  1
 -436272693.3600007 | TN      | Williamson County |            0 |                  1
(3 rows)

UPDATE time_statistics SET e_time = TRANSACTION_TIMESTAMP() WHERE template = '../query_postgresql/query70.tpl' AND stream = 3;
psql:/tmp/s1-basline/throughput/query_3.sql:4223: NOTICE:  duration: 0.070 ms  plan:
Query Text: UPDATE time_statistics SET e_time = TRANSACTION_TIMESTAMP() WHERE template = '../query_postgresql/query70.tpl' AND stream = 3;
Update on time_statistics  (cost=0.00..10.30 rows=0 width=0) (actual time=0.069..0.070 rows=0 loops=1)
  ->  Seq Scan on time_statistics  (cost=0.00..10.30 rows=1 width=14) (actual time=0.031..0.056 rows=1 loops=1)
        Filter: ((template = '../query_postgresql/query70.tpl'::text) AND (stream = 3))
        Rows Removed by Filter: 377
UPDATE 1
LOAD 'auto_explain'; SET auto_explain.log_min_duration TO 0; SET auto_explain.log_analyze TO on; SET auto_explain.log_level TO notice; INSERT INTO time_statistics (template, s_time, stream, query, seed) VALUES ('query75.tpl', TRANSACTION_TIMESTAMP(), 3, 90, 1117232336);
LOAD
SET
SET
SET
psql:/tmp/s1-basline/throughput/query_3.sql:4224: NOTICE:  duration: 0.009 ms  plan:
Query Text: INSERT INTO time_statistics (template, s_time, stream, query, seed) VALUES ('query75.tpl', TRANSACTION_TIMESTAMP(), 3, 90, 1117232336);
Insert on time_statistics  (cost=0.00..0.01 rows=0 width=0) (actual time=0.008..0.009 rows=0 loops=1)
  ->  Result  (cost=0.00..0.01 rows=1 width=64) (actual time=0.001..0.002 rows=1 loops=1)
INSERT 0 1
WITH all_sales AS (
 SELECT d_year
       ,i_brand_id
       ,i_class_id
       ,i_category_id
       ,i_manufact_id
       ,SUM(sales_cnt) AS sales_cnt
       ,SUM(sales_amt) AS sales_amt
 FROM (SELECT d_year
             ,i_brand_id
             ,i_class_id
             ,i_category_id
             ,i_manufact_id
             ,cs_quantity - COALESCE(cr_return_quantity,0) AS sales_cnt
             ,cs_ext_sales_price - COALESCE(cr_return_amount,0.0) AS sales_amt
       FROM catalog_sales JOIN item ON i_item_sk=cs_item_sk
                          JOIN date_dim ON d_date_sk=cs_sold_date_sk
                          LEFT JOIN catalog_returns ON (cs_order_number=cr_order_number 
                                                    AND cs_item_sk=cr_item_sk)
       WHERE i_category='Home'
       UNION
       SELECT d_year
             ,i_brand_id
             ,i_class_id
             ,i_category_id
             ,i_manufact_id
             ,ss_quantity - COALESCE(sr_return_quantity,0) AS sales_cnt
             ,ss_ext_sales_price - COALESCE(sr_return_amt,0.0) AS sales_amt
       FROM store_sales JOIN item ON i_item_sk=ss_item_sk
                        JOIN date_dim ON d_date_sk=ss_sold_date_sk
                        LEFT JOIN store_returns ON (ss_ticket_number=sr_ticket_number 
                                                AND ss_item_sk=sr_item_sk)
       WHERE i_category='Home'
       UNION
       SELECT d_year
             ,i_brand_id
             ,i_class_id
             ,i_category_id
             ,i_manufact_id
             ,ws_quantity - COALESCE(wr_return_quantity,0) AS sales_cnt
             ,ws_ext_sales_price - COALESCE(wr_return_amt,0.0) AS sales_amt
       FROM web_sales JOIN item ON i_item_sk=ws_item_sk
                      JOIN date_dim ON d_date_sk=ws_sold_date_sk
                      LEFT JOIN web_returns ON (ws_order_number=wr_order_number 
                                            AND ws_item_sk=wr_item_sk)
       WHERE i_category='Home') sales_detail
 GROUP BY d_year, i_brand_id, i_class_id, i_category_id, i_manufact_id)
 SELECT  prev_yr.d_year AS prev_year
                          ,curr_yr.d_year AS year
                          ,curr_yr.i_brand_id
                          ,curr_yr.i_class_id
                          ,curr_yr.i_category_id
                          ,curr_yr.i_manufact_id
                          ,prev_yr.sales_cnt AS prev_yr_cnt
                          ,curr_yr.sales_cnt AS curr_yr_cnt
                          ,curr_yr.sales_cnt-prev_yr.sales_cnt AS sales_cnt_diff
                          ,curr_yr.sales_amt-prev_yr.sales_amt AS sales_amt_diff
 FROM all_sales curr_yr, all_sales prev_yr
 WHERE curr_yr.i_brand_id=prev_yr.i_brand_id
   AND curr_yr.i_class_id=prev_yr.i_class_id
   AND curr_yr.i_category_id=prev_yr.i_category_id
   AND curr_yr.i_manufact_id=prev_yr.i_manufact_id
   AND curr_yr.d_year=1999
   AND prev_yr.d_year=1999-1
   AND CAST(curr_yr.sales_cnt AS DECIMAL(17,2))/CAST(prev_yr.sales_cnt AS DECIMAL(17,2))<0.9
 ORDER BY sales_cnt_diff,sales_amt_diff
 limit 100;
psql:/tmp/s1-basline/throughput/query_3.sql:4291: NOTICE:  duration: 1618.107 ms  plan:
Query Text: WITH all_sales AS (
 SELECT d_year
       ,i_brand_id
       ,i_class_id
       ,i_category_id
       ,i_manufact_id
       ,SUM(sales_cnt) AS sales_cnt
       ,SUM(sales_amt) AS sales_amt
 FROM (SELECT d_year
             ,i_brand_id
             ,i_class_id
             ,i_category_id
             ,i_manufact_id
             ,cs_quantity - COALESCE(cr_return_quantity,0) AS sales_cnt
             ,cs_ext_sales_price - COALESCE(cr_return_amount,0.0) AS sales_amt
       FROM catalog_sales JOIN item ON i_item_sk=cs_item_sk
                          JOIN date_dim ON d_date_sk=cs_sold_date_sk
                          LEFT JOIN catalog_returns ON (cs_order_number=cr_order_number 
                                                    AND cs_item_sk=cr_item_sk)
       WHERE i_category='Home'
       UNION
       SELECT d_year
             ,i_brand_id
             ,i_class_id
             ,i_category_id
             ,i_manufact_id
             ,ss_quantity - COALESCE(sr_return_quantity,0) AS sales_cnt
             ,ss_ext_sales_price - COALESCE(sr_return_amt,0.0) AS sales_amt
       FROM store_sales JOIN item ON i_item_sk=ss_item_sk
                        JOIN date_dim ON d_date_sk=ss_sold_date_sk
                        LEFT JOIN store_returns ON (ss_ticket_number=sr_ticket_number 
                                                AND ss_item_sk=sr_item_sk)
       WHERE i_category='Home'
       UNION
       SELECT d_year
             ,i_brand_id
             ,i_class_id
             ,i_category_id
             ,i_manufact_id
             ,ws_quantity - COALESCE(wr_return_quantity,0) AS sales_cnt
             ,ws_ext_sales_price - COALESCE(wr_return_amt,0.0) AS sales_amt
       FROM web_sales JOIN item ON i_item_sk=ws_item_sk
                      JOIN date_dim ON d_date_sk=ws_sold_date_sk
                      LEFT JOIN web_returns ON (ws_order_number=wr_order_number 
                                            AND ws_item_sk=wr_item_sk)
       WHERE i_category='Home') sales_detail
 GROUP BY d_year, i_brand_id, i_class_id, i_category_id, i_manufact_id)
 SELECT  prev_yr.d_year AS prev_year
                          ,curr_yr.d_year AS year
                          ,curr_yr.i_brand_id
                          ,curr_yr.i_class_id
                          ,curr_yr.i_category_id
                          ,curr_yr.i_manufact_id
                          ,prev_yr.sales_cnt AS prev_yr_cnt
                          ,curr_yr.sales_cnt AS curr_yr_cnt
                          ,curr_yr.sales_cnt-prev_yr.sales_cnt AS sales_cnt_diff
                          ,curr_yr.sales_amt-prev_yr.sales_amt AS sales_amt_diff
 FROM all_sales curr_yr, all_sales prev_yr
 WHERE curr_yr.i_brand_id=prev_yr.i_brand_id
   AND curr_yr.i_class_id=prev_yr.i_class_id
   AND curr_yr.i_category_id=prev_yr.i_category_id
   AND curr_yr.i_manufact_id=prev_yr.i_manufact_id
   AND curr_yr.d_year=1999
   AND prev_yr.d_year=1999-1
   AND CAST(curr_yr.sales_cnt AS DECIMAL(17,2))/CAST(prev_yr.sales_cnt AS DECIMAL(17,2))<0.9
 ORDER BY sales_cnt_diff,sales_amt_diff
 limit 100;
Limit  (cost=293652.11..293652.11 rows=1 width=56) (actual time=1617.985..1618.011 rows=100 loops=1)
  CTE all_sales
    ->  HashAggregate  (cost=291011.50..291485.14 rows=47364 width=36) (actual time=1614.271..1615.304 rows=5113 loops=1)
          Group Key: date_dim.d_year, item.i_brand_id, item.i_class_id, item.i_category_id, item.i_manufact_id
          Batches: 1  Memory Usage: 2577kB
          ->  HashAggregate  (cost=266774.35..277986.34 rows=473642 width=32) (actual time=1333.419..1498.007 rows=476927 loops=1)
                Group Key: date_dim.d_year, item.i_brand_id, item.i_class_id, item.i_category_id, item.i_manufact_id, ((catalog_sales.cs_quantity - COALESCE(catalog_returns.cr_return_quantity, 0))), ((catalog_sales.cs_ext_sales_price - COALESCE(catalog_returns.cr_return_amount, '0'::double precision)))
                Planned Partitions: 4  Batches: 5  Memory Usage: 32817kB  Disk Usage: 11904kB
                ->  Append  (cost=7927.40..241889.64 rows=473642 width=32) (actual time=55.137..1114.057 rows=478452 loops=1)
                      ->  Hash Left Join  (cost=7927.40..80053.74 rows=138317 width=32) (actual time=55.136..321.155 rows=139903 loops=1)
                            Hash Cond: ((catalog_sales.cs_order_number = catalog_returns.cr_order_number) AND (catalog_sales.cs_item_sk = catalog_returns.cr_item_sk))
                            ->  Nested Loop  (cost=0.73..70709.32 rows=138317 width=48) (actual time=0.025..222.889 rows=139903 loops=1)
                                  ->  Nested Loop  (cost=0.43..66660.95 rows=139143 width=52) (actual time=0.014..168.100 rows=140609 loops=1)
                                        ->  Seq Scan on item  (cost=0.00..1481.00 rows=1740 width=24) (actual time=0.005..8.286 rows=1740 loops=1)
                                              Filter: (i_category = 'Home'::bpchar)
                                              Rows Removed by Filter: 16260
                                        ->  Index Scan using pk_catalog_sales on catalog_sales  (cost=0.43..36.58 rows=88 width=36) (actual time=0.005..0.077 rows=81 loops=1740)
                                              Index Cond: (cs_item_sk = item.i_item_sk)
                                  ->  Memoize  (cost=0.30..0.32 rows=1 width=12) (actual time=0.000..0.000 rows=1 loops=140609)
                                        Cache Key: catalog_sales.cs_sold_date_sk
                                        Cache Mode: logical
                                        Hits: 138778  Misses: 1831  Evictions: 0  Overflows: 0  Memory Usage: 215kB
                                        ->  Index Scan using pk_date_dim on date_dim  (cost=0.29..0.31 rows=1 width=12) (actual time=0.001..0.001 rows=1 loops=1831)
                                              Index Cond: (d_date_sk = catalog_sales.cs_sold_date_sk)
                            ->  Hash  (cost=5762.07..5762.07 rows=144307 width=28) (actual time=54.986..54.987 rows=144307 loops=1)
                                  Buckets: 262144  Batches: 1  Memory Usage: 11023kB
                                  ->  Seq Scan on catalog_returns  (cost=0.00..5762.07 rows=144307 width=28) (actual time=0.004..29.622 rows=144307 loops=1)
                      ->  Hash Left Join  (cost=16750.33..112964.91 rows=265785 width=32) (actual time=130.829..601.878 rows=268667 loops=1)
                            Hash Cond: ((store_sales.ss_ticket_number = store_returns.sr_ticket_number) AND (store_sales.ss_item_sk = store_returns.sr_item_sk))
                            ->  Hash Join  (cost=3049.03..96539.31 rows=265785 width=48) (actual time=21.224..401.639 rows=268667 loops=1)
                                  Hash Cond: (store_sales.ss_sold_date_sk = date_dim_1.d_date_sk)
                                  ->  Nested Loop  (cost=0.43..92760.39 rows=278202 width=52) (actual time=0.023..321.086 rows=281470 loops=1)
                                        ->  Seq Scan on item item_1  (cost=0.00..1481.00 rows=1740 width=24) (actual time=0.008..8.419 rows=1740 loops=1)
                                              Filter: (i_category = 'Home'::bpchar)
                                              Rows Removed by Filter: 16260
                                        ->  Index Scan using pk_store_sales on store_sales  (cost=0.43..50.72 rows=174 width=36) (actual time=0.005..0.153 rows=162 loops=1740)
                                              Index Cond: (ss_item_sk = item_1.i_item_sk)
                                  ->  Hash  (cost=2135.49..2135.49 rows=73049 width=12) (actual time=20.653..20.653 rows=73049 loops=1)
                                        Buckets: 131072  Batches: 1  Memory Usage: 4449kB
                                        ->  Seq Scan on date_dim date_dim_1  (cost=0.00..2135.49 rows=73049 width=12) (actual time=0.003..9.649 rows=73049 loops=1)
                            ->  Hash  (cost=9393.72..9393.72 rows=287172 width=28) (actual time=108.316..108.317 rows=287172 loops=1)
                                  Buckets: 524288  Batches: 1  Memory Usage: 21888kB
                                  ->  Seq Scan on store_returns  (cost=0.00..9393.72 rows=287172 width=28) (actual time=0.007..47.924 rows=287172 loops=1)
                      ->  Hash Left Join  (cost=3688.10..41766.36 rows=69540 width=32) (actual time=26.244..162.087 rows=69882 loops=1)
                            Hash Cond: ((web_sales.ws_order_number = web_returns.wr_order_number) AND (web_sales.ws_item_sk = web_returns.wr_item_sk))
                            ->  Nested Loop  (cost=0.73..37366.20 rows=69540 width=48) (actual time=0.030..117.494 rows=69882 loops=1)
                                  ->  Nested Loop  (cost=0.42..35058.27 rows=69549 width=52) (actual time=0.020..88.133 rows=69899 loops=1)
                                        ->  Seq Scan on item item_2  (cost=0.00..1481.00 rows=1740 width=24) (actual time=0.006..8.037 rows=1740 loops=1)
                                              Filter: (i_category = 'Home'::bpchar)
                                              Rows Removed by Filter: 16260
                                        ->  Index Scan using pk_web_sales on web_sales  (cost=0.42..18.86 rows=44 width=36) (actual time=0.004..0.039 rows=40 loops=1740)
                                              Index Cond: (ws_item_sk = item_2.i_item_sk)
                                  ->  Memoize  (cost=0.30..0.32 rows=1 width=12) (actual time=0.000..0.000 rows=1 loops=69899)
                                        Cache Key: web_sales.ws_sold_date_sk
                                        Cache Mode: logical
                                        Hits: 68075  Misses: 1824  Evictions: 0  Overflows: 0  Memory Usage: 214kB
                                        ->  Index Scan using pk_date_dim on date_dim date_dim_2  (cost=0.29..0.31 rows=1 width=12) (actual time=0.001..0.001 rows=1 loops=1824)
                                              Index Cond: (d_date_sk = web_sales.ws_sold_date_sk)
                            ->  Hash  (cost=2610.15..2610.15 rows=71815 width=28) (actual time=26.143..26.143 rows=71815 loops=1)
                                  Buckets: 131072  Batches: 1  Memory Usage: 5462kB
                                  ->  Seq Scan on web_returns  (cost=0.00..2610.15 rows=71815 width=28) (actual time=0.004..12.715 rows=71815 loops=1)
  ->  Sort  (cost=2166.97..2166.98 rows=1 width=56) (actual time=1617.984..1617.990 rows=100 loops=1)
        Sort Key: ((curr_yr.sales_cnt - prev_yr.sales_cnt)), ((curr_yr.sales_amt - prev_yr.sales_amt))
        Sort Method: quicksort  Memory: 52kB
        ->  Hash Join  (cost=1070.43..2166.96 rows=1 width=56) (actual time=1616.997..1617.928 rows=193 loops=1)
              Hash Cond: ((curr_yr.i_brand_id = prev_yr.i_brand_id) AND (curr_yr.i_class_id = prev_yr.i_class_id) AND (curr_yr.i_category_id = prev_yr.i_category_id) AND (curr_yr.i_manufact_id = prev_yr.i_manufact_id))
              Join Filter: (((curr_yr.sales_cnt)::numeric(17,2) / (prev_yr.sales_cnt)::numeric(17,2)) < 0.9)
              Rows Removed by Join Filter: 693
              ->  CTE Scan on all_sales curr_yr  (cost=0.00..1065.69 rows=237 width=36) (actual time=1614.276..1614.663 rows=891 loops=1)
                    Filter: (d_year = 1999)
                    Rows Removed by Filter: 4222
              ->  Hash  (cost=1065.69..1065.69 rows=237 width=36) (actual time=2.695..2.695 rows=886 loops=1)
                    Buckets: 1024  Batches: 1  Memory Usage: 71kB
                    ->  CTE Scan on all_sales prev_yr  (cost=0.00..1065.69 rows=237 width=36) (actual time=0.003..2.516 rows=891 loops=1)
                          Filter: (d_year = 1998)
                          Rows Removed by Filter: 4222
 prev_year | year | i_brand_id | i_class_id | i_category_id | i_manufact_id | prev_yr_cnt | curr_yr_cnt | sales_cnt_diff |   sales_amt_diff    
-----------+------+------------+------------+---------------+---------------+-------------+-------------+----------------+---------------------
      1998 | 1999 |    7015004 |         15 |             7 |           238 |        6060 |        3547 |          -2513 | -113186.08999999991
      1998 | 1999 |    7004008 |          4 |             7 |           325 |        5819 |        3544 |          -2275 |  -86669.89999999994
      1998 | 1999 |    7004001 |          4 |             7 |           320 |        6923 |        4836 |          -2087 | -45812.519999999786
      1998 | 1999 |    7014002 |         14 |             7 |           290 |        6439 |        4503 |          -1936 | -106802.36000000007
      1998 | 1999 |    7008009 |          8 |             7 |           263 |        6322 |        4404 |          -1918 | -191111.01999999993
      1998 | 1999 |    7002005 |          2 |             7 |           324 |        6668 |        4802 |          -1866 | -125696.77999999994
      1998 | 1999 |    7001005 |          1 |             7 |            62 |        5718 |        3860 |          -1858 |          -122023.25
      1998 | 1999 |    7011007 |         11 |             7 |           541 |        6006 |        4152 |          -1854 |             -136751
      1998 | 1999 |    7013001 |         13 |             7 |           210 |        5820 |        4081 |          -1739 | -117319.98000000013
      1998 | 1999 |    7001001 |          1 |             7 |           182 |        6492 |        4762 |          -1730 | -57101.800000000076
      1998 | 1999 |    7004003 |          4 |             7 |           259 |        5229 |        3570 |          -1659 |  -88553.64000000001
      1998 | 1999 |    7003008 |          3 |             7 |           110 |        5654 |        4020 |          -1634 |          -111948.63
      1998 | 1999 |    7014004 |         14 |             7 |           323 |        6298 |        4673 |          -1625 |           -43794.03
      1998 | 1999 |    7004007 |          4 |             7 |           299 |        6116 |        4495 |          -1621 |  -74675.60000000006
      1998 | 1999 |    7009010 |          9 |             7 |           284 |        5671 |        4054 |          -1617 |   -64575.3300000001
      1998 | 1999 |    7002010 |          2 |             7 |           232 |        6432 |        4824 |          -1608 |  -62535.05000000005
      1998 | 1999 |    7015006 |         15 |             7 |           343 |        6503 |        4897 |          -1606 |  -40626.96999999974
      1998 | 1999 |    7007005 |          7 |             7 |           581 |        6117 |        4532 |          -1585 | -106553.66000000018
      1998 | 1999 |    7003007 |          3 |             7 |           513 |        5410 |        3857 |          -1553 |  -87084.71000000002
      1998 | 1999 |    7006010 |          6 |             7 |           592 |        5941 |        4399 |          -1542 |  -83308.33999999997
      1998 | 1999 |    7002005 |          2 |             7 |            58 |        6242 |        4722 |          -1520 | -102817.54000000001
      1998 | 1999 |    7006004 |          6 |             7 |           365 |        5967 |        4497 |          -1470 |  -55535.18999999997
      1998 | 1999 |    7010007 |         10 |             7 |           535 |        5725 |        4258 |          -1467 |   -72781.9900000001
      1998 | 1999 |    7014007 |         14 |             7 |           119 |        6179 |        4719 |          -1460 |  -3399.009999999893
      1998 | 1999 |    7006009 |          6 |             7 |           470 |        5667 |        4210 |          -1457 |  -95465.86999999991
      1998 | 1999 |    7004003 |          4 |             7 |           262 |        6500 |        5062 |          -1438 | -108228.86000000025
      1998 | 1999 |    7003007 |          3 |             7 |           199 |        5611 |        4191 |          -1420 |  -84344.09000000011
      1998 | 1999 |    7013005 |         13 |             7 |           153 |        6484 |        5066 |          -1418 |  -71056.01000000001
      1998 | 1999 |    7005007 |          5 |             7 |           126 |        6288 |        4874 |          -1414 |          -130702.65
      1998 | 1999 |    7006009 |          6 |             7 |            31 |        6345 |        4931 |          -1414 |  -2977.639999999985
      1998 | 1999 |    7002003 |          2 |             7 |           346 |        5324 |        3922 |          -1402 |  -88121.51000000001
      1998 | 1999 |    7009009 |          9 |             7 |           155 |        5077 |        3692 |          -1385 | -16246.780000000028
      1998 | 1999 |    7003010 |          3 |             7 |           167 |        5732 |        4348 |          -1384 | -16833.209999999934
      1998 | 1999 |    7008003 |          8 |             7 |           234 |        5834 |        4480 |          -1354 | -37067.429999999935
      1998 | 1999 |    7008003 |          8 |             7 |           210 |        5682 |        4344 |          -1338 |           -48311.25
      1998 | 1999 |    7002008 |          2 |             7 |           574 |        6442 |        5112 |          -1330 |  -83517.26000000007
      1998 | 1999 |    7014003 |         14 |             7 |           229 |        5285 |        3967 |          -1318 |  -48877.01999999996
      1998 | 1999 |    7009009 |          9 |             7 |           382 |        5930 |        4618 |          -1312 |   -43288.8900000001
      1998 | 1999 |    7005004 |          5 |             7 |           265 |        5596 |        4299 |          -1297 |  -61196.50999999989
      1998 | 1999 |    7002007 |          2 |             7 |           280 |        6263 |        4967 |          -1296 |  -90076.42999999985
      1998 | 1999 |    7010008 |         10 |             7 |           650 |        5460 |        4168 |          -1292 |  -83889.09000000017
      1998 | 1999 |    7015002 |         15 |             7 |           879 |        6303 |        5012 |          -1291 |  -65339.81999999995
      1998 | 1999 |    7006002 |          6 |             7 |           297 |        6545 |        5270 |          -1275 |  -53234.66000000003
      1998 | 1999 |    7010008 |         10 |             7 |           104 |        5352 |        4079 |          -1273 | -25282.190000000002
      1998 | 1999 |    7013001 |         13 |             7 |           486 |        5532 |        4272 |          -1260 | -119008.48000000001
      1998 | 1999 |    7016001 |         16 |             7 |            51 |        5809 |        4557 |          -1252 | -15460.280000000028
      1998 | 1999 |    7004007 |          4 |             7 |           170 |        5635 |        4402 |          -1233 | -155409.71000000002
      1998 | 1999 |    7004007 |          4 |             7 |           175 |        5766 |        4554 |          -1212 | -50244.509999999835
      1998 | 1999 |    7016007 |         16 |             7 |            64 |        6378 |        5167 |          -1211 |  -9222.429999999847
      1998 | 1999 |    7005009 |          5 |             7 |           167 |        5699 |        4490 |          -1209 |  -59075.67000000001
      1998 | 1999 |    7003007 |          3 |             7 |           106 |        6215 |        5011 |          -1204 |  -61097.39000000007
      1998 | 1999 |    7016005 |         16 |             7 |           395 |        5702 |        4523 |          -1179 | -20190.930000000022
      1998 | 1999 |    7005005 |          5 |             7 |           211 |        5238 |        4060 |          -1178 | -102392.15999999995
      1998 | 1999 |    7010005 |         10 |             7 |           473 |        5436 |        4274 |          -1162 |  23676.020000000048
      1998 | 1999 |    7010002 |         10 |             7 |           161 |        6301 |        5156 |          -1145 | -29657.179999999935
      1998 | 1999 |    7013003 |         13 |             7 |           495 |        5548 |        4412 |          -1136 |  -41112.55999999991
      1998 | 1999 |    7006008 |          6 |             7 |           563 |        5131 |        4000 |          -1131 |  -93345.35999999996
      1998 | 1999 |    7013009 |         13 |             7 |           321 |        6033 |        4903 |          -1130 |  -31308.63000000012
      1998 | 1999 |    7016001 |         16 |             7 |           631 |        5989 |        4884 |          -1105 | -12343.980000000156
      1998 | 1999 |    7002001 |          2 |             7 |           627 |        5410 |        4311 |          -1099 |  -40201.12000000005
      1998 | 1999 |    7006009 |          6 |             7 |            48 |        5208 |        4110 |          -1098 |  -85477.00000000015
      1998 | 1999 |    7005002 |          5 |             7 |           296 |        5661 |        4564 |          -1097 |  -56333.49000000008
      1998 | 1999 |    7008007 |          8 |             7 |           451 |        6419 |        5325 |          -1094 |  -87843.63000000009
      1998 | 1999 |    7008006 |          8 |             7 |           171 |        5130 |        4038 |          -1092 | -56955.850000000035
      1998 | 1999 |    7007007 |          7 |             7 |           155 |        5695 |        4605 |          -1090 |  -94857.92000000007
      1998 | 1999 |    7005001 |          5 |             7 |           252 |        5340 |        4264 |          -1076 |          -142243.87
      1998 | 1999 |    7015007 |         15 |             7 |           323 |        5931 |        4858 |          -1073 |  -54807.82000000012
      1998 | 1999 |    7009010 |          9 |             7 |           302 |        6229 |        5157 |          -1072 |  -67478.74999999988
      1998 | 1999 |    7005003 |          5 |             7 |           143 |        5810 |        4738 |          -1072 |  -41012.23999999993
      1998 | 1999 |    7008007 |          8 |             7 |            20 |        6302 |        5236 |          -1066 |  -49443.98000000004
      1998 | 1999 |    7007003 |          7 |             7 |           690 |        5316 |        4262 |          -1054 |  -95622.82000000002
      1998 | 1999 |    7009005 |          9 |             7 |           636 |        5218 |        4170 |          -1048 |  -90111.92999999993
      1998 | 1999 |    7004001 |          4 |             7 |           248 |        5660 |        4637 |          -1023 |  -58288.33999999991
      1998 | 1999 |    7015001 |         15 |             7 |            45 |        5133 |        4117 |          -1016 |  -83591.88000000006
      1998 | 1999 |    7009005 |          9 |             7 |           201 |        5254 |        4244 |          -1010 | -50036.860000000015
      1998 | 1999 |    7014005 |         14 |             7 |           440 |        5590 |        4584 |          -1006 |  -43134.16000000012
      1998 | 1999 |    7001004 |          1 |             7 |           495 |        5871 |        4866 |          -1005 | -49316.979999999836
      1998 | 1999 |    7014004 |         14 |             7 |           420 |        6041 |        5042 |           -999 | -27501.550000000134
      1998 | 1999 |    7009010 |          9 |             7 |           285 |        5325 |        4335 |           -990 | -45133.590000000026
      1998 | 1999 |    7006007 |          6 |             7 |           368 |        5711 |        4722 |           -989 | -57610.330000000045
      1998 | 1999 |    7003005 |          3 |             7 |            68 |        5950 |        4964 |           -986 |  -31122.38999999987
      1998 | 1999 |    7016002 |         16 |             7 |           649 |        5369 |        4390 |           -979 |  -19252.19000000012
      1998 | 1999 |    7013009 |         13 |             7 |           300 |        5787 |        4813 |           -974 |  -50744.96999999994
      1998 | 1999 |    7011008 |         11 |             7 |           555 |        5175 |        4205 |           -970 | -121038.74000000002
      1998 | 1999 |    7001007 |          1 |             7 |           517 |        6126 |        5158 |           -968 |  14703.340000000142
      1998 | 1999 |    7011006 |         11 |             7 |           304 |        5143 |        4184 |           -959 |  -95479.76000000015
      1998 | 1999 |    7013008 |         13 |             7 |           595 |        6057 |        5101 |           -956 |  -70939.62000000005
      1998 | 1999 |    7011010 |         11 |             7 |           205 |        5844 |        4894 |           -950 | -6427.3299999997835
      1998 | 1999 |    7001003 |          1 |             7 |           184 |        5265 |        4320 |           -945 |   -73916.6400000001
      1998 | 1999 |    7012007 |         12 |             7 |            37 |        6101 |        5157 |           -944 |  -50192.19000000003
      1998 | 1999 |    7016001 |         16 |             7 |           132 |        5823 |        4887 |           -936 | -28714.419999999867
      1998 | 1999 |    7013003 |         13 |             7 |            32 |        5856 |        4924 |           -932 |  -81390.57000000007
      1998 | 1999 |    7006006 |          6 |             7 |           124 |        4951 |        4020 |           -931 | -38486.899999999965
      1998 | 1999 |    7014007 |         14 |             7 |           235 |        5758 |        4827 |           -931 |  13717.519999999931
      1998 | 1999 |    7009007 |          9 |             7 |            28 |        5859 |        4944 |           -915 | -20612.839999999822
      1998 | 1999 |    7008001 |          8 |             7 |           105 |        5170 |        4258 |           -912 | -27642.390000000072
      1998 | 1999 |    7009005 |          9 |             7 |           438 |        5866 |        4958 |           -908 |  -47979.22000000003
      1998 | 1999 |    7014009 |         14 |             7 |           688 |        5315 |        4408 |           -907 |  -26560.91000000006
      1998 | 1999 |    7003009 |          3 |             7 |           187 |        6178 |        5276 |           -902 | -40520.259999999864
      1998 | 1999 |    7015008 |         15 |             7 |           251 |        5391 |        4495 |           -896 |  -78074.21000000005
(100 rows)

UPDATE time_statistics SET e_time = TRANSACTION_TIMESTAMP() WHERE template = 'query75.tpl' AND stream = 3;
psql:/tmp/s1-basline/throughput/query_3.sql:4293: NOTICE:  duration: 0.086 ms  plan:
Query Text: UPDATE time_statistics SET e_time = TRANSACTION_TIMESTAMP() WHERE template = 'query75.tpl' AND stream = 3;
Update on time_statistics  (cost=0.00..10.30 rows=0 width=0) (actual time=0.085..0.086 rows=0 loops=1)
  ->  Seq Scan on time_statistics  (cost=0.00..10.30 rows=1 width=14) (actual time=0.047..0.074 rows=1 loops=1)
        Filter: ((template = 'query75.tpl'::text) AND (stream = 3))
        Rows Removed by Filter: 378
UPDATE 1
LOAD 'auto_explain'; SET auto_explain.log_min_duration TO 0; SET auto_explain.log_analyze TO on; SET auto_explain.log_level TO notice; INSERT INTO time_statistics (template, s_time, stream, query, seed) VALUES ('query91.tpl', TRANSACTION_TIMESTAMP(), 3, 91, 634674662);
LOAD
SET
SET
SET
psql:/tmp/s1-basline/throughput/query_3.sql:4294: NOTICE:  duration: 0.009 ms  plan:
Query Text: INSERT INTO time_statistics (template, s_time, stream, query, seed) VALUES ('query91.tpl', TRANSACTION_TIMESTAMP(), 3, 91, 634674662);
Insert on time_statistics  (cost=0.00..0.01 rows=0 width=0) (actual time=0.008..0.009 rows=0 loops=1)
  ->  Result  (cost=0.00..0.01 rows=1 width=64) (actual time=0.001..0.001 rows=1 loops=1)
INSERT 0 1
select  
        cc_call_center_id Call_Center,
        cc_name Call_Center_Name,
        cc_manager Manager,
        sum(cr_net_loss) Returns_Loss
from
        call_center,
        catalog_returns,
        date_dim,
        customer,
        customer_address,
        customer_demographics,
        household_demographics
where
        cr_call_center_sk       = cc_call_center_sk
and     cr_returned_date_sk     = d_date_sk
and     cr_returning_customer_sk= c_customer_sk
and     cd_demo_sk              = c_current_cdemo_sk
and     hd_demo_sk              = c_current_hdemo_sk
and     ca_address_sk           = c_current_addr_sk
and     d_year                  = 2000 
and     d_moy                   = 12
and     ( (cd_marital_status       = 'M' and cd_education_status     = 'Unknown')
        or(cd_marital_status       = 'W' and cd_education_status     = 'Advanced Degree'))
and     hd_buy_potential like '501-1000%'
and     ca_gmt_offset           = -7
group by cc_call_center_id,cc_name,cc_manager,cd_marital_status,cd_education_status
order by sum(cr_net_loss) desc;
psql:/tmp/s1-basline/throughput/query_3.sql:4322: NOTICE:  duration: 20.538 ms  plan:
Query Text: select  
        cc_call_center_id Call_Center,
        cc_name Call_Center_Name,
        cc_manager Manager,
        sum(cr_net_loss) Returns_Loss
from
        call_center,
        catalog_returns,
        date_dim,
        customer,
        customer_address,
        customer_demographics,
        household_demographics
where
        cr_call_center_sk       = cc_call_center_sk
and     cr_returned_date_sk     = d_date_sk
and     cr_returning_customer_sk= c_customer_sk
and     cd_demo_sk              = c_current_cdemo_sk
and     hd_demo_sk              = c_current_hdemo_sk
and     ca_address_sk           = c_current_addr_sk
and     d_year                  = 2000 
and     d_moy                   = 12
and     ( (cd_marital_status       = 'M' and cd_education_status     = 'Unknown')
        or(cd_marital_status       = 'W' and cd_education_status     = 'Advanced Degree'))
and     hd_buy_potential like '501-1000%'
and     ca_gmt_offset           = -7
group by cc_call_center_id,cc_name,cc_manager,cd_marital_status,cd_education_status
order by sum(cr_net_loss) desc;
Sort  (cost=2780.90..2780.90 rows=1 width=74) (actual time=20.527..20.530 rows=2 loops=1)
  Sort Key: (sum(catalog_returns.cr_net_loss)) DESC
  Sort Method: quicksort  Memory: 25kB
  ->  GroupAggregate  (cost=1391.25..2780.89 rows=1 width=74) (actual time=20.521..20.525 rows=2 loops=1)
        Group Key: call_center.cc_call_center_id, call_center.cc_name, call_center.cc_manager, customer_demographics.cd_marital_status, customer_demographics.cd_education_status
        ->  Incremental Sort  (cost=1391.25..2780.85 rows=2 width=74) (actual time=20.514..20.517 rows=2 loops=1)
              Sort Key: call_center.cc_call_center_id, call_center.cc_name, call_center.cc_manager, customer_demographics.cd_marital_status, customer_demographics.cd_education_status
              Presorted Key: call_center.cc_call_center_id
              Full-sort Groups: 1  Sort Method: quicksort  Average Memory: 25kB  Peak Memory: 25kB
              ->  Nested Loop  (cost=1.72..2780.76 rows=1 width=74) (actual time=20.442..20.503 rows=2 loops=1)
                    ->  Nested Loop  (cost=1.29..2780.01 rows=1 width=59) (actual time=8.187..20.288 rows=44 loops=1)
                          Join Filter: (catalog_returns.cr_call_center_sk = call_center.cc_call_center_sk)
                          Rows Removed by Join Filter: 220
                          ->  Index Scan using i_cc_call_center_id on call_center  (cost=0.13..3.52 rows=6 width=51) (actual time=0.004..0.006 rows=6 loops=1)
                          ->  Materialize  (cost=1.16..2776.40 rows=1 width=24) (actual time=0.795..3.375 rows=44 loops=6)
                                ->  Nested Loop  (cost=1.16..2776.40 rows=1 width=24) (actual time=4.769..20.225 rows=44 loops=1)
                                      ->  Nested Loop  (cost=0.87..2773.16 rows=10 width=32) (actual time=4.288..19.167 rows=393 loops=1)
                                            ->  Nested Loop  (cost=0.59..2754.95 rows=60 width=40) (actual time=4.170..15.837 rows=2300 loops=1)
                                                  ->  Nested Loop  (cost=0.29..2734.46 rows=61 width=24) (actual time=4.164..10.807 rows=2347 loops=1)
                                                        ->  Seq Scan on date_dim  (cost=0.00..2500.73 rows=31 width=8) (actual time=4.156..8.864 rows=31 loops=1)
                                                              Filter: ((d_year = 2000) AND (d_moy = 12))
                                                              Rows Removed by Filter: 73018
                                                        ->  Index Scan using i_cr_returned_date_sk on catalog_returns  (cost=0.29..6.82 rows=72 width=32) (actual time=0.002..0.048 rows=76 loops=31)
                                                              Index Cond: (cr_returned_date_sk = date_dim.d_date_sk)
                                                  ->  Index Scan using pk_customer on customer  (cost=0.29..0.34 rows=1 width=32) (actual time=0.002..0.002 rows=1 loops=2347)
                                                        Index Cond: (c_customer_sk = catalog_returns.cr_returning_customer_sk)
                                            ->  Index Scan using pk_household_demographics on household_demographics  (cost=0.28..0.30 rows=1 width=8) (actual time=0.001..0.001 rows=0 loops=2300)
                                                  Index Cond: (hd_demo_sk = customer.c_current_hdemo_sk)
                                                  Filter: (hd_buy_potential ~~ '501-1000%'::text)
                                                  Rows Removed by Filter: 1
                                      ->  Index Scan using pk_customer_address on customer_address  (cost=0.29..0.32 rows=1 width=8) (actual time=0.002..0.002 rows=0 loops=393)
                                            Index Cond: (ca_address_sk = customer.c_current_addr_sk)
                                            Filter: (ca_gmt_offset = '-7'::double precision)
                                            Rows Removed by Filter: 1
                    ->  Index Scan using pk_customer_demographics on customer_demographics  (cost=0.43..0.75 rows=1 width=31) (actual time=0.005..0.005 rows=0 loops=44)
                          Index Cond: (cd_demo_sk = customer.c_current_cdemo_sk)
                          Filter: (((cd_marital_status = 'M'::bpchar) AND (cd_education_status = 'Unknown'::bpchar)) OR ((cd_marital_status = 'W'::bpchar) AND (cd_education_status = 'Advanced Degree'::bpchar)))
                          Rows Removed by Filter: 1
   call_center    | call_center_name |     manager     | returns_loss 
------------------+------------------+-----------------+--------------
 AAAAAAAAEAAAAAAA | North Midwest    | Lawrence Harris |      2293.74
 AAAAAAAAEAAAAAAA | North Midwest    | Lawrence Harris |       305.24
(2 rows)

UPDATE time_statistics SET e_time = TRANSACTION_TIMESTAMP() WHERE template = 'query91.tpl' AND stream = 3;
psql:/tmp/s1-basline/throughput/query_3.sql:4324: NOTICE:  duration: 0.066 ms  plan:
Query Text: UPDATE time_statistics SET e_time = TRANSACTION_TIMESTAMP() WHERE template = 'query91.tpl' AND stream = 3;
Update on time_statistics  (cost=0.00..10.30 rows=0 width=0) (actual time=0.066..0.066 rows=0 loops=1)
  ->  Seq Scan on time_statistics  (cost=0.00..10.30 rows=1 width=14) (actual time=0.028..0.053 rows=1 loops=1)
        Filter: ((template = 'query91.tpl'::text) AND (stream = 3))
        Rows Removed by Filter: 379
UPDATE 1
LOAD 'auto_explain'; SET auto_explain.log_min_duration TO 0; SET auto_explain.log_analyze TO on; SET auto_explain.log_level TO notice; INSERT INTO time_statistics (template, s_time, stream, query, seed) VALUES ('query17.tpl', TRANSACTION_TIMESTAMP(), 3, 92, 425769585);
LOAD
SET
SET
SET
psql:/tmp/s1-basline/throughput/query_3.sql:4325: NOTICE:  duration: 0.009 ms  plan:
Query Text: INSERT INTO time_statistics (template, s_time, stream, query, seed) VALUES ('query17.tpl', TRANSACTION_TIMESTAMP(), 3, 92, 425769585);
Insert on time_statistics  (cost=0.00..0.01 rows=0 width=0) (actual time=0.008..0.008 rows=0 loops=1)
  ->  Result  (cost=0.00..0.01 rows=1 width=64) (actual time=0.001..0.001 rows=1 loops=1)
INSERT 0 1
select  i_item_id
       ,i_item_desc
       ,s_state
       ,count(ss_quantity) as store_sales_quantitycount
       ,avg(ss_quantity) as store_sales_quantityave
       ,stddev_samp(ss_quantity) as store_sales_quantitystdev
       ,stddev_samp(ss_quantity)/avg(ss_quantity) as store_sales_quantitycov
       ,count(sr_return_quantity) as store_returns_quantitycount
       ,avg(sr_return_quantity) as store_returns_quantityave
       ,stddev_samp(sr_return_quantity) as store_returns_quantitystdev
       ,stddev_samp(sr_return_quantity)/avg(sr_return_quantity) as store_returns_quantitycov
       ,count(cs_quantity) as catalog_sales_quantitycount ,avg(cs_quantity) as catalog_sales_quantityave
       ,stddev_samp(cs_quantity) as catalog_sales_quantitystdev
       ,stddev_samp(cs_quantity)/avg(cs_quantity) as catalog_sales_quantitycov
 from store_sales
     ,store_returns
     ,catalog_sales
     ,date_dim d1
     ,date_dim d2
     ,date_dim d3
     ,store
     ,item
 where d1.d_quarter_name = '1998Q1'
   and d1.d_date_sk = ss_sold_date_sk
   and i_item_sk = ss_item_sk
   and s_store_sk = ss_store_sk
   and ss_customer_sk = sr_customer_sk
   and ss_item_sk = sr_item_sk
   and ss_ticket_number = sr_ticket_number
   and sr_returned_date_sk = d2.d_date_sk
   and d2.d_quarter_name in ('1998Q1','1998Q2','1998Q3')
   and sr_customer_sk = cs_bill_customer_sk
   and sr_item_sk = cs_item_sk
   and cs_sold_date_sk = d3.d_date_sk
   and d3.d_quarter_name in ('1998Q1','1998Q2','1998Q3')
 group by i_item_id
         ,i_item_desc
         ,s_state
 order by i_item_id
         ,i_item_desc
         ,s_state
limit 100;
psql:/tmp/s1-basline/throughput/query_3.sql:4367: NOTICE:  duration: 1168.973 ms  plan:
Query Text: select  i_item_id
       ,i_item_desc
       ,s_state
       ,count(ss_quantity) as store_sales_quantitycount
       ,avg(ss_quantity) as store_sales_quantityave
       ,stddev_samp(ss_quantity) as store_sales_quantitystdev
       ,stddev_samp(ss_quantity)/avg(ss_quantity) as store_sales_quantitycov
       ,count(sr_return_quantity) as store_returns_quantitycount
       ,avg(sr_return_quantity) as store_returns_quantityave
       ,stddev_samp(sr_return_quantity) as store_returns_quantitystdev
       ,stddev_samp(sr_return_quantity)/avg(sr_return_quantity) as store_returns_quantitycov
       ,count(cs_quantity) as catalog_sales_quantitycount ,avg(cs_quantity) as catalog_sales_quantityave
       ,stddev_samp(cs_quantity) as catalog_sales_quantitystdev
       ,stddev_samp(cs_quantity)/avg(cs_quantity) as catalog_sales_quantitycov
 from store_sales
     ,store_returns
     ,catalog_sales
     ,date_dim d1
     ,date_dim d2
     ,date_dim d3
     ,store
     ,item
 where d1.d_quarter_name = '1998Q1'
   and d1.d_date_sk = ss_sold_date_sk
   and i_item_sk = ss_item_sk
   and s_store_sk = ss_store_sk
   and ss_customer_sk = sr_customer_sk
   and ss_item_sk = sr_item_sk
   and ss_ticket_number = sr_ticket_number
   and sr_returned_date_sk = d2.d_date_sk
   and d2.d_quarter_name in ('1998Q1','1998Q2','1998Q3')
   and sr_customer_sk = cs_bill_customer_sk
   and sr_item_sk = cs_item_sk
   and cs_sold_date_sk = d3.d_date_sk
   and d3.d_quarter_name in ('1998Q1','1998Q2','1998Q3')
 group by i_item_id
         ,i_item_desc
         ,s_state
 order by i_item_id
         ,i_item_desc
         ,s_state
limit 100;
Limit  (cost=11757.30..11757.37 rows=1 width=434) (actual time=1168.967..1168.970 rows=0 loops=1)
  ->  GroupAggregate  (cost=11757.30..11757.37 rows=1 width=434) (actual time=1168.966..1168.969 rows=0 loops=1)
        Group Key: item.i_item_id, item.i_item_desc, store.s_state
        ->  Sort  (cost=11757.30..11757.30 rows=1 width=134) (actual time=1168.965..1168.968 rows=0 loops=1)
              Sort Key: item.i_item_id, item.i_item_desc, store.s_state
              Sort Method: quicksort  Memory: 25kB
              ->  Nested Loop  (cost=2.15..11757.29 rows=1 width=134) (actual time=1168.959..1168.961 rows=0 loops=1)
                    ->  Nested Loop  (cost=1.86..11756.98 rows=1 width=39) (actual time=1168.958..1168.961 rows=0 loops=1)
                          Join Filter: (store_sales.ss_store_sk = store.s_store_sk)
                          ->  Nested Loop  (cost=1.86..11755.71 rows=1 width=44) (actual time=1168.958..1168.960 rows=0 loops=1)
                                ->  Nested Loop  (cost=1.57..11755.40 rows=1 width=52) (actual time=118.779..1168.938 rows=4 loops=1)
                                      ->  Nested Loop  (cost=1.28..11755.09 rows=1 width=60) (actual time=118.768..1168.826 rows=19 loops=1)
                                            ->  Nested Loop  (cost=0.85..11752.87 rows=1 width=56) (actual time=8.630..108.367 rows=12417 loops=1)
                                                  ->  Nested Loop  (cost=0.42..10944.56 rows=1035 width=28) (actual time=8.622..37.332 rows=16715 loops=1)
                                                        ->  Seq Scan on date_dim d2  (cost=0.00..2409.42 rows=273 width=8) (actual time=8.606..18.297 rows=274 loops=1)
                                                              Filter: (d_quarter_name = ANY ('{1998Q1,1998Q2,1998Q3}'::bpchar[]))
                                                              Rows Removed by Filter: 72775
                                                        ->  Index Scan using i_sr_returned_date_sk on store_returns  (cost=0.42..29.86 rows=140 width=36) (actual time=0.003..0.058 rows=61 loops=274)
                                                              Index Cond: (sr_returned_date_sk = d2.d_date_sk)
                                                  ->  Index Scan using pk_store_sales on store_sales  (cost=0.43..0.77 rows=1 width=44) (actual time=0.004..0.004 rows=1 loops=16715)
                                                        Index Cond: ((ss_item_sk = store_returns.sr_item_sk) AND (ss_ticket_number = store_returns.sr_ticket_number))
                                                        Filter: (store_returns.sr_customer_sk = ss_customer_sk)
                                                        Rows Removed by Filter: 0
                                            ->  Index Scan using pk_catalog_sales on catalog_sales  (cost=0.43..2.21 rows=1 width=28) (actual time=0.085..0.085 rows=0 loops=12417)
                                                  Index Cond: (cs_item_sk = store_sales.ss_item_sk)
                                                  Filter: (store_sales.ss_customer_sk = cs_bill_customer_sk)
                                                  Rows Removed by Filter: 106
                                      ->  Index Scan using pk_date_dim on date_dim d1  (cost=0.29..0.31 rows=1 width=8) (actual time=0.005..0.005 rows=0 loops=19)
                                            Index Cond: (d_date_sk = store_sales.ss_sold_date_sk)
                                            Filter: (d_quarter_name = '1998Q1'::bpchar)
                                            Rows Removed by Filter: 1
                                ->  Index Scan using pk_date_dim on date_dim d3  (cost=0.29..0.31 rows=1 width=8) (actual time=0.005..0.005 rows=0 loops=4)
                                      Index Cond: (d_date_sk = catalog_sales.cs_sold_date_sk)
                                      Filter: (d_quarter_name = ANY ('{1998Q1,1998Q2,1998Q3}'::bpchar[]))
                                      Rows Removed by Filter: 1
                          ->  Seq Scan on store  (cost=0.00..1.12 rows=12 width=11) (never executed)
                    ->  Index Scan using pk_item on item  (cost=0.29..0.31 rows=1 width=127) (never executed)
                          Index Cond: (i_item_sk = store_sales.ss_item_sk)
 i_item_id | i_item_desc | s_state | store_sales_quantitycount | store_sales_quantityave | store_sales_quantitystdev | store_sales_quantitycov | store_returns_quantitycount | store_returns_quantityave | store_returns_quantitystdev | store_returns_quantitycov | catalog_sales_quantitycount | catalog_sales_quantityave | catalog_sales_quantitystdev | catalog_sales_quantitycov 
-----------+-------------+---------+---------------------------+-------------------------+---------------------------+-------------------------+-----------------------------+---------------------------+-----------------------------+---------------------------+-----------------------------+---------------------------+-----------------------------+---------------------------
(0 rows)

UPDATE time_statistics SET e_time = TRANSACTION_TIMESTAMP() WHERE template = 'query17.tpl' AND stream = 3;
psql:/tmp/s1-basline/throughput/query_3.sql:4369: NOTICE:  duration: 0.060 ms  plan:
Query Text: UPDATE time_statistics SET e_time = TRANSACTION_TIMESTAMP() WHERE template = 'query17.tpl' AND stream = 3;
Update on time_statistics  (cost=0.00..10.72 rows=0 width=0) (actual time=0.059..0.060 rows=0 loops=1)
  ->  Seq Scan on time_statistics  (cost=0.00..10.72 rows=1 width=14) (actual time=0.023..0.048 rows=1 loops=1)
        Filter: ((template = 'query17.tpl'::text) AND (stream = 3))
        Rows Removed by Filter: 380
UPDATE 1
LOAD 'auto_explain'; SET auto_explain.log_min_duration TO 0; SET auto_explain.log_analyze TO on; SET auto_explain.log_level TO notice; INSERT INTO time_statistics (template, s_time, stream, query, seed) VALUES ('query24.tpl', TRANSACTION_TIMESTAMP(), 3, 93, 418804813);
LOAD
SET
SET
SET
psql:/tmp/s1-basline/throughput/query_3.sql:4370: NOTICE:  duration: 0.020 ms  plan:
Query Text: INSERT INTO time_statistics (template, s_time, stream, query, seed) VALUES ('query24.tpl', TRANSACTION_TIMESTAMP(), 3, 93, 418804813);
Insert on time_statistics  (cost=0.00..0.01 rows=0 width=0) (actual time=0.019..0.019 rows=0 loops=1)
  ->  Result  (cost=0.00..0.01 rows=1 width=64) (actual time=0.001..0.001 rows=1 loops=1)
INSERT 0 1
with ssales as
(select c_last_name
      ,c_first_name
      ,s_store_name
      ,ca_state
      ,s_state
      ,i_color
      ,i_current_price
      ,i_manager_id
      ,i_units
      ,i_size
      ,sum(ss_sales_price) netpaid
from store_sales
    ,store_returns
    ,store
    ,item
    ,customer
    ,customer_address
where ss_ticket_number = sr_ticket_number
  and ss_item_sk = sr_item_sk
  and ss_customer_sk = c_customer_sk
  and ss_item_sk = i_item_sk
  and ss_store_sk = s_store_sk
  and c_current_addr_sk = ca_address_sk
  and c_birth_country <> upper(ca_country)
  and s_zip = ca_zip
and s_market_id=6
group by c_last_name
        ,c_first_name
        ,s_store_name
        ,ca_state
        ,s_state
        ,i_color
        ,i_current_price
        ,i_manager_id
        ,i_units
        ,i_size)
select c_last_name
      ,c_first_name
      ,s_store_name
      ,sum(netpaid) paid
from ssales
where i_color = 'snow'
group by c_last_name
        ,c_first_name
        ,s_store_name
having sum(netpaid) > (select 0.05*avg(netpaid)
                                 from ssales)
order by c_last_name
        ,c_first_name
        ,s_store_name
;
psql:/tmp/s1-basline/throughput/query_3.sql:4422: NOTICE:  duration: 416.606 ms  plan:
Query Text: with ssales as
(select c_last_name
      ,c_first_name
      ,s_store_name
      ,ca_state
      ,s_state
      ,i_color
      ,i_current_price
      ,i_manager_id
      ,i_units
      ,i_size
      ,sum(ss_sales_price) netpaid
from store_sales
    ,store_returns
    ,store
    ,item
    ,customer
    ,customer_address
where ss_ticket_number = sr_ticket_number
  and ss_item_sk = sr_item_sk
  and ss_customer_sk = c_customer_sk
  and ss_item_sk = i_item_sk
  and ss_store_sk = s_store_sk
  and c_current_addr_sk = ca_address_sk
  and c_birth_country <> upper(ca_country)
  and s_zip = ca_zip
and s_market_id=6
group by c_last_name
        ,c_first_name
        ,s_store_name
        ,ca_state
        ,s_state
        ,i_color
        ,i_current_price
        ,i_manager_id
        ,i_units
        ,i_size)
select c_last_name
      ,c_first_name
      ,s_store_name
      ,sum(netpaid) paid
from ssales
where i_color = 'snow'
group by c_last_name
        ,c_first_name
        ,s_store_name
having sum(netpaid) > (select 0.05*avg(netpaid)
                                 from ssales)
order by c_last_name
        ,c_first_name
        ,s_store_name
;
GroupAggregate  (cost=97266.45..97266.48 rows=1 width=334) (actual time=342.301..416.602 rows=0 loops=1)
  Group Key: ssales.c_last_name, ssales.c_first_name, ssales.s_store_name
  Filter: (sum(ssales.netpaid) > $6)
  CTE ssales
    ->  GroupAggregate  (cost=97266.34..97266.38 rows=1 width=136) (actual time=342.292..416.592 rows=0 loops=1)
          Group Key: customer.c_last_name, customer.c_first_name, store.s_store_name, customer_address.ca_state, store.s_state, item.i_color, item.i_current_price, item.i_manager_id, item.i_units, item.i_size
          ->  Sort  (cost=97266.34..97266.35 rows=1 width=136) (actual time=342.291..416.591 rows=0 loops=1)
                Sort Key: customer.c_last_name, customer.c_first_name, store.s_store_name, customer_address.ca_state, store.s_state, item.i_color, item.i_current_price, item.i_manager_id, item.i_units, item.i_size
                Sort Method: quicksort  Memory: 25kB
                ->  Nested Loop  (cost=91762.87..97266.33 rows=1 width=136) (actual time=342.278..416.578 rows=0 loops=1)
                      ->  Gather  (cost=91762.58..97266.03 rows=1 width=87) (actual time=342.278..416.577 rows=0 loops=1)
                            Workers Planned: 1
                            Workers Launched: 1
                            ->  Nested Loop  (cost=90762.58..96265.93 rows=1 width=87) (actual time=338.962..338.966 rows=0 loops=2)
                                  Join Filter: (store.s_zip = customer_address.ca_zip)
                                  ->  Nested Loop  (cost=90762.29..96260.50 rows=16 width=112) (actual time=338.961..338.965 rows=0 loops=2)
                                        ->  Parallel Hash Join  (cost=90762.00..96255.21 rows=17 width=51) (actual time=338.961..338.964 rows=0 loops=2)
                                              Hash Cond: ((store_returns.sr_ticket_number = store_sales.ss_ticket_number) AND (store_returns.sr_item_sk = store_sales.ss_item_sk))
                                              ->  Parallel Index Only Scan using pk_store_returns on store_returns  (cost=0.42..4226.63 rows=168925 width=16) (never executed)
                                                    Heap Fetches: 0
                                              ->  Parallel Hash  (cost=89332.39..89332.39 rows=95279 width=51) (actual time=337.779..337.781 rows=0 loops=2)
                                                    Buckets: 262144  Batches: 1  Memory Usage: 0kB
                                                    ->  Hash Join  (cost=1.16..89332.39 rows=95279 width=51) (actual time=337.741..337.743 rows=0 loops=2)
                                                          Hash Cond: (store_sales.ss_store_sk = store.s_store_sk)
                                                          ->  Parallel Seq Scan on store_sales  (cost=0.00..85123.48 rows=1199148 width=40) (actual time=0.016..156.863 rows=1438964 loops=2)
                                                          ->  Hash  (cost=1.15..1.15 rows=1 width=27) (actual time=0.030..0.031 rows=1 loops=2)
                                                                Buckets: 1024  Batches: 1  Memory Usage: 9kB
                                                                ->  Seq Scan on store  (cost=0.00..1.15 rows=1 width=27) (actual time=0.027..0.028 rows=1 loops=2)
                                                                      Filter: (s_market_id = 6)
                                                                      Rows Removed by Filter: 11
                                        ->  Index Scan using pk_customer on customer  (cost=0.29..0.31 rows=1 width=77) (never executed)
                                              Index Cond: (c_customer_sk = store_sales.ss_customer_sk)
                                  ->  Index Scan using pk_customer_address on customer_address  (cost=0.29..0.33 rows=1 width=36) (never executed)
                                        Index Cond: (ca_address_sk = customer.c_current_addr_sk)
                                        Filter: ((customer.c_birth_country)::text <> upper((ca_country)::text))
                      ->  Index Scan using pk_item on item  (cost=0.29..0.31 rows=1 width=73) (never executed)
                            Index Cond: (i_item_sk = store_sales.ss_item_sk)
  InitPlan 2 (returns $6)
    ->  Aggregate  (cost=0.02..0.04 rows=1 width=8) (never executed)
          ->  CTE Scan on ssales ssales_1  (cost=0.00..0.02 rows=1 width=8) (never executed)
  ->  Sort  (cost=0.03..0.04 rows=1 width=334) (actual time=342.300..342.300 rows=0 loops=1)
        Sort Key: ssales.c_last_name, ssales.c_first_name, ssales.s_store_name
        Sort Method: quicksort  Memory: 25kB
        ->  CTE Scan on ssales  (cost=0.00..0.02 rows=1 width=334) (actual time=342.294..342.294 rows=0 loops=1)
              Filter: (i_color = 'snow'::bpchar)
 c_last_name | c_first_name | s_store_name | paid 
-------------+--------------+--------------+------
(0 rows)

with ssales as
(select c_last_name
      ,c_first_name
      ,s_store_name
      ,ca_state
      ,s_state
      ,i_color
      ,i_current_price
      ,i_manager_id
      ,i_units
      ,i_size
      ,sum(ss_sales_price) netpaid
from store_sales
    ,store_returns
    ,store
    ,item
    ,customer
    ,customer_address
where ss_ticket_number = sr_ticket_number
  and ss_item_sk = sr_item_sk
  and ss_customer_sk = c_customer_sk
  and ss_item_sk = i_item_sk
  and ss_store_sk = s_store_sk
  and c_current_addr_sk = ca_address_sk
  and c_birth_country <> upper(ca_country)
  and s_zip = ca_zip
  and s_market_id = 6
group by c_last_name
        ,c_first_name
        ,s_store_name
        ,ca_state
        ,s_state
        ,i_color
        ,i_current_price
        ,i_manager_id
        ,i_units
        ,i_size)
select c_last_name
      ,c_first_name
      ,s_store_name
      ,sum(netpaid) paid
from ssales
where i_color = 'lime'
group by c_last_name
        ,c_first_name
        ,s_store_name
having sum(netpaid) > (select 0.05*avg(netpaid)
                           from ssales)
order by c_last_name
        ,c_first_name
        ,s_store_name
;
psql:/tmp/s1-basline/throughput/query_3.sql:4474: NOTICE:  duration: 410.810 ms  plan:
Query Text: with ssales as
(select c_last_name
      ,c_first_name
      ,s_store_name
      ,ca_state
      ,s_state
      ,i_color
      ,i_current_price
      ,i_manager_id
      ,i_units
      ,i_size
      ,sum(ss_sales_price) netpaid
from store_sales
    ,store_returns
    ,store
    ,item
    ,customer
    ,customer_address
where ss_ticket_number = sr_ticket_number
  and ss_item_sk = sr_item_sk
  and ss_customer_sk = c_customer_sk
  and ss_item_sk = i_item_sk
  and ss_store_sk = s_store_sk
  and c_current_addr_sk = ca_address_sk
  and c_birth_country <> upper(ca_country)
  and s_zip = ca_zip
  and s_market_id = 6
group by c_last_name
        ,c_first_name
        ,s_store_name
        ,ca_state
        ,s_state
        ,i_color
        ,i_current_price
        ,i_manager_id
        ,i_units
        ,i_size)
select c_last_name
      ,c_first_name
      ,s_store_name
      ,sum(netpaid) paid
from ssales
where i_color = 'lime'
group by c_last_name
        ,c_first_name
        ,s_store_name
having sum(netpaid) > (select 0.05*avg(netpaid)
                           from ssales)
order by c_last_name
        ,c_first_name
        ,s_store_name
;
GroupAggregate  (cost=97266.45..97266.48 rows=1 width=334) (actual time=335.840..410.807 rows=0 loops=1)
  Group Key: ssales.c_last_name, ssales.c_first_name, ssales.s_store_name
  Filter: (sum(ssales.netpaid) > $6)
  CTE ssales
    ->  GroupAggregate  (cost=97266.34..97266.38 rows=1 width=136) (actual time=335.832..410.798 rows=0 loops=1)
          Group Key: customer.c_last_name, customer.c_first_name, store.s_store_name, customer_address.ca_state, store.s_state, item.i_color, item.i_current_price, item.i_manager_id, item.i_units, item.i_size
          ->  Sort  (cost=97266.34..97266.35 rows=1 width=136) (actual time=335.831..410.797 rows=0 loops=1)
                Sort Key: customer.c_last_name, customer.c_first_name, store.s_store_name, customer_address.ca_state, store.s_state, item.i_color, item.i_current_price, item.i_manager_id, item.i_units, item.i_size
                Sort Method: quicksort  Memory: 25kB
                ->  Nested Loop  (cost=91762.87..97266.33 rows=1 width=136) (actual time=335.826..410.791 rows=0 loops=1)
                      ->  Gather  (cost=91762.58..97266.03 rows=1 width=87) (actual time=335.826..410.790 rows=0 loops=1)
                            Workers Planned: 1
                            Workers Launched: 1
                            ->  Nested Loop  (cost=90762.58..96265.93 rows=1 width=87) (actual time=332.480..332.485 rows=0 loops=2)
                                  Join Filter: (store.s_zip = customer_address.ca_zip)
                                  ->  Nested Loop  (cost=90762.29..96260.50 rows=16 width=112) (actual time=332.480..332.483 rows=0 loops=2)
                                        ->  Parallel Hash Join  (cost=90762.00..96255.21 rows=17 width=51) (actual time=332.479..332.482 rows=0 loops=2)
                                              Hash Cond: ((store_returns.sr_ticket_number = store_sales.ss_ticket_number) AND (store_returns.sr_item_sk = store_sales.ss_item_sk))
                                              ->  Parallel Index Only Scan using pk_store_returns on store_returns  (cost=0.42..4226.63 rows=168925 width=16) (never executed)
                                                    Heap Fetches: 0
                                              ->  Parallel Hash  (cost=89332.39..89332.39 rows=95279 width=51) (actual time=331.372..331.373 rows=0 loops=2)
                                                    Buckets: 262144  Batches: 1  Memory Usage: 0kB
                                                    ->  Hash Join  (cost=1.16..89332.39 rows=95279 width=51) (actual time=331.334..331.335 rows=0 loops=2)
                                                          Hash Cond: (store_sales.ss_store_sk = store.s_store_sk)
                                                          ->  Parallel Seq Scan on store_sales  (cost=0.00..85123.48 rows=1199148 width=40) (actual time=0.012..152.911 rows=1438964 loops=2)
                                                          ->  Hash  (cost=1.15..1.15 rows=1 width=27) (actual time=0.021..0.022 rows=1 loops=2)
                                                                Buckets: 1024  Batches: 1  Memory Usage: 9kB
                                                                ->  Seq Scan on store  (cost=0.00..1.15 rows=1 width=27) (actual time=0.018..0.019 rows=1 loops=2)
                                                                      Filter: (s_market_id = 6)
                                                                      Rows Removed by Filter: 11
                                        ->  Index Scan using pk_customer on customer  (cost=0.29..0.31 rows=1 width=77) (never executed)
                                              Index Cond: (c_customer_sk = store_sales.ss_customer_sk)
                                  ->  Index Scan using pk_customer_address on customer_address  (cost=0.29..0.33 rows=1 width=36) (never executed)
                                        Index Cond: (ca_address_sk = customer.c_current_addr_sk)
                                        Filter: ((customer.c_birth_country)::text <> upper((ca_country)::text))
                      ->  Index Scan using pk_item on item  (cost=0.29..0.31 rows=1 width=73) (never executed)
                            Index Cond: (i_item_sk = store_sales.ss_item_sk)
  InitPlan 2 (returns $6)
    ->  Aggregate  (cost=0.02..0.04 rows=1 width=8) (never executed)
          ->  CTE Scan on ssales ssales_1  (cost=0.00..0.02 rows=1 width=8) (never executed)
  ->  Sort  (cost=0.03..0.04 rows=1 width=334) (actual time=335.839..335.840 rows=0 loops=1)
        Sort Key: ssales.c_last_name, ssales.c_first_name, ssales.s_store_name
        Sort Method: quicksort  Memory: 25kB
        ->  CTE Scan on ssales  (cost=0.00..0.02 rows=1 width=334) (actual time=335.834..335.834 rows=0 loops=1)
              Filter: (i_color = 'lime'::bpchar)
 c_last_name | c_first_name | s_store_name | paid 
-------------+--------------+--------------+------
(0 rows)

UPDATE time_statistics SET e_time = TRANSACTION_TIMESTAMP() WHERE template = 'query24.tpl' AND stream = 3;
psql:/tmp/s1-basline/throughput/query_3.sql:4476: NOTICE:  duration: 0.071 ms  plan:
Query Text: UPDATE time_statistics SET e_time = TRANSACTION_TIMESTAMP() WHERE template = 'query24.tpl' AND stream = 3;
Update on time_statistics  (cost=0.00..10.72 rows=0 width=0) (actual time=0.070..0.070 rows=0 loops=1)
  ->  Seq Scan on time_statistics  (cost=0.00..10.72 rows=1 width=14) (actual time=0.031..0.056 rows=1 loops=1)
        Filter: ((template = 'query24.tpl'::text) AND (stream = 3))
        Rows Removed by Filter: 381
UPDATE 1
LOAD 'auto_explain'; SET auto_explain.log_min_duration TO 0; SET auto_explain.log_analyze TO on; SET auto_explain.log_level TO notice; INSERT INTO time_statistics (template, s_time, stream, query, seed) VALUES ('query48.tpl', TRANSACTION_TIMESTAMP(), 3, 94, 1120521622);
LOAD
SET
SET
SET
psql:/tmp/s1-basline/throughput/query_3.sql:4477: NOTICE:  duration: 0.009 ms  plan:
Query Text: INSERT INTO time_statistics (template, s_time, stream, query, seed) VALUES ('query48.tpl', TRANSACTION_TIMESTAMP(), 3, 94, 1120521622);
Insert on time_statistics  (cost=0.00..0.01 rows=0 width=0) (actual time=0.009..0.009 rows=0 loops=1)
  ->  Result  (cost=0.00..0.01 rows=1 width=64) (actual time=0.001..0.002 rows=1 loops=1)
INSERT 0 1
select sum (ss_quantity)
 from store_sales, store, customer_demographics, customer_address, date_dim
 where s_store_sk = ss_store_sk
 and  ss_sold_date_sk = d_date_sk and d_year = 2000
 and  
 (
  (
   cd_demo_sk = ss_cdemo_sk
   and 
   cd_marital_status = 'S'
   and 
   cd_education_status = 'College'
   and 
   ss_sales_price between 100.00 and 150.00  
   )
 or
  (
  cd_demo_sk = ss_cdemo_sk
   and 
   cd_marital_status = 'W'
   and 
   cd_education_status = '4 yr Degree'
   and 
   ss_sales_price between 50.00 and 100.00   
  )
 or 
 (
  cd_demo_sk = ss_cdemo_sk
  and 
   cd_marital_status = 'U'
   and 
   cd_education_status = 'Advanced Degree'
   and 
   ss_sales_price between 150.00 and 200.00  
 )
 )
 and
 (
  (
  ss_addr_sk = ca_address_sk
  and
  ca_country = 'United States'
  and
  ca_state in ('MS', 'NE', 'WI')
  and ss_net_profit between 0 and 2000  
  )
 or
  (ss_addr_sk = ca_address_sk
  and
  ca_country = 'United States'
  and
  ca_state in ('KY', 'VA', 'KS')
  and ss_net_profit between 150 and 3000 
  )
 or
  (ss_addr_sk = ca_address_sk
  and
  ca_country = 'United States'
  and
  ca_state in ('LA', 'AL', 'AK')
  and ss_net_profit between 50 and 25000 
  )
 )
;
psql:/tmp/s1-basline/throughput/query_3.sql:4541: NOTICE:  duration: 457.118 ms  plan:
Query Text: select sum (ss_quantity)
 from store_sales, store, customer_demographics, customer_address, date_dim
 where s_store_sk = ss_store_sk
 and  ss_sold_date_sk = d_date_sk and d_year = 2000
 and  
 (
  (
   cd_demo_sk = ss_cdemo_sk
   and 
   cd_marital_status = 'S'
   and 
   cd_education_status = 'College'
   and 
   ss_sales_price between 100.00 and 150.00  
   )
 or
  (
  cd_demo_sk = ss_cdemo_sk
   and 
   cd_marital_status = 'W'
   and 
   cd_education_status = '4 yr Degree'
   and 
   ss_sales_price between 50.00 and 100.00   
  )
 or 
 (
  cd_demo_sk = ss_cdemo_sk
  and 
   cd_marital_status = 'U'
   and 
   cd_education_status = 'Advanced Degree'
   and 
   ss_sales_price between 150.00 and 200.00  
 )
 )
 and
 (
  (
  ss_addr_sk = ca_address_sk
  and
  ca_country = 'United States'
  and
  ca_state in ('MS', 'NE', 'WI')
  and ss_net_profit between 0 and 2000  
  )
 or
  (ss_addr_sk = ca_address_sk
  and
  ca_country = 'United States'
  and
  ca_state in ('KY', 'VA', 'KS')
  and ss_net_profit between 150 and 3000 
  )
 or
  (ss_addr_sk = ca_address_sk
  and
  ca_country = 'United States'
  and
  ca_state in ('LA', 'AL', 'AK')
  and ss_net_profit between 50 and 25000 
  )
 )
;
Aggregate  (cost=111061.87..111061.88 rows=1 width=8) (actual time=457.109..457.111 rows=1 loops=1)
  ->  Nested Loop  (cost=1.15..111061.86 rows=4 width=4) (actual time=12.347..457.079 rows=400 loops=1)
        Join Filter: (store_sales.ss_store_sk = store.s_store_sk)
        Rows Removed by Join Filter: 4412
        ->  Seq Scan on store  (cost=0.00..1.12 rows=12 width=8) (actual time=0.003..0.005 rows=12 loops=1)
        ->  Materialize  (cost=1.15..111060.03 rows=4 width=12) (actual time=0.350..38.062 rows=401 loops=12)
              ->  Nested Loop  (cost=1.15..111060.01 rows=4 width=12) (actual time=4.196..456.450 rows=401 loops=1)
                    ->  Nested Loop  (cost=0.72..110973.31 rows=150 width=28) (actual time=4.085..409.059 rows=16085 loops=1)
                          ->  Nested Loop  (cost=0.43..110330.67 rows=1779 width=44) (actual time=4.062..241.646 rows=85874 loops=1)
                                ->  Seq Scan on date_dim  (cost=0.00..2318.11 rows=363 width=8) (actual time=4.046..8.636 rows=366 loops=1)
                                      Filter: (d_year = 2000)
                                      Rows Removed by Filter: 72683
                                ->  Index Scan using i_ss_sold_date_sk on store_sales  (cost=0.43..295.60 rows=196 width=52) (actual time=0.007..0.616 rows=235 loops=366)
                                      Index Cond: (ss_sold_date_sk = date_dim.d_date_sk)
                                      Filter: ((((ss_sales_price >= '100'::double precision) AND (ss_sales_price <= '150'::double precision)) OR ((ss_sales_price >= '50'::double precision) AND (ss_sales_price <= '100'::double precision)) OR ((ss_sales_price >= '150'::double precision) AND (ss_sales_price <= '200'::double precision))) AND (((ss_net_profit >= '0'::double precision) AND (ss_net_profit <= '2000'::double precision)) OR ((ss_net_profit >= '150'::double precision) AND (ss_net_profit <= '3000'::double precision)) OR ((ss_net_profit >= '50'::double precision) AND (ss_net_profit <= '25000'::double precision))))
                                      Rows Removed by Filter: 1272
                          ->  Index Scan using pk_customer_address on customer_address  (cost=0.29..0.35 rows=1 width=11) (actual time=0.002..0.002 rows=0 loops=85874)
                                Index Cond: (ca_address_sk = store_sales.ss_addr_sk)
                                Filter: (((ca_country)::text = 'United States'::text) AND ((ca_state = ANY ('{MS,NE,WI}'::bpchar[])) OR (ca_state = ANY ('{KY,VA,KS}'::bpchar[])) OR (ca_state = ANY ('{LA,AL,AK}'::bpchar[]))) AND (((ca_state = ANY ('{MS,NE,WI}'::bpchar[])) AND (store_sales.ss_net_profit >= '0'::double precision) AND (store_sales.ss_net_profit <= '2000'::double precision)) OR ((ca_state = ANY ('{KY,VA,KS}'::bpchar[])) AND (store_sales.ss_net_profit >= '150'::double precision) AND (store_sales.ss_net_profit <= '3000'::double precision)) OR ((ca_state = ANY ('{LA,AL,AK}'::bpchar[])) AND (store_sales.ss_net_profit >= '50'::double precision) AND (store_sales.ss_net_profit <= '25000'::double precision))))
                                Rows Removed by Filter: 1
                    ->  Index Scan using pk_customer_demographics on customer_demographics  (cost=0.43..0.57 rows=1 width=31) (actual time=0.003..0.003 rows=0 loops=16085)
                          Index Cond: (cd_demo_sk = store_sales.ss_cdemo_sk)
                          Filter: ((((cd_marital_status = 'S'::bpchar) AND (cd_education_status = 'College'::bpchar)) OR ((cd_marital_status = 'W'::bpchar) AND (cd_education_status = '4 yr Degree'::bpchar)) OR ((cd_marital_status = 'U'::bpchar) AND (cd_education_status = 'Advanced Degree'::bpchar))) AND (((cd_marital_status = 'S'::bpchar) AND (cd_education_status = 'College'::bpchar) AND (store_sales.ss_sales_price >= '100'::double precision) AND (store_sales.ss_sales_price <= '150'::double precision)) OR ((cd_marital_status = 'W'::bpchar) AND (cd_education_status = '4 yr Degree'::bpchar) AND (store_sales.ss_sales_price >= '50'::double precision) AND (store_sales.ss_sales_price <= '100'::double precision)) OR ((cd_marital_status = 'U'::bpchar) AND (cd_education_status = 'Advanced Degree'::bpchar) AND (store_sales.ss_sales_price >= '150'::double precision) AND (store_sales.ss_sales_price <= '200'::double precision))))
                          Rows Removed by Filter: 1
  sum  
-------
 20239
(1 row)

UPDATE time_statistics SET e_time = TRANSACTION_TIMESTAMP() WHERE template = 'query48.tpl' AND stream = 3;
psql:/tmp/s1-basline/throughput/query_3.sql:4543: NOTICE:  duration: 0.068 ms  plan:
Query Text: UPDATE time_statistics SET e_time = TRANSACTION_TIMESTAMP() WHERE template = 'query48.tpl' AND stream = 3;
Update on time_statistics  (cost=0.00..10.72 rows=0 width=0) (actual time=0.068..0.068 rows=0 loops=1)
  ->  Seq Scan on time_statistics  (cost=0.00..10.72 rows=1 width=14) (actual time=0.028..0.053 rows=1 loops=1)
        Filter: ((template = 'query48.tpl'::text) AND (stream = 3))
        Rows Removed by Filter: 382
UPDATE 1
LOAD 'auto_explain'; SET auto_explain.log_min_duration TO 0; SET auto_explain.log_analyze TO on; SET auto_explain.log_level TO notice; INSERT INTO time_statistics (template, s_time, stream, query, seed) VALUES ('query51.tpl', TRANSACTION_TIMESTAMP(), 3, 95, 1322800411);
LOAD
SET
SET
SET
psql:/tmp/s1-basline/throughput/query_3.sql:4544: NOTICE:  duration: 0.009 ms  plan:
Query Text: INSERT INTO time_statistics (template, s_time, stream, query, seed) VALUES ('query51.tpl', TRANSACTION_TIMESTAMP(), 3, 95, 1322800411);
Insert on time_statistics  (cost=0.00..0.01 rows=0 width=0) (actual time=0.009..0.009 rows=0 loops=1)
  ->  Result  (cost=0.00..0.01 rows=1 width=64) (actual time=0.001..0.002 rows=1 loops=1)
INSERT 0 1
WITH web_v1 as (
select
  ws_item_sk item_sk, d_date,
  sum(sum(ws_sales_price))
      over (partition by ws_item_sk order by d_date rows between unbounded preceding and current row) cume_sales
from web_sales
    ,date_dim
where ws_sold_date_sk=d_date_sk
  and d_month_seq between 1213 and 1213+11
  and ws_item_sk is not NULL
group by ws_item_sk, d_date),
store_v1 as (
select
  ss_item_sk item_sk, d_date,
  sum(sum(ss_sales_price))
      over (partition by ss_item_sk order by d_date rows between unbounded preceding and current row) cume_sales
from store_sales
    ,date_dim
where ss_sold_date_sk=d_date_sk
  and d_month_seq between 1213 and 1213+11
  and ss_item_sk is not NULL
group by ss_item_sk, d_date)
 select  *
from (select item_sk
     ,d_date
     ,web_sales
     ,store_sales
     ,max(web_sales)
         over (partition by item_sk order by d_date rows between unbounded preceding and current row) web_cumulative
     ,max(store_sales)
         over (partition by item_sk order by d_date rows between unbounded preceding and current row) store_cumulative
     from (select case when web.item_sk is not null then web.item_sk else store.item_sk end item_sk
                 ,case when web.d_date is not null then web.d_date else store.d_date end d_date
                 ,web.cume_sales web_sales
                 ,store.cume_sales store_sales
           from web_v1 web full outer join store_v1 store on (web.item_sk = store.item_sk
                                                          and web.d_date = store.d_date)
          )x )y
where web_cumulative > store_cumulative
order by item_sk
        ,d_date
limit 100;
psql:/tmp/s1-basline/throughput/query_3.sql:4586: NOTICE:  duration: 1437.898 ms  plan:
Query Text: WITH web_v1 as (
select
  ws_item_sk item_sk, d_date,
  sum(sum(ws_sales_price))
      over (partition by ws_item_sk order by d_date rows between unbounded preceding and current row) cume_sales
from web_sales
    ,date_dim
where ws_sold_date_sk=d_date_sk
  and d_month_seq between 1213 and 1213+11
  and ws_item_sk is not NULL
group by ws_item_sk, d_date),
store_v1 as (
select
  ss_item_sk item_sk, d_date,
  sum(sum(ss_sales_price))
      over (partition by ss_item_sk order by d_date rows between unbounded preceding and current row) cume_sales
from store_sales
    ,date_dim
where ss_sold_date_sk=d_date_sk
  and d_month_seq between 1213 and 1213+11
  and ss_item_sk is not NULL
group by ss_item_sk, d_date)
 select  *
from (select item_sk
     ,d_date
     ,web_sales
     ,store_sales
     ,max(web_sales)
         over (partition by item_sk order by d_date rows between unbounded preceding and current row) web_cumulative
     ,max(store_sales)
         over (partition by item_sk order by d_date rows between unbounded preceding and current row) store_cumulative
     from (select case when web.item_sk is not null then web.item_sk else store.item_sk end item_sk
                 ,case when web.d_date is not null then web.d_date else store.d_date end d_date
                 ,web.cume_sales web_sales
                 ,store.cume_sales store_sales
           from web_v1 web full outer join store_v1 store on (web.item_sk = store.item_sk
                                                          and web.d_date = store.d_date)
          )x )y
where web_cumulative > store_cumulative
order by item_sk
        ,d_date
limit 100;
Limit  (cost=129624.43..129634.93 rows=100 width=44) (actual time=1380.975..1437.831 rows=100 loops=1)
  ->  Subquery Scan on y  (cost=129624.43..130089.48 rows=4429 width=44) (actual time=1380.974..1437.823 rows=100 loops=1)
        Filter: (y.web_cumulative > y.store_cumulative)
        Rows Removed by Filter: 1983
        ->  WindowAgg  (cost=129624.43..129923.39 rows=13287 width=44) (actual time=1380.834..1437.717 rows=2083 loops=1)
              ->  Sort  (cost=129624.43..129657.65 rows=13287 width=28) (actual time=1380.822..1436.914 rows=2084 loops=1)
                    Sort Key: (CASE WHEN (web_sales.ws_item_sk IS NOT NULL) THEN web_sales.ws_item_sk ELSE store_sales.ss_item_sk END), (CASE WHEN (date_dim.d_date IS NOT NULL) THEN date_dim.d_date ELSE date_dim_1.d_date END)
                    Sort Method: external merge  Disk: 20496kB
                    ->  Merge Full Join  (cost=126133.75..128714.43 rows=13287 width=28) (actual time=497.504..1300.720 rows=609594 loops=1)
                          Merge Cond: ((web_sales.ws_item_sk = store_sales.ss_item_sk) AND (date_dim.d_date = date_dim_1.d_date))
                          ->  WindowAgg  (cost=34012.97..34493.51 rows=3476 width=20) (actual time=124.402..276.481 rows=139886 loops=1)
                                ->  Finalize GroupAggregate  (cost=34012.97..34432.68 rows=3476 width=20) (actual time=124.393..216.367 rows=139886 loops=1)
                                      Group Key: web_sales.ws_item_sk, date_dim.d_date
                                      ->  Gather Merge  (cost=34012.97..34376.20 rows=2896 width=20) (actual time=124.390..179.084 rows=142322 loops=1)
                                            Workers Planned: 2
                                            Workers Launched: 2
                                            ->  Partial GroupAggregate  (cost=33012.94..33041.90 rows=1448 width=20) (actual time=115.182..136.656 rows=47441 loops=3)
                                                  Group Key: web_sales.ws_item_sk, date_dim.d_date
                                                  ->  Sort  (cost=33012.94..33016.56 rows=1448 width=20) (actual time=115.175..120.329 rows=47956 loops=3)
                                                        Sort Key: web_sales.ws_item_sk, date_dim.d_date
                                                        Sort Method: quicksort  Memory: 7569kB
                                                        Worker 0:  Sort Method: quicksort  Memory: 3772kB
                                                        Worker 1:  Sort Method: quicksort  Memory: 3796kB
                                                        ->  Hash Join  (cost=2505.15..32936.93 rows=1448 width=20) (actual time=12.991..100.032 rows=47956 loops=3)
                                                              Hash Cond: (web_sales.ws_sold_date_sk = date_dim.d_date_sk)
                                                              ->  Parallel Seq Scan on web_sales  (cost=0.00..29644.81 rows=299781 width=24) (actual time=0.019..62.323 rows=239825 loops=3)
                                                                    Filter: (ws_item_sk IS NOT NULL)
                                                              ->  Hash  (cost=2500.73..2500.73 rows=353 width=12) (actual time=12.932..12.934 rows=365 loops=3)
                                                                    Buckets: 1024  Batches: 1  Memory Usage: 26kB
                                                                    ->  Seq Scan on date_dim  (cost=0.00..2500.73 rows=353 width=12) (actual time=6.241..12.883 rows=365 loops=3)
                                                                          Filter: ((d_month_seq >= 1213) AND (d_month_seq <= 1224))
                                                                          Rows Removed by Filter: 72684
                          ->  WindowAgg  (cost=92120.79..93957.92 rows=13287 width=20) (actual time=373.096..928.002 rows=496440 loops=1)
                                ->  Finalize GroupAggregate  (cost=92120.79..93725.40 rows=13287 width=20) (actual time=373.085..724.872 rows=496440 loops=1)
                                      Group Key: store_sales.ss_item_sk, date_dim_1.d_date
                                      ->  Gather Merge  (cost=92120.79..93509.49 rows=11072 width=20) (actual time=373.079..599.657 rows=531759 loops=1)
                                            Workers Planned: 2
                                            Workers Launched: 2
                                            ->  Partial GroupAggregate  (cost=91120.76..91231.48 rows=5536 width=20) (actual time=355.905..432.096 rows=177253 loops=3)
                                                  Group Key: store_sales.ss_item_sk, date_dim_1.d_date
                                                  ->  Sort  (cost=91120.76..91134.60 rows=5536 width=20) (actual time=355.896..369.804 rows=183883 loops=3)
                                                        Sort Key: store_sales.ss_item_sk, date_dim_1.d_date
                                                        Sort Method: external merge  Disk: 6728kB
                                                        Worker 0:  Sort Method: quicksort  Memory: 15270kB
                                                        Worker 1:  Sort Method: quicksort  Memory: 15359kB
                                                        ->  Hash Join  (cost=2505.15..90776.57 rows=5536 width=20) (actual time=13.265..280.603 rows=183883 loops=3)
                                                              Hash Cond: (store_sales.ss_sold_date_sk = date_dim_1.d_date_sk)
                                                              ->  Parallel Seq Scan on store_sales  (cost=0.00..85123.48 rows=1199148 width=24) (actual time=0.015..178.723 rows=959309 loops=3)
                                                                    Filter: (ss_item_sk IS NOT NULL)
                                                              ->  Hash  (cost=2500.73..2500.73 rows=353 width=12) (actual time=13.215..13.216 rows=365 loops=3)
                                                                    Buckets: 1024  Batches: 1  Memory Usage: 26kB
                                                                    ->  Seq Scan on date_dim date_dim_1  (cost=0.00..2500.73 rows=353 width=12) (actual time=6.391..13.166 rows=365 loops=3)
                                                                          Filter: ((d_month_seq >= 1213) AND (d_month_seq <= 1224))
                                                                          Rows Removed by Filter: 72684
 item_sk |   d_date   |     web_sales      |    store_sales     |   web_cumulative   |  store_cumulative  
---------+------------+--------------------+--------------------+--------------------+--------------------
       9 | 2001-03-12 |                    |              27.13 |              42.87 |              27.13
       9 | 2001-03-14 |                    | 31.479999999999997 |              42.87 | 31.479999999999997
       9 | 2001-04-02 |                    |              36.65 |              42.87 |              36.65
      21 | 2001-02-06 |                    |              17.67 |             146.49 |              17.67
      21 | 2001-02-10 |                    | 19.990000000000002 |             146.49 | 19.990000000000002
      21 | 2001-02-13 |                    |               66.5 |             146.49 |               66.5
      21 | 2001-03-14 |             154.97 |                    |             154.97 |               66.5
      21 | 2001-04-03 |                    | 147.98000000000002 |             154.97 | 147.98000000000002
      21 | 2001-04-08 |             177.48 |                    |             177.48 | 162.94000000000003
      21 | 2001-04-09 |                    | 174.82000000000002 |             177.48 | 174.82000000000002
      21 | 2001-05-12 | 237.67999999999998 |                    | 237.67999999999998 | 224.60000000000002
      21 | 2001-05-20 |                    | 227.51000000000002 | 237.67999999999998 | 227.51000000000002
      21 | 2001-06-18 |             302.75 |                    |             302.75 | 269.40000000000003
      21 | 2001-07-01 |                    |             274.18 |             302.75 |             274.18
      21 | 2001-07-03 |              393.3 |                    |              393.3 |             274.18
      21 | 2001-07-05 |                    |             287.79 |              393.3 |             287.79
      21 | 2001-07-07 |                    |             387.05 |              393.3 |             387.05
      21 | 2001-07-08 |             528.37 |                    |             528.37 |             387.05
      21 | 2001-07-15 |                    |             411.47 |             528.37 |             411.47
      21 | 2001-07-20 |                    | 436.94000000000005 |             528.37 | 436.94000000000005
      21 | 2001-07-22 |             528.91 |                    |             528.91 | 436.94000000000005
      21 | 2001-08-04 |                    | 463.65000000000003 |             528.91 | 463.65000000000003
      21 | 2001-08-06 |                    | 502.95000000000005 |             528.91 | 502.95000000000005
      21 | 2001-08-12 |                    |  522.1800000000001 |             528.91 |  522.1800000000001
      21 | 2001-08-22 |                    |             523.33 |             528.91 |             523.33
      21 | 2001-08-24 |                    |             526.22 |             528.91 |             526.22
      23 | 2001-02-15 |                    |                  0 |               5.91 |                  0
      25 | 2001-06-14 | 407.65000000000003 |                    | 407.65000000000003 | 398.90999999999997
      25 | 2001-07-24 |             495.67 |                    |             495.67 | 490.65999999999997
      27 | 2001-02-08 |               59.6 |                    |               59.6 |               5.76
      27 | 2001-02-10 |                    |              20.64 |               59.6 |              20.64
      27 | 2001-02-11 |              66.51 |                    |              66.51 |              20.64
      27 | 2001-02-25 |                    | 48.150000000000006 |              66.51 | 48.150000000000006
      27 | 2001-03-11 | 134.42000000000002 |                    | 134.42000000000002 | 48.150000000000006
      27 | 2001-03-15 | 161.94000000000003 |                    | 161.94000000000003 | 48.150000000000006
      27 | 2001-03-24 |                    | 60.300000000000004 | 161.94000000000003 | 60.300000000000004
      27 | 2001-03-29 |             274.24 |                    |             274.24 | 60.300000000000004
      27 | 2001-04-10 |                    |  91.85000000000001 |             274.24 |  91.85000000000001
      27 | 2001-04-30 |             372.37 |                    |             372.37 |  91.85000000000001
      27 | 2001-05-09 |                    |             104.54 |             372.37 |             104.54
      27 | 2001-05-12 |                    |             213.11 |             372.37 |             213.11
      27 | 2001-05-15 |                    |             289.04 |             372.37 |             289.04
      27 | 2001-05-23 |                    |             310.81 |             372.37 |             310.81
      27 | 2001-05-25 |                    |             327.12 |             372.37 |             327.12
      33 | 2001-04-12 |             137.69 |                    |             137.69 |             134.24
      35 | 2001-03-01 |              74.36 |                    |              74.36 |               61.1
      35 | 2001-03-03 |              98.05 |                    |              98.05 |               61.1
      35 | 2001-03-05 | 229.35000000000002 |                    | 229.35000000000002 |               61.1
      35 | 2001-03-15 |                    |             107.43 | 229.35000000000002 |             107.43
      35 | 2001-04-25 |                    | 114.77000000000001 | 229.35000000000002 | 114.77000000000001
      35 | 2001-05-04 |                    |             174.75 | 229.35000000000002 |             174.75
      35 | 2001-05-11 |             241.24 |                    |             241.24 |             174.75
      35 | 2001-05-30 |                    |             177.93 |             241.24 |             177.93
      35 | 2001-06-01 |                    |             181.44 |             241.24 |             181.44
      35 | 2001-06-11 |                    |             233.37 |             241.24 |             233.37
      35 | 2001-07-15 |                    |             237.02 |             241.24 |             237.02
      35 | 2001-08-02 |              457.3 |                    |              457.3 | 305.52000000000004
      35 | 2001-08-04 |                    | 308.02000000000004 |              457.3 | 308.02000000000004
      35 | 2001-08-07 |                    |             367.66 |              457.3 |             367.66
      35 | 2001-08-10 |                    | 444.59000000000003 |              457.3 | 444.59000000000003
      39 | 2001-02-22 |             140.29 |                    |             140.29 |              33.43
      39 | 2001-02-28 |                    |              66.87 |             140.29 |              66.87
      39 | 2001-03-26 |             274.45 |                    |             274.45 |             154.07
      39 | 2001-04-03 |                    |             156.29 |             274.45 |             156.29
      39 | 2001-04-04 |                    |             225.23 |             274.45 |             225.23
      39 | 2001-05-03 |                    |             266.14 |             274.45 |             266.14
      39 | 2001-05-06 |             283.64 |                    |             283.64 |             266.14
      43 | 2001-02-20 |              30.29 |              14.75 |              30.29 |              14.75
      47 | 2001-03-24 |              96.59 |                    |              96.59 |               9.97
      47 | 2001-03-27 |                    | 47.839999999999996 |              96.59 | 47.839999999999996
      47 | 2001-04-10 |                    | 55.779999999999994 |              96.59 | 55.779999999999994
      47 | 2001-04-18 |                    |  92.50999999999999 |              96.59 |  92.50999999999999
      47 | 2001-04-28 |             166.07 | 165.02999999999997 |             166.07 | 165.02999999999997
      51 | 2001-02-13 |                    |               6.68 |              13.09 |               6.68
      51 | 2001-02-15 |               19.2 |                    |               19.2 |               6.68
      51 | 2001-09-14 |             584.14 |                    |             584.14 |  557.8000000000002
      53 | 2001-02-26 |                    |               30.7 |              47.45 |               30.7
      53 | 2001-03-15 |              59.64 |              40.64 |              59.64 |              40.64
      53 | 2001-03-21 |                    |              47.02 |              59.64 |              47.02
      53 | 2001-03-28 |             213.07 |                    |             213.07 |              47.02
      53 | 2001-03-30 |                    |              70.92 |             213.07 |              70.92
      53 | 2001-04-07 |             241.31 |                    |             241.31 |              70.92
      53 | 2001-04-09 |                    | 172.17000000000002 |             241.31 | 172.17000000000002
      53 | 2001-04-14 |                    |             224.46 |             241.31 |             224.46
      57 | 2001-05-21 | 249.27999999999997 |                    | 249.27999999999997 |             239.45
      57 | 2001-06-03 |             414.01 |                    |             414.01 |             309.82
      57 | 2001-06-23 |                    | 325.96999999999997 |             414.01 | 325.96999999999997
      57 | 2001-06-24 |                    | 374.18999999999994 |             414.01 | 374.18999999999994
      57 | 2001-07-08 |                    | 396.62999999999994 |             414.01 | 396.62999999999994
      60 | 2002-01-24 |                    |              16.72 |              82.81 |              16.72
      60 | 2002-01-28 |                    |              45.58 |              82.81 |              45.58
      61 | 2001-03-04 |              80.18 |                    |              80.18 |              33.41
      61 | 2001-04-10 |                    |              50.26 |              80.18 |              50.26
      61 | 2001-04-19 |                    | 52.489999999999995 |              80.18 | 52.489999999999995
      61 | 2001-05-05 |                    | 53.309999999999995 |              80.18 | 53.309999999999995
      61 | 2001-05-07 |                    |               71.8 |              80.18 |               71.8
      63 | 2001-03-29 | 122.25999999999999 |                    | 122.25999999999999 |             100.28
      63 | 2001-04-05 |                    |             121.17 | 122.25999999999999 |             121.17
      63 | 2001-04-21 | 196.08999999999997 |                    | 196.08999999999997 |              125.9
      63 | 2001-05-19 | 214.93999999999997 |                    | 214.93999999999997 |              125.9
(100 rows)

UPDATE time_statistics SET e_time = TRANSACTION_TIMESTAMP() WHERE template = 'query51.tpl' AND stream = 3;
psql:/tmp/s1-basline/throughput/query_3.sql:4588: NOTICE:  duration: 0.075 ms  plan:
Query Text: UPDATE time_statistics SET e_time = TRANSACTION_TIMESTAMP() WHERE template = 'query51.tpl' AND stream = 3;
Update on time_statistics  (cost=0.00..10.72 rows=0 width=0) (actual time=0.075..0.075 rows=0 loops=1)
  ->  Seq Scan on time_statistics  (cost=0.00..10.72 rows=1 width=14) (actual time=0.034..0.060 rows=1 loops=1)
        Filter: ((template = 'query51.tpl'::text) AND (stream = 3))
        Rows Removed by Filter: 383
UPDATE 1
LOAD 'auto_explain'; SET auto_explain.log_min_duration TO 0; SET auto_explain.log_analyze TO on; SET auto_explain.log_level TO notice; INSERT INTO time_statistics (template, s_time, stream, query, seed) VALUES ('query79.tpl', TRANSACTION_TIMESTAMP(), 3, 96, 1617865593);
LOAD
SET
SET
SET
psql:/tmp/s1-basline/throughput/query_3.sql:4589: NOTICE:  duration: 0.081 ms  plan:
Query Text: INSERT INTO time_statistics (template, s_time, stream, query, seed) VALUES ('query79.tpl', TRANSACTION_TIMESTAMP(), 3, 96, 1617865593);
Insert on time_statistics  (cost=0.00..0.01 rows=0 width=0) (actual time=0.081..0.081 rows=0 loops=1)
  ->  Result  (cost=0.00..0.01 rows=1 width=64) (actual time=0.001..0.002 rows=1 loops=1)
INSERT 0 1
select 
  c_last_name,c_first_name,substr(s_city,1,30),ss_ticket_number,amt,profit
  from
   (select ss_ticket_number
          ,ss_customer_sk
          ,store.s_city
          ,sum(ss_coupon_amt) amt
          ,sum(ss_net_profit) profit
    from store_sales,date_dim,store,household_demographics
    where store_sales.ss_sold_date_sk = date_dim.d_date_sk
    and store_sales.ss_store_sk = store.s_store_sk  
    and store_sales.ss_hdemo_sk = household_demographics.hd_demo_sk
    and (household_demographics.hd_dep_count = 3 or household_demographics.hd_vehicle_count > 4)
    and date_dim.d_dow = 1
    and date_dim.d_year in (1998,1998+1,1998+2) 
    and store.s_number_employees between 200 and 295
    group by ss_ticket_number,ss_customer_sk,ss_addr_sk,store.s_city) ms,customer
    where ss_customer_sk = c_customer_sk
 order by c_last_name,c_first_name,substr(s_city,1,30), profit
limit 100;
psql:/tmp/s1-basline/throughput/query_3.sql:4609: NOTICE:  duration: 151.057 ms  plan:
Query Text: select 
  c_last_name,c_first_name,substr(s_city,1,30),ss_ticket_number,amt,profit
  from
   (select ss_ticket_number
          ,ss_customer_sk
          ,store.s_city
          ,sum(ss_coupon_amt) amt
          ,sum(ss_net_profit) profit
    from store_sales,date_dim,store,household_demographics
    where store_sales.ss_sold_date_sk = date_dim.d_date_sk
    and store_sales.ss_store_sk = store.s_store_sk  
    and store_sales.ss_hdemo_sk = household_demographics.hd_demo_sk
    and (household_demographics.hd_dep_count = 3 or household_demographics.hd_vehicle_count > 4)
    and date_dim.d_dow = 1
    and date_dim.d_year in (1998,1998+1,1998+2) 
    and store.s_number_employees between 200 and 295
    group by ss_ticket_number,ss_customer_sk,ss_addr_sk,store.s_city) ms,customer
    where ss_customer_sk = c_customer_sk
 order by c_last_name,c_first_name,substr(s_city,1,30), profit
limit 100;
Limit  (cost=91091.84..91092.09 rows=100 width=108) (actual time=150.967..150.980 rows=100 loops=1)
  ->  Sort  (cost=91091.84..91093.16 rows=530 width=108) (actual time=150.967..150.973 rows=100 loops=1)
        Sort Key: customer.c_last_name, customer.c_first_name, (substr((store.s_city)::text, 1, 30)), (sum(store_sales.ss_net_profit))
        Sort Method: top-N heapsort  Memory: 49kB
        ->  Nested Loop  (cost=90073.47..91071.58 rows=530 width=108) (actual time=139.427..149.631 rows=2057 loops=1)
              ->  GroupAggregate  (cost=90073.18..90087.76 rows=530 width=47) (actual time=139.412..144.768 rows=2195 loops=1)
                    Group Key: store_sales.ss_ticket_number, store_sales.ss_customer_sk, store_sales.ss_addr_sk, store.s_city
                    ->  Sort  (cost=90073.18..90074.51 rows=530 width=47) (actual time=139.401..140.289 rows=22007 loops=1)
                          Sort Key: store_sales.ss_ticket_number, store_sales.ss_customer_sk, store_sales.ss_addr_sk, store.s_city
                          Sort Method: quicksort  Memory: 2712kB
                          ->  Hash Join  (cost=178.76..90049.20 rows=530 width=47) (actual time=5.261..132.416 rows=22007 loops=1)
                                Hash Cond: (store_sales.ss_store_sk = store.s_store_sk)
                                ->  Hash Join  (cost=177.43..90045.92 rows=556 width=48) (actual time=5.246..129.019 rows=22259 loops=1)
                                      Hash Cond: (store_sales.ss_hdemo_sk = household_demographics.hd_demo_sk)
                                      ->  Nested Loop  (cost=0.43..89853.59 rows=5834 width=56) (actual time=4.349..110.706 rows=231134 loops=1)
                                            ->  Seq Scan on date_dim  (cost=0.00..2592.05 rows=155 width=8) (actual time=4.336..9.091 rows=156 loops=1)
                                                  Filter: ((d_dow = 1) AND (d_year = ANY ('{1998,1999,2000}'::integer[])))
                                                  Rows Removed by Filter: 72893
                                            ->  Index Scan using i_ss_sold_date_sk on store_sales  (cost=0.43..547.90 rows=1508 width=64) (actual time=0.006..0.359 rows=1482 loops=156)
                                                  Index Cond: (ss_sold_date_sk = date_dim.d_date_sk)
                                      ->  Hash  (cost=168.00..168.00 rows=720 width=8) (actual time=0.791..0.792 rows=720 loops=1)
                                            Buckets: 1024  Batches: 1  Memory Usage: 37kB
                                            ->  Seq Scan on household_demographics  (cost=0.00..168.00 rows=720 width=8) (actual time=0.035..0.711 rows=720 loops=1)
                                                  Filter: ((hd_dep_count = 3) OR (hd_vehicle_count > 4))
                                                  Rows Removed by Filter: 6480
                                ->  Hash  (cost=1.18..1.18 rows=12 width=15) (actual time=0.011..0.011 rows=12 loops=1)
                                      Buckets: 1024  Batches: 1  Memory Usage: 9kB
                                      ->  Seq Scan on store  (cost=0.00..1.18 rows=12 width=15) (actual time=0.004..0.008 rows=12 loops=1)
                                            Filter: ((s_number_employees >= 200) AND (s_number_employees <= 295))
              ->  Index Scan using pk_customer on customer  (cost=0.29..1.84 rows=1 width=60) (actual time=0.002..0.002 rows=1 loops=2195)
                    Index Cond: (c_customer_sk = store_sales.ss_customer_sk)
          c_last_name           |     c_first_name     |  substr  | ss_ticket_number |        amt         |       profit        
--------------------------------+----------------------+----------+------------------+--------------------+---------------------
 Abbott                         | Henrietta            | Fairview |           127952 |            6498.91 | -13634.520000000002
 Abbott                         | Saul                 | Fairview |           101224 |            3332.16 |            -9108.89
 Abel                           | Fred                 | Midway   |           105313 |                  0 |             -3957.5
 Acosta                         | Catherine            | Midway   |           170988 |             614.36 |  -7362.770000000002
 Adair                          | Jesse                | Midway   |           171905 |             884.21 |  -952.3299999999997
 Adair                          | Paula                | Midway   |           100823 |            3627.01 | -14641.849999999995
 Adams                          | Edward               | Midway   |            60682 |              212.2 |            -3413.36
 Adams                          | George               | Midway   |           140963 |              378.5 |  -6154.029999999999
 Adams                          | Ralph                | Midway   |           154285 |            1321.25 |  -6599.280000000002
 Adams                          | Ryan                 | Midway   |            43954 |             902.33 |  14.669999999999963
 Adkins                         | Ronald               | Fairview |           220412 |             550.13 |              4524.9
 Adkins                         | Tina                 | Midway   |           134457 |            2693.37 |  -9558.560000000001
 Adler                          | Edwin                | Midway   |           220601 |            2413.27 |           -11214.51
 Adler                          | Jose                 | Fairview |           101871 |             571.08 |            -4212.82
 Aguilar                        | Michael              | Fairview |            22794 |            1232.36 | -1049.0900000000001
 Akers                          | Sylvia               | Fairview |           160688 |            3003.37 |            -3753.55
 Akin                           | Curtis               | Fairview |            20361 |  9249.529999999999 |           -10184.66
 Alcala                         | Rebekah              | Fairview |           117197 |                  0 | -11101.699999999999
 Aleman                         | Kimberly             | Midway   |           105547 |             120.88 |             -7423.7
 Alexander                      | Agustin              | Midway   |            68385 |            1542.24 |            -5748.83
 Alexander                      | James                | Fairview |           234305 |             276.87 |            -9721.31
 Alexander                      | Kenneth              | Midway   |            14086 |             410.34 |             -7178.9
 Alexander                      | Neville              | Fairview |           142434 |                3.7 |  -5898.360000000001
 Allan                          | Brock                | Fairview |           224085 | 271.41999999999996 |            -9387.19
 Allen                          | Jill                 | Midway   |            57385 |                  0 |           -15435.76
 Allen                          | Jim                  | Midway   |           102518 |             357.85 | -13254.960000000001
 Allen                          | Tammy                | Fairview |           183946 |             174.62 |  -890.9900000000002
 Allen                          |                      | Midway   |           191064 | 4865.5599999999995 |  -8146.450000000001
 Allison                        | Alice                | Fairview |           193300 |            2407.14 |             -7958.2
 Alston                         | Linda                | Midway   |            32206 |  4392.259999999999 |           -22069.98
 Alvarado                       | Deborah              | Fairview |           179100 |  7048.870000000001 |           -21618.63
 Alvarado                       | Stephanie            | Midway   |           133533 | 2697.2799999999997 | -14499.759999999998
 Alvarez                        | Pauline              | Fairview |           114419 |                  0 |            -3078.63
 Ames                           | Marcus               | Midway   |           107438 |              75.57 | -19578.510000000002
 Anderson                       | Alaina               | Midway   |           229262 |              12.27 |  -4112.490000000001
 Anderson                       | Catherine            | Midway   |           168428 |            2067.93 |  -7890.089999999998
 Anderson                       | Irene                | Fairview |           128182 |            1764.48 |   3225.580000000001
 Anderson                       | Katie                | Midway   |           192037 |            1698.72 | -11606.710000000001
 Anderson                       | Myrtle               | Fairview |           182915 |            4658.25 |           -23286.88
 Anderson                       | Rachel               | Midway   |           165105 |               16.4 | -13368.899999999998
 Anderson                       | Richard              | Midway   |           162299 |            1831.32 | -3366.1499999999996
 Andrews                        | Frank                | Midway   |           189634 |            1731.17 | -10968.260000000002
 Anthony                        | Josefina             | Fairview |           238154 |            6668.87 | -12365.509999999998
 Anthony                        | Melanie              | Midway   |           156468 |  8840.849999999999 |  -6469.140000000001
 Aranda                         | Justin               | Fairview |           131691 |              68.36 |           -10714.13
 Arce                           | Kenneth              | Fairview |            41690 |              13.57 |           -11352.54
 Arce                           | Kenneth              | Midway   |           130422 | 5275.9800000000005 | -16565.559999999998
 Arce                           | Kenneth              | Midway   |           130422 |             139.97 |                    
 Archibald                      | Lois                 | Midway   |           177865 |             5554.6 | -17407.780000000002
 Arellano                       | Betty                | Fairview |            31899 |             698.85 | -18074.489999999998
 Armenta                        | Chris                | Midway   |           116220 |            8791.76 | -10881.869999999999
 Armstrong                      | Kelsey               | Fairview |           234746 |             544.65 | -3353.8799999999974
 Arredondo                      | Kira                 | Midway   |           106711 | 1096.3400000000001 |  -4871.119999999999
 Arteaga                        | Jill                 | Midway   |            98234 |               45.4 |            -9694.62
 Asher                          | Sung                 | Midway   |           205774 |             1919.5 | -10905.539999999999
 August                         | Donna                | Midway   |            35721 |                  0 |            -5059.11
 Austin                         | Freddie              | Midway   |            91964 |                104 | -10954.910000000002
 Austin                         | Paula                | Fairview |            91415 |              46.17 |           -14785.34
 Avila                          | Micheline            | Fairview |            80901 | 1023.5799999999999 | -1635.7599999999986
 Ayala                          | Joseph               | Fairview |            61585 |            1573.51 |           -17679.44
 Ayers                          | Marvin               | Midway   |           104380 |                  0 |              402.24
 Bailey                         | Amanda               | Midway   |           161633 |              893.1 |           -11962.22
 Bailey                         | Amanda               | Midway   |           161633 |                    |                    
 Bailey                         | Karen                | Midway   |           100703 |            3189.28 | -16819.260000000002
 Bailey                         | Terry                | Midway   |           157904 |  573.7299999999999 | -13991.439999999999
 Bailey                         |                      | Midway   |            13246 |            4677.14 | -12882.569999999998
 Bain                           | Wendy                | Fairview |           170313 |            5955.57 | -17308.069999999996
 Baker                          | Diane                | Fairview |            65738 |             571.81 |  -5154.470000000001
 Baker                          | Gina                 | Fairview |            56699 |             496.81 |  -6277.799999999999
 Baker                          | Keitha               | Midway   |           131357 |              853.2 |  -6888.209999999999
 Baker                          | Rebecca              | Fairview |            61529 |             254.75 |  -4810.040000000001
 Baldwin                        | Hugh                 | Fairview |           103887 |             794.88 |            -4204.39
 Ball                           | Dwayne               | Midway   |            90340 |             139.47 |            -6781.35
 Ball                           | Edwin                | Midway   |           128213 |  842.2600000000001 |  -4629.189999999999
 Ball                           | Paul                 | Midway   |           150331 |                  0 | -1327.0399999999997
 Ballard                        | Gladys               | Midway   |           232911 |            2138.94 |  -9087.100000000002
 Ballard                        | Julia                | Midway   |           135192 |             635.39 |             -3342.6
 Banks                          | Angela               | Fairview |            21578 |             231.39 | -16290.700000000003
 Barnes                         | Barbara              | Midway   |           173610 |            1819.64 |  1539.3199999999993
 Barnes                         | Charles              | Midway   |           104920 |                  0 |             2291.06
 Barnhart                       | Anna                 | Fairview |           237545 |            1237.69 |  -7963.830000000001
 Baron                          | Pamela               | Midway   |            28718 |            4139.38 |           -12511.47
 Barrera                        | Judith               | Fairview |            55574 | 7675.4800000000005 | -13044.980000000001
 Bartlett                       | Ellen                | Fairview |            49158 |            1991.19 |            -5722.51
 Basham                         | Earl                 | Fairview |             2870 |            4147.71 |            -7059.39
 Bates                          | Julio                | Fairview |           190975 |              670.1 |           -11178.13
 Bauer                          | Rodney               | Fairview |            29252 |                  0 | -12107.479999999998
 Baugh                          | John                 | Midway   |           215933 |  5439.719999999999 |           -14622.85
 Baxter                         | Charlie              | Midway   |           208803 |                  0 |           -14205.91
 Baxter                         | Larry                | Midway   |           122620 | 4522.5199999999995 |            -6820.04
 Beal                           | Lucia                | Midway   |           195814 | 2566.8999999999996 |            -8414.94
 Beaman                         | Matthew              | Midway   |           140344 |                  0 |            -2825.08
 Bear                           | Bobby                | Midway   |           149677 |            1366.42 |  -9440.869999999999
 Bear                           | Troy                 | Midway   |            46395 |             961.21 | -14967.929999999997
 Beattie                        | Benjamin             | Midway   |           225482 |            5257.61 |           -17600.45
 Beaty                          | Leroy                | Fairview |            49208 | 1188.1899999999998 |           -21254.91
 Beaty                          | Leroy                | Midway   |           199245 |             105.74 | -13974.359999999999
 Beaty                          | Leroy                | Midway   |           166847 |              742.6 |  -5634.140000000001
 Bechtel                        | Phillip              | Midway   |            65661 |            2183.11 |           -19537.99
 Beck                           | Janet                | Fairview |           215466 |             633.14 |            -4865.78
(100 rows)

UPDATE time_statistics SET e_time = TRANSACTION_TIMESTAMP() WHERE template = 'query79.tpl' AND stream = 3;
psql:/tmp/s1-basline/throughput/query_3.sql:4611: NOTICE:  duration: 0.070 ms  plan:
Query Text: UPDATE time_statistics SET e_time = TRANSACTION_TIMESTAMP() WHERE template = 'query79.tpl' AND stream = 3;
Update on time_statistics  (cost=0.00..12.86 rows=0 width=0) (actual time=0.069..0.070 rows=0 loops=1)
  ->  Seq Scan on time_statistics  (cost=0.00..12.86 rows=1 width=14) (actual time=0.055..0.055 rows=1 loops=1)
        Filter: ((template = 'query79.tpl'::text) AND (stream = 3))
        Rows Removed by Filter: 384
UPDATE 1
LOAD 'auto_explain'; SET auto_explain.log_min_duration TO 0; SET auto_explain.log_analyze TO on; SET auto_explain.log_level TO notice; INSERT INTO time_statistics (template, s_time, stream, query, seed) VALUES ('query35.tpl', TRANSACTION_TIMESTAMP(), 3, 97, 1425627445);
LOAD
SET
SET
SET
psql:/tmp/s1-basline/throughput/query_3.sql:4612: NOTICE:  duration: 0.009 ms  plan:
Query Text: INSERT INTO time_statistics (template, s_time, stream, query, seed) VALUES ('query35.tpl', TRANSACTION_TIMESTAMP(), 3, 97, 1425627445);
Insert on time_statistics  (cost=0.00..0.01 rows=0 width=0) (actual time=0.008..0.008 rows=0 loops=1)
  ->  Result  (cost=0.00..0.01 rows=1 width=64) (actual time=0.001..0.001 rows=1 loops=1)
INSERT 0 1
select   
  ca_state,
  cd_gender,
  cd_marital_status,
  cd_dep_count,
  count(*) cnt1,
  sum(cd_dep_count),
  sum(cd_dep_count),
  max(cd_dep_count),
  cd_dep_employed_count,
  count(*) cnt2,
  sum(cd_dep_employed_count),
  sum(cd_dep_employed_count),
  max(cd_dep_employed_count),
  cd_dep_college_count,
  count(*) cnt3,
  sum(cd_dep_college_count),
  sum(cd_dep_college_count),
  max(cd_dep_college_count)
 from
  customer c,customer_address ca,customer_demographics
 where
  c.c_current_addr_sk = ca.ca_address_sk and
  cd_demo_sk = c.c_current_cdemo_sk and 
  exists (select *
          from store_sales,date_dim
          where c.c_customer_sk = ss_customer_sk and
                ss_sold_date_sk = d_date_sk and
                d_year = 2000 and
                d_qoy < 4) and
   (exists (select *
            from web_sales,date_dim
            where c.c_customer_sk = ws_bill_customer_sk and
                  ws_sold_date_sk = d_date_sk and
                  d_year = 2000 and
                  d_qoy < 4) or 
    exists (select * 
            from catalog_sales,date_dim
            where c.c_customer_sk = cs_ship_customer_sk and
                  cs_sold_date_sk = d_date_sk and
                  d_year = 2000 and
                  d_qoy < 4))
 group by ca_state,
          cd_gender,
          cd_marital_status,
          cd_dep_count,
          cd_dep_employed_count,
          cd_dep_college_count
 order by ca_state,
          cd_gender,
          cd_marital_status,
          cd_dep_count,
          cd_dep_employed_count,
          cd_dep_college_count
 limit 100;
psql:/tmp/s1-basline/throughput/query_3.sql:4667: NOTICE:  duration: 545.827 ms  plan:
Query Text: select   
  ca_state,
  cd_gender,
  cd_marital_status,
  cd_dep_count,
  count(*) cnt1,
  sum(cd_dep_count),
  sum(cd_dep_count),
  max(cd_dep_count),
  cd_dep_employed_count,
  count(*) cnt2,
  sum(cd_dep_employed_count),
  sum(cd_dep_employed_count),
  max(cd_dep_employed_count),
  cd_dep_college_count,
  count(*) cnt3,
  sum(cd_dep_college_count),
  sum(cd_dep_college_count),
  max(cd_dep_college_count)
 from
  customer c,customer_address ca,customer_demographics
 where
  c.c_current_addr_sk = ca.ca_address_sk and
  cd_demo_sk = c.c_current_cdemo_sk and 
  exists (select *
          from store_sales,date_dim
          where c.c_customer_sk = ss_customer_sk and
                ss_sold_date_sk = d_date_sk and
                d_year = 2000 and
                d_qoy < 4) and
   (exists (select *
            from web_sales,date_dim
            where c.c_customer_sk = ws_bill_customer_sk and
                  ws_sold_date_sk = d_date_sk and
                  d_year = 2000 and
                  d_qoy < 4) or 
    exists (select * 
            from catalog_sales,date_dim
            where c.c_customer_sk = cs_ship_customer_sk and
                  cs_sold_date_sk = d_date_sk and
                  d_year = 2000 and
                  d_qoy < 4))
 group by ca_state,
          cd_gender,
          cd_marital_status,
          cd_dep_count,
          cd_dep_employed_count,
          cd_dep_college_count
 order by ca_state,
          cd_gender,
          cd_marital_status,
          cd_dep_count,
          cd_dep_employed_count,
          cd_dep_college_count
 limit 100;
Limit  (cost=471837338.89..471837343.39 rows=100 width=103) (actual time=545.409..545.706 rows=100 loops=1)
  ->  GroupAggregate  (cost=471837338.89..471837658.48 rows=7102 width=103) (actual time=545.408..545.698 rows=100 loops=1)
        Group Key: ca.ca_state, customer_demographics.cd_gender, customer_demographics.cd_marital_status, customer_demographics.cd_dep_count, customer_demographics.cd_dep_employed_count, customer_demographics.cd_dep_college_count
        ->  Sort  (cost=471837338.89..471837356.64 rows=7102 width=19) (actual time=545.400..545.630 rows=103 loops=1)
              Sort Key: ca.ca_state, customer_demographics.cd_gender, customer_demographics.cd_marital_status, customer_demographics.cd_dep_count, customer_demographics.cd_dep_employed_count, customer_demographics.cd_dep_college_count
              Sort Method: quicksort  Memory: 496kB
              ->  Nested Loop  (cost=92829.77..471836884.57 rows=7102 width=19) (actual time=380.700..536.716 rows=4874 loops=1)
                    ->  Nested Loop  (cost=92829.48..471834568.00 rows=7102 width=24) (actual time=380.692..527.269 rows=4874 loops=1)
                          ->  Nested Loop  (cost=92829.05..471828426.92 rows=7356 width=16) (actual time=380.673..509.583 rows=5069 loops=1)
                                ->  HashAggregate  (cost=92828.76..92931.51 rows=10275 width=8) (actual time=282.180..286.412 rows=23705 loops=1)
                                      Group Key: store_sales.ss_customer_sk
                                      Batches: 1  Memory Usage: 2833kB
                                      ->  Gather  (cost=3504.15..92803.07 rows=10275 width=8) (actual time=9.870..241.471 rows=310175 loops=1)
                                            Workers Planned: 2
                                            Workers Launched: 2
                                            ->  Hash Join  (cost=2504.15..90775.57 rows=4281 width=8) (actual time=15.091..249.089 rows=103392 loops=3)
                                                  Hash Cond: (store_sales.ss_sold_date_sk = date_dim.d_date_sk)
                                                  ->  Parallel Seq Scan on store_sales  (cost=0.00..85123.48 rows=1199148 width=16) (actual time=0.014..125.570 rows=959309 loops=3)
                                                  ->  Hash  (cost=2500.73..2500.73 rows=273 width=8) (actual time=14.944..14.945 rows=274 loops=3)
                                                        Buckets: 1024  Batches: 1  Memory Usage: 19kB
                                                        ->  Seq Scan on date_dim  (cost=0.00..2500.73 rows=273 width=8) (actual time=7.254..14.911 rows=274 loops=3)
                                                              Filter: ((d_qoy < 4) AND (d_year = 2000))
                                                              Rows Removed by Filter: 72775
                                ->  Index Scan using pk_customer on customer c  (cost=0.29..49604.58 rows=1 width=24) (actual time=0.009..0.009 rows=0 loops=23705)
                                      Index Cond: (c_customer_sk = store_sales.ss_customer_sk)
                                      Filter: ((hashed SubPlan 2) OR (hashed SubPlan 4))
                                      Rows Removed by Filter: 1
                                      SubPlan 2
                                        ->  Gather  (cost=3504.15..34204.73 rows=2688 width=8) (actual time=9.501..88.458 rows=81146 loops=1)
                                              Workers Planned: 2
                                              Workers Launched: 2
                                              ->  Hash Join  (cost=2504.15..32935.93 rows=1120 width=8) (actual time=14.442..86.986 rows=27049 loops=3)
                                                    Hash Cond: (web_sales.ws_sold_date_sk = date_dim_1.d_date_sk)
                                                    ->  Parallel Seq Scan on web_sales  (cost=0.00..29644.81 rows=299781 width=16) (actual time=0.017..43.332 rows=239825 loops=3)
                                                    ->  Hash  (cost=2500.73..2500.73 rows=273 width=8) (actual time=14.301..14.302 rows=274 loops=3)
                                                          Buckets: 1024  Batches: 1  Memory Usage: 19kB
                                                          ->  Seq Scan on date_dim date_dim_1  (cost=0.00..2500.73 rows=273 width=8) (actual time=7.080..14.267 rows=274 loops=3)
                                                                Filter: ((d_qoy < 4) AND (d_year = 2000))
                                                                Rows Removed by Filter: 72775
                                      SubPlan 4
                                        ->  Nested Loop  (cost=0.43..16867.24 rows=5347 width=8) (actual time=4.808..57.575 rows=160635 loops=1)
                                              ->  Seq Scan on date_dim date_dim_2  (cost=0.00..2500.73 rows=273 width=8) (actual time=4.796..10.036 rows=274 loops=1)
                                                    Filter: ((d_qoy < 4) AND (d_year = 2000))
                                                    Rows Removed by Filter: 72775
                                              ->  Index Scan using i_cs_sold_date_sk on catalog_sales  (cost=0.43..44.80 rows=782 width=16) (actual time=0.003..0.099 rows=586 loops=274)
                                                    Index Cond: (cs_sold_date_sk = date_dim_2.d_date_sk)
                          ->  Index Scan using pk_customer_demographics on customer_demographics  (cost=0.43..0.83 rows=1 width=24) (actual time=0.003..0.003 rows=1 loops=5069)
                                Index Cond: (cd_demo_sk = c.c_current_cdemo_sk)
                    ->  Index Scan using pk_customer_address on customer_address ca  (cost=0.29..0.33 rows=1 width=11) (actual time=0.002..0.002 rows=1 loops=4874)
                          Index Cond: (ca_address_sk = c.c_current_addr_sk)
 ca_state | cd_gender | cd_marital_status | cd_dep_count | cnt1 | sum | sum | max | cd_dep_employed_count | cnt2 | sum | sum | max | cd_dep_college_count | cnt3 | sum | sum | max 
----------+-----------+-------------------+--------------+------+-----+-----+-----+-----------------------+------+-----+-----+-----+----------------------+------+-----+-----+-----
 AK       | F         | S                 |            0 |    1 |   0 |   0 |   0 |                     1 |    1 |   1 |   1 |   1 |                    2 |    1 |   2 |   2 |   2
 AK       | F         | S                 |            2 |    1 |   2 |   2 |   2 |                     4 |    1 |   4 |   4 |   4 |                    4 |    1 |   4 |   4 |   4
 AK       | F         | S                 |            3 |    1 |   3 |   3 |   3 |                     5 |    1 |   5 |   5 |   5 |                    1 |    1 |   1 |   1 |   1
 AK       | F         | U                 |            0 |    1 |   0 |   0 |   0 |                     3 |    1 |   3 |   3 |   3 |                    4 |    1 |   4 |   4 |   4
 AK       | F         | U                 |            1 |    1 |   1 |   1 |   1 |                     0 |    1 |   0 |   0 |   0 |                    1 |    1 |   1 |   1 |   1
 AK       | F         | U                 |            2 |    1 |   2 |   2 |   2 |                     0 |    1 |   0 |   0 |   0 |                    5 |    1 |   5 |   5 |   5
 AK       | F         | U                 |            3 |    1 |   3 |   3 |   3 |                     1 |    1 |   1 |   1 |   1 |                    1 |    1 |   1 |   1 |   1
 AK       | F         | U                 |            4 |    1 |   4 |   4 |   4 |                     2 |    1 |   2 |   2 |   2 |                    6 |    1 |   6 |   6 |   6
 AK       | F         | U                 |            6 |    1 |   6 |   6 |   6 |                     1 |    1 |   1 |   1 |   1 |                    4 |    1 |   4 |   4 |   4
 AK       | F         | W                 |            1 |    1 |   1 |   1 |   1 |                     1 |    1 |   1 |   1 |   1 |                    4 |    1 |   4 |   4 |   4
 AK       | F         | W                 |            5 |    1 |   5 |   5 |   5 |                     5 |    1 |   5 |   5 |   5 |                    4 |    1 |   4 |   4 |   4
 AK       | M         | D                 |            0 |    1 |   0 |   0 |   0 |                     3 |    1 |   3 |   3 |   3 |                    0 |    1 |   0 |   0 |   0
 AK       | M         | D                 |            3 |    1 |   3 |   3 |   3 |                     6 |    1 |   6 |   6 |   6 |                    2 |    1 |   2 |   2 |   2
 AK       | M         | M                 |            0 |    1 |   0 |   0 |   0 |                     3 |    1 |   3 |   3 |   3 |                    5 |    1 |   5 |   5 |   5
 AK       | M         | M                 |            1 |    1 |   1 |   1 |   1 |                     2 |    1 |   2 |   2 |   2 |                    0 |    1 |   0 |   0 |   0
 AK       | M         | M                 |            2 |    1 |   2 |   2 |   2 |                     2 |    1 |   2 |   2 |   2 |                    5 |    1 |   5 |   5 |   5
 AK       | M         | M                 |            3 |    1 |   3 |   3 |   3 |                     3 |    1 |   3 |   3 |   3 |                    2 |    1 |   2 |   2 |   2
 AK       | M         | M                 |            3 |    1 |   3 |   3 |   3 |                     4 |    1 |   4 |   4 |   4 |                    0 |    1 |   0 |   0 |   0
 AK       | M         | M                 |            5 |    1 |   5 |   5 |   5 |                     3 |    1 |   3 |   3 |   3 |                    3 |    1 |   3 |   3 |   3
 AK       | M         | M                 |            6 |    1 |   6 |   6 |   6 |                     2 |    1 |   2 |   2 |   2 |                    1 |    1 |   1 |   1 |   1
 AK       | M         | S                 |            1 |    1 |   1 |   1 |   1 |                     5 |    1 |   5 |   5 |   5 |                    0 |    1 |   0 |   0 |   0
 AK       | M         | S                 |            2 |    1 |   2 |   2 |   2 |                     1 |    1 |   1 |   1 |   1 |                    0 |    1 |   0 |   0 |   0
 AK       | M         | U                 |            3 |    1 |   3 |   3 |   3 |                     3 |    1 |   3 |   3 |   3 |                    0 |    1 |   0 |   0 |   0
 AK       | M         | U                 |            3 |    1 |   3 |   3 |   3 |                     4 |    1 |   4 |   4 |   4 |                    6 |    1 |   6 |   6 |   6
 AK       | M         | U                 |            3 |    1 |   3 |   3 |   3 |                     6 |    1 |   6 |   6 |   6 |                    6 |    1 |   6 |   6 |   6
 AK       | M         | U                 |            5 |    1 |   5 |   5 |   5 |                     2 |    1 |   2 |   2 |   2 |                    0 |    1 |   0 |   0 |   0
 AK       | M         | U                 |            5 |    1 |   5 |   5 |   5 |                     6 |    1 |   6 |   6 |   6 |                    1 |    1 |   1 |   1 |   1
 AK       | M         | U                 |            6 |    1 |   6 |   6 |   6 |                     2 |    1 |   2 |   2 |   2 |                    0 |    1 |   0 |   0 |   0
 AK       | M         | W                 |            1 |    1 |   1 |   1 |   1 |                     3 |    1 |   3 |   3 |   3 |                    4 |    1 |   4 |   4 |   4
 AK       | M         | W                 |            2 |    1 |   2 |   2 |   2 |                     3 |    1 |   3 |   3 |   3 |                    6 |    1 |   6 |   6 |   6
 AL       | F         | D                 |            0 |    1 |   0 |   0 |   0 |                     6 |    1 |   6 |   6 |   6 |                    6 |    1 |   6 |   6 |   6
 AL       | F         | D                 |            1 |    1 |   1 |   1 |   1 |                     1 |    1 |   1 |   1 |   1 |                    2 |    1 |   2 |   2 |   2
 AL       | F         | D                 |            1 |    1 |   1 |   1 |   1 |                     2 |    1 |   2 |   2 |   2 |                    0 |    1 |   0 |   0 |   0
 AL       | F         | D                 |            1 |    1 |   1 |   1 |   1 |                     2 |    1 |   2 |   2 |   2 |                    1 |    1 |   1 |   1 |   1
 AL       | F         | D                 |            2 |    1 |   2 |   2 |   2 |                     6 |    1 |   6 |   6 |   6 |                    4 |    1 |   4 |   4 |   4
 AL       | F         | D                 |            3 |    1 |   3 |   3 |   3 |                     5 |    1 |   5 |   5 |   5 |                    4 |    1 |   4 |   4 |   4
 AL       | F         | D                 |            4 |    1 |   4 |   4 |   4 |                     6 |    1 |   6 |   6 |   6 |                    4 |    1 |   4 |   4 |   4
 AL       | F         | D                 |            5 |    2 |  10 |  10 |   5 |                     1 |    2 |   2 |   2 |   1 |                    4 |    2 |   8 |   8 |   4
 AL       | F         | D                 |            6 |    1 |   6 |   6 |   6 |                     4 |    1 |   4 |   4 |   4 |                    5 |    1 |   5 |   5 |   5
 AL       | F         | M                 |            0 |    1 |   0 |   0 |   0 |                     0 |    1 |   0 |   0 |   0 |                    1 |    1 |   1 |   1 |   1
 AL       | F         | M                 |            0 |    1 |   0 |   0 |   0 |                     0 |    1 |   0 |   0 |   0 |                    2 |    1 |   2 |   2 |   2
 AL       | F         | M                 |            0 |    1 |   0 |   0 |   0 |                     1 |    1 |   1 |   1 |   1 |                    0 |    1 |   0 |   0 |   0
 AL       | F         | M                 |            0 |    1 |   0 |   0 |   0 |                     1 |    1 |   1 |   1 |   1 |                    1 |    1 |   1 |   1 |   1
 AL       | F         | M                 |            0 |    1 |   0 |   0 |   0 |                     2 |    1 |   2 |   2 |   2 |                    3 |    1 |   3 |   3 |   3
 AL       | F         | M                 |            1 |    1 |   1 |   1 |   1 |                     6 |    1 |   6 |   6 |   6 |                    0 |    1 |   0 |   0 |   0
 AL       | F         | M                 |            2 |    1 |   2 |   2 |   2 |                     2 |    1 |   2 |   2 |   2 |                    0 |    1 |   0 |   0 |   0
 AL       | F         | M                 |            2 |    1 |   2 |   2 |   2 |                     5 |    1 |   5 |   5 |   5 |                    5 |    1 |   5 |   5 |   5
 AL       | F         | M                 |            3 |    1 |   3 |   3 |   3 |                     0 |    1 |   0 |   0 |   0 |                    4 |    1 |   4 |   4 |   4
 AL       | F         | M                 |            3 |    1 |   3 |   3 |   3 |                     2 |    1 |   2 |   2 |   2 |                    5 |    1 |   5 |   5 |   5
 AL       | F         | M                 |            3 |    1 |   3 |   3 |   3 |                     5 |    1 |   5 |   5 |   5 |                    1 |    1 |   1 |   1 |   1
 AL       | F         | M                 |            4 |    1 |   4 |   4 |   4 |                     2 |    1 |   2 |   2 |   2 |                    1 |    1 |   1 |   1 |   1
 AL       | F         | M                 |            6 |    1 |   6 |   6 |   6 |                     4 |    1 |   4 |   4 |   4 |                    3 |    1 |   3 |   3 |   3
 AL       | F         | S                 |            0 |    1 |   0 |   0 |   0 |                     0 |    1 |   0 |   0 |   0 |                    0 |    1 |   0 |   0 |   0
 AL       | F         | S                 |            0 |    1 |   0 |   0 |   0 |                     3 |    1 |   3 |   3 |   3 |                    1 |    1 |   1 |   1 |   1
 AL       | F         | S                 |            0 |    1 |   0 |   0 |   0 |                     5 |    1 |   5 |   5 |   5 |                    4 |    1 |   4 |   4 |   4
 AL       | F         | S                 |            0 |    1 |   0 |   0 |   0 |                     6 |    1 |   6 |   6 |   6 |                    0 |    1 |   0 |   0 |   0
 AL       | F         | S                 |            1 |    1 |   1 |   1 |   1 |                     2 |    1 |   2 |   2 |   2 |                    3 |    1 |   3 |   3 |   3
 AL       | F         | S                 |            2 |    1 |   2 |   2 |   2 |                     0 |    1 |   0 |   0 |   0 |                    2 |    1 |   2 |   2 |   2
 AL       | F         | S                 |            2 |    1 |   2 |   2 |   2 |                     3 |    1 |   3 |   3 |   3 |                    4 |    1 |   4 |   4 |   4
 AL       | F         | S                 |            5 |    1 |   5 |   5 |   5 |                     3 |    1 |   3 |   3 |   3 |                    0 |    1 |   0 |   0 |   0
 AL       | F         | S                 |            6 |    1 |   6 |   6 |   6 |                     3 |    1 |   3 |   3 |   3 |                    1 |    1 |   1 |   1 |   1
 AL       | F         | U                 |            2 |    1 |   2 |   2 |   2 |                     3 |    1 |   3 |   3 |   3 |                    1 |    1 |   1 |   1 |   1
 AL       | F         | U                 |            2 |    1 |   2 |   2 |   2 |                     4 |    1 |   4 |   4 |   4 |                    6 |    1 |   6 |   6 |   6
 AL       | F         | U                 |            3 |    1 |   3 |   3 |   3 |                     0 |    1 |   0 |   0 |   0 |                    0 |    1 |   0 |   0 |   0
 AL       | F         | U                 |            3 |    1 |   3 |   3 |   3 |                     1 |    1 |   1 |   1 |   1 |                    3 |    1 |   3 |   3 |   3
 AL       | F         | U                 |            3 |    1 |   3 |   3 |   3 |                     3 |    1 |   3 |   3 |   3 |                    5 |    1 |   5 |   5 |   5
 AL       | F         | U                 |            4 |    1 |   4 |   4 |   4 |                     0 |    1 |   0 |   0 |   0 |                    3 |    1 |   3 |   3 |   3
 AL       | F         | U                 |            4 |    1 |   4 |   4 |   4 |                     3 |    1 |   3 |   3 |   3 |                    1 |    1 |   1 |   1 |   1
 AL       | F         | U                 |            5 |    1 |   5 |   5 |   5 |                     3 |    1 |   3 |   3 |   3 |                    1 |    1 |   1 |   1 |   1
 AL       | F         | U                 |            5 |    1 |   5 |   5 |   5 |                     4 |    1 |   4 |   4 |   4 |                    1 |    1 |   1 |   1 |   1
 AL       | F         | U                 |            6 |    1 |   6 |   6 |   6 |                     5 |    1 |   5 |   5 |   5 |                    6 |    1 |   6 |   6 |   6
 AL       | F         | W                 |            1 |    1 |   1 |   1 |   1 |                     3 |    1 |   3 |   3 |   3 |                    0 |    1 |   0 |   0 |   0
 AL       | F         | W                 |            1 |    1 |   1 |   1 |   1 |                     4 |    1 |   4 |   4 |   4 |                    3 |    1 |   3 |   3 |   3
 AL       | F         | W                 |            2 |    1 |   2 |   2 |   2 |                     5 |    1 |   5 |   5 |   5 |                    1 |    1 |   1 |   1 |   1
 AL       | F         | W                 |            5 |    1 |   5 |   5 |   5 |                     4 |    1 |   4 |   4 |   4 |                    4 |    1 |   4 |   4 |   4
 AL       | F         | W                 |            6 |    1 |   6 |   6 |   6 |                     0 |    1 |   0 |   0 |   0 |                    2 |    1 |   2 |   2 |   2
 AL       | F         | W                 |            6 |    1 |   6 |   6 |   6 |                     3 |    1 |   3 |   3 |   3 |                    1 |    1 |   1 |   1 |   1
 AL       | M         | D                 |            0 |    1 |   0 |   0 |   0 |                     0 |    1 |   0 |   0 |   0 |                    6 |    1 |   6 |   6 |   6
 AL       | M         | D                 |            0 |    1 |   0 |   0 |   0 |                     3 |    1 |   3 |   3 |   3 |                    5 |    1 |   5 |   5 |   5
 AL       | M         | D                 |            0 |    1 |   0 |   0 |   0 |                     6 |    1 |   6 |   6 |   6 |                    3 |    1 |   3 |   3 |   3
 AL       | M         | D                 |            1 |    1 |   1 |   1 |   1 |                     0 |    1 |   0 |   0 |   0 |                    2 |    1 |   2 |   2 |   2
 AL       | M         | D                 |            1 |    2 |   2 |   2 |   1 |                     1 |    2 |   2 |   2 |   1 |                    0 |    2 |   0 |   0 |   0
 AL       | M         | D                 |            1 |    1 |   1 |   1 |   1 |                     6 |    1 |   6 |   6 |   6 |                    4 |    1 |   4 |   4 |   4
 AL       | M         | D                 |            2 |    1 |   2 |   2 |   2 |                     5 |    1 |   5 |   5 |   5 |                    4 |    1 |   4 |   4 |   4
 AL       | M         | D                 |            2 |    1 |   2 |   2 |   2 |                     5 |    1 |   5 |   5 |   5 |                    6 |    1 |   6 |   6 |   6
 AL       | M         | D                 |            4 |    1 |   4 |   4 |   4 |                     1 |    1 |   1 |   1 |   1 |                    1 |    1 |   1 |   1 |   1
 AL       | M         | D                 |            4 |    1 |   4 |   4 |   4 |                     3 |    1 |   3 |   3 |   3 |                    6 |    1 |   6 |   6 |   6
 AL       | M         | D                 |            4 |    1 |   4 |   4 |   4 |                     4 |    1 |   4 |   4 |   4 |                    1 |    1 |   1 |   1 |   1
 AL       | M         | M                 |            0 |    1 |   0 |   0 |   0 |                     2 |    1 |   2 |   2 |   2 |                    2 |    1 |   2 |   2 |   2
 AL       | M         | M                 |            0 |    1 |   0 |   0 |   0 |                     2 |    1 |   2 |   2 |   2 |                    5 |    1 |   5 |   5 |   5
 AL       | M         | M                 |            0 |    1 |   0 |   0 |   0 |                     3 |    1 |   3 |   3 |   3 |                    4 |    1 |   4 |   4 |   4
 AL       | M         | M                 |            2 |    1 |   2 |   2 |   2 |                     6 |    1 |   6 |   6 |   6 |                    3 |    1 |   3 |   3 |   3
 AL       | M         | M                 |            5 |    1 |   5 |   5 |   5 |                     0 |    1 |   0 |   0 |   0 |                    2 |    1 |   2 |   2 |   2
 AL       | M         | M                 |            5 |    1 |   5 |   5 |   5 |                     4 |    1 |   4 |   4 |   4 |                    5 |    1 |   5 |   5 |   5
 AL       | M         | M                 |            5 |    1 |   5 |   5 |   5 |                     6 |    1 |   6 |   6 |   6 |                    4 |    1 |   4 |   4 |   4
 AL       | M         | S                 |            1 |    1 |   1 |   1 |   1 |                     1 |    1 |   1 |   1 |   1 |                    2 |    1 |   2 |   2 |   2
 AL       | M         | S                 |            2 |    1 |   2 |   2 |   2 |                     3 |    1 |   3 |   3 |   3 |                    4 |    1 |   4 |   4 |   4
 AL       | M         | S                 |            2 |    1 |   2 |   2 |   2 |                     5 |    1 |   5 |   5 |   5 |                    4 |    1 |   4 |   4 |   4
 AL       | M         | S                 |            3 |    1 |   3 |   3 |   3 |                     2 |    1 |   2 |   2 |   2 |                    3 |    1 |   3 |   3 |   3
 AL       | M         | S                 |            3 |    1 |   3 |   3 |   3 |                     3 |    1 |   3 |   3 |   3 |                    2 |    1 |   2 |   2 |   2
(100 rows)

UPDATE time_statistics SET e_time = TRANSACTION_TIMESTAMP() WHERE template = 'query35.tpl' AND stream = 3;
psql:/tmp/s1-basline/throughput/query_3.sql:4669: NOTICE:  duration: 0.072 ms  plan:
Query Text: UPDATE time_statistics SET e_time = TRANSACTION_TIMESTAMP() WHERE template = 'query35.tpl' AND stream = 3;
Update on time_statistics  (cost=0.00..12.86 rows=0 width=0) (actual time=0.071..0.071 rows=0 loops=1)
  ->  Seq Scan on time_statistics  (cost=0.00..12.86 rows=1 width=14) (actual time=0.056..0.056 rows=1 loops=1)
        Filter: ((template = 'query35.tpl'::text) AND (stream = 3))
        Rows Removed by Filter: 385
UPDATE 1
LOAD 'auto_explain'; SET auto_explain.log_min_duration TO 0; SET auto_explain.log_analyze TO on; SET auto_explain.log_level TO notice; INSERT INTO time_statistics (template, s_time, stream, query, seed) VALUES ('query88.tpl', TRANSACTION_TIMESTAMP(), 3, 98, 31918968);
LOAD
SET
SET
SET
psql:/tmp/s1-basline/throughput/query_3.sql:4670: NOTICE:  duration: 0.009 ms  plan:
Query Text: INSERT INTO time_statistics (template, s_time, stream, query, seed) VALUES ('query88.tpl', TRANSACTION_TIMESTAMP(), 3, 98, 31918968);
Insert on time_statistics  (cost=0.00..0.01 rows=0 width=0) (actual time=0.009..0.009 rows=0 loops=1)
  ->  Result  (cost=0.00..0.01 rows=1 width=64) (actual time=0.001..0.002 rows=1 loops=1)
INSERT 0 1
select  *
from
 (select count(*) h8_30_to_9
 from store_sales, household_demographics , time_dim, store
 where ss_sold_time_sk = time_dim.t_time_sk   
     and ss_hdemo_sk = household_demographics.hd_demo_sk 
     and ss_store_sk = s_store_sk
     and time_dim.t_hour = 8
     and time_dim.t_minute >= 30
     and ((household_demographics.hd_dep_count = -1 and household_demographics.hd_vehicle_count<=-1+2) or
          (household_demographics.hd_dep_count = 4 and household_demographics.hd_vehicle_count<=4+2) or
          (household_demographics.hd_dep_count = 0 and household_demographics.hd_vehicle_count<=0+2)) 
     and store.s_store_name = 'ese') s1,
 (select count(*) h9_to_9_30 
 from store_sales, household_demographics , time_dim, store
 where ss_sold_time_sk = time_dim.t_time_sk
     and ss_hdemo_sk = household_demographics.hd_demo_sk
     and ss_store_sk = s_store_sk 
     and time_dim.t_hour = 9 
     and time_dim.t_minute < 30
     and ((household_demographics.hd_dep_count = -1 and household_demographics.hd_vehicle_count<=-1+2) or
          (household_demographics.hd_dep_count = 4 and household_demographics.hd_vehicle_count<=4+2) or
          (household_demographics.hd_dep_count = 0 and household_demographics.hd_vehicle_count<=0+2))
     and store.s_store_name = 'ese') s2,
 (select count(*) h9_30_to_10 
 from store_sales, household_demographics , time_dim, store
 where ss_sold_time_sk = time_dim.t_time_sk
     and ss_hdemo_sk = household_demographics.hd_demo_sk
     and ss_store_sk = s_store_sk
     and time_dim.t_hour = 9
     and time_dim.t_minute >= 30
     and ((household_demographics.hd_dep_count = -1 and household_demographics.hd_vehicle_count<=-1+2) or
          (household_demographics.hd_dep_count = 4 and household_demographics.hd_vehicle_count<=4+2) or
          (household_demographics.hd_dep_count = 0 and household_demographics.hd_vehicle_count<=0+2))
     and store.s_store_name = 'ese') s3,
 (select count(*) h10_to_10_30
 from store_sales, household_demographics , time_dim, store
 where ss_sold_time_sk = time_dim.t_time_sk
     and ss_hdemo_sk = household_demographics.hd_demo_sk
     and ss_store_sk = s_store_sk
     and time_dim.t_hour = 10 
     and time_dim.t_minute < 30
     and ((household_demographics.hd_dep_count = -1 and household_demographics.hd_vehicle_count<=-1+2) or
          (household_demographics.hd_dep_count = 4 and household_demographics.hd_vehicle_count<=4+2) or
          (household_demographics.hd_dep_count = 0 and household_demographics.hd_vehicle_count<=0+2))
     and store.s_store_name = 'ese') s4,
 (select count(*) h10_30_to_11
 from store_sales, household_demographics , time_dim, store
 where ss_sold_time_sk = time_dim.t_time_sk
     and ss_hdemo_sk = household_demographics.hd_demo_sk
     and ss_store_sk = s_store_sk
     and time_dim.t_hour = 10 
     and time_dim.t_minute >= 30
     and ((household_demographics.hd_dep_count = -1 and household_demographics.hd_vehicle_count<=-1+2) or
          (household_demographics.hd_dep_count = 4 and household_demographics.hd_vehicle_count<=4+2) or
          (household_demographics.hd_dep_count = 0 and household_demographics.hd_vehicle_count<=0+2))
     and store.s_store_name = 'ese') s5,
 (select count(*) h11_to_11_30
 from store_sales, household_demographics , time_dim, store
 where ss_sold_time_sk = time_dim.t_time_sk
     and ss_hdemo_sk = household_demographics.hd_demo_sk
     and ss_store_sk = s_store_sk 
     and time_dim.t_hour = 11
     and time_dim.t_minute < 30
     and ((household_demographics.hd_dep_count = -1 and household_demographics.hd_vehicle_count<=-1+2) or
          (household_demographics.hd_dep_count = 4 and household_demographics.hd_vehicle_count<=4+2) or
          (household_demographics.hd_dep_count = 0 and household_demographics.hd_vehicle_count<=0+2))
     and store.s_store_name = 'ese') s6,
 (select count(*) h11_30_to_12
 from store_sales, household_demographics , time_dim, store
 where ss_sold_time_sk = time_dim.t_time_sk
     and ss_hdemo_sk = household_demographics.hd_demo_sk
     and ss_store_sk = s_store_sk
     and time_dim.t_hour = 11
     and time_dim.t_minute >= 30
     and ((household_demographics.hd_dep_count = -1 and household_demographics.hd_vehicle_count<=-1+2) or
          (household_demographics.hd_dep_count = 4 and household_demographics.hd_vehicle_count<=4+2) or
          (household_demographics.hd_dep_count = 0 and household_demographics.hd_vehicle_count<=0+2))
     and store.s_store_name = 'ese') s7,
 (select count(*) h12_to_12_30
 from store_sales, household_demographics , time_dim, store
 where ss_sold_time_sk = time_dim.t_time_sk
     and ss_hdemo_sk = household_demographics.hd_demo_sk
     and ss_store_sk = s_store_sk
     and time_dim.t_hour = 12
     and time_dim.t_minute < 30
     and ((household_demographics.hd_dep_count = -1 and household_demographics.hd_vehicle_count<=-1+2) or
          (household_demographics.hd_dep_count = 4 and household_demographics.hd_vehicle_count<=4+2) or
          (household_demographics.hd_dep_count = 0 and household_demographics.hd_vehicle_count<=0+2))
     and store.s_store_name = 'ese') s8
;
psql:/tmp/s1-basline/throughput/query_3.sql:4761: NOTICE:  duration: 2125.268 ms  plan:
Query Text: select  *
from
 (select count(*) h8_30_to_9
 from store_sales, household_demographics , time_dim, store
 where ss_sold_time_sk = time_dim.t_time_sk   
     and ss_hdemo_sk = household_demographics.hd_demo_sk 
     and ss_store_sk = s_store_sk
     and time_dim.t_hour = 8
     and time_dim.t_minute >= 30
     and ((household_demographics.hd_dep_count = -1 and household_demographics.hd_vehicle_count<=-1+2) or
          (household_demographics.hd_dep_count = 4 and household_demographics.hd_vehicle_count<=4+2) or
          (household_demographics.hd_dep_count = 0 and household_demographics.hd_vehicle_count<=0+2)) 
     and store.s_store_name = 'ese') s1,
 (select count(*) h9_to_9_30 
 from store_sales, household_demographics , time_dim, store
 where ss_sold_time_sk = time_dim.t_time_sk
     and ss_hdemo_sk = household_demographics.hd_demo_sk
     and ss_store_sk = s_store_sk 
     and time_dim.t_hour = 9 
     and time_dim.t_minute < 30
     and ((household_demographics.hd_dep_count = -1 and household_demographics.hd_vehicle_count<=-1+2) or
          (household_demographics.hd_dep_count = 4 and household_demographics.hd_vehicle_count<=4+2) or
          (household_demographics.hd_dep_count = 0 and household_demographics.hd_vehicle_count<=0+2))
     and store.s_store_name = 'ese') s2,
 (select count(*) h9_30_to_10 
 from store_sales, household_demographics , time_dim, store
 where ss_sold_time_sk = time_dim.t_time_sk
     and ss_hdemo_sk = household_demographics.hd_demo_sk
     and ss_store_sk = s_store_sk
     and time_dim.t_hour = 9
     and time_dim.t_minute >= 30
     and ((household_demographics.hd_dep_count = -1 and household_demographics.hd_vehicle_count<=-1+2) or
          (household_demographics.hd_dep_count = 4 and household_demographics.hd_vehicle_count<=4+2) or
          (household_demographics.hd_dep_count = 0 and household_demographics.hd_vehicle_count<=0+2))
     and store.s_store_name = 'ese') s3,
 (select count(*) h10_to_10_30
 from store_sales, household_demographics , time_dim, store
 where ss_sold_time_sk = time_dim.t_time_sk
     and ss_hdemo_sk = household_demographics.hd_demo_sk
     and ss_store_sk = s_store_sk
     and time_dim.t_hour = 10 
     and time_dim.t_minute < 30
     and ((household_demographics.hd_dep_count = -1 and household_demographics.hd_vehicle_count<=-1+2) or
          (household_demographics.hd_dep_count = 4 and household_demographics.hd_vehicle_count<=4+2) or
          (household_demographics.hd_dep_count = 0 and household_demographics.hd_vehicle_count<=0+2))
     and store.s_store_name = 'ese') s4,
 (select count(*) h10_30_to_11
 from store_sales, household_demographics , time_dim, store
 where ss_sold_time_sk = time_dim.t_time_sk
     and ss_hdemo_sk = household_demographics.hd_demo_sk
     and ss_store_sk = s_store_sk
     and time_dim.t_hour = 10 
     and time_dim.t_minute >= 30
     and ((household_demographics.hd_dep_count = -1 and household_demographics.hd_vehicle_count<=-1+2) or
          (household_demographics.hd_dep_count = 4 and household_demographics.hd_vehicle_count<=4+2) or
          (household_demographics.hd_dep_count = 0 and household_demographics.hd_vehicle_count<=0+2))
     and store.s_store_name = 'ese') s5,
 (select count(*) h11_to_11_30
 from store_sales, household_demographics , time_dim, store
 where ss_sold_time_sk = time_dim.t_time_sk
     and ss_hdemo_sk = household_demographics.hd_demo_sk
     and ss_store_sk = s_store_sk 
     and time_dim.t_hour = 11
     and time_dim.t_minute < 30
     and ((household_demographics.hd_dep_count = -1 and household_demographics.hd_vehicle_count<=-1+2) or
          (household_demographics.hd_dep_count = 4 and household_demographics.hd_vehicle_count<=4+2) or
          (household_demographics.hd_dep_count = 0 and household_demographics.hd_vehicle_count<=0+2))
     and store.s_store_name = 'ese') s6,
 (select count(*) h11_30_to_12
 from store_sales, household_demographics , time_dim, store
 where ss_sold_time_sk = time_dim.t_time_sk
     and ss_hdemo_sk = household_demographics.hd_demo_sk
     and ss_store_sk = s_store_sk
     and time_dim.t_hour = 11
     and time_dim.t_minute >= 30
     and ((household_demographics.hd_dep_count = -1 and household_demographics.hd_vehicle_count<=-1+2) or
          (household_demographics.hd_dep_count = 4 and household_demographics.hd_vehicle_count<=4+2) or
          (household_demographics.hd_dep_count = 0 and household_demographics.hd_vehicle_count<=0+2))
     and store.s_store_name = 'ese') s7,
 (select count(*) h12_to_12_30
 from store_sales, household_demographics , time_dim, store
 where ss_sold_time_sk = time_dim.t_time_sk
     and ss_hdemo_sk = household_demographics.hd_demo_sk
     and ss_store_sk = s_store_sk
     and time_dim.t_hour = 12
     and time_dim.t_minute < 30
     and ((household_demographics.hd_dep_count = -1 and household_demographics.hd_vehicle_count<=-1+2) or
          (household_demographics.hd_dep_count = 4 and household_demographics.hd_vehicle_count<=4+2) or
          (household_demographics.hd_dep_count = 0 and household_demographics.hd_vehicle_count<=0+2))
     and store.s_store_name = 'ese') s8
;
Nested Loop  (cost=738957.03..738957.26 rows=1 width=64) (actual time=2050.723..2125.259 rows=1 loops=1)
  ->  Nested Loop  (cost=646584.77..646584.97 rows=1 width=56) (actual time=1794.236..1794.865 rows=1 loops=1)
        ->  Nested Loop  (cost=554213.60..554213.77 rows=1 width=48) (actual time=1539.559..1540.112 rows=1 loops=1)
              ->  Nested Loop  (cost=461841.44..461841.58 rows=1 width=40) (actual time=1283.882..1284.360 rows=1 loops=1)
                    ->  Nested Loop  (cost=369472.91..369473.02 rows=1 width=32) (actual time=1024.882..1025.283 rows=1 loops=1)
                          ->  Nested Loop  (cost=277103.44..277103.52 rows=1 width=24) (actual time=764.145..764.463 rows=1 loops=1)
                                ->  Nested Loop  (cost=184736.04..184736.09 rows=1 width=16) (actual time=508.136..508.374 rows=1 loops=1)
                                      ->  Finalize Aggregate  (cost=92367.67..92367.68 rows=1 width=8) (actual time=250.922..251.077 rows=1 loops=1)
                                            ->  Gather  (cost=92367.45..92367.66 rows=2 width=8) (actual time=250.829..251.072 rows=3 loops=1)
                                                  Workers Planned: 2
                                                  Workers Launched: 2
                                                  ->  Partial Aggregate  (cost=91367.45..91367.46 rows=1 width=8) (actual time=246.498..246.503 rows=1 loops=3)
                                                        ->  Hash Join  (cost=3020.81..91366.74 rows=286 width=0) (actual time=15.705..246.470 rows=514 loops=3)
                                                              Hash Cond: (store_sales.ss_store_sk = store.s_store_sk)
                                                              ->  Hash Join  (cost=3019.65..91352.95 rows=3596 width=8) (actual time=15.002..246.036 rows=3096 loops=3)
                                                                    Hash Cond: (store_sales.ss_hdemo_sk = household_demographics.hd_demo_sk)
                                                                    ->  Hash Join  (cost=2765.25..91036.64 rows=23573 width=16) (actual time=12.851..243.152 rows=18029 loops=3)
                                                                          Hash Cond: (store_sales.ss_sold_time_sk = time_dim.t_time_sk)
                                                                          ->  Parallel Seq Scan on store_sales  (cost=0.00..85123.48 rows=1199148 width=24) (actual time=0.015..123.343 rows=959309 loops=3)
                                                                          ->  Hash  (cost=2743.00..2743.00 rows=1780 width=8) (actual time=12.671..12.672 rows=1800 loops=3)
                                                                                Buckets: 2048  Batches: 1  Memory Usage: 87kB
                                                                                ->  Seq Scan on time_dim  (cost=0.00..2743.00 rows=1780 width=8) (actual time=4.685..12.458 rows=1800 loops=3)
                                                                                      Filter: ((t_minute >= 30) AND (t_hour = 8))
                                                                                      Rows Removed by Filter: 84600
                                                                    ->  Hash  (cost=240.00..240.00 rows=1152 width=8) (actual time=1.336..1.337 rows=1200 loops=3)
                                                                          Buckets: 2048  Batches: 1  Memory Usage: 63kB
                                                                          ->  Seq Scan on household_demographics  (cost=0.00..240.00 rows=1152 width=8) (actual time=0.022..1.190 rows=1200 loops=3)
                                                                                Filter: (((hd_dep_count = '-1'::integer) AND (hd_vehicle_count <= 1)) OR ((hd_dep_count = 4) AND (hd_vehicle_count <= 6)) OR ((hd_dep_count = 0) AND (hd_vehicle_count <= 2)))
                                                                                Rows Removed by Filter: 6000
                                                              ->  Hash  (cost=1.15..1.15 rows=1 width=8) (actual time=0.032..0.033 rows=1 loops=3)
                                                                    Buckets: 1024  Batches: 1  Memory Usage: 9kB
                                                                    ->  Seq Scan on store  (cost=0.00..1.15 rows=1 width=8) (actual time=0.026..0.027 rows=1 loops=3)
                                                                          Filter: ((s_store_name)::text = 'ese'::text)
                                                                          Rows Removed by Filter: 11
                                      ->  Finalize Aggregate  (cost=92368.38..92368.39 rows=1 width=8) (actual time=257.203..257.285 rows=1 loops=1)
                                            ->  Gather  (cost=92368.16..92368.37 rows=2 width=8) (actual time=257.102..257.281 rows=3 loops=1)
                                                  Workers Planned: 2
                                                  Workers Launched: 2
                                                  ->  Partial Aggregate  (cost=91368.16..91368.17 rows=1 width=8) (actual time=252.579..252.584 rows=1 loops=3)
                                                        ->  Hash Join  (cost=3020.97..91367.44 rows=288 width=0) (actual time=18.785..252.531 rows=937 loops=3)
                                                              Hash Cond: (store_sales_1.ss_store_sk = store_1.s_store_sk)
                                                              ->  Hash Join  (cost=3019.81..91353.57 rows=3622 width=8) (actual time=14.406..251.906 rows=5661 loops=3)
                                                                    Hash Cond: (store_sales_1.ss_hdemo_sk = household_demographics_1.hd_demo_sk)
                                                                    ->  Hash Join  (cost=2765.41..91036.80 rows=23745 width=16) (actual time=12.756..247.611 rows=36662 loops=3)
                                                                          Hash Cond: (store_sales_1.ss_sold_time_sk = time_dim_1.t_time_sk)
                                                                          ->  Parallel Seq Scan on store_sales store_sales_1  (cost=0.00..85123.48 rows=1199148 width=24) (actual time=0.014..123.982 rows=959309 loops=3)
                                                                          ->  Hash  (cost=2743.00..2743.00 rows=1793 width=8) (actual time=12.648..12.649 rows=1800 loops=3)
                                                                                Buckets: 2048  Batches: 1  Memory Usage: 87kB
                                                                                ->  Seq Scan on time_dim time_dim_1  (cost=0.00..2743.00 rows=1793 width=8) (actual time=4.918..12.433 rows=1800 loops=3)
                                                                                      Filter: ((t_minute < 30) AND (t_hour = 9))
                                                                                      Rows Removed by Filter: 84600
                                                                    ->  Hash  (cost=240.00..240.00 rows=1152 width=8) (actual time=1.352..1.353 rows=1200 loops=3)
                                                                          Buckets: 2048  Batches: 1  Memory Usage: 63kB
                                                                          ->  Seq Scan on household_demographics household_demographics_1  (cost=0.00..240.00 rows=1152 width=8) (actual time=0.025..1.205 rows=1200 loops=3)
                                                                                Filter: (((hd_dep_count = '-1'::integer) AND (hd_vehicle_count <= 1)) OR ((hd_dep_count = 4) AND (hd_vehicle_count <= 6)) OR ((hd_dep_count = 0) AND (hd_vehicle_count <= 2)))
                                                                                Rows Removed by Filter: 6000
                                                              ->  Hash  (cost=1.15..1.15 rows=1 width=8) (actual time=0.033..0.034 rows=1 loops=3)
                                                                    Buckets: 1024  Batches: 1  Memory Usage: 9kB
                                                                    ->  Seq Scan on store store_1  (cost=0.00..1.15 rows=1 width=8) (actual time=0.027..0.028 rows=1 loops=3)
                                                                          Filter: ((s_store_name)::text = 'ese'::text)
                                                                          Rows Removed by Filter: 11
                                ->  Finalize Aggregate  (cost=92367.39..92367.40 rows=1 width=8) (actual time=256.005..256.084 rows=1 loops=1)
                                      ->  Gather  (cost=92367.18..92367.39 rows=2 width=8) (actual time=255.899..256.079 rows=3 loops=1)
                                            Workers Planned: 2
                                            Workers Launched: 2
                                            ->  Partial Aggregate  (cost=91367.18..91367.19 rows=1 width=8) (actual time=251.220..251.225 rows=1 loops=3)
                                                  ->  Hash Join  (cost=3020.75..91366.46 rows=285 width=0) (actual time=15.775..251.165 rows=1083 loops=3)
                                                        Hash Cond: (store_sales_2.ss_store_sk = store_2.s_store_sk)
                                                        ->  Hash Join  (cost=3019.59..91352.72 rows=3586 width=8) (actual time=14.166..250.506 rows=6088 loops=3)
                                                              Hash Cond: (store_sales_2.ss_hdemo_sk = household_demographics_2.hd_demo_sk)
                                                              ->  Hash Join  (cost=2765.19..91036.58 rows=23507 width=16) (actual time=12.550..246.145 rows=37195 loops=3)
                                                                    Hash Cond: (store_sales_2.ss_sold_time_sk = time_dim_2.t_time_sk)
                                                                    ->  Parallel Seq Scan on store_sales store_sales_2  (cost=0.00..85123.48 rows=1199148 width=24) (actual time=0.014..123.595 rows=959309 loops=3)
                                                                    ->  Hash  (cost=2743.00..2743.00 rows=1775 width=8) (actual time=12.492..12.493 rows=1800 loops=3)
                                                                          Buckets: 2048  Batches: 1  Memory Usage: 87kB
                                                                          ->  Seq Scan on time_dim time_dim_2  (cost=0.00..2743.00 rows=1775 width=8) (actual time=5.219..12.276 rows=1800 loops=3)
                                                                                Filter: ((t_minute >= 30) AND (t_hour = 9))
                                                                                Rows Removed by Filter: 84600
                                                              ->  Hash  (cost=240.00..240.00 rows=1152 width=8) (actual time=1.361..1.362 rows=1200 loops=3)
                                                                    Buckets: 2048  Batches: 1  Memory Usage: 63kB
                                                                    ->  Seq Scan on household_demographics household_demographics_2  (cost=0.00..240.00 rows=1152 width=8) (actual time=0.022..1.212 rows=1200 loops=3)
                                                                          Filter: (((hd_dep_count = '-1'::integer) AND (hd_vehicle_count <= 1)) OR ((hd_dep_count = 4) AND (hd_vehicle_count <= 6)) OR ((hd_dep_count = 0) AND (hd_vehicle_count <= 2)))
                                                                          Rows Removed by Filter: 6000
                                                        ->  Hash  (cost=1.15..1.15 rows=1 width=8) (actual time=0.033..0.033 rows=1 loops=3)
                                                              Buckets: 1024  Batches: 1  Memory Usage: 9kB
                                                              ->  Seq Scan on store store_2  (cost=0.00..1.15 rows=1 width=8) (actual time=0.027..0.028 rows=1 loops=3)
                                                                    Filter: ((s_store_name)::text = 'ese'::text)
                                                                    Rows Removed by Filter: 11
                          ->  Finalize Aggregate  (cost=92369.47..92369.48 rows=1 width=8) (actual time=260.733..260.816 rows=1 loops=1)
                                ->  Gather  (cost=92369.25..92369.46 rows=2 width=8) (actual time=260.616..260.811 rows=3 loops=1)
                                      Workers Planned: 2
                                      Workers Launched: 2
                                      ->  Partial Aggregate  (cost=91369.25..91369.26 rows=1 width=8) (actual time=256.345..256.350 rows=1 loops=3)
                                            ->  Hash Join  (cost=3021.22..91368.53 rows=291 width=0) (actual time=15.331..256.274 rows=1403 loops=3)
                                                  Hash Cond: (store_sales_3.ss_store_sk = store_3.s_store_sk)
                                                  ->  Hash Join  (cost=3020.06..91354.51 rows=3662 width=8) (actual time=14.629..255.446 rows=8769 loops=3)
                                                        Hash Cond: (store_sales_3.ss_hdemo_sk = household_demographics_3.hd_demo_sk)
                                                        ->  Hash Join  (cost=2765.66..91037.05 rows=24010 width=16) (actual time=12.236..249.829 rows=54541 loops=3)
                                                              Hash Cond: (store_sales_3.ss_sold_time_sk = time_dim_3.t_time_sk)
                                                              ->  Parallel Seq Scan on store_sales store_sales_3  (cost=0.00..85123.48 rows=1199148 width=24) (actual time=0.013..124.485 rows=959309 loops=3)
                                                              ->  Hash  (cost=2743.00..2743.00 rows=1813 width=8) (actual time=12.186..12.186 rows=1800 loops=3)
                                                                    Buckets: 2048  Batches: 1  Memory Usage: 87kB
                                                                    ->  Seq Scan on time_dim time_dim_3  (cost=0.00..2743.00 rows=1813 width=8) (actual time=5.289..11.976 rows=1800 loops=3)
                                                                          Filter: ((t_minute < 30) AND (t_hour = 10))
                                                                          Rows Removed by Filter: 84600
                                                        ->  Hash  (cost=240.00..240.00 rows=1152 width=8) (actual time=1.298..1.299 rows=1200 loops=3)
                                                              Buckets: 2048  Batches: 1  Memory Usage: 63kB
                                                              ->  Seq Scan on household_demographics household_demographics_3  (cost=0.00..240.00 rows=1152 width=8) (actual time=0.021..1.154 rows=1200 loops=3)
                                                                    Filter: (((hd_dep_count = '-1'::integer) AND (hd_vehicle_count <= 1)) OR ((hd_dep_count = 4) AND (hd_vehicle_count <= 6)) OR ((hd_dep_count = 0) AND (hd_vehicle_count <= 2)))
                                                                    Rows Removed by Filter: 6000
                                                  ->  Hash  (cost=1.15..1.15 rows=1 width=8) (actual time=0.031..0.032 rows=1 loops=3)
                                                        Buckets: 1024  Batches: 1  Memory Usage: 9kB
                                                        ->  Seq Scan on store store_3  (cost=0.00..1.15 rows=1 width=8) (actual time=0.025..0.026 rows=1 loops=3)
                                                              Filter: ((s_store_name)::text = 'ese'::text)
                                                              Rows Removed by Filter: 11
                    ->  Finalize Aggregate  (cost=92368.54..92368.55 rows=1 width=8) (actual time=258.996..259.072 rows=1 loops=1)
                          ->  Gather  (cost=92368.32..92368.53 rows=2 width=8) (actual time=258.891..259.067 rows=3 loops=1)
                                Workers Planned: 2
                                Workers Launched: 2
                                ->  Partial Aggregate  (cost=91368.32..91368.33 rows=1 width=8) (actual time=254.516..254.520 rows=1 loops=3)
                                      ->  Hash Join  (cost=3021.01..91367.60 rows=288 width=0) (actual time=18.999..254.445 rows=1395 loops=3)
                                            Hash Cond: (store_sales_4.ss_store_sk = store_4.s_store_sk)
                                            ->  Hash Join  (cost=3019.85..91353.71 rows=3628 width=8) (actual time=14.206..253.619 rows=8465 loops=3)
                                                  Hash Cond: (store_sales_4.ss_hdemo_sk = household_demographics_4.hd_demo_sk)
                                                  ->  Hash Join  (cost=2765.45..91036.84 rows=23785 width=16) (actual time=12.708..248.032 rows=54228 loops=3)
                                                        Hash Cond: (store_sales_4.ss_sold_time_sk = time_dim_4.t_time_sk)
                                                        ->  Parallel Seq Scan on store_sales store_sales_4  (cost=0.00..85123.48 rows=1199148 width=24) (actual time=0.013..122.988 rows=959309 loops=3)
                                                        ->  Hash  (cost=2743.00..2743.00 rows=1796 width=8) (actual time=12.632..12.633 rows=1800 loops=3)
                                                              Buckets: 2048  Batches: 1  Memory Usage: 87kB
                                                              ->  Seq Scan on time_dim time_dim_4  (cost=0.00..2743.00 rows=1796 width=8) (actual time=5.684..12.420 rows=1800 loops=3)
                                                                    Filter: ((t_minute >= 30) AND (t_hour = 10))
                                                                    Rows Removed by Filter: 84600
                                                  ->  Hash  (cost=240.00..240.00 rows=1152 width=8) (actual time=1.329..1.330 rows=1200 loops=3)
                                                        Buckets: 2048  Batches: 1  Memory Usage: 63kB
                                                        ->  Seq Scan on household_demographics household_demographics_4  (cost=0.00..240.00 rows=1152 width=8) (actual time=0.022..1.185 rows=1200 loops=3)
                                                              Filter: (((hd_dep_count = '-1'::integer) AND (hd_vehicle_count <= 1)) OR ((hd_dep_count = 4) AND (hd_vehicle_count <= 6)) OR ((hd_dep_count = 0) AND (hd_vehicle_count <= 2)))
                                                              Rows Removed by Filter: 6000
                                            ->  Hash  (cost=1.15..1.15 rows=1 width=8) (actual time=0.035..0.036 rows=1 loops=3)
                                                  Buckets: 1024  Batches: 1  Memory Usage: 9kB
                                                  ->  Seq Scan on store store_4  (cost=0.00..1.15 rows=1 width=8) (actual time=0.028..0.030 rows=1 loops=3)
                                                        Filter: ((s_store_name)::text = 'ese'::text)
                                                        Rows Removed by Filter: 11
              ->  Finalize Aggregate  (cost=92372.16..92372.17 rows=1 width=8) (actual time=255.673..255.748 rows=1 loops=1)
                    ->  Gather  (cost=92371.94..92372.15 rows=2 width=8) (actual time=255.559..255.743 rows=3 loops=1)
                          Workers Planned: 2
                          Workers Launched: 2
                          ->  Partial Aggregate  (cost=91371.94..91371.95 rows=1 width=8) (actual time=251.024..251.029 rows=1 loops=3)
                                ->  Hash Join  (cost=3021.84..91371.19 rows=299 width=0) (actual time=19.671..250.980 rows=826 loops=3)
                                      Hash Cond: (store_sales_5.ss_store_sk = store_5.s_store_sk)
                                      ->  Hash Join  (cost=3020.68..91356.83 rows=3762 width=8) (actual time=14.273..250.403 rows=5157 loops=3)
                                            Hash Cond: (store_sales_5.ss_hdemo_sk = household_demographics_5.hd_demo_sk)
                                            ->  Hash Join  (cost=2766.28..91037.67 rows=24659 width=16) (actual time=12.277..246.521 rows=31548 loops=3)
                                                  Hash Cond: (store_sales_5.ss_sold_time_sk = time_dim_5.t_time_sk)
                                                  ->  Parallel Seq Scan on store_sales store_sales_5  (cost=0.00..85123.48 rows=1199148 width=24) (actual time=0.014..124.410 rows=959309 loops=3)
                                                  ->  Hash  (cost=2743.00..2743.00 rows=1862 width=8) (actual time=12.129..12.129 rows=1800 loops=3)
                                                        Buckets: 2048  Batches: 1  Memory Usage: 87kB
                                                        ->  Seq Scan on time_dim time_dim_5  (cost=0.00..2743.00 rows=1862 width=8) (actual time=5.716..11.917 rows=1800 loops=3)
                                                              Filter: ((t_minute < 30) AND (t_hour = 11))
                                                              Rows Removed by Filter: 84600
                                            ->  Hash  (cost=240.00..240.00 rows=1152 width=8) (actual time=1.287..1.287 rows=1200 loops=3)
                                                  Buckets: 2048  Batches: 1  Memory Usage: 63kB
                                                  ->  Seq Scan on household_demographics household_demographics_5  (cost=0.00..240.00 rows=1152 width=8) (actual time=0.021..1.138 rows=1200 loops=3)
                                                        Filter: (((hd_dep_count = '-1'::integer) AND (hd_vehicle_count <= 1)) OR ((hd_dep_count = 4) AND (hd_vehicle_count <= 6)) OR ((hd_dep_count = 0) AND (hd_vehicle_count <= 2)))
                                                        Rows Removed by Filter: 6000
                                      ->  Hash  (cost=1.15..1.15 rows=1 width=8) (actual time=0.033..0.033 rows=1 loops=3)
                                            Buckets: 1024  Batches: 1  Memory Usage: 9kB
                                            ->  Seq Scan on store store_5  (cost=0.00..1.15 rows=1 width=8) (actual time=0.026..0.028 rows=1 loops=3)
                                                  Filter: ((s_store_name)::text = 'ese'::text)
                                                  Rows Removed by Filter: 11
        ->  Finalize Aggregate  (cost=92371.17..92371.18 rows=1 width=8) (actual time=254.674..254.748 rows=1 loops=1)
              ->  Gather  (cost=92370.95..92371.16 rows=2 width=8) (actual time=254.564..254.744 rows=3 loops=1)
                    Workers Planned: 2
                    Workers Launched: 2
                    ->  Partial Aggregate  (cost=91370.95..91370.96 rows=1 width=8) (actual time=249.673..249.677 rows=1 loops=3)
                          ->  Hash Join  (cost=3021.61..91370.21 rows=296 width=0) (actual time=19.380..249.630 rows=816 loops=3)
                                Hash Cond: (store_sales_6.ss_store_sk = store_6.s_store_sk)
                                ->  Hash Join  (cost=3020.45..91355.98 rows=3725 width=8) (actual time=14.267..249.049 rows=5158 loops=3)
                                      Hash Cond: (store_sales_6.ss_hdemo_sk = household_demographics_6.hd_demo_sk)
                                      ->  Hash Join  (cost=2766.05..91037.44 rows=24421 width=16) (actual time=12.632..245.069 rows=31599 loops=3)
                                            Hash Cond: (store_sales_6.ss_sold_time_sk = time_dim_6.t_time_sk)
                                            ->  Parallel Seq Scan on store_sales store_sales_6  (cost=0.00..85123.48 rows=1199148 width=24) (actual time=0.013..123.493 rows=959309 loops=3)
                                            ->  Hash  (cost=2743.00..2743.00 rows=1844 width=8) (actual time=12.554..12.555 rows=1800 loops=3)
                                                  Buckets: 2048  Batches: 1  Memory Usage: 87kB
                                                  ->  Seq Scan on time_dim time_dim_6  (cost=0.00..2743.00 rows=1844 width=8) (actual time=6.313..12.338 rows=1800 loops=3)
                                                        Filter: ((t_minute >= 30) AND (t_hour = 11))
                                                        Rows Removed by Filter: 84600
                                      ->  Hash  (cost=240.00..240.00 rows=1152 width=8) (actual time=1.354..1.355 rows=1200 loops=3)
                                            Buckets: 2048  Batches: 1  Memory Usage: 63kB
                                            ->  Seq Scan on household_demographics household_demographics_6  (cost=0.00..240.00 rows=1152 width=8) (actual time=0.022..1.207 rows=1200 loops=3)
                                                  Filter: (((hd_dep_count = '-1'::integer) AND (hd_vehicle_count <= 1)) OR ((hd_dep_count = 4) AND (hd_vehicle_count <= 6)) OR ((hd_dep_count = 0) AND (hd_vehicle_count <= 2)))
                                                  Rows Removed by Filter: 6000
                                ->  Hash  (cost=1.15..1.15 rows=1 width=8) (actual time=0.032..0.033 rows=1 loops=3)
                                      Buckets: 1024  Batches: 1  Memory Usage: 9kB
                                      ->  Seq Scan on store store_6  (cost=0.00..1.15 rows=1 width=8) (actual time=0.026..0.027 rows=1 loops=3)
                                            Filter: ((s_store_name)::text = 'ese'::text)
                                            Rows Removed by Filter: 11
  ->  Finalize Aggregate  (cost=92372.26..92372.27 rows=1 width=8) (actual time=256.484..330.390 rows=1 loops=1)
        ->  Gather  (cost=92372.05..92372.26 rows=2 width=8) (actual time=256.359..330.386 rows=3 loops=1)
              Workers Planned: 2
              Workers Launched: 2
              ->  Partial Aggregate  (cost=91372.05..91372.06 rows=1 width=8) (actual time=251.904..251.908 rows=1 loops=3)
                    ->  Hash Join  (cost=3021.86..91371.30 rows=299 width=0) (actual time=15.332..251.849 rows=1055 loops=3)
                          Hash Cond: (store_sales_7.ss_store_sk = store_7.s_store_sk)
                          ->  Hash Join  (cost=3020.70..91356.93 rows=3765 width=8) (actual time=13.934..251.186 rows=6117 loops=3)
                                Hash Cond: (store_sales_7.ss_hdemo_sk = household_demographics_7.hd_demo_sk)
                                ->  Hash Join  (cost=2766.30..91037.69 rows=24686 width=16) (actual time=12.405..246.891 rows=36593 loops=3)
                                      Hash Cond: (store_sales_7.ss_sold_time_sk = time_dim_7.t_time_sk)
                                      ->  Parallel Seq Scan on store_sales store_sales_7  (cost=0.00..85123.48 rows=1199148 width=24) (actual time=0.014..124.538 rows=959309 loops=3)
                                      ->  Hash  (cost=2743.00..2743.00 rows=1864 width=8) (actual time=12.340..12.341 rows=1800 loops=3)
                                            Buckets: 2048  Batches: 1  Memory Usage: 87kB
                                            ->  Seq Scan on time_dim time_dim_7  (cost=0.00..2743.00 rows=1864 width=8) (actual time=6.372..12.132 rows=1800 loops=3)
                                                  Filter: ((t_minute < 30) AND (t_hour = 12))
                                                  Rows Removed by Filter: 84600
                                ->  Hash  (cost=240.00..240.00 rows=1152 width=8) (actual time=1.305..1.306 rows=1200 loops=3)
                                      Buckets: 2048  Batches: 1  Memory Usage: 63kB
                                      ->  Seq Scan on household_demographics household_demographics_7  (cost=0.00..240.00 rows=1152 width=8) (actual time=0.021..1.159 rows=1200 loops=3)
                                            Filter: (((hd_dep_count = '-1'::integer) AND (hd_vehicle_count <= 1)) OR ((hd_dep_count = 4) AND (hd_vehicle_count <= 6)) OR ((hd_dep_count = 0) AND (hd_vehicle_count <= 2)))
                                            Rows Removed by Filter: 6000
                          ->  Hash  (cost=1.15..1.15 rows=1 width=8) (actual time=0.032..0.032 rows=1 loops=3)
                                Buckets: 1024  Batches: 1  Memory Usage: 9kB
                                ->  Seq Scan on store store_7  (cost=0.00..1.15 rows=1 width=8) (actual time=0.026..0.027 rows=1 loops=3)
                                      Filter: ((s_store_name)::text = 'ese'::text)
                                      Rows Removed by Filter: 11
 h8_30_to_9 | h9_to_9_30 | h9_30_to_10 | h10_to_10_30 | h10_30_to_11 | h11_to_11_30 | h11_30_to_12 | h12_to_12_30 
------------+------------+-------------+--------------+--------------+--------------+--------------+--------------
       1541 |       2811 |        3250 |         4210 |         4184 |         2478 |         2448 |         3165
(1 row)

UPDATE time_statistics SET e_time = TRANSACTION_TIMESTAMP() WHERE template = 'query88.tpl' AND stream = 3;
psql:/tmp/s1-basline/throughput/query_3.sql:4763: NOTICE:  duration: 0.071 ms  plan:
Query Text: UPDATE time_statistics SET e_time = TRANSACTION_TIMESTAMP() WHERE template = 'query88.tpl' AND stream = 3;
Update on time_statistics  (cost=0.00..12.86 rows=0 width=0) (actual time=0.071..0.071 rows=0 loops=1)
  ->  Seq Scan on time_statistics  (cost=0.00..12.86 rows=1 width=14) (actual time=0.055..0.055 rows=1 loops=1)
        Filter: ((template = 'query88.tpl'::text) AND (stream = 3))
        Rows Removed by Filter: 386
UPDATE 1
LOAD 'auto_explain'; SET auto_explain.log_min_duration TO 0; SET auto_explain.log_analyze TO on; SET auto_explain.log_level TO notice; INSERT INTO time_statistics (template, s_time, stream, query, seed) VALUES ('../query_postgresql/query49.tpl', TRANSACTION_TIMESTAMP(), 3, 99, 967511182);
LOAD
SET
SET
SET
psql:/tmp/s1-basline/throughput/query_3.sql:4764: NOTICE:  duration: 0.009 ms  plan:
Query Text: INSERT INTO time_statistics (template, s_time, stream, query, seed) VALUES ('../query_postgresql/query49.tpl', TRANSACTION_TIMESTAMP(), 3, 99, 967511182);
Insert on time_statistics  (cost=0.00..0.01 rows=0 width=0) (actual time=0.008..0.008 rows=0 loops=1)
  ->  Result  (cost=0.00..0.01 rows=1 width=64) (actual time=0.001..0.002 rows=1 loops=1)
INSERT 0 1
select  channel, item, return_ratio, return_rank, currency_rank from
 (select
 'web' as channel
 ,web.item
 ,web.return_ratio
 ,web.return_rank
 ,web.currency_rank
 from (
 	select 
 	 item
 	,return_ratio
 	,currency_ratio
 	,rank() over (order by return_ratio) as return_rank
 	,rank() over (order by currency_ratio) as currency_rank
 	from
 	(	select ws.ws_item_sk as item
 		,(cast(sum(coalesce(wr.wr_return_quantity,0)) as decimal(15,4))/
 		cast(sum(coalesce(ws.ws_quantity,0)) as decimal(15,4) )) as return_ratio
 		,(cast(sum(coalesce(wr.wr_return_amt,0)) as decimal(15,4))/
 		cast(sum(coalesce(ws.ws_net_paid,0)) as decimal(15,4) )) as currency_ratio
 		from 
 		 web_sales ws left outer join web_returns wr 
 			on (ws.ws_order_number = wr.wr_order_number and 
 			ws.ws_item_sk = wr.wr_item_sk)
                 ,date_dim
 		where 
 			wr.wr_return_amt > 10000 
 			and ws.ws_net_profit > 1
                         and ws.ws_net_paid > 0
                         and ws.ws_quantity > 0
                         and ws_sold_date_sk = d_date_sk
                         and d_year = 2000
                         and d_moy = 12
 		group by ws.ws_item_sk
 	) in_web
 ) web
 where 
 (
 web.return_rank <= 10
 or
 web.currency_rank <= 10
 )
 union
 select 
 'catalog' as channel
 ,catalog.item
 ,catalog.return_ratio
 ,catalog.return_rank
 ,catalog.currency_rank
 from (
 	select 
 	 item
 	,return_ratio
 	,currency_ratio
 	,rank() over (order by return_ratio) as return_rank
 	,rank() over (order by currency_ratio) as currency_rank
 	from
 	(	select 
 		cs.cs_item_sk as item
 		,(cast(sum(coalesce(cr.cr_return_quantity,0)) as decimal(15,4))/
 		cast(sum(coalesce(cs.cs_quantity,0)) as decimal(15,4) )) as return_ratio
 		,(cast(sum(coalesce(cr.cr_return_amount,0)) as decimal(15,4))/
 		cast(sum(coalesce(cs.cs_net_paid,0)) as decimal(15,4) )) as currency_ratio
 		from 
 		catalog_sales cs left outer join catalog_returns cr
 			on (cs.cs_order_number = cr.cr_order_number and 
 			cs.cs_item_sk = cr.cr_item_sk)
                ,date_dim
 		where 
 			cr.cr_return_amount > 10000 
 			and cs.cs_net_profit > 1
                         and cs.cs_net_paid > 0
                         and cs.cs_quantity > 0
                         and cs_sold_date_sk = d_date_sk
                         and d_year = 2000
                         and d_moy = 12
                 group by cs.cs_item_sk
 	) in_cat
 ) catalog
 where 
 (
 catalog.return_rank <= 10
 or
 catalog.currency_rank <=10
 )
 union
 select 
 'store' as channel
 ,store.item
 ,store.return_ratio
 ,store.return_rank
 ,store.currency_rank
 from (
 	select 
 	 item
 	,return_ratio
 	,currency_ratio
 	,rank() over (order by return_ratio) as return_rank
 	,rank() over (order by currency_ratio) as currency_rank
 	from
 	(	select sts.ss_item_sk as item
 		,(cast(sum(coalesce(sr.sr_return_quantity,0)) as decimal(15,4))/cast(sum(coalesce(sts.ss_quantity,0)) as decimal(15,4) )) as return_ratio
 		,(cast(sum(coalesce(sr.sr_return_amt,0)) as decimal(15,4))/cast(sum(coalesce(sts.ss_net_paid,0)) as decimal(15,4) )) as currency_ratio
 		from 
 		store_sales sts left outer join store_returns sr
 			on (sts.ss_ticket_number = sr.sr_ticket_number and sts.ss_item_sk = sr.sr_item_sk)
                ,date_dim
 		where 
 			sr.sr_return_amt > 10000 
 			and sts.ss_net_profit > 1
                         and sts.ss_net_paid > 0 
                         and sts.ss_quantity > 0
                         and ss_sold_date_sk = d_date_sk
                         and d_year = 2000
                         and d_moy = 12
 		group by sts.ss_item_sk
 	) in_store
 ) store
 where  (
 store.return_rank <= 10
 or 
 store.currency_rank <= 10
 )
 ) query49
 order by 1,4,5,2
 limit 100;
psql:/tmp/s1-basline/throughput/query_3.sql:4890: NOTICE:  duration: 112.116 ms  plan:
Query Text: select  channel, item, return_ratio, return_rank, currency_rank from
 (select
 'web' as channel
 ,web.item
 ,web.return_ratio
 ,web.return_rank
 ,web.currency_rank
 from (
 	select 
 	 item
 	,return_ratio
 	,currency_ratio
 	,rank() over (order by return_ratio) as return_rank
 	,rank() over (order by currency_ratio) as currency_rank
 	from
 	(	select ws.ws_item_sk as item
 		,(cast(sum(coalesce(wr.wr_return_quantity,0)) as decimal(15,4))/
 		cast(sum(coalesce(ws.ws_quantity,0)) as decimal(15,4) )) as return_ratio
 		,(cast(sum(coalesce(wr.wr_return_amt,0)) as decimal(15,4))/
 		cast(sum(coalesce(ws.ws_net_paid,0)) as decimal(15,4) )) as currency_ratio
 		from 
 		 web_sales ws left outer join web_returns wr 
 			on (ws.ws_order_number = wr.wr_order_number and 
 			ws.ws_item_sk = wr.wr_item_sk)
                 ,date_dim
 		where 
 			wr.wr_return_amt > 10000 
 			and ws.ws_net_profit > 1
                         and ws.ws_net_paid > 0
                         and ws.ws_quantity > 0
                         and ws_sold_date_sk = d_date_sk
                         and d_year = 2000
                         and d_moy = 12
 		group by ws.ws_item_sk
 	) in_web
 ) web
 where 
 (
 web.return_rank <= 10
 or
 web.currency_rank <= 10
 )
 union
 select 
 'catalog' as channel
 ,catalog.item
 ,catalog.return_ratio
 ,catalog.return_rank
 ,catalog.currency_rank
 from (
 	select 
 	 item
 	,return_ratio
 	,currency_ratio
 	,rank() over (order by return_ratio) as return_rank
 	,rank() over (order by currency_ratio) as currency_rank
 	from
 	(	select 
 		cs.cs_item_sk as item
 		,(cast(sum(coalesce(cr.cr_return_quantity,0)) as decimal(15,4))/
 		cast(sum(coalesce(cs.cs_quantity,0)) as decimal(15,4) )) as return_ratio
 		,(cast(sum(coalesce(cr.cr_return_amount,0)) as decimal(15,4))/
 		cast(sum(coalesce(cs.cs_net_paid,0)) as decimal(15,4) )) as currency_ratio
 		from 
 		catalog_sales cs left outer join catalog_returns cr
 			on (cs.cs_order_number = cr.cr_order_number and 
 			cs.cs_item_sk = cr.cr_item_sk)
                ,date_dim
 		where 
 			cr.cr_return_amount > 10000 
 			and cs.cs_net_profit > 1
                         and cs.cs_net_paid > 0
                         and cs.cs_quantity > 0
                         and cs_sold_date_sk = d_date_sk
                         and d_year = 2000
                         and d_moy = 12
                 group by cs.cs_item_sk
 	) in_cat
 ) catalog
 where 
 (
 catalog.return_rank <= 10
 or
 catalog.currency_rank <=10
 )
 union
 select 
 'store' as channel
 ,store.item
 ,store.return_ratio
 ,store.return_rank
 ,store.currency_rank
 from (
 	select 
 	 item
 	,return_ratio
 	,currency_ratio
 	,rank() over (order by return_ratio) as return_rank
 	,rank() over (order by currency_ratio) as currency_rank
 	from
 	(	select sts.ss_item_sk as item
 		,(cast(sum(coalesce(sr.sr_return_quantity,0)) as decimal(15,4))/cast(sum(coalesce(sts.ss_quantity,0)) as decimal(15,4) )) as return_ratio
 		,(cast(sum(coalesce(sr.sr_return_amt,0)) as decimal(15,4))/cast(sum(coalesce(sts.ss_net_paid,0)) as decimal(15,4) )) as currency_ratio
 		from 
 		store_sales sts left outer join store_returns sr
 			on (sts.ss_ticket_number = sr.sr_ticket_number and sts.ss_item_sk = sr.sr_item_sk)
                ,date_dim
 		where 
 			sr.sr_return_amt > 10000 
 			and sts.ss_net_profit > 1
                         and sts.ss_net_paid > 0 
                         and sts.ss_quantity > 0
                         and ss_sold_date_sk = d_date_sk
                         and d_year = 2000
                         and d_moy = 12
 		group by sts.ss_item_sk
 	) in_store
 ) store
 where  (
 store.return_rank <= 10
 or 
 store.currency_rank <= 10
 )
 ) query49
 order by 1,4,5,2
 limit 100;
Limit  (cost=22634.64..22634.65 rows=3 width=88) (actual time=112.079..112.096 rows=30 loops=1)
  ->  Sort  (cost=22634.64..22634.65 rows=3 width=88) (actual time=112.079..112.093 rows=30 loops=1)
        Sort Key: ('web'::text), web.return_rank, web.currency_rank, web.item
        Sort Method: quicksort  Memory: 27kB
        ->  HashAggregate  (cost=22634.56..22634.59 rows=3 width=88) (actual time=112.052..112.070 rows=30 loops=1)
              Group Key: ('web'::text), web.item, web.return_ratio, web.return_rank, web.currency_rank
              Batches: 1  Memory Usage: 32kB
              ->  Append  (cost=4434.66..22634.52 rows=3 width=88) (actual time=14.419..112.040 rows=30 loops=1)
                    ->  Subquery Scan on web  (cost=4434.66..4434.69 rows=1 width=88) (actual time=14.418..14.433 rows=11 loops=1)
                          Filter: ((web.return_rank <= 10) OR (web.currency_rank <= 10))
                          Rows Removed by Filter: 1
                          ->  WindowAgg  (cost=4434.66..4434.68 rows=1 width=88) (actual time=14.417..14.429 rows=12 loops=1)
                                ->  Sort  (cost=4434.66..4434.66 rows=1 width=80) (actual time=14.414..14.419 rows=12 loops=1)
                                      Sort Key: in_web.return_ratio
                                      Sort Method: quicksort  Memory: 25kB
                                      ->  WindowAgg  (cost=4434.63..4434.65 rows=1 width=80) (actual time=14.398..14.411 rows=12 loops=1)
                                            ->  Sort  (cost=4434.63..4434.63 rows=1 width=72) (actual time=14.391..14.395 rows=12 loops=1)
                                                  Sort Key: in_web.currency_ratio
                                                  Sort Method: quicksort  Memory: 25kB
                                                  ->  Subquery Scan on in_web  (cost=4434.56..4434.62 rows=1 width=72) (actual time=14.354..14.387 rows=12 loops=1)
                                                        ->  GroupAggregate  (cost=4434.56..4434.61 rows=1 width=72) (actual time=14.353..14.385 rows=12 loops=1)
                                                              Group Key: ws.ws_item_sk
                                                              ->  Sort  (cost=4434.56..4434.56 rows=1 width=32) (actual time=14.333..14.336 rows=12 loops=1)
                                                                    Sort Key: ws.ws_item_sk
                                                                    Sort Method: quicksort  Memory: 25kB
                                                                    ->  Nested Loop  (cost=0.72..4434.55 rows=1 width=32) (actual time=0.320..14.327 rows=12 loops=1)
                                                                          ->  Nested Loop  (cost=0.42..4434.22 rows=1 width=40) (actual time=0.030..13.468 rows=545 loops=1)
                                                                                ->  Seq Scan on web_returns wr  (cost=0.00..2789.69 rows=654 width=28) (actual time=0.020..10.929 rows=601 loops=1)
                                                                                      Filter: (wr_return_amt > '10000'::double precision)
                                                                                      Rows Removed by Filter: 71214
                                                                                ->  Index Scan using pk_web_sales on web_sales ws  (cost=0.42..2.51 rows=1 width=36) (actual time=0.004..0.004 rows=1 loops=601)
                                                                                      Index Cond: ((ws_item_sk = wr.wr_item_sk) AND (ws_order_number = wr.wr_order_number))
                                                                                      Filter: ((ws_net_profit > '1'::double precision) AND (ws_net_paid > '0'::double precision) AND (ws_quantity > 0))
                                                                                      Rows Removed by Filter: 0
                                                                          ->  Index Scan using pk_date_dim on date_dim  (cost=0.29..0.32 rows=1 width=8) (actual time=0.001..0.001 rows=0 loops=545)
                                                                                Index Cond: (d_date_sk = ws.ws_sold_date_sk)
                                                                                Filter: ((d_year = 2000) AND (d_moy = 12))
                                                                                Rows Removed by Filter: 1
                    ->  Subquery Scan on catalog  (cost=4334.64..4334.67 rows=1 width=88) (actual time=56.125..56.167 rows=12 loops=1)
                          Filter: ((catalog.return_rank <= 10) OR (catalog.currency_rank <= 10))
                          Rows Removed by Filter: 42
                          ->  WindowAgg  (cost=4334.64..4334.66 rows=1 width=88) (actual time=56.124..56.162 rows=54 loops=1)
                                ->  Sort  (cost=4334.64..4334.64 rows=1 width=80) (actual time=56.121..56.126 rows=54 loops=1)
                                      Sort Key: in_cat.return_ratio
                                      Sort Method: quicksort  Memory: 29kB
                                      ->  WindowAgg  (cost=4334.61..4334.63 rows=1 width=80) (actual time=56.067..56.106 rows=54 loops=1)
                                            ->  Sort  (cost=4334.61..4334.61 rows=1 width=72) (actual time=56.060..56.065 rows=54 loops=1)
                                                  Sort Key: in_cat.currency_ratio
                                                  Sort Method: quicksort  Memory: 29kB
                                                  ->  Subquery Scan on in_cat  (cost=4334.54..4334.60 rows=1 width=72) (actual time=55.909..56.045 rows=54 loops=1)
                                                        ->  GroupAggregate  (cost=4334.54..4334.59 rows=1 width=72) (actual time=55.909..56.039 rows=54 loops=1)
                                                              Group Key: cs.cs_item_sk
                                                              ->  Sort  (cost=4334.54..4334.54 rows=1 width=32) (actual time=55.887..55.891 rows=54 loops=1)
                                                                    Sort Key: cs.cs_item_sk
                                                                    Sort Method: quicksort  Memory: 28kB
                                                                    ->  Nested Loop  (cost=0.85..4334.53 rows=1 width=32) (actual time=4.305..55.871 rows=54 loops=1)
                                                                          ->  Nested Loop  (cost=0.43..4228.74 rows=234 width=28) (actual time=4.280..27.135 rows=18915 loops=1)
                                                                                ->  Seq Scan on date_dim date_dim_1  (cost=0.00..2500.73 rows=31 width=8) (actual time=4.260..8.875 rows=31 loops=1)
                                                                                      Filter: ((d_year = 2000) AND (d_moy = 12))
                                                                                      Rows Removed by Filter: 73018
                                                                                ->  Index Scan using i_cs_sold_date_sk on catalog_sales cs  (cost=0.43..52.73 rows=301 width=36) (actual time=0.006..0.540 rows=610 loops=31)
                                                                                      Index Cond: (cs_sold_date_sk = date_dim_1.d_date_sk)
                                                                                      Filter: ((cs_net_profit > '1'::double precision) AND (cs_net_paid > '0'::double precision) AND (cs_quantity > 0))
                                                                                      Rows Removed by Filter: 951
                                                                          ->  Index Scan using pk_catalog_returns on catalog_returns cr  (cost=0.42..0.45 rows=1 width=28) (actual time=0.001..0.001 rows=0 loops=18915)
                                                                                Index Cond: ((cr_item_sk = cs.cs_item_sk) AND (cr_order_number = cs.cs_order_number))
                                                                                Filter: (cr_return_amount > '10000'::double precision)
                                                                                Rows Removed by Filter: 0
                    ->  Subquery Scan on store  (cost=13865.07..13865.11 rows=1 width=88) (actual time=41.427..41.435 rows=7 loops=1)
                          Filter: ((store.return_rank <= 10) OR (store.currency_rank <= 10))
                          ->  WindowAgg  (cost=13865.07..13865.09 rows=1 width=88) (actual time=41.426..41.432 rows=7 loops=1)
                                ->  Sort  (cost=13865.07..13865.08 rows=1 width=80) (actual time=41.423..41.425 rows=7 loops=1)
                                      Sort Key: in_store.return_ratio
                                      Sort Method: quicksort  Memory: 25kB
                                      ->  WindowAgg  (cost=13865.04..13865.06 rows=1 width=80) (actual time=41.409..41.417 rows=7 loops=1)
                                            ->  Sort  (cost=13865.04..13865.05 rows=1 width=72) (actual time=41.402..41.404 rows=7 loops=1)
                                                  Sort Key: in_store.currency_ratio
                                                  Sort Method: quicksort  Memory: 25kB
                                                  ->  Subquery Scan on in_store  (cost=13864.97..13865.03 rows=1 width=72) (actual time=41.380..41.398 rows=7 loops=1)
                                                        ->  GroupAggregate  (cost=13864.97..13865.02 rows=1 width=72) (actual time=41.380..41.397 rows=7 loops=1)
                                                              Group Key: sts.ss_item_sk
                                                              ->  Sort  (cost=13864.97..13864.98 rows=1 width=32) (actual time=41.360..41.361 rows=7 loops=1)
                                                                    Sort Key: sts.ss_item_sk
                                                                    Sort Method: quicksort  Memory: 25kB
                                                                    ->  Nested Loop  (cost=0.72..13864.96 rows=1 width=32) (actual time=1.918..41.352 rows=7 loops=1)
                                                                          ->  Nested Loop  (cost=0.43..13864.64 rows=1 width=40) (actual time=0.108..40.739 rows=348 loops=1)
                                                                                ->  Seq Scan on store_returns sr  (cost=0.00..10111.65 rows=1459 width=28) (actual time=0.096..38.553 rows=441 loops=1)
                                                                                      Filter: (sr_return_amt > '10000'::double precision)
                                                                                      Rows Removed by Filter: 286731
                                                                                ->  Index Scan using pk_store_sales on store_sales sts  (cost=0.43..2.57 rows=1 width=36) (actual time=0.005..0.005 rows=1 loops=441)
                                                                                      Index Cond: ((ss_item_sk = sr.sr_item_sk) AND (ss_ticket_number = sr.sr_ticket_number))
                                                                                      Filter: ((ss_net_profit > '1'::double precision) AND (ss_net_paid > '0'::double precision) AND (ss_quantity > 0))
                                                                                      Rows Removed by Filter: 0
                                                                          ->  Index Scan using pk_date_dim on date_dim date_dim_2  (cost=0.29..0.32 rows=1 width=8) (actual time=0.002..0.002 rows=0 loops=348)
                                                                                Index Cond: (d_date_sk = sts.ss_sold_date_sk)
                                                                                Filter: ((d_year = 2000) AND (d_moy = 12))
                                                                                Rows Removed by Filter: 1
 channel | item  |      return_ratio      | return_rank | currency_rank 
---------+-------+------------------------+-------------+---------------
 catalog |  3829 | 0.46236559139784946237 |           1 |             1
 catalog | 16622 | 0.49425287356321839080 |           2 |             2
 catalog | 17515 | 0.49494949494949494949 |           3 |             3
 catalog | 11975 | 0.55670103092783505155 |           4 |             4
 catalog |  6451 | 0.57731958762886597938 |           5 |            53
 catalog | 12553 | 0.60606060606060606061 |           6 |             5
 catalog |  5203 | 0.64130434782608695652 |           7 |             6
 catalog | 14947 | 0.64367816091954022989 |           8 |             7
 catalog | 12404 | 0.70731707317073170732 |           9 |            32
 catalog | 15985 | 0.72222222222222222222 |          10 |             8
 catalog |  9497 | 0.73033707865168539326 |          11 |             9
 catalog | 13609 | 0.78125000000000000000 |          12 |            10
 store   | 12197 | 0.73913043478260869565 |           1 |             1
 store   | 10729 | 0.83157894736842105263 |           2 |             2
 store   | 14125 | 0.85714285714285714286 |           3 |             3
 store   | 10067 | 0.90909090909090909091 |           4 |             4
 store   |  6443 | 0.94565217391304347826 |           5 |             5
 store   |  3391 | 0.98837209302325581395 |           6 |             6
 store   |  5984 | 1.00000000000000000000 |           7 |             7
 web     |  1676 | 0.68478260869565217391 |           1 |             1
 web     |  5707 | 0.72000000000000000000 |           2 |            12
 web     | 13859 | 0.72972972972972972973 |           3 |             2
 web     |  7403 | 0.78461538461538461538 |           4 |             3
 web     |  9427 | 0.80434782608695652174 |           5 |             4
 web     |  3497 | 0.81250000000000000000 |           6 |             5
 web     |   145 | 0.89473684210526315789 |           7 |             6
 web     |  6467 | 0.94827586206896551724 |           8 |             7
 web     | 11981 | 0.95000000000000000000 |           9 |             8
 web     |   572 | 0.95505617977528089888 |          10 |             9
 web     |  1913 | 0.95588235294117647059 |          11 |            10
(30 rows)

UPDATE time_statistics SET e_time = TRANSACTION_TIMESTAMP() WHERE template = '../query_postgresql/query49.tpl' AND stream = 3;
psql:/tmp/s1-basline/throughput/query_3.sql:4892: NOTICE:  duration: 0.066 ms  plan:
Query Text: UPDATE time_statistics SET e_time = TRANSACTION_TIMESTAMP() WHERE template = '../query_postgresql/query49.tpl' AND stream = 3;
Update on time_statistics  (cost=0.00..12.86 rows=0 width=0) (actual time=0.066..0.066 rows=0 loops=1)
  ->  Seq Scan on time_statistics  (cost=0.00..12.86 rows=1 width=14) (actual time=0.050..0.051 rows=1 loops=1)
        Filter: ((template = '../query_postgresql/query49.tpl'::text) AND (stream = 3))
        Rows Removed by Filter: 387
UPDATE 1
